<?xml version="1.0" encoding="UTF-8"?>
<testsuites tests="15" failures="10" errors="10" skipped="0">
  <testsuite timestamp="2025-05-31T17:56:49" time="916.846" tests="9" failures="5" errors="5" skipped="0">
    <properties>
      <property name="specId" value="0"/>
      <property name="suiteName" value="Tests for Mass State Change on Manage States &amp; Performances US104416 US"/>
      <property name="capabilities" value="chrome.136_0_7103_93.windows"/>
      <property name="file" value="file:///D:/a/1/s/test/specs/HTR/create-mass-state-change.spec.js"/>
    </properties>
    <testcase classname="chrome.136_0_7103_93.windows.Tests_for_Mass_State_Change_on_Manage_States_&amp;_Performances_US104416_US" name="Prereq Should create a new yard used for all following tests" time="133.77">
      <system-out><![CDATA[
COMMAND: POST /session/3cebd188cade8bc69ea066f8aad5f3e7/window/fullscreen - {}
RESULT: {}
COMMAND: POST /session/3cebd188cade8bc69ea066f8aad5f3e7/execute/async - {"script":"<script> [1562 bytes]","args":[{"selector":{"controlType":"sap.m.GenericTile","properties":{"header":"Manage Yards"}},"wdio_ui5_key":"sapm.GenericTile{\"header\":\"Manage Yards\"}"}]}
RESULT: {"script":"<script> [1562 bytes]","args":[{"selector":{"controlType":"sap.m.GenericTile","properties":{"header":"Manage Yards"}},"wdio_ui5_key":"sapm.GenericTile{\"header\":\"Manage Yards\"}"}]}
RESULT: undefined
COMMAND: POST /session/3cebd188cade8bc69ea066f8aad5f3e7/element - {"using":"xpath","value":"//*[@id=\"__tile41\"]"}
RESULT: {"using":"xpath","value":"//*[@id=\"__tile41\"]"}
COMMAND: POST /session/3cebd188cade8bc69ea066f8aad5f3e7/element/f.D8146A0945362D622A49705032EBB55A.d.DCFE9D24C54DD53D98F0A2C86D88F1C4.e.163/click - {}
RESULT: {}
COMMAND: GET /session/3cebd188cade8bc69ea066f8aad5f3e7/screenshot - {}
RESULT: {}
COMMAND: POST /session/3cebd188cade8bc69ea066f8aad5f3e7/elements - {"using":"xpath","value":"//span[text()='Error']"}
RESULT: {"using":"xpath","value":"//span[text()='Error']"}
COMMAND: POST /session/3cebd188cade8bc69ea066f8aad5f3e7/element - {"using":"xpath","value":"//button[@data-kt=\"addNewYardOverflowToolbarButton\"]"}
RESULT: {"using":"xpath","value":"//button[@data-kt=\"addNewYardOverflowToolbarButton\"]"}
COMMAND: POST /session/3cebd188cade8bc69ea066f8aad5f3e7/elements - {"using":"xpath","value":"//button[@data-kt=\"addNewYardOverflowToolbarButton\"]"}
RESULT: {"using":"xpath","value":"//button[@data-kt=\"addNewYardOverflowToolbarButton\"]"}
COMMAND: POST /session/3cebd188cade8bc69ea066f8aad5f3e7/elements - {"using":"xpath","value":"//button[@data-kt=\"addNewYardOverflowToolbarButton\"]"}
RESULT: {"using":"xpath","value":"//button[@data-kt=\"addNewYardOverflowToolbarButton\"]"}
COMMAND: POST /session/3cebd188cade8bc69ea066f8aad5f3e7/elements - {"using":"xpath","value":"//button[@data-kt=\"addNewYardOverflowToolbarButton\"]"}
RESULT: {"using":"xpath","value":"//button[@data-kt=\"addNewYardOverflowToolbarButton\"]"}
COMMAND: POST /session/3cebd188cade8bc69ea066f8aad5f3e7/elements - {"using":"xpath","value":"//button[@data-kt=\"addNewYardOverflowToolbarButton\"]"}
RESULT: {"using":"xpath","value":"//button[@data-kt=\"addNewYardOverflowToolbarButton\"]"}
COMMAND: POST /session/3cebd188cade8bc69ea066f8aad5f3e7/elements - {"using":"xpath","value":"//button[@data-kt=\"addNewYardOverflowToolbarButton\"]"}
RESULT: {"using":"xpath","value":"//button[@data-kt=\"addNewYardOverflowToolbarButton\"]"}
COMMAND: POST /session/3cebd188cade8bc69ea066f8aad5f3e7/elements - {"using":"xpath","value":"//button[@data-kt=\"addNewYardOverflowToolbarButton\"]"}
RESULT: {"using":"xpath","value":"//button[@data-kt=\"addNewYardOverflowToolbarButton\"]"}
COMMAND: POST /session/3cebd188cade8bc69ea066f8aad5f3e7/element - {"using":"xpath","value":"//button[@data-kt=\"addNewYardOverflowToolbarButton\"]"}
RESULT: {"using":"xpath","value":"//button[@data-kt=\"addNewYardOverflowToolbarButton\"]"}
COMMAND: POST /session/3cebd188cade8bc69ea066f8aad5f3e7/execute/sync - {"script":"<script> [8489 bytes]","args":[{"element-6066-11e4-a52e-4f735466cecf":"f.D8146A0945362D622A49705032EBB55A.d.DCFE9D24C54DD53D98F0A2C86D88F1C4.e.292","ELEMENT":"f.D8146A0945362D622A49705032EBB55A.d.DCFE9D24C54DD53D98F0A2C86D88F1C4.e.292"}]}
RESULT: {"script":"<script> [8489 bytes]","args":[{"element-6066-11e4-a52e-4f735466cecf":"f.D8146A0945362D622A49705032EBB55A.d.DCFE9D24C54DD53D98F0A2C86D88F1C4.e.292","ELEMENT":"f.D8146A0945362D622A49705032EBB55A.d.DCFE9D24C54DD53D98F0A2C86D88F1C4.e.292"}]}
COMMAND: GET /session/3cebd188cade8bc69ea066f8aad5f3e7/element/f.D8146A0945362D622A49705032EBB55A.d.DCFE9D24C54DD53D98F0A2C86D88F1C4.e.292/enabled - {}
COMMAND: GET /session/3cebd188cade8bc69ea066f8aad5f3e7/screenshot - {}
RESULT: {}
COMMAND: POST /session/3cebd188cade8bc69ea066f8aad5f3e7/execute/sync - {"script":"<script> [8489 bytes]","args":[{"element-6066-11e4-a52e-4f735466cecf":"f.D8146A0945362D622A49705032EBB55A.d.DCFE9D24C54DD53D98F0A2C86D88F1C4.e.292","ELEMENT":"f.D8146A0945362D622A49705032EBB55A.d.DCFE9D24C54DD53D98F0A2C86D88F1C4.e.292"}]}
COMMAND: GET /session/3cebd188cade8bc69ea066f8aad5f3e7/screenshot - {}
RESULT: {}
RESULT: {"script":"<script> [8489 bytes]","args":[{"element-6066-11e4-a52e-4f735466cecf":"f.D8146A0945362D622A49705032EBB55A.d.DCFE9D24C54DD53D98F0A2C86D88F1C4.e.292","ELEMENT":"f.D8146A0945362D622A49705032EBB55A.d.DCFE9D24C54DD53D98F0A2C86D88F1C4.e.292"}]}
COMMAND: POST /session/3cebd188cade8bc69ea066f8aad5f3e7/execute/sync - {"script":"<script> [5351 bytes]","args":[{"element-6066-11e4-a52e-4f735466cecf":"f.D8146A0945362D622A49705032EBB55A.d.DCFE9D24C54DD53D98F0A2C86D88F1C4.e.292","ELEMENT":"f.D8146A0945362D622A49705032EBB55A.d.DCFE9D24C54DD53D98F0A2C86D88F1C4.e.292"}]}
COMMAND: GET /session/3cebd188cade8bc69ea066f8aad5f3e7/screenshot - {}
RESULT: {}
RESULT: {"script":"<script> [5351 bytes]","args":[{"element-6066-11e4-a52e-4f735466cecf":"f.D8146A0945362D622A49705032EBB55A.d.DCFE9D24C54DD53D98F0A2C86D88F1C4.e.292","ELEMENT":"f.D8146A0945362D622A49705032EBB55A.d.DCFE9D24C54DD53D98F0A2C86D88F1C4.e.292"}]}
COMMAND: POST /session/3cebd188cade8bc69ea066f8aad5f3e7/element/f.D8146A0945362D622A49705032EBB55A.d.DCFE9D24C54DD53D98F0A2C86D88F1C4.e.292/click - {}
COMMAND: GET /session/3cebd188cade8bc69ea066f8aad5f3e7/screenshot - {}
RESULT: {}
RESULT: {}
COMMAND: GET /session/3cebd188cade8bc69ea066f8aad5f3e7/screenshot - {}
RESULT: {}
RESULT: {}
COMMAND: POST /session/3cebd188cade8bc69ea066f8aad5f3e7/element - {"using":"xpath","value":"//input[@id=\"application-manageyards-display-component---NewYard--yardId-inner\"]"}
RESULT: {"using":"xpath","value":"//input[@id=\"application-manageyards-display-component---NewYard--yardId-inner\"]"}
COMMAND: POST /session/3cebd188cade8bc69ea066f8aad5f3e7/element - {"using":"xpath","value":"//input[@id=\"application-manageyards-display-component---NewYard--yardId-inner\"]"}
RESULT: {"using":"xpath","value":"//input[@id=\"application-manageyards-display-component---NewYard--yardId-inner\"]"}
COMMAND: POST /session/3cebd188cade8bc69ea066f8aad5f3e7/execute/async - {"script":"<script> [1562 bytes]","args":[{"selector":{"id":"application-manageyards-display-component---NewYard--addressDetailDetailsName1","interaction":{"idSuffix":"inner"}},"wdio_ui5_key":"applicationmanageyards-display-component---NewYard--addressDetailDetailsName1"}]}
RESULT: {"script":"<script> [1562 bytes]","args":[{"selector":{"id":"application-manageyards-display-component---NewYard--addressDetailDetailsName1","interaction":{"idSuffix":"inner"}},"wdio_ui5_key":"applicationmanageyards-display-component---NewYard--addressDetailDetailsName1"}]}
RESULT: undefined
COMMAND: POST /session/3cebd188cade8bc69ea066f8aad5f3e7/execute/async - {"script":"<script> [776 bytes]","args":[{"enterText":"Other Yard WDIO","selector":{"id":"application-manageyards-display-component---NewYard--addressDetailDetailsName1","interaction":{"idSuffix":"inner"}},"clearTextFirst":true,"interactionType":"ENTER_TEXT"}]}
RESULT: {"script":"<script> [776 bytes]","args":[{"enterText":"Other Yard WDIO","selector":{"id":"application-manageyards-display-component---NewYard--addressDetailDetailsName1","interaction":{"idSuffix":"inner"}},"clearTextFirst":true,"interactionType":"ENTER_TEXT"}]}
COMMAND: POST /session/3cebd188cade8bc69ea066f8aad5f3e7/execute/async - {"script":"<script> [1562 bytes]","args":[{"selector":{"id":"application-manageyards-display-component---NewYard--addressDetailDetailsLanguage-arrow"},"wdio_ui5_key":"applicationmanageyards-display-component---NewYard--addressDetailDetailsLanguage-arrow"}]}
RESULT: {"script":"<script> [1562 bytes]","args":[{"selector":{"id":"application-manageyards-display-component---NewYard--addressDetailDetailsLanguage-arrow"},"wdio_ui5_key":"applicationmanageyards-display-component---NewYard--addressDetailDetailsLanguage-arrow"}]}
RESULT: undefined
COMMAND: POST /session/3cebd188cade8bc69ea066f8aad5f3e7/element - {"using":"xpath","value":"//*[@id=\"application-manageyards-display-component---NewYard--addressDetailDetailsLanguage-arrow\"]"}
RESULT: {"using":"xpath","value":"//*[@id=\"application-manageyards-display-component---NewYard--addressDetailDetailsLanguage-arrow\"]"}
COMMAND: POST /session/3cebd188cade8bc69ea066f8aad5f3e7/element/f.D8146A0945362D622A49705032EBB55A.d.DCFE9D24C54DD53D98F0A2C86D88F1C4.e.729/click - {}
RESULT: {}
COMMAND: POST /session/3cebd188cade8bc69ea066f8aad5f3e7/element - {"using":"xpath","value":"//span[contains(text(), \"English\")]"}
COMMAND: GET /session/3cebd188cade8bc69ea066f8aad5f3e7/screenshot - {}
RESULT: {"using":"xpath","value":"//span[contains(text(), \"English\")]"}
COMMAND: POST /session/3cebd188cade8bc69ea066f8aad5f3e7/element/f.D8146A0945362D622A49705032EBB55A.d.DCFE9D24C54DD53D98F0A2C86D88F1C4.e.730/click - {}
RESULT: {}
RESULT: {}
COMMAND: POST /session/3cebd188cade8bc69ea066f8aad5f3e7/execute/async - {"script":"<script> [1562 bytes]","args":[{"selector":{"id":"application-manageyards-display-component---NewYard--addressDetailDetailsCity1","interaction":{"idSuffix":"inner"}},"wdio_ui5_key":"applicationmanageyards-display-component---NewYard--addressDetailDetailsCity1"}]}
COMMAND: GET /session/3cebd188cade8bc69ea066f8aad5f3e7/screenshot - {}
RESULT: {"script":"<script> [1562 bytes]","args":[{"selector":{"id":"application-manageyards-display-component---NewYard--addressDetailDetailsCity1","interaction":{"idSuffix":"inner"}},"wdio_ui5_key":"applicationmanageyards-display-component---NewYard--addressDetailDetailsCity1"}]}
RESULT: undefined
COMMAND: POST /session/3cebd188cade8bc69ea066f8aad5f3e7/execute/async - {"script":"<script> [776 bytes]","args":[{"enterText":"Rosario","selector":{"id":"application-manageyards-display-component---NewYard--addressDetailDetailsCity1","interaction":{"idSuffix":"inner"}},"clearTextFirst":true,"interactionType":"ENTER_TEXT"}]}
RESULT: {}
RESULT: {"script":"<script> [776 bytes]","args":[{"enterText":"Rosario","selector":{"id":"application-manageyards-display-component---NewYard--addressDetailDetailsCity1","interaction":{"idSuffix":"inner"}},"clearTextFirst":true,"interactionType":"ENTER_TEXT"}]}
COMMAND: POST /session/3cebd188cade8bc69ea066f8aad5f3e7/execute/async - {"script":"<script> [1562 bytes]","args":[{"selector":{"id":"application-manageyards-display-component---NewYard--addressDetailDetailsCountry-arrow"},"wdio_ui5_key":"applicationmanageyards-display-component---NewYard--addressDetailDetailsCountry-arrow"}]}
RESULT: {"script":"<script> [1562 bytes]","args":[{"selector":{"id":"application-manageyards-display-component---NewYard--addressDetailDetailsCountry-arrow"},"wdio_ui5_key":"applicationmanageyards-display-component---NewYard--addressDetailDetailsCountry-arrow"}]}
RESULT: undefined
COMMAND: POST /session/3cebd188cade8bc69ea066f8aad5f3e7/element - {"using":"xpath","value":"//*[@id=\"application-manageyards-display-component---NewYard--addressDetailDetailsCountry-arrow\"]"}
RESULT: {"using":"xpath","value":"//*[@id=\"application-manageyards-display-component---NewYard--addressDetailDetailsCountry-arrow\"]"}
COMMAND: POST /session/3cebd188cade8bc69ea066f8aad5f3e7/element/f.D8146A0945362D622A49705032EBB55A.d.DCFE9D24C54DD53D98F0A2C86D88F1C4.e.732/click - {}
RESULT: {}
COMMAND: POST /session/3cebd188cade8bc69ea066f8aad5f3e7/element - {"using":"xpath","value":"//span[contains(text(), \"Argentina\")]"}
COMMAND: GET /session/3cebd188cade8bc69ea066f8aad5f3e7/screenshot - {}
RESULT: {"using":"xpath","value":"//span[contains(text(), \"Argentina\")]"}
COMMAND: POST /session/3cebd188cade8bc69ea066f8aad5f3e7/element/f.D8146A0945362D622A49705032EBB55A.d.DCFE9D24C54DD53D98F0A2C86D88F1C4.e.733/click - {}
RESULT: {}
RESULT: {}
COMMAND: POST /session/3cebd188cade8bc69ea066f8aad5f3e7/execute/async - {"script":"<script> [1562 bytes]","args":[{"selector":{"id":"application-manageyards-display-component---NewYard--addressEditDetailsCostObjectCstType-arrow"},"wdio_ui5_key":"applicationmanageyards-display-component---NewYard--addressEditDetailsCostObjectCstType-arrow"}]}
COMMAND: GET /session/3cebd188cade8bc69ea066f8aad5f3e7/screenshot - {}
RESULT: {"script":"<script> [1562 bytes]","args":[{"selector":{"id":"application-manageyards-display-component---NewYard--addressEditDetailsCostObjectCstType-arrow"},"wdio_ui5_key":"applicationmanageyards-display-component---NewYard--addressEditDetailsCostObjectCstType-arrow"}]}
RESULT: undefined
COMMAND: POST /session/3cebd188cade8bc69ea066f8aad5f3e7/element - {"using":"xpath","value":"//*[@id=\"application-manageyards-display-component---NewYard--addressEditDetailsCostObjectCstType-arrow\"]"}
RESULT: {}
RESULT: {"using":"xpath","value":"//*[@id=\"application-manageyards-display-component---NewYard--addressEditDetailsCostObjectCstType-arrow\"]"}
COMMAND: POST /session/3cebd188cade8bc69ea066f8aad5f3e7/element/f.D8146A0945362D622A49705032EBB55A.d.DCFE9D24C54DD53D98F0A2C86D88F1C4.e.735/click - {}
RESULT: {}
COMMAND: POST /session/3cebd188cade8bc69ea066f8aad5f3e7/element - {"using":"xpath","value":"//span[contains(text(), \"Cost Center\")]"}
COMMAND: GET /session/3cebd188cade8bc69ea066f8aad5f3e7/screenshot - {}
RESULT: {"using":"xpath","value":"//span[contains(text(), \"Cost Center\")]"}
COMMAND: POST /session/3cebd188cade8bc69ea066f8aad5f3e7/element/f.D8146A0945362D622A49705032EBB55A.d.DCFE9D24C54DD53D98F0A2C86D88F1C4.e.736/click - {}
RESULT: {}
RESULT: {}
COMMAND: GET /session/3cebd188cade8bc69ea066f8aad5f3e7/screenshot - {}
RESULT: {}
COMMAND: POST /session/3cebd188cade8bc69ea066f8aad5f3e7/element - {"using":"xpath","value":"//span[@id=\"application-manageyards-display-component---NewYard--addressNewCostObjectCstID-vhi\"]"}
RESULT: {"using":"xpath","value":"//span[@id=\"application-manageyards-display-component---NewYard--addressNewCostObjectCstID-vhi\"]"}
COMMAND: POST /session/3cebd188cade8bc69ea066f8aad5f3e7/execute/sync - {"script":"<script> [8489 bytes]","args":[{"element-6066-11e4-a52e-4f735466cecf":"f.D8146A0945362D622A49705032EBB55A.d.DCFE9D24C54DD53D98F0A2C86D88F1C4.e.740","ELEMENT":"f.D8146A0945362D622A49705032EBB55A.d.DCFE9D24C54DD53D98F0A2C86D88F1C4.e.740"}]}
RESULT: {"script":"<script> [8489 bytes]","args":[{"element-6066-11e4-a52e-4f735466cecf":"f.D8146A0945362D622A49705032EBB55A.d.DCFE9D24C54DD53D98F0A2C86D88F1C4.e.740","ELEMENT":"f.D8146A0945362D622A49705032EBB55A.d.DCFE9D24C54DD53D98F0A2C86D88F1C4.e.740"}]}
COMMAND: POST /session/3cebd188cade8bc69ea066f8aad5f3e7/execute/async - {"script":"<script> [1562 bytes]","args":[{"selector":{"id":"application-manageyards-display-component---NewYard--addressNewCostObjectCstID-vhi"},"wdio_ui5_key":"applicationmanageyards-display-component---NewYard--addressNewCostObjectCstID-vhi"}]}
COMMAND: GET /session/3cebd188cade8bc69ea066f8aad5f3e7/screenshot - {}
RESULT: {"script":"<script> [1562 bytes]","args":[{"selector":{"id":"application-manageyards-display-component---NewYard--addressNewCostObjectCstID-vhi"},"wdio_ui5_key":"applicationmanageyards-display-component---NewYard--addressNewCostObjectCstID-vhi"}]}
RESULT: undefined
COMMAND: POST /session/3cebd188cade8bc69ea066f8aad5f3e7/element - {"using":"xpath","value":"//*[@id=\"application-manageyards-display-component---NewYard--addressNewCostObjectCstID-vhi\"]"}
RESULT: {}
RESULT: {"using":"xpath","value":"//*[@id=\"application-manageyards-display-component---NewYard--addressNewCostObjectCstID-vhi\"]"}
COMMAND: POST /session/3cebd188cade8bc69ea066f8aad5f3e7/element/f.D8146A0945362D622A49705032EBB55A.d.DCFE9D24C54DD53D98F0A2C86D88F1C4.e.740/click - {}
RESULT: {}
COMMAND: GET /session/3cebd188cade8bc69ea066f8aad5f3e7/screenshot - {}
RESULT: {}
COMMAND: POST /session/3cebd188cade8bc69ea066f8aad5f3e7/execute/async - {"script":"<script> [1562 bytes]","args":[{"selector":{"controlType":"sap.m.SearchField","properties":{"placeholder":"Search"},"searchOpenDialogs":true,"interaction":{"idSuffix":"I"}},"wdio_ui5_key":"sapm.SearchField{\"placeholder\":\"Search\"}"}]}
RESULT: {"script":"<script> [1562 bytes]","args":[{"selector":{"controlType":"sap.m.SearchField","properties":{"placeholder":"Search"},"searchOpenDialogs":true,"interaction":{"idSuffix":"I"}},"wdio_ui5_key":"sapm.SearchField{\"placeholder\":\"Search\"}"}]}
RESULT: undefined
COMMAND: POST /session/3cebd188cade8bc69ea066f8aad5f3e7/execute/async - {"script":"<script> [776 bytes]","args":[{"enterText":"bauh_b","selector":{"controlType":"sap.m.SearchField","properties":{"placeholder":"Search"},"searchOpenDialogs":true,"interaction":{"idSuffix":"I"}},"clearTextFirst":true,"interactionType":"ENTER_TEXT"}]}
RESULT: {"script":"<script> [776 bytes]","args":[{"enterText":"bauh_b","selector":{"controlType":"sap.m.SearchField","properties":{"placeholder":"Search"},"searchOpenDialogs":true,"interaction":{"idSuffix":"I"}},"clearTextFirst":true,"interactionType":"ENTER_TEXT"}]}
COMMAND: POST /session/3cebd188cade8bc69ea066f8aad5f3e7/actions - {"actions":[{"id":"action1","type":"key","parameters":{},"actions":[{"type":"keyDown","value":""},{"type":"pause","duration":10},{"type":"keyUp","value":""}]}]}
RESULT: {"actions":[{"id":"action1","type":"key","parameters":{},"actions":[{"type":"keyDown","value":""},{"type":"pause","duration":10},{"type":"keyUp","value":""}]}]}
COMMAND: GET /session/3cebd188cade8bc69ea066f8aad5f3e7/screenshot - {}
RESULT: {}
COMMAND: POST /session/3cebd188cade8bc69ea066f8aad5f3e7/element - {"using":"xpath","value":"//span[contains(text(), \"Demo Yard\")]"}
RESULT: {"using":"xpath","value":"//span[contains(text(), \"Demo Yard\")]"}
COMMAND: POST /session/3cebd188cade8bc69ea066f8aad5f3e7/element/f.D8146A0945362D622A49705032EBB55A.d.DCFE9D24C54DD53D98F0A2C86D88F1C4.e.782/click - {}
RESULT: {}
COMMAND: GET /session/3cebd188cade8bc69ea066f8aad5f3e7/screenshot - {}
RESULT: {}
COMMAND: POST /session/3cebd188cade8bc69ea066f8aad5f3e7/element - {"using":"xpath","value":"//bdi[contains(text(), \"OK\")]"}
RESULT: {"using":"xpath","value":"//bdi[contains(text(), \"OK\")]"}
COMMAND: POST /session/3cebd188cade8bc69ea066f8aad5f3e7/element/f.D8146A0945362D622A49705032EBB55A.d.DCFE9D24C54DD53D98F0A2C86D88F1C4.e.783/click - {}
RESULT: {}
COMMAND: GET /session/3cebd188cade8bc69ea066f8aad5f3e7/screenshot - {}
RESULT: {}
COMMAND: POST /session/3cebd188cade8bc69ea066f8aad5f3e7/execute/async - {"script":"<script> [1562 bytes]","args":[{"selector":{"id":"application-manageyards-display-component---NewYard--addressEditDetailsCurrency-arrow"},"wdio_ui5_key":"applicationmanageyards-display-component---NewYard--addressEditDetailsCurrency-arrow"}]}
RESULT: {"script":"<script> [1562 bytes]","args":[{"selector":{"id":"application-manageyards-display-component---NewYard--addressEditDetailsCurrency-arrow"},"wdio_ui5_key":"applicationmanageyards-display-component---NewYard--addressEditDetailsCurrency-arrow"}]}
RESULT: undefined
COMMAND: POST /session/3cebd188cade8bc69ea066f8aad5f3e7/element - {"using":"xpath","value":"//*[@id=\"application-manageyards-display-component---NewYard--addressEditDetailsCurrency-arrow\"]"}
RESULT: {"using":"xpath","value":"//*[@id=\"application-manageyards-display-component---NewYard--addressEditDetailsCurrency-arrow\"]"}
COMMAND: POST /session/3cebd188cade8bc69ea066f8aad5f3e7/element/f.D8146A0945362D622A49705032EBB55A.d.DCFE9D24C54DD53D98F0A2C86D88F1C4.e.786/click - {}
RESULT: {}
COMMAND: POST /session/3cebd188cade8bc69ea066f8aad5f3e7/element - {"using":"xpath","value":"//span[contains(text(), \"Euro\")]"}
COMMAND: GET /session/3cebd188cade8bc69ea066f8aad5f3e7/screenshot - {}
RESULT: {"using":"xpath","value":"//span[contains(text(), \"Euro\")]"}
COMMAND: POST /session/3cebd188cade8bc69ea066f8aad5f3e7/element/f.D8146A0945362D622A49705032EBB55A.d.DCFE9D24C54DD53D98F0A2C86D88F1C4.e.787/click - {}
RESULT: {}
RESULT: {}
COMMAND: POST /session/3cebd188cade8bc69ea066f8aad5f3e7/execute/async - {"script":"<script> [1562 bytes]","args":[{"selector":{"controlType":"sap.m.Input","viewName":"etm.portal.ui.manageyards.view.New","viewId":"application-manageyards-display-component---NewYard","bindingPath":{"path":"","propertyPath":"/CONTROLLING_AREA","modelName":"NewYardModel"},"interaction":{"idSuffix":"inner"}},"wdio_ui5_key":"etmportal.ui.manageyards.view.Newsap.m.Input{\"path\":\"\",\"propertyPath\":\"/CONTROLLING_AREA\",\"modelName\":\"NewYardModel\"}"}]}
COMMAND: GET /session/3cebd188cade8bc69ea066f8aad5f3e7/screenshot - {}
RESULT: {"script":"<script> [1562 bytes]","args":[{"selector":{"controlType":"sap.m.Input","viewName":"etm.portal.ui.manageyards.view.New","viewId":"application-manageyards-display-component---NewYard","bindingPath":{"path":"","propertyPath":"/CONTROLLING_AREA","modelName":"NewYardModel"},"interaction":{"idSuffix":"inner"}},"wdio_ui5_key":"etmportal.ui.manageyards.view.Newsap.m.Input{\"path\":\"\",\"propertyPath\":\"/CONTROLLING_AREA\",\"modelName\":\"NewYardModel\"}"}]}
RESULT: undefined
COMMAND: POST /session/3cebd188cade8bc69ea066f8aad5f3e7/execute/async - {"script":"<script> [776 bytes]","args":[{"enterText":"Z001","selector":{"controlType":"sap.m.Input","viewName":"etm.portal.ui.manageyards.view.New","viewId":"application-manageyards-display-component---NewYard","bindingPath":{"path":"","propertyPath":"/CONTROLLING_AREA","modelName":"NewYardModel"},"interaction":{"idSuffix":"inner"}},"clearTextFirst":true,"interactionType":"ENTER_TEXT"}]}
RESULT: {}
RESULT: {"script":"<script> [776 bytes]","args":[{"enterText":"Z001","selector":{"controlType":"sap.m.Input","viewName":"etm.portal.ui.manageyards.view.New","viewId":"application-manageyards-display-component---NewYard","bindingPath":{"path":"","propertyPath":"/CONTROLLING_AREA","modelName":"NewYardModel"},"interaction":{"idSuffix":"inner"}},"clearTextFirst":true,"interactionType":"ENTER_TEXT"}]}
COMMAND: POST /session/3cebd188cade8bc69ea066f8aad5f3e7/execute/async - {"script":"<script> [1562 bytes]","args":[{"selector":{"id":"application-manageyards-display-component---NewYard--companyCodeComboBox","interaction":{"idSuffix":"inner"}},"wdio_ui5_key":"applicationmanageyards-display-component---NewYard--companyCodeComboBox"}]}
RESULT: {"script":"<script> [1562 bytes]","args":[{"selector":{"id":"application-manageyards-display-component---NewYard--companyCodeComboBox","interaction":{"idSuffix":"inner"}},"wdio_ui5_key":"applicationmanageyards-display-component---NewYard--companyCodeComboBox"}]}
RESULT: undefined
COMMAND: POST /session/3cebd188cade8bc69ea066f8aad5f3e7/execute/async - {"script":"<script> [776 bytes]","args":[{"enterText":"1000","selector":{"id":"application-manageyards-display-component---NewYard--companyCodeComboBox","interaction":{"idSuffix":"inner"}},"clearTextFirst":true,"interactionType":"ENTER_TEXT"}]}
RESULT: {"script":"<script> [776 bytes]","args":[{"enterText":"1000","selector":{"id":"application-manageyards-display-component---NewYard--companyCodeComboBox","interaction":{"idSuffix":"inner"}},"clearTextFirst":true,"interactionType":"ENTER_TEXT"}]}
COMMAND: POST /session/3cebd188cade8bc69ea066f8aad5f3e7/execute/async - {"script":"<script> [1562 bytes]","args":[{"selector":{"controlType":"sap.m.Input","viewName":"etm.portal.ui.manageyards.view.New","viewId":"application-manageyards-display-component---NewYard","bindingPath":{"path":"","propertyPath":"/PLANT","modelName":"NewYardModel"},"interaction":{"idSuffix":"inner"}},"wdio_ui5_key":"etmportal.ui.manageyards.view.Newsap.m.Input{\"path\":\"\",\"propertyPath\":\"/PLANT\",\"modelName\":\"NewYardModel\"}"}]}
RESULT: {"script":"<script> [1562 bytes]","args":[{"selector":{"controlType":"sap.m.Input","viewName":"etm.portal.ui.manageyards.view.New","viewId":"application-manageyards-display-component---NewYard","bindingPath":{"path":"","propertyPath":"/PLANT","modelName":"NewYardModel"},"interaction":{"idSuffix":"inner"}},"wdio_ui5_key":"etmportal.ui.manageyards.view.Newsap.m.Input{\"path\":\"\",\"propertyPath\":\"/PLANT\",\"modelName\":\"NewYardModel\"}"}]}
RESULT: undefined
COMMAND: POST /session/3cebd188cade8bc69ea066f8aad5f3e7/execute/async - {"script":"<script> [776 bytes]","args":[{"enterText":"1001","selector":{"controlType":"sap.m.Input","viewName":"etm.portal.ui.manageyards.view.New","viewId":"application-manageyards-display-component---NewYard","bindingPath":{"path":"","propertyPath":"/PLANT","modelName":"NewYardModel"},"interaction":{"idSuffix":"inner"}},"clearTextFirst":true,"interactionType":"ENTER_TEXT"}]}
RESULT: {"script":"<script> [776 bytes]","args":[{"enterText":"1001","selector":{"controlType":"sap.m.Input","viewName":"etm.portal.ui.manageyards.view.New","viewId":"application-manageyards-display-component---NewYard","bindingPath":{"path":"","propertyPath":"/PLANT","modelName":"NewYardModel"},"interaction":{"idSuffix":"inner"}},"clearTextFirst":true,"interactionType":"ENTER_TEXT"}]}
COMMAND: POST /session/3cebd188cade8bc69ea066f8aad5f3e7/execute/async - {"script":"<script> [1562 bytes]","args":[{"selector":{"controlType":"sap.m.Input","viewName":"etm.portal.ui.manageyards.view.New","viewId":"application-manageyards-display-component---NewYard","bindingPath":{"path":"","propertyPath":"/SALES_AREA_VKORG","modelName":"NewYardModel"},"interaction":{"idSuffix":"inner"}},"wdio_ui5_key":"etmportal.ui.manageyards.view.Newsap.m.Input{\"path\":\"\",\"propertyPath\":\"/SALES_AREA_VKORG\",\"modelName\":\"NewYardModel\"}"}]}
RESULT: {"script":"<script> [1562 bytes]","args":[{"selector":{"controlType":"sap.m.Input","viewName":"etm.portal.ui.manageyards.view.New","viewId":"application-manageyards-display-component---NewYard","bindingPath":{"path":"","propertyPath":"/SALES_AREA_VKORG","modelName":"NewYardModel"},"interaction":{"idSuffix":"inner"}},"wdio_ui5_key":"etmportal.ui.manageyards.view.Newsap.m.Input{\"path\":\"\",\"propertyPath\":\"/SALES_AREA_VKORG\",\"modelName\":\"NewYardModel\"}"}]}
RESULT: undefined
COMMAND: POST /session/3cebd188cade8bc69ea066f8aad5f3e7/execute/async - {"script":"<script> [776 bytes]","args":[{"enterText":"C002","selector":{"controlType":"sap.m.Input","viewName":"etm.portal.ui.manageyards.view.New","viewId":"application-manageyards-display-component---NewYard","bindingPath":{"path":"","propertyPath":"/SALES_AREA_VKORG","modelName":"NewYardModel"},"interaction":{"idSuffix":"inner"}},"clearTextFirst":true,"interactionType":"ENTER_TEXT"}]}
RESULT: {"script":"<script> [776 bytes]","args":[{"enterText":"C002","selector":{"controlType":"sap.m.Input","viewName":"etm.portal.ui.manageyards.view.New","viewId":"application-manageyards-display-component---NewYard","bindingPath":{"path":"","propertyPath":"/SALES_AREA_VKORG","modelName":"NewYardModel"},"interaction":{"idSuffix":"inner"}},"clearTextFirst":true,"interactionType":"ENTER_TEXT"}]}
COMMAND: POST /session/3cebd188cade8bc69ea066f8aad5f3e7/execute/async - {"script":"<script> [1562 bytes]","args":[{"selector":{"controlType":"sap.m.Input","viewName":"etm.portal.ui.manageyards.view.New","viewId":"application-manageyards-display-component---NewYard","bindingPath":{"path":"","propertyPath":"/SALES_AREA_VTWEG","modelName":"NewYardModel"},"interaction":{"idSuffix":"inner"}},"wdio_ui5_key":"etmportal.ui.manageyards.view.Newsap.m.Input{\"path\":\"\",\"propertyPath\":\"/SALES_AREA_VTWEG\",\"modelName\":\"NewYardModel\"}"}]}
RESULT: {"script":"<script> [1562 bytes]","args":[{"selector":{"controlType":"sap.m.Input","viewName":"etm.portal.ui.manageyards.view.New","viewId":"application-manageyards-display-component---NewYard","bindingPath":{"path":"","propertyPath":"/SALES_AREA_VTWEG","modelName":"NewYardModel"},"interaction":{"idSuffix":"inner"}},"wdio_ui5_key":"etmportal.ui.manageyards.view.Newsap.m.Input{\"path\":\"\",\"propertyPath\":\"/SALES_AREA_VTWEG\",\"modelName\":\"NewYardModel\"}"}]}
RESULT: undefined
COMMAND: POST /session/3cebd188cade8bc69ea066f8aad5f3e7/execute/async - {"script":"<script> [776 bytes]","args":[{"enterText":"C2","selector":{"controlType":"sap.m.Input","viewName":"etm.portal.ui.manageyards.view.New","viewId":"application-manageyards-display-component---NewYard","bindingPath":{"path":"","propertyPath":"/SALES_AREA_VTWEG","modelName":"NewYardModel"},"interaction":{"idSuffix":"inner"}},"clearTextFirst":true,"interactionType":"ENTER_TEXT"}]}
RESULT: {"script":"<script> [776 bytes]","args":[{"enterText":"C2","selector":{"controlType":"sap.m.Input","viewName":"etm.portal.ui.manageyards.view.New","viewId":"application-manageyards-display-component---NewYard","bindingPath":{"path":"","propertyPath":"/SALES_AREA_VTWEG","modelName":"NewYardModel"},"interaction":{"idSuffix":"inner"}},"clearTextFirst":true,"interactionType":"ENTER_TEXT"}]}
COMMAND: POST /session/3cebd188cade8bc69ea066f8aad5f3e7/execute/async - {"script":"<script> [1562 bytes]","args":[{"selector":{"controlType":"sap.m.Input","viewName":"etm.portal.ui.manageyards.view.New","viewId":"application-manageyards-display-component---NewYard","bindingPath":{"path":"","propertyPath":"/SALES_AREA_SPART","modelName":"NewYardModel"},"interaction":{"idSuffix":"inner"}},"wdio_ui5_key":"etmportal.ui.manageyards.view.Newsap.m.Input{\"path\":\"\",\"propertyPath\":\"/SALES_AREA_SPART\",\"modelName\":\"NewYardModel\"}"}]}
RESULT: {"script":"<script> [1562 bytes]","args":[{"selector":{"controlType":"sap.m.Input","viewName":"etm.portal.ui.manageyards.view.New","viewId":"application-manageyards-display-component---NewYard","bindingPath":{"path":"","propertyPath":"/SALES_AREA_SPART","modelName":"NewYardModel"},"interaction":{"idSuffix":"inner"}},"wdio_ui5_key":"etmportal.ui.manageyards.view.Newsap.m.Input{\"path\":\"\",\"propertyPath\":\"/SALES_AREA_SPART\",\"modelName\":\"NewYardModel\"}"}]}
RESULT: undefined
COMMAND: POST /session/3cebd188cade8bc69ea066f8aad5f3e7/execute/async - {"script":"<script> [776 bytes]","args":[{"enterText":"C2","selector":{"controlType":"sap.m.Input","viewName":"etm.portal.ui.manageyards.view.New","viewId":"application-manageyards-display-component---NewYard","bindingPath":{"path":"","propertyPath":"/SALES_AREA_SPART","modelName":"NewYardModel"},"interaction":{"idSuffix":"inner"}},"clearTextFirst":true,"interactionType":"ENTER_TEXT"}]}
RESULT: {"script":"<script> [776 bytes]","args":[{"enterText":"C2","selector":{"controlType":"sap.m.Input","viewName":"etm.portal.ui.manageyards.view.New","viewId":"application-manageyards-display-component---NewYard","bindingPath":{"path":"","propertyPath":"/SALES_AREA_SPART","modelName":"NewYardModel"},"interaction":{"idSuffix":"inner"}},"clearTextFirst":true,"interactionType":"ENTER_TEXT"}]}
COMMAND: POST /session/3cebd188cade8bc69ea066f8aad5f3e7/execute/async - {"script":"<script> [1562 bytes]","args":[{"selector":{"controlType":"sap.m.Input","viewName":"etm.portal.ui.manageyards.view.New","viewId":"application-manageyards-display-component---NewYard","bindingPath":{"path":"","propertyPath":"/SHIP_POINT","modelName":"NewYardModel"},"interaction":{"idSuffix":"inner"}},"wdio_ui5_key":"etmportal.ui.manageyards.view.Newsap.m.Input{\"path\":\"\",\"propertyPath\":\"/SHIP_POINT\",\"modelName\":\"NewYardModel\"}"}]}
RESULT: {"script":"<script> [1562 bytes]","args":[{"selector":{"controlType":"sap.m.Input","viewName":"etm.portal.ui.manageyards.view.New","viewId":"application-manageyards-display-component---NewYard","bindingPath":{"path":"","propertyPath":"/SHIP_POINT","modelName":"NewYardModel"},"interaction":{"idSuffix":"inner"}},"wdio_ui5_key":"etmportal.ui.manageyards.view.Newsap.m.Input{\"path\":\"\",\"propertyPath\":\"/SHIP_POINT\",\"modelName\":\"NewYardModel\"}"}]}
RESULT: undefined
COMMAND: POST /session/3cebd188cade8bc69ea066f8aad5f3e7/execute/async - {"script":"<script> [776 bytes]","args":[{"enterText":"1710","selector":{"controlType":"sap.m.Input","viewName":"etm.portal.ui.manageyards.view.New","viewId":"application-manageyards-display-component---NewYard","bindingPath":{"path":"","propertyPath":"/SHIP_POINT","modelName":"NewYardModel"},"interaction":{"idSuffix":"inner"}},"clearTextFirst":true,"interactionType":"ENTER_TEXT"}]}
RESULT: {"script":"<script> [776 bytes]","args":[{"enterText":"1710","selector":{"controlType":"sap.m.Input","viewName":"etm.portal.ui.manageyards.view.New","viewId":"application-manageyards-display-component---NewYard","bindingPath":{"path":"","propertyPath":"/SHIP_POINT","modelName":"NewYardModel"},"interaction":{"idSuffix":"inner"}},"clearTextFirst":true,"interactionType":"ENTER_TEXT"}]}
COMMAND: POST /session/3cebd188cade8bc69ea066f8aad5f3e7/execute/async - {"script":"<script> [1562 bytes]","args":[{"selector":{"controlType":"sap.m.Input","viewName":"etm.portal.ui.manageyards.view.New","viewId":"application-manageyards-display-component---NewYard","bindingPath":{"path":"","propertyPath":"/DELIVERY_TYPE","modelName":"NewYardModel"},"interaction":{"idSuffix":"inner"}},"wdio_ui5_key":"etmportal.ui.manageyards.view.Newsap.m.Input{\"path\":\"\",\"propertyPath\":\"/DELIVERY_TYPE\",\"modelName\":\"NewYardModel\"}"}]}
RESULT: {"script":"<script> [1562 bytes]","args":[{"selector":{"controlType":"sap.m.Input","viewName":"etm.portal.ui.manageyards.view.New","viewId":"application-manageyards-display-component---NewYard","bindingPath":{"path":"","propertyPath":"/DELIVERY_TYPE","modelName":"NewYardModel"},"interaction":{"idSuffix":"inner"}},"wdio_ui5_key":"etmportal.ui.manageyards.view.Newsap.m.Input{\"path\":\"\",\"propertyPath\":\"/DELIVERY_TYPE\",\"modelName\":\"NewYardModel\"}"}]}
RESULT: undefined
COMMAND: POST /session/3cebd188cade8bc69ea066f8aad5f3e7/execute/async - {"script":"<script> [776 bytes]","args":[{"enterText":"ZL01","selector":{"controlType":"sap.m.Input","viewName":"etm.portal.ui.manageyards.view.New","viewId":"application-manageyards-display-component---NewYard","bindingPath":{"path":"","propertyPath":"/DELIVERY_TYPE","modelName":"NewYardModel"},"interaction":{"idSuffix":"inner"}},"clearTextFirst":true,"interactionType":"ENTER_TEXT"}]}
RESULT: {"script":"<script> [776 bytes]","args":[{"enterText":"ZL01","selector":{"controlType":"sap.m.Input","viewName":"etm.portal.ui.manageyards.view.New","viewId":"application-manageyards-display-component---NewYard","bindingPath":{"path":"","propertyPath":"/DELIVERY_TYPE","modelName":"NewYardModel"},"interaction":{"idSuffix":"inner"}},"clearTextFirst":true,"interactionType":"ENTER_TEXT"}]}
COMMAND: POST /session/3cebd188cade8bc69ea066f8aad5f3e7/execute/async - {"script":"<script> [1562 bytes]","args":[{"selector":{"controlType":"sap.m.Input","viewName":"etm.portal.ui.manageyards.view.New","viewId":"application-manageyards-display-component---NewYard","bindingPath":{"path":"","propertyPath":"/AUART","modelName":"NewYardModel"},"interaction":{"idSuffix":"inner"}},"wdio_ui5_key":"etmportal.ui.manageyards.view.Newsap.m.Input{\"path\":\"\",\"propertyPath\":\"/AUART\",\"modelName\":\"NewYardModel\"}"}]}
RESULT: {"script":"<script> [1562 bytes]","args":[{"selector":{"controlType":"sap.m.Input","viewName":"etm.portal.ui.manageyards.view.New","viewId":"application-manageyards-display-component---NewYard","bindingPath":{"path":"","propertyPath":"/AUART","modelName":"NewYardModel"},"interaction":{"idSuffix":"inner"}},"wdio_ui5_key":"etmportal.ui.manageyards.view.Newsap.m.Input{\"path\":\"\",\"propertyPath\":\"/AUART\",\"modelName\":\"NewYardModel\"}"}]}
RESULT: undefined
COMMAND: POST /session/3cebd188cade8bc69ea066f8aad5f3e7/execute/async - {"script":"<script> [776 bytes]","args":[{"enterText":"TA","selector":{"controlType":"sap.m.Input","viewName":"etm.portal.ui.manageyards.view.New","viewId":"application-manageyards-display-component---NewYard","bindingPath":{"path":"","propertyPath":"/AUART","modelName":"NewYardModel"},"interaction":{"idSuffix":"inner"}},"clearTextFirst":true,"interactionType":"ENTER_TEXT"}]}
RESULT: {"script":"<script> [776 bytes]","args":[{"enterText":"TA","selector":{"controlType":"sap.m.Input","viewName":"etm.portal.ui.manageyards.view.New","viewId":"application-manageyards-display-component---NewYard","bindingPath":{"path":"","propertyPath":"/AUART","modelName":"NewYardModel"},"interaction":{"idSuffix":"inner"}},"clearTextFirst":true,"interactionType":"ENTER_TEXT"}]}
COMMAND: POST /session/3cebd188cade8bc69ea066f8aad5f3e7/element - {"using":"xpath","value":"//button[@data-kt=\"newYardSaveButton\"]"}
RESULT: {"using":"xpath","value":"//button[@data-kt=\"newYardSaveButton\"]"}
COMMAND: POST /session/3cebd188cade8bc69ea066f8aad5f3e7/element/f.D8146A0945362D622A49705032EBB55A.d.DCFE9D24C54DD53D98F0A2C86D88F1C4.e.697/click - {}
RESULT: {}
COMMAND: GET /session/3cebd188cade8bc69ea066f8aad5f3e7/screenshot - {}
COMMAND: POST /session/3cebd188cade8bc69ea066f8aad5f3e7/element - {"using":"xpath","value":"//header[contains(@id, 'ObjectPageLayout-headerTitle')]/div[1]/div[2]/div[1]/span[1]"}
RESULT: {}
RESULT: {"using":"xpath","value":"//header[contains(@id, 'ObjectPageLayout-headerTitle')]/div[1]/div[2]/div[1]/span[1]"}
COMMAND: POST /session/3cebd188cade8bc69ea066f8aad5f3e7/elements - {"using":"xpath","value":"//header[contains(@id, 'ObjectPageLayout-headerTitle')]/div[1]/div[2]/div[1]/span[1]"}
RESULT: {"using":"xpath","value":"//header[contains(@id, 'ObjectPageLayout-headerTitle')]/div[1]/div[2]/div[1]/span[1]"}
COMMAND: POST /session/3cebd188cade8bc69ea066f8aad5f3e7/execute/sync - {"script":"<script> [56 bytes]","args":[{"element-6066-11e4-a52e-4f735466cecf":"f.D8146A0945362D622A49705032EBB55A.d.DCFE9D24C54DD53D98F0A2C86D88F1C4.e.1003","ELEMENT":"f.D8146A0945362D622A49705032EBB55A.d.DCFE9D24C54DD53D98F0A2C86D88F1C4.e.1003"}]}
RESULT: {"script":"<script> [56 bytes]","args":[{"element-6066-11e4-a52e-4f735466cecf":"f.D8146A0945362D622A49705032EBB55A.d.DCFE9D24C54DD53D98F0A2C86D88F1C4.e.1003","ELEMENT":"f.D8146A0945362D622A49705032EBB55A.d.DCFE9D24C54DD53D98F0A2C86D88F1C4.e.1003"}]}
COMMAND: GET /session/3cebd188cade8bc69ea066f8aad5f3e7/screenshot - {}
COMMAND: POST /session/3cebd188cade8bc69ea066f8aad5f3e7/execute/sync - {"script":"<script> [56 bytes]","args":[{"element-6066-11e4-a52e-4f735466cecf":"f.D8146A0945362D622A49705032EBB55A.d.DCFE9D24C54DD53D98F0A2C86D88F1C4.e.1003","ELEMENT":"f.D8146A0945362D622A49705032EBB55A.d.DCFE9D24C54DD53D98F0A2C86D88F1C4.e.1003"}]}
RESULT: {}
RESULT: {"script":"<script> [56 bytes]","args":[{"element-6066-11e4-a52e-4f735466cecf":"f.D8146A0945362D622A49705032EBB55A.d.DCFE9D24C54DD53D98F0A2C86D88F1C4.e.1003","ELEMENT":"f.D8146A0945362D622A49705032EBB55A.d.DCFE9D24C54DD53D98F0A2C86D88F1C4.e.1003"}]}
COMMAND: GET /session/3cebd188cade8bc69ea066f8aad5f3e7/screenshot - {}
RESULT: {}
COMMAND: POST /session/3cebd188cade8bc69ea066f8aad5f3e7/element - {"using":"css selector","value":"#shell-header-logo"}
RESULT: {"using":"css selector","value":"#shell-header-logo"}
COMMAND: POST /session/3cebd188cade8bc69ea066f8aad5f3e7/element/f.D8146A0945362D622A49705032EBB55A.d.DCFE9D24C54DD53D98F0A2C86D88F1C4.e.260/click - {}
RESULT: {}
COMMAND: GET /session/3cebd188cade8bc69ea066f8aad5f3e7/screenshot - {}
RESULT: {}
COMMAND: POST /session/3cebd188cade8bc69ea066f8aad5f3e7/execute/sync - {"script":"<script> [299 bytes]","args":[["getModel","getResource"]]}
RESULT: {"script":"<script> [299 bytes]","args":[["getModel","getResource"]]}
COMMAND: GET /session/3cebd188cade8bc69ea066f8aad5f3e7/screenshot - {}
]]></system-out>
    </testcase>
    <testcase classname="chrome.136_0_7103_93.windows.Tests_for_Mass_State_Change_on_Manage_States_&amp;_Performances_US104416_US" name="Prereq Should create a new partner" time="147.59">
      <system-out><![CDATA[
COMMAND: POST /session/3cebd188cade8bc69ea066f8aad5f3e7/window/fullscreen - {}
RESULT: {}
RESULT: {}
COMMAND: POST /session/3cebd188cade8bc69ea066f8aad5f3e7/execute/async - {"script":"<script> [1562 bytes]","args":[{"selector":{"controlType":"sap.m.GenericTile","properties":{"header":"Manage Partners"}},"wdio_ui5_key":"sapm.GenericTile{\"header\":\"Manage Partners\"}"}]}
RESULT: {"script":"<script> [1562 bytes]","args":[{"selector":{"controlType":"sap.m.GenericTile","properties":{"header":"Manage Partners"}},"wdio_ui5_key":"sapm.GenericTile{\"header\":\"Manage Partners\"}"}]}
RESULT: undefined
COMMAND: POST /session/3cebd188cade8bc69ea066f8aad5f3e7/element - {"using":"xpath","value":"//*[@id=\"__tile38\"]"}
RESULT: {"using":"xpath","value":"//*[@id=\"__tile38\"]"}
COMMAND: POST /session/3cebd188cade8bc69ea066f8aad5f3e7/element/f.D8146A0945362D622A49705032EBB55A.d.DCFE9D24C54DD53D98F0A2C86D88F1C4.e.154/click - {}
RESULT: {}
COMMAND: GET /session/3cebd188cade8bc69ea066f8aad5f3e7/screenshot - {}
RESULT: {}
COMMAND: POST /session/3cebd188cade8bc69ea066f8aad5f3e7/elements - {"using":"xpath","value":"//span[text()='Error']"}
RESULT: {"using":"xpath","value":"//span[text()='Error']"}
COMMAND: POST /session/3cebd188cade8bc69ea066f8aad5f3e7/element - {"using":"xpath","value":"//button[@data-kt=\"addButton\"]"}
RESULT: {"using":"xpath","value":"//button[@data-kt=\"addButton\"]"}
COMMAND: POST /session/3cebd188cade8bc69ea066f8aad5f3e7/elements - {"using":"xpath","value":"//button[@data-kt=\"addButton\"]"}
RESULT: {"using":"xpath","value":"//button[@data-kt=\"addButton\"]"}
COMMAND: POST /session/3cebd188cade8bc69ea066f8aad5f3e7/execute/sync - {"script":"<script> [8489 bytes]","args":[{"element-6066-11e4-a52e-4f735466cecf":"f.D8146A0945362D622A49705032EBB55A.d.DCFE9D24C54DD53D98F0A2C86D88F1C4.e.1054","ELEMENT":"f.D8146A0945362D622A49705032EBB55A.d.DCFE9D24C54DD53D98F0A2C86D88F1C4.e.1054"}]}
RESULT: {"script":"<script> [8489 bytes]","args":[{"element-6066-11e4-a52e-4f735466cecf":"f.D8146A0945362D622A49705032EBB55A.d.DCFE9D24C54DD53D98F0A2C86D88F1C4.e.1054","ELEMENT":"f.D8146A0945362D622A49705032EBB55A.d.DCFE9D24C54DD53D98F0A2C86D88F1C4.e.1054"}]}
COMMAND: GET /session/3cebd188cade8bc69ea066f8aad5f3e7/element/f.D8146A0945362D622A49705032EBB55A.d.DCFE9D24C54DD53D98F0A2C86D88F1C4.e.1054/enabled - {}
COMMAND: GET /session/3cebd188cade8bc69ea066f8aad5f3e7/screenshot - {}
RESULT: {}
COMMAND: POST /session/3cebd188cade8bc69ea066f8aad5f3e7/execute/sync - {"script":"<script> [8489 bytes]","args":[{"element-6066-11e4-a52e-4f735466cecf":"f.D8146A0945362D622A49705032EBB55A.d.DCFE9D24C54DD53D98F0A2C86D88F1C4.e.1054","ELEMENT":"f.D8146A0945362D622A49705032EBB55A.d.DCFE9D24C54DD53D98F0A2C86D88F1C4.e.1054"}]}
COMMAND: GET /session/3cebd188cade8bc69ea066f8aad5f3e7/screenshot - {}
RESULT: {}
RESULT: {"script":"<script> [8489 bytes]","args":[{"element-6066-11e4-a52e-4f735466cecf":"f.D8146A0945362D622A49705032EBB55A.d.DCFE9D24C54DD53D98F0A2C86D88F1C4.e.1054","ELEMENT":"f.D8146A0945362D622A49705032EBB55A.d.DCFE9D24C54DD53D98F0A2C86D88F1C4.e.1054"}]}
COMMAND: POST /session/3cebd188cade8bc69ea066f8aad5f3e7/execute/sync - {"script":"<script> [5351 bytes]","args":[{"element-6066-11e4-a52e-4f735466cecf":"f.D8146A0945362D622A49705032EBB55A.d.DCFE9D24C54DD53D98F0A2C86D88F1C4.e.1054","ELEMENT":"f.D8146A0945362D622A49705032EBB55A.d.DCFE9D24C54DD53D98F0A2C86D88F1C4.e.1054"}]}
COMMAND: GET /session/3cebd188cade8bc69ea066f8aad5f3e7/screenshot - {}
RESULT: {}
RESULT: {"script":"<script> [5351 bytes]","args":[{"element-6066-11e4-a52e-4f735466cecf":"f.D8146A0945362D622A49705032EBB55A.d.DCFE9D24C54DD53D98F0A2C86D88F1C4.e.1054","ELEMENT":"f.D8146A0945362D622A49705032EBB55A.d.DCFE9D24C54DD53D98F0A2C86D88F1C4.e.1054"}]}
COMMAND: POST /session/3cebd188cade8bc69ea066f8aad5f3e7/element/f.D8146A0945362D622A49705032EBB55A.d.DCFE9D24C54DD53D98F0A2C86D88F1C4.e.1054/click - {}
COMMAND: GET /session/3cebd188cade8bc69ea066f8aad5f3e7/screenshot - {}
RESULT: {}
RESULT: {}
COMMAND: GET /session/3cebd188cade8bc69ea066f8aad5f3e7/screenshot - {}
COMMAND: POST /session/3cebd188cade8bc69ea066f8aad5f3e7/execute/async - {"script":"<script> [1562 bytes]","args":[{"selector":{"id":"application-managepartners-display-component---NewPartner--addressDetailDetailsName1","interaction":{"idSuffix":"inner"}},"wdio_ui5_key":"applicationmanagepartners-display-component---NewPartner--addressDetailDetailsName1"}]}
RESULT: {}
RESULT: {}
RESULT: {"script":"<script> [1562 bytes]","args":[{"selector":{"id":"application-managepartners-display-component---NewPartner--addressDetailDetailsName1","interaction":{"idSuffix":"inner"}},"wdio_ui5_key":"applicationmanagepartners-display-component---NewPartner--addressDetailDetailsName1"}]}
RESULT: undefined
COMMAND: POST /session/3cebd188cade8bc69ea066f8aad5f3e7/execute/async - {"script":"<script> [776 bytes]","args":[{"enterText":"Intracompany Partner WDIO","selector":{"id":"application-managepartners-display-component---NewPartner--addressDetailDetailsName1","interaction":{"idSuffix":"inner"}},"clearTextFirst":true,"interactionType":"ENTER_TEXT"}]}
RESULT: {"script":"<script> [776 bytes]","args":[{"enterText":"Intracompany Partner WDIO","selector":{"id":"application-managepartners-display-component---NewPartner--addressDetailDetailsName1","interaction":{"idSuffix":"inner"}},"clearTextFirst":true,"interactionType":"ENTER_TEXT"}]}
COMMAND: POST /session/3cebd188cade8bc69ea066f8aad5f3e7/execute/async - {"script":"<script> [1562 bytes]","args":[{"selector":{"id":"application-managepartners-display-component---NewPartner--addressDetailDetailsLanguage-arrow"},"wdio_ui5_key":"applicationmanagepartners-display-component---NewPartner--addressDetailDetailsLanguage-arrow"}]}
RESULT: {"script":"<script> [1562 bytes]","args":[{"selector":{"id":"application-managepartners-display-component---NewPartner--addressDetailDetailsLanguage-arrow"},"wdio_ui5_key":"applicationmanagepartners-display-component---NewPartner--addressDetailDetailsLanguage-arrow"}]}
RESULT: undefined
COMMAND: POST /session/3cebd188cade8bc69ea066f8aad5f3e7/element - {"using":"xpath","value":"//*[@id=\"application-managepartners-display-component---NewPartner--addressDetailDetailsLanguage-arrow\"]"}
RESULT: {"using":"xpath","value":"//*[@id=\"application-managepartners-display-component---NewPartner--addressDetailDetailsLanguage-arrow\"]"}
COMMAND: POST /session/3cebd188cade8bc69ea066f8aad5f3e7/element/f.D8146A0945362D622A49705032EBB55A.d.DCFE9D24C54DD53D98F0A2C86D88F1C4.e.1495/click - {}
RESULT: {}
COMMAND: POST /session/3cebd188cade8bc69ea066f8aad5f3e7/element - {"using":"xpath","value":"//span[contains(text(), \"English\")]"}
COMMAND: GET /session/3cebd188cade8bc69ea066f8aad5f3e7/screenshot - {}
RESULT: {"using":"xpath","value":"//span[contains(text(), \"English\")]"}
COMMAND: POST /session/3cebd188cade8bc69ea066f8aad5f3e7/element/f.D8146A0945362D622A49705032EBB55A.d.DCFE9D24C54DD53D98F0A2C86D88F1C4.e.1496/click - {}
RESULT: {}
RESULT: {}
COMMAND: GET /session/3cebd188cade8bc69ea066f8aad5f3e7/screenshot - {}
RESULT: {}
COMMAND: POST /session/3cebd188cade8bc69ea066f8aad5f3e7/execute/async - {"script":"<script> [1562 bytes]","args":[{"selector":{"id":"application-managepartners-display-component---NewPartner--addressDetailDetailsCity1","interaction":{"idSuffix":"inner"}},"wdio_ui5_key":"applicationmanagepartners-display-component---NewPartner--addressDetailDetailsCity1"}]}
RESULT: {"script":"<script> [1562 bytes]","args":[{"selector":{"id":"application-managepartners-display-component---NewPartner--addressDetailDetailsCity1","interaction":{"idSuffix":"inner"}},"wdio_ui5_key":"applicationmanagepartners-display-component---NewPartner--addressDetailDetailsCity1"}]}
RESULT: undefined
COMMAND: POST /session/3cebd188cade8bc69ea066f8aad5f3e7/execute/async - {"script":"<script> [776 bytes]","args":[{"enterText":"Rosario","selector":{"id":"application-managepartners-display-component---NewPartner--addressDetailDetailsCity1","interaction":{"idSuffix":"inner"}},"clearTextFirst":true,"interactionType":"ENTER_TEXT"}]}
RESULT: {"script":"<script> [776 bytes]","args":[{"enterText":"Rosario","selector":{"id":"application-managepartners-display-component---NewPartner--addressDetailDetailsCity1","interaction":{"idSuffix":"inner"}},"clearTextFirst":true,"interactionType":"ENTER_TEXT"}]}
COMMAND: POST /session/3cebd188cade8bc69ea066f8aad5f3e7/execute/async - {"script":"<script> [1562 bytes]","args":[{"selector":{"id":"application-managepartners-display-component---NewPartner--addressDetailDetailsCountry-arrow"},"wdio_ui5_key":"applicationmanagepartners-display-component---NewPartner--addressDetailDetailsCountry-arrow"}]}
RESULT: {"script":"<script> [1562 bytes]","args":[{"selector":{"id":"application-managepartners-display-component---NewPartner--addressDetailDetailsCountry-arrow"},"wdio_ui5_key":"applicationmanagepartners-display-component---NewPartner--addressDetailDetailsCountry-arrow"}]}
RESULT: undefined
COMMAND: POST /session/3cebd188cade8bc69ea066f8aad5f3e7/element - {"using":"xpath","value":"//*[@id=\"application-managepartners-display-component---NewPartner--addressDetailDetailsCountry-arrow\"]"}
RESULT: {"using":"xpath","value":"//*[@id=\"application-managepartners-display-component---NewPartner--addressDetailDetailsCountry-arrow\"]"}
COMMAND: POST /session/3cebd188cade8bc69ea066f8aad5f3e7/element/f.D8146A0945362D622A49705032EBB55A.d.DCFE9D24C54DD53D98F0A2C86D88F1C4.e.1459/click - {}
RESULT: {}
COMMAND: POST /session/3cebd188cade8bc69ea066f8aad5f3e7/element - {"using":"xpath","value":"//span[contains(text(), \"Argentina\")]"}
COMMAND: GET /session/3cebd188cade8bc69ea066f8aad5f3e7/screenshot - {}
RESULT: {"using":"xpath","value":"//span[contains(text(), \"Argentina\")]"}
COMMAND: POST /session/3cebd188cade8bc69ea066f8aad5f3e7/element/f.D8146A0945362D622A49705032EBB55A.d.DCFE9D24C54DD53D98F0A2C86D88F1C4.e.1498/click - {}
RESULT: {}
RESULT: {}
COMMAND: GET /session/3cebd188cade8bc69ea066f8aad5f3e7/screenshot - {}
RESULT: {}
COMMAND: POST /session/3cebd188cade8bc69ea066f8aad5f3e7/element - {"using":"xpath","value":"//bdi[contains(text(), \"Commercial\")]"}
RESULT: {"using":"xpath","value":"//bdi[contains(text(), \"Commercial\")]"}
COMMAND: POST /session/3cebd188cade8bc69ea066f8aad5f3e7/element/f.D8146A0945362D622A49705032EBB55A.d.DCFE9D24C54DD53D98F0A2C86D88F1C4.e.1499/click - {}
RESULT: {}
COMMAND: GET /session/3cebd188cade8bc69ea066f8aad5f3e7/screenshot - {}
RESULT: {}
COMMAND: POST /session/3cebd188cade8bc69ea066f8aad5f3e7/execute/async - {"script":"<script> [1562 bytes]","args":[{"selector":{"id":"application-managepartners-display-component---NewPartner--partnerDetailInternal-arrow"},"wdio_ui5_key":"applicationmanagepartners-display-component---NewPartner--partnerDetailInternal-arrow"}]}
RESULT: {"script":"<script> [1562 bytes]","args":[{"selector":{"id":"application-managepartners-display-component---NewPartner--partnerDetailInternal-arrow"},"wdio_ui5_key":"applicationmanagepartners-display-component---NewPartner--partnerDetailInternal-arrow"}]}
RESULT: undefined
COMMAND: POST /session/3cebd188cade8bc69ea066f8aad5f3e7/element - {"using":"xpath","value":"//*[@id=\"application-managepartners-display-component---NewPartner--partnerDetailInternal-arrow\"]"}
RESULT: {"using":"xpath","value":"//*[@id=\"application-managepartners-display-component---NewPartner--partnerDetailInternal-arrow\"]"}
COMMAND: POST /session/3cebd188cade8bc69ea066f8aad5f3e7/element/f.D8146A0945362D622A49705032EBB55A.d.DCFE9D24C54DD53D98F0A2C86D88F1C4.e.1504/click - {}
RESULT: {}
COMMAND: POST /session/3cebd188cade8bc69ea066f8aad5f3e7/element - {"using":"xpath","value":"//span[contains(text(), \"Affiliated company\")]"}
COMMAND: GET /session/3cebd188cade8bc69ea066f8aad5f3e7/screenshot - {}
RESULT: {"using":"xpath","value":"//span[contains(text(), \"Affiliated company\")]"}
COMMAND: POST /session/3cebd188cade8bc69ea066f8aad5f3e7/element/f.D8146A0945362D622A49705032EBB55A.d.DCFE9D24C54DD53D98F0A2C86D88F1C4.e.1507/click - {}
RESULT: {}
RESULT: {}
COMMAND: POST /session/3cebd188cade8bc69ea066f8aad5f3e7/execute/async - {"script":"<script> [1562 bytes]","args":[{"selector":{"id":"application-managepartners-display-component---NewPartner--partnerDetailsCurrency-arrow"},"wdio_ui5_key":"applicationmanagepartners-display-component---NewPartner--partnerDetailsCurrency-arrow"}]}
COMMAND: GET /session/3cebd188cade8bc69ea066f8aad5f3e7/screenshot - {}
RESULT: {"script":"<script> [1562 bytes]","args":[{"selector":{"id":"application-managepartners-display-component---NewPartner--partnerDetailsCurrency-arrow"},"wdio_ui5_key":"applicationmanagepartners-display-component---NewPartner--partnerDetailsCurrency-arrow"}]}
RESULT: undefined
COMMAND: POST /session/3cebd188cade8bc69ea066f8aad5f3e7/element - {"using":"xpath","value":"//*[@id=\"application-managepartners-display-component---NewPartner--partnerDetailsCurrency-arrow\"]"}
RESULT: {}
RESULT: {"using":"xpath","value":"//*[@id=\"application-managepartners-display-component---NewPartner--partnerDetailsCurrency-arrow\"]"}
COMMAND: POST /session/3cebd188cade8bc69ea066f8aad5f3e7/element/f.D8146A0945362D622A49705032EBB55A.d.DCFE9D24C54DD53D98F0A2C86D88F1C4.e.1514/click - {}
RESULT: {}
COMMAND: POST /session/3cebd188cade8bc69ea066f8aad5f3e7/element - {"using":"xpath","value":"//span[contains(text(), \"Euro\")]"}
COMMAND: GET /session/3cebd188cade8bc69ea066f8aad5f3e7/screenshot - {}
RESULT: {"using":"xpath","value":"//span[contains(text(), \"Euro\")]"}
COMMAND: POST /session/3cebd188cade8bc69ea066f8aad5f3e7/element/f.D8146A0945362D622A49705032EBB55A.d.DCFE9D24C54DD53D98F0A2C86D88F1C4.e.1515/click - {}
RESULT: {}
RESULT: {}
COMMAND: POST /session/3cebd188cade8bc69ea066f8aad5f3e7/execute/async - {"script":"<script> [1562 bytes]","args":[{"selector":{"id":"application-managepartners-display-component---NewPartner--addressEditDetailsCostObjectCstType-arrow"},"wdio_ui5_key":"applicationmanagepartners-display-component---NewPartner--addressEditDetailsCostObjectCstType-arrow"}]}
COMMAND: GET /session/3cebd188cade8bc69ea066f8aad5f3e7/screenshot - {}
RESULT: {"script":"<script> [1562 bytes]","args":[{"selector":{"id":"application-managepartners-display-component---NewPartner--addressEditDetailsCostObjectCstType-arrow"},"wdio_ui5_key":"applicationmanagepartners-display-component---NewPartner--addressEditDetailsCostObjectCstType-arrow"}]}
RESULT: undefined
COMMAND: POST /session/3cebd188cade8bc69ea066f8aad5f3e7/element - {"using":"xpath","value":"//*[@id=\"application-managepartners-display-component---NewPartner--addressEditDetailsCostObjectCstType-arrow\"]"}
RESULT: {}
RESULT: {"using":"xpath","value":"//*[@id=\"application-managepartners-display-component---NewPartner--addressEditDetailsCostObjectCstType-arrow\"]"}
COMMAND: POST /session/3cebd188cade8bc69ea066f8aad5f3e7/element/f.D8146A0945362D622A49705032EBB55A.d.DCFE9D24C54DD53D98F0A2C86D88F1C4.e.1516/click - {}
RESULT: {}
COMMAND: POST /session/3cebd188cade8bc69ea066f8aad5f3e7/element - {"using":"xpath","value":"//span[contains(text(), \"Cost Center\")]"}
COMMAND: GET /session/3cebd188cade8bc69ea066f8aad5f3e7/screenshot - {}
RESULT: {"using":"xpath","value":"//span[contains(text(), \"Cost Center\")]"}
COMMAND: POST /session/3cebd188cade8bc69ea066f8aad5f3e7/element/f.D8146A0945362D622A49705032EBB55A.d.DCFE9D24C54DD53D98F0A2C86D88F1C4.e.1517/click - {}
RESULT: {}
RESULT: {}
COMMAND: GET /session/3cebd188cade8bc69ea066f8aad5f3e7/screenshot - {}
RESULT: {}
COMMAND: POST /session/3cebd188cade8bc69ea066f8aad5f3e7/element - {"using":"xpath","value":"//span[@id=\"application-managepartners-display-component---NewPartner--addressNewCostObjectCstID-vhi\"]"}
RESULT: {"using":"xpath","value":"//span[@id=\"application-managepartners-display-component---NewPartner--addressNewCostObjectCstID-vhi\"]"}
COMMAND: POST /session/3cebd188cade8bc69ea066f8aad5f3e7/execute/sync - {"script":"<script> [8489 bytes]","args":[{"element-6066-11e4-a52e-4f735466cecf":"f.D8146A0945362D622A49705032EBB55A.d.DCFE9D24C54DD53D98F0A2C86D88F1C4.e.1521","ELEMENT":"f.D8146A0945362D622A49705032EBB55A.d.DCFE9D24C54DD53D98F0A2C86D88F1C4.e.1521"}]}
RESULT: {"script":"<script> [8489 bytes]","args":[{"element-6066-11e4-a52e-4f735466cecf":"f.D8146A0945362D622A49705032EBB55A.d.DCFE9D24C54DD53D98F0A2C86D88F1C4.e.1521","ELEMENT":"f.D8146A0945362D622A49705032EBB55A.d.DCFE9D24C54DD53D98F0A2C86D88F1C4.e.1521"}]}
COMMAND: POST /session/3cebd188cade8bc69ea066f8aad5f3e7/execute/async - {"script":"<script> [1562 bytes]","args":[{"selector":{"id":"application-managepartners-display-component---NewPartner--addressNewCostObjectCstID-vhi"},"wdio_ui5_key":"applicationmanagepartners-display-component---NewPartner--addressNewCostObjectCstID-vhi"}]}
COMMAND: GET /session/3cebd188cade8bc69ea066f8aad5f3e7/screenshot - {}
RESULT: {"script":"<script> [1562 bytes]","args":[{"selector":{"id":"application-managepartners-display-component---NewPartner--addressNewCostObjectCstID-vhi"},"wdio_ui5_key":"applicationmanagepartners-display-component---NewPartner--addressNewCostObjectCstID-vhi"}]}
RESULT: undefined
COMMAND: POST /session/3cebd188cade8bc69ea066f8aad5f3e7/element - {"using":"xpath","value":"//*[@id=\"application-managepartners-display-component---NewPartner--addressNewCostObjectCstID-vhi\"]"}
RESULT: {}
RESULT: {"using":"xpath","value":"//*[@id=\"application-managepartners-display-component---NewPartner--addressNewCostObjectCstID-vhi\"]"}
COMMAND: POST /session/3cebd188cade8bc69ea066f8aad5f3e7/element/f.D8146A0945362D622A49705032EBB55A.d.DCFE9D24C54DD53D98F0A2C86D88F1C4.e.1521/click - {}
RESULT: {}
COMMAND: GET /session/3cebd188cade8bc69ea066f8aad5f3e7/screenshot - {}
RESULT: {}
RESULT: undefined
COMMAND: POST /session/3cebd188cade8bc69ea066f8aad5f3e7/execute/async - {"script":"<script> [776 bytes]","args":[{"enterText":"10001013","selector":{"controlType":"sap.m.SearchField","properties":{"placeholder":"Search"},"searchOpenDialogs":true,"interaction":{"idSuffix":"I"}},"clearTextFirst":true,"interactionType":"ENTER_TEXT"}]}
RESULT: {"script":"<script> [776 bytes]","args":[{"enterText":"10001013","selector":{"controlType":"sap.m.SearchField","properties":{"placeholder":"Search"},"searchOpenDialogs":true,"interaction":{"idSuffix":"I"}},"clearTextFirst":true,"interactionType":"ENTER_TEXT"}]}
COMMAND: POST /session/3cebd188cade8bc69ea066f8aad5f3e7/actions - {"actions":[{"id":"action2","type":"key","parameters":{},"actions":[{"type":"keyDown","value":""},{"type":"pause","duration":10},{"type":"keyUp","value":""}]}]}
RESULT: {"actions":[{"id":"action2","type":"key","parameters":{},"actions":[{"type":"keyDown","value":""},{"type":"pause","duration":10},{"type":"keyUp","value":""}]}]}
COMMAND: GET /session/3cebd188cade8bc69ea066f8aad5f3e7/screenshot - {}
RESULT: {}
COMMAND: POST /session/3cebd188cade8bc69ea066f8aad5f3e7/element - {"using":"xpath","value":"//span[contains(text(), \"General Management\")]"}
RESULT: {"using":"xpath","value":"//span[contains(text(), \"General Management\")]"}
COMMAND: POST /session/3cebd188cade8bc69ea066f8aad5f3e7/element/f.D8146A0945362D622A49705032EBB55A.d.DCFE9D24C54DD53D98F0A2C86D88F1C4.e.1559/click - {}
RESULT: {}
COMMAND: GET /session/3cebd188cade8bc69ea066f8aad5f3e7/screenshot - {}
RESULT: {}
COMMAND: POST /session/3cebd188cade8bc69ea066f8aad5f3e7/element - {"using":"xpath","value":"//bdi[contains(text(), \"OK\")]"}
RESULT: {"using":"xpath","value":"//bdi[contains(text(), \"OK\")]"}
COMMAND: POST /session/3cebd188cade8bc69ea066f8aad5f3e7/element/f.D8146A0945362D622A49705032EBB55A.d.DCFE9D24C54DD53D98F0A2C86D88F1C4.e.1560/click - {}
RESULT: {}
COMMAND: GET /session/3cebd188cade8bc69ea066f8aad5f3e7/screenshot - {}
RESULT: {}
COMMAND: POST /session/3cebd188cade8bc69ea066f8aad5f3e7/element - {"using":"xpath","value":"//input[@id=\"application-managepartners-display-component---NewPartner--companyCodeComboBox-inner\"]"}
RESULT: {"using":"xpath","value":"//input[@id=\"application-managepartners-display-component---NewPartner--companyCodeComboBox-inner\"]"}
COMMAND: POST /session/3cebd188cade8bc69ea066f8aad5f3e7/element/f.D8146A0945362D622A49705032EBB55A.d.DCFE9D24C54DD53D98F0A2C86D88F1C4.e.1356/clear - {}
RESULT: {}
COMMAND: POST /session/3cebd188cade8bc69ea066f8aad5f3e7/element/f.D8146A0945362D622A49705032EBB55A.d.DCFE9D24C54DD53D98F0A2C86D88F1C4.e.1356/value - {"text":"1000"}
COMMAND: GET /session/3cebd188cade8bc69ea066f8aad5f3e7/screenshot - {}
RESULT: {"text":"1000"}
COMMAND: GET /session/3cebd188cade8bc69ea066f8aad5f3e7/screenshot - {}
RESULT: {}
RESULT: {}
COMMAND: POST /session/3cebd188cade8bc69ea066f8aad5f3e7/element - {"using":"xpath","value":"//li[.//span[text()= \"1000\"]]"}
RESULT: {"using":"xpath","value":"//li[.//span[text()= \"1000\"]]"}
COMMAND: POST /session/3cebd188cade8bc69ea066f8aad5f3e7/element/f.D8146A0945362D622A49705032EBB55A.d.DCFE9D24C54DD53D98F0A2C86D88F1C4.e.1566/click - {}
RESULT: {}
COMMAND: GET /session/3cebd188cade8bc69ea066f8aad5f3e7/screenshot - {}
RESULT: {}
COMMAND: POST /session/3cebd188cade8bc69ea066f8aad5f3e7/execute/async - {"script":"<script> [1562 bytes]","args":[{"selector":{"id":"application-managepartners-display-component---NewPartner--btnAddTableRow-img"},"wdio_ui5_key":"applicationmanagepartners-display-component---NewPartner--btnAddTableRow-img"}]}
RESULT: {"script":"<script> [1562 bytes]","args":[{"selector":{"id":"application-managepartners-display-component---NewPartner--btnAddTableRow-img"},"wdio_ui5_key":"applicationmanagepartners-display-component---NewPartner--btnAddTableRow-img"}]}
RESULT: undefined
COMMAND: POST /session/3cebd188cade8bc69ea066f8aad5f3e7/element - {"using":"xpath","value":"//*[@id=\"application-managepartners-display-component---NewPartner--btnAddTableRow-img\"]"}
RESULT: {"using":"xpath","value":"//*[@id=\"application-managepartners-display-component---NewPartner--btnAddTableRow-img\"]"}
COMMAND: POST /session/3cebd188cade8bc69ea066f8aad5f3e7/element/f.D8146A0945362D622A49705032EBB55A.d.DCFE9D24C54DD53D98F0A2C86D88F1C4.e.1567/click - {}
RESULT: {}
COMMAND: GET /session/3cebd188cade8bc69ea066f8aad5f3e7/screenshot - {}
RESULT: {}
COMMAND: POST /session/3cebd188cade8bc69ea066f8aad5f3e7/element - {"using":"xpath","value":"//input[@id=\"application-managepartners-display-component---NewPartner--assignmentYard-application-managepartners-display-component---NewPartner--assignmentsTable-0-inner\"]"}
RESULT: {"using":"xpath","value":"//input[@id=\"application-managepartners-display-component---NewPartner--assignmentYard-application-managepartners-display-component---NewPartner--assignmentsTable-0-inner\"]"}
COMMAND: POST /session/3cebd188cade8bc69ea066f8aad5f3e7/element/f.D8146A0945362D622A49705032EBB55A.d.DCFE9D24C54DD53D98F0A2C86D88F1C4.e.1570/clear - {}
RESULT: {}
COMMAND: POST /session/3cebd188cade8bc69ea066f8aad5f3e7/element/f.D8146A0945362D622A49705032EBB55A.d.DCFE9D24C54DD53D98F0A2C86D88F1C4.e.1570/value - {"text":"538"}
COMMAND: GET /session/3cebd188cade8bc69ea066f8aad5f3e7/screenshot - {}
RESULT: {"text":"538"}
COMMAND: GET /session/3cebd188cade8bc69ea066f8aad5f3e7/screenshot - {}
RESULT: {}
RESULT: {}
COMMAND: POST /session/3cebd188cade8bc69ea066f8aad5f3e7/element - {"using":"xpath","value":"//li[.//span[text()='538']]"}
RESULT: {"using":"xpath","value":"//li[.//span[text()='538']]"}
COMMAND: POST /session/3cebd188cade8bc69ea066f8aad5f3e7/element/f.D8146A0945362D622A49705032EBB55A.d.DCFE9D24C54DD53D98F0A2C86D88F1C4.e.1579/click - {}
RESULT: {}
COMMAND: GET /session/3cebd188cade8bc69ea066f8aad5f3e7/screenshot - {}
RESULT: {}
COMMAND: POST /session/3cebd188cade8bc69ea066f8aad5f3e7/actions - {"actions":[{"id":"action3","type":"key","parameters":{},"actions":[{"type":"keyDown","value":""},{"type":"pause","duration":10},{"type":"keyUp","value":""}]}]}
RESULT: {"actions":[{"id":"action3","type":"key","parameters":{},"actions":[{"type":"keyDown","value":""},{"type":"pause","duration":10},{"type":"keyUp","value":""}]}]}
COMMAND: POST /session/3cebd188cade8bc69ea066f8aad5f3e7/execute/async - {"script":"<script> [1562 bytes]","args":[{"selector":{"id":"application-managepartners-display-component---NewPartner--externalCustomerComboBox-application-managepartners-display-component---NewPartner--assignmentsTable-0-vhi"},"wdio_ui5_key":"applicationmanagepartners-display-component---NewPartner--externalCustomerComboBox-application-managepartners-display-component---NewPartner--assignmentsTable-0-vhi"}]}
COMMAND: GET /session/3cebd188cade8bc69ea066f8aad5f3e7/screenshot - {}
RESULT: {"script":"<script> [1562 bytes]","args":[{"selector":{"id":"application-managepartners-display-component---NewPartner--externalCustomerComboBox-application-managepartners-display-component---NewPartner--assignmentsTable-0-vhi"},"wdio_ui5_key":"applicationmanagepartners-display-component---NewPartner--externalCustomerComboBox-application-managepartners-display-component---NewPartner--assignmentsTable-0-vhi"}]}
RESULT: undefined
COMMAND: POST /session/3cebd188cade8bc69ea066f8aad5f3e7/element - {"using":"xpath","value":"//*[@id=\"application-managepartners-display-component---NewPartner--externalCustomerComboBox-application-managepartners-display-component---NewPartner--assignmentsTable-0-vhi\"]"}
RESULT: {}
RESULT: {"using":"xpath","value":"//*[@id=\"application-managepartners-display-component---NewPartner--externalCustomerComboBox-application-managepartners-display-component---NewPartner--assignmentsTable-0-vhi\"]"}
COMMAND: POST /session/3cebd188cade8bc69ea066f8aad5f3e7/element/f.D8146A0945362D622A49705032EBB55A.d.DCFE9D24C54DD53D98F0A2C86D88F1C4.e.1583/click - {}
RESULT: {}
RESULT: undefined
COMMAND: POST /session/3cebd188cade8bc69ea066f8aad5f3e7/execute/async - {"script":"<script> [776 bytes]","args":[{"enterText":"300003","selector":{"controlType":"sap.m.SearchField","properties":{"placeholder":"Search"},"searchOpenDialogs":true,"interaction":{"idSuffix":"I"}},"clearTextFirst":true,"interactionType":"ENTER_TEXT"}]}
COMMAND: GET /session/3cebd188cade8bc69ea066f8aad5f3e7/screenshot - {}
RESULT: {"script":"<script> [776 bytes]","args":[{"enterText":"300003","selector":{"controlType":"sap.m.SearchField","properties":{"placeholder":"Search"},"searchOpenDialogs":true,"interaction":{"idSuffix":"I"}},"clearTextFirst":true,"interactionType":"ENTER_TEXT"}]}
COMMAND: POST /session/3cebd188cade8bc69ea066f8aad5f3e7/actions - {"actions":[{"id":"action4","type":"key","parameters":{},"actions":[{"type":"keyDown","value":""},{"type":"pause","duration":10},{"type":"keyUp","value":""}]}]}
RESULT: {}
RESULT: {"actions":[{"id":"action4","type":"key","parameters":{},"actions":[{"type":"keyDown","value":""},{"type":"pause","duration":10},{"type":"keyUp","value":""}]}]}
COMMAND: GET /session/3cebd188cade8bc69ea066f8aad5f3e7/screenshot - {}
RESULT: {}
COMMAND: POST /session/3cebd188cade8bc69ea066f8aad5f3e7/element - {"using":"xpath","value":"//span[contains(text(), \"300003\")]"}
RESULT: {"using":"xpath","value":"//span[contains(text(), \"300003\")]"}
COMMAND: POST /session/3cebd188cade8bc69ea066f8aad5f3e7/element/f.D8146A0945362D622A49705032EBB55A.d.DCFE9D24C54DD53D98F0A2C86D88F1C4.e.1600/click - {}
RESULT: {}
COMMAND: GET /session/3cebd188cade8bc69ea066f8aad5f3e7/screenshot - {}
RESULT: {}
COMMAND: POST /session/3cebd188cade8bc69ea066f8aad5f3e7/element - {"using":"xpath","value":"//bdi[contains(text(), \"OK\")]"}
RESULT: {"using":"xpath","value":"//bdi[contains(text(), \"OK\")]"}
COMMAND: POST /session/3cebd188cade8bc69ea066f8aad5f3e7/element/f.D8146A0945362D622A49705032EBB55A.d.DCFE9D24C54DD53D98F0A2C86D88F1C4.e.1602/click - {}
RESULT: {}
COMMAND: GET /session/3cebd188cade8bc69ea066f8aad5f3e7/screenshot - {}
RESULT: {}
COMMAND: POST /session/3cebd188cade8bc69ea066f8aad5f3e7/execute/async - {"script":"<script> [1562 bytes]","args":[{"selector":{"id":"application-managepartners-display-component---NewPartner--intercompVendorComboBox-application-managepartners-display-component---NewPartner--assignmentsTable-0-vhi"},"wdio_ui5_key":"applicationmanagepartners-display-component---NewPartner--intercompVendorComboBox-application-managepartners-display-component---NewPartner--assignmentsTable-0-vhi"}]}
RESULT: {"script":"<script> [1562 bytes]","args":[{"selector":{"id":"application-managepartners-display-component---NewPartner--intercompVendorComboBox-application-managepartners-display-component---NewPartner--assignmentsTable-0-vhi"},"wdio_ui5_key":"applicationmanagepartners-display-component---NewPartner--intercompVendorComboBox-application-managepartners-display-component---NewPartner--assignmentsTable-0-vhi"}]}
RESULT: undefined
COMMAND: POST /session/3cebd188cade8bc69ea066f8aad5f3e7/element - {"using":"xpath","value":"//*[@id=\"application-managepartners-display-component---NewPartner--intercompVendorComboBox-application-managepartners-display-component---NewPartner--assignmentsTable-0-vhi\"]"}
RESULT: {"using":"xpath","value":"//*[@id=\"application-managepartners-display-component---NewPartner--intercompVendorComboBox-application-managepartners-display-component---NewPartner--assignmentsTable-0-vhi\"]"}
COMMAND: POST /session/3cebd188cade8bc69ea066f8aad5f3e7/element/f.D8146A0945362D622A49705032EBB55A.d.DCFE9D24C54DD53D98F0A2C86D88F1C4.e.1605/click - {}
RESULT: {}
RESULT: undefined
COMMAND: POST /session/3cebd188cade8bc69ea066f8aad5f3e7/execute/async - {"script":"<script> [776 bytes]","args":[{"enterText":"100005","selector":{"controlType":"sap.m.SearchField","properties":{"placeholder":"Search"},"searchOpenDialogs":true,"interaction":{"idSuffix":"I"}},"clearTextFirst":true,"interactionType":"ENTER_TEXT"}]}
COMMAND: GET /session/3cebd188cade8bc69ea066f8aad5f3e7/screenshot - {}
RESULT: {"script":"<script> [776 bytes]","args":[{"enterText":"100005","selector":{"controlType":"sap.m.SearchField","properties":{"placeholder":"Search"},"searchOpenDialogs":true,"interaction":{"idSuffix":"I"}},"clearTextFirst":true,"interactionType":"ENTER_TEXT"}]}
COMMAND: POST /session/3cebd188cade8bc69ea066f8aad5f3e7/actions - {"actions":[{"id":"action5","type":"key","parameters":{},"actions":[{"type":"keyDown","value":""},{"type":"pause","duration":10},{"type":"keyUp","value":""}]}]}
RESULT: {}
RESULT: {"actions":[{"id":"action5","type":"key","parameters":{},"actions":[{"type":"keyDown","value":""},{"type":"pause","duration":10},{"type":"keyUp","value":""}]}]}
COMMAND: GET /session/3cebd188cade8bc69ea066f8aad5f3e7/screenshot - {}
RESULT: {}
COMMAND: POST /session/3cebd188cade8bc69ea066f8aad5f3e7/element - {"using":"xpath","value":"//span[contains(text(), \"Penguins - Field/12345 Berlin\")]"}
RESULT: {"using":"xpath","value":"//span[contains(text(), \"Penguins - Field/12345 Berlin\")]"}
COMMAND: POST /session/3cebd188cade8bc69ea066f8aad5f3e7/element/f.D8146A0945362D622A49705032EBB55A.d.DCFE9D24C54DD53D98F0A2C86D88F1C4.e.1624/click - {}
RESULT: {}
COMMAND: GET /session/3cebd188cade8bc69ea066f8aad5f3e7/screenshot - {}
RESULT: {}
COMMAND: POST /session/3cebd188cade8bc69ea066f8aad5f3e7/element - {"using":"xpath","value":"//bdi[contains(text(), \"OK\")]"}
RESULT: {"using":"xpath","value":"//bdi[contains(text(), \"OK\")]"}
COMMAND: POST /session/3cebd188cade8bc69ea066f8aad5f3e7/element/f.D8146A0945362D622A49705032EBB55A.d.DCFE9D24C54DD53D98F0A2C86D88F1C4.e.1625/click - {}
RESULT: {}
COMMAND: GET /session/3cebd188cade8bc69ea066f8aad5f3e7/screenshot - {}
RESULT: {}
COMMAND: POST /session/3cebd188cade8bc69ea066f8aad5f3e7/element - {"using":"xpath","value":"//button[@data-kt=\"saveButton\"]"}
RESULT: {"using":"xpath","value":"//button[@data-kt=\"saveButton\"]"}
COMMAND: POST /session/3cebd188cade8bc69ea066f8aad5f3e7/element/f.D8146A0945362D622A49705032EBB55A.d.DCFE9D24C54DD53D98F0A2C86D88F1C4.e.1461/click - {}
RESULT: {}
COMMAND: GET /session/3cebd188cade8bc69ea066f8aad5f3e7/screenshot - {}
RESULT: {}
COMMAND: POST /session/3cebd188cade8bc69ea066f8aad5f3e7/element - {"using":"xpath","value":"//header[contains(@id, 'ObjectPageLayout-headerTitle')]/div[1]/div[2]/div[2]/span[1]"}
RESULT: {"using":"xpath","value":"//header[contains(@id, 'ObjectPageLayout-headerTitle')]/div[1]/div[2]/div[2]/span[1]"}
COMMAND: POST /session/3cebd188cade8bc69ea066f8aad5f3e7/elements - {"using":"xpath","value":"//header[contains(@id, 'ObjectPageLayout-headerTitle')]/div[1]/div[2]/div[2]/span[1]"}
RESULT: {"using":"xpath","value":"//header[contains(@id, 'ObjectPageLayout-headerTitle')]/div[1]/div[2]/div[2]/span[1]"}
COMMAND: POST /session/3cebd188cade8bc69ea066f8aad5f3e7/execute/sync - {"script":"<script> [56 bytes]","args":[{"element-6066-11e4-a52e-4f735466cecf":"f.D8146A0945362D622A49705032EBB55A.d.DCFE9D24C54DD53D98F0A2C86D88F1C4.e.1789","ELEMENT":"f.D8146A0945362D622A49705032EBB55A.d.DCFE9D24C54DD53D98F0A2C86D88F1C4.e.1789"}]}
RESULT: {"script":"<script> [56 bytes]","args":[{"element-6066-11e4-a52e-4f735466cecf":"f.D8146A0945362D622A49705032EBB55A.d.DCFE9D24C54DD53D98F0A2C86D88F1C4.e.1789","ELEMENT":"f.D8146A0945362D622A49705032EBB55A.d.DCFE9D24C54DD53D98F0A2C86D88F1C4.e.1789"}]}
COMMAND: POST /session/3cebd188cade8bc69ea066f8aad5f3e7/element - {"using":"css selector","value":"#shell-header-logo"}
COMMAND: GET /session/3cebd188cade8bc69ea066f8aad5f3e7/screenshot - {}
RESULT: {"using":"css selector","value":"#shell-header-logo"}
COMMAND: POST /session/3cebd188cade8bc69ea066f8aad5f3e7/element/f.D8146A0945362D622A49705032EBB55A.d.DCFE9D24C54DD53D98F0A2C86D88F1C4.e.1010/click - {}
RESULT: {}
RESULT: {}
COMMAND: GET /session/3cebd188cade8bc69ea066f8aad5f3e7/screenshot - {}
RESULT: {}
COMMAND: POST /session/3cebd188cade8bc69ea066f8aad5f3e7/execute/sync - {"script":"<script> [299 bytes]","args":[["getModel","getResource"]]}
RESULT: {"script":"<script> [299 bytes]","args":[["getModel","getResource"]]}
COMMAND: GET /session/3cebd188cade8bc69ea066f8aad5f3e7/screenshot - {}
]]></system-out>
    </testcase>
    <testcase classname="chrome.136_0_7103_93.windows.Tests_for_Mass_State_Change_on_Manage_States_&amp;_Performances_US104416_US" name="Prereq Should create a new site" time="103.407">
      <system-out><![CDATA[
COMMAND: POST /session/3cebd188cade8bc69ea066f8aad5f3e7/execute/async - {"script":"<script> [1562 bytes]","args":[{"selector":{"controlType":"sap.m.GenericTile","properties":{"header":"Manage Sites"}},"wdio_ui5_key":"sapm.GenericTile{\"header\":\"Manage Sites\"}"}]}
RESULT: {}
RESULT: {"script":"<script> [1562 bytes]","args":[{"selector":{"controlType":"sap.m.GenericTile","properties":{"header":"Manage Sites"}},"wdio_ui5_key":"sapm.GenericTile{\"header\":\"Manage Sites\"}"}]}
RESULT: undefined
COMMAND: POST /session/3cebd188cade8bc69ea066f8aad5f3e7/element - {"using":"xpath","value":"//*[@id=\"__tile40\"]"}
RESULT: {"using":"xpath","value":"//*[@id=\"__tile40\"]"}
COMMAND: POST /session/3cebd188cade8bc69ea066f8aad5f3e7/element/f.D8146A0945362D622A49705032EBB55A.d.DCFE9D24C54DD53D98F0A2C86D88F1C4.e.160/click - {}
RESULT: {}
COMMAND: GET /session/3cebd188cade8bc69ea066f8aad5f3e7/screenshot - {}
RESULT: {}
COMMAND: POST /session/3cebd188cade8bc69ea066f8aad5f3e7/elements - {"using":"xpath","value":"//span[text()='Error']"}
RESULT: {"using":"xpath","value":"//span[text()='Error']"}
COMMAND: POST /session/3cebd188cade8bc69ea066f8aad5f3e7/element - {"using":"xpath","value":"//button[@data-kt=\"addOverflowToolbarButton\"]"}
RESULT: {"using":"xpath","value":"//button[@data-kt=\"addOverflowToolbarButton\"]"}
COMMAND: POST /session/3cebd188cade8bc69ea066f8aad5f3e7/elements - {"using":"xpath","value":"//button[@data-kt=\"addOverflowToolbarButton\"]"}
RESULT: {"using":"xpath","value":"//button[@data-kt=\"addOverflowToolbarButton\"]"}
COMMAND: POST /session/3cebd188cade8bc69ea066f8aad5f3e7/execute/sync - {"script":"<script> [8489 bytes]","args":[{"element-6066-11e4-a52e-4f735466cecf":"f.D8146A0945362D622A49705032EBB55A.d.DCFE9D24C54DD53D98F0A2C86D88F1C4.e.1837","ELEMENT":"f.D8146A0945362D622A49705032EBB55A.d.DCFE9D24C54DD53D98F0A2C86D88F1C4.e.1837"}]}
RESULT: {"script":"<script> [8489 bytes]","args":[{"element-6066-11e4-a52e-4f735466cecf":"f.D8146A0945362D622A49705032EBB55A.d.DCFE9D24C54DD53D98F0A2C86D88F1C4.e.1837","ELEMENT":"f.D8146A0945362D622A49705032EBB55A.d.DCFE9D24C54DD53D98F0A2C86D88F1C4.e.1837"}]}
COMMAND: GET /session/3cebd188cade8bc69ea066f8aad5f3e7/element/f.D8146A0945362D622A49705032EBB55A.d.DCFE9D24C54DD53D98F0A2C86D88F1C4.e.1837/enabled - {}
COMMAND: GET /session/3cebd188cade8bc69ea066f8aad5f3e7/screenshot - {}
RESULT: {}
COMMAND: POST /session/3cebd188cade8bc69ea066f8aad5f3e7/execute/sync - {"script":"<script> [8489 bytes]","args":[{"element-6066-11e4-a52e-4f735466cecf":"f.D8146A0945362D622A49705032EBB55A.d.DCFE9D24C54DD53D98F0A2C86D88F1C4.e.1837","ELEMENT":"f.D8146A0945362D622A49705032EBB55A.d.DCFE9D24C54DD53D98F0A2C86D88F1C4.e.1837"}]}
COMMAND: GET /session/3cebd188cade8bc69ea066f8aad5f3e7/screenshot - {}
RESULT: {}
RESULT: {"script":"<script> [8489 bytes]","args":[{"element-6066-11e4-a52e-4f735466cecf":"f.D8146A0945362D622A49705032EBB55A.d.DCFE9D24C54DD53D98F0A2C86D88F1C4.e.1837","ELEMENT":"f.D8146A0945362D622A49705032EBB55A.d.DCFE9D24C54DD53D98F0A2C86D88F1C4.e.1837"}]}
COMMAND: POST /session/3cebd188cade8bc69ea066f8aad5f3e7/execute/sync - {"script":"<script> [5351 bytes]","args":[{"element-6066-11e4-a52e-4f735466cecf":"f.D8146A0945362D622A49705032EBB55A.d.DCFE9D24C54DD53D98F0A2C86D88F1C4.e.1837","ELEMENT":"f.D8146A0945362D622A49705032EBB55A.d.DCFE9D24C54DD53D98F0A2C86D88F1C4.e.1837"}]}
COMMAND: GET /session/3cebd188cade8bc69ea066f8aad5f3e7/screenshot - {}
RESULT: {}
RESULT: {"script":"<script> [5351 bytes]","args":[{"element-6066-11e4-a52e-4f735466cecf":"f.D8146A0945362D622A49705032EBB55A.d.DCFE9D24C54DD53D98F0A2C86D88F1C4.e.1837","ELEMENT":"f.D8146A0945362D622A49705032EBB55A.d.DCFE9D24C54DD53D98F0A2C86D88F1C4.e.1837"}]}
COMMAND: POST /session/3cebd188cade8bc69ea066f8aad5f3e7/element/f.D8146A0945362D622A49705032EBB55A.d.DCFE9D24C54DD53D98F0A2C86D88F1C4.e.1837/click - {}
COMMAND: GET /session/3cebd188cade8bc69ea066f8aad5f3e7/screenshot - {}
RESULT: {}
RESULT: {}
COMMAND: GET /session/3cebd188cade8bc69ea066f8aad5f3e7/screenshot - {}
RESULT: {}
RESULT: {}
COMMAND: POST /session/3cebd188cade8bc69ea066f8aad5f3e7/element - {"using":"xpath","value":"//input[@id=\"application-managesites-display-component---NewSite--siteId-inner\"]"}
RESULT: {"using":"xpath","value":"//input[@id=\"application-managesites-display-component---NewSite--siteId-inner\"]"}
COMMAND: POST /session/3cebd188cade8bc69ea066f8aad5f3e7/element - {"using":"xpath","value":"//input[@id=\"application-managesites-display-component---NewSite--siteId-inner\"]"}
RESULT: {"using":"xpath","value":"//input[@id=\"application-managesites-display-component---NewSite--siteId-inner\"]"}
COMMAND: POST /session/3cebd188cade8bc69ea066f8aad5f3e7/execute/async - {"script":"<script> [1562 bytes]","args":[{"selector":{"id":"application-managesites-display-component---NewSite--addressDetailDetailsName1","interaction":{"idSuffix":"inner"}},"wdio_ui5_key":"applicationmanagesites-display-component---NewSite--addressDetailDetailsName1"}]}
RESULT: {"script":"<script> [1562 bytes]","args":[{"selector":{"id":"application-managesites-display-component---NewSite--addressDetailDetailsName1","interaction":{"idSuffix":"inner"}},"wdio_ui5_key":"applicationmanagesites-display-component---NewSite--addressDetailDetailsName1"}]}
RESULT: undefined
COMMAND: POST /session/3cebd188cade8bc69ea066f8aad5f3e7/execute/async - {"script":"<script> [776 bytes]","args":[{"enterText":"Intracompany Site wdIO","selector":{"id":"application-managesites-display-component---NewSite--addressDetailDetailsName1","interaction":{"idSuffix":"inner"}},"clearTextFirst":true,"interactionType":"ENTER_TEXT"}]}
RESULT: {"script":"<script> [776 bytes]","args":[{"enterText":"Intracompany Site wdIO","selector":{"id":"application-managesites-display-component---NewSite--addressDetailDetailsName1","interaction":{"idSuffix":"inner"}},"clearTextFirst":true,"interactionType":"ENTER_TEXT"}]}
COMMAND: POST /session/3cebd188cade8bc69ea066f8aad5f3e7/execute/async - {"script":"<script> [1562 bytes]","args":[{"selector":{"id":"application-managesites-display-component---NewSite--addressDetailDetailsLanguage-arrow"},"wdio_ui5_key":"applicationmanagesites-display-component---NewSite--addressDetailDetailsLanguage-arrow"}]}
RESULT: {"script":"<script> [1562 bytes]","args":[{"selector":{"id":"application-managesites-display-component---NewSite--addressDetailDetailsLanguage-arrow"},"wdio_ui5_key":"applicationmanagesites-display-component---NewSite--addressDetailDetailsLanguage-arrow"}]}
RESULT: undefined
COMMAND: POST /session/3cebd188cade8bc69ea066f8aad5f3e7/element - {"using":"xpath","value":"//*[@id=\"application-managesites-display-component---NewSite--addressDetailDetailsLanguage-arrow\"]"}
RESULT: {"using":"xpath","value":"//*[@id=\"application-managesites-display-component---NewSite--addressDetailDetailsLanguage-arrow\"]"}
COMMAND: POST /session/3cebd188cade8bc69ea066f8aad5f3e7/element/f.D8146A0945362D622A49705032EBB55A.d.DCFE9D24C54DD53D98F0A2C86D88F1C4.e.2238/click - {}
RESULT: {}
COMMAND: POST /session/3cebd188cade8bc69ea066f8aad5f3e7/element - {"using":"xpath","value":"//span[contains(text(), \"English\")]"}
COMMAND: GET /session/3cebd188cade8bc69ea066f8aad5f3e7/screenshot - {}
RESULT: {"using":"xpath","value":"//span[contains(text(), \"English\")]"}
COMMAND: POST /session/3cebd188cade8bc69ea066f8aad5f3e7/element/f.D8146A0945362D622A49705032EBB55A.d.DCFE9D24C54DD53D98F0A2C86D88F1C4.e.2239/click - {}
RESULT: {}
RESULT: {}
COMMAND: POST /session/3cebd188cade8bc69ea066f8aad5f3e7/execute/async - {"script":"<script> [1562 bytes]","args":[{"selector":{"id":"application-managesites-display-component---NewSite--addressDetailDetailsCity1","interaction":{"idSuffix":"inner"}},"wdio_ui5_key":"applicationmanagesites-display-component---NewSite--addressDetailDetailsCity1"}]}
COMMAND: GET /session/3cebd188cade8bc69ea066f8aad5f3e7/screenshot - {}
RESULT: {"script":"<script> [1562 bytes]","args":[{"selector":{"id":"application-managesites-display-component---NewSite--addressDetailDetailsCity1","interaction":{"idSuffix":"inner"}},"wdio_ui5_key":"applicationmanagesites-display-component---NewSite--addressDetailDetailsCity1"}]}
RESULT: undefined
COMMAND: POST /session/3cebd188cade8bc69ea066f8aad5f3e7/execute/async - {"script":"<script> [776 bytes]","args":[{"enterText":"Rosario","selector":{"id":"application-managesites-display-component---NewSite--addressDetailDetailsCity1","interaction":{"idSuffix":"inner"}},"clearTextFirst":true,"interactionType":"ENTER_TEXT"}]}
RESULT: {}
RESULT: {"script":"<script> [776 bytes]","args":[{"enterText":"Rosario","selector":{"id":"application-managesites-display-component---NewSite--addressDetailDetailsCity1","interaction":{"idSuffix":"inner"}},"clearTextFirst":true,"interactionType":"ENTER_TEXT"}]}
COMMAND: POST /session/3cebd188cade8bc69ea066f8aad5f3e7/execute/async - {"script":"<script> [1562 bytes]","args":[{"selector":{"id":"application-managesites-display-component---NewSite--addressDetailDetailsCountry-arrow"},"wdio_ui5_key":"applicationmanagesites-display-component---NewSite--addressDetailDetailsCountry-arrow"}]}
RESULT: {"script":"<script> [1562 bytes]","args":[{"selector":{"id":"application-managesites-display-component---NewSite--addressDetailDetailsCountry-arrow"},"wdio_ui5_key":"applicationmanagesites-display-component---NewSite--addressDetailDetailsCountry-arrow"}]}
RESULT: undefined
COMMAND: POST /session/3cebd188cade8bc69ea066f8aad5f3e7/element - {"using":"xpath","value":"//*[@id=\"application-managesites-display-component---NewSite--addressDetailDetailsCountry-arrow\"]"}
RESULT: {"using":"xpath","value":"//*[@id=\"application-managesites-display-component---NewSite--addressDetailDetailsCountry-arrow\"]"}
COMMAND: POST /session/3cebd188cade8bc69ea066f8aad5f3e7/element/f.D8146A0945362D622A49705032EBB55A.d.DCFE9D24C54DD53D98F0A2C86D88F1C4.e.2241/click - {}
RESULT: {}
COMMAND: POST /session/3cebd188cade8bc69ea066f8aad5f3e7/element - {"using":"xpath","value":"//span[contains(text(), \"Argentina\")]"}
COMMAND: GET /session/3cebd188cade8bc69ea066f8aad5f3e7/screenshot - {}
RESULT: {"using":"xpath","value":"//span[contains(text(), \"Argentina\")]"}
COMMAND: POST /session/3cebd188cade8bc69ea066f8aad5f3e7/element/f.D8146A0945362D622A49705032EBB55A.d.DCFE9D24C54DD53D98F0A2C86D88F1C4.e.2243/click - {}
RESULT: {}
RESULT: {}
COMMAND: GET /session/3cebd188cade8bc69ea066f8aad5f3e7/screenshot - {}
RESULT: {}
COMMAND: POST /session/3cebd188cade8bc69ea066f8aad5f3e7/execute/async - {"script":"<script> [1562 bytes]","args":[{"selector":{"id":"application-managesites-display-component---NewSite--addressEditDetailsCostObjectCstType-arrow"},"wdio_ui5_key":"applicationmanagesites-display-component---NewSite--addressEditDetailsCostObjectCstType-arrow"}]}
RESULT: {"script":"<script> [1562 bytes]","args":[{"selector":{"id":"application-managesites-display-component---NewSite--addressEditDetailsCostObjectCstType-arrow"},"wdio_ui5_key":"applicationmanagesites-display-component---NewSite--addressEditDetailsCostObjectCstType-arrow"}]}
RESULT: undefined
COMMAND: POST /session/3cebd188cade8bc69ea066f8aad5f3e7/element - {"using":"xpath","value":"//*[@id=\"application-managesites-display-component---NewSite--addressEditDetailsCostObjectCstType-arrow\"]"}
RESULT: {"using":"xpath","value":"//*[@id=\"application-managesites-display-component---NewSite--addressEditDetailsCostObjectCstType-arrow\"]"}
COMMAND: POST /session/3cebd188cade8bc69ea066f8aad5f3e7/element/f.D8146A0945362D622A49705032EBB55A.d.DCFE9D24C54DD53D98F0A2C86D88F1C4.e.2244/click - {}
RESULT: {}
COMMAND: POST /session/3cebd188cade8bc69ea066f8aad5f3e7/element - {"using":"xpath","value":"//span[contains(text(), \"Cost Center\")]"}
COMMAND: GET /session/3cebd188cade8bc69ea066f8aad5f3e7/screenshot - {}
RESULT: {"using":"xpath","value":"//span[contains(text(), \"Cost Center\")]"}
COMMAND: POST /session/3cebd188cade8bc69ea066f8aad5f3e7/element/f.D8146A0945362D622A49705032EBB55A.d.DCFE9D24C54DD53D98F0A2C86D88F1C4.e.2245/click - {}
RESULT: {}
RESULT: {}
COMMAND: GET /session/3cebd188cade8bc69ea066f8aad5f3e7/screenshot - {}
RESULT: {}
COMMAND: POST /session/3cebd188cade8bc69ea066f8aad5f3e7/element - {"using":"xpath","value":"//span[@id=\"application-managesites-display-component---NewSite--addressNewCostObjectCstID-vhi\"]"}
RESULT: {"using":"xpath","value":"//span[@id=\"application-managesites-display-component---NewSite--addressNewCostObjectCstID-vhi\"]"}
COMMAND: POST /session/3cebd188cade8bc69ea066f8aad5f3e7/execute/sync - {"script":"<script> [8489 bytes]","args":[{"element-6066-11e4-a52e-4f735466cecf":"f.D8146A0945362D622A49705032EBB55A.d.DCFE9D24C54DD53D98F0A2C86D88F1C4.e.2250","ELEMENT":"f.D8146A0945362D622A49705032EBB55A.d.DCFE9D24C54DD53D98F0A2C86D88F1C4.e.2250"}]}
RESULT: {"script":"<script> [8489 bytes]","args":[{"element-6066-11e4-a52e-4f735466cecf":"f.D8146A0945362D622A49705032EBB55A.d.DCFE9D24C54DD53D98F0A2C86D88F1C4.e.2250","ELEMENT":"f.D8146A0945362D622A49705032EBB55A.d.DCFE9D24C54DD53D98F0A2C86D88F1C4.e.2250"}]}
COMMAND: POST /session/3cebd188cade8bc69ea066f8aad5f3e7/execute/async - {"script":"<script> [1562 bytes]","args":[{"selector":{"id":"application-managesites-display-component---NewSite--addressNewCostObjectCstID-vhi"},"wdio_ui5_key":"applicationmanagesites-display-component---NewSite--addressNewCostObjectCstID-vhi"}]}
COMMAND: GET /session/3cebd188cade8bc69ea066f8aad5f3e7/screenshot - {}
RESULT: {"script":"<script> [1562 bytes]","args":[{"selector":{"id":"application-managesites-display-component---NewSite--addressNewCostObjectCstID-vhi"},"wdio_ui5_key":"applicationmanagesites-display-component---NewSite--addressNewCostObjectCstID-vhi"}]}
RESULT: undefined
COMMAND: POST /session/3cebd188cade8bc69ea066f8aad5f3e7/element - {"using":"xpath","value":"//*[@id=\"application-managesites-display-component---NewSite--addressNewCostObjectCstID-vhi\"]"}
RESULT: {}
RESULT: {"using":"xpath","value":"//*[@id=\"application-managesites-display-component---NewSite--addressNewCostObjectCstID-vhi\"]"}
COMMAND: POST /session/3cebd188cade8bc69ea066f8aad5f3e7/element/f.D8146A0945362D622A49705032EBB55A.d.DCFE9D24C54DD53D98F0A2C86D88F1C4.e.2250/click - {}
RESULT: {}
COMMAND: GET /session/3cebd188cade8bc69ea066f8aad5f3e7/screenshot - {}
RESULT: {}
RESULT: undefined
COMMAND: POST /session/3cebd188cade8bc69ea066f8aad5f3e7/execute/async - {"script":"<script> [776 bytes]","args":[{"enterText":"10001013","selector":{"controlType":"sap.m.SearchField","properties":{"placeholder":"Search"},"searchOpenDialogs":true,"interaction":{"idSuffix":"I"}},"clearTextFirst":true,"interactionType":"ENTER_TEXT"}]}
RESULT: {"script":"<script> [776 bytes]","args":[{"enterText":"10001013","selector":{"controlType":"sap.m.SearchField","properties":{"placeholder":"Search"},"searchOpenDialogs":true,"interaction":{"idSuffix":"I"}},"clearTextFirst":true,"interactionType":"ENTER_TEXT"}]}
COMMAND: POST /session/3cebd188cade8bc69ea066f8aad5f3e7/actions - {"actions":[{"id":"action6","type":"key","parameters":{},"actions":[{"type":"keyDown","value":""},{"type":"pause","duration":10},{"type":"keyUp","value":""}]}]}
RESULT: {"actions":[{"id":"action6","type":"key","parameters":{},"actions":[{"type":"keyDown","value":""},{"type":"pause","duration":10},{"type":"keyUp","value":""}]}]}
COMMAND: GET /session/3cebd188cade8bc69ea066f8aad5f3e7/screenshot - {}
RESULT: {}
COMMAND: POST /session/3cebd188cade8bc69ea066f8aad5f3e7/element - {"using":"xpath","value":"//span[contains(text(), \"General Management\")]"}
RESULT: {"using":"xpath","value":"//span[contains(text(), \"General Management\")]"}
COMMAND: POST /session/3cebd188cade8bc69ea066f8aad5f3e7/element/f.D8146A0945362D622A49705032EBB55A.d.DCFE9D24C54DD53D98F0A2C86D88F1C4.e.2289/click - {}
RESULT: {}
COMMAND: GET /session/3cebd188cade8bc69ea066f8aad5f3e7/screenshot - {}
RESULT: {}
COMMAND: POST /session/3cebd188cade8bc69ea066f8aad5f3e7/element - {"using":"xpath","value":"//bdi[contains(text(), \"OK\")]"}
RESULT: {"using":"xpath","value":"//bdi[contains(text(), \"OK\")]"}
COMMAND: POST /session/3cebd188cade8bc69ea066f8aad5f3e7/element/f.D8146A0945362D622A49705032EBB55A.d.DCFE9D24C54DD53D98F0A2C86D88F1C4.e.2290/click - {}
RESULT: {}
COMMAND: GET /session/3cebd188cade8bc69ea066f8aad5f3e7/screenshot - {}
RESULT: {}
COMMAND: POST /session/3cebd188cade8bc69ea066f8aad5f3e7/element - {"using":"xpath","value":"//input[@id=\"application-managesites-display-component---NewSite--addressDetailDetailsCalendar-inner\"]"}
RESULT: {"using":"xpath","value":"//input[@id=\"application-managesites-display-component---NewSite--addressDetailDetailsCalendar-inner\"]"}
COMMAND: POST /session/3cebd188cade8bc69ea066f8aad5f3e7/element/f.D8146A0945362D622A49705032EBB55A.d.DCFE9D24C54DD53D98F0A2C86D88F1C4.e.2029/clear - {}
RESULT: {}
COMMAND: POST /session/3cebd188cade8bc69ea066f8aad5f3e7/element/f.D8146A0945362D622A49705032EBB55A.d.DCFE9D24C54DD53D98F0A2C86D88F1C4.e.2029/value - {"text":"Unit"}
COMMAND: GET /session/3cebd188cade8bc69ea066f8aad5f3e7/screenshot - {}
RESULT: {"text":"Unit"}
COMMAND: GET /session/3cebd188cade8bc69ea066f8aad5f3e7/screenshot - {}
RESULT: {}
RESULT: {}
COMMAND: POST /session/3cebd188cade8bc69ea066f8aad5f3e7/actions - {"actions":[{"id":"action7","type":"key","parameters":{},"actions":[{"type":"keyDown","value":""},{"type":"pause","duration":10},{"type":"keyUp","value":""}]}]}
RESULT: {"actions":[{"id":"action7","type":"key","parameters":{},"actions":[{"type":"keyDown","value":""},{"type":"pause","duration":10},{"type":"keyUp","value":""}]}]}
COMMAND: POST /session/3cebd188cade8bc69ea066f8aad5f3e7/element - {"using":"xpath","value":"//input[@id=\"application-managesites-display-component---NewSite--addressDetailDetailsYard-inner\"]"}
COMMAND: GET /session/3cebd188cade8bc69ea066f8aad5f3e7/screenshot - {}
RESULT: {"using":"xpath","value":"//input[@id=\"application-managesites-display-component---NewSite--addressDetailDetailsYard-inner\"]"}
COMMAND: POST /session/3cebd188cade8bc69ea066f8aad5f3e7/element/f.D8146A0945362D622A49705032EBB55A.d.DCFE9D24C54DD53D98F0A2C86D88F1C4.e.2030/clear - {}
RESULT: {}
RESULT: {}
COMMAND: POST /session/3cebd188cade8bc69ea066f8aad5f3e7/element/f.D8146A0945362D622A49705032EBB55A.d.DCFE9D24C54DD53D98F0A2C86D88F1C4.e.2030/value - {"text":"538"}
COMMAND: GET /session/3cebd188cade8bc69ea066f8aad5f3e7/screenshot - {}
RESULT: {"text":"538"}
COMMAND: GET /session/3cebd188cade8bc69ea066f8aad5f3e7/screenshot - {}
RESULT: {}
RESULT: {}
COMMAND: POST /session/3cebd188cade8bc69ea066f8aad5f3e7/element - {"using":"xpath","value":"//li[.//span[text()='538']]"}
RESULT: {"using":"xpath","value":"//li[.//span[text()='538']]"}
COMMAND: POST /session/3cebd188cade8bc69ea066f8aad5f3e7/element/f.D8146A0945362D622A49705032EBB55A.d.DCFE9D24C54DD53D98F0A2C86D88F1C4.e.2298/click - {}
RESULT: {}
COMMAND: GET /session/3cebd188cade8bc69ea066f8aad5f3e7/screenshot - {}
RESULT: {}
COMMAND: POST /session/3cebd188cade8bc69ea066f8aad5f3e7/element - {"using":"xpath","value":"//input[@id=\"application-managesites-display-component---NewSite--addressDetailDetailsPartner-inner\"]"}
RESULT: {"using":"xpath","value":"//input[@id=\"application-managesites-display-component---NewSite--addressDetailDetailsPartner-inner\"]"}
COMMAND: POST /session/3cebd188cade8bc69ea066f8aad5f3e7/element - {"using":"xpath","value":"//input[@id=\"application-managesites-display-component---NewSite--addressDetailDetailsPartner-inner\"]"}
RESULT: {"using":"xpath","value":"//input[@id=\"application-managesites-display-component---NewSite--addressDetailDetailsPartner-inner\"]"}
COMMAND: POST /session/3cebd188cade8bc69ea066f8aad5f3e7/element - {"using":"xpath","value":"//button[@data-kt=\"saveButton\"]"}
RESULT: {"using":"xpath","value":"//button[@data-kt=\"saveButton\"]"}
COMMAND: POST /session/3cebd188cade8bc69ea066f8aad5f3e7/element/f.D8146A0945362D622A49705032EBB55A.d.DCFE9D24C54DD53D98F0A2C86D88F1C4.e.2223/click - {}
RESULT: {}
COMMAND: GET /session/3cebd188cade8bc69ea066f8aad5f3e7/screenshot - {}
RESULT: {}
COMMAND: POST /session/3cebd188cade8bc69ea066f8aad5f3e7/element - {"using":"xpath","value":"//header[contains(@id, 'ObjectPageLayout-headerTitle')]/div[1]/div[2]/div[2]/span[1]"}
RESULT: {"using":"xpath","value":"//header[contains(@id, 'ObjectPageLayout-headerTitle')]/div[1]/div[2]/div[2]/span[1]"}
COMMAND: POST /session/3cebd188cade8bc69ea066f8aad5f3e7/elements - {"using":"xpath","value":"//header[contains(@id, 'ObjectPageLayout-headerTitle')]/div[1]/div[2]/div[2]/span[1]"}
RESULT: {"using":"xpath","value":"//header[contains(@id, 'ObjectPageLayout-headerTitle')]/div[1]/div[2]/div[2]/span[1]"}
COMMAND: POST /session/3cebd188cade8bc69ea066f8aad5f3e7/execute/sync - {"script":"<script> [56 bytes]","args":[{"element-6066-11e4-a52e-4f735466cecf":"f.D8146A0945362D622A49705032EBB55A.d.DCFE9D24C54DD53D98F0A2C86D88F1C4.e.2504","ELEMENT":"f.D8146A0945362D622A49705032EBB55A.d.DCFE9D24C54DD53D98F0A2C86D88F1C4.e.2504"}]}
RESULT: {"script":"<script> [56 bytes]","args":[{"element-6066-11e4-a52e-4f735466cecf":"f.D8146A0945362D622A49705032EBB55A.d.DCFE9D24C54DD53D98F0A2C86D88F1C4.e.2504","ELEMENT":"f.D8146A0945362D622A49705032EBB55A.d.DCFE9D24C54DD53D98F0A2C86D88F1C4.e.2504"}]}
COMMAND: POST /session/3cebd188cade8bc69ea066f8aad5f3e7/element - {"using":"css selector","value":"#shell-header-logo"}
COMMAND: GET /session/3cebd188cade8bc69ea066f8aad5f3e7/screenshot - {}
RESULT: {"using":"css selector","value":"#shell-header-logo"}
COMMAND: POST /session/3cebd188cade8bc69ea066f8aad5f3e7/element/f.D8146A0945362D622A49705032EBB55A.d.DCFE9D24C54DD53D98F0A2C86D88F1C4.e.1794/click - {}
RESULT: {}
RESULT: {}
COMMAND: GET /session/3cebd188cade8bc69ea066f8aad5f3e7/screenshot - {}
RESULT: {}
COMMAND: POST /session/3cebd188cade8bc69ea066f8aad5f3e7/execute/sync - {"script":"<script> [299 bytes]","args":[["getModel","getResource"]]}
RESULT: {"script":"<script> [299 bytes]","args":[["getModel","getResource"]]}
]]></system-out>
    </testcase>
    <testcase classname="chrome.136_0_7103_93.windows.Tests_for_Mass_State_Change_on_Manage_States_&amp;_Performances_US104416_US" name="Prereq Should create a new equipment multipart" time="136.969">
      <system-out><![CDATA[
COMMAND: GET /session/3cebd188cade8bc69ea066f8aad5f3e7/screenshot - {}
COMMAND: POST /session/3cebd188cade8bc69ea066f8aad5f3e7/execute/async - {"script":"<script> [1562 bytes]","args":[{"selector":{"controlType":"sap.m.GenericTile","properties":{"header":"Manage Resources"}},"wdio_ui5_key":"sapm.GenericTile{\"header\":\"Manage Resources\"}"}]}
RESULT: {}
RESULT: {"script":"<script> [1562 bytes]","args":[{"selector":{"controlType":"sap.m.GenericTile","properties":{"header":"Manage Resources"}},"wdio_ui5_key":"sapm.GenericTile{\"header\":\"Manage Resources\"}"}]}
RESULT: undefined
COMMAND: POST /session/3cebd188cade8bc69ea066f8aad5f3e7/element - {"using":"xpath","value":"//*[@id=\"__tile39\"]"}
RESULT: {"using":"xpath","value":"//*[@id=\"__tile39\"]"}
COMMAND: POST /session/3cebd188cade8bc69ea066f8aad5f3e7/element/f.D8146A0945362D622A49705032EBB55A.d.DCFE9D24C54DD53D98F0A2C86D88F1C4.e.157/click - {}
RESULT: {}
COMMAND: GET /session/3cebd188cade8bc69ea066f8aad5f3e7/screenshot - {}
RESULT: {}
COMMAND: POST /session/3cebd188cade8bc69ea066f8aad5f3e7/elements - {"using":"xpath","value":"//span[text()='Error']"}
RESULT: {"using":"xpath","value":"//span[text()='Error']"}
COMMAND: POST /session/3cebd188cade8bc69ea066f8aad5f3e7/element - {"using":"xpath","value":"//button[@data-kt=\"addNewRUOverflowToolbarButton\"]"}
RESULT: {"using":"xpath","value":"//button[@data-kt=\"addNewRUOverflowToolbarButton\"]"}
COMMAND: POST /session/3cebd188cade8bc69ea066f8aad5f3e7/elements - {"using":"xpath","value":"//button[@data-kt=\"addNewRUOverflowToolbarButton\"]"}
RESULT: {"using":"xpath","value":"//button[@data-kt=\"addNewRUOverflowToolbarButton\"]"}
COMMAND: POST /session/3cebd188cade8bc69ea066f8aad5f3e7/elements - {"using":"xpath","value":"//button[@data-kt=\"addNewRUOverflowToolbarButton\"]"}
RESULT: {"using":"xpath","value":"//button[@data-kt=\"addNewRUOverflowToolbarButton\"]"}
COMMAND: POST /session/3cebd188cade8bc69ea066f8aad5f3e7/element - {"using":"xpath","value":"//button[@data-kt=\"addNewRUOverflowToolbarButton\"]"}
RESULT: {"using":"xpath","value":"//button[@data-kt=\"addNewRUOverflowToolbarButton\"]"}
COMMAND: POST /session/3cebd188cade8bc69ea066f8aad5f3e7/execute/sync - {"script":"<script> [8489 bytes]","args":[{"element-6066-11e4-a52e-4f735466cecf":"f.D8146A0945362D622A49705032EBB55A.d.DCFE9D24C54DD53D98F0A2C86D88F1C4.e.2535","ELEMENT":"f.D8146A0945362D622A49705032EBB55A.d.DCFE9D24C54DD53D98F0A2C86D88F1C4.e.2535"}]}
RESULT: {"script":"<script> [8489 bytes]","args":[{"element-6066-11e4-a52e-4f735466cecf":"f.D8146A0945362D622A49705032EBB55A.d.DCFE9D24C54DD53D98F0A2C86D88F1C4.e.2535","ELEMENT":"f.D8146A0945362D622A49705032EBB55A.d.DCFE9D24C54DD53D98F0A2C86D88F1C4.e.2535"}]}
COMMAND: GET /session/3cebd188cade8bc69ea066f8aad5f3e7/element/f.D8146A0945362D622A49705032EBB55A.d.DCFE9D24C54DD53D98F0A2C86D88F1C4.e.2535/enabled - {}
COMMAND: GET /session/3cebd188cade8bc69ea066f8aad5f3e7/screenshot - {}
RESULT: {}
RESULT: {}
COMMAND: POST /session/3cebd188cade8bc69ea066f8aad5f3e7/execute/sync - {"script":"<script> [8489 bytes]","args":[{"element-6066-11e4-a52e-4f735466cecf":"f.D8146A0945362D622A49705032EBB55A.d.DCFE9D24C54DD53D98F0A2C86D88F1C4.e.2535","ELEMENT":"f.D8146A0945362D622A49705032EBB55A.d.DCFE9D24C54DD53D98F0A2C86D88F1C4.e.2535"}]}
COMMAND: GET /session/3cebd188cade8bc69ea066f8aad5f3e7/screenshot - {}
RESULT: {"script":"<script> [8489 bytes]","args":[{"element-6066-11e4-a52e-4f735466cecf":"f.D8146A0945362D622A49705032EBB55A.d.DCFE9D24C54DD53D98F0A2C86D88F1C4.e.2535","ELEMENT":"f.D8146A0945362D622A49705032EBB55A.d.DCFE9D24C54DD53D98F0A2C86D88F1C4.e.2535"}]}
COMMAND: POST /session/3cebd188cade8bc69ea066f8aad5f3e7/execute/sync - {"script":"<script> [5351 bytes]","args":[{"element-6066-11e4-a52e-4f735466cecf":"f.D8146A0945362D622A49705032EBB55A.d.DCFE9D24C54DD53D98F0A2C86D88F1C4.e.2535","ELEMENT":"f.D8146A0945362D622A49705032EBB55A.d.DCFE9D24C54DD53D98F0A2C86D88F1C4.e.2535"}]}
COMMAND: GET /session/3cebd188cade8bc69ea066f8aad5f3e7/screenshot - {}
RESULT: {}
RESULT: {"script":"<script> [5351 bytes]","args":[{"element-6066-11e4-a52e-4f735466cecf":"f.D8146A0945362D622A49705032EBB55A.d.DCFE9D24C54DD53D98F0A2C86D88F1C4.e.2535","ELEMENT":"f.D8146A0945362D622A49705032EBB55A.d.DCFE9D24C54DD53D98F0A2C86D88F1C4.e.2535"}]}
COMMAND: POST /session/3cebd188cade8bc69ea066f8aad5f3e7/element/f.D8146A0945362D622A49705032EBB55A.d.DCFE9D24C54DD53D98F0A2C86D88F1C4.e.2535/click - {}
COMMAND: GET /session/3cebd188cade8bc69ea066f8aad5f3e7/screenshot - {}
RESULT: {}
RESULT: {}
COMMAND: GET /session/3cebd188cade8bc69ea066f8aad5f3e7/screenshot - {}
RESULT: {}
RESULT: {}
COMMAND: POST /session/3cebd188cade8bc69ea066f8aad5f3e7/execute/async - {"script":"<script> [1562 bytes]","args":[{"selector":{"id":"application-manageresources-display-component---newResourceUnit--TYPE-arrow"},"wdio_ui5_key":"applicationmanageresources-display-component---newResourceUnit--TYPE-arrow"}]}
RESULT: {"script":"<script> [1562 bytes]","args":[{"selector":{"id":"application-manageresources-display-component---newResourceUnit--TYPE-arrow"},"wdio_ui5_key":"applicationmanageresources-display-component---newResourceUnit--TYPE-arrow"}]}
RESULT: undefined
COMMAND: POST /session/3cebd188cade8bc69ea066f8aad5f3e7/element - {"using":"xpath","value":"//*[@id=\"application-manageresources-display-component---newResourceUnit--TYPE-arrow\"]"}
RESULT: {"using":"xpath","value":"//*[@id=\"application-manageresources-display-component---newResourceUnit--TYPE-arrow\"]"}
COMMAND: POST /session/3cebd188cade8bc69ea066f8aad5f3e7/element/f.D8146A0945362D622A49705032EBB55A.d.DCFE9D24C54DD53D98F0A2C86D88F1C4.e.2903/click - {}
RESULT: {}
COMMAND: POST /session/3cebd188cade8bc69ea066f8aad5f3e7/element - {"using":"xpath","value":"//input[@id=\"application-manageresources-display-component---newResourceUnit--TYPE-inner\"]"}
COMMAND: GET /session/3cebd188cade8bc69ea066f8aad5f3e7/screenshot - {}
RESULT: {"using":"xpath","value":"//input[@id=\"application-manageresources-display-component---newResourceUnit--TYPE-inner\"]"}
COMMAND: POST /session/3cebd188cade8bc69ea066f8aad5f3e7/element/f.D8146A0945362D622A49705032EBB55A.d.DCFE9D24C54DD53D98F0A2C86D88F1C4.e.2896/clear - {}
RESULT: {}
RESULT: {}
COMMAND: POST /session/3cebd188cade8bc69ea066f8aad5f3e7/element/f.D8146A0945362D622A49705032EBB55A.d.DCFE9D24C54DD53D98F0A2C86D88F1C4.e.2896/value - {"text":"Equi Multipart"}
COMMAND: GET /session/3cebd188cade8bc69ea066f8aad5f3e7/screenshot - {}
RESULT: {"text":"Equi Multipart"}
COMMAND: GET /session/3cebd188cade8bc69ea066f8aad5f3e7/screenshot - {}
RESULT: {}
RESULT: {}
COMMAND: POST /session/3cebd188cade8bc69ea066f8aad5f3e7/actions - {"actions":[{"id":"action8","type":"key","parameters":{},"actions":[{"type":"keyDown","value":""},{"type":"pause","duration":10},{"type":"keyUp","value":""}]}]}
RESULT: {"actions":[{"id":"action8","type":"key","parameters":{},"actions":[{"type":"keyDown","value":""},{"type":"pause","duration":10},{"type":"keyUp","value":""}]}]}
COMMAND: POST /session/3cebd188cade8bc69ea066f8aad5f3e7/execute/async - {"script":"<script> [1562 bytes]","args":[{"selector":{"id":"application-manageresources-display-component---newResourceUnit--SHORT_TEXT","interaction":{"idSuffix":"inner"}},"wdio_ui5_key":"applicationmanageresources-display-component---newResourceUnit--SHORT_TEXT"}]}
COMMAND: GET /session/3cebd188cade8bc69ea066f8aad5f3e7/screenshot - {}
RESULT: {"script":"<script> [1562 bytes]","args":[{"selector":{"id":"application-manageresources-display-component---newResourceUnit--SHORT_TEXT","interaction":{"idSuffix":"inner"}},"wdio_ui5_key":"applicationmanageresources-display-component---newResourceUnit--SHORT_TEXT"}]}
RESULT: undefined
COMMAND: POST /session/3cebd188cade8bc69ea066f8aad5f3e7/execute/async - {"script":"<script> [776 bytes]","args":[{"enterText":"Equipment Multipart WDIO","selector":{"id":"application-manageresources-display-component---newResourceUnit--SHORT_TEXT","interaction":{"idSuffix":"inner"}},"clearTextFirst":true,"interactionType":"ENTER_TEXT"}]}
RESULT: {}
RESULT: {"script":"<script> [776 bytes]","args":[{"enterText":"Equipment Multipart WDIO","selector":{"id":"application-manageresources-display-component---newResourceUnit--SHORT_TEXT","interaction":{"idSuffix":"inner"}},"clearTextFirst":true,"interactionType":"ENTER_TEXT"}]}
COMMAND: POST /session/3cebd188cade8bc69ea066f8aad5f3e7/execute/async - {"script":"<script> [1562 bytes]","args":[{"selector":{"id":"application-manageresources-display-component---newResourceUnit--BASE_UNIT_OF_MEASURE","interaction":{"idSuffix":"inner"}},"wdio_ui5_key":"applicationmanageresources-display-component---newResourceUnit--BASE_UNIT_OF_MEASURE"}]}
RESULT: {"script":"<script> [1562 bytes]","args":[{"selector":{"id":"application-manageresources-display-component---newResourceUnit--BASE_UNIT_OF_MEASURE","interaction":{"idSuffix":"inner"}},"wdio_ui5_key":"applicationmanageresources-display-component---newResourceUnit--BASE_UNIT_OF_MEASURE"}]}
RESULT: undefined
COMMAND: POST /session/3cebd188cade8bc69ea066f8aad5f3e7/execute/async - {"script":"<script> [776 bytes]","args":[{"enterText":"Piece","selector":{"id":"application-manageresources-display-component---newResourceUnit--BASE_UNIT_OF_MEASURE","interaction":{"idSuffix":"inner"}},"clearTextFirst":true,"interactionType":"ENTER_TEXT"}]}
RESULT: {"script":"<script> [776 bytes]","args":[{"enterText":"Piece","selector":{"id":"application-manageresources-display-component---newResourceUnit--BASE_UNIT_OF_MEASURE","interaction":{"idSuffix":"inner"}},"clearTextFirst":true,"interactionType":"ENTER_TEXT"}]}
COMMAND: POST /session/3cebd188cade8bc69ea066f8aad5f3e7/execute/async - {"script":"<script> [1562 bytes]","args":[{"selector":{"id":"application-manageresources-display-component---newResourceUnit--WEIGHT_UNIT","interaction":{"idSuffix":"inner"}},"wdio_ui5_key":"applicationmanageresources-display-component---newResourceUnit--WEIGHT_UNIT"}]}
RESULT: {"script":"<script> [1562 bytes]","args":[{"selector":{"id":"application-manageresources-display-component---newResourceUnit--WEIGHT_UNIT","interaction":{"idSuffix":"inner"}},"wdio_ui5_key":"applicationmanageresources-display-component---newResourceUnit--WEIGHT_UNIT"}]}
RESULT: undefined
COMMAND: POST /session/3cebd188cade8bc69ea066f8aad5f3e7/execute/async - {"script":"<script> [776 bytes]","args":[{"enterText":"Gram","selector":{"id":"application-manageresources-display-component---newResourceUnit--WEIGHT_UNIT","interaction":{"idSuffix":"inner"}},"clearTextFirst":true,"interactionType":"ENTER_TEXT"}]}
RESULT: {"script":"<script> [776 bytes]","args":[{"enterText":"Gram","selector":{"id":"application-manageresources-display-component---newResourceUnit--WEIGHT_UNIT","interaction":{"idSuffix":"inner"}},"clearTextFirst":true,"interactionType":"ENTER_TEXT"}]}
COMMAND: POST /session/3cebd188cade8bc69ea066f8aad5f3e7/execute/async - {"script":"<script> [1562 bytes]","args":[{"selector":{"id":"application-manageresources-display-component---newResourceUnit--DIMENSION_UNIT","interaction":{"idSuffix":"inner"}},"wdio_ui5_key":"applicationmanageresources-display-component---newResourceUnit--DIMENSION_UNIT"}]}
RESULT: {"script":"<script> [1562 bytes]","args":[{"selector":{"id":"application-manageresources-display-component---newResourceUnit--DIMENSION_UNIT","interaction":{"idSuffix":"inner"}},"wdio_ui5_key":"applicationmanageresources-display-component---newResourceUnit--DIMENSION_UNIT"}]}
RESULT: undefined
COMMAND: POST /session/3cebd188cade8bc69ea066f8aad5f3e7/execute/async - {"script":"<script> [776 bytes]","args":[{"enterText":"Meter","selector":{"id":"application-manageresources-display-component---newResourceUnit--DIMENSION_UNIT","interaction":{"idSuffix":"inner"}},"clearTextFirst":true,"interactionType":"ENTER_TEXT"}]}
RESULT: {"script":"<script> [776 bytes]","args":[{"enterText":"Meter","selector":{"id":"application-manageresources-display-component---newResourceUnit--DIMENSION_UNIT","interaction":{"idSuffix":"inner"}},"clearTextFirst":true,"interactionType":"ENTER_TEXT"}]}
COMMAND: POST /session/3cebd188cade8bc69ea066f8aad5f3e7/execute/async - {"script":"<script> [1562 bytes]","args":[{"selector":{"id":"application-manageresources-display-component---newResourceUnit--newRRUPage-anchBar-application-manageresources-display-component---newResourceUnit--control-anchor","interaction":{"idSuffix":"BDI-content"}},"wdio_ui5_key":"applicationmanageresources-display-component---newResourceUnit--newRRUPage-anchBar-application-manageresources-display-component---newResourceUnit--control-anchor"}]}
RESULT: {"script":"<script> [1562 bytes]","args":[{"selector":{"id":"application-manageresources-display-component---newResourceUnit--newRRUPage-anchBar-application-manageresources-display-component---newResourceUnit--control-anchor","interaction":{"idSuffix":"BDI-content"}},"wdio_ui5_key":"applicationmanageresources-display-component---newResourceUnit--newRRUPage-anchBar-application-manageresources-display-component---newResourceUnit--control-anchor"}]}
RESULT: undefined
COMMAND: POST /session/3cebd188cade8bc69ea066f8aad5f3e7/element - {"using":"xpath","value":"//*[@id=\"application-manageresources-display-component---newResourceUnit--newRRUPage-anchBar-application-manageresources-display-component---newResourceUnit--control-anchor\"]"}
RESULT: {"using":"xpath","value":"//*[@id=\"application-manageresources-display-component---newResourceUnit--newRRUPage-anchBar-application-manageresources-display-component---newResourceUnit--control-anchor\"]"}
COMMAND: POST /session/3cebd188cade8bc69ea066f8aad5f3e7/element/f.D8146A0945362D622A49705032EBB55A.d.DCFE9D24C54DD53D98F0A2C86D88F1C4.e.3036/click - {}
RESULT: {}
COMMAND: POST /session/3cebd188cade8bc69ea066f8aad5f3e7/execute/async - {"script":"<script> [1562 bytes]","args":[{"selector":{"id":"application-manageresources-display-component---newResourceUnit--PLANNING_GROUP","interaction":{"idSuffix":"inner"}},"wdio_ui5_key":"applicationmanageresources-display-component---newResourceUnit--PLANNING_GROUP"}]}
COMMAND: GET /session/3cebd188cade8bc69ea066f8aad5f3e7/screenshot - {}
RESULT: {"script":"<script> [1562 bytes]","args":[{"selector":{"id":"application-manageresources-display-component---newResourceUnit--PLANNING_GROUP","interaction":{"idSuffix":"inner"}},"wdio_ui5_key":"applicationmanageresources-display-component---newResourceUnit--PLANNING_GROUP"}]}
RESULT: undefined
COMMAND: POST /session/3cebd188cade8bc69ea066f8aad5f3e7/execute/async - {"script":"<script> [776 bytes]","args":[{"enterText":"Heavy Equi","selector":{"id":"application-manageresources-display-component---newResourceUnit--PLANNING_GROUP","interaction":{"idSuffix":"inner"}},"clearTextFirst":true,"interactionType":"ENTER_TEXT"}]}
RESULT: {}
RESULT: {"script":"<script> [776 bytes]","args":[{"enterText":"Heavy Equi","selector":{"id":"application-manageresources-display-component---newResourceUnit--PLANNING_GROUP","interaction":{"idSuffix":"inner"}},"clearTextFirst":true,"interactionType":"ENTER_TEXT"}]}
COMMAND: POST /session/3cebd188cade8bc69ea066f8aad5f3e7/execute/async - {"script":"<script> [1562 bytes]","args":[{"selector":{"id":"application-manageresources-display-component---newResourceUnit--PLANNING_INDICATOR","interaction":{"idSuffix":"inner"}},"wdio_ui5_key":"applicationmanageresources-display-component---newResourceUnit--PLANNING_INDICATOR"}]}
RESULT: {"script":"<script> [1562 bytes]","args":[{"selector":{"id":"application-manageresources-display-component---newResourceUnit--PLANNING_INDICATOR","interaction":{"idSuffix":"inner"}},"wdio_ui5_key":"applicationmanageresources-display-component---newResourceUnit--PLANNING_INDICATOR"}]}
RESULT: undefined
COMMAND: POST /session/3cebd188cade8bc69ea066f8aad5f3e7/execute/async - {"script":"<script> [776 bytes]","args":[{"enterText":"10 - infinite","selector":{"id":"application-manageresources-display-component---newResourceUnit--PLANNING_INDICATOR","interaction":{"idSuffix":"inner"}},"clearTextFirst":true,"interactionType":"ENTER_TEXT"}]}
RESULT: {"script":"<script> [776 bytes]","args":[{"enterText":"10 - infinite","selector":{"id":"application-manageresources-display-component---newResourceUnit--PLANNING_INDICATOR","interaction":{"idSuffix":"inner"}},"clearTextFirst":true,"interactionType":"ENTER_TEXT"}]}
COMMAND: POST /session/3cebd188cade8bc69ea066f8aad5f3e7/execute/async - {"script":"<script> [1562 bytes]","args":[{"selector":{"id":"application-manageresources-display-component---newResourceUnit--ITEM_TYPE-arrow"},"wdio_ui5_key":"applicationmanageresources-display-component---newResourceUnit--ITEM_TYPE-arrow"}]}
RESULT: {"script":"<script> [1562 bytes]","args":[{"selector":{"id":"application-manageresources-display-component---newResourceUnit--ITEM_TYPE-arrow"},"wdio_ui5_key":"applicationmanageresources-display-component---newResourceUnit--ITEM_TYPE-arrow"}]}
RESULT: undefined
COMMAND: POST /session/3cebd188cade8bc69ea066f8aad5f3e7/element - {"using":"xpath","value":"//*[@id=\"application-manageresources-display-component---newResourceUnit--ITEM_TYPE-arrow\"]"}
RESULT: {"using":"xpath","value":"//*[@id=\"application-manageresources-display-component---newResourceUnit--ITEM_TYPE-arrow\"]"}
COMMAND: POST /session/3cebd188cade8bc69ea066f8aad5f3e7/element/f.D8146A0945362D622A49705032EBB55A.d.DCFE9D24C54DD53D98F0A2C86D88F1C4.e.3044/click - {}
RESULT: {}
COMMAND: GET /session/3cebd188cade8bc69ea066f8aad5f3e7/screenshot - {}
RESULT: {}
COMMAND: POST /session/3cebd188cade8bc69ea066f8aad5f3e7/execute/async - {"script":"<script> [1562 bytes]","args":[{"selector":{"controlType":"sap.m.StandardListItem","viewName":"reusables.view.manageresources.NewResourceUnit","viewId":"application-manageresources-display-component---newResourceUnit","properties":{"title":"Pool Equipment"},"searchOpenDialogs":true,"interaction":{"idSuffix":"content"}},"wdio_ui5_key":"reusablesview.manageresources.NewResourceUnitsap.m.StandardListItem{\"title\":\"Pool Equipment\"}"}]}
RESULT: {"script":"<script> [1562 bytes]","args":[{"selector":{"controlType":"sap.m.StandardListItem","viewName":"reusables.view.manageresources.NewResourceUnit","viewId":"application-manageresources-display-component---newResourceUnit","properties":{"title":"Pool Equipment"},"searchOpenDialogs":true,"interaction":{"idSuffix":"content"}},"wdio_ui5_key":"reusablesview.manageresources.NewResourceUnitsap.m.StandardListItem{\"title\":\"Pool Equipment\"}"}]}
RESULT: undefined
COMMAND: POST /session/3cebd188cade8bc69ea066f8aad5f3e7/element - {"using":"xpath","value":"//*[@id=\"__item1789\"]"}
RESULT: {"using":"xpath","value":"//*[@id=\"__item1789\"]"}
COMMAND: POST /session/3cebd188cade8bc69ea066f8aad5f3e7/element/f.D8146A0945362D622A49705032EBB55A.d.DCFE9D24C54DD53D98F0A2C86D88F1C4.e.3046/click - {}
RESULT: {}
COMMAND: GET /session/3cebd188cade8bc69ea066f8aad5f3e7/screenshot - {}
RESULT: {}
COMMAND: POST /session/3cebd188cade8bc69ea066f8aad5f3e7/element - {"using":"css selector","value":"#application-manageresources-display-component---newResourceUnit--btnAddTimeSegment"}
RESULT: {"using":"css selector","value":"#application-manageresources-display-component---newResourceUnit--btnAddTimeSegment"}
COMMAND: GET /session/3cebd188cade8bc69ea066f8aad5f3e7/element/f.D8146A0945362D622A49705032EBB55A.d.DCFE9D24C54DD53D98F0A2C86D88F1C4.e.3108/rect - {}
RESULT: {}
COMMAND: GET /session/3cebd188cade8bc69ea066f8aad5f3e7/window/rect - {}
RESULT: {}
COMMAND: POST /session/3cebd188cade8bc69ea066f8aad5f3e7/execute/sync - {"script":"<script> [92 bytes]","args":[]}
RESULT: {"script":"<script> [92 bytes]","args":[]}
COMMAND: POST /session/3cebd188cade8bc69ea066f8aad5f3e7/actions - {"actions":[{"id":"action9","type":"wheel","parameters":{},"actions":[{"type":"scroll","x":-1888,"y":-32,"deltaX":0,"deltaY":0,"duration":0,"origin":{"element-6066-11e4-a52e-4f735466cecf":"f.D8146A0945362D622A49705032EBB55A.d.DCFE9D24C54DD53D98F0A2C86D88F1C4.e.3108"}}]}]}
COMMAND: GET /session/3cebd188cade8bc69ea066f8aad5f3e7/screenshot - {}
RESULT: {}
COMMAND: POST /session/3cebd188cade8bc69ea066f8aad5f3e7/execute/sync - {"script":"<script> [79 bytes]","args":[{"element-6066-11e4-a52e-4f735466cecf":"f.D8146A0945362D622A49705032EBB55A.d.DCFE9D24C54DD53D98F0A2C86D88F1C4.e.3108","ELEMENT":"f.D8146A0945362D622A49705032EBB55A.d.DCFE9D24C54DD53D98F0A2C86D88F1C4.e.3108"},{"block":"start","inline":"nearest"}]}
RESULT: {"script":"<script> [79 bytes]","args":[{"element-6066-11e4-a52e-4f735466cecf":"f.D8146A0945362D622A49705032EBB55A.d.DCFE9D24C54DD53D98F0A2C86D88F1C4.e.3108","ELEMENT":"f.D8146A0945362D622A49705032EBB55A.d.DCFE9D24C54DD53D98F0A2C86D88F1C4.e.3108"},{"block":"start","inline":"nearest"}]}
COMMAND: POST /session/3cebd188cade8bc69ea066f8aad5f3e7/execute/async - {"script":"<script> [1562 bytes]","args":[{"selector":{"id":"application-manageresources-display-component---newResourceUnit--btnAddTimeSegment","interaction":{"idSuffix":"inner"}},"wdio_ui5_key":"applicationmanageresources-display-component---newResourceUnit--btnAddTimeSegment"}]}
COMMAND: GET /session/3cebd188cade8bc69ea066f8aad5f3e7/screenshot - {}
RESULT: {"script":"<script> [1562 bytes]","args":[{"selector":{"id":"application-manageresources-display-component---newResourceUnit--btnAddTimeSegment","interaction":{"idSuffix":"inner"}},"wdio_ui5_key":"applicationmanageresources-display-component---newResourceUnit--btnAddTimeSegment"}]}
RESULT: undefined
COMMAND: POST /session/3cebd188cade8bc69ea066f8aad5f3e7/element - {"using":"xpath","value":"//*[@id=\"application-manageresources-display-component---newResourceUnit--btnAddTimeSegment\"]"}
RESULT: {}
RESULT: {"using":"xpath","value":"//*[@id=\"application-manageresources-display-component---newResourceUnit--btnAddTimeSegment\"]"}
COMMAND: POST /session/3cebd188cade8bc69ea066f8aad5f3e7/element/f.D8146A0945362D622A49705032EBB55A.d.DCFE9D24C54DD53D98F0A2C86D88F1C4.e.3108/click - {}
RESULT: {}
COMMAND: GET /session/3cebd188cade8bc69ea066f8aad5f3e7/screenshot - {}
RESULT: {}
COMMAND: POST /session/3cebd188cade8bc69ea066f8aad5f3e7/element - {"using":"xpath","value":"//input[@id=\"application-manageresources-display-component---newResourceUnit--idRuTSAdmin-application-manageresources-display-component---newResourceUnit--RUTimeSegment-0-inner\"]"}
RESULT: {"using":"xpath","value":"//input[@id=\"application-manageresources-display-component---newResourceUnit--idRuTSAdmin-application-manageresources-display-component---newResourceUnit--RUTimeSegment-0-inner\"]"}
COMMAND: POST /session/3cebd188cade8bc69ea066f8aad5f3e7/element/f.D8146A0945362D622A49705032EBB55A.d.DCFE9D24C54DD53D98F0A2C86D88F1C4.e.3114/clear - {}
RESULT: {}
COMMAND: POST /session/3cebd188cade8bc69ea066f8aad5f3e7/element/f.D8146A0945362D622A49705032EBB55A.d.DCFE9D24C54DD53D98F0A2C86D88F1C4.e.3114/value - {"text":"538"}
COMMAND: GET /session/3cebd188cade8bc69ea066f8aad5f3e7/screenshot - {}
RESULT: {"text":"538"}
COMMAND: GET /session/3cebd188cade8bc69ea066f8aad5f3e7/screenshot - {}
RESULT: {}
RESULT: {}
COMMAND: POST /session/3cebd188cade8bc69ea066f8aad5f3e7/element - {"using":"xpath","value":"//li[.//span[text()='538']]"}
RESULT: {"using":"xpath","value":"//li[.//span[text()='538']]"}
COMMAND: POST /session/3cebd188cade8bc69ea066f8aad5f3e7/element/f.D8146A0945362D622A49705032EBB55A.d.DCFE9D24C54DD53D98F0A2C86D88F1C4.e.3127/click - {}
RESULT: {}
COMMAND: GET /session/3cebd188cade8bc69ea066f8aad5f3e7/screenshot - {}
RESULT: {}
COMMAND: POST /session/3cebd188cade8bc69ea066f8aad5f3e7/element - {"using":"xpath","value":"(//span[contains(@id, \"-application-manageresources-display-component---newResourceUnit--RUTimeSegment-0-arrow\")])[5]"}
RESULT: {"using":"xpath","value":"(//span[contains(@id, \"-application-manageresources-display-component---newResourceUnit--RUTimeSegment-0-arrow\")])[5]"}
COMMAND: POST /session/3cebd188cade8bc69ea066f8aad5f3e7/element/f.D8146A0945362D622A49705032EBB55A.d.DCFE9D24C54DD53D98F0A2C86D88F1C4.e.3128/click - {}
RESULT: {}
COMMAND: GET /session/3cebd188cade8bc69ea066f8aad5f3e7/screenshot - {}
RESULT: {}
COMMAND: POST /session/3cebd188cade8bc69ea066f8aad5f3e7/element - {"using":"xpath","value":"//span[contains(text(), \"PM Order\")]"}
RESULT: {"using":"xpath","value":"//span[contains(text(), \"PM Order\")]"}
COMMAND: POST /session/3cebd188cade8bc69ea066f8aad5f3e7/element/f.D8146A0945362D622A49705032EBB55A.d.DCFE9D24C54DD53D98F0A2C86D88F1C4.e.3129/click - {}
RESULT: {}
COMMAND: GET /session/3cebd188cade8bc69ea066f8aad5f3e7/screenshot - {}
RESULT: {}
COMMAND: POST /session/3cebd188cade8bc69ea066f8aad5f3e7/element - {"using":"xpath","value":"(//span[contains(@id ,\"manageresources-display-component---newResourceUnit--RUTimeSegment-0-vhi\")])[1]"}
RESULT: {"using":"xpath","value":"(//span[contains(@id ,\"manageresources-display-component---newResourceUnit--RUTimeSegment-0-vhi\")])[1]"}
COMMAND: GET /session/3cebd188cade8bc69ea066f8aad5f3e7/element/f.D8146A0945362D622A49705032EBB55A.d.DCFE9D24C54DD53D98F0A2C86D88F1C4.e.3133/rect - {}
RESULT: {}
COMMAND: GET /session/3cebd188cade8bc69ea066f8aad5f3e7/window/rect - {}
RESULT: {}
COMMAND: POST /session/3cebd188cade8bc69ea066f8aad5f3e7/execute/sync - {"script":"<script> [92 bytes]","args":[]}
RESULT: {"script":"<script> [92 bytes]","args":[]}
COMMAND: POST /session/3cebd188cade8bc69ea066f8aad5f3e7/actions - {"actions":[{"id":"action10","type":"wheel","parameters":{},"actions":[{"type":"scroll","x":-1888,"y":-24,"deltaX":0,"deltaY":0,"duration":0,"origin":{"element-6066-11e4-a52e-4f735466cecf":"f.D8146A0945362D622A49705032EBB55A.d.DCFE9D24C54DD53D98F0A2C86D88F1C4.e.3133"}}]}]}
COMMAND: GET /session/3cebd188cade8bc69ea066f8aad5f3e7/screenshot - {}
RESULT: {}
COMMAND: POST /session/3cebd188cade8bc69ea066f8aad5f3e7/execute/sync - {"script":"<script> [79 bytes]","args":[{"element-6066-11e4-a52e-4f735466cecf":"f.D8146A0945362D622A49705032EBB55A.d.DCFE9D24C54DD53D98F0A2C86D88F1C4.e.3133","ELEMENT":"f.D8146A0945362D622A49705032EBB55A.d.DCFE9D24C54DD53D98F0A2C86D88F1C4.e.3133"},{"block":"start","inline":"nearest"}]}
RESULT: {"script":"<script> [79 bytes]","args":[{"element-6066-11e4-a52e-4f735466cecf":"f.D8146A0945362D622A49705032EBB55A.d.DCFE9D24C54DD53D98F0A2C86D88F1C4.e.3133","ELEMENT":"f.D8146A0945362D622A49705032EBB55A.d.DCFE9D24C54DD53D98F0A2C86D88F1C4.e.3133"},{"block":"start","inline":"nearest"}]}
COMMAND: GET /session/3cebd188cade8bc69ea066f8aad5f3e7/screenshot - {}
RESULT: {}
COMMAND: POST /session/3cebd188cade8bc69ea066f8aad5f3e7/element/f.D8146A0945362D622A49705032EBB55A.d.DCFE9D24C54DD53D98F0A2C86D88F1C4.e.3133/click - {}
RESULT: {}
COMMAND: GET /session/3cebd188cade8bc69ea066f8aad5f3e7/screenshot - {}
RESULT: {}
RESULT: undefined
COMMAND: POST /session/3cebd188cade8bc69ea066f8aad5f3e7/execute/async - {"script":"<script> [776 bytes]","args":[{"enterText":"4000360","selector":{"controlType":"sap.m.SearchField","properties":{"placeholder":"Search"},"searchOpenDialogs":true,"interaction":{"idSuffix":"I"}},"clearTextFirst":true,"interactionType":"ENTER_TEXT"}]}
RESULT: {"script":"<script> [776 bytes]","args":[{"enterText":"4000360","selector":{"controlType":"sap.m.SearchField","properties":{"placeholder":"Search"},"searchOpenDialogs":true,"interaction":{"idSuffix":"I"}},"clearTextFirst":true,"interactionType":"ENTER_TEXT"}]}
COMMAND: POST /session/3cebd188cade8bc69ea066f8aad5f3e7/actions - {"actions":[{"id":"action11","type":"key","parameters":{},"actions":[{"type":"keyDown","value":""},{"type":"pause","duration":10},{"type":"keyUp","value":""}]}]}
RESULT: {"actions":[{"id":"action11","type":"key","parameters":{},"actions":[{"type":"keyDown","value":""},{"type":"pause","duration":10},{"type":"keyUp","value":""}]}]}
COMMAND: GET /session/3cebd188cade8bc69ea066f8aad5f3e7/screenshot - {}
RESULT: {}
COMMAND: POST /session/3cebd188cade8bc69ea066f8aad5f3e7/element - {"using":"xpath","value":"//td/div/span[contains(text(), \"BGL Vehicles\")]"}
RESULT: {"using":"xpath","value":"//td/div/span[contains(text(), \"BGL Vehicles\")]"}
COMMAND: POST /session/3cebd188cade8bc69ea066f8aad5f3e7/element/f.D8146A0945362D622A49705032EBB55A.d.DCFE9D24C54DD53D98F0A2C86D88F1C4.e.3154/click - {}
RESULT: {}
COMMAND: GET /session/3cebd188cade8bc69ea066f8aad5f3e7/screenshot - {}
RESULT: {}
COMMAND: POST /session/3cebd188cade8bc69ea066f8aad5f3e7/element - {"using":"xpath","value":"//bdi[contains(text(), \"OK\")]"}
RESULT: {"using":"xpath","value":"//bdi[contains(text(), \"OK\")]"}
COMMAND: POST /session/3cebd188cade8bc69ea066f8aad5f3e7/element/f.D8146A0945362D622A49705032EBB55A.d.DCFE9D24C54DD53D98F0A2C86D88F1C4.e.3155/click - {}
RESULT: {}
COMMAND: GET /session/3cebd188cade8bc69ea066f8aad5f3e7/screenshot - {}
RESULT: {}
COMMAND: POST /session/3cebd188cade8bc69ea066f8aad5f3e7/element - {"using":"xpath","value":"//label[contains(@class, 'sapMLabelRequired') and .//bdi[contains(text(), 'Planned Retirement')]]"}
RESULT: {"using":"xpath","value":"//label[contains(@class, 'sapMLabelRequired') and .//bdi[contains(text(), 'Planned Retirement')]]"}
COMMAND: POST /session/3cebd188cade8bc69ea066f8aad5f3e7/elements - {"using":"xpath","value":"//label[contains(@class, 'sapMLabelRequired') and .//bdi[contains(text(), 'Planned Retirement')]]"}
RESULT: {"using":"xpath","value":"//label[contains(@class, 'sapMLabelRequired') and .//bdi[contains(text(), 'Planned Retirement')]]"}
COMMAND: POST /session/3cebd188cade8bc69ea066f8aad5f3e7/element - {"using":"xpath","value":"//button[@data-kt=\"resourceUnitSaveButton\"]"}
RESULT: {"using":"xpath","value":"//button[@data-kt=\"resourceUnitSaveButton\"]"}
COMMAND: POST /session/3cebd188cade8bc69ea066f8aad5f3e7/element/f.D8146A0945362D622A49705032EBB55A.d.DCFE9D24C54DD53D98F0A2C86D88F1C4.e.2919/click - {}
RESULT: {}
COMMAND: GET /session/3cebd188cade8bc69ea066f8aad5f3e7/screenshot - {}
RESULT: {}
COMMAND: POST /session/3cebd188cade8bc69ea066f8aad5f3e7/element - {"using":"xpath","value":"//bdi[contains(text(), \"Close\")]"}
RESULT: {"using":"xpath","value":"//bdi[contains(text(), \"Close\")]"}
COMMAND: POST /session/3cebd188cade8bc69ea066f8aad5f3e7/element/f.D8146A0945362D622A49705032EBB55A.d.DCFE9D24C54DD53D98F0A2C86D88F1C4.e.3161/click - {}
RESULT: {}
COMMAND: GET /session/3cebd188cade8bc69ea066f8aad5f3e7/screenshot - {}
RESULT: {}
COMMAND: POST /session/3cebd188cade8bc69ea066f8aad5f3e7/element - {"using":"xpath","value":"//header[contains(@id, 'detailRruPage-headerTitle')]/div[1]/div[2]/div[2]/span[1]"}
RESULT: {"using":"xpath","value":"//header[contains(@id, 'detailRruPage-headerTitle')]/div[1]/div[2]/div[2]/span[1]"}
COMMAND: POST /session/3cebd188cade8bc69ea066f8aad5f3e7/elements - {"using":"xpath","value":"//header[contains(@id, 'detailRruPage-headerTitle')]/div[1]/div[2]/div[2]/span[1]"}
RESULT: {"using":"xpath","value":"//header[contains(@id, 'detailRruPage-headerTitle')]/div[1]/div[2]/div[2]/span[1]"}
COMMAND: POST /session/3cebd188cade8bc69ea066f8aad5f3e7/execute/sync - {"script":"<script> [56 bytes]","args":[{"element-6066-11e4-a52e-4f735466cecf":"f.D8146A0945362D622A49705032EBB55A.d.DCFE9D24C54DD53D98F0A2C86D88F1C4.e.3194","ELEMENT":"f.D8146A0945362D622A49705032EBB55A.d.DCFE9D24C54DD53D98F0A2C86D88F1C4.e.3194"}]}
RESULT: {"script":"<script> [56 bytes]","args":[{"element-6066-11e4-a52e-4f735466cecf":"f.D8146A0945362D622A49705032EBB55A.d.DCFE9D24C54DD53D98F0A2C86D88F1C4.e.3194","ELEMENT":"f.D8146A0945362D622A49705032EBB55A.d.DCFE9D24C54DD53D98F0A2C86D88F1C4.e.3194"}]}
COMMAND: POST /session/3cebd188cade8bc69ea066f8aad5f3e7/element - {"using":"css selector","value":"#shell-header-logo"}
COMMAND: GET /session/3cebd188cade8bc69ea066f8aad5f3e7/screenshot - {}
RESULT: {"using":"css selector","value":"#shell-header-logo"}
COMMAND: POST /session/3cebd188cade8bc69ea066f8aad5f3e7/element/f.D8146A0945362D622A49705032EBB55A.d.DCFE9D24C54DD53D98F0A2C86D88F1C4.e.2507/click - {}
RESULT: {}
RESULT: {}
COMMAND: GET /session/3cebd188cade8bc69ea066f8aad5f3e7/screenshot - {}
RESULT: {}
]]></system-out>
    </testcase>
    <testcase classname="chrome.136_0_7103_93.windows.Tests_for_Mass_State_Change_on_Manage_States_&amp;_Performances_US104416_US" name="Prereq Should do stock increase" time="94.475">
      <failure/>
      <error message="Can't call click on element with selector &quot;//li[.//span[contains(text(),'538 -')]]&quot; because element wasn't found"/>
      <system-out><![CDATA[
COMMAND: POST /session/3cebd188cade8bc69ea066f8aad5f3e7/execute/async - {"script":"<script> [1562 bytes]","args":[{"selector":{"controlType":"sap.m.GenericTile","properties":{"header":"Manage Handovers"}},"wdio_ui5_key":"sapm.GenericTile{\"header\":\"Manage Handovers\"}"}]}
RESULT: {"script":"<script> [1562 bytes]","args":[{"selector":{"controlType":"sap.m.GenericTile","properties":{"header":"Manage Handovers"}},"wdio_ui5_key":"sapm.GenericTile{\"header\":\"Manage Handovers\"}"}]}
RESULT: undefined
COMMAND: POST /session/3cebd188cade8bc69ea066f8aad5f3e7/element - {"using":"xpath","value":"//*[@id=\"__tile131\"]"}
RESULT: {"using":"xpath","value":"//*[@id=\"__tile131\"]"}
COMMAND: POST /session/3cebd188cade8bc69ea066f8aad5f3e7/element/f.D8146A0945362D622A49705032EBB55A.d.DCFE9D24C54DD53D98F0A2C86D88F1C4.e.234/click - {}
RESULT: {}
COMMAND: GET /session/3cebd188cade8bc69ea066f8aad5f3e7/screenshot - {}
RESULT: {}
COMMAND: POST /session/3cebd188cade8bc69ea066f8aad5f3e7/elements - {"using":"xpath","value":"//span[text()='Error']"}
RESULT: {"using":"xpath","value":"//span[text()='Error']"}
COMMAND: POST /session/3cebd188cade8bc69ea066f8aad5f3e7/element - {"using":"xpath","value":"//button[@data-kt=\"masterHOAddButton\"]"}
RESULT: {"using":"xpath","value":"//button[@data-kt=\"masterHOAddButton\"]"}
COMMAND: POST /session/3cebd188cade8bc69ea066f8aad5f3e7/elements - {"using":"xpath","value":"//button[@data-kt=\"masterHOAddButton\"]"}
RESULT: {"using":"xpath","value":"//button[@data-kt=\"masterHOAddButton\"]"}
COMMAND: POST /session/3cebd188cade8bc69ea066f8aad5f3e7/elements - {"using":"xpath","value":"//button[@data-kt=\"masterHOAddButton\"]"}
RESULT: {"using":"xpath","value":"//button[@data-kt=\"masterHOAddButton\"]"}
COMMAND: POST /session/3cebd188cade8bc69ea066f8aad5f3e7/element - {"using":"xpath","value":"//button[@data-kt=\"masterHOAddButton\"]"}
RESULT: {"using":"xpath","value":"//button[@data-kt=\"masterHOAddButton\"]"}
COMMAND: POST /session/3cebd188cade8bc69ea066f8aad5f3e7/execute/sync - {"script":"<script> [8489 bytes]","args":[{"element-6066-11e4-a52e-4f735466cecf":"f.D8146A0945362D622A49705032EBB55A.d.DCFE9D24C54DD53D98F0A2C86D88F1C4.e.3233","ELEMENT":"f.D8146A0945362D622A49705032EBB55A.d.DCFE9D24C54DD53D98F0A2C86D88F1C4.e.3233"}]}
RESULT: {"script":"<script> [8489 bytes]","args":[{"element-6066-11e4-a52e-4f735466cecf":"f.D8146A0945362D622A49705032EBB55A.d.DCFE9D24C54DD53D98F0A2C86D88F1C4.e.3233","ELEMENT":"f.D8146A0945362D622A49705032EBB55A.d.DCFE9D24C54DD53D98F0A2C86D88F1C4.e.3233"}]}
COMMAND: GET /session/3cebd188cade8bc69ea066f8aad5f3e7/element/f.D8146A0945362D622A49705032EBB55A.d.DCFE9D24C54DD53D98F0A2C86D88F1C4.e.3233/enabled - {}
COMMAND: GET /session/3cebd188cade8bc69ea066f8aad5f3e7/screenshot - {}
RESULT: {}
COMMAND: POST /session/3cebd188cade8bc69ea066f8aad5f3e7/execute/sync - {"script":"<script> [8489 bytes]","args":[{"element-6066-11e4-a52e-4f735466cecf":"f.D8146A0945362D622A49705032EBB55A.d.DCFE9D24C54DD53D98F0A2C86D88F1C4.e.3233","ELEMENT":"f.D8146A0945362D622A49705032EBB55A.d.DCFE9D24C54DD53D98F0A2C86D88F1C4.e.3233"}]}
COMMAND: GET /session/3cebd188cade8bc69ea066f8aad5f3e7/screenshot - {}
RESULT: {}
RESULT: {"script":"<script> [8489 bytes]","args":[{"element-6066-11e4-a52e-4f735466cecf":"f.D8146A0945362D622A49705032EBB55A.d.DCFE9D24C54DD53D98F0A2C86D88F1C4.e.3233","ELEMENT":"f.D8146A0945362D622A49705032EBB55A.d.DCFE9D24C54DD53D98F0A2C86D88F1C4.e.3233"}]}
COMMAND: POST /session/3cebd188cade8bc69ea066f8aad5f3e7/execute/sync - {"script":"<script> [5351 bytes]","args":[{"element-6066-11e4-a52e-4f735466cecf":"f.D8146A0945362D622A49705032EBB55A.d.DCFE9D24C54DD53D98F0A2C86D88F1C4.e.3233","ELEMENT":"f.D8146A0945362D622A49705032EBB55A.d.DCFE9D24C54DD53D98F0A2C86D88F1C4.e.3233"}]}
COMMAND: GET /session/3cebd188cade8bc69ea066f8aad5f3e7/screenshot - {}
RESULT: {}
RESULT: {"script":"<script> [5351 bytes]","args":[{"element-6066-11e4-a52e-4f735466cecf":"f.D8146A0945362D622A49705032EBB55A.d.DCFE9D24C54DD53D98F0A2C86D88F1C4.e.3233","ELEMENT":"f.D8146A0945362D622A49705032EBB55A.d.DCFE9D24C54DD53D98F0A2C86D88F1C4.e.3233"}]}
COMMAND: POST /session/3cebd188cade8bc69ea066f8aad5f3e7/element/f.D8146A0945362D622A49705032EBB55A.d.DCFE9D24C54DD53D98F0A2C86D88F1C4.e.3233/click - {}
COMMAND: GET /session/3cebd188cade8bc69ea066f8aad5f3e7/screenshot - {}
RESULT: {}
RESULT: {}
COMMAND: GET /session/3cebd188cade8bc69ea066f8aad5f3e7/screenshot - {}
COMMAND: POST /session/3cebd188cade8bc69ea066f8aad5f3e7/element - {"using":"xpath","value":"//span[contains(@id ,\"AddNewHO--typeSelect-arrow\")]"}
RESULT: {}
RESULT: {}
RESULT: {"using":"xpath","value":"//span[contains(@id ,\"AddNewHO--typeSelect-arrow\")]"}
COMMAND: POST /session/3cebd188cade8bc69ea066f8aad5f3e7/element/f.D8146A0945362D622A49705032EBB55A.d.DCFE9D24C54DD53D98F0A2C86D88F1C4.e.3577/click - {}
RESULT: {}
COMMAND: GET /session/3cebd188cade8bc69ea066f8aad5f3e7/screenshot - {}
RESULT: {}
COMMAND: POST /session/3cebd188cade8bc69ea066f8aad5f3e7/element - {"using":"xpath","value":"(//li[contains(text(), \"stock increase yard\")])[1]"}
RESULT: {"using":"xpath","value":"(//li[contains(text(), \"stock increase yard\")])[1]"}
COMMAND: POST /session/3cebd188cade8bc69ea066f8aad5f3e7/element/f.D8146A0945362D622A49705032EBB55A.d.DCFE9D24C54DD53D98F0A2C86D88F1C4.e.3578/click - {}
RESULT: {}
COMMAND: GET /session/3cebd188cade8bc69ea066f8aad5f3e7/screenshot - {}
RESULT: {}
COMMAND: POST /session/3cebd188cade8bc69ea066f8aad5f3e7/execute/async - {"script":"<script> [1562 bytes]","args":[{"selector":{"id":"application-managehandovers-display-component---AddNewHO--dueDate","interaction":{"idSuffix":"inner"}},"wdio_ui5_key":"applicationmanagehandovers-display-component---AddNewHO--dueDate"}]}
RESULT: {"script":"<script> [1562 bytes]","args":[{"selector":{"id":"application-managehandovers-display-component---AddNewHO--dueDate","interaction":{"idSuffix":"inner"}},"wdio_ui5_key":"applicationmanagehandovers-display-component---AddNewHO--dueDate"}]}
RESULT: undefined
COMMAND: POST /session/3cebd188cade8bc69ea066f8aad5f3e7/execute/async - {"script":"<script> [6424 bytes]","args":[{"element-6066-11e4-a52e-4f735466cecf":"f.D8146A0945362D622A49705032EBB55A.d.DCFE9D24C54DD53D98F0A2C86D88F1C4.e.3580"},"setValue",["5/31/25"]]}
RESULT: {"script":"<script> [6424 bytes]","args":[{"element-6066-11e4-a52e-4f735466cecf":"f.D8146A0945362D622A49705032EBB55A.d.DCFE9D24C54DD53D98F0A2C86D88F1C4.e.3580"},"setValue",["5/31/25"]]}
COMMAND: POST /session/3cebd188cade8bc69ea066f8aad5f3e7/element - {"using":"xpath","value":"//input[@id=\"generalSectionFrg--receiveYard-inner\"]"}
RESULT: {"using":"xpath","value":"//input[@id=\"generalSectionFrg--receiveYard-inner\"]"}
COMMAND: POST /session/3cebd188cade8bc69ea066f8aad5f3e7/element/f.D8146A0945362D622A49705032EBB55A.d.DCFE9D24C54DD53D98F0A2C86D88F1C4.e.3586/clear - {}
RESULT: {}
COMMAND: POST /session/3cebd188cade8bc69ea066f8aad5f3e7/element/f.D8146A0945362D622A49705032EBB55A.d.DCFE9D24C54DD53D98F0A2C86D88F1C4.e.3586/value - {"text":"538"}
COMMAND: GET /session/3cebd188cade8bc69ea066f8aad5f3e7/screenshot - {}
RESULT: {"text":"538"}
COMMAND: GET /session/3cebd188cade8bc69ea066f8aad5f3e7/screenshot - {}
RESULT: {}
RESULT: {}
COMMAND: POST /session/3cebd188cade8bc69ea066f8aad5f3e7/element - {"using":"xpath","value":"//li[.//span[contains(text(),'538 -')]]"}
RESULT: {"using":"xpath","value":"//li[.//span[contains(text(),'538 -')]]"}
COMMAND: POST /session/3cebd188cade8bc69ea066f8aad5f3e7/elements - {"using":"xpath","value":"//li[.//span[contains(text(),'538 -')]]"}
RESULT: {"using":"xpath","value":"//li[.//span[contains(text(),'538 -')]]"}
COMMAND: POST /session/3cebd188cade8bc69ea066f8aad5f3e7/elements - {"using":"xpath","value":"//li[.//span[contains(text(),'538 -')]]"}
RESULT: {"using":"xpath","value":"//li[.//span[contains(text(),'538 -')]]"}
COMMAND: POST /session/3cebd188cade8bc69ea066f8aad5f3e7/elements - {"using":"xpath","value":"//li[.//span[contains(text(),'538 -')]]"}
RESULT: {"using":"xpath","value":"//li[.//span[contains(text(),'538 -')]]"}
COMMAND: POST /session/3cebd188cade8bc69ea066f8aad5f3e7/elements - {"using":"xpath","value":"//li[.//span[contains(text(),'538 -')]]"}
RESULT: {"using":"xpath","value":"//li[.//span[contains(text(),'538 -')]]"}
COMMAND: POST /session/3cebd188cade8bc69ea066f8aad5f3e7/elements - {"using":"xpath","value":"//li[.//span[contains(text(),'538 -')]]"}
RESULT: {"using":"xpath","value":"//li[.//span[contains(text(),'538 -')]]"}
COMMAND: POST /session/3cebd188cade8bc69ea066f8aad5f3e7/elements - {"using":"xpath","value":"//li[.//span[contains(text(),'538 -')]]"}
RESULT: {"using":"xpath","value":"//li[.//span[contains(text(),'538 -')]]"}
COMMAND: POST /session/3cebd188cade8bc69ea066f8aad5f3e7/elements - {"using":"xpath","value":"//li[.//span[contains(text(),'538 -')]]"}
RESULT: {"using":"xpath","value":"//li[.//span[contains(text(),'538 -')]]"}
COMMAND: POST /session/3cebd188cade8bc69ea066f8aad5f3e7/elements - {"using":"xpath","value":"//li[.//span[contains(text(),'538 -')]]"}
RESULT: {"using":"xpath","value":"//li[.//span[contains(text(),'538 -')]]"}
COMMAND: POST /session/3cebd188cade8bc69ea066f8aad5f3e7/elements - {"using":"xpath","value":"//li[.//span[contains(text(),'538 -')]]"}
RESULT: {"using":"xpath","value":"//li[.//span[contains(text(),'538 -')]]"}
COMMAND: POST /session/3cebd188cade8bc69ea066f8aad5f3e7/elements - {"using":"xpath","value":"//li[.//span[contains(text(),'538 -')]]"}
RESULT: {"using":"xpath","value":"//li[.//span[contains(text(),'538 -')]]"}
COMMAND: POST /session/3cebd188cade8bc69ea066f8aad5f3e7/elements - {"using":"xpath","value":"//li[.//span[contains(text(),'538 -')]]"}
RESULT: {"using":"xpath","value":"//li[.//span[contains(text(),'538 -')]]"}
COMMAND: POST /session/3cebd188cade8bc69ea066f8aad5f3e7/elements - {"using":"xpath","value":"//li[.//span[contains(text(),'538 -')]]"}
RESULT: {"using":"xpath","value":"//li[.//span[contains(text(),'538 -')]]"}
COMMAND: POST /session/3cebd188cade8bc69ea066f8aad5f3e7/elements - {"using":"xpath","value":"//li[.//span[contains(text(),'538 -')]]"}
RESULT: {"using":"xpath","value":"//li[.//span[contains(text(),'538 -')]]"}
COMMAND: POST /session/3cebd188cade8bc69ea066f8aad5f3e7/elements - {"using":"xpath","value":"//li[.//span[contains(text(),'538 -')]]"}
RESULT: {"using":"xpath","value":"//li[.//span[contains(text(),'538 -')]]"}
COMMAND: POST /session/3cebd188cade8bc69ea066f8aad5f3e7/elements - {"using":"xpath","value":"//li[.//span[contains(text(),'538 -')]]"}
RESULT: {"using":"xpath","value":"//li[.//span[contains(text(),'538 -')]]"}
COMMAND: POST /session/3cebd188cade8bc69ea066f8aad5f3e7/elements - {"using":"xpath","value":"//li[.//span[contains(text(),'538 -')]]"}
RESULT: {"using":"xpath","value":"//li[.//span[contains(text(),'538 -')]]"}
COMMAND: POST /session/3cebd188cade8bc69ea066f8aad5f3e7/elements - {"using":"xpath","value":"//li[.//span[contains(text(),'538 -')]]"}
RESULT: {"using":"xpath","value":"//li[.//span[contains(text(),'538 -')]]"}
COMMAND: POST /session/3cebd188cade8bc69ea066f8aad5f3e7/elements - {"using":"xpath","value":"//li[.//span[contains(text(),'538 -')]]"}
RESULT: {"using":"xpath","value":"//li[.//span[contains(text(),'538 -')]]"}
COMMAND: POST /session/3cebd188cade8bc69ea066f8aad5f3e7/elements - {"using":"xpath","value":"//li[.//span[contains(text(),'538 -')]]"}
RESULT: {"using":"xpath","value":"//li[.//span[contains(text(),'538 -')]]"}
COMMAND: POST /session/3cebd188cade8bc69ea066f8aad5f3e7/elements - {"using":"xpath","value":"//li[.//span[contains(text(),'538 -')]]"}
RESULT: {"using":"xpath","value":"//li[.//span[contains(text(),'538 -')]]"}
COMMAND: POST /session/3cebd188cade8bc69ea066f8aad5f3e7/elements - {"using":"xpath","value":"//li[.//span[contains(text(),'538 -')]]"}
RESULT: {"using":"xpath","value":"//li[.//span[contains(text(),'538 -')]]"}
COMMAND: POST /session/3cebd188cade8bc69ea066f8aad5f3e7/elements - {"using":"xpath","value":"//li[.//span[contains(text(),'538 -')]]"}
RESULT: {"using":"xpath","value":"//li[.//span[contains(text(),'538 -')]]"}
COMMAND: POST /session/3cebd188cade8bc69ea066f8aad5f3e7/elements - {"using":"xpath","value":"//li[.//span[contains(text(),'538 -')]]"}
RESULT: {"using":"xpath","value":"//li[.//span[contains(text(),'538 -')]]"}
COMMAND: POST /session/3cebd188cade8bc69ea066f8aad5f3e7/elements - {"using":"xpath","value":"//li[.//span[contains(text(),'538 -')]]"}
RESULT: {"using":"xpath","value":"//li[.//span[contains(text(),'538 -')]]"}
COMMAND: POST /session/3cebd188cade8bc69ea066f8aad5f3e7/elements - {"using":"xpath","value":"//li[.//span[contains(text(),'538 -')]]"}
RESULT: {"using":"xpath","value":"//li[.//span[contains(text(),'538 -')]]"}
COMMAND: POST /session/3cebd188cade8bc69ea066f8aad5f3e7/elements - {"using":"xpath","value":"//li[.//span[contains(text(),'538 -')]]"}
RESULT: {"using":"xpath","value":"//li[.//span[contains(text(),'538 -')]]"}
COMMAND: POST /session/3cebd188cade8bc69ea066f8aad5f3e7/elements - {"using":"xpath","value":"//li[.//span[contains(text(),'538 -')]]"}
RESULT: {"using":"xpath","value":"//li[.//span[contains(text(),'538 -')]]"}
COMMAND: POST /session/3cebd188cade8bc69ea066f8aad5f3e7/elements - {"using":"xpath","value":"//li[.//span[contains(text(),'538 -')]]"}
RESULT: {"using":"xpath","value":"//li[.//span[contains(text(),'538 -')]]"}
COMMAND: POST /session/3cebd188cade8bc69ea066f8aad5f3e7/elements - {"using":"xpath","value":"//li[.//span[contains(text(),'538 -')]]"}
RESULT: {"using":"xpath","value":"//li[.//span[contains(text(),'538 -')]]"}
COMMAND: POST /session/3cebd188cade8bc69ea066f8aad5f3e7/elements - {"using":"xpath","value":"//li[.//span[contains(text(),'538 -')]]"}
RESULT: {"using":"xpath","value":"//li[.//span[contains(text(),'538 -')]]"}
COMMAND: POST /session/3cebd188cade8bc69ea066f8aad5f3e7/elements - {"using":"xpath","value":"//li[.//span[contains(text(),'538 -')]]"}
RESULT: {"using":"xpath","value":"//li[.//span[contains(text(),'538 -')]]"}
COMMAND: POST /session/3cebd188cade8bc69ea066f8aad5f3e7/elements - {"using":"xpath","value":"//li[.//span[contains(text(),'538 -')]]"}
RESULT: {"using":"xpath","value":"//li[.//span[contains(text(),'538 -')]]"}
COMMAND: POST /session/3cebd188cade8bc69ea066f8aad5f3e7/elements - {"using":"xpath","value":"//li[.//span[contains(text(),'538 -')]]"}
RESULT: {"using":"xpath","value":"//li[.//span[contains(text(),'538 -')]]"}
COMMAND: POST /session/3cebd188cade8bc69ea066f8aad5f3e7/elements - {"using":"xpath","value":"//li[.//span[contains(text(),'538 -')]]"}
RESULT: {"using":"xpath","value":"//li[.//span[contains(text(),'538 -')]]"}
COMMAND: POST /session/3cebd188cade8bc69ea066f8aad5f3e7/elements - {"using":"xpath","value":"//li[.//span[contains(text(),'538 -')]]"}
RESULT: {"using":"xpath","value":"//li[.//span[contains(text(),'538 -')]]"}
COMMAND: POST /session/3cebd188cade8bc69ea066f8aad5f3e7/elements - {"using":"xpath","value":"//li[.//span[contains(text(),'538 -')]]"}
RESULT: {"using":"xpath","value":"//li[.//span[contains(text(),'538 -')]]"}
COMMAND: POST /session/3cebd188cade8bc69ea066f8aad5f3e7/elements - {"using":"xpath","value":"//li[.//span[contains(text(),'538 -')]]"}
RESULT: {"using":"xpath","value":"//li[.//span[contains(text(),'538 -')]]"}
COMMAND: POST /session/3cebd188cade8bc69ea066f8aad5f3e7/elements - {"using":"xpath","value":"//li[.//span[contains(text(),'538 -')]]"}
RESULT: {"using":"xpath","value":"//li[.//span[contains(text(),'538 -')]]"}
COMMAND: POST /session/3cebd188cade8bc69ea066f8aad5f3e7/elements - {"using":"xpath","value":"//li[.//span[contains(text(),'538 -')]]"}
RESULT: {"using":"xpath","value":"//li[.//span[contains(text(),'538 -')]]"}
COMMAND: POST /session/3cebd188cade8bc69ea066f8aad5f3e7/elements - {"using":"xpath","value":"//li[.//span[contains(text(),'538 -')]]"}
RESULT: {"using":"xpath","value":"//li[.//span[contains(text(),'538 -')]]"}
COMMAND: POST /session/3cebd188cade8bc69ea066f8aad5f3e7/elements - {"using":"xpath","value":"//li[.//span[contains(text(),'538 -')]]"}
RESULT: {"using":"xpath","value":"//li[.//span[contains(text(),'538 -')]]"}
COMMAND: POST /session/3cebd188cade8bc69ea066f8aad5f3e7/elements - {"using":"xpath","value":"//li[.//span[contains(text(),'538 -')]]"}
RESULT: {"using":"xpath","value":"//li[.//span[contains(text(),'538 -')]]"}
COMMAND: POST /session/3cebd188cade8bc69ea066f8aad5f3e7/elements - {"using":"xpath","value":"//li[.//span[contains(text(),'538 -')]]"}
RESULT: {"using":"xpath","value":"//li[.//span[contains(text(),'538 -')]]"}
COMMAND: POST /session/3cebd188cade8bc69ea066f8aad5f3e7/elements - {"using":"xpath","value":"//li[.//span[contains(text(),'538 -')]]"}
RESULT: {"using":"xpath","value":"//li[.//span[contains(text(),'538 -')]]"}
COMMAND: POST /session/3cebd188cade8bc69ea066f8aad5f3e7/elements - {"using":"xpath","value":"//li[.//span[contains(text(),'538 -')]]"}
RESULT: {"using":"xpath","value":"//li[.//span[contains(text(),'538 -')]]"}
COMMAND: POST /session/3cebd188cade8bc69ea066f8aad5f3e7/elements - {"using":"xpath","value":"//li[.//span[contains(text(),'538 -')]]"}
RESULT: {"using":"xpath","value":"//li[.//span[contains(text(),'538 -')]]"}
COMMAND: POST /session/3cebd188cade8bc69ea066f8aad5f3e7/elements - {"using":"xpath","value":"//li[.//span[contains(text(),'538 -')]]"}
RESULT: {"using":"xpath","value":"//li[.//span[contains(text(),'538 -')]]"}
COMMAND: POST /session/3cebd188cade8bc69ea066f8aad5f3e7/elements - {"using":"xpath","value":"//li[.//span[contains(text(),'538 -')]]"}
RESULT: {"using":"xpath","value":"//li[.//span[contains(text(),'538 -')]]"}
COMMAND: POST /session/3cebd188cade8bc69ea066f8aad5f3e7/elements - {"using":"xpath","value":"//li[.//span[contains(text(),'538 -')]]"}
RESULT: {"using":"xpath","value":"//li[.//span[contains(text(),'538 -')]]"}
COMMAND: POST /session/3cebd188cade8bc69ea066f8aad5f3e7/elements - {"using":"xpath","value":"//li[.//span[contains(text(),'538 -')]]"}
RESULT: {"using":"xpath","value":"//li[.//span[contains(text(),'538 -')]]"}
COMMAND: POST /session/3cebd188cade8bc69ea066f8aad5f3e7/elements - {"using":"xpath","value":"//li[.//span[contains(text(),'538 -')]]"}
RESULT: {"using":"xpath","value":"//li[.//span[contains(text(),'538 -')]]"}
COMMAND: POST /session/3cebd188cade8bc69ea066f8aad5f3e7/elements - {"using":"xpath","value":"//li[.//span[contains(text(),'538 -')]]"}
RESULT: {"using":"xpath","value":"//li[.//span[contains(text(),'538 -')]]"}
COMMAND: POST /session/3cebd188cade8bc69ea066f8aad5f3e7/elements - {"using":"xpath","value":"//li[.//span[contains(text(),'538 -')]]"}
RESULT: {"using":"xpath","value":"//li[.//span[contains(text(),'538 -')]]"}
COMMAND: POST /session/3cebd188cade8bc69ea066f8aad5f3e7/elements - {"using":"xpath","value":"//li[.//span[contains(text(),'538 -')]]"}
RESULT: {"using":"xpath","value":"//li[.//span[contains(text(),'538 -')]]"}
COMMAND: POST /session/3cebd188cade8bc69ea066f8aad5f3e7/elements - {"using":"xpath","value":"//li[.//span[contains(text(),'538 -')]]"}
RESULT: {"using":"xpath","value":"//li[.//span[contains(text(),'538 -')]]"}
COMMAND: POST /session/3cebd188cade8bc69ea066f8aad5f3e7/elements - {"using":"xpath","value":"//li[.//span[contains(text(),'538 -')]]"}
RESULT: {"using":"xpath","value":"//li[.//span[contains(text(),'538 -')]]"}
COMMAND: POST /session/3cebd188cade8bc69ea066f8aad5f3e7/elements - {"using":"xpath","value":"//li[.//span[contains(text(),'538 -')]]"}
RESULT: {"using":"xpath","value":"//li[.//span[contains(text(),'538 -')]]"}
COMMAND: POST /session/3cebd188cade8bc69ea066f8aad5f3e7/elements - {"using":"xpath","value":"//li[.//span[contains(text(),'538 -')]]"}
RESULT: {"using":"xpath","value":"//li[.//span[contains(text(),'538 -')]]"}
COMMAND: POST /session/3cebd188cade8bc69ea066f8aad5f3e7/elements - {"using":"xpath","value":"//li[.//span[contains(text(),'538 -')]]"}
RESULT: {"using":"xpath","value":"//li[.//span[contains(text(),'538 -')]]"}
COMMAND: POST /session/3cebd188cade8bc69ea066f8aad5f3e7/elements - {"using":"xpath","value":"//li[.//span[contains(text(),'538 -')]]"}
RESULT: {"using":"xpath","value":"//li[.//span[contains(text(),'538 -')]]"}
COMMAND: POST /session/3cebd188cade8bc69ea066f8aad5f3e7/elements - {"using":"xpath","value":"//li[.//span[contains(text(),'538 -')]]"}
RESULT: {"using":"xpath","value":"//li[.//span[contains(text(),'538 -')]]"}
COMMAND: POST /session/3cebd188cade8bc69ea066f8aad5f3e7/elements - {"using":"xpath","value":"//li[.//span[contains(text(),'538 -')]]"}
RESULT: {"using":"xpath","value":"//li[.//span[contains(text(),'538 -')]]"}
COMMAND: POST /session/3cebd188cade8bc69ea066f8aad5f3e7/elements - {"using":"xpath","value":"//li[.//span[contains(text(),'538 -')]]"}
RESULT: {"using":"xpath","value":"//li[.//span[contains(text(),'538 -')]]"}
COMMAND: POST /session/3cebd188cade8bc69ea066f8aad5f3e7/elements - {"using":"xpath","value":"//li[.//span[contains(text(),'538 -')]]"}
RESULT: {"using":"xpath","value":"//li[.//span[contains(text(),'538 -')]]"}
COMMAND: POST /session/3cebd188cade8bc69ea066f8aad5f3e7/elements - {"using":"xpath","value":"//li[.//span[contains(text(),'538 -')]]"}
RESULT: {"using":"xpath","value":"//li[.//span[contains(text(),'538 -')]]"}
COMMAND: POST /session/3cebd188cade8bc69ea066f8aad5f3e7/elements - {"using":"xpath","value":"//li[.//span[contains(text(),'538 -')]]"}
RESULT: {"using":"xpath","value":"//li[.//span[contains(text(),'538 -')]]"}
COMMAND: POST /session/3cebd188cade8bc69ea066f8aad5f3e7/elements - {"using":"xpath","value":"//li[.//span[contains(text(),'538 -')]]"}
RESULT: {"using":"xpath","value":"//li[.//span[contains(text(),'538 -')]]"}
COMMAND: POST /session/3cebd188cade8bc69ea066f8aad5f3e7/elements - {"using":"xpath","value":"//li[.//span[contains(text(),'538 -')]]"}
RESULT: {"using":"xpath","value":"//li[.//span[contains(text(),'538 -')]]"}
COMMAND: POST /session/3cebd188cade8bc69ea066f8aad5f3e7/elements - {"using":"xpath","value":"//li[.//span[contains(text(),'538 -')]]"}
RESULT: {"using":"xpath","value":"//li[.//span[contains(text(),'538 -')]]"}
COMMAND: POST /session/3cebd188cade8bc69ea066f8aad5f3e7/elements - {"using":"xpath","value":"//li[.//span[contains(text(),'538 -')]]"}
RESULT: {"using":"xpath","value":"//li[.//span[contains(text(),'538 -')]]"}
COMMAND: POST /session/3cebd188cade8bc69ea066f8aad5f3e7/elements - {"using":"xpath","value":"//li[.//span[contains(text(),'538 -')]]"}
RESULT: {"using":"xpath","value":"//li[.//span[contains(text(),'538 -')]]"}
COMMAND: POST /session/3cebd188cade8bc69ea066f8aad5f3e7/elements - {"using":"xpath","value":"//li[.//span[contains(text(),'538 -')]]"}
RESULT: {"using":"xpath","value":"//li[.//span[contains(text(),'538 -')]]"}
COMMAND: POST /session/3cebd188cade8bc69ea066f8aad5f3e7/elements - {"using":"xpath","value":"//li[.//span[contains(text(),'538 -')]]"}
RESULT: {"using":"xpath","value":"//li[.//span[contains(text(),'538 -')]]"}
COMMAND: POST /session/3cebd188cade8bc69ea066f8aad5f3e7/elements - {"using":"xpath","value":"//li[.//span[contains(text(),'538 -')]]"}
RESULT: {"using":"xpath","value":"//li[.//span[contains(text(),'538 -')]]"}
COMMAND: POST /session/3cebd188cade8bc69ea066f8aad5f3e7/elements - {"using":"xpath","value":"//li[.//span[contains(text(),'538 -')]]"}
RESULT: {"using":"xpath","value":"//li[.//span[contains(text(),'538 -')]]"}
COMMAND: POST /session/3cebd188cade8bc69ea066f8aad5f3e7/elements - {"using":"xpath","value":"//li[.//span[contains(text(),'538 -')]]"}
RESULT: {"using":"xpath","value":"//li[.//span[contains(text(),'538 -')]]"}
COMMAND: POST /session/3cebd188cade8bc69ea066f8aad5f3e7/elements - {"using":"xpath","value":"//li[.//span[contains(text(),'538 -')]]"}
RESULT: {"using":"xpath","value":"//li[.//span[contains(text(),'538 -')]]"}
COMMAND: POST /session/3cebd188cade8bc69ea066f8aad5f3e7/elements - {"using":"xpath","value":"//li[.//span[contains(text(),'538 -')]]"}
RESULT: {"using":"xpath","value":"//li[.//span[contains(text(),'538 -')]]"}
COMMAND: POST /session/3cebd188cade8bc69ea066f8aad5f3e7/elements - {"using":"xpath","value":"//li[.//span[contains(text(),'538 -')]]"}
RESULT: {"using":"xpath","value":"//li[.//span[contains(text(),'538 -')]]"}
COMMAND: POST /session/3cebd188cade8bc69ea066f8aad5f3e7/elements - {"using":"xpath","value":"//li[.//span[contains(text(),'538 -')]]"}
RESULT: {"using":"xpath","value":"//li[.//span[contains(text(),'538 -')]]"}
COMMAND: POST /session/3cebd188cade8bc69ea066f8aad5f3e7/elements - {"using":"xpath","value":"//li[.//span[contains(text(),'538 -')]]"}
RESULT: {"using":"xpath","value":"//li[.//span[contains(text(),'538 -')]]"}
COMMAND: POST /session/3cebd188cade8bc69ea066f8aad5f3e7/elements - {"using":"xpath","value":"//li[.//span[contains(text(),'538 -')]]"}
RESULT: {"using":"xpath","value":"//li[.//span[contains(text(),'538 -')]]"}
COMMAND: POST /session/3cebd188cade8bc69ea066f8aad5f3e7/elements - {"using":"xpath","value":"//li[.//span[contains(text(),'538 -')]]"}
RESULT: {"using":"xpath","value":"//li[.//span[contains(text(),'538 -')]]"}
COMMAND: POST /session/3cebd188cade8bc69ea066f8aad5f3e7/elements - {"using":"xpath","value":"//li[.//span[contains(text(),'538 -')]]"}
RESULT: {"using":"xpath","value":"//li[.//span[contains(text(),'538 -')]]"}
COMMAND: POST /session/3cebd188cade8bc69ea066f8aad5f3e7/elements - {"using":"xpath","value":"//li[.//span[contains(text(),'538 -')]]"}
RESULT: {"using":"xpath","value":"//li[.//span[contains(text(),'538 -')]]"}
COMMAND: POST /session/3cebd188cade8bc69ea066f8aad5f3e7/elements - {"using":"xpath","value":"//li[.//span[contains(text(),'538 -')]]"}
RESULT: {"using":"xpath","value":"//li[.//span[contains(text(),'538 -')]]"}
COMMAND: POST /session/3cebd188cade8bc69ea066f8aad5f3e7/elements - {"using":"xpath","value":"//li[.//span[contains(text(),'538 -')]]"}
RESULT: {"using":"xpath","value":"//li[.//span[contains(text(),'538 -')]]"}
COMMAND: POST /session/3cebd188cade8bc69ea066f8aad5f3e7/elements - {"using":"xpath","value":"//li[.//span[contains(text(),'538 -')]]"}
RESULT: {"using":"xpath","value":"//li[.//span[contains(text(),'538 -')]]"}
COMMAND: POST /session/3cebd188cade8bc69ea066f8aad5f3e7/elements - {"using":"xpath","value":"//li[.//span[contains(text(),'538 -')]]"}
RESULT: {"using":"xpath","value":"//li[.//span[contains(text(),'538 -')]]"}
COMMAND: POST /session/3cebd188cade8bc69ea066f8aad5f3e7/elements - {"using":"xpath","value":"//li[.//span[contains(text(),'538 -')]]"}
RESULT: {"using":"xpath","value":"//li[.//span[contains(text(),'538 -')]]"}
COMMAND: POST /session/3cebd188cade8bc69ea066f8aad5f3e7/elements - {"using":"xpath","value":"//li[.//span[contains(text(),'538 -')]]"}
RESULT: {"using":"xpath","value":"//li[.//span[contains(text(),'538 -')]]"}
COMMAND: POST /session/3cebd188cade8bc69ea066f8aad5f3e7/elements - {"using":"xpath","value":"//li[.//span[contains(text(),'538 -')]]"}
RESULT: {"using":"xpath","value":"//li[.//span[contains(text(),'538 -')]]"}
COMMAND: POST /session/3cebd188cade8bc69ea066f8aad5f3e7/elements - {"using":"xpath","value":"//li[.//span[contains(text(),'538 -')]]"}
RESULT: {"using":"xpath","value":"//li[.//span[contains(text(),'538 -')]]"}
COMMAND: POST /session/3cebd188cade8bc69ea066f8aad5f3e7/elements - {"using":"xpath","value":"//li[.//span[contains(text(),'538 -')]]"}
RESULT: {"using":"xpath","value":"//li[.//span[contains(text(),'538 -')]]"}
COMMAND: POST /session/3cebd188cade8bc69ea066f8aad5f3e7/elements - {"using":"xpath","value":"//li[.//span[contains(text(),'538 -')]]"}
RESULT: {"using":"xpath","value":"//li[.//span[contains(text(),'538 -')]]"}
COMMAND: POST /session/3cebd188cade8bc69ea066f8aad5f3e7/elements - {"using":"xpath","value":"//li[.//span[contains(text(),'538 -')]]"}
RESULT: {"using":"xpath","value":"//li[.//span[contains(text(),'538 -')]]"}
COMMAND: POST /session/3cebd188cade8bc69ea066f8aad5f3e7/elements - {"using":"xpath","value":"//li[.//span[contains(text(),'538 -')]]"}
RESULT: {"using":"xpath","value":"//li[.//span[contains(text(),'538 -')]]"}
COMMAND: POST /session/3cebd188cade8bc69ea066f8aad5f3e7/elements - {"using":"xpath","value":"//li[.//span[contains(text(),'538 -')]]"}
RESULT: {"using":"xpath","value":"//li[.//span[contains(text(),'538 -')]]"}
COMMAND: POST /session/3cebd188cade8bc69ea066f8aad5f3e7/elements - {"using":"xpath","value":"//li[.//span[contains(text(),'538 -')]]"}
RESULT: {"using":"xpath","value":"//li[.//span[contains(text(),'538 -')]]"}
COMMAND: POST /session/3cebd188cade8bc69ea066f8aad5f3e7/elements - {"using":"xpath","value":"//li[.//span[contains(text(),'538 -')]]"}
RESULT: {"using":"xpath","value":"//li[.//span[contains(text(),'538 -')]]"}
COMMAND: POST /session/3cebd188cade8bc69ea066f8aad5f3e7/elements - {"using":"xpath","value":"//li[.//span[contains(text(),'538 -')]]"}
RESULT: {"using":"xpath","value":"//li[.//span[contains(text(),'538 -')]]"}
COMMAND: POST /session/3cebd188cade8bc69ea066f8aad5f3e7/elements - {"using":"xpath","value":"//li[.//span[contains(text(),'538 -')]]"}
RESULT: {"using":"xpath","value":"//li[.//span[contains(text(),'538 -')]]"}
COMMAND: POST /session/3cebd188cade8bc69ea066f8aad5f3e7/elements - {"using":"xpath","value":"//li[.//span[contains(text(),'538 -')]]"}
RESULT: {"using":"xpath","value":"//li[.//span[contains(text(),'538 -')]]"}
COMMAND: POST /session/3cebd188cade8bc69ea066f8aad5f3e7/elements - {"using":"xpath","value":"//li[.//span[contains(text(),'538 -')]]"}
RESULT: {"using":"xpath","value":"//li[.//span[contains(text(),'538 -')]]"}
COMMAND: POST /session/3cebd188cade8bc69ea066f8aad5f3e7/elements - {"using":"xpath","value":"//li[.//span[contains(text(),'538 -')]]"}
RESULT: {"using":"xpath","value":"//li[.//span[contains(text(),'538 -')]]"}
COMMAND: POST /session/3cebd188cade8bc69ea066f8aad5f3e7/elements - {"using":"xpath","value":"//li[.//span[contains(text(),'538 -')]]"}
RESULT: {"using":"xpath","value":"//li[.//span[contains(text(),'538 -')]]"}
COMMAND: POST /session/3cebd188cade8bc69ea066f8aad5f3e7/elements - {"using":"xpath","value":"//li[.//span[contains(text(),'538 -')]]"}
RESULT: {"using":"xpath","value":"//li[.//span[contains(text(),'538 -')]]"}
COMMAND: POST /session/3cebd188cade8bc69ea066f8aad5f3e7/elements - {"using":"xpath","value":"//li[.//span[contains(text(),'538 -')]]"}
RESULT: {"using":"xpath","value":"//li[.//span[contains(text(),'538 -')]]"}
COMMAND: POST /session/3cebd188cade8bc69ea066f8aad5f3e7/elements - {"using":"xpath","value":"//li[.//span[contains(text(),'538 -')]]"}
RESULT: {"using":"xpath","value":"//li[.//span[contains(text(),'538 -')]]"}
COMMAND: POST /session/3cebd188cade8bc69ea066f8aad5f3e7/elements - {"using":"xpath","value":"//li[.//span[contains(text(),'538 -')]]"}
RESULT: {"using":"xpath","value":"//li[.//span[contains(text(),'538 -')]]"}
COMMAND: POST /session/3cebd188cade8bc69ea066f8aad5f3e7/elements - {"using":"xpath","value":"//li[.//span[contains(text(),'538 -')]]"}
RESULT: {"using":"xpath","value":"//li[.//span[contains(text(),'538 -')]]"}
COMMAND: POST /session/3cebd188cade8bc69ea066f8aad5f3e7/elements - {"using":"xpath","value":"//li[.//span[contains(text(),'538 -')]]"}
RESULT: {"using":"xpath","value":"//li[.//span[contains(text(),'538 -')]]"}
COMMAND: POST /session/3cebd188cade8bc69ea066f8aad5f3e7/elements - {"using":"xpath","value":"//li[.//span[contains(text(),'538 -')]]"}
RESULT: {"using":"xpath","value":"//li[.//span[contains(text(),'538 -')]]"}
COMMAND: POST /session/3cebd188cade8bc69ea066f8aad5f3e7/elements - {"using":"xpath","value":"//li[.//span[contains(text(),'538 -')]]"}
RESULT: {"using":"xpath","value":"//li[.//span[contains(text(),'538 -')]]"}
COMMAND: POST /session/3cebd188cade8bc69ea066f8aad5f3e7/elements - {"using":"xpath","value":"//li[.//span[contains(text(),'538 -')]]"}
RESULT: {"using":"xpath","value":"//li[.//span[contains(text(),'538 -')]]"}
COMMAND: POST /session/3cebd188cade8bc69ea066f8aad5f3e7/elements - {"using":"xpath","value":"//li[.//span[contains(text(),'538 -')]]"}
RESULT: {"using":"xpath","value":"//li[.//span[contains(text(),'538 -')]]"}
COMMAND: POST /session/3cebd188cade8bc69ea066f8aad5f3e7/elements - {"using":"xpath","value":"//li[.//span[contains(text(),'538 -')]]"}
RESULT: {"using":"xpath","value":"//li[.//span[contains(text(),'538 -')]]"}
COMMAND: POST /session/3cebd188cade8bc69ea066f8aad5f3e7/elements - {"using":"xpath","value":"//li[.//span[contains(text(),'538 -')]]"}
RESULT: {"using":"xpath","value":"//li[.//span[contains(text(),'538 -')]]"}
COMMAND: POST /session/3cebd188cade8bc69ea066f8aad5f3e7/elements - {"using":"xpath","value":"//li[.//span[contains(text(),'538 -')]]"}
RESULT: {"using":"xpath","value":"//li[.//span[contains(text(),'538 -')]]"}
COMMAND: POST /session/3cebd188cade8bc69ea066f8aad5f3e7/elements - {"using":"xpath","value":"//li[.//span[contains(text(),'538 -')]]"}
RESULT: {"using":"xpath","value":"//li[.//span[contains(text(),'538 -')]]"}
COMMAND: POST /session/3cebd188cade8bc69ea066f8aad5f3e7/elements - {"using":"xpath","value":"//li[.//span[contains(text(),'538 -')]]"}
RESULT: {"using":"xpath","value":"//li[.//span[contains(text(),'538 -')]]"}
COMMAND: GET /session/3cebd188cade8bc69ea066f8aad5f3e7/screenshot - {}
RESULT: {}
]]></system-out>
      <system-err><![CDATA[
Error: Can't call click on element with selector "//li[.//span[contains(text(),'538 -')]]" because element wasn't found
    at async UtilsPrerequisites.stockIncrease (D:\a\1\s\test\specs\BTS\prerequisites-and-utils-functions.js:1638:9)
    at async Context.<anonymous> (D:\a\1\s\test\specs\HTR\create-mass-state-change.spec.js:52:9)
]]></system-err>
    </testcase>
    <testcase classname="chrome.136_0_7103_93.windows.Tests_for_Mass_State_Change_on_Manage_States_&amp;_Performances_US104416_US" name="Prereq Should create a new contract" time="60.283">
      <failure/>
      <error message="element (&quot;//button[@data-kt=&quot;addButton&quot;]&quot;) still not existing after 45000ms"/>
      <system-out><![CDATA[
COMMAND: POST /session/3cebd188cade8bc69ea066f8aad5f3e7/execute/async - {"script":"<script> [1562 bytes]","args":[{"selector":{"controlType":"sap.m.GenericTile","properties":{"header":"Manage Contracts"}},"wdio_ui5_key":"sapm.GenericTile{\"header\":\"Manage Contracts\"}"}]}
COMMAND: GET /session/3cebd188cade8bc69ea066f8aad5f3e7/screenshot - {}
RESULT: {"script":"<script> [1562 bytes]","args":[{"selector":{"controlType":"sap.m.GenericTile","properties":{"header":"Manage Contracts"}},"wdio_ui5_key":"sapm.GenericTile{\"header\":\"Manage Contracts\"}"}]}
RESULT: undefined
RESULT: {}
COMMAND: POST /session/3cebd188cade8bc69ea066f8aad5f3e7/elements - {"using":"xpath","value":"//span[text()='Error']"}
RESULT: {"using":"xpath","value":"//span[text()='Error']"}
COMMAND: POST /session/3cebd188cade8bc69ea066f8aad5f3e7/element - {"using":"xpath","value":"//button[@data-kt=\"addButton\"]"}
RESULT: {"using":"xpath","value":"//button[@data-kt=\"addButton\"]"}
COMMAND: POST /session/3cebd188cade8bc69ea066f8aad5f3e7/elements - {"using":"xpath","value":"//button[@data-kt=\"addButton\"]"}
RESULT: {"using":"xpath","value":"//button[@data-kt=\"addButton\"]"}
COMMAND: POST /session/3cebd188cade8bc69ea066f8aad5f3e7/elements - {"using":"xpath","value":"//button[@data-kt=\"addButton\"]"}
RESULT: {"using":"xpath","value":"//button[@data-kt=\"addButton\"]"}
COMMAND: POST /session/3cebd188cade8bc69ea066f8aad5f3e7/elements - {"using":"xpath","value":"//button[@data-kt=\"addButton\"]"}
RESULT: {"using":"xpath","value":"//button[@data-kt=\"addButton\"]"}
COMMAND: POST /session/3cebd188cade8bc69ea066f8aad5f3e7/elements - {"using":"xpath","value":"//button[@data-kt=\"addButton\"]"}
RESULT: {"using":"xpath","value":"//button[@data-kt=\"addButton\"]"}
COMMAND: POST /session/3cebd188cade8bc69ea066f8aad5f3e7/elements - {"using":"xpath","value":"//button[@data-kt=\"addButton\"]"}
RESULT: {"using":"xpath","value":"//button[@data-kt=\"addButton\"]"}
COMMAND: POST /session/3cebd188cade8bc69ea066f8aad5f3e7/elements - {"using":"xpath","value":"//button[@data-kt=\"addButton\"]"}
RESULT: {"using":"xpath","value":"//button[@data-kt=\"addButton\"]"}
COMMAND: POST /session/3cebd188cade8bc69ea066f8aad5f3e7/elements - {"using":"xpath","value":"//button[@data-kt=\"addButton\"]"}
RESULT: {"using":"xpath","value":"//button[@data-kt=\"addButton\"]"}
COMMAND: POST /session/3cebd188cade8bc69ea066f8aad5f3e7/elements - {"using":"xpath","value":"//button[@data-kt=\"addButton\"]"}
RESULT: {"using":"xpath","value":"//button[@data-kt=\"addButton\"]"}
COMMAND: POST /session/3cebd188cade8bc69ea066f8aad5f3e7/elements - {"using":"xpath","value":"//button[@data-kt=\"addButton\"]"}
RESULT: {"using":"xpath","value":"//button[@data-kt=\"addButton\"]"}
COMMAND: POST /session/3cebd188cade8bc69ea066f8aad5f3e7/elements - {"using":"xpath","value":"//button[@data-kt=\"addButton\"]"}
RESULT: {"using":"xpath","value":"//button[@data-kt=\"addButton\"]"}
COMMAND: POST /session/3cebd188cade8bc69ea066f8aad5f3e7/elements - {"using":"xpath","value":"//button[@data-kt=\"addButton\"]"}
RESULT: {"using":"xpath","value":"//button[@data-kt=\"addButton\"]"}
COMMAND: POST /session/3cebd188cade8bc69ea066f8aad5f3e7/elements - {"using":"xpath","value":"//button[@data-kt=\"addButton\"]"}
RESULT: {"using":"xpath","value":"//button[@data-kt=\"addButton\"]"}
COMMAND: POST /session/3cebd188cade8bc69ea066f8aad5f3e7/elements - {"using":"xpath","value":"//button[@data-kt=\"addButton\"]"}
RESULT: {"using":"xpath","value":"//button[@data-kt=\"addButton\"]"}
COMMAND: POST /session/3cebd188cade8bc69ea066f8aad5f3e7/elements - {"using":"xpath","value":"//button[@data-kt=\"addButton\"]"}
RESULT: {"using":"xpath","value":"//button[@data-kt=\"addButton\"]"}
COMMAND: POST /session/3cebd188cade8bc69ea066f8aad5f3e7/elements - {"using":"xpath","value":"//button[@data-kt=\"addButton\"]"}
RESULT: {"using":"xpath","value":"//button[@data-kt=\"addButton\"]"}
COMMAND: POST /session/3cebd188cade8bc69ea066f8aad5f3e7/elements - {"using":"xpath","value":"//button[@data-kt=\"addButton\"]"}
RESULT: {"using":"xpath","value":"//button[@data-kt=\"addButton\"]"}
COMMAND: POST /session/3cebd188cade8bc69ea066f8aad5f3e7/elements - {"using":"xpath","value":"//button[@data-kt=\"addButton\"]"}
RESULT: {"using":"xpath","value":"//button[@data-kt=\"addButton\"]"}
COMMAND: POST /session/3cebd188cade8bc69ea066f8aad5f3e7/elements - {"using":"xpath","value":"//button[@data-kt=\"addButton\"]"}
RESULT: {"using":"xpath","value":"//button[@data-kt=\"addButton\"]"}
COMMAND: POST /session/3cebd188cade8bc69ea066f8aad5f3e7/elements - {"using":"xpath","value":"//button[@data-kt=\"addButton\"]"}
RESULT: {"using":"xpath","value":"//button[@data-kt=\"addButton\"]"}
COMMAND: POST /session/3cebd188cade8bc69ea066f8aad5f3e7/elements - {"using":"xpath","value":"//button[@data-kt=\"addButton\"]"}
RESULT: {"using":"xpath","value":"//button[@data-kt=\"addButton\"]"}
COMMAND: POST /session/3cebd188cade8bc69ea066f8aad5f3e7/elements - {"using":"xpath","value":"//button[@data-kt=\"addButton\"]"}
RESULT: {"using":"xpath","value":"//button[@data-kt=\"addButton\"]"}
COMMAND: POST /session/3cebd188cade8bc69ea066f8aad5f3e7/elements - {"using":"xpath","value":"//button[@data-kt=\"addButton\"]"}
RESULT: {"using":"xpath","value":"//button[@data-kt=\"addButton\"]"}
COMMAND: POST /session/3cebd188cade8bc69ea066f8aad5f3e7/elements - {"using":"xpath","value":"//button[@data-kt=\"addButton\"]"}
RESULT: {"using":"xpath","value":"//button[@data-kt=\"addButton\"]"}
COMMAND: POST /session/3cebd188cade8bc69ea066f8aad5f3e7/elements - {"using":"xpath","value":"//button[@data-kt=\"addButton\"]"}
RESULT: {"using":"xpath","value":"//button[@data-kt=\"addButton\"]"}
COMMAND: POST /session/3cebd188cade8bc69ea066f8aad5f3e7/elements - {"using":"xpath","value":"//button[@data-kt=\"addButton\"]"}
RESULT: {"using":"xpath","value":"//button[@data-kt=\"addButton\"]"}
COMMAND: POST /session/3cebd188cade8bc69ea066f8aad5f3e7/elements - {"using":"xpath","value":"//button[@data-kt=\"addButton\"]"}
RESULT: {"using":"xpath","value":"//button[@data-kt=\"addButton\"]"}
COMMAND: POST /session/3cebd188cade8bc69ea066f8aad5f3e7/elements - {"using":"xpath","value":"//button[@data-kt=\"addButton\"]"}
RESULT: {"using":"xpath","value":"//button[@data-kt=\"addButton\"]"}
COMMAND: POST /session/3cebd188cade8bc69ea066f8aad5f3e7/elements - {"using":"xpath","value":"//button[@data-kt=\"addButton\"]"}
RESULT: {"using":"xpath","value":"//button[@data-kt=\"addButton\"]"}
COMMAND: POST /session/3cebd188cade8bc69ea066f8aad5f3e7/elements - {"using":"xpath","value":"//button[@data-kt=\"addButton\"]"}
RESULT: {"using":"xpath","value":"//button[@data-kt=\"addButton\"]"}
COMMAND: POST /session/3cebd188cade8bc69ea066f8aad5f3e7/elements - {"using":"xpath","value":"//button[@data-kt=\"addButton\"]"}
RESULT: {"using":"xpath","value":"//button[@data-kt=\"addButton\"]"}
COMMAND: POST /session/3cebd188cade8bc69ea066f8aad5f3e7/elements - {"using":"xpath","value":"//button[@data-kt=\"addButton\"]"}
RESULT: {"using":"xpath","value":"//button[@data-kt=\"addButton\"]"}
COMMAND: POST /session/3cebd188cade8bc69ea066f8aad5f3e7/elements - {"using":"xpath","value":"//button[@data-kt=\"addButton\"]"}
RESULT: {"using":"xpath","value":"//button[@data-kt=\"addButton\"]"}
COMMAND: POST /session/3cebd188cade8bc69ea066f8aad5f3e7/elements - {"using":"xpath","value":"//button[@data-kt=\"addButton\"]"}
RESULT: {"using":"xpath","value":"//button[@data-kt=\"addButton\"]"}
COMMAND: POST /session/3cebd188cade8bc69ea066f8aad5f3e7/elements - {"using":"xpath","value":"//button[@data-kt=\"addButton\"]"}
RESULT: {"using":"xpath","value":"//button[@data-kt=\"addButton\"]"}
COMMAND: POST /session/3cebd188cade8bc69ea066f8aad5f3e7/elements - {"using":"xpath","value":"//button[@data-kt=\"addButton\"]"}
RESULT: {"using":"xpath","value":"//button[@data-kt=\"addButton\"]"}
COMMAND: POST /session/3cebd188cade8bc69ea066f8aad5f3e7/elements - {"using":"xpath","value":"//button[@data-kt=\"addButton\"]"}
RESULT: {"using":"xpath","value":"//button[@data-kt=\"addButton\"]"}
COMMAND: POST /session/3cebd188cade8bc69ea066f8aad5f3e7/elements - {"using":"xpath","value":"//button[@data-kt=\"addButton\"]"}
RESULT: {"using":"xpath","value":"//button[@data-kt=\"addButton\"]"}
COMMAND: POST /session/3cebd188cade8bc69ea066f8aad5f3e7/elements - {"using":"xpath","value":"//button[@data-kt=\"addButton\"]"}
RESULT: {"using":"xpath","value":"//button[@data-kt=\"addButton\"]"}
COMMAND: POST /session/3cebd188cade8bc69ea066f8aad5f3e7/elements - {"using":"xpath","value":"//button[@data-kt=\"addButton\"]"}
RESULT: {"using":"xpath","value":"//button[@data-kt=\"addButton\"]"}
COMMAND: POST /session/3cebd188cade8bc69ea066f8aad5f3e7/elements - {"using":"xpath","value":"//button[@data-kt=\"addButton\"]"}
RESULT: {"using":"xpath","value":"//button[@data-kt=\"addButton\"]"}
COMMAND: POST /session/3cebd188cade8bc69ea066f8aad5f3e7/elements - {"using":"xpath","value":"//button[@data-kt=\"addButton\"]"}
RESULT: {"using":"xpath","value":"//button[@data-kt=\"addButton\"]"}
COMMAND: POST /session/3cebd188cade8bc69ea066f8aad5f3e7/elements - {"using":"xpath","value":"//button[@data-kt=\"addButton\"]"}
RESULT: {"using":"xpath","value":"//button[@data-kt=\"addButton\"]"}
COMMAND: POST /session/3cebd188cade8bc69ea066f8aad5f3e7/elements - {"using":"xpath","value":"//button[@data-kt=\"addButton\"]"}
RESULT: {"using":"xpath","value":"//button[@data-kt=\"addButton\"]"}
COMMAND: POST /session/3cebd188cade8bc69ea066f8aad5f3e7/elements - {"using":"xpath","value":"//button[@data-kt=\"addButton\"]"}
RESULT: {"using":"xpath","value":"//button[@data-kt=\"addButton\"]"}
COMMAND: POST /session/3cebd188cade8bc69ea066f8aad5f3e7/elements - {"using":"xpath","value":"//button[@data-kt=\"addButton\"]"}
RESULT: {"using":"xpath","value":"//button[@data-kt=\"addButton\"]"}
COMMAND: POST /session/3cebd188cade8bc69ea066f8aad5f3e7/elements - {"using":"xpath","value":"//button[@data-kt=\"addButton\"]"}
RESULT: {"using":"xpath","value":"//button[@data-kt=\"addButton\"]"}
COMMAND: POST /session/3cebd188cade8bc69ea066f8aad5f3e7/elements - {"using":"xpath","value":"//button[@data-kt=\"addButton\"]"}
RESULT: {"using":"xpath","value":"//button[@data-kt=\"addButton\"]"}
COMMAND: POST /session/3cebd188cade8bc69ea066f8aad5f3e7/elements - {"using":"xpath","value":"//button[@data-kt=\"addButton\"]"}
RESULT: {"using":"xpath","value":"//button[@data-kt=\"addButton\"]"}
COMMAND: POST /session/3cebd188cade8bc69ea066f8aad5f3e7/elements - {"using":"xpath","value":"//button[@data-kt=\"addButton\"]"}
RESULT: {"using":"xpath","value":"//button[@data-kt=\"addButton\"]"}
COMMAND: POST /session/3cebd188cade8bc69ea066f8aad5f3e7/elements - {"using":"xpath","value":"//button[@data-kt=\"addButton\"]"}
RESULT: {"using":"xpath","value":"//button[@data-kt=\"addButton\"]"}
COMMAND: POST /session/3cebd188cade8bc69ea066f8aad5f3e7/elements - {"using":"xpath","value":"//button[@data-kt=\"addButton\"]"}
RESULT: {"using":"xpath","value":"//button[@data-kt=\"addButton\"]"}
COMMAND: POST /session/3cebd188cade8bc69ea066f8aad5f3e7/elements - {"using":"xpath","value":"//button[@data-kt=\"addButton\"]"}
RESULT: {"using":"xpath","value":"//button[@data-kt=\"addButton\"]"}
COMMAND: POST /session/3cebd188cade8bc69ea066f8aad5f3e7/elements - {"using":"xpath","value":"//button[@data-kt=\"addButton\"]"}
RESULT: {"using":"xpath","value":"//button[@data-kt=\"addButton\"]"}
COMMAND: POST /session/3cebd188cade8bc69ea066f8aad5f3e7/elements - {"using":"xpath","value":"//button[@data-kt=\"addButton\"]"}
RESULT: {"using":"xpath","value":"//button[@data-kt=\"addButton\"]"}
COMMAND: POST /session/3cebd188cade8bc69ea066f8aad5f3e7/elements - {"using":"xpath","value":"//button[@data-kt=\"addButton\"]"}
RESULT: {"using":"xpath","value":"//button[@data-kt=\"addButton\"]"}
COMMAND: POST /session/3cebd188cade8bc69ea066f8aad5f3e7/elements - {"using":"xpath","value":"//button[@data-kt=\"addButton\"]"}
RESULT: {"using":"xpath","value":"//button[@data-kt=\"addButton\"]"}
COMMAND: POST /session/3cebd188cade8bc69ea066f8aad5f3e7/elements - {"using":"xpath","value":"//button[@data-kt=\"addButton\"]"}
RESULT: {"using":"xpath","value":"//button[@data-kt=\"addButton\"]"}
COMMAND: POST /session/3cebd188cade8bc69ea066f8aad5f3e7/elements - {"using":"xpath","value":"//button[@data-kt=\"addButton\"]"}
RESULT: {"using":"xpath","value":"//button[@data-kt=\"addButton\"]"}
COMMAND: POST /session/3cebd188cade8bc69ea066f8aad5f3e7/elements - {"using":"xpath","value":"//button[@data-kt=\"addButton\"]"}
RESULT: {"using":"xpath","value":"//button[@data-kt=\"addButton\"]"}
COMMAND: POST /session/3cebd188cade8bc69ea066f8aad5f3e7/elements - {"using":"xpath","value":"//button[@data-kt=\"addButton\"]"}
RESULT: {"using":"xpath","value":"//button[@data-kt=\"addButton\"]"}
COMMAND: POST /session/3cebd188cade8bc69ea066f8aad5f3e7/elements - {"using":"xpath","value":"//button[@data-kt=\"addButton\"]"}
RESULT: {"using":"xpath","value":"//button[@data-kt=\"addButton\"]"}
COMMAND: POST /session/3cebd188cade8bc69ea066f8aad5f3e7/elements - {"using":"xpath","value":"//button[@data-kt=\"addButton\"]"}
RESULT: {"using":"xpath","value":"//button[@data-kt=\"addButton\"]"}
COMMAND: POST /session/3cebd188cade8bc69ea066f8aad5f3e7/elements - {"using":"xpath","value":"//button[@data-kt=\"addButton\"]"}
RESULT: {"using":"xpath","value":"//button[@data-kt=\"addButton\"]"}
COMMAND: POST /session/3cebd188cade8bc69ea066f8aad5f3e7/elements - {"using":"xpath","value":"//button[@data-kt=\"addButton\"]"}
RESULT: {"using":"xpath","value":"//button[@data-kt=\"addButton\"]"}
COMMAND: POST /session/3cebd188cade8bc69ea066f8aad5f3e7/elements - {"using":"xpath","value":"//button[@data-kt=\"addButton\"]"}
RESULT: {"using":"xpath","value":"//button[@data-kt=\"addButton\"]"}
COMMAND: POST /session/3cebd188cade8bc69ea066f8aad5f3e7/elements - {"using":"xpath","value":"//button[@data-kt=\"addButton\"]"}
RESULT: {"using":"xpath","value":"//button[@data-kt=\"addButton\"]"}
COMMAND: POST /session/3cebd188cade8bc69ea066f8aad5f3e7/elements - {"using":"xpath","value":"//button[@data-kt=\"addButton\"]"}
RESULT: {"using":"xpath","value":"//button[@data-kt=\"addButton\"]"}
COMMAND: POST /session/3cebd188cade8bc69ea066f8aad5f3e7/elements - {"using":"xpath","value":"//button[@data-kt=\"addButton\"]"}
RESULT: {"using":"xpath","value":"//button[@data-kt=\"addButton\"]"}
COMMAND: POST /session/3cebd188cade8bc69ea066f8aad5f3e7/elements - {"using":"xpath","value":"//button[@data-kt=\"addButton\"]"}
RESULT: {"using":"xpath","value":"//button[@data-kt=\"addButton\"]"}
COMMAND: POST /session/3cebd188cade8bc69ea066f8aad5f3e7/elements - {"using":"xpath","value":"//button[@data-kt=\"addButton\"]"}
RESULT: {"using":"xpath","value":"//button[@data-kt=\"addButton\"]"}
COMMAND: POST /session/3cebd188cade8bc69ea066f8aad5f3e7/elements - {"using":"xpath","value":"//button[@data-kt=\"addButton\"]"}
RESULT: {"using":"xpath","value":"//button[@data-kt=\"addButton\"]"}
COMMAND: POST /session/3cebd188cade8bc69ea066f8aad5f3e7/elements - {"using":"xpath","value":"//button[@data-kt=\"addButton\"]"}
RESULT: {"using":"xpath","value":"//button[@data-kt=\"addButton\"]"}
COMMAND: POST /session/3cebd188cade8bc69ea066f8aad5f3e7/elements - {"using":"xpath","value":"//button[@data-kt=\"addButton\"]"}
RESULT: {"using":"xpath","value":"//button[@data-kt=\"addButton\"]"}
COMMAND: POST /session/3cebd188cade8bc69ea066f8aad5f3e7/elements - {"using":"xpath","value":"//button[@data-kt=\"addButton\"]"}
RESULT: {"using":"xpath","value":"//button[@data-kt=\"addButton\"]"}
COMMAND: POST /session/3cebd188cade8bc69ea066f8aad5f3e7/elements - {"using":"xpath","value":"//button[@data-kt=\"addButton\"]"}
RESULT: {"using":"xpath","value":"//button[@data-kt=\"addButton\"]"}
COMMAND: POST /session/3cebd188cade8bc69ea066f8aad5f3e7/elements - {"using":"xpath","value":"//button[@data-kt=\"addButton\"]"}
RESULT: {"using":"xpath","value":"//button[@data-kt=\"addButton\"]"}
COMMAND: POST /session/3cebd188cade8bc69ea066f8aad5f3e7/elements - {"using":"xpath","value":"//button[@data-kt=\"addButton\"]"}
RESULT: {"using":"xpath","value":"//button[@data-kt=\"addButton\"]"}
COMMAND: POST /session/3cebd188cade8bc69ea066f8aad5f3e7/elements - {"using":"xpath","value":"//button[@data-kt=\"addButton\"]"}
RESULT: {"using":"xpath","value":"//button[@data-kt=\"addButton\"]"}
COMMAND: POST /session/3cebd188cade8bc69ea066f8aad5f3e7/elements - {"using":"xpath","value":"//button[@data-kt=\"addButton\"]"}
RESULT: {"using":"xpath","value":"//button[@data-kt=\"addButton\"]"}
COMMAND: POST /session/3cebd188cade8bc69ea066f8aad5f3e7/elements - {"using":"xpath","value":"//button[@data-kt=\"addButton\"]"}
RESULT: {"using":"xpath","value":"//button[@data-kt=\"addButton\"]"}
COMMAND: POST /session/3cebd188cade8bc69ea066f8aad5f3e7/elements - {"using":"xpath","value":"//button[@data-kt=\"addButton\"]"}
RESULT: {"using":"xpath","value":"//button[@data-kt=\"addButton\"]"}
COMMAND: POST /session/3cebd188cade8bc69ea066f8aad5f3e7/elements - {"using":"xpath","value":"//button[@data-kt=\"addButton\"]"}
RESULT: {"using":"xpath","value":"//button[@data-kt=\"addButton\"]"}
COMMAND: POST /session/3cebd188cade8bc69ea066f8aad5f3e7/elements - {"using":"xpath","value":"//button[@data-kt=\"addButton\"]"}
RESULT: {"using":"xpath","value":"//button[@data-kt=\"addButton\"]"}
COMMAND: POST /session/3cebd188cade8bc69ea066f8aad5f3e7/elements - {"using":"xpath","value":"//button[@data-kt=\"addButton\"]"}
RESULT: {"using":"xpath","value":"//button[@data-kt=\"addButton\"]"}
COMMAND: POST /session/3cebd188cade8bc69ea066f8aad5f3e7/elements - {"using":"xpath","value":"//button[@data-kt=\"addButton\"]"}
RESULT: {"using":"xpath","value":"//button[@data-kt=\"addButton\"]"}
COMMAND: POST /session/3cebd188cade8bc69ea066f8aad5f3e7/elements - {"using":"xpath","value":"//button[@data-kt=\"addButton\"]"}
RESULT: {"using":"xpath","value":"//button[@data-kt=\"addButton\"]"}
COMMAND: POST /session/3cebd188cade8bc69ea066f8aad5f3e7/elements - {"using":"xpath","value":"//button[@data-kt=\"addButton\"]"}
RESULT: {"using":"xpath","value":"//button[@data-kt=\"addButton\"]"}
COMMAND: POST /session/3cebd188cade8bc69ea066f8aad5f3e7/elements - {"using":"xpath","value":"//button[@data-kt=\"addButton\"]"}
RESULT: {"using":"xpath","value":"//button[@data-kt=\"addButton\"]"}
COMMAND: POST /session/3cebd188cade8bc69ea066f8aad5f3e7/elements - {"using":"xpath","value":"//button[@data-kt=\"addButton\"]"}
RESULT: {"using":"xpath","value":"//button[@data-kt=\"addButton\"]"}
COMMAND: POST /session/3cebd188cade8bc69ea066f8aad5f3e7/elements - {"using":"xpath","value":"//button[@data-kt=\"addButton\"]"}
RESULT: {"using":"xpath","value":"//button[@data-kt=\"addButton\"]"}
COMMAND: GET /session/3cebd188cade8bc69ea066f8aad5f3e7/screenshot - {}
RESULT: {}
]]></system-out>
      <system-err><![CDATA[
Error: element ("//button[@data-kt="addButton"]") still not existing after 45000ms
    at async UtilsPrerequisites.contractCreation (D:\a\1\s\test\specs\BTS\prerequisites-and-utils-functions.js:1741:9)
    at async Context.<anonymous> (D:\a\1\s\test\specs\HTR\create-mass-state-change.spec.js:57:43)
]]></system-err>
    </testcase>
    <testcase classname="chrome.136_0_7103_93.windows.Tests_for_Mass_State_Change_on_Manage_States_&amp;_Performances_US104416_US" name="Prereq Should add created equipment to contract but to have the item 2 days earlier" time="60.473">
      <failure/>
      <error message="Can't call click on element with selector &quot;//button[@data-kt=&quot;contractDetailEditBtnButton&quot;]&quot; because element wasn't found"/>
      <system-out><![CDATA[
COMMAND: GET /session/3cebd188cade8bc69ea066f8aad5f3e7/screenshot - {}
COMMAND: POST /session/3cebd188cade8bc69ea066f8aad5f3e7/element - {"using":"xpath","value":"//button[@data-kt=\"contractDetailEditBtnButton\"]"}
RESULT: {"using":"xpath","value":"//button[@data-kt=\"contractDetailEditBtnButton\"]"}
COMMAND: POST /session/3cebd188cade8bc69ea066f8aad5f3e7/elements - {"using":"xpath","value":"//button[@data-kt=\"contractDetailEditBtnButton\"]"}
RESULT: {}
RESULT: {"using":"xpath","value":"//button[@data-kt=\"contractDetailEditBtnButton\"]"}
COMMAND: POST /session/3cebd188cade8bc69ea066f8aad5f3e7/elements - {"using":"xpath","value":"//button[@data-kt=\"contractDetailEditBtnButton\"]"}
RESULT: {"using":"xpath","value":"//button[@data-kt=\"contractDetailEditBtnButton\"]"}
COMMAND: POST /session/3cebd188cade8bc69ea066f8aad5f3e7/elements - {"using":"xpath","value":"//button[@data-kt=\"contractDetailEditBtnButton\"]"}
RESULT: {"using":"xpath","value":"//button[@data-kt=\"contractDetailEditBtnButton\"]"}
COMMAND: POST /session/3cebd188cade8bc69ea066f8aad5f3e7/elements - {"using":"xpath","value":"//button[@data-kt=\"contractDetailEditBtnButton\"]"}
RESULT: {"using":"xpath","value":"//button[@data-kt=\"contractDetailEditBtnButton\"]"}
COMMAND: POST /session/3cebd188cade8bc69ea066f8aad5f3e7/elements - {"using":"xpath","value":"//button[@data-kt=\"contractDetailEditBtnButton\"]"}
RESULT: {"using":"xpath","value":"//button[@data-kt=\"contractDetailEditBtnButton\"]"}
COMMAND: POST /session/3cebd188cade8bc69ea066f8aad5f3e7/elements - {"using":"xpath","value":"//button[@data-kt=\"contractDetailEditBtnButton\"]"}
RESULT: {"using":"xpath","value":"//button[@data-kt=\"contractDetailEditBtnButton\"]"}
COMMAND: POST /session/3cebd188cade8bc69ea066f8aad5f3e7/elements - {"using":"xpath","value":"//button[@data-kt=\"contractDetailEditBtnButton\"]"}
RESULT: {"using":"xpath","value":"//button[@data-kt=\"contractDetailEditBtnButton\"]"}
COMMAND: POST /session/3cebd188cade8bc69ea066f8aad5f3e7/elements - {"using":"xpath","value":"//button[@data-kt=\"contractDetailEditBtnButton\"]"}
RESULT: {"using":"xpath","value":"//button[@data-kt=\"contractDetailEditBtnButton\"]"}
COMMAND: POST /session/3cebd188cade8bc69ea066f8aad5f3e7/elements - {"using":"xpath","value":"//button[@data-kt=\"contractDetailEditBtnButton\"]"}
RESULT: {"using":"xpath","value":"//button[@data-kt=\"contractDetailEditBtnButton\"]"}
COMMAND: POST /session/3cebd188cade8bc69ea066f8aad5f3e7/elements - {"using":"xpath","value":"//button[@data-kt=\"contractDetailEditBtnButton\"]"}
RESULT: {"using":"xpath","value":"//button[@data-kt=\"contractDetailEditBtnButton\"]"}
COMMAND: POST /session/3cebd188cade8bc69ea066f8aad5f3e7/elements - {"using":"xpath","value":"//button[@data-kt=\"contractDetailEditBtnButton\"]"}
RESULT: {"using":"xpath","value":"//button[@data-kt=\"contractDetailEditBtnButton\"]"}
COMMAND: POST /session/3cebd188cade8bc69ea066f8aad5f3e7/elements - {"using":"xpath","value":"//button[@data-kt=\"contractDetailEditBtnButton\"]"}
RESULT: {"using":"xpath","value":"//button[@data-kt=\"contractDetailEditBtnButton\"]"}
COMMAND: POST /session/3cebd188cade8bc69ea066f8aad5f3e7/elements - {"using":"xpath","value":"//button[@data-kt=\"contractDetailEditBtnButton\"]"}
RESULT: {"using":"xpath","value":"//button[@data-kt=\"contractDetailEditBtnButton\"]"}
COMMAND: POST /session/3cebd188cade8bc69ea066f8aad5f3e7/elements - {"using":"xpath","value":"//button[@data-kt=\"contractDetailEditBtnButton\"]"}
RESULT: {"using":"xpath","value":"//button[@data-kt=\"contractDetailEditBtnButton\"]"}
COMMAND: POST /session/3cebd188cade8bc69ea066f8aad5f3e7/elements - {"using":"xpath","value":"//button[@data-kt=\"contractDetailEditBtnButton\"]"}
RESULT: {"using":"xpath","value":"//button[@data-kt=\"contractDetailEditBtnButton\"]"}
COMMAND: POST /session/3cebd188cade8bc69ea066f8aad5f3e7/elements - {"using":"xpath","value":"//button[@data-kt=\"contractDetailEditBtnButton\"]"}
RESULT: {"using":"xpath","value":"//button[@data-kt=\"contractDetailEditBtnButton\"]"}
COMMAND: POST /session/3cebd188cade8bc69ea066f8aad5f3e7/elements - {"using":"xpath","value":"//button[@data-kt=\"contractDetailEditBtnButton\"]"}
RESULT: {"using":"xpath","value":"//button[@data-kt=\"contractDetailEditBtnButton\"]"}
COMMAND: POST /session/3cebd188cade8bc69ea066f8aad5f3e7/elements - {"using":"xpath","value":"//button[@data-kt=\"contractDetailEditBtnButton\"]"}
RESULT: {"using":"xpath","value":"//button[@data-kt=\"contractDetailEditBtnButton\"]"}
COMMAND: POST /session/3cebd188cade8bc69ea066f8aad5f3e7/elements - {"using":"xpath","value":"//button[@data-kt=\"contractDetailEditBtnButton\"]"}
RESULT: {"using":"xpath","value":"//button[@data-kt=\"contractDetailEditBtnButton\"]"}
COMMAND: POST /session/3cebd188cade8bc69ea066f8aad5f3e7/elements - {"using":"xpath","value":"//button[@data-kt=\"contractDetailEditBtnButton\"]"}
RESULT: {"using":"xpath","value":"//button[@data-kt=\"contractDetailEditBtnButton\"]"}
COMMAND: POST /session/3cebd188cade8bc69ea066f8aad5f3e7/elements - {"using":"xpath","value":"//button[@data-kt=\"contractDetailEditBtnButton\"]"}
RESULT: {"using":"xpath","value":"//button[@data-kt=\"contractDetailEditBtnButton\"]"}
COMMAND: POST /session/3cebd188cade8bc69ea066f8aad5f3e7/elements - {"using":"xpath","value":"//button[@data-kt=\"contractDetailEditBtnButton\"]"}
RESULT: {"using":"xpath","value":"//button[@data-kt=\"contractDetailEditBtnButton\"]"}
COMMAND: POST /session/3cebd188cade8bc69ea066f8aad5f3e7/elements - {"using":"xpath","value":"//button[@data-kt=\"contractDetailEditBtnButton\"]"}
RESULT: {"using":"xpath","value":"//button[@data-kt=\"contractDetailEditBtnButton\"]"}
COMMAND: POST /session/3cebd188cade8bc69ea066f8aad5f3e7/elements - {"using":"xpath","value":"//button[@data-kt=\"contractDetailEditBtnButton\"]"}
RESULT: {"using":"xpath","value":"//button[@data-kt=\"contractDetailEditBtnButton\"]"}
COMMAND: POST /session/3cebd188cade8bc69ea066f8aad5f3e7/elements - {"using":"xpath","value":"//button[@data-kt=\"contractDetailEditBtnButton\"]"}
RESULT: {"using":"xpath","value":"//button[@data-kt=\"contractDetailEditBtnButton\"]"}
COMMAND: POST /session/3cebd188cade8bc69ea066f8aad5f3e7/elements - {"using":"xpath","value":"//button[@data-kt=\"contractDetailEditBtnButton\"]"}
RESULT: {"using":"xpath","value":"//button[@data-kt=\"contractDetailEditBtnButton\"]"}
COMMAND: POST /session/3cebd188cade8bc69ea066f8aad5f3e7/elements - {"using":"xpath","value":"//button[@data-kt=\"contractDetailEditBtnButton\"]"}
RESULT: {"using":"xpath","value":"//button[@data-kt=\"contractDetailEditBtnButton\"]"}
COMMAND: POST /session/3cebd188cade8bc69ea066f8aad5f3e7/elements - {"using":"xpath","value":"//button[@data-kt=\"contractDetailEditBtnButton\"]"}
RESULT: {"using":"xpath","value":"//button[@data-kt=\"contractDetailEditBtnButton\"]"}
COMMAND: POST /session/3cebd188cade8bc69ea066f8aad5f3e7/elements - {"using":"xpath","value":"//button[@data-kt=\"contractDetailEditBtnButton\"]"}
RESULT: {"using":"xpath","value":"//button[@data-kt=\"contractDetailEditBtnButton\"]"}
COMMAND: POST /session/3cebd188cade8bc69ea066f8aad5f3e7/elements - {"using":"xpath","value":"//button[@data-kt=\"contractDetailEditBtnButton\"]"}
RESULT: {"using":"xpath","value":"//button[@data-kt=\"contractDetailEditBtnButton\"]"}
COMMAND: POST /session/3cebd188cade8bc69ea066f8aad5f3e7/elements - {"using":"xpath","value":"//button[@data-kt=\"contractDetailEditBtnButton\"]"}
RESULT: {"using":"xpath","value":"//button[@data-kt=\"contractDetailEditBtnButton\"]"}
COMMAND: POST /session/3cebd188cade8bc69ea066f8aad5f3e7/elements - {"using":"xpath","value":"//button[@data-kt=\"contractDetailEditBtnButton\"]"}
RESULT: {"using":"xpath","value":"//button[@data-kt=\"contractDetailEditBtnButton\"]"}
COMMAND: POST /session/3cebd188cade8bc69ea066f8aad5f3e7/elements - {"using":"xpath","value":"//button[@data-kt=\"contractDetailEditBtnButton\"]"}
RESULT: {"using":"xpath","value":"//button[@data-kt=\"contractDetailEditBtnButton\"]"}
COMMAND: POST /session/3cebd188cade8bc69ea066f8aad5f3e7/elements - {"using":"xpath","value":"//button[@data-kt=\"contractDetailEditBtnButton\"]"}
RESULT: {"using":"xpath","value":"//button[@data-kt=\"contractDetailEditBtnButton\"]"}
COMMAND: POST /session/3cebd188cade8bc69ea066f8aad5f3e7/elements - {"using":"xpath","value":"//button[@data-kt=\"contractDetailEditBtnButton\"]"}
RESULT: {"using":"xpath","value":"//button[@data-kt=\"contractDetailEditBtnButton\"]"}
COMMAND: POST /session/3cebd188cade8bc69ea066f8aad5f3e7/elements - {"using":"xpath","value":"//button[@data-kt=\"contractDetailEditBtnButton\"]"}
RESULT: {"using":"xpath","value":"//button[@data-kt=\"contractDetailEditBtnButton\"]"}
COMMAND: POST /session/3cebd188cade8bc69ea066f8aad5f3e7/elements - {"using":"xpath","value":"//button[@data-kt=\"contractDetailEditBtnButton\"]"}
RESULT: {"using":"xpath","value":"//button[@data-kt=\"contractDetailEditBtnButton\"]"}
COMMAND: POST /session/3cebd188cade8bc69ea066f8aad5f3e7/elements - {"using":"xpath","value":"//button[@data-kt=\"contractDetailEditBtnButton\"]"}
RESULT: {"using":"xpath","value":"//button[@data-kt=\"contractDetailEditBtnButton\"]"}
COMMAND: POST /session/3cebd188cade8bc69ea066f8aad5f3e7/elements - {"using":"xpath","value":"//button[@data-kt=\"contractDetailEditBtnButton\"]"}
RESULT: {"using":"xpath","value":"//button[@data-kt=\"contractDetailEditBtnButton\"]"}
COMMAND: POST /session/3cebd188cade8bc69ea066f8aad5f3e7/elements - {"using":"xpath","value":"//button[@data-kt=\"contractDetailEditBtnButton\"]"}
RESULT: {"using":"xpath","value":"//button[@data-kt=\"contractDetailEditBtnButton\"]"}
COMMAND: POST /session/3cebd188cade8bc69ea066f8aad5f3e7/elements - {"using":"xpath","value":"//button[@data-kt=\"contractDetailEditBtnButton\"]"}
RESULT: {"using":"xpath","value":"//button[@data-kt=\"contractDetailEditBtnButton\"]"}
COMMAND: POST /session/3cebd188cade8bc69ea066f8aad5f3e7/elements - {"using":"xpath","value":"//button[@data-kt=\"contractDetailEditBtnButton\"]"}
RESULT: {"using":"xpath","value":"//button[@data-kt=\"contractDetailEditBtnButton\"]"}
COMMAND: POST /session/3cebd188cade8bc69ea066f8aad5f3e7/elements - {"using":"xpath","value":"//button[@data-kt=\"contractDetailEditBtnButton\"]"}
RESULT: {"using":"xpath","value":"//button[@data-kt=\"contractDetailEditBtnButton\"]"}
COMMAND: POST /session/3cebd188cade8bc69ea066f8aad5f3e7/elements - {"using":"xpath","value":"//button[@data-kt=\"contractDetailEditBtnButton\"]"}
RESULT: {"using":"xpath","value":"//button[@data-kt=\"contractDetailEditBtnButton\"]"}
COMMAND: POST /session/3cebd188cade8bc69ea066f8aad5f3e7/elements - {"using":"xpath","value":"//button[@data-kt=\"contractDetailEditBtnButton\"]"}
RESULT: {"using":"xpath","value":"//button[@data-kt=\"contractDetailEditBtnButton\"]"}
COMMAND: POST /session/3cebd188cade8bc69ea066f8aad5f3e7/elements - {"using":"xpath","value":"//button[@data-kt=\"contractDetailEditBtnButton\"]"}
RESULT: {"using":"xpath","value":"//button[@data-kt=\"contractDetailEditBtnButton\"]"}
COMMAND: POST /session/3cebd188cade8bc69ea066f8aad5f3e7/elements - {"using":"xpath","value":"//button[@data-kt=\"contractDetailEditBtnButton\"]"}
RESULT: {"using":"xpath","value":"//button[@data-kt=\"contractDetailEditBtnButton\"]"}
COMMAND: POST /session/3cebd188cade8bc69ea066f8aad5f3e7/elements - {"using":"xpath","value":"//button[@data-kt=\"contractDetailEditBtnButton\"]"}
RESULT: {"using":"xpath","value":"//button[@data-kt=\"contractDetailEditBtnButton\"]"}
COMMAND: POST /session/3cebd188cade8bc69ea066f8aad5f3e7/elements - {"using":"xpath","value":"//button[@data-kt=\"contractDetailEditBtnButton\"]"}
RESULT: {"using":"xpath","value":"//button[@data-kt=\"contractDetailEditBtnButton\"]"}
COMMAND: POST /session/3cebd188cade8bc69ea066f8aad5f3e7/elements - {"using":"xpath","value":"//button[@data-kt=\"contractDetailEditBtnButton\"]"}
RESULT: {"using":"xpath","value":"//button[@data-kt=\"contractDetailEditBtnButton\"]"}
COMMAND: POST /session/3cebd188cade8bc69ea066f8aad5f3e7/elements - {"using":"xpath","value":"//button[@data-kt=\"contractDetailEditBtnButton\"]"}
RESULT: {"using":"xpath","value":"//button[@data-kt=\"contractDetailEditBtnButton\"]"}
COMMAND: POST /session/3cebd188cade8bc69ea066f8aad5f3e7/elements - {"using":"xpath","value":"//button[@data-kt=\"contractDetailEditBtnButton\"]"}
RESULT: {"using":"xpath","value":"//button[@data-kt=\"contractDetailEditBtnButton\"]"}
COMMAND: POST /session/3cebd188cade8bc69ea066f8aad5f3e7/elements - {"using":"xpath","value":"//button[@data-kt=\"contractDetailEditBtnButton\"]"}
RESULT: {"using":"xpath","value":"//button[@data-kt=\"contractDetailEditBtnButton\"]"}
COMMAND: POST /session/3cebd188cade8bc69ea066f8aad5f3e7/elements - {"using":"xpath","value":"//button[@data-kt=\"contractDetailEditBtnButton\"]"}
RESULT: {"using":"xpath","value":"//button[@data-kt=\"contractDetailEditBtnButton\"]"}
COMMAND: POST /session/3cebd188cade8bc69ea066f8aad5f3e7/elements - {"using":"xpath","value":"//button[@data-kt=\"contractDetailEditBtnButton\"]"}
RESULT: {"using":"xpath","value":"//button[@data-kt=\"contractDetailEditBtnButton\"]"}
COMMAND: POST /session/3cebd188cade8bc69ea066f8aad5f3e7/elements - {"using":"xpath","value":"//button[@data-kt=\"contractDetailEditBtnButton\"]"}
RESULT: {"using":"xpath","value":"//button[@data-kt=\"contractDetailEditBtnButton\"]"}
COMMAND: POST /session/3cebd188cade8bc69ea066f8aad5f3e7/elements - {"using":"xpath","value":"//button[@data-kt=\"contractDetailEditBtnButton\"]"}
RESULT: {"using":"xpath","value":"//button[@data-kt=\"contractDetailEditBtnButton\"]"}
COMMAND: POST /session/3cebd188cade8bc69ea066f8aad5f3e7/elements - {"using":"xpath","value":"//button[@data-kt=\"contractDetailEditBtnButton\"]"}
RESULT: {"using":"xpath","value":"//button[@data-kt=\"contractDetailEditBtnButton\"]"}
COMMAND: POST /session/3cebd188cade8bc69ea066f8aad5f3e7/elements - {"using":"xpath","value":"//button[@data-kt=\"contractDetailEditBtnButton\"]"}
RESULT: {"using":"xpath","value":"//button[@data-kt=\"contractDetailEditBtnButton\"]"}
COMMAND: POST /session/3cebd188cade8bc69ea066f8aad5f3e7/elements - {"using":"xpath","value":"//button[@data-kt=\"contractDetailEditBtnButton\"]"}
RESULT: {"using":"xpath","value":"//button[@data-kt=\"contractDetailEditBtnButton\"]"}
COMMAND: POST /session/3cebd188cade8bc69ea066f8aad5f3e7/elements - {"using":"xpath","value":"//button[@data-kt=\"contractDetailEditBtnButton\"]"}
RESULT: {"using":"xpath","value":"//button[@data-kt=\"contractDetailEditBtnButton\"]"}
COMMAND: POST /session/3cebd188cade8bc69ea066f8aad5f3e7/elements - {"using":"xpath","value":"//button[@data-kt=\"contractDetailEditBtnButton\"]"}
RESULT: {"using":"xpath","value":"//button[@data-kt=\"contractDetailEditBtnButton\"]"}
COMMAND: POST /session/3cebd188cade8bc69ea066f8aad5f3e7/elements - {"using":"xpath","value":"//button[@data-kt=\"contractDetailEditBtnButton\"]"}
RESULT: {"using":"xpath","value":"//button[@data-kt=\"contractDetailEditBtnButton\"]"}
COMMAND: POST /session/3cebd188cade8bc69ea066f8aad5f3e7/elements - {"using":"xpath","value":"//button[@data-kt=\"contractDetailEditBtnButton\"]"}
RESULT: {"using":"xpath","value":"//button[@data-kt=\"contractDetailEditBtnButton\"]"}
COMMAND: POST /session/3cebd188cade8bc69ea066f8aad5f3e7/elements - {"using":"xpath","value":"//button[@data-kt=\"contractDetailEditBtnButton\"]"}
RESULT: {"using":"xpath","value":"//button[@data-kt=\"contractDetailEditBtnButton\"]"}
COMMAND: POST /session/3cebd188cade8bc69ea066f8aad5f3e7/elements - {"using":"xpath","value":"//button[@data-kt=\"contractDetailEditBtnButton\"]"}
RESULT: {"using":"xpath","value":"//button[@data-kt=\"contractDetailEditBtnButton\"]"}
COMMAND: POST /session/3cebd188cade8bc69ea066f8aad5f3e7/elements - {"using":"xpath","value":"//button[@data-kt=\"contractDetailEditBtnButton\"]"}
RESULT: {"using":"xpath","value":"//button[@data-kt=\"contractDetailEditBtnButton\"]"}
COMMAND: POST /session/3cebd188cade8bc69ea066f8aad5f3e7/elements - {"using":"xpath","value":"//button[@data-kt=\"contractDetailEditBtnButton\"]"}
RESULT: {"using":"xpath","value":"//button[@data-kt=\"contractDetailEditBtnButton\"]"}
COMMAND: POST /session/3cebd188cade8bc69ea066f8aad5f3e7/elements - {"using":"xpath","value":"//button[@data-kt=\"contractDetailEditBtnButton\"]"}
RESULT: {"using":"xpath","value":"//button[@data-kt=\"contractDetailEditBtnButton\"]"}
COMMAND: POST /session/3cebd188cade8bc69ea066f8aad5f3e7/elements - {"using":"xpath","value":"//button[@data-kt=\"contractDetailEditBtnButton\"]"}
RESULT: {"using":"xpath","value":"//button[@data-kt=\"contractDetailEditBtnButton\"]"}
COMMAND: POST /session/3cebd188cade8bc69ea066f8aad5f3e7/elements - {"using":"xpath","value":"//button[@data-kt=\"contractDetailEditBtnButton\"]"}
RESULT: {"using":"xpath","value":"//button[@data-kt=\"contractDetailEditBtnButton\"]"}
COMMAND: POST /session/3cebd188cade8bc69ea066f8aad5f3e7/elements - {"using":"xpath","value":"//button[@data-kt=\"contractDetailEditBtnButton\"]"}
RESULT: {"using":"xpath","value":"//button[@data-kt=\"contractDetailEditBtnButton\"]"}
COMMAND: POST /session/3cebd188cade8bc69ea066f8aad5f3e7/elements - {"using":"xpath","value":"//button[@data-kt=\"contractDetailEditBtnButton\"]"}
RESULT: {"using":"xpath","value":"//button[@data-kt=\"contractDetailEditBtnButton\"]"}
COMMAND: POST /session/3cebd188cade8bc69ea066f8aad5f3e7/elements - {"using":"xpath","value":"//button[@data-kt=\"contractDetailEditBtnButton\"]"}
RESULT: {"using":"xpath","value":"//button[@data-kt=\"contractDetailEditBtnButton\"]"}
COMMAND: POST /session/3cebd188cade8bc69ea066f8aad5f3e7/elements - {"using":"xpath","value":"//button[@data-kt=\"contractDetailEditBtnButton\"]"}
RESULT: {"using":"xpath","value":"//button[@data-kt=\"contractDetailEditBtnButton\"]"}
COMMAND: POST /session/3cebd188cade8bc69ea066f8aad5f3e7/elements - {"using":"xpath","value":"//button[@data-kt=\"contractDetailEditBtnButton\"]"}
RESULT: {"using":"xpath","value":"//button[@data-kt=\"contractDetailEditBtnButton\"]"}
COMMAND: POST /session/3cebd188cade8bc69ea066f8aad5f3e7/elements - {"using":"xpath","value":"//button[@data-kt=\"contractDetailEditBtnButton\"]"}
RESULT: {"using":"xpath","value":"//button[@data-kt=\"contractDetailEditBtnButton\"]"}
COMMAND: POST /session/3cebd188cade8bc69ea066f8aad5f3e7/elements - {"using":"xpath","value":"//button[@data-kt=\"contractDetailEditBtnButton\"]"}
RESULT: {"using":"xpath","value":"//button[@data-kt=\"contractDetailEditBtnButton\"]"}
COMMAND: POST /session/3cebd188cade8bc69ea066f8aad5f3e7/elements - {"using":"xpath","value":"//button[@data-kt=\"contractDetailEditBtnButton\"]"}
RESULT: {"using":"xpath","value":"//button[@data-kt=\"contractDetailEditBtnButton\"]"}
COMMAND: POST /session/3cebd188cade8bc69ea066f8aad5f3e7/elements - {"using":"xpath","value":"//button[@data-kt=\"contractDetailEditBtnButton\"]"}
RESULT: {"using":"xpath","value":"//button[@data-kt=\"contractDetailEditBtnButton\"]"}
COMMAND: POST /session/3cebd188cade8bc69ea066f8aad5f3e7/elements - {"using":"xpath","value":"//button[@data-kt=\"contractDetailEditBtnButton\"]"}
RESULT: {"using":"xpath","value":"//button[@data-kt=\"contractDetailEditBtnButton\"]"}
COMMAND: POST /session/3cebd188cade8bc69ea066f8aad5f3e7/elements - {"using":"xpath","value":"//button[@data-kt=\"contractDetailEditBtnButton\"]"}
RESULT: {"using":"xpath","value":"//button[@data-kt=\"contractDetailEditBtnButton\"]"}
COMMAND: POST /session/3cebd188cade8bc69ea066f8aad5f3e7/elements - {"using":"xpath","value":"//button[@data-kt=\"contractDetailEditBtnButton\"]"}
RESULT: {"using":"xpath","value":"//button[@data-kt=\"contractDetailEditBtnButton\"]"}
COMMAND: POST /session/3cebd188cade8bc69ea066f8aad5f3e7/elements - {"using":"xpath","value":"//button[@data-kt=\"contractDetailEditBtnButton\"]"}
RESULT: {"using":"xpath","value":"//button[@data-kt=\"contractDetailEditBtnButton\"]"}
COMMAND: POST /session/3cebd188cade8bc69ea066f8aad5f3e7/elements - {"using":"xpath","value":"//button[@data-kt=\"contractDetailEditBtnButton\"]"}
RESULT: {"using":"xpath","value":"//button[@data-kt=\"contractDetailEditBtnButton\"]"}
COMMAND: POST /session/3cebd188cade8bc69ea066f8aad5f3e7/elements - {"using":"xpath","value":"//button[@data-kt=\"contractDetailEditBtnButton\"]"}
RESULT: {"using":"xpath","value":"//button[@data-kt=\"contractDetailEditBtnButton\"]"}
COMMAND: POST /session/3cebd188cade8bc69ea066f8aad5f3e7/elements - {"using":"xpath","value":"//button[@data-kt=\"contractDetailEditBtnButton\"]"}
RESULT: {"using":"xpath","value":"//button[@data-kt=\"contractDetailEditBtnButton\"]"}
COMMAND: POST /session/3cebd188cade8bc69ea066f8aad5f3e7/elements - {"using":"xpath","value":"//button[@data-kt=\"contractDetailEditBtnButton\"]"}
RESULT: {"using":"xpath","value":"//button[@data-kt=\"contractDetailEditBtnButton\"]"}
COMMAND: POST /session/3cebd188cade8bc69ea066f8aad5f3e7/elements - {"using":"xpath","value":"//button[@data-kt=\"contractDetailEditBtnButton\"]"}
RESULT: {"using":"xpath","value":"//button[@data-kt=\"contractDetailEditBtnButton\"]"}
COMMAND: POST /session/3cebd188cade8bc69ea066f8aad5f3e7/elements - {"using":"xpath","value":"//button[@data-kt=\"contractDetailEditBtnButton\"]"}
RESULT: {"using":"xpath","value":"//button[@data-kt=\"contractDetailEditBtnButton\"]"}
COMMAND: POST /session/3cebd188cade8bc69ea066f8aad5f3e7/elements - {"using":"xpath","value":"//button[@data-kt=\"contractDetailEditBtnButton\"]"}
RESULT: {"using":"xpath","value":"//button[@data-kt=\"contractDetailEditBtnButton\"]"}
COMMAND: POST /session/3cebd188cade8bc69ea066f8aad5f3e7/elements - {"using":"xpath","value":"//button[@data-kt=\"contractDetailEditBtnButton\"]"}
RESULT: {"using":"xpath","value":"//button[@data-kt=\"contractDetailEditBtnButton\"]"}
COMMAND: POST /session/3cebd188cade8bc69ea066f8aad5f3e7/elements - {"using":"xpath","value":"//button[@data-kt=\"contractDetailEditBtnButton\"]"}
RESULT: {"using":"xpath","value":"//button[@data-kt=\"contractDetailEditBtnButton\"]"}
COMMAND: POST /session/3cebd188cade8bc69ea066f8aad5f3e7/elements - {"using":"xpath","value":"//button[@data-kt=\"contractDetailEditBtnButton\"]"}
RESULT: {"using":"xpath","value":"//button[@data-kt=\"contractDetailEditBtnButton\"]"}
COMMAND: POST /session/3cebd188cade8bc69ea066f8aad5f3e7/elements - {"using":"xpath","value":"//button[@data-kt=\"contractDetailEditBtnButton\"]"}
RESULT: {"using":"xpath","value":"//button[@data-kt=\"contractDetailEditBtnButton\"]"}
COMMAND: POST /session/3cebd188cade8bc69ea066f8aad5f3e7/elements - {"using":"xpath","value":"//button[@data-kt=\"contractDetailEditBtnButton\"]"}
RESULT: {"using":"xpath","value":"//button[@data-kt=\"contractDetailEditBtnButton\"]"}
COMMAND: POST /session/3cebd188cade8bc69ea066f8aad5f3e7/elements - {"using":"xpath","value":"//button[@data-kt=\"contractDetailEditBtnButton\"]"}
RESULT: {"using":"xpath","value":"//button[@data-kt=\"contractDetailEditBtnButton\"]"}
COMMAND: POST /session/3cebd188cade8bc69ea066f8aad5f3e7/elements - {"using":"xpath","value":"//button[@data-kt=\"contractDetailEditBtnButton\"]"}
RESULT: {"using":"xpath","value":"//button[@data-kt=\"contractDetailEditBtnButton\"]"}
COMMAND: POST /session/3cebd188cade8bc69ea066f8aad5f3e7/elements - {"using":"xpath","value":"//button[@data-kt=\"contractDetailEditBtnButton\"]"}
RESULT: {"using":"xpath","value":"//button[@data-kt=\"contractDetailEditBtnButton\"]"}
COMMAND: POST /session/3cebd188cade8bc69ea066f8aad5f3e7/elements - {"using":"xpath","value":"//button[@data-kt=\"contractDetailEditBtnButton\"]"}
RESULT: {"using":"xpath","value":"//button[@data-kt=\"contractDetailEditBtnButton\"]"}
COMMAND: POST /session/3cebd188cade8bc69ea066f8aad5f3e7/elements - {"using":"xpath","value":"//button[@data-kt=\"contractDetailEditBtnButton\"]"}
RESULT: {"using":"xpath","value":"//button[@data-kt=\"contractDetailEditBtnButton\"]"}
COMMAND: POST /session/3cebd188cade8bc69ea066f8aad5f3e7/elements - {"using":"xpath","value":"//button[@data-kt=\"contractDetailEditBtnButton\"]"}
RESULT: {"using":"xpath","value":"//button[@data-kt=\"contractDetailEditBtnButton\"]"}
COMMAND: POST /session/3cebd188cade8bc69ea066f8aad5f3e7/elements - {"using":"xpath","value":"//button[@data-kt=\"contractDetailEditBtnButton\"]"}
RESULT: {"using":"xpath","value":"//button[@data-kt=\"contractDetailEditBtnButton\"]"}
COMMAND: POST /session/3cebd188cade8bc69ea066f8aad5f3e7/elements - {"using":"xpath","value":"//button[@data-kt=\"contractDetailEditBtnButton\"]"}
RESULT: {"using":"xpath","value":"//button[@data-kt=\"contractDetailEditBtnButton\"]"}
COMMAND: POST /session/3cebd188cade8bc69ea066f8aad5f3e7/elements - {"using":"xpath","value":"//button[@data-kt=\"contractDetailEditBtnButton\"]"}
RESULT: {"using":"xpath","value":"//button[@data-kt=\"contractDetailEditBtnButton\"]"}
COMMAND: POST /session/3cebd188cade8bc69ea066f8aad5f3e7/elements - {"using":"xpath","value":"//button[@data-kt=\"contractDetailEditBtnButton\"]"}
RESULT: {"using":"xpath","value":"//button[@data-kt=\"contractDetailEditBtnButton\"]"}
COMMAND: POST /session/3cebd188cade8bc69ea066f8aad5f3e7/elements - {"using":"xpath","value":"//button[@data-kt=\"contractDetailEditBtnButton\"]"}
RESULT: {"using":"xpath","value":"//button[@data-kt=\"contractDetailEditBtnButton\"]"}
COMMAND: POST /session/3cebd188cade8bc69ea066f8aad5f3e7/elements - {"using":"xpath","value":"//button[@data-kt=\"contractDetailEditBtnButton\"]"}
RESULT: {"using":"xpath","value":"//button[@data-kt=\"contractDetailEditBtnButton\"]"}
COMMAND: POST /session/3cebd188cade8bc69ea066f8aad5f3e7/elements - {"using":"xpath","value":"//button[@data-kt=\"contractDetailEditBtnButton\"]"}
RESULT: {"using":"xpath","value":"//button[@data-kt=\"contractDetailEditBtnButton\"]"}
COMMAND: POST /session/3cebd188cade8bc69ea066f8aad5f3e7/elements - {"using":"xpath","value":"//button[@data-kt=\"contractDetailEditBtnButton\"]"}
RESULT: {"using":"xpath","value":"//button[@data-kt=\"contractDetailEditBtnButton\"]"}
COMMAND: POST /session/3cebd188cade8bc69ea066f8aad5f3e7/elements - {"using":"xpath","value":"//button[@data-kt=\"contractDetailEditBtnButton\"]"}
RESULT: {"using":"xpath","value":"//button[@data-kt=\"contractDetailEditBtnButton\"]"}
COMMAND: POST /session/3cebd188cade8bc69ea066f8aad5f3e7/elements - {"using":"xpath","value":"//button[@data-kt=\"contractDetailEditBtnButton\"]"}
RESULT: {"using":"xpath","value":"//button[@data-kt=\"contractDetailEditBtnButton\"]"}
COMMAND: POST /session/3cebd188cade8bc69ea066f8aad5f3e7/elements - {"using":"xpath","value":"//button[@data-kt=\"contractDetailEditBtnButton\"]"}
RESULT: {"using":"xpath","value":"//button[@data-kt=\"contractDetailEditBtnButton\"]"}
COMMAND: POST /session/3cebd188cade8bc69ea066f8aad5f3e7/elements - {"using":"xpath","value":"//button[@data-kt=\"contractDetailEditBtnButton\"]"}
RESULT: {"using":"xpath","value":"//button[@data-kt=\"contractDetailEditBtnButton\"]"}
COMMAND: POST /session/3cebd188cade8bc69ea066f8aad5f3e7/elements - {"using":"xpath","value":"//button[@data-kt=\"contractDetailEditBtnButton\"]"}
RESULT: {"using":"xpath","value":"//button[@data-kt=\"contractDetailEditBtnButton\"]"}
COMMAND: POST /session/3cebd188cade8bc69ea066f8aad5f3e7/elements - {"using":"xpath","value":"//button[@data-kt=\"contractDetailEditBtnButton\"]"}
RESULT: {"using":"xpath","value":"//button[@data-kt=\"contractDetailEditBtnButton\"]"}
COMMAND: POST /session/3cebd188cade8bc69ea066f8aad5f3e7/elements - {"using":"xpath","value":"//button[@data-kt=\"contractDetailEditBtnButton\"]"}
RESULT: {"using":"xpath","value":"//button[@data-kt=\"contractDetailEditBtnButton\"]"}
COMMAND: POST /session/3cebd188cade8bc69ea066f8aad5f3e7/elements - {"using":"xpath","value":"//button[@data-kt=\"contractDetailEditBtnButton\"]"}
RESULT: {"using":"xpath","value":"//button[@data-kt=\"contractDetailEditBtnButton\"]"}
COMMAND: POST /session/3cebd188cade8bc69ea066f8aad5f3e7/elements - {"using":"xpath","value":"//button[@data-kt=\"contractDetailEditBtnButton\"]"}
RESULT: {"using":"xpath","value":"//button[@data-kt=\"contractDetailEditBtnButton\"]"}
COMMAND: POST /session/3cebd188cade8bc69ea066f8aad5f3e7/elements - {"using":"xpath","value":"//button[@data-kt=\"contractDetailEditBtnButton\"]"}
RESULT: {"using":"xpath","value":"//button[@data-kt=\"contractDetailEditBtnButton\"]"}
COMMAND: POST /session/3cebd188cade8bc69ea066f8aad5f3e7/elements - {"using":"xpath","value":"//button[@data-kt=\"contractDetailEditBtnButton\"]"}
RESULT: {"using":"xpath","value":"//button[@data-kt=\"contractDetailEditBtnButton\"]"}
COMMAND: GET /session/3cebd188cade8bc69ea066f8aad5f3e7/screenshot - {}
RESULT: {}
COMMAND: GET /session/3cebd188cade8bc69ea066f8aad5f3e7/screenshot - {}
]]></system-out>
      <system-err><![CDATA[
Error: Can't call click on element with selector "//button[@data-kt="contractDetailEditBtnButton"]" because element wasn't found
    at async UtilsPrerequisites.addItemToContract (D:\a\1\s\test\specs\BTS\prerequisites-and-utils-functions.js:1852:9)
    at async Context.<anonymous> (D:\a\1\s\test\specs\HTR\create-mass-state-change.spec.js:61:9)
]]></system-err>
    </testcase>
    <testcase classname="chrome.136_0_7103_93.windows.Tests_for_Mass_State_Change_on_Manage_States_&amp;_Performances_US104416_US" name="Prereq Should do a provide to site handover for today" time="61.005">
      <failure/>
      <error message="Can't call click on element with selector &quot;//button[@data-kt=&quot;provideButton&quot;]&quot; because element wasn't found"/>
      <system-out><![CDATA[
COMMAND: POST /session/3cebd188cade8bc69ea066f8aad5f3e7/element - {"using":"xpath","value":"//button[@data-kt=\"provideButton\"]"}
RESULT: {}
RESULT: {"using":"xpath","value":"//button[@data-kt=\"provideButton\"]"}
COMMAND: POST /session/3cebd188cade8bc69ea066f8aad5f3e7/elements - {"using":"xpath","value":"//button[@data-kt=\"provideButton\"]"}
RESULT: {"using":"xpath","value":"//button[@data-kt=\"provideButton\"]"}
COMMAND: POST /session/3cebd188cade8bc69ea066f8aad5f3e7/elements - {"using":"xpath","value":"//button[@data-kt=\"provideButton\"]"}
RESULT: {"using":"xpath","value":"//button[@data-kt=\"provideButton\"]"}
COMMAND: POST /session/3cebd188cade8bc69ea066f8aad5f3e7/elements - {"using":"xpath","value":"//button[@data-kt=\"provideButton\"]"}
RESULT: {"using":"xpath","value":"//button[@data-kt=\"provideButton\"]"}
COMMAND: POST /session/3cebd188cade8bc69ea066f8aad5f3e7/elements - {"using":"xpath","value":"//button[@data-kt=\"provideButton\"]"}
RESULT: {"using":"xpath","value":"//button[@data-kt=\"provideButton\"]"}
COMMAND: POST /session/3cebd188cade8bc69ea066f8aad5f3e7/elements - {"using":"xpath","value":"//button[@data-kt=\"provideButton\"]"}
RESULT: {"using":"xpath","value":"//button[@data-kt=\"provideButton\"]"}
COMMAND: POST /session/3cebd188cade8bc69ea066f8aad5f3e7/elements - {"using":"xpath","value":"//button[@data-kt=\"provideButton\"]"}
RESULT: {"using":"xpath","value":"//button[@data-kt=\"provideButton\"]"}
COMMAND: POST /session/3cebd188cade8bc69ea066f8aad5f3e7/elements - {"using":"xpath","value":"//button[@data-kt=\"provideButton\"]"}
RESULT: {"using":"xpath","value":"//button[@data-kt=\"provideButton\"]"}
COMMAND: POST /session/3cebd188cade8bc69ea066f8aad5f3e7/elements - {"using":"xpath","value":"//button[@data-kt=\"provideButton\"]"}
RESULT: {"using":"xpath","value":"//button[@data-kt=\"provideButton\"]"}
COMMAND: POST /session/3cebd188cade8bc69ea066f8aad5f3e7/elements - {"using":"xpath","value":"//button[@data-kt=\"provideButton\"]"}
RESULT: {"using":"xpath","value":"//button[@data-kt=\"provideButton\"]"}
COMMAND: POST /session/3cebd188cade8bc69ea066f8aad5f3e7/elements - {"using":"xpath","value":"//button[@data-kt=\"provideButton\"]"}
RESULT: {"using":"xpath","value":"//button[@data-kt=\"provideButton\"]"}
COMMAND: POST /session/3cebd188cade8bc69ea066f8aad5f3e7/elements - {"using":"xpath","value":"//button[@data-kt=\"provideButton\"]"}
RESULT: {"using":"xpath","value":"//button[@data-kt=\"provideButton\"]"}
COMMAND: POST /session/3cebd188cade8bc69ea066f8aad5f3e7/elements - {"using":"xpath","value":"//button[@data-kt=\"provideButton\"]"}
RESULT: {"using":"xpath","value":"//button[@data-kt=\"provideButton\"]"}
COMMAND: POST /session/3cebd188cade8bc69ea066f8aad5f3e7/elements - {"using":"xpath","value":"//button[@data-kt=\"provideButton\"]"}
RESULT: {"using":"xpath","value":"//button[@data-kt=\"provideButton\"]"}
COMMAND: POST /session/3cebd188cade8bc69ea066f8aad5f3e7/elements - {"using":"xpath","value":"//button[@data-kt=\"provideButton\"]"}
RESULT: {"using":"xpath","value":"//button[@data-kt=\"provideButton\"]"}
COMMAND: POST /session/3cebd188cade8bc69ea066f8aad5f3e7/elements - {"using":"xpath","value":"//button[@data-kt=\"provideButton\"]"}
RESULT: {"using":"xpath","value":"//button[@data-kt=\"provideButton\"]"}
COMMAND: POST /session/3cebd188cade8bc69ea066f8aad5f3e7/elements - {"using":"xpath","value":"//button[@data-kt=\"provideButton\"]"}
RESULT: {"using":"xpath","value":"//button[@data-kt=\"provideButton\"]"}
COMMAND: POST /session/3cebd188cade8bc69ea066f8aad5f3e7/elements - {"using":"xpath","value":"//button[@data-kt=\"provideButton\"]"}
RESULT: {"using":"xpath","value":"//button[@data-kt=\"provideButton\"]"}
COMMAND: POST /session/3cebd188cade8bc69ea066f8aad5f3e7/elements - {"using":"xpath","value":"//button[@data-kt=\"provideButton\"]"}
RESULT: {"using":"xpath","value":"//button[@data-kt=\"provideButton\"]"}
COMMAND: POST /session/3cebd188cade8bc69ea066f8aad5f3e7/elements - {"using":"xpath","value":"//button[@data-kt=\"provideButton\"]"}
RESULT: {"using":"xpath","value":"//button[@data-kt=\"provideButton\"]"}
COMMAND: POST /session/3cebd188cade8bc69ea066f8aad5f3e7/elements - {"using":"xpath","value":"//button[@data-kt=\"provideButton\"]"}
RESULT: {"using":"xpath","value":"//button[@data-kt=\"provideButton\"]"}
COMMAND: POST /session/3cebd188cade8bc69ea066f8aad5f3e7/elements - {"using":"xpath","value":"//button[@data-kt=\"provideButton\"]"}
RESULT: {"using":"xpath","value":"//button[@data-kt=\"provideButton\"]"}
COMMAND: POST /session/3cebd188cade8bc69ea066f8aad5f3e7/elements - {"using":"xpath","value":"//button[@data-kt=\"provideButton\"]"}
RESULT: {"using":"xpath","value":"//button[@data-kt=\"provideButton\"]"}
COMMAND: POST /session/3cebd188cade8bc69ea066f8aad5f3e7/elements - {"using":"xpath","value":"//button[@data-kt=\"provideButton\"]"}
RESULT: {"using":"xpath","value":"//button[@data-kt=\"provideButton\"]"}
COMMAND: POST /session/3cebd188cade8bc69ea066f8aad5f3e7/elements - {"using":"xpath","value":"//button[@data-kt=\"provideButton\"]"}
RESULT: {"using":"xpath","value":"//button[@data-kt=\"provideButton\"]"}
COMMAND: POST /session/3cebd188cade8bc69ea066f8aad5f3e7/elements - {"using":"xpath","value":"//button[@data-kt=\"provideButton\"]"}
RESULT: {"using":"xpath","value":"//button[@data-kt=\"provideButton\"]"}
COMMAND: POST /session/3cebd188cade8bc69ea066f8aad5f3e7/elements - {"using":"xpath","value":"//button[@data-kt=\"provideButton\"]"}
RESULT: {"using":"xpath","value":"//button[@data-kt=\"provideButton\"]"}
COMMAND: POST /session/3cebd188cade8bc69ea066f8aad5f3e7/elements - {"using":"xpath","value":"//button[@data-kt=\"provideButton\"]"}
RESULT: {"using":"xpath","value":"//button[@data-kt=\"provideButton\"]"}
COMMAND: POST /session/3cebd188cade8bc69ea066f8aad5f3e7/elements - {"using":"xpath","value":"//button[@data-kt=\"provideButton\"]"}
RESULT: {"using":"xpath","value":"//button[@data-kt=\"provideButton\"]"}
COMMAND: POST /session/3cebd188cade8bc69ea066f8aad5f3e7/elements - {"using":"xpath","value":"//button[@data-kt=\"provideButton\"]"}
RESULT: {"using":"xpath","value":"//button[@data-kt=\"provideButton\"]"}
COMMAND: POST /session/3cebd188cade8bc69ea066f8aad5f3e7/elements - {"using":"xpath","value":"//button[@data-kt=\"provideButton\"]"}
RESULT: {"using":"xpath","value":"//button[@data-kt=\"provideButton\"]"}
COMMAND: POST /session/3cebd188cade8bc69ea066f8aad5f3e7/elements - {"using":"xpath","value":"//button[@data-kt=\"provideButton\"]"}
RESULT: {"using":"xpath","value":"//button[@data-kt=\"provideButton\"]"}
COMMAND: POST /session/3cebd188cade8bc69ea066f8aad5f3e7/elements - {"using":"xpath","value":"//button[@data-kt=\"provideButton\"]"}
RESULT: {"using":"xpath","value":"//button[@data-kt=\"provideButton\"]"}
COMMAND: POST /session/3cebd188cade8bc69ea066f8aad5f3e7/elements - {"using":"xpath","value":"//button[@data-kt=\"provideButton\"]"}
RESULT: {"using":"xpath","value":"//button[@data-kt=\"provideButton\"]"}
COMMAND: POST /session/3cebd188cade8bc69ea066f8aad5f3e7/elements - {"using":"xpath","value":"//button[@data-kt=\"provideButton\"]"}
RESULT: {"using":"xpath","value":"//button[@data-kt=\"provideButton\"]"}
COMMAND: POST /session/3cebd188cade8bc69ea066f8aad5f3e7/elements - {"using":"xpath","value":"//button[@data-kt=\"provideButton\"]"}
RESULT: {"using":"xpath","value":"//button[@data-kt=\"provideButton\"]"}
COMMAND: POST /session/3cebd188cade8bc69ea066f8aad5f3e7/elements - {"using":"xpath","value":"//button[@data-kt=\"provideButton\"]"}
RESULT: {"using":"xpath","value":"//button[@data-kt=\"provideButton\"]"}
COMMAND: POST /session/3cebd188cade8bc69ea066f8aad5f3e7/elements - {"using":"xpath","value":"//button[@data-kt=\"provideButton\"]"}
RESULT: {"using":"xpath","value":"//button[@data-kt=\"provideButton\"]"}
COMMAND: POST /session/3cebd188cade8bc69ea066f8aad5f3e7/elements - {"using":"xpath","value":"//button[@data-kt=\"provideButton\"]"}
RESULT: {"using":"xpath","value":"//button[@data-kt=\"provideButton\"]"}
COMMAND: POST /session/3cebd188cade8bc69ea066f8aad5f3e7/elements - {"using":"xpath","value":"//button[@data-kt=\"provideButton\"]"}
RESULT: {"using":"xpath","value":"//button[@data-kt=\"provideButton\"]"}
COMMAND: POST /session/3cebd188cade8bc69ea066f8aad5f3e7/elements - {"using":"xpath","value":"//button[@data-kt=\"provideButton\"]"}
RESULT: {"using":"xpath","value":"//button[@data-kt=\"provideButton\"]"}
COMMAND: POST /session/3cebd188cade8bc69ea066f8aad5f3e7/elements - {"using":"xpath","value":"//button[@data-kt=\"provideButton\"]"}
RESULT: {"using":"xpath","value":"//button[@data-kt=\"provideButton\"]"}
COMMAND: POST /session/3cebd188cade8bc69ea066f8aad5f3e7/elements - {"using":"xpath","value":"//button[@data-kt=\"provideButton\"]"}
RESULT: {"using":"xpath","value":"//button[@data-kt=\"provideButton\"]"}
COMMAND: POST /session/3cebd188cade8bc69ea066f8aad5f3e7/elements - {"using":"xpath","value":"//button[@data-kt=\"provideButton\"]"}
RESULT: {"using":"xpath","value":"//button[@data-kt=\"provideButton\"]"}
COMMAND: POST /session/3cebd188cade8bc69ea066f8aad5f3e7/elements - {"using":"xpath","value":"//button[@data-kt=\"provideButton\"]"}
RESULT: {"using":"xpath","value":"//button[@data-kt=\"provideButton\"]"}
COMMAND: POST /session/3cebd188cade8bc69ea066f8aad5f3e7/elements - {"using":"xpath","value":"//button[@data-kt=\"provideButton\"]"}
RESULT: {"using":"xpath","value":"//button[@data-kt=\"provideButton\"]"}
COMMAND: POST /session/3cebd188cade8bc69ea066f8aad5f3e7/elements - {"using":"xpath","value":"//button[@data-kt=\"provideButton\"]"}
RESULT: {"using":"xpath","value":"//button[@data-kt=\"provideButton\"]"}
COMMAND: POST /session/3cebd188cade8bc69ea066f8aad5f3e7/elements - {"using":"xpath","value":"//button[@data-kt=\"provideButton\"]"}
RESULT: {"using":"xpath","value":"//button[@data-kt=\"provideButton\"]"}
COMMAND: POST /session/3cebd188cade8bc69ea066f8aad5f3e7/elements - {"using":"xpath","value":"//button[@data-kt=\"provideButton\"]"}
RESULT: {"using":"xpath","value":"//button[@data-kt=\"provideButton\"]"}
COMMAND: POST /session/3cebd188cade8bc69ea066f8aad5f3e7/elements - {"using":"xpath","value":"//button[@data-kt=\"provideButton\"]"}
RESULT: {"using":"xpath","value":"//button[@data-kt=\"provideButton\"]"}
COMMAND: POST /session/3cebd188cade8bc69ea066f8aad5f3e7/elements - {"using":"xpath","value":"//button[@data-kt=\"provideButton\"]"}
RESULT: {"using":"xpath","value":"//button[@data-kt=\"provideButton\"]"}
COMMAND: POST /session/3cebd188cade8bc69ea066f8aad5f3e7/elements - {"using":"xpath","value":"//button[@data-kt=\"provideButton\"]"}
RESULT: {"using":"xpath","value":"//button[@data-kt=\"provideButton\"]"}
COMMAND: POST /session/3cebd188cade8bc69ea066f8aad5f3e7/elements - {"using":"xpath","value":"//button[@data-kt=\"provideButton\"]"}
RESULT: {"using":"xpath","value":"//button[@data-kt=\"provideButton\"]"}
COMMAND: POST /session/3cebd188cade8bc69ea066f8aad5f3e7/elements - {"using":"xpath","value":"//button[@data-kt=\"provideButton\"]"}
RESULT: {"using":"xpath","value":"//button[@data-kt=\"provideButton\"]"}
COMMAND: POST /session/3cebd188cade8bc69ea066f8aad5f3e7/elements - {"using":"xpath","value":"//button[@data-kt=\"provideButton\"]"}
RESULT: {"using":"xpath","value":"//button[@data-kt=\"provideButton\"]"}
COMMAND: POST /session/3cebd188cade8bc69ea066f8aad5f3e7/elements - {"using":"xpath","value":"//button[@data-kt=\"provideButton\"]"}
RESULT: {"using":"xpath","value":"//button[@data-kt=\"provideButton\"]"}
COMMAND: POST /session/3cebd188cade8bc69ea066f8aad5f3e7/elements - {"using":"xpath","value":"//button[@data-kt=\"provideButton\"]"}
RESULT: {"using":"xpath","value":"//button[@data-kt=\"provideButton\"]"}
COMMAND: POST /session/3cebd188cade8bc69ea066f8aad5f3e7/elements - {"using":"xpath","value":"//button[@data-kt=\"provideButton\"]"}
RESULT: {"using":"xpath","value":"//button[@data-kt=\"provideButton\"]"}
COMMAND: POST /session/3cebd188cade8bc69ea066f8aad5f3e7/elements - {"using":"xpath","value":"//button[@data-kt=\"provideButton\"]"}
RESULT: {"using":"xpath","value":"//button[@data-kt=\"provideButton\"]"}
COMMAND: POST /session/3cebd188cade8bc69ea066f8aad5f3e7/elements - {"using":"xpath","value":"//button[@data-kt=\"provideButton\"]"}
RESULT: {"using":"xpath","value":"//button[@data-kt=\"provideButton\"]"}
COMMAND: POST /session/3cebd188cade8bc69ea066f8aad5f3e7/elements - {"using":"xpath","value":"//button[@data-kt=\"provideButton\"]"}
RESULT: {"using":"xpath","value":"//button[@data-kt=\"provideButton\"]"}
COMMAND: POST /session/3cebd188cade8bc69ea066f8aad5f3e7/elements - {"using":"xpath","value":"//button[@data-kt=\"provideButton\"]"}
RESULT: {"using":"xpath","value":"//button[@data-kt=\"provideButton\"]"}
COMMAND: POST /session/3cebd188cade8bc69ea066f8aad5f3e7/elements - {"using":"xpath","value":"//button[@data-kt=\"provideButton\"]"}
RESULT: {"using":"xpath","value":"//button[@data-kt=\"provideButton\"]"}
COMMAND: POST /session/3cebd188cade8bc69ea066f8aad5f3e7/elements - {"using":"xpath","value":"//button[@data-kt=\"provideButton\"]"}
RESULT: {"using":"xpath","value":"//button[@data-kt=\"provideButton\"]"}
COMMAND: POST /session/3cebd188cade8bc69ea066f8aad5f3e7/elements - {"using":"xpath","value":"//button[@data-kt=\"provideButton\"]"}
RESULT: {"using":"xpath","value":"//button[@data-kt=\"provideButton\"]"}
COMMAND: POST /session/3cebd188cade8bc69ea066f8aad5f3e7/elements - {"using":"xpath","value":"//button[@data-kt=\"provideButton\"]"}
RESULT: {"using":"xpath","value":"//button[@data-kt=\"provideButton\"]"}
COMMAND: POST /session/3cebd188cade8bc69ea066f8aad5f3e7/elements - {"using":"xpath","value":"//button[@data-kt=\"provideButton\"]"}
RESULT: {"using":"xpath","value":"//button[@data-kt=\"provideButton\"]"}
COMMAND: POST /session/3cebd188cade8bc69ea066f8aad5f3e7/elements - {"using":"xpath","value":"//button[@data-kt=\"provideButton\"]"}
RESULT: {"using":"xpath","value":"//button[@data-kt=\"provideButton\"]"}
COMMAND: POST /session/3cebd188cade8bc69ea066f8aad5f3e7/elements - {"using":"xpath","value":"//button[@data-kt=\"provideButton\"]"}
RESULT: {"using":"xpath","value":"//button[@data-kt=\"provideButton\"]"}
COMMAND: POST /session/3cebd188cade8bc69ea066f8aad5f3e7/elements - {"using":"xpath","value":"//button[@data-kt=\"provideButton\"]"}
RESULT: {"using":"xpath","value":"//button[@data-kt=\"provideButton\"]"}
COMMAND: POST /session/3cebd188cade8bc69ea066f8aad5f3e7/elements - {"using":"xpath","value":"//button[@data-kt=\"provideButton\"]"}
RESULT: {"using":"xpath","value":"//button[@data-kt=\"provideButton\"]"}
COMMAND: POST /session/3cebd188cade8bc69ea066f8aad5f3e7/elements - {"using":"xpath","value":"//button[@data-kt=\"provideButton\"]"}
RESULT: {"using":"xpath","value":"//button[@data-kt=\"provideButton\"]"}
COMMAND: POST /session/3cebd188cade8bc69ea066f8aad5f3e7/elements - {"using":"xpath","value":"//button[@data-kt=\"provideButton\"]"}
RESULT: {"using":"xpath","value":"//button[@data-kt=\"provideButton\"]"}
COMMAND: POST /session/3cebd188cade8bc69ea066f8aad5f3e7/elements - {"using":"xpath","value":"//button[@data-kt=\"provideButton\"]"}
RESULT: {"using":"xpath","value":"//button[@data-kt=\"provideButton\"]"}
COMMAND: POST /session/3cebd188cade8bc69ea066f8aad5f3e7/elements - {"using":"xpath","value":"//button[@data-kt=\"provideButton\"]"}
RESULT: {"using":"xpath","value":"//button[@data-kt=\"provideButton\"]"}
COMMAND: POST /session/3cebd188cade8bc69ea066f8aad5f3e7/elements - {"using":"xpath","value":"//button[@data-kt=\"provideButton\"]"}
RESULT: {"using":"xpath","value":"//button[@data-kt=\"provideButton\"]"}
COMMAND: POST /session/3cebd188cade8bc69ea066f8aad5f3e7/elements - {"using":"xpath","value":"//button[@data-kt=\"provideButton\"]"}
RESULT: {"using":"xpath","value":"//button[@data-kt=\"provideButton\"]"}
COMMAND: POST /session/3cebd188cade8bc69ea066f8aad5f3e7/elements - {"using":"xpath","value":"//button[@data-kt=\"provideButton\"]"}
RESULT: {"using":"xpath","value":"//button[@data-kt=\"provideButton\"]"}
COMMAND: POST /session/3cebd188cade8bc69ea066f8aad5f3e7/elements - {"using":"xpath","value":"//button[@data-kt=\"provideButton\"]"}
RESULT: {"using":"xpath","value":"//button[@data-kt=\"provideButton\"]"}
COMMAND: POST /session/3cebd188cade8bc69ea066f8aad5f3e7/elements - {"using":"xpath","value":"//button[@data-kt=\"provideButton\"]"}
RESULT: {"using":"xpath","value":"//button[@data-kt=\"provideButton\"]"}
COMMAND: POST /session/3cebd188cade8bc69ea066f8aad5f3e7/elements - {"using":"xpath","value":"//button[@data-kt=\"provideButton\"]"}
RESULT: {"using":"xpath","value":"//button[@data-kt=\"provideButton\"]"}
COMMAND: POST /session/3cebd188cade8bc69ea066f8aad5f3e7/elements - {"using":"xpath","value":"//button[@data-kt=\"provideButton\"]"}
RESULT: {"using":"xpath","value":"//button[@data-kt=\"provideButton\"]"}
COMMAND: POST /session/3cebd188cade8bc69ea066f8aad5f3e7/elements - {"using":"xpath","value":"//button[@data-kt=\"provideButton\"]"}
RESULT: {"using":"xpath","value":"//button[@data-kt=\"provideButton\"]"}
COMMAND: POST /session/3cebd188cade8bc69ea066f8aad5f3e7/elements - {"using":"xpath","value":"//button[@data-kt=\"provideButton\"]"}
RESULT: {"using":"xpath","value":"//button[@data-kt=\"provideButton\"]"}
COMMAND: POST /session/3cebd188cade8bc69ea066f8aad5f3e7/elements - {"using":"xpath","value":"//button[@data-kt=\"provideButton\"]"}
RESULT: {"using":"xpath","value":"//button[@data-kt=\"provideButton\"]"}
COMMAND: POST /session/3cebd188cade8bc69ea066f8aad5f3e7/elements - {"using":"xpath","value":"//button[@data-kt=\"provideButton\"]"}
RESULT: {"using":"xpath","value":"//button[@data-kt=\"provideButton\"]"}
COMMAND: POST /session/3cebd188cade8bc69ea066f8aad5f3e7/elements - {"using":"xpath","value":"//button[@data-kt=\"provideButton\"]"}
RESULT: {"using":"xpath","value":"//button[@data-kt=\"provideButton\"]"}
COMMAND: POST /session/3cebd188cade8bc69ea066f8aad5f3e7/elements - {"using":"xpath","value":"//button[@data-kt=\"provideButton\"]"}
RESULT: {"using":"xpath","value":"//button[@data-kt=\"provideButton\"]"}
COMMAND: POST /session/3cebd188cade8bc69ea066f8aad5f3e7/elements - {"using":"xpath","value":"//button[@data-kt=\"provideButton\"]"}
RESULT: {"using":"xpath","value":"//button[@data-kt=\"provideButton\"]"}
COMMAND: POST /session/3cebd188cade8bc69ea066f8aad5f3e7/elements - {"using":"xpath","value":"//button[@data-kt=\"provideButton\"]"}
RESULT: {"using":"xpath","value":"//button[@data-kt=\"provideButton\"]"}
COMMAND: POST /session/3cebd188cade8bc69ea066f8aad5f3e7/elements - {"using":"xpath","value":"//button[@data-kt=\"provideButton\"]"}
RESULT: {"using":"xpath","value":"//button[@data-kt=\"provideButton\"]"}
COMMAND: POST /session/3cebd188cade8bc69ea066f8aad5f3e7/elements - {"using":"xpath","value":"//button[@data-kt=\"provideButton\"]"}
RESULT: {"using":"xpath","value":"//button[@data-kt=\"provideButton\"]"}
COMMAND: POST /session/3cebd188cade8bc69ea066f8aad5f3e7/elements - {"using":"xpath","value":"//button[@data-kt=\"provideButton\"]"}
RESULT: {"using":"xpath","value":"//button[@data-kt=\"provideButton\"]"}
COMMAND: POST /session/3cebd188cade8bc69ea066f8aad5f3e7/elements - {"using":"xpath","value":"//button[@data-kt=\"provideButton\"]"}
RESULT: {"using":"xpath","value":"//button[@data-kt=\"provideButton\"]"}
COMMAND: POST /session/3cebd188cade8bc69ea066f8aad5f3e7/elements - {"using":"xpath","value":"//button[@data-kt=\"provideButton\"]"}
RESULT: {"using":"xpath","value":"//button[@data-kt=\"provideButton\"]"}
COMMAND: POST /session/3cebd188cade8bc69ea066f8aad5f3e7/elements - {"using":"xpath","value":"//button[@data-kt=\"provideButton\"]"}
RESULT: {"using":"xpath","value":"//button[@data-kt=\"provideButton\"]"}
COMMAND: POST /session/3cebd188cade8bc69ea066f8aad5f3e7/elements - {"using":"xpath","value":"//button[@data-kt=\"provideButton\"]"}
RESULT: {"using":"xpath","value":"//button[@data-kt=\"provideButton\"]"}
COMMAND: POST /session/3cebd188cade8bc69ea066f8aad5f3e7/elements - {"using":"xpath","value":"//button[@data-kt=\"provideButton\"]"}
RESULT: {"using":"xpath","value":"//button[@data-kt=\"provideButton\"]"}
COMMAND: POST /session/3cebd188cade8bc69ea066f8aad5f3e7/elements - {"using":"xpath","value":"//button[@data-kt=\"provideButton\"]"}
RESULT: {"using":"xpath","value":"//button[@data-kt=\"provideButton\"]"}
COMMAND: POST /session/3cebd188cade8bc69ea066f8aad5f3e7/elements - {"using":"xpath","value":"//button[@data-kt=\"provideButton\"]"}
RESULT: {"using":"xpath","value":"//button[@data-kt=\"provideButton\"]"}
COMMAND: POST /session/3cebd188cade8bc69ea066f8aad5f3e7/elements - {"using":"xpath","value":"//button[@data-kt=\"provideButton\"]"}
RESULT: {"using":"xpath","value":"//button[@data-kt=\"provideButton\"]"}
COMMAND: POST /session/3cebd188cade8bc69ea066f8aad5f3e7/elements - {"using":"xpath","value":"//button[@data-kt=\"provideButton\"]"}
RESULT: {"using":"xpath","value":"//button[@data-kt=\"provideButton\"]"}
COMMAND: POST /session/3cebd188cade8bc69ea066f8aad5f3e7/elements - {"using":"xpath","value":"//button[@data-kt=\"provideButton\"]"}
RESULT: {"using":"xpath","value":"//button[@data-kt=\"provideButton\"]"}
COMMAND: POST /session/3cebd188cade8bc69ea066f8aad5f3e7/elements - {"using":"xpath","value":"//button[@data-kt=\"provideButton\"]"}
RESULT: {"using":"xpath","value":"//button[@data-kt=\"provideButton\"]"}
COMMAND: POST /session/3cebd188cade8bc69ea066f8aad5f3e7/elements - {"using":"xpath","value":"//button[@data-kt=\"provideButton\"]"}
RESULT: {"using":"xpath","value":"//button[@data-kt=\"provideButton\"]"}
COMMAND: POST /session/3cebd188cade8bc69ea066f8aad5f3e7/elements - {"using":"xpath","value":"//button[@data-kt=\"provideButton\"]"}
RESULT: {"using":"xpath","value":"//button[@data-kt=\"provideButton\"]"}
COMMAND: POST /session/3cebd188cade8bc69ea066f8aad5f3e7/elements - {"using":"xpath","value":"//button[@data-kt=\"provideButton\"]"}
RESULT: {"using":"xpath","value":"//button[@data-kt=\"provideButton\"]"}
COMMAND: POST /session/3cebd188cade8bc69ea066f8aad5f3e7/elements - {"using":"xpath","value":"//button[@data-kt=\"provideButton\"]"}
RESULT: {"using":"xpath","value":"//button[@data-kt=\"provideButton\"]"}
COMMAND: POST /session/3cebd188cade8bc69ea066f8aad5f3e7/elements - {"using":"xpath","value":"//button[@data-kt=\"provideButton\"]"}
RESULT: {"using":"xpath","value":"//button[@data-kt=\"provideButton\"]"}
COMMAND: POST /session/3cebd188cade8bc69ea066f8aad5f3e7/elements - {"using":"xpath","value":"//button[@data-kt=\"provideButton\"]"}
RESULT: {"using":"xpath","value":"//button[@data-kt=\"provideButton\"]"}
COMMAND: POST /session/3cebd188cade8bc69ea066f8aad5f3e7/elements - {"using":"xpath","value":"//button[@data-kt=\"provideButton\"]"}
RESULT: {"using":"xpath","value":"//button[@data-kt=\"provideButton\"]"}
COMMAND: POST /session/3cebd188cade8bc69ea066f8aad5f3e7/elements - {"using":"xpath","value":"//button[@data-kt=\"provideButton\"]"}
RESULT: {"using":"xpath","value":"//button[@data-kt=\"provideButton\"]"}
COMMAND: POST /session/3cebd188cade8bc69ea066f8aad5f3e7/elements - {"using":"xpath","value":"//button[@data-kt=\"provideButton\"]"}
RESULT: {"using":"xpath","value":"//button[@data-kt=\"provideButton\"]"}
COMMAND: POST /session/3cebd188cade8bc69ea066f8aad5f3e7/elements - {"using":"xpath","value":"//button[@data-kt=\"provideButton\"]"}
RESULT: {"using":"xpath","value":"//button[@data-kt=\"provideButton\"]"}
COMMAND: POST /session/3cebd188cade8bc69ea066f8aad5f3e7/elements - {"using":"xpath","value":"//button[@data-kt=\"provideButton\"]"}
RESULT: {"using":"xpath","value":"//button[@data-kt=\"provideButton\"]"}
COMMAND: POST /session/3cebd188cade8bc69ea066f8aad5f3e7/elements - {"using":"xpath","value":"//button[@data-kt=\"provideButton\"]"}
RESULT: {"using":"xpath","value":"//button[@data-kt=\"provideButton\"]"}
COMMAND: POST /session/3cebd188cade8bc69ea066f8aad5f3e7/elements - {"using":"xpath","value":"//button[@data-kt=\"provideButton\"]"}
RESULT: {"using":"xpath","value":"//button[@data-kt=\"provideButton\"]"}
COMMAND: POST /session/3cebd188cade8bc69ea066f8aad5f3e7/elements - {"using":"xpath","value":"//button[@data-kt=\"provideButton\"]"}
RESULT: {"using":"xpath","value":"//button[@data-kt=\"provideButton\"]"}
COMMAND: POST /session/3cebd188cade8bc69ea066f8aad5f3e7/elements - {"using":"xpath","value":"//button[@data-kt=\"provideButton\"]"}
RESULT: {"using":"xpath","value":"//button[@data-kt=\"provideButton\"]"}
COMMAND: POST /session/3cebd188cade8bc69ea066f8aad5f3e7/elements - {"using":"xpath","value":"//button[@data-kt=\"provideButton\"]"}
RESULT: {"using":"xpath","value":"//button[@data-kt=\"provideButton\"]"}
COMMAND: POST /session/3cebd188cade8bc69ea066f8aad5f3e7/elements - {"using":"xpath","value":"//button[@data-kt=\"provideButton\"]"}
RESULT: {"using":"xpath","value":"//button[@data-kt=\"provideButton\"]"}
COMMAND: GET /session/3cebd188cade8bc69ea066f8aad5f3e7/screenshot - {}
RESULT: {}
]]></system-out>
      <system-err><![CDATA[
Error: Can't call click on element with selector "//button[@data-kt="provideButton"]" because element wasn't found
    at async UtilsPrerequisites.provideToSiteHandoverFromContractDetails (D:\a\1\s\test\specs\BTS\prerequisites-and-utils-functions.js:1949:9)
    at async Context.<anonymous> (D:\a\1\s\test\specs\HTR\create-mass-state-change.spec.js:65:9)
]]></system-err>
    </testcase>
    <testcase classname="chrome.136_0_7103_93.windows.Tests_for_Mass_State_Change_on_Manage_States_&amp;_Performances_US104416_US" name="Should do mass state change on the RU equip multipart 2 days in the future US104416" time="56.13">
      <failure/>
      <error message="element (&quot;//button[contains(@id, &quot;btnMassStateChange&quot;)]&quot;) still not existing after 45000ms"/>
      <system-out><![CDATA[
COMMAND: GET /session/3cebd188cade8bc69ea066f8aad5f3e7/screenshot - {}
COMMAND: POST /session/3cebd188cade8bc69ea066f8aad5f3e7/execute/async - {"script":"<script> [1562 bytes]","args":[{"selector":{"controlType":"sap.m.GenericTile","properties":{"header":"Manage States & Performance"}},"wdio_ui5_key":"sapm.GenericTile{\"header\":\"Manage States & Performance\"}"}]}
RESULT: {"script":"<script> [1562 bytes]","args":[{"selector":{"controlType":"sap.m.GenericTile","properties":{"header":"Manage States & Performance"}},"wdio_ui5_key":"sapm.GenericTile{\"header\":\"Manage States & Performance\"}"}]}
RESULT: undefined
RESULT: {}
COMMAND: POST /session/3cebd188cade8bc69ea066f8aad5f3e7/elements - {"using":"xpath","value":"//span[text()='Error']"}
RESULT: {"using":"xpath","value":"//span[text()='Error']"}
COMMAND: POST /session/3cebd188cade8bc69ea066f8aad5f3e7/element - {"using":"xpath","value":"//button[contains(@id, \"btnMassStateChange\")]"}
RESULT: {"using":"xpath","value":"//button[contains(@id, \"btnMassStateChange\")]"}
COMMAND: POST /session/3cebd188cade8bc69ea066f8aad5f3e7/elements - {"using":"xpath","value":"//button[contains(@id, \"btnMassStateChange\")]"}
RESULT: {"using":"xpath","value":"//button[contains(@id, \"btnMassStateChange\")]"}
COMMAND: POST /session/3cebd188cade8bc69ea066f8aad5f3e7/elements - {"using":"xpath","value":"//button[contains(@id, \"btnMassStateChange\")]"}
RESULT: {"using":"xpath","value":"//button[contains(@id, \"btnMassStateChange\")]"}
COMMAND: POST /session/3cebd188cade8bc69ea066f8aad5f3e7/elements - {"using":"xpath","value":"//button[contains(@id, \"btnMassStateChange\")]"}
RESULT: {"using":"xpath","value":"//button[contains(@id, \"btnMassStateChange\")]"}
COMMAND: POST /session/3cebd188cade8bc69ea066f8aad5f3e7/elements - {"using":"xpath","value":"//button[contains(@id, \"btnMassStateChange\")]"}
RESULT: {"using":"xpath","value":"//button[contains(@id, \"btnMassStateChange\")]"}
COMMAND: POST /session/3cebd188cade8bc69ea066f8aad5f3e7/elements - {"using":"xpath","value":"//button[contains(@id, \"btnMassStateChange\")]"}
RESULT: {"using":"xpath","value":"//button[contains(@id, \"btnMassStateChange\")]"}
COMMAND: POST /session/3cebd188cade8bc69ea066f8aad5f3e7/elements - {"using":"xpath","value":"//button[contains(@id, \"btnMassStateChange\")]"}
RESULT: {"using":"xpath","value":"//button[contains(@id, \"btnMassStateChange\")]"}
COMMAND: POST /session/3cebd188cade8bc69ea066f8aad5f3e7/elements - {"using":"xpath","value":"//button[contains(@id, \"btnMassStateChange\")]"}
RESULT: {"using":"xpath","value":"//button[contains(@id, \"btnMassStateChange\")]"}
COMMAND: POST /session/3cebd188cade8bc69ea066f8aad5f3e7/elements - {"using":"xpath","value":"//button[contains(@id, \"btnMassStateChange\")]"}
RESULT: {"using":"xpath","value":"//button[contains(@id, \"btnMassStateChange\")]"}
COMMAND: POST /session/3cebd188cade8bc69ea066f8aad5f3e7/elements - {"using":"xpath","value":"//button[contains(@id, \"btnMassStateChange\")]"}
RESULT: {"using":"xpath","value":"//button[contains(@id, \"btnMassStateChange\")]"}
COMMAND: POST /session/3cebd188cade8bc69ea066f8aad5f3e7/elements - {"using":"xpath","value":"//button[contains(@id, \"btnMassStateChange\")]"}
RESULT: {"using":"xpath","value":"//button[contains(@id, \"btnMassStateChange\")]"}
COMMAND: POST /session/3cebd188cade8bc69ea066f8aad5f3e7/elements - {"using":"xpath","value":"//button[contains(@id, \"btnMassStateChange\")]"}
RESULT: {"using":"xpath","value":"//button[contains(@id, \"btnMassStateChange\")]"}
COMMAND: POST /session/3cebd188cade8bc69ea066f8aad5f3e7/elements - {"using":"xpath","value":"//button[contains(@id, \"btnMassStateChange\")]"}
RESULT: {"using":"xpath","value":"//button[contains(@id, \"btnMassStateChange\")]"}
COMMAND: POST /session/3cebd188cade8bc69ea066f8aad5f3e7/elements - {"using":"xpath","value":"//button[contains(@id, \"btnMassStateChange\")]"}
RESULT: {"using":"xpath","value":"//button[contains(@id, \"btnMassStateChange\")]"}
COMMAND: POST /session/3cebd188cade8bc69ea066f8aad5f3e7/elements - {"using":"xpath","value":"//button[contains(@id, \"btnMassStateChange\")]"}
RESULT: {"using":"xpath","value":"//button[contains(@id, \"btnMassStateChange\")]"}
COMMAND: POST /session/3cebd188cade8bc69ea066f8aad5f3e7/elements - {"using":"xpath","value":"//button[contains(@id, \"btnMassStateChange\")]"}
RESULT: {"using":"xpath","value":"//button[contains(@id, \"btnMassStateChange\")]"}
COMMAND: POST /session/3cebd188cade8bc69ea066f8aad5f3e7/elements - {"using":"xpath","value":"//button[contains(@id, \"btnMassStateChange\")]"}
RESULT: {"using":"xpath","value":"//button[contains(@id, \"btnMassStateChange\")]"}
COMMAND: POST /session/3cebd188cade8bc69ea066f8aad5f3e7/elements - {"using":"xpath","value":"//button[contains(@id, \"btnMassStateChange\")]"}
RESULT: {"using":"xpath","value":"//button[contains(@id, \"btnMassStateChange\")]"}
COMMAND: POST /session/3cebd188cade8bc69ea066f8aad5f3e7/elements - {"using":"xpath","value":"//button[contains(@id, \"btnMassStateChange\")]"}
RESULT: {"using":"xpath","value":"//button[contains(@id, \"btnMassStateChange\")]"}
COMMAND: POST /session/3cebd188cade8bc69ea066f8aad5f3e7/elements - {"using":"xpath","value":"//button[contains(@id, \"btnMassStateChange\")]"}
RESULT: {"using":"xpath","value":"//button[contains(@id, \"btnMassStateChange\")]"}
COMMAND: POST /session/3cebd188cade8bc69ea066f8aad5f3e7/elements - {"using":"xpath","value":"//button[contains(@id, \"btnMassStateChange\")]"}
RESULT: {"using":"xpath","value":"//button[contains(@id, \"btnMassStateChange\")]"}
COMMAND: POST /session/3cebd188cade8bc69ea066f8aad5f3e7/elements - {"using":"xpath","value":"//button[contains(@id, \"btnMassStateChange\")]"}
RESULT: {"using":"xpath","value":"//button[contains(@id, \"btnMassStateChange\")]"}
COMMAND: POST /session/3cebd188cade8bc69ea066f8aad5f3e7/elements - {"using":"xpath","value":"//button[contains(@id, \"btnMassStateChange\")]"}
RESULT: {"using":"xpath","value":"//button[contains(@id, \"btnMassStateChange\")]"}
COMMAND: POST /session/3cebd188cade8bc69ea066f8aad5f3e7/elements - {"using":"xpath","value":"//button[contains(@id, \"btnMassStateChange\")]"}
RESULT: {"using":"xpath","value":"//button[contains(@id, \"btnMassStateChange\")]"}
COMMAND: POST /session/3cebd188cade8bc69ea066f8aad5f3e7/elements - {"using":"xpath","value":"//button[contains(@id, \"btnMassStateChange\")]"}
RESULT: {"using":"xpath","value":"//button[contains(@id, \"btnMassStateChange\")]"}
COMMAND: POST /session/3cebd188cade8bc69ea066f8aad5f3e7/elements - {"using":"xpath","value":"//button[contains(@id, \"btnMassStateChange\")]"}
RESULT: {"using":"xpath","value":"//button[contains(@id, \"btnMassStateChange\")]"}
COMMAND: POST /session/3cebd188cade8bc69ea066f8aad5f3e7/elements - {"using":"xpath","value":"//button[contains(@id, \"btnMassStateChange\")]"}
RESULT: {"using":"xpath","value":"//button[contains(@id, \"btnMassStateChange\")]"}
COMMAND: POST /session/3cebd188cade8bc69ea066f8aad5f3e7/elements - {"using":"xpath","value":"//button[contains(@id, \"btnMassStateChange\")]"}
RESULT: {"using":"xpath","value":"//button[contains(@id, \"btnMassStateChange\")]"}
COMMAND: POST /session/3cebd188cade8bc69ea066f8aad5f3e7/elements - {"using":"xpath","value":"//button[contains(@id, \"btnMassStateChange\")]"}
RESULT: {"using":"xpath","value":"//button[contains(@id, \"btnMassStateChange\")]"}
COMMAND: POST /session/3cebd188cade8bc69ea066f8aad5f3e7/elements - {"using":"xpath","value":"//button[contains(@id, \"btnMassStateChange\")]"}
RESULT: {"using":"xpath","value":"//button[contains(@id, \"btnMassStateChange\")]"}
COMMAND: POST /session/3cebd188cade8bc69ea066f8aad5f3e7/elements - {"using":"xpath","value":"//button[contains(@id, \"btnMassStateChange\")]"}
RESULT: {"using":"xpath","value":"//button[contains(@id, \"btnMassStateChange\")]"}
COMMAND: POST /session/3cebd188cade8bc69ea066f8aad5f3e7/elements - {"using":"xpath","value":"//button[contains(@id, \"btnMassStateChange\")]"}
RESULT: {"using":"xpath","value":"//button[contains(@id, \"btnMassStateChange\")]"}
COMMAND: POST /session/3cebd188cade8bc69ea066f8aad5f3e7/elements - {"using":"xpath","value":"//button[contains(@id, \"btnMassStateChange\")]"}
RESULT: {"using":"xpath","value":"//button[contains(@id, \"btnMassStateChange\")]"}
COMMAND: POST /session/3cebd188cade8bc69ea066f8aad5f3e7/elements - {"using":"xpath","value":"//button[contains(@id, \"btnMassStateChange\")]"}
RESULT: {"using":"xpath","value":"//button[contains(@id, \"btnMassStateChange\")]"}
COMMAND: POST /session/3cebd188cade8bc69ea066f8aad5f3e7/elements - {"using":"xpath","value":"//button[contains(@id, \"btnMassStateChange\")]"}
RESULT: {"using":"xpath","value":"//button[contains(@id, \"btnMassStateChange\")]"}
COMMAND: POST /session/3cebd188cade8bc69ea066f8aad5f3e7/elements - {"using":"xpath","value":"//button[contains(@id, \"btnMassStateChange\")]"}
RESULT: {"using":"xpath","value":"//button[contains(@id, \"btnMassStateChange\")]"}
COMMAND: POST /session/3cebd188cade8bc69ea066f8aad5f3e7/elements - {"using":"xpath","value":"//button[contains(@id, \"btnMassStateChange\")]"}
RESULT: {"using":"xpath","value":"//button[contains(@id, \"btnMassStateChange\")]"}
COMMAND: POST /session/3cebd188cade8bc69ea066f8aad5f3e7/elements - {"using":"xpath","value":"//button[contains(@id, \"btnMassStateChange\")]"}
RESULT: {"using":"xpath","value":"//button[contains(@id, \"btnMassStateChange\")]"}
COMMAND: POST /session/3cebd188cade8bc69ea066f8aad5f3e7/elements - {"using":"xpath","value":"//button[contains(@id, \"btnMassStateChange\")]"}
RESULT: {"using":"xpath","value":"//button[contains(@id, \"btnMassStateChange\")]"}
COMMAND: POST /session/3cebd188cade8bc69ea066f8aad5f3e7/elements - {"using":"xpath","value":"//button[contains(@id, \"btnMassStateChange\")]"}
RESULT: {"using":"xpath","value":"//button[contains(@id, \"btnMassStateChange\")]"}
COMMAND: POST /session/3cebd188cade8bc69ea066f8aad5f3e7/elements - {"using":"xpath","value":"//button[contains(@id, \"btnMassStateChange\")]"}
RESULT: {"using":"xpath","value":"//button[contains(@id, \"btnMassStateChange\")]"}
COMMAND: POST /session/3cebd188cade8bc69ea066f8aad5f3e7/elements - {"using":"xpath","value":"//button[contains(@id, \"btnMassStateChange\")]"}
RESULT: {"using":"xpath","value":"//button[contains(@id, \"btnMassStateChange\")]"}
COMMAND: POST /session/3cebd188cade8bc69ea066f8aad5f3e7/elements - {"using":"xpath","value":"//button[contains(@id, \"btnMassStateChange\")]"}
RESULT: {"using":"xpath","value":"//button[contains(@id, \"btnMassStateChange\")]"}
COMMAND: POST /session/3cebd188cade8bc69ea066f8aad5f3e7/elements - {"using":"xpath","value":"//button[contains(@id, \"btnMassStateChange\")]"}
RESULT: {"using":"xpath","value":"//button[contains(@id, \"btnMassStateChange\")]"}
COMMAND: POST /session/3cebd188cade8bc69ea066f8aad5f3e7/elements - {"using":"xpath","value":"//button[contains(@id, \"btnMassStateChange\")]"}
RESULT: {"using":"xpath","value":"//button[contains(@id, \"btnMassStateChange\")]"}
COMMAND: POST /session/3cebd188cade8bc69ea066f8aad5f3e7/elements - {"using":"xpath","value":"//button[contains(@id, \"btnMassStateChange\")]"}
RESULT: {"using":"xpath","value":"//button[contains(@id, \"btnMassStateChange\")]"}
COMMAND: POST /session/3cebd188cade8bc69ea066f8aad5f3e7/elements - {"using":"xpath","value":"//button[contains(@id, \"btnMassStateChange\")]"}
RESULT: {"using":"xpath","value":"//button[contains(@id, \"btnMassStateChange\")]"}
COMMAND: POST /session/3cebd188cade8bc69ea066f8aad5f3e7/elements - {"using":"xpath","value":"//button[contains(@id, \"btnMassStateChange\")]"}
RESULT: {"using":"xpath","value":"//button[contains(@id, \"btnMassStateChange\")]"}
COMMAND: POST /session/3cebd188cade8bc69ea066f8aad5f3e7/elements - {"using":"xpath","value":"//button[contains(@id, \"btnMassStateChange\")]"}
RESULT: {"using":"xpath","value":"//button[contains(@id, \"btnMassStateChange\")]"}
COMMAND: POST /session/3cebd188cade8bc69ea066f8aad5f3e7/elements - {"using":"xpath","value":"//button[contains(@id, \"btnMassStateChange\")]"}
RESULT: {"using":"xpath","value":"//button[contains(@id, \"btnMassStateChange\")]"}
COMMAND: POST /session/3cebd188cade8bc69ea066f8aad5f3e7/elements - {"using":"xpath","value":"//button[contains(@id, \"btnMassStateChange\")]"}
RESULT: {"using":"xpath","value":"//button[contains(@id, \"btnMassStateChange\")]"}
COMMAND: POST /session/3cebd188cade8bc69ea066f8aad5f3e7/elements - {"using":"xpath","value":"//button[contains(@id, \"btnMassStateChange\")]"}
RESULT: {"using":"xpath","value":"//button[contains(@id, \"btnMassStateChange\")]"}
COMMAND: POST /session/3cebd188cade8bc69ea066f8aad5f3e7/elements - {"using":"xpath","value":"//button[contains(@id, \"btnMassStateChange\")]"}
RESULT: {"using":"xpath","value":"//button[contains(@id, \"btnMassStateChange\")]"}
COMMAND: POST /session/3cebd188cade8bc69ea066f8aad5f3e7/elements - {"using":"xpath","value":"//button[contains(@id, \"btnMassStateChange\")]"}
RESULT: {"using":"xpath","value":"//button[contains(@id, \"btnMassStateChange\")]"}
COMMAND: POST /session/3cebd188cade8bc69ea066f8aad5f3e7/elements - {"using":"xpath","value":"//button[contains(@id, \"btnMassStateChange\")]"}
RESULT: {"using":"xpath","value":"//button[contains(@id, \"btnMassStateChange\")]"}
COMMAND: POST /session/3cebd188cade8bc69ea066f8aad5f3e7/elements - {"using":"xpath","value":"//button[contains(@id, \"btnMassStateChange\")]"}
RESULT: {"using":"xpath","value":"//button[contains(@id, \"btnMassStateChange\")]"}
COMMAND: POST /session/3cebd188cade8bc69ea066f8aad5f3e7/elements - {"using":"xpath","value":"//button[contains(@id, \"btnMassStateChange\")]"}
RESULT: {"using":"xpath","value":"//button[contains(@id, \"btnMassStateChange\")]"}
COMMAND: POST /session/3cebd188cade8bc69ea066f8aad5f3e7/elements - {"using":"xpath","value":"//button[contains(@id, \"btnMassStateChange\")]"}
RESULT: {"using":"xpath","value":"//button[contains(@id, \"btnMassStateChange\")]"}
COMMAND: POST /session/3cebd188cade8bc69ea066f8aad5f3e7/elements - {"using":"xpath","value":"//button[contains(@id, \"btnMassStateChange\")]"}
RESULT: {"using":"xpath","value":"//button[contains(@id, \"btnMassStateChange\")]"}
COMMAND: POST /session/3cebd188cade8bc69ea066f8aad5f3e7/elements - {"using":"xpath","value":"//button[contains(@id, \"btnMassStateChange\")]"}
RESULT: {"using":"xpath","value":"//button[contains(@id, \"btnMassStateChange\")]"}
COMMAND: POST /session/3cebd188cade8bc69ea066f8aad5f3e7/elements - {"using":"xpath","value":"//button[contains(@id, \"btnMassStateChange\")]"}
RESULT: {"using":"xpath","value":"//button[contains(@id, \"btnMassStateChange\")]"}
COMMAND: POST /session/3cebd188cade8bc69ea066f8aad5f3e7/elements - {"using":"xpath","value":"//button[contains(@id, \"btnMassStateChange\")]"}
RESULT: {"using":"xpath","value":"//button[contains(@id, \"btnMassStateChange\")]"}
COMMAND: POST /session/3cebd188cade8bc69ea066f8aad5f3e7/elements - {"using":"xpath","value":"//button[contains(@id, \"btnMassStateChange\")]"}
RESULT: {"using":"xpath","value":"//button[contains(@id, \"btnMassStateChange\")]"}
COMMAND: POST /session/3cebd188cade8bc69ea066f8aad5f3e7/elements - {"using":"xpath","value":"//button[contains(@id, \"btnMassStateChange\")]"}
RESULT: {"using":"xpath","value":"//button[contains(@id, \"btnMassStateChange\")]"}
COMMAND: POST /session/3cebd188cade8bc69ea066f8aad5f3e7/elements - {"using":"xpath","value":"//button[contains(@id, \"btnMassStateChange\")]"}
RESULT: {"using":"xpath","value":"//button[contains(@id, \"btnMassStateChange\")]"}
COMMAND: POST /session/3cebd188cade8bc69ea066f8aad5f3e7/elements - {"using":"xpath","value":"//button[contains(@id, \"btnMassStateChange\")]"}
RESULT: {"using":"xpath","value":"//button[contains(@id, \"btnMassStateChange\")]"}
COMMAND: POST /session/3cebd188cade8bc69ea066f8aad5f3e7/elements - {"using":"xpath","value":"//button[contains(@id, \"btnMassStateChange\")]"}
RESULT: {"using":"xpath","value":"//button[contains(@id, \"btnMassStateChange\")]"}
COMMAND: POST /session/3cebd188cade8bc69ea066f8aad5f3e7/elements - {"using":"xpath","value":"//button[contains(@id, \"btnMassStateChange\")]"}
RESULT: {"using":"xpath","value":"//button[contains(@id, \"btnMassStateChange\")]"}
COMMAND: POST /session/3cebd188cade8bc69ea066f8aad5f3e7/elements - {"using":"xpath","value":"//button[contains(@id, \"btnMassStateChange\")]"}
RESULT: {"using":"xpath","value":"//button[contains(@id, \"btnMassStateChange\")]"}
COMMAND: POST /session/3cebd188cade8bc69ea066f8aad5f3e7/elements - {"using":"xpath","value":"//button[contains(@id, \"btnMassStateChange\")]"}
RESULT: {"using":"xpath","value":"//button[contains(@id, \"btnMassStateChange\")]"}
COMMAND: POST /session/3cebd188cade8bc69ea066f8aad5f3e7/elements - {"using":"xpath","value":"//button[contains(@id, \"btnMassStateChange\")]"}
RESULT: {"using":"xpath","value":"//button[contains(@id, \"btnMassStateChange\")]"}
COMMAND: POST /session/3cebd188cade8bc69ea066f8aad5f3e7/elements - {"using":"xpath","value":"//button[contains(@id, \"btnMassStateChange\")]"}
RESULT: {"using":"xpath","value":"//button[contains(@id, \"btnMassStateChange\")]"}
COMMAND: POST /session/3cebd188cade8bc69ea066f8aad5f3e7/elements - {"using":"xpath","value":"//button[contains(@id, \"btnMassStateChange\")]"}
RESULT: {"using":"xpath","value":"//button[contains(@id, \"btnMassStateChange\")]"}
COMMAND: POST /session/3cebd188cade8bc69ea066f8aad5f3e7/elements - {"using":"xpath","value":"//button[contains(@id, \"btnMassStateChange\")]"}
RESULT: {"using":"xpath","value":"//button[contains(@id, \"btnMassStateChange\")]"}
COMMAND: POST /session/3cebd188cade8bc69ea066f8aad5f3e7/elements - {"using":"xpath","value":"//button[contains(@id, \"btnMassStateChange\")]"}
RESULT: {"using":"xpath","value":"//button[contains(@id, \"btnMassStateChange\")]"}
COMMAND: POST /session/3cebd188cade8bc69ea066f8aad5f3e7/elements - {"using":"xpath","value":"//button[contains(@id, \"btnMassStateChange\")]"}
RESULT: {"using":"xpath","value":"//button[contains(@id, \"btnMassStateChange\")]"}
COMMAND: POST /session/3cebd188cade8bc69ea066f8aad5f3e7/elements - {"using":"xpath","value":"//button[contains(@id, \"btnMassStateChange\")]"}
RESULT: {"using":"xpath","value":"//button[contains(@id, \"btnMassStateChange\")]"}
COMMAND: POST /session/3cebd188cade8bc69ea066f8aad5f3e7/elements - {"using":"xpath","value":"//button[contains(@id, \"btnMassStateChange\")]"}
RESULT: {"using":"xpath","value":"//button[contains(@id, \"btnMassStateChange\")]"}
COMMAND: POST /session/3cebd188cade8bc69ea066f8aad5f3e7/elements - {"using":"xpath","value":"//button[contains(@id, \"btnMassStateChange\")]"}
RESULT: {"using":"xpath","value":"//button[contains(@id, \"btnMassStateChange\")]"}
COMMAND: POST /session/3cebd188cade8bc69ea066f8aad5f3e7/elements - {"using":"xpath","value":"//button[contains(@id, \"btnMassStateChange\")]"}
RESULT: {"using":"xpath","value":"//button[contains(@id, \"btnMassStateChange\")]"}
COMMAND: POST /session/3cebd188cade8bc69ea066f8aad5f3e7/elements - {"using":"xpath","value":"//button[contains(@id, \"btnMassStateChange\")]"}
RESULT: {"using":"xpath","value":"//button[contains(@id, \"btnMassStateChange\")]"}
COMMAND: POST /session/3cebd188cade8bc69ea066f8aad5f3e7/elements - {"using":"xpath","value":"//button[contains(@id, \"btnMassStateChange\")]"}
RESULT: {"using":"xpath","value":"//button[contains(@id, \"btnMassStateChange\")]"}
COMMAND: POST /session/3cebd188cade8bc69ea066f8aad5f3e7/elements - {"using":"xpath","value":"//button[contains(@id, \"btnMassStateChange\")]"}
RESULT: {"using":"xpath","value":"//button[contains(@id, \"btnMassStateChange\")]"}
COMMAND: POST /session/3cebd188cade8bc69ea066f8aad5f3e7/elements - {"using":"xpath","value":"//button[contains(@id, \"btnMassStateChange\")]"}
RESULT: {"using":"xpath","value":"//button[contains(@id, \"btnMassStateChange\")]"}
COMMAND: POST /session/3cebd188cade8bc69ea066f8aad5f3e7/elements - {"using":"xpath","value":"//button[contains(@id, \"btnMassStateChange\")]"}
RESULT: {"using":"xpath","value":"//button[contains(@id, \"btnMassStateChange\")]"}
COMMAND: POST /session/3cebd188cade8bc69ea066f8aad5f3e7/elements - {"using":"xpath","value":"//button[contains(@id, \"btnMassStateChange\")]"}
RESULT: {"using":"xpath","value":"//button[contains(@id, \"btnMassStateChange\")]"}
COMMAND: POST /session/3cebd188cade8bc69ea066f8aad5f3e7/elements - {"using":"xpath","value":"//button[contains(@id, \"btnMassStateChange\")]"}
RESULT: {"using":"xpath","value":"//button[contains(@id, \"btnMassStateChange\")]"}
COMMAND: POST /session/3cebd188cade8bc69ea066f8aad5f3e7/elements - {"using":"xpath","value":"//button[contains(@id, \"btnMassStateChange\")]"}
RESULT: {"using":"xpath","value":"//button[contains(@id, \"btnMassStateChange\")]"}
COMMAND: POST /session/3cebd188cade8bc69ea066f8aad5f3e7/elements - {"using":"xpath","value":"//button[contains(@id, \"btnMassStateChange\")]"}
RESULT: {"using":"xpath","value":"//button[contains(@id, \"btnMassStateChange\")]"}
COMMAND: POST /session/3cebd188cade8bc69ea066f8aad5f3e7/elements - {"using":"xpath","value":"//button[contains(@id, \"btnMassStateChange\")]"}
RESULT: {"using":"xpath","value":"//button[contains(@id, \"btnMassStateChange\")]"}
COMMAND: POST /session/3cebd188cade8bc69ea066f8aad5f3e7/elements - {"using":"xpath","value":"//button[contains(@id, \"btnMassStateChange\")]"}
RESULT: {"using":"xpath","value":"//button[contains(@id, \"btnMassStateChange\")]"}
COMMAND: POST /session/3cebd188cade8bc69ea066f8aad5f3e7/elements - {"using":"xpath","value":"//button[contains(@id, \"btnMassStateChange\")]"}
RESULT: {"using":"xpath","value":"//button[contains(@id, \"btnMassStateChange\")]"}
COMMAND: GET /session/3cebd188cade8bc69ea066f8aad5f3e7/screenshot - {}
RESULT: {}
COMMAND: GET /session/3cebd188cade8bc69ea066f8aad5f3e7/screenshot - {}
COMMAND: POST /session/3cebd188cade8bc69ea066f8aad5f3e7/element - {"using":"css selector","value":"#j_username"}
COMMAND: POST /session/3cebd188cade8bc69ea066f8aad5f3e7/url - {"url":"https://qa-testing-00-live-etm-ui.cfapps.eu10-004.hana.ondemand.com/"}
COMMAND: GET /session/3cebd188cade8bc69ea066f8aad5f3e7/screenshot - {}
RESULT: {}
RESULT: {}
RESULT: {"url":"https://qa-testing-00-live-etm-ui.cfapps.eu10-004.hana.ondemand.com/"}
RESULT: undefined
COMMAND: GET /session/3cebd188cade8bc69ea066f8aad5f3e7/screenshot - {}
RESULT: {"using":"css selector","value":"#j_username"}
COMMAND: POST /session/3cebd188cade8bc69ea066f8aad5f3e7/element - {"using":"css selector","value":"#j_username"}
RESULT: {}
RESULT: {"using":"css selector","value":"#j_username"}
COMMAND: POST /session/3cebd188cade8bc69ea066f8aad5f3e7/element - {"using":"css selector","value":"#shell-header-logo"}
RESULT: {"using":"css selector","value":"#shell-header-logo"}
COMMAND: POST /session/3cebd188cade8bc69ea066f8aad5f3e7/execute/sync - {"script":"<script> [8489 bytes]","args":[{"element-6066-11e4-a52e-4f735466cecf":"f.D8146A0945362D622A49705032EBB55A.d.7BBE6DB08668413F1240BEBE5E8494F3.e.3620","ELEMENT":"f.D8146A0945362D622A49705032EBB55A.d.7BBE6DB08668413F1240BEBE5E8494F3.e.3620"}]}
RESULT: {"script":"<script> [8489 bytes]","args":[{"element-6066-11e4-a52e-4f735466cecf":"f.D8146A0945362D622A49705032EBB55A.d.7BBE6DB08668413F1240BEBE5E8494F3.e.3620","ELEMENT":"f.D8146A0945362D622A49705032EBB55A.d.7BBE6DB08668413F1240BEBE5E8494F3.e.3620"}]}
COMMAND: POST /session/3cebd188cade8bc69ea066f8aad5f3e7/element - {"using":"css selector","value":"#shell-header-logo"}
COMMAND: GET /session/3cebd188cade8bc69ea066f8aad5f3e7/screenshot - {}
RESULT: {"using":"css selector","value":"#shell-header-logo"}
COMMAND: POST /session/3cebd188cade8bc69ea066f8aad5f3e7/execute/sync - {"script":"<script> [8489 bytes]","args":[{"element-6066-11e4-a52e-4f735466cecf":"f.D8146A0945362D622A49705032EBB55A.d.7BBE6DB08668413F1240BEBE5E8494F3.e.3620","ELEMENT":"f.D8146A0945362D622A49705032EBB55A.d.7BBE6DB08668413F1240BEBE5E8494F3.e.3620"}]}
RESULT: {}
RESULT: {"script":"<script> [8489 bytes]","args":[{"element-6066-11e4-a52e-4f735466cecf":"f.D8146A0945362D622A49705032EBB55A.d.7BBE6DB08668413F1240BEBE5E8494F3.e.3620","ELEMENT":"f.D8146A0945362D622A49705032EBB55A.d.7BBE6DB08668413F1240BEBE5E8494F3.e.3620"}]}
COMMAND: POST /session/3cebd188cade8bc69ea066f8aad5f3e7/execute/sync - {"script":"<script> [5351 bytes]","args":[{"element-6066-11e4-a52e-4f735466cecf":"f.D8146A0945362D622A49705032EBB55A.d.7BBE6DB08668413F1240BEBE5E8494F3.e.3620","ELEMENT":"f.D8146A0945362D622A49705032EBB55A.d.7BBE6DB08668413F1240BEBE5E8494F3.e.3620"}]}
COMMAND: GET /session/3cebd188cade8bc69ea066f8aad5f3e7/screenshot - {}
RESULT: {"script":"<script> [5351 bytes]","args":[{"element-6066-11e4-a52e-4f735466cecf":"f.D8146A0945362D622A49705032EBB55A.d.7BBE6DB08668413F1240BEBE5E8494F3.e.3620","ELEMENT":"f.D8146A0945362D622A49705032EBB55A.d.7BBE6DB08668413F1240BEBE5E8494F3.e.3620"}]}
COMMAND: POST /session/3cebd188cade8bc69ea066f8aad5f3e7/element - {"using":"css selector","value":"#shell-header-logo"}
COMMAND: GET /session/3cebd188cade8bc69ea066f8aad5f3e7/screenshot - {}
RESULT: {}
RESULT: {"using":"css selector","value":"#shell-header-logo"}
COMMAND: POST /session/3cebd188cade8bc69ea066f8aad5f3e7/element/f.D8146A0945362D622A49705032EBB55A.d.7BBE6DB08668413F1240BEBE5E8494F3.e.3620/click - {}
RESULT: {}
RESULT: {}
COMMAND: GET /session/3cebd188cade8bc69ea066f8aad5f3e7/screenshot - {}
RESULT: {}
COMMAND: POST /session/3cebd188cade8bc69ea066f8aad5f3e7/execute/async - {"script":"<script> [189 bytes]","args":[]}
RESULT: {"script":"<script> [189 bytes]","args":[]}
COMMAND: POST /session/3cebd188cade8bc69ea066f8aad5f3e7/execute/async - {"script":"<script> [123 bytes]","args":[]}
RESULT: {"script":"<script> [123 bytes]","args":[]}
COMMAND: POST /session/3cebd188cade8bc69ea066f8aad5f3e7/timeouts - {"script":"<number>"}
RESULT: {"script":"<number>"}
COMMAND: GET /session/3cebd188cade8bc69ea066f8aad5f3e7/timeouts - {}
RESULT: {}
RESULT: undefined
COMMAND: POST /session/3cebd188cade8bc69ea066f8aad5f3e7/execute/async - {"script":"<script> [2676 bytes]","args":[]}
RESULT: {"script":"<script> [2676 bytes]","args":[]}
COMMAND: POST /session/3cebd188cade8bc69ea066f8aad5f3e7/execute/async - {"script":"<script> [2342 bytes]","args":[{"protocol":"http","hostname":"0.0.0.0","path":"/","capabilities":{"browserName":"chrome","goog:chromeOptions":{"binary":"C:\\Program Files\\Google\\Chrome\\Application\\chrome.exe","args":["--start-maximized"]}},"logLevel":"warn","connectionRetryTimeout":120000,"connectionRetryCount":3,"logLevels":{},"enableDirectConnect":true,"strictSSL":true,"_":"65 more keys: [\"cacheDir\",\"port\",\"requestedCapabilities\",\"automationProtocol\",\"baseUrl\",\"waitforInterval\",\"waitforTimeout\",\"onReload\",\"beforeCommand\",\"afterCommand\",\"rootDir\",\"specs\",\"suites\",\"exclude\",\"groupLogsByTestSpec\",\"excludeDriverLogs\",\"bail\",\"framework\",\"reporters\",\"services\",\"maxInstances\",\"maxInstancesPerCapability\",\"injectGlobals\",\"filesToWatch\",\"execArgv\",\"runnerEnv\",\"runner\",\"shard\",\"specFileRetries\",\"specFileRetriesDelay\",\"specFileRetriesDeferred\",\"reporterSyncInterval\",\"reporterSyncTimeout\",\"cucumberFeaturesWithLineNumbers\",\"autoCompileOpts\",\"mochaOpts\",\"jasmineOpts\",\"cucumberOpts\",\"onPrepare\",\"onWorkerStart\",\"onWorkerEnd\",\"before\",\"beforeSession\",\"beforeSuite\",\"beforeHook\",\"beforeTest\",\"afterTest\",\"afterHook\",\"afterSuite\",\"afterSession\",\"after\",\"onComplete\",\"beforeAssertion\",\"afterAssertion\",\"beforeFeature\",\"beforeScenario\",\"beforeStep\",\"afterStep\",\"afterScenario\",\"afterFeature\",\"_\",\"suite\",\"$0\",\"ignoredWorkerServices\",\"wdi5\"]"}]}
RESULT: {"script":"<script> [2342 bytes]","args":[{"protocol":"http","hostname":"0.0.0.0","path":"/","capabilities":{"browserName":"chrome","goog:chromeOptions":{"binary":"C:\\Program Files\\Google\\Chrome\\Application\\chrome.exe","args":["--start-maximized"]}},"logLevel":"warn","connectionRetryTimeout":120000,"connectionRetryCount":3,"logLevels":{},"enableDirectConnect":true,"strictSSL":true,"_":"65 more keys: [\"cacheDir\",\"port\",\"requestedCapabilities\",\"automationProtocol\",\"baseUrl\",\"waitforInterval\",\"waitforTimeout\",\"onReload\",\"beforeCommand\",\"afterCommand\",\"rootDir\",\"specs\",\"suites\",\"exclude\",\"groupLogsByTestSpec\",\"excludeDriverLogs\",\"bail\",\"framework\",\"reporters\",\"services\",\"maxInstances\",\"maxInstancesPerCapability\",\"injectGlobals\",\"filesToWatch\",\"execArgv\",\"runnerEnv\",\"runner\",\"shard\",\"specFileRetries\",\"specFileRetriesDelay\",\"specFileRetriesDeferred\",\"reporterSyncInterval\",\"reporterSyncTimeout\",\"cucumberFeaturesWithLineNumbers\",\"autoCompileOpts\",\"mochaOpts\",\"jasmineOpts\",\"cucumberOpts\",\"onPrepare\",\"onWorkerStart\",\"onWorkerEnd\",\"before\",\"beforeSession\",\"beforeSuite\",\"beforeHook\",\"beforeTest\",\"afterTest\",\"afterHook\",\"afterSuite\",\"afterSession\",\"after\",\"onComplete\",\"beforeAssertion\",\"afterAssertion\",\"beforeFeature\",\"beforeScenario\",\"beforeStep\",\"afterStep\",\"afterScenario\",\"afterFeature\",\"_\",\"suite\",\"$0\",\"ignoredWorkerServices\",\"wdi5\"]"}]}
COMMAND: POST /session/3cebd188cade8bc69ea066f8aad5f3e7/execute/async - {"script":"<script> [21126 bytes]","args":[35000]}
RESULT: {"script":"<script> [21126 bytes]","args":[35000]}
COMMAND: POST /session/3cebd188cade8bc69ea066f8aad5f3e7/window/maximize - {}
RESULT: {}
COMMAND: POST /session/3cebd188cade8bc69ea066f8aad5f3e7/execute/async - {"script":"<script> [1562 bytes]","args":[{"selector":{"id":"shell-header","interaction":{"idSuffix":"icon"}},"wdio_ui5_key":"shellheader"}]}
COMMAND: GET /session/3cebd188cade8bc69ea066f8aad5f3e7/screenshot - {}
RESULT: {"script":"<script> [1562 bytes]","args":[{"selector":{"id":"shell-header","interaction":{"idSuffix":"icon"}},"wdio_ui5_key":"shellheader"}]}
RESULT: undefined
COMMAND: POST /session/3cebd188cade8bc69ea066f8aad5f3e7/window/fullscreen - {}
RESULT: {}
RESULT: {}
]]></system-out>
      <system-err><![CDATA[
Error: element ("//button[contains(@id, "btnMassStateChange")]") still not existing after 45000ms
    at async Context.<anonymous> (D:\a\1\s\test\specs\HTR\create-mass-state-change.spec.js:74:9)
]]></system-err>
    </testcase>
  </testsuite>
  <testsuite timestamp="2025-05-31T18:12:06" time="801.08" tests="6" failures="5" errors="5" skipped="0">
    <properties>
      <property name="specId" value="0"/>
      <property name="suiteName" value="Manage States &amp; Performance Tests US151247 US151423 US151467"/>
      <property name="capabilities" value="chrome.136_0_7103_93.windows"/>
      <property name="file" value="file:///D:/a/1/s/test/specs/HTR/manage-states-perf.spec.js"/>
    </properties>
    <testcase classname="chrome.136_0_7103_93.windows.Manage_States_&amp;_Performance_Tests_US151247_US151423_US151467" name="Prereq Should create a yard partner and site" time="442.095">
      <system-out><![CDATA[
COMMAND: POST /session/3cebd188cade8bc69ea066f8aad5f3e7/execute/async - {"script":"<script> [1562 bytes]","args":[{"selector":{"controlType":"sap.m.GenericTile","properties":{"header":"Manage Yards"}},"wdio_ui5_key":"sapm.GenericTile{\"header\":\"Manage Yards\"}"}]}
RESULT: {"script":"<script> [1562 bytes]","args":[{"selector":{"controlType":"sap.m.GenericTile","properties":{"header":"Manage Yards"}},"wdio_ui5_key":"sapm.GenericTile{\"header\":\"Manage Yards\"}"}]}
RESULT: undefined
COMMAND: POST /session/3cebd188cade8bc69ea066f8aad5f3e7/element - {"using":"xpath","value":"//*[@id=\"__tile33\"]"}
RESULT: {"using":"xpath","value":"//*[@id=\"__tile33\"]"}
COMMAND: POST /session/3cebd188cade8bc69ea066f8aad5f3e7/element/f.D8146A0945362D622A49705032EBB55A.d.7BBE6DB08668413F1240BEBE5E8494F3.e.3644/click - {}
RESULT: {}
COMMAND: GET /session/3cebd188cade8bc69ea066f8aad5f3e7/screenshot - {}
RESULT: {}
COMMAND: POST /session/3cebd188cade8bc69ea066f8aad5f3e7/elements - {"using":"xpath","value":"//span[text()='Error']"}
RESULT: {"using":"xpath","value":"//span[text()='Error']"}
COMMAND: POST /session/3cebd188cade8bc69ea066f8aad5f3e7/element - {"using":"xpath","value":"//button[@data-kt=\"addNewYardOverflowToolbarButton\"]"}
RESULT: {"using":"xpath","value":"//button[@data-kt=\"addNewYardOverflowToolbarButton\"]"}
COMMAND: POST /session/3cebd188cade8bc69ea066f8aad5f3e7/elements - {"using":"xpath","value":"//button[@data-kt=\"addNewYardOverflowToolbarButton\"]"}
RESULT: {"using":"xpath","value":"//button[@data-kt=\"addNewYardOverflowToolbarButton\"]"}
COMMAND: POST /session/3cebd188cade8bc69ea066f8aad5f3e7/execute/sync - {"script":"<script> [8489 bytes]","args":[{"element-6066-11e4-a52e-4f735466cecf":"f.D8146A0945362D622A49705032EBB55A.d.7BBE6DB08668413F1240BEBE5E8494F3.e.3778","ELEMENT":"f.D8146A0945362D622A49705032EBB55A.d.7BBE6DB08668413F1240BEBE5E8494F3.e.3778"}]}
RESULT: {"script":"<script> [8489 bytes]","args":[{"element-6066-11e4-a52e-4f735466cecf":"f.D8146A0945362D622A49705032EBB55A.d.7BBE6DB08668413F1240BEBE5E8494F3.e.3778","ELEMENT":"f.D8146A0945362D622A49705032EBB55A.d.7BBE6DB08668413F1240BEBE5E8494F3.e.3778"}]}
COMMAND: GET /session/3cebd188cade8bc69ea066f8aad5f3e7/element/f.D8146A0945362D622A49705032EBB55A.d.7BBE6DB08668413F1240BEBE5E8494F3.e.3778/enabled - {}
COMMAND: GET /session/3cebd188cade8bc69ea066f8aad5f3e7/screenshot - {}
RESULT: {}
COMMAND: POST /session/3cebd188cade8bc69ea066f8aad5f3e7/execute/sync - {"script":"<script> [8489 bytes]","args":[{"element-6066-11e4-a52e-4f735466cecf":"f.D8146A0945362D622A49705032EBB55A.d.7BBE6DB08668413F1240BEBE5E8494F3.e.3778","ELEMENT":"f.D8146A0945362D622A49705032EBB55A.d.7BBE6DB08668413F1240BEBE5E8494F3.e.3778"}]}
COMMAND: GET /session/3cebd188cade8bc69ea066f8aad5f3e7/screenshot - {}
RESULT: {}
RESULT: {"script":"<script> [8489 bytes]","args":[{"element-6066-11e4-a52e-4f735466cecf":"f.D8146A0945362D622A49705032EBB55A.d.7BBE6DB08668413F1240BEBE5E8494F3.e.3778","ELEMENT":"f.D8146A0945362D622A49705032EBB55A.d.7BBE6DB08668413F1240BEBE5E8494F3.e.3778"}]}
COMMAND: POST /session/3cebd188cade8bc69ea066f8aad5f3e7/execute/sync - {"script":"<script> [5351 bytes]","args":[{"element-6066-11e4-a52e-4f735466cecf":"f.D8146A0945362D622A49705032EBB55A.d.7BBE6DB08668413F1240BEBE5E8494F3.e.3778","ELEMENT":"f.D8146A0945362D622A49705032EBB55A.d.7BBE6DB08668413F1240BEBE5E8494F3.e.3778"}]}
COMMAND: GET /session/3cebd188cade8bc69ea066f8aad5f3e7/screenshot - {}
RESULT: {}
RESULT: {"script":"<script> [5351 bytes]","args":[{"element-6066-11e4-a52e-4f735466cecf":"f.D8146A0945362D622A49705032EBB55A.d.7BBE6DB08668413F1240BEBE5E8494F3.e.3778","ELEMENT":"f.D8146A0945362D622A49705032EBB55A.d.7BBE6DB08668413F1240BEBE5E8494F3.e.3778"}]}
COMMAND: POST /session/3cebd188cade8bc69ea066f8aad5f3e7/element/f.D8146A0945362D622A49705032EBB55A.d.7BBE6DB08668413F1240BEBE5E8494F3.e.3778/click - {}
COMMAND: GET /session/3cebd188cade8bc69ea066f8aad5f3e7/screenshot - {}
RESULT: {}
RESULT: {}
COMMAND: GET /session/3cebd188cade8bc69ea066f8aad5f3e7/screenshot - {}
COMMAND: POST /session/3cebd188cade8bc69ea066f8aad5f3e7/element - {"using":"xpath","value":"//input[@id=\"application-manageyards-display-component---NewYard--yardId-inner\"]"}
RESULT: {}
RESULT: {}
RESULT: {"using":"xpath","value":"//input[@id=\"application-manageyards-display-component---NewYard--yardId-inner\"]"}
COMMAND: POST /session/3cebd188cade8bc69ea066f8aad5f3e7/element - {"using":"xpath","value":"//input[@id=\"application-manageyards-display-component---NewYard--yardId-inner\"]"}
RESULT: {"using":"xpath","value":"//input[@id=\"application-manageyards-display-component---NewYard--yardId-inner\"]"}
COMMAND: POST /session/3cebd188cade8bc69ea066f8aad5f3e7/execute/async - {"script":"<script> [1562 bytes]","args":[{"selector":{"id":"application-manageyards-display-component---NewYard--addressDetailDetailsName1","interaction":{"idSuffix":"inner"}},"wdio_ui5_key":"applicationmanageyards-display-component---NewYard--addressDetailDetailsName1"}]}
RESULT: {"script":"<script> [1562 bytes]","args":[{"selector":{"id":"application-manageyards-display-component---NewYard--addressDetailDetailsName1","interaction":{"idSuffix":"inner"}},"wdio_ui5_key":"applicationmanageyards-display-component---NewYard--addressDetailDetailsName1"}]}
RESULT: undefined
COMMAND: POST /session/3cebd188cade8bc69ea066f8aad5f3e7/execute/async - {"script":"<script> [776 bytes]","args":[{"enterText":"Intercompany Yard wdIO","selector":{"id":"application-manageyards-display-component---NewYard--addressDetailDetailsName1","interaction":{"idSuffix":"inner"}},"clearTextFirst":true,"interactionType":"ENTER_TEXT"}]}
RESULT: {"script":"<script> [776 bytes]","args":[{"enterText":"Intercompany Yard wdIO","selector":{"id":"application-manageyards-display-component---NewYard--addressDetailDetailsName1","interaction":{"idSuffix":"inner"}},"clearTextFirst":true,"interactionType":"ENTER_TEXT"}]}
COMMAND: POST /session/3cebd188cade8bc69ea066f8aad5f3e7/execute/async - {"script":"<script> [1562 bytes]","args":[{"selector":{"id":"application-manageyards-display-component---NewYard--addressDetailDetailsLanguage-arrow"},"wdio_ui5_key":"applicationmanageyards-display-component---NewYard--addressDetailDetailsLanguage-arrow"}]}
RESULT: {"script":"<script> [1562 bytes]","args":[{"selector":{"id":"application-manageyards-display-component---NewYard--addressDetailDetailsLanguage-arrow"},"wdio_ui5_key":"applicationmanageyards-display-component---NewYard--addressDetailDetailsLanguage-arrow"}]}
RESULT: undefined
COMMAND: POST /session/3cebd188cade8bc69ea066f8aad5f3e7/element - {"using":"xpath","value":"//*[@id=\"application-manageyards-display-component---NewYard--addressDetailDetailsLanguage-arrow\"]"}
RESULT: {"using":"xpath","value":"//*[@id=\"application-manageyards-display-component---NewYard--addressDetailDetailsLanguage-arrow\"]"}
COMMAND: POST /session/3cebd188cade8bc69ea066f8aad5f3e7/element/f.D8146A0945362D622A49705032EBB55A.d.7BBE6DB08668413F1240BEBE5E8494F3.e.4199/click - {}
RESULT: {}
COMMAND: POST /session/3cebd188cade8bc69ea066f8aad5f3e7/element - {"using":"xpath","value":"//span[contains(text(), \"English\")]"}
COMMAND: GET /session/3cebd188cade8bc69ea066f8aad5f3e7/screenshot - {}
RESULT: {"using":"xpath","value":"//span[contains(text(), \"English\")]"}
COMMAND: POST /session/3cebd188cade8bc69ea066f8aad5f3e7/element/f.D8146A0945362D622A49705032EBB55A.d.7BBE6DB08668413F1240BEBE5E8494F3.e.4200/click - {}
RESULT: {}
RESULT: {}
COMMAND: POST /session/3cebd188cade8bc69ea066f8aad5f3e7/execute/async - {"script":"<script> [1562 bytes]","args":[{"selector":{"id":"application-manageyards-display-component---NewYard--addressDetailDetailsCity1","interaction":{"idSuffix":"inner"}},"wdio_ui5_key":"applicationmanageyards-display-component---NewYard--addressDetailDetailsCity1"}]}
COMMAND: GET /session/3cebd188cade8bc69ea066f8aad5f3e7/screenshot - {}
RESULT: {"script":"<script> [1562 bytes]","args":[{"selector":{"id":"application-manageyards-display-component---NewYard--addressDetailDetailsCity1","interaction":{"idSuffix":"inner"}},"wdio_ui5_key":"applicationmanageyards-display-component---NewYard--addressDetailDetailsCity1"}]}
RESULT: undefined
COMMAND: POST /session/3cebd188cade8bc69ea066f8aad5f3e7/execute/async - {"script":"<script> [776 bytes]","args":[{"enterText":"Rosario","selector":{"id":"application-manageyards-display-component---NewYard--addressDetailDetailsCity1","interaction":{"idSuffix":"inner"}},"clearTextFirst":true,"interactionType":"ENTER_TEXT"}]}
RESULT: {}
RESULT: {"script":"<script> [776 bytes]","args":[{"enterText":"Rosario","selector":{"id":"application-manageyards-display-component---NewYard--addressDetailDetailsCity1","interaction":{"idSuffix":"inner"}},"clearTextFirst":true,"interactionType":"ENTER_TEXT"}]}
COMMAND: POST /session/3cebd188cade8bc69ea066f8aad5f3e7/execute/async - {"script":"<script> [1562 bytes]","args":[{"selector":{"id":"application-manageyards-display-component---NewYard--addressDetailDetailsCountry-arrow"},"wdio_ui5_key":"applicationmanageyards-display-component---NewYard--addressDetailDetailsCountry-arrow"}]}
RESULT: {"script":"<script> [1562 bytes]","args":[{"selector":{"id":"application-manageyards-display-component---NewYard--addressDetailDetailsCountry-arrow"},"wdio_ui5_key":"applicationmanageyards-display-component---NewYard--addressDetailDetailsCountry-arrow"}]}
RESULT: undefined
COMMAND: POST /session/3cebd188cade8bc69ea066f8aad5f3e7/element - {"using":"xpath","value":"//*[@id=\"application-manageyards-display-component---NewYard--addressDetailDetailsCountry-arrow\"]"}
RESULT: {"using":"xpath","value":"//*[@id=\"application-manageyards-display-component---NewYard--addressDetailDetailsCountry-arrow\"]"}
COMMAND: POST /session/3cebd188cade8bc69ea066f8aad5f3e7/element/f.D8146A0945362D622A49705032EBB55A.d.7BBE6DB08668413F1240BEBE5E8494F3.e.4202/click - {}
RESULT: {}
COMMAND: POST /session/3cebd188cade8bc69ea066f8aad5f3e7/element - {"using":"xpath","value":"//span[contains(text(), \"Argentina\")]"}
COMMAND: GET /session/3cebd188cade8bc69ea066f8aad5f3e7/screenshot - {}
RESULT: {"using":"xpath","value":"//span[contains(text(), \"Argentina\")]"}
COMMAND: POST /session/3cebd188cade8bc69ea066f8aad5f3e7/element/f.D8146A0945362D622A49705032EBB55A.d.7BBE6DB08668413F1240BEBE5E8494F3.e.4203/click - {}
RESULT: {}
RESULT: {}
COMMAND: POST /session/3cebd188cade8bc69ea066f8aad5f3e7/execute/async - {"script":"<script> [1562 bytes]","args":[{"selector":{"id":"application-manageyards-display-component---NewYard--addressEditDetailsCostObjectCstType-arrow"},"wdio_ui5_key":"applicationmanageyards-display-component---NewYard--addressEditDetailsCostObjectCstType-arrow"}]}
COMMAND: GET /session/3cebd188cade8bc69ea066f8aad5f3e7/screenshot - {}
RESULT: {"script":"<script> [1562 bytes]","args":[{"selector":{"id":"application-manageyards-display-component---NewYard--addressEditDetailsCostObjectCstType-arrow"},"wdio_ui5_key":"applicationmanageyards-display-component---NewYard--addressEditDetailsCostObjectCstType-arrow"}]}
RESULT: undefined
COMMAND: POST /session/3cebd188cade8bc69ea066f8aad5f3e7/element - {"using":"xpath","value":"//*[@id=\"application-manageyards-display-component---NewYard--addressEditDetailsCostObjectCstType-arrow\"]"}
RESULT: {}
RESULT: {"using":"xpath","value":"//*[@id=\"application-manageyards-display-component---NewYard--addressEditDetailsCostObjectCstType-arrow\"]"}
COMMAND: POST /session/3cebd188cade8bc69ea066f8aad5f3e7/element/f.D8146A0945362D622A49705032EBB55A.d.7BBE6DB08668413F1240BEBE5E8494F3.e.4205/click - {}
RESULT: {}
COMMAND: POST /session/3cebd188cade8bc69ea066f8aad5f3e7/element - {"using":"xpath","value":"//span[contains(text(), \"Cost Center\")]"}
COMMAND: GET /session/3cebd188cade8bc69ea066f8aad5f3e7/screenshot - {}
RESULT: {"using":"xpath","value":"//span[contains(text(), \"Cost Center\")]"}
COMMAND: POST /session/3cebd188cade8bc69ea066f8aad5f3e7/element/f.D8146A0945362D622A49705032EBB55A.d.7BBE6DB08668413F1240BEBE5E8494F3.e.4206/click - {}
RESULT: {}
RESULT: {}
COMMAND: GET /session/3cebd188cade8bc69ea066f8aad5f3e7/screenshot - {}
RESULT: {}
COMMAND: POST /session/3cebd188cade8bc69ea066f8aad5f3e7/element - {"using":"xpath","value":"//span[@id=\"application-manageyards-display-component---NewYard--addressNewCostObjectCstID-vhi\"]"}
RESULT: {"using":"xpath","value":"//span[@id=\"application-manageyards-display-component---NewYard--addressNewCostObjectCstID-vhi\"]"}
COMMAND: POST /session/3cebd188cade8bc69ea066f8aad5f3e7/execute/sync - {"script":"<script> [8489 bytes]","args":[{"element-6066-11e4-a52e-4f735466cecf":"f.D8146A0945362D622A49705032EBB55A.d.7BBE6DB08668413F1240BEBE5E8494F3.e.4210","ELEMENT":"f.D8146A0945362D622A49705032EBB55A.d.7BBE6DB08668413F1240BEBE5E8494F3.e.4210"}]}
RESULT: {"script":"<script> [8489 bytes]","args":[{"element-6066-11e4-a52e-4f735466cecf":"f.D8146A0945362D622A49705032EBB55A.d.7BBE6DB08668413F1240BEBE5E8494F3.e.4210","ELEMENT":"f.D8146A0945362D622A49705032EBB55A.d.7BBE6DB08668413F1240BEBE5E8494F3.e.4210"}]}
COMMAND: POST /session/3cebd188cade8bc69ea066f8aad5f3e7/execute/async - {"script":"<script> [1562 bytes]","args":[{"selector":{"id":"application-manageyards-display-component---NewYard--addressNewCostObjectCstID-vhi"},"wdio_ui5_key":"applicationmanageyards-display-component---NewYard--addressNewCostObjectCstID-vhi"}]}
COMMAND: GET /session/3cebd188cade8bc69ea066f8aad5f3e7/screenshot - {}
RESULT: {"script":"<script> [1562 bytes]","args":[{"selector":{"id":"application-manageyards-display-component---NewYard--addressNewCostObjectCstID-vhi"},"wdio_ui5_key":"applicationmanageyards-display-component---NewYard--addressNewCostObjectCstID-vhi"}]}
RESULT: undefined
COMMAND: POST /session/3cebd188cade8bc69ea066f8aad5f3e7/element - {"using":"xpath","value":"//*[@id=\"application-manageyards-display-component---NewYard--addressNewCostObjectCstID-vhi\"]"}
RESULT: {}
RESULT: {"using":"xpath","value":"//*[@id=\"application-manageyards-display-component---NewYard--addressNewCostObjectCstID-vhi\"]"}
COMMAND: POST /session/3cebd188cade8bc69ea066f8aad5f3e7/element/f.D8146A0945362D622A49705032EBB55A.d.7BBE6DB08668413F1240BEBE5E8494F3.e.4210/click - {}
RESULT: {}
COMMAND: GET /session/3cebd188cade8bc69ea066f8aad5f3e7/screenshot - {}
RESULT: {}
COMMAND: POST /session/3cebd188cade8bc69ea066f8aad5f3e7/execute/async - {"script":"<script> [1562 bytes]","args":[{"selector":{"controlType":"sap.m.SearchField","properties":{"placeholder":"Search"},"searchOpenDialogs":true,"interaction":{"idSuffix":"I"}},"wdio_ui5_key":"sapm.SearchField{\"placeholder\":\"Search\"}"}]}
RESULT: {"script":"<script> [1562 bytes]","args":[{"selector":{"controlType":"sap.m.SearchField","properties":{"placeholder":"Search"},"searchOpenDialogs":true,"interaction":{"idSuffix":"I"}},"wdio_ui5_key":"sapm.SearchField{\"placeholder\":\"Search\"}"}]}
RESULT: undefined
COMMAND: POST /session/3cebd188cade8bc69ea066f8aad5f3e7/execute/async - {"script":"<script> [776 bytes]","args":[{"enterText":"bauh_b","selector":{"controlType":"sap.m.SearchField","properties":{"placeholder":"Search"},"searchOpenDialogs":true,"interaction":{"idSuffix":"I"}},"clearTextFirst":true,"interactionType":"ENTER_TEXT"}]}
RESULT: {"script":"<script> [776 bytes]","args":[{"enterText":"bauh_b","selector":{"controlType":"sap.m.SearchField","properties":{"placeholder":"Search"},"searchOpenDialogs":true,"interaction":{"idSuffix":"I"}},"clearTextFirst":true,"interactionType":"ENTER_TEXT"}]}
COMMAND: POST /session/3cebd188cade8bc69ea066f8aad5f3e7/actions - {"actions":[{"id":"action12","type":"key","parameters":{},"actions":[{"type":"keyDown","value":""},{"type":"pause","duration":10},{"type":"keyUp","value":""}]}]}
RESULT: {"actions":[{"id":"action12","type":"key","parameters":{},"actions":[{"type":"keyDown","value":""},{"type":"pause","duration":10},{"type":"keyUp","value":""}]}]}
COMMAND: GET /session/3cebd188cade8bc69ea066f8aad5f3e7/screenshot - {}
RESULT: {}
COMMAND: POST /session/3cebd188cade8bc69ea066f8aad5f3e7/element - {"using":"xpath","value":"//span[contains(text(), \"Demo Yard\")]"}
RESULT: {"using":"xpath","value":"//span[contains(text(), \"Demo Yard\")]"}
COMMAND: POST /session/3cebd188cade8bc69ea066f8aad5f3e7/element/f.D8146A0945362D622A49705032EBB55A.d.7BBE6DB08668413F1240BEBE5E8494F3.e.4250/click - {}
RESULT: {}
COMMAND: GET /session/3cebd188cade8bc69ea066f8aad5f3e7/screenshot - {}
RESULT: {}
COMMAND: POST /session/3cebd188cade8bc69ea066f8aad5f3e7/element - {"using":"xpath","value":"//bdi[contains(text(), \"OK\")]"}
RESULT: {"using":"xpath","value":"//bdi[contains(text(), \"OK\")]"}
COMMAND: POST /session/3cebd188cade8bc69ea066f8aad5f3e7/element/f.D8146A0945362D622A49705032EBB55A.d.7BBE6DB08668413F1240BEBE5E8494F3.e.4251/click - {}
RESULT: {}
COMMAND: GET /session/3cebd188cade8bc69ea066f8aad5f3e7/screenshot - {}
RESULT: {}
COMMAND: POST /session/3cebd188cade8bc69ea066f8aad5f3e7/execute/async - {"script":"<script> [1562 bytes]","args":[{"selector":{"id":"application-manageyards-display-component---NewYard--addressEditDetailsCurrency-arrow"},"wdio_ui5_key":"applicationmanageyards-display-component---NewYard--addressEditDetailsCurrency-arrow"}]}
RESULT: {"script":"<script> [1562 bytes]","args":[{"selector":{"id":"application-manageyards-display-component---NewYard--addressEditDetailsCurrency-arrow"},"wdio_ui5_key":"applicationmanageyards-display-component---NewYard--addressEditDetailsCurrency-arrow"}]}
RESULT: undefined
COMMAND: POST /session/3cebd188cade8bc69ea066f8aad5f3e7/element - {"using":"xpath","value":"//*[@id=\"application-manageyards-display-component---NewYard--addressEditDetailsCurrency-arrow\"]"}
RESULT: {"using":"xpath","value":"//*[@id=\"application-manageyards-display-component---NewYard--addressEditDetailsCurrency-arrow\"]"}
COMMAND: POST /session/3cebd188cade8bc69ea066f8aad5f3e7/element/f.D8146A0945362D622A49705032EBB55A.d.7BBE6DB08668413F1240BEBE5E8494F3.e.4254/click - {}
RESULT: {}
COMMAND: POST /session/3cebd188cade8bc69ea066f8aad5f3e7/element - {"using":"xpath","value":"//span[contains(text(), \"Euro\")]"}
COMMAND: GET /session/3cebd188cade8bc69ea066f8aad5f3e7/screenshot - {}
RESULT: {"using":"xpath","value":"//span[contains(text(), \"Euro\")]"}
COMMAND: POST /session/3cebd188cade8bc69ea066f8aad5f3e7/element/f.D8146A0945362D622A49705032EBB55A.d.7BBE6DB08668413F1240BEBE5E8494F3.e.4255/click - {}
RESULT: {}
RESULT: {}
COMMAND: POST /session/3cebd188cade8bc69ea066f8aad5f3e7/execute/async - {"script":"<script> [1562 bytes]","args":[{"selector":{"controlType":"sap.m.Input","viewName":"etm.portal.ui.manageyards.view.New","viewId":"application-manageyards-display-component---NewYard","bindingPath":{"path":"","propertyPath":"/CONTROLLING_AREA","modelName":"NewYardModel"},"interaction":{"idSuffix":"inner"}},"wdio_ui5_key":"etmportal.ui.manageyards.view.Newsap.m.Input{\"path\":\"\",\"propertyPath\":\"/CONTROLLING_AREA\",\"modelName\":\"NewYardModel\"}"}]}
COMMAND: GET /session/3cebd188cade8bc69ea066f8aad5f3e7/screenshot - {}
RESULT: {"script":"<script> [1562 bytes]","args":[{"selector":{"controlType":"sap.m.Input","viewName":"etm.portal.ui.manageyards.view.New","viewId":"application-manageyards-display-component---NewYard","bindingPath":{"path":"","propertyPath":"/CONTROLLING_AREA","modelName":"NewYardModel"},"interaction":{"idSuffix":"inner"}},"wdio_ui5_key":"etmportal.ui.manageyards.view.Newsap.m.Input{\"path\":\"\",\"propertyPath\":\"/CONTROLLING_AREA\",\"modelName\":\"NewYardModel\"}"}]}
RESULT: undefined
COMMAND: POST /session/3cebd188cade8bc69ea066f8aad5f3e7/execute/async - {"script":"<script> [776 bytes]","args":[{"enterText":"Z001","selector":{"controlType":"sap.m.Input","viewName":"etm.portal.ui.manageyards.view.New","viewId":"application-manageyards-display-component---NewYard","bindingPath":{"path":"","propertyPath":"/CONTROLLING_AREA","modelName":"NewYardModel"},"interaction":{"idSuffix":"inner"}},"clearTextFirst":true,"interactionType":"ENTER_TEXT"}]}
RESULT: {}
RESULT: {"script":"<script> [776 bytes]","args":[{"enterText":"Z001","selector":{"controlType":"sap.m.Input","viewName":"etm.portal.ui.manageyards.view.New","viewId":"application-manageyards-display-component---NewYard","bindingPath":{"path":"","propertyPath":"/CONTROLLING_AREA","modelName":"NewYardModel"},"interaction":{"idSuffix":"inner"}},"clearTextFirst":true,"interactionType":"ENTER_TEXT"}]}
COMMAND: POST /session/3cebd188cade8bc69ea066f8aad5f3e7/execute/async - {"script":"<script> [1562 bytes]","args":[{"selector":{"id":"application-manageyards-display-component---NewYard--companyCodeComboBox","interaction":{"idSuffix":"inner"}},"wdio_ui5_key":"applicationmanageyards-display-component---NewYard--companyCodeComboBox"}]}
RESULT: {"script":"<script> [1562 bytes]","args":[{"selector":{"id":"application-manageyards-display-component---NewYard--companyCodeComboBox","interaction":{"idSuffix":"inner"}},"wdio_ui5_key":"applicationmanageyards-display-component---NewYard--companyCodeComboBox"}]}
RESULT: undefined
COMMAND: POST /session/3cebd188cade8bc69ea066f8aad5f3e7/execute/async - {"script":"<script> [776 bytes]","args":[{"enterText":"1000","selector":{"id":"application-manageyards-display-component---NewYard--companyCodeComboBox","interaction":{"idSuffix":"inner"}},"clearTextFirst":true,"interactionType":"ENTER_TEXT"}]}
RESULT: {"script":"<script> [776 bytes]","args":[{"enterText":"1000","selector":{"id":"application-manageyards-display-component---NewYard--companyCodeComboBox","interaction":{"idSuffix":"inner"}},"clearTextFirst":true,"interactionType":"ENTER_TEXT"}]}
COMMAND: POST /session/3cebd188cade8bc69ea066f8aad5f3e7/execute/async - {"script":"<script> [1562 bytes]","args":[{"selector":{"controlType":"sap.m.Input","viewName":"etm.portal.ui.manageyards.view.New","viewId":"application-manageyards-display-component---NewYard","bindingPath":{"path":"","propertyPath":"/PLANT","modelName":"NewYardModel"},"interaction":{"idSuffix":"inner"}},"wdio_ui5_key":"etmportal.ui.manageyards.view.Newsap.m.Input{\"path\":\"\",\"propertyPath\":\"/PLANT\",\"modelName\":\"NewYardModel\"}"}]}
RESULT: {"script":"<script> [1562 bytes]","args":[{"selector":{"controlType":"sap.m.Input","viewName":"etm.portal.ui.manageyards.view.New","viewId":"application-manageyards-display-component---NewYard","bindingPath":{"path":"","propertyPath":"/PLANT","modelName":"NewYardModel"},"interaction":{"idSuffix":"inner"}},"wdio_ui5_key":"etmportal.ui.manageyards.view.Newsap.m.Input{\"path\":\"\",\"propertyPath\":\"/PLANT\",\"modelName\":\"NewYardModel\"}"}]}
RESULT: undefined
COMMAND: POST /session/3cebd188cade8bc69ea066f8aad5f3e7/execute/async - {"script":"<script> [776 bytes]","args":[{"enterText":"1001","selector":{"controlType":"sap.m.Input","viewName":"etm.portal.ui.manageyards.view.New","viewId":"application-manageyards-display-component---NewYard","bindingPath":{"path":"","propertyPath":"/PLANT","modelName":"NewYardModel"},"interaction":{"idSuffix":"inner"}},"clearTextFirst":true,"interactionType":"ENTER_TEXT"}]}
RESULT: {"script":"<script> [776 bytes]","args":[{"enterText":"1001","selector":{"controlType":"sap.m.Input","viewName":"etm.portal.ui.manageyards.view.New","viewId":"application-manageyards-display-component---NewYard","bindingPath":{"path":"","propertyPath":"/PLANT","modelName":"NewYardModel"},"interaction":{"idSuffix":"inner"}},"clearTextFirst":true,"interactionType":"ENTER_TEXT"}]}
COMMAND: POST /session/3cebd188cade8bc69ea066f8aad5f3e7/execute/async - {"script":"<script> [1562 bytes]","args":[{"selector":{"controlType":"sap.m.Input","viewName":"etm.portal.ui.manageyards.view.New","viewId":"application-manageyards-display-component---NewYard","bindingPath":{"path":"","propertyPath":"/SALES_AREA_VKORG","modelName":"NewYardModel"},"interaction":{"idSuffix":"inner"}},"wdio_ui5_key":"etmportal.ui.manageyards.view.Newsap.m.Input{\"path\":\"\",\"propertyPath\":\"/SALES_AREA_VKORG\",\"modelName\":\"NewYardModel\"}"}]}
RESULT: {"script":"<script> [1562 bytes]","args":[{"selector":{"controlType":"sap.m.Input","viewName":"etm.portal.ui.manageyards.view.New","viewId":"application-manageyards-display-component---NewYard","bindingPath":{"path":"","propertyPath":"/SALES_AREA_VKORG","modelName":"NewYardModel"},"interaction":{"idSuffix":"inner"}},"wdio_ui5_key":"etmportal.ui.manageyards.view.Newsap.m.Input{\"path\":\"\",\"propertyPath\":\"/SALES_AREA_VKORG\",\"modelName\":\"NewYardModel\"}"}]}
RESULT: undefined
COMMAND: POST /session/3cebd188cade8bc69ea066f8aad5f3e7/execute/async - {"script":"<script> [776 bytes]","args":[{"enterText":"C002","selector":{"controlType":"sap.m.Input","viewName":"etm.portal.ui.manageyards.view.New","viewId":"application-manageyards-display-component---NewYard","bindingPath":{"path":"","propertyPath":"/SALES_AREA_VKORG","modelName":"NewYardModel"},"interaction":{"idSuffix":"inner"}},"clearTextFirst":true,"interactionType":"ENTER_TEXT"}]}
RESULT: {"script":"<script> [776 bytes]","args":[{"enterText":"C002","selector":{"controlType":"sap.m.Input","viewName":"etm.portal.ui.manageyards.view.New","viewId":"application-manageyards-display-component---NewYard","bindingPath":{"path":"","propertyPath":"/SALES_AREA_VKORG","modelName":"NewYardModel"},"interaction":{"idSuffix":"inner"}},"clearTextFirst":true,"interactionType":"ENTER_TEXT"}]}
COMMAND: POST /session/3cebd188cade8bc69ea066f8aad5f3e7/execute/async - {"script":"<script> [1562 bytes]","args":[{"selector":{"controlType":"sap.m.Input","viewName":"etm.portal.ui.manageyards.view.New","viewId":"application-manageyards-display-component---NewYard","bindingPath":{"path":"","propertyPath":"/SALES_AREA_VTWEG","modelName":"NewYardModel"},"interaction":{"idSuffix":"inner"}},"wdio_ui5_key":"etmportal.ui.manageyards.view.Newsap.m.Input{\"path\":\"\",\"propertyPath\":\"/SALES_AREA_VTWEG\",\"modelName\":\"NewYardModel\"}"}]}
RESULT: {"script":"<script> [1562 bytes]","args":[{"selector":{"controlType":"sap.m.Input","viewName":"etm.portal.ui.manageyards.view.New","viewId":"application-manageyards-display-component---NewYard","bindingPath":{"path":"","propertyPath":"/SALES_AREA_VTWEG","modelName":"NewYardModel"},"interaction":{"idSuffix":"inner"}},"wdio_ui5_key":"etmportal.ui.manageyards.view.Newsap.m.Input{\"path\":\"\",\"propertyPath\":\"/SALES_AREA_VTWEG\",\"modelName\":\"NewYardModel\"}"}]}
RESULT: undefined
COMMAND: POST /session/3cebd188cade8bc69ea066f8aad5f3e7/execute/async - {"script":"<script> [776 bytes]","args":[{"enterText":"C2","selector":{"controlType":"sap.m.Input","viewName":"etm.portal.ui.manageyards.view.New","viewId":"application-manageyards-display-component---NewYard","bindingPath":{"path":"","propertyPath":"/SALES_AREA_VTWEG","modelName":"NewYardModel"},"interaction":{"idSuffix":"inner"}},"clearTextFirst":true,"interactionType":"ENTER_TEXT"}]}
RESULT: {"script":"<script> [776 bytes]","args":[{"enterText":"C2","selector":{"controlType":"sap.m.Input","viewName":"etm.portal.ui.manageyards.view.New","viewId":"application-manageyards-display-component---NewYard","bindingPath":{"path":"","propertyPath":"/SALES_AREA_VTWEG","modelName":"NewYardModel"},"interaction":{"idSuffix":"inner"}},"clearTextFirst":true,"interactionType":"ENTER_TEXT"}]}
COMMAND: POST /session/3cebd188cade8bc69ea066f8aad5f3e7/execute/async - {"script":"<script> [1562 bytes]","args":[{"selector":{"controlType":"sap.m.Input","viewName":"etm.portal.ui.manageyards.view.New","viewId":"application-manageyards-display-component---NewYard","bindingPath":{"path":"","propertyPath":"/SALES_AREA_SPART","modelName":"NewYardModel"},"interaction":{"idSuffix":"inner"}},"wdio_ui5_key":"etmportal.ui.manageyards.view.Newsap.m.Input{\"path\":\"\",\"propertyPath\":\"/SALES_AREA_SPART\",\"modelName\":\"NewYardModel\"}"}]}
RESULT: {"script":"<script> [1562 bytes]","args":[{"selector":{"controlType":"sap.m.Input","viewName":"etm.portal.ui.manageyards.view.New","viewId":"application-manageyards-display-component---NewYard","bindingPath":{"path":"","propertyPath":"/SALES_AREA_SPART","modelName":"NewYardModel"},"interaction":{"idSuffix":"inner"}},"wdio_ui5_key":"etmportal.ui.manageyards.view.Newsap.m.Input{\"path\":\"\",\"propertyPath\":\"/SALES_AREA_SPART\",\"modelName\":\"NewYardModel\"}"}]}
RESULT: undefined
COMMAND: POST /session/3cebd188cade8bc69ea066f8aad5f3e7/execute/async - {"script":"<script> [776 bytes]","args":[{"enterText":"C2","selector":{"controlType":"sap.m.Input","viewName":"etm.portal.ui.manageyards.view.New","viewId":"application-manageyards-display-component---NewYard","bindingPath":{"path":"","propertyPath":"/SALES_AREA_SPART","modelName":"NewYardModel"},"interaction":{"idSuffix":"inner"}},"clearTextFirst":true,"interactionType":"ENTER_TEXT"}]}
RESULT: {"script":"<script> [776 bytes]","args":[{"enterText":"C2","selector":{"controlType":"sap.m.Input","viewName":"etm.portal.ui.manageyards.view.New","viewId":"application-manageyards-display-component---NewYard","bindingPath":{"path":"","propertyPath":"/SALES_AREA_SPART","modelName":"NewYardModel"},"interaction":{"idSuffix":"inner"}},"clearTextFirst":true,"interactionType":"ENTER_TEXT"}]}
COMMAND: POST /session/3cebd188cade8bc69ea066f8aad5f3e7/execute/async - {"script":"<script> [1562 bytes]","args":[{"selector":{"controlType":"sap.m.Input","viewName":"etm.portal.ui.manageyards.view.New","viewId":"application-manageyards-display-component---NewYard","bindingPath":{"path":"","propertyPath":"/SHIP_POINT","modelName":"NewYardModel"},"interaction":{"idSuffix":"inner"}},"wdio_ui5_key":"etmportal.ui.manageyards.view.Newsap.m.Input{\"path\":\"\",\"propertyPath\":\"/SHIP_POINT\",\"modelName\":\"NewYardModel\"}"}]}
RESULT: {"script":"<script> [1562 bytes]","args":[{"selector":{"controlType":"sap.m.Input","viewName":"etm.portal.ui.manageyards.view.New","viewId":"application-manageyards-display-component---NewYard","bindingPath":{"path":"","propertyPath":"/SHIP_POINT","modelName":"NewYardModel"},"interaction":{"idSuffix":"inner"}},"wdio_ui5_key":"etmportal.ui.manageyards.view.Newsap.m.Input{\"path\":\"\",\"propertyPath\":\"/SHIP_POINT\",\"modelName\":\"NewYardModel\"}"}]}
RESULT: undefined
COMMAND: POST /session/3cebd188cade8bc69ea066f8aad5f3e7/execute/async - {"script":"<script> [776 bytes]","args":[{"enterText":"1710","selector":{"controlType":"sap.m.Input","viewName":"etm.portal.ui.manageyards.view.New","viewId":"application-manageyards-display-component---NewYard","bindingPath":{"path":"","propertyPath":"/SHIP_POINT","modelName":"NewYardModel"},"interaction":{"idSuffix":"inner"}},"clearTextFirst":true,"interactionType":"ENTER_TEXT"}]}
RESULT: {"script":"<script> [776 bytes]","args":[{"enterText":"1710","selector":{"controlType":"sap.m.Input","viewName":"etm.portal.ui.manageyards.view.New","viewId":"application-manageyards-display-component---NewYard","bindingPath":{"path":"","propertyPath":"/SHIP_POINT","modelName":"NewYardModel"},"interaction":{"idSuffix":"inner"}},"clearTextFirst":true,"interactionType":"ENTER_TEXT"}]}
COMMAND: POST /session/3cebd188cade8bc69ea066f8aad5f3e7/execute/async - {"script":"<script> [1562 bytes]","args":[{"selector":{"controlType":"sap.m.Input","viewName":"etm.portal.ui.manageyards.view.New","viewId":"application-manageyards-display-component---NewYard","bindingPath":{"path":"","propertyPath":"/DELIVERY_TYPE","modelName":"NewYardModel"},"interaction":{"idSuffix":"inner"}},"wdio_ui5_key":"etmportal.ui.manageyards.view.Newsap.m.Input{\"path\":\"\",\"propertyPath\":\"/DELIVERY_TYPE\",\"modelName\":\"NewYardModel\"}"}]}
RESULT: {"script":"<script> [1562 bytes]","args":[{"selector":{"controlType":"sap.m.Input","viewName":"etm.portal.ui.manageyards.view.New","viewId":"application-manageyards-display-component---NewYard","bindingPath":{"path":"","propertyPath":"/DELIVERY_TYPE","modelName":"NewYardModel"},"interaction":{"idSuffix":"inner"}},"wdio_ui5_key":"etmportal.ui.manageyards.view.Newsap.m.Input{\"path\":\"\",\"propertyPath\":\"/DELIVERY_TYPE\",\"modelName\":\"NewYardModel\"}"}]}
RESULT: undefined
COMMAND: POST /session/3cebd188cade8bc69ea066f8aad5f3e7/execute/async - {"script":"<script> [776 bytes]","args":[{"enterText":"ZL01","selector":{"controlType":"sap.m.Input","viewName":"etm.portal.ui.manageyards.view.New","viewId":"application-manageyards-display-component---NewYard","bindingPath":{"path":"","propertyPath":"/DELIVERY_TYPE","modelName":"NewYardModel"},"interaction":{"idSuffix":"inner"}},"clearTextFirst":true,"interactionType":"ENTER_TEXT"}]}
RESULT: {"script":"<script> [776 bytes]","args":[{"enterText":"ZL01","selector":{"controlType":"sap.m.Input","viewName":"etm.portal.ui.manageyards.view.New","viewId":"application-manageyards-display-component---NewYard","bindingPath":{"path":"","propertyPath":"/DELIVERY_TYPE","modelName":"NewYardModel"},"interaction":{"idSuffix":"inner"}},"clearTextFirst":true,"interactionType":"ENTER_TEXT"}]}
COMMAND: POST /session/3cebd188cade8bc69ea066f8aad5f3e7/execute/async - {"script":"<script> [1562 bytes]","args":[{"selector":{"controlType":"sap.m.Input","viewName":"etm.portal.ui.manageyards.view.New","viewId":"application-manageyards-display-component---NewYard","bindingPath":{"path":"","propertyPath":"/AUART","modelName":"NewYardModel"},"interaction":{"idSuffix":"inner"}},"wdio_ui5_key":"etmportal.ui.manageyards.view.Newsap.m.Input{\"path\":\"\",\"propertyPath\":\"/AUART\",\"modelName\":\"NewYardModel\"}"}]}
RESULT: {"script":"<script> [1562 bytes]","args":[{"selector":{"controlType":"sap.m.Input","viewName":"etm.portal.ui.manageyards.view.New","viewId":"application-manageyards-display-component---NewYard","bindingPath":{"path":"","propertyPath":"/AUART","modelName":"NewYardModel"},"interaction":{"idSuffix":"inner"}},"wdio_ui5_key":"etmportal.ui.manageyards.view.Newsap.m.Input{\"path\":\"\",\"propertyPath\":\"/AUART\",\"modelName\":\"NewYardModel\"}"}]}
RESULT: undefined
COMMAND: POST /session/3cebd188cade8bc69ea066f8aad5f3e7/execute/async - {"script":"<script> [776 bytes]","args":[{"enterText":"TA","selector":{"controlType":"sap.m.Input","viewName":"etm.portal.ui.manageyards.view.New","viewId":"application-manageyards-display-component---NewYard","bindingPath":{"path":"","propertyPath":"/AUART","modelName":"NewYardModel"},"interaction":{"idSuffix":"inner"}},"clearTextFirst":true,"interactionType":"ENTER_TEXT"}]}
RESULT: {"script":"<script> [776 bytes]","args":[{"enterText":"TA","selector":{"controlType":"sap.m.Input","viewName":"etm.portal.ui.manageyards.view.New","viewId":"application-manageyards-display-component---NewYard","bindingPath":{"path":"","propertyPath":"/AUART","modelName":"NewYardModel"},"interaction":{"idSuffix":"inner"}},"clearTextFirst":true,"interactionType":"ENTER_TEXT"}]}
COMMAND: POST /session/3cebd188cade8bc69ea066f8aad5f3e7/element - {"using":"xpath","value":"//button[@data-kt=\"newYardSaveButton\"]"}
RESULT: {"using":"xpath","value":"//button[@data-kt=\"newYardSaveButton\"]"}
COMMAND: POST /session/3cebd188cade8bc69ea066f8aad5f3e7/element/f.D8146A0945362D622A49705032EBB55A.d.7BBE6DB08668413F1240BEBE5E8494F3.e.4184/click - {}
RESULT: {}
COMMAND: GET /session/3cebd188cade8bc69ea066f8aad5f3e7/screenshot - {}
RESULT: {}
COMMAND: POST /session/3cebd188cade8bc69ea066f8aad5f3e7/element - {"using":"xpath","value":"//header[contains(@id, 'ObjectPageLayout-headerTitle')]/div[1]/div[2]/div[1]/span[1]"}
RESULT: {"using":"xpath","value":"//header[contains(@id, 'ObjectPageLayout-headerTitle')]/div[1]/div[2]/div[1]/span[1]"}
COMMAND: POST /session/3cebd188cade8bc69ea066f8aad5f3e7/elements - {"using":"xpath","value":"//header[contains(@id, 'ObjectPageLayout-headerTitle')]/div[1]/div[2]/div[1]/span[1]"}
RESULT: {"using":"xpath","value":"//header[contains(@id, 'ObjectPageLayout-headerTitle')]/div[1]/div[2]/div[1]/span[1]"}
COMMAND: POST /session/3cebd188cade8bc69ea066f8aad5f3e7/execute/sync - {"script":"<script> [56 bytes]","args":[{"element-6066-11e4-a52e-4f735466cecf":"f.D8146A0945362D622A49705032EBB55A.d.7BBE6DB08668413F1240BEBE5E8494F3.e.4472","ELEMENT":"f.D8146A0945362D622A49705032EBB55A.d.7BBE6DB08668413F1240BEBE5E8494F3.e.4472"}]}
RESULT: {"script":"<script> [56 bytes]","args":[{"element-6066-11e4-a52e-4f735466cecf":"f.D8146A0945362D622A49705032EBB55A.d.7BBE6DB08668413F1240BEBE5E8494F3.e.4472","ELEMENT":"f.D8146A0945362D622A49705032EBB55A.d.7BBE6DB08668413F1240BEBE5E8494F3.e.4472"}]}
COMMAND: GET /session/3cebd188cade8bc69ea066f8aad5f3e7/screenshot - {}
RESULT: {}
COMMAND: POST /session/3cebd188cade8bc69ea066f8aad5f3e7/element - {"using":"css selector","value":"#shell-header-logo"}
RESULT: {"using":"css selector","value":"#shell-header-logo"}
COMMAND: POST /session/3cebd188cade8bc69ea066f8aad5f3e7/element/f.D8146A0945362D622A49705032EBB55A.d.7BBE6DB08668413F1240BEBE5E8494F3.e.3620/click - {}
RESULT: {}
COMMAND: GET /session/3cebd188cade8bc69ea066f8aad5f3e7/screenshot - {}
RESULT: {}
COMMAND: POST /session/3cebd188cade8bc69ea066f8aad5f3e7/execute/sync - {"script":"<script> [299 bytes]","args":[["getModel","getResource"]]}
RESULT: {"script":"<script> [299 bytes]","args":[["getModel","getResource"]]}
COMMAND: POST /session/3cebd188cade8bc69ea066f8aad5f3e7/window/fullscreen - {}
COMMAND: GET /session/3cebd188cade8bc69ea066f8aad5f3e7/screenshot - {}
RESULT: {}
COMMAND: POST /session/3cebd188cade8bc69ea066f8aad5f3e7/execute/async - {"script":"<script> [1562 bytes]","args":[{"selector":{"controlType":"sap.m.GenericTile","properties":{"header":"Manage Partners"}},"wdio_ui5_key":"sapm.GenericTile{\"header\":\"Manage Partners\"}"}]}
RESULT: {}
RESULT: {"script":"<script> [1562 bytes]","args":[{"selector":{"controlType":"sap.m.GenericTile","properties":{"header":"Manage Partners"}},"wdio_ui5_key":"sapm.GenericTile{\"header\":\"Manage Partners\"}"}]}
RESULT: undefined
COMMAND: POST /session/3cebd188cade8bc69ea066f8aad5f3e7/element - {"using":"xpath","value":"//*[@id=\"__tile30\"]"}
RESULT: {"using":"xpath","value":"//*[@id=\"__tile30\"]"}
COMMAND: POST /session/3cebd188cade8bc69ea066f8aad5f3e7/element/f.D8146A0945362D622A49705032EBB55A.d.7BBE6DB08668413F1240BEBE5E8494F3.e.3635/click - {}
RESULT: {}
COMMAND: GET /session/3cebd188cade8bc69ea066f8aad5f3e7/screenshot - {}
RESULT: {}
COMMAND: POST /session/3cebd188cade8bc69ea066f8aad5f3e7/elements - {"using":"xpath","value":"//span[text()='Error']"}
RESULT: {"using":"xpath","value":"//span[text()='Error']"}
COMMAND: POST /session/3cebd188cade8bc69ea066f8aad5f3e7/element - {"using":"xpath","value":"//button[@data-kt=\"addButton\"]"}
RESULT: {"using":"xpath","value":"//button[@data-kt=\"addButton\"]"}
COMMAND: POST /session/3cebd188cade8bc69ea066f8aad5f3e7/elements - {"using":"xpath","value":"//button[@data-kt=\"addButton\"]"}
RESULT: {"using":"xpath","value":"//button[@data-kt=\"addButton\"]"}
COMMAND: POST /session/3cebd188cade8bc69ea066f8aad5f3e7/execute/sync - {"script":"<script> [8489 bytes]","args":[{"element-6066-11e4-a52e-4f735466cecf":"f.D8146A0945362D622A49705032EBB55A.d.7BBE6DB08668413F1240BEBE5E8494F3.e.4521","ELEMENT":"f.D8146A0945362D622A49705032EBB55A.d.7BBE6DB08668413F1240BEBE5E8494F3.e.4521"}]}
RESULT: {"script":"<script> [8489 bytes]","args":[{"element-6066-11e4-a52e-4f735466cecf":"f.D8146A0945362D622A49705032EBB55A.d.7BBE6DB08668413F1240BEBE5E8494F3.e.4521","ELEMENT":"f.D8146A0945362D622A49705032EBB55A.d.7BBE6DB08668413F1240BEBE5E8494F3.e.4521"}]}
COMMAND: GET /session/3cebd188cade8bc69ea066f8aad5f3e7/element/f.D8146A0945362D622A49705032EBB55A.d.7BBE6DB08668413F1240BEBE5E8494F3.e.4521/enabled - {}
COMMAND: GET /session/3cebd188cade8bc69ea066f8aad5f3e7/screenshot - {}
RESULT: {}
COMMAND: POST /session/3cebd188cade8bc69ea066f8aad5f3e7/execute/sync - {"script":"<script> [8489 bytes]","args":[{"element-6066-11e4-a52e-4f735466cecf":"f.D8146A0945362D622A49705032EBB55A.d.7BBE6DB08668413F1240BEBE5E8494F3.e.4521","ELEMENT":"f.D8146A0945362D622A49705032EBB55A.d.7BBE6DB08668413F1240BEBE5E8494F3.e.4521"}]}
COMMAND: GET /session/3cebd188cade8bc69ea066f8aad5f3e7/screenshot - {}
RESULT: {}
RESULT: {"script":"<script> [8489 bytes]","args":[{"element-6066-11e4-a52e-4f735466cecf":"f.D8146A0945362D622A49705032EBB55A.d.7BBE6DB08668413F1240BEBE5E8494F3.e.4521","ELEMENT":"f.D8146A0945362D622A49705032EBB55A.d.7BBE6DB08668413F1240BEBE5E8494F3.e.4521"}]}
COMMAND: POST /session/3cebd188cade8bc69ea066f8aad5f3e7/execute/sync - {"script":"<script> [5351 bytes]","args":[{"element-6066-11e4-a52e-4f735466cecf":"f.D8146A0945362D622A49705032EBB55A.d.7BBE6DB08668413F1240BEBE5E8494F3.e.4521","ELEMENT":"f.D8146A0945362D622A49705032EBB55A.d.7BBE6DB08668413F1240BEBE5E8494F3.e.4521"}]}
COMMAND: GET /session/3cebd188cade8bc69ea066f8aad5f3e7/screenshot - {}
RESULT: {}
RESULT: {"script":"<script> [5351 bytes]","args":[{"element-6066-11e4-a52e-4f735466cecf":"f.D8146A0945362D622A49705032EBB55A.d.7BBE6DB08668413F1240BEBE5E8494F3.e.4521","ELEMENT":"f.D8146A0945362D622A49705032EBB55A.d.7BBE6DB08668413F1240BEBE5E8494F3.e.4521"}]}
COMMAND: POST /session/3cebd188cade8bc69ea066f8aad5f3e7/element/f.D8146A0945362D622A49705032EBB55A.d.7BBE6DB08668413F1240BEBE5E8494F3.e.4521/click - {}
COMMAND: GET /session/3cebd188cade8bc69ea066f8aad5f3e7/screenshot - {}
RESULT: {}
RESULT: {}
COMMAND: GET /session/3cebd188cade8bc69ea066f8aad5f3e7/screenshot - {}
COMMAND: POST /session/3cebd188cade8bc69ea066f8aad5f3e7/execute/async - {"script":"<script> [1562 bytes]","args":[{"selector":{"id":"application-managepartners-display-component---NewPartner--addressDetailDetailsName1","interaction":{"idSuffix":"inner"}},"wdio_ui5_key":"applicationmanagepartners-display-component---NewPartner--addressDetailDetailsName1"}]}
RESULT: {}
RESULT: {}
RESULT: {"script":"<script> [1562 bytes]","args":[{"selector":{"id":"application-managepartners-display-component---NewPartner--addressDetailDetailsName1","interaction":{"idSuffix":"inner"}},"wdio_ui5_key":"applicationmanagepartners-display-component---NewPartner--addressDetailDetailsName1"}]}
RESULT: undefined
COMMAND: POST /session/3cebd188cade8bc69ea066f8aad5f3e7/execute/async - {"script":"<script> [776 bytes]","args":[{"enterText":"Intercompany Partner WDIO","selector":{"id":"application-managepartners-display-component---NewPartner--addressDetailDetailsName1","interaction":{"idSuffix":"inner"}},"clearTextFirst":true,"interactionType":"ENTER_TEXT"}]}
RESULT: {"script":"<script> [776 bytes]","args":[{"enterText":"Intercompany Partner WDIO","selector":{"id":"application-managepartners-display-component---NewPartner--addressDetailDetailsName1","interaction":{"idSuffix":"inner"}},"clearTextFirst":true,"interactionType":"ENTER_TEXT"}]}
COMMAND: POST /session/3cebd188cade8bc69ea066f8aad5f3e7/execute/async - {"script":"<script> [1562 bytes]","args":[{"selector":{"id":"application-managepartners-display-component---NewPartner--addressDetailDetailsLanguage-arrow"},"wdio_ui5_key":"applicationmanagepartners-display-component---NewPartner--addressDetailDetailsLanguage-arrow"}]}
RESULT: {"script":"<script> [1562 bytes]","args":[{"selector":{"id":"application-managepartners-display-component---NewPartner--addressDetailDetailsLanguage-arrow"},"wdio_ui5_key":"applicationmanagepartners-display-component---NewPartner--addressDetailDetailsLanguage-arrow"}]}
RESULT: undefined
COMMAND: POST /session/3cebd188cade8bc69ea066f8aad5f3e7/element - {"using":"xpath","value":"//*[@id=\"application-managepartners-display-component---NewPartner--addressDetailDetailsLanguage-arrow\"]"}
RESULT: {"using":"xpath","value":"//*[@id=\"application-managepartners-display-component---NewPartner--addressDetailDetailsLanguage-arrow\"]"}
COMMAND: POST /session/3cebd188cade8bc69ea066f8aad5f3e7/element/f.D8146A0945362D622A49705032EBB55A.d.7BBE6DB08668413F1240BEBE5E8494F3.e.4954/click - {}
RESULT: {}
COMMAND: POST /session/3cebd188cade8bc69ea066f8aad5f3e7/element - {"using":"xpath","value":"//span[contains(text(), \"English\")]"}
COMMAND: GET /session/3cebd188cade8bc69ea066f8aad5f3e7/screenshot - {}
RESULT: {"using":"xpath","value":"//span[contains(text(), \"English\")]"}
COMMAND: POST /session/3cebd188cade8bc69ea066f8aad5f3e7/element/f.D8146A0945362D622A49705032EBB55A.d.7BBE6DB08668413F1240BEBE5E8494F3.e.4955/click - {}
RESULT: {}
RESULT: {}
COMMAND: GET /session/3cebd188cade8bc69ea066f8aad5f3e7/screenshot - {}
RESULT: {}
COMMAND: POST /session/3cebd188cade8bc69ea066f8aad5f3e7/execute/async - {"script":"<script> [1562 bytes]","args":[{"selector":{"id":"application-managepartners-display-component---NewPartner--addressDetailDetailsCity1","interaction":{"idSuffix":"inner"}},"wdio_ui5_key":"applicationmanagepartners-display-component---NewPartner--addressDetailDetailsCity1"}]}
RESULT: {"script":"<script> [1562 bytes]","args":[{"selector":{"id":"application-managepartners-display-component---NewPartner--addressDetailDetailsCity1","interaction":{"idSuffix":"inner"}},"wdio_ui5_key":"applicationmanagepartners-display-component---NewPartner--addressDetailDetailsCity1"}]}
RESULT: undefined
COMMAND: POST /session/3cebd188cade8bc69ea066f8aad5f3e7/execute/async - {"script":"<script> [776 bytes]","args":[{"enterText":"Rosario","selector":{"id":"application-managepartners-display-component---NewPartner--addressDetailDetailsCity1","interaction":{"idSuffix":"inner"}},"clearTextFirst":true,"interactionType":"ENTER_TEXT"}]}
RESULT: {"script":"<script> [776 bytes]","args":[{"enterText":"Rosario","selector":{"id":"application-managepartners-display-component---NewPartner--addressDetailDetailsCity1","interaction":{"idSuffix":"inner"}},"clearTextFirst":true,"interactionType":"ENTER_TEXT"}]}
COMMAND: POST /session/3cebd188cade8bc69ea066f8aad5f3e7/execute/async - {"script":"<script> [1562 bytes]","args":[{"selector":{"id":"application-managepartners-display-component---NewPartner--addressDetailDetailsCountry-arrow"},"wdio_ui5_key":"applicationmanagepartners-display-component---NewPartner--addressDetailDetailsCountry-arrow"}]}
RESULT: {"script":"<script> [1562 bytes]","args":[{"selector":{"id":"application-managepartners-display-component---NewPartner--addressDetailDetailsCountry-arrow"},"wdio_ui5_key":"applicationmanagepartners-display-component---NewPartner--addressDetailDetailsCountry-arrow"}]}
RESULT: undefined
COMMAND: POST /session/3cebd188cade8bc69ea066f8aad5f3e7/element - {"using":"xpath","value":"//*[@id=\"application-managepartners-display-component---NewPartner--addressDetailDetailsCountry-arrow\"]"}
RESULT: {"using":"xpath","value":"//*[@id=\"application-managepartners-display-component---NewPartner--addressDetailDetailsCountry-arrow\"]"}
COMMAND: POST /session/3cebd188cade8bc69ea066f8aad5f3e7/element/f.D8146A0945362D622A49705032EBB55A.d.7BBE6DB08668413F1240BEBE5E8494F3.e.4941/click - {}
RESULT: {}
COMMAND: POST /session/3cebd188cade8bc69ea066f8aad5f3e7/element - {"using":"xpath","value":"//span[contains(text(), \"Argentina\")]"}
COMMAND: GET /session/3cebd188cade8bc69ea066f8aad5f3e7/screenshot - {}
RESULT: {"using":"xpath","value":"//span[contains(text(), \"Argentina\")]"}
COMMAND: POST /session/3cebd188cade8bc69ea066f8aad5f3e7/element/f.D8146A0945362D622A49705032EBB55A.d.7BBE6DB08668413F1240BEBE5E8494F3.e.4957/click - {}
RESULT: {}
RESULT: {}
COMMAND: GET /session/3cebd188cade8bc69ea066f8aad5f3e7/screenshot - {}
RESULT: {}
COMMAND: POST /session/3cebd188cade8bc69ea066f8aad5f3e7/element - {"using":"xpath","value":"//bdi[contains(text(), \"Commercial\")]"}
RESULT: {"using":"xpath","value":"//bdi[contains(text(), \"Commercial\")]"}
COMMAND: POST /session/3cebd188cade8bc69ea066f8aad5f3e7/element/f.D8146A0945362D622A49705032EBB55A.d.7BBE6DB08668413F1240BEBE5E8494F3.e.4958/click - {}
RESULT: {}
COMMAND: GET /session/3cebd188cade8bc69ea066f8aad5f3e7/screenshot - {}
RESULT: {}
COMMAND: POST /session/3cebd188cade8bc69ea066f8aad5f3e7/execute/async - {"script":"<script> [1562 bytes]","args":[{"selector":{"id":"application-managepartners-display-component---NewPartner--partnerDetailInternal-arrow"},"wdio_ui5_key":"applicationmanagepartners-display-component---NewPartner--partnerDetailInternal-arrow"}]}
RESULT: {"script":"<script> [1562 bytes]","args":[{"selector":{"id":"application-managepartners-display-component---NewPartner--partnerDetailInternal-arrow"},"wdio_ui5_key":"applicationmanagepartners-display-component---NewPartner--partnerDetailInternal-arrow"}]}
RESULT: undefined
COMMAND: POST /session/3cebd188cade8bc69ea066f8aad5f3e7/element - {"using":"xpath","value":"//*[@id=\"application-managepartners-display-component---NewPartner--partnerDetailInternal-arrow\"]"}
RESULT: {"using":"xpath","value":"//*[@id=\"application-managepartners-display-component---NewPartner--partnerDetailInternal-arrow\"]"}
COMMAND: POST /session/3cebd188cade8bc69ea066f8aad5f3e7/element/f.D8146A0945362D622A49705032EBB55A.d.7BBE6DB08668413F1240BEBE5E8494F3.e.4964/click - {}
RESULT: {}
COMMAND: POST /session/3cebd188cade8bc69ea066f8aad5f3e7/element - {"using":"xpath","value":"//span[contains(text(), \"Affiliated company\")]"}
COMMAND: GET /session/3cebd188cade8bc69ea066f8aad5f3e7/screenshot - {}
RESULT: {"using":"xpath","value":"//span[contains(text(), \"Affiliated company\")]"}
COMMAND: POST /session/3cebd188cade8bc69ea066f8aad5f3e7/element/f.D8146A0945362D622A49705032EBB55A.d.7BBE6DB08668413F1240BEBE5E8494F3.e.4966/click - {}
RESULT: {}
RESULT: {}
COMMAND: POST /session/3cebd188cade8bc69ea066f8aad5f3e7/execute/async - {"script":"<script> [1562 bytes]","args":[{"selector":{"id":"application-managepartners-display-component---NewPartner--partnerDetailsCurrency-arrow"},"wdio_ui5_key":"applicationmanagepartners-display-component---NewPartner--partnerDetailsCurrency-arrow"}]}
COMMAND: GET /session/3cebd188cade8bc69ea066f8aad5f3e7/screenshot - {}
RESULT: {"script":"<script> [1562 bytes]","args":[{"selector":{"id":"application-managepartners-display-component---NewPartner--partnerDetailsCurrency-arrow"},"wdio_ui5_key":"applicationmanagepartners-display-component---NewPartner--partnerDetailsCurrency-arrow"}]}
RESULT: undefined
COMMAND: POST /session/3cebd188cade8bc69ea066f8aad5f3e7/element - {"using":"xpath","value":"//*[@id=\"application-managepartners-display-component---NewPartner--partnerDetailsCurrency-arrow\"]"}
RESULT: {}
RESULT: {"using":"xpath","value":"//*[@id=\"application-managepartners-display-component---NewPartner--partnerDetailsCurrency-arrow\"]"}
COMMAND: POST /session/3cebd188cade8bc69ea066f8aad5f3e7/element/f.D8146A0945362D622A49705032EBB55A.d.7BBE6DB08668413F1240BEBE5E8494F3.e.4973/click - {}
RESULT: {}
COMMAND: POST /session/3cebd188cade8bc69ea066f8aad5f3e7/element - {"using":"xpath","value":"//span[contains(text(), \"Euro\")]"}
COMMAND: GET /session/3cebd188cade8bc69ea066f8aad5f3e7/screenshot - {}
RESULT: {"using":"xpath","value":"//span[contains(text(), \"Euro\")]"}
COMMAND: POST /session/3cebd188cade8bc69ea066f8aad5f3e7/element/f.D8146A0945362D622A49705032EBB55A.d.7BBE6DB08668413F1240BEBE5E8494F3.e.4974/click - {}
RESULT: {}
RESULT: {}
COMMAND: POST /session/3cebd188cade8bc69ea066f8aad5f3e7/execute/async - {"script":"<script> [1562 bytes]","args":[{"selector":{"id":"application-managepartners-display-component---NewPartner--addressEditDetailsCostObjectCstType-arrow"},"wdio_ui5_key":"applicationmanagepartners-display-component---NewPartner--addressEditDetailsCostObjectCstType-arrow"}]}
COMMAND: GET /session/3cebd188cade8bc69ea066f8aad5f3e7/screenshot - {}
RESULT: {"script":"<script> [1562 bytes]","args":[{"selector":{"id":"application-managepartners-display-component---NewPartner--addressEditDetailsCostObjectCstType-arrow"},"wdio_ui5_key":"applicationmanagepartners-display-component---NewPartner--addressEditDetailsCostObjectCstType-arrow"}]}
RESULT: undefined
COMMAND: POST /session/3cebd188cade8bc69ea066f8aad5f3e7/element - {"using":"xpath","value":"//*[@id=\"application-managepartners-display-component---NewPartner--addressEditDetailsCostObjectCstType-arrow\"]"}
RESULT: {}
RESULT: {"using":"xpath","value":"//*[@id=\"application-managepartners-display-component---NewPartner--addressEditDetailsCostObjectCstType-arrow\"]"}
COMMAND: POST /session/3cebd188cade8bc69ea066f8aad5f3e7/element/f.D8146A0945362D622A49705032EBB55A.d.7BBE6DB08668413F1240BEBE5E8494F3.e.4975/click - {}
RESULT: {}
COMMAND: POST /session/3cebd188cade8bc69ea066f8aad5f3e7/element - {"using":"xpath","value":"//span[contains(text(), \"Cost Center\")]"}
COMMAND: GET /session/3cebd188cade8bc69ea066f8aad5f3e7/screenshot - {}
RESULT: {"using":"xpath","value":"//span[contains(text(), \"Cost Center\")]"}
COMMAND: POST /session/3cebd188cade8bc69ea066f8aad5f3e7/element/f.D8146A0945362D622A49705032EBB55A.d.7BBE6DB08668413F1240BEBE5E8494F3.e.4976/click - {}
RESULT: {}
RESULT: {}
COMMAND: GET /session/3cebd188cade8bc69ea066f8aad5f3e7/screenshot - {}
RESULT: {}
COMMAND: POST /session/3cebd188cade8bc69ea066f8aad5f3e7/element - {"using":"xpath","value":"//span[@id=\"application-managepartners-display-component---NewPartner--addressNewCostObjectCstID-vhi\"]"}
RESULT: {"using":"xpath","value":"//span[@id=\"application-managepartners-display-component---NewPartner--addressNewCostObjectCstID-vhi\"]"}
COMMAND: POST /session/3cebd188cade8bc69ea066f8aad5f3e7/execute/sync - {"script":"<script> [8489 bytes]","args":[{"element-6066-11e4-a52e-4f735466cecf":"f.D8146A0945362D622A49705032EBB55A.d.7BBE6DB08668413F1240BEBE5E8494F3.e.4980","ELEMENT":"f.D8146A0945362D622A49705032EBB55A.d.7BBE6DB08668413F1240BEBE5E8494F3.e.4980"}]}
RESULT: {"script":"<script> [8489 bytes]","args":[{"element-6066-11e4-a52e-4f735466cecf":"f.D8146A0945362D622A49705032EBB55A.d.7BBE6DB08668413F1240BEBE5E8494F3.e.4980","ELEMENT":"f.D8146A0945362D622A49705032EBB55A.d.7BBE6DB08668413F1240BEBE5E8494F3.e.4980"}]}
COMMAND: POST /session/3cebd188cade8bc69ea066f8aad5f3e7/execute/async - {"script":"<script> [1562 bytes]","args":[{"selector":{"id":"application-managepartners-display-component---NewPartner--addressNewCostObjectCstID-vhi"},"wdio_ui5_key":"applicationmanagepartners-display-component---NewPartner--addressNewCostObjectCstID-vhi"}]}
COMMAND: GET /session/3cebd188cade8bc69ea066f8aad5f3e7/screenshot - {}
RESULT: {"script":"<script> [1562 bytes]","args":[{"selector":{"id":"application-managepartners-display-component---NewPartner--addressNewCostObjectCstID-vhi"},"wdio_ui5_key":"applicationmanagepartners-display-component---NewPartner--addressNewCostObjectCstID-vhi"}]}
RESULT: undefined
COMMAND: POST /session/3cebd188cade8bc69ea066f8aad5f3e7/element - {"using":"xpath","value":"//*[@id=\"application-managepartners-display-component---NewPartner--addressNewCostObjectCstID-vhi\"]"}
RESULT: {}
RESULT: {"using":"xpath","value":"//*[@id=\"application-managepartners-display-component---NewPartner--addressNewCostObjectCstID-vhi\"]"}
COMMAND: POST /session/3cebd188cade8bc69ea066f8aad5f3e7/element/f.D8146A0945362D622A49705032EBB55A.d.7BBE6DB08668413F1240BEBE5E8494F3.e.4980/click - {}
RESULT: {}
COMMAND: GET /session/3cebd188cade8bc69ea066f8aad5f3e7/screenshot - {}
RESULT: {}
RESULT: undefined
COMMAND: POST /session/3cebd188cade8bc69ea066f8aad5f3e7/execute/async - {"script":"<script> [776 bytes]","args":[{"enterText":"10001013","selector":{"controlType":"sap.m.SearchField","properties":{"placeholder":"Search"},"searchOpenDialogs":true,"interaction":{"idSuffix":"I"}},"clearTextFirst":true,"interactionType":"ENTER_TEXT"}]}
RESULT: {"script":"<script> [776 bytes]","args":[{"enterText":"10001013","selector":{"controlType":"sap.m.SearchField","properties":{"placeholder":"Search"},"searchOpenDialogs":true,"interaction":{"idSuffix":"I"}},"clearTextFirst":true,"interactionType":"ENTER_TEXT"}]}
COMMAND: POST /session/3cebd188cade8bc69ea066f8aad5f3e7/actions - {"actions":[{"id":"action13","type":"key","parameters":{},"actions":[{"type":"keyDown","value":""},{"type":"pause","duration":10},{"type":"keyUp","value":""}]}]}
RESULT: {"actions":[{"id":"action13","type":"key","parameters":{},"actions":[{"type":"keyDown","value":""},{"type":"pause","duration":10},{"type":"keyUp","value":""}]}]}
COMMAND: GET /session/3cebd188cade8bc69ea066f8aad5f3e7/screenshot - {}
RESULT: {}
COMMAND: POST /session/3cebd188cade8bc69ea066f8aad5f3e7/element - {"using":"xpath","value":"//span[contains(text(), \"General Management\")]"}
RESULT: {"using":"xpath","value":"//span[contains(text(), \"General Management\")]"}
COMMAND: POST /session/3cebd188cade8bc69ea066f8aad5f3e7/element/f.D8146A0945362D622A49705032EBB55A.d.7BBE6DB08668413F1240BEBE5E8494F3.e.5020/click - {}
RESULT: {}
COMMAND: GET /session/3cebd188cade8bc69ea066f8aad5f3e7/screenshot - {}
RESULT: {}
COMMAND: POST /session/3cebd188cade8bc69ea066f8aad5f3e7/element - {"using":"xpath","value":"//bdi[contains(text(), \"OK\")]"}
RESULT: {"using":"xpath","value":"//bdi[contains(text(), \"OK\")]"}
COMMAND: POST /session/3cebd188cade8bc69ea066f8aad5f3e7/element/f.D8146A0945362D622A49705032EBB55A.d.7BBE6DB08668413F1240BEBE5E8494F3.e.5021/click - {}
RESULT: {}
COMMAND: GET /session/3cebd188cade8bc69ea066f8aad5f3e7/screenshot - {}
RESULT: {}
COMMAND: POST /session/3cebd188cade8bc69ea066f8aad5f3e7/element - {"using":"xpath","value":"//input[@id=\"application-managepartners-display-component---NewPartner--companyCodeComboBox-inner\"]"}
RESULT: {"using":"xpath","value":"//input[@id=\"application-managepartners-display-component---NewPartner--companyCodeComboBox-inner\"]"}
COMMAND: POST /session/3cebd188cade8bc69ea066f8aad5f3e7/element/f.D8146A0945362D622A49705032EBB55A.d.7BBE6DB08668413F1240BEBE5E8494F3.e.4820/clear - {}
RESULT: {}
COMMAND: POST /session/3cebd188cade8bc69ea066f8aad5f3e7/element/f.D8146A0945362D622A49705032EBB55A.d.7BBE6DB08668413F1240BEBE5E8494F3.e.4820/value - {"text":"C002"}
COMMAND: GET /session/3cebd188cade8bc69ea066f8aad5f3e7/screenshot - {}
RESULT: {"text":"C002"}
COMMAND: GET /session/3cebd188cade8bc69ea066f8aad5f3e7/screenshot - {}
RESULT: {}
RESULT: {}
COMMAND: POST /session/3cebd188cade8bc69ea066f8aad5f3e7/element - {"using":"xpath","value":"//li[.//span[text()= \"C002\"]]"}
RESULT: {"using":"xpath","value":"//li[.//span[text()= \"C002\"]]"}
COMMAND: POST /session/3cebd188cade8bc69ea066f8aad5f3e7/element/f.D8146A0945362D622A49705032EBB55A.d.7BBE6DB08668413F1240BEBE5E8494F3.e.5027/click - {}
RESULT: {}
COMMAND: GET /session/3cebd188cade8bc69ea066f8aad5f3e7/screenshot - {}
RESULT: {}
COMMAND: POST /session/3cebd188cade8bc69ea066f8aad5f3e7/execute/async - {"script":"<script> [1562 bytes]","args":[{"selector":{"id":"application-managepartners-display-component---NewPartner--btnAddTableRow-img"},"wdio_ui5_key":"applicationmanagepartners-display-component---NewPartner--btnAddTableRow-img"}]}
RESULT: {"script":"<script> [1562 bytes]","args":[{"selector":{"id":"application-managepartners-display-component---NewPartner--btnAddTableRow-img"},"wdio_ui5_key":"applicationmanagepartners-display-component---NewPartner--btnAddTableRow-img"}]}
RESULT: undefined
COMMAND: POST /session/3cebd188cade8bc69ea066f8aad5f3e7/element - {"using":"xpath","value":"//*[@id=\"application-managepartners-display-component---NewPartner--btnAddTableRow-img\"]"}
RESULT: {"using":"xpath","value":"//*[@id=\"application-managepartners-display-component---NewPartner--btnAddTableRow-img\"]"}
COMMAND: POST /session/3cebd188cade8bc69ea066f8aad5f3e7/element/f.D8146A0945362D622A49705032EBB55A.d.7BBE6DB08668413F1240BEBE5E8494F3.e.5028/click - {}
RESULT: {}
COMMAND: GET /session/3cebd188cade8bc69ea066f8aad5f3e7/screenshot - {}
RESULT: {}
COMMAND: POST /session/3cebd188cade8bc69ea066f8aad5f3e7/element - {"using":"xpath","value":"//input[@id=\"application-managepartners-display-component---NewPartner--assignmentYard-application-managepartners-display-component---NewPartner--assignmentsTable-0-inner\"]"}
RESULT: {"using":"xpath","value":"//input[@id=\"application-managepartners-display-component---NewPartner--assignmentYard-application-managepartners-display-component---NewPartner--assignmentsTable-0-inner\"]"}
COMMAND: POST /session/3cebd188cade8bc69ea066f8aad5f3e7/element/f.D8146A0945362D622A49705032EBB55A.d.7BBE6DB08668413F1240BEBE5E8494F3.e.5031/clear - {}
RESULT: {}
COMMAND: POST /session/3cebd188cade8bc69ea066f8aad5f3e7/element/f.D8146A0945362D622A49705032EBB55A.d.7BBE6DB08668413F1240BEBE5E8494F3.e.5031/value - {"text":"541"}
COMMAND: GET /session/3cebd188cade8bc69ea066f8aad5f3e7/screenshot - {}
RESULT: {"text":"541"}
COMMAND: GET /session/3cebd188cade8bc69ea066f8aad5f3e7/screenshot - {}
RESULT: {}
RESULT: {}
COMMAND: POST /session/3cebd188cade8bc69ea066f8aad5f3e7/element - {"using":"xpath","value":"//li[.//span[text()='541']]"}
RESULT: {"using":"xpath","value":"//li[.//span[text()='541']]"}
COMMAND: POST /session/3cebd188cade8bc69ea066f8aad5f3e7/element/f.D8146A0945362D622A49705032EBB55A.d.7BBE6DB08668413F1240BEBE5E8494F3.e.5039/click - {}
RESULT: {}
COMMAND: GET /session/3cebd188cade8bc69ea066f8aad5f3e7/screenshot - {}
RESULT: {}
COMMAND: POST /session/3cebd188cade8bc69ea066f8aad5f3e7/actions - {"actions":[{"id":"action14","type":"key","parameters":{},"actions":[{"type":"keyDown","value":""},{"type":"pause","duration":10},{"type":"keyUp","value":""}]}]}
RESULT: {"actions":[{"id":"action14","type":"key","parameters":{},"actions":[{"type":"keyDown","value":""},{"type":"pause","duration":10},{"type":"keyUp","value":""}]}]}
COMMAND: POST /session/3cebd188cade8bc69ea066f8aad5f3e7/execute/async - {"script":"<script> [1562 bytes]","args":[{"selector":{"id":"application-managepartners-display-component---NewPartner--externalCustomerComboBox-application-managepartners-display-component---NewPartner--assignmentsTable-0-vhi"},"wdio_ui5_key":"applicationmanagepartners-display-component---NewPartner--externalCustomerComboBox-application-managepartners-display-component---NewPartner--assignmentsTable-0-vhi"}]}
COMMAND: GET /session/3cebd188cade8bc69ea066f8aad5f3e7/screenshot - {}
RESULT: {"script":"<script> [1562 bytes]","args":[{"selector":{"id":"application-managepartners-display-component---NewPartner--externalCustomerComboBox-application-managepartners-display-component---NewPartner--assignmentsTable-0-vhi"},"wdio_ui5_key":"applicationmanagepartners-display-component---NewPartner--externalCustomerComboBox-application-managepartners-display-component---NewPartner--assignmentsTable-0-vhi"}]}
RESULT: undefined
COMMAND: POST /session/3cebd188cade8bc69ea066f8aad5f3e7/element - {"using":"xpath","value":"//*[@id=\"application-managepartners-display-component---NewPartner--externalCustomerComboBox-application-managepartners-display-component---NewPartner--assignmentsTable-0-vhi\"]"}
RESULT: {}
RESULT: {"using":"xpath","value":"//*[@id=\"application-managepartners-display-component---NewPartner--externalCustomerComboBox-application-managepartners-display-component---NewPartner--assignmentsTable-0-vhi\"]"}
COMMAND: POST /session/3cebd188cade8bc69ea066f8aad5f3e7/element/f.D8146A0945362D622A49705032EBB55A.d.7BBE6DB08668413F1240BEBE5E8494F3.e.5043/click - {}
RESULT: {}
RESULT: undefined
COMMAND: POST /session/3cebd188cade8bc69ea066f8aad5f3e7/execute/async - {"script":"<script> [776 bytes]","args":[{"enterText":"300003","selector":{"controlType":"sap.m.SearchField","properties":{"placeholder":"Search"},"searchOpenDialogs":true,"interaction":{"idSuffix":"I"}},"clearTextFirst":true,"interactionType":"ENTER_TEXT"}]}
COMMAND: GET /session/3cebd188cade8bc69ea066f8aad5f3e7/screenshot - {}
RESULT: {"script":"<script> [776 bytes]","args":[{"enterText":"300003","selector":{"controlType":"sap.m.SearchField","properties":{"placeholder":"Search"},"searchOpenDialogs":true,"interaction":{"idSuffix":"I"}},"clearTextFirst":true,"interactionType":"ENTER_TEXT"}]}
COMMAND: POST /session/3cebd188cade8bc69ea066f8aad5f3e7/actions - {"actions":[{"id":"action15","type":"key","parameters":{},"actions":[{"type":"keyDown","value":""},{"type":"pause","duration":10},{"type":"keyUp","value":""}]}]}
RESULT: {}
RESULT: {"actions":[{"id":"action15","type":"key","parameters":{},"actions":[{"type":"keyDown","value":""},{"type":"pause","duration":10},{"type":"keyUp","value":""}]}]}
COMMAND: GET /session/3cebd188cade8bc69ea066f8aad5f3e7/screenshot - {}
RESULT: {}
COMMAND: POST /session/3cebd188cade8bc69ea066f8aad5f3e7/element - {"using":"xpath","value":"//span[contains(text(), \"300003\")]"}
RESULT: {"using":"xpath","value":"//span[contains(text(), \"300003\")]"}
COMMAND: POST /session/3cebd188cade8bc69ea066f8aad5f3e7/element/f.D8146A0945362D622A49705032EBB55A.d.7BBE6DB08668413F1240BEBE5E8494F3.e.5061/click - {}
RESULT: {}
COMMAND: GET /session/3cebd188cade8bc69ea066f8aad5f3e7/screenshot - {}
RESULT: {}
COMMAND: POST /session/3cebd188cade8bc69ea066f8aad5f3e7/element - {"using":"xpath","value":"//bdi[contains(text(), \"OK\")]"}
RESULT: {"using":"xpath","value":"//bdi[contains(text(), \"OK\")]"}
COMMAND: POST /session/3cebd188cade8bc69ea066f8aad5f3e7/element/f.D8146A0945362D622A49705032EBB55A.d.7BBE6DB08668413F1240BEBE5E8494F3.e.5063/click - {}
RESULT: {}
COMMAND: GET /session/3cebd188cade8bc69ea066f8aad5f3e7/screenshot - {}
RESULT: {}
COMMAND: POST /session/3cebd188cade8bc69ea066f8aad5f3e7/execute/async - {"script":"<script> [1562 bytes]","args":[{"selector":{"id":"application-managepartners-display-component---NewPartner--intercompVendorComboBox-application-managepartners-display-component---NewPartner--assignmentsTable-0-vhi"},"wdio_ui5_key":"applicationmanagepartners-display-component---NewPartner--intercompVendorComboBox-application-managepartners-display-component---NewPartner--assignmentsTable-0-vhi"}]}
RESULT: {"script":"<script> [1562 bytes]","args":[{"selector":{"id":"application-managepartners-display-component---NewPartner--intercompVendorComboBox-application-managepartners-display-component---NewPartner--assignmentsTable-0-vhi"},"wdio_ui5_key":"applicationmanagepartners-display-component---NewPartner--intercompVendorComboBox-application-managepartners-display-component---NewPartner--assignmentsTable-0-vhi"}]}
RESULT: undefined
COMMAND: POST /session/3cebd188cade8bc69ea066f8aad5f3e7/element - {"using":"xpath","value":"//*[@id=\"application-managepartners-display-component---NewPartner--intercompVendorComboBox-application-managepartners-display-component---NewPartner--assignmentsTable-0-vhi\"]"}
RESULT: {"using":"xpath","value":"//*[@id=\"application-managepartners-display-component---NewPartner--intercompVendorComboBox-application-managepartners-display-component---NewPartner--assignmentsTable-0-vhi\"]"}
COMMAND: POST /session/3cebd188cade8bc69ea066f8aad5f3e7/element/f.D8146A0945362D622A49705032EBB55A.d.7BBE6DB08668413F1240BEBE5E8494F3.e.5066/click - {}
RESULT: {}
RESULT: undefined
COMMAND: POST /session/3cebd188cade8bc69ea066f8aad5f3e7/execute/async - {"script":"<script> [776 bytes]","args":[{"enterText":"100005","selector":{"controlType":"sap.m.SearchField","properties":{"placeholder":"Search"},"searchOpenDialogs":true,"interaction":{"idSuffix":"I"}},"clearTextFirst":true,"interactionType":"ENTER_TEXT"}]}
COMMAND: GET /session/3cebd188cade8bc69ea066f8aad5f3e7/screenshot - {}
RESULT: {"script":"<script> [776 bytes]","args":[{"enterText":"100005","selector":{"controlType":"sap.m.SearchField","properties":{"placeholder":"Search"},"searchOpenDialogs":true,"interaction":{"idSuffix":"I"}},"clearTextFirst":true,"interactionType":"ENTER_TEXT"}]}
COMMAND: POST /session/3cebd188cade8bc69ea066f8aad5f3e7/actions - {"actions":[{"id":"action16","type":"key","parameters":{},"actions":[{"type":"keyDown","value":""},{"type":"pause","duration":10},{"type":"keyUp","value":""}]}]}
RESULT: {}
RESULT: {"actions":[{"id":"action16","type":"key","parameters":{},"actions":[{"type":"keyDown","value":""},{"type":"pause","duration":10},{"type":"keyUp","value":""}]}]}
COMMAND: GET /session/3cebd188cade8bc69ea066f8aad5f3e7/screenshot - {}
RESULT: {}
COMMAND: POST /session/3cebd188cade8bc69ea066f8aad5f3e7/element - {"using":"xpath","value":"//span[contains(text(), \"Penguins - Field/12345 Berlin\")]"}
RESULT: {"using":"xpath","value":"//span[contains(text(), \"Penguins - Field/12345 Berlin\")]"}
COMMAND: POST /session/3cebd188cade8bc69ea066f8aad5f3e7/element/f.D8146A0945362D622A49705032EBB55A.d.7BBE6DB08668413F1240BEBE5E8494F3.e.5084/click - {}
RESULT: {}
COMMAND: GET /session/3cebd188cade8bc69ea066f8aad5f3e7/screenshot - {}
RESULT: {}
COMMAND: POST /session/3cebd188cade8bc69ea066f8aad5f3e7/element - {"using":"xpath","value":"//bdi[contains(text(), \"OK\")]"}
RESULT: {"using":"xpath","value":"//bdi[contains(text(), \"OK\")]"}
COMMAND: POST /session/3cebd188cade8bc69ea066f8aad5f3e7/element/f.D8146A0945362D622A49705032EBB55A.d.7BBE6DB08668413F1240BEBE5E8494F3.e.5085/click - {}
RESULT: {}
COMMAND: GET /session/3cebd188cade8bc69ea066f8aad5f3e7/screenshot - {}
RESULT: {}
COMMAND: POST /session/3cebd188cade8bc69ea066f8aad5f3e7/element - {"using":"xpath","value":"//button[@data-kt=\"saveButton\"]"}
RESULT: {"using":"xpath","value":"//button[@data-kt=\"saveButton\"]"}
COMMAND: POST /session/3cebd188cade8bc69ea066f8aad5f3e7/element/f.D8146A0945362D622A49705032EBB55A.d.7BBE6DB08668413F1240BEBE5E8494F3.e.4937/click - {}
RESULT: {}
COMMAND: GET /session/3cebd188cade8bc69ea066f8aad5f3e7/screenshot - {}
RESULT: {}
COMMAND: POST /session/3cebd188cade8bc69ea066f8aad5f3e7/element - {"using":"xpath","value":"//header[contains(@id, 'ObjectPageLayout-headerTitle')]/div[1]/div[2]/div[2]/span[1]"}
RESULT: {"using":"xpath","value":"//header[contains(@id, 'ObjectPageLayout-headerTitle')]/div[1]/div[2]/div[2]/span[1]"}
COMMAND: POST /session/3cebd188cade8bc69ea066f8aad5f3e7/elements - {"using":"xpath","value":"//header[contains(@id, 'ObjectPageLayout-headerTitle')]/div[1]/div[2]/div[2]/span[1]"}
RESULT: {"using":"xpath","value":"//header[contains(@id, 'ObjectPageLayout-headerTitle')]/div[1]/div[2]/div[2]/span[1]"}
COMMAND: POST /session/3cebd188cade8bc69ea066f8aad5f3e7/execute/sync - {"script":"<script> [56 bytes]","args":[{"element-6066-11e4-a52e-4f735466cecf":"f.D8146A0945362D622A49705032EBB55A.d.7BBE6DB08668413F1240BEBE5E8494F3.e.5248","ELEMENT":"f.D8146A0945362D622A49705032EBB55A.d.7BBE6DB08668413F1240BEBE5E8494F3.e.5248"}]}
RESULT: {"script":"<script> [56 bytes]","args":[{"element-6066-11e4-a52e-4f735466cecf":"f.D8146A0945362D622A49705032EBB55A.d.7BBE6DB08668413F1240BEBE5E8494F3.e.5248","ELEMENT":"f.D8146A0945362D622A49705032EBB55A.d.7BBE6DB08668413F1240BEBE5E8494F3.e.5248"}]}
COMMAND: POST /session/3cebd188cade8bc69ea066f8aad5f3e7/element - {"using":"css selector","value":"#shell-header-logo"}
COMMAND: GET /session/3cebd188cade8bc69ea066f8aad5f3e7/screenshot - {}
RESULT: {"using":"css selector","value":"#shell-header-logo"}
COMMAND: POST /session/3cebd188cade8bc69ea066f8aad5f3e7/element/f.D8146A0945362D622A49705032EBB55A.d.7BBE6DB08668413F1240BEBE5E8494F3.e.4477/click - {}
RESULT: {}
RESULT: {}
COMMAND: GET /session/3cebd188cade8bc69ea066f8aad5f3e7/screenshot - {}
RESULT: {}
COMMAND: POST /session/3cebd188cade8bc69ea066f8aad5f3e7/execute/sync - {"script":"<script> [299 bytes]","args":[["getModel","getResource"]]}
RESULT: {"script":"<script> [299 bytes]","args":[["getModel","getResource"]]}
COMMAND: POST /session/3cebd188cade8bc69ea066f8aad5f3e7/execute/async - {"script":"<script> [1562 bytes]","args":[{"selector":{"controlType":"sap.m.GenericTile","properties":{"header":"Manage Sites"}},"wdio_ui5_key":"sapm.GenericTile{\"header\":\"Manage Sites\"}"}]}
COMMAND: GET /session/3cebd188cade8bc69ea066f8aad5f3e7/screenshot - {}
RESULT: {"script":"<script> [1562 bytes]","args":[{"selector":{"controlType":"sap.m.GenericTile","properties":{"header":"Manage Sites"}},"wdio_ui5_key":"sapm.GenericTile{\"header\":\"Manage Sites\"}"}]}
RESULT: undefined
COMMAND: POST /session/3cebd188cade8bc69ea066f8aad5f3e7/element - {"using":"xpath","value":"//*[@id=\"__tile32\"]"}
RESULT: {}
RESULT: {"using":"xpath","value":"//*[@id=\"__tile32\"]"}
COMMAND: POST /session/3cebd188cade8bc69ea066f8aad5f3e7/element/f.D8146A0945362D622A49705032EBB55A.d.7BBE6DB08668413F1240BEBE5E8494F3.e.3641/click - {}
RESULT: {}
COMMAND: GET /session/3cebd188cade8bc69ea066f8aad5f3e7/screenshot - {}
RESULT: {}
COMMAND: POST /session/3cebd188cade8bc69ea066f8aad5f3e7/elements - {"using":"xpath","value":"//span[text()='Error']"}
RESULT: {"using":"xpath","value":"//span[text()='Error']"}
COMMAND: POST /session/3cebd188cade8bc69ea066f8aad5f3e7/element - {"using":"xpath","value":"//button[@data-kt=\"addOverflowToolbarButton\"]"}
RESULT: {"using":"xpath","value":"//button[@data-kt=\"addOverflowToolbarButton\"]"}
COMMAND: POST /session/3cebd188cade8bc69ea066f8aad5f3e7/elements - {"using":"xpath","value":"//button[@data-kt=\"addOverflowToolbarButton\"]"}
RESULT: {"using":"xpath","value":"//button[@data-kt=\"addOverflowToolbarButton\"]"}
COMMAND: POST /session/3cebd188cade8bc69ea066f8aad5f3e7/execute/sync - {"script":"<script> [8489 bytes]","args":[{"element-6066-11e4-a52e-4f735466cecf":"f.D8146A0945362D622A49705032EBB55A.d.7BBE6DB08668413F1240BEBE5E8494F3.e.5286","ELEMENT":"f.D8146A0945362D622A49705032EBB55A.d.7BBE6DB08668413F1240BEBE5E8494F3.e.5286"}]}
RESULT: {"script":"<script> [8489 bytes]","args":[{"element-6066-11e4-a52e-4f735466cecf":"f.D8146A0945362D622A49705032EBB55A.d.7BBE6DB08668413F1240BEBE5E8494F3.e.5286","ELEMENT":"f.D8146A0945362D622A49705032EBB55A.d.7BBE6DB08668413F1240BEBE5E8494F3.e.5286"}]}
COMMAND: GET /session/3cebd188cade8bc69ea066f8aad5f3e7/element/f.D8146A0945362D622A49705032EBB55A.d.7BBE6DB08668413F1240BEBE5E8494F3.e.5286/enabled - {}
COMMAND: GET /session/3cebd188cade8bc69ea066f8aad5f3e7/screenshot - {}
RESULT: {}
COMMAND: POST /session/3cebd188cade8bc69ea066f8aad5f3e7/execute/sync - {"script":"<script> [8489 bytes]","args":[{"element-6066-11e4-a52e-4f735466cecf":"f.D8146A0945362D622A49705032EBB55A.d.7BBE6DB08668413F1240BEBE5E8494F3.e.5286","ELEMENT":"f.D8146A0945362D622A49705032EBB55A.d.7BBE6DB08668413F1240BEBE5E8494F3.e.5286"}]}
COMMAND: GET /session/3cebd188cade8bc69ea066f8aad5f3e7/screenshot - {}
RESULT: {}
RESULT: {"script":"<script> [8489 bytes]","args":[{"element-6066-11e4-a52e-4f735466cecf":"f.D8146A0945362D622A49705032EBB55A.d.7BBE6DB08668413F1240BEBE5E8494F3.e.5286","ELEMENT":"f.D8146A0945362D622A49705032EBB55A.d.7BBE6DB08668413F1240BEBE5E8494F3.e.5286"}]}
COMMAND: POST /session/3cebd188cade8bc69ea066f8aad5f3e7/execute/sync - {"script":"<script> [5351 bytes]","args":[{"element-6066-11e4-a52e-4f735466cecf":"f.D8146A0945362D622A49705032EBB55A.d.7BBE6DB08668413F1240BEBE5E8494F3.e.5286","ELEMENT":"f.D8146A0945362D622A49705032EBB55A.d.7BBE6DB08668413F1240BEBE5E8494F3.e.5286"}]}
COMMAND: GET /session/3cebd188cade8bc69ea066f8aad5f3e7/screenshot - {}
RESULT: {}
RESULT: {"script":"<script> [5351 bytes]","args":[{"element-6066-11e4-a52e-4f735466cecf":"f.D8146A0945362D622A49705032EBB55A.d.7BBE6DB08668413F1240BEBE5E8494F3.e.5286","ELEMENT":"f.D8146A0945362D622A49705032EBB55A.d.7BBE6DB08668413F1240BEBE5E8494F3.e.5286"}]}
COMMAND: POST /session/3cebd188cade8bc69ea066f8aad5f3e7/element/f.D8146A0945362D622A49705032EBB55A.d.7BBE6DB08668413F1240BEBE5E8494F3.e.5286/click - {}
COMMAND: GET /session/3cebd188cade8bc69ea066f8aad5f3e7/screenshot - {}
RESULT: {}
RESULT: {}
COMMAND: GET /session/3cebd188cade8bc69ea066f8aad5f3e7/screenshot - {}
COMMAND: POST /session/3cebd188cade8bc69ea066f8aad5f3e7/element - {"using":"xpath","value":"//input[@id=\"application-managesites-display-component---NewSite--siteId-inner\"]"}
RESULT: {}
RESULT: {}
RESULT: {"using":"xpath","value":"//input[@id=\"application-managesites-display-component---NewSite--siteId-inner\"]"}
COMMAND: POST /session/3cebd188cade8bc69ea066f8aad5f3e7/element - {"using":"xpath","value":"//input[@id=\"application-managesites-display-component---NewSite--siteId-inner\"]"}
RESULT: {"using":"xpath","value":"//input[@id=\"application-managesites-display-component---NewSite--siteId-inner\"]"}
COMMAND: POST /session/3cebd188cade8bc69ea066f8aad5f3e7/execute/async - {"script":"<script> [1562 bytes]","args":[{"selector":{"id":"application-managesites-display-component---NewSite--addressDetailDetailsName1","interaction":{"idSuffix":"inner"}},"wdio_ui5_key":"applicationmanagesites-display-component---NewSite--addressDetailDetailsName1"}]}
RESULT: {"script":"<script> [1562 bytes]","args":[{"selector":{"id":"application-managesites-display-component---NewSite--addressDetailDetailsName1","interaction":{"idSuffix":"inner"}},"wdio_ui5_key":"applicationmanagesites-display-component---NewSite--addressDetailDetailsName1"}]}
RESULT: undefined
COMMAND: POST /session/3cebd188cade8bc69ea066f8aad5f3e7/execute/async - {"script":"<script> [776 bytes]","args":[{"enterText":"Intercompany Site wdIO","selector":{"id":"application-managesites-display-component---NewSite--addressDetailDetailsName1","interaction":{"idSuffix":"inner"}},"clearTextFirst":true,"interactionType":"ENTER_TEXT"}]}
RESULT: {"script":"<script> [776 bytes]","args":[{"enterText":"Intercompany Site wdIO","selector":{"id":"application-managesites-display-component---NewSite--addressDetailDetailsName1","interaction":{"idSuffix":"inner"}},"clearTextFirst":true,"interactionType":"ENTER_TEXT"}]}
COMMAND: POST /session/3cebd188cade8bc69ea066f8aad5f3e7/execute/async - {"script":"<script> [1562 bytes]","args":[{"selector":{"id":"application-managesites-display-component---NewSite--addressDetailDetailsLanguage-arrow"},"wdio_ui5_key":"applicationmanagesites-display-component---NewSite--addressDetailDetailsLanguage-arrow"}]}
RESULT: {"script":"<script> [1562 bytes]","args":[{"selector":{"id":"application-managesites-display-component---NewSite--addressDetailDetailsLanguage-arrow"},"wdio_ui5_key":"applicationmanagesites-display-component---NewSite--addressDetailDetailsLanguage-arrow"}]}
RESULT: undefined
COMMAND: POST /session/3cebd188cade8bc69ea066f8aad5f3e7/element - {"using":"xpath","value":"//*[@id=\"application-managesites-display-component---NewSite--addressDetailDetailsLanguage-arrow\"]"}
RESULT: {"using":"xpath","value":"//*[@id=\"application-managesites-display-component---NewSite--addressDetailDetailsLanguage-arrow\"]"}
COMMAND: POST /session/3cebd188cade8bc69ea066f8aad5f3e7/element/f.D8146A0945362D622A49705032EBB55A.d.7BBE6DB08668413F1240BEBE5E8494F3.e.5690/click - {}
RESULT: {}
COMMAND: POST /session/3cebd188cade8bc69ea066f8aad5f3e7/element - {"using":"xpath","value":"//span[contains(text(), \"English\")]"}
COMMAND: GET /session/3cebd188cade8bc69ea066f8aad5f3e7/screenshot - {}
RESULT: {"using":"xpath","value":"//span[contains(text(), \"English\")]"}
COMMAND: POST /session/3cebd188cade8bc69ea066f8aad5f3e7/element/f.D8146A0945362D622A49705032EBB55A.d.7BBE6DB08668413F1240BEBE5E8494F3.e.5691/click - {}
RESULT: {}
RESULT: {}
COMMAND: POST /session/3cebd188cade8bc69ea066f8aad5f3e7/execute/async - {"script":"<script> [1562 bytes]","args":[{"selector":{"id":"application-managesites-display-component---NewSite--addressDetailDetailsCity1","interaction":{"idSuffix":"inner"}},"wdio_ui5_key":"applicationmanagesites-display-component---NewSite--addressDetailDetailsCity1"}]}
COMMAND: GET /session/3cebd188cade8bc69ea066f8aad5f3e7/screenshot - {}
RESULT: {"script":"<script> [1562 bytes]","args":[{"selector":{"id":"application-managesites-display-component---NewSite--addressDetailDetailsCity1","interaction":{"idSuffix":"inner"}},"wdio_ui5_key":"applicationmanagesites-display-component---NewSite--addressDetailDetailsCity1"}]}
RESULT: undefined
COMMAND: POST /session/3cebd188cade8bc69ea066f8aad5f3e7/execute/async - {"script":"<script> [776 bytes]","args":[{"enterText":"Rosario","selector":{"id":"application-managesites-display-component---NewSite--addressDetailDetailsCity1","interaction":{"idSuffix":"inner"}},"clearTextFirst":true,"interactionType":"ENTER_TEXT"}]}
RESULT: {}
RESULT: {"script":"<script> [776 bytes]","args":[{"enterText":"Rosario","selector":{"id":"application-managesites-display-component---NewSite--addressDetailDetailsCity1","interaction":{"idSuffix":"inner"}},"clearTextFirst":true,"interactionType":"ENTER_TEXT"}]}
COMMAND: POST /session/3cebd188cade8bc69ea066f8aad5f3e7/execute/async - {"script":"<script> [1562 bytes]","args":[{"selector":{"id":"application-managesites-display-component---NewSite--addressDetailDetailsCountry-arrow"},"wdio_ui5_key":"applicationmanagesites-display-component---NewSite--addressDetailDetailsCountry-arrow"}]}
RESULT: {"script":"<script> [1562 bytes]","args":[{"selector":{"id":"application-managesites-display-component---NewSite--addressDetailDetailsCountry-arrow"},"wdio_ui5_key":"applicationmanagesites-display-component---NewSite--addressDetailDetailsCountry-arrow"}]}
RESULT: undefined
COMMAND: POST /session/3cebd188cade8bc69ea066f8aad5f3e7/element - {"using":"xpath","value":"//*[@id=\"application-managesites-display-component---NewSite--addressDetailDetailsCountry-arrow\"]"}
RESULT: {"using":"xpath","value":"//*[@id=\"application-managesites-display-component---NewSite--addressDetailDetailsCountry-arrow\"]"}
COMMAND: POST /session/3cebd188cade8bc69ea066f8aad5f3e7/element/f.D8146A0945362D622A49705032EBB55A.d.7BBE6DB08668413F1240BEBE5E8494F3.e.5693/click - {}
RESULT: {}
COMMAND: POST /session/3cebd188cade8bc69ea066f8aad5f3e7/element - {"using":"xpath","value":"//span[contains(text(), \"Argentina\")]"}
COMMAND: GET /session/3cebd188cade8bc69ea066f8aad5f3e7/screenshot - {}
RESULT: {"using":"xpath","value":"//span[contains(text(), \"Argentina\")]"}
COMMAND: POST /session/3cebd188cade8bc69ea066f8aad5f3e7/element/f.D8146A0945362D622A49705032EBB55A.d.7BBE6DB08668413F1240BEBE5E8494F3.e.5695/click - {}
RESULT: {}
RESULT: {}
COMMAND: GET /session/3cebd188cade8bc69ea066f8aad5f3e7/screenshot - {}
RESULT: {}
COMMAND: POST /session/3cebd188cade8bc69ea066f8aad5f3e7/execute/async - {"script":"<script> [1562 bytes]","args":[{"selector":{"id":"application-managesites-display-component---NewSite--addressEditDetailsCostObjectCstType-arrow"},"wdio_ui5_key":"applicationmanagesites-display-component---NewSite--addressEditDetailsCostObjectCstType-arrow"}]}
RESULT: {"script":"<script> [1562 bytes]","args":[{"selector":{"id":"application-managesites-display-component---NewSite--addressEditDetailsCostObjectCstType-arrow"},"wdio_ui5_key":"applicationmanagesites-display-component---NewSite--addressEditDetailsCostObjectCstType-arrow"}]}
RESULT: undefined
COMMAND: POST /session/3cebd188cade8bc69ea066f8aad5f3e7/element - {"using":"xpath","value":"//*[@id=\"application-managesites-display-component---NewSite--addressEditDetailsCostObjectCstType-arrow\"]"}
RESULT: {"using":"xpath","value":"//*[@id=\"application-managesites-display-component---NewSite--addressEditDetailsCostObjectCstType-arrow\"]"}
COMMAND: POST /session/3cebd188cade8bc69ea066f8aad5f3e7/element/f.D8146A0945362D622A49705032EBB55A.d.7BBE6DB08668413F1240BEBE5E8494F3.e.5696/click - {}
RESULT: {}
COMMAND: POST /session/3cebd188cade8bc69ea066f8aad5f3e7/element - {"using":"xpath","value":"//span[contains(text(), \"Cost Center\")]"}
COMMAND: GET /session/3cebd188cade8bc69ea066f8aad5f3e7/screenshot - {}
RESULT: {"using":"xpath","value":"//span[contains(text(), \"Cost Center\")]"}
COMMAND: POST /session/3cebd188cade8bc69ea066f8aad5f3e7/element/f.D8146A0945362D622A49705032EBB55A.d.7BBE6DB08668413F1240BEBE5E8494F3.e.5697/click - {}
RESULT: {}
RESULT: {}
COMMAND: GET /session/3cebd188cade8bc69ea066f8aad5f3e7/screenshot - {}
RESULT: {}
COMMAND: POST /session/3cebd188cade8bc69ea066f8aad5f3e7/element - {"using":"xpath","value":"//span[@id=\"application-managesites-display-component---NewSite--addressNewCostObjectCstID-vhi\"]"}
RESULT: {"using":"xpath","value":"//span[@id=\"application-managesites-display-component---NewSite--addressNewCostObjectCstID-vhi\"]"}
COMMAND: POST /session/3cebd188cade8bc69ea066f8aad5f3e7/execute/sync - {"script":"<script> [8489 bytes]","args":[{"element-6066-11e4-a52e-4f735466cecf":"f.D8146A0945362D622A49705032EBB55A.d.7BBE6DB08668413F1240BEBE5E8494F3.e.5702","ELEMENT":"f.D8146A0945362D622A49705032EBB55A.d.7BBE6DB08668413F1240BEBE5E8494F3.e.5702"}]}
RESULT: {"script":"<script> [8489 bytes]","args":[{"element-6066-11e4-a52e-4f735466cecf":"f.D8146A0945362D622A49705032EBB55A.d.7BBE6DB08668413F1240BEBE5E8494F3.e.5702","ELEMENT":"f.D8146A0945362D622A49705032EBB55A.d.7BBE6DB08668413F1240BEBE5E8494F3.e.5702"}]}
COMMAND: POST /session/3cebd188cade8bc69ea066f8aad5f3e7/execute/async - {"script":"<script> [1562 bytes]","args":[{"selector":{"id":"application-managesites-display-component---NewSite--addressNewCostObjectCstID-vhi"},"wdio_ui5_key":"applicationmanagesites-display-component---NewSite--addressNewCostObjectCstID-vhi"}]}
COMMAND: GET /session/3cebd188cade8bc69ea066f8aad5f3e7/screenshot - {}
RESULT: {"script":"<script> [1562 bytes]","args":[{"selector":{"id":"application-managesites-display-component---NewSite--addressNewCostObjectCstID-vhi"},"wdio_ui5_key":"applicationmanagesites-display-component---NewSite--addressNewCostObjectCstID-vhi"}]}
RESULT: undefined
COMMAND: POST /session/3cebd188cade8bc69ea066f8aad5f3e7/element - {"using":"xpath","value":"//*[@id=\"application-managesites-display-component---NewSite--addressNewCostObjectCstID-vhi\"]"}
RESULT: {}
RESULT: {"using":"xpath","value":"//*[@id=\"application-managesites-display-component---NewSite--addressNewCostObjectCstID-vhi\"]"}
COMMAND: POST /session/3cebd188cade8bc69ea066f8aad5f3e7/element/f.D8146A0945362D622A49705032EBB55A.d.7BBE6DB08668413F1240BEBE5E8494F3.e.5702/click - {}
RESULT: {}
COMMAND: GET /session/3cebd188cade8bc69ea066f8aad5f3e7/screenshot - {}
RESULT: {}
RESULT: undefined
COMMAND: POST /session/3cebd188cade8bc69ea066f8aad5f3e7/execute/async - {"script":"<script> [776 bytes]","args":[{"enterText":"10001013","selector":{"controlType":"sap.m.SearchField","properties":{"placeholder":"Search"},"searchOpenDialogs":true,"interaction":{"idSuffix":"I"}},"clearTextFirst":true,"interactionType":"ENTER_TEXT"}]}
RESULT: {"script":"<script> [776 bytes]","args":[{"enterText":"10001013","selector":{"controlType":"sap.m.SearchField","properties":{"placeholder":"Search"},"searchOpenDialogs":true,"interaction":{"idSuffix":"I"}},"clearTextFirst":true,"interactionType":"ENTER_TEXT"}]}
COMMAND: POST /session/3cebd188cade8bc69ea066f8aad5f3e7/actions - {"actions":[{"id":"action17","type":"key","parameters":{},"actions":[{"type":"keyDown","value":""},{"type":"pause","duration":10},{"type":"keyUp","value":""}]}]}
RESULT: {"actions":[{"id":"action17","type":"key","parameters":{},"actions":[{"type":"keyDown","value":""},{"type":"pause","duration":10},{"type":"keyUp","value":""}]}]}
COMMAND: GET /session/3cebd188cade8bc69ea066f8aad5f3e7/screenshot - {}
RESULT: {}
COMMAND: POST /session/3cebd188cade8bc69ea066f8aad5f3e7/element - {"using":"xpath","value":"//span[contains(text(), \"General Management\")]"}
RESULT: {"using":"xpath","value":"//span[contains(text(), \"General Management\")]"}
COMMAND: POST /session/3cebd188cade8bc69ea066f8aad5f3e7/element/f.D8146A0945362D622A49705032EBB55A.d.7BBE6DB08668413F1240BEBE5E8494F3.e.5741/click - {}
RESULT: {}
COMMAND: GET /session/3cebd188cade8bc69ea066f8aad5f3e7/screenshot - {}
RESULT: {}
COMMAND: POST /session/3cebd188cade8bc69ea066f8aad5f3e7/element - {"using":"xpath","value":"//bdi[contains(text(), \"OK\")]"}
RESULT: {"using":"xpath","value":"//bdi[contains(text(), \"OK\")]"}
COMMAND: POST /session/3cebd188cade8bc69ea066f8aad5f3e7/element/f.D8146A0945362D622A49705032EBB55A.d.7BBE6DB08668413F1240BEBE5E8494F3.e.5742/click - {}
RESULT: {}
COMMAND: GET /session/3cebd188cade8bc69ea066f8aad5f3e7/screenshot - {}
RESULT: {}
COMMAND: POST /session/3cebd188cade8bc69ea066f8aad5f3e7/element - {"using":"xpath","value":"//input[@id=\"application-managesites-display-component---NewSite--addressDetailDetailsCalendar-inner\"]"}
RESULT: {"using":"xpath","value":"//input[@id=\"application-managesites-display-component---NewSite--addressDetailDetailsCalendar-inner\"]"}
COMMAND: POST /session/3cebd188cade8bc69ea066f8aad5f3e7/element/f.D8146A0945362D622A49705032EBB55A.d.7BBE6DB08668413F1240BEBE5E8494F3.e.5485/clear - {}
RESULT: {}
COMMAND: POST /session/3cebd188cade8bc69ea066f8aad5f3e7/element/f.D8146A0945362D622A49705032EBB55A.d.7BBE6DB08668413F1240BEBE5E8494F3.e.5485/value - {"text":"Unit"}
COMMAND: GET /session/3cebd188cade8bc69ea066f8aad5f3e7/screenshot - {}
RESULT: {"text":"Unit"}
COMMAND: GET /session/3cebd188cade8bc69ea066f8aad5f3e7/screenshot - {}
RESULT: {}
RESULT: {}
COMMAND: POST /session/3cebd188cade8bc69ea066f8aad5f3e7/actions - {"actions":[{"id":"action18","type":"key","parameters":{},"actions":[{"type":"keyDown","value":""},{"type":"pause","duration":10},{"type":"keyUp","value":""}]}]}
RESULT: {"actions":[{"id":"action18","type":"key","parameters":{},"actions":[{"type":"keyDown","value":""},{"type":"pause","duration":10},{"type":"keyUp","value":""}]}]}
COMMAND: POST /session/3cebd188cade8bc69ea066f8aad5f3e7/element - {"using":"xpath","value":"//input[@id=\"application-managesites-display-component---NewSite--addressDetailDetailsYard-inner\"]"}
COMMAND: GET /session/3cebd188cade8bc69ea066f8aad5f3e7/screenshot - {}
RESULT: {"using":"xpath","value":"//input[@id=\"application-managesites-display-component---NewSite--addressDetailDetailsYard-inner\"]"}
COMMAND: POST /session/3cebd188cade8bc69ea066f8aad5f3e7/element/f.D8146A0945362D622A49705032EBB55A.d.7BBE6DB08668413F1240BEBE5E8494F3.e.5486/clear - {}
RESULT: {}
RESULT: {}
COMMAND: POST /session/3cebd188cade8bc69ea066f8aad5f3e7/element/f.D8146A0945362D622A49705032EBB55A.d.7BBE6DB08668413F1240BEBE5E8494F3.e.5486/value - {"text":"541"}
COMMAND: GET /session/3cebd188cade8bc69ea066f8aad5f3e7/screenshot - {}
RESULT: {"text":"541"}
COMMAND: GET /session/3cebd188cade8bc69ea066f8aad5f3e7/screenshot - {}
RESULT: {}
RESULT: {}
COMMAND: POST /session/3cebd188cade8bc69ea066f8aad5f3e7/element - {"using":"xpath","value":"//li[.//span[text()='541']]"}
RESULT: {"using":"xpath","value":"//li[.//span[text()='541']]"}
COMMAND: POST /session/3cebd188cade8bc69ea066f8aad5f3e7/element/f.D8146A0945362D622A49705032EBB55A.d.7BBE6DB08668413F1240BEBE5E8494F3.e.5750/click - {}
RESULT: {}
COMMAND: GET /session/3cebd188cade8bc69ea066f8aad5f3e7/screenshot - {}
RESULT: {}
COMMAND: POST /session/3cebd188cade8bc69ea066f8aad5f3e7/element - {"using":"xpath","value":"//input[@id=\"application-managesites-display-component---NewSite--addressDetailDetailsPartner-inner\"]"}
RESULT: {"using":"xpath","value":"//input[@id=\"application-managesites-display-component---NewSite--addressDetailDetailsPartner-inner\"]"}
COMMAND: POST /session/3cebd188cade8bc69ea066f8aad5f3e7/element - {"using":"xpath","value":"//input[@id=\"application-managesites-display-component---NewSite--addressDetailDetailsPartner-inner\"]"}
RESULT: {"using":"xpath","value":"//input[@id=\"application-managesites-display-component---NewSite--addressDetailDetailsPartner-inner\"]"}
COMMAND: POST /session/3cebd188cade8bc69ea066f8aad5f3e7/element - {"using":"xpath","value":"//button[@data-kt=\"saveButton\"]"}
RESULT: {"using":"xpath","value":"//button[@data-kt=\"saveButton\"]"}
COMMAND: POST /session/3cebd188cade8bc69ea066f8aad5f3e7/element/f.D8146A0945362D622A49705032EBB55A.d.7BBE6DB08668413F1240BEBE5E8494F3.e.5675/click - {}
RESULT: {}
COMMAND: GET /session/3cebd188cade8bc69ea066f8aad5f3e7/screenshot - {}
RESULT: {}
COMMAND: POST /session/3cebd188cade8bc69ea066f8aad5f3e7/element - {"using":"xpath","value":"//header[contains(@id, 'ObjectPageLayout-headerTitle')]/div[1]/div[2]/div[2]/span[1]"}
RESULT: {"using":"xpath","value":"//header[contains(@id, 'ObjectPageLayout-headerTitle')]/div[1]/div[2]/div[2]/span[1]"}
COMMAND: POST /session/3cebd188cade8bc69ea066f8aad5f3e7/elements - {"using":"xpath","value":"//header[contains(@id, 'ObjectPageLayout-headerTitle')]/div[1]/div[2]/div[2]/span[1]"}
RESULT: {"using":"xpath","value":"//header[contains(@id, 'ObjectPageLayout-headerTitle')]/div[1]/div[2]/div[2]/span[1]"}
COMMAND: POST /session/3cebd188cade8bc69ea066f8aad5f3e7/execute/sync - {"script":"<script> [56 bytes]","args":[{"element-6066-11e4-a52e-4f735466cecf":"f.D8146A0945362D622A49705032EBB55A.d.7BBE6DB08668413F1240BEBE5E8494F3.e.5953","ELEMENT":"f.D8146A0945362D622A49705032EBB55A.d.7BBE6DB08668413F1240BEBE5E8494F3.e.5953"}]}
RESULT: {"script":"<script> [56 bytes]","args":[{"element-6066-11e4-a52e-4f735466cecf":"f.D8146A0945362D622A49705032EBB55A.d.7BBE6DB08668413F1240BEBE5E8494F3.e.5953","ELEMENT":"f.D8146A0945362D622A49705032EBB55A.d.7BBE6DB08668413F1240BEBE5E8494F3.e.5953"}]}
COMMAND: POST /session/3cebd188cade8bc69ea066f8aad5f3e7/element - {"using":"css selector","value":"#shell-header-logo"}
COMMAND: GET /session/3cebd188cade8bc69ea066f8aad5f3e7/screenshot - {}
RESULT: {"using":"css selector","value":"#shell-header-logo"}
COMMAND: POST /session/3cebd188cade8bc69ea066f8aad5f3e7/element/f.D8146A0945362D622A49705032EBB55A.d.7BBE6DB08668413F1240BEBE5E8494F3.e.5252/click - {}
RESULT: {}
RESULT: {}
COMMAND: GET /session/3cebd188cade8bc69ea066f8aad5f3e7/screenshot - {}
RESULT: {}
COMMAND: POST /session/3cebd188cade8bc69ea066f8aad5f3e7/execute/sync - {"script":"<script> [299 bytes]","args":[["getModel","getResource"]]}
RESULT: {"script":"<script> [299 bytes]","args":[["getModel","getResource"]]}
COMMAND: POST /session/3cebd188cade8bc69ea066f8aad5f3e7/actions - {"actions":[{"id":"action19","type":"key","parameters":{},"actions":[{"type":"keyDown","value":""},{"type":"pause","duration":10},{"type":"keyUp","value":""}]}]}
COMMAND: GET /session/3cebd188cade8bc69ea066f8aad5f3e7/screenshot - {}
RESULT: {"actions":[{"id":"action19","type":"key","parameters":{},"actions":[{"type":"keyDown","value":""},{"type":"pause","duration":10},{"type":"keyUp","value":""}]}]}
COMMAND: GET /session/3cebd188cade8bc69ea066f8aad5f3e7/screenshot - {}
RESULT: {}
RESULT: {}
COMMAND: POST /session/3cebd188cade8bc69ea066f8aad5f3e7/refresh - {}
RESULT: {}
COMMAND: GET /session/3cebd188cade8bc69ea066f8aad5f3e7/screenshot - {}
RESULT: {}
COMMAND: POST /session/3cebd188cade8bc69ea066f8aad5f3e7/refresh - {}
RESULT: {}
COMMAND: GET /session/3cebd188cade8bc69ea066f8aad5f3e7/screenshot - {}
RESULT: {}
COMMAND: POST /session/3cebd188cade8bc69ea066f8aad5f3e7/window/fullscreen - {}
RESULT: {}
COMMAND: POST /session/3cebd188cade8bc69ea066f8aad5f3e7/execute/async - {"script":"<script> [189 bytes]","args":[]}
RESULT: {"script":"<script> [189 bytes]","args":[]}
COMMAND: POST /session/3cebd188cade8bc69ea066f8aad5f3e7/execute/async - {"script":"<script> [123 bytes]","args":[]}
RESULT: {"script":"<script> [123 bytes]","args":[]}
COMMAND: POST /session/3cebd188cade8bc69ea066f8aad5f3e7/timeouts - {"script":"<number>"}
RESULT: {"script":"<number>"}
COMMAND: GET /session/3cebd188cade8bc69ea066f8aad5f3e7/timeouts - {}
RESULT: {}
RESULT: undefined
COMMAND: POST /session/3cebd188cade8bc69ea066f8aad5f3e7/execute/async - {"script":"<script> [2676 bytes]","args":[]}
RESULT: {"script":"<script> [2676 bytes]","args":[]}
COMMAND: POST /session/3cebd188cade8bc69ea066f8aad5f3e7/execute/async - {"script":"<script> [2342 bytes]","args":[{"protocol":"http","hostname":"0.0.0.0","path":"/","capabilities":{"browserName":"chrome","goog:chromeOptions":{"binary":"C:\\Program Files\\Google\\Chrome\\Application\\chrome.exe","args":["--start-maximized"]}},"logLevel":"warn","connectionRetryTimeout":120000,"connectionRetryCount":3,"logLevels":{},"enableDirectConnect":true,"strictSSL":true,"_":"65 more keys: [\"cacheDir\",\"port\",\"requestedCapabilities\",\"automationProtocol\",\"baseUrl\",\"waitforInterval\",\"waitforTimeout\",\"onReload\",\"beforeCommand\",\"afterCommand\",\"rootDir\",\"specs\",\"suites\",\"exclude\",\"groupLogsByTestSpec\",\"excludeDriverLogs\",\"bail\",\"framework\",\"reporters\",\"services\",\"maxInstances\",\"maxInstancesPerCapability\",\"injectGlobals\",\"filesToWatch\",\"execArgv\",\"runnerEnv\",\"runner\",\"shard\",\"specFileRetries\",\"specFileRetriesDelay\",\"specFileRetriesDeferred\",\"reporterSyncInterval\",\"reporterSyncTimeout\",\"cucumberFeaturesWithLineNumbers\",\"autoCompileOpts\",\"mochaOpts\",\"jasmineOpts\",\"cucumberOpts\",\"onPrepare\",\"onWorkerStart\",\"onWorkerEnd\",\"before\",\"beforeSession\",\"beforeSuite\",\"beforeHook\",\"beforeTest\",\"afterTest\",\"afterHook\",\"afterSuite\",\"afterSession\",\"after\",\"onComplete\",\"beforeAssertion\",\"afterAssertion\",\"beforeFeature\",\"beforeScenario\",\"beforeStep\",\"afterStep\",\"afterScenario\",\"afterFeature\",\"_\",\"suite\",\"$0\",\"ignoredWorkerServices\",\"wdi5\"]"}]}
RESULT: {"script":"<script> [2342 bytes]","args":[{"protocol":"http","hostname":"0.0.0.0","path":"/","capabilities":{"browserName":"chrome","goog:chromeOptions":{"binary":"C:\\Program Files\\Google\\Chrome\\Application\\chrome.exe","args":["--start-maximized"]}},"logLevel":"warn","connectionRetryTimeout":120000,"connectionRetryCount":3,"logLevels":{},"enableDirectConnect":true,"strictSSL":true,"_":"65 more keys: [\"cacheDir\",\"port\",\"requestedCapabilities\",\"automationProtocol\",\"baseUrl\",\"waitforInterval\",\"waitforTimeout\",\"onReload\",\"beforeCommand\",\"afterCommand\",\"rootDir\",\"specs\",\"suites\",\"exclude\",\"groupLogsByTestSpec\",\"excludeDriverLogs\",\"bail\",\"framework\",\"reporters\",\"services\",\"maxInstances\",\"maxInstancesPerCapability\",\"injectGlobals\",\"filesToWatch\",\"execArgv\",\"runnerEnv\",\"runner\",\"shard\",\"specFileRetries\",\"specFileRetriesDelay\",\"specFileRetriesDeferred\",\"reporterSyncInterval\",\"reporterSyncTimeout\",\"cucumberFeaturesWithLineNumbers\",\"autoCompileOpts\",\"mochaOpts\",\"jasmineOpts\",\"cucumberOpts\",\"onPrepare\",\"onWorkerStart\",\"onWorkerEnd\",\"before\",\"beforeSession\",\"beforeSuite\",\"beforeHook\",\"beforeTest\",\"afterTest\",\"afterHook\",\"afterSuite\",\"afterSession\",\"after\",\"onComplete\",\"beforeAssertion\",\"afterAssertion\",\"beforeFeature\",\"beforeScenario\",\"beforeStep\",\"afterStep\",\"afterScenario\",\"afterFeature\",\"_\",\"suite\",\"$0\",\"ignoredWorkerServices\",\"wdi5\"]"}]}
COMMAND: POST /session/3cebd188cade8bc69ea066f8aad5f3e7/execute/async - {"script":"<script> [21126 bytes]","args":[35000]}
RESULT: {"script":"<script> [21126 bytes]","args":[35000]}
COMMAND: POST /session/3cebd188cade8bc69ea066f8aad5f3e7/window/fullscreen - {}
RESULT: {}
]]></system-out>
    </testcase>
    <testcase classname="chrome.136_0_7103_93.windows.Manage_States_&amp;_Performance_Tests_US151247_US151423_US151467" name="Prereq Should create an equipment add on contract stock increase and provide it" time="90.057">
      <failure/>
      <error message="Can't call setValue on element with selector &quot;//input[@id=&quot;application-manageresources-display-component---newResourceUnit--TYPE-inner&quot;]&quot; because element wasn't found"/>
      <system-out><![CDATA[
COMMAND: POST /session/3cebd188cade8bc69ea066f8aad5f3e7/execute/async - {"script":"<script> [1562 bytes]","args":[{"selector":{"controlType":"sap.m.GenericTile","properties":{"header":"Manage Resources"}},"wdio_ui5_key":"sapm.GenericTile{\"header\":\"Manage Resources\"}"}]}
RESULT: {"script":"<script> [1562 bytes]","args":[{"selector":{"controlType":"sap.m.GenericTile","properties":{"header":"Manage Resources"}},"wdio_ui5_key":"sapm.GenericTile{\"header\":\"Manage Resources\"}"}]}
RESULT: undefined
COMMAND: POST /session/3cebd188cade8bc69ea066f8aad5f3e7/element - {"using":"xpath","value":"//*[@id=\"__tile31\"]"}
RESULT: {"using":"xpath","value":"//*[@id=\"__tile31\"]"}
COMMAND: POST /session/3cebd188cade8bc69ea066f8aad5f3e7/element/f.D8146A0945362D622A49705032EBB55A.d.568D32755D0F3CB15D202CC7EF92E01A.e.6026/click - {}
RESULT: {}
COMMAND: GET /session/3cebd188cade8bc69ea066f8aad5f3e7/screenshot - {}
RESULT: {}
COMMAND: POST /session/3cebd188cade8bc69ea066f8aad5f3e7/elements - {"using":"xpath","value":"//span[text()='Error']"}
RESULT: {"using":"xpath","value":"//span[text()='Error']"}
COMMAND: POST /session/3cebd188cade8bc69ea066f8aad5f3e7/element - {"using":"xpath","value":"//button[@data-kt=\"addNewRUOverflowToolbarButton\"]"}
RESULT: {"using":"xpath","value":"//button[@data-kt=\"addNewRUOverflowToolbarButton\"]"}
COMMAND: POST /session/3cebd188cade8bc69ea066f8aad5f3e7/elements - {"using":"xpath","value":"//button[@data-kt=\"addNewRUOverflowToolbarButton\"]"}
RESULT: {"using":"xpath","value":"//button[@data-kt=\"addNewRUOverflowToolbarButton\"]"}
COMMAND: POST /session/3cebd188cade8bc69ea066f8aad5f3e7/elements - {"using":"xpath","value":"//button[@data-kt=\"addNewRUOverflowToolbarButton\"]"}
RESULT: {"using":"xpath","value":"//button[@data-kt=\"addNewRUOverflowToolbarButton\"]"}
COMMAND: POST /session/3cebd188cade8bc69ea066f8aad5f3e7/elements - {"using":"xpath","value":"//button[@data-kt=\"addNewRUOverflowToolbarButton\"]"}
RESULT: {"using":"xpath","value":"//button[@data-kt=\"addNewRUOverflowToolbarButton\"]"}
COMMAND: POST /session/3cebd188cade8bc69ea066f8aad5f3e7/elements - {"using":"xpath","value":"//button[@data-kt=\"addNewRUOverflowToolbarButton\"]"}
RESULT: {"using":"xpath","value":"//button[@data-kt=\"addNewRUOverflowToolbarButton\"]"}
COMMAND: POST /session/3cebd188cade8bc69ea066f8aad5f3e7/element - {"using":"xpath","value":"//button[@data-kt=\"addNewRUOverflowToolbarButton\"]"}
RESULT: {"using":"xpath","value":"//button[@data-kt=\"addNewRUOverflowToolbarButton\"]"}
COMMAND: POST /session/3cebd188cade8bc69ea066f8aad5f3e7/execute/sync - {"script":"<script> [8489 bytes]","args":[{"element-6066-11e4-a52e-4f735466cecf":"f.D8146A0945362D622A49705032EBB55A.d.568D32755D0F3CB15D202CC7EF92E01A.e.6129","ELEMENT":"f.D8146A0945362D622A49705032EBB55A.d.568D32755D0F3CB15D202CC7EF92E01A.e.6129"}]}
RESULT: {"script":"<script> [8489 bytes]","args":[{"element-6066-11e4-a52e-4f735466cecf":"f.D8146A0945362D622A49705032EBB55A.d.568D32755D0F3CB15D202CC7EF92E01A.e.6129","ELEMENT":"f.D8146A0945362D622A49705032EBB55A.d.568D32755D0F3CB15D202CC7EF92E01A.e.6129"}]}
COMMAND: GET /session/3cebd188cade8bc69ea066f8aad5f3e7/element/f.D8146A0945362D622A49705032EBB55A.d.568D32755D0F3CB15D202CC7EF92E01A.e.6129/enabled - {}
COMMAND: GET /session/3cebd188cade8bc69ea066f8aad5f3e7/screenshot - {}
RESULT: {}
COMMAND: POST /session/3cebd188cade8bc69ea066f8aad5f3e7/execute/sync - {"script":"<script> [8489 bytes]","args":[{"element-6066-11e4-a52e-4f735466cecf":"f.D8146A0945362D622A49705032EBB55A.d.568D32755D0F3CB15D202CC7EF92E01A.e.6129","ELEMENT":"f.D8146A0945362D622A49705032EBB55A.d.568D32755D0F3CB15D202CC7EF92E01A.e.6129"}]}
COMMAND: GET /session/3cebd188cade8bc69ea066f8aad5f3e7/screenshot - {}
RESULT: {}
RESULT: {"script":"<script> [8489 bytes]","args":[{"element-6066-11e4-a52e-4f735466cecf":"f.D8146A0945362D622A49705032EBB55A.d.568D32755D0F3CB15D202CC7EF92E01A.e.6129","ELEMENT":"f.D8146A0945362D622A49705032EBB55A.d.568D32755D0F3CB15D202CC7EF92E01A.e.6129"}]}
COMMAND: POST /session/3cebd188cade8bc69ea066f8aad5f3e7/execute/sync - {"script":"<script> [5351 bytes]","args":[{"element-6066-11e4-a52e-4f735466cecf":"f.D8146A0945362D622A49705032EBB55A.d.568D32755D0F3CB15D202CC7EF92E01A.e.6129","ELEMENT":"f.D8146A0945362D622A49705032EBB55A.d.568D32755D0F3CB15D202CC7EF92E01A.e.6129"}]}
COMMAND: GET /session/3cebd188cade8bc69ea066f8aad5f3e7/screenshot - {}
RESULT: {}
RESULT: {"script":"<script> [5351 bytes]","args":[{"element-6066-11e4-a52e-4f735466cecf":"f.D8146A0945362D622A49705032EBB55A.d.568D32755D0F3CB15D202CC7EF92E01A.e.6129","ELEMENT":"f.D8146A0945362D622A49705032EBB55A.d.568D32755D0F3CB15D202CC7EF92E01A.e.6129"}]}
COMMAND: POST /session/3cebd188cade8bc69ea066f8aad5f3e7/element/f.D8146A0945362D622A49705032EBB55A.d.568D32755D0F3CB15D202CC7EF92E01A.e.6129/click - {}
COMMAND: GET /session/3cebd188cade8bc69ea066f8aad5f3e7/screenshot - {}
RESULT: {}
RESULT: {}
COMMAND: GET /session/3cebd188cade8bc69ea066f8aad5f3e7/screenshot - {}
RESULT: undefined
RESULT: undefined
RESULT: {}
RESULT: {}
COMMAND: POST /session/3cebd188cade8bc69ea066f8aad5f3e7/execute/async - {"script":"<script> [1562 bytes]","args":[{"selector":{"id":"application-manageresources-display-component---newResourceUnit--TYPE-arrow"},"wdio_ui5_key":"applicationmanageresources-display-component---newResourceUnit--TYPE-arrow"}]}
RESULT: {"script":"<script> [1562 bytes]","args":[{"selector":{"id":"application-manageresources-display-component---newResourceUnit--TYPE-arrow"},"wdio_ui5_key":"applicationmanageresources-display-component---newResourceUnit--TYPE-arrow"}]}
RESULT: undefined
COMMAND: POST /session/3cebd188cade8bc69ea066f8aad5f3e7/element - {"using":"xpath","value":"//input[@id=\"application-manageresources-display-component---newResourceUnit--TYPE-inner\"]"}
RESULT: {"using":"xpath","value":"//input[@id=\"application-manageresources-display-component---newResourceUnit--TYPE-inner\"]"}
COMMAND: POST /session/3cebd188cade8bc69ea066f8aad5f3e7/elements - {"using":"xpath","value":"//input[@id=\"application-manageresources-display-component---newResourceUnit--TYPE-inner\"]"}
RESULT: {"using":"xpath","value":"//input[@id=\"application-manageresources-display-component---newResourceUnit--TYPE-inner\"]"}
COMMAND: POST /session/3cebd188cade8bc69ea066f8aad5f3e7/elements - {"using":"xpath","value":"//input[@id=\"application-manageresources-display-component---newResourceUnit--TYPE-inner\"]"}
RESULT: {"using":"xpath","value":"//input[@id=\"application-manageresources-display-component---newResourceUnit--TYPE-inner\"]"}
COMMAND: POST /session/3cebd188cade8bc69ea066f8aad5f3e7/elements - {"using":"xpath","value":"//input[@id=\"application-manageresources-display-component---newResourceUnit--TYPE-inner\"]"}
RESULT: {"using":"xpath","value":"//input[@id=\"application-manageresources-display-component---newResourceUnit--TYPE-inner\"]"}
COMMAND: POST /session/3cebd188cade8bc69ea066f8aad5f3e7/elements - {"using":"xpath","value":"//input[@id=\"application-manageresources-display-component---newResourceUnit--TYPE-inner\"]"}
RESULT: {"using":"xpath","value":"//input[@id=\"application-manageresources-display-component---newResourceUnit--TYPE-inner\"]"}
COMMAND: POST /session/3cebd188cade8bc69ea066f8aad5f3e7/elements - {"using":"xpath","value":"//input[@id=\"application-manageresources-display-component---newResourceUnit--TYPE-inner\"]"}
RESULT: {"using":"xpath","value":"//input[@id=\"application-manageresources-display-component---newResourceUnit--TYPE-inner\"]"}
COMMAND: POST /session/3cebd188cade8bc69ea066f8aad5f3e7/elements - {"using":"xpath","value":"//input[@id=\"application-manageresources-display-component---newResourceUnit--TYPE-inner\"]"}
RESULT: {"using":"xpath","value":"//input[@id=\"application-manageresources-display-component---newResourceUnit--TYPE-inner\"]"}
COMMAND: POST /session/3cebd188cade8bc69ea066f8aad5f3e7/elements - {"using":"xpath","value":"//input[@id=\"application-manageresources-display-component---newResourceUnit--TYPE-inner\"]"}
RESULT: {"using":"xpath","value":"//input[@id=\"application-manageresources-display-component---newResourceUnit--TYPE-inner\"]"}
COMMAND: POST /session/3cebd188cade8bc69ea066f8aad5f3e7/elements - {"using":"xpath","value":"//input[@id=\"application-manageresources-display-component---newResourceUnit--TYPE-inner\"]"}
RESULT: {"using":"xpath","value":"//input[@id=\"application-manageresources-display-component---newResourceUnit--TYPE-inner\"]"}
COMMAND: POST /session/3cebd188cade8bc69ea066f8aad5f3e7/elements - {"using":"xpath","value":"//input[@id=\"application-manageresources-display-component---newResourceUnit--TYPE-inner\"]"}
RESULT: {"using":"xpath","value":"//input[@id=\"application-manageresources-display-component---newResourceUnit--TYPE-inner\"]"}
COMMAND: POST /session/3cebd188cade8bc69ea066f8aad5f3e7/elements - {"using":"xpath","value":"//input[@id=\"application-manageresources-display-component---newResourceUnit--TYPE-inner\"]"}
RESULT: {"using":"xpath","value":"//input[@id=\"application-manageresources-display-component---newResourceUnit--TYPE-inner\"]"}
COMMAND: POST /session/3cebd188cade8bc69ea066f8aad5f3e7/elements - {"using":"xpath","value":"//input[@id=\"application-manageresources-display-component---newResourceUnit--TYPE-inner\"]"}
RESULT: {"using":"xpath","value":"//input[@id=\"application-manageresources-display-component---newResourceUnit--TYPE-inner\"]"}
COMMAND: POST /session/3cebd188cade8bc69ea066f8aad5f3e7/elements - {"using":"xpath","value":"//input[@id=\"application-manageresources-display-component---newResourceUnit--TYPE-inner\"]"}
RESULT: {"using":"xpath","value":"//input[@id=\"application-manageresources-display-component---newResourceUnit--TYPE-inner\"]"}
COMMAND: POST /session/3cebd188cade8bc69ea066f8aad5f3e7/elements - {"using":"xpath","value":"//input[@id=\"application-manageresources-display-component---newResourceUnit--TYPE-inner\"]"}
RESULT: {"using":"xpath","value":"//input[@id=\"application-manageresources-display-component---newResourceUnit--TYPE-inner\"]"}
COMMAND: POST /session/3cebd188cade8bc69ea066f8aad5f3e7/elements - {"using":"xpath","value":"//input[@id=\"application-manageresources-display-component---newResourceUnit--TYPE-inner\"]"}
RESULT: {"using":"xpath","value":"//input[@id=\"application-manageresources-display-component---newResourceUnit--TYPE-inner\"]"}
COMMAND: POST /session/3cebd188cade8bc69ea066f8aad5f3e7/elements - {"using":"xpath","value":"//input[@id=\"application-manageresources-display-component---newResourceUnit--TYPE-inner\"]"}
RESULT: {"using":"xpath","value":"//input[@id=\"application-manageresources-display-component---newResourceUnit--TYPE-inner\"]"}
COMMAND: POST /session/3cebd188cade8bc69ea066f8aad5f3e7/elements - {"using":"xpath","value":"//input[@id=\"application-manageresources-display-component---newResourceUnit--TYPE-inner\"]"}
RESULT: {"using":"xpath","value":"//input[@id=\"application-manageresources-display-component---newResourceUnit--TYPE-inner\"]"}
COMMAND: POST /session/3cebd188cade8bc69ea066f8aad5f3e7/elements - {"using":"xpath","value":"//input[@id=\"application-manageresources-display-component---newResourceUnit--TYPE-inner\"]"}
RESULT: {"using":"xpath","value":"//input[@id=\"application-manageresources-display-component---newResourceUnit--TYPE-inner\"]"}
COMMAND: POST /session/3cebd188cade8bc69ea066f8aad5f3e7/elements - {"using":"xpath","value":"//input[@id=\"application-manageresources-display-component---newResourceUnit--TYPE-inner\"]"}
RESULT: {"using":"xpath","value":"//input[@id=\"application-manageresources-display-component---newResourceUnit--TYPE-inner\"]"}
COMMAND: POST /session/3cebd188cade8bc69ea066f8aad5f3e7/elements - {"using":"xpath","value":"//input[@id=\"application-manageresources-display-component---newResourceUnit--TYPE-inner\"]"}
RESULT: {"using":"xpath","value":"//input[@id=\"application-manageresources-display-component---newResourceUnit--TYPE-inner\"]"}
COMMAND: POST /session/3cebd188cade8bc69ea066f8aad5f3e7/elements - {"using":"xpath","value":"//input[@id=\"application-manageresources-display-component---newResourceUnit--TYPE-inner\"]"}
RESULT: {"using":"xpath","value":"//input[@id=\"application-manageresources-display-component---newResourceUnit--TYPE-inner\"]"}
COMMAND: POST /session/3cebd188cade8bc69ea066f8aad5f3e7/elements - {"using":"xpath","value":"//input[@id=\"application-manageresources-display-component---newResourceUnit--TYPE-inner\"]"}
RESULT: {"using":"xpath","value":"//input[@id=\"application-manageresources-display-component---newResourceUnit--TYPE-inner\"]"}
COMMAND: POST /session/3cebd188cade8bc69ea066f8aad5f3e7/elements - {"using":"xpath","value":"//input[@id=\"application-manageresources-display-component---newResourceUnit--TYPE-inner\"]"}
RESULT: {"using":"xpath","value":"//input[@id=\"application-manageresources-display-component---newResourceUnit--TYPE-inner\"]"}
COMMAND: POST /session/3cebd188cade8bc69ea066f8aad5f3e7/elements - {"using":"xpath","value":"//input[@id=\"application-manageresources-display-component---newResourceUnit--TYPE-inner\"]"}
RESULT: {"using":"xpath","value":"//input[@id=\"application-manageresources-display-component---newResourceUnit--TYPE-inner\"]"}
COMMAND: POST /session/3cebd188cade8bc69ea066f8aad5f3e7/elements - {"using":"xpath","value":"//input[@id=\"application-manageresources-display-component---newResourceUnit--TYPE-inner\"]"}
RESULT: {"using":"xpath","value":"//input[@id=\"application-manageresources-display-component---newResourceUnit--TYPE-inner\"]"}
COMMAND: POST /session/3cebd188cade8bc69ea066f8aad5f3e7/elements - {"using":"xpath","value":"//input[@id=\"application-manageresources-display-component---newResourceUnit--TYPE-inner\"]"}
RESULT: {"using":"xpath","value":"//input[@id=\"application-manageresources-display-component---newResourceUnit--TYPE-inner\"]"}
COMMAND: POST /session/3cebd188cade8bc69ea066f8aad5f3e7/elements - {"using":"xpath","value":"//input[@id=\"application-manageresources-display-component---newResourceUnit--TYPE-inner\"]"}
RESULT: {"using":"xpath","value":"//input[@id=\"application-manageresources-display-component---newResourceUnit--TYPE-inner\"]"}
COMMAND: POST /session/3cebd188cade8bc69ea066f8aad5f3e7/elements - {"using":"xpath","value":"//input[@id=\"application-manageresources-display-component---newResourceUnit--TYPE-inner\"]"}
RESULT: {"using":"xpath","value":"//input[@id=\"application-manageresources-display-component---newResourceUnit--TYPE-inner\"]"}
COMMAND: POST /session/3cebd188cade8bc69ea066f8aad5f3e7/elements - {"using":"xpath","value":"//input[@id=\"application-manageresources-display-component---newResourceUnit--TYPE-inner\"]"}
RESULT: {"using":"xpath","value":"//input[@id=\"application-manageresources-display-component---newResourceUnit--TYPE-inner\"]"}
COMMAND: POST /session/3cebd188cade8bc69ea066f8aad5f3e7/elements - {"using":"xpath","value":"//input[@id=\"application-manageresources-display-component---newResourceUnit--TYPE-inner\"]"}
RESULT: {"using":"xpath","value":"//input[@id=\"application-manageresources-display-component---newResourceUnit--TYPE-inner\"]"}
COMMAND: POST /session/3cebd188cade8bc69ea066f8aad5f3e7/elements - {"using":"xpath","value":"//input[@id=\"application-manageresources-display-component---newResourceUnit--TYPE-inner\"]"}
RESULT: {"using":"xpath","value":"//input[@id=\"application-manageresources-display-component---newResourceUnit--TYPE-inner\"]"}
COMMAND: POST /session/3cebd188cade8bc69ea066f8aad5f3e7/elements - {"using":"xpath","value":"//input[@id=\"application-manageresources-display-component---newResourceUnit--TYPE-inner\"]"}
RESULT: {"using":"xpath","value":"//input[@id=\"application-manageresources-display-component---newResourceUnit--TYPE-inner\"]"}
COMMAND: POST /session/3cebd188cade8bc69ea066f8aad5f3e7/elements - {"using":"xpath","value":"//input[@id=\"application-manageresources-display-component---newResourceUnit--TYPE-inner\"]"}
RESULT: {"using":"xpath","value":"//input[@id=\"application-manageresources-display-component---newResourceUnit--TYPE-inner\"]"}
COMMAND: POST /session/3cebd188cade8bc69ea066f8aad5f3e7/elements - {"using":"xpath","value":"//input[@id=\"application-manageresources-display-component---newResourceUnit--TYPE-inner\"]"}
RESULT: {"using":"xpath","value":"//input[@id=\"application-manageresources-display-component---newResourceUnit--TYPE-inner\"]"}
COMMAND: POST /session/3cebd188cade8bc69ea066f8aad5f3e7/elements - {"using":"xpath","value":"//input[@id=\"application-manageresources-display-component---newResourceUnit--TYPE-inner\"]"}
RESULT: {"using":"xpath","value":"//input[@id=\"application-manageresources-display-component---newResourceUnit--TYPE-inner\"]"}
COMMAND: POST /session/3cebd188cade8bc69ea066f8aad5f3e7/elements - {"using":"xpath","value":"//input[@id=\"application-manageresources-display-component---newResourceUnit--TYPE-inner\"]"}
RESULT: {"using":"xpath","value":"//input[@id=\"application-manageresources-display-component---newResourceUnit--TYPE-inner\"]"}
COMMAND: POST /session/3cebd188cade8bc69ea066f8aad5f3e7/elements - {"using":"xpath","value":"//input[@id=\"application-manageresources-display-component---newResourceUnit--TYPE-inner\"]"}
RESULT: {"using":"xpath","value":"//input[@id=\"application-manageresources-display-component---newResourceUnit--TYPE-inner\"]"}
COMMAND: POST /session/3cebd188cade8bc69ea066f8aad5f3e7/elements - {"using":"xpath","value":"//input[@id=\"application-manageresources-display-component---newResourceUnit--TYPE-inner\"]"}
RESULT: {"using":"xpath","value":"//input[@id=\"application-manageresources-display-component---newResourceUnit--TYPE-inner\"]"}
COMMAND: POST /session/3cebd188cade8bc69ea066f8aad5f3e7/elements - {"using":"xpath","value":"//input[@id=\"application-manageresources-display-component---newResourceUnit--TYPE-inner\"]"}
RESULT: {"using":"xpath","value":"//input[@id=\"application-manageresources-display-component---newResourceUnit--TYPE-inner\"]"}
COMMAND: POST /session/3cebd188cade8bc69ea066f8aad5f3e7/elements - {"using":"xpath","value":"//input[@id=\"application-manageresources-display-component---newResourceUnit--TYPE-inner\"]"}
RESULT: {"using":"xpath","value":"//input[@id=\"application-manageresources-display-component---newResourceUnit--TYPE-inner\"]"}
COMMAND: POST /session/3cebd188cade8bc69ea066f8aad5f3e7/elements - {"using":"xpath","value":"//input[@id=\"application-manageresources-display-component---newResourceUnit--TYPE-inner\"]"}
RESULT: {"using":"xpath","value":"//input[@id=\"application-manageresources-display-component---newResourceUnit--TYPE-inner\"]"}
COMMAND: POST /session/3cebd188cade8bc69ea066f8aad5f3e7/elements - {"using":"xpath","value":"//input[@id=\"application-manageresources-display-component---newResourceUnit--TYPE-inner\"]"}
RESULT: {"using":"xpath","value":"//input[@id=\"application-manageresources-display-component---newResourceUnit--TYPE-inner\"]"}
COMMAND: POST /session/3cebd188cade8bc69ea066f8aad5f3e7/elements - {"using":"xpath","value":"//input[@id=\"application-manageresources-display-component---newResourceUnit--TYPE-inner\"]"}
RESULT: {"using":"xpath","value":"//input[@id=\"application-manageresources-display-component---newResourceUnit--TYPE-inner\"]"}
COMMAND: POST /session/3cebd188cade8bc69ea066f8aad5f3e7/elements - {"using":"xpath","value":"//input[@id=\"application-manageresources-display-component---newResourceUnit--TYPE-inner\"]"}
RESULT: {"using":"xpath","value":"//input[@id=\"application-manageresources-display-component---newResourceUnit--TYPE-inner\"]"}
COMMAND: POST /session/3cebd188cade8bc69ea066f8aad5f3e7/elements - {"using":"xpath","value":"//input[@id=\"application-manageresources-display-component---newResourceUnit--TYPE-inner\"]"}
RESULT: {"using":"xpath","value":"//input[@id=\"application-manageresources-display-component---newResourceUnit--TYPE-inner\"]"}
COMMAND: POST /session/3cebd188cade8bc69ea066f8aad5f3e7/elements - {"using":"xpath","value":"//input[@id=\"application-manageresources-display-component---newResourceUnit--TYPE-inner\"]"}
RESULT: {"using":"xpath","value":"//input[@id=\"application-manageresources-display-component---newResourceUnit--TYPE-inner\"]"}
COMMAND: POST /session/3cebd188cade8bc69ea066f8aad5f3e7/elements - {"using":"xpath","value":"//input[@id=\"application-manageresources-display-component---newResourceUnit--TYPE-inner\"]"}
RESULT: {"using":"xpath","value":"//input[@id=\"application-manageresources-display-component---newResourceUnit--TYPE-inner\"]"}
COMMAND: POST /session/3cebd188cade8bc69ea066f8aad5f3e7/elements - {"using":"xpath","value":"//input[@id=\"application-manageresources-display-component---newResourceUnit--TYPE-inner\"]"}
RESULT: {"using":"xpath","value":"//input[@id=\"application-manageresources-display-component---newResourceUnit--TYPE-inner\"]"}
COMMAND: POST /session/3cebd188cade8bc69ea066f8aad5f3e7/elements - {"using":"xpath","value":"//input[@id=\"application-manageresources-display-component---newResourceUnit--TYPE-inner\"]"}
RESULT: {"using":"xpath","value":"//input[@id=\"application-manageresources-display-component---newResourceUnit--TYPE-inner\"]"}
COMMAND: POST /session/3cebd188cade8bc69ea066f8aad5f3e7/elements - {"using":"xpath","value":"//input[@id=\"application-manageresources-display-component---newResourceUnit--TYPE-inner\"]"}
RESULT: {"using":"xpath","value":"//input[@id=\"application-manageresources-display-component---newResourceUnit--TYPE-inner\"]"}
COMMAND: POST /session/3cebd188cade8bc69ea066f8aad5f3e7/elements - {"using":"xpath","value":"//input[@id=\"application-manageresources-display-component---newResourceUnit--TYPE-inner\"]"}
RESULT: {"using":"xpath","value":"//input[@id=\"application-manageresources-display-component---newResourceUnit--TYPE-inner\"]"}
COMMAND: POST /session/3cebd188cade8bc69ea066f8aad5f3e7/elements - {"using":"xpath","value":"//input[@id=\"application-manageresources-display-component---newResourceUnit--TYPE-inner\"]"}
RESULT: {"using":"xpath","value":"//input[@id=\"application-manageresources-display-component---newResourceUnit--TYPE-inner\"]"}
COMMAND: POST /session/3cebd188cade8bc69ea066f8aad5f3e7/elements - {"using":"xpath","value":"//input[@id=\"application-manageresources-display-component---newResourceUnit--TYPE-inner\"]"}
RESULT: {"using":"xpath","value":"//input[@id=\"application-manageresources-display-component---newResourceUnit--TYPE-inner\"]"}
COMMAND: POST /session/3cebd188cade8bc69ea066f8aad5f3e7/elements - {"using":"xpath","value":"//input[@id=\"application-manageresources-display-component---newResourceUnit--TYPE-inner\"]"}
RESULT: {"using":"xpath","value":"//input[@id=\"application-manageresources-display-component---newResourceUnit--TYPE-inner\"]"}
COMMAND: POST /session/3cebd188cade8bc69ea066f8aad5f3e7/elements - {"using":"xpath","value":"//input[@id=\"application-manageresources-display-component---newResourceUnit--TYPE-inner\"]"}
RESULT: {"using":"xpath","value":"//input[@id=\"application-manageresources-display-component---newResourceUnit--TYPE-inner\"]"}
COMMAND: POST /session/3cebd188cade8bc69ea066f8aad5f3e7/elements - {"using":"xpath","value":"//input[@id=\"application-manageresources-display-component---newResourceUnit--TYPE-inner\"]"}
RESULT: {"using":"xpath","value":"//input[@id=\"application-manageresources-display-component---newResourceUnit--TYPE-inner\"]"}
COMMAND: POST /session/3cebd188cade8bc69ea066f8aad5f3e7/elements - {"using":"xpath","value":"//input[@id=\"application-manageresources-display-component---newResourceUnit--TYPE-inner\"]"}
RESULT: {"using":"xpath","value":"//input[@id=\"application-manageresources-display-component---newResourceUnit--TYPE-inner\"]"}
COMMAND: POST /session/3cebd188cade8bc69ea066f8aad5f3e7/elements - {"using":"xpath","value":"//input[@id=\"application-manageresources-display-component---newResourceUnit--TYPE-inner\"]"}
RESULT: {"using":"xpath","value":"//input[@id=\"application-manageresources-display-component---newResourceUnit--TYPE-inner\"]"}
COMMAND: POST /session/3cebd188cade8bc69ea066f8aad5f3e7/elements - {"using":"xpath","value":"//input[@id=\"application-manageresources-display-component---newResourceUnit--TYPE-inner\"]"}
RESULT: {"using":"xpath","value":"//input[@id=\"application-manageresources-display-component---newResourceUnit--TYPE-inner\"]"}
COMMAND: POST /session/3cebd188cade8bc69ea066f8aad5f3e7/elements - {"using":"xpath","value":"//input[@id=\"application-manageresources-display-component---newResourceUnit--TYPE-inner\"]"}
RESULT: {"using":"xpath","value":"//input[@id=\"application-manageresources-display-component---newResourceUnit--TYPE-inner\"]"}
COMMAND: POST /session/3cebd188cade8bc69ea066f8aad5f3e7/elements - {"using":"xpath","value":"//input[@id=\"application-manageresources-display-component---newResourceUnit--TYPE-inner\"]"}
RESULT: {"using":"xpath","value":"//input[@id=\"application-manageresources-display-component---newResourceUnit--TYPE-inner\"]"}
COMMAND: POST /session/3cebd188cade8bc69ea066f8aad5f3e7/elements - {"using":"xpath","value":"//input[@id=\"application-manageresources-display-component---newResourceUnit--TYPE-inner\"]"}
RESULT: {"using":"xpath","value":"//input[@id=\"application-manageresources-display-component---newResourceUnit--TYPE-inner\"]"}
COMMAND: POST /session/3cebd188cade8bc69ea066f8aad5f3e7/elements - {"using":"xpath","value":"//input[@id=\"application-manageresources-display-component---newResourceUnit--TYPE-inner\"]"}
RESULT: {"using":"xpath","value":"//input[@id=\"application-manageresources-display-component---newResourceUnit--TYPE-inner\"]"}
COMMAND: POST /session/3cebd188cade8bc69ea066f8aad5f3e7/elements - {"using":"xpath","value":"//input[@id=\"application-manageresources-display-component---newResourceUnit--TYPE-inner\"]"}
RESULT: {"using":"xpath","value":"//input[@id=\"application-manageresources-display-component---newResourceUnit--TYPE-inner\"]"}
COMMAND: POST /session/3cebd188cade8bc69ea066f8aad5f3e7/elements - {"using":"xpath","value":"//input[@id=\"application-manageresources-display-component---newResourceUnit--TYPE-inner\"]"}
RESULT: {"using":"xpath","value":"//input[@id=\"application-manageresources-display-component---newResourceUnit--TYPE-inner\"]"}
COMMAND: POST /session/3cebd188cade8bc69ea066f8aad5f3e7/elements - {"using":"xpath","value":"//input[@id=\"application-manageresources-display-component---newResourceUnit--TYPE-inner\"]"}
RESULT: {"using":"xpath","value":"//input[@id=\"application-manageresources-display-component---newResourceUnit--TYPE-inner\"]"}
COMMAND: POST /session/3cebd188cade8bc69ea066f8aad5f3e7/elements - {"using":"xpath","value":"//input[@id=\"application-manageresources-display-component---newResourceUnit--TYPE-inner\"]"}
RESULT: {"using":"xpath","value":"//input[@id=\"application-manageresources-display-component---newResourceUnit--TYPE-inner\"]"}
COMMAND: POST /session/3cebd188cade8bc69ea066f8aad5f3e7/elements - {"using":"xpath","value":"//input[@id=\"application-manageresources-display-component---newResourceUnit--TYPE-inner\"]"}
RESULT: {"using":"xpath","value":"//input[@id=\"application-manageresources-display-component---newResourceUnit--TYPE-inner\"]"}
COMMAND: POST /session/3cebd188cade8bc69ea066f8aad5f3e7/elements - {"using":"xpath","value":"//input[@id=\"application-manageresources-display-component---newResourceUnit--TYPE-inner\"]"}
RESULT: {"using":"xpath","value":"//input[@id=\"application-manageresources-display-component---newResourceUnit--TYPE-inner\"]"}
COMMAND: POST /session/3cebd188cade8bc69ea066f8aad5f3e7/elements - {"using":"xpath","value":"//input[@id=\"application-manageresources-display-component---newResourceUnit--TYPE-inner\"]"}
RESULT: {"using":"xpath","value":"//input[@id=\"application-manageresources-display-component---newResourceUnit--TYPE-inner\"]"}
COMMAND: POST /session/3cebd188cade8bc69ea066f8aad5f3e7/elements - {"using":"xpath","value":"//input[@id=\"application-manageresources-display-component---newResourceUnit--TYPE-inner\"]"}
RESULT: {"using":"xpath","value":"//input[@id=\"application-manageresources-display-component---newResourceUnit--TYPE-inner\"]"}
COMMAND: POST /session/3cebd188cade8bc69ea066f8aad5f3e7/elements - {"using":"xpath","value":"//input[@id=\"application-manageresources-display-component---newResourceUnit--TYPE-inner\"]"}
RESULT: {"using":"xpath","value":"//input[@id=\"application-manageresources-display-component---newResourceUnit--TYPE-inner\"]"}
COMMAND: POST /session/3cebd188cade8bc69ea066f8aad5f3e7/elements - {"using":"xpath","value":"//input[@id=\"application-manageresources-display-component---newResourceUnit--TYPE-inner\"]"}
RESULT: {"using":"xpath","value":"//input[@id=\"application-manageresources-display-component---newResourceUnit--TYPE-inner\"]"}
COMMAND: POST /session/3cebd188cade8bc69ea066f8aad5f3e7/elements - {"using":"xpath","value":"//input[@id=\"application-manageresources-display-component---newResourceUnit--TYPE-inner\"]"}
RESULT: {"using":"xpath","value":"//input[@id=\"application-manageresources-display-component---newResourceUnit--TYPE-inner\"]"}
COMMAND: POST /session/3cebd188cade8bc69ea066f8aad5f3e7/elements - {"using":"xpath","value":"//input[@id=\"application-manageresources-display-component---newResourceUnit--TYPE-inner\"]"}
RESULT: {"using":"xpath","value":"//input[@id=\"application-manageresources-display-component---newResourceUnit--TYPE-inner\"]"}
COMMAND: POST /session/3cebd188cade8bc69ea066f8aad5f3e7/elements - {"using":"xpath","value":"//input[@id=\"application-manageresources-display-component---newResourceUnit--TYPE-inner\"]"}
RESULT: {"using":"xpath","value":"//input[@id=\"application-manageresources-display-component---newResourceUnit--TYPE-inner\"]"}
COMMAND: POST /session/3cebd188cade8bc69ea066f8aad5f3e7/elements - {"using":"xpath","value":"//input[@id=\"application-manageresources-display-component---newResourceUnit--TYPE-inner\"]"}
RESULT: {"using":"xpath","value":"//input[@id=\"application-manageresources-display-component---newResourceUnit--TYPE-inner\"]"}
COMMAND: POST /session/3cebd188cade8bc69ea066f8aad5f3e7/elements - {"using":"xpath","value":"//input[@id=\"application-manageresources-display-component---newResourceUnit--TYPE-inner\"]"}
RESULT: {"using":"xpath","value":"//input[@id=\"application-manageresources-display-component---newResourceUnit--TYPE-inner\"]"}
COMMAND: POST /session/3cebd188cade8bc69ea066f8aad5f3e7/elements - {"using":"xpath","value":"//input[@id=\"application-manageresources-display-component---newResourceUnit--TYPE-inner\"]"}
RESULT: {"using":"xpath","value":"//input[@id=\"application-manageresources-display-component---newResourceUnit--TYPE-inner\"]"}
COMMAND: POST /session/3cebd188cade8bc69ea066f8aad5f3e7/elements - {"using":"xpath","value":"//input[@id=\"application-manageresources-display-component---newResourceUnit--TYPE-inner\"]"}
RESULT: {"using":"xpath","value":"//input[@id=\"application-manageresources-display-component---newResourceUnit--TYPE-inner\"]"}
COMMAND: POST /session/3cebd188cade8bc69ea066f8aad5f3e7/elements - {"using":"xpath","value":"//input[@id=\"application-manageresources-display-component---newResourceUnit--TYPE-inner\"]"}
RESULT: {"using":"xpath","value":"//input[@id=\"application-manageresources-display-component---newResourceUnit--TYPE-inner\"]"}
COMMAND: POST /session/3cebd188cade8bc69ea066f8aad5f3e7/elements - {"using":"xpath","value":"//input[@id=\"application-manageresources-display-component---newResourceUnit--TYPE-inner\"]"}
RESULT: {"using":"xpath","value":"//input[@id=\"application-manageresources-display-component---newResourceUnit--TYPE-inner\"]"}
COMMAND: POST /session/3cebd188cade8bc69ea066f8aad5f3e7/elements - {"using":"xpath","value":"//input[@id=\"application-manageresources-display-component---newResourceUnit--TYPE-inner\"]"}
RESULT: {"using":"xpath","value":"//input[@id=\"application-manageresources-display-component---newResourceUnit--TYPE-inner\"]"}
COMMAND: POST /session/3cebd188cade8bc69ea066f8aad5f3e7/elements - {"using":"xpath","value":"//input[@id=\"application-manageresources-display-component---newResourceUnit--TYPE-inner\"]"}
RESULT: {"using":"xpath","value":"//input[@id=\"application-manageresources-display-component---newResourceUnit--TYPE-inner\"]"}
COMMAND: POST /session/3cebd188cade8bc69ea066f8aad5f3e7/elements - {"using":"xpath","value":"//input[@id=\"application-manageresources-display-component---newResourceUnit--TYPE-inner\"]"}
RESULT: {"using":"xpath","value":"//input[@id=\"application-manageresources-display-component---newResourceUnit--TYPE-inner\"]"}
COMMAND: POST /session/3cebd188cade8bc69ea066f8aad5f3e7/elements - {"using":"xpath","value":"//input[@id=\"application-manageresources-display-component---newResourceUnit--TYPE-inner\"]"}
RESULT: {"using":"xpath","value":"//input[@id=\"application-manageresources-display-component---newResourceUnit--TYPE-inner\"]"}
COMMAND: POST /session/3cebd188cade8bc69ea066f8aad5f3e7/elements - {"using":"xpath","value":"//input[@id=\"application-manageresources-display-component---newResourceUnit--TYPE-inner\"]"}
RESULT: {"using":"xpath","value":"//input[@id=\"application-manageresources-display-component---newResourceUnit--TYPE-inner\"]"}
COMMAND: POST /session/3cebd188cade8bc69ea066f8aad5f3e7/elements - {"using":"xpath","value":"//input[@id=\"application-manageresources-display-component---newResourceUnit--TYPE-inner\"]"}
RESULT: {"using":"xpath","value":"//input[@id=\"application-manageresources-display-component---newResourceUnit--TYPE-inner\"]"}
COMMAND: POST /session/3cebd188cade8bc69ea066f8aad5f3e7/elements - {"using":"xpath","value":"//input[@id=\"application-manageresources-display-component---newResourceUnit--TYPE-inner\"]"}
RESULT: {"using":"xpath","value":"//input[@id=\"application-manageresources-display-component---newResourceUnit--TYPE-inner\"]"}
COMMAND: POST /session/3cebd188cade8bc69ea066f8aad5f3e7/elements - {"using":"xpath","value":"//input[@id=\"application-manageresources-display-component---newResourceUnit--TYPE-inner\"]"}
RESULT: {"using":"xpath","value":"//input[@id=\"application-manageresources-display-component---newResourceUnit--TYPE-inner\"]"}
COMMAND: POST /session/3cebd188cade8bc69ea066f8aad5f3e7/elements - {"using":"xpath","value":"//input[@id=\"application-manageresources-display-component---newResourceUnit--TYPE-inner\"]"}
RESULT: {"using":"xpath","value":"//input[@id=\"application-manageresources-display-component---newResourceUnit--TYPE-inner\"]"}
COMMAND: POST /session/3cebd188cade8bc69ea066f8aad5f3e7/elements - {"using":"xpath","value":"//input[@id=\"application-manageresources-display-component---newResourceUnit--TYPE-inner\"]"}
RESULT: {"using":"xpath","value":"//input[@id=\"application-manageresources-display-component---newResourceUnit--TYPE-inner\"]"}
COMMAND: POST /session/3cebd188cade8bc69ea066f8aad5f3e7/elements - {"using":"xpath","value":"//input[@id=\"application-manageresources-display-component---newResourceUnit--TYPE-inner\"]"}
RESULT: {"using":"xpath","value":"//input[@id=\"application-manageresources-display-component---newResourceUnit--TYPE-inner\"]"}
COMMAND: POST /session/3cebd188cade8bc69ea066f8aad5f3e7/elements - {"using":"xpath","value":"//input[@id=\"application-manageresources-display-component---newResourceUnit--TYPE-inner\"]"}
RESULT: {"using":"xpath","value":"//input[@id=\"application-manageresources-display-component---newResourceUnit--TYPE-inner\"]"}
COMMAND: POST /session/3cebd188cade8bc69ea066f8aad5f3e7/elements - {"using":"xpath","value":"//input[@id=\"application-manageresources-display-component---newResourceUnit--TYPE-inner\"]"}
RESULT: {"using":"xpath","value":"//input[@id=\"application-manageresources-display-component---newResourceUnit--TYPE-inner\"]"}
COMMAND: POST /session/3cebd188cade8bc69ea066f8aad5f3e7/elements - {"using":"xpath","value":"//input[@id=\"application-manageresources-display-component---newResourceUnit--TYPE-inner\"]"}
RESULT: {"using":"xpath","value":"//input[@id=\"application-manageresources-display-component---newResourceUnit--TYPE-inner\"]"}
COMMAND: POST /session/3cebd188cade8bc69ea066f8aad5f3e7/elements - {"using":"xpath","value":"//input[@id=\"application-manageresources-display-component---newResourceUnit--TYPE-inner\"]"}
RESULT: {"using":"xpath","value":"//input[@id=\"application-manageresources-display-component---newResourceUnit--TYPE-inner\"]"}
COMMAND: POST /session/3cebd188cade8bc69ea066f8aad5f3e7/elements - {"using":"xpath","value":"//input[@id=\"application-manageresources-display-component---newResourceUnit--TYPE-inner\"]"}
RESULT: {"using":"xpath","value":"//input[@id=\"application-manageresources-display-component---newResourceUnit--TYPE-inner\"]"}
COMMAND: POST /session/3cebd188cade8bc69ea066f8aad5f3e7/elements - {"using":"xpath","value":"//input[@id=\"application-manageresources-display-component---newResourceUnit--TYPE-inner\"]"}
RESULT: {"using":"xpath","value":"//input[@id=\"application-manageresources-display-component---newResourceUnit--TYPE-inner\"]"}
COMMAND: POST /session/3cebd188cade8bc69ea066f8aad5f3e7/elements - {"using":"xpath","value":"//input[@id=\"application-manageresources-display-component---newResourceUnit--TYPE-inner\"]"}
RESULT: {"using":"xpath","value":"//input[@id=\"application-manageresources-display-component---newResourceUnit--TYPE-inner\"]"}
COMMAND: POST /session/3cebd188cade8bc69ea066f8aad5f3e7/elements - {"using":"xpath","value":"//input[@id=\"application-manageresources-display-component---newResourceUnit--TYPE-inner\"]"}
RESULT: {"using":"xpath","value":"//input[@id=\"application-manageresources-display-component---newResourceUnit--TYPE-inner\"]"}
COMMAND: POST /session/3cebd188cade8bc69ea066f8aad5f3e7/elements - {"using":"xpath","value":"//input[@id=\"application-manageresources-display-component---newResourceUnit--TYPE-inner\"]"}
RESULT: {"using":"xpath","value":"//input[@id=\"application-manageresources-display-component---newResourceUnit--TYPE-inner\"]"}
COMMAND: POST /session/3cebd188cade8bc69ea066f8aad5f3e7/elements - {"using":"xpath","value":"//input[@id=\"application-manageresources-display-component---newResourceUnit--TYPE-inner\"]"}
RESULT: {"using":"xpath","value":"//input[@id=\"application-manageresources-display-component---newResourceUnit--TYPE-inner\"]"}
COMMAND: POST /session/3cebd188cade8bc69ea066f8aad5f3e7/elements - {"using":"xpath","value":"//input[@id=\"application-manageresources-display-component---newResourceUnit--TYPE-inner\"]"}
RESULT: {"using":"xpath","value":"//input[@id=\"application-manageresources-display-component---newResourceUnit--TYPE-inner\"]"}
COMMAND: POST /session/3cebd188cade8bc69ea066f8aad5f3e7/elements - {"using":"xpath","value":"//input[@id=\"application-manageresources-display-component---newResourceUnit--TYPE-inner\"]"}
RESULT: {"using":"xpath","value":"//input[@id=\"application-manageresources-display-component---newResourceUnit--TYPE-inner\"]"}
COMMAND: POST /session/3cebd188cade8bc69ea066f8aad5f3e7/elements - {"using":"xpath","value":"//input[@id=\"application-manageresources-display-component---newResourceUnit--TYPE-inner\"]"}
RESULT: {"using":"xpath","value":"//input[@id=\"application-manageresources-display-component---newResourceUnit--TYPE-inner\"]"}
COMMAND: POST /session/3cebd188cade8bc69ea066f8aad5f3e7/elements - {"using":"xpath","value":"//input[@id=\"application-manageresources-display-component---newResourceUnit--TYPE-inner\"]"}
RESULT: {"using":"xpath","value":"//input[@id=\"application-manageresources-display-component---newResourceUnit--TYPE-inner\"]"}
COMMAND: POST /session/3cebd188cade8bc69ea066f8aad5f3e7/elements - {"using":"xpath","value":"//input[@id=\"application-manageresources-display-component---newResourceUnit--TYPE-inner\"]"}
RESULT: {"using":"xpath","value":"//input[@id=\"application-manageresources-display-component---newResourceUnit--TYPE-inner\"]"}
COMMAND: POST /session/3cebd188cade8bc69ea066f8aad5f3e7/elements - {"using":"xpath","value":"//input[@id=\"application-manageresources-display-component---newResourceUnit--TYPE-inner\"]"}
RESULT: {"using":"xpath","value":"//input[@id=\"application-manageresources-display-component---newResourceUnit--TYPE-inner\"]"}
COMMAND: POST /session/3cebd188cade8bc69ea066f8aad5f3e7/elements - {"using":"xpath","value":"//input[@id=\"application-manageresources-display-component---newResourceUnit--TYPE-inner\"]"}
RESULT: {"using":"xpath","value":"//input[@id=\"application-manageresources-display-component---newResourceUnit--TYPE-inner\"]"}
COMMAND: POST /session/3cebd188cade8bc69ea066f8aad5f3e7/elements - {"using":"xpath","value":"//input[@id=\"application-manageresources-display-component---newResourceUnit--TYPE-inner\"]"}
RESULT: {"using":"xpath","value":"//input[@id=\"application-manageresources-display-component---newResourceUnit--TYPE-inner\"]"}
COMMAND: POST /session/3cebd188cade8bc69ea066f8aad5f3e7/elements - {"using":"xpath","value":"//input[@id=\"application-manageresources-display-component---newResourceUnit--TYPE-inner\"]"}
RESULT: {"using":"xpath","value":"//input[@id=\"application-manageresources-display-component---newResourceUnit--TYPE-inner\"]"}
COMMAND: POST /session/3cebd188cade8bc69ea066f8aad5f3e7/elements - {"using":"xpath","value":"//input[@id=\"application-manageresources-display-component---newResourceUnit--TYPE-inner\"]"}
RESULT: {"using":"xpath","value":"//input[@id=\"application-manageresources-display-component---newResourceUnit--TYPE-inner\"]"}
COMMAND: POST /session/3cebd188cade8bc69ea066f8aad5f3e7/elements - {"using":"xpath","value":"//input[@id=\"application-manageresources-display-component---newResourceUnit--TYPE-inner\"]"}
RESULT: {"using":"xpath","value":"//input[@id=\"application-manageresources-display-component---newResourceUnit--TYPE-inner\"]"}
COMMAND: POST /session/3cebd188cade8bc69ea066f8aad5f3e7/elements - {"using":"xpath","value":"//input[@id=\"application-manageresources-display-component---newResourceUnit--TYPE-inner\"]"}
RESULT: {"using":"xpath","value":"//input[@id=\"application-manageresources-display-component---newResourceUnit--TYPE-inner\"]"}
COMMAND: POST /session/3cebd188cade8bc69ea066f8aad5f3e7/elements - {"using":"xpath","value":"//input[@id=\"application-manageresources-display-component---newResourceUnit--TYPE-inner\"]"}
RESULT: {"using":"xpath","value":"//input[@id=\"application-manageresources-display-component---newResourceUnit--TYPE-inner\"]"}
COMMAND: POST /session/3cebd188cade8bc69ea066f8aad5f3e7/elements - {"using":"xpath","value":"//input[@id=\"application-manageresources-display-component---newResourceUnit--TYPE-inner\"]"}
RESULT: {"using":"xpath","value":"//input[@id=\"application-manageresources-display-component---newResourceUnit--TYPE-inner\"]"}
COMMAND: POST /session/3cebd188cade8bc69ea066f8aad5f3e7/elements - {"using":"xpath","value":"//input[@id=\"application-manageresources-display-component---newResourceUnit--TYPE-inner\"]"}
RESULT: {"using":"xpath","value":"//input[@id=\"application-manageresources-display-component---newResourceUnit--TYPE-inner\"]"}
COMMAND: POST /session/3cebd188cade8bc69ea066f8aad5f3e7/elements - {"using":"xpath","value":"//input[@id=\"application-manageresources-display-component---newResourceUnit--TYPE-inner\"]"}
RESULT: {"using":"xpath","value":"//input[@id=\"application-manageresources-display-component---newResourceUnit--TYPE-inner\"]"}
COMMAND: POST /session/3cebd188cade8bc69ea066f8aad5f3e7/elements - {"using":"xpath","value":"//input[@id=\"application-manageresources-display-component---newResourceUnit--TYPE-inner\"]"}
RESULT: {"using":"xpath","value":"//input[@id=\"application-manageresources-display-component---newResourceUnit--TYPE-inner\"]"}
COMMAND: POST /session/3cebd188cade8bc69ea066f8aad5f3e7/elements - {"using":"xpath","value":"//input[@id=\"application-manageresources-display-component---newResourceUnit--TYPE-inner\"]"}
RESULT: {"using":"xpath","value":"//input[@id=\"application-manageresources-display-component---newResourceUnit--TYPE-inner\"]"}
COMMAND: POST /session/3cebd188cade8bc69ea066f8aad5f3e7/elements - {"using":"xpath","value":"//input[@id=\"application-manageresources-display-component---newResourceUnit--TYPE-inner\"]"}
COMMAND: GET /session/3cebd188cade8bc69ea066f8aad5f3e7/screenshot - {}
RESULT: {"using":"xpath","value":"//input[@id=\"application-manageresources-display-component---newResourceUnit--TYPE-inner\"]"}
RESULT: {}
]]></system-out>
      <system-err><![CDATA[
Error: Can't call setValue on element with selector "//input[@id="application-manageresources-display-component---newResourceUnit--TYPE-inner"]" because element wasn't found
    at async UtilsPrerequisites.resourceCreation (D:\a\1\s\test\specs\BTS\prerequisites-and-utils-functions.js:873:9)
    at async Context.<anonymous> (D:\a\1\s\test\specs\HTR\manage-states-perf.spec.js:45:9)
]]></system-err>
    </testcase>
    <testcase classname="chrome.136_0_7103_93.windows.Manage_States_&amp;_Performance_Tests_US151247_US151423_US151467" name="Step 1 Try to save empty state change US151247" time="58.376">
      <failure/>
      <error message="element (&quot;//button[@data-kt=&quot;massStateChangeRusSectionButton&quot;]&quot;) still not existing after 45000ms"/>
      <system-out><![CDATA[
COMMAND: POST /session/3cebd188cade8bc69ea066f8aad5f3e7/execute/async - {"script":"<script> [1562 bytes]","args":[{"selector":{"controlType":"sap.m.GenericTile","properties":{"header":"Manage States & Performance"}},"wdio_ui5_key":"sapm.GenericTile{\"header\":\"Manage States & Performance\"}"}]}
COMMAND: GET /session/3cebd188cade8bc69ea066f8aad5f3e7/screenshot - {}
RESULT: {"script":"<script> [1562 bytes]","args":[{"selector":{"controlType":"sap.m.GenericTile","properties":{"header":"Manage States & Performance"}},"wdio_ui5_key":"sapm.GenericTile{\"header\":\"Manage States & Performance\"}"}]}
RESULT: undefined
RESULT: {}
COMMAND: POST /session/3cebd188cade8bc69ea066f8aad5f3e7/elements - {"using":"xpath","value":"//span[text()='Error']"}
RESULT: {"using":"xpath","value":"//span[text()='Error']"}
COMMAND: POST /session/3cebd188cade8bc69ea066f8aad5f3e7/elements - {"using":"xpath","value":"//*[text()='Close']"}
RESULT: {"using":"xpath","value":"//*[text()='Close']"}
COMMAND: GET /session/3cebd188cade8bc69ea066f8aad5f3e7/element/f.D8146A0945362D622A49705032EBB55A.d.568D32755D0F3CB15D202CC7EF92E01A.e.6280/enabled - {}
RESULT: {}
COMMAND: POST /session/3cebd188cade8bc69ea066f8aad5f3e7/execute/sync - {"script":"<script> [8489 bytes]","args":[{"element-6066-11e4-a52e-4f735466cecf":"f.D8146A0945362D622A49705032EBB55A.d.568D32755D0F3CB15D202CC7EF92E01A.e.6280","ELEMENT":"f.D8146A0945362D622A49705032EBB55A.d.568D32755D0F3CB15D202CC7EF92E01A.e.6280"}]}
COMMAND: GET /session/3cebd188cade8bc69ea066f8aad5f3e7/screenshot - {}
RESULT: {"script":"<script> [8489 bytes]","args":[{"element-6066-11e4-a52e-4f735466cecf":"f.D8146A0945362D622A49705032EBB55A.d.568D32755D0F3CB15D202CC7EF92E01A.e.6280","ELEMENT":"f.D8146A0945362D622A49705032EBB55A.d.568D32755D0F3CB15D202CC7EF92E01A.e.6280"}]}
COMMAND: POST /session/3cebd188cade8bc69ea066f8aad5f3e7/execute/sync - {"script":"<script> [5351 bytes]","args":[{"element-6066-11e4-a52e-4f735466cecf":"f.D8146A0945362D622A49705032EBB55A.d.568D32755D0F3CB15D202CC7EF92E01A.e.6280","ELEMENT":"f.D8146A0945362D622A49705032EBB55A.d.568D32755D0F3CB15D202CC7EF92E01A.e.6280"}]}
COMMAND: GET /session/3cebd188cade8bc69ea066f8aad5f3e7/screenshot - {}
RESULT: {}
RESULT: {"script":"<script> [5351 bytes]","args":[{"element-6066-11e4-a52e-4f735466cecf":"f.D8146A0945362D622A49705032EBB55A.d.568D32755D0F3CB15D202CC7EF92E01A.e.6280","ELEMENT":"f.D8146A0945362D622A49705032EBB55A.d.568D32755D0F3CB15D202CC7EF92E01A.e.6280"}]}
COMMAND: POST /session/3cebd188cade8bc69ea066f8aad5f3e7/element/f.D8146A0945362D622A49705032EBB55A.d.568D32755D0F3CB15D202CC7EF92E01A.e.6280/click - {}
COMMAND: GET /session/3cebd188cade8bc69ea066f8aad5f3e7/screenshot - {}
RESULT: {}
RESULT: {}
COMMAND: POST /session/3cebd188cade8bc69ea066f8aad5f3e7/elements - {"using":"xpath","value":"//*[text()='OK']"}
COMMAND: GET /session/3cebd188cade8bc69ea066f8aad5f3e7/screenshot - {}
RESULT: {}
RESULT: {"using":"xpath","value":"//*[text()='OK']"}
COMMAND: POST /session/3cebd188cade8bc69ea066f8aad5f3e7/element - {"using":"xpath","value":"//button[@data-kt=\"massStateChangeRusSectionButton\"]"}
RESULT: {}
RESULT: {"using":"xpath","value":"//button[@data-kt=\"massStateChangeRusSectionButton\"]"}
COMMAND: POST /session/3cebd188cade8bc69ea066f8aad5f3e7/elements - {"using":"xpath","value":"//button[@data-kt=\"massStateChangeRusSectionButton\"]"}
RESULT: {"using":"xpath","value":"//button[@data-kt=\"massStateChangeRusSectionButton\"]"}
COMMAND: POST /session/3cebd188cade8bc69ea066f8aad5f3e7/elements - {"using":"xpath","value":"//button[@data-kt=\"massStateChangeRusSectionButton\"]"}
RESULT: {"using":"xpath","value":"//button[@data-kt=\"massStateChangeRusSectionButton\"]"}
COMMAND: POST /session/3cebd188cade8bc69ea066f8aad5f3e7/elements - {"using":"xpath","value":"//button[@data-kt=\"massStateChangeRusSectionButton\"]"}
RESULT: {"using":"xpath","value":"//button[@data-kt=\"massStateChangeRusSectionButton\"]"}
COMMAND: POST /session/3cebd188cade8bc69ea066f8aad5f3e7/elements - {"using":"xpath","value":"//button[@data-kt=\"massStateChangeRusSectionButton\"]"}
RESULT: {"using":"xpath","value":"//button[@data-kt=\"massStateChangeRusSectionButton\"]"}
COMMAND: POST /session/3cebd188cade8bc69ea066f8aad5f3e7/elements - {"using":"xpath","value":"//button[@data-kt=\"massStateChangeRusSectionButton\"]"}
RESULT: {"using":"xpath","value":"//button[@data-kt=\"massStateChangeRusSectionButton\"]"}
COMMAND: POST /session/3cebd188cade8bc69ea066f8aad5f3e7/elements - {"using":"xpath","value":"//button[@data-kt=\"massStateChangeRusSectionButton\"]"}
RESULT: {"using":"xpath","value":"//button[@data-kt=\"massStateChangeRusSectionButton\"]"}
COMMAND: POST /session/3cebd188cade8bc69ea066f8aad5f3e7/elements - {"using":"xpath","value":"//button[@data-kt=\"massStateChangeRusSectionButton\"]"}
RESULT: {"using":"xpath","value":"//button[@data-kt=\"massStateChangeRusSectionButton\"]"}
COMMAND: POST /session/3cebd188cade8bc69ea066f8aad5f3e7/elements - {"using":"xpath","value":"//button[@data-kt=\"massStateChangeRusSectionButton\"]"}
RESULT: {"using":"xpath","value":"//button[@data-kt=\"massStateChangeRusSectionButton\"]"}
COMMAND: POST /session/3cebd188cade8bc69ea066f8aad5f3e7/elements - {"using":"xpath","value":"//button[@data-kt=\"massStateChangeRusSectionButton\"]"}
RESULT: {"using":"xpath","value":"//button[@data-kt=\"massStateChangeRusSectionButton\"]"}
COMMAND: POST /session/3cebd188cade8bc69ea066f8aad5f3e7/elements - {"using":"xpath","value":"//button[@data-kt=\"massStateChangeRusSectionButton\"]"}
RESULT: {"using":"xpath","value":"//button[@data-kt=\"massStateChangeRusSectionButton\"]"}
COMMAND: POST /session/3cebd188cade8bc69ea066f8aad5f3e7/elements - {"using":"xpath","value":"//button[@data-kt=\"massStateChangeRusSectionButton\"]"}
RESULT: {"using":"xpath","value":"//button[@data-kt=\"massStateChangeRusSectionButton\"]"}
COMMAND: POST /session/3cebd188cade8bc69ea066f8aad5f3e7/elements - {"using":"xpath","value":"//button[@data-kt=\"massStateChangeRusSectionButton\"]"}
RESULT: {"using":"xpath","value":"//button[@data-kt=\"massStateChangeRusSectionButton\"]"}
COMMAND: POST /session/3cebd188cade8bc69ea066f8aad5f3e7/elements - {"using":"xpath","value":"//button[@data-kt=\"massStateChangeRusSectionButton\"]"}
RESULT: {"using":"xpath","value":"//button[@data-kt=\"massStateChangeRusSectionButton\"]"}
COMMAND: POST /session/3cebd188cade8bc69ea066f8aad5f3e7/elements - {"using":"xpath","value":"//button[@data-kt=\"massStateChangeRusSectionButton\"]"}
RESULT: {"using":"xpath","value":"//button[@data-kt=\"massStateChangeRusSectionButton\"]"}
COMMAND: POST /session/3cebd188cade8bc69ea066f8aad5f3e7/elements - {"using":"xpath","value":"//button[@data-kt=\"massStateChangeRusSectionButton\"]"}
RESULT: {"using":"xpath","value":"//button[@data-kt=\"massStateChangeRusSectionButton\"]"}
COMMAND: POST /session/3cebd188cade8bc69ea066f8aad5f3e7/elements - {"using":"xpath","value":"//button[@data-kt=\"massStateChangeRusSectionButton\"]"}
RESULT: {"using":"xpath","value":"//button[@data-kt=\"massStateChangeRusSectionButton\"]"}
COMMAND: POST /session/3cebd188cade8bc69ea066f8aad5f3e7/elements - {"using":"xpath","value":"//button[@data-kt=\"massStateChangeRusSectionButton\"]"}
RESULT: {"using":"xpath","value":"//button[@data-kt=\"massStateChangeRusSectionButton\"]"}
COMMAND: POST /session/3cebd188cade8bc69ea066f8aad5f3e7/elements - {"using":"xpath","value":"//button[@data-kt=\"massStateChangeRusSectionButton\"]"}
RESULT: {"using":"xpath","value":"//button[@data-kt=\"massStateChangeRusSectionButton\"]"}
COMMAND: POST /session/3cebd188cade8bc69ea066f8aad5f3e7/elements - {"using":"xpath","value":"//button[@data-kt=\"massStateChangeRusSectionButton\"]"}
RESULT: {"using":"xpath","value":"//button[@data-kt=\"massStateChangeRusSectionButton\"]"}
COMMAND: POST /session/3cebd188cade8bc69ea066f8aad5f3e7/elements - {"using":"xpath","value":"//button[@data-kt=\"massStateChangeRusSectionButton\"]"}
RESULT: {"using":"xpath","value":"//button[@data-kt=\"massStateChangeRusSectionButton\"]"}
COMMAND: POST /session/3cebd188cade8bc69ea066f8aad5f3e7/elements - {"using":"xpath","value":"//button[@data-kt=\"massStateChangeRusSectionButton\"]"}
RESULT: {"using":"xpath","value":"//button[@data-kt=\"massStateChangeRusSectionButton\"]"}
COMMAND: POST /session/3cebd188cade8bc69ea066f8aad5f3e7/elements - {"using":"xpath","value":"//button[@data-kt=\"massStateChangeRusSectionButton\"]"}
RESULT: {"using":"xpath","value":"//button[@data-kt=\"massStateChangeRusSectionButton\"]"}
COMMAND: POST /session/3cebd188cade8bc69ea066f8aad5f3e7/elements - {"using":"xpath","value":"//button[@data-kt=\"massStateChangeRusSectionButton\"]"}
RESULT: {"using":"xpath","value":"//button[@data-kt=\"massStateChangeRusSectionButton\"]"}
COMMAND: POST /session/3cebd188cade8bc69ea066f8aad5f3e7/elements - {"using":"xpath","value":"//button[@data-kt=\"massStateChangeRusSectionButton\"]"}
RESULT: {"using":"xpath","value":"//button[@data-kt=\"massStateChangeRusSectionButton\"]"}
COMMAND: POST /session/3cebd188cade8bc69ea066f8aad5f3e7/elements - {"using":"xpath","value":"//button[@data-kt=\"massStateChangeRusSectionButton\"]"}
RESULT: {"using":"xpath","value":"//button[@data-kt=\"massStateChangeRusSectionButton\"]"}
COMMAND: POST /session/3cebd188cade8bc69ea066f8aad5f3e7/elements - {"using":"xpath","value":"//button[@data-kt=\"massStateChangeRusSectionButton\"]"}
RESULT: {"using":"xpath","value":"//button[@data-kt=\"massStateChangeRusSectionButton\"]"}
COMMAND: POST /session/3cebd188cade8bc69ea066f8aad5f3e7/elements - {"using":"xpath","value":"//button[@data-kt=\"massStateChangeRusSectionButton\"]"}
RESULT: {"using":"xpath","value":"//button[@data-kt=\"massStateChangeRusSectionButton\"]"}
COMMAND: POST /session/3cebd188cade8bc69ea066f8aad5f3e7/elements - {"using":"xpath","value":"//button[@data-kt=\"massStateChangeRusSectionButton\"]"}
RESULT: {"using":"xpath","value":"//button[@data-kt=\"massStateChangeRusSectionButton\"]"}
COMMAND: POST /session/3cebd188cade8bc69ea066f8aad5f3e7/elements - {"using":"xpath","value":"//button[@data-kt=\"massStateChangeRusSectionButton\"]"}
RESULT: {"using":"xpath","value":"//button[@data-kt=\"massStateChangeRusSectionButton\"]"}
COMMAND: POST /session/3cebd188cade8bc69ea066f8aad5f3e7/elements - {"using":"xpath","value":"//button[@data-kt=\"massStateChangeRusSectionButton\"]"}
RESULT: {"using":"xpath","value":"//button[@data-kt=\"massStateChangeRusSectionButton\"]"}
COMMAND: POST /session/3cebd188cade8bc69ea066f8aad5f3e7/elements - {"using":"xpath","value":"//button[@data-kt=\"massStateChangeRusSectionButton\"]"}
RESULT: {"using":"xpath","value":"//button[@data-kt=\"massStateChangeRusSectionButton\"]"}
COMMAND: POST /session/3cebd188cade8bc69ea066f8aad5f3e7/elements - {"using":"xpath","value":"//button[@data-kt=\"massStateChangeRusSectionButton\"]"}
RESULT: {"using":"xpath","value":"//button[@data-kt=\"massStateChangeRusSectionButton\"]"}
COMMAND: POST /session/3cebd188cade8bc69ea066f8aad5f3e7/elements - {"using":"xpath","value":"//button[@data-kt=\"massStateChangeRusSectionButton\"]"}
RESULT: {"using":"xpath","value":"//button[@data-kt=\"massStateChangeRusSectionButton\"]"}
COMMAND: POST /session/3cebd188cade8bc69ea066f8aad5f3e7/elements - {"using":"xpath","value":"//button[@data-kt=\"massStateChangeRusSectionButton\"]"}
RESULT: {"using":"xpath","value":"//button[@data-kt=\"massStateChangeRusSectionButton\"]"}
COMMAND: POST /session/3cebd188cade8bc69ea066f8aad5f3e7/elements - {"using":"xpath","value":"//button[@data-kt=\"massStateChangeRusSectionButton\"]"}
RESULT: {"using":"xpath","value":"//button[@data-kt=\"massStateChangeRusSectionButton\"]"}
COMMAND: POST /session/3cebd188cade8bc69ea066f8aad5f3e7/elements - {"using":"xpath","value":"//button[@data-kt=\"massStateChangeRusSectionButton\"]"}
RESULT: {"using":"xpath","value":"//button[@data-kt=\"massStateChangeRusSectionButton\"]"}
COMMAND: POST /session/3cebd188cade8bc69ea066f8aad5f3e7/elements - {"using":"xpath","value":"//button[@data-kt=\"massStateChangeRusSectionButton\"]"}
RESULT: {"using":"xpath","value":"//button[@data-kt=\"massStateChangeRusSectionButton\"]"}
COMMAND: POST /session/3cebd188cade8bc69ea066f8aad5f3e7/elements - {"using":"xpath","value":"//button[@data-kt=\"massStateChangeRusSectionButton\"]"}
RESULT: {"using":"xpath","value":"//button[@data-kt=\"massStateChangeRusSectionButton\"]"}
COMMAND: POST /session/3cebd188cade8bc69ea066f8aad5f3e7/elements - {"using":"xpath","value":"//button[@data-kt=\"massStateChangeRusSectionButton\"]"}
RESULT: {"using":"xpath","value":"//button[@data-kt=\"massStateChangeRusSectionButton\"]"}
COMMAND: POST /session/3cebd188cade8bc69ea066f8aad5f3e7/elements - {"using":"xpath","value":"//button[@data-kt=\"massStateChangeRusSectionButton\"]"}
RESULT: {"using":"xpath","value":"//button[@data-kt=\"massStateChangeRusSectionButton\"]"}
COMMAND: POST /session/3cebd188cade8bc69ea066f8aad5f3e7/elements - {"using":"xpath","value":"//button[@data-kt=\"massStateChangeRusSectionButton\"]"}
RESULT: {"using":"xpath","value":"//button[@data-kt=\"massStateChangeRusSectionButton\"]"}
COMMAND: POST /session/3cebd188cade8bc69ea066f8aad5f3e7/elements - {"using":"xpath","value":"//button[@data-kt=\"massStateChangeRusSectionButton\"]"}
RESULT: {"using":"xpath","value":"//button[@data-kt=\"massStateChangeRusSectionButton\"]"}
COMMAND: POST /session/3cebd188cade8bc69ea066f8aad5f3e7/elements - {"using":"xpath","value":"//button[@data-kt=\"massStateChangeRusSectionButton\"]"}
RESULT: {"using":"xpath","value":"//button[@data-kt=\"massStateChangeRusSectionButton\"]"}
COMMAND: POST /session/3cebd188cade8bc69ea066f8aad5f3e7/elements - {"using":"xpath","value":"//button[@data-kt=\"massStateChangeRusSectionButton\"]"}
RESULT: {"using":"xpath","value":"//button[@data-kt=\"massStateChangeRusSectionButton\"]"}
COMMAND: POST /session/3cebd188cade8bc69ea066f8aad5f3e7/elements - {"using":"xpath","value":"//button[@data-kt=\"massStateChangeRusSectionButton\"]"}
RESULT: {"using":"xpath","value":"//button[@data-kt=\"massStateChangeRusSectionButton\"]"}
COMMAND: POST /session/3cebd188cade8bc69ea066f8aad5f3e7/elements - {"using":"xpath","value":"//button[@data-kt=\"massStateChangeRusSectionButton\"]"}
RESULT: {"using":"xpath","value":"//button[@data-kt=\"massStateChangeRusSectionButton\"]"}
COMMAND: POST /session/3cebd188cade8bc69ea066f8aad5f3e7/elements - {"using":"xpath","value":"//button[@data-kt=\"massStateChangeRusSectionButton\"]"}
RESULT: {"using":"xpath","value":"//button[@data-kt=\"massStateChangeRusSectionButton\"]"}
COMMAND: POST /session/3cebd188cade8bc69ea066f8aad5f3e7/elements - {"using":"xpath","value":"//button[@data-kt=\"massStateChangeRusSectionButton\"]"}
RESULT: {"using":"xpath","value":"//button[@data-kt=\"massStateChangeRusSectionButton\"]"}
COMMAND: POST /session/3cebd188cade8bc69ea066f8aad5f3e7/elements - {"using":"xpath","value":"//button[@data-kt=\"massStateChangeRusSectionButton\"]"}
RESULT: {"using":"xpath","value":"//button[@data-kt=\"massStateChangeRusSectionButton\"]"}
COMMAND: POST /session/3cebd188cade8bc69ea066f8aad5f3e7/elements - {"using":"xpath","value":"//button[@data-kt=\"massStateChangeRusSectionButton\"]"}
RESULT: {"using":"xpath","value":"//button[@data-kt=\"massStateChangeRusSectionButton\"]"}
COMMAND: POST /session/3cebd188cade8bc69ea066f8aad5f3e7/elements - {"using":"xpath","value":"//button[@data-kt=\"massStateChangeRusSectionButton\"]"}
RESULT: {"using":"xpath","value":"//button[@data-kt=\"massStateChangeRusSectionButton\"]"}
COMMAND: POST /session/3cebd188cade8bc69ea066f8aad5f3e7/elements - {"using":"xpath","value":"//button[@data-kt=\"massStateChangeRusSectionButton\"]"}
RESULT: {"using":"xpath","value":"//button[@data-kt=\"massStateChangeRusSectionButton\"]"}
COMMAND: POST /session/3cebd188cade8bc69ea066f8aad5f3e7/elements - {"using":"xpath","value":"//button[@data-kt=\"massStateChangeRusSectionButton\"]"}
RESULT: {"using":"xpath","value":"//button[@data-kt=\"massStateChangeRusSectionButton\"]"}
COMMAND: POST /session/3cebd188cade8bc69ea066f8aad5f3e7/elements - {"using":"xpath","value":"//button[@data-kt=\"massStateChangeRusSectionButton\"]"}
RESULT: {"using":"xpath","value":"//button[@data-kt=\"massStateChangeRusSectionButton\"]"}
COMMAND: POST /session/3cebd188cade8bc69ea066f8aad5f3e7/elements - {"using":"xpath","value":"//button[@data-kt=\"massStateChangeRusSectionButton\"]"}
RESULT: {"using":"xpath","value":"//button[@data-kt=\"massStateChangeRusSectionButton\"]"}
COMMAND: POST /session/3cebd188cade8bc69ea066f8aad5f3e7/elements - {"using":"xpath","value":"//button[@data-kt=\"massStateChangeRusSectionButton\"]"}
RESULT: {"using":"xpath","value":"//button[@data-kt=\"massStateChangeRusSectionButton\"]"}
COMMAND: POST /session/3cebd188cade8bc69ea066f8aad5f3e7/elements - {"using":"xpath","value":"//button[@data-kt=\"massStateChangeRusSectionButton\"]"}
RESULT: {"using":"xpath","value":"//button[@data-kt=\"massStateChangeRusSectionButton\"]"}
COMMAND: POST /session/3cebd188cade8bc69ea066f8aad5f3e7/elements - {"using":"xpath","value":"//button[@data-kt=\"massStateChangeRusSectionButton\"]"}
RESULT: {"using":"xpath","value":"//button[@data-kt=\"massStateChangeRusSectionButton\"]"}
COMMAND: POST /session/3cebd188cade8bc69ea066f8aad5f3e7/elements - {"using":"xpath","value":"//button[@data-kt=\"massStateChangeRusSectionButton\"]"}
RESULT: {"using":"xpath","value":"//button[@data-kt=\"massStateChangeRusSectionButton\"]"}
COMMAND: POST /session/3cebd188cade8bc69ea066f8aad5f3e7/elements - {"using":"xpath","value":"//button[@data-kt=\"massStateChangeRusSectionButton\"]"}
RESULT: {"using":"xpath","value":"//button[@data-kt=\"massStateChangeRusSectionButton\"]"}
COMMAND: POST /session/3cebd188cade8bc69ea066f8aad5f3e7/elements - {"using":"xpath","value":"//button[@data-kt=\"massStateChangeRusSectionButton\"]"}
RESULT: {"using":"xpath","value":"//button[@data-kt=\"massStateChangeRusSectionButton\"]"}
COMMAND: POST /session/3cebd188cade8bc69ea066f8aad5f3e7/elements - {"using":"xpath","value":"//button[@data-kt=\"massStateChangeRusSectionButton\"]"}
RESULT: {"using":"xpath","value":"//button[@data-kt=\"massStateChangeRusSectionButton\"]"}
COMMAND: POST /session/3cebd188cade8bc69ea066f8aad5f3e7/elements - {"using":"xpath","value":"//button[@data-kt=\"massStateChangeRusSectionButton\"]"}
RESULT: {"using":"xpath","value":"//button[@data-kt=\"massStateChangeRusSectionButton\"]"}
COMMAND: POST /session/3cebd188cade8bc69ea066f8aad5f3e7/elements - {"using":"xpath","value":"//button[@data-kt=\"massStateChangeRusSectionButton\"]"}
RESULT: {"using":"xpath","value":"//button[@data-kt=\"massStateChangeRusSectionButton\"]"}
COMMAND: POST /session/3cebd188cade8bc69ea066f8aad5f3e7/elements - {"using":"xpath","value":"//button[@data-kt=\"massStateChangeRusSectionButton\"]"}
RESULT: {"using":"xpath","value":"//button[@data-kt=\"massStateChangeRusSectionButton\"]"}
COMMAND: POST /session/3cebd188cade8bc69ea066f8aad5f3e7/elements - {"using":"xpath","value":"//button[@data-kt=\"massStateChangeRusSectionButton\"]"}
RESULT: {"using":"xpath","value":"//button[@data-kt=\"massStateChangeRusSectionButton\"]"}
COMMAND: POST /session/3cebd188cade8bc69ea066f8aad5f3e7/elements - {"using":"xpath","value":"//button[@data-kt=\"massStateChangeRusSectionButton\"]"}
RESULT: {"using":"xpath","value":"//button[@data-kt=\"massStateChangeRusSectionButton\"]"}
COMMAND: POST /session/3cebd188cade8bc69ea066f8aad5f3e7/elements - {"using":"xpath","value":"//button[@data-kt=\"massStateChangeRusSectionButton\"]"}
RESULT: {"using":"xpath","value":"//button[@data-kt=\"massStateChangeRusSectionButton\"]"}
COMMAND: POST /session/3cebd188cade8bc69ea066f8aad5f3e7/elements - {"using":"xpath","value":"//button[@data-kt=\"massStateChangeRusSectionButton\"]"}
RESULT: {"using":"xpath","value":"//button[@data-kt=\"massStateChangeRusSectionButton\"]"}
COMMAND: POST /session/3cebd188cade8bc69ea066f8aad5f3e7/elements - {"using":"xpath","value":"//button[@data-kt=\"massStateChangeRusSectionButton\"]"}
RESULT: {"using":"xpath","value":"//button[@data-kt=\"massStateChangeRusSectionButton\"]"}
COMMAND: POST /session/3cebd188cade8bc69ea066f8aad5f3e7/elements - {"using":"xpath","value":"//button[@data-kt=\"massStateChangeRusSectionButton\"]"}
RESULT: {"using":"xpath","value":"//button[@data-kt=\"massStateChangeRusSectionButton\"]"}
COMMAND: POST /session/3cebd188cade8bc69ea066f8aad5f3e7/elements - {"using":"xpath","value":"//button[@data-kt=\"massStateChangeRusSectionButton\"]"}
RESULT: {"using":"xpath","value":"//button[@data-kt=\"massStateChangeRusSectionButton\"]"}
COMMAND: POST /session/3cebd188cade8bc69ea066f8aad5f3e7/elements - {"using":"xpath","value":"//button[@data-kt=\"massStateChangeRusSectionButton\"]"}
RESULT: {"using":"xpath","value":"//button[@data-kt=\"massStateChangeRusSectionButton\"]"}
COMMAND: POST /session/3cebd188cade8bc69ea066f8aad5f3e7/elements - {"using":"xpath","value":"//button[@data-kt=\"massStateChangeRusSectionButton\"]"}
RESULT: {"using":"xpath","value":"//button[@data-kt=\"massStateChangeRusSectionButton\"]"}
COMMAND: POST /session/3cebd188cade8bc69ea066f8aad5f3e7/elements - {"using":"xpath","value":"//button[@data-kt=\"massStateChangeRusSectionButton\"]"}
RESULT: {"using":"xpath","value":"//button[@data-kt=\"massStateChangeRusSectionButton\"]"}
COMMAND: POST /session/3cebd188cade8bc69ea066f8aad5f3e7/elements - {"using":"xpath","value":"//button[@data-kt=\"massStateChangeRusSectionButton\"]"}
RESULT: {"using":"xpath","value":"//button[@data-kt=\"massStateChangeRusSectionButton\"]"}
COMMAND: POST /session/3cebd188cade8bc69ea066f8aad5f3e7/elements - {"using":"xpath","value":"//button[@data-kt=\"massStateChangeRusSectionButton\"]"}
RESULT: {"using":"xpath","value":"//button[@data-kt=\"massStateChangeRusSectionButton\"]"}
COMMAND: POST /session/3cebd188cade8bc69ea066f8aad5f3e7/elements - {"using":"xpath","value":"//button[@data-kt=\"massStateChangeRusSectionButton\"]"}
RESULT: {"using":"xpath","value":"//button[@data-kt=\"massStateChangeRusSectionButton\"]"}
COMMAND: POST /session/3cebd188cade8bc69ea066f8aad5f3e7/elements - {"using":"xpath","value":"//button[@data-kt=\"massStateChangeRusSectionButton\"]"}
RESULT: {"using":"xpath","value":"//button[@data-kt=\"massStateChangeRusSectionButton\"]"}
COMMAND: POST /session/3cebd188cade8bc69ea066f8aad5f3e7/elements - {"using":"xpath","value":"//button[@data-kt=\"massStateChangeRusSectionButton\"]"}
RESULT: {"using":"xpath","value":"//button[@data-kt=\"massStateChangeRusSectionButton\"]"}
COMMAND: POST /session/3cebd188cade8bc69ea066f8aad5f3e7/elements - {"using":"xpath","value":"//button[@data-kt=\"massStateChangeRusSectionButton\"]"}
RESULT: {"using":"xpath","value":"//button[@data-kt=\"massStateChangeRusSectionButton\"]"}
COMMAND: POST /session/3cebd188cade8bc69ea066f8aad5f3e7/elements - {"using":"xpath","value":"//button[@data-kt=\"massStateChangeRusSectionButton\"]"}
RESULT: {"using":"xpath","value":"//button[@data-kt=\"massStateChangeRusSectionButton\"]"}
COMMAND: POST /session/3cebd188cade8bc69ea066f8aad5f3e7/elements - {"using":"xpath","value":"//button[@data-kt=\"massStateChangeRusSectionButton\"]"}
RESULT: {"using":"xpath","value":"//button[@data-kt=\"massStateChangeRusSectionButton\"]"}
COMMAND: POST /session/3cebd188cade8bc69ea066f8aad5f3e7/elements - {"using":"xpath","value":"//button[@data-kt=\"massStateChangeRusSectionButton\"]"}
RESULT: {"using":"xpath","value":"//button[@data-kt=\"massStateChangeRusSectionButton\"]"}
COMMAND: POST /session/3cebd188cade8bc69ea066f8aad5f3e7/elements - {"using":"xpath","value":"//button[@data-kt=\"massStateChangeRusSectionButton\"]"}
RESULT: {"using":"xpath","value":"//button[@data-kt=\"massStateChangeRusSectionButton\"]"}
COMMAND: POST /session/3cebd188cade8bc69ea066f8aad5f3e7/elements - {"using":"xpath","value":"//button[@data-kt=\"massStateChangeRusSectionButton\"]"}
RESULT: {"using":"xpath","value":"//button[@data-kt=\"massStateChangeRusSectionButton\"]"}
COMMAND: POST /session/3cebd188cade8bc69ea066f8aad5f3e7/elements - {"using":"xpath","value":"//button[@data-kt=\"massStateChangeRusSectionButton\"]"}
RESULT: {"using":"xpath","value":"//button[@data-kt=\"massStateChangeRusSectionButton\"]"}
COMMAND: POST /session/3cebd188cade8bc69ea066f8aad5f3e7/elements - {"using":"xpath","value":"//button[@data-kt=\"massStateChangeRusSectionButton\"]"}
RESULT: {"using":"xpath","value":"//button[@data-kt=\"massStateChangeRusSectionButton\"]"}
COMMAND: POST /session/3cebd188cade8bc69ea066f8aad5f3e7/elements - {"using":"xpath","value":"//button[@data-kt=\"massStateChangeRusSectionButton\"]"}
RESULT: {"using":"xpath","value":"//button[@data-kt=\"massStateChangeRusSectionButton\"]"}
COMMAND: POST /session/3cebd188cade8bc69ea066f8aad5f3e7/elements - {"using":"xpath","value":"//button[@data-kt=\"massStateChangeRusSectionButton\"]"}
RESULT: {"using":"xpath","value":"//button[@data-kt=\"massStateChangeRusSectionButton\"]"}
COMMAND: POST /session/3cebd188cade8bc69ea066f8aad5f3e7/elements - {"using":"xpath","value":"//button[@data-kt=\"massStateChangeRusSectionButton\"]"}
COMMAND: GET /session/3cebd188cade8bc69ea066f8aad5f3e7/screenshot - {}
RESULT: {"using":"xpath","value":"//button[@data-kt=\"massStateChangeRusSectionButton\"]"}
RESULT: {}
]]></system-out>
      <system-err><![CDATA[
Error: element ("//button[@data-kt="massStateChangeRusSectionButton"]") still not existing after 45000ms
    at async Context.<anonymous> (D:\a\1\s\test\specs\HTR\manage-states-perf.spec.js:70:9)
]]></system-err>
    </testcase>
    <testcase classname="chrome.136_0_7103_93.windows.Manage_States_&amp;_Performance_Tests_US151247_US151423_US151467" name="Prereq Step 2 Create new equipment and add counter to it stock increase it" time="76.388">
      <failure/>
      <error message="Can't call setValue on element with selector &quot;//input[@id=&quot;application-manageresources-display-component---newResourceUnit--TYPE-inner&quot;]&quot; because element wasn't found"/>
      <system-out><![CDATA[
COMMAND: GET /session/3cebd188cade8bc69ea066f8aad5f3e7/screenshot - {}
RESULT: undefined
COMMAND: POST /session/3cebd188cade8bc69ea066f8aad5f3e7/element - {"using":"xpath","value":"//*[@id=\"__tile31\"]"}
RESULT: {"using":"xpath","value":"//*[@id=\"__tile31\"]"}
COMMAND: POST /session/3cebd188cade8bc69ea066f8aad5f3e7/element/f.D8146A0945362D622A49705032EBB55A.d.568D32755D0F3CB15D202CC7EF92E01A.e.6026/click - {}
RESULT: {}
COMMAND: POST /session/3cebd188cade8bc69ea066f8aad5f3e7/elements - {"using":"xpath","value":"//span[text()='Error']"}
RESULT: {"using":"xpath","value":"//span[text()='Error']"}
COMMAND: POST /session/3cebd188cade8bc69ea066f8aad5f3e7/element - {"using":"xpath","value":"//button[@data-kt=\"addNewRUOverflowToolbarButton\"]"}
RESULT: {"using":"xpath","value":"//button[@data-kt=\"addNewRUOverflowToolbarButton\"]"}
COMMAND: POST /session/3cebd188cade8bc69ea066f8aad5f3e7/elements - {"using":"xpath","value":"//button[@data-kt=\"addNewRUOverflowToolbarButton\"]"}
RESULT: {"using":"xpath","value":"//button[@data-kt=\"addNewRUOverflowToolbarButton\"]"}
COMMAND: POST /session/3cebd188cade8bc69ea066f8aad5f3e7/execute/sync - {"script":"<script> [8489 bytes]","args":[{"element-6066-11e4-a52e-4f735466cecf":"f.D8146A0945362D622A49705032EBB55A.d.568D32755D0F3CB15D202CC7EF92E01A.e.6129","ELEMENT":"f.D8146A0945362D622A49705032EBB55A.d.568D32755D0F3CB15D202CC7EF92E01A.e.6129"}]}
RESULT: {"script":"<script> [8489 bytes]","args":[{"element-6066-11e4-a52e-4f735466cecf":"f.D8146A0945362D622A49705032EBB55A.d.568D32755D0F3CB15D202CC7EF92E01A.e.6129","ELEMENT":"f.D8146A0945362D622A49705032EBB55A.d.568D32755D0F3CB15D202CC7EF92E01A.e.6129"}]}
COMMAND: GET /session/3cebd188cade8bc69ea066f8aad5f3e7/element/f.D8146A0945362D622A49705032EBB55A.d.568D32755D0F3CB15D202CC7EF92E01A.e.6129/enabled - {}
COMMAND: GET /session/3cebd188cade8bc69ea066f8aad5f3e7/screenshot - {}
RESULT: {}
COMMAND: POST /session/3cebd188cade8bc69ea066f8aad5f3e7/execute/sync - {"script":"<script> [8489 bytes]","args":[{"element-6066-11e4-a52e-4f735466cecf":"f.D8146A0945362D622A49705032EBB55A.d.568D32755D0F3CB15D202CC7EF92E01A.e.6129","ELEMENT":"f.D8146A0945362D622A49705032EBB55A.d.568D32755D0F3CB15D202CC7EF92E01A.e.6129"}]}
COMMAND: GET /session/3cebd188cade8bc69ea066f8aad5f3e7/screenshot - {}
RESULT: {}
RESULT: {"script":"<script> [8489 bytes]","args":[{"element-6066-11e4-a52e-4f735466cecf":"f.D8146A0945362D622A49705032EBB55A.d.568D32755D0F3CB15D202CC7EF92E01A.e.6129","ELEMENT":"f.D8146A0945362D622A49705032EBB55A.d.568D32755D0F3CB15D202CC7EF92E01A.e.6129"}]}
COMMAND: POST /session/3cebd188cade8bc69ea066f8aad5f3e7/execute/sync - {"script":"<script> [5351 bytes]","args":[{"element-6066-11e4-a52e-4f735466cecf":"f.D8146A0945362D622A49705032EBB55A.d.568D32755D0F3CB15D202CC7EF92E01A.e.6129","ELEMENT":"f.D8146A0945362D622A49705032EBB55A.d.568D32755D0F3CB15D202CC7EF92E01A.e.6129"}]}
COMMAND: GET /session/3cebd188cade8bc69ea066f8aad5f3e7/screenshot - {}
RESULT: {}
RESULT: {"script":"<script> [5351 bytes]","args":[{"element-6066-11e4-a52e-4f735466cecf":"f.D8146A0945362D622A49705032EBB55A.d.568D32755D0F3CB15D202CC7EF92E01A.e.6129","ELEMENT":"f.D8146A0945362D622A49705032EBB55A.d.568D32755D0F3CB15D202CC7EF92E01A.e.6129"}]}
COMMAND: POST /session/3cebd188cade8bc69ea066f8aad5f3e7/element/f.D8146A0945362D622A49705032EBB55A.d.568D32755D0F3CB15D202CC7EF92E01A.e.6129/click - {}
COMMAND: GET /session/3cebd188cade8bc69ea066f8aad5f3e7/screenshot - {}
RESULT: {}
RESULT: undefined
RESULT: undefined
RESULT: {}
COMMAND: GET /session/3cebd188cade8bc69ea066f8aad5f3e7/screenshot - {}
RESULT: {}
RESULT: {}
RESULT: undefined
COMMAND: POST /session/3cebd188cade8bc69ea066f8aad5f3e7/element - {"using":"xpath","value":"//input[@id=\"application-manageresources-display-component---newResourceUnit--TYPE-inner\"]"}
RESULT: {"using":"xpath","value":"//input[@id=\"application-manageresources-display-component---newResourceUnit--TYPE-inner\"]"}
COMMAND: POST /session/3cebd188cade8bc69ea066f8aad5f3e7/elements - {"using":"xpath","value":"//input[@id=\"application-manageresources-display-component---newResourceUnit--TYPE-inner\"]"}
RESULT: {"using":"xpath","value":"//input[@id=\"application-manageresources-display-component---newResourceUnit--TYPE-inner\"]"}
COMMAND: POST /session/3cebd188cade8bc69ea066f8aad5f3e7/elements - {"using":"xpath","value":"//input[@id=\"application-manageresources-display-component---newResourceUnit--TYPE-inner\"]"}
RESULT: {"using":"xpath","value":"//input[@id=\"application-manageresources-display-component---newResourceUnit--TYPE-inner\"]"}
COMMAND: POST /session/3cebd188cade8bc69ea066f8aad5f3e7/elements - {"using":"xpath","value":"//input[@id=\"application-manageresources-display-component---newResourceUnit--TYPE-inner\"]"}
RESULT: {"using":"xpath","value":"//input[@id=\"application-manageresources-display-component---newResourceUnit--TYPE-inner\"]"}
COMMAND: POST /session/3cebd188cade8bc69ea066f8aad5f3e7/elements - {"using":"xpath","value":"//input[@id=\"application-manageresources-display-component---newResourceUnit--TYPE-inner\"]"}
RESULT: {"using":"xpath","value":"//input[@id=\"application-manageresources-display-component---newResourceUnit--TYPE-inner\"]"}
COMMAND: POST /session/3cebd188cade8bc69ea066f8aad5f3e7/elements - {"using":"xpath","value":"//input[@id=\"application-manageresources-display-component---newResourceUnit--TYPE-inner\"]"}
RESULT: {"using":"xpath","value":"//input[@id=\"application-manageresources-display-component---newResourceUnit--TYPE-inner\"]"}
COMMAND: POST /session/3cebd188cade8bc69ea066f8aad5f3e7/elements - {"using":"xpath","value":"//input[@id=\"application-manageresources-display-component---newResourceUnit--TYPE-inner\"]"}
RESULT: {"using":"xpath","value":"//input[@id=\"application-manageresources-display-component---newResourceUnit--TYPE-inner\"]"}
COMMAND: POST /session/3cebd188cade8bc69ea066f8aad5f3e7/elements - {"using":"xpath","value":"//input[@id=\"application-manageresources-display-component---newResourceUnit--TYPE-inner\"]"}
RESULT: {"using":"xpath","value":"//input[@id=\"application-manageresources-display-component---newResourceUnit--TYPE-inner\"]"}
COMMAND: POST /session/3cebd188cade8bc69ea066f8aad5f3e7/elements - {"using":"xpath","value":"//input[@id=\"application-manageresources-display-component---newResourceUnit--TYPE-inner\"]"}
RESULT: {"using":"xpath","value":"//input[@id=\"application-manageresources-display-component---newResourceUnit--TYPE-inner\"]"}
COMMAND: POST /session/3cebd188cade8bc69ea066f8aad5f3e7/elements - {"using":"xpath","value":"//input[@id=\"application-manageresources-display-component---newResourceUnit--TYPE-inner\"]"}
RESULT: {"using":"xpath","value":"//input[@id=\"application-manageresources-display-component---newResourceUnit--TYPE-inner\"]"}
COMMAND: POST /session/3cebd188cade8bc69ea066f8aad5f3e7/elements - {"using":"xpath","value":"//input[@id=\"application-manageresources-display-component---newResourceUnit--TYPE-inner\"]"}
RESULT: {"using":"xpath","value":"//input[@id=\"application-manageresources-display-component---newResourceUnit--TYPE-inner\"]"}
COMMAND: POST /session/3cebd188cade8bc69ea066f8aad5f3e7/elements - {"using":"xpath","value":"//input[@id=\"application-manageresources-display-component---newResourceUnit--TYPE-inner\"]"}
RESULT: {"using":"xpath","value":"//input[@id=\"application-manageresources-display-component---newResourceUnit--TYPE-inner\"]"}
COMMAND: POST /session/3cebd188cade8bc69ea066f8aad5f3e7/elements - {"using":"xpath","value":"//input[@id=\"application-manageresources-display-component---newResourceUnit--TYPE-inner\"]"}
RESULT: {"using":"xpath","value":"//input[@id=\"application-manageresources-display-component---newResourceUnit--TYPE-inner\"]"}
COMMAND: POST /session/3cebd188cade8bc69ea066f8aad5f3e7/elements - {"using":"xpath","value":"//input[@id=\"application-manageresources-display-component---newResourceUnit--TYPE-inner\"]"}
RESULT: {"using":"xpath","value":"//input[@id=\"application-manageresources-display-component---newResourceUnit--TYPE-inner\"]"}
COMMAND: POST /session/3cebd188cade8bc69ea066f8aad5f3e7/elements - {"using":"xpath","value":"//input[@id=\"application-manageresources-display-component---newResourceUnit--TYPE-inner\"]"}
RESULT: {"using":"xpath","value":"//input[@id=\"application-manageresources-display-component---newResourceUnit--TYPE-inner\"]"}
COMMAND: POST /session/3cebd188cade8bc69ea066f8aad5f3e7/elements - {"using":"xpath","value":"//input[@id=\"application-manageresources-display-component---newResourceUnit--TYPE-inner\"]"}
RESULT: {"using":"xpath","value":"//input[@id=\"application-manageresources-display-component---newResourceUnit--TYPE-inner\"]"}
COMMAND: POST /session/3cebd188cade8bc69ea066f8aad5f3e7/elements - {"using":"xpath","value":"//input[@id=\"application-manageresources-display-component---newResourceUnit--TYPE-inner\"]"}
RESULT: {"using":"xpath","value":"//input[@id=\"application-manageresources-display-component---newResourceUnit--TYPE-inner\"]"}
COMMAND: POST /session/3cebd188cade8bc69ea066f8aad5f3e7/elements - {"using":"xpath","value":"//input[@id=\"application-manageresources-display-component---newResourceUnit--TYPE-inner\"]"}
RESULT: {"using":"xpath","value":"//input[@id=\"application-manageresources-display-component---newResourceUnit--TYPE-inner\"]"}
COMMAND: POST /session/3cebd188cade8bc69ea066f8aad5f3e7/elements - {"using":"xpath","value":"//input[@id=\"application-manageresources-display-component---newResourceUnit--TYPE-inner\"]"}
RESULT: {"using":"xpath","value":"//input[@id=\"application-manageresources-display-component---newResourceUnit--TYPE-inner\"]"}
COMMAND: POST /session/3cebd188cade8bc69ea066f8aad5f3e7/elements - {"using":"xpath","value":"//input[@id=\"application-manageresources-display-component---newResourceUnit--TYPE-inner\"]"}
RESULT: {"using":"xpath","value":"//input[@id=\"application-manageresources-display-component---newResourceUnit--TYPE-inner\"]"}
COMMAND: POST /session/3cebd188cade8bc69ea066f8aad5f3e7/elements - {"using":"xpath","value":"//input[@id=\"application-manageresources-display-component---newResourceUnit--TYPE-inner\"]"}
RESULT: {"using":"xpath","value":"//input[@id=\"application-manageresources-display-component---newResourceUnit--TYPE-inner\"]"}
COMMAND: POST /session/3cebd188cade8bc69ea066f8aad5f3e7/elements - {"using":"xpath","value":"//input[@id=\"application-manageresources-display-component---newResourceUnit--TYPE-inner\"]"}
RESULT: {"using":"xpath","value":"//input[@id=\"application-manageresources-display-component---newResourceUnit--TYPE-inner\"]"}
COMMAND: POST /session/3cebd188cade8bc69ea066f8aad5f3e7/elements - {"using":"xpath","value":"//input[@id=\"application-manageresources-display-component---newResourceUnit--TYPE-inner\"]"}
RESULT: {"using":"xpath","value":"//input[@id=\"application-manageresources-display-component---newResourceUnit--TYPE-inner\"]"}
COMMAND: POST /session/3cebd188cade8bc69ea066f8aad5f3e7/elements - {"using":"xpath","value":"//input[@id=\"application-manageresources-display-component---newResourceUnit--TYPE-inner\"]"}
RESULT: {"using":"xpath","value":"//input[@id=\"application-manageresources-display-component---newResourceUnit--TYPE-inner\"]"}
COMMAND: POST /session/3cebd188cade8bc69ea066f8aad5f3e7/elements - {"using":"xpath","value":"//input[@id=\"application-manageresources-display-component---newResourceUnit--TYPE-inner\"]"}
RESULT: {"using":"xpath","value":"//input[@id=\"application-manageresources-display-component---newResourceUnit--TYPE-inner\"]"}
COMMAND: POST /session/3cebd188cade8bc69ea066f8aad5f3e7/elements - {"using":"xpath","value":"//input[@id=\"application-manageresources-display-component---newResourceUnit--TYPE-inner\"]"}
RESULT: {"using":"xpath","value":"//input[@id=\"application-manageresources-display-component---newResourceUnit--TYPE-inner\"]"}
COMMAND: POST /session/3cebd188cade8bc69ea066f8aad5f3e7/elements - {"using":"xpath","value":"//input[@id=\"application-manageresources-display-component---newResourceUnit--TYPE-inner\"]"}
RESULT: {"using":"xpath","value":"//input[@id=\"application-manageresources-display-component---newResourceUnit--TYPE-inner\"]"}
COMMAND: POST /session/3cebd188cade8bc69ea066f8aad5f3e7/elements - {"using":"xpath","value":"//input[@id=\"application-manageresources-display-component---newResourceUnit--TYPE-inner\"]"}
RESULT: {"using":"xpath","value":"//input[@id=\"application-manageresources-display-component---newResourceUnit--TYPE-inner\"]"}
COMMAND: POST /session/3cebd188cade8bc69ea066f8aad5f3e7/elements - {"using":"xpath","value":"//input[@id=\"application-manageresources-display-component---newResourceUnit--TYPE-inner\"]"}
RESULT: {"using":"xpath","value":"//input[@id=\"application-manageresources-display-component---newResourceUnit--TYPE-inner\"]"}
COMMAND: POST /session/3cebd188cade8bc69ea066f8aad5f3e7/elements - {"using":"xpath","value":"//input[@id=\"application-manageresources-display-component---newResourceUnit--TYPE-inner\"]"}
RESULT: {"using":"xpath","value":"//input[@id=\"application-manageresources-display-component---newResourceUnit--TYPE-inner\"]"}
COMMAND: POST /session/3cebd188cade8bc69ea066f8aad5f3e7/elements - {"using":"xpath","value":"//input[@id=\"application-manageresources-display-component---newResourceUnit--TYPE-inner\"]"}
RESULT: {"using":"xpath","value":"//input[@id=\"application-manageresources-display-component---newResourceUnit--TYPE-inner\"]"}
COMMAND: POST /session/3cebd188cade8bc69ea066f8aad5f3e7/elements - {"using":"xpath","value":"//input[@id=\"application-manageresources-display-component---newResourceUnit--TYPE-inner\"]"}
RESULT: {"using":"xpath","value":"//input[@id=\"application-manageresources-display-component---newResourceUnit--TYPE-inner\"]"}
COMMAND: POST /session/3cebd188cade8bc69ea066f8aad5f3e7/elements - {"using":"xpath","value":"//input[@id=\"application-manageresources-display-component---newResourceUnit--TYPE-inner\"]"}
RESULT: {"using":"xpath","value":"//input[@id=\"application-manageresources-display-component---newResourceUnit--TYPE-inner\"]"}
COMMAND: POST /session/3cebd188cade8bc69ea066f8aad5f3e7/elements - {"using":"xpath","value":"//input[@id=\"application-manageresources-display-component---newResourceUnit--TYPE-inner\"]"}
RESULT: {"using":"xpath","value":"//input[@id=\"application-manageresources-display-component---newResourceUnit--TYPE-inner\"]"}
COMMAND: POST /session/3cebd188cade8bc69ea066f8aad5f3e7/elements - {"using":"xpath","value":"//input[@id=\"application-manageresources-display-component---newResourceUnit--TYPE-inner\"]"}
RESULT: {"using":"xpath","value":"//input[@id=\"application-manageresources-display-component---newResourceUnit--TYPE-inner\"]"}
COMMAND: POST /session/3cebd188cade8bc69ea066f8aad5f3e7/elements - {"using":"xpath","value":"//input[@id=\"application-manageresources-display-component---newResourceUnit--TYPE-inner\"]"}
RESULT: {"using":"xpath","value":"//input[@id=\"application-manageresources-display-component---newResourceUnit--TYPE-inner\"]"}
COMMAND: POST /session/3cebd188cade8bc69ea066f8aad5f3e7/elements - {"using":"xpath","value":"//input[@id=\"application-manageresources-display-component---newResourceUnit--TYPE-inner\"]"}
RESULT: {"using":"xpath","value":"//input[@id=\"application-manageresources-display-component---newResourceUnit--TYPE-inner\"]"}
COMMAND: POST /session/3cebd188cade8bc69ea066f8aad5f3e7/elements - {"using":"xpath","value":"//input[@id=\"application-manageresources-display-component---newResourceUnit--TYPE-inner\"]"}
RESULT: {"using":"xpath","value":"//input[@id=\"application-manageresources-display-component---newResourceUnit--TYPE-inner\"]"}
COMMAND: POST /session/3cebd188cade8bc69ea066f8aad5f3e7/elements - {"using":"xpath","value":"//input[@id=\"application-manageresources-display-component---newResourceUnit--TYPE-inner\"]"}
RESULT: {"using":"xpath","value":"//input[@id=\"application-manageresources-display-component---newResourceUnit--TYPE-inner\"]"}
COMMAND: POST /session/3cebd188cade8bc69ea066f8aad5f3e7/elements - {"using":"xpath","value":"//input[@id=\"application-manageresources-display-component---newResourceUnit--TYPE-inner\"]"}
RESULT: {"using":"xpath","value":"//input[@id=\"application-manageresources-display-component---newResourceUnit--TYPE-inner\"]"}
COMMAND: POST /session/3cebd188cade8bc69ea066f8aad5f3e7/elements - {"using":"xpath","value":"//input[@id=\"application-manageresources-display-component---newResourceUnit--TYPE-inner\"]"}
RESULT: {"using":"xpath","value":"//input[@id=\"application-manageresources-display-component---newResourceUnit--TYPE-inner\"]"}
COMMAND: POST /session/3cebd188cade8bc69ea066f8aad5f3e7/elements - {"using":"xpath","value":"//input[@id=\"application-manageresources-display-component---newResourceUnit--TYPE-inner\"]"}
RESULT: {"using":"xpath","value":"//input[@id=\"application-manageresources-display-component---newResourceUnit--TYPE-inner\"]"}
COMMAND: POST /session/3cebd188cade8bc69ea066f8aad5f3e7/elements - {"using":"xpath","value":"//input[@id=\"application-manageresources-display-component---newResourceUnit--TYPE-inner\"]"}
RESULT: {"using":"xpath","value":"//input[@id=\"application-manageresources-display-component---newResourceUnit--TYPE-inner\"]"}
COMMAND: POST /session/3cebd188cade8bc69ea066f8aad5f3e7/elements - {"using":"xpath","value":"//input[@id=\"application-manageresources-display-component---newResourceUnit--TYPE-inner\"]"}
RESULT: {"using":"xpath","value":"//input[@id=\"application-manageresources-display-component---newResourceUnit--TYPE-inner\"]"}
COMMAND: POST /session/3cebd188cade8bc69ea066f8aad5f3e7/elements - {"using":"xpath","value":"//input[@id=\"application-manageresources-display-component---newResourceUnit--TYPE-inner\"]"}
RESULT: {"using":"xpath","value":"//input[@id=\"application-manageresources-display-component---newResourceUnit--TYPE-inner\"]"}
COMMAND: POST /session/3cebd188cade8bc69ea066f8aad5f3e7/elements - {"using":"xpath","value":"//input[@id=\"application-manageresources-display-component---newResourceUnit--TYPE-inner\"]"}
RESULT: {"using":"xpath","value":"//input[@id=\"application-manageresources-display-component---newResourceUnit--TYPE-inner\"]"}
COMMAND: POST /session/3cebd188cade8bc69ea066f8aad5f3e7/elements - {"using":"xpath","value":"//input[@id=\"application-manageresources-display-component---newResourceUnit--TYPE-inner\"]"}
RESULT: {"using":"xpath","value":"//input[@id=\"application-manageresources-display-component---newResourceUnit--TYPE-inner\"]"}
COMMAND: POST /session/3cebd188cade8bc69ea066f8aad5f3e7/elements - {"using":"xpath","value":"//input[@id=\"application-manageresources-display-component---newResourceUnit--TYPE-inner\"]"}
RESULT: {"using":"xpath","value":"//input[@id=\"application-manageresources-display-component---newResourceUnit--TYPE-inner\"]"}
COMMAND: POST /session/3cebd188cade8bc69ea066f8aad5f3e7/elements - {"using":"xpath","value":"//input[@id=\"application-manageresources-display-component---newResourceUnit--TYPE-inner\"]"}
RESULT: {"using":"xpath","value":"//input[@id=\"application-manageresources-display-component---newResourceUnit--TYPE-inner\"]"}
COMMAND: POST /session/3cebd188cade8bc69ea066f8aad5f3e7/elements - {"using":"xpath","value":"//input[@id=\"application-manageresources-display-component---newResourceUnit--TYPE-inner\"]"}
RESULT: {"using":"xpath","value":"//input[@id=\"application-manageresources-display-component---newResourceUnit--TYPE-inner\"]"}
COMMAND: POST /session/3cebd188cade8bc69ea066f8aad5f3e7/elements - {"using":"xpath","value":"//input[@id=\"application-manageresources-display-component---newResourceUnit--TYPE-inner\"]"}
RESULT: {"using":"xpath","value":"//input[@id=\"application-manageresources-display-component---newResourceUnit--TYPE-inner\"]"}
COMMAND: POST /session/3cebd188cade8bc69ea066f8aad5f3e7/elements - {"using":"xpath","value":"//input[@id=\"application-manageresources-display-component---newResourceUnit--TYPE-inner\"]"}
RESULT: {"using":"xpath","value":"//input[@id=\"application-manageresources-display-component---newResourceUnit--TYPE-inner\"]"}
COMMAND: POST /session/3cebd188cade8bc69ea066f8aad5f3e7/elements - {"using":"xpath","value":"//input[@id=\"application-manageresources-display-component---newResourceUnit--TYPE-inner\"]"}
RESULT: {"using":"xpath","value":"//input[@id=\"application-manageresources-display-component---newResourceUnit--TYPE-inner\"]"}
COMMAND: POST /session/3cebd188cade8bc69ea066f8aad5f3e7/elements - {"using":"xpath","value":"//input[@id=\"application-manageresources-display-component---newResourceUnit--TYPE-inner\"]"}
RESULT: {"using":"xpath","value":"//input[@id=\"application-manageresources-display-component---newResourceUnit--TYPE-inner\"]"}
COMMAND: POST /session/3cebd188cade8bc69ea066f8aad5f3e7/elements - {"using":"xpath","value":"//input[@id=\"application-manageresources-display-component---newResourceUnit--TYPE-inner\"]"}
RESULT: {"using":"xpath","value":"//input[@id=\"application-manageresources-display-component---newResourceUnit--TYPE-inner\"]"}
COMMAND: POST /session/3cebd188cade8bc69ea066f8aad5f3e7/elements - {"using":"xpath","value":"//input[@id=\"application-manageresources-display-component---newResourceUnit--TYPE-inner\"]"}
RESULT: {"using":"xpath","value":"//input[@id=\"application-manageresources-display-component---newResourceUnit--TYPE-inner\"]"}
COMMAND: POST /session/3cebd188cade8bc69ea066f8aad5f3e7/elements - {"using":"xpath","value":"//input[@id=\"application-manageresources-display-component---newResourceUnit--TYPE-inner\"]"}
RESULT: {"using":"xpath","value":"//input[@id=\"application-manageresources-display-component---newResourceUnit--TYPE-inner\"]"}
COMMAND: POST /session/3cebd188cade8bc69ea066f8aad5f3e7/elements - {"using":"xpath","value":"//input[@id=\"application-manageresources-display-component---newResourceUnit--TYPE-inner\"]"}
RESULT: {"using":"xpath","value":"//input[@id=\"application-manageresources-display-component---newResourceUnit--TYPE-inner\"]"}
COMMAND: POST /session/3cebd188cade8bc69ea066f8aad5f3e7/elements - {"using":"xpath","value":"//input[@id=\"application-manageresources-display-component---newResourceUnit--TYPE-inner\"]"}
RESULT: {"using":"xpath","value":"//input[@id=\"application-manageresources-display-component---newResourceUnit--TYPE-inner\"]"}
COMMAND: POST /session/3cebd188cade8bc69ea066f8aad5f3e7/elements - {"using":"xpath","value":"//input[@id=\"application-manageresources-display-component---newResourceUnit--TYPE-inner\"]"}
RESULT: {"using":"xpath","value":"//input[@id=\"application-manageresources-display-component---newResourceUnit--TYPE-inner\"]"}
COMMAND: POST /session/3cebd188cade8bc69ea066f8aad5f3e7/elements - {"using":"xpath","value":"//input[@id=\"application-manageresources-display-component---newResourceUnit--TYPE-inner\"]"}
RESULT: {"using":"xpath","value":"//input[@id=\"application-manageresources-display-component---newResourceUnit--TYPE-inner\"]"}
COMMAND: POST /session/3cebd188cade8bc69ea066f8aad5f3e7/elements - {"using":"xpath","value":"//input[@id=\"application-manageresources-display-component---newResourceUnit--TYPE-inner\"]"}
RESULT: {"using":"xpath","value":"//input[@id=\"application-manageresources-display-component---newResourceUnit--TYPE-inner\"]"}
COMMAND: POST /session/3cebd188cade8bc69ea066f8aad5f3e7/elements - {"using":"xpath","value":"//input[@id=\"application-manageresources-display-component---newResourceUnit--TYPE-inner\"]"}
RESULT: {"using":"xpath","value":"//input[@id=\"application-manageresources-display-component---newResourceUnit--TYPE-inner\"]"}
COMMAND: POST /session/3cebd188cade8bc69ea066f8aad5f3e7/elements - {"using":"xpath","value":"//input[@id=\"application-manageresources-display-component---newResourceUnit--TYPE-inner\"]"}
RESULT: {"using":"xpath","value":"//input[@id=\"application-manageresources-display-component---newResourceUnit--TYPE-inner\"]"}
COMMAND: POST /session/3cebd188cade8bc69ea066f8aad5f3e7/elements - {"using":"xpath","value":"//input[@id=\"application-manageresources-display-component---newResourceUnit--TYPE-inner\"]"}
RESULT: {"using":"xpath","value":"//input[@id=\"application-manageresources-display-component---newResourceUnit--TYPE-inner\"]"}
COMMAND: POST /session/3cebd188cade8bc69ea066f8aad5f3e7/elements - {"using":"xpath","value":"//input[@id=\"application-manageresources-display-component---newResourceUnit--TYPE-inner\"]"}
RESULT: {"using":"xpath","value":"//input[@id=\"application-manageresources-display-component---newResourceUnit--TYPE-inner\"]"}
COMMAND: POST /session/3cebd188cade8bc69ea066f8aad5f3e7/elements - {"using":"xpath","value":"//input[@id=\"application-manageresources-display-component---newResourceUnit--TYPE-inner\"]"}
RESULT: {"using":"xpath","value":"//input[@id=\"application-manageresources-display-component---newResourceUnit--TYPE-inner\"]"}
COMMAND: POST /session/3cebd188cade8bc69ea066f8aad5f3e7/elements - {"using":"xpath","value":"//input[@id=\"application-manageresources-display-component---newResourceUnit--TYPE-inner\"]"}
RESULT: {"using":"xpath","value":"//input[@id=\"application-manageresources-display-component---newResourceUnit--TYPE-inner\"]"}
COMMAND: POST /session/3cebd188cade8bc69ea066f8aad5f3e7/elements - {"using":"xpath","value":"//input[@id=\"application-manageresources-display-component---newResourceUnit--TYPE-inner\"]"}
RESULT: {"using":"xpath","value":"//input[@id=\"application-manageresources-display-component---newResourceUnit--TYPE-inner\"]"}
COMMAND: POST /session/3cebd188cade8bc69ea066f8aad5f3e7/elements - {"using":"xpath","value":"//input[@id=\"application-manageresources-display-component---newResourceUnit--TYPE-inner\"]"}
RESULT: {"using":"xpath","value":"//input[@id=\"application-manageresources-display-component---newResourceUnit--TYPE-inner\"]"}
COMMAND: POST /session/3cebd188cade8bc69ea066f8aad5f3e7/elements - {"using":"xpath","value":"//input[@id=\"application-manageresources-display-component---newResourceUnit--TYPE-inner\"]"}
RESULT: {"using":"xpath","value":"//input[@id=\"application-manageresources-display-component---newResourceUnit--TYPE-inner\"]"}
COMMAND: POST /session/3cebd188cade8bc69ea066f8aad5f3e7/elements - {"using":"xpath","value":"//input[@id=\"application-manageresources-display-component---newResourceUnit--TYPE-inner\"]"}
RESULT: {"using":"xpath","value":"//input[@id=\"application-manageresources-display-component---newResourceUnit--TYPE-inner\"]"}
COMMAND: POST /session/3cebd188cade8bc69ea066f8aad5f3e7/elements - {"using":"xpath","value":"//input[@id=\"application-manageresources-display-component---newResourceUnit--TYPE-inner\"]"}
RESULT: {"using":"xpath","value":"//input[@id=\"application-manageresources-display-component---newResourceUnit--TYPE-inner\"]"}
COMMAND: POST /session/3cebd188cade8bc69ea066f8aad5f3e7/elements - {"using":"xpath","value":"//input[@id=\"application-manageresources-display-component---newResourceUnit--TYPE-inner\"]"}
RESULT: {"using":"xpath","value":"//input[@id=\"application-manageresources-display-component---newResourceUnit--TYPE-inner\"]"}
COMMAND: POST /session/3cebd188cade8bc69ea066f8aad5f3e7/elements - {"using":"xpath","value":"//input[@id=\"application-manageresources-display-component---newResourceUnit--TYPE-inner\"]"}
RESULT: {"using":"xpath","value":"//input[@id=\"application-manageresources-display-component---newResourceUnit--TYPE-inner\"]"}
COMMAND: POST /session/3cebd188cade8bc69ea066f8aad5f3e7/elements - {"using":"xpath","value":"//input[@id=\"application-manageresources-display-component---newResourceUnit--TYPE-inner\"]"}
RESULT: {"using":"xpath","value":"//input[@id=\"application-manageresources-display-component---newResourceUnit--TYPE-inner\"]"}
COMMAND: POST /session/3cebd188cade8bc69ea066f8aad5f3e7/elements - {"using":"xpath","value":"//input[@id=\"application-manageresources-display-component---newResourceUnit--TYPE-inner\"]"}
RESULT: {"using":"xpath","value":"//input[@id=\"application-manageresources-display-component---newResourceUnit--TYPE-inner\"]"}
COMMAND: POST /session/3cebd188cade8bc69ea066f8aad5f3e7/elements - {"using":"xpath","value":"//input[@id=\"application-manageresources-display-component---newResourceUnit--TYPE-inner\"]"}
RESULT: {"using":"xpath","value":"//input[@id=\"application-manageresources-display-component---newResourceUnit--TYPE-inner\"]"}
COMMAND: POST /session/3cebd188cade8bc69ea066f8aad5f3e7/elements - {"using":"xpath","value":"//input[@id=\"application-manageresources-display-component---newResourceUnit--TYPE-inner\"]"}
RESULT: {"using":"xpath","value":"//input[@id=\"application-manageresources-display-component---newResourceUnit--TYPE-inner\"]"}
COMMAND: POST /session/3cebd188cade8bc69ea066f8aad5f3e7/elements - {"using":"xpath","value":"//input[@id=\"application-manageresources-display-component---newResourceUnit--TYPE-inner\"]"}
RESULT: {"using":"xpath","value":"//input[@id=\"application-manageresources-display-component---newResourceUnit--TYPE-inner\"]"}
COMMAND: POST /session/3cebd188cade8bc69ea066f8aad5f3e7/elements - {"using":"xpath","value":"//input[@id=\"application-manageresources-display-component---newResourceUnit--TYPE-inner\"]"}
RESULT: {"using":"xpath","value":"//input[@id=\"application-manageresources-display-component---newResourceUnit--TYPE-inner\"]"}
COMMAND: POST /session/3cebd188cade8bc69ea066f8aad5f3e7/elements - {"using":"xpath","value":"//input[@id=\"application-manageresources-display-component---newResourceUnit--TYPE-inner\"]"}
RESULT: {"using":"xpath","value":"//input[@id=\"application-manageresources-display-component---newResourceUnit--TYPE-inner\"]"}
COMMAND: POST /session/3cebd188cade8bc69ea066f8aad5f3e7/elements - {"using":"xpath","value":"//input[@id=\"application-manageresources-display-component---newResourceUnit--TYPE-inner\"]"}
RESULT: {"using":"xpath","value":"//input[@id=\"application-manageresources-display-component---newResourceUnit--TYPE-inner\"]"}
COMMAND: POST /session/3cebd188cade8bc69ea066f8aad5f3e7/elements - {"using":"xpath","value":"//input[@id=\"application-manageresources-display-component---newResourceUnit--TYPE-inner\"]"}
RESULT: {"using":"xpath","value":"//input[@id=\"application-manageresources-display-component---newResourceUnit--TYPE-inner\"]"}
COMMAND: POST /session/3cebd188cade8bc69ea066f8aad5f3e7/elements - {"using":"xpath","value":"//input[@id=\"application-manageresources-display-component---newResourceUnit--TYPE-inner\"]"}
RESULT: {"using":"xpath","value":"//input[@id=\"application-manageresources-display-component---newResourceUnit--TYPE-inner\"]"}
COMMAND: POST /session/3cebd188cade8bc69ea066f8aad5f3e7/elements - {"using":"xpath","value":"//input[@id=\"application-manageresources-display-component---newResourceUnit--TYPE-inner\"]"}
RESULT: {"using":"xpath","value":"//input[@id=\"application-manageresources-display-component---newResourceUnit--TYPE-inner\"]"}
COMMAND: POST /session/3cebd188cade8bc69ea066f8aad5f3e7/elements - {"using":"xpath","value":"//input[@id=\"application-manageresources-display-component---newResourceUnit--TYPE-inner\"]"}
RESULT: {"using":"xpath","value":"//input[@id=\"application-manageresources-display-component---newResourceUnit--TYPE-inner\"]"}
COMMAND: POST /session/3cebd188cade8bc69ea066f8aad5f3e7/elements - {"using":"xpath","value":"//input[@id=\"application-manageresources-display-component---newResourceUnit--TYPE-inner\"]"}
RESULT: {"using":"xpath","value":"//input[@id=\"application-manageresources-display-component---newResourceUnit--TYPE-inner\"]"}
COMMAND: POST /session/3cebd188cade8bc69ea066f8aad5f3e7/elements - {"using":"xpath","value":"//input[@id=\"application-manageresources-display-component---newResourceUnit--TYPE-inner\"]"}
RESULT: {"using":"xpath","value":"//input[@id=\"application-manageresources-display-component---newResourceUnit--TYPE-inner\"]"}
COMMAND: POST /session/3cebd188cade8bc69ea066f8aad5f3e7/elements - {"using":"xpath","value":"//input[@id=\"application-manageresources-display-component---newResourceUnit--TYPE-inner\"]"}
RESULT: {"using":"xpath","value":"//input[@id=\"application-manageresources-display-component---newResourceUnit--TYPE-inner\"]"}
COMMAND: POST /session/3cebd188cade8bc69ea066f8aad5f3e7/elements - {"using":"xpath","value":"//input[@id=\"application-manageresources-display-component---newResourceUnit--TYPE-inner\"]"}
RESULT: {"using":"xpath","value":"//input[@id=\"application-manageresources-display-component---newResourceUnit--TYPE-inner\"]"}
COMMAND: POST /session/3cebd188cade8bc69ea066f8aad5f3e7/elements - {"using":"xpath","value":"//input[@id=\"application-manageresources-display-component---newResourceUnit--TYPE-inner\"]"}
RESULT: {"using":"xpath","value":"//input[@id=\"application-manageresources-display-component---newResourceUnit--TYPE-inner\"]"}
COMMAND: POST /session/3cebd188cade8bc69ea066f8aad5f3e7/elements - {"using":"xpath","value":"//input[@id=\"application-manageresources-display-component---newResourceUnit--TYPE-inner\"]"}
RESULT: {"using":"xpath","value":"//input[@id=\"application-manageresources-display-component---newResourceUnit--TYPE-inner\"]"}
COMMAND: POST /session/3cebd188cade8bc69ea066f8aad5f3e7/elements - {"using":"xpath","value":"//input[@id=\"application-manageresources-display-component---newResourceUnit--TYPE-inner\"]"}
RESULT: {"using":"xpath","value":"//input[@id=\"application-manageresources-display-component---newResourceUnit--TYPE-inner\"]"}
COMMAND: POST /session/3cebd188cade8bc69ea066f8aad5f3e7/elements - {"using":"xpath","value":"//input[@id=\"application-manageresources-display-component---newResourceUnit--TYPE-inner\"]"}
RESULT: {"using":"xpath","value":"//input[@id=\"application-manageresources-display-component---newResourceUnit--TYPE-inner\"]"}
COMMAND: POST /session/3cebd188cade8bc69ea066f8aad5f3e7/elements - {"using":"xpath","value":"//input[@id=\"application-manageresources-display-component---newResourceUnit--TYPE-inner\"]"}
RESULT: {"using":"xpath","value":"//input[@id=\"application-manageresources-display-component---newResourceUnit--TYPE-inner\"]"}
COMMAND: POST /session/3cebd188cade8bc69ea066f8aad5f3e7/elements - {"using":"xpath","value":"//input[@id=\"application-manageresources-display-component---newResourceUnit--TYPE-inner\"]"}
RESULT: {"using":"xpath","value":"//input[@id=\"application-manageresources-display-component---newResourceUnit--TYPE-inner\"]"}
COMMAND: POST /session/3cebd188cade8bc69ea066f8aad5f3e7/elements - {"using":"xpath","value":"//input[@id=\"application-manageresources-display-component---newResourceUnit--TYPE-inner\"]"}
RESULT: {"using":"xpath","value":"//input[@id=\"application-manageresources-display-component---newResourceUnit--TYPE-inner\"]"}
COMMAND: POST /session/3cebd188cade8bc69ea066f8aad5f3e7/elements - {"using":"xpath","value":"//input[@id=\"application-manageresources-display-component---newResourceUnit--TYPE-inner\"]"}
RESULT: {"using":"xpath","value":"//input[@id=\"application-manageresources-display-component---newResourceUnit--TYPE-inner\"]"}
COMMAND: POST /session/3cebd188cade8bc69ea066f8aad5f3e7/elements - {"using":"xpath","value":"//input[@id=\"application-manageresources-display-component---newResourceUnit--TYPE-inner\"]"}
RESULT: {"using":"xpath","value":"//input[@id=\"application-manageresources-display-component---newResourceUnit--TYPE-inner\"]"}
COMMAND: POST /session/3cebd188cade8bc69ea066f8aad5f3e7/elements - {"using":"xpath","value":"//input[@id=\"application-manageresources-display-component---newResourceUnit--TYPE-inner\"]"}
RESULT: {"using":"xpath","value":"//input[@id=\"application-manageresources-display-component---newResourceUnit--TYPE-inner\"]"}
COMMAND: POST /session/3cebd188cade8bc69ea066f8aad5f3e7/elements - {"using":"xpath","value":"//input[@id=\"application-manageresources-display-component---newResourceUnit--TYPE-inner\"]"}
RESULT: {"using":"xpath","value":"//input[@id=\"application-manageresources-display-component---newResourceUnit--TYPE-inner\"]"}
COMMAND: POST /session/3cebd188cade8bc69ea066f8aad5f3e7/elements - {"using":"xpath","value":"//input[@id=\"application-manageresources-display-component---newResourceUnit--TYPE-inner\"]"}
RESULT: {"using":"xpath","value":"//input[@id=\"application-manageresources-display-component---newResourceUnit--TYPE-inner\"]"}
COMMAND: POST /session/3cebd188cade8bc69ea066f8aad5f3e7/elements - {"using":"xpath","value":"//input[@id=\"application-manageresources-display-component---newResourceUnit--TYPE-inner\"]"}
RESULT: {"using":"xpath","value":"//input[@id=\"application-manageresources-display-component---newResourceUnit--TYPE-inner\"]"}
COMMAND: POST /session/3cebd188cade8bc69ea066f8aad5f3e7/elements - {"using":"xpath","value":"//input[@id=\"application-manageresources-display-component---newResourceUnit--TYPE-inner\"]"}
RESULT: {"using":"xpath","value":"//input[@id=\"application-manageresources-display-component---newResourceUnit--TYPE-inner\"]"}
COMMAND: POST /session/3cebd188cade8bc69ea066f8aad5f3e7/elements - {"using":"xpath","value":"//input[@id=\"application-manageresources-display-component---newResourceUnit--TYPE-inner\"]"}
RESULT: {"using":"xpath","value":"//input[@id=\"application-manageresources-display-component---newResourceUnit--TYPE-inner\"]"}
COMMAND: POST /session/3cebd188cade8bc69ea066f8aad5f3e7/elements - {"using":"xpath","value":"//input[@id=\"application-manageresources-display-component---newResourceUnit--TYPE-inner\"]"}
RESULT: {"using":"xpath","value":"//input[@id=\"application-manageresources-display-component---newResourceUnit--TYPE-inner\"]"}
COMMAND: POST /session/3cebd188cade8bc69ea066f8aad5f3e7/elements - {"using":"xpath","value":"//input[@id=\"application-manageresources-display-component---newResourceUnit--TYPE-inner\"]"}
RESULT: {"using":"xpath","value":"//input[@id=\"application-manageresources-display-component---newResourceUnit--TYPE-inner\"]"}
COMMAND: POST /session/3cebd188cade8bc69ea066f8aad5f3e7/elements - {"using":"xpath","value":"//input[@id=\"application-manageresources-display-component---newResourceUnit--TYPE-inner\"]"}
RESULT: {"using":"xpath","value":"//input[@id=\"application-manageresources-display-component---newResourceUnit--TYPE-inner\"]"}
COMMAND: POST /session/3cebd188cade8bc69ea066f8aad5f3e7/elements - {"using":"xpath","value":"//input[@id=\"application-manageresources-display-component---newResourceUnit--TYPE-inner\"]"}
RESULT: {"using":"xpath","value":"//input[@id=\"application-manageresources-display-component---newResourceUnit--TYPE-inner\"]"}
COMMAND: POST /session/3cebd188cade8bc69ea066f8aad5f3e7/elements - {"using":"xpath","value":"//input[@id=\"application-manageresources-display-component---newResourceUnit--TYPE-inner\"]"}
RESULT: {"using":"xpath","value":"//input[@id=\"application-manageresources-display-component---newResourceUnit--TYPE-inner\"]"}
COMMAND: POST /session/3cebd188cade8bc69ea066f8aad5f3e7/elements - {"using":"xpath","value":"//input[@id=\"application-manageresources-display-component---newResourceUnit--TYPE-inner\"]"}
RESULT: {"using":"xpath","value":"//input[@id=\"application-manageresources-display-component---newResourceUnit--TYPE-inner\"]"}
COMMAND: POST /session/3cebd188cade8bc69ea066f8aad5f3e7/elements - {"using":"xpath","value":"//input[@id=\"application-manageresources-display-component---newResourceUnit--TYPE-inner\"]"}
RESULT: {"using":"xpath","value":"//input[@id=\"application-manageresources-display-component---newResourceUnit--TYPE-inner\"]"}
COMMAND: POST /session/3cebd188cade8bc69ea066f8aad5f3e7/elements - {"using":"xpath","value":"//input[@id=\"application-manageresources-display-component---newResourceUnit--TYPE-inner\"]"}
RESULT: {"using":"xpath","value":"//input[@id=\"application-manageresources-display-component---newResourceUnit--TYPE-inner\"]"}
COMMAND: POST /session/3cebd188cade8bc69ea066f8aad5f3e7/elements - {"using":"xpath","value":"//input[@id=\"application-manageresources-display-component---newResourceUnit--TYPE-inner\"]"}
RESULT: {"using":"xpath","value":"//input[@id=\"application-manageresources-display-component---newResourceUnit--TYPE-inner\"]"}
COMMAND: POST /session/3cebd188cade8bc69ea066f8aad5f3e7/elements - {"using":"xpath","value":"//input[@id=\"application-manageresources-display-component---newResourceUnit--TYPE-inner\"]"}
RESULT: {"using":"xpath","value":"//input[@id=\"application-manageresources-display-component---newResourceUnit--TYPE-inner\"]"}
COMMAND: POST /session/3cebd188cade8bc69ea066f8aad5f3e7/elements - {"using":"xpath","value":"//input[@id=\"application-manageresources-display-component---newResourceUnit--TYPE-inner\"]"}
RESULT: {"using":"xpath","value":"//input[@id=\"application-manageresources-display-component---newResourceUnit--TYPE-inner\"]"}
COMMAND: POST /session/3cebd188cade8bc69ea066f8aad5f3e7/elements - {"using":"xpath","value":"//input[@id=\"application-manageresources-display-component---newResourceUnit--TYPE-inner\"]"}
RESULT: {"using":"xpath","value":"//input[@id=\"application-manageresources-display-component---newResourceUnit--TYPE-inner\"]"}
COMMAND: POST /session/3cebd188cade8bc69ea066f8aad5f3e7/elements - {"using":"xpath","value":"//input[@id=\"application-manageresources-display-component---newResourceUnit--TYPE-inner\"]"}
RESULT: {"using":"xpath","value":"//input[@id=\"application-manageresources-display-component---newResourceUnit--TYPE-inner\"]"}
COMMAND: POST /session/3cebd188cade8bc69ea066f8aad5f3e7/elements - {"using":"xpath","value":"//input[@id=\"application-manageresources-display-component---newResourceUnit--TYPE-inner\"]"}
RESULT: {"using":"xpath","value":"//input[@id=\"application-manageresources-display-component---newResourceUnit--TYPE-inner\"]"}
COMMAND: POST /session/3cebd188cade8bc69ea066f8aad5f3e7/elements - {"using":"xpath","value":"//input[@id=\"application-manageresources-display-component---newResourceUnit--TYPE-inner\"]"}
RESULT: {"using":"xpath","value":"//input[@id=\"application-manageresources-display-component---newResourceUnit--TYPE-inner\"]"}
COMMAND: POST /session/3cebd188cade8bc69ea066f8aad5f3e7/elements - {"using":"xpath","value":"//input[@id=\"application-manageresources-display-component---newResourceUnit--TYPE-inner\"]"}
COMMAND: GET /session/3cebd188cade8bc69ea066f8aad5f3e7/screenshot - {}
RESULT: {"using":"xpath","value":"//input[@id=\"application-manageresources-display-component---newResourceUnit--TYPE-inner\"]"}
RESULT: {}
]]></system-out>
      <system-err><![CDATA[
Error: Can't call setValue on element with selector "//input[@id="application-manageresources-display-component---newResourceUnit--TYPE-inner"]" because element wasn't found
    at async UtilsPrerequisites.resourceCreation (D:\a\1\s\test\specs\BTS\prerequisites-and-utils-functions.js:873:9)
    at async Context.<anonymous> (D:\a\1\s\test\specs\HTR\manage-states-perf.spec.js:138:9)
]]></system-err>
    </testcase>
    <testcase classname="chrome.136_0_7103_93.windows.Manage_States_&amp;_Performance_Tests_US151247_US151423_US151467" name="Step 2 Try to save empty performance document US151423" time="57.768">
      <failure/>
      <error message="element (&quot;//button[@data-kt=&quot;massStateChangeRusSectionButton&quot;]&quot;) still not existing after 45000ms"/>
      <system-out><![CDATA[
COMMAND: GET /session/3cebd188cade8bc69ea066f8aad5f3e7/screenshot - {}
RESULT: undefined
RESULT: {}
COMMAND: POST /session/3cebd188cade8bc69ea066f8aad5f3e7/elements - {"using":"xpath","value":"//span[text()='Error']"}
RESULT: {"using":"xpath","value":"//span[text()='Error']"}
COMMAND: POST /session/3cebd188cade8bc69ea066f8aad5f3e7/elements - {"using":"xpath","value":"//*[text()='Close']"}
RESULT: {"using":"xpath","value":"//*[text()='Close']"}
COMMAND: GET /session/3cebd188cade8bc69ea066f8aad5f3e7/element/f.D8146A0945362D622A49705032EBB55A.d.568D32755D0F3CB15D202CC7EF92E01A.e.6284/enabled - {}
RESULT: {}
COMMAND: POST /session/3cebd188cade8bc69ea066f8aad5f3e7/execute/sync - {"script":"<script> [8489 bytes]","args":[{"element-6066-11e4-a52e-4f735466cecf":"f.D8146A0945362D622A49705032EBB55A.d.568D32755D0F3CB15D202CC7EF92E01A.e.6284","ELEMENT":"f.D8146A0945362D622A49705032EBB55A.d.568D32755D0F3CB15D202CC7EF92E01A.e.6284"}]}
COMMAND: GET /session/3cebd188cade8bc69ea066f8aad5f3e7/screenshot - {}
RESULT: {"script":"<script> [8489 bytes]","args":[{"element-6066-11e4-a52e-4f735466cecf":"f.D8146A0945362D622A49705032EBB55A.d.568D32755D0F3CB15D202CC7EF92E01A.e.6284","ELEMENT":"f.D8146A0945362D622A49705032EBB55A.d.568D32755D0F3CB15D202CC7EF92E01A.e.6284"}]}
COMMAND: POST /session/3cebd188cade8bc69ea066f8aad5f3e7/execute/sync - {"script":"<script> [5351 bytes]","args":[{"element-6066-11e4-a52e-4f735466cecf":"f.D8146A0945362D622A49705032EBB55A.d.568D32755D0F3CB15D202CC7EF92E01A.e.6284","ELEMENT":"f.D8146A0945362D622A49705032EBB55A.d.568D32755D0F3CB15D202CC7EF92E01A.e.6284"}]}
COMMAND: GET /session/3cebd188cade8bc69ea066f8aad5f3e7/screenshot - {}
RESULT: {}
RESULT: {"script":"<script> [5351 bytes]","args":[{"element-6066-11e4-a52e-4f735466cecf":"f.D8146A0945362D622A49705032EBB55A.d.568D32755D0F3CB15D202CC7EF92E01A.e.6284","ELEMENT":"f.D8146A0945362D622A49705032EBB55A.d.568D32755D0F3CB15D202CC7EF92E01A.e.6284"}]}
COMMAND: POST /session/3cebd188cade8bc69ea066f8aad5f3e7/element/f.D8146A0945362D622A49705032EBB55A.d.568D32755D0F3CB15D202CC7EF92E01A.e.6284/click - {}
COMMAND: GET /session/3cebd188cade8bc69ea066f8aad5f3e7/screenshot - {}
RESULT: {}
RESULT: {}
COMMAND: POST /session/3cebd188cade8bc69ea066f8aad5f3e7/elements - {"using":"xpath","value":"//*[text()='OK']"}
COMMAND: GET /session/3cebd188cade8bc69ea066f8aad5f3e7/screenshot - {}
RESULT: {}
RESULT: {"using":"xpath","value":"//*[text()='OK']"}
COMMAND: POST /session/3cebd188cade8bc69ea066f8aad5f3e7/element - {"using":"xpath","value":"//button[@data-kt=\"massStateChangeRusSectionButton\"]"}
RESULT: {}
RESULT: {"using":"xpath","value":"//button[@data-kt=\"massStateChangeRusSectionButton\"]"}
COMMAND: POST /session/3cebd188cade8bc69ea066f8aad5f3e7/elements - {"using":"xpath","value":"//button[@data-kt=\"massStateChangeRusSectionButton\"]"}
RESULT: {"using":"xpath","value":"//button[@data-kt=\"massStateChangeRusSectionButton\"]"}
COMMAND: POST /session/3cebd188cade8bc69ea066f8aad5f3e7/elements - {"using":"xpath","value":"//button[@data-kt=\"massStateChangeRusSectionButton\"]"}
RESULT: {"using":"xpath","value":"//button[@data-kt=\"massStateChangeRusSectionButton\"]"}
COMMAND: POST /session/3cebd188cade8bc69ea066f8aad5f3e7/elements - {"using":"xpath","value":"//button[@data-kt=\"massStateChangeRusSectionButton\"]"}
RESULT: {"using":"xpath","value":"//button[@data-kt=\"massStateChangeRusSectionButton\"]"}
COMMAND: POST /session/3cebd188cade8bc69ea066f8aad5f3e7/elements - {"using":"xpath","value":"//button[@data-kt=\"massStateChangeRusSectionButton\"]"}
RESULT: {"using":"xpath","value":"//button[@data-kt=\"massStateChangeRusSectionButton\"]"}
COMMAND: POST /session/3cebd188cade8bc69ea066f8aad5f3e7/elements - {"using":"xpath","value":"//button[@data-kt=\"massStateChangeRusSectionButton\"]"}
RESULT: {"using":"xpath","value":"//button[@data-kt=\"massStateChangeRusSectionButton\"]"}
COMMAND: POST /session/3cebd188cade8bc69ea066f8aad5f3e7/elements - {"using":"xpath","value":"//button[@data-kt=\"massStateChangeRusSectionButton\"]"}
RESULT: {"using":"xpath","value":"//button[@data-kt=\"massStateChangeRusSectionButton\"]"}
COMMAND: POST /session/3cebd188cade8bc69ea066f8aad5f3e7/elements - {"using":"xpath","value":"//button[@data-kt=\"massStateChangeRusSectionButton\"]"}
RESULT: {"using":"xpath","value":"//button[@data-kt=\"massStateChangeRusSectionButton\"]"}
COMMAND: POST /session/3cebd188cade8bc69ea066f8aad5f3e7/elements - {"using":"xpath","value":"//button[@data-kt=\"massStateChangeRusSectionButton\"]"}
RESULT: {"using":"xpath","value":"//button[@data-kt=\"massStateChangeRusSectionButton\"]"}
COMMAND: POST /session/3cebd188cade8bc69ea066f8aad5f3e7/elements - {"using":"xpath","value":"//button[@data-kt=\"massStateChangeRusSectionButton\"]"}
RESULT: {"using":"xpath","value":"//button[@data-kt=\"massStateChangeRusSectionButton\"]"}
COMMAND: POST /session/3cebd188cade8bc69ea066f8aad5f3e7/elements - {"using":"xpath","value":"//button[@data-kt=\"massStateChangeRusSectionButton\"]"}
RESULT: {"using":"xpath","value":"//button[@data-kt=\"massStateChangeRusSectionButton\"]"}
COMMAND: POST /session/3cebd188cade8bc69ea066f8aad5f3e7/elements - {"using":"xpath","value":"//button[@data-kt=\"massStateChangeRusSectionButton\"]"}
RESULT: {"using":"xpath","value":"//button[@data-kt=\"massStateChangeRusSectionButton\"]"}
COMMAND: POST /session/3cebd188cade8bc69ea066f8aad5f3e7/elements - {"using":"xpath","value":"//button[@data-kt=\"massStateChangeRusSectionButton\"]"}
RESULT: {"using":"xpath","value":"//button[@data-kt=\"massStateChangeRusSectionButton\"]"}
COMMAND: POST /session/3cebd188cade8bc69ea066f8aad5f3e7/elements - {"using":"xpath","value":"//button[@data-kt=\"massStateChangeRusSectionButton\"]"}
RESULT: {"using":"xpath","value":"//button[@data-kt=\"massStateChangeRusSectionButton\"]"}
COMMAND: POST /session/3cebd188cade8bc69ea066f8aad5f3e7/elements - {"using":"xpath","value":"//button[@data-kt=\"massStateChangeRusSectionButton\"]"}
RESULT: {"using":"xpath","value":"//button[@data-kt=\"massStateChangeRusSectionButton\"]"}
COMMAND: POST /session/3cebd188cade8bc69ea066f8aad5f3e7/elements - {"using":"xpath","value":"//button[@data-kt=\"massStateChangeRusSectionButton\"]"}
RESULT: {"using":"xpath","value":"//button[@data-kt=\"massStateChangeRusSectionButton\"]"}
COMMAND: POST /session/3cebd188cade8bc69ea066f8aad5f3e7/elements - {"using":"xpath","value":"//button[@data-kt=\"massStateChangeRusSectionButton\"]"}
RESULT: {"using":"xpath","value":"//button[@data-kt=\"massStateChangeRusSectionButton\"]"}
COMMAND: POST /session/3cebd188cade8bc69ea066f8aad5f3e7/elements - {"using":"xpath","value":"//button[@data-kt=\"massStateChangeRusSectionButton\"]"}
RESULT: {"using":"xpath","value":"//button[@data-kt=\"massStateChangeRusSectionButton\"]"}
COMMAND: POST /session/3cebd188cade8bc69ea066f8aad5f3e7/elements - {"using":"xpath","value":"//button[@data-kt=\"massStateChangeRusSectionButton\"]"}
RESULT: {"using":"xpath","value":"//button[@data-kt=\"massStateChangeRusSectionButton\"]"}
COMMAND: POST /session/3cebd188cade8bc69ea066f8aad5f3e7/elements - {"using":"xpath","value":"//button[@data-kt=\"massStateChangeRusSectionButton\"]"}
RESULT: {"using":"xpath","value":"//button[@data-kt=\"massStateChangeRusSectionButton\"]"}
COMMAND: POST /session/3cebd188cade8bc69ea066f8aad5f3e7/elements - {"using":"xpath","value":"//button[@data-kt=\"massStateChangeRusSectionButton\"]"}
RESULT: {"using":"xpath","value":"//button[@data-kt=\"massStateChangeRusSectionButton\"]"}
COMMAND: POST /session/3cebd188cade8bc69ea066f8aad5f3e7/elements - {"using":"xpath","value":"//button[@data-kt=\"massStateChangeRusSectionButton\"]"}
RESULT: {"using":"xpath","value":"//button[@data-kt=\"massStateChangeRusSectionButton\"]"}
COMMAND: POST /session/3cebd188cade8bc69ea066f8aad5f3e7/elements - {"using":"xpath","value":"//button[@data-kt=\"massStateChangeRusSectionButton\"]"}
RESULT: {"using":"xpath","value":"//button[@data-kt=\"massStateChangeRusSectionButton\"]"}
COMMAND: POST /session/3cebd188cade8bc69ea066f8aad5f3e7/elements - {"using":"xpath","value":"//button[@data-kt=\"massStateChangeRusSectionButton\"]"}
RESULT: {"using":"xpath","value":"//button[@data-kt=\"massStateChangeRusSectionButton\"]"}
COMMAND: POST /session/3cebd188cade8bc69ea066f8aad5f3e7/elements - {"using":"xpath","value":"//button[@data-kt=\"massStateChangeRusSectionButton\"]"}
RESULT: {"using":"xpath","value":"//button[@data-kt=\"massStateChangeRusSectionButton\"]"}
COMMAND: POST /session/3cebd188cade8bc69ea066f8aad5f3e7/elements - {"using":"xpath","value":"//button[@data-kt=\"massStateChangeRusSectionButton\"]"}
RESULT: {"using":"xpath","value":"//button[@data-kt=\"massStateChangeRusSectionButton\"]"}
COMMAND: POST /session/3cebd188cade8bc69ea066f8aad5f3e7/elements - {"using":"xpath","value":"//button[@data-kt=\"massStateChangeRusSectionButton\"]"}
RESULT: {"using":"xpath","value":"//button[@data-kt=\"massStateChangeRusSectionButton\"]"}
COMMAND: POST /session/3cebd188cade8bc69ea066f8aad5f3e7/elements - {"using":"xpath","value":"//button[@data-kt=\"massStateChangeRusSectionButton\"]"}
RESULT: {"using":"xpath","value":"//button[@data-kt=\"massStateChangeRusSectionButton\"]"}
COMMAND: POST /session/3cebd188cade8bc69ea066f8aad5f3e7/elements - {"using":"xpath","value":"//button[@data-kt=\"massStateChangeRusSectionButton\"]"}
RESULT: {"using":"xpath","value":"//button[@data-kt=\"massStateChangeRusSectionButton\"]"}
COMMAND: POST /session/3cebd188cade8bc69ea066f8aad5f3e7/elements - {"using":"xpath","value":"//button[@data-kt=\"massStateChangeRusSectionButton\"]"}
RESULT: {"using":"xpath","value":"//button[@data-kt=\"massStateChangeRusSectionButton\"]"}
COMMAND: POST /session/3cebd188cade8bc69ea066f8aad5f3e7/elements - {"using":"xpath","value":"//button[@data-kt=\"massStateChangeRusSectionButton\"]"}
RESULT: {"using":"xpath","value":"//button[@data-kt=\"massStateChangeRusSectionButton\"]"}
COMMAND: POST /session/3cebd188cade8bc69ea066f8aad5f3e7/elements - {"using":"xpath","value":"//button[@data-kt=\"massStateChangeRusSectionButton\"]"}
RESULT: {"using":"xpath","value":"//button[@data-kt=\"massStateChangeRusSectionButton\"]"}
COMMAND: POST /session/3cebd188cade8bc69ea066f8aad5f3e7/elements - {"using":"xpath","value":"//button[@data-kt=\"massStateChangeRusSectionButton\"]"}
RESULT: {"using":"xpath","value":"//button[@data-kt=\"massStateChangeRusSectionButton\"]"}
COMMAND: POST /session/3cebd188cade8bc69ea066f8aad5f3e7/elements - {"using":"xpath","value":"//button[@data-kt=\"massStateChangeRusSectionButton\"]"}
RESULT: {"using":"xpath","value":"//button[@data-kt=\"massStateChangeRusSectionButton\"]"}
COMMAND: POST /session/3cebd188cade8bc69ea066f8aad5f3e7/elements - {"using":"xpath","value":"//button[@data-kt=\"massStateChangeRusSectionButton\"]"}
RESULT: {"using":"xpath","value":"//button[@data-kt=\"massStateChangeRusSectionButton\"]"}
COMMAND: POST /session/3cebd188cade8bc69ea066f8aad5f3e7/elements - {"using":"xpath","value":"//button[@data-kt=\"massStateChangeRusSectionButton\"]"}
RESULT: {"using":"xpath","value":"//button[@data-kt=\"massStateChangeRusSectionButton\"]"}
COMMAND: POST /session/3cebd188cade8bc69ea066f8aad5f3e7/elements - {"using":"xpath","value":"//button[@data-kt=\"massStateChangeRusSectionButton\"]"}
RESULT: {"using":"xpath","value":"//button[@data-kt=\"massStateChangeRusSectionButton\"]"}
COMMAND: POST /session/3cebd188cade8bc69ea066f8aad5f3e7/elements - {"using":"xpath","value":"//button[@data-kt=\"massStateChangeRusSectionButton\"]"}
RESULT: {"using":"xpath","value":"//button[@data-kt=\"massStateChangeRusSectionButton\"]"}
COMMAND: POST /session/3cebd188cade8bc69ea066f8aad5f3e7/elements - {"using":"xpath","value":"//button[@data-kt=\"massStateChangeRusSectionButton\"]"}
RESULT: {"using":"xpath","value":"//button[@data-kt=\"massStateChangeRusSectionButton\"]"}
COMMAND: POST /session/3cebd188cade8bc69ea066f8aad5f3e7/elements - {"using":"xpath","value":"//button[@data-kt=\"massStateChangeRusSectionButton\"]"}
RESULT: {"using":"xpath","value":"//button[@data-kt=\"massStateChangeRusSectionButton\"]"}
COMMAND: POST /session/3cebd188cade8bc69ea066f8aad5f3e7/elements - {"using":"xpath","value":"//button[@data-kt=\"massStateChangeRusSectionButton\"]"}
RESULT: {"using":"xpath","value":"//button[@data-kt=\"massStateChangeRusSectionButton\"]"}
COMMAND: POST /session/3cebd188cade8bc69ea066f8aad5f3e7/elements - {"using":"xpath","value":"//button[@data-kt=\"massStateChangeRusSectionButton\"]"}
RESULT: {"using":"xpath","value":"//button[@data-kt=\"massStateChangeRusSectionButton\"]"}
COMMAND: POST /session/3cebd188cade8bc69ea066f8aad5f3e7/elements - {"using":"xpath","value":"//button[@data-kt=\"massStateChangeRusSectionButton\"]"}
RESULT: {"using":"xpath","value":"//button[@data-kt=\"massStateChangeRusSectionButton\"]"}
COMMAND: POST /session/3cebd188cade8bc69ea066f8aad5f3e7/elements - {"using":"xpath","value":"//button[@data-kt=\"massStateChangeRusSectionButton\"]"}
RESULT: {"using":"xpath","value":"//button[@data-kt=\"massStateChangeRusSectionButton\"]"}
COMMAND: POST /session/3cebd188cade8bc69ea066f8aad5f3e7/elements - {"using":"xpath","value":"//button[@data-kt=\"massStateChangeRusSectionButton\"]"}
RESULT: {"using":"xpath","value":"//button[@data-kt=\"massStateChangeRusSectionButton\"]"}
COMMAND: POST /session/3cebd188cade8bc69ea066f8aad5f3e7/elements - {"using":"xpath","value":"//button[@data-kt=\"massStateChangeRusSectionButton\"]"}
RESULT: {"using":"xpath","value":"//button[@data-kt=\"massStateChangeRusSectionButton\"]"}
COMMAND: POST /session/3cebd188cade8bc69ea066f8aad5f3e7/elements - {"using":"xpath","value":"//button[@data-kt=\"massStateChangeRusSectionButton\"]"}
RESULT: {"using":"xpath","value":"//button[@data-kt=\"massStateChangeRusSectionButton\"]"}
COMMAND: POST /session/3cebd188cade8bc69ea066f8aad5f3e7/elements - {"using":"xpath","value":"//button[@data-kt=\"massStateChangeRusSectionButton\"]"}
RESULT: {"using":"xpath","value":"//button[@data-kt=\"massStateChangeRusSectionButton\"]"}
COMMAND: POST /session/3cebd188cade8bc69ea066f8aad5f3e7/elements - {"using":"xpath","value":"//button[@data-kt=\"massStateChangeRusSectionButton\"]"}
RESULT: {"using":"xpath","value":"//button[@data-kt=\"massStateChangeRusSectionButton\"]"}
COMMAND: POST /session/3cebd188cade8bc69ea066f8aad5f3e7/elements - {"using":"xpath","value":"//button[@data-kt=\"massStateChangeRusSectionButton\"]"}
RESULT: {"using":"xpath","value":"//button[@data-kt=\"massStateChangeRusSectionButton\"]"}
COMMAND: POST /session/3cebd188cade8bc69ea066f8aad5f3e7/elements - {"using":"xpath","value":"//button[@data-kt=\"massStateChangeRusSectionButton\"]"}
RESULT: {"using":"xpath","value":"//button[@data-kt=\"massStateChangeRusSectionButton\"]"}
COMMAND: POST /session/3cebd188cade8bc69ea066f8aad5f3e7/elements - {"using":"xpath","value":"//button[@data-kt=\"massStateChangeRusSectionButton\"]"}
RESULT: {"using":"xpath","value":"//button[@data-kt=\"massStateChangeRusSectionButton\"]"}
COMMAND: POST /session/3cebd188cade8bc69ea066f8aad5f3e7/elements - {"using":"xpath","value":"//button[@data-kt=\"massStateChangeRusSectionButton\"]"}
RESULT: {"using":"xpath","value":"//button[@data-kt=\"massStateChangeRusSectionButton\"]"}
COMMAND: POST /session/3cebd188cade8bc69ea066f8aad5f3e7/elements - {"using":"xpath","value":"//button[@data-kt=\"massStateChangeRusSectionButton\"]"}
RESULT: {"using":"xpath","value":"//button[@data-kt=\"massStateChangeRusSectionButton\"]"}
COMMAND: POST /session/3cebd188cade8bc69ea066f8aad5f3e7/elements - {"using":"xpath","value":"//button[@data-kt=\"massStateChangeRusSectionButton\"]"}
RESULT: {"using":"xpath","value":"//button[@data-kt=\"massStateChangeRusSectionButton\"]"}
COMMAND: POST /session/3cebd188cade8bc69ea066f8aad5f3e7/elements - {"using":"xpath","value":"//button[@data-kt=\"massStateChangeRusSectionButton\"]"}
RESULT: {"using":"xpath","value":"//button[@data-kt=\"massStateChangeRusSectionButton\"]"}
COMMAND: POST /session/3cebd188cade8bc69ea066f8aad5f3e7/elements - {"using":"xpath","value":"//button[@data-kt=\"massStateChangeRusSectionButton\"]"}
RESULT: {"using":"xpath","value":"//button[@data-kt=\"massStateChangeRusSectionButton\"]"}
COMMAND: POST /session/3cebd188cade8bc69ea066f8aad5f3e7/elements - {"using":"xpath","value":"//button[@data-kt=\"massStateChangeRusSectionButton\"]"}
RESULT: {"using":"xpath","value":"//button[@data-kt=\"massStateChangeRusSectionButton\"]"}
COMMAND: POST /session/3cebd188cade8bc69ea066f8aad5f3e7/elements - {"using":"xpath","value":"//button[@data-kt=\"massStateChangeRusSectionButton\"]"}
RESULT: {"using":"xpath","value":"//button[@data-kt=\"massStateChangeRusSectionButton\"]"}
COMMAND: POST /session/3cebd188cade8bc69ea066f8aad5f3e7/elements - {"using":"xpath","value":"//button[@data-kt=\"massStateChangeRusSectionButton\"]"}
RESULT: {"using":"xpath","value":"//button[@data-kt=\"massStateChangeRusSectionButton\"]"}
COMMAND: POST /session/3cebd188cade8bc69ea066f8aad5f3e7/elements - {"using":"xpath","value":"//button[@data-kt=\"massStateChangeRusSectionButton\"]"}
RESULT: {"using":"xpath","value":"//button[@data-kt=\"massStateChangeRusSectionButton\"]"}
COMMAND: POST /session/3cebd188cade8bc69ea066f8aad5f3e7/elements - {"using":"xpath","value":"//button[@data-kt=\"massStateChangeRusSectionButton\"]"}
RESULT: {"using":"xpath","value":"//button[@data-kt=\"massStateChangeRusSectionButton\"]"}
COMMAND: POST /session/3cebd188cade8bc69ea066f8aad5f3e7/elements - {"using":"xpath","value":"//button[@data-kt=\"massStateChangeRusSectionButton\"]"}
RESULT: {"using":"xpath","value":"//button[@data-kt=\"massStateChangeRusSectionButton\"]"}
COMMAND: POST /session/3cebd188cade8bc69ea066f8aad5f3e7/elements - {"using":"xpath","value":"//button[@data-kt=\"massStateChangeRusSectionButton\"]"}
RESULT: {"using":"xpath","value":"//button[@data-kt=\"massStateChangeRusSectionButton\"]"}
COMMAND: POST /session/3cebd188cade8bc69ea066f8aad5f3e7/elements - {"using":"xpath","value":"//button[@data-kt=\"massStateChangeRusSectionButton\"]"}
RESULT: {"using":"xpath","value":"//button[@data-kt=\"massStateChangeRusSectionButton\"]"}
COMMAND: POST /session/3cebd188cade8bc69ea066f8aad5f3e7/elements - {"using":"xpath","value":"//button[@data-kt=\"massStateChangeRusSectionButton\"]"}
RESULT: {"using":"xpath","value":"//button[@data-kt=\"massStateChangeRusSectionButton\"]"}
COMMAND: POST /session/3cebd188cade8bc69ea066f8aad5f3e7/elements - {"using":"xpath","value":"//button[@data-kt=\"massStateChangeRusSectionButton\"]"}
RESULT: {"using":"xpath","value":"//button[@data-kt=\"massStateChangeRusSectionButton\"]"}
COMMAND: POST /session/3cebd188cade8bc69ea066f8aad5f3e7/elements - {"using":"xpath","value":"//button[@data-kt=\"massStateChangeRusSectionButton\"]"}
RESULT: {"using":"xpath","value":"//button[@data-kt=\"massStateChangeRusSectionButton\"]"}
COMMAND: POST /session/3cebd188cade8bc69ea066f8aad5f3e7/elements - {"using":"xpath","value":"//button[@data-kt=\"massStateChangeRusSectionButton\"]"}
RESULT: {"using":"xpath","value":"//button[@data-kt=\"massStateChangeRusSectionButton\"]"}
COMMAND: POST /session/3cebd188cade8bc69ea066f8aad5f3e7/elements - {"using":"xpath","value":"//button[@data-kt=\"massStateChangeRusSectionButton\"]"}
RESULT: {"using":"xpath","value":"//button[@data-kt=\"massStateChangeRusSectionButton\"]"}
COMMAND: POST /session/3cebd188cade8bc69ea066f8aad5f3e7/elements - {"using":"xpath","value":"//button[@data-kt=\"massStateChangeRusSectionButton\"]"}
RESULT: {"using":"xpath","value":"//button[@data-kt=\"massStateChangeRusSectionButton\"]"}
COMMAND: POST /session/3cebd188cade8bc69ea066f8aad5f3e7/elements - {"using":"xpath","value":"//button[@data-kt=\"massStateChangeRusSectionButton\"]"}
RESULT: {"using":"xpath","value":"//button[@data-kt=\"massStateChangeRusSectionButton\"]"}
COMMAND: POST /session/3cebd188cade8bc69ea066f8aad5f3e7/elements - {"using":"xpath","value":"//button[@data-kt=\"massStateChangeRusSectionButton\"]"}
RESULT: {"using":"xpath","value":"//button[@data-kt=\"massStateChangeRusSectionButton\"]"}
COMMAND: POST /session/3cebd188cade8bc69ea066f8aad5f3e7/elements - {"using":"xpath","value":"//button[@data-kt=\"massStateChangeRusSectionButton\"]"}
RESULT: {"using":"xpath","value":"//button[@data-kt=\"massStateChangeRusSectionButton\"]"}
COMMAND: POST /session/3cebd188cade8bc69ea066f8aad5f3e7/elements - {"using":"xpath","value":"//button[@data-kt=\"massStateChangeRusSectionButton\"]"}
RESULT: {"using":"xpath","value":"//button[@data-kt=\"massStateChangeRusSectionButton\"]"}
COMMAND: POST /session/3cebd188cade8bc69ea066f8aad5f3e7/elements - {"using":"xpath","value":"//button[@data-kt=\"massStateChangeRusSectionButton\"]"}
RESULT: {"using":"xpath","value":"//button[@data-kt=\"massStateChangeRusSectionButton\"]"}
COMMAND: POST /session/3cebd188cade8bc69ea066f8aad5f3e7/elements - {"using":"xpath","value":"//button[@data-kt=\"massStateChangeRusSectionButton\"]"}
RESULT: {"using":"xpath","value":"//button[@data-kt=\"massStateChangeRusSectionButton\"]"}
COMMAND: POST /session/3cebd188cade8bc69ea066f8aad5f3e7/elements - {"using":"xpath","value":"//button[@data-kt=\"massStateChangeRusSectionButton\"]"}
RESULT: {"using":"xpath","value":"//button[@data-kt=\"massStateChangeRusSectionButton\"]"}
COMMAND: POST /session/3cebd188cade8bc69ea066f8aad5f3e7/elements - {"using":"xpath","value":"//button[@data-kt=\"massStateChangeRusSectionButton\"]"}
RESULT: {"using":"xpath","value":"//button[@data-kt=\"massStateChangeRusSectionButton\"]"}
COMMAND: POST /session/3cebd188cade8bc69ea066f8aad5f3e7/elements - {"using":"xpath","value":"//button[@data-kt=\"massStateChangeRusSectionButton\"]"}
RESULT: {"using":"xpath","value":"//button[@data-kt=\"massStateChangeRusSectionButton\"]"}
COMMAND: POST /session/3cebd188cade8bc69ea066f8aad5f3e7/elements - {"using":"xpath","value":"//button[@data-kt=\"massStateChangeRusSectionButton\"]"}
RESULT: {"using":"xpath","value":"//button[@data-kt=\"massStateChangeRusSectionButton\"]"}
COMMAND: POST /session/3cebd188cade8bc69ea066f8aad5f3e7/elements - {"using":"xpath","value":"//button[@data-kt=\"massStateChangeRusSectionButton\"]"}
RESULT: {"using":"xpath","value":"//button[@data-kt=\"massStateChangeRusSectionButton\"]"}
COMMAND: POST /session/3cebd188cade8bc69ea066f8aad5f3e7/elements - {"using":"xpath","value":"//button[@data-kt=\"massStateChangeRusSectionButton\"]"}
RESULT: {"using":"xpath","value":"//button[@data-kt=\"massStateChangeRusSectionButton\"]"}
COMMAND: POST /session/3cebd188cade8bc69ea066f8aad5f3e7/elements - {"using":"xpath","value":"//button[@data-kt=\"massStateChangeRusSectionButton\"]"}
RESULT: {"using":"xpath","value":"//button[@data-kt=\"massStateChangeRusSectionButton\"]"}
COMMAND: POST /session/3cebd188cade8bc69ea066f8aad5f3e7/elements - {"using":"xpath","value":"//button[@data-kt=\"massStateChangeRusSectionButton\"]"}
RESULT: {"using":"xpath","value":"//button[@data-kt=\"massStateChangeRusSectionButton\"]"}
COMMAND: POST /session/3cebd188cade8bc69ea066f8aad5f3e7/elements - {"using":"xpath","value":"//button[@data-kt=\"massStateChangeRusSectionButton\"]"}
RESULT: {"using":"xpath","value":"//button[@data-kt=\"massStateChangeRusSectionButton\"]"}
COMMAND: POST /session/3cebd188cade8bc69ea066f8aad5f3e7/elements - {"using":"xpath","value":"//button[@data-kt=\"massStateChangeRusSectionButton\"]"}
RESULT: {"using":"xpath","value":"//button[@data-kt=\"massStateChangeRusSectionButton\"]"}
COMMAND: POST /session/3cebd188cade8bc69ea066f8aad5f3e7/elements - {"using":"xpath","value":"//button[@data-kt=\"massStateChangeRusSectionButton\"]"}
RESULT: {"using":"xpath","value":"//button[@data-kt=\"massStateChangeRusSectionButton\"]"}
COMMAND: POST /session/3cebd188cade8bc69ea066f8aad5f3e7/elements - {"using":"xpath","value":"//button[@data-kt=\"massStateChangeRusSectionButton\"]"}
RESULT: {"using":"xpath","value":"//button[@data-kt=\"massStateChangeRusSectionButton\"]"}
COMMAND: POST /session/3cebd188cade8bc69ea066f8aad5f3e7/elements - {"using":"xpath","value":"//button[@data-kt=\"massStateChangeRusSectionButton\"]"}
RESULT: {"using":"xpath","value":"//button[@data-kt=\"massStateChangeRusSectionButton\"]"}
COMMAND: POST /session/3cebd188cade8bc69ea066f8aad5f3e7/elements - {"using":"xpath","value":"//button[@data-kt=\"massStateChangeRusSectionButton\"]"}
RESULT: {"using":"xpath","value":"//button[@data-kt=\"massStateChangeRusSectionButton\"]"}
COMMAND: POST /session/3cebd188cade8bc69ea066f8aad5f3e7/elements - {"using":"xpath","value":"//button[@data-kt=\"massStateChangeRusSectionButton\"]"}
COMMAND: GET /session/3cebd188cade8bc69ea066f8aad5f3e7/screenshot - {}
RESULT: {"using":"xpath","value":"//button[@data-kt=\"massStateChangeRusSectionButton\"]"}
RESULT: {}
COMMAND: GET /session/3cebd188cade8bc69ea066f8aad5f3e7/screenshot - {}
]]></system-out>
      <system-err><![CDATA[
Error: element ("//button[@data-kt="massStateChangeRusSectionButton"]") still not existing after 45000ms
    at async Context.<anonymous> (D:\a\1\s\test\specs\HTR\manage-states-perf.spec.js:279:9)
]]></system-err>
    </testcase>
    <testcase classname="chrome.136_0_7103_93.windows.Manage_States_&amp;_Performance_Tests_US151247_US151423_US151467" name="Step 3 Manage States Perf search filters US151467" time="55.439">
      <failure/>
      <error message="element (&quot;//button[@data-kt=&quot;massStateChangeRusSectionButton&quot;]&quot;) still not existing after 45000ms"/>
      <system-out><![CDATA[
RESULT: undefined
RESULT: {}
COMMAND: POST /session/3cebd188cade8bc69ea066f8aad5f3e7/elements - {"using":"xpath","value":"//span[text()='Error']"}
RESULT: {"using":"xpath","value":"//span[text()='Error']"}
COMMAND: POST /session/3cebd188cade8bc69ea066f8aad5f3e7/element - {"using":"xpath","value":"//button[@data-kt=\"massStateChangeRusSectionButton\"]"}
RESULT: {"using":"xpath","value":"//button[@data-kt=\"massStateChangeRusSectionButton\"]"}
COMMAND: POST /session/3cebd188cade8bc69ea066f8aad5f3e7/elements - {"using":"xpath","value":"//button[@data-kt=\"massStateChangeRusSectionButton\"]"}
RESULT: {"using":"xpath","value":"//button[@data-kt=\"massStateChangeRusSectionButton\"]"}
COMMAND: POST /session/3cebd188cade8bc69ea066f8aad5f3e7/elements - {"using":"xpath","value":"//button[@data-kt=\"massStateChangeRusSectionButton\"]"}
RESULT: {"using":"xpath","value":"//button[@data-kt=\"massStateChangeRusSectionButton\"]"}
COMMAND: POST /session/3cebd188cade8bc69ea066f8aad5f3e7/elements - {"using":"xpath","value":"//button[@data-kt=\"massStateChangeRusSectionButton\"]"}
RESULT: {"using":"xpath","value":"//button[@data-kt=\"massStateChangeRusSectionButton\"]"}
COMMAND: POST /session/3cebd188cade8bc69ea066f8aad5f3e7/elements - {"using":"xpath","value":"//button[@data-kt=\"massStateChangeRusSectionButton\"]"}
RESULT: {"using":"xpath","value":"//button[@data-kt=\"massStateChangeRusSectionButton\"]"}
COMMAND: POST /session/3cebd188cade8bc69ea066f8aad5f3e7/elements - {"using":"xpath","value":"//button[@data-kt=\"massStateChangeRusSectionButton\"]"}
RESULT: {"using":"xpath","value":"//button[@data-kt=\"massStateChangeRusSectionButton\"]"}
COMMAND: POST /session/3cebd188cade8bc69ea066f8aad5f3e7/elements - {"using":"xpath","value":"//button[@data-kt=\"massStateChangeRusSectionButton\"]"}
RESULT: {"using":"xpath","value":"//button[@data-kt=\"massStateChangeRusSectionButton\"]"}
COMMAND: POST /session/3cebd188cade8bc69ea066f8aad5f3e7/elements - {"using":"xpath","value":"//button[@data-kt=\"massStateChangeRusSectionButton\"]"}
RESULT: {"using":"xpath","value":"//button[@data-kt=\"massStateChangeRusSectionButton\"]"}
COMMAND: POST /session/3cebd188cade8bc69ea066f8aad5f3e7/elements - {"using":"xpath","value":"//button[@data-kt=\"massStateChangeRusSectionButton\"]"}
RESULT: {"using":"xpath","value":"//button[@data-kt=\"massStateChangeRusSectionButton\"]"}
COMMAND: POST /session/3cebd188cade8bc69ea066f8aad5f3e7/elements - {"using":"xpath","value":"//button[@data-kt=\"massStateChangeRusSectionButton\"]"}
RESULT: {"using":"xpath","value":"//button[@data-kt=\"massStateChangeRusSectionButton\"]"}
COMMAND: POST /session/3cebd188cade8bc69ea066f8aad5f3e7/elements - {"using":"xpath","value":"//button[@data-kt=\"massStateChangeRusSectionButton\"]"}
RESULT: {"using":"xpath","value":"//button[@data-kt=\"massStateChangeRusSectionButton\"]"}
COMMAND: POST /session/3cebd188cade8bc69ea066f8aad5f3e7/elements - {"using":"xpath","value":"//button[@data-kt=\"massStateChangeRusSectionButton\"]"}
RESULT: {"using":"xpath","value":"//button[@data-kt=\"massStateChangeRusSectionButton\"]"}
COMMAND: POST /session/3cebd188cade8bc69ea066f8aad5f3e7/elements - {"using":"xpath","value":"//button[@data-kt=\"massStateChangeRusSectionButton\"]"}
RESULT: {"using":"xpath","value":"//button[@data-kt=\"massStateChangeRusSectionButton\"]"}
COMMAND: POST /session/3cebd188cade8bc69ea066f8aad5f3e7/elements - {"using":"xpath","value":"//button[@data-kt=\"massStateChangeRusSectionButton\"]"}
RESULT: {"using":"xpath","value":"//button[@data-kt=\"massStateChangeRusSectionButton\"]"}
COMMAND: POST /session/3cebd188cade8bc69ea066f8aad5f3e7/elements - {"using":"xpath","value":"//button[@data-kt=\"massStateChangeRusSectionButton\"]"}
RESULT: {"using":"xpath","value":"//button[@data-kt=\"massStateChangeRusSectionButton\"]"}
COMMAND: POST /session/3cebd188cade8bc69ea066f8aad5f3e7/elements - {"using":"xpath","value":"//button[@data-kt=\"massStateChangeRusSectionButton\"]"}
RESULT: {"using":"xpath","value":"//button[@data-kt=\"massStateChangeRusSectionButton\"]"}
COMMAND: POST /session/3cebd188cade8bc69ea066f8aad5f3e7/elements - {"using":"xpath","value":"//button[@data-kt=\"massStateChangeRusSectionButton\"]"}
RESULT: {"using":"xpath","value":"//button[@data-kt=\"massStateChangeRusSectionButton\"]"}
COMMAND: POST /session/3cebd188cade8bc69ea066f8aad5f3e7/elements - {"using":"xpath","value":"//button[@data-kt=\"massStateChangeRusSectionButton\"]"}
RESULT: {"using":"xpath","value":"//button[@data-kt=\"massStateChangeRusSectionButton\"]"}
COMMAND: POST /session/3cebd188cade8bc69ea066f8aad5f3e7/elements - {"using":"xpath","value":"//button[@data-kt=\"massStateChangeRusSectionButton\"]"}
RESULT: {"using":"xpath","value":"//button[@data-kt=\"massStateChangeRusSectionButton\"]"}
COMMAND: POST /session/3cebd188cade8bc69ea066f8aad5f3e7/elements - {"using":"xpath","value":"//button[@data-kt=\"massStateChangeRusSectionButton\"]"}
RESULT: {"using":"xpath","value":"//button[@data-kt=\"massStateChangeRusSectionButton\"]"}
COMMAND: POST /session/3cebd188cade8bc69ea066f8aad5f3e7/elements - {"using":"xpath","value":"//button[@data-kt=\"massStateChangeRusSectionButton\"]"}
RESULT: {"using":"xpath","value":"//button[@data-kt=\"massStateChangeRusSectionButton\"]"}
COMMAND: POST /session/3cebd188cade8bc69ea066f8aad5f3e7/elements - {"using":"xpath","value":"//button[@data-kt=\"massStateChangeRusSectionButton\"]"}
RESULT: {"using":"xpath","value":"//button[@data-kt=\"massStateChangeRusSectionButton\"]"}
COMMAND: POST /session/3cebd188cade8bc69ea066f8aad5f3e7/elements - {"using":"xpath","value":"//button[@data-kt=\"massStateChangeRusSectionButton\"]"}
RESULT: {"using":"xpath","value":"//button[@data-kt=\"massStateChangeRusSectionButton\"]"}
COMMAND: POST /session/3cebd188cade8bc69ea066f8aad5f3e7/elements - {"using":"xpath","value":"//button[@data-kt=\"massStateChangeRusSectionButton\"]"}
RESULT: {"using":"xpath","value":"//button[@data-kt=\"massStateChangeRusSectionButton\"]"}
COMMAND: POST /session/3cebd188cade8bc69ea066f8aad5f3e7/elements - {"using":"xpath","value":"//button[@data-kt=\"massStateChangeRusSectionButton\"]"}
RESULT: {"using":"xpath","value":"//button[@data-kt=\"massStateChangeRusSectionButton\"]"}
COMMAND: POST /session/3cebd188cade8bc69ea066f8aad5f3e7/elements - {"using":"xpath","value":"//button[@data-kt=\"massStateChangeRusSectionButton\"]"}
RESULT: {"using":"xpath","value":"//button[@data-kt=\"massStateChangeRusSectionButton\"]"}
COMMAND: POST /session/3cebd188cade8bc69ea066f8aad5f3e7/elements - {"using":"xpath","value":"//button[@data-kt=\"massStateChangeRusSectionButton\"]"}
RESULT: {"using":"xpath","value":"//button[@data-kt=\"massStateChangeRusSectionButton\"]"}
COMMAND: POST /session/3cebd188cade8bc69ea066f8aad5f3e7/elements - {"using":"xpath","value":"//button[@data-kt=\"massStateChangeRusSectionButton\"]"}
RESULT: {"using":"xpath","value":"//button[@data-kt=\"massStateChangeRusSectionButton\"]"}
COMMAND: POST /session/3cebd188cade8bc69ea066f8aad5f3e7/elements - {"using":"xpath","value":"//button[@data-kt=\"massStateChangeRusSectionButton\"]"}
RESULT: {"using":"xpath","value":"//button[@data-kt=\"massStateChangeRusSectionButton\"]"}
COMMAND: POST /session/3cebd188cade8bc69ea066f8aad5f3e7/elements - {"using":"xpath","value":"//button[@data-kt=\"massStateChangeRusSectionButton\"]"}
RESULT: {"using":"xpath","value":"//button[@data-kt=\"massStateChangeRusSectionButton\"]"}
COMMAND: POST /session/3cebd188cade8bc69ea066f8aad5f3e7/elements - {"using":"xpath","value":"//button[@data-kt=\"massStateChangeRusSectionButton\"]"}
RESULT: {"using":"xpath","value":"//button[@data-kt=\"massStateChangeRusSectionButton\"]"}
COMMAND: POST /session/3cebd188cade8bc69ea066f8aad5f3e7/elements - {"using":"xpath","value":"//button[@data-kt=\"massStateChangeRusSectionButton\"]"}
RESULT: {"using":"xpath","value":"//button[@data-kt=\"massStateChangeRusSectionButton\"]"}
COMMAND: POST /session/3cebd188cade8bc69ea066f8aad5f3e7/elements - {"using":"xpath","value":"//button[@data-kt=\"massStateChangeRusSectionButton\"]"}
RESULT: {"using":"xpath","value":"//button[@data-kt=\"massStateChangeRusSectionButton\"]"}
COMMAND: POST /session/3cebd188cade8bc69ea066f8aad5f3e7/elements - {"using":"xpath","value":"//button[@data-kt=\"massStateChangeRusSectionButton\"]"}
RESULT: {"using":"xpath","value":"//button[@data-kt=\"massStateChangeRusSectionButton\"]"}
COMMAND: POST /session/3cebd188cade8bc69ea066f8aad5f3e7/elements - {"using":"xpath","value":"//button[@data-kt=\"massStateChangeRusSectionButton\"]"}
RESULT: {"using":"xpath","value":"//button[@data-kt=\"massStateChangeRusSectionButton\"]"}
COMMAND: POST /session/3cebd188cade8bc69ea066f8aad5f3e7/elements - {"using":"xpath","value":"//button[@data-kt=\"massStateChangeRusSectionButton\"]"}
RESULT: {"using":"xpath","value":"//button[@data-kt=\"massStateChangeRusSectionButton\"]"}
COMMAND: POST /session/3cebd188cade8bc69ea066f8aad5f3e7/elements - {"using":"xpath","value":"//button[@data-kt=\"massStateChangeRusSectionButton\"]"}
RESULT: {"using":"xpath","value":"//button[@data-kt=\"massStateChangeRusSectionButton\"]"}
COMMAND: POST /session/3cebd188cade8bc69ea066f8aad5f3e7/elements - {"using":"xpath","value":"//button[@data-kt=\"massStateChangeRusSectionButton\"]"}
RESULT: {"using":"xpath","value":"//button[@data-kt=\"massStateChangeRusSectionButton\"]"}
COMMAND: POST /session/3cebd188cade8bc69ea066f8aad5f3e7/elements - {"using":"xpath","value":"//button[@data-kt=\"massStateChangeRusSectionButton\"]"}
RESULT: {"using":"xpath","value":"//button[@data-kt=\"massStateChangeRusSectionButton\"]"}
COMMAND: POST /session/3cebd188cade8bc69ea066f8aad5f3e7/elements - {"using":"xpath","value":"//button[@data-kt=\"massStateChangeRusSectionButton\"]"}
RESULT: {"using":"xpath","value":"//button[@data-kt=\"massStateChangeRusSectionButton\"]"}
COMMAND: POST /session/3cebd188cade8bc69ea066f8aad5f3e7/elements - {"using":"xpath","value":"//button[@data-kt=\"massStateChangeRusSectionButton\"]"}
RESULT: {"using":"xpath","value":"//button[@data-kt=\"massStateChangeRusSectionButton\"]"}
COMMAND: POST /session/3cebd188cade8bc69ea066f8aad5f3e7/elements - {"using":"xpath","value":"//button[@data-kt=\"massStateChangeRusSectionButton\"]"}
RESULT: {"using":"xpath","value":"//button[@data-kt=\"massStateChangeRusSectionButton\"]"}
COMMAND: POST /session/3cebd188cade8bc69ea066f8aad5f3e7/elements - {"using":"xpath","value":"//button[@data-kt=\"massStateChangeRusSectionButton\"]"}
RESULT: {"using":"xpath","value":"//button[@data-kt=\"massStateChangeRusSectionButton\"]"}
COMMAND: POST /session/3cebd188cade8bc69ea066f8aad5f3e7/elements - {"using":"xpath","value":"//button[@data-kt=\"massStateChangeRusSectionButton\"]"}
RESULT: {"using":"xpath","value":"//button[@data-kt=\"massStateChangeRusSectionButton\"]"}
COMMAND: POST /session/3cebd188cade8bc69ea066f8aad5f3e7/elements - {"using":"xpath","value":"//button[@data-kt=\"massStateChangeRusSectionButton\"]"}
RESULT: {"using":"xpath","value":"//button[@data-kt=\"massStateChangeRusSectionButton\"]"}
COMMAND: POST /session/3cebd188cade8bc69ea066f8aad5f3e7/elements - {"using":"xpath","value":"//button[@data-kt=\"massStateChangeRusSectionButton\"]"}
RESULT: {"using":"xpath","value":"//button[@data-kt=\"massStateChangeRusSectionButton\"]"}
COMMAND: POST /session/3cebd188cade8bc69ea066f8aad5f3e7/elements - {"using":"xpath","value":"//button[@data-kt=\"massStateChangeRusSectionButton\"]"}
RESULT: {"using":"xpath","value":"//button[@data-kt=\"massStateChangeRusSectionButton\"]"}
COMMAND: POST /session/3cebd188cade8bc69ea066f8aad5f3e7/elements - {"using":"xpath","value":"//button[@data-kt=\"massStateChangeRusSectionButton\"]"}
RESULT: {"using":"xpath","value":"//button[@data-kt=\"massStateChangeRusSectionButton\"]"}
COMMAND: POST /session/3cebd188cade8bc69ea066f8aad5f3e7/elements - {"using":"xpath","value":"//button[@data-kt=\"massStateChangeRusSectionButton\"]"}
RESULT: {"using":"xpath","value":"//button[@data-kt=\"massStateChangeRusSectionButton\"]"}
COMMAND: POST /session/3cebd188cade8bc69ea066f8aad5f3e7/elements - {"using":"xpath","value":"//button[@data-kt=\"massStateChangeRusSectionButton\"]"}
RESULT: {"using":"xpath","value":"//button[@data-kt=\"massStateChangeRusSectionButton\"]"}
COMMAND: POST /session/3cebd188cade8bc69ea066f8aad5f3e7/elements - {"using":"xpath","value":"//button[@data-kt=\"massStateChangeRusSectionButton\"]"}
RESULT: {"using":"xpath","value":"//button[@data-kt=\"massStateChangeRusSectionButton\"]"}
COMMAND: POST /session/3cebd188cade8bc69ea066f8aad5f3e7/elements - {"using":"xpath","value":"//button[@data-kt=\"massStateChangeRusSectionButton\"]"}
RESULT: {"using":"xpath","value":"//button[@data-kt=\"massStateChangeRusSectionButton\"]"}
COMMAND: POST /session/3cebd188cade8bc69ea066f8aad5f3e7/elements - {"using":"xpath","value":"//button[@data-kt=\"massStateChangeRusSectionButton\"]"}
RESULT: {"using":"xpath","value":"//button[@data-kt=\"massStateChangeRusSectionButton\"]"}
COMMAND: POST /session/3cebd188cade8bc69ea066f8aad5f3e7/elements - {"using":"xpath","value":"//button[@data-kt=\"massStateChangeRusSectionButton\"]"}
RESULT: {"using":"xpath","value":"//button[@data-kt=\"massStateChangeRusSectionButton\"]"}
COMMAND: POST /session/3cebd188cade8bc69ea066f8aad5f3e7/elements - {"using":"xpath","value":"//button[@data-kt=\"massStateChangeRusSectionButton\"]"}
RESULT: {"using":"xpath","value":"//button[@data-kt=\"massStateChangeRusSectionButton\"]"}
COMMAND: POST /session/3cebd188cade8bc69ea066f8aad5f3e7/elements - {"using":"xpath","value":"//button[@data-kt=\"massStateChangeRusSectionButton\"]"}
RESULT: {"using":"xpath","value":"//button[@data-kt=\"massStateChangeRusSectionButton\"]"}
COMMAND: POST /session/3cebd188cade8bc69ea066f8aad5f3e7/elements - {"using":"xpath","value":"//button[@data-kt=\"massStateChangeRusSectionButton\"]"}
RESULT: {"using":"xpath","value":"//button[@data-kt=\"massStateChangeRusSectionButton\"]"}
COMMAND: POST /session/3cebd188cade8bc69ea066f8aad5f3e7/elements - {"using":"xpath","value":"//button[@data-kt=\"massStateChangeRusSectionButton\"]"}
RESULT: {"using":"xpath","value":"//button[@data-kt=\"massStateChangeRusSectionButton\"]"}
COMMAND: POST /session/3cebd188cade8bc69ea066f8aad5f3e7/elements - {"using":"xpath","value":"//button[@data-kt=\"massStateChangeRusSectionButton\"]"}
RESULT: {"using":"xpath","value":"//button[@data-kt=\"massStateChangeRusSectionButton\"]"}
COMMAND: POST /session/3cebd188cade8bc69ea066f8aad5f3e7/elements - {"using":"xpath","value":"//button[@data-kt=\"massStateChangeRusSectionButton\"]"}
RESULT: {"using":"xpath","value":"//button[@data-kt=\"massStateChangeRusSectionButton\"]"}
COMMAND: POST /session/3cebd188cade8bc69ea066f8aad5f3e7/elements - {"using":"xpath","value":"//button[@data-kt=\"massStateChangeRusSectionButton\"]"}
RESULT: {"using":"xpath","value":"//button[@data-kt=\"massStateChangeRusSectionButton\"]"}
COMMAND: POST /session/3cebd188cade8bc69ea066f8aad5f3e7/elements - {"using":"xpath","value":"//button[@data-kt=\"massStateChangeRusSectionButton\"]"}
RESULT: {"using":"xpath","value":"//button[@data-kt=\"massStateChangeRusSectionButton\"]"}
COMMAND: POST /session/3cebd188cade8bc69ea066f8aad5f3e7/elements - {"using":"xpath","value":"//button[@data-kt=\"massStateChangeRusSectionButton\"]"}
RESULT: {"using":"xpath","value":"//button[@data-kt=\"massStateChangeRusSectionButton\"]"}
COMMAND: POST /session/3cebd188cade8bc69ea066f8aad5f3e7/elements - {"using":"xpath","value":"//button[@data-kt=\"massStateChangeRusSectionButton\"]"}
RESULT: {"using":"xpath","value":"//button[@data-kt=\"massStateChangeRusSectionButton\"]"}
COMMAND: POST /session/3cebd188cade8bc69ea066f8aad5f3e7/elements - {"using":"xpath","value":"//button[@data-kt=\"massStateChangeRusSectionButton\"]"}
RESULT: {"using":"xpath","value":"//button[@data-kt=\"massStateChangeRusSectionButton\"]"}
COMMAND: POST /session/3cebd188cade8bc69ea066f8aad5f3e7/elements - {"using":"xpath","value":"//button[@data-kt=\"massStateChangeRusSectionButton\"]"}
RESULT: {"using":"xpath","value":"//button[@data-kt=\"massStateChangeRusSectionButton\"]"}
COMMAND: POST /session/3cebd188cade8bc69ea066f8aad5f3e7/elements - {"using":"xpath","value":"//button[@data-kt=\"massStateChangeRusSectionButton\"]"}
RESULT: {"using":"xpath","value":"//button[@data-kt=\"massStateChangeRusSectionButton\"]"}
COMMAND: POST /session/3cebd188cade8bc69ea066f8aad5f3e7/elements - {"using":"xpath","value":"//button[@data-kt=\"massStateChangeRusSectionButton\"]"}
RESULT: {"using":"xpath","value":"//button[@data-kt=\"massStateChangeRusSectionButton\"]"}
COMMAND: POST /session/3cebd188cade8bc69ea066f8aad5f3e7/elements - {"using":"xpath","value":"//button[@data-kt=\"massStateChangeRusSectionButton\"]"}
RESULT: {"using":"xpath","value":"//button[@data-kt=\"massStateChangeRusSectionButton\"]"}
COMMAND: POST /session/3cebd188cade8bc69ea066f8aad5f3e7/elements - {"using":"xpath","value":"//button[@data-kt=\"massStateChangeRusSectionButton\"]"}
RESULT: {"using":"xpath","value":"//button[@data-kt=\"massStateChangeRusSectionButton\"]"}
COMMAND: POST /session/3cebd188cade8bc69ea066f8aad5f3e7/elements - {"using":"xpath","value":"//button[@data-kt=\"massStateChangeRusSectionButton\"]"}
RESULT: {"using":"xpath","value":"//button[@data-kt=\"massStateChangeRusSectionButton\"]"}
COMMAND: POST /session/3cebd188cade8bc69ea066f8aad5f3e7/elements - {"using":"xpath","value":"//button[@data-kt=\"massStateChangeRusSectionButton\"]"}
RESULT: {"using":"xpath","value":"//button[@data-kt=\"massStateChangeRusSectionButton\"]"}
COMMAND: POST /session/3cebd188cade8bc69ea066f8aad5f3e7/elements - {"using":"xpath","value":"//button[@data-kt=\"massStateChangeRusSectionButton\"]"}
RESULT: {"using":"xpath","value":"//button[@data-kt=\"massStateChangeRusSectionButton\"]"}
COMMAND: POST /session/3cebd188cade8bc69ea066f8aad5f3e7/elements - {"using":"xpath","value":"//button[@data-kt=\"massStateChangeRusSectionButton\"]"}
RESULT: {"using":"xpath","value":"//button[@data-kt=\"massStateChangeRusSectionButton\"]"}
COMMAND: POST /session/3cebd188cade8bc69ea066f8aad5f3e7/elements - {"using":"xpath","value":"//button[@data-kt=\"massStateChangeRusSectionButton\"]"}
RESULT: {"using":"xpath","value":"//button[@data-kt=\"massStateChangeRusSectionButton\"]"}
COMMAND: POST /session/3cebd188cade8bc69ea066f8aad5f3e7/elements - {"using":"xpath","value":"//button[@data-kt=\"massStateChangeRusSectionButton\"]"}
RESULT: {"using":"xpath","value":"//button[@data-kt=\"massStateChangeRusSectionButton\"]"}
COMMAND: POST /session/3cebd188cade8bc69ea066f8aad5f3e7/elements - {"using":"xpath","value":"//button[@data-kt=\"massStateChangeRusSectionButton\"]"}
RESULT: {"using":"xpath","value":"//button[@data-kt=\"massStateChangeRusSectionButton\"]"}
COMMAND: POST /session/3cebd188cade8bc69ea066f8aad5f3e7/elements - {"using":"xpath","value":"//button[@data-kt=\"massStateChangeRusSectionButton\"]"}
RESULT: {"using":"xpath","value":"//button[@data-kt=\"massStateChangeRusSectionButton\"]"}
COMMAND: POST /session/3cebd188cade8bc69ea066f8aad5f3e7/elements - {"using":"xpath","value":"//button[@data-kt=\"massStateChangeRusSectionButton\"]"}
RESULT: {"using":"xpath","value":"//button[@data-kt=\"massStateChangeRusSectionButton\"]"}
COMMAND: POST /session/3cebd188cade8bc69ea066f8aad5f3e7/elements - {"using":"xpath","value":"//button[@data-kt=\"massStateChangeRusSectionButton\"]"}
RESULT: {"using":"xpath","value":"//button[@data-kt=\"massStateChangeRusSectionButton\"]"}
COMMAND: POST /session/3cebd188cade8bc69ea066f8aad5f3e7/elements - {"using":"xpath","value":"//button[@data-kt=\"massStateChangeRusSectionButton\"]"}
RESULT: {"using":"xpath","value":"//button[@data-kt=\"massStateChangeRusSectionButton\"]"}
COMMAND: POST /session/3cebd188cade8bc69ea066f8aad5f3e7/elements - {"using":"xpath","value":"//button[@data-kt=\"massStateChangeRusSectionButton\"]"}
RESULT: {"using":"xpath","value":"//button[@data-kt=\"massStateChangeRusSectionButton\"]"}
COMMAND: POST /session/3cebd188cade8bc69ea066f8aad5f3e7/elements - {"using":"xpath","value":"//button[@data-kt=\"massStateChangeRusSectionButton\"]"}
RESULT: {"using":"xpath","value":"//button[@data-kt=\"massStateChangeRusSectionButton\"]"}
COMMAND: POST /session/3cebd188cade8bc69ea066f8aad5f3e7/elements - {"using":"xpath","value":"//button[@data-kt=\"massStateChangeRusSectionButton\"]"}
RESULT: {"using":"xpath","value":"//button[@data-kt=\"massStateChangeRusSectionButton\"]"}
COMMAND: POST /session/3cebd188cade8bc69ea066f8aad5f3e7/elements - {"using":"xpath","value":"//button[@data-kt=\"massStateChangeRusSectionButton\"]"}
RESULT: {"using":"xpath","value":"//button[@data-kt=\"massStateChangeRusSectionButton\"]"}
COMMAND: POST /session/3cebd188cade8bc69ea066f8aad5f3e7/elements - {"using":"xpath","value":"//button[@data-kt=\"massStateChangeRusSectionButton\"]"}
RESULT: {"using":"xpath","value":"//button[@data-kt=\"massStateChangeRusSectionButton\"]"}
COMMAND: POST /session/3cebd188cade8bc69ea066f8aad5f3e7/elements - {"using":"xpath","value":"//button[@data-kt=\"massStateChangeRusSectionButton\"]"}
RESULT: {"using":"xpath","value":"//button[@data-kt=\"massStateChangeRusSectionButton\"]"}
COMMAND: POST /session/3cebd188cade8bc69ea066f8aad5f3e7/elements - {"using":"xpath","value":"//button[@data-kt=\"massStateChangeRusSectionButton\"]"}
RESULT: {"using":"xpath","value":"//button[@data-kt=\"massStateChangeRusSectionButton\"]"}
COMMAND: POST /session/3cebd188cade8bc69ea066f8aad5f3e7/elements - {"using":"xpath","value":"//button[@data-kt=\"massStateChangeRusSectionButton\"]"}
RESULT: {"using":"xpath","value":"//button[@data-kt=\"massStateChangeRusSectionButton\"]"}
COMMAND: POST /session/3cebd188cade8bc69ea066f8aad5f3e7/elements - {"using":"xpath","value":"//button[@data-kt=\"massStateChangeRusSectionButton\"]"}
RESULT: {"using":"xpath","value":"//button[@data-kt=\"massStateChangeRusSectionButton\"]"}
COMMAND: POST /session/3cebd188cade8bc69ea066f8aad5f3e7/elements - {"using":"xpath","value":"//button[@data-kt=\"massStateChangeRusSectionButton\"]"}
RESULT: {"using":"xpath","value":"//button[@data-kt=\"massStateChangeRusSectionButton\"]"}
COMMAND: POST /session/3cebd188cade8bc69ea066f8aad5f3e7/elements - {"using":"xpath","value":"//button[@data-kt=\"massStateChangeRusSectionButton\"]"}
COMMAND: GET /session/3cebd188cade8bc69ea066f8aad5f3e7/screenshot - {}
RESULT: {"using":"xpath","value":"//button[@data-kt=\"massStateChangeRusSectionButton\"]"}
RESULT: {}
COMMAND: GET /session/3cebd188cade8bc69ea066f8aad5f3e7/screenshot - {}
COMMAND: GET /session/3cebd188cade8bc69ea066f8aad5f3e7/screenshot - {}
RESULT: {}
RESULT: {}
COMMAND: DELETE /session/3cebd188cade8bc69ea066f8aad5f3e7 - {}
RESULT: {}
]]></system-out>
      <system-err><![CDATA[
Error: element ("//button[@data-kt="massStateChangeRusSectionButton"]") still not existing after 45000ms
    at async Context.<anonymous> (D:\a\1\s\test\specs\HTR\manage-states-perf.spec.js:357:9)
]]></system-err>
    </testcase>
  </testsuite>
</testsuites>