<?xml version="1.0" encoding="UTF-8"?>
<testsuites tests="49" failures="0" errors="0" skipped="0">
  <testsuite timestamp="2025-04-26T15:07:23" time="1685.011" tests="49" failures="0" errors="0" skipped="0">
    <properties>
      <property name="specId" value="0" />
      <property name="suiteName" value="Sanity Tests US104253" />
      <property name="capabilities" value="chrome.135_0_7049_96.windows" />
      <property name="file" value="file:///D:/a/1/s/test/specs/General/sanity.spec.js" />
    </properties>
    <testcase classname="chrome.135_0_7049_96.windows.Sanity_Tests_US104253" name="Should open Manage Partners page" time="32.484">
      <system-out><![CDATA[
COMMAND: POST /session/ff5c7e255a5f22217e9e71b107331cab/execute/async - {"script":"<script> [1562 bytes]","args":[{"selector":{"controlType":"sap.m.GenericTile","properties":{"header":"Manage Partners"}},"wdio_ui5_key":"sapm.GenericTile{\"header\":\"Manage Partners\"}"}]}
RESULT: {"script":"<script> [1562 bytes]","args":[{"selector":{"controlType":"sap.m.GenericTile","properties":{"header":"Manage Partners"}},"wdio_ui5_key":"sapm.GenericTile{\"header\":\"Manage Partners\"}"}]}
RESULT: undefined
COMMAND: POST /session/ff5c7e255a5f22217e9e71b107331cab/element - {"using":"xpath","value":"//*[@id=\"__tile38\"]"}
RESULT: {"using":"xpath","value":"//*[@id=\"__tile38\"]"}
COMMAND: POST /session/ff5c7e255a5f22217e9e71b107331cab/element/f.B606A59DB483FA8DF8D5F24B3E927ED2.d.18EA548975DD67D9600C57718FBE539B.e.115/click - {}
RESULT: {}
COMMAND: GET /session/ff5c7e255a5f22217e9e71b107331cab/screenshot - {}
RESULT: {}
RESULT: undefined
COMMAND: POST /session/ff5c7e255a5f22217e9e71b107331cab/element - {"using":"xpath","value":"//*[@id=\"__tile38\"]"}
RESULT: {"using":"xpath","value":"//*[@id=\"__tile38\"]"}
COMMAND: POST /session/ff5c7e255a5f22217e9e71b107331cab/element/f.B606A59DB483FA8DF8D5F24B3E927ED2.d.18EA548975DD67D9600C57718FBE539B.e.115/click - {}
RESULT: undefined
COMMAND: POST /session/ff5c7e255a5f22217e9e71b107331cab/element - {"using":"xpath","value":"//*[@id=\"__tile38\"]"}
RESULT: {"using":"xpath","value":"//*[@id=\"__tile38\"]"}
COMMAND: POST /session/ff5c7e255a5f22217e9e71b107331cab/element/f.B606A59DB483FA8DF8D5F24B3E927ED2.d.18EA548975DD67D9600C57718FBE539B.e.115/click - {}
COMMAND: POST /session/ff5c7e255a5f22217e9e71b107331cab/execute/async - {"script":"<script> [1562 bytes]","args":[{"selector":{"id":"shellAppTitle"},"wdio_ui5_key":"shellAppTitle"}]}
RESULT: {"script":"<script> [1562 bytes]","args":[{"selector":{"id":"shellAppTitle"},"wdio_ui5_key":"shellAppTitle"}]}
RESULT: undefined
COMMAND: POST /session/ff5c7e255a5f22217e9e71b107331cab/execute/async - {"script":"<script> [6424 bytes]","args":[{"element-6066-11e4-a52e-4f735466cecf":"f.B606A59DB483FA8DF8D5F24B3E927ED2.d.18EA548975DD67D9600C57718FBE539B.e.291"},"getTitle",[]]}
RESULT: {"script":"<script> [6424 bytes]","args":[{"element-6066-11e4-a52e-4f735466cecf":"f.B606A59DB483FA8DF8D5F24B3E927ED2.d.18EA548975DD67D9600C57718FBE539B.e.291"},"getTitle",[]]}
COMMAND: POST /session/ff5c7e255a5f22217e9e71b107331cab/execute/async - {"script":"<script> [1562 bytes]","args":[{"selector":{"id":"backBtn"},"wdio_ui5_key":"backBtn"}]}
RESULT: {"script":"<script> [1562 bytes]","args":[{"selector":{"id":"backBtn"},"wdio_ui5_key":"backBtn"}]}
RESULT: undefined
COMMAND: POST /session/ff5c7e255a5f22217e9e71b107331cab/element - {"using":"xpath","value":"//*[@id=\"backBtn\"]"}
RESULT: {"using":"xpath","value":"//*[@id=\"backBtn\"]"}
COMMAND: POST /session/ff5c7e255a5f22217e9e71b107331cab/element/f.B606A59DB483FA8DF8D5F24B3E927ED2.d.18EA548975DD67D9600C57718FBE539B.e.292/click - {}
RESULT: {}
COMMAND: GET /session/ff5c7e255a5f22217e9e71b107331cab/screenshot - {}
RESULT: {}
]]></system-out>
    </testcase>
    <testcase classname="chrome.135_0_7049_96.windows.Sanity_Tests_US104253" name="Should open Manage Sites page" time="35.131">
      <system-out><![CDATA[
COMMAND: POST /session/ff5c7e255a5f22217e9e71b107331cab/execute/async - {"script":"<script> [1562 bytes]","args":[{"selector":{"controlType":"sap.m.GenericTile","properties":{"header":"Manage Sites"}},"wdio_ui5_key":"sapm.GenericTile{\"header\":\"Manage Sites\"}"}]}
RESULT: {"script":"<script> [1562 bytes]","args":[{"selector":{"controlType":"sap.m.GenericTile","properties":{"header":"Manage Sites"}},"wdio_ui5_key":"sapm.GenericTile{\"header\":\"Manage Sites\"}"}]}
RESULT: undefined
COMMAND: POST /session/ff5c7e255a5f22217e9e71b107331cab/element - {"using":"xpath","value":"//*[@id=\"__tile40\"]"}
RESULT: {"using":"xpath","value":"//*[@id=\"__tile40\"]"}
COMMAND: POST /session/ff5c7e255a5f22217e9e71b107331cab/element/f.B606A59DB483FA8DF8D5F24B3E927ED2.d.18EA548975DD67D9600C57718FBE539B.e.294/click - {}
RESULT: {}
COMMAND: GET /session/ff5c7e255a5f22217e9e71b107331cab/screenshot - {}
RESULT: {}
RESULT: undefined
COMMAND: POST /session/ff5c7e255a5f22217e9e71b107331cab/element - {"using":"xpath","value":"//*[@id=\"__tile40\"]"}
RESULT: {"using":"xpath","value":"//*[@id=\"__tile40\"]"}
COMMAND: POST /session/ff5c7e255a5f22217e9e71b107331cab/element/f.B606A59DB483FA8DF8D5F24B3E927ED2.d.18EA548975DD67D9600C57718FBE539B.e.294/click - {}
RESULT: undefined
COMMAND: POST /session/ff5c7e255a5f22217e9e71b107331cab/element - {"using":"xpath","value":"//*[@id=\"__tile40\"]"}
RESULT: {"using":"xpath","value":"//*[@id=\"__tile40\"]"}
COMMAND: POST /session/ff5c7e255a5f22217e9e71b107331cab/element/f.B606A59DB483FA8DF8D5F24B3E927ED2.d.18EA548975DD67D9600C57718FBE539B.e.294/click - {}
RESULT: undefined
COMMAND: POST /session/ff5c7e255a5f22217e9e71b107331cab/execute/async - {"script":"<script> [6424 bytes]","args":[{"element-6066-11e4-a52e-4f735466cecf":"f.B606A59DB483FA8DF8D5F24B3E927ED2.d.18EA548975DD67D9600C57718FBE539B.e.291"},"getTitle",[]]}
COMMAND: POST /session/ff5c7e255a5f22217e9e71b107331cab/execute/async - {"script":"<script> [1562 bytes]","args":[{"selector":{"id":"shellAppTitle"},"wdio_ui5_key":"shellAppTitle"}]}
RESULT: {"script":"<script> [1562 bytes]","args":[{"selector":{"id":"shellAppTitle"},"wdio_ui5_key":"shellAppTitle"}]}
COMMAND: POST /session/ff5c7e255a5f22217e9e71b107331cab/execute/async - {"script":"<script> [6424 bytes]","args":[{"element-6066-11e4-a52e-4f735466cecf":"f.B606A59DB483FA8DF8D5F24B3E927ED2.d.18EA548975DD67D9600C57718FBE539B.e.482"},"getTitle",[]]}
RESULT: {"script":"<script> [6424 bytes]","args":[{"element-6066-11e4-a52e-4f735466cecf":"f.B606A59DB483FA8DF8D5F24B3E927ED2.d.18EA548975DD67D9600C57718FBE539B.e.482"},"getTitle",[]]}
RESULT: undefined
COMMAND: POST /session/ff5c7e255a5f22217e9e71b107331cab/element/f.B606A59DB483FA8DF8D5F24B3E927ED2.d.18EA548975DD67D9600C57718FBE539B.e.292/click - {}
RESULT: {}
COMMAND: GET /session/ff5c7e255a5f22217e9e71b107331cab/screenshot - {}
RESULT: {}
]]></system-out>
    </testcase>
    <testcase classname="chrome.135_0_7049_96.windows.Sanity_Tests_US104253" name="Should open Manage Resources page" time="30.168">
      <system-out><![CDATA[
COMMAND: POST /session/ff5c7e255a5f22217e9e71b107331cab/execute/async - {"script":"<script> [1562 bytes]","args":[{"selector":{"controlType":"sap.m.GenericTile","properties":{"header":"Manage Resources"}},"wdio_ui5_key":"sapm.GenericTile{\"header\":\"Manage Resources\"}"}]}
RESULT: {"script":"<script> [1562 bytes]","args":[{"selector":{"controlType":"sap.m.GenericTile","properties":{"header":"Manage Resources"}},"wdio_ui5_key":"sapm.GenericTile{\"header\":\"Manage Resources\"}"}]}
RESULT: undefined
COMMAND: POST /session/ff5c7e255a5f22217e9e71b107331cab/element - {"using":"xpath","value":"//*[@id=\"__tile39\"]"}
RESULT: {"using":"xpath","value":"//*[@id=\"__tile39\"]"}
COMMAND: POST /session/ff5c7e255a5f22217e9e71b107331cab/element/f.B606A59DB483FA8DF8D5F24B3E927ED2.d.18EA548975DD67D9600C57718FBE539B.e.484/click - {}
RESULT: {}
COMMAND: GET /session/ff5c7e255a5f22217e9e71b107331cab/screenshot - {}
RESULT: {}
RESULT: undefined
COMMAND: POST /session/ff5c7e255a5f22217e9e71b107331cab/element - {"using":"xpath","value":"//*[@id=\"__tile39\"]"}
RESULT: {"using":"xpath","value":"//*[@id=\"__tile39\"]"}
COMMAND: POST /session/ff5c7e255a5f22217e9e71b107331cab/element/f.B606A59DB483FA8DF8D5F24B3E927ED2.d.18EA548975DD67D9600C57718FBE539B.e.484/click - {}
RESULT: undefined
COMMAND: POST /session/ff5c7e255a5f22217e9e71b107331cab/element - {"using":"xpath","value":"//*[@id=\"__tile39\"]"}
RESULT: {"using":"xpath","value":"//*[@id=\"__tile39\"]"}
COMMAND: POST /session/ff5c7e255a5f22217e9e71b107331cab/element/f.B606A59DB483FA8DF8D5F24B3E927ED2.d.18EA548975DD67D9600C57718FBE539B.e.484/click - {}
RESULT: undefined
COMMAND: POST /session/ff5c7e255a5f22217e9e71b107331cab/execute/async - {"script":"<script> [6424 bytes]","args":[{"element-6066-11e4-a52e-4f735466cecf":"f.B606A59DB483FA8DF8D5F24B3E927ED2.d.18EA548975DD67D9600C57718FBE539B.e.291"},"getTitle",[]]}
COMMAND: POST /session/ff5c7e255a5f22217e9e71b107331cab/execute/async - {"script":"<script> [1562 bytes]","args":[{"selector":{"id":"shellAppTitle"},"wdio_ui5_key":"shellAppTitle"}]}
RESULT: {"script":"<script> [1562 bytes]","args":[{"selector":{"id":"shellAppTitle"},"wdio_ui5_key":"shellAppTitle"}]}
COMMAND: POST /session/ff5c7e255a5f22217e9e71b107331cab/execute/async - {"script":"<script> [6424 bytes]","args":[{"element-6066-11e4-a52e-4f735466cecf":"f.B606A59DB483FA8DF8D5F24B3E927ED2.d.18EA548975DD67D9600C57718FBE539B.e.656"},"getTitle",[]]}
RESULT: {"script":"<script> [6424 bytes]","args":[{"element-6066-11e4-a52e-4f735466cecf":"f.B606A59DB483FA8DF8D5F24B3E927ED2.d.18EA548975DD67D9600C57718FBE539B.e.656"},"getTitle",[]]}
RESULT: undefined
COMMAND: POST /session/ff5c7e255a5f22217e9e71b107331cab/element/f.B606A59DB483FA8DF8D5F24B3E927ED2.d.18EA548975DD67D9600C57718FBE539B.e.292/click - {}
COMMAND: POST /session/ff5c7e255a5f22217e9e71b107331cab/element - {"using":"xpath","value":"//*[@id=\"backBtn\"]"}
RESULT: {"using":"xpath","value":"//*[@id=\"backBtn\"]"}
COMMAND: POST /session/ff5c7e255a5f22217e9e71b107331cab/element/f.B606A59DB483FA8DF8D5F24B3E927ED2.d.18EA548975DD67D9600C57718FBE539B.e.292/click - {}
COMMAND: POST /session/ff5c7e255a5f22217e9e71b107331cab/element - {"using":"xpath","value":"//*[@id=\"backBtn\"]"}
RESULT: {"using":"xpath","value":"//*[@id=\"backBtn\"]"}
COMMAND: POST /session/ff5c7e255a5f22217e9e71b107331cab/element/f.B606A59DB483FA8DF8D5F24B3E927ED2.d.18EA548975DD67D9600C57718FBE539B.e.657/click - {}
RESULT: {}
COMMAND: GET /session/ff5c7e255a5f22217e9e71b107331cab/screenshot - {}
RESULT: {}
]]></system-out>
    </testcase>
    <testcase classname="chrome.135_0_7049_96.windows.Sanity_Tests_US104253" name="Should open Manage Catalogs page" time="31.139">
      <system-out><![CDATA[
COMMAND: POST /session/ff5c7e255a5f22217e9e71b107331cab/execute/async - {"script":"<script> [1562 bytes]","args":[{"selector":{"controlType":"sap.m.GenericTile","properties":{"header":"Manage Catalogs"}},"wdio_ui5_key":"sapm.GenericTile{\"header\":\"Manage Catalogs\"}"}]}
RESULT: {"script":"<script> [1562 bytes]","args":[{"selector":{"controlType":"sap.m.GenericTile","properties":{"header":"Manage Catalogs"}},"wdio_ui5_key":"sapm.GenericTile{\"header\":\"Manage Catalogs\"}"}]}
RESULT: undefined
COMMAND: POST /session/ff5c7e255a5f22217e9e71b107331cab/element - {"using":"xpath","value":"//*[@id=\"__tile37\"]"}
RESULT: {"using":"xpath","value":"//*[@id=\"__tile37\"]"}
COMMAND: POST /session/ff5c7e255a5f22217e9e71b107331cab/element/f.B606A59DB483FA8DF8D5F24B3E927ED2.d.18EA548975DD67D9600C57718FBE539B.e.659/click - {}
RESULT: {}
COMMAND: GET /session/ff5c7e255a5f22217e9e71b107331cab/screenshot - {}
RESULT: {}
RESULT: undefined
COMMAND: POST /session/ff5c7e255a5f22217e9e71b107331cab/element - {"using":"xpath","value":"//*[@id=\"__tile37\"]"}
RESULT: {"using":"xpath","value":"//*[@id=\"__tile37\"]"}
COMMAND: POST /session/ff5c7e255a5f22217e9e71b107331cab/element/f.B606A59DB483FA8DF8D5F24B3E927ED2.d.18EA548975DD67D9600C57718FBE539B.e.659/click - {}
RESULT: undefined
COMMAND: POST /session/ff5c7e255a5f22217e9e71b107331cab/element - {"using":"xpath","value":"//*[@id=\"__tile37\"]"}
RESULT: {"using":"xpath","value":"//*[@id=\"__tile37\"]"}
COMMAND: POST /session/ff5c7e255a5f22217e9e71b107331cab/element/f.B606A59DB483FA8DF8D5F24B3E927ED2.d.18EA548975DD67D9600C57718FBE539B.e.659/click - {}
RESULT: undefined
COMMAND: POST /session/ff5c7e255a5f22217e9e71b107331cab/execute/async - {"script":"<script> [6424 bytes]","args":[{"element-6066-11e4-a52e-4f735466cecf":"f.B606A59DB483FA8DF8D5F24B3E927ED2.d.18EA548975DD67D9600C57718FBE539B.e.291"},"getTitle",[]]}
COMMAND: POST /session/ff5c7e255a5f22217e9e71b107331cab/execute/async - {"script":"<script> [1562 bytes]","args":[{"selector":{"id":"shellAppTitle"},"wdio_ui5_key":"shellAppTitle"}]}
RESULT: {"script":"<script> [1562 bytes]","args":[{"selector":{"id":"shellAppTitle"},"wdio_ui5_key":"shellAppTitle"}]}
COMMAND: POST /session/ff5c7e255a5f22217e9e71b107331cab/execute/async - {"script":"<script> [6424 bytes]","args":[{"element-6066-11e4-a52e-4f735466cecf":"f.B606A59DB483FA8DF8D5F24B3E927ED2.d.18EA548975DD67D9600C57718FBE539B.e.728"},"getTitle",[]]}
RESULT: {"script":"<script> [6424 bytes]","args":[{"element-6066-11e4-a52e-4f735466cecf":"f.B606A59DB483FA8DF8D5F24B3E927ED2.d.18EA548975DD67D9600C57718FBE539B.e.728"},"getTitle",[]]}
RESULT: undefined
COMMAND: POST /session/ff5c7e255a5f22217e9e71b107331cab/element/f.B606A59DB483FA8DF8D5F24B3E927ED2.d.18EA548975DD67D9600C57718FBE539B.e.657/click - {}
RESULT: {}
COMMAND: GET /session/ff5c7e255a5f22217e9e71b107331cab/screenshot - {}
RESULT: {}
]]></system-out>
    </testcase>
    <testcase classname="chrome.135_0_7049_96.windows.Sanity_Tests_US104253" name="Should open Manage Calendars page" time="31.634">
      <system-out><![CDATA[
COMMAND: POST /session/ff5c7e255a5f22217e9e71b107331cab/execute/async - {"script":"<script> [1562 bytes]","args":[{"selector":{"controlType":"sap.m.GenericTile","properties":{"header":"Manage Calendars"}},"wdio_ui5_key":"sapm.GenericTile{\"header\":\"Manage Calendars\"}"}]}
RESULT: {"script":"<script> [1562 bytes]","args":[{"selector":{"controlType":"sap.m.GenericTile","properties":{"header":"Manage Calendars"}},"wdio_ui5_key":"sapm.GenericTile{\"header\":\"Manage Calendars\"}"}]}
RESULT: undefined
COMMAND: POST /session/ff5c7e255a5f22217e9e71b107331cab/element - {"using":"xpath","value":"//*[@id=\"__tile36\"]"}
RESULT: {"using":"xpath","value":"//*[@id=\"__tile36\"]"}
COMMAND: POST /session/ff5c7e255a5f22217e9e71b107331cab/element/f.B606A59DB483FA8DF8D5F24B3E927ED2.d.18EA548975DD67D9600C57718FBE539B.e.730/click - {}
RESULT: {}
COMMAND: GET /session/ff5c7e255a5f22217e9e71b107331cab/screenshot - {}
RESULT: {}
RESULT: undefined
COMMAND: POST /session/ff5c7e255a5f22217e9e71b107331cab/element - {"using":"xpath","value":"//*[@id=\"__tile36\"]"}
RESULT: {"using":"xpath","value":"//*[@id=\"__tile36\"]"}
COMMAND: POST /session/ff5c7e255a5f22217e9e71b107331cab/element/f.B606A59DB483FA8DF8D5F24B3E927ED2.d.18EA548975DD67D9600C57718FBE539B.e.730/click - {}
RESULT: undefined
COMMAND: POST /session/ff5c7e255a5f22217e9e71b107331cab/element - {"using":"xpath","value":"//*[@id=\"__tile36\"]"}
RESULT: {"using":"xpath","value":"//*[@id=\"__tile36\"]"}
COMMAND: POST /session/ff5c7e255a5f22217e9e71b107331cab/element/f.B606A59DB483FA8DF8D5F24B3E927ED2.d.18EA548975DD67D9600C57718FBE539B.e.730/click - {}
RESULT: undefined
COMMAND: POST /session/ff5c7e255a5f22217e9e71b107331cab/execute/async - {"script":"<script> [6424 bytes]","args":[{"element-6066-11e4-a52e-4f735466cecf":"f.B606A59DB483FA8DF8D5F24B3E927ED2.d.18EA548975DD67D9600C57718FBE539B.e.291"},"getTitle",[]]}
COMMAND: POST /session/ff5c7e255a5f22217e9e71b107331cab/execute/async - {"script":"<script> [1562 bytes]","args":[{"selector":{"id":"shellAppTitle"},"wdio_ui5_key":"shellAppTitle"}]}
RESULT: {"script":"<script> [1562 bytes]","args":[{"selector":{"id":"shellAppTitle"},"wdio_ui5_key":"shellAppTitle"}]}
COMMAND: POST /session/ff5c7e255a5f22217e9e71b107331cab/execute/async - {"script":"<script> [6424 bytes]","args":[{"element-6066-11e4-a52e-4f735466cecf":"f.B606A59DB483FA8DF8D5F24B3E927ED2.d.18EA548975DD67D9600C57718FBE539B.e.793"},"getTitle",[]]}
RESULT: {"script":"<script> [6424 bytes]","args":[{"element-6066-11e4-a52e-4f735466cecf":"f.B606A59DB483FA8DF8D5F24B3E927ED2.d.18EA548975DD67D9600C57718FBE539B.e.793"},"getTitle",[]]}
RESULT: undefined
COMMAND: POST /session/ff5c7e255a5f22217e9e71b107331cab/element/f.B606A59DB483FA8DF8D5F24B3E927ED2.d.18EA548975DD67D9600C57718FBE539B.e.657/click - {}
COMMAND: POST /session/ff5c7e255a5f22217e9e71b107331cab/element - {"using":"xpath","value":"//*[@id=\"backBtn\"]"}
RESULT: {"using":"xpath","value":"//*[@id=\"backBtn\"]"}
COMMAND: POST /session/ff5c7e255a5f22217e9e71b107331cab/element/f.B606A59DB483FA8DF8D5F24B3E927ED2.d.18EA548975DD67D9600C57718FBE539B.e.657/click - {}
COMMAND: POST /session/ff5c7e255a5f22217e9e71b107331cab/element - {"using":"xpath","value":"//*[@id=\"backBtn\"]"}
RESULT: {"using":"xpath","value":"//*[@id=\"backBtn\"]"}
COMMAND: POST /session/ff5c7e255a5f22217e9e71b107331cab/element/f.B606A59DB483FA8DF8D5F24B3E927ED2.d.18EA548975DD67D9600C57718FBE539B.e.794/click - {}
RESULT: {}
COMMAND: GET /session/ff5c7e255a5f22217e9e71b107331cab/screenshot - {}
RESULT: {}
]]></system-out>
    </testcase>
    <testcase classname="chrome.135_0_7049_96.windows.Sanity_Tests_US104253" name="Should open Address Management page" time="33.039">
      <system-out><![CDATA[
COMMAND: POST /session/ff5c7e255a5f22217e9e71b107331cab/execute/async - {"script":"<script> [1562 bytes]","args":[{"selector":{"controlType":"sap.m.GenericTile","properties":{"header":"Address Management"}},"wdio_ui5_key":"sapm.GenericTile{\"header\":\"Address Management\"}"}]}
RESULT: {"script":"<script> [1562 bytes]","args":[{"selector":{"controlType":"sap.m.GenericTile","properties":{"header":"Address Management"}},"wdio_ui5_key":"sapm.GenericTile{\"header\":\"Address Management\"}"}]}
RESULT: undefined
COMMAND: POST /session/ff5c7e255a5f22217e9e71b107331cab/element - {"using":"xpath","value":"//*[@id=\"__tile33\"]"}
RESULT: {"using":"xpath","value":"//*[@id=\"__tile33\"]"}
COMMAND: POST /session/ff5c7e255a5f22217e9e71b107331cab/element/f.B606A59DB483FA8DF8D5F24B3E927ED2.d.18EA548975DD67D9600C57718FBE539B.e.796/click - {}
RESULT: {}
COMMAND: GET /session/ff5c7e255a5f22217e9e71b107331cab/screenshot - {}
RESULT: {}
RESULT: undefined
COMMAND: POST /session/ff5c7e255a5f22217e9e71b107331cab/element - {"using":"xpath","value":"//*[@id=\"__tile33\"]"}
RESULT: {"using":"xpath","value":"//*[@id=\"__tile33\"]"}
COMMAND: POST /session/ff5c7e255a5f22217e9e71b107331cab/element/f.B606A59DB483FA8DF8D5F24B3E927ED2.d.18EA548975DD67D9600C57718FBE539B.e.796/click - {}
RESULT: undefined
COMMAND: POST /session/ff5c7e255a5f22217e9e71b107331cab/element - {"using":"xpath","value":"//*[@id=\"__tile33\"]"}
RESULT: {"using":"xpath","value":"//*[@id=\"__tile33\"]"}
COMMAND: POST /session/ff5c7e255a5f22217e9e71b107331cab/element/f.B606A59DB483FA8DF8D5F24B3E927ED2.d.18EA548975DD67D9600C57718FBE539B.e.796/click - {}
RESULT: undefined
COMMAND: POST /session/ff5c7e255a5f22217e9e71b107331cab/execute/async - {"script":"<script> [6424 bytes]","args":[{"element-6066-11e4-a52e-4f735466cecf":"f.B606A59DB483FA8DF8D5F24B3E927ED2.d.18EA548975DD67D9600C57718FBE539B.e.291"},"getTitle",[]]}
COMMAND: POST /session/ff5c7e255a5f22217e9e71b107331cab/execute/async - {"script":"<script> [1562 bytes]","args":[{"selector":{"id":"shellAppTitle"},"wdio_ui5_key":"shellAppTitle"}]}
RESULT: {"script":"<script> [1562 bytes]","args":[{"selector":{"id":"shellAppTitle"},"wdio_ui5_key":"shellAppTitle"}]}
COMMAND: POST /session/ff5c7e255a5f22217e9e71b107331cab/execute/async - {"script":"<script> [6424 bytes]","args":[{"element-6066-11e4-a52e-4f735466cecf":"f.B606A59DB483FA8DF8D5F24B3E927ED2.d.18EA548975DD67D9600C57718FBE539B.e.991"},"getTitle",[]]}
RESULT: {"script":"<script> [6424 bytes]","args":[{"element-6066-11e4-a52e-4f735466cecf":"f.B606A59DB483FA8DF8D5F24B3E927ED2.d.18EA548975DD67D9600C57718FBE539B.e.991"},"getTitle",[]]}
RESULT: undefined
COMMAND: POST /session/ff5c7e255a5f22217e9e71b107331cab/element/f.B606A59DB483FA8DF8D5F24B3E927ED2.d.18EA548975DD67D9600C57718FBE539B.e.794/click - {}
RESULT: {}
COMMAND: GET /session/ff5c7e255a5f22217e9e71b107331cab/screenshot - {}
RESULT: {}
]]></system-out>
    </testcase>
    <testcase classname="chrome.135_0_7049_96.windows.Sanity_Tests_US104253" name="Should open Bill Of Resources page" time="31.863">
      <system-out><![CDATA[
COMMAND: POST /session/ff5c7e255a5f22217e9e71b107331cab/execute/async - {"script":"<script> [1562 bytes]","args":[{"selector":{"controlType":"sap.m.GenericTile","properties":{"header":"Bill Of Resources"}},"wdio_ui5_key":"sapm.GenericTile{\"header\":\"Bill Of Resources\"}"}]}
RESULT: {"script":"<script> [1562 bytes]","args":[{"selector":{"controlType":"sap.m.GenericTile","properties":{"header":"Bill Of Resources"}},"wdio_ui5_key":"sapm.GenericTile{\"header\":\"Bill Of Resources\"}"}]}
RESULT: undefined
COMMAND: POST /session/ff5c7e255a5f22217e9e71b107331cab/element - {"using":"xpath","value":"//*[@id=\"__tile34\"]"}
RESULT: {"using":"xpath","value":"//*[@id=\"__tile34\"]"}
COMMAND: POST /session/ff5c7e255a5f22217e9e71b107331cab/element/f.B606A59DB483FA8DF8D5F24B3E927ED2.d.18EA548975DD67D9600C57718FBE539B.e.993/click - {}
RESULT: {}
COMMAND: GET /session/ff5c7e255a5f22217e9e71b107331cab/screenshot - {}
RESULT: {}
RESULT: undefined
COMMAND: POST /session/ff5c7e255a5f22217e9e71b107331cab/element - {"using":"xpath","value":"//*[@id=\"__tile34\"]"}
RESULT: {"using":"xpath","value":"//*[@id=\"__tile34\"]"}
COMMAND: POST /session/ff5c7e255a5f22217e9e71b107331cab/element/f.B606A59DB483FA8DF8D5F24B3E927ED2.d.18EA548975DD67D9600C57718FBE539B.e.993/click - {}
RESULT: undefined
COMMAND: POST /session/ff5c7e255a5f22217e9e71b107331cab/element - {"using":"xpath","value":"//*[@id=\"__tile34\"]"}
RESULT: {"using":"xpath","value":"//*[@id=\"__tile34\"]"}
COMMAND: POST /session/ff5c7e255a5f22217e9e71b107331cab/element/f.B606A59DB483FA8DF8D5F24B3E927ED2.d.18EA548975DD67D9600C57718FBE539B.e.993/click - {}
RESULT: undefined
COMMAND: POST /session/ff5c7e255a5f22217e9e71b107331cab/execute/async - {"script":"<script> [6424 bytes]","args":[{"element-6066-11e4-a52e-4f735466cecf":"f.B606A59DB483FA8DF8D5F24B3E927ED2.d.18EA548975DD67D9600C57718FBE539B.e.291"},"getTitle",[]]}
COMMAND: POST /session/ff5c7e255a5f22217e9e71b107331cab/execute/async - {"script":"<script> [1562 bytes]","args":[{"selector":{"id":"shellAppTitle"},"wdio_ui5_key":"shellAppTitle"}]}
RESULT: {"script":"<script> [1562 bytes]","args":[{"selector":{"id":"shellAppTitle"},"wdio_ui5_key":"shellAppTitle"}]}
COMMAND: POST /session/ff5c7e255a5f22217e9e71b107331cab/execute/async - {"script":"<script> [6424 bytes]","args":[{"element-6066-11e4-a52e-4f735466cecf":"f.B606A59DB483FA8DF8D5F24B3E927ED2.d.18EA548975DD67D9600C57718FBE539B.e.1069"},"getTitle",[]]}
RESULT: {"script":"<script> [6424 bytes]","args":[{"element-6066-11e4-a52e-4f735466cecf":"f.B606A59DB483FA8DF8D5F24B3E927ED2.d.18EA548975DD67D9600C57718FBE539B.e.1069"},"getTitle",[]]}
RESULT: undefined
COMMAND: POST /session/ff5c7e255a5f22217e9e71b107331cab/element/f.B606A59DB483FA8DF8D5F24B3E927ED2.d.18EA548975DD67D9600C57718FBE539B.e.794/click - {}
COMMAND: POST /session/ff5c7e255a5f22217e9e71b107331cab/element - {"using":"xpath","value":"//*[@id=\"backBtn\"]"}
RESULT: {"using":"xpath","value":"//*[@id=\"backBtn\"]"}
COMMAND: POST /session/ff5c7e255a5f22217e9e71b107331cab/element/f.B606A59DB483FA8DF8D5F24B3E927ED2.d.18EA548975DD67D9600C57718FBE539B.e.794/click - {}
COMMAND: POST /session/ff5c7e255a5f22217e9e71b107331cab/element - {"using":"xpath","value":"//*[@id=\"backBtn\"]"}
RESULT: {"using":"xpath","value":"//*[@id=\"backBtn\"]"}
COMMAND: POST /session/ff5c7e255a5f22217e9e71b107331cab/element/f.B606A59DB483FA8DF8D5F24B3E927ED2.d.18EA548975DD67D9600C57718FBE539B.e.1070/click - {}
RESULT: {}
COMMAND: GET /session/ff5c7e255a5f22217e9e71b107331cab/screenshot - {}
RESULT: {}
]]></system-out>
    </testcase>
    <testcase classname="chrome.135_0_7049_96.windows.Sanity_Tests_US104253" name="Should open Manage Yards page" time="31.825">
      <system-out><![CDATA[
COMMAND: POST /session/ff5c7e255a5f22217e9e71b107331cab/execute/async - {"script":"<script> [1562 bytes]","args":[{"selector":{"controlType":"sap.m.GenericTile","properties":{"header":"Manage Yards"}},"wdio_ui5_key":"sapm.GenericTile{\"header\":\"Manage Yards\"}"}]}
RESULT: {"script":"<script> [1562 bytes]","args":[{"selector":{"controlType":"sap.m.GenericTile","properties":{"header":"Manage Yards"}},"wdio_ui5_key":"sapm.GenericTile{\"header\":\"Manage Yards\"}"}]}
RESULT: undefined
COMMAND: POST /session/ff5c7e255a5f22217e9e71b107331cab/element - {"using":"xpath","value":"//*[@id=\"__tile41\"]"}
RESULT: {"using":"xpath","value":"//*[@id=\"__tile41\"]"}
COMMAND: POST /session/ff5c7e255a5f22217e9e71b107331cab/element/f.B606A59DB483FA8DF8D5F24B3E927ED2.d.18EA548975DD67D9600C57718FBE539B.e.1072/click - {}
RESULT: {}
COMMAND: GET /session/ff5c7e255a5f22217e9e71b107331cab/screenshot - {}
RESULT: {}
RESULT: undefined
COMMAND: POST /session/ff5c7e255a5f22217e9e71b107331cab/element - {"using":"xpath","value":"//*[@id=\"__tile41\"]"}
RESULT: {"using":"xpath","value":"//*[@id=\"__tile41\"]"}
COMMAND: POST /session/ff5c7e255a5f22217e9e71b107331cab/element/f.B606A59DB483FA8DF8D5F24B3E927ED2.d.18EA548975DD67D9600C57718FBE539B.e.1072/click - {}
RESULT: undefined
COMMAND: POST /session/ff5c7e255a5f22217e9e71b107331cab/element - {"using":"xpath","value":"//*[@id=\"__tile41\"]"}
RESULT: {"using":"xpath","value":"//*[@id=\"__tile41\"]"}
COMMAND: POST /session/ff5c7e255a5f22217e9e71b107331cab/element/f.B606A59DB483FA8DF8D5F24B3E927ED2.d.18EA548975DD67D9600C57718FBE539B.e.1072/click - {}
RESULT: undefined
COMMAND: POST /session/ff5c7e255a5f22217e9e71b107331cab/execute/async - {"script":"<script> [6424 bytes]","args":[{"element-6066-11e4-a52e-4f735466cecf":"f.B606A59DB483FA8DF8D5F24B3E927ED2.d.18EA548975DD67D9600C57718FBE539B.e.291"},"getTitle",[]]}
COMMAND: POST /session/ff5c7e255a5f22217e9e71b107331cab/execute/async - {"script":"<script> [1562 bytes]","args":[{"selector":{"id":"shellAppTitle"},"wdio_ui5_key":"shellAppTitle"}]}
RESULT: {"script":"<script> [1562 bytes]","args":[{"selector":{"id":"shellAppTitle"},"wdio_ui5_key":"shellAppTitle"}]}
COMMAND: POST /session/ff5c7e255a5f22217e9e71b107331cab/execute/async - {"script":"<script> [6424 bytes]","args":[{"element-6066-11e4-a52e-4f735466cecf":"f.B606A59DB483FA8DF8D5F24B3E927ED2.d.18EA548975DD67D9600C57718FBE539B.e.1246"},"getTitle",[]]}
RESULT: {"script":"<script> [6424 bytes]","args":[{"element-6066-11e4-a52e-4f735466cecf":"f.B606A59DB483FA8DF8D5F24B3E927ED2.d.18EA548975DD67D9600C57718FBE539B.e.1246"},"getTitle",[]]}
RESULT: undefined
COMMAND: POST /session/ff5c7e255a5f22217e9e71b107331cab/element/f.B606A59DB483FA8DF8D5F24B3E927ED2.d.18EA548975DD67D9600C57718FBE539B.e.1070/click - {}
RESULT: {}
COMMAND: GET /session/ff5c7e255a5f22217e9e71b107331cab/screenshot - {}
RESULT: {}
]]></system-out>
    </testcase>
    <testcase classname="chrome.135_0_7049_96.windows.Sanity_Tests_US104253" name="Should open Manage Requests page" time="31.254">
      <system-out><![CDATA[
COMMAND: POST /session/ff5c7e255a5f22217e9e71b107331cab/execute/async - {"script":"<script> [1562 bytes]","args":[{"selector":{"controlType":"sap.m.GenericTile","properties":{"header":"Manage Requests"}},"wdio_ui5_key":"sapm.GenericTile{\"header\":\"Manage Requests\"}"}]}
RESULT: {"script":"<script> [1562 bytes]","args":[{"selector":{"controlType":"sap.m.GenericTile","properties":{"header":"Manage Requests"}},"wdio_ui5_key":"sapm.GenericTile{\"header\":\"Manage Requests\"}"}]}
RESULT: undefined
COMMAND: POST /session/ff5c7e255a5f22217e9e71b107331cab/element - {"using":"xpath","value":"//*[@id=\"__tile47\"]"}
RESULT: {"using":"xpath","value":"//*[@id=\"__tile47\"]"}
COMMAND: POST /session/ff5c7e255a5f22217e9e71b107331cab/element/f.B606A59DB483FA8DF8D5F24B3E927ED2.d.18EA548975DD67D9600C57718FBE539B.e.1248/click - {}
RESULT: {}
COMMAND: GET /session/ff5c7e255a5f22217e9e71b107331cab/screenshot - {}
RESULT: {}
RESULT: undefined
COMMAND: POST /session/ff5c7e255a5f22217e9e71b107331cab/element - {"using":"xpath","value":"//*[@id=\"__tile47\"]"}
RESULT: {"using":"xpath","value":"//*[@id=\"__tile47\"]"}
COMMAND: POST /session/ff5c7e255a5f22217e9e71b107331cab/element/f.B606A59DB483FA8DF8D5F24B3E927ED2.d.18EA548975DD67D9600C57718FBE539B.e.1248/click - {}
RESULT: undefined
COMMAND: POST /session/ff5c7e255a5f22217e9e71b107331cab/element - {"using":"xpath","value":"//*[@id=\"__tile47\"]"}
RESULT: {"using":"xpath","value":"//*[@id=\"__tile47\"]"}
COMMAND: POST /session/ff5c7e255a5f22217e9e71b107331cab/element/f.B606A59DB483FA8DF8D5F24B3E927ED2.d.18EA548975DD67D9600C57718FBE539B.e.1248/click - {}
RESULT: undefined
COMMAND: POST /session/ff5c7e255a5f22217e9e71b107331cab/execute/async - {"script":"<script> [6424 bytes]","args":[{"element-6066-11e4-a52e-4f735466cecf":"f.B606A59DB483FA8DF8D5F24B3E927ED2.d.18EA548975DD67D9600C57718FBE539B.e.291"},"getTitle",[]]}
COMMAND: POST /session/ff5c7e255a5f22217e9e71b107331cab/execute/async - {"script":"<script> [1562 bytes]","args":[{"selector":{"id":"shellAppTitle"},"wdio_ui5_key":"shellAppTitle"}]}
RESULT: {"script":"<script> [1562 bytes]","args":[{"selector":{"id":"shellAppTitle"},"wdio_ui5_key":"shellAppTitle"}]}
COMMAND: POST /session/ff5c7e255a5f22217e9e71b107331cab/execute/async - {"script":"<script> [6424 bytes]","args":[{"element-6066-11e4-a52e-4f735466cecf":"f.B606A59DB483FA8DF8D5F24B3E927ED2.d.18EA548975DD67D9600C57718FBE539B.e.1342"},"getTitle",[]]}
RESULT: {"script":"<script> [6424 bytes]","args":[{"element-6066-11e4-a52e-4f735466cecf":"f.B606A59DB483FA8DF8D5F24B3E927ED2.d.18EA548975DD67D9600C57718FBE539B.e.1342"},"getTitle",[]]}
RESULT: undefined
COMMAND: POST /session/ff5c7e255a5f22217e9e71b107331cab/element/f.B606A59DB483FA8DF8D5F24B3E927ED2.d.18EA548975DD67D9600C57718FBE539B.e.1070/click - {}
COMMAND: POST /session/ff5c7e255a5f22217e9e71b107331cab/element - {"using":"xpath","value":"//*[@id=\"backBtn\"]"}
RESULT: {"using":"xpath","value":"//*[@id=\"backBtn\"]"}
COMMAND: POST /session/ff5c7e255a5f22217e9e71b107331cab/element/f.B606A59DB483FA8DF8D5F24B3E927ED2.d.18EA548975DD67D9600C57718FBE539B.e.1070/click - {}
COMMAND: POST /session/ff5c7e255a5f22217e9e71b107331cab/element - {"using":"xpath","value":"//*[@id=\"backBtn\"]"}
RESULT: {"using":"xpath","value":"//*[@id=\"backBtn\"]"}
COMMAND: POST /session/ff5c7e255a5f22217e9e71b107331cab/element/f.B606A59DB483FA8DF8D5F24B3E927ED2.d.18EA548975DD67D9600C57718FBE539B.e.1343/click - {}
RESULT: {}
COMMAND: GET /session/ff5c7e255a5f22217e9e71b107331cab/screenshot - {}
RESULT: {}
]]></system-out>
    </testcase>
    <testcase classname="chrome.135_0_7049_96.windows.Sanity_Tests_US104253" name="Should open Manage Purchasing page" time="29.835">
      <system-out><![CDATA[
COMMAND: POST /session/ff5c7e255a5f22217e9e71b107331cab/execute/async - {"script":"<script> [1562 bytes]","args":[{"selector":{"controlType":"sap.m.GenericTile","properties":{"header":"Manage Purchasing"}},"wdio_ui5_key":"sapm.GenericTile{\"header\":\"Manage Purchasing\"}"}]}
RESULT: {"script":"<script> [1562 bytes]","args":[{"selector":{"controlType":"sap.m.GenericTile","properties":{"header":"Manage Purchasing"}},"wdio_ui5_key":"sapm.GenericTile{\"header\":\"Manage Purchasing\"}"}]}
RESULT: undefined
COMMAND: POST /session/ff5c7e255a5f22217e9e71b107331cab/element - {"using":"xpath","value":"//*[@id=\"__tile46\"]"}
RESULT: {"using":"xpath","value":"//*[@id=\"__tile46\"]"}
COMMAND: POST /session/ff5c7e255a5f22217e9e71b107331cab/element/f.B606A59DB483FA8DF8D5F24B3E927ED2.d.18EA548975DD67D9600C57718FBE539B.e.1346/click - {}
RESULT: {}
COMMAND: GET /session/ff5c7e255a5f22217e9e71b107331cab/screenshot - {}
RESULT: {}
RESULT: undefined
COMMAND: POST /session/ff5c7e255a5f22217e9e71b107331cab/element - {"using":"xpath","value":"//*[@id=\"__tile46\"]"}
RESULT: {"using":"xpath","value":"//*[@id=\"__tile46\"]"}
COMMAND: POST /session/ff5c7e255a5f22217e9e71b107331cab/element/f.B606A59DB483FA8DF8D5F24B3E927ED2.d.18EA548975DD67D9600C57718FBE539B.e.1346/click - {}
RESULT: undefined
COMMAND: POST /session/ff5c7e255a5f22217e9e71b107331cab/element - {"using":"xpath","value":"//*[@id=\"__tile46\"]"}
RESULT: {"using":"xpath","value":"//*[@id=\"__tile46\"]"}
COMMAND: POST /session/ff5c7e255a5f22217e9e71b107331cab/element/f.B606A59DB483FA8DF8D5F24B3E927ED2.d.18EA548975DD67D9600C57718FBE539B.e.1346/click - {}
RESULT: undefined
COMMAND: POST /session/ff5c7e255a5f22217e9e71b107331cab/execute/async - {"script":"<script> [6424 bytes]","args":[{"element-6066-11e4-a52e-4f735466cecf":"f.B606A59DB483FA8DF8D5F24B3E927ED2.d.18EA548975DD67D9600C57718FBE539B.e.291"},"getTitle",[]]}
COMMAND: POST /session/ff5c7e255a5f22217e9e71b107331cab/execute/async - {"script":"<script> [1562 bytes]","args":[{"selector":{"id":"shellAppTitle"},"wdio_ui5_key":"shellAppTitle"}]}
RESULT: {"script":"<script> [1562 bytes]","args":[{"selector":{"id":"shellAppTitle"},"wdio_ui5_key":"shellAppTitle"}]}
COMMAND: POST /session/ff5c7e255a5f22217e9e71b107331cab/execute/async - {"script":"<script> [6424 bytes]","args":[{"element-6066-11e4-a52e-4f735466cecf":"f.B606A59DB483FA8DF8D5F24B3E927ED2.d.18EA548975DD67D9600C57718FBE539B.e.1424"},"getTitle",[]]}
RESULT: {"script":"<script> [6424 bytes]","args":[{"element-6066-11e4-a52e-4f735466cecf":"f.B606A59DB483FA8DF8D5F24B3E927ED2.d.18EA548975DD67D9600C57718FBE539B.e.1424"},"getTitle",[]]}
RESULT: undefined
COMMAND: POST /session/ff5c7e255a5f22217e9e71b107331cab/element/f.B606A59DB483FA8DF8D5F24B3E927ED2.d.18EA548975DD67D9600C57718FBE539B.e.1343/click - {}
RESULT: {}
COMMAND: GET /session/ff5c7e255a5f22217e9e71b107331cab/screenshot - {}
RESULT: {}
]]></system-out>
    </testcase>
    <testcase classname="chrome.135_0_7049_96.windows.Sanity_Tests_US104253" name="Should open Planning Board page" time="31.935">
      <system-out><![CDATA[
COMMAND: POST /session/ff5c7e255a5f22217e9e71b107331cab/execute/async - {"script":"<script> [1562 bytes]","args":[{"selector":{"controlType":"sap.m.GenericTile","properties":{"header":"Planning Board"}},"wdio_ui5_key":"sapm.GenericTile{\"header\":\"Planning Board\"}"}]}
RESULT: {"script":"<script> [1562 bytes]","args":[{"selector":{"controlType":"sap.m.GenericTile","properties":{"header":"Planning Board"}},"wdio_ui5_key":"sapm.GenericTile{\"header\":\"Planning Board\"}"}]}
RESULT: undefined
COMMAND: POST /session/ff5c7e255a5f22217e9e71b107331cab/element - {"using":"xpath","value":"//*[@id=\"__tile130\"]"}
RESULT: {"using":"xpath","value":"//*[@id=\"__tile130\"]"}
COMMAND: POST /session/ff5c7e255a5f22217e9e71b107331cab/element/f.B606A59DB483FA8DF8D5F24B3E927ED2.d.18EA548975DD67D9600C57718FBE539B.e.1426/click - {}
RESULT: {}
COMMAND: GET /session/ff5c7e255a5f22217e9e71b107331cab/screenshot - {}
RESULT: {}
RESULT: undefined
COMMAND: POST /session/ff5c7e255a5f22217e9e71b107331cab/element - {"using":"xpath","value":"//*[@id=\"__tile130\"]"}
RESULT: {"using":"xpath","value":"//*[@id=\"__tile130\"]"}
COMMAND: POST /session/ff5c7e255a5f22217e9e71b107331cab/element/f.B606A59DB483FA8DF8D5F24B3E927ED2.d.18EA548975DD67D9600C57718FBE539B.e.1426/click - {}
RESULT: undefined
COMMAND: POST /session/ff5c7e255a5f22217e9e71b107331cab/element - {"using":"xpath","value":"//*[@id=\"__tile130\"]"}
RESULT: {"using":"xpath","value":"//*[@id=\"__tile130\"]"}
COMMAND: POST /session/ff5c7e255a5f22217e9e71b107331cab/element/f.B606A59DB483FA8DF8D5F24B3E927ED2.d.18EA548975DD67D9600C57718FBE539B.e.1426/click - {}
RESULT: undefined
COMMAND: POST /session/ff5c7e255a5f22217e9e71b107331cab/execute/async - {"script":"<script> [6424 bytes]","args":[{"element-6066-11e4-a52e-4f735466cecf":"f.B606A59DB483FA8DF8D5F24B3E927ED2.d.18EA548975DD67D9600C57718FBE539B.e.291"},"getTitle",[]]}
COMMAND: POST /session/ff5c7e255a5f22217e9e71b107331cab/execute/async - {"script":"<script> [1562 bytes]","args":[{"selector":{"id":"shellAppTitle"},"wdio_ui5_key":"shellAppTitle"}]}
RESULT: {"script":"<script> [1562 bytes]","args":[{"selector":{"id":"shellAppTitle"},"wdio_ui5_key":"shellAppTitle"}]}
COMMAND: POST /session/ff5c7e255a5f22217e9e71b107331cab/execute/async - {"script":"<script> [6424 bytes]","args":[{"element-6066-11e4-a52e-4f735466cecf":"f.B606A59DB483FA8DF8D5F24B3E927ED2.d.18EA548975DD67D9600C57718FBE539B.e.1472"},"getTitle",[]]}
RESULT: {"script":"<script> [6424 bytes]","args":[{"element-6066-11e4-a52e-4f735466cecf":"f.B606A59DB483FA8DF8D5F24B3E927ED2.d.18EA548975DD67D9600C57718FBE539B.e.1472"},"getTitle",[]]}
RESULT: undefined
COMMAND: POST /session/ff5c7e255a5f22217e9e71b107331cab/element/f.B606A59DB483FA8DF8D5F24B3E927ED2.d.18EA548975DD67D9600C57718FBE539B.e.1343/click - {}
COMMAND: POST /session/ff5c7e255a5f22217e9e71b107331cab/element/f.B606A59DB483FA8DF8D5F24B3E927ED2.d.18EA548975DD67D9600C57718FBE539B.e.1343/click - {}
COMMAND: POST /session/ff5c7e255a5f22217e9e71b107331cab/element - {"using":"xpath","value":"//*[@id=\"backBtn\"]"}
COMMAND: POST /session/ff5c7e255a5f22217e9e71b107331cab/element - {"using":"xpath","value":"//*[@id=\"backBtn\"]"}
RESULT: {"using":"xpath","value":"//*[@id=\"backBtn\"]"}
COMMAND: POST /session/ff5c7e255a5f22217e9e71b107331cab/element/f.B606A59DB483FA8DF8D5F24B3E927ED2.d.18EA548975DD67D9600C57718FBE539B.e.1343/click - {}
RESULT: {"using":"xpath","value":"//*[@id=\"backBtn\"]"}
COMMAND: POST /session/ff5c7e255a5f22217e9e71b107331cab/element/f.B606A59DB483FA8DF8D5F24B3E927ED2.d.18EA548975DD67D9600C57718FBE539B.e.1343/click - {}
COMMAND: POST /session/ff5c7e255a5f22217e9e71b107331cab/element - {"using":"xpath","value":"//*[@id=\"backBtn\"]"}
COMMAND: POST /session/ff5c7e255a5f22217e9e71b107331cab/element - {"using":"xpath","value":"//*[@id=\"backBtn\"]"}
RESULT: {"using":"xpath","value":"//*[@id=\"backBtn\"]"}
COMMAND: POST /session/ff5c7e255a5f22217e9e71b107331cab/element/f.B606A59DB483FA8DF8D5F24B3E927ED2.d.18EA548975DD67D9600C57718FBE539B.e.1473/click - {}
RESULT: {"using":"xpath","value":"//*[@id=\"backBtn\"]"}
COMMAND: POST /session/ff5c7e255a5f22217e9e71b107331cab/element/f.B606A59DB483FA8DF8D5F24B3E927ED2.d.18EA548975DD67D9600C57718FBE539B.e.1473/click - {}
RESULT: {}
COMMAND: GET /session/ff5c7e255a5f22217e9e71b107331cab/screenshot - {}
RESULT: {}
COMMAND: GET /session/ff5c7e255a5f22217e9e71b107331cab/screenshot - {}
RESULT: {}
RESULT: {}
]]></system-out>
    </testcase>
    <testcase classname="chrome.135_0_7049_96.windows.Sanity_Tests_US104253" name="Should open Manage Contracts page" time="32.111">
      <system-out><![CDATA[
COMMAND: POST /session/ff5c7e255a5f22217e9e71b107331cab/execute/async - {"script":"<script> [1562 bytes]","args":[{"selector":{"controlType":"sap.m.GenericTile","properties":{"header":"Manage Contracts"}},"wdio_ui5_key":"sapm.GenericTile{\"header\":\"Manage Contracts\"}"}]}
RESULT: {"script":"<script> [1562 bytes]","args":[{"selector":{"controlType":"sap.m.GenericTile","properties":{"header":"Manage Contracts"}},"wdio_ui5_key":"sapm.GenericTile{\"header\":\"Manage Contracts\"}"}]}
RESULT: undefined
COMMAND: POST /session/ff5c7e255a5f22217e9e71b107331cab/element - {"using":"xpath","value":"//*[@id=\"__tile133\"]"}
RESULT: {"using":"xpath","value":"//*[@id=\"__tile133\"]"}
COMMAND: POST /session/ff5c7e255a5f22217e9e71b107331cab/element/f.B606A59DB483FA8DF8D5F24B3E927ED2.d.18EA548975DD67D9600C57718FBE539B.e.1475/click - {}
RESULT: {}
COMMAND: GET /session/ff5c7e255a5f22217e9e71b107331cab/screenshot - {}
RESULT: {}
RESULT: undefined
COMMAND: POST /session/ff5c7e255a5f22217e9e71b107331cab/element - {"using":"xpath","value":"//*[@id=\"__tile133\"]"}
RESULT: {"using":"xpath","value":"//*[@id=\"__tile133\"]"}
COMMAND: POST /session/ff5c7e255a5f22217e9e71b107331cab/element/f.B606A59DB483FA8DF8D5F24B3E927ED2.d.18EA548975DD67D9600C57718FBE539B.e.1475/click - {}
RESULT: undefined
COMMAND: POST /session/ff5c7e255a5f22217e9e71b107331cab/element - {"using":"xpath","value":"//*[@id=\"__tile133\"]"}
RESULT: {"using":"xpath","value":"//*[@id=\"__tile133\"]"}
COMMAND: POST /session/ff5c7e255a5f22217e9e71b107331cab/element/f.B606A59DB483FA8DF8D5F24B3E927ED2.d.18EA548975DD67D9600C57718FBE539B.e.1475/click - {}
RESULT: undefined
COMMAND: POST /session/ff5c7e255a5f22217e9e71b107331cab/execute/async - {"script":"<script> [6424 bytes]","args":[{"element-6066-11e4-a52e-4f735466cecf":"f.B606A59DB483FA8DF8D5F24B3E927ED2.d.18EA548975DD67D9600C57718FBE539B.e.291"},"getTitle",[]]}
COMMAND: POST /session/ff5c7e255a5f22217e9e71b107331cab/execute/async - {"script":"<script> [1562 bytes]","args":[{"selector":{"id":"shellAppTitle"},"wdio_ui5_key":"shellAppTitle"}]}
RESULT: {"script":"<script> [1562 bytes]","args":[{"selector":{"id":"shellAppTitle"},"wdio_ui5_key":"shellAppTitle"}]}
COMMAND: POST /session/ff5c7e255a5f22217e9e71b107331cab/execute/async - {"script":"<script> [6424 bytes]","args":[{"element-6066-11e4-a52e-4f735466cecf":"f.B606A59DB483FA8DF8D5F24B3E927ED2.d.18EA548975DD67D9600C57718FBE539B.e.1535"},"getTitle",[]]}
RESULT: {"script":"<script> [6424 bytes]","args":[{"element-6066-11e4-a52e-4f735466cecf":"f.B606A59DB483FA8DF8D5F24B3E927ED2.d.18EA548975DD67D9600C57718FBE539B.e.1535"},"getTitle",[]]}
RESULT: undefined
COMMAND: POST /session/ff5c7e255a5f22217e9e71b107331cab/element/f.B606A59DB483FA8DF8D5F24B3E927ED2.d.18EA548975DD67D9600C57718FBE539B.e.1473/click - {}
RESULT: {}
COMMAND: GET /session/ff5c7e255a5f22217e9e71b107331cab/screenshot - {}
RESULT: {}
]]></system-out>
    </testcase>
    <testcase classname="chrome.135_0_7049_96.windows.Sanity_Tests_US104253" name="Should open Manage Quotations page" time="31.762">
      <system-out><![CDATA[
COMMAND: POST /session/ff5c7e255a5f22217e9e71b107331cab/execute/async - {"script":"<script> [1562 bytes]","args":[{"selector":{"controlType":"sap.m.GenericTile","properties":{"header":"Manage Quotations"}},"wdio_ui5_key":"sapm.GenericTile{\"header\":\"Manage Quotations\"}"}]}
RESULT: {"script":"<script> [1562 bytes]","args":[{"selector":{"controlType":"sap.m.GenericTile","properties":{"header":"Manage Quotations"}},"wdio_ui5_key":"sapm.GenericTile{\"header\":\"Manage Quotations\"}"}]}
RESULT: undefined
COMMAND: POST /session/ff5c7e255a5f22217e9e71b107331cab/element - {"using":"xpath","value":"//*[@id=\"__tile132\"]"}
RESULT: {"using":"xpath","value":"//*[@id=\"__tile132\"]"}
COMMAND: POST /session/ff5c7e255a5f22217e9e71b107331cab/element/f.B606A59DB483FA8DF8D5F24B3E927ED2.d.18EA548975DD67D9600C57718FBE539B.e.1537/click - {}
RESULT: {}
COMMAND: GET /session/ff5c7e255a5f22217e9e71b107331cab/screenshot - {}
RESULT: {}
RESULT: undefined
COMMAND: POST /session/ff5c7e255a5f22217e9e71b107331cab/element - {"using":"xpath","value":"//*[@id=\"__tile132\"]"}
RESULT: {"using":"xpath","value":"//*[@id=\"__tile132\"]"}
COMMAND: POST /session/ff5c7e255a5f22217e9e71b107331cab/element/f.B606A59DB483FA8DF8D5F24B3E927ED2.d.18EA548975DD67D9600C57718FBE539B.e.1537/click - {}
RESULT: undefined
COMMAND: POST /session/ff5c7e255a5f22217e9e71b107331cab/element - {"using":"xpath","value":"//*[@id=\"__tile132\"]"}
RESULT: {"using":"xpath","value":"//*[@id=\"__tile132\"]"}
COMMAND: POST /session/ff5c7e255a5f22217e9e71b107331cab/element/f.B606A59DB483FA8DF8D5F24B3E927ED2.d.18EA548975DD67D9600C57718FBE539B.e.1537/click - {}
RESULT: undefined
COMMAND: POST /session/ff5c7e255a5f22217e9e71b107331cab/execute/async - {"script":"<script> [6424 bytes]","args":[{"element-6066-11e4-a52e-4f735466cecf":"f.B606A59DB483FA8DF8D5F24B3E927ED2.d.18EA548975DD67D9600C57718FBE539B.e.291"},"getTitle",[]]}
COMMAND: POST /session/ff5c7e255a5f22217e9e71b107331cab/execute/async - {"script":"<script> [1562 bytes]","args":[{"selector":{"id":"shellAppTitle"},"wdio_ui5_key":"shellAppTitle"}]}
RESULT: {"script":"<script> [1562 bytes]","args":[{"selector":{"id":"shellAppTitle"},"wdio_ui5_key":"shellAppTitle"}]}
COMMAND: POST /session/ff5c7e255a5f22217e9e71b107331cab/execute/async - {"script":"<script> [6424 bytes]","args":[{"element-6066-11e4-a52e-4f735466cecf":"f.B606A59DB483FA8DF8D5F24B3E927ED2.d.18EA548975DD67D9600C57718FBE539B.e.1645"},"getTitle",[]]}
RESULT: {"script":"<script> [6424 bytes]","args":[{"element-6066-11e4-a52e-4f735466cecf":"f.B606A59DB483FA8DF8D5F24B3E927ED2.d.18EA548975DD67D9600C57718FBE539B.e.1645"},"getTitle",[]]}
RESULT: undefined
COMMAND: POST /session/ff5c7e255a5f22217e9e71b107331cab/element/f.B606A59DB483FA8DF8D5F24B3E927ED2.d.18EA548975DD67D9600C57718FBE539B.e.1473/click - {}
COMMAND: POST /session/ff5c7e255a5f22217e9e71b107331cab/element - {"using":"xpath","value":"//*[@id=\"backBtn\"]"}
RESULT: {"using":"xpath","value":"//*[@id=\"backBtn\"]"}
COMMAND: POST /session/ff5c7e255a5f22217e9e71b107331cab/element/f.B606A59DB483FA8DF8D5F24B3E927ED2.d.18EA548975DD67D9600C57718FBE539B.e.1473/click - {}
COMMAND: POST /session/ff5c7e255a5f22217e9e71b107331cab/element - {"using":"xpath","value":"//*[@id=\"backBtn\"]"}
RESULT: {"using":"xpath","value":"//*[@id=\"backBtn\"]"}
COMMAND: POST /session/ff5c7e255a5f22217e9e71b107331cab/element/f.B606A59DB483FA8DF8D5F24B3E927ED2.d.18EA548975DD67D9600C57718FBE539B.e.1646/click - {}
RESULT: {}
COMMAND: GET /session/ff5c7e255a5f22217e9e71b107331cab/screenshot - {}
RESULT: {}
]]></system-out>
    </testcase>
    <testcase classname="chrome.135_0_7049_96.windows.Sanity_Tests_US104253" name="Should open Manage Handovers page" time="34.007">
      <system-out><![CDATA[
COMMAND: POST /session/ff5c7e255a5f22217e9e71b107331cab/execute/async - {"script":"<script> [1562 bytes]","args":[{"selector":{"controlType":"sap.m.GenericTile","properties":{"header":"Manage Handovers"}},"wdio_ui5_key":"sapm.GenericTile{\"header\":\"Manage Handovers\"}"}]}
RESULT: {"script":"<script> [1562 bytes]","args":[{"selector":{"controlType":"sap.m.GenericTile","properties":{"header":"Manage Handovers"}},"wdio_ui5_key":"sapm.GenericTile{\"header\":\"Manage Handovers\"}"}]}
RESULT: undefined
COMMAND: POST /session/ff5c7e255a5f22217e9e71b107331cab/element - {"using":"xpath","value":"//*[@id=\"__tile131\"]"}
RESULT: {"using":"xpath","value":"//*[@id=\"__tile131\"]"}
COMMAND: POST /session/ff5c7e255a5f22217e9e71b107331cab/element/f.B606A59DB483FA8DF8D5F24B3E927ED2.d.18EA548975DD67D9600C57718FBE539B.e.1648/click - {}
RESULT: {}
COMMAND: GET /session/ff5c7e255a5f22217e9e71b107331cab/screenshot - {}
RESULT: {}
RESULT: undefined
COMMAND: POST /session/ff5c7e255a5f22217e9e71b107331cab/element - {"using":"xpath","value":"//*[@id=\"__tile131\"]"}
RESULT: {"using":"xpath","value":"//*[@id=\"__tile131\"]"}
COMMAND: POST /session/ff5c7e255a5f22217e9e71b107331cab/element/f.B606A59DB483FA8DF8D5F24B3E927ED2.d.18EA548975DD67D9600C57718FBE539B.e.1648/click - {}
RESULT: undefined
COMMAND: POST /session/ff5c7e255a5f22217e9e71b107331cab/element - {"using":"xpath","value":"//*[@id=\"__tile131\"]"}
RESULT: {"using":"xpath","value":"//*[@id=\"__tile131\"]"}
COMMAND: POST /session/ff5c7e255a5f22217e9e71b107331cab/element/f.B606A59DB483FA8DF8D5F24B3E927ED2.d.18EA548975DD67D9600C57718FBE539B.e.1648/click - {}
RESULT: undefined
COMMAND: POST /session/ff5c7e255a5f22217e9e71b107331cab/execute/async - {"script":"<script> [6424 bytes]","args":[{"element-6066-11e4-a52e-4f735466cecf":"f.B606A59DB483FA8DF8D5F24B3E927ED2.d.18EA548975DD67D9600C57718FBE539B.e.291"},"getTitle",[]]}
COMMAND: POST /session/ff5c7e255a5f22217e9e71b107331cab/execute/async - {"script":"<script> [1562 bytes]","args":[{"selector":{"id":"shellAppTitle"},"wdio_ui5_key":"shellAppTitle"}]}
RESULT: {"script":"<script> [1562 bytes]","args":[{"selector":{"id":"shellAppTitle"},"wdio_ui5_key":"shellAppTitle"}]}
COMMAND: POST /session/ff5c7e255a5f22217e9e71b107331cab/execute/async - {"script":"<script> [6424 bytes]","args":[{"element-6066-11e4-a52e-4f735466cecf":"f.B606A59DB483FA8DF8D5F24B3E927ED2.d.18EA548975DD67D9600C57718FBE539B.e.1755"},"getTitle",[]]}
RESULT: {"script":"<script> [6424 bytes]","args":[{"element-6066-11e4-a52e-4f735466cecf":"f.B606A59DB483FA8DF8D5F24B3E927ED2.d.18EA548975DD67D9600C57718FBE539B.e.1755"},"getTitle",[]]}
RESULT: undefined
COMMAND: POST /session/ff5c7e255a5f22217e9e71b107331cab/element/f.B606A59DB483FA8DF8D5F24B3E927ED2.d.18EA548975DD67D9600C57718FBE539B.e.1646/click - {}
RESULT: {}
COMMAND: GET /session/ff5c7e255a5f22217e9e71b107331cab/screenshot - {}
RESULT: {}
]]></system-out>
    </testcase>
    <testcase classname="chrome.135_0_7049_96.windows.Sanity_Tests_US104253" name="Should open Delivery Monitor page" time="34.602">
      <system-out><![CDATA[
COMMAND: POST /session/ff5c7e255a5f22217e9e71b107331cab/execute/async - {"script":"<script> [1562 bytes]","args":[{"selector":{"controlType":"sap.m.GenericTile","properties":{"header":"Delivery Monitor"}},"wdio_ui5_key":"sapm.GenericTile{\"header\":\"Delivery Monitor\"}"}]}
RESULT: {"script":"<script> [1562 bytes]","args":[{"selector":{"controlType":"sap.m.GenericTile","properties":{"header":"Delivery Monitor"}},"wdio_ui5_key":"sapm.GenericTile{\"header\":\"Delivery Monitor\"}"}]}
RESULT: undefined
COMMAND: POST /session/ff5c7e255a5f22217e9e71b107331cab/element - {"using":"xpath","value":"//*[@id=\"__tile43\"]"}
RESULT: {"using":"xpath","value":"//*[@id=\"__tile43\"]"}
COMMAND: POST /session/ff5c7e255a5f22217e9e71b107331cab/element/f.B606A59DB483FA8DF8D5F24B3E927ED2.d.18EA548975DD67D9600C57718FBE539B.e.1757/click - {}
RESULT: {}
COMMAND: GET /session/ff5c7e255a5f22217e9e71b107331cab/screenshot - {}
RESULT: {}
RESULT: undefined
COMMAND: POST /session/ff5c7e255a5f22217e9e71b107331cab/element - {"using":"xpath","value":"//*[@id=\"__tile43\"]"}
RESULT: {"using":"xpath","value":"//*[@id=\"__tile43\"]"}
COMMAND: POST /session/ff5c7e255a5f22217e9e71b107331cab/element/f.B606A59DB483FA8DF8D5F24B3E927ED2.d.18EA548975DD67D9600C57718FBE539B.e.1757/click - {}
RESULT: undefined
COMMAND: POST /session/ff5c7e255a5f22217e9e71b107331cab/element - {"using":"xpath","value":"//*[@id=\"__tile43\"]"}
RESULT: {"using":"xpath","value":"//*[@id=\"__tile43\"]"}
COMMAND: POST /session/ff5c7e255a5f22217e9e71b107331cab/element/f.B606A59DB483FA8DF8D5F24B3E927ED2.d.18EA548975DD67D9600C57718FBE539B.e.1757/click - {}
RESULT: undefined
COMMAND: POST /session/ff5c7e255a5f22217e9e71b107331cab/execute/async - {"script":"<script> [6424 bytes]","args":[{"element-6066-11e4-a52e-4f735466cecf":"f.B606A59DB483FA8DF8D5F24B3E927ED2.d.18EA548975DD67D9600C57718FBE539B.e.291"},"getTitle",[]]}
COMMAND: POST /session/ff5c7e255a5f22217e9e71b107331cab/execute/async - {"script":"<script> [1562 bytes]","args":[{"selector":{"id":"shellAppTitle"},"wdio_ui5_key":"shellAppTitle"}]}
RESULT: {"script":"<script> [1562 bytes]","args":[{"selector":{"id":"shellAppTitle"},"wdio_ui5_key":"shellAppTitle"}]}
COMMAND: POST /session/ff5c7e255a5f22217e9e71b107331cab/execute/async - {"script":"<script> [6424 bytes]","args":[{"element-6066-11e4-a52e-4f735466cecf":"f.B606A59DB483FA8DF8D5F24B3E927ED2.d.18EA548975DD67D9600C57718FBE539B.e.1858"},"getTitle",[]]}
RESULT: {"script":"<script> [6424 bytes]","args":[{"element-6066-11e4-a52e-4f735466cecf":"f.B606A59DB483FA8DF8D5F24B3E927ED2.d.18EA548975DD67D9600C57718FBE539B.e.1858"},"getTitle",[]]}
RESULT: undefined
COMMAND: POST /session/ff5c7e255a5f22217e9e71b107331cab/element/f.B606A59DB483FA8DF8D5F24B3E927ED2.d.18EA548975DD67D9600C57718FBE539B.e.1646/click - {}
COMMAND: POST /session/ff5c7e255a5f22217e9e71b107331cab/element - {"using":"xpath","value":"//*[@id=\"backBtn\"]"}
RESULT: {"using":"xpath","value":"//*[@id=\"backBtn\"]"}
COMMAND: POST /session/ff5c7e255a5f22217e9e71b107331cab/element/f.B606A59DB483FA8DF8D5F24B3E927ED2.d.18EA548975DD67D9600C57718FBE539B.e.1646/click - {}
COMMAND: POST /session/ff5c7e255a5f22217e9e71b107331cab/element - {"using":"xpath","value":"//*[@id=\"backBtn\"]"}
RESULT: {"using":"xpath","value":"//*[@id=\"backBtn\"]"}
COMMAND: POST /session/ff5c7e255a5f22217e9e71b107331cab/element/f.B606A59DB483FA8DF8D5F24B3E927ED2.d.18EA548975DD67D9600C57718FBE539B.e.1859/click - {}
RESULT: {}
COMMAND: GET /session/ff5c7e255a5f22217e9e71b107331cab/screenshot - {}
RESULT: {}
]]></system-out>
    </testcase>
    <testcase classname="chrome.135_0_7049_96.windows.Sanity_Tests_US104253" name="Should open Manage Calendar Exceptions page" time="32.481">
      <system-out><![CDATA[
COMMAND: POST /session/ff5c7e255a5f22217e9e71b107331cab/execute/async - {"script":"<script> [1562 bytes]","args":[{"selector":{"controlType":"sap.m.GenericTile","properties":{"header":"Manage Calendar Exceptions"}},"wdio_ui5_key":"sapm.GenericTile{\"header\":\"Manage Calendar Exceptions\"}"}]}
RESULT: {"script":"<script> [1562 bytes]","args":[{"selector":{"controlType":"sap.m.GenericTile","properties":{"header":"Manage Calendar Exceptions"}},"wdio_ui5_key":"sapm.GenericTile{\"header\":\"Manage Calendar Exceptions\"}"}]}
RESULT: undefined
COMMAND: POST /session/ff5c7e255a5f22217e9e71b107331cab/element - {"using":"xpath","value":"//*[@id=\"__tile52\"]"}
RESULT: {"using":"xpath","value":"//*[@id=\"__tile52\"]"}
COMMAND: POST /session/ff5c7e255a5f22217e9e71b107331cab/element/f.B606A59DB483FA8DF8D5F24B3E927ED2.d.18EA548975DD67D9600C57718FBE539B.e.1861/click - {}
RESULT: {}
COMMAND: GET /session/ff5c7e255a5f22217e9e71b107331cab/screenshot - {}
RESULT: {}
RESULT: undefined
COMMAND: POST /session/ff5c7e255a5f22217e9e71b107331cab/element - {"using":"xpath","value":"//*[@id=\"__tile52\"]"}
RESULT: {"using":"xpath","value":"//*[@id=\"__tile52\"]"}
COMMAND: POST /session/ff5c7e255a5f22217e9e71b107331cab/element/f.B606A59DB483FA8DF8D5F24B3E927ED2.d.18EA548975DD67D9600C57718FBE539B.e.1861/click - {}
RESULT: undefined
COMMAND: POST /session/ff5c7e255a5f22217e9e71b107331cab/element - {"using":"xpath","value":"//*[@id=\"__tile52\"]"}
RESULT: {"using":"xpath","value":"//*[@id=\"__tile52\"]"}
COMMAND: POST /session/ff5c7e255a5f22217e9e71b107331cab/element/f.B606A59DB483FA8DF8D5F24B3E927ED2.d.18EA548975DD67D9600C57718FBE539B.e.1861/click - {}
RESULT: undefined
COMMAND: POST /session/ff5c7e255a5f22217e9e71b107331cab/execute/async - {"script":"<script> [6424 bytes]","args":[{"element-6066-11e4-a52e-4f735466cecf":"f.B606A59DB483FA8DF8D5F24B3E927ED2.d.18EA548975DD67D9600C57718FBE539B.e.291"},"getTitle",[]]}
COMMAND: POST /session/ff5c7e255a5f22217e9e71b107331cab/execute/async - {"script":"<script> [1562 bytes]","args":[{"selector":{"id":"shellAppTitle"},"wdio_ui5_key":"shellAppTitle"}]}
RESULT: {"script":"<script> [1562 bytes]","args":[{"selector":{"id":"shellAppTitle"},"wdio_ui5_key":"shellAppTitle"}]}
COMMAND: POST /session/ff5c7e255a5f22217e9e71b107331cab/execute/async - {"script":"<script> [6424 bytes]","args":[{"element-6066-11e4-a52e-4f735466cecf":"f.B606A59DB483FA8DF8D5F24B3E927ED2.d.18EA548975DD67D9600C57718FBE539B.e.1982"},"getTitle",[]]}
RESULT: {"script":"<script> [6424 bytes]","args":[{"element-6066-11e4-a52e-4f735466cecf":"f.B606A59DB483FA8DF8D5F24B3E927ED2.d.18EA548975DD67D9600C57718FBE539B.e.1982"},"getTitle",[]]}
RESULT: undefined
COMMAND: POST /session/ff5c7e255a5f22217e9e71b107331cab/element/f.B606A59DB483FA8DF8D5F24B3E927ED2.d.18EA548975DD67D9600C57718FBE539B.e.1859/click - {}
RESULT: {}
COMMAND: GET /session/ff5c7e255a5f22217e9e71b107331cab/screenshot - {}
RESULT: {}
]]></system-out>
    </testcase>
    <testcase classname="chrome.135_0_7049_96.windows.Sanity_Tests_US104253" name="Should open Manage States Performance page" time="37.984">
      <system-out><![CDATA[
COMMAND: POST /session/ff5c7e255a5f22217e9e71b107331cab/execute/async - {"script":"<script> [1562 bytes]","args":[{"selector":{"controlType":"sap.m.GenericTile","properties":{"header":"Manage States & Performance"}},"wdio_ui5_key":"sapm.GenericTile{\"header\":\"Manage States & Performance\"}"}]}
RESULT: {"script":"<script> [1562 bytes]","args":[{"selector":{"controlType":"sap.m.GenericTile","properties":{"header":"Manage States & Performance"}},"wdio_ui5_key":"sapm.GenericTile{\"header\":\"Manage States & Performance\"}"}]}
RESULT: undefined
COMMAND: POST /session/ff5c7e255a5f22217e9e71b107331cab/element - {"using":"xpath","value":"//*[@id=\"__tile56\"]"}
RESULT: {"using":"xpath","value":"//*[@id=\"__tile56\"]"}
COMMAND: POST /session/ff5c7e255a5f22217e9e71b107331cab/element/f.B606A59DB483FA8DF8D5F24B3E927ED2.d.18EA548975DD67D9600C57718FBE539B.e.1986/click - {}
RESULT: {}
COMMAND: GET /session/ff5c7e255a5f22217e9e71b107331cab/screenshot - {}
RESULT: {}
RESULT: undefined
COMMAND: POST /session/ff5c7e255a5f22217e9e71b107331cab/element - {"using":"xpath","value":"//*[@id=\"__tile56\"]"}
RESULT: {"using":"xpath","value":"//*[@id=\"__tile56\"]"}
COMMAND: POST /session/ff5c7e255a5f22217e9e71b107331cab/element/f.B606A59DB483FA8DF8D5F24B3E927ED2.d.18EA548975DD67D9600C57718FBE539B.e.1986/click - {}
RESULT: undefined
COMMAND: POST /session/ff5c7e255a5f22217e9e71b107331cab/element - {"using":"xpath","value":"//*[@id=\"__tile56\"]"}
RESULT: {"using":"xpath","value":"//*[@id=\"__tile56\"]"}
COMMAND: POST /session/ff5c7e255a5f22217e9e71b107331cab/element/f.B606A59DB483FA8DF8D5F24B3E927ED2.d.18EA548975DD67D9600C57718FBE539B.e.1986/click - {}
RESULT: undefined
COMMAND: POST /session/ff5c7e255a5f22217e9e71b107331cab/execute/async - {"script":"<script> [6424 bytes]","args":[{"element-6066-11e4-a52e-4f735466cecf":"f.B606A59DB483FA8DF8D5F24B3E927ED2.d.18EA548975DD67D9600C57718FBE539B.e.291"},"getTitle",[]]}
COMMAND: POST /session/ff5c7e255a5f22217e9e71b107331cab/execute/async - {"script":"<script> [1562 bytes]","args":[{"selector":{"id":"shellAppTitle"},"wdio_ui5_key":"shellAppTitle"}]}
RESULT: {"script":"<script> [1562 bytes]","args":[{"selector":{"id":"shellAppTitle"},"wdio_ui5_key":"shellAppTitle"}]}
COMMAND: POST /session/ff5c7e255a5f22217e9e71b107331cab/execute/async - {"script":"<script> [6424 bytes]","args":[{"element-6066-11e4-a52e-4f735466cecf":"f.B606A59DB483FA8DF8D5F24B3E927ED2.d.18EA548975DD67D9600C57718FBE539B.e.2077"},"getTitle",[]]}
RESULT: {"script":"<script> [6424 bytes]","args":[{"element-6066-11e4-a52e-4f735466cecf":"f.B606A59DB483FA8DF8D5F24B3E927ED2.d.18EA548975DD67D9600C57718FBE539B.e.2077"},"getTitle",[]]}
RESULT: undefined
COMMAND: POST /session/ff5c7e255a5f22217e9e71b107331cab/element/f.B606A59DB483FA8DF8D5F24B3E927ED2.d.18EA548975DD67D9600C57718FBE539B.e.1859/click - {}
COMMAND: POST /session/ff5c7e255a5f22217e9e71b107331cab/element - {"using":"xpath","value":"//*[@id=\"backBtn\"]"}
RESULT: {"using":"xpath","value":"//*[@id=\"backBtn\"]"}
COMMAND: POST /session/ff5c7e255a5f22217e9e71b107331cab/element/f.B606A59DB483FA8DF8D5F24B3E927ED2.d.18EA548975DD67D9600C57718FBE539B.e.1859/click - {}
COMMAND: POST /session/ff5c7e255a5f22217e9e71b107331cab/element - {"using":"xpath","value":"//*[@id=\"backBtn\"]"}
RESULT: {"using":"xpath","value":"//*[@id=\"backBtn\"]"}
COMMAND: POST /session/ff5c7e255a5f22217e9e71b107331cab/element/f.B606A59DB483FA8DF8D5F24B3E927ED2.d.18EA548975DD67D9600C57718FBE539B.e.2078/click - {}
RESULT: {}
COMMAND: GET /session/ff5c7e255a5f22217e9e71b107331cab/screenshot - {}
RESULT: {}
]]></system-out>
    </testcase>
    <testcase classname="chrome.135_0_7049_96.windows.Sanity_Tests_US104253" name="Should open Manage Billings page" time="33.911">
      <system-out><![CDATA[
COMMAND: POST /session/ff5c7e255a5f22217e9e71b107331cab/execute/async - {"script":"<script> [1562 bytes]","args":[{"selector":{"controlType":"sap.m.GenericTile","properties":{"header":"Manage Billings"}},"wdio_ui5_key":"sapm.GenericTile{\"header\":\"Manage Billings\"}"}]}
RESULT: {"script":"<script> [1562 bytes]","args":[{"selector":{"controlType":"sap.m.GenericTile","properties":{"header":"Manage Billings"}},"wdio_ui5_key":"sapm.GenericTile{\"header\":\"Manage Billings\"}"}]}
RESULT: undefined
COMMAND: POST /session/ff5c7e255a5f22217e9e71b107331cab/element - {"using":"xpath","value":"//*[@id=\"__tile51\"]"}
RESULT: {"using":"xpath","value":"//*[@id=\"__tile51\"]"}
COMMAND: POST /session/ff5c7e255a5f22217e9e71b107331cab/element/f.B606A59DB483FA8DF8D5F24B3E927ED2.d.18EA548975DD67D9600C57718FBE539B.e.2080/click - {}
RESULT: {}
COMMAND: GET /session/ff5c7e255a5f22217e9e71b107331cab/screenshot - {}
RESULT: {}
RESULT: undefined
COMMAND: POST /session/ff5c7e255a5f22217e9e71b107331cab/element - {"using":"xpath","value":"//*[@id=\"__tile51\"]"}
RESULT: {"using":"xpath","value":"//*[@id=\"__tile51\"]"}
COMMAND: POST /session/ff5c7e255a5f22217e9e71b107331cab/element/f.B606A59DB483FA8DF8D5F24B3E927ED2.d.18EA548975DD67D9600C57718FBE539B.e.2080/click - {}
RESULT: undefined
COMMAND: POST /session/ff5c7e255a5f22217e9e71b107331cab/element - {"using":"xpath","value":"//*[@id=\"__tile51\"]"}
RESULT: {"using":"xpath","value":"//*[@id=\"__tile51\"]"}
COMMAND: POST /session/ff5c7e255a5f22217e9e71b107331cab/element/f.B606A59DB483FA8DF8D5F24B3E927ED2.d.18EA548975DD67D9600C57718FBE539B.e.2080/click - {}
RESULT: undefined
COMMAND: POST /session/ff5c7e255a5f22217e9e71b107331cab/execute/async - {"script":"<script> [6424 bytes]","args":[{"element-6066-11e4-a52e-4f735466cecf":"f.B606A59DB483FA8DF8D5F24B3E927ED2.d.18EA548975DD67D9600C57718FBE539B.e.291"},"getTitle",[]]}
COMMAND: POST /session/ff5c7e255a5f22217e9e71b107331cab/execute/async - {"script":"<script> [1562 bytes]","args":[{"selector":{"id":"shellAppTitle"},"wdio_ui5_key":"shellAppTitle"}]}
RESULT: {"script":"<script> [1562 bytes]","args":[{"selector":{"id":"shellAppTitle"},"wdio_ui5_key":"shellAppTitle"}]}
COMMAND: POST /session/ff5c7e255a5f22217e9e71b107331cab/execute/async - {"script":"<script> [6424 bytes]","args":[{"element-6066-11e4-a52e-4f735466cecf":"f.B606A59DB483FA8DF8D5F24B3E927ED2.d.18EA548975DD67D9600C57718FBE539B.e.2284"},"getTitle",[]]}
RESULT: {"script":"<script> [6424 bytes]","args":[{"element-6066-11e4-a52e-4f735466cecf":"f.B606A59DB483FA8DF8D5F24B3E927ED2.d.18EA548975DD67D9600C57718FBE539B.e.2284"},"getTitle",[]]}
RESULT: undefined
COMMAND: POST /session/ff5c7e255a5f22217e9e71b107331cab/element/f.B606A59DB483FA8DF8D5F24B3E927ED2.d.18EA548975DD67D9600C57718FBE539B.e.2078/click - {}
COMMAND: POST /session/ff5c7e255a5f22217e9e71b107331cab/element/f.B606A59DB483FA8DF8D5F24B3E927ED2.d.18EA548975DD67D9600C57718FBE539B.e.2078/click - {}
RESULT: {}
COMMAND: GET /session/ff5c7e255a5f22217e9e71b107331cab/screenshot - {}
COMMAND: POST /session/ff5c7e255a5f22217e9e71b107331cab/element - {"using":"xpath","value":"//*[@id=\"backBtn\"]"}
RESULT: {}
RESULT: {"using":"xpath","value":"//*[@id=\"backBtn\"]"}
COMMAND: POST /session/ff5c7e255a5f22217e9e71b107331cab/elements - {"using":"xpath","value":"//*[@id=\"backBtn\"]"}
RESULT: {"using":"xpath","value":"//*[@id=\"backBtn\"]"}
COMMAND: POST /session/ff5c7e255a5f22217e9e71b107331cab/elements - {"using":"xpath","value":"//*[@id=\"backBtn\"]"}
RESULT: {"using":"xpath","value":"//*[@id=\"backBtn\"]"}
COMMAND: POST /session/ff5c7e255a5f22217e9e71b107331cab/elements - {"using":"xpath","value":"//*[@id=\"backBtn\"]"}
RESULT: {"using":"xpath","value":"//*[@id=\"backBtn\"]"}
COMMAND: POST /session/ff5c7e255a5f22217e9e71b107331cab/elements - {"using":"xpath","value":"//*[@id=\"backBtn\"]"}
RESULT: {"using":"xpath","value":"//*[@id=\"backBtn\"]"}
COMMAND: POST /session/ff5c7e255a5f22217e9e71b107331cab/elements - {"using":"xpath","value":"//*[@id=\"backBtn\"]"}
RESULT: {"using":"xpath","value":"//*[@id=\"backBtn\"]"}
COMMAND: POST /session/ff5c7e255a5f22217e9e71b107331cab/elements - {"using":"xpath","value":"//*[@id=\"backBtn\"]"}
RESULT: {"using":"xpath","value":"//*[@id=\"backBtn\"]"}
COMMAND: POST /session/ff5c7e255a5f22217e9e71b107331cab/elements - {"using":"xpath","value":"//*[@id=\"backBtn\"]"}
RESULT: {"using":"xpath","value":"//*[@id=\"backBtn\"]"}
COMMAND: POST /session/ff5c7e255a5f22217e9e71b107331cab/elements - {"using":"xpath","value":"//*[@id=\"backBtn\"]"}
RESULT: {"using":"xpath","value":"//*[@id=\"backBtn\"]"}
COMMAND: POST /session/ff5c7e255a5f22217e9e71b107331cab/elements - {"using":"xpath","value":"//*[@id=\"backBtn\"]"}
RESULT: {"using":"xpath","value":"//*[@id=\"backBtn\"]"}
COMMAND: POST /session/ff5c7e255a5f22217e9e71b107331cab/elements - {"using":"xpath","value":"//*[@id=\"backBtn\"]"}
RESULT: {"using":"xpath","value":"//*[@id=\"backBtn\"]"}
COMMAND: POST /session/ff5c7e255a5f22217e9e71b107331cab/elements - {"using":"xpath","value":"//*[@id=\"backBtn\"]"}
RESULT: {"using":"xpath","value":"//*[@id=\"backBtn\"]"}
COMMAND: POST /session/ff5c7e255a5f22217e9e71b107331cab/elements - {"using":"xpath","value":"//*[@id=\"backBtn\"]"}
RESULT: {"using":"xpath","value":"//*[@id=\"backBtn\"]"}
COMMAND: POST /session/ff5c7e255a5f22217e9e71b107331cab/elements - {"using":"xpath","value":"//*[@id=\"backBtn\"]"}
RESULT: {"using":"xpath","value":"//*[@id=\"backBtn\"]"}
COMMAND: POST /session/ff5c7e255a5f22217e9e71b107331cab/elements - {"using":"xpath","value":"//*[@id=\"backBtn\"]"}
RESULT: {"using":"xpath","value":"//*[@id=\"backBtn\"]"}
COMMAND: POST /session/ff5c7e255a5f22217e9e71b107331cab/elements - {"using":"xpath","value":"//*[@id=\"backBtn\"]"}
RESULT: {"using":"xpath","value":"//*[@id=\"backBtn\"]"}
COMMAND: POST /session/ff5c7e255a5f22217e9e71b107331cab/elements - {"using":"xpath","value":"//*[@id=\"backBtn\"]"}
RESULT: {"using":"xpath","value":"//*[@id=\"backBtn\"]"}
COMMAND: POST /session/ff5c7e255a5f22217e9e71b107331cab/elements - {"using":"xpath","value":"//*[@id=\"backBtn\"]"}
RESULT: {"using":"xpath","value":"//*[@id=\"backBtn\"]"}
]]></system-out>
    </testcase>
    <testcase classname="chrome.135_0_7049_96.windows.Sanity_Tests_US104253" name="Should open Manage Conditions Prices page" time="46.082">
      <system-out><![CDATA[
COMMAND: POST /session/ff5c7e255a5f22217e9e71b107331cab/execute/async - {"script":"<script> [1562 bytes]","args":[{"selector":{"controlType":"sap.m.GenericTile","properties":{"header":"Manage Conditions & Prices"}},"wdio_ui5_key":"sapm.GenericTile{\"header\":\"Manage Conditions & Prices\"}"}]}
COMMAND: POST /session/ff5c7e255a5f22217e9e71b107331cab/elements - {"using":"xpath","value":"//*[@id=\"backBtn\"]"}
RESULT: {"script":"<script> [1562 bytes]","args":[{"selector":{"controlType":"sap.m.GenericTile","properties":{"header":"Manage Conditions & Prices"}},"wdio_ui5_key":"sapm.GenericTile{\"header\":\"Manage Conditions & Prices\"}"}]}
RESULT: undefined
COMMAND: POST /session/ff5c7e255a5f22217e9e71b107331cab/element - {"using":"xpath","value":"//*[@id=\"__tile53\"]"}
RESULT: {"using":"xpath","value":"//*[@id=\"backBtn\"]"}
RESULT: {"using":"xpath","value":"//*[@id=\"__tile53\"]"}
COMMAND: POST /session/ff5c7e255a5f22217e9e71b107331cab/element/f.B606A59DB483FA8DF8D5F24B3E927ED2.d.18EA548975DD67D9600C57718FBE539B.e.2286/click - {}
COMMAND: POST /session/ff5c7e255a5f22217e9e71b107331cab/elements - {"using":"xpath","value":"//*[@id=\"backBtn\"]"}
RESULT: {}
COMMAND: GET /session/ff5c7e255a5f22217e9e71b107331cab/screenshot - {}
RESULT: {"using":"xpath","value":"//*[@id=\"backBtn\"]"}
RESULT: {}
COMMAND: POST /session/ff5c7e255a5f22217e9e71b107331cab/elements - {"using":"xpath","value":"//*[@id=\"backBtn\"]"}
RESULT: {"using":"xpath","value":"//*[@id=\"backBtn\"]"}
COMMAND: POST /session/ff5c7e255a5f22217e9e71b107331cab/elements - {"using":"xpath","value":"//*[@id=\"backBtn\"]"}
RESULT: {"using":"xpath","value":"//*[@id=\"backBtn\"]"}
COMMAND: POST /session/ff5c7e255a5f22217e9e71b107331cab/elements - {"using":"xpath","value":"//*[@id=\"backBtn\"]"}
RESULT: undefined
COMMAND: POST /session/ff5c7e255a5f22217e9e71b107331cab/element - {"using":"xpath","value":"//*[@id=\"__tile53\"]"}
RESULT: {"using":"xpath","value":"//*[@id=\"backBtn\"]"}
COMMAND: POST /session/ff5c7e255a5f22217e9e71b107331cab/element - {"using":"xpath","value":"//*[@id=\"backBtn\"]"}
RESULT: {"using":"xpath","value":"//*[@id=\"__tile53\"]"}
COMMAND: POST /session/ff5c7e255a5f22217e9e71b107331cab/element/f.B606A59DB483FA8DF8D5F24B3E927ED2.d.18EA548975DD67D9600C57718FBE539B.e.2286/click - {}
RESULT: {"using":"xpath","value":"//*[@id=\"backBtn\"]"}
COMMAND: POST /session/ff5c7e255a5f22217e9e71b107331cab/element/f.B606A59DB483FA8DF8D5F24B3E927ED2.d.18EA548975DD67D9600C57718FBE539B.e.2078/click - {}
COMMAND: POST /session/ff5c7e255a5f22217e9e71b107331cab/element - {"using":"xpath","value":"//*[@id=\"backBtn\"]"}
RESULT: {"using":"xpath","value":"//*[@id=\"backBtn\"]"}
COMMAND: POST /session/ff5c7e255a5f22217e9e71b107331cab/element/f.B606A59DB483FA8DF8D5F24B3E927ED2.d.18EA548975DD67D9600C57718FBE539B.e.2317/click - {}
RESULT: {}
COMMAND: GET /session/ff5c7e255a5f22217e9e71b107331cab/screenshot - {}
RESULT: {}
RESULT: undefined
COMMAND: POST /session/ff5c7e255a5f22217e9e71b107331cab/element - {"using":"xpath","value":"//*[@id=\"__tile53\"]"}
COMMAND: GET /session/ff5c7e255a5f22217e9e71b107331cab/screenshot - {}
RESULT: {}
RESULT: {"using":"xpath","value":"//*[@id=\"__tile53\"]"}
COMMAND: POST /session/ff5c7e255a5f22217e9e71b107331cab/element/f.B606A59DB483FA8DF8D5F24B3E927ED2.d.18EA548975DD67D9600C57718FBE539B.e.2286/click - {}
RESULT: {}
RESULT: undefined
COMMAND: POST /session/ff5c7e255a5f22217e9e71b107331cab/execute/async - {"script":"<script> [6424 bytes]","args":[{"element-6066-11e4-a52e-4f735466cecf":"f.B606A59DB483FA8DF8D5F24B3E927ED2.d.18EA548975DD67D9600C57718FBE539B.e.291"},"getTitle",[]]}
COMMAND: POST /session/ff5c7e255a5f22217e9e71b107331cab/execute/async - {"script":"<script> [1562 bytes]","args":[{"selector":{"id":"shellAppTitle"},"wdio_ui5_key":"shellAppTitle"}]}
RESULT: {"script":"<script> [1562 bytes]","args":[{"selector":{"id":"shellAppTitle"},"wdio_ui5_key":"shellAppTitle"}]}
COMMAND: POST /session/ff5c7e255a5f22217e9e71b107331cab/execute/async - {"script":"<script> [6424 bytes]","args":[{"element-6066-11e4-a52e-4f735466cecf":"f.B606A59DB483FA8DF8D5F24B3E927ED2.d.18EA548975DD67D9600C57718FBE539B.e.2536"},"getTitle",[]]}
RESULT: {"script":"<script> [6424 bytes]","args":[{"element-6066-11e4-a52e-4f735466cecf":"f.B606A59DB483FA8DF8D5F24B3E927ED2.d.18EA548975DD67D9600C57718FBE539B.e.2536"},"getTitle",[]]}
RESULT: undefined
COMMAND: POST /session/ff5c7e255a5f22217e9e71b107331cab/element/f.B606A59DB483FA8DF8D5F24B3E927ED2.d.18EA548975DD67D9600C57718FBE539B.e.2317/click - {}
RESULT: {}
COMMAND: GET /session/ff5c7e255a5f22217e9e71b107331cab/screenshot - {}
RESULT: {}
]]></system-out>
    </testcase>
    <testcase classname="chrome.135_0_7049_96.windows.Sanity_Tests_US104253" name="Should open Billing Transfer page" time="35.473">
      <system-out><![CDATA[
COMMAND: POST /session/ff5c7e255a5f22217e9e71b107331cab/execute/async - {"script":"<script> [1562 bytes]","args":[{"selector":{"controlType":"sap.m.GenericTile","properties":{"header":"Billing Transfer"}},"wdio_ui5_key":"sapm.GenericTile{\"header\":\"Billing Transfer\"}"}]}
RESULT: {"script":"<script> [1562 bytes]","args":[{"selector":{"controlType":"sap.m.GenericTile","properties":{"header":"Billing Transfer"}},"wdio_ui5_key":"sapm.GenericTile{\"header\":\"Billing Transfer\"}"}]}
RESULT: undefined
COMMAND: POST /session/ff5c7e255a5f22217e9e71b107331cab/element - {"using":"xpath","value":"//*[@id=\"__tile50\"]"}
RESULT: {"using":"xpath","value":"//*[@id=\"__tile50\"]"}
COMMAND: POST /session/ff5c7e255a5f22217e9e71b107331cab/element/f.B606A59DB483FA8DF8D5F24B3E927ED2.d.18EA548975DD67D9600C57718FBE539B.e.2538/click - {}
RESULT: {}
COMMAND: GET /session/ff5c7e255a5f22217e9e71b107331cab/screenshot - {}
RESULT: {}
RESULT: undefined
COMMAND: POST /session/ff5c7e255a5f22217e9e71b107331cab/element - {"using":"xpath","value":"//*[@id=\"__tile50\"]"}
RESULT: {"using":"xpath","value":"//*[@id=\"__tile50\"]"}
COMMAND: POST /session/ff5c7e255a5f22217e9e71b107331cab/element/f.B606A59DB483FA8DF8D5F24B3E927ED2.d.18EA548975DD67D9600C57718FBE539B.e.2538/click - {}
RESULT: undefined
COMMAND: POST /session/ff5c7e255a5f22217e9e71b107331cab/element - {"using":"xpath","value":"//*[@id=\"__tile50\"]"}
RESULT: {"using":"xpath","value":"//*[@id=\"__tile50\"]"}
COMMAND: POST /session/ff5c7e255a5f22217e9e71b107331cab/element/f.B606A59DB483FA8DF8D5F24B3E927ED2.d.18EA548975DD67D9600C57718FBE539B.e.2538/click - {}
RESULT: undefined
COMMAND: POST /session/ff5c7e255a5f22217e9e71b107331cab/execute/async - {"script":"<script> [6424 bytes]","args":[{"element-6066-11e4-a52e-4f735466cecf":"f.B606A59DB483FA8DF8D5F24B3E927ED2.d.18EA548975DD67D9600C57718FBE539B.e.291"},"getTitle",[]]}
COMMAND: POST /session/ff5c7e255a5f22217e9e71b107331cab/execute/async - {"script":"<script> [1562 bytes]","args":[{"selector":{"id":"shellAppTitle"},"wdio_ui5_key":"shellAppTitle"}]}
RESULT: {"script":"<script> [1562 bytes]","args":[{"selector":{"id":"shellAppTitle"},"wdio_ui5_key":"shellAppTitle"}]}
COMMAND: POST /session/ff5c7e255a5f22217e9e71b107331cab/execute/async - {"script":"<script> [6424 bytes]","args":[{"element-6066-11e4-a52e-4f735466cecf":"f.B606A59DB483FA8DF8D5F24B3E927ED2.d.18EA548975DD67D9600C57718FBE539B.e.2664"},"getTitle",[]]}
RESULT: {"script":"<script> [6424 bytes]","args":[{"element-6066-11e4-a52e-4f735466cecf":"f.B606A59DB483FA8DF8D5F24B3E927ED2.d.18EA548975DD67D9600C57718FBE539B.e.2664"},"getTitle",[]]}
RESULT: undefined
COMMAND: POST /session/ff5c7e255a5f22217e9e71b107331cab/element/f.B606A59DB483FA8DF8D5F24B3E927ED2.d.18EA548975DD67D9600C57718FBE539B.e.2317/click - {}
COMMAND: POST /session/ff5c7e255a5f22217e9e71b107331cab/element - {"using":"xpath","value":"//*[@id=\"backBtn\"]"}
RESULT: {"using":"xpath","value":"//*[@id=\"backBtn\"]"}
COMMAND: POST /session/ff5c7e255a5f22217e9e71b107331cab/element/f.B606A59DB483FA8DF8D5F24B3E927ED2.d.18EA548975DD67D9600C57718FBE539B.e.2317/click - {}
COMMAND: POST /session/ff5c7e255a5f22217e9e71b107331cab/element - {"using":"xpath","value":"//*[@id=\"backBtn\"]"}
RESULT: {"using":"xpath","value":"//*[@id=\"backBtn\"]"}
COMMAND: POST /session/ff5c7e255a5f22217e9e71b107331cab/element/f.B606A59DB483FA8DF8D5F24B3E927ED2.d.18EA548975DD67D9600C57718FBE539B.e.2665/click - {}
RESULT: {}
COMMAND: GET /session/ff5c7e255a5f22217e9e71b107331cab/screenshot - {}
RESULT: {}
]]></system-out>
    </testcase>
    <testcase classname="chrome.135_0_7049_96.windows.Sanity_Tests_US104253" name="Should open Manage Pricing Rules page" time="31.153">
      <system-out><![CDATA[
COMMAND: POST /session/ff5c7e255a5f22217e9e71b107331cab/execute/async - {"script":"<script> [1562 bytes]","args":[{"selector":{"controlType":"sap.m.GenericTile","properties":{"header":"Manage Pricing Rules"}},"wdio_ui5_key":"sapm.GenericTile{\"header\":\"Manage Pricing Rules\"}"}]}
RESULT: {"script":"<script> [1562 bytes]","args":[{"selector":{"controlType":"sap.m.GenericTile","properties":{"header":"Manage Pricing Rules"}},"wdio_ui5_key":"sapm.GenericTile{\"header\":\"Manage Pricing Rules\"}"}]}
RESULT: undefined
COMMAND: POST /session/ff5c7e255a5f22217e9e71b107331cab/element - {"using":"xpath","value":"//*[@id=\"__tile55\"]"}
RESULT: {"using":"xpath","value":"//*[@id=\"__tile55\"]"}
COMMAND: POST /session/ff5c7e255a5f22217e9e71b107331cab/element/f.B606A59DB483FA8DF8D5F24B3E927ED2.d.18EA548975DD67D9600C57718FBE539B.e.2667/click - {}
RESULT: {}
COMMAND: GET /session/ff5c7e255a5f22217e9e71b107331cab/screenshot - {}
RESULT: {}
RESULT: undefined
COMMAND: POST /session/ff5c7e255a5f22217e9e71b107331cab/element - {"using":"xpath","value":"//*[@id=\"__tile55\"]"}
RESULT: {"using":"xpath","value":"//*[@id=\"__tile55\"]"}
COMMAND: POST /session/ff5c7e255a5f22217e9e71b107331cab/element/f.B606A59DB483FA8DF8D5F24B3E927ED2.d.18EA548975DD67D9600C57718FBE539B.e.2667/click - {}
RESULT: undefined
COMMAND: POST /session/ff5c7e255a5f22217e9e71b107331cab/element - {"using":"xpath","value":"//*[@id=\"__tile55\"]"}
RESULT: {"using":"xpath","value":"//*[@id=\"__tile55\"]"}
COMMAND: POST /session/ff5c7e255a5f22217e9e71b107331cab/element/f.B606A59DB483FA8DF8D5F24B3E927ED2.d.18EA548975DD67D9600C57718FBE539B.e.2667/click - {}
RESULT: undefined
COMMAND: POST /session/ff5c7e255a5f22217e9e71b107331cab/execute/async - {"script":"<script> [6424 bytes]","args":[{"element-6066-11e4-a52e-4f735466cecf":"f.B606A59DB483FA8DF8D5F24B3E927ED2.d.18EA548975DD67D9600C57718FBE539B.e.291"},"getTitle",[]]}
COMMAND: POST /session/ff5c7e255a5f22217e9e71b107331cab/execute/async - {"script":"<script> [1562 bytes]","args":[{"selector":{"id":"shellAppTitle"},"wdio_ui5_key":"shellAppTitle"}]}
RESULT: {"script":"<script> [1562 bytes]","args":[{"selector":{"id":"shellAppTitle"},"wdio_ui5_key":"shellAppTitle"}]}
COMMAND: POST /session/ff5c7e255a5f22217e9e71b107331cab/execute/async - {"script":"<script> [6424 bytes]","args":[{"element-6066-11e4-a52e-4f735466cecf":"f.B606A59DB483FA8DF8D5F24B3E927ED2.d.18EA548975DD67D9600C57718FBE539B.e.2714"},"getTitle",[]]}
RESULT: {"script":"<script> [6424 bytes]","args":[{"element-6066-11e4-a52e-4f735466cecf":"f.B606A59DB483FA8DF8D5F24B3E927ED2.d.18EA548975DD67D9600C57718FBE539B.e.2714"},"getTitle",[]]}
RESULT: undefined
COMMAND: POST /session/ff5c7e255a5f22217e9e71b107331cab/element/f.B606A59DB483FA8DF8D5F24B3E927ED2.d.18EA548975DD67D9600C57718FBE539B.e.2665/click - {}
RESULT: {}
COMMAND: GET /session/ff5c7e255a5f22217e9e71b107331cab/screenshot - {}
RESULT: {}
]]></system-out>
    </testcase>
    <testcase classname="chrome.135_0_7049_96.windows.Sanity_Tests_US104253" name="Should open Manage Price Determination Matrices page" time="41.729">
      <system-out><![CDATA[
COMMAND: POST /session/ff5c7e255a5f22217e9e71b107331cab/execute/async - {"script":"<script> [1562 bytes]","args":[{"selector":{"controlType":"sap.m.GenericTile","properties":{"header":"Manage Price Determination Matrices"}},"wdio_ui5_key":"sapm.GenericTile{\"header\":\"Manage Price Determination Matrices\"}"}]}
RESULT: {"script":"<script> [1562 bytes]","args":[{"selector":{"controlType":"sap.m.GenericTile","properties":{"header":"Manage Price Determination Matrices"}},"wdio_ui5_key":"sapm.GenericTile{\"header\":\"Manage Price Determination Matrices\"}"}]}
RESULT: undefined
COMMAND: POST /session/ff5c7e255a5f22217e9e71b107331cab/element - {"using":"xpath","value":"//*[@id=\"__tile54\"]"}
RESULT: {"using":"xpath","value":"//*[@id=\"__tile54\"]"}
COMMAND: POST /session/ff5c7e255a5f22217e9e71b107331cab/element/f.B606A59DB483FA8DF8D5F24B3E927ED2.d.18EA548975DD67D9600C57718FBE539B.e.2716/click - {}
RESULT: {}
COMMAND: GET /session/ff5c7e255a5f22217e9e71b107331cab/screenshot - {}
RESULT: {}
RESULT: undefined
COMMAND: POST /session/ff5c7e255a5f22217e9e71b107331cab/element - {"using":"xpath","value":"//*[@id=\"__tile54\"]"}
RESULT: {"using":"xpath","value":"//*[@id=\"__tile54\"]"}
COMMAND: POST /session/ff5c7e255a5f22217e9e71b107331cab/element/f.B606A59DB483FA8DF8D5F24B3E927ED2.d.18EA548975DD67D9600C57718FBE539B.e.2716/click - {}
RESULT: undefined
COMMAND: POST /session/ff5c7e255a5f22217e9e71b107331cab/element - {"using":"xpath","value":"//*[@id=\"__tile54\"]"}
RESULT: {"using":"xpath","value":"//*[@id=\"__tile54\"]"}
COMMAND: POST /session/ff5c7e255a5f22217e9e71b107331cab/element/f.B606A59DB483FA8DF8D5F24B3E927ED2.d.18EA548975DD67D9600C57718FBE539B.e.2716/click - {}
RESULT: undefined
COMMAND: POST /session/ff5c7e255a5f22217e9e71b107331cab/execute/async - {"script":"<script> [6424 bytes]","args":[{"element-6066-11e4-a52e-4f735466cecf":"f.B606A59DB483FA8DF8D5F24B3E927ED2.d.18EA548975DD67D9600C57718FBE539B.e.291"},"getTitle",[]]}
COMMAND: POST /session/ff5c7e255a5f22217e9e71b107331cab/execute/async - {"script":"<script> [1562 bytes]","args":[{"selector":{"id":"shellAppTitle"},"wdio_ui5_key":"shellAppTitle"}]}
RESULT: {"script":"<script> [1562 bytes]","args":[{"selector":{"id":"shellAppTitle"},"wdio_ui5_key":"shellAppTitle"}]}
COMMAND: POST /session/ff5c7e255a5f22217e9e71b107331cab/execute/async - {"script":"<script> [6424 bytes]","args":[{"element-6066-11e4-a52e-4f735466cecf":"f.B606A59DB483FA8DF8D5F24B3E927ED2.d.18EA548975DD67D9600C57718FBE539B.e.2795"},"getTitle",[]]}
RESULT: {"script":"<script> [6424 bytes]","args":[{"element-6066-11e4-a52e-4f735466cecf":"f.B606A59DB483FA8DF8D5F24B3E927ED2.d.18EA548975DD67D9600C57718FBE539B.e.2795"},"getTitle",[]]}
RESULT: undefined
COMMAND: POST /session/ff5c7e255a5f22217e9e71b107331cab/element/f.B606A59DB483FA8DF8D5F24B3E927ED2.d.18EA548975DD67D9600C57718FBE539B.e.2665/click - {}
COMMAND: POST /session/ff5c7e255a5f22217e9e71b107331cab/element - {"using":"xpath","value":"//*[@id=\"backBtn\"]"}
RESULT: {"using":"xpath","value":"//*[@id=\"backBtn\"]"}
COMMAND: POST /session/ff5c7e255a5f22217e9e71b107331cab/element/f.B606A59DB483FA8DF8D5F24B3E927ED2.d.18EA548975DD67D9600C57718FBE539B.e.2665/click - {}
COMMAND: POST /session/ff5c7e255a5f22217e9e71b107331cab/element - {"using":"xpath","value":"//*[@id=\"backBtn\"]"}
RESULT: {"using":"xpath","value":"//*[@id=\"backBtn\"]"}
COMMAND: POST /session/ff5c7e255a5f22217e9e71b107331cab/element/f.B606A59DB483FA8DF8D5F24B3E927ED2.d.18EA548975DD67D9600C57718FBE539B.e.2796/click - {}
RESULT: {}
COMMAND: GET /session/ff5c7e255a5f22217e9e71b107331cab/screenshot - {}
RESULT: {}
]]></system-out>
    </testcase>
    <testcase classname="chrome.135_0_7049_96.windows.Sanity_Tests_US104253" name="Should open Yard Overview page" time="33.785">
      <system-out><![CDATA[
COMMAND: POST /session/ff5c7e255a5f22217e9e71b107331cab/execute/async - {"script":"<script> [1562 bytes]","args":[{"selector":{"controlType":"sap.m.GenericTile","properties":{"header":"Yard Overview"}},"wdio_ui5_key":"sapm.GenericTile{\"header\":\"Yard Overview\"}"}]}
RESULT: {"script":"<script> [1562 bytes]","args":[{"selector":{"controlType":"sap.m.GenericTile","properties":{"header":"Yard Overview"}},"wdio_ui5_key":"sapm.GenericTile{\"header\":\"Yard Overview\"}"}]}
RESULT: undefined
COMMAND: POST /session/ff5c7e255a5f22217e9e71b107331cab/element - {"using":"xpath","value":"//*[@id=\"__tile102\"]"}
RESULT: {"using":"xpath","value":"//*[@id=\"__tile102\"]"}
COMMAND: POST /session/ff5c7e255a5f22217e9e71b107331cab/element/f.B606A59DB483FA8DF8D5F24B3E927ED2.d.18EA548975DD67D9600C57718FBE539B.e.2798/click - {}
RESULT: {}
COMMAND: GET /session/ff5c7e255a5f22217e9e71b107331cab/screenshot - {}
RESULT: {}
RESULT: undefined
COMMAND: POST /session/ff5c7e255a5f22217e9e71b107331cab/element - {"using":"xpath","value":"//*[@id=\"__tile102\"]"}
RESULT: {"using":"xpath","value":"//*[@id=\"__tile102\"]"}
COMMAND: POST /session/ff5c7e255a5f22217e9e71b107331cab/element/f.B606A59DB483FA8DF8D5F24B3E927ED2.d.18EA548975DD67D9600C57718FBE539B.e.2798/click - {}
RESULT: undefined
COMMAND: POST /session/ff5c7e255a5f22217e9e71b107331cab/element - {"using":"xpath","value":"//*[@id=\"__tile102\"]"}
RESULT: {"using":"xpath","value":"//*[@id=\"__tile102\"]"}
COMMAND: POST /session/ff5c7e255a5f22217e9e71b107331cab/element/f.B606A59DB483FA8DF8D5F24B3E927ED2.d.18EA548975DD67D9600C57718FBE539B.e.2798/click - {}
RESULT: undefined
COMMAND: POST /session/ff5c7e255a5f22217e9e71b107331cab/execute/async - {"script":"<script> [6424 bytes]","args":[{"element-6066-11e4-a52e-4f735466cecf":"f.B606A59DB483FA8DF8D5F24B3E927ED2.d.18EA548975DD67D9600C57718FBE539B.e.291"},"getTitle",[]]}
COMMAND: POST /session/ff5c7e255a5f22217e9e71b107331cab/execute/async - {"script":"<script> [1562 bytes]","args":[{"selector":{"id":"shellAppTitle"},"wdio_ui5_key":"shellAppTitle"}]}
RESULT: {"script":"<script> [1562 bytes]","args":[{"selector":{"id":"shellAppTitle"},"wdio_ui5_key":"shellAppTitle"}]}
COMMAND: POST /session/ff5c7e255a5f22217e9e71b107331cab/execute/async - {"script":"<script> [6424 bytes]","args":[{"element-6066-11e4-a52e-4f735466cecf":"f.B606A59DB483FA8DF8D5F24B3E927ED2.d.18EA548975DD67D9600C57718FBE539B.e.2857"},"getTitle",[]]}
RESULT: {"script":"<script> [6424 bytes]","args":[{"element-6066-11e4-a52e-4f735466cecf":"f.B606A59DB483FA8DF8D5F24B3E927ED2.d.18EA548975DD67D9600C57718FBE539B.e.2857"},"getTitle",[]]}
RESULT: undefined
COMMAND: POST /session/ff5c7e255a5f22217e9e71b107331cab/element/f.B606A59DB483FA8DF8D5F24B3E927ED2.d.18EA548975DD67D9600C57718FBE539B.e.2796/click - {}
RESULT: {}
COMMAND: GET /session/ff5c7e255a5f22217e9e71b107331cab/screenshot - {}
RESULT: {}
]]></system-out>
    </testcase>
    <testcase classname="chrome.135_0_7049_96.windows.Sanity_Tests_US104253" name="Should open Site Overview page" time="33.193">
      <system-out><![CDATA[
COMMAND: POST /session/ff5c7e255a5f22217e9e71b107331cab/execute/async - {"script":"<script> [1562 bytes]","args":[{"selector":{"controlType":"sap.m.GenericTile","properties":{"header":"Site Overview"}},"wdio_ui5_key":"sapm.GenericTile{\"header\":\"Site Overview\"}"}]}
RESULT: {"script":"<script> [1562 bytes]","args":[{"selector":{"controlType":"sap.m.GenericTile","properties":{"header":"Site Overview"}},"wdio_ui5_key":"sapm.GenericTile{\"header\":\"Site Overview\"}"}]}
RESULT: undefined
COMMAND: POST /session/ff5c7e255a5f22217e9e71b107331cab/element - {"using":"xpath","value":"//*[@id=\"__tile100\"]"}
RESULT: {"using":"xpath","value":"//*[@id=\"__tile100\"]"}
COMMAND: POST /session/ff5c7e255a5f22217e9e71b107331cab/element/f.B606A59DB483FA8DF8D5F24B3E927ED2.d.18EA548975DD67D9600C57718FBE539B.e.2860/click - {}
RESULT: {}
COMMAND: GET /session/ff5c7e255a5f22217e9e71b107331cab/screenshot - {}
RESULT: {}
RESULT: undefined
COMMAND: POST /session/ff5c7e255a5f22217e9e71b107331cab/element - {"using":"xpath","value":"//*[@id=\"__tile100\"]"}
RESULT: {"using":"xpath","value":"//*[@id=\"__tile100\"]"}
COMMAND: POST /session/ff5c7e255a5f22217e9e71b107331cab/element/f.B606A59DB483FA8DF8D5F24B3E927ED2.d.18EA548975DD67D9600C57718FBE539B.e.2860/click - {}
RESULT: undefined
COMMAND: POST /session/ff5c7e255a5f22217e9e71b107331cab/element - {"using":"xpath","value":"//*[@id=\"__tile100\"]"}
RESULT: {"using":"xpath","value":"//*[@id=\"__tile100\"]"}
COMMAND: POST /session/ff5c7e255a5f22217e9e71b107331cab/element/f.B606A59DB483FA8DF8D5F24B3E927ED2.d.18EA548975DD67D9600C57718FBE539B.e.2860/click - {}
RESULT: undefined
COMMAND: POST /session/ff5c7e255a5f22217e9e71b107331cab/execute/async - {"script":"<script> [6424 bytes]","args":[{"element-6066-11e4-a52e-4f735466cecf":"f.B606A59DB483FA8DF8D5F24B3E927ED2.d.18EA548975DD67D9600C57718FBE539B.e.291"},"getTitle",[]]}
COMMAND: POST /session/ff5c7e255a5f22217e9e71b107331cab/execute/async - {"script":"<script> [1562 bytes]","args":[{"selector":{"id":"shellAppTitle"},"wdio_ui5_key":"shellAppTitle"}]}
RESULT: {"script":"<script> [1562 bytes]","args":[{"selector":{"id":"shellAppTitle"},"wdio_ui5_key":"shellAppTitle"}]}
COMMAND: POST /session/ff5c7e255a5f22217e9e71b107331cab/execute/async - {"script":"<script> [6424 bytes]","args":[{"element-6066-11e4-a52e-4f735466cecf":"f.B606A59DB483FA8DF8D5F24B3E927ED2.d.18EA548975DD67D9600C57718FBE539B.e.2976"},"getTitle",[]]}
RESULT: {"script":"<script> [6424 bytes]","args":[{"element-6066-11e4-a52e-4f735466cecf":"f.B606A59DB483FA8DF8D5F24B3E927ED2.d.18EA548975DD67D9600C57718FBE539B.e.2976"},"getTitle",[]]}
RESULT: undefined
COMMAND: POST /session/ff5c7e255a5f22217e9e71b107331cab/element/f.B606A59DB483FA8DF8D5F24B3E927ED2.d.18EA548975DD67D9600C57718FBE539B.e.2796/click - {}
COMMAND: POST /session/ff5c7e255a5f22217e9e71b107331cab/element - {"using":"xpath","value":"//*[@id=\"backBtn\"]"}
RESULT: {"using":"xpath","value":"//*[@id=\"backBtn\"]"}
COMMAND: POST /session/ff5c7e255a5f22217e9e71b107331cab/element/f.B606A59DB483FA8DF8D5F24B3E927ED2.d.18EA548975DD67D9600C57718FBE539B.e.2796/click - {}
COMMAND: POST /session/ff5c7e255a5f22217e9e71b107331cab/element - {"using":"xpath","value":"//*[@id=\"backBtn\"]"}
RESULT: {"using":"xpath","value":"//*[@id=\"backBtn\"]"}
COMMAND: POST /session/ff5c7e255a5f22217e9e71b107331cab/element/f.B606A59DB483FA8DF8D5F24B3E927ED2.d.18EA548975DD67D9600C57718FBE539B.e.2977/click - {}
RESULT: {}
COMMAND: GET /session/ff5c7e255a5f22217e9e71b107331cab/screenshot - {}
RESULT: {}
]]></system-out>
    </testcase>
    <testcase classname="chrome.135_0_7049_96.windows.Sanity_Tests_US104253" name="Should open Trace Track Resources page" time="38.704">
      <system-out><![CDATA[
COMMAND: POST /session/ff5c7e255a5f22217e9e71b107331cab/execute/async - {"script":"<script> [1562 bytes]","args":[{"selector":{"controlType":"sap.m.GenericTile","properties":{"header":"Trace & Track Resources"}},"wdio_ui5_key":"sapm.GenericTile{\"header\":\"Trace & Track Resources\"}"}]}
RESULT: {"script":"<script> [1562 bytes]","args":[{"selector":{"controlType":"sap.m.GenericTile","properties":{"header":"Trace & Track Resources"}},"wdio_ui5_key":"sapm.GenericTile{\"header\":\"Trace & Track Resources\"}"}]}
RESULT: undefined
COMMAND: POST /session/ff5c7e255a5f22217e9e71b107331cab/element - {"using":"xpath","value":"//*[@id=\"__tile101\"]"}
RESULT: {"using":"xpath","value":"//*[@id=\"__tile101\"]"}
COMMAND: POST /session/ff5c7e255a5f22217e9e71b107331cab/element/f.B606A59DB483FA8DF8D5F24B3E927ED2.d.18EA548975DD67D9600C57718FBE539B.e.2979/click - {}
RESULT: {}
COMMAND: GET /session/ff5c7e255a5f22217e9e71b107331cab/screenshot - {}
RESULT: {}
RESULT: undefined
COMMAND: POST /session/ff5c7e255a5f22217e9e71b107331cab/element - {"using":"xpath","value":"//*[@id=\"__tile101\"]"}
RESULT: {"using":"xpath","value":"//*[@id=\"__tile101\"]"}
COMMAND: POST /session/ff5c7e255a5f22217e9e71b107331cab/element/f.B606A59DB483FA8DF8D5F24B3E927ED2.d.18EA548975DD67D9600C57718FBE539B.e.2979/click - {}
RESULT: undefined
COMMAND: POST /session/ff5c7e255a5f22217e9e71b107331cab/element - {"using":"xpath","value":"//*[@id=\"__tile101\"]"}
RESULT: {"using":"xpath","value":"//*[@id=\"__tile101\"]"}
COMMAND: POST /session/ff5c7e255a5f22217e9e71b107331cab/element/f.B606A59DB483FA8DF8D5F24B3E927ED2.d.18EA548975DD67D9600C57718FBE539B.e.2979/click - {}
RESULT: undefined
COMMAND: POST /session/ff5c7e255a5f22217e9e71b107331cab/execute/async - {"script":"<script> [6424 bytes]","args":[{"element-6066-11e4-a52e-4f735466cecf":"f.B606A59DB483FA8DF8D5F24B3E927ED2.d.18EA548975DD67D9600C57718FBE539B.e.291"},"getTitle",[]]}
COMMAND: POST /session/ff5c7e255a5f22217e9e71b107331cab/execute/async - {"script":"<script> [1562 bytes]","args":[{"selector":{"id":"shellAppTitle"},"wdio_ui5_key":"shellAppTitle"}]}
RESULT: {"script":"<script> [1562 bytes]","args":[{"selector":{"id":"shellAppTitle"},"wdio_ui5_key":"shellAppTitle"}]}
COMMAND: POST /session/ff5c7e255a5f22217e9e71b107331cab/execute/async - {"script":"<script> [6424 bytes]","args":[{"element-6066-11e4-a52e-4f735466cecf":"f.B606A59DB483FA8DF8D5F24B3E927ED2.d.18EA548975DD67D9600C57718FBE539B.e.3008"},"getTitle",[]]}
RESULT: {"script":"<script> [6424 bytes]","args":[{"element-6066-11e4-a52e-4f735466cecf":"f.B606A59DB483FA8DF8D5F24B3E927ED2.d.18EA548975DD67D9600C57718FBE539B.e.3008"},"getTitle",[]]}
RESULT: undefined
COMMAND: POST /session/ff5c7e255a5f22217e9e71b107331cab/element/f.B606A59DB483FA8DF8D5F24B3E927ED2.d.18EA548975DD67D9600C57718FBE539B.e.2977/click - {}
RESULT: {}
COMMAND: GET /session/ff5c7e255a5f22217e9e71b107331cab/screenshot - {}
RESULT: {}
]]></system-out>
    </testcase>
    <testcase classname="chrome.135_0_7049_96.windows.Sanity_Tests_US104253" name="Should open RU Inventory List page" time="35.379">
      <system-out><![CDATA[
COMMAND: POST /session/ff5c7e255a5f22217e9e71b107331cab/execute/async - {"script":"<script> [1562 bytes]","args":[{"selector":{"controlType":"sap.m.GenericTile","properties":{"header":"RU Inventory List"}},"wdio_ui5_key":"sapm.GenericTile{\"header\":\"RU Inventory List\"}"}]}
RESULT: {"script":"<script> [1562 bytes]","args":[{"selector":{"controlType":"sap.m.GenericTile","properties":{"header":"RU Inventory List"}},"wdio_ui5_key":"sapm.GenericTile{\"header\":\"RU Inventory List\"}"}]}
RESULT: undefined
COMMAND: POST /session/ff5c7e255a5f22217e9e71b107331cab/element - {"using":"xpath","value":"//*[@id=\"__tile99\"]"}
RESULT: {"using":"xpath","value":"//*[@id=\"__tile99\"]"}
COMMAND: POST /session/ff5c7e255a5f22217e9e71b107331cab/element/f.B606A59DB483FA8DF8D5F24B3E927ED2.d.18EA548975DD67D9600C57718FBE539B.e.3010/click - {}
RESULT: {}
COMMAND: GET /session/ff5c7e255a5f22217e9e71b107331cab/screenshot - {}
RESULT: {}
RESULT: undefined
COMMAND: POST /session/ff5c7e255a5f22217e9e71b107331cab/element - {"using":"xpath","value":"//*[@id=\"__tile99\"]"}
RESULT: {"using":"xpath","value":"//*[@id=\"__tile99\"]"}
COMMAND: POST /session/ff5c7e255a5f22217e9e71b107331cab/element/f.B606A59DB483FA8DF8D5F24B3E927ED2.d.18EA548975DD67D9600C57718FBE539B.e.3010/click - {}
RESULT: undefined
COMMAND: POST /session/ff5c7e255a5f22217e9e71b107331cab/element - {"using":"xpath","value":"//*[@id=\"__tile99\"]"}
RESULT: {"using":"xpath","value":"//*[@id=\"__tile99\"]"}
COMMAND: POST /session/ff5c7e255a5f22217e9e71b107331cab/element/f.B606A59DB483FA8DF8D5F24B3E927ED2.d.18EA548975DD67D9600C57718FBE539B.e.3010/click - {}
RESULT: undefined
COMMAND: POST /session/ff5c7e255a5f22217e9e71b107331cab/execute/async - {"script":"<script> [6424 bytes]","args":[{"element-6066-11e4-a52e-4f735466cecf":"f.B606A59DB483FA8DF8D5F24B3E927ED2.d.18EA548975DD67D9600C57718FBE539B.e.291"},"getTitle",[]]}
COMMAND: POST /session/ff5c7e255a5f22217e9e71b107331cab/execute/async - {"script":"<script> [1562 bytes]","args":[{"selector":{"id":"shellAppTitle"},"wdio_ui5_key":"shellAppTitle"}]}
RESULT: {"script":"<script> [1562 bytes]","args":[{"selector":{"id":"shellAppTitle"},"wdio_ui5_key":"shellAppTitle"}]}
COMMAND: POST /session/ff5c7e255a5f22217e9e71b107331cab/execute/async - {"script":"<script> [6424 bytes]","args":[{"element-6066-11e4-a52e-4f735466cecf":"f.B606A59DB483FA8DF8D5F24B3E927ED2.d.18EA548975DD67D9600C57718FBE539B.e.3207"},"getTitle",[]]}
RESULT: {"script":"<script> [6424 bytes]","args":[{"element-6066-11e4-a52e-4f735466cecf":"f.B606A59DB483FA8DF8D5F24B3E927ED2.d.18EA548975DD67D9600C57718FBE539B.e.3207"},"getTitle",[]]}
RESULT: undefined
COMMAND: POST /session/ff5c7e255a5f22217e9e71b107331cab/element/f.B606A59DB483FA8DF8D5F24B3E927ED2.d.18EA548975DD67D9600C57718FBE539B.e.2977/click - {}
COMMAND: POST /session/ff5c7e255a5f22217e9e71b107331cab/element - {"using":"xpath","value":"//*[@id=\"backBtn\"]"}
RESULT: {"using":"xpath","value":"//*[@id=\"backBtn\"]"}
COMMAND: POST /session/ff5c7e255a5f22217e9e71b107331cab/element/f.B606A59DB483FA8DF8D5F24B3E927ED2.d.18EA548975DD67D9600C57718FBE539B.e.2977/click - {}
COMMAND: POST /session/ff5c7e255a5f22217e9e71b107331cab/element - {"using":"xpath","value":"//*[@id=\"backBtn\"]"}
RESULT: {"using":"xpath","value":"//*[@id=\"backBtn\"]"}
COMMAND: POST /session/ff5c7e255a5f22217e9e71b107331cab/element/f.B606A59DB483FA8DF8D5F24B3E927ED2.d.18EA548975DD67D9600C57718FBE539B.e.3208/click - {}
RESULT: {}
COMMAND: GET /session/ff5c7e255a5f22217e9e71b107331cab/screenshot - {}
RESULT: {}
]]></system-out>
    </testcase>
    <testcase classname="chrome.135_0_7049_96.windows.Sanity_Tests_US104253" name="Should open Contracts Dashboard page" time="45.583">
      <system-out><![CDATA[
COMMAND: POST /session/ff5c7e255a5f22217e9e71b107331cab/execute/async - {"script":"<script> [1562 bytes]","args":[{"selector":{"controlType":"sap.m.GenericTile","properties":{"header":"Contracts Dashboard"}},"wdio_ui5_key":"sapm.GenericTile{\"header\":\"Contracts Dashboard\"}"}]}
RESULT: {"script":"<script> [1562 bytes]","args":[{"selector":{"controlType":"sap.m.GenericTile","properties":{"header":"Contracts Dashboard"}},"wdio_ui5_key":"sapm.GenericTile{\"header\":\"Contracts Dashboard\"}"}]}
RESULT: undefined
COMMAND: POST /session/ff5c7e255a5f22217e9e71b107331cab/element - {"using":"xpath","value":"//*[@id=\"__tile97\"]"}
RESULT: {"using":"xpath","value":"//*[@id=\"__tile97\"]"}
COMMAND: POST /session/ff5c7e255a5f22217e9e71b107331cab/element/f.B606A59DB483FA8DF8D5F24B3E927ED2.d.18EA548975DD67D9600C57718FBE539B.e.3210/click - {}
RESULT: {}
COMMAND: GET /session/ff5c7e255a5f22217e9e71b107331cab/screenshot - {}
RESULT: {}
RESULT: undefined
COMMAND: POST /session/ff5c7e255a5f22217e9e71b107331cab/element - {"using":"xpath","value":"//*[@id=\"__tile97\"]"}
RESULT: {"using":"xpath","value":"//*[@id=\"__tile97\"]"}
COMMAND: POST /session/ff5c7e255a5f22217e9e71b107331cab/element/f.B606A59DB483FA8DF8D5F24B3E927ED2.d.18EA548975DD67D9600C57718FBE539B.e.3210/click - {}
RESULT: undefined
COMMAND: POST /session/ff5c7e255a5f22217e9e71b107331cab/element - {"using":"xpath","value":"//*[@id=\"__tile97\"]"}
RESULT: {"using":"xpath","value":"//*[@id=\"__tile97\"]"}
COMMAND: POST /session/ff5c7e255a5f22217e9e71b107331cab/element/f.B606A59DB483FA8DF8D5F24B3E927ED2.d.18EA548975DD67D9600C57718FBE539B.e.3210/click - {}
RESULT: undefined
COMMAND: POST /session/ff5c7e255a5f22217e9e71b107331cab/execute/async - {"script":"<script> [6424 bytes]","args":[{"element-6066-11e4-a52e-4f735466cecf":"f.B606A59DB483FA8DF8D5F24B3E927ED2.d.18EA548975DD67D9600C57718FBE539B.e.291"},"getTitle",[]]}
COMMAND: POST /session/ff5c7e255a5f22217e9e71b107331cab/execute/async - {"script":"<script> [1562 bytes]","args":[{"selector":{"id":"shellAppTitle"},"wdio_ui5_key":"shellAppTitle"}]}
RESULT: {"script":"<script> [1562 bytes]","args":[{"selector":{"id":"shellAppTitle"},"wdio_ui5_key":"shellAppTitle"}]}
COMMAND: POST /session/ff5c7e255a5f22217e9e71b107331cab/execute/async - {"script":"<script> [6424 bytes]","args":[{"element-6066-11e4-a52e-4f735466cecf":"f.B606A59DB483FA8DF8D5F24B3E927ED2.d.18EA548975DD67D9600C57718FBE539B.e.3230"},"getTitle",[]]}
RESULT: {"script":"<script> [6424 bytes]","args":[{"element-6066-11e4-a52e-4f735466cecf":"f.B606A59DB483FA8DF8D5F24B3E927ED2.d.18EA548975DD67D9600C57718FBE539B.e.3230"},"getTitle",[]]}
RESULT: undefined
COMMAND: POST /session/ff5c7e255a5f22217e9e71b107331cab/element/f.B606A59DB483FA8DF8D5F24B3E927ED2.d.18EA548975DD67D9600C57718FBE539B.e.3208/click - {}
RESULT: {}
COMMAND: GET /session/ff5c7e255a5f22217e9e71b107331cab/screenshot - {}
RESULT: {}
]]></system-out>
    </testcase>
    <testcase classname="chrome.135_0_7049_96.windows.Sanity_Tests_US104253" name="Should open Bin Status Report page" time="34.308">
      <system-out><![CDATA[
COMMAND: POST /session/ff5c7e255a5f22217e9e71b107331cab/execute/async - {"script":"<script> [1562 bytes]","args":[{"selector":{"controlType":"sap.m.GenericTile","properties":{"header":"Bin Status Report"}},"wdio_ui5_key":"sapm.GenericTile{\"header\":\"Bin Status Report\"}"}]}
RESULT: {"script":"<script> [1562 bytes]","args":[{"selector":{"controlType":"sap.m.GenericTile","properties":{"header":"Bin Status Report"}},"wdio_ui5_key":"sapm.GenericTile{\"header\":\"Bin Status Report\"}"}]}
RESULT: undefined
COMMAND: POST /session/ff5c7e255a5f22217e9e71b107331cab/element - {"using":"xpath","value":"//*[@id=\"__tile104\"]"}
RESULT: {"using":"xpath","value":"//*[@id=\"__tile104\"]"}
COMMAND: POST /session/ff5c7e255a5f22217e9e71b107331cab/element/f.B606A59DB483FA8DF8D5F24B3E927ED2.d.18EA548975DD67D9600C57718FBE539B.e.3232/click - {}
RESULT: {}
COMMAND: GET /session/ff5c7e255a5f22217e9e71b107331cab/screenshot - {}
RESULT: {}
RESULT: undefined
COMMAND: POST /session/ff5c7e255a5f22217e9e71b107331cab/element - {"using":"xpath","value":"//*[@id=\"__tile104\"]"}
RESULT: {"using":"xpath","value":"//*[@id=\"__tile104\"]"}
COMMAND: POST /session/ff5c7e255a5f22217e9e71b107331cab/element/f.B606A59DB483FA8DF8D5F24B3E927ED2.d.18EA548975DD67D9600C57718FBE539B.e.3232/click - {}
RESULT: undefined
COMMAND: POST /session/ff5c7e255a5f22217e9e71b107331cab/element - {"using":"xpath","value":"//*[@id=\"__tile104\"]"}
RESULT: {"using":"xpath","value":"//*[@id=\"__tile104\"]"}
COMMAND: POST /session/ff5c7e255a5f22217e9e71b107331cab/element/f.B606A59DB483FA8DF8D5F24B3E927ED2.d.18EA548975DD67D9600C57718FBE539B.e.3232/click - {}
RESULT: undefined
COMMAND: POST /session/ff5c7e255a5f22217e9e71b107331cab/execute/async - {"script":"<script> [6424 bytes]","args":[{"element-6066-11e4-a52e-4f735466cecf":"f.B606A59DB483FA8DF8D5F24B3E927ED2.d.18EA548975DD67D9600C57718FBE539B.e.291"},"getTitle",[]]}
COMMAND: POST /session/ff5c7e255a5f22217e9e71b107331cab/execute/async - {"script":"<script> [1562 bytes]","args":[{"selector":{"id":"shellAppTitle"},"wdio_ui5_key":"shellAppTitle"}]}
RESULT: {"script":"<script> [1562 bytes]","args":[{"selector":{"id":"shellAppTitle"},"wdio_ui5_key":"shellAppTitle"}]}
COMMAND: POST /session/ff5c7e255a5f22217e9e71b107331cab/execute/async - {"script":"<script> [6424 bytes]","args":[{"element-6066-11e4-a52e-4f735466cecf":"f.B606A59DB483FA8DF8D5F24B3E927ED2.d.18EA548975DD67D9600C57718FBE539B.e.3309"},"getTitle",[]]}
RESULT: {"script":"<script> [6424 bytes]","args":[{"element-6066-11e4-a52e-4f735466cecf":"f.B606A59DB483FA8DF8D5F24B3E927ED2.d.18EA548975DD67D9600C57718FBE539B.e.3309"},"getTitle",[]]}
RESULT: undefined
COMMAND: POST /session/ff5c7e255a5f22217e9e71b107331cab/element/f.B606A59DB483FA8DF8D5F24B3E927ED2.d.18EA548975DD67D9600C57718FBE539B.e.3208/click - {}
COMMAND: POST /session/ff5c7e255a5f22217e9e71b107331cab/element - {"using":"xpath","value":"//*[@id=\"backBtn\"]"}
RESULT: {"using":"xpath","value":"//*[@id=\"backBtn\"]"}
COMMAND: POST /session/ff5c7e255a5f22217e9e71b107331cab/element/f.B606A59DB483FA8DF8D5F24B3E927ED2.d.18EA548975DD67D9600C57718FBE539B.e.3208/click - {}
COMMAND: POST /session/ff5c7e255a5f22217e9e71b107331cab/element - {"using":"xpath","value":"//*[@id=\"backBtn\"]"}
RESULT: {"using":"xpath","value":"//*[@id=\"backBtn\"]"}
COMMAND: POST /session/ff5c7e255a5f22217e9e71b107331cab/element/f.B606A59DB483FA8DF8D5F24B3E927ED2.d.18EA548975DD67D9600C57718FBE539B.e.3310/click - {}
RESULT: {}
COMMAND: GET /session/ff5c7e255a5f22217e9e71b107331cab/screenshot - {}
RESULT: {}
]]></system-out>
    </testcase>
    <testcase classname="chrome.135_0_7049_96.windows.Sanity_Tests_US104253" name="Should open Manage Warehouse Movements page" time="32.863">
      <system-out><![CDATA[
COMMAND: POST /session/ff5c7e255a5f22217e9e71b107331cab/execute/async - {"script":"<script> [1562 bytes]","args":[{"selector":{"controlType":"sap.m.GenericTile","properties":{"header":"Manage Warehouse Movements"}},"wdio_ui5_key":"sapm.GenericTile{\"header\":\"Manage Warehouse Movements\"}"}]}
RESULT: {"script":"<script> [1562 bytes]","args":[{"selector":{"controlType":"sap.m.GenericTile","properties":{"header":"Manage Warehouse Movements"}},"wdio_ui5_key":"sapm.GenericTile{\"header\":\"Manage Warehouse Movements\"}"}]}
RESULT: undefined
COMMAND: POST /session/ff5c7e255a5f22217e9e71b107331cab/element - {"using":"xpath","value":"//*[@id=\"__tile105\"]"}
RESULT: {"using":"xpath","value":"//*[@id=\"__tile105\"]"}
COMMAND: POST /session/ff5c7e255a5f22217e9e71b107331cab/element/f.B606A59DB483FA8DF8D5F24B3E927ED2.d.18EA548975DD67D9600C57718FBE539B.e.3314/click - {}
RESULT: {}
COMMAND: GET /session/ff5c7e255a5f22217e9e71b107331cab/screenshot - {}
RESULT: {}
RESULT: undefined
COMMAND: POST /session/ff5c7e255a5f22217e9e71b107331cab/element - {"using":"xpath","value":"//*[@id=\"__tile105\"]"}
RESULT: {"using":"xpath","value":"//*[@id=\"__tile105\"]"}
COMMAND: POST /session/ff5c7e255a5f22217e9e71b107331cab/element/f.B606A59DB483FA8DF8D5F24B3E927ED2.d.18EA548975DD67D9600C57718FBE539B.e.3314/click - {}
RESULT: undefined
COMMAND: POST /session/ff5c7e255a5f22217e9e71b107331cab/element - {"using":"xpath","value":"//*[@id=\"__tile105\"]"}
RESULT: {"using":"xpath","value":"//*[@id=\"__tile105\"]"}
COMMAND: POST /session/ff5c7e255a5f22217e9e71b107331cab/element/f.B606A59DB483FA8DF8D5F24B3E927ED2.d.18EA548975DD67D9600C57718FBE539B.e.3314/click - {}
RESULT: undefined
COMMAND: POST /session/ff5c7e255a5f22217e9e71b107331cab/execute/async - {"script":"<script> [6424 bytes]","args":[{"element-6066-11e4-a52e-4f735466cecf":"f.B606A59DB483FA8DF8D5F24B3E927ED2.d.18EA548975DD67D9600C57718FBE539B.e.291"},"getTitle",[]]}
COMMAND: POST /session/ff5c7e255a5f22217e9e71b107331cab/execute/async - {"script":"<script> [1562 bytes]","args":[{"selector":{"id":"shellAppTitle"},"wdio_ui5_key":"shellAppTitle"}]}
RESULT: {"script":"<script> [1562 bytes]","args":[{"selector":{"id":"shellAppTitle"},"wdio_ui5_key":"shellAppTitle"}]}
COMMAND: POST /session/ff5c7e255a5f22217e9e71b107331cab/execute/async - {"script":"<script> [6424 bytes]","args":[{"element-6066-11e4-a52e-4f735466cecf":"f.B606A59DB483FA8DF8D5F24B3E927ED2.d.18EA548975DD67D9600C57718FBE539B.e.3396"},"getTitle",[]]}
RESULT: {"script":"<script> [6424 bytes]","args":[{"element-6066-11e4-a52e-4f735466cecf":"f.B606A59DB483FA8DF8D5F24B3E927ED2.d.18EA548975DD67D9600C57718FBE539B.e.3396"},"getTitle",[]]}
RESULT: undefined
COMMAND: POST /session/ff5c7e255a5f22217e9e71b107331cab/element/f.B606A59DB483FA8DF8D5F24B3E927ED2.d.18EA548975DD67D9600C57718FBE539B.e.3310/click - {}
RESULT: {}
COMMAND: GET /session/ff5c7e255a5f22217e9e71b107331cab/screenshot - {}
RESULT: {}
]]></system-out>
    </testcase>
    <testcase classname="chrome.135_0_7049_96.windows.Sanity_Tests_US104253" name="Should open Bin Inventory List page" time="33.663">
      <system-out><![CDATA[
COMMAND: POST /session/ff5c7e255a5f22217e9e71b107331cab/execute/async - {"script":"<script> [1562 bytes]","args":[{"selector":{"controlType":"sap.m.GenericTile","properties":{"header":"Bin Inventory List"}},"wdio_ui5_key":"sapm.GenericTile{\"header\":\"Bin Inventory List\"}"}]}
RESULT: {"script":"<script> [1562 bytes]","args":[{"selector":{"controlType":"sap.m.GenericTile","properties":{"header":"Bin Inventory List"}},"wdio_ui5_key":"sapm.GenericTile{\"header\":\"Bin Inventory List\"}"}]}
RESULT: undefined
COMMAND: POST /session/ff5c7e255a5f22217e9e71b107331cab/element - {"using":"xpath","value":"//*[@id=\"__tile103\"]"}
RESULT: {"using":"xpath","value":"//*[@id=\"__tile103\"]"}
COMMAND: POST /session/ff5c7e255a5f22217e9e71b107331cab/element/f.B606A59DB483FA8DF8D5F24B3E927ED2.d.18EA548975DD67D9600C57718FBE539B.e.3398/click - {}
RESULT: {}
COMMAND: GET /session/ff5c7e255a5f22217e9e71b107331cab/screenshot - {}
RESULT: {}
RESULT: undefined
COMMAND: POST /session/ff5c7e255a5f22217e9e71b107331cab/element - {"using":"xpath","value":"//*[@id=\"__tile103\"]"}
RESULT: {"using":"xpath","value":"//*[@id=\"__tile103\"]"}
COMMAND: POST /session/ff5c7e255a5f22217e9e71b107331cab/element/f.B606A59DB483FA8DF8D5F24B3E927ED2.d.18EA548975DD67D9600C57718FBE539B.e.3398/click - {}
RESULT: undefined
COMMAND: POST /session/ff5c7e255a5f22217e9e71b107331cab/element - {"using":"xpath","value":"//*[@id=\"__tile103\"]"}
RESULT: {"using":"xpath","value":"//*[@id=\"__tile103\"]"}
COMMAND: POST /session/ff5c7e255a5f22217e9e71b107331cab/element/f.B606A59DB483FA8DF8D5F24B3E927ED2.d.18EA548975DD67D9600C57718FBE539B.e.3398/click - {}
RESULT: undefined
COMMAND: POST /session/ff5c7e255a5f22217e9e71b107331cab/execute/async - {"script":"<script> [6424 bytes]","args":[{"element-6066-11e4-a52e-4f735466cecf":"f.B606A59DB483FA8DF8D5F24B3E927ED2.d.18EA548975DD67D9600C57718FBE539B.e.291"},"getTitle",[]]}
COMMAND: POST /session/ff5c7e255a5f22217e9e71b107331cab/execute/async - {"script":"<script> [1562 bytes]","args":[{"selector":{"id":"shellAppTitle"},"wdio_ui5_key":"shellAppTitle"}]}
RESULT: {"script":"<script> [1562 bytes]","args":[{"selector":{"id":"shellAppTitle"},"wdio_ui5_key":"shellAppTitle"}]}
COMMAND: POST /session/ff5c7e255a5f22217e9e71b107331cab/execute/async - {"script":"<script> [6424 bytes]","args":[{"element-6066-11e4-a52e-4f735466cecf":"f.B606A59DB483FA8DF8D5F24B3E927ED2.d.18EA548975DD67D9600C57718FBE539B.e.3490"},"getTitle",[]]}
RESULT: {"script":"<script> [6424 bytes]","args":[{"element-6066-11e4-a52e-4f735466cecf":"f.B606A59DB483FA8DF8D5F24B3E927ED2.d.18EA548975DD67D9600C57718FBE539B.e.3490"},"getTitle",[]]}
RESULT: undefined
COMMAND: POST /session/ff5c7e255a5f22217e9e71b107331cab/element/f.B606A59DB483FA8DF8D5F24B3E927ED2.d.18EA548975DD67D9600C57718FBE539B.e.3310/click - {}
COMMAND: POST /session/ff5c7e255a5f22217e9e71b107331cab/element - {"using":"xpath","value":"//*[@id=\"backBtn\"]"}
RESULT: {"using":"xpath","value":"//*[@id=\"backBtn\"]"}
COMMAND: POST /session/ff5c7e255a5f22217e9e71b107331cab/element/f.B606A59DB483FA8DF8D5F24B3E927ED2.d.18EA548975DD67D9600C57718FBE539B.e.3310/click - {}
COMMAND: POST /session/ff5c7e255a5f22217e9e71b107331cab/element - {"using":"xpath","value":"//*[@id=\"backBtn\"]"}
RESULT: {"using":"xpath","value":"//*[@id=\"backBtn\"]"}
COMMAND: POST /session/ff5c7e255a5f22217e9e71b107331cab/element/f.B606A59DB483FA8DF8D5F24B3E927ED2.d.18EA548975DD67D9600C57718FBE539B.e.3491/click - {}
RESULT: {}
COMMAND: GET /session/ff5c7e255a5f22217e9e71b107331cab/screenshot - {}
RESULT: {}
]]></system-out>
    </testcase>
    <testcase classname="chrome.135_0_7049_96.windows.Sanity_Tests_US104253" name="Should open ISC Templates page" time="41.374">
      <system-out><![CDATA[
COMMAND: POST /session/ff5c7e255a5f22217e9e71b107331cab/execute/async - {"script":"<script> [1562 bytes]","args":[{"selector":{"controlType":"sap.m.GenericTile","properties":{"header":"ISC Templates"}},"wdio_ui5_key":"sapm.GenericTile{\"header\":\"ISC Templates\"}"}]}
RESULT: {"script":"<script> [1562 bytes]","args":[{"selector":{"controlType":"sap.m.GenericTile","properties":{"header":"ISC Templates"}},"wdio_ui5_key":"sapm.GenericTile{\"header\":\"ISC Templates\"}"}]}
RESULT: undefined
COMMAND: POST /session/ff5c7e255a5f22217e9e71b107331cab/element - {"using":"xpath","value":"//*[@id=\"__tile111\"]"}
RESULT: {"using":"xpath","value":"//*[@id=\"__tile111\"]"}
COMMAND: POST /session/ff5c7e255a5f22217e9e71b107331cab/element/f.B606A59DB483FA8DF8D5F24B3E927ED2.d.18EA548975DD67D9600C57718FBE539B.e.3493/click - {}
RESULT: {}
COMMAND: GET /session/ff5c7e255a5f22217e9e71b107331cab/screenshot - {}
RESULT: {}
RESULT: undefined
COMMAND: POST /session/ff5c7e255a5f22217e9e71b107331cab/element - {"using":"xpath","value":"//*[@id=\"__tile111\"]"}
RESULT: {"using":"xpath","value":"//*[@id=\"__tile111\"]"}
COMMAND: POST /session/ff5c7e255a5f22217e9e71b107331cab/element/f.B606A59DB483FA8DF8D5F24B3E927ED2.d.18EA548975DD67D9600C57718FBE539B.e.3493/click - {}
RESULT: undefined
COMMAND: POST /session/ff5c7e255a5f22217e9e71b107331cab/element - {"using":"xpath","value":"//*[@id=\"__tile111\"]"}
RESULT: {"using":"xpath","value":"//*[@id=\"__tile111\"]"}
COMMAND: POST /session/ff5c7e255a5f22217e9e71b107331cab/element/f.B606A59DB483FA8DF8D5F24B3E927ED2.d.18EA548975DD67D9600C57718FBE539B.e.3493/click - {}
RESULT: undefined
COMMAND: POST /session/ff5c7e255a5f22217e9e71b107331cab/execute/async - {"script":"<script> [6424 bytes]","args":[{"element-6066-11e4-a52e-4f735466cecf":"f.B606A59DB483FA8DF8D5F24B3E927ED2.d.18EA548975DD67D9600C57718FBE539B.e.291"},"getTitle",[]]}
COMMAND: POST /session/ff5c7e255a5f22217e9e71b107331cab/execute/async - {"script":"<script> [1562 bytes]","args":[{"selector":{"id":"shellAppTitle"},"wdio_ui5_key":"shellAppTitle"}]}
RESULT: {"script":"<script> [1562 bytes]","args":[{"selector":{"id":"shellAppTitle"},"wdio_ui5_key":"shellAppTitle"}]}
COMMAND: POST /session/ff5c7e255a5f22217e9e71b107331cab/execute/async - {"script":"<script> [6424 bytes]","args":[{"element-6066-11e4-a52e-4f735466cecf":"f.B606A59DB483FA8DF8D5F24B3E927ED2.d.18EA548975DD67D9600C57718FBE539B.e.3567"},"getTitle",[]]}
RESULT: {"script":"<script> [6424 bytes]","args":[{"element-6066-11e4-a52e-4f735466cecf":"f.B606A59DB483FA8DF8D5F24B3E927ED2.d.18EA548975DD67D9600C57718FBE539B.e.3567"},"getTitle",[]]}
RESULT: undefined
COMMAND: POST /session/ff5c7e255a5f22217e9e71b107331cab/element/f.B606A59DB483FA8DF8D5F24B3E927ED2.d.18EA548975DD67D9600C57718FBE539B.e.3491/click - {}
RESULT: {}
COMMAND: GET /session/ff5c7e255a5f22217e9e71b107331cab/screenshot - {}
RESULT: {}
]]></system-out>
    </testcase>
    <testcase classname="chrome.135_0_7049_96.windows.Sanity_Tests_US104253" name="Should open ISC Schedules page" time="33.189">
      <system-out><![CDATA[
COMMAND: POST /session/ff5c7e255a5f22217e9e71b107331cab/execute/async - {"script":"<script> [1562 bytes]","args":[{"selector":{"controlType":"sap.m.GenericTile","properties":{"header":"ISC Schedules"}},"wdio_ui5_key":"sapm.GenericTile{\"header\":\"ISC Schedules\"}"}]}
RESULT: {"script":"<script> [1562 bytes]","args":[{"selector":{"controlType":"sap.m.GenericTile","properties":{"header":"ISC Schedules"}},"wdio_ui5_key":"sapm.GenericTile{\"header\":\"ISC Schedules\"}"}]}
RESULT: undefined
COMMAND: POST /session/ff5c7e255a5f22217e9e71b107331cab/element - {"using":"xpath","value":"//*[@id=\"__tile109\"]"}
RESULT: {"using":"xpath","value":"//*[@id=\"__tile109\"]"}
COMMAND: POST /session/ff5c7e255a5f22217e9e71b107331cab/element/f.B606A59DB483FA8DF8D5F24B3E927ED2.d.18EA548975DD67D9600C57718FBE539B.e.3570/click - {}
RESULT: {}
COMMAND: GET /session/ff5c7e255a5f22217e9e71b107331cab/screenshot - {}
RESULT: {}
RESULT: undefined
COMMAND: POST /session/ff5c7e255a5f22217e9e71b107331cab/element - {"using":"xpath","value":"//*[@id=\"__tile109\"]"}
RESULT: {"using":"xpath","value":"//*[@id=\"__tile109\"]"}
COMMAND: POST /session/ff5c7e255a5f22217e9e71b107331cab/element/f.B606A59DB483FA8DF8D5F24B3E927ED2.d.18EA548975DD67D9600C57718FBE539B.e.3570/click - {}
RESULT: undefined
COMMAND: POST /session/ff5c7e255a5f22217e9e71b107331cab/element - {"using":"xpath","value":"//*[@id=\"__tile109\"]"}
RESULT: {"using":"xpath","value":"//*[@id=\"__tile109\"]"}
COMMAND: POST /session/ff5c7e255a5f22217e9e71b107331cab/element/f.B606A59DB483FA8DF8D5F24B3E927ED2.d.18EA548975DD67D9600C57718FBE539B.e.3570/click - {}
RESULT: undefined
COMMAND: POST /session/ff5c7e255a5f22217e9e71b107331cab/execute/async - {"script":"<script> [6424 bytes]","args":[{"element-6066-11e4-a52e-4f735466cecf":"f.B606A59DB483FA8DF8D5F24B3E927ED2.d.18EA548975DD67D9600C57718FBE539B.e.291"},"getTitle",[]]}
COMMAND: POST /session/ff5c7e255a5f22217e9e71b107331cab/execute/async - {"script":"<script> [1562 bytes]","args":[{"selector":{"id":"shellAppTitle"},"wdio_ui5_key":"shellAppTitle"}]}
RESULT: {"script":"<script> [1562 bytes]","args":[{"selector":{"id":"shellAppTitle"},"wdio_ui5_key":"shellAppTitle"}]}
COMMAND: POST /session/ff5c7e255a5f22217e9e71b107331cab/execute/async - {"script":"<script> [6424 bytes]","args":[{"element-6066-11e4-a52e-4f735466cecf":"f.B606A59DB483FA8DF8D5F24B3E927ED2.d.18EA548975DD67D9600C57718FBE539B.e.3639"},"getTitle",[]]}
RESULT: {"script":"<script> [6424 bytes]","args":[{"element-6066-11e4-a52e-4f735466cecf":"f.B606A59DB483FA8DF8D5F24B3E927ED2.d.18EA548975DD67D9600C57718FBE539B.e.3639"},"getTitle",[]]}
RESULT: undefined
COMMAND: POST /session/ff5c7e255a5f22217e9e71b107331cab/element/f.B606A59DB483FA8DF8D5F24B3E927ED2.d.18EA548975DD67D9600C57718FBE539B.e.3491/click - {}
COMMAND: POST /session/ff5c7e255a5f22217e9e71b107331cab/element - {"using":"xpath","value":"//*[@id=\"backBtn\"]"}
RESULT: {"using":"xpath","value":"//*[@id=\"backBtn\"]"}
COMMAND: POST /session/ff5c7e255a5f22217e9e71b107331cab/element/f.B606A59DB483FA8DF8D5F24B3E927ED2.d.18EA548975DD67D9600C57718FBE539B.e.3491/click - {}
COMMAND: POST /session/ff5c7e255a5f22217e9e71b107331cab/element - {"using":"xpath","value":"//*[@id=\"backBtn\"]"}
RESULT: {"using":"xpath","value":"//*[@id=\"backBtn\"]"}
COMMAND: POST /session/ff5c7e255a5f22217e9e71b107331cab/element/f.B606A59DB483FA8DF8D5F24B3E927ED2.d.18EA548975DD67D9600C57718FBE539B.e.3640/click - {}
RESULT: {}
COMMAND: GET /session/ff5c7e255a5f22217e9e71b107331cab/screenshot - {}
RESULT: {}
]]></system-out>
    </testcase>
    <testcase classname="chrome.135_0_7049_96.windows.Sanity_Tests_US104253" name="Should open ISC Dashboard page" time="32.28">
      <system-out><![CDATA[
COMMAND: POST /session/ff5c7e255a5f22217e9e71b107331cab/execute/async - {"script":"<script> [1562 bytes]","args":[{"selector":{"controlType":"sap.m.GenericTile","properties":{"header":"ISC Dashboard"}},"wdio_ui5_key":"sapm.GenericTile{\"header\":\"ISC Dashboard\"}"}]}
RESULT: {"script":"<script> [1562 bytes]","args":[{"selector":{"controlType":"sap.m.GenericTile","properties":{"header":"ISC Dashboard"}},"wdio_ui5_key":"sapm.GenericTile{\"header\":\"ISC Dashboard\"}"}]}
RESULT: undefined
COMMAND: POST /session/ff5c7e255a5f22217e9e71b107331cab/element - {"using":"xpath","value":"//*[@id=\"__tile106\"]"}
RESULT: {"using":"xpath","value":"//*[@id=\"__tile106\"]"}
COMMAND: POST /session/ff5c7e255a5f22217e9e71b107331cab/element/f.B606A59DB483FA8DF8D5F24B3E927ED2.d.18EA548975DD67D9600C57718FBE539B.e.3642/click - {}
RESULT: {}
COMMAND: GET /session/ff5c7e255a5f22217e9e71b107331cab/screenshot - {}
RESULT: {}
RESULT: undefined
COMMAND: POST /session/ff5c7e255a5f22217e9e71b107331cab/element - {"using":"xpath","value":"//*[@id=\"__tile106\"]"}
RESULT: {"using":"xpath","value":"//*[@id=\"__tile106\"]"}
COMMAND: POST /session/ff5c7e255a5f22217e9e71b107331cab/element/f.B606A59DB483FA8DF8D5F24B3E927ED2.d.18EA548975DD67D9600C57718FBE539B.e.3642/click - {}
RESULT: undefined
COMMAND: POST /session/ff5c7e255a5f22217e9e71b107331cab/element - {"using":"xpath","value":"//*[@id=\"__tile106\"]"}
RESULT: {"using":"xpath","value":"//*[@id=\"__tile106\"]"}
COMMAND: POST /session/ff5c7e255a5f22217e9e71b107331cab/element/f.B606A59DB483FA8DF8D5F24B3E927ED2.d.18EA548975DD67D9600C57718FBE539B.e.3642/click - {}
RESULT: undefined
COMMAND: POST /session/ff5c7e255a5f22217e9e71b107331cab/execute/async - {"script":"<script> [6424 bytes]","args":[{"element-6066-11e4-a52e-4f735466cecf":"f.B606A59DB483FA8DF8D5F24B3E927ED2.d.18EA548975DD67D9600C57718FBE539B.e.291"},"getTitle",[]]}
COMMAND: POST /session/ff5c7e255a5f22217e9e71b107331cab/execute/async - {"script":"<script> [1562 bytes]","args":[{"selector":{"id":"shellAppTitle"},"wdio_ui5_key":"shellAppTitle"}]}
RESULT: {"script":"<script> [1562 bytes]","args":[{"selector":{"id":"shellAppTitle"},"wdio_ui5_key":"shellAppTitle"}]}
COMMAND: POST /session/ff5c7e255a5f22217e9e71b107331cab/execute/async - {"script":"<script> [6424 bytes]","args":[{"element-6066-11e4-a52e-4f735466cecf":"f.B606A59DB483FA8DF8D5F24B3E927ED2.d.18EA548975DD67D9600C57718FBE539B.e.3764"},"getTitle",[]]}
RESULT: {"script":"<script> [6424 bytes]","args":[{"element-6066-11e4-a52e-4f735466cecf":"f.B606A59DB483FA8DF8D5F24B3E927ED2.d.18EA548975DD67D9600C57718FBE539B.e.3764"},"getTitle",[]]}
RESULT: undefined
COMMAND: POST /session/ff5c7e255a5f22217e9e71b107331cab/element/f.B606A59DB483FA8DF8D5F24B3E927ED2.d.18EA548975DD67D9600C57718FBE539B.e.3640/click - {}
RESULT: {}
COMMAND: GET /session/ff5c7e255a5f22217e9e71b107331cab/screenshot - {}
RESULT: {}
]]></system-out>
    </testcase>
    <testcase classname="chrome.135_0_7049_96.windows.Sanity_Tests_US104253" name="Should open ISC Orders page" time="35.95">
      <system-out><![CDATA[
COMMAND: POST /session/ff5c7e255a5f22217e9e71b107331cab/execute/async - {"script":"<script> [1562 bytes]","args":[{"selector":{"controlType":"sap.m.GenericTile","properties":{"header":"ISC Orders"}},"wdio_ui5_key":"sapm.GenericTile{\"header\":\"ISC Orders\"}"}]}
RESULT: {"script":"<script> [1562 bytes]","args":[{"selector":{"controlType":"sap.m.GenericTile","properties":{"header":"ISC Orders"}},"wdio_ui5_key":"sapm.GenericTile{\"header\":\"ISC Orders\"}"}]}
RESULT: undefined
COMMAND: POST /session/ff5c7e255a5f22217e9e71b107331cab/element - {"using":"xpath","value":"//*[@id=\"__tile108\"]"}
RESULT: {"using":"xpath","value":"//*[@id=\"__tile108\"]"}
COMMAND: POST /session/ff5c7e255a5f22217e9e71b107331cab/element/f.B606A59DB483FA8DF8D5F24B3E927ED2.d.18EA548975DD67D9600C57718FBE539B.e.3766/click - {}
RESULT: {}
COMMAND: GET /session/ff5c7e255a5f22217e9e71b107331cab/screenshot - {}
RESULT: {}
RESULT: undefined
COMMAND: POST /session/ff5c7e255a5f22217e9e71b107331cab/element - {"using":"xpath","value":"//*[@id=\"__tile108\"]"}
RESULT: {"using":"xpath","value":"//*[@id=\"__tile108\"]"}
COMMAND: POST /session/ff5c7e255a5f22217e9e71b107331cab/element/f.B606A59DB483FA8DF8D5F24B3E927ED2.d.18EA548975DD67D9600C57718FBE539B.e.3766/click - {}
RESULT: undefined
COMMAND: POST /session/ff5c7e255a5f22217e9e71b107331cab/element - {"using":"xpath","value":"//*[@id=\"__tile108\"]"}
RESULT: {"using":"xpath","value":"//*[@id=\"__tile108\"]"}
COMMAND: POST /session/ff5c7e255a5f22217e9e71b107331cab/element/f.B606A59DB483FA8DF8D5F24B3E927ED2.d.18EA548975DD67D9600C57718FBE539B.e.3766/click - {}
RESULT: undefined
COMMAND: POST /session/ff5c7e255a5f22217e9e71b107331cab/execute/async - {"script":"<script> [6424 bytes]","args":[{"element-6066-11e4-a52e-4f735466cecf":"f.B606A59DB483FA8DF8D5F24B3E927ED2.d.18EA548975DD67D9600C57718FBE539B.e.291"},"getTitle",[]]}
COMMAND: POST /session/ff5c7e255a5f22217e9e71b107331cab/execute/async - {"script":"<script> [1562 bytes]","args":[{"selector":{"id":"shellAppTitle"},"wdio_ui5_key":"shellAppTitle"}]}
RESULT: {"script":"<script> [1562 bytes]","args":[{"selector":{"id":"shellAppTitle"},"wdio_ui5_key":"shellAppTitle"}]}
COMMAND: POST /session/ff5c7e255a5f22217e9e71b107331cab/execute/async - {"script":"<script> [6424 bytes]","args":[{"element-6066-11e4-a52e-4f735466cecf":"f.B606A59DB483FA8DF8D5F24B3E927ED2.d.18EA548975DD67D9600C57718FBE539B.e.3869"},"getTitle",[]]}
RESULT: {"script":"<script> [6424 bytes]","args":[{"element-6066-11e4-a52e-4f735466cecf":"f.B606A59DB483FA8DF8D5F24B3E927ED2.d.18EA548975DD67D9600C57718FBE539B.e.3869"},"getTitle",[]]}
RESULT: undefined
COMMAND: POST /session/ff5c7e255a5f22217e9e71b107331cab/element/f.B606A59DB483FA8DF8D5F24B3E927ED2.d.18EA548975DD67D9600C57718FBE539B.e.3640/click - {}
COMMAND: POST /session/ff5c7e255a5f22217e9e71b107331cab/element - {"using":"xpath","value":"//*[@id=\"backBtn\"]"}
RESULT: {"using":"xpath","value":"//*[@id=\"backBtn\"]"}
COMMAND: POST /session/ff5c7e255a5f22217e9e71b107331cab/element/f.B606A59DB483FA8DF8D5F24B3E927ED2.d.18EA548975DD67D9600C57718FBE539B.e.3640/click - {}
COMMAND: POST /session/ff5c7e255a5f22217e9e71b107331cab/element - {"using":"xpath","value":"//*[@id=\"backBtn\"]"}
RESULT: {"using":"xpath","value":"//*[@id=\"backBtn\"]"}
COMMAND: POST /session/ff5c7e255a5f22217e9e71b107331cab/element/f.B606A59DB483FA8DF8D5F24B3E927ED2.d.18EA548975DD67D9600C57718FBE539B.e.3870/click - {}
RESULT: {}
COMMAND: GET /session/ff5c7e255a5f22217e9e71b107331cab/screenshot - {}
RESULT: {}
]]></system-out>
    </testcase>
    <testcase classname="chrome.135_0_7049_96.windows.Sanity_Tests_US104253" name="Should open ISC Tasks page" time="34.94">
      <system-out><![CDATA[
COMMAND: POST /session/ff5c7e255a5f22217e9e71b107331cab/execute/async - {"script":"<script> [1562 bytes]","args":[{"selector":{"controlType":"sap.m.GenericTile","properties":{"header":"ISC Tasks"}},"wdio_ui5_key":"sapm.GenericTile{\"header\":\"ISC Tasks\"}"}]}
RESULT: {"script":"<script> [1562 bytes]","args":[{"selector":{"controlType":"sap.m.GenericTile","properties":{"header":"ISC Tasks"}},"wdio_ui5_key":"sapm.GenericTile{\"header\":\"ISC Tasks\"}"}]}
RESULT: undefined
COMMAND: POST /session/ff5c7e255a5f22217e9e71b107331cab/element - {"using":"xpath","value":"//*[@id=\"__tile110\"]"}
RESULT: {"using":"xpath","value":"//*[@id=\"__tile110\"]"}
COMMAND: POST /session/ff5c7e255a5f22217e9e71b107331cab/element/f.B606A59DB483FA8DF8D5F24B3E927ED2.d.18EA548975DD67D9600C57718FBE539B.e.3872/click - {}
RESULT: {}
COMMAND: GET /session/ff5c7e255a5f22217e9e71b107331cab/screenshot - {}
RESULT: {}
RESULT: undefined
COMMAND: POST /session/ff5c7e255a5f22217e9e71b107331cab/element - {"using":"xpath","value":"//*[@id=\"__tile110\"]"}
RESULT: {"using":"xpath","value":"//*[@id=\"__tile110\"]"}
COMMAND: POST /session/ff5c7e255a5f22217e9e71b107331cab/element/f.B606A59DB483FA8DF8D5F24B3E927ED2.d.18EA548975DD67D9600C57718FBE539B.e.3872/click - {}
RESULT: undefined
COMMAND: POST /session/ff5c7e255a5f22217e9e71b107331cab/element - {"using":"xpath","value":"//*[@id=\"__tile110\"]"}
RESULT: {"using":"xpath","value":"//*[@id=\"__tile110\"]"}
COMMAND: POST /session/ff5c7e255a5f22217e9e71b107331cab/element/f.B606A59DB483FA8DF8D5F24B3E927ED2.d.18EA548975DD67D9600C57718FBE539B.e.3872/click - {}
RESULT: undefined
COMMAND: POST /session/ff5c7e255a5f22217e9e71b107331cab/execute/async - {"script":"<script> [6424 bytes]","args":[{"element-6066-11e4-a52e-4f735466cecf":"f.B606A59DB483FA8DF8D5F24B3E927ED2.d.18EA548975DD67D9600C57718FBE539B.e.291"},"getTitle",[]]}
COMMAND: POST /session/ff5c7e255a5f22217e9e71b107331cab/execute/async - {"script":"<script> [1562 bytes]","args":[{"selector":{"id":"shellAppTitle"},"wdio_ui5_key":"shellAppTitle"}]}
RESULT: {"script":"<script> [1562 bytes]","args":[{"selector":{"id":"shellAppTitle"},"wdio_ui5_key":"shellAppTitle"}]}
COMMAND: POST /session/ff5c7e255a5f22217e9e71b107331cab/execute/async - {"script":"<script> [6424 bytes]","args":[{"element-6066-11e4-a52e-4f735466cecf":"f.B606A59DB483FA8DF8D5F24B3E927ED2.d.18EA548975DD67D9600C57718FBE539B.e.3959"},"getTitle",[]]}
RESULT: {"script":"<script> [6424 bytes]","args":[{"element-6066-11e4-a52e-4f735466cecf":"f.B606A59DB483FA8DF8D5F24B3E927ED2.d.18EA548975DD67D9600C57718FBE539B.e.3959"},"getTitle",[]]}
RESULT: undefined
COMMAND: POST /session/ff5c7e255a5f22217e9e71b107331cab/element/f.B606A59DB483FA8DF8D5F24B3E927ED2.d.18EA548975DD67D9600C57718FBE539B.e.3870/click - {}
RESULT: {}
COMMAND: GET /session/ff5c7e255a5f22217e9e71b107331cab/screenshot - {}
RESULT: {}
]]></system-out>
    </testcase>
    <testcase classname="chrome.135_0_7049_96.windows.Sanity_Tests_US104253" name="Should open Manage Resource Logbook page" time="33.072">
      <system-out><![CDATA[
COMMAND: POST /session/ff5c7e255a5f22217e9e71b107331cab/execute/async - {"script":"<script> [1562 bytes]","args":[{"selector":{"controlType":"sap.m.GenericTile","properties":{"header":"Manage Resource Logbook"}},"wdio_ui5_key":"sapm.GenericTile{\"header\":\"Manage Resource Logbook\"}"}]}
RESULT: {"script":"<script> [1562 bytes]","args":[{"selector":{"controlType":"sap.m.GenericTile","properties":{"header":"Manage Resource Logbook"}},"wdio_ui5_key":"sapm.GenericTile{\"header\":\"Manage Resource Logbook\"}"}]}
RESULT: undefined
COMMAND: POST /session/ff5c7e255a5f22217e9e71b107331cab/element - {"using":"xpath","value":"//*[@id=\"__tile113\"]"}
RESULT: {"using":"xpath","value":"//*[@id=\"__tile113\"]"}
COMMAND: POST /session/ff5c7e255a5f22217e9e71b107331cab/element/f.B606A59DB483FA8DF8D5F24B3E927ED2.d.18EA548975DD67D9600C57718FBE539B.e.3961/click - {}
RESULT: {}
COMMAND: GET /session/ff5c7e255a5f22217e9e71b107331cab/screenshot - {}
RESULT: {}
RESULT: undefined
COMMAND: POST /session/ff5c7e255a5f22217e9e71b107331cab/element - {"using":"xpath","value":"//*[@id=\"__tile113\"]"}
RESULT: {"using":"xpath","value":"//*[@id=\"__tile113\"]"}
COMMAND: POST /session/ff5c7e255a5f22217e9e71b107331cab/element/f.B606A59DB483FA8DF8D5F24B3E927ED2.d.18EA548975DD67D9600C57718FBE539B.e.3961/click - {}
RESULT: undefined
COMMAND: POST /session/ff5c7e255a5f22217e9e71b107331cab/element - {"using":"xpath","value":"//*[@id=\"__tile113\"]"}
RESULT: {"using":"xpath","value":"//*[@id=\"__tile113\"]"}
COMMAND: POST /session/ff5c7e255a5f22217e9e71b107331cab/element/f.B606A59DB483FA8DF8D5F24B3E927ED2.d.18EA548975DD67D9600C57718FBE539B.e.3961/click - {}
RESULT: undefined
COMMAND: POST /session/ff5c7e255a5f22217e9e71b107331cab/execute/async - {"script":"<script> [6424 bytes]","args":[{"element-6066-11e4-a52e-4f735466cecf":"f.B606A59DB483FA8DF8D5F24B3E927ED2.d.18EA548975DD67D9600C57718FBE539B.e.291"},"getTitle",[]]}
COMMAND: POST /session/ff5c7e255a5f22217e9e71b107331cab/execute/async - {"script":"<script> [1562 bytes]","args":[{"selector":{"id":"shellAppTitle"},"wdio_ui5_key":"shellAppTitle"}]}
RESULT: {"script":"<script> [1562 bytes]","args":[{"selector":{"id":"shellAppTitle"},"wdio_ui5_key":"shellAppTitle"}]}
COMMAND: POST /session/ff5c7e255a5f22217e9e71b107331cab/execute/async - {"script":"<script> [6424 bytes]","args":[{"element-6066-11e4-a52e-4f735466cecf":"f.B606A59DB483FA8DF8D5F24B3E927ED2.d.18EA548975DD67D9600C57718FBE539B.e.4056"},"getTitle",[]]}
RESULT: {"script":"<script> [6424 bytes]","args":[{"element-6066-11e4-a52e-4f735466cecf":"f.B606A59DB483FA8DF8D5F24B3E927ED2.d.18EA548975DD67D9600C57718FBE539B.e.4056"},"getTitle",[]]}
RESULT: undefined
COMMAND: POST /session/ff5c7e255a5f22217e9e71b107331cab/element/f.B606A59DB483FA8DF8D5F24B3E927ED2.d.18EA548975DD67D9600C57718FBE539B.e.3870/click - {}
COMMAND: POST /session/ff5c7e255a5f22217e9e71b107331cab/element - {"using":"xpath","value":"//*[@id=\"backBtn\"]"}
RESULT: {"using":"xpath","value":"//*[@id=\"backBtn\"]"}
COMMAND: POST /session/ff5c7e255a5f22217e9e71b107331cab/element/f.B606A59DB483FA8DF8D5F24B3E927ED2.d.18EA548975DD67D9600C57718FBE539B.e.3870/click - {}
COMMAND: POST /session/ff5c7e255a5f22217e9e71b107331cab/element - {"using":"xpath","value":"//*[@id=\"backBtn\"]"}
RESULT: {"using":"xpath","value":"//*[@id=\"backBtn\"]"}
COMMAND: POST /session/ff5c7e255a5f22217e9e71b107331cab/element/f.B606A59DB483FA8DF8D5F24B3E927ED2.d.18EA548975DD67D9600C57718FBE539B.e.4057/click - {}
RESULT: {}
COMMAND: GET /session/ff5c7e255a5f22217e9e71b107331cab/screenshot - {}
RESULT: {}
]]></system-out>
    </testcase>
    <testcase classname="chrome.135_0_7049_96.windows.Sanity_Tests_US104253" name="Should open Manage Logbook page" time="31.883">
      <system-out><![CDATA[
COMMAND: POST /session/ff5c7e255a5f22217e9e71b107331cab/execute/async - {"script":"<script> [1562 bytes]","args":[{"selector":{"controlType":"sap.m.GenericTile","properties":{"header":"Manage Logbook"}},"wdio_ui5_key":"sapm.GenericTile{\"header\":\"Manage Logbook\"}"}]}
RESULT: {"script":"<script> [1562 bytes]","args":[{"selector":{"controlType":"sap.m.GenericTile","properties":{"header":"Manage Logbook"}},"wdio_ui5_key":"sapm.GenericTile{\"header\":\"Manage Logbook\"}"}]}
RESULT: undefined
COMMAND: POST /session/ff5c7e255a5f22217e9e71b107331cab/element - {"using":"xpath","value":"//*[@id=\"__tile112\"]"}
RESULT: {"using":"xpath","value":"//*[@id=\"__tile112\"]"}
COMMAND: POST /session/ff5c7e255a5f22217e9e71b107331cab/element/f.B606A59DB483FA8DF8D5F24B3E927ED2.d.18EA548975DD67D9600C57718FBE539B.e.4059/click - {}
RESULT: {}
COMMAND: GET /session/ff5c7e255a5f22217e9e71b107331cab/screenshot - {}
RESULT: {}
RESULT: undefined
COMMAND: POST /session/ff5c7e255a5f22217e9e71b107331cab/element - {"using":"xpath","value":"//*[@id=\"__tile112\"]"}
RESULT: {"using":"xpath","value":"//*[@id=\"__tile112\"]"}
COMMAND: POST /session/ff5c7e255a5f22217e9e71b107331cab/element/f.B606A59DB483FA8DF8D5F24B3E927ED2.d.18EA548975DD67D9600C57718FBE539B.e.4059/click - {}
RESULT: undefined
COMMAND: POST /session/ff5c7e255a5f22217e9e71b107331cab/element - {"using":"xpath","value":"//*[@id=\"__tile112\"]"}
RESULT: {"using":"xpath","value":"//*[@id=\"__tile112\"]"}
COMMAND: POST /session/ff5c7e255a5f22217e9e71b107331cab/element/f.B606A59DB483FA8DF8D5F24B3E927ED2.d.18EA548975DD67D9600C57718FBE539B.e.4059/click - {}
RESULT: undefined
COMMAND: POST /session/ff5c7e255a5f22217e9e71b107331cab/execute/async - {"script":"<script> [6424 bytes]","args":[{"element-6066-11e4-a52e-4f735466cecf":"f.B606A59DB483FA8DF8D5F24B3E927ED2.d.18EA548975DD67D9600C57718FBE539B.e.291"},"getTitle",[]]}
COMMAND: POST /session/ff5c7e255a5f22217e9e71b107331cab/execute/async - {"script":"<script> [1562 bytes]","args":[{"selector":{"id":"shellAppTitle"},"wdio_ui5_key":"shellAppTitle"}]}
RESULT: {"script":"<script> [1562 bytes]","args":[{"selector":{"id":"shellAppTitle"},"wdio_ui5_key":"shellAppTitle"}]}
COMMAND: POST /session/ff5c7e255a5f22217e9e71b107331cab/execute/async - {"script":"<script> [6424 bytes]","args":[{"element-6066-11e4-a52e-4f735466cecf":"f.B606A59DB483FA8DF8D5F24B3E927ED2.d.18EA548975DD67D9600C57718FBE539B.e.4140"},"getTitle",[]]}
RESULT: {"script":"<script> [6424 bytes]","args":[{"element-6066-11e4-a52e-4f735466cecf":"f.B606A59DB483FA8DF8D5F24B3E927ED2.d.18EA548975DD67D9600C57718FBE539B.e.4140"},"getTitle",[]]}
RESULT: undefined
COMMAND: POST /session/ff5c7e255a5f22217e9e71b107331cab/element/f.B606A59DB483FA8DF8D5F24B3E927ED2.d.18EA548975DD67D9600C57718FBE539B.e.4057/click - {}
RESULT: {}
COMMAND: GET /session/ff5c7e255a5f22217e9e71b107331cab/screenshot - {}
RESULT: {}
]]></system-out>
    </testcase>
    <testcase classname="chrome.135_0_7049_96.windows.Sanity_Tests_US104253" name="Should open ISC Orders Calendar page" time="33.245">
      <system-out><![CDATA[
COMMAND: POST /session/ff5c7e255a5f22217e9e71b107331cab/execute/async - {"script":"<script> [1562 bytes]","args":[{"selector":{"controlType":"sap.m.GenericTile","properties":{"header":"ISC Orders Calendar"}},"wdio_ui5_key":"sapm.GenericTile{\"header\":\"ISC Orders Calendar\"}"}]}
RESULT: {"script":"<script> [1562 bytes]","args":[{"selector":{"controlType":"sap.m.GenericTile","properties":{"header":"ISC Orders Calendar"}},"wdio_ui5_key":"sapm.GenericTile{\"header\":\"ISC Orders Calendar\"}"}]}
RESULT: undefined
COMMAND: POST /session/ff5c7e255a5f22217e9e71b107331cab/element - {"using":"xpath","value":"//*[@id=\"__tile107\"]"}
RESULT: {"using":"xpath","value":"//*[@id=\"__tile107\"]"}
COMMAND: POST /session/ff5c7e255a5f22217e9e71b107331cab/element/f.B606A59DB483FA8DF8D5F24B3E927ED2.d.18EA548975DD67D9600C57718FBE539B.e.4142/click - {}
RESULT: {}
COMMAND: GET /session/ff5c7e255a5f22217e9e71b107331cab/screenshot - {}
RESULT: {}
RESULT: undefined
COMMAND: POST /session/ff5c7e255a5f22217e9e71b107331cab/element - {"using":"xpath","value":"//*[@id=\"__tile107\"]"}
RESULT: {"using":"xpath","value":"//*[@id=\"__tile107\"]"}
COMMAND: POST /session/ff5c7e255a5f22217e9e71b107331cab/element/f.B606A59DB483FA8DF8D5F24B3E927ED2.d.18EA548975DD67D9600C57718FBE539B.e.4142/click - {}
RESULT: undefined
COMMAND: POST /session/ff5c7e255a5f22217e9e71b107331cab/element - {"using":"xpath","value":"//*[@id=\"__tile107\"]"}
RESULT: {"using":"xpath","value":"//*[@id=\"__tile107\"]"}
COMMAND: POST /session/ff5c7e255a5f22217e9e71b107331cab/element/f.B606A59DB483FA8DF8D5F24B3E927ED2.d.18EA548975DD67D9600C57718FBE539B.e.4142/click - {}
RESULT: undefined
COMMAND: POST /session/ff5c7e255a5f22217e9e71b107331cab/execute/async - {"script":"<script> [6424 bytes]","args":[{"element-6066-11e4-a52e-4f735466cecf":"f.B606A59DB483FA8DF8D5F24B3E927ED2.d.18EA548975DD67D9600C57718FBE539B.e.291"},"getTitle",[]]}
COMMAND: POST /session/ff5c7e255a5f22217e9e71b107331cab/execute/async - {"script":"<script> [1562 bytes]","args":[{"selector":{"id":"shellAppTitle"},"wdio_ui5_key":"shellAppTitle"}]}
RESULT: {"script":"<script> [1562 bytes]","args":[{"selector":{"id":"shellAppTitle"},"wdio_ui5_key":"shellAppTitle"}]}
COMMAND: POST /session/ff5c7e255a5f22217e9e71b107331cab/execute/async - {"script":"<script> [6424 bytes]","args":[{"element-6066-11e4-a52e-4f735466cecf":"f.B606A59DB483FA8DF8D5F24B3E927ED2.d.18EA548975DD67D9600C57718FBE539B.e.4351"},"getTitle",[]]}
RESULT: {"script":"<script> [6424 bytes]","args":[{"element-6066-11e4-a52e-4f735466cecf":"f.B606A59DB483FA8DF8D5F24B3E927ED2.d.18EA548975DD67D9600C57718FBE539B.e.4351"},"getTitle",[]]}
RESULT: undefined
COMMAND: POST /session/ff5c7e255a5f22217e9e71b107331cab/element/f.B606A59DB483FA8DF8D5F24B3E927ED2.d.18EA548975DD67D9600C57718FBE539B.e.4057/click - {}
COMMAND: POST /session/ff5c7e255a5f22217e9e71b107331cab/element - {"using":"xpath","value":"//*[@id=\"backBtn\"]"}
RESULT: {"using":"xpath","value":"//*[@id=\"backBtn\"]"}
COMMAND: POST /session/ff5c7e255a5f22217e9e71b107331cab/element/f.B606A59DB483FA8DF8D5F24B3E927ED2.d.18EA548975DD67D9600C57718FBE539B.e.4057/click - {}
COMMAND: POST /session/ff5c7e255a5f22217e9e71b107331cab/element - {"using":"xpath","value":"//*[@id=\"backBtn\"]"}
RESULT: {"using":"xpath","value":"//*[@id=\"backBtn\"]"}
COMMAND: POST /session/ff5c7e255a5f22217e9e71b107331cab/element/f.B606A59DB483FA8DF8D5F24B3E927ED2.d.18EA548975DD67D9600C57718FBE539B.e.4352/click - {}
RESULT: {}
COMMAND: GET /session/ff5c7e255a5f22217e9e71b107331cab/screenshot - {}
RESULT: {}
]]></system-out>
    </testcase>
    <testcase classname="chrome.135_0_7049_96.windows.Sanity_Tests_US104253" name="Should open Configure System page" time="34.143">
      <system-out><![CDATA[
COMMAND: POST /session/ff5c7e255a5f22217e9e71b107331cab/execute/async - {"script":"<script> [1562 bytes]","args":[{"selector":{"controlType":"sap.m.GenericTile","properties":{"header":"Configure System"}},"wdio_ui5_key":"sapm.GenericTile{\"header\":\"Configure System\"}"}]}
RESULT: {"script":"<script> [1562 bytes]","args":[{"selector":{"controlType":"sap.m.GenericTile","properties":{"header":"Configure System"}},"wdio_ui5_key":"sapm.GenericTile{\"header\":\"Configure System\"}"}]}
RESULT: undefined
COMMAND: POST /session/ff5c7e255a5f22217e9e71b107331cab/element - {"using":"xpath","value":"//*[@id=\"__tile114\"]"}
RESULT: {"using":"xpath","value":"//*[@id=\"__tile114\"]"}
COMMAND: POST /session/ff5c7e255a5f22217e9e71b107331cab/element/f.B606A59DB483FA8DF8D5F24B3E927ED2.d.18EA548975DD67D9600C57718FBE539B.e.4356/click - {}
RESULT: {}
COMMAND: GET /session/ff5c7e255a5f22217e9e71b107331cab/screenshot - {}
RESULT: {}
RESULT: undefined
COMMAND: POST /session/ff5c7e255a5f22217e9e71b107331cab/element - {"using":"xpath","value":"//*[@id=\"__tile114\"]"}
RESULT: {"using":"xpath","value":"//*[@id=\"__tile114\"]"}
COMMAND: POST /session/ff5c7e255a5f22217e9e71b107331cab/element/f.B606A59DB483FA8DF8D5F24B3E927ED2.d.18EA548975DD67D9600C57718FBE539B.e.4356/click - {}
RESULT: undefined
COMMAND: POST /session/ff5c7e255a5f22217e9e71b107331cab/element - {"using":"xpath","value":"//*[@id=\"__tile114\"]"}
RESULT: {"using":"xpath","value":"//*[@id=\"__tile114\"]"}
COMMAND: POST /session/ff5c7e255a5f22217e9e71b107331cab/element/f.B606A59DB483FA8DF8D5F24B3E927ED2.d.18EA548975DD67D9600C57718FBE539B.e.4356/click - {}
RESULT: undefined
COMMAND: POST /session/ff5c7e255a5f22217e9e71b107331cab/execute/async - {"script":"<script> [6424 bytes]","args":[{"element-6066-11e4-a52e-4f735466cecf":"f.B606A59DB483FA8DF8D5F24B3E927ED2.d.18EA548975DD67D9600C57718FBE539B.e.291"},"getTitle",[]]}
COMMAND: POST /session/ff5c7e255a5f22217e9e71b107331cab/execute/async - {"script":"<script> [1562 bytes]","args":[{"selector":{"id":"shellAppTitle"},"wdio_ui5_key":"shellAppTitle"}]}
RESULT: {"script":"<script> [1562 bytes]","args":[{"selector":{"id":"shellAppTitle"},"wdio_ui5_key":"shellAppTitle"}]}
COMMAND: POST /session/ff5c7e255a5f22217e9e71b107331cab/execute/async - {"script":"<script> [6424 bytes]","args":[{"element-6066-11e4-a52e-4f735466cecf":"f.B606A59DB483FA8DF8D5F24B3E927ED2.d.18EA548975DD67D9600C57718FBE539B.e.4391"},"getTitle",[]]}
RESULT: {"script":"<script> [6424 bytes]","args":[{"element-6066-11e4-a52e-4f735466cecf":"f.B606A59DB483FA8DF8D5F24B3E927ED2.d.18EA548975DD67D9600C57718FBE539B.e.4391"},"getTitle",[]]}
RESULT: undefined
COMMAND: POST /session/ff5c7e255a5f22217e9e71b107331cab/element/f.B606A59DB483FA8DF8D5F24B3E927ED2.d.18EA548975DD67D9600C57718FBE539B.e.4352/click - {}
RESULT: {}
COMMAND: GET /session/ff5c7e255a5f22217e9e71b107331cab/screenshot - {}
RESULT: {}
]]></system-out>
    </testcase>
    <testcase classname="chrome.135_0_7049_96.windows.Sanity_Tests_US104253" name="Should open Manage Classifications page" time="33.223">
      <system-out><![CDATA[
COMMAND: POST /session/ff5c7e255a5f22217e9e71b107331cab/execute/async - {"script":"<script> [1562 bytes]","args":[{"selector":{"controlType":"sap.m.GenericTile","properties":{"header":"Manage Classifications"}},"wdio_ui5_key":"sapm.GenericTile{\"header\":\"Manage Classifications\"}"}]}
RESULT: {"script":"<script> [1562 bytes]","args":[{"selector":{"controlType":"sap.m.GenericTile","properties":{"header":"Manage Classifications"}},"wdio_ui5_key":"sapm.GenericTile{\"header\":\"Manage Classifications\"}"}]}
RESULT: undefined
COMMAND: POST /session/ff5c7e255a5f22217e9e71b107331cab/element - {"using":"xpath","value":"//*[@id=\"__tile115\"]"}
RESULT: {"using":"xpath","value":"//*[@id=\"__tile115\"]"}
COMMAND: POST /session/ff5c7e255a5f22217e9e71b107331cab/element/f.B606A59DB483FA8DF8D5F24B3E927ED2.d.18EA548975DD67D9600C57718FBE539B.e.4395/click - {}
RESULT: {}
COMMAND: GET /session/ff5c7e255a5f22217e9e71b107331cab/screenshot - {}
RESULT: {}
RESULT: undefined
COMMAND: POST /session/ff5c7e255a5f22217e9e71b107331cab/element - {"using":"xpath","value":"//*[@id=\"__tile115\"]"}
RESULT: {"using":"xpath","value":"//*[@id=\"__tile115\"]"}
COMMAND: POST /session/ff5c7e255a5f22217e9e71b107331cab/element/f.B606A59DB483FA8DF8D5F24B3E927ED2.d.18EA548975DD67D9600C57718FBE539B.e.4395/click - {}
RESULT: undefined
COMMAND: POST /session/ff5c7e255a5f22217e9e71b107331cab/element - {"using":"xpath","value":"//*[@id=\"__tile115\"]"}
RESULT: {"using":"xpath","value":"//*[@id=\"__tile115\"]"}
COMMAND: POST /session/ff5c7e255a5f22217e9e71b107331cab/element/f.B606A59DB483FA8DF8D5F24B3E927ED2.d.18EA548975DD67D9600C57718FBE539B.e.4395/click - {}
RESULT: undefined
COMMAND: POST /session/ff5c7e255a5f22217e9e71b107331cab/execute/async - {"script":"<script> [6424 bytes]","args":[{"element-6066-11e4-a52e-4f735466cecf":"f.B606A59DB483FA8DF8D5F24B3E927ED2.d.18EA548975DD67D9600C57718FBE539B.e.291"},"getTitle",[]]}
COMMAND: POST /session/ff5c7e255a5f22217e9e71b107331cab/execute/async - {"script":"<script> [1562 bytes]","args":[{"selector":{"id":"shellAppTitle"},"wdio_ui5_key":"shellAppTitle"}]}
RESULT: {"script":"<script> [1562 bytes]","args":[{"selector":{"id":"shellAppTitle"},"wdio_ui5_key":"shellAppTitle"}]}
COMMAND: POST /session/ff5c7e255a5f22217e9e71b107331cab/execute/async - {"script":"<script> [6424 bytes]","args":[{"element-6066-11e4-a52e-4f735466cecf":"f.B606A59DB483FA8DF8D5F24B3E927ED2.d.18EA548975DD67D9600C57718FBE539B.e.4492"},"getTitle",[]]}
RESULT: {"script":"<script> [6424 bytes]","args":[{"element-6066-11e4-a52e-4f735466cecf":"f.B606A59DB483FA8DF8D5F24B3E927ED2.d.18EA548975DD67D9600C57718FBE539B.e.4492"},"getTitle",[]]}
RESULT: undefined
COMMAND: POST /session/ff5c7e255a5f22217e9e71b107331cab/element/f.B606A59DB483FA8DF8D5F24B3E927ED2.d.18EA548975DD67D9600C57718FBE539B.e.4352/click - {}
COMMAND: POST /session/ff5c7e255a5f22217e9e71b107331cab/element - {"using":"xpath","value":"//*[@id=\"backBtn\"]"}
RESULT: {"using":"xpath","value":"//*[@id=\"backBtn\"]"}
COMMAND: POST /session/ff5c7e255a5f22217e9e71b107331cab/element/f.B606A59DB483FA8DF8D5F24B3E927ED2.d.18EA548975DD67D9600C57718FBE539B.e.4352/click - {}
COMMAND: POST /session/ff5c7e255a5f22217e9e71b107331cab/element - {"using":"xpath","value":"//*[@id=\"backBtn\"]"}
RESULT: {"using":"xpath","value":"//*[@id=\"backBtn\"]"}
COMMAND: POST /session/ff5c7e255a5f22217e9e71b107331cab/element/f.B606A59DB483FA8DF8D5F24B3E927ED2.d.18EA548975DD67D9600C57718FBE539B.e.4493/click - {}
RESULT: {}
COMMAND: GET /session/ff5c7e255a5f22217e9e71b107331cab/screenshot - {}
RESULT: {}
]]></system-out>
    </testcase>
    <testcase classname="chrome.135_0_7049_96.windows.Sanity_Tests_US104253" name="Should open Data Explorer page" time="33.121">
      <system-out><![CDATA[
COMMAND: POST /session/ff5c7e255a5f22217e9e71b107331cab/execute/async - {"script":"<script> [1562 bytes]","args":[{"selector":{"controlType":"sap.m.GenericTile","properties":{"header":"Data Explorer"}},"wdio_ui5_key":"sapm.GenericTile{\"header\":\"Data Explorer\"}"}]}
RESULT: {"script":"<script> [1562 bytes]","args":[{"selector":{"controlType":"sap.m.GenericTile","properties":{"header":"Data Explorer"}},"wdio_ui5_key":"sapm.GenericTile{\"header\":\"Data Explorer\"}"}]}
RESULT: undefined
COMMAND: POST /session/ff5c7e255a5f22217e9e71b107331cab/element - {"using":"xpath","value":"//*[@id=\"__tile117\"]"}
RESULT: {"using":"xpath","value":"//*[@id=\"__tile117\"]"}
COMMAND: POST /session/ff5c7e255a5f22217e9e71b107331cab/element/f.B606A59DB483FA8DF8D5F24B3E927ED2.d.18EA548975DD67D9600C57718FBE539B.e.4495/click - {}
RESULT: {}
COMMAND: GET /session/ff5c7e255a5f22217e9e71b107331cab/screenshot - {}
RESULT: {}
RESULT: undefined
COMMAND: POST /session/ff5c7e255a5f22217e9e71b107331cab/element - {"using":"xpath","value":"//*[@id=\"__tile117\"]"}
RESULT: {"using":"xpath","value":"//*[@id=\"__tile117\"]"}
COMMAND: POST /session/ff5c7e255a5f22217e9e71b107331cab/element/f.B606A59DB483FA8DF8D5F24B3E927ED2.d.18EA548975DD67D9600C57718FBE539B.e.4495/click - {}
RESULT: undefined
COMMAND: POST /session/ff5c7e255a5f22217e9e71b107331cab/element - {"using":"xpath","value":"//*[@id=\"__tile117\"]"}
RESULT: {"using":"xpath","value":"//*[@id=\"__tile117\"]"}
COMMAND: POST /session/ff5c7e255a5f22217e9e71b107331cab/element/f.B606A59DB483FA8DF8D5F24B3E927ED2.d.18EA548975DD67D9600C57718FBE539B.e.4495/click - {}
RESULT: undefined
COMMAND: POST /session/ff5c7e255a5f22217e9e71b107331cab/execute/async - {"script":"<script> [6424 bytes]","args":[{"element-6066-11e4-a52e-4f735466cecf":"f.B606A59DB483FA8DF8D5F24B3E927ED2.d.18EA548975DD67D9600C57718FBE539B.e.291"},"getTitle",[]]}
COMMAND: POST /session/ff5c7e255a5f22217e9e71b107331cab/execute/async - {"script":"<script> [1562 bytes]","args":[{"selector":{"id":"shellAppTitle"},"wdio_ui5_key":"shellAppTitle"}]}
RESULT: {"script":"<script> [1562 bytes]","args":[{"selector":{"id":"shellAppTitle"},"wdio_ui5_key":"shellAppTitle"}]}
COMMAND: POST /session/ff5c7e255a5f22217e9e71b107331cab/execute/async - {"script":"<script> [6424 bytes]","args":[{"element-6066-11e4-a52e-4f735466cecf":"f.B606A59DB483FA8DF8D5F24B3E927ED2.d.18EA548975DD67D9600C57718FBE539B.e.4667"},"getTitle",[]]}
RESULT: {"script":"<script> [6424 bytes]","args":[{"element-6066-11e4-a52e-4f735466cecf":"f.B606A59DB483FA8DF8D5F24B3E927ED2.d.18EA548975DD67D9600C57718FBE539B.e.4667"},"getTitle",[]]}
RESULT: undefined
COMMAND: POST /session/ff5c7e255a5f22217e9e71b107331cab/element/f.B606A59DB483FA8DF8D5F24B3E927ED2.d.18EA548975DD67D9600C57718FBE539B.e.4493/click - {}
RESULT: {}
COMMAND: GET /session/ff5c7e255a5f22217e9e71b107331cab/screenshot - {}
RESULT: {}
]]></system-out>
    </testcase>
    <testcase classname="chrome.135_0_7049_96.windows.Sanity_Tests_US104253" name="Should open Performance Monitor page" time="33.884">
      <system-out><![CDATA[
COMMAND: POST /session/ff5c7e255a5f22217e9e71b107331cab/execute/async - {"script":"<script> [1562 bytes]","args":[{"selector":{"controlType":"sap.m.GenericTile","properties":{"header":"Performance Monitor"}},"wdio_ui5_key":"sapm.GenericTile{\"header\":\"Performance Monitor\"}"}]}
RESULT: {"script":"<script> [1562 bytes]","args":[{"selector":{"controlType":"sap.m.GenericTile","properties":{"header":"Performance Monitor"}},"wdio_ui5_key":"sapm.GenericTile{\"header\":\"Performance Monitor\"}"}]}
RESULT: undefined
COMMAND: POST /session/ff5c7e255a5f22217e9e71b107331cab/element - {"using":"xpath","value":"//*[@id=\"__tile116\"]"}
RESULT: {"using":"xpath","value":"//*[@id=\"__tile116\"]"}
COMMAND: POST /session/ff5c7e255a5f22217e9e71b107331cab/element/f.B606A59DB483FA8DF8D5F24B3E927ED2.d.18EA548975DD67D9600C57718FBE539B.e.4669/click - {}
RESULT: {}
COMMAND: GET /session/ff5c7e255a5f22217e9e71b107331cab/screenshot - {}
RESULT: {}
RESULT: undefined
COMMAND: POST /session/ff5c7e255a5f22217e9e71b107331cab/element - {"using":"xpath","value":"//*[@id=\"__tile116\"]"}
RESULT: {"using":"xpath","value":"//*[@id=\"__tile116\"]"}
COMMAND: POST /session/ff5c7e255a5f22217e9e71b107331cab/element/f.B606A59DB483FA8DF8D5F24B3E927ED2.d.18EA548975DD67D9600C57718FBE539B.e.4669/click - {}
RESULT: undefined
COMMAND: POST /session/ff5c7e255a5f22217e9e71b107331cab/element - {"using":"xpath","value":"//*[@id=\"__tile116\"]"}
RESULT: {"using":"xpath","value":"//*[@id=\"__tile116\"]"}
COMMAND: POST /session/ff5c7e255a5f22217e9e71b107331cab/element/f.B606A59DB483FA8DF8D5F24B3E927ED2.d.18EA548975DD67D9600C57718FBE539B.e.4669/click - {}
RESULT: undefined
COMMAND: POST /session/ff5c7e255a5f22217e9e71b107331cab/execute/async - {"script":"<script> [6424 bytes]","args":[{"element-6066-11e4-a52e-4f735466cecf":"f.B606A59DB483FA8DF8D5F24B3E927ED2.d.18EA548975DD67D9600C57718FBE539B.e.291"},"getTitle",[]]}
COMMAND: POST /session/ff5c7e255a5f22217e9e71b107331cab/execute/async - {"script":"<script> [1562 bytes]","args":[{"selector":{"id":"shellAppTitle"},"wdio_ui5_key":"shellAppTitle"}]}
RESULT: {"script":"<script> [1562 bytes]","args":[{"selector":{"id":"shellAppTitle"},"wdio_ui5_key":"shellAppTitle"}]}
COMMAND: POST /session/ff5c7e255a5f22217e9e71b107331cab/execute/async - {"script":"<script> [6424 bytes]","args":[{"element-6066-11e4-a52e-4f735466cecf":"f.B606A59DB483FA8DF8D5F24B3E927ED2.d.18EA548975DD67D9600C57718FBE539B.e.4710"},"getTitle",[]]}
RESULT: {"script":"<script> [6424 bytes]","args":[{"element-6066-11e4-a52e-4f735466cecf":"f.B606A59DB483FA8DF8D5F24B3E927ED2.d.18EA548975DD67D9600C57718FBE539B.e.4710"},"getTitle",[]]}
RESULT: undefined
COMMAND: POST /session/ff5c7e255a5f22217e9e71b107331cab/element/f.B606A59DB483FA8DF8D5F24B3E927ED2.d.18EA548975DD67D9600C57718FBE539B.e.4493/click - {}
COMMAND: POST /session/ff5c7e255a5f22217e9e71b107331cab/element - {"using":"xpath","value":"//*[@id=\"backBtn\"]"}
RESULT: {"using":"xpath","value":"//*[@id=\"backBtn\"]"}
COMMAND: POST /session/ff5c7e255a5f22217e9e71b107331cab/element/f.B606A59DB483FA8DF8D5F24B3E927ED2.d.18EA548975DD67D9600C57718FBE539B.e.4493/click - {}
COMMAND: POST /session/ff5c7e255a5f22217e9e71b107331cab/element - {"using":"xpath","value":"//*[@id=\"backBtn\"]"}
RESULT: {"using":"xpath","value":"//*[@id=\"backBtn\"]"}
COMMAND: POST /session/ff5c7e255a5f22217e9e71b107331cab/element/f.B606A59DB483FA8DF8D5F24B3E927ED2.d.18EA548975DD67D9600C57718FBE539B.e.4711/click - {}
RESULT: {}
COMMAND: GET /session/ff5c7e255a5f22217e9e71b107331cab/screenshot - {}
RESULT: {}
]]></system-out>
    </testcase>
    <testcase classname="chrome.135_0_7049_96.windows.Sanity_Tests_US104253" name="Should open Organizational Model page" time="32.939">
      <system-out><![CDATA[
COMMAND: POST /session/ff5c7e255a5f22217e9e71b107331cab/execute/async - {"script":"<script> [1562 bytes]","args":[{"selector":{"controlType":"sap.m.GenericTile","properties":{"header":"Organizational Model"}},"wdio_ui5_key":"sapm.GenericTile{\"header\":\"Organizational Model\"}"}]}
RESULT: {"script":"<script> [1562 bytes]","args":[{"selector":{"controlType":"sap.m.GenericTile","properties":{"header":"Organizational Model"}},"wdio_ui5_key":"sapm.GenericTile{\"header\":\"Organizational Model\"}"}]}
RESULT: undefined
COMMAND: POST /session/ff5c7e255a5f22217e9e71b107331cab/element - {"using":"xpath","value":"//*[@id=\"__tile120\"]"}
RESULT: {"using":"xpath","value":"//*[@id=\"__tile120\"]"}
COMMAND: POST /session/ff5c7e255a5f22217e9e71b107331cab/element/f.B606A59DB483FA8DF8D5F24B3E927ED2.d.18EA548975DD67D9600C57718FBE539B.e.4713/click - {}
RESULT: {}
COMMAND: GET /session/ff5c7e255a5f22217e9e71b107331cab/screenshot - {}
RESULT: {}
RESULT: undefined
COMMAND: POST /session/ff5c7e255a5f22217e9e71b107331cab/element - {"using":"xpath","value":"//*[@id=\"__tile120\"]"}
RESULT: {"using":"xpath","value":"//*[@id=\"__tile120\"]"}
COMMAND: POST /session/ff5c7e255a5f22217e9e71b107331cab/element/f.B606A59DB483FA8DF8D5F24B3E927ED2.d.18EA548975DD67D9600C57718FBE539B.e.4713/click - {}
RESULT: undefined
COMMAND: POST /session/ff5c7e255a5f22217e9e71b107331cab/element - {"using":"xpath","value":"//*[@id=\"__tile120\"]"}
RESULT: {"using":"xpath","value":"//*[@id=\"__tile120\"]"}
COMMAND: POST /session/ff5c7e255a5f22217e9e71b107331cab/element/f.B606A59DB483FA8DF8D5F24B3E927ED2.d.18EA548975DD67D9600C57718FBE539B.e.4713/click - {}
RESULT: undefined
COMMAND: POST /session/ff5c7e255a5f22217e9e71b107331cab/execute/async - {"script":"<script> [6424 bytes]","args":[{"element-6066-11e4-a52e-4f735466cecf":"f.B606A59DB483FA8DF8D5F24B3E927ED2.d.18EA548975DD67D9600C57718FBE539B.e.291"},"getTitle",[]]}
COMMAND: POST /session/ff5c7e255a5f22217e9e71b107331cab/execute/async - {"script":"<script> [1562 bytes]","args":[{"selector":{"id":"shellAppTitle"},"wdio_ui5_key":"shellAppTitle"}]}
RESULT: {"script":"<script> [1562 bytes]","args":[{"selector":{"id":"shellAppTitle"},"wdio_ui5_key":"shellAppTitle"}]}
COMMAND: POST /session/ff5c7e255a5f22217e9e71b107331cab/execute/async - {"script":"<script> [6424 bytes]","args":[{"element-6066-11e4-a52e-4f735466cecf":"f.B606A59DB483FA8DF8D5F24B3E927ED2.d.18EA548975DD67D9600C57718FBE539B.e.4730"},"getTitle",[]]}
RESULT: {"script":"<script> [6424 bytes]","args":[{"element-6066-11e4-a52e-4f735466cecf":"f.B606A59DB483FA8DF8D5F24B3E927ED2.d.18EA548975DD67D9600C57718FBE539B.e.4730"},"getTitle",[]]}
RESULT: undefined
COMMAND: POST /session/ff5c7e255a5f22217e9e71b107331cab/element/f.B606A59DB483FA8DF8D5F24B3E927ED2.d.18EA548975DD67D9600C57718FBE539B.e.4711/click - {}
RESULT: {}
COMMAND: GET /session/ff5c7e255a5f22217e9e71b107331cab/screenshot - {}
RESULT: {}
]]></system-out>
    </testcase>
    <testcase classname="chrome.135_0_7049_96.windows.Sanity_Tests_US104253" name="Should open Manage Roles page" time="31.41">
      <system-out><![CDATA[
COMMAND: POST /session/ff5c7e255a5f22217e9e71b107331cab/execute/async - {"script":"<script> [1562 bytes]","args":[{"selector":{"controlType":"sap.m.GenericTile","properties":{"header":"Manage Roles"}},"wdio_ui5_key":"sapm.GenericTile{\"header\":\"Manage Roles\"}"}]}
RESULT: {"script":"<script> [1562 bytes]","args":[{"selector":{"controlType":"sap.m.GenericTile","properties":{"header":"Manage Roles"}},"wdio_ui5_key":"sapm.GenericTile{\"header\":\"Manage Roles\"}"}]}
RESULT: undefined
COMMAND: POST /session/ff5c7e255a5f22217e9e71b107331cab/element - {"using":"xpath","value":"//*[@id=\"__tile119\"]"}
RESULT: {"using":"xpath","value":"//*[@id=\"__tile119\"]"}
COMMAND: POST /session/ff5c7e255a5f22217e9e71b107331cab/element/f.B606A59DB483FA8DF8D5F24B3E927ED2.d.18EA548975DD67D9600C57718FBE539B.e.4734/click - {}
RESULT: {}
COMMAND: GET /session/ff5c7e255a5f22217e9e71b107331cab/screenshot - {}
RESULT: {}
RESULT: undefined
COMMAND: POST /session/ff5c7e255a5f22217e9e71b107331cab/element - {"using":"xpath","value":"//*[@id=\"__tile119\"]"}
RESULT: {"using":"xpath","value":"//*[@id=\"__tile119\"]"}
COMMAND: POST /session/ff5c7e255a5f22217e9e71b107331cab/element/f.B606A59DB483FA8DF8D5F24B3E927ED2.d.18EA548975DD67D9600C57718FBE539B.e.4734/click - {}
RESULT: undefined
COMMAND: POST /session/ff5c7e255a5f22217e9e71b107331cab/element - {"using":"xpath","value":"//*[@id=\"__tile119\"]"}
RESULT: {"using":"xpath","value":"//*[@id=\"__tile119\"]"}
COMMAND: POST /session/ff5c7e255a5f22217e9e71b107331cab/element/f.B606A59DB483FA8DF8D5F24B3E927ED2.d.18EA548975DD67D9600C57718FBE539B.e.4734/click - {}
RESULT: undefined
COMMAND: POST /session/ff5c7e255a5f22217e9e71b107331cab/execute/async - {"script":"<script> [6424 bytes]","args":[{"element-6066-11e4-a52e-4f735466cecf":"f.B606A59DB483FA8DF8D5F24B3E927ED2.d.18EA548975DD67D9600C57718FBE539B.e.291"},"getTitle",[]]}
COMMAND: POST /session/ff5c7e255a5f22217e9e71b107331cab/execute/async - {"script":"<script> [1562 bytes]","args":[{"selector":{"id":"shellAppTitle"},"wdio_ui5_key":"shellAppTitle"}]}
RESULT: {"script":"<script> [1562 bytes]","args":[{"selector":{"id":"shellAppTitle"},"wdio_ui5_key":"shellAppTitle"}]}
COMMAND: POST /session/ff5c7e255a5f22217e9e71b107331cab/execute/async - {"script":"<script> [6424 bytes]","args":[{"element-6066-11e4-a52e-4f735466cecf":"f.B606A59DB483FA8DF8D5F24B3E927ED2.d.18EA548975DD67D9600C57718FBE539B.e.4779"},"getTitle",[]]}
RESULT: {"script":"<script> [6424 bytes]","args":[{"element-6066-11e4-a52e-4f735466cecf":"f.B606A59DB483FA8DF8D5F24B3E927ED2.d.18EA548975DD67D9600C57718FBE539B.e.4779"},"getTitle",[]]}
RESULT: undefined
COMMAND: POST /session/ff5c7e255a5f22217e9e71b107331cab/element/f.B606A59DB483FA8DF8D5F24B3E927ED2.d.18EA548975DD67D9600C57718FBE539B.e.4711/click - {}
COMMAND: POST /session/ff5c7e255a5f22217e9e71b107331cab/element - {"using":"xpath","value":"//*[@id=\"backBtn\"]"}
RESULT: {"using":"xpath","value":"//*[@id=\"backBtn\"]"}
COMMAND: POST /session/ff5c7e255a5f22217e9e71b107331cab/element/f.B606A59DB483FA8DF8D5F24B3E927ED2.d.18EA548975DD67D9600C57718FBE539B.e.4711/click - {}
COMMAND: POST /session/ff5c7e255a5f22217e9e71b107331cab/element - {"using":"xpath","value":"//*[@id=\"backBtn\"]"}
RESULT: {"using":"xpath","value":"//*[@id=\"backBtn\"]"}
COMMAND: POST /session/ff5c7e255a5f22217e9e71b107331cab/element/f.B606A59DB483FA8DF8D5F24B3E927ED2.d.18EA548975DD67D9600C57718FBE539B.e.4780/click - {}
RESULT: {}
COMMAND: GET /session/ff5c7e255a5f22217e9e71b107331cab/screenshot - {}
RESULT: {}
]]></system-out>
    </testcase>
    <testcase classname="chrome.135_0_7049_96.windows.Sanity_Tests_US104253" name="Should open Authorization Tables page" time="38.72">
      <system-out><![CDATA[
COMMAND: POST /session/ff5c7e255a5f22217e9e71b107331cab/execute/async - {"script":"<script> [1562 bytes]","args":[{"selector":{"controlType":"sap.m.GenericTile","properties":{"header":"Authorization Tables"}},"wdio_ui5_key":"sapm.GenericTile{\"header\":\"Authorization Tables\"}"}]}
RESULT: {"script":"<script> [1562 bytes]","args":[{"selector":{"controlType":"sap.m.GenericTile","properties":{"header":"Authorization Tables"}},"wdio_ui5_key":"sapm.GenericTile{\"header\":\"Authorization Tables\"}"}]}
RESULT: undefined
COMMAND: POST /session/ff5c7e255a5f22217e9e71b107331cab/element - {"using":"xpath","value":"//*[@id=\"__tile118\"]"}
RESULT: {"using":"xpath","value":"//*[@id=\"__tile118\"]"}
COMMAND: POST /session/ff5c7e255a5f22217e9e71b107331cab/element/f.B606A59DB483FA8DF8D5F24B3E927ED2.d.18EA548975DD67D9600C57718FBE539B.e.4782/click - {}
RESULT: {}
COMMAND: GET /session/ff5c7e255a5f22217e9e71b107331cab/screenshot - {}
RESULT: {}
RESULT: undefined
COMMAND: POST /session/ff5c7e255a5f22217e9e71b107331cab/element - {"using":"xpath","value":"//*[@id=\"__tile118\"]"}
RESULT: {"using":"xpath","value":"//*[@id=\"__tile118\"]"}
COMMAND: POST /session/ff5c7e255a5f22217e9e71b107331cab/element/f.B606A59DB483FA8DF8D5F24B3E927ED2.d.18EA548975DD67D9600C57718FBE539B.e.4782/click - {}
RESULT: undefined
COMMAND: POST /session/ff5c7e255a5f22217e9e71b107331cab/element - {"using":"xpath","value":"//*[@id=\"__tile118\"]"}
RESULT: {"using":"xpath","value":"//*[@id=\"__tile118\"]"}
COMMAND: POST /session/ff5c7e255a5f22217e9e71b107331cab/element/f.B606A59DB483FA8DF8D5F24B3E927ED2.d.18EA548975DD67D9600C57718FBE539B.e.4782/click - {}
RESULT: undefined
COMMAND: POST /session/ff5c7e255a5f22217e9e71b107331cab/execute/async - {"script":"<script> [6424 bytes]","args":[{"element-6066-11e4-a52e-4f735466cecf":"f.B606A59DB483FA8DF8D5F24B3E927ED2.d.18EA548975DD67D9600C57718FBE539B.e.291"},"getTitle",[]]}
COMMAND: POST /session/ff5c7e255a5f22217e9e71b107331cab/execute/async - {"script":"<script> [1562 bytes]","args":[{"selector":{"id":"shellAppTitle"},"wdio_ui5_key":"shellAppTitle"}]}
RESULT: {"script":"<script> [1562 bytes]","args":[{"selector":{"id":"shellAppTitle"},"wdio_ui5_key":"shellAppTitle"}]}
COMMAND: POST /session/ff5c7e255a5f22217e9e71b107331cab/execute/async - {"script":"<script> [6424 bytes]","args":[{"element-6066-11e4-a52e-4f735466cecf":"f.B606A59DB483FA8DF8D5F24B3E927ED2.d.18EA548975DD67D9600C57718FBE539B.e.4868"},"getTitle",[]]}
RESULT: {"script":"<script> [6424 bytes]","args":[{"element-6066-11e4-a52e-4f735466cecf":"f.B606A59DB483FA8DF8D5F24B3E927ED2.d.18EA548975DD67D9600C57718FBE539B.e.4868"},"getTitle",[]]}
RESULT: undefined
COMMAND: POST /session/ff5c7e255a5f22217e9e71b107331cab/element/f.B606A59DB483FA8DF8D5F24B3E927ED2.d.18EA548975DD67D9600C57718FBE539B.e.4780/click - {}
RESULT: {}
COMMAND: GET /session/ff5c7e255a5f22217e9e71b107331cab/screenshot - {}
RESULT: {}
]]></system-out>
    </testcase>
    <testcase classname="chrome.135_0_7049_96.windows.Sanity_Tests_US104253" name="Should open User Maintenance page" time="32.725">
      <system-out><![CDATA[
COMMAND: POST /session/ff5c7e255a5f22217e9e71b107331cab/execute/async - {"script":"<script> [1562 bytes]","args":[{"selector":{"controlType":"sap.m.GenericTile","properties":{"header":"User Maintenance"}},"wdio_ui5_key":"sapm.GenericTile{\"header\":\"User Maintenance\"}"}]}
RESULT: {"script":"<script> [1562 bytes]","args":[{"selector":{"controlType":"sap.m.GenericTile","properties":{"header":"User Maintenance"}},"wdio_ui5_key":"sapm.GenericTile{\"header\":\"User Maintenance\"}"}]}
RESULT: undefined
COMMAND: POST /session/ff5c7e255a5f22217e9e71b107331cab/element - {"using":"xpath","value":"//*[@id=\"__tile121\"]"}
RESULT: {"using":"xpath","value":"//*[@id=\"__tile121\"]"}
COMMAND: POST /session/ff5c7e255a5f22217e9e71b107331cab/element/f.B606A59DB483FA8DF8D5F24B3E927ED2.d.18EA548975DD67D9600C57718FBE539B.e.4870/click - {}
RESULT: {}
COMMAND: GET /session/ff5c7e255a5f22217e9e71b107331cab/screenshot - {}
RESULT: {}
RESULT: undefined
COMMAND: POST /session/ff5c7e255a5f22217e9e71b107331cab/element - {"using":"xpath","value":"//*[@id=\"__tile121\"]"}
RESULT: {"using":"xpath","value":"//*[@id=\"__tile121\"]"}
COMMAND: POST /session/ff5c7e255a5f22217e9e71b107331cab/element/f.B606A59DB483FA8DF8D5F24B3E927ED2.d.18EA548975DD67D9600C57718FBE539B.e.4870/click - {}
RESULT: undefined
COMMAND: POST /session/ff5c7e255a5f22217e9e71b107331cab/element - {"using":"xpath","value":"//*[@id=\"__tile121\"]"}
RESULT: {"using":"xpath","value":"//*[@id=\"__tile121\"]"}
COMMAND: POST /session/ff5c7e255a5f22217e9e71b107331cab/element/f.B606A59DB483FA8DF8D5F24B3E927ED2.d.18EA548975DD67D9600C57718FBE539B.e.4870/click - {}
RESULT: undefined
COMMAND: POST /session/ff5c7e255a5f22217e9e71b107331cab/execute/async - {"script":"<script> [6424 bytes]","args":[{"element-6066-11e4-a52e-4f735466cecf":"f.B606A59DB483FA8DF8D5F24B3E927ED2.d.18EA548975DD67D9600C57718FBE539B.e.291"},"getTitle",[]]}
COMMAND: POST /session/ff5c7e255a5f22217e9e71b107331cab/execute/async - {"script":"<script> [1562 bytes]","args":[{"selector":{"id":"shellAppTitle"},"wdio_ui5_key":"shellAppTitle"}]}
RESULT: {"script":"<script> [1562 bytes]","args":[{"selector":{"id":"shellAppTitle"},"wdio_ui5_key":"shellAppTitle"}]}
COMMAND: POST /session/ff5c7e255a5f22217e9e71b107331cab/execute/async - {"script":"<script> [6424 bytes]","args":[{"element-6066-11e4-a52e-4f735466cecf":"f.B606A59DB483FA8DF8D5F24B3E927ED2.d.18EA548975DD67D9600C57718FBE539B.e.4962"},"getTitle",[]]}
RESULT: {"script":"<script> [6424 bytes]","args":[{"element-6066-11e4-a52e-4f735466cecf":"f.B606A59DB483FA8DF8D5F24B3E927ED2.d.18EA548975DD67D9600C57718FBE539B.e.4962"},"getTitle",[]]}
RESULT: undefined
COMMAND: POST /session/ff5c7e255a5f22217e9e71b107331cab/element/f.B606A59DB483FA8DF8D5F24B3E927ED2.d.18EA548975DD67D9600C57718FBE539B.e.4780/click - {}
COMMAND: POST /session/ff5c7e255a5f22217e9e71b107331cab/element - {"using":"xpath","value":"//*[@id=\"backBtn\"]"}
RESULT: {"using":"xpath","value":"//*[@id=\"backBtn\"]"}
COMMAND: POST /session/ff5c7e255a5f22217e9e71b107331cab/element/f.B606A59DB483FA8DF8D5F24B3E927ED2.d.18EA548975DD67D9600C57718FBE539B.e.4780/click - {}
COMMAND: POST /session/ff5c7e255a5f22217e9e71b107331cab/element - {"using":"xpath","value":"//*[@id=\"backBtn\"]"}
RESULT: {"using":"xpath","value":"//*[@id=\"backBtn\"]"}
COMMAND: POST /session/ff5c7e255a5f22217e9e71b107331cab/element/f.B606A59DB483FA8DF8D5F24B3E927ED2.d.18EA548975DD67D9600C57718FBE539B.e.4963/click - {}
RESULT: {}
COMMAND: GET /session/ff5c7e255a5f22217e9e71b107331cab/screenshot - {}
RESULT: {}
]]></system-out>
    </testcase>
    <testcase classname="chrome.135_0_7049_96.windows.Sanity_Tests_US104253" name="Should open Schedule Jobs page" time="25.959">
      <system-out><![CDATA[
COMMAND: POST /session/ff5c7e255a5f22217e9e71b107331cab/execute/async - {"script":"<script> [1562 bytes]","args":[{"selector":{"controlType":"sap.m.GenericTile","properties":{"header":"Schedule Jobs"}},"wdio_ui5_key":"sapm.GenericTile{\"header\":\"Schedule Jobs\"}"}]}
RESULT: {"script":"<script> [1562 bytes]","args":[{"selector":{"controlType":"sap.m.GenericTile","properties":{"header":"Schedule Jobs"}},"wdio_ui5_key":"sapm.GenericTile{\"header\":\"Schedule Jobs\"}"}]}
RESULT: undefined
COMMAND: POST /session/ff5c7e255a5f22217e9e71b107331cab/element - {"using":"xpath","value":"//*[@id=\"__tile127\"]"}
RESULT: {"using":"xpath","value":"//*[@id=\"__tile127\"]"}
COMMAND: POST /session/ff5c7e255a5f22217e9e71b107331cab/element/f.B606A59DB483FA8DF8D5F24B3E927ED2.d.18EA548975DD67D9600C57718FBE539B.e.4967/click - {}
RESULT: {}
COMMAND: GET /session/ff5c7e255a5f22217e9e71b107331cab/screenshot - {}
RESULT: {}
RESULT: undefined
COMMAND: POST /session/ff5c7e255a5f22217e9e71b107331cab/element - {"using":"xpath","value":"//*[@id=\"__tile127\"]"}
RESULT: {"using":"xpath","value":"//*[@id=\"__tile127\"]"}
COMMAND: POST /session/ff5c7e255a5f22217e9e71b107331cab/element/f.B606A59DB483FA8DF8D5F24B3E927ED2.d.18EA548975DD67D9600C57718FBE539B.e.4967/click - {}
RESULT: undefined
COMMAND: POST /session/ff5c7e255a5f22217e9e71b107331cab/element - {"using":"xpath","value":"//*[@id=\"__tile127\"]"}
RESULT: {"using":"xpath","value":"//*[@id=\"__tile127\"]"}
COMMAND: POST /session/ff5c7e255a5f22217e9e71b107331cab/element/f.B606A59DB483FA8DF8D5F24B3E927ED2.d.18EA548975DD67D9600C57718FBE539B.e.4967/click - {}
RESULT: undefined
COMMAND: POST /session/ff5c7e255a5f22217e9e71b107331cab/execute/async - {"script":"<script> [6424 bytes]","args":[{"element-6066-11e4-a52e-4f735466cecf":"f.B606A59DB483FA8DF8D5F24B3E927ED2.d.18EA548975DD67D9600C57718FBE539B.e.291"},"getTitle",[]]}
COMMAND: POST /session/ff5c7e255a5f22217e9e71b107331cab/execute/async - {"script":"<script> [1562 bytes]","args":[{"selector":{"id":"shellAppTitle"},"wdio_ui5_key":"shellAppTitle"}]}
RESULT: {"script":"<script> [1562 bytes]","args":[{"selector":{"id":"shellAppTitle"},"wdio_ui5_key":"shellAppTitle"}]}
COMMAND: POST /session/ff5c7e255a5f22217e9e71b107331cab/execute/async - {"script":"<script> [6424 bytes]","args":[{"element-6066-11e4-a52e-4f735466cecf":"f.B606A59DB483FA8DF8D5F24B3E927ED2.d.18EA548975DD67D9600C57718FBE539B.e.5041"},"getTitle",[]]}
RESULT: {"script":"<script> [6424 bytes]","args":[{"element-6066-11e4-a52e-4f735466cecf":"f.B606A59DB483FA8DF8D5F24B3E927ED2.d.18EA548975DD67D9600C57718FBE539B.e.5041"},"getTitle",[]]}
RESULT: undefined
COMMAND: POST /session/ff5c7e255a5f22217e9e71b107331cab/element/f.B606A59DB483FA8DF8D5F24B3E927ED2.d.18EA548975DD67D9600C57718FBE539B.e.4963/click - {}
COMMAND: POST /session/ff5c7e255a5f22217e9e71b107331cab/element/f.B606A59DB483FA8DF8D5F24B3E927ED2.d.18EA548975DD67D9600C57718FBE539B.e.4963/click - {}
RESULT: {}
COMMAND: GET /session/ff5c7e255a5f22217e9e71b107331cab/screenshot - {}
COMMAND: POST /session/ff5c7e255a5f22217e9e71b107331cab/element - {"using":"xpath","value":"//*[@id=\"backBtn\"]"}
RESULT: {}
RESULT: {"using":"xpath","value":"//*[@id=\"backBtn\"]"}
COMMAND: POST /session/ff5c7e255a5f22217e9e71b107331cab/elements - {"using":"xpath","value":"//*[@id=\"backBtn\"]"}
RESULT: {"using":"xpath","value":"//*[@id=\"backBtn\"]"}
COMMAND: POST /session/ff5c7e255a5f22217e9e71b107331cab/elements - {"using":"xpath","value":"//*[@id=\"backBtn\"]"}
RESULT: {"using":"xpath","value":"//*[@id=\"backBtn\"]"}
COMMAND: POST /session/ff5c7e255a5f22217e9e71b107331cab/elements - {"using":"xpath","value":"//*[@id=\"backBtn\"]"}
RESULT: {"using":"xpath","value":"//*[@id=\"backBtn\"]"}
COMMAND: POST /session/ff5c7e255a5f22217e9e71b107331cab/elements - {"using":"xpath","value":"//*[@id=\"backBtn\"]"}
RESULT: {"using":"xpath","value":"//*[@id=\"backBtn\"]"}
COMMAND: POST /session/ff5c7e255a5f22217e9e71b107331cab/elements - {"using":"xpath","value":"//*[@id=\"backBtn\"]"}
RESULT: {"using":"xpath","value":"//*[@id=\"backBtn\"]"}
COMMAND: POST /session/ff5c7e255a5f22217e9e71b107331cab/elements - {"using":"xpath","value":"//*[@id=\"backBtn\"]"}
RESULT: {"using":"xpath","value":"//*[@id=\"backBtn\"]"}
COMMAND: POST /session/ff5c7e255a5f22217e9e71b107331cab/elements - {"using":"xpath","value":"//*[@id=\"backBtn\"]"}
RESULT: {"using":"xpath","value":"//*[@id=\"backBtn\"]"}
COMMAND: POST /session/ff5c7e255a5f22217e9e71b107331cab/elements - {"using":"xpath","value":"//*[@id=\"backBtn\"]"}
RESULT: {"using":"xpath","value":"//*[@id=\"backBtn\"]"}
COMMAND: POST /session/ff5c7e255a5f22217e9e71b107331cab/elements - {"using":"xpath","value":"//*[@id=\"backBtn\"]"}
RESULT: {"using":"xpath","value":"//*[@id=\"backBtn\"]"}
COMMAND: POST /session/ff5c7e255a5f22217e9e71b107331cab/elements - {"using":"xpath","value":"//*[@id=\"backBtn\"]"}
RESULT: {"using":"xpath","value":"//*[@id=\"backBtn\"]"}
COMMAND: POST /session/ff5c7e255a5f22217e9e71b107331cab/elements - {"using":"xpath","value":"//*[@id=\"backBtn\"]"}
RESULT: {"using":"xpath","value":"//*[@id=\"backBtn\"]"}
COMMAND: POST /session/ff5c7e255a5f22217e9e71b107331cab/elements - {"using":"xpath","value":"//*[@id=\"backBtn\"]"}
RESULT: {"using":"xpath","value":"//*[@id=\"backBtn\"]"}
COMMAND: POST /session/ff5c7e255a5f22217e9e71b107331cab/elements - {"using":"xpath","value":"//*[@id=\"backBtn\"]"}
RESULT: {"using":"xpath","value":"//*[@id=\"backBtn\"]"}
COMMAND: POST /session/ff5c7e255a5f22217e9e71b107331cab/elements - {"using":"xpath","value":"//*[@id=\"backBtn\"]"}
RESULT: {"using":"xpath","value":"//*[@id=\"backBtn\"]"}
COMMAND: POST /session/ff5c7e255a5f22217e9e71b107331cab/elements - {"using":"xpath","value":"//*[@id=\"backBtn\"]"}
RESULT: {"using":"xpath","value":"//*[@id=\"backBtn\"]"}
COMMAND: POST /session/ff5c7e255a5f22217e9e71b107331cab/elements - {"using":"xpath","value":"//*[@id=\"backBtn\"]"}
RESULT: {"using":"xpath","value":"//*[@id=\"backBtn\"]"}
COMMAND: POST /session/ff5c7e255a5f22217e9e71b107331cab/elements - {"using":"xpath","value":"//*[@id=\"backBtn\"]"}
RESULT: {"using":"xpath","value":"//*[@id=\"backBtn\"]"}
COMMAND: POST /session/ff5c7e255a5f22217e9e71b107331cab/elements - {"using":"xpath","value":"//*[@id=\"backBtn\"]"}
RESULT: {"using":"xpath","value":"//*[@id=\"backBtn\"]"}
]]></system-out>
    </testcase>
    <testcase classname="chrome.135_0_7049_96.windows.Sanity_Tests_US104253" name="Should open Jobs Setup page" time="26.079">
      <system-out><![CDATA[
COMMAND: POST /session/ff5c7e255a5f22217e9e71b107331cab/elements - {"using":"xpath","value":"//*[@id=\"backBtn\"]"}
RESULT: {"using":"xpath","value":"//*[@id=\"backBtn\"]"}
COMMAND: POST /session/ff5c7e255a5f22217e9e71b107331cab/execute/async - {"script":"<script> [1562 bytes]","args":[{"selector":{"controlType":"sap.m.GenericTile","properties":{"header":"Jobs Setup"}},"wdio_ui5_key":"sapm.GenericTile{\"header\":\"Jobs Setup\"}"}]}
COMMAND: POST /session/ff5c7e255a5f22217e9e71b107331cab/elements - {"using":"xpath","value":"//*[@id=\"backBtn\"]"}
RESULT: {"script":"<script> [1562 bytes]","args":[{"selector":{"controlType":"sap.m.GenericTile","properties":{"header":"Jobs Setup"}},"wdio_ui5_key":"sapm.GenericTile{\"header\":\"Jobs Setup\"}"}]}
RESULT: undefined
COMMAND: POST /session/ff5c7e255a5f22217e9e71b107331cab/element - {"using":"xpath","value":"//*[@id=\"__tile128\"]"}
RESULT: {"using":"xpath","value":"//*[@id=\"backBtn\"]"}
RESULT: {"using":"xpath","value":"//*[@id=\"__tile128\"]"}
COMMAND: POST /session/ff5c7e255a5f22217e9e71b107331cab/element/f.B606A59DB483FA8DF8D5F24B3E927ED2.d.18EA548975DD67D9600C57718FBE539B.e.5043/click - {}
RESULT: {}
COMMAND: GET /session/ff5c7e255a5f22217e9e71b107331cab/screenshot - {}
COMMAND: POST /session/ff5c7e255a5f22217e9e71b107331cab/elements - {"using":"xpath","value":"//*[@id=\"backBtn\"]"}
RESULT: {}
RESULT: {"using":"xpath","value":"//*[@id=\"backBtn\"]"}
COMMAND: POST /session/ff5c7e255a5f22217e9e71b107331cab/element - {"using":"xpath","value":"//*[@id=\"backBtn\"]"}
RESULT: {"using":"xpath","value":"//*[@id=\"backBtn\"]"}
COMMAND: POST /session/ff5c7e255a5f22217e9e71b107331cab/element/f.B606A59DB483FA8DF8D5F24B3E927ED2.d.18EA548975DD67D9600C57718FBE539B.e.4963/click - {}
COMMAND: POST /session/ff5c7e255a5f22217e9e71b107331cab/element - {"using":"xpath","value":"//*[@id=\"backBtn\"]"}
RESULT: {"using":"xpath","value":"//*[@id=\"backBtn\"]"}
COMMAND: POST /session/ff5c7e255a5f22217e9e71b107331cab/element/f.B606A59DB483FA8DF8D5F24B3E927ED2.d.18EA548975DD67D9600C57718FBE539B.e.5098/click - {}
RESULT: {}
COMMAND: GET /session/ff5c7e255a5f22217e9e71b107331cab/screenshot - {}
RESULT: {}
RESULT: undefined
COMMAND: POST /session/ff5c7e255a5f22217e9e71b107331cab/element - {"using":"xpath","value":"//*[@id=\"__tile128\"]"}
RESULT: {"using":"xpath","value":"//*[@id=\"__tile128\"]"}
COMMAND: POST /session/ff5c7e255a5f22217e9e71b107331cab/element/f.B606A59DB483FA8DF8D5F24B3E927ED2.d.18EA548975DD67D9600C57718FBE539B.e.5043/click - {}
RESULT: undefined
COMMAND: POST /session/ff5c7e255a5f22217e9e71b107331cab/element - {"using":"xpath","value":"//*[@id=\"__tile128\"]"}
RESULT: {"using":"xpath","value":"//*[@id=\"__tile128\"]"}
COMMAND: POST /session/ff5c7e255a5f22217e9e71b107331cab/element/f.B606A59DB483FA8DF8D5F24B3E927ED2.d.18EA548975DD67D9600C57718FBE539B.e.5043/click - {}
RESULT: undefined
COMMAND: POST /session/ff5c7e255a5f22217e9e71b107331cab/execute/async - {"script":"<script> [6424 bytes]","args":[{"element-6066-11e4-a52e-4f735466cecf":"f.B606A59DB483FA8DF8D5F24B3E927ED2.d.18EA548975DD67D9600C57718FBE539B.e.291"},"getTitle",[]]}
COMMAND: POST /session/ff5c7e255a5f22217e9e71b107331cab/execute/async - {"script":"<script> [1562 bytes]","args":[{"selector":{"id":"shellAppTitle"},"wdio_ui5_key":"shellAppTitle"}]}
RESULT: {"script":"<script> [1562 bytes]","args":[{"selector":{"id":"shellAppTitle"},"wdio_ui5_key":"shellAppTitle"}]}
COMMAND: POST /session/ff5c7e255a5f22217e9e71b107331cab/execute/async - {"script":"<script> [6424 bytes]","args":[{"element-6066-11e4-a52e-4f735466cecf":"f.B606A59DB483FA8DF8D5F24B3E927ED2.d.18EA548975DD67D9600C57718FBE539B.e.5237"},"getTitle",[]]}
RESULT: {"script":"<script> [6424 bytes]","args":[{"element-6066-11e4-a52e-4f735466cecf":"f.B606A59DB483FA8DF8D5F24B3E927ED2.d.18EA548975DD67D9600C57718FBE539B.e.5237"},"getTitle",[]]}
RESULT: undefined
COMMAND: POST /session/ff5c7e255a5f22217e9e71b107331cab/element/f.B606A59DB483FA8DF8D5F24B3E927ED2.d.18EA548975DD67D9600C57718FBE539B.e.5098/click - {}
COMMAND: POST /session/ff5c7e255a5f22217e9e71b107331cab/element/f.B606A59DB483FA8DF8D5F24B3E927ED2.d.18EA548975DD67D9600C57718FBE539B.e.5098/click - {}
RESULT: {}
COMMAND: GET /session/ff5c7e255a5f22217e9e71b107331cab/screenshot - {}
RESULT: {}
COMMAND: GET /session/ff5c7e255a5f22217e9e71b107331cab/screenshot - {}
RESULT: {}
RESULT: {}
]]></system-out>
    </testcase>
    <testcase classname="chrome.135_0_7049_96.windows.Sanity_Tests_US104253" name="Should open Target Systems Configuration page" time="25.811">
      <system-out><![CDATA[
COMMAND: POST /session/ff5c7e255a5f22217e9e71b107331cab/execute/async - {"script":"<script> [1562 bytes]","args":[{"selector":{"controlType":"sap.m.GenericTile","properties":{"header":"Target Systems Configuration"}},"wdio_ui5_key":"sapm.GenericTile{\"header\":\"Target Systems Configuration\"}"}]}
RESULT: {"script":"<script> [1562 bytes]","args":[{"selector":{"controlType":"sap.m.GenericTile","properties":{"header":"Target Systems Configuration"}},"wdio_ui5_key":"sapm.GenericTile{\"header\":\"Target Systems Configuration\"}"}]}
RESULT: undefined
COMMAND: POST /session/ff5c7e255a5f22217e9e71b107331cab/element - {"using":"xpath","value":"//*[@id=\"__tile129\"]"}
RESULT: {"using":"xpath","value":"//*[@id=\"__tile129\"]"}
COMMAND: POST /session/ff5c7e255a5f22217e9e71b107331cab/element/f.B606A59DB483FA8DF8D5F24B3E927ED2.d.18EA548975DD67D9600C57718FBE539B.e.5239/click - {}
RESULT: {}
COMMAND: GET /session/ff5c7e255a5f22217e9e71b107331cab/screenshot - {}
RESULT: {}
RESULT: undefined
COMMAND: POST /session/ff5c7e255a5f22217e9e71b107331cab/element - {"using":"xpath","value":"//*[@id=\"__tile129\"]"}
RESULT: {"using":"xpath","value":"//*[@id=\"__tile129\"]"}
COMMAND: POST /session/ff5c7e255a5f22217e9e71b107331cab/element/f.B606A59DB483FA8DF8D5F24B3E927ED2.d.18EA548975DD67D9600C57718FBE539B.e.5239/click - {}
RESULT: undefined
COMMAND: POST /session/ff5c7e255a5f22217e9e71b107331cab/element - {"using":"xpath","value":"//*[@id=\"__tile129\"]"}
RESULT: {"using":"xpath","value":"//*[@id=\"__tile129\"]"}
COMMAND: POST /session/ff5c7e255a5f22217e9e71b107331cab/element/f.B606A59DB483FA8DF8D5F24B3E927ED2.d.18EA548975DD67D9600C57718FBE539B.e.5239/click - {}
RESULT: undefined
COMMAND: POST /session/ff5c7e255a5f22217e9e71b107331cab/execute/async - {"script":"<script> [6424 bytes]","args":[{"element-6066-11e4-a52e-4f735466cecf":"f.B606A59DB483FA8DF8D5F24B3E927ED2.d.18EA548975DD67D9600C57718FBE539B.e.291"},"getTitle",[]]}
COMMAND: POST /session/ff5c7e255a5f22217e9e71b107331cab/execute/async - {"script":"<script> [1562 bytes]","args":[{"selector":{"id":"shellAppTitle"},"wdio_ui5_key":"shellAppTitle"}]}
RESULT: {"script":"<script> [1562 bytes]","args":[{"selector":{"id":"shellAppTitle"},"wdio_ui5_key":"shellAppTitle"}]}
COMMAND: POST /session/ff5c7e255a5f22217e9e71b107331cab/execute/async - {"script":"<script> [6424 bytes]","args":[{"element-6066-11e4-a52e-4f735466cecf":"f.B606A59DB483FA8DF8D5F24B3E927ED2.d.18EA548975DD67D9600C57718FBE539B.e.5295"},"getTitle",[]]}
RESULT: {"script":"<script> [6424 bytes]","args":[{"element-6066-11e4-a52e-4f735466cecf":"f.B606A59DB483FA8DF8D5F24B3E927ED2.d.18EA548975DD67D9600C57718FBE539B.e.5295"},"getTitle",[]]}
RESULT: undefined
COMMAND: POST /session/ff5c7e255a5f22217e9e71b107331cab/element/f.B606A59DB483FA8DF8D5F24B3E927ED2.d.18EA548975DD67D9600C57718FBE539B.e.5098/click - {}
COMMAND: POST /session/ff5c7e255a5f22217e9e71b107331cab/element/f.B606A59DB483FA8DF8D5F24B3E927ED2.d.18EA548975DD67D9600C57718FBE539B.e.5098/click - {}
RESULT: {}
COMMAND: GET /session/ff5c7e255a5f22217e9e71b107331cab/screenshot - {}
COMMAND: POST /session/ff5c7e255a5f22217e9e71b107331cab/element - {"using":"xpath","value":"//*[@id=\"backBtn\"]"}
RESULT: {}
RESULT: {"using":"xpath","value":"//*[@id=\"backBtn\"]"}
COMMAND: POST /session/ff5c7e255a5f22217e9e71b107331cab/elements - {"using":"xpath","value":"//*[@id=\"backBtn\"]"}
RESULT: {"using":"xpath","value":"//*[@id=\"backBtn\"]"}
COMMAND: POST /session/ff5c7e255a5f22217e9e71b107331cab/elements - {"using":"xpath","value":"//*[@id=\"backBtn\"]"}
RESULT: {"using":"xpath","value":"//*[@id=\"backBtn\"]"}
COMMAND: POST /session/ff5c7e255a5f22217e9e71b107331cab/elements - {"using":"xpath","value":"//*[@id=\"backBtn\"]"}
RESULT: {"using":"xpath","value":"//*[@id=\"backBtn\"]"}
COMMAND: POST /session/ff5c7e255a5f22217e9e71b107331cab/elements - {"using":"xpath","value":"//*[@id=\"backBtn\"]"}
RESULT: {"using":"xpath","value":"//*[@id=\"backBtn\"]"}
COMMAND: POST /session/ff5c7e255a5f22217e9e71b107331cab/elements - {"using":"xpath","value":"//*[@id=\"backBtn\"]"}
RESULT: {"using":"xpath","value":"//*[@id=\"backBtn\"]"}
COMMAND: POST /session/ff5c7e255a5f22217e9e71b107331cab/elements - {"using":"xpath","value":"//*[@id=\"backBtn\"]"}
RESULT: {"using":"xpath","value":"//*[@id=\"backBtn\"]"}
COMMAND: POST /session/ff5c7e255a5f22217e9e71b107331cab/elements - {"using":"xpath","value":"//*[@id=\"backBtn\"]"}
RESULT: {"using":"xpath","value":"//*[@id=\"backBtn\"]"}
COMMAND: POST /session/ff5c7e255a5f22217e9e71b107331cab/elements - {"using":"xpath","value":"//*[@id=\"backBtn\"]"}
RESULT: {"using":"xpath","value":"//*[@id=\"backBtn\"]"}
COMMAND: POST /session/ff5c7e255a5f22217e9e71b107331cab/elements - {"using":"xpath","value":"//*[@id=\"backBtn\"]"}
RESULT: {"using":"xpath","value":"//*[@id=\"backBtn\"]"}
COMMAND: POST /session/ff5c7e255a5f22217e9e71b107331cab/elements - {"using":"xpath","value":"//*[@id=\"backBtn\"]"}
RESULT: {"using":"xpath","value":"//*[@id=\"backBtn\"]"}
COMMAND: POST /session/ff5c7e255a5f22217e9e71b107331cab/elements - {"using":"xpath","value":"//*[@id=\"backBtn\"]"}
RESULT: {"using":"xpath","value":"//*[@id=\"backBtn\"]"}
COMMAND: POST /session/ff5c7e255a5f22217e9e71b107331cab/elements - {"using":"xpath","value":"//*[@id=\"backBtn\"]"}
RESULT: {"using":"xpath","value":"//*[@id=\"backBtn\"]"}
COMMAND: POST /session/ff5c7e255a5f22217e9e71b107331cab/elements - {"using":"xpath","value":"//*[@id=\"backBtn\"]"}
RESULT: {"using":"xpath","value":"//*[@id=\"backBtn\"]"}
COMMAND: POST /session/ff5c7e255a5f22217e9e71b107331cab/elements - {"using":"xpath","value":"//*[@id=\"backBtn\"]"}
RESULT: {"using":"xpath","value":"//*[@id=\"backBtn\"]"}
COMMAND: POST /session/ff5c7e255a5f22217e9e71b107331cab/elements - {"using":"xpath","value":"//*[@id=\"backBtn\"]"}
RESULT: {"using":"xpath","value":"//*[@id=\"backBtn\"]"}
COMMAND: POST /session/ff5c7e255a5f22217e9e71b107331cab/elements - {"using":"xpath","value":"//*[@id=\"backBtn\"]"}
RESULT: {"using":"xpath","value":"//*[@id=\"backBtn\"]"}
COMMAND: POST /session/ff5c7e255a5f22217e9e71b107331cab/elements - {"using":"xpath","value":"//*[@id=\"backBtn\"]"}
RESULT: {"using":"xpath","value":"//*[@id=\"backBtn\"]"}
COMMAND: POST /session/ff5c7e255a5f22217e9e71b107331cab/elements - {"using":"xpath","value":"//*[@id=\"backBtn\"]"}
RESULT: {"using":"xpath","value":"//*[@id=\"backBtn\"]"}
COMMAND: POST /session/ff5c7e255a5f22217e9e71b107331cab/elements - {"using":"xpath","value":"//*[@id=\"backBtn\"]"}
RESULT: {"using":"xpath","value":"//*[@id=\"backBtn\"]"}
COMMAND: POST /session/ff5c7e255a5f22217e9e71b107331cab/elements - {"using":"xpath","value":"//*[@id=\"backBtn\"]"}
RESULT: {"using":"xpath","value":"//*[@id=\"backBtn\"]"}
COMMAND: POST /session/ff5c7e255a5f22217e9e71b107331cab/elements - {"using":"xpath","value":"//*[@id=\"backBtn\"]"}
RESULT: {"using":"xpath","value":"//*[@id=\"backBtn\"]"}
COMMAND: POST /session/ff5c7e255a5f22217e9e71b107331cab/elements - {"using":"xpath","value":"//*[@id=\"backBtn\"]"}
RESULT: {"using":"xpath","value":"//*[@id=\"backBtn\"]"}
COMMAND: POST /session/ff5c7e255a5f22217e9e71b107331cab/elements - {"using":"xpath","value":"//*[@id=\"backBtn\"]"}
RESULT: {"using":"xpath","value":"//*[@id=\"backBtn\"]"}
COMMAND: POST /session/ff5c7e255a5f22217e9e71b107331cab/elements - {"using":"xpath","value":"//*[@id=\"backBtn\"]"}
RESULT: {"using":"xpath","value":"//*[@id=\"backBtn\"]"}
COMMAND: POST /session/ff5c7e255a5f22217e9e71b107331cab/elements - {"using":"xpath","value":"//*[@id=\"backBtn\"]"}
RESULT: {"using":"xpath","value":"//*[@id=\"backBtn\"]"}
COMMAND: POST /session/ff5c7e255a5f22217e9e71b107331cab/elements - {"using":"xpath","value":"//*[@id=\"backBtn\"]"}
RESULT: {"using":"xpath","value":"//*[@id=\"backBtn\"]"}
COMMAND: POST /session/ff5c7e255a5f22217e9e71b107331cab/elements - {"using":"xpath","value":"//*[@id=\"backBtn\"]"}
RESULT: {"using":"xpath","value":"//*[@id=\"backBtn\"]"}
COMMAND: POST /session/ff5c7e255a5f22217e9e71b107331cab/elements - {"using":"xpath","value":"//*[@id=\"backBtn\"]"}
RESULT: {"using":"xpath","value":"//*[@id=\"backBtn\"]"}
COMMAND: POST /session/ff5c7e255a5f22217e9e71b107331cab/elements - {"using":"xpath","value":"//*[@id=\"backBtn\"]"}
RESULT: {"using":"xpath","value":"//*[@id=\"backBtn\"]"}
COMMAND: POST /session/ff5c7e255a5f22217e9e71b107331cab/elements - {"using":"xpath","value":"//*[@id=\"backBtn\"]"}
RESULT: {"using":"xpath","value":"//*[@id=\"backBtn\"]"}
COMMAND: POST /session/ff5c7e255a5f22217e9e71b107331cab/elements - {"using":"xpath","value":"//*[@id=\"backBtn\"]"}
RESULT: {"using":"xpath","value":"//*[@id=\"backBtn\"]"}
COMMAND: POST /session/ff5c7e255a5f22217e9e71b107331cab/elements - {"using":"xpath","value":"//*[@id=\"backBtn\"]"}
RESULT: {"using":"xpath","value":"//*[@id=\"backBtn\"]"}
COMMAND: POST /session/ff5c7e255a5f22217e9e71b107331cab/elements - {"using":"xpath","value":"//*[@id=\"backBtn\"]"}
RESULT: {"using":"xpath","value":"//*[@id=\"backBtn\"]"}
COMMAND: POST /session/ff5c7e255a5f22217e9e71b107331cab/elements - {"using":"xpath","value":"//*[@id=\"backBtn\"]"}
RESULT: {"using":"xpath","value":"//*[@id=\"backBtn\"]"}
COMMAND: POST /session/ff5c7e255a5f22217e9e71b107331cab/elements - {"using":"xpath","value":"//*[@id=\"backBtn\"]"}
RESULT: {"using":"xpath","value":"//*[@id=\"backBtn\"]"}
COMMAND: POST /session/ff5c7e255a5f22217e9e71b107331cab/elements - {"using":"xpath","value":"//*[@id=\"backBtn\"]"}
RESULT: {"using":"xpath","value":"//*[@id=\"backBtn\"]"}
COMMAND: POST /session/ff5c7e255a5f22217e9e71b107331cab/elements - {"using":"xpath","value":"//*[@id=\"backBtn\"]"}
RESULT: {"using":"xpath","value":"//*[@id=\"backBtn\"]"}
COMMAND: POST /session/ff5c7e255a5f22217e9e71b107331cab/elements - {"using":"xpath","value":"//*[@id=\"backBtn\"]"}
RESULT: {"using":"xpath","value":"//*[@id=\"backBtn\"]"}
COMMAND: POST /session/ff5c7e255a5f22217e9e71b107331cab/elements - {"using":"xpath","value":"//*[@id=\"backBtn\"]"}
RESULT: {"using":"xpath","value":"//*[@id=\"backBtn\"]"}
COMMAND: DELETE /session/ff5c7e255a5f22217e9e71b107331cab - {}
COMMAND: POST /session/ff5c7e255a5f22217e9e71b107331cab/elements - {"using":"xpath","value":"//*[@id=\"backBtn\"]"}
RESULT: {}
]]></system-out>
    </testcase>
  </testsuite>
</testsuites>