<?xml version="1.0" encoding="UTF-8"?>
<testsuites tests="21" failures="0" errors="0" skipped="0">
  <testsuite timestamp="2025-05-23T17:02:26" time="424.373" tests="3" failures="0" errors="0" skipped="0">
    <properties>
      <property name="specId" value="0"/>
      <property name="suiteName" value="Create condition pricing US117289 US134625"/>
      <property name="capabilities" value="chrome.136_0_7103_93.windows"/>
      <property name="file" value="file:///D:/a/1/s/test/specs/BTS/create-condition-pricing.spec.js"/>
    </properties>
    <testcase classname="chrome.136_0_7103_93.windows.Create_condition_pricing_US117289_US134625" name="Should create a new yard used for all following tests" time="131.274">
      <system-out><![CDATA[
COMMAND: POST /session/333f20024c3fd35bde10af9d02cc2546/window/fullscreen - {}
RESULT: {}
COMMAND: POST /session/333f20024c3fd35bde10af9d02cc2546/execute/async - {"script":"<script> [1562 bytes]","args":[{"selector":{"controlType":"sap.m.GenericTile","properties":{"header":"Manage Yards"}},"wdio_ui5_key":"sapm.GenericTile{\"header\":\"Manage Yards\"}"}]}
RESULT: {"script":"<script> [1562 bytes]","args":[{"selector":{"controlType":"sap.m.GenericTile","properties":{"header":"Manage Yards"}},"wdio_ui5_key":"sapm.GenericTile{\"header\":\"Manage Yards\"}"}]}
RESULT: undefined
COMMAND: POST /session/333f20024c3fd35bde10af9d02cc2546/element - {"using":"xpath","value":"//*[@id=\"__tile41\"]"}
RESULT: {"using":"xpath","value":"//*[@id=\"__tile41\"]"}
COMMAND: POST /session/333f20024c3fd35bde10af9d02cc2546/element/f.31E86CD389CF42DC451BE2E66032817C.d.9430D15A9DA4757B380C687A0F864778.e.160/click - {}
RESULT: {}
COMMAND: GET /session/333f20024c3fd35bde10af9d02cc2546/screenshot - {}
RESULT: {}
COMMAND: POST /session/333f20024c3fd35bde10af9d02cc2546/elements - {"using":"xpath","value":"//span[text()='Error']"}
RESULT: {"using":"xpath","value":"//span[text()='Error']"}
COMMAND: POST /session/333f20024c3fd35bde10af9d02cc2546/element - {"using":"xpath","value":"//button[@data-kt=\"addNewYardOverflowToolbarButton\"]"}
RESULT: {"using":"xpath","value":"//button[@data-kt=\"addNewYardOverflowToolbarButton\"]"}
COMMAND: POST /session/333f20024c3fd35bde10af9d02cc2546/elements - {"using":"xpath","value":"//button[@data-kt=\"addNewYardOverflowToolbarButton\"]"}
RESULT: {"using":"xpath","value":"//button[@data-kt=\"addNewYardOverflowToolbarButton\"]"}
COMMAND: POST /session/333f20024c3fd35bde10af9d02cc2546/elements - {"using":"xpath","value":"//button[@data-kt=\"addNewYardOverflowToolbarButton\"]"}
RESULT: {"using":"xpath","value":"//button[@data-kt=\"addNewYardOverflowToolbarButton\"]"}
COMMAND: POST /session/333f20024c3fd35bde10af9d02cc2546/elements - {"using":"xpath","value":"//button[@data-kt=\"addNewYardOverflowToolbarButton\"]"}
RESULT: {"using":"xpath","value":"//button[@data-kt=\"addNewYardOverflowToolbarButton\"]"}
COMMAND: POST /session/333f20024c3fd35bde10af9d02cc2546/elements - {"using":"xpath","value":"//button[@data-kt=\"addNewYardOverflowToolbarButton\"]"}
RESULT: {"using":"xpath","value":"//button[@data-kt=\"addNewYardOverflowToolbarButton\"]"}
COMMAND: POST /session/333f20024c3fd35bde10af9d02cc2546/elements - {"using":"xpath","value":"//button[@data-kt=\"addNewYardOverflowToolbarButton\"]"}
RESULT: {"using":"xpath","value":"//button[@data-kt=\"addNewYardOverflowToolbarButton\"]"}
COMMAND: POST /session/333f20024c3fd35bde10af9d02cc2546/elements - {"using":"xpath","value":"//button[@data-kt=\"addNewYardOverflowToolbarButton\"]"}
RESULT: {"using":"xpath","value":"//button[@data-kt=\"addNewYardOverflowToolbarButton\"]"}
COMMAND: POST /session/333f20024c3fd35bde10af9d02cc2546/elements - {"using":"xpath","value":"//button[@data-kt=\"addNewYardOverflowToolbarButton\"]"}
RESULT: {"using":"xpath","value":"//button[@data-kt=\"addNewYardOverflowToolbarButton\"]"}
COMMAND: POST /session/333f20024c3fd35bde10af9d02cc2546/elements - {"using":"xpath","value":"//button[@data-kt=\"addNewYardOverflowToolbarButton\"]"}
RESULT: {"using":"xpath","value":"//button[@data-kt=\"addNewYardOverflowToolbarButton\"]"}
COMMAND: POST /session/333f20024c3fd35bde10af9d02cc2546/elements - {"using":"xpath","value":"//button[@data-kt=\"addNewYardOverflowToolbarButton\"]"}
RESULT: {"using":"xpath","value":"//button[@data-kt=\"addNewYardOverflowToolbarButton\"]"}
COMMAND: POST /session/333f20024c3fd35bde10af9d02cc2546/elements - {"using":"xpath","value":"//button[@data-kt=\"addNewYardOverflowToolbarButton\"]"}
RESULT: {"using":"xpath","value":"//button[@data-kt=\"addNewYardOverflowToolbarButton\"]"}
COMMAND: POST /session/333f20024c3fd35bde10af9d02cc2546/elements - {"using":"xpath","value":"//button[@data-kt=\"addNewYardOverflowToolbarButton\"]"}
RESULT: {"using":"xpath","value":"//button[@data-kt=\"addNewYardOverflowToolbarButton\"]"}
COMMAND: POST /session/333f20024c3fd35bde10af9d02cc2546/elements - {"using":"xpath","value":"//button[@data-kt=\"addNewYardOverflowToolbarButton\"]"}
RESULT: {"using":"xpath","value":"//button[@data-kt=\"addNewYardOverflowToolbarButton\"]"}
COMMAND: POST /session/333f20024c3fd35bde10af9d02cc2546/elements - {"using":"xpath","value":"//button[@data-kt=\"addNewYardOverflowToolbarButton\"]"}
RESULT: {"using":"xpath","value":"//button[@data-kt=\"addNewYardOverflowToolbarButton\"]"}
COMMAND: POST /session/333f20024c3fd35bde10af9d02cc2546/element - {"using":"xpath","value":"//button[@data-kt=\"addNewYardOverflowToolbarButton\"]"}
RESULT: {"using":"xpath","value":"//button[@data-kt=\"addNewYardOverflowToolbarButton\"]"}
COMMAND: POST /session/333f20024c3fd35bde10af9d02cc2546/execute/sync - {"script":"<script> [8489 bytes]","args":[{"element-6066-11e4-a52e-4f735466cecf":"f.31E86CD389CF42DC451BE2E66032817C.d.9430D15A9DA4757B380C687A0F864778.e.307","ELEMENT":"f.31E86CD389CF42DC451BE2E66032817C.d.9430D15A9DA4757B380C687A0F864778.e.307"}]}
RESULT: {"script":"<script> [8489 bytes]","args":[{"element-6066-11e4-a52e-4f735466cecf":"f.31E86CD389CF42DC451BE2E66032817C.d.9430D15A9DA4757B380C687A0F864778.e.307","ELEMENT":"f.31E86CD389CF42DC451BE2E66032817C.d.9430D15A9DA4757B380C687A0F864778.e.307"}]}
COMMAND: GET /session/333f20024c3fd35bde10af9d02cc2546/element/f.31E86CD389CF42DC451BE2E66032817C.d.9430D15A9DA4757B380C687A0F864778.e.307/enabled - {}
COMMAND: GET /session/333f20024c3fd35bde10af9d02cc2546/screenshot - {}
RESULT: {}
COMMAND: POST /session/333f20024c3fd35bde10af9d02cc2546/execute/sync - {"script":"<script> [8489 bytes]","args":[{"element-6066-11e4-a52e-4f735466cecf":"f.31E86CD389CF42DC451BE2E66032817C.d.9430D15A9DA4757B380C687A0F864778.e.307","ELEMENT":"f.31E86CD389CF42DC451BE2E66032817C.d.9430D15A9DA4757B380C687A0F864778.e.307"}]}
COMMAND: GET /session/333f20024c3fd35bde10af9d02cc2546/screenshot - {}
RESULT: {}
RESULT: {"script":"<script> [8489 bytes]","args":[{"element-6066-11e4-a52e-4f735466cecf":"f.31E86CD389CF42DC451BE2E66032817C.d.9430D15A9DA4757B380C687A0F864778.e.307","ELEMENT":"f.31E86CD389CF42DC451BE2E66032817C.d.9430D15A9DA4757B380C687A0F864778.e.307"}]}
COMMAND: POST /session/333f20024c3fd35bde10af9d02cc2546/execute/sync - {"script":"<script> [5351 bytes]","args":[{"element-6066-11e4-a52e-4f735466cecf":"f.31E86CD389CF42DC451BE2E66032817C.d.9430D15A9DA4757B380C687A0F864778.e.307","ELEMENT":"f.31E86CD389CF42DC451BE2E66032817C.d.9430D15A9DA4757B380C687A0F864778.e.307"}]}
COMMAND: GET /session/333f20024c3fd35bde10af9d02cc2546/screenshot - {}
RESULT: {}
RESULT: {"script":"<script> [5351 bytes]","args":[{"element-6066-11e4-a52e-4f735466cecf":"f.31E86CD389CF42DC451BE2E66032817C.d.9430D15A9DA4757B380C687A0F864778.e.307","ELEMENT":"f.31E86CD389CF42DC451BE2E66032817C.d.9430D15A9DA4757B380C687A0F864778.e.307"}]}
COMMAND: POST /session/333f20024c3fd35bde10af9d02cc2546/element/f.31E86CD389CF42DC451BE2E66032817C.d.9430D15A9DA4757B380C687A0F864778.e.307/click - {}
COMMAND: GET /session/333f20024c3fd35bde10af9d02cc2546/screenshot - {}
RESULT: {}
RESULT: {}
COMMAND: GET /session/333f20024c3fd35bde10af9d02cc2546/screenshot - {}
COMMAND: POST /session/333f20024c3fd35bde10af9d02cc2546/element - {"using":"xpath","value":"//input[@id=\"application-manageyards-display-component---NewYard--yardId-inner\"]"}
RESULT: {}
RESULT: {}
RESULT: {"using":"xpath","value":"//input[@id=\"application-manageyards-display-component---NewYard--yardId-inner\"]"}
COMMAND: POST /session/333f20024c3fd35bde10af9d02cc2546/element - {"using":"xpath","value":"//input[@id=\"application-manageyards-display-component---NewYard--yardId-inner\"]"}
RESULT: {"using":"xpath","value":"//input[@id=\"application-manageyards-display-component---NewYard--yardId-inner\"]"}
COMMAND: POST /session/333f20024c3fd35bde10af9d02cc2546/execute/async - {"script":"<script> [1562 bytes]","args":[{"selector":{"id":"application-manageyards-display-component---NewYard--addressDetailDetailsName1","interaction":{"idSuffix":"inner"}},"wdio_ui5_key":"applicationmanageyards-display-component---NewYard--addressDetailDetailsName1"}]}
RESULT: {"script":"<script> [1562 bytes]","args":[{"selector":{"id":"application-manageyards-display-component---NewYard--addressDetailDetailsName1","interaction":{"idSuffix":"inner"}},"wdio_ui5_key":"applicationmanageyards-display-component---NewYard--addressDetailDetailsName1"}]}
RESULT: undefined
COMMAND: POST /session/333f20024c3fd35bde10af9d02cc2546/execute/async - {"script":"<script> [776 bytes]","args":[{"enterText":"DailyPrice WDIO","selector":{"id":"application-manageyards-display-component---NewYard--addressDetailDetailsName1","interaction":{"idSuffix":"inner"}},"clearTextFirst":true,"interactionType":"ENTER_TEXT"}]}
RESULT: {"script":"<script> [776 bytes]","args":[{"enterText":"DailyPrice WDIO","selector":{"id":"application-manageyards-display-component---NewYard--addressDetailDetailsName1","interaction":{"idSuffix":"inner"}},"clearTextFirst":true,"interactionType":"ENTER_TEXT"}]}
COMMAND: POST /session/333f20024c3fd35bde10af9d02cc2546/execute/async - {"script":"<script> [1562 bytes]","args":[{"selector":{"id":"application-manageyards-display-component---NewYard--addressDetailDetailsLanguage-arrow"},"wdio_ui5_key":"applicationmanageyards-display-component---NewYard--addressDetailDetailsLanguage-arrow"}]}
RESULT: {"script":"<script> [1562 bytes]","args":[{"selector":{"id":"application-manageyards-display-component---NewYard--addressDetailDetailsLanguage-arrow"},"wdio_ui5_key":"applicationmanageyards-display-component---NewYard--addressDetailDetailsLanguage-arrow"}]}
RESULT: undefined
COMMAND: POST /session/333f20024c3fd35bde10af9d02cc2546/element - {"using":"xpath","value":"//*[@id=\"application-manageyards-display-component---NewYard--addressDetailDetailsLanguage-arrow\"]"}
RESULT: {"using":"xpath","value":"//*[@id=\"application-manageyards-display-component---NewYard--addressDetailDetailsLanguage-arrow\"]"}
COMMAND: POST /session/333f20024c3fd35bde10af9d02cc2546/element/f.31E86CD389CF42DC451BE2E66032817C.d.9430D15A9DA4757B380C687A0F864778.e.727/click - {}
RESULT: {}
COMMAND: POST /session/333f20024c3fd35bde10af9d02cc2546/element - {"using":"xpath","value":"//span[contains(text(), \"English\")]"}
COMMAND: GET /session/333f20024c3fd35bde10af9d02cc2546/screenshot - {}
RESULT: {"using":"xpath","value":"//span[contains(text(), \"English\")]"}
COMMAND: POST /session/333f20024c3fd35bde10af9d02cc2546/element/f.31E86CD389CF42DC451BE2E66032817C.d.9430D15A9DA4757B380C687A0F864778.e.728/click - {}
RESULT: {}
RESULT: {}
COMMAND: POST /session/333f20024c3fd35bde10af9d02cc2546/execute/async - {"script":"<script> [1562 bytes]","args":[{"selector":{"id":"application-manageyards-display-component---NewYard--addressDetailDetailsCity1","interaction":{"idSuffix":"inner"}},"wdio_ui5_key":"applicationmanageyards-display-component---NewYard--addressDetailDetailsCity1"}]}
COMMAND: GET /session/333f20024c3fd35bde10af9d02cc2546/screenshot - {}
RESULT: {}
RESULT: {"script":"<script> [1562 bytes]","args":[{"selector":{"id":"application-manageyards-display-component---NewYard--addressDetailDetailsCity1","interaction":{"idSuffix":"inner"}},"wdio_ui5_key":"applicationmanageyards-display-component---NewYard--addressDetailDetailsCity1"}]}
RESULT: undefined
COMMAND: POST /session/333f20024c3fd35bde10af9d02cc2546/execute/async - {"script":"<script> [776 bytes]","args":[{"enterText":"Rosario","selector":{"id":"application-manageyards-display-component---NewYard--addressDetailDetailsCity1","interaction":{"idSuffix":"inner"}},"clearTextFirst":true,"interactionType":"ENTER_TEXT"}]}
RESULT: {"script":"<script> [776 bytes]","args":[{"enterText":"Rosario","selector":{"id":"application-manageyards-display-component---NewYard--addressDetailDetailsCity1","interaction":{"idSuffix":"inner"}},"clearTextFirst":true,"interactionType":"ENTER_TEXT"}]}
COMMAND: POST /session/333f20024c3fd35bde10af9d02cc2546/execute/async - {"script":"<script> [1562 bytes]","args":[{"selector":{"id":"application-manageyards-display-component---NewYard--addressDetailDetailsCountry-arrow"},"wdio_ui5_key":"applicationmanageyards-display-component---NewYard--addressDetailDetailsCountry-arrow"}]}
RESULT: {"script":"<script> [1562 bytes]","args":[{"selector":{"id":"application-manageyards-display-component---NewYard--addressDetailDetailsCountry-arrow"},"wdio_ui5_key":"applicationmanageyards-display-component---NewYard--addressDetailDetailsCountry-arrow"}]}
RESULT: undefined
COMMAND: POST /session/333f20024c3fd35bde10af9d02cc2546/element - {"using":"xpath","value":"//*[@id=\"application-manageyards-display-component---NewYard--addressDetailDetailsCountry-arrow\"]"}
RESULT: {"using":"xpath","value":"//*[@id=\"application-manageyards-display-component---NewYard--addressDetailDetailsCountry-arrow\"]"}
COMMAND: POST /session/333f20024c3fd35bde10af9d02cc2546/element/f.31E86CD389CF42DC451BE2E66032817C.d.9430D15A9DA4757B380C687A0F864778.e.730/click - {}
RESULT: {}
COMMAND: POST /session/333f20024c3fd35bde10af9d02cc2546/element - {"using":"xpath","value":"//span[contains(text(), \"Argentina\")]"}
COMMAND: GET /session/333f20024c3fd35bde10af9d02cc2546/screenshot - {}
RESULT: {"using":"xpath","value":"//span[contains(text(), \"Argentina\")]"}
COMMAND: POST /session/333f20024c3fd35bde10af9d02cc2546/element/f.31E86CD389CF42DC451BE2E66032817C.d.9430D15A9DA4757B380C687A0F864778.e.731/click - {}
RESULT: {}
RESULT: {}
COMMAND: POST /session/333f20024c3fd35bde10af9d02cc2546/execute/async - {"script":"<script> [1562 bytes]","args":[{"selector":{"id":"application-manageyards-display-component---NewYard--addressEditDetailsCostObjectCstType-arrow"},"wdio_ui5_key":"applicationmanageyards-display-component---NewYard--addressEditDetailsCostObjectCstType-arrow"}]}
COMMAND: GET /session/333f20024c3fd35bde10af9d02cc2546/screenshot - {}
RESULT: {"script":"<script> [1562 bytes]","args":[{"selector":{"id":"application-manageyards-display-component---NewYard--addressEditDetailsCostObjectCstType-arrow"},"wdio_ui5_key":"applicationmanageyards-display-component---NewYard--addressEditDetailsCostObjectCstType-arrow"}]}
RESULT: undefined
COMMAND: POST /session/333f20024c3fd35bde10af9d02cc2546/element - {"using":"xpath","value":"//*[@id=\"application-manageyards-display-component---NewYard--addressEditDetailsCostObjectCstType-arrow\"]"}
RESULT: {}
RESULT: {"using":"xpath","value":"//*[@id=\"application-manageyards-display-component---NewYard--addressEditDetailsCostObjectCstType-arrow\"]"}
COMMAND: POST /session/333f20024c3fd35bde10af9d02cc2546/element/f.31E86CD389CF42DC451BE2E66032817C.d.9430D15A9DA4757B380C687A0F864778.e.733/click - {}
RESULT: {}
COMMAND: POST /session/333f20024c3fd35bde10af9d02cc2546/element - {"using":"xpath","value":"//span[contains(text(), \"Cost Center\")]"}
COMMAND: GET /session/333f20024c3fd35bde10af9d02cc2546/screenshot - {}
RESULT: {"using":"xpath","value":"//span[contains(text(), \"Cost Center\")]"}
COMMAND: POST /session/333f20024c3fd35bde10af9d02cc2546/element/f.31E86CD389CF42DC451BE2E66032817C.d.9430D15A9DA4757B380C687A0F864778.e.734/click - {}
RESULT: {}
RESULT: {}
COMMAND: GET /session/333f20024c3fd35bde10af9d02cc2546/screenshot - {}
RESULT: {}
COMMAND: POST /session/333f20024c3fd35bde10af9d02cc2546/element - {"using":"xpath","value":"//span[@id=\"application-manageyards-display-component---NewYard--addressNewCostObjectCstID-vhi\"]"}
RESULT: {"using":"xpath","value":"//span[@id=\"application-manageyards-display-component---NewYard--addressNewCostObjectCstID-vhi\"]"}
COMMAND: POST /session/333f20024c3fd35bde10af9d02cc2546/execute/sync - {"script":"<script> [8489 bytes]","args":[{"element-6066-11e4-a52e-4f735466cecf":"f.31E86CD389CF42DC451BE2E66032817C.d.9430D15A9DA4757B380C687A0F864778.e.738","ELEMENT":"f.31E86CD389CF42DC451BE2E66032817C.d.9430D15A9DA4757B380C687A0F864778.e.738"}]}
RESULT: {"script":"<script> [8489 bytes]","args":[{"element-6066-11e4-a52e-4f735466cecf":"f.31E86CD389CF42DC451BE2E66032817C.d.9430D15A9DA4757B380C687A0F864778.e.738","ELEMENT":"f.31E86CD389CF42DC451BE2E66032817C.d.9430D15A9DA4757B380C687A0F864778.e.738"}]}
COMMAND: POST /session/333f20024c3fd35bde10af9d02cc2546/execute/async - {"script":"<script> [1562 bytes]","args":[{"selector":{"id":"application-manageyards-display-component---NewYard--addressNewCostObjectCstID-vhi"},"wdio_ui5_key":"applicationmanageyards-display-component---NewYard--addressNewCostObjectCstID-vhi"}]}
COMMAND: GET /session/333f20024c3fd35bde10af9d02cc2546/screenshot - {}
RESULT: {"script":"<script> [1562 bytes]","args":[{"selector":{"id":"application-manageyards-display-component---NewYard--addressNewCostObjectCstID-vhi"},"wdio_ui5_key":"applicationmanageyards-display-component---NewYard--addressNewCostObjectCstID-vhi"}]}
RESULT: undefined
COMMAND: POST /session/333f20024c3fd35bde10af9d02cc2546/element - {"using":"xpath","value":"//*[@id=\"application-manageyards-display-component---NewYard--addressNewCostObjectCstID-vhi\"]"}
RESULT: {}
RESULT: {"using":"xpath","value":"//*[@id=\"application-manageyards-display-component---NewYard--addressNewCostObjectCstID-vhi\"]"}
COMMAND: POST /session/333f20024c3fd35bde10af9d02cc2546/element/f.31E86CD389CF42DC451BE2E66032817C.d.9430D15A9DA4757B380C687A0F864778.e.738/click - {}
RESULT: {}
COMMAND: GET /session/333f20024c3fd35bde10af9d02cc2546/screenshot - {}
RESULT: {}
COMMAND: POST /session/333f20024c3fd35bde10af9d02cc2546/execute/async - {"script":"<script> [1562 bytes]","args":[{"selector":{"controlType":"sap.m.SearchField","properties":{"placeholder":"Search"},"searchOpenDialogs":true,"interaction":{"idSuffix":"I"}},"wdio_ui5_key":"sapm.SearchField{\"placeholder\":\"Search\"}"}]}
RESULT: {"script":"<script> [1562 bytes]","args":[{"selector":{"controlType":"sap.m.SearchField","properties":{"placeholder":"Search"},"searchOpenDialogs":true,"interaction":{"idSuffix":"I"}},"wdio_ui5_key":"sapm.SearchField{\"placeholder\":\"Search\"}"}]}
RESULT: undefined
COMMAND: POST /session/333f20024c3fd35bde10af9d02cc2546/execute/async - {"script":"<script> [776 bytes]","args":[{"enterText":"bauh_b","selector":{"controlType":"sap.m.SearchField","properties":{"placeholder":"Search"},"searchOpenDialogs":true,"interaction":{"idSuffix":"I"}},"clearTextFirst":true,"interactionType":"ENTER_TEXT"}]}
RESULT: {"script":"<script> [776 bytes]","args":[{"enterText":"bauh_b","selector":{"controlType":"sap.m.SearchField","properties":{"placeholder":"Search"},"searchOpenDialogs":true,"interaction":{"idSuffix":"I"}},"clearTextFirst":true,"interactionType":"ENTER_TEXT"}]}
COMMAND: POST /session/333f20024c3fd35bde10af9d02cc2546/actions - {"actions":[{"id":"action1","type":"key","parameters":{},"actions":[{"type":"keyDown","value":""},{"type":"pause","duration":10},{"type":"keyUp","value":""}]}]}
RESULT: {"actions":[{"id":"action1","type":"key","parameters":{},"actions":[{"type":"keyDown","value":""},{"type":"pause","duration":10},{"type":"keyUp","value":""}]}]}
COMMAND: GET /session/333f20024c3fd35bde10af9d02cc2546/screenshot - {}
RESULT: {}
COMMAND: POST /session/333f20024c3fd35bde10af9d02cc2546/element - {"using":"xpath","value":"//span[contains(text(), \"Demo Yard\")]"}
RESULT: {"using":"xpath","value":"//span[contains(text(), \"Demo Yard\")]"}
COMMAND: POST /session/333f20024c3fd35bde10af9d02cc2546/element/f.31E86CD389CF42DC451BE2E66032817C.d.9430D15A9DA4757B380C687A0F864778.e.780/click - {}
RESULT: {}
COMMAND: GET /session/333f20024c3fd35bde10af9d02cc2546/screenshot - {}
RESULT: {}
COMMAND: POST /session/333f20024c3fd35bde10af9d02cc2546/element - {"using":"xpath","value":"//bdi[contains(text(), \"OK\")]"}
RESULT: {"using":"xpath","value":"//bdi[contains(text(), \"OK\")]"}
COMMAND: POST /session/333f20024c3fd35bde10af9d02cc2546/element/f.31E86CD389CF42DC451BE2E66032817C.d.9430D15A9DA4757B380C687A0F864778.e.781/click - {}
RESULT: {}
COMMAND: GET /session/333f20024c3fd35bde10af9d02cc2546/screenshot - {}
RESULT: {}
COMMAND: POST /session/333f20024c3fd35bde10af9d02cc2546/execute/async - {"script":"<script> [1562 bytes]","args":[{"selector":{"id":"application-manageyards-display-component---NewYard--addressEditDetailsCurrency-arrow"},"wdio_ui5_key":"applicationmanageyards-display-component---NewYard--addressEditDetailsCurrency-arrow"}]}
RESULT: {"script":"<script> [1562 bytes]","args":[{"selector":{"id":"application-manageyards-display-component---NewYard--addressEditDetailsCurrency-arrow"},"wdio_ui5_key":"applicationmanageyards-display-component---NewYard--addressEditDetailsCurrency-arrow"}]}
RESULT: undefined
COMMAND: POST /session/333f20024c3fd35bde10af9d02cc2546/element - {"using":"xpath","value":"//*[@id=\"application-manageyards-display-component---NewYard--addressEditDetailsCurrency-arrow\"]"}
RESULT: {"using":"xpath","value":"//*[@id=\"application-manageyards-display-component---NewYard--addressEditDetailsCurrency-arrow\"]"}
COMMAND: POST /session/333f20024c3fd35bde10af9d02cc2546/element/f.31E86CD389CF42DC451BE2E66032817C.d.9430D15A9DA4757B380C687A0F864778.e.784/click - {}
RESULT: {}
COMMAND: POST /session/333f20024c3fd35bde10af9d02cc2546/element - {"using":"xpath","value":"//span[contains(text(), \"Euro\")]"}
COMMAND: GET /session/333f20024c3fd35bde10af9d02cc2546/screenshot - {}
RESULT: {"using":"xpath","value":"//span[contains(text(), \"Euro\")]"}
COMMAND: POST /session/333f20024c3fd35bde10af9d02cc2546/element/f.31E86CD389CF42DC451BE2E66032817C.d.9430D15A9DA4757B380C687A0F864778.e.785/click - {}
RESULT: {}
RESULT: {}
COMMAND: POST /session/333f20024c3fd35bde10af9d02cc2546/execute/async - {"script":"<script> [1562 bytes]","args":[{"selector":{"controlType":"sap.m.Input","viewName":"etm.portal.ui.manageyards.view.New","viewId":"application-manageyards-display-component---NewYard","bindingPath":{"path":"","propertyPath":"/CONTROLLING_AREA","modelName":"NewYardModel"},"interaction":{"idSuffix":"inner"}},"wdio_ui5_key":"etmportal.ui.manageyards.view.Newsap.m.Input{\"path\":\"\",\"propertyPath\":\"/CONTROLLING_AREA\",\"modelName\":\"NewYardModel\"}"}]}
COMMAND: GET /session/333f20024c3fd35bde10af9d02cc2546/screenshot - {}
RESULT: {"script":"<script> [1562 bytes]","args":[{"selector":{"controlType":"sap.m.Input","viewName":"etm.portal.ui.manageyards.view.New","viewId":"application-manageyards-display-component---NewYard","bindingPath":{"path":"","propertyPath":"/CONTROLLING_AREA","modelName":"NewYardModel"},"interaction":{"idSuffix":"inner"}},"wdio_ui5_key":"etmportal.ui.manageyards.view.Newsap.m.Input{\"path\":\"\",\"propertyPath\":\"/CONTROLLING_AREA\",\"modelName\":\"NewYardModel\"}"}]}
RESULT: undefined
COMMAND: POST /session/333f20024c3fd35bde10af9d02cc2546/execute/async - {"script":"<script> [776 bytes]","args":[{"enterText":"Z001","selector":{"controlType":"sap.m.Input","viewName":"etm.portal.ui.manageyards.view.New","viewId":"application-manageyards-display-component---NewYard","bindingPath":{"path":"","propertyPath":"/CONTROLLING_AREA","modelName":"NewYardModel"},"interaction":{"idSuffix":"inner"}},"clearTextFirst":true,"interactionType":"ENTER_TEXT"}]}
RESULT: {}
RESULT: {"script":"<script> [776 bytes]","args":[{"enterText":"Z001","selector":{"controlType":"sap.m.Input","viewName":"etm.portal.ui.manageyards.view.New","viewId":"application-manageyards-display-component---NewYard","bindingPath":{"path":"","propertyPath":"/CONTROLLING_AREA","modelName":"NewYardModel"},"interaction":{"idSuffix":"inner"}},"clearTextFirst":true,"interactionType":"ENTER_TEXT"}]}
COMMAND: POST /session/333f20024c3fd35bde10af9d02cc2546/execute/async - {"script":"<script> [1562 bytes]","args":[{"selector":{"id":"application-manageyards-display-component---NewYard--companyCodeComboBox","interaction":{"idSuffix":"inner"}},"wdio_ui5_key":"applicationmanageyards-display-component---NewYard--companyCodeComboBox"}]}
RESULT: {"script":"<script> [1562 bytes]","args":[{"selector":{"id":"application-manageyards-display-component---NewYard--companyCodeComboBox","interaction":{"idSuffix":"inner"}},"wdio_ui5_key":"applicationmanageyards-display-component---NewYard--companyCodeComboBox"}]}
RESULT: undefined
COMMAND: POST /session/333f20024c3fd35bde10af9d02cc2546/execute/async - {"script":"<script> [776 bytes]","args":[{"enterText":"1000","selector":{"id":"application-manageyards-display-component---NewYard--companyCodeComboBox","interaction":{"idSuffix":"inner"}},"clearTextFirst":true,"interactionType":"ENTER_TEXT"}]}
RESULT: {"script":"<script> [776 bytes]","args":[{"enterText":"1000","selector":{"id":"application-manageyards-display-component---NewYard--companyCodeComboBox","interaction":{"idSuffix":"inner"}},"clearTextFirst":true,"interactionType":"ENTER_TEXT"}]}
COMMAND: POST /session/333f20024c3fd35bde10af9d02cc2546/execute/async - {"script":"<script> [1562 bytes]","args":[{"selector":{"controlType":"sap.m.Input","viewName":"etm.portal.ui.manageyards.view.New","viewId":"application-manageyards-display-component---NewYard","bindingPath":{"path":"","propertyPath":"/PLANT","modelName":"NewYardModel"},"interaction":{"idSuffix":"inner"}},"wdio_ui5_key":"etmportal.ui.manageyards.view.Newsap.m.Input{\"path\":\"\",\"propertyPath\":\"/PLANT\",\"modelName\":\"NewYardModel\"}"}]}
RESULT: {"script":"<script> [1562 bytes]","args":[{"selector":{"controlType":"sap.m.Input","viewName":"etm.portal.ui.manageyards.view.New","viewId":"application-manageyards-display-component---NewYard","bindingPath":{"path":"","propertyPath":"/PLANT","modelName":"NewYardModel"},"interaction":{"idSuffix":"inner"}},"wdio_ui5_key":"etmportal.ui.manageyards.view.Newsap.m.Input{\"path\":\"\",\"propertyPath\":\"/PLANT\",\"modelName\":\"NewYardModel\"}"}]}
RESULT: undefined
COMMAND: POST /session/333f20024c3fd35bde10af9d02cc2546/execute/async - {"script":"<script> [776 bytes]","args":[{"enterText":"1001","selector":{"controlType":"sap.m.Input","viewName":"etm.portal.ui.manageyards.view.New","viewId":"application-manageyards-display-component---NewYard","bindingPath":{"path":"","propertyPath":"/PLANT","modelName":"NewYardModel"},"interaction":{"idSuffix":"inner"}},"clearTextFirst":true,"interactionType":"ENTER_TEXT"}]}
RESULT: {"script":"<script> [776 bytes]","args":[{"enterText":"1001","selector":{"controlType":"sap.m.Input","viewName":"etm.portal.ui.manageyards.view.New","viewId":"application-manageyards-display-component---NewYard","bindingPath":{"path":"","propertyPath":"/PLANT","modelName":"NewYardModel"},"interaction":{"idSuffix":"inner"}},"clearTextFirst":true,"interactionType":"ENTER_TEXT"}]}
COMMAND: POST /session/333f20024c3fd35bde10af9d02cc2546/execute/async - {"script":"<script> [1562 bytes]","args":[{"selector":{"controlType":"sap.m.Input","viewName":"etm.portal.ui.manageyards.view.New","viewId":"application-manageyards-display-component---NewYard","bindingPath":{"path":"","propertyPath":"/SALES_AREA_VKORG","modelName":"NewYardModel"},"interaction":{"idSuffix":"inner"}},"wdio_ui5_key":"etmportal.ui.manageyards.view.Newsap.m.Input{\"path\":\"\",\"propertyPath\":\"/SALES_AREA_VKORG\",\"modelName\":\"NewYardModel\"}"}]}
RESULT: {"script":"<script> [1562 bytes]","args":[{"selector":{"controlType":"sap.m.Input","viewName":"etm.portal.ui.manageyards.view.New","viewId":"application-manageyards-display-component---NewYard","bindingPath":{"path":"","propertyPath":"/SALES_AREA_VKORG","modelName":"NewYardModel"},"interaction":{"idSuffix":"inner"}},"wdio_ui5_key":"etmportal.ui.manageyards.view.Newsap.m.Input{\"path\":\"\",\"propertyPath\":\"/SALES_AREA_VKORG\",\"modelName\":\"NewYardModel\"}"}]}
RESULT: undefined
COMMAND: POST /session/333f20024c3fd35bde10af9d02cc2546/execute/async - {"script":"<script> [776 bytes]","args":[{"enterText":"C002","selector":{"controlType":"sap.m.Input","viewName":"etm.portal.ui.manageyards.view.New","viewId":"application-manageyards-display-component---NewYard","bindingPath":{"path":"","propertyPath":"/SALES_AREA_VKORG","modelName":"NewYardModel"},"interaction":{"idSuffix":"inner"}},"clearTextFirst":true,"interactionType":"ENTER_TEXT"}]}
RESULT: {"script":"<script> [776 bytes]","args":[{"enterText":"C002","selector":{"controlType":"sap.m.Input","viewName":"etm.portal.ui.manageyards.view.New","viewId":"application-manageyards-display-component---NewYard","bindingPath":{"path":"","propertyPath":"/SALES_AREA_VKORG","modelName":"NewYardModel"},"interaction":{"idSuffix":"inner"}},"clearTextFirst":true,"interactionType":"ENTER_TEXT"}]}
COMMAND: POST /session/333f20024c3fd35bde10af9d02cc2546/execute/async - {"script":"<script> [1562 bytes]","args":[{"selector":{"controlType":"sap.m.Input","viewName":"etm.portal.ui.manageyards.view.New","viewId":"application-manageyards-display-component---NewYard","bindingPath":{"path":"","propertyPath":"/SALES_AREA_VTWEG","modelName":"NewYardModel"},"interaction":{"idSuffix":"inner"}},"wdio_ui5_key":"etmportal.ui.manageyards.view.Newsap.m.Input{\"path\":\"\",\"propertyPath\":\"/SALES_AREA_VTWEG\",\"modelName\":\"NewYardModel\"}"}]}
RESULT: {"script":"<script> [1562 bytes]","args":[{"selector":{"controlType":"sap.m.Input","viewName":"etm.portal.ui.manageyards.view.New","viewId":"application-manageyards-display-component---NewYard","bindingPath":{"path":"","propertyPath":"/SALES_AREA_VTWEG","modelName":"NewYardModel"},"interaction":{"idSuffix":"inner"}},"wdio_ui5_key":"etmportal.ui.manageyards.view.Newsap.m.Input{\"path\":\"\",\"propertyPath\":\"/SALES_AREA_VTWEG\",\"modelName\":\"NewYardModel\"}"}]}
RESULT: undefined
COMMAND: POST /session/333f20024c3fd35bde10af9d02cc2546/execute/async - {"script":"<script> [776 bytes]","args":[{"enterText":"C2","selector":{"controlType":"sap.m.Input","viewName":"etm.portal.ui.manageyards.view.New","viewId":"application-manageyards-display-component---NewYard","bindingPath":{"path":"","propertyPath":"/SALES_AREA_VTWEG","modelName":"NewYardModel"},"interaction":{"idSuffix":"inner"}},"clearTextFirst":true,"interactionType":"ENTER_TEXT"}]}
RESULT: {"script":"<script> [776 bytes]","args":[{"enterText":"C2","selector":{"controlType":"sap.m.Input","viewName":"etm.portal.ui.manageyards.view.New","viewId":"application-manageyards-display-component---NewYard","bindingPath":{"path":"","propertyPath":"/SALES_AREA_VTWEG","modelName":"NewYardModel"},"interaction":{"idSuffix":"inner"}},"clearTextFirst":true,"interactionType":"ENTER_TEXT"}]}
COMMAND: POST /session/333f20024c3fd35bde10af9d02cc2546/execute/async - {"script":"<script> [1562 bytes]","args":[{"selector":{"controlType":"sap.m.Input","viewName":"etm.portal.ui.manageyards.view.New","viewId":"application-manageyards-display-component---NewYard","bindingPath":{"path":"","propertyPath":"/SALES_AREA_SPART","modelName":"NewYardModel"},"interaction":{"idSuffix":"inner"}},"wdio_ui5_key":"etmportal.ui.manageyards.view.Newsap.m.Input{\"path\":\"\",\"propertyPath\":\"/SALES_AREA_SPART\",\"modelName\":\"NewYardModel\"}"}]}
RESULT: {"script":"<script> [1562 bytes]","args":[{"selector":{"controlType":"sap.m.Input","viewName":"etm.portal.ui.manageyards.view.New","viewId":"application-manageyards-display-component---NewYard","bindingPath":{"path":"","propertyPath":"/SALES_AREA_SPART","modelName":"NewYardModel"},"interaction":{"idSuffix":"inner"}},"wdio_ui5_key":"etmportal.ui.manageyards.view.Newsap.m.Input{\"path\":\"\",\"propertyPath\":\"/SALES_AREA_SPART\",\"modelName\":\"NewYardModel\"}"}]}
RESULT: undefined
COMMAND: POST /session/333f20024c3fd35bde10af9d02cc2546/execute/async - {"script":"<script> [776 bytes]","args":[{"enterText":"C2","selector":{"controlType":"sap.m.Input","viewName":"etm.portal.ui.manageyards.view.New","viewId":"application-manageyards-display-component---NewYard","bindingPath":{"path":"","propertyPath":"/SALES_AREA_SPART","modelName":"NewYardModel"},"interaction":{"idSuffix":"inner"}},"clearTextFirst":true,"interactionType":"ENTER_TEXT"}]}
RESULT: {"script":"<script> [776 bytes]","args":[{"enterText":"C2","selector":{"controlType":"sap.m.Input","viewName":"etm.portal.ui.manageyards.view.New","viewId":"application-manageyards-display-component---NewYard","bindingPath":{"path":"","propertyPath":"/SALES_AREA_SPART","modelName":"NewYardModel"},"interaction":{"idSuffix":"inner"}},"clearTextFirst":true,"interactionType":"ENTER_TEXT"}]}
COMMAND: POST /session/333f20024c3fd35bde10af9d02cc2546/execute/async - {"script":"<script> [1562 bytes]","args":[{"selector":{"controlType":"sap.m.Input","viewName":"etm.portal.ui.manageyards.view.New","viewId":"application-manageyards-display-component---NewYard","bindingPath":{"path":"","propertyPath":"/SHIP_POINT","modelName":"NewYardModel"},"interaction":{"idSuffix":"inner"}},"wdio_ui5_key":"etmportal.ui.manageyards.view.Newsap.m.Input{\"path\":\"\",\"propertyPath\":\"/SHIP_POINT\",\"modelName\":\"NewYardModel\"}"}]}
RESULT: {"script":"<script> [1562 bytes]","args":[{"selector":{"controlType":"sap.m.Input","viewName":"etm.portal.ui.manageyards.view.New","viewId":"application-manageyards-display-component---NewYard","bindingPath":{"path":"","propertyPath":"/SHIP_POINT","modelName":"NewYardModel"},"interaction":{"idSuffix":"inner"}},"wdio_ui5_key":"etmportal.ui.manageyards.view.Newsap.m.Input{\"path\":\"\",\"propertyPath\":\"/SHIP_POINT\",\"modelName\":\"NewYardModel\"}"}]}
RESULT: undefined
COMMAND: POST /session/333f20024c3fd35bde10af9d02cc2546/execute/async - {"script":"<script> [776 bytes]","args":[{"enterText":"1710","selector":{"controlType":"sap.m.Input","viewName":"etm.portal.ui.manageyards.view.New","viewId":"application-manageyards-display-component---NewYard","bindingPath":{"path":"","propertyPath":"/SHIP_POINT","modelName":"NewYardModel"},"interaction":{"idSuffix":"inner"}},"clearTextFirst":true,"interactionType":"ENTER_TEXT"}]}
RESULT: {"script":"<script> [776 bytes]","args":[{"enterText":"1710","selector":{"controlType":"sap.m.Input","viewName":"etm.portal.ui.manageyards.view.New","viewId":"application-manageyards-display-component---NewYard","bindingPath":{"path":"","propertyPath":"/SHIP_POINT","modelName":"NewYardModel"},"interaction":{"idSuffix":"inner"}},"clearTextFirst":true,"interactionType":"ENTER_TEXT"}]}
COMMAND: POST /session/333f20024c3fd35bde10af9d02cc2546/execute/async - {"script":"<script> [1562 bytes]","args":[{"selector":{"controlType":"sap.m.Input","viewName":"etm.portal.ui.manageyards.view.New","viewId":"application-manageyards-display-component---NewYard","bindingPath":{"path":"","propertyPath":"/DELIVERY_TYPE","modelName":"NewYardModel"},"interaction":{"idSuffix":"inner"}},"wdio_ui5_key":"etmportal.ui.manageyards.view.Newsap.m.Input{\"path\":\"\",\"propertyPath\":\"/DELIVERY_TYPE\",\"modelName\":\"NewYardModel\"}"}]}
RESULT: {"script":"<script> [1562 bytes]","args":[{"selector":{"controlType":"sap.m.Input","viewName":"etm.portal.ui.manageyards.view.New","viewId":"application-manageyards-display-component---NewYard","bindingPath":{"path":"","propertyPath":"/DELIVERY_TYPE","modelName":"NewYardModel"},"interaction":{"idSuffix":"inner"}},"wdio_ui5_key":"etmportal.ui.manageyards.view.Newsap.m.Input{\"path\":\"\",\"propertyPath\":\"/DELIVERY_TYPE\",\"modelName\":\"NewYardModel\"}"}]}
RESULT: undefined
COMMAND: POST /session/333f20024c3fd35bde10af9d02cc2546/execute/async - {"script":"<script> [776 bytes]","args":[{"enterText":"ZL01","selector":{"controlType":"sap.m.Input","viewName":"etm.portal.ui.manageyards.view.New","viewId":"application-manageyards-display-component---NewYard","bindingPath":{"path":"","propertyPath":"/DELIVERY_TYPE","modelName":"NewYardModel"},"interaction":{"idSuffix":"inner"}},"clearTextFirst":true,"interactionType":"ENTER_TEXT"}]}
RESULT: {"script":"<script> [776 bytes]","args":[{"enterText":"ZL01","selector":{"controlType":"sap.m.Input","viewName":"etm.portal.ui.manageyards.view.New","viewId":"application-manageyards-display-component---NewYard","bindingPath":{"path":"","propertyPath":"/DELIVERY_TYPE","modelName":"NewYardModel"},"interaction":{"idSuffix":"inner"}},"clearTextFirst":true,"interactionType":"ENTER_TEXT"}]}
COMMAND: POST /session/333f20024c3fd35bde10af9d02cc2546/execute/async - {"script":"<script> [1562 bytes]","args":[{"selector":{"controlType":"sap.m.Input","viewName":"etm.portal.ui.manageyards.view.New","viewId":"application-manageyards-display-component---NewYard","bindingPath":{"path":"","propertyPath":"/AUART","modelName":"NewYardModel"},"interaction":{"idSuffix":"inner"}},"wdio_ui5_key":"etmportal.ui.manageyards.view.Newsap.m.Input{\"path\":\"\",\"propertyPath\":\"/AUART\",\"modelName\":\"NewYardModel\"}"}]}
RESULT: {"script":"<script> [1562 bytes]","args":[{"selector":{"controlType":"sap.m.Input","viewName":"etm.portal.ui.manageyards.view.New","viewId":"application-manageyards-display-component---NewYard","bindingPath":{"path":"","propertyPath":"/AUART","modelName":"NewYardModel"},"interaction":{"idSuffix":"inner"}},"wdio_ui5_key":"etmportal.ui.manageyards.view.Newsap.m.Input{\"path\":\"\",\"propertyPath\":\"/AUART\",\"modelName\":\"NewYardModel\"}"}]}
RESULT: undefined
COMMAND: POST /session/333f20024c3fd35bde10af9d02cc2546/execute/async - {"script":"<script> [776 bytes]","args":[{"enterText":"TA","selector":{"controlType":"sap.m.Input","viewName":"etm.portal.ui.manageyards.view.New","viewId":"application-manageyards-display-component---NewYard","bindingPath":{"path":"","propertyPath":"/AUART","modelName":"NewYardModel"},"interaction":{"idSuffix":"inner"}},"clearTextFirst":true,"interactionType":"ENTER_TEXT"}]}
RESULT: {"script":"<script> [776 bytes]","args":[{"enterText":"TA","selector":{"controlType":"sap.m.Input","viewName":"etm.portal.ui.manageyards.view.New","viewId":"application-manageyards-display-component---NewYard","bindingPath":{"path":"","propertyPath":"/AUART","modelName":"NewYardModel"},"interaction":{"idSuffix":"inner"}},"clearTextFirst":true,"interactionType":"ENTER_TEXT"}]}
COMMAND: POST /session/333f20024c3fd35bde10af9d02cc2546/element - {"using":"xpath","value":"//button[@data-kt=\"newYardSaveButton\"]"}
RESULT: {"using":"xpath","value":"//button[@data-kt=\"newYardSaveButton\"]"}
COMMAND: POST /session/333f20024c3fd35bde10af9d02cc2546/element/f.31E86CD389CF42DC451BE2E66032817C.d.9430D15A9DA4757B380C687A0F864778.e.712/click - {}
RESULT: {}
COMMAND: GET /session/333f20024c3fd35bde10af9d02cc2546/screenshot - {}
RESULT: {}
COMMAND: POST /session/333f20024c3fd35bde10af9d02cc2546/element - {"using":"xpath","value":"//header[contains(@id, 'ObjectPageLayout-headerTitle')]/div[1]/div[2]/div[1]/span[1]"}
RESULT: {"using":"xpath","value":"//header[contains(@id, 'ObjectPageLayout-headerTitle')]/div[1]/div[2]/div[1]/span[1]"}
COMMAND: POST /session/333f20024c3fd35bde10af9d02cc2546/elements - {"using":"xpath","value":"//header[contains(@id, 'ObjectPageLayout-headerTitle')]/div[1]/div[2]/div[1]/span[1]"}
RESULT: {"using":"xpath","value":"//header[contains(@id, 'ObjectPageLayout-headerTitle')]/div[1]/div[2]/div[1]/span[1]"}
COMMAND: POST /session/333f20024c3fd35bde10af9d02cc2546/execute/sync - {"script":"<script> [56 bytes]","args":[{"element-6066-11e4-a52e-4f735466cecf":"f.31E86CD389CF42DC451BE2E66032817C.d.9430D15A9DA4757B380C687A0F864778.e.1001","ELEMENT":"f.31E86CD389CF42DC451BE2E66032817C.d.9430D15A9DA4757B380C687A0F864778.e.1001"}]}
RESULT: {"script":"<script> [56 bytes]","args":[{"element-6066-11e4-a52e-4f735466cecf":"f.31E86CD389CF42DC451BE2E66032817C.d.9430D15A9DA4757B380C687A0F864778.e.1001","ELEMENT":"f.31E86CD389CF42DC451BE2E66032817C.d.9430D15A9DA4757B380C687A0F864778.e.1001"}]}
COMMAND: GET /session/333f20024c3fd35bde10af9d02cc2546/screenshot - {}
RESULT: {}
COMMAND: POST /session/333f20024c3fd35bde10af9d02cc2546/element - {"using":"css selector","value":"#shell-header-logo"}
RESULT: {"using":"css selector","value":"#shell-header-logo"}
COMMAND: POST /session/333f20024c3fd35bde10af9d02cc2546/element/f.31E86CD389CF42DC451BE2E66032817C.d.9430D15A9DA4757B380C687A0F864778.e.264/click - {}
RESULT: {}
COMMAND: GET /session/333f20024c3fd35bde10af9d02cc2546/screenshot - {}
RESULT: {}
COMMAND: POST /session/333f20024c3fd35bde10af9d02cc2546/execute/sync - {"script":"<script> [299 bytes]","args":[["getModel","getResource"]]}
RESULT: {"script":"<script> [299 bytes]","args":[["getModel","getResource"]]}
COMMAND: GET /session/333f20024c3fd35bde10af9d02cc2546/screenshot - {}
]]></system-out>
    </testcase>
    <testcase classname="chrome.136_0_7103_93.windows.Create_condition_pricing_US117289_US134625" name="Should create a new equipment used for all following tests" time="150.841">
      <system-out><![CDATA[
COMMAND: POST /session/333f20024c3fd35bde10af9d02cc2546/execute/async - {"script":"<script> [1562 bytes]","args":[{"selector":{"controlType":"sap.m.GenericTile","properties":{"header":"Manage Resources"}},"wdio_ui5_key":"sapm.GenericTile{\"header\":\"Manage Resources\"}"}]}
RESULT: {}
RESULT: {"script":"<script> [1562 bytes]","args":[{"selector":{"controlType":"sap.m.GenericTile","properties":{"header":"Manage Resources"}},"wdio_ui5_key":"sapm.GenericTile{\"header\":\"Manage Resources\"}"}]}
RESULT: undefined
COMMAND: POST /session/333f20024c3fd35bde10af9d02cc2546/element - {"using":"xpath","value":"//*[@id=\"__tile39\"]"}
RESULT: {"using":"xpath","value":"//*[@id=\"__tile39\"]"}
COMMAND: POST /session/333f20024c3fd35bde10af9d02cc2546/element/f.31E86CD389CF42DC451BE2E66032817C.d.9430D15A9DA4757B380C687A0F864778.e.154/click - {}
RESULT: {}
COMMAND: GET /session/333f20024c3fd35bde10af9d02cc2546/screenshot - {}
RESULT: {}
COMMAND: POST /session/333f20024c3fd35bde10af9d02cc2546/elements - {"using":"xpath","value":"//span[text()='Error']"}
RESULT: {"using":"xpath","value":"//span[text()='Error']"}
COMMAND: POST /session/333f20024c3fd35bde10af9d02cc2546/element - {"using":"xpath","value":"//button[@data-kt=\"addNewRUOverflowToolbarButton\"]"}
RESULT: {"using":"xpath","value":"//button[@data-kt=\"addNewRUOverflowToolbarButton\"]"}
COMMAND: POST /session/333f20024c3fd35bde10af9d02cc2546/elements - {"using":"xpath","value":"//button[@data-kt=\"addNewRUOverflowToolbarButton\"]"}
RESULT: {"using":"xpath","value":"//button[@data-kt=\"addNewRUOverflowToolbarButton\"]"}
COMMAND: POST /session/333f20024c3fd35bde10af9d02cc2546/execute/sync - {"script":"<script> [8489 bytes]","args":[{"element-6066-11e4-a52e-4f735466cecf":"f.31E86CD389CF42DC451BE2E66032817C.d.9430D15A9DA4757B380C687A0F864778.e.1047","ELEMENT":"f.31E86CD389CF42DC451BE2E66032817C.d.9430D15A9DA4757B380C687A0F864778.e.1047"}]}
RESULT: {"script":"<script> [8489 bytes]","args":[{"element-6066-11e4-a52e-4f735466cecf":"f.31E86CD389CF42DC451BE2E66032817C.d.9430D15A9DA4757B380C687A0F864778.e.1047","ELEMENT":"f.31E86CD389CF42DC451BE2E66032817C.d.9430D15A9DA4757B380C687A0F864778.e.1047"}]}
COMMAND: GET /session/333f20024c3fd35bde10af9d02cc2546/element/f.31E86CD389CF42DC451BE2E66032817C.d.9430D15A9DA4757B380C687A0F864778.e.1047/enabled - {}
COMMAND: GET /session/333f20024c3fd35bde10af9d02cc2546/screenshot - {}
RESULT: {}
COMMAND: POST /session/333f20024c3fd35bde10af9d02cc2546/execute/sync - {"script":"<script> [8489 bytes]","args":[{"element-6066-11e4-a52e-4f735466cecf":"f.31E86CD389CF42DC451BE2E66032817C.d.9430D15A9DA4757B380C687A0F864778.e.1047","ELEMENT":"f.31E86CD389CF42DC451BE2E66032817C.d.9430D15A9DA4757B380C687A0F864778.e.1047"}]}
COMMAND: GET /session/333f20024c3fd35bde10af9d02cc2546/screenshot - {}
RESULT: {}
RESULT: {"script":"<script> [8489 bytes]","args":[{"element-6066-11e4-a52e-4f735466cecf":"f.31E86CD389CF42DC451BE2E66032817C.d.9430D15A9DA4757B380C687A0F864778.e.1047","ELEMENT":"f.31E86CD389CF42DC451BE2E66032817C.d.9430D15A9DA4757B380C687A0F864778.e.1047"}]}
COMMAND: POST /session/333f20024c3fd35bde10af9d02cc2546/execute/sync - {"script":"<script> [5351 bytes]","args":[{"element-6066-11e4-a52e-4f735466cecf":"f.31E86CD389CF42DC451BE2E66032817C.d.9430D15A9DA4757B380C687A0F864778.e.1047","ELEMENT":"f.31E86CD389CF42DC451BE2E66032817C.d.9430D15A9DA4757B380C687A0F864778.e.1047"}]}
COMMAND: GET /session/333f20024c3fd35bde10af9d02cc2546/screenshot - {}
RESULT: {}
RESULT: {"script":"<script> [5351 bytes]","args":[{"element-6066-11e4-a52e-4f735466cecf":"f.31E86CD389CF42DC451BE2E66032817C.d.9430D15A9DA4757B380C687A0F864778.e.1047","ELEMENT":"f.31E86CD389CF42DC451BE2E66032817C.d.9430D15A9DA4757B380C687A0F864778.e.1047"}]}
COMMAND: POST /session/333f20024c3fd35bde10af9d02cc2546/element/f.31E86CD389CF42DC451BE2E66032817C.d.9430D15A9DA4757B380C687A0F864778.e.1047/click - {}
COMMAND: GET /session/333f20024c3fd35bde10af9d02cc2546/screenshot - {}
RESULT: {}
RESULT: {}
COMMAND: GET /session/333f20024c3fd35bde10af9d02cc2546/screenshot - {}
RESULT: {}
COMMAND: POST /session/333f20024c3fd35bde10af9d02cc2546/execute/async - {"script":"<script> [1562 bytes]","args":[{"selector":{"id":"application-manageresources-display-component---newResourceUnit--TYPE-arrow"},"wdio_ui5_key":"applicationmanageresources-display-component---newResourceUnit--TYPE-arrow"}]}
RESULT: {}
RESULT: {"script":"<script> [1562 bytes]","args":[{"selector":{"id":"application-manageresources-display-component---newResourceUnit--TYPE-arrow"},"wdio_ui5_key":"applicationmanageresources-display-component---newResourceUnit--TYPE-arrow"}]}
RESULT: undefined
COMMAND: POST /session/333f20024c3fd35bde10af9d02cc2546/element - {"using":"xpath","value":"//*[@id=\"application-manageresources-display-component---newResourceUnit--TYPE-arrow\"]"}
RESULT: {"using":"xpath","value":"//*[@id=\"application-manageresources-display-component---newResourceUnit--TYPE-arrow\"]"}
COMMAND: POST /session/333f20024c3fd35bde10af9d02cc2546/element/f.31E86CD389CF42DC451BE2E66032817C.d.9430D15A9DA4757B380C687A0F864778.e.1390/click - {}
RESULT: {}
COMMAND: POST /session/333f20024c3fd35bde10af9d02cc2546/element - {"using":"xpath","value":"//input[@id=\"application-manageresources-display-component---newResourceUnit--TYPE-inner\"]"}
COMMAND: GET /session/333f20024c3fd35bde10af9d02cc2546/screenshot - {}
RESULT: {"using":"xpath","value":"//input[@id=\"application-manageresources-display-component---newResourceUnit--TYPE-inner\"]"}
COMMAND: POST /session/333f20024c3fd35bde10af9d02cc2546/element/f.31E86CD389CF42DC451BE2E66032817C.d.9430D15A9DA4757B380C687A0F864778.e.1386/clear - {}
RESULT: {}
RESULT: {}
COMMAND: POST /session/333f20024c3fd35bde10af9d02cc2546/element/f.31E86CD389CF42DC451BE2E66032817C.d.9430D15A9DA4757B380C687A0F864778.e.1386/value - {"text":"Equipment"}
COMMAND: GET /session/333f20024c3fd35bde10af9d02cc2546/screenshot - {}
RESULT: {"text":"Equipment"}
COMMAND: GET /session/333f20024c3fd35bde10af9d02cc2546/screenshot - {}
RESULT: {}
RESULT: {}
COMMAND: POST /session/333f20024c3fd35bde10af9d02cc2546/actions - {"actions":[{"id":"action2","type":"key","parameters":{},"actions":[{"type":"keyDown","value":""},{"type":"pause","duration":10},{"type":"keyUp","value":""}]}]}
RESULT: {"actions":[{"id":"action2","type":"key","parameters":{},"actions":[{"type":"keyDown","value":""},{"type":"pause","duration":10},{"type":"keyUp","value":""}]}]}
COMMAND: POST /session/333f20024c3fd35bde10af9d02cc2546/execute/async - {"script":"<script> [1562 bytes]","args":[{"selector":{"id":"application-manageresources-display-component---newResourceUnit--resourceId","interaction":{"idSuffix":"inner"}},"wdio_ui5_key":"applicationmanageresources-display-component---newResourceUnit--resourceId"}]}
COMMAND: GET /session/333f20024c3fd35bde10af9d02cc2546/screenshot - {}
RESULT: {"script":"<script> [1562 bytes]","args":[{"selector":{"id":"application-manageresources-display-component---newResourceUnit--resourceId","interaction":{"idSuffix":"inner"}},"wdio_ui5_key":"applicationmanageresources-display-component---newResourceUnit--resourceId"}]}
RESULT: undefined
COMMAND: POST /session/333f20024c3fd35bde10af9d02cc2546/execute/async - {"script":"<script> [776 bytes]","args":[{"enterText":"X8sFQDKxCh","selector":{"id":"application-manageresources-display-component---newResourceUnit--resourceId","interaction":{"idSuffix":"inner"}},"clearTextFirst":true,"interactionType":"ENTER_TEXT"}]}
RESULT: {}
RESULT: {"script":"<script> [776 bytes]","args":[{"enterText":"X8sFQDKxCh","selector":{"id":"application-manageresources-display-component---newResourceUnit--resourceId","interaction":{"idSuffix":"inner"}},"clearTextFirst":true,"interactionType":"ENTER_TEXT"}]}
COMMAND: POST /session/333f20024c3fd35bde10af9d02cc2546/execute/async - {"script":"<script> [1562 bytes]","args":[{"selector":{"id":"application-manageresources-display-component---newResourceUnit--SHORT_TEXT","interaction":{"idSuffix":"inner"}},"wdio_ui5_key":"applicationmanageresources-display-component---newResourceUnit--SHORT_TEXT"}]}
RESULT: {"script":"<script> [1562 bytes]","args":[{"selector":{"id":"application-manageresources-display-component---newResourceUnit--SHORT_TEXT","interaction":{"idSuffix":"inner"}},"wdio_ui5_key":"applicationmanageresources-display-component---newResourceUnit--SHORT_TEXT"}]}
RESULT: undefined
COMMAND: POST /session/333f20024c3fd35bde10af9d02cc2546/execute/async - {"script":"<script> [776 bytes]","args":[{"enterText":"Intercompany Equipment WDIO","selector":{"id":"application-manageresources-display-component---newResourceUnit--SHORT_TEXT","interaction":{"idSuffix":"inner"}},"clearTextFirst":true,"interactionType":"ENTER_TEXT"}]}
RESULT: {"script":"<script> [776 bytes]","args":[{"enterText":"Intercompany Equipment WDIO","selector":{"id":"application-manageresources-display-component---newResourceUnit--SHORT_TEXT","interaction":{"idSuffix":"inner"}},"clearTextFirst":true,"interactionType":"ENTER_TEXT"}]}
COMMAND: POST /session/333f20024c3fd35bde10af9d02cc2546/execute/async - {"script":"<script> [1562 bytes]","args":[{"selector":{"id":"application-manageresources-display-component---newResourceUnit--BASE_UNIT_OF_MEASURE","interaction":{"idSuffix":"inner"}},"wdio_ui5_key":"applicationmanageresources-display-component---newResourceUnit--BASE_UNIT_OF_MEASURE"}]}
RESULT: {"script":"<script> [1562 bytes]","args":[{"selector":{"id":"application-manageresources-display-component---newResourceUnit--BASE_UNIT_OF_MEASURE","interaction":{"idSuffix":"inner"}},"wdio_ui5_key":"applicationmanageresources-display-component---newResourceUnit--BASE_UNIT_OF_MEASURE"}]}
RESULT: undefined
COMMAND: POST /session/333f20024c3fd35bde10af9d02cc2546/execute/async - {"script":"<script> [776 bytes]","args":[{"enterText":"Piece","selector":{"id":"application-manageresources-display-component---newResourceUnit--BASE_UNIT_OF_MEASURE","interaction":{"idSuffix":"inner"}},"clearTextFirst":true,"interactionType":"ENTER_TEXT"}]}
RESULT: {"script":"<script> [776 bytes]","args":[{"enterText":"Piece","selector":{"id":"application-manageresources-display-component---newResourceUnit--BASE_UNIT_OF_MEASURE","interaction":{"idSuffix":"inner"}},"clearTextFirst":true,"interactionType":"ENTER_TEXT"}]}
COMMAND: POST /session/333f20024c3fd35bde10af9d02cc2546/execute/async - {"script":"<script> [1562 bytes]","args":[{"selector":{"id":"application-manageresources-display-component---newResourceUnit--WEIGHT_UNIT","interaction":{"idSuffix":"inner"}},"wdio_ui5_key":"applicationmanageresources-display-component---newResourceUnit--WEIGHT_UNIT"}]}
RESULT: {"script":"<script> [1562 bytes]","args":[{"selector":{"id":"application-manageresources-display-component---newResourceUnit--WEIGHT_UNIT","interaction":{"idSuffix":"inner"}},"wdio_ui5_key":"applicationmanageresources-display-component---newResourceUnit--WEIGHT_UNIT"}]}
RESULT: undefined
COMMAND: POST /session/333f20024c3fd35bde10af9d02cc2546/execute/async - {"script":"<script> [776 bytes]","args":[{"enterText":"Gram","selector":{"id":"application-manageresources-display-component---newResourceUnit--WEIGHT_UNIT","interaction":{"idSuffix":"inner"}},"clearTextFirst":true,"interactionType":"ENTER_TEXT"}]}
RESULT: {"script":"<script> [776 bytes]","args":[{"enterText":"Gram","selector":{"id":"application-manageresources-display-component---newResourceUnit--WEIGHT_UNIT","interaction":{"idSuffix":"inner"}},"clearTextFirst":true,"interactionType":"ENTER_TEXT"}]}
COMMAND: POST /session/333f20024c3fd35bde10af9d02cc2546/execute/async - {"script":"<script> [1562 bytes]","args":[{"selector":{"id":"application-manageresources-display-component---newResourceUnit--DIMENSION_UNIT","interaction":{"idSuffix":"inner"}},"wdio_ui5_key":"applicationmanageresources-display-component---newResourceUnit--DIMENSION_UNIT"}]}
RESULT: {"script":"<script> [1562 bytes]","args":[{"selector":{"id":"application-manageresources-display-component---newResourceUnit--DIMENSION_UNIT","interaction":{"idSuffix":"inner"}},"wdio_ui5_key":"applicationmanageresources-display-component---newResourceUnit--DIMENSION_UNIT"}]}
RESULT: undefined
COMMAND: POST /session/333f20024c3fd35bde10af9d02cc2546/execute/async - {"script":"<script> [776 bytes]","args":[{"enterText":"Meter","selector":{"id":"application-manageresources-display-component---newResourceUnit--DIMENSION_UNIT","interaction":{"idSuffix":"inner"}},"clearTextFirst":true,"interactionType":"ENTER_TEXT"}]}
RESULT: {"script":"<script> [776 bytes]","args":[{"enterText":"Meter","selector":{"id":"application-manageresources-display-component---newResourceUnit--DIMENSION_UNIT","interaction":{"idSuffix":"inner"}},"clearTextFirst":true,"interactionType":"ENTER_TEXT"}]}
COMMAND: POST /session/333f20024c3fd35bde10af9d02cc2546/execute/async - {"script":"<script> [1562 bytes]","args":[{"selector":{"id":"application-manageresources-display-component---newResourceUnit--newRRUPage-anchBar-application-manageresources-display-component---newResourceUnit--control-anchor","interaction":{"idSuffix":"BDI-content"}},"wdio_ui5_key":"applicationmanageresources-display-component---newResourceUnit--newRRUPage-anchBar-application-manageresources-display-component---newResourceUnit--control-anchor"}]}
RESULT: {"script":"<script> [1562 bytes]","args":[{"selector":{"id":"application-manageresources-display-component---newResourceUnit--newRRUPage-anchBar-application-manageresources-display-component---newResourceUnit--control-anchor","interaction":{"idSuffix":"BDI-content"}},"wdio_ui5_key":"applicationmanageresources-display-component---newResourceUnit--newRRUPage-anchBar-application-manageresources-display-component---newResourceUnit--control-anchor"}]}
RESULT: undefined
COMMAND: POST /session/333f20024c3fd35bde10af9d02cc2546/element - {"using":"xpath","value":"//*[@id=\"application-manageresources-display-component---newResourceUnit--newRRUPage-anchBar-application-manageresources-display-component---newResourceUnit--control-anchor\"]"}
RESULT: {"using":"xpath","value":"//*[@id=\"application-manageresources-display-component---newResourceUnit--newRRUPage-anchBar-application-manageresources-display-component---newResourceUnit--control-anchor\"]"}
COMMAND: POST /session/333f20024c3fd35bde10af9d02cc2546/element/f.31E86CD389CF42DC451BE2E66032817C.d.9430D15A9DA4757B380C687A0F864778.e.1547/click - {}
RESULT: {}
COMMAND: POST /session/333f20024c3fd35bde10af9d02cc2546/execute/async - {"script":"<script> [1562 bytes]","args":[{"selector":{"id":"application-manageresources-display-component---newResourceUnit--PLANNING_GROUP","interaction":{"idSuffix":"inner"}},"wdio_ui5_key":"applicationmanageresources-display-component---newResourceUnit--PLANNING_GROUP"}]}
COMMAND: GET /session/333f20024c3fd35bde10af9d02cc2546/screenshot - {}
RESULT: {"script":"<script> [1562 bytes]","args":[{"selector":{"id":"application-manageresources-display-component---newResourceUnit--PLANNING_GROUP","interaction":{"idSuffix":"inner"}},"wdio_ui5_key":"applicationmanageresources-display-component---newResourceUnit--PLANNING_GROUP"}]}
RESULT: undefined
COMMAND: POST /session/333f20024c3fd35bde10af9d02cc2546/execute/async - {"script":"<script> [776 bytes]","args":[{"enterText":"Heavy Equi","selector":{"id":"application-manageresources-display-component---newResourceUnit--PLANNING_GROUP","interaction":{"idSuffix":"inner"}},"clearTextFirst":true,"interactionType":"ENTER_TEXT"}]}
RESULT: {}
RESULT: {"script":"<script> [776 bytes]","args":[{"enterText":"Heavy Equi","selector":{"id":"application-manageresources-display-component---newResourceUnit--PLANNING_GROUP","interaction":{"idSuffix":"inner"}},"clearTextFirst":true,"interactionType":"ENTER_TEXT"}]}
COMMAND: POST /session/333f20024c3fd35bde10af9d02cc2546/execute/async - {"script":"<script> [1562 bytes]","args":[{"selector":{"id":"application-manageresources-display-component---newResourceUnit--ITEM_TYPE-arrow"},"wdio_ui5_key":"applicationmanageresources-display-component---newResourceUnit--ITEM_TYPE-arrow"}]}
RESULT: {"script":"<script> [1562 bytes]","args":[{"selector":{"id":"application-manageresources-display-component---newResourceUnit--ITEM_TYPE-arrow"},"wdio_ui5_key":"applicationmanageresources-display-component---newResourceUnit--ITEM_TYPE-arrow"}]}
RESULT: undefined
COMMAND: POST /session/333f20024c3fd35bde10af9d02cc2546/element - {"using":"xpath","value":"//*[@id=\"application-manageresources-display-component---newResourceUnit--ITEM_TYPE-arrow\"]"}
RESULT: {"using":"xpath","value":"//*[@id=\"application-manageresources-display-component---newResourceUnit--ITEM_TYPE-arrow\"]"}
COMMAND: POST /session/333f20024c3fd35bde10af9d02cc2546/element/f.31E86CD389CF42DC451BE2E66032817C.d.9430D15A9DA4757B380C687A0F864778.e.1554/click - {}
RESULT: {}
COMMAND: POST /session/333f20024c3fd35bde10af9d02cc2546/element - {"using":"xpath","value":"(//span[contains(text(), \"Resource Unit\")])[2]"}
COMMAND: GET /session/333f20024c3fd35bde10af9d02cc2546/screenshot - {}
RESULT: {"using":"xpath","value":"(//span[contains(text(), \"Resource Unit\")])[2]"}
COMMAND: POST /session/333f20024c3fd35bde10af9d02cc2546/element/f.31E86CD389CF42DC451BE2E66032817C.d.9430D15A9DA4757B380C687A0F864778.e.1555/click - {}
RESULT: {}
RESULT: {}
COMMAND: GET /session/333f20024c3fd35bde10af9d02cc2546/screenshot - {}
RESULT: {}
COMMAND: POST /session/333f20024c3fd35bde10af9d02cc2546/element - {"using":"css selector","value":"#application-manageresources-display-component---newResourceUnit--btnAddTimeSegment"}
RESULT: {"using":"css selector","value":"#application-manageresources-display-component---newResourceUnit--btnAddTimeSegment"}
COMMAND: GET /session/333f20024c3fd35bde10af9d02cc2546/element/f.31E86CD389CF42DC451BE2E66032817C.d.9430D15A9DA4757B380C687A0F864778.e.1562/rect - {}
RESULT: {}
COMMAND: GET /session/333f20024c3fd35bde10af9d02cc2546/window/rect - {}
RESULT: {}
COMMAND: POST /session/333f20024c3fd35bde10af9d02cc2546/execute/sync - {"script":"<script> [92 bytes]","args":[]}
RESULT: {"script":"<script> [92 bytes]","args":[]}
COMMAND: POST /session/333f20024c3fd35bde10af9d02cc2546/actions - {"actions":[{"id":"action3","type":"wheel","parameters":{},"actions":[{"type":"scroll","x":-1888,"y":-32,"deltaX":0,"deltaY":0,"duration":0,"origin":{"element-6066-11e4-a52e-4f735466cecf":"f.31E86CD389CF42DC451BE2E66032817C.d.9430D15A9DA4757B380C687A0F864778.e.1562"}}]}]}
COMMAND: GET /session/333f20024c3fd35bde10af9d02cc2546/screenshot - {}
RESULT: {}
COMMAND: POST /session/333f20024c3fd35bde10af9d02cc2546/execute/sync - {"script":"<script> [79 bytes]","args":[{"element-6066-11e4-a52e-4f735466cecf":"f.31E86CD389CF42DC451BE2E66032817C.d.9430D15A9DA4757B380C687A0F864778.e.1562","ELEMENT":"f.31E86CD389CF42DC451BE2E66032817C.d.9430D15A9DA4757B380C687A0F864778.e.1562"},{"block":"start","inline":"nearest"}]}
RESULT: {"script":"<script> [79 bytes]","args":[{"element-6066-11e4-a52e-4f735466cecf":"f.31E86CD389CF42DC451BE2E66032817C.d.9430D15A9DA4757B380C687A0F864778.e.1562","ELEMENT":"f.31E86CD389CF42DC451BE2E66032817C.d.9430D15A9DA4757B380C687A0F864778.e.1562"},{"block":"start","inline":"nearest"}]}
COMMAND: POST /session/333f20024c3fd35bde10af9d02cc2546/execute/async - {"script":"<script> [1562 bytes]","args":[{"selector":{"id":"application-manageresources-display-component---newResourceUnit--btnAddTimeSegment","interaction":{"idSuffix":"inner"}},"wdio_ui5_key":"applicationmanageresources-display-component---newResourceUnit--btnAddTimeSegment"}]}
COMMAND: GET /session/333f20024c3fd35bde10af9d02cc2546/screenshot - {}
RESULT: {"script":"<script> [1562 bytes]","args":[{"selector":{"id":"application-manageresources-display-component---newResourceUnit--btnAddTimeSegment","interaction":{"idSuffix":"inner"}},"wdio_ui5_key":"applicationmanageresources-display-component---newResourceUnit--btnAddTimeSegment"}]}
RESULT: undefined
COMMAND: POST /session/333f20024c3fd35bde10af9d02cc2546/element - {"using":"xpath","value":"//*[@id=\"application-manageresources-display-component---newResourceUnit--btnAddTimeSegment\"]"}
RESULT: {}
RESULT: {"using":"xpath","value":"//*[@id=\"application-manageresources-display-component---newResourceUnit--btnAddTimeSegment\"]"}
COMMAND: POST /session/333f20024c3fd35bde10af9d02cc2546/element/f.31E86CD389CF42DC451BE2E66032817C.d.9430D15A9DA4757B380C687A0F864778.e.1562/click - {}
RESULT: {}
COMMAND: GET /session/333f20024c3fd35bde10af9d02cc2546/screenshot - {}
RESULT: {}
COMMAND: POST /session/333f20024c3fd35bde10af9d02cc2546/element - {"using":"xpath","value":"//input[@id=\"application-manageresources-display-component---newResourceUnit--idRuTSAdmin-application-manageresources-display-component---newResourceUnit--RUTimeSegment-0-inner\"]"}
RESULT: {"using":"xpath","value":"//input[@id=\"application-manageresources-display-component---newResourceUnit--idRuTSAdmin-application-manageresources-display-component---newResourceUnit--RUTimeSegment-0-inner\"]"}
COMMAND: POST /session/333f20024c3fd35bde10af9d02cc2546/element/f.31E86CD389CF42DC451BE2E66032817C.d.9430D15A9DA4757B380C687A0F864778.e.1568/clear - {}
RESULT: {}
COMMAND: POST /session/333f20024c3fd35bde10af9d02cc2546/element/f.31E86CD389CF42DC451BE2E66032817C.d.9430D15A9DA4757B380C687A0F864778.e.1568/value - {"text":"229"}
COMMAND: GET /session/333f20024c3fd35bde10af9d02cc2546/screenshot - {}
RESULT: {"text":"229"}
COMMAND: GET /session/333f20024c3fd35bde10af9d02cc2546/screenshot - {}
RESULT: {}
RESULT: {}
COMMAND: POST /session/333f20024c3fd35bde10af9d02cc2546/element - {"using":"xpath","value":"//li[.//span[text()='229']]"}
RESULT: {"using":"xpath","value":"//li[.//span[text()='229']]"}
COMMAND: POST /session/333f20024c3fd35bde10af9d02cc2546/element/f.31E86CD389CF42DC451BE2E66032817C.d.9430D15A9DA4757B380C687A0F864778.e.1580/click - {}
RESULT: {}
COMMAND: GET /session/333f20024c3fd35bde10af9d02cc2546/screenshot - {}
RESULT: {}
COMMAND: POST /session/333f20024c3fd35bde10af9d02cc2546/element - {"using":"xpath","value":"(//span[contains(@id, \"-application-manageresources-display-component---newResourceUnit--RUTimeSegment-0-arrow\")])[6]"}
RESULT: {"using":"xpath","value":"(//span[contains(@id, \"-application-manageresources-display-component---newResourceUnit--RUTimeSegment-0-arrow\")])[6]"}
COMMAND: POST /session/333f20024c3fd35bde10af9d02cc2546/element/f.31E86CD389CF42DC451BE2E66032817C.d.9430D15A9DA4757B380C687A0F864778.e.1581/click - {}
RESULT: {}
COMMAND: GET /session/333f20024c3fd35bde10af9d02cc2546/screenshot - {}
RESULT: {}
COMMAND: POST /session/333f20024c3fd35bde10af9d02cc2546/element - {"using":"xpath","value":"//span[contains(text(), \"PM Order\")]"}
RESULT: {"using":"xpath","value":"//span[contains(text(), \"PM Order\")]"}
COMMAND: POST /session/333f20024c3fd35bde10af9d02cc2546/element/f.31E86CD389CF42DC451BE2E66032817C.d.9430D15A9DA4757B380C687A0F864778.e.1584/click - {}
RESULT: {}
COMMAND: GET /session/333f20024c3fd35bde10af9d02cc2546/screenshot - {}
RESULT: {}
COMMAND: POST /session/333f20024c3fd35bde10af9d02cc2546/element - {"using":"xpath","value":"(//span[contains(@id ,\"manageresources-display-component---newResourceUnit--RUTimeSegment-0-vhi\")])[1]"}
RESULT: {"using":"xpath","value":"(//span[contains(@id ,\"manageresources-display-component---newResourceUnit--RUTimeSegment-0-vhi\")])[1]"}
COMMAND: GET /session/333f20024c3fd35bde10af9d02cc2546/element/f.31E86CD389CF42DC451BE2E66032817C.d.9430D15A9DA4757B380C687A0F864778.e.1588/rect - {}
RESULT: {}
COMMAND: GET /session/333f20024c3fd35bde10af9d02cc2546/window/rect - {}
RESULT: {}
COMMAND: POST /session/333f20024c3fd35bde10af9d02cc2546/execute/sync - {"script":"<script> [92 bytes]","args":[]}
RESULT: {"script":"<script> [92 bytes]","args":[]}
COMMAND: POST /session/333f20024c3fd35bde10af9d02cc2546/actions - {"actions":[{"id":"action4","type":"wheel","parameters":{},"actions":[{"type":"scroll","x":-869,"y":-24,"deltaX":0,"deltaY":0,"duration":0,"origin":{"element-6066-11e4-a52e-4f735466cecf":"f.31E86CD389CF42DC451BE2E66032817C.d.9430D15A9DA4757B380C687A0F864778.e.1588"}}]}]}
COMMAND: GET /session/333f20024c3fd35bde10af9d02cc2546/screenshot - {}
RESULT: {"actions":[{"id":"action4","type":"wheel","parameters":{},"actions":[{"type":"scroll","x":-869,"y":-24,"deltaX":0,"deltaY":0,"duration":0,"origin":{"element-6066-11e4-a52e-4f735466cecf":"f.31E86CD389CF42DC451BE2E66032817C.d.9430D15A9DA4757B380C687A0F864778.e.1588"}}]}]}
COMMAND: DELETE /session/333f20024c3fd35bde10af9d02cc2546/actions - {}
COMMAND: GET /session/333f20024c3fd35bde10af9d02cc2546/screenshot - {}
RESULT: {}
RESULT: {}
COMMAND: GET /session/333f20024c3fd35bde10af9d02cc2546/screenshot - {}
RESULT: {}
RESULT: {}
COMMAND: POST /session/333f20024c3fd35bde10af9d02cc2546/element/f.31E86CD389CF42DC451BE2E66032817C.d.9430D15A9DA4757B380C687A0F864778.e.1588/click - {}
RESULT: {}
COMMAND: GET /session/333f20024c3fd35bde10af9d02cc2546/screenshot - {}
RESULT: {}
RESULT: undefined
COMMAND: POST /session/333f20024c3fd35bde10af9d02cc2546/execute/async - {"script":"<script> [776 bytes]","args":[{"enterText":"4000360","selector":{"controlType":"sap.m.SearchField","properties":{"placeholder":"Search"},"searchOpenDialogs":true,"interaction":{"idSuffix":"I"}},"clearTextFirst":true,"interactionType":"ENTER_TEXT"}]}
RESULT: {"script":"<script> [776 bytes]","args":[{"enterText":"4000360","selector":{"controlType":"sap.m.SearchField","properties":{"placeholder":"Search"},"searchOpenDialogs":true,"interaction":{"idSuffix":"I"}},"clearTextFirst":true,"interactionType":"ENTER_TEXT"}]}
COMMAND: POST /session/333f20024c3fd35bde10af9d02cc2546/actions - {"actions":[{"id":"action5","type":"key","parameters":{},"actions":[{"type":"keyDown","value":""},{"type":"pause","duration":10},{"type":"keyUp","value":""}]}]}
RESULT: {"actions":[{"id":"action5","type":"key","parameters":{},"actions":[{"type":"keyDown","value":""},{"type":"pause","duration":10},{"type":"keyUp","value":""}]}]}
COMMAND: GET /session/333f20024c3fd35bde10af9d02cc2546/screenshot - {}
RESULT: {}
COMMAND: POST /session/333f20024c3fd35bde10af9d02cc2546/element - {"using":"xpath","value":"//td/div/span[contains(text(), \"BGL Vehicles\")]"}
RESULT: {"using":"xpath","value":"//td/div/span[contains(text(), \"BGL Vehicles\")]"}
COMMAND: POST /session/333f20024c3fd35bde10af9d02cc2546/element/f.31E86CD389CF42DC451BE2E66032817C.d.9430D15A9DA4757B380C687A0F864778.e.1609/click - {}
RESULT: {}
COMMAND: GET /session/333f20024c3fd35bde10af9d02cc2546/screenshot - {}
RESULT: {}
COMMAND: POST /session/333f20024c3fd35bde10af9d02cc2546/element - {"using":"xpath","value":"//bdi[contains(text(), \"OK\")]"}
RESULT: {"using":"xpath","value":"//bdi[contains(text(), \"OK\")]"}
COMMAND: POST /session/333f20024c3fd35bde10af9d02cc2546/element/f.31E86CD389CF42DC451BE2E66032817C.d.9430D15A9DA4757B380C687A0F864778.e.1610/click - {}
RESULT: {}
COMMAND: GET /session/333f20024c3fd35bde10af9d02cc2546/screenshot - {}
RESULT: {}
COMMAND: POST /session/333f20024c3fd35bde10af9d02cc2546/execute/async - {"script":"<script> [1562 bytes]","args":[{"selector":{"id":"application-manageresources-display-component---newResourceUnit--newRRUPage-anchBar-application-manageresources-display-component---newResourceUnit--resource-anchor","interaction":{"idSuffix":"BDI-content"}},"wdio_ui5_key":"applicationmanageresources-display-component---newResourceUnit--newRRUPage-anchBar-application-manageresources-display-component---newResourceUnit--resource-anchor"}]}
RESULT: {"script":"<script> [1562 bytes]","args":[{"selector":{"id":"application-manageresources-display-component---newResourceUnit--newRRUPage-anchBar-application-manageresources-display-component---newResourceUnit--resource-anchor","interaction":{"idSuffix":"BDI-content"}},"wdio_ui5_key":"applicationmanageresources-display-component---newResourceUnit--newRRUPage-anchBar-application-manageresources-display-component---newResourceUnit--resource-anchor"}]}
RESULT: undefined
COMMAND: POST /session/333f20024c3fd35bde10af9d02cc2546/element - {"using":"xpath","value":"//*[@id=\"application-manageresources-display-component---newResourceUnit--newRRUPage-anchBar-application-manageresources-display-component---newResourceUnit--resource-anchor\"]"}
RESULT: {"using":"xpath","value":"//*[@id=\"application-manageresources-display-component---newResourceUnit--newRRUPage-anchBar-application-manageresources-display-component---newResourceUnit--resource-anchor\"]"}
COMMAND: POST /session/333f20024c3fd35bde10af9d02cc2546/element/f.31E86CD389CF42DC451BE2E66032817C.d.9430D15A9DA4757B380C687A0F864778.e.1614/click - {}
RESULT: {}
COMMAND: POST /session/333f20024c3fd35bde10af9d02cc2546/execute/async - {"script":"<script> [1562 bytes]","args":[{"selector":{"id":"application-manageresources-display-component---newResourceUnit--PLANNED_DELIVERY_DATE","interaction":{"idSuffix":"inner"}},"wdio_ui5_key":"applicationmanageresources-display-component---newResourceUnit--PLANNED_DELIVERY_DATE"}]}
COMMAND: GET /session/333f20024c3fd35bde10af9d02cc2546/screenshot - {}
RESULT: {"script":"<script> [1562 bytes]","args":[{"selector":{"id":"application-manageresources-display-component---newResourceUnit--PLANNED_DELIVERY_DATE","interaction":{"idSuffix":"inner"}},"wdio_ui5_key":"applicationmanageresources-display-component---newResourceUnit--PLANNED_DELIVERY_DATE"}]}
RESULT: undefined
COMMAND: POST /session/333f20024c3fd35bde10af9d02cc2546/execute/async - {"script":"<script> [6424 bytes]","args":[{"element-6066-11e4-a52e-4f735466cecf":"f.31E86CD389CF42DC451BE2E66032817C.d.9430D15A9DA4757B380C687A0F864778.e.1446"},"setValue",["5/23/25"]]}
RESULT: {}
RESULT: {"script":"<script> [6424 bytes]","args":[{"element-6066-11e4-a52e-4f735466cecf":"f.31E86CD389CF42DC451BE2E66032817C.d.9430D15A9DA4757B380C687A0F864778.e.1446"},"setValue",["5/23/25"]]}
COMMAND: POST /session/333f20024c3fd35bde10af9d02cc2546/element - {"using":"xpath","value":"//label[contains(@class, 'sapMLabelRequired') and .//bdi[contains(text(), 'Planned Retirement')]]"}
RESULT: {"using":"xpath","value":"//label[contains(@class, 'sapMLabelRequired') and .//bdi[contains(text(), 'Planned Retirement')]]"}
COMMAND: POST /session/333f20024c3fd35bde10af9d02cc2546/elements - {"using":"xpath","value":"//label[contains(@class, 'sapMLabelRequired') and .//bdi[contains(text(), 'Planned Retirement')]]"}
RESULT: {"using":"xpath","value":"//label[contains(@class, 'sapMLabelRequired') and .//bdi[contains(text(), 'Planned Retirement')]]"}
COMMAND: POST /session/333f20024c3fd35bde10af9d02cc2546/element - {"using":"xpath","value":"//button[@data-kt=\"resourceUnitSaveButton\"]"}
RESULT: {"using":"xpath","value":"//button[@data-kt=\"resourceUnitSaveButton\"]"}
COMMAND: POST /session/333f20024c3fd35bde10af9d02cc2546/element/f.31E86CD389CF42DC451BE2E66032817C.d.9430D15A9DA4757B380C687A0F864778.e.1406/click - {}
RESULT: {}
COMMAND: GET /session/333f20024c3fd35bde10af9d02cc2546/screenshot - {}
RESULT: {}
COMMAND: POST /session/333f20024c3fd35bde10af9d02cc2546/element - {"using":"xpath","value":"//bdi[contains(text(), \"Close\")]"}
RESULT: {"using":"xpath","value":"//bdi[contains(text(), \"Close\")]"}
COMMAND: POST /session/333f20024c3fd35bde10af9d02cc2546/element/f.31E86CD389CF42DC451BE2E66032817C.d.9430D15A9DA4757B380C687A0F864778.e.1623/click - {}
RESULT: {}
COMMAND: GET /session/333f20024c3fd35bde10af9d02cc2546/screenshot - {}
RESULT: {}
COMMAND: POST /session/333f20024c3fd35bde10af9d02cc2546/element - {"using":"xpath","value":"(//button[contains(@id ,\"actionsToolbar-overflowButton\")])[1]"}
RESULT: {"using":"xpath","value":"(//button[contains(@id ,\"actionsToolbar-overflowButton\")])[1]"}
COMMAND: POST /session/333f20024c3fd35bde10af9d02cc2546/element/f.31E86CD389CF42DC451BE2E66032817C.d.9430D15A9DA4757B380C687A0F864778.e.1655/click - {}
RESULT: {}
COMMAND: GET /session/333f20024c3fd35bde10af9d02cc2546/screenshot - {}
RESULT: {}
COMMAND: POST /session/333f20024c3fd35bde10af9d02cc2546/element - {"using":"xpath","value":"//button[@data-kt=\"priceInfoButton\"]"}
RESULT: {"using":"xpath","value":"//button[@data-kt=\"priceInfoButton\"]"}
COMMAND: POST /session/333f20024c3fd35bde10af9d02cc2546/element/f.31E86CD389CF42DC451BE2E66032817C.d.9430D15A9DA4757B380C687A0F864778.e.1657/click - {}
RESULT: {}
COMMAND: GET /session/333f20024c3fd35bde10af9d02cc2546/screenshot - {}
RESULT: {}
COMMAND: POST /session/333f20024c3fd35bde10af9d02cc2546/element - {"using":"css selector","value":"#shell-header-logo"}
RESULT: {"using":"css selector","value":"#shell-header-logo"}
COMMAND: POST /session/333f20024c3fd35bde10af9d02cc2546/element/f.31E86CD389CF42DC451BE2E66032817C.d.9430D15A9DA4757B380C687A0F864778.e.1008/click - {}
RESULT: {}
]]></system-out>
    </testcase>
    <testcase classname="chrome.136_0_7103_93.windows.Create_condition_pricing_US117289_US134625" name="Should create new condition" time="77.343">
      <system-out><![CDATA[
COMMAND: POST /session/333f20024c3fd35bde10af9d02cc2546/execute/async - {"script":"<script> [1562 bytes]","args":[{"selector":{"controlType":"sap.m.GenericTile","properties":{"header":"Manage Conditions & Prices"}},"wdio_ui5_key":"sapm.GenericTile{\"header\":\"Manage Conditions & Prices\"}"}]}
COMMAND: GET /session/333f20024c3fd35bde10af9d02cc2546/screenshot - {}
RESULT: {"script":"<script> [1562 bytes]","args":[{"selector":{"controlType":"sap.m.GenericTile","properties":{"header":"Manage Conditions & Prices"}},"wdio_ui5_key":"sapm.GenericTile{\"header\":\"Manage Conditions & Prices\"}"}]}
RESULT: undefined
COMMAND: POST /session/333f20024c3fd35bde10af9d02cc2546/element - {"using":"xpath","value":"//*[@id=\"__tile53\"]"}
RESULT: {}
RESULT: {"using":"xpath","value":"//*[@id=\"__tile53\"]"}
COMMAND: POST /session/333f20024c3fd35bde10af9d02cc2546/element/f.31E86CD389CF42DC451BE2E66032817C.d.9430D15A9DA4757B380C687A0F864778.e.201/click - {}
RESULT: {}
COMMAND: GET /session/333f20024c3fd35bde10af9d02cc2546/screenshot - {}
RESULT: {}
COMMAND: POST /session/333f20024c3fd35bde10af9d02cc2546/elements - {"using":"xpath","value":"//span[text()='Error']"}
RESULT: {"using":"xpath","value":"//span[text()='Error']"}
COMMAND: POST /session/333f20024c3fd35bde10af9d02cc2546/element - {"using":"xpath","value":"//button[@aria-label=\"Create\"]"}
RESULT: {"using":"xpath","value":"//button[@aria-label=\"Create\"]"}
COMMAND: POST /session/333f20024c3fd35bde10af9d02cc2546/elements - {"using":"xpath","value":"//button[@aria-label=\"Create\"]"}
RESULT: {"using":"xpath","value":"//button[@aria-label=\"Create\"]"}
COMMAND: POST /session/333f20024c3fd35bde10af9d02cc2546/execute/sync - {"script":"<script> [8489 bytes]","args":[{"element-6066-11e4-a52e-4f735466cecf":"f.31E86CD389CF42DC451BE2E66032817C.d.9430D15A9DA4757B380C687A0F864778.e.1732","ELEMENT":"f.31E86CD389CF42DC451BE2E66032817C.d.9430D15A9DA4757B380C687A0F864778.e.1732"}]}
RESULT: {"script":"<script> [8489 bytes]","args":[{"element-6066-11e4-a52e-4f735466cecf":"f.31E86CD389CF42DC451BE2E66032817C.d.9430D15A9DA4757B380C687A0F864778.e.1732","ELEMENT":"f.31E86CD389CF42DC451BE2E66032817C.d.9430D15A9DA4757B380C687A0F864778.e.1732"}]}
COMMAND: GET /session/333f20024c3fd35bde10af9d02cc2546/element/f.31E86CD389CF42DC451BE2E66032817C.d.9430D15A9DA4757B380C687A0F864778.e.1732/enabled - {}
COMMAND: GET /session/333f20024c3fd35bde10af9d02cc2546/screenshot - {}
RESULT: {}
COMMAND: POST /session/333f20024c3fd35bde10af9d02cc2546/execute/sync - {"script":"<script> [8489 bytes]","args":[{"element-6066-11e4-a52e-4f735466cecf":"f.31E86CD389CF42DC451BE2E66032817C.d.9430D15A9DA4757B380C687A0F864778.e.1732","ELEMENT":"f.31E86CD389CF42DC451BE2E66032817C.d.9430D15A9DA4757B380C687A0F864778.e.1732"}]}
COMMAND: GET /session/333f20024c3fd35bde10af9d02cc2546/screenshot - {}
RESULT: {}
RESULT: {"script":"<script> [8489 bytes]","args":[{"element-6066-11e4-a52e-4f735466cecf":"f.31E86CD389CF42DC451BE2E66032817C.d.9430D15A9DA4757B380C687A0F864778.e.1732","ELEMENT":"f.31E86CD389CF42DC451BE2E66032817C.d.9430D15A9DA4757B380C687A0F864778.e.1732"}]}
COMMAND: POST /session/333f20024c3fd35bde10af9d02cc2546/execute/sync - {"script":"<script> [5351 bytes]","args":[{"element-6066-11e4-a52e-4f735466cecf":"f.31E86CD389CF42DC451BE2E66032817C.d.9430D15A9DA4757B380C687A0F864778.e.1732","ELEMENT":"f.31E86CD389CF42DC451BE2E66032817C.d.9430D15A9DA4757B380C687A0F864778.e.1732"}]}
COMMAND: GET /session/333f20024c3fd35bde10af9d02cc2546/screenshot - {}
RESULT: {}
RESULT: {"script":"<script> [5351 bytes]","args":[{"element-6066-11e4-a52e-4f735466cecf":"f.31E86CD389CF42DC451BE2E66032817C.d.9430D15A9DA4757B380C687A0F864778.e.1732","ELEMENT":"f.31E86CD389CF42DC451BE2E66032817C.d.9430D15A9DA4757B380C687A0F864778.e.1732"}]}
COMMAND: POST /session/333f20024c3fd35bde10af9d02cc2546/element/f.31E86CD389CF42DC451BE2E66032817C.d.9430D15A9DA4757B380C687A0F864778.e.1732/click - {}
COMMAND: GET /session/333f20024c3fd35bde10af9d02cc2546/screenshot - {}
RESULT: {}
RESULT: {}
COMMAND: GET /session/333f20024c3fd35bde10af9d02cc2546/screenshot - {}
RESULT: {}
RESULT: {}
COMMAND: POST /session/333f20024c3fd35bde10af9d02cc2546/actions - {"actions":[{"id":"action6","type":"key","parameters":{},"actions":[{"type":"keyDown","value":""},{"type":"pause","duration":10},{"type":"keyUp","value":""}]}]}
RESULT: {"actions":[{"id":"action6","type":"key","parameters":{},"actions":[{"type":"keyDown","value":""},{"type":"pause","duration":10},{"type":"keyUp","value":""}]}]}
COMMAND: GET /session/333f20024c3fd35bde10af9d02cc2546/screenshot - {}
RESULT: {}
COMMAND: POST /session/333f20024c3fd35bde10af9d02cc2546/execute/async - {"script":"<script> [1562 bytes]","args":[{"selector":{"id":"application-manageconditionprice-display-component---newCondition--condBillCond-arrow"},"wdio_ui5_key":"applicationmanageconditionprice-display-component---newCondition--condBillCond-arrow"}]}
RESULT: {"script":"<script> [1562 bytes]","args":[{"selector":{"id":"application-manageconditionprice-display-component---newCondition--condBillCond-arrow"},"wdio_ui5_key":"applicationmanageconditionprice-display-component---newCondition--condBillCond-arrow"}]}
RESULT: undefined
COMMAND: POST /session/333f20024c3fd35bde10af9d02cc2546/element - {"using":"xpath","value":"//*[@id=\"application-manageconditionprice-display-component---newCondition--condBillCond-arrow\"]"}
RESULT: {"using":"xpath","value":"//*[@id=\"application-manageconditionprice-display-component---newCondition--condBillCond-arrow\"]"}
COMMAND: POST /session/333f20024c3fd35bde10af9d02cc2546/element/f.31E86CD389CF42DC451BE2E66032817C.d.9430D15A9DA4757B380C687A0F864778.e.1911/click - {}
RESULT: {}
COMMAND: GET /session/333f20024c3fd35bde10af9d02cc2546/screenshot - {}
RESULT: {}
COMMAND: POST /session/333f20024c3fd35bde10af9d02cc2546/element - {"using":"xpath","value":"//li[.//span[contains(text(), \"SAPR - Sales price\")]]"}
RESULT: {"using":"xpath","value":"//li[.//span[contains(text(), \"SAPR - Sales price\")]]"}
COMMAND: POST /session/333f20024c3fd35bde10af9d02cc2546/element/f.31E86CD389CF42DC451BE2E66032817C.d.9430D15A9DA4757B380C687A0F864778.e.1915/click - {}
RESULT: {}
COMMAND: GET /session/333f20024c3fd35bde10af9d02cc2546/screenshot - {}
RESULT: {}
COMMAND: POST /session/333f20024c3fd35bde10af9d02cc2546/execute/async - {"script":"<script> [1562 bytes]","args":[{"selector":{"id":"application-manageconditionprice-display-component---newCondition--condValidTo","interaction":{"idSuffix":"inner"}},"wdio_ui5_key":"applicationmanageconditionprice-display-component---newCondition--condValidTo"}]}
RESULT: {"script":"<script> [1562 bytes]","args":[{"selector":{"id":"application-manageconditionprice-display-component---newCondition--condValidTo","interaction":{"idSuffix":"inner"}},"wdio_ui5_key":"applicationmanageconditionprice-display-component---newCondition--condValidTo"}]}
RESULT: undefined
COMMAND: POST /session/333f20024c3fd35bde10af9d02cc2546/execute/async - {"script":"<script> [776 bytes]","args":[{"enterText":"1/23/26","selector":{"id":"application-manageconditionprice-display-component---newCondition--condValidTo","interaction":{"idSuffix":"inner"}},"clearTextFirst":true,"interactionType":"ENTER_TEXT"}]}
RESULT: {"script":"<script> [776 bytes]","args":[{"enterText":"1/23/26","selector":{"id":"application-manageconditionprice-display-component---newCondition--condValidTo","interaction":{"idSuffix":"inner"}},"clearTextFirst":true,"interactionType":"ENTER_TEXT"}]}
COMMAND: POST /session/333f20024c3fd35bde10af9d02cc2546/element - {"using":"xpath","value":"//input[@id=\"application-manageconditionprice-display-component---newCondition--condRU-inner\"]"}
RESULT: {"using":"xpath","value":"//input[@id=\"application-manageconditionprice-display-component---newCondition--condRU-inner\"]"}
COMMAND: POST /session/333f20024c3fd35bde10af9d02cc2546/element/f.31E86CD389CF42DC451BE2E66032817C.d.9430D15A9DA4757B380C687A0F864778.e.1777/clear - {}
RESULT: {}
COMMAND: POST /session/333f20024c3fd35bde10af9d02cc2546/element/f.31E86CD389CF42DC451BE2E66032817C.d.9430D15A9DA4757B380C687A0F864778.e.1777/value - {"text":"X8sFQDKxCh"}
COMMAND: GET /session/333f20024c3fd35bde10af9d02cc2546/screenshot - {}
RESULT: {"text":"X8sFQDKxCh"}
COMMAND: GET /session/333f20024c3fd35bde10af9d02cc2546/screenshot - {}
RESULT: {}
RESULT: {}
COMMAND: POST /session/333f20024c3fd35bde10af9d02cc2546/actions - {"actions":[{"id":"action7","type":"key","parameters":{},"actions":[{"type":"keyDown","value":""},{"type":"pause","duration":10},{"type":"keyUp","value":""}]}]}
RESULT: {"actions":[{"id":"action7","type":"key","parameters":{},"actions":[{"type":"keyDown","value":""},{"type":"pause","duration":10},{"type":"keyUp","value":""}]}]}
COMMAND: POST /session/333f20024c3fd35bde10af9d02cc2546/execute/async - {"script":"<script> [1562 bytes]","args":[{"selector":{"id":"application-manageconditionprice-display-component---newCondition--condBaseQty","interaction":{"idSuffix":"inner"}},"wdio_ui5_key":"applicationmanageconditionprice-display-component---newCondition--condBaseQty"}]}
COMMAND: GET /session/333f20024c3fd35bde10af9d02cc2546/screenshot - {}
RESULT: {"script":"<script> [1562 bytes]","args":[{"selector":{"id":"application-manageconditionprice-display-component---newCondition--condBaseQty","interaction":{"idSuffix":"inner"}},"wdio_ui5_key":"applicationmanageconditionprice-display-component---newCondition--condBaseQty"}]}
RESULT: undefined
COMMAND: POST /session/333f20024c3fd35bde10af9d02cc2546/execute/async - {"script":"<script> [776 bytes]","args":[{"enterText":"1","selector":{"id":"application-manageconditionprice-display-component---newCondition--condBaseQty","interaction":{"idSuffix":"inner"}},"clearTextFirst":true,"interactionType":"ENTER_TEXT"}]}
RESULT: {}
RESULT: {"script":"<script> [776 bytes]","args":[{"enterText":"1","selector":{"id":"application-manageconditionprice-display-component---newCondition--condBaseQty","interaction":{"idSuffix":"inner"}},"clearTextFirst":true,"interactionType":"ENTER_TEXT"}]}
COMMAND: POST /session/333f20024c3fd35bde10af9d02cc2546/execute/async - {"script":"<script> [1562 bytes]","args":[{"selector":{"id":"application-manageconditionprice-display-component---newCondition--condValue","interaction":{"idSuffix":"inner"}},"wdio_ui5_key":"applicationmanageconditionprice-display-component---newCondition--condValue"}]}
RESULT: {"script":"<script> [1562 bytes]","args":[{"selector":{"id":"application-manageconditionprice-display-component---newCondition--condValue","interaction":{"idSuffix":"inner"}},"wdio_ui5_key":"applicationmanageconditionprice-display-component---newCondition--condValue"}]}
RESULT: undefined
COMMAND: POST /session/333f20024c3fd35bde10af9d02cc2546/execute/async - {"script":"<script> [776 bytes]","args":[{"enterText":"200","selector":{"id":"application-manageconditionprice-display-component---newCondition--condValue","interaction":{"idSuffix":"inner"}},"clearTextFirst":true,"interactionType":"ENTER_TEXT"}]}
RESULT: {"script":"<script> [776 bytes]","args":[{"enterText":"200","selector":{"id":"application-manageconditionprice-display-component---newCondition--condValue","interaction":{"idSuffix":"inner"}},"clearTextFirst":true,"interactionType":"ENTER_TEXT"}]}
COMMAND: POST /session/333f20024c3fd35bde10af9d02cc2546/execute/async - {"script":"<script> [1562 bytes]","args":[{"selector":{"id":"application-manageconditionprice-display-component---newCondition--condCurr-arrow"},"wdio_ui5_key":"applicationmanageconditionprice-display-component---newCondition--condCurr-arrow"}]}
RESULT: {"script":"<script> [1562 bytes]","args":[{"selector":{"id":"application-manageconditionprice-display-component---newCondition--condCurr-arrow"},"wdio_ui5_key":"applicationmanageconditionprice-display-component---newCondition--condCurr-arrow"}]}
RESULT: undefined
COMMAND: POST /session/333f20024c3fd35bde10af9d02cc2546/element - {"using":"xpath","value":"//*[@id=\"application-manageconditionprice-display-component---newCondition--condCurr-arrow\"]"}
RESULT: {"using":"xpath","value":"//*[@id=\"application-manageconditionprice-display-component---newCondition--condCurr-arrow\"]"}
COMMAND: POST /session/333f20024c3fd35bde10af9d02cc2546/element/f.31E86CD389CF42DC451BE2E66032817C.d.9430D15A9DA4757B380C687A0F864778.e.1892/click - {}
RESULT: {}
COMMAND: POST /session/333f20024c3fd35bde10af9d02cc2546/element - {"using":"xpath","value":"//span[contains(text(), \"Euro\")]"}
COMMAND: GET /session/333f20024c3fd35bde10af9d02cc2546/screenshot - {}
RESULT: {"using":"xpath","value":"//span[contains(text(), \"Euro\")]"}
COMMAND: POST /session/333f20024c3fd35bde10af9d02cc2546/element/f.31E86CD389CF42DC451BE2E66032817C.d.9430D15A9DA4757B380C687A0F864778.e.1951/click - {}
RESULT: {}
RESULT: {}
COMMAND: POST /session/333f20024c3fd35bde10af9d02cc2546/element - {"using":"xpath","value":"//button[@data-kt=\"saveButton\"]"}
COMMAND: GET /session/333f20024c3fd35bde10af9d02cc2546/screenshot - {}
RESULT: {"using":"xpath","value":"//button[@data-kt=\"saveButton\"]"}
COMMAND: POST /session/333f20024c3fd35bde10af9d02cc2546/element/f.31E86CD389CF42DC451BE2E66032817C.d.9430D15A9DA4757B380C687A0F864778.e.1893/click - {}
RESULT: {}
RESULT: {}
COMMAND: GET /session/333f20024c3fd35bde10af9d02cc2546/screenshot - {}
RESULT: {}
COMMAND: POST /session/333f20024c3fd35bde10af9d02cc2546/execute/async - {"script":"<script> [1562 bytes]","args":[{"selector":{"id":"application-manageconditionprice-display-component---conditions--smartFilterBar-btnBasicSearch","interaction":{"idSuffix":"I"}},"wdio_ui5_key":"applicationmanageconditionprice-display-component---conditions--smartFilterBar-btnBasicSearch"}]}
RESULT: {"script":"<script> [1562 bytes]","args":[{"selector":{"id":"application-manageconditionprice-display-component---conditions--smartFilterBar-btnBasicSearch","interaction":{"idSuffix":"I"}},"wdio_ui5_key":"applicationmanageconditionprice-display-component---conditions--smartFilterBar-btnBasicSearch"}]}
RESULT: undefined
COMMAND: POST /session/333f20024c3fd35bde10af9d02cc2546/execute/async - {"script":"<script> [776 bytes]","args":[{"enterText":"X8sFQDKxCh","selector":{"id":"application-manageconditionprice-display-component---conditions--smartFilterBar-btnBasicSearch","interaction":{"idSuffix":"I"}},"clearTextFirst":true,"interactionType":"ENTER_TEXT"}]}
RESULT: {"script":"<script> [776 bytes]","args":[{"enterText":"X8sFQDKxCh","selector":{"id":"application-manageconditionprice-display-component---conditions--smartFilterBar-btnBasicSearch","interaction":{"idSuffix":"I"}},"clearTextFirst":true,"interactionType":"ENTER_TEXT"}]}
COMMAND: POST /session/333f20024c3fd35bde10af9d02cc2546/actions - {"actions":[{"id":"action8","type":"key","parameters":{},"actions":[{"type":"keyDown","value":""},{"type":"pause","duration":10},{"type":"keyUp","value":""}]}]}
RESULT: {"actions":[{"id":"action8","type":"key","parameters":{},"actions":[{"type":"keyDown","value":""},{"type":"pause","duration":10},{"type":"keyUp","value":""}]}]}
COMMAND: GET /session/333f20024c3fd35bde10af9d02cc2546/screenshot - {}
RESULT: {}
COMMAND: POST /session/333f20024c3fd35bde10af9d02cc2546/execute/async - {"script":"<script> [1562 bytes]","args":[{"selector":{"id":"application-manageconditionprice-display-component---conditions--smartFilterBar-filterItemControl_BASIC-BILL_TYPES-vhi"},"wdio_ui5_key":"applicationmanageconditionprice-display-component---conditions--smartFilterBar-filterItemControl_BASIC-BILL_TYPES-vhi"}]}
RESULT: {"script":"<script> [1562 bytes]","args":[{"selector":{"id":"application-manageconditionprice-display-component---conditions--smartFilterBar-filterItemControl_BASIC-BILL_TYPES-vhi"},"wdio_ui5_key":"applicationmanageconditionprice-display-component---conditions--smartFilterBar-filterItemControl_BASIC-BILL_TYPES-vhi"}]}
RESULT: undefined
COMMAND: POST /session/333f20024c3fd35bde10af9d02cc2546/element - {"using":"xpath","value":"//*[@id=\"application-manageconditionprice-display-component---conditions--smartFilterBar-filterItemControl_BASIC-BILL_TYPES-vhi\"]"}
RESULT: {"using":"xpath","value":"//*[@id=\"application-manageconditionprice-display-component---conditions--smartFilterBar-filterItemControl_BASIC-BILL_TYPES-vhi\"]"}
COMMAND: POST /session/333f20024c3fd35bde10af9d02cc2546/element/f.31E86CD389CF42DC451BE2E66032817C.d.9430D15A9DA4757B380C687A0F864778.e.2058/click - {}
RESULT: {}
COMMAND: POST /session/333f20024c3fd35bde10af9d02cc2546/execute/async - {"script":"<script> [1562 bytes]","args":[{"selector":{"id":"application-manageconditionprice-display-component---conditions--smartFilterBar-filterItemControl_BASIC-BILL_TYPES-valueHelpDialog-smartFilterBar-btnBasicSearch","searchOpenDialogs":true,"interaction":{"idSuffix":"I"}},"wdio_ui5_key":"applicationmanageconditionprice-display-component---conditions--smartFilterBar-filterItemControl_BASIC-BILL_TYPES-valueHelpDialog-smartFilterBar-btnBasicSearch"}]}
COMMAND: GET /session/333f20024c3fd35bde10af9d02cc2546/screenshot - {}
RESULT: {"script":"<script> [1562 bytes]","args":[{"selector":{"id":"application-manageconditionprice-display-component---conditions--smartFilterBar-filterItemControl_BASIC-BILL_TYPES-valueHelpDialog-smartFilterBar-btnBasicSearch","searchOpenDialogs":true,"interaction":{"idSuffix":"I"}},"wdio_ui5_key":"applicationmanageconditionprice-display-component---conditions--smartFilterBar-filterItemControl_BASIC-BILL_TYPES-valueHelpDialog-smartFilterBar-btnBasicSearch"}]}
RESULT: undefined
COMMAND: POST /session/333f20024c3fd35bde10af9d02cc2546/execute/async - {"script":"<script> [776 bytes]","args":[{"enterText":"one","selector":{"id":"application-manageconditionprice-display-component---conditions--smartFilterBar-filterItemControl_BASIC-BILL_TYPES-valueHelpDialog-smartFilterBar-btnBasicSearch","searchOpenDialogs":true,"interaction":{"idSuffix":"I"}},"clearTextFirst":true,"interactionType":"ENTER_TEXT"}]}
RESULT: {}
RESULT: {"script":"<script> [776 bytes]","args":[{"enterText":"one","selector":{"id":"application-manageconditionprice-display-component---conditions--smartFilterBar-filterItemControl_BASIC-BILL_TYPES-valueHelpDialog-smartFilterBar-btnBasicSearch","searchOpenDialogs":true,"interaction":{"idSuffix":"I"}},"clearTextFirst":true,"interactionType":"ENTER_TEXT"}]}
COMMAND: POST /session/333f20024c3fd35bde10af9d02cc2546/actions - {"actions":[{"id":"action9","type":"key","parameters":{},"actions":[{"type":"keyDown","value":""},{"type":"pause","duration":10},{"type":"keyUp","value":""}]}]}
RESULT: {"actions":[{"id":"action9","type":"key","parameters":{},"actions":[{"type":"keyDown","value":""},{"type":"pause","duration":10},{"type":"keyUp","value":""}]}]}
COMMAND: GET /session/333f20024c3fd35bde10af9d02cc2546/screenshot - {}
RESULT: {}
COMMAND: POST /session/333f20024c3fd35bde10af9d02cc2546/element - {"using":"xpath","value":"//div[contains(@id, 'application-manageconditionprice-display-component---conditions--smartFilterBar-filterItemControl_BASIC-BILL_TYPES-valueHelpDialog-table-rowsel0')]"}
RESULT: {"using":"xpath","value":"//div[contains(@id, 'application-manageconditionprice-display-component---conditions--smartFilterBar-filterItemControl_BASIC-BILL_TYPES-valueHelpDialog-table-rowsel0')]"}
COMMAND: POST /session/333f20024c3fd35bde10af9d02cc2546/element/f.31E86CD389CF42DC451BE2E66032817C.d.9430D15A9DA4757B380C687A0F864778.e.2068/click - {}
RESULT: {}
COMMAND: GET /session/333f20024c3fd35bde10af9d02cc2546/screenshot - {}
RESULT: {}
COMMAND: POST /session/333f20024c3fd35bde10af9d02cc2546/element - {"using":"xpath","value":"//bdi[contains(text(), \"OK\")]"}
RESULT: {"using":"xpath","value":"//bdi[contains(text(), \"OK\")]"}
COMMAND: POST /session/333f20024c3fd35bde10af9d02cc2546/element/f.31E86CD389CF42DC451BE2E66032817C.d.9430D15A9DA4757B380C687A0F864778.e.2070/click - {}
RESULT: {}
COMMAND: GET /session/333f20024c3fd35bde10af9d02cc2546/screenshot - {}
RESULT: {}
COMMAND: POST /session/333f20024c3fd35bde10af9d02cc2546/element - {"using":"xpath","value":"//span[@id=\"application-manageconditionprice-display-component---conditions--smartTable-header-inner\"]"}
RESULT: {"using":"xpath","value":"//span[@id=\"application-manageconditionprice-display-component---conditions--smartTable-header-inner\"]"}
COMMAND: POST /session/333f20024c3fd35bde10af9d02cc2546/elements - {"using":"xpath","value":"//span[@id=\"application-manageconditionprice-display-component---conditions--smartTable-header-inner\"]"}
RESULT: {"using":"xpath","value":"//span[@id=\"application-manageconditionprice-display-component---conditions--smartTable-header-inner\"]"}
COMMAND: POST /session/333f20024c3fd35bde10af9d02cc2546/execute/sync - {"script":"<script> [56 bytes]","args":[{"element-6066-11e4-a52e-4f735466cecf":"f.31E86CD389CF42DC451BE2E66032817C.d.9430D15A9DA4757B380C687A0F864778.e.2073","ELEMENT":"f.31E86CD389CF42DC451BE2E66032817C.d.9430D15A9DA4757B380C687A0F864778.e.2073"}]}
RESULT: {"script":"<script> [56 bytes]","args":[{"element-6066-11e4-a52e-4f735466cecf":"f.31E86CD389CF42DC451BE2E66032817C.d.9430D15A9DA4757B380C687A0F864778.e.2073","ELEMENT":"f.31E86CD389CF42DC451BE2E66032817C.d.9430D15A9DA4757B380C687A0F864778.e.2073"}]}
COMMAND: POST /session/333f20024c3fd35bde10af9d02cc2546/element - {"using":"css selector","value":"#shell-header-logo"}
COMMAND: GET /session/333f20024c3fd35bde10af9d02cc2546/screenshot - {}
RESULT: {"using":"css selector","value":"#shell-header-logo"}
COMMAND: POST /session/333f20024c3fd35bde10af9d02cc2546/element/f.31E86CD389CF42DC451BE2E66032817C.d.9430D15A9DA4757B380C687A0F864778.e.1700/click - {}
RESULT: {}
RESULT: {}
COMMAND: GET /session/333f20024c3fd35bde10af9d02cc2546/screenshot - {}
RESULT: {}
COMMAND: POST /session/333f20024c3fd35bde10af9d02cc2546/element - {"using":"css selector","value":"#j_username"}
COMMAND: POST /session/333f20024c3fd35bde10af9d02cc2546/url - {"url":"https://qa-testing-00-live-etm-ui.cfapps.eu10-004.hana.ondemand.com/"}
RESULT: {"using":"css selector","value":"#j_username"}
COMMAND: POST /session/333f20024c3fd35bde10af9d02cc2546/element - {"using":"css selector","value":"#j_username"}
RESULT: {"url":"https://qa-testing-00-live-etm-ui.cfapps.eu10-004.hana.ondemand.com/"}
RESULT: undefined
COMMAND: GET /session/333f20024c3fd35bde10af9d02cc2546/screenshot - {}
RESULT: {"using":"css selector","value":"#j_username"}
COMMAND: POST /session/333f20024c3fd35bde10af9d02cc2546/element - {"using":"css selector","value":"#shell-header-logo"}
RESULT: {}
RESULT: {"using":"css selector","value":"#shell-header-logo"}
COMMAND: POST /session/333f20024c3fd35bde10af9d02cc2546/execute/sync - {"script":"<script> [8489 bytes]","args":[{"element-6066-11e4-a52e-4f735466cecf":"f.31E86CD389CF42DC451BE2E66032817C.d.57899AE24160B7D43438058B4B20133D.e.2134","ELEMENT":"f.31E86CD389CF42DC451BE2E66032817C.d.57899AE24160B7D43438058B4B20133D.e.2134"}]}
RESULT: {"script":"<script> [8489 bytes]","args":[{"element-6066-11e4-a52e-4f735466cecf":"f.31E86CD389CF42DC451BE2E66032817C.d.57899AE24160B7D43438058B4B20133D.e.2134","ELEMENT":"f.31E86CD389CF42DC451BE2E66032817C.d.57899AE24160B7D43438058B4B20133D.e.2134"}]}
COMMAND: POST /session/333f20024c3fd35bde10af9d02cc2546/element - {"using":"css selector","value":"#shell-header-logo"}
COMMAND: GET /session/333f20024c3fd35bde10af9d02cc2546/screenshot - {}
RESULT: {"using":"css selector","value":"#shell-header-logo"}
COMMAND: POST /session/333f20024c3fd35bde10af9d02cc2546/execute/sync - {"script":"<script> [8489 bytes]","args":[{"element-6066-11e4-a52e-4f735466cecf":"f.31E86CD389CF42DC451BE2E66032817C.d.57899AE24160B7D43438058B4B20133D.e.2134","ELEMENT":"f.31E86CD389CF42DC451BE2E66032817C.d.57899AE24160B7D43438058B4B20133D.e.2134"}]}
RESULT: {}
RESULT: {"script":"<script> [8489 bytes]","args":[{"element-6066-11e4-a52e-4f735466cecf":"f.31E86CD389CF42DC451BE2E66032817C.d.57899AE24160B7D43438058B4B20133D.e.2134","ELEMENT":"f.31E86CD389CF42DC451BE2E66032817C.d.57899AE24160B7D43438058B4B20133D.e.2134"}]}
COMMAND: POST /session/333f20024c3fd35bde10af9d02cc2546/execute/sync - {"script":"<script> [5351 bytes]","args":[{"element-6066-11e4-a52e-4f735466cecf":"f.31E86CD389CF42DC451BE2E66032817C.d.57899AE24160B7D43438058B4B20133D.e.2134","ELEMENT":"f.31E86CD389CF42DC451BE2E66032817C.d.57899AE24160B7D43438058B4B20133D.e.2134"}]}
COMMAND: GET /session/333f20024c3fd35bde10af9d02cc2546/screenshot - {}
RESULT: {"script":"<script> [5351 bytes]","args":[{"element-6066-11e4-a52e-4f735466cecf":"f.31E86CD389CF42DC451BE2E66032817C.d.57899AE24160B7D43438058B4B20133D.e.2134","ELEMENT":"f.31E86CD389CF42DC451BE2E66032817C.d.57899AE24160B7D43438058B4B20133D.e.2134"}]}
COMMAND: POST /session/333f20024c3fd35bde10af9d02cc2546/element - {"using":"css selector","value":"#shell-header-logo"}
COMMAND: GET /session/333f20024c3fd35bde10af9d02cc2546/screenshot - {}
RESULT: {}
RESULT: {"using":"css selector","value":"#shell-header-logo"}
COMMAND: POST /session/333f20024c3fd35bde10af9d02cc2546/element/f.31E86CD389CF42DC451BE2E66032817C.d.57899AE24160B7D43438058B4B20133D.e.2134/click - {}
RESULT: {}
RESULT: {}
COMMAND: GET /session/333f20024c3fd35bde10af9d02cc2546/screenshot - {}
RESULT: {}
COMMAND: POST /session/333f20024c3fd35bde10af9d02cc2546/execute/async - {"script":"<script> [189 bytes]","args":[]}
RESULT: {"script":"<script> [189 bytes]","args":[]}
COMMAND: POST /session/333f20024c3fd35bde10af9d02cc2546/execute/async - {"script":"<script> [123 bytes]","args":[]}
RESULT: {"script":"<script> [123 bytes]","args":[]}
COMMAND: POST /session/333f20024c3fd35bde10af9d02cc2546/timeouts - {"script":"<number>"}
RESULT: {"script":"<number>"}
COMMAND: GET /session/333f20024c3fd35bde10af9d02cc2546/timeouts - {}
RESULT: {}
RESULT: undefined
COMMAND: POST /session/333f20024c3fd35bde10af9d02cc2546/execute/async - {"script":"<script> [2676 bytes]","args":[]}
RESULT: {"script":"<script> [2676 bytes]","args":[]}
COMMAND: POST /session/333f20024c3fd35bde10af9d02cc2546/execute/async - {"script":"<script> [2342 bytes]","args":[{"protocol":"http","hostname":"0.0.0.0","path":"/","capabilities":{"browserName":"chrome","goog:chromeOptions":{"binary":"C:\\Program Files\\Google\\Chrome\\Application\\chrome.exe","args":["--start-maximized"]}},"logLevel":"warn","connectionRetryTimeout":120000,"connectionRetryCount":3,"logLevels":{},"enableDirectConnect":true,"strictSSL":true,"_":"65 more keys: [\"cacheDir\",\"port\",\"requestedCapabilities\",\"automationProtocol\",\"baseUrl\",\"waitforInterval\",\"waitforTimeout\",\"onReload\",\"beforeCommand\",\"afterCommand\",\"rootDir\",\"specs\",\"suites\",\"exclude\",\"groupLogsByTestSpec\",\"excludeDriverLogs\",\"bail\",\"framework\",\"reporters\",\"services\",\"maxInstances\",\"maxInstancesPerCapability\",\"injectGlobals\",\"filesToWatch\",\"execArgv\",\"runnerEnv\",\"runner\",\"shard\",\"specFileRetries\",\"specFileRetriesDelay\",\"specFileRetriesDeferred\",\"reporterSyncInterval\",\"reporterSyncTimeout\",\"cucumberFeaturesWithLineNumbers\",\"autoCompileOpts\",\"mochaOpts\",\"jasmineOpts\",\"cucumberOpts\",\"onPrepare\",\"onWorkerStart\",\"onWorkerEnd\",\"before\",\"beforeSession\",\"beforeSuite\",\"beforeHook\",\"beforeTest\",\"afterTest\",\"afterHook\",\"afterSuite\",\"afterSession\",\"after\",\"onComplete\",\"beforeAssertion\",\"afterAssertion\",\"beforeFeature\",\"beforeScenario\",\"beforeStep\",\"afterStep\",\"afterScenario\",\"afterFeature\",\"_\",\"suite\",\"$0\",\"ignoredWorkerServices\",\"wdi5\"]"}]}
RESULT: {"script":"<script> [2342 bytes]","args":[{"protocol":"http","hostname":"0.0.0.0","path":"/","capabilities":{"browserName":"chrome","goog:chromeOptions":{"binary":"C:\\Program Files\\Google\\Chrome\\Application\\chrome.exe","args":["--start-maximized"]}},"logLevel":"warn","connectionRetryTimeout":120000,"connectionRetryCount":3,"logLevels":{},"enableDirectConnect":true,"strictSSL":true,"_":"65 more keys: [\"cacheDir\",\"port\",\"requestedCapabilities\",\"automationProtocol\",\"baseUrl\",\"waitforInterval\",\"waitforTimeout\",\"onReload\",\"beforeCommand\",\"afterCommand\",\"rootDir\",\"specs\",\"suites\",\"exclude\",\"groupLogsByTestSpec\",\"excludeDriverLogs\",\"bail\",\"framework\",\"reporters\",\"services\",\"maxInstances\",\"maxInstancesPerCapability\",\"injectGlobals\",\"filesToWatch\",\"execArgv\",\"runnerEnv\",\"runner\",\"shard\",\"specFileRetries\",\"specFileRetriesDelay\",\"specFileRetriesDeferred\",\"reporterSyncInterval\",\"reporterSyncTimeout\",\"cucumberFeaturesWithLineNumbers\",\"autoCompileOpts\",\"mochaOpts\",\"jasmineOpts\",\"cucumberOpts\",\"onPrepare\",\"onWorkerStart\",\"onWorkerEnd\",\"before\",\"beforeSession\",\"beforeSuite\",\"beforeHook\",\"beforeTest\",\"afterTest\",\"afterHook\",\"afterSuite\",\"afterSession\",\"after\",\"onComplete\",\"beforeAssertion\",\"afterAssertion\",\"beforeFeature\",\"beforeScenario\",\"beforeStep\",\"afterStep\",\"afterScenario\",\"afterFeature\",\"_\",\"suite\",\"$0\",\"ignoredWorkerServices\",\"wdi5\"]"}]}
COMMAND: POST /session/333f20024c3fd35bde10af9d02cc2546/execute/async - {"script":"<script> [21126 bytes]","args":[35000]}
RESULT: {"script":"<script> [21126 bytes]","args":[35000]}
COMMAND: POST /session/333f20024c3fd35bde10af9d02cc2546/window/maximize - {}
RESULT: {}
COMMAND: POST /session/333f20024c3fd35bde10af9d02cc2546/execute/async - {"script":"<script> [1562 bytes]","args":[{"selector":{"id":"shell-header","interaction":{"idSuffix":"icon"}},"wdio_ui5_key":"shellheader"}]}
COMMAND: GET /session/333f20024c3fd35bde10af9d02cc2546/screenshot - {}
RESULT: {"script":"<script> [1562 bytes]","args":[{"selector":{"id":"shell-header","interaction":{"idSuffix":"icon"}},"wdio_ui5_key":"shellheader"}]}
RESULT: undefined
COMMAND: POST /session/333f20024c3fd35bde10af9d02cc2546/refresh - {}
RESULT: {}
RESULT: {}
COMMAND: GET /session/333f20024c3fd35bde10af9d02cc2546/screenshot - {}
RESULT: {}
COMMAND: POST /session/333f20024c3fd35bde10af9d02cc2546/refresh - {}
RESULT: {}
COMMAND: GET /session/333f20024c3fd35bde10af9d02cc2546/screenshot - {}
RESULT: {}
COMMAND: POST /session/333f20024c3fd35bde10af9d02cc2546/window/fullscreen - {}
RESULT: {}
COMMAND: POST /session/333f20024c3fd35bde10af9d02cc2546/execute/async - {"script":"<script> [189 bytes]","args":[]}
RESULT: {"script":"<script> [189 bytes]","args":[]}
COMMAND: POST /session/333f20024c3fd35bde10af9d02cc2546/execute/async - {"script":"<script> [123 bytes]","args":[]}
RESULT: {"script":"<script> [123 bytes]","args":[]}
COMMAND: POST /session/333f20024c3fd35bde10af9d02cc2546/timeouts - {"script":"<number>"}
RESULT: {"script":"<number>"}
COMMAND: GET /session/333f20024c3fd35bde10af9d02cc2546/timeouts - {}
RESULT: {}
RESULT: undefined
COMMAND: POST /session/333f20024c3fd35bde10af9d02cc2546/execute/async - {"script":"<script> [2676 bytes]","args":[]}
RESULT: {"script":"<script> [2676 bytes]","args":[]}
COMMAND: POST /session/333f20024c3fd35bde10af9d02cc2546/execute/async - {"script":"<script> [2342 bytes]","args":[{"protocol":"http","hostname":"0.0.0.0","path":"/","capabilities":{"browserName":"chrome","goog:chromeOptions":{"binary":"C:\\Program Files\\Google\\Chrome\\Application\\chrome.exe","args":["--start-maximized"]}},"logLevel":"warn","connectionRetryTimeout":120000,"connectionRetryCount":3,"logLevels":{},"enableDirectConnect":true,"strictSSL":true,"_":"65 more keys: [\"cacheDir\",\"port\",\"requestedCapabilities\",\"automationProtocol\",\"baseUrl\",\"waitforInterval\",\"waitforTimeout\",\"onReload\",\"beforeCommand\",\"afterCommand\",\"rootDir\",\"specs\",\"suites\",\"exclude\",\"groupLogsByTestSpec\",\"excludeDriverLogs\",\"bail\",\"framework\",\"reporters\",\"services\",\"maxInstances\",\"maxInstancesPerCapability\",\"injectGlobals\",\"filesToWatch\",\"execArgv\",\"runnerEnv\",\"runner\",\"shard\",\"specFileRetries\",\"specFileRetriesDelay\",\"specFileRetriesDeferred\",\"reporterSyncInterval\",\"reporterSyncTimeout\",\"cucumberFeaturesWithLineNumbers\",\"autoCompileOpts\",\"mochaOpts\",\"jasmineOpts\",\"cucumberOpts\",\"onPrepare\",\"onWorkerStart\",\"onWorkerEnd\",\"before\",\"beforeSession\",\"beforeSuite\",\"beforeHook\",\"beforeTest\",\"afterTest\",\"afterHook\",\"afterSuite\",\"afterSession\",\"after\",\"onComplete\",\"beforeAssertion\",\"afterAssertion\",\"beforeFeature\",\"beforeScenario\",\"beforeStep\",\"afterStep\",\"afterScenario\",\"afterFeature\",\"_\",\"suite\",\"$0\",\"ignoredWorkerServices\",\"wdi5\"]"}]}
RESULT: {"script":"<script> [2342 bytes]","args":[{"protocol":"http","hostname":"0.0.0.0","path":"/","capabilities":{"browserName":"chrome","goog:chromeOptions":{"binary":"C:\\Program Files\\Google\\Chrome\\Application\\chrome.exe","args":["--start-maximized"]}},"logLevel":"warn","connectionRetryTimeout":120000,"connectionRetryCount":3,"logLevels":{},"enableDirectConnect":true,"strictSSL":true,"_":"65 more keys: [\"cacheDir\",\"port\",\"requestedCapabilities\",\"automationProtocol\",\"baseUrl\",\"waitforInterval\",\"waitforTimeout\",\"onReload\",\"beforeCommand\",\"afterCommand\",\"rootDir\",\"specs\",\"suites\",\"exclude\",\"groupLogsByTestSpec\",\"excludeDriverLogs\",\"bail\",\"framework\",\"reporters\",\"services\",\"maxInstances\",\"maxInstancesPerCapability\",\"injectGlobals\",\"filesToWatch\",\"execArgv\",\"runnerEnv\",\"runner\",\"shard\",\"specFileRetries\",\"specFileRetriesDelay\",\"specFileRetriesDeferred\",\"reporterSyncInterval\",\"reporterSyncTimeout\",\"cucumberFeaturesWithLineNumbers\",\"autoCompileOpts\",\"mochaOpts\",\"jasmineOpts\",\"cucumberOpts\",\"onPrepare\",\"onWorkerStart\",\"onWorkerEnd\",\"before\",\"beforeSession\",\"beforeSuite\",\"beforeHook\",\"beforeTest\",\"afterTest\",\"afterHook\",\"afterSuite\",\"afterSession\",\"after\",\"onComplete\",\"beforeAssertion\",\"afterAssertion\",\"beforeFeature\",\"beforeScenario\",\"beforeStep\",\"afterStep\",\"afterScenario\",\"afterFeature\",\"_\",\"suite\",\"$0\",\"ignoredWorkerServices\",\"wdi5\"]"}]}
COMMAND: POST /session/333f20024c3fd35bde10af9d02cc2546/execute/async - {"script":"<script> [21126 bytes]","args":[35000]}
RESULT: {"script":"<script> [21126 bytes]","args":[35000]}
]]></system-out>
    </testcase>
  </testsuite>
  <testsuite timestamp="2025-05-23T17:09:31" time="146.167" tests="3" failures="0" errors="0" skipped="0">
    <properties>
      <property name="specId" value="0"/>
      <property name="suiteName" value="Set up pricing rule(OT) 104624"/>
      <property name="capabilities" value="chrome.136_0_7103_93.windows"/>
      <property name="file" value="file:///D:/a/1/s/test/specs/BTS/create-pricing-rule.spec.js"/>
    </properties>
    <testcase classname="chrome.136_0_7103_93.windows.Set_up_pricing_rule(OT)_104624" name="Should create a new yard used for all following tests" time="0.022">
      <system-out><![CDATA[
COMMAND: POST /session/333f20024c3fd35bde10af9d02cc2546/window/fullscreen - {}
RESULT: {}
]]></system-out>
    </testcase>
    <testcase classname="chrome.136_0_7103_93.windows.Set_up_pricing_rule(OT)_104624" name="Should create a new equipment used for all following tests" time="0.004"/>
    <testcase classname="chrome.136_0_7103_93.windows.Set_up_pricing_rule(OT)_104624" name="Should create new pricing rule on the created resource from earlier module or above" time="76.296">
      <system-out><![CDATA[
COMMAND: POST /session/333f20024c3fd35bde10af9d02cc2546/execute/async - {"script":"<script> [1562 bytes]","args":[{"selector":{"controlType":"sap.m.GenericTile","properties":{"header":"Manage Pricing Rules"}},"wdio_ui5_key":"sapm.GenericTile{\"header\":\"Manage Pricing Rules\"}"}]}
RESULT: {"script":"<script> [1562 bytes]","args":[{"selector":{"controlType":"sap.m.GenericTile","properties":{"header":"Manage Pricing Rules"}},"wdio_ui5_key":"sapm.GenericTile{\"header\":\"Manage Pricing Rules\"}"}]}
RESULT: undefined
COMMAND: POST /session/333f20024c3fd35bde10af9d02cc2546/element - {"using":"xpath","value":"//*[@id=\"__tile55\"]"}
RESULT: {"using":"xpath","value":"//*[@id=\"__tile55\"]"}
COMMAND: POST /session/333f20024c3fd35bde10af9d02cc2546/element/f.31E86CD389CF42DC451BE2E66032817C.d.2D90BFAA8651B7713A4A56E0299D5CCF.e.2373/click - {}
RESULT: {}
COMMAND: GET /session/333f20024c3fd35bde10af9d02cc2546/screenshot - {}
RESULT: {}
COMMAND: POST /session/333f20024c3fd35bde10af9d02cc2546/elements - {"using":"xpath","value":"//span[text()='Error']"}
RESULT: {"using":"xpath","value":"//span[text()='Error']"}
COMMAND: POST /session/333f20024c3fd35bde10af9d02cc2546/execute/async - {"script":"<script> [1562 bytes]","args":[{"selector":{"controlType":"sap.ui.core.Icon","viewName":"etm.portal.ui.managepricingrules.view.MasterHeader","viewId":"application-managepricingrules-display-component---priceInfoHeader","properties":{"src":{"regex":{"source":"activity\\-items"}}}},"wdio_ui5_key":"etmportal.ui.managepricingrules.view.MasterHeadersap.ui.core.Icon{\"src\":{\"regex\":{\"source\":\"activity\\\\-items\"}}}"}]}
RESULT: {"script":"<script> [1562 bytes]","args":[{"selector":{"controlType":"sap.ui.core.Icon","viewName":"etm.portal.ui.managepricingrules.view.MasterHeader","viewId":"application-managepricingrules-display-component---priceInfoHeader","properties":{"src":{"regex":{"source":"activity\\-items"}}}},"wdio_ui5_key":"etmportal.ui.managepricingrules.view.MasterHeadersap.ui.core.Icon{\"src\":{\"regex\":{\"source\":\"activity\\\\-items\"}}}"}]}
RESULT: undefined
COMMAND: POST /session/333f20024c3fd35bde10af9d02cc2546/element - {"using":"xpath","value":"//*[@id=\"__filter1-icon\"]"}
RESULT: {"using":"xpath","value":"//*[@id=\"__filter1-icon\"]"}
COMMAND: POST /session/333f20024c3fd35bde10af9d02cc2546/element/f.31E86CD389CF42DC451BE2E66032817C.d.2D90BFAA8651B7713A4A56E0299D5CCF.e.2427/click - {}
RESULT: {}
COMMAND: GET /session/333f20024c3fd35bde10af9d02cc2546/screenshot - {}
RESULT: {}
COMMAND: POST /session/333f20024c3fd35bde10af9d02cc2546/element - {"using":"xpath","value":"//button[@data-kt=\"addButton\"]"}
RESULT: {"using":"xpath","value":"//button[@data-kt=\"addButton\"]"}
COMMAND: POST /session/333f20024c3fd35bde10af9d02cc2546/elements - {"using":"xpath","value":"//button[@data-kt=\"addButton\"]"}
RESULT: {"using":"xpath","value":"//button[@data-kt=\"addButton\"]"}
COMMAND: POST /session/333f20024c3fd35bde10af9d02cc2546/execute/sync - {"script":"<script> [8489 bytes]","args":[{"element-6066-11e4-a52e-4f735466cecf":"f.31E86CD389CF42DC451BE2E66032817C.d.2D90BFAA8651B7713A4A56E0299D5CCF.e.2476","ELEMENT":"f.31E86CD389CF42DC451BE2E66032817C.d.2D90BFAA8651B7713A4A56E0299D5CCF.e.2476"}]}
RESULT: {"script":"<script> [8489 bytes]","args":[{"element-6066-11e4-a52e-4f735466cecf":"f.31E86CD389CF42DC451BE2E66032817C.d.2D90BFAA8651B7713A4A56E0299D5CCF.e.2476","ELEMENT":"f.31E86CD389CF42DC451BE2E66032817C.d.2D90BFAA8651B7713A4A56E0299D5CCF.e.2476"}]}
COMMAND: GET /session/333f20024c3fd35bde10af9d02cc2546/element/f.31E86CD389CF42DC451BE2E66032817C.d.2D90BFAA8651B7713A4A56E0299D5CCF.e.2476/enabled - {}
COMMAND: GET /session/333f20024c3fd35bde10af9d02cc2546/screenshot - {}
RESULT: {}
COMMAND: POST /session/333f20024c3fd35bde10af9d02cc2546/execute/sync - {"script":"<script> [8489 bytes]","args":[{"element-6066-11e4-a52e-4f735466cecf":"f.31E86CD389CF42DC451BE2E66032817C.d.2D90BFAA8651B7713A4A56E0299D5CCF.e.2476","ELEMENT":"f.31E86CD389CF42DC451BE2E66032817C.d.2D90BFAA8651B7713A4A56E0299D5CCF.e.2476"}]}
COMMAND: GET /session/333f20024c3fd35bde10af9d02cc2546/screenshot - {}
RESULT: {}
RESULT: {"script":"<script> [8489 bytes]","args":[{"element-6066-11e4-a52e-4f735466cecf":"f.31E86CD389CF42DC451BE2E66032817C.d.2D90BFAA8651B7713A4A56E0299D5CCF.e.2476","ELEMENT":"f.31E86CD389CF42DC451BE2E66032817C.d.2D90BFAA8651B7713A4A56E0299D5CCF.e.2476"}]}
COMMAND: POST /session/333f20024c3fd35bde10af9d02cc2546/execute/sync - {"script":"<script> [5351 bytes]","args":[{"element-6066-11e4-a52e-4f735466cecf":"f.31E86CD389CF42DC451BE2E66032817C.d.2D90BFAA8651B7713A4A56E0299D5CCF.e.2476","ELEMENT":"f.31E86CD389CF42DC451BE2E66032817C.d.2D90BFAA8651B7713A4A56E0299D5CCF.e.2476"}]}
COMMAND: GET /session/333f20024c3fd35bde10af9d02cc2546/screenshot - {}
RESULT: {}
RESULT: {"script":"<script> [5351 bytes]","args":[{"element-6066-11e4-a52e-4f735466cecf":"f.31E86CD389CF42DC451BE2E66032817C.d.2D90BFAA8651B7713A4A56E0299D5CCF.e.2476","ELEMENT":"f.31E86CD389CF42DC451BE2E66032817C.d.2D90BFAA8651B7713A4A56E0299D5CCF.e.2476"}]}
COMMAND: POST /session/333f20024c3fd35bde10af9d02cc2546/element/f.31E86CD389CF42DC451BE2E66032817C.d.2D90BFAA8651B7713A4A56E0299D5CCF.e.2476/click - {}
COMMAND: GET /session/333f20024c3fd35bde10af9d02cc2546/screenshot - {}
RESULT: {}
RESULT: {}
COMMAND: GET /session/333f20024c3fd35bde10af9d02cc2546/screenshot - {}
RESULT: {}
RESULT: {}
COMMAND: POST /session/333f20024c3fd35bde10af9d02cc2546/execute/async - {"script":"<script> [1562 bytes]","args":[{"selector":{"controlType":"sap.m.Title","viewName":"etm.portal.ui.managepricingrules.view.NewItem","viewId":"application-managepricingrules-display-component---newInfoPriceItem","properties":{"text":"New Pricing Rules - Item Level"}},"wdio_ui5_key":"etmportal.ui.managepricingrules.view.NewItemsap.m.Title{\"text\":\"New Pricing Rules - Item Level\"}"}]}
RESULT: {"script":"<script> [1562 bytes]","args":[{"selector":{"controlType":"sap.m.Title","viewName":"etm.portal.ui.managepricingrules.view.NewItem","viewId":"application-managepricingrules-display-component---newInfoPriceItem","properties":{"text":"New Pricing Rules - Item Level"}},"wdio_ui5_key":"etmportal.ui.managepricingrules.view.NewItemsap.m.Title{\"text\":\"New Pricing Rules - Item Level\"}"}]}
RESULT: undefined
COMMAND: POST /session/333f20024c3fd35bde10af9d02cc2546/execute/async - {"script":"<script> [6424 bytes]","args":[{"element-6066-11e4-a52e-4f735466cecf":"f.31E86CD389CF42DC451BE2E66032817C.d.2D90BFAA8651B7713A4A56E0299D5CCF.e.2762"},"getText",[]]}
RESULT: {"script":"<script> [6424 bytes]","args":[{"element-6066-11e4-a52e-4f735466cecf":"f.31E86CD389CF42DC451BE2E66032817C.d.2D90BFAA8651B7713A4A56E0299D5CCF.e.2762"},"getText",[]]}
COMMAND: POST /session/333f20024c3fd35bde10af9d02cc2546/execute/async - {"script":"<script> [1562 bytes]","args":[{"selector":{"id":"application-managepricingrules-display-component---newInfoPriceItem--condValidTo","interaction":{"idSuffix":"inner"}},"wdio_ui5_key":"applicationmanagepricingrules-display-component---newInfoPriceItem--condValidTo"}]}
RESULT: {"script":"<script> [1562 bytes]","args":[{"selector":{"id":"application-managepricingrules-display-component---newInfoPriceItem--condValidTo","interaction":{"idSuffix":"inner"}},"wdio_ui5_key":"applicationmanagepricingrules-display-component---newInfoPriceItem--condValidTo"}]}
RESULT: undefined
COMMAND: POST /session/333f20024c3fd35bde10af9d02cc2546/execute/async - {"script":"<script> [776 bytes]","args":[{"enterText":"1/23/26","selector":{"id":"application-managepricingrules-display-component---newInfoPriceItem--condValidTo","interaction":{"idSuffix":"inner"}},"clearTextFirst":true,"interactionType":"ENTER_TEXT"}]}
RESULT: {"script":"<script> [776 bytes]","args":[{"enterText":"1/23/26","selector":{"id":"application-managepricingrules-display-component---newInfoPriceItem--condValidTo","interaction":{"idSuffix":"inner"}},"clearTextFirst":true,"interactionType":"ENTER_TEXT"}]}
COMMAND: POST /session/333f20024c3fd35bde10af9d02cc2546/element - {"using":"xpath","value":"//input[@id=\"application-managepricingrules-display-component---newInfoPriceItem--condRU-inner\"]"}
RESULT: {"using":"xpath","value":"//input[@id=\"application-managepricingrules-display-component---newInfoPriceItem--condRU-inner\"]"}
COMMAND: POST /session/333f20024c3fd35bde10af9d02cc2546/element/f.31E86CD389CF42DC451BE2E66032817C.d.2D90BFAA8651B7713A4A56E0299D5CCF.e.2731/clear - {}
RESULT: {}
COMMAND: POST /session/333f20024c3fd35bde10af9d02cc2546/element/f.31E86CD389CF42DC451BE2E66032817C.d.2D90BFAA8651B7713A4A56E0299D5CCF.e.2731/value - {"text":"X8sFQDKxCh"}
COMMAND: GET /session/333f20024c3fd35bde10af9d02cc2546/screenshot - {}
RESULT: {"text":"X8sFQDKxCh"}
COMMAND: GET /session/333f20024c3fd35bde10af9d02cc2546/screenshot - {}
RESULT: {}
RESULT: {}
COMMAND: POST /session/333f20024c3fd35bde10af9d02cc2546/execute/async - {"script":"<script> [1562 bytes]","args":[{"selector":{"id":"application-managepricingrules-display-component---newInfoPriceItem--billType-arrow"},"wdio_ui5_key":"applicationmanagepricingrules-display-component---newInfoPriceItem--billType-arrow"}]}
RESULT: {"script":"<script> [1562 bytes]","args":[{"selector":{"id":"application-managepricingrules-display-component---newInfoPriceItem--billType-arrow"},"wdio_ui5_key":"applicationmanagepricingrules-display-component---newInfoPriceItem--billType-arrow"}]}
RESULT: undefined
COMMAND: POST /session/333f20024c3fd35bde10af9d02cc2546/element - {"using":"xpath","value":"//*[@id=\"application-managepricingrules-display-component---newInfoPriceItem--billType-arrow\"]"}
RESULT: {"using":"xpath","value":"//*[@id=\"application-managepricingrules-display-component---newInfoPriceItem--billType-arrow\"]"}
COMMAND: POST /session/333f20024c3fd35bde10af9d02cc2546/element/f.31E86CD389CF42DC451BE2E66032817C.d.2D90BFAA8651B7713A4A56E0299D5CCF.e.2819/click - {}
RESULT: {}
COMMAND: POST /session/333f20024c3fd35bde10af9d02cc2546/element - {"using":"xpath","value":"//span[contains(text(), \"OT - Sales (one-time)\")]"}
COMMAND: GET /session/333f20024c3fd35bde10af9d02cc2546/screenshot - {}
RESULT: {"using":"xpath","value":"//span[contains(text(), \"OT - Sales (one-time)\")]"}
COMMAND: POST /session/333f20024c3fd35bde10af9d02cc2546/element/f.31E86CD389CF42DC451BE2E66032817C.d.2D90BFAA8651B7713A4A56E0299D5CCF.e.2867/click - {}
RESULT: {}
RESULT: {}
COMMAND: POST /session/333f20024c3fd35bde10af9d02cc2546/execute/async - {"script":"<script> [1562 bytes]","args":[{"selector":{"id":"application-managepricingrules-display-component---newInfoPriceItem--priceProc-arrow"},"wdio_ui5_key":"applicationmanagepricingrules-display-component---newInfoPriceItem--priceProc-arrow"}]}
COMMAND: GET /session/333f20024c3fd35bde10af9d02cc2546/screenshot - {}
RESULT: {"script":"<script> [1562 bytes]","args":[{"selector":{"id":"application-managepricingrules-display-component---newInfoPriceItem--priceProc-arrow"},"wdio_ui5_key":"applicationmanagepricingrules-display-component---newInfoPriceItem--priceProc-arrow"}]}
RESULT: undefined
COMMAND: POST /session/333f20024c3fd35bde10af9d02cc2546/element - {"using":"xpath","value":"//*[@id=\"application-managepricingrules-display-component---newInfoPriceItem--priceProc-arrow\"]"}
RESULT: {}
RESULT: {"using":"xpath","value":"//*[@id=\"application-managepricingrules-display-component---newInfoPriceItem--priceProc-arrow\"]"}
COMMAND: POST /session/333f20024c3fd35bde10af9d02cc2546/element/f.31E86CD389CF42DC451BE2E66032817C.d.2D90BFAA8651B7713A4A56E0299D5CCF.e.2826/click - {}
RESULT: {}
COMMAND: POST /session/333f20024c3fd35bde10af9d02cc2546/element - {"using":"xpath","value":"//span[contains(text(), \"MAT - Material\")]"}
COMMAND: GET /session/333f20024c3fd35bde10af9d02cc2546/screenshot - {}
RESULT: {"using":"xpath","value":"//span[contains(text(), \"MAT - Material\")]"}
COMMAND: POST /session/333f20024c3fd35bde10af9d02cc2546/element/f.31E86CD389CF42DC451BE2E66032817C.d.2D90BFAA8651B7713A4A56E0299D5CCF.e.2868/click - {}
RESULT: {}
RESULT: {}
COMMAND: POST /session/333f20024c3fd35bde10af9d02cc2546/execute/async - {"script":"<script> [1562 bytes]","args":[{"selector":{"id":"application-managepricingrules-display-component---newInfoPriceItem--calcBase-arrow"},"wdio_ui5_key":"applicationmanagepricingrules-display-component---newInfoPriceItem--calcBase-arrow"}]}
COMMAND: GET /session/333f20024c3fd35bde10af9d02cc2546/screenshot - {}
RESULT: {"script":"<script> [1562 bytes]","args":[{"selector":{"id":"application-managepricingrules-display-component---newInfoPriceItem--calcBase-arrow"},"wdio_ui5_key":"applicationmanagepricingrules-display-component---newInfoPriceItem--calcBase-arrow"}]}
RESULT: undefined
COMMAND: POST /session/333f20024c3fd35bde10af9d02cc2546/element - {"using":"xpath","value":"//*[@id=\"application-managepricingrules-display-component---newInfoPriceItem--calcBase-arrow\"]"}
RESULT: {}
RESULT: {"using":"xpath","value":"//*[@id=\"application-managepricingrules-display-component---newInfoPriceItem--calcBase-arrow\"]"}
COMMAND: POST /session/333f20024c3fd35bde10af9d02cc2546/element/f.31E86CD389CF42DC451BE2E66032817C.d.2D90BFAA8651B7713A4A56E0299D5CCF.e.2833/click - {}
RESULT: {}
COMMAND: GET /session/333f20024c3fd35bde10af9d02cc2546/screenshot - {}
RESULT: {}
COMMAND: POST /session/333f20024c3fd35bde10af9d02cc2546/element - {"using":"xpath","value":"//span[contains(text(), \"0001 - TB(exact month + cal_days)\")]"}
RESULT: {"using":"xpath","value":"//span[contains(text(), \"0001 - TB(exact month + cal_days)\")]"}
COMMAND: POST /session/333f20024c3fd35bde10af9d02cc2546/element/f.31E86CD389CF42DC451BE2E66032817C.d.2D90BFAA8651B7713A4A56E0299D5CCF.e.2869/click - {}
RESULT: {}
COMMAND: GET /session/333f20024c3fd35bde10af9d02cc2546/screenshot - {}
RESULT: {}
COMMAND: POST /session/333f20024c3fd35bde10af9d02cc2546/element - {"using":"xpath","value":"//button[@data-kt=\"saveNewRuleButton\"]"}
RESULT: {"using":"xpath","value":"//button[@data-kt=\"saveNewRuleButton\"]"}
COMMAND: POST /session/333f20024c3fd35bde10af9d02cc2546/element/f.31E86CD389CF42DC451BE2E66032817C.d.2D90BFAA8651B7713A4A56E0299D5CCF.e.2854/click - {}
RESULT: {}
COMMAND: GET /session/333f20024c3fd35bde10af9d02cc2546/screenshot - {}
RESULT: {}
COMMAND: POST /session/333f20024c3fd35bde10af9d02cc2546/execute/async - {"script":"<script> [1562 bytes]","args":[{"selector":{"id":"application-managepricingrules-display-component---priceInfoItem--smartFilterBar-btnBasicSearch","interaction":{"idSuffix":"I"}},"wdio_ui5_key":"applicationmanagepricingrules-display-component---priceInfoItem--smartFilterBar-btnBasicSearch"}]}
RESULT: {"script":"<script> [1562 bytes]","args":[{"selector":{"id":"application-managepricingrules-display-component---priceInfoItem--smartFilterBar-btnBasicSearch","interaction":{"idSuffix":"I"}},"wdio_ui5_key":"applicationmanagepricingrules-display-component---priceInfoItem--smartFilterBar-btnBasicSearch"}]}
RESULT: undefined
COMMAND: POST /session/333f20024c3fd35bde10af9d02cc2546/execute/async - {"script":"<script> [776 bytes]","args":[{"enterText":"X8sFQDKxCh","selector":{"id":"application-managepricingrules-display-component---priceInfoItem--smartFilterBar-btnBasicSearch","interaction":{"idSuffix":"I"}},"clearTextFirst":true,"interactionType":"ENTER_TEXT"}]}
RESULT: {"script":"<script> [776 bytes]","args":[{"enterText":"X8sFQDKxCh","selector":{"id":"application-managepricingrules-display-component---priceInfoItem--smartFilterBar-btnBasicSearch","interaction":{"idSuffix":"I"}},"clearTextFirst":true,"interactionType":"ENTER_TEXT"}]}
COMMAND: POST /session/333f20024c3fd35bde10af9d02cc2546/actions - {"actions":[{"id":"action10","type":"key","parameters":{},"actions":[{"type":"keyDown","value":""},{"type":"pause","duration":10},{"type":"keyUp","value":""}]}]}
RESULT: {"actions":[{"id":"action10","type":"key","parameters":{},"actions":[{"type":"keyDown","value":""},{"type":"pause","duration":10},{"type":"keyUp","value":""}]}]}
COMMAND: GET /session/333f20024c3fd35bde10af9d02cc2546/screenshot - {}
RESULT: {}
COMMAND: POST /session/333f20024c3fd35bde10af9d02cc2546/element - {"using":"xpath","value":"//span[@id=\"application-managepricingrules-display-component---priceInfoItem--smartTable-header-inner\"]"}
RESULT: {"using":"xpath","value":"//span[@id=\"application-managepricingrules-display-component---priceInfoItem--smartTable-header-inner\"]"}
COMMAND: POST /session/333f20024c3fd35bde10af9d02cc2546/elements - {"using":"xpath","value":"//span[@id=\"application-managepricingrules-display-component---priceInfoItem--smartTable-header-inner\"]"}
RESULT: {"using":"xpath","value":"//span[@id=\"application-managepricingrules-display-component---priceInfoItem--smartTable-header-inner\"]"}
COMMAND: POST /session/333f20024c3fd35bde10af9d02cc2546/execute/sync - {"script":"<script> [56 bytes]","args":[{"element-6066-11e4-a52e-4f735466cecf":"f.31E86CD389CF42DC451BE2E66032817C.d.2D90BFAA8651B7713A4A56E0299D5CCF.e.2898","ELEMENT":"f.31E86CD389CF42DC451BE2E66032817C.d.2D90BFAA8651B7713A4A56E0299D5CCF.e.2898"}]}
RESULT: {"script":"<script> [56 bytes]","args":[{"element-6066-11e4-a52e-4f735466cecf":"f.31E86CD389CF42DC451BE2E66032817C.d.2D90BFAA8651B7713A4A56E0299D5CCF.e.2898","ELEMENT":"f.31E86CD389CF42DC451BE2E66032817C.d.2D90BFAA8651B7713A4A56E0299D5CCF.e.2898"}]}
COMMAND: POST /session/333f20024c3fd35bde10af9d02cc2546/element - {"using":"css selector","value":"#shell-header-logo"}
COMMAND: GET /session/333f20024c3fd35bde10af9d02cc2546/screenshot - {}
RESULT: {"using":"css selector","value":"#shell-header-logo"}
COMMAND: POST /session/333f20024c3fd35bde10af9d02cc2546/element/f.31E86CD389CF42DC451BE2E66032817C.d.2D90BFAA8651B7713A4A56E0299D5CCF.e.2379/click - {}
RESULT: {}
RESULT: {}
COMMAND: GET /session/333f20024c3fd35bde10af9d02cc2546/screenshot - {}
RESULT: {}
COMMAND: POST /session/333f20024c3fd35bde10af9d02cc2546/element - {"using":"css selector","value":"#j_username"}
COMMAND: POST /session/333f20024c3fd35bde10af9d02cc2546/url - {"url":"https://qa-testing-00-live-etm-ui.cfapps.eu10-004.hana.ondemand.com/"}
RESULT: {"using":"css selector","value":"#j_username"}
COMMAND: POST /session/333f20024c3fd35bde10af9d02cc2546/element - {"using":"css selector","value":"#j_username"}
RESULT: {"url":"https://qa-testing-00-live-etm-ui.cfapps.eu10-004.hana.ondemand.com/"}
RESULT: undefined
COMMAND: GET /session/333f20024c3fd35bde10af9d02cc2546/screenshot - {}
RESULT: {"using":"css selector","value":"#j_username"}
COMMAND: POST /session/333f20024c3fd35bde10af9d02cc2546/element - {"using":"css selector","value":"#shell-header-logo"}
RESULT: {}
RESULT: {"using":"css selector","value":"#shell-header-logo"}
COMMAND: POST /session/333f20024c3fd35bde10af9d02cc2546/execute/sync - {"script":"<script> [8489 bytes]","args":[{"element-6066-11e4-a52e-4f735466cecf":"f.31E86CD389CF42DC451BE2E66032817C.d.934B344BB64C5C9C44C4113DF5CBC839.e.2908","ELEMENT":"f.31E86CD389CF42DC451BE2E66032817C.d.934B344BB64C5C9C44C4113DF5CBC839.e.2908"}]}
RESULT: {"script":"<script> [8489 bytes]","args":[{"element-6066-11e4-a52e-4f735466cecf":"f.31E86CD389CF42DC451BE2E66032817C.d.934B344BB64C5C9C44C4113DF5CBC839.e.2908","ELEMENT":"f.31E86CD389CF42DC451BE2E66032817C.d.934B344BB64C5C9C44C4113DF5CBC839.e.2908"}]}
COMMAND: POST /session/333f20024c3fd35bde10af9d02cc2546/element - {"using":"css selector","value":"#shell-header-logo"}
COMMAND: GET /session/333f20024c3fd35bde10af9d02cc2546/screenshot - {}
RESULT: {"using":"css selector","value":"#shell-header-logo"}
COMMAND: POST /session/333f20024c3fd35bde10af9d02cc2546/execute/sync - {"script":"<script> [8489 bytes]","args":[{"element-6066-11e4-a52e-4f735466cecf":"f.31E86CD389CF42DC451BE2E66032817C.d.934B344BB64C5C9C44C4113DF5CBC839.e.2908","ELEMENT":"f.31E86CD389CF42DC451BE2E66032817C.d.934B344BB64C5C9C44C4113DF5CBC839.e.2908"}]}
RESULT: {}
RESULT: {"script":"<script> [8489 bytes]","args":[{"element-6066-11e4-a52e-4f735466cecf":"f.31E86CD389CF42DC451BE2E66032817C.d.934B344BB64C5C9C44C4113DF5CBC839.e.2908","ELEMENT":"f.31E86CD389CF42DC451BE2E66032817C.d.934B344BB64C5C9C44C4113DF5CBC839.e.2908"}]}
COMMAND: POST /session/333f20024c3fd35bde10af9d02cc2546/execute/sync - {"script":"<script> [5351 bytes]","args":[{"element-6066-11e4-a52e-4f735466cecf":"f.31E86CD389CF42DC451BE2E66032817C.d.934B344BB64C5C9C44C4113DF5CBC839.e.2908","ELEMENT":"f.31E86CD389CF42DC451BE2E66032817C.d.934B344BB64C5C9C44C4113DF5CBC839.e.2908"}]}
COMMAND: GET /session/333f20024c3fd35bde10af9d02cc2546/screenshot - {}
RESULT: {"script":"<script> [5351 bytes]","args":[{"element-6066-11e4-a52e-4f735466cecf":"f.31E86CD389CF42DC451BE2E66032817C.d.934B344BB64C5C9C44C4113DF5CBC839.e.2908","ELEMENT":"f.31E86CD389CF42DC451BE2E66032817C.d.934B344BB64C5C9C44C4113DF5CBC839.e.2908"}]}
COMMAND: POST /session/333f20024c3fd35bde10af9d02cc2546/element - {"using":"css selector","value":"#shell-header-logo"}
COMMAND: GET /session/333f20024c3fd35bde10af9d02cc2546/screenshot - {}
RESULT: {}
RESULT: {"using":"css selector","value":"#shell-header-logo"}
COMMAND: POST /session/333f20024c3fd35bde10af9d02cc2546/element/f.31E86CD389CF42DC451BE2E66032817C.d.934B344BB64C5C9C44C4113DF5CBC839.e.2908/click - {}
RESULT: {}
RESULT: {}
COMMAND: GET /session/333f20024c3fd35bde10af9d02cc2546/screenshot - {}
RESULT: {}
COMMAND: POST /session/333f20024c3fd35bde10af9d02cc2546/execute/async - {"script":"<script> [189 bytes]","args":[]}
RESULT: {"script":"<script> [189 bytes]","args":[]}
COMMAND: POST /session/333f20024c3fd35bde10af9d02cc2546/execute/async - {"script":"<script> [123 bytes]","args":[]}
RESULT: {"script":"<script> [123 bytes]","args":[]}
COMMAND: POST /session/333f20024c3fd35bde10af9d02cc2546/timeouts - {"script":"<number>"}
RESULT: {"script":"<number>"}
COMMAND: GET /session/333f20024c3fd35bde10af9d02cc2546/timeouts - {}
RESULT: {}
RESULT: undefined
COMMAND: POST /session/333f20024c3fd35bde10af9d02cc2546/execute/async - {"script":"<script> [2676 bytes]","args":[]}
RESULT: {"script":"<script> [2676 bytes]","args":[]}
COMMAND: POST /session/333f20024c3fd35bde10af9d02cc2546/execute/async - {"script":"<script> [2342 bytes]","args":[{"protocol":"http","hostname":"0.0.0.0","path":"/","capabilities":{"browserName":"chrome","goog:chromeOptions":{"binary":"C:\\Program Files\\Google\\Chrome\\Application\\chrome.exe","args":["--start-maximized"]}},"logLevel":"warn","connectionRetryTimeout":120000,"connectionRetryCount":3,"logLevels":{},"enableDirectConnect":true,"strictSSL":true,"_":"65 more keys: [\"cacheDir\",\"port\",\"requestedCapabilities\",\"automationProtocol\",\"baseUrl\",\"waitforInterval\",\"waitforTimeout\",\"onReload\",\"beforeCommand\",\"afterCommand\",\"rootDir\",\"specs\",\"suites\",\"exclude\",\"groupLogsByTestSpec\",\"excludeDriverLogs\",\"bail\",\"framework\",\"reporters\",\"services\",\"maxInstances\",\"maxInstancesPerCapability\",\"injectGlobals\",\"filesToWatch\",\"execArgv\",\"runnerEnv\",\"runner\",\"shard\",\"specFileRetries\",\"specFileRetriesDelay\",\"specFileRetriesDeferred\",\"reporterSyncInterval\",\"reporterSyncTimeout\",\"cucumberFeaturesWithLineNumbers\",\"autoCompileOpts\",\"mochaOpts\",\"jasmineOpts\",\"cucumberOpts\",\"onPrepare\",\"onWorkerStart\",\"onWorkerEnd\",\"before\",\"beforeSession\",\"beforeSuite\",\"beforeHook\",\"beforeTest\",\"afterTest\",\"afterHook\",\"afterSuite\",\"afterSession\",\"after\",\"onComplete\",\"beforeAssertion\",\"afterAssertion\",\"beforeFeature\",\"beforeScenario\",\"beforeStep\",\"afterStep\",\"afterScenario\",\"afterFeature\",\"_\",\"suite\",\"$0\",\"ignoredWorkerServices\",\"wdi5\"]"}]}
RESULT: {"script":"<script> [2342 bytes]","args":[{"protocol":"http","hostname":"0.0.0.0","path":"/","capabilities":{"browserName":"chrome","goog:chromeOptions":{"binary":"C:\\Program Files\\Google\\Chrome\\Application\\chrome.exe","args":["--start-maximized"]}},"logLevel":"warn","connectionRetryTimeout":120000,"connectionRetryCount":3,"logLevels":{},"enableDirectConnect":true,"strictSSL":true,"_":"65 more keys: [\"cacheDir\",\"port\",\"requestedCapabilities\",\"automationProtocol\",\"baseUrl\",\"waitforInterval\",\"waitforTimeout\",\"onReload\",\"beforeCommand\",\"afterCommand\",\"rootDir\",\"specs\",\"suites\",\"exclude\",\"groupLogsByTestSpec\",\"excludeDriverLogs\",\"bail\",\"framework\",\"reporters\",\"services\",\"maxInstances\",\"maxInstancesPerCapability\",\"injectGlobals\",\"filesToWatch\",\"execArgv\",\"runnerEnv\",\"runner\",\"shard\",\"specFileRetries\",\"specFileRetriesDelay\",\"specFileRetriesDeferred\",\"reporterSyncInterval\",\"reporterSyncTimeout\",\"cucumberFeaturesWithLineNumbers\",\"autoCompileOpts\",\"mochaOpts\",\"jasmineOpts\",\"cucumberOpts\",\"onPrepare\",\"onWorkerStart\",\"onWorkerEnd\",\"before\",\"beforeSession\",\"beforeSuite\",\"beforeHook\",\"beforeTest\",\"afterTest\",\"afterHook\",\"afterSuite\",\"afterSession\",\"after\",\"onComplete\",\"beforeAssertion\",\"afterAssertion\",\"beforeFeature\",\"beforeScenario\",\"beforeStep\",\"afterStep\",\"afterScenario\",\"afterFeature\",\"_\",\"suite\",\"$0\",\"ignoredWorkerServices\",\"wdi5\"]"}]}
COMMAND: POST /session/333f20024c3fd35bde10af9d02cc2546/execute/async - {"script":"<script> [21126 bytes]","args":[35000]}
RESULT: {"script":"<script> [21126 bytes]","args":[35000]}
COMMAND: POST /session/333f20024c3fd35bde10af9d02cc2546/window/maximize - {}
RESULT: {}
COMMAND: POST /session/333f20024c3fd35bde10af9d02cc2546/execute/async - {"script":"<script> [1562 bytes]","args":[{"selector":{"id":"shell-header","interaction":{"idSuffix":"icon"}},"wdio_ui5_key":"shellheader"}]}
COMMAND: GET /session/333f20024c3fd35bde10af9d02cc2546/screenshot - {}
RESULT: {"script":"<script> [1562 bytes]","args":[{"selector":{"id":"shell-header","interaction":{"idSuffix":"icon"}},"wdio_ui5_key":"shellheader"}]}
RESULT: undefined
COMMAND: POST /session/333f20024c3fd35bde10af9d02cc2546/refresh - {}
RESULT: {}
RESULT: {}
COMMAND: GET /session/333f20024c3fd35bde10af9d02cc2546/screenshot - {}
RESULT: {}
COMMAND: POST /session/333f20024c3fd35bde10af9d02cc2546/refresh - {}
RESULT: {}
COMMAND: GET /session/333f20024c3fd35bde10af9d02cc2546/screenshot - {}
RESULT: {}
COMMAND: POST /session/333f20024c3fd35bde10af9d02cc2546/window/fullscreen - {}
RESULT: {}
COMMAND: POST /session/333f20024c3fd35bde10af9d02cc2546/execute/async - {"script":"<script> [189 bytes]","args":[]}
RESULT: {"script":"<script> [189 bytes]","args":[]}
COMMAND: POST /session/333f20024c3fd35bde10af9d02cc2546/execute/async - {"script":"<script> [123 bytes]","args":[]}
RESULT: {"script":"<script> [123 bytes]","args":[]}
COMMAND: POST /session/333f20024c3fd35bde10af9d02cc2546/timeouts - {"script":"<number>"}
RESULT: {"script":"<number>"}
COMMAND: GET /session/333f20024c3fd35bde10af9d02cc2546/timeouts - {}
RESULT: {}
RESULT: undefined
COMMAND: POST /session/333f20024c3fd35bde10af9d02cc2546/execute/async - {"script":"<script> [2676 bytes]","args":[]}
RESULT: {"script":"<script> [2676 bytes]","args":[]}
COMMAND: POST /session/333f20024c3fd35bde10af9d02cc2546/execute/async - {"script":"<script> [2342 bytes]","args":[{"protocol":"http","hostname":"0.0.0.0","path":"/","capabilities":{"browserName":"chrome","goog:chromeOptions":{"binary":"C:\\Program Files\\Google\\Chrome\\Application\\chrome.exe","args":["--start-maximized"]}},"logLevel":"warn","connectionRetryTimeout":120000,"connectionRetryCount":3,"logLevels":{},"enableDirectConnect":true,"strictSSL":true,"_":"65 more keys: [\"cacheDir\",\"port\",\"requestedCapabilities\",\"automationProtocol\",\"baseUrl\",\"waitforInterval\",\"waitforTimeout\",\"onReload\",\"beforeCommand\",\"afterCommand\",\"rootDir\",\"specs\",\"suites\",\"exclude\",\"groupLogsByTestSpec\",\"excludeDriverLogs\",\"bail\",\"framework\",\"reporters\",\"services\",\"maxInstances\",\"maxInstancesPerCapability\",\"injectGlobals\",\"filesToWatch\",\"execArgv\",\"runnerEnv\",\"runner\",\"shard\",\"specFileRetries\",\"specFileRetriesDelay\",\"specFileRetriesDeferred\",\"reporterSyncInterval\",\"reporterSyncTimeout\",\"cucumberFeaturesWithLineNumbers\",\"autoCompileOpts\",\"mochaOpts\",\"jasmineOpts\",\"cucumberOpts\",\"onPrepare\",\"onWorkerStart\",\"onWorkerEnd\",\"before\",\"beforeSession\",\"beforeSuite\",\"beforeHook\",\"beforeTest\",\"afterTest\",\"afterHook\",\"afterSuite\",\"afterSession\",\"after\",\"onComplete\",\"beforeAssertion\",\"afterAssertion\",\"beforeFeature\",\"beforeScenario\",\"beforeStep\",\"afterStep\",\"afterScenario\",\"afterFeature\",\"_\",\"suite\",\"$0\",\"ignoredWorkerServices\",\"wdi5\"]"}]}
RESULT: {"script":"<script> [2342 bytes]","args":[{"protocol":"http","hostname":"0.0.0.0","path":"/","capabilities":{"browserName":"chrome","goog:chromeOptions":{"binary":"C:\\Program Files\\Google\\Chrome\\Application\\chrome.exe","args":["--start-maximized"]}},"logLevel":"warn","connectionRetryTimeout":120000,"connectionRetryCount":3,"logLevels":{},"enableDirectConnect":true,"strictSSL":true,"_":"65 more keys: [\"cacheDir\",\"port\",\"requestedCapabilities\",\"automationProtocol\",\"baseUrl\",\"waitforInterval\",\"waitforTimeout\",\"onReload\",\"beforeCommand\",\"afterCommand\",\"rootDir\",\"specs\",\"suites\",\"exclude\",\"groupLogsByTestSpec\",\"excludeDriverLogs\",\"bail\",\"framework\",\"reporters\",\"services\",\"maxInstances\",\"maxInstancesPerCapability\",\"injectGlobals\",\"filesToWatch\",\"execArgv\",\"runnerEnv\",\"runner\",\"shard\",\"specFileRetries\",\"specFileRetriesDelay\",\"specFileRetriesDeferred\",\"reporterSyncInterval\",\"reporterSyncTimeout\",\"cucumberFeaturesWithLineNumbers\",\"autoCompileOpts\",\"mochaOpts\",\"jasmineOpts\",\"cucumberOpts\",\"onPrepare\",\"onWorkerStart\",\"onWorkerEnd\",\"before\",\"beforeSession\",\"beforeSuite\",\"beforeHook\",\"beforeTest\",\"afterTest\",\"afterHook\",\"afterSuite\",\"afterSession\",\"after\",\"onComplete\",\"beforeAssertion\",\"afterAssertion\",\"beforeFeature\",\"beforeScenario\",\"beforeStep\",\"afterStep\",\"afterScenario\",\"afterFeature\",\"_\",\"suite\",\"$0\",\"ignoredWorkerServices\",\"wdi5\"]"}]}
COMMAND: POST /session/333f20024c3fd35bde10af9d02cc2546/execute/async - {"script":"<script> [21126 bytes]","args":[35000]}
RESULT: {"script":"<script> [21126 bytes]","args":[35000]}
]]></system-out>
    </testcase>
  </testsuite>
  <testsuite timestamp="2025-05-23T17:11:57" time="515.714" tests="6" failures="0" errors="0" skipped="0">
    <properties>
      <property name="specId" value="0"/>
      <property name="suiteName" value="Edit and delete daily price US134629 US134627"/>
      <property name="capabilities" value="chrome.136_0_7103_93.windows"/>
      <property name="file" value="file:///D:/a/1/s/test/specs/BTS/conditions-prices-daily-price.spec.js"/>
    </properties>
    <testcase classname="chrome.136_0_7103_93.windows.Edit_and_delete_daily_price_US134629_US134627" name="Should create a new yard used for all following tests" time="0.026">
      <system-out><![CDATA[
COMMAND: POST /session/333f20024c3fd35bde10af9d02cc2546/window/fullscreen - {}
RESULT: {}
]]></system-out>
    </testcase>
    <testcase classname="chrome.136_0_7103_93.windows.Edit_and_delete_daily_price_US134629_US134627" name="Should create a new partner" time="163.709">
      <system-out><![CDATA[
COMMAND: POST /session/333f20024c3fd35bde10af9d02cc2546/window/fullscreen - {}
RESULT: {}
COMMAND: POST /session/333f20024c3fd35bde10af9d02cc2546/execute/async - {"script":"<script> [1562 bytes]","args":[{"selector":{"controlType":"sap.m.GenericTile","properties":{"header":"Manage Partners"}},"wdio_ui5_key":"sapm.GenericTile{\"header\":\"Manage Partners\"}"}]}
RESULT: {"script":"<script> [1562 bytes]","args":[{"selector":{"controlType":"sap.m.GenericTile","properties":{"header":"Manage Partners"}},"wdio_ui5_key":"sapm.GenericTile{\"header\":\"Manage Partners\"}"}]}
RESULT: undefined
COMMAND: POST /session/333f20024c3fd35bde10af9d02cc2546/element - {"using":"xpath","value":"//*[@id=\"__tile38\"]"}
RESULT: {"using":"xpath","value":"//*[@id=\"__tile38\"]"}
COMMAND: POST /session/333f20024c3fd35bde10af9d02cc2546/element/f.31E86CD389CF42DC451BE2E66032817C.d.BB75057033DA9D7DA37C9997EABBAE99.e.3061/click - {}
RESULT: {}
COMMAND: GET /session/333f20024c3fd35bde10af9d02cc2546/screenshot - {}
RESULT: {}
COMMAND: POST /session/333f20024c3fd35bde10af9d02cc2546/elements - {"using":"xpath","value":"//span[text()='Error']"}
RESULT: {"using":"xpath","value":"//span[text()='Error']"}
COMMAND: POST /session/333f20024c3fd35bde10af9d02cc2546/element - {"using":"xpath","value":"//button[@data-kt=\"addButton\"]"}
RESULT: {"using":"xpath","value":"//button[@data-kt=\"addButton\"]"}
COMMAND: POST /session/333f20024c3fd35bde10af9d02cc2546/elements - {"using":"xpath","value":"//button[@data-kt=\"addButton\"]"}
RESULT: {"using":"xpath","value":"//button[@data-kt=\"addButton\"]"}
COMMAND: POST /session/333f20024c3fd35bde10af9d02cc2546/elements - {"using":"xpath","value":"//button[@data-kt=\"addButton\"]"}
RESULT: {"using":"xpath","value":"//button[@data-kt=\"addButton\"]"}
COMMAND: POST /session/333f20024c3fd35bde10af9d02cc2546/elements - {"using":"xpath","value":"//button[@data-kt=\"addButton\"]"}
RESULT: {"using":"xpath","value":"//button[@data-kt=\"addButton\"]"}
COMMAND: POST /session/333f20024c3fd35bde10af9d02cc2546/elements - {"using":"xpath","value":"//button[@data-kt=\"addButton\"]"}
RESULT: {"using":"xpath","value":"//button[@data-kt=\"addButton\"]"}
COMMAND: POST /session/333f20024c3fd35bde10af9d02cc2546/elements - {"using":"xpath","value":"//button[@data-kt=\"addButton\"]"}
RESULT: {"using":"xpath","value":"//button[@data-kt=\"addButton\"]"}
COMMAND: POST /session/333f20024c3fd35bde10af9d02cc2546/elements - {"using":"xpath","value":"//button[@data-kt=\"addButton\"]"}
RESULT: {"using":"xpath","value":"//button[@data-kt=\"addButton\"]"}
COMMAND: POST /session/333f20024c3fd35bde10af9d02cc2546/elements - {"using":"xpath","value":"//button[@data-kt=\"addButton\"]"}
RESULT: {"using":"xpath","value":"//button[@data-kt=\"addButton\"]"}
COMMAND: POST /session/333f20024c3fd35bde10af9d02cc2546/elements - {"using":"xpath","value":"//button[@data-kt=\"addButton\"]"}
RESULT: {"using":"xpath","value":"//button[@data-kt=\"addButton\"]"}
COMMAND: POST /session/333f20024c3fd35bde10af9d02cc2546/elements - {"using":"xpath","value":"//button[@data-kt=\"addButton\"]"}
RESULT: {"using":"xpath","value":"//button[@data-kt=\"addButton\"]"}
COMMAND: POST /session/333f20024c3fd35bde10af9d02cc2546/elements - {"using":"xpath","value":"//button[@data-kt=\"addButton\"]"}
RESULT: {"using":"xpath","value":"//button[@data-kt=\"addButton\"]"}
COMMAND: POST /session/333f20024c3fd35bde10af9d02cc2546/elements - {"using":"xpath","value":"//button[@data-kt=\"addButton\"]"}
RESULT: {"using":"xpath","value":"//button[@data-kt=\"addButton\"]"}
COMMAND: POST /session/333f20024c3fd35bde10af9d02cc2546/element - {"using":"xpath","value":"//button[@data-kt=\"addButton\"]"}
RESULT: {"using":"xpath","value":"//button[@data-kt=\"addButton\"]"}
COMMAND: POST /session/333f20024c3fd35bde10af9d02cc2546/execute/sync - {"script":"<script> [8489 bytes]","args":[{"element-6066-11e4-a52e-4f735466cecf":"f.31E86CD389CF42DC451BE2E66032817C.d.BB75057033DA9D7DA37C9997EABBAE99.e.3200","ELEMENT":"f.31E86CD389CF42DC451BE2E66032817C.d.BB75057033DA9D7DA37C9997EABBAE99.e.3200"}]}
RESULT: {"script":"<script> [8489 bytes]","args":[{"element-6066-11e4-a52e-4f735466cecf":"f.31E86CD389CF42DC451BE2E66032817C.d.BB75057033DA9D7DA37C9997EABBAE99.e.3200","ELEMENT":"f.31E86CD389CF42DC451BE2E66032817C.d.BB75057033DA9D7DA37C9997EABBAE99.e.3200"}]}
COMMAND: GET /session/333f20024c3fd35bde10af9d02cc2546/element/f.31E86CD389CF42DC451BE2E66032817C.d.BB75057033DA9D7DA37C9997EABBAE99.e.3200/enabled - {}
COMMAND: GET /session/333f20024c3fd35bde10af9d02cc2546/screenshot - {}
RESULT: {}
COMMAND: POST /session/333f20024c3fd35bde10af9d02cc2546/execute/sync - {"script":"<script> [8489 bytes]","args":[{"element-6066-11e4-a52e-4f735466cecf":"f.31E86CD389CF42DC451BE2E66032817C.d.BB75057033DA9D7DA37C9997EABBAE99.e.3200","ELEMENT":"f.31E86CD389CF42DC451BE2E66032817C.d.BB75057033DA9D7DA37C9997EABBAE99.e.3200"}]}
COMMAND: GET /session/333f20024c3fd35bde10af9d02cc2546/screenshot - {}
RESULT: {}
RESULT: {"script":"<script> [8489 bytes]","args":[{"element-6066-11e4-a52e-4f735466cecf":"f.31E86CD389CF42DC451BE2E66032817C.d.BB75057033DA9D7DA37C9997EABBAE99.e.3200","ELEMENT":"f.31E86CD389CF42DC451BE2E66032817C.d.BB75057033DA9D7DA37C9997EABBAE99.e.3200"}]}
COMMAND: POST /session/333f20024c3fd35bde10af9d02cc2546/execute/sync - {"script":"<script> [5351 bytes]","args":[{"element-6066-11e4-a52e-4f735466cecf":"f.31E86CD389CF42DC451BE2E66032817C.d.BB75057033DA9D7DA37C9997EABBAE99.e.3200","ELEMENT":"f.31E86CD389CF42DC451BE2E66032817C.d.BB75057033DA9D7DA37C9997EABBAE99.e.3200"}]}
RESULT: {}
COMMAND: GET /session/333f20024c3fd35bde10af9d02cc2546/screenshot - {}
RESULT: {"script":"<script> [5351 bytes]","args":[{"element-6066-11e4-a52e-4f735466cecf":"f.31E86CD389CF42DC451BE2E66032817C.d.BB75057033DA9D7DA37C9997EABBAE99.e.3200","ELEMENT":"f.31E86CD389CF42DC451BE2E66032817C.d.BB75057033DA9D7DA37C9997EABBAE99.e.3200"}]}
COMMAND: POST /session/333f20024c3fd35bde10af9d02cc2546/element/f.31E86CD389CF42DC451BE2E66032817C.d.BB75057033DA9D7DA37C9997EABBAE99.e.3200/click - {}
COMMAND: GET /session/333f20024c3fd35bde10af9d02cc2546/screenshot - {}
RESULT: {}
RESULT: {}
COMMAND: GET /session/333f20024c3fd35bde10af9d02cc2546/screenshot - {}
COMMAND: POST /session/333f20024c3fd35bde10af9d02cc2546/execute/async - {"script":"<script> [1562 bytes]","args":[{"selector":{"id":"application-managepartners-display-component---NewPartner--addressDetailDetailsName1","interaction":{"idSuffix":"inner"}},"wdio_ui5_key":"applicationmanagepartners-display-component---NewPartner--addressDetailDetailsName1"}]}
RESULT: {}
RESULT: {}
RESULT: {"script":"<script> [1562 bytes]","args":[{"selector":{"id":"application-managepartners-display-component---NewPartner--addressDetailDetailsName1","interaction":{"idSuffix":"inner"}},"wdio_ui5_key":"applicationmanagepartners-display-component---NewPartner--addressDetailDetailsName1"}]}
RESULT: undefined
COMMAND: POST /session/333f20024c3fd35bde10af9d02cc2546/execute/async - {"script":"<script> [776 bytes]","args":[{"enterText":"DailyPrice Partner WDIO","selector":{"id":"application-managepartners-display-component---NewPartner--addressDetailDetailsName1","interaction":{"idSuffix":"inner"}},"clearTextFirst":true,"interactionType":"ENTER_TEXT"}]}
RESULT: {"script":"<script> [776 bytes]","args":[{"enterText":"DailyPrice Partner WDIO","selector":{"id":"application-managepartners-display-component---NewPartner--addressDetailDetailsName1","interaction":{"idSuffix":"inner"}},"clearTextFirst":true,"interactionType":"ENTER_TEXT"}]}
COMMAND: POST /session/333f20024c3fd35bde10af9d02cc2546/execute/async - {"script":"<script> [1562 bytes]","args":[{"selector":{"id":"application-managepartners-display-component---NewPartner--addressDetailDetailsLanguage-arrow"},"wdio_ui5_key":"applicationmanagepartners-display-component---NewPartner--addressDetailDetailsLanguage-arrow"}]}
RESULT: {"script":"<script> [1562 bytes]","args":[{"selector":{"id":"application-managepartners-display-component---NewPartner--addressDetailDetailsLanguage-arrow"},"wdio_ui5_key":"applicationmanagepartners-display-component---NewPartner--addressDetailDetailsLanguage-arrow"}]}
RESULT: undefined
COMMAND: POST /session/333f20024c3fd35bde10af9d02cc2546/element - {"using":"xpath","value":"//*[@id=\"application-managepartners-display-component---NewPartner--addressDetailDetailsLanguage-arrow\"]"}
RESULT: {"using":"xpath","value":"//*[@id=\"application-managepartners-display-component---NewPartner--addressDetailDetailsLanguage-arrow\"]"}
COMMAND: POST /session/333f20024c3fd35bde10af9d02cc2546/element/f.31E86CD389CF42DC451BE2E66032817C.d.BB75057033DA9D7DA37C9997EABBAE99.e.3584/click - {}
RESULT: {}
COMMAND: POST /session/333f20024c3fd35bde10af9d02cc2546/element - {"using":"xpath","value":"//span[contains(text(), \"English\")]"}
COMMAND: GET /session/333f20024c3fd35bde10af9d02cc2546/screenshot - {}
RESULT: {"using":"xpath","value":"//span[contains(text(), \"English\")]"}
COMMAND: POST /session/333f20024c3fd35bde10af9d02cc2546/element/f.31E86CD389CF42DC451BE2E66032817C.d.BB75057033DA9D7DA37C9997EABBAE99.e.3585/click - {}
RESULT: {}
RESULT: {}
COMMAND: GET /session/333f20024c3fd35bde10af9d02cc2546/screenshot - {}
RESULT: {}
COMMAND: POST /session/333f20024c3fd35bde10af9d02cc2546/execute/async - {"script":"<script> [1562 bytes]","args":[{"selector":{"id":"application-managepartners-display-component---NewPartner--addressDetailDetailsCity1","interaction":{"idSuffix":"inner"}},"wdio_ui5_key":"applicationmanagepartners-display-component---NewPartner--addressDetailDetailsCity1"}]}
RESULT: {"script":"<script> [1562 bytes]","args":[{"selector":{"id":"application-managepartners-display-component---NewPartner--addressDetailDetailsCity1","interaction":{"idSuffix":"inner"}},"wdio_ui5_key":"applicationmanagepartners-display-component---NewPartner--addressDetailDetailsCity1"}]}
RESULT: undefined
COMMAND: POST /session/333f20024c3fd35bde10af9d02cc2546/execute/async - {"script":"<script> [776 bytes]","args":[{"enterText":"Rosario","selector":{"id":"application-managepartners-display-component---NewPartner--addressDetailDetailsCity1","interaction":{"idSuffix":"inner"}},"clearTextFirst":true,"interactionType":"ENTER_TEXT"}]}
RESULT: {"script":"<script> [776 bytes]","args":[{"enterText":"Rosario","selector":{"id":"application-managepartners-display-component---NewPartner--addressDetailDetailsCity1","interaction":{"idSuffix":"inner"}},"clearTextFirst":true,"interactionType":"ENTER_TEXT"}]}
COMMAND: POST /session/333f20024c3fd35bde10af9d02cc2546/execute/async - {"script":"<script> [1562 bytes]","args":[{"selector":{"id":"application-managepartners-display-component---NewPartner--addressDetailDetailsCountry-arrow"},"wdio_ui5_key":"applicationmanagepartners-display-component---NewPartner--addressDetailDetailsCountry-arrow"}]}
RESULT: {"script":"<script> [1562 bytes]","args":[{"selector":{"id":"application-managepartners-display-component---NewPartner--addressDetailDetailsCountry-arrow"},"wdio_ui5_key":"applicationmanagepartners-display-component---NewPartner--addressDetailDetailsCountry-arrow"}]}
RESULT: undefined
COMMAND: POST /session/333f20024c3fd35bde10af9d02cc2546/element - {"using":"xpath","value":"//*[@id=\"application-managepartners-display-component---NewPartner--addressDetailDetailsCountry-arrow\"]"}
RESULT: {"using":"xpath","value":"//*[@id=\"application-managepartners-display-component---NewPartner--addressDetailDetailsCountry-arrow\"]"}
COMMAND: POST /session/333f20024c3fd35bde10af9d02cc2546/element/f.31E86CD389CF42DC451BE2E66032817C.d.BB75057033DA9D7DA37C9997EABBAE99.e.3538/click - {}
RESULT: {}
COMMAND: POST /session/333f20024c3fd35bde10af9d02cc2546/element - {"using":"xpath","value":"//span[contains(text(), \"Argentina\")]"}
COMMAND: GET /session/333f20024c3fd35bde10af9d02cc2546/screenshot - {}
RESULT: {"using":"xpath","value":"//span[contains(text(), \"Argentina\")]"}
COMMAND: POST /session/333f20024c3fd35bde10af9d02cc2546/element/f.31E86CD389CF42DC451BE2E66032817C.d.BB75057033DA9D7DA37C9997EABBAE99.e.3587/click - {}
RESULT: {}
RESULT: {}
COMMAND: GET /session/333f20024c3fd35bde10af9d02cc2546/screenshot - {}
RESULT: {}
COMMAND: POST /session/333f20024c3fd35bde10af9d02cc2546/element - {"using":"xpath","value":"//bdi[contains(text(), \"Commercial\")]"}
RESULT: {"using":"xpath","value":"//bdi[contains(text(), \"Commercial\")]"}
COMMAND: POST /session/333f20024c3fd35bde10af9d02cc2546/element/f.31E86CD389CF42DC451BE2E66032817C.d.BB75057033DA9D7DA37C9997EABBAE99.e.3588/click - {}
RESULT: {}
COMMAND: GET /session/333f20024c3fd35bde10af9d02cc2546/screenshot - {}
RESULT: {}
COMMAND: POST /session/333f20024c3fd35bde10af9d02cc2546/execute/async - {"script":"<script> [1562 bytes]","args":[{"selector":{"id":"application-managepartners-display-component---NewPartner--partnerDetailInternal-arrow"},"wdio_ui5_key":"applicationmanagepartners-display-component---NewPartner--partnerDetailInternal-arrow"}]}
RESULT: {"script":"<script> [1562 bytes]","args":[{"selector":{"id":"application-managepartners-display-component---NewPartner--partnerDetailInternal-arrow"},"wdio_ui5_key":"applicationmanagepartners-display-component---NewPartner--partnerDetailInternal-arrow"}]}
RESULT: undefined
COMMAND: POST /session/333f20024c3fd35bde10af9d02cc2546/element - {"using":"xpath","value":"//*[@id=\"application-managepartners-display-component---NewPartner--partnerDetailInternal-arrow\"]"}
RESULT: {"using":"xpath","value":"//*[@id=\"application-managepartners-display-component---NewPartner--partnerDetailInternal-arrow\"]"}
COMMAND: POST /session/333f20024c3fd35bde10af9d02cc2546/element/f.31E86CD389CF42DC451BE2E66032817C.d.BB75057033DA9D7DA37C9997EABBAE99.e.3594/click - {}
RESULT: {}
COMMAND: POST /session/333f20024c3fd35bde10af9d02cc2546/element - {"using":"xpath","value":"//span[contains(text(), \"Affiliated company\")]"}
COMMAND: GET /session/333f20024c3fd35bde10af9d02cc2546/screenshot - {}
RESULT: {"using":"xpath","value":"//span[contains(text(), \"Affiliated company\")]"}
COMMAND: POST /session/333f20024c3fd35bde10af9d02cc2546/element/f.31E86CD389CF42DC451BE2E66032817C.d.BB75057033DA9D7DA37C9997EABBAE99.e.3597/click - {}
RESULT: {}
RESULT: {}
COMMAND: POST /session/333f20024c3fd35bde10af9d02cc2546/execute/async - {"script":"<script> [1562 bytes]","args":[{"selector":{"id":"application-managepartners-display-component---NewPartner--partnerDetailsCurrency-arrow"},"wdio_ui5_key":"applicationmanagepartners-display-component---NewPartner--partnerDetailsCurrency-arrow"}]}
COMMAND: GET /session/333f20024c3fd35bde10af9d02cc2546/screenshot - {}
RESULT: {"script":"<script> [1562 bytes]","args":[{"selector":{"id":"application-managepartners-display-component---NewPartner--partnerDetailsCurrency-arrow"},"wdio_ui5_key":"applicationmanagepartners-display-component---NewPartner--partnerDetailsCurrency-arrow"}]}
RESULT: undefined
COMMAND: POST /session/333f20024c3fd35bde10af9d02cc2546/element - {"using":"xpath","value":"//*[@id=\"application-managepartners-display-component---NewPartner--partnerDetailsCurrency-arrow\"]"}
RESULT: {}
RESULT: {"using":"xpath","value":"//*[@id=\"application-managepartners-display-component---NewPartner--partnerDetailsCurrency-arrow\"]"}
COMMAND: POST /session/333f20024c3fd35bde10af9d02cc2546/element/f.31E86CD389CF42DC451BE2E66032817C.d.BB75057033DA9D7DA37C9997EABBAE99.e.3604/click - {}
RESULT: {}
COMMAND: POST /session/333f20024c3fd35bde10af9d02cc2546/element - {"using":"xpath","value":"//span[contains(text(), \"Euro\")]"}
COMMAND: GET /session/333f20024c3fd35bde10af9d02cc2546/screenshot - {}
RESULT: {"using":"xpath","value":"//span[contains(text(), \"Euro\")]"}
COMMAND: POST /session/333f20024c3fd35bde10af9d02cc2546/element/f.31E86CD389CF42DC451BE2E66032817C.d.BB75057033DA9D7DA37C9997EABBAE99.e.3605/click - {}
RESULT: {}
RESULT: {}
COMMAND: POST /session/333f20024c3fd35bde10af9d02cc2546/execute/async - {"script":"<script> [1562 bytes]","args":[{"selector":{"id":"application-managepartners-display-component---NewPartner--addressEditDetailsCostObjectCstType-arrow"},"wdio_ui5_key":"applicationmanagepartners-display-component---NewPartner--addressEditDetailsCostObjectCstType-arrow"}]}
COMMAND: GET /session/333f20024c3fd35bde10af9d02cc2546/screenshot - {}
RESULT: {"script":"<script> [1562 bytes]","args":[{"selector":{"id":"application-managepartners-display-component---NewPartner--addressEditDetailsCostObjectCstType-arrow"},"wdio_ui5_key":"applicationmanagepartners-display-component---NewPartner--addressEditDetailsCostObjectCstType-arrow"}]}
RESULT: undefined
COMMAND: POST /session/333f20024c3fd35bde10af9d02cc2546/element - {"using":"xpath","value":"//*[@id=\"application-managepartners-display-component---NewPartner--addressEditDetailsCostObjectCstType-arrow\"]"}
RESULT: {}
RESULT: {"using":"xpath","value":"//*[@id=\"application-managepartners-display-component---NewPartner--addressEditDetailsCostObjectCstType-arrow\"]"}
COMMAND: POST /session/333f20024c3fd35bde10af9d02cc2546/element/f.31E86CD389CF42DC451BE2E66032817C.d.BB75057033DA9D7DA37C9997EABBAE99.e.3606/click - {}
RESULT: {}
COMMAND: POST /session/333f20024c3fd35bde10af9d02cc2546/element - {"using":"xpath","value":"//span[contains(text(), \"Cost Center\")]"}
COMMAND: GET /session/333f20024c3fd35bde10af9d02cc2546/screenshot - {}
RESULT: {"using":"xpath","value":"//span[contains(text(), \"Cost Center\")]"}
COMMAND: POST /session/333f20024c3fd35bde10af9d02cc2546/element/f.31E86CD389CF42DC451BE2E66032817C.d.BB75057033DA9D7DA37C9997EABBAE99.e.3607/click - {}
RESULT: {}
RESULT: {}
COMMAND: GET /session/333f20024c3fd35bde10af9d02cc2546/screenshot - {}
RESULT: {}
COMMAND: POST /session/333f20024c3fd35bde10af9d02cc2546/element - {"using":"xpath","value":"//span[@id=\"application-managepartners-display-component---NewPartner--addressNewCostObjectCstID-vhi\"]"}
RESULT: {"using":"xpath","value":"//span[@id=\"application-managepartners-display-component---NewPartner--addressNewCostObjectCstID-vhi\"]"}
COMMAND: POST /session/333f20024c3fd35bde10af9d02cc2546/execute/sync - {"script":"<script> [8489 bytes]","args":[{"element-6066-11e4-a52e-4f735466cecf":"f.31E86CD389CF42DC451BE2E66032817C.d.BB75057033DA9D7DA37C9997EABBAE99.e.3611","ELEMENT":"f.31E86CD389CF42DC451BE2E66032817C.d.BB75057033DA9D7DA37C9997EABBAE99.e.3611"}]}
RESULT: {"script":"<script> [8489 bytes]","args":[{"element-6066-11e4-a52e-4f735466cecf":"f.31E86CD389CF42DC451BE2E66032817C.d.BB75057033DA9D7DA37C9997EABBAE99.e.3611","ELEMENT":"f.31E86CD389CF42DC451BE2E66032817C.d.BB75057033DA9D7DA37C9997EABBAE99.e.3611"}]}
COMMAND: POST /session/333f20024c3fd35bde10af9d02cc2546/execute/async - {"script":"<script> [1562 bytes]","args":[{"selector":{"id":"application-managepartners-display-component---NewPartner--addressNewCostObjectCstID-vhi"},"wdio_ui5_key":"applicationmanagepartners-display-component---NewPartner--addressNewCostObjectCstID-vhi"}]}
COMMAND: GET /session/333f20024c3fd35bde10af9d02cc2546/screenshot - {}
RESULT: {"script":"<script> [1562 bytes]","args":[{"selector":{"id":"application-managepartners-display-component---NewPartner--addressNewCostObjectCstID-vhi"},"wdio_ui5_key":"applicationmanagepartners-display-component---NewPartner--addressNewCostObjectCstID-vhi"}]}
RESULT: undefined
COMMAND: POST /session/333f20024c3fd35bde10af9d02cc2546/element - {"using":"xpath","value":"//*[@id=\"application-managepartners-display-component---NewPartner--addressNewCostObjectCstID-vhi\"]"}
RESULT: {}
RESULT: {"using":"xpath","value":"//*[@id=\"application-managepartners-display-component---NewPartner--addressNewCostObjectCstID-vhi\"]"}
COMMAND: POST /session/333f20024c3fd35bde10af9d02cc2546/element/f.31E86CD389CF42DC451BE2E66032817C.d.BB75057033DA9D7DA37C9997EABBAE99.e.3611/click - {}
RESULT: {}
COMMAND: GET /session/333f20024c3fd35bde10af9d02cc2546/screenshot - {}
RESULT: {}
COMMAND: POST /session/333f20024c3fd35bde10af9d02cc2546/execute/async - {"script":"<script> [1562 bytes]","args":[{"selector":{"controlType":"sap.m.SearchField","properties":{"placeholder":"Search"},"searchOpenDialogs":true,"interaction":{"idSuffix":"I"}},"wdio_ui5_key":"sapm.SearchField{\"placeholder\":\"Search\"}"}]}
RESULT: {"script":"<script> [1562 bytes]","args":[{"selector":{"controlType":"sap.m.SearchField","properties":{"placeholder":"Search"},"searchOpenDialogs":true,"interaction":{"idSuffix":"I"}},"wdio_ui5_key":"sapm.SearchField{\"placeholder\":\"Search\"}"}]}
RESULT: undefined
COMMAND: POST /session/333f20024c3fd35bde10af9d02cc2546/execute/async - {"script":"<script> [776 bytes]","args":[{"enterText":"10001013","selector":{"controlType":"sap.m.SearchField","properties":{"placeholder":"Search"},"searchOpenDialogs":true,"interaction":{"idSuffix":"I"}},"clearTextFirst":true,"interactionType":"ENTER_TEXT"}]}
RESULT: {"script":"<script> [776 bytes]","args":[{"enterText":"10001013","selector":{"controlType":"sap.m.SearchField","properties":{"placeholder":"Search"},"searchOpenDialogs":true,"interaction":{"idSuffix":"I"}},"clearTextFirst":true,"interactionType":"ENTER_TEXT"}]}
COMMAND: POST /session/333f20024c3fd35bde10af9d02cc2546/actions - {"actions":[{"id":"action11","type":"key","parameters":{},"actions":[{"type":"keyDown","value":""},{"type":"pause","duration":10},{"type":"keyUp","value":""}]}]}
RESULT: {"actions":[{"id":"action11","type":"key","parameters":{},"actions":[{"type":"keyDown","value":""},{"type":"pause","duration":10},{"type":"keyUp","value":""}]}]}
COMMAND: GET /session/333f20024c3fd35bde10af9d02cc2546/screenshot - {}
RESULT: {}
COMMAND: POST /session/333f20024c3fd35bde10af9d02cc2546/element - {"using":"xpath","value":"//span[contains(text(), \"General Management\")]"}
RESULT: {"using":"xpath","value":"//span[contains(text(), \"General Management\")]"}
COMMAND: POST /session/333f20024c3fd35bde10af9d02cc2546/element/f.31E86CD389CF42DC451BE2E66032817C.d.BB75057033DA9D7DA37C9997EABBAE99.e.3649/click - {}
RESULT: {}
COMMAND: GET /session/333f20024c3fd35bde10af9d02cc2546/screenshot - {}
RESULT: {}
COMMAND: POST /session/333f20024c3fd35bde10af9d02cc2546/element - {"using":"xpath","value":"//bdi[contains(text(), \"OK\")]"}
RESULT: {"using":"xpath","value":"//bdi[contains(text(), \"OK\")]"}
COMMAND: POST /session/333f20024c3fd35bde10af9d02cc2546/element/f.31E86CD389CF42DC451BE2E66032817C.d.BB75057033DA9D7DA37C9997EABBAE99.e.3650/click - {}
RESULT: {}
COMMAND: GET /session/333f20024c3fd35bde10af9d02cc2546/screenshot - {}
RESULT: {}
COMMAND: POST /session/333f20024c3fd35bde10af9d02cc2546/element - {"using":"xpath","value":"//input[@id=\"application-managepartners-display-component---NewPartner--companyCodeComboBox-inner\"]"}
RESULT: {"using":"xpath","value":"//input[@id=\"application-managepartners-display-component---NewPartner--companyCodeComboBox-inner\"]"}
COMMAND: POST /session/333f20024c3fd35bde10af9d02cc2546/element/f.31E86CD389CF42DC451BE2E66032817C.d.BB75057033DA9D7DA37C9997EABBAE99.e.3452/clear - {}
RESULT: {}
COMMAND: POST /session/333f20024c3fd35bde10af9d02cc2546/element/f.31E86CD389CF42DC451BE2E66032817C.d.BB75057033DA9D7DA37C9997EABBAE99.e.3452/value - {"text":"C002"}
COMMAND: GET /session/333f20024c3fd35bde10af9d02cc2546/screenshot - {}
RESULT: {"text":"C002"}
COMMAND: GET /session/333f20024c3fd35bde10af9d02cc2546/screenshot - {}
RESULT: {}
RESULT: {}
COMMAND: POST /session/333f20024c3fd35bde10af9d02cc2546/element - {"using":"xpath","value":"//li[.//span[text()= \"C002\"]]"}
RESULT: {"using":"xpath","value":"//li[.//span[text()= \"C002\"]]"}
COMMAND: POST /session/333f20024c3fd35bde10af9d02cc2546/element/f.31E86CD389CF42DC451BE2E66032817C.d.BB75057033DA9D7DA37C9997EABBAE99.e.3656/click - {}
RESULT: {}
COMMAND: GET /session/333f20024c3fd35bde10af9d02cc2546/screenshot - {}
RESULT: {}
COMMAND: POST /session/333f20024c3fd35bde10af9d02cc2546/execute/async - {"script":"<script> [1562 bytes]","args":[{"selector":{"id":"application-managepartners-display-component---NewPartner--btnAddTableRow-img"},"wdio_ui5_key":"applicationmanagepartners-display-component---NewPartner--btnAddTableRow-img"}]}
RESULT: {"script":"<script> [1562 bytes]","args":[{"selector":{"id":"application-managepartners-display-component---NewPartner--btnAddTableRow-img"},"wdio_ui5_key":"applicationmanagepartners-display-component---NewPartner--btnAddTableRow-img"}]}
RESULT: undefined
COMMAND: POST /session/333f20024c3fd35bde10af9d02cc2546/element - {"using":"xpath","value":"//*[@id=\"application-managepartners-display-component---NewPartner--btnAddTableRow-img\"]"}
RESULT: {"using":"xpath","value":"//*[@id=\"application-managepartners-display-component---NewPartner--btnAddTableRow-img\"]"}
COMMAND: POST /session/333f20024c3fd35bde10af9d02cc2546/element/f.31E86CD389CF42DC451BE2E66032817C.d.BB75057033DA9D7DA37C9997EABBAE99.e.3657/click - {}
RESULT: {}
COMMAND: GET /session/333f20024c3fd35bde10af9d02cc2546/screenshot - {}
RESULT: {}
COMMAND: POST /session/333f20024c3fd35bde10af9d02cc2546/element - {"using":"xpath","value":"//input[@id=\"application-managepartners-display-component---NewPartner--assignmentYard-application-managepartners-display-component---NewPartner--assignmentsTable-0-inner\"]"}
RESULT: {"using":"xpath","value":"//input[@id=\"application-managepartners-display-component---NewPartner--assignmentYard-application-managepartners-display-component---NewPartner--assignmentsTable-0-inner\"]"}
COMMAND: POST /session/333f20024c3fd35bde10af9d02cc2546/element/f.31E86CD389CF42DC451BE2E66032817C.d.BB75057033DA9D7DA37C9997EABBAE99.e.3660/clear - {}
RESULT: {}
COMMAND: POST /session/333f20024c3fd35bde10af9d02cc2546/element/f.31E86CD389CF42DC451BE2E66032817C.d.BB75057033DA9D7DA37C9997EABBAE99.e.3660/value - {"text":"229"}
COMMAND: GET /session/333f20024c3fd35bde10af9d02cc2546/screenshot - {}
RESULT: {"text":"229"}
COMMAND: GET /session/333f20024c3fd35bde10af9d02cc2546/screenshot - {}
RESULT: {}
RESULT: {}
COMMAND: POST /session/333f20024c3fd35bde10af9d02cc2546/element - {"using":"xpath","value":"//li[.//span[text()='229']]"}
RESULT: {"using":"xpath","value":"//li[.//span[text()='229']]"}
COMMAND: POST /session/333f20024c3fd35bde10af9d02cc2546/element/f.31E86CD389CF42DC451BE2E66032817C.d.BB75057033DA9D7DA37C9997EABBAE99.e.3669/click - {}
RESULT: {}
COMMAND: GET /session/333f20024c3fd35bde10af9d02cc2546/screenshot - {}
RESULT: {}
COMMAND: POST /session/333f20024c3fd35bde10af9d02cc2546/actions - {"actions":[{"id":"action12","type":"key","parameters":{},"actions":[{"type":"keyDown","value":""},{"type":"pause","duration":10},{"type":"keyUp","value":""}]}]}
RESULT: {"actions":[{"id":"action12","type":"key","parameters":{},"actions":[{"type":"keyDown","value":""},{"type":"pause","duration":10},{"type":"keyUp","value":""}]}]}
COMMAND: POST /session/333f20024c3fd35bde10af9d02cc2546/execute/async - {"script":"<script> [1562 bytes]","args":[{"selector":{"id":"application-managepartners-display-component---NewPartner--externalCustomerComboBox-application-managepartners-display-component---NewPartner--assignmentsTable-0-vhi"},"wdio_ui5_key":"applicationmanagepartners-display-component---NewPartner--externalCustomerComboBox-application-managepartners-display-component---NewPartner--assignmentsTable-0-vhi"}]}
COMMAND: GET /session/333f20024c3fd35bde10af9d02cc2546/screenshot - {}
RESULT: {"script":"<script> [1562 bytes]","args":[{"selector":{"id":"application-managepartners-display-component---NewPartner--externalCustomerComboBox-application-managepartners-display-component---NewPartner--assignmentsTable-0-vhi"},"wdio_ui5_key":"applicationmanagepartners-display-component---NewPartner--externalCustomerComboBox-application-managepartners-display-component---NewPartner--assignmentsTable-0-vhi"}]}
RESULT: undefined
COMMAND: POST /session/333f20024c3fd35bde10af9d02cc2546/element - {"using":"xpath","value":"//*[@id=\"application-managepartners-display-component---NewPartner--externalCustomerComboBox-application-managepartners-display-component---NewPartner--assignmentsTable-0-vhi\"]"}
RESULT: {}
RESULT: {"using":"xpath","value":"//*[@id=\"application-managepartners-display-component---NewPartner--externalCustomerComboBox-application-managepartners-display-component---NewPartner--assignmentsTable-0-vhi\"]"}
COMMAND: POST /session/333f20024c3fd35bde10af9d02cc2546/element/f.31E86CD389CF42DC451BE2E66032817C.d.BB75057033DA9D7DA37C9997EABBAE99.e.3673/click - {}
RESULT: {}
RESULT: undefined
COMMAND: POST /session/333f20024c3fd35bde10af9d02cc2546/execute/async - {"script":"<script> [776 bytes]","args":[{"enterText":"300003","selector":{"controlType":"sap.m.SearchField","properties":{"placeholder":"Search"},"searchOpenDialogs":true,"interaction":{"idSuffix":"I"}},"clearTextFirst":true,"interactionType":"ENTER_TEXT"}]}
COMMAND: GET /session/333f20024c3fd35bde10af9d02cc2546/screenshot - {}
RESULT: {"script":"<script> [776 bytes]","args":[{"enterText":"300003","selector":{"controlType":"sap.m.SearchField","properties":{"placeholder":"Search"},"searchOpenDialogs":true,"interaction":{"idSuffix":"I"}},"clearTextFirst":true,"interactionType":"ENTER_TEXT"}]}
COMMAND: POST /session/333f20024c3fd35bde10af9d02cc2546/actions - {"actions":[{"id":"action13","type":"key","parameters":{},"actions":[{"type":"keyDown","value":""},{"type":"pause","duration":10},{"type":"keyUp","value":""}]}]}
RESULT: {}
RESULT: {"actions":[{"id":"action13","type":"key","parameters":{},"actions":[{"type":"keyDown","value":""},{"type":"pause","duration":10},{"type":"keyUp","value":""}]}]}
COMMAND: GET /session/333f20024c3fd35bde10af9d02cc2546/screenshot - {}
RESULT: {}
COMMAND: POST /session/333f20024c3fd35bde10af9d02cc2546/element - {"using":"xpath","value":"//span[contains(text(), \"300003\")]"}
RESULT: {"using":"xpath","value":"//span[contains(text(), \"300003\")]"}
COMMAND: POST /session/333f20024c3fd35bde10af9d02cc2546/element/f.31E86CD389CF42DC451BE2E66032817C.d.BB75057033DA9D7DA37C9997EABBAE99.e.3690/click - {}
RESULT: {}
COMMAND: GET /session/333f20024c3fd35bde10af9d02cc2546/screenshot - {}
RESULT: {}
COMMAND: POST /session/333f20024c3fd35bde10af9d02cc2546/element - {"using":"xpath","value":"//bdi[contains(text(), \"OK\")]"}
RESULT: {"using":"xpath","value":"//bdi[contains(text(), \"OK\")]"}
COMMAND: POST /session/333f20024c3fd35bde10af9d02cc2546/element/f.31E86CD389CF42DC451BE2E66032817C.d.BB75057033DA9D7DA37C9997EABBAE99.e.3692/click - {}
RESULT: {}
COMMAND: GET /session/333f20024c3fd35bde10af9d02cc2546/screenshot - {}
RESULT: {}
COMMAND: POST /session/333f20024c3fd35bde10af9d02cc2546/execute/async - {"script":"<script> [1562 bytes]","args":[{"selector":{"id":"application-managepartners-display-component---NewPartner--intercompVendorComboBox-application-managepartners-display-component---NewPartner--assignmentsTable-0-vhi"},"wdio_ui5_key":"applicationmanagepartners-display-component---NewPartner--intercompVendorComboBox-application-managepartners-display-component---NewPartner--assignmentsTable-0-vhi"}]}
RESULT: {"script":"<script> [1562 bytes]","args":[{"selector":{"id":"application-managepartners-display-component---NewPartner--intercompVendorComboBox-application-managepartners-display-component---NewPartner--assignmentsTable-0-vhi"},"wdio_ui5_key":"applicationmanagepartners-display-component---NewPartner--intercompVendorComboBox-application-managepartners-display-component---NewPartner--assignmentsTable-0-vhi"}]}
RESULT: undefined
COMMAND: POST /session/333f20024c3fd35bde10af9d02cc2546/element - {"using":"xpath","value":"//*[@id=\"application-managepartners-display-component---NewPartner--intercompVendorComboBox-application-managepartners-display-component---NewPartner--assignmentsTable-0-vhi\"]"}
RESULT: {"using":"xpath","value":"//*[@id=\"application-managepartners-display-component---NewPartner--intercompVendorComboBox-application-managepartners-display-component---NewPartner--assignmentsTable-0-vhi\"]"}
COMMAND: POST /session/333f20024c3fd35bde10af9d02cc2546/element/f.31E86CD389CF42DC451BE2E66032817C.d.BB75057033DA9D7DA37C9997EABBAE99.e.3696/click - {}
RESULT: {}
RESULT: undefined
COMMAND: POST /session/333f20024c3fd35bde10af9d02cc2546/execute/async - {"script":"<script> [776 bytes]","args":[{"enterText":"100005","selector":{"controlType":"sap.m.SearchField","properties":{"placeholder":"Search"},"searchOpenDialogs":true,"interaction":{"idSuffix":"I"}},"clearTextFirst":true,"interactionType":"ENTER_TEXT"}]}
COMMAND: GET /session/333f20024c3fd35bde10af9d02cc2546/screenshot - {}
RESULT: {"script":"<script> [776 bytes]","args":[{"enterText":"100005","selector":{"controlType":"sap.m.SearchField","properties":{"placeholder":"Search"},"searchOpenDialogs":true,"interaction":{"idSuffix":"I"}},"clearTextFirst":true,"interactionType":"ENTER_TEXT"}]}
COMMAND: POST /session/333f20024c3fd35bde10af9d02cc2546/actions - {"actions":[{"id":"action14","type":"key","parameters":{},"actions":[{"type":"keyDown","value":""},{"type":"pause","duration":10},{"type":"keyUp","value":""}]}]}
RESULT: {}
RESULT: {"actions":[{"id":"action14","type":"key","parameters":{},"actions":[{"type":"keyDown","value":""},{"type":"pause","duration":10},{"type":"keyUp","value":""}]}]}
COMMAND: GET /session/333f20024c3fd35bde10af9d02cc2546/screenshot - {}
RESULT: {}
COMMAND: POST /session/333f20024c3fd35bde10af9d02cc2546/element - {"using":"xpath","value":"//span[contains(text(), \"Penguins - Field/12345 Berlin\")]"}
RESULT: {"using":"xpath","value":"//span[contains(text(), \"Penguins - Field/12345 Berlin\")]"}
COMMAND: POST /session/333f20024c3fd35bde10af9d02cc2546/element/f.31E86CD389CF42DC451BE2E66032817C.d.BB75057033DA9D7DA37C9997EABBAE99.e.3713/click - {}
RESULT: {}
COMMAND: GET /session/333f20024c3fd35bde10af9d02cc2546/screenshot - {}
RESULT: {}
COMMAND: POST /session/333f20024c3fd35bde10af9d02cc2546/element - {"using":"xpath","value":"//bdi[contains(text(), \"OK\")]"}
RESULT: {"using":"xpath","value":"//bdi[contains(text(), \"OK\")]"}
COMMAND: POST /session/333f20024c3fd35bde10af9d02cc2546/element/f.31E86CD389CF42DC451BE2E66032817C.d.BB75057033DA9D7DA37C9997EABBAE99.e.3714/click - {}
RESULT: {}
COMMAND: GET /session/333f20024c3fd35bde10af9d02cc2546/screenshot - {}
RESULT: {}
COMMAND: POST /session/333f20024c3fd35bde10af9d02cc2546/element - {"using":"xpath","value":"//button[@data-kt=\"saveButton\"]"}
RESULT: {"using":"xpath","value":"//button[@data-kt=\"saveButton\"]"}
COMMAND: POST /session/333f20024c3fd35bde10af9d02cc2546/element/f.31E86CD389CF42DC451BE2E66032817C.d.BB75057033DA9D7DA37C9997EABBAE99.e.3576/click - {}
RESULT: {}
COMMAND: GET /session/333f20024c3fd35bde10af9d02cc2546/screenshot - {}
RESULT: {}
COMMAND: POST /session/333f20024c3fd35bde10af9d02cc2546/element - {"using":"xpath","value":"//header[contains(@id, 'ObjectPageLayout-headerTitle')]/div[1]/div[2]/div[2]/span[1]"}
RESULT: {"using":"xpath","value":"//header[contains(@id, 'ObjectPageLayout-headerTitle')]/div[1]/div[2]/div[2]/span[1]"}
COMMAND: POST /session/333f20024c3fd35bde10af9d02cc2546/elements - {"using":"xpath","value":"//header[contains(@id, 'ObjectPageLayout-headerTitle')]/div[1]/div[2]/div[2]/span[1]"}
RESULT: {"using":"xpath","value":"//header[contains(@id, 'ObjectPageLayout-headerTitle')]/div[1]/div[2]/div[2]/span[1]"}
COMMAND: POST /session/333f20024c3fd35bde10af9d02cc2546/execute/sync - {"script":"<script> [56 bytes]","args":[{"element-6066-11e4-a52e-4f735466cecf":"f.31E86CD389CF42DC451BE2E66032817C.d.BB75057033DA9D7DA37C9997EABBAE99.e.3851","ELEMENT":"f.31E86CD389CF42DC451BE2E66032817C.d.BB75057033DA9D7DA37C9997EABBAE99.e.3851"}]}
RESULT: {"script":"<script> [56 bytes]","args":[{"element-6066-11e4-a52e-4f735466cecf":"f.31E86CD389CF42DC451BE2E66032817C.d.BB75057033DA9D7DA37C9997EABBAE99.e.3851","ELEMENT":"f.31E86CD389CF42DC451BE2E66032817C.d.BB75057033DA9D7DA37C9997EABBAE99.e.3851"}]}
COMMAND: POST /session/333f20024c3fd35bde10af9d02cc2546/element - {"using":"css selector","value":"#shell-header-logo"}
COMMAND: GET /session/333f20024c3fd35bde10af9d02cc2546/screenshot - {}
RESULT: {"using":"css selector","value":"#shell-header-logo"}
COMMAND: POST /session/333f20024c3fd35bde10af9d02cc2546/element/f.31E86CD389CF42DC451BE2E66032817C.d.BB75057033DA9D7DA37C9997EABBAE99.e.3154/click - {}
RESULT: {}
RESULT: {}
COMMAND: GET /session/333f20024c3fd35bde10af9d02cc2546/screenshot - {}
RESULT: {}
COMMAND: POST /session/333f20024c3fd35bde10af9d02cc2546/execute/sync - {"script":"<script> [299 bytes]","args":[["getModel","getResource"]]}
RESULT: {"script":"<script> [299 bytes]","args":[["getModel","getResource"]]}
]]></system-out>
    </testcase>
    <testcase classname="chrome.136_0_7103_93.windows.Edit_and_delete_daily_price_US134629_US134627" name="Should create a new site used for following tests" time="153.431">
      <system-out><![CDATA[
COMMAND: GET /session/333f20024c3fd35bde10af9d02cc2546/screenshot - {}
COMMAND: POST /session/333f20024c3fd35bde10af9d02cc2546/execute/async - {"script":"<script> [1562 bytes]","args":[{"selector":{"controlType":"sap.m.GenericTile","properties":{"header":"Manage Sites"}},"wdio_ui5_key":"sapm.GenericTile{\"header\":\"Manage Sites\"}"}]}
RESULT: {}
RESULT: {"script":"<script> [1562 bytes]","args":[{"selector":{"controlType":"sap.m.GenericTile","properties":{"header":"Manage Sites"}},"wdio_ui5_key":"sapm.GenericTile{\"header\":\"Manage Sites\"}"}]}
RESULT: undefined
COMMAND: POST /session/333f20024c3fd35bde10af9d02cc2546/element - {"using":"xpath","value":"//*[@id=\"__tile40\"]"}
RESULT: {"using":"xpath","value":"//*[@id=\"__tile40\"]"}
COMMAND: POST /session/333f20024c3fd35bde10af9d02cc2546/element/f.31E86CD389CF42DC451BE2E66032817C.d.BB75057033DA9D7DA37C9997EABBAE99.e.3067/click - {}
RESULT: {}
COMMAND: GET /session/333f20024c3fd35bde10af9d02cc2546/screenshot - {}
RESULT: {}
COMMAND: POST /session/333f20024c3fd35bde10af9d02cc2546/elements - {"using":"xpath","value":"//span[text()='Error']"}
RESULT: {"using":"xpath","value":"//span[text()='Error']"}
COMMAND: POST /session/333f20024c3fd35bde10af9d02cc2546/element - {"using":"xpath","value":"//button[@data-kt=\"addOverflowToolbarButton\"]"}
RESULT: {"using":"xpath","value":"//button[@data-kt=\"addOverflowToolbarButton\"]"}
COMMAND: POST /session/333f20024c3fd35bde10af9d02cc2546/elements - {"using":"xpath","value":"//button[@data-kt=\"addOverflowToolbarButton\"]"}
RESULT: {"using":"xpath","value":"//button[@data-kt=\"addOverflowToolbarButton\"]"}
COMMAND: POST /session/333f20024c3fd35bde10af9d02cc2546/execute/sync - {"script":"<script> [8489 bytes]","args":[{"element-6066-11e4-a52e-4f735466cecf":"f.31E86CD389CF42DC451BE2E66032817C.d.BB75057033DA9D7DA37C9997EABBAE99.e.3898","ELEMENT":"f.31E86CD389CF42DC451BE2E66032817C.d.BB75057033DA9D7DA37C9997EABBAE99.e.3898"}]}
RESULT: {"script":"<script> [8489 bytes]","args":[{"element-6066-11e4-a52e-4f735466cecf":"f.31E86CD389CF42DC451BE2E66032817C.d.BB75057033DA9D7DA37C9997EABBAE99.e.3898","ELEMENT":"f.31E86CD389CF42DC451BE2E66032817C.d.BB75057033DA9D7DA37C9997EABBAE99.e.3898"}]}
COMMAND: GET /session/333f20024c3fd35bde10af9d02cc2546/element/f.31E86CD389CF42DC451BE2E66032817C.d.BB75057033DA9D7DA37C9997EABBAE99.e.3898/enabled - {}
COMMAND: GET /session/333f20024c3fd35bde10af9d02cc2546/screenshot - {}
RESULT: {}
COMMAND: POST /session/333f20024c3fd35bde10af9d02cc2546/execute/sync - {"script":"<script> [8489 bytes]","args":[{"element-6066-11e4-a52e-4f735466cecf":"f.31E86CD389CF42DC451BE2E66032817C.d.BB75057033DA9D7DA37C9997EABBAE99.e.3898","ELEMENT":"f.31E86CD389CF42DC451BE2E66032817C.d.BB75057033DA9D7DA37C9997EABBAE99.e.3898"}]}
COMMAND: GET /session/333f20024c3fd35bde10af9d02cc2546/screenshot - {}
RESULT: {}
RESULT: {"script":"<script> [8489 bytes]","args":[{"element-6066-11e4-a52e-4f735466cecf":"f.31E86CD389CF42DC451BE2E66032817C.d.BB75057033DA9D7DA37C9997EABBAE99.e.3898","ELEMENT":"f.31E86CD389CF42DC451BE2E66032817C.d.BB75057033DA9D7DA37C9997EABBAE99.e.3898"}]}
COMMAND: POST /session/333f20024c3fd35bde10af9d02cc2546/execute/sync - {"script":"<script> [5351 bytes]","args":[{"element-6066-11e4-a52e-4f735466cecf":"f.31E86CD389CF42DC451BE2E66032817C.d.BB75057033DA9D7DA37C9997EABBAE99.e.3898","ELEMENT":"f.31E86CD389CF42DC451BE2E66032817C.d.BB75057033DA9D7DA37C9997EABBAE99.e.3898"}]}
COMMAND: GET /session/333f20024c3fd35bde10af9d02cc2546/screenshot - {}
RESULT: {}
RESULT: {"script":"<script> [5351 bytes]","args":[{"element-6066-11e4-a52e-4f735466cecf":"f.31E86CD389CF42DC451BE2E66032817C.d.BB75057033DA9D7DA37C9997EABBAE99.e.3898","ELEMENT":"f.31E86CD389CF42DC451BE2E66032817C.d.BB75057033DA9D7DA37C9997EABBAE99.e.3898"}]}
COMMAND: POST /session/333f20024c3fd35bde10af9d02cc2546/element/f.31E86CD389CF42DC451BE2E66032817C.d.BB75057033DA9D7DA37C9997EABBAE99.e.3898/click - {}
COMMAND: GET /session/333f20024c3fd35bde10af9d02cc2546/screenshot - {}
RESULT: {}
RESULT: {}
COMMAND: GET /session/333f20024c3fd35bde10af9d02cc2546/screenshot - {}
COMMAND: POST /session/333f20024c3fd35bde10af9d02cc2546/element - {"using":"xpath","value":"//input[@id=\"application-managesites-display-component---NewSite--siteId-inner\"]"}
RESULT: {}
RESULT: {}
RESULT: {"using":"xpath","value":"//input[@id=\"application-managesites-display-component---NewSite--siteId-inner\"]"}
COMMAND: POST /session/333f20024c3fd35bde10af9d02cc2546/element - {"using":"xpath","value":"//input[@id=\"application-managesites-display-component---NewSite--siteId-inner\"]"}
RESULT: {"using":"xpath","value":"//input[@id=\"application-managesites-display-component---NewSite--siteId-inner\"]"}
COMMAND: POST /session/333f20024c3fd35bde10af9d02cc2546/execute/async - {"script":"<script> [1562 bytes]","args":[{"selector":{"id":"application-managesites-display-component---NewSite--addressDetailDetailsName1","interaction":{"idSuffix":"inner"}},"wdio_ui5_key":"applicationmanagesites-display-component---NewSite--addressDetailDetailsName1"}]}
RESULT: {"script":"<script> [1562 bytes]","args":[{"selector":{"id":"application-managesites-display-component---NewSite--addressDetailDetailsName1","interaction":{"idSuffix":"inner"}},"wdio_ui5_key":"applicationmanagesites-display-component---NewSite--addressDetailDetailsName1"}]}
RESULT: undefined
COMMAND: POST /session/333f20024c3fd35bde10af9d02cc2546/execute/async - {"script":"<script> [776 bytes]","args":[{"enterText":"DailyPrice WDIO","selector":{"id":"application-managesites-display-component---NewSite--addressDetailDetailsName1","interaction":{"idSuffix":"inner"}},"clearTextFirst":true,"interactionType":"ENTER_TEXT"}]}
RESULT: {"script":"<script> [776 bytes]","args":[{"enterText":"DailyPrice WDIO","selector":{"id":"application-managesites-display-component---NewSite--addressDetailDetailsName1","interaction":{"idSuffix":"inner"}},"clearTextFirst":true,"interactionType":"ENTER_TEXT"}]}
COMMAND: POST /session/333f20024c3fd35bde10af9d02cc2546/execute/async - {"script":"<script> [1562 bytes]","args":[{"selector":{"id":"application-managesites-display-component---NewSite--addressDetailDetailsLanguage-arrow"},"wdio_ui5_key":"applicationmanagesites-display-component---NewSite--addressDetailDetailsLanguage-arrow"}]}
RESULT: {"script":"<script> [1562 bytes]","args":[{"selector":{"id":"application-managesites-display-component---NewSite--addressDetailDetailsLanguage-arrow"},"wdio_ui5_key":"applicationmanagesites-display-component---NewSite--addressDetailDetailsLanguage-arrow"}]}
RESULT: undefined
COMMAND: POST /session/333f20024c3fd35bde10af9d02cc2546/element - {"using":"xpath","value":"//*[@id=\"application-managesites-display-component---NewSite--addressDetailDetailsLanguage-arrow\"]"}
RESULT: {"using":"xpath","value":"//*[@id=\"application-managesites-display-component---NewSite--addressDetailDetailsLanguage-arrow\"]"}
COMMAND: POST /session/333f20024c3fd35bde10af9d02cc2546/element/f.31E86CD389CF42DC451BE2E66032817C.d.BB75057033DA9D7DA37C9997EABBAE99.e.4257/click - {}
RESULT: {}
COMMAND: POST /session/333f20024c3fd35bde10af9d02cc2546/element - {"using":"xpath","value":"//span[contains(text(), \"English\")]"}
COMMAND: GET /session/333f20024c3fd35bde10af9d02cc2546/screenshot - {}
RESULT: {"using":"xpath","value":"//span[contains(text(), \"English\")]"}
COMMAND: POST /session/333f20024c3fd35bde10af9d02cc2546/element/f.31E86CD389CF42DC451BE2E66032817C.d.BB75057033DA9D7DA37C9997EABBAE99.e.4258/click - {}
RESULT: {}
RESULT: {}
COMMAND: POST /session/333f20024c3fd35bde10af9d02cc2546/execute/async - {"script":"<script> [1562 bytes]","args":[{"selector":{"id":"application-managesites-display-component---NewSite--addressDetailDetailsCity1","interaction":{"idSuffix":"inner"}},"wdio_ui5_key":"applicationmanagesites-display-component---NewSite--addressDetailDetailsCity1"}]}
COMMAND: GET /session/333f20024c3fd35bde10af9d02cc2546/screenshot - {}
RESULT: {"script":"<script> [1562 bytes]","args":[{"selector":{"id":"application-managesites-display-component---NewSite--addressDetailDetailsCity1","interaction":{"idSuffix":"inner"}},"wdio_ui5_key":"applicationmanagesites-display-component---NewSite--addressDetailDetailsCity1"}]}
RESULT: undefined
COMMAND: POST /session/333f20024c3fd35bde10af9d02cc2546/execute/async - {"script":"<script> [776 bytes]","args":[{"enterText":"Rosario","selector":{"id":"application-managesites-display-component---NewSite--addressDetailDetailsCity1","interaction":{"idSuffix":"inner"}},"clearTextFirst":true,"interactionType":"ENTER_TEXT"}]}
RESULT: {}
RESULT: {"script":"<script> [776 bytes]","args":[{"enterText":"Rosario","selector":{"id":"application-managesites-display-component---NewSite--addressDetailDetailsCity1","interaction":{"idSuffix":"inner"}},"clearTextFirst":true,"interactionType":"ENTER_TEXT"}]}
COMMAND: POST /session/333f20024c3fd35bde10af9d02cc2546/execute/async - {"script":"<script> [1562 bytes]","args":[{"selector":{"id":"application-managesites-display-component---NewSite--addressDetailDetailsCountry-arrow"},"wdio_ui5_key":"applicationmanagesites-display-component---NewSite--addressDetailDetailsCountry-arrow"}]}
RESULT: {"script":"<script> [1562 bytes]","args":[{"selector":{"id":"application-managesites-display-component---NewSite--addressDetailDetailsCountry-arrow"},"wdio_ui5_key":"applicationmanagesites-display-component---NewSite--addressDetailDetailsCountry-arrow"}]}
RESULT: undefined
COMMAND: POST /session/333f20024c3fd35bde10af9d02cc2546/element - {"using":"xpath","value":"//*[@id=\"application-managesites-display-component---NewSite--addressDetailDetailsCountry-arrow\"]"}
RESULT: {"using":"xpath","value":"//*[@id=\"application-managesites-display-component---NewSite--addressDetailDetailsCountry-arrow\"]"}
COMMAND: POST /session/333f20024c3fd35bde10af9d02cc2546/element/f.31E86CD389CF42DC451BE2E66032817C.d.BB75057033DA9D7DA37C9997EABBAE99.e.4260/click - {}
RESULT: {}
COMMAND: POST /session/333f20024c3fd35bde10af9d02cc2546/element - {"using":"xpath","value":"//span[contains(text(), \"Argentina\")]"}
COMMAND: GET /session/333f20024c3fd35bde10af9d02cc2546/screenshot - {}
RESULT: {"using":"xpath","value":"//span[contains(text(), \"Argentina\")]"}
COMMAND: POST /session/333f20024c3fd35bde10af9d02cc2546/element/f.31E86CD389CF42DC451BE2E66032817C.d.BB75057033DA9D7DA37C9997EABBAE99.e.4262/click - {}
RESULT: {}
RESULT: {}
COMMAND: GET /session/333f20024c3fd35bde10af9d02cc2546/screenshot - {}
RESULT: {}
COMMAND: POST /session/333f20024c3fd35bde10af9d02cc2546/execute/async - {"script":"<script> [1562 bytes]","args":[{"selector":{"id":"application-managesites-display-component---NewSite--addressEditDetailsCostObjectCstType-arrow"},"wdio_ui5_key":"applicationmanagesites-display-component---NewSite--addressEditDetailsCostObjectCstType-arrow"}]}
RESULT: {"script":"<script> [1562 bytes]","args":[{"selector":{"id":"application-managesites-display-component---NewSite--addressEditDetailsCostObjectCstType-arrow"},"wdio_ui5_key":"applicationmanagesites-display-component---NewSite--addressEditDetailsCostObjectCstType-arrow"}]}
RESULT: undefined
COMMAND: POST /session/333f20024c3fd35bde10af9d02cc2546/element - {"using":"xpath","value":"//*[@id=\"application-managesites-display-component---NewSite--addressEditDetailsCostObjectCstType-arrow\"]"}
RESULT: {"using":"xpath","value":"//*[@id=\"application-managesites-display-component---NewSite--addressEditDetailsCostObjectCstType-arrow\"]"}
COMMAND: POST /session/333f20024c3fd35bde10af9d02cc2546/element/f.31E86CD389CF42DC451BE2E66032817C.d.BB75057033DA9D7DA37C9997EABBAE99.e.4263/click - {}
RESULT: {}
COMMAND: POST /session/333f20024c3fd35bde10af9d02cc2546/element - {"using":"xpath","value":"//span[contains(text(), \"Cost Center\")]"}
COMMAND: GET /session/333f20024c3fd35bde10af9d02cc2546/screenshot - {}
RESULT: {"using":"xpath","value":"//span[contains(text(), \"Cost Center\")]"}
COMMAND: POST /session/333f20024c3fd35bde10af9d02cc2546/element/f.31E86CD389CF42DC451BE2E66032817C.d.BB75057033DA9D7DA37C9997EABBAE99.e.4264/click - {}
RESULT: {}
RESULT: {}
COMMAND: GET /session/333f20024c3fd35bde10af9d02cc2546/screenshot - {}
RESULT: {}
COMMAND: POST /session/333f20024c3fd35bde10af9d02cc2546/element - {"using":"xpath","value":"//span[@id=\"application-managesites-display-component---NewSite--addressNewCostObjectCstID-vhi\"]"}
RESULT: {"using":"xpath","value":"//span[@id=\"application-managesites-display-component---NewSite--addressNewCostObjectCstID-vhi\"]"}
COMMAND: POST /session/333f20024c3fd35bde10af9d02cc2546/execute/sync - {"script":"<script> [8489 bytes]","args":[{"element-6066-11e4-a52e-4f735466cecf":"f.31E86CD389CF42DC451BE2E66032817C.d.BB75057033DA9D7DA37C9997EABBAE99.e.4268","ELEMENT":"f.31E86CD389CF42DC451BE2E66032817C.d.BB75057033DA9D7DA37C9997EABBAE99.e.4268"}]}
RESULT: {"script":"<script> [8489 bytes]","args":[{"element-6066-11e4-a52e-4f735466cecf":"f.31E86CD389CF42DC451BE2E66032817C.d.BB75057033DA9D7DA37C9997EABBAE99.e.4268","ELEMENT":"f.31E86CD389CF42DC451BE2E66032817C.d.BB75057033DA9D7DA37C9997EABBAE99.e.4268"}]}
COMMAND: POST /session/333f20024c3fd35bde10af9d02cc2546/execute/async - {"script":"<script> [1562 bytes]","args":[{"selector":{"id":"application-managesites-display-component---NewSite--addressNewCostObjectCstID-vhi"},"wdio_ui5_key":"applicationmanagesites-display-component---NewSite--addressNewCostObjectCstID-vhi"}]}
COMMAND: GET /session/333f20024c3fd35bde10af9d02cc2546/screenshot - {}
RESULT: {"script":"<script> [1562 bytes]","args":[{"selector":{"id":"application-managesites-display-component---NewSite--addressNewCostObjectCstID-vhi"},"wdio_ui5_key":"applicationmanagesites-display-component---NewSite--addressNewCostObjectCstID-vhi"}]}
RESULT: undefined
COMMAND: POST /session/333f20024c3fd35bde10af9d02cc2546/element - {"using":"xpath","value":"//*[@id=\"application-managesites-display-component---NewSite--addressNewCostObjectCstID-vhi\"]"}
RESULT: {}
RESULT: {"using":"xpath","value":"//*[@id=\"application-managesites-display-component---NewSite--addressNewCostObjectCstID-vhi\"]"}
COMMAND: POST /session/333f20024c3fd35bde10af9d02cc2546/element/f.31E86CD389CF42DC451BE2E66032817C.d.BB75057033DA9D7DA37C9997EABBAE99.e.4268/click - {}
RESULT: {}
COMMAND: GET /session/333f20024c3fd35bde10af9d02cc2546/screenshot - {}
RESULT: {}
RESULT: undefined
COMMAND: POST /session/333f20024c3fd35bde10af9d02cc2546/execute/async - {"script":"<script> [776 bytes]","args":[{"enterText":"10001013","selector":{"controlType":"sap.m.SearchField","properties":{"placeholder":"Search"},"searchOpenDialogs":true,"interaction":{"idSuffix":"I"}},"clearTextFirst":true,"interactionType":"ENTER_TEXT"}]}
RESULT: {"script":"<script> [776 bytes]","args":[{"enterText":"10001013","selector":{"controlType":"sap.m.SearchField","properties":{"placeholder":"Search"},"searchOpenDialogs":true,"interaction":{"idSuffix":"I"}},"clearTextFirst":true,"interactionType":"ENTER_TEXT"}]}
COMMAND: POST /session/333f20024c3fd35bde10af9d02cc2546/actions - {"actions":[{"id":"action15","type":"key","parameters":{},"actions":[{"type":"keyDown","value":""},{"type":"pause","duration":10},{"type":"keyUp","value":""}]}]}
RESULT: {"actions":[{"id":"action15","type":"key","parameters":{},"actions":[{"type":"keyDown","value":""},{"type":"pause","duration":10},{"type":"keyUp","value":""}]}]}
COMMAND: GET /session/333f20024c3fd35bde10af9d02cc2546/screenshot - {}
RESULT: {}
COMMAND: POST /session/333f20024c3fd35bde10af9d02cc2546/element - {"using":"xpath","value":"//span[contains(text(), \"General Management\")]"}
RESULT: {"using":"xpath","value":"//span[contains(text(), \"General Management\")]"}
COMMAND: POST /session/333f20024c3fd35bde10af9d02cc2546/element/f.31E86CD389CF42DC451BE2E66032817C.d.BB75057033DA9D7DA37C9997EABBAE99.e.4306/click - {}
RESULT: {}
COMMAND: GET /session/333f20024c3fd35bde10af9d02cc2546/screenshot - {}
RESULT: {}
COMMAND: POST /session/333f20024c3fd35bde10af9d02cc2546/element - {"using":"xpath","value":"//bdi[contains(text(), \"OK\")]"}
RESULT: {"using":"xpath","value":"//bdi[contains(text(), \"OK\")]"}
COMMAND: POST /session/333f20024c3fd35bde10af9d02cc2546/element/f.31E86CD389CF42DC451BE2E66032817C.d.BB75057033DA9D7DA37C9997EABBAE99.e.4307/click - {}
RESULT: {}
COMMAND: GET /session/333f20024c3fd35bde10af9d02cc2546/screenshot - {}
RESULT: {}
COMMAND: POST /session/333f20024c3fd35bde10af9d02cc2546/element - {"using":"xpath","value":"//input[@id=\"application-managesites-display-component---NewSite--addressDetailDetailsCalendar-inner\"]"}
RESULT: {"using":"xpath","value":"//input[@id=\"application-managesites-display-component---NewSite--addressDetailDetailsCalendar-inner\"]"}
COMMAND: POST /session/333f20024c3fd35bde10af9d02cc2546/element/f.31E86CD389CF42DC451BE2E66032817C.d.BB75057033DA9D7DA37C9997EABBAE99.e.4074/clear - {}
RESULT: {}
COMMAND: POST /session/333f20024c3fd35bde10af9d02cc2546/element/f.31E86CD389CF42DC451BE2E66032817C.d.BB75057033DA9D7DA37C9997EABBAE99.e.4074/value - {"text":"Unit"}
COMMAND: GET /session/333f20024c3fd35bde10af9d02cc2546/screenshot - {}
RESULT: {"text":"Unit"}
COMMAND: GET /session/333f20024c3fd35bde10af9d02cc2546/screenshot - {}
RESULT: {}
RESULT: {}
COMMAND: POST /session/333f20024c3fd35bde10af9d02cc2546/actions - {"actions":[{"id":"action16","type":"key","parameters":{},"actions":[{"type":"keyDown","value":""},{"type":"pause","duration":10},{"type":"keyUp","value":""}]}]}
RESULT: {"actions":[{"id":"action16","type":"key","parameters":{},"actions":[{"type":"keyDown","value":""},{"type":"pause","duration":10},{"type":"keyUp","value":""}]}]}
COMMAND: POST /session/333f20024c3fd35bde10af9d02cc2546/element - {"using":"xpath","value":"//input[@id=\"application-managesites-display-component---NewSite--addressDetailDetailsYard-inner\"]"}
COMMAND: GET /session/333f20024c3fd35bde10af9d02cc2546/screenshot - {}
RESULT: {"using":"xpath","value":"//input[@id=\"application-managesites-display-component---NewSite--addressDetailDetailsYard-inner\"]"}
COMMAND: POST /session/333f20024c3fd35bde10af9d02cc2546/element/f.31E86CD389CF42DC451BE2E66032817C.d.BB75057033DA9D7DA37C9997EABBAE99.e.4075/clear - {}
RESULT: {}
RESULT: {}
COMMAND: POST /session/333f20024c3fd35bde10af9d02cc2546/element/f.31E86CD389CF42DC451BE2E66032817C.d.BB75057033DA9D7DA37C9997EABBAE99.e.4075/value - {"text":"229"}
COMMAND: GET /session/333f20024c3fd35bde10af9d02cc2546/screenshot - {}
RESULT: {"text":"229"}
COMMAND: GET /session/333f20024c3fd35bde10af9d02cc2546/screenshot - {}
RESULT: {}
RESULT: {}
COMMAND: POST /session/333f20024c3fd35bde10af9d02cc2546/element - {"using":"xpath","value":"//li[.//span[text()='229']]"}
RESULT: {"using":"xpath","value":"//li[.//span[text()='229']]"}
COMMAND: POST /session/333f20024c3fd35bde10af9d02cc2546/element/f.31E86CD389CF42DC451BE2E66032817C.d.BB75057033DA9D7DA37C9997EABBAE99.e.4315/click - {}
RESULT: {}
COMMAND: GET /session/333f20024c3fd35bde10af9d02cc2546/screenshot - {}
RESULT: {}
COMMAND: POST /session/333f20024c3fd35bde10af9d02cc2546/element - {"using":"xpath","value":"//input[@id=\"application-managesites-display-component---NewSite--addressDetailDetailsPartner-inner\"]"}
RESULT: {"using":"xpath","value":"//input[@id=\"application-managesites-display-component---NewSite--addressDetailDetailsPartner-inner\"]"}
COMMAND: POST /session/333f20024c3fd35bde10af9d02cc2546/element - {"using":"xpath","value":"//input[@id=\"application-managesites-display-component---NewSite--addressDetailDetailsPartner-inner\"]"}
RESULT: {"using":"xpath","value":"//input[@id=\"application-managesites-display-component---NewSite--addressDetailDetailsPartner-inner\"]"}
COMMAND: POST /session/333f20024c3fd35bde10af9d02cc2546/element - {"using":"xpath","value":"//button[@data-kt=\"saveButton\"]"}
RESULT: {"using":"xpath","value":"//button[@data-kt=\"saveButton\"]"}
COMMAND: POST /session/333f20024c3fd35bde10af9d02cc2546/element/f.31E86CD389CF42DC451BE2E66032817C.d.BB75057033DA9D7DA37C9997EABBAE99.e.4250/click - {}
RESULT: {}
COMMAND: GET /session/333f20024c3fd35bde10af9d02cc2546/screenshot - {}
RESULT: {}
COMMAND: POST /session/333f20024c3fd35bde10af9d02cc2546/element - {"using":"xpath","value":"//header[contains(@id, 'ObjectPageLayout-headerTitle')]/div[1]/div[2]/div[2]/span[1]"}
RESULT: {"using":"xpath","value":"//header[contains(@id, 'ObjectPageLayout-headerTitle')]/div[1]/div[2]/div[2]/span[1]"}
COMMAND: POST /session/333f20024c3fd35bde10af9d02cc2546/elements - {"using":"xpath","value":"//header[contains(@id, 'ObjectPageLayout-headerTitle')]/div[1]/div[2]/div[2]/span[1]"}
RESULT: {"using":"xpath","value":"//header[contains(@id, 'ObjectPageLayout-headerTitle')]/div[1]/div[2]/div[2]/span[1]"}
COMMAND: POST /session/333f20024c3fd35bde10af9d02cc2546/execute/sync - {"script":"<script> [56 bytes]","args":[{"element-6066-11e4-a52e-4f735466cecf":"f.31E86CD389CF42DC451BE2E66032817C.d.BB75057033DA9D7DA37C9997EABBAE99.e.4502","ELEMENT":"f.31E86CD389CF42DC451BE2E66032817C.d.BB75057033DA9D7DA37C9997EABBAE99.e.4502"}]}
RESULT: {"script":"<script> [56 bytes]","args":[{"element-6066-11e4-a52e-4f735466cecf":"f.31E86CD389CF42DC451BE2E66032817C.d.BB75057033DA9D7DA37C9997EABBAE99.e.4502","ELEMENT":"f.31E86CD389CF42DC451BE2E66032817C.d.BB75057033DA9D7DA37C9997EABBAE99.e.4502"}]}
COMMAND: GET /session/333f20024c3fd35bde10af9d02cc2546/screenshot - {}
RESULT: {}
COMMAND: POST /session/333f20024c3fd35bde10af9d02cc2546/execute/sync - {"script":"<script> [56 bytes]","args":[{"element-6066-11e4-a52e-4f735466cecf":"f.31E86CD389CF42DC451BE2E66032817C.d.BB75057033DA9D7DA37C9997EABBAE99.e.4502","ELEMENT":"f.31E86CD389CF42DC451BE2E66032817C.d.BB75057033DA9D7DA37C9997EABBAE99.e.4502"}]}
RESULT: {"script":"<script> [56 bytes]","args":[{"element-6066-11e4-a52e-4f735466cecf":"f.31E86CD389CF42DC451BE2E66032817C.d.BB75057033DA9D7DA37C9997EABBAE99.e.4502","ELEMENT":"f.31E86CD389CF42DC451BE2E66032817C.d.BB75057033DA9D7DA37C9997EABBAE99.e.4502"}]}
COMMAND: POST /session/333f20024c3fd35bde10af9d02cc2546/element - {"using":"css selector","value":"#shell-header-logo"}
COMMAND: GET /session/333f20024c3fd35bde10af9d02cc2546/screenshot - {}
RESULT: {"using":"css selector","value":"#shell-header-logo"}
COMMAND: POST /session/333f20024c3fd35bde10af9d02cc2546/element/f.31E86CD389CF42DC451BE2E66032817C.d.BB75057033DA9D7DA37C9997EABBAE99.e.3856/click - {}
RESULT: {}
RESULT: {}
COMMAND: GET /session/333f20024c3fd35bde10af9d02cc2546/screenshot - {}
RESULT: {}
COMMAND: POST /session/333f20024c3fd35bde10af9d02cc2546/execute/sync - {"script":"<script> [299 bytes]","args":[["getModel","getResource"]]}
RESULT: {"script":"<script> [299 bytes]","args":[["getModel","getResource"]]}
COMMAND: POST /session/333f20024c3fd35bde10af9d02cc2546/actions - {"actions":[{"id":"action17","type":"key","parameters":{},"actions":[{"type":"keyDown","value":""},{"type":"pause","duration":10},{"type":"keyUp","value":""}]}]}
COMMAND: GET /session/333f20024c3fd35bde10af9d02cc2546/screenshot - {}
RESULT: {"actions":[{"id":"action17","type":"key","parameters":{},"actions":[{"type":"keyDown","value":""},{"type":"pause","duration":10},{"type":"keyUp","value":""}]}]}
COMMAND: GET /session/333f20024c3fd35bde10af9d02cc2546/screenshot - {}
RESULT: {}
RESULT: {}
COMMAND: POST /session/333f20024c3fd35bde10af9d02cc2546/refresh - {}
RESULT: {}
COMMAND: GET /session/333f20024c3fd35bde10af9d02cc2546/screenshot - {}
RESULT: {}
COMMAND: POST /session/333f20024c3fd35bde10af9d02cc2546/refresh - {}
RESULT: {}
COMMAND: GET /session/333f20024c3fd35bde10af9d02cc2546/screenshot - {}
RESULT: {}
COMMAND: POST /session/333f20024c3fd35bde10af9d02cc2546/window/fullscreen - {}
RESULT: {}
COMMAND: POST /session/333f20024c3fd35bde10af9d02cc2546/execute/async - {"script":"<script> [189 bytes]","args":[]}
RESULT: {"script":"<script> [189 bytes]","args":[]}
COMMAND: POST /session/333f20024c3fd35bde10af9d02cc2546/execute/async - {"script":"<script> [123 bytes]","args":[]}
RESULT: {"script":"<script> [123 bytes]","args":[]}
COMMAND: POST /session/333f20024c3fd35bde10af9d02cc2546/timeouts - {"script":"<number>"}
RESULT: {"script":"<number>"}
COMMAND: GET /session/333f20024c3fd35bde10af9d02cc2546/timeouts - {}
RESULT: {}
RESULT: undefined
COMMAND: POST /session/333f20024c3fd35bde10af9d02cc2546/execute/async - {"script":"<script> [2676 bytes]","args":[]}
RESULT: {"script":"<script> [2676 bytes]","args":[]}
COMMAND: POST /session/333f20024c3fd35bde10af9d02cc2546/execute/async - {"script":"<script> [2342 bytes]","args":[{"protocol":"http","hostname":"0.0.0.0","path":"/","capabilities":{"browserName":"chrome","goog:chromeOptions":{"binary":"C:\\Program Files\\Google\\Chrome\\Application\\chrome.exe","args":["--start-maximized"]}},"logLevel":"warn","connectionRetryTimeout":120000,"connectionRetryCount":3,"logLevels":{},"enableDirectConnect":true,"strictSSL":true,"_":"65 more keys: [\"cacheDir\",\"port\",\"requestedCapabilities\",\"automationProtocol\",\"baseUrl\",\"waitforInterval\",\"waitforTimeout\",\"onReload\",\"beforeCommand\",\"afterCommand\",\"rootDir\",\"specs\",\"suites\",\"exclude\",\"groupLogsByTestSpec\",\"excludeDriverLogs\",\"bail\",\"framework\",\"reporters\",\"services\",\"maxInstances\",\"maxInstancesPerCapability\",\"injectGlobals\",\"filesToWatch\",\"execArgv\",\"runnerEnv\",\"runner\",\"shard\",\"specFileRetries\",\"specFileRetriesDelay\",\"specFileRetriesDeferred\",\"reporterSyncInterval\",\"reporterSyncTimeout\",\"cucumberFeaturesWithLineNumbers\",\"autoCompileOpts\",\"mochaOpts\",\"jasmineOpts\",\"cucumberOpts\",\"onPrepare\",\"onWorkerStart\",\"onWorkerEnd\",\"before\",\"beforeSession\",\"beforeSuite\",\"beforeHook\",\"beforeTest\",\"afterTest\",\"afterHook\",\"afterSuite\",\"afterSession\",\"after\",\"onComplete\",\"beforeAssertion\",\"afterAssertion\",\"beforeFeature\",\"beforeScenario\",\"beforeStep\",\"afterStep\",\"afterScenario\",\"afterFeature\",\"_\",\"suite\",\"$0\",\"ignoredWorkerServices\",\"wdi5\"]"}]}
RESULT: {"script":"<script> [2342 bytes]","args":[{"protocol":"http","hostname":"0.0.0.0","path":"/","capabilities":{"browserName":"chrome","goog:chromeOptions":{"binary":"C:\\Program Files\\Google\\Chrome\\Application\\chrome.exe","args":["--start-maximized"]}},"logLevel":"warn","connectionRetryTimeout":120000,"connectionRetryCount":3,"logLevels":{},"enableDirectConnect":true,"strictSSL":true,"_":"65 more keys: [\"cacheDir\",\"port\",\"requestedCapabilities\",\"automationProtocol\",\"baseUrl\",\"waitforInterval\",\"waitforTimeout\",\"onReload\",\"beforeCommand\",\"afterCommand\",\"rootDir\",\"specs\",\"suites\",\"exclude\",\"groupLogsByTestSpec\",\"excludeDriverLogs\",\"bail\",\"framework\",\"reporters\",\"services\",\"maxInstances\",\"maxInstancesPerCapability\",\"injectGlobals\",\"filesToWatch\",\"execArgv\",\"runnerEnv\",\"runner\",\"shard\",\"specFileRetries\",\"specFileRetriesDelay\",\"specFileRetriesDeferred\",\"reporterSyncInterval\",\"reporterSyncTimeout\",\"cucumberFeaturesWithLineNumbers\",\"autoCompileOpts\",\"mochaOpts\",\"jasmineOpts\",\"cucumberOpts\",\"onPrepare\",\"onWorkerStart\",\"onWorkerEnd\",\"before\",\"beforeSession\",\"beforeSuite\",\"beforeHook\",\"beforeTest\",\"afterTest\",\"afterHook\",\"afterSuite\",\"afterSession\",\"after\",\"onComplete\",\"beforeAssertion\",\"afterAssertion\",\"beforeFeature\",\"beforeScenario\",\"beforeStep\",\"afterStep\",\"afterScenario\",\"afterFeature\",\"_\",\"suite\",\"$0\",\"ignoredWorkerServices\",\"wdi5\"]"}]}
COMMAND: POST /session/333f20024c3fd35bde10af9d02cc2546/execute/async - {"script":"<script> [21126 bytes]","args":[35000]}
RESULT: {"script":"<script> [21126 bytes]","args":[35000]}
COMMAND: POST /session/333f20024c3fd35bde10af9d02cc2546/window/fullscreen - {}
RESULT: {}
]]></system-out>
    </testcase>
    <testcase classname="chrome.136_0_7103_93.windows.Edit_and_delete_daily_price_US134629_US134627" name="Should go to Manage Conditions Daily Price and add the 2 rows one with yard site and one with yard" time="99.543">
      <system-out><![CDATA[
COMMAND: POST /session/333f20024c3fd35bde10af9d02cc2546/execute/async - {"script":"<script> [1562 bytes]","args":[{"selector":{"controlType":"sap.m.GenericTile","properties":{"header":"Manage Conditions & Prices"}},"wdio_ui5_key":"sapm.GenericTile{\"header\":\"Manage Conditions & Prices\"}"}]}
RESULT: {"script":"<script> [1562 bytes]","args":[{"selector":{"controlType":"sap.m.GenericTile","properties":{"header":"Manage Conditions & Prices"}},"wdio_ui5_key":"sapm.GenericTile{\"header\":\"Manage Conditions & Prices\"}"}]}
RESULT: undefined
COMMAND: POST /session/333f20024c3fd35bde10af9d02cc2546/element - {"using":"xpath","value":"//*[@id=\"__tile93\"]"}
RESULT: {"using":"xpath","value":"//*[@id=\"__tile93\"]"}
COMMAND: POST /session/333f20024c3fd35bde10af9d02cc2546/element/f.31E86CD389CF42DC451BE2E66032817C.d.26F3839568A8834498AE5AD19F0A28B3.e.4635/click - {}
RESULT: {}
COMMAND: GET /session/333f20024c3fd35bde10af9d02cc2546/screenshot - {}
RESULT: {}
COMMAND: POST /session/333f20024c3fd35bde10af9d02cc2546/elements - {"using":"xpath","value":"//span[text()='Error']"}
RESULT: {"using":"xpath","value":"//span[text()='Error']"}
COMMAND: POST /session/333f20024c3fd35bde10af9d02cc2546/element - {"using":"xpath","value":"//button[@aria-label=\"Create\"]"}
RESULT: {"using":"xpath","value":"//button[@aria-label=\"Create\"]"}
COMMAND: POST /session/333f20024c3fd35bde10af9d02cc2546/elements - {"using":"xpath","value":"//button[@aria-label=\"Create\"]"}
RESULT: {"using":"xpath","value":"//button[@aria-label=\"Create\"]"}
COMMAND: POST /session/333f20024c3fd35bde10af9d02cc2546/elements - {"using":"xpath","value":"//button[@aria-label=\"Create\"]"}
RESULT: {"using":"xpath","value":"//button[@aria-label=\"Create\"]"}
COMMAND: POST /session/333f20024c3fd35bde10af9d02cc2546/elements - {"using":"xpath","value":"//button[@aria-label=\"Create\"]"}
RESULT: {"using":"xpath","value":"//button[@aria-label=\"Create\"]"}
COMMAND: POST /session/333f20024c3fd35bde10af9d02cc2546/elements - {"using":"xpath","value":"//button[@aria-label=\"Create\"]"}
RESULT: {"using":"xpath","value":"//button[@aria-label=\"Create\"]"}
COMMAND: POST /session/333f20024c3fd35bde10af9d02cc2546/elements - {"using":"xpath","value":"//button[@aria-label=\"Create\"]"}
RESULT: {"using":"xpath","value":"//button[@aria-label=\"Create\"]"}
COMMAND: POST /session/333f20024c3fd35bde10af9d02cc2546/elements - {"using":"xpath","value":"//button[@aria-label=\"Create\"]"}
RESULT: {"using":"xpath","value":"//button[@aria-label=\"Create\"]"}
COMMAND: POST /session/333f20024c3fd35bde10af9d02cc2546/elements - {"using":"xpath","value":"//button[@aria-label=\"Create\"]"}
RESULT: {"using":"xpath","value":"//button[@aria-label=\"Create\"]"}
COMMAND: POST /session/333f20024c3fd35bde10af9d02cc2546/elements - {"using":"xpath","value":"//button[@aria-label=\"Create\"]"}
RESULT: {"using":"xpath","value":"//button[@aria-label=\"Create\"]"}
COMMAND: POST /session/333f20024c3fd35bde10af9d02cc2546/elements - {"using":"xpath","value":"//button[@aria-label=\"Create\"]"}
RESULT: {"using":"xpath","value":"//button[@aria-label=\"Create\"]"}
COMMAND: POST /session/333f20024c3fd35bde10af9d02cc2546/elements - {"using":"xpath","value":"//button[@aria-label=\"Create\"]"}
RESULT: {"using":"xpath","value":"//button[@aria-label=\"Create\"]"}
COMMAND: POST /session/333f20024c3fd35bde10af9d02cc2546/elements - {"using":"xpath","value":"//button[@aria-label=\"Create\"]"}
RESULT: {"using":"xpath","value":"//button[@aria-label=\"Create\"]"}
COMMAND: POST /session/333f20024c3fd35bde10af9d02cc2546/elements - {"using":"xpath","value":"//button[@aria-label=\"Create\"]"}
RESULT: {"using":"xpath","value":"//button[@aria-label=\"Create\"]"}
COMMAND: POST /session/333f20024c3fd35bde10af9d02cc2546/elements - {"using":"xpath","value":"//button[@aria-label=\"Create\"]"}
RESULT: {"using":"xpath","value":"//button[@aria-label=\"Create\"]"}
COMMAND: POST /session/333f20024c3fd35bde10af9d02cc2546/elements - {"using":"xpath","value":"//button[@aria-label=\"Create\"]"}
RESULT: {"using":"xpath","value":"//button[@aria-label=\"Create\"]"}
COMMAND: POST /session/333f20024c3fd35bde10af9d02cc2546/elements - {"using":"xpath","value":"//button[@aria-label=\"Create\"]"}
RESULT: {"using":"xpath","value":"//button[@aria-label=\"Create\"]"}
COMMAND: POST /session/333f20024c3fd35bde10af9d02cc2546/elements - {"using":"xpath","value":"//button[@aria-label=\"Create\"]"}
RESULT: {"using":"xpath","value":"//button[@aria-label=\"Create\"]"}
COMMAND: POST /session/333f20024c3fd35bde10af9d02cc2546/elements - {"using":"xpath","value":"//button[@aria-label=\"Create\"]"}
RESULT: {"using":"xpath","value":"//button[@aria-label=\"Create\"]"}
COMMAND: POST /session/333f20024c3fd35bde10af9d02cc2546/elements - {"using":"xpath","value":"//button[@aria-label=\"Create\"]"}
RESULT: {"using":"xpath","value":"//button[@aria-label=\"Create\"]"}
COMMAND: POST /session/333f20024c3fd35bde10af9d02cc2546/elements - {"using":"xpath","value":"//button[@aria-label=\"Create\"]"}
RESULT: {"using":"xpath","value":"//button[@aria-label=\"Create\"]"}
COMMAND: POST /session/333f20024c3fd35bde10af9d02cc2546/elements - {"using":"xpath","value":"//button[@aria-label=\"Create\"]"}
RESULT: {"using":"xpath","value":"//button[@aria-label=\"Create\"]"}
COMMAND: POST /session/333f20024c3fd35bde10af9d02cc2546/elements - {"using":"xpath","value":"//button[@aria-label=\"Create\"]"}
RESULT: {"using":"xpath","value":"//button[@aria-label=\"Create\"]"}
COMMAND: POST /session/333f20024c3fd35bde10af9d02cc2546/elements - {"using":"xpath","value":"//button[@aria-label=\"Create\"]"}
RESULT: {"using":"xpath","value":"//button[@aria-label=\"Create\"]"}
COMMAND: POST /session/333f20024c3fd35bde10af9d02cc2546/elements - {"using":"xpath","value":"//button[@aria-label=\"Create\"]"}
RESULT: {"using":"xpath","value":"//button[@aria-label=\"Create\"]"}
COMMAND: POST /session/333f20024c3fd35bde10af9d02cc2546/elements - {"using":"xpath","value":"//button[@aria-label=\"Create\"]"}
RESULT: {"using":"xpath","value":"//button[@aria-label=\"Create\"]"}
COMMAND: POST /session/333f20024c3fd35bde10af9d02cc2546/elements - {"using":"xpath","value":"//button[@aria-label=\"Create\"]"}
RESULT: {"using":"xpath","value":"//button[@aria-label=\"Create\"]"}
COMMAND: POST /session/333f20024c3fd35bde10af9d02cc2546/elements - {"using":"xpath","value":"//button[@aria-label=\"Create\"]"}
RESULT: {"using":"xpath","value":"//button[@aria-label=\"Create\"]"}
COMMAND: POST /session/333f20024c3fd35bde10af9d02cc2546/elements - {"using":"xpath","value":"//button[@aria-label=\"Create\"]"}
RESULT: {"using":"xpath","value":"//button[@aria-label=\"Create\"]"}
COMMAND: POST /session/333f20024c3fd35bde10af9d02cc2546/elements - {"using":"xpath","value":"//button[@aria-label=\"Create\"]"}
RESULT: {"using":"xpath","value":"//button[@aria-label=\"Create\"]"}
COMMAND: POST /session/333f20024c3fd35bde10af9d02cc2546/elements - {"using":"xpath","value":"//button[@aria-label=\"Create\"]"}
RESULT: {"using":"xpath","value":"//button[@aria-label=\"Create\"]"}
COMMAND: POST /session/333f20024c3fd35bde10af9d02cc2546/elements - {"using":"xpath","value":"//button[@aria-label=\"Create\"]"}
RESULT: {"using":"xpath","value":"//button[@aria-label=\"Create\"]"}
COMMAND: POST /session/333f20024c3fd35bde10af9d02cc2546/elements - {"using":"xpath","value":"//button[@aria-label=\"Create\"]"}
RESULT: {"using":"xpath","value":"//button[@aria-label=\"Create\"]"}
COMMAND: POST /session/333f20024c3fd35bde10af9d02cc2546/elements - {"using":"xpath","value":"//button[@aria-label=\"Create\"]"}
RESULT: {"using":"xpath","value":"//button[@aria-label=\"Create\"]"}
COMMAND: POST /session/333f20024c3fd35bde10af9d02cc2546/elements - {"using":"xpath","value":"//button[@aria-label=\"Create\"]"}
RESULT: {"using":"xpath","value":"//button[@aria-label=\"Create\"]"}
COMMAND: POST /session/333f20024c3fd35bde10af9d02cc2546/elements - {"using":"xpath","value":"//button[@aria-label=\"Create\"]"}
RESULT: {"using":"xpath","value":"//button[@aria-label=\"Create\"]"}
COMMAND: POST /session/333f20024c3fd35bde10af9d02cc2546/element - {"using":"xpath","value":"//button[@aria-label=\"Create\"]"}
RESULT: {"using":"xpath","value":"//button[@aria-label=\"Create\"]"}
COMMAND: POST /session/333f20024c3fd35bde10af9d02cc2546/element/f.31E86CD389CF42DC451BE2E66032817C.d.26F3839568A8834498AE5AD19F0A28B3.e.4680/click - {}
RESULT: {}
COMMAND: GET /session/333f20024c3fd35bde10af9d02cc2546/screenshot - {}
RESULT: {}
COMMAND: POST /session/333f20024c3fd35bde10af9d02cc2546/actions - {"actions":[{"id":"action18","type":"key","parameters":{},"actions":[{"type":"keyDown","value":""},{"type":"pause","duration":10},{"type":"keyUp","value":""}]}]}
RESULT: {"actions":[{"id":"action18","type":"key","parameters":{},"actions":[{"type":"keyDown","value":""},{"type":"pause","duration":10},{"type":"keyUp","value":""}]}]}
COMMAND: POST /session/333f20024c3fd35bde10af9d02cc2546/actions - {"actions":[{"id":"action19","type":"key","parameters":{},"actions":[{"type":"keyDown","value":""},{"type":"pause","duration":10},{"type":"keyUp","value":""}]}]}
COMMAND: GET /session/333f20024c3fd35bde10af9d02cc2546/screenshot - {}
RESULT: {"actions":[{"id":"action19","type":"key","parameters":{},"actions":[{"type":"keyDown","value":""},{"type":"pause","duration":10},{"type":"keyUp","value":""}]}]}
COMMAND: POST /session/333f20024c3fd35bde10af9d02cc2546/execute/async - {"script":"<script> [1562 bytes]","args":[{"selector":{"controlType":"sap.m.Title","viewName":"etm.portal.ui.manageconditionprice.view.DailyPrices","viewId":"application-manageconditionprice-display-component---dailyPrices","i18NText":{"propertyName":"text","key":"dailyPrices"}},"wdio_ui5_key":"etmportal.ui.manageconditionprice.view.DailyPricessap.m.Title{\"propertyName\":\"text\",\"key\":\"dailyPrices\"}"}]}
COMMAND: GET /session/333f20024c3fd35bde10af9d02cc2546/screenshot - {}
RESULT: {}
RESULT: {"script":"<script> [1562 bytes]","args":[{"selector":{"controlType":"sap.m.Title","viewName":"etm.portal.ui.manageconditionprice.view.DailyPrices","viewId":"application-manageconditionprice-display-component---dailyPrices","i18NText":{"propertyName":"text","key":"dailyPrices"}},"wdio_ui5_key":"etmportal.ui.manageconditionprice.view.DailyPricessap.m.Title{\"propertyName\":\"text\",\"key\":\"dailyPrices\"}"}]}
RESULT: undefined
COMMAND: POST /session/333f20024c3fd35bde10af9d02cc2546/execute/async - {"script":"<script> [6424 bytes]","args":[{"element-6066-11e4-a52e-4f735466cecf":"f.31E86CD389CF42DC451BE2E66032817C.d.26F3839568A8834498AE5AD19F0A28B3.e.4901"},"getText",[]]}
RESULT: {}
RESULT: {"script":"<script> [6424 bytes]","args":[{"element-6066-11e4-a52e-4f735466cecf":"f.31E86CD389CF42DC451BE2E66032817C.d.26F3839568A8834498AE5AD19F0A28B3.e.4901"},"getText",[]]}
COMMAND: POST /session/333f20024c3fd35bde10af9d02cc2546/execute/async - {"script":"<script> [1562 bytes]","args":[{"selector":{"id":"application-manageconditionprice-display-component---dailyPrices--condBillCond","interaction":{"idSuffix":"inner"}},"wdio_ui5_key":"applicationmanageconditionprice-display-component---dailyPrices--condBillCond"}]}
RESULT: {"script":"<script> [1562 bytes]","args":[{"selector":{"id":"application-manageconditionprice-display-component---dailyPrices--condBillCond","interaction":{"idSuffix":"inner"}},"wdio_ui5_key":"applicationmanageconditionprice-display-component---dailyPrices--condBillCond"}]}
RESULT: undefined
COMMAND: POST /session/333f20024c3fd35bde10af9d02cc2546/execute/async - {"script":"<script> [776 bytes]","args":[{"enterText":"Residual Value %","selector":{"id":"application-manageconditionprice-display-component---dailyPrices--condBillCond","interaction":{"idSuffix":"inner"}},"clearTextFirst":true,"interactionType":"ENTER_TEXT"}]}
RESULT: {"script":"<script> [776 bytes]","args":[{"enterText":"Residual Value %","selector":{"id":"application-manageconditionprice-display-component---dailyPrices--condBillCond","interaction":{"idSuffix":"inner"}},"clearTextFirst":true,"interactionType":"ENTER_TEXT"}]}
COMMAND: POST /session/333f20024c3fd35bde10af9d02cc2546/execute/async - {"script":"<script> [1562 bytes]","args":[{"selector":{"controlType":"sap.m.StandardListItem","viewName":"etm.portal.ui.manageconditionprice.view.DailyPrices","viewId":"application-manageconditionprice-display-component---dailyPrices","properties":{"type":"Active"},"searchOpenDialogs":true,"interaction":{"idSuffix":"titleText"}},"wdio_ui5_key":"etmportal.ui.manageconditionprice.view.DailyPricessap.m.StandardListItem{\"type\":\"Active\"}"}]}
RESULT: {"script":"<script> [1562 bytes]","args":[{"selector":{"controlType":"sap.m.StandardListItem","viewName":"etm.portal.ui.manageconditionprice.view.DailyPrices","viewId":"application-manageconditionprice-display-component---dailyPrices","properties":{"type":"Active"},"searchOpenDialogs":true,"interaction":{"idSuffix":"titleText"}},"wdio_ui5_key":"etmportal.ui.manageconditionprice.view.DailyPricessap.m.StandardListItem{\"type\":\"Active\"}"}]}
RESULT: undefined
COMMAND: POST /session/333f20024c3fd35bde10af9d02cc2546/element - {"using":"xpath","value":"//*[@id=\"__item42\"]"}
RESULT: {"using":"xpath","value":"//*[@id=\"__item42\"]"}
COMMAND: POST /session/333f20024c3fd35bde10af9d02cc2546/element/f.31E86CD389CF42DC451BE2E66032817C.d.26F3839568A8834498AE5AD19F0A28B3.e.4905/click - {}
RESULT: {}
COMMAND: POST /session/333f20024c3fd35bde10af9d02cc2546/execute/async - {"script":"<script> [1562 bytes]","args":[{"selector":{"id":"application-manageconditionprice-display-component---dailyPrices--editBtn","interaction":{"idSuffix":"BDI-content"}},"wdio_ui5_key":"applicationmanageconditionprice-display-component---dailyPrices--editBtn"}]}
COMMAND: GET /session/333f20024c3fd35bde10af9d02cc2546/screenshot - {}
RESULT: {"script":"<script> [1562 bytes]","args":[{"selector":{"id":"application-manageconditionprice-display-component---dailyPrices--editBtn","interaction":{"idSuffix":"BDI-content"}},"wdio_ui5_key":"applicationmanageconditionprice-display-component---dailyPrices--editBtn"}]}
RESULT: undefined
COMMAND: POST /session/333f20024c3fd35bde10af9d02cc2546/element - {"using":"xpath","value":"//*[@id=\"application-manageconditionprice-display-component---dailyPrices--editBtn\"]"}
RESULT: {}
RESULT: {"using":"xpath","value":"//*[@id=\"application-manageconditionprice-display-component---dailyPrices--editBtn\"]"}
COMMAND: POST /session/333f20024c3fd35bde10af9d02cc2546/element/f.31E86CD389CF42DC451BE2E66032817C.d.26F3839568A8834498AE5AD19F0A28B3.e.4903/click - {}
RESULT: {}
COMMAND: POST /session/333f20024c3fd35bde10af9d02cc2546/execute/async - {"script":"<script> [1562 bytes]","args":[{"selector":{"controlType":"sap.m.Button","viewName":"etm.portal.ui.manageconditionprice.view.DailyPrices","viewId":"application-manageconditionprice-display-component---dailyPrices","i18NText":{"propertyName":"text","key":"add"},"interaction":{"idSuffix":"BDI-content"}},"wdio_ui5_key":"etmportal.ui.manageconditionprice.view.DailyPricessap.m.Button{\"propertyName\":\"text\",\"key\":\"add\"}"}]}
COMMAND: GET /session/333f20024c3fd35bde10af9d02cc2546/screenshot - {}
RESULT: {"script":"<script> [1562 bytes]","args":[{"selector":{"controlType":"sap.m.Button","viewName":"etm.portal.ui.manageconditionprice.view.DailyPrices","viewId":"application-manageconditionprice-display-component---dailyPrices","i18NText":{"propertyName":"text","key":"add"},"interaction":{"idSuffix":"BDI-content"}},"wdio_ui5_key":"etmportal.ui.manageconditionprice.view.DailyPricessap.m.Button{\"propertyName\":\"text\",\"key\":\"add\"}"}]}
RESULT: undefined
COMMAND: POST /session/333f20024c3fd35bde10af9d02cc2546/element - {"using":"xpath","value":"//*[@id=\"__button6\"]"}
RESULT: {}
RESULT: {"using":"xpath","value":"//*[@id=\"__button6\"]"}
COMMAND: POST /session/333f20024c3fd35bde10af9d02cc2546/element/f.31E86CD389CF42DC451BE2E66032817C.d.26F3839568A8834498AE5AD19F0A28B3.e.4913/click - {}
RESULT: {}
COMMAND: POST /session/333f20024c3fd35bde10af9d02cc2546/elements - {"using":"css selector","value":"table tr"}
COMMAND: GET /session/333f20024c3fd35bde10af9d02cc2546/screenshot - {}
RESULT: {"using":"css selector","value":"table tr"}
COMMAND: POST /session/333f20024c3fd35bde10af9d02cc2546/element/f.31E86CD389CF42DC451BE2E66032817C.d.26F3839568A8834498AE5AD19F0A28B3.e.4963/elements - {"using":"css selector","value":"input"}
RESULT: {}
RESULT: {"using":"css selector","value":"input"}
COMMAND: POST /session/333f20024c3fd35bde10af9d02cc2546/element/f.31E86CD389CF42DC451BE2E66032817C.d.26F3839568A8834498AE5AD19F0A28B3.e.4966/clear - {}
COMMAND: POST /session/333f20024c3fd35bde10af9d02cc2546/element/f.31E86CD389CF42DC451BE2E66032817C.d.26F3839568A8834498AE5AD19F0A28B3.e.4964/clear - {}
COMMAND: POST /session/333f20024c3fd35bde10af9d02cc2546/element/f.31E86CD389CF42DC451BE2E66032817C.d.26F3839568A8834498AE5AD19F0A28B3.e.4967/clear - {}
COMMAND: POST /session/333f20024c3fd35bde10af9d02cc2546/element/f.31E86CD389CF42DC451BE2E66032817C.d.26F3839568A8834498AE5AD19F0A28B3.e.4965/clear - {}
COMMAND: POST /session/333f20024c3fd35bde10af9d02cc2546/element/f.31E86CD389CF42DC451BE2E66032817C.d.26F3839568A8834498AE5AD19F0A28B3.e.4963/elements - {"using":"css selector","value":"td"}
RESULT: {}
COMMAND: POST /session/333f20024c3fd35bde10af9d02cc2546/element/f.31E86CD389CF42DC451BE2E66032817C.d.26F3839568A8834498AE5AD19F0A28B3.e.4966/value - {"text":"705.60"}
COMMAND: GET /session/333f20024c3fd35bde10af9d02cc2546/screenshot - {}
RESULT: {}
COMMAND: POST /session/333f20024c3fd35bde10af9d02cc2546/element/f.31E86CD389CF42DC451BE2E66032817C.d.26F3839568A8834498AE5AD19F0A28B3.e.4964/value - {"text":"05/23/25"}
COMMAND: GET /session/333f20024c3fd35bde10af9d02cc2546/screenshot - {}
RESULT: {}
COMMAND: POST /session/333f20024c3fd35bde10af9d02cc2546/element/f.31E86CD389CF42DC451BE2E66032817C.d.26F3839568A8834498AE5AD19F0A28B3.e.4967/value - {"text":"Euro"}
COMMAND: GET /session/333f20024c3fd35bde10af9d02cc2546/screenshot - {}
RESULT: {}
COMMAND: POST /session/333f20024c3fd35bde10af9d02cc2546/element/f.31E86CD389CF42DC451BE2E66032817C.d.26F3839568A8834498AE5AD19F0A28B3.e.4965/value - {"text":"10/23/25"}
COMMAND: GET /session/333f20024c3fd35bde10af9d02cc2546/screenshot - {}
RESULT: {"using":"css selector","value":"td"}
COMMAND: POST /session/333f20024c3fd35bde10af9d02cc2546/element - {"using":"xpath","value":".//li[contains(., \"2081\") and not(.//li)]"}
COMMAND: POST /session/333f20024c3fd35bde10af9d02cc2546/element/f.31E86CD389CF42DC451BE2E66032817C.d.26F3839568A8834498AE5AD19F0A28B3.e.4985/element - {"using":"css selector","value":"input"}
COMMAND: POST /session/333f20024c3fd35bde10af9d02cc2546/element/f.31E86CD389CF42DC451BE2E66032817C.d.26F3839568A8834498AE5AD19F0A28B3.e.4985/element - {"using":"css selector","value":"input"}
RESULT: {"text":"705.60"}
COMMAND: GET /session/333f20024c3fd35bde10af9d02cc2546/screenshot - {}
RESULT: {}
RESULT: {"text":"05/23/25"}
COMMAND: GET /session/333f20024c3fd35bde10af9d02cc2546/screenshot - {}
RESULT: {}
RESULT: {"text":"Euro"}
COMMAND: GET /session/333f20024c3fd35bde10af9d02cc2546/screenshot - {}
RESULT: {}
RESULT: {"text":"10/23/25"}
COMMAND: GET /session/333f20024c3fd35bde10af9d02cc2546/screenshot - {}
RESULT: {}
RESULT: {"using":"css selector","value":"input"}
COMMAND: POST /session/333f20024c3fd35bde10af9d02cc2546/element/f.31E86CD389CF42DC451BE2E66032817C.d.26F3839568A8834498AE5AD19F0A28B3.e.4968/click - {}
RESULT: {"using":"css selector","value":"input"}
COMMAND: POST /session/333f20024c3fd35bde10af9d02cc2546/element/f.31E86CD389CF42DC451BE2E66032817C.d.26F3839568A8834498AE5AD19F0A28B3.e.4968/clear - {}
RESULT: {"using":"xpath","value":".//li[contains(., \"2081\") and not(.//li)]"}
RESULT: {}
RESULT: {}
RESULT: {}
COMMAND: POST /session/333f20024c3fd35bde10af9d02cc2546/elements - {"using":"xpath","value":".//li[contains(., \"2081\") and not(.//li)]"}
RESULT: {}
RESULT: {}
COMMAND: GET /session/333f20024c3fd35bde10af9d02cc2546/screenshot - {}
RESULT: {}
COMMAND: POST /session/333f20024c3fd35bde10af9d02cc2546/element/f.31E86CD389CF42DC451BE2E66032817C.d.26F3839568A8834498AE5AD19F0A28B3.e.4968/value - {"text":"2081"}
COMMAND: GET /session/333f20024c3fd35bde10af9d02cc2546/screenshot - {}
RESULT: {"using":"xpath","value":".//li[contains(., \"2081\") and not(.//li)]"}
COMMAND: POST /session/333f20024c3fd35bde10af9d02cc2546/elements - {"using":"xpath","value":".//li[contains(., \"2081\") and not(.//li)]"}
RESULT: {}
RESULT: {"text":"2081"}
COMMAND: GET /session/333f20024c3fd35bde10af9d02cc2546/screenshot - {}
RESULT: {}
RESULT: {"using":"xpath","value":".//li[contains(., \"2081\") and not(.//li)]"}
COMMAND: POST /session/333f20024c3fd35bde10af9d02cc2546/element - {"using":"xpath","value":".//li[contains(., \"2081\") and not(.//li)]"}
RESULT: {}
RESULT: {"using":"xpath","value":".//li[contains(., \"2081\") and not(.//li)]"}
COMMAND: POST /session/333f20024c3fd35bde10af9d02cc2546/element/f.31E86CD389CF42DC451BE2E66032817C.d.26F3839568A8834498AE5AD19F0A28B3.e.4995/click - {}
RESULT: {}
COMMAND: POST /session/333f20024c3fd35bde10af9d02cc2546/element/f.31E86CD389CF42DC451BE2E66032817C.d.26F3839568A8834498AE5AD19F0A28B3.e.4986/element - {"using":"css selector","value":"input"}
COMMAND: GET /session/333f20024c3fd35bde10af9d02cc2546/screenshot - {}
RESULT: {"using":"css selector","value":"input"}
COMMAND: POST /session/333f20024c3fd35bde10af9d02cc2546/element/f.31E86CD389CF42DC451BE2E66032817C.d.26F3839568A8834498AE5AD19F0A28B3.e.4969/click - {}
RESULT: {}
RESULT: {}
COMMAND: GET /session/333f20024c3fd35bde10af9d02cc2546/screenshot - {}
RESULT: {}
COMMAND: POST /session/333f20024c3fd35bde10af9d02cc2546/element/f.31E86CD389CF42DC451BE2E66032817C.d.26F3839568A8834498AE5AD19F0A28B3.e.4986/element - {"using":"css selector","value":"input"}
RESULT: {"using":"css selector","value":"input"}
COMMAND: POST /session/333f20024c3fd35bde10af9d02cc2546/element/f.31E86CD389CF42DC451BE2E66032817C.d.26F3839568A8834498AE5AD19F0A28B3.e.4969/clear - {}
RESULT: {}
COMMAND: POST /session/333f20024c3fd35bde10af9d02cc2546/element/f.31E86CD389CF42DC451BE2E66032817C.d.26F3839568A8834498AE5AD19F0A28B3.e.4969/value - {"text":"229"}
COMMAND: GET /session/333f20024c3fd35bde10af9d02cc2546/screenshot - {}
RESULT: {"text":"229"}
COMMAND: GET /session/333f20024c3fd35bde10af9d02cc2546/screenshot - {}
RESULT: {}
RESULT: {}
COMMAND: POST /session/333f20024c3fd35bde10af9d02cc2546/element - {"using":"xpath","value":".//li[contains(., \"229\") and not(.//li)]"}
RESULT: {"using":"xpath","value":".//li[contains(., \"229\") and not(.//li)]"}
COMMAND: POST /session/333f20024c3fd35bde10af9d02cc2546/element/f.31E86CD389CF42DC451BE2E66032817C.d.26F3839568A8834498AE5AD19F0A28B3.e.4996/click - {}
RESULT: {}
RESULT: undefined
COMMAND: POST /session/333f20024c3fd35bde10af9d02cc2546/element - {"using":"xpath","value":"//*[@id=\"__button6\"]"}
COMMAND: GET /session/333f20024c3fd35bde10af9d02cc2546/screenshot - {}
RESULT: {"using":"xpath","value":"//*[@id=\"__button6\"]"}
COMMAND: POST /session/333f20024c3fd35bde10af9d02cc2546/element/f.31E86CD389CF42DC451BE2E66032817C.d.26F3839568A8834498AE5AD19F0A28B3.e.4913/click - {}
RESULT: {}
RESULT: {}
COMMAND: POST /session/333f20024c3fd35bde10af9d02cc2546/elements - {"using":"css selector","value":"table tr"}
COMMAND: GET /session/333f20024c3fd35bde10af9d02cc2546/screenshot - {}
RESULT: {"using":"css selector","value":"table tr"}
COMMAND: POST /session/333f20024c3fd35bde10af9d02cc2546/element/f.31E86CD389CF42DC451BE2E66032817C.d.26F3839568A8834498AE5AD19F0A28B3.e.4998/elements - {"using":"css selector","value":"input"}
RESULT: {}
RESULT: {"using":"css selector","value":"input"}
COMMAND: POST /session/333f20024c3fd35bde10af9d02cc2546/element/f.31E86CD389CF42DC451BE2E66032817C.d.26F3839568A8834498AE5AD19F0A28B3.e.5001/clear - {}
COMMAND: POST /session/333f20024c3fd35bde10af9d02cc2546/element/f.31E86CD389CF42DC451BE2E66032817C.d.26F3839568A8834498AE5AD19F0A28B3.e.4999/clear - {}
COMMAND: POST /session/333f20024c3fd35bde10af9d02cc2546/element/f.31E86CD389CF42DC451BE2E66032817C.d.26F3839568A8834498AE5AD19F0A28B3.e.5002/clear - {}
COMMAND: POST /session/333f20024c3fd35bde10af9d02cc2546/element/f.31E86CD389CF42DC451BE2E66032817C.d.26F3839568A8834498AE5AD19F0A28B3.e.5000/clear - {}
RESULT: {}
COMMAND: POST /session/333f20024c3fd35bde10af9d02cc2546/element/f.31E86CD389CF42DC451BE2E66032817C.d.26F3839568A8834498AE5AD19F0A28B3.e.5000/value - {"text":"10/23/25"}
COMMAND: GET /session/333f20024c3fd35bde10af9d02cc2546/screenshot - {}
RESULT: {}
COMMAND: POST /session/333f20024c3fd35bde10af9d02cc2546/element/f.31E86CD389CF42DC451BE2E66032817C.d.26F3839568A8834498AE5AD19F0A28B3.e.5002/value - {"text":"US Dollar"}
COMMAND: GET /session/333f20024c3fd35bde10af9d02cc2546/screenshot - {}
RESULT: {}
COMMAND: POST /session/333f20024c3fd35bde10af9d02cc2546/element/f.31E86CD389CF42DC451BE2E66032817C.d.26F3839568A8834498AE5AD19F0A28B3.e.4999/value - {"text":"05/23/25"}
COMMAND: GET /session/333f20024c3fd35bde10af9d02cc2546/screenshot - {}
RESULT: {}
COMMAND: POST /session/333f20024c3fd35bde10af9d02cc2546/element/f.31E86CD389CF42DC451BE2E66032817C.d.26F3839568A8834498AE5AD19F0A28B3.e.5001/value - {"text":"99.5"}
COMMAND: GET /session/333f20024c3fd35bde10af9d02cc2546/screenshot - {}
RESULT: {"text":"10/23/25"}
COMMAND: GET /session/333f20024c3fd35bde10af9d02cc2546/screenshot - {}
COMMAND: POST /session/333f20024c3fd35bde10af9d02cc2546/element/f.31E86CD389CF42DC451BE2E66032817C.d.26F3839568A8834498AE5AD19F0A28B3.e.4998/elements - {"using":"css selector","value":"td"}
RESULT: {}
RESULT: {"text":"US Dollar"}
COMMAND: GET /session/333f20024c3fd35bde10af9d02cc2546/screenshot - {}
RESULT: {}
RESULT: {"text":"05/23/25"}
COMMAND: GET /session/333f20024c3fd35bde10af9d02cc2546/screenshot - {}
RESULT: {}
RESULT: {"text":"99.5"}
COMMAND: GET /session/333f20024c3fd35bde10af9d02cc2546/screenshot - {}
RESULT: {}
RESULT: {}
RESULT: {"using":"css selector","value":"td"}
COMMAND: POST /session/333f20024c3fd35bde10af9d02cc2546/element/f.31E86CD389CF42DC451BE2E66032817C.d.26F3839568A8834498AE5AD19F0A28B3.e.5020/element - {"using":"css selector","value":"input"}
RESULT: {}
RESULT: {}
RESULT: {}
RESULT: {"using":"css selector","value":"input"}
COMMAND: POST /session/333f20024c3fd35bde10af9d02cc2546/element/f.31E86CD389CF42DC451BE2E66032817C.d.26F3839568A8834498AE5AD19F0A28B3.e.5003/click - {}
RESULT: {}
COMMAND: GET /session/333f20024c3fd35bde10af9d02cc2546/screenshot - {}
RESULT: {}
COMMAND: POST /session/333f20024c3fd35bde10af9d02cc2546/element/f.31E86CD389CF42DC451BE2E66032817C.d.26F3839568A8834498AE5AD19F0A28B3.e.5020/element - {"using":"css selector","value":"input"}
RESULT: {"using":"css selector","value":"input"}
COMMAND: POST /session/333f20024c3fd35bde10af9d02cc2546/element/f.31E86CD389CF42DC451BE2E66032817C.d.26F3839568A8834498AE5AD19F0A28B3.e.5003/clear - {}
RESULT: {}
COMMAND: POST /session/333f20024c3fd35bde10af9d02cc2546/element/f.31E86CD389CF42DC451BE2E66032817C.d.26F3839568A8834498AE5AD19F0A28B3.e.5003/value - {"text":"2081"}
COMMAND: GET /session/333f20024c3fd35bde10af9d02cc2546/screenshot - {}
RESULT: {"text":"2081"}
COMMAND: GET /session/333f20024c3fd35bde10af9d02cc2546/screenshot - {}
RESULT: {}
RESULT: {}
COMMAND: POST /session/333f20024c3fd35bde10af9d02cc2546/element - {"using":"xpath","value":"(//li[div//span[contains(text(), '2081')]])[2]"}
RESULT: {"using":"xpath","value":"(//li[div//span[contains(text(), '2081')]])[2]"}
COMMAND: POST /session/333f20024c3fd35bde10af9d02cc2546/element/f.31E86CD389CF42DC451BE2E66032817C.d.26F3839568A8834498AE5AD19F0A28B3.e.5026/click - {}
RESULT: {}
COMMAND: POST /session/333f20024c3fd35bde10af9d02cc2546/execute/async - {"script":"<script> [1562 bytes]","args":[{"selector":{"controlType":"sap.m.Button","viewName":"etm.portal.ui.manageconditionprice.view.DailyPrices","viewId":"application-manageconditionprice-display-component---dailyPrices","i18NText":{"propertyName":"tooltip","key":"save"},"interaction":{"idSuffix":"BDI-content"}},"wdio_ui5_key":"etmportal.ui.manageconditionprice.view.DailyPricessap.m.Button{\"propertyName\":\"tooltip\",\"key\":\"save\"}"}]}
COMMAND: GET /session/333f20024c3fd35bde10af9d02cc2546/screenshot - {}
RESULT: {"script":"<script> [1562 bytes]","args":[{"selector":{"controlType":"sap.m.Button","viewName":"etm.portal.ui.manageconditionprice.view.DailyPrices","viewId":"application-manageconditionprice-display-component---dailyPrices","i18NText":{"propertyName":"tooltip","key":"save"},"interaction":{"idSuffix":"BDI-content"}},"wdio_ui5_key":"etmportal.ui.manageconditionprice.view.DailyPricessap.m.Button{\"propertyName\":\"tooltip\",\"key\":\"save\"}"}]}
RESULT: undefined
COMMAND: POST /session/333f20024c3fd35bde10af9d02cc2546/element - {"using":"xpath","value":"//*[@id=\"__button8\"]"}
RESULT: {}
RESULT: {"using":"xpath","value":"//*[@id=\"__button8\"]"}
COMMAND: POST /session/333f20024c3fd35bde10af9d02cc2546/element/f.31E86CD389CF42DC451BE2E66032817C.d.26F3839568A8834498AE5AD19F0A28B3.e.4907/click - {}
RESULT: {}
COMMAND: GET /session/333f20024c3fd35bde10af9d02cc2546/screenshot - {}
RESULT: {}
]]></system-out>
    </testcase>
    <testcase classname="chrome.136_0_7103_93.windows.Edit_and_delete_daily_price_US134629_US134627" name="Should check whether the 2 rows have been added then edit one of the rows s currency and value and save and check the edited values" time="12.78">
      <system-out><![CDATA[
COMMAND: POST /session/333f20024c3fd35bde10af9d02cc2546/elements - {"using":"css selector","value":"table tr"}
RESULT: {"using":"css selector","value":"table tr"}
COMMAND: POST /session/333f20024c3fd35bde10af9d02cc2546/element/f.31E86CD389CF42DC451BE2E66032817C.d.26F3839568A8834498AE5AD19F0A28B3.e.4998/elements - {"using":"css selector","value":"td"}
RESULT: {"using":"css selector","value":"td"}
COMMAND: POST /session/333f20024c3fd35bde10af9d02cc2546/element/f.31E86CD389CF42DC451BE2E66032817C.d.26F3839568A8834498AE5AD19F0A28B3.e.4963/elements - {"using":"css selector","value":"td"}
RESULT: {"using":"css selector","value":"td"}
COMMAND: POST /session/333f20024c3fd35bde10af9d02cc2546/element/f.31E86CD389CF42DC451BE2E66032817C.d.26F3839568A8834498AE5AD19F0A28B3.e.5029/element - {"using":"css selector","value":".sapMObjectNumberText"}
RESULT: {"using":"css selector","value":".sapMObjectNumberText"}
COMMAND: GET /session/333f20024c3fd35bde10af9d02cc2546/element/f.31E86CD389CF42DC451BE2E66032817C.d.26F3839568A8834498AE5AD19F0A28B3.e.5031/text - {}
RESULT: {}
COMMAND: POST /session/333f20024c3fd35bde10af9d02cc2546/element/f.31E86CD389CF42DC451BE2E66032817C.d.26F3839568A8834498AE5AD19F0A28B3.e.5030/element - {"using":"css selector","value":".sapMObjectNumberText"}
RESULT: {"using":"css selector","value":".sapMObjectNumberText"}
COMMAND: GET /session/333f20024c3fd35bde10af9d02cc2546/element/f.31E86CD389CF42DC451BE2E66032817C.d.26F3839568A8834498AE5AD19F0A28B3.e.5032/text - {}
RESULT: {}
RESULT: undefined
COMMAND: POST /session/333f20024c3fd35bde10af9d02cc2546/element - {"using":"xpath","value":"//*[@id=\"application-manageconditionprice-display-component---dailyPrices--editBtn\"]"}
RESULT: {"using":"xpath","value":"//*[@id=\"application-manageconditionprice-display-component---dailyPrices--editBtn\"]"}
COMMAND: POST /session/333f20024c3fd35bde10af9d02cc2546/element/f.31E86CD389CF42DC451BE2E66032817C.d.26F3839568A8834498AE5AD19F0A28B3.e.5028/click - {}
RESULT: {}
COMMAND: POST /session/333f20024c3fd35bde10af9d02cc2546/elements - {"using":"css selector","value":"table tr"}
COMMAND: GET /session/333f20024c3fd35bde10af9d02cc2546/screenshot - {}
RESULT: {"using":"css selector","value":"table tr"}
COMMAND: POST /session/333f20024c3fd35bde10af9d02cc2546/element/f.31E86CD389CF42DC451BE2E66032817C.d.26F3839568A8834498AE5AD19F0A28B3.e.4998/elements - {"using":"css selector","value":"input"}
RESULT: {}
RESULT: {"using":"css selector","value":"input"}
COMMAND: POST /session/333f20024c3fd35bde10af9d02cc2546/element/f.31E86CD389CF42DC451BE2E66032817C.d.26F3839568A8834498AE5AD19F0A28B3.e.5047/clear - {}
COMMAND: POST /session/333f20024c3fd35bde10af9d02cc2546/element/f.31E86CD389CF42DC451BE2E66032817C.d.26F3839568A8834498AE5AD19F0A28B3.e.5048/clear - {}
RESULT: {}
COMMAND: POST /session/333f20024c3fd35bde10af9d02cc2546/element/f.31E86CD389CF42DC451BE2E66032817C.d.26F3839568A8834498AE5AD19F0A28B3.e.5048/value - {"text":"US Dollar"}
COMMAND: GET /session/333f20024c3fd35bde10af9d02cc2546/screenshot - {}
RESULT: {}
COMMAND: POST /session/333f20024c3fd35bde10af9d02cc2546/element/f.31E86CD389CF42DC451BE2E66032817C.d.26F3839568A8834498AE5AD19F0A28B3.e.5047/value - {"text":"566.1"}
COMMAND: GET /session/333f20024c3fd35bde10af9d02cc2546/screenshot - {}
RESULT: {"text":"US Dollar"}
COMMAND: GET /session/333f20024c3fd35bde10af9d02cc2546/screenshot - {}
RESULT: {}
RESULT: {"text":"566.1"}
COMMAND: GET /session/333f20024c3fd35bde10af9d02cc2546/screenshot - {}
RESULT: undefined
COMMAND: POST /session/333f20024c3fd35bde10af9d02cc2546/element - {"using":"xpath","value":"//*[@id=\"__button8\"]"}
RESULT: {}
RESULT: {}
RESULT: {}
RESULT: {"using":"xpath","value":"//*[@id=\"__button8\"]"}
COMMAND: POST /session/333f20024c3fd35bde10af9d02cc2546/element/f.31E86CD389CF42DC451BE2E66032817C.d.26F3839568A8834498AE5AD19F0A28B3.e.5033/click - {}
RESULT: {}
COMMAND: GET /session/333f20024c3fd35bde10af9d02cc2546/screenshot - {}
RESULT: {}
COMMAND: POST /session/333f20024c3fd35bde10af9d02cc2546/elements - {"using":"css selector","value":"table tr"}
RESULT: {"using":"css selector","value":"table tr"}
COMMAND: POST /session/333f20024c3fd35bde10af9d02cc2546/element/f.31E86CD389CF42DC451BE2E66032817C.d.26F3839568A8834498AE5AD19F0A28B3.e.4998/elements - {"using":"css selector","value":"td"}
RESULT: {"using":"css selector","value":"td"}
COMMAND: POST /session/333f20024c3fd35bde10af9d02cc2546/element/f.31E86CD389CF42DC451BE2E66032817C.d.26F3839568A8834498AE5AD19F0A28B3.e.5052/element - {"using":"css selector","value":".sapMObjectNumberText"}
RESULT: {"using":"css selector","value":".sapMObjectNumberText"}
COMMAND: GET /session/333f20024c3fd35bde10af9d02cc2546/element/f.31E86CD389CF42DC451BE2E66032817C.d.26F3839568A8834498AE5AD19F0A28B3.e.5054/text - {}
RESULT: {}
]]></system-out>
    </testcase>
    <testcase classname="chrome.136_0_7103_93.windows.Edit_and_delete_daily_price_US134629_US134627" name="Should go into edit and delete all the rows that match the yard we have created for this scenario check if all rows deleted" time="21.189">
      <system-out><![CDATA[
RESULT: undefined
COMMAND: POST /session/333f20024c3fd35bde10af9d02cc2546/element - {"using":"xpath","value":"//*[@id=\"application-manageconditionprice-display-component---dailyPrices--editBtn\"]"}
RESULT: {"using":"xpath","value":"//*[@id=\"application-manageconditionprice-display-component---dailyPrices--editBtn\"]"}
COMMAND: POST /session/333f20024c3fd35bde10af9d02cc2546/element/f.31E86CD389CF42DC451BE2E66032817C.d.26F3839568A8834498AE5AD19F0A28B3.e.5051/click - {}
RESULT: {}
COMMAND: GET /session/333f20024c3fd35bde10af9d02cc2546/screenshot - {}
RESULT: {}
COMMAND: POST /session/333f20024c3fd35bde10af9d02cc2546/elements - {"using":"css selector","value":"table tr"}
RESULT: {"using":"css selector","value":"table tr"}
COMMAND: POST /session/333f20024c3fd35bde10af9d02cc2546/element/f.31E86CD389CF42DC451BE2E66032817C.d.26F3839568A8834498AE5AD19F0A28B3.e.4915/elements - {"using":"css selector","value":"td"}
RESULT: {"using":"css selector","value":"td"}
COMMAND: POST /session/333f20024c3fd35bde10af9d02cc2546/element/f.31E86CD389CF42DC451BE2E66032817C.d.26F3839568A8834498AE5AD19F0A28B3.e.4916/elements - {"using":"css selector","value":"td"}
RESULT: {"using":"css selector","value":"td"}
COMMAND: POST /session/333f20024c3fd35bde10af9d02cc2546/element/f.31E86CD389CF42DC451BE2E66032817C.d.26F3839568A8834498AE5AD19F0A28B3.e.4917/elements - {"using":"css selector","value":"td"}
RESULT: {"using":"css selector","value":"td"}
COMMAND: POST /session/333f20024c3fd35bde10af9d02cc2546/element/f.31E86CD389CF42DC451BE2E66032817C.d.26F3839568A8834498AE5AD19F0A28B3.e.4879/elements - {"using":"css selector","value":"td"}
RESULT: {"using":"css selector","value":"td"}
COMMAND: POST /session/333f20024c3fd35bde10af9d02cc2546/element/f.31E86CD389CF42DC451BE2E66032817C.d.26F3839568A8834498AE5AD19F0A28B3.e.4880/elements - {"using":"css selector","value":"td"}
RESULT: {"using":"css selector","value":"td"}
COMMAND: POST /session/333f20024c3fd35bde10af9d02cc2546/element/f.31E86CD389CF42DC451BE2E66032817C.d.26F3839568A8834498AE5AD19F0A28B3.e.4824/elements - {"using":"css selector","value":"td"}
RESULT: {"using":"css selector","value":"td"}
COMMAND: POST /session/333f20024c3fd35bde10af9d02cc2546/element/f.31E86CD389CF42DC451BE2E66032817C.d.26F3839568A8834498AE5AD19F0A28B3.e.4825/elements - {"using":"css selector","value":"td"}
RESULT: {"using":"css selector","value":"td"}
COMMAND: POST /session/333f20024c3fd35bde10af9d02cc2546/element/f.31E86CD389CF42DC451BE2E66032817C.d.26F3839568A8834498AE5AD19F0A28B3.e.4833/elements - {"using":"css selector","value":"td"}
RESULT: {"using":"css selector","value":"td"}
COMMAND: POST /session/333f20024c3fd35bde10af9d02cc2546/element/f.31E86CD389CF42DC451BE2E66032817C.d.26F3839568A8834498AE5AD19F0A28B3.e.4834/elements - {"using":"css selector","value":"td"}
RESULT: {"using":"css selector","value":"td"}
COMMAND: POST /session/333f20024c3fd35bde10af9d02cc2546/element/f.31E86CD389CF42DC451BE2E66032817C.d.26F3839568A8834498AE5AD19F0A28B3.e.4842/elements - {"using":"css selector","value":"td"}
RESULT: {"using":"css selector","value":"td"}
COMMAND: POST /session/333f20024c3fd35bde10af9d02cc2546/element/f.31E86CD389CF42DC451BE2E66032817C.d.26F3839568A8834498AE5AD19F0A28B3.e.4918/elements - {"using":"css selector","value":"td"}
RESULT: {"using":"css selector","value":"td"}
COMMAND: POST /session/333f20024c3fd35bde10af9d02cc2546/element/f.31E86CD389CF42DC451BE2E66032817C.d.26F3839568A8834498AE5AD19F0A28B3.e.4919/elements - {"using":"css selector","value":"td"}
RESULT: {"using":"css selector","value":"td"}
COMMAND: POST /session/333f20024c3fd35bde10af9d02cc2546/element/f.31E86CD389CF42DC451BE2E66032817C.d.26F3839568A8834498AE5AD19F0A28B3.e.4920/elements - {"using":"css selector","value":"td"}
RESULT: {"using":"css selector","value":"td"}
COMMAND: POST /session/333f20024c3fd35bde10af9d02cc2546/element/f.31E86CD389CF42DC451BE2E66032817C.d.26F3839568A8834498AE5AD19F0A28B3.e.4921/elements - {"using":"css selector","value":"td"}
RESULT: {"using":"css selector","value":"td"}
COMMAND: POST /session/333f20024c3fd35bde10af9d02cc2546/element/f.31E86CD389CF42DC451BE2E66032817C.d.26F3839568A8834498AE5AD19F0A28B3.e.4922/elements - {"using":"css selector","value":"td"}
RESULT: {"using":"css selector","value":"td"}
COMMAND: POST /session/333f20024c3fd35bde10af9d02cc2546/element/f.31E86CD389CF42DC451BE2E66032817C.d.26F3839568A8834498AE5AD19F0A28B3.e.4923/elements - {"using":"css selector","value":"td"}
RESULT: {"using":"css selector","value":"td"}
COMMAND: POST /session/333f20024c3fd35bde10af9d02cc2546/element/f.31E86CD389CF42DC451BE2E66032817C.d.26F3839568A8834498AE5AD19F0A28B3.e.4924/elements - {"using":"css selector","value":"td"}
RESULT: {"using":"css selector","value":"td"}
COMMAND: POST /session/333f20024c3fd35bde10af9d02cc2546/element/f.31E86CD389CF42DC451BE2E66032817C.d.26F3839568A8834498AE5AD19F0A28B3.e.4925/elements - {"using":"css selector","value":"td"}
RESULT: {"using":"css selector","value":"td"}
COMMAND: POST /session/333f20024c3fd35bde10af9d02cc2546/element/f.31E86CD389CF42DC451BE2E66032817C.d.26F3839568A8834498AE5AD19F0A28B3.e.4926/elements - {"using":"css selector","value":"td"}
RESULT: {"using":"css selector","value":"td"}
COMMAND: POST /session/333f20024c3fd35bde10af9d02cc2546/element/f.31E86CD389CF42DC451BE2E66032817C.d.26F3839568A8834498AE5AD19F0A28B3.e.4927/elements - {"using":"css selector","value":"td"}
RESULT: {"using":"css selector","value":"td"}
COMMAND: POST /session/333f20024c3fd35bde10af9d02cc2546/element/f.31E86CD389CF42DC451BE2E66032817C.d.26F3839568A8834498AE5AD19F0A28B3.e.4928/elements - {"using":"css selector","value":"td"}
RESULT: {"using":"css selector","value":"td"}
COMMAND: POST /session/333f20024c3fd35bde10af9d02cc2546/element/f.31E86CD389CF42DC451BE2E66032817C.d.26F3839568A8834498AE5AD19F0A28B3.e.4929/elements - {"using":"css selector","value":"td"}
RESULT: {"using":"css selector","value":"td"}
COMMAND: POST /session/333f20024c3fd35bde10af9d02cc2546/element/f.31E86CD389CF42DC451BE2E66032817C.d.26F3839568A8834498AE5AD19F0A28B3.e.4930/elements - {"using":"css selector","value":"td"}
RESULT: {"using":"css selector","value":"td"}
COMMAND: POST /session/333f20024c3fd35bde10af9d02cc2546/element/f.31E86CD389CF42DC451BE2E66032817C.d.26F3839568A8834498AE5AD19F0A28B3.e.4931/elements - {"using":"css selector","value":"td"}
RESULT: {"using":"css selector","value":"td"}
COMMAND: POST /session/333f20024c3fd35bde10af9d02cc2546/element/f.31E86CD389CF42DC451BE2E66032817C.d.26F3839568A8834498AE5AD19F0A28B3.e.4932/elements - {"using":"css selector","value":"td"}
RESULT: {"using":"css selector","value":"td"}
COMMAND: POST /session/333f20024c3fd35bde10af9d02cc2546/element/f.31E86CD389CF42DC451BE2E66032817C.d.26F3839568A8834498AE5AD19F0A28B3.e.4933/elements - {"using":"css selector","value":"td"}
RESULT: {"using":"css selector","value":"td"}
COMMAND: POST /session/333f20024c3fd35bde10af9d02cc2546/element/f.31E86CD389CF42DC451BE2E66032817C.d.26F3839568A8834498AE5AD19F0A28B3.e.4934/elements - {"using":"css selector","value":"td"}
RESULT: {"using":"css selector","value":"td"}
COMMAND: POST /session/333f20024c3fd35bde10af9d02cc2546/element/f.31E86CD389CF42DC451BE2E66032817C.d.26F3839568A8834498AE5AD19F0A28B3.e.4935/elements - {"using":"css selector","value":"td"}
RESULT: {"using":"css selector","value":"td"}
COMMAND: POST /session/333f20024c3fd35bde10af9d02cc2546/element/f.31E86CD389CF42DC451BE2E66032817C.d.26F3839568A8834498AE5AD19F0A28B3.e.4936/elements - {"using":"css selector","value":"td"}
RESULT: {"using":"css selector","value":"td"}
COMMAND: POST /session/333f20024c3fd35bde10af9d02cc2546/element/f.31E86CD389CF42DC451BE2E66032817C.d.26F3839568A8834498AE5AD19F0A28B3.e.4937/elements - {"using":"css selector","value":"td"}
RESULT: {"using":"css selector","value":"td"}
COMMAND: POST /session/333f20024c3fd35bde10af9d02cc2546/element/f.31E86CD389CF42DC451BE2E66032817C.d.26F3839568A8834498AE5AD19F0A28B3.e.4938/elements - {"using":"css selector","value":"td"}
RESULT: {"using":"css selector","value":"td"}
COMMAND: POST /session/333f20024c3fd35bde10af9d02cc2546/element/f.31E86CD389CF42DC451BE2E66032817C.d.26F3839568A8834498AE5AD19F0A28B3.e.4939/elements - {"using":"css selector","value":"td"}
RESULT: {"using":"css selector","value":"td"}
COMMAND: POST /session/333f20024c3fd35bde10af9d02cc2546/element/f.31E86CD389CF42DC451BE2E66032817C.d.26F3839568A8834498AE5AD19F0A28B3.e.4940/elements - {"using":"css selector","value":"td"}
RESULT: {"using":"css selector","value":"td"}
COMMAND: POST /session/333f20024c3fd35bde10af9d02cc2546/element/f.31E86CD389CF42DC451BE2E66032817C.d.26F3839568A8834498AE5AD19F0A28B3.e.4941/elements - {"using":"css selector","value":"td"}
RESULT: {"using":"css selector","value":"td"}
COMMAND: POST /session/333f20024c3fd35bde10af9d02cc2546/element/f.31E86CD389CF42DC451BE2E66032817C.d.26F3839568A8834498AE5AD19F0A28B3.e.4942/elements - {"using":"css selector","value":"td"}
RESULT: {"using":"css selector","value":"td"}
COMMAND: POST /session/333f20024c3fd35bde10af9d02cc2546/element/f.31E86CD389CF42DC451BE2E66032817C.d.26F3839568A8834498AE5AD19F0A28B3.e.4943/elements - {"using":"css selector","value":"td"}
RESULT: {"using":"css selector","value":"td"}
COMMAND: POST /session/333f20024c3fd35bde10af9d02cc2546/element/f.31E86CD389CF42DC451BE2E66032817C.d.26F3839568A8834498AE5AD19F0A28B3.e.4944/elements - {"using":"css selector","value":"td"}
RESULT: {"using":"css selector","value":"td"}
COMMAND: POST /session/333f20024c3fd35bde10af9d02cc2546/element/f.31E86CD389CF42DC451BE2E66032817C.d.26F3839568A8834498AE5AD19F0A28B3.e.4945/elements - {"using":"css selector","value":"td"}
RESULT: {"using":"css selector","value":"td"}
COMMAND: POST /session/333f20024c3fd35bde10af9d02cc2546/element/f.31E86CD389CF42DC451BE2E66032817C.d.26F3839568A8834498AE5AD19F0A28B3.e.4946/elements - {"using":"css selector","value":"td"}
RESULT: {"using":"css selector","value":"td"}
COMMAND: POST /session/333f20024c3fd35bde10af9d02cc2546/element/f.31E86CD389CF42DC451BE2E66032817C.d.26F3839568A8834498AE5AD19F0A28B3.e.4947/elements - {"using":"css selector","value":"td"}
RESULT: {"using":"css selector","value":"td"}
COMMAND: POST /session/333f20024c3fd35bde10af9d02cc2546/element/f.31E86CD389CF42DC451BE2E66032817C.d.26F3839568A8834498AE5AD19F0A28B3.e.4948/elements - {"using":"css selector","value":"td"}
RESULT: {"using":"css selector","value":"td"}
COMMAND: POST /session/333f20024c3fd35bde10af9d02cc2546/element/f.31E86CD389CF42DC451BE2E66032817C.d.26F3839568A8834498AE5AD19F0A28B3.e.4949/elements - {"using":"css selector","value":"td"}
RESULT: {"using":"css selector","value":"td"}
COMMAND: POST /session/333f20024c3fd35bde10af9d02cc2546/element/f.31E86CD389CF42DC451BE2E66032817C.d.26F3839568A8834498AE5AD19F0A28B3.e.4950/elements - {"using":"css selector","value":"td"}
RESULT: {"using":"css selector","value":"td"}
COMMAND: POST /session/333f20024c3fd35bde10af9d02cc2546/element/f.31E86CD389CF42DC451BE2E66032817C.d.26F3839568A8834498AE5AD19F0A28B3.e.4951/elements - {"using":"css selector","value":"td"}
RESULT: {"using":"css selector","value":"td"}
COMMAND: POST /session/333f20024c3fd35bde10af9d02cc2546/element/f.31E86CD389CF42DC451BE2E66032817C.d.26F3839568A8834498AE5AD19F0A28B3.e.4952/elements - {"using":"css selector","value":"td"}
RESULT: {"using":"css selector","value":"td"}
COMMAND: POST /session/333f20024c3fd35bde10af9d02cc2546/element/f.31E86CD389CF42DC451BE2E66032817C.d.26F3839568A8834498AE5AD19F0A28B3.e.4953/elements - {"using":"css selector","value":"td"}
RESULT: {"using":"css selector","value":"td"}
COMMAND: POST /session/333f20024c3fd35bde10af9d02cc2546/element/f.31E86CD389CF42DC451BE2E66032817C.d.26F3839568A8834498AE5AD19F0A28B3.e.4954/elements - {"using":"css selector","value":"td"}
RESULT: {"using":"css selector","value":"td"}
COMMAND: POST /session/333f20024c3fd35bde10af9d02cc2546/element/f.31E86CD389CF42DC451BE2E66032817C.d.26F3839568A8834498AE5AD19F0A28B3.e.4955/elements - {"using":"css selector","value":"td"}
RESULT: {"using":"css selector","value":"td"}
COMMAND: POST /session/333f20024c3fd35bde10af9d02cc2546/element/f.31E86CD389CF42DC451BE2E66032817C.d.26F3839568A8834498AE5AD19F0A28B3.e.4956/elements - {"using":"css selector","value":"td"}
RESULT: {"using":"css selector","value":"td"}
COMMAND: POST /session/333f20024c3fd35bde10af9d02cc2546/element/f.31E86CD389CF42DC451BE2E66032817C.d.26F3839568A8834498AE5AD19F0A28B3.e.4957/elements - {"using":"css selector","value":"td"}
RESULT: {"using":"css selector","value":"td"}
COMMAND: POST /session/333f20024c3fd35bde10af9d02cc2546/element/f.31E86CD389CF42DC451BE2E66032817C.d.26F3839568A8834498AE5AD19F0A28B3.e.4958/elements - {"using":"css selector","value":"td"}
RESULT: {"using":"css selector","value":"td"}
COMMAND: POST /session/333f20024c3fd35bde10af9d02cc2546/element/f.31E86CD389CF42DC451BE2E66032817C.d.26F3839568A8834498AE5AD19F0A28B3.e.4959/elements - {"using":"css selector","value":"td"}
RESULT: {"using":"css selector","value":"td"}
COMMAND: POST /session/333f20024c3fd35bde10af9d02cc2546/element/f.31E86CD389CF42DC451BE2E66032817C.d.26F3839568A8834498AE5AD19F0A28B3.e.4960/elements - {"using":"css selector","value":"td"}
RESULT: {"using":"css selector","value":"td"}
COMMAND: POST /session/333f20024c3fd35bde10af9d02cc2546/element/f.31E86CD389CF42DC451BE2E66032817C.d.26F3839568A8834498AE5AD19F0A28B3.e.4961/elements - {"using":"css selector","value":"td"}
RESULT: {"using":"css selector","value":"td"}
COMMAND: POST /session/333f20024c3fd35bde10af9d02cc2546/element/f.31E86CD389CF42DC451BE2E66032817C.d.26F3839568A8834498AE5AD19F0A28B3.e.4962/elements - {"using":"css selector","value":"td"}
RESULT: {"using":"css selector","value":"td"}
COMMAND: POST /session/333f20024c3fd35bde10af9d02cc2546/element/f.31E86CD389CF42DC451BE2E66032817C.d.26F3839568A8834498AE5AD19F0A28B3.e.4963/elements - {"using":"css selector","value":"td"}
RESULT: {"using":"css selector","value":"td"}
COMMAND: POST /session/333f20024c3fd35bde10af9d02cc2546/element/f.31E86CD389CF42DC451BE2E66032817C.d.26F3839568A8834498AE5AD19F0A28B3.e.4985/element - {"using":"css selector","value":"input"}
RESULT: {"using":"css selector","value":"input"}
COMMAND: GET /session/333f20024c3fd35bde10af9d02cc2546/element/f.31E86CD389CF42DC451BE2E66032817C.d.26F3839568A8834498AE5AD19F0A28B3.e.4968/property/value - {}
RESULT: {}
COMMAND: POST /session/333f20024c3fd35bde10af9d02cc2546/element/f.31E86CD389CF42DC451BE2E66032817C.d.26F3839568A8834498AE5AD19F0A28B3.e.4963/element - {"using":"css selector","value":".sapMCbBg"}
COMMAND: GET /session/333f20024c3fd35bde10af9d02cc2546/screenshot - {}
RESULT: {"using":"css selector","value":".sapMCbBg"}
COMMAND: GET /session/333f20024c3fd35bde10af9d02cc2546/element/f.31E86CD389CF42DC451BE2E66032817C.d.26F3839568A8834498AE5AD19F0A28B3.e.5268/selected - {}
RESULT: {}
RESULT: {}
COMMAND: POST /session/333f20024c3fd35bde10af9d02cc2546/element/f.31E86CD389CF42DC451BE2E66032817C.d.26F3839568A8834498AE5AD19F0A28B3.e.5268/click - {}
COMMAND: GET /session/333f20024c3fd35bde10af9d02cc2546/screenshot - {}
RESULT: {}
COMMAND: POST /session/333f20024c3fd35bde10af9d02cc2546/element/f.31E86CD389CF42DC451BE2E66032817C.d.26F3839568A8834498AE5AD19F0A28B3.e.4998/elements - {"using":"css selector","value":"td"}
COMMAND: GET /session/333f20024c3fd35bde10af9d02cc2546/screenshot - {}
RESULT: {}
RESULT: {"using":"css selector","value":"td"}
COMMAND: POST /session/333f20024c3fd35bde10af9d02cc2546/element/f.31E86CD389CF42DC451BE2E66032817C.d.26F3839568A8834498AE5AD19F0A28B3.e.5020/element - {"using":"css selector","value":"input"}
RESULT: {}
RESULT: {"using":"css selector","value":"input"}
COMMAND: GET /session/333f20024c3fd35bde10af9d02cc2546/element/f.31E86CD389CF42DC451BE2E66032817C.d.26F3839568A8834498AE5AD19F0A28B3.e.5003/property/value - {}
RESULT: {}
COMMAND: POST /session/333f20024c3fd35bde10af9d02cc2546/element/f.31E86CD389CF42DC451BE2E66032817C.d.26F3839568A8834498AE5AD19F0A28B3.e.4998/element - {"using":"css selector","value":".sapMCbBg"}
COMMAND: GET /session/333f20024c3fd35bde10af9d02cc2546/screenshot - {}
RESULT: {"using":"css selector","value":".sapMCbBg"}
COMMAND: GET /session/333f20024c3fd35bde10af9d02cc2546/element/f.31E86CD389CF42DC451BE2E66032817C.d.26F3839568A8834498AE5AD19F0A28B3.e.5272/selected - {}
RESULT: {}
RESULT: {}
COMMAND: POST /session/333f20024c3fd35bde10af9d02cc2546/element/f.31E86CD389CF42DC451BE2E66032817C.d.26F3839568A8834498AE5AD19F0A28B3.e.5272/click - {}
COMMAND: GET /session/333f20024c3fd35bde10af9d02cc2546/screenshot - {}
RESULT: {}
COMMAND: GET /session/333f20024c3fd35bde10af9d02cc2546/screenshot - {}
RESULT: {}
RESULT: {}
COMMAND: POST /session/333f20024c3fd35bde10af9d02cc2546/execute/async - {"script":"<script> [1562 bytes]","args":[{"selector":{"id":"application-manageconditionprice-display-component---dailyPrices--deleteBtn","interaction":{"idSuffix":"content"}},"wdio_ui5_key":"applicationmanageconditionprice-display-component---dailyPrices--deleteBtn"}]}
RESULT: {"script":"<script> [1562 bytes]","args":[{"selector":{"id":"application-manageconditionprice-display-component---dailyPrices--deleteBtn","interaction":{"idSuffix":"content"}},"wdio_ui5_key":"applicationmanageconditionprice-display-component---dailyPrices--deleteBtn"}]}
RESULT: undefined
COMMAND: POST /session/333f20024c3fd35bde10af9d02cc2546/element - {"using":"xpath","value":"//*[@id=\"application-manageconditionprice-display-component---dailyPrices--deleteBtn\"]"}
RESULT: {"using":"xpath","value":"//*[@id=\"application-manageconditionprice-display-component---dailyPrices--deleteBtn\"]"}
COMMAND: POST /session/333f20024c3fd35bde10af9d02cc2546/element/f.31E86CD389CF42DC451BE2E66032817C.d.26F3839568A8834498AE5AD19F0A28B3.e.5274/click - {}
RESULT: {}
COMMAND: POST /session/333f20024c3fd35bde10af9d02cc2546/execute/async - {"script":"<script> [1562 bytes]","args":[{"selector":{"controlType":"sap.m.Button","properties":{"text":"OK"},"searchOpenDialogs":true,"interaction":{"idSuffix":"BDI-content"}},"wdio_ui5_key":"sapm.Button{\"text\":\"OK\"}"}]}
COMMAND: GET /session/333f20024c3fd35bde10af9d02cc2546/screenshot - {}
RESULT: {"script":"<script> [1562 bytes]","args":[{"selector":{"controlType":"sap.m.Button","properties":{"text":"OK"},"searchOpenDialogs":true,"interaction":{"idSuffix":"BDI-content"}},"wdio_ui5_key":"sapm.Button{\"text\":\"OK\"}"}]}
RESULT: undefined
COMMAND: POST /session/333f20024c3fd35bde10af9d02cc2546/element - {"using":"xpath","value":"//*[@id=\"__mbox-btn-0\"]"}
RESULT: {}
RESULT: {"using":"xpath","value":"//*[@id=\"__mbox-btn-0\"]"}
COMMAND: POST /session/333f20024c3fd35bde10af9d02cc2546/element/f.31E86CD389CF42DC451BE2E66032817C.d.26F3839568A8834498AE5AD19F0A28B3.e.5275/click - {}
RESULT: {}
COMMAND: GET /session/333f20024c3fd35bde10af9d02cc2546/screenshot - {}
RESULT: {}
RESULT: undefined
COMMAND: POST /session/333f20024c3fd35bde10af9d02cc2546/element - {"using":"xpath","value":"//*[@id=\"__button8\"]"}
RESULT: {"using":"xpath","value":"//*[@id=\"__button8\"]"}
COMMAND: POST /session/333f20024c3fd35bde10af9d02cc2546/element/f.31E86CD389CF42DC451BE2E66032817C.d.26F3839568A8834498AE5AD19F0A28B3.e.5055/click - {}
RESULT: {}
COMMAND: GET /session/333f20024c3fd35bde10af9d02cc2546/screenshot - {}
RESULT: {}
COMMAND: POST /session/333f20024c3fd35bde10af9d02cc2546/elements - {"using":"css selector","value":"table tr"}
RESULT: {"using":"css selector","value":"table tr"}
COMMAND: POST /session/333f20024c3fd35bde10af9d02cc2546/element/f.31E86CD389CF42DC451BE2E66032817C.d.26F3839568A8834498AE5AD19F0A28B3.e.4915/elements - {"using":"css selector","value":"td"}
RESULT: {"using":"css selector","value":"td"}
COMMAND: POST /session/333f20024c3fd35bde10af9d02cc2546/element/f.31E86CD389CF42DC451BE2E66032817C.d.26F3839568A8834498AE5AD19F0A28B3.e.4916/elements - {"using":"css selector","value":"td"}
RESULT: {"using":"css selector","value":"td"}
COMMAND: POST /session/333f20024c3fd35bde10af9d02cc2546/element/f.31E86CD389CF42DC451BE2E66032817C.d.26F3839568A8834498AE5AD19F0A28B3.e.4917/elements - {"using":"css selector","value":"td"}
RESULT: {"using":"css selector","value":"td"}
COMMAND: POST /session/333f20024c3fd35bde10af9d02cc2546/element/f.31E86CD389CF42DC451BE2E66032817C.d.26F3839568A8834498AE5AD19F0A28B3.e.4879/elements - {"using":"css selector","value":"td"}
RESULT: {"using":"css selector","value":"td"}
COMMAND: POST /session/333f20024c3fd35bde10af9d02cc2546/element/f.31E86CD389CF42DC451BE2E66032817C.d.26F3839568A8834498AE5AD19F0A28B3.e.4880/elements - {"using":"css selector","value":"td"}
RESULT: {"using":"css selector","value":"td"}
COMMAND: POST /session/333f20024c3fd35bde10af9d02cc2546/element/f.31E86CD389CF42DC451BE2E66032817C.d.26F3839568A8834498AE5AD19F0A28B3.e.4824/elements - {"using":"css selector","value":"td"}
RESULT: {"using":"css selector","value":"td"}
COMMAND: POST /session/333f20024c3fd35bde10af9d02cc2546/element/f.31E86CD389CF42DC451BE2E66032817C.d.26F3839568A8834498AE5AD19F0A28B3.e.4825/elements - {"using":"css selector","value":"td"}
RESULT: {"using":"css selector","value":"td"}
COMMAND: POST /session/333f20024c3fd35bde10af9d02cc2546/element/f.31E86CD389CF42DC451BE2E66032817C.d.26F3839568A8834498AE5AD19F0A28B3.e.4833/elements - {"using":"css selector","value":"td"}
RESULT: {"using":"css selector","value":"td"}
COMMAND: POST /session/333f20024c3fd35bde10af9d02cc2546/element/f.31E86CD389CF42DC451BE2E66032817C.d.26F3839568A8834498AE5AD19F0A28B3.e.4834/elements - {"using":"css selector","value":"td"}
RESULT: {"using":"css selector","value":"td"}
COMMAND: POST /session/333f20024c3fd35bde10af9d02cc2546/element/f.31E86CD389CF42DC451BE2E66032817C.d.26F3839568A8834498AE5AD19F0A28B3.e.4842/elements - {"using":"css selector","value":"td"}
RESULT: {"using":"css selector","value":"td"}
COMMAND: POST /session/333f20024c3fd35bde10af9d02cc2546/element/f.31E86CD389CF42DC451BE2E66032817C.d.26F3839568A8834498AE5AD19F0A28B3.e.4918/elements - {"using":"css selector","value":"td"}
RESULT: {"using":"css selector","value":"td"}
COMMAND: POST /session/333f20024c3fd35bde10af9d02cc2546/element/f.31E86CD389CF42DC451BE2E66032817C.d.26F3839568A8834498AE5AD19F0A28B3.e.4919/elements - {"using":"css selector","value":"td"}
RESULT: {"using":"css selector","value":"td"}
COMMAND: POST /session/333f20024c3fd35bde10af9d02cc2546/element/f.31E86CD389CF42DC451BE2E66032817C.d.26F3839568A8834498AE5AD19F0A28B3.e.4920/elements - {"using":"css selector","value":"td"}
RESULT: {"using":"css selector","value":"td"}
COMMAND: POST /session/333f20024c3fd35bde10af9d02cc2546/element/f.31E86CD389CF42DC451BE2E66032817C.d.26F3839568A8834498AE5AD19F0A28B3.e.4921/elements - {"using":"css selector","value":"td"}
RESULT: {"using":"css selector","value":"td"}
COMMAND: POST /session/333f20024c3fd35bde10af9d02cc2546/element/f.31E86CD389CF42DC451BE2E66032817C.d.26F3839568A8834498AE5AD19F0A28B3.e.4922/elements - {"using":"css selector","value":"td"}
RESULT: {"using":"css selector","value":"td"}
COMMAND: POST /session/333f20024c3fd35bde10af9d02cc2546/element/f.31E86CD389CF42DC451BE2E66032817C.d.26F3839568A8834498AE5AD19F0A28B3.e.4923/elements - {"using":"css selector","value":"td"}
RESULT: {"using":"css selector","value":"td"}
COMMAND: POST /session/333f20024c3fd35bde10af9d02cc2546/element/f.31E86CD389CF42DC451BE2E66032817C.d.26F3839568A8834498AE5AD19F0A28B3.e.4924/elements - {"using":"css selector","value":"td"}
RESULT: {"using":"css selector","value":"td"}
COMMAND: POST /session/333f20024c3fd35bde10af9d02cc2546/element/f.31E86CD389CF42DC451BE2E66032817C.d.26F3839568A8834498AE5AD19F0A28B3.e.4925/elements - {"using":"css selector","value":"td"}
RESULT: {"using":"css selector","value":"td"}
COMMAND: POST /session/333f20024c3fd35bde10af9d02cc2546/element/f.31E86CD389CF42DC451BE2E66032817C.d.26F3839568A8834498AE5AD19F0A28B3.e.4926/elements - {"using":"css selector","value":"td"}
RESULT: {"using":"css selector","value":"td"}
COMMAND: POST /session/333f20024c3fd35bde10af9d02cc2546/element/f.31E86CD389CF42DC451BE2E66032817C.d.26F3839568A8834498AE5AD19F0A28B3.e.4927/elements - {"using":"css selector","value":"td"}
RESULT: {"using":"css selector","value":"td"}
COMMAND: POST /session/333f20024c3fd35bde10af9d02cc2546/element/f.31E86CD389CF42DC451BE2E66032817C.d.26F3839568A8834498AE5AD19F0A28B3.e.4928/elements - {"using":"css selector","value":"td"}
RESULT: {"using":"css selector","value":"td"}
COMMAND: POST /session/333f20024c3fd35bde10af9d02cc2546/element/f.31E86CD389CF42DC451BE2E66032817C.d.26F3839568A8834498AE5AD19F0A28B3.e.4929/elements - {"using":"css selector","value":"td"}
RESULT: {"using":"css selector","value":"td"}
COMMAND: POST /session/333f20024c3fd35bde10af9d02cc2546/element/f.31E86CD389CF42DC451BE2E66032817C.d.26F3839568A8834498AE5AD19F0A28B3.e.4930/elements - {"using":"css selector","value":"td"}
RESULT: {"using":"css selector","value":"td"}
COMMAND: POST /session/333f20024c3fd35bde10af9d02cc2546/element/f.31E86CD389CF42DC451BE2E66032817C.d.26F3839568A8834498AE5AD19F0A28B3.e.4931/elements - {"using":"css selector","value":"td"}
RESULT: {"using":"css selector","value":"td"}
COMMAND: POST /session/333f20024c3fd35bde10af9d02cc2546/element/f.31E86CD389CF42DC451BE2E66032817C.d.26F3839568A8834498AE5AD19F0A28B3.e.4932/elements - {"using":"css selector","value":"td"}
RESULT: {"using":"css selector","value":"td"}
COMMAND: POST /session/333f20024c3fd35bde10af9d02cc2546/element/f.31E86CD389CF42DC451BE2E66032817C.d.26F3839568A8834498AE5AD19F0A28B3.e.4933/elements - {"using":"css selector","value":"td"}
RESULT: {"using":"css selector","value":"td"}
COMMAND: POST /session/333f20024c3fd35bde10af9d02cc2546/element/f.31E86CD389CF42DC451BE2E66032817C.d.26F3839568A8834498AE5AD19F0A28B3.e.4934/elements - {"using":"css selector","value":"td"}
RESULT: {"using":"css selector","value":"td"}
COMMAND: POST /session/333f20024c3fd35bde10af9d02cc2546/element/f.31E86CD389CF42DC451BE2E66032817C.d.26F3839568A8834498AE5AD19F0A28B3.e.4935/elements - {"using":"css selector","value":"td"}
RESULT: {"using":"css selector","value":"td"}
COMMAND: POST /session/333f20024c3fd35bde10af9d02cc2546/element/f.31E86CD389CF42DC451BE2E66032817C.d.26F3839568A8834498AE5AD19F0A28B3.e.4936/elements - {"using":"css selector","value":"td"}
RESULT: {"using":"css selector","value":"td"}
COMMAND: POST /session/333f20024c3fd35bde10af9d02cc2546/element/f.31E86CD389CF42DC451BE2E66032817C.d.26F3839568A8834498AE5AD19F0A28B3.e.4937/elements - {"using":"css selector","value":"td"}
RESULT: {"using":"css selector","value":"td"}
COMMAND: POST /session/333f20024c3fd35bde10af9d02cc2546/element/f.31E86CD389CF42DC451BE2E66032817C.d.26F3839568A8834498AE5AD19F0A28B3.e.4938/elements - {"using":"css selector","value":"td"}
RESULT: {"using":"css selector","value":"td"}
COMMAND: POST /session/333f20024c3fd35bde10af9d02cc2546/element/f.31E86CD389CF42DC451BE2E66032817C.d.26F3839568A8834498AE5AD19F0A28B3.e.4939/elements - {"using":"css selector","value":"td"}
RESULT: {"using":"css selector","value":"td"}
COMMAND: POST /session/333f20024c3fd35bde10af9d02cc2546/element/f.31E86CD389CF42DC451BE2E66032817C.d.26F3839568A8834498AE5AD19F0A28B3.e.4940/elements - {"using":"css selector","value":"td"}
RESULT: {"using":"css selector","value":"td"}
COMMAND: POST /session/333f20024c3fd35bde10af9d02cc2546/element/f.31E86CD389CF42DC451BE2E66032817C.d.26F3839568A8834498AE5AD19F0A28B3.e.4941/elements - {"using":"css selector","value":"td"}
RESULT: {"using":"css selector","value":"td"}
COMMAND: POST /session/333f20024c3fd35bde10af9d02cc2546/element/f.31E86CD389CF42DC451BE2E66032817C.d.26F3839568A8834498AE5AD19F0A28B3.e.4942/elements - {"using":"css selector","value":"td"}
RESULT: {"using":"css selector","value":"td"}
COMMAND: POST /session/333f20024c3fd35bde10af9d02cc2546/element/f.31E86CD389CF42DC451BE2E66032817C.d.26F3839568A8834498AE5AD19F0A28B3.e.4943/elements - {"using":"css selector","value":"td"}
RESULT: {"using":"css selector","value":"td"}
COMMAND: POST /session/333f20024c3fd35bde10af9d02cc2546/element/f.31E86CD389CF42DC451BE2E66032817C.d.26F3839568A8834498AE5AD19F0A28B3.e.4944/elements - {"using":"css selector","value":"td"}
RESULT: {"using":"css selector","value":"td"}
COMMAND: POST /session/333f20024c3fd35bde10af9d02cc2546/element/f.31E86CD389CF42DC451BE2E66032817C.d.26F3839568A8834498AE5AD19F0A28B3.e.4945/elements - {"using":"css selector","value":"td"}
RESULT: {"using":"css selector","value":"td"}
COMMAND: POST /session/333f20024c3fd35bde10af9d02cc2546/element/f.31E86CD389CF42DC451BE2E66032817C.d.26F3839568A8834498AE5AD19F0A28B3.e.4946/elements - {"using":"css selector","value":"td"}
RESULT: {"using":"css selector","value":"td"}
COMMAND: POST /session/333f20024c3fd35bde10af9d02cc2546/element/f.31E86CD389CF42DC451BE2E66032817C.d.26F3839568A8834498AE5AD19F0A28B3.e.4947/elements - {"using":"css selector","value":"td"}
RESULT: {"using":"css selector","value":"td"}
COMMAND: POST /session/333f20024c3fd35bde10af9d02cc2546/element/f.31E86CD389CF42DC451BE2E66032817C.d.26F3839568A8834498AE5AD19F0A28B3.e.4948/elements - {"using":"css selector","value":"td"}
RESULT: {"using":"css selector","value":"td"}
COMMAND: POST /session/333f20024c3fd35bde10af9d02cc2546/element/f.31E86CD389CF42DC451BE2E66032817C.d.26F3839568A8834498AE5AD19F0A28B3.e.4949/elements - {"using":"css selector","value":"td"}
RESULT: {"using":"css selector","value":"td"}
COMMAND: POST /session/333f20024c3fd35bde10af9d02cc2546/element/f.31E86CD389CF42DC451BE2E66032817C.d.26F3839568A8834498AE5AD19F0A28B3.e.4950/elements - {"using":"css selector","value":"td"}
RESULT: {"using":"css selector","value":"td"}
COMMAND: POST /session/333f20024c3fd35bde10af9d02cc2546/element/f.31E86CD389CF42DC451BE2E66032817C.d.26F3839568A8834498AE5AD19F0A28B3.e.4951/elements - {"using":"css selector","value":"td"}
RESULT: {"using":"css selector","value":"td"}
COMMAND: POST /session/333f20024c3fd35bde10af9d02cc2546/element/f.31E86CD389CF42DC451BE2E66032817C.d.26F3839568A8834498AE5AD19F0A28B3.e.4952/elements - {"using":"css selector","value":"td"}
RESULT: {"using":"css selector","value":"td"}
COMMAND: POST /session/333f20024c3fd35bde10af9d02cc2546/element/f.31E86CD389CF42DC451BE2E66032817C.d.26F3839568A8834498AE5AD19F0A28B3.e.4953/elements - {"using":"css selector","value":"td"}
RESULT: {"using":"css selector","value":"td"}
COMMAND: POST /session/333f20024c3fd35bde10af9d02cc2546/element/f.31E86CD389CF42DC451BE2E66032817C.d.26F3839568A8834498AE5AD19F0A28B3.e.4954/elements - {"using":"css selector","value":"td"}
RESULT: {"using":"css selector","value":"td"}
COMMAND: POST /session/333f20024c3fd35bde10af9d02cc2546/element/f.31E86CD389CF42DC451BE2E66032817C.d.26F3839568A8834498AE5AD19F0A28B3.e.4955/elements - {"using":"css selector","value":"td"}
RESULT: {"using":"css selector","value":"td"}
COMMAND: POST /session/333f20024c3fd35bde10af9d02cc2546/element/f.31E86CD389CF42DC451BE2E66032817C.d.26F3839568A8834498AE5AD19F0A28B3.e.4956/elements - {"using":"css selector","value":"td"}
RESULT: {"using":"css selector","value":"td"}
COMMAND: POST /session/333f20024c3fd35bde10af9d02cc2546/element/f.31E86CD389CF42DC451BE2E66032817C.d.26F3839568A8834498AE5AD19F0A28B3.e.4957/elements - {"using":"css selector","value":"td"}
RESULT: {"using":"css selector","value":"td"}
COMMAND: POST /session/333f20024c3fd35bde10af9d02cc2546/element/f.31E86CD389CF42DC451BE2E66032817C.d.26F3839568A8834498AE5AD19F0A28B3.e.4958/elements - {"using":"css selector","value":"td"}
RESULT: {"using":"css selector","value":"td"}
COMMAND: POST /session/333f20024c3fd35bde10af9d02cc2546/element/f.31E86CD389CF42DC451BE2E66032817C.d.26F3839568A8834498AE5AD19F0A28B3.e.4959/elements - {"using":"css selector","value":"td"}
RESULT: {"using":"css selector","value":"td"}
COMMAND: POST /session/333f20024c3fd35bde10af9d02cc2546/element/f.31E86CD389CF42DC451BE2E66032817C.d.26F3839568A8834498AE5AD19F0A28B3.e.4960/elements - {"using":"css selector","value":"td"}
RESULT: {"using":"css selector","value":"td"}
COMMAND: POST /session/333f20024c3fd35bde10af9d02cc2546/element/f.31E86CD389CF42DC451BE2E66032817C.d.26F3839568A8834498AE5AD19F0A28B3.e.4961/elements - {"using":"css selector","value":"td"}
RESULT: {"using":"css selector","value":"td"}
COMMAND: POST /session/333f20024c3fd35bde10af9d02cc2546/element/f.31E86CD389CF42DC451BE2E66032817C.d.26F3839568A8834498AE5AD19F0A28B3.e.4962/elements - {"using":"css selector","value":"td"}
RESULT: {"using":"css selector","value":"td"}
COMMAND: POST /session/333f20024c3fd35bde10af9d02cc2546/element/f.31E86CD389CF42DC451BE2E66032817C.d.26F3839568A8834498AE5AD19F0A28B3.e.5281/elements - {"using":"css selector","value":"td"}
RESULT: {"using":"css selector","value":"td"}
COMMAND: POST /session/333f20024c3fd35bde10af9d02cc2546/element - {"using":"css selector","value":"#j_username"}
COMMAND: POST /session/333f20024c3fd35bde10af9d02cc2546/url - {"url":"https://qa-testing-00-live-etm-ui.cfapps.eu10-004.hana.ondemand.com/"}
RESULT: {"using":"css selector","value":"#j_username"}
COMMAND: POST /session/333f20024c3fd35bde10af9d02cc2546/element - {"using":"css selector","value":"#j_username"}
RESULT: {"url":"https://qa-testing-00-live-etm-ui.cfapps.eu10-004.hana.ondemand.com/"}
RESULT: undefined
COMMAND: GET /session/333f20024c3fd35bde10af9d02cc2546/screenshot - {}
RESULT: {"using":"css selector","value":"#j_username"}
COMMAND: POST /session/333f20024c3fd35bde10af9d02cc2546/element - {"using":"css selector","value":"#shell-header-logo"}
RESULT: {}
RESULT: {"using":"css selector","value":"#shell-header-logo"}
COMMAND: POST /session/333f20024c3fd35bde10af9d02cc2546/execute/sync - {"script":"<script> [8489 bytes]","args":[{"element-6066-11e4-a52e-4f735466cecf":"f.31E86CD389CF42DC451BE2E66032817C.d.371BBA2573A2E96C6D96BF7E8BC67C1C.e.5293","ELEMENT":"f.31E86CD389CF42DC451BE2E66032817C.d.371BBA2573A2E96C6D96BF7E8BC67C1C.e.5293"}]}
RESULT: {"script":"<script> [8489 bytes]","args":[{"element-6066-11e4-a52e-4f735466cecf":"f.31E86CD389CF42DC451BE2E66032817C.d.371BBA2573A2E96C6D96BF7E8BC67C1C.e.5293","ELEMENT":"f.31E86CD389CF42DC451BE2E66032817C.d.371BBA2573A2E96C6D96BF7E8BC67C1C.e.5293"}]}
COMMAND: POST /session/333f20024c3fd35bde10af9d02cc2546/element - {"using":"css selector","value":"#shell-header-logo"}
COMMAND: GET /session/333f20024c3fd35bde10af9d02cc2546/screenshot - {}
RESULT: {"using":"css selector","value":"#shell-header-logo"}
COMMAND: POST /session/333f20024c3fd35bde10af9d02cc2546/execute/sync - {"script":"<script> [8489 bytes]","args":[{"element-6066-11e4-a52e-4f735466cecf":"f.31E86CD389CF42DC451BE2E66032817C.d.371BBA2573A2E96C6D96BF7E8BC67C1C.e.5293","ELEMENT":"f.31E86CD389CF42DC451BE2E66032817C.d.371BBA2573A2E96C6D96BF7E8BC67C1C.e.5293"}]}
RESULT: {}
RESULT: {"script":"<script> [8489 bytes]","args":[{"element-6066-11e4-a52e-4f735466cecf":"f.31E86CD389CF42DC451BE2E66032817C.d.371BBA2573A2E96C6D96BF7E8BC67C1C.e.5293","ELEMENT":"f.31E86CD389CF42DC451BE2E66032817C.d.371BBA2573A2E96C6D96BF7E8BC67C1C.e.5293"}]}
COMMAND: POST /session/333f20024c3fd35bde10af9d02cc2546/execute/sync - {"script":"<script> [5351 bytes]","args":[{"element-6066-11e4-a52e-4f735466cecf":"f.31E86CD389CF42DC451BE2E66032817C.d.371BBA2573A2E96C6D96BF7E8BC67C1C.e.5293","ELEMENT":"f.31E86CD389CF42DC451BE2E66032817C.d.371BBA2573A2E96C6D96BF7E8BC67C1C.e.5293"}]}
COMMAND: GET /session/333f20024c3fd35bde10af9d02cc2546/screenshot - {}
RESULT: {"script":"<script> [5351 bytes]","args":[{"element-6066-11e4-a52e-4f735466cecf":"f.31E86CD389CF42DC451BE2E66032817C.d.371BBA2573A2E96C6D96BF7E8BC67C1C.e.5293","ELEMENT":"f.31E86CD389CF42DC451BE2E66032817C.d.371BBA2573A2E96C6D96BF7E8BC67C1C.e.5293"}]}
COMMAND: POST /session/333f20024c3fd35bde10af9d02cc2546/element - {"using":"css selector","value":"#shell-header-logo"}
COMMAND: GET /session/333f20024c3fd35bde10af9d02cc2546/screenshot - {}
RESULT: {}
RESULT: {"using":"css selector","value":"#shell-header-logo"}
COMMAND: POST /session/333f20024c3fd35bde10af9d02cc2546/element/f.31E86CD389CF42DC451BE2E66032817C.d.371BBA2573A2E96C6D96BF7E8BC67C1C.e.5293/click - {}
RESULT: {}
RESULT: {}
COMMAND: GET /session/333f20024c3fd35bde10af9d02cc2546/screenshot - {}
RESULT: {}
COMMAND: POST /session/333f20024c3fd35bde10af9d02cc2546/execute/async - {"script":"<script> [189 bytes]","args":[]}
RESULT: {"script":"<script> [189 bytes]","args":[]}
COMMAND: POST /session/333f20024c3fd35bde10af9d02cc2546/execute/async - {"script":"<script> [123 bytes]","args":[]}
RESULT: {"script":"<script> [123 bytes]","args":[]}
COMMAND: POST /session/333f20024c3fd35bde10af9d02cc2546/timeouts - {"script":"<number>"}
RESULT: {"script":"<number>"}
COMMAND: GET /session/333f20024c3fd35bde10af9d02cc2546/timeouts - {}
RESULT: {}
RESULT: undefined
COMMAND: POST /session/333f20024c3fd35bde10af9d02cc2546/execute/async - {"script":"<script> [2676 bytes]","args":[]}
RESULT: {"script":"<script> [2676 bytes]","args":[]}
COMMAND: POST /session/333f20024c3fd35bde10af9d02cc2546/execute/async - {"script":"<script> [2342 bytes]","args":[{"protocol":"http","hostname":"0.0.0.0","path":"/","capabilities":{"browserName":"chrome","goog:chromeOptions":{"binary":"C:\\Program Files\\Google\\Chrome\\Application\\chrome.exe","args":["--start-maximized"]}},"logLevel":"warn","connectionRetryTimeout":120000,"connectionRetryCount":3,"logLevels":{},"enableDirectConnect":true,"strictSSL":true,"_":"65 more keys: [\"cacheDir\",\"port\",\"requestedCapabilities\",\"automationProtocol\",\"baseUrl\",\"waitforInterval\",\"waitforTimeout\",\"onReload\",\"beforeCommand\",\"afterCommand\",\"rootDir\",\"specs\",\"suites\",\"exclude\",\"groupLogsByTestSpec\",\"excludeDriverLogs\",\"bail\",\"framework\",\"reporters\",\"services\",\"maxInstances\",\"maxInstancesPerCapability\",\"injectGlobals\",\"filesToWatch\",\"execArgv\",\"runnerEnv\",\"runner\",\"shard\",\"specFileRetries\",\"specFileRetriesDelay\",\"specFileRetriesDeferred\",\"reporterSyncInterval\",\"reporterSyncTimeout\",\"cucumberFeaturesWithLineNumbers\",\"autoCompileOpts\",\"mochaOpts\",\"jasmineOpts\",\"cucumberOpts\",\"onPrepare\",\"onWorkerStart\",\"onWorkerEnd\",\"before\",\"beforeSession\",\"beforeSuite\",\"beforeHook\",\"beforeTest\",\"afterTest\",\"afterHook\",\"afterSuite\",\"afterSession\",\"after\",\"onComplete\",\"beforeAssertion\",\"afterAssertion\",\"beforeFeature\",\"beforeScenario\",\"beforeStep\",\"afterStep\",\"afterScenario\",\"afterFeature\",\"_\",\"suite\",\"$0\",\"ignoredWorkerServices\",\"wdi5\"]"}]}
RESULT: {"script":"<script> [2342 bytes]","args":[{"protocol":"http","hostname":"0.0.0.0","path":"/","capabilities":{"browserName":"chrome","goog:chromeOptions":{"binary":"C:\\Program Files\\Google\\Chrome\\Application\\chrome.exe","args":["--start-maximized"]}},"logLevel":"warn","connectionRetryTimeout":120000,"connectionRetryCount":3,"logLevels":{},"enableDirectConnect":true,"strictSSL":true,"_":"65 more keys: [\"cacheDir\",\"port\",\"requestedCapabilities\",\"automationProtocol\",\"baseUrl\",\"waitforInterval\",\"waitforTimeout\",\"onReload\",\"beforeCommand\",\"afterCommand\",\"rootDir\",\"specs\",\"suites\",\"exclude\",\"groupLogsByTestSpec\",\"excludeDriverLogs\",\"bail\",\"framework\",\"reporters\",\"services\",\"maxInstances\",\"maxInstancesPerCapability\",\"injectGlobals\",\"filesToWatch\",\"execArgv\",\"runnerEnv\",\"runner\",\"shard\",\"specFileRetries\",\"specFileRetriesDelay\",\"specFileRetriesDeferred\",\"reporterSyncInterval\",\"reporterSyncTimeout\",\"cucumberFeaturesWithLineNumbers\",\"autoCompileOpts\",\"mochaOpts\",\"jasmineOpts\",\"cucumberOpts\",\"onPrepare\",\"onWorkerStart\",\"onWorkerEnd\",\"before\",\"beforeSession\",\"beforeSuite\",\"beforeHook\",\"beforeTest\",\"afterTest\",\"afterHook\",\"afterSuite\",\"afterSession\",\"after\",\"onComplete\",\"beforeAssertion\",\"afterAssertion\",\"beforeFeature\",\"beforeScenario\",\"beforeStep\",\"afterStep\",\"afterScenario\",\"afterFeature\",\"_\",\"suite\",\"$0\",\"ignoredWorkerServices\",\"wdi5\"]"}]}
COMMAND: POST /session/333f20024c3fd35bde10af9d02cc2546/execute/async - {"script":"<script> [21126 bytes]","args":[35000]}
RESULT: {"script":"<script> [21126 bytes]","args":[35000]}
COMMAND: POST /session/333f20024c3fd35bde10af9d02cc2546/window/maximize - {}
RESULT: {}
COMMAND: POST /session/333f20024c3fd35bde10af9d02cc2546/execute/async - {"script":"<script> [1562 bytes]","args":[{"selector":{"id":"shell-header","interaction":{"idSuffix":"icon"}},"wdio_ui5_key":"shellheader"}]}
COMMAND: GET /session/333f20024c3fd35bde10af9d02cc2546/screenshot - {}
RESULT: {"script":"<script> [1562 bytes]","args":[{"selector":{"id":"shell-header","interaction":{"idSuffix":"icon"}},"wdio_ui5_key":"shellheader"}]}
RESULT: undefined
COMMAND: POST /session/333f20024c3fd35bde10af9d02cc2546/refresh - {}
RESULT: {}
RESULT: {}
COMMAND: GET /session/333f20024c3fd35bde10af9d02cc2546/screenshot - {}
RESULT: {}
COMMAND: POST /session/333f20024c3fd35bde10af9d02cc2546/refresh - {}
RESULT: {}
COMMAND: GET /session/333f20024c3fd35bde10af9d02cc2546/screenshot - {}
RESULT: {}
COMMAND: POST /session/333f20024c3fd35bde10af9d02cc2546/window/fullscreen - {}
RESULT: {}
COMMAND: POST /session/333f20024c3fd35bde10af9d02cc2546/execute/async - {"script":"<script> [189 bytes]","args":[]}
RESULT: {"script":"<script> [189 bytes]","args":[]}
COMMAND: POST /session/333f20024c3fd35bde10af9d02cc2546/execute/async - {"script":"<script> [123 bytes]","args":[]}
RESULT: {"script":"<script> [123 bytes]","args":[]}
COMMAND: POST /session/333f20024c3fd35bde10af9d02cc2546/timeouts - {"script":"<number>"}
RESULT: {"script":"<number>"}
COMMAND: GET /session/333f20024c3fd35bde10af9d02cc2546/timeouts - {}
RESULT: {}
RESULT: undefined
COMMAND: POST /session/333f20024c3fd35bde10af9d02cc2546/execute/async - {"script":"<script> [2676 bytes]","args":[]}
RESULT: {"script":"<script> [2676 bytes]","args":[]}
COMMAND: POST /session/333f20024c3fd35bde10af9d02cc2546/execute/async - {"script":"<script> [2342 bytes]","args":[{"protocol":"http","hostname":"0.0.0.0","path":"/","capabilities":{"browserName":"chrome","goog:chromeOptions":{"binary":"C:\\Program Files\\Google\\Chrome\\Application\\chrome.exe","args":["--start-maximized"]}},"logLevel":"warn","connectionRetryTimeout":120000,"connectionRetryCount":3,"logLevels":{},"enableDirectConnect":true,"strictSSL":true,"_":"65 more keys: [\"cacheDir\",\"port\",\"requestedCapabilities\",\"automationProtocol\",\"baseUrl\",\"waitforInterval\",\"waitforTimeout\",\"onReload\",\"beforeCommand\",\"afterCommand\",\"rootDir\",\"specs\",\"suites\",\"exclude\",\"groupLogsByTestSpec\",\"excludeDriverLogs\",\"bail\",\"framework\",\"reporters\",\"services\",\"maxInstances\",\"maxInstancesPerCapability\",\"injectGlobals\",\"filesToWatch\",\"execArgv\",\"runnerEnv\",\"runner\",\"shard\",\"specFileRetries\",\"specFileRetriesDelay\",\"specFileRetriesDeferred\",\"reporterSyncInterval\",\"reporterSyncTimeout\",\"cucumberFeaturesWithLineNumbers\",\"autoCompileOpts\",\"mochaOpts\",\"jasmineOpts\",\"cucumberOpts\",\"onPrepare\",\"onWorkerStart\",\"onWorkerEnd\",\"before\",\"beforeSession\",\"beforeSuite\",\"beforeHook\",\"beforeTest\",\"afterTest\",\"afterHook\",\"afterSuite\",\"afterSession\",\"after\",\"onComplete\",\"beforeAssertion\",\"afterAssertion\",\"beforeFeature\",\"beforeScenario\",\"beforeStep\",\"afterStep\",\"afterScenario\",\"afterFeature\",\"_\",\"suite\",\"$0\",\"ignoredWorkerServices\",\"wdi5\"]"}]}
RESULT: {"script":"<script> [2342 bytes]","args":[{"protocol":"http","hostname":"0.0.0.0","path":"/","capabilities":{"browserName":"chrome","goog:chromeOptions":{"binary":"C:\\Program Files\\Google\\Chrome\\Application\\chrome.exe","args":["--start-maximized"]}},"logLevel":"warn","connectionRetryTimeout":120000,"connectionRetryCount":3,"logLevels":{},"enableDirectConnect":true,"strictSSL":true,"_":"65 more keys: [\"cacheDir\",\"port\",\"requestedCapabilities\",\"automationProtocol\",\"baseUrl\",\"waitforInterval\",\"waitforTimeout\",\"onReload\",\"beforeCommand\",\"afterCommand\",\"rootDir\",\"specs\",\"suites\",\"exclude\",\"groupLogsByTestSpec\",\"excludeDriverLogs\",\"bail\",\"framework\",\"reporters\",\"services\",\"maxInstances\",\"maxInstancesPerCapability\",\"injectGlobals\",\"filesToWatch\",\"execArgv\",\"runnerEnv\",\"runner\",\"shard\",\"specFileRetries\",\"specFileRetriesDelay\",\"specFileRetriesDeferred\",\"reporterSyncInterval\",\"reporterSyncTimeout\",\"cucumberFeaturesWithLineNumbers\",\"autoCompileOpts\",\"mochaOpts\",\"jasmineOpts\",\"cucumberOpts\",\"onPrepare\",\"onWorkerStart\",\"onWorkerEnd\",\"before\",\"beforeSession\",\"beforeSuite\",\"beforeHook\",\"beforeTest\",\"afterTest\",\"afterHook\",\"afterSuite\",\"afterSession\",\"after\",\"onComplete\",\"beforeAssertion\",\"afterAssertion\",\"beforeFeature\",\"beforeScenario\",\"beforeStep\",\"afterStep\",\"afterScenario\",\"afterFeature\",\"_\",\"suite\",\"$0\",\"ignoredWorkerServices\",\"wdi5\"]"}]}
COMMAND: POST /session/333f20024c3fd35bde10af9d02cc2546/execute/async - {"script":"<script> [21126 bytes]","args":[35000]}
RESULT: {"script":"<script> [21126 bytes]","args":[35000]}
]]></system-out>
    </testcase>
  </testsuite>
  <testsuite timestamp="2025-05-23T17:20:33" time="467.374" tests="9" failures="0" errors="0" skipped="0">
    <properties>
      <property name="specId" value="0"/>
      <property name="suiteName" value="US134625 Set up price condition - one time"/>
      <property name="capabilities" value="chrome.136_0_7103_93.windows"/>
      <property name="file" value="file:///D:/a/1/s/test/specs/BTS/set-up-price-condition-one-time.spec.js"/>
    </properties>
    <testcase classname="chrome.136_0_7103_93.windows.US134625_Set_up_price_condition_-_one_time" name="Should create a new yard used for all following tests" time="0.313">
      <system-out><![CDATA[
COMMAND: POST /session/333f20024c3fd35bde10af9d02cc2546/window/fullscreen - {}
RESULT: {}
]]></system-out>
    </testcase>
    <testcase classname="chrome.136_0_7103_93.windows.US134625_Set_up_price_condition_-_one_time" name="Should create a new partner" time="0.009"/>
    <testcase classname="chrome.136_0_7103_93.windows.US134625_Set_up_price_condition_-_one_time" name="Should create a new site used for following tests" time="0.004"/>
    <testcase classname="chrome.136_0_7103_93.windows.US134625_Set_up_price_condition_-_one_time" name="Should create a new material for billing type one time" time="128.031">
      <system-out><![CDATA[
COMMAND: POST /session/333f20024c3fd35bde10af9d02cc2546/execute/async - {"script":"<script> [1562 bytes]","args":[{"selector":{"controlType":"sap.m.GenericTile","properties":{"header":"Manage Resources"}},"wdio_ui5_key":"sapm.GenericTile{\"header\":\"Manage Resources\"}"}]}
RESULT: {"script":"<script> [1562 bytes]","args":[{"selector":{"controlType":"sap.m.GenericTile","properties":{"header":"Manage Resources"}},"wdio_ui5_key":"sapm.GenericTile{\"header\":\"Manage Resources\"}"}]}
RESULT: undefined
COMMAND: POST /session/333f20024c3fd35bde10af9d02cc2546/element - {"using":"xpath","value":"//*[@id=\"__tile39\"]"}
RESULT: {"using":"xpath","value":"//*[@id=\"__tile39\"]"}
COMMAND: POST /session/333f20024c3fd35bde10af9d02cc2546/element/f.31E86CD389CF42DC451BE2E66032817C.d.AC32B9026DEB32FE26132D63E4209E98.e.5446/click - {}
RESULT: {}
COMMAND: GET /session/333f20024c3fd35bde10af9d02cc2546/screenshot - {}
RESULT: {}
COMMAND: POST /session/333f20024c3fd35bde10af9d02cc2546/elements - {"using":"xpath","value":"//span[text()='Error']"}
RESULT: {"using":"xpath","value":"//span[text()='Error']"}
COMMAND: POST /session/333f20024c3fd35bde10af9d02cc2546/element - {"using":"xpath","value":"//button[@data-kt=\"addNewRUOverflowToolbarButton\"]"}
RESULT: {"using":"xpath","value":"//button[@data-kt=\"addNewRUOverflowToolbarButton\"]"}
COMMAND: POST /session/333f20024c3fd35bde10af9d02cc2546/elements - {"using":"xpath","value":"//button[@data-kt=\"addNewRUOverflowToolbarButton\"]"}
RESULT: {"using":"xpath","value":"//button[@data-kt=\"addNewRUOverflowToolbarButton\"]"}
COMMAND: POST /session/333f20024c3fd35bde10af9d02cc2546/elements - {"using":"xpath","value":"//button[@data-kt=\"addNewRUOverflowToolbarButton\"]"}
RESULT: {"using":"xpath","value":"//button[@data-kt=\"addNewRUOverflowToolbarButton\"]"}
COMMAND: POST /session/333f20024c3fd35bde10af9d02cc2546/elements - {"using":"xpath","value":"//button[@data-kt=\"addNewRUOverflowToolbarButton\"]"}
RESULT: {"using":"xpath","value":"//button[@data-kt=\"addNewRUOverflowToolbarButton\"]"}
COMMAND: POST /session/333f20024c3fd35bde10af9d02cc2546/elements - {"using":"xpath","value":"//button[@data-kt=\"addNewRUOverflowToolbarButton\"]"}
RESULT: {"using":"xpath","value":"//button[@data-kt=\"addNewRUOverflowToolbarButton\"]"}
COMMAND: POST /session/333f20024c3fd35bde10af9d02cc2546/elements - {"using":"xpath","value":"//button[@data-kt=\"addNewRUOverflowToolbarButton\"]"}
RESULT: {"using":"xpath","value":"//button[@data-kt=\"addNewRUOverflowToolbarButton\"]"}
COMMAND: POST /session/333f20024c3fd35bde10af9d02cc2546/elements - {"using":"xpath","value":"//button[@data-kt=\"addNewRUOverflowToolbarButton\"]"}
RESULT: {"using":"xpath","value":"//button[@data-kt=\"addNewRUOverflowToolbarButton\"]"}
COMMAND: POST /session/333f20024c3fd35bde10af9d02cc2546/element - {"using":"xpath","value":"//button[@data-kt=\"addNewRUOverflowToolbarButton\"]"}
RESULT: {"using":"xpath","value":"//button[@data-kt=\"addNewRUOverflowToolbarButton\"]"}
COMMAND: POST /session/333f20024c3fd35bde10af9d02cc2546/execute/sync - {"script":"<script> [8489 bytes]","args":[{"element-6066-11e4-a52e-4f735466cecf":"f.31E86CD389CF42DC451BE2E66032817C.d.AC32B9026DEB32FE26132D63E4209E98.e.5592","ELEMENT":"f.31E86CD389CF42DC451BE2E66032817C.d.AC32B9026DEB32FE26132D63E4209E98.e.5592"}]}
RESULT: {"script":"<script> [8489 bytes]","args":[{"element-6066-11e4-a52e-4f735466cecf":"f.31E86CD389CF42DC451BE2E66032817C.d.AC32B9026DEB32FE26132D63E4209E98.e.5592","ELEMENT":"f.31E86CD389CF42DC451BE2E66032817C.d.AC32B9026DEB32FE26132D63E4209E98.e.5592"}]}
COMMAND: GET /session/333f20024c3fd35bde10af9d02cc2546/element/f.31E86CD389CF42DC451BE2E66032817C.d.AC32B9026DEB32FE26132D63E4209E98.e.5592/enabled - {}
COMMAND: GET /session/333f20024c3fd35bde10af9d02cc2546/screenshot - {}
RESULT: {}
COMMAND: POST /session/333f20024c3fd35bde10af9d02cc2546/execute/sync - {"script":"<script> [8489 bytes]","args":[{"element-6066-11e4-a52e-4f735466cecf":"f.31E86CD389CF42DC451BE2E66032817C.d.AC32B9026DEB32FE26132D63E4209E98.e.5592","ELEMENT":"f.31E86CD389CF42DC451BE2E66032817C.d.AC32B9026DEB32FE26132D63E4209E98.e.5592"}]}
COMMAND: GET /session/333f20024c3fd35bde10af9d02cc2546/screenshot - {}
RESULT: {}
RESULT: {"script":"<script> [8489 bytes]","args":[{"element-6066-11e4-a52e-4f735466cecf":"f.31E86CD389CF42DC451BE2E66032817C.d.AC32B9026DEB32FE26132D63E4209E98.e.5592","ELEMENT":"f.31E86CD389CF42DC451BE2E66032817C.d.AC32B9026DEB32FE26132D63E4209E98.e.5592"}]}
COMMAND: POST /session/333f20024c3fd35bde10af9d02cc2546/execute/sync - {"script":"<script> [5351 bytes]","args":[{"element-6066-11e4-a52e-4f735466cecf":"f.31E86CD389CF42DC451BE2E66032817C.d.AC32B9026DEB32FE26132D63E4209E98.e.5592","ELEMENT":"f.31E86CD389CF42DC451BE2E66032817C.d.AC32B9026DEB32FE26132D63E4209E98.e.5592"}]}
COMMAND: GET /session/333f20024c3fd35bde10af9d02cc2546/screenshot - {}
RESULT: {}
RESULT: {"script":"<script> [5351 bytes]","args":[{"element-6066-11e4-a52e-4f735466cecf":"f.31E86CD389CF42DC451BE2E66032817C.d.AC32B9026DEB32FE26132D63E4209E98.e.5592","ELEMENT":"f.31E86CD389CF42DC451BE2E66032817C.d.AC32B9026DEB32FE26132D63E4209E98.e.5592"}]}
COMMAND: POST /session/333f20024c3fd35bde10af9d02cc2546/element/f.31E86CD389CF42DC451BE2E66032817C.d.AC32B9026DEB32FE26132D63E4209E98.e.5592/click - {}
COMMAND: GET /session/333f20024c3fd35bde10af9d02cc2546/screenshot - {}
RESULT: {}
RESULT: {}
COMMAND: GET /session/333f20024c3fd35bde10af9d02cc2546/screenshot - {}
RESULT: {}
COMMAND: POST /session/333f20024c3fd35bde10af9d02cc2546/execute/async - {"script":"<script> [1562 bytes]","args":[{"selector":{"id":"application-manageresources-display-component---newResourceUnit--TYPE-arrow"},"wdio_ui5_key":"applicationmanageresources-display-component---newResourceUnit--TYPE-arrow"}]}
RESULT: {}
RESULT: {"script":"<script> [1562 bytes]","args":[{"selector":{"id":"application-manageresources-display-component---newResourceUnit--TYPE-arrow"},"wdio_ui5_key":"applicationmanageresources-display-component---newResourceUnit--TYPE-arrow"}]}
RESULT: undefined
COMMAND: POST /session/333f20024c3fd35bde10af9d02cc2546/element - {"using":"xpath","value":"//*[@id=\"application-manageresources-display-component---newResourceUnit--TYPE-arrow\"]"}
RESULT: {"using":"xpath","value":"//*[@id=\"application-manageresources-display-component---newResourceUnit--TYPE-arrow\"]"}
COMMAND: POST /session/333f20024c3fd35bde10af9d02cc2546/element/f.31E86CD389CF42DC451BE2E66032817C.d.AC32B9026DEB32FE26132D63E4209E98.e.5949/click - {}
RESULT: {}
COMMAND: POST /session/333f20024c3fd35bde10af9d02cc2546/element - {"using":"xpath","value":"//input[@id=\"application-manageresources-display-component---newResourceUnit--TYPE-inner\"]"}
COMMAND: GET /session/333f20024c3fd35bde10af9d02cc2546/screenshot - {}
RESULT: {"using":"xpath","value":"//input[@id=\"application-manageresources-display-component---newResourceUnit--TYPE-inner\"]"}
COMMAND: POST /session/333f20024c3fd35bde10af9d02cc2546/element/f.31E86CD389CF42DC451BE2E66032817C.d.AC32B9026DEB32FE26132D63E4209E98.e.5945/clear - {}
RESULT: {}
RESULT: {}
COMMAND: POST /session/333f20024c3fd35bde10af9d02cc2546/element/f.31E86CD389CF42DC451BE2E66032817C.d.AC32B9026DEB32FE26132D63E4209E98.e.5945/value - {"text":"Material"}
COMMAND: GET /session/333f20024c3fd35bde10af9d02cc2546/screenshot - {}
RESULT: {"text":"Material"}
COMMAND: GET /session/333f20024c3fd35bde10af9d02cc2546/screenshot - {}
RESULT: {}
RESULT: {}
COMMAND: POST /session/333f20024c3fd35bde10af9d02cc2546/actions - {"actions":[{"id":"action20","type":"key","parameters":{},"actions":[{"type":"keyDown","value":""},{"type":"pause","duration":10},{"type":"keyUp","value":""}]}]}
RESULT: {"actions":[{"id":"action20","type":"key","parameters":{},"actions":[{"type":"keyDown","value":""},{"type":"pause","duration":10},{"type":"keyUp","value":""}]}]}
COMMAND: POST /session/333f20024c3fd35bde10af9d02cc2546/execute/async - {"script":"<script> [1562 bytes]","args":[{"selector":{"id":"application-manageresources-display-component---newResourceUnit--SHORT_TEXT","interaction":{"idSuffix":"inner"}},"wdio_ui5_key":"applicationmanageresources-display-component---newResourceUnit--SHORT_TEXT"}]}
COMMAND: GET /session/333f20024c3fd35bde10af9d02cc2546/screenshot - {}
RESULT: {"script":"<script> [1562 bytes]","args":[{"selector":{"id":"application-manageresources-display-component---newResourceUnit--SHORT_TEXT","interaction":{"idSuffix":"inner"}},"wdio_ui5_key":"applicationmanageresources-display-component---newResourceUnit--SHORT_TEXT"}]}
RESULT: undefined
COMMAND: POST /session/333f20024c3fd35bde10af9d02cc2546/execute/async - {"script":"<script> [776 bytes]","args":[{"enterText":"Cement WDIO","selector":{"id":"application-manageresources-display-component---newResourceUnit--SHORT_TEXT","interaction":{"idSuffix":"inner"}},"clearTextFirst":true,"interactionType":"ENTER_TEXT"}]}
RESULT: {}
RESULT: {"script":"<script> [776 bytes]","args":[{"enterText":"Cement WDIO","selector":{"id":"application-manageresources-display-component---newResourceUnit--SHORT_TEXT","interaction":{"idSuffix":"inner"}},"clearTextFirst":true,"interactionType":"ENTER_TEXT"}]}
COMMAND: POST /session/333f20024c3fd35bde10af9d02cc2546/execute/async - {"script":"<script> [1562 bytes]","args":[{"selector":{"id":"application-manageresources-display-component---newResourceUnit--BASE_UNIT_OF_MEASURE","interaction":{"idSuffix":"inner"}},"wdio_ui5_key":"applicationmanageresources-display-component---newResourceUnit--BASE_UNIT_OF_MEASURE"}]}
RESULT: {"script":"<script> [1562 bytes]","args":[{"selector":{"id":"application-manageresources-display-component---newResourceUnit--BASE_UNIT_OF_MEASURE","interaction":{"idSuffix":"inner"}},"wdio_ui5_key":"applicationmanageresources-display-component---newResourceUnit--BASE_UNIT_OF_MEASURE"}]}
RESULT: undefined
COMMAND: POST /session/333f20024c3fd35bde10af9d02cc2546/execute/async - {"script":"<script> [776 bytes]","args":[{"enterText":"Piece","selector":{"id":"application-manageresources-display-component---newResourceUnit--BASE_UNIT_OF_MEASURE","interaction":{"idSuffix":"inner"}},"clearTextFirst":true,"interactionType":"ENTER_TEXT"}]}
RESULT: {"script":"<script> [776 bytes]","args":[{"enterText":"Piece","selector":{"id":"application-manageresources-display-component---newResourceUnit--BASE_UNIT_OF_MEASURE","interaction":{"idSuffix":"inner"}},"clearTextFirst":true,"interactionType":"ENTER_TEXT"}]}
COMMAND: POST /session/333f20024c3fd35bde10af9d02cc2546/execute/async - {"script":"<script> [1562 bytes]","args":[{"selector":{"id":"application-manageresources-display-component---newResourceUnit--WEIGHT_UNIT","interaction":{"idSuffix":"inner"}},"wdio_ui5_key":"applicationmanageresources-display-component---newResourceUnit--WEIGHT_UNIT"}]}
RESULT: {"script":"<script> [1562 bytes]","args":[{"selector":{"id":"application-manageresources-display-component---newResourceUnit--WEIGHT_UNIT","interaction":{"idSuffix":"inner"}},"wdio_ui5_key":"applicationmanageresources-display-component---newResourceUnit--WEIGHT_UNIT"}]}
RESULT: undefined
COMMAND: POST /session/333f20024c3fd35bde10af9d02cc2546/execute/async - {"script":"<script> [776 bytes]","args":[{"enterText":"Gram","selector":{"id":"application-manageresources-display-component---newResourceUnit--WEIGHT_UNIT","interaction":{"idSuffix":"inner"}},"clearTextFirst":true,"interactionType":"ENTER_TEXT"}]}
RESULT: {"script":"<script> [776 bytes]","args":[{"enterText":"Gram","selector":{"id":"application-manageresources-display-component---newResourceUnit--WEIGHT_UNIT","interaction":{"idSuffix":"inner"}},"clearTextFirst":true,"interactionType":"ENTER_TEXT"}]}
COMMAND: POST /session/333f20024c3fd35bde10af9d02cc2546/execute/async - {"script":"<script> [1562 bytes]","args":[{"selector":{"id":"application-manageresources-display-component---newResourceUnit--DIMENSION_UNIT","interaction":{"idSuffix":"inner"}},"wdio_ui5_key":"applicationmanageresources-display-component---newResourceUnit--DIMENSION_UNIT"}]}
RESULT: {"script":"<script> [1562 bytes]","args":[{"selector":{"id":"application-manageresources-display-component---newResourceUnit--DIMENSION_UNIT","interaction":{"idSuffix":"inner"}},"wdio_ui5_key":"applicationmanageresources-display-component---newResourceUnit--DIMENSION_UNIT"}]}
RESULT: undefined
COMMAND: POST /session/333f20024c3fd35bde10af9d02cc2546/execute/async - {"script":"<script> [776 bytes]","args":[{"enterText":"Meter","selector":{"id":"application-manageresources-display-component---newResourceUnit--DIMENSION_UNIT","interaction":{"idSuffix":"inner"}},"clearTextFirst":true,"interactionType":"ENTER_TEXT"}]}
RESULT: {"script":"<script> [776 bytes]","args":[{"enterText":"Meter","selector":{"id":"application-manageresources-display-component---newResourceUnit--DIMENSION_UNIT","interaction":{"idSuffix":"inner"}},"clearTextFirst":true,"interactionType":"ENTER_TEXT"}]}
COMMAND: POST /session/333f20024c3fd35bde10af9d02cc2546/execute/async - {"script":"<script> [1562 bytes]","args":[{"selector":{"id":"application-manageresources-display-component---newResourceUnit--newRRUPage-anchBar-application-manageresources-display-component---newResourceUnit--control-anchor","interaction":{"idSuffix":"BDI-content"}},"wdio_ui5_key":"applicationmanageresources-display-component---newResourceUnit--newRRUPage-anchBar-application-manageresources-display-component---newResourceUnit--control-anchor"}]}
RESULT: {"script":"<script> [1562 bytes]","args":[{"selector":{"id":"application-manageresources-display-component---newResourceUnit--newRRUPage-anchBar-application-manageresources-display-component---newResourceUnit--control-anchor","interaction":{"idSuffix":"BDI-content"}},"wdio_ui5_key":"applicationmanageresources-display-component---newResourceUnit--newRRUPage-anchBar-application-manageresources-display-component---newResourceUnit--control-anchor"}]}
RESULT: undefined
COMMAND: POST /session/333f20024c3fd35bde10af9d02cc2546/element - {"using":"xpath","value":"//*[@id=\"application-manageresources-display-component---newResourceUnit--newRRUPage-anchBar-application-manageresources-display-component---newResourceUnit--control-anchor\"]"}
RESULT: {"using":"xpath","value":"//*[@id=\"application-manageresources-display-component---newResourceUnit--newRRUPage-anchBar-application-manageresources-display-component---newResourceUnit--control-anchor\"]"}
COMMAND: POST /session/333f20024c3fd35bde10af9d02cc2546/element/f.31E86CD389CF42DC451BE2E66032817C.d.AC32B9026DEB32FE26132D63E4209E98.e.6081/click - {}
RESULT: {}
COMMAND: POST /session/333f20024c3fd35bde10af9d02cc2546/execute/async - {"script":"<script> [1562 bytes]","args":[{"selector":{"id":"application-manageresources-display-component---newResourceUnit--PLANNING_GROUP","interaction":{"idSuffix":"inner"}},"wdio_ui5_key":"applicationmanageresources-display-component---newResourceUnit--PLANNING_GROUP"}]}
COMMAND: GET /session/333f20024c3fd35bde10af9d02cc2546/screenshot - {}
RESULT: {"script":"<script> [1562 bytes]","args":[{"selector":{"id":"application-manageresources-display-component---newResourceUnit--PLANNING_GROUP","interaction":{"idSuffix":"inner"}},"wdio_ui5_key":"applicationmanageresources-display-component---newResourceUnit--PLANNING_GROUP"}]}
RESULT: undefined
COMMAND: POST /session/333f20024c3fd35bde10af9d02cc2546/execute/async - {"script":"<script> [776 bytes]","args":[{"enterText":"Material","selector":{"id":"application-manageresources-display-component---newResourceUnit--PLANNING_GROUP","interaction":{"idSuffix":"inner"}},"clearTextFirst":true,"interactionType":"ENTER_TEXT"}]}
RESULT: {}
RESULT: {"script":"<script> [776 bytes]","args":[{"enterText":"Material","selector":{"id":"application-manageresources-display-component---newResourceUnit--PLANNING_GROUP","interaction":{"idSuffix":"inner"}},"clearTextFirst":true,"interactionType":"ENTER_TEXT"}]}
COMMAND: POST /session/333f20024c3fd35bde10af9d02cc2546/execute/async - {"script":"<script> [1562 bytes]","args":[{"selector":{"id":"application-manageresources-display-component---newResourceUnit--PLANNING_INDICATOR","interaction":{"idSuffix":"inner"}},"wdio_ui5_key":"applicationmanageresources-display-component---newResourceUnit--PLANNING_INDICATOR"}]}
RESULT: {"script":"<script> [1562 bytes]","args":[{"selector":{"id":"application-manageresources-display-component---newResourceUnit--PLANNING_INDICATOR","interaction":{"idSuffix":"inner"}},"wdio_ui5_key":"applicationmanageresources-display-component---newResourceUnit--PLANNING_INDICATOR"}]}
RESULT: undefined
COMMAND: POST /session/333f20024c3fd35bde10af9d02cc2546/execute/async - {"script":"<script> [776 bytes]","args":[{"enterText":"10 - infinite","selector":{"id":"application-manageresources-display-component---newResourceUnit--PLANNING_INDICATOR","interaction":{"idSuffix":"inner"}},"clearTextFirst":true,"interactionType":"ENTER_TEXT"}]}
RESULT: {"script":"<script> [776 bytes]","args":[{"enterText":"10 - infinite","selector":{"id":"application-manageresources-display-component---newResourceUnit--PLANNING_INDICATOR","interaction":{"idSuffix":"inner"}},"clearTextFirst":true,"interactionType":"ENTER_TEXT"}]}
COMMAND: POST /session/333f20024c3fd35bde10af9d02cc2546/element - {"using":"css selector","value":"#application-manageresources-display-component---newResourceUnit--btnAddTimeSegment"}
RESULT: {"using":"css selector","value":"#application-manageresources-display-component---newResourceUnit--btnAddTimeSegment"}
COMMAND: GET /session/333f20024c3fd35bde10af9d02cc2546/element/f.31E86CD389CF42DC451BE2E66032817C.d.AC32B9026DEB32FE26132D63E4209E98.e.6089/rect - {}
RESULT: {}
COMMAND: GET /session/333f20024c3fd35bde10af9d02cc2546/window/rect - {}
RESULT: {}
COMMAND: POST /session/333f20024c3fd35bde10af9d02cc2546/execute/sync - {"script":"<script> [92 bytes]","args":[]}
RESULT: {"script":"<script> [92 bytes]","args":[]}
COMMAND: POST /session/333f20024c3fd35bde10af9d02cc2546/actions - {"actions":[{"id":"action21","type":"wheel","parameters":{},"actions":[{"type":"scroll","x":-1888,"y":-32,"deltaX":0,"deltaY":0,"duration":0,"origin":{"element-6066-11e4-a52e-4f735466cecf":"f.31E86CD389CF42DC451BE2E66032817C.d.AC32B9026DEB32FE26132D63E4209E98.e.6089"}}]}]}
COMMAND: GET /session/333f20024c3fd35bde10af9d02cc2546/screenshot - {}
RESULT: {}
COMMAND: POST /session/333f20024c3fd35bde10af9d02cc2546/execute/sync - {"script":"<script> [79 bytes]","args":[{"element-6066-11e4-a52e-4f735466cecf":"f.31E86CD389CF42DC451BE2E66032817C.d.AC32B9026DEB32FE26132D63E4209E98.e.6089","ELEMENT":"f.31E86CD389CF42DC451BE2E66032817C.d.AC32B9026DEB32FE26132D63E4209E98.e.6089"},{"block":"start","inline":"nearest"}]}
RESULT: {"script":"<script> [79 bytes]","args":[{"element-6066-11e4-a52e-4f735466cecf":"f.31E86CD389CF42DC451BE2E66032817C.d.AC32B9026DEB32FE26132D63E4209E98.e.6089","ELEMENT":"f.31E86CD389CF42DC451BE2E66032817C.d.AC32B9026DEB32FE26132D63E4209E98.e.6089"},{"block":"start","inline":"nearest"}]}
COMMAND: POST /session/333f20024c3fd35bde10af9d02cc2546/execute/async - {"script":"<script> [1562 bytes]","args":[{"selector":{"id":"application-manageresources-display-component---newResourceUnit--btnAddTimeSegment","interaction":{"idSuffix":"inner"}},"wdio_ui5_key":"applicationmanageresources-display-component---newResourceUnit--btnAddTimeSegment"}]}
COMMAND: GET /session/333f20024c3fd35bde10af9d02cc2546/screenshot - {}
RESULT: {"script":"<script> [1562 bytes]","args":[{"selector":{"id":"application-manageresources-display-component---newResourceUnit--btnAddTimeSegment","interaction":{"idSuffix":"inner"}},"wdio_ui5_key":"applicationmanageresources-display-component---newResourceUnit--btnAddTimeSegment"}]}
RESULT: undefined
COMMAND: POST /session/333f20024c3fd35bde10af9d02cc2546/element - {"using":"xpath","value":"//*[@id=\"application-manageresources-display-component---newResourceUnit--btnAddTimeSegment\"]"}
RESULT: {}
RESULT: {"using":"xpath","value":"//*[@id=\"application-manageresources-display-component---newResourceUnit--btnAddTimeSegment\"]"}
COMMAND: POST /session/333f20024c3fd35bde10af9d02cc2546/element/f.31E86CD389CF42DC451BE2E66032817C.d.AC32B9026DEB32FE26132D63E4209E98.e.6089/click - {}
RESULT: {}
COMMAND: GET /session/333f20024c3fd35bde10af9d02cc2546/screenshot - {}
RESULT: {}
COMMAND: POST /session/333f20024c3fd35bde10af9d02cc2546/element - {"using":"xpath","value":"//input[@id=\"application-manageresources-display-component---newResourceUnit--idRuTSAdmin-application-manageresources-display-component---newResourceUnit--RUTimeSegment-0-inner\"]"}
RESULT: {"using":"xpath","value":"//input[@id=\"application-manageresources-display-component---newResourceUnit--idRuTSAdmin-application-manageresources-display-component---newResourceUnit--RUTimeSegment-0-inner\"]"}
COMMAND: POST /session/333f20024c3fd35bde10af9d02cc2546/element/f.31E86CD389CF42DC451BE2E66032817C.d.AC32B9026DEB32FE26132D63E4209E98.e.6094/clear - {}
RESULT: {}
COMMAND: POST /session/333f20024c3fd35bde10af9d02cc2546/element/f.31E86CD389CF42DC451BE2E66032817C.d.AC32B9026DEB32FE26132D63E4209E98.e.6094/value - {"text":"229"}
COMMAND: GET /session/333f20024c3fd35bde10af9d02cc2546/screenshot - {}
RESULT: {"text":"229"}
COMMAND: GET /session/333f20024c3fd35bde10af9d02cc2546/screenshot - {}
RESULT: {}
RESULT: {}
COMMAND: POST /session/333f20024c3fd35bde10af9d02cc2546/element - {"using":"xpath","value":"//li[.//span[text()='229']]"}
RESULT: {"using":"xpath","value":"//li[.//span[text()='229']]"}
COMMAND: POST /session/333f20024c3fd35bde10af9d02cc2546/element/f.31E86CD389CF42DC451BE2E66032817C.d.AC32B9026DEB32FE26132D63E4209E98.e.6103/click - {}
RESULT: {}
COMMAND: GET /session/333f20024c3fd35bde10af9d02cc2546/screenshot - {}
RESULT: {}
COMMAND: POST /session/333f20024c3fd35bde10af9d02cc2546/element - {"using":"xpath","value":"(//span[contains(@id, \"-application-manageresources-display-component---newResourceUnit--RUTimeSegment-0-arrow\")])[2]"}
RESULT: {"using":"xpath","value":"(//span[contains(@id, \"-application-manageresources-display-component---newResourceUnit--RUTimeSegment-0-arrow\")])[2]"}
COMMAND: POST /session/333f20024c3fd35bde10af9d02cc2546/element/f.31E86CD389CF42DC451BE2E66032817C.d.AC32B9026DEB32FE26132D63E4209E98.e.6104/click - {}
RESULT: {}
COMMAND: POST /session/333f20024c3fd35bde10af9d02cc2546/element - {"using":"xpath","value":"//span[contains(text(), \"PM Order\")]"}
COMMAND: GET /session/333f20024c3fd35bde10af9d02cc2546/screenshot - {}
RESULT: {"using":"xpath","value":"//span[contains(text(), \"PM Order\")]"}
COMMAND: POST /session/333f20024c3fd35bde10af9d02cc2546/element/f.31E86CD389CF42DC451BE2E66032817C.d.AC32B9026DEB32FE26132D63E4209E98.e.6105/click - {}
RESULT: {}
RESULT: {}
COMMAND: GET /session/333f20024c3fd35bde10af9d02cc2546/screenshot - {}
RESULT: {}
COMMAND: POST /session/333f20024c3fd35bde10af9d02cc2546/element - {"using":"xpath","value":"//td/div/div/div/span[contains(@id, \"newResourceUnit--RUTimeSegment-0-vhi\")][1]"}
RESULT: {"using":"xpath","value":"//td/div/div/div/span[contains(@id, \"newResourceUnit--RUTimeSegment-0-vhi\")][1]"}
COMMAND: GET /session/333f20024c3fd35bde10af9d02cc2546/element/f.31E86CD389CF42DC451BE2E66032817C.d.AC32B9026DEB32FE26132D63E4209E98.e.6109/rect - {}
RESULT: {}
COMMAND: GET /session/333f20024c3fd35bde10af9d02cc2546/window/rect - {}
RESULT: {}
COMMAND: POST /session/333f20024c3fd35bde10af9d02cc2546/execute/sync - {"script":"<script> [92 bytes]","args":[]}
RESULT: {"script":"<script> [92 bytes]","args":[]}
COMMAND: POST /session/333f20024c3fd35bde10af9d02cc2546/actions - {"actions":[{"id":"action22","type":"wheel","parameters":{},"actions":[{"type":"scroll","x":-1888,"y":-24,"deltaX":0,"deltaY":0,"duration":0,"origin":{"element-6066-11e4-a52e-4f735466cecf":"f.31E86CD389CF42DC451BE2E66032817C.d.AC32B9026DEB32FE26132D63E4209E98.e.6109"}}]}]}
COMMAND: GET /session/333f20024c3fd35bde10af9d02cc2546/screenshot - {}
RESULT: {}
COMMAND: POST /session/333f20024c3fd35bde10af9d02cc2546/execute/sync - {"script":"<script> [79 bytes]","args":[{"element-6066-11e4-a52e-4f735466cecf":"f.31E86CD389CF42DC451BE2E66032817C.d.AC32B9026DEB32FE26132D63E4209E98.e.6109","ELEMENT":"f.31E86CD389CF42DC451BE2E66032817C.d.AC32B9026DEB32FE26132D63E4209E98.e.6109"},{"block":"start","inline":"nearest"}]}
RESULT: {"script":"<script> [79 bytes]","args":[{"element-6066-11e4-a52e-4f735466cecf":"f.31E86CD389CF42DC451BE2E66032817C.d.AC32B9026DEB32FE26132D63E4209E98.e.6109","ELEMENT":"f.31E86CD389CF42DC451BE2E66032817C.d.AC32B9026DEB32FE26132D63E4209E98.e.6109"},{"block":"start","inline":"nearest"}]}
COMMAND: GET /session/333f20024c3fd35bde10af9d02cc2546/screenshot - {}
RESULT: {}
COMMAND: POST /session/333f20024c3fd35bde10af9d02cc2546/element/f.31E86CD389CF42DC451BE2E66032817C.d.AC32B9026DEB32FE26132D63E4209E98.e.6109/click - {}
RESULT: {}
COMMAND: GET /session/333f20024c3fd35bde10af9d02cc2546/screenshot - {}
RESULT: {}
COMMAND: POST /session/333f20024c3fd35bde10af9d02cc2546/execute/async - {"script":"<script> [1562 bytes]","args":[{"selector":{"controlType":"sap.m.SearchField","properties":{"placeholder":"Search"},"searchOpenDialogs":true,"interaction":{"idSuffix":"I"}},"wdio_ui5_key":"sapm.SearchField{\"placeholder\":\"Search\"}"}]}
RESULT: {"script":"<script> [1562 bytes]","args":[{"selector":{"controlType":"sap.m.SearchField","properties":{"placeholder":"Search"},"searchOpenDialogs":true,"interaction":{"idSuffix":"I"}},"wdio_ui5_key":"sapm.SearchField{\"placeholder\":\"Search\"}"}]}
RESULT: undefined
COMMAND: POST /session/333f20024c3fd35bde10af9d02cc2546/execute/async - {"script":"<script> [776 bytes]","args":[{"enterText":"4000360","selector":{"controlType":"sap.m.SearchField","properties":{"placeholder":"Search"},"searchOpenDialogs":true,"interaction":{"idSuffix":"I"}},"clearTextFirst":true,"interactionType":"ENTER_TEXT"}]}
RESULT: {"script":"<script> [776 bytes]","args":[{"enterText":"4000360","selector":{"controlType":"sap.m.SearchField","properties":{"placeholder":"Search"},"searchOpenDialogs":true,"interaction":{"idSuffix":"I"}},"clearTextFirst":true,"interactionType":"ENTER_TEXT"}]}
COMMAND: POST /session/333f20024c3fd35bde10af9d02cc2546/actions - {"actions":[{"id":"action23","type":"key","parameters":{},"actions":[{"type":"keyDown","value":""},{"type":"pause","duration":10},{"type":"keyUp","value":""}]}]}
RESULT: {"actions":[{"id":"action23","type":"key","parameters":{},"actions":[{"type":"keyDown","value":""},{"type":"pause","duration":10},{"type":"keyUp","value":""}]}]}
COMMAND: GET /session/333f20024c3fd35bde10af9d02cc2546/screenshot - {}
RESULT: {}
COMMAND: POST /session/333f20024c3fd35bde10af9d02cc2546/element - {"using":"xpath","value":"//td/div/span[contains(text(), \"BGL Vehicles\")]"}
RESULT: {"using":"xpath","value":"//td/div/span[contains(text(), \"BGL Vehicles\")]"}
COMMAND: POST /session/333f20024c3fd35bde10af9d02cc2546/element/f.31E86CD389CF42DC451BE2E66032817C.d.AC32B9026DEB32FE26132D63E4209E98.e.6132/click - {}
RESULT: {}
COMMAND: GET /session/333f20024c3fd35bde10af9d02cc2546/screenshot - {}
RESULT: {}
COMMAND: POST /session/333f20024c3fd35bde10af9d02cc2546/element - {"using":"xpath","value":"//bdi[contains(text(), \"OK\")]"}
RESULT: {"using":"xpath","value":"//bdi[contains(text(), \"OK\")]"}
COMMAND: POST /session/333f20024c3fd35bde10af9d02cc2546/element/f.31E86CD389CF42DC451BE2E66032817C.d.AC32B9026DEB32FE26132D63E4209E98.e.6133/click - {}
RESULT: {}
COMMAND: GET /session/333f20024c3fd35bde10af9d02cc2546/screenshot - {}
RESULT: {}
COMMAND: POST /session/333f20024c3fd35bde10af9d02cc2546/element - {"using":"xpath","value":"//label[contains(@class, 'sapMLabelRequired') and .//bdi[contains(text(), 'Planned Retirement')]]"}
RESULT: {"using":"xpath","value":"//label[contains(@class, 'sapMLabelRequired') and .//bdi[contains(text(), 'Planned Retirement')]]"}
COMMAND: POST /session/333f20024c3fd35bde10af9d02cc2546/elements - {"using":"xpath","value":"//label[contains(@class, 'sapMLabelRequired') and .//bdi[contains(text(), 'Planned Retirement')]]"}
RESULT: {"using":"xpath","value":"//label[contains(@class, 'sapMLabelRequired') and .//bdi[contains(text(), 'Planned Retirement')]]"}
COMMAND: POST /session/333f20024c3fd35bde10af9d02cc2546/element - {"using":"xpath","value":"//button[@data-kt=\"resourceUnitSaveButton\"]"}
RESULT: {"using":"xpath","value":"//button[@data-kt=\"resourceUnitSaveButton\"]"}
COMMAND: POST /session/333f20024c3fd35bde10af9d02cc2546/element/f.31E86CD389CF42DC451BE2E66032817C.d.AC32B9026DEB32FE26132D63E4209E98.e.5967/click - {}
RESULT: {}
COMMAND: GET /session/333f20024c3fd35bde10af9d02cc2546/screenshot - {}
RESULT: {}
COMMAND: POST /session/333f20024c3fd35bde10af9d02cc2546/element - {"using":"xpath","value":"//bdi[contains(text(), \"Close\")]"}
RESULT: {"using":"xpath","value":"//bdi[contains(text(), \"Close\")]"}
COMMAND: POST /session/333f20024c3fd35bde10af9d02cc2546/element/f.31E86CD389CF42DC451BE2E66032817C.d.AC32B9026DEB32FE26132D63E4209E98.e.6140/click - {}
RESULT: {}
COMMAND: GET /session/333f20024c3fd35bde10af9d02cc2546/screenshot - {}
RESULT: {}
COMMAND: POST /session/333f20024c3fd35bde10af9d02cc2546/element - {"using":"xpath","value":"//header[contains(@id, 'detailRruPage-headerTitle')]/div[1]/div[2]/div[2]/span[1]"}
RESULT: {"using":"xpath","value":"//header[contains(@id, 'detailRruPage-headerTitle')]/div[1]/div[2]/div[2]/span[1]"}
COMMAND: POST /session/333f20024c3fd35bde10af9d02cc2546/elements - {"using":"xpath","value":"//header[contains(@id, 'detailRruPage-headerTitle')]/div[1]/div[2]/div[2]/span[1]"}
RESULT: {"using":"xpath","value":"//header[contains(@id, 'detailRruPage-headerTitle')]/div[1]/div[2]/div[2]/span[1]"}
COMMAND: POST /session/333f20024c3fd35bde10af9d02cc2546/execute/sync - {"script":"<script> [56 bytes]","args":[{"element-6066-11e4-a52e-4f735466cecf":"f.31E86CD389CF42DC451BE2E66032817C.d.AC32B9026DEB32FE26132D63E4209E98.e.6171","ELEMENT":"f.31E86CD389CF42DC451BE2E66032817C.d.AC32B9026DEB32FE26132D63E4209E98.e.6171"}]}
RESULT: {"script":"<script> [56 bytes]","args":[{"element-6066-11e4-a52e-4f735466cecf":"f.31E86CD389CF42DC451BE2E66032817C.d.AC32B9026DEB32FE26132D63E4209E98.e.6171","ELEMENT":"f.31E86CD389CF42DC451BE2E66032817C.d.AC32B9026DEB32FE26132D63E4209E98.e.6171"}]}
]]></system-out>
    </testcase>
    <testcase classname="chrome.136_0_7103_93.windows.US134625_Set_up_price_condition_-_one_time" name="Should create new pricing rule one time" time="68.495">
      <system-out><![CDATA[
COMMAND: GET /session/333f20024c3fd35bde10af9d02cc2546/screenshot - {}
COMMAND: POST /session/333f20024c3fd35bde10af9d02cc2546/element - {"using":"xpath","value":"(//button[contains(@id ,\"actionsToolbar-overflowButton\")])[1]"}
RESULT: {}
RESULT: {"using":"xpath","value":"(//button[contains(@id ,\"actionsToolbar-overflowButton\")])[1]"}
COMMAND: POST /session/333f20024c3fd35bde10af9d02cc2546/element/f.31E86CD389CF42DC451BE2E66032817C.d.AC32B9026DEB32FE26132D63E4209E98.e.6172/click - {}
RESULT: {}
COMMAND: GET /session/333f20024c3fd35bde10af9d02cc2546/screenshot - {}
RESULT: {}
COMMAND: POST /session/333f20024c3fd35bde10af9d02cc2546/element - {"using":"xpath","value":"//button[@data-kt=\"priceInfoButton\"]"}
RESULT: {"using":"xpath","value":"//button[@data-kt=\"priceInfoButton\"]"}
COMMAND: POST /session/333f20024c3fd35bde10af9d02cc2546/element/f.31E86CD389CF42DC451BE2E66032817C.d.AC32B9026DEB32FE26132D63E4209E98.e.6174/click - {}
RESULT: {}
COMMAND: GET /session/333f20024c3fd35bde10af9d02cc2546/screenshot - {}
RESULT: {}
COMMAND: POST /session/333f20024c3fd35bde10af9d02cc2546/element - {"using":"xpath","value":"//button[@data-kt=\"addButton\"]"}
RESULT: {"using":"xpath","value":"//button[@data-kt=\"addButton\"]"}
COMMAND: POST /session/333f20024c3fd35bde10af9d02cc2546/elements - {"using":"xpath","value":"//button[@data-kt=\"addButton\"]"}
RESULT: {"using":"xpath","value":"//button[@data-kt=\"addButton\"]"}
COMMAND: POST /session/333f20024c3fd35bde10af9d02cc2546/execute/sync - {"script":"<script> [8489 bytes]","args":[{"element-6066-11e4-a52e-4f735466cecf":"f.31E86CD389CF42DC451BE2E66032817C.d.AC32B9026DEB32FE26132D63E4209E98.e.6211","ELEMENT":"f.31E86CD389CF42DC451BE2E66032817C.d.AC32B9026DEB32FE26132D63E4209E98.e.6211"}]}
RESULT: {"script":"<script> [8489 bytes]","args":[{"element-6066-11e4-a52e-4f735466cecf":"f.31E86CD389CF42DC451BE2E66032817C.d.AC32B9026DEB32FE26132D63E4209E98.e.6211","ELEMENT":"f.31E86CD389CF42DC451BE2E66032817C.d.AC32B9026DEB32FE26132D63E4209E98.e.6211"}]}
COMMAND: GET /session/333f20024c3fd35bde10af9d02cc2546/element/f.31E86CD389CF42DC451BE2E66032817C.d.AC32B9026DEB32FE26132D63E4209E98.e.6211/enabled - {}
COMMAND: GET /session/333f20024c3fd35bde10af9d02cc2546/screenshot - {}
RESULT: {}
COMMAND: POST /session/333f20024c3fd35bde10af9d02cc2546/execute/sync - {"script":"<script> [8489 bytes]","args":[{"element-6066-11e4-a52e-4f735466cecf":"f.31E86CD389CF42DC451BE2E66032817C.d.AC32B9026DEB32FE26132D63E4209E98.e.6211","ELEMENT":"f.31E86CD389CF42DC451BE2E66032817C.d.AC32B9026DEB32FE26132D63E4209E98.e.6211"}]}
COMMAND: GET /session/333f20024c3fd35bde10af9d02cc2546/screenshot - {}
RESULT: {}
RESULT: {"script":"<script> [8489 bytes]","args":[{"element-6066-11e4-a52e-4f735466cecf":"f.31E86CD389CF42DC451BE2E66032817C.d.AC32B9026DEB32FE26132D63E4209E98.e.6211","ELEMENT":"f.31E86CD389CF42DC451BE2E66032817C.d.AC32B9026DEB32FE26132D63E4209E98.e.6211"}]}
COMMAND: POST /session/333f20024c3fd35bde10af9d02cc2546/execute/sync - {"script":"<script> [5351 bytes]","args":[{"element-6066-11e4-a52e-4f735466cecf":"f.31E86CD389CF42DC451BE2E66032817C.d.AC32B9026DEB32FE26132D63E4209E98.e.6211","ELEMENT":"f.31E86CD389CF42DC451BE2E66032817C.d.AC32B9026DEB32FE26132D63E4209E98.e.6211"}]}
COMMAND: GET /session/333f20024c3fd35bde10af9d02cc2546/screenshot - {}
RESULT: {}
RESULT: {"script":"<script> [5351 bytes]","args":[{"element-6066-11e4-a52e-4f735466cecf":"f.31E86CD389CF42DC451BE2E66032817C.d.AC32B9026DEB32FE26132D63E4209E98.e.6211","ELEMENT":"f.31E86CD389CF42DC451BE2E66032817C.d.AC32B9026DEB32FE26132D63E4209E98.e.6211"}]}
COMMAND: POST /session/333f20024c3fd35bde10af9d02cc2546/element/f.31E86CD389CF42DC451BE2E66032817C.d.AC32B9026DEB32FE26132D63E4209E98.e.6211/click - {}
COMMAND: GET /session/333f20024c3fd35bde10af9d02cc2546/screenshot - {}
RESULT: {}
RESULT: {}
COMMAND: GET /session/333f20024c3fd35bde10af9d02cc2546/screenshot - {}
RESULT: {}
RESULT: {}
COMMAND: POST /session/333f20024c3fd35bde10af9d02cc2546/execute/async - {"script":"<script> [1562 bytes]","args":[{"selector":{"controlType":"sap.m.Title","viewName":"etm.portal.ui.managepricingrules.view.NewItem","viewId":"application-managepricingrules-display-component---newInfoPriceItem","properties":{"text":"New Pricing Rules - Item Level"}},"wdio_ui5_key":"etmportal.ui.managepricingrules.view.NewItemsap.m.Title{\"text\":\"New Pricing Rules - Item Level\"}"}]}
RESULT: {"script":"<script> [1562 bytes]","args":[{"selector":{"controlType":"sap.m.Title","viewName":"etm.portal.ui.managepricingrules.view.NewItem","viewId":"application-managepricingrules-display-component---newInfoPriceItem","properties":{"text":"New Pricing Rules - Item Level"}},"wdio_ui5_key":"etmportal.ui.managepricingrules.view.NewItemsap.m.Title{\"text\":\"New Pricing Rules - Item Level\"}"}]}
RESULT: undefined
COMMAND: POST /session/333f20024c3fd35bde10af9d02cc2546/execute/async - {"script":"<script> [6424 bytes]","args":[{"element-6066-11e4-a52e-4f735466cecf":"f.31E86CD389CF42DC451BE2E66032817C.d.AC32B9026DEB32FE26132D63E4209E98.e.6278"},"getText",[]]}
RESULT: {"script":"<script> [6424 bytes]","args":[{"element-6066-11e4-a52e-4f735466cecf":"f.31E86CD389CF42DC451BE2E66032817C.d.AC32B9026DEB32FE26132D63E4209E98.e.6278"},"getText",[]]}
COMMAND: POST /session/333f20024c3fd35bde10af9d02cc2546/execute/async - {"script":"<script> [1562 bytes]","args":[{"selector":{"id":"application-managepricingrules-display-component---newInfoPriceItem--condValidTo","interaction":{"idSuffix":"inner"}},"wdio_ui5_key":"applicationmanagepricingrules-display-component---newInfoPriceItem--condValidTo"}]}
RESULT: {"script":"<script> [1562 bytes]","args":[{"selector":{"id":"application-managepricingrules-display-component---newInfoPriceItem--condValidTo","interaction":{"idSuffix":"inner"}},"wdio_ui5_key":"applicationmanagepricingrules-display-component---newInfoPriceItem--condValidTo"}]}
RESULT: undefined
COMMAND: POST /session/333f20024c3fd35bde10af9d02cc2546/execute/async - {"script":"<script> [776 bytes]","args":[{"enterText":"1/23/26","selector":{"id":"application-managepricingrules-display-component---newInfoPriceItem--condValidTo","interaction":{"idSuffix":"inner"}},"clearTextFirst":true,"interactionType":"ENTER_TEXT"}]}
RESULT: {"script":"<script> [776 bytes]","args":[{"enterText":"1/23/26","selector":{"id":"application-managepricingrules-display-component---newInfoPriceItem--condValidTo","interaction":{"idSuffix":"inner"}},"clearTextFirst":true,"interactionType":"ENTER_TEXT"}]}
COMMAND: POST /session/333f20024c3fd35bde10af9d02cc2546/execute/async - {"script":"<script> [1562 bytes]","args":[{"selector":{"id":"application-managepricingrules-display-component---newInfoPriceItem--billType-arrow"},"wdio_ui5_key":"applicationmanagepricingrules-display-component---newInfoPriceItem--billType-arrow"}]}
RESULT: {"script":"<script> [1562 bytes]","args":[{"selector":{"id":"application-managepricingrules-display-component---newInfoPriceItem--billType-arrow"},"wdio_ui5_key":"applicationmanagepricingrules-display-component---newInfoPriceItem--billType-arrow"}]}
RESULT: undefined
COMMAND: POST /session/333f20024c3fd35bde10af9d02cc2546/element - {"using":"xpath","value":"//*[@id=\"application-managepricingrules-display-component---newInfoPriceItem--billType-arrow\"]"}
RESULT: {"using":"xpath","value":"//*[@id=\"application-managepricingrules-display-component---newInfoPriceItem--billType-arrow\"]"}
COMMAND: POST /session/333f20024c3fd35bde10af9d02cc2546/element/f.31E86CD389CF42DC451BE2E66032817C.d.AC32B9026DEB32FE26132D63E4209E98.e.6280/click - {}
RESULT: {}
COMMAND: POST /session/333f20024c3fd35bde10af9d02cc2546/element - {"using":"xpath","value":"//span[contains(text(), \"OT - Sales (one-time)\")]"}
COMMAND: GET /session/333f20024c3fd35bde10af9d02cc2546/screenshot - {}
RESULT: {"using":"xpath","value":"//span[contains(text(), \"OT - Sales (one-time)\")]"}
COMMAND: POST /session/333f20024c3fd35bde10af9d02cc2546/element/f.31E86CD389CF42DC451BE2E66032817C.d.AC32B9026DEB32FE26132D63E4209E98.e.6281/click - {}
RESULT: {}
RESULT: {}
COMMAND: POST /session/333f20024c3fd35bde10af9d02cc2546/execute/async - {"script":"<script> [1562 bytes]","args":[{"selector":{"id":"application-managepricingrules-display-component---newInfoPriceItem--priceProc-arrow"},"wdio_ui5_key":"applicationmanagepricingrules-display-component---newInfoPriceItem--priceProc-arrow"}]}
COMMAND: GET /session/333f20024c3fd35bde10af9d02cc2546/screenshot - {}
RESULT: {"script":"<script> [1562 bytes]","args":[{"selector":{"id":"application-managepricingrules-display-component---newInfoPriceItem--priceProc-arrow"},"wdio_ui5_key":"applicationmanagepricingrules-display-component---newInfoPriceItem--priceProc-arrow"}]}
RESULT: undefined
COMMAND: POST /session/333f20024c3fd35bde10af9d02cc2546/element - {"using":"xpath","value":"//*[@id=\"application-managepricingrules-display-component---newInfoPriceItem--priceProc-arrow\"]"}
RESULT: {}
RESULT: {"using":"xpath","value":"//*[@id=\"application-managepricingrules-display-component---newInfoPriceItem--priceProc-arrow\"]"}
COMMAND: POST /session/333f20024c3fd35bde10af9d02cc2546/element/f.31E86CD389CF42DC451BE2E66032817C.d.AC32B9026DEB32FE26132D63E4209E98.e.6282/click - {}
RESULT: {}
COMMAND: POST /session/333f20024c3fd35bde10af9d02cc2546/element - {"using":"xpath","value":"//span[contains(text(), \"MAT - Material\")]"}
COMMAND: GET /session/333f20024c3fd35bde10af9d02cc2546/screenshot - {}
RESULT: {"using":"xpath","value":"//span[contains(text(), \"MAT - Material\")]"}
COMMAND: POST /session/333f20024c3fd35bde10af9d02cc2546/element/f.31E86CD389CF42DC451BE2E66032817C.d.AC32B9026DEB32FE26132D63E4209E98.e.6283/click - {}
RESULT: {}
RESULT: {}
COMMAND: POST /session/333f20024c3fd35bde10af9d02cc2546/execute/async - {"script":"<script> [1562 bytes]","args":[{"selector":{"id":"application-managepricingrules-display-component---newInfoPriceItem--calcBase-arrow"},"wdio_ui5_key":"applicationmanagepricingrules-display-component---newInfoPriceItem--calcBase-arrow"}]}
COMMAND: GET /session/333f20024c3fd35bde10af9d02cc2546/screenshot - {}
RESULT: {"script":"<script> [1562 bytes]","args":[{"selector":{"id":"application-managepricingrules-display-component---newInfoPriceItem--calcBase-arrow"},"wdio_ui5_key":"applicationmanagepricingrules-display-component---newInfoPriceItem--calcBase-arrow"}]}
RESULT: undefined
COMMAND: POST /session/333f20024c3fd35bde10af9d02cc2546/element - {"using":"xpath","value":"//*[@id=\"application-managepricingrules-display-component---newInfoPriceItem--calcBase-arrow\"]"}
RESULT: {}
RESULT: {"using":"xpath","value":"//*[@id=\"application-managepricingrules-display-component---newInfoPriceItem--calcBase-arrow\"]"}
COMMAND: POST /session/333f20024c3fd35bde10af9d02cc2546/element/f.31E86CD389CF42DC451BE2E66032817C.d.AC32B9026DEB32FE26132D63E4209E98.e.6284/click - {}
RESULT: {}
COMMAND: GET /session/333f20024c3fd35bde10af9d02cc2546/screenshot - {}
RESULT: {}
COMMAND: POST /session/333f20024c3fd35bde10af9d02cc2546/element - {"using":"xpath","value":"//span[contains(text(), \"0001 - TB(exact month + cal_days)\")]"}
RESULT: {"using":"xpath","value":"//span[contains(text(), \"0001 - TB(exact month + cal_days)\")]"}
COMMAND: POST /session/333f20024c3fd35bde10af9d02cc2546/element/f.31E86CD389CF42DC451BE2E66032817C.d.AC32B9026DEB32FE26132D63E4209E98.e.6285/click - {}
RESULT: {}
COMMAND: GET /session/333f20024c3fd35bde10af9d02cc2546/screenshot - {}
RESULT: {}
COMMAND: POST /session/333f20024c3fd35bde10af9d02cc2546/element - {"using":"xpath","value":"//button[@data-kt=\"saveNewRuleButton\"]"}
RESULT: {"using":"xpath","value":"//button[@data-kt=\"saveNewRuleButton\"]"}
COMMAND: POST /session/333f20024c3fd35bde10af9d02cc2546/element/f.31E86CD389CF42DC451BE2E66032817C.d.AC32B9026DEB32FE26132D63E4209E98.e.6286/click - {}
RESULT: {}
COMMAND: GET /session/333f20024c3fd35bde10af9d02cc2546/screenshot - {}
RESULT: {}
COMMAND: POST /session/333f20024c3fd35bde10af9d02cc2546/execute/async - {"script":"<script> [1562 bytes]","args":[{"selector":{"id":"application-managepricingrules-display-component---priceInfoItem--smartFilterBar-btnBasicSearch","interaction":{"idSuffix":"I"}},"wdio_ui5_key":"applicationmanagepricingrules-display-component---priceInfoItem--smartFilterBar-btnBasicSearch"}]}
RESULT: {"script":"<script> [1562 bytes]","args":[{"selector":{"id":"application-managepricingrules-display-component---priceInfoItem--smartFilterBar-btnBasicSearch","interaction":{"idSuffix":"I"}},"wdio_ui5_key":"applicationmanagepricingrules-display-component---priceInfoItem--smartFilterBar-btnBasicSearch"}]}
RESULT: undefined
COMMAND: POST /session/333f20024c3fd35bde10af9d02cc2546/execute/async - {"script":"<script> [776 bytes]","args":[{"enterText":"200098","selector":{"id":"application-managepricingrules-display-component---priceInfoItem--smartFilterBar-btnBasicSearch","interaction":{"idSuffix":"I"}},"clearTextFirst":true,"interactionType":"ENTER_TEXT"}]}
RESULT: {"script":"<script> [776 bytes]","args":[{"enterText":"200098","selector":{"id":"application-managepricingrules-display-component---priceInfoItem--smartFilterBar-btnBasicSearch","interaction":{"idSuffix":"I"}},"clearTextFirst":true,"interactionType":"ENTER_TEXT"}]}
COMMAND: POST /session/333f20024c3fd35bde10af9d02cc2546/actions - {"actions":[{"id":"action24","type":"key","parameters":{},"actions":[{"type":"keyDown","value":""},{"type":"pause","duration":10},{"type":"keyUp","value":""}]}]}
RESULT: {"actions":[{"id":"action24","type":"key","parameters":{},"actions":[{"type":"keyDown","value":""},{"type":"pause","duration":10},{"type":"keyUp","value":""}]}]}
COMMAND: GET /session/333f20024c3fd35bde10af9d02cc2546/screenshot - {}
RESULT: {}
COMMAND: POST /session/333f20024c3fd35bde10af9d02cc2546/element - {"using":"xpath","value":"//span[@id=\"application-managepricingrules-display-component---priceInfoItem--smartTable-header-inner\"]"}
RESULT: {"using":"xpath","value":"//span[@id=\"application-managepricingrules-display-component---priceInfoItem--smartTable-header-inner\"]"}
COMMAND: POST /session/333f20024c3fd35bde10af9d02cc2546/elements - {"using":"xpath","value":"//span[@id=\"application-managepricingrules-display-component---priceInfoItem--smartTable-header-inner\"]"}
RESULT: {"using":"xpath","value":"//span[@id=\"application-managepricingrules-display-component---priceInfoItem--smartTable-header-inner\"]"}
COMMAND: POST /session/333f20024c3fd35bde10af9d02cc2546/execute/sync - {"script":"<script> [56 bytes]","args":[{"element-6066-11e4-a52e-4f735466cecf":"f.31E86CD389CF42DC451BE2E66032817C.d.AC32B9026DEB32FE26132D63E4209E98.e.6299","ELEMENT":"f.31E86CD389CF42DC451BE2E66032817C.d.AC32B9026DEB32FE26132D63E4209E98.e.6299"}]}
RESULT: {"script":"<script> [56 bytes]","args":[{"element-6066-11e4-a52e-4f735466cecf":"f.31E86CD389CF42DC451BE2E66032817C.d.AC32B9026DEB32FE26132D63E4209E98.e.6299","ELEMENT":"f.31E86CD389CF42DC451BE2E66032817C.d.AC32B9026DEB32FE26132D63E4209E98.e.6299"}]}
COMMAND: POST /session/333f20024c3fd35bde10af9d02cc2546/element - {"using":"css selector","value":"#shell-header-logo"}
COMMAND: GET /session/333f20024c3fd35bde10af9d02cc2546/screenshot - {}
RESULT: {"using":"css selector","value":"#shell-header-logo"}
COMMAND: POST /session/333f20024c3fd35bde10af9d02cc2546/element/f.31E86CD389CF42DC451BE2E66032817C.d.AC32B9026DEB32FE26132D63E4209E98.e.5560/click - {}
RESULT: {}
RESULT: {}
COMMAND: GET /session/333f20024c3fd35bde10af9d02cc2546/screenshot - {}
RESULT: {}
]]></system-out>
    </testcase>
    <testcase classname="chrome.136_0_7103_93.windows.US134625_Set_up_price_condition_-_one_time" name="Should create new condition one time" time="74.51">
      <system-out><![CDATA[
COMMAND: POST /session/333f20024c3fd35bde10af9d02cc2546/execute/async - {"script":"<script> [1562 bytes]","args":[{"selector":{"controlType":"sap.m.GenericTile","properties":{"header":"Manage Conditions & Prices"}},"wdio_ui5_key":"sapm.GenericTile{\"header\":\"Manage Conditions & Prices\"}"}]}
RESULT: {"script":"<script> [1562 bytes]","args":[{"selector":{"controlType":"sap.m.GenericTile","properties":{"header":"Manage Conditions & Prices"}},"wdio_ui5_key":"sapm.GenericTile{\"header\":\"Manage Conditions & Prices\"}"}]}
RESULT: undefined
COMMAND: POST /session/333f20024c3fd35bde10af9d02cc2546/element - {"using":"xpath","value":"//*[@id=\"__tile53\"]"}
RESULT: {"using":"xpath","value":"//*[@id=\"__tile53\"]"}
COMMAND: POST /session/333f20024c3fd35bde10af9d02cc2546/element/f.31E86CD389CF42DC451BE2E66032817C.d.AC32B9026DEB32FE26132D63E4209E98.e.5493/click - {}
RESULT: {}
COMMAND: GET /session/333f20024c3fd35bde10af9d02cc2546/screenshot - {}
RESULT: {}
COMMAND: POST /session/333f20024c3fd35bde10af9d02cc2546/elements - {"using":"xpath","value":"//span[text()='Error']"}
RESULT: {"using":"xpath","value":"//span[text()='Error']"}
COMMAND: POST /session/333f20024c3fd35bde10af9d02cc2546/element - {"using":"xpath","value":"//button[@aria-label=\"Create\"]"}
RESULT: {"using":"xpath","value":"//button[@aria-label=\"Create\"]"}
COMMAND: POST /session/333f20024c3fd35bde10af9d02cc2546/elements - {"using":"xpath","value":"//button[@aria-label=\"Create\"]"}
RESULT: {"using":"xpath","value":"//button[@aria-label=\"Create\"]"}
COMMAND: POST /session/333f20024c3fd35bde10af9d02cc2546/execute/sync - {"script":"<script> [8489 bytes]","args":[{"element-6066-11e4-a52e-4f735466cecf":"f.31E86CD389CF42DC451BE2E66032817C.d.AC32B9026DEB32FE26132D63E4209E98.e.6334","ELEMENT":"f.31E86CD389CF42DC451BE2E66032817C.d.AC32B9026DEB32FE26132D63E4209E98.e.6334"}]}
RESULT: {"script":"<script> [8489 bytes]","args":[{"element-6066-11e4-a52e-4f735466cecf":"f.31E86CD389CF42DC451BE2E66032817C.d.AC32B9026DEB32FE26132D63E4209E98.e.6334","ELEMENT":"f.31E86CD389CF42DC451BE2E66032817C.d.AC32B9026DEB32FE26132D63E4209E98.e.6334"}]}
COMMAND: GET /session/333f20024c3fd35bde10af9d02cc2546/element/f.31E86CD389CF42DC451BE2E66032817C.d.AC32B9026DEB32FE26132D63E4209E98.e.6334/enabled - {}
COMMAND: GET /session/333f20024c3fd35bde10af9d02cc2546/screenshot - {}
RESULT: {}
COMMAND: POST /session/333f20024c3fd35bde10af9d02cc2546/execute/sync - {"script":"<script> [8489 bytes]","args":[{"element-6066-11e4-a52e-4f735466cecf":"f.31E86CD389CF42DC451BE2E66032817C.d.AC32B9026DEB32FE26132D63E4209E98.e.6334","ELEMENT":"f.31E86CD389CF42DC451BE2E66032817C.d.AC32B9026DEB32FE26132D63E4209E98.e.6334"}]}
COMMAND: GET /session/333f20024c3fd35bde10af9d02cc2546/screenshot - {}
RESULT: {}
RESULT: {"script":"<script> [8489 bytes]","args":[{"element-6066-11e4-a52e-4f735466cecf":"f.31E86CD389CF42DC451BE2E66032817C.d.AC32B9026DEB32FE26132D63E4209E98.e.6334","ELEMENT":"f.31E86CD389CF42DC451BE2E66032817C.d.AC32B9026DEB32FE26132D63E4209E98.e.6334"}]}
COMMAND: POST /session/333f20024c3fd35bde10af9d02cc2546/execute/sync - {"script":"<script> [5351 bytes]","args":[{"element-6066-11e4-a52e-4f735466cecf":"f.31E86CD389CF42DC451BE2E66032817C.d.AC32B9026DEB32FE26132D63E4209E98.e.6334","ELEMENT":"f.31E86CD389CF42DC451BE2E66032817C.d.AC32B9026DEB32FE26132D63E4209E98.e.6334"}]}
COMMAND: GET /session/333f20024c3fd35bde10af9d02cc2546/screenshot - {}
RESULT: {}
RESULT: {"script":"<script> [5351 bytes]","args":[{"element-6066-11e4-a52e-4f735466cecf":"f.31E86CD389CF42DC451BE2E66032817C.d.AC32B9026DEB32FE26132D63E4209E98.e.6334","ELEMENT":"f.31E86CD389CF42DC451BE2E66032817C.d.AC32B9026DEB32FE26132D63E4209E98.e.6334"}]}
COMMAND: POST /session/333f20024c3fd35bde10af9d02cc2546/element/f.31E86CD389CF42DC451BE2E66032817C.d.AC32B9026DEB32FE26132D63E4209E98.e.6334/click - {}
COMMAND: GET /session/333f20024c3fd35bde10af9d02cc2546/screenshot - {}
RESULT: {}
RESULT: {}
COMMAND: GET /session/333f20024c3fd35bde10af9d02cc2546/screenshot - {}
RESULT: {}
RESULT: {}
COMMAND: POST /session/333f20024c3fd35bde10af9d02cc2546/actions - {"actions":[{"id":"action25","type":"key","parameters":{},"actions":[{"type":"keyDown","value":""},{"type":"pause","duration":10},{"type":"keyUp","value":""}]}]}
RESULT: {"actions":[{"id":"action25","type":"key","parameters":{},"actions":[{"type":"keyDown","value":""},{"type":"pause","duration":10},{"type":"keyUp","value":""}]}]}
COMMAND: GET /session/333f20024c3fd35bde10af9d02cc2546/screenshot - {}
RESULT: {}
COMMAND: POST /session/333f20024c3fd35bde10af9d02cc2546/execute/async - {"script":"<script> [1562 bytes]","args":[{"selector":{"id":"application-manageconditionprice-display-component---newCondition--condBillCond-arrow"},"wdio_ui5_key":"applicationmanageconditionprice-display-component---newCondition--condBillCond-arrow"}]}
RESULT: {"script":"<script> [1562 bytes]","args":[{"selector":{"id":"application-manageconditionprice-display-component---newCondition--condBillCond-arrow"},"wdio_ui5_key":"applicationmanageconditionprice-display-component---newCondition--condBillCond-arrow"}]}
RESULT: undefined
COMMAND: POST /session/333f20024c3fd35bde10af9d02cc2546/element - {"using":"xpath","value":"//*[@id=\"application-manageconditionprice-display-component---newCondition--condBillCond-arrow\"]"}
RESULT: {"using":"xpath","value":"//*[@id=\"application-manageconditionprice-display-component---newCondition--condBillCond-arrow\"]"}
COMMAND: POST /session/333f20024c3fd35bde10af9d02cc2546/element/f.31E86CD389CF42DC451BE2E66032817C.d.AC32B9026DEB32FE26132D63E4209E98.e.6519/click - {}
RESULT: {}
COMMAND: GET /session/333f20024c3fd35bde10af9d02cc2546/screenshot - {}
RESULT: {}
COMMAND: POST /session/333f20024c3fd35bde10af9d02cc2546/element - {"using":"xpath","value":"//li[.//span[contains(text(), \"SAPR - Sales price\")]]"}
RESULT: {"using":"xpath","value":"//li[.//span[contains(text(), \"SAPR - Sales price\")]]"}
COMMAND: POST /session/333f20024c3fd35bde10af9d02cc2546/element/f.31E86CD389CF42DC451BE2E66032817C.d.AC32B9026DEB32FE26132D63E4209E98.e.6522/click - {}
RESULT: {}
COMMAND: GET /session/333f20024c3fd35bde10af9d02cc2546/screenshot - {}
RESULT: {}
COMMAND: POST /session/333f20024c3fd35bde10af9d02cc2546/execute/async - {"script":"<script> [1562 bytes]","args":[{"selector":{"id":"application-manageconditionprice-display-component---newCondition--condValidTo","interaction":{"idSuffix":"inner"}},"wdio_ui5_key":"applicationmanageconditionprice-display-component---newCondition--condValidTo"}]}
RESULT: {"script":"<script> [1562 bytes]","args":[{"selector":{"id":"application-manageconditionprice-display-component---newCondition--condValidTo","interaction":{"idSuffix":"inner"}},"wdio_ui5_key":"applicationmanageconditionprice-display-component---newCondition--condValidTo"}]}
RESULT: undefined
COMMAND: POST /session/333f20024c3fd35bde10af9d02cc2546/execute/async - {"script":"<script> [776 bytes]","args":[{"enterText":"1/23/26","selector":{"id":"application-manageconditionprice-display-component---newCondition--condValidTo","interaction":{"idSuffix":"inner"}},"clearTextFirst":true,"interactionType":"ENTER_TEXT"}]}
RESULT: {"script":"<script> [776 bytes]","args":[{"enterText":"1/23/26","selector":{"id":"application-manageconditionprice-display-component---newCondition--condValidTo","interaction":{"idSuffix":"inner"}},"clearTextFirst":true,"interactionType":"ENTER_TEXT"}]}
COMMAND: POST /session/333f20024c3fd35bde10af9d02cc2546/element - {"using":"xpath","value":"//input[@id=\"application-manageconditionprice-display-component---newCondition--condRU-inner\"]"}
RESULT: {"using":"xpath","value":"//input[@id=\"application-manageconditionprice-display-component---newCondition--condRU-inner\"]"}
COMMAND: POST /session/333f20024c3fd35bde10af9d02cc2546/element/f.31E86CD389CF42DC451BE2E66032817C.d.AC32B9026DEB32FE26132D63E4209E98.e.6350/clear - {}
RESULT: {}
COMMAND: POST /session/333f20024c3fd35bde10af9d02cc2546/element/f.31E86CD389CF42DC451BE2E66032817C.d.AC32B9026DEB32FE26132D63E4209E98.e.6350/value - {"text":"200098"}
COMMAND: GET /session/333f20024c3fd35bde10af9d02cc2546/screenshot - {}
RESULT: {"text":"200098"}
COMMAND: GET /session/333f20024c3fd35bde10af9d02cc2546/screenshot - {}
RESULT: {}
RESULT: {}
COMMAND: POST /session/333f20024c3fd35bde10af9d02cc2546/actions - {"actions":[{"id":"action26","type":"key","parameters":{},"actions":[{"type":"keyDown","value":""},{"type":"pause","duration":10},{"type":"keyUp","value":""}]}]}
RESULT: {"actions":[{"id":"action26","type":"key","parameters":{},"actions":[{"type":"keyDown","value":""},{"type":"pause","duration":10},{"type":"keyUp","value":""}]}]}
COMMAND: POST /session/333f20024c3fd35bde10af9d02cc2546/execute/async - {"script":"<script> [1562 bytes]","args":[{"selector":{"id":"application-manageconditionprice-display-component---newCondition--condBaseQty","interaction":{"idSuffix":"inner"}},"wdio_ui5_key":"applicationmanageconditionprice-display-component---newCondition--condBaseQty"}]}
COMMAND: GET /session/333f20024c3fd35bde10af9d02cc2546/screenshot - {}
RESULT: {"script":"<script> [1562 bytes]","args":[{"selector":{"id":"application-manageconditionprice-display-component---newCondition--condBaseQty","interaction":{"idSuffix":"inner"}},"wdio_ui5_key":"applicationmanageconditionprice-display-component---newCondition--condBaseQty"}]}
RESULT: undefined
COMMAND: POST /session/333f20024c3fd35bde10af9d02cc2546/execute/async - {"script":"<script> [776 bytes]","args":[{"enterText":"1","selector":{"id":"application-manageconditionprice-display-component---newCondition--condBaseQty","interaction":{"idSuffix":"inner"}},"clearTextFirst":true,"interactionType":"ENTER_TEXT"}]}
RESULT: {}
RESULT: {"script":"<script> [776 bytes]","args":[{"enterText":"1","selector":{"id":"application-manageconditionprice-display-component---newCondition--condBaseQty","interaction":{"idSuffix":"inner"}},"clearTextFirst":true,"interactionType":"ENTER_TEXT"}]}
COMMAND: POST /session/333f20024c3fd35bde10af9d02cc2546/execute/async - {"script":"<script> [1562 bytes]","args":[{"selector":{"id":"application-manageconditionprice-display-component---newCondition--condValue","interaction":{"idSuffix":"inner"}},"wdio_ui5_key":"applicationmanageconditionprice-display-component---newCondition--condValue"}]}
RESULT: {"script":"<script> [1562 bytes]","args":[{"selector":{"id":"application-manageconditionprice-display-component---newCondition--condValue","interaction":{"idSuffix":"inner"}},"wdio_ui5_key":"applicationmanageconditionprice-display-component---newCondition--condValue"}]}
RESULT: undefined
COMMAND: POST /session/333f20024c3fd35bde10af9d02cc2546/execute/async - {"script":"<script> [776 bytes]","args":[{"enterText":"100.00","selector":{"id":"application-manageconditionprice-display-component---newCondition--condValue","interaction":{"idSuffix":"inner"}},"clearTextFirst":true,"interactionType":"ENTER_TEXT"}]}
RESULT: {"script":"<script> [776 bytes]","args":[{"enterText":"100.00","selector":{"id":"application-manageconditionprice-display-component---newCondition--condValue","interaction":{"idSuffix":"inner"}},"clearTextFirst":true,"interactionType":"ENTER_TEXT"}]}
COMMAND: POST /session/333f20024c3fd35bde10af9d02cc2546/execute/async - {"script":"<script> [1562 bytes]","args":[{"selector":{"id":"application-manageconditionprice-display-component---newCondition--condCurr-arrow"},"wdio_ui5_key":"applicationmanageconditionprice-display-component---newCondition--condCurr-arrow"}]}
RESULT: {"script":"<script> [1562 bytes]","args":[{"selector":{"id":"application-manageconditionprice-display-component---newCondition--condCurr-arrow"},"wdio_ui5_key":"applicationmanageconditionprice-display-component---newCondition--condCurr-arrow"}]}
RESULT: undefined
COMMAND: POST /session/333f20024c3fd35bde10af9d02cc2546/element - {"using":"xpath","value":"//*[@id=\"application-manageconditionprice-display-component---newCondition--condCurr-arrow\"]"}
RESULT: {"using":"xpath","value":"//*[@id=\"application-manageconditionprice-display-component---newCondition--condCurr-arrow\"]"}
COMMAND: POST /session/333f20024c3fd35bde10af9d02cc2546/element/f.31E86CD389CF42DC451BE2E66032817C.d.AC32B9026DEB32FE26132D63E4209E98.e.6488/click - {}
RESULT: {}
COMMAND: POST /session/333f20024c3fd35bde10af9d02cc2546/element - {"using":"xpath","value":"//span[contains(text(), \"Euro\")]"}
COMMAND: GET /session/333f20024c3fd35bde10af9d02cc2546/screenshot - {}
RESULT: {"using":"xpath","value":"//span[contains(text(), \"Euro\")]"}
COMMAND: POST /session/333f20024c3fd35bde10af9d02cc2546/element/f.31E86CD389CF42DC451BE2E66032817C.d.AC32B9026DEB32FE26132D63E4209E98.e.6560/click - {}
RESULT: {}
RESULT: {}
COMMAND: POST /session/333f20024c3fd35bde10af9d02cc2546/element - {"using":"xpath","value":"//button[@data-kt=\"saveButton\"]"}
COMMAND: GET /session/333f20024c3fd35bde10af9d02cc2546/screenshot - {}
RESULT: {"using":"xpath","value":"//button[@data-kt=\"saveButton\"]"}
COMMAND: POST /session/333f20024c3fd35bde10af9d02cc2546/element/f.31E86CD389CF42DC451BE2E66032817C.d.AC32B9026DEB32FE26132D63E4209E98.e.6489/click - {}
RESULT: {}
RESULT: {}
COMMAND: GET /session/333f20024c3fd35bde10af9d02cc2546/screenshot - {}
RESULT: {}
COMMAND: POST /session/333f20024c3fd35bde10af9d02cc2546/execute/async - {"script":"<script> [1562 bytes]","args":[{"selector":{"id":"application-manageconditionprice-display-component---conditions--smartFilterBar-btnBasicSearch","interaction":{"idSuffix":"I"}},"wdio_ui5_key":"applicationmanageconditionprice-display-component---conditions--smartFilterBar-btnBasicSearch"}]}
RESULT: {"script":"<script> [1562 bytes]","args":[{"selector":{"id":"application-manageconditionprice-display-component---conditions--smartFilterBar-btnBasicSearch","interaction":{"idSuffix":"I"}},"wdio_ui5_key":"applicationmanageconditionprice-display-component---conditions--smartFilterBar-btnBasicSearch"}]}
RESULT: undefined
COMMAND: POST /session/333f20024c3fd35bde10af9d02cc2546/execute/async - {"script":"<script> [776 bytes]","args":[{"enterText":"200098","selector":{"id":"application-manageconditionprice-display-component---conditions--smartFilterBar-btnBasicSearch","interaction":{"idSuffix":"I"}},"clearTextFirst":true,"interactionType":"ENTER_TEXT"}]}
RESULT: {"script":"<script> [776 bytes]","args":[{"enterText":"200098","selector":{"id":"application-manageconditionprice-display-component---conditions--smartFilterBar-btnBasicSearch","interaction":{"idSuffix":"I"}},"clearTextFirst":true,"interactionType":"ENTER_TEXT"}]}
COMMAND: POST /session/333f20024c3fd35bde10af9d02cc2546/actions - {"actions":[{"id":"action27","type":"key","parameters":{},"actions":[{"type":"keyDown","value":""},{"type":"pause","duration":10},{"type":"keyUp","value":""}]}]}
RESULT: {"actions":[{"id":"action27","type":"key","parameters":{},"actions":[{"type":"keyDown","value":""},{"type":"pause","duration":10},{"type":"keyUp","value":""}]}]}
COMMAND: GET /session/333f20024c3fd35bde10af9d02cc2546/screenshot - {}
RESULT: {}
COMMAND: POST /session/333f20024c3fd35bde10af9d02cc2546/execute/async - {"script":"<script> [1562 bytes]","args":[{"selector":{"id":"application-manageconditionprice-display-component---conditions--smartFilterBar-filterItemControl_BASIC-BILL_TYPES-vhi"},"wdio_ui5_key":"applicationmanageconditionprice-display-component---conditions--smartFilterBar-filterItemControl_BASIC-BILL_TYPES-vhi"}]}
RESULT: {"script":"<script> [1562 bytes]","args":[{"selector":{"id":"application-manageconditionprice-display-component---conditions--smartFilterBar-filterItemControl_BASIC-BILL_TYPES-vhi"},"wdio_ui5_key":"applicationmanageconditionprice-display-component---conditions--smartFilterBar-filterItemControl_BASIC-BILL_TYPES-vhi"}]}
RESULT: undefined
COMMAND: POST /session/333f20024c3fd35bde10af9d02cc2546/element - {"using":"xpath","value":"//*[@id=\"application-manageconditionprice-display-component---conditions--smartFilterBar-filterItemControl_BASIC-BILL_TYPES-vhi\"]"}
RESULT: {"using":"xpath","value":"//*[@id=\"application-manageconditionprice-display-component---conditions--smartFilterBar-filterItemControl_BASIC-BILL_TYPES-vhi\"]"}
COMMAND: POST /session/333f20024c3fd35bde10af9d02cc2546/element/f.31E86CD389CF42DC451BE2E66032817C.d.AC32B9026DEB32FE26132D63E4209E98.e.6576/click - {}
RESULT: {}
COMMAND: POST /session/333f20024c3fd35bde10af9d02cc2546/execute/async - {"script":"<script> [1562 bytes]","args":[{"selector":{"id":"application-manageconditionprice-display-component---conditions--smartFilterBar-filterItemControl_BASIC-BILL_TYPES-valueHelpDialog-smartFilterBar-btnBasicSearch","searchOpenDialogs":true,"interaction":{"idSuffix":"I"}},"wdio_ui5_key":"applicationmanageconditionprice-display-component---conditions--smartFilterBar-filterItemControl_BASIC-BILL_TYPES-valueHelpDialog-smartFilterBar-btnBasicSearch"}]}
COMMAND: GET /session/333f20024c3fd35bde10af9d02cc2546/screenshot - {}
RESULT: {"script":"<script> [1562 bytes]","args":[{"selector":{"id":"application-manageconditionprice-display-component---conditions--smartFilterBar-filterItemControl_BASIC-BILL_TYPES-valueHelpDialog-smartFilterBar-btnBasicSearch","searchOpenDialogs":true,"interaction":{"idSuffix":"I"}},"wdio_ui5_key":"applicationmanageconditionprice-display-component---conditions--smartFilterBar-filterItemControl_BASIC-BILL_TYPES-valueHelpDialog-smartFilterBar-btnBasicSearch"}]}
RESULT: undefined
COMMAND: POST /session/333f20024c3fd35bde10af9d02cc2546/execute/async - {"script":"<script> [776 bytes]","args":[{"enterText":"one","selector":{"id":"application-manageconditionprice-display-component---conditions--smartFilterBar-filterItemControl_BASIC-BILL_TYPES-valueHelpDialog-smartFilterBar-btnBasicSearch","searchOpenDialogs":true,"interaction":{"idSuffix":"I"}},"clearTextFirst":true,"interactionType":"ENTER_TEXT"}]}
RESULT: {}
RESULT: {"script":"<script> [776 bytes]","args":[{"enterText":"one","selector":{"id":"application-manageconditionprice-display-component---conditions--smartFilterBar-filterItemControl_BASIC-BILL_TYPES-valueHelpDialog-smartFilterBar-btnBasicSearch","searchOpenDialogs":true,"interaction":{"idSuffix":"I"}},"clearTextFirst":true,"interactionType":"ENTER_TEXT"}]}
COMMAND: POST /session/333f20024c3fd35bde10af9d02cc2546/actions - {"actions":[{"id":"action28","type":"key","parameters":{},"actions":[{"type":"keyDown","value":""},{"type":"pause","duration":10},{"type":"keyUp","value":""}]}]}
RESULT: {"actions":[{"id":"action28","type":"key","parameters":{},"actions":[{"type":"keyDown","value":""},{"type":"pause","duration":10},{"type":"keyUp","value":""}]}]}
COMMAND: GET /session/333f20024c3fd35bde10af9d02cc2546/screenshot - {}
RESULT: {}
COMMAND: POST /session/333f20024c3fd35bde10af9d02cc2546/element - {"using":"xpath","value":"//div[contains(@id, 'application-manageconditionprice-display-component---conditions--smartFilterBar-filterItemControl_BASIC-BILL_TYPES-valueHelpDialog-table-rowsel0')]"}
RESULT: {"using":"xpath","value":"//div[contains(@id, 'application-manageconditionprice-display-component---conditions--smartFilterBar-filterItemControl_BASIC-BILL_TYPES-valueHelpDialog-table-rowsel0')]"}
COMMAND: POST /session/333f20024c3fd35bde10af9d02cc2546/element/f.31E86CD389CF42DC451BE2E66032817C.d.AC32B9026DEB32FE26132D63E4209E98.e.6584/click - {}
RESULT: {}
COMMAND: GET /session/333f20024c3fd35bde10af9d02cc2546/screenshot - {}
RESULT: {}
COMMAND: POST /session/333f20024c3fd35bde10af9d02cc2546/element - {"using":"xpath","value":"//bdi[contains(text(), \"OK\")]"}
RESULT: {"using":"xpath","value":"//bdi[contains(text(), \"OK\")]"}
COMMAND: POST /session/333f20024c3fd35bde10af9d02cc2546/element/f.31E86CD389CF42DC451BE2E66032817C.d.AC32B9026DEB32FE26132D63E4209E98.e.6586/click - {}
RESULT: {}
COMMAND: GET /session/333f20024c3fd35bde10af9d02cc2546/screenshot - {}
RESULT: {}
COMMAND: POST /session/333f20024c3fd35bde10af9d02cc2546/element - {"using":"xpath","value":"//span[@id=\"application-manageconditionprice-display-component---conditions--smartTable-header-inner\"]"}
RESULT: {"using":"xpath","value":"//span[@id=\"application-manageconditionprice-display-component---conditions--smartTable-header-inner\"]"}
COMMAND: POST /session/333f20024c3fd35bde10af9d02cc2546/elements - {"using":"xpath","value":"//span[@id=\"application-manageconditionprice-display-component---conditions--smartTable-header-inner\"]"}
RESULT: {"using":"xpath","value":"//span[@id=\"application-manageconditionprice-display-component---conditions--smartTable-header-inner\"]"}
COMMAND: POST /session/333f20024c3fd35bde10af9d02cc2546/execute/sync - {"script":"<script> [56 bytes]","args":[{"element-6066-11e4-a52e-4f735466cecf":"f.31E86CD389CF42DC451BE2E66032817C.d.AC32B9026DEB32FE26132D63E4209E98.e.6589","ELEMENT":"f.31E86CD389CF42DC451BE2E66032817C.d.AC32B9026DEB32FE26132D63E4209E98.e.6589"}]}
RESULT: {"script":"<script> [56 bytes]","args":[{"element-6066-11e4-a52e-4f735466cecf":"f.31E86CD389CF42DC451BE2E66032817C.d.AC32B9026DEB32FE26132D63E4209E98.e.6589","ELEMENT":"f.31E86CD389CF42DC451BE2E66032817C.d.AC32B9026DEB32FE26132D63E4209E98.e.6589"}]}
COMMAND: POST /session/333f20024c3fd35bde10af9d02cc2546/element - {"using":"css selector","value":"#shell-header-logo"}
COMMAND: GET /session/333f20024c3fd35bde10af9d02cc2546/screenshot - {}
RESULT: {"using":"css selector","value":"#shell-header-logo"}
COMMAND: POST /session/333f20024c3fd35bde10af9d02cc2546/element/f.31E86CD389CF42DC451BE2E66032817C.d.AC32B9026DEB32FE26132D63E4209E98.e.6302/click - {}
RESULT: {}
RESULT: {}
COMMAND: GET /session/333f20024c3fd35bde10af9d02cc2546/screenshot - {}
RESULT: {}
]]></system-out>
    </testcase>
    <testcase classname="chrome.136_0_7103_93.windows.US134625_Set_up_price_condition_-_one_time" name="Should create a new contract" time="71.381">
      <system-out><![CDATA[
COMMAND: POST /session/333f20024c3fd35bde10af9d02cc2546/execute/async - {"script":"<script> [1562 bytes]","args":[{"selector":{"controlType":"sap.m.GenericTile","properties":{"header":"Manage Contracts"}},"wdio_ui5_key":"sapm.GenericTile{\"header\":\"Manage Contracts\"}"}]}
RESULT: {"script":"<script> [1562 bytes]","args":[{"selector":{"controlType":"sap.m.GenericTile","properties":{"header":"Manage Contracts"}},"wdio_ui5_key":"sapm.GenericTile{\"header\":\"Manage Contracts\"}"}]}
RESULT: undefined
COMMAND: POST /session/333f20024c3fd35bde10af9d02cc2546/element - {"using":"xpath","value":"//*[@id=\"__tile132\"]"}
RESULT: {"using":"xpath","value":"//*[@id=\"__tile132\"]"}
COMMAND: POST /session/333f20024c3fd35bde10af9d02cc2546/element/f.31E86CD389CF42DC451BE2E66032817C.d.AC32B9026DEB32FE26132D63E4209E98.e.5462/click - {}
RESULT: {}
COMMAND: GET /session/333f20024c3fd35bde10af9d02cc2546/screenshot - {}
RESULT: {}
COMMAND: POST /session/333f20024c3fd35bde10af9d02cc2546/elements - {"using":"xpath","value":"//span[text()='Error']"}
RESULT: {"using":"xpath","value":"//span[text()='Error']"}
COMMAND: POST /session/333f20024c3fd35bde10af9d02cc2546/element - {"using":"xpath","value":"//button[@data-kt=\"addButton\"]"}
RESULT: {"using":"xpath","value":"//button[@data-kt=\"addButton\"]"}
COMMAND: POST /session/333f20024c3fd35bde10af9d02cc2546/elements - {"using":"xpath","value":"//button[@data-kt=\"addButton\"]"}
RESULT: {"using":"xpath","value":"//button[@data-kt=\"addButton\"]"}
COMMAND: POST /session/333f20024c3fd35bde10af9d02cc2546/execute/sync - {"script":"<script> [8489 bytes]","args":[{"element-6066-11e4-a52e-4f735466cecf":"f.31E86CD389CF42DC451BE2E66032817C.d.AC32B9026DEB32FE26132D63E4209E98.e.6643","ELEMENT":"f.31E86CD389CF42DC451BE2E66032817C.d.AC32B9026DEB32FE26132D63E4209E98.e.6643"}]}
RESULT: {"script":"<script> [8489 bytes]","args":[{"element-6066-11e4-a52e-4f735466cecf":"f.31E86CD389CF42DC451BE2E66032817C.d.AC32B9026DEB32FE26132D63E4209E98.e.6643","ELEMENT":"f.31E86CD389CF42DC451BE2E66032817C.d.AC32B9026DEB32FE26132D63E4209E98.e.6643"}]}
COMMAND: GET /session/333f20024c3fd35bde10af9d02cc2546/element/f.31E86CD389CF42DC451BE2E66032817C.d.AC32B9026DEB32FE26132D63E4209E98.e.6643/enabled - {}
COMMAND: GET /session/333f20024c3fd35bde10af9d02cc2546/screenshot - {}
RESULT: {}
COMMAND: POST /session/333f20024c3fd35bde10af9d02cc2546/execute/sync - {"script":"<script> [8489 bytes]","args":[{"element-6066-11e4-a52e-4f735466cecf":"f.31E86CD389CF42DC451BE2E66032817C.d.AC32B9026DEB32FE26132D63E4209E98.e.6643","ELEMENT":"f.31E86CD389CF42DC451BE2E66032817C.d.AC32B9026DEB32FE26132D63E4209E98.e.6643"}]}
COMMAND: GET /session/333f20024c3fd35bde10af9d02cc2546/screenshot - {}
RESULT: {}
RESULT: {"script":"<script> [8489 bytes]","args":[{"element-6066-11e4-a52e-4f735466cecf":"f.31E86CD389CF42DC451BE2E66032817C.d.AC32B9026DEB32FE26132D63E4209E98.e.6643","ELEMENT":"f.31E86CD389CF42DC451BE2E66032817C.d.AC32B9026DEB32FE26132D63E4209E98.e.6643"}]}
COMMAND: POST /session/333f20024c3fd35bde10af9d02cc2546/execute/sync - {"script":"<script> [5351 bytes]","args":[{"element-6066-11e4-a52e-4f735466cecf":"f.31E86CD389CF42DC451BE2E66032817C.d.AC32B9026DEB32FE26132D63E4209E98.e.6643","ELEMENT":"f.31E86CD389CF42DC451BE2E66032817C.d.AC32B9026DEB32FE26132D63E4209E98.e.6643"}]}
COMMAND: GET /session/333f20024c3fd35bde10af9d02cc2546/screenshot - {}
RESULT: {}
RESULT: {"script":"<script> [5351 bytes]","args":[{"element-6066-11e4-a52e-4f735466cecf":"f.31E86CD389CF42DC451BE2E66032817C.d.AC32B9026DEB32FE26132D63E4209E98.e.6643","ELEMENT":"f.31E86CD389CF42DC451BE2E66032817C.d.AC32B9026DEB32FE26132D63E4209E98.e.6643"}]}
COMMAND: GET /session/333f20024c3fd35bde10af9d02cc2546/screenshot - {}
RESULT: {}
RESULT: {}
COMMAND: POST /session/333f20024c3fd35bde10af9d02cc2546/element/f.31E86CD389CF42DC451BE2E66032817C.d.AC32B9026DEB32FE26132D63E4209E98.e.6643/click - {}
RESULT: {}
COMMAND: GET /session/333f20024c3fd35bde10af9d02cc2546/screenshot - {}
RESULT: {}
COMMAND: POST /session/333f20024c3fd35bde10af9d02cc2546/execute/async - {"script":"<script> [1562 bytes]","args":[{"selector":{"id":"application-managecontracts-display-component---AddNewContract--projectDescription","interaction":{"idSuffix":"inner"}},"wdio_ui5_key":"applicationmanagecontracts-display-component---AddNewContract--projectDescription"}]}
RESULT: {"script":"<script> [1562 bytes]","args":[{"selector":{"id":"application-managecontracts-display-component---AddNewContract--projectDescription","interaction":{"idSuffix":"inner"}},"wdio_ui5_key":"applicationmanagecontracts-display-component---AddNewContract--projectDescription"}]}
RESULT: undefined
COMMAND: POST /session/333f20024c3fd35bde10af9d02cc2546/execute/async - {"script":"<script> [776 bytes]","args":[{"enterText":"Intercompany Contract WDIO","selector":{"id":"application-managecontracts-display-component---AddNewContract--projectDescription","interaction":{"idSuffix":"inner"}},"clearTextFirst":true,"interactionType":"ENTER_TEXT"}]}
RESULT: {"script":"<script> [776 bytes]","args":[{"enterText":"Intercompany Contract WDIO","selector":{"id":"application-managecontracts-display-component---AddNewContract--projectDescription","interaction":{"idSuffix":"inner"}},"clearTextFirst":true,"interactionType":"ENTER_TEXT"}]}
COMMAND: POST /session/333f20024c3fd35bde10af9d02cc2546/element - {"using":"xpath","value":"//input[@id=\"application-managecontracts-display-component---AddNewContract--site-inner\"]"}
RESULT: {"using":"xpath","value":"//input[@id=\"application-managecontracts-display-component---AddNewContract--site-inner\"]"}
COMMAND: POST /session/333f20024c3fd35bde10af9d02cc2546/element/f.31E86CD389CF42DC451BE2E66032817C.d.AC32B9026DEB32FE26132D63E4209E98.e.6961/clear - {}
RESULT: {}
COMMAND: POST /session/333f20024c3fd35bde10af9d02cc2546/element/f.31E86CD389CF42DC451BE2E66032817C.d.AC32B9026DEB32FE26132D63E4209E98.e.6961/value - {"text":"2081"}
COMMAND: GET /session/333f20024c3fd35bde10af9d02cc2546/screenshot - {}
RESULT: {"text":"2081"}
COMMAND: GET /session/333f20024c3fd35bde10af9d02cc2546/screenshot - {}
RESULT: {}
RESULT: {}
COMMAND: POST /session/333f20024c3fd35bde10af9d02cc2546/element - {"using":"xpath","value":"//li[.//span[text()='2081']]"}
RESULT: {"using":"xpath","value":"//li[.//span[text()='2081']]"}
COMMAND: POST /session/333f20024c3fd35bde10af9d02cc2546/element/f.31E86CD389CF42DC451BE2E66032817C.d.AC32B9026DEB32FE26132D63E4209E98.e.7043/click - {}
RESULT: {}
COMMAND: GET /session/333f20024c3fd35bde10af9d02cc2546/screenshot - {}
RESULT: {}
COMMAND: POST /session/333f20024c3fd35bde10af9d02cc2546/element - {"using":"xpath","value":"//input[@id=\"application-managecontracts-display-component---AddNewContract--yardId-inner\"]"}
RESULT: {"using":"xpath","value":"//input[@id=\"application-managecontracts-display-component---AddNewContract--yardId-inner\"]"}
COMMAND: GET /session/333f20024c3fd35bde10af9d02cc2546/element/f.31E86CD389CF42DC451BE2E66032817C.d.AC32B9026DEB32FE26132D63E4209E98.e.6962/property/value - {}
RESULT: {}
COMMAND: POST /session/333f20024c3fd35bde10af9d02cc2546/element - {"using":"xpath","value":"//input[@id=\"application-managecontracts-display-component---AddNewContract--customerSelect-inner\"]"}
COMMAND: GET /session/333f20024c3fd35bde10af9d02cc2546/screenshot - {}
RESULT: {"using":"xpath","value":"//input[@id=\"application-managecontracts-display-component---AddNewContract--customerSelect-inner\"]"}
COMMAND: POST /session/333f20024c3fd35bde10af9d02cc2546/element/f.31E86CD389CF42DC451BE2E66032817C.d.AC32B9026DEB32FE26132D63E4209E98.e.6960/clear - {}
RESULT: {}
RESULT: {}
COMMAND: POST /session/333f20024c3fd35bde10af9d02cc2546/element/f.31E86CD389CF42DC451BE2E66032817C.d.AC32B9026DEB32FE26132D63E4209E98.e.6960/value - {"text":"1081"}
COMMAND: GET /session/333f20024c3fd35bde10af9d02cc2546/screenshot - {}
RESULT: {"text":"1081"}
COMMAND: GET /session/333f20024c3fd35bde10af9d02cc2546/screenshot - {}
RESULT: {}
RESULT: {}
COMMAND: POST /session/333f20024c3fd35bde10af9d02cc2546/element - {"using":"xpath","value":"//li[.//span[text()='1081']]"}
RESULT: {"using":"xpath","value":"//li[.//span[text()='1081']]"}
COMMAND: POST /session/333f20024c3fd35bde10af9d02cc2546/element/f.31E86CD389CF42DC451BE2E66032817C.d.AC32B9026DEB32FE26132D63E4209E98.e.7046/click - {}
RESULT: {}
COMMAND: GET /session/333f20024c3fd35bde10af9d02cc2546/screenshot - {}
RESULT: {}
COMMAND: POST /session/333f20024c3fd35bde10af9d02cc2546/element - {"using":"xpath","value":"//button[@data-kt=\"saveButton\"]"}
RESULT: {"using":"xpath","value":"//button[@data-kt=\"saveButton\"]"}
COMMAND: POST /session/333f20024c3fd35bde10af9d02cc2546/element/f.31E86CD389CF42DC451BE2E66032817C.d.AC32B9026DEB32FE26132D63E4209E98.e.7035/click - {}
RESULT: {}
COMMAND: GET /session/333f20024c3fd35bde10af9d02cc2546/screenshot - {}
RESULT: {}
COMMAND: POST /session/333f20024c3fd35bde10af9d02cc2546/element - {"using":"xpath","value":"//span[contains(@id ,\"contractDetailTitleNoExpanded\")]"}
RESULT: {"using":"xpath","value":"//span[contains(@id ,\"contractDetailTitleNoExpanded\")]"}
COMMAND: POST /session/333f20024c3fd35bde10af9d02cc2546/elements - {"using":"xpath","value":"//span[contains(@id ,\"contractDetailTitleNoExpanded\")]"}
RESULT: {"using":"xpath","value":"//span[contains(@id ,\"contractDetailTitleNoExpanded\")]"}
COMMAND: POST /session/333f20024c3fd35bde10af9d02cc2546/execute/sync - {"script":"<script> [56 bytes]","args":[{"element-6066-11e4-a52e-4f735466cecf":"f.31E86CD389CF42DC451BE2E66032817C.d.AC32B9026DEB32FE26132D63E4209E98.e.7119","ELEMENT":"f.31E86CD389CF42DC451BE2E66032817C.d.AC32B9026DEB32FE26132D63E4209E98.e.7119"}]}
RESULT: {"script":"<script> [56 bytes]","args":[{"element-6066-11e4-a52e-4f735466cecf":"f.31E86CD389CF42DC451BE2E66032817C.d.AC32B9026DEB32FE26132D63E4209E98.e.7119","ELEMENT":"f.31E86CD389CF42DC451BE2E66032817C.d.AC32B9026DEB32FE26132D63E4209E98.e.7119"}]}
COMMAND: GET /session/333f20024c3fd35bde10af9d02cc2546/screenshot - {}
RESULT: {}
]]></system-out>
    </testcase>
    <testcase classname="chrome.136_0_7103_93.windows.US134625_Set_up_price_condition_-_one_time" name="Should add the material to the contract" time="55.236">
      <system-out><![CDATA[
COMMAND: POST /session/333f20024c3fd35bde10af9d02cc2546/element - {"using":"xpath","value":"//button[@data-kt=\"contractDetailEditBtnButton\"]"}
RESULT: {"using":"xpath","value":"//button[@data-kt=\"contractDetailEditBtnButton\"]"}
COMMAND: POST /session/333f20024c3fd35bde10af9d02cc2546/element/f.31E86CD389CF42DC451BE2E66032817C.d.AC32B9026DEB32FE26132D63E4209E98.e.7121/click - {}
RESULT: {}
COMMAND: GET /session/333f20024c3fd35bde10af9d02cc2546/screenshot - {}
RESULT: {}
COMMAND: POST /session/333f20024c3fd35bde10af9d02cc2546/element - {"using":"xpath","value":"(//span[contains(text(), \"Additional Addresses\")])[2]"}
RESULT: {"using":"xpath","value":"(//span[contains(text(), \"Additional Addresses\")])[2]"}
COMMAND: POST /session/333f20024c3fd35bde10af9d02cc2546/element/f.31E86CD389CF42DC451BE2E66032817C.d.AC32B9026DEB32FE26132D63E4209E98.e.7179/click - {}
RESULT: {}
COMMAND: GET /session/333f20024c3fd35bde10af9d02cc2546/screenshot - {}
RESULT: {}
COMMAND: POST /session/333f20024c3fd35bde10af9d02cc2546/element - {"using":"xpath","value":"//button[@data-kt=\"btnAddTableRowOverflowToolbarButton\"]"}
RESULT: {"using":"xpath","value":"//button[@data-kt=\"btnAddTableRowOverflowToolbarButton\"]"}
COMMAND: POST /session/333f20024c3fd35bde10af9d02cc2546/element/f.31E86CD389CF42DC451BE2E66032817C.d.AC32B9026DEB32FE26132D63E4209E98.e.7182/click - {}
RESULT: {}
COMMAND: GET /session/333f20024c3fd35bde10af9d02cc2546/screenshot - {}
RESULT: {}
COMMAND: POST /session/333f20024c3fd35bde10af9d02cc2546/element - {"using":"xpath","value":"//div[(text() = 'Standard Entry' or . = 'Standard Entry')]"}
RESULT: {"using":"xpath","value":"//div[(text() = 'Standard Entry' or . = 'Standard Entry')]"}
COMMAND: POST /session/333f20024c3fd35bde10af9d02cc2546/element/f.31E86CD389CF42DC451BE2E66032817C.d.AC32B9026DEB32FE26132D63E4209E98.e.7184/click - {}
RESULT: {}
COMMAND: GET /session/333f20024c3fd35bde10af9d02cc2546/screenshot - {}
RESULT: {}
COMMAND: POST /session/333f20024c3fd35bde10af9d02cc2546/element - {"using":"xpath","value":"//td[6]/div/div/div/span"}
RESULT: {"using":"xpath","value":"//td[6]/div/div/div/span"}
COMMAND: POST /session/333f20024c3fd35bde10af9d02cc2546/element/f.31E86CD389CF42DC451BE2E66032817C.d.AC32B9026DEB32FE26132D63E4209E98.e.7196/click - {}
RESULT: {}
COMMAND: GET /session/333f20024c3fd35bde10af9d02cc2546/screenshot - {}
RESULT: {}
COMMAND: POST /session/333f20024c3fd35bde10af9d02cc2546/element - {"using":"xpath","value":"(//span[contains(text(), \"Material\")])"}
RESULT: {"using":"xpath","value":"(//span[contains(text(), \"Material\")])"}
COMMAND: POST /session/333f20024c3fd35bde10af9d02cc2546/element/f.31E86CD389CF42DC451BE2E66032817C.d.AC32B9026DEB32FE26132D63E4209E98.e.7197/click - {}
RESULT: {}
COMMAND: GET /session/333f20024c3fd35bde10af9d02cc2546/screenshot - {}
RESULT: {}
COMMAND: POST /session/333f20024c3fd35bde10af9d02cc2546/element - {"using":"xpath","value":"//td[7]/div/div/input"}
RESULT: {"using":"xpath","value":"//td[7]/div/div/input"}
COMMAND: POST /session/333f20024c3fd35bde10af9d02cc2546/element/f.31E86CD389CF42DC451BE2E66032817C.d.AC32B9026DEB32FE26132D63E4209E98.e.7201/clear - {}
RESULT: {}
COMMAND: POST /session/333f20024c3fd35bde10af9d02cc2546/element/f.31E86CD389CF42DC451BE2E66032817C.d.AC32B9026DEB32FE26132D63E4209E98.e.7201/value - {"text":"200098"}
COMMAND: GET /session/333f20024c3fd35bde10af9d02cc2546/screenshot - {}
RESULT: {"text":"200098"}
COMMAND: GET /session/333f20024c3fd35bde10af9d02cc2546/screenshot - {}
RESULT: {}
RESULT: {}
COMMAND: POST /session/333f20024c3fd35bde10af9d02cc2546/actions - {"actions":[{"id":"action29","type":"key","parameters":{},"actions":[{"type":"keyDown","value":""},{"type":"pause","duration":10},{"type":"keyUp","value":""}]}]}
RESULT: {"actions":[{"id":"action29","type":"key","parameters":{},"actions":[{"type":"keyDown","value":""},{"type":"pause","duration":10},{"type":"keyUp","value":""}]}]}
COMMAND: GET /session/333f20024c3fd35bde10af9d02cc2546/screenshot - {}
RESULT: {}
COMMAND: POST /session/333f20024c3fd35bde10af9d02cc2546/execute/sync - {"script":"<script> [276 bytes]","args":["No pricing information was found"]}
RESULT: {"script":"<script> [276 bytes]","args":["No pricing information was found"]}
COMMAND: POST /session/333f20024c3fd35bde10af9d02cc2546/element - {"using":"xpath","value":"(//button[@data-kt=\"saveButton\"])[2]"}
COMMAND: GET /session/333f20024c3fd35bde10af9d02cc2546/screenshot - {}
RESULT: {"using":"xpath","value":"(//button[@data-kt=\"saveButton\"])[2]"}
COMMAND: POST /session/333f20024c3fd35bde10af9d02cc2546/element/f.31E86CD389CF42DC451BE2E66032817C.d.AC32B9026DEB32FE26132D63E4209E98.e.7224/click - {}
RESULT: {}
RESULT: {}
COMMAND: GET /session/333f20024c3fd35bde10af9d02cc2546/screenshot - {}
RESULT: {}
COMMAND: POST /session/333f20024c3fd35bde10af9d02cc2546/execute/sync - {"script":"<script> [276 bytes]","args":["Some contract items are having rental validity exceeding header rental validity"]}
RESULT: {"script":"<script> [276 bytes]","args":["Some contract items are having rental validity exceeding header rental validity"]}
COMMAND: GET /session/333f20024c3fd35bde10af9d02cc2546/screenshot - {}
RESULT: {}
COMMAND: POST /session/333f20024c3fd35bde10af9d02cc2546/element - {"using":"xpath","value":"//span[contains(@id ,\"contractItemsSmartTable-header-inner\")]"}
RESULT: {"using":"xpath","value":"//span[contains(@id ,\"contractItemsSmartTable-header-inner\")]"}
COMMAND: POST /session/333f20024c3fd35bde10af9d02cc2546/elements - {"using":"xpath","value":"//span[contains(@id ,\"contractItemsSmartTable-header-inner\")]"}
RESULT: {"using":"xpath","value":"//span[contains(@id ,\"contractItemsSmartTable-header-inner\")]"}
COMMAND: POST /session/333f20024c3fd35bde10af9d02cc2546/execute/sync - {"script":"<script> [56 bytes]","args":[{"element-6066-11e4-a52e-4f735466cecf":"f.31E86CD389CF42DC451BE2E66032817C.d.AC32B9026DEB32FE26132D63E4209E98.e.7230","ELEMENT":"f.31E86CD389CF42DC451BE2E66032817C.d.AC32B9026DEB32FE26132D63E4209E98.e.7230"}]}
RESULT: {"script":"<script> [56 bytes]","args":[{"element-6066-11e4-a52e-4f735466cecf":"f.31E86CD389CF42DC451BE2E66032817C.d.AC32B9026DEB32FE26132D63E4209E98.e.7230","ELEMENT":"f.31E86CD389CF42DC451BE2E66032817C.d.AC32B9026DEB32FE26132D63E4209E98.e.7230"}]}
]]></system-out>
    </testcase>
    <testcase classname="chrome.136_0_7103_93.windows.US134625_Set_up_price_condition_-_one_time" name="Should verify the bill item creation and pricing condition" time="14.109">
      <system-out><![CDATA[
COMMAND: POST /session/333f20024c3fd35bde10af9d02cc2546/execute/async - {"script":"<script> [1562 bytes]","args":[{"selector":{"controlType":"sap.ui.core.Icon","viewName":"etm.portal.ui.managecontracts.view.Detail","properties":{"src":{"regex":{"source":"slim\\-arrow\\-right"}}}},"wdio_ui5_key":"etmportal.ui.managecontracts.view.Detailsap.ui.core.Icon{\"src\":{\"regex\":{\"source\":\"slim\\\\-arrow\\\\-right\"}}}"}]}
COMMAND: GET /session/333f20024c3fd35bde10af9d02cc2546/screenshot - {}
RESULT: {}
RESULT: {"script":"<script> [1562 bytes]","args":[{"selector":{"controlType":"sap.ui.core.Icon","viewName":"etm.portal.ui.managecontracts.view.Detail","properties":{"src":{"regex":{"source":"slim\\-arrow\\-right"}}}},"wdio_ui5_key":"etmportal.ui.managecontracts.view.Detailsap.ui.core.Icon{\"src\":{\"regex\":{\"source\":\"slim\\\\-arrow\\\\-right\"}}}"}]}
RESULT: undefined
COMMAND: POST /session/333f20024c3fd35bde10af9d02cc2546/element - {"using":"xpath","value":"//*[@id=\"__item932-__clone2218-imgNav\"]"}
RESULT: {"using":"xpath","value":"//*[@id=\"__item932-__clone2218-imgNav\"]"}
COMMAND: POST /session/333f20024c3fd35bde10af9d02cc2546/element/f.31E86CD389CF42DC451BE2E66032817C.d.AC32B9026DEB32FE26132D63E4209E98.e.7231/click - {}
RESULT: {}
COMMAND: GET /session/333f20024c3fd35bde10af9d02cc2546/screenshot - {}
COMMAND: POST /session/333f20024c3fd35bde10af9d02cc2546/execute/async - {"script":"<script> [1562 bytes]","args":[{"selector":{"controlType":"sap.m.Text","viewName":"etm.portal.ui.managecontracts.view.BillingItem","viewId":"application-managecontracts-display-component---BillingItem","bindingPath":{"propertyPath":"LINK_TO_C_BILL_TYPES/DESCRIPTION"}},"wdio_ui5_key":"etmportal.ui.managecontracts.view.BillingItemsap.m.Text{\"propertyPath\":\"LINK_TO_C_BILL_TYPES/DESCRIPTION\"}"}]}
RESULT: {}
RESULT: {"script":"<script> [1562 bytes]","args":[{"selector":{"controlType":"sap.m.Text","viewName":"etm.portal.ui.managecontracts.view.BillingItem","viewId":"application-managecontracts-display-component---BillingItem","bindingPath":{"propertyPath":"LINK_TO_C_BILL_TYPES/DESCRIPTION"}},"wdio_ui5_key":"etmportal.ui.managecontracts.view.BillingItemsap.m.Text{\"propertyPath\":\"LINK_TO_C_BILL_TYPES/DESCRIPTION\"}"}]}
RESULT: undefined
COMMAND: POST /session/333f20024c3fd35bde10af9d02cc2546/execute/async - {"script":"<script> [6424 bytes]","args":[{"element-6066-11e4-a52e-4f735466cecf":"f.31E86CD389CF42DC451BE2E66032817C.d.AC32B9026DEB32FE26132D63E4209E98.e.7277"},"getText",[]]}
RESULT: {"script":"<script> [6424 bytes]","args":[{"element-6066-11e4-a52e-4f735466cecf":"f.31E86CD389CF42DC451BE2E66032817C.d.AC32B9026DEB32FE26132D63E4209E98.e.7277"},"getText",[]]}
COMMAND: POST /session/333f20024c3fd35bde10af9d02cc2546/execute/async - {"script":"<script> [1562 bytes]","args":[{"selector":{"controlType":"sap.m.ObjectNumber","viewName":"etm.portal.ui.managecontracts.view.BillingItem","viewId":"application-managecontracts-display-component---BillingItem","bindingPath":{"propertyPath":"BASE_PRICE"}},"wdio_ui5_key":"etmportal.ui.managecontracts.view.BillingItemsap.m.ObjectNumber{\"propertyPath\":\"BASE_PRICE\"}"}]}
RESULT: {"script":"<script> [1562 bytes]","args":[{"selector":{"controlType":"sap.m.ObjectNumber","viewName":"etm.portal.ui.managecontracts.view.BillingItem","viewId":"application-managecontracts-display-component---BillingItem","bindingPath":{"propertyPath":"BASE_PRICE"}},"wdio_ui5_key":"etmportal.ui.managecontracts.view.BillingItemsap.m.ObjectNumber{\"propertyPath\":\"BASE_PRICE\"}"}]}
RESULT: undefined
COMMAND: POST /session/333f20024c3fd35bde10af9d02cc2546/execute/async - {"script":"<script> [6424 bytes]","args":[{"element-6066-11e4-a52e-4f735466cecf":"f.31E86CD389CF42DC451BE2E66032817C.d.AC32B9026DEB32FE26132D63E4209E98.e.7278"},"getNumber",[]]}
RESULT: {"script":"<script> [6424 bytes]","args":[{"element-6066-11e4-a52e-4f735466cecf":"f.31E86CD389CF42DC451BE2E66032817C.d.AC32B9026DEB32FE26132D63E4209E98.e.7278"},"getNumber",[]]}
COMMAND: POST /session/333f20024c3fd35bde10af9d02cc2546/execute/async - {"script":"<script> [1562 bytes]","args":[{"selector":{"controlType":"sap.m.ObjectNumber","viewName":"etm.portal.ui.managecontracts.view.BillingItem","viewId":"application-managecontracts-display-component---BillingItem","bindingPath":{"propertyPath":"BASE_QUANTITY"}},"wdio_ui5_key":"etmportal.ui.managecontracts.view.BillingItemsap.m.ObjectNumber{\"propertyPath\":\"BASE_QUANTITY\"}"}]}
RESULT: {"script":"<script> [1562 bytes]","args":[{"selector":{"controlType":"sap.m.ObjectNumber","viewName":"etm.portal.ui.managecontracts.view.BillingItem","viewId":"application-managecontracts-display-component---BillingItem","bindingPath":{"propertyPath":"BASE_QUANTITY"}},"wdio_ui5_key":"etmportal.ui.managecontracts.view.BillingItemsap.m.ObjectNumber{\"propertyPath\":\"BASE_QUANTITY\"}"}]}
RESULT: undefined
COMMAND: POST /session/333f20024c3fd35bde10af9d02cc2546/execute/async - {"script":"<script> [6424 bytes]","args":[{"element-6066-11e4-a52e-4f735466cecf":"f.31E86CD389CF42DC451BE2E66032817C.d.AC32B9026DEB32FE26132D63E4209E98.e.7279"},"getNumber",[]]}
RESULT: {"script":"<script> [6424 bytes]","args":[{"element-6066-11e4-a52e-4f735466cecf":"f.31E86CD389CF42DC451BE2E66032817C.d.AC32B9026DEB32FE26132D63E4209E98.e.7279"},"getNumber",[]]}
COMMAND: DELETE /session/333f20024c3fd35bde10af9d02cc2546 - {}
RESULT: {}
]]></system-out>
    </testcase>
  </testsuite>
</testsuites>