<?xml version="1.0" encoding="UTF-8"?>
<testsuites tests="58" failures="31" errors="31" skipped="0">
  <testsuite timestamp="2025-05-30T17:07:38" time="1043.216" tests="11" failures="5" errors="5" skipped="0">
    <properties>
      <property name="specId" value="0"/>
      <property name="suiteName" value="Billing confirm US117289"/>
      <property name="capabilities" value="chrome.136_0_7103_93.windows"/>
      <property name="file" value="file:///D:/a/1/s/test/specs/BTS/billing-confirm.spec.js"/>
    </properties>
    <testcase classname="chrome.136_0_7103_93.windows.Billing_confirm_US117289" name="Should create a new yard" time="122.416">
      <system-out><![CDATA[
COMMAND: POST /session/19c5ed65dbd52b03c8c783813379e291/window/fullscreen - {}
RESULT: {}
COMMAND: POST /session/19c5ed65dbd52b03c8c783813379e291/execute/async - {"script":"<script> [1562 bytes]","args":[{"selector":{"controlType":"sap.m.GenericTile","properties":{"header":"Manage Yards"}},"wdio_ui5_key":"sapm.GenericTile{\"header\":\"Manage Yards\"}"}]}
RESULT: {"script":"<script> [1562 bytes]","args":[{"selector":{"controlType":"sap.m.GenericTile","properties":{"header":"Manage Yards"}},"wdio_ui5_key":"sapm.GenericTile{\"header\":\"Manage Yards\"}"}]}
RESULT: undefined
COMMAND: POST /session/19c5ed65dbd52b03c8c783813379e291/element - {"using":"xpath","value":"//*[@id=\"__tile41\"]"}
RESULT: {"using":"xpath","value":"//*[@id=\"__tile41\"]"}
COMMAND: POST /session/19c5ed65dbd52b03c8c783813379e291/element/f.1FACEF5F4F0044855A63ECD1C0A7B6EF.d.DF482C0D017F6747EB3589C4400FD2A7.e.168/click - {}
RESULT: {}
COMMAND: GET /session/19c5ed65dbd52b03c8c783813379e291/screenshot - {}
RESULT: {}
COMMAND: POST /session/19c5ed65dbd52b03c8c783813379e291/elements - {"using":"xpath","value":"//span[text()='Error']"}
RESULT: {"using":"xpath","value":"//span[text()='Error']"}
COMMAND: POST /session/19c5ed65dbd52b03c8c783813379e291/element - {"using":"xpath","value":"//button[@data-kt=\"addNewYardOverflowToolbarButton\"]"}
RESULT: {"using":"xpath","value":"//button[@data-kt=\"addNewYardOverflowToolbarButton\"]"}
COMMAND: POST /session/19c5ed65dbd52b03c8c783813379e291/elements - {"using":"xpath","value":"//button[@data-kt=\"addNewYardOverflowToolbarButton\"]"}
RESULT: {"using":"xpath","value":"//button[@data-kt=\"addNewYardOverflowToolbarButton\"]"}
COMMAND: POST /session/19c5ed65dbd52b03c8c783813379e291/elements - {"using":"xpath","value":"//button[@data-kt=\"addNewYardOverflowToolbarButton\"]"}
RESULT: {"using":"xpath","value":"//button[@data-kt=\"addNewYardOverflowToolbarButton\"]"}
COMMAND: POST /session/19c5ed65dbd52b03c8c783813379e291/element - {"using":"xpath","value":"//button[@data-kt=\"addNewYardOverflowToolbarButton\"]"}
RESULT: {"using":"xpath","value":"//button[@data-kt=\"addNewYardOverflowToolbarButton\"]"}
COMMAND: POST /session/19c5ed65dbd52b03c8c783813379e291/execute/sync - {"script":"<script> [8489 bytes]","args":[{"element-6066-11e4-a52e-4f735466cecf":"f.1FACEF5F4F0044855A63ECD1C0A7B6EF.d.DF482C0D017F6747EB3589C4400FD2A7.e.305","ELEMENT":"f.1FACEF5F4F0044855A63ECD1C0A7B6EF.d.DF482C0D017F6747EB3589C4400FD2A7.e.305"}]}
RESULT: {"script":"<script> [8489 bytes]","args":[{"element-6066-11e4-a52e-4f735466cecf":"f.1FACEF5F4F0044855A63ECD1C0A7B6EF.d.DF482C0D017F6747EB3589C4400FD2A7.e.305","ELEMENT":"f.1FACEF5F4F0044855A63ECD1C0A7B6EF.d.DF482C0D017F6747EB3589C4400FD2A7.e.305"}]}
COMMAND: GET /session/19c5ed65dbd52b03c8c783813379e291/element/f.1FACEF5F4F0044855A63ECD1C0A7B6EF.d.DF482C0D017F6747EB3589C4400FD2A7.e.305/enabled - {}
COMMAND: GET /session/19c5ed65dbd52b03c8c783813379e291/screenshot - {}
RESULT: {}
COMMAND: POST /session/19c5ed65dbd52b03c8c783813379e291/execute/sync - {"script":"<script> [8489 bytes]","args":[{"element-6066-11e4-a52e-4f735466cecf":"f.1FACEF5F4F0044855A63ECD1C0A7B6EF.d.DF482C0D017F6747EB3589C4400FD2A7.e.305","ELEMENT":"f.1FACEF5F4F0044855A63ECD1C0A7B6EF.d.DF482C0D017F6747EB3589C4400FD2A7.e.305"}]}
COMMAND: GET /session/19c5ed65dbd52b03c8c783813379e291/screenshot - {}
RESULT: {}
RESULT: {"script":"<script> [8489 bytes]","args":[{"element-6066-11e4-a52e-4f735466cecf":"f.1FACEF5F4F0044855A63ECD1C0A7B6EF.d.DF482C0D017F6747EB3589C4400FD2A7.e.305","ELEMENT":"f.1FACEF5F4F0044855A63ECD1C0A7B6EF.d.DF482C0D017F6747EB3589C4400FD2A7.e.305"}]}
COMMAND: POST /session/19c5ed65dbd52b03c8c783813379e291/execute/sync - {"script":"<script> [5351 bytes]","args":[{"element-6066-11e4-a52e-4f735466cecf":"f.1FACEF5F4F0044855A63ECD1C0A7B6EF.d.DF482C0D017F6747EB3589C4400FD2A7.e.305","ELEMENT":"f.1FACEF5F4F0044855A63ECD1C0A7B6EF.d.DF482C0D017F6747EB3589C4400FD2A7.e.305"}]}
COMMAND: GET /session/19c5ed65dbd52b03c8c783813379e291/screenshot - {}
RESULT: {}
RESULT: {"script":"<script> [5351 bytes]","args":[{"element-6066-11e4-a52e-4f735466cecf":"f.1FACEF5F4F0044855A63ECD1C0A7B6EF.d.DF482C0D017F6747EB3589C4400FD2A7.e.305","ELEMENT":"f.1FACEF5F4F0044855A63ECD1C0A7B6EF.d.DF482C0D017F6747EB3589C4400FD2A7.e.305"}]}
COMMAND: POST /session/19c5ed65dbd52b03c8c783813379e291/element/f.1FACEF5F4F0044855A63ECD1C0A7B6EF.d.DF482C0D017F6747EB3589C4400FD2A7.e.305/click - {}
COMMAND: GET /session/19c5ed65dbd52b03c8c783813379e291/screenshot - {}
RESULT: {}
RESULT: {}
COMMAND: GET /session/19c5ed65dbd52b03c8c783813379e291/screenshot - {}
RESULT: {}
RESULT: {}
COMMAND: POST /session/19c5ed65dbd52b03c8c783813379e291/element - {"using":"xpath","value":"//input[@id=\"application-manageyards-display-component---NewYard--yardId-inner\"]"}
RESULT: {"using":"xpath","value":"//input[@id=\"application-manageyards-display-component---NewYard--yardId-inner\"]"}
COMMAND: POST /session/19c5ed65dbd52b03c8c783813379e291/element - {"using":"xpath","value":"//input[@id=\"application-manageyards-display-component---NewYard--yardId-inner\"]"}
RESULT: {"using":"xpath","value":"//input[@id=\"application-manageyards-display-component---NewYard--yardId-inner\"]"}
COMMAND: POST /session/19c5ed65dbd52b03c8c783813379e291/execute/async - {"script":"<script> [1562 bytes]","args":[{"selector":{"id":"application-manageyards-display-component---NewYard--addressDetailDetailsName1","interaction":{"idSuffix":"inner"}},"wdio_ui5_key":"applicationmanageyards-display-component---NewYard--addressDetailDetailsName1"}]}
RESULT: {"script":"<script> [1562 bytes]","args":[{"selector":{"id":"application-manageyards-display-component---NewYard--addressDetailDetailsName1","interaction":{"idSuffix":"inner"}},"wdio_ui5_key":"applicationmanageyards-display-component---NewYard--addressDetailDetailsName1"}]}
RESULT: undefined
COMMAND: POST /session/19c5ed65dbd52b03c8c783813379e291/execute/async - {"script":"<script> [776 bytes]","args":[{"enterText":"Intracompany Yard wdIO","selector":{"id":"application-manageyards-display-component---NewYard--addressDetailDetailsName1","interaction":{"idSuffix":"inner"}},"clearTextFirst":true,"interactionType":"ENTER_TEXT"}]}
RESULT: {"script":"<script> [776 bytes]","args":[{"enterText":"Intracompany Yard wdIO","selector":{"id":"application-manageyards-display-component---NewYard--addressDetailDetailsName1","interaction":{"idSuffix":"inner"}},"clearTextFirst":true,"interactionType":"ENTER_TEXT"}]}
COMMAND: POST /session/19c5ed65dbd52b03c8c783813379e291/execute/async - {"script":"<script> [1562 bytes]","args":[{"selector":{"id":"application-manageyards-display-component---NewYard--addressDetailDetailsLanguage-arrow"},"wdio_ui5_key":"applicationmanageyards-display-component---NewYard--addressDetailDetailsLanguage-arrow"}]}
RESULT: {"script":"<script> [1562 bytes]","args":[{"selector":{"id":"application-manageyards-display-component---NewYard--addressDetailDetailsLanguage-arrow"},"wdio_ui5_key":"applicationmanageyards-display-component---NewYard--addressDetailDetailsLanguage-arrow"}]}
RESULT: undefined
COMMAND: POST /session/19c5ed65dbd52b03c8c783813379e291/element - {"using":"xpath","value":"//*[@id=\"application-manageyards-display-component---NewYard--addressDetailDetailsLanguage-arrow\"]"}
RESULT: {"using":"xpath","value":"//*[@id=\"application-manageyards-display-component---NewYard--addressDetailDetailsLanguage-arrow\"]"}
COMMAND: POST /session/19c5ed65dbd52b03c8c783813379e291/element/f.1FACEF5F4F0044855A63ECD1C0A7B6EF.d.DF482C0D017F6747EB3589C4400FD2A7.e.737/click - {}
RESULT: {}
COMMAND: POST /session/19c5ed65dbd52b03c8c783813379e291/element - {"using":"xpath","value":"//span[contains(text(), \"English\")]"}
COMMAND: GET /session/19c5ed65dbd52b03c8c783813379e291/screenshot - {}
RESULT: {"using":"xpath","value":"//span[contains(text(), \"English\")]"}
COMMAND: POST /session/19c5ed65dbd52b03c8c783813379e291/element/f.1FACEF5F4F0044855A63ECD1C0A7B6EF.d.DF482C0D017F6747EB3589C4400FD2A7.e.738/click - {}
RESULT: {}
RESULT: {}
COMMAND: POST /session/19c5ed65dbd52b03c8c783813379e291/execute/async - {"script":"<script> [1562 bytes]","args":[{"selector":{"id":"application-manageyards-display-component---NewYard--addressDetailDetailsCity1","interaction":{"idSuffix":"inner"}},"wdio_ui5_key":"applicationmanageyards-display-component---NewYard--addressDetailDetailsCity1"}]}
COMMAND: GET /session/19c5ed65dbd52b03c8c783813379e291/screenshot - {}
RESULT: {"script":"<script> [1562 bytes]","args":[{"selector":{"id":"application-manageyards-display-component---NewYard--addressDetailDetailsCity1","interaction":{"idSuffix":"inner"}},"wdio_ui5_key":"applicationmanageyards-display-component---NewYard--addressDetailDetailsCity1"}]}
RESULT: undefined
COMMAND: POST /session/19c5ed65dbd52b03c8c783813379e291/execute/async - {"script":"<script> [776 bytes]","args":[{"enterText":"Rosario","selector":{"id":"application-manageyards-display-component---NewYard--addressDetailDetailsCity1","interaction":{"idSuffix":"inner"}},"clearTextFirst":true,"interactionType":"ENTER_TEXT"}]}
RESULT: {}
RESULT: {"script":"<script> [776 bytes]","args":[{"enterText":"Rosario","selector":{"id":"application-manageyards-display-component---NewYard--addressDetailDetailsCity1","interaction":{"idSuffix":"inner"}},"clearTextFirst":true,"interactionType":"ENTER_TEXT"}]}
COMMAND: POST /session/19c5ed65dbd52b03c8c783813379e291/execute/async - {"script":"<script> [1562 bytes]","args":[{"selector":{"id":"application-manageyards-display-component---NewYard--addressDetailDetailsCountry-arrow"},"wdio_ui5_key":"applicationmanageyards-display-component---NewYard--addressDetailDetailsCountry-arrow"}]}
RESULT: {"script":"<script> [1562 bytes]","args":[{"selector":{"id":"application-manageyards-display-component---NewYard--addressDetailDetailsCountry-arrow"},"wdio_ui5_key":"applicationmanageyards-display-component---NewYard--addressDetailDetailsCountry-arrow"}]}
RESULT: undefined
COMMAND: POST /session/19c5ed65dbd52b03c8c783813379e291/element - {"using":"xpath","value":"//*[@id=\"application-manageyards-display-component---NewYard--addressDetailDetailsCountry-arrow\"]"}
RESULT: {"using":"xpath","value":"//*[@id=\"application-manageyards-display-component---NewYard--addressDetailDetailsCountry-arrow\"]"}
COMMAND: POST /session/19c5ed65dbd52b03c8c783813379e291/element/f.1FACEF5F4F0044855A63ECD1C0A7B6EF.d.DF482C0D017F6747EB3589C4400FD2A7.e.740/click - {}
RESULT: {}
COMMAND: POST /session/19c5ed65dbd52b03c8c783813379e291/element - {"using":"xpath","value":"//span[contains(text(), \"Argentina\")]"}
COMMAND: GET /session/19c5ed65dbd52b03c8c783813379e291/screenshot - {}
RESULT: {"using":"xpath","value":"//span[contains(text(), \"Argentina\")]"}
COMMAND: POST /session/19c5ed65dbd52b03c8c783813379e291/element/f.1FACEF5F4F0044855A63ECD1C0A7B6EF.d.DF482C0D017F6747EB3589C4400FD2A7.e.742/click - {}
RESULT: {}
RESULT: {}
COMMAND: POST /session/19c5ed65dbd52b03c8c783813379e291/execute/async - {"script":"<script> [1562 bytes]","args":[{"selector":{"id":"application-manageyards-display-component---NewYard--addressEditDetailsCostObjectCstType-arrow"},"wdio_ui5_key":"applicationmanageyards-display-component---NewYard--addressEditDetailsCostObjectCstType-arrow"}]}
COMMAND: GET /session/19c5ed65dbd52b03c8c783813379e291/screenshot - {}
RESULT: {}
RESULT: {"script":"<script> [1562 bytes]","args":[{"selector":{"id":"application-manageyards-display-component---NewYard--addressEditDetailsCostObjectCstType-arrow"},"wdio_ui5_key":"applicationmanageyards-display-component---NewYard--addressEditDetailsCostObjectCstType-arrow"}]}
RESULT: undefined
COMMAND: POST /session/19c5ed65dbd52b03c8c783813379e291/element - {"using":"xpath","value":"//*[@id=\"application-manageyards-display-component---NewYard--addressEditDetailsCostObjectCstType-arrow\"]"}
RESULT: {"using":"xpath","value":"//*[@id=\"application-manageyards-display-component---NewYard--addressEditDetailsCostObjectCstType-arrow\"]"}
COMMAND: POST /session/19c5ed65dbd52b03c8c783813379e291/element/f.1FACEF5F4F0044855A63ECD1C0A7B6EF.d.DF482C0D017F6747EB3589C4400FD2A7.e.743/click - {}
RESULT: {}
COMMAND: POST /session/19c5ed65dbd52b03c8c783813379e291/element - {"using":"xpath","value":"//span[contains(text(), \"Cost Center\")]"}
COMMAND: GET /session/19c5ed65dbd52b03c8c783813379e291/screenshot - {}
RESULT: {"using":"xpath","value":"//span[contains(text(), \"Cost Center\")]"}
COMMAND: POST /session/19c5ed65dbd52b03c8c783813379e291/element/f.1FACEF5F4F0044855A63ECD1C0A7B6EF.d.DF482C0D017F6747EB3589C4400FD2A7.e.744/click - {}
RESULT: {}
RESULT: {}
COMMAND: GET /session/19c5ed65dbd52b03c8c783813379e291/screenshot - {}
RESULT: {}
COMMAND: POST /session/19c5ed65dbd52b03c8c783813379e291/element - {"using":"xpath","value":"//span[@id=\"application-manageyards-display-component---NewYard--addressNewCostObjectCstID-vhi\"]"}
RESULT: {"using":"xpath","value":"//span[@id=\"application-manageyards-display-component---NewYard--addressNewCostObjectCstID-vhi\"]"}
COMMAND: POST /session/19c5ed65dbd52b03c8c783813379e291/execute/sync - {"script":"<script> [8489 bytes]","args":[{"element-6066-11e4-a52e-4f735466cecf":"f.1FACEF5F4F0044855A63ECD1C0A7B6EF.d.DF482C0D017F6747EB3589C4400FD2A7.e.748","ELEMENT":"f.1FACEF5F4F0044855A63ECD1C0A7B6EF.d.DF482C0D017F6747EB3589C4400FD2A7.e.748"}]}
RESULT: {"script":"<script> [8489 bytes]","args":[{"element-6066-11e4-a52e-4f735466cecf":"f.1FACEF5F4F0044855A63ECD1C0A7B6EF.d.DF482C0D017F6747EB3589C4400FD2A7.e.748","ELEMENT":"f.1FACEF5F4F0044855A63ECD1C0A7B6EF.d.DF482C0D017F6747EB3589C4400FD2A7.e.748"}]}
COMMAND: POST /session/19c5ed65dbd52b03c8c783813379e291/execute/async - {"script":"<script> [1562 bytes]","args":[{"selector":{"id":"application-manageyards-display-component---NewYard--addressNewCostObjectCstID-vhi"},"wdio_ui5_key":"applicationmanageyards-display-component---NewYard--addressNewCostObjectCstID-vhi"}]}
COMMAND: GET /session/19c5ed65dbd52b03c8c783813379e291/screenshot - {}
RESULT: {"script":"<script> [1562 bytes]","args":[{"selector":{"id":"application-manageyards-display-component---NewYard--addressNewCostObjectCstID-vhi"},"wdio_ui5_key":"applicationmanageyards-display-component---NewYard--addressNewCostObjectCstID-vhi"}]}
RESULT: undefined
COMMAND: POST /session/19c5ed65dbd52b03c8c783813379e291/element - {"using":"xpath","value":"//*[@id=\"application-manageyards-display-component---NewYard--addressNewCostObjectCstID-vhi\"]"}
RESULT: {}
RESULT: {"using":"xpath","value":"//*[@id=\"application-manageyards-display-component---NewYard--addressNewCostObjectCstID-vhi\"]"}
COMMAND: POST /session/19c5ed65dbd52b03c8c783813379e291/element/f.1FACEF5F4F0044855A63ECD1C0A7B6EF.d.DF482C0D017F6747EB3589C4400FD2A7.e.748/click - {}
RESULT: {}
COMMAND: GET /session/19c5ed65dbd52b03c8c783813379e291/screenshot - {}
RESULT: {}
COMMAND: POST /session/19c5ed65dbd52b03c8c783813379e291/execute/async - {"script":"<script> [1562 bytes]","args":[{"selector":{"controlType":"sap.m.SearchField","properties":{"placeholder":"Search"},"searchOpenDialogs":true,"interaction":{"idSuffix":"I"}},"wdio_ui5_key":"sapm.SearchField{\"placeholder\":\"Search\"}"}]}
RESULT: {"script":"<script> [1562 bytes]","args":[{"selector":{"controlType":"sap.m.SearchField","properties":{"placeholder":"Search"},"searchOpenDialogs":true,"interaction":{"idSuffix":"I"}},"wdio_ui5_key":"sapm.SearchField{\"placeholder\":\"Search\"}"}]}
RESULT: undefined
COMMAND: POST /session/19c5ed65dbd52b03c8c783813379e291/execute/async - {"script":"<script> [776 bytes]","args":[{"enterText":"bauh_b","selector":{"controlType":"sap.m.SearchField","properties":{"placeholder":"Search"},"searchOpenDialogs":true,"interaction":{"idSuffix":"I"}},"clearTextFirst":true,"interactionType":"ENTER_TEXT"}]}
RESULT: {"script":"<script> [776 bytes]","args":[{"enterText":"bauh_b","selector":{"controlType":"sap.m.SearchField","properties":{"placeholder":"Search"},"searchOpenDialogs":true,"interaction":{"idSuffix":"I"}},"clearTextFirst":true,"interactionType":"ENTER_TEXT"}]}
COMMAND: POST /session/19c5ed65dbd52b03c8c783813379e291/actions - {"actions":[{"id":"action1","type":"key","parameters":{},"actions":[{"type":"keyDown","value":""},{"type":"pause","duration":10},{"type":"keyUp","value":""}]}]}
RESULT: {"actions":[{"id":"action1","type":"key","parameters":{},"actions":[{"type":"keyDown","value":""},{"type":"pause","duration":10},{"type":"keyUp","value":""}]}]}
COMMAND: GET /session/19c5ed65dbd52b03c8c783813379e291/screenshot - {}
RESULT: {}
COMMAND: POST /session/19c5ed65dbd52b03c8c783813379e291/element - {"using":"xpath","value":"//span[contains(text(), \"Demo Yard\")]"}
RESULT: {"using":"xpath","value":"//span[contains(text(), \"Demo Yard\")]"}
COMMAND: POST /session/19c5ed65dbd52b03c8c783813379e291/element/f.1FACEF5F4F0044855A63ECD1C0A7B6EF.d.DF482C0D017F6747EB3589C4400FD2A7.e.789/click - {}
RESULT: {}
COMMAND: GET /session/19c5ed65dbd52b03c8c783813379e291/screenshot - {}
RESULT: {}
COMMAND: POST /session/19c5ed65dbd52b03c8c783813379e291/element - {"using":"xpath","value":"//bdi[contains(text(), \"OK\")]"}
RESULT: {"using":"xpath","value":"//bdi[contains(text(), \"OK\")]"}
COMMAND: POST /session/19c5ed65dbd52b03c8c783813379e291/element/f.1FACEF5F4F0044855A63ECD1C0A7B6EF.d.DF482C0D017F6747EB3589C4400FD2A7.e.790/click - {}
RESULT: {}
COMMAND: GET /session/19c5ed65dbd52b03c8c783813379e291/screenshot - {}
RESULT: {}
COMMAND: POST /session/19c5ed65dbd52b03c8c783813379e291/execute/async - {"script":"<script> [1562 bytes]","args":[{"selector":{"id":"application-manageyards-display-component---NewYard--addressEditDetailsCurrency-arrow"},"wdio_ui5_key":"applicationmanageyards-display-component---NewYard--addressEditDetailsCurrency-arrow"}]}
RESULT: {"script":"<script> [1562 bytes]","args":[{"selector":{"id":"application-manageyards-display-component---NewYard--addressEditDetailsCurrency-arrow"},"wdio_ui5_key":"applicationmanageyards-display-component---NewYard--addressEditDetailsCurrency-arrow"}]}
RESULT: undefined
COMMAND: POST /session/19c5ed65dbd52b03c8c783813379e291/element - {"using":"xpath","value":"//*[@id=\"application-manageyards-display-component---NewYard--addressEditDetailsCurrency-arrow\"]"}
RESULT: {"using":"xpath","value":"//*[@id=\"application-manageyards-display-component---NewYard--addressEditDetailsCurrency-arrow\"]"}
COMMAND: POST /session/19c5ed65dbd52b03c8c783813379e291/element/f.1FACEF5F4F0044855A63ECD1C0A7B6EF.d.DF482C0D017F6747EB3589C4400FD2A7.e.793/click - {}
RESULT: {}
COMMAND: POST /session/19c5ed65dbd52b03c8c783813379e291/element - {"using":"xpath","value":"//span[contains(text(), \"Euro\")]"}
COMMAND: GET /session/19c5ed65dbd52b03c8c783813379e291/screenshot - {}
RESULT: {"using":"xpath","value":"//span[contains(text(), \"Euro\")]"}
COMMAND: POST /session/19c5ed65dbd52b03c8c783813379e291/element/f.1FACEF5F4F0044855A63ECD1C0A7B6EF.d.DF482C0D017F6747EB3589C4400FD2A7.e.794/click - {}
RESULT: {}
RESULT: {}
COMMAND: POST /session/19c5ed65dbd52b03c8c783813379e291/execute/async - {"script":"<script> [1562 bytes]","args":[{"selector":{"controlType":"sap.m.Input","viewName":"etm.portal.ui.manageyards.view.New","viewId":"application-manageyards-display-component---NewYard","bindingPath":{"path":"","propertyPath":"/CONTROLLING_AREA","modelName":"NewYardModel"},"interaction":{"idSuffix":"inner"}},"wdio_ui5_key":"etmportal.ui.manageyards.view.Newsap.m.Input{\"path\":\"\",\"propertyPath\":\"/CONTROLLING_AREA\",\"modelName\":\"NewYardModel\"}"}]}
COMMAND: GET /session/19c5ed65dbd52b03c8c783813379e291/screenshot - {}
RESULT: {"script":"<script> [1562 bytes]","args":[{"selector":{"controlType":"sap.m.Input","viewName":"etm.portal.ui.manageyards.view.New","viewId":"application-manageyards-display-component---NewYard","bindingPath":{"path":"","propertyPath":"/CONTROLLING_AREA","modelName":"NewYardModel"},"interaction":{"idSuffix":"inner"}},"wdio_ui5_key":"etmportal.ui.manageyards.view.Newsap.m.Input{\"path\":\"\",\"propertyPath\":\"/CONTROLLING_AREA\",\"modelName\":\"NewYardModel\"}"}]}
RESULT: undefined
COMMAND: POST /session/19c5ed65dbd52b03c8c783813379e291/execute/async - {"script":"<script> [776 bytes]","args":[{"enterText":"Z001","selector":{"controlType":"sap.m.Input","viewName":"etm.portal.ui.manageyards.view.New","viewId":"application-manageyards-display-component---NewYard","bindingPath":{"path":"","propertyPath":"/CONTROLLING_AREA","modelName":"NewYardModel"},"interaction":{"idSuffix":"inner"}},"clearTextFirst":true,"interactionType":"ENTER_TEXT"}]}
RESULT: {}
RESULT: {"script":"<script> [776 bytes]","args":[{"enterText":"Z001","selector":{"controlType":"sap.m.Input","viewName":"etm.portal.ui.manageyards.view.New","viewId":"application-manageyards-display-component---NewYard","bindingPath":{"path":"","propertyPath":"/CONTROLLING_AREA","modelName":"NewYardModel"},"interaction":{"idSuffix":"inner"}},"clearTextFirst":true,"interactionType":"ENTER_TEXT"}]}
COMMAND: POST /session/19c5ed65dbd52b03c8c783813379e291/execute/async - {"script":"<script> [1562 bytes]","args":[{"selector":{"id":"application-manageyards-display-component---NewYard--companyCodeComboBox","interaction":{"idSuffix":"inner"}},"wdio_ui5_key":"applicationmanageyards-display-component---NewYard--companyCodeComboBox"}]}
RESULT: {"script":"<script> [1562 bytes]","args":[{"selector":{"id":"application-manageyards-display-component---NewYard--companyCodeComboBox","interaction":{"idSuffix":"inner"}},"wdio_ui5_key":"applicationmanageyards-display-component---NewYard--companyCodeComboBox"}]}
RESULT: undefined
COMMAND: POST /session/19c5ed65dbd52b03c8c783813379e291/execute/async - {"script":"<script> [776 bytes]","args":[{"enterText":"1000","selector":{"id":"application-manageyards-display-component---NewYard--companyCodeComboBox","interaction":{"idSuffix":"inner"}},"clearTextFirst":true,"interactionType":"ENTER_TEXT"}]}
RESULT: {"script":"<script> [776 bytes]","args":[{"enterText":"1000","selector":{"id":"application-manageyards-display-component---NewYard--companyCodeComboBox","interaction":{"idSuffix":"inner"}},"clearTextFirst":true,"interactionType":"ENTER_TEXT"}]}
COMMAND: POST /session/19c5ed65dbd52b03c8c783813379e291/execute/async - {"script":"<script> [1562 bytes]","args":[{"selector":{"controlType":"sap.m.Input","viewName":"etm.portal.ui.manageyards.view.New","viewId":"application-manageyards-display-component---NewYard","bindingPath":{"path":"","propertyPath":"/PLANT","modelName":"NewYardModel"},"interaction":{"idSuffix":"inner"}},"wdio_ui5_key":"etmportal.ui.manageyards.view.Newsap.m.Input{\"path\":\"\",\"propertyPath\":\"/PLANT\",\"modelName\":\"NewYardModel\"}"}]}
RESULT: {"script":"<script> [1562 bytes]","args":[{"selector":{"controlType":"sap.m.Input","viewName":"etm.portal.ui.manageyards.view.New","viewId":"application-manageyards-display-component---NewYard","bindingPath":{"path":"","propertyPath":"/PLANT","modelName":"NewYardModel"},"interaction":{"idSuffix":"inner"}},"wdio_ui5_key":"etmportal.ui.manageyards.view.Newsap.m.Input{\"path\":\"\",\"propertyPath\":\"/PLANT\",\"modelName\":\"NewYardModel\"}"}]}
RESULT: undefined
COMMAND: POST /session/19c5ed65dbd52b03c8c783813379e291/execute/async - {"script":"<script> [776 bytes]","args":[{"enterText":"1001","selector":{"controlType":"sap.m.Input","viewName":"etm.portal.ui.manageyards.view.New","viewId":"application-manageyards-display-component---NewYard","bindingPath":{"path":"","propertyPath":"/PLANT","modelName":"NewYardModel"},"interaction":{"idSuffix":"inner"}},"clearTextFirst":true,"interactionType":"ENTER_TEXT"}]}
RESULT: {"script":"<script> [776 bytes]","args":[{"enterText":"1001","selector":{"controlType":"sap.m.Input","viewName":"etm.portal.ui.manageyards.view.New","viewId":"application-manageyards-display-component---NewYard","bindingPath":{"path":"","propertyPath":"/PLANT","modelName":"NewYardModel"},"interaction":{"idSuffix":"inner"}},"clearTextFirst":true,"interactionType":"ENTER_TEXT"}]}
COMMAND: POST /session/19c5ed65dbd52b03c8c783813379e291/execute/async - {"script":"<script> [1562 bytes]","args":[{"selector":{"controlType":"sap.m.Input","viewName":"etm.portal.ui.manageyards.view.New","viewId":"application-manageyards-display-component---NewYard","bindingPath":{"path":"","propertyPath":"/SALES_AREA_VKORG","modelName":"NewYardModel"},"interaction":{"idSuffix":"inner"}},"wdio_ui5_key":"etmportal.ui.manageyards.view.Newsap.m.Input{\"path\":\"\",\"propertyPath\":\"/SALES_AREA_VKORG\",\"modelName\":\"NewYardModel\"}"}]}
RESULT: {"script":"<script> [1562 bytes]","args":[{"selector":{"controlType":"sap.m.Input","viewName":"etm.portal.ui.manageyards.view.New","viewId":"application-manageyards-display-component---NewYard","bindingPath":{"path":"","propertyPath":"/SALES_AREA_VKORG","modelName":"NewYardModel"},"interaction":{"idSuffix":"inner"}},"wdio_ui5_key":"etmportal.ui.manageyards.view.Newsap.m.Input{\"path\":\"\",\"propertyPath\":\"/SALES_AREA_VKORG\",\"modelName\":\"NewYardModel\"}"}]}
RESULT: undefined
COMMAND: POST /session/19c5ed65dbd52b03c8c783813379e291/execute/async - {"script":"<script> [776 bytes]","args":[{"enterText":"C002","selector":{"controlType":"sap.m.Input","viewName":"etm.portal.ui.manageyards.view.New","viewId":"application-manageyards-display-component---NewYard","bindingPath":{"path":"","propertyPath":"/SALES_AREA_VKORG","modelName":"NewYardModel"},"interaction":{"idSuffix":"inner"}},"clearTextFirst":true,"interactionType":"ENTER_TEXT"}]}
RESULT: {"script":"<script> [776 bytes]","args":[{"enterText":"C002","selector":{"controlType":"sap.m.Input","viewName":"etm.portal.ui.manageyards.view.New","viewId":"application-manageyards-display-component---NewYard","bindingPath":{"path":"","propertyPath":"/SALES_AREA_VKORG","modelName":"NewYardModel"},"interaction":{"idSuffix":"inner"}},"clearTextFirst":true,"interactionType":"ENTER_TEXT"}]}
COMMAND: POST /session/19c5ed65dbd52b03c8c783813379e291/execute/async - {"script":"<script> [1562 bytes]","args":[{"selector":{"controlType":"sap.m.Input","viewName":"etm.portal.ui.manageyards.view.New","viewId":"application-manageyards-display-component---NewYard","bindingPath":{"path":"","propertyPath":"/SALES_AREA_VTWEG","modelName":"NewYardModel"},"interaction":{"idSuffix":"inner"}},"wdio_ui5_key":"etmportal.ui.manageyards.view.Newsap.m.Input{\"path\":\"\",\"propertyPath\":\"/SALES_AREA_VTWEG\",\"modelName\":\"NewYardModel\"}"}]}
RESULT: {"script":"<script> [1562 bytes]","args":[{"selector":{"controlType":"sap.m.Input","viewName":"etm.portal.ui.manageyards.view.New","viewId":"application-manageyards-display-component---NewYard","bindingPath":{"path":"","propertyPath":"/SALES_AREA_VTWEG","modelName":"NewYardModel"},"interaction":{"idSuffix":"inner"}},"wdio_ui5_key":"etmportal.ui.manageyards.view.Newsap.m.Input{\"path\":\"\",\"propertyPath\":\"/SALES_AREA_VTWEG\",\"modelName\":\"NewYardModel\"}"}]}
RESULT: undefined
COMMAND: POST /session/19c5ed65dbd52b03c8c783813379e291/execute/async - {"script":"<script> [776 bytes]","args":[{"enterText":"C2","selector":{"controlType":"sap.m.Input","viewName":"etm.portal.ui.manageyards.view.New","viewId":"application-manageyards-display-component---NewYard","bindingPath":{"path":"","propertyPath":"/SALES_AREA_VTWEG","modelName":"NewYardModel"},"interaction":{"idSuffix":"inner"}},"clearTextFirst":true,"interactionType":"ENTER_TEXT"}]}
RESULT: {"script":"<script> [776 bytes]","args":[{"enterText":"C2","selector":{"controlType":"sap.m.Input","viewName":"etm.portal.ui.manageyards.view.New","viewId":"application-manageyards-display-component---NewYard","bindingPath":{"path":"","propertyPath":"/SALES_AREA_VTWEG","modelName":"NewYardModel"},"interaction":{"idSuffix":"inner"}},"clearTextFirst":true,"interactionType":"ENTER_TEXT"}]}
COMMAND: POST /session/19c5ed65dbd52b03c8c783813379e291/execute/async - {"script":"<script> [1562 bytes]","args":[{"selector":{"controlType":"sap.m.Input","viewName":"etm.portal.ui.manageyards.view.New","viewId":"application-manageyards-display-component---NewYard","bindingPath":{"path":"","propertyPath":"/SALES_AREA_SPART","modelName":"NewYardModel"},"interaction":{"idSuffix":"inner"}},"wdio_ui5_key":"etmportal.ui.manageyards.view.Newsap.m.Input{\"path\":\"\",\"propertyPath\":\"/SALES_AREA_SPART\",\"modelName\":\"NewYardModel\"}"}]}
RESULT: {"script":"<script> [1562 bytes]","args":[{"selector":{"controlType":"sap.m.Input","viewName":"etm.portal.ui.manageyards.view.New","viewId":"application-manageyards-display-component---NewYard","bindingPath":{"path":"","propertyPath":"/SALES_AREA_SPART","modelName":"NewYardModel"},"interaction":{"idSuffix":"inner"}},"wdio_ui5_key":"etmportal.ui.manageyards.view.Newsap.m.Input{\"path\":\"\",\"propertyPath\":\"/SALES_AREA_SPART\",\"modelName\":\"NewYardModel\"}"}]}
RESULT: undefined
COMMAND: POST /session/19c5ed65dbd52b03c8c783813379e291/execute/async - {"script":"<script> [776 bytes]","args":[{"enterText":"C2","selector":{"controlType":"sap.m.Input","viewName":"etm.portal.ui.manageyards.view.New","viewId":"application-manageyards-display-component---NewYard","bindingPath":{"path":"","propertyPath":"/SALES_AREA_SPART","modelName":"NewYardModel"},"interaction":{"idSuffix":"inner"}},"clearTextFirst":true,"interactionType":"ENTER_TEXT"}]}
RESULT: {"script":"<script> [776 bytes]","args":[{"enterText":"C2","selector":{"controlType":"sap.m.Input","viewName":"etm.portal.ui.manageyards.view.New","viewId":"application-manageyards-display-component---NewYard","bindingPath":{"path":"","propertyPath":"/SALES_AREA_SPART","modelName":"NewYardModel"},"interaction":{"idSuffix":"inner"}},"clearTextFirst":true,"interactionType":"ENTER_TEXT"}]}
COMMAND: POST /session/19c5ed65dbd52b03c8c783813379e291/execute/async - {"script":"<script> [1562 bytes]","args":[{"selector":{"controlType":"sap.m.Input","viewName":"etm.portal.ui.manageyards.view.New","viewId":"application-manageyards-display-component---NewYard","bindingPath":{"path":"","propertyPath":"/SHIP_POINT","modelName":"NewYardModel"},"interaction":{"idSuffix":"inner"}},"wdio_ui5_key":"etmportal.ui.manageyards.view.Newsap.m.Input{\"path\":\"\",\"propertyPath\":\"/SHIP_POINT\",\"modelName\":\"NewYardModel\"}"}]}
RESULT: {"script":"<script> [1562 bytes]","args":[{"selector":{"controlType":"sap.m.Input","viewName":"etm.portal.ui.manageyards.view.New","viewId":"application-manageyards-display-component---NewYard","bindingPath":{"path":"","propertyPath":"/SHIP_POINT","modelName":"NewYardModel"},"interaction":{"idSuffix":"inner"}},"wdio_ui5_key":"etmportal.ui.manageyards.view.Newsap.m.Input{\"path\":\"\",\"propertyPath\":\"/SHIP_POINT\",\"modelName\":\"NewYardModel\"}"}]}
RESULT: undefined
COMMAND: POST /session/19c5ed65dbd52b03c8c783813379e291/execute/async - {"script":"<script> [776 bytes]","args":[{"enterText":"1710","selector":{"controlType":"sap.m.Input","viewName":"etm.portal.ui.manageyards.view.New","viewId":"application-manageyards-display-component---NewYard","bindingPath":{"path":"","propertyPath":"/SHIP_POINT","modelName":"NewYardModel"},"interaction":{"idSuffix":"inner"}},"clearTextFirst":true,"interactionType":"ENTER_TEXT"}]}
RESULT: {"script":"<script> [776 bytes]","args":[{"enterText":"1710","selector":{"controlType":"sap.m.Input","viewName":"etm.portal.ui.manageyards.view.New","viewId":"application-manageyards-display-component---NewYard","bindingPath":{"path":"","propertyPath":"/SHIP_POINT","modelName":"NewYardModel"},"interaction":{"idSuffix":"inner"}},"clearTextFirst":true,"interactionType":"ENTER_TEXT"}]}
COMMAND: POST /session/19c5ed65dbd52b03c8c783813379e291/execute/async - {"script":"<script> [1562 bytes]","args":[{"selector":{"controlType":"sap.m.Input","viewName":"etm.portal.ui.manageyards.view.New","viewId":"application-manageyards-display-component---NewYard","bindingPath":{"path":"","propertyPath":"/DELIVERY_TYPE","modelName":"NewYardModel"},"interaction":{"idSuffix":"inner"}},"wdio_ui5_key":"etmportal.ui.manageyards.view.Newsap.m.Input{\"path\":\"\",\"propertyPath\":\"/DELIVERY_TYPE\",\"modelName\":\"NewYardModel\"}"}]}
RESULT: {"script":"<script> [1562 bytes]","args":[{"selector":{"controlType":"sap.m.Input","viewName":"etm.portal.ui.manageyards.view.New","viewId":"application-manageyards-display-component---NewYard","bindingPath":{"path":"","propertyPath":"/DELIVERY_TYPE","modelName":"NewYardModel"},"interaction":{"idSuffix":"inner"}},"wdio_ui5_key":"etmportal.ui.manageyards.view.Newsap.m.Input{\"path\":\"\",\"propertyPath\":\"/DELIVERY_TYPE\",\"modelName\":\"NewYardModel\"}"}]}
RESULT: undefined
COMMAND: POST /session/19c5ed65dbd52b03c8c783813379e291/execute/async - {"script":"<script> [776 bytes]","args":[{"enterText":"ZL01","selector":{"controlType":"sap.m.Input","viewName":"etm.portal.ui.manageyards.view.New","viewId":"application-manageyards-display-component---NewYard","bindingPath":{"path":"","propertyPath":"/DELIVERY_TYPE","modelName":"NewYardModel"},"interaction":{"idSuffix":"inner"}},"clearTextFirst":true,"interactionType":"ENTER_TEXT"}]}
RESULT: {"script":"<script> [776 bytes]","args":[{"enterText":"ZL01","selector":{"controlType":"sap.m.Input","viewName":"etm.portal.ui.manageyards.view.New","viewId":"application-manageyards-display-component---NewYard","bindingPath":{"path":"","propertyPath":"/DELIVERY_TYPE","modelName":"NewYardModel"},"interaction":{"idSuffix":"inner"}},"clearTextFirst":true,"interactionType":"ENTER_TEXT"}]}
COMMAND: POST /session/19c5ed65dbd52b03c8c783813379e291/execute/async - {"script":"<script> [1562 bytes]","args":[{"selector":{"controlType":"sap.m.Input","viewName":"etm.portal.ui.manageyards.view.New","viewId":"application-manageyards-display-component---NewYard","bindingPath":{"path":"","propertyPath":"/AUART","modelName":"NewYardModel"},"interaction":{"idSuffix":"inner"}},"wdio_ui5_key":"etmportal.ui.manageyards.view.Newsap.m.Input{\"path\":\"\",\"propertyPath\":\"/AUART\",\"modelName\":\"NewYardModel\"}"}]}
RESULT: {"script":"<script> [1562 bytes]","args":[{"selector":{"controlType":"sap.m.Input","viewName":"etm.portal.ui.manageyards.view.New","viewId":"application-manageyards-display-component---NewYard","bindingPath":{"path":"","propertyPath":"/AUART","modelName":"NewYardModel"},"interaction":{"idSuffix":"inner"}},"wdio_ui5_key":"etmportal.ui.manageyards.view.Newsap.m.Input{\"path\":\"\",\"propertyPath\":\"/AUART\",\"modelName\":\"NewYardModel\"}"}]}
RESULT: undefined
COMMAND: POST /session/19c5ed65dbd52b03c8c783813379e291/execute/async - {"script":"<script> [776 bytes]","args":[{"enterText":"TA","selector":{"controlType":"sap.m.Input","viewName":"etm.portal.ui.manageyards.view.New","viewId":"application-manageyards-display-component---NewYard","bindingPath":{"path":"","propertyPath":"/AUART","modelName":"NewYardModel"},"interaction":{"idSuffix":"inner"}},"clearTextFirst":true,"interactionType":"ENTER_TEXT"}]}
RESULT: {"script":"<script> [776 bytes]","args":[{"enterText":"TA","selector":{"controlType":"sap.m.Input","viewName":"etm.portal.ui.manageyards.view.New","viewId":"application-manageyards-display-component---NewYard","bindingPath":{"path":"","propertyPath":"/AUART","modelName":"NewYardModel"},"interaction":{"idSuffix":"inner"}},"clearTextFirst":true,"interactionType":"ENTER_TEXT"}]}
COMMAND: POST /session/19c5ed65dbd52b03c8c783813379e291/element - {"using":"xpath","value":"//button[@data-kt=\"newYardSaveButton\"]"}
RESULT: {"using":"xpath","value":"//button[@data-kt=\"newYardSaveButton\"]"}
COMMAND: POST /session/19c5ed65dbd52b03c8c783813379e291/element/f.1FACEF5F4F0044855A63ECD1C0A7B6EF.d.DF482C0D017F6747EB3589C4400FD2A7.e.720/click - {}
RESULT: {}
COMMAND: GET /session/19c5ed65dbd52b03c8c783813379e291/screenshot - {}
RESULT: {}
COMMAND: POST /session/19c5ed65dbd52b03c8c783813379e291/element - {"using":"xpath","value":"//header[contains(@id, 'ObjectPageLayout-headerTitle')]/div[1]/div[2]/div[1]/span[1]"}
RESULT: {"using":"xpath","value":"//header[contains(@id, 'ObjectPageLayout-headerTitle')]/div[1]/div[2]/div[1]/span[1]"}
COMMAND: POST /session/19c5ed65dbd52b03c8c783813379e291/elements - {"using":"xpath","value":"//header[contains(@id, 'ObjectPageLayout-headerTitle')]/div[1]/div[2]/div[1]/span[1]"}
RESULT: {"using":"xpath","value":"//header[contains(@id, 'ObjectPageLayout-headerTitle')]/div[1]/div[2]/div[1]/span[1]"}
COMMAND: POST /session/19c5ed65dbd52b03c8c783813379e291/execute/sync - {"script":"<script> [56 bytes]","args":[{"element-6066-11e4-a52e-4f735466cecf":"f.1FACEF5F4F0044855A63ECD1C0A7B6EF.d.DF482C0D017F6747EB3589C4400FD2A7.e.1013","ELEMENT":"f.1FACEF5F4F0044855A63ECD1C0A7B6EF.d.DF482C0D017F6747EB3589C4400FD2A7.e.1013"}]}
RESULT: {"script":"<script> [56 bytes]","args":[{"element-6066-11e4-a52e-4f735466cecf":"f.1FACEF5F4F0044855A63ECD1C0A7B6EF.d.DF482C0D017F6747EB3589C4400FD2A7.e.1013","ELEMENT":"f.1FACEF5F4F0044855A63ECD1C0A7B6EF.d.DF482C0D017F6747EB3589C4400FD2A7.e.1013"}]}
COMMAND: GET /session/19c5ed65dbd52b03c8c783813379e291/screenshot - {}
RESULT: {}
COMMAND: POST /session/19c5ed65dbd52b03c8c783813379e291/element - {"using":"css selector","value":"#shell-header-logo"}
RESULT: {"using":"css selector","value":"#shell-header-logo"}
COMMAND: POST /session/19c5ed65dbd52b03c8c783813379e291/element/f.1FACEF5F4F0044855A63ECD1C0A7B6EF.d.DF482C0D017F6747EB3589C4400FD2A7.e.273/click - {}
RESULT: {}
COMMAND: GET /session/19c5ed65dbd52b03c8c783813379e291/screenshot - {}
RESULT: {}
COMMAND: POST /session/19c5ed65dbd52b03c8c783813379e291/execute/sync - {"script":"<script> [299 bytes]","args":[["getModel","getResource"]]}
RESULT: {"script":"<script> [299 bytes]","args":[["getModel","getResource"]]}
COMMAND: GET /session/19c5ed65dbd52b03c8c783813379e291/screenshot - {}
]]></system-out>
    </testcase>
    <testcase classname="chrome.136_0_7103_93.windows.Billing_confirm_US117289" name="Should create a new partner" time="142.867">
      <system-out><![CDATA[
COMMAND: POST /session/19c5ed65dbd52b03c8c783813379e291/window/fullscreen - {}
RESULT: {}
RESULT: {}
COMMAND: POST /session/19c5ed65dbd52b03c8c783813379e291/execute/async - {"script":"<script> [1562 bytes]","args":[{"selector":{"controlType":"sap.m.GenericTile","properties":{"header":"Manage Partners"}},"wdio_ui5_key":"sapm.GenericTile{\"header\":\"Manage Partners\"}"}]}
RESULT: {"script":"<script> [1562 bytes]","args":[{"selector":{"controlType":"sap.m.GenericTile","properties":{"header":"Manage Partners"}},"wdio_ui5_key":"sapm.GenericTile{\"header\":\"Manage Partners\"}"}]}
RESULT: undefined
COMMAND: POST /session/19c5ed65dbd52b03c8c783813379e291/element - {"using":"xpath","value":"//*[@id=\"__tile38\"]"}
RESULT: {"using":"xpath","value":"//*[@id=\"__tile38\"]"}
COMMAND: POST /session/19c5ed65dbd52b03c8c783813379e291/element/f.1FACEF5F4F0044855A63ECD1C0A7B6EF.d.DF482C0D017F6747EB3589C4400FD2A7.e.159/click - {}
RESULT: {}
COMMAND: GET /session/19c5ed65dbd52b03c8c783813379e291/screenshot - {}
RESULT: {}
COMMAND: POST /session/19c5ed65dbd52b03c8c783813379e291/elements - {"using":"xpath","value":"//span[text()='Error']"}
RESULT: {"using":"xpath","value":"//span[text()='Error']"}
COMMAND: POST /session/19c5ed65dbd52b03c8c783813379e291/element - {"using":"xpath","value":"//button[@data-kt=\"addButton\"]"}
RESULT: {"using":"xpath","value":"//button[@data-kt=\"addButton\"]"}
COMMAND: POST /session/19c5ed65dbd52b03c8c783813379e291/elements - {"using":"xpath","value":"//button[@data-kt=\"addButton\"]"}
RESULT: {"using":"xpath","value":"//button[@data-kt=\"addButton\"]"}
COMMAND: POST /session/19c5ed65dbd52b03c8c783813379e291/elements - {"using":"xpath","value":"//button[@data-kt=\"addButton\"]"}
RESULT: {"using":"xpath","value":"//button[@data-kt=\"addButton\"]"}
COMMAND: POST /session/19c5ed65dbd52b03c8c783813379e291/element - {"using":"xpath","value":"//button[@data-kt=\"addButton\"]"}
RESULT: {"using":"xpath","value":"//button[@data-kt=\"addButton\"]"}
COMMAND: POST /session/19c5ed65dbd52b03c8c783813379e291/execute/sync - {"script":"<script> [8489 bytes]","args":[{"element-6066-11e4-a52e-4f735466cecf":"f.1FACEF5F4F0044855A63ECD1C0A7B6EF.d.DF482C0D017F6747EB3589C4400FD2A7.e.1051","ELEMENT":"f.1FACEF5F4F0044855A63ECD1C0A7B6EF.d.DF482C0D017F6747EB3589C4400FD2A7.e.1051"}]}
RESULT: {"script":"<script> [8489 bytes]","args":[{"element-6066-11e4-a52e-4f735466cecf":"f.1FACEF5F4F0044855A63ECD1C0A7B6EF.d.DF482C0D017F6747EB3589C4400FD2A7.e.1051","ELEMENT":"f.1FACEF5F4F0044855A63ECD1C0A7B6EF.d.DF482C0D017F6747EB3589C4400FD2A7.e.1051"}]}
COMMAND: GET /session/19c5ed65dbd52b03c8c783813379e291/element/f.1FACEF5F4F0044855A63ECD1C0A7B6EF.d.DF482C0D017F6747EB3589C4400FD2A7.e.1051/enabled - {}
COMMAND: GET /session/19c5ed65dbd52b03c8c783813379e291/screenshot - {}
RESULT: {}
COMMAND: POST /session/19c5ed65dbd52b03c8c783813379e291/execute/sync - {"script":"<script> [8489 bytes]","args":[{"element-6066-11e4-a52e-4f735466cecf":"f.1FACEF5F4F0044855A63ECD1C0A7B6EF.d.DF482C0D017F6747EB3589C4400FD2A7.e.1051","ELEMENT":"f.1FACEF5F4F0044855A63ECD1C0A7B6EF.d.DF482C0D017F6747EB3589C4400FD2A7.e.1051"}]}
COMMAND: GET /session/19c5ed65dbd52b03c8c783813379e291/screenshot - {}
RESULT: {}
RESULT: {"script":"<script> [8489 bytes]","args":[{"element-6066-11e4-a52e-4f735466cecf":"f.1FACEF5F4F0044855A63ECD1C0A7B6EF.d.DF482C0D017F6747EB3589C4400FD2A7.e.1051","ELEMENT":"f.1FACEF5F4F0044855A63ECD1C0A7B6EF.d.DF482C0D017F6747EB3589C4400FD2A7.e.1051"}]}
COMMAND: POST /session/19c5ed65dbd52b03c8c783813379e291/execute/sync - {"script":"<script> [5351 bytes]","args":[{"element-6066-11e4-a52e-4f735466cecf":"f.1FACEF5F4F0044855A63ECD1C0A7B6EF.d.DF482C0D017F6747EB3589C4400FD2A7.e.1051","ELEMENT":"f.1FACEF5F4F0044855A63ECD1C0A7B6EF.d.DF482C0D017F6747EB3589C4400FD2A7.e.1051"}]}
COMMAND: GET /session/19c5ed65dbd52b03c8c783813379e291/screenshot - {}
RESULT: {}
RESULT: {"script":"<script> [5351 bytes]","args":[{"element-6066-11e4-a52e-4f735466cecf":"f.1FACEF5F4F0044855A63ECD1C0A7B6EF.d.DF482C0D017F6747EB3589C4400FD2A7.e.1051","ELEMENT":"f.1FACEF5F4F0044855A63ECD1C0A7B6EF.d.DF482C0D017F6747EB3589C4400FD2A7.e.1051"}]}
COMMAND: POST /session/19c5ed65dbd52b03c8c783813379e291/element/f.1FACEF5F4F0044855A63ECD1C0A7B6EF.d.DF482C0D017F6747EB3589C4400FD2A7.e.1051/click - {}
COMMAND: GET /session/19c5ed65dbd52b03c8c783813379e291/screenshot - {}
RESULT: {}
RESULT: {}
COMMAND: GET /session/19c5ed65dbd52b03c8c783813379e291/screenshot - {}
RESULT: {}
RESULT: {}
COMMAND: POST /session/19c5ed65dbd52b03c8c783813379e291/execute/async - {"script":"<script> [1562 bytes]","args":[{"selector":{"id":"application-managepartners-display-component---NewPartner--addressDetailDetailsName1","interaction":{"idSuffix":"inner"}},"wdio_ui5_key":"applicationmanagepartners-display-component---NewPartner--addressDetailDetailsName1"}]}
RESULT: {"script":"<script> [1562 bytes]","args":[{"selector":{"id":"application-managepartners-display-component---NewPartner--addressDetailDetailsName1","interaction":{"idSuffix":"inner"}},"wdio_ui5_key":"applicationmanagepartners-display-component---NewPartner--addressDetailDetailsName1"}]}
RESULT: undefined
COMMAND: POST /session/19c5ed65dbd52b03c8c783813379e291/execute/async - {"script":"<script> [776 bytes]","args":[{"enterText":"Intracompany Partner WDIO","selector":{"id":"application-managepartners-display-component---NewPartner--addressDetailDetailsName1","interaction":{"idSuffix":"inner"}},"clearTextFirst":true,"interactionType":"ENTER_TEXT"}]}
RESULT: {"script":"<script> [776 bytes]","args":[{"enterText":"Intracompany Partner WDIO","selector":{"id":"application-managepartners-display-component---NewPartner--addressDetailDetailsName1","interaction":{"idSuffix":"inner"}},"clearTextFirst":true,"interactionType":"ENTER_TEXT"}]}
COMMAND: POST /session/19c5ed65dbd52b03c8c783813379e291/execute/async - {"script":"<script> [1562 bytes]","args":[{"selector":{"id":"application-managepartners-display-component---NewPartner--addressDetailDetailsLanguage-arrow"},"wdio_ui5_key":"applicationmanagepartners-display-component---NewPartner--addressDetailDetailsLanguage-arrow"}]}
RESULT: {"script":"<script> [1562 bytes]","args":[{"selector":{"id":"application-managepartners-display-component---NewPartner--addressDetailDetailsLanguage-arrow"},"wdio_ui5_key":"applicationmanagepartners-display-component---NewPartner--addressDetailDetailsLanguage-arrow"}]}
RESULT: undefined
COMMAND: POST /session/19c5ed65dbd52b03c8c783813379e291/element - {"using":"xpath","value":"//*[@id=\"application-managepartners-display-component---NewPartner--addressDetailDetailsLanguage-arrow\"]"}
RESULT: {"using":"xpath","value":"//*[@id=\"application-managepartners-display-component---NewPartner--addressDetailDetailsLanguage-arrow\"]"}
COMMAND: POST /session/19c5ed65dbd52b03c8c783813379e291/element/f.1FACEF5F4F0044855A63ECD1C0A7B6EF.d.DF482C0D017F6747EB3589C4400FD2A7.e.1496/click - {}
RESULT: {}
COMMAND: POST /session/19c5ed65dbd52b03c8c783813379e291/element - {"using":"xpath","value":"//span[contains(text(), \"English\")]"}
COMMAND: GET /session/19c5ed65dbd52b03c8c783813379e291/screenshot - {}
RESULT: {"using":"xpath","value":"//span[contains(text(), \"English\")]"}
COMMAND: POST /session/19c5ed65dbd52b03c8c783813379e291/element/f.1FACEF5F4F0044855A63ECD1C0A7B6EF.d.DF482C0D017F6747EB3589C4400FD2A7.e.1497/click - {}
RESULT: {}
RESULT: {}
COMMAND: GET /session/19c5ed65dbd52b03c8c783813379e291/screenshot - {}
RESULT: {}
COMMAND: POST /session/19c5ed65dbd52b03c8c783813379e291/execute/async - {"script":"<script> [1562 bytes]","args":[{"selector":{"id":"application-managepartners-display-component---NewPartner--addressDetailDetailsCity1","interaction":{"idSuffix":"inner"}},"wdio_ui5_key":"applicationmanagepartners-display-component---NewPartner--addressDetailDetailsCity1"}]}
RESULT: {"script":"<script> [1562 bytes]","args":[{"selector":{"id":"application-managepartners-display-component---NewPartner--addressDetailDetailsCity1","interaction":{"idSuffix":"inner"}},"wdio_ui5_key":"applicationmanagepartners-display-component---NewPartner--addressDetailDetailsCity1"}]}
RESULT: undefined
COMMAND: POST /session/19c5ed65dbd52b03c8c783813379e291/execute/async - {"script":"<script> [776 bytes]","args":[{"enterText":"Rosario","selector":{"id":"application-managepartners-display-component---NewPartner--addressDetailDetailsCity1","interaction":{"idSuffix":"inner"}},"clearTextFirst":true,"interactionType":"ENTER_TEXT"}]}
RESULT: {"script":"<script> [776 bytes]","args":[{"enterText":"Rosario","selector":{"id":"application-managepartners-display-component---NewPartner--addressDetailDetailsCity1","interaction":{"idSuffix":"inner"}},"clearTextFirst":true,"interactionType":"ENTER_TEXT"}]}
COMMAND: POST /session/19c5ed65dbd52b03c8c783813379e291/execute/async - {"script":"<script> [1562 bytes]","args":[{"selector":{"id":"application-managepartners-display-component---NewPartner--addressDetailDetailsCountry-arrow"},"wdio_ui5_key":"applicationmanagepartners-display-component---NewPartner--addressDetailDetailsCountry-arrow"}]}
RESULT: {"script":"<script> [1562 bytes]","args":[{"selector":{"id":"application-managepartners-display-component---NewPartner--addressDetailDetailsCountry-arrow"},"wdio_ui5_key":"applicationmanagepartners-display-component---NewPartner--addressDetailDetailsCountry-arrow"}]}
RESULT: undefined
COMMAND: POST /session/19c5ed65dbd52b03c8c783813379e291/element - {"using":"xpath","value":"//*[@id=\"application-managepartners-display-component---NewPartner--addressDetailDetailsCountry-arrow\"]"}
RESULT: {"using":"xpath","value":"//*[@id=\"application-managepartners-display-component---NewPartner--addressDetailDetailsCountry-arrow\"]"}
COMMAND: POST /session/19c5ed65dbd52b03c8c783813379e291/element/f.1FACEF5F4F0044855A63ECD1C0A7B6EF.d.DF482C0D017F6747EB3589C4400FD2A7.e.1478/click - {}
RESULT: {}
COMMAND: POST /session/19c5ed65dbd52b03c8c783813379e291/element - {"using":"xpath","value":"//span[contains(text(), \"Argentina\")]"}
COMMAND: GET /session/19c5ed65dbd52b03c8c783813379e291/screenshot - {}
RESULT: {"using":"xpath","value":"//span[contains(text(), \"Argentina\")]"}
COMMAND: POST /session/19c5ed65dbd52b03c8c783813379e291/element/f.1FACEF5F4F0044855A63ECD1C0A7B6EF.d.DF482C0D017F6747EB3589C4400FD2A7.e.1499/click - {}
RESULT: {}
RESULT: {}
COMMAND: GET /session/19c5ed65dbd52b03c8c783813379e291/screenshot - {}
RESULT: {}
COMMAND: POST /session/19c5ed65dbd52b03c8c783813379e291/element - {"using":"xpath","value":"//bdi[contains(text(), \"Commercial\")]"}
RESULT: {"using":"xpath","value":"//bdi[contains(text(), \"Commercial\")]"}
COMMAND: POST /session/19c5ed65dbd52b03c8c783813379e291/element/f.1FACEF5F4F0044855A63ECD1C0A7B6EF.d.DF482C0D017F6747EB3589C4400FD2A7.e.1500/click - {}
RESULT: {}
COMMAND: GET /session/19c5ed65dbd52b03c8c783813379e291/screenshot - {}
RESULT: {}
COMMAND: POST /session/19c5ed65dbd52b03c8c783813379e291/execute/async - {"script":"<script> [1562 bytes]","args":[{"selector":{"id":"application-managepartners-display-component---NewPartner--partnerDetailInternal-arrow"},"wdio_ui5_key":"applicationmanagepartners-display-component---NewPartner--partnerDetailInternal-arrow"}]}
RESULT: {"script":"<script> [1562 bytes]","args":[{"selector":{"id":"application-managepartners-display-component---NewPartner--partnerDetailInternal-arrow"},"wdio_ui5_key":"applicationmanagepartners-display-component---NewPartner--partnerDetailInternal-arrow"}]}
RESULT: undefined
COMMAND: POST /session/19c5ed65dbd52b03c8c783813379e291/element - {"using":"xpath","value":"//*[@id=\"application-managepartners-display-component---NewPartner--partnerDetailInternal-arrow\"]"}
RESULT: {"using":"xpath","value":"//*[@id=\"application-managepartners-display-component---NewPartner--partnerDetailInternal-arrow\"]"}
COMMAND: POST /session/19c5ed65dbd52b03c8c783813379e291/element/f.1FACEF5F4F0044855A63ECD1C0A7B6EF.d.DF482C0D017F6747EB3589C4400FD2A7.e.1506/click - {}
RESULT: {}
COMMAND: POST /session/19c5ed65dbd52b03c8c783813379e291/element - {"using":"xpath","value":"//span[contains(text(), \"Affiliated company\")]"}
COMMAND: GET /session/19c5ed65dbd52b03c8c783813379e291/screenshot - {}
RESULT: {"using":"xpath","value":"//span[contains(text(), \"Affiliated company\")]"}
COMMAND: POST /session/19c5ed65dbd52b03c8c783813379e291/element/f.1FACEF5F4F0044855A63ECD1C0A7B6EF.d.DF482C0D017F6747EB3589C4400FD2A7.e.1509/click - {}
RESULT: {}
RESULT: {}
COMMAND: POST /session/19c5ed65dbd52b03c8c783813379e291/execute/async - {"script":"<script> [1562 bytes]","args":[{"selector":{"id":"application-managepartners-display-component---NewPartner--partnerDetailsCurrency-arrow"},"wdio_ui5_key":"applicationmanagepartners-display-component---NewPartner--partnerDetailsCurrency-arrow"}]}
COMMAND: GET /session/19c5ed65dbd52b03c8c783813379e291/screenshot - {}
RESULT: {"script":"<script> [1562 bytes]","args":[{"selector":{"id":"application-managepartners-display-component---NewPartner--partnerDetailsCurrency-arrow"},"wdio_ui5_key":"applicationmanagepartners-display-component---NewPartner--partnerDetailsCurrency-arrow"}]}
RESULT: undefined
COMMAND: POST /session/19c5ed65dbd52b03c8c783813379e291/element - {"using":"xpath","value":"//*[@id=\"application-managepartners-display-component---NewPartner--partnerDetailsCurrency-arrow\"]"}
RESULT: {}
RESULT: {"using":"xpath","value":"//*[@id=\"application-managepartners-display-component---NewPartner--partnerDetailsCurrency-arrow\"]"}
COMMAND: POST /session/19c5ed65dbd52b03c8c783813379e291/element/f.1FACEF5F4F0044855A63ECD1C0A7B6EF.d.DF482C0D017F6747EB3589C4400FD2A7.e.1516/click - {}
RESULT: {}
COMMAND: POST /session/19c5ed65dbd52b03c8c783813379e291/element - {"using":"xpath","value":"//span[contains(text(), \"Euro\")]"}
COMMAND: GET /session/19c5ed65dbd52b03c8c783813379e291/screenshot - {}
RESULT: {"using":"xpath","value":"//span[contains(text(), \"Euro\")]"}
COMMAND: POST /session/19c5ed65dbd52b03c8c783813379e291/element/f.1FACEF5F4F0044855A63ECD1C0A7B6EF.d.DF482C0D017F6747EB3589C4400FD2A7.e.1517/click - {}
RESULT: {}
RESULT: {}
COMMAND: POST /session/19c5ed65dbd52b03c8c783813379e291/execute/async - {"script":"<script> [1562 bytes]","args":[{"selector":{"id":"application-managepartners-display-component---NewPartner--addressEditDetailsCostObjectCstType-arrow"},"wdio_ui5_key":"applicationmanagepartners-display-component---NewPartner--addressEditDetailsCostObjectCstType-arrow"}]}
COMMAND: GET /session/19c5ed65dbd52b03c8c783813379e291/screenshot - {}
RESULT: {"script":"<script> [1562 bytes]","args":[{"selector":{"id":"application-managepartners-display-component---NewPartner--addressEditDetailsCostObjectCstType-arrow"},"wdio_ui5_key":"applicationmanagepartners-display-component---NewPartner--addressEditDetailsCostObjectCstType-arrow"}]}
RESULT: undefined
COMMAND: POST /session/19c5ed65dbd52b03c8c783813379e291/element - {"using":"xpath","value":"//*[@id=\"application-managepartners-display-component---NewPartner--addressEditDetailsCostObjectCstType-arrow\"]"}
RESULT: {}
RESULT: {"using":"xpath","value":"//*[@id=\"application-managepartners-display-component---NewPartner--addressEditDetailsCostObjectCstType-arrow\"]"}
COMMAND: POST /session/19c5ed65dbd52b03c8c783813379e291/element/f.1FACEF5F4F0044855A63ECD1C0A7B6EF.d.DF482C0D017F6747EB3589C4400FD2A7.e.1518/click - {}
RESULT: {}
COMMAND: POST /session/19c5ed65dbd52b03c8c783813379e291/element - {"using":"xpath","value":"//span[contains(text(), \"Cost Center\")]"}
COMMAND: GET /session/19c5ed65dbd52b03c8c783813379e291/screenshot - {}
RESULT: {"using":"xpath","value":"//span[contains(text(), \"Cost Center\")]"}
COMMAND: POST /session/19c5ed65dbd52b03c8c783813379e291/element/f.1FACEF5F4F0044855A63ECD1C0A7B6EF.d.DF482C0D017F6747EB3589C4400FD2A7.e.1519/click - {}
RESULT: {}
RESULT: {}
COMMAND: GET /session/19c5ed65dbd52b03c8c783813379e291/screenshot - {}
RESULT: {}
COMMAND: POST /session/19c5ed65dbd52b03c8c783813379e291/element - {"using":"xpath","value":"//span[@id=\"application-managepartners-display-component---NewPartner--addressNewCostObjectCstID-vhi\"]"}
RESULT: {"using":"xpath","value":"//span[@id=\"application-managepartners-display-component---NewPartner--addressNewCostObjectCstID-vhi\"]"}
COMMAND: POST /session/19c5ed65dbd52b03c8c783813379e291/execute/sync - {"script":"<script> [8489 bytes]","args":[{"element-6066-11e4-a52e-4f735466cecf":"f.1FACEF5F4F0044855A63ECD1C0A7B6EF.d.DF482C0D017F6747EB3589C4400FD2A7.e.1523","ELEMENT":"f.1FACEF5F4F0044855A63ECD1C0A7B6EF.d.DF482C0D017F6747EB3589C4400FD2A7.e.1523"}]}
RESULT: {"script":"<script> [8489 bytes]","args":[{"element-6066-11e4-a52e-4f735466cecf":"f.1FACEF5F4F0044855A63ECD1C0A7B6EF.d.DF482C0D017F6747EB3589C4400FD2A7.e.1523","ELEMENT":"f.1FACEF5F4F0044855A63ECD1C0A7B6EF.d.DF482C0D017F6747EB3589C4400FD2A7.e.1523"}]}
COMMAND: POST /session/19c5ed65dbd52b03c8c783813379e291/execute/async - {"script":"<script> [1562 bytes]","args":[{"selector":{"id":"application-managepartners-display-component---NewPartner--addressNewCostObjectCstID-vhi"},"wdio_ui5_key":"applicationmanagepartners-display-component---NewPartner--addressNewCostObjectCstID-vhi"}]}
COMMAND: GET /session/19c5ed65dbd52b03c8c783813379e291/screenshot - {}
RESULT: {"script":"<script> [1562 bytes]","args":[{"selector":{"id":"application-managepartners-display-component---NewPartner--addressNewCostObjectCstID-vhi"},"wdio_ui5_key":"applicationmanagepartners-display-component---NewPartner--addressNewCostObjectCstID-vhi"}]}
RESULT: undefined
COMMAND: POST /session/19c5ed65dbd52b03c8c783813379e291/element - {"using":"xpath","value":"//*[@id=\"application-managepartners-display-component---NewPartner--addressNewCostObjectCstID-vhi\"]"}
RESULT: {}
RESULT: {"using":"xpath","value":"//*[@id=\"application-managepartners-display-component---NewPartner--addressNewCostObjectCstID-vhi\"]"}
COMMAND: POST /session/19c5ed65dbd52b03c8c783813379e291/element/f.1FACEF5F4F0044855A63ECD1C0A7B6EF.d.DF482C0D017F6747EB3589C4400FD2A7.e.1523/click - {}
RESULT: {}
COMMAND: GET /session/19c5ed65dbd52b03c8c783813379e291/screenshot - {}
RESULT: {}
RESULT: undefined
COMMAND: POST /session/19c5ed65dbd52b03c8c783813379e291/execute/async - {"script":"<script> [776 bytes]","args":[{"enterText":"10001013","selector":{"controlType":"sap.m.SearchField","properties":{"placeholder":"Search"},"searchOpenDialogs":true,"interaction":{"idSuffix":"I"}},"clearTextFirst":true,"interactionType":"ENTER_TEXT"}]}
RESULT: {"script":"<script> [776 bytes]","args":[{"enterText":"10001013","selector":{"controlType":"sap.m.SearchField","properties":{"placeholder":"Search"},"searchOpenDialogs":true,"interaction":{"idSuffix":"I"}},"clearTextFirst":true,"interactionType":"ENTER_TEXT"}]}
COMMAND: POST /session/19c5ed65dbd52b03c8c783813379e291/actions - {"actions":[{"id":"action2","type":"key","parameters":{},"actions":[{"type":"keyDown","value":""},{"type":"pause","duration":10},{"type":"keyUp","value":""}]}]}
RESULT: {"actions":[{"id":"action2","type":"key","parameters":{},"actions":[{"type":"keyDown","value":""},{"type":"pause","duration":10},{"type":"keyUp","value":""}]}]}
COMMAND: GET /session/19c5ed65dbd52b03c8c783813379e291/screenshot - {}
RESULT: {}
COMMAND: POST /session/19c5ed65dbd52b03c8c783813379e291/element - {"using":"xpath","value":"//span[contains(text(), \"General Management\")]"}
RESULT: {"using":"xpath","value":"//span[contains(text(), \"General Management\")]"}
COMMAND: POST /session/19c5ed65dbd52b03c8c783813379e291/element/f.1FACEF5F4F0044855A63ECD1C0A7B6EF.d.DF482C0D017F6747EB3589C4400FD2A7.e.1561/click - {}
RESULT: {}
COMMAND: GET /session/19c5ed65dbd52b03c8c783813379e291/screenshot - {}
RESULT: {}
COMMAND: POST /session/19c5ed65dbd52b03c8c783813379e291/element - {"using":"xpath","value":"//bdi[contains(text(), \"OK\")]"}
RESULT: {"using":"xpath","value":"//bdi[contains(text(), \"OK\")]"}
COMMAND: POST /session/19c5ed65dbd52b03c8c783813379e291/element/f.1FACEF5F4F0044855A63ECD1C0A7B6EF.d.DF482C0D017F6747EB3589C4400FD2A7.e.1562/click - {}
RESULT: {}
COMMAND: GET /session/19c5ed65dbd52b03c8c783813379e291/screenshot - {}
RESULT: {}
COMMAND: POST /session/19c5ed65dbd52b03c8c783813379e291/element - {"using":"xpath","value":"//input[@id=\"application-managepartners-display-component---NewPartner--companyCodeComboBox-inner\"]"}
RESULT: {"using":"xpath","value":"//input[@id=\"application-managepartners-display-component---NewPartner--companyCodeComboBox-inner\"]"}
COMMAND: POST /session/19c5ed65dbd52b03c8c783813379e291/element/f.1FACEF5F4F0044855A63ECD1C0A7B6EF.d.DF482C0D017F6747EB3589C4400FD2A7.e.1401/clear - {}
RESULT: {}
COMMAND: POST /session/19c5ed65dbd52b03c8c783813379e291/element/f.1FACEF5F4F0044855A63ECD1C0A7B6EF.d.DF482C0D017F6747EB3589C4400FD2A7.e.1401/value - {"text":"1000"}
COMMAND: GET /session/19c5ed65dbd52b03c8c783813379e291/screenshot - {}
RESULT: {"text":"1000"}
COMMAND: GET /session/19c5ed65dbd52b03c8c783813379e291/screenshot - {}
RESULT: {}
RESULT: {}
COMMAND: POST /session/19c5ed65dbd52b03c8c783813379e291/element - {"using":"xpath","value":"//li[.//span[text()= \"1000\"]]"}
RESULT: {"using":"xpath","value":"//li[.//span[text()= \"1000\"]]"}
COMMAND: POST /session/19c5ed65dbd52b03c8c783813379e291/element/f.1FACEF5F4F0044855A63ECD1C0A7B6EF.d.DF482C0D017F6747EB3589C4400FD2A7.e.1568/click - {}
RESULT: {}
COMMAND: GET /session/19c5ed65dbd52b03c8c783813379e291/screenshot - {}
RESULT: {}
COMMAND: POST /session/19c5ed65dbd52b03c8c783813379e291/execute/async - {"script":"<script> [1562 bytes]","args":[{"selector":{"id":"application-managepartners-display-component---NewPartner--btnAddTableRow-img"},"wdio_ui5_key":"applicationmanagepartners-display-component---NewPartner--btnAddTableRow-img"}]}
RESULT: {"script":"<script> [1562 bytes]","args":[{"selector":{"id":"application-managepartners-display-component---NewPartner--btnAddTableRow-img"},"wdio_ui5_key":"applicationmanagepartners-display-component---NewPartner--btnAddTableRow-img"}]}
RESULT: undefined
COMMAND: POST /session/19c5ed65dbd52b03c8c783813379e291/element - {"using":"xpath","value":"//*[@id=\"application-managepartners-display-component---NewPartner--btnAddTableRow-img\"]"}
RESULT: {"using":"xpath","value":"//*[@id=\"application-managepartners-display-component---NewPartner--btnAddTableRow-img\"]"}
COMMAND: POST /session/19c5ed65dbd52b03c8c783813379e291/element/f.1FACEF5F4F0044855A63ECD1C0A7B6EF.d.DF482C0D017F6747EB3589C4400FD2A7.e.1569/click - {}
RESULT: {}
COMMAND: GET /session/19c5ed65dbd52b03c8c783813379e291/screenshot - {}
RESULT: {}
COMMAND: POST /session/19c5ed65dbd52b03c8c783813379e291/element - {"using":"xpath","value":"//input[@id=\"application-managepartners-display-component---NewPartner--assignmentYard-application-managepartners-display-component---NewPartner--assignmentsTable-0-inner\"]"}
RESULT: {"using":"xpath","value":"//input[@id=\"application-managepartners-display-component---NewPartner--assignmentYard-application-managepartners-display-component---NewPartner--assignmentsTable-0-inner\"]"}
COMMAND: POST /session/19c5ed65dbd52b03c8c783813379e291/element/f.1FACEF5F4F0044855A63ECD1C0A7B6EF.d.DF482C0D017F6747EB3589C4400FD2A7.e.1572/clear - {}
RESULT: {}
COMMAND: POST /session/19c5ed65dbd52b03c8c783813379e291/element/f.1FACEF5F4F0044855A63ECD1C0A7B6EF.d.DF482C0D017F6747EB3589C4400FD2A7.e.1572/value - {"text":"504"}
COMMAND: GET /session/19c5ed65dbd52b03c8c783813379e291/screenshot - {}
RESULT: {"text":"504"}
COMMAND: GET /session/19c5ed65dbd52b03c8c783813379e291/screenshot - {}
RESULT: {}
RESULT: {}
COMMAND: POST /session/19c5ed65dbd52b03c8c783813379e291/element - {"using":"xpath","value":"//li[.//span[text()='504']]"}
RESULT: {"using":"xpath","value":"//li[.//span[text()='504']]"}
COMMAND: POST /session/19c5ed65dbd52b03c8c783813379e291/element/f.1FACEF5F4F0044855A63ECD1C0A7B6EF.d.DF482C0D017F6747EB3589C4400FD2A7.e.1581/click - {}
RESULT: {}
COMMAND: GET /session/19c5ed65dbd52b03c8c783813379e291/screenshot - {}
RESULT: {}
COMMAND: POST /session/19c5ed65dbd52b03c8c783813379e291/actions - {"actions":[{"id":"action3","type":"key","parameters":{},"actions":[{"type":"keyDown","value":""},{"type":"pause","duration":10},{"type":"keyUp","value":""}]}]}
RESULT: {"actions":[{"id":"action3","type":"key","parameters":{},"actions":[{"type":"keyDown","value":""},{"type":"pause","duration":10},{"type":"keyUp","value":""}]}]}
COMMAND: POST /session/19c5ed65dbd52b03c8c783813379e291/execute/async - {"script":"<script> [1562 bytes]","args":[{"selector":{"id":"application-managepartners-display-component---NewPartner--externalCustomerComboBox-application-managepartners-display-component---NewPartner--assignmentsTable-0-vhi"},"wdio_ui5_key":"applicationmanagepartners-display-component---NewPartner--externalCustomerComboBox-application-managepartners-display-component---NewPartner--assignmentsTable-0-vhi"}]}
COMMAND: GET /session/19c5ed65dbd52b03c8c783813379e291/screenshot - {}
RESULT: {"script":"<script> [1562 bytes]","args":[{"selector":{"id":"application-managepartners-display-component---NewPartner--externalCustomerComboBox-application-managepartners-display-component---NewPartner--assignmentsTable-0-vhi"},"wdio_ui5_key":"applicationmanagepartners-display-component---NewPartner--externalCustomerComboBox-application-managepartners-display-component---NewPartner--assignmentsTable-0-vhi"}]}
RESULT: undefined
COMMAND: POST /session/19c5ed65dbd52b03c8c783813379e291/element - {"using":"xpath","value":"//*[@id=\"application-managepartners-display-component---NewPartner--externalCustomerComboBox-application-managepartners-display-component---NewPartner--assignmentsTable-0-vhi\"]"}
RESULT: {}
RESULT: {"using":"xpath","value":"//*[@id=\"application-managepartners-display-component---NewPartner--externalCustomerComboBox-application-managepartners-display-component---NewPartner--assignmentsTable-0-vhi\"]"}
COMMAND: POST /session/19c5ed65dbd52b03c8c783813379e291/element/f.1FACEF5F4F0044855A63ECD1C0A7B6EF.d.DF482C0D017F6747EB3589C4400FD2A7.e.1585/click - {}
RESULT: {}
RESULT: undefined
COMMAND: POST /session/19c5ed65dbd52b03c8c783813379e291/execute/async - {"script":"<script> [776 bytes]","args":[{"enterText":"300003","selector":{"controlType":"sap.m.SearchField","properties":{"placeholder":"Search"},"searchOpenDialogs":true,"interaction":{"idSuffix":"I"}},"clearTextFirst":true,"interactionType":"ENTER_TEXT"}]}
COMMAND: GET /session/19c5ed65dbd52b03c8c783813379e291/screenshot - {}
RESULT: {"script":"<script> [776 bytes]","args":[{"enterText":"300003","selector":{"controlType":"sap.m.SearchField","properties":{"placeholder":"Search"},"searchOpenDialogs":true,"interaction":{"idSuffix":"I"}},"clearTextFirst":true,"interactionType":"ENTER_TEXT"}]}
COMMAND: POST /session/19c5ed65dbd52b03c8c783813379e291/actions - {"actions":[{"id":"action4","type":"key","parameters":{},"actions":[{"type":"keyDown","value":""},{"type":"pause","duration":10},{"type":"keyUp","value":""}]}]}
RESULT: {}
RESULT: {"actions":[{"id":"action4","type":"key","parameters":{},"actions":[{"type":"keyDown","value":""},{"type":"pause","duration":10},{"type":"keyUp","value":""}]}]}
COMMAND: GET /session/19c5ed65dbd52b03c8c783813379e291/screenshot - {}
RESULT: {}
COMMAND: POST /session/19c5ed65dbd52b03c8c783813379e291/element - {"using":"xpath","value":"//span[contains(text(), \"300003\")]"}
RESULT: {"using":"xpath","value":"//span[contains(text(), \"300003\")]"}
COMMAND: POST /session/19c5ed65dbd52b03c8c783813379e291/element/f.1FACEF5F4F0044855A63ECD1C0A7B6EF.d.DF482C0D017F6747EB3589C4400FD2A7.e.1603/click - {}
RESULT: {}
COMMAND: GET /session/19c5ed65dbd52b03c8c783813379e291/screenshot - {}
RESULT: {}
COMMAND: POST /session/19c5ed65dbd52b03c8c783813379e291/element - {"using":"xpath","value":"//bdi[contains(text(), \"OK\")]"}
RESULT: {"using":"xpath","value":"//bdi[contains(text(), \"OK\")]"}
COMMAND: POST /session/19c5ed65dbd52b03c8c783813379e291/element/f.1FACEF5F4F0044855A63ECD1C0A7B6EF.d.DF482C0D017F6747EB3589C4400FD2A7.e.1605/click - {}
RESULT: {}
COMMAND: GET /session/19c5ed65dbd52b03c8c783813379e291/screenshot - {}
RESULT: {}
COMMAND: POST /session/19c5ed65dbd52b03c8c783813379e291/execute/async - {"script":"<script> [1562 bytes]","args":[{"selector":{"id":"application-managepartners-display-component---NewPartner--intercompVendorComboBox-application-managepartners-display-component---NewPartner--assignmentsTable-0-vhi"},"wdio_ui5_key":"applicationmanagepartners-display-component---NewPartner--intercompVendorComboBox-application-managepartners-display-component---NewPartner--assignmentsTable-0-vhi"}]}
RESULT: {"script":"<script> [1562 bytes]","args":[{"selector":{"id":"application-managepartners-display-component---NewPartner--intercompVendorComboBox-application-managepartners-display-component---NewPartner--assignmentsTable-0-vhi"},"wdio_ui5_key":"applicationmanagepartners-display-component---NewPartner--intercompVendorComboBox-application-managepartners-display-component---NewPartner--assignmentsTable-0-vhi"}]}
RESULT: undefined
COMMAND: POST /session/19c5ed65dbd52b03c8c783813379e291/element - {"using":"xpath","value":"//*[@id=\"application-managepartners-display-component---NewPartner--intercompVendorComboBox-application-managepartners-display-component---NewPartner--assignmentsTable-0-vhi\"]"}
RESULT: {"using":"xpath","value":"//*[@id=\"application-managepartners-display-component---NewPartner--intercompVendorComboBox-application-managepartners-display-component---NewPartner--assignmentsTable-0-vhi\"]"}
COMMAND: POST /session/19c5ed65dbd52b03c8c783813379e291/element/f.1FACEF5F4F0044855A63ECD1C0A7B6EF.d.DF482C0D017F6747EB3589C4400FD2A7.e.1608/click - {}
RESULT: {}
RESULT: undefined
COMMAND: POST /session/19c5ed65dbd52b03c8c783813379e291/execute/async - {"script":"<script> [776 bytes]","args":[{"enterText":"100005","selector":{"controlType":"sap.m.SearchField","properties":{"placeholder":"Search"},"searchOpenDialogs":true,"interaction":{"idSuffix":"I"}},"clearTextFirst":true,"interactionType":"ENTER_TEXT"}]}
COMMAND: GET /session/19c5ed65dbd52b03c8c783813379e291/screenshot - {}
RESULT: {"script":"<script> [776 bytes]","args":[{"enterText":"100005","selector":{"controlType":"sap.m.SearchField","properties":{"placeholder":"Search"},"searchOpenDialogs":true,"interaction":{"idSuffix":"I"}},"clearTextFirst":true,"interactionType":"ENTER_TEXT"}]}
COMMAND: POST /session/19c5ed65dbd52b03c8c783813379e291/actions - {"actions":[{"id":"action5","type":"key","parameters":{},"actions":[{"type":"keyDown","value":""},{"type":"pause","duration":10},{"type":"keyUp","value":""}]}]}
RESULT: {}
RESULT: {"actions":[{"id":"action5","type":"key","parameters":{},"actions":[{"type":"keyDown","value":""},{"type":"pause","duration":10},{"type":"keyUp","value":""}]}]}
COMMAND: GET /session/19c5ed65dbd52b03c8c783813379e291/screenshot - {}
RESULT: {}
COMMAND: POST /session/19c5ed65dbd52b03c8c783813379e291/element - {"using":"xpath","value":"//span[contains(text(), \"Penguins - Field/12345 Berlin\")]"}
RESULT: {"using":"xpath","value":"//span[contains(text(), \"Penguins - Field/12345 Berlin\")]"}
COMMAND: POST /session/19c5ed65dbd52b03c8c783813379e291/element/f.1FACEF5F4F0044855A63ECD1C0A7B6EF.d.DF482C0D017F6747EB3589C4400FD2A7.e.1625/click - {}
RESULT: {}
COMMAND: GET /session/19c5ed65dbd52b03c8c783813379e291/screenshot - {}
RESULT: {}
COMMAND: POST /session/19c5ed65dbd52b03c8c783813379e291/element - {"using":"xpath","value":"//bdi[contains(text(), \"OK\")]"}
RESULT: {"using":"xpath","value":"//bdi[contains(text(), \"OK\")]"}
COMMAND: POST /session/19c5ed65dbd52b03c8c783813379e291/element/f.1FACEF5F4F0044855A63ECD1C0A7B6EF.d.DF482C0D017F6747EB3589C4400FD2A7.e.1626/click - {}
RESULT: {}
COMMAND: GET /session/19c5ed65dbd52b03c8c783813379e291/screenshot - {}
RESULT: {}
COMMAND: POST /session/19c5ed65dbd52b03c8c783813379e291/element - {"using":"xpath","value":"//button[@data-kt=\"saveButton\"]"}
RESULT: {"using":"xpath","value":"//button[@data-kt=\"saveButton\"]"}
COMMAND: POST /session/19c5ed65dbd52b03c8c783813379e291/element/f.1FACEF5F4F0044855A63ECD1C0A7B6EF.d.DF482C0D017F6747EB3589C4400FD2A7.e.1480/click - {}
RESULT: {}
COMMAND: GET /session/19c5ed65dbd52b03c8c783813379e291/screenshot - {}
RESULT: {}
COMMAND: POST /session/19c5ed65dbd52b03c8c783813379e291/element - {"using":"xpath","value":"//header[contains(@id, 'ObjectPageLayout-headerTitle')]/div[1]/div[2]/div[2]/span[1]"}
RESULT: {"using":"xpath","value":"//header[contains(@id, 'ObjectPageLayout-headerTitle')]/div[1]/div[2]/div[2]/span[1]"}
COMMAND: POST /session/19c5ed65dbd52b03c8c783813379e291/elements - {"using":"xpath","value":"//header[contains(@id, 'ObjectPageLayout-headerTitle')]/div[1]/div[2]/div[2]/span[1]"}
RESULT: {"using":"xpath","value":"//header[contains(@id, 'ObjectPageLayout-headerTitle')]/div[1]/div[2]/div[2]/span[1]"}
COMMAND: POST /session/19c5ed65dbd52b03c8c783813379e291/execute/sync - {"script":"<script> [56 bytes]","args":[{"element-6066-11e4-a52e-4f735466cecf":"f.1FACEF5F4F0044855A63ECD1C0A7B6EF.d.DF482C0D017F6747EB3589C4400FD2A7.e.1792","ELEMENT":"f.1FACEF5F4F0044855A63ECD1C0A7B6EF.d.DF482C0D017F6747EB3589C4400FD2A7.e.1792"}]}
RESULT: {"script":"<script> [56 bytes]","args":[{"element-6066-11e4-a52e-4f735466cecf":"f.1FACEF5F4F0044855A63ECD1C0A7B6EF.d.DF482C0D017F6747EB3589C4400FD2A7.e.1792","ELEMENT":"f.1FACEF5F4F0044855A63ECD1C0A7B6EF.d.DF482C0D017F6747EB3589C4400FD2A7.e.1792"}]}
COMMAND: POST /session/19c5ed65dbd52b03c8c783813379e291/element - {"using":"css selector","value":"#shell-header-logo"}
COMMAND: GET /session/19c5ed65dbd52b03c8c783813379e291/screenshot - {}
RESULT: {"using":"css selector","value":"#shell-header-logo"}
COMMAND: POST /session/19c5ed65dbd52b03c8c783813379e291/element/f.1FACEF5F4F0044855A63ECD1C0A7B6EF.d.DF482C0D017F6747EB3589C4400FD2A7.e.1017/click - {}
RESULT: {}
RESULT: {}
COMMAND: GET /session/19c5ed65dbd52b03c8c783813379e291/screenshot - {}
RESULT: {}
COMMAND: POST /session/19c5ed65dbd52b03c8c783813379e291/execute/sync - {"script":"<script> [299 bytes]","args":[["getModel","getResource"]]}
RESULT: {"script":"<script> [299 bytes]","args":[["getModel","getResource"]]}
COMMAND: GET /session/19c5ed65dbd52b03c8c783813379e291/screenshot - {}
]]></system-out>
    </testcase>
    <testcase classname="chrome.136_0_7103_93.windows.Billing_confirm_US117289" name="Should create a new site" time="102.735">
      <system-out><![CDATA[
COMMAND: POST /session/19c5ed65dbd52b03c8c783813379e291/execute/async - {"script":"<script> [1562 bytes]","args":[{"selector":{"controlType":"sap.m.GenericTile","properties":{"header":"Manage Sites"}},"wdio_ui5_key":"sapm.GenericTile{\"header\":\"Manage Sites\"}"}]}
RESULT: {}
RESULT: {"script":"<script> [1562 bytes]","args":[{"selector":{"controlType":"sap.m.GenericTile","properties":{"header":"Manage Sites"}},"wdio_ui5_key":"sapm.GenericTile{\"header\":\"Manage Sites\"}"}]}
RESULT: undefined
COMMAND: POST /session/19c5ed65dbd52b03c8c783813379e291/element - {"using":"xpath","value":"//*[@id=\"__tile40\"]"}
RESULT: {"using":"xpath","value":"//*[@id=\"__tile40\"]"}
COMMAND: POST /session/19c5ed65dbd52b03c8c783813379e291/element/f.1FACEF5F4F0044855A63ECD1C0A7B6EF.d.DF482C0D017F6747EB3589C4400FD2A7.e.165/click - {}
RESULT: {}
COMMAND: GET /session/19c5ed65dbd52b03c8c783813379e291/screenshot - {}
RESULT: {}
COMMAND: POST /session/19c5ed65dbd52b03c8c783813379e291/elements - {"using":"xpath","value":"//span[text()='Error']"}
RESULT: {"using":"xpath","value":"//span[text()='Error']"}
COMMAND: POST /session/19c5ed65dbd52b03c8c783813379e291/element - {"using":"xpath","value":"//button[@data-kt=\"addOverflowToolbarButton\"]"}
RESULT: {"using":"xpath","value":"//button[@data-kt=\"addOverflowToolbarButton\"]"}
COMMAND: POST /session/19c5ed65dbd52b03c8c783813379e291/elements - {"using":"xpath","value":"//button[@data-kt=\"addOverflowToolbarButton\"]"}
RESULT: {"using":"xpath","value":"//button[@data-kt=\"addOverflowToolbarButton\"]"}
COMMAND: POST /session/19c5ed65dbd52b03c8c783813379e291/execute/sync - {"script":"<script> [8489 bytes]","args":[{"element-6066-11e4-a52e-4f735466cecf":"f.1FACEF5F4F0044855A63ECD1C0A7B6EF.d.DF482C0D017F6747EB3589C4400FD2A7.e.1840","ELEMENT":"f.1FACEF5F4F0044855A63ECD1C0A7B6EF.d.DF482C0D017F6747EB3589C4400FD2A7.e.1840"}]}
RESULT: {"script":"<script> [8489 bytes]","args":[{"element-6066-11e4-a52e-4f735466cecf":"f.1FACEF5F4F0044855A63ECD1C0A7B6EF.d.DF482C0D017F6747EB3589C4400FD2A7.e.1840","ELEMENT":"f.1FACEF5F4F0044855A63ECD1C0A7B6EF.d.DF482C0D017F6747EB3589C4400FD2A7.e.1840"}]}
COMMAND: GET /session/19c5ed65dbd52b03c8c783813379e291/element/f.1FACEF5F4F0044855A63ECD1C0A7B6EF.d.DF482C0D017F6747EB3589C4400FD2A7.e.1840/enabled - {}
COMMAND: GET /session/19c5ed65dbd52b03c8c783813379e291/screenshot - {}
RESULT: {}
COMMAND: POST /session/19c5ed65dbd52b03c8c783813379e291/execute/sync - {"script":"<script> [8489 bytes]","args":[{"element-6066-11e4-a52e-4f735466cecf":"f.1FACEF5F4F0044855A63ECD1C0A7B6EF.d.DF482C0D017F6747EB3589C4400FD2A7.e.1840","ELEMENT":"f.1FACEF5F4F0044855A63ECD1C0A7B6EF.d.DF482C0D017F6747EB3589C4400FD2A7.e.1840"}]}
COMMAND: GET /session/19c5ed65dbd52b03c8c783813379e291/screenshot - {}
RESULT: {}
RESULT: {"script":"<script> [8489 bytes]","args":[{"element-6066-11e4-a52e-4f735466cecf":"f.1FACEF5F4F0044855A63ECD1C0A7B6EF.d.DF482C0D017F6747EB3589C4400FD2A7.e.1840","ELEMENT":"f.1FACEF5F4F0044855A63ECD1C0A7B6EF.d.DF482C0D017F6747EB3589C4400FD2A7.e.1840"}]}
COMMAND: POST /session/19c5ed65dbd52b03c8c783813379e291/execute/sync - {"script":"<script> [5351 bytes]","args":[{"element-6066-11e4-a52e-4f735466cecf":"f.1FACEF5F4F0044855A63ECD1C0A7B6EF.d.DF482C0D017F6747EB3589C4400FD2A7.e.1840","ELEMENT":"f.1FACEF5F4F0044855A63ECD1C0A7B6EF.d.DF482C0D017F6747EB3589C4400FD2A7.e.1840"}]}
COMMAND: GET /session/19c5ed65dbd52b03c8c783813379e291/screenshot - {}
RESULT: {}
RESULT: {"script":"<script> [5351 bytes]","args":[{"element-6066-11e4-a52e-4f735466cecf":"f.1FACEF5F4F0044855A63ECD1C0A7B6EF.d.DF482C0D017F6747EB3589C4400FD2A7.e.1840","ELEMENT":"f.1FACEF5F4F0044855A63ECD1C0A7B6EF.d.DF482C0D017F6747EB3589C4400FD2A7.e.1840"}]}
COMMAND: POST /session/19c5ed65dbd52b03c8c783813379e291/element/f.1FACEF5F4F0044855A63ECD1C0A7B6EF.d.DF482C0D017F6747EB3589C4400FD2A7.e.1840/click - {}
COMMAND: GET /session/19c5ed65dbd52b03c8c783813379e291/screenshot - {}
RESULT: {}
RESULT: {}
COMMAND: GET /session/19c5ed65dbd52b03c8c783813379e291/screenshot - {}
RESULT: {}
RESULT: {}
COMMAND: POST /session/19c5ed65dbd52b03c8c783813379e291/element - {"using":"xpath","value":"//input[@id=\"application-managesites-display-component---NewSite--siteId-inner\"]"}
RESULT: {"using":"xpath","value":"//input[@id=\"application-managesites-display-component---NewSite--siteId-inner\"]"}
COMMAND: POST /session/19c5ed65dbd52b03c8c783813379e291/element - {"using":"xpath","value":"//input[@id=\"application-managesites-display-component---NewSite--siteId-inner\"]"}
RESULT: {"using":"xpath","value":"//input[@id=\"application-managesites-display-component---NewSite--siteId-inner\"]"}
COMMAND: POST /session/19c5ed65dbd52b03c8c783813379e291/execute/async - {"script":"<script> [1562 bytes]","args":[{"selector":{"id":"application-managesites-display-component---NewSite--addressDetailDetailsName1","interaction":{"idSuffix":"inner"}},"wdio_ui5_key":"applicationmanagesites-display-component---NewSite--addressDetailDetailsName1"}]}
RESULT: {"script":"<script> [1562 bytes]","args":[{"selector":{"id":"application-managesites-display-component---NewSite--addressDetailDetailsName1","interaction":{"idSuffix":"inner"}},"wdio_ui5_key":"applicationmanagesites-display-component---NewSite--addressDetailDetailsName1"}]}
RESULT: undefined
COMMAND: POST /session/19c5ed65dbd52b03c8c783813379e291/execute/async - {"script":"<script> [776 bytes]","args":[{"enterText":"Intracompany Site wdIO","selector":{"id":"application-managesites-display-component---NewSite--addressDetailDetailsName1","interaction":{"idSuffix":"inner"}},"clearTextFirst":true,"interactionType":"ENTER_TEXT"}]}
RESULT: {"script":"<script> [776 bytes]","args":[{"enterText":"Intracompany Site wdIO","selector":{"id":"application-managesites-display-component---NewSite--addressDetailDetailsName1","interaction":{"idSuffix":"inner"}},"clearTextFirst":true,"interactionType":"ENTER_TEXT"}]}
COMMAND: POST /session/19c5ed65dbd52b03c8c783813379e291/execute/async - {"script":"<script> [1562 bytes]","args":[{"selector":{"id":"application-managesites-display-component---NewSite--addressDetailDetailsLanguage-arrow"},"wdio_ui5_key":"applicationmanagesites-display-component---NewSite--addressDetailDetailsLanguage-arrow"}]}
RESULT: {"script":"<script> [1562 bytes]","args":[{"selector":{"id":"application-managesites-display-component---NewSite--addressDetailDetailsLanguage-arrow"},"wdio_ui5_key":"applicationmanagesites-display-component---NewSite--addressDetailDetailsLanguage-arrow"}]}
RESULT: undefined
COMMAND: POST /session/19c5ed65dbd52b03c8c783813379e291/element - {"using":"xpath","value":"//*[@id=\"application-managesites-display-component---NewSite--addressDetailDetailsLanguage-arrow\"]"}
RESULT: {"using":"xpath","value":"//*[@id=\"application-managesites-display-component---NewSite--addressDetailDetailsLanguage-arrow\"]"}
COMMAND: POST /session/19c5ed65dbd52b03c8c783813379e291/element/f.1FACEF5F4F0044855A63ECD1C0A7B6EF.d.DF482C0D017F6747EB3589C4400FD2A7.e.2458/click - {}
RESULT: {}
COMMAND: POST /session/19c5ed65dbd52b03c8c783813379e291/element - {"using":"xpath","value":"//span[contains(text(), \"English\")]"}
COMMAND: GET /session/19c5ed65dbd52b03c8c783813379e291/screenshot - {}
RESULT: {"using":"xpath","value":"//span[contains(text(), \"English\")]"}
COMMAND: POST /session/19c5ed65dbd52b03c8c783813379e291/element/f.1FACEF5F4F0044855A63ECD1C0A7B6EF.d.DF482C0D017F6747EB3589C4400FD2A7.e.2459/click - {}
RESULT: {}
RESULT: {}
COMMAND: POST /session/19c5ed65dbd52b03c8c783813379e291/execute/async - {"script":"<script> [1562 bytes]","args":[{"selector":{"id":"application-managesites-display-component---NewSite--addressDetailDetailsCity1","interaction":{"idSuffix":"inner"}},"wdio_ui5_key":"applicationmanagesites-display-component---NewSite--addressDetailDetailsCity1"}]}
COMMAND: GET /session/19c5ed65dbd52b03c8c783813379e291/screenshot - {}
RESULT: {"script":"<script> [1562 bytes]","args":[{"selector":{"id":"application-managesites-display-component---NewSite--addressDetailDetailsCity1","interaction":{"idSuffix":"inner"}},"wdio_ui5_key":"applicationmanagesites-display-component---NewSite--addressDetailDetailsCity1"}]}
RESULT: undefined
COMMAND: POST /session/19c5ed65dbd52b03c8c783813379e291/execute/async - {"script":"<script> [776 bytes]","args":[{"enterText":"Rosario","selector":{"id":"application-managesites-display-component---NewSite--addressDetailDetailsCity1","interaction":{"idSuffix":"inner"}},"clearTextFirst":true,"interactionType":"ENTER_TEXT"}]}
RESULT: {}
RESULT: {"script":"<script> [776 bytes]","args":[{"enterText":"Rosario","selector":{"id":"application-managesites-display-component---NewSite--addressDetailDetailsCity1","interaction":{"idSuffix":"inner"}},"clearTextFirst":true,"interactionType":"ENTER_TEXT"}]}
COMMAND: POST /session/19c5ed65dbd52b03c8c783813379e291/execute/async - {"script":"<script> [1562 bytes]","args":[{"selector":{"id":"application-managesites-display-component---NewSite--addressDetailDetailsCountry-arrow"},"wdio_ui5_key":"applicationmanagesites-display-component---NewSite--addressDetailDetailsCountry-arrow"}]}
RESULT: {"script":"<script> [1562 bytes]","args":[{"selector":{"id":"application-managesites-display-component---NewSite--addressDetailDetailsCountry-arrow"},"wdio_ui5_key":"applicationmanagesites-display-component---NewSite--addressDetailDetailsCountry-arrow"}]}
RESULT: undefined
COMMAND: POST /session/19c5ed65dbd52b03c8c783813379e291/element - {"using":"xpath","value":"//*[@id=\"application-managesites-display-component---NewSite--addressDetailDetailsCountry-arrow\"]"}
RESULT: {"using":"xpath","value":"//*[@id=\"application-managesites-display-component---NewSite--addressDetailDetailsCountry-arrow\"]"}
COMMAND: POST /session/19c5ed65dbd52b03c8c783813379e291/element/f.1FACEF5F4F0044855A63ECD1C0A7B6EF.d.DF482C0D017F6747EB3589C4400FD2A7.e.2461/click - {}
RESULT: {}
COMMAND: POST /session/19c5ed65dbd52b03c8c783813379e291/element - {"using":"xpath","value":"//span[contains(text(), \"Argentina\")]"}
COMMAND: GET /session/19c5ed65dbd52b03c8c783813379e291/screenshot - {}
RESULT: {"using":"xpath","value":"//span[contains(text(), \"Argentina\")]"}
COMMAND: POST /session/19c5ed65dbd52b03c8c783813379e291/element/f.1FACEF5F4F0044855A63ECD1C0A7B6EF.d.DF482C0D017F6747EB3589C4400FD2A7.e.2462/click - {}
RESULT: {}
RESULT: {}
COMMAND: GET /session/19c5ed65dbd52b03c8c783813379e291/screenshot - {}
RESULT: {}
COMMAND: POST /session/19c5ed65dbd52b03c8c783813379e291/execute/async - {"script":"<script> [1562 bytes]","args":[{"selector":{"id":"application-managesites-display-component---NewSite--addressEditDetailsCostObjectCstType-arrow"},"wdio_ui5_key":"applicationmanagesites-display-component---NewSite--addressEditDetailsCostObjectCstType-arrow"}]}
RESULT: {"script":"<script> [1562 bytes]","args":[{"selector":{"id":"application-managesites-display-component---NewSite--addressEditDetailsCostObjectCstType-arrow"},"wdio_ui5_key":"applicationmanagesites-display-component---NewSite--addressEditDetailsCostObjectCstType-arrow"}]}
RESULT: undefined
COMMAND: POST /session/19c5ed65dbd52b03c8c783813379e291/element - {"using":"xpath","value":"//*[@id=\"application-managesites-display-component---NewSite--addressEditDetailsCostObjectCstType-arrow\"]"}
RESULT: {"using":"xpath","value":"//*[@id=\"application-managesites-display-component---NewSite--addressEditDetailsCostObjectCstType-arrow\"]"}
COMMAND: POST /session/19c5ed65dbd52b03c8c783813379e291/element/f.1FACEF5F4F0044855A63ECD1C0A7B6EF.d.DF482C0D017F6747EB3589C4400FD2A7.e.2464/click - {}
RESULT: {}
COMMAND: POST /session/19c5ed65dbd52b03c8c783813379e291/element - {"using":"xpath","value":"//span[contains(text(), \"Cost Center\")]"}
COMMAND: GET /session/19c5ed65dbd52b03c8c783813379e291/screenshot - {}
RESULT: {"using":"xpath","value":"//span[contains(text(), \"Cost Center\")]"}
COMMAND: POST /session/19c5ed65dbd52b03c8c783813379e291/element/f.1FACEF5F4F0044855A63ECD1C0A7B6EF.d.DF482C0D017F6747EB3589C4400FD2A7.e.2465/click - {}
RESULT: {}
RESULT: {}
COMMAND: GET /session/19c5ed65dbd52b03c8c783813379e291/screenshot - {}
RESULT: {}
COMMAND: POST /session/19c5ed65dbd52b03c8c783813379e291/element - {"using":"xpath","value":"//span[@id=\"application-managesites-display-component---NewSite--addressNewCostObjectCstID-vhi\"]"}
RESULT: {"using":"xpath","value":"//span[@id=\"application-managesites-display-component---NewSite--addressNewCostObjectCstID-vhi\"]"}
COMMAND: POST /session/19c5ed65dbd52b03c8c783813379e291/execute/sync - {"script":"<script> [8489 bytes]","args":[{"element-6066-11e4-a52e-4f735466cecf":"f.1FACEF5F4F0044855A63ECD1C0A7B6EF.d.DF482C0D017F6747EB3589C4400FD2A7.e.2470","ELEMENT":"f.1FACEF5F4F0044855A63ECD1C0A7B6EF.d.DF482C0D017F6747EB3589C4400FD2A7.e.2470"}]}
RESULT: {"script":"<script> [8489 bytes]","args":[{"element-6066-11e4-a52e-4f735466cecf":"f.1FACEF5F4F0044855A63ECD1C0A7B6EF.d.DF482C0D017F6747EB3589C4400FD2A7.e.2470","ELEMENT":"f.1FACEF5F4F0044855A63ECD1C0A7B6EF.d.DF482C0D017F6747EB3589C4400FD2A7.e.2470"}]}
COMMAND: POST /session/19c5ed65dbd52b03c8c783813379e291/execute/async - {"script":"<script> [1562 bytes]","args":[{"selector":{"id":"application-managesites-display-component---NewSite--addressNewCostObjectCstID-vhi"},"wdio_ui5_key":"applicationmanagesites-display-component---NewSite--addressNewCostObjectCstID-vhi"}]}
COMMAND: GET /session/19c5ed65dbd52b03c8c783813379e291/screenshot - {}
RESULT: {"script":"<script> [1562 bytes]","args":[{"selector":{"id":"application-managesites-display-component---NewSite--addressNewCostObjectCstID-vhi"},"wdio_ui5_key":"applicationmanagesites-display-component---NewSite--addressNewCostObjectCstID-vhi"}]}
RESULT: undefined
COMMAND: POST /session/19c5ed65dbd52b03c8c783813379e291/element - {"using":"xpath","value":"//*[@id=\"application-managesites-display-component---NewSite--addressNewCostObjectCstID-vhi\"]"}
RESULT: {}
RESULT: {"using":"xpath","value":"//*[@id=\"application-managesites-display-component---NewSite--addressNewCostObjectCstID-vhi\"]"}
COMMAND: POST /session/19c5ed65dbd52b03c8c783813379e291/element/f.1FACEF5F4F0044855A63ECD1C0A7B6EF.d.DF482C0D017F6747EB3589C4400FD2A7.e.2470/click - {}
RESULT: {}
COMMAND: GET /session/19c5ed65dbd52b03c8c783813379e291/screenshot - {}
RESULT: {}
RESULT: undefined
COMMAND: POST /session/19c5ed65dbd52b03c8c783813379e291/execute/async - {"script":"<script> [776 bytes]","args":[{"enterText":"10001013","selector":{"controlType":"sap.m.SearchField","properties":{"placeholder":"Search"},"searchOpenDialogs":true,"interaction":{"idSuffix":"I"}},"clearTextFirst":true,"interactionType":"ENTER_TEXT"}]}
RESULT: {"script":"<script> [776 bytes]","args":[{"enterText":"10001013","selector":{"controlType":"sap.m.SearchField","properties":{"placeholder":"Search"},"searchOpenDialogs":true,"interaction":{"idSuffix":"I"}},"clearTextFirst":true,"interactionType":"ENTER_TEXT"}]}
COMMAND: POST /session/19c5ed65dbd52b03c8c783813379e291/actions - {"actions":[{"id":"action6","type":"key","parameters":{},"actions":[{"type":"keyDown","value":""},{"type":"pause","duration":10},{"type":"keyUp","value":""}]}]}
RESULT: {"actions":[{"id":"action6","type":"key","parameters":{},"actions":[{"type":"keyDown","value":""},{"type":"pause","duration":10},{"type":"keyUp","value":""}]}]}
COMMAND: GET /session/19c5ed65dbd52b03c8c783813379e291/screenshot - {}
RESULT: {}
COMMAND: POST /session/19c5ed65dbd52b03c8c783813379e291/element - {"using":"xpath","value":"//span[contains(text(), \"General Management\")]"}
RESULT: {"using":"xpath","value":"//span[contains(text(), \"General Management\")]"}
COMMAND: POST /session/19c5ed65dbd52b03c8c783813379e291/element/f.1FACEF5F4F0044855A63ECD1C0A7B6EF.d.DF482C0D017F6747EB3589C4400FD2A7.e.2508/click - {}
RESULT: {}
COMMAND: GET /session/19c5ed65dbd52b03c8c783813379e291/screenshot - {}
RESULT: {}
COMMAND: POST /session/19c5ed65dbd52b03c8c783813379e291/element - {"using":"xpath","value":"//bdi[contains(text(), \"OK\")]"}
RESULT: {"using":"xpath","value":"//bdi[contains(text(), \"OK\")]"}
COMMAND: POST /session/19c5ed65dbd52b03c8c783813379e291/element/f.1FACEF5F4F0044855A63ECD1C0A7B6EF.d.DF482C0D017F6747EB3589C4400FD2A7.e.2509/click - {}
RESULT: {}
COMMAND: GET /session/19c5ed65dbd52b03c8c783813379e291/screenshot - {}
RESULT: {}
COMMAND: POST /session/19c5ed65dbd52b03c8c783813379e291/element - {"using":"xpath","value":"//input[@id=\"application-managesites-display-component---NewSite--addressDetailDetailsCalendar-inner\"]"}
RESULT: {"using":"xpath","value":"//input[@id=\"application-managesites-display-component---NewSite--addressDetailDetailsCalendar-inner\"]"}
COMMAND: POST /session/19c5ed65dbd52b03c8c783813379e291/element/f.1FACEF5F4F0044855A63ECD1C0A7B6EF.d.DF482C0D017F6747EB3589C4400FD2A7.e.2254/clear - {}
RESULT: {}
COMMAND: POST /session/19c5ed65dbd52b03c8c783813379e291/element/f.1FACEF5F4F0044855A63ECD1C0A7B6EF.d.DF482C0D017F6747EB3589C4400FD2A7.e.2254/value - {"text":"Unit"}
COMMAND: GET /session/19c5ed65dbd52b03c8c783813379e291/screenshot - {}
RESULT: {"text":"Unit"}
COMMAND: GET /session/19c5ed65dbd52b03c8c783813379e291/screenshot - {}
RESULT: {}
RESULT: {}
COMMAND: POST /session/19c5ed65dbd52b03c8c783813379e291/actions - {"actions":[{"id":"action7","type":"key","parameters":{},"actions":[{"type":"keyDown","value":""},{"type":"pause","duration":10},{"type":"keyUp","value":""}]}]}
RESULT: {"actions":[{"id":"action7","type":"key","parameters":{},"actions":[{"type":"keyDown","value":""},{"type":"pause","duration":10},{"type":"keyUp","value":""}]}]}
COMMAND: POST /session/19c5ed65dbd52b03c8c783813379e291/element - {"using":"xpath","value":"//input[@id=\"application-managesites-display-component---NewSite--addressDetailDetailsYard-inner\"]"}
COMMAND: GET /session/19c5ed65dbd52b03c8c783813379e291/screenshot - {}
RESULT: {"using":"xpath","value":"//input[@id=\"application-managesites-display-component---NewSite--addressDetailDetailsYard-inner\"]"}
COMMAND: POST /session/19c5ed65dbd52b03c8c783813379e291/element/f.1FACEF5F4F0044855A63ECD1C0A7B6EF.d.DF482C0D017F6747EB3589C4400FD2A7.e.2255/clear - {}
RESULT: {}
RESULT: {}
COMMAND: POST /session/19c5ed65dbd52b03c8c783813379e291/element/f.1FACEF5F4F0044855A63ECD1C0A7B6EF.d.DF482C0D017F6747EB3589C4400FD2A7.e.2255/value - {"text":"504"}
COMMAND: GET /session/19c5ed65dbd52b03c8c783813379e291/screenshot - {}
RESULT: {}
RESULT: {"text":"504"}
COMMAND: GET /session/19c5ed65dbd52b03c8c783813379e291/screenshot - {}
RESULT: {}
COMMAND: POST /session/19c5ed65dbd52b03c8c783813379e291/element - {"using":"xpath","value":"//li[.//span[text()='504']]"}
RESULT: {"using":"xpath","value":"//li[.//span[text()='504']]"}
COMMAND: POST /session/19c5ed65dbd52b03c8c783813379e291/element/f.1FACEF5F4F0044855A63ECD1C0A7B6EF.d.DF482C0D017F6747EB3589C4400FD2A7.e.2517/click - {}
RESULT: {}
COMMAND: GET /session/19c5ed65dbd52b03c8c783813379e291/screenshot - {}
RESULT: {}
COMMAND: POST /session/19c5ed65dbd52b03c8c783813379e291/element - {"using":"xpath","value":"//input[@id=\"application-managesites-display-component---NewSite--addressDetailDetailsPartner-inner\"]"}
RESULT: {"using":"xpath","value":"//input[@id=\"application-managesites-display-component---NewSite--addressDetailDetailsPartner-inner\"]"}
COMMAND: POST /session/19c5ed65dbd52b03c8c783813379e291/element - {"using":"xpath","value":"//input[@id=\"application-managesites-display-component---NewSite--addressDetailDetailsPartner-inner\"]"}
RESULT: {"using":"xpath","value":"//input[@id=\"application-managesites-display-component---NewSite--addressDetailDetailsPartner-inner\"]"}
COMMAND: POST /session/19c5ed65dbd52b03c8c783813379e291/element - {"using":"xpath","value":"//button[@data-kt=\"saveButton\"]"}
RESULT: {"using":"xpath","value":"//button[@data-kt=\"saveButton\"]"}
COMMAND: POST /session/19c5ed65dbd52b03c8c783813379e291/element/f.1FACEF5F4F0044855A63ECD1C0A7B6EF.d.DF482C0D017F6747EB3589C4400FD2A7.e.2443/click - {}
RESULT: {}
COMMAND: GET /session/19c5ed65dbd52b03c8c783813379e291/screenshot - {}
RESULT: {}
COMMAND: POST /session/19c5ed65dbd52b03c8c783813379e291/element - {"using":"xpath","value":"//header[contains(@id, 'ObjectPageLayout-headerTitle')]/div[1]/div[2]/div[2]/span[1]"}
RESULT: {"using":"xpath","value":"//header[contains(@id, 'ObjectPageLayout-headerTitle')]/div[1]/div[2]/div[2]/span[1]"}
COMMAND: POST /session/19c5ed65dbd52b03c8c783813379e291/elements - {"using":"xpath","value":"//header[contains(@id, 'ObjectPageLayout-headerTitle')]/div[1]/div[2]/div[2]/span[1]"}
RESULT: {"using":"xpath","value":"//header[contains(@id, 'ObjectPageLayout-headerTitle')]/div[1]/div[2]/div[2]/span[1]"}
COMMAND: POST /session/19c5ed65dbd52b03c8c783813379e291/execute/sync - {"script":"<script> [56 bytes]","args":[{"element-6066-11e4-a52e-4f735466cecf":"f.1FACEF5F4F0044855A63ECD1C0A7B6EF.d.DF482C0D017F6747EB3589C4400FD2A7.e.2719","ELEMENT":"f.1FACEF5F4F0044855A63ECD1C0A7B6EF.d.DF482C0D017F6747EB3589C4400FD2A7.e.2719"}]}
RESULT: {"script":"<script> [56 bytes]","args":[{"element-6066-11e4-a52e-4f735466cecf":"f.1FACEF5F4F0044855A63ECD1C0A7B6EF.d.DF482C0D017F6747EB3589C4400FD2A7.e.2719","ELEMENT":"f.1FACEF5F4F0044855A63ECD1C0A7B6EF.d.DF482C0D017F6747EB3589C4400FD2A7.e.2719"}]}
COMMAND: POST /session/19c5ed65dbd52b03c8c783813379e291/element - {"using":"css selector","value":"#shell-header-logo"}
COMMAND: GET /session/19c5ed65dbd52b03c8c783813379e291/screenshot - {}
RESULT: {"using":"css selector","value":"#shell-header-logo"}
COMMAND: POST /session/19c5ed65dbd52b03c8c783813379e291/element/f.1FACEF5F4F0044855A63ECD1C0A7B6EF.d.DF482C0D017F6747EB3589C4400FD2A7.e.1798/click - {}
RESULT: {}
RESULT: {}
COMMAND: GET /session/19c5ed65dbd52b03c8c783813379e291/screenshot - {}
RESULT: {}
COMMAND: POST /session/19c5ed65dbd52b03c8c783813379e291/execute/sync - {"script":"<script> [299 bytes]","args":[["getModel","getResource"]]}
RESULT: {"script":"<script> [299 bytes]","args":[["getModel","getResource"]]}
]]></system-out>
    </testcase>
    <testcase classname="chrome.136_0_7103_93.windows.Billing_confirm_US117289" name="Should create a new equipment" time="135.53">
      <system-out><![CDATA[
COMMAND: POST /session/19c5ed65dbd52b03c8c783813379e291/execute/async - {"script":"<script> [1562 bytes]","args":[{"selector":{"controlType":"sap.m.GenericTile","properties":{"header":"Manage Resources"}},"wdio_ui5_key":"sapm.GenericTile{\"header\":\"Manage Resources\"}"}]}
COMMAND: GET /session/19c5ed65dbd52b03c8c783813379e291/screenshot - {}
RESULT: {"script":"<script> [1562 bytes]","args":[{"selector":{"controlType":"sap.m.GenericTile","properties":{"header":"Manage Resources"}},"wdio_ui5_key":"sapm.GenericTile{\"header\":\"Manage Resources\"}"}]}
RESULT: undefined
COMMAND: POST /session/19c5ed65dbd52b03c8c783813379e291/element - {"using":"xpath","value":"//*[@id=\"__tile39\"]"}
RESULT: {}
RESULT: {"using":"xpath","value":"//*[@id=\"__tile39\"]"}
COMMAND: POST /session/19c5ed65dbd52b03c8c783813379e291/element/f.1FACEF5F4F0044855A63ECD1C0A7B6EF.d.DF482C0D017F6747EB3589C4400FD2A7.e.162/click - {}
RESULT: {}
COMMAND: GET /session/19c5ed65dbd52b03c8c783813379e291/screenshot - {}
RESULT: {}
COMMAND: POST /session/19c5ed65dbd52b03c8c783813379e291/elements - {"using":"xpath","value":"//span[text()='Error']"}
RESULT: {"using":"xpath","value":"//span[text()='Error']"}
COMMAND: POST /session/19c5ed65dbd52b03c8c783813379e291/element - {"using":"xpath","value":"//button[@data-kt=\"addNewRUOverflowToolbarButton\"]"}
RESULT: {"using":"xpath","value":"//button[@data-kt=\"addNewRUOverflowToolbarButton\"]"}
COMMAND: POST /session/19c5ed65dbd52b03c8c783813379e291/elements - {"using":"xpath","value":"//button[@data-kt=\"addNewRUOverflowToolbarButton\"]"}
RESULT: {"using":"xpath","value":"//button[@data-kt=\"addNewRUOverflowToolbarButton\"]"}
COMMAND: POST /session/19c5ed65dbd52b03c8c783813379e291/elements - {"using":"xpath","value":"//button[@data-kt=\"addNewRUOverflowToolbarButton\"]"}
RESULT: {"using":"xpath","value":"//button[@data-kt=\"addNewRUOverflowToolbarButton\"]"}
COMMAND: POST /session/19c5ed65dbd52b03c8c783813379e291/elements - {"using":"xpath","value":"//button[@data-kt=\"addNewRUOverflowToolbarButton\"]"}
RESULT: {"using":"xpath","value":"//button[@data-kt=\"addNewRUOverflowToolbarButton\"]"}
COMMAND: POST /session/19c5ed65dbd52b03c8c783813379e291/element - {"using":"xpath","value":"//button[@data-kt=\"addNewRUOverflowToolbarButton\"]"}
RESULT: {"using":"xpath","value":"//button[@data-kt=\"addNewRUOverflowToolbarButton\"]"}
COMMAND: POST /session/19c5ed65dbd52b03c8c783813379e291/execute/sync - {"script":"<script> [8489 bytes]","args":[{"element-6066-11e4-a52e-4f735466cecf":"f.1FACEF5F4F0044855A63ECD1C0A7B6EF.d.DF482C0D017F6747EB3589C4400FD2A7.e.2752","ELEMENT":"f.1FACEF5F4F0044855A63ECD1C0A7B6EF.d.DF482C0D017F6747EB3589C4400FD2A7.e.2752"}]}
RESULT: {"script":"<script> [8489 bytes]","args":[{"element-6066-11e4-a52e-4f735466cecf":"f.1FACEF5F4F0044855A63ECD1C0A7B6EF.d.DF482C0D017F6747EB3589C4400FD2A7.e.2752","ELEMENT":"f.1FACEF5F4F0044855A63ECD1C0A7B6EF.d.DF482C0D017F6747EB3589C4400FD2A7.e.2752"}]}
COMMAND: GET /session/19c5ed65dbd52b03c8c783813379e291/element/f.1FACEF5F4F0044855A63ECD1C0A7B6EF.d.DF482C0D017F6747EB3589C4400FD2A7.e.2752/enabled - {}
COMMAND: GET /session/19c5ed65dbd52b03c8c783813379e291/screenshot - {}
RESULT: {}
COMMAND: POST /session/19c5ed65dbd52b03c8c783813379e291/execute/sync - {"script":"<script> [8489 bytes]","args":[{"element-6066-11e4-a52e-4f735466cecf":"f.1FACEF5F4F0044855A63ECD1C0A7B6EF.d.DF482C0D017F6747EB3589C4400FD2A7.e.2752","ELEMENT":"f.1FACEF5F4F0044855A63ECD1C0A7B6EF.d.DF482C0D017F6747EB3589C4400FD2A7.e.2752"}]}
COMMAND: GET /session/19c5ed65dbd52b03c8c783813379e291/screenshot - {}
RESULT: {}
RESULT: {"script":"<script> [8489 bytes]","args":[{"element-6066-11e4-a52e-4f735466cecf":"f.1FACEF5F4F0044855A63ECD1C0A7B6EF.d.DF482C0D017F6747EB3589C4400FD2A7.e.2752","ELEMENT":"f.1FACEF5F4F0044855A63ECD1C0A7B6EF.d.DF482C0D017F6747EB3589C4400FD2A7.e.2752"}]}
COMMAND: POST /session/19c5ed65dbd52b03c8c783813379e291/execute/sync - {"script":"<script> [5351 bytes]","args":[{"element-6066-11e4-a52e-4f735466cecf":"f.1FACEF5F4F0044855A63ECD1C0A7B6EF.d.DF482C0D017F6747EB3589C4400FD2A7.e.2752","ELEMENT":"f.1FACEF5F4F0044855A63ECD1C0A7B6EF.d.DF482C0D017F6747EB3589C4400FD2A7.e.2752"}]}
COMMAND: GET /session/19c5ed65dbd52b03c8c783813379e291/screenshot - {}
RESULT: {}
RESULT: {"script":"<script> [5351 bytes]","args":[{"element-6066-11e4-a52e-4f735466cecf":"f.1FACEF5F4F0044855A63ECD1C0A7B6EF.d.DF482C0D017F6747EB3589C4400FD2A7.e.2752","ELEMENT":"f.1FACEF5F4F0044855A63ECD1C0A7B6EF.d.DF482C0D017F6747EB3589C4400FD2A7.e.2752"}]}
COMMAND: POST /session/19c5ed65dbd52b03c8c783813379e291/element/f.1FACEF5F4F0044855A63ECD1C0A7B6EF.d.DF482C0D017F6747EB3589C4400FD2A7.e.2752/click - {}
COMMAND: GET /session/19c5ed65dbd52b03c8c783813379e291/screenshot - {}
RESULT: {}
RESULT: {}
COMMAND: GET /session/19c5ed65dbd52b03c8c783813379e291/screenshot - {}
RESULT: {}
RESULT: {}
COMMAND: POST /session/19c5ed65dbd52b03c8c783813379e291/execute/async - {"script":"<script> [1562 bytes]","args":[{"selector":{"id":"application-manageresources-display-component---newResourceUnit--TYPE-arrow"},"wdio_ui5_key":"applicationmanageresources-display-component---newResourceUnit--TYPE-arrow"}]}
RESULT: {"script":"<script> [1562 bytes]","args":[{"selector":{"id":"application-manageresources-display-component---newResourceUnit--TYPE-arrow"},"wdio_ui5_key":"applicationmanageresources-display-component---newResourceUnit--TYPE-arrow"}]}
RESULT: undefined
COMMAND: POST /session/19c5ed65dbd52b03c8c783813379e291/element - {"using":"xpath","value":"//*[@id=\"application-manageresources-display-component---newResourceUnit--TYPE-arrow\"]"}
RESULT: {"using":"xpath","value":"//*[@id=\"application-manageresources-display-component---newResourceUnit--TYPE-arrow\"]"}
COMMAND: POST /session/19c5ed65dbd52b03c8c783813379e291/element/f.1FACEF5F4F0044855A63ECD1C0A7B6EF.d.DF482C0D017F6747EB3589C4400FD2A7.e.3114/click - {}
RESULT: {}
COMMAND: POST /session/19c5ed65dbd52b03c8c783813379e291/element - {"using":"xpath","value":"//input[@id=\"application-manageresources-display-component---newResourceUnit--TYPE-inner\"]"}
COMMAND: GET /session/19c5ed65dbd52b03c8c783813379e291/screenshot - {}
RESULT: {"using":"xpath","value":"//input[@id=\"application-manageresources-display-component---newResourceUnit--TYPE-inner\"]"}
COMMAND: POST /session/19c5ed65dbd52b03c8c783813379e291/element/f.1FACEF5F4F0044855A63ECD1C0A7B6EF.d.DF482C0D017F6747EB3589C4400FD2A7.e.3103/clear - {}
RESULT: {}
RESULT: {}
COMMAND: POST /session/19c5ed65dbd52b03c8c783813379e291/element/f.1FACEF5F4F0044855A63ECD1C0A7B6EF.d.DF482C0D017F6747EB3589C4400FD2A7.e.3103/value - {"text":"Equipment"}
COMMAND: GET /session/19c5ed65dbd52b03c8c783813379e291/screenshot - {}
RESULT: {"text":"Equipment"}
COMMAND: GET /session/19c5ed65dbd52b03c8c783813379e291/screenshot - {}
RESULT: {}
RESULT: {}
COMMAND: POST /session/19c5ed65dbd52b03c8c783813379e291/actions - {"actions":[{"id":"action8","type":"key","parameters":{},"actions":[{"type":"keyDown","value":""},{"type":"pause","duration":10},{"type":"keyUp","value":""}]}]}
RESULT: {"actions":[{"id":"action8","type":"key","parameters":{},"actions":[{"type":"keyDown","value":""},{"type":"pause","duration":10},{"type":"keyUp","value":""}]}]}
COMMAND: POST /session/19c5ed65dbd52b03c8c783813379e291/execute/async - {"script":"<script> [1562 bytes]","args":[{"selector":{"id":"application-manageresources-display-component---newResourceUnit--resourceId","interaction":{"idSuffix":"inner"}},"wdio_ui5_key":"applicationmanageresources-display-component---newResourceUnit--resourceId"}]}
COMMAND: GET /session/19c5ed65dbd52b03c8c783813379e291/screenshot - {}
RESULT: {"script":"<script> [1562 bytes]","args":[{"selector":{"id":"application-manageresources-display-component---newResourceUnit--resourceId","interaction":{"idSuffix":"inner"}},"wdio_ui5_key":"applicationmanageresources-display-component---newResourceUnit--resourceId"}]}
RESULT: undefined
COMMAND: POST /session/19c5ed65dbd52b03c8c783813379e291/execute/async - {"script":"<script> [776 bytes]","args":[{"enterText":"EQV152gZYB","selector":{"id":"application-manageresources-display-component---newResourceUnit--resourceId","interaction":{"idSuffix":"inner"}},"clearTextFirst":true,"interactionType":"ENTER_TEXT"}]}
RESULT: {}
RESULT: {"script":"<script> [776 bytes]","args":[{"enterText":"EQV152gZYB","selector":{"id":"application-manageresources-display-component---newResourceUnit--resourceId","interaction":{"idSuffix":"inner"}},"clearTextFirst":true,"interactionType":"ENTER_TEXT"}]}
COMMAND: POST /session/19c5ed65dbd52b03c8c783813379e291/execute/async - {"script":"<script> [1562 bytes]","args":[{"selector":{"id":"application-manageresources-display-component---newResourceUnit--SHORT_TEXT","interaction":{"idSuffix":"inner"}},"wdio_ui5_key":"applicationmanageresources-display-component---newResourceUnit--SHORT_TEXT"}]}
RESULT: {"script":"<script> [1562 bytes]","args":[{"selector":{"id":"application-manageresources-display-component---newResourceUnit--SHORT_TEXT","interaction":{"idSuffix":"inner"}},"wdio_ui5_key":"applicationmanageresources-display-component---newResourceUnit--SHORT_TEXT"}]}
RESULT: undefined
COMMAND: POST /session/19c5ed65dbd52b03c8c783813379e291/execute/async - {"script":"<script> [776 bytes]","args":[{"enterText":"Intercompany Equipment WDIO","selector":{"id":"application-manageresources-display-component---newResourceUnit--SHORT_TEXT","interaction":{"idSuffix":"inner"}},"clearTextFirst":true,"interactionType":"ENTER_TEXT"}]}
RESULT: {"script":"<script> [776 bytes]","args":[{"enterText":"Intercompany Equipment WDIO","selector":{"id":"application-manageresources-display-component---newResourceUnit--SHORT_TEXT","interaction":{"idSuffix":"inner"}},"clearTextFirst":true,"interactionType":"ENTER_TEXT"}]}
COMMAND: POST /session/19c5ed65dbd52b03c8c783813379e291/execute/async - {"script":"<script> [1562 bytes]","args":[{"selector":{"id":"application-manageresources-display-component---newResourceUnit--BASE_UNIT_OF_MEASURE","interaction":{"idSuffix":"inner"}},"wdio_ui5_key":"applicationmanageresources-display-component---newResourceUnit--BASE_UNIT_OF_MEASURE"}]}
RESULT: {"script":"<script> [1562 bytes]","args":[{"selector":{"id":"application-manageresources-display-component---newResourceUnit--BASE_UNIT_OF_MEASURE","interaction":{"idSuffix":"inner"}},"wdio_ui5_key":"applicationmanageresources-display-component---newResourceUnit--BASE_UNIT_OF_MEASURE"}]}
RESULT: undefined
COMMAND: POST /session/19c5ed65dbd52b03c8c783813379e291/execute/async - {"script":"<script> [776 bytes]","args":[{"enterText":"Piece","selector":{"id":"application-manageresources-display-component---newResourceUnit--BASE_UNIT_OF_MEASURE","interaction":{"idSuffix":"inner"}},"clearTextFirst":true,"interactionType":"ENTER_TEXT"}]}
RESULT: {"script":"<script> [776 bytes]","args":[{"enterText":"Piece","selector":{"id":"application-manageresources-display-component---newResourceUnit--BASE_UNIT_OF_MEASURE","interaction":{"idSuffix":"inner"}},"clearTextFirst":true,"interactionType":"ENTER_TEXT"}]}
COMMAND: POST /session/19c5ed65dbd52b03c8c783813379e291/execute/async - {"script":"<script> [1562 bytes]","args":[{"selector":{"id":"application-manageresources-display-component---newResourceUnit--WEIGHT_UNIT","interaction":{"idSuffix":"inner"}},"wdio_ui5_key":"applicationmanageresources-display-component---newResourceUnit--WEIGHT_UNIT"}]}
RESULT: {"script":"<script> [1562 bytes]","args":[{"selector":{"id":"application-manageresources-display-component---newResourceUnit--WEIGHT_UNIT","interaction":{"idSuffix":"inner"}},"wdio_ui5_key":"applicationmanageresources-display-component---newResourceUnit--WEIGHT_UNIT"}]}
RESULT: undefined
COMMAND: POST /session/19c5ed65dbd52b03c8c783813379e291/execute/async - {"script":"<script> [776 bytes]","args":[{"enterText":"Gram","selector":{"id":"application-manageresources-display-component---newResourceUnit--WEIGHT_UNIT","interaction":{"idSuffix":"inner"}},"clearTextFirst":true,"interactionType":"ENTER_TEXT"}]}
RESULT: {"script":"<script> [776 bytes]","args":[{"enterText":"Gram","selector":{"id":"application-manageresources-display-component---newResourceUnit--WEIGHT_UNIT","interaction":{"idSuffix":"inner"}},"clearTextFirst":true,"interactionType":"ENTER_TEXT"}]}
COMMAND: POST /session/19c5ed65dbd52b03c8c783813379e291/execute/async - {"script":"<script> [1562 bytes]","args":[{"selector":{"id":"application-manageresources-display-component---newResourceUnit--DIMENSION_UNIT","interaction":{"idSuffix":"inner"}},"wdio_ui5_key":"applicationmanageresources-display-component---newResourceUnit--DIMENSION_UNIT"}]}
RESULT: {"script":"<script> [1562 bytes]","args":[{"selector":{"id":"application-manageresources-display-component---newResourceUnit--DIMENSION_UNIT","interaction":{"idSuffix":"inner"}},"wdio_ui5_key":"applicationmanageresources-display-component---newResourceUnit--DIMENSION_UNIT"}]}
RESULT: undefined
COMMAND: POST /session/19c5ed65dbd52b03c8c783813379e291/execute/async - {"script":"<script> [776 bytes]","args":[{"enterText":"Meter","selector":{"id":"application-manageresources-display-component---newResourceUnit--DIMENSION_UNIT","interaction":{"idSuffix":"inner"}},"clearTextFirst":true,"interactionType":"ENTER_TEXT"}]}
RESULT: {"script":"<script> [776 bytes]","args":[{"enterText":"Meter","selector":{"id":"application-manageresources-display-component---newResourceUnit--DIMENSION_UNIT","interaction":{"idSuffix":"inner"}},"clearTextFirst":true,"interactionType":"ENTER_TEXT"}]}
COMMAND: POST /session/19c5ed65dbd52b03c8c783813379e291/execute/async - {"script":"<script> [1562 bytes]","args":[{"selector":{"id":"application-manageresources-display-component---newResourceUnit--newRRUPage-anchBar-application-manageresources-display-component---newResourceUnit--control-anchor","interaction":{"idSuffix":"BDI-content"}},"wdio_ui5_key":"applicationmanageresources-display-component---newResourceUnit--newRRUPage-anchBar-application-manageresources-display-component---newResourceUnit--control-anchor"}]}
RESULT: {"script":"<script> [1562 bytes]","args":[{"selector":{"id":"application-manageresources-display-component---newResourceUnit--newRRUPage-anchBar-application-manageresources-display-component---newResourceUnit--control-anchor","interaction":{"idSuffix":"BDI-content"}},"wdio_ui5_key":"applicationmanageresources-display-component---newResourceUnit--newRRUPage-anchBar-application-manageresources-display-component---newResourceUnit--control-anchor"}]}
RESULT: undefined
COMMAND: POST /session/19c5ed65dbd52b03c8c783813379e291/element - {"using":"xpath","value":"//*[@id=\"application-manageresources-display-component---newResourceUnit--newRRUPage-anchBar-application-manageresources-display-component---newResourceUnit--control-anchor\"]"}
RESULT: {"using":"xpath","value":"//*[@id=\"application-manageresources-display-component---newResourceUnit--newRRUPage-anchBar-application-manageresources-display-component---newResourceUnit--control-anchor\"]"}
COMMAND: POST /session/19c5ed65dbd52b03c8c783813379e291/element/f.1FACEF5F4F0044855A63ECD1C0A7B6EF.d.DF482C0D017F6747EB3589C4400FD2A7.e.3271/click - {}
RESULT: {}
COMMAND: POST /session/19c5ed65dbd52b03c8c783813379e291/execute/async - {"script":"<script> [1562 bytes]","args":[{"selector":{"id":"application-manageresources-display-component---newResourceUnit--PLANNING_GROUP","interaction":{"idSuffix":"inner"}},"wdio_ui5_key":"applicationmanageresources-display-component---newResourceUnit--PLANNING_GROUP"}]}
COMMAND: GET /session/19c5ed65dbd52b03c8c783813379e291/screenshot - {}
RESULT: {"script":"<script> [1562 bytes]","args":[{"selector":{"id":"application-manageresources-display-component---newResourceUnit--PLANNING_GROUP","interaction":{"idSuffix":"inner"}},"wdio_ui5_key":"applicationmanageresources-display-component---newResourceUnit--PLANNING_GROUP"}]}
RESULT: undefined
COMMAND: POST /session/19c5ed65dbd52b03c8c783813379e291/execute/async - {"script":"<script> [776 bytes]","args":[{"enterText":"Heavy Equi","selector":{"id":"application-manageresources-display-component---newResourceUnit--PLANNING_GROUP","interaction":{"idSuffix":"inner"}},"clearTextFirst":true,"interactionType":"ENTER_TEXT"}]}
RESULT: {}
RESULT: {"script":"<script> [776 bytes]","args":[{"enterText":"Heavy Equi","selector":{"id":"application-manageresources-display-component---newResourceUnit--PLANNING_GROUP","interaction":{"idSuffix":"inner"}},"clearTextFirst":true,"interactionType":"ENTER_TEXT"}]}
COMMAND: POST /session/19c5ed65dbd52b03c8c783813379e291/execute/async - {"script":"<script> [1562 bytes]","args":[{"selector":{"id":"application-manageresources-display-component---newResourceUnit--ITEM_TYPE-arrow"},"wdio_ui5_key":"applicationmanageresources-display-component---newResourceUnit--ITEM_TYPE-arrow"}]}
RESULT: {"script":"<script> [1562 bytes]","args":[{"selector":{"id":"application-manageresources-display-component---newResourceUnit--ITEM_TYPE-arrow"},"wdio_ui5_key":"applicationmanageresources-display-component---newResourceUnit--ITEM_TYPE-arrow"}]}
RESULT: undefined
COMMAND: POST /session/19c5ed65dbd52b03c8c783813379e291/element - {"using":"xpath","value":"//*[@id=\"application-manageresources-display-component---newResourceUnit--ITEM_TYPE-arrow\"]"}
RESULT: {"using":"xpath","value":"//*[@id=\"application-manageresources-display-component---newResourceUnit--ITEM_TYPE-arrow\"]"}
COMMAND: POST /session/19c5ed65dbd52b03c8c783813379e291/element/f.1FACEF5F4F0044855A63ECD1C0A7B6EF.d.DF482C0D017F6747EB3589C4400FD2A7.e.3278/click - {}
RESULT: {}
COMMAND: POST /session/19c5ed65dbd52b03c8c783813379e291/element - {"using":"xpath","value":"//ul[contains(@id,\"ITEM_TYPE-popup-list-listUl\")]//li[.//span[contains(text(),\"Resource Unit\")]]"}
COMMAND: GET /session/19c5ed65dbd52b03c8c783813379e291/screenshot - {}
RESULT: {"using":"xpath","value":"//ul[contains(@id,\"ITEM_TYPE-popup-list-listUl\")]//li[.//span[contains(text(),\"Resource Unit\")]]"}
COMMAND: POST /session/19c5ed65dbd52b03c8c783813379e291/element/f.1FACEF5F4F0044855A63ECD1C0A7B6EF.d.DF482C0D017F6747EB3589C4400FD2A7.e.3279/click - {}
RESULT: {}
RESULT: {}
COMMAND: GET /session/19c5ed65dbd52b03c8c783813379e291/screenshot - {}
RESULT: {}
COMMAND: POST /session/19c5ed65dbd52b03c8c783813379e291/element - {"using":"css selector","value":"#application-manageresources-display-component---newResourceUnit--btnAddTimeSegment"}
RESULT: {"using":"css selector","value":"#application-manageresources-display-component---newResourceUnit--btnAddTimeSegment"}
COMMAND: GET /session/19c5ed65dbd52b03c8c783813379e291/element/f.1FACEF5F4F0044855A63ECD1C0A7B6EF.d.DF482C0D017F6747EB3589C4400FD2A7.e.3286/rect - {}
RESULT: {}
COMMAND: GET /session/19c5ed65dbd52b03c8c783813379e291/window/rect - {}
RESULT: {}
COMMAND: POST /session/19c5ed65dbd52b03c8c783813379e291/execute/sync - {"script":"<script> [92 bytes]","args":[]}
RESULT: {"script":"<script> [92 bytes]","args":[]}
COMMAND: POST /session/19c5ed65dbd52b03c8c783813379e291/actions - {"actions":[{"id":"action9","type":"wheel","parameters":{},"actions":[{"type":"scroll","x":-1888,"y":-32,"deltaX":0,"deltaY":0,"duration":0,"origin":{"element-6066-11e4-a52e-4f735466cecf":"f.1FACEF5F4F0044855A63ECD1C0A7B6EF.d.DF482C0D017F6747EB3589C4400FD2A7.e.3286"}}]}]}
COMMAND: GET /session/19c5ed65dbd52b03c8c783813379e291/screenshot - {}
RESULT: {}
COMMAND: POST /session/19c5ed65dbd52b03c8c783813379e291/execute/sync - {"script":"<script> [79 bytes]","args":[{"element-6066-11e4-a52e-4f735466cecf":"f.1FACEF5F4F0044855A63ECD1C0A7B6EF.d.DF482C0D017F6747EB3589C4400FD2A7.e.3286","ELEMENT":"f.1FACEF5F4F0044855A63ECD1C0A7B6EF.d.DF482C0D017F6747EB3589C4400FD2A7.e.3286"},{"block":"start","inline":"nearest"}]}
RESULT: {"script":"<script> [79 bytes]","args":[{"element-6066-11e4-a52e-4f735466cecf":"f.1FACEF5F4F0044855A63ECD1C0A7B6EF.d.DF482C0D017F6747EB3589C4400FD2A7.e.3286","ELEMENT":"f.1FACEF5F4F0044855A63ECD1C0A7B6EF.d.DF482C0D017F6747EB3589C4400FD2A7.e.3286"},{"block":"start","inline":"nearest"}]}
COMMAND: POST /session/19c5ed65dbd52b03c8c783813379e291/execute/async - {"script":"<script> [1562 bytes]","args":[{"selector":{"id":"application-manageresources-display-component---newResourceUnit--btnAddTimeSegment","interaction":{"idSuffix":"inner"}},"wdio_ui5_key":"applicationmanageresources-display-component---newResourceUnit--btnAddTimeSegment"}]}
COMMAND: GET /session/19c5ed65dbd52b03c8c783813379e291/screenshot - {}
RESULT: {"script":"<script> [1562 bytes]","args":[{"selector":{"id":"application-manageresources-display-component---newResourceUnit--btnAddTimeSegment","interaction":{"idSuffix":"inner"}},"wdio_ui5_key":"applicationmanageresources-display-component---newResourceUnit--btnAddTimeSegment"}]}
RESULT: undefined
COMMAND: POST /session/19c5ed65dbd52b03c8c783813379e291/element - {"using":"xpath","value":"//*[@id=\"application-manageresources-display-component---newResourceUnit--btnAddTimeSegment\"]"}
RESULT: {}
RESULT: {"using":"xpath","value":"//*[@id=\"application-manageresources-display-component---newResourceUnit--btnAddTimeSegment\"]"}
COMMAND: POST /session/19c5ed65dbd52b03c8c783813379e291/element/f.1FACEF5F4F0044855A63ECD1C0A7B6EF.d.DF482C0D017F6747EB3589C4400FD2A7.e.3286/click - {}
RESULT: {}
COMMAND: GET /session/19c5ed65dbd52b03c8c783813379e291/screenshot - {}
RESULT: {}
COMMAND: POST /session/19c5ed65dbd52b03c8c783813379e291/element - {"using":"xpath","value":"//input[@id=\"application-manageresources-display-component---newResourceUnit--idRuTSAdmin-application-manageresources-display-component---newResourceUnit--RUTimeSegment-0-inner\"]"}
RESULT: {"using":"xpath","value":"//input[@id=\"application-manageresources-display-component---newResourceUnit--idRuTSAdmin-application-manageresources-display-component---newResourceUnit--RUTimeSegment-0-inner\"]"}
COMMAND: POST /session/19c5ed65dbd52b03c8c783813379e291/element/f.1FACEF5F4F0044855A63ECD1C0A7B6EF.d.DF482C0D017F6747EB3589C4400FD2A7.e.3292/clear - {}
RESULT: {}
COMMAND: POST /session/19c5ed65dbd52b03c8c783813379e291/element/f.1FACEF5F4F0044855A63ECD1C0A7B6EF.d.DF482C0D017F6747EB3589C4400FD2A7.e.3292/value - {"text":"504"}
COMMAND: GET /session/19c5ed65dbd52b03c8c783813379e291/screenshot - {}
RESULT: {"text":"504"}
COMMAND: GET /session/19c5ed65dbd52b03c8c783813379e291/screenshot - {}
RESULT: {}
RESULT: {}
COMMAND: POST /session/19c5ed65dbd52b03c8c783813379e291/element - {"using":"xpath","value":"//li[.//span[text()='504']]"}
RESULT: {"using":"xpath","value":"//li[.//span[text()='504']]"}
COMMAND: POST /session/19c5ed65dbd52b03c8c783813379e291/element/f.1FACEF5F4F0044855A63ECD1C0A7B6EF.d.DF482C0D017F6747EB3589C4400FD2A7.e.3304/click - {}
RESULT: {}
COMMAND: GET /session/19c5ed65dbd52b03c8c783813379e291/screenshot - {}
RESULT: {}
COMMAND: POST /session/19c5ed65dbd52b03c8c783813379e291/element - {"using":"xpath","value":"(//span[contains(@id, \"-application-manageresources-display-component---newResourceUnit--RUTimeSegment-0-arrow\")])[6]"}
RESULT: {"using":"xpath","value":"(//span[contains(@id, \"-application-manageresources-display-component---newResourceUnit--RUTimeSegment-0-arrow\")])[6]"}
COMMAND: POST /session/19c5ed65dbd52b03c8c783813379e291/element/f.1FACEF5F4F0044855A63ECD1C0A7B6EF.d.DF482C0D017F6747EB3589C4400FD2A7.e.3305/click - {}
RESULT: {}
COMMAND: GET /session/19c5ed65dbd52b03c8c783813379e291/screenshot - {}
RESULT: {}
COMMAND: POST /session/19c5ed65dbd52b03c8c783813379e291/element - {"using":"xpath","value":"//span[contains(text(), \"PM Order\")]"}
RESULT: {"using":"xpath","value":"//span[contains(text(), \"PM Order\")]"}
COMMAND: POST /session/19c5ed65dbd52b03c8c783813379e291/element/f.1FACEF5F4F0044855A63ECD1C0A7B6EF.d.DF482C0D017F6747EB3589C4400FD2A7.e.3308/click - {}
RESULT: {}
COMMAND: GET /session/19c5ed65dbd52b03c8c783813379e291/screenshot - {}
RESULT: {}
COMMAND: POST /session/19c5ed65dbd52b03c8c783813379e291/element - {"using":"xpath","value":"(//span[contains(@id ,\"manageresources-display-component---newResourceUnit--RUTimeSegment-0-vhi\")])[1]"}
RESULT: {"using":"xpath","value":"(//span[contains(@id ,\"manageresources-display-component---newResourceUnit--RUTimeSegment-0-vhi\")])[1]"}
COMMAND: GET /session/19c5ed65dbd52b03c8c783813379e291/element/f.1FACEF5F4F0044855A63ECD1C0A7B6EF.d.DF482C0D017F6747EB3589C4400FD2A7.e.3312/rect - {}
RESULT: {}
COMMAND: GET /session/19c5ed65dbd52b03c8c783813379e291/window/rect - {}
RESULT: {}
COMMAND: POST /session/19c5ed65dbd52b03c8c783813379e291/execute/sync - {"script":"<script> [92 bytes]","args":[]}
RESULT: {"script":"<script> [92 bytes]","args":[]}
COMMAND: POST /session/19c5ed65dbd52b03c8c783813379e291/actions - {"actions":[{"id":"action10","type":"wheel","parameters":{},"actions":[{"type":"scroll","x":-869,"y":-24,"deltaX":0,"deltaY":0,"duration":0,"origin":{"element-6066-11e4-a52e-4f735466cecf":"f.1FACEF5F4F0044855A63ECD1C0A7B6EF.d.DF482C0D017F6747EB3589C4400FD2A7.e.3312"}}]}]}
COMMAND: GET /session/19c5ed65dbd52b03c8c783813379e291/screenshot - {}
RESULT: {"actions":[{"id":"action10","type":"wheel","parameters":{},"actions":[{"type":"scroll","x":-869,"y":-24,"deltaX":0,"deltaY":0,"duration":0,"origin":{"element-6066-11e4-a52e-4f735466cecf":"f.1FACEF5F4F0044855A63ECD1C0A7B6EF.d.DF482C0D017F6747EB3589C4400FD2A7.e.3312"}}]}]}
COMMAND: DELETE /session/19c5ed65dbd52b03c8c783813379e291/actions - {}
COMMAND: GET /session/19c5ed65dbd52b03c8c783813379e291/screenshot - {}
RESULT: {}
RESULT: {}
COMMAND: GET /session/19c5ed65dbd52b03c8c783813379e291/screenshot - {}
RESULT: {}
RESULT: {}
COMMAND: POST /session/19c5ed65dbd52b03c8c783813379e291/element/f.1FACEF5F4F0044855A63ECD1C0A7B6EF.d.DF482C0D017F6747EB3589C4400FD2A7.e.3312/click - {}
RESULT: {}
COMMAND: GET /session/19c5ed65dbd52b03c8c783813379e291/screenshot - {}
RESULT: {}
RESULT: undefined
COMMAND: POST /session/19c5ed65dbd52b03c8c783813379e291/execute/async - {"script":"<script> [776 bytes]","args":[{"enterText":"4000360","selector":{"controlType":"sap.m.SearchField","properties":{"placeholder":"Search"},"searchOpenDialogs":true,"interaction":{"idSuffix":"I"}},"clearTextFirst":true,"interactionType":"ENTER_TEXT"}]}
RESULT: {"script":"<script> [776 bytes]","args":[{"enterText":"4000360","selector":{"controlType":"sap.m.SearchField","properties":{"placeholder":"Search"},"searchOpenDialogs":true,"interaction":{"idSuffix":"I"}},"clearTextFirst":true,"interactionType":"ENTER_TEXT"}]}
COMMAND: POST /session/19c5ed65dbd52b03c8c783813379e291/actions - {"actions":[{"id":"action11","type":"key","parameters":{},"actions":[{"type":"keyDown","value":""},{"type":"pause","duration":10},{"type":"keyUp","value":""}]}]}
RESULT: {"actions":[{"id":"action11","type":"key","parameters":{},"actions":[{"type":"keyDown","value":""},{"type":"pause","duration":10},{"type":"keyUp","value":""}]}]}
COMMAND: GET /session/19c5ed65dbd52b03c8c783813379e291/screenshot - {}
RESULT: {}
COMMAND: POST /session/19c5ed65dbd52b03c8c783813379e291/element - {"using":"xpath","value":"//td/div/span[contains(text(), \"BGL Vehicles\")]"}
RESULT: {"using":"xpath","value":"//td/div/span[contains(text(), \"BGL Vehicles\")]"}
COMMAND: POST /session/19c5ed65dbd52b03c8c783813379e291/element/f.1FACEF5F4F0044855A63ECD1C0A7B6EF.d.DF482C0D017F6747EB3589C4400FD2A7.e.3333/click - {}
RESULT: {}
COMMAND: GET /session/19c5ed65dbd52b03c8c783813379e291/screenshot - {}
RESULT: {}
COMMAND: POST /session/19c5ed65dbd52b03c8c783813379e291/element - {"using":"xpath","value":"//bdi[contains(text(), \"OK\")]"}
RESULT: {"using":"xpath","value":"//bdi[contains(text(), \"OK\")]"}
COMMAND: POST /session/19c5ed65dbd52b03c8c783813379e291/element/f.1FACEF5F4F0044855A63ECD1C0A7B6EF.d.DF482C0D017F6747EB3589C4400FD2A7.e.3334/click - {}
RESULT: {}
COMMAND: GET /session/19c5ed65dbd52b03c8c783813379e291/screenshot - {}
RESULT: {}
COMMAND: POST /session/19c5ed65dbd52b03c8c783813379e291/execute/async - {"script":"<script> [1562 bytes]","args":[{"selector":{"id":"application-manageresources-display-component---newResourceUnit--newRRUPage-anchBar-application-manageresources-display-component---newResourceUnit--resource-anchor","interaction":{"idSuffix":"BDI-content"}},"wdio_ui5_key":"applicationmanageresources-display-component---newResourceUnit--newRRUPage-anchBar-application-manageresources-display-component---newResourceUnit--resource-anchor"}]}
RESULT: {"script":"<script> [1562 bytes]","args":[{"selector":{"id":"application-manageresources-display-component---newResourceUnit--newRRUPage-anchBar-application-manageresources-display-component---newResourceUnit--resource-anchor","interaction":{"idSuffix":"BDI-content"}},"wdio_ui5_key":"applicationmanageresources-display-component---newResourceUnit--newRRUPage-anchBar-application-manageresources-display-component---newResourceUnit--resource-anchor"}]}
RESULT: undefined
COMMAND: POST /session/19c5ed65dbd52b03c8c783813379e291/element - {"using":"xpath","value":"//*[@id=\"application-manageresources-display-component---newResourceUnit--newRRUPage-anchBar-application-manageresources-display-component---newResourceUnit--resource-anchor\"]"}
RESULT: {"using":"xpath","value":"//*[@id=\"application-manageresources-display-component---newResourceUnit--newRRUPage-anchBar-application-manageresources-display-component---newResourceUnit--resource-anchor\"]"}
COMMAND: POST /session/19c5ed65dbd52b03c8c783813379e291/element/f.1FACEF5F4F0044855A63ECD1C0A7B6EF.d.DF482C0D017F6747EB3589C4400FD2A7.e.3338/click - {}
RESULT: {}
COMMAND: POST /session/19c5ed65dbd52b03c8c783813379e291/execute/async - {"script":"<script> [1562 bytes]","args":[{"selector":{"id":"application-manageresources-display-component---newResourceUnit--PLANNED_DELIVERY_DATE","interaction":{"idSuffix":"inner"}},"wdio_ui5_key":"applicationmanageresources-display-component---newResourceUnit--PLANNED_DELIVERY_DATE"}]}
COMMAND: GET /session/19c5ed65dbd52b03c8c783813379e291/screenshot - {}
RESULT: {"script":"<script> [1562 bytes]","args":[{"selector":{"id":"application-manageresources-display-component---newResourceUnit--PLANNED_DELIVERY_DATE","interaction":{"idSuffix":"inner"}},"wdio_ui5_key":"applicationmanageresources-display-component---newResourceUnit--PLANNED_DELIVERY_DATE"}]}
RESULT: undefined
COMMAND: POST /session/19c5ed65dbd52b03c8c783813379e291/execute/async - {"script":"<script> [6424 bytes]","args":[{"element-6066-11e4-a52e-4f735466cecf":"f.1FACEF5F4F0044855A63ECD1C0A7B6EF.d.DF482C0D017F6747EB3589C4400FD2A7.e.3170"},"setValue",["5/30/25"]]}
RESULT: {}
RESULT: {"script":"<script> [6424 bytes]","args":[{"element-6066-11e4-a52e-4f735466cecf":"f.1FACEF5F4F0044855A63ECD1C0A7B6EF.d.DF482C0D017F6747EB3589C4400FD2A7.e.3170"},"setValue",["5/30/25"]]}
COMMAND: POST /session/19c5ed65dbd52b03c8c783813379e291/element - {"using":"xpath","value":"//label[contains(@class, 'sapMLabelRequired') and .//bdi[contains(text(), 'Planned Retirement')]]"}
RESULT: {"using":"xpath","value":"//label[contains(@class, 'sapMLabelRequired') and .//bdi[contains(text(), 'Planned Retirement')]]"}
COMMAND: POST /session/19c5ed65dbd52b03c8c783813379e291/elements - {"using":"xpath","value":"//label[contains(@class, 'sapMLabelRequired') and .//bdi[contains(text(), 'Planned Retirement')]]"}
RESULT: {"using":"xpath","value":"//label[contains(@class, 'sapMLabelRequired') and .//bdi[contains(text(), 'Planned Retirement')]]"}
COMMAND: POST /session/19c5ed65dbd52b03c8c783813379e291/element - {"using":"xpath","value":"//button[@data-kt=\"resourceUnitSaveButton\"]"}
RESULT: {"using":"xpath","value":"//button[@data-kt=\"resourceUnitSaveButton\"]"}
COMMAND: POST /session/19c5ed65dbd52b03c8c783813379e291/element/f.1FACEF5F4F0044855A63ECD1C0A7B6EF.d.DF482C0D017F6747EB3589C4400FD2A7.e.3130/click - {}
RESULT: {}
COMMAND: GET /session/19c5ed65dbd52b03c8c783813379e291/screenshot - {}
RESULT: {}
COMMAND: POST /session/19c5ed65dbd52b03c8c783813379e291/element - {"using":"xpath","value":"//bdi[contains(text(), \"Close\")]"}
RESULT: {"using":"xpath","value":"//bdi[contains(text(), \"Close\")]"}
COMMAND: POST /session/19c5ed65dbd52b03c8c783813379e291/element/f.1FACEF5F4F0044855A63ECD1C0A7B6EF.d.DF482C0D017F6747EB3589C4400FD2A7.e.3347/click - {}
RESULT: {}
COMMAND: GET /session/19c5ed65dbd52b03c8c783813379e291/screenshot - {}
RESULT: {}
COMMAND: POST /session/19c5ed65dbd52b03c8c783813379e291/element - {"using":"xpath","value":"(//button[contains(@id ,\"actionsToolbar-overflowButton\")])[1]"}
RESULT: {"using":"xpath","value":"(//button[contains(@id ,\"actionsToolbar-overflowButton\")])[1]"}
COMMAND: POST /session/19c5ed65dbd52b03c8c783813379e291/element/f.1FACEF5F4F0044855A63ECD1C0A7B6EF.d.DF482C0D017F6747EB3589C4400FD2A7.e.3405/click - {}
RESULT: {}
COMMAND: GET /session/19c5ed65dbd52b03c8c783813379e291/screenshot - {}
RESULT: {}
COMMAND: POST /session/19c5ed65dbd52b03c8c783813379e291/element - {"using":"xpath","value":"//button[@data-kt=\"priceInfoButton\"]"}
RESULT: {"using":"xpath","value":"//button[@data-kt=\"priceInfoButton\"]"}
COMMAND: POST /session/19c5ed65dbd52b03c8c783813379e291/element/f.1FACEF5F4F0044855A63ECD1C0A7B6EF.d.DF482C0D017F6747EB3589C4400FD2A7.e.3407/click - {}
RESULT: {}
COMMAND: GET /session/19c5ed65dbd52b03c8c783813379e291/screenshot - {}
RESULT: {}
]]></system-out>
    </testcase>
    <testcase classname="chrome.136_0_7103_93.windows.Billing_confirm_US117289" name="Should create new pricing rule" time="54.301">
      <system-out><![CDATA[
COMMAND: POST /session/19c5ed65dbd52b03c8c783813379e291/element - {"using":"xpath","value":"//button[@data-kt=\"addButton\"]"}
RESULT: {"using":"xpath","value":"//button[@data-kt=\"addButton\"]"}
COMMAND: POST /session/19c5ed65dbd52b03c8c783813379e291/elements - {"using":"xpath","value":"//button[@data-kt=\"addButton\"]"}
RESULT: {"using":"xpath","value":"//button[@data-kt=\"addButton\"]"}
COMMAND: POST /session/19c5ed65dbd52b03c8c783813379e291/elements - {"using":"xpath","value":"//button[@data-kt=\"addButton\"]"}
RESULT: {"using":"xpath","value":"//button[@data-kt=\"addButton\"]"}
COMMAND: POST /session/19c5ed65dbd52b03c8c783813379e291/element - {"using":"xpath","value":"//button[@data-kt=\"addButton\"]"}
RESULT: {"using":"xpath","value":"//button[@data-kt=\"addButton\"]"}
COMMAND: POST /session/19c5ed65dbd52b03c8c783813379e291/execute/sync - {"script":"<script> [8489 bytes]","args":[{"element-6066-11e4-a52e-4f735466cecf":"f.1FACEF5F4F0044855A63ECD1C0A7B6EF.d.DF482C0D017F6747EB3589C4400FD2A7.e.3444","ELEMENT":"f.1FACEF5F4F0044855A63ECD1C0A7B6EF.d.DF482C0D017F6747EB3589C4400FD2A7.e.3444"}]}
RESULT: {"script":"<script> [8489 bytes]","args":[{"element-6066-11e4-a52e-4f735466cecf":"f.1FACEF5F4F0044855A63ECD1C0A7B6EF.d.DF482C0D017F6747EB3589C4400FD2A7.e.3444","ELEMENT":"f.1FACEF5F4F0044855A63ECD1C0A7B6EF.d.DF482C0D017F6747EB3589C4400FD2A7.e.3444"}]}
COMMAND: GET /session/19c5ed65dbd52b03c8c783813379e291/element/f.1FACEF5F4F0044855A63ECD1C0A7B6EF.d.DF482C0D017F6747EB3589C4400FD2A7.e.3444/enabled - {}
COMMAND: GET /session/19c5ed65dbd52b03c8c783813379e291/screenshot - {}
RESULT: {}
COMMAND: POST /session/19c5ed65dbd52b03c8c783813379e291/execute/sync - {"script":"<script> [8489 bytes]","args":[{"element-6066-11e4-a52e-4f735466cecf":"f.1FACEF5F4F0044855A63ECD1C0A7B6EF.d.DF482C0D017F6747EB3589C4400FD2A7.e.3444","ELEMENT":"f.1FACEF5F4F0044855A63ECD1C0A7B6EF.d.DF482C0D017F6747EB3589C4400FD2A7.e.3444"}]}
COMMAND: GET /session/19c5ed65dbd52b03c8c783813379e291/screenshot - {}
RESULT: {}
RESULT: {}
RESULT: {"script":"<script> [8489 bytes]","args":[{"element-6066-11e4-a52e-4f735466cecf":"f.1FACEF5F4F0044855A63ECD1C0A7B6EF.d.DF482C0D017F6747EB3589C4400FD2A7.e.3444","ELEMENT":"f.1FACEF5F4F0044855A63ECD1C0A7B6EF.d.DF482C0D017F6747EB3589C4400FD2A7.e.3444"}]}
COMMAND: POST /session/19c5ed65dbd52b03c8c783813379e291/execute/sync - {"script":"<script> [5351 bytes]","args":[{"element-6066-11e4-a52e-4f735466cecf":"f.1FACEF5F4F0044855A63ECD1C0A7B6EF.d.DF482C0D017F6747EB3589C4400FD2A7.e.3444","ELEMENT":"f.1FACEF5F4F0044855A63ECD1C0A7B6EF.d.DF482C0D017F6747EB3589C4400FD2A7.e.3444"}]}
COMMAND: GET /session/19c5ed65dbd52b03c8c783813379e291/screenshot - {}
RESULT: {"script":"<script> [5351 bytes]","args":[{"element-6066-11e4-a52e-4f735466cecf":"f.1FACEF5F4F0044855A63ECD1C0A7B6EF.d.DF482C0D017F6747EB3589C4400FD2A7.e.3444","ELEMENT":"f.1FACEF5F4F0044855A63ECD1C0A7B6EF.d.DF482C0D017F6747EB3589C4400FD2A7.e.3444"}]}
COMMAND: POST /session/19c5ed65dbd52b03c8c783813379e291/element/f.1FACEF5F4F0044855A63ECD1C0A7B6EF.d.DF482C0D017F6747EB3589C4400FD2A7.e.3444/click - {}
COMMAND: GET /session/19c5ed65dbd52b03c8c783813379e291/screenshot - {}
RESULT: {}
RESULT: {}
COMMAND: GET /session/19c5ed65dbd52b03c8c783813379e291/screenshot - {}
RESULT: {}
RESULT: {}
COMMAND: POST /session/19c5ed65dbd52b03c8c783813379e291/execute/async - {"script":"<script> [1562 bytes]","args":[{"selector":{"controlType":"sap.m.Title","viewName":"etm.portal.ui.managepricingrules.view.NewItem","viewId":"application-managepricingrules-display-component---newInfoPriceItem","properties":{"text":"New Pricing Rules - Item Level"}},"wdio_ui5_key":"etmportal.ui.managepricingrules.view.NewItemsap.m.Title{\"text\":\"New Pricing Rules - Item Level\"}"}]}
RESULT: {"script":"<script> [1562 bytes]","args":[{"selector":{"controlType":"sap.m.Title","viewName":"etm.portal.ui.managepricingrules.view.NewItem","viewId":"application-managepricingrules-display-component---newInfoPriceItem","properties":{"text":"New Pricing Rules - Item Level"}},"wdio_ui5_key":"etmportal.ui.managepricingrules.view.NewItemsap.m.Title{\"text\":\"New Pricing Rules - Item Level\"}"}]}
RESULT: undefined
COMMAND: POST /session/19c5ed65dbd52b03c8c783813379e291/execute/async - {"script":"<script> [6424 bytes]","args":[{"element-6066-11e4-a52e-4f735466cecf":"f.1FACEF5F4F0044855A63ECD1C0A7B6EF.d.DF482C0D017F6747EB3589C4400FD2A7.e.3615"},"getText",[]]}
RESULT: {"script":"<script> [6424 bytes]","args":[{"element-6066-11e4-a52e-4f735466cecf":"f.1FACEF5F4F0044855A63ECD1C0A7B6EF.d.DF482C0D017F6747EB3589C4400FD2A7.e.3615"},"getText",[]]}
COMMAND: POST /session/19c5ed65dbd52b03c8c783813379e291/execute/async - {"script":"<script> [1562 bytes]","args":[{"selector":{"id":"application-managepricingrules-display-component---newInfoPriceItem--condValidTo","interaction":{"idSuffix":"inner"}},"wdio_ui5_key":"applicationmanagepricingrules-display-component---newInfoPriceItem--condValidTo"}]}
RESULT: {"script":"<script> [1562 bytes]","args":[{"selector":{"id":"application-managepricingrules-display-component---newInfoPriceItem--condValidTo","interaction":{"idSuffix":"inner"}},"wdio_ui5_key":"applicationmanagepricingrules-display-component---newInfoPriceItem--condValidTo"}]}
RESULT: undefined
COMMAND: POST /session/19c5ed65dbd52b03c8c783813379e291/execute/async - {"script":"<script> [776 bytes]","args":[{"enterText":"1/30/26","selector":{"id":"application-managepricingrules-display-component---newInfoPriceItem--condValidTo","interaction":{"idSuffix":"inner"}},"clearTextFirst":true,"interactionType":"ENTER_TEXT"}]}
RESULT: {"script":"<script> [776 bytes]","args":[{"enterText":"1/30/26","selector":{"id":"application-managepricingrules-display-component---newInfoPriceItem--condValidTo","interaction":{"idSuffix":"inner"}},"clearTextFirst":true,"interactionType":"ENTER_TEXT"}]}
COMMAND: POST /session/19c5ed65dbd52b03c8c783813379e291/execute/async - {"script":"<script> [1562 bytes]","args":[{"selector":{"id":"application-managepricingrules-display-component---newInfoPriceItem--billType-arrow"},"wdio_ui5_key":"applicationmanagepricingrules-display-component---newInfoPriceItem--billType-arrow"}]}
RESULT: {"script":"<script> [1562 bytes]","args":[{"selector":{"id":"application-managepricingrules-display-component---newInfoPriceItem--billType-arrow"},"wdio_ui5_key":"applicationmanagepricingrules-display-component---newInfoPriceItem--billType-arrow"}]}
RESULT: undefined
COMMAND: POST /session/19c5ed65dbd52b03c8c783813379e291/element - {"using":"xpath","value":"//*[@id=\"application-managepricingrules-display-component---newInfoPriceItem--billType-arrow\"]"}
RESULT: {"using":"xpath","value":"//*[@id=\"application-managepricingrules-display-component---newInfoPriceItem--billType-arrow\"]"}
COMMAND: POST /session/19c5ed65dbd52b03c8c783813379e291/element/f.1FACEF5F4F0044855A63ECD1C0A7B6EF.d.DF482C0D017F6747EB3589C4400FD2A7.e.3617/click - {}
RESULT: {}
COMMAND: POST /session/19c5ed65dbd52b03c8c783813379e291/element - {"using":"xpath","value":"//span[contains(text(), \"TB - Time based\")]"}
COMMAND: GET /session/19c5ed65dbd52b03c8c783813379e291/screenshot - {}
RESULT: {"using":"xpath","value":"//span[contains(text(), \"TB - Time based\")]"}
COMMAND: POST /session/19c5ed65dbd52b03c8c783813379e291/element/f.1FACEF5F4F0044855A63ECD1C0A7B6EF.d.DF482C0D017F6747EB3589C4400FD2A7.e.3618/click - {}
RESULT: {}
RESULT: {}
COMMAND: POST /session/19c5ed65dbd52b03c8c783813379e291/execute/async - {"script":"<script> [1562 bytes]","args":[{"selector":{"id":"application-managepricingrules-display-component---newInfoPriceItem--priceProc-arrow"},"wdio_ui5_key":"applicationmanagepricingrules-display-component---newInfoPriceItem--priceProc-arrow"}]}
COMMAND: GET /session/19c5ed65dbd52b03c8c783813379e291/screenshot - {}
RESULT: {"script":"<script> [1562 bytes]","args":[{"selector":{"id":"application-managepricingrules-display-component---newInfoPriceItem--priceProc-arrow"},"wdio_ui5_key":"applicationmanagepricingrules-display-component---newInfoPriceItem--priceProc-arrow"}]}
RESULT: undefined
COMMAND: POST /session/19c5ed65dbd52b03c8c783813379e291/element - {"using":"xpath","value":"//*[@id=\"application-managepricingrules-display-component---newInfoPriceItem--priceProc-arrow\"]"}
RESULT: {}
RESULT: {"using":"xpath","value":"//*[@id=\"application-managepricingrules-display-component---newInfoPriceItem--priceProc-arrow\"]"}
COMMAND: POST /session/19c5ed65dbd52b03c8c783813379e291/element/f.1FACEF5F4F0044855A63ECD1C0A7B6EF.d.DF482C0D017F6747EB3589C4400FD2A7.e.3578/click - {}
RESULT: {}
COMMAND: POST /session/19c5ed65dbd52b03c8c783813379e291/element - {"using":"xpath","value":"//span[contains(text(), \"TBS - Time based standard\")]"}
COMMAND: GET /session/19c5ed65dbd52b03c8c783813379e291/screenshot - {}
RESULT: {"using":"xpath","value":"//span[contains(text(), \"TBS - Time based standard\")]"}
COMMAND: POST /session/19c5ed65dbd52b03c8c783813379e291/element/f.1FACEF5F4F0044855A63ECD1C0A7B6EF.d.DF482C0D017F6747EB3589C4400FD2A7.e.3619/click - {}
RESULT: {}
RESULT: {}
COMMAND: POST /session/19c5ed65dbd52b03c8c783813379e291/execute/async - {"script":"<script> [1562 bytes]","args":[{"selector":{"id":"application-managepricingrules-display-component---newInfoPriceItem--calcBase-arrow"},"wdio_ui5_key":"applicationmanagepricingrules-display-component---newInfoPriceItem--calcBase-arrow"}]}
COMMAND: GET /session/19c5ed65dbd52b03c8c783813379e291/screenshot - {}
RESULT: {"script":"<script> [1562 bytes]","args":[{"selector":{"id":"application-managepricingrules-display-component---newInfoPriceItem--calcBase-arrow"},"wdio_ui5_key":"applicationmanagepricingrules-display-component---newInfoPriceItem--calcBase-arrow"}]}
RESULT: undefined
COMMAND: POST /session/19c5ed65dbd52b03c8c783813379e291/element - {"using":"xpath","value":"//*[@id=\"application-managepricingrules-display-component---newInfoPriceItem--calcBase-arrow\"]"}
RESULT: {}
RESULT: {"using":"xpath","value":"//*[@id=\"application-managepricingrules-display-component---newInfoPriceItem--calcBase-arrow\"]"}
COMMAND: POST /session/19c5ed65dbd52b03c8c783813379e291/element/f.1FACEF5F4F0044855A63ECD1C0A7B6EF.d.DF482C0D017F6747EB3589C4400FD2A7.e.3585/click - {}
RESULT: {}
COMMAND: GET /session/19c5ed65dbd52b03c8c783813379e291/screenshot - {}
RESULT: {}
COMMAND: POST /session/19c5ed65dbd52b03c8c783813379e291/element - {"using":"xpath","value":"//span[contains(text(), \"0006 - TB(calendar days)\")]"}
RESULT: {"using":"xpath","value":"//span[contains(text(), \"0006 - TB(calendar days)\")]"}
COMMAND: POST /session/19c5ed65dbd52b03c8c783813379e291/element/f.1FACEF5F4F0044855A63ECD1C0A7B6EF.d.DF482C0D017F6747EB3589C4400FD2A7.e.3620/click - {}
RESULT: {}
COMMAND: GET /session/19c5ed65dbd52b03c8c783813379e291/screenshot - {}
RESULT: {}
COMMAND: POST /session/19c5ed65dbd52b03c8c783813379e291/execute/async - {"script":"<script> [1562 bytes]","args":[{"selector":{"id":"application-managepricingrules-display-component---newInfoPriceItem--daysMonth","interaction":{"idSuffix":"inner"}},"wdio_ui5_key":"applicationmanagepricingrules-display-component---newInfoPriceItem--daysMonth"}]}
RESULT: {"script":"<script> [1562 bytes]","args":[{"selector":{"id":"application-managepricingrules-display-component---newInfoPriceItem--daysMonth","interaction":{"idSuffix":"inner"}},"wdio_ui5_key":"applicationmanagepricingrules-display-component---newInfoPriceItem--daysMonth"}]}
RESULT: undefined
COMMAND: POST /session/19c5ed65dbd52b03c8c783813379e291/execute/async - {"script":"<script> [776 bytes]","args":[{"enterText":"30","selector":{"id":"application-managepricingrules-display-component---newInfoPriceItem--daysMonth","interaction":{"idSuffix":"inner"}},"clearTextFirst":true,"interactionType":"ENTER_TEXT"}]}
RESULT: {"script":"<script> [776 bytes]","args":[{"enterText":"30","selector":{"id":"application-managepricingrules-display-component---newInfoPriceItem--daysMonth","interaction":{"idSuffix":"inner"}},"clearTextFirst":true,"interactionType":"ENTER_TEXT"}]}
COMMAND: POST /session/19c5ed65dbd52b03c8c783813379e291/element - {"using":"xpath","value":"//button[@data-kt=\"saveNewRuleButton\"]"}
RESULT: {"using":"xpath","value":"//button[@data-kt=\"saveNewRuleButton\"]"}
COMMAND: POST /session/19c5ed65dbd52b03c8c783813379e291/element/f.1FACEF5F4F0044855A63ECD1C0A7B6EF.d.DF482C0D017F6747EB3589C4400FD2A7.e.3604/click - {}
RESULT: {}
COMMAND: GET /session/19c5ed65dbd52b03c8c783813379e291/screenshot - {}
RESULT: {}
COMMAND: POST /session/19c5ed65dbd52b03c8c783813379e291/execute/async - {"script":"<script> [1562 bytes]","args":[{"selector":{"id":"application-managepricingrules-display-component---priceInfoItem--smartFilterBar-btnBasicSearch","interaction":{"idSuffix":"I"}},"wdio_ui5_key":"applicationmanagepricingrules-display-component---priceInfoItem--smartFilterBar-btnBasicSearch"}]}
RESULT: {"script":"<script> [1562 bytes]","args":[{"selector":{"id":"application-managepricingrules-display-component---priceInfoItem--smartFilterBar-btnBasicSearch","interaction":{"idSuffix":"I"}},"wdio_ui5_key":"applicationmanagepricingrules-display-component---priceInfoItem--smartFilterBar-btnBasicSearch"}]}
RESULT: undefined
COMMAND: POST /session/19c5ed65dbd52b03c8c783813379e291/execute/async - {"script":"<script> [776 bytes]","args":[{"enterText":"EQV152gZYB","selector":{"id":"application-managepricingrules-display-component---priceInfoItem--smartFilterBar-btnBasicSearch","interaction":{"idSuffix":"I"}},"clearTextFirst":true,"interactionType":"ENTER_TEXT"}]}
RESULT: {"script":"<script> [776 bytes]","args":[{"enterText":"EQV152gZYB","selector":{"id":"application-managepricingrules-display-component---priceInfoItem--smartFilterBar-btnBasicSearch","interaction":{"idSuffix":"I"}},"clearTextFirst":true,"interactionType":"ENTER_TEXT"}]}
COMMAND: POST /session/19c5ed65dbd52b03c8c783813379e291/actions - {"actions":[{"id":"action12","type":"key","parameters":{},"actions":[{"type":"keyDown","value":""},{"type":"pause","duration":10},{"type":"keyUp","value":""}]}]}
RESULT: {"actions":[{"id":"action12","type":"key","parameters":{},"actions":[{"type":"keyDown","value":""},{"type":"pause","duration":10},{"type":"keyUp","value":""}]}]}
COMMAND: GET /session/19c5ed65dbd52b03c8c783813379e291/screenshot - {}
RESULT: {}
COMMAND: POST /session/19c5ed65dbd52b03c8c783813379e291/element - {"using":"xpath","value":"//span[@id=\"application-managepricingrules-display-component---priceInfoItem--smartTable-header-inner\"]"}
RESULT: {"using":"xpath","value":"//span[@id=\"application-managepricingrules-display-component---priceInfoItem--smartTable-header-inner\"]"}
COMMAND: POST /session/19c5ed65dbd52b03c8c783813379e291/elements - {"using":"xpath","value":"//span[@id=\"application-managepricingrules-display-component---priceInfoItem--smartTable-header-inner\"]"}
RESULT: {"using":"xpath","value":"//span[@id=\"application-managepricingrules-display-component---priceInfoItem--smartTable-header-inner\"]"}
COMMAND: POST /session/19c5ed65dbd52b03c8c783813379e291/execute/sync - {"script":"<script> [56 bytes]","args":[{"element-6066-11e4-a52e-4f735466cecf":"f.1FACEF5F4F0044855A63ECD1C0A7B6EF.d.DF482C0D017F6747EB3589C4400FD2A7.e.3633","ELEMENT":"f.1FACEF5F4F0044855A63ECD1C0A7B6EF.d.DF482C0D017F6747EB3589C4400FD2A7.e.3633"}]}
RESULT: {"script":"<script> [56 bytes]","args":[{"element-6066-11e4-a52e-4f735466cecf":"f.1FACEF5F4F0044855A63ECD1C0A7B6EF.d.DF482C0D017F6747EB3589C4400FD2A7.e.3633","ELEMENT":"f.1FACEF5F4F0044855A63ECD1C0A7B6EF.d.DF482C0D017F6747EB3589C4400FD2A7.e.3633"}]}
COMMAND: POST /session/19c5ed65dbd52b03c8c783813379e291/element - {"using":"css selector","value":"#shell-header-logo"}
COMMAND: GET /session/19c5ed65dbd52b03c8c783813379e291/screenshot - {}
RESULT: {"using":"css selector","value":"#shell-header-logo"}
COMMAND: POST /session/19c5ed65dbd52b03c8c783813379e291/element/f.1FACEF5F4F0044855A63ECD1C0A7B6EF.d.DF482C0D017F6747EB3589C4400FD2A7.e.2724/click - {}
RESULT: {}
RESULT: {}
COMMAND: GET /session/19c5ed65dbd52b03c8c783813379e291/screenshot - {}
RESULT: {}
]]></system-out>
    </testcase>
    <testcase classname="chrome.136_0_7103_93.windows.Billing_confirm_US117289" name="Should create new condition for equipment" time="66.456">
      <system-out><![CDATA[
COMMAND: POST /session/19c5ed65dbd52b03c8c783813379e291/execute/async - {"script":"<script> [1562 bytes]","args":[{"selector":{"controlType":"sap.m.GenericTile","properties":{"header":"Manage Conditions & Prices"}},"wdio_ui5_key":"sapm.GenericTile{\"header\":\"Manage Conditions & Prices\"}"}]}
RESULT: {"script":"<script> [1562 bytes]","args":[{"selector":{"controlType":"sap.m.GenericTile","properties":{"header":"Manage Conditions & Prices"}},"wdio_ui5_key":"sapm.GenericTile{\"header\":\"Manage Conditions & Prices\"}"}]}
RESULT: undefined
COMMAND: POST /session/19c5ed65dbd52b03c8c783813379e291/element - {"using":"xpath","value":"//*[@id=\"__tile53\"]"}
RESULT: {"using":"xpath","value":"//*[@id=\"__tile53\"]"}
COMMAND: POST /session/19c5ed65dbd52b03c8c783813379e291/element/f.1FACEF5F4F0044855A63ECD1C0A7B6EF.d.DF482C0D017F6747EB3589C4400FD2A7.e.209/click - {}
RESULT: {}
COMMAND: GET /session/19c5ed65dbd52b03c8c783813379e291/screenshot - {}
RESULT: {}
COMMAND: POST /session/19c5ed65dbd52b03c8c783813379e291/elements - {"using":"xpath","value":"//span[text()='Error']"}
RESULT: {"using":"xpath","value":"//span[text()='Error']"}
COMMAND: POST /session/19c5ed65dbd52b03c8c783813379e291/element - {"using":"xpath","value":"//button[@aria-label=\"Create\"]"}
RESULT: {"using":"xpath","value":"//button[@aria-label=\"Create\"]"}
COMMAND: POST /session/19c5ed65dbd52b03c8c783813379e291/elements - {"using":"xpath","value":"//button[@aria-label=\"Create\"]"}
RESULT: {"using":"xpath","value":"//button[@aria-label=\"Create\"]"}
COMMAND: POST /session/19c5ed65dbd52b03c8c783813379e291/execute/sync - {"script":"<script> [8489 bytes]","args":[{"element-6066-11e4-a52e-4f735466cecf":"f.1FACEF5F4F0044855A63ECD1C0A7B6EF.d.DF482C0D017F6747EB3589C4400FD2A7.e.3669","ELEMENT":"f.1FACEF5F4F0044855A63ECD1C0A7B6EF.d.DF482C0D017F6747EB3589C4400FD2A7.e.3669"}]}
RESULT: {"script":"<script> [8489 bytes]","args":[{"element-6066-11e4-a52e-4f735466cecf":"f.1FACEF5F4F0044855A63ECD1C0A7B6EF.d.DF482C0D017F6747EB3589C4400FD2A7.e.3669","ELEMENT":"f.1FACEF5F4F0044855A63ECD1C0A7B6EF.d.DF482C0D017F6747EB3589C4400FD2A7.e.3669"}]}
COMMAND: GET /session/19c5ed65dbd52b03c8c783813379e291/element/f.1FACEF5F4F0044855A63ECD1C0A7B6EF.d.DF482C0D017F6747EB3589C4400FD2A7.e.3669/enabled - {}
COMMAND: GET /session/19c5ed65dbd52b03c8c783813379e291/screenshot - {}
RESULT: {}
COMMAND: POST /session/19c5ed65dbd52b03c8c783813379e291/execute/sync - {"script":"<script> [8489 bytes]","args":[{"element-6066-11e4-a52e-4f735466cecf":"f.1FACEF5F4F0044855A63ECD1C0A7B6EF.d.DF482C0D017F6747EB3589C4400FD2A7.e.3669","ELEMENT":"f.1FACEF5F4F0044855A63ECD1C0A7B6EF.d.DF482C0D017F6747EB3589C4400FD2A7.e.3669"}]}
COMMAND: GET /session/19c5ed65dbd52b03c8c783813379e291/screenshot - {}
RESULT: {}
RESULT: {"script":"<script> [8489 bytes]","args":[{"element-6066-11e4-a52e-4f735466cecf":"f.1FACEF5F4F0044855A63ECD1C0A7B6EF.d.DF482C0D017F6747EB3589C4400FD2A7.e.3669","ELEMENT":"f.1FACEF5F4F0044855A63ECD1C0A7B6EF.d.DF482C0D017F6747EB3589C4400FD2A7.e.3669"}]}
COMMAND: POST /session/19c5ed65dbd52b03c8c783813379e291/execute/sync - {"script":"<script> [5351 bytes]","args":[{"element-6066-11e4-a52e-4f735466cecf":"f.1FACEF5F4F0044855A63ECD1C0A7B6EF.d.DF482C0D017F6747EB3589C4400FD2A7.e.3669","ELEMENT":"f.1FACEF5F4F0044855A63ECD1C0A7B6EF.d.DF482C0D017F6747EB3589C4400FD2A7.e.3669"}]}
COMMAND: GET /session/19c5ed65dbd52b03c8c783813379e291/screenshot - {}
RESULT: {}
RESULT: {"script":"<script> [5351 bytes]","args":[{"element-6066-11e4-a52e-4f735466cecf":"f.1FACEF5F4F0044855A63ECD1C0A7B6EF.d.DF482C0D017F6747EB3589C4400FD2A7.e.3669","ELEMENT":"f.1FACEF5F4F0044855A63ECD1C0A7B6EF.d.DF482C0D017F6747EB3589C4400FD2A7.e.3669"}]}
COMMAND: POST /session/19c5ed65dbd52b03c8c783813379e291/element/f.1FACEF5F4F0044855A63ECD1C0A7B6EF.d.DF482C0D017F6747EB3589C4400FD2A7.e.3669/click - {}
COMMAND: GET /session/19c5ed65dbd52b03c8c783813379e291/screenshot - {}
RESULT: {}
RESULT: {}
COMMAND: GET /session/19c5ed65dbd52b03c8c783813379e291/screenshot - {}
RESULT: {}
RESULT: {}
COMMAND: POST /session/19c5ed65dbd52b03c8c783813379e291/actions - {"actions":[{"id":"action13","type":"key","parameters":{},"actions":[{"type":"keyDown","value":""},{"type":"pause","duration":10},{"type":"keyUp","value":""}]}]}
RESULT: {"actions":[{"id":"action13","type":"key","parameters":{},"actions":[{"type":"keyDown","value":""},{"type":"pause","duration":10},{"type":"keyUp","value":""}]}]}
COMMAND: GET /session/19c5ed65dbd52b03c8c783813379e291/screenshot - {}
RESULT: {}
COMMAND: POST /session/19c5ed65dbd52b03c8c783813379e291/execute/async - {"script":"<script> [1562 bytes]","args":[{"selector":{"id":"application-manageconditionprice-display-component---newCondition--condBillCond-arrow"},"wdio_ui5_key":"applicationmanageconditionprice-display-component---newCondition--condBillCond-arrow"}]}
RESULT: {"script":"<script> [1562 bytes]","args":[{"selector":{"id":"application-manageconditionprice-display-component---newCondition--condBillCond-arrow"},"wdio_ui5_key":"applicationmanageconditionprice-display-component---newCondition--condBillCond-arrow"}]}
RESULT: undefined
COMMAND: POST /session/19c5ed65dbd52b03c8c783813379e291/element - {"using":"xpath","value":"//*[@id=\"application-manageconditionprice-display-component---newCondition--condBillCond-arrow\"]"}
RESULT: {"using":"xpath","value":"//*[@id=\"application-manageconditionprice-display-component---newCondition--condBillCond-arrow\"]"}
COMMAND: POST /session/19c5ed65dbd52b03c8c783813379e291/element/f.1FACEF5F4F0044855A63ECD1C0A7B6EF.d.DF482C0D017F6747EB3589C4400FD2A7.e.3841/click - {}
RESULT: {}
COMMAND: GET /session/19c5ed65dbd52b03c8c783813379e291/screenshot - {}
RESULT: {}
COMMAND: POST /session/19c5ed65dbd52b03c8c783813379e291/element - {"using":"xpath","value":"//li[.//span[contains(text(), \"DISP - D&I special price\")]]"}
RESULT: {"using":"xpath","value":"//li[.//span[contains(text(), \"DISP - D&I special price\")]]"}
COMMAND: POST /session/19c5ed65dbd52b03c8c783813379e291/element/f.1FACEF5F4F0044855A63ECD1C0A7B6EF.d.DF482C0D017F6747EB3589C4400FD2A7.e.3845/click - {}
RESULT: {}
COMMAND: GET /session/19c5ed65dbd52b03c8c783813379e291/screenshot - {}
RESULT: {}
COMMAND: POST /session/19c5ed65dbd52b03c8c783813379e291/execute/async - {"script":"<script> [1562 bytes]","args":[{"selector":{"id":"application-manageconditionprice-display-component---newCondition--condValidTo","interaction":{"idSuffix":"inner"}},"wdio_ui5_key":"applicationmanageconditionprice-display-component---newCondition--condValidTo"}]}
RESULT: {"script":"<script> [1562 bytes]","args":[{"selector":{"id":"application-manageconditionprice-display-component---newCondition--condValidTo","interaction":{"idSuffix":"inner"}},"wdio_ui5_key":"applicationmanageconditionprice-display-component---newCondition--condValidTo"}]}
RESULT: undefined
COMMAND: POST /session/19c5ed65dbd52b03c8c783813379e291/execute/async - {"script":"<script> [776 bytes]","args":[{"enterText":"1/30/26","selector":{"id":"application-manageconditionprice-display-component---newCondition--condValidTo","interaction":{"idSuffix":"inner"}},"clearTextFirst":true,"interactionType":"ENTER_TEXT"}]}
RESULT: {"script":"<script> [776 bytes]","args":[{"enterText":"1/30/26","selector":{"id":"application-manageconditionprice-display-component---newCondition--condValidTo","interaction":{"idSuffix":"inner"}},"clearTextFirst":true,"interactionType":"ENTER_TEXT"}]}
COMMAND: POST /session/19c5ed65dbd52b03c8c783813379e291/element - {"using":"xpath","value":"//input[@id=\"application-manageconditionprice-display-component---newCondition--condRU-inner\"]"}
RESULT: {"using":"xpath","value":"//input[@id=\"application-manageconditionprice-display-component---newCondition--condRU-inner\"]"}
COMMAND: POST /session/19c5ed65dbd52b03c8c783813379e291/element/f.1FACEF5F4F0044855A63ECD1C0A7B6EF.d.DF482C0D017F6747EB3589C4400FD2A7.e.3711/clear - {}
RESULT: {}
COMMAND: POST /session/19c5ed65dbd52b03c8c783813379e291/element/f.1FACEF5F4F0044855A63ECD1C0A7B6EF.d.DF482C0D017F6747EB3589C4400FD2A7.e.3711/value - {"text":"EQV152gZYB"}
COMMAND: GET /session/19c5ed65dbd52b03c8c783813379e291/screenshot - {}
RESULT: {"text":"EQV152gZYB"}
COMMAND: GET /session/19c5ed65dbd52b03c8c783813379e291/screenshot - {}
RESULT: {}
RESULT: {}
COMMAND: POST /session/19c5ed65dbd52b03c8c783813379e291/actions - {"actions":[{"id":"action14","type":"key","parameters":{},"actions":[{"type":"keyDown","value":""},{"type":"pause","duration":10},{"type":"keyUp","value":""}]}]}
RESULT: {"actions":[{"id":"action14","type":"key","parameters":{},"actions":[{"type":"keyDown","value":""},{"type":"pause","duration":10},{"type":"keyUp","value":""}]}]}
COMMAND: POST /session/19c5ed65dbd52b03c8c783813379e291/execute/async - {"script":"<script> [1562 bytes]","args":[{"selector":{"id":"application-manageconditionprice-display-component---newCondition--condBaseQty","interaction":{"idSuffix":"inner"}},"wdio_ui5_key":"applicationmanageconditionprice-display-component---newCondition--condBaseQty"}]}
COMMAND: GET /session/19c5ed65dbd52b03c8c783813379e291/screenshot - {}
RESULT: {"script":"<script> [1562 bytes]","args":[{"selector":{"id":"application-manageconditionprice-display-component---newCondition--condBaseQty","interaction":{"idSuffix":"inner"}},"wdio_ui5_key":"applicationmanageconditionprice-display-component---newCondition--condBaseQty"}]}
RESULT: undefined
COMMAND: POST /session/19c5ed65dbd52b03c8c783813379e291/execute/async - {"script":"<script> [776 bytes]","args":[{"enterText":"1","selector":{"id":"application-manageconditionprice-display-component---newCondition--condBaseQty","interaction":{"idSuffix":"inner"}},"clearTextFirst":true,"interactionType":"ENTER_TEXT"}]}
RESULT: {}
RESULT: {"script":"<script> [776 bytes]","args":[{"enterText":"1","selector":{"id":"application-manageconditionprice-display-component---newCondition--condBaseQty","interaction":{"idSuffix":"inner"}},"clearTextFirst":true,"interactionType":"ENTER_TEXT"}]}
COMMAND: POST /session/19c5ed65dbd52b03c8c783813379e291/execute/async - {"script":"<script> [1562 bytes]","args":[{"selector":{"id":"application-manageconditionprice-display-component---newCondition--condValue","interaction":{"idSuffix":"inner"}},"wdio_ui5_key":"applicationmanageconditionprice-display-component---newCondition--condValue"}]}
RESULT: {"script":"<script> [1562 bytes]","args":[{"selector":{"id":"application-manageconditionprice-display-component---newCondition--condValue","interaction":{"idSuffix":"inner"}},"wdio_ui5_key":"applicationmanageconditionprice-display-component---newCondition--condValue"}]}
RESULT: undefined
COMMAND: POST /session/19c5ed65dbd52b03c8c783813379e291/execute/async - {"script":"<script> [776 bytes]","args":[{"enterText":"100","selector":{"id":"application-manageconditionprice-display-component---newCondition--condValue","interaction":{"idSuffix":"inner"}},"clearTextFirst":true,"interactionType":"ENTER_TEXT"}]}
RESULT: {"script":"<script> [776 bytes]","args":[{"enterText":"100","selector":{"id":"application-manageconditionprice-display-component---newCondition--condValue","interaction":{"idSuffix":"inner"}},"clearTextFirst":true,"interactionType":"ENTER_TEXT"}]}
COMMAND: POST /session/19c5ed65dbd52b03c8c783813379e291/execute/async - {"script":"<script> [1562 bytes]","args":[{"selector":{"id":"application-manageconditionprice-display-component---newCondition--condCurr-arrow"},"wdio_ui5_key":"applicationmanageconditionprice-display-component---newCondition--condCurr-arrow"}]}
RESULT: {"script":"<script> [1562 bytes]","args":[{"selector":{"id":"application-manageconditionprice-display-component---newCondition--condCurr-arrow"},"wdio_ui5_key":"applicationmanageconditionprice-display-component---newCondition--condCurr-arrow"}]}
RESULT: undefined
COMMAND: POST /session/19c5ed65dbd52b03c8c783813379e291/element - {"using":"xpath","value":"//*[@id=\"application-manageconditionprice-display-component---newCondition--condCurr-arrow\"]"}
RESULT: {"using":"xpath","value":"//*[@id=\"application-manageconditionprice-display-component---newCondition--condCurr-arrow\"]"}
COMMAND: POST /session/19c5ed65dbd52b03c8c783813379e291/element/f.1FACEF5F4F0044855A63ECD1C0A7B6EF.d.DF482C0D017F6747EB3589C4400FD2A7.e.3810/click - {}
RESULT: {}
COMMAND: POST /session/19c5ed65dbd52b03c8c783813379e291/element - {"using":"xpath","value":"//span[contains(text(), \"Euro\")]"}
COMMAND: GET /session/19c5ed65dbd52b03c8c783813379e291/screenshot - {}
RESULT: {"using":"xpath","value":"//span[contains(text(), \"Euro\")]"}
COMMAND: POST /session/19c5ed65dbd52b03c8c783813379e291/element/f.1FACEF5F4F0044855A63ECD1C0A7B6EF.d.DF482C0D017F6747EB3589C4400FD2A7.e.3882/click - {}
RESULT: {}
RESULT: {}
COMMAND: POST /session/19c5ed65dbd52b03c8c783813379e291/element - {"using":"xpath","value":"//button[@data-kt=\"saveButton\"]"}
COMMAND: GET /session/19c5ed65dbd52b03c8c783813379e291/screenshot - {}
RESULT: {"using":"xpath","value":"//button[@data-kt=\"saveButton\"]"}
COMMAND: POST /session/19c5ed65dbd52b03c8c783813379e291/element/f.1FACEF5F4F0044855A63ECD1C0A7B6EF.d.DF482C0D017F6747EB3589C4400FD2A7.e.3811/click - {}
RESULT: {}
RESULT: {}
COMMAND: GET /session/19c5ed65dbd52b03c8c783813379e291/screenshot - {}
RESULT: {}
COMMAND: POST /session/19c5ed65dbd52b03c8c783813379e291/execute/async - {"script":"<script> [1562 bytes]","args":[{"selector":{"id":"application-manageconditionprice-display-component---conditions--smartFilterBar-btnBasicSearch","interaction":{"idSuffix":"I"}},"wdio_ui5_key":"applicationmanageconditionprice-display-component---conditions--smartFilterBar-btnBasicSearch"}]}
RESULT: {"script":"<script> [1562 bytes]","args":[{"selector":{"id":"application-manageconditionprice-display-component---conditions--smartFilterBar-btnBasicSearch","interaction":{"idSuffix":"I"}},"wdio_ui5_key":"applicationmanageconditionprice-display-component---conditions--smartFilterBar-btnBasicSearch"}]}
RESULT: undefined
COMMAND: POST /session/19c5ed65dbd52b03c8c783813379e291/execute/async - {"script":"<script> [776 bytes]","args":[{"enterText":"EQV152gZYB","selector":{"id":"application-manageconditionprice-display-component---conditions--smartFilterBar-btnBasicSearch","interaction":{"idSuffix":"I"}},"clearTextFirst":true,"interactionType":"ENTER_TEXT"}]}
RESULT: {"script":"<script> [776 bytes]","args":[{"enterText":"EQV152gZYB","selector":{"id":"application-manageconditionprice-display-component---conditions--smartFilterBar-btnBasicSearch","interaction":{"idSuffix":"I"}},"clearTextFirst":true,"interactionType":"ENTER_TEXT"}]}
COMMAND: POST /session/19c5ed65dbd52b03c8c783813379e291/actions - {"actions":[{"id":"action15","type":"key","parameters":{},"actions":[{"type":"keyDown","value":""},{"type":"pause","duration":10},{"type":"keyUp","value":""}]}]}
RESULT: {"actions":[{"id":"action15","type":"key","parameters":{},"actions":[{"type":"keyDown","value":""},{"type":"pause","duration":10},{"type":"keyUp","value":""}]}]}
COMMAND: GET /session/19c5ed65dbd52b03c8c783813379e291/screenshot - {}
RESULT: {}
COMMAND: POST /session/19c5ed65dbd52b03c8c783813379e291/execute/async - {"script":"<script> [1562 bytes]","args":[{"selector":{"id":"application-manageconditionprice-display-component---conditions--smartFilterBar-filterItemControl_BASIC-BILL_TYPES-vhi"},"wdio_ui5_key":"applicationmanageconditionprice-display-component---conditions--smartFilterBar-filterItemControl_BASIC-BILL_TYPES-vhi"}]}
RESULT: {"script":"<script> [1562 bytes]","args":[{"selector":{"id":"application-manageconditionprice-display-component---conditions--smartFilterBar-filterItemControl_BASIC-BILL_TYPES-vhi"},"wdio_ui5_key":"applicationmanageconditionprice-display-component---conditions--smartFilterBar-filterItemControl_BASIC-BILL_TYPES-vhi"}]}
RESULT: undefined
COMMAND: POST /session/19c5ed65dbd52b03c8c783813379e291/element - {"using":"xpath","value":"//*[@id=\"application-manageconditionprice-display-component---conditions--smartFilterBar-filterItemControl_BASIC-BILL_TYPES-vhi\"]"}
RESULT: {"using":"xpath","value":"//*[@id=\"application-manageconditionprice-display-component---conditions--smartFilterBar-filterItemControl_BASIC-BILL_TYPES-vhi\"]"}
COMMAND: POST /session/19c5ed65dbd52b03c8c783813379e291/element/f.1FACEF5F4F0044855A63ECD1C0A7B6EF.d.DF482C0D017F6747EB3589C4400FD2A7.e.3899/click - {}
RESULT: {}
COMMAND: POST /session/19c5ed65dbd52b03c8c783813379e291/execute/async - {"script":"<script> [1562 bytes]","args":[{"selector":{"id":"application-manageconditionprice-display-component---conditions--smartFilterBar-filterItemControl_BASIC-BILL_TYPES-valueHelpDialog-smartFilterBar-btnBasicSearch","searchOpenDialogs":true,"interaction":{"idSuffix":"I"}},"wdio_ui5_key":"applicationmanageconditionprice-display-component---conditions--smartFilterBar-filterItemControl_BASIC-BILL_TYPES-valueHelpDialog-smartFilterBar-btnBasicSearch"}]}
COMMAND: GET /session/19c5ed65dbd52b03c8c783813379e291/screenshot - {}
RESULT: {"script":"<script> [1562 bytes]","args":[{"selector":{"id":"application-manageconditionprice-display-component---conditions--smartFilterBar-filterItemControl_BASIC-BILL_TYPES-valueHelpDialog-smartFilterBar-btnBasicSearch","searchOpenDialogs":true,"interaction":{"idSuffix":"I"}},"wdio_ui5_key":"applicationmanageconditionprice-display-component---conditions--smartFilterBar-filterItemControl_BASIC-BILL_TYPES-valueHelpDialog-smartFilterBar-btnBasicSearch"}]}
RESULT: undefined
COMMAND: POST /session/19c5ed65dbd52b03c8c783813379e291/execute/async - {"script":"<script> [776 bytes]","args":[{"enterText":"TB","selector":{"id":"application-manageconditionprice-display-component---conditions--smartFilterBar-filterItemControl_BASIC-BILL_TYPES-valueHelpDialog-smartFilterBar-btnBasicSearch","searchOpenDialogs":true,"interaction":{"idSuffix":"I"}},"clearTextFirst":true,"interactionType":"ENTER_TEXT"}]}
RESULT: {}
RESULT: {"script":"<script> [776 bytes]","args":[{"enterText":"TB","selector":{"id":"application-manageconditionprice-display-component---conditions--smartFilterBar-filterItemControl_BASIC-BILL_TYPES-valueHelpDialog-smartFilterBar-btnBasicSearch","searchOpenDialogs":true,"interaction":{"idSuffix":"I"}},"clearTextFirst":true,"interactionType":"ENTER_TEXT"}]}
COMMAND: POST /session/19c5ed65dbd52b03c8c783813379e291/actions - {"actions":[{"id":"action16","type":"key","parameters":{},"actions":[{"type":"keyDown","value":""},{"type":"pause","duration":10},{"type":"keyUp","value":""}]}]}
RESULT: {"actions":[{"id":"action16","type":"key","parameters":{},"actions":[{"type":"keyDown","value":""},{"type":"pause","duration":10},{"type":"keyUp","value":""}]}]}
COMMAND: GET /session/19c5ed65dbd52b03c8c783813379e291/screenshot - {}
RESULT: {}
COMMAND: POST /session/19c5ed65dbd52b03c8c783813379e291/element - {"using":"xpath","value":"//div[contains(@id, 'application-manageconditionprice-display-component---conditions--smartFilterBar-filterItemControl_BASIC-BILL_TYPES-valueHelpDialog-table-rowsel0')]"}
RESULT: {"using":"xpath","value":"//div[contains(@id, 'application-manageconditionprice-display-component---conditions--smartFilterBar-filterItemControl_BASIC-BILL_TYPES-valueHelpDialog-table-rowsel0')]"}
COMMAND: POST /session/19c5ed65dbd52b03c8c783813379e291/element/f.1FACEF5F4F0044855A63ECD1C0A7B6EF.d.DF482C0D017F6747EB3589C4400FD2A7.e.3909/click - {}
RESULT: {}
COMMAND: GET /session/19c5ed65dbd52b03c8c783813379e291/screenshot - {}
RESULT: {}
COMMAND: POST /session/19c5ed65dbd52b03c8c783813379e291/element - {"using":"xpath","value":"//bdi[contains(text(), \"OK\")]"}
RESULT: {"using":"xpath","value":"//bdi[contains(text(), \"OK\")]"}
COMMAND: POST /session/19c5ed65dbd52b03c8c783813379e291/element/f.1FACEF5F4F0044855A63ECD1C0A7B6EF.d.DF482C0D017F6747EB3589C4400FD2A7.e.3911/click - {}
RESULT: {}
COMMAND: GET /session/19c5ed65dbd52b03c8c783813379e291/screenshot - {}
RESULT: {}
COMMAND: POST /session/19c5ed65dbd52b03c8c783813379e291/element - {"using":"xpath","value":"//span[@id=\"application-manageconditionprice-display-component---conditions--smartTable-header-inner\"]"}
RESULT: {"using":"xpath","value":"//span[@id=\"application-manageconditionprice-display-component---conditions--smartTable-header-inner\"]"}
COMMAND: POST /session/19c5ed65dbd52b03c8c783813379e291/elements - {"using":"xpath","value":"//span[@id=\"application-manageconditionprice-display-component---conditions--smartTable-header-inner\"]"}
RESULT: {"using":"xpath","value":"//span[@id=\"application-manageconditionprice-display-component---conditions--smartTable-header-inner\"]"}
COMMAND: POST /session/19c5ed65dbd52b03c8c783813379e291/execute/sync - {"script":"<script> [56 bytes]","args":[{"element-6066-11e4-a52e-4f735466cecf":"f.1FACEF5F4F0044855A63ECD1C0A7B6EF.d.DF482C0D017F6747EB3589C4400FD2A7.e.3914","ELEMENT":"f.1FACEF5F4F0044855A63ECD1C0A7B6EF.d.DF482C0D017F6747EB3589C4400FD2A7.e.3914"}]}
RESULT: {"script":"<script> [56 bytes]","args":[{"element-6066-11e4-a52e-4f735466cecf":"f.1FACEF5F4F0044855A63ECD1C0A7B6EF.d.DF482C0D017F6747EB3589C4400FD2A7.e.3914","ELEMENT":"f.1FACEF5F4F0044855A63ECD1C0A7B6EF.d.DF482C0D017F6747EB3589C4400FD2A7.e.3914"}]}
COMMAND: POST /session/19c5ed65dbd52b03c8c783813379e291/element - {"using":"css selector","value":"#shell-header-logo"}
COMMAND: GET /session/19c5ed65dbd52b03c8c783813379e291/screenshot - {}
RESULT: {"using":"css selector","value":"#shell-header-logo"}
COMMAND: POST /session/19c5ed65dbd52b03c8c783813379e291/element/f.1FACEF5F4F0044855A63ECD1C0A7B6EF.d.DF482C0D017F6747EB3589C4400FD2A7.e.3637/click - {}
RESULT: {}
RESULT: {}
COMMAND: GET /session/19c5ed65dbd52b03c8c783813379e291/screenshot - {}
RESULT: {}
]]></system-out>
    </testcase>
    <testcase classname="chrome.136_0_7103_93.windows.Billing_confirm_US117289" name="Should do a stock increase" time="99.724">
      <failure/>
      <error message="Can't call click on element with selector &quot;//li[.//span[contains(text(),'504 -')]]&quot; because element wasn't found"/>
      <system-out><![CDATA[
COMMAND: POST /session/19c5ed65dbd52b03c8c783813379e291/execute/async - {"script":"<script> [1562 bytes]","args":[{"selector":{"controlType":"sap.m.GenericTile","properties":{"header":"Manage Handovers"}},"wdio_ui5_key":"sapm.GenericTile{\"header\":\"Manage Handovers\"}"}]}
RESULT: {"script":"<script> [1562 bytes]","args":[{"selector":{"controlType":"sap.m.GenericTile","properties":{"header":"Manage Handovers"}},"wdio_ui5_key":"sapm.GenericTile{\"header\":\"Manage Handovers\"}"}]}
RESULT: undefined
COMMAND: POST /session/19c5ed65dbd52b03c8c783813379e291/element - {"using":"xpath","value":"//*[@id=\"__tile133\"]"}
RESULT: {"using":"xpath","value":"//*[@id=\"__tile133\"]"}
COMMAND: POST /session/19c5ed65dbd52b03c8c783813379e291/element/f.1FACEF5F4F0044855A63ECD1C0A7B6EF.d.DF482C0D017F6747EB3589C4400FD2A7.e.247/click - {}
RESULT: {}
COMMAND: GET /session/19c5ed65dbd52b03c8c783813379e291/screenshot - {}
RESULT: {}
COMMAND: POST /session/19c5ed65dbd52b03c8c783813379e291/elements - {"using":"xpath","value":"//span[text()='Error']"}
RESULT: {"using":"xpath","value":"//span[text()='Error']"}
COMMAND: POST /session/19c5ed65dbd52b03c8c783813379e291/element - {"using":"xpath","value":"//button[@data-kt=\"masterHOAddButton\"]"}
RESULT: {"using":"xpath","value":"//button[@data-kt=\"masterHOAddButton\"]"}
COMMAND: POST /session/19c5ed65dbd52b03c8c783813379e291/elements - {"using":"xpath","value":"//button[@data-kt=\"masterHOAddButton\"]"}
RESULT: {"using":"xpath","value":"//button[@data-kt=\"masterHOAddButton\"]"}
COMMAND: POST /session/19c5ed65dbd52b03c8c783813379e291/elements - {"using":"xpath","value":"//button[@data-kt=\"masterHOAddButton\"]"}
RESULT: {"using":"xpath","value":"//button[@data-kt=\"masterHOAddButton\"]"}
COMMAND: POST /session/19c5ed65dbd52b03c8c783813379e291/elements - {"using":"xpath","value":"//button[@data-kt=\"masterHOAddButton\"]"}
RESULT: {"using":"xpath","value":"//button[@data-kt=\"masterHOAddButton\"]"}
COMMAND: POST /session/19c5ed65dbd52b03c8c783813379e291/elements - {"using":"xpath","value":"//button[@data-kt=\"masterHOAddButton\"]"}
RESULT: {"using":"xpath","value":"//button[@data-kt=\"masterHOAddButton\"]"}
COMMAND: POST /session/19c5ed65dbd52b03c8c783813379e291/element - {"using":"xpath","value":"//button[@data-kt=\"masterHOAddButton\"]"}
RESULT: {"using":"xpath","value":"//button[@data-kt=\"masterHOAddButton\"]"}
COMMAND: POST /session/19c5ed65dbd52b03c8c783813379e291/execute/sync - {"script":"<script> [8489 bytes]","args":[{"element-6066-11e4-a52e-4f735466cecf":"f.1FACEF5F4F0044855A63ECD1C0A7B6EF.d.DF482C0D017F6747EB3589C4400FD2A7.e.3949","ELEMENT":"f.1FACEF5F4F0044855A63ECD1C0A7B6EF.d.DF482C0D017F6747EB3589C4400FD2A7.e.3949"}]}
RESULT: {"script":"<script> [8489 bytes]","args":[{"element-6066-11e4-a52e-4f735466cecf":"f.1FACEF5F4F0044855A63ECD1C0A7B6EF.d.DF482C0D017F6747EB3589C4400FD2A7.e.3949","ELEMENT":"f.1FACEF5F4F0044855A63ECD1C0A7B6EF.d.DF482C0D017F6747EB3589C4400FD2A7.e.3949"}]}
COMMAND: GET /session/19c5ed65dbd52b03c8c783813379e291/element/f.1FACEF5F4F0044855A63ECD1C0A7B6EF.d.DF482C0D017F6747EB3589C4400FD2A7.e.3949/enabled - {}
COMMAND: GET /session/19c5ed65dbd52b03c8c783813379e291/screenshot - {}
RESULT: {}
COMMAND: POST /session/19c5ed65dbd52b03c8c783813379e291/execute/sync - {"script":"<script> [8489 bytes]","args":[{"element-6066-11e4-a52e-4f735466cecf":"f.1FACEF5F4F0044855A63ECD1C0A7B6EF.d.DF482C0D017F6747EB3589C4400FD2A7.e.3949","ELEMENT":"f.1FACEF5F4F0044855A63ECD1C0A7B6EF.d.DF482C0D017F6747EB3589C4400FD2A7.e.3949"}]}
COMMAND: GET /session/19c5ed65dbd52b03c8c783813379e291/screenshot - {}
RESULT: {}
RESULT: {"script":"<script> [8489 bytes]","args":[{"element-6066-11e4-a52e-4f735466cecf":"f.1FACEF5F4F0044855A63ECD1C0A7B6EF.d.DF482C0D017F6747EB3589C4400FD2A7.e.3949","ELEMENT":"f.1FACEF5F4F0044855A63ECD1C0A7B6EF.d.DF482C0D017F6747EB3589C4400FD2A7.e.3949"}]}
COMMAND: POST /session/19c5ed65dbd52b03c8c783813379e291/execute/sync - {"script":"<script> [5351 bytes]","args":[{"element-6066-11e4-a52e-4f735466cecf":"f.1FACEF5F4F0044855A63ECD1C0A7B6EF.d.DF482C0D017F6747EB3589C4400FD2A7.e.3949","ELEMENT":"f.1FACEF5F4F0044855A63ECD1C0A7B6EF.d.DF482C0D017F6747EB3589C4400FD2A7.e.3949"}]}
COMMAND: GET /session/19c5ed65dbd52b03c8c783813379e291/screenshot - {}
RESULT: {}
RESULT: {"script":"<script> [5351 bytes]","args":[{"element-6066-11e4-a52e-4f735466cecf":"f.1FACEF5F4F0044855A63ECD1C0A7B6EF.d.DF482C0D017F6747EB3589C4400FD2A7.e.3949","ELEMENT":"f.1FACEF5F4F0044855A63ECD1C0A7B6EF.d.DF482C0D017F6747EB3589C4400FD2A7.e.3949"}]}
COMMAND: POST /session/19c5ed65dbd52b03c8c783813379e291/element/f.1FACEF5F4F0044855A63ECD1C0A7B6EF.d.DF482C0D017F6747EB3589C4400FD2A7.e.3949/click - {}
COMMAND: GET /session/19c5ed65dbd52b03c8c783813379e291/screenshot - {}
RESULT: {}
RESULT: {}
COMMAND: GET /session/19c5ed65dbd52b03c8c783813379e291/screenshot - {}
COMMAND: POST /session/19c5ed65dbd52b03c8c783813379e291/element - {"using":"xpath","value":"//span[contains(@id ,\"AddNewHO--typeSelect-arrow\")]"}
RESULT: {}
RESULT: {}
RESULT: {"using":"xpath","value":"//span[contains(@id ,\"AddNewHO--typeSelect-arrow\")]"}
COMMAND: POST /session/19c5ed65dbd52b03c8c783813379e291/element/f.1FACEF5F4F0044855A63ECD1C0A7B6EF.d.DF482C0D017F6747EB3589C4400FD2A7.e.4300/click - {}
RESULT: {}
COMMAND: GET /session/19c5ed65dbd52b03c8c783813379e291/screenshot - {}
RESULT: {}
COMMAND: POST /session/19c5ed65dbd52b03c8c783813379e291/element - {"using":"xpath","value":"(//li[contains(text(), \"stock increase yard\")])[1]"}
RESULT: {"using":"xpath","value":"(//li[contains(text(), \"stock increase yard\")])[1]"}
COMMAND: POST /session/19c5ed65dbd52b03c8c783813379e291/element/f.1FACEF5F4F0044855A63ECD1C0A7B6EF.d.DF482C0D017F6747EB3589C4400FD2A7.e.4301/click - {}
RESULT: {}
COMMAND: GET /session/19c5ed65dbd52b03c8c783813379e291/screenshot - {}
RESULT: {}
COMMAND: POST /session/19c5ed65dbd52b03c8c783813379e291/execute/async - {"script":"<script> [1562 bytes]","args":[{"selector":{"id":"application-managehandovers-display-component---AddNewHO--dueDate","interaction":{"idSuffix":"inner"}},"wdio_ui5_key":"applicationmanagehandovers-display-component---AddNewHO--dueDate"}]}
RESULT: {"script":"<script> [1562 bytes]","args":[{"selector":{"id":"application-managehandovers-display-component---AddNewHO--dueDate","interaction":{"idSuffix":"inner"}},"wdio_ui5_key":"applicationmanagehandovers-display-component---AddNewHO--dueDate"}]}
RESULT: undefined
COMMAND: POST /session/19c5ed65dbd52b03c8c783813379e291/execute/async - {"script":"<script> [6424 bytes]","args":[{"element-6066-11e4-a52e-4f735466cecf":"f.1FACEF5F4F0044855A63ECD1C0A7B6EF.d.DF482C0D017F6747EB3589C4400FD2A7.e.4303"},"setValue",["5/30/25"]]}
RESULT: {"script":"<script> [6424 bytes]","args":[{"element-6066-11e4-a52e-4f735466cecf":"f.1FACEF5F4F0044855A63ECD1C0A7B6EF.d.DF482C0D017F6747EB3589C4400FD2A7.e.4303"},"setValue",["5/30/25"]]}
COMMAND: POST /session/19c5ed65dbd52b03c8c783813379e291/element - {"using":"xpath","value":"//input[@id=\"generalSectionFrg--receiveYard-inner\"]"}
RESULT: {"using":"xpath","value":"//input[@id=\"generalSectionFrg--receiveYard-inner\"]"}
COMMAND: POST /session/19c5ed65dbd52b03c8c783813379e291/element/f.1FACEF5F4F0044855A63ECD1C0A7B6EF.d.DF482C0D017F6747EB3589C4400FD2A7.e.4309/clear - {}
RESULT: {}
COMMAND: POST /session/19c5ed65dbd52b03c8c783813379e291/element/f.1FACEF5F4F0044855A63ECD1C0A7B6EF.d.DF482C0D017F6747EB3589C4400FD2A7.e.4309/value - {"text":"504"}
COMMAND: GET /session/19c5ed65dbd52b03c8c783813379e291/screenshot - {}
RESULT: {"text":"504"}
COMMAND: GET /session/19c5ed65dbd52b03c8c783813379e291/screenshot - {}
RESULT: {}
RESULT: {}
COMMAND: POST /session/19c5ed65dbd52b03c8c783813379e291/element - {"using":"xpath","value":"//li[.//span[contains(text(),'504 -')]]"}
RESULT: {"using":"xpath","value":"//li[.//span[contains(text(),'504 -')]]"}
COMMAND: POST /session/19c5ed65dbd52b03c8c783813379e291/elements - {"using":"xpath","value":"//li[.//span[contains(text(),'504 -')]]"}
RESULT: {"using":"xpath","value":"//li[.//span[contains(text(),'504 -')]]"}
COMMAND: POST /session/19c5ed65dbd52b03c8c783813379e291/elements - {"using":"xpath","value":"//li[.//span[contains(text(),'504 -')]]"}
RESULT: {"using":"xpath","value":"//li[.//span[contains(text(),'504 -')]]"}
COMMAND: POST /session/19c5ed65dbd52b03c8c783813379e291/elements - {"using":"xpath","value":"//li[.//span[contains(text(),'504 -')]]"}
RESULT: {"using":"xpath","value":"//li[.//span[contains(text(),'504 -')]]"}
COMMAND: POST /session/19c5ed65dbd52b03c8c783813379e291/elements - {"using":"xpath","value":"//li[.//span[contains(text(),'504 -')]]"}
RESULT: {"using":"xpath","value":"//li[.//span[contains(text(),'504 -')]]"}
COMMAND: POST /session/19c5ed65dbd52b03c8c783813379e291/elements - {"using":"xpath","value":"//li[.//span[contains(text(),'504 -')]]"}
RESULT: {"using":"xpath","value":"//li[.//span[contains(text(),'504 -')]]"}
COMMAND: POST /session/19c5ed65dbd52b03c8c783813379e291/elements - {"using":"xpath","value":"//li[.//span[contains(text(),'504 -')]]"}
RESULT: {"using":"xpath","value":"//li[.//span[contains(text(),'504 -')]]"}
COMMAND: POST /session/19c5ed65dbd52b03c8c783813379e291/elements - {"using":"xpath","value":"//li[.//span[contains(text(),'504 -')]]"}
RESULT: {"using":"xpath","value":"//li[.//span[contains(text(),'504 -')]]"}
COMMAND: POST /session/19c5ed65dbd52b03c8c783813379e291/elements - {"using":"xpath","value":"//li[.//span[contains(text(),'504 -')]]"}
RESULT: {"using":"xpath","value":"//li[.//span[contains(text(),'504 -')]]"}
COMMAND: POST /session/19c5ed65dbd52b03c8c783813379e291/elements - {"using":"xpath","value":"//li[.//span[contains(text(),'504 -')]]"}
RESULT: {"using":"xpath","value":"//li[.//span[contains(text(),'504 -')]]"}
COMMAND: POST /session/19c5ed65dbd52b03c8c783813379e291/elements - {"using":"xpath","value":"//li[.//span[contains(text(),'504 -')]]"}
RESULT: {"using":"xpath","value":"//li[.//span[contains(text(),'504 -')]]"}
COMMAND: POST /session/19c5ed65dbd52b03c8c783813379e291/elements - {"using":"xpath","value":"//li[.//span[contains(text(),'504 -')]]"}
RESULT: {"using":"xpath","value":"//li[.//span[contains(text(),'504 -')]]"}
COMMAND: POST /session/19c5ed65dbd52b03c8c783813379e291/elements - {"using":"xpath","value":"//li[.//span[contains(text(),'504 -')]]"}
RESULT: {"using":"xpath","value":"//li[.//span[contains(text(),'504 -')]]"}
COMMAND: POST /session/19c5ed65dbd52b03c8c783813379e291/elements - {"using":"xpath","value":"//li[.//span[contains(text(),'504 -')]]"}
RESULT: {"using":"xpath","value":"//li[.//span[contains(text(),'504 -')]]"}
COMMAND: POST /session/19c5ed65dbd52b03c8c783813379e291/elements - {"using":"xpath","value":"//li[.//span[contains(text(),'504 -')]]"}
RESULT: {"using":"xpath","value":"//li[.//span[contains(text(),'504 -')]]"}
COMMAND: POST /session/19c5ed65dbd52b03c8c783813379e291/elements - {"using":"xpath","value":"//li[.//span[contains(text(),'504 -')]]"}
RESULT: {"using":"xpath","value":"//li[.//span[contains(text(),'504 -')]]"}
COMMAND: POST /session/19c5ed65dbd52b03c8c783813379e291/elements - {"using":"xpath","value":"//li[.//span[contains(text(),'504 -')]]"}
RESULT: {"using":"xpath","value":"//li[.//span[contains(text(),'504 -')]]"}
COMMAND: POST /session/19c5ed65dbd52b03c8c783813379e291/elements - {"using":"xpath","value":"//li[.//span[contains(text(),'504 -')]]"}
RESULT: {"using":"xpath","value":"//li[.//span[contains(text(),'504 -')]]"}
COMMAND: POST /session/19c5ed65dbd52b03c8c783813379e291/elements - {"using":"xpath","value":"//li[.//span[contains(text(),'504 -')]]"}
RESULT: {"using":"xpath","value":"//li[.//span[contains(text(),'504 -')]]"}
COMMAND: POST /session/19c5ed65dbd52b03c8c783813379e291/elements - {"using":"xpath","value":"//li[.//span[contains(text(),'504 -')]]"}
RESULT: {"using":"xpath","value":"//li[.//span[contains(text(),'504 -')]]"}
COMMAND: POST /session/19c5ed65dbd52b03c8c783813379e291/elements - {"using":"xpath","value":"//li[.//span[contains(text(),'504 -')]]"}
RESULT: {"using":"xpath","value":"//li[.//span[contains(text(),'504 -')]]"}
COMMAND: POST /session/19c5ed65dbd52b03c8c783813379e291/elements - {"using":"xpath","value":"//li[.//span[contains(text(),'504 -')]]"}
RESULT: {"using":"xpath","value":"//li[.//span[contains(text(),'504 -')]]"}
COMMAND: POST /session/19c5ed65dbd52b03c8c783813379e291/elements - {"using":"xpath","value":"//li[.//span[contains(text(),'504 -')]]"}
RESULT: {"using":"xpath","value":"//li[.//span[contains(text(),'504 -')]]"}
COMMAND: POST /session/19c5ed65dbd52b03c8c783813379e291/elements - {"using":"xpath","value":"//li[.//span[contains(text(),'504 -')]]"}
RESULT: {"using":"xpath","value":"//li[.//span[contains(text(),'504 -')]]"}
COMMAND: POST /session/19c5ed65dbd52b03c8c783813379e291/elements - {"using":"xpath","value":"//li[.//span[contains(text(),'504 -')]]"}
RESULT: {"using":"xpath","value":"//li[.//span[contains(text(),'504 -')]]"}
COMMAND: POST /session/19c5ed65dbd52b03c8c783813379e291/elements - {"using":"xpath","value":"//li[.//span[contains(text(),'504 -')]]"}
RESULT: {"using":"xpath","value":"//li[.//span[contains(text(),'504 -')]]"}
COMMAND: POST /session/19c5ed65dbd52b03c8c783813379e291/elements - {"using":"xpath","value":"//li[.//span[contains(text(),'504 -')]]"}
RESULT: {"using":"xpath","value":"//li[.//span[contains(text(),'504 -')]]"}
COMMAND: POST /session/19c5ed65dbd52b03c8c783813379e291/elements - {"using":"xpath","value":"//li[.//span[contains(text(),'504 -')]]"}
RESULT: {"using":"xpath","value":"//li[.//span[contains(text(),'504 -')]]"}
COMMAND: POST /session/19c5ed65dbd52b03c8c783813379e291/elements - {"using":"xpath","value":"//li[.//span[contains(text(),'504 -')]]"}
RESULT: {"using":"xpath","value":"//li[.//span[contains(text(),'504 -')]]"}
COMMAND: POST /session/19c5ed65dbd52b03c8c783813379e291/elements - {"using":"xpath","value":"//li[.//span[contains(text(),'504 -')]]"}
RESULT: {"using":"xpath","value":"//li[.//span[contains(text(),'504 -')]]"}
COMMAND: POST /session/19c5ed65dbd52b03c8c783813379e291/elements - {"using":"xpath","value":"//li[.//span[contains(text(),'504 -')]]"}
RESULT: {"using":"xpath","value":"//li[.//span[contains(text(),'504 -')]]"}
COMMAND: POST /session/19c5ed65dbd52b03c8c783813379e291/elements - {"using":"xpath","value":"//li[.//span[contains(text(),'504 -')]]"}
RESULT: {"using":"xpath","value":"//li[.//span[contains(text(),'504 -')]]"}
COMMAND: POST /session/19c5ed65dbd52b03c8c783813379e291/elements - {"using":"xpath","value":"//li[.//span[contains(text(),'504 -')]]"}
RESULT: {"using":"xpath","value":"//li[.//span[contains(text(),'504 -')]]"}
COMMAND: POST /session/19c5ed65dbd52b03c8c783813379e291/elements - {"using":"xpath","value":"//li[.//span[contains(text(),'504 -')]]"}
RESULT: {"using":"xpath","value":"//li[.//span[contains(text(),'504 -')]]"}
COMMAND: POST /session/19c5ed65dbd52b03c8c783813379e291/elements - {"using":"xpath","value":"//li[.//span[contains(text(),'504 -')]]"}
RESULT: {"using":"xpath","value":"//li[.//span[contains(text(),'504 -')]]"}
COMMAND: POST /session/19c5ed65dbd52b03c8c783813379e291/elements - {"using":"xpath","value":"//li[.//span[contains(text(),'504 -')]]"}
RESULT: {"using":"xpath","value":"//li[.//span[contains(text(),'504 -')]]"}
COMMAND: POST /session/19c5ed65dbd52b03c8c783813379e291/elements - {"using":"xpath","value":"//li[.//span[contains(text(),'504 -')]]"}
RESULT: {"using":"xpath","value":"//li[.//span[contains(text(),'504 -')]]"}
COMMAND: POST /session/19c5ed65dbd52b03c8c783813379e291/elements - {"using":"xpath","value":"//li[.//span[contains(text(),'504 -')]]"}
RESULT: {"using":"xpath","value":"//li[.//span[contains(text(),'504 -')]]"}
COMMAND: POST /session/19c5ed65dbd52b03c8c783813379e291/elements - {"using":"xpath","value":"//li[.//span[contains(text(),'504 -')]]"}
RESULT: {"using":"xpath","value":"//li[.//span[contains(text(),'504 -')]]"}
COMMAND: POST /session/19c5ed65dbd52b03c8c783813379e291/elements - {"using":"xpath","value":"//li[.//span[contains(text(),'504 -')]]"}
RESULT: {"using":"xpath","value":"//li[.//span[contains(text(),'504 -')]]"}
COMMAND: POST /session/19c5ed65dbd52b03c8c783813379e291/elements - {"using":"xpath","value":"//li[.//span[contains(text(),'504 -')]]"}
RESULT: {"using":"xpath","value":"//li[.//span[contains(text(),'504 -')]]"}
COMMAND: POST /session/19c5ed65dbd52b03c8c783813379e291/elements - {"using":"xpath","value":"//li[.//span[contains(text(),'504 -')]]"}
RESULT: {"using":"xpath","value":"//li[.//span[contains(text(),'504 -')]]"}
COMMAND: POST /session/19c5ed65dbd52b03c8c783813379e291/elements - {"using":"xpath","value":"//li[.//span[contains(text(),'504 -')]]"}
RESULT: {"using":"xpath","value":"//li[.//span[contains(text(),'504 -')]]"}
COMMAND: POST /session/19c5ed65dbd52b03c8c783813379e291/elements - {"using":"xpath","value":"//li[.//span[contains(text(),'504 -')]]"}
RESULT: {"using":"xpath","value":"//li[.//span[contains(text(),'504 -')]]"}
COMMAND: POST /session/19c5ed65dbd52b03c8c783813379e291/elements - {"using":"xpath","value":"//li[.//span[contains(text(),'504 -')]]"}
RESULT: {"using":"xpath","value":"//li[.//span[contains(text(),'504 -')]]"}
COMMAND: POST /session/19c5ed65dbd52b03c8c783813379e291/elements - {"using":"xpath","value":"//li[.//span[contains(text(),'504 -')]]"}
RESULT: {"using":"xpath","value":"//li[.//span[contains(text(),'504 -')]]"}
COMMAND: POST /session/19c5ed65dbd52b03c8c783813379e291/elements - {"using":"xpath","value":"//li[.//span[contains(text(),'504 -')]]"}
RESULT: {"using":"xpath","value":"//li[.//span[contains(text(),'504 -')]]"}
COMMAND: POST /session/19c5ed65dbd52b03c8c783813379e291/elements - {"using":"xpath","value":"//li[.//span[contains(text(),'504 -')]]"}
RESULT: {"using":"xpath","value":"//li[.//span[contains(text(),'504 -')]]"}
COMMAND: POST /session/19c5ed65dbd52b03c8c783813379e291/elements - {"using":"xpath","value":"//li[.//span[contains(text(),'504 -')]]"}
RESULT: {"using":"xpath","value":"//li[.//span[contains(text(),'504 -')]]"}
COMMAND: POST /session/19c5ed65dbd52b03c8c783813379e291/elements - {"using":"xpath","value":"//li[.//span[contains(text(),'504 -')]]"}
RESULT: {"using":"xpath","value":"//li[.//span[contains(text(),'504 -')]]"}
COMMAND: POST /session/19c5ed65dbd52b03c8c783813379e291/elements - {"using":"xpath","value":"//li[.//span[contains(text(),'504 -')]]"}
RESULT: {"using":"xpath","value":"//li[.//span[contains(text(),'504 -')]]"}
COMMAND: POST /session/19c5ed65dbd52b03c8c783813379e291/elements - {"using":"xpath","value":"//li[.//span[contains(text(),'504 -')]]"}
RESULT: {"using":"xpath","value":"//li[.//span[contains(text(),'504 -')]]"}
COMMAND: POST /session/19c5ed65dbd52b03c8c783813379e291/elements - {"using":"xpath","value":"//li[.//span[contains(text(),'504 -')]]"}
RESULT: {"using":"xpath","value":"//li[.//span[contains(text(),'504 -')]]"}
COMMAND: POST /session/19c5ed65dbd52b03c8c783813379e291/elements - {"using":"xpath","value":"//li[.//span[contains(text(),'504 -')]]"}
RESULT: {"using":"xpath","value":"//li[.//span[contains(text(),'504 -')]]"}
COMMAND: POST /session/19c5ed65dbd52b03c8c783813379e291/elements - {"using":"xpath","value":"//li[.//span[contains(text(),'504 -')]]"}
RESULT: {"using":"xpath","value":"//li[.//span[contains(text(),'504 -')]]"}
COMMAND: POST /session/19c5ed65dbd52b03c8c783813379e291/elements - {"using":"xpath","value":"//li[.//span[contains(text(),'504 -')]]"}
RESULT: {"using":"xpath","value":"//li[.//span[contains(text(),'504 -')]]"}
COMMAND: POST /session/19c5ed65dbd52b03c8c783813379e291/elements - {"using":"xpath","value":"//li[.//span[contains(text(),'504 -')]]"}
RESULT: {"using":"xpath","value":"//li[.//span[contains(text(),'504 -')]]"}
COMMAND: POST /session/19c5ed65dbd52b03c8c783813379e291/elements - {"using":"xpath","value":"//li[.//span[contains(text(),'504 -')]]"}
RESULT: {"using":"xpath","value":"//li[.//span[contains(text(),'504 -')]]"}
COMMAND: POST /session/19c5ed65dbd52b03c8c783813379e291/elements - {"using":"xpath","value":"//li[.//span[contains(text(),'504 -')]]"}
RESULT: {"using":"xpath","value":"//li[.//span[contains(text(),'504 -')]]"}
COMMAND: POST /session/19c5ed65dbd52b03c8c783813379e291/elements - {"using":"xpath","value":"//li[.//span[contains(text(),'504 -')]]"}
RESULT: {"using":"xpath","value":"//li[.//span[contains(text(),'504 -')]]"}
COMMAND: POST /session/19c5ed65dbd52b03c8c783813379e291/elements - {"using":"xpath","value":"//li[.//span[contains(text(),'504 -')]]"}
RESULT: {"using":"xpath","value":"//li[.//span[contains(text(),'504 -')]]"}
COMMAND: POST /session/19c5ed65dbd52b03c8c783813379e291/elements - {"using":"xpath","value":"//li[.//span[contains(text(),'504 -')]]"}
RESULT: {"using":"xpath","value":"//li[.//span[contains(text(),'504 -')]]"}
COMMAND: POST /session/19c5ed65dbd52b03c8c783813379e291/elements - {"using":"xpath","value":"//li[.//span[contains(text(),'504 -')]]"}
RESULT: {"using":"xpath","value":"//li[.//span[contains(text(),'504 -')]]"}
COMMAND: POST /session/19c5ed65dbd52b03c8c783813379e291/elements - {"using":"xpath","value":"//li[.//span[contains(text(),'504 -')]]"}
RESULT: {"using":"xpath","value":"//li[.//span[contains(text(),'504 -')]]"}
COMMAND: POST /session/19c5ed65dbd52b03c8c783813379e291/elements - {"using":"xpath","value":"//li[.//span[contains(text(),'504 -')]]"}
RESULT: {"using":"xpath","value":"//li[.//span[contains(text(),'504 -')]]"}
COMMAND: POST /session/19c5ed65dbd52b03c8c783813379e291/elements - {"using":"xpath","value":"//li[.//span[contains(text(),'504 -')]]"}
RESULT: {"using":"xpath","value":"//li[.//span[contains(text(),'504 -')]]"}
COMMAND: POST /session/19c5ed65dbd52b03c8c783813379e291/elements - {"using":"xpath","value":"//li[.//span[contains(text(),'504 -')]]"}
RESULT: {"using":"xpath","value":"//li[.//span[contains(text(),'504 -')]]"}
COMMAND: POST /session/19c5ed65dbd52b03c8c783813379e291/elements - {"using":"xpath","value":"//li[.//span[contains(text(),'504 -')]]"}
RESULT: {"using":"xpath","value":"//li[.//span[contains(text(),'504 -')]]"}
COMMAND: POST /session/19c5ed65dbd52b03c8c783813379e291/elements - {"using":"xpath","value":"//li[.//span[contains(text(),'504 -')]]"}
RESULT: {"using":"xpath","value":"//li[.//span[contains(text(),'504 -')]]"}
COMMAND: POST /session/19c5ed65dbd52b03c8c783813379e291/elements - {"using":"xpath","value":"//li[.//span[contains(text(),'504 -')]]"}
RESULT: {"using":"xpath","value":"//li[.//span[contains(text(),'504 -')]]"}
COMMAND: POST /session/19c5ed65dbd52b03c8c783813379e291/elements - {"using":"xpath","value":"//li[.//span[contains(text(),'504 -')]]"}
RESULT: {"using":"xpath","value":"//li[.//span[contains(text(),'504 -')]]"}
COMMAND: POST /session/19c5ed65dbd52b03c8c783813379e291/elements - {"using":"xpath","value":"//li[.//span[contains(text(),'504 -')]]"}
RESULT: {"using":"xpath","value":"//li[.//span[contains(text(),'504 -')]]"}
COMMAND: POST /session/19c5ed65dbd52b03c8c783813379e291/elements - {"using":"xpath","value":"//li[.//span[contains(text(),'504 -')]]"}
RESULT: {"using":"xpath","value":"//li[.//span[contains(text(),'504 -')]]"}
COMMAND: POST /session/19c5ed65dbd52b03c8c783813379e291/elements - {"using":"xpath","value":"//li[.//span[contains(text(),'504 -')]]"}
RESULT: {"using":"xpath","value":"//li[.//span[contains(text(),'504 -')]]"}
COMMAND: POST /session/19c5ed65dbd52b03c8c783813379e291/elements - {"using":"xpath","value":"//li[.//span[contains(text(),'504 -')]]"}
RESULT: {"using":"xpath","value":"//li[.//span[contains(text(),'504 -')]]"}
COMMAND: POST /session/19c5ed65dbd52b03c8c783813379e291/elements - {"using":"xpath","value":"//li[.//span[contains(text(),'504 -')]]"}
RESULT: {"using":"xpath","value":"//li[.//span[contains(text(),'504 -')]]"}
COMMAND: POST /session/19c5ed65dbd52b03c8c783813379e291/elements - {"using":"xpath","value":"//li[.//span[contains(text(),'504 -')]]"}
RESULT: {"using":"xpath","value":"//li[.//span[contains(text(),'504 -')]]"}
COMMAND: POST /session/19c5ed65dbd52b03c8c783813379e291/elements - {"using":"xpath","value":"//li[.//span[contains(text(),'504 -')]]"}
RESULT: {"using":"xpath","value":"//li[.//span[contains(text(),'504 -')]]"}
COMMAND: POST /session/19c5ed65dbd52b03c8c783813379e291/elements - {"using":"xpath","value":"//li[.//span[contains(text(),'504 -')]]"}
RESULT: {"using":"xpath","value":"//li[.//span[contains(text(),'504 -')]]"}
COMMAND: POST /session/19c5ed65dbd52b03c8c783813379e291/elements - {"using":"xpath","value":"//li[.//span[contains(text(),'504 -')]]"}
RESULT: {"using":"xpath","value":"//li[.//span[contains(text(),'504 -')]]"}
COMMAND: POST /session/19c5ed65dbd52b03c8c783813379e291/elements - {"using":"xpath","value":"//li[.//span[contains(text(),'504 -')]]"}
RESULT: {"using":"xpath","value":"//li[.//span[contains(text(),'504 -')]]"}
COMMAND: POST /session/19c5ed65dbd52b03c8c783813379e291/elements - {"using":"xpath","value":"//li[.//span[contains(text(),'504 -')]]"}
RESULT: {"using":"xpath","value":"//li[.//span[contains(text(),'504 -')]]"}
COMMAND: POST /session/19c5ed65dbd52b03c8c783813379e291/elements - {"using":"xpath","value":"//li[.//span[contains(text(),'504 -')]]"}
RESULT: {"using":"xpath","value":"//li[.//span[contains(text(),'504 -')]]"}
COMMAND: POST /session/19c5ed65dbd52b03c8c783813379e291/elements - {"using":"xpath","value":"//li[.//span[contains(text(),'504 -')]]"}
RESULT: {"using":"xpath","value":"//li[.//span[contains(text(),'504 -')]]"}
COMMAND: POST /session/19c5ed65dbd52b03c8c783813379e291/elements - {"using":"xpath","value":"//li[.//span[contains(text(),'504 -')]]"}
RESULT: {"using":"xpath","value":"//li[.//span[contains(text(),'504 -')]]"}
COMMAND: POST /session/19c5ed65dbd52b03c8c783813379e291/elements - {"using":"xpath","value":"//li[.//span[contains(text(),'504 -')]]"}
RESULT: {"using":"xpath","value":"//li[.//span[contains(text(),'504 -')]]"}
COMMAND: POST /session/19c5ed65dbd52b03c8c783813379e291/elements - {"using":"xpath","value":"//li[.//span[contains(text(),'504 -')]]"}
RESULT: {"using":"xpath","value":"//li[.//span[contains(text(),'504 -')]]"}
COMMAND: POST /session/19c5ed65dbd52b03c8c783813379e291/elements - {"using":"xpath","value":"//li[.//span[contains(text(),'504 -')]]"}
RESULT: {"using":"xpath","value":"//li[.//span[contains(text(),'504 -')]]"}
COMMAND: POST /session/19c5ed65dbd52b03c8c783813379e291/elements - {"using":"xpath","value":"//li[.//span[contains(text(),'504 -')]]"}
RESULT: {"using":"xpath","value":"//li[.//span[contains(text(),'504 -')]]"}
COMMAND: POST /session/19c5ed65dbd52b03c8c783813379e291/elements - {"using":"xpath","value":"//li[.//span[contains(text(),'504 -')]]"}
RESULT: {"using":"xpath","value":"//li[.//span[contains(text(),'504 -')]]"}
COMMAND: POST /session/19c5ed65dbd52b03c8c783813379e291/elements - {"using":"xpath","value":"//li[.//span[contains(text(),'504 -')]]"}
RESULT: {"using":"xpath","value":"//li[.//span[contains(text(),'504 -')]]"}
COMMAND: POST /session/19c5ed65dbd52b03c8c783813379e291/elements - {"using":"xpath","value":"//li[.//span[contains(text(),'504 -')]]"}
RESULT: {"using":"xpath","value":"//li[.//span[contains(text(),'504 -')]]"}
COMMAND: POST /session/19c5ed65dbd52b03c8c783813379e291/elements - {"using":"xpath","value":"//li[.//span[contains(text(),'504 -')]]"}
RESULT: {"using":"xpath","value":"//li[.//span[contains(text(),'504 -')]]"}
COMMAND: POST /session/19c5ed65dbd52b03c8c783813379e291/elements - {"using":"xpath","value":"//li[.//span[contains(text(),'504 -')]]"}
RESULT: {"using":"xpath","value":"//li[.//span[contains(text(),'504 -')]]"}
COMMAND: POST /session/19c5ed65dbd52b03c8c783813379e291/elements - {"using":"xpath","value":"//li[.//span[contains(text(),'504 -')]]"}
RESULT: {"using":"xpath","value":"//li[.//span[contains(text(),'504 -')]]"}
COMMAND: POST /session/19c5ed65dbd52b03c8c783813379e291/elements - {"using":"xpath","value":"//li[.//span[contains(text(),'504 -')]]"}
RESULT: {"using":"xpath","value":"//li[.//span[contains(text(),'504 -')]]"}
COMMAND: POST /session/19c5ed65dbd52b03c8c783813379e291/elements - {"using":"xpath","value":"//li[.//span[contains(text(),'504 -')]]"}
RESULT: {"using":"xpath","value":"//li[.//span[contains(text(),'504 -')]]"}
COMMAND: POST /session/19c5ed65dbd52b03c8c783813379e291/elements - {"using":"xpath","value":"//li[.//span[contains(text(),'504 -')]]"}
RESULT: {"using":"xpath","value":"//li[.//span[contains(text(),'504 -')]]"}
COMMAND: POST /session/19c5ed65dbd52b03c8c783813379e291/elements - {"using":"xpath","value":"//li[.//span[contains(text(),'504 -')]]"}
RESULT: {"using":"xpath","value":"//li[.//span[contains(text(),'504 -')]]"}
COMMAND: POST /session/19c5ed65dbd52b03c8c783813379e291/elements - {"using":"xpath","value":"//li[.//span[contains(text(),'504 -')]]"}
RESULT: {"using":"xpath","value":"//li[.//span[contains(text(),'504 -')]]"}
COMMAND: POST /session/19c5ed65dbd52b03c8c783813379e291/elements - {"using":"xpath","value":"//li[.//span[contains(text(),'504 -')]]"}
RESULT: {"using":"xpath","value":"//li[.//span[contains(text(),'504 -')]]"}
COMMAND: POST /session/19c5ed65dbd52b03c8c783813379e291/elements - {"using":"xpath","value":"//li[.//span[contains(text(),'504 -')]]"}
RESULT: {"using":"xpath","value":"//li[.//span[contains(text(),'504 -')]]"}
COMMAND: POST /session/19c5ed65dbd52b03c8c783813379e291/elements - {"using":"xpath","value":"//li[.//span[contains(text(),'504 -')]]"}
RESULT: {"using":"xpath","value":"//li[.//span[contains(text(),'504 -')]]"}
COMMAND: POST /session/19c5ed65dbd52b03c8c783813379e291/elements - {"using":"xpath","value":"//li[.//span[contains(text(),'504 -')]]"}
RESULT: {"using":"xpath","value":"//li[.//span[contains(text(),'504 -')]]"}
COMMAND: POST /session/19c5ed65dbd52b03c8c783813379e291/elements - {"using":"xpath","value":"//li[.//span[contains(text(),'504 -')]]"}
RESULT: {"using":"xpath","value":"//li[.//span[contains(text(),'504 -')]]"}
COMMAND: POST /session/19c5ed65dbd52b03c8c783813379e291/elements - {"using":"xpath","value":"//li[.//span[contains(text(),'504 -')]]"}
RESULT: {"using":"xpath","value":"//li[.//span[contains(text(),'504 -')]]"}
COMMAND: POST /session/19c5ed65dbd52b03c8c783813379e291/elements - {"using":"xpath","value":"//li[.//span[contains(text(),'504 -')]]"}
RESULT: {"using":"xpath","value":"//li[.//span[contains(text(),'504 -')]]"}
COMMAND: POST /session/19c5ed65dbd52b03c8c783813379e291/elements - {"using":"xpath","value":"//li[.//span[contains(text(),'504 -')]]"}
RESULT: {"using":"xpath","value":"//li[.//span[contains(text(),'504 -')]]"}
COMMAND: POST /session/19c5ed65dbd52b03c8c783813379e291/elements - {"using":"xpath","value":"//li[.//span[contains(text(),'504 -')]]"}
RESULT: {"using":"xpath","value":"//li[.//span[contains(text(),'504 -')]]"}
COMMAND: POST /session/19c5ed65dbd52b03c8c783813379e291/elements - {"using":"xpath","value":"//li[.//span[contains(text(),'504 -')]]"}
RESULT: {"using":"xpath","value":"//li[.//span[contains(text(),'504 -')]]"}
COMMAND: POST /session/19c5ed65dbd52b03c8c783813379e291/elements - {"using":"xpath","value":"//li[.//span[contains(text(),'504 -')]]"}
RESULT: {"using":"xpath","value":"//li[.//span[contains(text(),'504 -')]]"}
COMMAND: POST /session/19c5ed65dbd52b03c8c783813379e291/elements - {"using":"xpath","value":"//li[.//span[contains(text(),'504 -')]]"}
RESULT: {"using":"xpath","value":"//li[.//span[contains(text(),'504 -')]]"}
COMMAND: POST /session/19c5ed65dbd52b03c8c783813379e291/elements - {"using":"xpath","value":"//li[.//span[contains(text(),'504 -')]]"}
RESULT: {"using":"xpath","value":"//li[.//span[contains(text(),'504 -')]]"}
COMMAND: POST /session/19c5ed65dbd52b03c8c783813379e291/elements - {"using":"xpath","value":"//li[.//span[contains(text(),'504 -')]]"}
RESULT: {"using":"xpath","value":"//li[.//span[contains(text(),'504 -')]]"}
COMMAND: POST /session/19c5ed65dbd52b03c8c783813379e291/elements - {"using":"xpath","value":"//li[.//span[contains(text(),'504 -')]]"}
RESULT: {"using":"xpath","value":"//li[.//span[contains(text(),'504 -')]]"}
COMMAND: POST /session/19c5ed65dbd52b03c8c783813379e291/elements - {"using":"xpath","value":"//li[.//span[contains(text(),'504 -')]]"}
RESULT: {"using":"xpath","value":"//li[.//span[contains(text(),'504 -')]]"}
COMMAND: POST /session/19c5ed65dbd52b03c8c783813379e291/elements - {"using":"xpath","value":"//li[.//span[contains(text(),'504 -')]]"}
RESULT: {"using":"xpath","value":"//li[.//span[contains(text(),'504 -')]]"}
COMMAND: POST /session/19c5ed65dbd52b03c8c783813379e291/elements - {"using":"xpath","value":"//li[.//span[contains(text(),'504 -')]]"}
RESULT: {"using":"xpath","value":"//li[.//span[contains(text(),'504 -')]]"}
COMMAND: POST /session/19c5ed65dbd52b03c8c783813379e291/elements - {"using":"xpath","value":"//li[.//span[contains(text(),'504 -')]]"}
RESULT: {"using":"xpath","value":"//li[.//span[contains(text(),'504 -')]]"}
COMMAND: POST /session/19c5ed65dbd52b03c8c783813379e291/elements - {"using":"xpath","value":"//li[.//span[contains(text(),'504 -')]]"}
RESULT: {"using":"xpath","value":"//li[.//span[contains(text(),'504 -')]]"}
COMMAND: POST /session/19c5ed65dbd52b03c8c783813379e291/elements - {"using":"xpath","value":"//li[.//span[contains(text(),'504 -')]]"}
RESULT: {"using":"xpath","value":"//li[.//span[contains(text(),'504 -')]]"}
COMMAND: POST /session/19c5ed65dbd52b03c8c783813379e291/elements - {"using":"xpath","value":"//li[.//span[contains(text(),'504 -')]]"}
COMMAND: GET /session/19c5ed65dbd52b03c8c783813379e291/screenshot - {}
RESULT: {"using":"xpath","value":"//li[.//span[contains(text(),'504 -')]]"}
RESULT: {}
]]></system-out>
      <system-err><![CDATA[
Error: Can't call click on element with selector "//li[.//span[contains(text(),'504 -')]]" because element wasn't found
    at async UtilsPrerequisites.stockIncrease (D:\a\1\s\test\specs\BTS\prerequisites-and-utils-functions.js:1638:9)
    at async Context.<anonymous> (D:\a\1\s\test\specs\BTS\billing-confirm.spec.js:59:9)
]]></system-err>
    </testcase>
    <testcase classname="chrome.136_0_7103_93.windows.Billing_confirm_US117289" name="Should create a new contract" time="60.632">
      <failure/>
      <error message="element (&quot;//button[@data-kt=&quot;addButton&quot;]&quot;) still not existing after 45000ms"/>
      <system-out><![CDATA[
COMMAND: GET /session/19c5ed65dbd52b03c8c783813379e291/screenshot - {}
COMMAND: POST /session/19c5ed65dbd52b03c8c783813379e291/execute/async - {"script":"<script> [1562 bytes]","args":[{"selector":{"controlType":"sap.m.GenericTile","properties":{"header":"Manage Contracts"}},"wdio_ui5_key":"sapm.GenericTile{\"header\":\"Manage Contracts\"}"}]}
RESULT: {}
RESULT: {"script":"<script> [1562 bytes]","args":[{"selector":{"controlType":"sap.m.GenericTile","properties":{"header":"Manage Contracts"}},"wdio_ui5_key":"sapm.GenericTile{\"header\":\"Manage Contracts\"}"}]}
RESULT: undefined
COMMAND: POST /session/19c5ed65dbd52b03c8c783813379e291/elements - {"using":"xpath","value":"//span[text()='Error']"}
RESULT: {"using":"xpath","value":"//span[text()='Error']"}
COMMAND: POST /session/19c5ed65dbd52b03c8c783813379e291/element - {"using":"xpath","value":"//button[@data-kt=\"addButton\"]"}
RESULT: {"using":"xpath","value":"//button[@data-kt=\"addButton\"]"}
COMMAND: POST /session/19c5ed65dbd52b03c8c783813379e291/elements - {"using":"xpath","value":"//button[@data-kt=\"addButton\"]"}
RESULT: {"using":"xpath","value":"//button[@data-kt=\"addButton\"]"}
COMMAND: POST /session/19c5ed65dbd52b03c8c783813379e291/elements - {"using":"xpath","value":"//button[@data-kt=\"addButton\"]"}
RESULT: {"using":"xpath","value":"//button[@data-kt=\"addButton\"]"}
COMMAND: POST /session/19c5ed65dbd52b03c8c783813379e291/elements - {"using":"xpath","value":"//button[@data-kt=\"addButton\"]"}
RESULT: {"using":"xpath","value":"//button[@data-kt=\"addButton\"]"}
COMMAND: POST /session/19c5ed65dbd52b03c8c783813379e291/elements - {"using":"xpath","value":"//button[@data-kt=\"addButton\"]"}
RESULT: {"using":"xpath","value":"//button[@data-kt=\"addButton\"]"}
COMMAND: POST /session/19c5ed65dbd52b03c8c783813379e291/elements - {"using":"xpath","value":"//button[@data-kt=\"addButton\"]"}
RESULT: {"using":"xpath","value":"//button[@data-kt=\"addButton\"]"}
COMMAND: POST /session/19c5ed65dbd52b03c8c783813379e291/elements - {"using":"xpath","value":"//button[@data-kt=\"addButton\"]"}
RESULT: {"using":"xpath","value":"//button[@data-kt=\"addButton\"]"}
COMMAND: POST /session/19c5ed65dbd52b03c8c783813379e291/elements - {"using":"xpath","value":"//button[@data-kt=\"addButton\"]"}
RESULT: {"using":"xpath","value":"//button[@data-kt=\"addButton\"]"}
COMMAND: POST /session/19c5ed65dbd52b03c8c783813379e291/elements - {"using":"xpath","value":"//button[@data-kt=\"addButton\"]"}
RESULT: {"using":"xpath","value":"//button[@data-kt=\"addButton\"]"}
COMMAND: POST /session/19c5ed65dbd52b03c8c783813379e291/elements - {"using":"xpath","value":"//button[@data-kt=\"addButton\"]"}
RESULT: {"using":"xpath","value":"//button[@data-kt=\"addButton\"]"}
COMMAND: POST /session/19c5ed65dbd52b03c8c783813379e291/elements - {"using":"xpath","value":"//button[@data-kt=\"addButton\"]"}
RESULT: {"using":"xpath","value":"//button[@data-kt=\"addButton\"]"}
COMMAND: POST /session/19c5ed65dbd52b03c8c783813379e291/elements - {"using":"xpath","value":"//button[@data-kt=\"addButton\"]"}
RESULT: {"using":"xpath","value":"//button[@data-kt=\"addButton\"]"}
COMMAND: POST /session/19c5ed65dbd52b03c8c783813379e291/elements - {"using":"xpath","value":"//button[@data-kt=\"addButton\"]"}
RESULT: {"using":"xpath","value":"//button[@data-kt=\"addButton\"]"}
COMMAND: POST /session/19c5ed65dbd52b03c8c783813379e291/elements - {"using":"xpath","value":"//button[@data-kt=\"addButton\"]"}
RESULT: {"using":"xpath","value":"//button[@data-kt=\"addButton\"]"}
COMMAND: POST /session/19c5ed65dbd52b03c8c783813379e291/elements - {"using":"xpath","value":"//button[@data-kt=\"addButton\"]"}
RESULT: {"using":"xpath","value":"//button[@data-kt=\"addButton\"]"}
COMMAND: POST /session/19c5ed65dbd52b03c8c783813379e291/elements - {"using":"xpath","value":"//button[@data-kt=\"addButton\"]"}
RESULT: {"using":"xpath","value":"//button[@data-kt=\"addButton\"]"}
COMMAND: POST /session/19c5ed65dbd52b03c8c783813379e291/elements - {"using":"xpath","value":"//button[@data-kt=\"addButton\"]"}
RESULT: {"using":"xpath","value":"//button[@data-kt=\"addButton\"]"}
COMMAND: POST /session/19c5ed65dbd52b03c8c783813379e291/elements - {"using":"xpath","value":"//button[@data-kt=\"addButton\"]"}
RESULT: {"using":"xpath","value":"//button[@data-kt=\"addButton\"]"}
COMMAND: POST /session/19c5ed65dbd52b03c8c783813379e291/elements - {"using":"xpath","value":"//button[@data-kt=\"addButton\"]"}
RESULT: {"using":"xpath","value":"//button[@data-kt=\"addButton\"]"}
COMMAND: POST /session/19c5ed65dbd52b03c8c783813379e291/elements - {"using":"xpath","value":"//button[@data-kt=\"addButton\"]"}
RESULT: {"using":"xpath","value":"//button[@data-kt=\"addButton\"]"}
COMMAND: POST /session/19c5ed65dbd52b03c8c783813379e291/elements - {"using":"xpath","value":"//button[@data-kt=\"addButton\"]"}
RESULT: {"using":"xpath","value":"//button[@data-kt=\"addButton\"]"}
COMMAND: POST /session/19c5ed65dbd52b03c8c783813379e291/elements - {"using":"xpath","value":"//button[@data-kt=\"addButton\"]"}
RESULT: {"using":"xpath","value":"//button[@data-kt=\"addButton\"]"}
COMMAND: POST /session/19c5ed65dbd52b03c8c783813379e291/elements - {"using":"xpath","value":"//button[@data-kt=\"addButton\"]"}
RESULT: {"using":"xpath","value":"//button[@data-kt=\"addButton\"]"}
COMMAND: POST /session/19c5ed65dbd52b03c8c783813379e291/elements - {"using":"xpath","value":"//button[@data-kt=\"addButton\"]"}
RESULT: {"using":"xpath","value":"//button[@data-kt=\"addButton\"]"}
COMMAND: POST /session/19c5ed65dbd52b03c8c783813379e291/elements - {"using":"xpath","value":"//button[@data-kt=\"addButton\"]"}
RESULT: {"using":"xpath","value":"//button[@data-kt=\"addButton\"]"}
COMMAND: POST /session/19c5ed65dbd52b03c8c783813379e291/elements - {"using":"xpath","value":"//button[@data-kt=\"addButton\"]"}
RESULT: {"using":"xpath","value":"//button[@data-kt=\"addButton\"]"}
COMMAND: POST /session/19c5ed65dbd52b03c8c783813379e291/elements - {"using":"xpath","value":"//button[@data-kt=\"addButton\"]"}
RESULT: {"using":"xpath","value":"//button[@data-kt=\"addButton\"]"}
COMMAND: POST /session/19c5ed65dbd52b03c8c783813379e291/elements - {"using":"xpath","value":"//button[@data-kt=\"addButton\"]"}
RESULT: {"using":"xpath","value":"//button[@data-kt=\"addButton\"]"}
COMMAND: POST /session/19c5ed65dbd52b03c8c783813379e291/elements - {"using":"xpath","value":"//button[@data-kt=\"addButton\"]"}
RESULT: {"using":"xpath","value":"//button[@data-kt=\"addButton\"]"}
COMMAND: POST /session/19c5ed65dbd52b03c8c783813379e291/elements - {"using":"xpath","value":"//button[@data-kt=\"addButton\"]"}
RESULT: {"using":"xpath","value":"//button[@data-kt=\"addButton\"]"}
COMMAND: POST /session/19c5ed65dbd52b03c8c783813379e291/elements - {"using":"xpath","value":"//button[@data-kt=\"addButton\"]"}
RESULT: {"using":"xpath","value":"//button[@data-kt=\"addButton\"]"}
COMMAND: POST /session/19c5ed65dbd52b03c8c783813379e291/elements - {"using":"xpath","value":"//button[@data-kt=\"addButton\"]"}
RESULT: {"using":"xpath","value":"//button[@data-kt=\"addButton\"]"}
COMMAND: POST /session/19c5ed65dbd52b03c8c783813379e291/elements - {"using":"xpath","value":"//button[@data-kt=\"addButton\"]"}
RESULT: {"using":"xpath","value":"//button[@data-kt=\"addButton\"]"}
COMMAND: POST /session/19c5ed65dbd52b03c8c783813379e291/elements - {"using":"xpath","value":"//button[@data-kt=\"addButton\"]"}
RESULT: {"using":"xpath","value":"//button[@data-kt=\"addButton\"]"}
COMMAND: POST /session/19c5ed65dbd52b03c8c783813379e291/elements - {"using":"xpath","value":"//button[@data-kt=\"addButton\"]"}
RESULT: {"using":"xpath","value":"//button[@data-kt=\"addButton\"]"}
COMMAND: POST /session/19c5ed65dbd52b03c8c783813379e291/elements - {"using":"xpath","value":"//button[@data-kt=\"addButton\"]"}
RESULT: {"using":"xpath","value":"//button[@data-kt=\"addButton\"]"}
COMMAND: POST /session/19c5ed65dbd52b03c8c783813379e291/elements - {"using":"xpath","value":"//button[@data-kt=\"addButton\"]"}
RESULT: {"using":"xpath","value":"//button[@data-kt=\"addButton\"]"}
COMMAND: POST /session/19c5ed65dbd52b03c8c783813379e291/elements - {"using":"xpath","value":"//button[@data-kt=\"addButton\"]"}
RESULT: {"using":"xpath","value":"//button[@data-kt=\"addButton\"]"}
COMMAND: POST /session/19c5ed65dbd52b03c8c783813379e291/elements - {"using":"xpath","value":"//button[@data-kt=\"addButton\"]"}
RESULT: {"using":"xpath","value":"//button[@data-kt=\"addButton\"]"}
COMMAND: POST /session/19c5ed65dbd52b03c8c783813379e291/elements - {"using":"xpath","value":"//button[@data-kt=\"addButton\"]"}
RESULT: {"using":"xpath","value":"//button[@data-kt=\"addButton\"]"}
COMMAND: POST /session/19c5ed65dbd52b03c8c783813379e291/elements - {"using":"xpath","value":"//button[@data-kt=\"addButton\"]"}
RESULT: {"using":"xpath","value":"//button[@data-kt=\"addButton\"]"}
COMMAND: POST /session/19c5ed65dbd52b03c8c783813379e291/elements - {"using":"xpath","value":"//button[@data-kt=\"addButton\"]"}
RESULT: {"using":"xpath","value":"//button[@data-kt=\"addButton\"]"}
COMMAND: POST /session/19c5ed65dbd52b03c8c783813379e291/elements - {"using":"xpath","value":"//button[@data-kt=\"addButton\"]"}
RESULT: {"using":"xpath","value":"//button[@data-kt=\"addButton\"]"}
COMMAND: POST /session/19c5ed65dbd52b03c8c783813379e291/elements - {"using":"xpath","value":"//button[@data-kt=\"addButton\"]"}
RESULT: {"using":"xpath","value":"//button[@data-kt=\"addButton\"]"}
COMMAND: POST /session/19c5ed65dbd52b03c8c783813379e291/elements - {"using":"xpath","value":"//button[@data-kt=\"addButton\"]"}
RESULT: {"using":"xpath","value":"//button[@data-kt=\"addButton\"]"}
COMMAND: POST /session/19c5ed65dbd52b03c8c783813379e291/elements - {"using":"xpath","value":"//button[@data-kt=\"addButton\"]"}
RESULT: {"using":"xpath","value":"//button[@data-kt=\"addButton\"]"}
COMMAND: POST /session/19c5ed65dbd52b03c8c783813379e291/elements - {"using":"xpath","value":"//button[@data-kt=\"addButton\"]"}
RESULT: {"using":"xpath","value":"//button[@data-kt=\"addButton\"]"}
COMMAND: POST /session/19c5ed65dbd52b03c8c783813379e291/elements - {"using":"xpath","value":"//button[@data-kt=\"addButton\"]"}
RESULT: {"using":"xpath","value":"//button[@data-kt=\"addButton\"]"}
COMMAND: POST /session/19c5ed65dbd52b03c8c783813379e291/elements - {"using":"xpath","value":"//button[@data-kt=\"addButton\"]"}
RESULT: {"using":"xpath","value":"//button[@data-kt=\"addButton\"]"}
COMMAND: POST /session/19c5ed65dbd52b03c8c783813379e291/elements - {"using":"xpath","value":"//button[@data-kt=\"addButton\"]"}
RESULT: {"using":"xpath","value":"//button[@data-kt=\"addButton\"]"}
COMMAND: POST /session/19c5ed65dbd52b03c8c783813379e291/elements - {"using":"xpath","value":"//button[@data-kt=\"addButton\"]"}
RESULT: {"using":"xpath","value":"//button[@data-kt=\"addButton\"]"}
COMMAND: POST /session/19c5ed65dbd52b03c8c783813379e291/elements - {"using":"xpath","value":"//button[@data-kt=\"addButton\"]"}
RESULT: {"using":"xpath","value":"//button[@data-kt=\"addButton\"]"}
COMMAND: POST /session/19c5ed65dbd52b03c8c783813379e291/elements - {"using":"xpath","value":"//button[@data-kt=\"addButton\"]"}
RESULT: {"using":"xpath","value":"//button[@data-kt=\"addButton\"]"}
COMMAND: POST /session/19c5ed65dbd52b03c8c783813379e291/elements - {"using":"xpath","value":"//button[@data-kt=\"addButton\"]"}
RESULT: {"using":"xpath","value":"//button[@data-kt=\"addButton\"]"}
COMMAND: POST /session/19c5ed65dbd52b03c8c783813379e291/elements - {"using":"xpath","value":"//button[@data-kt=\"addButton\"]"}
RESULT: {"using":"xpath","value":"//button[@data-kt=\"addButton\"]"}
COMMAND: POST /session/19c5ed65dbd52b03c8c783813379e291/elements - {"using":"xpath","value":"//button[@data-kt=\"addButton\"]"}
RESULT: {"using":"xpath","value":"//button[@data-kt=\"addButton\"]"}
COMMAND: POST /session/19c5ed65dbd52b03c8c783813379e291/elements - {"using":"xpath","value":"//button[@data-kt=\"addButton\"]"}
RESULT: {"using":"xpath","value":"//button[@data-kt=\"addButton\"]"}
COMMAND: POST /session/19c5ed65dbd52b03c8c783813379e291/elements - {"using":"xpath","value":"//button[@data-kt=\"addButton\"]"}
RESULT: {"using":"xpath","value":"//button[@data-kt=\"addButton\"]"}
COMMAND: POST /session/19c5ed65dbd52b03c8c783813379e291/elements - {"using":"xpath","value":"//button[@data-kt=\"addButton\"]"}
RESULT: {"using":"xpath","value":"//button[@data-kt=\"addButton\"]"}
COMMAND: POST /session/19c5ed65dbd52b03c8c783813379e291/elements - {"using":"xpath","value":"//button[@data-kt=\"addButton\"]"}
RESULT: {"using":"xpath","value":"//button[@data-kt=\"addButton\"]"}
COMMAND: POST /session/19c5ed65dbd52b03c8c783813379e291/elements - {"using":"xpath","value":"//button[@data-kt=\"addButton\"]"}
RESULT: {"using":"xpath","value":"//button[@data-kt=\"addButton\"]"}
COMMAND: POST /session/19c5ed65dbd52b03c8c783813379e291/elements - {"using":"xpath","value":"//button[@data-kt=\"addButton\"]"}
RESULT: {"using":"xpath","value":"//button[@data-kt=\"addButton\"]"}
COMMAND: POST /session/19c5ed65dbd52b03c8c783813379e291/elements - {"using":"xpath","value":"//button[@data-kt=\"addButton\"]"}
RESULT: {"using":"xpath","value":"//button[@data-kt=\"addButton\"]"}
COMMAND: POST /session/19c5ed65dbd52b03c8c783813379e291/elements - {"using":"xpath","value":"//button[@data-kt=\"addButton\"]"}
RESULT: {"using":"xpath","value":"//button[@data-kt=\"addButton\"]"}
COMMAND: POST /session/19c5ed65dbd52b03c8c783813379e291/elements - {"using":"xpath","value":"//button[@data-kt=\"addButton\"]"}
RESULT: {"using":"xpath","value":"//button[@data-kt=\"addButton\"]"}
COMMAND: POST /session/19c5ed65dbd52b03c8c783813379e291/elements - {"using":"xpath","value":"//button[@data-kt=\"addButton\"]"}
RESULT: {"using":"xpath","value":"//button[@data-kt=\"addButton\"]"}
COMMAND: POST /session/19c5ed65dbd52b03c8c783813379e291/elements - {"using":"xpath","value":"//button[@data-kt=\"addButton\"]"}
RESULT: {"using":"xpath","value":"//button[@data-kt=\"addButton\"]"}
COMMAND: POST /session/19c5ed65dbd52b03c8c783813379e291/elements - {"using":"xpath","value":"//button[@data-kt=\"addButton\"]"}
RESULT: {"using":"xpath","value":"//button[@data-kt=\"addButton\"]"}
COMMAND: POST /session/19c5ed65dbd52b03c8c783813379e291/elements - {"using":"xpath","value":"//button[@data-kt=\"addButton\"]"}
RESULT: {"using":"xpath","value":"//button[@data-kt=\"addButton\"]"}
COMMAND: POST /session/19c5ed65dbd52b03c8c783813379e291/elements - {"using":"xpath","value":"//button[@data-kt=\"addButton\"]"}
RESULT: {"using":"xpath","value":"//button[@data-kt=\"addButton\"]"}
COMMAND: POST /session/19c5ed65dbd52b03c8c783813379e291/elements - {"using":"xpath","value":"//button[@data-kt=\"addButton\"]"}
RESULT: {"using":"xpath","value":"//button[@data-kt=\"addButton\"]"}
COMMAND: POST /session/19c5ed65dbd52b03c8c783813379e291/elements - {"using":"xpath","value":"//button[@data-kt=\"addButton\"]"}
RESULT: {"using":"xpath","value":"//button[@data-kt=\"addButton\"]"}
COMMAND: POST /session/19c5ed65dbd52b03c8c783813379e291/elements - {"using":"xpath","value":"//button[@data-kt=\"addButton\"]"}
RESULT: {"using":"xpath","value":"//button[@data-kt=\"addButton\"]"}
COMMAND: POST /session/19c5ed65dbd52b03c8c783813379e291/elements - {"using":"xpath","value":"//button[@data-kt=\"addButton\"]"}
RESULT: {"using":"xpath","value":"//button[@data-kt=\"addButton\"]"}
COMMAND: POST /session/19c5ed65dbd52b03c8c783813379e291/elements - {"using":"xpath","value":"//button[@data-kt=\"addButton\"]"}
RESULT: {"using":"xpath","value":"//button[@data-kt=\"addButton\"]"}
COMMAND: POST /session/19c5ed65dbd52b03c8c783813379e291/elements - {"using":"xpath","value":"//button[@data-kt=\"addButton\"]"}
RESULT: {"using":"xpath","value":"//button[@data-kt=\"addButton\"]"}
COMMAND: POST /session/19c5ed65dbd52b03c8c783813379e291/elements - {"using":"xpath","value":"//button[@data-kt=\"addButton\"]"}
RESULT: {"using":"xpath","value":"//button[@data-kt=\"addButton\"]"}
COMMAND: POST /session/19c5ed65dbd52b03c8c783813379e291/elements - {"using":"xpath","value":"//button[@data-kt=\"addButton\"]"}
RESULT: {"using":"xpath","value":"//button[@data-kt=\"addButton\"]"}
COMMAND: POST /session/19c5ed65dbd52b03c8c783813379e291/elements - {"using":"xpath","value":"//button[@data-kt=\"addButton\"]"}
RESULT: {"using":"xpath","value":"//button[@data-kt=\"addButton\"]"}
COMMAND: POST /session/19c5ed65dbd52b03c8c783813379e291/elements - {"using":"xpath","value":"//button[@data-kt=\"addButton\"]"}
RESULT: {"using":"xpath","value":"//button[@data-kt=\"addButton\"]"}
COMMAND: POST /session/19c5ed65dbd52b03c8c783813379e291/elements - {"using":"xpath","value":"//button[@data-kt=\"addButton\"]"}
RESULT: {"using":"xpath","value":"//button[@data-kt=\"addButton\"]"}
COMMAND: POST /session/19c5ed65dbd52b03c8c783813379e291/elements - {"using":"xpath","value":"//button[@data-kt=\"addButton\"]"}
RESULT: {"using":"xpath","value":"//button[@data-kt=\"addButton\"]"}
COMMAND: POST /session/19c5ed65dbd52b03c8c783813379e291/elements - {"using":"xpath","value":"//button[@data-kt=\"addButton\"]"}
RESULT: {"using":"xpath","value":"//button[@data-kt=\"addButton\"]"}
COMMAND: POST /session/19c5ed65dbd52b03c8c783813379e291/elements - {"using":"xpath","value":"//button[@data-kt=\"addButton\"]"}
RESULT: {"using":"xpath","value":"//button[@data-kt=\"addButton\"]"}
COMMAND: POST /session/19c5ed65dbd52b03c8c783813379e291/elements - {"using":"xpath","value":"//button[@data-kt=\"addButton\"]"}
RESULT: {"using":"xpath","value":"//button[@data-kt=\"addButton\"]"}
COMMAND: POST /session/19c5ed65dbd52b03c8c783813379e291/elements - {"using":"xpath","value":"//button[@data-kt=\"addButton\"]"}
RESULT: {"using":"xpath","value":"//button[@data-kt=\"addButton\"]"}
COMMAND: POST /session/19c5ed65dbd52b03c8c783813379e291/elements - {"using":"xpath","value":"//button[@data-kt=\"addButton\"]"}
RESULT: {"using":"xpath","value":"//button[@data-kt=\"addButton\"]"}
COMMAND: POST /session/19c5ed65dbd52b03c8c783813379e291/elements - {"using":"xpath","value":"//button[@data-kt=\"addButton\"]"}
RESULT: {"using":"xpath","value":"//button[@data-kt=\"addButton\"]"}
COMMAND: POST /session/19c5ed65dbd52b03c8c783813379e291/elements - {"using":"xpath","value":"//button[@data-kt=\"addButton\"]"}
RESULT: {"using":"xpath","value":"//button[@data-kt=\"addButton\"]"}
COMMAND: POST /session/19c5ed65dbd52b03c8c783813379e291/elements - {"using":"xpath","value":"//button[@data-kt=\"addButton\"]"}
RESULT: {"using":"xpath","value":"//button[@data-kt=\"addButton\"]"}
COMMAND: POST /session/19c5ed65dbd52b03c8c783813379e291/elements - {"using":"xpath","value":"//button[@data-kt=\"addButton\"]"}
RESULT: {"using":"xpath","value":"//button[@data-kt=\"addButton\"]"}
COMMAND: POST /session/19c5ed65dbd52b03c8c783813379e291/elements - {"using":"xpath","value":"//button[@data-kt=\"addButton\"]"}
COMMAND: GET /session/19c5ed65dbd52b03c8c783813379e291/screenshot - {}
RESULT: {"using":"xpath","value":"//button[@data-kt=\"addButton\"]"}
RESULT: {}
]]></system-out>
      <system-err><![CDATA[
Error: element ("//button[@data-kt="addButton"]") still not existing after 45000ms
    at async UtilsPrerequisites.contractCreation (D:\a\1\s\test\specs\BTS\prerequisites-and-utils-functions.js:1741:9)
    at async Context.<anonymous> (D:\a\1\s\test\specs\BTS\billing-confirm.spec.js:63:45)
]]></system-err>
    </testcase>
    <testcase classname="chrome.136_0_7103_93.windows.Billing_confirm_US117289" name="Should add created equipment to contract" time="60.489">
      <failure/>
      <error message="Can't call click on element with selector &quot;//button[@data-kt=&quot;contractDetailEditBtnButton&quot;]&quot; because element wasn't found"/>
      <system-out><![CDATA[
COMMAND: POST /session/19c5ed65dbd52b03c8c783813379e291/element - {"using":"xpath","value":"//button[@data-kt=\"contractDetailEditBtnButton\"]"}
COMMAND: GET /session/19c5ed65dbd52b03c8c783813379e291/screenshot - {}
RESULT: {"using":"xpath","value":"//button[@data-kt=\"contractDetailEditBtnButton\"]"}
COMMAND: POST /session/19c5ed65dbd52b03c8c783813379e291/elements - {"using":"xpath","value":"//button[@data-kt=\"contractDetailEditBtnButton\"]"}
RESULT: {}
RESULT: {"using":"xpath","value":"//button[@data-kt=\"contractDetailEditBtnButton\"]"}
COMMAND: POST /session/19c5ed65dbd52b03c8c783813379e291/elements - {"using":"xpath","value":"//button[@data-kt=\"contractDetailEditBtnButton\"]"}
RESULT: {"using":"xpath","value":"//button[@data-kt=\"contractDetailEditBtnButton\"]"}
COMMAND: POST /session/19c5ed65dbd52b03c8c783813379e291/elements - {"using":"xpath","value":"//button[@data-kt=\"contractDetailEditBtnButton\"]"}
RESULT: {"using":"xpath","value":"//button[@data-kt=\"contractDetailEditBtnButton\"]"}
COMMAND: POST /session/19c5ed65dbd52b03c8c783813379e291/elements - {"using":"xpath","value":"//button[@data-kt=\"contractDetailEditBtnButton\"]"}
RESULT: {"using":"xpath","value":"//button[@data-kt=\"contractDetailEditBtnButton\"]"}
COMMAND: POST /session/19c5ed65dbd52b03c8c783813379e291/elements - {"using":"xpath","value":"//button[@data-kt=\"contractDetailEditBtnButton\"]"}
RESULT: {"using":"xpath","value":"//button[@data-kt=\"contractDetailEditBtnButton\"]"}
COMMAND: POST /session/19c5ed65dbd52b03c8c783813379e291/elements - {"using":"xpath","value":"//button[@data-kt=\"contractDetailEditBtnButton\"]"}
RESULT: {"using":"xpath","value":"//button[@data-kt=\"contractDetailEditBtnButton\"]"}
COMMAND: POST /session/19c5ed65dbd52b03c8c783813379e291/elements - {"using":"xpath","value":"//button[@data-kt=\"contractDetailEditBtnButton\"]"}
RESULT: {"using":"xpath","value":"//button[@data-kt=\"contractDetailEditBtnButton\"]"}
COMMAND: POST /session/19c5ed65dbd52b03c8c783813379e291/elements - {"using":"xpath","value":"//button[@data-kt=\"contractDetailEditBtnButton\"]"}
RESULT: {"using":"xpath","value":"//button[@data-kt=\"contractDetailEditBtnButton\"]"}
COMMAND: POST /session/19c5ed65dbd52b03c8c783813379e291/elements - {"using":"xpath","value":"//button[@data-kt=\"contractDetailEditBtnButton\"]"}
RESULT: {"using":"xpath","value":"//button[@data-kt=\"contractDetailEditBtnButton\"]"}
COMMAND: POST /session/19c5ed65dbd52b03c8c783813379e291/elements - {"using":"xpath","value":"//button[@data-kt=\"contractDetailEditBtnButton\"]"}
RESULT: {"using":"xpath","value":"//button[@data-kt=\"contractDetailEditBtnButton\"]"}
COMMAND: POST /session/19c5ed65dbd52b03c8c783813379e291/elements - {"using":"xpath","value":"//button[@data-kt=\"contractDetailEditBtnButton\"]"}
RESULT: {"using":"xpath","value":"//button[@data-kt=\"contractDetailEditBtnButton\"]"}
COMMAND: POST /session/19c5ed65dbd52b03c8c783813379e291/elements - {"using":"xpath","value":"//button[@data-kt=\"contractDetailEditBtnButton\"]"}
RESULT: {"using":"xpath","value":"//button[@data-kt=\"contractDetailEditBtnButton\"]"}
COMMAND: POST /session/19c5ed65dbd52b03c8c783813379e291/elements - {"using":"xpath","value":"//button[@data-kt=\"contractDetailEditBtnButton\"]"}
RESULT: {"using":"xpath","value":"//button[@data-kt=\"contractDetailEditBtnButton\"]"}
COMMAND: POST /session/19c5ed65dbd52b03c8c783813379e291/elements - {"using":"xpath","value":"//button[@data-kt=\"contractDetailEditBtnButton\"]"}
RESULT: {"using":"xpath","value":"//button[@data-kt=\"contractDetailEditBtnButton\"]"}
COMMAND: POST /session/19c5ed65dbd52b03c8c783813379e291/elements - {"using":"xpath","value":"//button[@data-kt=\"contractDetailEditBtnButton\"]"}
RESULT: {"using":"xpath","value":"//button[@data-kt=\"contractDetailEditBtnButton\"]"}
COMMAND: POST /session/19c5ed65dbd52b03c8c783813379e291/elements - {"using":"xpath","value":"//button[@data-kt=\"contractDetailEditBtnButton\"]"}
RESULT: {"using":"xpath","value":"//button[@data-kt=\"contractDetailEditBtnButton\"]"}
COMMAND: POST /session/19c5ed65dbd52b03c8c783813379e291/elements - {"using":"xpath","value":"//button[@data-kt=\"contractDetailEditBtnButton\"]"}
RESULT: {"using":"xpath","value":"//button[@data-kt=\"contractDetailEditBtnButton\"]"}
COMMAND: POST /session/19c5ed65dbd52b03c8c783813379e291/elements - {"using":"xpath","value":"//button[@data-kt=\"contractDetailEditBtnButton\"]"}
RESULT: {"using":"xpath","value":"//button[@data-kt=\"contractDetailEditBtnButton\"]"}
COMMAND: POST /session/19c5ed65dbd52b03c8c783813379e291/elements - {"using":"xpath","value":"//button[@data-kt=\"contractDetailEditBtnButton\"]"}
RESULT: {"using":"xpath","value":"//button[@data-kt=\"contractDetailEditBtnButton\"]"}
COMMAND: POST /session/19c5ed65dbd52b03c8c783813379e291/elements - {"using":"xpath","value":"//button[@data-kt=\"contractDetailEditBtnButton\"]"}
RESULT: {"using":"xpath","value":"//button[@data-kt=\"contractDetailEditBtnButton\"]"}
COMMAND: POST /session/19c5ed65dbd52b03c8c783813379e291/elements - {"using":"xpath","value":"//button[@data-kt=\"contractDetailEditBtnButton\"]"}
RESULT: {"using":"xpath","value":"//button[@data-kt=\"contractDetailEditBtnButton\"]"}
COMMAND: POST /session/19c5ed65dbd52b03c8c783813379e291/elements - {"using":"xpath","value":"//button[@data-kt=\"contractDetailEditBtnButton\"]"}
RESULT: {"using":"xpath","value":"//button[@data-kt=\"contractDetailEditBtnButton\"]"}
COMMAND: POST /session/19c5ed65dbd52b03c8c783813379e291/elements - {"using":"xpath","value":"//button[@data-kt=\"contractDetailEditBtnButton\"]"}
RESULT: {"using":"xpath","value":"//button[@data-kt=\"contractDetailEditBtnButton\"]"}
COMMAND: POST /session/19c5ed65dbd52b03c8c783813379e291/elements - {"using":"xpath","value":"//button[@data-kt=\"contractDetailEditBtnButton\"]"}
RESULT: {"using":"xpath","value":"//button[@data-kt=\"contractDetailEditBtnButton\"]"}
COMMAND: POST /session/19c5ed65dbd52b03c8c783813379e291/elements - {"using":"xpath","value":"//button[@data-kt=\"contractDetailEditBtnButton\"]"}
RESULT: {"using":"xpath","value":"//button[@data-kt=\"contractDetailEditBtnButton\"]"}
COMMAND: POST /session/19c5ed65dbd52b03c8c783813379e291/elements - {"using":"xpath","value":"//button[@data-kt=\"contractDetailEditBtnButton\"]"}
RESULT: {"using":"xpath","value":"//button[@data-kt=\"contractDetailEditBtnButton\"]"}
COMMAND: POST /session/19c5ed65dbd52b03c8c783813379e291/elements - {"using":"xpath","value":"//button[@data-kt=\"contractDetailEditBtnButton\"]"}
RESULT: {"using":"xpath","value":"//button[@data-kt=\"contractDetailEditBtnButton\"]"}
COMMAND: POST /session/19c5ed65dbd52b03c8c783813379e291/elements - {"using":"xpath","value":"//button[@data-kt=\"contractDetailEditBtnButton\"]"}
RESULT: {"using":"xpath","value":"//button[@data-kt=\"contractDetailEditBtnButton\"]"}
COMMAND: POST /session/19c5ed65dbd52b03c8c783813379e291/elements - {"using":"xpath","value":"//button[@data-kt=\"contractDetailEditBtnButton\"]"}
RESULT: {"using":"xpath","value":"//button[@data-kt=\"contractDetailEditBtnButton\"]"}
COMMAND: POST /session/19c5ed65dbd52b03c8c783813379e291/elements - {"using":"xpath","value":"//button[@data-kt=\"contractDetailEditBtnButton\"]"}
RESULT: {"using":"xpath","value":"//button[@data-kt=\"contractDetailEditBtnButton\"]"}
COMMAND: POST /session/19c5ed65dbd52b03c8c783813379e291/elements - {"using":"xpath","value":"//button[@data-kt=\"contractDetailEditBtnButton\"]"}
RESULT: {"using":"xpath","value":"//button[@data-kt=\"contractDetailEditBtnButton\"]"}
COMMAND: POST /session/19c5ed65dbd52b03c8c783813379e291/elements - {"using":"xpath","value":"//button[@data-kt=\"contractDetailEditBtnButton\"]"}
RESULT: {"using":"xpath","value":"//button[@data-kt=\"contractDetailEditBtnButton\"]"}
COMMAND: POST /session/19c5ed65dbd52b03c8c783813379e291/elements - {"using":"xpath","value":"//button[@data-kt=\"contractDetailEditBtnButton\"]"}
RESULT: {"using":"xpath","value":"//button[@data-kt=\"contractDetailEditBtnButton\"]"}
COMMAND: POST /session/19c5ed65dbd52b03c8c783813379e291/elements - {"using":"xpath","value":"//button[@data-kt=\"contractDetailEditBtnButton\"]"}
RESULT: {"using":"xpath","value":"//button[@data-kt=\"contractDetailEditBtnButton\"]"}
COMMAND: POST /session/19c5ed65dbd52b03c8c783813379e291/elements - {"using":"xpath","value":"//button[@data-kt=\"contractDetailEditBtnButton\"]"}
RESULT: {"using":"xpath","value":"//button[@data-kt=\"contractDetailEditBtnButton\"]"}
COMMAND: POST /session/19c5ed65dbd52b03c8c783813379e291/elements - {"using":"xpath","value":"//button[@data-kt=\"contractDetailEditBtnButton\"]"}
RESULT: {"using":"xpath","value":"//button[@data-kt=\"contractDetailEditBtnButton\"]"}
COMMAND: POST /session/19c5ed65dbd52b03c8c783813379e291/elements - {"using":"xpath","value":"//button[@data-kt=\"contractDetailEditBtnButton\"]"}
RESULT: {"using":"xpath","value":"//button[@data-kt=\"contractDetailEditBtnButton\"]"}
COMMAND: POST /session/19c5ed65dbd52b03c8c783813379e291/elements - {"using":"xpath","value":"//button[@data-kt=\"contractDetailEditBtnButton\"]"}
RESULT: {"using":"xpath","value":"//button[@data-kt=\"contractDetailEditBtnButton\"]"}
COMMAND: POST /session/19c5ed65dbd52b03c8c783813379e291/elements - {"using":"xpath","value":"//button[@data-kt=\"contractDetailEditBtnButton\"]"}
RESULT: {"using":"xpath","value":"//button[@data-kt=\"contractDetailEditBtnButton\"]"}
COMMAND: POST /session/19c5ed65dbd52b03c8c783813379e291/elements - {"using":"xpath","value":"//button[@data-kt=\"contractDetailEditBtnButton\"]"}
RESULT: {"using":"xpath","value":"//button[@data-kt=\"contractDetailEditBtnButton\"]"}
COMMAND: POST /session/19c5ed65dbd52b03c8c783813379e291/elements - {"using":"xpath","value":"//button[@data-kt=\"contractDetailEditBtnButton\"]"}
RESULT: {"using":"xpath","value":"//button[@data-kt=\"contractDetailEditBtnButton\"]"}
COMMAND: POST /session/19c5ed65dbd52b03c8c783813379e291/elements - {"using":"xpath","value":"//button[@data-kt=\"contractDetailEditBtnButton\"]"}
RESULT: {"using":"xpath","value":"//button[@data-kt=\"contractDetailEditBtnButton\"]"}
COMMAND: POST /session/19c5ed65dbd52b03c8c783813379e291/elements - {"using":"xpath","value":"//button[@data-kt=\"contractDetailEditBtnButton\"]"}
RESULT: {"using":"xpath","value":"//button[@data-kt=\"contractDetailEditBtnButton\"]"}
COMMAND: POST /session/19c5ed65dbd52b03c8c783813379e291/elements - {"using":"xpath","value":"//button[@data-kt=\"contractDetailEditBtnButton\"]"}
RESULT: {"using":"xpath","value":"//button[@data-kt=\"contractDetailEditBtnButton\"]"}
COMMAND: POST /session/19c5ed65dbd52b03c8c783813379e291/elements - {"using":"xpath","value":"//button[@data-kt=\"contractDetailEditBtnButton\"]"}
RESULT: {"using":"xpath","value":"//button[@data-kt=\"contractDetailEditBtnButton\"]"}
COMMAND: POST /session/19c5ed65dbd52b03c8c783813379e291/elements - {"using":"xpath","value":"//button[@data-kt=\"contractDetailEditBtnButton\"]"}
RESULT: {"using":"xpath","value":"//button[@data-kt=\"contractDetailEditBtnButton\"]"}
COMMAND: POST /session/19c5ed65dbd52b03c8c783813379e291/elements - {"using":"xpath","value":"//button[@data-kt=\"contractDetailEditBtnButton\"]"}
RESULT: {"using":"xpath","value":"//button[@data-kt=\"contractDetailEditBtnButton\"]"}
COMMAND: POST /session/19c5ed65dbd52b03c8c783813379e291/elements - {"using":"xpath","value":"//button[@data-kt=\"contractDetailEditBtnButton\"]"}
RESULT: {"using":"xpath","value":"//button[@data-kt=\"contractDetailEditBtnButton\"]"}
COMMAND: POST /session/19c5ed65dbd52b03c8c783813379e291/elements - {"using":"xpath","value":"//button[@data-kt=\"contractDetailEditBtnButton\"]"}
RESULT: {"using":"xpath","value":"//button[@data-kt=\"contractDetailEditBtnButton\"]"}
COMMAND: POST /session/19c5ed65dbd52b03c8c783813379e291/elements - {"using":"xpath","value":"//button[@data-kt=\"contractDetailEditBtnButton\"]"}
RESULT: {"using":"xpath","value":"//button[@data-kt=\"contractDetailEditBtnButton\"]"}
COMMAND: POST /session/19c5ed65dbd52b03c8c783813379e291/elements - {"using":"xpath","value":"//button[@data-kt=\"contractDetailEditBtnButton\"]"}
RESULT: {"using":"xpath","value":"//button[@data-kt=\"contractDetailEditBtnButton\"]"}
COMMAND: POST /session/19c5ed65dbd52b03c8c783813379e291/elements - {"using":"xpath","value":"//button[@data-kt=\"contractDetailEditBtnButton\"]"}
RESULT: {"using":"xpath","value":"//button[@data-kt=\"contractDetailEditBtnButton\"]"}
COMMAND: POST /session/19c5ed65dbd52b03c8c783813379e291/elements - {"using":"xpath","value":"//button[@data-kt=\"contractDetailEditBtnButton\"]"}
RESULT: {"using":"xpath","value":"//button[@data-kt=\"contractDetailEditBtnButton\"]"}
COMMAND: POST /session/19c5ed65dbd52b03c8c783813379e291/elements - {"using":"xpath","value":"//button[@data-kt=\"contractDetailEditBtnButton\"]"}
RESULT: {"using":"xpath","value":"//button[@data-kt=\"contractDetailEditBtnButton\"]"}
COMMAND: POST /session/19c5ed65dbd52b03c8c783813379e291/elements - {"using":"xpath","value":"//button[@data-kt=\"contractDetailEditBtnButton\"]"}
RESULT: {"using":"xpath","value":"//button[@data-kt=\"contractDetailEditBtnButton\"]"}
COMMAND: POST /session/19c5ed65dbd52b03c8c783813379e291/elements - {"using":"xpath","value":"//button[@data-kt=\"contractDetailEditBtnButton\"]"}
RESULT: {"using":"xpath","value":"//button[@data-kt=\"contractDetailEditBtnButton\"]"}
COMMAND: POST /session/19c5ed65dbd52b03c8c783813379e291/elements - {"using":"xpath","value":"//button[@data-kt=\"contractDetailEditBtnButton\"]"}
RESULT: {"using":"xpath","value":"//button[@data-kt=\"contractDetailEditBtnButton\"]"}
COMMAND: POST /session/19c5ed65dbd52b03c8c783813379e291/elements - {"using":"xpath","value":"//button[@data-kt=\"contractDetailEditBtnButton\"]"}
RESULT: {"using":"xpath","value":"//button[@data-kt=\"contractDetailEditBtnButton\"]"}
COMMAND: POST /session/19c5ed65dbd52b03c8c783813379e291/elements - {"using":"xpath","value":"//button[@data-kt=\"contractDetailEditBtnButton\"]"}
RESULT: {"using":"xpath","value":"//button[@data-kt=\"contractDetailEditBtnButton\"]"}
COMMAND: POST /session/19c5ed65dbd52b03c8c783813379e291/elements - {"using":"xpath","value":"//button[@data-kt=\"contractDetailEditBtnButton\"]"}
RESULT: {"using":"xpath","value":"//button[@data-kt=\"contractDetailEditBtnButton\"]"}
COMMAND: POST /session/19c5ed65dbd52b03c8c783813379e291/elements - {"using":"xpath","value":"//button[@data-kt=\"contractDetailEditBtnButton\"]"}
RESULT: {"using":"xpath","value":"//button[@data-kt=\"contractDetailEditBtnButton\"]"}
COMMAND: POST /session/19c5ed65dbd52b03c8c783813379e291/elements - {"using":"xpath","value":"//button[@data-kt=\"contractDetailEditBtnButton\"]"}
RESULT: {"using":"xpath","value":"//button[@data-kt=\"contractDetailEditBtnButton\"]"}
COMMAND: POST /session/19c5ed65dbd52b03c8c783813379e291/elements - {"using":"xpath","value":"//button[@data-kt=\"contractDetailEditBtnButton\"]"}
RESULT: {"using":"xpath","value":"//button[@data-kt=\"contractDetailEditBtnButton\"]"}
COMMAND: POST /session/19c5ed65dbd52b03c8c783813379e291/elements - {"using":"xpath","value":"//button[@data-kt=\"contractDetailEditBtnButton\"]"}
RESULT: {"using":"xpath","value":"//button[@data-kt=\"contractDetailEditBtnButton\"]"}
COMMAND: POST /session/19c5ed65dbd52b03c8c783813379e291/elements - {"using":"xpath","value":"//button[@data-kt=\"contractDetailEditBtnButton\"]"}
RESULT: {"using":"xpath","value":"//button[@data-kt=\"contractDetailEditBtnButton\"]"}
COMMAND: POST /session/19c5ed65dbd52b03c8c783813379e291/elements - {"using":"xpath","value":"//button[@data-kt=\"contractDetailEditBtnButton\"]"}
RESULT: {"using":"xpath","value":"//button[@data-kt=\"contractDetailEditBtnButton\"]"}
COMMAND: POST /session/19c5ed65dbd52b03c8c783813379e291/elements - {"using":"xpath","value":"//button[@data-kt=\"contractDetailEditBtnButton\"]"}
RESULT: {"using":"xpath","value":"//button[@data-kt=\"contractDetailEditBtnButton\"]"}
COMMAND: POST /session/19c5ed65dbd52b03c8c783813379e291/elements - {"using":"xpath","value":"//button[@data-kt=\"contractDetailEditBtnButton\"]"}
RESULT: {"using":"xpath","value":"//button[@data-kt=\"contractDetailEditBtnButton\"]"}
COMMAND: POST /session/19c5ed65dbd52b03c8c783813379e291/elements - {"using":"xpath","value":"//button[@data-kt=\"contractDetailEditBtnButton\"]"}
RESULT: {"using":"xpath","value":"//button[@data-kt=\"contractDetailEditBtnButton\"]"}
COMMAND: POST /session/19c5ed65dbd52b03c8c783813379e291/elements - {"using":"xpath","value":"//button[@data-kt=\"contractDetailEditBtnButton\"]"}
RESULT: {"using":"xpath","value":"//button[@data-kt=\"contractDetailEditBtnButton\"]"}
COMMAND: POST /session/19c5ed65dbd52b03c8c783813379e291/elements - {"using":"xpath","value":"//button[@data-kt=\"contractDetailEditBtnButton\"]"}
RESULT: {"using":"xpath","value":"//button[@data-kt=\"contractDetailEditBtnButton\"]"}
COMMAND: POST /session/19c5ed65dbd52b03c8c783813379e291/elements - {"using":"xpath","value":"//button[@data-kt=\"contractDetailEditBtnButton\"]"}
RESULT: {"using":"xpath","value":"//button[@data-kt=\"contractDetailEditBtnButton\"]"}
COMMAND: POST /session/19c5ed65dbd52b03c8c783813379e291/elements - {"using":"xpath","value":"//button[@data-kt=\"contractDetailEditBtnButton\"]"}
RESULT: {"using":"xpath","value":"//button[@data-kt=\"contractDetailEditBtnButton\"]"}
COMMAND: POST /session/19c5ed65dbd52b03c8c783813379e291/elements - {"using":"xpath","value":"//button[@data-kt=\"contractDetailEditBtnButton\"]"}
RESULT: {"using":"xpath","value":"//button[@data-kt=\"contractDetailEditBtnButton\"]"}
COMMAND: POST /session/19c5ed65dbd52b03c8c783813379e291/elements - {"using":"xpath","value":"//button[@data-kt=\"contractDetailEditBtnButton\"]"}
RESULT: {"using":"xpath","value":"//button[@data-kt=\"contractDetailEditBtnButton\"]"}
COMMAND: POST /session/19c5ed65dbd52b03c8c783813379e291/elements - {"using":"xpath","value":"//button[@data-kt=\"contractDetailEditBtnButton\"]"}
RESULT: {"using":"xpath","value":"//button[@data-kt=\"contractDetailEditBtnButton\"]"}
COMMAND: POST /session/19c5ed65dbd52b03c8c783813379e291/elements - {"using":"xpath","value":"//button[@data-kt=\"contractDetailEditBtnButton\"]"}
RESULT: {"using":"xpath","value":"//button[@data-kt=\"contractDetailEditBtnButton\"]"}
COMMAND: POST /session/19c5ed65dbd52b03c8c783813379e291/elements - {"using":"xpath","value":"//button[@data-kt=\"contractDetailEditBtnButton\"]"}
RESULT: {"using":"xpath","value":"//button[@data-kt=\"contractDetailEditBtnButton\"]"}
COMMAND: POST /session/19c5ed65dbd52b03c8c783813379e291/elements - {"using":"xpath","value":"//button[@data-kt=\"contractDetailEditBtnButton\"]"}
RESULT: {"using":"xpath","value":"//button[@data-kt=\"contractDetailEditBtnButton\"]"}
COMMAND: POST /session/19c5ed65dbd52b03c8c783813379e291/elements - {"using":"xpath","value":"//button[@data-kt=\"contractDetailEditBtnButton\"]"}
RESULT: {"using":"xpath","value":"//button[@data-kt=\"contractDetailEditBtnButton\"]"}
COMMAND: POST /session/19c5ed65dbd52b03c8c783813379e291/elements - {"using":"xpath","value":"//button[@data-kt=\"contractDetailEditBtnButton\"]"}
RESULT: {"using":"xpath","value":"//button[@data-kt=\"contractDetailEditBtnButton\"]"}
COMMAND: POST /session/19c5ed65dbd52b03c8c783813379e291/elements - {"using":"xpath","value":"//button[@data-kt=\"contractDetailEditBtnButton\"]"}
RESULT: {"using":"xpath","value":"//button[@data-kt=\"contractDetailEditBtnButton\"]"}
COMMAND: POST /session/19c5ed65dbd52b03c8c783813379e291/elements - {"using":"xpath","value":"//button[@data-kt=\"contractDetailEditBtnButton\"]"}
RESULT: {"using":"xpath","value":"//button[@data-kt=\"contractDetailEditBtnButton\"]"}
COMMAND: POST /session/19c5ed65dbd52b03c8c783813379e291/elements - {"using":"xpath","value":"//button[@data-kt=\"contractDetailEditBtnButton\"]"}
RESULT: {"using":"xpath","value":"//button[@data-kt=\"contractDetailEditBtnButton\"]"}
COMMAND: POST /session/19c5ed65dbd52b03c8c783813379e291/elements - {"using":"xpath","value":"//button[@data-kt=\"contractDetailEditBtnButton\"]"}
RESULT: {"using":"xpath","value":"//button[@data-kt=\"contractDetailEditBtnButton\"]"}
COMMAND: POST /session/19c5ed65dbd52b03c8c783813379e291/elements - {"using":"xpath","value":"//button[@data-kt=\"contractDetailEditBtnButton\"]"}
RESULT: {"using":"xpath","value":"//button[@data-kt=\"contractDetailEditBtnButton\"]"}
COMMAND: POST /session/19c5ed65dbd52b03c8c783813379e291/elements - {"using":"xpath","value":"//button[@data-kt=\"contractDetailEditBtnButton\"]"}
RESULT: {"using":"xpath","value":"//button[@data-kt=\"contractDetailEditBtnButton\"]"}
COMMAND: POST /session/19c5ed65dbd52b03c8c783813379e291/elements - {"using":"xpath","value":"//button[@data-kt=\"contractDetailEditBtnButton\"]"}
RESULT: {"using":"xpath","value":"//button[@data-kt=\"contractDetailEditBtnButton\"]"}
COMMAND: POST /session/19c5ed65dbd52b03c8c783813379e291/elements - {"using":"xpath","value":"//button[@data-kt=\"contractDetailEditBtnButton\"]"}
RESULT: {"using":"xpath","value":"//button[@data-kt=\"contractDetailEditBtnButton\"]"}
COMMAND: POST /session/19c5ed65dbd52b03c8c783813379e291/elements - {"using":"xpath","value":"//button[@data-kt=\"contractDetailEditBtnButton\"]"}
RESULT: {"using":"xpath","value":"//button[@data-kt=\"contractDetailEditBtnButton\"]"}
COMMAND: POST /session/19c5ed65dbd52b03c8c783813379e291/elements - {"using":"xpath","value":"//button[@data-kt=\"contractDetailEditBtnButton\"]"}
RESULT: {"using":"xpath","value":"//button[@data-kt=\"contractDetailEditBtnButton\"]"}
COMMAND: POST /session/19c5ed65dbd52b03c8c783813379e291/elements - {"using":"xpath","value":"//button[@data-kt=\"contractDetailEditBtnButton\"]"}
RESULT: {"using":"xpath","value":"//button[@data-kt=\"contractDetailEditBtnButton\"]"}
COMMAND: POST /session/19c5ed65dbd52b03c8c783813379e291/elements - {"using":"xpath","value":"//button[@data-kt=\"contractDetailEditBtnButton\"]"}
RESULT: {"using":"xpath","value":"//button[@data-kt=\"contractDetailEditBtnButton\"]"}
COMMAND: POST /session/19c5ed65dbd52b03c8c783813379e291/elements - {"using":"xpath","value":"//button[@data-kt=\"contractDetailEditBtnButton\"]"}
RESULT: {"using":"xpath","value":"//button[@data-kt=\"contractDetailEditBtnButton\"]"}
COMMAND: POST /session/19c5ed65dbd52b03c8c783813379e291/elements - {"using":"xpath","value":"//button[@data-kt=\"contractDetailEditBtnButton\"]"}
RESULT: {"using":"xpath","value":"//button[@data-kt=\"contractDetailEditBtnButton\"]"}
COMMAND: POST /session/19c5ed65dbd52b03c8c783813379e291/elements - {"using":"xpath","value":"//button[@data-kt=\"contractDetailEditBtnButton\"]"}
RESULT: {"using":"xpath","value":"//button[@data-kt=\"contractDetailEditBtnButton\"]"}
COMMAND: POST /session/19c5ed65dbd52b03c8c783813379e291/elements - {"using":"xpath","value":"//button[@data-kt=\"contractDetailEditBtnButton\"]"}
RESULT: {"using":"xpath","value":"//button[@data-kt=\"contractDetailEditBtnButton\"]"}
COMMAND: POST /session/19c5ed65dbd52b03c8c783813379e291/elements - {"using":"xpath","value":"//button[@data-kt=\"contractDetailEditBtnButton\"]"}
RESULT: {"using":"xpath","value":"//button[@data-kt=\"contractDetailEditBtnButton\"]"}
COMMAND: POST /session/19c5ed65dbd52b03c8c783813379e291/elements - {"using":"xpath","value":"//button[@data-kt=\"contractDetailEditBtnButton\"]"}
RESULT: {"using":"xpath","value":"//button[@data-kt=\"contractDetailEditBtnButton\"]"}
COMMAND: POST /session/19c5ed65dbd52b03c8c783813379e291/elements - {"using":"xpath","value":"//button[@data-kt=\"contractDetailEditBtnButton\"]"}
RESULT: {"using":"xpath","value":"//button[@data-kt=\"contractDetailEditBtnButton\"]"}
COMMAND: POST /session/19c5ed65dbd52b03c8c783813379e291/elements - {"using":"xpath","value":"//button[@data-kt=\"contractDetailEditBtnButton\"]"}
RESULT: {"using":"xpath","value":"//button[@data-kt=\"contractDetailEditBtnButton\"]"}
COMMAND: POST /session/19c5ed65dbd52b03c8c783813379e291/elements - {"using":"xpath","value":"//button[@data-kt=\"contractDetailEditBtnButton\"]"}
RESULT: {"using":"xpath","value":"//button[@data-kt=\"contractDetailEditBtnButton\"]"}
COMMAND: POST /session/19c5ed65dbd52b03c8c783813379e291/elements - {"using":"xpath","value":"//button[@data-kt=\"contractDetailEditBtnButton\"]"}
RESULT: {"using":"xpath","value":"//button[@data-kt=\"contractDetailEditBtnButton\"]"}
COMMAND: POST /session/19c5ed65dbd52b03c8c783813379e291/elements - {"using":"xpath","value":"//button[@data-kt=\"contractDetailEditBtnButton\"]"}
RESULT: {"using":"xpath","value":"//button[@data-kt=\"contractDetailEditBtnButton\"]"}
COMMAND: POST /session/19c5ed65dbd52b03c8c783813379e291/elements - {"using":"xpath","value":"//button[@data-kt=\"contractDetailEditBtnButton\"]"}
RESULT: {"using":"xpath","value":"//button[@data-kt=\"contractDetailEditBtnButton\"]"}
COMMAND: POST /session/19c5ed65dbd52b03c8c783813379e291/elements - {"using":"xpath","value":"//button[@data-kt=\"contractDetailEditBtnButton\"]"}
RESULT: {"using":"xpath","value":"//button[@data-kt=\"contractDetailEditBtnButton\"]"}
COMMAND: POST /session/19c5ed65dbd52b03c8c783813379e291/elements - {"using":"xpath","value":"//button[@data-kt=\"contractDetailEditBtnButton\"]"}
RESULT: {"using":"xpath","value":"//button[@data-kt=\"contractDetailEditBtnButton\"]"}
COMMAND: POST /session/19c5ed65dbd52b03c8c783813379e291/elements - {"using":"xpath","value":"//button[@data-kt=\"contractDetailEditBtnButton\"]"}
RESULT: {"using":"xpath","value":"//button[@data-kt=\"contractDetailEditBtnButton\"]"}
COMMAND: POST /session/19c5ed65dbd52b03c8c783813379e291/elements - {"using":"xpath","value":"//button[@data-kt=\"contractDetailEditBtnButton\"]"}
RESULT: {"using":"xpath","value":"//button[@data-kt=\"contractDetailEditBtnButton\"]"}
COMMAND: POST /session/19c5ed65dbd52b03c8c783813379e291/elements - {"using":"xpath","value":"//button[@data-kt=\"contractDetailEditBtnButton\"]"}
RESULT: {"using":"xpath","value":"//button[@data-kt=\"contractDetailEditBtnButton\"]"}
COMMAND: POST /session/19c5ed65dbd52b03c8c783813379e291/elements - {"using":"xpath","value":"//button[@data-kt=\"contractDetailEditBtnButton\"]"}
RESULT: {"using":"xpath","value":"//button[@data-kt=\"contractDetailEditBtnButton\"]"}
COMMAND: POST /session/19c5ed65dbd52b03c8c783813379e291/elements - {"using":"xpath","value":"//button[@data-kt=\"contractDetailEditBtnButton\"]"}
RESULT: {"using":"xpath","value":"//button[@data-kt=\"contractDetailEditBtnButton\"]"}
COMMAND: POST /session/19c5ed65dbd52b03c8c783813379e291/elements - {"using":"xpath","value":"//button[@data-kt=\"contractDetailEditBtnButton\"]"}
RESULT: {"using":"xpath","value":"//button[@data-kt=\"contractDetailEditBtnButton\"]"}
COMMAND: POST /session/19c5ed65dbd52b03c8c783813379e291/elements - {"using":"xpath","value":"//button[@data-kt=\"contractDetailEditBtnButton\"]"}
RESULT: {"using":"xpath","value":"//button[@data-kt=\"contractDetailEditBtnButton\"]"}
COMMAND: POST /session/19c5ed65dbd52b03c8c783813379e291/elements - {"using":"xpath","value":"//button[@data-kt=\"contractDetailEditBtnButton\"]"}
RESULT: {"using":"xpath","value":"//button[@data-kt=\"contractDetailEditBtnButton\"]"}
COMMAND: POST /session/19c5ed65dbd52b03c8c783813379e291/elements - {"using":"xpath","value":"//button[@data-kt=\"contractDetailEditBtnButton\"]"}
RESULT: {"using":"xpath","value":"//button[@data-kt=\"contractDetailEditBtnButton\"]"}
COMMAND: POST /session/19c5ed65dbd52b03c8c783813379e291/elements - {"using":"xpath","value":"//button[@data-kt=\"contractDetailEditBtnButton\"]"}
RESULT: {"using":"xpath","value":"//button[@data-kt=\"contractDetailEditBtnButton\"]"}
COMMAND: POST /session/19c5ed65dbd52b03c8c783813379e291/elements - {"using":"xpath","value":"//button[@data-kt=\"contractDetailEditBtnButton\"]"}
RESULT: {"using":"xpath","value":"//button[@data-kt=\"contractDetailEditBtnButton\"]"}
COMMAND: POST /session/19c5ed65dbd52b03c8c783813379e291/elements - {"using":"xpath","value":"//button[@data-kt=\"contractDetailEditBtnButton\"]"}
RESULT: {"using":"xpath","value":"//button[@data-kt=\"contractDetailEditBtnButton\"]"}
COMMAND: POST /session/19c5ed65dbd52b03c8c783813379e291/elements - {"using":"xpath","value":"//button[@data-kt=\"contractDetailEditBtnButton\"]"}
RESULT: {"using":"xpath","value":"//button[@data-kt=\"contractDetailEditBtnButton\"]"}
COMMAND: POST /session/19c5ed65dbd52b03c8c783813379e291/elements - {"using":"xpath","value":"//button[@data-kt=\"contractDetailEditBtnButton\"]"}
COMMAND: GET /session/19c5ed65dbd52b03c8c783813379e291/screenshot - {}
RESULT: {"using":"xpath","value":"//button[@data-kt=\"contractDetailEditBtnButton\"]"}
RESULT: {}
]]></system-out>
      <system-err><![CDATA[
Error: Can't call click on element with selector "//button[@data-kt="contractDetailEditBtnButton"]" because element wasn't found
    at async UtilsPrerequisites.addItemToContract (D:\a\1\s\test\specs\BTS\prerequisites-and-utils-functions.js:1852:9)
    at async Context.<anonymous> (D:\a\1\s\test\specs\BTS\billing-confirm.spec.js:67:9)
]]></system-err>
    </testcase>
    <testcase classname="chrome.136_0_7103_93.windows.Billing_confirm_US117289" name="Should do a provide to site handover" time="60.696">
      <failure/>
      <error message="Can't call click on element with selector &quot;//button[@data-kt=&quot;provideButton&quot;]&quot; because element wasn't found"/>
      <system-out><![CDATA[
COMMAND: POST /session/19c5ed65dbd52b03c8c783813379e291/element - {"using":"xpath","value":"//button[@data-kt=\"provideButton\"]"}
COMMAND: GET /session/19c5ed65dbd52b03c8c783813379e291/screenshot - {}
RESULT: {"using":"xpath","value":"//button[@data-kt=\"provideButton\"]"}
COMMAND: POST /session/19c5ed65dbd52b03c8c783813379e291/elements - {"using":"xpath","value":"//button[@data-kt=\"provideButton\"]"}
RESULT: {}
RESULT: {"using":"xpath","value":"//button[@data-kt=\"provideButton\"]"}
COMMAND: POST /session/19c5ed65dbd52b03c8c783813379e291/elements - {"using":"xpath","value":"//button[@data-kt=\"provideButton\"]"}
RESULT: {"using":"xpath","value":"//button[@data-kt=\"provideButton\"]"}
COMMAND: POST /session/19c5ed65dbd52b03c8c783813379e291/elements - {"using":"xpath","value":"//button[@data-kt=\"provideButton\"]"}
RESULT: {"using":"xpath","value":"//button[@data-kt=\"provideButton\"]"}
COMMAND: POST /session/19c5ed65dbd52b03c8c783813379e291/elements - {"using":"xpath","value":"//button[@data-kt=\"provideButton\"]"}
RESULT: {"using":"xpath","value":"//button[@data-kt=\"provideButton\"]"}
COMMAND: POST /session/19c5ed65dbd52b03c8c783813379e291/elements - {"using":"xpath","value":"//button[@data-kt=\"provideButton\"]"}
RESULT: {"using":"xpath","value":"//button[@data-kt=\"provideButton\"]"}
COMMAND: POST /session/19c5ed65dbd52b03c8c783813379e291/elements - {"using":"xpath","value":"//button[@data-kt=\"provideButton\"]"}
RESULT: {"using":"xpath","value":"//button[@data-kt=\"provideButton\"]"}
COMMAND: POST /session/19c5ed65dbd52b03c8c783813379e291/elements - {"using":"xpath","value":"//button[@data-kt=\"provideButton\"]"}
RESULT: {"using":"xpath","value":"//button[@data-kt=\"provideButton\"]"}
COMMAND: POST /session/19c5ed65dbd52b03c8c783813379e291/elements - {"using":"xpath","value":"//button[@data-kt=\"provideButton\"]"}
RESULT: {"using":"xpath","value":"//button[@data-kt=\"provideButton\"]"}
COMMAND: POST /session/19c5ed65dbd52b03c8c783813379e291/elements - {"using":"xpath","value":"//button[@data-kt=\"provideButton\"]"}
RESULT: {"using":"xpath","value":"//button[@data-kt=\"provideButton\"]"}
COMMAND: POST /session/19c5ed65dbd52b03c8c783813379e291/elements - {"using":"xpath","value":"//button[@data-kt=\"provideButton\"]"}
RESULT: {"using":"xpath","value":"//button[@data-kt=\"provideButton\"]"}
COMMAND: POST /session/19c5ed65dbd52b03c8c783813379e291/elements - {"using":"xpath","value":"//button[@data-kt=\"provideButton\"]"}
RESULT: {"using":"xpath","value":"//button[@data-kt=\"provideButton\"]"}
COMMAND: POST /session/19c5ed65dbd52b03c8c783813379e291/elements - {"using":"xpath","value":"//button[@data-kt=\"provideButton\"]"}
RESULT: {"using":"xpath","value":"//button[@data-kt=\"provideButton\"]"}
COMMAND: POST /session/19c5ed65dbd52b03c8c783813379e291/elements - {"using":"xpath","value":"//button[@data-kt=\"provideButton\"]"}
RESULT: {"using":"xpath","value":"//button[@data-kt=\"provideButton\"]"}
COMMAND: POST /session/19c5ed65dbd52b03c8c783813379e291/elements - {"using":"xpath","value":"//button[@data-kt=\"provideButton\"]"}
RESULT: {"using":"xpath","value":"//button[@data-kt=\"provideButton\"]"}
COMMAND: POST /session/19c5ed65dbd52b03c8c783813379e291/elements - {"using":"xpath","value":"//button[@data-kt=\"provideButton\"]"}
RESULT: {"using":"xpath","value":"//button[@data-kt=\"provideButton\"]"}
COMMAND: POST /session/19c5ed65dbd52b03c8c783813379e291/elements - {"using":"xpath","value":"//button[@data-kt=\"provideButton\"]"}
RESULT: {"using":"xpath","value":"//button[@data-kt=\"provideButton\"]"}
COMMAND: POST /session/19c5ed65dbd52b03c8c783813379e291/elements - {"using":"xpath","value":"//button[@data-kt=\"provideButton\"]"}
RESULT: {"using":"xpath","value":"//button[@data-kt=\"provideButton\"]"}
COMMAND: POST /session/19c5ed65dbd52b03c8c783813379e291/elements - {"using":"xpath","value":"//button[@data-kt=\"provideButton\"]"}
RESULT: {"using":"xpath","value":"//button[@data-kt=\"provideButton\"]"}
COMMAND: POST /session/19c5ed65dbd52b03c8c783813379e291/elements - {"using":"xpath","value":"//button[@data-kt=\"provideButton\"]"}
RESULT: {"using":"xpath","value":"//button[@data-kt=\"provideButton\"]"}
COMMAND: POST /session/19c5ed65dbd52b03c8c783813379e291/elements - {"using":"xpath","value":"//button[@data-kt=\"provideButton\"]"}
RESULT: {"using":"xpath","value":"//button[@data-kt=\"provideButton\"]"}
COMMAND: POST /session/19c5ed65dbd52b03c8c783813379e291/elements - {"using":"xpath","value":"//button[@data-kt=\"provideButton\"]"}
RESULT: {"using":"xpath","value":"//button[@data-kt=\"provideButton\"]"}
COMMAND: POST /session/19c5ed65dbd52b03c8c783813379e291/elements - {"using":"xpath","value":"//button[@data-kt=\"provideButton\"]"}
RESULT: {"using":"xpath","value":"//button[@data-kt=\"provideButton\"]"}
COMMAND: POST /session/19c5ed65dbd52b03c8c783813379e291/elements - {"using":"xpath","value":"//button[@data-kt=\"provideButton\"]"}
RESULT: {"using":"xpath","value":"//button[@data-kt=\"provideButton\"]"}
COMMAND: POST /session/19c5ed65dbd52b03c8c783813379e291/elements - {"using":"xpath","value":"//button[@data-kt=\"provideButton\"]"}
RESULT: {"using":"xpath","value":"//button[@data-kt=\"provideButton\"]"}
COMMAND: POST /session/19c5ed65dbd52b03c8c783813379e291/elements - {"using":"xpath","value":"//button[@data-kt=\"provideButton\"]"}
RESULT: {"using":"xpath","value":"//button[@data-kt=\"provideButton\"]"}
COMMAND: POST /session/19c5ed65dbd52b03c8c783813379e291/elements - {"using":"xpath","value":"//button[@data-kt=\"provideButton\"]"}
RESULT: {"using":"xpath","value":"//button[@data-kt=\"provideButton\"]"}
COMMAND: POST /session/19c5ed65dbd52b03c8c783813379e291/elements - {"using":"xpath","value":"//button[@data-kt=\"provideButton\"]"}
RESULT: {"using":"xpath","value":"//button[@data-kt=\"provideButton\"]"}
COMMAND: POST /session/19c5ed65dbd52b03c8c783813379e291/elements - {"using":"xpath","value":"//button[@data-kt=\"provideButton\"]"}
RESULT: {"using":"xpath","value":"//button[@data-kt=\"provideButton\"]"}
COMMAND: POST /session/19c5ed65dbd52b03c8c783813379e291/elements - {"using":"xpath","value":"//button[@data-kt=\"provideButton\"]"}
RESULT: {"using":"xpath","value":"//button[@data-kt=\"provideButton\"]"}
COMMAND: POST /session/19c5ed65dbd52b03c8c783813379e291/elements - {"using":"xpath","value":"//button[@data-kt=\"provideButton\"]"}
RESULT: {"using":"xpath","value":"//button[@data-kt=\"provideButton\"]"}
COMMAND: POST /session/19c5ed65dbd52b03c8c783813379e291/elements - {"using":"xpath","value":"//button[@data-kt=\"provideButton\"]"}
RESULT: {"using":"xpath","value":"//button[@data-kt=\"provideButton\"]"}
COMMAND: POST /session/19c5ed65dbd52b03c8c783813379e291/elements - {"using":"xpath","value":"//button[@data-kt=\"provideButton\"]"}
RESULT: {"using":"xpath","value":"//button[@data-kt=\"provideButton\"]"}
COMMAND: POST /session/19c5ed65dbd52b03c8c783813379e291/elements - {"using":"xpath","value":"//button[@data-kt=\"provideButton\"]"}
RESULT: {"using":"xpath","value":"//button[@data-kt=\"provideButton\"]"}
COMMAND: POST /session/19c5ed65dbd52b03c8c783813379e291/elements - {"using":"xpath","value":"//button[@data-kt=\"provideButton\"]"}
RESULT: {"using":"xpath","value":"//button[@data-kt=\"provideButton\"]"}
COMMAND: POST /session/19c5ed65dbd52b03c8c783813379e291/elements - {"using":"xpath","value":"//button[@data-kt=\"provideButton\"]"}
RESULT: {"using":"xpath","value":"//button[@data-kt=\"provideButton\"]"}
COMMAND: POST /session/19c5ed65dbd52b03c8c783813379e291/elements - {"using":"xpath","value":"//button[@data-kt=\"provideButton\"]"}
RESULT: {"using":"xpath","value":"//button[@data-kt=\"provideButton\"]"}
COMMAND: POST /session/19c5ed65dbd52b03c8c783813379e291/elements - {"using":"xpath","value":"//button[@data-kt=\"provideButton\"]"}
RESULT: {"using":"xpath","value":"//button[@data-kt=\"provideButton\"]"}
COMMAND: POST /session/19c5ed65dbd52b03c8c783813379e291/elements - {"using":"xpath","value":"//button[@data-kt=\"provideButton\"]"}
RESULT: {"using":"xpath","value":"//button[@data-kt=\"provideButton\"]"}
COMMAND: POST /session/19c5ed65dbd52b03c8c783813379e291/elements - {"using":"xpath","value":"//button[@data-kt=\"provideButton\"]"}
RESULT: {"using":"xpath","value":"//button[@data-kt=\"provideButton\"]"}
COMMAND: POST /session/19c5ed65dbd52b03c8c783813379e291/elements - {"using":"xpath","value":"//button[@data-kt=\"provideButton\"]"}
RESULT: {"using":"xpath","value":"//button[@data-kt=\"provideButton\"]"}
COMMAND: POST /session/19c5ed65dbd52b03c8c783813379e291/elements - {"using":"xpath","value":"//button[@data-kt=\"provideButton\"]"}
RESULT: {"using":"xpath","value":"//button[@data-kt=\"provideButton\"]"}
COMMAND: POST /session/19c5ed65dbd52b03c8c783813379e291/elements - {"using":"xpath","value":"//button[@data-kt=\"provideButton\"]"}
RESULT: {"using":"xpath","value":"//button[@data-kt=\"provideButton\"]"}
COMMAND: POST /session/19c5ed65dbd52b03c8c783813379e291/elements - {"using":"xpath","value":"//button[@data-kt=\"provideButton\"]"}
RESULT: {"using":"xpath","value":"//button[@data-kt=\"provideButton\"]"}
COMMAND: POST /session/19c5ed65dbd52b03c8c783813379e291/elements - {"using":"xpath","value":"//button[@data-kt=\"provideButton\"]"}
RESULT: {"using":"xpath","value":"//button[@data-kt=\"provideButton\"]"}
COMMAND: POST /session/19c5ed65dbd52b03c8c783813379e291/elements - {"using":"xpath","value":"//button[@data-kt=\"provideButton\"]"}
RESULT: {"using":"xpath","value":"//button[@data-kt=\"provideButton\"]"}
COMMAND: POST /session/19c5ed65dbd52b03c8c783813379e291/elements - {"using":"xpath","value":"//button[@data-kt=\"provideButton\"]"}
RESULT: {"using":"xpath","value":"//button[@data-kt=\"provideButton\"]"}
COMMAND: POST /session/19c5ed65dbd52b03c8c783813379e291/elements - {"using":"xpath","value":"//button[@data-kt=\"provideButton\"]"}
RESULT: {"using":"xpath","value":"//button[@data-kt=\"provideButton\"]"}
COMMAND: POST /session/19c5ed65dbd52b03c8c783813379e291/elements - {"using":"xpath","value":"//button[@data-kt=\"provideButton\"]"}
RESULT: {"using":"xpath","value":"//button[@data-kt=\"provideButton\"]"}
COMMAND: POST /session/19c5ed65dbd52b03c8c783813379e291/elements - {"using":"xpath","value":"//button[@data-kt=\"provideButton\"]"}
RESULT: {"using":"xpath","value":"//button[@data-kt=\"provideButton\"]"}
COMMAND: POST /session/19c5ed65dbd52b03c8c783813379e291/elements - {"using":"xpath","value":"//button[@data-kt=\"provideButton\"]"}
RESULT: {"using":"xpath","value":"//button[@data-kt=\"provideButton\"]"}
COMMAND: POST /session/19c5ed65dbd52b03c8c783813379e291/elements - {"using":"xpath","value":"//button[@data-kt=\"provideButton\"]"}
RESULT: {"using":"xpath","value":"//button[@data-kt=\"provideButton\"]"}
COMMAND: POST /session/19c5ed65dbd52b03c8c783813379e291/elements - {"using":"xpath","value":"//button[@data-kt=\"provideButton\"]"}
RESULT: {"using":"xpath","value":"//button[@data-kt=\"provideButton\"]"}
COMMAND: POST /session/19c5ed65dbd52b03c8c783813379e291/elements - {"using":"xpath","value":"//button[@data-kt=\"provideButton\"]"}
RESULT: {"using":"xpath","value":"//button[@data-kt=\"provideButton\"]"}
COMMAND: POST /session/19c5ed65dbd52b03c8c783813379e291/elements - {"using":"xpath","value":"//button[@data-kt=\"provideButton\"]"}
RESULT: {"using":"xpath","value":"//button[@data-kt=\"provideButton\"]"}
COMMAND: POST /session/19c5ed65dbd52b03c8c783813379e291/elements - {"using":"xpath","value":"//button[@data-kt=\"provideButton\"]"}
RESULT: {"using":"xpath","value":"//button[@data-kt=\"provideButton\"]"}
COMMAND: POST /session/19c5ed65dbd52b03c8c783813379e291/elements - {"using":"xpath","value":"//button[@data-kt=\"provideButton\"]"}
RESULT: {"using":"xpath","value":"//button[@data-kt=\"provideButton\"]"}
COMMAND: POST /session/19c5ed65dbd52b03c8c783813379e291/elements - {"using":"xpath","value":"//button[@data-kt=\"provideButton\"]"}
RESULT: {"using":"xpath","value":"//button[@data-kt=\"provideButton\"]"}
COMMAND: POST /session/19c5ed65dbd52b03c8c783813379e291/elements - {"using":"xpath","value":"//button[@data-kt=\"provideButton\"]"}
RESULT: {"using":"xpath","value":"//button[@data-kt=\"provideButton\"]"}
COMMAND: POST /session/19c5ed65dbd52b03c8c783813379e291/elements - {"using":"xpath","value":"//button[@data-kt=\"provideButton\"]"}
RESULT: {"using":"xpath","value":"//button[@data-kt=\"provideButton\"]"}
COMMAND: POST /session/19c5ed65dbd52b03c8c783813379e291/elements - {"using":"xpath","value":"//button[@data-kt=\"provideButton\"]"}
RESULT: {"using":"xpath","value":"//button[@data-kt=\"provideButton\"]"}
COMMAND: POST /session/19c5ed65dbd52b03c8c783813379e291/elements - {"using":"xpath","value":"//button[@data-kt=\"provideButton\"]"}
RESULT: {"using":"xpath","value":"//button[@data-kt=\"provideButton\"]"}
COMMAND: POST /session/19c5ed65dbd52b03c8c783813379e291/elements - {"using":"xpath","value":"//button[@data-kt=\"provideButton\"]"}
RESULT: {"using":"xpath","value":"//button[@data-kt=\"provideButton\"]"}
COMMAND: POST /session/19c5ed65dbd52b03c8c783813379e291/elements - {"using":"xpath","value":"//button[@data-kt=\"provideButton\"]"}
RESULT: {"using":"xpath","value":"//button[@data-kt=\"provideButton\"]"}
COMMAND: POST /session/19c5ed65dbd52b03c8c783813379e291/elements - {"using":"xpath","value":"//button[@data-kt=\"provideButton\"]"}
RESULT: {"using":"xpath","value":"//button[@data-kt=\"provideButton\"]"}
COMMAND: POST /session/19c5ed65dbd52b03c8c783813379e291/elements - {"using":"xpath","value":"//button[@data-kt=\"provideButton\"]"}
RESULT: {"using":"xpath","value":"//button[@data-kt=\"provideButton\"]"}
COMMAND: POST /session/19c5ed65dbd52b03c8c783813379e291/elements - {"using":"xpath","value":"//button[@data-kt=\"provideButton\"]"}
RESULT: {"using":"xpath","value":"//button[@data-kt=\"provideButton\"]"}
COMMAND: POST /session/19c5ed65dbd52b03c8c783813379e291/elements - {"using":"xpath","value":"//button[@data-kt=\"provideButton\"]"}
RESULT: {"using":"xpath","value":"//button[@data-kt=\"provideButton\"]"}
COMMAND: POST /session/19c5ed65dbd52b03c8c783813379e291/elements - {"using":"xpath","value":"//button[@data-kt=\"provideButton\"]"}
RESULT: {"using":"xpath","value":"//button[@data-kt=\"provideButton\"]"}
COMMAND: POST /session/19c5ed65dbd52b03c8c783813379e291/elements - {"using":"xpath","value":"//button[@data-kt=\"provideButton\"]"}
RESULT: {"using":"xpath","value":"//button[@data-kt=\"provideButton\"]"}
COMMAND: POST /session/19c5ed65dbd52b03c8c783813379e291/elements - {"using":"xpath","value":"//button[@data-kt=\"provideButton\"]"}
RESULT: {"using":"xpath","value":"//button[@data-kt=\"provideButton\"]"}
COMMAND: POST /session/19c5ed65dbd52b03c8c783813379e291/elements - {"using":"xpath","value":"//button[@data-kt=\"provideButton\"]"}
RESULT: {"using":"xpath","value":"//button[@data-kt=\"provideButton\"]"}
COMMAND: POST /session/19c5ed65dbd52b03c8c783813379e291/elements - {"using":"xpath","value":"//button[@data-kt=\"provideButton\"]"}
RESULT: {"using":"xpath","value":"//button[@data-kt=\"provideButton\"]"}
COMMAND: POST /session/19c5ed65dbd52b03c8c783813379e291/elements - {"using":"xpath","value":"//button[@data-kt=\"provideButton\"]"}
RESULT: {"using":"xpath","value":"//button[@data-kt=\"provideButton\"]"}
COMMAND: POST /session/19c5ed65dbd52b03c8c783813379e291/elements - {"using":"xpath","value":"//button[@data-kt=\"provideButton\"]"}
RESULT: {"using":"xpath","value":"//button[@data-kt=\"provideButton\"]"}
COMMAND: POST /session/19c5ed65dbd52b03c8c783813379e291/elements - {"using":"xpath","value":"//button[@data-kt=\"provideButton\"]"}
RESULT: {"using":"xpath","value":"//button[@data-kt=\"provideButton\"]"}
COMMAND: POST /session/19c5ed65dbd52b03c8c783813379e291/elements - {"using":"xpath","value":"//button[@data-kt=\"provideButton\"]"}
RESULT: {"using":"xpath","value":"//button[@data-kt=\"provideButton\"]"}
COMMAND: POST /session/19c5ed65dbd52b03c8c783813379e291/elements - {"using":"xpath","value":"//button[@data-kt=\"provideButton\"]"}
RESULT: {"using":"xpath","value":"//button[@data-kt=\"provideButton\"]"}
COMMAND: POST /session/19c5ed65dbd52b03c8c783813379e291/elements - {"using":"xpath","value":"//button[@data-kt=\"provideButton\"]"}
RESULT: {"using":"xpath","value":"//button[@data-kt=\"provideButton\"]"}
COMMAND: POST /session/19c5ed65dbd52b03c8c783813379e291/elements - {"using":"xpath","value":"//button[@data-kt=\"provideButton\"]"}
RESULT: {"using":"xpath","value":"//button[@data-kt=\"provideButton\"]"}
COMMAND: POST /session/19c5ed65dbd52b03c8c783813379e291/elements - {"using":"xpath","value":"//button[@data-kt=\"provideButton\"]"}
RESULT: {"using":"xpath","value":"//button[@data-kt=\"provideButton\"]"}
COMMAND: POST /session/19c5ed65dbd52b03c8c783813379e291/elements - {"using":"xpath","value":"//button[@data-kt=\"provideButton\"]"}
RESULT: {"using":"xpath","value":"//button[@data-kt=\"provideButton\"]"}
COMMAND: POST /session/19c5ed65dbd52b03c8c783813379e291/elements - {"using":"xpath","value":"//button[@data-kt=\"provideButton\"]"}
RESULT: {"using":"xpath","value":"//button[@data-kt=\"provideButton\"]"}
COMMAND: POST /session/19c5ed65dbd52b03c8c783813379e291/elements - {"using":"xpath","value":"//button[@data-kt=\"provideButton\"]"}
RESULT: {"using":"xpath","value":"//button[@data-kt=\"provideButton\"]"}
COMMAND: POST /session/19c5ed65dbd52b03c8c783813379e291/elements - {"using":"xpath","value":"//button[@data-kt=\"provideButton\"]"}
RESULT: {"using":"xpath","value":"//button[@data-kt=\"provideButton\"]"}
COMMAND: POST /session/19c5ed65dbd52b03c8c783813379e291/elements - {"using":"xpath","value":"//button[@data-kt=\"provideButton\"]"}
RESULT: {"using":"xpath","value":"//button[@data-kt=\"provideButton\"]"}
COMMAND: POST /session/19c5ed65dbd52b03c8c783813379e291/elements - {"using":"xpath","value":"//button[@data-kt=\"provideButton\"]"}
RESULT: {"using":"xpath","value":"//button[@data-kt=\"provideButton\"]"}
COMMAND: POST /session/19c5ed65dbd52b03c8c783813379e291/elements - {"using":"xpath","value":"//button[@data-kt=\"provideButton\"]"}
RESULT: {"using":"xpath","value":"//button[@data-kt=\"provideButton\"]"}
COMMAND: POST /session/19c5ed65dbd52b03c8c783813379e291/elements - {"using":"xpath","value":"//button[@data-kt=\"provideButton\"]"}
RESULT: {"using":"xpath","value":"//button[@data-kt=\"provideButton\"]"}
COMMAND: POST /session/19c5ed65dbd52b03c8c783813379e291/elements - {"using":"xpath","value":"//button[@data-kt=\"provideButton\"]"}
RESULT: {"using":"xpath","value":"//button[@data-kt=\"provideButton\"]"}
COMMAND: POST /session/19c5ed65dbd52b03c8c783813379e291/elements - {"using":"xpath","value":"//button[@data-kt=\"provideButton\"]"}
RESULT: {"using":"xpath","value":"//button[@data-kt=\"provideButton\"]"}
COMMAND: POST /session/19c5ed65dbd52b03c8c783813379e291/elements - {"using":"xpath","value":"//button[@data-kt=\"provideButton\"]"}
RESULT: {"using":"xpath","value":"//button[@data-kt=\"provideButton\"]"}
COMMAND: POST /session/19c5ed65dbd52b03c8c783813379e291/elements - {"using":"xpath","value":"//button[@data-kt=\"provideButton\"]"}
RESULT: {"using":"xpath","value":"//button[@data-kt=\"provideButton\"]"}
COMMAND: POST /session/19c5ed65dbd52b03c8c783813379e291/elements - {"using":"xpath","value":"//button[@data-kt=\"provideButton\"]"}
RESULT: {"using":"xpath","value":"//button[@data-kt=\"provideButton\"]"}
COMMAND: POST /session/19c5ed65dbd52b03c8c783813379e291/elements - {"using":"xpath","value":"//button[@data-kt=\"provideButton\"]"}
RESULT: {"using":"xpath","value":"//button[@data-kt=\"provideButton\"]"}
COMMAND: POST /session/19c5ed65dbd52b03c8c783813379e291/elements - {"using":"xpath","value":"//button[@data-kt=\"provideButton\"]"}
RESULT: {"using":"xpath","value":"//button[@data-kt=\"provideButton\"]"}
COMMAND: POST /session/19c5ed65dbd52b03c8c783813379e291/elements - {"using":"xpath","value":"//button[@data-kt=\"provideButton\"]"}
RESULT: {"using":"xpath","value":"//button[@data-kt=\"provideButton\"]"}
COMMAND: POST /session/19c5ed65dbd52b03c8c783813379e291/elements - {"using":"xpath","value":"//button[@data-kt=\"provideButton\"]"}
RESULT: {"using":"xpath","value":"//button[@data-kt=\"provideButton\"]"}
COMMAND: POST /session/19c5ed65dbd52b03c8c783813379e291/elements - {"using":"xpath","value":"//button[@data-kt=\"provideButton\"]"}
RESULT: {"using":"xpath","value":"//button[@data-kt=\"provideButton\"]"}
COMMAND: POST /session/19c5ed65dbd52b03c8c783813379e291/elements - {"using":"xpath","value":"//button[@data-kt=\"provideButton\"]"}
RESULT: {"using":"xpath","value":"//button[@data-kt=\"provideButton\"]"}
COMMAND: POST /session/19c5ed65dbd52b03c8c783813379e291/elements - {"using":"xpath","value":"//button[@data-kt=\"provideButton\"]"}
RESULT: {"using":"xpath","value":"//button[@data-kt=\"provideButton\"]"}
COMMAND: POST /session/19c5ed65dbd52b03c8c783813379e291/elements - {"using":"xpath","value":"//button[@data-kt=\"provideButton\"]"}
RESULT: {"using":"xpath","value":"//button[@data-kt=\"provideButton\"]"}
COMMAND: POST /session/19c5ed65dbd52b03c8c783813379e291/elements - {"using":"xpath","value":"//button[@data-kt=\"provideButton\"]"}
RESULT: {"using":"xpath","value":"//button[@data-kt=\"provideButton\"]"}
COMMAND: POST /session/19c5ed65dbd52b03c8c783813379e291/elements - {"using":"xpath","value":"//button[@data-kt=\"provideButton\"]"}
RESULT: {"using":"xpath","value":"//button[@data-kt=\"provideButton\"]"}
COMMAND: POST /session/19c5ed65dbd52b03c8c783813379e291/elements - {"using":"xpath","value":"//button[@data-kt=\"provideButton\"]"}
RESULT: {"using":"xpath","value":"//button[@data-kt=\"provideButton\"]"}
COMMAND: POST /session/19c5ed65dbd52b03c8c783813379e291/elements - {"using":"xpath","value":"//button[@data-kt=\"provideButton\"]"}
RESULT: {"using":"xpath","value":"//button[@data-kt=\"provideButton\"]"}
COMMAND: POST /session/19c5ed65dbd52b03c8c783813379e291/elements - {"using":"xpath","value":"//button[@data-kt=\"provideButton\"]"}
RESULT: {"using":"xpath","value":"//button[@data-kt=\"provideButton\"]"}
COMMAND: POST /session/19c5ed65dbd52b03c8c783813379e291/elements - {"using":"xpath","value":"//button[@data-kt=\"provideButton\"]"}
RESULT: {"using":"xpath","value":"//button[@data-kt=\"provideButton\"]"}
COMMAND: POST /session/19c5ed65dbd52b03c8c783813379e291/elements - {"using":"xpath","value":"//button[@data-kt=\"provideButton\"]"}
RESULT: {"using":"xpath","value":"//button[@data-kt=\"provideButton\"]"}
COMMAND: POST /session/19c5ed65dbd52b03c8c783813379e291/elements - {"using":"xpath","value":"//button[@data-kt=\"provideButton\"]"}
RESULT: {"using":"xpath","value":"//button[@data-kt=\"provideButton\"]"}
COMMAND: POST /session/19c5ed65dbd52b03c8c783813379e291/elements - {"using":"xpath","value":"//button[@data-kt=\"provideButton\"]"}
RESULT: {"using":"xpath","value":"//button[@data-kt=\"provideButton\"]"}
COMMAND: POST /session/19c5ed65dbd52b03c8c783813379e291/elements - {"using":"xpath","value":"//button[@data-kt=\"provideButton\"]"}
RESULT: {"using":"xpath","value":"//button[@data-kt=\"provideButton\"]"}
COMMAND: POST /session/19c5ed65dbd52b03c8c783813379e291/elements - {"using":"xpath","value":"//button[@data-kt=\"provideButton\"]"}
RESULT: {"using":"xpath","value":"//button[@data-kt=\"provideButton\"]"}
COMMAND: POST /session/19c5ed65dbd52b03c8c783813379e291/elements - {"using":"xpath","value":"//button[@data-kt=\"provideButton\"]"}
RESULT: {"using":"xpath","value":"//button[@data-kt=\"provideButton\"]"}
COMMAND: POST /session/19c5ed65dbd52b03c8c783813379e291/elements - {"using":"xpath","value":"//button[@data-kt=\"provideButton\"]"}
RESULT: {"using":"xpath","value":"//button[@data-kt=\"provideButton\"]"}
COMMAND: POST /session/19c5ed65dbd52b03c8c783813379e291/elements - {"using":"xpath","value":"//button[@data-kt=\"provideButton\"]"}
RESULT: {"using":"xpath","value":"//button[@data-kt=\"provideButton\"]"}
COMMAND: POST /session/19c5ed65dbd52b03c8c783813379e291/elements - {"using":"xpath","value":"//button[@data-kt=\"provideButton\"]"}
RESULT: {"using":"xpath","value":"//button[@data-kt=\"provideButton\"]"}
COMMAND: POST /session/19c5ed65dbd52b03c8c783813379e291/elements - {"using":"xpath","value":"//button[@data-kt=\"provideButton\"]"}
RESULT: {"using":"xpath","value":"//button[@data-kt=\"provideButton\"]"}
COMMAND: POST /session/19c5ed65dbd52b03c8c783813379e291/elements - {"using":"xpath","value":"//button[@data-kt=\"provideButton\"]"}
RESULT: {"using":"xpath","value":"//button[@data-kt=\"provideButton\"]"}
COMMAND: POST /session/19c5ed65dbd52b03c8c783813379e291/elements - {"using":"xpath","value":"//button[@data-kt=\"provideButton\"]"}
RESULT: {"using":"xpath","value":"//button[@data-kt=\"provideButton\"]"}
COMMAND: POST /session/19c5ed65dbd52b03c8c783813379e291/elements - {"using":"xpath","value":"//button[@data-kt=\"provideButton\"]"}
RESULT: {"using":"xpath","value":"//button[@data-kt=\"provideButton\"]"}
COMMAND: POST /session/19c5ed65dbd52b03c8c783813379e291/elements - {"using":"xpath","value":"//button[@data-kt=\"provideButton\"]"}
COMMAND: GET /session/19c5ed65dbd52b03c8c783813379e291/screenshot - {}
RESULT: {"using":"xpath","value":"//button[@data-kt=\"provideButton\"]"}
RESULT: {}
]]></system-out>
      <system-err><![CDATA[
Error: Can't call click on element with selector "//button[@data-kt="provideButton"]" because element wasn't found
    at async UtilsPrerequisites.provideToSiteHandoverFromContractDetails (D:\a\1\s\test\specs\BTS\prerequisites-and-utils-functions.js:1949:9)
    at async Context.<anonymous> (D:\a\1\s\test\specs\BTS\billing-confirm.spec.js:71:9)
]]></system-err>
    </testcase>
    <testcase classname="chrome.136_0_7103_93.windows.Billing_confirm_US117289" name="Should trigger calculation" time="80.379">
      <failure/>
      <error message="Can't call click on element with selector &quot;//td[@aria-colindex=&quot;1&quot;]/div/div[contains(@class, &quot;sapMCbBg&quot;)]&quot; because element wasn't found"/>
      <system-out><![CDATA[
COMMAND: GET /session/19c5ed65dbd52b03c8c783813379e291/screenshot - {}
COMMAND: POST /session/19c5ed65dbd52b03c8c783813379e291/execute/async - {"script":"<script> [1562 bytes]","args":[{"selector":{"controlType":"sap.m.GenericTile","properties":{"header":"Manage Billings"}},"wdio_ui5_key":"sapm.GenericTile{\"header\":\"Manage Billings\"}"}]}
RESULT: {}
RESULT: {"script":"<script> [1562 bytes]","args":[{"selector":{"controlType":"sap.m.GenericTile","properties":{"header":"Manage Billings"}},"wdio_ui5_key":"sapm.GenericTile{\"header\":\"Manage Billings\"}"}]}
RESULT: undefined
COMMAND: POST /session/19c5ed65dbd52b03c8c783813379e291/elements - {"using":"xpath","value":"//span[text()='Error']"}
RESULT: {"using":"xpath","value":"//span[text()='Error']"}
COMMAND: POST /session/19c5ed65dbd52b03c8c783813379e291/execute/async - {"script":"<script> [1562 bytes]","args":[{"selector":{"id":"application-managebillings-display-component---billRunCalcResult--smartFilterBar-btnBasicSearch","interaction":{"idSuffix":"I"}},"wdio_ui5_key":"applicationmanagebillings-display-component---billRunCalcResult--smartFilterBar-btnBasicSearch"}]}
RESULT: {"script":"<script> [1562 bytes]","args":[{"selector":{"id":"application-managebillings-display-component---billRunCalcResult--smartFilterBar-btnBasicSearch","interaction":{"idSuffix":"I"}},"wdio_ui5_key":"applicationmanagebillings-display-component---billRunCalcResult--smartFilterBar-btnBasicSearch"}]}
RESULT: undefined
COMMAND: POST /session/19c5ed65dbd52b03c8c783813379e291/actions - {"actions":[{"id":"action17","type":"key","parameters":{},"actions":[{"type":"keyDown","value":""},{"type":"pause","duration":10},{"type":"keyUp","value":""}]}]}
RESULT: {"actions":[{"id":"action17","type":"key","parameters":{},"actions":[{"type":"keyDown","value":""},{"type":"pause","duration":10},{"type":"keyUp","value":""}]}]}
COMMAND: GET /session/19c5ed65dbd52b03c8c783813379e291/screenshot - {}
RESULT: {}
COMMAND: POST /session/19c5ed65dbd52b03c8c783813379e291/element - {"using":"xpath","value":"//td[@aria-colindex=\"1\"]/div/div[contains(@class, \"sapMCbBg\")]"}
RESULT: {"using":"xpath","value":"//td[@aria-colindex=\"1\"]/div/div[contains(@class, \"sapMCbBg\")]"}
COMMAND: POST /session/19c5ed65dbd52b03c8c783813379e291/elements - {"using":"xpath","value":"//td[@aria-colindex=\"1\"]/div/div[contains(@class, \"sapMCbBg\")]"}
RESULT: {"using":"xpath","value":"//td[@aria-colindex=\"1\"]/div/div[contains(@class, \"sapMCbBg\")]"}
COMMAND: POST /session/19c5ed65dbd52b03c8c783813379e291/elements - {"using":"xpath","value":"//td[@aria-colindex=\"1\"]/div/div[contains(@class, \"sapMCbBg\")]"}
RESULT: {"using":"xpath","value":"//td[@aria-colindex=\"1\"]/div/div[contains(@class, \"sapMCbBg\")]"}
COMMAND: POST /session/19c5ed65dbd52b03c8c783813379e291/elements - {"using":"xpath","value":"//td[@aria-colindex=\"1\"]/div/div[contains(@class, \"sapMCbBg\")]"}
RESULT: {"using":"xpath","value":"//td[@aria-colindex=\"1\"]/div/div[contains(@class, \"sapMCbBg\")]"}
COMMAND: POST /session/19c5ed65dbd52b03c8c783813379e291/elements - {"using":"xpath","value":"//td[@aria-colindex=\"1\"]/div/div[contains(@class, \"sapMCbBg\")]"}
RESULT: {"using":"xpath","value":"//td[@aria-colindex=\"1\"]/div/div[contains(@class, \"sapMCbBg\")]"}
COMMAND: POST /session/19c5ed65dbd52b03c8c783813379e291/elements - {"using":"xpath","value":"//td[@aria-colindex=\"1\"]/div/div[contains(@class, \"sapMCbBg\")]"}
RESULT: {"using":"xpath","value":"//td[@aria-colindex=\"1\"]/div/div[contains(@class, \"sapMCbBg\")]"}
COMMAND: POST /session/19c5ed65dbd52b03c8c783813379e291/elements - {"using":"xpath","value":"//td[@aria-colindex=\"1\"]/div/div[contains(@class, \"sapMCbBg\")]"}
RESULT: {"using":"xpath","value":"//td[@aria-colindex=\"1\"]/div/div[contains(@class, \"sapMCbBg\")]"}
COMMAND: POST /session/19c5ed65dbd52b03c8c783813379e291/elements - {"using":"xpath","value":"//td[@aria-colindex=\"1\"]/div/div[contains(@class, \"sapMCbBg\")]"}
RESULT: {"using":"xpath","value":"//td[@aria-colindex=\"1\"]/div/div[contains(@class, \"sapMCbBg\")]"}
COMMAND: POST /session/19c5ed65dbd52b03c8c783813379e291/elements - {"using":"xpath","value":"//td[@aria-colindex=\"1\"]/div/div[contains(@class, \"sapMCbBg\")]"}
RESULT: {"using":"xpath","value":"//td[@aria-colindex=\"1\"]/div/div[contains(@class, \"sapMCbBg\")]"}
COMMAND: POST /session/19c5ed65dbd52b03c8c783813379e291/elements - {"using":"xpath","value":"//td[@aria-colindex=\"1\"]/div/div[contains(@class, \"sapMCbBg\")]"}
RESULT: {"using":"xpath","value":"//td[@aria-colindex=\"1\"]/div/div[contains(@class, \"sapMCbBg\")]"}
COMMAND: POST /session/19c5ed65dbd52b03c8c783813379e291/elements - {"using":"xpath","value":"//td[@aria-colindex=\"1\"]/div/div[contains(@class, \"sapMCbBg\")]"}
RESULT: {"using":"xpath","value":"//td[@aria-colindex=\"1\"]/div/div[contains(@class, \"sapMCbBg\")]"}
COMMAND: POST /session/19c5ed65dbd52b03c8c783813379e291/elements - {"using":"xpath","value":"//td[@aria-colindex=\"1\"]/div/div[contains(@class, \"sapMCbBg\")]"}
RESULT: {"using":"xpath","value":"//td[@aria-colindex=\"1\"]/div/div[contains(@class, \"sapMCbBg\")]"}
COMMAND: POST /session/19c5ed65dbd52b03c8c783813379e291/elements - {"using":"xpath","value":"//td[@aria-colindex=\"1\"]/div/div[contains(@class, \"sapMCbBg\")]"}
RESULT: {"using":"xpath","value":"//td[@aria-colindex=\"1\"]/div/div[contains(@class, \"sapMCbBg\")]"}
COMMAND: POST /session/19c5ed65dbd52b03c8c783813379e291/elements - {"using":"xpath","value":"//td[@aria-colindex=\"1\"]/div/div[contains(@class, \"sapMCbBg\")]"}
RESULT: {"using":"xpath","value":"//td[@aria-colindex=\"1\"]/div/div[contains(@class, \"sapMCbBg\")]"}
COMMAND: POST /session/19c5ed65dbd52b03c8c783813379e291/elements - {"using":"xpath","value":"//td[@aria-colindex=\"1\"]/div/div[contains(@class, \"sapMCbBg\")]"}
RESULT: {"using":"xpath","value":"//td[@aria-colindex=\"1\"]/div/div[contains(@class, \"sapMCbBg\")]"}
COMMAND: POST /session/19c5ed65dbd52b03c8c783813379e291/elements - {"using":"xpath","value":"//td[@aria-colindex=\"1\"]/div/div[contains(@class, \"sapMCbBg\")]"}
RESULT: {"using":"xpath","value":"//td[@aria-colindex=\"1\"]/div/div[contains(@class, \"sapMCbBg\")]"}
COMMAND: POST /session/19c5ed65dbd52b03c8c783813379e291/elements - {"using":"xpath","value":"//td[@aria-colindex=\"1\"]/div/div[contains(@class, \"sapMCbBg\")]"}
RESULT: {"using":"xpath","value":"//td[@aria-colindex=\"1\"]/div/div[contains(@class, \"sapMCbBg\")]"}
COMMAND: POST /session/19c5ed65dbd52b03c8c783813379e291/elements - {"using":"xpath","value":"//td[@aria-colindex=\"1\"]/div/div[contains(@class, \"sapMCbBg\")]"}
RESULT: {"using":"xpath","value":"//td[@aria-colindex=\"1\"]/div/div[contains(@class, \"sapMCbBg\")]"}
COMMAND: POST /session/19c5ed65dbd52b03c8c783813379e291/elements - {"using":"xpath","value":"//td[@aria-colindex=\"1\"]/div/div[contains(@class, \"sapMCbBg\")]"}
RESULT: {"using":"xpath","value":"//td[@aria-colindex=\"1\"]/div/div[contains(@class, \"sapMCbBg\")]"}
COMMAND: POST /session/19c5ed65dbd52b03c8c783813379e291/elements - {"using":"xpath","value":"//td[@aria-colindex=\"1\"]/div/div[contains(@class, \"sapMCbBg\")]"}
RESULT: {"using":"xpath","value":"//td[@aria-colindex=\"1\"]/div/div[contains(@class, \"sapMCbBg\")]"}
COMMAND: POST /session/19c5ed65dbd52b03c8c783813379e291/elements - {"using":"xpath","value":"//td[@aria-colindex=\"1\"]/div/div[contains(@class, \"sapMCbBg\")]"}
RESULT: {"using":"xpath","value":"//td[@aria-colindex=\"1\"]/div/div[contains(@class, \"sapMCbBg\")]"}
COMMAND: POST /session/19c5ed65dbd52b03c8c783813379e291/elements - {"using":"xpath","value":"//td[@aria-colindex=\"1\"]/div/div[contains(@class, \"sapMCbBg\")]"}
RESULT: {"using":"xpath","value":"//td[@aria-colindex=\"1\"]/div/div[contains(@class, \"sapMCbBg\")]"}
COMMAND: POST /session/19c5ed65dbd52b03c8c783813379e291/elements - {"using":"xpath","value":"//td[@aria-colindex=\"1\"]/div/div[contains(@class, \"sapMCbBg\")]"}
RESULT: {"using":"xpath","value":"//td[@aria-colindex=\"1\"]/div/div[contains(@class, \"sapMCbBg\")]"}
COMMAND: POST /session/19c5ed65dbd52b03c8c783813379e291/elements - {"using":"xpath","value":"//td[@aria-colindex=\"1\"]/div/div[contains(@class, \"sapMCbBg\")]"}
RESULT: {"using":"xpath","value":"//td[@aria-colindex=\"1\"]/div/div[contains(@class, \"sapMCbBg\")]"}
COMMAND: POST /session/19c5ed65dbd52b03c8c783813379e291/elements - {"using":"xpath","value":"//td[@aria-colindex=\"1\"]/div/div[contains(@class, \"sapMCbBg\")]"}
RESULT: {"using":"xpath","value":"//td[@aria-colindex=\"1\"]/div/div[contains(@class, \"sapMCbBg\")]"}
COMMAND: POST /session/19c5ed65dbd52b03c8c783813379e291/elements - {"using":"xpath","value":"//td[@aria-colindex=\"1\"]/div/div[contains(@class, \"sapMCbBg\")]"}
RESULT: {"using":"xpath","value":"//td[@aria-colindex=\"1\"]/div/div[contains(@class, \"sapMCbBg\")]"}
COMMAND: POST /session/19c5ed65dbd52b03c8c783813379e291/elements - {"using":"xpath","value":"//td[@aria-colindex=\"1\"]/div/div[contains(@class, \"sapMCbBg\")]"}
RESULT: {"using":"xpath","value":"//td[@aria-colindex=\"1\"]/div/div[contains(@class, \"sapMCbBg\")]"}
COMMAND: POST /session/19c5ed65dbd52b03c8c783813379e291/elements - {"using":"xpath","value":"//td[@aria-colindex=\"1\"]/div/div[contains(@class, \"sapMCbBg\")]"}
RESULT: {"using":"xpath","value":"//td[@aria-colindex=\"1\"]/div/div[contains(@class, \"sapMCbBg\")]"}
COMMAND: POST /session/19c5ed65dbd52b03c8c783813379e291/elements - {"using":"xpath","value":"//td[@aria-colindex=\"1\"]/div/div[contains(@class, \"sapMCbBg\")]"}
RESULT: {"using":"xpath","value":"//td[@aria-colindex=\"1\"]/div/div[contains(@class, \"sapMCbBg\")]"}
COMMAND: POST /session/19c5ed65dbd52b03c8c783813379e291/elements - {"using":"xpath","value":"//td[@aria-colindex=\"1\"]/div/div[contains(@class, \"sapMCbBg\")]"}
RESULT: {"using":"xpath","value":"//td[@aria-colindex=\"1\"]/div/div[contains(@class, \"sapMCbBg\")]"}
COMMAND: POST /session/19c5ed65dbd52b03c8c783813379e291/elements - {"using":"xpath","value":"//td[@aria-colindex=\"1\"]/div/div[contains(@class, \"sapMCbBg\")]"}
RESULT: {"using":"xpath","value":"//td[@aria-colindex=\"1\"]/div/div[contains(@class, \"sapMCbBg\")]"}
COMMAND: POST /session/19c5ed65dbd52b03c8c783813379e291/elements - {"using":"xpath","value":"//td[@aria-colindex=\"1\"]/div/div[contains(@class, \"sapMCbBg\")]"}
RESULT: {"using":"xpath","value":"//td[@aria-colindex=\"1\"]/div/div[contains(@class, \"sapMCbBg\")]"}
COMMAND: POST /session/19c5ed65dbd52b03c8c783813379e291/elements - {"using":"xpath","value":"//td[@aria-colindex=\"1\"]/div/div[contains(@class, \"sapMCbBg\")]"}
RESULT: {"using":"xpath","value":"//td[@aria-colindex=\"1\"]/div/div[contains(@class, \"sapMCbBg\")]"}
COMMAND: POST /session/19c5ed65dbd52b03c8c783813379e291/elements - {"using":"xpath","value":"//td[@aria-colindex=\"1\"]/div/div[contains(@class, \"sapMCbBg\")]"}
RESULT: {"using":"xpath","value":"//td[@aria-colindex=\"1\"]/div/div[contains(@class, \"sapMCbBg\")]"}
COMMAND: POST /session/19c5ed65dbd52b03c8c783813379e291/elements - {"using":"xpath","value":"//td[@aria-colindex=\"1\"]/div/div[contains(@class, \"sapMCbBg\")]"}
RESULT: {"using":"xpath","value":"//td[@aria-colindex=\"1\"]/div/div[contains(@class, \"sapMCbBg\")]"}
COMMAND: POST /session/19c5ed65dbd52b03c8c783813379e291/elements - {"using":"xpath","value":"//td[@aria-colindex=\"1\"]/div/div[contains(@class, \"sapMCbBg\")]"}
RESULT: {"using":"xpath","value":"//td[@aria-colindex=\"1\"]/div/div[contains(@class, \"sapMCbBg\")]"}
COMMAND: POST /session/19c5ed65dbd52b03c8c783813379e291/elements - {"using":"xpath","value":"//td[@aria-colindex=\"1\"]/div/div[contains(@class, \"sapMCbBg\")]"}
RESULT: {"using":"xpath","value":"//td[@aria-colindex=\"1\"]/div/div[contains(@class, \"sapMCbBg\")]"}
COMMAND: POST /session/19c5ed65dbd52b03c8c783813379e291/elements - {"using":"xpath","value":"//td[@aria-colindex=\"1\"]/div/div[contains(@class, \"sapMCbBg\")]"}
RESULT: {"using":"xpath","value":"//td[@aria-colindex=\"1\"]/div/div[contains(@class, \"sapMCbBg\")]"}
COMMAND: POST /session/19c5ed65dbd52b03c8c783813379e291/elements - {"using":"xpath","value":"//td[@aria-colindex=\"1\"]/div/div[contains(@class, \"sapMCbBg\")]"}
RESULT: {"using":"xpath","value":"//td[@aria-colindex=\"1\"]/div/div[contains(@class, \"sapMCbBg\")]"}
COMMAND: POST /session/19c5ed65dbd52b03c8c783813379e291/elements - {"using":"xpath","value":"//td[@aria-colindex=\"1\"]/div/div[contains(@class, \"sapMCbBg\")]"}
RESULT: {"using":"xpath","value":"//td[@aria-colindex=\"1\"]/div/div[contains(@class, \"sapMCbBg\")]"}
COMMAND: POST /session/19c5ed65dbd52b03c8c783813379e291/elements - {"using":"xpath","value":"//td[@aria-colindex=\"1\"]/div/div[contains(@class, \"sapMCbBg\")]"}
RESULT: {"using":"xpath","value":"//td[@aria-colindex=\"1\"]/div/div[contains(@class, \"sapMCbBg\")]"}
COMMAND: POST /session/19c5ed65dbd52b03c8c783813379e291/elements - {"using":"xpath","value":"//td[@aria-colindex=\"1\"]/div/div[contains(@class, \"sapMCbBg\")]"}
RESULT: {"using":"xpath","value":"//td[@aria-colindex=\"1\"]/div/div[contains(@class, \"sapMCbBg\")]"}
COMMAND: POST /session/19c5ed65dbd52b03c8c783813379e291/elements - {"using":"xpath","value":"//td[@aria-colindex=\"1\"]/div/div[contains(@class, \"sapMCbBg\")]"}
RESULT: {"using":"xpath","value":"//td[@aria-colindex=\"1\"]/div/div[contains(@class, \"sapMCbBg\")]"}
COMMAND: POST /session/19c5ed65dbd52b03c8c783813379e291/elements - {"using":"xpath","value":"//td[@aria-colindex=\"1\"]/div/div[contains(@class, \"sapMCbBg\")]"}
RESULT: {"using":"xpath","value":"//td[@aria-colindex=\"1\"]/div/div[contains(@class, \"sapMCbBg\")]"}
COMMAND: POST /session/19c5ed65dbd52b03c8c783813379e291/elements - {"using":"xpath","value":"//td[@aria-colindex=\"1\"]/div/div[contains(@class, \"sapMCbBg\")]"}
RESULT: {"using":"xpath","value":"//td[@aria-colindex=\"1\"]/div/div[contains(@class, \"sapMCbBg\")]"}
COMMAND: POST /session/19c5ed65dbd52b03c8c783813379e291/elements - {"using":"xpath","value":"//td[@aria-colindex=\"1\"]/div/div[contains(@class, \"sapMCbBg\")]"}
RESULT: {"using":"xpath","value":"//td[@aria-colindex=\"1\"]/div/div[contains(@class, \"sapMCbBg\")]"}
COMMAND: POST /session/19c5ed65dbd52b03c8c783813379e291/elements - {"using":"xpath","value":"//td[@aria-colindex=\"1\"]/div/div[contains(@class, \"sapMCbBg\")]"}
RESULT: {"using":"xpath","value":"//td[@aria-colindex=\"1\"]/div/div[contains(@class, \"sapMCbBg\")]"}
COMMAND: POST /session/19c5ed65dbd52b03c8c783813379e291/elements - {"using":"xpath","value":"//td[@aria-colindex=\"1\"]/div/div[contains(@class, \"sapMCbBg\")]"}
RESULT: {"using":"xpath","value":"//td[@aria-colindex=\"1\"]/div/div[contains(@class, \"sapMCbBg\")]"}
COMMAND: POST /session/19c5ed65dbd52b03c8c783813379e291/elements - {"using":"xpath","value":"//td[@aria-colindex=\"1\"]/div/div[contains(@class, \"sapMCbBg\")]"}
RESULT: {"using":"xpath","value":"//td[@aria-colindex=\"1\"]/div/div[contains(@class, \"sapMCbBg\")]"}
COMMAND: POST /session/19c5ed65dbd52b03c8c783813379e291/elements - {"using":"xpath","value":"//td[@aria-colindex=\"1\"]/div/div[contains(@class, \"sapMCbBg\")]"}
RESULT: {"using":"xpath","value":"//td[@aria-colindex=\"1\"]/div/div[contains(@class, \"sapMCbBg\")]"}
COMMAND: POST /session/19c5ed65dbd52b03c8c783813379e291/elements - {"using":"xpath","value":"//td[@aria-colindex=\"1\"]/div/div[contains(@class, \"sapMCbBg\")]"}
RESULT: {"using":"xpath","value":"//td[@aria-colindex=\"1\"]/div/div[contains(@class, \"sapMCbBg\")]"}
COMMAND: POST /session/19c5ed65dbd52b03c8c783813379e291/elements - {"using":"xpath","value":"//td[@aria-colindex=\"1\"]/div/div[contains(@class, \"sapMCbBg\")]"}
RESULT: {"using":"xpath","value":"//td[@aria-colindex=\"1\"]/div/div[contains(@class, \"sapMCbBg\")]"}
COMMAND: POST /session/19c5ed65dbd52b03c8c783813379e291/elements - {"using":"xpath","value":"//td[@aria-colindex=\"1\"]/div/div[contains(@class, \"sapMCbBg\")]"}
RESULT: {"using":"xpath","value":"//td[@aria-colindex=\"1\"]/div/div[contains(@class, \"sapMCbBg\")]"}
COMMAND: POST /session/19c5ed65dbd52b03c8c783813379e291/elements - {"using":"xpath","value":"//td[@aria-colindex=\"1\"]/div/div[contains(@class, \"sapMCbBg\")]"}
RESULT: {"using":"xpath","value":"//td[@aria-colindex=\"1\"]/div/div[contains(@class, \"sapMCbBg\")]"}
COMMAND: POST /session/19c5ed65dbd52b03c8c783813379e291/elements - {"using":"xpath","value":"//td[@aria-colindex=\"1\"]/div/div[contains(@class, \"sapMCbBg\")]"}
RESULT: {"using":"xpath","value":"//td[@aria-colindex=\"1\"]/div/div[contains(@class, \"sapMCbBg\")]"}
COMMAND: POST /session/19c5ed65dbd52b03c8c783813379e291/elements - {"using":"xpath","value":"//td[@aria-colindex=\"1\"]/div/div[contains(@class, \"sapMCbBg\")]"}
RESULT: {"using":"xpath","value":"//td[@aria-colindex=\"1\"]/div/div[contains(@class, \"sapMCbBg\")]"}
COMMAND: POST /session/19c5ed65dbd52b03c8c783813379e291/elements - {"using":"xpath","value":"//td[@aria-colindex=\"1\"]/div/div[contains(@class, \"sapMCbBg\")]"}
RESULT: {"using":"xpath","value":"//td[@aria-colindex=\"1\"]/div/div[contains(@class, \"sapMCbBg\")]"}
COMMAND: POST /session/19c5ed65dbd52b03c8c783813379e291/elements - {"using":"xpath","value":"//td[@aria-colindex=\"1\"]/div/div[contains(@class, \"sapMCbBg\")]"}
RESULT: {"using":"xpath","value":"//td[@aria-colindex=\"1\"]/div/div[contains(@class, \"sapMCbBg\")]"}
COMMAND: POST /session/19c5ed65dbd52b03c8c783813379e291/elements - {"using":"xpath","value":"//td[@aria-colindex=\"1\"]/div/div[contains(@class, \"sapMCbBg\")]"}
RESULT: {"using":"xpath","value":"//td[@aria-colindex=\"1\"]/div/div[contains(@class, \"sapMCbBg\")]"}
COMMAND: POST /session/19c5ed65dbd52b03c8c783813379e291/elements - {"using":"xpath","value":"//td[@aria-colindex=\"1\"]/div/div[contains(@class, \"sapMCbBg\")]"}
RESULT: {"using":"xpath","value":"//td[@aria-colindex=\"1\"]/div/div[contains(@class, \"sapMCbBg\")]"}
COMMAND: POST /session/19c5ed65dbd52b03c8c783813379e291/elements - {"using":"xpath","value":"//td[@aria-colindex=\"1\"]/div/div[contains(@class, \"sapMCbBg\")]"}
RESULT: {"using":"xpath","value":"//td[@aria-colindex=\"1\"]/div/div[contains(@class, \"sapMCbBg\")]"}
COMMAND: POST /session/19c5ed65dbd52b03c8c783813379e291/elements - {"using":"xpath","value":"//td[@aria-colindex=\"1\"]/div/div[contains(@class, \"sapMCbBg\")]"}
RESULT: {"using":"xpath","value":"//td[@aria-colindex=\"1\"]/div/div[contains(@class, \"sapMCbBg\")]"}
COMMAND: POST /session/19c5ed65dbd52b03c8c783813379e291/elements - {"using":"xpath","value":"//td[@aria-colindex=\"1\"]/div/div[contains(@class, \"sapMCbBg\")]"}
RESULT: {"using":"xpath","value":"//td[@aria-colindex=\"1\"]/div/div[contains(@class, \"sapMCbBg\")]"}
COMMAND: POST /session/19c5ed65dbd52b03c8c783813379e291/elements - {"using":"xpath","value":"//td[@aria-colindex=\"1\"]/div/div[contains(@class, \"sapMCbBg\")]"}
RESULT: {"using":"xpath","value":"//td[@aria-colindex=\"1\"]/div/div[contains(@class, \"sapMCbBg\")]"}
COMMAND: POST /session/19c5ed65dbd52b03c8c783813379e291/elements - {"using":"xpath","value":"//td[@aria-colindex=\"1\"]/div/div[contains(@class, \"sapMCbBg\")]"}
RESULT: {"using":"xpath","value":"//td[@aria-colindex=\"1\"]/div/div[contains(@class, \"sapMCbBg\")]"}
COMMAND: POST /session/19c5ed65dbd52b03c8c783813379e291/elements - {"using":"xpath","value":"//td[@aria-colindex=\"1\"]/div/div[contains(@class, \"sapMCbBg\")]"}
RESULT: {"using":"xpath","value":"//td[@aria-colindex=\"1\"]/div/div[contains(@class, \"sapMCbBg\")]"}
COMMAND: POST /session/19c5ed65dbd52b03c8c783813379e291/elements - {"using":"xpath","value":"//td[@aria-colindex=\"1\"]/div/div[contains(@class, \"sapMCbBg\")]"}
RESULT: {"using":"xpath","value":"//td[@aria-colindex=\"1\"]/div/div[contains(@class, \"sapMCbBg\")]"}
COMMAND: POST /session/19c5ed65dbd52b03c8c783813379e291/elements - {"using":"xpath","value":"//td[@aria-colindex=\"1\"]/div/div[contains(@class, \"sapMCbBg\")]"}
RESULT: {"using":"xpath","value":"//td[@aria-colindex=\"1\"]/div/div[contains(@class, \"sapMCbBg\")]"}
COMMAND: POST /session/19c5ed65dbd52b03c8c783813379e291/elements - {"using":"xpath","value":"//td[@aria-colindex=\"1\"]/div/div[contains(@class, \"sapMCbBg\")]"}
RESULT: {"using":"xpath","value":"//td[@aria-colindex=\"1\"]/div/div[contains(@class, \"sapMCbBg\")]"}
COMMAND: POST /session/19c5ed65dbd52b03c8c783813379e291/elements - {"using":"xpath","value":"//td[@aria-colindex=\"1\"]/div/div[contains(@class, \"sapMCbBg\")]"}
RESULT: {"using":"xpath","value":"//td[@aria-colindex=\"1\"]/div/div[contains(@class, \"sapMCbBg\")]"}
COMMAND: POST /session/19c5ed65dbd52b03c8c783813379e291/elements - {"using":"xpath","value":"//td[@aria-colindex=\"1\"]/div/div[contains(@class, \"sapMCbBg\")]"}
RESULT: {"using":"xpath","value":"//td[@aria-colindex=\"1\"]/div/div[contains(@class, \"sapMCbBg\")]"}
COMMAND: POST /session/19c5ed65dbd52b03c8c783813379e291/elements - {"using":"xpath","value":"//td[@aria-colindex=\"1\"]/div/div[contains(@class, \"sapMCbBg\")]"}
RESULT: {"using":"xpath","value":"//td[@aria-colindex=\"1\"]/div/div[contains(@class, \"sapMCbBg\")]"}
COMMAND: POST /session/19c5ed65dbd52b03c8c783813379e291/elements - {"using":"xpath","value":"//td[@aria-colindex=\"1\"]/div/div[contains(@class, \"sapMCbBg\")]"}
RESULT: {"using":"xpath","value":"//td[@aria-colindex=\"1\"]/div/div[contains(@class, \"sapMCbBg\")]"}
COMMAND: POST /session/19c5ed65dbd52b03c8c783813379e291/elements - {"using":"xpath","value":"//td[@aria-colindex=\"1\"]/div/div[contains(@class, \"sapMCbBg\")]"}
RESULT: {"using":"xpath","value":"//td[@aria-colindex=\"1\"]/div/div[contains(@class, \"sapMCbBg\")]"}
COMMAND: POST /session/19c5ed65dbd52b03c8c783813379e291/elements - {"using":"xpath","value":"//td[@aria-colindex=\"1\"]/div/div[contains(@class, \"sapMCbBg\")]"}
RESULT: {"using":"xpath","value":"//td[@aria-colindex=\"1\"]/div/div[contains(@class, \"sapMCbBg\")]"}
COMMAND: POST /session/19c5ed65dbd52b03c8c783813379e291/elements - {"using":"xpath","value":"//td[@aria-colindex=\"1\"]/div/div[contains(@class, \"sapMCbBg\")]"}
RESULT: {"using":"xpath","value":"//td[@aria-colindex=\"1\"]/div/div[contains(@class, \"sapMCbBg\")]"}
COMMAND: POST /session/19c5ed65dbd52b03c8c783813379e291/elements - {"using":"xpath","value":"//td[@aria-colindex=\"1\"]/div/div[contains(@class, \"sapMCbBg\")]"}
RESULT: {"using":"xpath","value":"//td[@aria-colindex=\"1\"]/div/div[contains(@class, \"sapMCbBg\")]"}
COMMAND: POST /session/19c5ed65dbd52b03c8c783813379e291/elements - {"using":"xpath","value":"//td[@aria-colindex=\"1\"]/div/div[contains(@class, \"sapMCbBg\")]"}
RESULT: {"using":"xpath","value":"//td[@aria-colindex=\"1\"]/div/div[contains(@class, \"sapMCbBg\")]"}
COMMAND: POST /session/19c5ed65dbd52b03c8c783813379e291/elements - {"using":"xpath","value":"//td[@aria-colindex=\"1\"]/div/div[contains(@class, \"sapMCbBg\")]"}
RESULT: {"using":"xpath","value":"//td[@aria-colindex=\"1\"]/div/div[contains(@class, \"sapMCbBg\")]"}
COMMAND: POST /session/19c5ed65dbd52b03c8c783813379e291/elements - {"using":"xpath","value":"//td[@aria-colindex=\"1\"]/div/div[contains(@class, \"sapMCbBg\")]"}
RESULT: {"using":"xpath","value":"//td[@aria-colindex=\"1\"]/div/div[contains(@class, \"sapMCbBg\")]"}
COMMAND: POST /session/19c5ed65dbd52b03c8c783813379e291/elements - {"using":"xpath","value":"//td[@aria-colindex=\"1\"]/div/div[contains(@class, \"sapMCbBg\")]"}
RESULT: {"using":"xpath","value":"//td[@aria-colindex=\"1\"]/div/div[contains(@class, \"sapMCbBg\")]"}
COMMAND: POST /session/19c5ed65dbd52b03c8c783813379e291/elements - {"using":"xpath","value":"//td[@aria-colindex=\"1\"]/div/div[contains(@class, \"sapMCbBg\")]"}
RESULT: {"using":"xpath","value":"//td[@aria-colindex=\"1\"]/div/div[contains(@class, \"sapMCbBg\")]"}
COMMAND: POST /session/19c5ed65dbd52b03c8c783813379e291/elements - {"using":"xpath","value":"//td[@aria-colindex=\"1\"]/div/div[contains(@class, \"sapMCbBg\")]"}
RESULT: {"using":"xpath","value":"//td[@aria-colindex=\"1\"]/div/div[contains(@class, \"sapMCbBg\")]"}
COMMAND: POST /session/19c5ed65dbd52b03c8c783813379e291/elements - {"using":"xpath","value":"//td[@aria-colindex=\"1\"]/div/div[contains(@class, \"sapMCbBg\")]"}
RESULT: {"using":"xpath","value":"//td[@aria-colindex=\"1\"]/div/div[contains(@class, \"sapMCbBg\")]"}
COMMAND: POST /session/19c5ed65dbd52b03c8c783813379e291/elements - {"using":"xpath","value":"//td[@aria-colindex=\"1\"]/div/div[contains(@class, \"sapMCbBg\")]"}
RESULT: {"using":"xpath","value":"//td[@aria-colindex=\"1\"]/div/div[contains(@class, \"sapMCbBg\")]"}
COMMAND: POST /session/19c5ed65dbd52b03c8c783813379e291/elements - {"using":"xpath","value":"//td[@aria-colindex=\"1\"]/div/div[contains(@class, \"sapMCbBg\")]"}
RESULT: {"using":"xpath","value":"//td[@aria-colindex=\"1\"]/div/div[contains(@class, \"sapMCbBg\")]"}
COMMAND: POST /session/19c5ed65dbd52b03c8c783813379e291/elements - {"using":"xpath","value":"//td[@aria-colindex=\"1\"]/div/div[contains(@class, \"sapMCbBg\")]"}
RESULT: {"using":"xpath","value":"//td[@aria-colindex=\"1\"]/div/div[contains(@class, \"sapMCbBg\")]"}
COMMAND: POST /session/19c5ed65dbd52b03c8c783813379e291/elements - {"using":"xpath","value":"//td[@aria-colindex=\"1\"]/div/div[contains(@class, \"sapMCbBg\")]"}
RESULT: {"using":"xpath","value":"//td[@aria-colindex=\"1\"]/div/div[contains(@class, \"sapMCbBg\")]"}
COMMAND: POST /session/19c5ed65dbd52b03c8c783813379e291/elements - {"using":"xpath","value":"//td[@aria-colindex=\"1\"]/div/div[contains(@class, \"sapMCbBg\")]"}
RESULT: {"using":"xpath","value":"//td[@aria-colindex=\"1\"]/div/div[contains(@class, \"sapMCbBg\")]"}
COMMAND: POST /session/19c5ed65dbd52b03c8c783813379e291/elements - {"using":"xpath","value":"//td[@aria-colindex=\"1\"]/div/div[contains(@class, \"sapMCbBg\")]"}
RESULT: {"using":"xpath","value":"//td[@aria-colindex=\"1\"]/div/div[contains(@class, \"sapMCbBg\")]"}
COMMAND: POST /session/19c5ed65dbd52b03c8c783813379e291/elements - {"using":"xpath","value":"//td[@aria-colindex=\"1\"]/div/div[contains(@class, \"sapMCbBg\")]"}
RESULT: {"using":"xpath","value":"//td[@aria-colindex=\"1\"]/div/div[contains(@class, \"sapMCbBg\")]"}
COMMAND: POST /session/19c5ed65dbd52b03c8c783813379e291/elements - {"using":"xpath","value":"//td[@aria-colindex=\"1\"]/div/div[contains(@class, \"sapMCbBg\")]"}
RESULT: {"using":"xpath","value":"//td[@aria-colindex=\"1\"]/div/div[contains(@class, \"sapMCbBg\")]"}
COMMAND: POST /session/19c5ed65dbd52b03c8c783813379e291/elements - {"using":"xpath","value":"//td[@aria-colindex=\"1\"]/div/div[contains(@class, \"sapMCbBg\")]"}
RESULT: {"using":"xpath","value":"//td[@aria-colindex=\"1\"]/div/div[contains(@class, \"sapMCbBg\")]"}
COMMAND: POST /session/19c5ed65dbd52b03c8c783813379e291/elements - {"using":"xpath","value":"//td[@aria-colindex=\"1\"]/div/div[contains(@class, \"sapMCbBg\")]"}
RESULT: {"using":"xpath","value":"//td[@aria-colindex=\"1\"]/div/div[contains(@class, \"sapMCbBg\")]"}
COMMAND: POST /session/19c5ed65dbd52b03c8c783813379e291/elements - {"using":"xpath","value":"//td[@aria-colindex=\"1\"]/div/div[contains(@class, \"sapMCbBg\")]"}
RESULT: {"using":"xpath","value":"//td[@aria-colindex=\"1\"]/div/div[contains(@class, \"sapMCbBg\")]"}
COMMAND: POST /session/19c5ed65dbd52b03c8c783813379e291/elements - {"using":"xpath","value":"//td[@aria-colindex=\"1\"]/div/div[contains(@class, \"sapMCbBg\")]"}
RESULT: {"using":"xpath","value":"//td[@aria-colindex=\"1\"]/div/div[contains(@class, \"sapMCbBg\")]"}
COMMAND: POST /session/19c5ed65dbd52b03c8c783813379e291/elements - {"using":"xpath","value":"//td[@aria-colindex=\"1\"]/div/div[contains(@class, \"sapMCbBg\")]"}
RESULT: {"using":"xpath","value":"//td[@aria-colindex=\"1\"]/div/div[contains(@class, \"sapMCbBg\")]"}
COMMAND: POST /session/19c5ed65dbd52b03c8c783813379e291/elements - {"using":"xpath","value":"//td[@aria-colindex=\"1\"]/div/div[contains(@class, \"sapMCbBg\")]"}
RESULT: {"using":"xpath","value":"//td[@aria-colindex=\"1\"]/div/div[contains(@class, \"sapMCbBg\")]"}
COMMAND: POST /session/19c5ed65dbd52b03c8c783813379e291/elements - {"using":"xpath","value":"//td[@aria-colindex=\"1\"]/div/div[contains(@class, \"sapMCbBg\")]"}
RESULT: {"using":"xpath","value":"//td[@aria-colindex=\"1\"]/div/div[contains(@class, \"sapMCbBg\")]"}
COMMAND: POST /session/19c5ed65dbd52b03c8c783813379e291/elements - {"using":"xpath","value":"//td[@aria-colindex=\"1\"]/div/div[contains(@class, \"sapMCbBg\")]"}
RESULT: {"using":"xpath","value":"//td[@aria-colindex=\"1\"]/div/div[contains(@class, \"sapMCbBg\")]"}
COMMAND: POST /session/19c5ed65dbd52b03c8c783813379e291/elements - {"using":"xpath","value":"//td[@aria-colindex=\"1\"]/div/div[contains(@class, \"sapMCbBg\")]"}
RESULT: {"using":"xpath","value":"//td[@aria-colindex=\"1\"]/div/div[contains(@class, \"sapMCbBg\")]"}
COMMAND: POST /session/19c5ed65dbd52b03c8c783813379e291/elements - {"using":"xpath","value":"//td[@aria-colindex=\"1\"]/div/div[contains(@class, \"sapMCbBg\")]"}
RESULT: {"using":"xpath","value":"//td[@aria-colindex=\"1\"]/div/div[contains(@class, \"sapMCbBg\")]"}
COMMAND: POST /session/19c5ed65dbd52b03c8c783813379e291/elements - {"using":"xpath","value":"//td[@aria-colindex=\"1\"]/div/div[contains(@class, \"sapMCbBg\")]"}
RESULT: {"using":"xpath","value":"//td[@aria-colindex=\"1\"]/div/div[contains(@class, \"sapMCbBg\")]"}
COMMAND: POST /session/19c5ed65dbd52b03c8c783813379e291/elements - {"using":"xpath","value":"//td[@aria-colindex=\"1\"]/div/div[contains(@class, \"sapMCbBg\")]"}
RESULT: {"using":"xpath","value":"//td[@aria-colindex=\"1\"]/div/div[contains(@class, \"sapMCbBg\")]"}
COMMAND: POST /session/19c5ed65dbd52b03c8c783813379e291/elements - {"using":"xpath","value":"//td[@aria-colindex=\"1\"]/div/div[contains(@class, \"sapMCbBg\")]"}
RESULT: {"using":"xpath","value":"//td[@aria-colindex=\"1\"]/div/div[contains(@class, \"sapMCbBg\")]"}
COMMAND: POST /session/19c5ed65dbd52b03c8c783813379e291/elements - {"using":"xpath","value":"//td[@aria-colindex=\"1\"]/div/div[contains(@class, \"sapMCbBg\")]"}
RESULT: {"using":"xpath","value":"//td[@aria-colindex=\"1\"]/div/div[contains(@class, \"sapMCbBg\")]"}
COMMAND: POST /session/19c5ed65dbd52b03c8c783813379e291/elements - {"using":"xpath","value":"//td[@aria-colindex=\"1\"]/div/div[contains(@class, \"sapMCbBg\")]"}
RESULT: {"using":"xpath","value":"//td[@aria-colindex=\"1\"]/div/div[contains(@class, \"sapMCbBg\")]"}
COMMAND: POST /session/19c5ed65dbd52b03c8c783813379e291/elements - {"using":"xpath","value":"//td[@aria-colindex=\"1\"]/div/div[contains(@class, \"sapMCbBg\")]"}
RESULT: {"using":"xpath","value":"//td[@aria-colindex=\"1\"]/div/div[contains(@class, \"sapMCbBg\")]"}
COMMAND: POST /session/19c5ed65dbd52b03c8c783813379e291/elements - {"using":"xpath","value":"//td[@aria-colindex=\"1\"]/div/div[contains(@class, \"sapMCbBg\")]"}
RESULT: {"using":"xpath","value":"//td[@aria-colindex=\"1\"]/div/div[contains(@class, \"sapMCbBg\")]"}
COMMAND: POST /session/19c5ed65dbd52b03c8c783813379e291/elements - {"using":"xpath","value":"//td[@aria-colindex=\"1\"]/div/div[contains(@class, \"sapMCbBg\")]"}
RESULT: {"using":"xpath","value":"//td[@aria-colindex=\"1\"]/div/div[contains(@class, \"sapMCbBg\")]"}
COMMAND: POST /session/19c5ed65dbd52b03c8c783813379e291/elements - {"using":"xpath","value":"//td[@aria-colindex=\"1\"]/div/div[contains(@class, \"sapMCbBg\")]"}
RESULT: {"using":"xpath","value":"//td[@aria-colindex=\"1\"]/div/div[contains(@class, \"sapMCbBg\")]"}
COMMAND: POST /session/19c5ed65dbd52b03c8c783813379e291/elements - {"using":"xpath","value":"//td[@aria-colindex=\"1\"]/div/div[contains(@class, \"sapMCbBg\")]"}
RESULT: {"using":"xpath","value":"//td[@aria-colindex=\"1\"]/div/div[contains(@class, \"sapMCbBg\")]"}
COMMAND: POST /session/19c5ed65dbd52b03c8c783813379e291/elements - {"using":"xpath","value":"//td[@aria-colindex=\"1\"]/div/div[contains(@class, \"sapMCbBg\")]"}
RESULT: {"using":"xpath","value":"//td[@aria-colindex=\"1\"]/div/div[contains(@class, \"sapMCbBg\")]"}
COMMAND: POST /session/19c5ed65dbd52b03c8c783813379e291/elements - {"using":"xpath","value":"//td[@aria-colindex=\"1\"]/div/div[contains(@class, \"sapMCbBg\")]"}
RESULT: {"using":"xpath","value":"//td[@aria-colindex=\"1\"]/div/div[contains(@class, \"sapMCbBg\")]"}
COMMAND: POST /session/19c5ed65dbd52b03c8c783813379e291/elements - {"using":"xpath","value":"//td[@aria-colindex=\"1\"]/div/div[contains(@class, \"sapMCbBg\")]"}
RESULT: {"using":"xpath","value":"//td[@aria-colindex=\"1\"]/div/div[contains(@class, \"sapMCbBg\")]"}
COMMAND: POST /session/19c5ed65dbd52b03c8c783813379e291/elements - {"using":"xpath","value":"//td[@aria-colindex=\"1\"]/div/div[contains(@class, \"sapMCbBg\")]"}
RESULT: {"using":"xpath","value":"//td[@aria-colindex=\"1\"]/div/div[contains(@class, \"sapMCbBg\")]"}
COMMAND: POST /session/19c5ed65dbd52b03c8c783813379e291/elements - {"using":"xpath","value":"//td[@aria-colindex=\"1\"]/div/div[contains(@class, \"sapMCbBg\")]"}
RESULT: {"using":"xpath","value":"//td[@aria-colindex=\"1\"]/div/div[contains(@class, \"sapMCbBg\")]"}
COMMAND: POST /session/19c5ed65dbd52b03c8c783813379e291/elements - {"using":"xpath","value":"//td[@aria-colindex=\"1\"]/div/div[contains(@class, \"sapMCbBg\")]"}
RESULT: {"using":"xpath","value":"//td[@aria-colindex=\"1\"]/div/div[contains(@class, \"sapMCbBg\")]"}
COMMAND: POST /session/19c5ed65dbd52b03c8c783813379e291/elements - {"using":"xpath","value":"//td[@aria-colindex=\"1\"]/div/div[contains(@class, \"sapMCbBg\")]"}
RESULT: {"using":"xpath","value":"//td[@aria-colindex=\"1\"]/div/div[contains(@class, \"sapMCbBg\")]"}
COMMAND: POST /session/19c5ed65dbd52b03c8c783813379e291/elements - {"using":"xpath","value":"//td[@aria-colindex=\"1\"]/div/div[contains(@class, \"sapMCbBg\")]"}
RESULT: {"using":"xpath","value":"//td[@aria-colindex=\"1\"]/div/div[contains(@class, \"sapMCbBg\")]"}
COMMAND: POST /session/19c5ed65dbd52b03c8c783813379e291/elements - {"using":"xpath","value":"//td[@aria-colindex=\"1\"]/div/div[contains(@class, \"sapMCbBg\")]"}
RESULT: {"using":"xpath","value":"//td[@aria-colindex=\"1\"]/div/div[contains(@class, \"sapMCbBg\")]"}
COMMAND: GET /session/19c5ed65dbd52b03c8c783813379e291/screenshot - {}
RESULT: {}
COMMAND: POST /session/19c5ed65dbd52b03c8c783813379e291/element - {"using":"css selector","value":"#j_username"}
COMMAND: POST /session/19c5ed65dbd52b03c8c783813379e291/url - {"url":"https://qa-testing-00-live-etm-ui.cfapps.eu10-004.hana.ondemand.com/"}
COMMAND: GET /session/19c5ed65dbd52b03c8c783813379e291/screenshot - {}
COMMAND: GET /session/19c5ed65dbd52b03c8c783813379e291/screenshot - {}
RESULT: {"url":"https://qa-testing-00-live-etm-ui.cfapps.eu10-004.hana.ondemand.com/"}
RESULT: undefined
COMMAND: GET /session/19c5ed65dbd52b03c8c783813379e291/screenshot - {}
RESULT: {"using":"css selector","value":"#j_username"}
COMMAND: POST /session/19c5ed65dbd52b03c8c783813379e291/element - {"using":"css selector","value":"#j_username"}
RESULT: {}
RESULT: {}
RESULT: {}
RESULT: {"using":"css selector","value":"#j_username"}
COMMAND: POST /session/19c5ed65dbd52b03c8c783813379e291/element - {"using":"css selector","value":"#shell-header-logo"}
RESULT: {"using":"css selector","value":"#shell-header-logo"}
COMMAND: POST /session/19c5ed65dbd52b03c8c783813379e291/execute/sync - {"script":"<script> [8489 bytes]","args":[{"element-6066-11e4-a52e-4f735466cecf":"f.1FACEF5F4F0044855A63ECD1C0A7B6EF.d.CE151434A32421795930D82981D35990.e.4339","ELEMENT":"f.1FACEF5F4F0044855A63ECD1C0A7B6EF.d.CE151434A32421795930D82981D35990.e.4339"}]}
RESULT: {"script":"<script> [8489 bytes]","args":[{"element-6066-11e4-a52e-4f735466cecf":"f.1FACEF5F4F0044855A63ECD1C0A7B6EF.d.CE151434A32421795930D82981D35990.e.4339","ELEMENT":"f.1FACEF5F4F0044855A63ECD1C0A7B6EF.d.CE151434A32421795930D82981D35990.e.4339"}]}
COMMAND: POST /session/19c5ed65dbd52b03c8c783813379e291/element - {"using":"css selector","value":"#shell-header-logo"}
COMMAND: GET /session/19c5ed65dbd52b03c8c783813379e291/screenshot - {}
RESULT: {"using":"css selector","value":"#shell-header-logo"}
COMMAND: POST /session/19c5ed65dbd52b03c8c783813379e291/execute/sync - {"script":"<script> [8489 bytes]","args":[{"element-6066-11e4-a52e-4f735466cecf":"f.1FACEF5F4F0044855A63ECD1C0A7B6EF.d.CE151434A32421795930D82981D35990.e.4339","ELEMENT":"f.1FACEF5F4F0044855A63ECD1C0A7B6EF.d.CE151434A32421795930D82981D35990.e.4339"}]}
RESULT: {}
RESULT: {"script":"<script> [8489 bytes]","args":[{"element-6066-11e4-a52e-4f735466cecf":"f.1FACEF5F4F0044855A63ECD1C0A7B6EF.d.CE151434A32421795930D82981D35990.e.4339","ELEMENT":"f.1FACEF5F4F0044855A63ECD1C0A7B6EF.d.CE151434A32421795930D82981D35990.e.4339"}]}
COMMAND: POST /session/19c5ed65dbd52b03c8c783813379e291/execute/sync - {"script":"<script> [5351 bytes]","args":[{"element-6066-11e4-a52e-4f735466cecf":"f.1FACEF5F4F0044855A63ECD1C0A7B6EF.d.CE151434A32421795930D82981D35990.e.4339","ELEMENT":"f.1FACEF5F4F0044855A63ECD1C0A7B6EF.d.CE151434A32421795930D82981D35990.e.4339"}]}
COMMAND: GET /session/19c5ed65dbd52b03c8c783813379e291/screenshot - {}
RESULT: {"script":"<script> [5351 bytes]","args":[{"element-6066-11e4-a52e-4f735466cecf":"f.1FACEF5F4F0044855A63ECD1C0A7B6EF.d.CE151434A32421795930D82981D35990.e.4339","ELEMENT":"f.1FACEF5F4F0044855A63ECD1C0A7B6EF.d.CE151434A32421795930D82981D35990.e.4339"}]}
COMMAND: POST /session/19c5ed65dbd52b03c8c783813379e291/element - {"using":"css selector","value":"#shell-header-logo"}
COMMAND: GET /session/19c5ed65dbd52b03c8c783813379e291/screenshot - {}
RESULT: {}
RESULT: {"using":"css selector","value":"#shell-header-logo"}
COMMAND: POST /session/19c5ed65dbd52b03c8c783813379e291/element/f.1FACEF5F4F0044855A63ECD1C0A7B6EF.d.CE151434A32421795930D82981D35990.e.4339/click - {}
RESULT: {}
RESULT: {}
COMMAND: GET /session/19c5ed65dbd52b03c8c783813379e291/screenshot - {}
RESULT: {}
COMMAND: POST /session/19c5ed65dbd52b03c8c783813379e291/execute/async - {"script":"<script> [189 bytes]","args":[]}
RESULT: {"script":"<script> [189 bytes]","args":[]}
COMMAND: POST /session/19c5ed65dbd52b03c8c783813379e291/execute/async - {"script":"<script> [123 bytes]","args":[]}
RESULT: {"script":"<script> [123 bytes]","args":[]}
COMMAND: POST /session/19c5ed65dbd52b03c8c783813379e291/timeouts - {"script":"<number>"}
RESULT: {"script":"<number>"}
COMMAND: GET /session/19c5ed65dbd52b03c8c783813379e291/timeouts - {}
RESULT: {}
RESULT: undefined
COMMAND: POST /session/19c5ed65dbd52b03c8c783813379e291/execute/async - {"script":"<script> [2676 bytes]","args":[]}
RESULT: {"script":"<script> [2676 bytes]","args":[]}
COMMAND: POST /session/19c5ed65dbd52b03c8c783813379e291/execute/async - {"script":"<script> [2342 bytes]","args":[{"protocol":"http","hostname":"0.0.0.0","path":"/","capabilities":{"browserName":"chrome","goog:chromeOptions":{"binary":"C:\\Program Files\\Google\\Chrome\\Application\\chrome.exe","args":["--start-maximized"]}},"logLevel":"warn","connectionRetryTimeout":120000,"connectionRetryCount":3,"logLevels":{},"enableDirectConnect":true,"strictSSL":true,"_":"65 more keys: [\"cacheDir\",\"port\",\"requestedCapabilities\",\"automationProtocol\",\"baseUrl\",\"waitforInterval\",\"waitforTimeout\",\"onReload\",\"beforeCommand\",\"afterCommand\",\"rootDir\",\"specs\",\"suites\",\"exclude\",\"groupLogsByTestSpec\",\"excludeDriverLogs\",\"bail\",\"framework\",\"reporters\",\"services\",\"maxInstances\",\"maxInstancesPerCapability\",\"injectGlobals\",\"filesToWatch\",\"execArgv\",\"runnerEnv\",\"runner\",\"shard\",\"specFileRetries\",\"specFileRetriesDelay\",\"specFileRetriesDeferred\",\"reporterSyncInterval\",\"reporterSyncTimeout\",\"cucumberFeaturesWithLineNumbers\",\"autoCompileOpts\",\"mochaOpts\",\"jasmineOpts\",\"cucumberOpts\",\"onPrepare\",\"onWorkerStart\",\"onWorkerEnd\",\"before\",\"beforeSession\",\"beforeSuite\",\"beforeHook\",\"beforeTest\",\"afterTest\",\"afterHook\",\"afterSuite\",\"afterSession\",\"after\",\"onComplete\",\"beforeAssertion\",\"afterAssertion\",\"beforeFeature\",\"beforeScenario\",\"beforeStep\",\"afterStep\",\"afterScenario\",\"afterFeature\",\"_\",\"suite\",\"$0\",\"ignoredWorkerServices\",\"wdi5\"]"}]}
RESULT: {"script":"<script> [2342 bytes]","args":[{"protocol":"http","hostname":"0.0.0.0","path":"/","capabilities":{"browserName":"chrome","goog:chromeOptions":{"binary":"C:\\Program Files\\Google\\Chrome\\Application\\chrome.exe","args":["--start-maximized"]}},"logLevel":"warn","connectionRetryTimeout":120000,"connectionRetryCount":3,"logLevels":{},"enableDirectConnect":true,"strictSSL":true,"_":"65 more keys: [\"cacheDir\",\"port\",\"requestedCapabilities\",\"automationProtocol\",\"baseUrl\",\"waitforInterval\",\"waitforTimeout\",\"onReload\",\"beforeCommand\",\"afterCommand\",\"rootDir\",\"specs\",\"suites\",\"exclude\",\"groupLogsByTestSpec\",\"excludeDriverLogs\",\"bail\",\"framework\",\"reporters\",\"services\",\"maxInstances\",\"maxInstancesPerCapability\",\"injectGlobals\",\"filesToWatch\",\"execArgv\",\"runnerEnv\",\"runner\",\"shard\",\"specFileRetries\",\"specFileRetriesDelay\",\"specFileRetriesDeferred\",\"reporterSyncInterval\",\"reporterSyncTimeout\",\"cucumberFeaturesWithLineNumbers\",\"autoCompileOpts\",\"mochaOpts\",\"jasmineOpts\",\"cucumberOpts\",\"onPrepare\",\"onWorkerStart\",\"onWorkerEnd\",\"before\",\"beforeSession\",\"beforeSuite\",\"beforeHook\",\"beforeTest\",\"afterTest\",\"afterHook\",\"afterSuite\",\"afterSession\",\"after\",\"onComplete\",\"beforeAssertion\",\"afterAssertion\",\"beforeFeature\",\"beforeScenario\",\"beforeStep\",\"afterStep\",\"afterScenario\",\"afterFeature\",\"_\",\"suite\",\"$0\",\"ignoredWorkerServices\",\"wdi5\"]"}]}
COMMAND: POST /session/19c5ed65dbd52b03c8c783813379e291/execute/async - {"script":"<script> [21126 bytes]","args":[35000]}
RESULT: {"script":"<script> [21126 bytes]","args":[35000]}
COMMAND: POST /session/19c5ed65dbd52b03c8c783813379e291/window/maximize - {}
RESULT: {}
COMMAND: POST /session/19c5ed65dbd52b03c8c783813379e291/execute/async - {"script":"<script> [1562 bytes]","args":[{"selector":{"id":"shell-header","interaction":{"idSuffix":"icon"}},"wdio_ui5_key":"shellheader"}]}
COMMAND: GET /session/19c5ed65dbd52b03c8c783813379e291/screenshot - {}
RESULT: {"script":"<script> [1562 bytes]","args":[{"selector":{"id":"shell-header","interaction":{"idSuffix":"icon"}},"wdio_ui5_key":"shellheader"}]}
RESULT: undefined
COMMAND: POST /session/19c5ed65dbd52b03c8c783813379e291/refresh - {}
RESULT: {}
RESULT: {}
COMMAND: GET /session/19c5ed65dbd52b03c8c783813379e291/screenshot - {}
RESULT: {}
COMMAND: POST /session/19c5ed65dbd52b03c8c783813379e291/refresh - {}
RESULT: {}
COMMAND: GET /session/19c5ed65dbd52b03c8c783813379e291/screenshot - {}
RESULT: {}
COMMAND: POST /session/19c5ed65dbd52b03c8c783813379e291/window/fullscreen - {}
RESULT: {}
COMMAND: POST /session/19c5ed65dbd52b03c8c783813379e291/execute/async - {"script":"<script> [189 bytes]","args":[]}
RESULT: {"script":"<script> [189 bytes]","args":[]}
COMMAND: POST /session/19c5ed65dbd52b03c8c783813379e291/execute/async - {"script":"<script> [123 bytes]","args":[]}
RESULT: {"script":"<script> [123 bytes]","args":[]}
COMMAND: POST /session/19c5ed65dbd52b03c8c783813379e291/timeouts - {"script":"<number>"}
RESULT: {"script":"<number>"}
COMMAND: GET /session/19c5ed65dbd52b03c8c783813379e291/timeouts - {}
RESULT: {}
RESULT: undefined
COMMAND: POST /session/19c5ed65dbd52b03c8c783813379e291/execute/async - {"script":"<script> [2676 bytes]","args":[]}
RESULT: {"script":"<script> [2676 bytes]","args":[]}
COMMAND: POST /session/19c5ed65dbd52b03c8c783813379e291/execute/async - {"script":"<script> [2342 bytes]","args":[{"protocol":"http","hostname":"0.0.0.0","path":"/","capabilities":{"browserName":"chrome","goog:chromeOptions":{"binary":"C:\\Program Files\\Google\\Chrome\\Application\\chrome.exe","args":["--start-maximized"]}},"logLevel":"warn","connectionRetryTimeout":120000,"connectionRetryCount":3,"logLevels":{},"enableDirectConnect":true,"strictSSL":true,"_":"65 more keys: [\"cacheDir\",\"port\",\"requestedCapabilities\",\"automationProtocol\",\"baseUrl\",\"waitforInterval\",\"waitforTimeout\",\"onReload\",\"beforeCommand\",\"afterCommand\",\"rootDir\",\"specs\",\"suites\",\"exclude\",\"groupLogsByTestSpec\",\"excludeDriverLogs\",\"bail\",\"framework\",\"reporters\",\"services\",\"maxInstances\",\"maxInstancesPerCapability\",\"injectGlobals\",\"filesToWatch\",\"execArgv\",\"runnerEnv\",\"runner\",\"shard\",\"specFileRetries\",\"specFileRetriesDelay\",\"specFileRetriesDeferred\",\"reporterSyncInterval\",\"reporterSyncTimeout\",\"cucumberFeaturesWithLineNumbers\",\"autoCompileOpts\",\"mochaOpts\",\"jasmineOpts\",\"cucumberOpts\",\"onPrepare\",\"onWorkerStart\",\"onWorkerEnd\",\"before\",\"beforeSession\",\"beforeSuite\",\"beforeHook\",\"beforeTest\",\"afterTest\",\"afterHook\",\"afterSuite\",\"afterSession\",\"after\",\"onComplete\",\"beforeAssertion\",\"afterAssertion\",\"beforeFeature\",\"beforeScenario\",\"beforeStep\",\"afterStep\",\"afterScenario\",\"afterFeature\",\"_\",\"suite\",\"$0\",\"ignoredWorkerServices\",\"wdi5\"]"}]}
RESULT: {"script":"<script> [2342 bytes]","args":[{"protocol":"http","hostname":"0.0.0.0","path":"/","capabilities":{"browserName":"chrome","goog:chromeOptions":{"binary":"C:\\Program Files\\Google\\Chrome\\Application\\chrome.exe","args":["--start-maximized"]}},"logLevel":"warn","connectionRetryTimeout":120000,"connectionRetryCount":3,"logLevels":{},"enableDirectConnect":true,"strictSSL":true,"_":"65 more keys: [\"cacheDir\",\"port\",\"requestedCapabilities\",\"automationProtocol\",\"baseUrl\",\"waitforInterval\",\"waitforTimeout\",\"onReload\",\"beforeCommand\",\"afterCommand\",\"rootDir\",\"specs\",\"suites\",\"exclude\",\"groupLogsByTestSpec\",\"excludeDriverLogs\",\"bail\",\"framework\",\"reporters\",\"services\",\"maxInstances\",\"maxInstancesPerCapability\",\"injectGlobals\",\"filesToWatch\",\"execArgv\",\"runnerEnv\",\"runner\",\"shard\",\"specFileRetries\",\"specFileRetriesDelay\",\"specFileRetriesDeferred\",\"reporterSyncInterval\",\"reporterSyncTimeout\",\"cucumberFeaturesWithLineNumbers\",\"autoCompileOpts\",\"mochaOpts\",\"jasmineOpts\",\"cucumberOpts\",\"onPrepare\",\"onWorkerStart\",\"onWorkerEnd\",\"before\",\"beforeSession\",\"beforeSuite\",\"beforeHook\",\"beforeTest\",\"afterTest\",\"afterHook\",\"afterSuite\",\"afterSession\",\"after\",\"onComplete\",\"beforeAssertion\",\"afterAssertion\",\"beforeFeature\",\"beforeScenario\",\"beforeStep\",\"afterStep\",\"afterScenario\",\"afterFeature\",\"_\",\"suite\",\"$0\",\"ignoredWorkerServices\",\"wdi5\"]"}]}
COMMAND: POST /session/19c5ed65dbd52b03c8c783813379e291/execute/async - {"script":"<script> [21126 bytes]","args":[35000]}
RESULT: {"script":"<script> [21126 bytes]","args":[35000]}
]]></system-out>
      <system-err><![CDATA[
Error: Can't call click on element with selector "//td[@aria-colindex="1"]/div/div[contains(@class, "sapMCbBg")]" because element wasn't found
    at async UtilsPrerequisites.manageBillingsTriggerCalculation (D:\a\1\s\test\specs\BTS\prerequisites-and-utils-functions.js:2750:9)
    at async Context.<anonymous> (D:\a\1\s\test\specs\BTS\billing-confirm.spec.js:75:9)
]]></system-err>
    </testcase>
  </testsuite>
  <testsuite timestamp="2025-05-30T17:25:01" time="1252.928" tests="14" failures="6" errors="6" skipped="0">
    <properties>
      <property name="specId" value="0"/>
      <property name="suiteName" value="Create master data for mixed billing &amp; do billing calculation US151661"/>
      <property name="capabilities" value="chrome.136_0_7103_93.windows"/>
      <property name="file" value="file:///D:/a/1/s/test/specs/BTS/billing-calculation-mixed.spec.js"/>
    </properties>
    <testcase classname="chrome.136_0_7103_93.windows.Create_master_data_for_mixed_billing_&amp;_do_billing_calculation_US151661" name="Should create a new yard" time="142.765">
      <system-out><![CDATA[
COMMAND: POST /session/19c5ed65dbd52b03c8c783813379e291/window/fullscreen - {}
RESULT: {}
COMMAND: POST /session/19c5ed65dbd52b03c8c783813379e291/execute/async - {"script":"<script> [1562 bytes]","args":[{"selector":{"controlType":"sap.m.GenericTile","properties":{"header":"Manage Yards"}},"wdio_ui5_key":"sapm.GenericTile{\"header\":\"Manage Yards\"}"}]}
RESULT: {"script":"<script> [1562 bytes]","args":[{"selector":{"controlType":"sap.m.GenericTile","properties":{"header":"Manage Yards"}},"wdio_ui5_key":"sapm.GenericTile{\"header\":\"Manage Yards\"}"}]}
RESULT: undefined
COMMAND: POST /session/19c5ed65dbd52b03c8c783813379e291/element - {"using":"xpath","value":"//*[@id=\"__tile41\"]"}
RESULT: {"using":"xpath","value":"//*[@id=\"__tile41\"]"}
COMMAND: POST /session/19c5ed65dbd52b03c8c783813379e291/element/f.1FACEF5F4F0044855A63ECD1C0A7B6EF.d.3204973F329E8C3726F6741E6AFF5065.e.4504/click - {}
RESULT: {}
COMMAND: GET /session/19c5ed65dbd52b03c8c783813379e291/screenshot - {}
RESULT: {}
COMMAND: POST /session/19c5ed65dbd52b03c8c783813379e291/elements - {"using":"xpath","value":"//span[text()='Error']"}
RESULT: {"using":"xpath","value":"//span[text()='Error']"}
COMMAND: POST /session/19c5ed65dbd52b03c8c783813379e291/element - {"using":"xpath","value":"//button[@data-kt=\"addNewYardOverflowToolbarButton\"]"}
RESULT: {"using":"xpath","value":"//button[@data-kt=\"addNewYardOverflowToolbarButton\"]"}
COMMAND: POST /session/19c5ed65dbd52b03c8c783813379e291/elements - {"using":"xpath","value":"//button[@data-kt=\"addNewYardOverflowToolbarButton\"]"}
RESULT: {"using":"xpath","value":"//button[@data-kt=\"addNewYardOverflowToolbarButton\"]"}
COMMAND: POST /session/19c5ed65dbd52b03c8c783813379e291/elements - {"using":"xpath","value":"//button[@data-kt=\"addNewYardOverflowToolbarButton\"]"}
RESULT: {"using":"xpath","value":"//button[@data-kt=\"addNewYardOverflowToolbarButton\"]"}
COMMAND: POST /session/19c5ed65dbd52b03c8c783813379e291/elements - {"using":"xpath","value":"//button[@data-kt=\"addNewYardOverflowToolbarButton\"]"}
RESULT: {"using":"xpath","value":"//button[@data-kt=\"addNewYardOverflowToolbarButton\"]"}
COMMAND: POST /session/19c5ed65dbd52b03c8c783813379e291/elements - {"using":"xpath","value":"//button[@data-kt=\"addNewYardOverflowToolbarButton\"]"}
RESULT: {"using":"xpath","value":"//button[@data-kt=\"addNewYardOverflowToolbarButton\"]"}
COMMAND: POST /session/19c5ed65dbd52b03c8c783813379e291/elements - {"using":"xpath","value":"//button[@data-kt=\"addNewYardOverflowToolbarButton\"]"}
RESULT: {"using":"xpath","value":"//button[@data-kt=\"addNewYardOverflowToolbarButton\"]"}
COMMAND: POST /session/19c5ed65dbd52b03c8c783813379e291/elements - {"using":"xpath","value":"//button[@data-kt=\"addNewYardOverflowToolbarButton\"]"}
RESULT: {"using":"xpath","value":"//button[@data-kt=\"addNewYardOverflowToolbarButton\"]"}
COMMAND: POST /session/19c5ed65dbd52b03c8c783813379e291/elements - {"using":"xpath","value":"//button[@data-kt=\"addNewYardOverflowToolbarButton\"]"}
RESULT: {"using":"xpath","value":"//button[@data-kt=\"addNewYardOverflowToolbarButton\"]"}
COMMAND: POST /session/19c5ed65dbd52b03c8c783813379e291/elements - {"using":"xpath","value":"//button[@data-kt=\"addNewYardOverflowToolbarButton\"]"}
RESULT: {"using":"xpath","value":"//button[@data-kt=\"addNewYardOverflowToolbarButton\"]"}
COMMAND: POST /session/19c5ed65dbd52b03c8c783813379e291/elements - {"using":"xpath","value":"//button[@data-kt=\"addNewYardOverflowToolbarButton\"]"}
RESULT: {"using":"xpath","value":"//button[@data-kt=\"addNewYardOverflowToolbarButton\"]"}
COMMAND: POST /session/19c5ed65dbd52b03c8c783813379e291/elements - {"using":"xpath","value":"//button[@data-kt=\"addNewYardOverflowToolbarButton\"]"}
RESULT: {"using":"xpath","value":"//button[@data-kt=\"addNewYardOverflowToolbarButton\"]"}
COMMAND: POST /session/19c5ed65dbd52b03c8c783813379e291/elements - {"using":"xpath","value":"//button[@data-kt=\"addNewYardOverflowToolbarButton\"]"}
RESULT: {"using":"xpath","value":"//button[@data-kt=\"addNewYardOverflowToolbarButton\"]"}
COMMAND: POST /session/19c5ed65dbd52b03c8c783813379e291/elements - {"using":"xpath","value":"//button[@data-kt=\"addNewYardOverflowToolbarButton\"]"}
RESULT: {"using":"xpath","value":"//button[@data-kt=\"addNewYardOverflowToolbarButton\"]"}
COMMAND: POST /session/19c5ed65dbd52b03c8c783813379e291/elements - {"using":"xpath","value":"//button[@data-kt=\"addNewYardOverflowToolbarButton\"]"}
RESULT: {"using":"xpath","value":"//button[@data-kt=\"addNewYardOverflowToolbarButton\"]"}
COMMAND: POST /session/19c5ed65dbd52b03c8c783813379e291/element - {"using":"xpath","value":"//button[@data-kt=\"addNewYardOverflowToolbarButton\"]"}
RESULT: {"using":"xpath","value":"//button[@data-kt=\"addNewYardOverflowToolbarButton\"]"}
COMMAND: POST /session/19c5ed65dbd52b03c8c783813379e291/execute/sync - {"script":"<script> [8489 bytes]","args":[{"element-6066-11e4-a52e-4f735466cecf":"f.1FACEF5F4F0044855A63ECD1C0A7B6EF.d.3204973F329E8C3726F6741E6AFF5065.e.4636","ELEMENT":"f.1FACEF5F4F0044855A63ECD1C0A7B6EF.d.3204973F329E8C3726F6741E6AFF5065.e.4636"}]}
RESULT: {"script":"<script> [8489 bytes]","args":[{"element-6066-11e4-a52e-4f735466cecf":"f.1FACEF5F4F0044855A63ECD1C0A7B6EF.d.3204973F329E8C3726F6741E6AFF5065.e.4636","ELEMENT":"f.1FACEF5F4F0044855A63ECD1C0A7B6EF.d.3204973F329E8C3726F6741E6AFF5065.e.4636"}]}
COMMAND: GET /session/19c5ed65dbd52b03c8c783813379e291/element/f.1FACEF5F4F0044855A63ECD1C0A7B6EF.d.3204973F329E8C3726F6741E6AFF5065.e.4636/enabled - {}
COMMAND: GET /session/19c5ed65dbd52b03c8c783813379e291/screenshot - {}
RESULT: {}
COMMAND: POST /session/19c5ed65dbd52b03c8c783813379e291/execute/sync - {"script":"<script> [8489 bytes]","args":[{"element-6066-11e4-a52e-4f735466cecf":"f.1FACEF5F4F0044855A63ECD1C0A7B6EF.d.3204973F329E8C3726F6741E6AFF5065.e.4636","ELEMENT":"f.1FACEF5F4F0044855A63ECD1C0A7B6EF.d.3204973F329E8C3726F6741E6AFF5065.e.4636"}]}
COMMAND: GET /session/19c5ed65dbd52b03c8c783813379e291/screenshot - {}
RESULT: {}
RESULT: {"script":"<script> [8489 bytes]","args":[{"element-6066-11e4-a52e-4f735466cecf":"f.1FACEF5F4F0044855A63ECD1C0A7B6EF.d.3204973F329E8C3726F6741E6AFF5065.e.4636","ELEMENT":"f.1FACEF5F4F0044855A63ECD1C0A7B6EF.d.3204973F329E8C3726F6741E6AFF5065.e.4636"}]}
COMMAND: POST /session/19c5ed65dbd52b03c8c783813379e291/execute/sync - {"script":"<script> [5351 bytes]","args":[{"element-6066-11e4-a52e-4f735466cecf":"f.1FACEF5F4F0044855A63ECD1C0A7B6EF.d.3204973F329E8C3726F6741E6AFF5065.e.4636","ELEMENT":"f.1FACEF5F4F0044855A63ECD1C0A7B6EF.d.3204973F329E8C3726F6741E6AFF5065.e.4636"}]}
COMMAND: GET /session/19c5ed65dbd52b03c8c783813379e291/screenshot - {}
RESULT: {}
RESULT: {"script":"<script> [5351 bytes]","args":[{"element-6066-11e4-a52e-4f735466cecf":"f.1FACEF5F4F0044855A63ECD1C0A7B6EF.d.3204973F329E8C3726F6741E6AFF5065.e.4636","ELEMENT":"f.1FACEF5F4F0044855A63ECD1C0A7B6EF.d.3204973F329E8C3726F6741E6AFF5065.e.4636"}]}
COMMAND: POST /session/19c5ed65dbd52b03c8c783813379e291/element/f.1FACEF5F4F0044855A63ECD1C0A7B6EF.d.3204973F329E8C3726F6741E6AFF5065.e.4636/click - {}
COMMAND: GET /session/19c5ed65dbd52b03c8c783813379e291/screenshot - {}
RESULT: {}
RESULT: {}
RESULT: {}
COMMAND: GET /session/19c5ed65dbd52b03c8c783813379e291/screenshot - {}
RESULT: {}
COMMAND: POST /session/19c5ed65dbd52b03c8c783813379e291/element - {"using":"xpath","value":"//input[@id=\"application-manageyards-display-component---NewYard--yardId-inner\"]"}
RESULT: {"using":"xpath","value":"//input[@id=\"application-manageyards-display-component---NewYard--yardId-inner\"]"}
COMMAND: POST /session/19c5ed65dbd52b03c8c783813379e291/element - {"using":"xpath","value":"//input[@id=\"application-manageyards-display-component---NewYard--yardId-inner\"]"}
RESULT: {"using":"xpath","value":"//input[@id=\"application-manageyards-display-component---NewYard--yardId-inner\"]"}
COMMAND: POST /session/19c5ed65dbd52b03c8c783813379e291/execute/async - {"script":"<script> [1562 bytes]","args":[{"selector":{"id":"application-manageyards-display-component---NewYard--addressDetailDetailsName1","interaction":{"idSuffix":"inner"}},"wdio_ui5_key":"applicationmanageyards-display-component---NewYard--addressDetailDetailsName1"}]}
RESULT: {"script":"<script> [1562 bytes]","args":[{"selector":{"id":"application-manageyards-display-component---NewYard--addressDetailDetailsName1","interaction":{"idSuffix":"inner"}},"wdio_ui5_key":"applicationmanageyards-display-component---NewYard--addressDetailDetailsName1"}]}
RESULT: undefined
COMMAND: POST /session/19c5ed65dbd52b03c8c783813379e291/execute/async - {"script":"<script> [776 bytes]","args":[{"enterText":"Intercompany Yard wdIO","selector":{"id":"application-manageyards-display-component---NewYard--addressDetailDetailsName1","interaction":{"idSuffix":"inner"}},"clearTextFirst":true,"interactionType":"ENTER_TEXT"}]}
RESULT: {"script":"<script> [776 bytes]","args":[{"enterText":"Intercompany Yard wdIO","selector":{"id":"application-manageyards-display-component---NewYard--addressDetailDetailsName1","interaction":{"idSuffix":"inner"}},"clearTextFirst":true,"interactionType":"ENTER_TEXT"}]}
COMMAND: POST /session/19c5ed65dbd52b03c8c783813379e291/execute/async - {"script":"<script> [1562 bytes]","args":[{"selector":{"id":"application-manageyards-display-component---NewYard--addressDetailDetailsLanguage-arrow"},"wdio_ui5_key":"applicationmanageyards-display-component---NewYard--addressDetailDetailsLanguage-arrow"}]}
RESULT: {"script":"<script> [1562 bytes]","args":[{"selector":{"id":"application-manageyards-display-component---NewYard--addressDetailDetailsLanguage-arrow"},"wdio_ui5_key":"applicationmanageyards-display-component---NewYard--addressDetailDetailsLanguage-arrow"}]}
RESULT: undefined
COMMAND: POST /session/19c5ed65dbd52b03c8c783813379e291/element - {"using":"xpath","value":"//*[@id=\"application-manageyards-display-component---NewYard--addressDetailDetailsLanguage-arrow\"]"}
RESULT: {"using":"xpath","value":"//*[@id=\"application-manageyards-display-component---NewYard--addressDetailDetailsLanguage-arrow\"]"}
COMMAND: POST /session/19c5ed65dbd52b03c8c783813379e291/element/f.1FACEF5F4F0044855A63ECD1C0A7B6EF.d.3204973F329E8C3726F6741E6AFF5065.e.5074/click - {}
RESULT: {}
COMMAND: POST /session/19c5ed65dbd52b03c8c783813379e291/element - {"using":"xpath","value":"//span[contains(text(), \"English\")]"}
COMMAND: GET /session/19c5ed65dbd52b03c8c783813379e291/screenshot - {}
RESULT: {"using":"xpath","value":"//span[contains(text(), \"English\")]"}
COMMAND: POST /session/19c5ed65dbd52b03c8c783813379e291/element/f.1FACEF5F4F0044855A63ECD1C0A7B6EF.d.3204973F329E8C3726F6741E6AFF5065.e.5075/click - {}
RESULT: {}
RESULT: {}
COMMAND: POST /session/19c5ed65dbd52b03c8c783813379e291/execute/async - {"script":"<script> [1562 bytes]","args":[{"selector":{"id":"application-manageyards-display-component---NewYard--addressDetailDetailsCity1","interaction":{"idSuffix":"inner"}},"wdio_ui5_key":"applicationmanageyards-display-component---NewYard--addressDetailDetailsCity1"}]}
COMMAND: GET /session/19c5ed65dbd52b03c8c783813379e291/screenshot - {}
RESULT: {"script":"<script> [1562 bytes]","args":[{"selector":{"id":"application-manageyards-display-component---NewYard--addressDetailDetailsCity1","interaction":{"idSuffix":"inner"}},"wdio_ui5_key":"applicationmanageyards-display-component---NewYard--addressDetailDetailsCity1"}]}
RESULT: undefined
COMMAND: POST /session/19c5ed65dbd52b03c8c783813379e291/execute/async - {"script":"<script> [776 bytes]","args":[{"enterText":"Rosario","selector":{"id":"application-manageyards-display-component---NewYard--addressDetailDetailsCity1","interaction":{"idSuffix":"inner"}},"clearTextFirst":true,"interactionType":"ENTER_TEXT"}]}
RESULT: {}
RESULT: {"script":"<script> [776 bytes]","args":[{"enterText":"Rosario","selector":{"id":"application-manageyards-display-component---NewYard--addressDetailDetailsCity1","interaction":{"idSuffix":"inner"}},"clearTextFirst":true,"interactionType":"ENTER_TEXT"}]}
COMMAND: POST /session/19c5ed65dbd52b03c8c783813379e291/execute/async - {"script":"<script> [1562 bytes]","args":[{"selector":{"id":"application-manageyards-display-component---NewYard--addressDetailDetailsCountry-arrow"},"wdio_ui5_key":"applicationmanageyards-display-component---NewYard--addressDetailDetailsCountry-arrow"}]}
RESULT: {"script":"<script> [1562 bytes]","args":[{"selector":{"id":"application-manageyards-display-component---NewYard--addressDetailDetailsCountry-arrow"},"wdio_ui5_key":"applicationmanageyards-display-component---NewYard--addressDetailDetailsCountry-arrow"}]}
RESULT: undefined
COMMAND: POST /session/19c5ed65dbd52b03c8c783813379e291/element - {"using":"xpath","value":"//*[@id=\"application-manageyards-display-component---NewYard--addressDetailDetailsCountry-arrow\"]"}
RESULT: {"using":"xpath","value":"//*[@id=\"application-manageyards-display-component---NewYard--addressDetailDetailsCountry-arrow\"]"}
COMMAND: POST /session/19c5ed65dbd52b03c8c783813379e291/element/f.1FACEF5F4F0044855A63ECD1C0A7B6EF.d.3204973F329E8C3726F6741E6AFF5065.e.5077/click - {}
RESULT: {}
COMMAND: POST /session/19c5ed65dbd52b03c8c783813379e291/element - {"using":"xpath","value":"//span[contains(text(), \"Argentina\")]"}
COMMAND: GET /session/19c5ed65dbd52b03c8c783813379e291/screenshot - {}
RESULT: {"using":"xpath","value":"//span[contains(text(), \"Argentina\")]"}
COMMAND: POST /session/19c5ed65dbd52b03c8c783813379e291/element/f.1FACEF5F4F0044855A63ECD1C0A7B6EF.d.3204973F329E8C3726F6741E6AFF5065.e.5078/click - {}
RESULT: {}
RESULT: {}
COMMAND: POST /session/19c5ed65dbd52b03c8c783813379e291/execute/async - {"script":"<script> [1562 bytes]","args":[{"selector":{"id":"application-manageyards-display-component---NewYard--addressEditDetailsCostObjectCstType-arrow"},"wdio_ui5_key":"applicationmanageyards-display-component---NewYard--addressEditDetailsCostObjectCstType-arrow"}]}
COMMAND: GET /session/19c5ed65dbd52b03c8c783813379e291/screenshot - {}
RESULT: {"script":"<script> [1562 bytes]","args":[{"selector":{"id":"application-manageyards-display-component---NewYard--addressEditDetailsCostObjectCstType-arrow"},"wdio_ui5_key":"applicationmanageyards-display-component---NewYard--addressEditDetailsCostObjectCstType-arrow"}]}
RESULT: undefined
COMMAND: POST /session/19c5ed65dbd52b03c8c783813379e291/element - {"using":"xpath","value":"//*[@id=\"application-manageyards-display-component---NewYard--addressEditDetailsCostObjectCstType-arrow\"]"}
RESULT: {}
RESULT: {"using":"xpath","value":"//*[@id=\"application-manageyards-display-component---NewYard--addressEditDetailsCostObjectCstType-arrow\"]"}
COMMAND: POST /session/19c5ed65dbd52b03c8c783813379e291/element/f.1FACEF5F4F0044855A63ECD1C0A7B6EF.d.3204973F329E8C3726F6741E6AFF5065.e.5080/click - {}
RESULT: {}
COMMAND: POST /session/19c5ed65dbd52b03c8c783813379e291/element - {"using":"xpath","value":"//span[contains(text(), \"Cost Center\")]"}
COMMAND: GET /session/19c5ed65dbd52b03c8c783813379e291/screenshot - {}
RESULT: {"using":"xpath","value":"//span[contains(text(), \"Cost Center\")]"}
COMMAND: POST /session/19c5ed65dbd52b03c8c783813379e291/element/f.1FACEF5F4F0044855A63ECD1C0A7B6EF.d.3204973F329E8C3726F6741E6AFF5065.e.5081/click - {}
RESULT: {}
RESULT: {}
COMMAND: GET /session/19c5ed65dbd52b03c8c783813379e291/screenshot - {}
RESULT: {}
COMMAND: POST /session/19c5ed65dbd52b03c8c783813379e291/element - {"using":"xpath","value":"//span[@id=\"application-manageyards-display-component---NewYard--addressNewCostObjectCstID-vhi\"]"}
RESULT: {"using":"xpath","value":"//span[@id=\"application-manageyards-display-component---NewYard--addressNewCostObjectCstID-vhi\"]"}
COMMAND: POST /session/19c5ed65dbd52b03c8c783813379e291/execute/sync - {"script":"<script> [8489 bytes]","args":[{"element-6066-11e4-a52e-4f735466cecf":"f.1FACEF5F4F0044855A63ECD1C0A7B6EF.d.3204973F329E8C3726F6741E6AFF5065.e.5085","ELEMENT":"f.1FACEF5F4F0044855A63ECD1C0A7B6EF.d.3204973F329E8C3726F6741E6AFF5065.e.5085"}]}
RESULT: {"script":"<script> [8489 bytes]","args":[{"element-6066-11e4-a52e-4f735466cecf":"f.1FACEF5F4F0044855A63ECD1C0A7B6EF.d.3204973F329E8C3726F6741E6AFF5065.e.5085","ELEMENT":"f.1FACEF5F4F0044855A63ECD1C0A7B6EF.d.3204973F329E8C3726F6741E6AFF5065.e.5085"}]}
COMMAND: POST /session/19c5ed65dbd52b03c8c783813379e291/execute/async - {"script":"<script> [1562 bytes]","args":[{"selector":{"id":"application-manageyards-display-component---NewYard--addressNewCostObjectCstID-vhi"},"wdio_ui5_key":"applicationmanageyards-display-component---NewYard--addressNewCostObjectCstID-vhi"}]}
COMMAND: GET /session/19c5ed65dbd52b03c8c783813379e291/screenshot - {}
RESULT: {"script":"<script> [1562 bytes]","args":[{"selector":{"id":"application-manageyards-display-component---NewYard--addressNewCostObjectCstID-vhi"},"wdio_ui5_key":"applicationmanageyards-display-component---NewYard--addressNewCostObjectCstID-vhi"}]}
RESULT: undefined
COMMAND: POST /session/19c5ed65dbd52b03c8c783813379e291/element - {"using":"xpath","value":"//*[@id=\"application-manageyards-display-component---NewYard--addressNewCostObjectCstID-vhi\"]"}
RESULT: {}
RESULT: {"using":"xpath","value":"//*[@id=\"application-manageyards-display-component---NewYard--addressNewCostObjectCstID-vhi\"]"}
COMMAND: POST /session/19c5ed65dbd52b03c8c783813379e291/element/f.1FACEF5F4F0044855A63ECD1C0A7B6EF.d.3204973F329E8C3726F6741E6AFF5065.e.5085/click - {}
RESULT: {}
COMMAND: GET /session/19c5ed65dbd52b03c8c783813379e291/screenshot - {}
RESULT: {}
COMMAND: POST /session/19c5ed65dbd52b03c8c783813379e291/execute/async - {"script":"<script> [1562 bytes]","args":[{"selector":{"controlType":"sap.m.SearchField","properties":{"placeholder":"Search"},"searchOpenDialogs":true,"interaction":{"idSuffix":"I"}},"wdio_ui5_key":"sapm.SearchField{\"placeholder\":\"Search\"}"}]}
RESULT: {"script":"<script> [1562 bytes]","args":[{"selector":{"controlType":"sap.m.SearchField","properties":{"placeholder":"Search"},"searchOpenDialogs":true,"interaction":{"idSuffix":"I"}},"wdio_ui5_key":"sapm.SearchField{\"placeholder\":\"Search\"}"}]}
RESULT: undefined
COMMAND: POST /session/19c5ed65dbd52b03c8c783813379e291/execute/async - {"script":"<script> [776 bytes]","args":[{"enterText":"bauh_b","selector":{"controlType":"sap.m.SearchField","properties":{"placeholder":"Search"},"searchOpenDialogs":true,"interaction":{"idSuffix":"I"}},"clearTextFirst":true,"interactionType":"ENTER_TEXT"}]}
RESULT: {"script":"<script> [776 bytes]","args":[{"enterText":"bauh_b","selector":{"controlType":"sap.m.SearchField","properties":{"placeholder":"Search"},"searchOpenDialogs":true,"interaction":{"idSuffix":"I"}},"clearTextFirst":true,"interactionType":"ENTER_TEXT"}]}
COMMAND: POST /session/19c5ed65dbd52b03c8c783813379e291/actions - {"actions":[{"id":"action18","type":"key","parameters":{},"actions":[{"type":"keyDown","value":""},{"type":"pause","duration":10},{"type":"keyUp","value":""}]}]}
RESULT: {"actions":[{"id":"action18","type":"key","parameters":{},"actions":[{"type":"keyDown","value":""},{"type":"pause","duration":10},{"type":"keyUp","value":""}]}]}
COMMAND: GET /session/19c5ed65dbd52b03c8c783813379e291/screenshot - {}
RESULT: {}
COMMAND: POST /session/19c5ed65dbd52b03c8c783813379e291/element - {"using":"xpath","value":"//span[contains(text(), \"Demo Yard\")]"}
RESULT: {"using":"xpath","value":"//span[contains(text(), \"Demo Yard\")]"}
COMMAND: POST /session/19c5ed65dbd52b03c8c783813379e291/element/f.1FACEF5F4F0044855A63ECD1C0A7B6EF.d.3204973F329E8C3726F6741E6AFF5065.e.5126/click - {}
RESULT: {}
COMMAND: GET /session/19c5ed65dbd52b03c8c783813379e291/screenshot - {}
RESULT: {}
COMMAND: POST /session/19c5ed65dbd52b03c8c783813379e291/element - {"using":"xpath","value":"//bdi[contains(text(), \"OK\")]"}
RESULT: {"using":"xpath","value":"//bdi[contains(text(), \"OK\")]"}
COMMAND: POST /session/19c5ed65dbd52b03c8c783813379e291/element/f.1FACEF5F4F0044855A63ECD1C0A7B6EF.d.3204973F329E8C3726F6741E6AFF5065.e.5127/click - {}
RESULT: {}
COMMAND: GET /session/19c5ed65dbd52b03c8c783813379e291/screenshot - {}
RESULT: {}
COMMAND: POST /session/19c5ed65dbd52b03c8c783813379e291/execute/async - {"script":"<script> [1562 bytes]","args":[{"selector":{"id":"application-manageyards-display-component---NewYard--addressEditDetailsCurrency-arrow"},"wdio_ui5_key":"applicationmanageyards-display-component---NewYard--addressEditDetailsCurrency-arrow"}]}
RESULT: {"script":"<script> [1562 bytes]","args":[{"selector":{"id":"application-manageyards-display-component---NewYard--addressEditDetailsCurrency-arrow"},"wdio_ui5_key":"applicationmanageyards-display-component---NewYard--addressEditDetailsCurrency-arrow"}]}
RESULT: undefined
COMMAND: POST /session/19c5ed65dbd52b03c8c783813379e291/element - {"using":"xpath","value":"//*[@id=\"application-manageyards-display-component---NewYard--addressEditDetailsCurrency-arrow\"]"}
RESULT: {"using":"xpath","value":"//*[@id=\"application-manageyards-display-component---NewYard--addressEditDetailsCurrency-arrow\"]"}
COMMAND: POST /session/19c5ed65dbd52b03c8c783813379e291/element/f.1FACEF5F4F0044855A63ECD1C0A7B6EF.d.3204973F329E8C3726F6741E6AFF5065.e.5130/click - {}
RESULT: {}
COMMAND: POST /session/19c5ed65dbd52b03c8c783813379e291/element - {"using":"xpath","value":"//span[contains(text(), \"Euro\")]"}
COMMAND: GET /session/19c5ed65dbd52b03c8c783813379e291/screenshot - {}
RESULT: {"using":"xpath","value":"//span[contains(text(), \"Euro\")]"}
COMMAND: POST /session/19c5ed65dbd52b03c8c783813379e291/element/f.1FACEF5F4F0044855A63ECD1C0A7B6EF.d.3204973F329E8C3726F6741E6AFF5065.e.5131/click - {}
RESULT: {}
RESULT: {}
COMMAND: POST /session/19c5ed65dbd52b03c8c783813379e291/execute/async - {"script":"<script> [1562 bytes]","args":[{"selector":{"controlType":"sap.m.Input","viewName":"etm.portal.ui.manageyards.view.New","viewId":"application-manageyards-display-component---NewYard","bindingPath":{"path":"","propertyPath":"/CONTROLLING_AREA","modelName":"NewYardModel"},"interaction":{"idSuffix":"inner"}},"wdio_ui5_key":"etmportal.ui.manageyards.view.Newsap.m.Input{\"path\":\"\",\"propertyPath\":\"/CONTROLLING_AREA\",\"modelName\":\"NewYardModel\"}"}]}
COMMAND: GET /session/19c5ed65dbd52b03c8c783813379e291/screenshot - {}
RESULT: {"script":"<script> [1562 bytes]","args":[{"selector":{"controlType":"sap.m.Input","viewName":"etm.portal.ui.manageyards.view.New","viewId":"application-manageyards-display-component---NewYard","bindingPath":{"path":"","propertyPath":"/CONTROLLING_AREA","modelName":"NewYardModel"},"interaction":{"idSuffix":"inner"}},"wdio_ui5_key":"etmportal.ui.manageyards.view.Newsap.m.Input{\"path\":\"\",\"propertyPath\":\"/CONTROLLING_AREA\",\"modelName\":\"NewYardModel\"}"}]}
RESULT: undefined
COMMAND: POST /session/19c5ed65dbd52b03c8c783813379e291/execute/async - {"script":"<script> [776 bytes]","args":[{"enterText":"Z001","selector":{"controlType":"sap.m.Input","viewName":"etm.portal.ui.manageyards.view.New","viewId":"application-manageyards-display-component---NewYard","bindingPath":{"path":"","propertyPath":"/CONTROLLING_AREA","modelName":"NewYardModel"},"interaction":{"idSuffix":"inner"}},"clearTextFirst":true,"interactionType":"ENTER_TEXT"}]}
RESULT: {}
RESULT: {"script":"<script> [776 bytes]","args":[{"enterText":"Z001","selector":{"controlType":"sap.m.Input","viewName":"etm.portal.ui.manageyards.view.New","viewId":"application-manageyards-display-component---NewYard","bindingPath":{"path":"","propertyPath":"/CONTROLLING_AREA","modelName":"NewYardModel"},"interaction":{"idSuffix":"inner"}},"clearTextFirst":true,"interactionType":"ENTER_TEXT"}]}
COMMAND: POST /session/19c5ed65dbd52b03c8c783813379e291/execute/async - {"script":"<script> [1562 bytes]","args":[{"selector":{"id":"application-manageyards-display-component---NewYard--companyCodeComboBox","interaction":{"idSuffix":"inner"}},"wdio_ui5_key":"applicationmanageyards-display-component---NewYard--companyCodeComboBox"}]}
RESULT: {"script":"<script> [1562 bytes]","args":[{"selector":{"id":"application-manageyards-display-component---NewYard--companyCodeComboBox","interaction":{"idSuffix":"inner"}},"wdio_ui5_key":"applicationmanageyards-display-component---NewYard--companyCodeComboBox"}]}
RESULT: undefined
COMMAND: POST /session/19c5ed65dbd52b03c8c783813379e291/execute/async - {"script":"<script> [776 bytes]","args":[{"enterText":"1000","selector":{"id":"application-manageyards-display-component---NewYard--companyCodeComboBox","interaction":{"idSuffix":"inner"}},"clearTextFirst":true,"interactionType":"ENTER_TEXT"}]}
RESULT: {"script":"<script> [776 bytes]","args":[{"enterText":"1000","selector":{"id":"application-manageyards-display-component---NewYard--companyCodeComboBox","interaction":{"idSuffix":"inner"}},"clearTextFirst":true,"interactionType":"ENTER_TEXT"}]}
COMMAND: POST /session/19c5ed65dbd52b03c8c783813379e291/execute/async - {"script":"<script> [1562 bytes]","args":[{"selector":{"controlType":"sap.m.Input","viewName":"etm.portal.ui.manageyards.view.New","viewId":"application-manageyards-display-component---NewYard","bindingPath":{"path":"","propertyPath":"/PLANT","modelName":"NewYardModel"},"interaction":{"idSuffix":"inner"}},"wdio_ui5_key":"etmportal.ui.manageyards.view.Newsap.m.Input{\"path\":\"\",\"propertyPath\":\"/PLANT\",\"modelName\":\"NewYardModel\"}"}]}
RESULT: {"script":"<script> [1562 bytes]","args":[{"selector":{"controlType":"sap.m.Input","viewName":"etm.portal.ui.manageyards.view.New","viewId":"application-manageyards-display-component---NewYard","bindingPath":{"path":"","propertyPath":"/PLANT","modelName":"NewYardModel"},"interaction":{"idSuffix":"inner"}},"wdio_ui5_key":"etmportal.ui.manageyards.view.Newsap.m.Input{\"path\":\"\",\"propertyPath\":\"/PLANT\",\"modelName\":\"NewYardModel\"}"}]}
RESULT: undefined
COMMAND: POST /session/19c5ed65dbd52b03c8c783813379e291/execute/async - {"script":"<script> [776 bytes]","args":[{"enterText":"1001","selector":{"controlType":"sap.m.Input","viewName":"etm.portal.ui.manageyards.view.New","viewId":"application-manageyards-display-component---NewYard","bindingPath":{"path":"","propertyPath":"/PLANT","modelName":"NewYardModel"},"interaction":{"idSuffix":"inner"}},"clearTextFirst":true,"interactionType":"ENTER_TEXT"}]}
RESULT: {"script":"<script> [776 bytes]","args":[{"enterText":"1001","selector":{"controlType":"sap.m.Input","viewName":"etm.portal.ui.manageyards.view.New","viewId":"application-manageyards-display-component---NewYard","bindingPath":{"path":"","propertyPath":"/PLANT","modelName":"NewYardModel"},"interaction":{"idSuffix":"inner"}},"clearTextFirst":true,"interactionType":"ENTER_TEXT"}]}
COMMAND: POST /session/19c5ed65dbd52b03c8c783813379e291/execute/async - {"script":"<script> [1562 bytes]","args":[{"selector":{"controlType":"sap.m.Input","viewName":"etm.portal.ui.manageyards.view.New","viewId":"application-manageyards-display-component---NewYard","bindingPath":{"path":"","propertyPath":"/SALES_AREA_VKORG","modelName":"NewYardModel"},"interaction":{"idSuffix":"inner"}},"wdio_ui5_key":"etmportal.ui.manageyards.view.Newsap.m.Input{\"path\":\"\",\"propertyPath\":\"/SALES_AREA_VKORG\",\"modelName\":\"NewYardModel\"}"}]}
RESULT: {"script":"<script> [1562 bytes]","args":[{"selector":{"controlType":"sap.m.Input","viewName":"etm.portal.ui.manageyards.view.New","viewId":"application-manageyards-display-component---NewYard","bindingPath":{"path":"","propertyPath":"/SALES_AREA_VKORG","modelName":"NewYardModel"},"interaction":{"idSuffix":"inner"}},"wdio_ui5_key":"etmportal.ui.manageyards.view.Newsap.m.Input{\"path\":\"\",\"propertyPath\":\"/SALES_AREA_VKORG\",\"modelName\":\"NewYardModel\"}"}]}
RESULT: undefined
COMMAND: POST /session/19c5ed65dbd52b03c8c783813379e291/execute/async - {"script":"<script> [776 bytes]","args":[{"enterText":"C002","selector":{"controlType":"sap.m.Input","viewName":"etm.portal.ui.manageyards.view.New","viewId":"application-manageyards-display-component---NewYard","bindingPath":{"path":"","propertyPath":"/SALES_AREA_VKORG","modelName":"NewYardModel"},"interaction":{"idSuffix":"inner"}},"clearTextFirst":true,"interactionType":"ENTER_TEXT"}]}
RESULT: {"script":"<script> [776 bytes]","args":[{"enterText":"C002","selector":{"controlType":"sap.m.Input","viewName":"etm.portal.ui.manageyards.view.New","viewId":"application-manageyards-display-component---NewYard","bindingPath":{"path":"","propertyPath":"/SALES_AREA_VKORG","modelName":"NewYardModel"},"interaction":{"idSuffix":"inner"}},"clearTextFirst":true,"interactionType":"ENTER_TEXT"}]}
COMMAND: POST /session/19c5ed65dbd52b03c8c783813379e291/execute/async - {"script":"<script> [1562 bytes]","args":[{"selector":{"controlType":"sap.m.Input","viewName":"etm.portal.ui.manageyards.view.New","viewId":"application-manageyards-display-component---NewYard","bindingPath":{"path":"","propertyPath":"/SALES_AREA_VTWEG","modelName":"NewYardModel"},"interaction":{"idSuffix":"inner"}},"wdio_ui5_key":"etmportal.ui.manageyards.view.Newsap.m.Input{\"path\":\"\",\"propertyPath\":\"/SALES_AREA_VTWEG\",\"modelName\":\"NewYardModel\"}"}]}
RESULT: {"script":"<script> [1562 bytes]","args":[{"selector":{"controlType":"sap.m.Input","viewName":"etm.portal.ui.manageyards.view.New","viewId":"application-manageyards-display-component---NewYard","bindingPath":{"path":"","propertyPath":"/SALES_AREA_VTWEG","modelName":"NewYardModel"},"interaction":{"idSuffix":"inner"}},"wdio_ui5_key":"etmportal.ui.manageyards.view.Newsap.m.Input{\"path\":\"\",\"propertyPath\":\"/SALES_AREA_VTWEG\",\"modelName\":\"NewYardModel\"}"}]}
RESULT: undefined
COMMAND: POST /session/19c5ed65dbd52b03c8c783813379e291/execute/async - {"script":"<script> [776 bytes]","args":[{"enterText":"C2","selector":{"controlType":"sap.m.Input","viewName":"etm.portal.ui.manageyards.view.New","viewId":"application-manageyards-display-component---NewYard","bindingPath":{"path":"","propertyPath":"/SALES_AREA_VTWEG","modelName":"NewYardModel"},"interaction":{"idSuffix":"inner"}},"clearTextFirst":true,"interactionType":"ENTER_TEXT"}]}
RESULT: {"script":"<script> [776 bytes]","args":[{"enterText":"C2","selector":{"controlType":"sap.m.Input","viewName":"etm.portal.ui.manageyards.view.New","viewId":"application-manageyards-display-component---NewYard","bindingPath":{"path":"","propertyPath":"/SALES_AREA_VTWEG","modelName":"NewYardModel"},"interaction":{"idSuffix":"inner"}},"clearTextFirst":true,"interactionType":"ENTER_TEXT"}]}
COMMAND: POST /session/19c5ed65dbd52b03c8c783813379e291/execute/async - {"script":"<script> [1562 bytes]","args":[{"selector":{"controlType":"sap.m.Input","viewName":"etm.portal.ui.manageyards.view.New","viewId":"application-manageyards-display-component---NewYard","bindingPath":{"path":"","propertyPath":"/SALES_AREA_SPART","modelName":"NewYardModel"},"interaction":{"idSuffix":"inner"}},"wdio_ui5_key":"etmportal.ui.manageyards.view.Newsap.m.Input{\"path\":\"\",\"propertyPath\":\"/SALES_AREA_SPART\",\"modelName\":\"NewYardModel\"}"}]}
RESULT: {"script":"<script> [1562 bytes]","args":[{"selector":{"controlType":"sap.m.Input","viewName":"etm.portal.ui.manageyards.view.New","viewId":"application-manageyards-display-component---NewYard","bindingPath":{"path":"","propertyPath":"/SALES_AREA_SPART","modelName":"NewYardModel"},"interaction":{"idSuffix":"inner"}},"wdio_ui5_key":"etmportal.ui.manageyards.view.Newsap.m.Input{\"path\":\"\",\"propertyPath\":\"/SALES_AREA_SPART\",\"modelName\":\"NewYardModel\"}"}]}
RESULT: undefined
COMMAND: POST /session/19c5ed65dbd52b03c8c783813379e291/execute/async - {"script":"<script> [776 bytes]","args":[{"enterText":"C2","selector":{"controlType":"sap.m.Input","viewName":"etm.portal.ui.manageyards.view.New","viewId":"application-manageyards-display-component---NewYard","bindingPath":{"path":"","propertyPath":"/SALES_AREA_SPART","modelName":"NewYardModel"},"interaction":{"idSuffix":"inner"}},"clearTextFirst":true,"interactionType":"ENTER_TEXT"}]}
RESULT: {"script":"<script> [776 bytes]","args":[{"enterText":"C2","selector":{"controlType":"sap.m.Input","viewName":"etm.portal.ui.manageyards.view.New","viewId":"application-manageyards-display-component---NewYard","bindingPath":{"path":"","propertyPath":"/SALES_AREA_SPART","modelName":"NewYardModel"},"interaction":{"idSuffix":"inner"}},"clearTextFirst":true,"interactionType":"ENTER_TEXT"}]}
COMMAND: POST /session/19c5ed65dbd52b03c8c783813379e291/execute/async - {"script":"<script> [1562 bytes]","args":[{"selector":{"controlType":"sap.m.Input","viewName":"etm.portal.ui.manageyards.view.New","viewId":"application-manageyards-display-component---NewYard","bindingPath":{"path":"","propertyPath":"/SHIP_POINT","modelName":"NewYardModel"},"interaction":{"idSuffix":"inner"}},"wdio_ui5_key":"etmportal.ui.manageyards.view.Newsap.m.Input{\"path\":\"\",\"propertyPath\":\"/SHIP_POINT\",\"modelName\":\"NewYardModel\"}"}]}
RESULT: {"script":"<script> [1562 bytes]","args":[{"selector":{"controlType":"sap.m.Input","viewName":"etm.portal.ui.manageyards.view.New","viewId":"application-manageyards-display-component---NewYard","bindingPath":{"path":"","propertyPath":"/SHIP_POINT","modelName":"NewYardModel"},"interaction":{"idSuffix":"inner"}},"wdio_ui5_key":"etmportal.ui.manageyards.view.Newsap.m.Input{\"path\":\"\",\"propertyPath\":\"/SHIP_POINT\",\"modelName\":\"NewYardModel\"}"}]}
RESULT: undefined
COMMAND: POST /session/19c5ed65dbd52b03c8c783813379e291/execute/async - {"script":"<script> [776 bytes]","args":[{"enterText":"1710","selector":{"controlType":"sap.m.Input","viewName":"etm.portal.ui.manageyards.view.New","viewId":"application-manageyards-display-component---NewYard","bindingPath":{"path":"","propertyPath":"/SHIP_POINT","modelName":"NewYardModel"},"interaction":{"idSuffix":"inner"}},"clearTextFirst":true,"interactionType":"ENTER_TEXT"}]}
RESULT: {"script":"<script> [776 bytes]","args":[{"enterText":"1710","selector":{"controlType":"sap.m.Input","viewName":"etm.portal.ui.manageyards.view.New","viewId":"application-manageyards-display-component---NewYard","bindingPath":{"path":"","propertyPath":"/SHIP_POINT","modelName":"NewYardModel"},"interaction":{"idSuffix":"inner"}},"clearTextFirst":true,"interactionType":"ENTER_TEXT"}]}
COMMAND: POST /session/19c5ed65dbd52b03c8c783813379e291/execute/async - {"script":"<script> [1562 bytes]","args":[{"selector":{"controlType":"sap.m.Input","viewName":"etm.portal.ui.manageyards.view.New","viewId":"application-manageyards-display-component---NewYard","bindingPath":{"path":"","propertyPath":"/DELIVERY_TYPE","modelName":"NewYardModel"},"interaction":{"idSuffix":"inner"}},"wdio_ui5_key":"etmportal.ui.manageyards.view.Newsap.m.Input{\"path\":\"\",\"propertyPath\":\"/DELIVERY_TYPE\",\"modelName\":\"NewYardModel\"}"}]}
RESULT: {"script":"<script> [1562 bytes]","args":[{"selector":{"controlType":"sap.m.Input","viewName":"etm.portal.ui.manageyards.view.New","viewId":"application-manageyards-display-component---NewYard","bindingPath":{"path":"","propertyPath":"/DELIVERY_TYPE","modelName":"NewYardModel"},"interaction":{"idSuffix":"inner"}},"wdio_ui5_key":"etmportal.ui.manageyards.view.Newsap.m.Input{\"path\":\"\",\"propertyPath\":\"/DELIVERY_TYPE\",\"modelName\":\"NewYardModel\"}"}]}
RESULT: undefined
COMMAND: POST /session/19c5ed65dbd52b03c8c783813379e291/execute/async - {"script":"<script> [776 bytes]","args":[{"enterText":"ZL01","selector":{"controlType":"sap.m.Input","viewName":"etm.portal.ui.manageyards.view.New","viewId":"application-manageyards-display-component---NewYard","bindingPath":{"path":"","propertyPath":"/DELIVERY_TYPE","modelName":"NewYardModel"},"interaction":{"idSuffix":"inner"}},"clearTextFirst":true,"interactionType":"ENTER_TEXT"}]}
RESULT: {"script":"<script> [776 bytes]","args":[{"enterText":"ZL01","selector":{"controlType":"sap.m.Input","viewName":"etm.portal.ui.manageyards.view.New","viewId":"application-manageyards-display-component---NewYard","bindingPath":{"path":"","propertyPath":"/DELIVERY_TYPE","modelName":"NewYardModel"},"interaction":{"idSuffix":"inner"}},"clearTextFirst":true,"interactionType":"ENTER_TEXT"}]}
COMMAND: POST /session/19c5ed65dbd52b03c8c783813379e291/execute/async - {"script":"<script> [1562 bytes]","args":[{"selector":{"controlType":"sap.m.Input","viewName":"etm.portal.ui.manageyards.view.New","viewId":"application-manageyards-display-component---NewYard","bindingPath":{"path":"","propertyPath":"/AUART","modelName":"NewYardModel"},"interaction":{"idSuffix":"inner"}},"wdio_ui5_key":"etmportal.ui.manageyards.view.Newsap.m.Input{\"path\":\"\",\"propertyPath\":\"/AUART\",\"modelName\":\"NewYardModel\"}"}]}
RESULT: {"script":"<script> [1562 bytes]","args":[{"selector":{"controlType":"sap.m.Input","viewName":"etm.portal.ui.manageyards.view.New","viewId":"application-manageyards-display-component---NewYard","bindingPath":{"path":"","propertyPath":"/AUART","modelName":"NewYardModel"},"interaction":{"idSuffix":"inner"}},"wdio_ui5_key":"etmportal.ui.manageyards.view.Newsap.m.Input{\"path\":\"\",\"propertyPath\":\"/AUART\",\"modelName\":\"NewYardModel\"}"}]}
RESULT: undefined
COMMAND: POST /session/19c5ed65dbd52b03c8c783813379e291/execute/async - {"script":"<script> [776 bytes]","args":[{"enterText":"TA","selector":{"controlType":"sap.m.Input","viewName":"etm.portal.ui.manageyards.view.New","viewId":"application-manageyards-display-component---NewYard","bindingPath":{"path":"","propertyPath":"/AUART","modelName":"NewYardModel"},"interaction":{"idSuffix":"inner"}},"clearTextFirst":true,"interactionType":"ENTER_TEXT"}]}
RESULT: {"script":"<script> [776 bytes]","args":[{"enterText":"TA","selector":{"controlType":"sap.m.Input","viewName":"etm.portal.ui.manageyards.view.New","viewId":"application-manageyards-display-component---NewYard","bindingPath":{"path":"","propertyPath":"/AUART","modelName":"NewYardModel"},"interaction":{"idSuffix":"inner"}},"clearTextFirst":true,"interactionType":"ENTER_TEXT"}]}
COMMAND: POST /session/19c5ed65dbd52b03c8c783813379e291/element - {"using":"xpath","value":"//button[@data-kt=\"newYardSaveButton\"]"}
RESULT: {"using":"xpath","value":"//button[@data-kt=\"newYardSaveButton\"]"}
COMMAND: POST /session/19c5ed65dbd52b03c8c783813379e291/element/f.1FACEF5F4F0044855A63ECD1C0A7B6EF.d.3204973F329E8C3726F6741E6AFF5065.e.5055/click - {}
RESULT: {}
COMMAND: GET /session/19c5ed65dbd52b03c8c783813379e291/screenshot - {}
RESULT: {}
COMMAND: POST /session/19c5ed65dbd52b03c8c783813379e291/element - {"using":"xpath","value":"//header[contains(@id, 'ObjectPageLayout-headerTitle')]/div[1]/div[2]/div[1]/span[1]"}
RESULT: {"using":"xpath","value":"//header[contains(@id, 'ObjectPageLayout-headerTitle')]/div[1]/div[2]/div[1]/span[1]"}
COMMAND: POST /session/19c5ed65dbd52b03c8c783813379e291/elements - {"using":"xpath","value":"//header[contains(@id, 'ObjectPageLayout-headerTitle')]/div[1]/div[2]/div[1]/span[1]"}
RESULT: {"using":"xpath","value":"//header[contains(@id, 'ObjectPageLayout-headerTitle')]/div[1]/div[2]/div[1]/span[1]"}
COMMAND: POST /session/19c5ed65dbd52b03c8c783813379e291/execute/sync - {"script":"<script> [56 bytes]","args":[{"element-6066-11e4-a52e-4f735466cecf":"f.1FACEF5F4F0044855A63ECD1C0A7B6EF.d.3204973F329E8C3726F6741E6AFF5065.e.5350","ELEMENT":"f.1FACEF5F4F0044855A63ECD1C0A7B6EF.d.3204973F329E8C3726F6741E6AFF5065.e.5350"}]}
RESULT: {"script":"<script> [56 bytes]","args":[{"element-6066-11e4-a52e-4f735466cecf":"f.1FACEF5F4F0044855A63ECD1C0A7B6EF.d.3204973F329E8C3726F6741E6AFF5065.e.5350","ELEMENT":"f.1FACEF5F4F0044855A63ECD1C0A7B6EF.d.3204973F329E8C3726F6741E6AFF5065.e.5350"}]}
COMMAND: GET /session/19c5ed65dbd52b03c8c783813379e291/screenshot - {}
RESULT: {}
COMMAND: POST /session/19c5ed65dbd52b03c8c783813379e291/element - {"using":"css selector","value":"#shell-header-logo"}
RESULT: {"using":"css selector","value":"#shell-header-logo"}
COMMAND: POST /session/19c5ed65dbd52b03c8c783813379e291/element/f.1FACEF5F4F0044855A63ECD1C0A7B6EF.d.3204973F329E8C3726F6741E6AFF5065.e.4605/click - {}
RESULT: {}
COMMAND: GET /session/19c5ed65dbd52b03c8c783813379e291/screenshot - {}
RESULT: {}
COMMAND: POST /session/19c5ed65dbd52b03c8c783813379e291/execute/sync - {"script":"<script> [299 bytes]","args":[["getModel","getResource"]]}
RESULT: {"script":"<script> [299 bytes]","args":[["getModel","getResource"]]}
]]></system-out>
    </testcase>
    <testcase classname="chrome.136_0_7103_93.windows.Create_master_data_for_mixed_billing_&amp;_do_billing_calculation_US151661" name="Should create a new partner" time="135.103">
      <system-out><![CDATA[
COMMAND: GET /session/19c5ed65dbd52b03c8c783813379e291/screenshot - {}
COMMAND: POST /session/19c5ed65dbd52b03c8c783813379e291/window/fullscreen - {}
RESULT: {}
RESULT: {}
COMMAND: POST /session/19c5ed65dbd52b03c8c783813379e291/execute/async - {"script":"<script> [1562 bytes]","args":[{"selector":{"controlType":"sap.m.GenericTile","properties":{"header":"Manage Partners"}},"wdio_ui5_key":"sapm.GenericTile{\"header\":\"Manage Partners\"}"}]}
RESULT: {"script":"<script> [1562 bytes]","args":[{"selector":{"controlType":"sap.m.GenericTile","properties":{"header":"Manage Partners"}},"wdio_ui5_key":"sapm.GenericTile{\"header\":\"Manage Partners\"}"}]}
RESULT: undefined
COMMAND: POST /session/19c5ed65dbd52b03c8c783813379e291/element - {"using":"xpath","value":"//*[@id=\"__tile38\"]"}
RESULT: {"using":"xpath","value":"//*[@id=\"__tile38\"]"}
COMMAND: POST /session/19c5ed65dbd52b03c8c783813379e291/element/f.1FACEF5F4F0044855A63ECD1C0A7B6EF.d.3204973F329E8C3726F6741E6AFF5065.e.4495/click - {}
RESULT: {}
COMMAND: GET /session/19c5ed65dbd52b03c8c783813379e291/screenshot - {}
RESULT: {}
COMMAND: POST /session/19c5ed65dbd52b03c8c783813379e291/elements - {"using":"xpath","value":"//span[text()='Error']"}
RESULT: {"using":"xpath","value":"//span[text()='Error']"}
COMMAND: POST /session/19c5ed65dbd52b03c8c783813379e291/element - {"using":"xpath","value":"//button[@data-kt=\"addButton\"]"}
RESULT: {"using":"xpath","value":"//button[@data-kt=\"addButton\"]"}
COMMAND: POST /session/19c5ed65dbd52b03c8c783813379e291/elements - {"using":"xpath","value":"//button[@data-kt=\"addButton\"]"}
RESULT: {"using":"xpath","value":"//button[@data-kt=\"addButton\"]"}
COMMAND: POST /session/19c5ed65dbd52b03c8c783813379e291/execute/sync - {"script":"<script> [8489 bytes]","args":[{"element-6066-11e4-a52e-4f735466cecf":"f.1FACEF5F4F0044855A63ECD1C0A7B6EF.d.3204973F329E8C3726F6741E6AFF5065.e.5399","ELEMENT":"f.1FACEF5F4F0044855A63ECD1C0A7B6EF.d.3204973F329E8C3726F6741E6AFF5065.e.5399"}]}
RESULT: {"script":"<script> [8489 bytes]","args":[{"element-6066-11e4-a52e-4f735466cecf":"f.1FACEF5F4F0044855A63ECD1C0A7B6EF.d.3204973F329E8C3726F6741E6AFF5065.e.5399","ELEMENT":"f.1FACEF5F4F0044855A63ECD1C0A7B6EF.d.3204973F329E8C3726F6741E6AFF5065.e.5399"}]}
COMMAND: GET /session/19c5ed65dbd52b03c8c783813379e291/element/f.1FACEF5F4F0044855A63ECD1C0A7B6EF.d.3204973F329E8C3726F6741E6AFF5065.e.5399/enabled - {}
COMMAND: GET /session/19c5ed65dbd52b03c8c783813379e291/screenshot - {}
RESULT: {}
COMMAND: POST /session/19c5ed65dbd52b03c8c783813379e291/execute/sync - {"script":"<script> [8489 bytes]","args":[{"element-6066-11e4-a52e-4f735466cecf":"f.1FACEF5F4F0044855A63ECD1C0A7B6EF.d.3204973F329E8C3726F6741E6AFF5065.e.5399","ELEMENT":"f.1FACEF5F4F0044855A63ECD1C0A7B6EF.d.3204973F329E8C3726F6741E6AFF5065.e.5399"}]}
COMMAND: GET /session/19c5ed65dbd52b03c8c783813379e291/screenshot - {}
RESULT: {}
RESULT: {"script":"<script> [8489 bytes]","args":[{"element-6066-11e4-a52e-4f735466cecf":"f.1FACEF5F4F0044855A63ECD1C0A7B6EF.d.3204973F329E8C3726F6741E6AFF5065.e.5399","ELEMENT":"f.1FACEF5F4F0044855A63ECD1C0A7B6EF.d.3204973F329E8C3726F6741E6AFF5065.e.5399"}]}
COMMAND: POST /session/19c5ed65dbd52b03c8c783813379e291/execute/sync - {"script":"<script> [5351 bytes]","args":[{"element-6066-11e4-a52e-4f735466cecf":"f.1FACEF5F4F0044855A63ECD1C0A7B6EF.d.3204973F329E8C3726F6741E6AFF5065.e.5399","ELEMENT":"f.1FACEF5F4F0044855A63ECD1C0A7B6EF.d.3204973F329E8C3726F6741E6AFF5065.e.5399"}]}
COMMAND: GET /session/19c5ed65dbd52b03c8c783813379e291/screenshot - {}
RESULT: {}
RESULT: {"script":"<script> [5351 bytes]","args":[{"element-6066-11e4-a52e-4f735466cecf":"f.1FACEF5F4F0044855A63ECD1C0A7B6EF.d.3204973F329E8C3726F6741E6AFF5065.e.5399","ELEMENT":"f.1FACEF5F4F0044855A63ECD1C0A7B6EF.d.3204973F329E8C3726F6741E6AFF5065.e.5399"}]}
COMMAND: POST /session/19c5ed65dbd52b03c8c783813379e291/element/f.1FACEF5F4F0044855A63ECD1C0A7B6EF.d.3204973F329E8C3726F6741E6AFF5065.e.5399/click - {}
COMMAND: GET /session/19c5ed65dbd52b03c8c783813379e291/screenshot - {}
RESULT: {}
RESULT: {}
COMMAND: GET /session/19c5ed65dbd52b03c8c783813379e291/screenshot - {}
COMMAND: POST /session/19c5ed65dbd52b03c8c783813379e291/execute/async - {"script":"<script> [1562 bytes]","args":[{"selector":{"id":"application-managepartners-display-component---NewPartner--addressDetailDetailsName1","interaction":{"idSuffix":"inner"}},"wdio_ui5_key":"applicationmanagepartners-display-component---NewPartner--addressDetailDetailsName1"}]}
RESULT: {}
RESULT: {}
RESULT: {"script":"<script> [1562 bytes]","args":[{"selector":{"id":"application-managepartners-display-component---NewPartner--addressDetailDetailsName1","interaction":{"idSuffix":"inner"}},"wdio_ui5_key":"applicationmanagepartners-display-component---NewPartner--addressDetailDetailsName1"}]}
RESULT: undefined
COMMAND: POST /session/19c5ed65dbd52b03c8c783813379e291/execute/async - {"script":"<script> [776 bytes]","args":[{"enterText":"Intercompany Partner WDIO","selector":{"id":"application-managepartners-display-component---NewPartner--addressDetailDetailsName1","interaction":{"idSuffix":"inner"}},"clearTextFirst":true,"interactionType":"ENTER_TEXT"}]}
RESULT: {"script":"<script> [776 bytes]","args":[{"enterText":"Intercompany Partner WDIO","selector":{"id":"application-managepartners-display-component---NewPartner--addressDetailDetailsName1","interaction":{"idSuffix":"inner"}},"clearTextFirst":true,"interactionType":"ENTER_TEXT"}]}
COMMAND: POST /session/19c5ed65dbd52b03c8c783813379e291/execute/async - {"script":"<script> [1562 bytes]","args":[{"selector":{"id":"application-managepartners-display-component---NewPartner--addressDetailDetailsLanguage-arrow"},"wdio_ui5_key":"applicationmanagepartners-display-component---NewPartner--addressDetailDetailsLanguage-arrow"}]}
RESULT: {"script":"<script> [1562 bytes]","args":[{"selector":{"id":"application-managepartners-display-component---NewPartner--addressDetailDetailsLanguage-arrow"},"wdio_ui5_key":"applicationmanagepartners-display-component---NewPartner--addressDetailDetailsLanguage-arrow"}]}
RESULT: undefined
COMMAND: POST /session/19c5ed65dbd52b03c8c783813379e291/element - {"using":"xpath","value":"//*[@id=\"application-managepartners-display-component---NewPartner--addressDetailDetailsLanguage-arrow\"]"}
RESULT: {"using":"xpath","value":"//*[@id=\"application-managepartners-display-component---NewPartner--addressDetailDetailsLanguage-arrow\"]"}
COMMAND: POST /session/19c5ed65dbd52b03c8c783813379e291/element/f.1FACEF5F4F0044855A63ECD1C0A7B6EF.d.3204973F329E8C3726F6741E6AFF5065.e.5844/click - {}
RESULT: {}
COMMAND: POST /session/19c5ed65dbd52b03c8c783813379e291/element - {"using":"xpath","value":"//span[contains(text(), \"English\")]"}
COMMAND: GET /session/19c5ed65dbd52b03c8c783813379e291/screenshot - {}
RESULT: {"using":"xpath","value":"//span[contains(text(), \"English\")]"}
COMMAND: POST /session/19c5ed65dbd52b03c8c783813379e291/element/f.1FACEF5F4F0044855A63ECD1C0A7B6EF.d.3204973F329E8C3726F6741E6AFF5065.e.5845/click - {}
RESULT: {}
RESULT: {}
COMMAND: GET /session/19c5ed65dbd52b03c8c783813379e291/screenshot - {}
RESULT: {}
COMMAND: POST /session/19c5ed65dbd52b03c8c783813379e291/execute/async - {"script":"<script> [1562 bytes]","args":[{"selector":{"id":"application-managepartners-display-component---NewPartner--addressDetailDetailsCity1","interaction":{"idSuffix":"inner"}},"wdio_ui5_key":"applicationmanagepartners-display-component---NewPartner--addressDetailDetailsCity1"}]}
RESULT: {"script":"<script> [1562 bytes]","args":[{"selector":{"id":"application-managepartners-display-component---NewPartner--addressDetailDetailsCity1","interaction":{"idSuffix":"inner"}},"wdio_ui5_key":"applicationmanagepartners-display-component---NewPartner--addressDetailDetailsCity1"}]}
RESULT: undefined
COMMAND: POST /session/19c5ed65dbd52b03c8c783813379e291/execute/async - {"script":"<script> [776 bytes]","args":[{"enterText":"Rosario","selector":{"id":"application-managepartners-display-component---NewPartner--addressDetailDetailsCity1","interaction":{"idSuffix":"inner"}},"clearTextFirst":true,"interactionType":"ENTER_TEXT"}]}
RESULT: {"script":"<script> [776 bytes]","args":[{"enterText":"Rosario","selector":{"id":"application-managepartners-display-component---NewPartner--addressDetailDetailsCity1","interaction":{"idSuffix":"inner"}},"clearTextFirst":true,"interactionType":"ENTER_TEXT"}]}
COMMAND: POST /session/19c5ed65dbd52b03c8c783813379e291/execute/async - {"script":"<script> [1562 bytes]","args":[{"selector":{"id":"application-managepartners-display-component---NewPartner--addressDetailDetailsCountry-arrow"},"wdio_ui5_key":"applicationmanagepartners-display-component---NewPartner--addressDetailDetailsCountry-arrow"}]}
RESULT: {"script":"<script> [1562 bytes]","args":[{"selector":{"id":"application-managepartners-display-component---NewPartner--addressDetailDetailsCountry-arrow"},"wdio_ui5_key":"applicationmanagepartners-display-component---NewPartner--addressDetailDetailsCountry-arrow"}]}
RESULT: undefined
COMMAND: POST /session/19c5ed65dbd52b03c8c783813379e291/element - {"using":"xpath","value":"//*[@id=\"application-managepartners-display-component---NewPartner--addressDetailDetailsCountry-arrow\"]"}
RESULT: {"using":"xpath","value":"//*[@id=\"application-managepartners-display-component---NewPartner--addressDetailDetailsCountry-arrow\"]"}
COMMAND: POST /session/19c5ed65dbd52b03c8c783813379e291/element/f.1FACEF5F4F0044855A63ECD1C0A7B6EF.d.3204973F329E8C3726F6741E6AFF5065.e.5807/click - {}
RESULT: {}
COMMAND: POST /session/19c5ed65dbd52b03c8c783813379e291/element - {"using":"xpath","value":"//span[contains(text(), \"Argentina\")]"}
COMMAND: GET /session/19c5ed65dbd52b03c8c783813379e291/screenshot - {}
RESULT: {"using":"xpath","value":"//span[contains(text(), \"Argentina\")]"}
COMMAND: POST /session/19c5ed65dbd52b03c8c783813379e291/element/f.1FACEF5F4F0044855A63ECD1C0A7B6EF.d.3204973F329E8C3726F6741E6AFF5065.e.5847/click - {}
RESULT: {}
RESULT: {}
COMMAND: GET /session/19c5ed65dbd52b03c8c783813379e291/screenshot - {}
RESULT: {}
COMMAND: POST /session/19c5ed65dbd52b03c8c783813379e291/element - {"using":"xpath","value":"//bdi[contains(text(), \"Commercial\")]"}
RESULT: {"using":"xpath","value":"//bdi[contains(text(), \"Commercial\")]"}
COMMAND: POST /session/19c5ed65dbd52b03c8c783813379e291/element/f.1FACEF5F4F0044855A63ECD1C0A7B6EF.d.3204973F329E8C3726F6741E6AFF5065.e.5848/click - {}
RESULT: {}
COMMAND: GET /session/19c5ed65dbd52b03c8c783813379e291/screenshot - {}
RESULT: {}
COMMAND: POST /session/19c5ed65dbd52b03c8c783813379e291/execute/async - {"script":"<script> [1562 bytes]","args":[{"selector":{"id":"application-managepartners-display-component---NewPartner--partnerDetailInternal-arrow"},"wdio_ui5_key":"applicationmanagepartners-display-component---NewPartner--partnerDetailInternal-arrow"}]}
RESULT: {"script":"<script> [1562 bytes]","args":[{"selector":{"id":"application-managepartners-display-component---NewPartner--partnerDetailInternal-arrow"},"wdio_ui5_key":"applicationmanagepartners-display-component---NewPartner--partnerDetailInternal-arrow"}]}
RESULT: undefined
COMMAND: POST /session/19c5ed65dbd52b03c8c783813379e291/element - {"using":"xpath","value":"//*[@id=\"application-managepartners-display-component---NewPartner--partnerDetailInternal-arrow\"]"}
RESULT: {"using":"xpath","value":"//*[@id=\"application-managepartners-display-component---NewPartner--partnerDetailInternal-arrow\"]"}
COMMAND: POST /session/19c5ed65dbd52b03c8c783813379e291/element/f.1FACEF5F4F0044855A63ECD1C0A7B6EF.d.3204973F329E8C3726F6741E6AFF5065.e.5854/click - {}
RESULT: {}
COMMAND: POST /session/19c5ed65dbd52b03c8c783813379e291/element - {"using":"xpath","value":"//span[contains(text(), \"Affiliated company\")]"}
COMMAND: GET /session/19c5ed65dbd52b03c8c783813379e291/screenshot - {}
RESULT: {"using":"xpath","value":"//span[contains(text(), \"Affiliated company\")]"}
COMMAND: POST /session/19c5ed65dbd52b03c8c783813379e291/element/f.1FACEF5F4F0044855A63ECD1C0A7B6EF.d.3204973F329E8C3726F6741E6AFF5065.e.5857/click - {}
RESULT: {}
RESULT: {}
COMMAND: POST /session/19c5ed65dbd52b03c8c783813379e291/execute/async - {"script":"<script> [1562 bytes]","args":[{"selector":{"id":"application-managepartners-display-component---NewPartner--partnerDetailsCurrency-arrow"},"wdio_ui5_key":"applicationmanagepartners-display-component---NewPartner--partnerDetailsCurrency-arrow"}]}
COMMAND: GET /session/19c5ed65dbd52b03c8c783813379e291/screenshot - {}
RESULT: {"script":"<script> [1562 bytes]","args":[{"selector":{"id":"application-managepartners-display-component---NewPartner--partnerDetailsCurrency-arrow"},"wdio_ui5_key":"applicationmanagepartners-display-component---NewPartner--partnerDetailsCurrency-arrow"}]}
RESULT: undefined
COMMAND: POST /session/19c5ed65dbd52b03c8c783813379e291/element - {"using":"xpath","value":"//*[@id=\"application-managepartners-display-component---NewPartner--partnerDetailsCurrency-arrow\"]"}
RESULT: {}
RESULT: {"using":"xpath","value":"//*[@id=\"application-managepartners-display-component---NewPartner--partnerDetailsCurrency-arrow\"]"}
COMMAND: POST /session/19c5ed65dbd52b03c8c783813379e291/element/f.1FACEF5F4F0044855A63ECD1C0A7B6EF.d.3204973F329E8C3726F6741E6AFF5065.e.5864/click - {}
RESULT: {}
COMMAND: POST /session/19c5ed65dbd52b03c8c783813379e291/element - {"using":"xpath","value":"//span[contains(text(), \"Euro\")]"}
COMMAND: GET /session/19c5ed65dbd52b03c8c783813379e291/screenshot - {}
RESULT: {"using":"xpath","value":"//span[contains(text(), \"Euro\")]"}
COMMAND: POST /session/19c5ed65dbd52b03c8c783813379e291/element/f.1FACEF5F4F0044855A63ECD1C0A7B6EF.d.3204973F329E8C3726F6741E6AFF5065.e.5865/click - {}
RESULT: {}
RESULT: {}
COMMAND: POST /session/19c5ed65dbd52b03c8c783813379e291/execute/async - {"script":"<script> [1562 bytes]","args":[{"selector":{"id":"application-managepartners-display-component---NewPartner--addressEditDetailsCostObjectCstType-arrow"},"wdio_ui5_key":"applicationmanagepartners-display-component---NewPartner--addressEditDetailsCostObjectCstType-arrow"}]}
COMMAND: GET /session/19c5ed65dbd52b03c8c783813379e291/screenshot - {}
RESULT: {"script":"<script> [1562 bytes]","args":[{"selector":{"id":"application-managepartners-display-component---NewPartner--addressEditDetailsCostObjectCstType-arrow"},"wdio_ui5_key":"applicationmanagepartners-display-component---NewPartner--addressEditDetailsCostObjectCstType-arrow"}]}
RESULT: undefined
COMMAND: POST /session/19c5ed65dbd52b03c8c783813379e291/element - {"using":"xpath","value":"//*[@id=\"application-managepartners-display-component---NewPartner--addressEditDetailsCostObjectCstType-arrow\"]"}
RESULT: {}
RESULT: {"using":"xpath","value":"//*[@id=\"application-managepartners-display-component---NewPartner--addressEditDetailsCostObjectCstType-arrow\"]"}
COMMAND: POST /session/19c5ed65dbd52b03c8c783813379e291/element/f.1FACEF5F4F0044855A63ECD1C0A7B6EF.d.3204973F329E8C3726F6741E6AFF5065.e.5866/click - {}
RESULT: {}
COMMAND: POST /session/19c5ed65dbd52b03c8c783813379e291/element - {"using":"xpath","value":"//span[contains(text(), \"Cost Center\")]"}
COMMAND: GET /session/19c5ed65dbd52b03c8c783813379e291/screenshot - {}
RESULT: {"using":"xpath","value":"//span[contains(text(), \"Cost Center\")]"}
COMMAND: POST /session/19c5ed65dbd52b03c8c783813379e291/element/f.1FACEF5F4F0044855A63ECD1C0A7B6EF.d.3204973F329E8C3726F6741E6AFF5065.e.5867/click - {}
RESULT: {}
RESULT: {}
COMMAND: GET /session/19c5ed65dbd52b03c8c783813379e291/screenshot - {}
RESULT: {}
COMMAND: POST /session/19c5ed65dbd52b03c8c783813379e291/element - {"using":"xpath","value":"//span[@id=\"application-managepartners-display-component---NewPartner--addressNewCostObjectCstID-vhi\"]"}
RESULT: {"using":"xpath","value":"//span[@id=\"application-managepartners-display-component---NewPartner--addressNewCostObjectCstID-vhi\"]"}
COMMAND: POST /session/19c5ed65dbd52b03c8c783813379e291/execute/sync - {"script":"<script> [8489 bytes]","args":[{"element-6066-11e4-a52e-4f735466cecf":"f.1FACEF5F4F0044855A63ECD1C0A7B6EF.d.3204973F329E8C3726F6741E6AFF5065.e.5871","ELEMENT":"f.1FACEF5F4F0044855A63ECD1C0A7B6EF.d.3204973F329E8C3726F6741E6AFF5065.e.5871"}]}
RESULT: {"script":"<script> [8489 bytes]","args":[{"element-6066-11e4-a52e-4f735466cecf":"f.1FACEF5F4F0044855A63ECD1C0A7B6EF.d.3204973F329E8C3726F6741E6AFF5065.e.5871","ELEMENT":"f.1FACEF5F4F0044855A63ECD1C0A7B6EF.d.3204973F329E8C3726F6741E6AFF5065.e.5871"}]}
COMMAND: POST /session/19c5ed65dbd52b03c8c783813379e291/execute/async - {"script":"<script> [1562 bytes]","args":[{"selector":{"id":"application-managepartners-display-component---NewPartner--addressNewCostObjectCstID-vhi"},"wdio_ui5_key":"applicationmanagepartners-display-component---NewPartner--addressNewCostObjectCstID-vhi"}]}
COMMAND: GET /session/19c5ed65dbd52b03c8c783813379e291/screenshot - {}
RESULT: {"script":"<script> [1562 bytes]","args":[{"selector":{"id":"application-managepartners-display-component---NewPartner--addressNewCostObjectCstID-vhi"},"wdio_ui5_key":"applicationmanagepartners-display-component---NewPartner--addressNewCostObjectCstID-vhi"}]}
RESULT: undefined
COMMAND: POST /session/19c5ed65dbd52b03c8c783813379e291/element - {"using":"xpath","value":"//*[@id=\"application-managepartners-display-component---NewPartner--addressNewCostObjectCstID-vhi\"]"}
RESULT: {}
RESULT: {"using":"xpath","value":"//*[@id=\"application-managepartners-display-component---NewPartner--addressNewCostObjectCstID-vhi\"]"}
COMMAND: POST /session/19c5ed65dbd52b03c8c783813379e291/element/f.1FACEF5F4F0044855A63ECD1C0A7B6EF.d.3204973F329E8C3726F6741E6AFF5065.e.5871/click - {}
RESULT: {}
COMMAND: GET /session/19c5ed65dbd52b03c8c783813379e291/screenshot - {}
RESULT: {}
RESULT: undefined
COMMAND: POST /session/19c5ed65dbd52b03c8c783813379e291/execute/async - {"script":"<script> [776 bytes]","args":[{"enterText":"10001013","selector":{"controlType":"sap.m.SearchField","properties":{"placeholder":"Search"},"searchOpenDialogs":true,"interaction":{"idSuffix":"I"}},"clearTextFirst":true,"interactionType":"ENTER_TEXT"}]}
RESULT: {"script":"<script> [776 bytes]","args":[{"enterText":"10001013","selector":{"controlType":"sap.m.SearchField","properties":{"placeholder":"Search"},"searchOpenDialogs":true,"interaction":{"idSuffix":"I"}},"clearTextFirst":true,"interactionType":"ENTER_TEXT"}]}
COMMAND: POST /session/19c5ed65dbd52b03c8c783813379e291/actions - {"actions":[{"id":"action19","type":"key","parameters":{},"actions":[{"type":"keyDown","value":""},{"type":"pause","duration":10},{"type":"keyUp","value":""}]}]}
RESULT: {"actions":[{"id":"action19","type":"key","parameters":{},"actions":[{"type":"keyDown","value":""},{"type":"pause","duration":10},{"type":"keyUp","value":""}]}]}
COMMAND: GET /session/19c5ed65dbd52b03c8c783813379e291/screenshot - {}
RESULT: {}
COMMAND: POST /session/19c5ed65dbd52b03c8c783813379e291/element - {"using":"xpath","value":"//span[contains(text(), \"General Management\")]"}
RESULT: {"using":"xpath","value":"//span[contains(text(), \"General Management\")]"}
COMMAND: POST /session/19c5ed65dbd52b03c8c783813379e291/element/f.1FACEF5F4F0044855A63ECD1C0A7B6EF.d.3204973F329E8C3726F6741E6AFF5065.e.5910/click - {}
RESULT: {}
COMMAND: GET /session/19c5ed65dbd52b03c8c783813379e291/screenshot - {}
RESULT: {}
COMMAND: POST /session/19c5ed65dbd52b03c8c783813379e291/element - {"using":"xpath","value":"//bdi[contains(text(), \"OK\")]"}
RESULT: {"using":"xpath","value":"//bdi[contains(text(), \"OK\")]"}
COMMAND: POST /session/19c5ed65dbd52b03c8c783813379e291/element/f.1FACEF5F4F0044855A63ECD1C0A7B6EF.d.3204973F329E8C3726F6741E6AFF5065.e.5911/click - {}
RESULT: {}
COMMAND: GET /session/19c5ed65dbd52b03c8c783813379e291/screenshot - {}
RESULT: {}
COMMAND: POST /session/19c5ed65dbd52b03c8c783813379e291/element - {"using":"xpath","value":"//input[@id=\"application-managepartners-display-component---NewPartner--companyCodeComboBox-inner\"]"}
RESULT: {"using":"xpath","value":"//input[@id=\"application-managepartners-display-component---NewPartner--companyCodeComboBox-inner\"]"}
COMMAND: POST /session/19c5ed65dbd52b03c8c783813379e291/element/f.1FACEF5F4F0044855A63ECD1C0A7B6EF.d.3204973F329E8C3726F6741E6AFF5065.e.5705/clear - {}
RESULT: {}
COMMAND: POST /session/19c5ed65dbd52b03c8c783813379e291/element/f.1FACEF5F4F0044855A63ECD1C0A7B6EF.d.3204973F329E8C3726F6741E6AFF5065.e.5705/value - {"text":"C002"}
COMMAND: GET /session/19c5ed65dbd52b03c8c783813379e291/screenshot - {}
RESULT: {"text":"C002"}
COMMAND: GET /session/19c5ed65dbd52b03c8c783813379e291/screenshot - {}
RESULT: {}
RESULT: {}
COMMAND: POST /session/19c5ed65dbd52b03c8c783813379e291/element - {"using":"xpath","value":"//li[.//span[text()= \"C002\"]]"}
RESULT: {"using":"xpath","value":"//li[.//span[text()= \"C002\"]]"}
COMMAND: POST /session/19c5ed65dbd52b03c8c783813379e291/element/f.1FACEF5F4F0044855A63ECD1C0A7B6EF.d.3204973F329E8C3726F6741E6AFF5065.e.5917/click - {}
RESULT: {}
COMMAND: GET /session/19c5ed65dbd52b03c8c783813379e291/screenshot - {}
RESULT: {}
COMMAND: POST /session/19c5ed65dbd52b03c8c783813379e291/execute/async - {"script":"<script> [1562 bytes]","args":[{"selector":{"id":"application-managepartners-display-component---NewPartner--btnAddTableRow-img"},"wdio_ui5_key":"applicationmanagepartners-display-component---NewPartner--btnAddTableRow-img"}]}
RESULT: {"script":"<script> [1562 bytes]","args":[{"selector":{"id":"application-managepartners-display-component---NewPartner--btnAddTableRow-img"},"wdio_ui5_key":"applicationmanagepartners-display-component---NewPartner--btnAddTableRow-img"}]}
RESULT: undefined
COMMAND: POST /session/19c5ed65dbd52b03c8c783813379e291/element - {"using":"xpath","value":"//*[@id=\"application-managepartners-display-component---NewPartner--btnAddTableRow-img\"]"}
RESULT: {"using":"xpath","value":"//*[@id=\"application-managepartners-display-component---NewPartner--btnAddTableRow-img\"]"}
COMMAND: POST /session/19c5ed65dbd52b03c8c783813379e291/element/f.1FACEF5F4F0044855A63ECD1C0A7B6EF.d.3204973F329E8C3726F6741E6AFF5065.e.5918/click - {}
RESULT: {}
COMMAND: GET /session/19c5ed65dbd52b03c8c783813379e291/screenshot - {}
RESULT: {}
COMMAND: POST /session/19c5ed65dbd52b03c8c783813379e291/element - {"using":"xpath","value":"//input[@id=\"application-managepartners-display-component---NewPartner--assignmentYard-application-managepartners-display-component---NewPartner--assignmentsTable-0-inner\"]"}
RESULT: {"using":"xpath","value":"//input[@id=\"application-managepartners-display-component---NewPartner--assignmentYard-application-managepartners-display-component---NewPartner--assignmentsTable-0-inner\"]"}
COMMAND: POST /session/19c5ed65dbd52b03c8c783813379e291/element/f.1FACEF5F4F0044855A63ECD1C0A7B6EF.d.3204973F329E8C3726F6741E6AFF5065.e.5921/clear - {}
RESULT: {}
COMMAND: POST /session/19c5ed65dbd52b03c8c783813379e291/element/f.1FACEF5F4F0044855A63ECD1C0A7B6EF.d.3204973F329E8C3726F6741E6AFF5065.e.5921/value - {"text":"506"}
COMMAND: GET /session/19c5ed65dbd52b03c8c783813379e291/screenshot - {}
RESULT: {"text":"506"}
COMMAND: GET /session/19c5ed65dbd52b03c8c783813379e291/screenshot - {}
RESULT: {}
RESULT: {}
COMMAND: POST /session/19c5ed65dbd52b03c8c783813379e291/element - {"using":"xpath","value":"//li[.//span[text()='506']]"}
RESULT: {"using":"xpath","value":"//li[.//span[text()='506']]"}
COMMAND: POST /session/19c5ed65dbd52b03c8c783813379e291/element/f.1FACEF5F4F0044855A63ECD1C0A7B6EF.d.3204973F329E8C3726F6741E6AFF5065.e.5930/click - {}
RESULT: {}
COMMAND: GET /session/19c5ed65dbd52b03c8c783813379e291/screenshot - {}
RESULT: {}
COMMAND: POST /session/19c5ed65dbd52b03c8c783813379e291/actions - {"actions":[{"id":"action20","type":"key","parameters":{},"actions":[{"type":"keyDown","value":""},{"type":"pause","duration":10},{"type":"keyUp","value":""}]}]}
RESULT: {"actions":[{"id":"action20","type":"key","parameters":{},"actions":[{"type":"keyDown","value":""},{"type":"pause","duration":10},{"type":"keyUp","value":""}]}]}
COMMAND: POST /session/19c5ed65dbd52b03c8c783813379e291/execute/async - {"script":"<script> [1562 bytes]","args":[{"selector":{"id":"application-managepartners-display-component---NewPartner--externalCustomerComboBox-application-managepartners-display-component---NewPartner--assignmentsTable-0-vhi"},"wdio_ui5_key":"applicationmanagepartners-display-component---NewPartner--externalCustomerComboBox-application-managepartners-display-component---NewPartner--assignmentsTable-0-vhi"}]}
COMMAND: GET /session/19c5ed65dbd52b03c8c783813379e291/screenshot - {}
RESULT: {"script":"<script> [1562 bytes]","args":[{"selector":{"id":"application-managepartners-display-component---NewPartner--externalCustomerComboBox-application-managepartners-display-component---NewPartner--assignmentsTable-0-vhi"},"wdio_ui5_key":"applicationmanagepartners-display-component---NewPartner--externalCustomerComboBox-application-managepartners-display-component---NewPartner--assignmentsTable-0-vhi"}]}
RESULT: undefined
COMMAND: POST /session/19c5ed65dbd52b03c8c783813379e291/element - {"using":"xpath","value":"//*[@id=\"application-managepartners-display-component---NewPartner--externalCustomerComboBox-application-managepartners-display-component---NewPartner--assignmentsTable-0-vhi\"]"}
RESULT: {}
RESULT: {"using":"xpath","value":"//*[@id=\"application-managepartners-display-component---NewPartner--externalCustomerComboBox-application-managepartners-display-component---NewPartner--assignmentsTable-0-vhi\"]"}
COMMAND: POST /session/19c5ed65dbd52b03c8c783813379e291/element/f.1FACEF5F4F0044855A63ECD1C0A7B6EF.d.3204973F329E8C3726F6741E6AFF5065.e.5934/click - {}
RESULT: {}
RESULT: undefined
COMMAND: POST /session/19c5ed65dbd52b03c8c783813379e291/execute/async - {"script":"<script> [776 bytes]","args":[{"enterText":"300003","selector":{"controlType":"sap.m.SearchField","properties":{"placeholder":"Search"},"searchOpenDialogs":true,"interaction":{"idSuffix":"I"}},"clearTextFirst":true,"interactionType":"ENTER_TEXT"}]}
COMMAND: GET /session/19c5ed65dbd52b03c8c783813379e291/screenshot - {}
RESULT: {"script":"<script> [776 bytes]","args":[{"enterText":"300003","selector":{"controlType":"sap.m.SearchField","properties":{"placeholder":"Search"},"searchOpenDialogs":true,"interaction":{"idSuffix":"I"}},"clearTextFirst":true,"interactionType":"ENTER_TEXT"}]}
COMMAND: POST /session/19c5ed65dbd52b03c8c783813379e291/actions - {"actions":[{"id":"action21","type":"key","parameters":{},"actions":[{"type":"keyDown","value":""},{"type":"pause","duration":10},{"type":"keyUp","value":""}]}]}
RESULT: {}
RESULT: {"actions":[{"id":"action21","type":"key","parameters":{},"actions":[{"type":"keyDown","value":""},{"type":"pause","duration":10},{"type":"keyUp","value":""}]}]}
COMMAND: GET /session/19c5ed65dbd52b03c8c783813379e291/screenshot - {}
RESULT: {}
COMMAND: POST /session/19c5ed65dbd52b03c8c783813379e291/element - {"using":"xpath","value":"//span[contains(text(), \"300003\")]"}
RESULT: {"using":"xpath","value":"//span[contains(text(), \"300003\")]"}
COMMAND: POST /session/19c5ed65dbd52b03c8c783813379e291/element/f.1FACEF5F4F0044855A63ECD1C0A7B6EF.d.3204973F329E8C3726F6741E6AFF5065.e.5952/click - {}
RESULT: {}
COMMAND: GET /session/19c5ed65dbd52b03c8c783813379e291/screenshot - {}
RESULT: {}
COMMAND: POST /session/19c5ed65dbd52b03c8c783813379e291/element - {"using":"xpath","value":"//bdi[contains(text(), \"OK\")]"}
RESULT: {"using":"xpath","value":"//bdi[contains(text(), \"OK\")]"}
COMMAND: POST /session/19c5ed65dbd52b03c8c783813379e291/element/f.1FACEF5F4F0044855A63ECD1C0A7B6EF.d.3204973F329E8C3726F6741E6AFF5065.e.5954/click - {}
RESULT: {}
COMMAND: GET /session/19c5ed65dbd52b03c8c783813379e291/screenshot - {}
RESULT: {}
COMMAND: POST /session/19c5ed65dbd52b03c8c783813379e291/execute/async - {"script":"<script> [1562 bytes]","args":[{"selector":{"id":"application-managepartners-display-component---NewPartner--intercompVendorComboBox-application-managepartners-display-component---NewPartner--assignmentsTable-0-vhi"},"wdio_ui5_key":"applicationmanagepartners-display-component---NewPartner--intercompVendorComboBox-application-managepartners-display-component---NewPartner--assignmentsTable-0-vhi"}]}
RESULT: {"script":"<script> [1562 bytes]","args":[{"selector":{"id":"application-managepartners-display-component---NewPartner--intercompVendorComboBox-application-managepartners-display-component---NewPartner--assignmentsTable-0-vhi"},"wdio_ui5_key":"applicationmanagepartners-display-component---NewPartner--intercompVendorComboBox-application-managepartners-display-component---NewPartner--assignmentsTable-0-vhi"}]}
RESULT: undefined
COMMAND: POST /session/19c5ed65dbd52b03c8c783813379e291/element - {"using":"xpath","value":"//*[@id=\"application-managepartners-display-component---NewPartner--intercompVendorComboBox-application-managepartners-display-component---NewPartner--assignmentsTable-0-vhi\"]"}
RESULT: {"using":"xpath","value":"//*[@id=\"application-managepartners-display-component---NewPartner--intercompVendorComboBox-application-managepartners-display-component---NewPartner--assignmentsTable-0-vhi\"]"}
COMMAND: POST /session/19c5ed65dbd52b03c8c783813379e291/element/f.1FACEF5F4F0044855A63ECD1C0A7B6EF.d.3204973F329E8C3726F6741E6AFF5065.e.5957/click - {}
RESULT: {}
RESULT: undefined
COMMAND: POST /session/19c5ed65dbd52b03c8c783813379e291/execute/async - {"script":"<script> [776 bytes]","args":[{"enterText":"100005","selector":{"controlType":"sap.m.SearchField","properties":{"placeholder":"Search"},"searchOpenDialogs":true,"interaction":{"idSuffix":"I"}},"clearTextFirst":true,"interactionType":"ENTER_TEXT"}]}
COMMAND: GET /session/19c5ed65dbd52b03c8c783813379e291/screenshot - {}
RESULT: {"script":"<script> [776 bytes]","args":[{"enterText":"100005","selector":{"controlType":"sap.m.SearchField","properties":{"placeholder":"Search"},"searchOpenDialogs":true,"interaction":{"idSuffix":"I"}},"clearTextFirst":true,"interactionType":"ENTER_TEXT"}]}
COMMAND: POST /session/19c5ed65dbd52b03c8c783813379e291/actions - {"actions":[{"id":"action22","type":"key","parameters":{},"actions":[{"type":"keyDown","value":""},{"type":"pause","duration":10},{"type":"keyUp","value":""}]}]}
RESULT: {}
RESULT: {"actions":[{"id":"action22","type":"key","parameters":{},"actions":[{"type":"keyDown","value":""},{"type":"pause","duration":10},{"type":"keyUp","value":""}]}]}
COMMAND: GET /session/19c5ed65dbd52b03c8c783813379e291/screenshot - {}
RESULT: {}
COMMAND: POST /session/19c5ed65dbd52b03c8c783813379e291/element - {"using":"xpath","value":"//span[contains(text(), \"Penguins - Field/12345 Berlin\")]"}
RESULT: {"using":"xpath","value":"//span[contains(text(), \"Penguins - Field/12345 Berlin\")]"}
COMMAND: POST /session/19c5ed65dbd52b03c8c783813379e291/element/f.1FACEF5F4F0044855A63ECD1C0A7B6EF.d.3204973F329E8C3726F6741E6AFF5065.e.5975/click - {}
RESULT: {}
COMMAND: GET /session/19c5ed65dbd52b03c8c783813379e291/screenshot - {}
RESULT: {}
COMMAND: POST /session/19c5ed65dbd52b03c8c783813379e291/element - {"using":"xpath","value":"//bdi[contains(text(), \"OK\")]"}
RESULT: {"using":"xpath","value":"//bdi[contains(text(), \"OK\")]"}
COMMAND: POST /session/19c5ed65dbd52b03c8c783813379e291/element/f.1FACEF5F4F0044855A63ECD1C0A7B6EF.d.3204973F329E8C3726F6741E6AFF5065.e.5976/click - {}
RESULT: {}
COMMAND: GET /session/19c5ed65dbd52b03c8c783813379e291/screenshot - {}
RESULT: {}
COMMAND: POST /session/19c5ed65dbd52b03c8c783813379e291/element - {"using":"xpath","value":"//button[@data-kt=\"saveButton\"]"}
RESULT: {"using":"xpath","value":"//button[@data-kt=\"saveButton\"]"}
COMMAND: POST /session/19c5ed65dbd52b03c8c783813379e291/element/f.1FACEF5F4F0044855A63ECD1C0A7B6EF.d.3204973F329E8C3726F6741E6AFF5065.e.5828/click - {}
RESULT: {}
COMMAND: GET /session/19c5ed65dbd52b03c8c783813379e291/screenshot - {}
RESULT: {}
COMMAND: POST /session/19c5ed65dbd52b03c8c783813379e291/element - {"using":"xpath","value":"//header[contains(@id, 'ObjectPageLayout-headerTitle')]/div[1]/div[2]/div[2]/span[1]"}
RESULT: {"using":"xpath","value":"//header[contains(@id, 'ObjectPageLayout-headerTitle')]/div[1]/div[2]/div[2]/span[1]"}
COMMAND: POST /session/19c5ed65dbd52b03c8c783813379e291/elements - {"using":"xpath","value":"//header[contains(@id, 'ObjectPageLayout-headerTitle')]/div[1]/div[2]/div[2]/span[1]"}
RESULT: {"using":"xpath","value":"//header[contains(@id, 'ObjectPageLayout-headerTitle')]/div[1]/div[2]/div[2]/span[1]"}
COMMAND: POST /session/19c5ed65dbd52b03c8c783813379e291/execute/sync - {"script":"<script> [56 bytes]","args":[{"element-6066-11e4-a52e-4f735466cecf":"f.1FACEF5F4F0044855A63ECD1C0A7B6EF.d.3204973F329E8C3726F6741E6AFF5065.e.6141","ELEMENT":"f.1FACEF5F4F0044855A63ECD1C0A7B6EF.d.3204973F329E8C3726F6741E6AFF5065.e.6141"}]}
RESULT: {"script":"<script> [56 bytes]","args":[{"element-6066-11e4-a52e-4f735466cecf":"f.1FACEF5F4F0044855A63ECD1C0A7B6EF.d.3204973F329E8C3726F6741E6AFF5065.e.6141","ELEMENT":"f.1FACEF5F4F0044855A63ECD1C0A7B6EF.d.3204973F329E8C3726F6741E6AFF5065.e.6141"}]}
COMMAND: POST /session/19c5ed65dbd52b03c8c783813379e291/element - {"using":"css selector","value":"#shell-header-logo"}
COMMAND: GET /session/19c5ed65dbd52b03c8c783813379e291/screenshot - {}
RESULT: {"using":"css selector","value":"#shell-header-logo"}
COMMAND: POST /session/19c5ed65dbd52b03c8c783813379e291/element/f.1FACEF5F4F0044855A63ECD1C0A7B6EF.d.3204973F329E8C3726F6741E6AFF5065.e.5354/click - {}
RESULT: {}
RESULT: {}
COMMAND: GET /session/19c5ed65dbd52b03c8c783813379e291/screenshot - {}
RESULT: {}
COMMAND: POST /session/19c5ed65dbd52b03c8c783813379e291/execute/sync - {"script":"<script> [299 bytes]","args":[["getModel","getResource"]]}
RESULT: {"script":"<script> [299 bytes]","args":[["getModel","getResource"]]}
]]></system-out>
    </testcase>
    <testcase classname="chrome.136_0_7103_93.windows.Create_master_data_for_mixed_billing_&amp;_do_billing_calculation_US151661" name="Should create a new site" time="97.61">
      <system-out><![CDATA[
COMMAND: POST /session/19c5ed65dbd52b03c8c783813379e291/execute/async - {"script":"<script> [1562 bytes]","args":[{"selector":{"controlType":"sap.m.GenericTile","properties":{"header":"Manage Sites"}},"wdio_ui5_key":"sapm.GenericTile{\"header\":\"Manage Sites\"}"}]}
COMMAND: GET /session/19c5ed65dbd52b03c8c783813379e291/screenshot - {}
RESULT: {"script":"<script> [1562 bytes]","args":[{"selector":{"controlType":"sap.m.GenericTile","properties":{"header":"Manage Sites"}},"wdio_ui5_key":"sapm.GenericTile{\"header\":\"Manage Sites\"}"}]}
RESULT: undefined
COMMAND: POST /session/19c5ed65dbd52b03c8c783813379e291/element - {"using":"xpath","value":"//*[@id=\"__tile40\"]"}
RESULT: {}
RESULT: {"using":"xpath","value":"//*[@id=\"__tile40\"]"}
COMMAND: POST /session/19c5ed65dbd52b03c8c783813379e291/element/f.1FACEF5F4F0044855A63ECD1C0A7B6EF.d.3204973F329E8C3726F6741E6AFF5065.e.4501/click - {}
RESULT: {}
COMMAND: GET /session/19c5ed65dbd52b03c8c783813379e291/screenshot - {}
RESULT: {}
COMMAND: POST /session/19c5ed65dbd52b03c8c783813379e291/elements - {"using":"xpath","value":"//span[text()='Error']"}
RESULT: {"using":"xpath","value":"//span[text()='Error']"}
COMMAND: POST /session/19c5ed65dbd52b03c8c783813379e291/element - {"using":"xpath","value":"//button[@data-kt=\"addOverflowToolbarButton\"]"}
RESULT: {"using":"xpath","value":"//button[@data-kt=\"addOverflowToolbarButton\"]"}
COMMAND: POST /session/19c5ed65dbd52b03c8c783813379e291/elements - {"using":"xpath","value":"//button[@data-kt=\"addOverflowToolbarButton\"]"}
RESULT: {"using":"xpath","value":"//button[@data-kt=\"addOverflowToolbarButton\"]"}
COMMAND: POST /session/19c5ed65dbd52b03c8c783813379e291/execute/sync - {"script":"<script> [8489 bytes]","args":[{"element-6066-11e4-a52e-4f735466cecf":"f.1FACEF5F4F0044855A63ECD1C0A7B6EF.d.3204973F329E8C3726F6741E6AFF5065.e.6188","ELEMENT":"f.1FACEF5F4F0044855A63ECD1C0A7B6EF.d.3204973F329E8C3726F6741E6AFF5065.e.6188"}]}
RESULT: {"script":"<script> [8489 bytes]","args":[{"element-6066-11e4-a52e-4f735466cecf":"f.1FACEF5F4F0044855A63ECD1C0A7B6EF.d.3204973F329E8C3726F6741E6AFF5065.e.6188","ELEMENT":"f.1FACEF5F4F0044855A63ECD1C0A7B6EF.d.3204973F329E8C3726F6741E6AFF5065.e.6188"}]}
COMMAND: GET /session/19c5ed65dbd52b03c8c783813379e291/element/f.1FACEF5F4F0044855A63ECD1C0A7B6EF.d.3204973F329E8C3726F6741E6AFF5065.e.6188/enabled - {}
COMMAND: GET /session/19c5ed65dbd52b03c8c783813379e291/screenshot - {}
RESULT: {}
COMMAND: POST /session/19c5ed65dbd52b03c8c783813379e291/execute/sync - {"script":"<script> [8489 bytes]","args":[{"element-6066-11e4-a52e-4f735466cecf":"f.1FACEF5F4F0044855A63ECD1C0A7B6EF.d.3204973F329E8C3726F6741E6AFF5065.e.6188","ELEMENT":"f.1FACEF5F4F0044855A63ECD1C0A7B6EF.d.3204973F329E8C3726F6741E6AFF5065.e.6188"}]}
COMMAND: GET /session/19c5ed65dbd52b03c8c783813379e291/screenshot - {}
RESULT: {}
RESULT: {"script":"<script> [8489 bytes]","args":[{"element-6066-11e4-a52e-4f735466cecf":"f.1FACEF5F4F0044855A63ECD1C0A7B6EF.d.3204973F329E8C3726F6741E6AFF5065.e.6188","ELEMENT":"f.1FACEF5F4F0044855A63ECD1C0A7B6EF.d.3204973F329E8C3726F6741E6AFF5065.e.6188"}]}
COMMAND: POST /session/19c5ed65dbd52b03c8c783813379e291/execute/sync - {"script":"<script> [5351 bytes]","args":[{"element-6066-11e4-a52e-4f735466cecf":"f.1FACEF5F4F0044855A63ECD1C0A7B6EF.d.3204973F329E8C3726F6741E6AFF5065.e.6188","ELEMENT":"f.1FACEF5F4F0044855A63ECD1C0A7B6EF.d.3204973F329E8C3726F6741E6AFF5065.e.6188"}]}
COMMAND: GET /session/19c5ed65dbd52b03c8c783813379e291/screenshot - {}
RESULT: {}
RESULT: {"script":"<script> [5351 bytes]","args":[{"element-6066-11e4-a52e-4f735466cecf":"f.1FACEF5F4F0044855A63ECD1C0A7B6EF.d.3204973F329E8C3726F6741E6AFF5065.e.6188","ELEMENT":"f.1FACEF5F4F0044855A63ECD1C0A7B6EF.d.3204973F329E8C3726F6741E6AFF5065.e.6188"}]}
COMMAND: POST /session/19c5ed65dbd52b03c8c783813379e291/element/f.1FACEF5F4F0044855A63ECD1C0A7B6EF.d.3204973F329E8C3726F6741E6AFF5065.e.6188/click - {}
COMMAND: GET /session/19c5ed65dbd52b03c8c783813379e291/screenshot - {}
RESULT: {}
RESULT: {}
COMMAND: GET /session/19c5ed65dbd52b03c8c783813379e291/screenshot - {}
COMMAND: POST /session/19c5ed65dbd52b03c8c783813379e291/element - {"using":"xpath","value":"//input[@id=\"application-managesites-display-component---NewSite--siteId-inner\"]"}
RESULT: {}
RESULT: {}
RESULT: {"using":"xpath","value":"//input[@id=\"application-managesites-display-component---NewSite--siteId-inner\"]"}
COMMAND: POST /session/19c5ed65dbd52b03c8c783813379e291/element - {"using":"xpath","value":"//input[@id=\"application-managesites-display-component---NewSite--siteId-inner\"]"}
RESULT: {"using":"xpath","value":"//input[@id=\"application-managesites-display-component---NewSite--siteId-inner\"]"}
COMMAND: POST /session/19c5ed65dbd52b03c8c783813379e291/execute/async - {"script":"<script> [1562 bytes]","args":[{"selector":{"id":"application-managesites-display-component---NewSite--addressDetailDetailsName1","interaction":{"idSuffix":"inner"}},"wdio_ui5_key":"applicationmanagesites-display-component---NewSite--addressDetailDetailsName1"}]}
RESULT: {"script":"<script> [1562 bytes]","args":[{"selector":{"id":"application-managesites-display-component---NewSite--addressDetailDetailsName1","interaction":{"idSuffix":"inner"}},"wdio_ui5_key":"applicationmanagesites-display-component---NewSite--addressDetailDetailsName1"}]}
RESULT: undefined
COMMAND: POST /session/19c5ed65dbd52b03c8c783813379e291/execute/async - {"script":"<script> [776 bytes]","args":[{"enterText":"Intercompany Site wdIO","selector":{"id":"application-managesites-display-component---NewSite--addressDetailDetailsName1","interaction":{"idSuffix":"inner"}},"clearTextFirst":true,"interactionType":"ENTER_TEXT"}]}
RESULT: {"script":"<script> [776 bytes]","args":[{"enterText":"Intercompany Site wdIO","selector":{"id":"application-managesites-display-component---NewSite--addressDetailDetailsName1","interaction":{"idSuffix":"inner"}},"clearTextFirst":true,"interactionType":"ENTER_TEXT"}]}
COMMAND: POST /session/19c5ed65dbd52b03c8c783813379e291/execute/async - {"script":"<script> [1562 bytes]","args":[{"selector":{"id":"application-managesites-display-component---NewSite--addressDetailDetailsLanguage-arrow"},"wdio_ui5_key":"applicationmanagesites-display-component---NewSite--addressDetailDetailsLanguage-arrow"}]}
RESULT: {"script":"<script> [1562 bytes]","args":[{"selector":{"id":"application-managesites-display-component---NewSite--addressDetailDetailsLanguage-arrow"},"wdio_ui5_key":"applicationmanagesites-display-component---NewSite--addressDetailDetailsLanguage-arrow"}]}
RESULT: undefined
COMMAND: POST /session/19c5ed65dbd52b03c8c783813379e291/element - {"using":"xpath","value":"//*[@id=\"application-managesites-display-component---NewSite--addressDetailDetailsLanguage-arrow\"]"}
RESULT: {"using":"xpath","value":"//*[@id=\"application-managesites-display-component---NewSite--addressDetailDetailsLanguage-arrow\"]"}
COMMAND: POST /session/19c5ed65dbd52b03c8c783813379e291/element/f.1FACEF5F4F0044855A63ECD1C0A7B6EF.d.3204973F329E8C3726F6741E6AFF5065.e.6586/click - {}
RESULT: {}
COMMAND: POST /session/19c5ed65dbd52b03c8c783813379e291/element - {"using":"xpath","value":"//span[contains(text(), \"English\")]"}
COMMAND: GET /session/19c5ed65dbd52b03c8c783813379e291/screenshot - {}
RESULT: {"using":"xpath","value":"//span[contains(text(), \"English\")]"}
COMMAND: POST /session/19c5ed65dbd52b03c8c783813379e291/element/f.1FACEF5F4F0044855A63ECD1C0A7B6EF.d.3204973F329E8C3726F6741E6AFF5065.e.6587/click - {}
RESULT: {}
RESULT: {}
COMMAND: POST /session/19c5ed65dbd52b03c8c783813379e291/execute/async - {"script":"<script> [1562 bytes]","args":[{"selector":{"id":"application-managesites-display-component---NewSite--addressDetailDetailsCity1","interaction":{"idSuffix":"inner"}},"wdio_ui5_key":"applicationmanagesites-display-component---NewSite--addressDetailDetailsCity1"}]}
COMMAND: GET /session/19c5ed65dbd52b03c8c783813379e291/screenshot - {}
RESULT: {"script":"<script> [1562 bytes]","args":[{"selector":{"id":"application-managesites-display-component---NewSite--addressDetailDetailsCity1","interaction":{"idSuffix":"inner"}},"wdio_ui5_key":"applicationmanagesites-display-component---NewSite--addressDetailDetailsCity1"}]}
RESULT: undefined
COMMAND: POST /session/19c5ed65dbd52b03c8c783813379e291/execute/async - {"script":"<script> [776 bytes]","args":[{"enterText":"Rosario","selector":{"id":"application-managesites-display-component---NewSite--addressDetailDetailsCity1","interaction":{"idSuffix":"inner"}},"clearTextFirst":true,"interactionType":"ENTER_TEXT"}]}
RESULT: {}
RESULT: {"script":"<script> [776 bytes]","args":[{"enterText":"Rosario","selector":{"id":"application-managesites-display-component---NewSite--addressDetailDetailsCity1","interaction":{"idSuffix":"inner"}},"clearTextFirst":true,"interactionType":"ENTER_TEXT"}]}
COMMAND: POST /session/19c5ed65dbd52b03c8c783813379e291/execute/async - {"script":"<script> [1562 bytes]","args":[{"selector":{"id":"application-managesites-display-component---NewSite--addressDetailDetailsCountry-arrow"},"wdio_ui5_key":"applicationmanagesites-display-component---NewSite--addressDetailDetailsCountry-arrow"}]}
RESULT: {"script":"<script> [1562 bytes]","args":[{"selector":{"id":"application-managesites-display-component---NewSite--addressDetailDetailsCountry-arrow"},"wdio_ui5_key":"applicationmanagesites-display-component---NewSite--addressDetailDetailsCountry-arrow"}]}
RESULT: undefined
COMMAND: POST /session/19c5ed65dbd52b03c8c783813379e291/element - {"using":"xpath","value":"//*[@id=\"application-managesites-display-component---NewSite--addressDetailDetailsCountry-arrow\"]"}
RESULT: {"using":"xpath","value":"//*[@id=\"application-managesites-display-component---NewSite--addressDetailDetailsCountry-arrow\"]"}
COMMAND: POST /session/19c5ed65dbd52b03c8c783813379e291/element/f.1FACEF5F4F0044855A63ECD1C0A7B6EF.d.3204973F329E8C3726F6741E6AFF5065.e.6589/click - {}
RESULT: {}
COMMAND: POST /session/19c5ed65dbd52b03c8c783813379e291/element - {"using":"xpath","value":"//span[contains(text(), \"Argentina\")]"}
COMMAND: GET /session/19c5ed65dbd52b03c8c783813379e291/screenshot - {}
RESULT: {"using":"xpath","value":"//span[contains(text(), \"Argentina\")]"}
COMMAND: POST /session/19c5ed65dbd52b03c8c783813379e291/element/f.1FACEF5F4F0044855A63ECD1C0A7B6EF.d.3204973F329E8C3726F6741E6AFF5065.e.6590/click - {}
RESULT: {}
RESULT: {}
COMMAND: GET /session/19c5ed65dbd52b03c8c783813379e291/screenshot - {}
RESULT: {}
COMMAND: POST /session/19c5ed65dbd52b03c8c783813379e291/execute/async - {"script":"<script> [1562 bytes]","args":[{"selector":{"id":"application-managesites-display-component---NewSite--addressEditDetailsCostObjectCstType-arrow"},"wdio_ui5_key":"applicationmanagesites-display-component---NewSite--addressEditDetailsCostObjectCstType-arrow"}]}
RESULT: {"script":"<script> [1562 bytes]","args":[{"selector":{"id":"application-managesites-display-component---NewSite--addressEditDetailsCostObjectCstType-arrow"},"wdio_ui5_key":"applicationmanagesites-display-component---NewSite--addressEditDetailsCostObjectCstType-arrow"}]}
RESULT: undefined
COMMAND: POST /session/19c5ed65dbd52b03c8c783813379e291/element - {"using":"xpath","value":"//*[@id=\"application-managesites-display-component---NewSite--addressEditDetailsCostObjectCstType-arrow\"]"}
RESULT: {"using":"xpath","value":"//*[@id=\"application-managesites-display-component---NewSite--addressEditDetailsCostObjectCstType-arrow\"]"}
COMMAND: POST /session/19c5ed65dbd52b03c8c783813379e291/element/f.1FACEF5F4F0044855A63ECD1C0A7B6EF.d.3204973F329E8C3726F6741E6AFF5065.e.6591/click - {}
RESULT: {}
COMMAND: POST /session/19c5ed65dbd52b03c8c783813379e291/element - {"using":"xpath","value":"//span[contains(text(), \"Cost Center\")]"}
COMMAND: GET /session/19c5ed65dbd52b03c8c783813379e291/screenshot - {}
RESULT: {"using":"xpath","value":"//span[contains(text(), \"Cost Center\")]"}
COMMAND: POST /session/19c5ed65dbd52b03c8c783813379e291/element/f.1FACEF5F4F0044855A63ECD1C0A7B6EF.d.3204973F329E8C3726F6741E6AFF5065.e.6592/click - {}
RESULT: {}
RESULT: {}
COMMAND: GET /session/19c5ed65dbd52b03c8c783813379e291/screenshot - {}
RESULT: {}
COMMAND: POST /session/19c5ed65dbd52b03c8c783813379e291/element - {"using":"xpath","value":"//span[@id=\"application-managesites-display-component---NewSite--addressNewCostObjectCstID-vhi\"]"}
RESULT: {"using":"xpath","value":"//span[@id=\"application-managesites-display-component---NewSite--addressNewCostObjectCstID-vhi\"]"}
COMMAND: POST /session/19c5ed65dbd52b03c8c783813379e291/execute/sync - {"script":"<script> [8489 bytes]","args":[{"element-6066-11e4-a52e-4f735466cecf":"f.1FACEF5F4F0044855A63ECD1C0A7B6EF.d.3204973F329E8C3726F6741E6AFF5065.e.6597","ELEMENT":"f.1FACEF5F4F0044855A63ECD1C0A7B6EF.d.3204973F329E8C3726F6741E6AFF5065.e.6597"}]}
RESULT: {"script":"<script> [8489 bytes]","args":[{"element-6066-11e4-a52e-4f735466cecf":"f.1FACEF5F4F0044855A63ECD1C0A7B6EF.d.3204973F329E8C3726F6741E6AFF5065.e.6597","ELEMENT":"f.1FACEF5F4F0044855A63ECD1C0A7B6EF.d.3204973F329E8C3726F6741E6AFF5065.e.6597"}]}
COMMAND: POST /session/19c5ed65dbd52b03c8c783813379e291/execute/async - {"script":"<script> [1562 bytes]","args":[{"selector":{"id":"application-managesites-display-component---NewSite--addressNewCostObjectCstID-vhi"},"wdio_ui5_key":"applicationmanagesites-display-component---NewSite--addressNewCostObjectCstID-vhi"}]}
COMMAND: GET /session/19c5ed65dbd52b03c8c783813379e291/screenshot - {}
RESULT: {"script":"<script> [1562 bytes]","args":[{"selector":{"id":"application-managesites-display-component---NewSite--addressNewCostObjectCstID-vhi"},"wdio_ui5_key":"applicationmanagesites-display-component---NewSite--addressNewCostObjectCstID-vhi"}]}
RESULT: undefined
COMMAND: POST /session/19c5ed65dbd52b03c8c783813379e291/element - {"using":"xpath","value":"//*[@id=\"application-managesites-display-component---NewSite--addressNewCostObjectCstID-vhi\"]"}
RESULT: {}
RESULT: {"using":"xpath","value":"//*[@id=\"application-managesites-display-component---NewSite--addressNewCostObjectCstID-vhi\"]"}
COMMAND: POST /session/19c5ed65dbd52b03c8c783813379e291/element/f.1FACEF5F4F0044855A63ECD1C0A7B6EF.d.3204973F329E8C3726F6741E6AFF5065.e.6597/click - {}
RESULT: {}
COMMAND: GET /session/19c5ed65dbd52b03c8c783813379e291/screenshot - {}
RESULT: {}
RESULT: undefined
COMMAND: POST /session/19c5ed65dbd52b03c8c783813379e291/execute/async - {"script":"<script> [776 bytes]","args":[{"enterText":"10001013","selector":{"controlType":"sap.m.SearchField","properties":{"placeholder":"Search"},"searchOpenDialogs":true,"interaction":{"idSuffix":"I"}},"clearTextFirst":true,"interactionType":"ENTER_TEXT"}]}
RESULT: {"script":"<script> [776 bytes]","args":[{"enterText":"10001013","selector":{"controlType":"sap.m.SearchField","properties":{"placeholder":"Search"},"searchOpenDialogs":true,"interaction":{"idSuffix":"I"}},"clearTextFirst":true,"interactionType":"ENTER_TEXT"}]}
COMMAND: POST /session/19c5ed65dbd52b03c8c783813379e291/actions - {"actions":[{"id":"action23","type":"key","parameters":{},"actions":[{"type":"keyDown","value":""},{"type":"pause","duration":10},{"type":"keyUp","value":""}]}]}
RESULT: {"actions":[{"id":"action23","type":"key","parameters":{},"actions":[{"type":"keyDown","value":""},{"type":"pause","duration":10},{"type":"keyUp","value":""}]}]}
COMMAND: GET /session/19c5ed65dbd52b03c8c783813379e291/screenshot - {}
RESULT: {}
COMMAND: POST /session/19c5ed65dbd52b03c8c783813379e291/element - {"using":"xpath","value":"//span[contains(text(), \"General Management\")]"}
RESULT: {"using":"xpath","value":"//span[contains(text(), \"General Management\")]"}
COMMAND: POST /session/19c5ed65dbd52b03c8c783813379e291/element/f.1FACEF5F4F0044855A63ECD1C0A7B6EF.d.3204973F329E8C3726F6741E6AFF5065.e.6636/click - {}
RESULT: {}
COMMAND: GET /session/19c5ed65dbd52b03c8c783813379e291/screenshot - {}
RESULT: {}
COMMAND: POST /session/19c5ed65dbd52b03c8c783813379e291/element - {"using":"xpath","value":"//bdi[contains(text(), \"OK\")]"}
RESULT: {"using":"xpath","value":"//bdi[contains(text(), \"OK\")]"}
COMMAND: POST /session/19c5ed65dbd52b03c8c783813379e291/element/f.1FACEF5F4F0044855A63ECD1C0A7B6EF.d.3204973F329E8C3726F6741E6AFF5065.e.6637/click - {}
RESULT: {}
COMMAND: GET /session/19c5ed65dbd52b03c8c783813379e291/screenshot - {}
RESULT: {}
COMMAND: POST /session/19c5ed65dbd52b03c8c783813379e291/element - {"using":"xpath","value":"//input[@id=\"application-managesites-display-component---NewSite--addressDetailDetailsCalendar-inner\"]"}
RESULT: {"using":"xpath","value":"//input[@id=\"application-managesites-display-component---NewSite--addressDetailDetailsCalendar-inner\"]"}
COMMAND: POST /session/19c5ed65dbd52b03c8c783813379e291/element/f.1FACEF5F4F0044855A63ECD1C0A7B6EF.d.3204973F329E8C3726F6741E6AFF5065.e.6381/clear - {}
RESULT: {}
COMMAND: POST /session/19c5ed65dbd52b03c8c783813379e291/element/f.1FACEF5F4F0044855A63ECD1C0A7B6EF.d.3204973F329E8C3726F6741E6AFF5065.e.6381/value - {"text":"Unit"}
COMMAND: GET /session/19c5ed65dbd52b03c8c783813379e291/screenshot - {}
RESULT: {"text":"Unit"}
COMMAND: GET /session/19c5ed65dbd52b03c8c783813379e291/screenshot - {}
RESULT: {}
RESULT: {}
COMMAND: POST /session/19c5ed65dbd52b03c8c783813379e291/actions - {"actions":[{"id":"action24","type":"key","parameters":{},"actions":[{"type":"keyDown","value":""},{"type":"pause","duration":10},{"type":"keyUp","value":""}]}]}
RESULT: {"actions":[{"id":"action24","type":"key","parameters":{},"actions":[{"type":"keyDown","value":""},{"type":"pause","duration":10},{"type":"keyUp","value":""}]}]}
COMMAND: POST /session/19c5ed65dbd52b03c8c783813379e291/element - {"using":"xpath","value":"//input[@id=\"application-managesites-display-component---NewSite--addressDetailDetailsYard-inner\"]"}
COMMAND: GET /session/19c5ed65dbd52b03c8c783813379e291/screenshot - {}
RESULT: {"using":"xpath","value":"//input[@id=\"application-managesites-display-component---NewSite--addressDetailDetailsYard-inner\"]"}
COMMAND: POST /session/19c5ed65dbd52b03c8c783813379e291/element/f.1FACEF5F4F0044855A63ECD1C0A7B6EF.d.3204973F329E8C3726F6741E6AFF5065.e.6382/clear - {}
RESULT: {}
RESULT: {}
COMMAND: POST /session/19c5ed65dbd52b03c8c783813379e291/element/f.1FACEF5F4F0044855A63ECD1C0A7B6EF.d.3204973F329E8C3726F6741E6AFF5065.e.6382/value - {"text":"506"}
COMMAND: GET /session/19c5ed65dbd52b03c8c783813379e291/screenshot - {}
RESULT: {"text":"506"}
COMMAND: GET /session/19c5ed65dbd52b03c8c783813379e291/screenshot - {}
RESULT: {}
RESULT: {}
COMMAND: POST /session/19c5ed65dbd52b03c8c783813379e291/element - {"using":"xpath","value":"//li[.//span[text()='506']]"}
RESULT: {"using":"xpath","value":"//li[.//span[text()='506']]"}
COMMAND: POST /session/19c5ed65dbd52b03c8c783813379e291/element/f.1FACEF5F4F0044855A63ECD1C0A7B6EF.d.3204973F329E8C3726F6741E6AFF5065.e.6645/click - {}
RESULT: {}
COMMAND: GET /session/19c5ed65dbd52b03c8c783813379e291/screenshot - {}
RESULT: {}
COMMAND: POST /session/19c5ed65dbd52b03c8c783813379e291/element - {"using":"xpath","value":"//input[@id=\"application-managesites-display-component---NewSite--addressDetailDetailsPartner-inner\"]"}
RESULT: {"using":"xpath","value":"//input[@id=\"application-managesites-display-component---NewSite--addressDetailDetailsPartner-inner\"]"}
COMMAND: POST /session/19c5ed65dbd52b03c8c783813379e291/element - {"using":"xpath","value":"//input[@id=\"application-managesites-display-component---NewSite--addressDetailDetailsPartner-inner\"]"}
RESULT: {"using":"xpath","value":"//input[@id=\"application-managesites-display-component---NewSite--addressDetailDetailsPartner-inner\"]"}
COMMAND: POST /session/19c5ed65dbd52b03c8c783813379e291/element - {"using":"xpath","value":"//button[@data-kt=\"saveButton\"]"}
RESULT: {"using":"xpath","value":"//button[@data-kt=\"saveButton\"]"}
COMMAND: POST /session/19c5ed65dbd52b03c8c783813379e291/element/f.1FACEF5F4F0044855A63ECD1C0A7B6EF.d.3204973F329E8C3726F6741E6AFF5065.e.6571/click - {}
RESULT: {}
COMMAND: GET /session/19c5ed65dbd52b03c8c783813379e291/screenshot - {}
COMMAND: POST /session/19c5ed65dbd52b03c8c783813379e291/element - {"using":"xpath","value":"//header[contains(@id, 'ObjectPageLayout-headerTitle')]/div[1]/div[2]/div[2]/span[1]"}
RESULT: {}
RESULT: {"using":"xpath","value":"//header[contains(@id, 'ObjectPageLayout-headerTitle')]/div[1]/div[2]/div[2]/span[1]"}
COMMAND: POST /session/19c5ed65dbd52b03c8c783813379e291/elements - {"using":"xpath","value":"//header[contains(@id, 'ObjectPageLayout-headerTitle')]/div[1]/div[2]/div[2]/span[1]"}
RESULT: {"using":"xpath","value":"//header[contains(@id, 'ObjectPageLayout-headerTitle')]/div[1]/div[2]/div[2]/span[1]"}
COMMAND: POST /session/19c5ed65dbd52b03c8c783813379e291/execute/sync - {"script":"<script> [56 bytes]","args":[{"element-6066-11e4-a52e-4f735466cecf":"f.1FACEF5F4F0044855A63ECD1C0A7B6EF.d.3204973F329E8C3726F6741E6AFF5065.e.6847","ELEMENT":"f.1FACEF5F4F0044855A63ECD1C0A7B6EF.d.3204973F329E8C3726F6741E6AFF5065.e.6847"}]}
RESULT: {"script":"<script> [56 bytes]","args":[{"element-6066-11e4-a52e-4f735466cecf":"f.1FACEF5F4F0044855A63ECD1C0A7B6EF.d.3204973F329E8C3726F6741E6AFF5065.e.6847","ELEMENT":"f.1FACEF5F4F0044855A63ECD1C0A7B6EF.d.3204973F329E8C3726F6741E6AFF5065.e.6847"}]}
COMMAND: POST /session/19c5ed65dbd52b03c8c783813379e291/element - {"using":"css selector","value":"#shell-header-logo"}
COMMAND: GET /session/19c5ed65dbd52b03c8c783813379e291/screenshot - {}
RESULT: {"using":"css selector","value":"#shell-header-logo"}
COMMAND: POST /session/19c5ed65dbd52b03c8c783813379e291/element/f.1FACEF5F4F0044855A63ECD1C0A7B6EF.d.3204973F329E8C3726F6741E6AFF5065.e.6145/click - {}
RESULT: {}
RESULT: {}
COMMAND: GET /session/19c5ed65dbd52b03c8c783813379e291/screenshot - {}
RESULT: {}
COMMAND: POST /session/19c5ed65dbd52b03c8c783813379e291/execute/sync - {"script":"<script> [299 bytes]","args":[["getModel","getResource"]]}
RESULT: {"script":"<script> [299 bytes]","args":[["getModel","getResource"]]}
]]></system-out>
    </testcase>
    <testcase classname="chrome.136_0_7103_93.windows.Create_master_data_for_mixed_billing_&amp;_do_billing_calculation_US151661" name="Should create a new equipment and add a counter to it" time="172.164">
      <system-out><![CDATA[
COMMAND: POST /session/19c5ed65dbd52b03c8c783813379e291/execute/async - {"script":"<script> [1562 bytes]","args":[{"selector":{"controlType":"sap.m.GenericTile","properties":{"header":"Manage Resources"}},"wdio_ui5_key":"sapm.GenericTile{\"header\":\"Manage Resources\"}"}]}
COMMAND: GET /session/19c5ed65dbd52b03c8c783813379e291/screenshot - {}
RESULT: {"script":"<script> [1562 bytes]","args":[{"selector":{"controlType":"sap.m.GenericTile","properties":{"header":"Manage Resources"}},"wdio_ui5_key":"sapm.GenericTile{\"header\":\"Manage Resources\"}"}]}
RESULT: undefined
COMMAND: POST /session/19c5ed65dbd52b03c8c783813379e291/element - {"using":"xpath","value":"//*[@id=\"__tile39\"]"}
RESULT: {}
RESULT: {"using":"xpath","value":"//*[@id=\"__tile39\"]"}
COMMAND: POST /session/19c5ed65dbd52b03c8c783813379e291/element/f.1FACEF5F4F0044855A63ECD1C0A7B6EF.d.3204973F329E8C3726F6741E6AFF5065.e.4498/click - {}
RESULT: {}
COMMAND: GET /session/19c5ed65dbd52b03c8c783813379e291/screenshot - {}
RESULT: {}
COMMAND: POST /session/19c5ed65dbd52b03c8c783813379e291/elements - {"using":"xpath","value":"//span[text()='Error']"}
RESULT: {"using":"xpath","value":"//span[text()='Error']"}
COMMAND: POST /session/19c5ed65dbd52b03c8c783813379e291/element - {"using":"xpath","value":"//button[@data-kt=\"addNewRUOverflowToolbarButton\"]"}
RESULT: {"using":"xpath","value":"//button[@data-kt=\"addNewRUOverflowToolbarButton\"]"}
COMMAND: POST /session/19c5ed65dbd52b03c8c783813379e291/elements - {"using":"xpath","value":"//button[@data-kt=\"addNewRUOverflowToolbarButton\"]"}
RESULT: {"using":"xpath","value":"//button[@data-kt=\"addNewRUOverflowToolbarButton\"]"}
COMMAND: POST /session/19c5ed65dbd52b03c8c783813379e291/execute/sync - {"script":"<script> [8489 bytes]","args":[{"element-6066-11e4-a52e-4f735466cecf":"f.1FACEF5F4F0044855A63ECD1C0A7B6EF.d.3204973F329E8C3726F6741E6AFF5065.e.6993","ELEMENT":"f.1FACEF5F4F0044855A63ECD1C0A7B6EF.d.3204973F329E8C3726F6741E6AFF5065.e.6993"}]}
RESULT: {"script":"<script> [8489 bytes]","args":[{"element-6066-11e4-a52e-4f735466cecf":"f.1FACEF5F4F0044855A63ECD1C0A7B6EF.d.3204973F329E8C3726F6741E6AFF5065.e.6993","ELEMENT":"f.1FACEF5F4F0044855A63ECD1C0A7B6EF.d.3204973F329E8C3726F6741E6AFF5065.e.6993"}]}
COMMAND: GET /session/19c5ed65dbd52b03c8c783813379e291/element/f.1FACEF5F4F0044855A63ECD1C0A7B6EF.d.3204973F329E8C3726F6741E6AFF5065.e.6993/enabled - {}
COMMAND: GET /session/19c5ed65dbd52b03c8c783813379e291/screenshot - {}
RESULT: {}
COMMAND: POST /session/19c5ed65dbd52b03c8c783813379e291/execute/sync - {"script":"<script> [8489 bytes]","args":[{"element-6066-11e4-a52e-4f735466cecf":"f.1FACEF5F4F0044855A63ECD1C0A7B6EF.d.3204973F329E8C3726F6741E6AFF5065.e.6993","ELEMENT":"f.1FACEF5F4F0044855A63ECD1C0A7B6EF.d.3204973F329E8C3726F6741E6AFF5065.e.6993"}]}
COMMAND: GET /session/19c5ed65dbd52b03c8c783813379e291/screenshot - {}
RESULT: {}
RESULT: {"script":"<script> [8489 bytes]","args":[{"element-6066-11e4-a52e-4f735466cecf":"f.1FACEF5F4F0044855A63ECD1C0A7B6EF.d.3204973F329E8C3726F6741E6AFF5065.e.6993","ELEMENT":"f.1FACEF5F4F0044855A63ECD1C0A7B6EF.d.3204973F329E8C3726F6741E6AFF5065.e.6993"}]}
COMMAND: POST /session/19c5ed65dbd52b03c8c783813379e291/execute/sync - {"script":"<script> [5351 bytes]","args":[{"element-6066-11e4-a52e-4f735466cecf":"f.1FACEF5F4F0044855A63ECD1C0A7B6EF.d.3204973F329E8C3726F6741E6AFF5065.e.6993","ELEMENT":"f.1FACEF5F4F0044855A63ECD1C0A7B6EF.d.3204973F329E8C3726F6741E6AFF5065.e.6993"}]}
COMMAND: GET /session/19c5ed65dbd52b03c8c783813379e291/screenshot - {}
RESULT: {}
RESULT: {"script":"<script> [5351 bytes]","args":[{"element-6066-11e4-a52e-4f735466cecf":"f.1FACEF5F4F0044855A63ECD1C0A7B6EF.d.3204973F329E8C3726F6741E6AFF5065.e.6993","ELEMENT":"f.1FACEF5F4F0044855A63ECD1C0A7B6EF.d.3204973F329E8C3726F6741E6AFF5065.e.6993"}]}
COMMAND: POST /session/19c5ed65dbd52b03c8c783813379e291/element/f.1FACEF5F4F0044855A63ECD1C0A7B6EF.d.3204973F329E8C3726F6741E6AFF5065.e.6993/click - {}
COMMAND: GET /session/19c5ed65dbd52b03c8c783813379e291/screenshot - {}
RESULT: {}
RESULT: {}
COMMAND: GET /session/19c5ed65dbd52b03c8c783813379e291/screenshot - {}
RESULT: {}
RESULT: {}
COMMAND: POST /session/19c5ed65dbd52b03c8c783813379e291/execute/async - {"script":"<script> [1562 bytes]","args":[{"selector":{"id":"application-manageresources-display-component---newResourceUnit--TYPE-arrow"},"wdio_ui5_key":"applicationmanageresources-display-component---newResourceUnit--TYPE-arrow"}]}
RESULT: {"script":"<script> [1562 bytes]","args":[{"selector":{"id":"application-manageresources-display-component---newResourceUnit--TYPE-arrow"},"wdio_ui5_key":"applicationmanageresources-display-component---newResourceUnit--TYPE-arrow"}]}
RESULT: undefined
COMMAND: POST /session/19c5ed65dbd52b03c8c783813379e291/element - {"using":"xpath","value":"//*[@id=\"application-manageresources-display-component---newResourceUnit--TYPE-arrow\"]"}
RESULT: {"using":"xpath","value":"//*[@id=\"application-manageresources-display-component---newResourceUnit--TYPE-arrow\"]"}
COMMAND: POST /session/19c5ed65dbd52b03c8c783813379e291/element/f.1FACEF5F4F0044855A63ECD1C0A7B6EF.d.3204973F329E8C3726F6741E6AFF5065.e.7241/click - {}
RESULT: {}
COMMAND: POST /session/19c5ed65dbd52b03c8c783813379e291/element - {"using":"xpath","value":"//input[@id=\"application-manageresources-display-component---newResourceUnit--TYPE-inner\"]"}
COMMAND: GET /session/19c5ed65dbd52b03c8c783813379e291/screenshot - {}
RESULT: {"using":"xpath","value":"//input[@id=\"application-manageresources-display-component---newResourceUnit--TYPE-inner\"]"}
COMMAND: POST /session/19c5ed65dbd52b03c8c783813379e291/element/f.1FACEF5F4F0044855A63ECD1C0A7B6EF.d.3204973F329E8C3726F6741E6AFF5065.e.7229/clear - {}
RESULT: {}
RESULT: {}
COMMAND: POST /session/19c5ed65dbd52b03c8c783813379e291/element/f.1FACEF5F4F0044855A63ECD1C0A7B6EF.d.3204973F329E8C3726F6741E6AFF5065.e.7229/value - {"text":"Equipment"}
COMMAND: GET /session/19c5ed65dbd52b03c8c783813379e291/screenshot - {}
RESULT: {"text":"Equipment"}
COMMAND: GET /session/19c5ed65dbd52b03c8c783813379e291/screenshot - {}
RESULT: {}
RESULT: {}
COMMAND: POST /session/19c5ed65dbd52b03c8c783813379e291/actions - {"actions":[{"id":"action25","type":"key","parameters":{},"actions":[{"type":"keyDown","value":""},{"type":"pause","duration":10},{"type":"keyUp","value":""}]}]}
RESULT: {"actions":[{"id":"action25","type":"key","parameters":{},"actions":[{"type":"keyDown","value":""},{"type":"pause","duration":10},{"type":"keyUp","value":""}]}]}
COMMAND: POST /session/19c5ed65dbd52b03c8c783813379e291/execute/async - {"script":"<script> [1562 bytes]","args":[{"selector":{"id":"application-manageresources-display-component---newResourceUnit--resourceId","interaction":{"idSuffix":"inner"}},"wdio_ui5_key":"applicationmanageresources-display-component---newResourceUnit--resourceId"}]}
COMMAND: GET /session/19c5ed65dbd52b03c8c783813379e291/screenshot - {}
RESULT: {"script":"<script> [1562 bytes]","args":[{"selector":{"id":"application-manageresources-display-component---newResourceUnit--resourceId","interaction":{"idSuffix":"inner"}},"wdio_ui5_key":"applicationmanageresources-display-component---newResourceUnit--resourceId"}]}
RESULT: undefined
COMMAND: POST /session/19c5ed65dbd52b03c8c783813379e291/execute/async - {"script":"<script> [776 bytes]","args":[{"enterText":"eGlaR5JfCY","selector":{"id":"application-manageresources-display-component---newResourceUnit--resourceId","interaction":{"idSuffix":"inner"}},"clearTextFirst":true,"interactionType":"ENTER_TEXT"}]}
RESULT: {}
RESULT: {"script":"<script> [776 bytes]","args":[{"enterText":"eGlaR5JfCY","selector":{"id":"application-manageresources-display-component---newResourceUnit--resourceId","interaction":{"idSuffix":"inner"}},"clearTextFirst":true,"interactionType":"ENTER_TEXT"}]}
COMMAND: POST /session/19c5ed65dbd52b03c8c783813379e291/execute/async - {"script":"<script> [1562 bytes]","args":[{"selector":{"id":"application-manageresources-display-component---newResourceUnit--SHORT_TEXT","interaction":{"idSuffix":"inner"}},"wdio_ui5_key":"applicationmanageresources-display-component---newResourceUnit--SHORT_TEXT"}]}
RESULT: {"script":"<script> [1562 bytes]","args":[{"selector":{"id":"application-manageresources-display-component---newResourceUnit--SHORT_TEXT","interaction":{"idSuffix":"inner"}},"wdio_ui5_key":"applicationmanageresources-display-component---newResourceUnit--SHORT_TEXT"}]}
RESULT: undefined
COMMAND: POST /session/19c5ed65dbd52b03c8c783813379e291/execute/async - {"script":"<script> [776 bytes]","args":[{"enterText":"Intercompany Equipment WDIO","selector":{"id":"application-manageresources-display-component---newResourceUnit--SHORT_TEXT","interaction":{"idSuffix":"inner"}},"clearTextFirst":true,"interactionType":"ENTER_TEXT"}]}
RESULT: {"script":"<script> [776 bytes]","args":[{"enterText":"Intercompany Equipment WDIO","selector":{"id":"application-manageresources-display-component---newResourceUnit--SHORT_TEXT","interaction":{"idSuffix":"inner"}},"clearTextFirst":true,"interactionType":"ENTER_TEXT"}]}
COMMAND: POST /session/19c5ed65dbd52b03c8c783813379e291/execute/async - {"script":"<script> [1562 bytes]","args":[{"selector":{"id":"application-manageresources-display-component---newResourceUnit--BASE_UNIT_OF_MEASURE","interaction":{"idSuffix":"inner"}},"wdio_ui5_key":"applicationmanageresources-display-component---newResourceUnit--BASE_UNIT_OF_MEASURE"}]}
RESULT: {"script":"<script> [1562 bytes]","args":[{"selector":{"id":"application-manageresources-display-component---newResourceUnit--BASE_UNIT_OF_MEASURE","interaction":{"idSuffix":"inner"}},"wdio_ui5_key":"applicationmanageresources-display-component---newResourceUnit--BASE_UNIT_OF_MEASURE"}]}
RESULT: undefined
COMMAND: POST /session/19c5ed65dbd52b03c8c783813379e291/execute/async - {"script":"<script> [776 bytes]","args":[{"enterText":"Piece","selector":{"id":"application-manageresources-display-component---newResourceUnit--BASE_UNIT_OF_MEASURE","interaction":{"idSuffix":"inner"}},"clearTextFirst":true,"interactionType":"ENTER_TEXT"}]}
RESULT: {"script":"<script> [776 bytes]","args":[{"enterText":"Piece","selector":{"id":"application-manageresources-display-component---newResourceUnit--BASE_UNIT_OF_MEASURE","interaction":{"idSuffix":"inner"}},"clearTextFirst":true,"interactionType":"ENTER_TEXT"}]}
COMMAND: POST /session/19c5ed65dbd52b03c8c783813379e291/execute/async - {"script":"<script> [1562 bytes]","args":[{"selector":{"id":"application-manageresources-display-component---newResourceUnit--WEIGHT_UNIT","interaction":{"idSuffix":"inner"}},"wdio_ui5_key":"applicationmanageresources-display-component---newResourceUnit--WEIGHT_UNIT"}]}
RESULT: {"script":"<script> [1562 bytes]","args":[{"selector":{"id":"application-manageresources-display-component---newResourceUnit--WEIGHT_UNIT","interaction":{"idSuffix":"inner"}},"wdio_ui5_key":"applicationmanageresources-display-component---newResourceUnit--WEIGHT_UNIT"}]}
RESULT: undefined
COMMAND: POST /session/19c5ed65dbd52b03c8c783813379e291/execute/async - {"script":"<script> [776 bytes]","args":[{"enterText":"Gram","selector":{"id":"application-manageresources-display-component---newResourceUnit--WEIGHT_UNIT","interaction":{"idSuffix":"inner"}},"clearTextFirst":true,"interactionType":"ENTER_TEXT"}]}
RESULT: {"script":"<script> [776 bytes]","args":[{"enterText":"Gram","selector":{"id":"application-manageresources-display-component---newResourceUnit--WEIGHT_UNIT","interaction":{"idSuffix":"inner"}},"clearTextFirst":true,"interactionType":"ENTER_TEXT"}]}
COMMAND: POST /session/19c5ed65dbd52b03c8c783813379e291/execute/async - {"script":"<script> [1562 bytes]","args":[{"selector":{"id":"application-manageresources-display-component---newResourceUnit--DIMENSION_UNIT","interaction":{"idSuffix":"inner"}},"wdio_ui5_key":"applicationmanageresources-display-component---newResourceUnit--DIMENSION_UNIT"}]}
RESULT: {"script":"<script> [1562 bytes]","args":[{"selector":{"id":"application-manageresources-display-component---newResourceUnit--DIMENSION_UNIT","interaction":{"idSuffix":"inner"}},"wdio_ui5_key":"applicationmanageresources-display-component---newResourceUnit--DIMENSION_UNIT"}]}
RESULT: undefined
COMMAND: POST /session/19c5ed65dbd52b03c8c783813379e291/execute/async - {"script":"<script> [776 bytes]","args":[{"enterText":"Meter","selector":{"id":"application-manageresources-display-component---newResourceUnit--DIMENSION_UNIT","interaction":{"idSuffix":"inner"}},"clearTextFirst":true,"interactionType":"ENTER_TEXT"}]}
RESULT: {"script":"<script> [776 bytes]","args":[{"enterText":"Meter","selector":{"id":"application-manageresources-display-component---newResourceUnit--DIMENSION_UNIT","interaction":{"idSuffix":"inner"}},"clearTextFirst":true,"interactionType":"ENTER_TEXT"}]}
COMMAND: POST /session/19c5ed65dbd52b03c8c783813379e291/execute/async - {"script":"<script> [1562 bytes]","args":[{"selector":{"id":"application-manageresources-display-component---newResourceUnit--newRRUPage-anchBar-application-manageresources-display-component---newResourceUnit--control-anchor","interaction":{"idSuffix":"BDI-content"}},"wdio_ui5_key":"applicationmanageresources-display-component---newResourceUnit--newRRUPage-anchBar-application-manageresources-display-component---newResourceUnit--control-anchor"}]}
RESULT: {"script":"<script> [1562 bytes]","args":[{"selector":{"id":"application-manageresources-display-component---newResourceUnit--newRRUPage-anchBar-application-manageresources-display-component---newResourceUnit--control-anchor","interaction":{"idSuffix":"BDI-content"}},"wdio_ui5_key":"applicationmanageresources-display-component---newResourceUnit--newRRUPage-anchBar-application-manageresources-display-component---newResourceUnit--control-anchor"}]}
RESULT: undefined
COMMAND: POST /session/19c5ed65dbd52b03c8c783813379e291/element - {"using":"xpath","value":"//*[@id=\"application-manageresources-display-component---newResourceUnit--newRRUPage-anchBar-application-manageresources-display-component---newResourceUnit--control-anchor\"]"}
RESULT: {"using":"xpath","value":"//*[@id=\"application-manageresources-display-component---newResourceUnit--newRRUPage-anchBar-application-manageresources-display-component---newResourceUnit--control-anchor\"]"}
COMMAND: POST /session/19c5ed65dbd52b03c8c783813379e291/element/f.1FACEF5F4F0044855A63ECD1C0A7B6EF.d.3204973F329E8C3726F6741E6AFF5065.e.7398/click - {}
RESULT: {}
COMMAND: POST /session/19c5ed65dbd52b03c8c783813379e291/execute/async - {"script":"<script> [1562 bytes]","args":[{"selector":{"id":"application-manageresources-display-component---newResourceUnit--PLANNING_GROUP","interaction":{"idSuffix":"inner"}},"wdio_ui5_key":"applicationmanageresources-display-component---newResourceUnit--PLANNING_GROUP"}]}
COMMAND: GET /session/19c5ed65dbd52b03c8c783813379e291/screenshot - {}
RESULT: {"script":"<script> [1562 bytes]","args":[{"selector":{"id":"application-manageresources-display-component---newResourceUnit--PLANNING_GROUP","interaction":{"idSuffix":"inner"}},"wdio_ui5_key":"applicationmanageresources-display-component---newResourceUnit--PLANNING_GROUP"}]}
RESULT: undefined
COMMAND: POST /session/19c5ed65dbd52b03c8c783813379e291/execute/async - {"script":"<script> [776 bytes]","args":[{"enterText":"Heavy Equi","selector":{"id":"application-manageresources-display-component---newResourceUnit--PLANNING_GROUP","interaction":{"idSuffix":"inner"}},"clearTextFirst":true,"interactionType":"ENTER_TEXT"}]}
RESULT: {}
RESULT: {"script":"<script> [776 bytes]","args":[{"enterText":"Heavy Equi","selector":{"id":"application-manageresources-display-component---newResourceUnit--PLANNING_GROUP","interaction":{"idSuffix":"inner"}},"clearTextFirst":true,"interactionType":"ENTER_TEXT"}]}
COMMAND: POST /session/19c5ed65dbd52b03c8c783813379e291/execute/async - {"script":"<script> [1562 bytes]","args":[{"selector":{"id":"application-manageresources-display-component---newResourceUnit--ITEM_TYPE-arrow"},"wdio_ui5_key":"applicationmanageresources-display-component---newResourceUnit--ITEM_TYPE-arrow"}]}
RESULT: {"script":"<script> [1562 bytes]","args":[{"selector":{"id":"application-manageresources-display-component---newResourceUnit--ITEM_TYPE-arrow"},"wdio_ui5_key":"applicationmanageresources-display-component---newResourceUnit--ITEM_TYPE-arrow"}]}
RESULT: undefined
COMMAND: POST /session/19c5ed65dbd52b03c8c783813379e291/element - {"using":"xpath","value":"//*[@id=\"application-manageresources-display-component---newResourceUnit--ITEM_TYPE-arrow\"]"}
RESULT: {"using":"xpath","value":"//*[@id=\"application-manageresources-display-component---newResourceUnit--ITEM_TYPE-arrow\"]"}
COMMAND: POST /session/19c5ed65dbd52b03c8c783813379e291/element/f.1FACEF5F4F0044855A63ECD1C0A7B6EF.d.3204973F329E8C3726F6741E6AFF5065.e.7407/click - {}
RESULT: {}
COMMAND: POST /session/19c5ed65dbd52b03c8c783813379e291/element - {"using":"xpath","value":"//ul[contains(@id,\"ITEM_TYPE-popup-list-listUl\")]//li[.//span[contains(text(),\"Resource Unit\")]]"}
COMMAND: GET /session/19c5ed65dbd52b03c8c783813379e291/screenshot - {}
RESULT: {"using":"xpath","value":"//ul[contains(@id,\"ITEM_TYPE-popup-list-listUl\")]//li[.//span[contains(text(),\"Resource Unit\")]]"}
COMMAND: POST /session/19c5ed65dbd52b03c8c783813379e291/element/f.1FACEF5F4F0044855A63ECD1C0A7B6EF.d.3204973F329E8C3726F6741E6AFF5065.e.7408/click - {}
RESULT: {}
RESULT: {}
COMMAND: GET /session/19c5ed65dbd52b03c8c783813379e291/screenshot - {}
RESULT: {}
COMMAND: POST /session/19c5ed65dbd52b03c8c783813379e291/element - {"using":"css selector","value":"#application-manageresources-display-component---newResourceUnit--btnAddTimeSegment"}
RESULT: {"using":"css selector","value":"#application-manageresources-display-component---newResourceUnit--btnAddTimeSegment"}
COMMAND: GET /session/19c5ed65dbd52b03c8c783813379e291/element/f.1FACEF5F4F0044855A63ECD1C0A7B6EF.d.3204973F329E8C3726F6741E6AFF5065.e.7415/rect - {}
RESULT: {}
COMMAND: GET /session/19c5ed65dbd52b03c8c783813379e291/window/rect - {}
RESULT: {}
COMMAND: POST /session/19c5ed65dbd52b03c8c783813379e291/execute/sync - {"script":"<script> [92 bytes]","args":[]}
RESULT: {"script":"<script> [92 bytes]","args":[]}
COMMAND: POST /session/19c5ed65dbd52b03c8c783813379e291/actions - {"actions":[{"id":"action26","type":"wheel","parameters":{},"actions":[{"type":"scroll","x":-1888,"y":-32,"deltaX":0,"deltaY":0,"duration":0,"origin":{"element-6066-11e4-a52e-4f735466cecf":"f.1FACEF5F4F0044855A63ECD1C0A7B6EF.d.3204973F329E8C3726F6741E6AFF5065.e.7415"}}]}]}
COMMAND: GET /session/19c5ed65dbd52b03c8c783813379e291/screenshot - {}
RESULT: {}
COMMAND: POST /session/19c5ed65dbd52b03c8c783813379e291/execute/sync - {"script":"<script> [79 bytes]","args":[{"element-6066-11e4-a52e-4f735466cecf":"f.1FACEF5F4F0044855A63ECD1C0A7B6EF.d.3204973F329E8C3726F6741E6AFF5065.e.7415","ELEMENT":"f.1FACEF5F4F0044855A63ECD1C0A7B6EF.d.3204973F329E8C3726F6741E6AFF5065.e.7415"},{"block":"start","inline":"nearest"}]}
RESULT: {"script":"<script> [79 bytes]","args":[{"element-6066-11e4-a52e-4f735466cecf":"f.1FACEF5F4F0044855A63ECD1C0A7B6EF.d.3204973F329E8C3726F6741E6AFF5065.e.7415","ELEMENT":"f.1FACEF5F4F0044855A63ECD1C0A7B6EF.d.3204973F329E8C3726F6741E6AFF5065.e.7415"},{"block":"start","inline":"nearest"}]}
COMMAND: POST /session/19c5ed65dbd52b03c8c783813379e291/execute/async - {"script":"<script> [1562 bytes]","args":[{"selector":{"id":"application-manageresources-display-component---newResourceUnit--btnAddTimeSegment","interaction":{"idSuffix":"inner"}},"wdio_ui5_key":"applicationmanageresources-display-component---newResourceUnit--btnAddTimeSegment"}]}
COMMAND: GET /session/19c5ed65dbd52b03c8c783813379e291/screenshot - {}
RESULT: {"script":"<script> [1562 bytes]","args":[{"selector":{"id":"application-manageresources-display-component---newResourceUnit--btnAddTimeSegment","interaction":{"idSuffix":"inner"}},"wdio_ui5_key":"applicationmanageresources-display-component---newResourceUnit--btnAddTimeSegment"}]}
RESULT: undefined
COMMAND: POST /session/19c5ed65dbd52b03c8c783813379e291/element - {"using":"xpath","value":"//*[@id=\"application-manageresources-display-component---newResourceUnit--btnAddTimeSegment\"]"}
RESULT: {}
RESULT: {"using":"xpath","value":"//*[@id=\"application-manageresources-display-component---newResourceUnit--btnAddTimeSegment\"]"}
COMMAND: POST /session/19c5ed65dbd52b03c8c783813379e291/element/f.1FACEF5F4F0044855A63ECD1C0A7B6EF.d.3204973F329E8C3726F6741E6AFF5065.e.7415/click - {}
RESULT: {}
COMMAND: GET /session/19c5ed65dbd52b03c8c783813379e291/screenshot - {}
RESULT: {}
COMMAND: POST /session/19c5ed65dbd52b03c8c783813379e291/element - {"using":"xpath","value":"//input[@id=\"application-manageresources-display-component---newResourceUnit--idRuTSAdmin-application-manageresources-display-component---newResourceUnit--RUTimeSegment-0-inner\"]"}
RESULT: {"using":"xpath","value":"//input[@id=\"application-manageresources-display-component---newResourceUnit--idRuTSAdmin-application-manageresources-display-component---newResourceUnit--RUTimeSegment-0-inner\"]"}
COMMAND: POST /session/19c5ed65dbd52b03c8c783813379e291/element/f.1FACEF5F4F0044855A63ECD1C0A7B6EF.d.3204973F329E8C3726F6741E6AFF5065.e.7421/clear - {}
RESULT: {}
COMMAND: POST /session/19c5ed65dbd52b03c8c783813379e291/element/f.1FACEF5F4F0044855A63ECD1C0A7B6EF.d.3204973F329E8C3726F6741E6AFF5065.e.7421/value - {"text":"506"}
COMMAND: GET /session/19c5ed65dbd52b03c8c783813379e291/screenshot - {}
RESULT: {"text":"506"}
COMMAND: GET /session/19c5ed65dbd52b03c8c783813379e291/screenshot - {}
RESULT: {}
RESULT: {}
COMMAND: POST /session/19c5ed65dbd52b03c8c783813379e291/element - {"using":"xpath","value":"//li[.//span[text()='506']]"}
RESULT: {"using":"xpath","value":"//li[.//span[text()='506']]"}
COMMAND: POST /session/19c5ed65dbd52b03c8c783813379e291/element/f.1FACEF5F4F0044855A63ECD1C0A7B6EF.d.3204973F329E8C3726F6741E6AFF5065.e.7434/click - {}
RESULT: {}
COMMAND: GET /session/19c5ed65dbd52b03c8c783813379e291/screenshot - {}
RESULT: {}
COMMAND: POST /session/19c5ed65dbd52b03c8c783813379e291/element - {"using":"xpath","value":"(//span[contains(@id, \"-application-manageresources-display-component---newResourceUnit--RUTimeSegment-0-arrow\")])[6]"}
RESULT: {"using":"xpath","value":"(//span[contains(@id, \"-application-manageresources-display-component---newResourceUnit--RUTimeSegment-0-arrow\")])[6]"}
COMMAND: POST /session/19c5ed65dbd52b03c8c783813379e291/element/f.1FACEF5F4F0044855A63ECD1C0A7B6EF.d.3204973F329E8C3726F6741E6AFF5065.e.7435/click - {}
RESULT: {}
COMMAND: GET /session/19c5ed65dbd52b03c8c783813379e291/screenshot - {}
RESULT: {}
COMMAND: POST /session/19c5ed65dbd52b03c8c783813379e291/element - {"using":"xpath","value":"//span[contains(text(), \"PM Order\")]"}
RESULT: {"using":"xpath","value":"//span[contains(text(), \"PM Order\")]"}
COMMAND: POST /session/19c5ed65dbd52b03c8c783813379e291/element/f.1FACEF5F4F0044855A63ECD1C0A7B6EF.d.3204973F329E8C3726F6741E6AFF5065.e.7438/click - {}
RESULT: {}
COMMAND: GET /session/19c5ed65dbd52b03c8c783813379e291/screenshot - {}
RESULT: {}
COMMAND: POST /session/19c5ed65dbd52b03c8c783813379e291/element - {"using":"xpath","value":"(//span[contains(@id ,\"manageresources-display-component---newResourceUnit--RUTimeSegment-0-vhi\")])[1]"}
RESULT: {"using":"xpath","value":"(//span[contains(@id ,\"manageresources-display-component---newResourceUnit--RUTimeSegment-0-vhi\")])[1]"}
COMMAND: GET /session/19c5ed65dbd52b03c8c783813379e291/element/f.1FACEF5F4F0044855A63ECD1C0A7B6EF.d.3204973F329E8C3726F6741E6AFF5065.e.7442/rect - {}
RESULT: {}
COMMAND: GET /session/19c5ed65dbd52b03c8c783813379e291/window/rect - {}
RESULT: {}
COMMAND: POST /session/19c5ed65dbd52b03c8c783813379e291/execute/sync - {"script":"<script> [92 bytes]","args":[]}
RESULT: {"script":"<script> [92 bytes]","args":[]}
COMMAND: POST /session/19c5ed65dbd52b03c8c783813379e291/actions - {"actions":[{"id":"action27","type":"wheel","parameters":{},"actions":[{"type":"scroll","x":-869,"y":-24,"deltaX":0,"deltaY":0,"duration":0,"origin":{"element-6066-11e4-a52e-4f735466cecf":"f.1FACEF5F4F0044855A63ECD1C0A7B6EF.d.3204973F329E8C3726F6741E6AFF5065.e.7442"}}]}]}
COMMAND: GET /session/19c5ed65dbd52b03c8c783813379e291/screenshot - {}
RESULT: {"actions":[{"id":"action27","type":"wheel","parameters":{},"actions":[{"type":"scroll","x":-869,"y":-24,"deltaX":0,"deltaY":0,"duration":0,"origin":{"element-6066-11e4-a52e-4f735466cecf":"f.1FACEF5F4F0044855A63ECD1C0A7B6EF.d.3204973F329E8C3726F6741E6AFF5065.e.7442"}}]}]}
COMMAND: DELETE /session/19c5ed65dbd52b03c8c783813379e291/actions - {}
COMMAND: GET /session/19c5ed65dbd52b03c8c783813379e291/screenshot - {}
RESULT: {}
RESULT: {}
COMMAND: GET /session/19c5ed65dbd52b03c8c783813379e291/screenshot - {}
RESULT: {}
RESULT: {}
COMMAND: POST /session/19c5ed65dbd52b03c8c783813379e291/element/f.1FACEF5F4F0044855A63ECD1C0A7B6EF.d.3204973F329E8C3726F6741E6AFF5065.e.7442/click - {}
RESULT: {}
COMMAND: GET /session/19c5ed65dbd52b03c8c783813379e291/screenshot - {}
RESULT: {}
RESULT: undefined
COMMAND: POST /session/19c5ed65dbd52b03c8c783813379e291/execute/async - {"script":"<script> [776 bytes]","args":[{"enterText":"4000360","selector":{"controlType":"sap.m.SearchField","properties":{"placeholder":"Search"},"searchOpenDialogs":true,"interaction":{"idSuffix":"I"}},"clearTextFirst":true,"interactionType":"ENTER_TEXT"}]}
RESULT: {"script":"<script> [776 bytes]","args":[{"enterText":"4000360","selector":{"controlType":"sap.m.SearchField","properties":{"placeholder":"Search"},"searchOpenDialogs":true,"interaction":{"idSuffix":"I"}},"clearTextFirst":true,"interactionType":"ENTER_TEXT"}]}
COMMAND: POST /session/19c5ed65dbd52b03c8c783813379e291/actions - {"actions":[{"id":"action28","type":"key","parameters":{},"actions":[{"type":"keyDown","value":""},{"type":"pause","duration":10},{"type":"keyUp","value":""}]}]}
RESULT: {"actions":[{"id":"action28","type":"key","parameters":{},"actions":[{"type":"keyDown","value":""},{"type":"pause","duration":10},{"type":"keyUp","value":""}]}]}
COMMAND: GET /session/19c5ed65dbd52b03c8c783813379e291/screenshot - {}
RESULT: {}
COMMAND: POST /session/19c5ed65dbd52b03c8c783813379e291/element - {"using":"xpath","value":"//td/div/span[contains(text(), \"BGL Vehicles\")]"}
RESULT: {"using":"xpath","value":"//td/div/span[contains(text(), \"BGL Vehicles\")]"}
COMMAND: POST /session/19c5ed65dbd52b03c8c783813379e291/element/f.1FACEF5F4F0044855A63ECD1C0A7B6EF.d.3204973F329E8C3726F6741E6AFF5065.e.7463/click - {}
RESULT: {}
COMMAND: GET /session/19c5ed65dbd52b03c8c783813379e291/screenshot - {}
RESULT: {}
COMMAND: POST /session/19c5ed65dbd52b03c8c783813379e291/element - {"using":"xpath","value":"//bdi[contains(text(), \"OK\")]"}
RESULT: {"using":"xpath","value":"//bdi[contains(text(), \"OK\")]"}
COMMAND: POST /session/19c5ed65dbd52b03c8c783813379e291/element/f.1FACEF5F4F0044855A63ECD1C0A7B6EF.d.3204973F329E8C3726F6741E6AFF5065.e.7464/click - {}
RESULT: {}
COMMAND: GET /session/19c5ed65dbd52b03c8c783813379e291/screenshot - {}
RESULT: {}
COMMAND: POST /session/19c5ed65dbd52b03c8c783813379e291/execute/async - {"script":"<script> [1562 bytes]","args":[{"selector":{"id":"application-manageresources-display-component---newResourceUnit--newRRUPage-anchBar-application-manageresources-display-component---newResourceUnit--resource-anchor","interaction":{"idSuffix":"BDI-content"}},"wdio_ui5_key":"applicationmanageresources-display-component---newResourceUnit--newRRUPage-anchBar-application-manageresources-display-component---newResourceUnit--resource-anchor"}]}
RESULT: {"script":"<script> [1562 bytes]","args":[{"selector":{"id":"application-manageresources-display-component---newResourceUnit--newRRUPage-anchBar-application-manageresources-display-component---newResourceUnit--resource-anchor","interaction":{"idSuffix":"BDI-content"}},"wdio_ui5_key":"applicationmanageresources-display-component---newResourceUnit--newRRUPage-anchBar-application-manageresources-display-component---newResourceUnit--resource-anchor"}]}
RESULT: undefined
COMMAND: POST /session/19c5ed65dbd52b03c8c783813379e291/element - {"using":"xpath","value":"//*[@id=\"application-manageresources-display-component---newResourceUnit--newRRUPage-anchBar-application-manageresources-display-component---newResourceUnit--resource-anchor\"]"}
RESULT: {"using":"xpath","value":"//*[@id=\"application-manageresources-display-component---newResourceUnit--newRRUPage-anchBar-application-manageresources-display-component---newResourceUnit--resource-anchor\"]"}
COMMAND: POST /session/19c5ed65dbd52b03c8c783813379e291/element/f.1FACEF5F4F0044855A63ECD1C0A7B6EF.d.3204973F329E8C3726F6741E6AFF5065.e.7468/click - {}
RESULT: {}
COMMAND: POST /session/19c5ed65dbd52b03c8c783813379e291/execute/async - {"script":"<script> [1562 bytes]","args":[{"selector":{"id":"application-manageresources-display-component---newResourceUnit--PLANNED_DELIVERY_DATE","interaction":{"idSuffix":"inner"}},"wdio_ui5_key":"applicationmanageresources-display-component---newResourceUnit--PLANNED_DELIVERY_DATE"}]}
COMMAND: GET /session/19c5ed65dbd52b03c8c783813379e291/screenshot - {}
RESULT: {"script":"<script> [1562 bytes]","args":[{"selector":{"id":"application-manageresources-display-component---newResourceUnit--PLANNED_DELIVERY_DATE","interaction":{"idSuffix":"inner"}},"wdio_ui5_key":"applicationmanageresources-display-component---newResourceUnit--PLANNED_DELIVERY_DATE"}]}
RESULT: undefined
COMMAND: POST /session/19c5ed65dbd52b03c8c783813379e291/execute/async - {"script":"<script> [6424 bytes]","args":[{"element-6066-11e4-a52e-4f735466cecf":"f.1FACEF5F4F0044855A63ECD1C0A7B6EF.d.3204973F329E8C3726F6741E6AFF5065.e.7297"},"setValue",["5/30/25"]]}
RESULT: {}
RESULT: {"script":"<script> [6424 bytes]","args":[{"element-6066-11e4-a52e-4f735466cecf":"f.1FACEF5F4F0044855A63ECD1C0A7B6EF.d.3204973F329E8C3726F6741E6AFF5065.e.7297"},"setValue",["5/30/25"]]}
COMMAND: POST /session/19c5ed65dbd52b03c8c783813379e291/element - {"using":"xpath","value":"//label[contains(@class, 'sapMLabelRequired') and .//bdi[contains(text(), 'Planned Retirement')]]"}
RESULT: {"using":"xpath","value":"//label[contains(@class, 'sapMLabelRequired') and .//bdi[contains(text(), 'Planned Retirement')]]"}
COMMAND: POST /session/19c5ed65dbd52b03c8c783813379e291/elements - {"using":"xpath","value":"//label[contains(@class, 'sapMLabelRequired') and .//bdi[contains(text(), 'Planned Retirement')]]"}
RESULT: {"using":"xpath","value":"//label[contains(@class, 'sapMLabelRequired') and .//bdi[contains(text(), 'Planned Retirement')]]"}
COMMAND: POST /session/19c5ed65dbd52b03c8c783813379e291/element - {"using":"xpath","value":"//button[@data-kt=\"resourceUnitSaveButton\"]"}
RESULT: {"using":"xpath","value":"//button[@data-kt=\"resourceUnitSaveButton\"]"}
COMMAND: POST /session/19c5ed65dbd52b03c8c783813379e291/element/f.1FACEF5F4F0044855A63ECD1C0A7B6EF.d.3204973F329E8C3726F6741E6AFF5065.e.7257/click - {}
RESULT: {}
COMMAND: GET /session/19c5ed65dbd52b03c8c783813379e291/screenshot - {}
RESULT: {}
COMMAND: POST /session/19c5ed65dbd52b03c8c783813379e291/element - {"using":"xpath","value":"//bdi[contains(text(), \"Close\")]"}
RESULT: {"using":"xpath","value":"//bdi[contains(text(), \"Close\")]"}
COMMAND: POST /session/19c5ed65dbd52b03c8c783813379e291/element/f.1FACEF5F4F0044855A63ECD1C0A7B6EF.d.3204973F329E8C3726F6741E6AFF5065.e.7477/click - {}
RESULT: {}
COMMAND: GET /session/19c5ed65dbd52b03c8c783813379e291/screenshot - {}
RESULT: {}
COMMAND: POST /session/19c5ed65dbd52b03c8c783813379e291/element - {"using":"xpath","value":"//bdi[contains(text(), \"Edit\")]"}
RESULT: {"using":"xpath","value":"//bdi[contains(text(), \"Edit\")]"}
COMMAND: POST /session/19c5ed65dbd52b03c8c783813379e291/execute/sync - {"script":"<script> [8489 bytes]","args":[{"element-6066-11e4-a52e-4f735466cecf":"f.1FACEF5F4F0044855A63ECD1C0A7B6EF.d.3204973F329E8C3726F6741E6AFF5065.e.7508","ELEMENT":"f.1FACEF5F4F0044855A63ECD1C0A7B6EF.d.3204973F329E8C3726F6741E6AFF5065.e.7508"}]}
RESULT: {"script":"<script> [8489 bytes]","args":[{"element-6066-11e4-a52e-4f735466cecf":"f.1FACEF5F4F0044855A63ECD1C0A7B6EF.d.3204973F329E8C3726F6741E6AFF5065.e.7508","ELEMENT":"f.1FACEF5F4F0044855A63ECD1C0A7B6EF.d.3204973F329E8C3726F6741E6AFF5065.e.7508"}]}
COMMAND: POST /session/19c5ed65dbd52b03c8c783813379e291/element/f.1FACEF5F4F0044855A63ECD1C0A7B6EF.d.3204973F329E8C3726F6741E6AFF5065.e.7508/click - {}
COMMAND: GET /session/19c5ed65dbd52b03c8c783813379e291/screenshot - {}
RESULT: {}
COMMAND: GET /session/19c5ed65dbd52b03c8c783813379e291/screenshot - {}
COMMAND: POST /session/19c5ed65dbd52b03c8c783813379e291/execute/async - {"script":"<script> [1562 bytes]","args":[{"selector":{"id":"application-manageresources-display-component---editResource--editRruPage-anchBar-application-manageresources-display-component---editResource--counters-anchor","interaction":{"idSuffix":"BDI-content"}},"wdio_ui5_key":"applicationmanageresources-display-component---editResource--editRruPage-anchBar-application-manageresources-display-component---editResource--counters-anchor"}]}
RESULT: {}
RESULT: {}
RESULT: {"script":"<script> [1562 bytes]","args":[{"selector":{"id":"application-manageresources-display-component---editResource--editRruPage-anchBar-application-manageresources-display-component---editResource--counters-anchor","interaction":{"idSuffix":"BDI-content"}},"wdio_ui5_key":"applicationmanageresources-display-component---editResource--editRruPage-anchBar-application-manageresources-display-component---editResource--counters-anchor"}]}
RESULT: undefined
COMMAND: POST /session/19c5ed65dbd52b03c8c783813379e291/element - {"using":"xpath","value":"//*[@id=\"application-manageresources-display-component---editResource--editRruPage-anchBar-application-manageresources-display-component---editResource--counters-anchor\"]"}
RESULT: {"using":"xpath","value":"//*[@id=\"application-manageresources-display-component---editResource--editRruPage-anchBar-application-manageresources-display-component---editResource--counters-anchor\"]"}
COMMAND: POST /session/19c5ed65dbd52b03c8c783813379e291/element/f.1FACEF5F4F0044855A63ECD1C0A7B6EF.d.3204973F329E8C3726F6741E6AFF5065.e.7653/click - {}
RESULT: {}
COMMAND: GET /session/19c5ed65dbd52b03c8c783813379e291/screenshot - {}
RESULT: {}
COMMAND: POST /session/19c5ed65dbd52b03c8c783813379e291/execute/async - {"script":"<script> [1562 bytes]","args":[{"selector":{"id":"application-manageresources-display-component---editResource--btnAddCounter-img"},"wdio_ui5_key":"applicationmanageresources-display-component---editResource--btnAddCounter-img"}]}
RESULT: {"script":"<script> [1562 bytes]","args":[{"selector":{"id":"application-manageresources-display-component---editResource--btnAddCounter-img"},"wdio_ui5_key":"applicationmanageresources-display-component---editResource--btnAddCounter-img"}]}
RESULT: undefined
COMMAND: POST /session/19c5ed65dbd52b03c8c783813379e291/element - {"using":"xpath","value":"//*[@id=\"application-manageresources-display-component---editResource--btnAddCounter-img\"]"}
RESULT: {"using":"xpath","value":"//*[@id=\"application-manageresources-display-component---editResource--btnAddCounter-img\"]"}
COMMAND: POST /session/19c5ed65dbd52b03c8c783813379e291/element/f.1FACEF5F4F0044855A63ECD1C0A7B6EF.d.3204973F329E8C3726F6741E6AFF5065.e.7658/click - {}
RESULT: {}
COMMAND: POST /session/19c5ed65dbd52b03c8c783813379e291/execute/async - {"script":"<script> [1562 bytes]","args":[{"selector":{"id":"application-manageresources-display-component---editResource--COUNTER_ID-application-manageresources-display-component---editResource--RUCounters-0-arrow"},"wdio_ui5_key":"applicationmanageresources-display-component---editResource--COUNTER_ID-application-manageresources-display-component---editResource--RUCounters-0-arrow"}]}
COMMAND: GET /session/19c5ed65dbd52b03c8c783813379e291/screenshot - {}
RESULT: {"script":"<script> [1562 bytes]","args":[{"selector":{"id":"application-manageresources-display-component---editResource--COUNTER_ID-application-manageresources-display-component---editResource--RUCounters-0-arrow"},"wdio_ui5_key":"applicationmanageresources-display-component---editResource--COUNTER_ID-application-manageresources-display-component---editResource--RUCounters-0-arrow"}]}
RESULT: undefined
COMMAND: POST /session/19c5ed65dbd52b03c8c783813379e291/element - {"using":"xpath","value":"//*[@id=\"application-manageresources-display-component---editResource--COUNTER_ID-application-manageresources-display-component---editResource--RUCounters-0-arrow\"]"}
RESULT: {}
RESULT: {"using":"xpath","value":"//*[@id=\"application-manageresources-display-component---editResource--COUNTER_ID-application-manageresources-display-component---editResource--RUCounters-0-arrow\"]"}
COMMAND: POST /session/19c5ed65dbd52b03c8c783813379e291/element/f.1FACEF5F4F0044855A63ECD1C0A7B6EF.d.3204973F329E8C3726F6741E6AFF5065.e.7663/click - {}
RESULT: {}
COMMAND: POST /session/19c5ed65dbd52b03c8c783813379e291/execute/async - {"script":"<script> [1562 bytes]","args":[{"selector":{"controlType":"sap.m.StandardListItem","viewName":"etm.portal.ui.manageresources.view.EditResource","viewId":"application-manageresources-display-component---editResource","properties":{"title":"fuel"},"searchOpenDialogs":true,"interaction":{"idSuffix":"content"}},"wdio_ui5_key":"etmportal.ui.manageresources.view.EditResourcesap.m.StandardListItem{\"title\":\"fuel\"}"}]}
COMMAND: GET /session/19c5ed65dbd52b03c8c783813379e291/screenshot - {}
RESULT: {"script":"<script> [1562 bytes]","args":[{"selector":{"controlType":"sap.m.StandardListItem","viewName":"etm.portal.ui.manageresources.view.EditResource","viewId":"application-manageresources-display-component---editResource","properties":{"title":"fuel"},"searchOpenDialogs":true,"interaction":{"idSuffix":"content"}},"wdio_ui5_key":"etmportal.ui.manageresources.view.EditResourcesap.m.StandardListItem{\"title\":\"fuel\"}"}]}
RESULT: undefined
COMMAND: POST /session/19c5ed65dbd52b03c8c783813379e291/element - {"using":"xpath","value":"//*[@id=\"__item2667\"]"}
RESULT: {}
RESULT: {"using":"xpath","value":"//*[@id=\"__item2667\"]"}
COMMAND: POST /session/19c5ed65dbd52b03c8c783813379e291/element/f.1FACEF5F4F0044855A63ECD1C0A7B6EF.d.3204973F329E8C3726F6741E6AFF5065.e.7665/click - {}
RESULT: {}
COMMAND: GET /session/19c5ed65dbd52b03c8c783813379e291/screenshot - {}
RESULT: {}
COMMAND: POST /session/19c5ed65dbd52b03c8c783813379e291/element - {"using":"xpath","value":"//button[@data-kt=\"saveButton\"]"}
RESULT: {"using":"xpath","value":"//button[@data-kt=\"saveButton\"]"}
COMMAND: POST /session/19c5ed65dbd52b03c8c783813379e291/element/f.1FACEF5F4F0044855A63ECD1C0A7B6EF.d.3204973F329E8C3726F6741E6AFF5065.e.7666/click - {}
RESULT: {}
COMMAND: GET /session/19c5ed65dbd52b03c8c783813379e291/screenshot - {}
RESULT: {}
COMMAND: POST /session/19c5ed65dbd52b03c8c783813379e291/element - {"using":"xpath","value":"(//button[contains(@id ,\"actionsToolbar-overflowButton\")])[1]"}
RESULT: {"using":"xpath","value":"(//button[contains(@id ,\"actionsToolbar-overflowButton\")])[1]"}
COMMAND: POST /session/19c5ed65dbd52b03c8c783813379e291/element/f.1FACEF5F4F0044855A63ECD1C0A7B6EF.d.3204973F329E8C3726F6741E6AFF5065.e.7679/click - {}
RESULT: {}
COMMAND: GET /session/19c5ed65dbd52b03c8c783813379e291/screenshot - {}
RESULT: {}
COMMAND: POST /session/19c5ed65dbd52b03c8c783813379e291/element - {"using":"xpath","value":"//button[@data-kt=\"priceInfoButton\"]"}
RESULT: {"using":"xpath","value":"//button[@data-kt=\"priceInfoButton\"]"}
COMMAND: POST /session/19c5ed65dbd52b03c8c783813379e291/element/f.1FACEF5F4F0044855A63ECD1C0A7B6EF.d.3204973F329E8C3726F6741E6AFF5065.e.7681/click - {}
RESULT: {}
COMMAND: GET /session/19c5ed65dbd52b03c8c783813379e291/screenshot - {}
RESULT: {}
]]></system-out>
    </testcase>
    <testcase classname="chrome.136_0_7103_93.windows.Create_master_data_for_mixed_billing_&amp;_do_billing_calculation_US151661" name="Should create a TB pricing procedure" time="56.085">
      <system-out><![CDATA[
COMMAND: POST /session/19c5ed65dbd52b03c8c783813379e291/element - {"using":"xpath","value":"//button[@data-kt=\"addButton\"]"}
RESULT: {"using":"xpath","value":"//button[@data-kt=\"addButton\"]"}
COMMAND: POST /session/19c5ed65dbd52b03c8c783813379e291/elements - {"using":"xpath","value":"//button[@data-kt=\"addButton\"]"}
RESULT: {"using":"xpath","value":"//button[@data-kt=\"addButton\"]"}
COMMAND: POST /session/19c5ed65dbd52b03c8c783813379e291/execute/sync - {"script":"<script> [8489 bytes]","args":[{"element-6066-11e4-a52e-4f735466cecf":"f.1FACEF5F4F0044855A63ECD1C0A7B6EF.d.3204973F329E8C3726F6741E6AFF5065.e.7718","ELEMENT":"f.1FACEF5F4F0044855A63ECD1C0A7B6EF.d.3204973F329E8C3726F6741E6AFF5065.e.7718"}]}
RESULT: {"script":"<script> [8489 bytes]","args":[{"element-6066-11e4-a52e-4f735466cecf":"f.1FACEF5F4F0044855A63ECD1C0A7B6EF.d.3204973F329E8C3726F6741E6AFF5065.e.7718","ELEMENT":"f.1FACEF5F4F0044855A63ECD1C0A7B6EF.d.3204973F329E8C3726F6741E6AFF5065.e.7718"}]}
COMMAND: GET /session/19c5ed65dbd52b03c8c783813379e291/element/f.1FACEF5F4F0044855A63ECD1C0A7B6EF.d.3204973F329E8C3726F6741E6AFF5065.e.7718/enabled - {}
COMMAND: GET /session/19c5ed65dbd52b03c8c783813379e291/screenshot - {}
RESULT: {}
COMMAND: POST /session/19c5ed65dbd52b03c8c783813379e291/execute/sync - {"script":"<script> [8489 bytes]","args":[{"element-6066-11e4-a52e-4f735466cecf":"f.1FACEF5F4F0044855A63ECD1C0A7B6EF.d.3204973F329E8C3726F6741E6AFF5065.e.7718","ELEMENT":"f.1FACEF5F4F0044855A63ECD1C0A7B6EF.d.3204973F329E8C3726F6741E6AFF5065.e.7718"}]}
COMMAND: GET /session/19c5ed65dbd52b03c8c783813379e291/screenshot - {}
RESULT: {}
RESULT: {"script":"<script> [8489 bytes]","args":[{"element-6066-11e4-a52e-4f735466cecf":"f.1FACEF5F4F0044855A63ECD1C0A7B6EF.d.3204973F329E8C3726F6741E6AFF5065.e.7718","ELEMENT":"f.1FACEF5F4F0044855A63ECD1C0A7B6EF.d.3204973F329E8C3726F6741E6AFF5065.e.7718"}]}
COMMAND: POST /session/19c5ed65dbd52b03c8c783813379e291/execute/sync - {"script":"<script> [5351 bytes]","args":[{"element-6066-11e4-a52e-4f735466cecf":"f.1FACEF5F4F0044855A63ECD1C0A7B6EF.d.3204973F329E8C3726F6741E6AFF5065.e.7718","ELEMENT":"f.1FACEF5F4F0044855A63ECD1C0A7B6EF.d.3204973F329E8C3726F6741E6AFF5065.e.7718"}]}
COMMAND: GET /session/19c5ed65dbd52b03c8c783813379e291/screenshot - {}
RESULT: {}
RESULT: {"script":"<script> [5351 bytes]","args":[{"element-6066-11e4-a52e-4f735466cecf":"f.1FACEF5F4F0044855A63ECD1C0A7B6EF.d.3204973F329E8C3726F6741E6AFF5065.e.7718","ELEMENT":"f.1FACEF5F4F0044855A63ECD1C0A7B6EF.d.3204973F329E8C3726F6741E6AFF5065.e.7718"}]}
COMMAND: POST /session/19c5ed65dbd52b03c8c783813379e291/element/f.1FACEF5F4F0044855A63ECD1C0A7B6EF.d.3204973F329E8C3726F6741E6AFF5065.e.7718/click - {}
COMMAND: GET /session/19c5ed65dbd52b03c8c783813379e291/screenshot - {}
RESULT: {}
RESULT: {}
COMMAND: GET /session/19c5ed65dbd52b03c8c783813379e291/screenshot - {}
RESULT: {}
RESULT: {}
COMMAND: POST /session/19c5ed65dbd52b03c8c783813379e291/execute/async - {"script":"<script> [1562 bytes]","args":[{"selector":{"controlType":"sap.m.Title","viewName":"etm.portal.ui.managepricingrules.view.NewItem","viewId":"application-managepricingrules-display-component---newInfoPriceItem","properties":{"text":"New Pricing Rules - Item Level"}},"wdio_ui5_key":"etmportal.ui.managepricingrules.view.NewItemsap.m.Title{\"text\":\"New Pricing Rules - Item Level\"}"}]}
RESULT: {"script":"<script> [1562 bytes]","args":[{"selector":{"controlType":"sap.m.Title","viewName":"etm.portal.ui.managepricingrules.view.NewItem","viewId":"application-managepricingrules-display-component---newInfoPriceItem","properties":{"text":"New Pricing Rules - Item Level"}},"wdio_ui5_key":"etmportal.ui.managepricingrules.view.NewItemsap.m.Title{\"text\":\"New Pricing Rules - Item Level\"}"}]}
RESULT: undefined
COMMAND: POST /session/19c5ed65dbd52b03c8c783813379e291/execute/async - {"script":"<script> [6424 bytes]","args":[{"element-6066-11e4-a52e-4f735466cecf":"f.1FACEF5F4F0044855A63ECD1C0A7B6EF.d.3204973F329E8C3726F6741E6AFF5065.e.7890"},"getText",[]]}
RESULT: {"script":"<script> [6424 bytes]","args":[{"element-6066-11e4-a52e-4f735466cecf":"f.1FACEF5F4F0044855A63ECD1C0A7B6EF.d.3204973F329E8C3726F6741E6AFF5065.e.7890"},"getText",[]]}
COMMAND: POST /session/19c5ed65dbd52b03c8c783813379e291/execute/async - {"script":"<script> [1562 bytes]","args":[{"selector":{"id":"application-managepricingrules-display-component---newInfoPriceItem--condValidTo","interaction":{"idSuffix":"inner"}},"wdio_ui5_key":"applicationmanagepricingrules-display-component---newInfoPriceItem--condValidTo"}]}
RESULT: {"script":"<script> [1562 bytes]","args":[{"selector":{"id":"application-managepricingrules-display-component---newInfoPriceItem--condValidTo","interaction":{"idSuffix":"inner"}},"wdio_ui5_key":"applicationmanagepricingrules-display-component---newInfoPriceItem--condValidTo"}]}
RESULT: undefined
COMMAND: POST /session/19c5ed65dbd52b03c8c783813379e291/execute/async - {"script":"<script> [776 bytes]","args":[{"enterText":"1/30/26","selector":{"id":"application-managepricingrules-display-component---newInfoPriceItem--condValidTo","interaction":{"idSuffix":"inner"}},"clearTextFirst":true,"interactionType":"ENTER_TEXT"}]}
RESULT: {"script":"<script> [776 bytes]","args":[{"enterText":"1/30/26","selector":{"id":"application-managepricingrules-display-component---newInfoPriceItem--condValidTo","interaction":{"idSuffix":"inner"}},"clearTextFirst":true,"interactionType":"ENTER_TEXT"}]}
COMMAND: POST /session/19c5ed65dbd52b03c8c783813379e291/execute/async - {"script":"<script> [1562 bytes]","args":[{"selector":{"id":"application-managepricingrules-display-component---newInfoPriceItem--billType-arrow"},"wdio_ui5_key":"applicationmanagepricingrules-display-component---newInfoPriceItem--billType-arrow"}]}
RESULT: {"script":"<script> [1562 bytes]","args":[{"selector":{"id":"application-managepricingrules-display-component---newInfoPriceItem--billType-arrow"},"wdio_ui5_key":"applicationmanagepricingrules-display-component---newInfoPriceItem--billType-arrow"}]}
RESULT: undefined
COMMAND: POST /session/19c5ed65dbd52b03c8c783813379e291/element - {"using":"xpath","value":"//*[@id=\"application-managepricingrules-display-component---newInfoPriceItem--billType-arrow\"]"}
RESULT: {"using":"xpath","value":"//*[@id=\"application-managepricingrules-display-component---newInfoPriceItem--billType-arrow\"]"}
COMMAND: POST /session/19c5ed65dbd52b03c8c783813379e291/element/f.1FACEF5F4F0044855A63ECD1C0A7B6EF.d.3204973F329E8C3726F6741E6AFF5065.e.7849/click - {}
RESULT: {}
COMMAND: POST /session/19c5ed65dbd52b03c8c783813379e291/element - {"using":"xpath","value":"//span[contains(text(), \"TB - Time based\")]"}
COMMAND: GET /session/19c5ed65dbd52b03c8c783813379e291/screenshot - {}
RESULT: {"using":"xpath","value":"//span[contains(text(), \"TB - Time based\")]"}
COMMAND: POST /session/19c5ed65dbd52b03c8c783813379e291/element/f.1FACEF5F4F0044855A63ECD1C0A7B6EF.d.3204973F329E8C3726F6741E6AFF5065.e.7892/click - {}
RESULT: {}
RESULT: {}
COMMAND: POST /session/19c5ed65dbd52b03c8c783813379e291/execute/async - {"script":"<script> [1562 bytes]","args":[{"selector":{"id":"application-managepricingrules-display-component---newInfoPriceItem--priceProc-arrow"},"wdio_ui5_key":"applicationmanagepricingrules-display-component---newInfoPriceItem--priceProc-arrow"}]}
COMMAND: GET /session/19c5ed65dbd52b03c8c783813379e291/screenshot - {}
RESULT: {"script":"<script> [1562 bytes]","args":[{"selector":{"id":"application-managepricingrules-display-component---newInfoPriceItem--priceProc-arrow"},"wdio_ui5_key":"applicationmanagepricingrules-display-component---newInfoPriceItem--priceProc-arrow"}]}
RESULT: undefined
COMMAND: POST /session/19c5ed65dbd52b03c8c783813379e291/element - {"using":"xpath","value":"//*[@id=\"application-managepricingrules-display-component---newInfoPriceItem--priceProc-arrow\"]"}
RESULT: {}
RESULT: {"using":"xpath","value":"//*[@id=\"application-managepricingrules-display-component---newInfoPriceItem--priceProc-arrow\"]"}
COMMAND: POST /session/19c5ed65dbd52b03c8c783813379e291/element/f.1FACEF5F4F0044855A63ECD1C0A7B6EF.d.3204973F329E8C3726F6741E6AFF5065.e.7856/click - {}
RESULT: {}
COMMAND: POST /session/19c5ed65dbd52b03c8c783813379e291/element - {"using":"xpath","value":"//span[contains(text(), \"TB - Time based BGL\")]"}
COMMAND: GET /session/19c5ed65dbd52b03c8c783813379e291/screenshot - {}
RESULT: {"using":"xpath","value":"//span[contains(text(), \"TB - Time based BGL\")]"}
COMMAND: POST /session/19c5ed65dbd52b03c8c783813379e291/element/f.1FACEF5F4F0044855A63ECD1C0A7B6EF.d.3204973F329E8C3726F6741E6AFF5065.e.7893/click - {}
RESULT: {}
RESULT: {}
COMMAND: POST /session/19c5ed65dbd52b03c8c783813379e291/execute/async - {"script":"<script> [1562 bytes]","args":[{"selector":{"id":"application-managepricingrules-display-component---newInfoPriceItem--calcBase-arrow"},"wdio_ui5_key":"applicationmanagepricingrules-display-component---newInfoPriceItem--calcBase-arrow"}]}
COMMAND: GET /session/19c5ed65dbd52b03c8c783813379e291/screenshot - {}
RESULT: {"script":"<script> [1562 bytes]","args":[{"selector":{"id":"application-managepricingrules-display-component---newInfoPriceItem--calcBase-arrow"},"wdio_ui5_key":"applicationmanagepricingrules-display-component---newInfoPriceItem--calcBase-arrow"}]}
RESULT: undefined
COMMAND: POST /session/19c5ed65dbd52b03c8c783813379e291/element - {"using":"xpath","value":"//*[@id=\"application-managepricingrules-display-component---newInfoPriceItem--calcBase-arrow\"]"}
RESULT: {}
RESULT: {"using":"xpath","value":"//*[@id=\"application-managepricingrules-display-component---newInfoPriceItem--calcBase-arrow\"]"}
COMMAND: POST /session/19c5ed65dbd52b03c8c783813379e291/element/f.1FACEF5F4F0044855A63ECD1C0A7B6EF.d.3204973F329E8C3726F6741E6AFF5065.e.7863/click - {}
RESULT: {}
COMMAND: GET /session/19c5ed65dbd52b03c8c783813379e291/screenshot - {}
RESULT: {}
COMMAND: POST /session/19c5ed65dbd52b03c8c783813379e291/element - {"using":"xpath","value":"//span[contains(text(), \"0006 - TB(calendar days)\")]"}
RESULT: {"using":"xpath","value":"//span[contains(text(), \"0006 - TB(calendar days)\")]"}
COMMAND: POST /session/19c5ed65dbd52b03c8c783813379e291/element/f.1FACEF5F4F0044855A63ECD1C0A7B6EF.d.3204973F329E8C3726F6741E6AFF5065.e.7894/click - {}
RESULT: {}
COMMAND: GET /session/19c5ed65dbd52b03c8c783813379e291/screenshot - {}
RESULT: {}
COMMAND: POST /session/19c5ed65dbd52b03c8c783813379e291/execute/async - {"script":"<script> [1562 bytes]","args":[{"selector":{"id":"application-managepricingrules-display-component---newInfoPriceItem--hoursMonth","interaction":{"idSuffix":"inner"}},"wdio_ui5_key":"applicationmanagepricingrules-display-component---newInfoPriceItem--hoursMonth"}]}
RESULT: {"script":"<script> [1562 bytes]","args":[{"selector":{"id":"application-managepricingrules-display-component---newInfoPriceItem--hoursMonth","interaction":{"idSuffix":"inner"}},"wdio_ui5_key":"applicationmanagepricingrules-display-component---newInfoPriceItem--hoursMonth"}]}
RESULT: undefined
COMMAND: POST /session/19c5ed65dbd52b03c8c783813379e291/execute/async - {"script":"<script> [776 bytes]","args":[{"enterText":"160","selector":{"id":"application-managepricingrules-display-component---newInfoPriceItem--hoursMonth","interaction":{"idSuffix":"inner"}},"clearTextFirst":true,"interactionType":"ENTER_TEXT"}]}
RESULT: {"script":"<script> [776 bytes]","args":[{"enterText":"160","selector":{"id":"application-managepricingrules-display-component---newInfoPriceItem--hoursMonth","interaction":{"idSuffix":"inner"}},"clearTextFirst":true,"interactionType":"ENTER_TEXT"}]}
COMMAND: POST /session/19c5ed65dbd52b03c8c783813379e291/execute/async - {"script":"<script> [1562 bytes]","args":[{"selector":{"id":"application-managepricingrules-display-component---newInfoPriceItem--daysMonth","interaction":{"idSuffix":"inner"}},"wdio_ui5_key":"applicationmanagepricingrules-display-component---newInfoPriceItem--daysMonth"}]}
RESULT: {"script":"<script> [1562 bytes]","args":[{"selector":{"id":"application-managepricingrules-display-component---newInfoPriceItem--daysMonth","interaction":{"idSuffix":"inner"}},"wdio_ui5_key":"applicationmanagepricingrules-display-component---newInfoPriceItem--daysMonth"}]}
RESULT: undefined
COMMAND: POST /session/19c5ed65dbd52b03c8c783813379e291/execute/async - {"script":"<script> [776 bytes]","args":[{"enterText":"30","selector":{"id":"application-managepricingrules-display-component---newInfoPriceItem--daysMonth","interaction":{"idSuffix":"inner"}},"clearTextFirst":true,"interactionType":"ENTER_TEXT"}]}
RESULT: {"script":"<script> [776 bytes]","args":[{"enterText":"30","selector":{"id":"application-managepricingrules-display-component---newInfoPriceItem--daysMonth","interaction":{"idSuffix":"inner"}},"clearTextFirst":true,"interactionType":"ENTER_TEXT"}]}
COMMAND: POST /session/19c5ed65dbd52b03c8c783813379e291/element - {"using":"xpath","value":"//button[@data-kt=\"saveNewRuleButton\"]"}
RESULT: {"using":"xpath","value":"//button[@data-kt=\"saveNewRuleButton\"]"}
COMMAND: POST /session/19c5ed65dbd52b03c8c783813379e291/element/f.1FACEF5F4F0044855A63ECD1C0A7B6EF.d.3204973F329E8C3726F6741E6AFF5065.e.7883/click - {}
RESULT: {}
COMMAND: GET /session/19c5ed65dbd52b03c8c783813379e291/screenshot - {}
RESULT: {}
COMMAND: POST /session/19c5ed65dbd52b03c8c783813379e291/execute/async - {"script":"<script> [1562 bytes]","args":[{"selector":{"id":"application-managepricingrules-display-component---priceInfoItem--smartFilterBar-btnBasicSearch","interaction":{"idSuffix":"I"}},"wdio_ui5_key":"applicationmanagepricingrules-display-component---priceInfoItem--smartFilterBar-btnBasicSearch"}]}
RESULT: {"script":"<script> [1562 bytes]","args":[{"selector":{"id":"application-managepricingrules-display-component---priceInfoItem--smartFilterBar-btnBasicSearch","interaction":{"idSuffix":"I"}},"wdio_ui5_key":"applicationmanagepricingrules-display-component---priceInfoItem--smartFilterBar-btnBasicSearch"}]}
RESULT: undefined
COMMAND: POST /session/19c5ed65dbd52b03c8c783813379e291/execute/async - {"script":"<script> [776 bytes]","args":[{"enterText":"eGlaR5JfCY","selector":{"id":"application-managepricingrules-display-component---priceInfoItem--smartFilterBar-btnBasicSearch","interaction":{"idSuffix":"I"}},"clearTextFirst":true,"interactionType":"ENTER_TEXT"}]}
RESULT: {"script":"<script> [776 bytes]","args":[{"enterText":"eGlaR5JfCY","selector":{"id":"application-managepricingrules-display-component---priceInfoItem--smartFilterBar-btnBasicSearch","interaction":{"idSuffix":"I"}},"clearTextFirst":true,"interactionType":"ENTER_TEXT"}]}
COMMAND: POST /session/19c5ed65dbd52b03c8c783813379e291/actions - {"actions":[{"id":"action29","type":"key","parameters":{},"actions":[{"type":"keyDown","value":""},{"type":"pause","duration":10},{"type":"keyUp","value":""}]}]}
RESULT: {"actions":[{"id":"action29","type":"key","parameters":{},"actions":[{"type":"keyDown","value":""},{"type":"pause","duration":10},{"type":"keyUp","value":""}]}]}
COMMAND: GET /session/19c5ed65dbd52b03c8c783813379e291/screenshot - {}
RESULT: {}
COMMAND: POST /session/19c5ed65dbd52b03c8c783813379e291/element - {"using":"xpath","value":"//span[@id=\"application-managepricingrules-display-component---priceInfoItem--smartTable-header-inner\"]"}
RESULT: {"using":"xpath","value":"//span[@id=\"application-managepricingrules-display-component---priceInfoItem--smartTable-header-inner\"]"}
COMMAND: POST /session/19c5ed65dbd52b03c8c783813379e291/elements - {"using":"xpath","value":"//span[@id=\"application-managepricingrules-display-component---priceInfoItem--smartTable-header-inner\"]"}
RESULT: {"using":"xpath","value":"//span[@id=\"application-managepricingrules-display-component---priceInfoItem--smartTable-header-inner\"]"}
COMMAND: POST /session/19c5ed65dbd52b03c8c783813379e291/execute/sync - {"script":"<script> [56 bytes]","args":[{"element-6066-11e4-a52e-4f735466cecf":"f.1FACEF5F4F0044855A63ECD1C0A7B6EF.d.3204973F329E8C3726F6741E6AFF5065.e.7920","ELEMENT":"f.1FACEF5F4F0044855A63ECD1C0A7B6EF.d.3204973F329E8C3726F6741E6AFF5065.e.7920"}]}
RESULT: {"script":"<script> [56 bytes]","args":[{"element-6066-11e4-a52e-4f735466cecf":"f.1FACEF5F4F0044855A63ECD1C0A7B6EF.d.3204973F329E8C3726F6741E6AFF5065.e.7920","ELEMENT":"f.1FACEF5F4F0044855A63ECD1C0A7B6EF.d.3204973F329E8C3726F6741E6AFF5065.e.7920"}]}
COMMAND: POST /session/19c5ed65dbd52b03c8c783813379e291/element - {"using":"css selector","value":"#shell-header-logo"}
COMMAND: GET /session/19c5ed65dbd52b03c8c783813379e291/screenshot - {}
RESULT: {"using":"css selector","value":"#shell-header-logo"}
COMMAND: POST /session/19c5ed65dbd52b03c8c783813379e291/element/f.1FACEF5F4F0044855A63ECD1C0A7B6EF.d.3204973F329E8C3726F6741E6AFF5065.e.6850/click - {}
RESULT: {}
RESULT: {}
COMMAND: GET /session/19c5ed65dbd52b03c8c783813379e291/screenshot - {}
RESULT: {}
]]></system-out>
    </testcase>
    <testcase classname="chrome.136_0_7103_93.windows.Create_master_data_for_mixed_billing_&amp;_do_billing_calculation_US151661" name="Should add one time condition" time="66.796">
      <system-out><![CDATA[
COMMAND: POST /session/19c5ed65dbd52b03c8c783813379e291/execute/async - {"script":"<script> [1562 bytes]","args":[{"selector":{"controlType":"sap.m.GenericTile","properties":{"header":"Manage Conditions & Prices"}},"wdio_ui5_key":"sapm.GenericTile{\"header\":\"Manage Conditions & Prices\"}"}]}
RESULT: {"script":"<script> [1562 bytes]","args":[{"selector":{"controlType":"sap.m.GenericTile","properties":{"header":"Manage Conditions & Prices"}},"wdio_ui5_key":"sapm.GenericTile{\"header\":\"Manage Conditions & Prices\"}"}]}
RESULT: undefined
COMMAND: POST /session/19c5ed65dbd52b03c8c783813379e291/element - {"using":"xpath","value":"//*[@id=\"__tile53\"]"}
RESULT: {"using":"xpath","value":"//*[@id=\"__tile53\"]"}
COMMAND: POST /session/19c5ed65dbd52b03c8c783813379e291/element/f.1FACEF5F4F0044855A63ECD1C0A7B6EF.d.3204973F329E8C3726F6741E6AFF5065.e.4545/click - {}
RESULT: {}
COMMAND: GET /session/19c5ed65dbd52b03c8c783813379e291/screenshot - {}
RESULT: {}
COMMAND: POST /session/19c5ed65dbd52b03c8c783813379e291/elements - {"using":"xpath","value":"//span[text()='Error']"}
RESULT: {"using":"xpath","value":"//span[text()='Error']"}
COMMAND: POST /session/19c5ed65dbd52b03c8c783813379e291/element - {"using":"xpath","value":"//button[@aria-label=\"Create\"]"}
RESULT: {"using":"xpath","value":"//button[@aria-label=\"Create\"]"}
COMMAND: POST /session/19c5ed65dbd52b03c8c783813379e291/elements - {"using":"xpath","value":"//button[@aria-label=\"Create\"]"}
RESULT: {"using":"xpath","value":"//button[@aria-label=\"Create\"]"}
COMMAND: POST /session/19c5ed65dbd52b03c8c783813379e291/execute/sync - {"script":"<script> [8489 bytes]","args":[{"element-6066-11e4-a52e-4f735466cecf":"f.1FACEF5F4F0044855A63ECD1C0A7B6EF.d.3204973F329E8C3726F6741E6AFF5065.e.7953","ELEMENT":"f.1FACEF5F4F0044855A63ECD1C0A7B6EF.d.3204973F329E8C3726F6741E6AFF5065.e.7953"}]}
RESULT: {"script":"<script> [8489 bytes]","args":[{"element-6066-11e4-a52e-4f735466cecf":"f.1FACEF5F4F0044855A63ECD1C0A7B6EF.d.3204973F329E8C3726F6741E6AFF5065.e.7953","ELEMENT":"f.1FACEF5F4F0044855A63ECD1C0A7B6EF.d.3204973F329E8C3726F6741E6AFF5065.e.7953"}]}
COMMAND: GET /session/19c5ed65dbd52b03c8c783813379e291/element/f.1FACEF5F4F0044855A63ECD1C0A7B6EF.d.3204973F329E8C3726F6741E6AFF5065.e.7953/enabled - {}
COMMAND: GET /session/19c5ed65dbd52b03c8c783813379e291/screenshot - {}
RESULT: {}
COMMAND: POST /session/19c5ed65dbd52b03c8c783813379e291/execute/sync - {"script":"<script> [8489 bytes]","args":[{"element-6066-11e4-a52e-4f735466cecf":"f.1FACEF5F4F0044855A63ECD1C0A7B6EF.d.3204973F329E8C3726F6741E6AFF5065.e.7953","ELEMENT":"f.1FACEF5F4F0044855A63ECD1C0A7B6EF.d.3204973F329E8C3726F6741E6AFF5065.e.7953"}]}
COMMAND: GET /session/19c5ed65dbd52b03c8c783813379e291/screenshot - {}
RESULT: {}
RESULT: {"script":"<script> [8489 bytes]","args":[{"element-6066-11e4-a52e-4f735466cecf":"f.1FACEF5F4F0044855A63ECD1C0A7B6EF.d.3204973F329E8C3726F6741E6AFF5065.e.7953","ELEMENT":"f.1FACEF5F4F0044855A63ECD1C0A7B6EF.d.3204973F329E8C3726F6741E6AFF5065.e.7953"}]}
COMMAND: POST /session/19c5ed65dbd52b03c8c783813379e291/execute/sync - {"script":"<script> [5351 bytes]","args":[{"element-6066-11e4-a52e-4f735466cecf":"f.1FACEF5F4F0044855A63ECD1C0A7B6EF.d.3204973F329E8C3726F6741E6AFF5065.e.7953","ELEMENT":"f.1FACEF5F4F0044855A63ECD1C0A7B6EF.d.3204973F329E8C3726F6741E6AFF5065.e.7953"}]}
COMMAND: GET /session/19c5ed65dbd52b03c8c783813379e291/screenshot - {}
RESULT: {}
RESULT: {"script":"<script> [5351 bytes]","args":[{"element-6066-11e4-a52e-4f735466cecf":"f.1FACEF5F4F0044855A63ECD1C0A7B6EF.d.3204973F329E8C3726F6741E6AFF5065.e.7953","ELEMENT":"f.1FACEF5F4F0044855A63ECD1C0A7B6EF.d.3204973F329E8C3726F6741E6AFF5065.e.7953"}]}
COMMAND: POST /session/19c5ed65dbd52b03c8c783813379e291/element/f.1FACEF5F4F0044855A63ECD1C0A7B6EF.d.3204973F329E8C3726F6741E6AFF5065.e.7953/click - {}
COMMAND: GET /session/19c5ed65dbd52b03c8c783813379e291/screenshot - {}
RESULT: {}
RESULT: {}
COMMAND: GET /session/19c5ed65dbd52b03c8c783813379e291/screenshot - {}
RESULT: {}
RESULT: {}
COMMAND: POST /session/19c5ed65dbd52b03c8c783813379e291/actions - {"actions":[{"id":"action30","type":"key","parameters":{},"actions":[{"type":"keyDown","value":""},{"type":"pause","duration":10},{"type":"keyUp","value":""}]}]}
RESULT: {"actions":[{"id":"action30","type":"key","parameters":{},"actions":[{"type":"keyDown","value":""},{"type":"pause","duration":10},{"type":"keyUp","value":""}]}]}
COMMAND: GET /session/19c5ed65dbd52b03c8c783813379e291/screenshot - {}
RESULT: {}
COMMAND: POST /session/19c5ed65dbd52b03c8c783813379e291/execute/async - {"script":"<script> [1562 bytes]","args":[{"selector":{"id":"application-manageconditionprice-display-component---newCondition--condBillCond-arrow"},"wdio_ui5_key":"applicationmanageconditionprice-display-component---newCondition--condBillCond-arrow"}]}
RESULT: {"script":"<script> [1562 bytes]","args":[{"selector":{"id":"application-manageconditionprice-display-component---newCondition--condBillCond-arrow"},"wdio_ui5_key":"applicationmanageconditionprice-display-component---newCondition--condBillCond-arrow"}]}
RESULT: undefined
COMMAND: POST /session/19c5ed65dbd52b03c8c783813379e291/element - {"using":"xpath","value":"//*[@id=\"application-manageconditionprice-display-component---newCondition--condBillCond-arrow\"]"}
RESULT: {"using":"xpath","value":"//*[@id=\"application-manageconditionprice-display-component---newCondition--condBillCond-arrow\"]"}
COMMAND: POST /session/19c5ed65dbd52b03c8c783813379e291/element/f.1FACEF5F4F0044855A63ECD1C0A7B6EF.d.3204973F329E8C3726F6741E6AFF5065.e.8147/click - {}
RESULT: {}
COMMAND: GET /session/19c5ed65dbd52b03c8c783813379e291/screenshot - {}
RESULT: {}
COMMAND: POST /session/19c5ed65dbd52b03c8c783813379e291/element - {"using":"xpath","value":"//li[.//span[contains(text(), \"SAPR - Sales price\")]]"}
RESULT: {"using":"xpath","value":"//li[.//span[contains(text(), \"SAPR - Sales price\")]]"}
COMMAND: POST /session/19c5ed65dbd52b03c8c783813379e291/element/f.1FACEF5F4F0044855A63ECD1C0A7B6EF.d.3204973F329E8C3726F6741E6AFF5065.e.8150/click - {}
RESULT: {}
COMMAND: GET /session/19c5ed65dbd52b03c8c783813379e291/screenshot - {}
RESULT: {}
COMMAND: POST /session/19c5ed65dbd52b03c8c783813379e291/execute/async - {"script":"<script> [1562 bytes]","args":[{"selector":{"id":"application-manageconditionprice-display-component---newCondition--condValidTo","interaction":{"idSuffix":"inner"}},"wdio_ui5_key":"applicationmanageconditionprice-display-component---newCondition--condValidTo"}]}
RESULT: {"script":"<script> [1562 bytes]","args":[{"selector":{"id":"application-manageconditionprice-display-component---newCondition--condValidTo","interaction":{"idSuffix":"inner"}},"wdio_ui5_key":"applicationmanageconditionprice-display-component---newCondition--condValidTo"}]}
RESULT: undefined
COMMAND: POST /session/19c5ed65dbd52b03c8c783813379e291/execute/async - {"script":"<script> [776 bytes]","args":[{"enterText":"1/30/26","selector":{"id":"application-manageconditionprice-display-component---newCondition--condValidTo","interaction":{"idSuffix":"inner"}},"clearTextFirst":true,"interactionType":"ENTER_TEXT"}]}
RESULT: {"script":"<script> [776 bytes]","args":[{"enterText":"1/30/26","selector":{"id":"application-manageconditionprice-display-component---newCondition--condValidTo","interaction":{"idSuffix":"inner"}},"clearTextFirst":true,"interactionType":"ENTER_TEXT"}]}
COMMAND: POST /session/19c5ed65dbd52b03c8c783813379e291/element - {"using":"xpath","value":"//input[@id=\"application-manageconditionprice-display-component---newCondition--condRU-inner\"]"}
RESULT: {"using":"xpath","value":"//input[@id=\"application-manageconditionprice-display-component---newCondition--condRU-inner\"]"}
COMMAND: POST /session/19c5ed65dbd52b03c8c783813379e291/element/f.1FACEF5F4F0044855A63ECD1C0A7B6EF.d.3204973F329E8C3726F6741E6AFF5065.e.8012/clear - {}
RESULT: {}
COMMAND: POST /session/19c5ed65dbd52b03c8c783813379e291/element/f.1FACEF5F4F0044855A63ECD1C0A7B6EF.d.3204973F329E8C3726F6741E6AFF5065.e.8012/value - {"text":"eGlaR5JfCY"}
COMMAND: GET /session/19c5ed65dbd52b03c8c783813379e291/screenshot - {}
RESULT: {"text":"eGlaR5JfCY"}
COMMAND: GET /session/19c5ed65dbd52b03c8c783813379e291/screenshot - {}
RESULT: {}
RESULT: {}
COMMAND: POST /session/19c5ed65dbd52b03c8c783813379e291/actions - {"actions":[{"id":"action31","type":"key","parameters":{},"actions":[{"type":"keyDown","value":""},{"type":"pause","duration":10},{"type":"keyUp","value":""}]}]}
RESULT: {"actions":[{"id":"action31","type":"key","parameters":{},"actions":[{"type":"keyDown","value":""},{"type":"pause","duration":10},{"type":"keyUp","value":""}]}]}
COMMAND: POST /session/19c5ed65dbd52b03c8c783813379e291/execute/async - {"script":"<script> [1562 bytes]","args":[{"selector":{"id":"application-manageconditionprice-display-component---newCondition--condBaseQty","interaction":{"idSuffix":"inner"}},"wdio_ui5_key":"applicationmanageconditionprice-display-component---newCondition--condBaseQty"}]}
COMMAND: GET /session/19c5ed65dbd52b03c8c783813379e291/screenshot - {}
RESULT: {"script":"<script> [1562 bytes]","args":[{"selector":{"id":"application-manageconditionprice-display-component---newCondition--condBaseQty","interaction":{"idSuffix":"inner"}},"wdio_ui5_key":"applicationmanageconditionprice-display-component---newCondition--condBaseQty"}]}
RESULT: undefined
COMMAND: POST /session/19c5ed65dbd52b03c8c783813379e291/execute/async - {"script":"<script> [776 bytes]","args":[{"enterText":"1","selector":{"id":"application-manageconditionprice-display-component---newCondition--condBaseQty","interaction":{"idSuffix":"inner"}},"clearTextFirst":true,"interactionType":"ENTER_TEXT"}]}
RESULT: {}
RESULT: {"script":"<script> [776 bytes]","args":[{"enterText":"1","selector":{"id":"application-manageconditionprice-display-component---newCondition--condBaseQty","interaction":{"idSuffix":"inner"}},"clearTextFirst":true,"interactionType":"ENTER_TEXT"}]}
COMMAND: POST /session/19c5ed65dbd52b03c8c783813379e291/execute/async - {"script":"<script> [1562 bytes]","args":[{"selector":{"id":"application-manageconditionprice-display-component---newCondition--condValue","interaction":{"idSuffix":"inner"}},"wdio_ui5_key":"applicationmanageconditionprice-display-component---newCondition--condValue"}]}
RESULT: {"script":"<script> [1562 bytes]","args":[{"selector":{"id":"application-manageconditionprice-display-component---newCondition--condValue","interaction":{"idSuffix":"inner"}},"wdio_ui5_key":"applicationmanageconditionprice-display-component---newCondition--condValue"}]}
RESULT: undefined
COMMAND: POST /session/19c5ed65dbd52b03c8c783813379e291/execute/async - {"script":"<script> [776 bytes]","args":[{"enterText":"200","selector":{"id":"application-manageconditionprice-display-component---newCondition--condValue","interaction":{"idSuffix":"inner"}},"clearTextFirst":true,"interactionType":"ENTER_TEXT"}]}
RESULT: {"script":"<script> [776 bytes]","args":[{"enterText":"200","selector":{"id":"application-manageconditionprice-display-component---newCondition--condValue","interaction":{"idSuffix":"inner"}},"clearTextFirst":true,"interactionType":"ENTER_TEXT"}]}
COMMAND: POST /session/19c5ed65dbd52b03c8c783813379e291/execute/async - {"script":"<script> [1562 bytes]","args":[{"selector":{"id":"application-manageconditionprice-display-component---newCondition--condCurr-arrow"},"wdio_ui5_key":"applicationmanageconditionprice-display-component---newCondition--condCurr-arrow"}]}
RESULT: {"script":"<script> [1562 bytes]","args":[{"selector":{"id":"application-manageconditionprice-display-component---newCondition--condCurr-arrow"},"wdio_ui5_key":"applicationmanageconditionprice-display-component---newCondition--condCurr-arrow"}]}
RESULT: undefined
COMMAND: POST /session/19c5ed65dbd52b03c8c783813379e291/element - {"using":"xpath","value":"//*[@id=\"application-manageconditionprice-display-component---newCondition--condCurr-arrow\"]"}
RESULT: {"using":"xpath","value":"//*[@id=\"application-manageconditionprice-display-component---newCondition--condCurr-arrow\"]"}
COMMAND: POST /session/19c5ed65dbd52b03c8c783813379e291/element/f.1FACEF5F4F0044855A63ECD1C0A7B6EF.d.3204973F329E8C3726F6741E6AFF5065.e.8104/click - {}
RESULT: {}
COMMAND: POST /session/19c5ed65dbd52b03c8c783813379e291/element - {"using":"xpath","value":"//span[contains(text(), \"Euro\")]"}
COMMAND: GET /session/19c5ed65dbd52b03c8c783813379e291/screenshot - {}
RESULT: {"using":"xpath","value":"//span[contains(text(), \"Euro\")]"}
COMMAND: POST /session/19c5ed65dbd52b03c8c783813379e291/element/f.1FACEF5F4F0044855A63ECD1C0A7B6EF.d.3204973F329E8C3726F6741E6AFF5065.e.8188/click - {}
RESULT: {}
RESULT: {}
COMMAND: POST /session/19c5ed65dbd52b03c8c783813379e291/element - {"using":"xpath","value":"//button[@data-kt=\"saveButton\"]"}
COMMAND: GET /session/19c5ed65dbd52b03c8c783813379e291/screenshot - {}
RESULT: {"using":"xpath","value":"//button[@data-kt=\"saveButton\"]"}
COMMAND: POST /session/19c5ed65dbd52b03c8c783813379e291/element/f.1FACEF5F4F0044855A63ECD1C0A7B6EF.d.3204973F329E8C3726F6741E6AFF5065.e.8105/click - {}
RESULT: {}
RESULT: {}
COMMAND: GET /session/19c5ed65dbd52b03c8c783813379e291/screenshot - {}
RESULT: {}
COMMAND: POST /session/19c5ed65dbd52b03c8c783813379e291/execute/async - {"script":"<script> [1562 bytes]","args":[{"selector":{"id":"application-manageconditionprice-display-component---conditions--smartFilterBar-btnBasicSearch","interaction":{"idSuffix":"I"}},"wdio_ui5_key":"applicationmanageconditionprice-display-component---conditions--smartFilterBar-btnBasicSearch"}]}
RESULT: {"script":"<script> [1562 bytes]","args":[{"selector":{"id":"application-manageconditionprice-display-component---conditions--smartFilterBar-btnBasicSearch","interaction":{"idSuffix":"I"}},"wdio_ui5_key":"applicationmanageconditionprice-display-component---conditions--smartFilterBar-btnBasicSearch"}]}
RESULT: undefined
COMMAND: POST /session/19c5ed65dbd52b03c8c783813379e291/execute/async - {"script":"<script> [776 bytes]","args":[{"enterText":"eGlaR5JfCY","selector":{"id":"application-manageconditionprice-display-component---conditions--smartFilterBar-btnBasicSearch","interaction":{"idSuffix":"I"}},"clearTextFirst":true,"interactionType":"ENTER_TEXT"}]}
RESULT: {"script":"<script> [776 bytes]","args":[{"enterText":"eGlaR5JfCY","selector":{"id":"application-manageconditionprice-display-component---conditions--smartFilterBar-btnBasicSearch","interaction":{"idSuffix":"I"}},"clearTextFirst":true,"interactionType":"ENTER_TEXT"}]}
COMMAND: POST /session/19c5ed65dbd52b03c8c783813379e291/actions - {"actions":[{"id":"action32","type":"key","parameters":{},"actions":[{"type":"keyDown","value":""},{"type":"pause","duration":10},{"type":"keyUp","value":""}]}]}
RESULT: {"actions":[{"id":"action32","type":"key","parameters":{},"actions":[{"type":"keyDown","value":""},{"type":"pause","duration":10},{"type":"keyUp","value":""}]}]}
COMMAND: GET /session/19c5ed65dbd52b03c8c783813379e291/screenshot - {}
RESULT: {}
COMMAND: POST /session/19c5ed65dbd52b03c8c783813379e291/execute/async - {"script":"<script> [1562 bytes]","args":[{"selector":{"id":"application-manageconditionprice-display-component---conditions--smartFilterBar-filterItemControl_BASIC-BILL_TYPES-vhi"},"wdio_ui5_key":"applicationmanageconditionprice-display-component---conditions--smartFilterBar-filterItemControl_BASIC-BILL_TYPES-vhi"}]}
RESULT: {"script":"<script> [1562 bytes]","args":[{"selector":{"id":"application-manageconditionprice-display-component---conditions--smartFilterBar-filterItemControl_BASIC-BILL_TYPES-vhi"},"wdio_ui5_key":"applicationmanageconditionprice-display-component---conditions--smartFilterBar-filterItemControl_BASIC-BILL_TYPES-vhi"}]}
RESULT: undefined
COMMAND: POST /session/19c5ed65dbd52b03c8c783813379e291/element - {"using":"xpath","value":"//*[@id=\"application-manageconditionprice-display-component---conditions--smartFilterBar-filterItemControl_BASIC-BILL_TYPES-vhi\"]"}
RESULT: {"using":"xpath","value":"//*[@id=\"application-manageconditionprice-display-component---conditions--smartFilterBar-filterItemControl_BASIC-BILL_TYPES-vhi\"]"}
COMMAND: POST /session/19c5ed65dbd52b03c8c783813379e291/element/f.1FACEF5F4F0044855A63ECD1C0A7B6EF.d.3204973F329E8C3726F6741E6AFF5065.e.8294/click - {}
RESULT: {}
COMMAND: POST /session/19c5ed65dbd52b03c8c783813379e291/execute/async - {"script":"<script> [1562 bytes]","args":[{"selector":{"id":"application-manageconditionprice-display-component---conditions--smartFilterBar-filterItemControl_BASIC-BILL_TYPES-valueHelpDialog-smartFilterBar-btnBasicSearch","searchOpenDialogs":true,"interaction":{"idSuffix":"I"}},"wdio_ui5_key":"applicationmanageconditionprice-display-component---conditions--smartFilterBar-filterItemControl_BASIC-BILL_TYPES-valueHelpDialog-smartFilterBar-btnBasicSearch"}]}
COMMAND: GET /session/19c5ed65dbd52b03c8c783813379e291/screenshot - {}
RESULT: {"script":"<script> [1562 bytes]","args":[{"selector":{"id":"application-manageconditionprice-display-component---conditions--smartFilterBar-filterItemControl_BASIC-BILL_TYPES-valueHelpDialog-smartFilterBar-btnBasicSearch","searchOpenDialogs":true,"interaction":{"idSuffix":"I"}},"wdio_ui5_key":"applicationmanageconditionprice-display-component---conditions--smartFilterBar-filterItemControl_BASIC-BILL_TYPES-valueHelpDialog-smartFilterBar-btnBasicSearch"}]}
RESULT: undefined
COMMAND: POST /session/19c5ed65dbd52b03c8c783813379e291/execute/async - {"script":"<script> [776 bytes]","args":[{"enterText":"one","selector":{"id":"application-manageconditionprice-display-component---conditions--smartFilterBar-filterItemControl_BASIC-BILL_TYPES-valueHelpDialog-smartFilterBar-btnBasicSearch","searchOpenDialogs":true,"interaction":{"idSuffix":"I"}},"clearTextFirst":true,"interactionType":"ENTER_TEXT"}]}
RESULT: {}
RESULT: {"script":"<script> [776 bytes]","args":[{"enterText":"one","selector":{"id":"application-manageconditionprice-display-component---conditions--smartFilterBar-filterItemControl_BASIC-BILL_TYPES-valueHelpDialog-smartFilterBar-btnBasicSearch","searchOpenDialogs":true,"interaction":{"idSuffix":"I"}},"clearTextFirst":true,"interactionType":"ENTER_TEXT"}]}
COMMAND: POST /session/19c5ed65dbd52b03c8c783813379e291/actions - {"actions":[{"id":"action33","type":"key","parameters":{},"actions":[{"type":"keyDown","value":""},{"type":"pause","duration":10},{"type":"keyUp","value":""}]}]}
RESULT: {"actions":[{"id":"action33","type":"key","parameters":{},"actions":[{"type":"keyDown","value":""},{"type":"pause","duration":10},{"type":"keyUp","value":""}]}]}
COMMAND: GET /session/19c5ed65dbd52b03c8c783813379e291/screenshot - {}
RESULT: {}
COMMAND: POST /session/19c5ed65dbd52b03c8c783813379e291/element - {"using":"xpath","value":"//div[contains(@id, 'application-manageconditionprice-display-component---conditions--smartFilterBar-filterItemControl_BASIC-BILL_TYPES-valueHelpDialog-table-rowsel0')]"}
RESULT: {"using":"xpath","value":"//div[contains(@id, 'application-manageconditionprice-display-component---conditions--smartFilterBar-filterItemControl_BASIC-BILL_TYPES-valueHelpDialog-table-rowsel0')]"}
COMMAND: POST /session/19c5ed65dbd52b03c8c783813379e291/element/f.1FACEF5F4F0044855A63ECD1C0A7B6EF.d.3204973F329E8C3726F6741E6AFF5065.e.8303/click - {}
RESULT: {}
COMMAND: GET /session/19c5ed65dbd52b03c8c783813379e291/screenshot - {}
RESULT: {}
COMMAND: POST /session/19c5ed65dbd52b03c8c783813379e291/element - {"using":"xpath","value":"//bdi[contains(text(), \"OK\")]"}
RESULT: {"using":"xpath","value":"//bdi[contains(text(), \"OK\")]"}
COMMAND: POST /session/19c5ed65dbd52b03c8c783813379e291/element/f.1FACEF5F4F0044855A63ECD1C0A7B6EF.d.3204973F329E8C3726F6741E6AFF5065.e.8305/click - {}
RESULT: {}
COMMAND: GET /session/19c5ed65dbd52b03c8c783813379e291/screenshot - {}
RESULT: {}
COMMAND: POST /session/19c5ed65dbd52b03c8c783813379e291/element - {"using":"xpath","value":"//span[@id=\"application-manageconditionprice-display-component---conditions--smartTable-header-inner\"]"}
RESULT: {"using":"xpath","value":"//span[@id=\"application-manageconditionprice-display-component---conditions--smartTable-header-inner\"]"}
COMMAND: POST /session/19c5ed65dbd52b03c8c783813379e291/elements - {"using":"xpath","value":"//span[@id=\"application-manageconditionprice-display-component---conditions--smartTable-header-inner\"]"}
RESULT: {"using":"xpath","value":"//span[@id=\"application-manageconditionprice-display-component---conditions--smartTable-header-inner\"]"}
COMMAND: POST /session/19c5ed65dbd52b03c8c783813379e291/execute/sync - {"script":"<script> [56 bytes]","args":[{"element-6066-11e4-a52e-4f735466cecf":"f.1FACEF5F4F0044855A63ECD1C0A7B6EF.d.3204973F329E8C3726F6741E6AFF5065.e.8308","ELEMENT":"f.1FACEF5F4F0044855A63ECD1C0A7B6EF.d.3204973F329E8C3726F6741E6AFF5065.e.8308"}]}
RESULT: {"script":"<script> [56 bytes]","args":[{"element-6066-11e4-a52e-4f735466cecf":"f.1FACEF5F4F0044855A63ECD1C0A7B6EF.d.3204973F329E8C3726F6741E6AFF5065.e.8308","ELEMENT":"f.1FACEF5F4F0044855A63ECD1C0A7B6EF.d.3204973F329E8C3726F6741E6AFF5065.e.8308"}]}
COMMAND: POST /session/19c5ed65dbd52b03c8c783813379e291/element - {"using":"css selector","value":"#shell-header-logo"}
COMMAND: GET /session/19c5ed65dbd52b03c8c783813379e291/screenshot - {}
RESULT: {"using":"css selector","value":"#shell-header-logo"}
COMMAND: POST /session/19c5ed65dbd52b03c8c783813379e291/element/f.1FACEF5F4F0044855A63ECD1C0A7B6EF.d.3204973F329E8C3726F6741E6AFF5065.e.7923/click - {}
RESULT: {}
RESULT: {}
COMMAND: GET /session/19c5ed65dbd52b03c8c783813379e291/screenshot - {}
RESULT: {}
]]></system-out>
    </testcase>
    <testcase classname="chrome.136_0_7103_93.windows.Create_master_data_for_mixed_billing_&amp;_do_billing_calculation_US151661" name="Should add performance based condition" time="77.306">
      <system-out><![CDATA[
RESULT: undefined
COMMAND: POST /session/19c5ed65dbd52b03c8c783813379e291/element - {"using":"xpath","value":"//*[@id=\"__tile53\"]"}
RESULT: {"using":"xpath","value":"//*[@id=\"__tile53\"]"}
COMMAND: POST /session/19c5ed65dbd52b03c8c783813379e291/element/f.1FACEF5F4F0044855A63ECD1C0A7B6EF.d.3204973F329E8C3726F6741E6AFF5065.e.4545/click - {}
RESULT: {}
COMMAND: GET /session/19c5ed65dbd52b03c8c783813379e291/screenshot - {}
RESULT: {}
COMMAND: POST /session/19c5ed65dbd52b03c8c783813379e291/elements - {"using":"xpath","value":"//span[text()='Error']"}
RESULT: {"using":"xpath","value":"//span[text()='Error']"}
COMMAND: POST /session/19c5ed65dbd52b03c8c783813379e291/element - {"using":"xpath","value":"//button[@aria-label=\"Create\"]"}
RESULT: {"using":"xpath","value":"//button[@aria-label=\"Create\"]"}
COMMAND: POST /session/19c5ed65dbd52b03c8c783813379e291/elements - {"using":"xpath","value":"//button[@aria-label=\"Create\"]"}
RESULT: {"using":"xpath","value":"//button[@aria-label=\"Create\"]"}
COMMAND: POST /session/19c5ed65dbd52b03c8c783813379e291/execute/sync - {"script":"<script> [8489 bytes]","args":[{"element-6066-11e4-a52e-4f735466cecf":"f.1FACEF5F4F0044855A63ECD1C0A7B6EF.d.3204973F329E8C3726F6741E6AFF5065.e.8350","ELEMENT":"f.1FACEF5F4F0044855A63ECD1C0A7B6EF.d.3204973F329E8C3726F6741E6AFF5065.e.8350"}]}
RESULT: {"script":"<script> [8489 bytes]","args":[{"element-6066-11e4-a52e-4f735466cecf":"f.1FACEF5F4F0044855A63ECD1C0A7B6EF.d.3204973F329E8C3726F6741E6AFF5065.e.8350","ELEMENT":"f.1FACEF5F4F0044855A63ECD1C0A7B6EF.d.3204973F329E8C3726F6741E6AFF5065.e.8350"}]}
COMMAND: GET /session/19c5ed65dbd52b03c8c783813379e291/element/f.1FACEF5F4F0044855A63ECD1C0A7B6EF.d.3204973F329E8C3726F6741E6AFF5065.e.8350/enabled - {}
COMMAND: GET /session/19c5ed65dbd52b03c8c783813379e291/screenshot - {}
RESULT: {}
COMMAND: POST /session/19c5ed65dbd52b03c8c783813379e291/execute/sync - {"script":"<script> [8489 bytes]","args":[{"element-6066-11e4-a52e-4f735466cecf":"f.1FACEF5F4F0044855A63ECD1C0A7B6EF.d.3204973F329E8C3726F6741E6AFF5065.e.8350","ELEMENT":"f.1FACEF5F4F0044855A63ECD1C0A7B6EF.d.3204973F329E8C3726F6741E6AFF5065.e.8350"}]}
COMMAND: GET /session/19c5ed65dbd52b03c8c783813379e291/screenshot - {}
RESULT: {}
RESULT: {"script":"<script> [8489 bytes]","args":[{"element-6066-11e4-a52e-4f735466cecf":"f.1FACEF5F4F0044855A63ECD1C0A7B6EF.d.3204973F329E8C3726F6741E6AFF5065.e.8350","ELEMENT":"f.1FACEF5F4F0044855A63ECD1C0A7B6EF.d.3204973F329E8C3726F6741E6AFF5065.e.8350"}]}
COMMAND: POST /session/19c5ed65dbd52b03c8c783813379e291/execute/sync - {"script":"<script> [5351 bytes]","args":[{"element-6066-11e4-a52e-4f735466cecf":"f.1FACEF5F4F0044855A63ECD1C0A7B6EF.d.3204973F329E8C3726F6741E6AFF5065.e.8350","ELEMENT":"f.1FACEF5F4F0044855A63ECD1C0A7B6EF.d.3204973F329E8C3726F6741E6AFF5065.e.8350"}]}
COMMAND: GET /session/19c5ed65dbd52b03c8c783813379e291/screenshot - {}
RESULT: {}
RESULT: {"script":"<script> [5351 bytes]","args":[{"element-6066-11e4-a52e-4f735466cecf":"f.1FACEF5F4F0044855A63ECD1C0A7B6EF.d.3204973F329E8C3726F6741E6AFF5065.e.8350","ELEMENT":"f.1FACEF5F4F0044855A63ECD1C0A7B6EF.d.3204973F329E8C3726F6741E6AFF5065.e.8350"}]}
COMMAND: POST /session/19c5ed65dbd52b03c8c783813379e291/element/f.1FACEF5F4F0044855A63ECD1C0A7B6EF.d.3204973F329E8C3726F6741E6AFF5065.e.8350/click - {}
COMMAND: GET /session/19c5ed65dbd52b03c8c783813379e291/screenshot - {}
RESULT: {}
RESULT: {}
COMMAND: GET /session/19c5ed65dbd52b03c8c783813379e291/screenshot - {}
RESULT: {}
RESULT: {}
COMMAND: POST /session/19c5ed65dbd52b03c8c783813379e291/actions - {"actions":[{"id":"action34","type":"key","parameters":{},"actions":[{"type":"keyDown","value":""},{"type":"pause","duration":10},{"type":"keyUp","value":""}]}]}
RESULT: {"actions":[{"id":"action34","type":"key","parameters":{},"actions":[{"type":"keyDown","value":""},{"type":"pause","duration":10},{"type":"keyUp","value":""}]}]}
COMMAND: GET /session/19c5ed65dbd52b03c8c783813379e291/screenshot - {}
RESULT: undefined
COMMAND: POST /session/19c5ed65dbd52b03c8c783813379e291/element - {"using":"xpath","value":"//*[@id=\"application-manageconditionprice-display-component---newCondition--condBillCond-arrow\"]"}
RESULT: {}
RESULT: {"using":"xpath","value":"//*[@id=\"application-manageconditionprice-display-component---newCondition--condBillCond-arrow\"]"}
COMMAND: POST /session/19c5ed65dbd52b03c8c783813379e291/element/f.1FACEF5F4F0044855A63ECD1C0A7B6EF.d.3204973F329E8C3726F6741E6AFF5065.e.8838/click - {}
RESULT: {}
COMMAND: GET /session/19c5ed65dbd52b03c8c783813379e291/screenshot - {}
RESULT: {}
COMMAND: POST /session/19c5ed65dbd52b03c8c783813379e291/element - {"using":"xpath","value":"//li[.//span[contains(text(), \"PC06 - Performance Price - fuel\")]]"}
RESULT: {"using":"xpath","value":"//li[.//span[contains(text(), \"PC06 - Performance Price - fuel\")]]"}
COMMAND: POST /session/19c5ed65dbd52b03c8c783813379e291/element/f.1FACEF5F4F0044855A63ECD1C0A7B6EF.d.3204973F329E8C3726F6741E6AFF5065.e.8841/click - {}
RESULT: {}
COMMAND: GET /session/19c5ed65dbd52b03c8c783813379e291/screenshot - {}
RESULT: {}
RESULT: undefined
COMMAND: POST /session/19c5ed65dbd52b03c8c783813379e291/execute/async - {"script":"<script> [776 bytes]","args":[{"enterText":"1/30/26","selector":{"id":"application-manageconditionprice-display-component---newCondition--condValidTo","interaction":{"idSuffix":"inner"}},"clearTextFirst":true,"interactionType":"ENTER_TEXT"}]}
RESULT: {"script":"<script> [776 bytes]","args":[{"enterText":"1/30/26","selector":{"id":"application-manageconditionprice-display-component---newCondition--condValidTo","interaction":{"idSuffix":"inner"}},"clearTextFirst":true,"interactionType":"ENTER_TEXT"}]}
COMMAND: POST /session/19c5ed65dbd52b03c8c783813379e291/element - {"using":"xpath","value":"//input[@id=\"application-manageconditionprice-display-component---newCondition--condRU-inner\"]"}
RESULT: {"using":"xpath","value":"//input[@id=\"application-manageconditionprice-display-component---newCondition--condRU-inner\"]"}
COMMAND: POST /session/19c5ed65dbd52b03c8c783813379e291/element/f.1FACEF5F4F0044855A63ECD1C0A7B6EF.d.3204973F329E8C3726F6741E6AFF5065.e.8555/clear - {}
RESULT: {}
COMMAND: POST /session/19c5ed65dbd52b03c8c783813379e291/element/f.1FACEF5F4F0044855A63ECD1C0A7B6EF.d.3204973F329E8C3726F6741E6AFF5065.e.8555/value - {"text":"eGlaR5JfCY"}
COMMAND: GET /session/19c5ed65dbd52b03c8c783813379e291/screenshot - {}
RESULT: {"text":"eGlaR5JfCY"}
COMMAND: GET /session/19c5ed65dbd52b03c8c783813379e291/screenshot - {}
RESULT: {}
RESULT: {}
COMMAND: POST /session/19c5ed65dbd52b03c8c783813379e291/actions - {"actions":[{"id":"action35","type":"key","parameters":{},"actions":[{"type":"keyDown","value":""},{"type":"pause","duration":10},{"type":"keyUp","value":""}]}]}
RESULT: {"actions":[{"id":"action35","type":"key","parameters":{},"actions":[{"type":"keyDown","value":""},{"type":"pause","duration":10},{"type":"keyUp","value":""}]}]}
RESULT: undefined
COMMAND: POST /session/19c5ed65dbd52b03c8c783813379e291/execute/async - {"script":"<script> [776 bytes]","args":[{"enterText":"1","selector":{"id":"application-manageconditionprice-display-component---newCondition--condBaseQty","interaction":{"idSuffix":"inner"}},"clearTextFirst":true,"interactionType":"ENTER_TEXT"}]}
COMMAND: GET /session/19c5ed65dbd52b03c8c783813379e291/screenshot - {}
RESULT: {"script":"<script> [776 bytes]","args":[{"enterText":"1","selector":{"id":"application-manageconditionprice-display-component---newCondition--condBaseQty","interaction":{"idSuffix":"inner"}},"clearTextFirst":true,"interactionType":"ENTER_TEXT"}]}
RESULT: undefined
COMMAND: POST /session/19c5ed65dbd52b03c8c783813379e291/execute/async - {"script":"<script> [776 bytes]","args":[{"enterText":"10","selector":{"id":"application-manageconditionprice-display-component---newCondition--condValue","interaction":{"idSuffix":"inner"}},"clearTextFirst":true,"interactionType":"ENTER_TEXT"}]}
RESULT: {}
RESULT: {"script":"<script> [776 bytes]","args":[{"enterText":"10","selector":{"id":"application-manageconditionprice-display-component---newCondition--condValue","interaction":{"idSuffix":"inner"}},"clearTextFirst":true,"interactionType":"ENTER_TEXT"}]}
RESULT: undefined
COMMAND: POST /session/19c5ed65dbd52b03c8c783813379e291/element - {"using":"xpath","value":"//*[@id=\"application-manageconditionprice-display-component---newCondition--condCurr-arrow\"]"}
RESULT: {"using":"xpath","value":"//*[@id=\"application-manageconditionprice-display-component---newCondition--condCurr-arrow\"]"}
COMMAND: POST /session/19c5ed65dbd52b03c8c783813379e291/element/f.1FACEF5F4F0044855A63ECD1C0A7B6EF.d.3204973F329E8C3726F6741E6AFF5065.e.8782/click - {}
RESULT: {}
COMMAND: POST /session/19c5ed65dbd52b03c8c783813379e291/element - {"using":"xpath","value":"//span[contains(text(), \"Euro\")]"}
COMMAND: GET /session/19c5ed65dbd52b03c8c783813379e291/screenshot - {}
RESULT: {"using":"xpath","value":"//span[contains(text(), \"Euro\")]"}
COMMAND: POST /session/19c5ed65dbd52b03c8c783813379e291/element/f.1FACEF5F4F0044855A63ECD1C0A7B6EF.d.3204973F329E8C3726F6741E6AFF5065.e.8874/click - {}
RESULT: {}
RESULT: {}
COMMAND: POST /session/19c5ed65dbd52b03c8c783813379e291/element - {"using":"xpath","value":"//button[@data-kt=\"saveButton\"]"}
COMMAND: GET /session/19c5ed65dbd52b03c8c783813379e291/screenshot - {}
RESULT: {"using":"xpath","value":"//button[@data-kt=\"saveButton\"]"}
COMMAND: POST /session/19c5ed65dbd52b03c8c783813379e291/element/f.1FACEF5F4F0044855A63ECD1C0A7B6EF.d.3204973F329E8C3726F6741E6AFF5065.e.8783/click - {}
RESULT: {}
RESULT: {}
COMMAND: GET /session/19c5ed65dbd52b03c8c783813379e291/screenshot - {}
RESULT: {}
RESULT: undefined
COMMAND: POST /session/19c5ed65dbd52b03c8c783813379e291/execute/async - {"script":"<script> [776 bytes]","args":[{"enterText":"eGlaR5JfCY","selector":{"id":"application-manageconditionprice-display-component---conditions--smartFilterBar-btnBasicSearch","interaction":{"idSuffix":"I"}},"clearTextFirst":true,"interactionType":"ENTER_TEXT"}]}
RESULT: {"script":"<script> [776 bytes]","args":[{"enterText":"eGlaR5JfCY","selector":{"id":"application-manageconditionprice-display-component---conditions--smartFilterBar-btnBasicSearch","interaction":{"idSuffix":"I"}},"clearTextFirst":true,"interactionType":"ENTER_TEXT"}]}
COMMAND: POST /session/19c5ed65dbd52b03c8c783813379e291/actions - {"actions":[{"id":"action36","type":"key","parameters":{},"actions":[{"type":"keyDown","value":""},{"type":"pause","duration":10},{"type":"keyUp","value":""}]}]}
RESULT: {"actions":[{"id":"action36","type":"key","parameters":{},"actions":[{"type":"keyDown","value":""},{"type":"pause","duration":10},{"type":"keyUp","value":""}]}]}
COMMAND: GET /session/19c5ed65dbd52b03c8c783813379e291/screenshot - {}
RESULT: {}
RESULT: undefined
COMMAND: POST /session/19c5ed65dbd52b03c8c783813379e291/element - {"using":"xpath","value":"//*[@id=\"application-manageconditionprice-display-component---conditions--smartFilterBar-filterItemControl_BASIC-BILL_TYPES-vhi\"]"}
RESULT: {"using":"xpath","value":"//*[@id=\"application-manageconditionprice-display-component---conditions--smartFilterBar-filterItemControl_BASIC-BILL_TYPES-vhi\"]"}
COMMAND: POST /session/19c5ed65dbd52b03c8c783813379e291/element/f.1FACEF5F4F0044855A63ECD1C0A7B6EF.d.3204973F329E8C3726F6741E6AFF5065.e.8913/click - {}
RESULT: {}
RESULT: undefined
COMMAND: POST /session/19c5ed65dbd52b03c8c783813379e291/execute/async - {"script":"<script> [776 bytes]","args":[{"enterText":"PB","selector":{"id":"application-manageconditionprice-display-component---conditions--smartFilterBar-filterItemControl_BASIC-BILL_TYPES-valueHelpDialog-smartFilterBar-btnBasicSearch","searchOpenDialogs":true,"interaction":{"idSuffix":"I"}},"clearTextFirst":true,"interactionType":"ENTER_TEXT"}]}
COMMAND: GET /session/19c5ed65dbd52b03c8c783813379e291/screenshot - {}
RESULT: {"script":"<script> [776 bytes]","args":[{"enterText":"PB","selector":{"id":"application-manageconditionprice-display-component---conditions--smartFilterBar-filterItemControl_BASIC-BILL_TYPES-valueHelpDialog-smartFilterBar-btnBasicSearch","searchOpenDialogs":true,"interaction":{"idSuffix":"I"}},"clearTextFirst":true,"interactionType":"ENTER_TEXT"}]}
COMMAND: POST /session/19c5ed65dbd52b03c8c783813379e291/actions - {"actions":[{"id":"action37","type":"key","parameters":{},"actions":[{"type":"keyDown","value":""},{"type":"pause","duration":10},{"type":"keyUp","value":""}]}]}
RESULT: {}
RESULT: {"actions":[{"id":"action37","type":"key","parameters":{},"actions":[{"type":"keyDown","value":""},{"type":"pause","duration":10},{"type":"keyUp","value":""}]}]}
COMMAND: GET /session/19c5ed65dbd52b03c8c783813379e291/screenshot - {}
RESULT: {}
COMMAND: POST /session/19c5ed65dbd52b03c8c783813379e291/element - {"using":"xpath","value":"//div[contains(@id, 'application-manageconditionprice-display-component---conditions--smartFilterBar-filterItemControl_BASIC-BILL_TYPES-valueHelpDialog-table-rowsel0')]"}
RESULT: {"using":"xpath","value":"//div[contains(@id, 'application-manageconditionprice-display-component---conditions--smartFilterBar-filterItemControl_BASIC-BILL_TYPES-valueHelpDialog-table-rowsel0')]"}
COMMAND: POST /session/19c5ed65dbd52b03c8c783813379e291/element/f.1FACEF5F4F0044855A63ECD1C0A7B6EF.d.3204973F329E8C3726F6741E6AFF5065.e.8920/click - {}
RESULT: {}
COMMAND: GET /session/19c5ed65dbd52b03c8c783813379e291/screenshot - {}
RESULT: {}
COMMAND: POST /session/19c5ed65dbd52b03c8c783813379e291/element - {"using":"xpath","value":"//bdi[contains(text(), \"OK\")]"}
RESULT: {"using":"xpath","value":"//bdi[contains(text(), \"OK\")]"}
COMMAND: POST /session/19c5ed65dbd52b03c8c783813379e291/element/f.1FACEF5F4F0044855A63ECD1C0A7B6EF.d.3204973F329E8C3726F6741E6AFF5065.e.8922/click - {}
RESULT: {}
COMMAND: GET /session/19c5ed65dbd52b03c8c783813379e291/screenshot - {}
RESULT: {}
COMMAND: POST /session/19c5ed65dbd52b03c8c783813379e291/element - {"using":"xpath","value":"//span[@id=\"application-manageconditionprice-display-component---conditions--smartTable-header-inner\"]"}
RESULT: {"using":"xpath","value":"//span[@id=\"application-manageconditionprice-display-component---conditions--smartTable-header-inner\"]"}
COMMAND: POST /session/19c5ed65dbd52b03c8c783813379e291/elements - {"using":"xpath","value":"//span[@id=\"application-manageconditionprice-display-component---conditions--smartTable-header-inner\"]"}
RESULT: {"using":"xpath","value":"//span[@id=\"application-manageconditionprice-display-component---conditions--smartTable-header-inner\"]"}
COMMAND: POST /session/19c5ed65dbd52b03c8c783813379e291/execute/sync - {"script":"<script> [56 bytes]","args":[{"element-6066-11e4-a52e-4f735466cecf":"f.1FACEF5F4F0044855A63ECD1C0A7B6EF.d.3204973F329E8C3726F6741E6AFF5065.e.8926","ELEMENT":"f.1FACEF5F4F0044855A63ECD1C0A7B6EF.d.3204973F329E8C3726F6741E6AFF5065.e.8926"}]}
RESULT: {"script":"<script> [56 bytes]","args":[{"element-6066-11e4-a52e-4f735466cecf":"f.1FACEF5F4F0044855A63ECD1C0A7B6EF.d.3204973F329E8C3726F6741E6AFF5065.e.8926","ELEMENT":"f.1FACEF5F4F0044855A63ECD1C0A7B6EF.d.3204973F329E8C3726F6741E6AFF5065.e.8926"}]}
COMMAND: POST /session/19c5ed65dbd52b03c8c783813379e291/element - {"using":"css selector","value":"#shell-header-logo"}
COMMAND: GET /session/19c5ed65dbd52b03c8c783813379e291/screenshot - {}
RESULT: {"using":"css selector","value":"#shell-header-logo"}
COMMAND: POST /session/19c5ed65dbd52b03c8c783813379e291/element/f.1FACEF5F4F0044855A63ECD1C0A7B6EF.d.3204973F329E8C3726F6741E6AFF5065.e.8315/click - {}
RESULT: {}
RESULT: {}
COMMAND: GET /session/19c5ed65dbd52b03c8c783813379e291/screenshot - {}
RESULT: {}
]]></system-out>
    </testcase>
    <testcase classname="chrome.136_0_7103_93.windows.Create_master_data_for_mixed_billing_&amp;_do_billing_calculation_US151661" name="Should add time based condition" time="78.552">
      <system-out><![CDATA[
RESULT: undefined
COMMAND: POST /session/19c5ed65dbd52b03c8c783813379e291/element - {"using":"xpath","value":"//*[@id=\"__tile53\"]"}
RESULT: {"using":"xpath","value":"//*[@id=\"__tile53\"]"}
COMMAND: POST /session/19c5ed65dbd52b03c8c783813379e291/element/f.1FACEF5F4F0044855A63ECD1C0A7B6EF.d.3204973F329E8C3726F6741E6AFF5065.e.4545/click - {}
RESULT: {}
COMMAND: GET /session/19c5ed65dbd52b03c8c783813379e291/screenshot - {}
RESULT: {}
COMMAND: POST /session/19c5ed65dbd52b03c8c783813379e291/elements - {"using":"xpath","value":"//span[text()='Error']"}
RESULT: {"using":"xpath","value":"//span[text()='Error']"}
COMMAND: POST /session/19c5ed65dbd52b03c8c783813379e291/element - {"using":"xpath","value":"//button[@aria-label=\"Create\"]"}
RESULT: {"using":"xpath","value":"//button[@aria-label=\"Create\"]"}
COMMAND: POST /session/19c5ed65dbd52b03c8c783813379e291/elements - {"using":"xpath","value":"//button[@aria-label=\"Create\"]"}
RESULT: {"using":"xpath","value":"//button[@aria-label=\"Create\"]"}
COMMAND: POST /session/19c5ed65dbd52b03c8c783813379e291/execute/sync - {"script":"<script> [8489 bytes]","args":[{"element-6066-11e4-a52e-4f735466cecf":"f.1FACEF5F4F0044855A63ECD1C0A7B6EF.d.3204973F329E8C3726F6741E6AFF5065.e.8965","ELEMENT":"f.1FACEF5F4F0044855A63ECD1C0A7B6EF.d.3204973F329E8C3726F6741E6AFF5065.e.8965"}]}
RESULT: {"script":"<script> [8489 bytes]","args":[{"element-6066-11e4-a52e-4f735466cecf":"f.1FACEF5F4F0044855A63ECD1C0A7B6EF.d.3204973F329E8C3726F6741E6AFF5065.e.8965","ELEMENT":"f.1FACEF5F4F0044855A63ECD1C0A7B6EF.d.3204973F329E8C3726F6741E6AFF5065.e.8965"}]}
COMMAND: GET /session/19c5ed65dbd52b03c8c783813379e291/element/f.1FACEF5F4F0044855A63ECD1C0A7B6EF.d.3204973F329E8C3726F6741E6AFF5065.e.8965/enabled - {}
COMMAND: GET /session/19c5ed65dbd52b03c8c783813379e291/screenshot - {}
RESULT: {}
COMMAND: POST /session/19c5ed65dbd52b03c8c783813379e291/execute/sync - {"script":"<script> [8489 bytes]","args":[{"element-6066-11e4-a52e-4f735466cecf":"f.1FACEF5F4F0044855A63ECD1C0A7B6EF.d.3204973F329E8C3726F6741E6AFF5065.e.8965","ELEMENT":"f.1FACEF5F4F0044855A63ECD1C0A7B6EF.d.3204973F329E8C3726F6741E6AFF5065.e.8965"}]}
COMMAND: GET /session/19c5ed65dbd52b03c8c783813379e291/screenshot - {}
RESULT: {}
RESULT: {"script":"<script> [8489 bytes]","args":[{"element-6066-11e4-a52e-4f735466cecf":"f.1FACEF5F4F0044855A63ECD1C0A7B6EF.d.3204973F329E8C3726F6741E6AFF5065.e.8965","ELEMENT":"f.1FACEF5F4F0044855A63ECD1C0A7B6EF.d.3204973F329E8C3726F6741E6AFF5065.e.8965"}]}
COMMAND: POST /session/19c5ed65dbd52b03c8c783813379e291/execute/sync - {"script":"<script> [5351 bytes]","args":[{"element-6066-11e4-a52e-4f735466cecf":"f.1FACEF5F4F0044855A63ECD1C0A7B6EF.d.3204973F329E8C3726F6741E6AFF5065.e.8965","ELEMENT":"f.1FACEF5F4F0044855A63ECD1C0A7B6EF.d.3204973F329E8C3726F6741E6AFF5065.e.8965"}]}
COMMAND: GET /session/19c5ed65dbd52b03c8c783813379e291/screenshot - {}
RESULT: {}
RESULT: {"script":"<script> [5351 bytes]","args":[{"element-6066-11e4-a52e-4f735466cecf":"f.1FACEF5F4F0044855A63ECD1C0A7B6EF.d.3204973F329E8C3726F6741E6AFF5065.e.8965","ELEMENT":"f.1FACEF5F4F0044855A63ECD1C0A7B6EF.d.3204973F329E8C3726F6741E6AFF5065.e.8965"}]}
COMMAND: POST /session/19c5ed65dbd52b03c8c783813379e291/element/f.1FACEF5F4F0044855A63ECD1C0A7B6EF.d.3204973F329E8C3726F6741E6AFF5065.e.8965/click - {}
COMMAND: GET /session/19c5ed65dbd52b03c8c783813379e291/screenshot - {}
RESULT: {}
RESULT: {}
COMMAND: GET /session/19c5ed65dbd52b03c8c783813379e291/screenshot - {}
RESULT: {}
RESULT: {}
COMMAND: POST /session/19c5ed65dbd52b03c8c783813379e291/actions - {"actions":[{"id":"action38","type":"key","parameters":{},"actions":[{"type":"keyDown","value":""},{"type":"pause","duration":10},{"type":"keyUp","value":""}]}]}
RESULT: {"actions":[{"id":"action38","type":"key","parameters":{},"actions":[{"type":"keyDown","value":""},{"type":"pause","duration":10},{"type":"keyUp","value":""}]}]}
COMMAND: GET /session/19c5ed65dbd52b03c8c783813379e291/screenshot - {}
RESULT: undefined
COMMAND: POST /session/19c5ed65dbd52b03c8c783813379e291/element - {"using":"xpath","value":"//*[@id=\"application-manageconditionprice-display-component---newCondition--condBillCond-arrow\"]"}
RESULT: {}
RESULT: {"using":"xpath","value":"//*[@id=\"application-manageconditionprice-display-component---newCondition--condBillCond-arrow\"]"}
COMMAND: POST /session/19c5ed65dbd52b03c8c783813379e291/element/f.1FACEF5F4F0044855A63ECD1C0A7B6EF.d.3204973F329E8C3726F6741E6AFF5065.e.9450/click - {}
RESULT: {}
COMMAND: GET /session/19c5ed65dbd52b03c8c783813379e291/screenshot - {}
RESULT: {}
COMMAND: POST /session/19c5ed65dbd52b03c8c783813379e291/element - {"using":"xpath","value":"//li[.//span[contains(text(), \"DISP - D&I special price\")]]"}
RESULT: {"using":"xpath","value":"//li[.//span[contains(text(), \"DISP - D&I special price\")]]"}
COMMAND: POST /session/19c5ed65dbd52b03c8c783813379e291/element/f.1FACEF5F4F0044855A63ECD1C0A7B6EF.d.3204973F329E8C3726F6741E6AFF5065.e.9453/click - {}
RESULT: {}
COMMAND: GET /session/19c5ed65dbd52b03c8c783813379e291/screenshot - {}
RESULT: {}
RESULT: undefined
COMMAND: POST /session/19c5ed65dbd52b03c8c783813379e291/execute/async - {"script":"<script> [776 bytes]","args":[{"enterText":"1/30/26","selector":{"id":"application-manageconditionprice-display-component---newCondition--condValidTo","interaction":{"idSuffix":"inner"}},"clearTextFirst":true,"interactionType":"ENTER_TEXT"}]}
RESULT: {"script":"<script> [776 bytes]","args":[{"enterText":"1/30/26","selector":{"id":"application-manageconditionprice-display-component---newCondition--condValidTo","interaction":{"idSuffix":"inner"}},"clearTextFirst":true,"interactionType":"ENTER_TEXT"}]}
COMMAND: POST /session/19c5ed65dbd52b03c8c783813379e291/element - {"using":"xpath","value":"//input[@id=\"application-manageconditionprice-display-component---newCondition--condRU-inner\"]"}
RESULT: {"using":"xpath","value":"//input[@id=\"application-manageconditionprice-display-component---newCondition--condRU-inner\"]"}
COMMAND: POST /session/19c5ed65dbd52b03c8c783813379e291/element/f.1FACEF5F4F0044855A63ECD1C0A7B6EF.d.3204973F329E8C3726F6741E6AFF5065.e.9171/clear - {}
RESULT: {}
COMMAND: POST /session/19c5ed65dbd52b03c8c783813379e291/element/f.1FACEF5F4F0044855A63ECD1C0A7B6EF.d.3204973F329E8C3726F6741E6AFF5065.e.9171/value - {"text":"eGlaR5JfCY"}
COMMAND: GET /session/19c5ed65dbd52b03c8c783813379e291/screenshot - {}
RESULT: {"text":"eGlaR5JfCY"}
COMMAND: GET /session/19c5ed65dbd52b03c8c783813379e291/screenshot - {}
RESULT: {}
RESULT: {}
COMMAND: POST /session/19c5ed65dbd52b03c8c783813379e291/actions - {"actions":[{"id":"action39","type":"key","parameters":{},"actions":[{"type":"keyDown","value":""},{"type":"pause","duration":10},{"type":"keyUp","value":""}]}]}
RESULT: {"actions":[{"id":"action39","type":"key","parameters":{},"actions":[{"type":"keyDown","value":""},{"type":"pause","duration":10},{"type":"keyUp","value":""}]}]}
RESULT: undefined
COMMAND: POST /session/19c5ed65dbd52b03c8c783813379e291/execute/async - {"script":"<script> [776 bytes]","args":[{"enterText":"1","selector":{"id":"application-manageconditionprice-display-component---newCondition--condBaseQty","interaction":{"idSuffix":"inner"}},"clearTextFirst":true,"interactionType":"ENTER_TEXT"}]}
COMMAND: GET /session/19c5ed65dbd52b03c8c783813379e291/screenshot - {}
RESULT: {"script":"<script> [776 bytes]","args":[{"enterText":"1","selector":{"id":"application-manageconditionprice-display-component---newCondition--condBaseQty","interaction":{"idSuffix":"inner"}},"clearTextFirst":true,"interactionType":"ENTER_TEXT"}]}
RESULT: undefined
COMMAND: POST /session/19c5ed65dbd52b03c8c783813379e291/execute/async - {"script":"<script> [776 bytes]","args":[{"enterText":"100","selector":{"id":"application-manageconditionprice-display-component---newCondition--condValue","interaction":{"idSuffix":"inner"}},"clearTextFirst":true,"interactionType":"ENTER_TEXT"}]}
RESULT: {}
RESULT: {"script":"<script> [776 bytes]","args":[{"enterText":"100","selector":{"id":"application-manageconditionprice-display-component---newCondition--condValue","interaction":{"idSuffix":"inner"}},"clearTextFirst":true,"interactionType":"ENTER_TEXT"}]}
RESULT: undefined
COMMAND: POST /session/19c5ed65dbd52b03c8c783813379e291/element - {"using":"xpath","value":"//*[@id=\"application-manageconditionprice-display-component---newCondition--condCurr-arrow\"]"}
RESULT: {"using":"xpath","value":"//*[@id=\"application-manageconditionprice-display-component---newCondition--condCurr-arrow\"]"}
COMMAND: POST /session/19c5ed65dbd52b03c8c783813379e291/element/f.1FACEF5F4F0044855A63ECD1C0A7B6EF.d.3204973F329E8C3726F6741E6AFF5065.e.9420/click - {}
RESULT: {}
COMMAND: POST /session/19c5ed65dbd52b03c8c783813379e291/element - {"using":"xpath","value":"//span[contains(text(), \"Euro\")]"}
COMMAND: GET /session/19c5ed65dbd52b03c8c783813379e291/screenshot - {}
RESULT: {"using":"xpath","value":"//span[contains(text(), \"Euro\")]"}
COMMAND: POST /session/19c5ed65dbd52b03c8c783813379e291/element/f.1FACEF5F4F0044855A63ECD1C0A7B6EF.d.3204973F329E8C3726F6741E6AFF5065.e.9482/click - {}
RESULT: {}
RESULT: {}
COMMAND: POST /session/19c5ed65dbd52b03c8c783813379e291/element - {"using":"xpath","value":"//button[@data-kt=\"saveButton\"]"}
COMMAND: GET /session/19c5ed65dbd52b03c8c783813379e291/screenshot - {}
RESULT: {"using":"xpath","value":"//button[@data-kt=\"saveButton\"]"}
COMMAND: POST /session/19c5ed65dbd52b03c8c783813379e291/element/f.1FACEF5F4F0044855A63ECD1C0A7B6EF.d.3204973F329E8C3726F6741E6AFF5065.e.9421/click - {}
RESULT: {}
RESULT: {}
COMMAND: GET /session/19c5ed65dbd52b03c8c783813379e291/screenshot - {}
RESULT: {}
RESULT: undefined
COMMAND: POST /session/19c5ed65dbd52b03c8c783813379e291/execute/async - {"script":"<script> [776 bytes]","args":[{"enterText":"eGlaR5JfCY","selector":{"id":"application-manageconditionprice-display-component---conditions--smartFilterBar-btnBasicSearch","interaction":{"idSuffix":"I"}},"clearTextFirst":true,"interactionType":"ENTER_TEXT"}]}
RESULT: {"script":"<script> [776 bytes]","args":[{"enterText":"eGlaR5JfCY","selector":{"id":"application-manageconditionprice-display-component---conditions--smartFilterBar-btnBasicSearch","interaction":{"idSuffix":"I"}},"clearTextFirst":true,"interactionType":"ENTER_TEXT"}]}
COMMAND: POST /session/19c5ed65dbd52b03c8c783813379e291/actions - {"actions":[{"id":"action40","type":"key","parameters":{},"actions":[{"type":"keyDown","value":""},{"type":"pause","duration":10},{"type":"keyUp","value":""}]}]}
RESULT: {"actions":[{"id":"action40","type":"key","parameters":{},"actions":[{"type":"keyDown","value":""},{"type":"pause","duration":10},{"type":"keyUp","value":""}]}]}
COMMAND: GET /session/19c5ed65dbd52b03c8c783813379e291/screenshot - {}
RESULT: {}
RESULT: undefined
COMMAND: POST /session/19c5ed65dbd52b03c8c783813379e291/element - {"using":"xpath","value":"//*[@id=\"application-manageconditionprice-display-component---conditions--smartFilterBar-filterItemControl_BASIC-BILL_TYPES-vhi\"]"}
RESULT: {"using":"xpath","value":"//*[@id=\"application-manageconditionprice-display-component---conditions--smartFilterBar-filterItemControl_BASIC-BILL_TYPES-vhi\"]"}
COMMAND: POST /session/19c5ed65dbd52b03c8c783813379e291/element/f.1FACEF5F4F0044855A63ECD1C0A7B6EF.d.3204973F329E8C3726F6741E6AFF5065.e.9712/click - {}
RESULT: {}
RESULT: undefined
COMMAND: POST /session/19c5ed65dbd52b03c8c783813379e291/execute/async - {"script":"<script> [776 bytes]","args":[{"enterText":"TB","selector":{"id":"application-manageconditionprice-display-component---conditions--smartFilterBar-filterItemControl_BASIC-BILL_TYPES-valueHelpDialog-smartFilterBar-btnBasicSearch","searchOpenDialogs":true,"interaction":{"idSuffix":"I"}},"clearTextFirst":true,"interactionType":"ENTER_TEXT"}]}
COMMAND: GET /session/19c5ed65dbd52b03c8c783813379e291/screenshot - {}
RESULT: {"script":"<script> [776 bytes]","args":[{"enterText":"TB","selector":{"id":"application-manageconditionprice-display-component---conditions--smartFilterBar-filterItemControl_BASIC-BILL_TYPES-valueHelpDialog-smartFilterBar-btnBasicSearch","searchOpenDialogs":true,"interaction":{"idSuffix":"I"}},"clearTextFirst":true,"interactionType":"ENTER_TEXT"}]}
COMMAND: POST /session/19c5ed65dbd52b03c8c783813379e291/actions - {"actions":[{"id":"action41","type":"key","parameters":{},"actions":[{"type":"keyDown","value":""},{"type":"pause","duration":10},{"type":"keyUp","value":""}]}]}
RESULT: {}
RESULT: {"actions":[{"id":"action41","type":"key","parameters":{},"actions":[{"type":"keyDown","value":""},{"type":"pause","duration":10},{"type":"keyUp","value":""}]}]}
COMMAND: GET /session/19c5ed65dbd52b03c8c783813379e291/screenshot - {}
RESULT: {}
COMMAND: POST /session/19c5ed65dbd52b03c8c783813379e291/element - {"using":"xpath","value":"//div[contains(@id, 'application-manageconditionprice-display-component---conditions--smartFilterBar-filterItemControl_BASIC-BILL_TYPES-valueHelpDialog-table-rowsel0')]"}
RESULT: {"using":"xpath","value":"//div[contains(@id, 'application-manageconditionprice-display-component---conditions--smartFilterBar-filterItemControl_BASIC-BILL_TYPES-valueHelpDialog-table-rowsel0')]"}
COMMAND: POST /session/19c5ed65dbd52b03c8c783813379e291/element/f.1FACEF5F4F0044855A63ECD1C0A7B6EF.d.3204973F329E8C3726F6741E6AFF5065.e.9720/click - {}
RESULT: {}
COMMAND: GET /session/19c5ed65dbd52b03c8c783813379e291/screenshot - {}
RESULT: {}
COMMAND: POST /session/19c5ed65dbd52b03c8c783813379e291/element - {"using":"xpath","value":"//bdi[contains(text(), \"OK\")]"}
RESULT: {"using":"xpath","value":"//bdi[contains(text(), \"OK\")]"}
COMMAND: POST /session/19c5ed65dbd52b03c8c783813379e291/element/f.1FACEF5F4F0044855A63ECD1C0A7B6EF.d.3204973F329E8C3726F6741E6AFF5065.e.9722/click - {}
RESULT: {}
COMMAND: GET /session/19c5ed65dbd52b03c8c783813379e291/screenshot - {}
RESULT: {}
COMMAND: POST /session/19c5ed65dbd52b03c8c783813379e291/element - {"using":"xpath","value":"//span[@id=\"application-manageconditionprice-display-component---conditions--smartTable-header-inner\"]"}
RESULT: {"using":"xpath","value":"//span[@id=\"application-manageconditionprice-display-component---conditions--smartTable-header-inner\"]"}
COMMAND: POST /session/19c5ed65dbd52b03c8c783813379e291/elements - {"using":"xpath","value":"//span[@id=\"application-manageconditionprice-display-component---conditions--smartTable-header-inner\"]"}
RESULT: {"using":"xpath","value":"//span[@id=\"application-manageconditionprice-display-component---conditions--smartTable-header-inner\"]"}
COMMAND: POST /session/19c5ed65dbd52b03c8c783813379e291/execute/sync - {"script":"<script> [56 bytes]","args":[{"element-6066-11e4-a52e-4f735466cecf":"f.1FACEF5F4F0044855A63ECD1C0A7B6EF.d.3204973F329E8C3726F6741E6AFF5065.e.9758","ELEMENT":"f.1FACEF5F4F0044855A63ECD1C0A7B6EF.d.3204973F329E8C3726F6741E6AFF5065.e.9758"}]}
RESULT: {"script":"<script> [56 bytes]","args":[{"element-6066-11e4-a52e-4f735466cecf":"f.1FACEF5F4F0044855A63ECD1C0A7B6EF.d.3204973F329E8C3726F6741E6AFF5065.e.9758","ELEMENT":"f.1FACEF5F4F0044855A63ECD1C0A7B6EF.d.3204973F329E8C3726F6741E6AFF5065.e.9758"}]}
COMMAND: POST /session/19c5ed65dbd52b03c8c783813379e291/element - {"using":"css selector","value":"#shell-header-logo"}
COMMAND: GET /session/19c5ed65dbd52b03c8c783813379e291/screenshot - {}
RESULT: {"using":"css selector","value":"#shell-header-logo"}
COMMAND: POST /session/19c5ed65dbd52b03c8c783813379e291/element/f.1FACEF5F4F0044855A63ECD1C0A7B6EF.d.3204973F329E8C3726F6741E6AFF5065.e.8931/click - {}
RESULT: {}
RESULT: {}
COMMAND: GET /session/19c5ed65dbd52b03c8c783813379e291/screenshot - {}
RESULT: {}
]]></system-out>
    </testcase>
    <testcase classname="chrome.136_0_7103_93.windows.Create_master_data_for_mixed_billing_&amp;_do_billing_calculation_US151661" name="Should do a stock increase handover" time="94.879">
      <failure/>
      <error message="Can't call click on element with selector &quot;//li[.//span[contains(text(),'506 -')]]&quot; because element wasn't found"/>
      <system-out><![CDATA[
COMMAND: POST /session/19c5ed65dbd52b03c8c783813379e291/execute/async - {"script":"<script> [1562 bytes]","args":[{"selector":{"controlType":"sap.m.GenericTile","properties":{"header":"Manage Handovers"}},"wdio_ui5_key":"sapm.GenericTile{\"header\":\"Manage Handovers\"}"}]}
RESULT: {"script":"<script> [1562 bytes]","args":[{"selector":{"controlType":"sap.m.GenericTile","properties":{"header":"Manage Handovers"}},"wdio_ui5_key":"sapm.GenericTile{\"header\":\"Manage Handovers\"}"}]}
RESULT: undefined
COMMAND: POST /session/19c5ed65dbd52b03c8c783813379e291/element - {"using":"xpath","value":"//*[@id=\"__tile132\"]"}
RESULT: {"using":"xpath","value":"//*[@id=\"__tile132\"]"}
COMMAND: POST /session/19c5ed65dbd52b03c8c783813379e291/element/f.1FACEF5F4F0044855A63ECD1C0A7B6EF.d.3204973F329E8C3726F6741E6AFF5065.e.4581/click - {}
RESULT: {}
COMMAND: GET /session/19c5ed65dbd52b03c8c783813379e291/screenshot - {}
RESULT: {}
COMMAND: POST /session/19c5ed65dbd52b03c8c783813379e291/elements - {"using":"xpath","value":"//span[text()='Error']"}
RESULT: {"using":"xpath","value":"//span[text()='Error']"}
COMMAND: POST /session/19c5ed65dbd52b03c8c783813379e291/element - {"using":"xpath","value":"//button[@data-kt=\"masterHOAddButton\"]"}
RESULT: {"using":"xpath","value":"//button[@data-kt=\"masterHOAddButton\"]"}
COMMAND: POST /session/19c5ed65dbd52b03c8c783813379e291/elements - {"using":"xpath","value":"//button[@data-kt=\"masterHOAddButton\"]"}
RESULT: {"using":"xpath","value":"//button[@data-kt=\"masterHOAddButton\"]"}
COMMAND: POST /session/19c5ed65dbd52b03c8c783813379e291/execute/sync - {"script":"<script> [8489 bytes]","args":[{"element-6066-11e4-a52e-4f735466cecf":"f.1FACEF5F4F0044855A63ECD1C0A7B6EF.d.3204973F329E8C3726F6741E6AFF5065.e.9793","ELEMENT":"f.1FACEF5F4F0044855A63ECD1C0A7B6EF.d.3204973F329E8C3726F6741E6AFF5065.e.9793"}]}
RESULT: {"script":"<script> [8489 bytes]","args":[{"element-6066-11e4-a52e-4f735466cecf":"f.1FACEF5F4F0044855A63ECD1C0A7B6EF.d.3204973F329E8C3726F6741E6AFF5065.e.9793","ELEMENT":"f.1FACEF5F4F0044855A63ECD1C0A7B6EF.d.3204973F329E8C3726F6741E6AFF5065.e.9793"}]}
COMMAND: GET /session/19c5ed65dbd52b03c8c783813379e291/element/f.1FACEF5F4F0044855A63ECD1C0A7B6EF.d.3204973F329E8C3726F6741E6AFF5065.e.9793/enabled - {}
COMMAND: GET /session/19c5ed65dbd52b03c8c783813379e291/screenshot - {}
RESULT: {}
COMMAND: POST /session/19c5ed65dbd52b03c8c783813379e291/execute/sync - {"script":"<script> [8489 bytes]","args":[{"element-6066-11e4-a52e-4f735466cecf":"f.1FACEF5F4F0044855A63ECD1C0A7B6EF.d.3204973F329E8C3726F6741E6AFF5065.e.9793","ELEMENT":"f.1FACEF5F4F0044855A63ECD1C0A7B6EF.d.3204973F329E8C3726F6741E6AFF5065.e.9793"}]}
COMMAND: GET /session/19c5ed65dbd52b03c8c783813379e291/screenshot - {}
RESULT: {}
RESULT: {"script":"<script> [8489 bytes]","args":[{"element-6066-11e4-a52e-4f735466cecf":"f.1FACEF5F4F0044855A63ECD1C0A7B6EF.d.3204973F329E8C3726F6741E6AFF5065.e.9793","ELEMENT":"f.1FACEF5F4F0044855A63ECD1C0A7B6EF.d.3204973F329E8C3726F6741E6AFF5065.e.9793"}]}
COMMAND: POST /session/19c5ed65dbd52b03c8c783813379e291/execute/sync - {"script":"<script> [5351 bytes]","args":[{"element-6066-11e4-a52e-4f735466cecf":"f.1FACEF5F4F0044855A63ECD1C0A7B6EF.d.3204973F329E8C3726F6741E6AFF5065.e.9793","ELEMENT":"f.1FACEF5F4F0044855A63ECD1C0A7B6EF.d.3204973F329E8C3726F6741E6AFF5065.e.9793"}]}
COMMAND: GET /session/19c5ed65dbd52b03c8c783813379e291/screenshot - {}
RESULT: {}
RESULT: {"script":"<script> [5351 bytes]","args":[{"element-6066-11e4-a52e-4f735466cecf":"f.1FACEF5F4F0044855A63ECD1C0A7B6EF.d.3204973F329E8C3726F6741E6AFF5065.e.9793","ELEMENT":"f.1FACEF5F4F0044855A63ECD1C0A7B6EF.d.3204973F329E8C3726F6741E6AFF5065.e.9793"}]}
COMMAND: POST /session/19c5ed65dbd52b03c8c783813379e291/element/f.1FACEF5F4F0044855A63ECD1C0A7B6EF.d.3204973F329E8C3726F6741E6AFF5065.e.9793/click - {}
COMMAND: GET /session/19c5ed65dbd52b03c8c783813379e291/screenshot - {}
RESULT: {}
RESULT: {}
COMMAND: GET /session/19c5ed65dbd52b03c8c783813379e291/screenshot - {}
RESULT: {}
RESULT: {}
COMMAND: POST /session/19c5ed65dbd52b03c8c783813379e291/element - {"using":"xpath","value":"//span[contains(@id ,\"AddNewHO--typeSelect-arrow\")]"}
RESULT: {"using":"xpath","value":"//span[contains(@id ,\"AddNewHO--typeSelect-arrow\")]"}
COMMAND: POST /session/19c5ed65dbd52b03c8c783813379e291/element/f.1FACEF5F4F0044855A63ECD1C0A7B6EF.d.3204973F329E8C3726F6741E6AFF5065.e.10137/click - {}
RESULT: {}
COMMAND: GET /session/19c5ed65dbd52b03c8c783813379e291/screenshot - {}
RESULT: {}
COMMAND: POST /session/19c5ed65dbd52b03c8c783813379e291/element - {"using":"xpath","value":"(//li[contains(text(), \"stock increase yard\")])[1]"}
RESULT: {"using":"xpath","value":"(//li[contains(text(), \"stock increase yard\")])[1]"}
COMMAND: POST /session/19c5ed65dbd52b03c8c783813379e291/element/f.1FACEF5F4F0044855A63ECD1C0A7B6EF.d.3204973F329E8C3726F6741E6AFF5065.e.10138/click - {}
RESULT: {}
COMMAND: GET /session/19c5ed65dbd52b03c8c783813379e291/screenshot - {}
RESULT: {}
COMMAND: POST /session/19c5ed65dbd52b03c8c783813379e291/execute/async - {"script":"<script> [1562 bytes]","args":[{"selector":{"id":"application-managehandovers-display-component---AddNewHO--dueDate","interaction":{"idSuffix":"inner"}},"wdio_ui5_key":"applicationmanagehandovers-display-component---AddNewHO--dueDate"}]}
RESULT: {"script":"<script> [1562 bytes]","args":[{"selector":{"id":"application-managehandovers-display-component---AddNewHO--dueDate","interaction":{"idSuffix":"inner"}},"wdio_ui5_key":"applicationmanagehandovers-display-component---AddNewHO--dueDate"}]}
RESULT: undefined
COMMAND: POST /session/19c5ed65dbd52b03c8c783813379e291/execute/async - {"script":"<script> [6424 bytes]","args":[{"element-6066-11e4-a52e-4f735466cecf":"f.1FACEF5F4F0044855A63ECD1C0A7B6EF.d.3204973F329E8C3726F6741E6AFF5065.e.10140"},"setValue",["5/30/25"]]}
RESULT: {"script":"<script> [6424 bytes]","args":[{"element-6066-11e4-a52e-4f735466cecf":"f.1FACEF5F4F0044855A63ECD1C0A7B6EF.d.3204973F329E8C3726F6741E6AFF5065.e.10140"},"setValue",["5/30/25"]]}
COMMAND: POST /session/19c5ed65dbd52b03c8c783813379e291/element - {"using":"xpath","value":"//input[@id=\"generalSectionFrg--receiveYard-inner\"]"}
RESULT: {"using":"xpath","value":"//input[@id=\"generalSectionFrg--receiveYard-inner\"]"}
COMMAND: POST /session/19c5ed65dbd52b03c8c783813379e291/element/f.1FACEF5F4F0044855A63ECD1C0A7B6EF.d.3204973F329E8C3726F6741E6AFF5065.e.10146/clear - {}
RESULT: {}
COMMAND: POST /session/19c5ed65dbd52b03c8c783813379e291/element/f.1FACEF5F4F0044855A63ECD1C0A7B6EF.d.3204973F329E8C3726F6741E6AFF5065.e.10146/value - {"text":"506"}
COMMAND: GET /session/19c5ed65dbd52b03c8c783813379e291/screenshot - {}
RESULT: {"text":"506"}
COMMAND: GET /session/19c5ed65dbd52b03c8c783813379e291/screenshot - {}
RESULT: {}
RESULT: {}
COMMAND: POST /session/19c5ed65dbd52b03c8c783813379e291/element - {"using":"xpath","value":"//li[.//span[contains(text(),'506 -')]]"}
RESULT: {"using":"xpath","value":"//li[.//span[contains(text(),'506 -')]]"}
COMMAND: POST /session/19c5ed65dbd52b03c8c783813379e291/elements - {"using":"xpath","value":"//li[.//span[contains(text(),'506 -')]]"}
RESULT: {"using":"xpath","value":"//li[.//span[contains(text(),'506 -')]]"}
COMMAND: POST /session/19c5ed65dbd52b03c8c783813379e291/elements - {"using":"xpath","value":"//li[.//span[contains(text(),'506 -')]]"}
RESULT: {"using":"xpath","value":"//li[.//span[contains(text(),'506 -')]]"}
COMMAND: POST /session/19c5ed65dbd52b03c8c783813379e291/elements - {"using":"xpath","value":"//li[.//span[contains(text(),'506 -')]]"}
RESULT: {"using":"xpath","value":"//li[.//span[contains(text(),'506 -')]]"}
COMMAND: POST /session/19c5ed65dbd52b03c8c783813379e291/elements - {"using":"xpath","value":"//li[.//span[contains(text(),'506 -')]]"}
RESULT: {"using":"xpath","value":"//li[.//span[contains(text(),'506 -')]]"}
COMMAND: POST /session/19c5ed65dbd52b03c8c783813379e291/elements - {"using":"xpath","value":"//li[.//span[contains(text(),'506 -')]]"}
RESULT: {"using":"xpath","value":"//li[.//span[contains(text(),'506 -')]]"}
COMMAND: POST /session/19c5ed65dbd52b03c8c783813379e291/elements - {"using":"xpath","value":"//li[.//span[contains(text(),'506 -')]]"}
RESULT: {"using":"xpath","value":"//li[.//span[contains(text(),'506 -')]]"}
COMMAND: POST /session/19c5ed65dbd52b03c8c783813379e291/elements - {"using":"xpath","value":"//li[.//span[contains(text(),'506 -')]]"}
RESULT: {"using":"xpath","value":"//li[.//span[contains(text(),'506 -')]]"}
COMMAND: POST /session/19c5ed65dbd52b03c8c783813379e291/elements - {"using":"xpath","value":"//li[.//span[contains(text(),'506 -')]]"}
RESULT: {"using":"xpath","value":"//li[.//span[contains(text(),'506 -')]]"}
COMMAND: POST /session/19c5ed65dbd52b03c8c783813379e291/elements - {"using":"xpath","value":"//li[.//span[contains(text(),'506 -')]]"}
RESULT: {"using":"xpath","value":"//li[.//span[contains(text(),'506 -')]]"}
COMMAND: POST /session/19c5ed65dbd52b03c8c783813379e291/elements - {"using":"xpath","value":"//li[.//span[contains(text(),'506 -')]]"}
RESULT: {"using":"xpath","value":"//li[.//span[contains(text(),'506 -')]]"}
COMMAND: POST /session/19c5ed65dbd52b03c8c783813379e291/elements - {"using":"xpath","value":"//li[.//span[contains(text(),'506 -')]]"}
RESULT: {"using":"xpath","value":"//li[.//span[contains(text(),'506 -')]]"}
COMMAND: POST /session/19c5ed65dbd52b03c8c783813379e291/elements - {"using":"xpath","value":"//li[.//span[contains(text(),'506 -')]]"}
RESULT: {"using":"xpath","value":"//li[.//span[contains(text(),'506 -')]]"}
COMMAND: POST /session/19c5ed65dbd52b03c8c783813379e291/elements - {"using":"xpath","value":"//li[.//span[contains(text(),'506 -')]]"}
RESULT: {"using":"xpath","value":"//li[.//span[contains(text(),'506 -')]]"}
COMMAND: POST /session/19c5ed65dbd52b03c8c783813379e291/elements - {"using":"xpath","value":"//li[.//span[contains(text(),'506 -')]]"}
RESULT: {"using":"xpath","value":"//li[.//span[contains(text(),'506 -')]]"}
COMMAND: POST /session/19c5ed65dbd52b03c8c783813379e291/elements - {"using":"xpath","value":"//li[.//span[contains(text(),'506 -')]]"}
RESULT: {"using":"xpath","value":"//li[.//span[contains(text(),'506 -')]]"}
COMMAND: POST /session/19c5ed65dbd52b03c8c783813379e291/elements - {"using":"xpath","value":"//li[.//span[contains(text(),'506 -')]]"}
RESULT: {"using":"xpath","value":"//li[.//span[contains(text(),'506 -')]]"}
COMMAND: POST /session/19c5ed65dbd52b03c8c783813379e291/elements - {"using":"xpath","value":"//li[.//span[contains(text(),'506 -')]]"}
RESULT: {"using":"xpath","value":"//li[.//span[contains(text(),'506 -')]]"}
COMMAND: POST /session/19c5ed65dbd52b03c8c783813379e291/elements - {"using":"xpath","value":"//li[.//span[contains(text(),'506 -')]]"}
RESULT: {"using":"xpath","value":"//li[.//span[contains(text(),'506 -')]]"}
COMMAND: POST /session/19c5ed65dbd52b03c8c783813379e291/elements - {"using":"xpath","value":"//li[.//span[contains(text(),'506 -')]]"}
RESULT: {"using":"xpath","value":"//li[.//span[contains(text(),'506 -')]]"}
COMMAND: POST /session/19c5ed65dbd52b03c8c783813379e291/elements - {"using":"xpath","value":"//li[.//span[contains(text(),'506 -')]]"}
RESULT: {"using":"xpath","value":"//li[.//span[contains(text(),'506 -')]]"}
COMMAND: POST /session/19c5ed65dbd52b03c8c783813379e291/elements - {"using":"xpath","value":"//li[.//span[contains(text(),'506 -')]]"}
RESULT: {"using":"xpath","value":"//li[.//span[contains(text(),'506 -')]]"}
COMMAND: POST /session/19c5ed65dbd52b03c8c783813379e291/elements - {"using":"xpath","value":"//li[.//span[contains(text(),'506 -')]]"}
RESULT: {"using":"xpath","value":"//li[.//span[contains(text(),'506 -')]]"}
COMMAND: POST /session/19c5ed65dbd52b03c8c783813379e291/elements - {"using":"xpath","value":"//li[.//span[contains(text(),'506 -')]]"}
RESULT: {"using":"xpath","value":"//li[.//span[contains(text(),'506 -')]]"}
COMMAND: POST /session/19c5ed65dbd52b03c8c783813379e291/elements - {"using":"xpath","value":"//li[.//span[contains(text(),'506 -')]]"}
RESULT: {"using":"xpath","value":"//li[.//span[contains(text(),'506 -')]]"}
COMMAND: POST /session/19c5ed65dbd52b03c8c783813379e291/elements - {"using":"xpath","value":"//li[.//span[contains(text(),'506 -')]]"}
RESULT: {"using":"xpath","value":"//li[.//span[contains(text(),'506 -')]]"}
COMMAND: POST /session/19c5ed65dbd52b03c8c783813379e291/elements - {"using":"xpath","value":"//li[.//span[contains(text(),'506 -')]]"}
RESULT: {"using":"xpath","value":"//li[.//span[contains(text(),'506 -')]]"}
COMMAND: POST /session/19c5ed65dbd52b03c8c783813379e291/elements - {"using":"xpath","value":"//li[.//span[contains(text(),'506 -')]]"}
RESULT: {"using":"xpath","value":"//li[.//span[contains(text(),'506 -')]]"}
COMMAND: POST /session/19c5ed65dbd52b03c8c783813379e291/elements - {"using":"xpath","value":"//li[.//span[contains(text(),'506 -')]]"}
RESULT: {"using":"xpath","value":"//li[.//span[contains(text(),'506 -')]]"}
COMMAND: POST /session/19c5ed65dbd52b03c8c783813379e291/elements - {"using":"xpath","value":"//li[.//span[contains(text(),'506 -')]]"}
RESULT: {"using":"xpath","value":"//li[.//span[contains(text(),'506 -')]]"}
COMMAND: POST /session/19c5ed65dbd52b03c8c783813379e291/elements - {"using":"xpath","value":"//li[.//span[contains(text(),'506 -')]]"}
RESULT: {"using":"xpath","value":"//li[.//span[contains(text(),'506 -')]]"}
COMMAND: POST /session/19c5ed65dbd52b03c8c783813379e291/elements - {"using":"xpath","value":"//li[.//span[contains(text(),'506 -')]]"}
RESULT: {"using":"xpath","value":"//li[.//span[contains(text(),'506 -')]]"}
COMMAND: POST /session/19c5ed65dbd52b03c8c783813379e291/elements - {"using":"xpath","value":"//li[.//span[contains(text(),'506 -')]]"}
RESULT: {"using":"xpath","value":"//li[.//span[contains(text(),'506 -')]]"}
COMMAND: POST /session/19c5ed65dbd52b03c8c783813379e291/elements - {"using":"xpath","value":"//li[.//span[contains(text(),'506 -')]]"}
RESULT: {"using":"xpath","value":"//li[.//span[contains(text(),'506 -')]]"}
COMMAND: POST /session/19c5ed65dbd52b03c8c783813379e291/elements - {"using":"xpath","value":"//li[.//span[contains(text(),'506 -')]]"}
RESULT: {"using":"xpath","value":"//li[.//span[contains(text(),'506 -')]]"}
COMMAND: POST /session/19c5ed65dbd52b03c8c783813379e291/elements - {"using":"xpath","value":"//li[.//span[contains(text(),'506 -')]]"}
RESULT: {"using":"xpath","value":"//li[.//span[contains(text(),'506 -')]]"}
COMMAND: POST /session/19c5ed65dbd52b03c8c783813379e291/elements - {"using":"xpath","value":"//li[.//span[contains(text(),'506 -')]]"}
RESULT: {"using":"xpath","value":"//li[.//span[contains(text(),'506 -')]]"}
COMMAND: POST /session/19c5ed65dbd52b03c8c783813379e291/elements - {"using":"xpath","value":"//li[.//span[contains(text(),'506 -')]]"}
RESULT: {"using":"xpath","value":"//li[.//span[contains(text(),'506 -')]]"}
COMMAND: POST /session/19c5ed65dbd52b03c8c783813379e291/elements - {"using":"xpath","value":"//li[.//span[contains(text(),'506 -')]]"}
RESULT: {"using":"xpath","value":"//li[.//span[contains(text(),'506 -')]]"}
COMMAND: POST /session/19c5ed65dbd52b03c8c783813379e291/elements - {"using":"xpath","value":"//li[.//span[contains(text(),'506 -')]]"}
RESULT: {"using":"xpath","value":"//li[.//span[contains(text(),'506 -')]]"}
COMMAND: POST /session/19c5ed65dbd52b03c8c783813379e291/elements - {"using":"xpath","value":"//li[.//span[contains(text(),'506 -')]]"}
RESULT: {"using":"xpath","value":"//li[.//span[contains(text(),'506 -')]]"}
COMMAND: POST /session/19c5ed65dbd52b03c8c783813379e291/elements - {"using":"xpath","value":"//li[.//span[contains(text(),'506 -')]]"}
RESULT: {"using":"xpath","value":"//li[.//span[contains(text(),'506 -')]]"}
COMMAND: POST /session/19c5ed65dbd52b03c8c783813379e291/elements - {"using":"xpath","value":"//li[.//span[contains(text(),'506 -')]]"}
RESULT: {"using":"xpath","value":"//li[.//span[contains(text(),'506 -')]]"}
COMMAND: POST /session/19c5ed65dbd52b03c8c783813379e291/elements - {"using":"xpath","value":"//li[.//span[contains(text(),'506 -')]]"}
RESULT: {"using":"xpath","value":"//li[.//span[contains(text(),'506 -')]]"}
COMMAND: POST /session/19c5ed65dbd52b03c8c783813379e291/elements - {"using":"xpath","value":"//li[.//span[contains(text(),'506 -')]]"}
RESULT: {"using":"xpath","value":"//li[.//span[contains(text(),'506 -')]]"}
COMMAND: POST /session/19c5ed65dbd52b03c8c783813379e291/elements - {"using":"xpath","value":"//li[.//span[contains(text(),'506 -')]]"}
RESULT: {"using":"xpath","value":"//li[.//span[contains(text(),'506 -')]]"}
COMMAND: POST /session/19c5ed65dbd52b03c8c783813379e291/elements - {"using":"xpath","value":"//li[.//span[contains(text(),'506 -')]]"}
RESULT: {"using":"xpath","value":"//li[.//span[contains(text(),'506 -')]]"}
COMMAND: POST /session/19c5ed65dbd52b03c8c783813379e291/elements - {"using":"xpath","value":"//li[.//span[contains(text(),'506 -')]]"}
RESULT: {"using":"xpath","value":"//li[.//span[contains(text(),'506 -')]]"}
COMMAND: POST /session/19c5ed65dbd52b03c8c783813379e291/elements - {"using":"xpath","value":"//li[.//span[contains(text(),'506 -')]]"}
RESULT: {"using":"xpath","value":"//li[.//span[contains(text(),'506 -')]]"}
COMMAND: POST /session/19c5ed65dbd52b03c8c783813379e291/elements - {"using":"xpath","value":"//li[.//span[contains(text(),'506 -')]]"}
RESULT: {"using":"xpath","value":"//li[.//span[contains(text(),'506 -')]]"}
COMMAND: POST /session/19c5ed65dbd52b03c8c783813379e291/elements - {"using":"xpath","value":"//li[.//span[contains(text(),'506 -')]]"}
RESULT: {"using":"xpath","value":"//li[.//span[contains(text(),'506 -')]]"}
COMMAND: POST /session/19c5ed65dbd52b03c8c783813379e291/elements - {"using":"xpath","value":"//li[.//span[contains(text(),'506 -')]]"}
RESULT: {"using":"xpath","value":"//li[.//span[contains(text(),'506 -')]]"}
COMMAND: POST /session/19c5ed65dbd52b03c8c783813379e291/elements - {"using":"xpath","value":"//li[.//span[contains(text(),'506 -')]]"}
RESULT: {"using":"xpath","value":"//li[.//span[contains(text(),'506 -')]]"}
COMMAND: POST /session/19c5ed65dbd52b03c8c783813379e291/elements - {"using":"xpath","value":"//li[.//span[contains(text(),'506 -')]]"}
RESULT: {"using":"xpath","value":"//li[.//span[contains(text(),'506 -')]]"}
COMMAND: POST /session/19c5ed65dbd52b03c8c783813379e291/elements - {"using":"xpath","value":"//li[.//span[contains(text(),'506 -')]]"}
RESULT: {"using":"xpath","value":"//li[.//span[contains(text(),'506 -')]]"}
COMMAND: POST /session/19c5ed65dbd52b03c8c783813379e291/elements - {"using":"xpath","value":"//li[.//span[contains(text(),'506 -')]]"}
RESULT: {"using":"xpath","value":"//li[.//span[contains(text(),'506 -')]]"}
COMMAND: POST /session/19c5ed65dbd52b03c8c783813379e291/elements - {"using":"xpath","value":"//li[.//span[contains(text(),'506 -')]]"}
RESULT: {"using":"xpath","value":"//li[.//span[contains(text(),'506 -')]]"}
COMMAND: POST /session/19c5ed65dbd52b03c8c783813379e291/elements - {"using":"xpath","value":"//li[.//span[contains(text(),'506 -')]]"}
RESULT: {"using":"xpath","value":"//li[.//span[contains(text(),'506 -')]]"}
COMMAND: POST /session/19c5ed65dbd52b03c8c783813379e291/elements - {"using":"xpath","value":"//li[.//span[contains(text(),'506 -')]]"}
RESULT: {"using":"xpath","value":"//li[.//span[contains(text(),'506 -')]]"}
COMMAND: POST /session/19c5ed65dbd52b03c8c783813379e291/elements - {"using":"xpath","value":"//li[.//span[contains(text(),'506 -')]]"}
RESULT: {"using":"xpath","value":"//li[.//span[contains(text(),'506 -')]]"}
COMMAND: POST /session/19c5ed65dbd52b03c8c783813379e291/elements - {"using":"xpath","value":"//li[.//span[contains(text(),'506 -')]]"}
RESULT: {"using":"xpath","value":"//li[.//span[contains(text(),'506 -')]]"}
COMMAND: POST /session/19c5ed65dbd52b03c8c783813379e291/elements - {"using":"xpath","value":"//li[.//span[contains(text(),'506 -')]]"}
RESULT: {"using":"xpath","value":"//li[.//span[contains(text(),'506 -')]]"}
COMMAND: POST /session/19c5ed65dbd52b03c8c783813379e291/elements - {"using":"xpath","value":"//li[.//span[contains(text(),'506 -')]]"}
RESULT: {"using":"xpath","value":"//li[.//span[contains(text(),'506 -')]]"}
COMMAND: POST /session/19c5ed65dbd52b03c8c783813379e291/elements - {"using":"xpath","value":"//li[.//span[contains(text(),'506 -')]]"}
RESULT: {"using":"xpath","value":"//li[.//span[contains(text(),'506 -')]]"}
COMMAND: POST /session/19c5ed65dbd52b03c8c783813379e291/elements - {"using":"xpath","value":"//li[.//span[contains(text(),'506 -')]]"}
RESULT: {"using":"xpath","value":"//li[.//span[contains(text(),'506 -')]]"}
COMMAND: POST /session/19c5ed65dbd52b03c8c783813379e291/elements - {"using":"xpath","value":"//li[.//span[contains(text(),'506 -')]]"}
RESULT: {"using":"xpath","value":"//li[.//span[contains(text(),'506 -')]]"}
COMMAND: POST /session/19c5ed65dbd52b03c8c783813379e291/elements - {"using":"xpath","value":"//li[.//span[contains(text(),'506 -')]]"}
RESULT: {"using":"xpath","value":"//li[.//span[contains(text(),'506 -')]]"}
COMMAND: POST /session/19c5ed65dbd52b03c8c783813379e291/elements - {"using":"xpath","value":"//li[.//span[contains(text(),'506 -')]]"}
RESULT: {"using":"xpath","value":"//li[.//span[contains(text(),'506 -')]]"}
COMMAND: POST /session/19c5ed65dbd52b03c8c783813379e291/elements - {"using":"xpath","value":"//li[.//span[contains(text(),'506 -')]]"}
RESULT: {"using":"xpath","value":"//li[.//span[contains(text(),'506 -')]]"}
COMMAND: POST /session/19c5ed65dbd52b03c8c783813379e291/elements - {"using":"xpath","value":"//li[.//span[contains(text(),'506 -')]]"}
RESULT: {"using":"xpath","value":"//li[.//span[contains(text(),'506 -')]]"}
COMMAND: POST /session/19c5ed65dbd52b03c8c783813379e291/elements - {"using":"xpath","value":"//li[.//span[contains(text(),'506 -')]]"}
RESULT: {"using":"xpath","value":"//li[.//span[contains(text(),'506 -')]]"}
COMMAND: POST /session/19c5ed65dbd52b03c8c783813379e291/elements - {"using":"xpath","value":"//li[.//span[contains(text(),'506 -')]]"}
RESULT: {"using":"xpath","value":"//li[.//span[contains(text(),'506 -')]]"}
COMMAND: POST /session/19c5ed65dbd52b03c8c783813379e291/elements - {"using":"xpath","value":"//li[.//span[contains(text(),'506 -')]]"}
RESULT: {"using":"xpath","value":"//li[.//span[contains(text(),'506 -')]]"}
COMMAND: POST /session/19c5ed65dbd52b03c8c783813379e291/elements - {"using":"xpath","value":"//li[.//span[contains(text(),'506 -')]]"}
RESULT: {"using":"xpath","value":"//li[.//span[contains(text(),'506 -')]]"}
COMMAND: POST /session/19c5ed65dbd52b03c8c783813379e291/elements - {"using":"xpath","value":"//li[.//span[contains(text(),'506 -')]]"}
RESULT: {"using":"xpath","value":"//li[.//span[contains(text(),'506 -')]]"}
COMMAND: POST /session/19c5ed65dbd52b03c8c783813379e291/elements - {"using":"xpath","value":"//li[.//span[contains(text(),'506 -')]]"}
RESULT: {"using":"xpath","value":"//li[.//span[contains(text(),'506 -')]]"}
COMMAND: POST /session/19c5ed65dbd52b03c8c783813379e291/elements - {"using":"xpath","value":"//li[.//span[contains(text(),'506 -')]]"}
RESULT: {"using":"xpath","value":"//li[.//span[contains(text(),'506 -')]]"}
COMMAND: POST /session/19c5ed65dbd52b03c8c783813379e291/elements - {"using":"xpath","value":"//li[.//span[contains(text(),'506 -')]]"}
RESULT: {"using":"xpath","value":"//li[.//span[contains(text(),'506 -')]]"}
COMMAND: POST /session/19c5ed65dbd52b03c8c783813379e291/elements - {"using":"xpath","value":"//li[.//span[contains(text(),'506 -')]]"}
RESULT: {"using":"xpath","value":"//li[.//span[contains(text(),'506 -')]]"}
COMMAND: POST /session/19c5ed65dbd52b03c8c783813379e291/elements - {"using":"xpath","value":"//li[.//span[contains(text(),'506 -')]]"}
RESULT: {"using":"xpath","value":"//li[.//span[contains(text(),'506 -')]]"}
COMMAND: POST /session/19c5ed65dbd52b03c8c783813379e291/elements - {"using":"xpath","value":"//li[.//span[contains(text(),'506 -')]]"}
RESULT: {"using":"xpath","value":"//li[.//span[contains(text(),'506 -')]]"}
COMMAND: POST /session/19c5ed65dbd52b03c8c783813379e291/elements - {"using":"xpath","value":"//li[.//span[contains(text(),'506 -')]]"}
RESULT: {"using":"xpath","value":"//li[.//span[contains(text(),'506 -')]]"}
COMMAND: POST /session/19c5ed65dbd52b03c8c783813379e291/elements - {"using":"xpath","value":"//li[.//span[contains(text(),'506 -')]]"}
RESULT: {"using":"xpath","value":"//li[.//span[contains(text(),'506 -')]]"}
COMMAND: POST /session/19c5ed65dbd52b03c8c783813379e291/elements - {"using":"xpath","value":"//li[.//span[contains(text(),'506 -')]]"}
RESULT: {"using":"xpath","value":"//li[.//span[contains(text(),'506 -')]]"}
COMMAND: POST /session/19c5ed65dbd52b03c8c783813379e291/elements - {"using":"xpath","value":"//li[.//span[contains(text(),'506 -')]]"}
RESULT: {"using":"xpath","value":"//li[.//span[contains(text(),'506 -')]]"}
COMMAND: POST /session/19c5ed65dbd52b03c8c783813379e291/elements - {"using":"xpath","value":"//li[.//span[contains(text(),'506 -')]]"}
RESULT: {"using":"xpath","value":"//li[.//span[contains(text(),'506 -')]]"}
COMMAND: POST /session/19c5ed65dbd52b03c8c783813379e291/elements - {"using":"xpath","value":"//li[.//span[contains(text(),'506 -')]]"}
RESULT: {"using":"xpath","value":"//li[.//span[contains(text(),'506 -')]]"}
COMMAND: POST /session/19c5ed65dbd52b03c8c783813379e291/elements - {"using":"xpath","value":"//li[.//span[contains(text(),'506 -')]]"}
RESULT: {"using":"xpath","value":"//li[.//span[contains(text(),'506 -')]]"}
COMMAND: POST /session/19c5ed65dbd52b03c8c783813379e291/elements - {"using":"xpath","value":"//li[.//span[contains(text(),'506 -')]]"}
RESULT: {"using":"xpath","value":"//li[.//span[contains(text(),'506 -')]]"}
COMMAND: POST /session/19c5ed65dbd52b03c8c783813379e291/elements - {"using":"xpath","value":"//li[.//span[contains(text(),'506 -')]]"}
RESULT: {"using":"xpath","value":"//li[.//span[contains(text(),'506 -')]]"}
COMMAND: POST /session/19c5ed65dbd52b03c8c783813379e291/elements - {"using":"xpath","value":"//li[.//span[contains(text(),'506 -')]]"}
RESULT: {"using":"xpath","value":"//li[.//span[contains(text(),'506 -')]]"}
COMMAND: POST /session/19c5ed65dbd52b03c8c783813379e291/elements - {"using":"xpath","value":"//li[.//span[contains(text(),'506 -')]]"}
RESULT: {"using":"xpath","value":"//li[.//span[contains(text(),'506 -')]]"}
COMMAND: POST /session/19c5ed65dbd52b03c8c783813379e291/elements - {"using":"xpath","value":"//li[.//span[contains(text(),'506 -')]]"}
RESULT: {"using":"xpath","value":"//li[.//span[contains(text(),'506 -')]]"}
COMMAND: POST /session/19c5ed65dbd52b03c8c783813379e291/elements - {"using":"xpath","value":"//li[.//span[contains(text(),'506 -')]]"}
RESULT: {"using":"xpath","value":"//li[.//span[contains(text(),'506 -')]]"}
COMMAND: POST /session/19c5ed65dbd52b03c8c783813379e291/elements - {"using":"xpath","value":"//li[.//span[contains(text(),'506 -')]]"}
RESULT: {"using":"xpath","value":"//li[.//span[contains(text(),'506 -')]]"}
COMMAND: POST /session/19c5ed65dbd52b03c8c783813379e291/elements - {"using":"xpath","value":"//li[.//span[contains(text(),'506 -')]]"}
RESULT: {"using":"xpath","value":"//li[.//span[contains(text(),'506 -')]]"}
COMMAND: POST /session/19c5ed65dbd52b03c8c783813379e291/elements - {"using":"xpath","value":"//li[.//span[contains(text(),'506 -')]]"}
RESULT: {"using":"xpath","value":"//li[.//span[contains(text(),'506 -')]]"}
COMMAND: POST /session/19c5ed65dbd52b03c8c783813379e291/elements - {"using":"xpath","value":"//li[.//span[contains(text(),'506 -')]]"}
RESULT: {"using":"xpath","value":"//li[.//span[contains(text(),'506 -')]]"}
COMMAND: POST /session/19c5ed65dbd52b03c8c783813379e291/elements - {"using":"xpath","value":"//li[.//span[contains(text(),'506 -')]]"}
RESULT: {"using":"xpath","value":"//li[.//span[contains(text(),'506 -')]]"}
COMMAND: POST /session/19c5ed65dbd52b03c8c783813379e291/elements - {"using":"xpath","value":"//li[.//span[contains(text(),'506 -')]]"}
RESULT: {"using":"xpath","value":"//li[.//span[contains(text(),'506 -')]]"}
COMMAND: POST /session/19c5ed65dbd52b03c8c783813379e291/elements - {"using":"xpath","value":"//li[.//span[contains(text(),'506 -')]]"}
RESULT: {"using":"xpath","value":"//li[.//span[contains(text(),'506 -')]]"}
COMMAND: POST /session/19c5ed65dbd52b03c8c783813379e291/elements - {"using":"xpath","value":"//li[.//span[contains(text(),'506 -')]]"}
RESULT: {"using":"xpath","value":"//li[.//span[contains(text(),'506 -')]]"}
COMMAND: POST /session/19c5ed65dbd52b03c8c783813379e291/elements - {"using":"xpath","value":"//li[.//span[contains(text(),'506 -')]]"}
RESULT: {"using":"xpath","value":"//li[.//span[contains(text(),'506 -')]]"}
COMMAND: POST /session/19c5ed65dbd52b03c8c783813379e291/elements - {"using":"xpath","value":"//li[.//span[contains(text(),'506 -')]]"}
RESULT: {"using":"xpath","value":"//li[.//span[contains(text(),'506 -')]]"}
COMMAND: POST /session/19c5ed65dbd52b03c8c783813379e291/elements - {"using":"xpath","value":"//li[.//span[contains(text(),'506 -')]]"}
RESULT: {"using":"xpath","value":"//li[.//span[contains(text(),'506 -')]]"}
COMMAND: POST /session/19c5ed65dbd52b03c8c783813379e291/elements - {"using":"xpath","value":"//li[.//span[contains(text(),'506 -')]]"}
RESULT: {"using":"xpath","value":"//li[.//span[contains(text(),'506 -')]]"}
COMMAND: POST /session/19c5ed65dbd52b03c8c783813379e291/elements - {"using":"xpath","value":"//li[.//span[contains(text(),'506 -')]]"}
RESULT: {"using":"xpath","value":"//li[.//span[contains(text(),'506 -')]]"}
COMMAND: POST /session/19c5ed65dbd52b03c8c783813379e291/elements - {"using":"xpath","value":"//li[.//span[contains(text(),'506 -')]]"}
RESULT: {"using":"xpath","value":"//li[.//span[contains(text(),'506 -')]]"}
COMMAND: POST /session/19c5ed65dbd52b03c8c783813379e291/elements - {"using":"xpath","value":"//li[.//span[contains(text(),'506 -')]]"}
RESULT: {"using":"xpath","value":"//li[.//span[contains(text(),'506 -')]]"}
COMMAND: POST /session/19c5ed65dbd52b03c8c783813379e291/elements - {"using":"xpath","value":"//li[.//span[contains(text(),'506 -')]]"}
RESULT: {"using":"xpath","value":"//li[.//span[contains(text(),'506 -')]]"}
COMMAND: POST /session/19c5ed65dbd52b03c8c783813379e291/elements - {"using":"xpath","value":"//li[.//span[contains(text(),'506 -')]]"}
RESULT: {"using":"xpath","value":"//li[.//span[contains(text(),'506 -')]]"}
COMMAND: POST /session/19c5ed65dbd52b03c8c783813379e291/elements - {"using":"xpath","value":"//li[.//span[contains(text(),'506 -')]]"}
RESULT: {"using":"xpath","value":"//li[.//span[contains(text(),'506 -')]]"}
COMMAND: POST /session/19c5ed65dbd52b03c8c783813379e291/elements - {"using":"xpath","value":"//li[.//span[contains(text(),'506 -')]]"}
RESULT: {"using":"xpath","value":"//li[.//span[contains(text(),'506 -')]]"}
COMMAND: POST /session/19c5ed65dbd52b03c8c783813379e291/elements - {"using":"xpath","value":"//li[.//span[contains(text(),'506 -')]]"}
RESULT: {"using":"xpath","value":"//li[.//span[contains(text(),'506 -')]]"}
COMMAND: POST /session/19c5ed65dbd52b03c8c783813379e291/elements - {"using":"xpath","value":"//li[.//span[contains(text(),'506 -')]]"}
RESULT: {"using":"xpath","value":"//li[.//span[contains(text(),'506 -')]]"}
COMMAND: POST /session/19c5ed65dbd52b03c8c783813379e291/elements - {"using":"xpath","value":"//li[.//span[contains(text(),'506 -')]]"}
RESULT: {"using":"xpath","value":"//li[.//span[contains(text(),'506 -')]]"}
COMMAND: POST /session/19c5ed65dbd52b03c8c783813379e291/elements - {"using":"xpath","value":"//li[.//span[contains(text(),'506 -')]]"}
RESULT: {"using":"xpath","value":"//li[.//span[contains(text(),'506 -')]]"}
COMMAND: POST /session/19c5ed65dbd52b03c8c783813379e291/elements - {"using":"xpath","value":"//li[.//span[contains(text(),'506 -')]]"}
RESULT: {"using":"xpath","value":"//li[.//span[contains(text(),'506 -')]]"}
COMMAND: POST /session/19c5ed65dbd52b03c8c783813379e291/elements - {"using":"xpath","value":"//li[.//span[contains(text(),'506 -')]]"}
RESULT: {"using":"xpath","value":"//li[.//span[contains(text(),'506 -')]]"}
COMMAND: POST /session/19c5ed65dbd52b03c8c783813379e291/elements - {"using":"xpath","value":"//li[.//span[contains(text(),'506 -')]]"}
RESULT: {"using":"xpath","value":"//li[.//span[contains(text(),'506 -')]]"}
COMMAND: POST /session/19c5ed65dbd52b03c8c783813379e291/elements - {"using":"xpath","value":"//li[.//span[contains(text(),'506 -')]]"}
RESULT: {"using":"xpath","value":"//li[.//span[contains(text(),'506 -')]]"}
COMMAND: POST /session/19c5ed65dbd52b03c8c783813379e291/elements - {"using":"xpath","value":"//li[.//span[contains(text(),'506 -')]]"}
COMMAND: GET /session/19c5ed65dbd52b03c8c783813379e291/screenshot - {}
RESULT: {"using":"xpath","value":"//li[.//span[contains(text(),'506 -')]]"}
RESULT: {}
]]></system-out>
      <system-err><![CDATA[
Error: Can't call click on element with selector "//li[.//span[contains(text(),'506 -')]]" because element wasn't found
    at async UtilsPrerequisites.stockIncrease (D:\a\1\s\test\specs\BTS\prerequisites-and-utils-functions.js:1638:9)
    at async Context.<anonymous> (D:\a\1\s\test\specs\BTS\billing-calculation-mixed.spec.js:69:9)
]]></system-err>
    </testcase>
    <testcase classname="chrome.136_0_7103_93.windows.Create_master_data_for_mixed_billing_&amp;_do_billing_calculation_US151661" name="Should create a new contract" time="61.439">
      <failure/>
      <error message="element (&quot;//button[@data-kt=&quot;addButton&quot;]&quot;) still not existing after 45000ms"/>
      <system-out><![CDATA[
COMMAND: GET /session/19c5ed65dbd52b03c8c783813379e291/screenshot - {}
COMMAND: POST /session/19c5ed65dbd52b03c8c783813379e291/execute/async - {"script":"<script> [1562 bytes]","args":[{"selector":{"controlType":"sap.m.GenericTile","properties":{"header":"Manage Contracts"}},"wdio_ui5_key":"sapm.GenericTile{\"header\":\"Manage Contracts\"}"}]}
RESULT: {}
RESULT: {"script":"<script> [1562 bytes]","args":[{"selector":{"controlType":"sap.m.GenericTile","properties":{"header":"Manage Contracts"}},"wdio_ui5_key":"sapm.GenericTile{\"header\":\"Manage Contracts\"}"}]}
RESULT: undefined
COMMAND: POST /session/19c5ed65dbd52b03c8c783813379e291/elements - {"using":"xpath","value":"//span[text()='Error']"}
RESULT: {"using":"xpath","value":"//span[text()='Error']"}
COMMAND: POST /session/19c5ed65dbd52b03c8c783813379e291/element - {"using":"xpath","value":"//button[@data-kt=\"addButton\"]"}
RESULT: {"using":"xpath","value":"//button[@data-kt=\"addButton\"]"}
COMMAND: POST /session/19c5ed65dbd52b03c8c783813379e291/elements - {"using":"xpath","value":"//button[@data-kt=\"addButton\"]"}
RESULT: {"using":"xpath","value":"//button[@data-kt=\"addButton\"]"}
COMMAND: POST /session/19c5ed65dbd52b03c8c783813379e291/elements - {"using":"xpath","value":"//button[@data-kt=\"addButton\"]"}
RESULT: {"using":"xpath","value":"//button[@data-kt=\"addButton\"]"}
COMMAND: POST /session/19c5ed65dbd52b03c8c783813379e291/elements - {"using":"xpath","value":"//button[@data-kt=\"addButton\"]"}
RESULT: {"using":"xpath","value":"//button[@data-kt=\"addButton\"]"}
COMMAND: POST /session/19c5ed65dbd52b03c8c783813379e291/elements - {"using":"xpath","value":"//button[@data-kt=\"addButton\"]"}
RESULT: {"using":"xpath","value":"//button[@data-kt=\"addButton\"]"}
COMMAND: POST /session/19c5ed65dbd52b03c8c783813379e291/elements - {"using":"xpath","value":"//button[@data-kt=\"addButton\"]"}
RESULT: {"using":"xpath","value":"//button[@data-kt=\"addButton\"]"}
COMMAND: POST /session/19c5ed65dbd52b03c8c783813379e291/elements - {"using":"xpath","value":"//button[@data-kt=\"addButton\"]"}
RESULT: {"using":"xpath","value":"//button[@data-kt=\"addButton\"]"}
COMMAND: POST /session/19c5ed65dbd52b03c8c783813379e291/elements - {"using":"xpath","value":"//button[@data-kt=\"addButton\"]"}
RESULT: {"using":"xpath","value":"//button[@data-kt=\"addButton\"]"}
COMMAND: POST /session/19c5ed65dbd52b03c8c783813379e291/elements - {"using":"xpath","value":"//button[@data-kt=\"addButton\"]"}
RESULT: {"using":"xpath","value":"//button[@data-kt=\"addButton\"]"}
COMMAND: POST /session/19c5ed65dbd52b03c8c783813379e291/elements - {"using":"xpath","value":"//button[@data-kt=\"addButton\"]"}
RESULT: {"using":"xpath","value":"//button[@data-kt=\"addButton\"]"}
COMMAND: POST /session/19c5ed65dbd52b03c8c783813379e291/elements - {"using":"xpath","value":"//button[@data-kt=\"addButton\"]"}
RESULT: {"using":"xpath","value":"//button[@data-kt=\"addButton\"]"}
COMMAND: POST /session/19c5ed65dbd52b03c8c783813379e291/elements - {"using":"xpath","value":"//button[@data-kt=\"addButton\"]"}
RESULT: {"using":"xpath","value":"//button[@data-kt=\"addButton\"]"}
COMMAND: POST /session/19c5ed65dbd52b03c8c783813379e291/elements - {"using":"xpath","value":"//button[@data-kt=\"addButton\"]"}
RESULT: {"using":"xpath","value":"//button[@data-kt=\"addButton\"]"}
COMMAND: POST /session/19c5ed65dbd52b03c8c783813379e291/elements - {"using":"xpath","value":"//button[@data-kt=\"addButton\"]"}
RESULT: {"using":"xpath","value":"//button[@data-kt=\"addButton\"]"}
COMMAND: POST /session/19c5ed65dbd52b03c8c783813379e291/elements - {"using":"xpath","value":"//button[@data-kt=\"addButton\"]"}
RESULT: {"using":"xpath","value":"//button[@data-kt=\"addButton\"]"}
COMMAND: POST /session/19c5ed65dbd52b03c8c783813379e291/elements - {"using":"xpath","value":"//button[@data-kt=\"addButton\"]"}
RESULT: {"using":"xpath","value":"//button[@data-kt=\"addButton\"]"}
COMMAND: POST /session/19c5ed65dbd52b03c8c783813379e291/elements - {"using":"xpath","value":"//button[@data-kt=\"addButton\"]"}
RESULT: {"using":"xpath","value":"//button[@data-kt=\"addButton\"]"}
COMMAND: POST /session/19c5ed65dbd52b03c8c783813379e291/elements - {"using":"xpath","value":"//button[@data-kt=\"addButton\"]"}
RESULT: {"using":"xpath","value":"//button[@data-kt=\"addButton\"]"}
COMMAND: POST /session/19c5ed65dbd52b03c8c783813379e291/elements - {"using":"xpath","value":"//button[@data-kt=\"addButton\"]"}
RESULT: {"using":"xpath","value":"//button[@data-kt=\"addButton\"]"}
COMMAND: POST /session/19c5ed65dbd52b03c8c783813379e291/elements - {"using":"xpath","value":"//button[@data-kt=\"addButton\"]"}
RESULT: {"using":"xpath","value":"//button[@data-kt=\"addButton\"]"}
COMMAND: POST /session/19c5ed65dbd52b03c8c783813379e291/elements - {"using":"xpath","value":"//button[@data-kt=\"addButton\"]"}
RESULT: {"using":"xpath","value":"//button[@data-kt=\"addButton\"]"}
COMMAND: POST /session/19c5ed65dbd52b03c8c783813379e291/elements - {"using":"xpath","value":"//button[@data-kt=\"addButton\"]"}
RESULT: {"using":"xpath","value":"//button[@data-kt=\"addButton\"]"}
COMMAND: POST /session/19c5ed65dbd52b03c8c783813379e291/elements - {"using":"xpath","value":"//button[@data-kt=\"addButton\"]"}
RESULT: {"using":"xpath","value":"//button[@data-kt=\"addButton\"]"}
COMMAND: POST /session/19c5ed65dbd52b03c8c783813379e291/elements - {"using":"xpath","value":"//button[@data-kt=\"addButton\"]"}
RESULT: {"using":"xpath","value":"//button[@data-kt=\"addButton\"]"}
COMMAND: POST /session/19c5ed65dbd52b03c8c783813379e291/elements - {"using":"xpath","value":"//button[@data-kt=\"addButton\"]"}
RESULT: {"using":"xpath","value":"//button[@data-kt=\"addButton\"]"}
COMMAND: POST /session/19c5ed65dbd52b03c8c783813379e291/elements - {"using":"xpath","value":"//button[@data-kt=\"addButton\"]"}
RESULT: {"using":"xpath","value":"//button[@data-kt=\"addButton\"]"}
COMMAND: POST /session/19c5ed65dbd52b03c8c783813379e291/elements - {"using":"xpath","value":"//button[@data-kt=\"addButton\"]"}
RESULT: {"using":"xpath","value":"//button[@data-kt=\"addButton\"]"}
COMMAND: POST /session/19c5ed65dbd52b03c8c783813379e291/elements - {"using":"xpath","value":"//button[@data-kt=\"addButton\"]"}
RESULT: {"using":"xpath","value":"//button[@data-kt=\"addButton\"]"}
COMMAND: POST /session/19c5ed65dbd52b03c8c783813379e291/elements - {"using":"xpath","value":"//button[@data-kt=\"addButton\"]"}
RESULT: {"using":"xpath","value":"//button[@data-kt=\"addButton\"]"}
COMMAND: POST /session/19c5ed65dbd52b03c8c783813379e291/elements - {"using":"xpath","value":"//button[@data-kt=\"addButton\"]"}
RESULT: {"using":"xpath","value":"//button[@data-kt=\"addButton\"]"}
COMMAND: POST /session/19c5ed65dbd52b03c8c783813379e291/elements - {"using":"xpath","value":"//button[@data-kt=\"addButton\"]"}
RESULT: {"using":"xpath","value":"//button[@data-kt=\"addButton\"]"}
COMMAND: POST /session/19c5ed65dbd52b03c8c783813379e291/elements - {"using":"xpath","value":"//button[@data-kt=\"addButton\"]"}
RESULT: {"using":"xpath","value":"//button[@data-kt=\"addButton\"]"}
COMMAND: POST /session/19c5ed65dbd52b03c8c783813379e291/elements - {"using":"xpath","value":"//button[@data-kt=\"addButton\"]"}
RESULT: {"using":"xpath","value":"//button[@data-kt=\"addButton\"]"}
COMMAND: POST /session/19c5ed65dbd52b03c8c783813379e291/elements - {"using":"xpath","value":"//button[@data-kt=\"addButton\"]"}
RESULT: {"using":"xpath","value":"//button[@data-kt=\"addButton\"]"}
COMMAND: POST /session/19c5ed65dbd52b03c8c783813379e291/elements - {"using":"xpath","value":"//button[@data-kt=\"addButton\"]"}
RESULT: {"using":"xpath","value":"//button[@data-kt=\"addButton\"]"}
COMMAND: POST /session/19c5ed65dbd52b03c8c783813379e291/elements - {"using":"xpath","value":"//button[@data-kt=\"addButton\"]"}
RESULT: {"using":"xpath","value":"//button[@data-kt=\"addButton\"]"}
COMMAND: POST /session/19c5ed65dbd52b03c8c783813379e291/elements - {"using":"xpath","value":"//button[@data-kt=\"addButton\"]"}
RESULT: {"using":"xpath","value":"//button[@data-kt=\"addButton\"]"}
COMMAND: POST /session/19c5ed65dbd52b03c8c783813379e291/elements - {"using":"xpath","value":"//button[@data-kt=\"addButton\"]"}
RESULT: {"using":"xpath","value":"//button[@data-kt=\"addButton\"]"}
COMMAND: POST /session/19c5ed65dbd52b03c8c783813379e291/elements - {"using":"xpath","value":"//button[@data-kt=\"addButton\"]"}
RESULT: {"using":"xpath","value":"//button[@data-kt=\"addButton\"]"}
COMMAND: POST /session/19c5ed65dbd52b03c8c783813379e291/elements - {"using":"xpath","value":"//button[@data-kt=\"addButton\"]"}
RESULT: {"using":"xpath","value":"//button[@data-kt=\"addButton\"]"}
COMMAND: POST /session/19c5ed65dbd52b03c8c783813379e291/elements - {"using":"xpath","value":"//button[@data-kt=\"addButton\"]"}
RESULT: {"using":"xpath","value":"//button[@data-kt=\"addButton\"]"}
COMMAND: POST /session/19c5ed65dbd52b03c8c783813379e291/elements - {"using":"xpath","value":"//button[@data-kt=\"addButton\"]"}
RESULT: {"using":"xpath","value":"//button[@data-kt=\"addButton\"]"}
COMMAND: POST /session/19c5ed65dbd52b03c8c783813379e291/elements - {"using":"xpath","value":"//button[@data-kt=\"addButton\"]"}
RESULT: {"using":"xpath","value":"//button[@data-kt=\"addButton\"]"}
COMMAND: POST /session/19c5ed65dbd52b03c8c783813379e291/elements - {"using":"xpath","value":"//button[@data-kt=\"addButton\"]"}
RESULT: {"using":"xpath","value":"//button[@data-kt=\"addButton\"]"}
COMMAND: POST /session/19c5ed65dbd52b03c8c783813379e291/elements - {"using":"xpath","value":"//button[@data-kt=\"addButton\"]"}
RESULT: {"using":"xpath","value":"//button[@data-kt=\"addButton\"]"}
COMMAND: POST /session/19c5ed65dbd52b03c8c783813379e291/elements - {"using":"xpath","value":"//button[@data-kt=\"addButton\"]"}
RESULT: {"using":"xpath","value":"//button[@data-kt=\"addButton\"]"}
COMMAND: POST /session/19c5ed65dbd52b03c8c783813379e291/elements - {"using":"xpath","value":"//button[@data-kt=\"addButton\"]"}
RESULT: {"using":"xpath","value":"//button[@data-kt=\"addButton\"]"}
COMMAND: POST /session/19c5ed65dbd52b03c8c783813379e291/elements - {"using":"xpath","value":"//button[@data-kt=\"addButton\"]"}
RESULT: {"using":"xpath","value":"//button[@data-kt=\"addButton\"]"}
COMMAND: POST /session/19c5ed65dbd52b03c8c783813379e291/elements - {"using":"xpath","value":"//button[@data-kt=\"addButton\"]"}
RESULT: {"using":"xpath","value":"//button[@data-kt=\"addButton\"]"}
COMMAND: POST /session/19c5ed65dbd52b03c8c783813379e291/elements - {"using":"xpath","value":"//button[@data-kt=\"addButton\"]"}
RESULT: {"using":"xpath","value":"//button[@data-kt=\"addButton\"]"}
COMMAND: POST /session/19c5ed65dbd52b03c8c783813379e291/elements - {"using":"xpath","value":"//button[@data-kt=\"addButton\"]"}
RESULT: {"using":"xpath","value":"//button[@data-kt=\"addButton\"]"}
COMMAND: POST /session/19c5ed65dbd52b03c8c783813379e291/elements - {"using":"xpath","value":"//button[@data-kt=\"addButton\"]"}
RESULT: {"using":"xpath","value":"//button[@data-kt=\"addButton\"]"}
COMMAND: POST /session/19c5ed65dbd52b03c8c783813379e291/elements - {"using":"xpath","value":"//button[@data-kt=\"addButton\"]"}
RESULT: {"using":"xpath","value":"//button[@data-kt=\"addButton\"]"}
COMMAND: POST /session/19c5ed65dbd52b03c8c783813379e291/elements - {"using":"xpath","value":"//button[@data-kt=\"addButton\"]"}
RESULT: {"using":"xpath","value":"//button[@data-kt=\"addButton\"]"}
COMMAND: POST /session/19c5ed65dbd52b03c8c783813379e291/elements - {"using":"xpath","value":"//button[@data-kt=\"addButton\"]"}
RESULT: {"using":"xpath","value":"//button[@data-kt=\"addButton\"]"}
COMMAND: POST /session/19c5ed65dbd52b03c8c783813379e291/elements - {"using":"xpath","value":"//button[@data-kt=\"addButton\"]"}
RESULT: {"using":"xpath","value":"//button[@data-kt=\"addButton\"]"}
COMMAND: POST /session/19c5ed65dbd52b03c8c783813379e291/elements - {"using":"xpath","value":"//button[@data-kt=\"addButton\"]"}
RESULT: {"using":"xpath","value":"//button[@data-kt=\"addButton\"]"}
COMMAND: POST /session/19c5ed65dbd52b03c8c783813379e291/elements - {"using":"xpath","value":"//button[@data-kt=\"addButton\"]"}
RESULT: {"using":"xpath","value":"//button[@data-kt=\"addButton\"]"}
COMMAND: POST /session/19c5ed65dbd52b03c8c783813379e291/elements - {"using":"xpath","value":"//button[@data-kt=\"addButton\"]"}
RESULT: {"using":"xpath","value":"//button[@data-kt=\"addButton\"]"}
COMMAND: POST /session/19c5ed65dbd52b03c8c783813379e291/elements - {"using":"xpath","value":"//button[@data-kt=\"addButton\"]"}
RESULT: {"using":"xpath","value":"//button[@data-kt=\"addButton\"]"}
COMMAND: POST /session/19c5ed65dbd52b03c8c783813379e291/elements - {"using":"xpath","value":"//button[@data-kt=\"addButton\"]"}
RESULT: {"using":"xpath","value":"//button[@data-kt=\"addButton\"]"}
COMMAND: POST /session/19c5ed65dbd52b03c8c783813379e291/elements - {"using":"xpath","value":"//button[@data-kt=\"addButton\"]"}
RESULT: {"using":"xpath","value":"//button[@data-kt=\"addButton\"]"}
COMMAND: POST /session/19c5ed65dbd52b03c8c783813379e291/elements - {"using":"xpath","value":"//button[@data-kt=\"addButton\"]"}
RESULT: {"using":"xpath","value":"//button[@data-kt=\"addButton\"]"}
COMMAND: POST /session/19c5ed65dbd52b03c8c783813379e291/elements - {"using":"xpath","value":"//button[@data-kt=\"addButton\"]"}
RESULT: {"using":"xpath","value":"//button[@data-kt=\"addButton\"]"}
COMMAND: POST /session/19c5ed65dbd52b03c8c783813379e291/elements - {"using":"xpath","value":"//button[@data-kt=\"addButton\"]"}
RESULT: {"using":"xpath","value":"//button[@data-kt=\"addButton\"]"}
COMMAND: POST /session/19c5ed65dbd52b03c8c783813379e291/elements - {"using":"xpath","value":"//button[@data-kt=\"addButton\"]"}
RESULT: {"using":"xpath","value":"//button[@data-kt=\"addButton\"]"}
COMMAND: POST /session/19c5ed65dbd52b03c8c783813379e291/elements - {"using":"xpath","value":"//button[@data-kt=\"addButton\"]"}
RESULT: {"using":"xpath","value":"//button[@data-kt=\"addButton\"]"}
COMMAND: POST /session/19c5ed65dbd52b03c8c783813379e291/elements - {"using":"xpath","value":"//button[@data-kt=\"addButton\"]"}
RESULT: {"using":"xpath","value":"//button[@data-kt=\"addButton\"]"}
COMMAND: POST /session/19c5ed65dbd52b03c8c783813379e291/elements - {"using":"xpath","value":"//button[@data-kt=\"addButton\"]"}
RESULT: {"using":"xpath","value":"//button[@data-kt=\"addButton\"]"}
COMMAND: POST /session/19c5ed65dbd52b03c8c783813379e291/elements - {"using":"xpath","value":"//button[@data-kt=\"addButton\"]"}
RESULT: {"using":"xpath","value":"//button[@data-kt=\"addButton\"]"}
COMMAND: POST /session/19c5ed65dbd52b03c8c783813379e291/elements - {"using":"xpath","value":"//button[@data-kt=\"addButton\"]"}
RESULT: {"using":"xpath","value":"//button[@data-kt=\"addButton\"]"}
COMMAND: POST /session/19c5ed65dbd52b03c8c783813379e291/elements - {"using":"xpath","value":"//button[@data-kt=\"addButton\"]"}
RESULT: {"using":"xpath","value":"//button[@data-kt=\"addButton\"]"}
COMMAND: POST /session/19c5ed65dbd52b03c8c783813379e291/elements - {"using":"xpath","value":"//button[@data-kt=\"addButton\"]"}
RESULT: {"using":"xpath","value":"//button[@data-kt=\"addButton\"]"}
COMMAND: POST /session/19c5ed65dbd52b03c8c783813379e291/elements - {"using":"xpath","value":"//button[@data-kt=\"addButton\"]"}
RESULT: {"using":"xpath","value":"//button[@data-kt=\"addButton\"]"}
COMMAND: POST /session/19c5ed65dbd52b03c8c783813379e291/elements - {"using":"xpath","value":"//button[@data-kt=\"addButton\"]"}
RESULT: {"using":"xpath","value":"//button[@data-kt=\"addButton\"]"}
COMMAND: POST /session/19c5ed65dbd52b03c8c783813379e291/elements - {"using":"xpath","value":"//button[@data-kt=\"addButton\"]"}
RESULT: {"using":"xpath","value":"//button[@data-kt=\"addButton\"]"}
COMMAND: POST /session/19c5ed65dbd52b03c8c783813379e291/elements - {"using":"xpath","value":"//button[@data-kt=\"addButton\"]"}
RESULT: {"using":"xpath","value":"//button[@data-kt=\"addButton\"]"}
COMMAND: POST /session/19c5ed65dbd52b03c8c783813379e291/elements - {"using":"xpath","value":"//button[@data-kt=\"addButton\"]"}
RESULT: {"using":"xpath","value":"//button[@data-kt=\"addButton\"]"}
COMMAND: POST /session/19c5ed65dbd52b03c8c783813379e291/elements - {"using":"xpath","value":"//button[@data-kt=\"addButton\"]"}
RESULT: {"using":"xpath","value":"//button[@data-kt=\"addButton\"]"}
COMMAND: POST /session/19c5ed65dbd52b03c8c783813379e291/elements - {"using":"xpath","value":"//button[@data-kt=\"addButton\"]"}
RESULT: {"using":"xpath","value":"//button[@data-kt=\"addButton\"]"}
COMMAND: POST /session/19c5ed65dbd52b03c8c783813379e291/elements - {"using":"xpath","value":"//button[@data-kt=\"addButton\"]"}
RESULT: {"using":"xpath","value":"//button[@data-kt=\"addButton\"]"}
COMMAND: POST /session/19c5ed65dbd52b03c8c783813379e291/elements - {"using":"xpath","value":"//button[@data-kt=\"addButton\"]"}
RESULT: {"using":"xpath","value":"//button[@data-kt=\"addButton\"]"}
COMMAND: POST /session/19c5ed65dbd52b03c8c783813379e291/elements - {"using":"xpath","value":"//button[@data-kt=\"addButton\"]"}
RESULT: {"using":"xpath","value":"//button[@data-kt=\"addButton\"]"}
COMMAND: POST /session/19c5ed65dbd52b03c8c783813379e291/elements - {"using":"xpath","value":"//button[@data-kt=\"addButton\"]"}
RESULT: {"using":"xpath","value":"//button[@data-kt=\"addButton\"]"}
COMMAND: POST /session/19c5ed65dbd52b03c8c783813379e291/elements - {"using":"xpath","value":"//button[@data-kt=\"addButton\"]"}
RESULT: {"using":"xpath","value":"//button[@data-kt=\"addButton\"]"}
COMMAND: POST /session/19c5ed65dbd52b03c8c783813379e291/elements - {"using":"xpath","value":"//button[@data-kt=\"addButton\"]"}
RESULT: {"using":"xpath","value":"//button[@data-kt=\"addButton\"]"}
COMMAND: POST /session/19c5ed65dbd52b03c8c783813379e291/elements - {"using":"xpath","value":"//button[@data-kt=\"addButton\"]"}
RESULT: {"using":"xpath","value":"//button[@data-kt=\"addButton\"]"}
COMMAND: POST /session/19c5ed65dbd52b03c8c783813379e291/elements - {"using":"xpath","value":"//button[@data-kt=\"addButton\"]"}
RESULT: {"using":"xpath","value":"//button[@data-kt=\"addButton\"]"}
COMMAND: POST /session/19c5ed65dbd52b03c8c783813379e291/elements - {"using":"xpath","value":"//button[@data-kt=\"addButton\"]"}
RESULT: {"using":"xpath","value":"//button[@data-kt=\"addButton\"]"}
COMMAND: POST /session/19c5ed65dbd52b03c8c783813379e291/elements - {"using":"xpath","value":"//button[@data-kt=\"addButton\"]"}
RESULT: {"using":"xpath","value":"//button[@data-kt=\"addButton\"]"}
COMMAND: POST /session/19c5ed65dbd52b03c8c783813379e291/elements - {"using":"xpath","value":"//button[@data-kt=\"addButton\"]"}
RESULT: {"using":"xpath","value":"//button[@data-kt=\"addButton\"]"}
COMMAND: POST /session/19c5ed65dbd52b03c8c783813379e291/elements - {"using":"xpath","value":"//button[@data-kt=\"addButton\"]"}
COMMAND: GET /session/19c5ed65dbd52b03c8c783813379e291/screenshot - {}
RESULT: {"using":"xpath","value":"//button[@data-kt=\"addButton\"]"}
RESULT: {}
]]></system-out>
      <system-err><![CDATA[
Error: element ("//button[@data-kt="addButton"]") still not existing after 45000ms
    at async UtilsPrerequisites.contractCreation (D:\a\1\s\test\specs\BTS\prerequisites-and-utils-functions.js:1741:9)
    at async Context.<anonymous> (D:\a\1\s\test\specs\BTS\billing-calculation-mixed.spec.js:73:45)
]]></system-err>
    </testcase>
    <testcase classname="chrome.136_0_7103_93.windows.Create_master_data_for_mixed_billing_&amp;_do_billing_calculation_US151661" name="Should add equipment to the contract" time="60.494">
      <failure/>
      <error message="Can't call click on element with selector &quot;//button[@data-kt=&quot;contractDetailEditBtnButton&quot;]&quot; because element wasn't found"/>
      <system-out><![CDATA[
COMMAND: POST /session/19c5ed65dbd52b03c8c783813379e291/element - {"using":"xpath","value":"//button[@data-kt=\"contractDetailEditBtnButton\"]"}
COMMAND: GET /session/19c5ed65dbd52b03c8c783813379e291/screenshot - {}
RESULT: {"using":"xpath","value":"//button[@data-kt=\"contractDetailEditBtnButton\"]"}
COMMAND: POST /session/19c5ed65dbd52b03c8c783813379e291/elements - {"using":"xpath","value":"//button[@data-kt=\"contractDetailEditBtnButton\"]"}
RESULT: {}
RESULT: {"using":"xpath","value":"//button[@data-kt=\"contractDetailEditBtnButton\"]"}
COMMAND: POST /session/19c5ed65dbd52b03c8c783813379e291/elements - {"using":"xpath","value":"//button[@data-kt=\"contractDetailEditBtnButton\"]"}
RESULT: {"using":"xpath","value":"//button[@data-kt=\"contractDetailEditBtnButton\"]"}
COMMAND: POST /session/19c5ed65dbd52b03c8c783813379e291/elements - {"using":"xpath","value":"//button[@data-kt=\"contractDetailEditBtnButton\"]"}
RESULT: {"using":"xpath","value":"//button[@data-kt=\"contractDetailEditBtnButton\"]"}
COMMAND: POST /session/19c5ed65dbd52b03c8c783813379e291/elements - {"using":"xpath","value":"//button[@data-kt=\"contractDetailEditBtnButton\"]"}
RESULT: {"using":"xpath","value":"//button[@data-kt=\"contractDetailEditBtnButton\"]"}
COMMAND: POST /session/19c5ed65dbd52b03c8c783813379e291/elements - {"using":"xpath","value":"//button[@data-kt=\"contractDetailEditBtnButton\"]"}
RESULT: {"using":"xpath","value":"//button[@data-kt=\"contractDetailEditBtnButton\"]"}
COMMAND: POST /session/19c5ed65dbd52b03c8c783813379e291/elements - {"using":"xpath","value":"//button[@data-kt=\"contractDetailEditBtnButton\"]"}
RESULT: {"using":"xpath","value":"//button[@data-kt=\"contractDetailEditBtnButton\"]"}
COMMAND: POST /session/19c5ed65dbd52b03c8c783813379e291/elements - {"using":"xpath","value":"//button[@data-kt=\"contractDetailEditBtnButton\"]"}
RESULT: {"using":"xpath","value":"//button[@data-kt=\"contractDetailEditBtnButton\"]"}
COMMAND: POST /session/19c5ed65dbd52b03c8c783813379e291/elements - {"using":"xpath","value":"//button[@data-kt=\"contractDetailEditBtnButton\"]"}
RESULT: {"using":"xpath","value":"//button[@data-kt=\"contractDetailEditBtnButton\"]"}
COMMAND: POST /session/19c5ed65dbd52b03c8c783813379e291/elements - {"using":"xpath","value":"//button[@data-kt=\"contractDetailEditBtnButton\"]"}
RESULT: {"using":"xpath","value":"//button[@data-kt=\"contractDetailEditBtnButton\"]"}
COMMAND: POST /session/19c5ed65dbd52b03c8c783813379e291/elements - {"using":"xpath","value":"//button[@data-kt=\"contractDetailEditBtnButton\"]"}
RESULT: {"using":"xpath","value":"//button[@data-kt=\"contractDetailEditBtnButton\"]"}
COMMAND: POST /session/19c5ed65dbd52b03c8c783813379e291/elements - {"using":"xpath","value":"//button[@data-kt=\"contractDetailEditBtnButton\"]"}
RESULT: {"using":"xpath","value":"//button[@data-kt=\"contractDetailEditBtnButton\"]"}
COMMAND: POST /session/19c5ed65dbd52b03c8c783813379e291/elements - {"using":"xpath","value":"//button[@data-kt=\"contractDetailEditBtnButton\"]"}
RESULT: {"using":"xpath","value":"//button[@data-kt=\"contractDetailEditBtnButton\"]"}
COMMAND: POST /session/19c5ed65dbd52b03c8c783813379e291/elements - {"using":"xpath","value":"//button[@data-kt=\"contractDetailEditBtnButton\"]"}
RESULT: {"using":"xpath","value":"//button[@data-kt=\"contractDetailEditBtnButton\"]"}
COMMAND: POST /session/19c5ed65dbd52b03c8c783813379e291/elements - {"using":"xpath","value":"//button[@data-kt=\"contractDetailEditBtnButton\"]"}
RESULT: {"using":"xpath","value":"//button[@data-kt=\"contractDetailEditBtnButton\"]"}
COMMAND: POST /session/19c5ed65dbd52b03c8c783813379e291/elements - {"using":"xpath","value":"//button[@data-kt=\"contractDetailEditBtnButton\"]"}
RESULT: {"using":"xpath","value":"//button[@data-kt=\"contractDetailEditBtnButton\"]"}
COMMAND: POST /session/19c5ed65dbd52b03c8c783813379e291/elements - {"using":"xpath","value":"//button[@data-kt=\"contractDetailEditBtnButton\"]"}
RESULT: {"using":"xpath","value":"//button[@data-kt=\"contractDetailEditBtnButton\"]"}
COMMAND: POST /session/19c5ed65dbd52b03c8c783813379e291/elements - {"using":"xpath","value":"//button[@data-kt=\"contractDetailEditBtnButton\"]"}
RESULT: {"using":"xpath","value":"//button[@data-kt=\"contractDetailEditBtnButton\"]"}
COMMAND: POST /session/19c5ed65dbd52b03c8c783813379e291/elements - {"using":"xpath","value":"//button[@data-kt=\"contractDetailEditBtnButton\"]"}
RESULT: {"using":"xpath","value":"//button[@data-kt=\"contractDetailEditBtnButton\"]"}
COMMAND: POST /session/19c5ed65dbd52b03c8c783813379e291/elements - {"using":"xpath","value":"//button[@data-kt=\"contractDetailEditBtnButton\"]"}
RESULT: {"using":"xpath","value":"//button[@data-kt=\"contractDetailEditBtnButton\"]"}
COMMAND: POST /session/19c5ed65dbd52b03c8c783813379e291/elements - {"using":"xpath","value":"//button[@data-kt=\"contractDetailEditBtnButton\"]"}
RESULT: {"using":"xpath","value":"//button[@data-kt=\"contractDetailEditBtnButton\"]"}
COMMAND: POST /session/19c5ed65dbd52b03c8c783813379e291/elements - {"using":"xpath","value":"//button[@data-kt=\"contractDetailEditBtnButton\"]"}
RESULT: {"using":"xpath","value":"//button[@data-kt=\"contractDetailEditBtnButton\"]"}
COMMAND: POST /session/19c5ed65dbd52b03c8c783813379e291/elements - {"using":"xpath","value":"//button[@data-kt=\"contractDetailEditBtnButton\"]"}
RESULT: {"using":"xpath","value":"//button[@data-kt=\"contractDetailEditBtnButton\"]"}
COMMAND: POST /session/19c5ed65dbd52b03c8c783813379e291/elements - {"using":"xpath","value":"//button[@data-kt=\"contractDetailEditBtnButton\"]"}
RESULT: {"using":"xpath","value":"//button[@data-kt=\"contractDetailEditBtnButton\"]"}
COMMAND: POST /session/19c5ed65dbd52b03c8c783813379e291/elements - {"using":"xpath","value":"//button[@data-kt=\"contractDetailEditBtnButton\"]"}
RESULT: {"using":"xpath","value":"//button[@data-kt=\"contractDetailEditBtnButton\"]"}
COMMAND: POST /session/19c5ed65dbd52b03c8c783813379e291/elements - {"using":"xpath","value":"//button[@data-kt=\"contractDetailEditBtnButton\"]"}
RESULT: {"using":"xpath","value":"//button[@data-kt=\"contractDetailEditBtnButton\"]"}
COMMAND: POST /session/19c5ed65dbd52b03c8c783813379e291/elements - {"using":"xpath","value":"//button[@data-kt=\"contractDetailEditBtnButton\"]"}
RESULT: {"using":"xpath","value":"//button[@data-kt=\"contractDetailEditBtnButton\"]"}
COMMAND: POST /session/19c5ed65dbd52b03c8c783813379e291/elements - {"using":"xpath","value":"//button[@data-kt=\"contractDetailEditBtnButton\"]"}
RESULT: {"using":"xpath","value":"//button[@data-kt=\"contractDetailEditBtnButton\"]"}
COMMAND: POST /session/19c5ed65dbd52b03c8c783813379e291/elements - {"using":"xpath","value":"//button[@data-kt=\"contractDetailEditBtnButton\"]"}
RESULT: {"using":"xpath","value":"//button[@data-kt=\"contractDetailEditBtnButton\"]"}
COMMAND: POST /session/19c5ed65dbd52b03c8c783813379e291/elements - {"using":"xpath","value":"//button[@data-kt=\"contractDetailEditBtnButton\"]"}
RESULT: {"using":"xpath","value":"//button[@data-kt=\"contractDetailEditBtnButton\"]"}
COMMAND: POST /session/19c5ed65dbd52b03c8c783813379e291/elements - {"using":"xpath","value":"//button[@data-kt=\"contractDetailEditBtnButton\"]"}
RESULT: {"using":"xpath","value":"//button[@data-kt=\"contractDetailEditBtnButton\"]"}
COMMAND: POST /session/19c5ed65dbd52b03c8c783813379e291/elements - {"using":"xpath","value":"//button[@data-kt=\"contractDetailEditBtnButton\"]"}
RESULT: {"using":"xpath","value":"//button[@data-kt=\"contractDetailEditBtnButton\"]"}
COMMAND: POST /session/19c5ed65dbd52b03c8c783813379e291/elements - {"using":"xpath","value":"//button[@data-kt=\"contractDetailEditBtnButton\"]"}
RESULT: {"using":"xpath","value":"//button[@data-kt=\"contractDetailEditBtnButton\"]"}
COMMAND: POST /session/19c5ed65dbd52b03c8c783813379e291/elements - {"using":"xpath","value":"//button[@data-kt=\"contractDetailEditBtnButton\"]"}
RESULT: {"using":"xpath","value":"//button[@data-kt=\"contractDetailEditBtnButton\"]"}
COMMAND: POST /session/19c5ed65dbd52b03c8c783813379e291/elements - {"using":"xpath","value":"//button[@data-kt=\"contractDetailEditBtnButton\"]"}
RESULT: {"using":"xpath","value":"//button[@data-kt=\"contractDetailEditBtnButton\"]"}
COMMAND: POST /session/19c5ed65dbd52b03c8c783813379e291/elements - {"using":"xpath","value":"//button[@data-kt=\"contractDetailEditBtnButton\"]"}
RESULT: {"using":"xpath","value":"//button[@data-kt=\"contractDetailEditBtnButton\"]"}
COMMAND: POST /session/19c5ed65dbd52b03c8c783813379e291/elements - {"using":"xpath","value":"//button[@data-kt=\"contractDetailEditBtnButton\"]"}
RESULT: {"using":"xpath","value":"//button[@data-kt=\"contractDetailEditBtnButton\"]"}
COMMAND: POST /session/19c5ed65dbd52b03c8c783813379e291/elements - {"using":"xpath","value":"//button[@data-kt=\"contractDetailEditBtnButton\"]"}
RESULT: {"using":"xpath","value":"//button[@data-kt=\"contractDetailEditBtnButton\"]"}
COMMAND: POST /session/19c5ed65dbd52b03c8c783813379e291/elements - {"using":"xpath","value":"//button[@data-kt=\"contractDetailEditBtnButton\"]"}
RESULT: {"using":"xpath","value":"//button[@data-kt=\"contractDetailEditBtnButton\"]"}
COMMAND: POST /session/19c5ed65dbd52b03c8c783813379e291/elements - {"using":"xpath","value":"//button[@data-kt=\"contractDetailEditBtnButton\"]"}
RESULT: {"using":"xpath","value":"//button[@data-kt=\"contractDetailEditBtnButton\"]"}
COMMAND: POST /session/19c5ed65dbd52b03c8c783813379e291/elements - {"using":"xpath","value":"//button[@data-kt=\"contractDetailEditBtnButton\"]"}
RESULT: {"using":"xpath","value":"//button[@data-kt=\"contractDetailEditBtnButton\"]"}
COMMAND: POST /session/19c5ed65dbd52b03c8c783813379e291/elements - {"using":"xpath","value":"//button[@data-kt=\"contractDetailEditBtnButton\"]"}
RESULT: {"using":"xpath","value":"//button[@data-kt=\"contractDetailEditBtnButton\"]"}
COMMAND: POST /session/19c5ed65dbd52b03c8c783813379e291/elements - {"using":"xpath","value":"//button[@data-kt=\"contractDetailEditBtnButton\"]"}
RESULT: {"using":"xpath","value":"//button[@data-kt=\"contractDetailEditBtnButton\"]"}
COMMAND: POST /session/19c5ed65dbd52b03c8c783813379e291/elements - {"using":"xpath","value":"//button[@data-kt=\"contractDetailEditBtnButton\"]"}
RESULT: {"using":"xpath","value":"//button[@data-kt=\"contractDetailEditBtnButton\"]"}
COMMAND: POST /session/19c5ed65dbd52b03c8c783813379e291/elements - {"using":"xpath","value":"//button[@data-kt=\"contractDetailEditBtnButton\"]"}
RESULT: {"using":"xpath","value":"//button[@data-kt=\"contractDetailEditBtnButton\"]"}
COMMAND: POST /session/19c5ed65dbd52b03c8c783813379e291/elements - {"using":"xpath","value":"//button[@data-kt=\"contractDetailEditBtnButton\"]"}
RESULT: {"using":"xpath","value":"//button[@data-kt=\"contractDetailEditBtnButton\"]"}
COMMAND: POST /session/19c5ed65dbd52b03c8c783813379e291/elements - {"using":"xpath","value":"//button[@data-kt=\"contractDetailEditBtnButton\"]"}
RESULT: {"using":"xpath","value":"//button[@data-kt=\"contractDetailEditBtnButton\"]"}
COMMAND: POST /session/19c5ed65dbd52b03c8c783813379e291/elements - {"using":"xpath","value":"//button[@data-kt=\"contractDetailEditBtnButton\"]"}
RESULT: {"using":"xpath","value":"//button[@data-kt=\"contractDetailEditBtnButton\"]"}
COMMAND: POST /session/19c5ed65dbd52b03c8c783813379e291/elements - {"using":"xpath","value":"//button[@data-kt=\"contractDetailEditBtnButton\"]"}
RESULT: {"using":"xpath","value":"//button[@data-kt=\"contractDetailEditBtnButton\"]"}
COMMAND: POST /session/19c5ed65dbd52b03c8c783813379e291/elements - {"using":"xpath","value":"//button[@data-kt=\"contractDetailEditBtnButton\"]"}
RESULT: {"using":"xpath","value":"//button[@data-kt=\"contractDetailEditBtnButton\"]"}
COMMAND: POST /session/19c5ed65dbd52b03c8c783813379e291/elements - {"using":"xpath","value":"//button[@data-kt=\"contractDetailEditBtnButton\"]"}
RESULT: {"using":"xpath","value":"//button[@data-kt=\"contractDetailEditBtnButton\"]"}
COMMAND: POST /session/19c5ed65dbd52b03c8c783813379e291/elements - {"using":"xpath","value":"//button[@data-kt=\"contractDetailEditBtnButton\"]"}
RESULT: {"using":"xpath","value":"//button[@data-kt=\"contractDetailEditBtnButton\"]"}
COMMAND: POST /session/19c5ed65dbd52b03c8c783813379e291/elements - {"using":"xpath","value":"//button[@data-kt=\"contractDetailEditBtnButton\"]"}
RESULT: {"using":"xpath","value":"//button[@data-kt=\"contractDetailEditBtnButton\"]"}
COMMAND: POST /session/19c5ed65dbd52b03c8c783813379e291/elements - {"using":"xpath","value":"//button[@data-kt=\"contractDetailEditBtnButton\"]"}
RESULT: {"using":"xpath","value":"//button[@data-kt=\"contractDetailEditBtnButton\"]"}
COMMAND: POST /session/19c5ed65dbd52b03c8c783813379e291/elements - {"using":"xpath","value":"//button[@data-kt=\"contractDetailEditBtnButton\"]"}
RESULT: {"using":"xpath","value":"//button[@data-kt=\"contractDetailEditBtnButton\"]"}
COMMAND: POST /session/19c5ed65dbd52b03c8c783813379e291/elements - {"using":"xpath","value":"//button[@data-kt=\"contractDetailEditBtnButton\"]"}
RESULT: {"using":"xpath","value":"//button[@data-kt=\"contractDetailEditBtnButton\"]"}
COMMAND: POST /session/19c5ed65dbd52b03c8c783813379e291/elements - {"using":"xpath","value":"//button[@data-kt=\"contractDetailEditBtnButton\"]"}
RESULT: {"using":"xpath","value":"//button[@data-kt=\"contractDetailEditBtnButton\"]"}
COMMAND: POST /session/19c5ed65dbd52b03c8c783813379e291/elements - {"using":"xpath","value":"//button[@data-kt=\"contractDetailEditBtnButton\"]"}
RESULT: {"using":"xpath","value":"//button[@data-kt=\"contractDetailEditBtnButton\"]"}
COMMAND: POST /session/19c5ed65dbd52b03c8c783813379e291/elements - {"using":"xpath","value":"//button[@data-kt=\"contractDetailEditBtnButton\"]"}
RESULT: {"using":"xpath","value":"//button[@data-kt=\"contractDetailEditBtnButton\"]"}
COMMAND: POST /session/19c5ed65dbd52b03c8c783813379e291/elements - {"using":"xpath","value":"//button[@data-kt=\"contractDetailEditBtnButton\"]"}
RESULT: {"using":"xpath","value":"//button[@data-kt=\"contractDetailEditBtnButton\"]"}
COMMAND: POST /session/19c5ed65dbd52b03c8c783813379e291/elements - {"using":"xpath","value":"//button[@data-kt=\"contractDetailEditBtnButton\"]"}
RESULT: {"using":"xpath","value":"//button[@data-kt=\"contractDetailEditBtnButton\"]"}
COMMAND: POST /session/19c5ed65dbd52b03c8c783813379e291/elements - {"using":"xpath","value":"//button[@data-kt=\"contractDetailEditBtnButton\"]"}
RESULT: {"using":"xpath","value":"//button[@data-kt=\"contractDetailEditBtnButton\"]"}
COMMAND: POST /session/19c5ed65dbd52b03c8c783813379e291/elements - {"using":"xpath","value":"//button[@data-kt=\"contractDetailEditBtnButton\"]"}
RESULT: {"using":"xpath","value":"//button[@data-kt=\"contractDetailEditBtnButton\"]"}
COMMAND: POST /session/19c5ed65dbd52b03c8c783813379e291/elements - {"using":"xpath","value":"//button[@data-kt=\"contractDetailEditBtnButton\"]"}
RESULT: {"using":"xpath","value":"//button[@data-kt=\"contractDetailEditBtnButton\"]"}
COMMAND: POST /session/19c5ed65dbd52b03c8c783813379e291/elements - {"using":"xpath","value":"//button[@data-kt=\"contractDetailEditBtnButton\"]"}
RESULT: {"using":"xpath","value":"//button[@data-kt=\"contractDetailEditBtnButton\"]"}
COMMAND: POST /session/19c5ed65dbd52b03c8c783813379e291/elements - {"using":"xpath","value":"//button[@data-kt=\"contractDetailEditBtnButton\"]"}
RESULT: {"using":"xpath","value":"//button[@data-kt=\"contractDetailEditBtnButton\"]"}
COMMAND: POST /session/19c5ed65dbd52b03c8c783813379e291/elements - {"using":"xpath","value":"//button[@data-kt=\"contractDetailEditBtnButton\"]"}
RESULT: {"using":"xpath","value":"//button[@data-kt=\"contractDetailEditBtnButton\"]"}
COMMAND: POST /session/19c5ed65dbd52b03c8c783813379e291/elements - {"using":"xpath","value":"//button[@data-kt=\"contractDetailEditBtnButton\"]"}
RESULT: {"using":"xpath","value":"//button[@data-kt=\"contractDetailEditBtnButton\"]"}
COMMAND: POST /session/19c5ed65dbd52b03c8c783813379e291/elements - {"using":"xpath","value":"//button[@data-kt=\"contractDetailEditBtnButton\"]"}
RESULT: {"using":"xpath","value":"//button[@data-kt=\"contractDetailEditBtnButton\"]"}
COMMAND: POST /session/19c5ed65dbd52b03c8c783813379e291/elements - {"using":"xpath","value":"//button[@data-kt=\"contractDetailEditBtnButton\"]"}
RESULT: {"using":"xpath","value":"//button[@data-kt=\"contractDetailEditBtnButton\"]"}
COMMAND: POST /session/19c5ed65dbd52b03c8c783813379e291/elements - {"using":"xpath","value":"//button[@data-kt=\"contractDetailEditBtnButton\"]"}
RESULT: {"using":"xpath","value":"//button[@data-kt=\"contractDetailEditBtnButton\"]"}
COMMAND: POST /session/19c5ed65dbd52b03c8c783813379e291/elements - {"using":"xpath","value":"//button[@data-kt=\"contractDetailEditBtnButton\"]"}
RESULT: {"using":"xpath","value":"//button[@data-kt=\"contractDetailEditBtnButton\"]"}
COMMAND: POST /session/19c5ed65dbd52b03c8c783813379e291/elements - {"using":"xpath","value":"//button[@data-kt=\"contractDetailEditBtnButton\"]"}
RESULT: {"using":"xpath","value":"//button[@data-kt=\"contractDetailEditBtnButton\"]"}
COMMAND: POST /session/19c5ed65dbd52b03c8c783813379e291/elements - {"using":"xpath","value":"//button[@data-kt=\"contractDetailEditBtnButton\"]"}
RESULT: {"using":"xpath","value":"//button[@data-kt=\"contractDetailEditBtnButton\"]"}
COMMAND: POST /session/19c5ed65dbd52b03c8c783813379e291/elements - {"using":"xpath","value":"//button[@data-kt=\"contractDetailEditBtnButton\"]"}
RESULT: {"using":"xpath","value":"//button[@data-kt=\"contractDetailEditBtnButton\"]"}
COMMAND: POST /session/19c5ed65dbd52b03c8c783813379e291/elements - {"using":"xpath","value":"//button[@data-kt=\"contractDetailEditBtnButton\"]"}
RESULT: {"using":"xpath","value":"//button[@data-kt=\"contractDetailEditBtnButton\"]"}
COMMAND: POST /session/19c5ed65dbd52b03c8c783813379e291/elements - {"using":"xpath","value":"//button[@data-kt=\"contractDetailEditBtnButton\"]"}
RESULT: {"using":"xpath","value":"//button[@data-kt=\"contractDetailEditBtnButton\"]"}
COMMAND: POST /session/19c5ed65dbd52b03c8c783813379e291/elements - {"using":"xpath","value":"//button[@data-kt=\"contractDetailEditBtnButton\"]"}
RESULT: {"using":"xpath","value":"//button[@data-kt=\"contractDetailEditBtnButton\"]"}
COMMAND: POST /session/19c5ed65dbd52b03c8c783813379e291/elements - {"using":"xpath","value":"//button[@data-kt=\"contractDetailEditBtnButton\"]"}
RESULT: {"using":"xpath","value":"//button[@data-kt=\"contractDetailEditBtnButton\"]"}
COMMAND: POST /session/19c5ed65dbd52b03c8c783813379e291/elements - {"using":"xpath","value":"//button[@data-kt=\"contractDetailEditBtnButton\"]"}
RESULT: {"using":"xpath","value":"//button[@data-kt=\"contractDetailEditBtnButton\"]"}
COMMAND: POST /session/19c5ed65dbd52b03c8c783813379e291/elements - {"using":"xpath","value":"//button[@data-kt=\"contractDetailEditBtnButton\"]"}
RESULT: {"using":"xpath","value":"//button[@data-kt=\"contractDetailEditBtnButton\"]"}
COMMAND: POST /session/19c5ed65dbd52b03c8c783813379e291/elements - {"using":"xpath","value":"//button[@data-kt=\"contractDetailEditBtnButton\"]"}
RESULT: {"using":"xpath","value":"//button[@data-kt=\"contractDetailEditBtnButton\"]"}
COMMAND: POST /session/19c5ed65dbd52b03c8c783813379e291/elements - {"using":"xpath","value":"//button[@data-kt=\"contractDetailEditBtnButton\"]"}
RESULT: {"using":"xpath","value":"//button[@data-kt=\"contractDetailEditBtnButton\"]"}
COMMAND: POST /session/19c5ed65dbd52b03c8c783813379e291/elements - {"using":"xpath","value":"//button[@data-kt=\"contractDetailEditBtnButton\"]"}
RESULT: {"using":"xpath","value":"//button[@data-kt=\"contractDetailEditBtnButton\"]"}
COMMAND: POST /session/19c5ed65dbd52b03c8c783813379e291/elements - {"using":"xpath","value":"//button[@data-kt=\"contractDetailEditBtnButton\"]"}
RESULT: {"using":"xpath","value":"//button[@data-kt=\"contractDetailEditBtnButton\"]"}
COMMAND: POST /session/19c5ed65dbd52b03c8c783813379e291/elements - {"using":"xpath","value":"//button[@data-kt=\"contractDetailEditBtnButton\"]"}
RESULT: {"using":"xpath","value":"//button[@data-kt=\"contractDetailEditBtnButton\"]"}
COMMAND: POST /session/19c5ed65dbd52b03c8c783813379e291/elements - {"using":"xpath","value":"//button[@data-kt=\"contractDetailEditBtnButton\"]"}
RESULT: {"using":"xpath","value":"//button[@data-kt=\"contractDetailEditBtnButton\"]"}
COMMAND: POST /session/19c5ed65dbd52b03c8c783813379e291/elements - {"using":"xpath","value":"//button[@data-kt=\"contractDetailEditBtnButton\"]"}
RESULT: {"using":"xpath","value":"//button[@data-kt=\"contractDetailEditBtnButton\"]"}
COMMAND: POST /session/19c5ed65dbd52b03c8c783813379e291/elements - {"using":"xpath","value":"//button[@data-kt=\"contractDetailEditBtnButton\"]"}
RESULT: {"using":"xpath","value":"//button[@data-kt=\"contractDetailEditBtnButton\"]"}
COMMAND: POST /session/19c5ed65dbd52b03c8c783813379e291/elements - {"using":"xpath","value":"//button[@data-kt=\"contractDetailEditBtnButton\"]"}
RESULT: {"using":"xpath","value":"//button[@data-kt=\"contractDetailEditBtnButton\"]"}
COMMAND: POST /session/19c5ed65dbd52b03c8c783813379e291/elements - {"using":"xpath","value":"//button[@data-kt=\"contractDetailEditBtnButton\"]"}
RESULT: {"using":"xpath","value":"//button[@data-kt=\"contractDetailEditBtnButton\"]"}
COMMAND: POST /session/19c5ed65dbd52b03c8c783813379e291/elements - {"using":"xpath","value":"//button[@data-kt=\"contractDetailEditBtnButton\"]"}
RESULT: {"using":"xpath","value":"//button[@data-kt=\"contractDetailEditBtnButton\"]"}
COMMAND: POST /session/19c5ed65dbd52b03c8c783813379e291/elements - {"using":"xpath","value":"//button[@data-kt=\"contractDetailEditBtnButton\"]"}
RESULT: {"using":"xpath","value":"//button[@data-kt=\"contractDetailEditBtnButton\"]"}
COMMAND: POST /session/19c5ed65dbd52b03c8c783813379e291/elements - {"using":"xpath","value":"//button[@data-kt=\"contractDetailEditBtnButton\"]"}
RESULT: {"using":"xpath","value":"//button[@data-kt=\"contractDetailEditBtnButton\"]"}
COMMAND: POST /session/19c5ed65dbd52b03c8c783813379e291/elements - {"using":"xpath","value":"//button[@data-kt=\"contractDetailEditBtnButton\"]"}
RESULT: {"using":"xpath","value":"//button[@data-kt=\"contractDetailEditBtnButton\"]"}
COMMAND: POST /session/19c5ed65dbd52b03c8c783813379e291/elements - {"using":"xpath","value":"//button[@data-kt=\"contractDetailEditBtnButton\"]"}
RESULT: {"using":"xpath","value":"//button[@data-kt=\"contractDetailEditBtnButton\"]"}
COMMAND: POST /session/19c5ed65dbd52b03c8c783813379e291/elements - {"using":"xpath","value":"//button[@data-kt=\"contractDetailEditBtnButton\"]"}
RESULT: {"using":"xpath","value":"//button[@data-kt=\"contractDetailEditBtnButton\"]"}
COMMAND: POST /session/19c5ed65dbd52b03c8c783813379e291/elements - {"using":"xpath","value":"//button[@data-kt=\"contractDetailEditBtnButton\"]"}
RESULT: {"using":"xpath","value":"//button[@data-kt=\"contractDetailEditBtnButton\"]"}
COMMAND: POST /session/19c5ed65dbd52b03c8c783813379e291/elements - {"using":"xpath","value":"//button[@data-kt=\"contractDetailEditBtnButton\"]"}
RESULT: {"using":"xpath","value":"//button[@data-kt=\"contractDetailEditBtnButton\"]"}
COMMAND: POST /session/19c5ed65dbd52b03c8c783813379e291/elements - {"using":"xpath","value":"//button[@data-kt=\"contractDetailEditBtnButton\"]"}
RESULT: {"using":"xpath","value":"//button[@data-kt=\"contractDetailEditBtnButton\"]"}
COMMAND: POST /session/19c5ed65dbd52b03c8c783813379e291/elements - {"using":"xpath","value":"//button[@data-kt=\"contractDetailEditBtnButton\"]"}
RESULT: {"using":"xpath","value":"//button[@data-kt=\"contractDetailEditBtnButton\"]"}
COMMAND: POST /session/19c5ed65dbd52b03c8c783813379e291/elements - {"using":"xpath","value":"//button[@data-kt=\"contractDetailEditBtnButton\"]"}
RESULT: {"using":"xpath","value":"//button[@data-kt=\"contractDetailEditBtnButton\"]"}
COMMAND: POST /session/19c5ed65dbd52b03c8c783813379e291/elements - {"using":"xpath","value":"//button[@data-kt=\"contractDetailEditBtnButton\"]"}
RESULT: {"using":"xpath","value":"//button[@data-kt=\"contractDetailEditBtnButton\"]"}
COMMAND: POST /session/19c5ed65dbd52b03c8c783813379e291/elements - {"using":"xpath","value":"//button[@data-kt=\"contractDetailEditBtnButton\"]"}
RESULT: {"using":"xpath","value":"//button[@data-kt=\"contractDetailEditBtnButton\"]"}
COMMAND: POST /session/19c5ed65dbd52b03c8c783813379e291/elements - {"using":"xpath","value":"//button[@data-kt=\"contractDetailEditBtnButton\"]"}
RESULT: {"using":"xpath","value":"//button[@data-kt=\"contractDetailEditBtnButton\"]"}
COMMAND: POST /session/19c5ed65dbd52b03c8c783813379e291/elements - {"using":"xpath","value":"//button[@data-kt=\"contractDetailEditBtnButton\"]"}
RESULT: {"using":"xpath","value":"//button[@data-kt=\"contractDetailEditBtnButton\"]"}
COMMAND: POST /session/19c5ed65dbd52b03c8c783813379e291/elements - {"using":"xpath","value":"//button[@data-kt=\"contractDetailEditBtnButton\"]"}
RESULT: {"using":"xpath","value":"//button[@data-kt=\"contractDetailEditBtnButton\"]"}
COMMAND: POST /session/19c5ed65dbd52b03c8c783813379e291/elements - {"using":"xpath","value":"//button[@data-kt=\"contractDetailEditBtnButton\"]"}
RESULT: {"using":"xpath","value":"//button[@data-kt=\"contractDetailEditBtnButton\"]"}
COMMAND: POST /session/19c5ed65dbd52b03c8c783813379e291/elements - {"using":"xpath","value":"//button[@data-kt=\"contractDetailEditBtnButton\"]"}
RESULT: {"using":"xpath","value":"//button[@data-kt=\"contractDetailEditBtnButton\"]"}
COMMAND: POST /session/19c5ed65dbd52b03c8c783813379e291/elements - {"using":"xpath","value":"//button[@data-kt=\"contractDetailEditBtnButton\"]"}
RESULT: {"using":"xpath","value":"//button[@data-kt=\"contractDetailEditBtnButton\"]"}
COMMAND: POST /session/19c5ed65dbd52b03c8c783813379e291/elements - {"using":"xpath","value":"//button[@data-kt=\"contractDetailEditBtnButton\"]"}
RESULT: {"using":"xpath","value":"//button[@data-kt=\"contractDetailEditBtnButton\"]"}
COMMAND: POST /session/19c5ed65dbd52b03c8c783813379e291/elements - {"using":"xpath","value":"//button[@data-kt=\"contractDetailEditBtnButton\"]"}
RESULT: {"using":"xpath","value":"//button[@data-kt=\"contractDetailEditBtnButton\"]"}
COMMAND: POST /session/19c5ed65dbd52b03c8c783813379e291/elements - {"using":"xpath","value":"//button[@data-kt=\"contractDetailEditBtnButton\"]"}
RESULT: {"using":"xpath","value":"//button[@data-kt=\"contractDetailEditBtnButton\"]"}
COMMAND: POST /session/19c5ed65dbd52b03c8c783813379e291/elements - {"using":"xpath","value":"//button[@data-kt=\"contractDetailEditBtnButton\"]"}
RESULT: {"using":"xpath","value":"//button[@data-kt=\"contractDetailEditBtnButton\"]"}
COMMAND: POST /session/19c5ed65dbd52b03c8c783813379e291/elements - {"using":"xpath","value":"//button[@data-kt=\"contractDetailEditBtnButton\"]"}
RESULT: {"using":"xpath","value":"//button[@data-kt=\"contractDetailEditBtnButton\"]"}
COMMAND: POST /session/19c5ed65dbd52b03c8c783813379e291/elements - {"using":"xpath","value":"//button[@data-kt=\"contractDetailEditBtnButton\"]"}
RESULT: {"using":"xpath","value":"//button[@data-kt=\"contractDetailEditBtnButton\"]"}
COMMAND: POST /session/19c5ed65dbd52b03c8c783813379e291/elements - {"using":"xpath","value":"//button[@data-kt=\"contractDetailEditBtnButton\"]"}
RESULT: {"using":"xpath","value":"//button[@data-kt=\"contractDetailEditBtnButton\"]"}
COMMAND: POST /session/19c5ed65dbd52b03c8c783813379e291/elements - {"using":"xpath","value":"//button[@data-kt=\"contractDetailEditBtnButton\"]"}
RESULT: {"using":"xpath","value":"//button[@data-kt=\"contractDetailEditBtnButton\"]"}
COMMAND: POST /session/19c5ed65dbd52b03c8c783813379e291/elements - {"using":"xpath","value":"//button[@data-kt=\"contractDetailEditBtnButton\"]"}
RESULT: {"using":"xpath","value":"//button[@data-kt=\"contractDetailEditBtnButton\"]"}
COMMAND: POST /session/19c5ed65dbd52b03c8c783813379e291/elements - {"using":"xpath","value":"//button[@data-kt=\"contractDetailEditBtnButton\"]"}
RESULT: {"using":"xpath","value":"//button[@data-kt=\"contractDetailEditBtnButton\"]"}
COMMAND: POST /session/19c5ed65dbd52b03c8c783813379e291/elements - {"using":"xpath","value":"//button[@data-kt=\"contractDetailEditBtnButton\"]"}
RESULT: {"using":"xpath","value":"//button[@data-kt=\"contractDetailEditBtnButton\"]"}
COMMAND: POST /session/19c5ed65dbd52b03c8c783813379e291/elements - {"using":"xpath","value":"//button[@data-kt=\"contractDetailEditBtnButton\"]"}
COMMAND: GET /session/19c5ed65dbd52b03c8c783813379e291/screenshot - {}
RESULT: {"using":"xpath","value":"//button[@data-kt=\"contractDetailEditBtnButton\"]"}
RESULT: {}
]]></system-out>
      <system-err><![CDATA[
Error: Can't call click on element with selector "//button[@data-kt="contractDetailEditBtnButton"]" because element wasn't found
    at async UtilsPrerequisites.addItemToContract (D:\a\1\s\test\specs\BTS\prerequisites-and-utils-functions.js:1852:9)
    at async Context.<anonymous> (D:\a\1\s\test\specs\BTS\billing-calculation-mixed.spec.js:77:9)
]]></system-err>
    </testcase>
    <testcase classname="chrome.136_0_7103_93.windows.Create_master_data_for_mixed_billing_&amp;_do_billing_calculation_US151661" name="Should do a provide to site handover" time="60.475">
      <failure/>
      <error message="Can't call click on element with selector &quot;//button[@data-kt=&quot;provideButton&quot;]&quot; because element wasn't found"/>
      <system-out><![CDATA[
COMMAND: POST /session/19c5ed65dbd52b03c8c783813379e291/element - {"using":"xpath","value":"//button[@data-kt=\"provideButton\"]"}
COMMAND: GET /session/19c5ed65dbd52b03c8c783813379e291/screenshot - {}
RESULT: {"using":"xpath","value":"//button[@data-kt=\"provideButton\"]"}
COMMAND: POST /session/19c5ed65dbd52b03c8c783813379e291/elements - {"using":"xpath","value":"//button[@data-kt=\"provideButton\"]"}
RESULT: {}
RESULT: {"using":"xpath","value":"//button[@data-kt=\"provideButton\"]"}
COMMAND: POST /session/19c5ed65dbd52b03c8c783813379e291/elements - {"using":"xpath","value":"//button[@data-kt=\"provideButton\"]"}
RESULT: {"using":"xpath","value":"//button[@data-kt=\"provideButton\"]"}
COMMAND: POST /session/19c5ed65dbd52b03c8c783813379e291/elements - {"using":"xpath","value":"//button[@data-kt=\"provideButton\"]"}
RESULT: {"using":"xpath","value":"//button[@data-kt=\"provideButton\"]"}
COMMAND: POST /session/19c5ed65dbd52b03c8c783813379e291/elements - {"using":"xpath","value":"//button[@data-kt=\"provideButton\"]"}
RESULT: {"using":"xpath","value":"//button[@data-kt=\"provideButton\"]"}
COMMAND: POST /session/19c5ed65dbd52b03c8c783813379e291/elements - {"using":"xpath","value":"//button[@data-kt=\"provideButton\"]"}
RESULT: {"using":"xpath","value":"//button[@data-kt=\"provideButton\"]"}
COMMAND: POST /session/19c5ed65dbd52b03c8c783813379e291/elements - {"using":"xpath","value":"//button[@data-kt=\"provideButton\"]"}
RESULT: {"using":"xpath","value":"//button[@data-kt=\"provideButton\"]"}
COMMAND: POST /session/19c5ed65dbd52b03c8c783813379e291/elements - {"using":"xpath","value":"//button[@data-kt=\"provideButton\"]"}
RESULT: {"using":"xpath","value":"//button[@data-kt=\"provideButton\"]"}
COMMAND: POST /session/19c5ed65dbd52b03c8c783813379e291/elements - {"using":"xpath","value":"//button[@data-kt=\"provideButton\"]"}
RESULT: {"using":"xpath","value":"//button[@data-kt=\"provideButton\"]"}
COMMAND: POST /session/19c5ed65dbd52b03c8c783813379e291/elements - {"using":"xpath","value":"//button[@data-kt=\"provideButton\"]"}
RESULT: {"using":"xpath","value":"//button[@data-kt=\"provideButton\"]"}
COMMAND: POST /session/19c5ed65dbd52b03c8c783813379e291/elements - {"using":"xpath","value":"//button[@data-kt=\"provideButton\"]"}
RESULT: {"using":"xpath","value":"//button[@data-kt=\"provideButton\"]"}
COMMAND: POST /session/19c5ed65dbd52b03c8c783813379e291/elements - {"using":"xpath","value":"//button[@data-kt=\"provideButton\"]"}
RESULT: {"using":"xpath","value":"//button[@data-kt=\"provideButton\"]"}
COMMAND: POST /session/19c5ed65dbd52b03c8c783813379e291/elements - {"using":"xpath","value":"//button[@data-kt=\"provideButton\"]"}
RESULT: {"using":"xpath","value":"//button[@data-kt=\"provideButton\"]"}
COMMAND: POST /session/19c5ed65dbd52b03c8c783813379e291/elements - {"using":"xpath","value":"//button[@data-kt=\"provideButton\"]"}
RESULT: {"using":"xpath","value":"//button[@data-kt=\"provideButton\"]"}
COMMAND: POST /session/19c5ed65dbd52b03c8c783813379e291/elements - {"using":"xpath","value":"//button[@data-kt=\"provideButton\"]"}
RESULT: {"using":"xpath","value":"//button[@data-kt=\"provideButton\"]"}
COMMAND: POST /session/19c5ed65dbd52b03c8c783813379e291/elements - {"using":"xpath","value":"//button[@data-kt=\"provideButton\"]"}
RESULT: {"using":"xpath","value":"//button[@data-kt=\"provideButton\"]"}
COMMAND: POST /session/19c5ed65dbd52b03c8c783813379e291/elements - {"using":"xpath","value":"//button[@data-kt=\"provideButton\"]"}
RESULT: {"using":"xpath","value":"//button[@data-kt=\"provideButton\"]"}
COMMAND: POST /session/19c5ed65dbd52b03c8c783813379e291/elements - {"using":"xpath","value":"//button[@data-kt=\"provideButton\"]"}
RESULT: {"using":"xpath","value":"//button[@data-kt=\"provideButton\"]"}
COMMAND: POST /session/19c5ed65dbd52b03c8c783813379e291/elements - {"using":"xpath","value":"//button[@data-kt=\"provideButton\"]"}
RESULT: {"using":"xpath","value":"//button[@data-kt=\"provideButton\"]"}
COMMAND: POST /session/19c5ed65dbd52b03c8c783813379e291/elements - {"using":"xpath","value":"//button[@data-kt=\"provideButton\"]"}
RESULT: {"using":"xpath","value":"//button[@data-kt=\"provideButton\"]"}
COMMAND: POST /session/19c5ed65dbd52b03c8c783813379e291/elements - {"using":"xpath","value":"//button[@data-kt=\"provideButton\"]"}
RESULT: {"using":"xpath","value":"//button[@data-kt=\"provideButton\"]"}
COMMAND: POST /session/19c5ed65dbd52b03c8c783813379e291/elements - {"using":"xpath","value":"//button[@data-kt=\"provideButton\"]"}
RESULT: {"using":"xpath","value":"//button[@data-kt=\"provideButton\"]"}
COMMAND: POST /session/19c5ed65dbd52b03c8c783813379e291/elements - {"using":"xpath","value":"//button[@data-kt=\"provideButton\"]"}
RESULT: {"using":"xpath","value":"//button[@data-kt=\"provideButton\"]"}
COMMAND: POST /session/19c5ed65dbd52b03c8c783813379e291/elements - {"using":"xpath","value":"//button[@data-kt=\"provideButton\"]"}
RESULT: {"using":"xpath","value":"//button[@data-kt=\"provideButton\"]"}
COMMAND: POST /session/19c5ed65dbd52b03c8c783813379e291/elements - {"using":"xpath","value":"//button[@data-kt=\"provideButton\"]"}
RESULT: {"using":"xpath","value":"//button[@data-kt=\"provideButton\"]"}
COMMAND: POST /session/19c5ed65dbd52b03c8c783813379e291/elements - {"using":"xpath","value":"//button[@data-kt=\"provideButton\"]"}
RESULT: {"using":"xpath","value":"//button[@data-kt=\"provideButton\"]"}
COMMAND: POST /session/19c5ed65dbd52b03c8c783813379e291/elements - {"using":"xpath","value":"//button[@data-kt=\"provideButton\"]"}
RESULT: {"using":"xpath","value":"//button[@data-kt=\"provideButton\"]"}
COMMAND: POST /session/19c5ed65dbd52b03c8c783813379e291/elements - {"using":"xpath","value":"//button[@data-kt=\"provideButton\"]"}
RESULT: {"using":"xpath","value":"//button[@data-kt=\"provideButton\"]"}
COMMAND: POST /session/19c5ed65dbd52b03c8c783813379e291/elements - {"using":"xpath","value":"//button[@data-kt=\"provideButton\"]"}
RESULT: {"using":"xpath","value":"//button[@data-kt=\"provideButton\"]"}
COMMAND: POST /session/19c5ed65dbd52b03c8c783813379e291/elements - {"using":"xpath","value":"//button[@data-kt=\"provideButton\"]"}
RESULT: {"using":"xpath","value":"//button[@data-kt=\"provideButton\"]"}
COMMAND: POST /session/19c5ed65dbd52b03c8c783813379e291/elements - {"using":"xpath","value":"//button[@data-kt=\"provideButton\"]"}
RESULT: {"using":"xpath","value":"//button[@data-kt=\"provideButton\"]"}
COMMAND: POST /session/19c5ed65dbd52b03c8c783813379e291/elements - {"using":"xpath","value":"//button[@data-kt=\"provideButton\"]"}
RESULT: {"using":"xpath","value":"//button[@data-kt=\"provideButton\"]"}
COMMAND: POST /session/19c5ed65dbd52b03c8c783813379e291/elements - {"using":"xpath","value":"//button[@data-kt=\"provideButton\"]"}
RESULT: {"using":"xpath","value":"//button[@data-kt=\"provideButton\"]"}
COMMAND: POST /session/19c5ed65dbd52b03c8c783813379e291/elements - {"using":"xpath","value":"//button[@data-kt=\"provideButton\"]"}
RESULT: {"using":"xpath","value":"//button[@data-kt=\"provideButton\"]"}
COMMAND: POST /session/19c5ed65dbd52b03c8c783813379e291/elements - {"using":"xpath","value":"//button[@data-kt=\"provideButton\"]"}
RESULT: {"using":"xpath","value":"//button[@data-kt=\"provideButton\"]"}
COMMAND: POST /session/19c5ed65dbd52b03c8c783813379e291/elements - {"using":"xpath","value":"//button[@data-kt=\"provideButton\"]"}
RESULT: {"using":"xpath","value":"//button[@data-kt=\"provideButton\"]"}
COMMAND: POST /session/19c5ed65dbd52b03c8c783813379e291/elements - {"using":"xpath","value":"//button[@data-kt=\"provideButton\"]"}
RESULT: {"using":"xpath","value":"//button[@data-kt=\"provideButton\"]"}
COMMAND: POST /session/19c5ed65dbd52b03c8c783813379e291/elements - {"using":"xpath","value":"//button[@data-kt=\"provideButton\"]"}
RESULT: {"using":"xpath","value":"//button[@data-kt=\"provideButton\"]"}
COMMAND: POST /session/19c5ed65dbd52b03c8c783813379e291/elements - {"using":"xpath","value":"//button[@data-kt=\"provideButton\"]"}
RESULT: {"using":"xpath","value":"//button[@data-kt=\"provideButton\"]"}
COMMAND: POST /session/19c5ed65dbd52b03c8c783813379e291/elements - {"using":"xpath","value":"//button[@data-kt=\"provideButton\"]"}
RESULT: {"using":"xpath","value":"//button[@data-kt=\"provideButton\"]"}
COMMAND: POST /session/19c5ed65dbd52b03c8c783813379e291/elements - {"using":"xpath","value":"//button[@data-kt=\"provideButton\"]"}
RESULT: {"using":"xpath","value":"//button[@data-kt=\"provideButton\"]"}
COMMAND: POST /session/19c5ed65dbd52b03c8c783813379e291/elements - {"using":"xpath","value":"//button[@data-kt=\"provideButton\"]"}
RESULT: {"using":"xpath","value":"//button[@data-kt=\"provideButton\"]"}
COMMAND: POST /session/19c5ed65dbd52b03c8c783813379e291/elements - {"using":"xpath","value":"//button[@data-kt=\"provideButton\"]"}
RESULT: {"using":"xpath","value":"//button[@data-kt=\"provideButton\"]"}
COMMAND: POST /session/19c5ed65dbd52b03c8c783813379e291/elements - {"using":"xpath","value":"//button[@data-kt=\"provideButton\"]"}
RESULT: {"using":"xpath","value":"//button[@data-kt=\"provideButton\"]"}
COMMAND: POST /session/19c5ed65dbd52b03c8c783813379e291/elements - {"using":"xpath","value":"//button[@data-kt=\"provideButton\"]"}
RESULT: {"using":"xpath","value":"//button[@data-kt=\"provideButton\"]"}
COMMAND: POST /session/19c5ed65dbd52b03c8c783813379e291/elements - {"using":"xpath","value":"//button[@data-kt=\"provideButton\"]"}
RESULT: {"using":"xpath","value":"//button[@data-kt=\"provideButton\"]"}
COMMAND: POST /session/19c5ed65dbd52b03c8c783813379e291/elements - {"using":"xpath","value":"//button[@data-kt=\"provideButton\"]"}
RESULT: {"using":"xpath","value":"//button[@data-kt=\"provideButton\"]"}
COMMAND: POST /session/19c5ed65dbd52b03c8c783813379e291/elements - {"using":"xpath","value":"//button[@data-kt=\"provideButton\"]"}
RESULT: {"using":"xpath","value":"//button[@data-kt=\"provideButton\"]"}
COMMAND: POST /session/19c5ed65dbd52b03c8c783813379e291/elements - {"using":"xpath","value":"//button[@data-kt=\"provideButton\"]"}
RESULT: {"using":"xpath","value":"//button[@data-kt=\"provideButton\"]"}
COMMAND: POST /session/19c5ed65dbd52b03c8c783813379e291/elements - {"using":"xpath","value":"//button[@data-kt=\"provideButton\"]"}
RESULT: {"using":"xpath","value":"//button[@data-kt=\"provideButton\"]"}
COMMAND: POST /session/19c5ed65dbd52b03c8c783813379e291/elements - {"using":"xpath","value":"//button[@data-kt=\"provideButton\"]"}
RESULT: {"using":"xpath","value":"//button[@data-kt=\"provideButton\"]"}
COMMAND: POST /session/19c5ed65dbd52b03c8c783813379e291/elements - {"using":"xpath","value":"//button[@data-kt=\"provideButton\"]"}
RESULT: {"using":"xpath","value":"//button[@data-kt=\"provideButton\"]"}
COMMAND: POST /session/19c5ed65dbd52b03c8c783813379e291/elements - {"using":"xpath","value":"//button[@data-kt=\"provideButton\"]"}
RESULT: {"using":"xpath","value":"//button[@data-kt=\"provideButton\"]"}
COMMAND: POST /session/19c5ed65dbd52b03c8c783813379e291/elements - {"using":"xpath","value":"//button[@data-kt=\"provideButton\"]"}
RESULT: {"using":"xpath","value":"//button[@data-kt=\"provideButton\"]"}
COMMAND: POST /session/19c5ed65dbd52b03c8c783813379e291/elements - {"using":"xpath","value":"//button[@data-kt=\"provideButton\"]"}
RESULT: {"using":"xpath","value":"//button[@data-kt=\"provideButton\"]"}
COMMAND: POST /session/19c5ed65dbd52b03c8c783813379e291/elements - {"using":"xpath","value":"//button[@data-kt=\"provideButton\"]"}
RESULT: {"using":"xpath","value":"//button[@data-kt=\"provideButton\"]"}
COMMAND: POST /session/19c5ed65dbd52b03c8c783813379e291/elements - {"using":"xpath","value":"//button[@data-kt=\"provideButton\"]"}
RESULT: {"using":"xpath","value":"//button[@data-kt=\"provideButton\"]"}
COMMAND: POST /session/19c5ed65dbd52b03c8c783813379e291/elements - {"using":"xpath","value":"//button[@data-kt=\"provideButton\"]"}
RESULT: {"using":"xpath","value":"//button[@data-kt=\"provideButton\"]"}
COMMAND: POST /session/19c5ed65dbd52b03c8c783813379e291/elements - {"using":"xpath","value":"//button[@data-kt=\"provideButton\"]"}
RESULT: {"using":"xpath","value":"//button[@data-kt=\"provideButton\"]"}
COMMAND: POST /session/19c5ed65dbd52b03c8c783813379e291/elements - {"using":"xpath","value":"//button[@data-kt=\"provideButton\"]"}
RESULT: {"using":"xpath","value":"//button[@data-kt=\"provideButton\"]"}
COMMAND: POST /session/19c5ed65dbd52b03c8c783813379e291/elements - {"using":"xpath","value":"//button[@data-kt=\"provideButton\"]"}
RESULT: {"using":"xpath","value":"//button[@data-kt=\"provideButton\"]"}
COMMAND: POST /session/19c5ed65dbd52b03c8c783813379e291/elements - {"using":"xpath","value":"//button[@data-kt=\"provideButton\"]"}
RESULT: {"using":"xpath","value":"//button[@data-kt=\"provideButton\"]"}
COMMAND: POST /session/19c5ed65dbd52b03c8c783813379e291/elements - {"using":"xpath","value":"//button[@data-kt=\"provideButton\"]"}
RESULT: {"using":"xpath","value":"//button[@data-kt=\"provideButton\"]"}
COMMAND: POST /session/19c5ed65dbd52b03c8c783813379e291/elements - {"using":"xpath","value":"//button[@data-kt=\"provideButton\"]"}
RESULT: {"using":"xpath","value":"//button[@data-kt=\"provideButton\"]"}
COMMAND: POST /session/19c5ed65dbd52b03c8c783813379e291/elements - {"using":"xpath","value":"//button[@data-kt=\"provideButton\"]"}
RESULT: {"using":"xpath","value":"//button[@data-kt=\"provideButton\"]"}
COMMAND: POST /session/19c5ed65dbd52b03c8c783813379e291/elements - {"using":"xpath","value":"//button[@data-kt=\"provideButton\"]"}
RESULT: {"using":"xpath","value":"//button[@data-kt=\"provideButton\"]"}
COMMAND: POST /session/19c5ed65dbd52b03c8c783813379e291/elements - {"using":"xpath","value":"//button[@data-kt=\"provideButton\"]"}
RESULT: {"using":"xpath","value":"//button[@data-kt=\"provideButton\"]"}
COMMAND: POST /session/19c5ed65dbd52b03c8c783813379e291/elements - {"using":"xpath","value":"//button[@data-kt=\"provideButton\"]"}
RESULT: {"using":"xpath","value":"//button[@data-kt=\"provideButton\"]"}
COMMAND: POST /session/19c5ed65dbd52b03c8c783813379e291/elements - {"using":"xpath","value":"//button[@data-kt=\"provideButton\"]"}
RESULT: {"using":"xpath","value":"//button[@data-kt=\"provideButton\"]"}
COMMAND: POST /session/19c5ed65dbd52b03c8c783813379e291/elements - {"using":"xpath","value":"//button[@data-kt=\"provideButton\"]"}
RESULT: {"using":"xpath","value":"//button[@data-kt=\"provideButton\"]"}
COMMAND: POST /session/19c5ed65dbd52b03c8c783813379e291/elements - {"using":"xpath","value":"//button[@data-kt=\"provideButton\"]"}
RESULT: {"using":"xpath","value":"//button[@data-kt=\"provideButton\"]"}
COMMAND: POST /session/19c5ed65dbd52b03c8c783813379e291/elements - {"using":"xpath","value":"//button[@data-kt=\"provideButton\"]"}
RESULT: {"using":"xpath","value":"//button[@data-kt=\"provideButton\"]"}
COMMAND: POST /session/19c5ed65dbd52b03c8c783813379e291/elements - {"using":"xpath","value":"//button[@data-kt=\"provideButton\"]"}
RESULT: {"using":"xpath","value":"//button[@data-kt=\"provideButton\"]"}
COMMAND: POST /session/19c5ed65dbd52b03c8c783813379e291/elements - {"using":"xpath","value":"//button[@data-kt=\"provideButton\"]"}
RESULT: {"using":"xpath","value":"//button[@data-kt=\"provideButton\"]"}
COMMAND: POST /session/19c5ed65dbd52b03c8c783813379e291/elements - {"using":"xpath","value":"//button[@data-kt=\"provideButton\"]"}
RESULT: {"using":"xpath","value":"//button[@data-kt=\"provideButton\"]"}
COMMAND: POST /session/19c5ed65dbd52b03c8c783813379e291/elements - {"using":"xpath","value":"//button[@data-kt=\"provideButton\"]"}
RESULT: {"using":"xpath","value":"//button[@data-kt=\"provideButton\"]"}
COMMAND: POST /session/19c5ed65dbd52b03c8c783813379e291/elements - {"using":"xpath","value":"//button[@data-kt=\"provideButton\"]"}
RESULT: {"using":"xpath","value":"//button[@data-kt=\"provideButton\"]"}
COMMAND: POST /session/19c5ed65dbd52b03c8c783813379e291/elements - {"using":"xpath","value":"//button[@data-kt=\"provideButton\"]"}
RESULT: {"using":"xpath","value":"//button[@data-kt=\"provideButton\"]"}
COMMAND: POST /session/19c5ed65dbd52b03c8c783813379e291/elements - {"using":"xpath","value":"//button[@data-kt=\"provideButton\"]"}
RESULT: {"using":"xpath","value":"//button[@data-kt=\"provideButton\"]"}
COMMAND: POST /session/19c5ed65dbd52b03c8c783813379e291/elements - {"using":"xpath","value":"//button[@data-kt=\"provideButton\"]"}
RESULT: {"using":"xpath","value":"//button[@data-kt=\"provideButton\"]"}
COMMAND: POST /session/19c5ed65dbd52b03c8c783813379e291/elements - {"using":"xpath","value":"//button[@data-kt=\"provideButton\"]"}
RESULT: {"using":"xpath","value":"//button[@data-kt=\"provideButton\"]"}
COMMAND: POST /session/19c5ed65dbd52b03c8c783813379e291/elements - {"using":"xpath","value":"//button[@data-kt=\"provideButton\"]"}
RESULT: {"using":"xpath","value":"//button[@data-kt=\"provideButton\"]"}
COMMAND: POST /session/19c5ed65dbd52b03c8c783813379e291/elements - {"using":"xpath","value":"//button[@data-kt=\"provideButton\"]"}
RESULT: {"using":"xpath","value":"//button[@data-kt=\"provideButton\"]"}
COMMAND: POST /session/19c5ed65dbd52b03c8c783813379e291/elements - {"using":"xpath","value":"//button[@data-kt=\"provideButton\"]"}
RESULT: {"using":"xpath","value":"//button[@data-kt=\"provideButton\"]"}
COMMAND: POST /session/19c5ed65dbd52b03c8c783813379e291/elements - {"using":"xpath","value":"//button[@data-kt=\"provideButton\"]"}
RESULT: {"using":"xpath","value":"//button[@data-kt=\"provideButton\"]"}
COMMAND: POST /session/19c5ed65dbd52b03c8c783813379e291/elements - {"using":"xpath","value":"//button[@data-kt=\"provideButton\"]"}
RESULT: {"using":"xpath","value":"//button[@data-kt=\"provideButton\"]"}
COMMAND: POST /session/19c5ed65dbd52b03c8c783813379e291/elements - {"using":"xpath","value":"//button[@data-kt=\"provideButton\"]"}
RESULT: {"using":"xpath","value":"//button[@data-kt=\"provideButton\"]"}
COMMAND: POST /session/19c5ed65dbd52b03c8c783813379e291/elements - {"using":"xpath","value":"//button[@data-kt=\"provideButton\"]"}
RESULT: {"using":"xpath","value":"//button[@data-kt=\"provideButton\"]"}
COMMAND: POST /session/19c5ed65dbd52b03c8c783813379e291/elements - {"using":"xpath","value":"//button[@data-kt=\"provideButton\"]"}
RESULT: {"using":"xpath","value":"//button[@data-kt=\"provideButton\"]"}
COMMAND: POST /session/19c5ed65dbd52b03c8c783813379e291/elements - {"using":"xpath","value":"//button[@data-kt=\"provideButton\"]"}
RESULT: {"using":"xpath","value":"//button[@data-kt=\"provideButton\"]"}
COMMAND: POST /session/19c5ed65dbd52b03c8c783813379e291/elements - {"using":"xpath","value":"//button[@data-kt=\"provideButton\"]"}
RESULT: {"using":"xpath","value":"//button[@data-kt=\"provideButton\"]"}
COMMAND: POST /session/19c5ed65dbd52b03c8c783813379e291/elements - {"using":"xpath","value":"//button[@data-kt=\"provideButton\"]"}
RESULT: {"using":"xpath","value":"//button[@data-kt=\"provideButton\"]"}
COMMAND: POST /session/19c5ed65dbd52b03c8c783813379e291/elements - {"using":"xpath","value":"//button[@data-kt=\"provideButton\"]"}
RESULT: {"using":"xpath","value":"//button[@data-kt=\"provideButton\"]"}
COMMAND: POST /session/19c5ed65dbd52b03c8c783813379e291/elements - {"using":"xpath","value":"//button[@data-kt=\"provideButton\"]"}
RESULT: {"using":"xpath","value":"//button[@data-kt=\"provideButton\"]"}
COMMAND: POST /session/19c5ed65dbd52b03c8c783813379e291/elements - {"using":"xpath","value":"//button[@data-kt=\"provideButton\"]"}
RESULT: {"using":"xpath","value":"//button[@data-kt=\"provideButton\"]"}
COMMAND: POST /session/19c5ed65dbd52b03c8c783813379e291/elements - {"using":"xpath","value":"//button[@data-kt=\"provideButton\"]"}
RESULT: {"using":"xpath","value":"//button[@data-kt=\"provideButton\"]"}
COMMAND: POST /session/19c5ed65dbd52b03c8c783813379e291/elements - {"using":"xpath","value":"//button[@data-kt=\"provideButton\"]"}
RESULT: {"using":"xpath","value":"//button[@data-kt=\"provideButton\"]"}
COMMAND: POST /session/19c5ed65dbd52b03c8c783813379e291/elements - {"using":"xpath","value":"//button[@data-kt=\"provideButton\"]"}
RESULT: {"using":"xpath","value":"//button[@data-kt=\"provideButton\"]"}
COMMAND: POST /session/19c5ed65dbd52b03c8c783813379e291/elements - {"using":"xpath","value":"//button[@data-kt=\"provideButton\"]"}
RESULT: {"using":"xpath","value":"//button[@data-kt=\"provideButton\"]"}
COMMAND: POST /session/19c5ed65dbd52b03c8c783813379e291/elements - {"using":"xpath","value":"//button[@data-kt=\"provideButton\"]"}
RESULT: {"using":"xpath","value":"//button[@data-kt=\"provideButton\"]"}
COMMAND: POST /session/19c5ed65dbd52b03c8c783813379e291/elements - {"using":"xpath","value":"//button[@data-kt=\"provideButton\"]"}
RESULT: {"using":"xpath","value":"//button[@data-kt=\"provideButton\"]"}
COMMAND: POST /session/19c5ed65dbd52b03c8c783813379e291/elements - {"using":"xpath","value":"//button[@data-kt=\"provideButton\"]"}
RESULT: {"using":"xpath","value":"//button[@data-kt=\"provideButton\"]"}
COMMAND: POST /session/19c5ed65dbd52b03c8c783813379e291/elements - {"using":"xpath","value":"//button[@data-kt=\"provideButton\"]"}
RESULT: {"using":"xpath","value":"//button[@data-kt=\"provideButton\"]"}
COMMAND: POST /session/19c5ed65dbd52b03c8c783813379e291/elements - {"using":"xpath","value":"//button[@data-kt=\"provideButton\"]"}
RESULT: {"using":"xpath","value":"//button[@data-kt=\"provideButton\"]"}
COMMAND: POST /session/19c5ed65dbd52b03c8c783813379e291/elements - {"using":"xpath","value":"//button[@data-kt=\"provideButton\"]"}
RESULT: {"using":"xpath","value":"//button[@data-kt=\"provideButton\"]"}
COMMAND: POST /session/19c5ed65dbd52b03c8c783813379e291/elements - {"using":"xpath","value":"//button[@data-kt=\"provideButton\"]"}
RESULT: {"using":"xpath","value":"//button[@data-kt=\"provideButton\"]"}
COMMAND: POST /session/19c5ed65dbd52b03c8c783813379e291/elements - {"using":"xpath","value":"//button[@data-kt=\"provideButton\"]"}
RESULT: {"using":"xpath","value":"//button[@data-kt=\"provideButton\"]"}
COMMAND: POST /session/19c5ed65dbd52b03c8c783813379e291/elements - {"using":"xpath","value":"//button[@data-kt=\"provideButton\"]"}
RESULT: {"using":"xpath","value":"//button[@data-kt=\"provideButton\"]"}
COMMAND: POST /session/19c5ed65dbd52b03c8c783813379e291/elements - {"using":"xpath","value":"//button[@data-kt=\"provideButton\"]"}
RESULT: {"using":"xpath","value":"//button[@data-kt=\"provideButton\"]"}
COMMAND: POST /session/19c5ed65dbd52b03c8c783813379e291/elements - {"using":"xpath","value":"//button[@data-kt=\"provideButton\"]"}
RESULT: {"using":"xpath","value":"//button[@data-kt=\"provideButton\"]"}
COMMAND: POST /session/19c5ed65dbd52b03c8c783813379e291/elements - {"using":"xpath","value":"//button[@data-kt=\"provideButton\"]"}
RESULT: {"using":"xpath","value":"//button[@data-kt=\"provideButton\"]"}
COMMAND: POST /session/19c5ed65dbd52b03c8c783813379e291/elements - {"using":"xpath","value":"//button[@data-kt=\"provideButton\"]"}
RESULT: {"using":"xpath","value":"//button[@data-kt=\"provideButton\"]"}
COMMAND: POST /session/19c5ed65dbd52b03c8c783813379e291/elements - {"using":"xpath","value":"//button[@data-kt=\"provideButton\"]"}
RESULT: {"using":"xpath","value":"//button[@data-kt=\"provideButton\"]"}
COMMAND: POST /session/19c5ed65dbd52b03c8c783813379e291/elements - {"using":"xpath","value":"//button[@data-kt=\"provideButton\"]"}
RESULT: {"using":"xpath","value":"//button[@data-kt=\"provideButton\"]"}
COMMAND: POST /session/19c5ed65dbd52b03c8c783813379e291/elements - {"using":"xpath","value":"//button[@data-kt=\"provideButton\"]"}
RESULT: {"using":"xpath","value":"//button[@data-kt=\"provideButton\"]"}
COMMAND: POST /session/19c5ed65dbd52b03c8c783813379e291/elements - {"using":"xpath","value":"//button[@data-kt=\"provideButton\"]"}
RESULT: {"using":"xpath","value":"//button[@data-kt=\"provideButton\"]"}
COMMAND: POST /session/19c5ed65dbd52b03c8c783813379e291/elements - {"using":"xpath","value":"//button[@data-kt=\"provideButton\"]"}
RESULT: {"using":"xpath","value":"//button[@data-kt=\"provideButton\"]"}
COMMAND: POST /session/19c5ed65dbd52b03c8c783813379e291/elements - {"using":"xpath","value":"//button[@data-kt=\"provideButton\"]"}
RESULT: {"using":"xpath","value":"//button[@data-kt=\"provideButton\"]"}
COMMAND: POST /session/19c5ed65dbd52b03c8c783813379e291/elements - {"using":"xpath","value":"//button[@data-kt=\"provideButton\"]"}
RESULT: {"using":"xpath","value":"//button[@data-kt=\"provideButton\"]"}
COMMAND: POST /session/19c5ed65dbd52b03c8c783813379e291/elements - {"using":"xpath","value":"//button[@data-kt=\"provideButton\"]"}
RESULT: {"using":"xpath","value":"//button[@data-kt=\"provideButton\"]"}
COMMAND: POST /session/19c5ed65dbd52b03c8c783813379e291/elements - {"using":"xpath","value":"//button[@data-kt=\"provideButton\"]"}
RESULT: {"using":"xpath","value":"//button[@data-kt=\"provideButton\"]"}
COMMAND: POST /session/19c5ed65dbd52b03c8c783813379e291/elements - {"using":"xpath","value":"//button[@data-kt=\"provideButton\"]"}
COMMAND: GET /session/19c5ed65dbd52b03c8c783813379e291/screenshot - {}
RESULT: {"using":"xpath","value":"//button[@data-kt=\"provideButton\"]"}
RESULT: {}
]]></system-out>
      <system-err><![CDATA[
Error: Can't call click on element with selector "//button[@data-kt="provideButton"]" because element wasn't found
    at async UtilsPrerequisites.provideToSiteHandoverFromContractDetails (D:\a\1\s\test\specs\BTS\prerequisites-and-utils-functions.js:1949:9)
    at async Context.<anonymous> (D:\a\1\s\test\specs\BTS\billing-calculation-mixed.spec.js:81:9)
]]></system-err>
    </testcase>
    <testcase classname="chrome.136_0_7103_93.windows.Create_master_data_for_mixed_billing_&amp;_do_billing_calculation_US151661" name="Should create a few performance documents" time="17.082">
      <failure/>
      <error message="expect(received).toEqual(expected) // deep equality&#xA;&#xA;Expected: &quot;Records (1)&quot;&#xA;Received: undefined"/>
      <system-out><![CDATA[
COMMAND: POST /session/19c5ed65dbd52b03c8c783813379e291/execute/async - {"script":"<script> [1562 bytes]","args":[{"selector":{"controlType":"sap.m.GenericTile","properties":{"header":"Manage States & Performance"}},"wdio_ui5_key":"sapm.GenericTile{\"header\":\"Manage States & Performance\"}"}]}
COMMAND: GET /session/19c5ed65dbd52b03c8c783813379e291/screenshot - {}
RESULT: {"script":"<script> [1562 bytes]","args":[{"selector":{"controlType":"sap.m.GenericTile","properties":{"header":"Manage States & Performance"}},"wdio_ui5_key":"sapm.GenericTile{\"header\":\"Manage States & Performance\"}"}]}
RESULT: undefined
RESULT: {}
COMMAND: POST /session/19c5ed65dbd52b03c8c783813379e291/elements - {"using":"xpath","value":"//span[text()='Error']"}
RESULT: {"using":"xpath","value":"//span[text()='Error']"}
COMMAND: POST /session/19c5ed65dbd52b03c8c783813379e291/execute/async - {"script":"<script> [1562 bytes]","args":[{"selector":{"id":"application-managestatesandperformance-display-component---stateAndPerform--smartFilterBarResources-btnBasicSearch","interaction":{"idSuffix":"I"}},"wdio_ui5_key":"applicationmanagestatesandperformance-display-component---stateAndPerform--smartFilterBarResources-btnBasicSearch"}]}
RESULT: {"script":"<script> [1562 bytes]","args":[{"selector":{"id":"application-managestatesandperformance-display-component---stateAndPerform--smartFilterBarResources-btnBasicSearch","interaction":{"idSuffix":"I"}},"wdio_ui5_key":"applicationmanagestatesandperformance-display-component---stateAndPerform--smartFilterBarResources-btnBasicSearch"}]}
RESULT: undefined
COMMAND: POST /session/19c5ed65dbd52b03c8c783813379e291/actions - {"actions":[{"id":"action42","type":"key","parameters":{},"actions":[{"type":"keyDown","value":""},{"type":"pause","duration":10},{"type":"keyUp","value":""}]}]}
RESULT: {"actions":[{"id":"action42","type":"key","parameters":{},"actions":[{"type":"keyDown","value":""},{"type":"pause","duration":10},{"type":"keyUp","value":""}]}]}
COMMAND: GET /session/19c5ed65dbd52b03c8c783813379e291/screenshot - {}
RESULT: {}
COMMAND: POST /session/19c5ed65dbd52b03c8c783813379e291/execute/async - {"script":"<script> [1562 bytes]","args":[{"selector":{"id":"application-managestatesandperformance-display-component---stateAndPerform--stateAndPerformResourcesSmartTable-header"},"wdio_ui5_key":"applicationmanagestatesandperformance-display-component---stateAndPerform--stateAndPerformResourcesSmartTable-header"}]}
RESULT: {"script":"<script> [1562 bytes]","args":[{"selector":{"id":"application-managestatesandperformance-display-component---stateAndPerform--stateAndPerformResourcesSmartTable-header"},"wdio_ui5_key":"applicationmanagestatesandperformance-display-component---stateAndPerform--stateAndPerformResourcesSmartTable-header"}]}
RESULT: undefined
COMMAND: GET /session/19c5ed65dbd52b03c8c783813379e291/screenshot - {}
RESULT: {}
COMMAND: GET /session/19c5ed65dbd52b03c8c783813379e291/screenshot - {}
]]></system-out>
      <system-err><![CDATA[
Error: expect(received).toEqual(expected) // deep equality

Expected: "Records (1)"
Received: undefined
    at Context.<anonymous> (D:\a\1\s\test\specs\BTS\billing-calculation-mixed.spec.js:102:22)
]]></system-err>
    </testcase>
    <testcase classname="chrome.136_0_7103_93.windows.Create_master_data_for_mixed_billing_&amp;_do_billing_calculation_US151661" name="Should go to Manage Billings and trigger calculation check the conditions applied" time="79.613">
      <failure/>
      <error message="Can't call click on element with selector &quot;//td[@aria-colindex=&quot;1&quot;]/div/div[contains(@class, &quot;sapMCbBg&quot;)]&quot; because element wasn't found"/>
      <system-out><![CDATA[
COMMAND: POST /session/19c5ed65dbd52b03c8c783813379e291/execute/async - {"script":"<script> [1562 bytes]","args":[{"selector":{"controlType":"sap.m.GenericTile","properties":{"header":"Manage Billings"}},"wdio_ui5_key":"sapm.GenericTile{\"header\":\"Manage Billings\"}"}]}
RESULT: {"script":"<script> [1562 bytes]","args":[{"selector":{"controlType":"sap.m.GenericTile","properties":{"header":"Manage Billings"}},"wdio_ui5_key":"sapm.GenericTile{\"header\":\"Manage Billings\"}"}]}
RESULT: undefined
RESULT: {}
COMMAND: POST /session/19c5ed65dbd52b03c8c783813379e291/elements - {"using":"xpath","value":"//span[text()='Error']"}
RESULT: {"using":"xpath","value":"//span[text()='Error']"}
COMMAND: POST /session/19c5ed65dbd52b03c8c783813379e291/execute/async - {"script":"<script> [1562 bytes]","args":[{"selector":{"id":"application-managebillings-display-component---billRunCalcResult--smartFilterBar-btnBasicSearch","interaction":{"idSuffix":"I"}},"wdio_ui5_key":"applicationmanagebillings-display-component---billRunCalcResult--smartFilterBar-btnBasicSearch"}]}
RESULT: {"script":"<script> [1562 bytes]","args":[{"selector":{"id":"application-managebillings-display-component---billRunCalcResult--smartFilterBar-btnBasicSearch","interaction":{"idSuffix":"I"}},"wdio_ui5_key":"applicationmanagebillings-display-component---billRunCalcResult--smartFilterBar-btnBasicSearch"}]}
RESULT: undefined
COMMAND: POST /session/19c5ed65dbd52b03c8c783813379e291/actions - {"actions":[{"id":"action43","type":"key","parameters":{},"actions":[{"type":"keyDown","value":""},{"type":"pause","duration":10},{"type":"keyUp","value":""}]}]}
RESULT: {"actions":[{"id":"action43","type":"key","parameters":{},"actions":[{"type":"keyDown","value":""},{"type":"pause","duration":10},{"type":"keyUp","value":""}]}]}
COMMAND: GET /session/19c5ed65dbd52b03c8c783813379e291/screenshot - {}
RESULT: {}
COMMAND: POST /session/19c5ed65dbd52b03c8c783813379e291/element - {"using":"xpath","value":"//td[@aria-colindex=\"1\"]/div/div[contains(@class, \"sapMCbBg\")]"}
RESULT: {"using":"xpath","value":"//td[@aria-colindex=\"1\"]/div/div[contains(@class, \"sapMCbBg\")]"}
COMMAND: POST /session/19c5ed65dbd52b03c8c783813379e291/elements - {"using":"xpath","value":"//td[@aria-colindex=\"1\"]/div/div[contains(@class, \"sapMCbBg\")]"}
RESULT: {"using":"xpath","value":"//td[@aria-colindex=\"1\"]/div/div[contains(@class, \"sapMCbBg\")]"}
COMMAND: POST /session/19c5ed65dbd52b03c8c783813379e291/elements - {"using":"xpath","value":"//td[@aria-colindex=\"1\"]/div/div[contains(@class, \"sapMCbBg\")]"}
RESULT: {"using":"xpath","value":"//td[@aria-colindex=\"1\"]/div/div[contains(@class, \"sapMCbBg\")]"}
COMMAND: POST /session/19c5ed65dbd52b03c8c783813379e291/elements - {"using":"xpath","value":"//td[@aria-colindex=\"1\"]/div/div[contains(@class, \"sapMCbBg\")]"}
RESULT: {"using":"xpath","value":"//td[@aria-colindex=\"1\"]/div/div[contains(@class, \"sapMCbBg\")]"}
COMMAND: POST /session/19c5ed65dbd52b03c8c783813379e291/elements - {"using":"xpath","value":"//td[@aria-colindex=\"1\"]/div/div[contains(@class, \"sapMCbBg\")]"}
RESULT: {"using":"xpath","value":"//td[@aria-colindex=\"1\"]/div/div[contains(@class, \"sapMCbBg\")]"}
COMMAND: POST /session/19c5ed65dbd52b03c8c783813379e291/elements - {"using":"xpath","value":"//td[@aria-colindex=\"1\"]/div/div[contains(@class, \"sapMCbBg\")]"}
RESULT: {"using":"xpath","value":"//td[@aria-colindex=\"1\"]/div/div[contains(@class, \"sapMCbBg\")]"}
COMMAND: POST /session/19c5ed65dbd52b03c8c783813379e291/elements - {"using":"xpath","value":"//td[@aria-colindex=\"1\"]/div/div[contains(@class, \"sapMCbBg\")]"}
RESULT: {"using":"xpath","value":"//td[@aria-colindex=\"1\"]/div/div[contains(@class, \"sapMCbBg\")]"}
COMMAND: POST /session/19c5ed65dbd52b03c8c783813379e291/elements - {"using":"xpath","value":"//td[@aria-colindex=\"1\"]/div/div[contains(@class, \"sapMCbBg\")]"}
RESULT: {"using":"xpath","value":"//td[@aria-colindex=\"1\"]/div/div[contains(@class, \"sapMCbBg\")]"}
COMMAND: POST /session/19c5ed65dbd52b03c8c783813379e291/elements - {"using":"xpath","value":"//td[@aria-colindex=\"1\"]/div/div[contains(@class, \"sapMCbBg\")]"}
RESULT: {"using":"xpath","value":"//td[@aria-colindex=\"1\"]/div/div[contains(@class, \"sapMCbBg\")]"}
COMMAND: POST /session/19c5ed65dbd52b03c8c783813379e291/elements - {"using":"xpath","value":"//td[@aria-colindex=\"1\"]/div/div[contains(@class, \"sapMCbBg\")]"}
RESULT: {"using":"xpath","value":"//td[@aria-colindex=\"1\"]/div/div[contains(@class, \"sapMCbBg\")]"}
COMMAND: POST /session/19c5ed65dbd52b03c8c783813379e291/elements - {"using":"xpath","value":"//td[@aria-colindex=\"1\"]/div/div[contains(@class, \"sapMCbBg\")]"}
RESULT: {"using":"xpath","value":"//td[@aria-colindex=\"1\"]/div/div[contains(@class, \"sapMCbBg\")]"}
COMMAND: POST /session/19c5ed65dbd52b03c8c783813379e291/elements - {"using":"xpath","value":"//td[@aria-colindex=\"1\"]/div/div[contains(@class, \"sapMCbBg\")]"}
RESULT: {"using":"xpath","value":"//td[@aria-colindex=\"1\"]/div/div[contains(@class, \"sapMCbBg\")]"}
COMMAND: POST /session/19c5ed65dbd52b03c8c783813379e291/elements - {"using":"xpath","value":"//td[@aria-colindex=\"1\"]/div/div[contains(@class, \"sapMCbBg\")]"}
RESULT: {"using":"xpath","value":"//td[@aria-colindex=\"1\"]/div/div[contains(@class, \"sapMCbBg\")]"}
COMMAND: POST /session/19c5ed65dbd52b03c8c783813379e291/elements - {"using":"xpath","value":"//td[@aria-colindex=\"1\"]/div/div[contains(@class, \"sapMCbBg\")]"}
RESULT: {"using":"xpath","value":"//td[@aria-colindex=\"1\"]/div/div[contains(@class, \"sapMCbBg\")]"}
COMMAND: POST /session/19c5ed65dbd52b03c8c783813379e291/elements - {"using":"xpath","value":"//td[@aria-colindex=\"1\"]/div/div[contains(@class, \"sapMCbBg\")]"}
RESULT: {"using":"xpath","value":"//td[@aria-colindex=\"1\"]/div/div[contains(@class, \"sapMCbBg\")]"}
COMMAND: POST /session/19c5ed65dbd52b03c8c783813379e291/elements - {"using":"xpath","value":"//td[@aria-colindex=\"1\"]/div/div[contains(@class, \"sapMCbBg\")]"}
RESULT: {"using":"xpath","value":"//td[@aria-colindex=\"1\"]/div/div[contains(@class, \"sapMCbBg\")]"}
COMMAND: POST /session/19c5ed65dbd52b03c8c783813379e291/elements - {"using":"xpath","value":"//td[@aria-colindex=\"1\"]/div/div[contains(@class, \"sapMCbBg\")]"}
RESULT: {"using":"xpath","value":"//td[@aria-colindex=\"1\"]/div/div[contains(@class, \"sapMCbBg\")]"}
COMMAND: POST /session/19c5ed65dbd52b03c8c783813379e291/elements - {"using":"xpath","value":"//td[@aria-colindex=\"1\"]/div/div[contains(@class, \"sapMCbBg\")]"}
RESULT: {"using":"xpath","value":"//td[@aria-colindex=\"1\"]/div/div[contains(@class, \"sapMCbBg\")]"}
COMMAND: POST /session/19c5ed65dbd52b03c8c783813379e291/elements - {"using":"xpath","value":"//td[@aria-colindex=\"1\"]/div/div[contains(@class, \"sapMCbBg\")]"}
RESULT: {"using":"xpath","value":"//td[@aria-colindex=\"1\"]/div/div[contains(@class, \"sapMCbBg\")]"}
COMMAND: POST /session/19c5ed65dbd52b03c8c783813379e291/elements - {"using":"xpath","value":"//td[@aria-colindex=\"1\"]/div/div[contains(@class, \"sapMCbBg\")]"}
RESULT: {"using":"xpath","value":"//td[@aria-colindex=\"1\"]/div/div[contains(@class, \"sapMCbBg\")]"}
COMMAND: POST /session/19c5ed65dbd52b03c8c783813379e291/elements - {"using":"xpath","value":"//td[@aria-colindex=\"1\"]/div/div[contains(@class, \"sapMCbBg\")]"}
RESULT: {"using":"xpath","value":"//td[@aria-colindex=\"1\"]/div/div[contains(@class, \"sapMCbBg\")]"}
COMMAND: POST /session/19c5ed65dbd52b03c8c783813379e291/elements - {"using":"xpath","value":"//td[@aria-colindex=\"1\"]/div/div[contains(@class, \"sapMCbBg\")]"}
RESULT: {"using":"xpath","value":"//td[@aria-colindex=\"1\"]/div/div[contains(@class, \"sapMCbBg\")]"}
COMMAND: POST /session/19c5ed65dbd52b03c8c783813379e291/elements - {"using":"xpath","value":"//td[@aria-colindex=\"1\"]/div/div[contains(@class, \"sapMCbBg\")]"}
RESULT: {"using":"xpath","value":"//td[@aria-colindex=\"1\"]/div/div[contains(@class, \"sapMCbBg\")]"}
COMMAND: POST /session/19c5ed65dbd52b03c8c783813379e291/elements - {"using":"xpath","value":"//td[@aria-colindex=\"1\"]/div/div[contains(@class, \"sapMCbBg\")]"}
RESULT: {"using":"xpath","value":"//td[@aria-colindex=\"1\"]/div/div[contains(@class, \"sapMCbBg\")]"}
COMMAND: POST /session/19c5ed65dbd52b03c8c783813379e291/elements - {"using":"xpath","value":"//td[@aria-colindex=\"1\"]/div/div[contains(@class, \"sapMCbBg\")]"}
RESULT: {"using":"xpath","value":"//td[@aria-colindex=\"1\"]/div/div[contains(@class, \"sapMCbBg\")]"}
COMMAND: POST /session/19c5ed65dbd52b03c8c783813379e291/elements - {"using":"xpath","value":"//td[@aria-colindex=\"1\"]/div/div[contains(@class, \"sapMCbBg\")]"}
RESULT: {"using":"xpath","value":"//td[@aria-colindex=\"1\"]/div/div[contains(@class, \"sapMCbBg\")]"}
COMMAND: POST /session/19c5ed65dbd52b03c8c783813379e291/elements - {"using":"xpath","value":"//td[@aria-colindex=\"1\"]/div/div[contains(@class, \"sapMCbBg\")]"}
RESULT: {"using":"xpath","value":"//td[@aria-colindex=\"1\"]/div/div[contains(@class, \"sapMCbBg\")]"}
COMMAND: POST /session/19c5ed65dbd52b03c8c783813379e291/elements - {"using":"xpath","value":"//td[@aria-colindex=\"1\"]/div/div[contains(@class, \"sapMCbBg\")]"}
RESULT: {"using":"xpath","value":"//td[@aria-colindex=\"1\"]/div/div[contains(@class, \"sapMCbBg\")]"}
COMMAND: POST /session/19c5ed65dbd52b03c8c783813379e291/elements - {"using":"xpath","value":"//td[@aria-colindex=\"1\"]/div/div[contains(@class, \"sapMCbBg\")]"}
RESULT: {"using":"xpath","value":"//td[@aria-colindex=\"1\"]/div/div[contains(@class, \"sapMCbBg\")]"}
COMMAND: POST /session/19c5ed65dbd52b03c8c783813379e291/elements - {"using":"xpath","value":"//td[@aria-colindex=\"1\"]/div/div[contains(@class, \"sapMCbBg\")]"}
RESULT: {"using":"xpath","value":"//td[@aria-colindex=\"1\"]/div/div[contains(@class, \"sapMCbBg\")]"}
COMMAND: POST /session/19c5ed65dbd52b03c8c783813379e291/elements - {"using":"xpath","value":"//td[@aria-colindex=\"1\"]/div/div[contains(@class, \"sapMCbBg\")]"}
RESULT: {"using":"xpath","value":"//td[@aria-colindex=\"1\"]/div/div[contains(@class, \"sapMCbBg\")]"}
COMMAND: POST /session/19c5ed65dbd52b03c8c783813379e291/elements - {"using":"xpath","value":"//td[@aria-colindex=\"1\"]/div/div[contains(@class, \"sapMCbBg\")]"}
RESULT: {"using":"xpath","value":"//td[@aria-colindex=\"1\"]/div/div[contains(@class, \"sapMCbBg\")]"}
COMMAND: POST /session/19c5ed65dbd52b03c8c783813379e291/elements - {"using":"xpath","value":"//td[@aria-colindex=\"1\"]/div/div[contains(@class, \"sapMCbBg\")]"}
RESULT: {"using":"xpath","value":"//td[@aria-colindex=\"1\"]/div/div[contains(@class, \"sapMCbBg\")]"}
COMMAND: POST /session/19c5ed65dbd52b03c8c783813379e291/elements - {"using":"xpath","value":"//td[@aria-colindex=\"1\"]/div/div[contains(@class, \"sapMCbBg\")]"}
RESULT: {"using":"xpath","value":"//td[@aria-colindex=\"1\"]/div/div[contains(@class, \"sapMCbBg\")]"}
COMMAND: POST /session/19c5ed65dbd52b03c8c783813379e291/elements - {"using":"xpath","value":"//td[@aria-colindex=\"1\"]/div/div[contains(@class, \"sapMCbBg\")]"}
RESULT: {"using":"xpath","value":"//td[@aria-colindex=\"1\"]/div/div[contains(@class, \"sapMCbBg\")]"}
COMMAND: POST /session/19c5ed65dbd52b03c8c783813379e291/elements - {"using":"xpath","value":"//td[@aria-colindex=\"1\"]/div/div[contains(@class, \"sapMCbBg\")]"}
RESULT: {"using":"xpath","value":"//td[@aria-colindex=\"1\"]/div/div[contains(@class, \"sapMCbBg\")]"}
COMMAND: POST /session/19c5ed65dbd52b03c8c783813379e291/elements - {"using":"xpath","value":"//td[@aria-colindex=\"1\"]/div/div[contains(@class, \"sapMCbBg\")]"}
RESULT: {"using":"xpath","value":"//td[@aria-colindex=\"1\"]/div/div[contains(@class, \"sapMCbBg\")]"}
COMMAND: POST /session/19c5ed65dbd52b03c8c783813379e291/elements - {"using":"xpath","value":"//td[@aria-colindex=\"1\"]/div/div[contains(@class, \"sapMCbBg\")]"}
RESULT: {"using":"xpath","value":"//td[@aria-colindex=\"1\"]/div/div[contains(@class, \"sapMCbBg\")]"}
COMMAND: POST /session/19c5ed65dbd52b03c8c783813379e291/elements - {"using":"xpath","value":"//td[@aria-colindex=\"1\"]/div/div[contains(@class, \"sapMCbBg\")]"}
RESULT: {"using":"xpath","value":"//td[@aria-colindex=\"1\"]/div/div[contains(@class, \"sapMCbBg\")]"}
COMMAND: POST /session/19c5ed65dbd52b03c8c783813379e291/elements - {"using":"xpath","value":"//td[@aria-colindex=\"1\"]/div/div[contains(@class, \"sapMCbBg\")]"}
RESULT: {"using":"xpath","value":"//td[@aria-colindex=\"1\"]/div/div[contains(@class, \"sapMCbBg\")]"}
COMMAND: POST /session/19c5ed65dbd52b03c8c783813379e291/elements - {"using":"xpath","value":"//td[@aria-colindex=\"1\"]/div/div[contains(@class, \"sapMCbBg\")]"}
RESULT: {"using":"xpath","value":"//td[@aria-colindex=\"1\"]/div/div[contains(@class, \"sapMCbBg\")]"}
COMMAND: POST /session/19c5ed65dbd52b03c8c783813379e291/elements - {"using":"xpath","value":"//td[@aria-colindex=\"1\"]/div/div[contains(@class, \"sapMCbBg\")]"}
RESULT: {"using":"xpath","value":"//td[@aria-colindex=\"1\"]/div/div[contains(@class, \"sapMCbBg\")]"}
COMMAND: POST /session/19c5ed65dbd52b03c8c783813379e291/elements - {"using":"xpath","value":"//td[@aria-colindex=\"1\"]/div/div[contains(@class, \"sapMCbBg\")]"}
RESULT: {"using":"xpath","value":"//td[@aria-colindex=\"1\"]/div/div[contains(@class, \"sapMCbBg\")]"}
COMMAND: POST /session/19c5ed65dbd52b03c8c783813379e291/elements - {"using":"xpath","value":"//td[@aria-colindex=\"1\"]/div/div[contains(@class, \"sapMCbBg\")]"}
RESULT: {"using":"xpath","value":"//td[@aria-colindex=\"1\"]/div/div[contains(@class, \"sapMCbBg\")]"}
COMMAND: POST /session/19c5ed65dbd52b03c8c783813379e291/elements - {"using":"xpath","value":"//td[@aria-colindex=\"1\"]/div/div[contains(@class, \"sapMCbBg\")]"}
RESULT: {"using":"xpath","value":"//td[@aria-colindex=\"1\"]/div/div[contains(@class, \"sapMCbBg\")]"}
COMMAND: POST /session/19c5ed65dbd52b03c8c783813379e291/elements - {"using":"xpath","value":"//td[@aria-colindex=\"1\"]/div/div[contains(@class, \"sapMCbBg\")]"}
RESULT: {"using":"xpath","value":"//td[@aria-colindex=\"1\"]/div/div[contains(@class, \"sapMCbBg\")]"}
COMMAND: POST /session/19c5ed65dbd52b03c8c783813379e291/elements - {"using":"xpath","value":"//td[@aria-colindex=\"1\"]/div/div[contains(@class, \"sapMCbBg\")]"}
RESULT: {"using":"xpath","value":"//td[@aria-colindex=\"1\"]/div/div[contains(@class, \"sapMCbBg\")]"}
COMMAND: POST /session/19c5ed65dbd52b03c8c783813379e291/elements - {"using":"xpath","value":"//td[@aria-colindex=\"1\"]/div/div[contains(@class, \"sapMCbBg\")]"}
RESULT: {"using":"xpath","value":"//td[@aria-colindex=\"1\"]/div/div[contains(@class, \"sapMCbBg\")]"}
COMMAND: POST /session/19c5ed65dbd52b03c8c783813379e291/elements - {"using":"xpath","value":"//td[@aria-colindex=\"1\"]/div/div[contains(@class, \"sapMCbBg\")]"}
RESULT: {"using":"xpath","value":"//td[@aria-colindex=\"1\"]/div/div[contains(@class, \"sapMCbBg\")]"}
COMMAND: POST /session/19c5ed65dbd52b03c8c783813379e291/elements - {"using":"xpath","value":"//td[@aria-colindex=\"1\"]/div/div[contains(@class, \"sapMCbBg\")]"}
RESULT: {"using":"xpath","value":"//td[@aria-colindex=\"1\"]/div/div[contains(@class, \"sapMCbBg\")]"}
COMMAND: POST /session/19c5ed65dbd52b03c8c783813379e291/elements - {"using":"xpath","value":"//td[@aria-colindex=\"1\"]/div/div[contains(@class, \"sapMCbBg\")]"}
RESULT: {"using":"xpath","value":"//td[@aria-colindex=\"1\"]/div/div[contains(@class, \"sapMCbBg\")]"}
COMMAND: POST /session/19c5ed65dbd52b03c8c783813379e291/elements - {"using":"xpath","value":"//td[@aria-colindex=\"1\"]/div/div[contains(@class, \"sapMCbBg\")]"}
RESULT: {"using":"xpath","value":"//td[@aria-colindex=\"1\"]/div/div[contains(@class, \"sapMCbBg\")]"}
COMMAND: POST /session/19c5ed65dbd52b03c8c783813379e291/elements - {"using":"xpath","value":"//td[@aria-colindex=\"1\"]/div/div[contains(@class, \"sapMCbBg\")]"}
RESULT: {"using":"xpath","value":"//td[@aria-colindex=\"1\"]/div/div[contains(@class, \"sapMCbBg\")]"}
COMMAND: POST /session/19c5ed65dbd52b03c8c783813379e291/elements - {"using":"xpath","value":"//td[@aria-colindex=\"1\"]/div/div[contains(@class, \"sapMCbBg\")]"}
RESULT: {"using":"xpath","value":"//td[@aria-colindex=\"1\"]/div/div[contains(@class, \"sapMCbBg\")]"}
COMMAND: POST /session/19c5ed65dbd52b03c8c783813379e291/elements - {"using":"xpath","value":"//td[@aria-colindex=\"1\"]/div/div[contains(@class, \"sapMCbBg\")]"}
RESULT: {"using":"xpath","value":"//td[@aria-colindex=\"1\"]/div/div[contains(@class, \"sapMCbBg\")]"}
COMMAND: POST /session/19c5ed65dbd52b03c8c783813379e291/elements - {"using":"xpath","value":"//td[@aria-colindex=\"1\"]/div/div[contains(@class, \"sapMCbBg\")]"}
RESULT: {"using":"xpath","value":"//td[@aria-colindex=\"1\"]/div/div[contains(@class, \"sapMCbBg\")]"}
COMMAND: POST /session/19c5ed65dbd52b03c8c783813379e291/elements - {"using":"xpath","value":"//td[@aria-colindex=\"1\"]/div/div[contains(@class, \"sapMCbBg\")]"}
RESULT: {"using":"xpath","value":"//td[@aria-colindex=\"1\"]/div/div[contains(@class, \"sapMCbBg\")]"}
COMMAND: POST /session/19c5ed65dbd52b03c8c783813379e291/elements - {"using":"xpath","value":"//td[@aria-colindex=\"1\"]/div/div[contains(@class, \"sapMCbBg\")]"}
RESULT: {"using":"xpath","value":"//td[@aria-colindex=\"1\"]/div/div[contains(@class, \"sapMCbBg\")]"}
COMMAND: POST /session/19c5ed65dbd52b03c8c783813379e291/elements - {"using":"xpath","value":"//td[@aria-colindex=\"1\"]/div/div[contains(@class, \"sapMCbBg\")]"}
RESULT: {"using":"xpath","value":"//td[@aria-colindex=\"1\"]/div/div[contains(@class, \"sapMCbBg\")]"}
COMMAND: POST /session/19c5ed65dbd52b03c8c783813379e291/elements - {"using":"xpath","value":"//td[@aria-colindex=\"1\"]/div/div[contains(@class, \"sapMCbBg\")]"}
RESULT: {"using":"xpath","value":"//td[@aria-colindex=\"1\"]/div/div[contains(@class, \"sapMCbBg\")]"}
COMMAND: POST /session/19c5ed65dbd52b03c8c783813379e291/elements - {"using":"xpath","value":"//td[@aria-colindex=\"1\"]/div/div[contains(@class, \"sapMCbBg\")]"}
RESULT: {"using":"xpath","value":"//td[@aria-colindex=\"1\"]/div/div[contains(@class, \"sapMCbBg\")]"}
COMMAND: POST /session/19c5ed65dbd52b03c8c783813379e291/elements - {"using":"xpath","value":"//td[@aria-colindex=\"1\"]/div/div[contains(@class, \"sapMCbBg\")]"}
RESULT: {"using":"xpath","value":"//td[@aria-colindex=\"1\"]/div/div[contains(@class, \"sapMCbBg\")]"}
COMMAND: POST /session/19c5ed65dbd52b03c8c783813379e291/elements - {"using":"xpath","value":"//td[@aria-colindex=\"1\"]/div/div[contains(@class, \"sapMCbBg\")]"}
RESULT: {"using":"xpath","value":"//td[@aria-colindex=\"1\"]/div/div[contains(@class, \"sapMCbBg\")]"}
COMMAND: POST /session/19c5ed65dbd52b03c8c783813379e291/elements - {"using":"xpath","value":"//td[@aria-colindex=\"1\"]/div/div[contains(@class, \"sapMCbBg\")]"}
RESULT: {"using":"xpath","value":"//td[@aria-colindex=\"1\"]/div/div[contains(@class, \"sapMCbBg\")]"}
COMMAND: POST /session/19c5ed65dbd52b03c8c783813379e291/elements - {"using":"xpath","value":"//td[@aria-colindex=\"1\"]/div/div[contains(@class, \"sapMCbBg\")]"}
RESULT: {"using":"xpath","value":"//td[@aria-colindex=\"1\"]/div/div[contains(@class, \"sapMCbBg\")]"}
COMMAND: POST /session/19c5ed65dbd52b03c8c783813379e291/elements - {"using":"xpath","value":"//td[@aria-colindex=\"1\"]/div/div[contains(@class, \"sapMCbBg\")]"}
RESULT: {"using":"xpath","value":"//td[@aria-colindex=\"1\"]/div/div[contains(@class, \"sapMCbBg\")]"}
COMMAND: POST /session/19c5ed65dbd52b03c8c783813379e291/elements - {"using":"xpath","value":"//td[@aria-colindex=\"1\"]/div/div[contains(@class, \"sapMCbBg\")]"}
RESULT: {"using":"xpath","value":"//td[@aria-colindex=\"1\"]/div/div[contains(@class, \"sapMCbBg\")]"}
COMMAND: POST /session/19c5ed65dbd52b03c8c783813379e291/elements - {"using":"xpath","value":"//td[@aria-colindex=\"1\"]/div/div[contains(@class, \"sapMCbBg\")]"}
RESULT: {"using":"xpath","value":"//td[@aria-colindex=\"1\"]/div/div[contains(@class, \"sapMCbBg\")]"}
COMMAND: POST /session/19c5ed65dbd52b03c8c783813379e291/elements - {"using":"xpath","value":"//td[@aria-colindex=\"1\"]/div/div[contains(@class, \"sapMCbBg\")]"}
RESULT: {"using":"xpath","value":"//td[@aria-colindex=\"1\"]/div/div[contains(@class, \"sapMCbBg\")]"}
COMMAND: POST /session/19c5ed65dbd52b03c8c783813379e291/elements - {"using":"xpath","value":"//td[@aria-colindex=\"1\"]/div/div[contains(@class, \"sapMCbBg\")]"}
RESULT: {"using":"xpath","value":"//td[@aria-colindex=\"1\"]/div/div[contains(@class, \"sapMCbBg\")]"}
COMMAND: POST /session/19c5ed65dbd52b03c8c783813379e291/elements - {"using":"xpath","value":"//td[@aria-colindex=\"1\"]/div/div[contains(@class, \"sapMCbBg\")]"}
RESULT: {"using":"xpath","value":"//td[@aria-colindex=\"1\"]/div/div[contains(@class, \"sapMCbBg\")]"}
COMMAND: POST /session/19c5ed65dbd52b03c8c783813379e291/elements - {"using":"xpath","value":"//td[@aria-colindex=\"1\"]/div/div[contains(@class, \"sapMCbBg\")]"}
RESULT: {"using":"xpath","value":"//td[@aria-colindex=\"1\"]/div/div[contains(@class, \"sapMCbBg\")]"}
COMMAND: POST /session/19c5ed65dbd52b03c8c783813379e291/elements - {"using":"xpath","value":"//td[@aria-colindex=\"1\"]/div/div[contains(@class, \"sapMCbBg\")]"}
RESULT: {"using":"xpath","value":"//td[@aria-colindex=\"1\"]/div/div[contains(@class, \"sapMCbBg\")]"}
COMMAND: POST /session/19c5ed65dbd52b03c8c783813379e291/elements - {"using":"xpath","value":"//td[@aria-colindex=\"1\"]/div/div[contains(@class, \"sapMCbBg\")]"}
RESULT: {"using":"xpath","value":"//td[@aria-colindex=\"1\"]/div/div[contains(@class, \"sapMCbBg\")]"}
COMMAND: POST /session/19c5ed65dbd52b03c8c783813379e291/elements - {"using":"xpath","value":"//td[@aria-colindex=\"1\"]/div/div[contains(@class, \"sapMCbBg\")]"}
RESULT: {"using":"xpath","value":"//td[@aria-colindex=\"1\"]/div/div[contains(@class, \"sapMCbBg\")]"}
COMMAND: POST /session/19c5ed65dbd52b03c8c783813379e291/elements - {"using":"xpath","value":"//td[@aria-colindex=\"1\"]/div/div[contains(@class, \"sapMCbBg\")]"}
RESULT: {"using":"xpath","value":"//td[@aria-colindex=\"1\"]/div/div[contains(@class, \"sapMCbBg\")]"}
COMMAND: POST /session/19c5ed65dbd52b03c8c783813379e291/elements - {"using":"xpath","value":"//td[@aria-colindex=\"1\"]/div/div[contains(@class, \"sapMCbBg\")]"}
RESULT: {"using":"xpath","value":"//td[@aria-colindex=\"1\"]/div/div[contains(@class, \"sapMCbBg\")]"}
COMMAND: POST /session/19c5ed65dbd52b03c8c783813379e291/elements - {"using":"xpath","value":"//td[@aria-colindex=\"1\"]/div/div[contains(@class, \"sapMCbBg\")]"}
RESULT: {"using":"xpath","value":"//td[@aria-colindex=\"1\"]/div/div[contains(@class, \"sapMCbBg\")]"}
COMMAND: POST /session/19c5ed65dbd52b03c8c783813379e291/elements - {"using":"xpath","value":"//td[@aria-colindex=\"1\"]/div/div[contains(@class, \"sapMCbBg\")]"}
RESULT: {"using":"xpath","value":"//td[@aria-colindex=\"1\"]/div/div[contains(@class, \"sapMCbBg\")]"}
COMMAND: POST /session/19c5ed65dbd52b03c8c783813379e291/elements - {"using":"xpath","value":"//td[@aria-colindex=\"1\"]/div/div[contains(@class, \"sapMCbBg\")]"}
RESULT: {"using":"xpath","value":"//td[@aria-colindex=\"1\"]/div/div[contains(@class, \"sapMCbBg\")]"}
COMMAND: POST /session/19c5ed65dbd52b03c8c783813379e291/elements - {"using":"xpath","value":"//td[@aria-colindex=\"1\"]/div/div[contains(@class, \"sapMCbBg\")]"}
RESULT: {"using":"xpath","value":"//td[@aria-colindex=\"1\"]/div/div[contains(@class, \"sapMCbBg\")]"}
COMMAND: POST /session/19c5ed65dbd52b03c8c783813379e291/elements - {"using":"xpath","value":"//td[@aria-colindex=\"1\"]/div/div[contains(@class, \"sapMCbBg\")]"}
RESULT: {"using":"xpath","value":"//td[@aria-colindex=\"1\"]/div/div[contains(@class, \"sapMCbBg\")]"}
COMMAND: POST /session/19c5ed65dbd52b03c8c783813379e291/elements - {"using":"xpath","value":"//td[@aria-colindex=\"1\"]/div/div[contains(@class, \"sapMCbBg\")]"}
RESULT: {"using":"xpath","value":"//td[@aria-colindex=\"1\"]/div/div[contains(@class, \"sapMCbBg\")]"}
COMMAND: POST /session/19c5ed65dbd52b03c8c783813379e291/elements - {"using":"xpath","value":"//td[@aria-colindex=\"1\"]/div/div[contains(@class, \"sapMCbBg\")]"}
RESULT: {"using":"xpath","value":"//td[@aria-colindex=\"1\"]/div/div[contains(@class, \"sapMCbBg\")]"}
COMMAND: POST /session/19c5ed65dbd52b03c8c783813379e291/elements - {"using":"xpath","value":"//td[@aria-colindex=\"1\"]/div/div[contains(@class, \"sapMCbBg\")]"}
RESULT: {"using":"xpath","value":"//td[@aria-colindex=\"1\"]/div/div[contains(@class, \"sapMCbBg\")]"}
COMMAND: POST /session/19c5ed65dbd52b03c8c783813379e291/elements - {"using":"xpath","value":"//td[@aria-colindex=\"1\"]/div/div[contains(@class, \"sapMCbBg\")]"}
RESULT: {"using":"xpath","value":"//td[@aria-colindex=\"1\"]/div/div[contains(@class, \"sapMCbBg\")]"}
COMMAND: POST /session/19c5ed65dbd52b03c8c783813379e291/elements - {"using":"xpath","value":"//td[@aria-colindex=\"1\"]/div/div[contains(@class, \"sapMCbBg\")]"}
RESULT: {"using":"xpath","value":"//td[@aria-colindex=\"1\"]/div/div[contains(@class, \"sapMCbBg\")]"}
COMMAND: POST /session/19c5ed65dbd52b03c8c783813379e291/elements - {"using":"xpath","value":"//td[@aria-colindex=\"1\"]/div/div[contains(@class, \"sapMCbBg\")]"}
RESULT: {"using":"xpath","value":"//td[@aria-colindex=\"1\"]/div/div[contains(@class, \"sapMCbBg\")]"}
COMMAND: POST /session/19c5ed65dbd52b03c8c783813379e291/elements - {"using":"xpath","value":"//td[@aria-colindex=\"1\"]/div/div[contains(@class, \"sapMCbBg\")]"}
RESULT: {"using":"xpath","value":"//td[@aria-colindex=\"1\"]/div/div[contains(@class, \"sapMCbBg\")]"}
COMMAND: POST /session/19c5ed65dbd52b03c8c783813379e291/elements - {"using":"xpath","value":"//td[@aria-colindex=\"1\"]/div/div[contains(@class, \"sapMCbBg\")]"}
RESULT: {"using":"xpath","value":"//td[@aria-colindex=\"1\"]/div/div[contains(@class, \"sapMCbBg\")]"}
COMMAND: POST /session/19c5ed65dbd52b03c8c783813379e291/elements - {"using":"xpath","value":"//td[@aria-colindex=\"1\"]/div/div[contains(@class, \"sapMCbBg\")]"}
RESULT: {"using":"xpath","value":"//td[@aria-colindex=\"1\"]/div/div[contains(@class, \"sapMCbBg\")]"}
COMMAND: POST /session/19c5ed65dbd52b03c8c783813379e291/elements - {"using":"xpath","value":"//td[@aria-colindex=\"1\"]/div/div[contains(@class, \"sapMCbBg\")]"}
RESULT: {"using":"xpath","value":"//td[@aria-colindex=\"1\"]/div/div[contains(@class, \"sapMCbBg\")]"}
COMMAND: POST /session/19c5ed65dbd52b03c8c783813379e291/elements - {"using":"xpath","value":"//td[@aria-colindex=\"1\"]/div/div[contains(@class, \"sapMCbBg\")]"}
RESULT: {"using":"xpath","value":"//td[@aria-colindex=\"1\"]/div/div[contains(@class, \"sapMCbBg\")]"}
COMMAND: POST /session/19c5ed65dbd52b03c8c783813379e291/elements - {"using":"xpath","value":"//td[@aria-colindex=\"1\"]/div/div[contains(@class, \"sapMCbBg\")]"}
RESULT: {"using":"xpath","value":"//td[@aria-colindex=\"1\"]/div/div[contains(@class, \"sapMCbBg\")]"}
COMMAND: POST /session/19c5ed65dbd52b03c8c783813379e291/elements - {"using":"xpath","value":"//td[@aria-colindex=\"1\"]/div/div[contains(@class, \"sapMCbBg\")]"}
RESULT: {"using":"xpath","value":"//td[@aria-colindex=\"1\"]/div/div[contains(@class, \"sapMCbBg\")]"}
COMMAND: POST /session/19c5ed65dbd52b03c8c783813379e291/elements - {"using":"xpath","value":"//td[@aria-colindex=\"1\"]/div/div[contains(@class, \"sapMCbBg\")]"}
RESULT: {"using":"xpath","value":"//td[@aria-colindex=\"1\"]/div/div[contains(@class, \"sapMCbBg\")]"}
COMMAND: POST /session/19c5ed65dbd52b03c8c783813379e291/elements - {"using":"xpath","value":"//td[@aria-colindex=\"1\"]/div/div[contains(@class, \"sapMCbBg\")]"}
RESULT: {"using":"xpath","value":"//td[@aria-colindex=\"1\"]/div/div[contains(@class, \"sapMCbBg\")]"}
COMMAND: POST /session/19c5ed65dbd52b03c8c783813379e291/elements - {"using":"xpath","value":"//td[@aria-colindex=\"1\"]/div/div[contains(@class, \"sapMCbBg\")]"}
RESULT: {"using":"xpath","value":"//td[@aria-colindex=\"1\"]/div/div[contains(@class, \"sapMCbBg\")]"}
COMMAND: POST /session/19c5ed65dbd52b03c8c783813379e291/elements - {"using":"xpath","value":"//td[@aria-colindex=\"1\"]/div/div[contains(@class, \"sapMCbBg\")]"}
RESULT: {"using":"xpath","value":"//td[@aria-colindex=\"1\"]/div/div[contains(@class, \"sapMCbBg\")]"}
COMMAND: POST /session/19c5ed65dbd52b03c8c783813379e291/elements - {"using":"xpath","value":"//td[@aria-colindex=\"1\"]/div/div[contains(@class, \"sapMCbBg\")]"}
RESULT: {"using":"xpath","value":"//td[@aria-colindex=\"1\"]/div/div[contains(@class, \"sapMCbBg\")]"}
COMMAND: POST /session/19c5ed65dbd52b03c8c783813379e291/elements - {"using":"xpath","value":"//td[@aria-colindex=\"1\"]/div/div[contains(@class, \"sapMCbBg\")]"}
RESULT: {"using":"xpath","value":"//td[@aria-colindex=\"1\"]/div/div[contains(@class, \"sapMCbBg\")]"}
COMMAND: POST /session/19c5ed65dbd52b03c8c783813379e291/elements - {"using":"xpath","value":"//td[@aria-colindex=\"1\"]/div/div[contains(@class, \"sapMCbBg\")]"}
RESULT: {"using":"xpath","value":"//td[@aria-colindex=\"1\"]/div/div[contains(@class, \"sapMCbBg\")]"}
COMMAND: POST /session/19c5ed65dbd52b03c8c783813379e291/elements - {"using":"xpath","value":"//td[@aria-colindex=\"1\"]/div/div[contains(@class, \"sapMCbBg\")]"}
RESULT: {"using":"xpath","value":"//td[@aria-colindex=\"1\"]/div/div[contains(@class, \"sapMCbBg\")]"}
COMMAND: POST /session/19c5ed65dbd52b03c8c783813379e291/elements - {"using":"xpath","value":"//td[@aria-colindex=\"1\"]/div/div[contains(@class, \"sapMCbBg\")]"}
RESULT: {"using":"xpath","value":"//td[@aria-colindex=\"1\"]/div/div[contains(@class, \"sapMCbBg\")]"}
COMMAND: POST /session/19c5ed65dbd52b03c8c783813379e291/elements - {"using":"xpath","value":"//td[@aria-colindex=\"1\"]/div/div[contains(@class, \"sapMCbBg\")]"}
RESULT: {"using":"xpath","value":"//td[@aria-colindex=\"1\"]/div/div[contains(@class, \"sapMCbBg\")]"}
COMMAND: POST /session/19c5ed65dbd52b03c8c783813379e291/elements - {"using":"xpath","value":"//td[@aria-colindex=\"1\"]/div/div[contains(@class, \"sapMCbBg\")]"}
RESULT: {"using":"xpath","value":"//td[@aria-colindex=\"1\"]/div/div[contains(@class, \"sapMCbBg\")]"}
COMMAND: POST /session/19c5ed65dbd52b03c8c783813379e291/elements - {"using":"xpath","value":"//td[@aria-colindex=\"1\"]/div/div[contains(@class, \"sapMCbBg\")]"}
RESULT: {"using":"xpath","value":"//td[@aria-colindex=\"1\"]/div/div[contains(@class, \"sapMCbBg\")]"}
COMMAND: POST /session/19c5ed65dbd52b03c8c783813379e291/elements - {"using":"xpath","value":"//td[@aria-colindex=\"1\"]/div/div[contains(@class, \"sapMCbBg\")]"}
RESULT: {"using":"xpath","value":"//td[@aria-colindex=\"1\"]/div/div[contains(@class, \"sapMCbBg\")]"}
COMMAND: POST /session/19c5ed65dbd52b03c8c783813379e291/elements - {"using":"xpath","value":"//td[@aria-colindex=\"1\"]/div/div[contains(@class, \"sapMCbBg\")]"}
RESULT: {"using":"xpath","value":"//td[@aria-colindex=\"1\"]/div/div[contains(@class, \"sapMCbBg\")]"}
COMMAND: POST /session/19c5ed65dbd52b03c8c783813379e291/elements - {"using":"xpath","value":"//td[@aria-colindex=\"1\"]/div/div[contains(@class, \"sapMCbBg\")]"}
RESULT: {"using":"xpath","value":"//td[@aria-colindex=\"1\"]/div/div[contains(@class, \"sapMCbBg\")]"}
COMMAND: POST /session/19c5ed65dbd52b03c8c783813379e291/elements - {"using":"xpath","value":"//td[@aria-colindex=\"1\"]/div/div[contains(@class, \"sapMCbBg\")]"}
RESULT: {"using":"xpath","value":"//td[@aria-colindex=\"1\"]/div/div[contains(@class, \"sapMCbBg\")]"}
COMMAND: POST /session/19c5ed65dbd52b03c8c783813379e291/elements - {"using":"xpath","value":"//td[@aria-colindex=\"1\"]/div/div[contains(@class, \"sapMCbBg\")]"}
RESULT: {"using":"xpath","value":"//td[@aria-colindex=\"1\"]/div/div[contains(@class, \"sapMCbBg\")]"}
COMMAND: POST /session/19c5ed65dbd52b03c8c783813379e291/elements - {"using":"xpath","value":"//td[@aria-colindex=\"1\"]/div/div[contains(@class, \"sapMCbBg\")]"}
RESULT: {"using":"xpath","value":"//td[@aria-colindex=\"1\"]/div/div[contains(@class, \"sapMCbBg\")]"}
COMMAND: POST /session/19c5ed65dbd52b03c8c783813379e291/elements - {"using":"xpath","value":"//td[@aria-colindex=\"1\"]/div/div[contains(@class, \"sapMCbBg\")]"}
RESULT: {"using":"xpath","value":"//td[@aria-colindex=\"1\"]/div/div[contains(@class, \"sapMCbBg\")]"}
COMMAND: POST /session/19c5ed65dbd52b03c8c783813379e291/elements - {"using":"xpath","value":"//td[@aria-colindex=\"1\"]/div/div[contains(@class, \"sapMCbBg\")]"}
RESULT: {"using":"xpath","value":"//td[@aria-colindex=\"1\"]/div/div[contains(@class, \"sapMCbBg\")]"}
COMMAND: POST /session/19c5ed65dbd52b03c8c783813379e291/elements - {"using":"xpath","value":"//td[@aria-colindex=\"1\"]/div/div[contains(@class, \"sapMCbBg\")]"}
RESULT: {"using":"xpath","value":"//td[@aria-colindex=\"1\"]/div/div[contains(@class, \"sapMCbBg\")]"}
COMMAND: POST /session/19c5ed65dbd52b03c8c783813379e291/elements - {"using":"xpath","value":"//td[@aria-colindex=\"1\"]/div/div[contains(@class, \"sapMCbBg\")]"}
RESULT: {"using":"xpath","value":"//td[@aria-colindex=\"1\"]/div/div[contains(@class, \"sapMCbBg\")]"}
COMMAND: POST /session/19c5ed65dbd52b03c8c783813379e291/elements - {"using":"xpath","value":"//td[@aria-colindex=\"1\"]/div/div[contains(@class, \"sapMCbBg\")]"}
RESULT: {"using":"xpath","value":"//td[@aria-colindex=\"1\"]/div/div[contains(@class, \"sapMCbBg\")]"}
COMMAND: POST /session/19c5ed65dbd52b03c8c783813379e291/elements - {"using":"xpath","value":"//td[@aria-colindex=\"1\"]/div/div[contains(@class, \"sapMCbBg\")]"}
RESULT: {"using":"xpath","value":"//td[@aria-colindex=\"1\"]/div/div[contains(@class, \"sapMCbBg\")]"}
COMMAND: POST /session/19c5ed65dbd52b03c8c783813379e291/elements - {"using":"xpath","value":"//td[@aria-colindex=\"1\"]/div/div[contains(@class, \"sapMCbBg\")]"}
RESULT: {"using":"xpath","value":"//td[@aria-colindex=\"1\"]/div/div[contains(@class, \"sapMCbBg\")]"}
COMMAND: POST /session/19c5ed65dbd52b03c8c783813379e291/elements - {"using":"xpath","value":"//td[@aria-colindex=\"1\"]/div/div[contains(@class, \"sapMCbBg\")]"}
RESULT: {"using":"xpath","value":"//td[@aria-colindex=\"1\"]/div/div[contains(@class, \"sapMCbBg\")]"}
COMMAND: POST /session/19c5ed65dbd52b03c8c783813379e291/elements - {"using":"xpath","value":"//td[@aria-colindex=\"1\"]/div/div[contains(@class, \"sapMCbBg\")]"}
COMMAND: GET /session/19c5ed65dbd52b03c8c783813379e291/screenshot - {}
RESULT: {"using":"xpath","value":"//td[@aria-colindex=\"1\"]/div/div[contains(@class, \"sapMCbBg\")]"}
RESULT: {}
COMMAND: POST /session/19c5ed65dbd52b03c8c783813379e291/element - {"using":"css selector","value":"#j_username"}
COMMAND: POST /session/19c5ed65dbd52b03c8c783813379e291/url - {"url":"https://qa-testing-00-live-etm-ui.cfapps.eu10-004.hana.ondemand.com/"}
COMMAND: GET /session/19c5ed65dbd52b03c8c783813379e291/screenshot - {}
COMMAND: GET /session/19c5ed65dbd52b03c8c783813379e291/screenshot - {}
RESULT: {"using":"css selector","value":"#j_username"}
COMMAND: POST /session/19c5ed65dbd52b03c8c783813379e291/element - {"using":"css selector","value":"#j_username"}
RESULT: {"url":"https://qa-testing-00-live-etm-ui.cfapps.eu10-004.hana.ondemand.com/"}
RESULT: undefined
COMMAND: GET /session/19c5ed65dbd52b03c8c783813379e291/screenshot - {}
RESULT: {}
RESULT: {}
RESULT: {"using":"css selector","value":"#j_username"}
COMMAND: POST /session/19c5ed65dbd52b03c8c783813379e291/element - {"using":"css selector","value":"#shell-header-logo"}
RESULT: {}
RESULT: {"using":"css selector","value":"#shell-header-logo"}
COMMAND: POST /session/19c5ed65dbd52b03c8c783813379e291/execute/sync - {"script":"<script> [8489 bytes]","args":[{"element-6066-11e4-a52e-4f735466cecf":"f.1FACEF5F4F0044855A63ECD1C0A7B6EF.d.48743897448727FB07771B3E55A8E3D3.e.10176","ELEMENT":"f.1FACEF5F4F0044855A63ECD1C0A7B6EF.d.48743897448727FB07771B3E55A8E3D3.e.10176"}]}
RESULT: {"script":"<script> [8489 bytes]","args":[{"element-6066-11e4-a52e-4f735466cecf":"f.1FACEF5F4F0044855A63ECD1C0A7B6EF.d.48743897448727FB07771B3E55A8E3D3.e.10176","ELEMENT":"f.1FACEF5F4F0044855A63ECD1C0A7B6EF.d.48743897448727FB07771B3E55A8E3D3.e.10176"}]}
COMMAND: POST /session/19c5ed65dbd52b03c8c783813379e291/element - {"using":"css selector","value":"#shell-header-logo"}
COMMAND: GET /session/19c5ed65dbd52b03c8c783813379e291/screenshot - {}
RESULT: {"using":"css selector","value":"#shell-header-logo"}
COMMAND: POST /session/19c5ed65dbd52b03c8c783813379e291/execute/sync - {"script":"<script> [8489 bytes]","args":[{"element-6066-11e4-a52e-4f735466cecf":"f.1FACEF5F4F0044855A63ECD1C0A7B6EF.d.48743897448727FB07771B3E55A8E3D3.e.10176","ELEMENT":"f.1FACEF5F4F0044855A63ECD1C0A7B6EF.d.48743897448727FB07771B3E55A8E3D3.e.10176"}]}
RESULT: {}
RESULT: {"script":"<script> [8489 bytes]","args":[{"element-6066-11e4-a52e-4f735466cecf":"f.1FACEF5F4F0044855A63ECD1C0A7B6EF.d.48743897448727FB07771B3E55A8E3D3.e.10176","ELEMENT":"f.1FACEF5F4F0044855A63ECD1C0A7B6EF.d.48743897448727FB07771B3E55A8E3D3.e.10176"}]}
COMMAND: POST /session/19c5ed65dbd52b03c8c783813379e291/execute/sync - {"script":"<script> [5351 bytes]","args":[{"element-6066-11e4-a52e-4f735466cecf":"f.1FACEF5F4F0044855A63ECD1C0A7B6EF.d.48743897448727FB07771B3E55A8E3D3.e.10176","ELEMENT":"f.1FACEF5F4F0044855A63ECD1C0A7B6EF.d.48743897448727FB07771B3E55A8E3D3.e.10176"}]}
COMMAND: GET /session/19c5ed65dbd52b03c8c783813379e291/screenshot - {}
RESULT: {"script":"<script> [5351 bytes]","args":[{"element-6066-11e4-a52e-4f735466cecf":"f.1FACEF5F4F0044855A63ECD1C0A7B6EF.d.48743897448727FB07771B3E55A8E3D3.e.10176","ELEMENT":"f.1FACEF5F4F0044855A63ECD1C0A7B6EF.d.48743897448727FB07771B3E55A8E3D3.e.10176"}]}
COMMAND: POST /session/19c5ed65dbd52b03c8c783813379e291/element - {"using":"css selector","value":"#shell-header-logo"}
COMMAND: GET /session/19c5ed65dbd52b03c8c783813379e291/screenshot - {}
RESULT: {}
RESULT: {"using":"css selector","value":"#shell-header-logo"}
COMMAND: POST /session/19c5ed65dbd52b03c8c783813379e291/element/f.1FACEF5F4F0044855A63ECD1C0A7B6EF.d.48743897448727FB07771B3E55A8E3D3.e.10176/click - {}
RESULT: {}
RESULT: {}
COMMAND: GET /session/19c5ed65dbd52b03c8c783813379e291/screenshot - {}
RESULT: {}
COMMAND: POST /session/19c5ed65dbd52b03c8c783813379e291/execute/async - {"script":"<script> [189 bytes]","args":[]}
RESULT: {"script":"<script> [189 bytes]","args":[]}
COMMAND: POST /session/19c5ed65dbd52b03c8c783813379e291/execute/async - {"script":"<script> [123 bytes]","args":[]}
RESULT: {"script":"<script> [123 bytes]","args":[]}
COMMAND: POST /session/19c5ed65dbd52b03c8c783813379e291/timeouts - {"script":"<number>"}
RESULT: {"script":"<number>"}
COMMAND: GET /session/19c5ed65dbd52b03c8c783813379e291/timeouts - {}
RESULT: {}
RESULT: undefined
COMMAND: POST /session/19c5ed65dbd52b03c8c783813379e291/execute/async - {"script":"<script> [2676 bytes]","args":[]}
RESULT: {"script":"<script> [2676 bytes]","args":[]}
COMMAND: POST /session/19c5ed65dbd52b03c8c783813379e291/execute/async - {"script":"<script> [2342 bytes]","args":[{"protocol":"http","hostname":"0.0.0.0","path":"/","capabilities":{"browserName":"chrome","goog:chromeOptions":{"binary":"C:\\Program Files\\Google\\Chrome\\Application\\chrome.exe","args":["--start-maximized"]}},"logLevel":"warn","connectionRetryTimeout":120000,"connectionRetryCount":3,"logLevels":{},"enableDirectConnect":true,"strictSSL":true,"_":"65 more keys: [\"cacheDir\",\"port\",\"requestedCapabilities\",\"automationProtocol\",\"baseUrl\",\"waitforInterval\",\"waitforTimeout\",\"onReload\",\"beforeCommand\",\"afterCommand\",\"rootDir\",\"specs\",\"suites\",\"exclude\",\"groupLogsByTestSpec\",\"excludeDriverLogs\",\"bail\",\"framework\",\"reporters\",\"services\",\"maxInstances\",\"maxInstancesPerCapability\",\"injectGlobals\",\"filesToWatch\",\"execArgv\",\"runnerEnv\",\"runner\",\"shard\",\"specFileRetries\",\"specFileRetriesDelay\",\"specFileRetriesDeferred\",\"reporterSyncInterval\",\"reporterSyncTimeout\",\"cucumberFeaturesWithLineNumbers\",\"autoCompileOpts\",\"mochaOpts\",\"jasmineOpts\",\"cucumberOpts\",\"onPrepare\",\"onWorkerStart\",\"onWorkerEnd\",\"before\",\"beforeSession\",\"beforeSuite\",\"beforeHook\",\"beforeTest\",\"afterTest\",\"afterHook\",\"afterSuite\",\"afterSession\",\"after\",\"onComplete\",\"beforeAssertion\",\"afterAssertion\",\"beforeFeature\",\"beforeScenario\",\"beforeStep\",\"afterStep\",\"afterScenario\",\"afterFeature\",\"_\",\"suite\",\"$0\",\"ignoredWorkerServices\",\"wdi5\"]"}]}
RESULT: {"script":"<script> [2342 bytes]","args":[{"protocol":"http","hostname":"0.0.0.0","path":"/","capabilities":{"browserName":"chrome","goog:chromeOptions":{"binary":"C:\\Program Files\\Google\\Chrome\\Application\\chrome.exe","args":["--start-maximized"]}},"logLevel":"warn","connectionRetryTimeout":120000,"connectionRetryCount":3,"logLevels":{},"enableDirectConnect":true,"strictSSL":true,"_":"65 more keys: [\"cacheDir\",\"port\",\"requestedCapabilities\",\"automationProtocol\",\"baseUrl\",\"waitforInterval\",\"waitforTimeout\",\"onReload\",\"beforeCommand\",\"afterCommand\",\"rootDir\",\"specs\",\"suites\",\"exclude\",\"groupLogsByTestSpec\",\"excludeDriverLogs\",\"bail\",\"framework\",\"reporters\",\"services\",\"maxInstances\",\"maxInstancesPerCapability\",\"injectGlobals\",\"filesToWatch\",\"execArgv\",\"runnerEnv\",\"runner\",\"shard\",\"specFileRetries\",\"specFileRetriesDelay\",\"specFileRetriesDeferred\",\"reporterSyncInterval\",\"reporterSyncTimeout\",\"cucumberFeaturesWithLineNumbers\",\"autoCompileOpts\",\"mochaOpts\",\"jasmineOpts\",\"cucumberOpts\",\"onPrepare\",\"onWorkerStart\",\"onWorkerEnd\",\"before\",\"beforeSession\",\"beforeSuite\",\"beforeHook\",\"beforeTest\",\"afterTest\",\"afterHook\",\"afterSuite\",\"afterSession\",\"after\",\"onComplete\",\"beforeAssertion\",\"afterAssertion\",\"beforeFeature\",\"beforeScenario\",\"beforeStep\",\"afterStep\",\"afterScenario\",\"afterFeature\",\"_\",\"suite\",\"$0\",\"ignoredWorkerServices\",\"wdi5\"]"}]}
COMMAND: POST /session/19c5ed65dbd52b03c8c783813379e291/execute/async - {"script":"<script> [21126 bytes]","args":[35000]}
RESULT: {"script":"<script> [21126 bytes]","args":[35000]}
COMMAND: POST /session/19c5ed65dbd52b03c8c783813379e291/window/maximize - {}
RESULT: {}
COMMAND: POST /session/19c5ed65dbd52b03c8c783813379e291/execute/async - {"script":"<script> [1562 bytes]","args":[{"selector":{"id":"shell-header","interaction":{"idSuffix":"icon"}},"wdio_ui5_key":"shellheader"}]}
COMMAND: GET /session/19c5ed65dbd52b03c8c783813379e291/screenshot - {}
RESULT: {"script":"<script> [1562 bytes]","args":[{"selector":{"id":"shell-header","interaction":{"idSuffix":"icon"}},"wdio_ui5_key":"shellheader"}]}
RESULT: undefined
COMMAND: POST /session/19c5ed65dbd52b03c8c783813379e291/refresh - {}
RESULT: {}
RESULT: {}
COMMAND: GET /session/19c5ed65dbd52b03c8c783813379e291/screenshot - {}
RESULT: {}
COMMAND: POST /session/19c5ed65dbd52b03c8c783813379e291/refresh - {}
RESULT: {}
COMMAND: GET /session/19c5ed65dbd52b03c8c783813379e291/screenshot - {}
RESULT: {}
COMMAND: POST /session/19c5ed65dbd52b03c8c783813379e291/window/fullscreen - {}
RESULT: {}
COMMAND: POST /session/19c5ed65dbd52b03c8c783813379e291/execute/async - {"script":"<script> [189 bytes]","args":[]}
RESULT: {"script":"<script> [189 bytes]","args":[]}
COMMAND: POST /session/19c5ed65dbd52b03c8c783813379e291/execute/async - {"script":"<script> [123 bytes]","args":[]}
RESULT: {"script":"<script> [123 bytes]","args":[]}
COMMAND: POST /session/19c5ed65dbd52b03c8c783813379e291/timeouts - {"script":"<number>"}
RESULT: {"script":"<number>"}
COMMAND: GET /session/19c5ed65dbd52b03c8c783813379e291/timeouts - {}
RESULT: {}
RESULT: undefined
COMMAND: POST /session/19c5ed65dbd52b03c8c783813379e291/execute/async - {"script":"<script> [2676 bytes]","args":[]}
RESULT: {"script":"<script> [2676 bytes]","args":[]}
COMMAND: POST /session/19c5ed65dbd52b03c8c783813379e291/execute/async - {"script":"<script> [2342 bytes]","args":[{"protocol":"http","hostname":"0.0.0.0","path":"/","capabilities":{"browserName":"chrome","goog:chromeOptions":{"binary":"C:\\Program Files\\Google\\Chrome\\Application\\chrome.exe","args":["--start-maximized"]}},"logLevel":"warn","connectionRetryTimeout":120000,"connectionRetryCount":3,"logLevels":{},"enableDirectConnect":true,"strictSSL":true,"_":"65 more keys: [\"cacheDir\",\"port\",\"requestedCapabilities\",\"automationProtocol\",\"baseUrl\",\"waitforInterval\",\"waitforTimeout\",\"onReload\",\"beforeCommand\",\"afterCommand\",\"rootDir\",\"specs\",\"suites\",\"exclude\",\"groupLogsByTestSpec\",\"excludeDriverLogs\",\"bail\",\"framework\",\"reporters\",\"services\",\"maxInstances\",\"maxInstancesPerCapability\",\"injectGlobals\",\"filesToWatch\",\"execArgv\",\"runnerEnv\",\"runner\",\"shard\",\"specFileRetries\",\"specFileRetriesDelay\",\"specFileRetriesDeferred\",\"reporterSyncInterval\",\"reporterSyncTimeout\",\"cucumberFeaturesWithLineNumbers\",\"autoCompileOpts\",\"mochaOpts\",\"jasmineOpts\",\"cucumberOpts\",\"onPrepare\",\"onWorkerStart\",\"onWorkerEnd\",\"before\",\"beforeSession\",\"beforeSuite\",\"beforeHook\",\"beforeTest\",\"afterTest\",\"afterHook\",\"afterSuite\",\"afterSession\",\"after\",\"onComplete\",\"beforeAssertion\",\"afterAssertion\",\"beforeFeature\",\"beforeScenario\",\"beforeStep\",\"afterStep\",\"afterScenario\",\"afterFeature\",\"_\",\"suite\",\"$0\",\"ignoredWorkerServices\",\"wdi5\"]"}]}
RESULT: {"script":"<script> [2342 bytes]","args":[{"protocol":"http","hostname":"0.0.0.0","path":"/","capabilities":{"browserName":"chrome","goog:chromeOptions":{"binary":"C:\\Program Files\\Google\\Chrome\\Application\\chrome.exe","args":["--start-maximized"]}},"logLevel":"warn","connectionRetryTimeout":120000,"connectionRetryCount":3,"logLevels":{},"enableDirectConnect":true,"strictSSL":true,"_":"65 more keys: [\"cacheDir\",\"port\",\"requestedCapabilities\",\"automationProtocol\",\"baseUrl\",\"waitforInterval\",\"waitforTimeout\",\"onReload\",\"beforeCommand\",\"afterCommand\",\"rootDir\",\"specs\",\"suites\",\"exclude\",\"groupLogsByTestSpec\",\"excludeDriverLogs\",\"bail\",\"framework\",\"reporters\",\"services\",\"maxInstances\",\"maxInstancesPerCapability\",\"injectGlobals\",\"filesToWatch\",\"execArgv\",\"runnerEnv\",\"runner\",\"shard\",\"specFileRetries\",\"specFileRetriesDelay\",\"specFileRetriesDeferred\",\"reporterSyncInterval\",\"reporterSyncTimeout\",\"cucumberFeaturesWithLineNumbers\",\"autoCompileOpts\",\"mochaOpts\",\"jasmineOpts\",\"cucumberOpts\",\"onPrepare\",\"onWorkerStart\",\"onWorkerEnd\",\"before\",\"beforeSession\",\"beforeSuite\",\"beforeHook\",\"beforeTest\",\"afterTest\",\"afterHook\",\"afterSuite\",\"afterSession\",\"after\",\"onComplete\",\"beforeAssertion\",\"afterAssertion\",\"beforeFeature\",\"beforeScenario\",\"beforeStep\",\"afterStep\",\"afterScenario\",\"afterFeature\",\"_\",\"suite\",\"$0\",\"ignoredWorkerServices\",\"wdi5\"]"}]}
COMMAND: POST /session/19c5ed65dbd52b03c8c783813379e291/execute/async - {"script":"<script> [21126 bytes]","args":[35000]}
RESULT: {"script":"<script> [21126 bytes]","args":[35000]}
]]></system-out>
      <system-err><![CDATA[
Error: Can't call click on element with selector "//td[@aria-colindex="1"]/div/div[contains(@class, "sapMCbBg")]" because element wasn't found
    at async UtilsPrerequisites.manageBillingsTriggerCalculation (D:\a\1\s\test\specs\BTS\prerequisites-and-utils-functions.js:2750:9)
    at async Context.<anonymous> (D:\a\1\s\test\specs\BTS\billing-calculation-mixed.spec.js:250:9)
]]></system-err>
    </testcase>
  </testsuite>
  <testsuite timestamp="2025-05-30T17:45:54" time="766.72" tests="13" failures="6" errors="6" skipped="0">
    <properties>
      <property name="specId" value="0"/>
      <property name="suiteName" value="Performance based billing (work days) US139742"/>
      <property name="capabilities" value="chrome.136_0_7103_93.windows"/>
      <property name="file" value="file:///D:/a/1/s/test/specs/BTS/billing-performance-workdays.spec.js"/>
    </properties>
    <testcase classname="chrome.136_0_7103_93.windows.Performance_based_billing_(work_days)_US139742" name="Should create a new yard" time="0.211">
      <system-out><![CDATA[
COMMAND: POST /session/19c5ed65dbd52b03c8c783813379e291/window/fullscreen - {}
RESULT: {}
]]></system-out>
    </testcase>
    <testcase classname="chrome.136_0_7103_93.windows.Performance_based_billing_(work_days)_US139742" name="Should create a new partner" time="0.004"/>
    <testcase classname="chrome.136_0_7103_93.windows.Performance_based_billing_(work_days)_US139742" name="Should create a new site" time="0.004"/>
    <testcase classname="chrome.136_0_7103_93.windows.Performance_based_billing_(work_days)_US139742" name="Should do prerequisite steps add equipment" time="135.925">
      <system-out><![CDATA[
COMMAND: POST /session/19c5ed65dbd52b03c8c783813379e291/execute/async - {"script":"<script> [1562 bytes]","args":[{"selector":{"controlType":"sap.m.GenericTile","properties":{"header":"Manage Resources"}},"wdio_ui5_key":"sapm.GenericTile{\"header\":\"Manage Resources\"}"}]}
RESULT: {"script":"<script> [1562 bytes]","args":[{"selector":{"controlType":"sap.m.GenericTile","properties":{"header":"Manage Resources"}},"wdio_ui5_key":"sapm.GenericTile{\"header\":\"Manage Resources\"}"}]}
RESULT: undefined
COMMAND: POST /session/19c5ed65dbd52b03c8c783813379e291/element - {"using":"xpath","value":"//*[@id=\"__tile39\"]"}
RESULT: {"using":"xpath","value":"//*[@id=\"__tile39\"]"}
COMMAND: POST /session/19c5ed65dbd52b03c8c783813379e291/element/f.1FACEF5F4F0044855A63ECD1C0A7B6EF.d.9D4C15CA1E2A65F6B646E2523DCEEE0F.e.10333/click - {}
RESULT: {}
COMMAND: GET /session/19c5ed65dbd52b03c8c783813379e291/screenshot - {}
RESULT: {}
COMMAND: POST /session/19c5ed65dbd52b03c8c783813379e291/elements - {"using":"xpath","value":"//span[text()='Error']"}
RESULT: {"using":"xpath","value":"//span[text()='Error']"}
COMMAND: POST /session/19c5ed65dbd52b03c8c783813379e291/element - {"using":"xpath","value":"//button[@data-kt=\"addNewRUOverflowToolbarButton\"]"}
RESULT: {"using":"xpath","value":"//button[@data-kt=\"addNewRUOverflowToolbarButton\"]"}
COMMAND: POST /session/19c5ed65dbd52b03c8c783813379e291/elements - {"using":"xpath","value":"//button[@data-kt=\"addNewRUOverflowToolbarButton\"]"}
RESULT: {"using":"xpath","value":"//button[@data-kt=\"addNewRUOverflowToolbarButton\"]"}
COMMAND: POST /session/19c5ed65dbd52b03c8c783813379e291/execute/sync - {"script":"<script> [8489 bytes]","args":[{"element-6066-11e4-a52e-4f735466cecf":"f.1FACEF5F4F0044855A63ECD1C0A7B6EF.d.9D4C15CA1E2A65F6B646E2523DCEEE0F.e.10471","ELEMENT":"f.1FACEF5F4F0044855A63ECD1C0A7B6EF.d.9D4C15CA1E2A65F6B646E2523DCEEE0F.e.10471"}]}
RESULT: {"script":"<script> [8489 bytes]","args":[{"element-6066-11e4-a52e-4f735466cecf":"f.1FACEF5F4F0044855A63ECD1C0A7B6EF.d.9D4C15CA1E2A65F6B646E2523DCEEE0F.e.10471","ELEMENT":"f.1FACEF5F4F0044855A63ECD1C0A7B6EF.d.9D4C15CA1E2A65F6B646E2523DCEEE0F.e.10471"}]}
COMMAND: GET /session/19c5ed65dbd52b03c8c783813379e291/element/f.1FACEF5F4F0044855A63ECD1C0A7B6EF.d.9D4C15CA1E2A65F6B646E2523DCEEE0F.e.10471/enabled - {}
COMMAND: GET /session/19c5ed65dbd52b03c8c783813379e291/screenshot - {}
RESULT: {}
COMMAND: POST /session/19c5ed65dbd52b03c8c783813379e291/execute/sync - {"script":"<script> [8489 bytes]","args":[{"element-6066-11e4-a52e-4f735466cecf":"f.1FACEF5F4F0044855A63ECD1C0A7B6EF.d.9D4C15CA1E2A65F6B646E2523DCEEE0F.e.10471","ELEMENT":"f.1FACEF5F4F0044855A63ECD1C0A7B6EF.d.9D4C15CA1E2A65F6B646E2523DCEEE0F.e.10471"}]}
COMMAND: GET /session/19c5ed65dbd52b03c8c783813379e291/screenshot - {}
RESULT: {}
RESULT: {"script":"<script> [8489 bytes]","args":[{"element-6066-11e4-a52e-4f735466cecf":"f.1FACEF5F4F0044855A63ECD1C0A7B6EF.d.9D4C15CA1E2A65F6B646E2523DCEEE0F.e.10471","ELEMENT":"f.1FACEF5F4F0044855A63ECD1C0A7B6EF.d.9D4C15CA1E2A65F6B646E2523DCEEE0F.e.10471"}]}
COMMAND: POST /session/19c5ed65dbd52b03c8c783813379e291/execute/sync - {"script":"<script> [5351 bytes]","args":[{"element-6066-11e4-a52e-4f735466cecf":"f.1FACEF5F4F0044855A63ECD1C0A7B6EF.d.9D4C15CA1E2A65F6B646E2523DCEEE0F.e.10471","ELEMENT":"f.1FACEF5F4F0044855A63ECD1C0A7B6EF.d.9D4C15CA1E2A65F6B646E2523DCEEE0F.e.10471"}]}
COMMAND: GET /session/19c5ed65dbd52b03c8c783813379e291/screenshot - {}
RESULT: {}
RESULT: {"script":"<script> [5351 bytes]","args":[{"element-6066-11e4-a52e-4f735466cecf":"f.1FACEF5F4F0044855A63ECD1C0A7B6EF.d.9D4C15CA1E2A65F6B646E2523DCEEE0F.e.10471","ELEMENT":"f.1FACEF5F4F0044855A63ECD1C0A7B6EF.d.9D4C15CA1E2A65F6B646E2523DCEEE0F.e.10471"}]}
COMMAND: POST /session/19c5ed65dbd52b03c8c783813379e291/element/f.1FACEF5F4F0044855A63ECD1C0A7B6EF.d.9D4C15CA1E2A65F6B646E2523DCEEE0F.e.10471/click - {}
COMMAND: GET /session/19c5ed65dbd52b03c8c783813379e291/screenshot - {}
RESULT: {}
RESULT: {}
COMMAND: GET /session/19c5ed65dbd52b03c8c783813379e291/screenshot - {}
COMMAND: POST /session/19c5ed65dbd52b03c8c783813379e291/execute/async - {"script":"<script> [1562 bytes]","args":[{"selector":{"id":"application-manageresources-display-component---newResourceUnit--TYPE-arrow"},"wdio_ui5_key":"applicationmanageresources-display-component---newResourceUnit--TYPE-arrow"}]}
RESULT: {}
RESULT: {}
RESULT: {"script":"<script> [1562 bytes]","args":[{"selector":{"id":"application-manageresources-display-component---newResourceUnit--TYPE-arrow"},"wdio_ui5_key":"applicationmanageresources-display-component---newResourceUnit--TYPE-arrow"}]}
RESULT: undefined
COMMAND: POST /session/19c5ed65dbd52b03c8c783813379e291/element - {"using":"xpath","value":"//*[@id=\"application-manageresources-display-component---newResourceUnit--TYPE-arrow\"]"}
RESULT: {"using":"xpath","value":"//*[@id=\"application-manageresources-display-component---newResourceUnit--TYPE-arrow\"]"}
COMMAND: POST /session/19c5ed65dbd52b03c8c783813379e291/element/f.1FACEF5F4F0044855A63ECD1C0A7B6EF.d.9D4C15CA1E2A65F6B646E2523DCEEE0F.e.10639/click - {}
RESULT: {}
COMMAND: POST /session/19c5ed65dbd52b03c8c783813379e291/element - {"using":"xpath","value":"//input[@id=\"application-manageresources-display-component---newResourceUnit--TYPE-inner\"]"}
COMMAND: GET /session/19c5ed65dbd52b03c8c783813379e291/screenshot - {}
RESULT: {"using":"xpath","value":"//input[@id=\"application-manageresources-display-component---newResourceUnit--TYPE-inner\"]"}
COMMAND: POST /session/19c5ed65dbd52b03c8c783813379e291/element/f.1FACEF5F4F0044855A63ECD1C0A7B6EF.d.9D4C15CA1E2A65F6B646E2523DCEEE0F.e.10522/clear - {}
RESULT: {}
RESULT: {}
COMMAND: POST /session/19c5ed65dbd52b03c8c783813379e291/element/f.1FACEF5F4F0044855A63ECD1C0A7B6EF.d.9D4C15CA1E2A65F6B646E2523DCEEE0F.e.10522/value - {"text":"Equipment"}
COMMAND: GET /session/19c5ed65dbd52b03c8c783813379e291/screenshot - {}
RESULT: {"text":"Equipment"}
COMMAND: GET /session/19c5ed65dbd52b03c8c783813379e291/screenshot - {}
RESULT: {}
RESULT: {}
COMMAND: POST /session/19c5ed65dbd52b03c8c783813379e291/actions - {"actions":[{"id":"action44","type":"key","parameters":{},"actions":[{"type":"keyDown","value":""},{"type":"pause","duration":10},{"type":"keyUp","value":""}]}]}
RESULT: {"actions":[{"id":"action44","type":"key","parameters":{},"actions":[{"type":"keyDown","value":""},{"type":"pause","duration":10},{"type":"keyUp","value":""}]}]}
COMMAND: POST /session/19c5ed65dbd52b03c8c783813379e291/execute/async - {"script":"<script> [1562 bytes]","args":[{"selector":{"id":"application-manageresources-display-component---newResourceUnit--resourceId","interaction":{"idSuffix":"inner"}},"wdio_ui5_key":"applicationmanageresources-display-component---newResourceUnit--resourceId"}]}
COMMAND: GET /session/19c5ed65dbd52b03c8c783813379e291/screenshot - {}
RESULT: {"script":"<script> [1562 bytes]","args":[{"selector":{"id":"application-manageresources-display-component---newResourceUnit--resourceId","interaction":{"idSuffix":"inner"}},"wdio_ui5_key":"applicationmanageresources-display-component---newResourceUnit--resourceId"}]}
RESULT: undefined
COMMAND: POST /session/19c5ed65dbd52b03c8c783813379e291/execute/async - {"script":"<script> [776 bytes]","args":[{"enterText":"3JhBOYWa6b","selector":{"id":"application-manageresources-display-component---newResourceUnit--resourceId","interaction":{"idSuffix":"inner"}},"clearTextFirst":true,"interactionType":"ENTER_TEXT"}]}
RESULT: {}
RESULT: {"script":"<script> [776 bytes]","args":[{"enterText":"3JhBOYWa6b","selector":{"id":"application-manageresources-display-component---newResourceUnit--resourceId","interaction":{"idSuffix":"inner"}},"clearTextFirst":true,"interactionType":"ENTER_TEXT"}]}
COMMAND: POST /session/19c5ed65dbd52b03c8c783813379e291/execute/async - {"script":"<script> [1562 bytes]","args":[{"selector":{"id":"application-manageresources-display-component---newResourceUnit--SHORT_TEXT","interaction":{"idSuffix":"inner"}},"wdio_ui5_key":"applicationmanageresources-display-component---newResourceUnit--SHORT_TEXT"}]}
RESULT: {"script":"<script> [1562 bytes]","args":[{"selector":{"id":"application-manageresources-display-component---newResourceUnit--SHORT_TEXT","interaction":{"idSuffix":"inner"}},"wdio_ui5_key":"applicationmanageresources-display-component---newResourceUnit--SHORT_TEXT"}]}
RESULT: undefined
COMMAND: POST /session/19c5ed65dbd52b03c8c783813379e291/execute/async - {"script":"<script> [776 bytes]","args":[{"enterText":"Intercompany Equipment WDIO","selector":{"id":"application-manageresources-display-component---newResourceUnit--SHORT_TEXT","interaction":{"idSuffix":"inner"}},"clearTextFirst":true,"interactionType":"ENTER_TEXT"}]}
RESULT: {"script":"<script> [776 bytes]","args":[{"enterText":"Intercompany Equipment WDIO","selector":{"id":"application-manageresources-display-component---newResourceUnit--SHORT_TEXT","interaction":{"idSuffix":"inner"}},"clearTextFirst":true,"interactionType":"ENTER_TEXT"}]}
COMMAND: POST /session/19c5ed65dbd52b03c8c783813379e291/execute/async - {"script":"<script> [1562 bytes]","args":[{"selector":{"id":"application-manageresources-display-component---newResourceUnit--BASE_UNIT_OF_MEASURE","interaction":{"idSuffix":"inner"}},"wdio_ui5_key":"applicationmanageresources-display-component---newResourceUnit--BASE_UNIT_OF_MEASURE"}]}
RESULT: {"script":"<script> [1562 bytes]","args":[{"selector":{"id":"application-manageresources-display-component---newResourceUnit--BASE_UNIT_OF_MEASURE","interaction":{"idSuffix":"inner"}},"wdio_ui5_key":"applicationmanageresources-display-component---newResourceUnit--BASE_UNIT_OF_MEASURE"}]}
RESULT: undefined
COMMAND: POST /session/19c5ed65dbd52b03c8c783813379e291/execute/async - {"script":"<script> [776 bytes]","args":[{"enterText":"Piece","selector":{"id":"application-manageresources-display-component---newResourceUnit--BASE_UNIT_OF_MEASURE","interaction":{"idSuffix":"inner"}},"clearTextFirst":true,"interactionType":"ENTER_TEXT"}]}
RESULT: {"script":"<script> [776 bytes]","args":[{"enterText":"Piece","selector":{"id":"application-manageresources-display-component---newResourceUnit--BASE_UNIT_OF_MEASURE","interaction":{"idSuffix":"inner"}},"clearTextFirst":true,"interactionType":"ENTER_TEXT"}]}
COMMAND: POST /session/19c5ed65dbd52b03c8c783813379e291/execute/async - {"script":"<script> [1562 bytes]","args":[{"selector":{"id":"application-manageresources-display-component---newResourceUnit--WEIGHT_UNIT","interaction":{"idSuffix":"inner"}},"wdio_ui5_key":"applicationmanageresources-display-component---newResourceUnit--WEIGHT_UNIT"}]}
RESULT: {"script":"<script> [1562 bytes]","args":[{"selector":{"id":"application-manageresources-display-component---newResourceUnit--WEIGHT_UNIT","interaction":{"idSuffix":"inner"}},"wdio_ui5_key":"applicationmanageresources-display-component---newResourceUnit--WEIGHT_UNIT"}]}
RESULT: undefined
COMMAND: POST /session/19c5ed65dbd52b03c8c783813379e291/execute/async - {"script":"<script> [776 bytes]","args":[{"enterText":"Gram","selector":{"id":"application-manageresources-display-component---newResourceUnit--WEIGHT_UNIT","interaction":{"idSuffix":"inner"}},"clearTextFirst":true,"interactionType":"ENTER_TEXT"}]}
RESULT: {"script":"<script> [776 bytes]","args":[{"enterText":"Gram","selector":{"id":"application-manageresources-display-component---newResourceUnit--WEIGHT_UNIT","interaction":{"idSuffix":"inner"}},"clearTextFirst":true,"interactionType":"ENTER_TEXT"}]}
COMMAND: POST /session/19c5ed65dbd52b03c8c783813379e291/execute/async - {"script":"<script> [1562 bytes]","args":[{"selector":{"id":"application-manageresources-display-component---newResourceUnit--DIMENSION_UNIT","interaction":{"idSuffix":"inner"}},"wdio_ui5_key":"applicationmanageresources-display-component---newResourceUnit--DIMENSION_UNIT"}]}
RESULT: {"script":"<script> [1562 bytes]","args":[{"selector":{"id":"application-manageresources-display-component---newResourceUnit--DIMENSION_UNIT","interaction":{"idSuffix":"inner"}},"wdio_ui5_key":"applicationmanageresources-display-component---newResourceUnit--DIMENSION_UNIT"}]}
RESULT: undefined
COMMAND: POST /session/19c5ed65dbd52b03c8c783813379e291/execute/async - {"script":"<script> [776 bytes]","args":[{"enterText":"Meter","selector":{"id":"application-manageresources-display-component---newResourceUnit--DIMENSION_UNIT","interaction":{"idSuffix":"inner"}},"clearTextFirst":true,"interactionType":"ENTER_TEXT"}]}
RESULT: {"script":"<script> [776 bytes]","args":[{"enterText":"Meter","selector":{"id":"application-manageresources-display-component---newResourceUnit--DIMENSION_UNIT","interaction":{"idSuffix":"inner"}},"clearTextFirst":true,"interactionType":"ENTER_TEXT"}]}
COMMAND: POST /session/19c5ed65dbd52b03c8c783813379e291/execute/async - {"script":"<script> [1562 bytes]","args":[{"selector":{"id":"application-manageresources-display-component---newResourceUnit--newRRUPage-anchBar-application-manageresources-display-component---newResourceUnit--control-anchor","interaction":{"idSuffix":"BDI-content"}},"wdio_ui5_key":"applicationmanageresources-display-component---newResourceUnit--newRRUPage-anchBar-application-manageresources-display-component---newResourceUnit--control-anchor"}]}
RESULT: {"script":"<script> [1562 bytes]","args":[{"selector":{"id":"application-manageresources-display-component---newResourceUnit--newRRUPage-anchBar-application-manageresources-display-component---newResourceUnit--control-anchor","interaction":{"idSuffix":"BDI-content"}},"wdio_ui5_key":"applicationmanageresources-display-component---newResourceUnit--newRRUPage-anchBar-application-manageresources-display-component---newResourceUnit--control-anchor"}]}
RESULT: undefined
COMMAND: POST /session/19c5ed65dbd52b03c8c783813379e291/element - {"using":"xpath","value":"//*[@id=\"application-manageresources-display-component---newResourceUnit--newRRUPage-anchBar-application-manageresources-display-component---newResourceUnit--control-anchor\"]"}
RESULT: {"using":"xpath","value":"//*[@id=\"application-manageresources-display-component---newResourceUnit--newRRUPage-anchBar-application-manageresources-display-component---newResourceUnit--control-anchor\"]"}
COMMAND: POST /session/19c5ed65dbd52b03c8c783813379e291/element/f.1FACEF5F4F0044855A63ECD1C0A7B6EF.d.9D4C15CA1E2A65F6B646E2523DCEEE0F.e.10799/click - {}
RESULT: {}
COMMAND: POST /session/19c5ed65dbd52b03c8c783813379e291/execute/async - {"script":"<script> [1562 bytes]","args":[{"selector":{"id":"application-manageresources-display-component---newResourceUnit--PLANNING_GROUP","interaction":{"idSuffix":"inner"}},"wdio_ui5_key":"applicationmanageresources-display-component---newResourceUnit--PLANNING_GROUP"}]}
COMMAND: GET /session/19c5ed65dbd52b03c8c783813379e291/screenshot - {}
RESULT: {"script":"<script> [1562 bytes]","args":[{"selector":{"id":"application-manageresources-display-component---newResourceUnit--PLANNING_GROUP","interaction":{"idSuffix":"inner"}},"wdio_ui5_key":"applicationmanageresources-display-component---newResourceUnit--PLANNING_GROUP"}]}
RESULT: undefined
COMMAND: POST /session/19c5ed65dbd52b03c8c783813379e291/execute/async - {"script":"<script> [776 bytes]","args":[{"enterText":"Heavy Equi","selector":{"id":"application-manageresources-display-component---newResourceUnit--PLANNING_GROUP","interaction":{"idSuffix":"inner"}},"clearTextFirst":true,"interactionType":"ENTER_TEXT"}]}
RESULT: {}
RESULT: {"script":"<script> [776 bytes]","args":[{"enterText":"Heavy Equi","selector":{"id":"application-manageresources-display-component---newResourceUnit--PLANNING_GROUP","interaction":{"idSuffix":"inner"}},"clearTextFirst":true,"interactionType":"ENTER_TEXT"}]}
COMMAND: POST /session/19c5ed65dbd52b03c8c783813379e291/execute/async - {"script":"<script> [1562 bytes]","args":[{"selector":{"id":"application-manageresources-display-component---newResourceUnit--ITEM_TYPE-arrow"},"wdio_ui5_key":"applicationmanageresources-display-component---newResourceUnit--ITEM_TYPE-arrow"}]}
RESULT: {"script":"<script> [1562 bytes]","args":[{"selector":{"id":"application-manageresources-display-component---newResourceUnit--ITEM_TYPE-arrow"},"wdio_ui5_key":"applicationmanageresources-display-component---newResourceUnit--ITEM_TYPE-arrow"}]}
RESULT: undefined
COMMAND: POST /session/19c5ed65dbd52b03c8c783813379e291/element - {"using":"xpath","value":"//*[@id=\"application-manageresources-display-component---newResourceUnit--ITEM_TYPE-arrow\"]"}
RESULT: {"using":"xpath","value":"//*[@id=\"application-manageresources-display-component---newResourceUnit--ITEM_TYPE-arrow\"]"}
COMMAND: POST /session/19c5ed65dbd52b03c8c783813379e291/element/f.1FACEF5F4F0044855A63ECD1C0A7B6EF.d.9D4C15CA1E2A65F6B646E2523DCEEE0F.e.10808/click - {}
RESULT: {}
COMMAND: POST /session/19c5ed65dbd52b03c8c783813379e291/element - {"using":"xpath","value":"//ul[contains(@id,\"ITEM_TYPE-popup-list-listUl\")]//li[.//span[contains(text(),\"Resource Unit\")]]"}
COMMAND: GET /session/19c5ed65dbd52b03c8c783813379e291/screenshot - {}
RESULT: {"using":"xpath","value":"//ul[contains(@id,\"ITEM_TYPE-popup-list-listUl\")]//li[.//span[contains(text(),\"Resource Unit\")]]"}
COMMAND: POST /session/19c5ed65dbd52b03c8c783813379e291/element/f.1FACEF5F4F0044855A63ECD1C0A7B6EF.d.9D4C15CA1E2A65F6B646E2523DCEEE0F.e.10809/click - {}
RESULT: {}
RESULT: {}
COMMAND: GET /session/19c5ed65dbd52b03c8c783813379e291/screenshot - {}
RESULT: {}
COMMAND: POST /session/19c5ed65dbd52b03c8c783813379e291/element - {"using":"css selector","value":"#application-manageresources-display-component---newResourceUnit--btnAddTimeSegment"}
RESULT: {"using":"css selector","value":"#application-manageresources-display-component---newResourceUnit--btnAddTimeSegment"}
COMMAND: GET /session/19c5ed65dbd52b03c8c783813379e291/element/f.1FACEF5F4F0044855A63ECD1C0A7B6EF.d.9D4C15CA1E2A65F6B646E2523DCEEE0F.e.10816/rect - {}
RESULT: {}
COMMAND: GET /session/19c5ed65dbd52b03c8c783813379e291/window/rect - {}
RESULT: {}
COMMAND: POST /session/19c5ed65dbd52b03c8c783813379e291/execute/sync - {"script":"<script> [92 bytes]","args":[]}
RESULT: {"script":"<script> [92 bytes]","args":[]}
COMMAND: POST /session/19c5ed65dbd52b03c8c783813379e291/actions - {"actions":[{"id":"action45","type":"wheel","parameters":{},"actions":[{"type":"scroll","x":-1888,"y":-32,"deltaX":0,"deltaY":0,"duration":0,"origin":{"element-6066-11e4-a52e-4f735466cecf":"f.1FACEF5F4F0044855A63ECD1C0A7B6EF.d.9D4C15CA1E2A65F6B646E2523DCEEE0F.e.10816"}}]}]}
COMMAND: GET /session/19c5ed65dbd52b03c8c783813379e291/screenshot - {}
RESULT: {}
COMMAND: POST /session/19c5ed65dbd52b03c8c783813379e291/execute/sync - {"script":"<script> [79 bytes]","args":[{"element-6066-11e4-a52e-4f735466cecf":"f.1FACEF5F4F0044855A63ECD1C0A7B6EF.d.9D4C15CA1E2A65F6B646E2523DCEEE0F.e.10816","ELEMENT":"f.1FACEF5F4F0044855A63ECD1C0A7B6EF.d.9D4C15CA1E2A65F6B646E2523DCEEE0F.e.10816"},{"block":"start","inline":"nearest"}]}
RESULT: {"script":"<script> [79 bytes]","args":[{"element-6066-11e4-a52e-4f735466cecf":"f.1FACEF5F4F0044855A63ECD1C0A7B6EF.d.9D4C15CA1E2A65F6B646E2523DCEEE0F.e.10816","ELEMENT":"f.1FACEF5F4F0044855A63ECD1C0A7B6EF.d.9D4C15CA1E2A65F6B646E2523DCEEE0F.e.10816"},{"block":"start","inline":"nearest"}]}
COMMAND: POST /session/19c5ed65dbd52b03c8c783813379e291/execute/async - {"script":"<script> [1562 bytes]","args":[{"selector":{"id":"application-manageresources-display-component---newResourceUnit--btnAddTimeSegment","interaction":{"idSuffix":"inner"}},"wdio_ui5_key":"applicationmanageresources-display-component---newResourceUnit--btnAddTimeSegment"}]}
COMMAND: GET /session/19c5ed65dbd52b03c8c783813379e291/screenshot - {}
RESULT: {"script":"<script> [1562 bytes]","args":[{"selector":{"id":"application-manageresources-display-component---newResourceUnit--btnAddTimeSegment","interaction":{"idSuffix":"inner"}},"wdio_ui5_key":"applicationmanageresources-display-component---newResourceUnit--btnAddTimeSegment"}]}
RESULT: undefined
COMMAND: POST /session/19c5ed65dbd52b03c8c783813379e291/element - {"using":"xpath","value":"//*[@id=\"application-manageresources-display-component---newResourceUnit--btnAddTimeSegment\"]"}
RESULT: {}
RESULT: {"using":"xpath","value":"//*[@id=\"application-manageresources-display-component---newResourceUnit--btnAddTimeSegment\"]"}
COMMAND: POST /session/19c5ed65dbd52b03c8c783813379e291/element/f.1FACEF5F4F0044855A63ECD1C0A7B6EF.d.9D4C15CA1E2A65F6B646E2523DCEEE0F.e.10816/click - {}
RESULT: {}
COMMAND: GET /session/19c5ed65dbd52b03c8c783813379e291/screenshot - {}
RESULT: {}
COMMAND: POST /session/19c5ed65dbd52b03c8c783813379e291/element - {"using":"xpath","value":"//input[@id=\"application-manageresources-display-component---newResourceUnit--idRuTSAdmin-application-manageresources-display-component---newResourceUnit--RUTimeSegment-0-inner\"]"}
RESULT: {"using":"xpath","value":"//input[@id=\"application-manageresources-display-component---newResourceUnit--idRuTSAdmin-application-manageresources-display-component---newResourceUnit--RUTimeSegment-0-inner\"]"}
COMMAND: POST /session/19c5ed65dbd52b03c8c783813379e291/element/f.1FACEF5F4F0044855A63ECD1C0A7B6EF.d.9D4C15CA1E2A65F6B646E2523DCEEE0F.e.10822/clear - {}
RESULT: {}
COMMAND: POST /session/19c5ed65dbd52b03c8c783813379e291/element/f.1FACEF5F4F0044855A63ECD1C0A7B6EF.d.9D4C15CA1E2A65F6B646E2523DCEEE0F.e.10822/value - {"text":"506"}
COMMAND: GET /session/19c5ed65dbd52b03c8c783813379e291/screenshot - {}
RESULT: {"text":"506"}
COMMAND: GET /session/19c5ed65dbd52b03c8c783813379e291/screenshot - {}
RESULT: {}
RESULT: {}
COMMAND: POST /session/19c5ed65dbd52b03c8c783813379e291/element - {"using":"xpath","value":"//li[.//span[text()='506']]"}
RESULT: {"using":"xpath","value":"//li[.//span[text()='506']]"}
COMMAND: POST /session/19c5ed65dbd52b03c8c783813379e291/element/f.1FACEF5F4F0044855A63ECD1C0A7B6EF.d.9D4C15CA1E2A65F6B646E2523DCEEE0F.e.10835/click - {}
RESULT: {}
COMMAND: GET /session/19c5ed65dbd52b03c8c783813379e291/screenshot - {}
RESULT: {}
COMMAND: POST /session/19c5ed65dbd52b03c8c783813379e291/element - {"using":"xpath","value":"(//span[contains(@id, \"-application-manageresources-display-component---newResourceUnit--RUTimeSegment-0-arrow\")])[6]"}
RESULT: {"using":"xpath","value":"(//span[contains(@id, \"-application-manageresources-display-component---newResourceUnit--RUTimeSegment-0-arrow\")])[6]"}
COMMAND: POST /session/19c5ed65dbd52b03c8c783813379e291/element/f.1FACEF5F4F0044855A63ECD1C0A7B6EF.d.9D4C15CA1E2A65F6B646E2523DCEEE0F.e.10836/click - {}
RESULT: {}
COMMAND: GET /session/19c5ed65dbd52b03c8c783813379e291/screenshot - {}
RESULT: {}
COMMAND: POST /session/19c5ed65dbd52b03c8c783813379e291/element - {"using":"xpath","value":"//span[contains(text(), \"PM Order\")]"}
RESULT: {"using":"xpath","value":"//span[contains(text(), \"PM Order\")]"}
COMMAND: POST /session/19c5ed65dbd52b03c8c783813379e291/element/f.1FACEF5F4F0044855A63ECD1C0A7B6EF.d.9D4C15CA1E2A65F6B646E2523DCEEE0F.e.10839/click - {}
RESULT: {}
COMMAND: GET /session/19c5ed65dbd52b03c8c783813379e291/screenshot - {}
RESULT: {}
COMMAND: POST /session/19c5ed65dbd52b03c8c783813379e291/element - {"using":"xpath","value":"(//span[contains(@id ,\"manageresources-display-component---newResourceUnit--RUTimeSegment-0-vhi\")])[1]"}
RESULT: {"using":"xpath","value":"(//span[contains(@id ,\"manageresources-display-component---newResourceUnit--RUTimeSegment-0-vhi\")])[1]"}
COMMAND: GET /session/19c5ed65dbd52b03c8c783813379e291/element/f.1FACEF5F4F0044855A63ECD1C0A7B6EF.d.9D4C15CA1E2A65F6B646E2523DCEEE0F.e.10843/rect - {}
RESULT: {}
COMMAND: GET /session/19c5ed65dbd52b03c8c783813379e291/window/rect - {}
RESULT: {}
COMMAND: POST /session/19c5ed65dbd52b03c8c783813379e291/execute/sync - {"script":"<script> [92 bytes]","args":[]}
RESULT: {"script":"<script> [92 bytes]","args":[]}
COMMAND: POST /session/19c5ed65dbd52b03c8c783813379e291/actions - {"actions":[{"id":"action46","type":"wheel","parameters":{},"actions":[{"type":"scroll","x":-869,"y":-24,"deltaX":0,"deltaY":0,"duration":0,"origin":{"element-6066-11e4-a52e-4f735466cecf":"f.1FACEF5F4F0044855A63ECD1C0A7B6EF.d.9D4C15CA1E2A65F6B646E2523DCEEE0F.e.10843"}}]}]}
COMMAND: GET /session/19c5ed65dbd52b03c8c783813379e291/screenshot - {}
RESULT: {"actions":[{"id":"action46","type":"wheel","parameters":{},"actions":[{"type":"scroll","x":-869,"y":-24,"deltaX":0,"deltaY":0,"duration":0,"origin":{"element-6066-11e4-a52e-4f735466cecf":"f.1FACEF5F4F0044855A63ECD1C0A7B6EF.d.9D4C15CA1E2A65F6B646E2523DCEEE0F.e.10843"}}]}]}
COMMAND: DELETE /session/19c5ed65dbd52b03c8c783813379e291/actions - {}
COMMAND: GET /session/19c5ed65dbd52b03c8c783813379e291/screenshot - {}
RESULT: {}
RESULT: {}
COMMAND: GET /session/19c5ed65dbd52b03c8c783813379e291/screenshot - {}
RESULT: {}
RESULT: {}
COMMAND: POST /session/19c5ed65dbd52b03c8c783813379e291/element/f.1FACEF5F4F0044855A63ECD1C0A7B6EF.d.9D4C15CA1E2A65F6B646E2523DCEEE0F.e.10843/click - {}
RESULT: {}
COMMAND: GET /session/19c5ed65dbd52b03c8c783813379e291/screenshot - {}
RESULT: {}
COMMAND: POST /session/19c5ed65dbd52b03c8c783813379e291/execute/async - {"script":"<script> [1562 bytes]","args":[{"selector":{"controlType":"sap.m.SearchField","properties":{"placeholder":"Search"},"searchOpenDialogs":true,"interaction":{"idSuffix":"I"}},"wdio_ui5_key":"sapm.SearchField{\"placeholder\":\"Search\"}"}]}
RESULT: {"script":"<script> [1562 bytes]","args":[{"selector":{"controlType":"sap.m.SearchField","properties":{"placeholder":"Search"},"searchOpenDialogs":true,"interaction":{"idSuffix":"I"}},"wdio_ui5_key":"sapm.SearchField{\"placeholder\":\"Search\"}"}]}
RESULT: undefined
COMMAND: POST /session/19c5ed65dbd52b03c8c783813379e291/execute/async - {"script":"<script> [776 bytes]","args":[{"enterText":"4000360","selector":{"controlType":"sap.m.SearchField","properties":{"placeholder":"Search"},"searchOpenDialogs":true,"interaction":{"idSuffix":"I"}},"clearTextFirst":true,"interactionType":"ENTER_TEXT"}]}
RESULT: {"script":"<script> [776 bytes]","args":[{"enterText":"4000360","selector":{"controlType":"sap.m.SearchField","properties":{"placeholder":"Search"},"searchOpenDialogs":true,"interaction":{"idSuffix":"I"}},"clearTextFirst":true,"interactionType":"ENTER_TEXT"}]}
COMMAND: POST /session/19c5ed65dbd52b03c8c783813379e291/actions - {"actions":[{"id":"action47","type":"key","parameters":{},"actions":[{"type":"keyDown","value":""},{"type":"pause","duration":10},{"type":"keyUp","value":""}]}]}
RESULT: {"actions":[{"id":"action47","type":"key","parameters":{},"actions":[{"type":"keyDown","value":""},{"type":"pause","duration":10},{"type":"keyUp","value":""}]}]}
COMMAND: GET /session/19c5ed65dbd52b03c8c783813379e291/screenshot - {}
RESULT: {}
COMMAND: POST /session/19c5ed65dbd52b03c8c783813379e291/element - {"using":"xpath","value":"//td/div/span[contains(text(), \"BGL Vehicles\")]"}
RESULT: {"using":"xpath","value":"//td/div/span[contains(text(), \"BGL Vehicles\")]"}
COMMAND: POST /session/19c5ed65dbd52b03c8c783813379e291/element/f.1FACEF5F4F0044855A63ECD1C0A7B6EF.d.9D4C15CA1E2A65F6B646E2523DCEEE0F.e.10864/click - {}
RESULT: {}
COMMAND: GET /session/19c5ed65dbd52b03c8c783813379e291/screenshot - {}
RESULT: {}
COMMAND: POST /session/19c5ed65dbd52b03c8c783813379e291/element - {"using":"xpath","value":"//bdi[contains(text(), \"OK\")]"}
RESULT: {"using":"xpath","value":"//bdi[contains(text(), \"OK\")]"}
COMMAND: POST /session/19c5ed65dbd52b03c8c783813379e291/element/f.1FACEF5F4F0044855A63ECD1C0A7B6EF.d.9D4C15CA1E2A65F6B646E2523DCEEE0F.e.10865/click - {}
RESULT: {}
COMMAND: GET /session/19c5ed65dbd52b03c8c783813379e291/screenshot - {}
RESULT: {}
COMMAND: POST /session/19c5ed65dbd52b03c8c783813379e291/execute/async - {"script":"<script> [1562 bytes]","args":[{"selector":{"id":"application-manageresources-display-component---newResourceUnit--newRRUPage-anchBar-application-manageresources-display-component---newResourceUnit--resource-anchor","interaction":{"idSuffix":"BDI-content"}},"wdio_ui5_key":"applicationmanageresources-display-component---newResourceUnit--newRRUPage-anchBar-application-manageresources-display-component---newResourceUnit--resource-anchor"}]}
RESULT: {"script":"<script> [1562 bytes]","args":[{"selector":{"id":"application-manageresources-display-component---newResourceUnit--newRRUPage-anchBar-application-manageresources-display-component---newResourceUnit--resource-anchor","interaction":{"idSuffix":"BDI-content"}},"wdio_ui5_key":"applicationmanageresources-display-component---newResourceUnit--newRRUPage-anchBar-application-manageresources-display-component---newResourceUnit--resource-anchor"}]}
RESULT: undefined
COMMAND: POST /session/19c5ed65dbd52b03c8c783813379e291/element - {"using":"xpath","value":"//*[@id=\"application-manageresources-display-component---newResourceUnit--newRRUPage-anchBar-application-manageresources-display-component---newResourceUnit--resource-anchor\"]"}
RESULT: {"using":"xpath","value":"//*[@id=\"application-manageresources-display-component---newResourceUnit--newRRUPage-anchBar-application-manageresources-display-component---newResourceUnit--resource-anchor\"]"}
COMMAND: POST /session/19c5ed65dbd52b03c8c783813379e291/element/f.1FACEF5F4F0044855A63ECD1C0A7B6EF.d.9D4C15CA1E2A65F6B646E2523DCEEE0F.e.10869/click - {}
RESULT: {}
COMMAND: POST /session/19c5ed65dbd52b03c8c783813379e291/execute/async - {"script":"<script> [1562 bytes]","args":[{"selector":{"id":"application-manageresources-display-component---newResourceUnit--PLANNED_DELIVERY_DATE","interaction":{"idSuffix":"inner"}},"wdio_ui5_key":"applicationmanageresources-display-component---newResourceUnit--PLANNED_DELIVERY_DATE"}]}
COMMAND: GET /session/19c5ed65dbd52b03c8c783813379e291/screenshot - {}
RESULT: {"script":"<script> [1562 bytes]","args":[{"selector":{"id":"application-manageresources-display-component---newResourceUnit--PLANNED_DELIVERY_DATE","interaction":{"idSuffix":"inner"}},"wdio_ui5_key":"applicationmanageresources-display-component---newResourceUnit--PLANNED_DELIVERY_DATE"}]}
RESULT: undefined
COMMAND: POST /session/19c5ed65dbd52b03c8c783813379e291/execute/async - {"script":"<script> [6424 bytes]","args":[{"element-6066-11e4-a52e-4f735466cecf":"f.1FACEF5F4F0044855A63ECD1C0A7B6EF.d.9D4C15CA1E2A65F6B646E2523DCEEE0F.e.10698"},"setValue",["5/30/25"]]}
RESULT: {}
RESULT: {"script":"<script> [6424 bytes]","args":[{"element-6066-11e4-a52e-4f735466cecf":"f.1FACEF5F4F0044855A63ECD1C0A7B6EF.d.9D4C15CA1E2A65F6B646E2523DCEEE0F.e.10698"},"setValue",["5/30/25"]]}
COMMAND: POST /session/19c5ed65dbd52b03c8c783813379e291/element - {"using":"xpath","value":"//label[contains(@class, 'sapMLabelRequired') and .//bdi[contains(text(), 'Planned Retirement')]]"}
RESULT: {"using":"xpath","value":"//label[contains(@class, 'sapMLabelRequired') and .//bdi[contains(text(), 'Planned Retirement')]]"}
COMMAND: POST /session/19c5ed65dbd52b03c8c783813379e291/elements - {"using":"xpath","value":"//label[contains(@class, 'sapMLabelRequired') and .//bdi[contains(text(), 'Planned Retirement')]]"}
RESULT: {"using":"xpath","value":"//label[contains(@class, 'sapMLabelRequired') and .//bdi[contains(text(), 'Planned Retirement')]]"}
COMMAND: POST /session/19c5ed65dbd52b03c8c783813379e291/element - {"using":"xpath","value":"//button[@data-kt=\"resourceUnitSaveButton\"]"}
RESULT: {"using":"xpath","value":"//button[@data-kt=\"resourceUnitSaveButton\"]"}
COMMAND: POST /session/19c5ed65dbd52b03c8c783813379e291/element/f.1FACEF5F4F0044855A63ECD1C0A7B6EF.d.9D4C15CA1E2A65F6B646E2523DCEEE0F.e.10657/click - {}
RESULT: {}
COMMAND: GET /session/19c5ed65dbd52b03c8c783813379e291/screenshot - {}
RESULT: {}
COMMAND: POST /session/19c5ed65dbd52b03c8c783813379e291/element - {"using":"xpath","value":"//bdi[contains(text(), \"Close\")]"}
RESULT: {"using":"xpath","value":"//bdi[contains(text(), \"Close\")]"}
COMMAND: POST /session/19c5ed65dbd52b03c8c783813379e291/element/f.1FACEF5F4F0044855A63ECD1C0A7B6EF.d.9D4C15CA1E2A65F6B646E2523DCEEE0F.e.10878/click - {}
RESULT: {}
COMMAND: GET /session/19c5ed65dbd52b03c8c783813379e291/screenshot - {}
RESULT: {}
COMMAND: POST /session/19c5ed65dbd52b03c8c783813379e291/element - {"using":"xpath","value":"(//button[contains(@id ,\"actionsToolbar-overflowButton\")])[1]"}
RESULT: {"using":"xpath","value":"(//button[contains(@id ,\"actionsToolbar-overflowButton\")])[1]"}
COMMAND: POST /session/19c5ed65dbd52b03c8c783813379e291/element/f.1FACEF5F4F0044855A63ECD1C0A7B6EF.d.9D4C15CA1E2A65F6B646E2523DCEEE0F.e.10933/click - {}
RESULT: {}
COMMAND: GET /session/19c5ed65dbd52b03c8c783813379e291/screenshot - {}
RESULT: {}
COMMAND: POST /session/19c5ed65dbd52b03c8c783813379e291/element - {"using":"xpath","value":"//button[@data-kt=\"priceInfoButton\"]"}
RESULT: {"using":"xpath","value":"//button[@data-kt=\"priceInfoButton\"]"}
COMMAND: POST /session/19c5ed65dbd52b03c8c783813379e291/element/f.1FACEF5F4F0044855A63ECD1C0A7B6EF.d.9D4C15CA1E2A65F6B646E2523DCEEE0F.e.10935/click - {}
RESULT: {}
COMMAND: GET /session/19c5ed65dbd52b03c8c783813379e291/screenshot - {}
RESULT: {}
]]></system-out>
    </testcase>
    <testcase classname="chrome.136_0_7103_93.windows.Performance_based_billing_(work_days)_US139742" name="Should create a pricing rule perf based on the equipment" time="54.338">
      <system-out><![CDATA[
COMMAND: POST /session/19c5ed65dbd52b03c8c783813379e291/element - {"using":"xpath","value":"//button[@data-kt=\"addButton\"]"}
RESULT: {"using":"xpath","value":"//button[@data-kt=\"addButton\"]"}
COMMAND: POST /session/19c5ed65dbd52b03c8c783813379e291/elements - {"using":"xpath","value":"//button[@data-kt=\"addButton\"]"}
RESULT: {"using":"xpath","value":"//button[@data-kt=\"addButton\"]"}
COMMAND: POST /session/19c5ed65dbd52b03c8c783813379e291/elements - {"using":"xpath","value":"//button[@data-kt=\"addButton\"]"}
RESULT: {"using":"xpath","value":"//button[@data-kt=\"addButton\"]"}
COMMAND: POST /session/19c5ed65dbd52b03c8c783813379e291/element - {"using":"xpath","value":"//button[@data-kt=\"addButton\"]"}
RESULT: {"using":"xpath","value":"//button[@data-kt=\"addButton\"]"}
COMMAND: POST /session/19c5ed65dbd52b03c8c783813379e291/execute/sync - {"script":"<script> [8489 bytes]","args":[{"element-6066-11e4-a52e-4f735466cecf":"f.1FACEF5F4F0044855A63ECD1C0A7B6EF.d.9D4C15CA1E2A65F6B646E2523DCEEE0F.e.10971","ELEMENT":"f.1FACEF5F4F0044855A63ECD1C0A7B6EF.d.9D4C15CA1E2A65F6B646E2523DCEEE0F.e.10971"}]}
RESULT: {"script":"<script> [8489 bytes]","args":[{"element-6066-11e4-a52e-4f735466cecf":"f.1FACEF5F4F0044855A63ECD1C0A7B6EF.d.9D4C15CA1E2A65F6B646E2523DCEEE0F.e.10971","ELEMENT":"f.1FACEF5F4F0044855A63ECD1C0A7B6EF.d.9D4C15CA1E2A65F6B646E2523DCEEE0F.e.10971"}]}
COMMAND: GET /session/19c5ed65dbd52b03c8c783813379e291/element/f.1FACEF5F4F0044855A63ECD1C0A7B6EF.d.9D4C15CA1E2A65F6B646E2523DCEEE0F.e.10971/enabled - {}
COMMAND: GET /session/19c5ed65dbd52b03c8c783813379e291/screenshot - {}
RESULT: {}
COMMAND: POST /session/19c5ed65dbd52b03c8c783813379e291/execute/sync - {"script":"<script> [8489 bytes]","args":[{"element-6066-11e4-a52e-4f735466cecf":"f.1FACEF5F4F0044855A63ECD1C0A7B6EF.d.9D4C15CA1E2A65F6B646E2523DCEEE0F.e.10971","ELEMENT":"f.1FACEF5F4F0044855A63ECD1C0A7B6EF.d.9D4C15CA1E2A65F6B646E2523DCEEE0F.e.10971"}]}
COMMAND: GET /session/19c5ed65dbd52b03c8c783813379e291/screenshot - {}
RESULT: {}
RESULT: {"script":"<script> [8489 bytes]","args":[{"element-6066-11e4-a52e-4f735466cecf":"f.1FACEF5F4F0044855A63ECD1C0A7B6EF.d.9D4C15CA1E2A65F6B646E2523DCEEE0F.e.10971","ELEMENT":"f.1FACEF5F4F0044855A63ECD1C0A7B6EF.d.9D4C15CA1E2A65F6B646E2523DCEEE0F.e.10971"}]}
COMMAND: POST /session/19c5ed65dbd52b03c8c783813379e291/execute/sync - {"script":"<script> [5351 bytes]","args":[{"element-6066-11e4-a52e-4f735466cecf":"f.1FACEF5F4F0044855A63ECD1C0A7B6EF.d.9D4C15CA1E2A65F6B646E2523DCEEE0F.e.10971","ELEMENT":"f.1FACEF5F4F0044855A63ECD1C0A7B6EF.d.9D4C15CA1E2A65F6B646E2523DCEEE0F.e.10971"}]}
COMMAND: GET /session/19c5ed65dbd52b03c8c783813379e291/screenshot - {}
RESULT: {}
RESULT: {"script":"<script> [5351 bytes]","args":[{"element-6066-11e4-a52e-4f735466cecf":"f.1FACEF5F4F0044855A63ECD1C0A7B6EF.d.9D4C15CA1E2A65F6B646E2523DCEEE0F.e.10971","ELEMENT":"f.1FACEF5F4F0044855A63ECD1C0A7B6EF.d.9D4C15CA1E2A65F6B646E2523DCEEE0F.e.10971"}]}
COMMAND: POST /session/19c5ed65dbd52b03c8c783813379e291/element/f.1FACEF5F4F0044855A63ECD1C0A7B6EF.d.9D4C15CA1E2A65F6B646E2523DCEEE0F.e.10971/click - {}
COMMAND: GET /session/19c5ed65dbd52b03c8c783813379e291/screenshot - {}
RESULT: {}
RESULT: {}
COMMAND: GET /session/19c5ed65dbd52b03c8c783813379e291/screenshot - {}
RESULT: {}
RESULT: {}
COMMAND: POST /session/19c5ed65dbd52b03c8c783813379e291/execute/async - {"script":"<script> [1562 bytes]","args":[{"selector":{"controlType":"sap.m.Title","viewName":"etm.portal.ui.managepricingrules.view.NewItem","viewId":"application-managepricingrules-display-component---newInfoPriceItem","properties":{"text":"New Pricing Rules - Item Level"}},"wdio_ui5_key":"etmportal.ui.managepricingrules.view.NewItemsap.m.Title{\"text\":\"New Pricing Rules - Item Level\"}"}]}
RESULT: {"script":"<script> [1562 bytes]","args":[{"selector":{"controlType":"sap.m.Title","viewName":"etm.portal.ui.managepricingrules.view.NewItem","viewId":"application-managepricingrules-display-component---newInfoPriceItem","properties":{"text":"New Pricing Rules - Item Level"}},"wdio_ui5_key":"etmportal.ui.managepricingrules.view.NewItemsap.m.Title{\"text\":\"New Pricing Rules - Item Level\"}"}]}
RESULT: undefined
COMMAND: POST /session/19c5ed65dbd52b03c8c783813379e291/execute/async - {"script":"<script> [6424 bytes]","args":[{"element-6066-11e4-a52e-4f735466cecf":"f.1FACEF5F4F0044855A63ECD1C0A7B6EF.d.9D4C15CA1E2A65F6B646E2523DCEEE0F.e.11045"},"getText",[]]}
RESULT: {"script":"<script> [6424 bytes]","args":[{"element-6066-11e4-a52e-4f735466cecf":"f.1FACEF5F4F0044855A63ECD1C0A7B6EF.d.9D4C15CA1E2A65F6B646E2523DCEEE0F.e.11045"},"getText",[]]}
COMMAND: POST /session/19c5ed65dbd52b03c8c783813379e291/execute/async - {"script":"<script> [1562 bytes]","args":[{"selector":{"id":"application-managepricingrules-display-component---newInfoPriceItem--condValidTo","interaction":{"idSuffix":"inner"}},"wdio_ui5_key":"applicationmanagepricingrules-display-component---newInfoPriceItem--condValidTo"}]}
RESULT: {"script":"<script> [1562 bytes]","args":[{"selector":{"id":"application-managepricingrules-display-component---newInfoPriceItem--condValidTo","interaction":{"idSuffix":"inner"}},"wdio_ui5_key":"applicationmanagepricingrules-display-component---newInfoPriceItem--condValidTo"}]}
RESULT: undefined
COMMAND: POST /session/19c5ed65dbd52b03c8c783813379e291/execute/async - {"script":"<script> [776 bytes]","args":[{"enterText":"1/30/26","selector":{"id":"application-managepricingrules-display-component---newInfoPriceItem--condValidTo","interaction":{"idSuffix":"inner"}},"clearTextFirst":true,"interactionType":"ENTER_TEXT"}]}
RESULT: {"script":"<script> [776 bytes]","args":[{"enterText":"1/30/26","selector":{"id":"application-managepricingrules-display-component---newInfoPriceItem--condValidTo","interaction":{"idSuffix":"inner"}},"clearTextFirst":true,"interactionType":"ENTER_TEXT"}]}
COMMAND: POST /session/19c5ed65dbd52b03c8c783813379e291/execute/async - {"script":"<script> [1562 bytes]","args":[{"selector":{"id":"application-managepricingrules-display-component---newInfoPriceItem--billType-arrow"},"wdio_ui5_key":"applicationmanagepricingrules-display-component---newInfoPriceItem--billType-arrow"}]}
RESULT: {"script":"<script> [1562 bytes]","args":[{"selector":{"id":"application-managepricingrules-display-component---newInfoPriceItem--billType-arrow"},"wdio_ui5_key":"applicationmanagepricingrules-display-component---newInfoPriceItem--billType-arrow"}]}
RESULT: undefined
COMMAND: POST /session/19c5ed65dbd52b03c8c783813379e291/element - {"using":"xpath","value":"//*[@id=\"application-managepricingrules-display-component---newInfoPriceItem--billType-arrow\"]"}
RESULT: {"using":"xpath","value":"//*[@id=\"application-managepricingrules-display-component---newInfoPriceItem--billType-arrow\"]"}
COMMAND: POST /session/19c5ed65dbd52b03c8c783813379e291/element/f.1FACEF5F4F0044855A63ECD1C0A7B6EF.d.9D4C15CA1E2A65F6B646E2523DCEEE0F.e.11102/click - {}
RESULT: {}
COMMAND: POST /session/19c5ed65dbd52b03c8c783813379e291/element - {"using":"xpath","value":"//span[contains(text(), \"PB - Performance based\")]"}
COMMAND: GET /session/19c5ed65dbd52b03c8c783813379e291/screenshot - {}
RESULT: {"using":"xpath","value":"//span[contains(text(), \"PB - Performance based\")]"}
COMMAND: POST /session/19c5ed65dbd52b03c8c783813379e291/element/f.1FACEF5F4F0044855A63ECD1C0A7B6EF.d.9D4C15CA1E2A65F6B646E2523DCEEE0F.e.11144/click - {}
RESULT: {}
RESULT: {}
COMMAND: POST /session/19c5ed65dbd52b03c8c783813379e291/execute/async - {"script":"<script> [1562 bytes]","args":[{"selector":{"id":"application-managepricingrules-display-component---newInfoPriceItem--priceProc-arrow"},"wdio_ui5_key":"applicationmanagepricingrules-display-component---newInfoPriceItem--priceProc-arrow"}]}
COMMAND: GET /session/19c5ed65dbd52b03c8c783813379e291/screenshot - {}
RESULT: {"script":"<script> [1562 bytes]","args":[{"selector":{"id":"application-managepricingrules-display-component---newInfoPriceItem--priceProc-arrow"},"wdio_ui5_key":"applicationmanagepricingrules-display-component---newInfoPriceItem--priceProc-arrow"}]}
RESULT: undefined
COMMAND: POST /session/19c5ed65dbd52b03c8c783813379e291/element - {"using":"xpath","value":"//*[@id=\"application-managepricingrules-display-component---newInfoPriceItem--priceProc-arrow\"]"}
RESULT: {}
RESULT: {"using":"xpath","value":"//*[@id=\"application-managepricingrules-display-component---newInfoPriceItem--priceProc-arrow\"]"}
COMMAND: POST /session/19c5ed65dbd52b03c8c783813379e291/element/f.1FACEF5F4F0044855A63ECD1C0A7B6EF.d.9D4C15CA1E2A65F6B646E2523DCEEE0F.e.11109/click - {}
RESULT: {}
COMMAND: POST /session/19c5ed65dbd52b03c8c783813379e291/element - {"using":"xpath","value":"//span[contains(text(), \"PRF - Performance based\")]"}
COMMAND: GET /session/19c5ed65dbd52b03c8c783813379e291/screenshot - {}
RESULT: {"using":"xpath","value":"//span[contains(text(), \"PRF - Performance based\")]"}
COMMAND: POST /session/19c5ed65dbd52b03c8c783813379e291/element/f.1FACEF5F4F0044855A63ECD1C0A7B6EF.d.9D4C15CA1E2A65F6B646E2523DCEEE0F.e.11145/click - {}
RESULT: {}
RESULT: {}
COMMAND: POST /session/19c5ed65dbd52b03c8c783813379e291/execute/async - {"script":"<script> [1562 bytes]","args":[{"selector":{"id":"application-managepricingrules-display-component---newInfoPriceItem--calcBase-arrow"},"wdio_ui5_key":"applicationmanagepricingrules-display-component---newInfoPriceItem--calcBase-arrow"}]}
COMMAND: GET /session/19c5ed65dbd52b03c8c783813379e291/screenshot - {}
RESULT: {"script":"<script> [1562 bytes]","args":[{"selector":{"id":"application-managepricingrules-display-component---newInfoPriceItem--calcBase-arrow"},"wdio_ui5_key":"applicationmanagepricingrules-display-component---newInfoPriceItem--calcBase-arrow"}]}
RESULT: undefined
COMMAND: POST /session/19c5ed65dbd52b03c8c783813379e291/element - {"using":"xpath","value":"//*[@id=\"application-managepricingrules-display-component---newInfoPriceItem--calcBase-arrow\"]"}
RESULT: {}
RESULT: {"using":"xpath","value":"//*[@id=\"application-managepricingrules-display-component---newInfoPriceItem--calcBase-arrow\"]"}
COMMAND: POST /session/19c5ed65dbd52b03c8c783813379e291/element/f.1FACEF5F4F0044855A63ECD1C0A7B6EF.d.9D4C15CA1E2A65F6B646E2523DCEEE0F.e.11116/click - {}
RESULT: {}
COMMAND: GET /session/19c5ed65dbd52b03c8c783813379e291/screenshot - {}
RESULT: {}
COMMAND: POST /session/19c5ed65dbd52b03c8c783813379e291/element - {"using":"xpath","value":"//span[contains(text(), \"0007 - PB(work days)\")]"}
RESULT: {"using":"xpath","value":"//span[contains(text(), \"0007 - PB(work days)\")]"}
COMMAND: POST /session/19c5ed65dbd52b03c8c783813379e291/element/f.1FACEF5F4F0044855A63ECD1C0A7B6EF.d.9D4C15CA1E2A65F6B646E2523DCEEE0F.e.11146/click - {}
RESULT: {}
COMMAND: GET /session/19c5ed65dbd52b03c8c783813379e291/screenshot - {}
RESULT: {}
COMMAND: POST /session/19c5ed65dbd52b03c8c783813379e291/execute/async - {"script":"<script> [1562 bytes]","args":[{"selector":{"id":"application-managepricingrules-display-component---newInfoPriceItem--hoursMonth","interaction":{"idSuffix":"inner"}},"wdio_ui5_key":"applicationmanagepricingrules-display-component---newInfoPriceItem--hoursMonth"}]}
RESULT: {"script":"<script> [1562 bytes]","args":[{"selector":{"id":"application-managepricingrules-display-component---newInfoPriceItem--hoursMonth","interaction":{"idSuffix":"inner"}},"wdio_ui5_key":"applicationmanagepricingrules-display-component---newInfoPriceItem--hoursMonth"}]}
RESULT: undefined
COMMAND: POST /session/19c5ed65dbd52b03c8c783813379e291/execute/async - {"script":"<script> [776 bytes]","args":[{"enterText":"160","selector":{"id":"application-managepricingrules-display-component---newInfoPriceItem--hoursMonth","interaction":{"idSuffix":"inner"}},"clearTextFirst":true,"interactionType":"ENTER_TEXT"}]}
RESULT: {"script":"<script> [776 bytes]","args":[{"enterText":"160","selector":{"id":"application-managepricingrules-display-component---newInfoPriceItem--hoursMonth","interaction":{"idSuffix":"inner"}},"clearTextFirst":true,"interactionType":"ENTER_TEXT"}]}
COMMAND: POST /session/19c5ed65dbd52b03c8c783813379e291/element - {"using":"xpath","value":"//button[@data-kt=\"saveNewRuleButton\"]"}
RESULT: {"using":"xpath","value":"//button[@data-kt=\"saveNewRuleButton\"]"}
COMMAND: POST /session/19c5ed65dbd52b03c8c783813379e291/element/f.1FACEF5F4F0044855A63ECD1C0A7B6EF.d.9D4C15CA1E2A65F6B646E2523DCEEE0F.e.11137/click - {}
RESULT: {}
COMMAND: GET /session/19c5ed65dbd52b03c8c783813379e291/screenshot - {}
RESULT: {}
COMMAND: POST /session/19c5ed65dbd52b03c8c783813379e291/execute/async - {"script":"<script> [1562 bytes]","args":[{"selector":{"id":"application-managepricingrules-display-component---priceInfoItem--smartFilterBar-btnBasicSearch","interaction":{"idSuffix":"I"}},"wdio_ui5_key":"applicationmanagepricingrules-display-component---priceInfoItem--smartFilterBar-btnBasicSearch"}]}
RESULT: {"script":"<script> [1562 bytes]","args":[{"selector":{"id":"application-managepricingrules-display-component---priceInfoItem--smartFilterBar-btnBasicSearch","interaction":{"idSuffix":"I"}},"wdio_ui5_key":"applicationmanagepricingrules-display-component---priceInfoItem--smartFilterBar-btnBasicSearch"}]}
RESULT: undefined
COMMAND: POST /session/19c5ed65dbd52b03c8c783813379e291/execute/async - {"script":"<script> [776 bytes]","args":[{"enterText":"3JhBOYWa6b","selector":{"id":"application-managepricingrules-display-component---priceInfoItem--smartFilterBar-btnBasicSearch","interaction":{"idSuffix":"I"}},"clearTextFirst":true,"interactionType":"ENTER_TEXT"}]}
RESULT: {"script":"<script> [776 bytes]","args":[{"enterText":"3JhBOYWa6b","selector":{"id":"application-managepricingrules-display-component---priceInfoItem--smartFilterBar-btnBasicSearch","interaction":{"idSuffix":"I"}},"clearTextFirst":true,"interactionType":"ENTER_TEXT"}]}
COMMAND: POST /session/19c5ed65dbd52b03c8c783813379e291/actions - {"actions":[{"id":"action48","type":"key","parameters":{},"actions":[{"type":"keyDown","value":""},{"type":"pause","duration":10},{"type":"keyUp","value":""}]}]}
RESULT: {"actions":[{"id":"action48","type":"key","parameters":{},"actions":[{"type":"keyDown","value":""},{"type":"pause","duration":10},{"type":"keyUp","value":""}]}]}
COMMAND: GET /session/19c5ed65dbd52b03c8c783813379e291/screenshot - {}
RESULT: {}
COMMAND: POST /session/19c5ed65dbd52b03c8c783813379e291/element - {"using":"xpath","value":"//span[@id=\"application-managepricingrules-display-component---priceInfoItem--smartTable-header-inner\"]"}
RESULT: {"using":"xpath","value":"//span[@id=\"application-managepricingrules-display-component---priceInfoItem--smartTable-header-inner\"]"}
COMMAND: POST /session/19c5ed65dbd52b03c8c783813379e291/elements - {"using":"xpath","value":"//span[@id=\"application-managepricingrules-display-component---priceInfoItem--smartTable-header-inner\"]"}
RESULT: {"using":"xpath","value":"//span[@id=\"application-managepricingrules-display-component---priceInfoItem--smartTable-header-inner\"]"}
COMMAND: POST /session/19c5ed65dbd52b03c8c783813379e291/execute/sync - {"script":"<script> [56 bytes]","args":[{"element-6066-11e4-a52e-4f735466cecf":"f.1FACEF5F4F0044855A63ECD1C0A7B6EF.d.9D4C15CA1E2A65F6B646E2523DCEEE0F.e.11160","ELEMENT":"f.1FACEF5F4F0044855A63ECD1C0A7B6EF.d.9D4C15CA1E2A65F6B646E2523DCEEE0F.e.11160"}]}
RESULT: {"script":"<script> [56 bytes]","args":[{"element-6066-11e4-a52e-4f735466cecf":"f.1FACEF5F4F0044855A63ECD1C0A7B6EF.d.9D4C15CA1E2A65F6B646E2523DCEEE0F.e.11160","ELEMENT":"f.1FACEF5F4F0044855A63ECD1C0A7B6EF.d.9D4C15CA1E2A65F6B646E2523DCEEE0F.e.11160"}]}
COMMAND: POST /session/19c5ed65dbd52b03c8c783813379e291/element - {"using":"css selector","value":"#shell-header-logo"}
COMMAND: GET /session/19c5ed65dbd52b03c8c783813379e291/screenshot - {}
RESULT: {"using":"css selector","value":"#shell-header-logo"}
COMMAND: POST /session/19c5ed65dbd52b03c8c783813379e291/element/f.1FACEF5F4F0044855A63ECD1C0A7B6EF.d.9D4C15CA1E2A65F6B646E2523DCEEE0F.e.10440/click - {}
RESULT: {}
RESULT: {}
COMMAND: GET /session/19c5ed65dbd52b03c8c783813379e291/screenshot - {}
RESULT: {}
]]></system-out>
    </testcase>
    <testcase classname="chrome.136_0_7103_93.windows.Performance_based_billing_(work_days)_US139742" name="Should create a performance based billing condition on the equipment" time="66.646">
      <system-out><![CDATA[
COMMAND: POST /session/19c5ed65dbd52b03c8c783813379e291/execute/async - {"script":"<script> [1562 bytes]","args":[{"selector":{"controlType":"sap.m.GenericTile","properties":{"header":"Manage Conditions & Prices"}},"wdio_ui5_key":"sapm.GenericTile{\"header\":\"Manage Conditions & Prices\"}"}]}
RESULT: {"script":"<script> [1562 bytes]","args":[{"selector":{"controlType":"sap.m.GenericTile","properties":{"header":"Manage Conditions & Prices"}},"wdio_ui5_key":"sapm.GenericTile{\"header\":\"Manage Conditions & Prices\"}"}]}
RESULT: undefined
COMMAND: POST /session/19c5ed65dbd52b03c8c783813379e291/element - {"using":"xpath","value":"//*[@id=\"__tile53\"]"}
RESULT: {"using":"xpath","value":"//*[@id=\"__tile53\"]"}
COMMAND: POST /session/19c5ed65dbd52b03c8c783813379e291/element/f.1FACEF5F4F0044855A63ECD1C0A7B6EF.d.9D4C15CA1E2A65F6B646E2523DCEEE0F.e.10380/click - {}
RESULT: {}
COMMAND: GET /session/19c5ed65dbd52b03c8c783813379e291/screenshot - {}
RESULT: {}
COMMAND: POST /session/19c5ed65dbd52b03c8c783813379e291/elements - {"using":"xpath","value":"//span[text()='Error']"}
RESULT: {"using":"xpath","value":"//span[text()='Error']"}
COMMAND: POST /session/19c5ed65dbd52b03c8c783813379e291/element - {"using":"xpath","value":"//button[@aria-label=\"Create\"]"}
RESULT: {"using":"xpath","value":"//button[@aria-label=\"Create\"]"}
COMMAND: POST /session/19c5ed65dbd52b03c8c783813379e291/elements - {"using":"xpath","value":"//button[@aria-label=\"Create\"]"}
RESULT: {"using":"xpath","value":"//button[@aria-label=\"Create\"]"}
COMMAND: POST /session/19c5ed65dbd52b03c8c783813379e291/execute/sync - {"script":"<script> [8489 bytes]","args":[{"element-6066-11e4-a52e-4f735466cecf":"f.1FACEF5F4F0044855A63ECD1C0A7B6EF.d.9D4C15CA1E2A65F6B646E2523DCEEE0F.e.11195","ELEMENT":"f.1FACEF5F4F0044855A63ECD1C0A7B6EF.d.9D4C15CA1E2A65F6B646E2523DCEEE0F.e.11195"}]}
RESULT: {"script":"<script> [8489 bytes]","args":[{"element-6066-11e4-a52e-4f735466cecf":"f.1FACEF5F4F0044855A63ECD1C0A7B6EF.d.9D4C15CA1E2A65F6B646E2523DCEEE0F.e.11195","ELEMENT":"f.1FACEF5F4F0044855A63ECD1C0A7B6EF.d.9D4C15CA1E2A65F6B646E2523DCEEE0F.e.11195"}]}
COMMAND: GET /session/19c5ed65dbd52b03c8c783813379e291/element/f.1FACEF5F4F0044855A63ECD1C0A7B6EF.d.9D4C15CA1E2A65F6B646E2523DCEEE0F.e.11195/enabled - {}
COMMAND: GET /session/19c5ed65dbd52b03c8c783813379e291/screenshot - {}
RESULT: {}
COMMAND: POST /session/19c5ed65dbd52b03c8c783813379e291/execute/sync - {"script":"<script> [8489 bytes]","args":[{"element-6066-11e4-a52e-4f735466cecf":"f.1FACEF5F4F0044855A63ECD1C0A7B6EF.d.9D4C15CA1E2A65F6B646E2523DCEEE0F.e.11195","ELEMENT":"f.1FACEF5F4F0044855A63ECD1C0A7B6EF.d.9D4C15CA1E2A65F6B646E2523DCEEE0F.e.11195"}]}
COMMAND: GET /session/19c5ed65dbd52b03c8c783813379e291/screenshot - {}
RESULT: {}
RESULT: {"script":"<script> [8489 bytes]","args":[{"element-6066-11e4-a52e-4f735466cecf":"f.1FACEF5F4F0044855A63ECD1C0A7B6EF.d.9D4C15CA1E2A65F6B646E2523DCEEE0F.e.11195","ELEMENT":"f.1FACEF5F4F0044855A63ECD1C0A7B6EF.d.9D4C15CA1E2A65F6B646E2523DCEEE0F.e.11195"}]}
COMMAND: POST /session/19c5ed65dbd52b03c8c783813379e291/execute/sync - {"script":"<script> [5351 bytes]","args":[{"element-6066-11e4-a52e-4f735466cecf":"f.1FACEF5F4F0044855A63ECD1C0A7B6EF.d.9D4C15CA1E2A65F6B646E2523DCEEE0F.e.11195","ELEMENT":"f.1FACEF5F4F0044855A63ECD1C0A7B6EF.d.9D4C15CA1E2A65F6B646E2523DCEEE0F.e.11195"}]}
COMMAND: GET /session/19c5ed65dbd52b03c8c783813379e291/screenshot - {}
RESULT: {}
RESULT: {"script":"<script> [5351 bytes]","args":[{"element-6066-11e4-a52e-4f735466cecf":"f.1FACEF5F4F0044855A63ECD1C0A7B6EF.d.9D4C15CA1E2A65F6B646E2523DCEEE0F.e.11195","ELEMENT":"f.1FACEF5F4F0044855A63ECD1C0A7B6EF.d.9D4C15CA1E2A65F6B646E2523DCEEE0F.e.11195"}]}
COMMAND: POST /session/19c5ed65dbd52b03c8c783813379e291/element/f.1FACEF5F4F0044855A63ECD1C0A7B6EF.d.9D4C15CA1E2A65F6B646E2523DCEEE0F.e.11195/click - {}
COMMAND: GET /session/19c5ed65dbd52b03c8c783813379e291/screenshot - {}
RESULT: {}
RESULT: {}
COMMAND: GET /session/19c5ed65dbd52b03c8c783813379e291/screenshot - {}
RESULT: {}
RESULT: {}
COMMAND: POST /session/19c5ed65dbd52b03c8c783813379e291/actions - {"actions":[{"id":"action49","type":"key","parameters":{},"actions":[{"type":"keyDown","value":""},{"type":"pause","duration":10},{"type":"keyUp","value":""}]}]}
RESULT: {"actions":[{"id":"action49","type":"key","parameters":{},"actions":[{"type":"keyDown","value":""},{"type":"pause","duration":10},{"type":"keyUp","value":""}]}]}
COMMAND: GET /session/19c5ed65dbd52b03c8c783813379e291/screenshot - {}
RESULT: {}
COMMAND: POST /session/19c5ed65dbd52b03c8c783813379e291/execute/async - {"script":"<script> [1562 bytes]","args":[{"selector":{"id":"application-manageconditionprice-display-component---newCondition--condBillCond-arrow"},"wdio_ui5_key":"applicationmanageconditionprice-display-component---newCondition--condBillCond-arrow"}]}
RESULT: {"script":"<script> [1562 bytes]","args":[{"selector":{"id":"application-manageconditionprice-display-component---newCondition--condBillCond-arrow"},"wdio_ui5_key":"applicationmanageconditionprice-display-component---newCondition--condBillCond-arrow"}]}
RESULT: undefined
COMMAND: POST /session/19c5ed65dbd52b03c8c783813379e291/element - {"using":"xpath","value":"//*[@id=\"application-manageconditionprice-display-component---newCondition--condBillCond-arrow\"]"}
RESULT: {"using":"xpath","value":"//*[@id=\"application-manageconditionprice-display-component---newCondition--condBillCond-arrow\"]"}
COMMAND: POST /session/19c5ed65dbd52b03c8c783813379e291/element/f.1FACEF5F4F0044855A63ECD1C0A7B6EF.d.9D4C15CA1E2A65F6B646E2523DCEEE0F.e.11374/click - {}
RESULT: {}
COMMAND: GET /session/19c5ed65dbd52b03c8c783813379e291/screenshot - {}
RESULT: {}
COMMAND: POST /session/19c5ed65dbd52b03c8c783813379e291/element - {"using":"xpath","value":"//li[.//span[contains(text(), \"PC06 - Performance Price - fuel\")]]"}
RESULT: {"using":"xpath","value":"//li[.//span[contains(text(), \"PC06 - Performance Price - fuel\")]]"}
COMMAND: POST /session/19c5ed65dbd52b03c8c783813379e291/element/f.1FACEF5F4F0044855A63ECD1C0A7B6EF.d.9D4C15CA1E2A65F6B646E2523DCEEE0F.e.11378/click - {}
RESULT: {}
COMMAND: GET /session/19c5ed65dbd52b03c8c783813379e291/screenshot - {}
RESULT: {}
COMMAND: POST /session/19c5ed65dbd52b03c8c783813379e291/execute/async - {"script":"<script> [1562 bytes]","args":[{"selector":{"id":"application-manageconditionprice-display-component---newCondition--condValidTo","interaction":{"idSuffix":"inner"}},"wdio_ui5_key":"applicationmanageconditionprice-display-component---newCondition--condValidTo"}]}
RESULT: {"script":"<script> [1562 bytes]","args":[{"selector":{"id":"application-manageconditionprice-display-component---newCondition--condValidTo","interaction":{"idSuffix":"inner"}},"wdio_ui5_key":"applicationmanageconditionprice-display-component---newCondition--condValidTo"}]}
RESULT: undefined
COMMAND: POST /session/19c5ed65dbd52b03c8c783813379e291/execute/async - {"script":"<script> [776 bytes]","args":[{"enterText":"1/30/26","selector":{"id":"application-manageconditionprice-display-component---newCondition--condValidTo","interaction":{"idSuffix":"inner"}},"clearTextFirst":true,"interactionType":"ENTER_TEXT"}]}
RESULT: {"script":"<script> [776 bytes]","args":[{"enterText":"1/30/26","selector":{"id":"application-manageconditionprice-display-component---newCondition--condValidTo","interaction":{"idSuffix":"inner"}},"clearTextFirst":true,"interactionType":"ENTER_TEXT"}]}
COMMAND: POST /session/19c5ed65dbd52b03c8c783813379e291/element - {"using":"xpath","value":"//input[@id=\"application-manageconditionprice-display-component---newCondition--condRU-inner\"]"}
RESULT: {"using":"xpath","value":"//input[@id=\"application-manageconditionprice-display-component---newCondition--condRU-inner\"]"}
COMMAND: POST /session/19c5ed65dbd52b03c8c783813379e291/element/f.1FACEF5F4F0044855A63ECD1C0A7B6EF.d.9D4C15CA1E2A65F6B646E2523DCEEE0F.e.11211/clear - {}
RESULT: {}
COMMAND: POST /session/19c5ed65dbd52b03c8c783813379e291/element/f.1FACEF5F4F0044855A63ECD1C0A7B6EF.d.9D4C15CA1E2A65F6B646E2523DCEEE0F.e.11211/value - {"text":"3JhBOYWa6b"}
COMMAND: GET /session/19c5ed65dbd52b03c8c783813379e291/screenshot - {}
RESULT: {"text":"3JhBOYWa6b"}
COMMAND: GET /session/19c5ed65dbd52b03c8c783813379e291/screenshot - {}
RESULT: {}
RESULT: {}
COMMAND: POST /session/19c5ed65dbd52b03c8c783813379e291/actions - {"actions":[{"id":"action50","type":"key","parameters":{},"actions":[{"type":"keyDown","value":""},{"type":"pause","duration":10},{"type":"keyUp","value":""}]}]}
RESULT: {"actions":[{"id":"action50","type":"key","parameters":{},"actions":[{"type":"keyDown","value":""},{"type":"pause","duration":10},{"type":"keyUp","value":""}]}]}
COMMAND: POST /session/19c5ed65dbd52b03c8c783813379e291/execute/async - {"script":"<script> [1562 bytes]","args":[{"selector":{"id":"application-manageconditionprice-display-component---newCondition--condBaseQty","interaction":{"idSuffix":"inner"}},"wdio_ui5_key":"applicationmanageconditionprice-display-component---newCondition--condBaseQty"}]}
COMMAND: GET /session/19c5ed65dbd52b03c8c783813379e291/screenshot - {}
RESULT: {"script":"<script> [1562 bytes]","args":[{"selector":{"id":"application-manageconditionprice-display-component---newCondition--condBaseQty","interaction":{"idSuffix":"inner"}},"wdio_ui5_key":"applicationmanageconditionprice-display-component---newCondition--condBaseQty"}]}
RESULT: undefined
COMMAND: POST /session/19c5ed65dbd52b03c8c783813379e291/execute/async - {"script":"<script> [776 bytes]","args":[{"enterText":"1","selector":{"id":"application-manageconditionprice-display-component---newCondition--condBaseQty","interaction":{"idSuffix":"inner"}},"clearTextFirst":true,"interactionType":"ENTER_TEXT"}]}
RESULT: {}
RESULT: {"script":"<script> [776 bytes]","args":[{"enterText":"1","selector":{"id":"application-manageconditionprice-display-component---newCondition--condBaseQty","interaction":{"idSuffix":"inner"}},"clearTextFirst":true,"interactionType":"ENTER_TEXT"}]}
COMMAND: POST /session/19c5ed65dbd52b03c8c783813379e291/execute/async - {"script":"<script> [1562 bytes]","args":[{"selector":{"id":"application-manageconditionprice-display-component---newCondition--condValue","interaction":{"idSuffix":"inner"}},"wdio_ui5_key":"applicationmanageconditionprice-display-component---newCondition--condValue"}]}
RESULT: {"script":"<script> [1562 bytes]","args":[{"selector":{"id":"application-manageconditionprice-display-component---newCondition--condValue","interaction":{"idSuffix":"inner"}},"wdio_ui5_key":"applicationmanageconditionprice-display-component---newCondition--condValue"}]}
RESULT: undefined
COMMAND: POST /session/19c5ed65dbd52b03c8c783813379e291/execute/async - {"script":"<script> [776 bytes]","args":[{"enterText":"10","selector":{"id":"application-manageconditionprice-display-component---newCondition--condValue","interaction":{"idSuffix":"inner"}},"clearTextFirst":true,"interactionType":"ENTER_TEXT"}]}
RESULT: {"script":"<script> [776 bytes]","args":[{"enterText":"10","selector":{"id":"application-manageconditionprice-display-component---newCondition--condValue","interaction":{"idSuffix":"inner"}},"clearTextFirst":true,"interactionType":"ENTER_TEXT"}]}
COMMAND: POST /session/19c5ed65dbd52b03c8c783813379e291/execute/async - {"script":"<script> [1562 bytes]","args":[{"selector":{"id":"application-manageconditionprice-display-component---newCondition--condCurr-arrow"},"wdio_ui5_key":"applicationmanageconditionprice-display-component---newCondition--condCurr-arrow"}]}
RESULT: {"script":"<script> [1562 bytes]","args":[{"selector":{"id":"application-manageconditionprice-display-component---newCondition--condCurr-arrow"},"wdio_ui5_key":"applicationmanageconditionprice-display-component---newCondition--condCurr-arrow"}]}
RESULT: undefined
COMMAND: POST /session/19c5ed65dbd52b03c8c783813379e291/element - {"using":"xpath","value":"//*[@id=\"application-manageconditionprice-display-component---newCondition--condCurr-arrow\"]"}
RESULT: {"using":"xpath","value":"//*[@id=\"application-manageconditionprice-display-component---newCondition--condCurr-arrow\"]"}
COMMAND: POST /session/19c5ed65dbd52b03c8c783813379e291/element/f.1FACEF5F4F0044855A63ECD1C0A7B6EF.d.9D4C15CA1E2A65F6B646E2523DCEEE0F.e.11358/click - {}
RESULT: {}
COMMAND: POST /session/19c5ed65dbd52b03c8c783813379e291/element - {"using":"xpath","value":"//span[contains(text(), \"Euro\")]"}
COMMAND: GET /session/19c5ed65dbd52b03c8c783813379e291/screenshot - {}
RESULT: {"using":"xpath","value":"//span[contains(text(), \"Euro\")]"}
COMMAND: POST /session/19c5ed65dbd52b03c8c783813379e291/element/f.1FACEF5F4F0044855A63ECD1C0A7B6EF.d.9D4C15CA1E2A65F6B646E2523DCEEE0F.e.11414/click - {}
RESULT: {}
RESULT: {}
COMMAND: POST /session/19c5ed65dbd52b03c8c783813379e291/element - {"using":"xpath","value":"//button[@data-kt=\"saveButton\"]"}
COMMAND: GET /session/19c5ed65dbd52b03c8c783813379e291/screenshot - {}
RESULT: {"using":"xpath","value":"//button[@data-kt=\"saveButton\"]"}
COMMAND: POST /session/19c5ed65dbd52b03c8c783813379e291/element/f.1FACEF5F4F0044855A63ECD1C0A7B6EF.d.9D4C15CA1E2A65F6B646E2523DCEEE0F.e.11359/click - {}
RESULT: {}
RESULT: {}
COMMAND: GET /session/19c5ed65dbd52b03c8c783813379e291/screenshot - {}
RESULT: {}
COMMAND: POST /session/19c5ed65dbd52b03c8c783813379e291/execute/async - {"script":"<script> [1562 bytes]","args":[{"selector":{"id":"application-manageconditionprice-display-component---conditions--smartFilterBar-btnBasicSearch","interaction":{"idSuffix":"I"}},"wdio_ui5_key":"applicationmanageconditionprice-display-component---conditions--smartFilterBar-btnBasicSearch"}]}
RESULT: {"script":"<script> [1562 bytes]","args":[{"selector":{"id":"application-manageconditionprice-display-component---conditions--smartFilterBar-btnBasicSearch","interaction":{"idSuffix":"I"}},"wdio_ui5_key":"applicationmanageconditionprice-display-component---conditions--smartFilterBar-btnBasicSearch"}]}
RESULT: undefined
COMMAND: POST /session/19c5ed65dbd52b03c8c783813379e291/execute/async - {"script":"<script> [776 bytes]","args":[{"enterText":"3JhBOYWa6b","selector":{"id":"application-manageconditionprice-display-component---conditions--smartFilterBar-btnBasicSearch","interaction":{"idSuffix":"I"}},"clearTextFirst":true,"interactionType":"ENTER_TEXT"}]}
RESULT: {"script":"<script> [776 bytes]","args":[{"enterText":"3JhBOYWa6b","selector":{"id":"application-manageconditionprice-display-component---conditions--smartFilterBar-btnBasicSearch","interaction":{"idSuffix":"I"}},"clearTextFirst":true,"interactionType":"ENTER_TEXT"}]}
COMMAND: POST /session/19c5ed65dbd52b03c8c783813379e291/actions - {"actions":[{"id":"action51","type":"key","parameters":{},"actions":[{"type":"keyDown","value":""},{"type":"pause","duration":10},{"type":"keyUp","value":""}]}]}
RESULT: {"actions":[{"id":"action51","type":"key","parameters":{},"actions":[{"type":"keyDown","value":""},{"type":"pause","duration":10},{"type":"keyUp","value":""}]}]}
COMMAND: GET /session/19c5ed65dbd52b03c8c783813379e291/screenshot - {}
RESULT: {}
COMMAND: POST /session/19c5ed65dbd52b03c8c783813379e291/execute/async - {"script":"<script> [1562 bytes]","args":[{"selector":{"id":"application-manageconditionprice-display-component---conditions--smartFilterBar-filterItemControl_BASIC-BILL_TYPES-vhi"},"wdio_ui5_key":"applicationmanageconditionprice-display-component---conditions--smartFilterBar-filterItemControl_BASIC-BILL_TYPES-vhi"}]}
RESULT: {"script":"<script> [1562 bytes]","args":[{"selector":{"id":"application-manageconditionprice-display-component---conditions--smartFilterBar-filterItemControl_BASIC-BILL_TYPES-vhi"},"wdio_ui5_key":"applicationmanageconditionprice-display-component---conditions--smartFilterBar-filterItemControl_BASIC-BILL_TYPES-vhi"}]}
RESULT: undefined
COMMAND: POST /session/19c5ed65dbd52b03c8c783813379e291/element - {"using":"xpath","value":"//*[@id=\"application-manageconditionprice-display-component---conditions--smartFilterBar-filterItemControl_BASIC-BILL_TYPES-vhi\"]"}
RESULT: {"using":"xpath","value":"//*[@id=\"application-manageconditionprice-display-component---conditions--smartFilterBar-filterItemControl_BASIC-BILL_TYPES-vhi\"]"}
COMMAND: POST /session/19c5ed65dbd52b03c8c783813379e291/element/f.1FACEF5F4F0044855A63ECD1C0A7B6EF.d.9D4C15CA1E2A65F6B646E2523DCEEE0F.e.11510/click - {}
RESULT: {}
COMMAND: POST /session/19c5ed65dbd52b03c8c783813379e291/execute/async - {"script":"<script> [1562 bytes]","args":[{"selector":{"id":"application-manageconditionprice-display-component---conditions--smartFilterBar-filterItemControl_BASIC-BILL_TYPES-valueHelpDialog-smartFilterBar-btnBasicSearch","searchOpenDialogs":true,"interaction":{"idSuffix":"I"}},"wdio_ui5_key":"applicationmanageconditionprice-display-component---conditions--smartFilterBar-filterItemControl_BASIC-BILL_TYPES-valueHelpDialog-smartFilterBar-btnBasicSearch"}]}
COMMAND: GET /session/19c5ed65dbd52b03c8c783813379e291/screenshot - {}
RESULT: {"script":"<script> [1562 bytes]","args":[{"selector":{"id":"application-manageconditionprice-display-component---conditions--smartFilterBar-filterItemControl_BASIC-BILL_TYPES-valueHelpDialog-smartFilterBar-btnBasicSearch","searchOpenDialogs":true,"interaction":{"idSuffix":"I"}},"wdio_ui5_key":"applicationmanageconditionprice-display-component---conditions--smartFilterBar-filterItemControl_BASIC-BILL_TYPES-valueHelpDialog-smartFilterBar-btnBasicSearch"}]}
RESULT: undefined
COMMAND: POST /session/19c5ed65dbd52b03c8c783813379e291/execute/async - {"script":"<script> [776 bytes]","args":[{"enterText":"PB","selector":{"id":"application-manageconditionprice-display-component---conditions--smartFilterBar-filterItemControl_BASIC-BILL_TYPES-valueHelpDialog-smartFilterBar-btnBasicSearch","searchOpenDialogs":true,"interaction":{"idSuffix":"I"}},"clearTextFirst":true,"interactionType":"ENTER_TEXT"}]}
RESULT: {}
RESULT: {"script":"<script> [776 bytes]","args":[{"enterText":"PB","selector":{"id":"application-manageconditionprice-display-component---conditions--smartFilterBar-filterItemControl_BASIC-BILL_TYPES-valueHelpDialog-smartFilterBar-btnBasicSearch","searchOpenDialogs":true,"interaction":{"idSuffix":"I"}},"clearTextFirst":true,"interactionType":"ENTER_TEXT"}]}
COMMAND: POST /session/19c5ed65dbd52b03c8c783813379e291/actions - {"actions":[{"id":"action52","type":"key","parameters":{},"actions":[{"type":"keyDown","value":""},{"type":"pause","duration":10},{"type":"keyUp","value":""}]}]}
RESULT: {"actions":[{"id":"action52","type":"key","parameters":{},"actions":[{"type":"keyDown","value":""},{"type":"pause","duration":10},{"type":"keyUp","value":""}]}]}
COMMAND: GET /session/19c5ed65dbd52b03c8c783813379e291/screenshot - {}
RESULT: {}
COMMAND: POST /session/19c5ed65dbd52b03c8c783813379e291/element - {"using":"xpath","value":"//div[contains(@id, 'application-manageconditionprice-display-component---conditions--smartFilterBar-filterItemControl_BASIC-BILL_TYPES-valueHelpDialog-table-rowsel0')]"}
RESULT: {"using":"xpath","value":"//div[contains(@id, 'application-manageconditionprice-display-component---conditions--smartFilterBar-filterItemControl_BASIC-BILL_TYPES-valueHelpDialog-table-rowsel0')]"}
COMMAND: POST /session/19c5ed65dbd52b03c8c783813379e291/element/f.1FACEF5F4F0044855A63ECD1C0A7B6EF.d.9D4C15CA1E2A65F6B646E2523DCEEE0F.e.11519/click - {}
RESULT: {}
COMMAND: GET /session/19c5ed65dbd52b03c8c783813379e291/screenshot - {}
RESULT: {}
COMMAND: POST /session/19c5ed65dbd52b03c8c783813379e291/element - {"using":"xpath","value":"//bdi[contains(text(), \"OK\")]"}
RESULT: {"using":"xpath","value":"//bdi[contains(text(), \"OK\")]"}
COMMAND: POST /session/19c5ed65dbd52b03c8c783813379e291/element/f.1FACEF5F4F0044855A63ECD1C0A7B6EF.d.9D4C15CA1E2A65F6B646E2523DCEEE0F.e.11521/click - {}
RESULT: {}
COMMAND: GET /session/19c5ed65dbd52b03c8c783813379e291/screenshot - {}
RESULT: {}
COMMAND: POST /session/19c5ed65dbd52b03c8c783813379e291/element - {"using":"xpath","value":"//span[@id=\"application-manageconditionprice-display-component---conditions--smartTable-header-inner\"]"}
RESULT: {"using":"xpath","value":"//span[@id=\"application-manageconditionprice-display-component---conditions--smartTable-header-inner\"]"}
COMMAND: POST /session/19c5ed65dbd52b03c8c783813379e291/elements - {"using":"xpath","value":"//span[@id=\"application-manageconditionprice-display-component---conditions--smartTable-header-inner\"]"}
RESULT: {"using":"xpath","value":"//span[@id=\"application-manageconditionprice-display-component---conditions--smartTable-header-inner\"]"}
COMMAND: POST /session/19c5ed65dbd52b03c8c783813379e291/execute/sync - {"script":"<script> [56 bytes]","args":[{"element-6066-11e4-a52e-4f735466cecf":"f.1FACEF5F4F0044855A63ECD1C0A7B6EF.d.9D4C15CA1E2A65F6B646E2523DCEEE0F.e.11524","ELEMENT":"f.1FACEF5F4F0044855A63ECD1C0A7B6EF.d.9D4C15CA1E2A65F6B646E2523DCEEE0F.e.11524"}]}
RESULT: {"script":"<script> [56 bytes]","args":[{"element-6066-11e4-a52e-4f735466cecf":"f.1FACEF5F4F0044855A63ECD1C0A7B6EF.d.9D4C15CA1E2A65F6B646E2523DCEEE0F.e.11524","ELEMENT":"f.1FACEF5F4F0044855A63ECD1C0A7B6EF.d.9D4C15CA1E2A65F6B646E2523DCEEE0F.e.11524"}]}
COMMAND: POST /session/19c5ed65dbd52b03c8c783813379e291/element - {"using":"css selector","value":"#shell-header-logo"}
COMMAND: GET /session/19c5ed65dbd52b03c8c783813379e291/screenshot - {}
RESULT: {"using":"css selector","value":"#shell-header-logo"}
COMMAND: POST /session/19c5ed65dbd52b03c8c783813379e291/element/f.1FACEF5F4F0044855A63ECD1C0A7B6EF.d.9D4C15CA1E2A65F6B646E2523DCEEE0F.e.11163/click - {}
RESULT: {}
RESULT: {}
COMMAND: GET /session/19c5ed65dbd52b03c8c783813379e291/screenshot - {}
RESULT: {}
]]></system-out>
    </testcase>
    <testcase classname="chrome.136_0_7103_93.windows.Performance_based_billing_(work_days)_US139742" name="Should add a counter to the equipment" time="56.195">
      <system-out><![CDATA[
RESULT: undefined
COMMAND: POST /session/19c5ed65dbd52b03c8c783813379e291/element - {"using":"xpath","value":"//*[@id=\"__tile39\"]"}
RESULT: {"using":"xpath","value":"//*[@id=\"__tile39\"]"}
COMMAND: POST /session/19c5ed65dbd52b03c8c783813379e291/element/f.1FACEF5F4F0044855A63ECD1C0A7B6EF.d.9D4C15CA1E2A65F6B646E2523DCEEE0F.e.10333/click - {}
RESULT: {}
COMMAND: GET /session/19c5ed65dbd52b03c8c783813379e291/screenshot - {}
RESULT: {}
COMMAND: POST /session/19c5ed65dbd52b03c8c783813379e291/elements - {"using":"xpath","value":"//span[text()='Error']"}
RESULT: {"using":"xpath","value":"//span[text()='Error']"}
COMMAND: POST /session/19c5ed65dbd52b03c8c783813379e291/execute/async - {"script":"<script> [1562 bytes]","args":[{"selector":{"id":"application-manageresources-display-component---masterRU--smartFilterBar-btnBasicSearch","interaction":{"idSuffix":"I"}},"wdio_ui5_key":"applicationmanageresources-display-component---masterRU--smartFilterBar-btnBasicSearch"}]}
RESULT: {"script":"<script> [1562 bytes]","args":[{"selector":{"id":"application-manageresources-display-component---masterRU--smartFilterBar-btnBasicSearch","interaction":{"idSuffix":"I"}},"wdio_ui5_key":"applicationmanageresources-display-component---masterRU--smartFilterBar-btnBasicSearch"}]}
RESULT: undefined
COMMAND: POST /session/19c5ed65dbd52b03c8c783813379e291/execute/async - {"script":"<script> [776 bytes]","args":[{"enterText":"3JhBOYWa6b","selector":{"id":"application-manageresources-display-component---masterRU--smartFilterBar-btnBasicSearch","interaction":{"idSuffix":"I"}},"clearTextFirst":true,"interactionType":"ENTER_TEXT"}]}
RESULT: {"script":"<script> [776 bytes]","args":[{"enterText":"3JhBOYWa6b","selector":{"id":"application-manageresources-display-component---masterRU--smartFilterBar-btnBasicSearch","interaction":{"idSuffix":"I"}},"clearTextFirst":true,"interactionType":"ENTER_TEXT"}]}
COMMAND: POST /session/19c5ed65dbd52b03c8c783813379e291/actions - {"actions":[{"id":"action53","type":"key","parameters":{},"actions":[{"type":"keyDown","value":""},{"type":"pause","duration":10},{"type":"keyUp","value":""}]}]}
RESULT: {"actions":[{"id":"action53","type":"key","parameters":{},"actions":[{"type":"keyDown","value":""},{"type":"pause","duration":10},{"type":"keyUp","value":""}]}]}
COMMAND: GET /session/19c5ed65dbd52b03c8c783813379e291/screenshot - {}
RESULT: {}
COMMAND: POST /session/19c5ed65dbd52b03c8c783813379e291/execute/async - {"script":"<script> [1562 bytes]","args":[{"selector":{"id":"application-manageresources-display-component---masterRU--smartTable-header"},"wdio_ui5_key":"applicationmanageresources-display-component---masterRU--smartTable-header"}]}
RESULT: {"script":"<script> [1562 bytes]","args":[{"selector":{"id":"application-manageresources-display-component---masterRU--smartTable-header"},"wdio_ui5_key":"applicationmanageresources-display-component---masterRU--smartTable-header"}]}
RESULT: undefined
COMMAND: POST /session/19c5ed65dbd52b03c8c783813379e291/execute/async - {"script":"<script> [6424 bytes]","args":[{"element-6066-11e4-a52e-4f735466cecf":"f.1FACEF5F4F0044855A63ECD1C0A7B6EF.d.9D4C15CA1E2A65F6B646E2523DCEEE0F.e.11713"},"getText",[]]}
RESULT: {"script":"<script> [6424 bytes]","args":[{"element-6066-11e4-a52e-4f735466cecf":"f.1FACEF5F4F0044855A63ECD1C0A7B6EF.d.9D4C15CA1E2A65F6B646E2523DCEEE0F.e.11713"},"getText",[]]}
COMMAND: POST /session/19c5ed65dbd52b03c8c783813379e291/execute/async - {"script":"<script> [1562 bytes]","args":[{"selector":{"controlType":"sap.ui.core.Icon","viewName":"etm.portal.ui.manageresources.view.Master","viewId":"application-manageresources-display-component---masterRU","properties":{"src":{"regex":{"source":"slim\\-arrow\\-right"}}}},"wdio_ui5_key":"etmportal.ui.manageresources.view.Mastersap.ui.core.Icon{\"src\":{\"regex\":{\"source\":\"slim\\\\-arrow\\\\-right\"}}}"}]}
RESULT: {"script":"<script> [1562 bytes]","args":[{"selector":{"controlType":"sap.ui.core.Icon","viewName":"etm.portal.ui.manageresources.view.Master","viewId":"application-manageresources-display-component---masterRU","properties":{"src":{"regex":{"source":"slim\\-arrow\\-right"}}}},"wdio_ui5_key":"etmportal.ui.manageresources.view.Mastersap.ui.core.Icon{\"src\":{\"regex\":{\"source\":\"slim\\\\-arrow\\\\-right\"}}}"}]}
RESULT: undefined
COMMAND: POST /session/19c5ed65dbd52b03c8c783813379e291/element - {"using":"xpath","value":"//*[@id=\"__item1094-__clone2768-imgNav\"]"}
RESULT: {"using":"xpath","value":"//*[@id=\"__item1094-__clone2768-imgNav\"]"}
COMMAND: POST /session/19c5ed65dbd52b03c8c783813379e291/element/f.1FACEF5F4F0044855A63ECD1C0A7B6EF.d.9D4C15CA1E2A65F6B646E2523DCEEE0F.e.11712/click - {}
RESULT: {}
COMMAND: GET /session/19c5ed65dbd52b03c8c783813379e291/screenshot - {}
RESULT: {}
COMMAND: POST /session/19c5ed65dbd52b03c8c783813379e291/element - {"using":"xpath","value":"//bdi[contains(text(), \"Edit\")]"}
RESULT: {"using":"xpath","value":"//bdi[contains(text(), \"Edit\")]"}
COMMAND: POST /session/19c5ed65dbd52b03c8c783813379e291/execute/sync - {"script":"<script> [8489 bytes]","args":[{"element-6066-11e4-a52e-4f735466cecf":"f.1FACEF5F4F0044855A63ECD1C0A7B6EF.d.9D4C15CA1E2A65F6B646E2523DCEEE0F.e.11870","ELEMENT":"f.1FACEF5F4F0044855A63ECD1C0A7B6EF.d.9D4C15CA1E2A65F6B646E2523DCEEE0F.e.11870"}]}
RESULT: {"script":"<script> [8489 bytes]","args":[{"element-6066-11e4-a52e-4f735466cecf":"f.1FACEF5F4F0044855A63ECD1C0A7B6EF.d.9D4C15CA1E2A65F6B646E2523DCEEE0F.e.11870","ELEMENT":"f.1FACEF5F4F0044855A63ECD1C0A7B6EF.d.9D4C15CA1E2A65F6B646E2523DCEEE0F.e.11870"}]}
COMMAND: POST /session/19c5ed65dbd52b03c8c783813379e291/element/f.1FACEF5F4F0044855A63ECD1C0A7B6EF.d.9D4C15CA1E2A65F6B646E2523DCEEE0F.e.11870/click - {}
COMMAND: GET /session/19c5ed65dbd52b03c8c783813379e291/screenshot - {}
RESULT: {}
COMMAND: GET /session/19c5ed65dbd52b03c8c783813379e291/screenshot - {}
RESULT: {}
COMMAND: POST /session/19c5ed65dbd52b03c8c783813379e291/execute/async - {"script":"<script> [1562 bytes]","args":[{"selector":{"id":"application-manageresources-display-component---editResource--editRruPage-anchBar-application-manageresources-display-component---editResource--counters-anchor","interaction":{"idSuffix":"BDI-content"}},"wdio_ui5_key":"applicationmanageresources-display-component---editResource--editRruPage-anchBar-application-manageresources-display-component---editResource--counters-anchor"}]}
RESULT: {}
RESULT: {"script":"<script> [1562 bytes]","args":[{"selector":{"id":"application-manageresources-display-component---editResource--editRruPage-anchBar-application-manageresources-display-component---editResource--counters-anchor","interaction":{"idSuffix":"BDI-content"}},"wdio_ui5_key":"applicationmanageresources-display-component---editResource--editRruPage-anchBar-application-manageresources-display-component---editResource--counters-anchor"}]}
RESULT: undefined
COMMAND: POST /session/19c5ed65dbd52b03c8c783813379e291/element - {"using":"xpath","value":"//*[@id=\"application-manageresources-display-component---editResource--editRruPage-anchBar-application-manageresources-display-component---editResource--counters-anchor\"]"}
RESULT: {"using":"xpath","value":"//*[@id=\"application-manageresources-display-component---editResource--editRruPage-anchBar-application-manageresources-display-component---editResource--counters-anchor\"]"}
COMMAND: POST /session/19c5ed65dbd52b03c8c783813379e291/element/f.1FACEF5F4F0044855A63ECD1C0A7B6EF.d.9D4C15CA1E2A65F6B646E2523DCEEE0F.e.12053/click - {}
RESULT: {}
COMMAND: GET /session/19c5ed65dbd52b03c8c783813379e291/screenshot - {}
RESULT: {}
COMMAND: POST /session/19c5ed65dbd52b03c8c783813379e291/execute/async - {"script":"<script> [1562 bytes]","args":[{"selector":{"id":"application-manageresources-display-component---editResource--btnAddCounter-img"},"wdio_ui5_key":"applicationmanageresources-display-component---editResource--btnAddCounter-img"}]}
RESULT: {"script":"<script> [1562 bytes]","args":[{"selector":{"id":"application-manageresources-display-component---editResource--btnAddCounter-img"},"wdio_ui5_key":"applicationmanageresources-display-component---editResource--btnAddCounter-img"}]}
RESULT: undefined
COMMAND: POST /session/19c5ed65dbd52b03c8c783813379e291/element - {"using":"xpath","value":"//*[@id=\"application-manageresources-display-component---editResource--btnAddCounter-img\"]"}
RESULT: {"using":"xpath","value":"//*[@id=\"application-manageresources-display-component---editResource--btnAddCounter-img\"]"}
COMMAND: POST /session/19c5ed65dbd52b03c8c783813379e291/element/f.1FACEF5F4F0044855A63ECD1C0A7B6EF.d.9D4C15CA1E2A65F6B646E2523DCEEE0F.e.12059/click - {}
RESULT: {}
COMMAND: POST /session/19c5ed65dbd52b03c8c783813379e291/execute/async - {"script":"<script> [1562 bytes]","args":[{"selector":{"id":"application-manageresources-display-component---editResource--COUNTER_ID-application-manageresources-display-component---editResource--RUCounters-0-arrow"},"wdio_ui5_key":"applicationmanageresources-display-component---editResource--COUNTER_ID-application-manageresources-display-component---editResource--RUCounters-0-arrow"}]}
COMMAND: GET /session/19c5ed65dbd52b03c8c783813379e291/screenshot - {}
RESULT: {"script":"<script> [1562 bytes]","args":[{"selector":{"id":"application-manageresources-display-component---editResource--COUNTER_ID-application-manageresources-display-component---editResource--RUCounters-0-arrow"},"wdio_ui5_key":"applicationmanageresources-display-component---editResource--COUNTER_ID-application-manageresources-display-component---editResource--RUCounters-0-arrow"}]}
RESULT: undefined
COMMAND: POST /session/19c5ed65dbd52b03c8c783813379e291/element - {"using":"xpath","value":"//*[@id=\"application-manageresources-display-component---editResource--COUNTER_ID-application-manageresources-display-component---editResource--RUCounters-0-arrow\"]"}
RESULT: {}
RESULT: {"using":"xpath","value":"//*[@id=\"application-manageresources-display-component---editResource--COUNTER_ID-application-manageresources-display-component---editResource--RUCounters-0-arrow\"]"}
COMMAND: POST /session/19c5ed65dbd52b03c8c783813379e291/element/f.1FACEF5F4F0044855A63ECD1C0A7B6EF.d.9D4C15CA1E2A65F6B646E2523DCEEE0F.e.12074/click - {}
RESULT: {}
COMMAND: POST /session/19c5ed65dbd52b03c8c783813379e291/execute/async - {"script":"<script> [1562 bytes]","args":[{"selector":{"controlType":"sap.m.StandardListItem","viewName":"etm.portal.ui.manageresources.view.EditResource","viewId":"application-manageresources-display-component---editResource","properties":{"title":"fuel"},"searchOpenDialogs":true,"interaction":{"idSuffix":"content"}},"wdio_ui5_key":"etmportal.ui.manageresources.view.EditResourcesap.m.StandardListItem{\"title\":\"fuel\"}"}]}
COMMAND: GET /session/19c5ed65dbd52b03c8c783813379e291/screenshot - {}
RESULT: {"script":"<script> [1562 bytes]","args":[{"selector":{"controlType":"sap.m.StandardListItem","viewName":"etm.portal.ui.manageresources.view.EditResource","viewId":"application-manageresources-display-component---editResource","properties":{"title":"fuel"},"searchOpenDialogs":true,"interaction":{"idSuffix":"content"}},"wdio_ui5_key":"etmportal.ui.manageresources.view.EditResourcesap.m.StandardListItem{\"title\":\"fuel\"}"}]}
RESULT: undefined
COMMAND: POST /session/19c5ed65dbd52b03c8c783813379e291/element - {"using":"xpath","value":"//*[@id=\"__item1422\"]"}
RESULT: {}
RESULT: {"using":"xpath","value":"//*[@id=\"__item1422\"]"}
COMMAND: POST /session/19c5ed65dbd52b03c8c783813379e291/element/f.1FACEF5F4F0044855A63ECD1C0A7B6EF.d.9D4C15CA1E2A65F6B646E2523DCEEE0F.e.12076/click - {}
RESULT: {}
COMMAND: POST /session/19c5ed65dbd52b03c8c783813379e291/execute/async - {"script":"<script> [1562 bytes]","args":[{"selector":{"controlType":"sap.m.Button","viewName":"etm.portal.ui.manageresources.view.EditResource","viewId":"application-manageresources-display-component---editResource","i18NText":{"propertyName":"text","key":"save"},"interaction":{"idSuffix":"BDI-content"}},"wdio_ui5_key":"etmportal.ui.manageresources.view.EditResourcesap.m.Button{\"propertyName\":\"text\",\"key\":\"save\"}"}]}
COMMAND: GET /session/19c5ed65dbd52b03c8c783813379e291/screenshot - {}
RESULT: {"script":"<script> [1562 bytes]","args":[{"selector":{"controlType":"sap.m.Button","viewName":"etm.portal.ui.manageresources.view.EditResource","viewId":"application-manageresources-display-component---editResource","i18NText":{"propertyName":"text","key":"save"},"interaction":{"idSuffix":"BDI-content"}},"wdio_ui5_key":"etmportal.ui.manageresources.view.EditResourcesap.m.Button{\"propertyName\":\"text\",\"key\":\"save\"}"}]}
RESULT: undefined
COMMAND: POST /session/19c5ed65dbd52b03c8c783813379e291/element - {"using":"xpath","value":"//*[@id=\"__button200\"]"}
RESULT: {}
RESULT: {"using":"xpath","value":"//*[@id=\"__button200\"]"}
COMMAND: POST /session/19c5ed65dbd52b03c8c783813379e291/element/f.1FACEF5F4F0044855A63ECD1C0A7B6EF.d.9D4C15CA1E2A65F6B646E2523DCEEE0F.e.12078/click - {}
RESULT: {}
COMMAND: GET /session/19c5ed65dbd52b03c8c783813379e291/screenshot - {}
RESULT: {}
COMMAND: POST /session/19c5ed65dbd52b03c8c783813379e291/element - {"using":"css selector","value":"#shell-header-logo"}
RESULT: {"using":"css selector","value":"#shell-header-logo"}
COMMAND: POST /session/19c5ed65dbd52b03c8c783813379e291/element/f.1FACEF5F4F0044855A63ECD1C0A7B6EF.d.9D4C15CA1E2A65F6B646E2523DCEEE0F.e.11529/click - {}
RESULT: {}
COMMAND: GET /session/19c5ed65dbd52b03c8c783813379e291/screenshot - {}
RESULT: {}
]]></system-out>
    </testcase>
    <testcase classname="chrome.136_0_7103_93.windows.Performance_based_billing_(work_days)_US139742" name="Should do a stock increase on the yard for the equipment" time="93.224">
      <failure/>
      <error message="Can't call click on element with selector &quot;//li[.//span[contains(text(),'506 -')]]&quot; because element wasn't found"/>
      <system-out><![CDATA[
COMMAND: POST /session/19c5ed65dbd52b03c8c783813379e291/execute/async - {"script":"<script> [1562 bytes]","args":[{"selector":{"controlType":"sap.m.GenericTile","properties":{"header":"Manage Handovers"}},"wdio_ui5_key":"sapm.GenericTile{\"header\":\"Manage Handovers\"}"}]}
RESULT: {"script":"<script> [1562 bytes]","args":[{"selector":{"controlType":"sap.m.GenericTile","properties":{"header":"Manage Handovers"}},"wdio_ui5_key":"sapm.GenericTile{\"header\":\"Manage Handovers\"}"}]}
RESULT: undefined
COMMAND: POST /session/19c5ed65dbd52b03c8c783813379e291/element - {"using":"xpath","value":"//*[@id=\"__tile133\"]"}
RESULT: {"using":"xpath","value":"//*[@id=\"__tile133\"]"}
COMMAND: POST /session/19c5ed65dbd52b03c8c783813379e291/element/f.1FACEF5F4F0044855A63ECD1C0A7B6EF.d.9D4C15CA1E2A65F6B646E2523DCEEE0F.e.10415/click - {}
RESULT: {}
COMMAND: GET /session/19c5ed65dbd52b03c8c783813379e291/screenshot - {}
RESULT: {}
COMMAND: POST /session/19c5ed65dbd52b03c8c783813379e291/elements - {"using":"xpath","value":"//span[text()='Error']"}
RESULT: {"using":"xpath","value":"//span[text()='Error']"}
COMMAND: POST /session/19c5ed65dbd52b03c8c783813379e291/element - {"using":"xpath","value":"//button[@data-kt=\"masterHOAddButton\"]"}
RESULT: {"using":"xpath","value":"//button[@data-kt=\"masterHOAddButton\"]"}
COMMAND: POST /session/19c5ed65dbd52b03c8c783813379e291/elements - {"using":"xpath","value":"//button[@data-kt=\"masterHOAddButton\"]"}
RESULT: {"using":"xpath","value":"//button[@data-kt=\"masterHOAddButton\"]"}
COMMAND: POST /session/19c5ed65dbd52b03c8c783813379e291/execute/sync - {"script":"<script> [8489 bytes]","args":[{"element-6066-11e4-a52e-4f735466cecf":"f.1FACEF5F4F0044855A63ECD1C0A7B6EF.d.9D4C15CA1E2A65F6B646E2523DCEEE0F.e.12184","ELEMENT":"f.1FACEF5F4F0044855A63ECD1C0A7B6EF.d.9D4C15CA1E2A65F6B646E2523DCEEE0F.e.12184"}]}
RESULT: {"script":"<script> [8489 bytes]","args":[{"element-6066-11e4-a52e-4f735466cecf":"f.1FACEF5F4F0044855A63ECD1C0A7B6EF.d.9D4C15CA1E2A65F6B646E2523DCEEE0F.e.12184","ELEMENT":"f.1FACEF5F4F0044855A63ECD1C0A7B6EF.d.9D4C15CA1E2A65F6B646E2523DCEEE0F.e.12184"}]}
COMMAND: GET /session/19c5ed65dbd52b03c8c783813379e291/element/f.1FACEF5F4F0044855A63ECD1C0A7B6EF.d.9D4C15CA1E2A65F6B646E2523DCEEE0F.e.12184/enabled - {}
COMMAND: GET /session/19c5ed65dbd52b03c8c783813379e291/screenshot - {}
RESULT: {}
COMMAND: POST /session/19c5ed65dbd52b03c8c783813379e291/execute/sync - {"script":"<script> [8489 bytes]","args":[{"element-6066-11e4-a52e-4f735466cecf":"f.1FACEF5F4F0044855A63ECD1C0A7B6EF.d.9D4C15CA1E2A65F6B646E2523DCEEE0F.e.12184","ELEMENT":"f.1FACEF5F4F0044855A63ECD1C0A7B6EF.d.9D4C15CA1E2A65F6B646E2523DCEEE0F.e.12184"}]}
COMMAND: GET /session/19c5ed65dbd52b03c8c783813379e291/screenshot - {}
RESULT: {}
RESULT: {"script":"<script> [8489 bytes]","args":[{"element-6066-11e4-a52e-4f735466cecf":"f.1FACEF5F4F0044855A63ECD1C0A7B6EF.d.9D4C15CA1E2A65F6B646E2523DCEEE0F.e.12184","ELEMENT":"f.1FACEF5F4F0044855A63ECD1C0A7B6EF.d.9D4C15CA1E2A65F6B646E2523DCEEE0F.e.12184"}]}
COMMAND: POST /session/19c5ed65dbd52b03c8c783813379e291/execute/sync - {"script":"<script> [5351 bytes]","args":[{"element-6066-11e4-a52e-4f735466cecf":"f.1FACEF5F4F0044855A63ECD1C0A7B6EF.d.9D4C15CA1E2A65F6B646E2523DCEEE0F.e.12184","ELEMENT":"f.1FACEF5F4F0044855A63ECD1C0A7B6EF.d.9D4C15CA1E2A65F6B646E2523DCEEE0F.e.12184"}]}
COMMAND: GET /session/19c5ed65dbd52b03c8c783813379e291/screenshot - {}
RESULT: {}
RESULT: {"script":"<script> [5351 bytes]","args":[{"element-6066-11e4-a52e-4f735466cecf":"f.1FACEF5F4F0044855A63ECD1C0A7B6EF.d.9D4C15CA1E2A65F6B646E2523DCEEE0F.e.12184","ELEMENT":"f.1FACEF5F4F0044855A63ECD1C0A7B6EF.d.9D4C15CA1E2A65F6B646E2523DCEEE0F.e.12184"}]}
COMMAND: POST /session/19c5ed65dbd52b03c8c783813379e291/element/f.1FACEF5F4F0044855A63ECD1C0A7B6EF.d.9D4C15CA1E2A65F6B646E2523DCEEE0F.e.12184/click - {}
COMMAND: GET /session/19c5ed65dbd52b03c8c783813379e291/screenshot - {}
RESULT: {}
RESULT: {}
RESULT: {}
COMMAND: GET /session/19c5ed65dbd52b03c8c783813379e291/screenshot - {}
COMMAND: POST /session/19c5ed65dbd52b03c8c783813379e291/element - {"using":"xpath","value":"//span[contains(@id ,\"AddNewHO--typeSelect-arrow\")]"}
RESULT: {}
RESULT: {"using":"xpath","value":"//span[contains(@id ,\"AddNewHO--typeSelect-arrow\")]"}
COMMAND: POST /session/19c5ed65dbd52b03c8c783813379e291/element/f.1FACEF5F4F0044855A63ECD1C0A7B6EF.d.9D4C15CA1E2A65F6B646E2523DCEEE0F.e.12525/click - {}
RESULT: {}
COMMAND: GET /session/19c5ed65dbd52b03c8c783813379e291/screenshot - {}
RESULT: {}
COMMAND: POST /session/19c5ed65dbd52b03c8c783813379e291/element - {"using":"xpath","value":"(//li[contains(text(), \"stock increase yard\")])[1]"}
RESULT: {"using":"xpath","value":"(//li[contains(text(), \"stock increase yard\")])[1]"}
COMMAND: POST /session/19c5ed65dbd52b03c8c783813379e291/element/f.1FACEF5F4F0044855A63ECD1C0A7B6EF.d.9D4C15CA1E2A65F6B646E2523DCEEE0F.e.12526/click - {}
RESULT: {}
COMMAND: GET /session/19c5ed65dbd52b03c8c783813379e291/screenshot - {}
RESULT: {}
COMMAND: POST /session/19c5ed65dbd52b03c8c783813379e291/execute/async - {"script":"<script> [1562 bytes]","args":[{"selector":{"id":"application-managehandovers-display-component---AddNewHO--dueDate","interaction":{"idSuffix":"inner"}},"wdio_ui5_key":"applicationmanagehandovers-display-component---AddNewHO--dueDate"}]}
RESULT: {"script":"<script> [1562 bytes]","args":[{"selector":{"id":"application-managehandovers-display-component---AddNewHO--dueDate","interaction":{"idSuffix":"inner"}},"wdio_ui5_key":"applicationmanagehandovers-display-component---AddNewHO--dueDate"}]}
RESULT: undefined
COMMAND: POST /session/19c5ed65dbd52b03c8c783813379e291/execute/async - {"script":"<script> [6424 bytes]","args":[{"element-6066-11e4-a52e-4f735466cecf":"f.1FACEF5F4F0044855A63ECD1C0A7B6EF.d.9D4C15CA1E2A65F6B646E2523DCEEE0F.e.12528"},"setValue",["5/30/25"]]}
RESULT: {"script":"<script> [6424 bytes]","args":[{"element-6066-11e4-a52e-4f735466cecf":"f.1FACEF5F4F0044855A63ECD1C0A7B6EF.d.9D4C15CA1E2A65F6B646E2523DCEEE0F.e.12528"},"setValue",["5/30/25"]]}
COMMAND: POST /session/19c5ed65dbd52b03c8c783813379e291/element - {"using":"xpath","value":"//input[@id=\"generalSectionFrg--receiveYard-inner\"]"}
RESULT: {"using":"xpath","value":"//input[@id=\"generalSectionFrg--receiveYard-inner\"]"}
COMMAND: POST /session/19c5ed65dbd52b03c8c783813379e291/element/f.1FACEF5F4F0044855A63ECD1C0A7B6EF.d.9D4C15CA1E2A65F6B646E2523DCEEE0F.e.12534/clear - {}
RESULT: {}
COMMAND: POST /session/19c5ed65dbd52b03c8c783813379e291/element/f.1FACEF5F4F0044855A63ECD1C0A7B6EF.d.9D4C15CA1E2A65F6B646E2523DCEEE0F.e.12534/value - {"text":"506"}
COMMAND: GET /session/19c5ed65dbd52b03c8c783813379e291/screenshot - {}
RESULT: {"text":"506"}
COMMAND: GET /session/19c5ed65dbd52b03c8c783813379e291/screenshot - {}
RESULT: {}
RESULT: {}
COMMAND: POST /session/19c5ed65dbd52b03c8c783813379e291/element - {"using":"xpath","value":"//li[.//span[contains(text(),'506 -')]]"}
RESULT: {"using":"xpath","value":"//li[.//span[contains(text(),'506 -')]]"}
COMMAND: POST /session/19c5ed65dbd52b03c8c783813379e291/elements - {"using":"xpath","value":"//li[.//span[contains(text(),'506 -')]]"}
RESULT: {"using":"xpath","value":"//li[.//span[contains(text(),'506 -')]]"}
COMMAND: POST /session/19c5ed65dbd52b03c8c783813379e291/elements - {"using":"xpath","value":"//li[.//span[contains(text(),'506 -')]]"}
RESULT: {"using":"xpath","value":"//li[.//span[contains(text(),'506 -')]]"}
COMMAND: POST /session/19c5ed65dbd52b03c8c783813379e291/elements - {"using":"xpath","value":"//li[.//span[contains(text(),'506 -')]]"}
RESULT: {"using":"xpath","value":"//li[.//span[contains(text(),'506 -')]]"}
COMMAND: POST /session/19c5ed65dbd52b03c8c783813379e291/elements - {"using":"xpath","value":"//li[.//span[contains(text(),'506 -')]]"}
RESULT: {"using":"xpath","value":"//li[.//span[contains(text(),'506 -')]]"}
COMMAND: POST /session/19c5ed65dbd52b03c8c783813379e291/elements - {"using":"xpath","value":"//li[.//span[contains(text(),'506 -')]]"}
RESULT: {"using":"xpath","value":"//li[.//span[contains(text(),'506 -')]]"}
COMMAND: POST /session/19c5ed65dbd52b03c8c783813379e291/elements - {"using":"xpath","value":"//li[.//span[contains(text(),'506 -')]]"}
RESULT: {"using":"xpath","value":"//li[.//span[contains(text(),'506 -')]]"}
COMMAND: POST /session/19c5ed65dbd52b03c8c783813379e291/elements - {"using":"xpath","value":"//li[.//span[contains(text(),'506 -')]]"}
RESULT: {"using":"xpath","value":"//li[.//span[contains(text(),'506 -')]]"}
COMMAND: POST /session/19c5ed65dbd52b03c8c783813379e291/elements - {"using":"xpath","value":"//li[.//span[contains(text(),'506 -')]]"}
RESULT: {"using":"xpath","value":"//li[.//span[contains(text(),'506 -')]]"}
COMMAND: POST /session/19c5ed65dbd52b03c8c783813379e291/elements - {"using":"xpath","value":"//li[.//span[contains(text(),'506 -')]]"}
RESULT: {"using":"xpath","value":"//li[.//span[contains(text(),'506 -')]]"}
COMMAND: POST /session/19c5ed65dbd52b03c8c783813379e291/elements - {"using":"xpath","value":"//li[.//span[contains(text(),'506 -')]]"}
RESULT: {"using":"xpath","value":"//li[.//span[contains(text(),'506 -')]]"}
COMMAND: POST /session/19c5ed65dbd52b03c8c783813379e291/elements - {"using":"xpath","value":"//li[.//span[contains(text(),'506 -')]]"}
RESULT: {"using":"xpath","value":"//li[.//span[contains(text(),'506 -')]]"}
COMMAND: POST /session/19c5ed65dbd52b03c8c783813379e291/elements - {"using":"xpath","value":"//li[.//span[contains(text(),'506 -')]]"}
RESULT: {"using":"xpath","value":"//li[.//span[contains(text(),'506 -')]]"}
COMMAND: POST /session/19c5ed65dbd52b03c8c783813379e291/elements - {"using":"xpath","value":"//li[.//span[contains(text(),'506 -')]]"}
RESULT: {"using":"xpath","value":"//li[.//span[contains(text(),'506 -')]]"}
COMMAND: POST /session/19c5ed65dbd52b03c8c783813379e291/elements - {"using":"xpath","value":"//li[.//span[contains(text(),'506 -')]]"}
RESULT: {"using":"xpath","value":"//li[.//span[contains(text(),'506 -')]]"}
COMMAND: POST /session/19c5ed65dbd52b03c8c783813379e291/elements - {"using":"xpath","value":"//li[.//span[contains(text(),'506 -')]]"}
RESULT: {"using":"xpath","value":"//li[.//span[contains(text(),'506 -')]]"}
COMMAND: POST /session/19c5ed65dbd52b03c8c783813379e291/elements - {"using":"xpath","value":"//li[.//span[contains(text(),'506 -')]]"}
RESULT: {"using":"xpath","value":"//li[.//span[contains(text(),'506 -')]]"}
COMMAND: POST /session/19c5ed65dbd52b03c8c783813379e291/elements - {"using":"xpath","value":"//li[.//span[contains(text(),'506 -')]]"}
RESULT: {"using":"xpath","value":"//li[.//span[contains(text(),'506 -')]]"}
COMMAND: POST /session/19c5ed65dbd52b03c8c783813379e291/elements - {"using":"xpath","value":"//li[.//span[contains(text(),'506 -')]]"}
RESULT: {"using":"xpath","value":"//li[.//span[contains(text(),'506 -')]]"}
COMMAND: POST /session/19c5ed65dbd52b03c8c783813379e291/elements - {"using":"xpath","value":"//li[.//span[contains(text(),'506 -')]]"}
RESULT: {"using":"xpath","value":"//li[.//span[contains(text(),'506 -')]]"}
COMMAND: POST /session/19c5ed65dbd52b03c8c783813379e291/elements - {"using":"xpath","value":"//li[.//span[contains(text(),'506 -')]]"}
RESULT: {"using":"xpath","value":"//li[.//span[contains(text(),'506 -')]]"}
COMMAND: POST /session/19c5ed65dbd52b03c8c783813379e291/elements - {"using":"xpath","value":"//li[.//span[contains(text(),'506 -')]]"}
RESULT: {"using":"xpath","value":"//li[.//span[contains(text(),'506 -')]]"}
COMMAND: POST /session/19c5ed65dbd52b03c8c783813379e291/elements - {"using":"xpath","value":"//li[.//span[contains(text(),'506 -')]]"}
RESULT: {"using":"xpath","value":"//li[.//span[contains(text(),'506 -')]]"}
COMMAND: POST /session/19c5ed65dbd52b03c8c783813379e291/elements - {"using":"xpath","value":"//li[.//span[contains(text(),'506 -')]]"}
RESULT: {"using":"xpath","value":"//li[.//span[contains(text(),'506 -')]]"}
COMMAND: POST /session/19c5ed65dbd52b03c8c783813379e291/elements - {"using":"xpath","value":"//li[.//span[contains(text(),'506 -')]]"}
RESULT: {"using":"xpath","value":"//li[.//span[contains(text(),'506 -')]]"}
COMMAND: POST /session/19c5ed65dbd52b03c8c783813379e291/elements - {"using":"xpath","value":"//li[.//span[contains(text(),'506 -')]]"}
RESULT: {"using":"xpath","value":"//li[.//span[contains(text(),'506 -')]]"}
COMMAND: POST /session/19c5ed65dbd52b03c8c783813379e291/elements - {"using":"xpath","value":"//li[.//span[contains(text(),'506 -')]]"}
RESULT: {"using":"xpath","value":"//li[.//span[contains(text(),'506 -')]]"}
COMMAND: POST /session/19c5ed65dbd52b03c8c783813379e291/elements - {"using":"xpath","value":"//li[.//span[contains(text(),'506 -')]]"}
RESULT: {"using":"xpath","value":"//li[.//span[contains(text(),'506 -')]]"}
COMMAND: POST /session/19c5ed65dbd52b03c8c783813379e291/elements - {"using":"xpath","value":"//li[.//span[contains(text(),'506 -')]]"}
RESULT: {"using":"xpath","value":"//li[.//span[contains(text(),'506 -')]]"}
COMMAND: POST /session/19c5ed65dbd52b03c8c783813379e291/elements - {"using":"xpath","value":"//li[.//span[contains(text(),'506 -')]]"}
RESULT: {"using":"xpath","value":"//li[.//span[contains(text(),'506 -')]]"}
COMMAND: POST /session/19c5ed65dbd52b03c8c783813379e291/elements - {"using":"xpath","value":"//li[.//span[contains(text(),'506 -')]]"}
RESULT: {"using":"xpath","value":"//li[.//span[contains(text(),'506 -')]]"}
COMMAND: POST /session/19c5ed65dbd52b03c8c783813379e291/elements - {"using":"xpath","value":"//li[.//span[contains(text(),'506 -')]]"}
RESULT: {"using":"xpath","value":"//li[.//span[contains(text(),'506 -')]]"}
COMMAND: POST /session/19c5ed65dbd52b03c8c783813379e291/elements - {"using":"xpath","value":"//li[.//span[contains(text(),'506 -')]]"}
RESULT: {"using":"xpath","value":"//li[.//span[contains(text(),'506 -')]]"}
COMMAND: POST /session/19c5ed65dbd52b03c8c783813379e291/elements - {"using":"xpath","value":"//li[.//span[contains(text(),'506 -')]]"}
RESULT: {"using":"xpath","value":"//li[.//span[contains(text(),'506 -')]]"}
COMMAND: POST /session/19c5ed65dbd52b03c8c783813379e291/elements - {"using":"xpath","value":"//li[.//span[contains(text(),'506 -')]]"}
RESULT: {"using":"xpath","value":"//li[.//span[contains(text(),'506 -')]]"}
COMMAND: POST /session/19c5ed65dbd52b03c8c783813379e291/elements - {"using":"xpath","value":"//li[.//span[contains(text(),'506 -')]]"}
RESULT: {"using":"xpath","value":"//li[.//span[contains(text(),'506 -')]]"}
COMMAND: POST /session/19c5ed65dbd52b03c8c783813379e291/elements - {"using":"xpath","value":"//li[.//span[contains(text(),'506 -')]]"}
RESULT: {"using":"xpath","value":"//li[.//span[contains(text(),'506 -')]]"}
COMMAND: POST /session/19c5ed65dbd52b03c8c783813379e291/elements - {"using":"xpath","value":"//li[.//span[contains(text(),'506 -')]]"}
RESULT: {"using":"xpath","value":"//li[.//span[contains(text(),'506 -')]]"}
COMMAND: POST /session/19c5ed65dbd52b03c8c783813379e291/elements - {"using":"xpath","value":"//li[.//span[contains(text(),'506 -')]]"}
RESULT: {"using":"xpath","value":"//li[.//span[contains(text(),'506 -')]]"}
COMMAND: POST /session/19c5ed65dbd52b03c8c783813379e291/elements - {"using":"xpath","value":"//li[.//span[contains(text(),'506 -')]]"}
RESULT: {"using":"xpath","value":"//li[.//span[contains(text(),'506 -')]]"}
COMMAND: POST /session/19c5ed65dbd52b03c8c783813379e291/elements - {"using":"xpath","value":"//li[.//span[contains(text(),'506 -')]]"}
RESULT: {"using":"xpath","value":"//li[.//span[contains(text(),'506 -')]]"}
COMMAND: POST /session/19c5ed65dbd52b03c8c783813379e291/elements - {"using":"xpath","value":"//li[.//span[contains(text(),'506 -')]]"}
RESULT: {"using":"xpath","value":"//li[.//span[contains(text(),'506 -')]]"}
COMMAND: POST /session/19c5ed65dbd52b03c8c783813379e291/elements - {"using":"xpath","value":"//li[.//span[contains(text(),'506 -')]]"}
RESULT: {"using":"xpath","value":"//li[.//span[contains(text(),'506 -')]]"}
COMMAND: POST /session/19c5ed65dbd52b03c8c783813379e291/elements - {"using":"xpath","value":"//li[.//span[contains(text(),'506 -')]]"}
RESULT: {"using":"xpath","value":"//li[.//span[contains(text(),'506 -')]]"}
COMMAND: POST /session/19c5ed65dbd52b03c8c783813379e291/elements - {"using":"xpath","value":"//li[.//span[contains(text(),'506 -')]]"}
RESULT: {"using":"xpath","value":"//li[.//span[contains(text(),'506 -')]]"}
COMMAND: POST /session/19c5ed65dbd52b03c8c783813379e291/elements - {"using":"xpath","value":"//li[.//span[contains(text(),'506 -')]]"}
RESULT: {"using":"xpath","value":"//li[.//span[contains(text(),'506 -')]]"}
COMMAND: POST /session/19c5ed65dbd52b03c8c783813379e291/elements - {"using":"xpath","value":"//li[.//span[contains(text(),'506 -')]]"}
RESULT: {"using":"xpath","value":"//li[.//span[contains(text(),'506 -')]]"}
COMMAND: POST /session/19c5ed65dbd52b03c8c783813379e291/elements - {"using":"xpath","value":"//li[.//span[contains(text(),'506 -')]]"}
RESULT: {"using":"xpath","value":"//li[.//span[contains(text(),'506 -')]]"}
COMMAND: POST /session/19c5ed65dbd52b03c8c783813379e291/elements - {"using":"xpath","value":"//li[.//span[contains(text(),'506 -')]]"}
RESULT: {"using":"xpath","value":"//li[.//span[contains(text(),'506 -')]]"}
COMMAND: POST /session/19c5ed65dbd52b03c8c783813379e291/elements - {"using":"xpath","value":"//li[.//span[contains(text(),'506 -')]]"}
RESULT: {"using":"xpath","value":"//li[.//span[contains(text(),'506 -')]]"}
COMMAND: POST /session/19c5ed65dbd52b03c8c783813379e291/elements - {"using":"xpath","value":"//li[.//span[contains(text(),'506 -')]]"}
RESULT: {"using":"xpath","value":"//li[.//span[contains(text(),'506 -')]]"}
COMMAND: POST /session/19c5ed65dbd52b03c8c783813379e291/elements - {"using":"xpath","value":"//li[.//span[contains(text(),'506 -')]]"}
RESULT: {"using":"xpath","value":"//li[.//span[contains(text(),'506 -')]]"}
COMMAND: POST /session/19c5ed65dbd52b03c8c783813379e291/elements - {"using":"xpath","value":"//li[.//span[contains(text(),'506 -')]]"}
RESULT: {"using":"xpath","value":"//li[.//span[contains(text(),'506 -')]]"}
COMMAND: POST /session/19c5ed65dbd52b03c8c783813379e291/elements - {"using":"xpath","value":"//li[.//span[contains(text(),'506 -')]]"}
RESULT: {"using":"xpath","value":"//li[.//span[contains(text(),'506 -')]]"}
COMMAND: POST /session/19c5ed65dbd52b03c8c783813379e291/elements - {"using":"xpath","value":"//li[.//span[contains(text(),'506 -')]]"}
RESULT: {"using":"xpath","value":"//li[.//span[contains(text(),'506 -')]]"}
COMMAND: POST /session/19c5ed65dbd52b03c8c783813379e291/elements - {"using":"xpath","value":"//li[.//span[contains(text(),'506 -')]]"}
RESULT: {"using":"xpath","value":"//li[.//span[contains(text(),'506 -')]]"}
COMMAND: POST /session/19c5ed65dbd52b03c8c783813379e291/elements - {"using":"xpath","value":"//li[.//span[contains(text(),'506 -')]]"}
RESULT: {"using":"xpath","value":"//li[.//span[contains(text(),'506 -')]]"}
COMMAND: POST /session/19c5ed65dbd52b03c8c783813379e291/elements - {"using":"xpath","value":"//li[.//span[contains(text(),'506 -')]]"}
RESULT: {"using":"xpath","value":"//li[.//span[contains(text(),'506 -')]]"}
COMMAND: POST /session/19c5ed65dbd52b03c8c783813379e291/elements - {"using":"xpath","value":"//li[.//span[contains(text(),'506 -')]]"}
RESULT: {"using":"xpath","value":"//li[.//span[contains(text(),'506 -')]]"}
COMMAND: POST /session/19c5ed65dbd52b03c8c783813379e291/elements - {"using":"xpath","value":"//li[.//span[contains(text(),'506 -')]]"}
RESULT: {"using":"xpath","value":"//li[.//span[contains(text(),'506 -')]]"}
COMMAND: POST /session/19c5ed65dbd52b03c8c783813379e291/elements - {"using":"xpath","value":"//li[.//span[contains(text(),'506 -')]]"}
RESULT: {"using":"xpath","value":"//li[.//span[contains(text(),'506 -')]]"}
COMMAND: POST /session/19c5ed65dbd52b03c8c783813379e291/elements - {"using":"xpath","value":"//li[.//span[contains(text(),'506 -')]]"}
RESULT: {"using":"xpath","value":"//li[.//span[contains(text(),'506 -')]]"}
COMMAND: POST /session/19c5ed65dbd52b03c8c783813379e291/elements - {"using":"xpath","value":"//li[.//span[contains(text(),'506 -')]]"}
RESULT: {"using":"xpath","value":"//li[.//span[contains(text(),'506 -')]]"}
COMMAND: POST /session/19c5ed65dbd52b03c8c783813379e291/elements - {"using":"xpath","value":"//li[.//span[contains(text(),'506 -')]]"}
RESULT: {"using":"xpath","value":"//li[.//span[contains(text(),'506 -')]]"}
COMMAND: POST /session/19c5ed65dbd52b03c8c783813379e291/elements - {"using":"xpath","value":"//li[.//span[contains(text(),'506 -')]]"}
RESULT: {"using":"xpath","value":"//li[.//span[contains(text(),'506 -')]]"}
COMMAND: POST /session/19c5ed65dbd52b03c8c783813379e291/elements - {"using":"xpath","value":"//li[.//span[contains(text(),'506 -')]]"}
RESULT: {"using":"xpath","value":"//li[.//span[contains(text(),'506 -')]]"}
COMMAND: POST /session/19c5ed65dbd52b03c8c783813379e291/elements - {"using":"xpath","value":"//li[.//span[contains(text(),'506 -')]]"}
RESULT: {"using":"xpath","value":"//li[.//span[contains(text(),'506 -')]]"}
COMMAND: POST /session/19c5ed65dbd52b03c8c783813379e291/elements - {"using":"xpath","value":"//li[.//span[contains(text(),'506 -')]]"}
RESULT: {"using":"xpath","value":"//li[.//span[contains(text(),'506 -')]]"}
COMMAND: POST /session/19c5ed65dbd52b03c8c783813379e291/elements - {"using":"xpath","value":"//li[.//span[contains(text(),'506 -')]]"}
RESULT: {"using":"xpath","value":"//li[.//span[contains(text(),'506 -')]]"}
COMMAND: POST /session/19c5ed65dbd52b03c8c783813379e291/elements - {"using":"xpath","value":"//li[.//span[contains(text(),'506 -')]]"}
RESULT: {"using":"xpath","value":"//li[.//span[contains(text(),'506 -')]]"}
COMMAND: POST /session/19c5ed65dbd52b03c8c783813379e291/elements - {"using":"xpath","value":"//li[.//span[contains(text(),'506 -')]]"}
RESULT: {"using":"xpath","value":"//li[.//span[contains(text(),'506 -')]]"}
COMMAND: POST /session/19c5ed65dbd52b03c8c783813379e291/elements - {"using":"xpath","value":"//li[.//span[contains(text(),'506 -')]]"}
RESULT: {"using":"xpath","value":"//li[.//span[contains(text(),'506 -')]]"}
COMMAND: POST /session/19c5ed65dbd52b03c8c783813379e291/elements - {"using":"xpath","value":"//li[.//span[contains(text(),'506 -')]]"}
RESULT: {"using":"xpath","value":"//li[.//span[contains(text(),'506 -')]]"}
COMMAND: POST /session/19c5ed65dbd52b03c8c783813379e291/elements - {"using":"xpath","value":"//li[.//span[contains(text(),'506 -')]]"}
RESULT: {"using":"xpath","value":"//li[.//span[contains(text(),'506 -')]]"}
COMMAND: POST /session/19c5ed65dbd52b03c8c783813379e291/elements - {"using":"xpath","value":"//li[.//span[contains(text(),'506 -')]]"}
RESULT: {"using":"xpath","value":"//li[.//span[contains(text(),'506 -')]]"}
COMMAND: POST /session/19c5ed65dbd52b03c8c783813379e291/elements - {"using":"xpath","value":"//li[.//span[contains(text(),'506 -')]]"}
RESULT: {"using":"xpath","value":"//li[.//span[contains(text(),'506 -')]]"}
COMMAND: POST /session/19c5ed65dbd52b03c8c783813379e291/elements - {"using":"xpath","value":"//li[.//span[contains(text(),'506 -')]]"}
RESULT: {"using":"xpath","value":"//li[.//span[contains(text(),'506 -')]]"}
COMMAND: POST /session/19c5ed65dbd52b03c8c783813379e291/elements - {"using":"xpath","value":"//li[.//span[contains(text(),'506 -')]]"}
RESULT: {"using":"xpath","value":"//li[.//span[contains(text(),'506 -')]]"}
COMMAND: POST /session/19c5ed65dbd52b03c8c783813379e291/elements - {"using":"xpath","value":"//li[.//span[contains(text(),'506 -')]]"}
RESULT: {"using":"xpath","value":"//li[.//span[contains(text(),'506 -')]]"}
COMMAND: POST /session/19c5ed65dbd52b03c8c783813379e291/elements - {"using":"xpath","value":"//li[.//span[contains(text(),'506 -')]]"}
RESULT: {"using":"xpath","value":"//li[.//span[contains(text(),'506 -')]]"}
COMMAND: POST /session/19c5ed65dbd52b03c8c783813379e291/elements - {"using":"xpath","value":"//li[.//span[contains(text(),'506 -')]]"}
RESULT: {"using":"xpath","value":"//li[.//span[contains(text(),'506 -')]]"}
COMMAND: POST /session/19c5ed65dbd52b03c8c783813379e291/elements - {"using":"xpath","value":"//li[.//span[contains(text(),'506 -')]]"}
RESULT: {"using":"xpath","value":"//li[.//span[contains(text(),'506 -')]]"}
COMMAND: POST /session/19c5ed65dbd52b03c8c783813379e291/elements - {"using":"xpath","value":"//li[.//span[contains(text(),'506 -')]]"}
RESULT: {"using":"xpath","value":"//li[.//span[contains(text(),'506 -')]]"}
COMMAND: POST /session/19c5ed65dbd52b03c8c783813379e291/elements - {"using":"xpath","value":"//li[.//span[contains(text(),'506 -')]]"}
RESULT: {"using":"xpath","value":"//li[.//span[contains(text(),'506 -')]]"}
COMMAND: POST /session/19c5ed65dbd52b03c8c783813379e291/elements - {"using":"xpath","value":"//li[.//span[contains(text(),'506 -')]]"}
RESULT: {"using":"xpath","value":"//li[.//span[contains(text(),'506 -')]]"}
COMMAND: POST /session/19c5ed65dbd52b03c8c783813379e291/elements - {"using":"xpath","value":"//li[.//span[contains(text(),'506 -')]]"}
RESULT: {"using":"xpath","value":"//li[.//span[contains(text(),'506 -')]]"}
COMMAND: POST /session/19c5ed65dbd52b03c8c783813379e291/elements - {"using":"xpath","value":"//li[.//span[contains(text(),'506 -')]]"}
RESULT: {"using":"xpath","value":"//li[.//span[contains(text(),'506 -')]]"}
COMMAND: POST /session/19c5ed65dbd52b03c8c783813379e291/elements - {"using":"xpath","value":"//li[.//span[contains(text(),'506 -')]]"}
RESULT: {"using":"xpath","value":"//li[.//span[contains(text(),'506 -')]]"}
COMMAND: POST /session/19c5ed65dbd52b03c8c783813379e291/elements - {"using":"xpath","value":"//li[.//span[contains(text(),'506 -')]]"}
RESULT: {"using":"xpath","value":"//li[.//span[contains(text(),'506 -')]]"}
COMMAND: POST /session/19c5ed65dbd52b03c8c783813379e291/elements - {"using":"xpath","value":"//li[.//span[contains(text(),'506 -')]]"}
RESULT: {"using":"xpath","value":"//li[.//span[contains(text(),'506 -')]]"}
COMMAND: POST /session/19c5ed65dbd52b03c8c783813379e291/elements - {"using":"xpath","value":"//li[.//span[contains(text(),'506 -')]]"}
RESULT: {"using":"xpath","value":"//li[.//span[contains(text(),'506 -')]]"}
COMMAND: POST /session/19c5ed65dbd52b03c8c783813379e291/elements - {"using":"xpath","value":"//li[.//span[contains(text(),'506 -')]]"}
RESULT: {"using":"xpath","value":"//li[.//span[contains(text(),'506 -')]]"}
COMMAND: POST /session/19c5ed65dbd52b03c8c783813379e291/elements - {"using":"xpath","value":"//li[.//span[contains(text(),'506 -')]]"}
RESULT: {"using":"xpath","value":"//li[.//span[contains(text(),'506 -')]]"}
COMMAND: POST /session/19c5ed65dbd52b03c8c783813379e291/elements - {"using":"xpath","value":"//li[.//span[contains(text(),'506 -')]]"}
RESULT: {"using":"xpath","value":"//li[.//span[contains(text(),'506 -')]]"}
COMMAND: POST /session/19c5ed65dbd52b03c8c783813379e291/elements - {"using":"xpath","value":"//li[.//span[contains(text(),'506 -')]]"}
RESULT: {"using":"xpath","value":"//li[.//span[contains(text(),'506 -')]]"}
COMMAND: POST /session/19c5ed65dbd52b03c8c783813379e291/elements - {"using":"xpath","value":"//li[.//span[contains(text(),'506 -')]]"}
RESULT: {"using":"xpath","value":"//li[.//span[contains(text(),'506 -')]]"}
COMMAND: POST /session/19c5ed65dbd52b03c8c783813379e291/elements - {"using":"xpath","value":"//li[.//span[contains(text(),'506 -')]]"}
RESULT: {"using":"xpath","value":"//li[.//span[contains(text(),'506 -')]]"}
COMMAND: POST /session/19c5ed65dbd52b03c8c783813379e291/elements - {"using":"xpath","value":"//li[.//span[contains(text(),'506 -')]]"}
RESULT: {"using":"xpath","value":"//li[.//span[contains(text(),'506 -')]]"}
COMMAND: POST /session/19c5ed65dbd52b03c8c783813379e291/elements - {"using":"xpath","value":"//li[.//span[contains(text(),'506 -')]]"}
RESULT: {"using":"xpath","value":"//li[.//span[contains(text(),'506 -')]]"}
COMMAND: POST /session/19c5ed65dbd52b03c8c783813379e291/elements - {"using":"xpath","value":"//li[.//span[contains(text(),'506 -')]]"}
RESULT: {"using":"xpath","value":"//li[.//span[contains(text(),'506 -')]]"}
COMMAND: POST /session/19c5ed65dbd52b03c8c783813379e291/elements - {"using":"xpath","value":"//li[.//span[contains(text(),'506 -')]]"}
RESULT: {"using":"xpath","value":"//li[.//span[contains(text(),'506 -')]]"}
COMMAND: POST /session/19c5ed65dbd52b03c8c783813379e291/elements - {"using":"xpath","value":"//li[.//span[contains(text(),'506 -')]]"}
RESULT: {"using":"xpath","value":"//li[.//span[contains(text(),'506 -')]]"}
COMMAND: POST /session/19c5ed65dbd52b03c8c783813379e291/elements - {"using":"xpath","value":"//li[.//span[contains(text(),'506 -')]]"}
RESULT: {"using":"xpath","value":"//li[.//span[contains(text(),'506 -')]]"}
COMMAND: POST /session/19c5ed65dbd52b03c8c783813379e291/elements - {"using":"xpath","value":"//li[.//span[contains(text(),'506 -')]]"}
RESULT: {"using":"xpath","value":"//li[.//span[contains(text(),'506 -')]]"}
COMMAND: POST /session/19c5ed65dbd52b03c8c783813379e291/elements - {"using":"xpath","value":"//li[.//span[contains(text(),'506 -')]]"}
RESULT: {"using":"xpath","value":"//li[.//span[contains(text(),'506 -')]]"}
COMMAND: POST /session/19c5ed65dbd52b03c8c783813379e291/elements - {"using":"xpath","value":"//li[.//span[contains(text(),'506 -')]]"}
RESULT: {"using":"xpath","value":"//li[.//span[contains(text(),'506 -')]]"}
COMMAND: POST /session/19c5ed65dbd52b03c8c783813379e291/elements - {"using":"xpath","value":"//li[.//span[contains(text(),'506 -')]]"}
RESULT: {"using":"xpath","value":"//li[.//span[contains(text(),'506 -')]]"}
COMMAND: POST /session/19c5ed65dbd52b03c8c783813379e291/elements - {"using":"xpath","value":"//li[.//span[contains(text(),'506 -')]]"}
RESULT: {"using":"xpath","value":"//li[.//span[contains(text(),'506 -')]]"}
COMMAND: POST /session/19c5ed65dbd52b03c8c783813379e291/elements - {"using":"xpath","value":"//li[.//span[contains(text(),'506 -')]]"}
RESULT: {"using":"xpath","value":"//li[.//span[contains(text(),'506 -')]]"}
COMMAND: POST /session/19c5ed65dbd52b03c8c783813379e291/elements - {"using":"xpath","value":"//li[.//span[contains(text(),'506 -')]]"}
RESULT: {"using":"xpath","value":"//li[.//span[contains(text(),'506 -')]]"}
COMMAND: POST /session/19c5ed65dbd52b03c8c783813379e291/elements - {"using":"xpath","value":"//li[.//span[contains(text(),'506 -')]]"}
RESULT: {"using":"xpath","value":"//li[.//span[contains(text(),'506 -')]]"}
COMMAND: POST /session/19c5ed65dbd52b03c8c783813379e291/elements - {"using":"xpath","value":"//li[.//span[contains(text(),'506 -')]]"}
RESULT: {"using":"xpath","value":"//li[.//span[contains(text(),'506 -')]]"}
COMMAND: POST /session/19c5ed65dbd52b03c8c783813379e291/elements - {"using":"xpath","value":"//li[.//span[contains(text(),'506 -')]]"}
RESULT: {"using":"xpath","value":"//li[.//span[contains(text(),'506 -')]]"}
COMMAND: POST /session/19c5ed65dbd52b03c8c783813379e291/elements - {"using":"xpath","value":"//li[.//span[contains(text(),'506 -')]]"}
RESULT: {"using":"xpath","value":"//li[.//span[contains(text(),'506 -')]]"}
COMMAND: POST /session/19c5ed65dbd52b03c8c783813379e291/elements - {"using":"xpath","value":"//li[.//span[contains(text(),'506 -')]]"}
RESULT: {"using":"xpath","value":"//li[.//span[contains(text(),'506 -')]]"}
COMMAND: POST /session/19c5ed65dbd52b03c8c783813379e291/elements - {"using":"xpath","value":"//li[.//span[contains(text(),'506 -')]]"}
RESULT: {"using":"xpath","value":"//li[.//span[contains(text(),'506 -')]]"}
COMMAND: POST /session/19c5ed65dbd52b03c8c783813379e291/elements - {"using":"xpath","value":"//li[.//span[contains(text(),'506 -')]]"}
RESULT: {"using":"xpath","value":"//li[.//span[contains(text(),'506 -')]]"}
COMMAND: POST /session/19c5ed65dbd52b03c8c783813379e291/elements - {"using":"xpath","value":"//li[.//span[contains(text(),'506 -')]]"}
RESULT: {"using":"xpath","value":"//li[.//span[contains(text(),'506 -')]]"}
COMMAND: POST /session/19c5ed65dbd52b03c8c783813379e291/elements - {"using":"xpath","value":"//li[.//span[contains(text(),'506 -')]]"}
RESULT: {"using":"xpath","value":"//li[.//span[contains(text(),'506 -')]]"}
COMMAND: POST /session/19c5ed65dbd52b03c8c783813379e291/elements - {"using":"xpath","value":"//li[.//span[contains(text(),'506 -')]]"}
RESULT: {"using":"xpath","value":"//li[.//span[contains(text(),'506 -')]]"}
COMMAND: POST /session/19c5ed65dbd52b03c8c783813379e291/elements - {"using":"xpath","value":"//li[.//span[contains(text(),'506 -')]]"}
RESULT: {"using":"xpath","value":"//li[.//span[contains(text(),'506 -')]]"}
COMMAND: POST /session/19c5ed65dbd52b03c8c783813379e291/elements - {"using":"xpath","value":"//li[.//span[contains(text(),'506 -')]]"}
COMMAND: GET /session/19c5ed65dbd52b03c8c783813379e291/screenshot - {}
RESULT: {"using":"xpath","value":"//li[.//span[contains(text(),'506 -')]]"}
RESULT: {}
]]></system-out>
      <system-err><![CDATA[
Error: Can't call click on element with selector "//li[.//span[contains(text(),'506 -')]]" because element wasn't found
    at async UtilsPrerequisites.stockIncrease (D:\a\1\s\test\specs\BTS\prerequisites-and-utils-functions.js:1638:9)
    at async Context.<anonymous> (D:\a\1\s\test\specs\BTS\billing-performance-workdays.spec.js:188:9)
]]></system-err>
    </testcase>
    <testcase classname="chrome.136_0_7103_93.windows.Performance_based_billing_(work_days)_US139742" name="Should create a new contract" time="61.116">
      <failure/>
      <error message="element (&quot;//button[@data-kt=&quot;addButton&quot;]&quot;) still not existing after 45000ms"/>
      <system-out><![CDATA[
COMMAND: GET /session/19c5ed65dbd52b03c8c783813379e291/screenshot - {}
COMMAND: POST /session/19c5ed65dbd52b03c8c783813379e291/execute/async - {"script":"<script> [1562 bytes]","args":[{"selector":{"controlType":"sap.m.GenericTile","properties":{"header":"Manage Contracts"}},"wdio_ui5_key":"sapm.GenericTile{\"header\":\"Manage Contracts\"}"}]}
RESULT: {}
RESULT: {"script":"<script> [1562 bytes]","args":[{"selector":{"controlType":"sap.m.GenericTile","properties":{"header":"Manage Contracts"}},"wdio_ui5_key":"sapm.GenericTile{\"header\":\"Manage Contracts\"}"}]}
RESULT: undefined
COMMAND: POST /session/19c5ed65dbd52b03c8c783813379e291/elements - {"using":"xpath","value":"//span[text()='Error']"}
RESULT: {"using":"xpath","value":"//span[text()='Error']"}
COMMAND: POST /session/19c5ed65dbd52b03c8c783813379e291/element - {"using":"xpath","value":"//button[@data-kt=\"addButton\"]"}
RESULT: {"using":"xpath","value":"//button[@data-kt=\"addButton\"]"}
COMMAND: POST /session/19c5ed65dbd52b03c8c783813379e291/elements - {"using":"xpath","value":"//button[@data-kt=\"addButton\"]"}
RESULT: {"using":"xpath","value":"//button[@data-kt=\"addButton\"]"}
COMMAND: POST /session/19c5ed65dbd52b03c8c783813379e291/elements - {"using":"xpath","value":"//button[@data-kt=\"addButton\"]"}
RESULT: {"using":"xpath","value":"//button[@data-kt=\"addButton\"]"}
COMMAND: POST /session/19c5ed65dbd52b03c8c783813379e291/elements - {"using":"xpath","value":"//button[@data-kt=\"addButton\"]"}
RESULT: {"using":"xpath","value":"//button[@data-kt=\"addButton\"]"}
COMMAND: POST /session/19c5ed65dbd52b03c8c783813379e291/elements - {"using":"xpath","value":"//button[@data-kt=\"addButton\"]"}
RESULT: {"using":"xpath","value":"//button[@data-kt=\"addButton\"]"}
COMMAND: POST /session/19c5ed65dbd52b03c8c783813379e291/elements - {"using":"xpath","value":"//button[@data-kt=\"addButton\"]"}
RESULT: {"using":"xpath","value":"//button[@data-kt=\"addButton\"]"}
COMMAND: POST /session/19c5ed65dbd52b03c8c783813379e291/elements - {"using":"xpath","value":"//button[@data-kt=\"addButton\"]"}
RESULT: {"using":"xpath","value":"//button[@data-kt=\"addButton\"]"}
COMMAND: POST /session/19c5ed65dbd52b03c8c783813379e291/elements - {"using":"xpath","value":"//button[@data-kt=\"addButton\"]"}
RESULT: {"using":"xpath","value":"//button[@data-kt=\"addButton\"]"}
COMMAND: POST /session/19c5ed65dbd52b03c8c783813379e291/elements - {"using":"xpath","value":"//button[@data-kt=\"addButton\"]"}
RESULT: {"using":"xpath","value":"//button[@data-kt=\"addButton\"]"}
COMMAND: POST /session/19c5ed65dbd52b03c8c783813379e291/elements - {"using":"xpath","value":"//button[@data-kt=\"addButton\"]"}
RESULT: {"using":"xpath","value":"//button[@data-kt=\"addButton\"]"}
COMMAND: POST /session/19c5ed65dbd52b03c8c783813379e291/elements - {"using":"xpath","value":"//button[@data-kt=\"addButton\"]"}
RESULT: {"using":"xpath","value":"//button[@data-kt=\"addButton\"]"}
COMMAND: POST /session/19c5ed65dbd52b03c8c783813379e291/elements - {"using":"xpath","value":"//button[@data-kt=\"addButton\"]"}
RESULT: {"using":"xpath","value":"//button[@data-kt=\"addButton\"]"}
COMMAND: POST /session/19c5ed65dbd52b03c8c783813379e291/elements - {"using":"xpath","value":"//button[@data-kt=\"addButton\"]"}
RESULT: {"using":"xpath","value":"//button[@data-kt=\"addButton\"]"}
COMMAND: POST /session/19c5ed65dbd52b03c8c783813379e291/elements - {"using":"xpath","value":"//button[@data-kt=\"addButton\"]"}
RESULT: {"using":"xpath","value":"//button[@data-kt=\"addButton\"]"}
COMMAND: POST /session/19c5ed65dbd52b03c8c783813379e291/elements - {"using":"xpath","value":"//button[@data-kt=\"addButton\"]"}
RESULT: {"using":"xpath","value":"//button[@data-kt=\"addButton\"]"}
COMMAND: POST /session/19c5ed65dbd52b03c8c783813379e291/elements - {"using":"xpath","value":"//button[@data-kt=\"addButton\"]"}
RESULT: {"using":"xpath","value":"//button[@data-kt=\"addButton\"]"}
COMMAND: POST /session/19c5ed65dbd52b03c8c783813379e291/elements - {"using":"xpath","value":"//button[@data-kt=\"addButton\"]"}
RESULT: {"using":"xpath","value":"//button[@data-kt=\"addButton\"]"}
COMMAND: POST /session/19c5ed65dbd52b03c8c783813379e291/elements - {"using":"xpath","value":"//button[@data-kt=\"addButton\"]"}
RESULT: {"using":"xpath","value":"//button[@data-kt=\"addButton\"]"}
COMMAND: POST /session/19c5ed65dbd52b03c8c783813379e291/elements - {"using":"xpath","value":"//button[@data-kt=\"addButton\"]"}
RESULT: {"using":"xpath","value":"//button[@data-kt=\"addButton\"]"}
COMMAND: POST /session/19c5ed65dbd52b03c8c783813379e291/elements - {"using":"xpath","value":"//button[@data-kt=\"addButton\"]"}
RESULT: {"using":"xpath","value":"//button[@data-kt=\"addButton\"]"}
COMMAND: POST /session/19c5ed65dbd52b03c8c783813379e291/elements - {"using":"xpath","value":"//button[@data-kt=\"addButton\"]"}
RESULT: {"using":"xpath","value":"//button[@data-kt=\"addButton\"]"}
COMMAND: POST /session/19c5ed65dbd52b03c8c783813379e291/elements - {"using":"xpath","value":"//button[@data-kt=\"addButton\"]"}
RESULT: {"using":"xpath","value":"//button[@data-kt=\"addButton\"]"}
COMMAND: POST /session/19c5ed65dbd52b03c8c783813379e291/elements - {"using":"xpath","value":"//button[@data-kt=\"addButton\"]"}
RESULT: {"using":"xpath","value":"//button[@data-kt=\"addButton\"]"}
COMMAND: POST /session/19c5ed65dbd52b03c8c783813379e291/elements - {"using":"xpath","value":"//button[@data-kt=\"addButton\"]"}
RESULT: {"using":"xpath","value":"//button[@data-kt=\"addButton\"]"}
COMMAND: POST /session/19c5ed65dbd52b03c8c783813379e291/elements - {"using":"xpath","value":"//button[@data-kt=\"addButton\"]"}
RESULT: {"using":"xpath","value":"//button[@data-kt=\"addButton\"]"}
COMMAND: POST /session/19c5ed65dbd52b03c8c783813379e291/elements - {"using":"xpath","value":"//button[@data-kt=\"addButton\"]"}
RESULT: {"using":"xpath","value":"//button[@data-kt=\"addButton\"]"}
COMMAND: POST /session/19c5ed65dbd52b03c8c783813379e291/elements - {"using":"xpath","value":"//button[@data-kt=\"addButton\"]"}
RESULT: {"using":"xpath","value":"//button[@data-kt=\"addButton\"]"}
COMMAND: POST /session/19c5ed65dbd52b03c8c783813379e291/elements - {"using":"xpath","value":"//button[@data-kt=\"addButton\"]"}
RESULT: {"using":"xpath","value":"//button[@data-kt=\"addButton\"]"}
COMMAND: POST /session/19c5ed65dbd52b03c8c783813379e291/elements - {"using":"xpath","value":"//button[@data-kt=\"addButton\"]"}
RESULT: {"using":"xpath","value":"//button[@data-kt=\"addButton\"]"}
COMMAND: POST /session/19c5ed65dbd52b03c8c783813379e291/elements - {"using":"xpath","value":"//button[@data-kt=\"addButton\"]"}
RESULT: {"using":"xpath","value":"//button[@data-kt=\"addButton\"]"}
COMMAND: POST /session/19c5ed65dbd52b03c8c783813379e291/elements - {"using":"xpath","value":"//button[@data-kt=\"addButton\"]"}
RESULT: {"using":"xpath","value":"//button[@data-kt=\"addButton\"]"}
COMMAND: POST /session/19c5ed65dbd52b03c8c783813379e291/elements - {"using":"xpath","value":"//button[@data-kt=\"addButton\"]"}
RESULT: {"using":"xpath","value":"//button[@data-kt=\"addButton\"]"}
COMMAND: POST /session/19c5ed65dbd52b03c8c783813379e291/elements - {"using":"xpath","value":"//button[@data-kt=\"addButton\"]"}
RESULT: {"using":"xpath","value":"//button[@data-kt=\"addButton\"]"}
COMMAND: POST /session/19c5ed65dbd52b03c8c783813379e291/elements - {"using":"xpath","value":"//button[@data-kt=\"addButton\"]"}
RESULT: {"using":"xpath","value":"//button[@data-kt=\"addButton\"]"}
COMMAND: POST /session/19c5ed65dbd52b03c8c783813379e291/elements - {"using":"xpath","value":"//button[@data-kt=\"addButton\"]"}
RESULT: {"using":"xpath","value":"//button[@data-kt=\"addButton\"]"}
COMMAND: POST /session/19c5ed65dbd52b03c8c783813379e291/elements - {"using":"xpath","value":"//button[@data-kt=\"addButton\"]"}
RESULT: {"using":"xpath","value":"//button[@data-kt=\"addButton\"]"}
COMMAND: POST /session/19c5ed65dbd52b03c8c783813379e291/elements - {"using":"xpath","value":"//button[@data-kt=\"addButton\"]"}
RESULT: {"using":"xpath","value":"//button[@data-kt=\"addButton\"]"}
COMMAND: POST /session/19c5ed65dbd52b03c8c783813379e291/elements - {"using":"xpath","value":"//button[@data-kt=\"addButton\"]"}
RESULT: {"using":"xpath","value":"//button[@data-kt=\"addButton\"]"}
COMMAND: POST /session/19c5ed65dbd52b03c8c783813379e291/elements - {"using":"xpath","value":"//button[@data-kt=\"addButton\"]"}
RESULT: {"using":"xpath","value":"//button[@data-kt=\"addButton\"]"}
COMMAND: POST /session/19c5ed65dbd52b03c8c783813379e291/elements - {"using":"xpath","value":"//button[@data-kt=\"addButton\"]"}
RESULT: {"using":"xpath","value":"//button[@data-kt=\"addButton\"]"}
COMMAND: POST /session/19c5ed65dbd52b03c8c783813379e291/elements - {"using":"xpath","value":"//button[@data-kt=\"addButton\"]"}
RESULT: {"using":"xpath","value":"//button[@data-kt=\"addButton\"]"}
COMMAND: POST /session/19c5ed65dbd52b03c8c783813379e291/elements - {"using":"xpath","value":"//button[@data-kt=\"addButton\"]"}
RESULT: {"using":"xpath","value":"//button[@data-kt=\"addButton\"]"}
COMMAND: POST /session/19c5ed65dbd52b03c8c783813379e291/elements - {"using":"xpath","value":"//button[@data-kt=\"addButton\"]"}
RESULT: {"using":"xpath","value":"//button[@data-kt=\"addButton\"]"}
COMMAND: POST /session/19c5ed65dbd52b03c8c783813379e291/elements - {"using":"xpath","value":"//button[@data-kt=\"addButton\"]"}
RESULT: {"using":"xpath","value":"//button[@data-kt=\"addButton\"]"}
COMMAND: POST /session/19c5ed65dbd52b03c8c783813379e291/elements - {"using":"xpath","value":"//button[@data-kt=\"addButton\"]"}
RESULT: {"using":"xpath","value":"//button[@data-kt=\"addButton\"]"}
COMMAND: POST /session/19c5ed65dbd52b03c8c783813379e291/elements - {"using":"xpath","value":"//button[@data-kt=\"addButton\"]"}
RESULT: {"using":"xpath","value":"//button[@data-kt=\"addButton\"]"}
COMMAND: POST /session/19c5ed65dbd52b03c8c783813379e291/elements - {"using":"xpath","value":"//button[@data-kt=\"addButton\"]"}
RESULT: {"using":"xpath","value":"//button[@data-kt=\"addButton\"]"}
COMMAND: POST /session/19c5ed65dbd52b03c8c783813379e291/elements - {"using":"xpath","value":"//button[@data-kt=\"addButton\"]"}
RESULT: {"using":"xpath","value":"//button[@data-kt=\"addButton\"]"}
COMMAND: POST /session/19c5ed65dbd52b03c8c783813379e291/elements - {"using":"xpath","value":"//button[@data-kt=\"addButton\"]"}
RESULT: {"using":"xpath","value":"//button[@data-kt=\"addButton\"]"}
COMMAND: POST /session/19c5ed65dbd52b03c8c783813379e291/elements - {"using":"xpath","value":"//button[@data-kt=\"addButton\"]"}
RESULT: {"using":"xpath","value":"//button[@data-kt=\"addButton\"]"}
COMMAND: POST /session/19c5ed65dbd52b03c8c783813379e291/elements - {"using":"xpath","value":"//button[@data-kt=\"addButton\"]"}
RESULT: {"using":"xpath","value":"//button[@data-kt=\"addButton\"]"}
COMMAND: POST /session/19c5ed65dbd52b03c8c783813379e291/elements - {"using":"xpath","value":"//button[@data-kt=\"addButton\"]"}
RESULT: {"using":"xpath","value":"//button[@data-kt=\"addButton\"]"}
COMMAND: POST /session/19c5ed65dbd52b03c8c783813379e291/elements - {"using":"xpath","value":"//button[@data-kt=\"addButton\"]"}
RESULT: {"using":"xpath","value":"//button[@data-kt=\"addButton\"]"}
COMMAND: POST /session/19c5ed65dbd52b03c8c783813379e291/elements - {"using":"xpath","value":"//button[@data-kt=\"addButton\"]"}
RESULT: {"using":"xpath","value":"//button[@data-kt=\"addButton\"]"}
COMMAND: POST /session/19c5ed65dbd52b03c8c783813379e291/elements - {"using":"xpath","value":"//button[@data-kt=\"addButton\"]"}
RESULT: {"using":"xpath","value":"//button[@data-kt=\"addButton\"]"}
COMMAND: POST /session/19c5ed65dbd52b03c8c783813379e291/elements - {"using":"xpath","value":"//button[@data-kt=\"addButton\"]"}
RESULT: {"using":"xpath","value":"//button[@data-kt=\"addButton\"]"}
COMMAND: POST /session/19c5ed65dbd52b03c8c783813379e291/elements - {"using":"xpath","value":"//button[@data-kt=\"addButton\"]"}
RESULT: {"using":"xpath","value":"//button[@data-kt=\"addButton\"]"}
COMMAND: POST /session/19c5ed65dbd52b03c8c783813379e291/elements - {"using":"xpath","value":"//button[@data-kt=\"addButton\"]"}
RESULT: {"using":"xpath","value":"//button[@data-kt=\"addButton\"]"}
COMMAND: POST /session/19c5ed65dbd52b03c8c783813379e291/elements - {"using":"xpath","value":"//button[@data-kt=\"addButton\"]"}
RESULT: {"using":"xpath","value":"//button[@data-kt=\"addButton\"]"}
COMMAND: POST /session/19c5ed65dbd52b03c8c783813379e291/elements - {"using":"xpath","value":"//button[@data-kt=\"addButton\"]"}
RESULT: {"using":"xpath","value":"//button[@data-kt=\"addButton\"]"}
COMMAND: POST /session/19c5ed65dbd52b03c8c783813379e291/elements - {"using":"xpath","value":"//button[@data-kt=\"addButton\"]"}
RESULT: {"using":"xpath","value":"//button[@data-kt=\"addButton\"]"}
COMMAND: POST /session/19c5ed65dbd52b03c8c783813379e291/elements - {"using":"xpath","value":"//button[@data-kt=\"addButton\"]"}
RESULT: {"using":"xpath","value":"//button[@data-kt=\"addButton\"]"}
COMMAND: POST /session/19c5ed65dbd52b03c8c783813379e291/elements - {"using":"xpath","value":"//button[@data-kt=\"addButton\"]"}
RESULT: {"using":"xpath","value":"//button[@data-kt=\"addButton\"]"}
COMMAND: POST /session/19c5ed65dbd52b03c8c783813379e291/elements - {"using":"xpath","value":"//button[@data-kt=\"addButton\"]"}
RESULT: {"using":"xpath","value":"//button[@data-kt=\"addButton\"]"}
COMMAND: POST /session/19c5ed65dbd52b03c8c783813379e291/elements - {"using":"xpath","value":"//button[@data-kt=\"addButton\"]"}
RESULT: {"using":"xpath","value":"//button[@data-kt=\"addButton\"]"}
COMMAND: POST /session/19c5ed65dbd52b03c8c783813379e291/elements - {"using":"xpath","value":"//button[@data-kt=\"addButton\"]"}
RESULT: {"using":"xpath","value":"//button[@data-kt=\"addButton\"]"}
COMMAND: POST /session/19c5ed65dbd52b03c8c783813379e291/elements - {"using":"xpath","value":"//button[@data-kt=\"addButton\"]"}
RESULT: {"using":"xpath","value":"//button[@data-kt=\"addButton\"]"}
COMMAND: POST /session/19c5ed65dbd52b03c8c783813379e291/elements - {"using":"xpath","value":"//button[@data-kt=\"addButton\"]"}
RESULT: {"using":"xpath","value":"//button[@data-kt=\"addButton\"]"}
COMMAND: POST /session/19c5ed65dbd52b03c8c783813379e291/elements - {"using":"xpath","value":"//button[@data-kt=\"addButton\"]"}
RESULT: {"using":"xpath","value":"//button[@data-kt=\"addButton\"]"}
COMMAND: POST /session/19c5ed65dbd52b03c8c783813379e291/elements - {"using":"xpath","value":"//button[@data-kt=\"addButton\"]"}
RESULT: {"using":"xpath","value":"//button[@data-kt=\"addButton\"]"}
COMMAND: POST /session/19c5ed65dbd52b03c8c783813379e291/elements - {"using":"xpath","value":"//button[@data-kt=\"addButton\"]"}
RESULT: {"using":"xpath","value":"//button[@data-kt=\"addButton\"]"}
COMMAND: POST /session/19c5ed65dbd52b03c8c783813379e291/elements - {"using":"xpath","value":"//button[@data-kt=\"addButton\"]"}
RESULT: {"using":"xpath","value":"//button[@data-kt=\"addButton\"]"}
COMMAND: POST /session/19c5ed65dbd52b03c8c783813379e291/elements - {"using":"xpath","value":"//button[@data-kt=\"addButton\"]"}
RESULT: {"using":"xpath","value":"//button[@data-kt=\"addButton\"]"}
COMMAND: POST /session/19c5ed65dbd52b03c8c783813379e291/elements - {"using":"xpath","value":"//button[@data-kt=\"addButton\"]"}
RESULT: {"using":"xpath","value":"//button[@data-kt=\"addButton\"]"}
COMMAND: POST /session/19c5ed65dbd52b03c8c783813379e291/elements - {"using":"xpath","value":"//button[@data-kt=\"addButton\"]"}
RESULT: {"using":"xpath","value":"//button[@data-kt=\"addButton\"]"}
COMMAND: POST /session/19c5ed65dbd52b03c8c783813379e291/elements - {"using":"xpath","value":"//button[@data-kt=\"addButton\"]"}
RESULT: {"using":"xpath","value":"//button[@data-kt=\"addButton\"]"}
COMMAND: POST /session/19c5ed65dbd52b03c8c783813379e291/elements - {"using":"xpath","value":"//button[@data-kt=\"addButton\"]"}
RESULT: {"using":"xpath","value":"//button[@data-kt=\"addButton\"]"}
COMMAND: POST /session/19c5ed65dbd52b03c8c783813379e291/elements - {"using":"xpath","value":"//button[@data-kt=\"addButton\"]"}
RESULT: {"using":"xpath","value":"//button[@data-kt=\"addButton\"]"}
COMMAND: POST /session/19c5ed65dbd52b03c8c783813379e291/elements - {"using":"xpath","value":"//button[@data-kt=\"addButton\"]"}
RESULT: {"using":"xpath","value":"//button[@data-kt=\"addButton\"]"}
COMMAND: POST /session/19c5ed65dbd52b03c8c783813379e291/elements - {"using":"xpath","value":"//button[@data-kt=\"addButton\"]"}
RESULT: {"using":"xpath","value":"//button[@data-kt=\"addButton\"]"}
COMMAND: POST /session/19c5ed65dbd52b03c8c783813379e291/elements - {"using":"xpath","value":"//button[@data-kt=\"addButton\"]"}
RESULT: {"using":"xpath","value":"//button[@data-kt=\"addButton\"]"}
COMMAND: POST /session/19c5ed65dbd52b03c8c783813379e291/elements - {"using":"xpath","value":"//button[@data-kt=\"addButton\"]"}
RESULT: {"using":"xpath","value":"//button[@data-kt=\"addButton\"]"}
COMMAND: POST /session/19c5ed65dbd52b03c8c783813379e291/elements - {"using":"xpath","value":"//button[@data-kt=\"addButton\"]"}
RESULT: {"using":"xpath","value":"//button[@data-kt=\"addButton\"]"}
COMMAND: POST /session/19c5ed65dbd52b03c8c783813379e291/elements - {"using":"xpath","value":"//button[@data-kt=\"addButton\"]"}
RESULT: {"using":"xpath","value":"//button[@data-kt=\"addButton\"]"}
COMMAND: POST /session/19c5ed65dbd52b03c8c783813379e291/elements - {"using":"xpath","value":"//button[@data-kt=\"addButton\"]"}
RESULT: {"using":"xpath","value":"//button[@data-kt=\"addButton\"]"}
COMMAND: POST /session/19c5ed65dbd52b03c8c783813379e291/elements - {"using":"xpath","value":"//button[@data-kt=\"addButton\"]"}
RESULT: {"using":"xpath","value":"//button[@data-kt=\"addButton\"]"}
COMMAND: POST /session/19c5ed65dbd52b03c8c783813379e291/elements - {"using":"xpath","value":"//button[@data-kt=\"addButton\"]"}
RESULT: {"using":"xpath","value":"//button[@data-kt=\"addButton\"]"}
COMMAND: POST /session/19c5ed65dbd52b03c8c783813379e291/elements - {"using":"xpath","value":"//button[@data-kt=\"addButton\"]"}
RESULT: {"using":"xpath","value":"//button[@data-kt=\"addButton\"]"}
COMMAND: POST /session/19c5ed65dbd52b03c8c783813379e291/elements - {"using":"xpath","value":"//button[@data-kt=\"addButton\"]"}
RESULT: {"using":"xpath","value":"//button[@data-kt=\"addButton\"]"}
COMMAND: POST /session/19c5ed65dbd52b03c8c783813379e291/elements - {"using":"xpath","value":"//button[@data-kt=\"addButton\"]"}
RESULT: {"using":"xpath","value":"//button[@data-kt=\"addButton\"]"}
COMMAND: POST /session/19c5ed65dbd52b03c8c783813379e291/elements - {"using":"xpath","value":"//button[@data-kt=\"addButton\"]"}
RESULT: {"using":"xpath","value":"//button[@data-kt=\"addButton\"]"}
COMMAND: POST /session/19c5ed65dbd52b03c8c783813379e291/elements - {"using":"xpath","value":"//button[@data-kt=\"addButton\"]"}
COMMAND: GET /session/19c5ed65dbd52b03c8c783813379e291/screenshot - {}
RESULT: {"using":"xpath","value":"//button[@data-kt=\"addButton\"]"}
RESULT: {}
]]></system-out>
      <system-err><![CDATA[
Error: element ("//button[@data-kt="addButton"]") still not existing after 45000ms
    at async UtilsPrerequisites.contractCreation (D:\a\1\s\test\specs\BTS\prerequisites-and-utils-functions.js:1741:9)
    at async Context.<anonymous> (D:\a\1\s\test\specs\BTS\billing-performance-workdays.spec.js:192:44)
]]></system-err>
    </testcase>
    <testcase classname="chrome.136_0_7103_93.windows.Performance_based_billing_(work_days)_US139742" name="Should add equipment to the contract" time="60.563">
      <failure/>
      <error message="Can't call click on element with selector &quot;//button[@data-kt=&quot;contractDetailEditBtnButton&quot;]&quot; because element wasn't found"/>
      <system-out><![CDATA[
COMMAND: GET /session/19c5ed65dbd52b03c8c783813379e291/screenshot - {}
COMMAND: POST /session/19c5ed65dbd52b03c8c783813379e291/element - {"using":"xpath","value":"//button[@data-kt=\"contractDetailEditBtnButton\"]"}
RESULT: {"using":"xpath","value":"//button[@data-kt=\"contractDetailEditBtnButton\"]"}
COMMAND: POST /session/19c5ed65dbd52b03c8c783813379e291/elements - {"using":"xpath","value":"//button[@data-kt=\"contractDetailEditBtnButton\"]"}
RESULT: {}
RESULT: {"using":"xpath","value":"//button[@data-kt=\"contractDetailEditBtnButton\"]"}
COMMAND: POST /session/19c5ed65dbd52b03c8c783813379e291/elements - {"using":"xpath","value":"//button[@data-kt=\"contractDetailEditBtnButton\"]"}
RESULT: {"using":"xpath","value":"//button[@data-kt=\"contractDetailEditBtnButton\"]"}
COMMAND: POST /session/19c5ed65dbd52b03c8c783813379e291/elements - {"using":"xpath","value":"//button[@data-kt=\"contractDetailEditBtnButton\"]"}
RESULT: {"using":"xpath","value":"//button[@data-kt=\"contractDetailEditBtnButton\"]"}
COMMAND: POST /session/19c5ed65dbd52b03c8c783813379e291/elements - {"using":"xpath","value":"//button[@data-kt=\"contractDetailEditBtnButton\"]"}
RESULT: {"using":"xpath","value":"//button[@data-kt=\"contractDetailEditBtnButton\"]"}
COMMAND: POST /session/19c5ed65dbd52b03c8c783813379e291/elements - {"using":"xpath","value":"//button[@data-kt=\"contractDetailEditBtnButton\"]"}
RESULT: {"using":"xpath","value":"//button[@data-kt=\"contractDetailEditBtnButton\"]"}
COMMAND: POST /session/19c5ed65dbd52b03c8c783813379e291/elements - {"using":"xpath","value":"//button[@data-kt=\"contractDetailEditBtnButton\"]"}
RESULT: {"using":"xpath","value":"//button[@data-kt=\"contractDetailEditBtnButton\"]"}
COMMAND: POST /session/19c5ed65dbd52b03c8c783813379e291/elements - {"using":"xpath","value":"//button[@data-kt=\"contractDetailEditBtnButton\"]"}
RESULT: {"using":"xpath","value":"//button[@data-kt=\"contractDetailEditBtnButton\"]"}
COMMAND: POST /session/19c5ed65dbd52b03c8c783813379e291/elements - {"using":"xpath","value":"//button[@data-kt=\"contractDetailEditBtnButton\"]"}
RESULT: {"using":"xpath","value":"//button[@data-kt=\"contractDetailEditBtnButton\"]"}
COMMAND: POST /session/19c5ed65dbd52b03c8c783813379e291/elements - {"using":"xpath","value":"//button[@data-kt=\"contractDetailEditBtnButton\"]"}
RESULT: {"using":"xpath","value":"//button[@data-kt=\"contractDetailEditBtnButton\"]"}
COMMAND: POST /session/19c5ed65dbd52b03c8c783813379e291/elements - {"using":"xpath","value":"//button[@data-kt=\"contractDetailEditBtnButton\"]"}
RESULT: {"using":"xpath","value":"//button[@data-kt=\"contractDetailEditBtnButton\"]"}
COMMAND: POST /session/19c5ed65dbd52b03c8c783813379e291/elements - {"using":"xpath","value":"//button[@data-kt=\"contractDetailEditBtnButton\"]"}
RESULT: {"using":"xpath","value":"//button[@data-kt=\"contractDetailEditBtnButton\"]"}
COMMAND: POST /session/19c5ed65dbd52b03c8c783813379e291/elements - {"using":"xpath","value":"//button[@data-kt=\"contractDetailEditBtnButton\"]"}
RESULT: {"using":"xpath","value":"//button[@data-kt=\"contractDetailEditBtnButton\"]"}
COMMAND: POST /session/19c5ed65dbd52b03c8c783813379e291/elements - {"using":"xpath","value":"//button[@data-kt=\"contractDetailEditBtnButton\"]"}
RESULT: {"using":"xpath","value":"//button[@data-kt=\"contractDetailEditBtnButton\"]"}
COMMAND: POST /session/19c5ed65dbd52b03c8c783813379e291/elements - {"using":"xpath","value":"//button[@data-kt=\"contractDetailEditBtnButton\"]"}
RESULT: {"using":"xpath","value":"//button[@data-kt=\"contractDetailEditBtnButton\"]"}
COMMAND: POST /session/19c5ed65dbd52b03c8c783813379e291/elements - {"using":"xpath","value":"//button[@data-kt=\"contractDetailEditBtnButton\"]"}
RESULT: {"using":"xpath","value":"//button[@data-kt=\"contractDetailEditBtnButton\"]"}
COMMAND: POST /session/19c5ed65dbd52b03c8c783813379e291/elements - {"using":"xpath","value":"//button[@data-kt=\"contractDetailEditBtnButton\"]"}
RESULT: {"using":"xpath","value":"//button[@data-kt=\"contractDetailEditBtnButton\"]"}
COMMAND: POST /session/19c5ed65dbd52b03c8c783813379e291/elements - {"using":"xpath","value":"//button[@data-kt=\"contractDetailEditBtnButton\"]"}
RESULT: {"using":"xpath","value":"//button[@data-kt=\"contractDetailEditBtnButton\"]"}
COMMAND: POST /session/19c5ed65dbd52b03c8c783813379e291/elements - {"using":"xpath","value":"//button[@data-kt=\"contractDetailEditBtnButton\"]"}
RESULT: {"using":"xpath","value":"//button[@data-kt=\"contractDetailEditBtnButton\"]"}
COMMAND: POST /session/19c5ed65dbd52b03c8c783813379e291/elements - {"using":"xpath","value":"//button[@data-kt=\"contractDetailEditBtnButton\"]"}
RESULT: {"using":"xpath","value":"//button[@data-kt=\"contractDetailEditBtnButton\"]"}
COMMAND: POST /session/19c5ed65dbd52b03c8c783813379e291/elements - {"using":"xpath","value":"//button[@data-kt=\"contractDetailEditBtnButton\"]"}
RESULT: {"using":"xpath","value":"//button[@data-kt=\"contractDetailEditBtnButton\"]"}
COMMAND: POST /session/19c5ed65dbd52b03c8c783813379e291/elements - {"using":"xpath","value":"//button[@data-kt=\"contractDetailEditBtnButton\"]"}
RESULT: {"using":"xpath","value":"//button[@data-kt=\"contractDetailEditBtnButton\"]"}
COMMAND: POST /session/19c5ed65dbd52b03c8c783813379e291/elements - {"using":"xpath","value":"//button[@data-kt=\"contractDetailEditBtnButton\"]"}
RESULT: {"using":"xpath","value":"//button[@data-kt=\"contractDetailEditBtnButton\"]"}
COMMAND: POST /session/19c5ed65dbd52b03c8c783813379e291/elements - {"using":"xpath","value":"//button[@data-kt=\"contractDetailEditBtnButton\"]"}
RESULT: {"using":"xpath","value":"//button[@data-kt=\"contractDetailEditBtnButton\"]"}
COMMAND: POST /session/19c5ed65dbd52b03c8c783813379e291/elements - {"using":"xpath","value":"//button[@data-kt=\"contractDetailEditBtnButton\"]"}
RESULT: {"using":"xpath","value":"//button[@data-kt=\"contractDetailEditBtnButton\"]"}
COMMAND: POST /session/19c5ed65dbd52b03c8c783813379e291/elements - {"using":"xpath","value":"//button[@data-kt=\"contractDetailEditBtnButton\"]"}
RESULT: {"using":"xpath","value":"//button[@data-kt=\"contractDetailEditBtnButton\"]"}
COMMAND: POST /session/19c5ed65dbd52b03c8c783813379e291/elements - {"using":"xpath","value":"//button[@data-kt=\"contractDetailEditBtnButton\"]"}
RESULT: {"using":"xpath","value":"//button[@data-kt=\"contractDetailEditBtnButton\"]"}
COMMAND: POST /session/19c5ed65dbd52b03c8c783813379e291/elements - {"using":"xpath","value":"//button[@data-kt=\"contractDetailEditBtnButton\"]"}
RESULT: {"using":"xpath","value":"//button[@data-kt=\"contractDetailEditBtnButton\"]"}
COMMAND: POST /session/19c5ed65dbd52b03c8c783813379e291/elements - {"using":"xpath","value":"//button[@data-kt=\"contractDetailEditBtnButton\"]"}
RESULT: {"using":"xpath","value":"//button[@data-kt=\"contractDetailEditBtnButton\"]"}
COMMAND: POST /session/19c5ed65dbd52b03c8c783813379e291/elements - {"using":"xpath","value":"//button[@data-kt=\"contractDetailEditBtnButton\"]"}
RESULT: {"using":"xpath","value":"//button[@data-kt=\"contractDetailEditBtnButton\"]"}
COMMAND: POST /session/19c5ed65dbd52b03c8c783813379e291/elements - {"using":"xpath","value":"//button[@data-kt=\"contractDetailEditBtnButton\"]"}
RESULT: {"using":"xpath","value":"//button[@data-kt=\"contractDetailEditBtnButton\"]"}
COMMAND: POST /session/19c5ed65dbd52b03c8c783813379e291/elements - {"using":"xpath","value":"//button[@data-kt=\"contractDetailEditBtnButton\"]"}
RESULT: {"using":"xpath","value":"//button[@data-kt=\"contractDetailEditBtnButton\"]"}
COMMAND: POST /session/19c5ed65dbd52b03c8c783813379e291/elements - {"using":"xpath","value":"//button[@data-kt=\"contractDetailEditBtnButton\"]"}
RESULT: {"using":"xpath","value":"//button[@data-kt=\"contractDetailEditBtnButton\"]"}
COMMAND: POST /session/19c5ed65dbd52b03c8c783813379e291/elements - {"using":"xpath","value":"//button[@data-kt=\"contractDetailEditBtnButton\"]"}
RESULT: {"using":"xpath","value":"//button[@data-kt=\"contractDetailEditBtnButton\"]"}
COMMAND: POST /session/19c5ed65dbd52b03c8c783813379e291/elements - {"using":"xpath","value":"//button[@data-kt=\"contractDetailEditBtnButton\"]"}
RESULT: {"using":"xpath","value":"//button[@data-kt=\"contractDetailEditBtnButton\"]"}
COMMAND: POST /session/19c5ed65dbd52b03c8c783813379e291/elements - {"using":"xpath","value":"//button[@data-kt=\"contractDetailEditBtnButton\"]"}
RESULT: {"using":"xpath","value":"//button[@data-kt=\"contractDetailEditBtnButton\"]"}
COMMAND: POST /session/19c5ed65dbd52b03c8c783813379e291/elements - {"using":"xpath","value":"//button[@data-kt=\"contractDetailEditBtnButton\"]"}
RESULT: {"using":"xpath","value":"//button[@data-kt=\"contractDetailEditBtnButton\"]"}
COMMAND: POST /session/19c5ed65dbd52b03c8c783813379e291/elements - {"using":"xpath","value":"//button[@data-kt=\"contractDetailEditBtnButton\"]"}
RESULT: {"using":"xpath","value":"//button[@data-kt=\"contractDetailEditBtnButton\"]"}
COMMAND: POST /session/19c5ed65dbd52b03c8c783813379e291/elements - {"using":"xpath","value":"//button[@data-kt=\"contractDetailEditBtnButton\"]"}
RESULT: {"using":"xpath","value":"//button[@data-kt=\"contractDetailEditBtnButton\"]"}
COMMAND: POST /session/19c5ed65dbd52b03c8c783813379e291/elements - {"using":"xpath","value":"//button[@data-kt=\"contractDetailEditBtnButton\"]"}
RESULT: {"using":"xpath","value":"//button[@data-kt=\"contractDetailEditBtnButton\"]"}
COMMAND: POST /session/19c5ed65dbd52b03c8c783813379e291/elements - {"using":"xpath","value":"//button[@data-kt=\"contractDetailEditBtnButton\"]"}
RESULT: {"using":"xpath","value":"//button[@data-kt=\"contractDetailEditBtnButton\"]"}
COMMAND: POST /session/19c5ed65dbd52b03c8c783813379e291/elements - {"using":"xpath","value":"//button[@data-kt=\"contractDetailEditBtnButton\"]"}
RESULT: {"using":"xpath","value":"//button[@data-kt=\"contractDetailEditBtnButton\"]"}
COMMAND: POST /session/19c5ed65dbd52b03c8c783813379e291/elements - {"using":"xpath","value":"//button[@data-kt=\"contractDetailEditBtnButton\"]"}
RESULT: {"using":"xpath","value":"//button[@data-kt=\"contractDetailEditBtnButton\"]"}
COMMAND: POST /session/19c5ed65dbd52b03c8c783813379e291/elements - {"using":"xpath","value":"//button[@data-kt=\"contractDetailEditBtnButton\"]"}
RESULT: {"using":"xpath","value":"//button[@data-kt=\"contractDetailEditBtnButton\"]"}
COMMAND: POST /session/19c5ed65dbd52b03c8c783813379e291/elements - {"using":"xpath","value":"//button[@data-kt=\"contractDetailEditBtnButton\"]"}
RESULT: {"using":"xpath","value":"//button[@data-kt=\"contractDetailEditBtnButton\"]"}
COMMAND: POST /session/19c5ed65dbd52b03c8c783813379e291/elements - {"using":"xpath","value":"//button[@data-kt=\"contractDetailEditBtnButton\"]"}
RESULT: {"using":"xpath","value":"//button[@data-kt=\"contractDetailEditBtnButton\"]"}
COMMAND: POST /session/19c5ed65dbd52b03c8c783813379e291/elements - {"using":"xpath","value":"//button[@data-kt=\"contractDetailEditBtnButton\"]"}
RESULT: {"using":"xpath","value":"//button[@data-kt=\"contractDetailEditBtnButton\"]"}
COMMAND: POST /session/19c5ed65dbd52b03c8c783813379e291/elements - {"using":"xpath","value":"//button[@data-kt=\"contractDetailEditBtnButton\"]"}
RESULT: {"using":"xpath","value":"//button[@data-kt=\"contractDetailEditBtnButton\"]"}
COMMAND: POST /session/19c5ed65dbd52b03c8c783813379e291/elements - {"using":"xpath","value":"//button[@data-kt=\"contractDetailEditBtnButton\"]"}
RESULT: {"using":"xpath","value":"//button[@data-kt=\"contractDetailEditBtnButton\"]"}
COMMAND: POST /session/19c5ed65dbd52b03c8c783813379e291/elements - {"using":"xpath","value":"//button[@data-kt=\"contractDetailEditBtnButton\"]"}
RESULT: {"using":"xpath","value":"//button[@data-kt=\"contractDetailEditBtnButton\"]"}
COMMAND: POST /session/19c5ed65dbd52b03c8c783813379e291/elements - {"using":"xpath","value":"//button[@data-kt=\"contractDetailEditBtnButton\"]"}
RESULT: {"using":"xpath","value":"//button[@data-kt=\"contractDetailEditBtnButton\"]"}
COMMAND: POST /session/19c5ed65dbd52b03c8c783813379e291/elements - {"using":"xpath","value":"//button[@data-kt=\"contractDetailEditBtnButton\"]"}
RESULT: {"using":"xpath","value":"//button[@data-kt=\"contractDetailEditBtnButton\"]"}
COMMAND: POST /session/19c5ed65dbd52b03c8c783813379e291/elements - {"using":"xpath","value":"//button[@data-kt=\"contractDetailEditBtnButton\"]"}
RESULT: {"using":"xpath","value":"//button[@data-kt=\"contractDetailEditBtnButton\"]"}
COMMAND: POST /session/19c5ed65dbd52b03c8c783813379e291/elements - {"using":"xpath","value":"//button[@data-kt=\"contractDetailEditBtnButton\"]"}
RESULT: {"using":"xpath","value":"//button[@data-kt=\"contractDetailEditBtnButton\"]"}
COMMAND: POST /session/19c5ed65dbd52b03c8c783813379e291/elements - {"using":"xpath","value":"//button[@data-kt=\"contractDetailEditBtnButton\"]"}
RESULT: {"using":"xpath","value":"//button[@data-kt=\"contractDetailEditBtnButton\"]"}
COMMAND: POST /session/19c5ed65dbd52b03c8c783813379e291/elements - {"using":"xpath","value":"//button[@data-kt=\"contractDetailEditBtnButton\"]"}
RESULT: {"using":"xpath","value":"//button[@data-kt=\"contractDetailEditBtnButton\"]"}
COMMAND: POST /session/19c5ed65dbd52b03c8c783813379e291/elements - {"using":"xpath","value":"//button[@data-kt=\"contractDetailEditBtnButton\"]"}
RESULT: {"using":"xpath","value":"//button[@data-kt=\"contractDetailEditBtnButton\"]"}
COMMAND: POST /session/19c5ed65dbd52b03c8c783813379e291/elements - {"using":"xpath","value":"//button[@data-kt=\"contractDetailEditBtnButton\"]"}
RESULT: {"using":"xpath","value":"//button[@data-kt=\"contractDetailEditBtnButton\"]"}
COMMAND: POST /session/19c5ed65dbd52b03c8c783813379e291/elements - {"using":"xpath","value":"//button[@data-kt=\"contractDetailEditBtnButton\"]"}
RESULT: {"using":"xpath","value":"//button[@data-kt=\"contractDetailEditBtnButton\"]"}
COMMAND: POST /session/19c5ed65dbd52b03c8c783813379e291/elements - {"using":"xpath","value":"//button[@data-kt=\"contractDetailEditBtnButton\"]"}
RESULT: {"using":"xpath","value":"//button[@data-kt=\"contractDetailEditBtnButton\"]"}
COMMAND: POST /session/19c5ed65dbd52b03c8c783813379e291/elements - {"using":"xpath","value":"//button[@data-kt=\"contractDetailEditBtnButton\"]"}
RESULT: {"using":"xpath","value":"//button[@data-kt=\"contractDetailEditBtnButton\"]"}
COMMAND: POST /session/19c5ed65dbd52b03c8c783813379e291/elements - {"using":"xpath","value":"//button[@data-kt=\"contractDetailEditBtnButton\"]"}
RESULT: {"using":"xpath","value":"//button[@data-kt=\"contractDetailEditBtnButton\"]"}
COMMAND: POST /session/19c5ed65dbd52b03c8c783813379e291/elements - {"using":"xpath","value":"//button[@data-kt=\"contractDetailEditBtnButton\"]"}
RESULT: {"using":"xpath","value":"//button[@data-kt=\"contractDetailEditBtnButton\"]"}
COMMAND: POST /session/19c5ed65dbd52b03c8c783813379e291/elements - {"using":"xpath","value":"//button[@data-kt=\"contractDetailEditBtnButton\"]"}
RESULT: {"using":"xpath","value":"//button[@data-kt=\"contractDetailEditBtnButton\"]"}
COMMAND: POST /session/19c5ed65dbd52b03c8c783813379e291/elements - {"using":"xpath","value":"//button[@data-kt=\"contractDetailEditBtnButton\"]"}
RESULT: {"using":"xpath","value":"//button[@data-kt=\"contractDetailEditBtnButton\"]"}
COMMAND: POST /session/19c5ed65dbd52b03c8c783813379e291/elements - {"using":"xpath","value":"//button[@data-kt=\"contractDetailEditBtnButton\"]"}
RESULT: {"using":"xpath","value":"//button[@data-kt=\"contractDetailEditBtnButton\"]"}
COMMAND: POST /session/19c5ed65dbd52b03c8c783813379e291/elements - {"using":"xpath","value":"//button[@data-kt=\"contractDetailEditBtnButton\"]"}
RESULT: {"using":"xpath","value":"//button[@data-kt=\"contractDetailEditBtnButton\"]"}
COMMAND: POST /session/19c5ed65dbd52b03c8c783813379e291/elements - {"using":"xpath","value":"//button[@data-kt=\"contractDetailEditBtnButton\"]"}
RESULT: {"using":"xpath","value":"//button[@data-kt=\"contractDetailEditBtnButton\"]"}
COMMAND: POST /session/19c5ed65dbd52b03c8c783813379e291/elements - {"using":"xpath","value":"//button[@data-kt=\"contractDetailEditBtnButton\"]"}
RESULT: {"using":"xpath","value":"//button[@data-kt=\"contractDetailEditBtnButton\"]"}
COMMAND: POST /session/19c5ed65dbd52b03c8c783813379e291/elements - {"using":"xpath","value":"//button[@data-kt=\"contractDetailEditBtnButton\"]"}
RESULT: {"using":"xpath","value":"//button[@data-kt=\"contractDetailEditBtnButton\"]"}
COMMAND: POST /session/19c5ed65dbd52b03c8c783813379e291/elements - {"using":"xpath","value":"//button[@data-kt=\"contractDetailEditBtnButton\"]"}
RESULT: {"using":"xpath","value":"//button[@data-kt=\"contractDetailEditBtnButton\"]"}
COMMAND: POST /session/19c5ed65dbd52b03c8c783813379e291/elements - {"using":"xpath","value":"//button[@data-kt=\"contractDetailEditBtnButton\"]"}
RESULT: {"using":"xpath","value":"//button[@data-kt=\"contractDetailEditBtnButton\"]"}
COMMAND: POST /session/19c5ed65dbd52b03c8c783813379e291/elements - {"using":"xpath","value":"//button[@data-kt=\"contractDetailEditBtnButton\"]"}
RESULT: {"using":"xpath","value":"//button[@data-kt=\"contractDetailEditBtnButton\"]"}
COMMAND: POST /session/19c5ed65dbd52b03c8c783813379e291/elements - {"using":"xpath","value":"//button[@data-kt=\"contractDetailEditBtnButton\"]"}
RESULT: {"using":"xpath","value":"//button[@data-kt=\"contractDetailEditBtnButton\"]"}
COMMAND: POST /session/19c5ed65dbd52b03c8c783813379e291/elements - {"using":"xpath","value":"//button[@data-kt=\"contractDetailEditBtnButton\"]"}
RESULT: {"using":"xpath","value":"//button[@data-kt=\"contractDetailEditBtnButton\"]"}
COMMAND: POST /session/19c5ed65dbd52b03c8c783813379e291/elements - {"using":"xpath","value":"//button[@data-kt=\"contractDetailEditBtnButton\"]"}
RESULT: {"using":"xpath","value":"//button[@data-kt=\"contractDetailEditBtnButton\"]"}
COMMAND: POST /session/19c5ed65dbd52b03c8c783813379e291/elements - {"using":"xpath","value":"//button[@data-kt=\"contractDetailEditBtnButton\"]"}
RESULT: {"using":"xpath","value":"//button[@data-kt=\"contractDetailEditBtnButton\"]"}
COMMAND: POST /session/19c5ed65dbd52b03c8c783813379e291/elements - {"using":"xpath","value":"//button[@data-kt=\"contractDetailEditBtnButton\"]"}
RESULT: {"using":"xpath","value":"//button[@data-kt=\"contractDetailEditBtnButton\"]"}
COMMAND: POST /session/19c5ed65dbd52b03c8c783813379e291/elements - {"using":"xpath","value":"//button[@data-kt=\"contractDetailEditBtnButton\"]"}
RESULT: {"using":"xpath","value":"//button[@data-kt=\"contractDetailEditBtnButton\"]"}
COMMAND: POST /session/19c5ed65dbd52b03c8c783813379e291/elements - {"using":"xpath","value":"//button[@data-kt=\"contractDetailEditBtnButton\"]"}
RESULT: {"using":"xpath","value":"//button[@data-kt=\"contractDetailEditBtnButton\"]"}
COMMAND: POST /session/19c5ed65dbd52b03c8c783813379e291/elements - {"using":"xpath","value":"//button[@data-kt=\"contractDetailEditBtnButton\"]"}
RESULT: {"using":"xpath","value":"//button[@data-kt=\"contractDetailEditBtnButton\"]"}
COMMAND: POST /session/19c5ed65dbd52b03c8c783813379e291/elements - {"using":"xpath","value":"//button[@data-kt=\"contractDetailEditBtnButton\"]"}
RESULT: {"using":"xpath","value":"//button[@data-kt=\"contractDetailEditBtnButton\"]"}
COMMAND: POST /session/19c5ed65dbd52b03c8c783813379e291/elements - {"using":"xpath","value":"//button[@data-kt=\"contractDetailEditBtnButton\"]"}
RESULT: {"using":"xpath","value":"//button[@data-kt=\"contractDetailEditBtnButton\"]"}
COMMAND: POST /session/19c5ed65dbd52b03c8c783813379e291/elements - {"using":"xpath","value":"//button[@data-kt=\"contractDetailEditBtnButton\"]"}
RESULT: {"using":"xpath","value":"//button[@data-kt=\"contractDetailEditBtnButton\"]"}
COMMAND: POST /session/19c5ed65dbd52b03c8c783813379e291/elements - {"using":"xpath","value":"//button[@data-kt=\"contractDetailEditBtnButton\"]"}
RESULT: {"using":"xpath","value":"//button[@data-kt=\"contractDetailEditBtnButton\"]"}
COMMAND: POST /session/19c5ed65dbd52b03c8c783813379e291/elements - {"using":"xpath","value":"//button[@data-kt=\"contractDetailEditBtnButton\"]"}
RESULT: {"using":"xpath","value":"//button[@data-kt=\"contractDetailEditBtnButton\"]"}
COMMAND: POST /session/19c5ed65dbd52b03c8c783813379e291/elements - {"using":"xpath","value":"//button[@data-kt=\"contractDetailEditBtnButton\"]"}
RESULT: {"using":"xpath","value":"//button[@data-kt=\"contractDetailEditBtnButton\"]"}
COMMAND: POST /session/19c5ed65dbd52b03c8c783813379e291/elements - {"using":"xpath","value":"//button[@data-kt=\"contractDetailEditBtnButton\"]"}
RESULT: {"using":"xpath","value":"//button[@data-kt=\"contractDetailEditBtnButton\"]"}
COMMAND: POST /session/19c5ed65dbd52b03c8c783813379e291/elements - {"using":"xpath","value":"//button[@data-kt=\"contractDetailEditBtnButton\"]"}
RESULT: {"using":"xpath","value":"//button[@data-kt=\"contractDetailEditBtnButton\"]"}
COMMAND: POST /session/19c5ed65dbd52b03c8c783813379e291/elements - {"using":"xpath","value":"//button[@data-kt=\"contractDetailEditBtnButton\"]"}
RESULT: {"using":"xpath","value":"//button[@data-kt=\"contractDetailEditBtnButton\"]"}
COMMAND: POST /session/19c5ed65dbd52b03c8c783813379e291/elements - {"using":"xpath","value":"//button[@data-kt=\"contractDetailEditBtnButton\"]"}
RESULT: {"using":"xpath","value":"//button[@data-kt=\"contractDetailEditBtnButton\"]"}
COMMAND: POST /session/19c5ed65dbd52b03c8c783813379e291/elements - {"using":"xpath","value":"//button[@data-kt=\"contractDetailEditBtnButton\"]"}
RESULT: {"using":"xpath","value":"//button[@data-kt=\"contractDetailEditBtnButton\"]"}
COMMAND: POST /session/19c5ed65dbd52b03c8c783813379e291/elements - {"using":"xpath","value":"//button[@data-kt=\"contractDetailEditBtnButton\"]"}
RESULT: {"using":"xpath","value":"//button[@data-kt=\"contractDetailEditBtnButton\"]"}
COMMAND: POST /session/19c5ed65dbd52b03c8c783813379e291/elements - {"using":"xpath","value":"//button[@data-kt=\"contractDetailEditBtnButton\"]"}
RESULT: {"using":"xpath","value":"//button[@data-kt=\"contractDetailEditBtnButton\"]"}
COMMAND: POST /session/19c5ed65dbd52b03c8c783813379e291/elements - {"using":"xpath","value":"//button[@data-kt=\"contractDetailEditBtnButton\"]"}
RESULT: {"using":"xpath","value":"//button[@data-kt=\"contractDetailEditBtnButton\"]"}
COMMAND: POST /session/19c5ed65dbd52b03c8c783813379e291/elements - {"using":"xpath","value":"//button[@data-kt=\"contractDetailEditBtnButton\"]"}
RESULT: {"using":"xpath","value":"//button[@data-kt=\"contractDetailEditBtnButton\"]"}
COMMAND: POST /session/19c5ed65dbd52b03c8c783813379e291/elements - {"using":"xpath","value":"//button[@data-kt=\"contractDetailEditBtnButton\"]"}
RESULT: {"using":"xpath","value":"//button[@data-kt=\"contractDetailEditBtnButton\"]"}
COMMAND: POST /session/19c5ed65dbd52b03c8c783813379e291/elements - {"using":"xpath","value":"//button[@data-kt=\"contractDetailEditBtnButton\"]"}
RESULT: {"using":"xpath","value":"//button[@data-kt=\"contractDetailEditBtnButton\"]"}
COMMAND: POST /session/19c5ed65dbd52b03c8c783813379e291/elements - {"using":"xpath","value":"//button[@data-kt=\"contractDetailEditBtnButton\"]"}
RESULT: {"using":"xpath","value":"//button[@data-kt=\"contractDetailEditBtnButton\"]"}
COMMAND: POST /session/19c5ed65dbd52b03c8c783813379e291/elements - {"using":"xpath","value":"//button[@data-kt=\"contractDetailEditBtnButton\"]"}
RESULT: {"using":"xpath","value":"//button[@data-kt=\"contractDetailEditBtnButton\"]"}
COMMAND: POST /session/19c5ed65dbd52b03c8c783813379e291/elements - {"using":"xpath","value":"//button[@data-kt=\"contractDetailEditBtnButton\"]"}
RESULT: {"using":"xpath","value":"//button[@data-kt=\"contractDetailEditBtnButton\"]"}
COMMAND: POST /session/19c5ed65dbd52b03c8c783813379e291/elements - {"using":"xpath","value":"//button[@data-kt=\"contractDetailEditBtnButton\"]"}
RESULT: {"using":"xpath","value":"//button[@data-kt=\"contractDetailEditBtnButton\"]"}
COMMAND: POST /session/19c5ed65dbd52b03c8c783813379e291/elements - {"using":"xpath","value":"//button[@data-kt=\"contractDetailEditBtnButton\"]"}
RESULT: {"using":"xpath","value":"//button[@data-kt=\"contractDetailEditBtnButton\"]"}
COMMAND: POST /session/19c5ed65dbd52b03c8c783813379e291/elements - {"using":"xpath","value":"//button[@data-kt=\"contractDetailEditBtnButton\"]"}
RESULT: {"using":"xpath","value":"//button[@data-kt=\"contractDetailEditBtnButton\"]"}
COMMAND: POST /session/19c5ed65dbd52b03c8c783813379e291/elements - {"using":"xpath","value":"//button[@data-kt=\"contractDetailEditBtnButton\"]"}
RESULT: {"using":"xpath","value":"//button[@data-kt=\"contractDetailEditBtnButton\"]"}
COMMAND: POST /session/19c5ed65dbd52b03c8c783813379e291/elements - {"using":"xpath","value":"//button[@data-kt=\"contractDetailEditBtnButton\"]"}
RESULT: {"using":"xpath","value":"//button[@data-kt=\"contractDetailEditBtnButton\"]"}
COMMAND: POST /session/19c5ed65dbd52b03c8c783813379e291/elements - {"using":"xpath","value":"//button[@data-kt=\"contractDetailEditBtnButton\"]"}
RESULT: {"using":"xpath","value":"//button[@data-kt=\"contractDetailEditBtnButton\"]"}
COMMAND: POST /session/19c5ed65dbd52b03c8c783813379e291/elements - {"using":"xpath","value":"//button[@data-kt=\"contractDetailEditBtnButton\"]"}
RESULT: {"using":"xpath","value":"//button[@data-kt=\"contractDetailEditBtnButton\"]"}
COMMAND: POST /session/19c5ed65dbd52b03c8c783813379e291/elements - {"using":"xpath","value":"//button[@data-kt=\"contractDetailEditBtnButton\"]"}
RESULT: {"using":"xpath","value":"//button[@data-kt=\"contractDetailEditBtnButton\"]"}
COMMAND: POST /session/19c5ed65dbd52b03c8c783813379e291/elements - {"using":"xpath","value":"//button[@data-kt=\"contractDetailEditBtnButton\"]"}
RESULT: {"using":"xpath","value":"//button[@data-kt=\"contractDetailEditBtnButton\"]"}
COMMAND: POST /session/19c5ed65dbd52b03c8c783813379e291/elements - {"using":"xpath","value":"//button[@data-kt=\"contractDetailEditBtnButton\"]"}
RESULT: {"using":"xpath","value":"//button[@data-kt=\"contractDetailEditBtnButton\"]"}
COMMAND: POST /session/19c5ed65dbd52b03c8c783813379e291/elements - {"using":"xpath","value":"//button[@data-kt=\"contractDetailEditBtnButton\"]"}
RESULT: {"using":"xpath","value":"//button[@data-kt=\"contractDetailEditBtnButton\"]"}
COMMAND: POST /session/19c5ed65dbd52b03c8c783813379e291/elements - {"using":"xpath","value":"//button[@data-kt=\"contractDetailEditBtnButton\"]"}
RESULT: {"using":"xpath","value":"//button[@data-kt=\"contractDetailEditBtnButton\"]"}
COMMAND: POST /session/19c5ed65dbd52b03c8c783813379e291/elements - {"using":"xpath","value":"//button[@data-kt=\"contractDetailEditBtnButton\"]"}
RESULT: {"using":"xpath","value":"//button[@data-kt=\"contractDetailEditBtnButton\"]"}
COMMAND: POST /session/19c5ed65dbd52b03c8c783813379e291/elements - {"using":"xpath","value":"//button[@data-kt=\"contractDetailEditBtnButton\"]"}
RESULT: {"using":"xpath","value":"//button[@data-kt=\"contractDetailEditBtnButton\"]"}
COMMAND: POST /session/19c5ed65dbd52b03c8c783813379e291/elements - {"using":"xpath","value":"//button[@data-kt=\"contractDetailEditBtnButton\"]"}
RESULT: {"using":"xpath","value":"//button[@data-kt=\"contractDetailEditBtnButton\"]"}
COMMAND: POST /session/19c5ed65dbd52b03c8c783813379e291/elements - {"using":"xpath","value":"//button[@data-kt=\"contractDetailEditBtnButton\"]"}
RESULT: {"using":"xpath","value":"//button[@data-kt=\"contractDetailEditBtnButton\"]"}
COMMAND: POST /session/19c5ed65dbd52b03c8c783813379e291/elements - {"using":"xpath","value":"//button[@data-kt=\"contractDetailEditBtnButton\"]"}
RESULT: {"using":"xpath","value":"//button[@data-kt=\"contractDetailEditBtnButton\"]"}
COMMAND: POST /session/19c5ed65dbd52b03c8c783813379e291/elements - {"using":"xpath","value":"//button[@data-kt=\"contractDetailEditBtnButton\"]"}
RESULT: {"using":"xpath","value":"//button[@data-kt=\"contractDetailEditBtnButton\"]"}
COMMAND: POST /session/19c5ed65dbd52b03c8c783813379e291/elements - {"using":"xpath","value":"//button[@data-kt=\"contractDetailEditBtnButton\"]"}
RESULT: {"using":"xpath","value":"//button[@data-kt=\"contractDetailEditBtnButton\"]"}
COMMAND: POST /session/19c5ed65dbd52b03c8c783813379e291/elements - {"using":"xpath","value":"//button[@data-kt=\"contractDetailEditBtnButton\"]"}
RESULT: {"using":"xpath","value":"//button[@data-kt=\"contractDetailEditBtnButton\"]"}
COMMAND: POST /session/19c5ed65dbd52b03c8c783813379e291/elements - {"using":"xpath","value":"//button[@data-kt=\"contractDetailEditBtnButton\"]"}
COMMAND: GET /session/19c5ed65dbd52b03c8c783813379e291/screenshot - {}
RESULT: {"using":"xpath","value":"//button[@data-kt=\"contractDetailEditBtnButton\"]"}
RESULT: {}
COMMAND: GET /session/19c5ed65dbd52b03c8c783813379e291/screenshot - {}
]]></system-out>
      <system-err><![CDATA[
Error: Can't call click on element with selector "//button[@data-kt="contractDetailEditBtnButton"]" because element wasn't found
    at async UtilsPrerequisites.addItemToContract (D:\a\1\s\test\specs\BTS\prerequisites-and-utils-functions.js:1852:9)
    at async Context.<anonymous> (D:\a\1\s\test\specs\BTS\billing-performance-workdays.spec.js:196:9)
]]></system-err>
    </testcase>
    <testcase classname="chrome.136_0_7103_93.windows.Performance_based_billing_(work_days)_US139742" name="Should do a provide to site handover" time="61.077">
      <failure/>
      <error message="Can't call click on element with selector &quot;//button[@data-kt=&quot;provideButton&quot;]&quot; because element wasn't found"/>
      <system-out><![CDATA[
COMMAND: POST /session/19c5ed65dbd52b03c8c783813379e291/element - {"using":"xpath","value":"//button[@data-kt=\"provideButton\"]"}
RESULT: {"using":"xpath","value":"//button[@data-kt=\"provideButton\"]"}
COMMAND: POST /session/19c5ed65dbd52b03c8c783813379e291/elements - {"using":"xpath","value":"//button[@data-kt=\"provideButton\"]"}
RESULT: {}
RESULT: {"using":"xpath","value":"//button[@data-kt=\"provideButton\"]"}
COMMAND: POST /session/19c5ed65dbd52b03c8c783813379e291/elements - {"using":"xpath","value":"//button[@data-kt=\"provideButton\"]"}
RESULT: {"using":"xpath","value":"//button[@data-kt=\"provideButton\"]"}
COMMAND: POST /session/19c5ed65dbd52b03c8c783813379e291/elements - {"using":"xpath","value":"//button[@data-kt=\"provideButton\"]"}
RESULT: {"using":"xpath","value":"//button[@data-kt=\"provideButton\"]"}
COMMAND: POST /session/19c5ed65dbd52b03c8c783813379e291/elements - {"using":"xpath","value":"//button[@data-kt=\"provideButton\"]"}
RESULT: {"using":"xpath","value":"//button[@data-kt=\"provideButton\"]"}
COMMAND: POST /session/19c5ed65dbd52b03c8c783813379e291/elements - {"using":"xpath","value":"//button[@data-kt=\"provideButton\"]"}
RESULT: {"using":"xpath","value":"//button[@data-kt=\"provideButton\"]"}
COMMAND: POST /session/19c5ed65dbd52b03c8c783813379e291/elements - {"using":"xpath","value":"//button[@data-kt=\"provideButton\"]"}
RESULT: {"using":"xpath","value":"//button[@data-kt=\"provideButton\"]"}
COMMAND: POST /session/19c5ed65dbd52b03c8c783813379e291/elements - {"using":"xpath","value":"//button[@data-kt=\"provideButton\"]"}
RESULT: {"using":"xpath","value":"//button[@data-kt=\"provideButton\"]"}
COMMAND: POST /session/19c5ed65dbd52b03c8c783813379e291/elements - {"using":"xpath","value":"//button[@data-kt=\"provideButton\"]"}
RESULT: {"using":"xpath","value":"//button[@data-kt=\"provideButton\"]"}
COMMAND: POST /session/19c5ed65dbd52b03c8c783813379e291/elements - {"using":"xpath","value":"//button[@data-kt=\"provideButton\"]"}
RESULT: {"using":"xpath","value":"//button[@data-kt=\"provideButton\"]"}
COMMAND: POST /session/19c5ed65dbd52b03c8c783813379e291/elements - {"using":"xpath","value":"//button[@data-kt=\"provideButton\"]"}
RESULT: {"using":"xpath","value":"//button[@data-kt=\"provideButton\"]"}
COMMAND: POST /session/19c5ed65dbd52b03c8c783813379e291/elements - {"using":"xpath","value":"//button[@data-kt=\"provideButton\"]"}
RESULT: {"using":"xpath","value":"//button[@data-kt=\"provideButton\"]"}
COMMAND: POST /session/19c5ed65dbd52b03c8c783813379e291/elements - {"using":"xpath","value":"//button[@data-kt=\"provideButton\"]"}
RESULT: {"using":"xpath","value":"//button[@data-kt=\"provideButton\"]"}
COMMAND: POST /session/19c5ed65dbd52b03c8c783813379e291/elements - {"using":"xpath","value":"//button[@data-kt=\"provideButton\"]"}
RESULT: {"using":"xpath","value":"//button[@data-kt=\"provideButton\"]"}
COMMAND: POST /session/19c5ed65dbd52b03c8c783813379e291/elements - {"using":"xpath","value":"//button[@data-kt=\"provideButton\"]"}
RESULT: {"using":"xpath","value":"//button[@data-kt=\"provideButton\"]"}
COMMAND: POST /session/19c5ed65dbd52b03c8c783813379e291/elements - {"using":"xpath","value":"//button[@data-kt=\"provideButton\"]"}
RESULT: {"using":"xpath","value":"//button[@data-kt=\"provideButton\"]"}
COMMAND: POST /session/19c5ed65dbd52b03c8c783813379e291/elements - {"using":"xpath","value":"//button[@data-kt=\"provideButton\"]"}
RESULT: {"using":"xpath","value":"//button[@data-kt=\"provideButton\"]"}
COMMAND: POST /session/19c5ed65dbd52b03c8c783813379e291/elements - {"using":"xpath","value":"//button[@data-kt=\"provideButton\"]"}
RESULT: {"using":"xpath","value":"//button[@data-kt=\"provideButton\"]"}
COMMAND: POST /session/19c5ed65dbd52b03c8c783813379e291/elements - {"using":"xpath","value":"//button[@data-kt=\"provideButton\"]"}
RESULT: {"using":"xpath","value":"//button[@data-kt=\"provideButton\"]"}
COMMAND: POST /session/19c5ed65dbd52b03c8c783813379e291/elements - {"using":"xpath","value":"//button[@data-kt=\"provideButton\"]"}
RESULT: {"using":"xpath","value":"//button[@data-kt=\"provideButton\"]"}
COMMAND: POST /session/19c5ed65dbd52b03c8c783813379e291/elements - {"using":"xpath","value":"//button[@data-kt=\"provideButton\"]"}
RESULT: {"using":"xpath","value":"//button[@data-kt=\"provideButton\"]"}
COMMAND: POST /session/19c5ed65dbd52b03c8c783813379e291/elements - {"using":"xpath","value":"//button[@data-kt=\"provideButton\"]"}
RESULT: {"using":"xpath","value":"//button[@data-kt=\"provideButton\"]"}
COMMAND: POST /session/19c5ed65dbd52b03c8c783813379e291/elements - {"using":"xpath","value":"//button[@data-kt=\"provideButton\"]"}
RESULT: {"using":"xpath","value":"//button[@data-kt=\"provideButton\"]"}
COMMAND: POST /session/19c5ed65dbd52b03c8c783813379e291/elements - {"using":"xpath","value":"//button[@data-kt=\"provideButton\"]"}
RESULT: {"using":"xpath","value":"//button[@data-kt=\"provideButton\"]"}
COMMAND: POST /session/19c5ed65dbd52b03c8c783813379e291/elements - {"using":"xpath","value":"//button[@data-kt=\"provideButton\"]"}
RESULT: {"using":"xpath","value":"//button[@data-kt=\"provideButton\"]"}
COMMAND: POST /session/19c5ed65dbd52b03c8c783813379e291/elements - {"using":"xpath","value":"//button[@data-kt=\"provideButton\"]"}
RESULT: {"using":"xpath","value":"//button[@data-kt=\"provideButton\"]"}
COMMAND: POST /session/19c5ed65dbd52b03c8c783813379e291/elements - {"using":"xpath","value":"//button[@data-kt=\"provideButton\"]"}
RESULT: {"using":"xpath","value":"//button[@data-kt=\"provideButton\"]"}
COMMAND: POST /session/19c5ed65dbd52b03c8c783813379e291/elements - {"using":"xpath","value":"//button[@data-kt=\"provideButton\"]"}
RESULT: {"using":"xpath","value":"//button[@data-kt=\"provideButton\"]"}
COMMAND: POST /session/19c5ed65dbd52b03c8c783813379e291/elements - {"using":"xpath","value":"//button[@data-kt=\"provideButton\"]"}
RESULT: {"using":"xpath","value":"//button[@data-kt=\"provideButton\"]"}
COMMAND: POST /session/19c5ed65dbd52b03c8c783813379e291/elements - {"using":"xpath","value":"//button[@data-kt=\"provideButton\"]"}
RESULT: {"using":"xpath","value":"//button[@data-kt=\"provideButton\"]"}
COMMAND: POST /session/19c5ed65dbd52b03c8c783813379e291/elements - {"using":"xpath","value":"//button[@data-kt=\"provideButton\"]"}
RESULT: {"using":"xpath","value":"//button[@data-kt=\"provideButton\"]"}
COMMAND: POST /session/19c5ed65dbd52b03c8c783813379e291/elements - {"using":"xpath","value":"//button[@data-kt=\"provideButton\"]"}
RESULT: {"using":"xpath","value":"//button[@data-kt=\"provideButton\"]"}
COMMAND: POST /session/19c5ed65dbd52b03c8c783813379e291/elements - {"using":"xpath","value":"//button[@data-kt=\"provideButton\"]"}
RESULT: {"using":"xpath","value":"//button[@data-kt=\"provideButton\"]"}
COMMAND: POST /session/19c5ed65dbd52b03c8c783813379e291/elements - {"using":"xpath","value":"//button[@data-kt=\"provideButton\"]"}
RESULT: {"using":"xpath","value":"//button[@data-kt=\"provideButton\"]"}
COMMAND: POST /session/19c5ed65dbd52b03c8c783813379e291/elements - {"using":"xpath","value":"//button[@data-kt=\"provideButton\"]"}
RESULT: {"using":"xpath","value":"//button[@data-kt=\"provideButton\"]"}
COMMAND: POST /session/19c5ed65dbd52b03c8c783813379e291/elements - {"using":"xpath","value":"//button[@data-kt=\"provideButton\"]"}
RESULT: {"using":"xpath","value":"//button[@data-kt=\"provideButton\"]"}
COMMAND: POST /session/19c5ed65dbd52b03c8c783813379e291/elements - {"using":"xpath","value":"//button[@data-kt=\"provideButton\"]"}
RESULT: {"using":"xpath","value":"//button[@data-kt=\"provideButton\"]"}
COMMAND: POST /session/19c5ed65dbd52b03c8c783813379e291/elements - {"using":"xpath","value":"//button[@data-kt=\"provideButton\"]"}
RESULT: {"using":"xpath","value":"//button[@data-kt=\"provideButton\"]"}
COMMAND: POST /session/19c5ed65dbd52b03c8c783813379e291/elements - {"using":"xpath","value":"//button[@data-kt=\"provideButton\"]"}
RESULT: {"using":"xpath","value":"//button[@data-kt=\"provideButton\"]"}
COMMAND: POST /session/19c5ed65dbd52b03c8c783813379e291/elements - {"using":"xpath","value":"//button[@data-kt=\"provideButton\"]"}
RESULT: {"using":"xpath","value":"//button[@data-kt=\"provideButton\"]"}
COMMAND: POST /session/19c5ed65dbd52b03c8c783813379e291/elements - {"using":"xpath","value":"//button[@data-kt=\"provideButton\"]"}
RESULT: {"using":"xpath","value":"//button[@data-kt=\"provideButton\"]"}
COMMAND: POST /session/19c5ed65dbd52b03c8c783813379e291/elements - {"using":"xpath","value":"//button[@data-kt=\"provideButton\"]"}
RESULT: {"using":"xpath","value":"//button[@data-kt=\"provideButton\"]"}
COMMAND: POST /session/19c5ed65dbd52b03c8c783813379e291/elements - {"using":"xpath","value":"//button[@data-kt=\"provideButton\"]"}
RESULT: {"using":"xpath","value":"//button[@data-kt=\"provideButton\"]"}
COMMAND: POST /session/19c5ed65dbd52b03c8c783813379e291/elements - {"using":"xpath","value":"//button[@data-kt=\"provideButton\"]"}
RESULT: {"using":"xpath","value":"//button[@data-kt=\"provideButton\"]"}
COMMAND: POST /session/19c5ed65dbd52b03c8c783813379e291/elements - {"using":"xpath","value":"//button[@data-kt=\"provideButton\"]"}
RESULT: {"using":"xpath","value":"//button[@data-kt=\"provideButton\"]"}
COMMAND: POST /session/19c5ed65dbd52b03c8c783813379e291/elements - {"using":"xpath","value":"//button[@data-kt=\"provideButton\"]"}
RESULT: {"using":"xpath","value":"//button[@data-kt=\"provideButton\"]"}
COMMAND: POST /session/19c5ed65dbd52b03c8c783813379e291/elements - {"using":"xpath","value":"//button[@data-kt=\"provideButton\"]"}
RESULT: {"using":"xpath","value":"//button[@data-kt=\"provideButton\"]"}
COMMAND: POST /session/19c5ed65dbd52b03c8c783813379e291/elements - {"using":"xpath","value":"//button[@data-kt=\"provideButton\"]"}
RESULT: {"using":"xpath","value":"//button[@data-kt=\"provideButton\"]"}
COMMAND: POST /session/19c5ed65dbd52b03c8c783813379e291/elements - {"using":"xpath","value":"//button[@data-kt=\"provideButton\"]"}
RESULT: {"using":"xpath","value":"//button[@data-kt=\"provideButton\"]"}
COMMAND: POST /session/19c5ed65dbd52b03c8c783813379e291/elements - {"using":"xpath","value":"//button[@data-kt=\"provideButton\"]"}
RESULT: {"using":"xpath","value":"//button[@data-kt=\"provideButton\"]"}
COMMAND: POST /session/19c5ed65dbd52b03c8c783813379e291/elements - {"using":"xpath","value":"//button[@data-kt=\"provideButton\"]"}
RESULT: {"using":"xpath","value":"//button[@data-kt=\"provideButton\"]"}
COMMAND: POST /session/19c5ed65dbd52b03c8c783813379e291/elements - {"using":"xpath","value":"//button[@data-kt=\"provideButton\"]"}
RESULT: {"using":"xpath","value":"//button[@data-kt=\"provideButton\"]"}
COMMAND: POST /session/19c5ed65dbd52b03c8c783813379e291/elements - {"using":"xpath","value":"//button[@data-kt=\"provideButton\"]"}
RESULT: {"using":"xpath","value":"//button[@data-kt=\"provideButton\"]"}
COMMAND: POST /session/19c5ed65dbd52b03c8c783813379e291/elements - {"using":"xpath","value":"//button[@data-kt=\"provideButton\"]"}
RESULT: {"using":"xpath","value":"//button[@data-kt=\"provideButton\"]"}
COMMAND: POST /session/19c5ed65dbd52b03c8c783813379e291/elements - {"using":"xpath","value":"//button[@data-kt=\"provideButton\"]"}
RESULT: {"using":"xpath","value":"//button[@data-kt=\"provideButton\"]"}
COMMAND: POST /session/19c5ed65dbd52b03c8c783813379e291/elements - {"using":"xpath","value":"//button[@data-kt=\"provideButton\"]"}
RESULT: {"using":"xpath","value":"//button[@data-kt=\"provideButton\"]"}
COMMAND: POST /session/19c5ed65dbd52b03c8c783813379e291/elements - {"using":"xpath","value":"//button[@data-kt=\"provideButton\"]"}
RESULT: {"using":"xpath","value":"//button[@data-kt=\"provideButton\"]"}
COMMAND: POST /session/19c5ed65dbd52b03c8c783813379e291/elements - {"using":"xpath","value":"//button[@data-kt=\"provideButton\"]"}
RESULT: {"using":"xpath","value":"//button[@data-kt=\"provideButton\"]"}
COMMAND: POST /session/19c5ed65dbd52b03c8c783813379e291/elements - {"using":"xpath","value":"//button[@data-kt=\"provideButton\"]"}
RESULT: {"using":"xpath","value":"//button[@data-kt=\"provideButton\"]"}
COMMAND: POST /session/19c5ed65dbd52b03c8c783813379e291/elements - {"using":"xpath","value":"//button[@data-kt=\"provideButton\"]"}
RESULT: {"using":"xpath","value":"//button[@data-kt=\"provideButton\"]"}
COMMAND: POST /session/19c5ed65dbd52b03c8c783813379e291/elements - {"using":"xpath","value":"//button[@data-kt=\"provideButton\"]"}
RESULT: {"using":"xpath","value":"//button[@data-kt=\"provideButton\"]"}
COMMAND: POST /session/19c5ed65dbd52b03c8c783813379e291/elements - {"using":"xpath","value":"//button[@data-kt=\"provideButton\"]"}
RESULT: {"using":"xpath","value":"//button[@data-kt=\"provideButton\"]"}
COMMAND: POST /session/19c5ed65dbd52b03c8c783813379e291/elements - {"using":"xpath","value":"//button[@data-kt=\"provideButton\"]"}
RESULT: {"using":"xpath","value":"//button[@data-kt=\"provideButton\"]"}
COMMAND: POST /session/19c5ed65dbd52b03c8c783813379e291/elements - {"using":"xpath","value":"//button[@data-kt=\"provideButton\"]"}
RESULT: {"using":"xpath","value":"//button[@data-kt=\"provideButton\"]"}
COMMAND: POST /session/19c5ed65dbd52b03c8c783813379e291/elements - {"using":"xpath","value":"//button[@data-kt=\"provideButton\"]"}
RESULT: {"using":"xpath","value":"//button[@data-kt=\"provideButton\"]"}
COMMAND: POST /session/19c5ed65dbd52b03c8c783813379e291/elements - {"using":"xpath","value":"//button[@data-kt=\"provideButton\"]"}
RESULT: {"using":"xpath","value":"//button[@data-kt=\"provideButton\"]"}
COMMAND: POST /session/19c5ed65dbd52b03c8c783813379e291/elements - {"using":"xpath","value":"//button[@data-kt=\"provideButton\"]"}
RESULT: {"using":"xpath","value":"//button[@data-kt=\"provideButton\"]"}
COMMAND: POST /session/19c5ed65dbd52b03c8c783813379e291/elements - {"using":"xpath","value":"//button[@data-kt=\"provideButton\"]"}
RESULT: {"using":"xpath","value":"//button[@data-kt=\"provideButton\"]"}
COMMAND: POST /session/19c5ed65dbd52b03c8c783813379e291/elements - {"using":"xpath","value":"//button[@data-kt=\"provideButton\"]"}
RESULT: {"using":"xpath","value":"//button[@data-kt=\"provideButton\"]"}
COMMAND: POST /session/19c5ed65dbd52b03c8c783813379e291/elements - {"using":"xpath","value":"//button[@data-kt=\"provideButton\"]"}
RESULT: {"using":"xpath","value":"//button[@data-kt=\"provideButton\"]"}
COMMAND: POST /session/19c5ed65dbd52b03c8c783813379e291/elements - {"using":"xpath","value":"//button[@data-kt=\"provideButton\"]"}
RESULT: {"using":"xpath","value":"//button[@data-kt=\"provideButton\"]"}
COMMAND: POST /session/19c5ed65dbd52b03c8c783813379e291/elements - {"using":"xpath","value":"//button[@data-kt=\"provideButton\"]"}
RESULT: {"using":"xpath","value":"//button[@data-kt=\"provideButton\"]"}
COMMAND: POST /session/19c5ed65dbd52b03c8c783813379e291/elements - {"using":"xpath","value":"//button[@data-kt=\"provideButton\"]"}
RESULT: {"using":"xpath","value":"//button[@data-kt=\"provideButton\"]"}
COMMAND: POST /session/19c5ed65dbd52b03c8c783813379e291/elements - {"using":"xpath","value":"//button[@data-kt=\"provideButton\"]"}
RESULT: {"using":"xpath","value":"//button[@data-kt=\"provideButton\"]"}
COMMAND: POST /session/19c5ed65dbd52b03c8c783813379e291/elements - {"using":"xpath","value":"//button[@data-kt=\"provideButton\"]"}
RESULT: {"using":"xpath","value":"//button[@data-kt=\"provideButton\"]"}
COMMAND: POST /session/19c5ed65dbd52b03c8c783813379e291/elements - {"using":"xpath","value":"//button[@data-kt=\"provideButton\"]"}
RESULT: {"using":"xpath","value":"//button[@data-kt=\"provideButton\"]"}
COMMAND: POST /session/19c5ed65dbd52b03c8c783813379e291/elements - {"using":"xpath","value":"//button[@data-kt=\"provideButton\"]"}
RESULT: {"using":"xpath","value":"//button[@data-kt=\"provideButton\"]"}
COMMAND: POST /session/19c5ed65dbd52b03c8c783813379e291/elements - {"using":"xpath","value":"//button[@data-kt=\"provideButton\"]"}
RESULT: {"using":"xpath","value":"//button[@data-kt=\"provideButton\"]"}
COMMAND: POST /session/19c5ed65dbd52b03c8c783813379e291/elements - {"using":"xpath","value":"//button[@data-kt=\"provideButton\"]"}
RESULT: {"using":"xpath","value":"//button[@data-kt=\"provideButton\"]"}
COMMAND: POST /session/19c5ed65dbd52b03c8c783813379e291/elements - {"using":"xpath","value":"//button[@data-kt=\"provideButton\"]"}
RESULT: {"using":"xpath","value":"//button[@data-kt=\"provideButton\"]"}
COMMAND: POST /session/19c5ed65dbd52b03c8c783813379e291/elements - {"using":"xpath","value":"//button[@data-kt=\"provideButton\"]"}
RESULT: {"using":"xpath","value":"//button[@data-kt=\"provideButton\"]"}
COMMAND: POST /session/19c5ed65dbd52b03c8c783813379e291/elements - {"using":"xpath","value":"//button[@data-kt=\"provideButton\"]"}
RESULT: {"using":"xpath","value":"//button[@data-kt=\"provideButton\"]"}
COMMAND: POST /session/19c5ed65dbd52b03c8c783813379e291/elements - {"using":"xpath","value":"//button[@data-kt=\"provideButton\"]"}
RESULT: {"using":"xpath","value":"//button[@data-kt=\"provideButton\"]"}
COMMAND: POST /session/19c5ed65dbd52b03c8c783813379e291/elements - {"using":"xpath","value":"//button[@data-kt=\"provideButton\"]"}
RESULT: {"using":"xpath","value":"//button[@data-kt=\"provideButton\"]"}
COMMAND: POST /session/19c5ed65dbd52b03c8c783813379e291/elements - {"using":"xpath","value":"//button[@data-kt=\"provideButton\"]"}
RESULT: {"using":"xpath","value":"//button[@data-kt=\"provideButton\"]"}
COMMAND: POST /session/19c5ed65dbd52b03c8c783813379e291/elements - {"using":"xpath","value":"//button[@data-kt=\"provideButton\"]"}
RESULT: {"using":"xpath","value":"//button[@data-kt=\"provideButton\"]"}
COMMAND: POST /session/19c5ed65dbd52b03c8c783813379e291/elements - {"using":"xpath","value":"//button[@data-kt=\"provideButton\"]"}
RESULT: {"using":"xpath","value":"//button[@data-kt=\"provideButton\"]"}
COMMAND: POST /session/19c5ed65dbd52b03c8c783813379e291/elements - {"using":"xpath","value":"//button[@data-kt=\"provideButton\"]"}
RESULT: {"using":"xpath","value":"//button[@data-kt=\"provideButton\"]"}
COMMAND: POST /session/19c5ed65dbd52b03c8c783813379e291/elements - {"using":"xpath","value":"//button[@data-kt=\"provideButton\"]"}
RESULT: {"using":"xpath","value":"//button[@data-kt=\"provideButton\"]"}
COMMAND: POST /session/19c5ed65dbd52b03c8c783813379e291/elements - {"using":"xpath","value":"//button[@data-kt=\"provideButton\"]"}
RESULT: {"using":"xpath","value":"//button[@data-kt=\"provideButton\"]"}
COMMAND: POST /session/19c5ed65dbd52b03c8c783813379e291/elements - {"using":"xpath","value":"//button[@data-kt=\"provideButton\"]"}
RESULT: {"using":"xpath","value":"//button[@data-kt=\"provideButton\"]"}
COMMAND: POST /session/19c5ed65dbd52b03c8c783813379e291/elements - {"using":"xpath","value":"//button[@data-kt=\"provideButton\"]"}
RESULT: {"using":"xpath","value":"//button[@data-kt=\"provideButton\"]"}
COMMAND: POST /session/19c5ed65dbd52b03c8c783813379e291/elements - {"using":"xpath","value":"//button[@data-kt=\"provideButton\"]"}
RESULT: {"using":"xpath","value":"//button[@data-kt=\"provideButton\"]"}
COMMAND: POST /session/19c5ed65dbd52b03c8c783813379e291/elements - {"using":"xpath","value":"//button[@data-kt=\"provideButton\"]"}
RESULT: {"using":"xpath","value":"//button[@data-kt=\"provideButton\"]"}
COMMAND: POST /session/19c5ed65dbd52b03c8c783813379e291/elements - {"using":"xpath","value":"//button[@data-kt=\"provideButton\"]"}
RESULT: {"using":"xpath","value":"//button[@data-kt=\"provideButton\"]"}
COMMAND: POST /session/19c5ed65dbd52b03c8c783813379e291/elements - {"using":"xpath","value":"//button[@data-kt=\"provideButton\"]"}
RESULT: {"using":"xpath","value":"//button[@data-kt=\"provideButton\"]"}
COMMAND: POST /session/19c5ed65dbd52b03c8c783813379e291/elements - {"using":"xpath","value":"//button[@data-kt=\"provideButton\"]"}
RESULT: {"using":"xpath","value":"//button[@data-kt=\"provideButton\"]"}
COMMAND: POST /session/19c5ed65dbd52b03c8c783813379e291/elements - {"using":"xpath","value":"//button[@data-kt=\"provideButton\"]"}
RESULT: {"using":"xpath","value":"//button[@data-kt=\"provideButton\"]"}
COMMAND: POST /session/19c5ed65dbd52b03c8c783813379e291/elements - {"using":"xpath","value":"//button[@data-kt=\"provideButton\"]"}
RESULT: {"using":"xpath","value":"//button[@data-kt=\"provideButton\"]"}
COMMAND: POST /session/19c5ed65dbd52b03c8c783813379e291/elements - {"using":"xpath","value":"//button[@data-kt=\"provideButton\"]"}
RESULT: {"using":"xpath","value":"//button[@data-kt=\"provideButton\"]"}
COMMAND: POST /session/19c5ed65dbd52b03c8c783813379e291/elements - {"using":"xpath","value":"//button[@data-kt=\"provideButton\"]"}
RESULT: {"using":"xpath","value":"//button[@data-kt=\"provideButton\"]"}
COMMAND: POST /session/19c5ed65dbd52b03c8c783813379e291/elements - {"using":"xpath","value":"//button[@data-kt=\"provideButton\"]"}
RESULT: {"using":"xpath","value":"//button[@data-kt=\"provideButton\"]"}
COMMAND: POST /session/19c5ed65dbd52b03c8c783813379e291/elements - {"using":"xpath","value":"//button[@data-kt=\"provideButton\"]"}
RESULT: {"using":"xpath","value":"//button[@data-kt=\"provideButton\"]"}
COMMAND: POST /session/19c5ed65dbd52b03c8c783813379e291/elements - {"using":"xpath","value":"//button[@data-kt=\"provideButton\"]"}
RESULT: {"using":"xpath","value":"//button[@data-kt=\"provideButton\"]"}
COMMAND: POST /session/19c5ed65dbd52b03c8c783813379e291/elements - {"using":"xpath","value":"//button[@data-kt=\"provideButton\"]"}
RESULT: {"using":"xpath","value":"//button[@data-kt=\"provideButton\"]"}
COMMAND: POST /session/19c5ed65dbd52b03c8c783813379e291/elements - {"using":"xpath","value":"//button[@data-kt=\"provideButton\"]"}
RESULT: {"using":"xpath","value":"//button[@data-kt=\"provideButton\"]"}
COMMAND: POST /session/19c5ed65dbd52b03c8c783813379e291/elements - {"using":"xpath","value":"//button[@data-kt=\"provideButton\"]"}
RESULT: {"using":"xpath","value":"//button[@data-kt=\"provideButton\"]"}
COMMAND: POST /session/19c5ed65dbd52b03c8c783813379e291/elements - {"using":"xpath","value":"//button[@data-kt=\"provideButton\"]"}
RESULT: {"using":"xpath","value":"//button[@data-kt=\"provideButton\"]"}
COMMAND: POST /session/19c5ed65dbd52b03c8c783813379e291/elements - {"using":"xpath","value":"//button[@data-kt=\"provideButton\"]"}
RESULT: {"using":"xpath","value":"//button[@data-kt=\"provideButton\"]"}
COMMAND: POST /session/19c5ed65dbd52b03c8c783813379e291/elements - {"using":"xpath","value":"//button[@data-kt=\"provideButton\"]"}
RESULT: {"using":"xpath","value":"//button[@data-kt=\"provideButton\"]"}
COMMAND: POST /session/19c5ed65dbd52b03c8c783813379e291/elements - {"using":"xpath","value":"//button[@data-kt=\"provideButton\"]"}
RESULT: {"using":"xpath","value":"//button[@data-kt=\"provideButton\"]"}
COMMAND: POST /session/19c5ed65dbd52b03c8c783813379e291/elements - {"using":"xpath","value":"//button[@data-kt=\"provideButton\"]"}
RESULT: {"using":"xpath","value":"//button[@data-kt=\"provideButton\"]"}
COMMAND: POST /session/19c5ed65dbd52b03c8c783813379e291/elements - {"using":"xpath","value":"//button[@data-kt=\"provideButton\"]"}
RESULT: {"using":"xpath","value":"//button[@data-kt=\"provideButton\"]"}
COMMAND: POST /session/19c5ed65dbd52b03c8c783813379e291/elements - {"using":"xpath","value":"//button[@data-kt=\"provideButton\"]"}
RESULT: {"using":"xpath","value":"//button[@data-kt=\"provideButton\"]"}
COMMAND: POST /session/19c5ed65dbd52b03c8c783813379e291/elements - {"using":"xpath","value":"//button[@data-kt=\"provideButton\"]"}
RESULT: {"using":"xpath","value":"//button[@data-kt=\"provideButton\"]"}
COMMAND: POST /session/19c5ed65dbd52b03c8c783813379e291/elements - {"using":"xpath","value":"//button[@data-kt=\"provideButton\"]"}
RESULT: {"using":"xpath","value":"//button[@data-kt=\"provideButton\"]"}
COMMAND: POST /session/19c5ed65dbd52b03c8c783813379e291/elements - {"using":"xpath","value":"//button[@data-kt=\"provideButton\"]"}
RESULT: {"using":"xpath","value":"//button[@data-kt=\"provideButton\"]"}
COMMAND: POST /session/19c5ed65dbd52b03c8c783813379e291/elements - {"using":"xpath","value":"//button[@data-kt=\"provideButton\"]"}
RESULT: {"using":"xpath","value":"//button[@data-kt=\"provideButton\"]"}
COMMAND: POST /session/19c5ed65dbd52b03c8c783813379e291/elements - {"using":"xpath","value":"//button[@data-kt=\"provideButton\"]"}
RESULT: {"using":"xpath","value":"//button[@data-kt=\"provideButton\"]"}
COMMAND: POST /session/19c5ed65dbd52b03c8c783813379e291/elements - {"using":"xpath","value":"//button[@data-kt=\"provideButton\"]"}
RESULT: {"using":"xpath","value":"//button[@data-kt=\"provideButton\"]"}
COMMAND: POST /session/19c5ed65dbd52b03c8c783813379e291/elements - {"using":"xpath","value":"//button[@data-kt=\"provideButton\"]"}
RESULT: {"using":"xpath","value":"//button[@data-kt=\"provideButton\"]"}
COMMAND: POST /session/19c5ed65dbd52b03c8c783813379e291/elements - {"using":"xpath","value":"//button[@data-kt=\"provideButton\"]"}
COMMAND: GET /session/19c5ed65dbd52b03c8c783813379e291/screenshot - {}
RESULT: {"using":"xpath","value":"//button[@data-kt=\"provideButton\"]"}
RESULT: {}
]]></system-out>
      <system-err><![CDATA[
Error: Can't call click on element with selector "//button[@data-kt="provideButton"]" because element wasn't found
    at async UtilsPrerequisites.provideToSiteHandoverFromContractDetails (D:\a\1\s\test\specs\BTS\prerequisites-and-utils-functions.js:1949:9)
    at async Context.<anonymous> (D:\a\1\s\test\specs\BTS\billing-performance-workdays.spec.js:200:9)
]]></system-err>
    </testcase>
    <testcase classname="chrome.136_0_7103_93.windows.Performance_based_billing_(work_days)_US139742" name="Should create a few performance documents" time="41.27">
      <failure/>
      <error message="element (&quot;//div[@id=&quot;application-managestatesandperformance-display-component---stateAndPerform--smartFilterBarResources-btnBasicSearch&quot;]&quot;) still not existing after 30000ms"/>
      <system-out><![CDATA[
COMMAND: POST /session/19c5ed65dbd52b03c8c783813379e291/execute/async - {"script":"<script> [1562 bytes]","args":[{"selector":{"controlType":"sap.m.GenericTile","properties":{"header":"Manage States & Performance"}},"wdio_ui5_key":"sapm.GenericTile{\"header\":\"Manage States & Performance\"}"}]}
COMMAND: GET /session/19c5ed65dbd52b03c8c783813379e291/screenshot - {}
RESULT: {"script":"<script> [1562 bytes]","args":[{"selector":{"controlType":"sap.m.GenericTile","properties":{"header":"Manage States & Performance"}},"wdio_ui5_key":"sapm.GenericTile{\"header\":\"Manage States & Performance\"}"}]}
RESULT: undefined
RESULT: {}
COMMAND: POST /session/19c5ed65dbd52b03c8c783813379e291/elements - {"using":"xpath","value":"//span[text()='Error']"}
RESULT: {"using":"xpath","value":"//span[text()='Error']"}
COMMAND: POST /session/19c5ed65dbd52b03c8c783813379e291/element - {"using":"xpath","value":"//div[@id=\"application-managestatesandperformance-display-component---stateAndPerform--smartFilterBarResources-btnBasicSearch\"]"}
RESULT: {"using":"xpath","value":"//div[@id=\"application-managestatesandperformance-display-component---stateAndPerform--smartFilterBarResources-btnBasicSearch\"]"}
COMMAND: POST /session/19c5ed65dbd52b03c8c783813379e291/elements - {"using":"xpath","value":"//div[@id=\"application-managestatesandperformance-display-component---stateAndPerform--smartFilterBarResources-btnBasicSearch\"]"}
RESULT: {"using":"xpath","value":"//div[@id=\"application-managestatesandperformance-display-component---stateAndPerform--smartFilterBarResources-btnBasicSearch\"]"}
COMMAND: POST /session/19c5ed65dbd52b03c8c783813379e291/elements - {"using":"xpath","value":"//div[@id=\"application-managestatesandperformance-display-component---stateAndPerform--smartFilterBarResources-btnBasicSearch\"]"}
RESULT: {"using":"xpath","value":"//div[@id=\"application-managestatesandperformance-display-component---stateAndPerform--smartFilterBarResources-btnBasicSearch\"]"}
COMMAND: POST /session/19c5ed65dbd52b03c8c783813379e291/elements - {"using":"xpath","value":"//div[@id=\"application-managestatesandperformance-display-component---stateAndPerform--smartFilterBarResources-btnBasicSearch\"]"}
RESULT: {"using":"xpath","value":"//div[@id=\"application-managestatesandperformance-display-component---stateAndPerform--smartFilterBarResources-btnBasicSearch\"]"}
COMMAND: POST /session/19c5ed65dbd52b03c8c783813379e291/elements - {"using":"xpath","value":"//div[@id=\"application-managestatesandperformance-display-component---stateAndPerform--smartFilterBarResources-btnBasicSearch\"]"}
RESULT: {"using":"xpath","value":"//div[@id=\"application-managestatesandperformance-display-component---stateAndPerform--smartFilterBarResources-btnBasicSearch\"]"}
COMMAND: POST /session/19c5ed65dbd52b03c8c783813379e291/elements - {"using":"xpath","value":"//div[@id=\"application-managestatesandperformance-display-component---stateAndPerform--smartFilterBarResources-btnBasicSearch\"]"}
RESULT: {"using":"xpath","value":"//div[@id=\"application-managestatesandperformance-display-component---stateAndPerform--smartFilterBarResources-btnBasicSearch\"]"}
COMMAND: POST /session/19c5ed65dbd52b03c8c783813379e291/elements - {"using":"xpath","value":"//div[@id=\"application-managestatesandperformance-display-component---stateAndPerform--smartFilterBarResources-btnBasicSearch\"]"}
RESULT: {"using":"xpath","value":"//div[@id=\"application-managestatesandperformance-display-component---stateAndPerform--smartFilterBarResources-btnBasicSearch\"]"}
COMMAND: POST /session/19c5ed65dbd52b03c8c783813379e291/elements - {"using":"xpath","value":"//div[@id=\"application-managestatesandperformance-display-component---stateAndPerform--smartFilterBarResources-btnBasicSearch\"]"}
RESULT: {"using":"xpath","value":"//div[@id=\"application-managestatesandperformance-display-component---stateAndPerform--smartFilterBarResources-btnBasicSearch\"]"}
COMMAND: POST /session/19c5ed65dbd52b03c8c783813379e291/elements - {"using":"xpath","value":"//div[@id=\"application-managestatesandperformance-display-component---stateAndPerform--smartFilterBarResources-btnBasicSearch\"]"}
RESULT: {"using":"xpath","value":"//div[@id=\"application-managestatesandperformance-display-component---stateAndPerform--smartFilterBarResources-btnBasicSearch\"]"}
COMMAND: POST /session/19c5ed65dbd52b03c8c783813379e291/elements - {"using":"xpath","value":"//div[@id=\"application-managestatesandperformance-display-component---stateAndPerform--smartFilterBarResources-btnBasicSearch\"]"}
RESULT: {"using":"xpath","value":"//div[@id=\"application-managestatesandperformance-display-component---stateAndPerform--smartFilterBarResources-btnBasicSearch\"]"}
COMMAND: POST /session/19c5ed65dbd52b03c8c783813379e291/elements - {"using":"xpath","value":"//div[@id=\"application-managestatesandperformance-display-component---stateAndPerform--smartFilterBarResources-btnBasicSearch\"]"}
RESULT: {"using":"xpath","value":"//div[@id=\"application-managestatesandperformance-display-component---stateAndPerform--smartFilterBarResources-btnBasicSearch\"]"}
COMMAND: POST /session/19c5ed65dbd52b03c8c783813379e291/elements - {"using":"xpath","value":"//div[@id=\"application-managestatesandperformance-display-component---stateAndPerform--smartFilterBarResources-btnBasicSearch\"]"}
RESULT: {"using":"xpath","value":"//div[@id=\"application-managestatesandperformance-display-component---stateAndPerform--smartFilterBarResources-btnBasicSearch\"]"}
COMMAND: POST /session/19c5ed65dbd52b03c8c783813379e291/elements - {"using":"xpath","value":"//div[@id=\"application-managestatesandperformance-display-component---stateAndPerform--smartFilterBarResources-btnBasicSearch\"]"}
RESULT: {"using":"xpath","value":"//div[@id=\"application-managestatesandperformance-display-component---stateAndPerform--smartFilterBarResources-btnBasicSearch\"]"}
COMMAND: POST /session/19c5ed65dbd52b03c8c783813379e291/elements - {"using":"xpath","value":"//div[@id=\"application-managestatesandperformance-display-component---stateAndPerform--smartFilterBarResources-btnBasicSearch\"]"}
RESULT: {"using":"xpath","value":"//div[@id=\"application-managestatesandperformance-display-component---stateAndPerform--smartFilterBarResources-btnBasicSearch\"]"}
COMMAND: POST /session/19c5ed65dbd52b03c8c783813379e291/elements - {"using":"xpath","value":"//div[@id=\"application-managestatesandperformance-display-component---stateAndPerform--smartFilterBarResources-btnBasicSearch\"]"}
RESULT: {"using":"xpath","value":"//div[@id=\"application-managestatesandperformance-display-component---stateAndPerform--smartFilterBarResources-btnBasicSearch\"]"}
COMMAND: POST /session/19c5ed65dbd52b03c8c783813379e291/elements - {"using":"xpath","value":"//div[@id=\"application-managestatesandperformance-display-component---stateAndPerform--smartFilterBarResources-btnBasicSearch\"]"}
RESULT: {"using":"xpath","value":"//div[@id=\"application-managestatesandperformance-display-component---stateAndPerform--smartFilterBarResources-btnBasicSearch\"]"}
COMMAND: POST /session/19c5ed65dbd52b03c8c783813379e291/elements - {"using":"xpath","value":"//div[@id=\"application-managestatesandperformance-display-component---stateAndPerform--smartFilterBarResources-btnBasicSearch\"]"}
RESULT: {"using":"xpath","value":"//div[@id=\"application-managestatesandperformance-display-component---stateAndPerform--smartFilterBarResources-btnBasicSearch\"]"}
COMMAND: POST /session/19c5ed65dbd52b03c8c783813379e291/elements - {"using":"xpath","value":"//div[@id=\"application-managestatesandperformance-display-component---stateAndPerform--smartFilterBarResources-btnBasicSearch\"]"}
RESULT: {"using":"xpath","value":"//div[@id=\"application-managestatesandperformance-display-component---stateAndPerform--smartFilterBarResources-btnBasicSearch\"]"}
COMMAND: POST /session/19c5ed65dbd52b03c8c783813379e291/elements - {"using":"xpath","value":"//div[@id=\"application-managestatesandperformance-display-component---stateAndPerform--smartFilterBarResources-btnBasicSearch\"]"}
RESULT: {"using":"xpath","value":"//div[@id=\"application-managestatesandperformance-display-component---stateAndPerform--smartFilterBarResources-btnBasicSearch\"]"}
COMMAND: POST /session/19c5ed65dbd52b03c8c783813379e291/elements - {"using":"xpath","value":"//div[@id=\"application-managestatesandperformance-display-component---stateAndPerform--smartFilterBarResources-btnBasicSearch\"]"}
RESULT: {"using":"xpath","value":"//div[@id=\"application-managestatesandperformance-display-component---stateAndPerform--smartFilterBarResources-btnBasicSearch\"]"}
COMMAND: POST /session/19c5ed65dbd52b03c8c783813379e291/elements - {"using":"xpath","value":"//div[@id=\"application-managestatesandperformance-display-component---stateAndPerform--smartFilterBarResources-btnBasicSearch\"]"}
RESULT: {"using":"xpath","value":"//div[@id=\"application-managestatesandperformance-display-component---stateAndPerform--smartFilterBarResources-btnBasicSearch\"]"}
COMMAND: POST /session/19c5ed65dbd52b03c8c783813379e291/elements - {"using":"xpath","value":"//div[@id=\"application-managestatesandperformance-display-component---stateAndPerform--smartFilterBarResources-btnBasicSearch\"]"}
RESULT: {"using":"xpath","value":"//div[@id=\"application-managestatesandperformance-display-component---stateAndPerform--smartFilterBarResources-btnBasicSearch\"]"}
COMMAND: POST /session/19c5ed65dbd52b03c8c783813379e291/elements - {"using":"xpath","value":"//div[@id=\"application-managestatesandperformance-display-component---stateAndPerform--smartFilterBarResources-btnBasicSearch\"]"}
RESULT: {"using":"xpath","value":"//div[@id=\"application-managestatesandperformance-display-component---stateAndPerform--smartFilterBarResources-btnBasicSearch\"]"}
COMMAND: POST /session/19c5ed65dbd52b03c8c783813379e291/elements - {"using":"xpath","value":"//div[@id=\"application-managestatesandperformance-display-component---stateAndPerform--smartFilterBarResources-btnBasicSearch\"]"}
RESULT: {"using":"xpath","value":"//div[@id=\"application-managestatesandperformance-display-component---stateAndPerform--smartFilterBarResources-btnBasicSearch\"]"}
COMMAND: POST /session/19c5ed65dbd52b03c8c783813379e291/elements - {"using":"xpath","value":"//div[@id=\"application-managestatesandperformance-display-component---stateAndPerform--smartFilterBarResources-btnBasicSearch\"]"}
RESULT: {"using":"xpath","value":"//div[@id=\"application-managestatesandperformance-display-component---stateAndPerform--smartFilterBarResources-btnBasicSearch\"]"}
COMMAND: POST /session/19c5ed65dbd52b03c8c783813379e291/elements - {"using":"xpath","value":"//div[@id=\"application-managestatesandperformance-display-component---stateAndPerform--smartFilterBarResources-btnBasicSearch\"]"}
RESULT: {"using":"xpath","value":"//div[@id=\"application-managestatesandperformance-display-component---stateAndPerform--smartFilterBarResources-btnBasicSearch\"]"}
COMMAND: POST /session/19c5ed65dbd52b03c8c783813379e291/elements - {"using":"xpath","value":"//div[@id=\"application-managestatesandperformance-display-component---stateAndPerform--smartFilterBarResources-btnBasicSearch\"]"}
RESULT: {"using":"xpath","value":"//div[@id=\"application-managestatesandperformance-display-component---stateAndPerform--smartFilterBarResources-btnBasicSearch\"]"}
COMMAND: POST /session/19c5ed65dbd52b03c8c783813379e291/elements - {"using":"xpath","value":"//div[@id=\"application-managestatesandperformance-display-component---stateAndPerform--smartFilterBarResources-btnBasicSearch\"]"}
RESULT: {"using":"xpath","value":"//div[@id=\"application-managestatesandperformance-display-component---stateAndPerform--smartFilterBarResources-btnBasicSearch\"]"}
COMMAND: POST /session/19c5ed65dbd52b03c8c783813379e291/elements - {"using":"xpath","value":"//div[@id=\"application-managestatesandperformance-display-component---stateAndPerform--smartFilterBarResources-btnBasicSearch\"]"}
RESULT: {"using":"xpath","value":"//div[@id=\"application-managestatesandperformance-display-component---stateAndPerform--smartFilterBarResources-btnBasicSearch\"]"}
COMMAND: POST /session/19c5ed65dbd52b03c8c783813379e291/elements - {"using":"xpath","value":"//div[@id=\"application-managestatesandperformance-display-component---stateAndPerform--smartFilterBarResources-btnBasicSearch\"]"}
RESULT: {"using":"xpath","value":"//div[@id=\"application-managestatesandperformance-display-component---stateAndPerform--smartFilterBarResources-btnBasicSearch\"]"}
COMMAND: POST /session/19c5ed65dbd52b03c8c783813379e291/elements - {"using":"xpath","value":"//div[@id=\"application-managestatesandperformance-display-component---stateAndPerform--smartFilterBarResources-btnBasicSearch\"]"}
RESULT: {"using":"xpath","value":"//div[@id=\"application-managestatesandperformance-display-component---stateAndPerform--smartFilterBarResources-btnBasicSearch\"]"}
COMMAND: POST /session/19c5ed65dbd52b03c8c783813379e291/elements - {"using":"xpath","value":"//div[@id=\"application-managestatesandperformance-display-component---stateAndPerform--smartFilterBarResources-btnBasicSearch\"]"}
RESULT: {"using":"xpath","value":"//div[@id=\"application-managestatesandperformance-display-component---stateAndPerform--smartFilterBarResources-btnBasicSearch\"]"}
COMMAND: POST /session/19c5ed65dbd52b03c8c783813379e291/elements - {"using":"xpath","value":"//div[@id=\"application-managestatesandperformance-display-component---stateAndPerform--smartFilterBarResources-btnBasicSearch\"]"}
RESULT: {"using":"xpath","value":"//div[@id=\"application-managestatesandperformance-display-component---stateAndPerform--smartFilterBarResources-btnBasicSearch\"]"}
COMMAND: POST /session/19c5ed65dbd52b03c8c783813379e291/elements - {"using":"xpath","value":"//div[@id=\"application-managestatesandperformance-display-component---stateAndPerform--smartFilterBarResources-btnBasicSearch\"]"}
RESULT: {"using":"xpath","value":"//div[@id=\"application-managestatesandperformance-display-component---stateAndPerform--smartFilterBarResources-btnBasicSearch\"]"}
COMMAND: POST /session/19c5ed65dbd52b03c8c783813379e291/elements - {"using":"xpath","value":"//div[@id=\"application-managestatesandperformance-display-component---stateAndPerform--smartFilterBarResources-btnBasicSearch\"]"}
RESULT: {"using":"xpath","value":"//div[@id=\"application-managestatesandperformance-display-component---stateAndPerform--smartFilterBarResources-btnBasicSearch\"]"}
COMMAND: POST /session/19c5ed65dbd52b03c8c783813379e291/elements - {"using":"xpath","value":"//div[@id=\"application-managestatesandperformance-display-component---stateAndPerform--smartFilterBarResources-btnBasicSearch\"]"}
RESULT: {"using":"xpath","value":"//div[@id=\"application-managestatesandperformance-display-component---stateAndPerform--smartFilterBarResources-btnBasicSearch\"]"}
COMMAND: POST /session/19c5ed65dbd52b03c8c783813379e291/elements - {"using":"xpath","value":"//div[@id=\"application-managestatesandperformance-display-component---stateAndPerform--smartFilterBarResources-btnBasicSearch\"]"}
RESULT: {"using":"xpath","value":"//div[@id=\"application-managestatesandperformance-display-component---stateAndPerform--smartFilterBarResources-btnBasicSearch\"]"}
COMMAND: POST /session/19c5ed65dbd52b03c8c783813379e291/elements - {"using":"xpath","value":"//div[@id=\"application-managestatesandperformance-display-component---stateAndPerform--smartFilterBarResources-btnBasicSearch\"]"}
RESULT: {"using":"xpath","value":"//div[@id=\"application-managestatesandperformance-display-component---stateAndPerform--smartFilterBarResources-btnBasicSearch\"]"}
COMMAND: POST /session/19c5ed65dbd52b03c8c783813379e291/elements - {"using":"xpath","value":"//div[@id=\"application-managestatesandperformance-display-component---stateAndPerform--smartFilterBarResources-btnBasicSearch\"]"}
RESULT: {"using":"xpath","value":"//div[@id=\"application-managestatesandperformance-display-component---stateAndPerform--smartFilterBarResources-btnBasicSearch\"]"}
COMMAND: POST /session/19c5ed65dbd52b03c8c783813379e291/elements - {"using":"xpath","value":"//div[@id=\"application-managestatesandperformance-display-component---stateAndPerform--smartFilterBarResources-btnBasicSearch\"]"}
RESULT: {"using":"xpath","value":"//div[@id=\"application-managestatesandperformance-display-component---stateAndPerform--smartFilterBarResources-btnBasicSearch\"]"}
COMMAND: POST /session/19c5ed65dbd52b03c8c783813379e291/elements - {"using":"xpath","value":"//div[@id=\"application-managestatesandperformance-display-component---stateAndPerform--smartFilterBarResources-btnBasicSearch\"]"}
RESULT: {"using":"xpath","value":"//div[@id=\"application-managestatesandperformance-display-component---stateAndPerform--smartFilterBarResources-btnBasicSearch\"]"}
COMMAND: POST /session/19c5ed65dbd52b03c8c783813379e291/elements - {"using":"xpath","value":"//div[@id=\"application-managestatesandperformance-display-component---stateAndPerform--smartFilterBarResources-btnBasicSearch\"]"}
RESULT: {"using":"xpath","value":"//div[@id=\"application-managestatesandperformance-display-component---stateAndPerform--smartFilterBarResources-btnBasicSearch\"]"}
COMMAND: POST /session/19c5ed65dbd52b03c8c783813379e291/elements - {"using":"xpath","value":"//div[@id=\"application-managestatesandperformance-display-component---stateAndPerform--smartFilterBarResources-btnBasicSearch\"]"}
RESULT: {"using":"xpath","value":"//div[@id=\"application-managestatesandperformance-display-component---stateAndPerform--smartFilterBarResources-btnBasicSearch\"]"}
COMMAND: POST /session/19c5ed65dbd52b03c8c783813379e291/elements - {"using":"xpath","value":"//div[@id=\"application-managestatesandperformance-display-component---stateAndPerform--smartFilterBarResources-btnBasicSearch\"]"}
RESULT: {"using":"xpath","value":"//div[@id=\"application-managestatesandperformance-display-component---stateAndPerform--smartFilterBarResources-btnBasicSearch\"]"}
COMMAND: POST /session/19c5ed65dbd52b03c8c783813379e291/elements - {"using":"xpath","value":"//div[@id=\"application-managestatesandperformance-display-component---stateAndPerform--smartFilterBarResources-btnBasicSearch\"]"}
RESULT: {"using":"xpath","value":"//div[@id=\"application-managestatesandperformance-display-component---stateAndPerform--smartFilterBarResources-btnBasicSearch\"]"}
COMMAND: POST /session/19c5ed65dbd52b03c8c783813379e291/elements - {"using":"xpath","value":"//div[@id=\"application-managestatesandperformance-display-component---stateAndPerform--smartFilterBarResources-btnBasicSearch\"]"}
RESULT: {"using":"xpath","value":"//div[@id=\"application-managestatesandperformance-display-component---stateAndPerform--smartFilterBarResources-btnBasicSearch\"]"}
COMMAND: POST /session/19c5ed65dbd52b03c8c783813379e291/elements - {"using":"xpath","value":"//div[@id=\"application-managestatesandperformance-display-component---stateAndPerform--smartFilterBarResources-btnBasicSearch\"]"}
RESULT: {"using":"xpath","value":"//div[@id=\"application-managestatesandperformance-display-component---stateAndPerform--smartFilterBarResources-btnBasicSearch\"]"}
COMMAND: POST /session/19c5ed65dbd52b03c8c783813379e291/elements - {"using":"xpath","value":"//div[@id=\"application-managestatesandperformance-display-component---stateAndPerform--smartFilterBarResources-btnBasicSearch\"]"}
RESULT: {"using":"xpath","value":"//div[@id=\"application-managestatesandperformance-display-component---stateAndPerform--smartFilterBarResources-btnBasicSearch\"]"}
COMMAND: POST /session/19c5ed65dbd52b03c8c783813379e291/elements - {"using":"xpath","value":"//div[@id=\"application-managestatesandperformance-display-component---stateAndPerform--smartFilterBarResources-btnBasicSearch\"]"}
RESULT: {"using":"xpath","value":"//div[@id=\"application-managestatesandperformance-display-component---stateAndPerform--smartFilterBarResources-btnBasicSearch\"]"}
COMMAND: POST /session/19c5ed65dbd52b03c8c783813379e291/elements - {"using":"xpath","value":"//div[@id=\"application-managestatesandperformance-display-component---stateAndPerform--smartFilterBarResources-btnBasicSearch\"]"}
RESULT: {"using":"xpath","value":"//div[@id=\"application-managestatesandperformance-display-component---stateAndPerform--smartFilterBarResources-btnBasicSearch\"]"}
COMMAND: POST /session/19c5ed65dbd52b03c8c783813379e291/elements - {"using":"xpath","value":"//div[@id=\"application-managestatesandperformance-display-component---stateAndPerform--smartFilterBarResources-btnBasicSearch\"]"}
RESULT: {"using":"xpath","value":"//div[@id=\"application-managestatesandperformance-display-component---stateAndPerform--smartFilterBarResources-btnBasicSearch\"]"}
COMMAND: POST /session/19c5ed65dbd52b03c8c783813379e291/elements - {"using":"xpath","value":"//div[@id=\"application-managestatesandperformance-display-component---stateAndPerform--smartFilterBarResources-btnBasicSearch\"]"}
RESULT: {"using":"xpath","value":"//div[@id=\"application-managestatesandperformance-display-component---stateAndPerform--smartFilterBarResources-btnBasicSearch\"]"}
COMMAND: POST /session/19c5ed65dbd52b03c8c783813379e291/elements - {"using":"xpath","value":"//div[@id=\"application-managestatesandperformance-display-component---stateAndPerform--smartFilterBarResources-btnBasicSearch\"]"}
RESULT: {"using":"xpath","value":"//div[@id=\"application-managestatesandperformance-display-component---stateAndPerform--smartFilterBarResources-btnBasicSearch\"]"}
COMMAND: POST /session/19c5ed65dbd52b03c8c783813379e291/elements - {"using":"xpath","value":"//div[@id=\"application-managestatesandperformance-display-component---stateAndPerform--smartFilterBarResources-btnBasicSearch\"]"}
RESULT: {"using":"xpath","value":"//div[@id=\"application-managestatesandperformance-display-component---stateAndPerform--smartFilterBarResources-btnBasicSearch\"]"}
COMMAND: POST /session/19c5ed65dbd52b03c8c783813379e291/elements - {"using":"xpath","value":"//div[@id=\"application-managestatesandperformance-display-component---stateAndPerform--smartFilterBarResources-btnBasicSearch\"]"}
RESULT: {"using":"xpath","value":"//div[@id=\"application-managestatesandperformance-display-component---stateAndPerform--smartFilterBarResources-btnBasicSearch\"]"}
COMMAND: POST /session/19c5ed65dbd52b03c8c783813379e291/elements - {"using":"xpath","value":"//div[@id=\"application-managestatesandperformance-display-component---stateAndPerform--smartFilterBarResources-btnBasicSearch\"]"}
RESULT: {"using":"xpath","value":"//div[@id=\"application-managestatesandperformance-display-component---stateAndPerform--smartFilterBarResources-btnBasicSearch\"]"}
COMMAND: POST /session/19c5ed65dbd52b03c8c783813379e291/elements - {"using":"xpath","value":"//div[@id=\"application-managestatesandperformance-display-component---stateAndPerform--smartFilterBarResources-btnBasicSearch\"]"}
RESULT: {"using":"xpath","value":"//div[@id=\"application-managestatesandperformance-display-component---stateAndPerform--smartFilterBarResources-btnBasicSearch\"]"}
COMMAND: POST /session/19c5ed65dbd52b03c8c783813379e291/elements - {"using":"xpath","value":"//div[@id=\"application-managestatesandperformance-display-component---stateAndPerform--smartFilterBarResources-btnBasicSearch\"]"}
RESULT: {"using":"xpath","value":"//div[@id=\"application-managestatesandperformance-display-component---stateAndPerform--smartFilterBarResources-btnBasicSearch\"]"}
COMMAND: POST /session/19c5ed65dbd52b03c8c783813379e291/elements - {"using":"xpath","value":"//div[@id=\"application-managestatesandperformance-display-component---stateAndPerform--smartFilterBarResources-btnBasicSearch\"]"}
RESULT: {"using":"xpath","value":"//div[@id=\"application-managestatesandperformance-display-component---stateAndPerform--smartFilterBarResources-btnBasicSearch\"]"}
COMMAND: POST /session/19c5ed65dbd52b03c8c783813379e291/elements - {"using":"xpath","value":"//div[@id=\"application-managestatesandperformance-display-component---stateAndPerform--smartFilterBarResources-btnBasicSearch\"]"}
RESULT: {"using":"xpath","value":"//div[@id=\"application-managestatesandperformance-display-component---stateAndPerform--smartFilterBarResources-btnBasicSearch\"]"}
COMMAND: POST /session/19c5ed65dbd52b03c8c783813379e291/elements - {"using":"xpath","value":"//div[@id=\"application-managestatesandperformance-display-component---stateAndPerform--smartFilterBarResources-btnBasicSearch\"]"}
COMMAND: GET /session/19c5ed65dbd52b03c8c783813379e291/screenshot - {}
RESULT: {"using":"xpath","value":"//div[@id=\"application-managestatesandperformance-display-component---stateAndPerform--smartFilterBarResources-btnBasicSearch\"]"}
RESULT: {}
COMMAND: GET /session/19c5ed65dbd52b03c8c783813379e291/screenshot - {}
]]></system-out>
      <system-err><![CDATA[
Error: element ("//div[@id="application-managestatesandperformance-display-component---stateAndPerform--smartFilterBarResources-btnBasicSearch"]") still not existing after 30000ms
    at async Context.<anonymous> (D:\a\1\s\test\specs\BTS\billing-performance-workdays.spec.js:211:9)
]]></system-err>
    </testcase>
    <testcase classname="chrome.136_0_7103_93.windows.Performance_based_billing_(work_days)_US139742" name="Should go to Manage Billings and trigger calculation check the conditions applied" time="80.288">
      <failure/>
      <error message="Can't call click on element with selector &quot;//td[@aria-colindex=&quot;1&quot;]/div/div[contains(@class, &quot;sapMCbBg&quot;)]&quot; because element wasn't found"/>
      <system-out><![CDATA[
COMMAND: POST /session/19c5ed65dbd52b03c8c783813379e291/execute/async - {"script":"<script> [1562 bytes]","args":[{"selector":{"controlType":"sap.m.GenericTile","properties":{"header":"Manage Billings"}},"wdio_ui5_key":"sapm.GenericTile{\"header\":\"Manage Billings\"}"}]}
RESULT: {}
RESULT: {"script":"<script> [1562 bytes]","args":[{"selector":{"controlType":"sap.m.GenericTile","properties":{"header":"Manage Billings"}},"wdio_ui5_key":"sapm.GenericTile{\"header\":\"Manage Billings\"}"}]}
RESULT: undefined
COMMAND: POST /session/19c5ed65dbd52b03c8c783813379e291/elements - {"using":"xpath","value":"//span[text()='Error']"}
RESULT: {"using":"xpath","value":"//span[text()='Error']"}
COMMAND: POST /session/19c5ed65dbd52b03c8c783813379e291/execute/async - {"script":"<script> [1562 bytes]","args":[{"selector":{"id":"application-managebillings-display-component---billRunCalcResult--smartFilterBar-btnBasicSearch","interaction":{"idSuffix":"I"}},"wdio_ui5_key":"applicationmanagebillings-display-component---billRunCalcResult--smartFilterBar-btnBasicSearch"}]}
RESULT: {"script":"<script> [1562 bytes]","args":[{"selector":{"id":"application-managebillings-display-component---billRunCalcResult--smartFilterBar-btnBasicSearch","interaction":{"idSuffix":"I"}},"wdio_ui5_key":"applicationmanagebillings-display-component---billRunCalcResult--smartFilterBar-btnBasicSearch"}]}
RESULT: undefined
COMMAND: POST /session/19c5ed65dbd52b03c8c783813379e291/actions - {"actions":[{"id":"action54","type":"key","parameters":{},"actions":[{"type":"keyDown","value":""},{"type":"pause","duration":10},{"type":"keyUp","value":""}]}]}
RESULT: {"actions":[{"id":"action54","type":"key","parameters":{},"actions":[{"type":"keyDown","value":""},{"type":"pause","duration":10},{"type":"keyUp","value":""}]}]}
COMMAND: GET /session/19c5ed65dbd52b03c8c783813379e291/screenshot - {}
RESULT: {}
COMMAND: POST /session/19c5ed65dbd52b03c8c783813379e291/element - {"using":"xpath","value":"//td[@aria-colindex=\"1\"]/div/div[contains(@class, \"sapMCbBg\")]"}
RESULT: {"using":"xpath","value":"//td[@aria-colindex=\"1\"]/div/div[contains(@class, \"sapMCbBg\")]"}
COMMAND: POST /session/19c5ed65dbd52b03c8c783813379e291/elements - {"using":"xpath","value":"//td[@aria-colindex=\"1\"]/div/div[contains(@class, \"sapMCbBg\")]"}
RESULT: {"using":"xpath","value":"//td[@aria-colindex=\"1\"]/div/div[contains(@class, \"sapMCbBg\")]"}
COMMAND: POST /session/19c5ed65dbd52b03c8c783813379e291/elements - {"using":"xpath","value":"//td[@aria-colindex=\"1\"]/div/div[contains(@class, \"sapMCbBg\")]"}
RESULT: {"using":"xpath","value":"//td[@aria-colindex=\"1\"]/div/div[contains(@class, \"sapMCbBg\")]"}
COMMAND: POST /session/19c5ed65dbd52b03c8c783813379e291/elements - {"using":"xpath","value":"//td[@aria-colindex=\"1\"]/div/div[contains(@class, \"sapMCbBg\")]"}
RESULT: {"using":"xpath","value":"//td[@aria-colindex=\"1\"]/div/div[contains(@class, \"sapMCbBg\")]"}
COMMAND: POST /session/19c5ed65dbd52b03c8c783813379e291/elements - {"using":"xpath","value":"//td[@aria-colindex=\"1\"]/div/div[contains(@class, \"sapMCbBg\")]"}
RESULT: {"using":"xpath","value":"//td[@aria-colindex=\"1\"]/div/div[contains(@class, \"sapMCbBg\")]"}
COMMAND: POST /session/19c5ed65dbd52b03c8c783813379e291/elements - {"using":"xpath","value":"//td[@aria-colindex=\"1\"]/div/div[contains(@class, \"sapMCbBg\")]"}
RESULT: {"using":"xpath","value":"//td[@aria-colindex=\"1\"]/div/div[contains(@class, \"sapMCbBg\")]"}
COMMAND: POST /session/19c5ed65dbd52b03c8c783813379e291/elements - {"using":"xpath","value":"//td[@aria-colindex=\"1\"]/div/div[contains(@class, \"sapMCbBg\")]"}
RESULT: {"using":"xpath","value":"//td[@aria-colindex=\"1\"]/div/div[contains(@class, \"sapMCbBg\")]"}
COMMAND: POST /session/19c5ed65dbd52b03c8c783813379e291/elements - {"using":"xpath","value":"//td[@aria-colindex=\"1\"]/div/div[contains(@class, \"sapMCbBg\")]"}
RESULT: {"using":"xpath","value":"//td[@aria-colindex=\"1\"]/div/div[contains(@class, \"sapMCbBg\")]"}
COMMAND: POST /session/19c5ed65dbd52b03c8c783813379e291/elements - {"using":"xpath","value":"//td[@aria-colindex=\"1\"]/div/div[contains(@class, \"sapMCbBg\")]"}
RESULT: {"using":"xpath","value":"//td[@aria-colindex=\"1\"]/div/div[contains(@class, \"sapMCbBg\")]"}
COMMAND: POST /session/19c5ed65dbd52b03c8c783813379e291/elements - {"using":"xpath","value":"//td[@aria-colindex=\"1\"]/div/div[contains(@class, \"sapMCbBg\")]"}
RESULT: {"using":"xpath","value":"//td[@aria-colindex=\"1\"]/div/div[contains(@class, \"sapMCbBg\")]"}
COMMAND: POST /session/19c5ed65dbd52b03c8c783813379e291/elements - {"using":"xpath","value":"//td[@aria-colindex=\"1\"]/div/div[contains(@class, \"sapMCbBg\")]"}
RESULT: {"using":"xpath","value":"//td[@aria-colindex=\"1\"]/div/div[contains(@class, \"sapMCbBg\")]"}
COMMAND: POST /session/19c5ed65dbd52b03c8c783813379e291/elements - {"using":"xpath","value":"//td[@aria-colindex=\"1\"]/div/div[contains(@class, \"sapMCbBg\")]"}
RESULT: {"using":"xpath","value":"//td[@aria-colindex=\"1\"]/div/div[contains(@class, \"sapMCbBg\")]"}
COMMAND: POST /session/19c5ed65dbd52b03c8c783813379e291/elements - {"using":"xpath","value":"//td[@aria-colindex=\"1\"]/div/div[contains(@class, \"sapMCbBg\")]"}
RESULT: {"using":"xpath","value":"//td[@aria-colindex=\"1\"]/div/div[contains(@class, \"sapMCbBg\")]"}
COMMAND: POST /session/19c5ed65dbd52b03c8c783813379e291/elements - {"using":"xpath","value":"//td[@aria-colindex=\"1\"]/div/div[contains(@class, \"sapMCbBg\")]"}
RESULT: {"using":"xpath","value":"//td[@aria-colindex=\"1\"]/div/div[contains(@class, \"sapMCbBg\")]"}
COMMAND: POST /session/19c5ed65dbd52b03c8c783813379e291/elements - {"using":"xpath","value":"//td[@aria-colindex=\"1\"]/div/div[contains(@class, \"sapMCbBg\")]"}
RESULT: {"using":"xpath","value":"//td[@aria-colindex=\"1\"]/div/div[contains(@class, \"sapMCbBg\")]"}
COMMAND: POST /session/19c5ed65dbd52b03c8c783813379e291/elements - {"using":"xpath","value":"//td[@aria-colindex=\"1\"]/div/div[contains(@class, \"sapMCbBg\")]"}
RESULT: {"using":"xpath","value":"//td[@aria-colindex=\"1\"]/div/div[contains(@class, \"sapMCbBg\")]"}
COMMAND: POST /session/19c5ed65dbd52b03c8c783813379e291/elements - {"using":"xpath","value":"//td[@aria-colindex=\"1\"]/div/div[contains(@class, \"sapMCbBg\")]"}
RESULT: {"using":"xpath","value":"//td[@aria-colindex=\"1\"]/div/div[contains(@class, \"sapMCbBg\")]"}
COMMAND: POST /session/19c5ed65dbd52b03c8c783813379e291/elements - {"using":"xpath","value":"//td[@aria-colindex=\"1\"]/div/div[contains(@class, \"sapMCbBg\")]"}
RESULT: {"using":"xpath","value":"//td[@aria-colindex=\"1\"]/div/div[contains(@class, \"sapMCbBg\")]"}
COMMAND: POST /session/19c5ed65dbd52b03c8c783813379e291/elements - {"using":"xpath","value":"//td[@aria-colindex=\"1\"]/div/div[contains(@class, \"sapMCbBg\")]"}
RESULT: {"using":"xpath","value":"//td[@aria-colindex=\"1\"]/div/div[contains(@class, \"sapMCbBg\")]"}
COMMAND: POST /session/19c5ed65dbd52b03c8c783813379e291/elements - {"using":"xpath","value":"//td[@aria-colindex=\"1\"]/div/div[contains(@class, \"sapMCbBg\")]"}
RESULT: {"using":"xpath","value":"//td[@aria-colindex=\"1\"]/div/div[contains(@class, \"sapMCbBg\")]"}
COMMAND: POST /session/19c5ed65dbd52b03c8c783813379e291/elements - {"using":"xpath","value":"//td[@aria-colindex=\"1\"]/div/div[contains(@class, \"sapMCbBg\")]"}
RESULT: {"using":"xpath","value":"//td[@aria-colindex=\"1\"]/div/div[contains(@class, \"sapMCbBg\")]"}
COMMAND: POST /session/19c5ed65dbd52b03c8c783813379e291/elements - {"using":"xpath","value":"//td[@aria-colindex=\"1\"]/div/div[contains(@class, \"sapMCbBg\")]"}
RESULT: {"using":"xpath","value":"//td[@aria-colindex=\"1\"]/div/div[contains(@class, \"sapMCbBg\")]"}
COMMAND: POST /session/19c5ed65dbd52b03c8c783813379e291/elements - {"using":"xpath","value":"//td[@aria-colindex=\"1\"]/div/div[contains(@class, \"sapMCbBg\")]"}
RESULT: {"using":"xpath","value":"//td[@aria-colindex=\"1\"]/div/div[contains(@class, \"sapMCbBg\")]"}
COMMAND: POST /session/19c5ed65dbd52b03c8c783813379e291/elements - {"using":"xpath","value":"//td[@aria-colindex=\"1\"]/div/div[contains(@class, \"sapMCbBg\")]"}
RESULT: {"using":"xpath","value":"//td[@aria-colindex=\"1\"]/div/div[contains(@class, \"sapMCbBg\")]"}
COMMAND: POST /session/19c5ed65dbd52b03c8c783813379e291/elements - {"using":"xpath","value":"//td[@aria-colindex=\"1\"]/div/div[contains(@class, \"sapMCbBg\")]"}
RESULT: {"using":"xpath","value":"//td[@aria-colindex=\"1\"]/div/div[contains(@class, \"sapMCbBg\")]"}
COMMAND: POST /session/19c5ed65dbd52b03c8c783813379e291/elements - {"using":"xpath","value":"//td[@aria-colindex=\"1\"]/div/div[contains(@class, \"sapMCbBg\")]"}
RESULT: {"using":"xpath","value":"//td[@aria-colindex=\"1\"]/div/div[contains(@class, \"sapMCbBg\")]"}
COMMAND: POST /session/19c5ed65dbd52b03c8c783813379e291/elements - {"using":"xpath","value":"//td[@aria-colindex=\"1\"]/div/div[contains(@class, \"sapMCbBg\")]"}
RESULT: {"using":"xpath","value":"//td[@aria-colindex=\"1\"]/div/div[contains(@class, \"sapMCbBg\")]"}
COMMAND: POST /session/19c5ed65dbd52b03c8c783813379e291/elements - {"using":"xpath","value":"//td[@aria-colindex=\"1\"]/div/div[contains(@class, \"sapMCbBg\")]"}
RESULT: {"using":"xpath","value":"//td[@aria-colindex=\"1\"]/div/div[contains(@class, \"sapMCbBg\")]"}
COMMAND: POST /session/19c5ed65dbd52b03c8c783813379e291/elements - {"using":"xpath","value":"//td[@aria-colindex=\"1\"]/div/div[contains(@class, \"sapMCbBg\")]"}
RESULT: {"using":"xpath","value":"//td[@aria-colindex=\"1\"]/div/div[contains(@class, \"sapMCbBg\")]"}
COMMAND: POST /session/19c5ed65dbd52b03c8c783813379e291/elements - {"using":"xpath","value":"//td[@aria-colindex=\"1\"]/div/div[contains(@class, \"sapMCbBg\")]"}
RESULT: {"using":"xpath","value":"//td[@aria-colindex=\"1\"]/div/div[contains(@class, \"sapMCbBg\")]"}
COMMAND: POST /session/19c5ed65dbd52b03c8c783813379e291/elements - {"using":"xpath","value":"//td[@aria-colindex=\"1\"]/div/div[contains(@class, \"sapMCbBg\")]"}
RESULT: {"using":"xpath","value":"//td[@aria-colindex=\"1\"]/div/div[contains(@class, \"sapMCbBg\")]"}
COMMAND: POST /session/19c5ed65dbd52b03c8c783813379e291/elements - {"using":"xpath","value":"//td[@aria-colindex=\"1\"]/div/div[contains(@class, \"sapMCbBg\")]"}
RESULT: {"using":"xpath","value":"//td[@aria-colindex=\"1\"]/div/div[contains(@class, \"sapMCbBg\")]"}
COMMAND: POST /session/19c5ed65dbd52b03c8c783813379e291/elements - {"using":"xpath","value":"//td[@aria-colindex=\"1\"]/div/div[contains(@class, \"sapMCbBg\")]"}
RESULT: {"using":"xpath","value":"//td[@aria-colindex=\"1\"]/div/div[contains(@class, \"sapMCbBg\")]"}
COMMAND: POST /session/19c5ed65dbd52b03c8c783813379e291/elements - {"using":"xpath","value":"//td[@aria-colindex=\"1\"]/div/div[contains(@class, \"sapMCbBg\")]"}
RESULT: {"using":"xpath","value":"//td[@aria-colindex=\"1\"]/div/div[contains(@class, \"sapMCbBg\")]"}
COMMAND: POST /session/19c5ed65dbd52b03c8c783813379e291/elements - {"using":"xpath","value":"//td[@aria-colindex=\"1\"]/div/div[contains(@class, \"sapMCbBg\")]"}
RESULT: {"using":"xpath","value":"//td[@aria-colindex=\"1\"]/div/div[contains(@class, \"sapMCbBg\")]"}
COMMAND: POST /session/19c5ed65dbd52b03c8c783813379e291/elements - {"using":"xpath","value":"//td[@aria-colindex=\"1\"]/div/div[contains(@class, \"sapMCbBg\")]"}
RESULT: {"using":"xpath","value":"//td[@aria-colindex=\"1\"]/div/div[contains(@class, \"sapMCbBg\")]"}
COMMAND: POST /session/19c5ed65dbd52b03c8c783813379e291/elements - {"using":"xpath","value":"//td[@aria-colindex=\"1\"]/div/div[contains(@class, \"sapMCbBg\")]"}
RESULT: {"using":"xpath","value":"//td[@aria-colindex=\"1\"]/div/div[contains(@class, \"sapMCbBg\")]"}
COMMAND: POST /session/19c5ed65dbd52b03c8c783813379e291/elements - {"using":"xpath","value":"//td[@aria-colindex=\"1\"]/div/div[contains(@class, \"sapMCbBg\")]"}
RESULT: {"using":"xpath","value":"//td[@aria-colindex=\"1\"]/div/div[contains(@class, \"sapMCbBg\")]"}
COMMAND: POST /session/19c5ed65dbd52b03c8c783813379e291/elements - {"using":"xpath","value":"//td[@aria-colindex=\"1\"]/div/div[contains(@class, \"sapMCbBg\")]"}
RESULT: {"using":"xpath","value":"//td[@aria-colindex=\"1\"]/div/div[contains(@class, \"sapMCbBg\")]"}
COMMAND: POST /session/19c5ed65dbd52b03c8c783813379e291/elements - {"using":"xpath","value":"//td[@aria-colindex=\"1\"]/div/div[contains(@class, \"sapMCbBg\")]"}
RESULT: {"using":"xpath","value":"//td[@aria-colindex=\"1\"]/div/div[contains(@class, \"sapMCbBg\")]"}
COMMAND: POST /session/19c5ed65dbd52b03c8c783813379e291/elements - {"using":"xpath","value":"//td[@aria-colindex=\"1\"]/div/div[contains(@class, \"sapMCbBg\")]"}
RESULT: {"using":"xpath","value":"//td[@aria-colindex=\"1\"]/div/div[contains(@class, \"sapMCbBg\")]"}
COMMAND: POST /session/19c5ed65dbd52b03c8c783813379e291/elements - {"using":"xpath","value":"//td[@aria-colindex=\"1\"]/div/div[contains(@class, \"sapMCbBg\")]"}
RESULT: {"using":"xpath","value":"//td[@aria-colindex=\"1\"]/div/div[contains(@class, \"sapMCbBg\")]"}
COMMAND: POST /session/19c5ed65dbd52b03c8c783813379e291/elements - {"using":"xpath","value":"//td[@aria-colindex=\"1\"]/div/div[contains(@class, \"sapMCbBg\")]"}
RESULT: {"using":"xpath","value":"//td[@aria-colindex=\"1\"]/div/div[contains(@class, \"sapMCbBg\")]"}
COMMAND: POST /session/19c5ed65dbd52b03c8c783813379e291/elements - {"using":"xpath","value":"//td[@aria-colindex=\"1\"]/div/div[contains(@class, \"sapMCbBg\")]"}
RESULT: {"using":"xpath","value":"//td[@aria-colindex=\"1\"]/div/div[contains(@class, \"sapMCbBg\")]"}
COMMAND: POST /session/19c5ed65dbd52b03c8c783813379e291/elements - {"using":"xpath","value":"//td[@aria-colindex=\"1\"]/div/div[contains(@class, \"sapMCbBg\")]"}
RESULT: {"using":"xpath","value":"//td[@aria-colindex=\"1\"]/div/div[contains(@class, \"sapMCbBg\")]"}
COMMAND: POST /session/19c5ed65dbd52b03c8c783813379e291/elements - {"using":"xpath","value":"//td[@aria-colindex=\"1\"]/div/div[contains(@class, \"sapMCbBg\")]"}
RESULT: {"using":"xpath","value":"//td[@aria-colindex=\"1\"]/div/div[contains(@class, \"sapMCbBg\")]"}
COMMAND: POST /session/19c5ed65dbd52b03c8c783813379e291/elements - {"using":"xpath","value":"//td[@aria-colindex=\"1\"]/div/div[contains(@class, \"sapMCbBg\")]"}
RESULT: {"using":"xpath","value":"//td[@aria-colindex=\"1\"]/div/div[contains(@class, \"sapMCbBg\")]"}
COMMAND: POST /session/19c5ed65dbd52b03c8c783813379e291/elements - {"using":"xpath","value":"//td[@aria-colindex=\"1\"]/div/div[contains(@class, \"sapMCbBg\")]"}
RESULT: {"using":"xpath","value":"//td[@aria-colindex=\"1\"]/div/div[contains(@class, \"sapMCbBg\")]"}
COMMAND: POST /session/19c5ed65dbd52b03c8c783813379e291/elements - {"using":"xpath","value":"//td[@aria-colindex=\"1\"]/div/div[contains(@class, \"sapMCbBg\")]"}
RESULT: {"using":"xpath","value":"//td[@aria-colindex=\"1\"]/div/div[contains(@class, \"sapMCbBg\")]"}
COMMAND: POST /session/19c5ed65dbd52b03c8c783813379e291/elements - {"using":"xpath","value":"//td[@aria-colindex=\"1\"]/div/div[contains(@class, \"sapMCbBg\")]"}
RESULT: {"using":"xpath","value":"//td[@aria-colindex=\"1\"]/div/div[contains(@class, \"sapMCbBg\")]"}
COMMAND: POST /session/19c5ed65dbd52b03c8c783813379e291/elements - {"using":"xpath","value":"//td[@aria-colindex=\"1\"]/div/div[contains(@class, \"sapMCbBg\")]"}
RESULT: {"using":"xpath","value":"//td[@aria-colindex=\"1\"]/div/div[contains(@class, \"sapMCbBg\")]"}
COMMAND: POST /session/19c5ed65dbd52b03c8c783813379e291/elements - {"using":"xpath","value":"//td[@aria-colindex=\"1\"]/div/div[contains(@class, \"sapMCbBg\")]"}
RESULT: {"using":"xpath","value":"//td[@aria-colindex=\"1\"]/div/div[contains(@class, \"sapMCbBg\")]"}
COMMAND: POST /session/19c5ed65dbd52b03c8c783813379e291/elements - {"using":"xpath","value":"//td[@aria-colindex=\"1\"]/div/div[contains(@class, \"sapMCbBg\")]"}
RESULT: {"using":"xpath","value":"//td[@aria-colindex=\"1\"]/div/div[contains(@class, \"sapMCbBg\")]"}
COMMAND: POST /session/19c5ed65dbd52b03c8c783813379e291/elements - {"using":"xpath","value":"//td[@aria-colindex=\"1\"]/div/div[contains(@class, \"sapMCbBg\")]"}
RESULT: {"using":"xpath","value":"//td[@aria-colindex=\"1\"]/div/div[contains(@class, \"sapMCbBg\")]"}
COMMAND: POST /session/19c5ed65dbd52b03c8c783813379e291/elements - {"using":"xpath","value":"//td[@aria-colindex=\"1\"]/div/div[contains(@class, \"sapMCbBg\")]"}
RESULT: {"using":"xpath","value":"//td[@aria-colindex=\"1\"]/div/div[contains(@class, \"sapMCbBg\")]"}
COMMAND: POST /session/19c5ed65dbd52b03c8c783813379e291/elements - {"using":"xpath","value":"//td[@aria-colindex=\"1\"]/div/div[contains(@class, \"sapMCbBg\")]"}
RESULT: {"using":"xpath","value":"//td[@aria-colindex=\"1\"]/div/div[contains(@class, \"sapMCbBg\")]"}
COMMAND: POST /session/19c5ed65dbd52b03c8c783813379e291/elements - {"using":"xpath","value":"//td[@aria-colindex=\"1\"]/div/div[contains(@class, \"sapMCbBg\")]"}
RESULT: {"using":"xpath","value":"//td[@aria-colindex=\"1\"]/div/div[contains(@class, \"sapMCbBg\")]"}
COMMAND: POST /session/19c5ed65dbd52b03c8c783813379e291/elements - {"using":"xpath","value":"//td[@aria-colindex=\"1\"]/div/div[contains(@class, \"sapMCbBg\")]"}
RESULT: {"using":"xpath","value":"//td[@aria-colindex=\"1\"]/div/div[contains(@class, \"sapMCbBg\")]"}
COMMAND: POST /session/19c5ed65dbd52b03c8c783813379e291/elements - {"using":"xpath","value":"//td[@aria-colindex=\"1\"]/div/div[contains(@class, \"sapMCbBg\")]"}
RESULT: {"using":"xpath","value":"//td[@aria-colindex=\"1\"]/div/div[contains(@class, \"sapMCbBg\")]"}
COMMAND: POST /session/19c5ed65dbd52b03c8c783813379e291/elements - {"using":"xpath","value":"//td[@aria-colindex=\"1\"]/div/div[contains(@class, \"sapMCbBg\")]"}
RESULT: {"using":"xpath","value":"//td[@aria-colindex=\"1\"]/div/div[contains(@class, \"sapMCbBg\")]"}
COMMAND: POST /session/19c5ed65dbd52b03c8c783813379e291/elements - {"using":"xpath","value":"//td[@aria-colindex=\"1\"]/div/div[contains(@class, \"sapMCbBg\")]"}
RESULT: {"using":"xpath","value":"//td[@aria-colindex=\"1\"]/div/div[contains(@class, \"sapMCbBg\")]"}
COMMAND: POST /session/19c5ed65dbd52b03c8c783813379e291/elements - {"using":"xpath","value":"//td[@aria-colindex=\"1\"]/div/div[contains(@class, \"sapMCbBg\")]"}
RESULT: {"using":"xpath","value":"//td[@aria-colindex=\"1\"]/div/div[contains(@class, \"sapMCbBg\")]"}
COMMAND: POST /session/19c5ed65dbd52b03c8c783813379e291/elements - {"using":"xpath","value":"//td[@aria-colindex=\"1\"]/div/div[contains(@class, \"sapMCbBg\")]"}
RESULT: {"using":"xpath","value":"//td[@aria-colindex=\"1\"]/div/div[contains(@class, \"sapMCbBg\")]"}
COMMAND: POST /session/19c5ed65dbd52b03c8c783813379e291/elements - {"using":"xpath","value":"//td[@aria-colindex=\"1\"]/div/div[contains(@class, \"sapMCbBg\")]"}
RESULT: {"using":"xpath","value":"//td[@aria-colindex=\"1\"]/div/div[contains(@class, \"sapMCbBg\")]"}
COMMAND: POST /session/19c5ed65dbd52b03c8c783813379e291/elements - {"using":"xpath","value":"//td[@aria-colindex=\"1\"]/div/div[contains(@class, \"sapMCbBg\")]"}
RESULT: {"using":"xpath","value":"//td[@aria-colindex=\"1\"]/div/div[contains(@class, \"sapMCbBg\")]"}
COMMAND: POST /session/19c5ed65dbd52b03c8c783813379e291/elements - {"using":"xpath","value":"//td[@aria-colindex=\"1\"]/div/div[contains(@class, \"sapMCbBg\")]"}
RESULT: {"using":"xpath","value":"//td[@aria-colindex=\"1\"]/div/div[contains(@class, \"sapMCbBg\")]"}
COMMAND: POST /session/19c5ed65dbd52b03c8c783813379e291/elements - {"using":"xpath","value":"//td[@aria-colindex=\"1\"]/div/div[contains(@class, \"sapMCbBg\")]"}
RESULT: {"using":"xpath","value":"//td[@aria-colindex=\"1\"]/div/div[contains(@class, \"sapMCbBg\")]"}
COMMAND: POST /session/19c5ed65dbd52b03c8c783813379e291/elements - {"using":"xpath","value":"//td[@aria-colindex=\"1\"]/div/div[contains(@class, \"sapMCbBg\")]"}
RESULT: {"using":"xpath","value":"//td[@aria-colindex=\"1\"]/div/div[contains(@class, \"sapMCbBg\")]"}
COMMAND: POST /session/19c5ed65dbd52b03c8c783813379e291/elements - {"using":"xpath","value":"//td[@aria-colindex=\"1\"]/div/div[contains(@class, \"sapMCbBg\")]"}
RESULT: {"using":"xpath","value":"//td[@aria-colindex=\"1\"]/div/div[contains(@class, \"sapMCbBg\")]"}
COMMAND: POST /session/19c5ed65dbd52b03c8c783813379e291/elements - {"using":"xpath","value":"//td[@aria-colindex=\"1\"]/div/div[contains(@class, \"sapMCbBg\")]"}
RESULT: {"using":"xpath","value":"//td[@aria-colindex=\"1\"]/div/div[contains(@class, \"sapMCbBg\")]"}
COMMAND: POST /session/19c5ed65dbd52b03c8c783813379e291/elements - {"using":"xpath","value":"//td[@aria-colindex=\"1\"]/div/div[contains(@class, \"sapMCbBg\")]"}
RESULT: {"using":"xpath","value":"//td[@aria-colindex=\"1\"]/div/div[contains(@class, \"sapMCbBg\")]"}
COMMAND: POST /session/19c5ed65dbd52b03c8c783813379e291/elements - {"using":"xpath","value":"//td[@aria-colindex=\"1\"]/div/div[contains(@class, \"sapMCbBg\")]"}
RESULT: {"using":"xpath","value":"//td[@aria-colindex=\"1\"]/div/div[contains(@class, \"sapMCbBg\")]"}
COMMAND: POST /session/19c5ed65dbd52b03c8c783813379e291/elements - {"using":"xpath","value":"//td[@aria-colindex=\"1\"]/div/div[contains(@class, \"sapMCbBg\")]"}
RESULT: {"using":"xpath","value":"//td[@aria-colindex=\"1\"]/div/div[contains(@class, \"sapMCbBg\")]"}
COMMAND: POST /session/19c5ed65dbd52b03c8c783813379e291/elements - {"using":"xpath","value":"//td[@aria-colindex=\"1\"]/div/div[contains(@class, \"sapMCbBg\")]"}
RESULT: {"using":"xpath","value":"//td[@aria-colindex=\"1\"]/div/div[contains(@class, \"sapMCbBg\")]"}
COMMAND: POST /session/19c5ed65dbd52b03c8c783813379e291/elements - {"using":"xpath","value":"//td[@aria-colindex=\"1\"]/div/div[contains(@class, \"sapMCbBg\")]"}
RESULT: {"using":"xpath","value":"//td[@aria-colindex=\"1\"]/div/div[contains(@class, \"sapMCbBg\")]"}
COMMAND: POST /session/19c5ed65dbd52b03c8c783813379e291/elements - {"using":"xpath","value":"//td[@aria-colindex=\"1\"]/div/div[contains(@class, \"sapMCbBg\")]"}
RESULT: {"using":"xpath","value":"//td[@aria-colindex=\"1\"]/div/div[contains(@class, \"sapMCbBg\")]"}
COMMAND: POST /session/19c5ed65dbd52b03c8c783813379e291/elements - {"using":"xpath","value":"//td[@aria-colindex=\"1\"]/div/div[contains(@class, \"sapMCbBg\")]"}
RESULT: {"using":"xpath","value":"//td[@aria-colindex=\"1\"]/div/div[contains(@class, \"sapMCbBg\")]"}
COMMAND: POST /session/19c5ed65dbd52b03c8c783813379e291/elements - {"using":"xpath","value":"//td[@aria-colindex=\"1\"]/div/div[contains(@class, \"sapMCbBg\")]"}
RESULT: {"using":"xpath","value":"//td[@aria-colindex=\"1\"]/div/div[contains(@class, \"sapMCbBg\")]"}
COMMAND: POST /session/19c5ed65dbd52b03c8c783813379e291/elements - {"using":"xpath","value":"//td[@aria-colindex=\"1\"]/div/div[contains(@class, \"sapMCbBg\")]"}
RESULT: {"using":"xpath","value":"//td[@aria-colindex=\"1\"]/div/div[contains(@class, \"sapMCbBg\")]"}
COMMAND: POST /session/19c5ed65dbd52b03c8c783813379e291/elements - {"using":"xpath","value":"//td[@aria-colindex=\"1\"]/div/div[contains(@class, \"sapMCbBg\")]"}
RESULT: {"using":"xpath","value":"//td[@aria-colindex=\"1\"]/div/div[contains(@class, \"sapMCbBg\")]"}
COMMAND: POST /session/19c5ed65dbd52b03c8c783813379e291/elements - {"using":"xpath","value":"//td[@aria-colindex=\"1\"]/div/div[contains(@class, \"sapMCbBg\")]"}
RESULT: {"using":"xpath","value":"//td[@aria-colindex=\"1\"]/div/div[contains(@class, \"sapMCbBg\")]"}
COMMAND: POST /session/19c5ed65dbd52b03c8c783813379e291/elements - {"using":"xpath","value":"//td[@aria-colindex=\"1\"]/div/div[contains(@class, \"sapMCbBg\")]"}
RESULT: {"using":"xpath","value":"//td[@aria-colindex=\"1\"]/div/div[contains(@class, \"sapMCbBg\")]"}
COMMAND: POST /session/19c5ed65dbd52b03c8c783813379e291/elements - {"using":"xpath","value":"//td[@aria-colindex=\"1\"]/div/div[contains(@class, \"sapMCbBg\")]"}
RESULT: {"using":"xpath","value":"//td[@aria-colindex=\"1\"]/div/div[contains(@class, \"sapMCbBg\")]"}
COMMAND: POST /session/19c5ed65dbd52b03c8c783813379e291/elements - {"using":"xpath","value":"//td[@aria-colindex=\"1\"]/div/div[contains(@class, \"sapMCbBg\")]"}
RESULT: {"using":"xpath","value":"//td[@aria-colindex=\"1\"]/div/div[contains(@class, \"sapMCbBg\")]"}
COMMAND: POST /session/19c5ed65dbd52b03c8c783813379e291/elements - {"using":"xpath","value":"//td[@aria-colindex=\"1\"]/div/div[contains(@class, \"sapMCbBg\")]"}
RESULT: {"using":"xpath","value":"//td[@aria-colindex=\"1\"]/div/div[contains(@class, \"sapMCbBg\")]"}
COMMAND: POST /session/19c5ed65dbd52b03c8c783813379e291/elements - {"using":"xpath","value":"//td[@aria-colindex=\"1\"]/div/div[contains(@class, \"sapMCbBg\")]"}
RESULT: {"using":"xpath","value":"//td[@aria-colindex=\"1\"]/div/div[contains(@class, \"sapMCbBg\")]"}
COMMAND: POST /session/19c5ed65dbd52b03c8c783813379e291/elements - {"using":"xpath","value":"//td[@aria-colindex=\"1\"]/div/div[contains(@class, \"sapMCbBg\")]"}
RESULT: {"using":"xpath","value":"//td[@aria-colindex=\"1\"]/div/div[contains(@class, \"sapMCbBg\")]"}
COMMAND: POST /session/19c5ed65dbd52b03c8c783813379e291/elements - {"using":"xpath","value":"//td[@aria-colindex=\"1\"]/div/div[contains(@class, \"sapMCbBg\")]"}
RESULT: {"using":"xpath","value":"//td[@aria-colindex=\"1\"]/div/div[contains(@class, \"sapMCbBg\")]"}
COMMAND: POST /session/19c5ed65dbd52b03c8c783813379e291/elements - {"using":"xpath","value":"//td[@aria-colindex=\"1\"]/div/div[contains(@class, \"sapMCbBg\")]"}
RESULT: {"using":"xpath","value":"//td[@aria-colindex=\"1\"]/div/div[contains(@class, \"sapMCbBg\")]"}
COMMAND: POST /session/19c5ed65dbd52b03c8c783813379e291/elements - {"using":"xpath","value":"//td[@aria-colindex=\"1\"]/div/div[contains(@class, \"sapMCbBg\")]"}
RESULT: {"using":"xpath","value":"//td[@aria-colindex=\"1\"]/div/div[contains(@class, \"sapMCbBg\")]"}
COMMAND: POST /session/19c5ed65dbd52b03c8c783813379e291/elements - {"using":"xpath","value":"//td[@aria-colindex=\"1\"]/div/div[contains(@class, \"sapMCbBg\")]"}
RESULT: {"using":"xpath","value":"//td[@aria-colindex=\"1\"]/div/div[contains(@class, \"sapMCbBg\")]"}
COMMAND: POST /session/19c5ed65dbd52b03c8c783813379e291/elements - {"using":"xpath","value":"//td[@aria-colindex=\"1\"]/div/div[contains(@class, \"sapMCbBg\")]"}
RESULT: {"using":"xpath","value":"//td[@aria-colindex=\"1\"]/div/div[contains(@class, \"sapMCbBg\")]"}
COMMAND: POST /session/19c5ed65dbd52b03c8c783813379e291/elements - {"using":"xpath","value":"//td[@aria-colindex=\"1\"]/div/div[contains(@class, \"sapMCbBg\")]"}
RESULT: {"using":"xpath","value":"//td[@aria-colindex=\"1\"]/div/div[contains(@class, \"sapMCbBg\")]"}
COMMAND: POST /session/19c5ed65dbd52b03c8c783813379e291/elements - {"using":"xpath","value":"//td[@aria-colindex=\"1\"]/div/div[contains(@class, \"sapMCbBg\")]"}
RESULT: {"using":"xpath","value":"//td[@aria-colindex=\"1\"]/div/div[contains(@class, \"sapMCbBg\")]"}
COMMAND: POST /session/19c5ed65dbd52b03c8c783813379e291/elements - {"using":"xpath","value":"//td[@aria-colindex=\"1\"]/div/div[contains(@class, \"sapMCbBg\")]"}
RESULT: {"using":"xpath","value":"//td[@aria-colindex=\"1\"]/div/div[contains(@class, \"sapMCbBg\")]"}
COMMAND: POST /session/19c5ed65dbd52b03c8c783813379e291/elements - {"using":"xpath","value":"//td[@aria-colindex=\"1\"]/div/div[contains(@class, \"sapMCbBg\")]"}
RESULT: {"using":"xpath","value":"//td[@aria-colindex=\"1\"]/div/div[contains(@class, \"sapMCbBg\")]"}
COMMAND: POST /session/19c5ed65dbd52b03c8c783813379e291/elements - {"using":"xpath","value":"//td[@aria-colindex=\"1\"]/div/div[contains(@class, \"sapMCbBg\")]"}
RESULT: {"using":"xpath","value":"//td[@aria-colindex=\"1\"]/div/div[contains(@class, \"sapMCbBg\")]"}
COMMAND: POST /session/19c5ed65dbd52b03c8c783813379e291/elements - {"using":"xpath","value":"//td[@aria-colindex=\"1\"]/div/div[contains(@class, \"sapMCbBg\")]"}
RESULT: {"using":"xpath","value":"//td[@aria-colindex=\"1\"]/div/div[contains(@class, \"sapMCbBg\")]"}
COMMAND: POST /session/19c5ed65dbd52b03c8c783813379e291/elements - {"using":"xpath","value":"//td[@aria-colindex=\"1\"]/div/div[contains(@class, \"sapMCbBg\")]"}
RESULT: {"using":"xpath","value":"//td[@aria-colindex=\"1\"]/div/div[contains(@class, \"sapMCbBg\")]"}
COMMAND: POST /session/19c5ed65dbd52b03c8c783813379e291/elements - {"using":"xpath","value":"//td[@aria-colindex=\"1\"]/div/div[contains(@class, \"sapMCbBg\")]"}
RESULT: {"using":"xpath","value":"//td[@aria-colindex=\"1\"]/div/div[contains(@class, \"sapMCbBg\")]"}
COMMAND: POST /session/19c5ed65dbd52b03c8c783813379e291/elements - {"using":"xpath","value":"//td[@aria-colindex=\"1\"]/div/div[contains(@class, \"sapMCbBg\")]"}
RESULT: {"using":"xpath","value":"//td[@aria-colindex=\"1\"]/div/div[contains(@class, \"sapMCbBg\")]"}
COMMAND: POST /session/19c5ed65dbd52b03c8c783813379e291/elements - {"using":"xpath","value":"//td[@aria-colindex=\"1\"]/div/div[contains(@class, \"sapMCbBg\")]"}
RESULT: {"using":"xpath","value":"//td[@aria-colindex=\"1\"]/div/div[contains(@class, \"sapMCbBg\")]"}
COMMAND: POST /session/19c5ed65dbd52b03c8c783813379e291/elements - {"using":"xpath","value":"//td[@aria-colindex=\"1\"]/div/div[contains(@class, \"sapMCbBg\")]"}
RESULT: {"using":"xpath","value":"//td[@aria-colindex=\"1\"]/div/div[contains(@class, \"sapMCbBg\")]"}
COMMAND: POST /session/19c5ed65dbd52b03c8c783813379e291/elements - {"using":"xpath","value":"//td[@aria-colindex=\"1\"]/div/div[contains(@class, \"sapMCbBg\")]"}
RESULT: {"using":"xpath","value":"//td[@aria-colindex=\"1\"]/div/div[contains(@class, \"sapMCbBg\")]"}
COMMAND: POST /session/19c5ed65dbd52b03c8c783813379e291/elements - {"using":"xpath","value":"//td[@aria-colindex=\"1\"]/div/div[contains(@class, \"sapMCbBg\")]"}
RESULT: {"using":"xpath","value":"//td[@aria-colindex=\"1\"]/div/div[contains(@class, \"sapMCbBg\")]"}
COMMAND: POST /session/19c5ed65dbd52b03c8c783813379e291/elements - {"using":"xpath","value":"//td[@aria-colindex=\"1\"]/div/div[contains(@class, \"sapMCbBg\")]"}
RESULT: {"using":"xpath","value":"//td[@aria-colindex=\"1\"]/div/div[contains(@class, \"sapMCbBg\")]"}
COMMAND: POST /session/19c5ed65dbd52b03c8c783813379e291/elements - {"using":"xpath","value":"//td[@aria-colindex=\"1\"]/div/div[contains(@class, \"sapMCbBg\")]"}
RESULT: {"using":"xpath","value":"//td[@aria-colindex=\"1\"]/div/div[contains(@class, \"sapMCbBg\")]"}
COMMAND: POST /session/19c5ed65dbd52b03c8c783813379e291/elements - {"using":"xpath","value":"//td[@aria-colindex=\"1\"]/div/div[contains(@class, \"sapMCbBg\")]"}
RESULT: {"using":"xpath","value":"//td[@aria-colindex=\"1\"]/div/div[contains(@class, \"sapMCbBg\")]"}
COMMAND: POST /session/19c5ed65dbd52b03c8c783813379e291/elements - {"using":"xpath","value":"//td[@aria-colindex=\"1\"]/div/div[contains(@class, \"sapMCbBg\")]"}
RESULT: {"using":"xpath","value":"//td[@aria-colindex=\"1\"]/div/div[contains(@class, \"sapMCbBg\")]"}
COMMAND: POST /session/19c5ed65dbd52b03c8c783813379e291/elements - {"using":"xpath","value":"//td[@aria-colindex=\"1\"]/div/div[contains(@class, \"sapMCbBg\")]"}
RESULT: {"using":"xpath","value":"//td[@aria-colindex=\"1\"]/div/div[contains(@class, \"sapMCbBg\")]"}
COMMAND: POST /session/19c5ed65dbd52b03c8c783813379e291/elements - {"using":"xpath","value":"//td[@aria-colindex=\"1\"]/div/div[contains(@class, \"sapMCbBg\")]"}
RESULT: {"using":"xpath","value":"//td[@aria-colindex=\"1\"]/div/div[contains(@class, \"sapMCbBg\")]"}
COMMAND: POST /session/19c5ed65dbd52b03c8c783813379e291/elements - {"using":"xpath","value":"//td[@aria-colindex=\"1\"]/div/div[contains(@class, \"sapMCbBg\")]"}
RESULT: {"using":"xpath","value":"//td[@aria-colindex=\"1\"]/div/div[contains(@class, \"sapMCbBg\")]"}
COMMAND: POST /session/19c5ed65dbd52b03c8c783813379e291/elements - {"using":"xpath","value":"//td[@aria-colindex=\"1\"]/div/div[contains(@class, \"sapMCbBg\")]"}
RESULT: {"using":"xpath","value":"//td[@aria-colindex=\"1\"]/div/div[contains(@class, \"sapMCbBg\")]"}
COMMAND: POST /session/19c5ed65dbd52b03c8c783813379e291/elements - {"using":"xpath","value":"//td[@aria-colindex=\"1\"]/div/div[contains(@class, \"sapMCbBg\")]"}
RESULT: {"using":"xpath","value":"//td[@aria-colindex=\"1\"]/div/div[contains(@class, \"sapMCbBg\")]"}
COMMAND: POST /session/19c5ed65dbd52b03c8c783813379e291/elements - {"using":"xpath","value":"//td[@aria-colindex=\"1\"]/div/div[contains(@class, \"sapMCbBg\")]"}
RESULT: {"using":"xpath","value":"//td[@aria-colindex=\"1\"]/div/div[contains(@class, \"sapMCbBg\")]"}
COMMAND: POST /session/19c5ed65dbd52b03c8c783813379e291/elements - {"using":"xpath","value":"//td[@aria-colindex=\"1\"]/div/div[contains(@class, \"sapMCbBg\")]"}
RESULT: {"using":"xpath","value":"//td[@aria-colindex=\"1\"]/div/div[contains(@class, \"sapMCbBg\")]"}
COMMAND: POST /session/19c5ed65dbd52b03c8c783813379e291/elements - {"using":"xpath","value":"//td[@aria-colindex=\"1\"]/div/div[contains(@class, \"sapMCbBg\")]"}
RESULT: {"using":"xpath","value":"//td[@aria-colindex=\"1\"]/div/div[contains(@class, \"sapMCbBg\")]"}
COMMAND: POST /session/19c5ed65dbd52b03c8c783813379e291/elements - {"using":"xpath","value":"//td[@aria-colindex=\"1\"]/div/div[contains(@class, \"sapMCbBg\")]"}
RESULT: {"using":"xpath","value":"//td[@aria-colindex=\"1\"]/div/div[contains(@class, \"sapMCbBg\")]"}
COMMAND: POST /session/19c5ed65dbd52b03c8c783813379e291/elements - {"using":"xpath","value":"//td[@aria-colindex=\"1\"]/div/div[contains(@class, \"sapMCbBg\")]"}
RESULT: {"using":"xpath","value":"//td[@aria-colindex=\"1\"]/div/div[contains(@class, \"sapMCbBg\")]"}
COMMAND: POST /session/19c5ed65dbd52b03c8c783813379e291/elements - {"using":"xpath","value":"//td[@aria-colindex=\"1\"]/div/div[contains(@class, \"sapMCbBg\")]"}
RESULT: {"using":"xpath","value":"//td[@aria-colindex=\"1\"]/div/div[contains(@class, \"sapMCbBg\")]"}
COMMAND: POST /session/19c5ed65dbd52b03c8c783813379e291/elements - {"using":"xpath","value":"//td[@aria-colindex=\"1\"]/div/div[contains(@class, \"sapMCbBg\")]"}
RESULT: {"using":"xpath","value":"//td[@aria-colindex=\"1\"]/div/div[contains(@class, \"sapMCbBg\")]"}
COMMAND: POST /session/19c5ed65dbd52b03c8c783813379e291/elements - {"using":"xpath","value":"//td[@aria-colindex=\"1\"]/div/div[contains(@class, \"sapMCbBg\")]"}
COMMAND: GET /session/19c5ed65dbd52b03c8c783813379e291/screenshot - {}
RESULT: {"using":"xpath","value":"//td[@aria-colindex=\"1\"]/div/div[contains(@class, \"sapMCbBg\")]"}
RESULT: {}
COMMAND: GET /session/19c5ed65dbd52b03c8c783813379e291/screenshot - {}
COMMAND: POST /session/19c5ed65dbd52b03c8c783813379e291/element - {"using":"css selector","value":"#j_username"}
COMMAND: POST /session/19c5ed65dbd52b03c8c783813379e291/url - {"url":"https://qa-testing-00-live-etm-ui.cfapps.eu10-004.hana.ondemand.com/"}
COMMAND: GET /session/19c5ed65dbd52b03c8c783813379e291/screenshot - {}
RESULT: {}
RESULT: {}
RESULT: {"url":"https://qa-testing-00-live-etm-ui.cfapps.eu10-004.hana.ondemand.com/"}
RESULT: undefined
COMMAND: GET /session/19c5ed65dbd52b03c8c783813379e291/screenshot - {}
RESULT: {"using":"css selector","value":"#j_username"}
COMMAND: POST /session/19c5ed65dbd52b03c8c783813379e291/element - {"using":"css selector","value":"#j_username"}
RESULT: {}
RESULT: {"using":"css selector","value":"#j_username"}
COMMAND: POST /session/19c5ed65dbd52b03c8c783813379e291/element - {"using":"css selector","value":"#shell-header-logo"}
RESULT: {"using":"css selector","value":"#shell-header-logo"}
COMMAND: POST /session/19c5ed65dbd52b03c8c783813379e291/execute/sync - {"script":"<script> [8489 bytes]","args":[{"element-6066-11e4-a52e-4f735466cecf":"f.1FACEF5F4F0044855A63ECD1C0A7B6EF.d.A23CF223BA8F53778215F55735C2F8A1.e.12567","ELEMENT":"f.1FACEF5F4F0044855A63ECD1C0A7B6EF.d.A23CF223BA8F53778215F55735C2F8A1.e.12567"}]}
RESULT: {"script":"<script> [8489 bytes]","args":[{"element-6066-11e4-a52e-4f735466cecf":"f.1FACEF5F4F0044855A63ECD1C0A7B6EF.d.A23CF223BA8F53778215F55735C2F8A1.e.12567","ELEMENT":"f.1FACEF5F4F0044855A63ECD1C0A7B6EF.d.A23CF223BA8F53778215F55735C2F8A1.e.12567"}]}
COMMAND: POST /session/19c5ed65dbd52b03c8c783813379e291/element - {"using":"css selector","value":"#shell-header-logo"}
COMMAND: GET /session/19c5ed65dbd52b03c8c783813379e291/screenshot - {}
RESULT: {"using":"css selector","value":"#shell-header-logo"}
COMMAND: POST /session/19c5ed65dbd52b03c8c783813379e291/execute/sync - {"script":"<script> [8489 bytes]","args":[{"element-6066-11e4-a52e-4f735466cecf":"f.1FACEF5F4F0044855A63ECD1C0A7B6EF.d.A23CF223BA8F53778215F55735C2F8A1.e.12567","ELEMENT":"f.1FACEF5F4F0044855A63ECD1C0A7B6EF.d.A23CF223BA8F53778215F55735C2F8A1.e.12567"}]}
RESULT: {}
RESULT: {"script":"<script> [8489 bytes]","args":[{"element-6066-11e4-a52e-4f735466cecf":"f.1FACEF5F4F0044855A63ECD1C0A7B6EF.d.A23CF223BA8F53778215F55735C2F8A1.e.12567","ELEMENT":"f.1FACEF5F4F0044855A63ECD1C0A7B6EF.d.A23CF223BA8F53778215F55735C2F8A1.e.12567"}]}
COMMAND: POST /session/19c5ed65dbd52b03c8c783813379e291/execute/sync - {"script":"<script> [5351 bytes]","args":[{"element-6066-11e4-a52e-4f735466cecf":"f.1FACEF5F4F0044855A63ECD1C0A7B6EF.d.A23CF223BA8F53778215F55735C2F8A1.e.12567","ELEMENT":"f.1FACEF5F4F0044855A63ECD1C0A7B6EF.d.A23CF223BA8F53778215F55735C2F8A1.e.12567"}]}
COMMAND: GET /session/19c5ed65dbd52b03c8c783813379e291/screenshot - {}
RESULT: {"script":"<script> [5351 bytes]","args":[{"element-6066-11e4-a52e-4f735466cecf":"f.1FACEF5F4F0044855A63ECD1C0A7B6EF.d.A23CF223BA8F53778215F55735C2F8A1.e.12567","ELEMENT":"f.1FACEF5F4F0044855A63ECD1C0A7B6EF.d.A23CF223BA8F53778215F55735C2F8A1.e.12567"}]}
COMMAND: POST /session/19c5ed65dbd52b03c8c783813379e291/element - {"using":"css selector","value":"#shell-header-logo"}
COMMAND: GET /session/19c5ed65dbd52b03c8c783813379e291/screenshot - {}
RESULT: {}
RESULT: {"using":"css selector","value":"#shell-header-logo"}
COMMAND: POST /session/19c5ed65dbd52b03c8c783813379e291/element/f.1FACEF5F4F0044855A63ECD1C0A7B6EF.d.A23CF223BA8F53778215F55735C2F8A1.e.12567/click - {}
RESULT: {}
RESULT: {}
COMMAND: GET /session/19c5ed65dbd52b03c8c783813379e291/screenshot - {}
RESULT: {}
COMMAND: POST /session/19c5ed65dbd52b03c8c783813379e291/execute/async - {"script":"<script> [189 bytes]","args":[]}
RESULT: {"script":"<script> [189 bytes]","args":[]}
COMMAND: POST /session/19c5ed65dbd52b03c8c783813379e291/execute/async - {"script":"<script> [123 bytes]","args":[]}
RESULT: {"script":"<script> [123 bytes]","args":[]}
COMMAND: POST /session/19c5ed65dbd52b03c8c783813379e291/timeouts - {"script":"<number>"}
RESULT: {"script":"<number>"}
COMMAND: GET /session/19c5ed65dbd52b03c8c783813379e291/timeouts - {}
RESULT: {}
RESULT: undefined
COMMAND: POST /session/19c5ed65dbd52b03c8c783813379e291/execute/async - {"script":"<script> [2676 bytes]","args":[]}
RESULT: {"script":"<script> [2676 bytes]","args":[]}
COMMAND: POST /session/19c5ed65dbd52b03c8c783813379e291/execute/async - {"script":"<script> [2342 bytes]","args":[{"protocol":"http","hostname":"0.0.0.0","path":"/","capabilities":{"browserName":"chrome","goog:chromeOptions":{"binary":"C:\\Program Files\\Google\\Chrome\\Application\\chrome.exe","args":["--start-maximized"]}},"logLevel":"warn","connectionRetryTimeout":120000,"connectionRetryCount":3,"logLevels":{},"enableDirectConnect":true,"strictSSL":true,"_":"65 more keys: [\"cacheDir\",\"port\",\"requestedCapabilities\",\"automationProtocol\",\"baseUrl\",\"waitforInterval\",\"waitforTimeout\",\"onReload\",\"beforeCommand\",\"afterCommand\",\"rootDir\",\"specs\",\"suites\",\"exclude\",\"groupLogsByTestSpec\",\"excludeDriverLogs\",\"bail\",\"framework\",\"reporters\",\"services\",\"maxInstances\",\"maxInstancesPerCapability\",\"injectGlobals\",\"filesToWatch\",\"execArgv\",\"runnerEnv\",\"runner\",\"shard\",\"specFileRetries\",\"specFileRetriesDelay\",\"specFileRetriesDeferred\",\"reporterSyncInterval\",\"reporterSyncTimeout\",\"cucumberFeaturesWithLineNumbers\",\"autoCompileOpts\",\"mochaOpts\",\"jasmineOpts\",\"cucumberOpts\",\"onPrepare\",\"onWorkerStart\",\"onWorkerEnd\",\"before\",\"beforeSession\",\"beforeSuite\",\"beforeHook\",\"beforeTest\",\"afterTest\",\"afterHook\",\"afterSuite\",\"afterSession\",\"after\",\"onComplete\",\"beforeAssertion\",\"afterAssertion\",\"beforeFeature\",\"beforeScenario\",\"beforeStep\",\"afterStep\",\"afterScenario\",\"afterFeature\",\"_\",\"suite\",\"$0\",\"ignoredWorkerServices\",\"wdi5\"]"}]}
RESULT: {"script":"<script> [2342 bytes]","args":[{"protocol":"http","hostname":"0.0.0.0","path":"/","capabilities":{"browserName":"chrome","goog:chromeOptions":{"binary":"C:\\Program Files\\Google\\Chrome\\Application\\chrome.exe","args":["--start-maximized"]}},"logLevel":"warn","connectionRetryTimeout":120000,"connectionRetryCount":3,"logLevels":{},"enableDirectConnect":true,"strictSSL":true,"_":"65 more keys: [\"cacheDir\",\"port\",\"requestedCapabilities\",\"automationProtocol\",\"baseUrl\",\"waitforInterval\",\"waitforTimeout\",\"onReload\",\"beforeCommand\",\"afterCommand\",\"rootDir\",\"specs\",\"suites\",\"exclude\",\"groupLogsByTestSpec\",\"excludeDriverLogs\",\"bail\",\"framework\",\"reporters\",\"services\",\"maxInstances\",\"maxInstancesPerCapability\",\"injectGlobals\",\"filesToWatch\",\"execArgv\",\"runnerEnv\",\"runner\",\"shard\",\"specFileRetries\",\"specFileRetriesDelay\",\"specFileRetriesDeferred\",\"reporterSyncInterval\",\"reporterSyncTimeout\",\"cucumberFeaturesWithLineNumbers\",\"autoCompileOpts\",\"mochaOpts\",\"jasmineOpts\",\"cucumberOpts\",\"onPrepare\",\"onWorkerStart\",\"onWorkerEnd\",\"before\",\"beforeSession\",\"beforeSuite\",\"beforeHook\",\"beforeTest\",\"afterTest\",\"afterHook\",\"afterSuite\",\"afterSession\",\"after\",\"onComplete\",\"beforeAssertion\",\"afterAssertion\",\"beforeFeature\",\"beforeScenario\",\"beforeStep\",\"afterStep\",\"afterScenario\",\"afterFeature\",\"_\",\"suite\",\"$0\",\"ignoredWorkerServices\",\"wdi5\"]"}]}
COMMAND: POST /session/19c5ed65dbd52b03c8c783813379e291/execute/async - {"script":"<script> [21126 bytes]","args":[35000]}
RESULT: {"script":"<script> [21126 bytes]","args":[35000]}
COMMAND: POST /session/19c5ed65dbd52b03c8c783813379e291/window/maximize - {}
RESULT: {}
COMMAND: POST /session/19c5ed65dbd52b03c8c783813379e291/execute/async - {"script":"<script> [1562 bytes]","args":[{"selector":{"id":"shell-header","interaction":{"idSuffix":"icon"}},"wdio_ui5_key":"shellheader"}]}
COMMAND: GET /session/19c5ed65dbd52b03c8c783813379e291/screenshot - {}
RESULT: {"script":"<script> [1562 bytes]","args":[{"selector":{"id":"shell-header","interaction":{"idSuffix":"icon"}},"wdio_ui5_key":"shellheader"}]}
RESULT: undefined
COMMAND: POST /session/19c5ed65dbd52b03c8c783813379e291/refresh - {}
RESULT: {}
RESULT: {}
COMMAND: GET /session/19c5ed65dbd52b03c8c783813379e291/screenshot - {}
RESULT: {}
COMMAND: POST /session/19c5ed65dbd52b03c8c783813379e291/refresh - {}
RESULT: {}
COMMAND: GET /session/19c5ed65dbd52b03c8c783813379e291/screenshot - {}
RESULT: {}
COMMAND: POST /session/19c5ed65dbd52b03c8c783813379e291/window/fullscreen - {}
RESULT: {}
COMMAND: POST /session/19c5ed65dbd52b03c8c783813379e291/execute/async - {"script":"<script> [189 bytes]","args":[]}
RESULT: {"script":"<script> [189 bytes]","args":[]}
COMMAND: POST /session/19c5ed65dbd52b03c8c783813379e291/execute/async - {"script":"<script> [123 bytes]","args":[]}
RESULT: {"script":"<script> [123 bytes]","args":[]}
COMMAND: POST /session/19c5ed65dbd52b03c8c783813379e291/timeouts - {"script":"<number>"}
RESULT: {"script":"<number>"}
COMMAND: GET /session/19c5ed65dbd52b03c8c783813379e291/timeouts - {}
RESULT: {}
RESULT: undefined
COMMAND: POST /session/19c5ed65dbd52b03c8c783813379e291/execute/async - {"script":"<script> [2676 bytes]","args":[]}
RESULT: {"script":"<script> [2676 bytes]","args":[]}
COMMAND: POST /session/19c5ed65dbd52b03c8c783813379e291/execute/async - {"script":"<script> [2342 bytes]","args":[{"protocol":"http","hostname":"0.0.0.0","path":"/","capabilities":{"browserName":"chrome","goog:chromeOptions":{"binary":"C:\\Program Files\\Google\\Chrome\\Application\\chrome.exe","args":["--start-maximized"]}},"logLevel":"warn","connectionRetryTimeout":120000,"connectionRetryCount":3,"logLevels":{},"enableDirectConnect":true,"strictSSL":true,"_":"65 more keys: [\"cacheDir\",\"port\",\"requestedCapabilities\",\"automationProtocol\",\"baseUrl\",\"waitforInterval\",\"waitforTimeout\",\"onReload\",\"beforeCommand\",\"afterCommand\",\"rootDir\",\"specs\",\"suites\",\"exclude\",\"groupLogsByTestSpec\",\"excludeDriverLogs\",\"bail\",\"framework\",\"reporters\",\"services\",\"maxInstances\",\"maxInstancesPerCapability\",\"injectGlobals\",\"filesToWatch\",\"execArgv\",\"runnerEnv\",\"runner\",\"shard\",\"specFileRetries\",\"specFileRetriesDelay\",\"specFileRetriesDeferred\",\"reporterSyncInterval\",\"reporterSyncTimeout\",\"cucumberFeaturesWithLineNumbers\",\"autoCompileOpts\",\"mochaOpts\",\"jasmineOpts\",\"cucumberOpts\",\"onPrepare\",\"onWorkerStart\",\"onWorkerEnd\",\"before\",\"beforeSession\",\"beforeSuite\",\"beforeHook\",\"beforeTest\",\"afterTest\",\"afterHook\",\"afterSuite\",\"afterSession\",\"after\",\"onComplete\",\"beforeAssertion\",\"afterAssertion\",\"beforeFeature\",\"beforeScenario\",\"beforeStep\",\"afterStep\",\"afterScenario\",\"afterFeature\",\"_\",\"suite\",\"$0\",\"ignoredWorkerServices\",\"wdi5\"]"}]}
RESULT: {"script":"<script> [2342 bytes]","args":[{"protocol":"http","hostname":"0.0.0.0","path":"/","capabilities":{"browserName":"chrome","goog:chromeOptions":{"binary":"C:\\Program Files\\Google\\Chrome\\Application\\chrome.exe","args":["--start-maximized"]}},"logLevel":"warn","connectionRetryTimeout":120000,"connectionRetryCount":3,"logLevels":{},"enableDirectConnect":true,"strictSSL":true,"_":"65 more keys: [\"cacheDir\",\"port\",\"requestedCapabilities\",\"automationProtocol\",\"baseUrl\",\"waitforInterval\",\"waitforTimeout\",\"onReload\",\"beforeCommand\",\"afterCommand\",\"rootDir\",\"specs\",\"suites\",\"exclude\",\"groupLogsByTestSpec\",\"excludeDriverLogs\",\"bail\",\"framework\",\"reporters\",\"services\",\"maxInstances\",\"maxInstancesPerCapability\",\"injectGlobals\",\"filesToWatch\",\"execArgv\",\"runnerEnv\",\"runner\",\"shard\",\"specFileRetries\",\"specFileRetriesDelay\",\"specFileRetriesDeferred\",\"reporterSyncInterval\",\"reporterSyncTimeout\",\"cucumberFeaturesWithLineNumbers\",\"autoCompileOpts\",\"mochaOpts\",\"jasmineOpts\",\"cucumberOpts\",\"onPrepare\",\"onWorkerStart\",\"onWorkerEnd\",\"before\",\"beforeSession\",\"beforeSuite\",\"beforeHook\",\"beforeTest\",\"afterTest\",\"afterHook\",\"afterSuite\",\"afterSession\",\"after\",\"onComplete\",\"beforeAssertion\",\"afterAssertion\",\"beforeFeature\",\"beforeScenario\",\"beforeStep\",\"afterStep\",\"afterScenario\",\"afterFeature\",\"_\",\"suite\",\"$0\",\"ignoredWorkerServices\",\"wdi5\"]"}]}
COMMAND: POST /session/19c5ed65dbd52b03c8c783813379e291/execute/async - {"script":"<script> [21126 bytes]","args":[35000]}
RESULT: {"script":"<script> [21126 bytes]","args":[35000]}
]]></system-out>
      <system-err><![CDATA[
Error: Can't call click on element with selector "//td[@aria-colindex="1"]/div/div[contains(@class, "sapMCbBg")]" because element wasn't found
    at async UtilsPrerequisites.manageBillingsTriggerCalculation (D:\a\1\s\test\specs\BTS\prerequisites-and-utils-functions.js:2750:9)
    at async Context.<anonymous> (D:\a\1\s\test\specs\BTS\billing-performance-workdays.spec.js:381:9)
]]></system-err>
    </testcase>
  </testsuite>
  <testsuite timestamp="2025-05-30T17:58:41" time="1244.09" tests="20" failures="14" errors="14" skipped="0">
    <properties>
      <property name="specId" value="0"/>
      <property name="suiteName" value="Billing Calculation - Time based (considering transport times) US139738"/>
      <property name="capabilities" value="chrome.136_0_7103_93.windows"/>
      <property name="file" value="file:///D:/a/1/s/test/specs/BTS/billing-calculation-transp-times.spec.js"/>
    </properties>
    <testcase classname="chrome.136_0_7103_93.windows.Billing_Calculation_-_Time_based_(considering_transport_times)_US139738" name="Should create a new yard" time="0.015">
      <system-out><![CDATA[
COMMAND: POST /session/19c5ed65dbd52b03c8c783813379e291/window/fullscreen - {}
RESULT: {}
]]></system-out>
    </testcase>
    <testcase classname="chrome.136_0_7103_93.windows.Billing_Calculation_-_Time_based_(considering_transport_times)_US139738" name="Should create a new partner" time="0.004"/>
    <testcase classname="chrome.136_0_7103_93.windows.Billing_Calculation_-_Time_based_(considering_transport_times)_US139738" name="Should create a new site" time="0.004"/>
    <testcase classname="chrome.136_0_7103_93.windows.Billing_Calculation_-_Time_based_(considering_transport_times)_US139738" name="Should create the equipment" time="145.104">
      <system-out><![CDATA[
COMMAND: POST /session/19c5ed65dbd52b03c8c783813379e291/execute/async - {"script":"<script> [1562 bytes]","args":[{"selector":{"controlType":"sap.m.GenericTile","properties":{"header":"Manage Resources"}},"wdio_ui5_key":"sapm.GenericTile{\"header\":\"Manage Resources\"}"}]}
RESULT: {"script":"<script> [1562 bytes]","args":[{"selector":{"controlType":"sap.m.GenericTile","properties":{"header":"Manage Resources"}},"wdio_ui5_key":"sapm.GenericTile{\"header\":\"Manage Resources\"}"}]}
RESULT: undefined
COMMAND: POST /session/19c5ed65dbd52b03c8c783813379e291/element - {"using":"xpath","value":"//*[@id=\"__tile39\"]"}
RESULT: {"using":"xpath","value":"//*[@id=\"__tile39\"]"}
COMMAND: POST /session/19c5ed65dbd52b03c8c783813379e291/element/f.1FACEF5F4F0044855A63ECD1C0A7B6EF.d.A19569E97EB78292D0BD932B6BEC8FFD.e.12721/click - {}
RESULT: {}
COMMAND: GET /session/19c5ed65dbd52b03c8c783813379e291/screenshot - {}
RESULT: {}
COMMAND: POST /session/19c5ed65dbd52b03c8c783813379e291/elements - {"using":"xpath","value":"//span[text()='Error']"}
RESULT: {"using":"xpath","value":"//span[text()='Error']"}
COMMAND: POST /session/19c5ed65dbd52b03c8c783813379e291/element - {"using":"xpath","value":"//button[@data-kt=\"addNewRUOverflowToolbarButton\"]"}
RESULT: {"using":"xpath","value":"//button[@data-kt=\"addNewRUOverflowToolbarButton\"]"}
COMMAND: POST /session/19c5ed65dbd52b03c8c783813379e291/elements - {"using":"xpath","value":"//button[@data-kt=\"addNewRUOverflowToolbarButton\"]"}
RESULT: {"using":"xpath","value":"//button[@data-kt=\"addNewRUOverflowToolbarButton\"]"}
COMMAND: POST /session/19c5ed65dbd52b03c8c783813379e291/element - {"using":"xpath","value":"//button[@data-kt=\"addNewRUOverflowToolbarButton\"]"}
RESULT: {"using":"xpath","value":"//button[@data-kt=\"addNewRUOverflowToolbarButton\"]"}
COMMAND: POST /session/19c5ed65dbd52b03c8c783813379e291/execute/sync - {"script":"<script> [8489 bytes]","args":[{"element-6066-11e4-a52e-4f735466cecf":"f.1FACEF5F4F0044855A63ECD1C0A7B6EF.d.A19569E97EB78292D0BD932B6BEC8FFD.e.12874","ELEMENT":"f.1FACEF5F4F0044855A63ECD1C0A7B6EF.d.A19569E97EB78292D0BD932B6BEC8FFD.e.12874"}]}
RESULT: {"script":"<script> [8489 bytes]","args":[{"element-6066-11e4-a52e-4f735466cecf":"f.1FACEF5F4F0044855A63ECD1C0A7B6EF.d.A19569E97EB78292D0BD932B6BEC8FFD.e.12874","ELEMENT":"f.1FACEF5F4F0044855A63ECD1C0A7B6EF.d.A19569E97EB78292D0BD932B6BEC8FFD.e.12874"}]}
COMMAND: GET /session/19c5ed65dbd52b03c8c783813379e291/element/f.1FACEF5F4F0044855A63ECD1C0A7B6EF.d.A19569E97EB78292D0BD932B6BEC8FFD.e.12874/enabled - {}
COMMAND: GET /session/19c5ed65dbd52b03c8c783813379e291/screenshot - {}
RESULT: {}
COMMAND: POST /session/19c5ed65dbd52b03c8c783813379e291/execute/sync - {"script":"<script> [8489 bytes]","args":[{"element-6066-11e4-a52e-4f735466cecf":"f.1FACEF5F4F0044855A63ECD1C0A7B6EF.d.A19569E97EB78292D0BD932B6BEC8FFD.e.12874","ELEMENT":"f.1FACEF5F4F0044855A63ECD1C0A7B6EF.d.A19569E97EB78292D0BD932B6BEC8FFD.e.12874"}]}
COMMAND: GET /session/19c5ed65dbd52b03c8c783813379e291/screenshot - {}
RESULT: {}
RESULT: {"script":"<script> [8489 bytes]","args":[{"element-6066-11e4-a52e-4f735466cecf":"f.1FACEF5F4F0044855A63ECD1C0A7B6EF.d.A19569E97EB78292D0BD932B6BEC8FFD.e.12874","ELEMENT":"f.1FACEF5F4F0044855A63ECD1C0A7B6EF.d.A19569E97EB78292D0BD932B6BEC8FFD.e.12874"}]}
COMMAND: POST /session/19c5ed65dbd52b03c8c783813379e291/execute/sync - {"script":"<script> [5351 bytes]","args":[{"element-6066-11e4-a52e-4f735466cecf":"f.1FACEF5F4F0044855A63ECD1C0A7B6EF.d.A19569E97EB78292D0BD932B6BEC8FFD.e.12874","ELEMENT":"f.1FACEF5F4F0044855A63ECD1C0A7B6EF.d.A19569E97EB78292D0BD932B6BEC8FFD.e.12874"}]}
COMMAND: GET /session/19c5ed65dbd52b03c8c783813379e291/screenshot - {}
RESULT: {}
RESULT: {"script":"<script> [5351 bytes]","args":[{"element-6066-11e4-a52e-4f735466cecf":"f.1FACEF5F4F0044855A63ECD1C0A7B6EF.d.A19569E97EB78292D0BD932B6BEC8FFD.e.12874","ELEMENT":"f.1FACEF5F4F0044855A63ECD1C0A7B6EF.d.A19569E97EB78292D0BD932B6BEC8FFD.e.12874"}]}
COMMAND: POST /session/19c5ed65dbd52b03c8c783813379e291/element/f.1FACEF5F4F0044855A63ECD1C0A7B6EF.d.A19569E97EB78292D0BD932B6BEC8FFD.e.12874/click - {}
COMMAND: GET /session/19c5ed65dbd52b03c8c783813379e291/screenshot - {}
RESULT: {}
RESULT: {}
COMMAND: GET /session/19c5ed65dbd52b03c8c783813379e291/screenshot - {}
RESULT: {}
RESULT: {}
COMMAND: POST /session/19c5ed65dbd52b03c8c783813379e291/execute/async - {"script":"<script> [1562 bytes]","args":[{"selector":{"id":"application-manageresources-display-component---newResourceUnit--TYPE-arrow"},"wdio_ui5_key":"applicationmanageresources-display-component---newResourceUnit--TYPE-arrow"}]}
RESULT: {"script":"<script> [1562 bytes]","args":[{"selector":{"id":"application-manageresources-display-component---newResourceUnit--TYPE-arrow"},"wdio_ui5_key":"applicationmanageresources-display-component---newResourceUnit--TYPE-arrow"}]}
RESULT: undefined
COMMAND: POST /session/19c5ed65dbd52b03c8c783813379e291/element - {"using":"xpath","value":"//*[@id=\"application-manageresources-display-component---newResourceUnit--TYPE-arrow\"]"}
RESULT: {"using":"xpath","value":"//*[@id=\"application-manageresources-display-component---newResourceUnit--TYPE-arrow\"]"}
COMMAND: POST /session/19c5ed65dbd52b03c8c783813379e291/element/f.1FACEF5F4F0044855A63ECD1C0A7B6EF.d.A19569E97EB78292D0BD932B6BEC8FFD.e.13225/click - {}
RESULT: {}
COMMAND: POST /session/19c5ed65dbd52b03c8c783813379e291/element - {"using":"xpath","value":"//input[@id=\"application-manageresources-display-component---newResourceUnit--TYPE-inner\"]"}
COMMAND: GET /session/19c5ed65dbd52b03c8c783813379e291/screenshot - {}
RESULT: {"using":"xpath","value":"//input[@id=\"application-manageresources-display-component---newResourceUnit--TYPE-inner\"]"}
COMMAND: POST /session/19c5ed65dbd52b03c8c783813379e291/element/f.1FACEF5F4F0044855A63ECD1C0A7B6EF.d.A19569E97EB78292D0BD932B6BEC8FFD.e.13215/clear - {}
RESULT: {}
RESULT: {}
COMMAND: POST /session/19c5ed65dbd52b03c8c783813379e291/element/f.1FACEF5F4F0044855A63ECD1C0A7B6EF.d.A19569E97EB78292D0BD932B6BEC8FFD.e.13215/value - {"text":"Equipment"}
COMMAND: GET /session/19c5ed65dbd52b03c8c783813379e291/screenshot - {}
RESULT: {"text":"Equipment"}
COMMAND: GET /session/19c5ed65dbd52b03c8c783813379e291/screenshot - {}
RESULT: {}
RESULT: {}
COMMAND: POST /session/19c5ed65dbd52b03c8c783813379e291/actions - {"actions":[{"id":"action55","type":"key","parameters":{},"actions":[{"type":"keyDown","value":""},{"type":"pause","duration":10},{"type":"keyUp","value":""}]}]}
RESULT: {"actions":[{"id":"action55","type":"key","parameters":{},"actions":[{"type":"keyDown","value":""},{"type":"pause","duration":10},{"type":"keyUp","value":""}]}]}
COMMAND: POST /session/19c5ed65dbd52b03c8c783813379e291/execute/async - {"script":"<script> [1562 bytes]","args":[{"selector":{"id":"application-manageresources-display-component---newResourceUnit--resourceId","interaction":{"idSuffix":"inner"}},"wdio_ui5_key":"applicationmanageresources-display-component---newResourceUnit--resourceId"}]}
COMMAND: GET /session/19c5ed65dbd52b03c8c783813379e291/screenshot - {}
RESULT: {"script":"<script> [1562 bytes]","args":[{"selector":{"id":"application-manageresources-display-component---newResourceUnit--resourceId","interaction":{"idSuffix":"inner"}},"wdio_ui5_key":"applicationmanageresources-display-component---newResourceUnit--resourceId"}]}
RESULT: undefined
COMMAND: POST /session/19c5ed65dbd52b03c8c783813379e291/execute/async - {"script":"<script> [776 bytes]","args":[{"enterText":"JuT5VFikH0","selector":{"id":"application-manageresources-display-component---newResourceUnit--resourceId","interaction":{"idSuffix":"inner"}},"clearTextFirst":true,"interactionType":"ENTER_TEXT"}]}
RESULT: {}
RESULT: {"script":"<script> [776 bytes]","args":[{"enterText":"JuT5VFikH0","selector":{"id":"application-manageresources-display-component---newResourceUnit--resourceId","interaction":{"idSuffix":"inner"}},"clearTextFirst":true,"interactionType":"ENTER_TEXT"}]}
COMMAND: POST /session/19c5ed65dbd52b03c8c783813379e291/execute/async - {"script":"<script> [1562 bytes]","args":[{"selector":{"id":"application-manageresources-display-component---newResourceUnit--SHORT_TEXT","interaction":{"idSuffix":"inner"}},"wdio_ui5_key":"applicationmanageresources-display-component---newResourceUnit--SHORT_TEXT"}]}
RESULT: {"script":"<script> [1562 bytes]","args":[{"selector":{"id":"application-manageresources-display-component---newResourceUnit--SHORT_TEXT","interaction":{"idSuffix":"inner"}},"wdio_ui5_key":"applicationmanageresources-display-component---newResourceUnit--SHORT_TEXT"}]}
RESULT: undefined
COMMAND: POST /session/19c5ed65dbd52b03c8c783813379e291/execute/async - {"script":"<script> [776 bytes]","args":[{"enterText":"Intercompany Equipment WDIO","selector":{"id":"application-manageresources-display-component---newResourceUnit--SHORT_TEXT","interaction":{"idSuffix":"inner"}},"clearTextFirst":true,"interactionType":"ENTER_TEXT"}]}
RESULT: {"script":"<script> [776 bytes]","args":[{"enterText":"Intercompany Equipment WDIO","selector":{"id":"application-manageresources-display-component---newResourceUnit--SHORT_TEXT","interaction":{"idSuffix":"inner"}},"clearTextFirst":true,"interactionType":"ENTER_TEXT"}]}
COMMAND: POST /session/19c5ed65dbd52b03c8c783813379e291/execute/async - {"script":"<script> [1562 bytes]","args":[{"selector":{"id":"application-manageresources-display-component---newResourceUnit--BASE_UNIT_OF_MEASURE","interaction":{"idSuffix":"inner"}},"wdio_ui5_key":"applicationmanageresources-display-component---newResourceUnit--BASE_UNIT_OF_MEASURE"}]}
RESULT: {"script":"<script> [1562 bytes]","args":[{"selector":{"id":"application-manageresources-display-component---newResourceUnit--BASE_UNIT_OF_MEASURE","interaction":{"idSuffix":"inner"}},"wdio_ui5_key":"applicationmanageresources-display-component---newResourceUnit--BASE_UNIT_OF_MEASURE"}]}
RESULT: undefined
COMMAND: POST /session/19c5ed65dbd52b03c8c783813379e291/execute/async - {"script":"<script> [776 bytes]","args":[{"enterText":"Piece","selector":{"id":"application-manageresources-display-component---newResourceUnit--BASE_UNIT_OF_MEASURE","interaction":{"idSuffix":"inner"}},"clearTextFirst":true,"interactionType":"ENTER_TEXT"}]}
RESULT: {"script":"<script> [776 bytes]","args":[{"enterText":"Piece","selector":{"id":"application-manageresources-display-component---newResourceUnit--BASE_UNIT_OF_MEASURE","interaction":{"idSuffix":"inner"}},"clearTextFirst":true,"interactionType":"ENTER_TEXT"}]}
COMMAND: POST /session/19c5ed65dbd52b03c8c783813379e291/execute/async - {"script":"<script> [1562 bytes]","args":[{"selector":{"id":"application-manageresources-display-component---newResourceUnit--WEIGHT_UNIT","interaction":{"idSuffix":"inner"}},"wdio_ui5_key":"applicationmanageresources-display-component---newResourceUnit--WEIGHT_UNIT"}]}
RESULT: {"script":"<script> [1562 bytes]","args":[{"selector":{"id":"application-manageresources-display-component---newResourceUnit--WEIGHT_UNIT","interaction":{"idSuffix":"inner"}},"wdio_ui5_key":"applicationmanageresources-display-component---newResourceUnit--WEIGHT_UNIT"}]}
RESULT: undefined
COMMAND: POST /session/19c5ed65dbd52b03c8c783813379e291/execute/async - {"script":"<script> [776 bytes]","args":[{"enterText":"Gram","selector":{"id":"application-manageresources-display-component---newResourceUnit--WEIGHT_UNIT","interaction":{"idSuffix":"inner"}},"clearTextFirst":true,"interactionType":"ENTER_TEXT"}]}
RESULT: {"script":"<script> [776 bytes]","args":[{"enterText":"Gram","selector":{"id":"application-manageresources-display-component---newResourceUnit--WEIGHT_UNIT","interaction":{"idSuffix":"inner"}},"clearTextFirst":true,"interactionType":"ENTER_TEXT"}]}
COMMAND: POST /session/19c5ed65dbd52b03c8c783813379e291/execute/async - {"script":"<script> [1562 bytes]","args":[{"selector":{"id":"application-manageresources-display-component---newResourceUnit--DIMENSION_UNIT","interaction":{"idSuffix":"inner"}},"wdio_ui5_key":"applicationmanageresources-display-component---newResourceUnit--DIMENSION_UNIT"}]}
RESULT: {"script":"<script> [1562 bytes]","args":[{"selector":{"id":"application-manageresources-display-component---newResourceUnit--DIMENSION_UNIT","interaction":{"idSuffix":"inner"}},"wdio_ui5_key":"applicationmanageresources-display-component---newResourceUnit--DIMENSION_UNIT"}]}
RESULT: undefined
COMMAND: POST /session/19c5ed65dbd52b03c8c783813379e291/execute/async - {"script":"<script> [776 bytes]","args":[{"enterText":"Meter","selector":{"id":"application-manageresources-display-component---newResourceUnit--DIMENSION_UNIT","interaction":{"idSuffix":"inner"}},"clearTextFirst":true,"interactionType":"ENTER_TEXT"}]}
RESULT: {"script":"<script> [776 bytes]","args":[{"enterText":"Meter","selector":{"id":"application-manageresources-display-component---newResourceUnit--DIMENSION_UNIT","interaction":{"idSuffix":"inner"}},"clearTextFirst":true,"interactionType":"ENTER_TEXT"}]}
COMMAND: POST /session/19c5ed65dbd52b03c8c783813379e291/execute/async - {"script":"<script> [1562 bytes]","args":[{"selector":{"id":"application-manageresources-display-component---newResourceUnit--newRRUPage-anchBar-application-manageresources-display-component---newResourceUnit--control-anchor","interaction":{"idSuffix":"BDI-content"}},"wdio_ui5_key":"applicationmanageresources-display-component---newResourceUnit--newRRUPage-anchBar-application-manageresources-display-component---newResourceUnit--control-anchor"}]}
RESULT: {"script":"<script> [1562 bytes]","args":[{"selector":{"id":"application-manageresources-display-component---newResourceUnit--newRRUPage-anchBar-application-manageresources-display-component---newResourceUnit--control-anchor","interaction":{"idSuffix":"BDI-content"}},"wdio_ui5_key":"applicationmanageresources-display-component---newResourceUnit--newRRUPage-anchBar-application-manageresources-display-component---newResourceUnit--control-anchor"}]}
RESULT: undefined
COMMAND: POST /session/19c5ed65dbd52b03c8c783813379e291/element - {"using":"xpath","value":"//*[@id=\"application-manageresources-display-component---newResourceUnit--newRRUPage-anchBar-application-manageresources-display-component---newResourceUnit--control-anchor\"]"}
RESULT: {"using":"xpath","value":"//*[@id=\"application-manageresources-display-component---newResourceUnit--newRRUPage-anchBar-application-manageresources-display-component---newResourceUnit--control-anchor\"]"}
COMMAND: POST /session/19c5ed65dbd52b03c8c783813379e291/element/f.1FACEF5F4F0044855A63ECD1C0A7B6EF.d.A19569E97EB78292D0BD932B6BEC8FFD.e.13384/click - {}
RESULT: {}
COMMAND: POST /session/19c5ed65dbd52b03c8c783813379e291/execute/async - {"script":"<script> [1562 bytes]","args":[{"selector":{"id":"application-manageresources-display-component---newResourceUnit--PLANNING_GROUP","interaction":{"idSuffix":"inner"}},"wdio_ui5_key":"applicationmanageresources-display-component---newResourceUnit--PLANNING_GROUP"}]}
COMMAND: GET /session/19c5ed65dbd52b03c8c783813379e291/screenshot - {}
RESULT: {"script":"<script> [1562 bytes]","args":[{"selector":{"id":"application-manageresources-display-component---newResourceUnit--PLANNING_GROUP","interaction":{"idSuffix":"inner"}},"wdio_ui5_key":"applicationmanageresources-display-component---newResourceUnit--PLANNING_GROUP"}]}
RESULT: undefined
COMMAND: POST /session/19c5ed65dbd52b03c8c783813379e291/execute/async - {"script":"<script> [776 bytes]","args":[{"enterText":"Heavy Equi","selector":{"id":"application-manageresources-display-component---newResourceUnit--PLANNING_GROUP","interaction":{"idSuffix":"inner"}},"clearTextFirst":true,"interactionType":"ENTER_TEXT"}]}
RESULT: {}
RESULT: {"script":"<script> [776 bytes]","args":[{"enterText":"Heavy Equi","selector":{"id":"application-manageresources-display-component---newResourceUnit--PLANNING_GROUP","interaction":{"idSuffix":"inner"}},"clearTextFirst":true,"interactionType":"ENTER_TEXT"}]}
COMMAND: POST /session/19c5ed65dbd52b03c8c783813379e291/execute/async - {"script":"<script> [1562 bytes]","args":[{"selector":{"id":"application-manageresources-display-component---newResourceUnit--ITEM_TYPE-arrow"},"wdio_ui5_key":"applicationmanageresources-display-component---newResourceUnit--ITEM_TYPE-arrow"}]}
RESULT: {"script":"<script> [1562 bytes]","args":[{"selector":{"id":"application-manageresources-display-component---newResourceUnit--ITEM_TYPE-arrow"},"wdio_ui5_key":"applicationmanageresources-display-component---newResourceUnit--ITEM_TYPE-arrow"}]}
RESULT: undefined
COMMAND: POST /session/19c5ed65dbd52b03c8c783813379e291/element - {"using":"xpath","value":"//*[@id=\"application-manageresources-display-component---newResourceUnit--ITEM_TYPE-arrow\"]"}
RESULT: {"using":"xpath","value":"//*[@id=\"application-manageresources-display-component---newResourceUnit--ITEM_TYPE-arrow\"]"}
COMMAND: POST /session/19c5ed65dbd52b03c8c783813379e291/element/f.1FACEF5F4F0044855A63ECD1C0A7B6EF.d.A19569E97EB78292D0BD932B6BEC8FFD.e.13393/click - {}
RESULT: {}
COMMAND: POST /session/19c5ed65dbd52b03c8c783813379e291/element - {"using":"xpath","value":"//ul[contains(@id,\"ITEM_TYPE-popup-list-listUl\")]//li[.//span[contains(text(),\"Resource Unit\")]]"}
COMMAND: GET /session/19c5ed65dbd52b03c8c783813379e291/screenshot - {}
RESULT: {"using":"xpath","value":"//ul[contains(@id,\"ITEM_TYPE-popup-list-listUl\")]//li[.//span[contains(text(),\"Resource Unit\")]]"}
COMMAND: POST /session/19c5ed65dbd52b03c8c783813379e291/element/f.1FACEF5F4F0044855A63ECD1C0A7B6EF.d.A19569E97EB78292D0BD932B6BEC8FFD.e.13394/click - {}
RESULT: {}
RESULT: {}
COMMAND: GET /session/19c5ed65dbd52b03c8c783813379e291/screenshot - {}
RESULT: {}
COMMAND: POST /session/19c5ed65dbd52b03c8c783813379e291/element - {"using":"css selector","value":"#application-manageresources-display-component---newResourceUnit--btnAddTimeSegment"}
RESULT: {"using":"css selector","value":"#application-manageresources-display-component---newResourceUnit--btnAddTimeSegment"}
COMMAND: GET /session/19c5ed65dbd52b03c8c783813379e291/element/f.1FACEF5F4F0044855A63ECD1C0A7B6EF.d.A19569E97EB78292D0BD932B6BEC8FFD.e.13401/rect - {}
RESULT: {}
COMMAND: GET /session/19c5ed65dbd52b03c8c783813379e291/window/rect - {}
RESULT: {}
COMMAND: POST /session/19c5ed65dbd52b03c8c783813379e291/execute/sync - {"script":"<script> [92 bytes]","args":[]}
RESULT: {"script":"<script> [92 bytes]","args":[]}
COMMAND: POST /session/19c5ed65dbd52b03c8c783813379e291/actions - {"actions":[{"id":"action56","type":"wheel","parameters":{},"actions":[{"type":"scroll","x":-1888,"y":-32,"deltaX":0,"deltaY":0,"duration":0,"origin":{"element-6066-11e4-a52e-4f735466cecf":"f.1FACEF5F4F0044855A63ECD1C0A7B6EF.d.A19569E97EB78292D0BD932B6BEC8FFD.e.13401"}}]}]}
COMMAND: GET /session/19c5ed65dbd52b03c8c783813379e291/screenshot - {}
RESULT: {}
COMMAND: POST /session/19c5ed65dbd52b03c8c783813379e291/execute/sync - {"script":"<script> [79 bytes]","args":[{"element-6066-11e4-a52e-4f735466cecf":"f.1FACEF5F4F0044855A63ECD1C0A7B6EF.d.A19569E97EB78292D0BD932B6BEC8FFD.e.13401","ELEMENT":"f.1FACEF5F4F0044855A63ECD1C0A7B6EF.d.A19569E97EB78292D0BD932B6BEC8FFD.e.13401"},{"block":"start","inline":"nearest"}]}
RESULT: {"script":"<script> [79 bytes]","args":[{"element-6066-11e4-a52e-4f735466cecf":"f.1FACEF5F4F0044855A63ECD1C0A7B6EF.d.A19569E97EB78292D0BD932B6BEC8FFD.e.13401","ELEMENT":"f.1FACEF5F4F0044855A63ECD1C0A7B6EF.d.A19569E97EB78292D0BD932B6BEC8FFD.e.13401"},{"block":"start","inline":"nearest"}]}
COMMAND: POST /session/19c5ed65dbd52b03c8c783813379e291/execute/async - {"script":"<script> [1562 bytes]","args":[{"selector":{"id":"application-manageresources-display-component---newResourceUnit--btnAddTimeSegment","interaction":{"idSuffix":"inner"}},"wdio_ui5_key":"applicationmanageresources-display-component---newResourceUnit--btnAddTimeSegment"}]}
COMMAND: GET /session/19c5ed65dbd52b03c8c783813379e291/screenshot - {}
RESULT: {"script":"<script> [1562 bytes]","args":[{"selector":{"id":"application-manageresources-display-component---newResourceUnit--btnAddTimeSegment","interaction":{"idSuffix":"inner"}},"wdio_ui5_key":"applicationmanageresources-display-component---newResourceUnit--btnAddTimeSegment"}]}
RESULT: undefined
COMMAND: POST /session/19c5ed65dbd52b03c8c783813379e291/element - {"using":"xpath","value":"//*[@id=\"application-manageresources-display-component---newResourceUnit--btnAddTimeSegment\"]"}
RESULT: {}
RESULT: {"using":"xpath","value":"//*[@id=\"application-manageresources-display-component---newResourceUnit--btnAddTimeSegment\"]"}
COMMAND: POST /session/19c5ed65dbd52b03c8c783813379e291/element/f.1FACEF5F4F0044855A63ECD1C0A7B6EF.d.A19569E97EB78292D0BD932B6BEC8FFD.e.13401/click - {}
RESULT: {}
COMMAND: GET /session/19c5ed65dbd52b03c8c783813379e291/screenshot - {}
RESULT: {}
COMMAND: POST /session/19c5ed65dbd52b03c8c783813379e291/element - {"using":"xpath","value":"//input[@id=\"application-manageresources-display-component---newResourceUnit--idRuTSAdmin-application-manageresources-display-component---newResourceUnit--RUTimeSegment-0-inner\"]"}
RESULT: {"using":"xpath","value":"//input[@id=\"application-manageresources-display-component---newResourceUnit--idRuTSAdmin-application-manageresources-display-component---newResourceUnit--RUTimeSegment-0-inner\"]"}
COMMAND: POST /session/19c5ed65dbd52b03c8c783813379e291/element/f.1FACEF5F4F0044855A63ECD1C0A7B6EF.d.A19569E97EB78292D0BD932B6BEC8FFD.e.13407/clear - {}
RESULT: {}
COMMAND: POST /session/19c5ed65dbd52b03c8c783813379e291/element/f.1FACEF5F4F0044855A63ECD1C0A7B6EF.d.A19569E97EB78292D0BD932B6BEC8FFD.e.13407/value - {"text":"504"}
COMMAND: GET /session/19c5ed65dbd52b03c8c783813379e291/screenshot - {}
RESULT: {"text":"504"}
COMMAND: GET /session/19c5ed65dbd52b03c8c783813379e291/screenshot - {}
RESULT: {}
RESULT: {}
COMMAND: POST /session/19c5ed65dbd52b03c8c783813379e291/element - {"using":"xpath","value":"//li[.//span[text()='504']]"}
RESULT: {"using":"xpath","value":"//li[.//span[text()='504']]"}
COMMAND: POST /session/19c5ed65dbd52b03c8c783813379e291/element/f.1FACEF5F4F0044855A63ECD1C0A7B6EF.d.A19569E97EB78292D0BD932B6BEC8FFD.e.13419/click - {}
RESULT: {}
COMMAND: GET /session/19c5ed65dbd52b03c8c783813379e291/screenshot - {}
RESULT: {}
COMMAND: POST /session/19c5ed65dbd52b03c8c783813379e291/element - {"using":"xpath","value":"(//span[contains(@id, \"-application-manageresources-display-component---newResourceUnit--RUTimeSegment-0-arrow\")])[6]"}
RESULT: {"using":"xpath","value":"(//span[contains(@id, \"-application-manageresources-display-component---newResourceUnit--RUTimeSegment-0-arrow\")])[6]"}
COMMAND: POST /session/19c5ed65dbd52b03c8c783813379e291/element/f.1FACEF5F4F0044855A63ECD1C0A7B6EF.d.A19569E97EB78292D0BD932B6BEC8FFD.e.13420/click - {}
RESULT: {}
COMMAND: GET /session/19c5ed65dbd52b03c8c783813379e291/screenshot - {}
RESULT: {}
COMMAND: POST /session/19c5ed65dbd52b03c8c783813379e291/element - {"using":"xpath","value":"//span[contains(text(), \"PM Order\")]"}
RESULT: {"using":"xpath","value":"//span[contains(text(), \"PM Order\")]"}
COMMAND: POST /session/19c5ed65dbd52b03c8c783813379e291/element/f.1FACEF5F4F0044855A63ECD1C0A7B6EF.d.A19569E97EB78292D0BD932B6BEC8FFD.e.13423/click - {}
RESULT: {}
COMMAND: GET /session/19c5ed65dbd52b03c8c783813379e291/screenshot - {}
RESULT: {}
COMMAND: POST /session/19c5ed65dbd52b03c8c783813379e291/element - {"using":"xpath","value":"(//span[contains(@id ,\"manageresources-display-component---newResourceUnit--RUTimeSegment-0-vhi\")])[1]"}
RESULT: {"using":"xpath","value":"(//span[contains(@id ,\"manageresources-display-component---newResourceUnit--RUTimeSegment-0-vhi\")])[1]"}
COMMAND: GET /session/19c5ed65dbd52b03c8c783813379e291/element/f.1FACEF5F4F0044855A63ECD1C0A7B6EF.d.A19569E97EB78292D0BD932B6BEC8FFD.e.13427/rect - {}
RESULT: {}
COMMAND: GET /session/19c5ed65dbd52b03c8c783813379e291/window/rect - {}
RESULT: {}
COMMAND: POST /session/19c5ed65dbd52b03c8c783813379e291/execute/sync - {"script":"<script> [92 bytes]","args":[]}
RESULT: {"script":"<script> [92 bytes]","args":[]}
COMMAND: POST /session/19c5ed65dbd52b03c8c783813379e291/actions - {"actions":[{"id":"action57","type":"wheel","parameters":{},"actions":[{"type":"scroll","x":-869,"y":-24,"deltaX":0,"deltaY":0,"duration":0,"origin":{"element-6066-11e4-a52e-4f735466cecf":"f.1FACEF5F4F0044855A63ECD1C0A7B6EF.d.A19569E97EB78292D0BD932B6BEC8FFD.e.13427"}}]}]}
COMMAND: GET /session/19c5ed65dbd52b03c8c783813379e291/screenshot - {}
RESULT: {"actions":[{"id":"action57","type":"wheel","parameters":{},"actions":[{"type":"scroll","x":-869,"y":-24,"deltaX":0,"deltaY":0,"duration":0,"origin":{"element-6066-11e4-a52e-4f735466cecf":"f.1FACEF5F4F0044855A63ECD1C0A7B6EF.d.A19569E97EB78292D0BD932B6BEC8FFD.e.13427"}}]}]}
COMMAND: DELETE /session/19c5ed65dbd52b03c8c783813379e291/actions - {}
COMMAND: GET /session/19c5ed65dbd52b03c8c783813379e291/screenshot - {}
RESULT: {}
RESULT: {}
COMMAND: GET /session/19c5ed65dbd52b03c8c783813379e291/screenshot - {}
RESULT: {}
RESULT: {}
COMMAND: POST /session/19c5ed65dbd52b03c8c783813379e291/element/f.1FACEF5F4F0044855A63ECD1C0A7B6EF.d.A19569E97EB78292D0BD932B6BEC8FFD.e.13427/click - {}
RESULT: {}
COMMAND: GET /session/19c5ed65dbd52b03c8c783813379e291/screenshot - {}
RESULT: {}
COMMAND: POST /session/19c5ed65dbd52b03c8c783813379e291/execute/async - {"script":"<script> [1562 bytes]","args":[{"selector":{"controlType":"sap.m.SearchField","properties":{"placeholder":"Search"},"searchOpenDialogs":true,"interaction":{"idSuffix":"I"}},"wdio_ui5_key":"sapm.SearchField{\"placeholder\":\"Search\"}"}]}
RESULT: {"script":"<script> [1562 bytes]","args":[{"selector":{"controlType":"sap.m.SearchField","properties":{"placeholder":"Search"},"searchOpenDialogs":true,"interaction":{"idSuffix":"I"}},"wdio_ui5_key":"sapm.SearchField{\"placeholder\":\"Search\"}"}]}
RESULT: undefined
COMMAND: POST /session/19c5ed65dbd52b03c8c783813379e291/execute/async - {"script":"<script> [776 bytes]","args":[{"enterText":"4000360","selector":{"controlType":"sap.m.SearchField","properties":{"placeholder":"Search"},"searchOpenDialogs":true,"interaction":{"idSuffix":"I"}},"clearTextFirst":true,"interactionType":"ENTER_TEXT"}]}
RESULT: {"script":"<script> [776 bytes]","args":[{"enterText":"4000360","selector":{"controlType":"sap.m.SearchField","properties":{"placeholder":"Search"},"searchOpenDialogs":true,"interaction":{"idSuffix":"I"}},"clearTextFirst":true,"interactionType":"ENTER_TEXT"}]}
COMMAND: POST /session/19c5ed65dbd52b03c8c783813379e291/actions - {"actions":[{"id":"action58","type":"key","parameters":{},"actions":[{"type":"keyDown","value":""},{"type":"pause","duration":10},{"type":"keyUp","value":""}]}]}
RESULT: {"actions":[{"id":"action58","type":"key","parameters":{},"actions":[{"type":"keyDown","value":""},{"type":"pause","duration":10},{"type":"keyUp","value":""}]}]}
COMMAND: GET /session/19c5ed65dbd52b03c8c783813379e291/screenshot - {}
RESULT: {}
COMMAND: POST /session/19c5ed65dbd52b03c8c783813379e291/element - {"using":"xpath","value":"//td/div/span[contains(text(), \"BGL Vehicles\")]"}
RESULT: {"using":"xpath","value":"//td/div/span[contains(text(), \"BGL Vehicles\")]"}
COMMAND: POST /session/19c5ed65dbd52b03c8c783813379e291/element/f.1FACEF5F4F0044855A63ECD1C0A7B6EF.d.A19569E97EB78292D0BD932B6BEC8FFD.e.13448/click - {}
RESULT: {}
COMMAND: GET /session/19c5ed65dbd52b03c8c783813379e291/screenshot - {}
RESULT: {}
COMMAND: POST /session/19c5ed65dbd52b03c8c783813379e291/element - {"using":"xpath","value":"//bdi[contains(text(), \"OK\")]"}
RESULT: {"using":"xpath","value":"//bdi[contains(text(), \"OK\")]"}
COMMAND: POST /session/19c5ed65dbd52b03c8c783813379e291/element/f.1FACEF5F4F0044855A63ECD1C0A7B6EF.d.A19569E97EB78292D0BD932B6BEC8FFD.e.13449/click - {}
RESULT: {}
COMMAND: GET /session/19c5ed65dbd52b03c8c783813379e291/screenshot - {}
RESULT: {}
COMMAND: POST /session/19c5ed65dbd52b03c8c783813379e291/execute/async - {"script":"<script> [1562 bytes]","args":[{"selector":{"id":"application-manageresources-display-component---newResourceUnit--newRRUPage-anchBar-application-manageresources-display-component---newResourceUnit--resource-anchor","interaction":{"idSuffix":"BDI-content"}},"wdio_ui5_key":"applicationmanageresources-display-component---newResourceUnit--newRRUPage-anchBar-application-manageresources-display-component---newResourceUnit--resource-anchor"}]}
RESULT: {"script":"<script> [1562 bytes]","args":[{"selector":{"id":"application-manageresources-display-component---newResourceUnit--newRRUPage-anchBar-application-manageresources-display-component---newResourceUnit--resource-anchor","interaction":{"idSuffix":"BDI-content"}},"wdio_ui5_key":"applicationmanageresources-display-component---newResourceUnit--newRRUPage-anchBar-application-manageresources-display-component---newResourceUnit--resource-anchor"}]}
RESULT: undefined
COMMAND: POST /session/19c5ed65dbd52b03c8c783813379e291/element - {"using":"xpath","value":"//*[@id=\"application-manageresources-display-component---newResourceUnit--newRRUPage-anchBar-application-manageresources-display-component---newResourceUnit--resource-anchor\"]"}
RESULT: {"using":"xpath","value":"//*[@id=\"application-manageresources-display-component---newResourceUnit--newRRUPage-anchBar-application-manageresources-display-component---newResourceUnit--resource-anchor\"]"}
COMMAND: POST /session/19c5ed65dbd52b03c8c783813379e291/element/f.1FACEF5F4F0044855A63ECD1C0A7B6EF.d.A19569E97EB78292D0BD932B6BEC8FFD.e.13453/click - {}
RESULT: {}
COMMAND: POST /session/19c5ed65dbd52b03c8c783813379e291/execute/async - {"script":"<script> [1562 bytes]","args":[{"selector":{"id":"application-manageresources-display-component---newResourceUnit--PLANNED_DELIVERY_DATE","interaction":{"idSuffix":"inner"}},"wdio_ui5_key":"applicationmanageresources-display-component---newResourceUnit--PLANNED_DELIVERY_DATE"}]}
COMMAND: GET /session/19c5ed65dbd52b03c8c783813379e291/screenshot - {}
RESULT: {"script":"<script> [1562 bytes]","args":[{"selector":{"id":"application-manageresources-display-component---newResourceUnit--PLANNED_DELIVERY_DATE","interaction":{"idSuffix":"inner"}},"wdio_ui5_key":"applicationmanageresources-display-component---newResourceUnit--PLANNED_DELIVERY_DATE"}]}
RESULT: undefined
COMMAND: POST /session/19c5ed65dbd52b03c8c783813379e291/execute/async - {"script":"<script> [6424 bytes]","args":[{"element-6066-11e4-a52e-4f735466cecf":"f.1FACEF5F4F0044855A63ECD1C0A7B6EF.d.A19569E97EB78292D0BD932B6BEC8FFD.e.13283"},"setValue",["5/30/25"]]}
RESULT: {}
RESULT: {"script":"<script> [6424 bytes]","args":[{"element-6066-11e4-a52e-4f735466cecf":"f.1FACEF5F4F0044855A63ECD1C0A7B6EF.d.A19569E97EB78292D0BD932B6BEC8FFD.e.13283"},"setValue",["5/30/25"]]}
COMMAND: POST /session/19c5ed65dbd52b03c8c783813379e291/element - {"using":"xpath","value":"//label[contains(@class, 'sapMLabelRequired') and .//bdi[contains(text(), 'Planned Retirement')]]"}
RESULT: {"using":"xpath","value":"//label[contains(@class, 'sapMLabelRequired') and .//bdi[contains(text(), 'Planned Retirement')]]"}
COMMAND: POST /session/19c5ed65dbd52b03c8c783813379e291/elements - {"using":"xpath","value":"//label[contains(@class, 'sapMLabelRequired') and .//bdi[contains(text(), 'Planned Retirement')]]"}
RESULT: {"using":"xpath","value":"//label[contains(@class, 'sapMLabelRequired') and .//bdi[contains(text(), 'Planned Retirement')]]"}
COMMAND: POST /session/19c5ed65dbd52b03c8c783813379e291/element - {"using":"xpath","value":"//button[@data-kt=\"resourceUnitSaveButton\"]"}
RESULT: {"using":"xpath","value":"//button[@data-kt=\"resourceUnitSaveButton\"]"}
COMMAND: POST /session/19c5ed65dbd52b03c8c783813379e291/element/f.1FACEF5F4F0044855A63ECD1C0A7B6EF.d.A19569E97EB78292D0BD932B6BEC8FFD.e.13242/click - {}
RESULT: {}
COMMAND: GET /session/19c5ed65dbd52b03c8c783813379e291/screenshot - {}
RESULT: {}
COMMAND: POST /session/19c5ed65dbd52b03c8c783813379e291/element - {"using":"xpath","value":"//bdi[contains(text(), \"Close\")]"}
RESULT: {"using":"xpath","value":"//bdi[contains(text(), \"Close\")]"}
COMMAND: POST /session/19c5ed65dbd52b03c8c783813379e291/element/f.1FACEF5F4F0044855A63ECD1C0A7B6EF.d.A19569E97EB78292D0BD932B6BEC8FFD.e.13461/click - {}
RESULT: {}
COMMAND: GET /session/19c5ed65dbd52b03c8c783813379e291/screenshot - {}
RESULT: {}
COMMAND: POST /session/19c5ed65dbd52b03c8c783813379e291/element - {"using":"xpath","value":"(//button[contains(@id ,\"actionsToolbar-overflowButton\")])[1]"}
RESULT: {"using":"xpath","value":"(//button[contains(@id ,\"actionsToolbar-overflowButton\")])[1]"}
COMMAND: POST /session/19c5ed65dbd52b03c8c783813379e291/element/f.1FACEF5F4F0044855A63ECD1C0A7B6EF.d.A19569E97EB78292D0BD932B6BEC8FFD.e.13493/click - {}
RESULT: {}
COMMAND: GET /session/19c5ed65dbd52b03c8c783813379e291/screenshot - {}
RESULT: {}
COMMAND: POST /session/19c5ed65dbd52b03c8c783813379e291/element - {"using":"xpath","value":"//button[@data-kt=\"priceInfoButton\"]"}
RESULT: {"using":"xpath","value":"//button[@data-kt=\"priceInfoButton\"]"}
COMMAND: POST /session/19c5ed65dbd52b03c8c783813379e291/element/f.1FACEF5F4F0044855A63ECD1C0A7B6EF.d.A19569E97EB78292D0BD932B6BEC8FFD.e.13495/click - {}
RESULT: {}
COMMAND: GET /session/19c5ed65dbd52b03c8c783813379e291/screenshot - {}
]]></system-out>
    </testcase>
    <testcase classname="chrome.136_0_7103_93.windows.Billing_Calculation_-_Time_based_(considering_transport_times)_US139738" name="Should create new pricing rule for the equipment" time="52.283">
      <system-out><![CDATA[
COMMAND: POST /session/19c5ed65dbd52b03c8c783813379e291/element - {"using":"xpath","value":"//button[@data-kt=\"addButton\"]"}
RESULT: {}
RESULT: {"using":"xpath","value":"//button[@data-kt=\"addButton\"]"}
COMMAND: POST /session/19c5ed65dbd52b03c8c783813379e291/elements - {"using":"xpath","value":"//button[@data-kt=\"addButton\"]"}
RESULT: {"using":"xpath","value":"//button[@data-kt=\"addButton\"]"}
COMMAND: POST /session/19c5ed65dbd52b03c8c783813379e291/execute/sync - {"script":"<script> [8489 bytes]","args":[{"element-6066-11e4-a52e-4f735466cecf":"f.1FACEF5F4F0044855A63ECD1C0A7B6EF.d.A19569E97EB78292D0BD932B6BEC8FFD.e.13531","ELEMENT":"f.1FACEF5F4F0044855A63ECD1C0A7B6EF.d.A19569E97EB78292D0BD932B6BEC8FFD.e.13531"}]}
RESULT: {"script":"<script> [8489 bytes]","args":[{"element-6066-11e4-a52e-4f735466cecf":"f.1FACEF5F4F0044855A63ECD1C0A7B6EF.d.A19569E97EB78292D0BD932B6BEC8FFD.e.13531","ELEMENT":"f.1FACEF5F4F0044855A63ECD1C0A7B6EF.d.A19569E97EB78292D0BD932B6BEC8FFD.e.13531"}]}
COMMAND: GET /session/19c5ed65dbd52b03c8c783813379e291/element/f.1FACEF5F4F0044855A63ECD1C0A7B6EF.d.A19569E97EB78292D0BD932B6BEC8FFD.e.13531/enabled - {}
COMMAND: GET /session/19c5ed65dbd52b03c8c783813379e291/screenshot - {}
RESULT: {}
COMMAND: POST /session/19c5ed65dbd52b03c8c783813379e291/execute/sync - {"script":"<script> [8489 bytes]","args":[{"element-6066-11e4-a52e-4f735466cecf":"f.1FACEF5F4F0044855A63ECD1C0A7B6EF.d.A19569E97EB78292D0BD932B6BEC8FFD.e.13531","ELEMENT":"f.1FACEF5F4F0044855A63ECD1C0A7B6EF.d.A19569E97EB78292D0BD932B6BEC8FFD.e.13531"}]}
COMMAND: GET /session/19c5ed65dbd52b03c8c783813379e291/screenshot - {}
RESULT: {}
RESULT: {"script":"<script> [8489 bytes]","args":[{"element-6066-11e4-a52e-4f735466cecf":"f.1FACEF5F4F0044855A63ECD1C0A7B6EF.d.A19569E97EB78292D0BD932B6BEC8FFD.e.13531","ELEMENT":"f.1FACEF5F4F0044855A63ECD1C0A7B6EF.d.A19569E97EB78292D0BD932B6BEC8FFD.e.13531"}]}
COMMAND: POST /session/19c5ed65dbd52b03c8c783813379e291/execute/sync - {"script":"<script> [5351 bytes]","args":[{"element-6066-11e4-a52e-4f735466cecf":"f.1FACEF5F4F0044855A63ECD1C0A7B6EF.d.A19569E97EB78292D0BD932B6BEC8FFD.e.13531","ELEMENT":"f.1FACEF5F4F0044855A63ECD1C0A7B6EF.d.A19569E97EB78292D0BD932B6BEC8FFD.e.13531"}]}
COMMAND: GET /session/19c5ed65dbd52b03c8c783813379e291/screenshot - {}
RESULT: {}
RESULT: {"script":"<script> [5351 bytes]","args":[{"element-6066-11e4-a52e-4f735466cecf":"f.1FACEF5F4F0044855A63ECD1C0A7B6EF.d.A19569E97EB78292D0BD932B6BEC8FFD.e.13531","ELEMENT":"f.1FACEF5F4F0044855A63ECD1C0A7B6EF.d.A19569E97EB78292D0BD932B6BEC8FFD.e.13531"}]}
COMMAND: POST /session/19c5ed65dbd52b03c8c783813379e291/element/f.1FACEF5F4F0044855A63ECD1C0A7B6EF.d.A19569E97EB78292D0BD932B6BEC8FFD.e.13531/click - {}
COMMAND: GET /session/19c5ed65dbd52b03c8c783813379e291/screenshot - {}
RESULT: {}
RESULT: {}
COMMAND: GET /session/19c5ed65dbd52b03c8c783813379e291/screenshot - {}
RESULT: {}
RESULT: {}
COMMAND: POST /session/19c5ed65dbd52b03c8c783813379e291/execute/async - {"script":"<script> [1562 bytes]","args":[{"selector":{"controlType":"sap.m.Title","viewName":"etm.portal.ui.managepricingrules.view.NewItem","viewId":"application-managepricingrules-display-component---newInfoPriceItem","properties":{"text":"New Pricing Rules - Item Level"}},"wdio_ui5_key":"etmportal.ui.managepricingrules.view.NewItemsap.m.Title{\"text\":\"New Pricing Rules - Item Level\"}"}]}
RESULT: {"script":"<script> [1562 bytes]","args":[{"selector":{"controlType":"sap.m.Title","viewName":"etm.portal.ui.managepricingrules.view.NewItem","viewId":"application-managepricingrules-display-component---newInfoPriceItem","properties":{"text":"New Pricing Rules - Item Level"}},"wdio_ui5_key":"etmportal.ui.managepricingrules.view.NewItemsap.m.Title{\"text\":\"New Pricing Rules - Item Level\"}"}]}
RESULT: undefined
COMMAND: POST /session/19c5ed65dbd52b03c8c783813379e291/execute/async - {"script":"<script> [6424 bytes]","args":[{"element-6066-11e4-a52e-4f735466cecf":"f.1FACEF5F4F0044855A63ECD1C0A7B6EF.d.A19569E97EB78292D0BD932B6BEC8FFD.e.13703"},"getText",[]]}
RESULT: {"script":"<script> [6424 bytes]","args":[{"element-6066-11e4-a52e-4f735466cecf":"f.1FACEF5F4F0044855A63ECD1C0A7B6EF.d.A19569E97EB78292D0BD932B6BEC8FFD.e.13703"},"getText",[]]}
COMMAND: POST /session/19c5ed65dbd52b03c8c783813379e291/execute/async - {"script":"<script> [1562 bytes]","args":[{"selector":{"id":"application-managepricingrules-display-component---newInfoPriceItem--condValidTo","interaction":{"idSuffix":"inner"}},"wdio_ui5_key":"applicationmanagepricingrules-display-component---newInfoPriceItem--condValidTo"}]}
RESULT: {"script":"<script> [1562 bytes]","args":[{"selector":{"id":"application-managepricingrules-display-component---newInfoPriceItem--condValidTo","interaction":{"idSuffix":"inner"}},"wdio_ui5_key":"applicationmanagepricingrules-display-component---newInfoPriceItem--condValidTo"}]}
RESULT: undefined
COMMAND: POST /session/19c5ed65dbd52b03c8c783813379e291/execute/async - {"script":"<script> [776 bytes]","args":[{"enterText":"1/30/26","selector":{"id":"application-managepricingrules-display-component---newInfoPriceItem--condValidTo","interaction":{"idSuffix":"inner"}},"clearTextFirst":true,"interactionType":"ENTER_TEXT"}]}
RESULT: {"script":"<script> [776 bytes]","args":[{"enterText":"1/30/26","selector":{"id":"application-managepricingrules-display-component---newInfoPriceItem--condValidTo","interaction":{"idSuffix":"inner"}},"clearTextFirst":true,"interactionType":"ENTER_TEXT"}]}
COMMAND: POST /session/19c5ed65dbd52b03c8c783813379e291/execute/async - {"script":"<script> [1562 bytes]","args":[{"selector":{"id":"application-managepricingrules-display-component---newInfoPriceItem--billType-arrow"},"wdio_ui5_key":"applicationmanagepricingrules-display-component---newInfoPriceItem--billType-arrow"}]}
RESULT: {"script":"<script> [1562 bytes]","args":[{"selector":{"id":"application-managepricingrules-display-component---newInfoPriceItem--billType-arrow"},"wdio_ui5_key":"applicationmanagepricingrules-display-component---newInfoPriceItem--billType-arrow"}]}
RESULT: undefined
COMMAND: POST /session/19c5ed65dbd52b03c8c783813379e291/element - {"using":"xpath","value":"//*[@id=\"application-managepricingrules-display-component---newInfoPriceItem--billType-arrow\"]"}
RESULT: {"using":"xpath","value":"//*[@id=\"application-managepricingrules-display-component---newInfoPriceItem--billType-arrow\"]"}
COMMAND: POST /session/19c5ed65dbd52b03c8c783813379e291/element/f.1FACEF5F4F0044855A63ECD1C0A7B6EF.d.A19569E97EB78292D0BD932B6BEC8FFD.e.13663/click - {}
RESULT: {}
COMMAND: POST /session/19c5ed65dbd52b03c8c783813379e291/element - {"using":"xpath","value":"//span[contains(text(), \"TB - Time based\")]"}
COMMAND: GET /session/19c5ed65dbd52b03c8c783813379e291/screenshot - {}
RESULT: {"using":"xpath","value":"//span[contains(text(), \"TB - Time based\")]"}
COMMAND: POST /session/19c5ed65dbd52b03c8c783813379e291/element/f.1FACEF5F4F0044855A63ECD1C0A7B6EF.d.A19569E97EB78292D0BD932B6BEC8FFD.e.13705/click - {}
RESULT: {}
RESULT: {}
COMMAND: POST /session/19c5ed65dbd52b03c8c783813379e291/execute/async - {"script":"<script> [1562 bytes]","args":[{"selector":{"id":"application-managepricingrules-display-component---newInfoPriceItem--priceProc-arrow"},"wdio_ui5_key":"applicationmanagepricingrules-display-component---newInfoPriceItem--priceProc-arrow"}]}
COMMAND: GET /session/19c5ed65dbd52b03c8c783813379e291/screenshot - {}
RESULT: {"script":"<script> [1562 bytes]","args":[{"selector":{"id":"application-managepricingrules-display-component---newInfoPriceItem--priceProc-arrow"},"wdio_ui5_key":"applicationmanagepricingrules-display-component---newInfoPriceItem--priceProc-arrow"}]}
RESULT: undefined
COMMAND: POST /session/19c5ed65dbd52b03c8c783813379e291/element - {"using":"xpath","value":"//*[@id=\"application-managepricingrules-display-component---newInfoPriceItem--priceProc-arrow\"]"}
RESULT: {}
RESULT: {"using":"xpath","value":"//*[@id=\"application-managepricingrules-display-component---newInfoPriceItem--priceProc-arrow\"]"}
COMMAND: POST /session/19c5ed65dbd52b03c8c783813379e291/element/f.1FACEF5F4F0044855A63ECD1C0A7B6EF.d.A19569E97EB78292D0BD932B6BEC8FFD.e.13670/click - {}
RESULT: {}
COMMAND: POST /session/19c5ed65dbd52b03c8c783813379e291/element - {"using":"xpath","value":"//span[contains(text(), \"TBS - Time based standard\")]"}
COMMAND: GET /session/19c5ed65dbd52b03c8c783813379e291/screenshot - {}
RESULT: {"using":"xpath","value":"//span[contains(text(), \"TBS - Time based standard\")]"}
COMMAND: POST /session/19c5ed65dbd52b03c8c783813379e291/element/f.1FACEF5F4F0044855A63ECD1C0A7B6EF.d.A19569E97EB78292D0BD932B6BEC8FFD.e.13706/click - {}
RESULT: {}
RESULT: {}
COMMAND: POST /session/19c5ed65dbd52b03c8c783813379e291/execute/async - {"script":"<script> [1562 bytes]","args":[{"selector":{"id":"application-managepricingrules-display-component---newInfoPriceItem--calcBase-arrow"},"wdio_ui5_key":"applicationmanagepricingrules-display-component---newInfoPriceItem--calcBase-arrow"}]}
COMMAND: GET /session/19c5ed65dbd52b03c8c783813379e291/screenshot - {}
RESULT: {"script":"<script> [1562 bytes]","args":[{"selector":{"id":"application-managepricingrules-display-component---newInfoPriceItem--calcBase-arrow"},"wdio_ui5_key":"applicationmanagepricingrules-display-component---newInfoPriceItem--calcBase-arrow"}]}
RESULT: undefined
COMMAND: POST /session/19c5ed65dbd52b03c8c783813379e291/element - {"using":"xpath","value":"//*[@id=\"application-managepricingrules-display-component---newInfoPriceItem--calcBase-arrow\"]"}
RESULT: {}
RESULT: {"using":"xpath","value":"//*[@id=\"application-managepricingrules-display-component---newInfoPriceItem--calcBase-arrow\"]"}
COMMAND: POST /session/19c5ed65dbd52b03c8c783813379e291/element/f.1FACEF5F4F0044855A63ECD1C0A7B6EF.d.A19569E97EB78292D0BD932B6BEC8FFD.e.13677/click - {}
RESULT: {}
COMMAND: GET /session/19c5ed65dbd52b03c8c783813379e291/screenshot - {}
RESULT: {}
COMMAND: POST /session/19c5ed65dbd52b03c8c783813379e291/element - {"using":"xpath","value":"//span[contains(text(), \"0006 - TB(calendar days)\")]"}
RESULT: {"using":"xpath","value":"//span[contains(text(), \"0006 - TB(calendar days)\")]"}
COMMAND: POST /session/19c5ed65dbd52b03c8c783813379e291/element/f.1FACEF5F4F0044855A63ECD1C0A7B6EF.d.A19569E97EB78292D0BD932B6BEC8FFD.e.13707/click - {}
RESULT: {}
COMMAND: GET /session/19c5ed65dbd52b03c8c783813379e291/screenshot - {}
RESULT: {}
COMMAND: POST /session/19c5ed65dbd52b03c8c783813379e291/execute/async - {"script":"<script> [1562 bytes]","args":[{"selector":{"id":"application-managepricingrules-display-component---newInfoPriceItem--daysMonth","interaction":{"idSuffix":"inner"}},"wdio_ui5_key":"applicationmanagepricingrules-display-component---newInfoPriceItem--daysMonth"}]}
RESULT: {"script":"<script> [1562 bytes]","args":[{"selector":{"id":"application-managepricingrules-display-component---newInfoPriceItem--daysMonth","interaction":{"idSuffix":"inner"}},"wdio_ui5_key":"applicationmanagepricingrules-display-component---newInfoPriceItem--daysMonth"}]}
RESULT: undefined
COMMAND: POST /session/19c5ed65dbd52b03c8c783813379e291/execute/async - {"script":"<script> [776 bytes]","args":[{"enterText":"30","selector":{"id":"application-managepricingrules-display-component---newInfoPriceItem--daysMonth","interaction":{"idSuffix":"inner"}},"clearTextFirst":true,"interactionType":"ENTER_TEXT"}]}
RESULT: {"script":"<script> [776 bytes]","args":[{"enterText":"30","selector":{"id":"application-managepricingrules-display-component---newInfoPriceItem--daysMonth","interaction":{"idSuffix":"inner"}},"clearTextFirst":true,"interactionType":"ENTER_TEXT"}]}
COMMAND: POST /session/19c5ed65dbd52b03c8c783813379e291/element - {"using":"xpath","value":"//button[@data-kt=\"saveNewRuleButton\"]"}
RESULT: {"using":"xpath","value":"//button[@data-kt=\"saveNewRuleButton\"]"}
COMMAND: POST /session/19c5ed65dbd52b03c8c783813379e291/element/f.1FACEF5F4F0044855A63ECD1C0A7B6EF.d.A19569E97EB78292D0BD932B6BEC8FFD.e.13697/click - {}
RESULT: {}
COMMAND: GET /session/19c5ed65dbd52b03c8c783813379e291/screenshot - {}
RESULT: {}
COMMAND: POST /session/19c5ed65dbd52b03c8c783813379e291/execute/async - {"script":"<script> [1562 bytes]","args":[{"selector":{"id":"application-managepricingrules-display-component---priceInfoItem--smartFilterBar-btnBasicSearch","interaction":{"idSuffix":"I"}},"wdio_ui5_key":"applicationmanagepricingrules-display-component---priceInfoItem--smartFilterBar-btnBasicSearch"}]}
RESULT: {"script":"<script> [1562 bytes]","args":[{"selector":{"id":"application-managepricingrules-display-component---priceInfoItem--smartFilterBar-btnBasicSearch","interaction":{"idSuffix":"I"}},"wdio_ui5_key":"applicationmanagepricingrules-display-component---priceInfoItem--smartFilterBar-btnBasicSearch"}]}
RESULT: undefined
COMMAND: POST /session/19c5ed65dbd52b03c8c783813379e291/execute/async - {"script":"<script> [776 bytes]","args":[{"enterText":"JuT5VFikH0","selector":{"id":"application-managepricingrules-display-component---priceInfoItem--smartFilterBar-btnBasicSearch","interaction":{"idSuffix":"I"}},"clearTextFirst":true,"interactionType":"ENTER_TEXT"}]}
RESULT: {"script":"<script> [776 bytes]","args":[{"enterText":"JuT5VFikH0","selector":{"id":"application-managepricingrules-display-component---priceInfoItem--smartFilterBar-btnBasicSearch","interaction":{"idSuffix":"I"}},"clearTextFirst":true,"interactionType":"ENTER_TEXT"}]}
COMMAND: POST /session/19c5ed65dbd52b03c8c783813379e291/actions - {"actions":[{"id":"action59","type":"key","parameters":{},"actions":[{"type":"keyDown","value":""},{"type":"pause","duration":10},{"type":"keyUp","value":""}]}]}
RESULT: {"actions":[{"id":"action59","type":"key","parameters":{},"actions":[{"type":"keyDown","value":""},{"type":"pause","duration":10},{"type":"keyUp","value":""}]}]}
COMMAND: GET /session/19c5ed65dbd52b03c8c783813379e291/screenshot - {}
RESULT: {}
COMMAND: POST /session/19c5ed65dbd52b03c8c783813379e291/element - {"using":"xpath","value":"//span[@id=\"application-managepricingrules-display-component---priceInfoItem--smartTable-header-inner\"]"}
RESULT: {"using":"xpath","value":"//span[@id=\"application-managepricingrules-display-component---priceInfoItem--smartTable-header-inner\"]"}
COMMAND: POST /session/19c5ed65dbd52b03c8c783813379e291/elements - {"using":"xpath","value":"//span[@id=\"application-managepricingrules-display-component---priceInfoItem--smartTable-header-inner\"]"}
RESULT: {"using":"xpath","value":"//span[@id=\"application-managepricingrules-display-component---priceInfoItem--smartTable-header-inner\"]"}
COMMAND: POST /session/19c5ed65dbd52b03c8c783813379e291/execute/sync - {"script":"<script> [56 bytes]","args":[{"element-6066-11e4-a52e-4f735466cecf":"f.1FACEF5F4F0044855A63ECD1C0A7B6EF.d.A19569E97EB78292D0BD932B6BEC8FFD.e.13721","ELEMENT":"f.1FACEF5F4F0044855A63ECD1C0A7B6EF.d.A19569E97EB78292D0BD932B6BEC8FFD.e.13721"}]}
RESULT: {"script":"<script> [56 bytes]","args":[{"element-6066-11e4-a52e-4f735466cecf":"f.1FACEF5F4F0044855A63ECD1C0A7B6EF.d.A19569E97EB78292D0BD932B6BEC8FFD.e.13721","ELEMENT":"f.1FACEF5F4F0044855A63ECD1C0A7B6EF.d.A19569E97EB78292D0BD932B6BEC8FFD.e.13721"}]}
COMMAND: POST /session/19c5ed65dbd52b03c8c783813379e291/element - {"using":"css selector","value":"#shell-header-logo"}
COMMAND: GET /session/19c5ed65dbd52b03c8c783813379e291/screenshot - {}
RESULT: {"using":"css selector","value":"#shell-header-logo"}
COMMAND: POST /session/19c5ed65dbd52b03c8c783813379e291/element/f.1FACEF5F4F0044855A63ECD1C0A7B6EF.d.A19569E97EB78292D0BD932B6BEC8FFD.e.12833/click - {}
RESULT: {}
RESULT: {}
COMMAND: GET /session/19c5ed65dbd52b03c8c783813379e291/screenshot - {}
RESULT: {}
]]></system-out>
    </testcase>
    <testcase classname="chrome.136_0_7103_93.windows.Billing_Calculation_-_Time_based_(considering_transport_times)_US139738" name="Should create new pricing condition for the equipment" time="69.003">
      <system-out><![CDATA[
COMMAND: POST /session/19c5ed65dbd52b03c8c783813379e291/execute/async - {"script":"<script> [1562 bytes]","args":[{"selector":{"controlType":"sap.m.GenericTile","properties":{"header":"Manage Conditions & Prices"}},"wdio_ui5_key":"sapm.GenericTile{\"header\":\"Manage Conditions & Prices\"}"}]}
RESULT: {"script":"<script> [1562 bytes]","args":[{"selector":{"controlType":"sap.m.GenericTile","properties":{"header":"Manage Conditions & Prices"}},"wdio_ui5_key":"sapm.GenericTile{\"header\":\"Manage Conditions & Prices\"}"}]}
RESULT: undefined
COMMAND: POST /session/19c5ed65dbd52b03c8c783813379e291/element - {"using":"xpath","value":"//*[@id=\"__tile53\"]"}
RESULT: {"using":"xpath","value":"//*[@id=\"__tile53\"]"}
COMMAND: POST /session/19c5ed65dbd52b03c8c783813379e291/element/f.1FACEF5F4F0044855A63ECD1C0A7B6EF.d.A19569E97EB78292D0BD932B6BEC8FFD.e.12768/click - {}
RESULT: {}
COMMAND: GET /session/19c5ed65dbd52b03c8c783813379e291/screenshot - {}
RESULT: {}
COMMAND: POST /session/19c5ed65dbd52b03c8c783813379e291/elements - {"using":"xpath","value":"//span[text()='Error']"}
RESULT: {"using":"xpath","value":"//span[text()='Error']"}
COMMAND: POST /session/19c5ed65dbd52b03c8c783813379e291/element - {"using":"xpath","value":"//button[@aria-label=\"Create\"]"}
RESULT: {"using":"xpath","value":"//button[@aria-label=\"Create\"]"}
COMMAND: POST /session/19c5ed65dbd52b03c8c783813379e291/elements - {"using":"xpath","value":"//button[@aria-label=\"Create\"]"}
RESULT: {"using":"xpath","value":"//button[@aria-label=\"Create\"]"}
COMMAND: POST /session/19c5ed65dbd52b03c8c783813379e291/execute/sync - {"script":"<script> [8489 bytes]","args":[{"element-6066-11e4-a52e-4f735466cecf":"f.1FACEF5F4F0044855A63ECD1C0A7B6EF.d.A19569E97EB78292D0BD932B6BEC8FFD.e.13756","ELEMENT":"f.1FACEF5F4F0044855A63ECD1C0A7B6EF.d.A19569E97EB78292D0BD932B6BEC8FFD.e.13756"}]}
RESULT: {"script":"<script> [8489 bytes]","args":[{"element-6066-11e4-a52e-4f735466cecf":"f.1FACEF5F4F0044855A63ECD1C0A7B6EF.d.A19569E97EB78292D0BD932B6BEC8FFD.e.13756","ELEMENT":"f.1FACEF5F4F0044855A63ECD1C0A7B6EF.d.A19569E97EB78292D0BD932B6BEC8FFD.e.13756"}]}
COMMAND: GET /session/19c5ed65dbd52b03c8c783813379e291/element/f.1FACEF5F4F0044855A63ECD1C0A7B6EF.d.A19569E97EB78292D0BD932B6BEC8FFD.e.13756/enabled - {}
COMMAND: GET /session/19c5ed65dbd52b03c8c783813379e291/screenshot - {}
RESULT: {}
COMMAND: POST /session/19c5ed65dbd52b03c8c783813379e291/execute/sync - {"script":"<script> [8489 bytes]","args":[{"element-6066-11e4-a52e-4f735466cecf":"f.1FACEF5F4F0044855A63ECD1C0A7B6EF.d.A19569E97EB78292D0BD932B6BEC8FFD.e.13756","ELEMENT":"f.1FACEF5F4F0044855A63ECD1C0A7B6EF.d.A19569E97EB78292D0BD932B6BEC8FFD.e.13756"}]}
COMMAND: GET /session/19c5ed65dbd52b03c8c783813379e291/screenshot - {}
RESULT: {}
RESULT: {"script":"<script> [8489 bytes]","args":[{"element-6066-11e4-a52e-4f735466cecf":"f.1FACEF5F4F0044855A63ECD1C0A7B6EF.d.A19569E97EB78292D0BD932B6BEC8FFD.e.13756","ELEMENT":"f.1FACEF5F4F0044855A63ECD1C0A7B6EF.d.A19569E97EB78292D0BD932B6BEC8FFD.e.13756"}]}
COMMAND: POST /session/19c5ed65dbd52b03c8c783813379e291/execute/sync - {"script":"<script> [5351 bytes]","args":[{"element-6066-11e4-a52e-4f735466cecf":"f.1FACEF5F4F0044855A63ECD1C0A7B6EF.d.A19569E97EB78292D0BD932B6BEC8FFD.e.13756","ELEMENT":"f.1FACEF5F4F0044855A63ECD1C0A7B6EF.d.A19569E97EB78292D0BD932B6BEC8FFD.e.13756"}]}
COMMAND: GET /session/19c5ed65dbd52b03c8c783813379e291/screenshot - {}
RESULT: {}
RESULT: {"script":"<script> [5351 bytes]","args":[{"element-6066-11e4-a52e-4f735466cecf":"f.1FACEF5F4F0044855A63ECD1C0A7B6EF.d.A19569E97EB78292D0BD932B6BEC8FFD.e.13756","ELEMENT":"f.1FACEF5F4F0044855A63ECD1C0A7B6EF.d.A19569E97EB78292D0BD932B6BEC8FFD.e.13756"}]}
COMMAND: POST /session/19c5ed65dbd52b03c8c783813379e291/element/f.1FACEF5F4F0044855A63ECD1C0A7B6EF.d.A19569E97EB78292D0BD932B6BEC8FFD.e.13756/click - {}
COMMAND: GET /session/19c5ed65dbd52b03c8c783813379e291/screenshot - {}
RESULT: {}
RESULT: {}
COMMAND: GET /session/19c5ed65dbd52b03c8c783813379e291/screenshot - {}
RESULT: {}
RESULT: {}
COMMAND: POST /session/19c5ed65dbd52b03c8c783813379e291/actions - {"actions":[{"id":"action60","type":"key","parameters":{},"actions":[{"type":"keyDown","value":""},{"type":"pause","duration":10},{"type":"keyUp","value":""}]}]}
RESULT: {"actions":[{"id":"action60","type":"key","parameters":{},"actions":[{"type":"keyDown","value":""},{"type":"pause","duration":10},{"type":"keyUp","value":""}]}]}
COMMAND: GET /session/19c5ed65dbd52b03c8c783813379e291/screenshot - {}
RESULT: {}
COMMAND: POST /session/19c5ed65dbd52b03c8c783813379e291/execute/async - {"script":"<script> [1562 bytes]","args":[{"selector":{"id":"application-manageconditionprice-display-component---newCondition--condBillCond-arrow"},"wdio_ui5_key":"applicationmanageconditionprice-display-component---newCondition--condBillCond-arrow"}]}
RESULT: {"script":"<script> [1562 bytes]","args":[{"selector":{"id":"application-manageconditionprice-display-component---newCondition--condBillCond-arrow"},"wdio_ui5_key":"applicationmanageconditionprice-display-component---newCondition--condBillCond-arrow"}]}
RESULT: undefined
COMMAND: POST /session/19c5ed65dbd52b03c8c783813379e291/element - {"using":"xpath","value":"//*[@id=\"application-manageconditionprice-display-component---newCondition--condBillCond-arrow\"]"}
RESULT: {"using":"xpath","value":"//*[@id=\"application-manageconditionprice-display-component---newCondition--condBillCond-arrow\"]"}
COMMAND: POST /session/19c5ed65dbd52b03c8c783813379e291/element/f.1FACEF5F4F0044855A63ECD1C0A7B6EF.d.A19569E97EB78292D0BD932B6BEC8FFD.e.13937/click - {}
RESULT: {}
COMMAND: GET /session/19c5ed65dbd52b03c8c783813379e291/screenshot - {}
RESULT: {}
COMMAND: POST /session/19c5ed65dbd52b03c8c783813379e291/element - {"using":"xpath","value":"//li[.//span[contains(text(), \"DISP - D&I special price\")]]"}
RESULT: {"using":"xpath","value":"//li[.//span[contains(text(), \"DISP - D&I special price\")]]"}
COMMAND: POST /session/19c5ed65dbd52b03c8c783813379e291/element/f.1FACEF5F4F0044855A63ECD1C0A7B6EF.d.A19569E97EB78292D0BD932B6BEC8FFD.e.13940/click - {}
RESULT: {}
COMMAND: GET /session/19c5ed65dbd52b03c8c783813379e291/screenshot - {}
RESULT: {}
COMMAND: POST /session/19c5ed65dbd52b03c8c783813379e291/execute/async - {"script":"<script> [1562 bytes]","args":[{"selector":{"id":"application-manageconditionprice-display-component---newCondition--condValidTo","interaction":{"idSuffix":"inner"}},"wdio_ui5_key":"applicationmanageconditionprice-display-component---newCondition--condValidTo"}]}
RESULT: {"script":"<script> [1562 bytes]","args":[{"selector":{"id":"application-manageconditionprice-display-component---newCondition--condValidTo","interaction":{"idSuffix":"inner"}},"wdio_ui5_key":"applicationmanageconditionprice-display-component---newCondition--condValidTo"}]}
RESULT: undefined
COMMAND: POST /session/19c5ed65dbd52b03c8c783813379e291/execute/async - {"script":"<script> [776 bytes]","args":[{"enterText":"1/30/26","selector":{"id":"application-manageconditionprice-display-component---newCondition--condValidTo","interaction":{"idSuffix":"inner"}},"clearTextFirst":true,"interactionType":"ENTER_TEXT"}]}
RESULT: {"script":"<script> [776 bytes]","args":[{"enterText":"1/30/26","selector":{"id":"application-manageconditionprice-display-component---newCondition--condValidTo","interaction":{"idSuffix":"inner"}},"clearTextFirst":true,"interactionType":"ENTER_TEXT"}]}
COMMAND: POST /session/19c5ed65dbd52b03c8c783813379e291/element - {"using":"xpath","value":"//input[@id=\"application-manageconditionprice-display-component---newCondition--condRU-inner\"]"}
RESULT: {"using":"xpath","value":"//input[@id=\"application-manageconditionprice-display-component---newCondition--condRU-inner\"]"}
COMMAND: POST /session/19c5ed65dbd52b03c8c783813379e291/element/f.1FACEF5F4F0044855A63ECD1C0A7B6EF.d.A19569E97EB78292D0BD932B6BEC8FFD.e.13773/clear - {}
RESULT: {}
COMMAND: POST /session/19c5ed65dbd52b03c8c783813379e291/element/f.1FACEF5F4F0044855A63ECD1C0A7B6EF.d.A19569E97EB78292D0BD932B6BEC8FFD.e.13773/value - {"text":"JuT5VFikH0"}
COMMAND: GET /session/19c5ed65dbd52b03c8c783813379e291/screenshot - {}
RESULT: {"text":"JuT5VFikH0"}
COMMAND: GET /session/19c5ed65dbd52b03c8c783813379e291/screenshot - {}
RESULT: {}
RESULT: {}
COMMAND: POST /session/19c5ed65dbd52b03c8c783813379e291/actions - {"actions":[{"id":"action61","type":"key","parameters":{},"actions":[{"type":"keyDown","value":""},{"type":"pause","duration":10},{"type":"keyUp","value":""}]}]}
RESULT: {"actions":[{"id":"action61","type":"key","parameters":{},"actions":[{"type":"keyDown","value":""},{"type":"pause","duration":10},{"type":"keyUp","value":""}]}]}
COMMAND: POST /session/19c5ed65dbd52b03c8c783813379e291/execute/async - {"script":"<script> [1562 bytes]","args":[{"selector":{"id":"application-manageconditionprice-display-component---newCondition--condBaseQty","interaction":{"idSuffix":"inner"}},"wdio_ui5_key":"applicationmanageconditionprice-display-component---newCondition--condBaseQty"}]}
COMMAND: GET /session/19c5ed65dbd52b03c8c783813379e291/screenshot - {}
RESULT: {"script":"<script> [1562 bytes]","args":[{"selector":{"id":"application-manageconditionprice-display-component---newCondition--condBaseQty","interaction":{"idSuffix":"inner"}},"wdio_ui5_key":"applicationmanageconditionprice-display-component---newCondition--condBaseQty"}]}
RESULT: undefined
COMMAND: POST /session/19c5ed65dbd52b03c8c783813379e291/execute/async - {"script":"<script> [776 bytes]","args":[{"enterText":"1","selector":{"id":"application-manageconditionprice-display-component---newCondition--condBaseQty","interaction":{"idSuffix":"inner"}},"clearTextFirst":true,"interactionType":"ENTER_TEXT"}]}
RESULT: {}
RESULT: {"script":"<script> [776 bytes]","args":[{"enterText":"1","selector":{"id":"application-manageconditionprice-display-component---newCondition--condBaseQty","interaction":{"idSuffix":"inner"}},"clearTextFirst":true,"interactionType":"ENTER_TEXT"}]}
COMMAND: POST /session/19c5ed65dbd52b03c8c783813379e291/execute/async - {"script":"<script> [1562 bytes]","args":[{"selector":{"id":"application-manageconditionprice-display-component---newCondition--condValue","interaction":{"idSuffix":"inner"}},"wdio_ui5_key":"applicationmanageconditionprice-display-component---newCondition--condValue"}]}
RESULT: {"script":"<script> [1562 bytes]","args":[{"selector":{"id":"application-manageconditionprice-display-component---newCondition--condValue","interaction":{"idSuffix":"inner"}},"wdio_ui5_key":"applicationmanageconditionprice-display-component---newCondition--condValue"}]}
RESULT: undefined
COMMAND: POST /session/19c5ed65dbd52b03c8c783813379e291/execute/async - {"script":"<script> [776 bytes]","args":[{"enterText":"100","selector":{"id":"application-manageconditionprice-display-component---newCondition--condValue","interaction":{"idSuffix":"inner"}},"clearTextFirst":true,"interactionType":"ENTER_TEXT"}]}
RESULT: {"script":"<script> [776 bytes]","args":[{"enterText":"100","selector":{"id":"application-manageconditionprice-display-component---newCondition--condValue","interaction":{"idSuffix":"inner"}},"clearTextFirst":true,"interactionType":"ENTER_TEXT"}]}
COMMAND: POST /session/19c5ed65dbd52b03c8c783813379e291/execute/async - {"script":"<script> [1562 bytes]","args":[{"selector":{"id":"application-manageconditionprice-display-component---newCondition--condCurr-arrow"},"wdio_ui5_key":"applicationmanageconditionprice-display-component---newCondition--condCurr-arrow"}]}
RESULT: {"script":"<script> [1562 bytes]","args":[{"selector":{"id":"application-manageconditionprice-display-component---newCondition--condCurr-arrow"},"wdio_ui5_key":"applicationmanageconditionprice-display-component---newCondition--condCurr-arrow"}]}
RESULT: undefined
COMMAND: POST /session/19c5ed65dbd52b03c8c783813379e291/element - {"using":"xpath","value":"//*[@id=\"application-manageconditionprice-display-component---newCondition--condCurr-arrow\"]"}
RESULT: {"using":"xpath","value":"//*[@id=\"application-manageconditionprice-display-component---newCondition--condCurr-arrow\"]"}
COMMAND: POST /session/19c5ed65dbd52b03c8c783813379e291/element/f.1FACEF5F4F0044855A63ECD1C0A7B6EF.d.A19569E97EB78292D0BD932B6BEC8FFD.e.13919/click - {}
RESULT: {}
COMMAND: POST /session/19c5ed65dbd52b03c8c783813379e291/element - {"using":"xpath","value":"//span[contains(text(), \"Euro\")]"}
COMMAND: GET /session/19c5ed65dbd52b03c8c783813379e291/screenshot - {}
RESULT: {}
RESULT: {"using":"xpath","value":"//span[contains(text(), \"Euro\")]"}
COMMAND: POST /session/19c5ed65dbd52b03c8c783813379e291/element/f.1FACEF5F4F0044855A63ECD1C0A7B6EF.d.A19569E97EB78292D0BD932B6BEC8FFD.e.13977/click - {}
RESULT: {}
COMMAND: POST /session/19c5ed65dbd52b03c8c783813379e291/element - {"using":"xpath","value":"//button[@data-kt=\"saveButton\"]"}
COMMAND: GET /session/19c5ed65dbd52b03c8c783813379e291/screenshot - {}
RESULT: {"using":"xpath","value":"//button[@data-kt=\"saveButton\"]"}
COMMAND: POST /session/19c5ed65dbd52b03c8c783813379e291/element/f.1FACEF5F4F0044855A63ECD1C0A7B6EF.d.A19569E97EB78292D0BD932B6BEC8FFD.e.13920/click - {}
RESULT: {}
RESULT: {}
COMMAND: GET /session/19c5ed65dbd52b03c8c783813379e291/screenshot - {}
RESULT: {}
COMMAND: POST /session/19c5ed65dbd52b03c8c783813379e291/execute/async - {"script":"<script> [1562 bytes]","args":[{"selector":{"id":"application-manageconditionprice-display-component---conditions--smartFilterBar-btnBasicSearch","interaction":{"idSuffix":"I"}},"wdio_ui5_key":"applicationmanageconditionprice-display-component---conditions--smartFilterBar-btnBasicSearch"}]}
RESULT: {"script":"<script> [1562 bytes]","args":[{"selector":{"id":"application-manageconditionprice-display-component---conditions--smartFilterBar-btnBasicSearch","interaction":{"idSuffix":"I"}},"wdio_ui5_key":"applicationmanageconditionprice-display-component---conditions--smartFilterBar-btnBasicSearch"}]}
RESULT: undefined
COMMAND: POST /session/19c5ed65dbd52b03c8c783813379e291/execute/async - {"script":"<script> [776 bytes]","args":[{"enterText":"JuT5VFikH0","selector":{"id":"application-manageconditionprice-display-component---conditions--smartFilterBar-btnBasicSearch","interaction":{"idSuffix":"I"}},"clearTextFirst":true,"interactionType":"ENTER_TEXT"}]}
RESULT: {"script":"<script> [776 bytes]","args":[{"enterText":"JuT5VFikH0","selector":{"id":"application-manageconditionprice-display-component---conditions--smartFilterBar-btnBasicSearch","interaction":{"idSuffix":"I"}},"clearTextFirst":true,"interactionType":"ENTER_TEXT"}]}
COMMAND: POST /session/19c5ed65dbd52b03c8c783813379e291/actions - {"actions":[{"id":"action62","type":"key","parameters":{},"actions":[{"type":"keyDown","value":""},{"type":"pause","duration":10},{"type":"keyUp","value":""}]}]}
RESULT: {"actions":[{"id":"action62","type":"key","parameters":{},"actions":[{"type":"keyDown","value":""},{"type":"pause","duration":10},{"type":"keyUp","value":""}]}]}
COMMAND: GET /session/19c5ed65dbd52b03c8c783813379e291/screenshot - {}
RESULT: {}
COMMAND: POST /session/19c5ed65dbd52b03c8c783813379e291/execute/async - {"script":"<script> [1562 bytes]","args":[{"selector":{"id":"application-manageconditionprice-display-component---conditions--smartFilterBar-filterItemControl_BASIC-BILL_TYPES-vhi"},"wdio_ui5_key":"applicationmanageconditionprice-display-component---conditions--smartFilterBar-filterItemControl_BASIC-BILL_TYPES-vhi"}]}
RESULT: {"script":"<script> [1562 bytes]","args":[{"selector":{"id":"application-manageconditionprice-display-component---conditions--smartFilterBar-filterItemControl_BASIC-BILL_TYPES-vhi"},"wdio_ui5_key":"applicationmanageconditionprice-display-component---conditions--smartFilterBar-filterItemControl_BASIC-BILL_TYPES-vhi"}]}
RESULT: undefined
COMMAND: POST /session/19c5ed65dbd52b03c8c783813379e291/element - {"using":"xpath","value":"//*[@id=\"application-manageconditionprice-display-component---conditions--smartFilterBar-filterItemControl_BASIC-BILL_TYPES-vhi\"]"}
RESULT: {"using":"xpath","value":"//*[@id=\"application-manageconditionprice-display-component---conditions--smartFilterBar-filterItemControl_BASIC-BILL_TYPES-vhi\"]"}
COMMAND: POST /session/19c5ed65dbd52b03c8c783813379e291/element/f.1FACEF5F4F0044855A63ECD1C0A7B6EF.d.A19569E97EB78292D0BD932B6BEC8FFD.e.13993/click - {}
RESULT: {}
COMMAND: POST /session/19c5ed65dbd52b03c8c783813379e291/execute/async - {"script":"<script> [1562 bytes]","args":[{"selector":{"id":"application-manageconditionprice-display-component---conditions--smartFilterBar-filterItemControl_BASIC-BILL_TYPES-valueHelpDialog-smartFilterBar-btnBasicSearch","searchOpenDialogs":true,"interaction":{"idSuffix":"I"}},"wdio_ui5_key":"applicationmanageconditionprice-display-component---conditions--smartFilterBar-filterItemControl_BASIC-BILL_TYPES-valueHelpDialog-smartFilterBar-btnBasicSearch"}]}
COMMAND: GET /session/19c5ed65dbd52b03c8c783813379e291/screenshot - {}
RESULT: {"script":"<script> [1562 bytes]","args":[{"selector":{"id":"application-manageconditionprice-display-component---conditions--smartFilterBar-filterItemControl_BASIC-BILL_TYPES-valueHelpDialog-smartFilterBar-btnBasicSearch","searchOpenDialogs":true,"interaction":{"idSuffix":"I"}},"wdio_ui5_key":"applicationmanageconditionprice-display-component---conditions--smartFilterBar-filterItemControl_BASIC-BILL_TYPES-valueHelpDialog-smartFilterBar-btnBasicSearch"}]}
RESULT: undefined
COMMAND: POST /session/19c5ed65dbd52b03c8c783813379e291/execute/async - {"script":"<script> [776 bytes]","args":[{"enterText":"TB","selector":{"id":"application-manageconditionprice-display-component---conditions--smartFilterBar-filterItemControl_BASIC-BILL_TYPES-valueHelpDialog-smartFilterBar-btnBasicSearch","searchOpenDialogs":true,"interaction":{"idSuffix":"I"}},"clearTextFirst":true,"interactionType":"ENTER_TEXT"}]}
RESULT: {}
RESULT: {"script":"<script> [776 bytes]","args":[{"enterText":"TB","selector":{"id":"application-manageconditionprice-display-component---conditions--smartFilterBar-filterItemControl_BASIC-BILL_TYPES-valueHelpDialog-smartFilterBar-btnBasicSearch","searchOpenDialogs":true,"interaction":{"idSuffix":"I"}},"clearTextFirst":true,"interactionType":"ENTER_TEXT"}]}
COMMAND: POST /session/19c5ed65dbd52b03c8c783813379e291/actions - {"actions":[{"id":"action63","type":"key","parameters":{},"actions":[{"type":"keyDown","value":""},{"type":"pause","duration":10},{"type":"keyUp","value":""}]}]}
RESULT: {"actions":[{"id":"action63","type":"key","parameters":{},"actions":[{"type":"keyDown","value":""},{"type":"pause","duration":10},{"type":"keyUp","value":""}]}]}
COMMAND: GET /session/19c5ed65dbd52b03c8c783813379e291/screenshot - {}
RESULT: {}
COMMAND: POST /session/19c5ed65dbd52b03c8c783813379e291/element - {"using":"xpath","value":"//div[contains(@id, 'application-manageconditionprice-display-component---conditions--smartFilterBar-filterItemControl_BASIC-BILL_TYPES-valueHelpDialog-table-rowsel0')]"}
RESULT: {"using":"xpath","value":"//div[contains(@id, 'application-manageconditionprice-display-component---conditions--smartFilterBar-filterItemControl_BASIC-BILL_TYPES-valueHelpDialog-table-rowsel0')]"}
COMMAND: POST /session/19c5ed65dbd52b03c8c783813379e291/element/f.1FACEF5F4F0044855A63ECD1C0A7B6EF.d.A19569E97EB78292D0BD932B6BEC8FFD.e.14002/click - {}
RESULT: {}
COMMAND: GET /session/19c5ed65dbd52b03c8c783813379e291/screenshot - {}
RESULT: {}
COMMAND: POST /session/19c5ed65dbd52b03c8c783813379e291/element - {"using":"xpath","value":"//bdi[contains(text(), \"OK\")]"}
RESULT: {"using":"xpath","value":"//bdi[contains(text(), \"OK\")]"}
COMMAND: POST /session/19c5ed65dbd52b03c8c783813379e291/element/f.1FACEF5F4F0044855A63ECD1C0A7B6EF.d.A19569E97EB78292D0BD932B6BEC8FFD.e.14004/click - {}
RESULT: {}
COMMAND: GET /session/19c5ed65dbd52b03c8c783813379e291/screenshot - {}
RESULT: {}
COMMAND: POST /session/19c5ed65dbd52b03c8c783813379e291/element - {"using":"xpath","value":"//span[@id=\"application-manageconditionprice-display-component---conditions--smartTable-header-inner\"]"}
RESULT: {"using":"xpath","value":"//span[@id=\"application-manageconditionprice-display-component---conditions--smartTable-header-inner\"]"}
COMMAND: POST /session/19c5ed65dbd52b03c8c783813379e291/elements - {"using":"xpath","value":"//span[@id=\"application-manageconditionprice-display-component---conditions--smartTable-header-inner\"]"}
RESULT: {"using":"xpath","value":"//span[@id=\"application-manageconditionprice-display-component---conditions--smartTable-header-inner\"]"}
COMMAND: POST /session/19c5ed65dbd52b03c8c783813379e291/execute/sync - {"script":"<script> [56 bytes]","args":[{"element-6066-11e4-a52e-4f735466cecf":"f.1FACEF5F4F0044855A63ECD1C0A7B6EF.d.A19569E97EB78292D0BD932B6BEC8FFD.e.14007","ELEMENT":"f.1FACEF5F4F0044855A63ECD1C0A7B6EF.d.A19569E97EB78292D0BD932B6BEC8FFD.e.14007"}]}
RESULT: {"script":"<script> [56 bytes]","args":[{"element-6066-11e4-a52e-4f735466cecf":"f.1FACEF5F4F0044855A63ECD1C0A7B6EF.d.A19569E97EB78292D0BD932B6BEC8FFD.e.14007","ELEMENT":"f.1FACEF5F4F0044855A63ECD1C0A7B6EF.d.A19569E97EB78292D0BD932B6BEC8FFD.e.14007"}]}
COMMAND: POST /session/19c5ed65dbd52b03c8c783813379e291/element - {"using":"css selector","value":"#shell-header-logo"}
COMMAND: GET /session/19c5ed65dbd52b03c8c783813379e291/screenshot - {}
RESULT: {"using":"css selector","value":"#shell-header-logo"}
COMMAND: POST /session/19c5ed65dbd52b03c8c783813379e291/element/f.1FACEF5F4F0044855A63ECD1C0A7B6EF.d.A19569E97EB78292D0BD932B6BEC8FFD.e.13724/click - {}
RESULT: {}
RESULT: {}
COMMAND: GET /session/19c5ed65dbd52b03c8c783813379e291/screenshot - {}
RESULT: {}
]]></system-out>
    </testcase>
    <testcase classname="chrome.136_0_7103_93.windows.Billing_Calculation_-_Time_based_(considering_transport_times)_US139738" name="Should do a stock increase for the equipment" time="92.692">
      <failure/>
      <error message="Can't call click on element with selector &quot;//li[.//span[contains(text(),'504 -')]]&quot; because element wasn't found"/>
      <system-out><![CDATA[
COMMAND: POST /session/19c5ed65dbd52b03c8c783813379e291/execute/async - {"script":"<script> [1562 bytes]","args":[{"selector":{"controlType":"sap.m.GenericTile","properties":{"header":"Manage Handovers"}},"wdio_ui5_key":"sapm.GenericTile{\"header\":\"Manage Handovers\"}"}]}
RESULT: {"script":"<script> [1562 bytes]","args":[{"selector":{"controlType":"sap.m.GenericTile","properties":{"header":"Manage Handovers"}},"wdio_ui5_key":"sapm.GenericTile{\"header\":\"Manage Handovers\"}"}]}
RESULT: undefined
COMMAND: POST /session/19c5ed65dbd52b03c8c783813379e291/element - {"using":"xpath","value":"//*[@id=\"__tile132\"]"}
RESULT: {"using":"xpath","value":"//*[@id=\"__tile132\"]"}
COMMAND: POST /session/19c5ed65dbd52b03c8c783813379e291/element/f.1FACEF5F4F0044855A63ECD1C0A7B6EF.d.A19569E97EB78292D0BD932B6BEC8FFD.e.12809/click - {}
RESULT: {}
COMMAND: GET /session/19c5ed65dbd52b03c8c783813379e291/screenshot - {}
RESULT: {}
COMMAND: POST /session/19c5ed65dbd52b03c8c783813379e291/elements - {"using":"xpath","value":"//span[text()='Error']"}
RESULT: {"using":"xpath","value":"//span[text()='Error']"}
COMMAND: POST /session/19c5ed65dbd52b03c8c783813379e291/element - {"using":"xpath","value":"//button[@data-kt=\"masterHOAddButton\"]"}
RESULT: {"using":"xpath","value":"//button[@data-kt=\"masterHOAddButton\"]"}
COMMAND: POST /session/19c5ed65dbd52b03c8c783813379e291/elements - {"using":"xpath","value":"//button[@data-kt=\"masterHOAddButton\"]"}
RESULT: {"using":"xpath","value":"//button[@data-kt=\"masterHOAddButton\"]"}
COMMAND: POST /session/19c5ed65dbd52b03c8c783813379e291/execute/sync - {"script":"<script> [8489 bytes]","args":[{"element-6066-11e4-a52e-4f735466cecf":"f.1FACEF5F4F0044855A63ECD1C0A7B6EF.d.A19569E97EB78292D0BD932B6BEC8FFD.e.14044","ELEMENT":"f.1FACEF5F4F0044855A63ECD1C0A7B6EF.d.A19569E97EB78292D0BD932B6BEC8FFD.e.14044"}]}
RESULT: {"script":"<script> [8489 bytes]","args":[{"element-6066-11e4-a52e-4f735466cecf":"f.1FACEF5F4F0044855A63ECD1C0A7B6EF.d.A19569E97EB78292D0BD932B6BEC8FFD.e.14044","ELEMENT":"f.1FACEF5F4F0044855A63ECD1C0A7B6EF.d.A19569E97EB78292D0BD932B6BEC8FFD.e.14044"}]}
COMMAND: GET /session/19c5ed65dbd52b03c8c783813379e291/element/f.1FACEF5F4F0044855A63ECD1C0A7B6EF.d.A19569E97EB78292D0BD932B6BEC8FFD.e.14044/enabled - {}
COMMAND: GET /session/19c5ed65dbd52b03c8c783813379e291/screenshot - {}
RESULT: {}
COMMAND: POST /session/19c5ed65dbd52b03c8c783813379e291/execute/sync - {"script":"<script> [8489 bytes]","args":[{"element-6066-11e4-a52e-4f735466cecf":"f.1FACEF5F4F0044855A63ECD1C0A7B6EF.d.A19569E97EB78292D0BD932B6BEC8FFD.e.14044","ELEMENT":"f.1FACEF5F4F0044855A63ECD1C0A7B6EF.d.A19569E97EB78292D0BD932B6BEC8FFD.e.14044"}]}
COMMAND: GET /session/19c5ed65dbd52b03c8c783813379e291/screenshot - {}
RESULT: {}
RESULT: {"script":"<script> [8489 bytes]","args":[{"element-6066-11e4-a52e-4f735466cecf":"f.1FACEF5F4F0044855A63ECD1C0A7B6EF.d.A19569E97EB78292D0BD932B6BEC8FFD.e.14044","ELEMENT":"f.1FACEF5F4F0044855A63ECD1C0A7B6EF.d.A19569E97EB78292D0BD932B6BEC8FFD.e.14044"}]}
COMMAND: POST /session/19c5ed65dbd52b03c8c783813379e291/execute/sync - {"script":"<script> [5351 bytes]","args":[{"element-6066-11e4-a52e-4f735466cecf":"f.1FACEF5F4F0044855A63ECD1C0A7B6EF.d.A19569E97EB78292D0BD932B6BEC8FFD.e.14044","ELEMENT":"f.1FACEF5F4F0044855A63ECD1C0A7B6EF.d.A19569E97EB78292D0BD932B6BEC8FFD.e.14044"}]}
COMMAND: GET /session/19c5ed65dbd52b03c8c783813379e291/screenshot - {}
RESULT: {}
RESULT: {"script":"<script> [5351 bytes]","args":[{"element-6066-11e4-a52e-4f735466cecf":"f.1FACEF5F4F0044855A63ECD1C0A7B6EF.d.A19569E97EB78292D0BD932B6BEC8FFD.e.14044","ELEMENT":"f.1FACEF5F4F0044855A63ECD1C0A7B6EF.d.A19569E97EB78292D0BD932B6BEC8FFD.e.14044"}]}
COMMAND: POST /session/19c5ed65dbd52b03c8c783813379e291/element/f.1FACEF5F4F0044855A63ECD1C0A7B6EF.d.A19569E97EB78292D0BD932B6BEC8FFD.e.14044/click - {}
COMMAND: GET /session/19c5ed65dbd52b03c8c783813379e291/screenshot - {}
RESULT: {}
RESULT: {}
COMMAND: GET /session/19c5ed65dbd52b03c8c783813379e291/screenshot - {}
RESULT: {}
RESULT: {}
COMMAND: POST /session/19c5ed65dbd52b03c8c783813379e291/element - {"using":"xpath","value":"//span[contains(@id ,\"AddNewHO--typeSelect-arrow\")]"}
RESULT: {"using":"xpath","value":"//span[contains(@id ,\"AddNewHO--typeSelect-arrow\")]"}
COMMAND: POST /session/19c5ed65dbd52b03c8c783813379e291/element/f.1FACEF5F4F0044855A63ECD1C0A7B6EF.d.A19569E97EB78292D0BD932B6BEC8FFD.e.14386/click - {}
RESULT: {}
COMMAND: GET /session/19c5ed65dbd52b03c8c783813379e291/screenshot - {}
RESULT: {}
COMMAND: POST /session/19c5ed65dbd52b03c8c783813379e291/element - {"using":"xpath","value":"(//li[contains(text(), \"stock increase yard\")])[1]"}
RESULT: {"using":"xpath","value":"(//li[contains(text(), \"stock increase yard\")])[1]"}
COMMAND: POST /session/19c5ed65dbd52b03c8c783813379e291/element/f.1FACEF5F4F0044855A63ECD1C0A7B6EF.d.A19569E97EB78292D0BD932B6BEC8FFD.e.14387/click - {}
RESULT: {}
COMMAND: GET /session/19c5ed65dbd52b03c8c783813379e291/screenshot - {}
RESULT: {}
COMMAND: POST /session/19c5ed65dbd52b03c8c783813379e291/execute/async - {"script":"<script> [1562 bytes]","args":[{"selector":{"id":"application-managehandovers-display-component---AddNewHO--dueDate","interaction":{"idSuffix":"inner"}},"wdio_ui5_key":"applicationmanagehandovers-display-component---AddNewHO--dueDate"}]}
RESULT: {"script":"<script> [1562 bytes]","args":[{"selector":{"id":"application-managehandovers-display-component---AddNewHO--dueDate","interaction":{"idSuffix":"inner"}},"wdio_ui5_key":"applicationmanagehandovers-display-component---AddNewHO--dueDate"}]}
RESULT: undefined
COMMAND: POST /session/19c5ed65dbd52b03c8c783813379e291/execute/async - {"script":"<script> [6424 bytes]","args":[{"element-6066-11e4-a52e-4f735466cecf":"f.1FACEF5F4F0044855A63ECD1C0A7B6EF.d.A19569E97EB78292D0BD932B6BEC8FFD.e.14391"},"setValue",["5/30/25"]]}
RESULT: {"script":"<script> [6424 bytes]","args":[{"element-6066-11e4-a52e-4f735466cecf":"f.1FACEF5F4F0044855A63ECD1C0A7B6EF.d.A19569E97EB78292D0BD932B6BEC8FFD.e.14391"},"setValue",["5/30/25"]]}
COMMAND: POST /session/19c5ed65dbd52b03c8c783813379e291/element - {"using":"xpath","value":"//input[@id=\"generalSectionFrg--receiveYard-inner\"]"}
RESULT: {"using":"xpath","value":"//input[@id=\"generalSectionFrg--receiveYard-inner\"]"}
COMMAND: POST /session/19c5ed65dbd52b03c8c783813379e291/element/f.1FACEF5F4F0044855A63ECD1C0A7B6EF.d.A19569E97EB78292D0BD932B6BEC8FFD.e.14397/clear - {}
RESULT: {}
COMMAND: POST /session/19c5ed65dbd52b03c8c783813379e291/element/f.1FACEF5F4F0044855A63ECD1C0A7B6EF.d.A19569E97EB78292D0BD932B6BEC8FFD.e.14397/value - {"text":"504"}
COMMAND: GET /session/19c5ed65dbd52b03c8c783813379e291/screenshot - {}
RESULT: {"text":"504"}
COMMAND: GET /session/19c5ed65dbd52b03c8c783813379e291/screenshot - {}
RESULT: {}
RESULT: {}
COMMAND: POST /session/19c5ed65dbd52b03c8c783813379e291/element - {"using":"xpath","value":"//li[.//span[contains(text(),'504 -')]]"}
RESULT: {"using":"xpath","value":"//li[.//span[contains(text(),'504 -')]]"}
COMMAND: POST /session/19c5ed65dbd52b03c8c783813379e291/elements - {"using":"xpath","value":"//li[.//span[contains(text(),'504 -')]]"}
RESULT: {"using":"xpath","value":"//li[.//span[contains(text(),'504 -')]]"}
COMMAND: POST /session/19c5ed65dbd52b03c8c783813379e291/elements - {"using":"xpath","value":"//li[.//span[contains(text(),'504 -')]]"}
RESULT: {"using":"xpath","value":"//li[.//span[contains(text(),'504 -')]]"}
COMMAND: POST /session/19c5ed65dbd52b03c8c783813379e291/elements - {"using":"xpath","value":"//li[.//span[contains(text(),'504 -')]]"}
RESULT: {"using":"xpath","value":"//li[.//span[contains(text(),'504 -')]]"}
COMMAND: POST /session/19c5ed65dbd52b03c8c783813379e291/elements - {"using":"xpath","value":"//li[.//span[contains(text(),'504 -')]]"}
RESULT: {"using":"xpath","value":"//li[.//span[contains(text(),'504 -')]]"}
COMMAND: POST /session/19c5ed65dbd52b03c8c783813379e291/elements - {"using":"xpath","value":"//li[.//span[contains(text(),'504 -')]]"}
RESULT: {"using":"xpath","value":"//li[.//span[contains(text(),'504 -')]]"}
COMMAND: POST /session/19c5ed65dbd52b03c8c783813379e291/elements - {"using":"xpath","value":"//li[.//span[contains(text(),'504 -')]]"}
RESULT: {"using":"xpath","value":"//li[.//span[contains(text(),'504 -')]]"}
COMMAND: POST /session/19c5ed65dbd52b03c8c783813379e291/elements - {"using":"xpath","value":"//li[.//span[contains(text(),'504 -')]]"}
RESULT: {"using":"xpath","value":"//li[.//span[contains(text(),'504 -')]]"}
COMMAND: POST /session/19c5ed65dbd52b03c8c783813379e291/elements - {"using":"xpath","value":"//li[.//span[contains(text(),'504 -')]]"}
RESULT: {"using":"xpath","value":"//li[.//span[contains(text(),'504 -')]]"}
COMMAND: POST /session/19c5ed65dbd52b03c8c783813379e291/elements - {"using":"xpath","value":"//li[.//span[contains(text(),'504 -')]]"}
RESULT: {"using":"xpath","value":"//li[.//span[contains(text(),'504 -')]]"}
COMMAND: POST /session/19c5ed65dbd52b03c8c783813379e291/elements - {"using":"xpath","value":"//li[.//span[contains(text(),'504 -')]]"}
RESULT: {"using":"xpath","value":"//li[.//span[contains(text(),'504 -')]]"}
COMMAND: POST /session/19c5ed65dbd52b03c8c783813379e291/elements - {"using":"xpath","value":"//li[.//span[contains(text(),'504 -')]]"}
RESULT: {"using":"xpath","value":"//li[.//span[contains(text(),'504 -')]]"}
COMMAND: POST /session/19c5ed65dbd52b03c8c783813379e291/elements - {"using":"xpath","value":"//li[.//span[contains(text(),'504 -')]]"}
RESULT: {"using":"xpath","value":"//li[.//span[contains(text(),'504 -')]]"}
COMMAND: POST /session/19c5ed65dbd52b03c8c783813379e291/elements - {"using":"xpath","value":"//li[.//span[contains(text(),'504 -')]]"}
RESULT: {"using":"xpath","value":"//li[.//span[contains(text(),'504 -')]]"}
COMMAND: POST /session/19c5ed65dbd52b03c8c783813379e291/elements - {"using":"xpath","value":"//li[.//span[contains(text(),'504 -')]]"}
RESULT: {"using":"xpath","value":"//li[.//span[contains(text(),'504 -')]]"}
COMMAND: POST /session/19c5ed65dbd52b03c8c783813379e291/elements - {"using":"xpath","value":"//li[.//span[contains(text(),'504 -')]]"}
RESULT: {"using":"xpath","value":"//li[.//span[contains(text(),'504 -')]]"}
COMMAND: POST /session/19c5ed65dbd52b03c8c783813379e291/elements - {"using":"xpath","value":"//li[.//span[contains(text(),'504 -')]]"}
RESULT: {"using":"xpath","value":"//li[.//span[contains(text(),'504 -')]]"}
COMMAND: POST /session/19c5ed65dbd52b03c8c783813379e291/elements - {"using":"xpath","value":"//li[.//span[contains(text(),'504 -')]]"}
RESULT: {"using":"xpath","value":"//li[.//span[contains(text(),'504 -')]]"}
COMMAND: POST /session/19c5ed65dbd52b03c8c783813379e291/elements - {"using":"xpath","value":"//li[.//span[contains(text(),'504 -')]]"}
RESULT: {"using":"xpath","value":"//li[.//span[contains(text(),'504 -')]]"}
COMMAND: POST /session/19c5ed65dbd52b03c8c783813379e291/elements - {"using":"xpath","value":"//li[.//span[contains(text(),'504 -')]]"}
RESULT: {"using":"xpath","value":"//li[.//span[contains(text(),'504 -')]]"}
COMMAND: POST /session/19c5ed65dbd52b03c8c783813379e291/elements - {"using":"xpath","value":"//li[.//span[contains(text(),'504 -')]]"}
RESULT: {"using":"xpath","value":"//li[.//span[contains(text(),'504 -')]]"}
COMMAND: POST /session/19c5ed65dbd52b03c8c783813379e291/elements - {"using":"xpath","value":"//li[.//span[contains(text(),'504 -')]]"}
RESULT: {"using":"xpath","value":"//li[.//span[contains(text(),'504 -')]]"}
COMMAND: POST /session/19c5ed65dbd52b03c8c783813379e291/elements - {"using":"xpath","value":"//li[.//span[contains(text(),'504 -')]]"}
RESULT: {"using":"xpath","value":"//li[.//span[contains(text(),'504 -')]]"}
COMMAND: POST /session/19c5ed65dbd52b03c8c783813379e291/elements - {"using":"xpath","value":"//li[.//span[contains(text(),'504 -')]]"}
RESULT: {"using":"xpath","value":"//li[.//span[contains(text(),'504 -')]]"}
COMMAND: POST /session/19c5ed65dbd52b03c8c783813379e291/elements - {"using":"xpath","value":"//li[.//span[contains(text(),'504 -')]]"}
RESULT: {"using":"xpath","value":"//li[.//span[contains(text(),'504 -')]]"}
COMMAND: POST /session/19c5ed65dbd52b03c8c783813379e291/elements - {"using":"xpath","value":"//li[.//span[contains(text(),'504 -')]]"}
RESULT: {"using":"xpath","value":"//li[.//span[contains(text(),'504 -')]]"}
COMMAND: POST /session/19c5ed65dbd52b03c8c783813379e291/elements - {"using":"xpath","value":"//li[.//span[contains(text(),'504 -')]]"}
RESULT: {"using":"xpath","value":"//li[.//span[contains(text(),'504 -')]]"}
COMMAND: POST /session/19c5ed65dbd52b03c8c783813379e291/elements - {"using":"xpath","value":"//li[.//span[contains(text(),'504 -')]]"}
RESULT: {"using":"xpath","value":"//li[.//span[contains(text(),'504 -')]]"}
COMMAND: POST /session/19c5ed65dbd52b03c8c783813379e291/elements - {"using":"xpath","value":"//li[.//span[contains(text(),'504 -')]]"}
RESULT: {"using":"xpath","value":"//li[.//span[contains(text(),'504 -')]]"}
COMMAND: POST /session/19c5ed65dbd52b03c8c783813379e291/elements - {"using":"xpath","value":"//li[.//span[contains(text(),'504 -')]]"}
RESULT: {"using":"xpath","value":"//li[.//span[contains(text(),'504 -')]]"}
COMMAND: POST /session/19c5ed65dbd52b03c8c783813379e291/elements - {"using":"xpath","value":"//li[.//span[contains(text(),'504 -')]]"}
RESULT: {"using":"xpath","value":"//li[.//span[contains(text(),'504 -')]]"}
COMMAND: POST /session/19c5ed65dbd52b03c8c783813379e291/elements - {"using":"xpath","value":"//li[.//span[contains(text(),'504 -')]]"}
RESULT: {"using":"xpath","value":"//li[.//span[contains(text(),'504 -')]]"}
COMMAND: POST /session/19c5ed65dbd52b03c8c783813379e291/elements - {"using":"xpath","value":"//li[.//span[contains(text(),'504 -')]]"}
RESULT: {"using":"xpath","value":"//li[.//span[contains(text(),'504 -')]]"}
COMMAND: POST /session/19c5ed65dbd52b03c8c783813379e291/elements - {"using":"xpath","value":"//li[.//span[contains(text(),'504 -')]]"}
RESULT: {"using":"xpath","value":"//li[.//span[contains(text(),'504 -')]]"}
COMMAND: POST /session/19c5ed65dbd52b03c8c783813379e291/elements - {"using":"xpath","value":"//li[.//span[contains(text(),'504 -')]]"}
RESULT: {"using":"xpath","value":"//li[.//span[contains(text(),'504 -')]]"}
COMMAND: POST /session/19c5ed65dbd52b03c8c783813379e291/elements - {"using":"xpath","value":"//li[.//span[contains(text(),'504 -')]]"}
RESULT: {"using":"xpath","value":"//li[.//span[contains(text(),'504 -')]]"}
COMMAND: POST /session/19c5ed65dbd52b03c8c783813379e291/elements - {"using":"xpath","value":"//li[.//span[contains(text(),'504 -')]]"}
RESULT: {"using":"xpath","value":"//li[.//span[contains(text(),'504 -')]]"}
COMMAND: POST /session/19c5ed65dbd52b03c8c783813379e291/elements - {"using":"xpath","value":"//li[.//span[contains(text(),'504 -')]]"}
RESULT: {"using":"xpath","value":"//li[.//span[contains(text(),'504 -')]]"}
COMMAND: POST /session/19c5ed65dbd52b03c8c783813379e291/elements - {"using":"xpath","value":"//li[.//span[contains(text(),'504 -')]]"}
RESULT: {"using":"xpath","value":"//li[.//span[contains(text(),'504 -')]]"}
COMMAND: POST /session/19c5ed65dbd52b03c8c783813379e291/elements - {"using":"xpath","value":"//li[.//span[contains(text(),'504 -')]]"}
RESULT: {"using":"xpath","value":"//li[.//span[contains(text(),'504 -')]]"}
COMMAND: POST /session/19c5ed65dbd52b03c8c783813379e291/elements - {"using":"xpath","value":"//li[.//span[contains(text(),'504 -')]]"}
RESULT: {"using":"xpath","value":"//li[.//span[contains(text(),'504 -')]]"}
COMMAND: POST /session/19c5ed65dbd52b03c8c783813379e291/elements - {"using":"xpath","value":"//li[.//span[contains(text(),'504 -')]]"}
RESULT: {"using":"xpath","value":"//li[.//span[contains(text(),'504 -')]]"}
COMMAND: POST /session/19c5ed65dbd52b03c8c783813379e291/elements - {"using":"xpath","value":"//li[.//span[contains(text(),'504 -')]]"}
RESULT: {"using":"xpath","value":"//li[.//span[contains(text(),'504 -')]]"}
COMMAND: POST /session/19c5ed65dbd52b03c8c783813379e291/elements - {"using":"xpath","value":"//li[.//span[contains(text(),'504 -')]]"}
RESULT: {"using":"xpath","value":"//li[.//span[contains(text(),'504 -')]]"}
COMMAND: POST /session/19c5ed65dbd52b03c8c783813379e291/elements - {"using":"xpath","value":"//li[.//span[contains(text(),'504 -')]]"}
RESULT: {"using":"xpath","value":"//li[.//span[contains(text(),'504 -')]]"}
COMMAND: POST /session/19c5ed65dbd52b03c8c783813379e291/elements - {"using":"xpath","value":"//li[.//span[contains(text(),'504 -')]]"}
RESULT: {"using":"xpath","value":"//li[.//span[contains(text(),'504 -')]]"}
COMMAND: POST /session/19c5ed65dbd52b03c8c783813379e291/elements - {"using":"xpath","value":"//li[.//span[contains(text(),'504 -')]]"}
RESULT: {"using":"xpath","value":"//li[.//span[contains(text(),'504 -')]]"}
COMMAND: POST /session/19c5ed65dbd52b03c8c783813379e291/elements - {"using":"xpath","value":"//li[.//span[contains(text(),'504 -')]]"}
RESULT: {"using":"xpath","value":"//li[.//span[contains(text(),'504 -')]]"}
COMMAND: POST /session/19c5ed65dbd52b03c8c783813379e291/elements - {"using":"xpath","value":"//li[.//span[contains(text(),'504 -')]]"}
RESULT: {"using":"xpath","value":"//li[.//span[contains(text(),'504 -')]]"}
COMMAND: POST /session/19c5ed65dbd52b03c8c783813379e291/elements - {"using":"xpath","value":"//li[.//span[contains(text(),'504 -')]]"}
RESULT: {"using":"xpath","value":"//li[.//span[contains(text(),'504 -')]]"}
COMMAND: POST /session/19c5ed65dbd52b03c8c783813379e291/elements - {"using":"xpath","value":"//li[.//span[contains(text(),'504 -')]]"}
RESULT: {"using":"xpath","value":"//li[.//span[contains(text(),'504 -')]]"}
COMMAND: POST /session/19c5ed65dbd52b03c8c783813379e291/elements - {"using":"xpath","value":"//li[.//span[contains(text(),'504 -')]]"}
RESULT: {"using":"xpath","value":"//li[.//span[contains(text(),'504 -')]]"}
COMMAND: POST /session/19c5ed65dbd52b03c8c783813379e291/elements - {"using":"xpath","value":"//li[.//span[contains(text(),'504 -')]]"}
RESULT: {"using":"xpath","value":"//li[.//span[contains(text(),'504 -')]]"}
COMMAND: POST /session/19c5ed65dbd52b03c8c783813379e291/elements - {"using":"xpath","value":"//li[.//span[contains(text(),'504 -')]]"}
RESULT: {"using":"xpath","value":"//li[.//span[contains(text(),'504 -')]]"}
COMMAND: POST /session/19c5ed65dbd52b03c8c783813379e291/elements - {"using":"xpath","value":"//li[.//span[contains(text(),'504 -')]]"}
RESULT: {"using":"xpath","value":"//li[.//span[contains(text(),'504 -')]]"}
COMMAND: POST /session/19c5ed65dbd52b03c8c783813379e291/elements - {"using":"xpath","value":"//li[.//span[contains(text(),'504 -')]]"}
RESULT: {"using":"xpath","value":"//li[.//span[contains(text(),'504 -')]]"}
COMMAND: POST /session/19c5ed65dbd52b03c8c783813379e291/elements - {"using":"xpath","value":"//li[.//span[contains(text(),'504 -')]]"}
RESULT: {"using":"xpath","value":"//li[.//span[contains(text(),'504 -')]]"}
COMMAND: POST /session/19c5ed65dbd52b03c8c783813379e291/elements - {"using":"xpath","value":"//li[.//span[contains(text(),'504 -')]]"}
RESULT: {"using":"xpath","value":"//li[.//span[contains(text(),'504 -')]]"}
COMMAND: POST /session/19c5ed65dbd52b03c8c783813379e291/elements - {"using":"xpath","value":"//li[.//span[contains(text(),'504 -')]]"}
RESULT: {"using":"xpath","value":"//li[.//span[contains(text(),'504 -')]]"}
COMMAND: POST /session/19c5ed65dbd52b03c8c783813379e291/elements - {"using":"xpath","value":"//li[.//span[contains(text(),'504 -')]]"}
RESULT: {"using":"xpath","value":"//li[.//span[contains(text(),'504 -')]]"}
COMMAND: POST /session/19c5ed65dbd52b03c8c783813379e291/elements - {"using":"xpath","value":"//li[.//span[contains(text(),'504 -')]]"}
RESULT: {"using":"xpath","value":"//li[.//span[contains(text(),'504 -')]]"}
COMMAND: POST /session/19c5ed65dbd52b03c8c783813379e291/elements - {"using":"xpath","value":"//li[.//span[contains(text(),'504 -')]]"}
RESULT: {"using":"xpath","value":"//li[.//span[contains(text(),'504 -')]]"}
COMMAND: POST /session/19c5ed65dbd52b03c8c783813379e291/elements - {"using":"xpath","value":"//li[.//span[contains(text(),'504 -')]]"}
RESULT: {"using":"xpath","value":"//li[.//span[contains(text(),'504 -')]]"}
COMMAND: POST /session/19c5ed65dbd52b03c8c783813379e291/elements - {"using":"xpath","value":"//li[.//span[contains(text(),'504 -')]]"}
RESULT: {"using":"xpath","value":"//li[.//span[contains(text(),'504 -')]]"}
COMMAND: POST /session/19c5ed65dbd52b03c8c783813379e291/elements - {"using":"xpath","value":"//li[.//span[contains(text(),'504 -')]]"}
RESULT: {"using":"xpath","value":"//li[.//span[contains(text(),'504 -')]]"}
COMMAND: POST /session/19c5ed65dbd52b03c8c783813379e291/elements - {"using":"xpath","value":"//li[.//span[contains(text(),'504 -')]]"}
RESULT: {"using":"xpath","value":"//li[.//span[contains(text(),'504 -')]]"}
COMMAND: POST /session/19c5ed65dbd52b03c8c783813379e291/elements - {"using":"xpath","value":"//li[.//span[contains(text(),'504 -')]]"}
RESULT: {"using":"xpath","value":"//li[.//span[contains(text(),'504 -')]]"}
COMMAND: POST /session/19c5ed65dbd52b03c8c783813379e291/elements - {"using":"xpath","value":"//li[.//span[contains(text(),'504 -')]]"}
RESULT: {"using":"xpath","value":"//li[.//span[contains(text(),'504 -')]]"}
COMMAND: POST /session/19c5ed65dbd52b03c8c783813379e291/elements - {"using":"xpath","value":"//li[.//span[contains(text(),'504 -')]]"}
RESULT: {"using":"xpath","value":"//li[.//span[contains(text(),'504 -')]]"}
COMMAND: POST /session/19c5ed65dbd52b03c8c783813379e291/elements - {"using":"xpath","value":"//li[.//span[contains(text(),'504 -')]]"}
RESULT: {"using":"xpath","value":"//li[.//span[contains(text(),'504 -')]]"}
COMMAND: POST /session/19c5ed65dbd52b03c8c783813379e291/elements - {"using":"xpath","value":"//li[.//span[contains(text(),'504 -')]]"}
RESULT: {"using":"xpath","value":"//li[.//span[contains(text(),'504 -')]]"}
COMMAND: POST /session/19c5ed65dbd52b03c8c783813379e291/elements - {"using":"xpath","value":"//li[.//span[contains(text(),'504 -')]]"}
RESULT: {"using":"xpath","value":"//li[.//span[contains(text(),'504 -')]]"}
COMMAND: POST /session/19c5ed65dbd52b03c8c783813379e291/elements - {"using":"xpath","value":"//li[.//span[contains(text(),'504 -')]]"}
RESULT: {"using":"xpath","value":"//li[.//span[contains(text(),'504 -')]]"}
COMMAND: POST /session/19c5ed65dbd52b03c8c783813379e291/elements - {"using":"xpath","value":"//li[.//span[contains(text(),'504 -')]]"}
RESULT: {"using":"xpath","value":"//li[.//span[contains(text(),'504 -')]]"}
COMMAND: POST /session/19c5ed65dbd52b03c8c783813379e291/elements - {"using":"xpath","value":"//li[.//span[contains(text(),'504 -')]]"}
RESULT: {"using":"xpath","value":"//li[.//span[contains(text(),'504 -')]]"}
COMMAND: POST /session/19c5ed65dbd52b03c8c783813379e291/elements - {"using":"xpath","value":"//li[.//span[contains(text(),'504 -')]]"}
RESULT: {"using":"xpath","value":"//li[.//span[contains(text(),'504 -')]]"}
COMMAND: POST /session/19c5ed65dbd52b03c8c783813379e291/elements - {"using":"xpath","value":"//li[.//span[contains(text(),'504 -')]]"}
RESULT: {"using":"xpath","value":"//li[.//span[contains(text(),'504 -')]]"}
COMMAND: POST /session/19c5ed65dbd52b03c8c783813379e291/elements - {"using":"xpath","value":"//li[.//span[contains(text(),'504 -')]]"}
RESULT: {"using":"xpath","value":"//li[.//span[contains(text(),'504 -')]]"}
COMMAND: POST /session/19c5ed65dbd52b03c8c783813379e291/elements - {"using":"xpath","value":"//li[.//span[contains(text(),'504 -')]]"}
RESULT: {"using":"xpath","value":"//li[.//span[contains(text(),'504 -')]]"}
COMMAND: POST /session/19c5ed65dbd52b03c8c783813379e291/elements - {"using":"xpath","value":"//li[.//span[contains(text(),'504 -')]]"}
RESULT: {"using":"xpath","value":"//li[.//span[contains(text(),'504 -')]]"}
COMMAND: POST /session/19c5ed65dbd52b03c8c783813379e291/elements - {"using":"xpath","value":"//li[.//span[contains(text(),'504 -')]]"}
RESULT: {"using":"xpath","value":"//li[.//span[contains(text(),'504 -')]]"}
COMMAND: POST /session/19c5ed65dbd52b03c8c783813379e291/elements - {"using":"xpath","value":"//li[.//span[contains(text(),'504 -')]]"}
RESULT: {"using":"xpath","value":"//li[.//span[contains(text(),'504 -')]]"}
COMMAND: POST /session/19c5ed65dbd52b03c8c783813379e291/elements - {"using":"xpath","value":"//li[.//span[contains(text(),'504 -')]]"}
RESULT: {"using":"xpath","value":"//li[.//span[contains(text(),'504 -')]]"}
COMMAND: POST /session/19c5ed65dbd52b03c8c783813379e291/elements - {"using":"xpath","value":"//li[.//span[contains(text(),'504 -')]]"}
RESULT: {"using":"xpath","value":"//li[.//span[contains(text(),'504 -')]]"}
COMMAND: POST /session/19c5ed65dbd52b03c8c783813379e291/elements - {"using":"xpath","value":"//li[.//span[contains(text(),'504 -')]]"}
RESULT: {"using":"xpath","value":"//li[.//span[contains(text(),'504 -')]]"}
COMMAND: POST /session/19c5ed65dbd52b03c8c783813379e291/elements - {"using":"xpath","value":"//li[.//span[contains(text(),'504 -')]]"}
RESULT: {"using":"xpath","value":"//li[.//span[contains(text(),'504 -')]]"}
COMMAND: POST /session/19c5ed65dbd52b03c8c783813379e291/elements - {"using":"xpath","value":"//li[.//span[contains(text(),'504 -')]]"}
RESULT: {"using":"xpath","value":"//li[.//span[contains(text(),'504 -')]]"}
COMMAND: POST /session/19c5ed65dbd52b03c8c783813379e291/elements - {"using":"xpath","value":"//li[.//span[contains(text(),'504 -')]]"}
RESULT: {"using":"xpath","value":"//li[.//span[contains(text(),'504 -')]]"}
COMMAND: POST /session/19c5ed65dbd52b03c8c783813379e291/elements - {"using":"xpath","value":"//li[.//span[contains(text(),'504 -')]]"}
RESULT: {"using":"xpath","value":"//li[.//span[contains(text(),'504 -')]]"}
COMMAND: POST /session/19c5ed65dbd52b03c8c783813379e291/elements - {"using":"xpath","value":"//li[.//span[contains(text(),'504 -')]]"}
RESULT: {"using":"xpath","value":"//li[.//span[contains(text(),'504 -')]]"}
COMMAND: POST /session/19c5ed65dbd52b03c8c783813379e291/elements - {"using":"xpath","value":"//li[.//span[contains(text(),'504 -')]]"}
RESULT: {"using":"xpath","value":"//li[.//span[contains(text(),'504 -')]]"}
COMMAND: POST /session/19c5ed65dbd52b03c8c783813379e291/elements - {"using":"xpath","value":"//li[.//span[contains(text(),'504 -')]]"}
RESULT: {"using":"xpath","value":"//li[.//span[contains(text(),'504 -')]]"}
COMMAND: POST /session/19c5ed65dbd52b03c8c783813379e291/elements - {"using":"xpath","value":"//li[.//span[contains(text(),'504 -')]]"}
RESULT: {"using":"xpath","value":"//li[.//span[contains(text(),'504 -')]]"}
COMMAND: POST /session/19c5ed65dbd52b03c8c783813379e291/elements - {"using":"xpath","value":"//li[.//span[contains(text(),'504 -')]]"}
RESULT: {"using":"xpath","value":"//li[.//span[contains(text(),'504 -')]]"}
COMMAND: POST /session/19c5ed65dbd52b03c8c783813379e291/elements - {"using":"xpath","value":"//li[.//span[contains(text(),'504 -')]]"}
RESULT: {"using":"xpath","value":"//li[.//span[contains(text(),'504 -')]]"}
COMMAND: POST /session/19c5ed65dbd52b03c8c783813379e291/elements - {"using":"xpath","value":"//li[.//span[contains(text(),'504 -')]]"}
RESULT: {"using":"xpath","value":"//li[.//span[contains(text(),'504 -')]]"}
COMMAND: POST /session/19c5ed65dbd52b03c8c783813379e291/elements - {"using":"xpath","value":"//li[.//span[contains(text(),'504 -')]]"}
RESULT: {"using":"xpath","value":"//li[.//span[contains(text(),'504 -')]]"}
COMMAND: POST /session/19c5ed65dbd52b03c8c783813379e291/elements - {"using":"xpath","value":"//li[.//span[contains(text(),'504 -')]]"}
RESULT: {"using":"xpath","value":"//li[.//span[contains(text(),'504 -')]]"}
COMMAND: POST /session/19c5ed65dbd52b03c8c783813379e291/elements - {"using":"xpath","value":"//li[.//span[contains(text(),'504 -')]]"}
RESULT: {"using":"xpath","value":"//li[.//span[contains(text(),'504 -')]]"}
COMMAND: POST /session/19c5ed65dbd52b03c8c783813379e291/elements - {"using":"xpath","value":"//li[.//span[contains(text(),'504 -')]]"}
RESULT: {"using":"xpath","value":"//li[.//span[contains(text(),'504 -')]]"}
COMMAND: POST /session/19c5ed65dbd52b03c8c783813379e291/elements - {"using":"xpath","value":"//li[.//span[contains(text(),'504 -')]]"}
RESULT: {"using":"xpath","value":"//li[.//span[contains(text(),'504 -')]]"}
COMMAND: POST /session/19c5ed65dbd52b03c8c783813379e291/elements - {"using":"xpath","value":"//li[.//span[contains(text(),'504 -')]]"}
RESULT: {"using":"xpath","value":"//li[.//span[contains(text(),'504 -')]]"}
COMMAND: POST /session/19c5ed65dbd52b03c8c783813379e291/elements - {"using":"xpath","value":"//li[.//span[contains(text(),'504 -')]]"}
RESULT: {"using":"xpath","value":"//li[.//span[contains(text(),'504 -')]]"}
COMMAND: POST /session/19c5ed65dbd52b03c8c783813379e291/elements - {"using":"xpath","value":"//li[.//span[contains(text(),'504 -')]]"}
RESULT: {"using":"xpath","value":"//li[.//span[contains(text(),'504 -')]]"}
COMMAND: POST /session/19c5ed65dbd52b03c8c783813379e291/elements - {"using":"xpath","value":"//li[.//span[contains(text(),'504 -')]]"}
RESULT: {"using":"xpath","value":"//li[.//span[contains(text(),'504 -')]]"}
COMMAND: POST /session/19c5ed65dbd52b03c8c783813379e291/elements - {"using":"xpath","value":"//li[.//span[contains(text(),'504 -')]]"}
RESULT: {"using":"xpath","value":"//li[.//span[contains(text(),'504 -')]]"}
COMMAND: POST /session/19c5ed65dbd52b03c8c783813379e291/elements - {"using":"xpath","value":"//li[.//span[contains(text(),'504 -')]]"}
RESULT: {"using":"xpath","value":"//li[.//span[contains(text(),'504 -')]]"}
COMMAND: POST /session/19c5ed65dbd52b03c8c783813379e291/elements - {"using":"xpath","value":"//li[.//span[contains(text(),'504 -')]]"}
RESULT: {"using":"xpath","value":"//li[.//span[contains(text(),'504 -')]]"}
COMMAND: POST /session/19c5ed65dbd52b03c8c783813379e291/elements - {"using":"xpath","value":"//li[.//span[contains(text(),'504 -')]]"}
RESULT: {"using":"xpath","value":"//li[.//span[contains(text(),'504 -')]]"}
COMMAND: POST /session/19c5ed65dbd52b03c8c783813379e291/elements - {"using":"xpath","value":"//li[.//span[contains(text(),'504 -')]]"}
RESULT: {"using":"xpath","value":"//li[.//span[contains(text(),'504 -')]]"}
COMMAND: POST /session/19c5ed65dbd52b03c8c783813379e291/elements - {"using":"xpath","value":"//li[.//span[contains(text(),'504 -')]]"}
RESULT: {"using":"xpath","value":"//li[.//span[contains(text(),'504 -')]]"}
COMMAND: POST /session/19c5ed65dbd52b03c8c783813379e291/elements - {"using":"xpath","value":"//li[.//span[contains(text(),'504 -')]]"}
RESULT: {"using":"xpath","value":"//li[.//span[contains(text(),'504 -')]]"}
COMMAND: POST /session/19c5ed65dbd52b03c8c783813379e291/elements - {"using":"xpath","value":"//li[.//span[contains(text(),'504 -')]]"}
RESULT: {"using":"xpath","value":"//li[.//span[contains(text(),'504 -')]]"}
COMMAND: POST /session/19c5ed65dbd52b03c8c783813379e291/elements - {"using":"xpath","value":"//li[.//span[contains(text(),'504 -')]]"}
RESULT: {"using":"xpath","value":"//li[.//span[contains(text(),'504 -')]]"}
COMMAND: POST /session/19c5ed65dbd52b03c8c783813379e291/elements - {"using":"xpath","value":"//li[.//span[contains(text(),'504 -')]]"}
RESULT: {"using":"xpath","value":"//li[.//span[contains(text(),'504 -')]]"}
COMMAND: POST /session/19c5ed65dbd52b03c8c783813379e291/elements - {"using":"xpath","value":"//li[.//span[contains(text(),'504 -')]]"}
RESULT: {"using":"xpath","value":"//li[.//span[contains(text(),'504 -')]]"}
COMMAND: POST /session/19c5ed65dbd52b03c8c783813379e291/elements - {"using":"xpath","value":"//li[.//span[contains(text(),'504 -')]]"}
RESULT: {"using":"xpath","value":"//li[.//span[contains(text(),'504 -')]]"}
COMMAND: POST /session/19c5ed65dbd52b03c8c783813379e291/elements - {"using":"xpath","value":"//li[.//span[contains(text(),'504 -')]]"}
RESULT: {"using":"xpath","value":"//li[.//span[contains(text(),'504 -')]]"}
COMMAND: POST /session/19c5ed65dbd52b03c8c783813379e291/elements - {"using":"xpath","value":"//li[.//span[contains(text(),'504 -')]]"}
RESULT: {"using":"xpath","value":"//li[.//span[contains(text(),'504 -')]]"}
COMMAND: POST /session/19c5ed65dbd52b03c8c783813379e291/elements - {"using":"xpath","value":"//li[.//span[contains(text(),'504 -')]]"}
RESULT: {"using":"xpath","value":"//li[.//span[contains(text(),'504 -')]]"}
COMMAND: POST /session/19c5ed65dbd52b03c8c783813379e291/elements - {"using":"xpath","value":"//li[.//span[contains(text(),'504 -')]]"}
RESULT: {"using":"xpath","value":"//li[.//span[contains(text(),'504 -')]]"}
COMMAND: POST /session/19c5ed65dbd52b03c8c783813379e291/elements - {"using":"xpath","value":"//li[.//span[contains(text(),'504 -')]]"}
COMMAND: GET /session/19c5ed65dbd52b03c8c783813379e291/screenshot - {}
RESULT: {"using":"xpath","value":"//li[.//span[contains(text(),'504 -')]]"}
RESULT: {}
]]></system-out>
      <system-err><![CDATA[
Error: Can't call click on element with selector "//li[.//span[contains(text(),'504 -')]]" because element wasn't found
    at async UtilsPrerequisites.stockIncrease (D:\a\1\s\test\specs\BTS\prerequisites-and-utils-functions.js:1638:9)
    at async Context.<anonymous> (D:\a\1\s\test\specs\BTS\billing-calculation-transp-times.spec.js:57:9)
]]></system-err>
    </testcase>
    <testcase classname="chrome.136_0_7103_93.windows.Billing_Calculation_-_Time_based_(considering_transport_times)_US139738" name="Should create a new contract" time="60.8">
      <failure/>
      <error message="element (&quot;//button[@data-kt=&quot;addButton&quot;]&quot;) still not existing after 45000ms"/>
      <system-out><![CDATA[
COMMAND: GET /session/19c5ed65dbd52b03c8c783813379e291/screenshot - {}
COMMAND: POST /session/19c5ed65dbd52b03c8c783813379e291/execute/async - {"script":"<script> [1562 bytes]","args":[{"selector":{"controlType":"sap.m.GenericTile","properties":{"header":"Manage Contracts"}},"wdio_ui5_key":"sapm.GenericTile{\"header\":\"Manage Contracts\"}"}]}
RESULT: {}
RESULT: {"script":"<script> [1562 bytes]","args":[{"selector":{"controlType":"sap.m.GenericTile","properties":{"header":"Manage Contracts"}},"wdio_ui5_key":"sapm.GenericTile{\"header\":\"Manage Contracts\"}"}]}
RESULT: undefined
COMMAND: POST /session/19c5ed65dbd52b03c8c783813379e291/elements - {"using":"xpath","value":"//span[text()='Error']"}
RESULT: {"using":"xpath","value":"//span[text()='Error']"}
COMMAND: POST /session/19c5ed65dbd52b03c8c783813379e291/element - {"using":"xpath","value":"//button[@data-kt=\"addButton\"]"}
RESULT: {"using":"xpath","value":"//button[@data-kt=\"addButton\"]"}
COMMAND: POST /session/19c5ed65dbd52b03c8c783813379e291/elements - {"using":"xpath","value":"//button[@data-kt=\"addButton\"]"}
RESULT: {"using":"xpath","value":"//button[@data-kt=\"addButton\"]"}
COMMAND: POST /session/19c5ed65dbd52b03c8c783813379e291/elements - {"using":"xpath","value":"//button[@data-kt=\"addButton\"]"}
RESULT: {"using":"xpath","value":"//button[@data-kt=\"addButton\"]"}
COMMAND: POST /session/19c5ed65dbd52b03c8c783813379e291/elements - {"using":"xpath","value":"//button[@data-kt=\"addButton\"]"}
RESULT: {"using":"xpath","value":"//button[@data-kt=\"addButton\"]"}
COMMAND: POST /session/19c5ed65dbd52b03c8c783813379e291/elements - {"using":"xpath","value":"//button[@data-kt=\"addButton\"]"}
RESULT: {"using":"xpath","value":"//button[@data-kt=\"addButton\"]"}
COMMAND: POST /session/19c5ed65dbd52b03c8c783813379e291/elements - {"using":"xpath","value":"//button[@data-kt=\"addButton\"]"}
RESULT: {"using":"xpath","value":"//button[@data-kt=\"addButton\"]"}
COMMAND: POST /session/19c5ed65dbd52b03c8c783813379e291/elements - {"using":"xpath","value":"//button[@data-kt=\"addButton\"]"}
RESULT: {"using":"xpath","value":"//button[@data-kt=\"addButton\"]"}
COMMAND: POST /session/19c5ed65dbd52b03c8c783813379e291/elements - {"using":"xpath","value":"//button[@data-kt=\"addButton\"]"}
RESULT: {"using":"xpath","value":"//button[@data-kt=\"addButton\"]"}
COMMAND: POST /session/19c5ed65dbd52b03c8c783813379e291/elements - {"using":"xpath","value":"//button[@data-kt=\"addButton\"]"}
RESULT: {"using":"xpath","value":"//button[@data-kt=\"addButton\"]"}
COMMAND: POST /session/19c5ed65dbd52b03c8c783813379e291/elements - {"using":"xpath","value":"//button[@data-kt=\"addButton\"]"}
RESULT: {"using":"xpath","value":"//button[@data-kt=\"addButton\"]"}
COMMAND: POST /session/19c5ed65dbd52b03c8c783813379e291/elements - {"using":"xpath","value":"//button[@data-kt=\"addButton\"]"}
RESULT: {"using":"xpath","value":"//button[@data-kt=\"addButton\"]"}
COMMAND: POST /session/19c5ed65dbd52b03c8c783813379e291/elements - {"using":"xpath","value":"//button[@data-kt=\"addButton\"]"}
RESULT: {"using":"xpath","value":"//button[@data-kt=\"addButton\"]"}
COMMAND: POST /session/19c5ed65dbd52b03c8c783813379e291/elements - {"using":"xpath","value":"//button[@data-kt=\"addButton\"]"}
RESULT: {"using":"xpath","value":"//button[@data-kt=\"addButton\"]"}
COMMAND: POST /session/19c5ed65dbd52b03c8c783813379e291/elements - {"using":"xpath","value":"//button[@data-kt=\"addButton\"]"}
RESULT: {"using":"xpath","value":"//button[@data-kt=\"addButton\"]"}
COMMAND: POST /session/19c5ed65dbd52b03c8c783813379e291/elements - {"using":"xpath","value":"//button[@data-kt=\"addButton\"]"}
RESULT: {"using":"xpath","value":"//button[@data-kt=\"addButton\"]"}
COMMAND: POST /session/19c5ed65dbd52b03c8c783813379e291/elements - {"using":"xpath","value":"//button[@data-kt=\"addButton\"]"}
RESULT: {"using":"xpath","value":"//button[@data-kt=\"addButton\"]"}
COMMAND: POST /session/19c5ed65dbd52b03c8c783813379e291/elements - {"using":"xpath","value":"//button[@data-kt=\"addButton\"]"}
RESULT: {"using":"xpath","value":"//button[@data-kt=\"addButton\"]"}
COMMAND: POST /session/19c5ed65dbd52b03c8c783813379e291/elements - {"using":"xpath","value":"//button[@data-kt=\"addButton\"]"}
RESULT: {"using":"xpath","value":"//button[@data-kt=\"addButton\"]"}
COMMAND: POST /session/19c5ed65dbd52b03c8c783813379e291/elements - {"using":"xpath","value":"//button[@data-kt=\"addButton\"]"}
RESULT: {"using":"xpath","value":"//button[@data-kt=\"addButton\"]"}
COMMAND: POST /session/19c5ed65dbd52b03c8c783813379e291/elements - {"using":"xpath","value":"//button[@data-kt=\"addButton\"]"}
RESULT: {"using":"xpath","value":"//button[@data-kt=\"addButton\"]"}
COMMAND: POST /session/19c5ed65dbd52b03c8c783813379e291/elements - {"using":"xpath","value":"//button[@data-kt=\"addButton\"]"}
RESULT: {"using":"xpath","value":"//button[@data-kt=\"addButton\"]"}
COMMAND: POST /session/19c5ed65dbd52b03c8c783813379e291/elements - {"using":"xpath","value":"//button[@data-kt=\"addButton\"]"}
RESULT: {"using":"xpath","value":"//button[@data-kt=\"addButton\"]"}
COMMAND: POST /session/19c5ed65dbd52b03c8c783813379e291/elements - {"using":"xpath","value":"//button[@data-kt=\"addButton\"]"}
RESULT: {"using":"xpath","value":"//button[@data-kt=\"addButton\"]"}
COMMAND: POST /session/19c5ed65dbd52b03c8c783813379e291/elements - {"using":"xpath","value":"//button[@data-kt=\"addButton\"]"}
RESULT: {"using":"xpath","value":"//button[@data-kt=\"addButton\"]"}
COMMAND: POST /session/19c5ed65dbd52b03c8c783813379e291/elements - {"using":"xpath","value":"//button[@data-kt=\"addButton\"]"}
RESULT: {"using":"xpath","value":"//button[@data-kt=\"addButton\"]"}
COMMAND: POST /session/19c5ed65dbd52b03c8c783813379e291/elements - {"using":"xpath","value":"//button[@data-kt=\"addButton\"]"}
RESULT: {"using":"xpath","value":"//button[@data-kt=\"addButton\"]"}
COMMAND: POST /session/19c5ed65dbd52b03c8c783813379e291/elements - {"using":"xpath","value":"//button[@data-kt=\"addButton\"]"}
RESULT: {"using":"xpath","value":"//button[@data-kt=\"addButton\"]"}
COMMAND: POST /session/19c5ed65dbd52b03c8c783813379e291/elements - {"using":"xpath","value":"//button[@data-kt=\"addButton\"]"}
RESULT: {"using":"xpath","value":"//button[@data-kt=\"addButton\"]"}
COMMAND: POST /session/19c5ed65dbd52b03c8c783813379e291/elements - {"using":"xpath","value":"//button[@data-kt=\"addButton\"]"}
RESULT: {"using":"xpath","value":"//button[@data-kt=\"addButton\"]"}
COMMAND: POST /session/19c5ed65dbd52b03c8c783813379e291/elements - {"using":"xpath","value":"//button[@data-kt=\"addButton\"]"}
RESULT: {"using":"xpath","value":"//button[@data-kt=\"addButton\"]"}
COMMAND: POST /session/19c5ed65dbd52b03c8c783813379e291/elements - {"using":"xpath","value":"//button[@data-kt=\"addButton\"]"}
RESULT: {"using":"xpath","value":"//button[@data-kt=\"addButton\"]"}
COMMAND: POST /session/19c5ed65dbd52b03c8c783813379e291/elements - {"using":"xpath","value":"//button[@data-kt=\"addButton\"]"}
RESULT: {"using":"xpath","value":"//button[@data-kt=\"addButton\"]"}
COMMAND: POST /session/19c5ed65dbd52b03c8c783813379e291/elements - {"using":"xpath","value":"//button[@data-kt=\"addButton\"]"}
RESULT: {"using":"xpath","value":"//button[@data-kt=\"addButton\"]"}
COMMAND: POST /session/19c5ed65dbd52b03c8c783813379e291/elements - {"using":"xpath","value":"//button[@data-kt=\"addButton\"]"}
RESULT: {"using":"xpath","value":"//button[@data-kt=\"addButton\"]"}
COMMAND: POST /session/19c5ed65dbd52b03c8c783813379e291/elements - {"using":"xpath","value":"//button[@data-kt=\"addButton\"]"}
RESULT: {"using":"xpath","value":"//button[@data-kt=\"addButton\"]"}
COMMAND: POST /session/19c5ed65dbd52b03c8c783813379e291/elements - {"using":"xpath","value":"//button[@data-kt=\"addButton\"]"}
RESULT: {"using":"xpath","value":"//button[@data-kt=\"addButton\"]"}
COMMAND: POST /session/19c5ed65dbd52b03c8c783813379e291/elements - {"using":"xpath","value":"//button[@data-kt=\"addButton\"]"}
RESULT: {"using":"xpath","value":"//button[@data-kt=\"addButton\"]"}
COMMAND: POST /session/19c5ed65dbd52b03c8c783813379e291/elements - {"using":"xpath","value":"//button[@data-kt=\"addButton\"]"}
RESULT: {"using":"xpath","value":"//button[@data-kt=\"addButton\"]"}
COMMAND: POST /session/19c5ed65dbd52b03c8c783813379e291/elements - {"using":"xpath","value":"//button[@data-kt=\"addButton\"]"}
RESULT: {"using":"xpath","value":"//button[@data-kt=\"addButton\"]"}
COMMAND: POST /session/19c5ed65dbd52b03c8c783813379e291/elements - {"using":"xpath","value":"//button[@data-kt=\"addButton\"]"}
RESULT: {"using":"xpath","value":"//button[@data-kt=\"addButton\"]"}
COMMAND: POST /session/19c5ed65dbd52b03c8c783813379e291/elements - {"using":"xpath","value":"//button[@data-kt=\"addButton\"]"}
RESULT: {"using":"xpath","value":"//button[@data-kt=\"addButton\"]"}
COMMAND: POST /session/19c5ed65dbd52b03c8c783813379e291/elements - {"using":"xpath","value":"//button[@data-kt=\"addButton\"]"}
RESULT: {"using":"xpath","value":"//button[@data-kt=\"addButton\"]"}
COMMAND: POST /session/19c5ed65dbd52b03c8c783813379e291/elements - {"using":"xpath","value":"//button[@data-kt=\"addButton\"]"}
RESULT: {"using":"xpath","value":"//button[@data-kt=\"addButton\"]"}
COMMAND: POST /session/19c5ed65dbd52b03c8c783813379e291/elements - {"using":"xpath","value":"//button[@data-kt=\"addButton\"]"}
RESULT: {"using":"xpath","value":"//button[@data-kt=\"addButton\"]"}
COMMAND: POST /session/19c5ed65dbd52b03c8c783813379e291/elements - {"using":"xpath","value":"//button[@data-kt=\"addButton\"]"}
RESULT: {"using":"xpath","value":"//button[@data-kt=\"addButton\"]"}
COMMAND: POST /session/19c5ed65dbd52b03c8c783813379e291/elements - {"using":"xpath","value":"//button[@data-kt=\"addButton\"]"}
RESULT: {"using":"xpath","value":"//button[@data-kt=\"addButton\"]"}
COMMAND: POST /session/19c5ed65dbd52b03c8c783813379e291/elements - {"using":"xpath","value":"//button[@data-kt=\"addButton\"]"}
RESULT: {"using":"xpath","value":"//button[@data-kt=\"addButton\"]"}
COMMAND: POST /session/19c5ed65dbd52b03c8c783813379e291/elements - {"using":"xpath","value":"//button[@data-kt=\"addButton\"]"}
RESULT: {"using":"xpath","value":"//button[@data-kt=\"addButton\"]"}
COMMAND: POST /session/19c5ed65dbd52b03c8c783813379e291/elements - {"using":"xpath","value":"//button[@data-kt=\"addButton\"]"}
RESULT: {"using":"xpath","value":"//button[@data-kt=\"addButton\"]"}
COMMAND: POST /session/19c5ed65dbd52b03c8c783813379e291/elements - {"using":"xpath","value":"//button[@data-kt=\"addButton\"]"}
RESULT: {"using":"xpath","value":"//button[@data-kt=\"addButton\"]"}
COMMAND: POST /session/19c5ed65dbd52b03c8c783813379e291/elements - {"using":"xpath","value":"//button[@data-kt=\"addButton\"]"}
RESULT: {"using":"xpath","value":"//button[@data-kt=\"addButton\"]"}
COMMAND: POST /session/19c5ed65dbd52b03c8c783813379e291/elements - {"using":"xpath","value":"//button[@data-kt=\"addButton\"]"}
RESULT: {"using":"xpath","value":"//button[@data-kt=\"addButton\"]"}
COMMAND: POST /session/19c5ed65dbd52b03c8c783813379e291/elements - {"using":"xpath","value":"//button[@data-kt=\"addButton\"]"}
RESULT: {"using":"xpath","value":"//button[@data-kt=\"addButton\"]"}
COMMAND: POST /session/19c5ed65dbd52b03c8c783813379e291/elements - {"using":"xpath","value":"//button[@data-kt=\"addButton\"]"}
RESULT: {"using":"xpath","value":"//button[@data-kt=\"addButton\"]"}
COMMAND: POST /session/19c5ed65dbd52b03c8c783813379e291/elements - {"using":"xpath","value":"//button[@data-kt=\"addButton\"]"}
RESULT: {"using":"xpath","value":"//button[@data-kt=\"addButton\"]"}
COMMAND: POST /session/19c5ed65dbd52b03c8c783813379e291/elements - {"using":"xpath","value":"//button[@data-kt=\"addButton\"]"}
RESULT: {"using":"xpath","value":"//button[@data-kt=\"addButton\"]"}
COMMAND: POST /session/19c5ed65dbd52b03c8c783813379e291/elements - {"using":"xpath","value":"//button[@data-kt=\"addButton\"]"}
RESULT: {"using":"xpath","value":"//button[@data-kt=\"addButton\"]"}
COMMAND: POST /session/19c5ed65dbd52b03c8c783813379e291/elements - {"using":"xpath","value":"//button[@data-kt=\"addButton\"]"}
RESULT: {"using":"xpath","value":"//button[@data-kt=\"addButton\"]"}
COMMAND: POST /session/19c5ed65dbd52b03c8c783813379e291/elements - {"using":"xpath","value":"//button[@data-kt=\"addButton\"]"}
RESULT: {"using":"xpath","value":"//button[@data-kt=\"addButton\"]"}
COMMAND: POST /session/19c5ed65dbd52b03c8c783813379e291/elements - {"using":"xpath","value":"//button[@data-kt=\"addButton\"]"}
RESULT: {"using":"xpath","value":"//button[@data-kt=\"addButton\"]"}
COMMAND: POST /session/19c5ed65dbd52b03c8c783813379e291/elements - {"using":"xpath","value":"//button[@data-kt=\"addButton\"]"}
RESULT: {"using":"xpath","value":"//button[@data-kt=\"addButton\"]"}
COMMAND: POST /session/19c5ed65dbd52b03c8c783813379e291/elements - {"using":"xpath","value":"//button[@data-kt=\"addButton\"]"}
RESULT: {"using":"xpath","value":"//button[@data-kt=\"addButton\"]"}
COMMAND: POST /session/19c5ed65dbd52b03c8c783813379e291/elements - {"using":"xpath","value":"//button[@data-kt=\"addButton\"]"}
RESULT: {"using":"xpath","value":"//button[@data-kt=\"addButton\"]"}
COMMAND: POST /session/19c5ed65dbd52b03c8c783813379e291/elements - {"using":"xpath","value":"//button[@data-kt=\"addButton\"]"}
RESULT: {"using":"xpath","value":"//button[@data-kt=\"addButton\"]"}
COMMAND: POST /session/19c5ed65dbd52b03c8c783813379e291/elements - {"using":"xpath","value":"//button[@data-kt=\"addButton\"]"}
RESULT: {"using":"xpath","value":"//button[@data-kt=\"addButton\"]"}
COMMAND: POST /session/19c5ed65dbd52b03c8c783813379e291/elements - {"using":"xpath","value":"//button[@data-kt=\"addButton\"]"}
RESULT: {"using":"xpath","value":"//button[@data-kt=\"addButton\"]"}
COMMAND: POST /session/19c5ed65dbd52b03c8c783813379e291/elements - {"using":"xpath","value":"//button[@data-kt=\"addButton\"]"}
RESULT: {"using":"xpath","value":"//button[@data-kt=\"addButton\"]"}
COMMAND: POST /session/19c5ed65dbd52b03c8c783813379e291/elements - {"using":"xpath","value":"//button[@data-kt=\"addButton\"]"}
RESULT: {"using":"xpath","value":"//button[@data-kt=\"addButton\"]"}
COMMAND: POST /session/19c5ed65dbd52b03c8c783813379e291/elements - {"using":"xpath","value":"//button[@data-kt=\"addButton\"]"}
RESULT: {"using":"xpath","value":"//button[@data-kt=\"addButton\"]"}
COMMAND: POST /session/19c5ed65dbd52b03c8c783813379e291/elements - {"using":"xpath","value":"//button[@data-kt=\"addButton\"]"}
RESULT: {"using":"xpath","value":"//button[@data-kt=\"addButton\"]"}
COMMAND: POST /session/19c5ed65dbd52b03c8c783813379e291/elements - {"using":"xpath","value":"//button[@data-kt=\"addButton\"]"}
RESULT: {"using":"xpath","value":"//button[@data-kt=\"addButton\"]"}
COMMAND: POST /session/19c5ed65dbd52b03c8c783813379e291/elements - {"using":"xpath","value":"//button[@data-kt=\"addButton\"]"}
RESULT: {"using":"xpath","value":"//button[@data-kt=\"addButton\"]"}
COMMAND: POST /session/19c5ed65dbd52b03c8c783813379e291/elements - {"using":"xpath","value":"//button[@data-kt=\"addButton\"]"}
RESULT: {"using":"xpath","value":"//button[@data-kt=\"addButton\"]"}
COMMAND: POST /session/19c5ed65dbd52b03c8c783813379e291/elements - {"using":"xpath","value":"//button[@data-kt=\"addButton\"]"}
RESULT: {"using":"xpath","value":"//button[@data-kt=\"addButton\"]"}
COMMAND: POST /session/19c5ed65dbd52b03c8c783813379e291/elements - {"using":"xpath","value":"//button[@data-kt=\"addButton\"]"}
RESULT: {"using":"xpath","value":"//button[@data-kt=\"addButton\"]"}
COMMAND: POST /session/19c5ed65dbd52b03c8c783813379e291/elements - {"using":"xpath","value":"//button[@data-kt=\"addButton\"]"}
RESULT: {"using":"xpath","value":"//button[@data-kt=\"addButton\"]"}
COMMAND: POST /session/19c5ed65dbd52b03c8c783813379e291/elements - {"using":"xpath","value":"//button[@data-kt=\"addButton\"]"}
RESULT: {"using":"xpath","value":"//button[@data-kt=\"addButton\"]"}
COMMAND: POST /session/19c5ed65dbd52b03c8c783813379e291/elements - {"using":"xpath","value":"//button[@data-kt=\"addButton\"]"}
RESULT: {"using":"xpath","value":"//button[@data-kt=\"addButton\"]"}
COMMAND: POST /session/19c5ed65dbd52b03c8c783813379e291/elements - {"using":"xpath","value":"//button[@data-kt=\"addButton\"]"}
RESULT: {"using":"xpath","value":"//button[@data-kt=\"addButton\"]"}
COMMAND: POST /session/19c5ed65dbd52b03c8c783813379e291/elements - {"using":"xpath","value":"//button[@data-kt=\"addButton\"]"}
RESULT: {"using":"xpath","value":"//button[@data-kt=\"addButton\"]"}
COMMAND: POST /session/19c5ed65dbd52b03c8c783813379e291/elements - {"using":"xpath","value":"//button[@data-kt=\"addButton\"]"}
RESULT: {"using":"xpath","value":"//button[@data-kt=\"addButton\"]"}
COMMAND: POST /session/19c5ed65dbd52b03c8c783813379e291/elements - {"using":"xpath","value":"//button[@data-kt=\"addButton\"]"}
RESULT: {"using":"xpath","value":"//button[@data-kt=\"addButton\"]"}
COMMAND: POST /session/19c5ed65dbd52b03c8c783813379e291/elements - {"using":"xpath","value":"//button[@data-kt=\"addButton\"]"}
RESULT: {"using":"xpath","value":"//button[@data-kt=\"addButton\"]"}
COMMAND: POST /session/19c5ed65dbd52b03c8c783813379e291/elements - {"using":"xpath","value":"//button[@data-kt=\"addButton\"]"}
RESULT: {"using":"xpath","value":"//button[@data-kt=\"addButton\"]"}
COMMAND: POST /session/19c5ed65dbd52b03c8c783813379e291/elements - {"using":"xpath","value":"//button[@data-kt=\"addButton\"]"}
RESULT: {"using":"xpath","value":"//button[@data-kt=\"addButton\"]"}
COMMAND: POST /session/19c5ed65dbd52b03c8c783813379e291/elements - {"using":"xpath","value":"//button[@data-kt=\"addButton\"]"}
RESULT: {"using":"xpath","value":"//button[@data-kt=\"addButton\"]"}
COMMAND: POST /session/19c5ed65dbd52b03c8c783813379e291/elements - {"using":"xpath","value":"//button[@data-kt=\"addButton\"]"}
RESULT: {"using":"xpath","value":"//button[@data-kt=\"addButton\"]"}
COMMAND: POST /session/19c5ed65dbd52b03c8c783813379e291/elements - {"using":"xpath","value":"//button[@data-kt=\"addButton\"]"}
RESULT: {"using":"xpath","value":"//button[@data-kt=\"addButton\"]"}
COMMAND: POST /session/19c5ed65dbd52b03c8c783813379e291/elements - {"using":"xpath","value":"//button[@data-kt=\"addButton\"]"}
RESULT: {"using":"xpath","value":"//button[@data-kt=\"addButton\"]"}
COMMAND: POST /session/19c5ed65dbd52b03c8c783813379e291/elements - {"using":"xpath","value":"//button[@data-kt=\"addButton\"]"}
RESULT: {"using":"xpath","value":"//button[@data-kt=\"addButton\"]"}
COMMAND: POST /session/19c5ed65dbd52b03c8c783813379e291/elements - {"using":"xpath","value":"//button[@data-kt=\"addButton\"]"}
RESULT: {"using":"xpath","value":"//button[@data-kt=\"addButton\"]"}
COMMAND: POST /session/19c5ed65dbd52b03c8c783813379e291/elements - {"using":"xpath","value":"//button[@data-kt=\"addButton\"]"}
COMMAND: GET /session/19c5ed65dbd52b03c8c783813379e291/screenshot - {}
RESULT: {"using":"xpath","value":"//button[@data-kt=\"addButton\"]"}
RESULT: {}
]]></system-out>
      <system-err><![CDATA[
Error: element ("//button[@data-kt="addButton"]") still not existing after 45000ms
    at async UtilsPrerequisites.contractCreation (D:\a\1\s\test\specs\BTS\prerequisites-and-utils-functions.js:1741:9)
    at async Context.<anonymous> (D:\a\1\s\test\specs\BTS\billing-calculation-transp-times.spec.js:61:45)
]]></system-err>
    </testcase>
    <testcase classname="chrome.136_0_7103_93.windows.Billing_Calculation_-_Time_based_(considering_transport_times)_US139738" name="Should add transport time checkbox on contract details" time="61.084">
      <failure/>
      <error message="Can't call click on element with selector &quot;//button[@data-kt=&quot;contractDetailEditBtnButton&quot;]&quot; because element wasn't found"/>
      <system-out><![CDATA[
COMMAND: POST /session/19c5ed65dbd52b03c8c783813379e291/element - {"using":"xpath","value":"//button[@data-kt=\"contractDetailEditBtnButton\"]"}
COMMAND: GET /session/19c5ed65dbd52b03c8c783813379e291/screenshot - {}
RESULT: {}
RESULT: {"using":"xpath","value":"//button[@data-kt=\"contractDetailEditBtnButton\"]"}
COMMAND: POST /session/19c5ed65dbd52b03c8c783813379e291/elements - {"using":"xpath","value":"//button[@data-kt=\"contractDetailEditBtnButton\"]"}
RESULT: {"using":"xpath","value":"//button[@data-kt=\"contractDetailEditBtnButton\"]"}
COMMAND: POST /session/19c5ed65dbd52b03c8c783813379e291/elements - {"using":"xpath","value":"//button[@data-kt=\"contractDetailEditBtnButton\"]"}
RESULT: {"using":"xpath","value":"//button[@data-kt=\"contractDetailEditBtnButton\"]"}
COMMAND: POST /session/19c5ed65dbd52b03c8c783813379e291/elements - {"using":"xpath","value":"//button[@data-kt=\"contractDetailEditBtnButton\"]"}
RESULT: {"using":"xpath","value":"//button[@data-kt=\"contractDetailEditBtnButton\"]"}
COMMAND: POST /session/19c5ed65dbd52b03c8c783813379e291/elements - {"using":"xpath","value":"//button[@data-kt=\"contractDetailEditBtnButton\"]"}
RESULT: {"using":"xpath","value":"//button[@data-kt=\"contractDetailEditBtnButton\"]"}
COMMAND: POST /session/19c5ed65dbd52b03c8c783813379e291/elements - {"using":"xpath","value":"//button[@data-kt=\"contractDetailEditBtnButton\"]"}
RESULT: {"using":"xpath","value":"//button[@data-kt=\"contractDetailEditBtnButton\"]"}
COMMAND: POST /session/19c5ed65dbd52b03c8c783813379e291/elements - {"using":"xpath","value":"//button[@data-kt=\"contractDetailEditBtnButton\"]"}
RESULT: {"using":"xpath","value":"//button[@data-kt=\"contractDetailEditBtnButton\"]"}
COMMAND: POST /session/19c5ed65dbd52b03c8c783813379e291/elements - {"using":"xpath","value":"//button[@data-kt=\"contractDetailEditBtnButton\"]"}
RESULT: {"using":"xpath","value":"//button[@data-kt=\"contractDetailEditBtnButton\"]"}
COMMAND: POST /session/19c5ed65dbd52b03c8c783813379e291/elements - {"using":"xpath","value":"//button[@data-kt=\"contractDetailEditBtnButton\"]"}
RESULT: {"using":"xpath","value":"//button[@data-kt=\"contractDetailEditBtnButton\"]"}
COMMAND: POST /session/19c5ed65dbd52b03c8c783813379e291/elements - {"using":"xpath","value":"//button[@data-kt=\"contractDetailEditBtnButton\"]"}
RESULT: {"using":"xpath","value":"//button[@data-kt=\"contractDetailEditBtnButton\"]"}
COMMAND: POST /session/19c5ed65dbd52b03c8c783813379e291/elements - {"using":"xpath","value":"//button[@data-kt=\"contractDetailEditBtnButton\"]"}
RESULT: {"using":"xpath","value":"//button[@data-kt=\"contractDetailEditBtnButton\"]"}
COMMAND: POST /session/19c5ed65dbd52b03c8c783813379e291/elements - {"using":"xpath","value":"//button[@data-kt=\"contractDetailEditBtnButton\"]"}
RESULT: {"using":"xpath","value":"//button[@data-kt=\"contractDetailEditBtnButton\"]"}
COMMAND: POST /session/19c5ed65dbd52b03c8c783813379e291/elements - {"using":"xpath","value":"//button[@data-kt=\"contractDetailEditBtnButton\"]"}
RESULT: {"using":"xpath","value":"//button[@data-kt=\"contractDetailEditBtnButton\"]"}
COMMAND: POST /session/19c5ed65dbd52b03c8c783813379e291/elements - {"using":"xpath","value":"//button[@data-kt=\"contractDetailEditBtnButton\"]"}
RESULT: {"using":"xpath","value":"//button[@data-kt=\"contractDetailEditBtnButton\"]"}
COMMAND: POST /session/19c5ed65dbd52b03c8c783813379e291/elements - {"using":"xpath","value":"//button[@data-kt=\"contractDetailEditBtnButton\"]"}
RESULT: {"using":"xpath","value":"//button[@data-kt=\"contractDetailEditBtnButton\"]"}
COMMAND: POST /session/19c5ed65dbd52b03c8c783813379e291/elements - {"using":"xpath","value":"//button[@data-kt=\"contractDetailEditBtnButton\"]"}
RESULT: {"using":"xpath","value":"//button[@data-kt=\"contractDetailEditBtnButton\"]"}
COMMAND: POST /session/19c5ed65dbd52b03c8c783813379e291/elements - {"using":"xpath","value":"//button[@data-kt=\"contractDetailEditBtnButton\"]"}
RESULT: {"using":"xpath","value":"//button[@data-kt=\"contractDetailEditBtnButton\"]"}
COMMAND: POST /session/19c5ed65dbd52b03c8c783813379e291/elements - {"using":"xpath","value":"//button[@data-kt=\"contractDetailEditBtnButton\"]"}
RESULT: {"using":"xpath","value":"//button[@data-kt=\"contractDetailEditBtnButton\"]"}
COMMAND: POST /session/19c5ed65dbd52b03c8c783813379e291/elements - {"using":"xpath","value":"//button[@data-kt=\"contractDetailEditBtnButton\"]"}
RESULT: {"using":"xpath","value":"//button[@data-kt=\"contractDetailEditBtnButton\"]"}
COMMAND: POST /session/19c5ed65dbd52b03c8c783813379e291/elements - {"using":"xpath","value":"//button[@data-kt=\"contractDetailEditBtnButton\"]"}
RESULT: {"using":"xpath","value":"//button[@data-kt=\"contractDetailEditBtnButton\"]"}
COMMAND: POST /session/19c5ed65dbd52b03c8c783813379e291/elements - {"using":"xpath","value":"//button[@data-kt=\"contractDetailEditBtnButton\"]"}
RESULT: {"using":"xpath","value":"//button[@data-kt=\"contractDetailEditBtnButton\"]"}
COMMAND: POST /session/19c5ed65dbd52b03c8c783813379e291/elements - {"using":"xpath","value":"//button[@data-kt=\"contractDetailEditBtnButton\"]"}
RESULT: {"using":"xpath","value":"//button[@data-kt=\"contractDetailEditBtnButton\"]"}
COMMAND: POST /session/19c5ed65dbd52b03c8c783813379e291/elements - {"using":"xpath","value":"//button[@data-kt=\"contractDetailEditBtnButton\"]"}
RESULT: {"using":"xpath","value":"//button[@data-kt=\"contractDetailEditBtnButton\"]"}
COMMAND: POST /session/19c5ed65dbd52b03c8c783813379e291/elements - {"using":"xpath","value":"//button[@data-kt=\"contractDetailEditBtnButton\"]"}
RESULT: {"using":"xpath","value":"//button[@data-kt=\"contractDetailEditBtnButton\"]"}
COMMAND: POST /session/19c5ed65dbd52b03c8c783813379e291/elements - {"using":"xpath","value":"//button[@data-kt=\"contractDetailEditBtnButton\"]"}
RESULT: {"using":"xpath","value":"//button[@data-kt=\"contractDetailEditBtnButton\"]"}
COMMAND: POST /session/19c5ed65dbd52b03c8c783813379e291/elements - {"using":"xpath","value":"//button[@data-kt=\"contractDetailEditBtnButton\"]"}
RESULT: {"using":"xpath","value":"//button[@data-kt=\"contractDetailEditBtnButton\"]"}
COMMAND: POST /session/19c5ed65dbd52b03c8c783813379e291/elements - {"using":"xpath","value":"//button[@data-kt=\"contractDetailEditBtnButton\"]"}
RESULT: {"using":"xpath","value":"//button[@data-kt=\"contractDetailEditBtnButton\"]"}
COMMAND: POST /session/19c5ed65dbd52b03c8c783813379e291/elements - {"using":"xpath","value":"//button[@data-kt=\"contractDetailEditBtnButton\"]"}
RESULT: {"using":"xpath","value":"//button[@data-kt=\"contractDetailEditBtnButton\"]"}
COMMAND: POST /session/19c5ed65dbd52b03c8c783813379e291/elements - {"using":"xpath","value":"//button[@data-kt=\"contractDetailEditBtnButton\"]"}
RESULT: {"using":"xpath","value":"//button[@data-kt=\"contractDetailEditBtnButton\"]"}
COMMAND: POST /session/19c5ed65dbd52b03c8c783813379e291/elements - {"using":"xpath","value":"//button[@data-kt=\"contractDetailEditBtnButton\"]"}
RESULT: {"using":"xpath","value":"//button[@data-kt=\"contractDetailEditBtnButton\"]"}
COMMAND: POST /session/19c5ed65dbd52b03c8c783813379e291/elements - {"using":"xpath","value":"//button[@data-kt=\"contractDetailEditBtnButton\"]"}
RESULT: {"using":"xpath","value":"//button[@data-kt=\"contractDetailEditBtnButton\"]"}
COMMAND: POST /session/19c5ed65dbd52b03c8c783813379e291/elements - {"using":"xpath","value":"//button[@data-kt=\"contractDetailEditBtnButton\"]"}
RESULT: {"using":"xpath","value":"//button[@data-kt=\"contractDetailEditBtnButton\"]"}
COMMAND: POST /session/19c5ed65dbd52b03c8c783813379e291/elements - {"using":"xpath","value":"//button[@data-kt=\"contractDetailEditBtnButton\"]"}
RESULT: {"using":"xpath","value":"//button[@data-kt=\"contractDetailEditBtnButton\"]"}
COMMAND: POST /session/19c5ed65dbd52b03c8c783813379e291/elements - {"using":"xpath","value":"//button[@data-kt=\"contractDetailEditBtnButton\"]"}
RESULT: {"using":"xpath","value":"//button[@data-kt=\"contractDetailEditBtnButton\"]"}
COMMAND: POST /session/19c5ed65dbd52b03c8c783813379e291/elements - {"using":"xpath","value":"//button[@data-kt=\"contractDetailEditBtnButton\"]"}
RESULT: {"using":"xpath","value":"//button[@data-kt=\"contractDetailEditBtnButton\"]"}
COMMAND: POST /session/19c5ed65dbd52b03c8c783813379e291/elements - {"using":"xpath","value":"//button[@data-kt=\"contractDetailEditBtnButton\"]"}
RESULT: {"using":"xpath","value":"//button[@data-kt=\"contractDetailEditBtnButton\"]"}
COMMAND: POST /session/19c5ed65dbd52b03c8c783813379e291/elements - {"using":"xpath","value":"//button[@data-kt=\"contractDetailEditBtnButton\"]"}
RESULT: {"using":"xpath","value":"//button[@data-kt=\"contractDetailEditBtnButton\"]"}
COMMAND: POST /session/19c5ed65dbd52b03c8c783813379e291/elements - {"using":"xpath","value":"//button[@data-kt=\"contractDetailEditBtnButton\"]"}
RESULT: {"using":"xpath","value":"//button[@data-kt=\"contractDetailEditBtnButton\"]"}
COMMAND: POST /session/19c5ed65dbd52b03c8c783813379e291/elements - {"using":"xpath","value":"//button[@data-kt=\"contractDetailEditBtnButton\"]"}
RESULT: {"using":"xpath","value":"//button[@data-kt=\"contractDetailEditBtnButton\"]"}
COMMAND: POST /session/19c5ed65dbd52b03c8c783813379e291/elements - {"using":"xpath","value":"//button[@data-kt=\"contractDetailEditBtnButton\"]"}
RESULT: {"using":"xpath","value":"//button[@data-kt=\"contractDetailEditBtnButton\"]"}
COMMAND: POST /session/19c5ed65dbd52b03c8c783813379e291/elements - {"using":"xpath","value":"//button[@data-kt=\"contractDetailEditBtnButton\"]"}
RESULT: {"using":"xpath","value":"//button[@data-kt=\"contractDetailEditBtnButton\"]"}
COMMAND: POST /session/19c5ed65dbd52b03c8c783813379e291/elements - {"using":"xpath","value":"//button[@data-kt=\"contractDetailEditBtnButton\"]"}
RESULT: {"using":"xpath","value":"//button[@data-kt=\"contractDetailEditBtnButton\"]"}
COMMAND: POST /session/19c5ed65dbd52b03c8c783813379e291/elements - {"using":"xpath","value":"//button[@data-kt=\"contractDetailEditBtnButton\"]"}
RESULT: {"using":"xpath","value":"//button[@data-kt=\"contractDetailEditBtnButton\"]"}
COMMAND: POST /session/19c5ed65dbd52b03c8c783813379e291/elements - {"using":"xpath","value":"//button[@data-kt=\"contractDetailEditBtnButton\"]"}
RESULT: {"using":"xpath","value":"//button[@data-kt=\"contractDetailEditBtnButton\"]"}
COMMAND: POST /session/19c5ed65dbd52b03c8c783813379e291/elements - {"using":"xpath","value":"//button[@data-kt=\"contractDetailEditBtnButton\"]"}
RESULT: {"using":"xpath","value":"//button[@data-kt=\"contractDetailEditBtnButton\"]"}
COMMAND: POST /session/19c5ed65dbd52b03c8c783813379e291/elements - {"using":"xpath","value":"//button[@data-kt=\"contractDetailEditBtnButton\"]"}
RESULT: {"using":"xpath","value":"//button[@data-kt=\"contractDetailEditBtnButton\"]"}
COMMAND: POST /session/19c5ed65dbd52b03c8c783813379e291/elements - {"using":"xpath","value":"//button[@data-kt=\"contractDetailEditBtnButton\"]"}
RESULT: {"using":"xpath","value":"//button[@data-kt=\"contractDetailEditBtnButton\"]"}
COMMAND: POST /session/19c5ed65dbd52b03c8c783813379e291/elements - {"using":"xpath","value":"//button[@data-kt=\"contractDetailEditBtnButton\"]"}
RESULT: {"using":"xpath","value":"//button[@data-kt=\"contractDetailEditBtnButton\"]"}
COMMAND: POST /session/19c5ed65dbd52b03c8c783813379e291/elements - {"using":"xpath","value":"//button[@data-kt=\"contractDetailEditBtnButton\"]"}
RESULT: {"using":"xpath","value":"//button[@data-kt=\"contractDetailEditBtnButton\"]"}
COMMAND: POST /session/19c5ed65dbd52b03c8c783813379e291/elements - {"using":"xpath","value":"//button[@data-kt=\"contractDetailEditBtnButton\"]"}
RESULT: {"using":"xpath","value":"//button[@data-kt=\"contractDetailEditBtnButton\"]"}
COMMAND: POST /session/19c5ed65dbd52b03c8c783813379e291/elements - {"using":"xpath","value":"//button[@data-kt=\"contractDetailEditBtnButton\"]"}
RESULT: {"using":"xpath","value":"//button[@data-kt=\"contractDetailEditBtnButton\"]"}
COMMAND: POST /session/19c5ed65dbd52b03c8c783813379e291/elements - {"using":"xpath","value":"//button[@data-kt=\"contractDetailEditBtnButton\"]"}
RESULT: {"using":"xpath","value":"//button[@data-kt=\"contractDetailEditBtnButton\"]"}
COMMAND: POST /session/19c5ed65dbd52b03c8c783813379e291/elements - {"using":"xpath","value":"//button[@data-kt=\"contractDetailEditBtnButton\"]"}
RESULT: {"using":"xpath","value":"//button[@data-kt=\"contractDetailEditBtnButton\"]"}
COMMAND: POST /session/19c5ed65dbd52b03c8c783813379e291/elements - {"using":"xpath","value":"//button[@data-kt=\"contractDetailEditBtnButton\"]"}
RESULT: {"using":"xpath","value":"//button[@data-kt=\"contractDetailEditBtnButton\"]"}
COMMAND: POST /session/19c5ed65dbd52b03c8c783813379e291/elements - {"using":"xpath","value":"//button[@data-kt=\"contractDetailEditBtnButton\"]"}
RESULT: {"using":"xpath","value":"//button[@data-kt=\"contractDetailEditBtnButton\"]"}
COMMAND: POST /session/19c5ed65dbd52b03c8c783813379e291/elements - {"using":"xpath","value":"//button[@data-kt=\"contractDetailEditBtnButton\"]"}
RESULT: {"using":"xpath","value":"//button[@data-kt=\"contractDetailEditBtnButton\"]"}
COMMAND: POST /session/19c5ed65dbd52b03c8c783813379e291/elements - {"using":"xpath","value":"//button[@data-kt=\"contractDetailEditBtnButton\"]"}
RESULT: {"using":"xpath","value":"//button[@data-kt=\"contractDetailEditBtnButton\"]"}
COMMAND: POST /session/19c5ed65dbd52b03c8c783813379e291/elements - {"using":"xpath","value":"//button[@data-kt=\"contractDetailEditBtnButton\"]"}
RESULT: {"using":"xpath","value":"//button[@data-kt=\"contractDetailEditBtnButton\"]"}
COMMAND: POST /session/19c5ed65dbd52b03c8c783813379e291/elements - {"using":"xpath","value":"//button[@data-kt=\"contractDetailEditBtnButton\"]"}
RESULT: {"using":"xpath","value":"//button[@data-kt=\"contractDetailEditBtnButton\"]"}
COMMAND: POST /session/19c5ed65dbd52b03c8c783813379e291/elements - {"using":"xpath","value":"//button[@data-kt=\"contractDetailEditBtnButton\"]"}
RESULT: {"using":"xpath","value":"//button[@data-kt=\"contractDetailEditBtnButton\"]"}
COMMAND: POST /session/19c5ed65dbd52b03c8c783813379e291/elements - {"using":"xpath","value":"//button[@data-kt=\"contractDetailEditBtnButton\"]"}
RESULT: {"using":"xpath","value":"//button[@data-kt=\"contractDetailEditBtnButton\"]"}
COMMAND: POST /session/19c5ed65dbd52b03c8c783813379e291/elements - {"using":"xpath","value":"//button[@data-kt=\"contractDetailEditBtnButton\"]"}
RESULT: {"using":"xpath","value":"//button[@data-kt=\"contractDetailEditBtnButton\"]"}
COMMAND: POST /session/19c5ed65dbd52b03c8c783813379e291/elements - {"using":"xpath","value":"//button[@data-kt=\"contractDetailEditBtnButton\"]"}
RESULT: {"using":"xpath","value":"//button[@data-kt=\"contractDetailEditBtnButton\"]"}
COMMAND: POST /session/19c5ed65dbd52b03c8c783813379e291/elements - {"using":"xpath","value":"//button[@data-kt=\"contractDetailEditBtnButton\"]"}
RESULT: {"using":"xpath","value":"//button[@data-kt=\"contractDetailEditBtnButton\"]"}
COMMAND: POST /session/19c5ed65dbd52b03c8c783813379e291/elements - {"using":"xpath","value":"//button[@data-kt=\"contractDetailEditBtnButton\"]"}
RESULT: {"using":"xpath","value":"//button[@data-kt=\"contractDetailEditBtnButton\"]"}
COMMAND: POST /session/19c5ed65dbd52b03c8c783813379e291/elements - {"using":"xpath","value":"//button[@data-kt=\"contractDetailEditBtnButton\"]"}
RESULT: {"using":"xpath","value":"//button[@data-kt=\"contractDetailEditBtnButton\"]"}
COMMAND: POST /session/19c5ed65dbd52b03c8c783813379e291/elements - {"using":"xpath","value":"//button[@data-kt=\"contractDetailEditBtnButton\"]"}
RESULT: {"using":"xpath","value":"//button[@data-kt=\"contractDetailEditBtnButton\"]"}
COMMAND: POST /session/19c5ed65dbd52b03c8c783813379e291/elements - {"using":"xpath","value":"//button[@data-kt=\"contractDetailEditBtnButton\"]"}
RESULT: {"using":"xpath","value":"//button[@data-kt=\"contractDetailEditBtnButton\"]"}
COMMAND: POST /session/19c5ed65dbd52b03c8c783813379e291/elements - {"using":"xpath","value":"//button[@data-kt=\"contractDetailEditBtnButton\"]"}
RESULT: {"using":"xpath","value":"//button[@data-kt=\"contractDetailEditBtnButton\"]"}
COMMAND: POST /session/19c5ed65dbd52b03c8c783813379e291/elements - {"using":"xpath","value":"//button[@data-kt=\"contractDetailEditBtnButton\"]"}
RESULT: {"using":"xpath","value":"//button[@data-kt=\"contractDetailEditBtnButton\"]"}
COMMAND: POST /session/19c5ed65dbd52b03c8c783813379e291/elements - {"using":"xpath","value":"//button[@data-kt=\"contractDetailEditBtnButton\"]"}
RESULT: {"using":"xpath","value":"//button[@data-kt=\"contractDetailEditBtnButton\"]"}
COMMAND: POST /session/19c5ed65dbd52b03c8c783813379e291/elements - {"using":"xpath","value":"//button[@data-kt=\"contractDetailEditBtnButton\"]"}
RESULT: {"using":"xpath","value":"//button[@data-kt=\"contractDetailEditBtnButton\"]"}
COMMAND: POST /session/19c5ed65dbd52b03c8c783813379e291/elements - {"using":"xpath","value":"//button[@data-kt=\"contractDetailEditBtnButton\"]"}
RESULT: {"using":"xpath","value":"//button[@data-kt=\"contractDetailEditBtnButton\"]"}
COMMAND: POST /session/19c5ed65dbd52b03c8c783813379e291/elements - {"using":"xpath","value":"//button[@data-kt=\"contractDetailEditBtnButton\"]"}
RESULT: {"using":"xpath","value":"//button[@data-kt=\"contractDetailEditBtnButton\"]"}
COMMAND: POST /session/19c5ed65dbd52b03c8c783813379e291/elements - {"using":"xpath","value":"//button[@data-kt=\"contractDetailEditBtnButton\"]"}
RESULT: {"using":"xpath","value":"//button[@data-kt=\"contractDetailEditBtnButton\"]"}
COMMAND: POST /session/19c5ed65dbd52b03c8c783813379e291/elements - {"using":"xpath","value":"//button[@data-kt=\"contractDetailEditBtnButton\"]"}
RESULT: {"using":"xpath","value":"//button[@data-kt=\"contractDetailEditBtnButton\"]"}
COMMAND: POST /session/19c5ed65dbd52b03c8c783813379e291/elements - {"using":"xpath","value":"//button[@data-kt=\"contractDetailEditBtnButton\"]"}
RESULT: {"using":"xpath","value":"//button[@data-kt=\"contractDetailEditBtnButton\"]"}
COMMAND: POST /session/19c5ed65dbd52b03c8c783813379e291/elements - {"using":"xpath","value":"//button[@data-kt=\"contractDetailEditBtnButton\"]"}
RESULT: {"using":"xpath","value":"//button[@data-kt=\"contractDetailEditBtnButton\"]"}
COMMAND: POST /session/19c5ed65dbd52b03c8c783813379e291/elements - {"using":"xpath","value":"//button[@data-kt=\"contractDetailEditBtnButton\"]"}
RESULT: {"using":"xpath","value":"//button[@data-kt=\"contractDetailEditBtnButton\"]"}
COMMAND: POST /session/19c5ed65dbd52b03c8c783813379e291/elements - {"using":"xpath","value":"//button[@data-kt=\"contractDetailEditBtnButton\"]"}
RESULT: {"using":"xpath","value":"//button[@data-kt=\"contractDetailEditBtnButton\"]"}
COMMAND: POST /session/19c5ed65dbd52b03c8c783813379e291/elements - {"using":"xpath","value":"//button[@data-kt=\"contractDetailEditBtnButton\"]"}
RESULT: {"using":"xpath","value":"//button[@data-kt=\"contractDetailEditBtnButton\"]"}
COMMAND: POST /session/19c5ed65dbd52b03c8c783813379e291/elements - {"using":"xpath","value":"//button[@data-kt=\"contractDetailEditBtnButton\"]"}
RESULT: {"using":"xpath","value":"//button[@data-kt=\"contractDetailEditBtnButton\"]"}
COMMAND: POST /session/19c5ed65dbd52b03c8c783813379e291/elements - {"using":"xpath","value":"//button[@data-kt=\"contractDetailEditBtnButton\"]"}
RESULT: {"using":"xpath","value":"//button[@data-kt=\"contractDetailEditBtnButton\"]"}
COMMAND: POST /session/19c5ed65dbd52b03c8c783813379e291/elements - {"using":"xpath","value":"//button[@data-kt=\"contractDetailEditBtnButton\"]"}
RESULT: {"using":"xpath","value":"//button[@data-kt=\"contractDetailEditBtnButton\"]"}
COMMAND: POST /session/19c5ed65dbd52b03c8c783813379e291/elements - {"using":"xpath","value":"//button[@data-kt=\"contractDetailEditBtnButton\"]"}
RESULT: {"using":"xpath","value":"//button[@data-kt=\"contractDetailEditBtnButton\"]"}
COMMAND: POST /session/19c5ed65dbd52b03c8c783813379e291/elements - {"using":"xpath","value":"//button[@data-kt=\"contractDetailEditBtnButton\"]"}
RESULT: {"using":"xpath","value":"//button[@data-kt=\"contractDetailEditBtnButton\"]"}
COMMAND: POST /session/19c5ed65dbd52b03c8c783813379e291/elements - {"using":"xpath","value":"//button[@data-kt=\"contractDetailEditBtnButton\"]"}
RESULT: {"using":"xpath","value":"//button[@data-kt=\"contractDetailEditBtnButton\"]"}
COMMAND: POST /session/19c5ed65dbd52b03c8c783813379e291/elements - {"using":"xpath","value":"//button[@data-kt=\"contractDetailEditBtnButton\"]"}
RESULT: {"using":"xpath","value":"//button[@data-kt=\"contractDetailEditBtnButton\"]"}
COMMAND: POST /session/19c5ed65dbd52b03c8c783813379e291/elements - {"using":"xpath","value":"//button[@data-kt=\"contractDetailEditBtnButton\"]"}
RESULT: {"using":"xpath","value":"//button[@data-kt=\"contractDetailEditBtnButton\"]"}
COMMAND: POST /session/19c5ed65dbd52b03c8c783813379e291/elements - {"using":"xpath","value":"//button[@data-kt=\"contractDetailEditBtnButton\"]"}
RESULT: {"using":"xpath","value":"//button[@data-kt=\"contractDetailEditBtnButton\"]"}
COMMAND: POST /session/19c5ed65dbd52b03c8c783813379e291/elements - {"using":"xpath","value":"//button[@data-kt=\"contractDetailEditBtnButton\"]"}
RESULT: {"using":"xpath","value":"//button[@data-kt=\"contractDetailEditBtnButton\"]"}
COMMAND: POST /session/19c5ed65dbd52b03c8c783813379e291/elements - {"using":"xpath","value":"//button[@data-kt=\"contractDetailEditBtnButton\"]"}
RESULT: {"using":"xpath","value":"//button[@data-kt=\"contractDetailEditBtnButton\"]"}
COMMAND: POST /session/19c5ed65dbd52b03c8c783813379e291/elements - {"using":"xpath","value":"//button[@data-kt=\"contractDetailEditBtnButton\"]"}
RESULT: {"using":"xpath","value":"//button[@data-kt=\"contractDetailEditBtnButton\"]"}
COMMAND: POST /session/19c5ed65dbd52b03c8c783813379e291/elements - {"using":"xpath","value":"//button[@data-kt=\"contractDetailEditBtnButton\"]"}
RESULT: {"using":"xpath","value":"//button[@data-kt=\"contractDetailEditBtnButton\"]"}
COMMAND: POST /session/19c5ed65dbd52b03c8c783813379e291/elements - {"using":"xpath","value":"//button[@data-kt=\"contractDetailEditBtnButton\"]"}
RESULT: {"using":"xpath","value":"//button[@data-kt=\"contractDetailEditBtnButton\"]"}
COMMAND: POST /session/19c5ed65dbd52b03c8c783813379e291/elements - {"using":"xpath","value":"//button[@data-kt=\"contractDetailEditBtnButton\"]"}
RESULT: {"using":"xpath","value":"//button[@data-kt=\"contractDetailEditBtnButton\"]"}
COMMAND: POST /session/19c5ed65dbd52b03c8c783813379e291/elements - {"using":"xpath","value":"//button[@data-kt=\"contractDetailEditBtnButton\"]"}
RESULT: {"using":"xpath","value":"//button[@data-kt=\"contractDetailEditBtnButton\"]"}
COMMAND: POST /session/19c5ed65dbd52b03c8c783813379e291/elements - {"using":"xpath","value":"//button[@data-kt=\"contractDetailEditBtnButton\"]"}
RESULT: {"using":"xpath","value":"//button[@data-kt=\"contractDetailEditBtnButton\"]"}
COMMAND: POST /session/19c5ed65dbd52b03c8c783813379e291/elements - {"using":"xpath","value":"//button[@data-kt=\"contractDetailEditBtnButton\"]"}
RESULT: {"using":"xpath","value":"//button[@data-kt=\"contractDetailEditBtnButton\"]"}
COMMAND: POST /session/19c5ed65dbd52b03c8c783813379e291/elements - {"using":"xpath","value":"//button[@data-kt=\"contractDetailEditBtnButton\"]"}
RESULT: {"using":"xpath","value":"//button[@data-kt=\"contractDetailEditBtnButton\"]"}
COMMAND: POST /session/19c5ed65dbd52b03c8c783813379e291/elements - {"using":"xpath","value":"//button[@data-kt=\"contractDetailEditBtnButton\"]"}
RESULT: {"using":"xpath","value":"//button[@data-kt=\"contractDetailEditBtnButton\"]"}
COMMAND: POST /session/19c5ed65dbd52b03c8c783813379e291/elements - {"using":"xpath","value":"//button[@data-kt=\"contractDetailEditBtnButton\"]"}
RESULT: {"using":"xpath","value":"//button[@data-kt=\"contractDetailEditBtnButton\"]"}
COMMAND: POST /session/19c5ed65dbd52b03c8c783813379e291/elements - {"using":"xpath","value":"//button[@data-kt=\"contractDetailEditBtnButton\"]"}
RESULT: {"using":"xpath","value":"//button[@data-kt=\"contractDetailEditBtnButton\"]"}
COMMAND: POST /session/19c5ed65dbd52b03c8c783813379e291/elements - {"using":"xpath","value":"//button[@data-kt=\"contractDetailEditBtnButton\"]"}
RESULT: {"using":"xpath","value":"//button[@data-kt=\"contractDetailEditBtnButton\"]"}
COMMAND: POST /session/19c5ed65dbd52b03c8c783813379e291/elements - {"using":"xpath","value":"//button[@data-kt=\"contractDetailEditBtnButton\"]"}
RESULT: {"using":"xpath","value":"//button[@data-kt=\"contractDetailEditBtnButton\"]"}
COMMAND: POST /session/19c5ed65dbd52b03c8c783813379e291/elements - {"using":"xpath","value":"//button[@data-kt=\"contractDetailEditBtnButton\"]"}
RESULT: {"using":"xpath","value":"//button[@data-kt=\"contractDetailEditBtnButton\"]"}
COMMAND: POST /session/19c5ed65dbd52b03c8c783813379e291/elements - {"using":"xpath","value":"//button[@data-kt=\"contractDetailEditBtnButton\"]"}
RESULT: {"using":"xpath","value":"//button[@data-kt=\"contractDetailEditBtnButton\"]"}
COMMAND: POST /session/19c5ed65dbd52b03c8c783813379e291/elements - {"using":"xpath","value":"//button[@data-kt=\"contractDetailEditBtnButton\"]"}
RESULT: {"using":"xpath","value":"//button[@data-kt=\"contractDetailEditBtnButton\"]"}
COMMAND: POST /session/19c5ed65dbd52b03c8c783813379e291/elements - {"using":"xpath","value":"//button[@data-kt=\"contractDetailEditBtnButton\"]"}
RESULT: {"using":"xpath","value":"//button[@data-kt=\"contractDetailEditBtnButton\"]"}
COMMAND: POST /session/19c5ed65dbd52b03c8c783813379e291/elements - {"using":"xpath","value":"//button[@data-kt=\"contractDetailEditBtnButton\"]"}
RESULT: {"using":"xpath","value":"//button[@data-kt=\"contractDetailEditBtnButton\"]"}
COMMAND: POST /session/19c5ed65dbd52b03c8c783813379e291/elements - {"using":"xpath","value":"//button[@data-kt=\"contractDetailEditBtnButton\"]"}
RESULT: {"using":"xpath","value":"//button[@data-kt=\"contractDetailEditBtnButton\"]"}
COMMAND: POST /session/19c5ed65dbd52b03c8c783813379e291/elements - {"using":"xpath","value":"//button[@data-kt=\"contractDetailEditBtnButton\"]"}
RESULT: {"using":"xpath","value":"//button[@data-kt=\"contractDetailEditBtnButton\"]"}
COMMAND: POST /session/19c5ed65dbd52b03c8c783813379e291/elements - {"using":"xpath","value":"//button[@data-kt=\"contractDetailEditBtnButton\"]"}
RESULT: {"using":"xpath","value":"//button[@data-kt=\"contractDetailEditBtnButton\"]"}
COMMAND: POST /session/19c5ed65dbd52b03c8c783813379e291/elements - {"using":"xpath","value":"//button[@data-kt=\"contractDetailEditBtnButton\"]"}
RESULT: {"using":"xpath","value":"//button[@data-kt=\"contractDetailEditBtnButton\"]"}
COMMAND: POST /session/19c5ed65dbd52b03c8c783813379e291/elements - {"using":"xpath","value":"//button[@data-kt=\"contractDetailEditBtnButton\"]"}
RESULT: {"using":"xpath","value":"//button[@data-kt=\"contractDetailEditBtnButton\"]"}
COMMAND: POST /session/19c5ed65dbd52b03c8c783813379e291/elements - {"using":"xpath","value":"//button[@data-kt=\"contractDetailEditBtnButton\"]"}
RESULT: {"using":"xpath","value":"//button[@data-kt=\"contractDetailEditBtnButton\"]"}
COMMAND: POST /session/19c5ed65dbd52b03c8c783813379e291/elements - {"using":"xpath","value":"//button[@data-kt=\"contractDetailEditBtnButton\"]"}
RESULT: {"using":"xpath","value":"//button[@data-kt=\"contractDetailEditBtnButton\"]"}
COMMAND: POST /session/19c5ed65dbd52b03c8c783813379e291/elements - {"using":"xpath","value":"//button[@data-kt=\"contractDetailEditBtnButton\"]"}
RESULT: {"using":"xpath","value":"//button[@data-kt=\"contractDetailEditBtnButton\"]"}
COMMAND: POST /session/19c5ed65dbd52b03c8c783813379e291/elements - {"using":"xpath","value":"//button[@data-kt=\"contractDetailEditBtnButton\"]"}
RESULT: {"using":"xpath","value":"//button[@data-kt=\"contractDetailEditBtnButton\"]"}
COMMAND: POST /session/19c5ed65dbd52b03c8c783813379e291/elements - {"using":"xpath","value":"//button[@data-kt=\"contractDetailEditBtnButton\"]"}
RESULT: {"using":"xpath","value":"//button[@data-kt=\"contractDetailEditBtnButton\"]"}
COMMAND: POST /session/19c5ed65dbd52b03c8c783813379e291/elements - {"using":"xpath","value":"//button[@data-kt=\"contractDetailEditBtnButton\"]"}
RESULT: {"using":"xpath","value":"//button[@data-kt=\"contractDetailEditBtnButton\"]"}
COMMAND: GET /session/19c5ed65dbd52b03c8c783813379e291/screenshot - {}
RESULT: {}
]]></system-out>
      <system-err><![CDATA[
Error: Can't call click on element with selector "//button[@data-kt="contractDetailEditBtnButton"]" because element wasn't found
    at async UtilsPrerequisites.addTransportTimeInContractDetail (D:\a\1\s\test\specs\BTS\prerequisites-and-utils-functions.js:1829:9)
    at async Context.<anonymous> (D:\a\1\s\test\specs\BTS\billing-calculation-transp-times.spec.js:65:9)
]]></system-err>
    </testcase>
    <testcase classname="chrome.136_0_7103_93.windows.Billing_Calculation_-_Time_based_(considering_transport_times)_US139738" name="Should add created equipment to contract" time="60.602">
      <failure/>
      <error message="Can't call click on element with selector &quot;//button[@data-kt=&quot;contractDetailEditBtnButton&quot;]&quot; because element wasn't found"/>
      <system-out><![CDATA[
COMMAND: POST /session/19c5ed65dbd52b03c8c783813379e291/element - {"using":"xpath","value":"//button[@data-kt=\"contractDetailEditBtnButton\"]"}
COMMAND: GET /session/19c5ed65dbd52b03c8c783813379e291/screenshot - {}
RESULT: {"using":"xpath","value":"//button[@data-kt=\"contractDetailEditBtnButton\"]"}
COMMAND: POST /session/19c5ed65dbd52b03c8c783813379e291/elements - {"using":"xpath","value":"//button[@data-kt=\"contractDetailEditBtnButton\"]"}
RESULT: {}
RESULT: {"using":"xpath","value":"//button[@data-kt=\"contractDetailEditBtnButton\"]"}
COMMAND: POST /session/19c5ed65dbd52b03c8c783813379e291/elements - {"using":"xpath","value":"//button[@data-kt=\"contractDetailEditBtnButton\"]"}
RESULT: {"using":"xpath","value":"//button[@data-kt=\"contractDetailEditBtnButton\"]"}
COMMAND: POST /session/19c5ed65dbd52b03c8c783813379e291/elements - {"using":"xpath","value":"//button[@data-kt=\"contractDetailEditBtnButton\"]"}
RESULT: {"using":"xpath","value":"//button[@data-kt=\"contractDetailEditBtnButton\"]"}
COMMAND: POST /session/19c5ed65dbd52b03c8c783813379e291/elements - {"using":"xpath","value":"//button[@data-kt=\"contractDetailEditBtnButton\"]"}
RESULT: {"using":"xpath","value":"//button[@data-kt=\"contractDetailEditBtnButton\"]"}
COMMAND: POST /session/19c5ed65dbd52b03c8c783813379e291/elements - {"using":"xpath","value":"//button[@data-kt=\"contractDetailEditBtnButton\"]"}
RESULT: {"using":"xpath","value":"//button[@data-kt=\"contractDetailEditBtnButton\"]"}
COMMAND: POST /session/19c5ed65dbd52b03c8c783813379e291/elements - {"using":"xpath","value":"//button[@data-kt=\"contractDetailEditBtnButton\"]"}
RESULT: {"using":"xpath","value":"//button[@data-kt=\"contractDetailEditBtnButton\"]"}
COMMAND: POST /session/19c5ed65dbd52b03c8c783813379e291/elements - {"using":"xpath","value":"//button[@data-kt=\"contractDetailEditBtnButton\"]"}
RESULT: {"using":"xpath","value":"//button[@data-kt=\"contractDetailEditBtnButton\"]"}
COMMAND: POST /session/19c5ed65dbd52b03c8c783813379e291/elements - {"using":"xpath","value":"//button[@data-kt=\"contractDetailEditBtnButton\"]"}
RESULT: {"using":"xpath","value":"//button[@data-kt=\"contractDetailEditBtnButton\"]"}
COMMAND: POST /session/19c5ed65dbd52b03c8c783813379e291/elements - {"using":"xpath","value":"//button[@data-kt=\"contractDetailEditBtnButton\"]"}
RESULT: {"using":"xpath","value":"//button[@data-kt=\"contractDetailEditBtnButton\"]"}
COMMAND: POST /session/19c5ed65dbd52b03c8c783813379e291/elements - {"using":"xpath","value":"//button[@data-kt=\"contractDetailEditBtnButton\"]"}
RESULT: {"using":"xpath","value":"//button[@data-kt=\"contractDetailEditBtnButton\"]"}
COMMAND: POST /session/19c5ed65dbd52b03c8c783813379e291/elements - {"using":"xpath","value":"//button[@data-kt=\"contractDetailEditBtnButton\"]"}
RESULT: {"using":"xpath","value":"//button[@data-kt=\"contractDetailEditBtnButton\"]"}
COMMAND: POST /session/19c5ed65dbd52b03c8c783813379e291/elements - {"using":"xpath","value":"//button[@data-kt=\"contractDetailEditBtnButton\"]"}
RESULT: {"using":"xpath","value":"//button[@data-kt=\"contractDetailEditBtnButton\"]"}
COMMAND: POST /session/19c5ed65dbd52b03c8c783813379e291/elements - {"using":"xpath","value":"//button[@data-kt=\"contractDetailEditBtnButton\"]"}
RESULT: {"using":"xpath","value":"//button[@data-kt=\"contractDetailEditBtnButton\"]"}
COMMAND: POST /session/19c5ed65dbd52b03c8c783813379e291/elements - {"using":"xpath","value":"//button[@data-kt=\"contractDetailEditBtnButton\"]"}
RESULT: {"using":"xpath","value":"//button[@data-kt=\"contractDetailEditBtnButton\"]"}
COMMAND: POST /session/19c5ed65dbd52b03c8c783813379e291/elements - {"using":"xpath","value":"//button[@data-kt=\"contractDetailEditBtnButton\"]"}
RESULT: {"using":"xpath","value":"//button[@data-kt=\"contractDetailEditBtnButton\"]"}
COMMAND: POST /session/19c5ed65dbd52b03c8c783813379e291/elements - {"using":"xpath","value":"//button[@data-kt=\"contractDetailEditBtnButton\"]"}
RESULT: {"using":"xpath","value":"//button[@data-kt=\"contractDetailEditBtnButton\"]"}
COMMAND: POST /session/19c5ed65dbd52b03c8c783813379e291/elements - {"using":"xpath","value":"//button[@data-kt=\"contractDetailEditBtnButton\"]"}
RESULT: {"using":"xpath","value":"//button[@data-kt=\"contractDetailEditBtnButton\"]"}
COMMAND: POST /session/19c5ed65dbd52b03c8c783813379e291/elements - {"using":"xpath","value":"//button[@data-kt=\"contractDetailEditBtnButton\"]"}
RESULT: {"using":"xpath","value":"//button[@data-kt=\"contractDetailEditBtnButton\"]"}
COMMAND: POST /session/19c5ed65dbd52b03c8c783813379e291/elements - {"using":"xpath","value":"//button[@data-kt=\"contractDetailEditBtnButton\"]"}
RESULT: {"using":"xpath","value":"//button[@data-kt=\"contractDetailEditBtnButton\"]"}
COMMAND: POST /session/19c5ed65dbd52b03c8c783813379e291/elements - {"using":"xpath","value":"//button[@data-kt=\"contractDetailEditBtnButton\"]"}
RESULT: {"using":"xpath","value":"//button[@data-kt=\"contractDetailEditBtnButton\"]"}
COMMAND: POST /session/19c5ed65dbd52b03c8c783813379e291/elements - {"using":"xpath","value":"//button[@data-kt=\"contractDetailEditBtnButton\"]"}
RESULT: {"using":"xpath","value":"//button[@data-kt=\"contractDetailEditBtnButton\"]"}
COMMAND: POST /session/19c5ed65dbd52b03c8c783813379e291/elements - {"using":"xpath","value":"//button[@data-kt=\"contractDetailEditBtnButton\"]"}
RESULT: {"using":"xpath","value":"//button[@data-kt=\"contractDetailEditBtnButton\"]"}
COMMAND: POST /session/19c5ed65dbd52b03c8c783813379e291/elements - {"using":"xpath","value":"//button[@data-kt=\"contractDetailEditBtnButton\"]"}
RESULT: {"using":"xpath","value":"//button[@data-kt=\"contractDetailEditBtnButton\"]"}
COMMAND: POST /session/19c5ed65dbd52b03c8c783813379e291/elements - {"using":"xpath","value":"//button[@data-kt=\"contractDetailEditBtnButton\"]"}
RESULT: {"using":"xpath","value":"//button[@data-kt=\"contractDetailEditBtnButton\"]"}
COMMAND: POST /session/19c5ed65dbd52b03c8c783813379e291/elements - {"using":"xpath","value":"//button[@data-kt=\"contractDetailEditBtnButton\"]"}
RESULT: {"using":"xpath","value":"//button[@data-kt=\"contractDetailEditBtnButton\"]"}
COMMAND: POST /session/19c5ed65dbd52b03c8c783813379e291/elements - {"using":"xpath","value":"//button[@data-kt=\"contractDetailEditBtnButton\"]"}
RESULT: {"using":"xpath","value":"//button[@data-kt=\"contractDetailEditBtnButton\"]"}
COMMAND: POST /session/19c5ed65dbd52b03c8c783813379e291/elements - {"using":"xpath","value":"//button[@data-kt=\"contractDetailEditBtnButton\"]"}
RESULT: {"using":"xpath","value":"//button[@data-kt=\"contractDetailEditBtnButton\"]"}
COMMAND: POST /session/19c5ed65dbd52b03c8c783813379e291/elements - {"using":"xpath","value":"//button[@data-kt=\"contractDetailEditBtnButton\"]"}
RESULT: {"using":"xpath","value":"//button[@data-kt=\"contractDetailEditBtnButton\"]"}
COMMAND: POST /session/19c5ed65dbd52b03c8c783813379e291/elements - {"using":"xpath","value":"//button[@data-kt=\"contractDetailEditBtnButton\"]"}
RESULT: {"using":"xpath","value":"//button[@data-kt=\"contractDetailEditBtnButton\"]"}
COMMAND: POST /session/19c5ed65dbd52b03c8c783813379e291/elements - {"using":"xpath","value":"//button[@data-kt=\"contractDetailEditBtnButton\"]"}
RESULT: {"using":"xpath","value":"//button[@data-kt=\"contractDetailEditBtnButton\"]"}
COMMAND: POST /session/19c5ed65dbd52b03c8c783813379e291/elements - {"using":"xpath","value":"//button[@data-kt=\"contractDetailEditBtnButton\"]"}
RESULT: {"using":"xpath","value":"//button[@data-kt=\"contractDetailEditBtnButton\"]"}
COMMAND: POST /session/19c5ed65dbd52b03c8c783813379e291/elements - {"using":"xpath","value":"//button[@data-kt=\"contractDetailEditBtnButton\"]"}
RESULT: {"using":"xpath","value":"//button[@data-kt=\"contractDetailEditBtnButton\"]"}
COMMAND: POST /session/19c5ed65dbd52b03c8c783813379e291/elements - {"using":"xpath","value":"//button[@data-kt=\"contractDetailEditBtnButton\"]"}
RESULT: {"using":"xpath","value":"//button[@data-kt=\"contractDetailEditBtnButton\"]"}
COMMAND: POST /session/19c5ed65dbd52b03c8c783813379e291/elements - {"using":"xpath","value":"//button[@data-kt=\"contractDetailEditBtnButton\"]"}
RESULT: {"using":"xpath","value":"//button[@data-kt=\"contractDetailEditBtnButton\"]"}
COMMAND: POST /session/19c5ed65dbd52b03c8c783813379e291/elements - {"using":"xpath","value":"//button[@data-kt=\"contractDetailEditBtnButton\"]"}
RESULT: {"using":"xpath","value":"//button[@data-kt=\"contractDetailEditBtnButton\"]"}
COMMAND: POST /session/19c5ed65dbd52b03c8c783813379e291/elements - {"using":"xpath","value":"//button[@data-kt=\"contractDetailEditBtnButton\"]"}
RESULT: {"using":"xpath","value":"//button[@data-kt=\"contractDetailEditBtnButton\"]"}
COMMAND: POST /session/19c5ed65dbd52b03c8c783813379e291/elements - {"using":"xpath","value":"//button[@data-kt=\"contractDetailEditBtnButton\"]"}
RESULT: {"using":"xpath","value":"//button[@data-kt=\"contractDetailEditBtnButton\"]"}
COMMAND: POST /session/19c5ed65dbd52b03c8c783813379e291/elements - {"using":"xpath","value":"//button[@data-kt=\"contractDetailEditBtnButton\"]"}
RESULT: {"using":"xpath","value":"//button[@data-kt=\"contractDetailEditBtnButton\"]"}
COMMAND: POST /session/19c5ed65dbd52b03c8c783813379e291/elements - {"using":"xpath","value":"//button[@data-kt=\"contractDetailEditBtnButton\"]"}
RESULT: {"using":"xpath","value":"//button[@data-kt=\"contractDetailEditBtnButton\"]"}
COMMAND: POST /session/19c5ed65dbd52b03c8c783813379e291/elements - {"using":"xpath","value":"//button[@data-kt=\"contractDetailEditBtnButton\"]"}
RESULT: {"using":"xpath","value":"//button[@data-kt=\"contractDetailEditBtnButton\"]"}
COMMAND: POST /session/19c5ed65dbd52b03c8c783813379e291/elements - {"using":"xpath","value":"//button[@data-kt=\"contractDetailEditBtnButton\"]"}
RESULT: {"using":"xpath","value":"//button[@data-kt=\"contractDetailEditBtnButton\"]"}
COMMAND: POST /session/19c5ed65dbd52b03c8c783813379e291/elements - {"using":"xpath","value":"//button[@data-kt=\"contractDetailEditBtnButton\"]"}
RESULT: {"using":"xpath","value":"//button[@data-kt=\"contractDetailEditBtnButton\"]"}
COMMAND: POST /session/19c5ed65dbd52b03c8c783813379e291/elements - {"using":"xpath","value":"//button[@data-kt=\"contractDetailEditBtnButton\"]"}
RESULT: {"using":"xpath","value":"//button[@data-kt=\"contractDetailEditBtnButton\"]"}
COMMAND: POST /session/19c5ed65dbd52b03c8c783813379e291/elements - {"using":"xpath","value":"//button[@data-kt=\"contractDetailEditBtnButton\"]"}
RESULT: {"using":"xpath","value":"//button[@data-kt=\"contractDetailEditBtnButton\"]"}
COMMAND: POST /session/19c5ed65dbd52b03c8c783813379e291/elements - {"using":"xpath","value":"//button[@data-kt=\"contractDetailEditBtnButton\"]"}
RESULT: {"using":"xpath","value":"//button[@data-kt=\"contractDetailEditBtnButton\"]"}
COMMAND: POST /session/19c5ed65dbd52b03c8c783813379e291/elements - {"using":"xpath","value":"//button[@data-kt=\"contractDetailEditBtnButton\"]"}
RESULT: {"using":"xpath","value":"//button[@data-kt=\"contractDetailEditBtnButton\"]"}
COMMAND: POST /session/19c5ed65dbd52b03c8c783813379e291/elements - {"using":"xpath","value":"//button[@data-kt=\"contractDetailEditBtnButton\"]"}
RESULT: {"using":"xpath","value":"//button[@data-kt=\"contractDetailEditBtnButton\"]"}
COMMAND: POST /session/19c5ed65dbd52b03c8c783813379e291/elements - {"using":"xpath","value":"//button[@data-kt=\"contractDetailEditBtnButton\"]"}
RESULT: {"using":"xpath","value":"//button[@data-kt=\"contractDetailEditBtnButton\"]"}
COMMAND: POST /session/19c5ed65dbd52b03c8c783813379e291/elements - {"using":"xpath","value":"//button[@data-kt=\"contractDetailEditBtnButton\"]"}
RESULT: {"using":"xpath","value":"//button[@data-kt=\"contractDetailEditBtnButton\"]"}
COMMAND: POST /session/19c5ed65dbd52b03c8c783813379e291/elements - {"using":"xpath","value":"//button[@data-kt=\"contractDetailEditBtnButton\"]"}
RESULT: {"using":"xpath","value":"//button[@data-kt=\"contractDetailEditBtnButton\"]"}
COMMAND: POST /session/19c5ed65dbd52b03c8c783813379e291/elements - {"using":"xpath","value":"//button[@data-kt=\"contractDetailEditBtnButton\"]"}
RESULT: {"using":"xpath","value":"//button[@data-kt=\"contractDetailEditBtnButton\"]"}
COMMAND: POST /session/19c5ed65dbd52b03c8c783813379e291/elements - {"using":"xpath","value":"//button[@data-kt=\"contractDetailEditBtnButton\"]"}
RESULT: {"using":"xpath","value":"//button[@data-kt=\"contractDetailEditBtnButton\"]"}
COMMAND: POST /session/19c5ed65dbd52b03c8c783813379e291/elements - {"using":"xpath","value":"//button[@data-kt=\"contractDetailEditBtnButton\"]"}
RESULT: {"using":"xpath","value":"//button[@data-kt=\"contractDetailEditBtnButton\"]"}
COMMAND: POST /session/19c5ed65dbd52b03c8c783813379e291/elements - {"using":"xpath","value":"//button[@data-kt=\"contractDetailEditBtnButton\"]"}
RESULT: {"using":"xpath","value":"//button[@data-kt=\"contractDetailEditBtnButton\"]"}
COMMAND: POST /session/19c5ed65dbd52b03c8c783813379e291/elements - {"using":"xpath","value":"//button[@data-kt=\"contractDetailEditBtnButton\"]"}
RESULT: {"using":"xpath","value":"//button[@data-kt=\"contractDetailEditBtnButton\"]"}
COMMAND: POST /session/19c5ed65dbd52b03c8c783813379e291/elements - {"using":"xpath","value":"//button[@data-kt=\"contractDetailEditBtnButton\"]"}
RESULT: {"using":"xpath","value":"//button[@data-kt=\"contractDetailEditBtnButton\"]"}
COMMAND: POST /session/19c5ed65dbd52b03c8c783813379e291/elements - {"using":"xpath","value":"//button[@data-kt=\"contractDetailEditBtnButton\"]"}
RESULT: {"using":"xpath","value":"//button[@data-kt=\"contractDetailEditBtnButton\"]"}
COMMAND: POST /session/19c5ed65dbd52b03c8c783813379e291/elements - {"using":"xpath","value":"//button[@data-kt=\"contractDetailEditBtnButton\"]"}
RESULT: {"using":"xpath","value":"//button[@data-kt=\"contractDetailEditBtnButton\"]"}
COMMAND: POST /session/19c5ed65dbd52b03c8c783813379e291/elements - {"using":"xpath","value":"//button[@data-kt=\"contractDetailEditBtnButton\"]"}
RESULT: {"using":"xpath","value":"//button[@data-kt=\"contractDetailEditBtnButton\"]"}
COMMAND: POST /session/19c5ed65dbd52b03c8c783813379e291/elements - {"using":"xpath","value":"//button[@data-kt=\"contractDetailEditBtnButton\"]"}
RESULT: {"using":"xpath","value":"//button[@data-kt=\"contractDetailEditBtnButton\"]"}
COMMAND: POST /session/19c5ed65dbd52b03c8c783813379e291/elements - {"using":"xpath","value":"//button[@data-kt=\"contractDetailEditBtnButton\"]"}
RESULT: {"using":"xpath","value":"//button[@data-kt=\"contractDetailEditBtnButton\"]"}
COMMAND: POST /session/19c5ed65dbd52b03c8c783813379e291/elements - {"using":"xpath","value":"//button[@data-kt=\"contractDetailEditBtnButton\"]"}
RESULT: {"using":"xpath","value":"//button[@data-kt=\"contractDetailEditBtnButton\"]"}
COMMAND: POST /session/19c5ed65dbd52b03c8c783813379e291/elements - {"using":"xpath","value":"//button[@data-kt=\"contractDetailEditBtnButton\"]"}
RESULT: {"using":"xpath","value":"//button[@data-kt=\"contractDetailEditBtnButton\"]"}
COMMAND: POST /session/19c5ed65dbd52b03c8c783813379e291/elements - {"using":"xpath","value":"//button[@data-kt=\"contractDetailEditBtnButton\"]"}
RESULT: {"using":"xpath","value":"//button[@data-kt=\"contractDetailEditBtnButton\"]"}
COMMAND: POST /session/19c5ed65dbd52b03c8c783813379e291/elements - {"using":"xpath","value":"//button[@data-kt=\"contractDetailEditBtnButton\"]"}
RESULT: {"using":"xpath","value":"//button[@data-kt=\"contractDetailEditBtnButton\"]"}
COMMAND: POST /session/19c5ed65dbd52b03c8c783813379e291/elements - {"using":"xpath","value":"//button[@data-kt=\"contractDetailEditBtnButton\"]"}
RESULT: {"using":"xpath","value":"//button[@data-kt=\"contractDetailEditBtnButton\"]"}
COMMAND: POST /session/19c5ed65dbd52b03c8c783813379e291/elements - {"using":"xpath","value":"//button[@data-kt=\"contractDetailEditBtnButton\"]"}
RESULT: {"using":"xpath","value":"//button[@data-kt=\"contractDetailEditBtnButton\"]"}
COMMAND: POST /session/19c5ed65dbd52b03c8c783813379e291/elements - {"using":"xpath","value":"//button[@data-kt=\"contractDetailEditBtnButton\"]"}
RESULT: {"using":"xpath","value":"//button[@data-kt=\"contractDetailEditBtnButton\"]"}
COMMAND: POST /session/19c5ed65dbd52b03c8c783813379e291/elements - {"using":"xpath","value":"//button[@data-kt=\"contractDetailEditBtnButton\"]"}
RESULT: {"using":"xpath","value":"//button[@data-kt=\"contractDetailEditBtnButton\"]"}
COMMAND: POST /session/19c5ed65dbd52b03c8c783813379e291/elements - {"using":"xpath","value":"//button[@data-kt=\"contractDetailEditBtnButton\"]"}
RESULT: {"using":"xpath","value":"//button[@data-kt=\"contractDetailEditBtnButton\"]"}
COMMAND: POST /session/19c5ed65dbd52b03c8c783813379e291/elements - {"using":"xpath","value":"//button[@data-kt=\"contractDetailEditBtnButton\"]"}
RESULT: {"using":"xpath","value":"//button[@data-kt=\"contractDetailEditBtnButton\"]"}
COMMAND: POST /session/19c5ed65dbd52b03c8c783813379e291/elements - {"using":"xpath","value":"//button[@data-kt=\"contractDetailEditBtnButton\"]"}
RESULT: {"using":"xpath","value":"//button[@data-kt=\"contractDetailEditBtnButton\"]"}
COMMAND: POST /session/19c5ed65dbd52b03c8c783813379e291/elements - {"using":"xpath","value":"//button[@data-kt=\"contractDetailEditBtnButton\"]"}
RESULT: {"using":"xpath","value":"//button[@data-kt=\"contractDetailEditBtnButton\"]"}
COMMAND: POST /session/19c5ed65dbd52b03c8c783813379e291/elements - {"using":"xpath","value":"//button[@data-kt=\"contractDetailEditBtnButton\"]"}
RESULT: {"using":"xpath","value":"//button[@data-kt=\"contractDetailEditBtnButton\"]"}
COMMAND: POST /session/19c5ed65dbd52b03c8c783813379e291/elements - {"using":"xpath","value":"//button[@data-kt=\"contractDetailEditBtnButton\"]"}
RESULT: {"using":"xpath","value":"//button[@data-kt=\"contractDetailEditBtnButton\"]"}
COMMAND: POST /session/19c5ed65dbd52b03c8c783813379e291/elements - {"using":"xpath","value":"//button[@data-kt=\"contractDetailEditBtnButton\"]"}
RESULT: {"using":"xpath","value":"//button[@data-kt=\"contractDetailEditBtnButton\"]"}
COMMAND: POST /session/19c5ed65dbd52b03c8c783813379e291/elements - {"using":"xpath","value":"//button[@data-kt=\"contractDetailEditBtnButton\"]"}
RESULT: {"using":"xpath","value":"//button[@data-kt=\"contractDetailEditBtnButton\"]"}
COMMAND: POST /session/19c5ed65dbd52b03c8c783813379e291/elements - {"using":"xpath","value":"//button[@data-kt=\"contractDetailEditBtnButton\"]"}
RESULT: {"using":"xpath","value":"//button[@data-kt=\"contractDetailEditBtnButton\"]"}
COMMAND: POST /session/19c5ed65dbd52b03c8c783813379e291/elements - {"using":"xpath","value":"//button[@data-kt=\"contractDetailEditBtnButton\"]"}
RESULT: {"using":"xpath","value":"//button[@data-kt=\"contractDetailEditBtnButton\"]"}
COMMAND: POST /session/19c5ed65dbd52b03c8c783813379e291/elements - {"using":"xpath","value":"//button[@data-kt=\"contractDetailEditBtnButton\"]"}
RESULT: {"using":"xpath","value":"//button[@data-kt=\"contractDetailEditBtnButton\"]"}
COMMAND: POST /session/19c5ed65dbd52b03c8c783813379e291/elements - {"using":"xpath","value":"//button[@data-kt=\"contractDetailEditBtnButton\"]"}
RESULT: {"using":"xpath","value":"//button[@data-kt=\"contractDetailEditBtnButton\"]"}
COMMAND: POST /session/19c5ed65dbd52b03c8c783813379e291/elements - {"using":"xpath","value":"//button[@data-kt=\"contractDetailEditBtnButton\"]"}
RESULT: {"using":"xpath","value":"//button[@data-kt=\"contractDetailEditBtnButton\"]"}
COMMAND: POST /session/19c5ed65dbd52b03c8c783813379e291/elements - {"using":"xpath","value":"//button[@data-kt=\"contractDetailEditBtnButton\"]"}
RESULT: {"using":"xpath","value":"//button[@data-kt=\"contractDetailEditBtnButton\"]"}
COMMAND: POST /session/19c5ed65dbd52b03c8c783813379e291/elements - {"using":"xpath","value":"//button[@data-kt=\"contractDetailEditBtnButton\"]"}
RESULT: {"using":"xpath","value":"//button[@data-kt=\"contractDetailEditBtnButton\"]"}
COMMAND: POST /session/19c5ed65dbd52b03c8c783813379e291/elements - {"using":"xpath","value":"//button[@data-kt=\"contractDetailEditBtnButton\"]"}
RESULT: {"using":"xpath","value":"//button[@data-kt=\"contractDetailEditBtnButton\"]"}
COMMAND: POST /session/19c5ed65dbd52b03c8c783813379e291/elements - {"using":"xpath","value":"//button[@data-kt=\"contractDetailEditBtnButton\"]"}
RESULT: {"using":"xpath","value":"//button[@data-kt=\"contractDetailEditBtnButton\"]"}
COMMAND: POST /session/19c5ed65dbd52b03c8c783813379e291/elements - {"using":"xpath","value":"//button[@data-kt=\"contractDetailEditBtnButton\"]"}
RESULT: {"using":"xpath","value":"//button[@data-kt=\"contractDetailEditBtnButton\"]"}
COMMAND: POST /session/19c5ed65dbd52b03c8c783813379e291/elements - {"using":"xpath","value":"//button[@data-kt=\"contractDetailEditBtnButton\"]"}
RESULT: {"using":"xpath","value":"//button[@data-kt=\"contractDetailEditBtnButton\"]"}
COMMAND: POST /session/19c5ed65dbd52b03c8c783813379e291/elements - {"using":"xpath","value":"//button[@data-kt=\"contractDetailEditBtnButton\"]"}
RESULT: {"using":"xpath","value":"//button[@data-kt=\"contractDetailEditBtnButton\"]"}
COMMAND: POST /session/19c5ed65dbd52b03c8c783813379e291/elements - {"using":"xpath","value":"//button[@data-kt=\"contractDetailEditBtnButton\"]"}
RESULT: {"using":"xpath","value":"//button[@data-kt=\"contractDetailEditBtnButton\"]"}
COMMAND: POST /session/19c5ed65dbd52b03c8c783813379e291/elements - {"using":"xpath","value":"//button[@data-kt=\"contractDetailEditBtnButton\"]"}
RESULT: {"using":"xpath","value":"//button[@data-kt=\"contractDetailEditBtnButton\"]"}
COMMAND: POST /session/19c5ed65dbd52b03c8c783813379e291/elements - {"using":"xpath","value":"//button[@data-kt=\"contractDetailEditBtnButton\"]"}
RESULT: {"using":"xpath","value":"//button[@data-kt=\"contractDetailEditBtnButton\"]"}
COMMAND: POST /session/19c5ed65dbd52b03c8c783813379e291/elements - {"using":"xpath","value":"//button[@data-kt=\"contractDetailEditBtnButton\"]"}
RESULT: {"using":"xpath","value":"//button[@data-kt=\"contractDetailEditBtnButton\"]"}
COMMAND: POST /session/19c5ed65dbd52b03c8c783813379e291/elements - {"using":"xpath","value":"//button[@data-kt=\"contractDetailEditBtnButton\"]"}
RESULT: {"using":"xpath","value":"//button[@data-kt=\"contractDetailEditBtnButton\"]"}
COMMAND: POST /session/19c5ed65dbd52b03c8c783813379e291/elements - {"using":"xpath","value":"//button[@data-kt=\"contractDetailEditBtnButton\"]"}
RESULT: {"using":"xpath","value":"//button[@data-kt=\"contractDetailEditBtnButton\"]"}
COMMAND: POST /session/19c5ed65dbd52b03c8c783813379e291/elements - {"using":"xpath","value":"//button[@data-kt=\"contractDetailEditBtnButton\"]"}
RESULT: {"using":"xpath","value":"//button[@data-kt=\"contractDetailEditBtnButton\"]"}
COMMAND: POST /session/19c5ed65dbd52b03c8c783813379e291/elements - {"using":"xpath","value":"//button[@data-kt=\"contractDetailEditBtnButton\"]"}
RESULT: {"using":"xpath","value":"//button[@data-kt=\"contractDetailEditBtnButton\"]"}
COMMAND: POST /session/19c5ed65dbd52b03c8c783813379e291/elements - {"using":"xpath","value":"//button[@data-kt=\"contractDetailEditBtnButton\"]"}
RESULT: {"using":"xpath","value":"//button[@data-kt=\"contractDetailEditBtnButton\"]"}
COMMAND: POST /session/19c5ed65dbd52b03c8c783813379e291/elements - {"using":"xpath","value":"//button[@data-kt=\"contractDetailEditBtnButton\"]"}
RESULT: {"using":"xpath","value":"//button[@data-kt=\"contractDetailEditBtnButton\"]"}
COMMAND: POST /session/19c5ed65dbd52b03c8c783813379e291/elements - {"using":"xpath","value":"//button[@data-kt=\"contractDetailEditBtnButton\"]"}
RESULT: {"using":"xpath","value":"//button[@data-kt=\"contractDetailEditBtnButton\"]"}
COMMAND: POST /session/19c5ed65dbd52b03c8c783813379e291/elements - {"using":"xpath","value":"//button[@data-kt=\"contractDetailEditBtnButton\"]"}
RESULT: {"using":"xpath","value":"//button[@data-kt=\"contractDetailEditBtnButton\"]"}
COMMAND: POST /session/19c5ed65dbd52b03c8c783813379e291/elements - {"using":"xpath","value":"//button[@data-kt=\"contractDetailEditBtnButton\"]"}
RESULT: {"using":"xpath","value":"//button[@data-kt=\"contractDetailEditBtnButton\"]"}
COMMAND: POST /session/19c5ed65dbd52b03c8c783813379e291/elements - {"using":"xpath","value":"//button[@data-kt=\"contractDetailEditBtnButton\"]"}
RESULT: {"using":"xpath","value":"//button[@data-kt=\"contractDetailEditBtnButton\"]"}
COMMAND: POST /session/19c5ed65dbd52b03c8c783813379e291/elements - {"using":"xpath","value":"//button[@data-kt=\"contractDetailEditBtnButton\"]"}
RESULT: {"using":"xpath","value":"//button[@data-kt=\"contractDetailEditBtnButton\"]"}
COMMAND: POST /session/19c5ed65dbd52b03c8c783813379e291/elements - {"using":"xpath","value":"//button[@data-kt=\"contractDetailEditBtnButton\"]"}
RESULT: {"using":"xpath","value":"//button[@data-kt=\"contractDetailEditBtnButton\"]"}
COMMAND: POST /session/19c5ed65dbd52b03c8c783813379e291/elements - {"using":"xpath","value":"//button[@data-kt=\"contractDetailEditBtnButton\"]"}
RESULT: {"using":"xpath","value":"//button[@data-kt=\"contractDetailEditBtnButton\"]"}
COMMAND: POST /session/19c5ed65dbd52b03c8c783813379e291/elements - {"using":"xpath","value":"//button[@data-kt=\"contractDetailEditBtnButton\"]"}
RESULT: {"using":"xpath","value":"//button[@data-kt=\"contractDetailEditBtnButton\"]"}
COMMAND: POST /session/19c5ed65dbd52b03c8c783813379e291/elements - {"using":"xpath","value":"//button[@data-kt=\"contractDetailEditBtnButton\"]"}
RESULT: {"using":"xpath","value":"//button[@data-kt=\"contractDetailEditBtnButton\"]"}
COMMAND: POST /session/19c5ed65dbd52b03c8c783813379e291/elements - {"using":"xpath","value":"//button[@data-kt=\"contractDetailEditBtnButton\"]"}
RESULT: {"using":"xpath","value":"//button[@data-kt=\"contractDetailEditBtnButton\"]"}
COMMAND: POST /session/19c5ed65dbd52b03c8c783813379e291/elements - {"using":"xpath","value":"//button[@data-kt=\"contractDetailEditBtnButton\"]"}
RESULT: {"using":"xpath","value":"//button[@data-kt=\"contractDetailEditBtnButton\"]"}
COMMAND: POST /session/19c5ed65dbd52b03c8c783813379e291/elements - {"using":"xpath","value":"//button[@data-kt=\"contractDetailEditBtnButton\"]"}
RESULT: {"using":"xpath","value":"//button[@data-kt=\"contractDetailEditBtnButton\"]"}
COMMAND: POST /session/19c5ed65dbd52b03c8c783813379e291/elements - {"using":"xpath","value":"//button[@data-kt=\"contractDetailEditBtnButton\"]"}
RESULT: {"using":"xpath","value":"//button[@data-kt=\"contractDetailEditBtnButton\"]"}
COMMAND: POST /session/19c5ed65dbd52b03c8c783813379e291/elements - {"using":"xpath","value":"//button[@data-kt=\"contractDetailEditBtnButton\"]"}
RESULT: {"using":"xpath","value":"//button[@data-kt=\"contractDetailEditBtnButton\"]"}
COMMAND: POST /session/19c5ed65dbd52b03c8c783813379e291/elements - {"using":"xpath","value":"//button[@data-kt=\"contractDetailEditBtnButton\"]"}
RESULT: {"using":"xpath","value":"//button[@data-kt=\"contractDetailEditBtnButton\"]"}
COMMAND: POST /session/19c5ed65dbd52b03c8c783813379e291/elements - {"using":"xpath","value":"//button[@data-kt=\"contractDetailEditBtnButton\"]"}
RESULT: {"using":"xpath","value":"//button[@data-kt=\"contractDetailEditBtnButton\"]"}
COMMAND: POST /session/19c5ed65dbd52b03c8c783813379e291/elements - {"using":"xpath","value":"//button[@data-kt=\"contractDetailEditBtnButton\"]"}
RESULT: {"using":"xpath","value":"//button[@data-kt=\"contractDetailEditBtnButton\"]"}
COMMAND: POST /session/19c5ed65dbd52b03c8c783813379e291/elements - {"using":"xpath","value":"//button[@data-kt=\"contractDetailEditBtnButton\"]"}
RESULT: {"using":"xpath","value":"//button[@data-kt=\"contractDetailEditBtnButton\"]"}
COMMAND: POST /session/19c5ed65dbd52b03c8c783813379e291/elements - {"using":"xpath","value":"//button[@data-kt=\"contractDetailEditBtnButton\"]"}
RESULT: {"using":"xpath","value":"//button[@data-kt=\"contractDetailEditBtnButton\"]"}
COMMAND: POST /session/19c5ed65dbd52b03c8c783813379e291/elements - {"using":"xpath","value":"//button[@data-kt=\"contractDetailEditBtnButton\"]"}
RESULT: {"using":"xpath","value":"//button[@data-kt=\"contractDetailEditBtnButton\"]"}
COMMAND: POST /session/19c5ed65dbd52b03c8c783813379e291/elements - {"using":"xpath","value":"//button[@data-kt=\"contractDetailEditBtnButton\"]"}
RESULT: {"using":"xpath","value":"//button[@data-kt=\"contractDetailEditBtnButton\"]"}
COMMAND: POST /session/19c5ed65dbd52b03c8c783813379e291/elements - {"using":"xpath","value":"//button[@data-kt=\"contractDetailEditBtnButton\"]"}
COMMAND: GET /session/19c5ed65dbd52b03c8c783813379e291/screenshot - {}
RESULT: {"using":"xpath","value":"//button[@data-kt=\"contractDetailEditBtnButton\"]"}
RESULT: {}
]]></system-out>
      <system-err><![CDATA[
Error: Can't call click on element with selector "//button[@data-kt="contractDetailEditBtnButton"]" because element wasn't found
    at async UtilsPrerequisites.addItemToContract (D:\a\1\s\test\specs\BTS\prerequisites-and-utils-functions.js:1852:9)
    at async Context.<anonymous> (D:\a\1\s\test\specs\BTS\billing-calculation-transp-times.spec.js:69:9)
]]></system-err>
    </testcase>
    <testcase classname="chrome.136_0_7103_93.windows.Billing_Calculation_-_Time_based_(considering_transport_times)_US139738" name="Should do a provide to site 2 step" time="60.466">
      <failure/>
      <error message="Can't call click on element with selector &quot;//button[@data-kt=&quot;provideButton&quot;]&quot; because element wasn't found"/>
      <system-out><![CDATA[
COMMAND: POST /session/19c5ed65dbd52b03c8c783813379e291/element - {"using":"xpath","value":"//button[@data-kt=\"provideButton\"]"}
COMMAND: GET /session/19c5ed65dbd52b03c8c783813379e291/screenshot - {}
RESULT: {"using":"xpath","value":"//button[@data-kt=\"provideButton\"]"}
COMMAND: POST /session/19c5ed65dbd52b03c8c783813379e291/elements - {"using":"xpath","value":"//button[@data-kt=\"provideButton\"]"}
RESULT: {}
RESULT: {"using":"xpath","value":"//button[@data-kt=\"provideButton\"]"}
COMMAND: POST /session/19c5ed65dbd52b03c8c783813379e291/elements - {"using":"xpath","value":"//button[@data-kt=\"provideButton\"]"}
RESULT: {"using":"xpath","value":"//button[@data-kt=\"provideButton\"]"}
COMMAND: POST /session/19c5ed65dbd52b03c8c783813379e291/elements - {"using":"xpath","value":"//button[@data-kt=\"provideButton\"]"}
RESULT: {"using":"xpath","value":"//button[@data-kt=\"provideButton\"]"}
COMMAND: POST /session/19c5ed65dbd52b03c8c783813379e291/elements - {"using":"xpath","value":"//button[@data-kt=\"provideButton\"]"}
RESULT: {"using":"xpath","value":"//button[@data-kt=\"provideButton\"]"}
COMMAND: POST /session/19c5ed65dbd52b03c8c783813379e291/elements - {"using":"xpath","value":"//button[@data-kt=\"provideButton\"]"}
RESULT: {"using":"xpath","value":"//button[@data-kt=\"provideButton\"]"}
COMMAND: POST /session/19c5ed65dbd52b03c8c783813379e291/elements - {"using":"xpath","value":"//button[@data-kt=\"provideButton\"]"}
RESULT: {"using":"xpath","value":"//button[@data-kt=\"provideButton\"]"}
COMMAND: POST /session/19c5ed65dbd52b03c8c783813379e291/elements - {"using":"xpath","value":"//button[@data-kt=\"provideButton\"]"}
RESULT: {"using":"xpath","value":"//button[@data-kt=\"provideButton\"]"}
COMMAND: POST /session/19c5ed65dbd52b03c8c783813379e291/elements - {"using":"xpath","value":"//button[@data-kt=\"provideButton\"]"}
RESULT: {"using":"xpath","value":"//button[@data-kt=\"provideButton\"]"}
COMMAND: POST /session/19c5ed65dbd52b03c8c783813379e291/elements - {"using":"xpath","value":"//button[@data-kt=\"provideButton\"]"}
RESULT: {"using":"xpath","value":"//button[@data-kt=\"provideButton\"]"}
COMMAND: POST /session/19c5ed65dbd52b03c8c783813379e291/elements - {"using":"xpath","value":"//button[@data-kt=\"provideButton\"]"}
RESULT: {"using":"xpath","value":"//button[@data-kt=\"provideButton\"]"}
COMMAND: POST /session/19c5ed65dbd52b03c8c783813379e291/elements - {"using":"xpath","value":"//button[@data-kt=\"provideButton\"]"}
RESULT: {"using":"xpath","value":"//button[@data-kt=\"provideButton\"]"}
COMMAND: POST /session/19c5ed65dbd52b03c8c783813379e291/elements - {"using":"xpath","value":"//button[@data-kt=\"provideButton\"]"}
RESULT: {"using":"xpath","value":"//button[@data-kt=\"provideButton\"]"}
COMMAND: POST /session/19c5ed65dbd52b03c8c783813379e291/elements - {"using":"xpath","value":"//button[@data-kt=\"provideButton\"]"}
RESULT: {"using":"xpath","value":"//button[@data-kt=\"provideButton\"]"}
COMMAND: POST /session/19c5ed65dbd52b03c8c783813379e291/elements - {"using":"xpath","value":"//button[@data-kt=\"provideButton\"]"}
RESULT: {"using":"xpath","value":"//button[@data-kt=\"provideButton\"]"}
COMMAND: POST /session/19c5ed65dbd52b03c8c783813379e291/elements - {"using":"xpath","value":"//button[@data-kt=\"provideButton\"]"}
RESULT: {"using":"xpath","value":"//button[@data-kt=\"provideButton\"]"}
COMMAND: POST /session/19c5ed65dbd52b03c8c783813379e291/elements - {"using":"xpath","value":"//button[@data-kt=\"provideButton\"]"}
RESULT: {"using":"xpath","value":"//button[@data-kt=\"provideButton\"]"}
COMMAND: POST /session/19c5ed65dbd52b03c8c783813379e291/elements - {"using":"xpath","value":"//button[@data-kt=\"provideButton\"]"}
RESULT: {"using":"xpath","value":"//button[@data-kt=\"provideButton\"]"}
COMMAND: POST /session/19c5ed65dbd52b03c8c783813379e291/elements - {"using":"xpath","value":"//button[@data-kt=\"provideButton\"]"}
RESULT: {"using":"xpath","value":"//button[@data-kt=\"provideButton\"]"}
COMMAND: POST /session/19c5ed65dbd52b03c8c783813379e291/elements - {"using":"xpath","value":"//button[@data-kt=\"provideButton\"]"}
RESULT: {"using":"xpath","value":"//button[@data-kt=\"provideButton\"]"}
COMMAND: POST /session/19c5ed65dbd52b03c8c783813379e291/elements - {"using":"xpath","value":"//button[@data-kt=\"provideButton\"]"}
RESULT: {"using":"xpath","value":"//button[@data-kt=\"provideButton\"]"}
COMMAND: POST /session/19c5ed65dbd52b03c8c783813379e291/elements - {"using":"xpath","value":"//button[@data-kt=\"provideButton\"]"}
RESULT: {"using":"xpath","value":"//button[@data-kt=\"provideButton\"]"}
COMMAND: POST /session/19c5ed65dbd52b03c8c783813379e291/elements - {"using":"xpath","value":"//button[@data-kt=\"provideButton\"]"}
RESULT: {"using":"xpath","value":"//button[@data-kt=\"provideButton\"]"}
COMMAND: POST /session/19c5ed65dbd52b03c8c783813379e291/elements - {"using":"xpath","value":"//button[@data-kt=\"provideButton\"]"}
RESULT: {"using":"xpath","value":"//button[@data-kt=\"provideButton\"]"}
COMMAND: POST /session/19c5ed65dbd52b03c8c783813379e291/elements - {"using":"xpath","value":"//button[@data-kt=\"provideButton\"]"}
RESULT: {"using":"xpath","value":"//button[@data-kt=\"provideButton\"]"}
COMMAND: POST /session/19c5ed65dbd52b03c8c783813379e291/elements - {"using":"xpath","value":"//button[@data-kt=\"provideButton\"]"}
RESULT: {"using":"xpath","value":"//button[@data-kt=\"provideButton\"]"}
COMMAND: POST /session/19c5ed65dbd52b03c8c783813379e291/elements - {"using":"xpath","value":"//button[@data-kt=\"provideButton\"]"}
RESULT: {"using":"xpath","value":"//button[@data-kt=\"provideButton\"]"}
COMMAND: POST /session/19c5ed65dbd52b03c8c783813379e291/elements - {"using":"xpath","value":"//button[@data-kt=\"provideButton\"]"}
RESULT: {"using":"xpath","value":"//button[@data-kt=\"provideButton\"]"}
COMMAND: POST /session/19c5ed65dbd52b03c8c783813379e291/elements - {"using":"xpath","value":"//button[@data-kt=\"provideButton\"]"}
RESULT: {"using":"xpath","value":"//button[@data-kt=\"provideButton\"]"}
COMMAND: POST /session/19c5ed65dbd52b03c8c783813379e291/elements - {"using":"xpath","value":"//button[@data-kt=\"provideButton\"]"}
RESULT: {"using":"xpath","value":"//button[@data-kt=\"provideButton\"]"}
COMMAND: POST /session/19c5ed65dbd52b03c8c783813379e291/elements - {"using":"xpath","value":"//button[@data-kt=\"provideButton\"]"}
RESULT: {"using":"xpath","value":"//button[@data-kt=\"provideButton\"]"}
COMMAND: POST /session/19c5ed65dbd52b03c8c783813379e291/elements - {"using":"xpath","value":"//button[@data-kt=\"provideButton\"]"}
RESULT: {"using":"xpath","value":"//button[@data-kt=\"provideButton\"]"}
COMMAND: POST /session/19c5ed65dbd52b03c8c783813379e291/elements - {"using":"xpath","value":"//button[@data-kt=\"provideButton\"]"}
RESULT: {"using":"xpath","value":"//button[@data-kt=\"provideButton\"]"}
COMMAND: POST /session/19c5ed65dbd52b03c8c783813379e291/elements - {"using":"xpath","value":"//button[@data-kt=\"provideButton\"]"}
RESULT: {"using":"xpath","value":"//button[@data-kt=\"provideButton\"]"}
COMMAND: POST /session/19c5ed65dbd52b03c8c783813379e291/elements - {"using":"xpath","value":"//button[@data-kt=\"provideButton\"]"}
RESULT: {"using":"xpath","value":"//button[@data-kt=\"provideButton\"]"}
COMMAND: POST /session/19c5ed65dbd52b03c8c783813379e291/elements - {"using":"xpath","value":"//button[@data-kt=\"provideButton\"]"}
RESULT: {"using":"xpath","value":"//button[@data-kt=\"provideButton\"]"}
COMMAND: POST /session/19c5ed65dbd52b03c8c783813379e291/elements - {"using":"xpath","value":"//button[@data-kt=\"provideButton\"]"}
RESULT: {"using":"xpath","value":"//button[@data-kt=\"provideButton\"]"}
COMMAND: POST /session/19c5ed65dbd52b03c8c783813379e291/elements - {"using":"xpath","value":"//button[@data-kt=\"provideButton\"]"}
RESULT: {"using":"xpath","value":"//button[@data-kt=\"provideButton\"]"}
COMMAND: POST /session/19c5ed65dbd52b03c8c783813379e291/elements - {"using":"xpath","value":"//button[@data-kt=\"provideButton\"]"}
RESULT: {"using":"xpath","value":"//button[@data-kt=\"provideButton\"]"}
COMMAND: POST /session/19c5ed65dbd52b03c8c783813379e291/elements - {"using":"xpath","value":"//button[@data-kt=\"provideButton\"]"}
RESULT: {"using":"xpath","value":"//button[@data-kt=\"provideButton\"]"}
COMMAND: POST /session/19c5ed65dbd52b03c8c783813379e291/elements - {"using":"xpath","value":"//button[@data-kt=\"provideButton\"]"}
RESULT: {"using":"xpath","value":"//button[@data-kt=\"provideButton\"]"}
COMMAND: POST /session/19c5ed65dbd52b03c8c783813379e291/elements - {"using":"xpath","value":"//button[@data-kt=\"provideButton\"]"}
RESULT: {"using":"xpath","value":"//button[@data-kt=\"provideButton\"]"}
COMMAND: POST /session/19c5ed65dbd52b03c8c783813379e291/elements - {"using":"xpath","value":"//button[@data-kt=\"provideButton\"]"}
RESULT: {"using":"xpath","value":"//button[@data-kt=\"provideButton\"]"}
COMMAND: POST /session/19c5ed65dbd52b03c8c783813379e291/elements - {"using":"xpath","value":"//button[@data-kt=\"provideButton\"]"}
RESULT: {"using":"xpath","value":"//button[@data-kt=\"provideButton\"]"}
COMMAND: POST /session/19c5ed65dbd52b03c8c783813379e291/elements - {"using":"xpath","value":"//button[@data-kt=\"provideButton\"]"}
RESULT: {"using":"xpath","value":"//button[@data-kt=\"provideButton\"]"}
COMMAND: POST /session/19c5ed65dbd52b03c8c783813379e291/elements - {"using":"xpath","value":"//button[@data-kt=\"provideButton\"]"}
RESULT: {"using":"xpath","value":"//button[@data-kt=\"provideButton\"]"}
COMMAND: POST /session/19c5ed65dbd52b03c8c783813379e291/elements - {"using":"xpath","value":"//button[@data-kt=\"provideButton\"]"}
RESULT: {"using":"xpath","value":"//button[@data-kt=\"provideButton\"]"}
COMMAND: POST /session/19c5ed65dbd52b03c8c783813379e291/elements - {"using":"xpath","value":"//button[@data-kt=\"provideButton\"]"}
RESULT: {"using":"xpath","value":"//button[@data-kt=\"provideButton\"]"}
COMMAND: POST /session/19c5ed65dbd52b03c8c783813379e291/elements - {"using":"xpath","value":"//button[@data-kt=\"provideButton\"]"}
RESULT: {"using":"xpath","value":"//button[@data-kt=\"provideButton\"]"}
COMMAND: POST /session/19c5ed65dbd52b03c8c783813379e291/elements - {"using":"xpath","value":"//button[@data-kt=\"provideButton\"]"}
RESULT: {"using":"xpath","value":"//button[@data-kt=\"provideButton\"]"}
COMMAND: POST /session/19c5ed65dbd52b03c8c783813379e291/elements - {"using":"xpath","value":"//button[@data-kt=\"provideButton\"]"}
RESULT: {"using":"xpath","value":"//button[@data-kt=\"provideButton\"]"}
COMMAND: POST /session/19c5ed65dbd52b03c8c783813379e291/elements - {"using":"xpath","value":"//button[@data-kt=\"provideButton\"]"}
RESULT: {"using":"xpath","value":"//button[@data-kt=\"provideButton\"]"}
COMMAND: POST /session/19c5ed65dbd52b03c8c783813379e291/elements - {"using":"xpath","value":"//button[@data-kt=\"provideButton\"]"}
RESULT: {"using":"xpath","value":"//button[@data-kt=\"provideButton\"]"}
COMMAND: POST /session/19c5ed65dbd52b03c8c783813379e291/elements - {"using":"xpath","value":"//button[@data-kt=\"provideButton\"]"}
RESULT: {"using":"xpath","value":"//button[@data-kt=\"provideButton\"]"}
COMMAND: POST /session/19c5ed65dbd52b03c8c783813379e291/elements - {"using":"xpath","value":"//button[@data-kt=\"provideButton\"]"}
RESULT: {"using":"xpath","value":"//button[@data-kt=\"provideButton\"]"}
COMMAND: POST /session/19c5ed65dbd52b03c8c783813379e291/elements - {"using":"xpath","value":"//button[@data-kt=\"provideButton\"]"}
RESULT: {"using":"xpath","value":"//button[@data-kt=\"provideButton\"]"}
COMMAND: POST /session/19c5ed65dbd52b03c8c783813379e291/elements - {"using":"xpath","value":"//button[@data-kt=\"provideButton\"]"}
RESULT: {"using":"xpath","value":"//button[@data-kt=\"provideButton\"]"}
COMMAND: POST /session/19c5ed65dbd52b03c8c783813379e291/elements - {"using":"xpath","value":"//button[@data-kt=\"provideButton\"]"}
RESULT: {"using":"xpath","value":"//button[@data-kt=\"provideButton\"]"}
COMMAND: POST /session/19c5ed65dbd52b03c8c783813379e291/elements - {"using":"xpath","value":"//button[@data-kt=\"provideButton\"]"}
RESULT: {"using":"xpath","value":"//button[@data-kt=\"provideButton\"]"}
COMMAND: POST /session/19c5ed65dbd52b03c8c783813379e291/elements - {"using":"xpath","value":"//button[@data-kt=\"provideButton\"]"}
RESULT: {"using":"xpath","value":"//button[@data-kt=\"provideButton\"]"}
COMMAND: POST /session/19c5ed65dbd52b03c8c783813379e291/elements - {"using":"xpath","value":"//button[@data-kt=\"provideButton\"]"}
RESULT: {"using":"xpath","value":"//button[@data-kt=\"provideButton\"]"}
COMMAND: POST /session/19c5ed65dbd52b03c8c783813379e291/elements - {"using":"xpath","value":"//button[@data-kt=\"provideButton\"]"}
RESULT: {"using":"xpath","value":"//button[@data-kt=\"provideButton\"]"}
COMMAND: POST /session/19c5ed65dbd52b03c8c783813379e291/elements - {"using":"xpath","value":"//button[@data-kt=\"provideButton\"]"}
RESULT: {"using":"xpath","value":"//button[@data-kt=\"provideButton\"]"}
COMMAND: POST /session/19c5ed65dbd52b03c8c783813379e291/elements - {"using":"xpath","value":"//button[@data-kt=\"provideButton\"]"}
RESULT: {"using":"xpath","value":"//button[@data-kt=\"provideButton\"]"}
COMMAND: POST /session/19c5ed65dbd52b03c8c783813379e291/elements - {"using":"xpath","value":"//button[@data-kt=\"provideButton\"]"}
RESULT: {"using":"xpath","value":"//button[@data-kt=\"provideButton\"]"}
COMMAND: POST /session/19c5ed65dbd52b03c8c783813379e291/elements - {"using":"xpath","value":"//button[@data-kt=\"provideButton\"]"}
RESULT: {"using":"xpath","value":"//button[@data-kt=\"provideButton\"]"}
COMMAND: POST /session/19c5ed65dbd52b03c8c783813379e291/elements - {"using":"xpath","value":"//button[@data-kt=\"provideButton\"]"}
RESULT: {"using":"xpath","value":"//button[@data-kt=\"provideButton\"]"}
COMMAND: POST /session/19c5ed65dbd52b03c8c783813379e291/elements - {"using":"xpath","value":"//button[@data-kt=\"provideButton\"]"}
RESULT: {"using":"xpath","value":"//button[@data-kt=\"provideButton\"]"}
COMMAND: POST /session/19c5ed65dbd52b03c8c783813379e291/elements - {"using":"xpath","value":"//button[@data-kt=\"provideButton\"]"}
RESULT: {"using":"xpath","value":"//button[@data-kt=\"provideButton\"]"}
COMMAND: POST /session/19c5ed65dbd52b03c8c783813379e291/elements - {"using":"xpath","value":"//button[@data-kt=\"provideButton\"]"}
RESULT: {"using":"xpath","value":"//button[@data-kt=\"provideButton\"]"}
COMMAND: POST /session/19c5ed65dbd52b03c8c783813379e291/elements - {"using":"xpath","value":"//button[@data-kt=\"provideButton\"]"}
RESULT: {"using":"xpath","value":"//button[@data-kt=\"provideButton\"]"}
COMMAND: POST /session/19c5ed65dbd52b03c8c783813379e291/elements - {"using":"xpath","value":"//button[@data-kt=\"provideButton\"]"}
RESULT: {"using":"xpath","value":"//button[@data-kt=\"provideButton\"]"}
COMMAND: POST /session/19c5ed65dbd52b03c8c783813379e291/elements - {"using":"xpath","value":"//button[@data-kt=\"provideButton\"]"}
RESULT: {"using":"xpath","value":"//button[@data-kt=\"provideButton\"]"}
COMMAND: POST /session/19c5ed65dbd52b03c8c783813379e291/elements - {"using":"xpath","value":"//button[@data-kt=\"provideButton\"]"}
RESULT: {"using":"xpath","value":"//button[@data-kt=\"provideButton\"]"}
COMMAND: POST /session/19c5ed65dbd52b03c8c783813379e291/elements - {"using":"xpath","value":"//button[@data-kt=\"provideButton\"]"}
RESULT: {"using":"xpath","value":"//button[@data-kt=\"provideButton\"]"}
COMMAND: POST /session/19c5ed65dbd52b03c8c783813379e291/elements - {"using":"xpath","value":"//button[@data-kt=\"provideButton\"]"}
RESULT: {"using":"xpath","value":"//button[@data-kt=\"provideButton\"]"}
COMMAND: POST /session/19c5ed65dbd52b03c8c783813379e291/elements - {"using":"xpath","value":"//button[@data-kt=\"provideButton\"]"}
RESULT: {"using":"xpath","value":"//button[@data-kt=\"provideButton\"]"}
COMMAND: POST /session/19c5ed65dbd52b03c8c783813379e291/elements - {"using":"xpath","value":"//button[@data-kt=\"provideButton\"]"}
RESULT: {"using":"xpath","value":"//button[@data-kt=\"provideButton\"]"}
COMMAND: POST /session/19c5ed65dbd52b03c8c783813379e291/elements - {"using":"xpath","value":"//button[@data-kt=\"provideButton\"]"}
RESULT: {"using":"xpath","value":"//button[@data-kt=\"provideButton\"]"}
COMMAND: POST /session/19c5ed65dbd52b03c8c783813379e291/elements - {"using":"xpath","value":"//button[@data-kt=\"provideButton\"]"}
RESULT: {"using":"xpath","value":"//button[@data-kt=\"provideButton\"]"}
COMMAND: POST /session/19c5ed65dbd52b03c8c783813379e291/elements - {"using":"xpath","value":"//button[@data-kt=\"provideButton\"]"}
RESULT: {"using":"xpath","value":"//button[@data-kt=\"provideButton\"]"}
COMMAND: POST /session/19c5ed65dbd52b03c8c783813379e291/elements - {"using":"xpath","value":"//button[@data-kt=\"provideButton\"]"}
RESULT: {"using":"xpath","value":"//button[@data-kt=\"provideButton\"]"}
COMMAND: POST /session/19c5ed65dbd52b03c8c783813379e291/elements - {"using":"xpath","value":"//button[@data-kt=\"provideButton\"]"}
RESULT: {"using":"xpath","value":"//button[@data-kt=\"provideButton\"]"}
COMMAND: POST /session/19c5ed65dbd52b03c8c783813379e291/elements - {"using":"xpath","value":"//button[@data-kt=\"provideButton\"]"}
RESULT: {"using":"xpath","value":"//button[@data-kt=\"provideButton\"]"}
COMMAND: POST /session/19c5ed65dbd52b03c8c783813379e291/elements - {"using":"xpath","value":"//button[@data-kt=\"provideButton\"]"}
RESULT: {"using":"xpath","value":"//button[@data-kt=\"provideButton\"]"}
COMMAND: POST /session/19c5ed65dbd52b03c8c783813379e291/elements - {"using":"xpath","value":"//button[@data-kt=\"provideButton\"]"}
RESULT: {"using":"xpath","value":"//button[@data-kt=\"provideButton\"]"}
COMMAND: POST /session/19c5ed65dbd52b03c8c783813379e291/elements - {"using":"xpath","value":"//button[@data-kt=\"provideButton\"]"}
RESULT: {"using":"xpath","value":"//button[@data-kt=\"provideButton\"]"}
COMMAND: POST /session/19c5ed65dbd52b03c8c783813379e291/elements - {"using":"xpath","value":"//button[@data-kt=\"provideButton\"]"}
RESULT: {"using":"xpath","value":"//button[@data-kt=\"provideButton\"]"}
COMMAND: POST /session/19c5ed65dbd52b03c8c783813379e291/elements - {"using":"xpath","value":"//button[@data-kt=\"provideButton\"]"}
RESULT: {"using":"xpath","value":"//button[@data-kt=\"provideButton\"]"}
COMMAND: POST /session/19c5ed65dbd52b03c8c783813379e291/elements - {"using":"xpath","value":"//button[@data-kt=\"provideButton\"]"}
RESULT: {"using":"xpath","value":"//button[@data-kt=\"provideButton\"]"}
COMMAND: POST /session/19c5ed65dbd52b03c8c783813379e291/elements - {"using":"xpath","value":"//button[@data-kt=\"provideButton\"]"}
RESULT: {"using":"xpath","value":"//button[@data-kt=\"provideButton\"]"}
COMMAND: POST /session/19c5ed65dbd52b03c8c783813379e291/elements - {"using":"xpath","value":"//button[@data-kt=\"provideButton\"]"}
RESULT: {"using":"xpath","value":"//button[@data-kt=\"provideButton\"]"}
COMMAND: POST /session/19c5ed65dbd52b03c8c783813379e291/elements - {"using":"xpath","value":"//button[@data-kt=\"provideButton\"]"}
RESULT: {"using":"xpath","value":"//button[@data-kt=\"provideButton\"]"}
COMMAND: POST /session/19c5ed65dbd52b03c8c783813379e291/elements - {"using":"xpath","value":"//button[@data-kt=\"provideButton\"]"}
RESULT: {"using":"xpath","value":"//button[@data-kt=\"provideButton\"]"}
COMMAND: POST /session/19c5ed65dbd52b03c8c783813379e291/elements - {"using":"xpath","value":"//button[@data-kt=\"provideButton\"]"}
RESULT: {"using":"xpath","value":"//button[@data-kt=\"provideButton\"]"}
COMMAND: POST /session/19c5ed65dbd52b03c8c783813379e291/elements - {"using":"xpath","value":"//button[@data-kt=\"provideButton\"]"}
RESULT: {"using":"xpath","value":"//button[@data-kt=\"provideButton\"]"}
COMMAND: POST /session/19c5ed65dbd52b03c8c783813379e291/elements - {"using":"xpath","value":"//button[@data-kt=\"provideButton\"]"}
RESULT: {"using":"xpath","value":"//button[@data-kt=\"provideButton\"]"}
COMMAND: POST /session/19c5ed65dbd52b03c8c783813379e291/elements - {"using":"xpath","value":"//button[@data-kt=\"provideButton\"]"}
RESULT: {"using":"xpath","value":"//button[@data-kt=\"provideButton\"]"}
COMMAND: POST /session/19c5ed65dbd52b03c8c783813379e291/elements - {"using":"xpath","value":"//button[@data-kt=\"provideButton\"]"}
RESULT: {"using":"xpath","value":"//button[@data-kt=\"provideButton\"]"}
COMMAND: POST /session/19c5ed65dbd52b03c8c783813379e291/elements - {"using":"xpath","value":"//button[@data-kt=\"provideButton\"]"}
RESULT: {"using":"xpath","value":"//button[@data-kt=\"provideButton\"]"}
COMMAND: POST /session/19c5ed65dbd52b03c8c783813379e291/elements - {"using":"xpath","value":"//button[@data-kt=\"provideButton\"]"}
RESULT: {"using":"xpath","value":"//button[@data-kt=\"provideButton\"]"}
COMMAND: POST /session/19c5ed65dbd52b03c8c783813379e291/elements - {"using":"xpath","value":"//button[@data-kt=\"provideButton\"]"}
RESULT: {"using":"xpath","value":"//button[@data-kt=\"provideButton\"]"}
COMMAND: POST /session/19c5ed65dbd52b03c8c783813379e291/elements - {"using":"xpath","value":"//button[@data-kt=\"provideButton\"]"}
RESULT: {"using":"xpath","value":"//button[@data-kt=\"provideButton\"]"}
COMMAND: POST /session/19c5ed65dbd52b03c8c783813379e291/elements - {"using":"xpath","value":"//button[@data-kt=\"provideButton\"]"}
RESULT: {"using":"xpath","value":"//button[@data-kt=\"provideButton\"]"}
COMMAND: POST /session/19c5ed65dbd52b03c8c783813379e291/elements - {"using":"xpath","value":"//button[@data-kt=\"provideButton\"]"}
RESULT: {"using":"xpath","value":"//button[@data-kt=\"provideButton\"]"}
COMMAND: POST /session/19c5ed65dbd52b03c8c783813379e291/elements - {"using":"xpath","value":"//button[@data-kt=\"provideButton\"]"}
RESULT: {"using":"xpath","value":"//button[@data-kt=\"provideButton\"]"}
COMMAND: POST /session/19c5ed65dbd52b03c8c783813379e291/elements - {"using":"xpath","value":"//button[@data-kt=\"provideButton\"]"}
RESULT: {"using":"xpath","value":"//button[@data-kt=\"provideButton\"]"}
COMMAND: POST /session/19c5ed65dbd52b03c8c783813379e291/elements - {"using":"xpath","value":"//button[@data-kt=\"provideButton\"]"}
RESULT: {"using":"xpath","value":"//button[@data-kt=\"provideButton\"]"}
COMMAND: POST /session/19c5ed65dbd52b03c8c783813379e291/elements - {"using":"xpath","value":"//button[@data-kt=\"provideButton\"]"}
RESULT: {"using":"xpath","value":"//button[@data-kt=\"provideButton\"]"}
COMMAND: POST /session/19c5ed65dbd52b03c8c783813379e291/elements - {"using":"xpath","value":"//button[@data-kt=\"provideButton\"]"}
RESULT: {"using":"xpath","value":"//button[@data-kt=\"provideButton\"]"}
COMMAND: POST /session/19c5ed65dbd52b03c8c783813379e291/elements - {"using":"xpath","value":"//button[@data-kt=\"provideButton\"]"}
RESULT: {"using":"xpath","value":"//button[@data-kt=\"provideButton\"]"}
COMMAND: POST /session/19c5ed65dbd52b03c8c783813379e291/elements - {"using":"xpath","value":"//button[@data-kt=\"provideButton\"]"}
RESULT: {"using":"xpath","value":"//button[@data-kt=\"provideButton\"]"}
COMMAND: POST /session/19c5ed65dbd52b03c8c783813379e291/elements - {"using":"xpath","value":"//button[@data-kt=\"provideButton\"]"}
RESULT: {"using":"xpath","value":"//button[@data-kt=\"provideButton\"]"}
COMMAND: POST /session/19c5ed65dbd52b03c8c783813379e291/elements - {"using":"xpath","value":"//button[@data-kt=\"provideButton\"]"}
RESULT: {"using":"xpath","value":"//button[@data-kt=\"provideButton\"]"}
COMMAND: POST /session/19c5ed65dbd52b03c8c783813379e291/elements - {"using":"xpath","value":"//button[@data-kt=\"provideButton\"]"}
RESULT: {"using":"xpath","value":"//button[@data-kt=\"provideButton\"]"}
COMMAND: POST /session/19c5ed65dbd52b03c8c783813379e291/elements - {"using":"xpath","value":"//button[@data-kt=\"provideButton\"]"}
RESULT: {"using":"xpath","value":"//button[@data-kt=\"provideButton\"]"}
COMMAND: POST /session/19c5ed65dbd52b03c8c783813379e291/elements - {"using":"xpath","value":"//button[@data-kt=\"provideButton\"]"}
RESULT: {"using":"xpath","value":"//button[@data-kt=\"provideButton\"]"}
COMMAND: POST /session/19c5ed65dbd52b03c8c783813379e291/elements - {"using":"xpath","value":"//button[@data-kt=\"provideButton\"]"}
RESULT: {"using":"xpath","value":"//button[@data-kt=\"provideButton\"]"}
COMMAND: POST /session/19c5ed65dbd52b03c8c783813379e291/elements - {"using":"xpath","value":"//button[@data-kt=\"provideButton\"]"}
RESULT: {"using":"xpath","value":"//button[@data-kt=\"provideButton\"]"}
COMMAND: POST /session/19c5ed65dbd52b03c8c783813379e291/elements - {"using":"xpath","value":"//button[@data-kt=\"provideButton\"]"}
RESULT: {"using":"xpath","value":"//button[@data-kt=\"provideButton\"]"}
COMMAND: POST /session/19c5ed65dbd52b03c8c783813379e291/elements - {"using":"xpath","value":"//button[@data-kt=\"provideButton\"]"}
RESULT: {"using":"xpath","value":"//button[@data-kt=\"provideButton\"]"}
COMMAND: GET /session/19c5ed65dbd52b03c8c783813379e291/screenshot - {}
RESULT: {}
]]></system-out>
      <system-err><![CDATA[
Error: Can't call click on element with selector "//button[@data-kt="provideButton"]" because element wasn't found
    at async UtilsPrerequisites.provideToSiteTwoStepHandoverFromContractDetails (D:\a\1\s\test\specs\BTS\prerequisites-and-utils-functions.js:2048:9)
    at async Context.<anonymous> (D:\a\1\s\test\specs\BTS\billing-calculation-transp-times.spec.js:73:9)
]]></system-err>
    </testcase>
    <testcase classname="chrome.136_0_7103_93.windows.Billing_Calculation_-_Time_based_(considering_transport_times)_US139738" name="Should navigate to Manage Billings and trigger contract calculation business confirm it" time="79.973">
      <failure/>
      <error message="Can't call click on element with selector &quot;//td[@aria-colindex=&quot;1&quot;]/div/div[contains(@class, &quot;sapMCbBg&quot;)]&quot; because element wasn't found"/>
      <system-out><![CDATA[
COMMAND: POST /session/19c5ed65dbd52b03c8c783813379e291/execute/async - {"script":"<script> [1562 bytes]","args":[{"selector":{"controlType":"sap.m.GenericTile","properties":{"header":"Manage Billings"}},"wdio_ui5_key":"sapm.GenericTile{\"header\":\"Manage Billings\"}"}]}
COMMAND: GET /session/19c5ed65dbd52b03c8c783813379e291/screenshot - {}
RESULT: {"script":"<script> [1562 bytes]","args":[{"selector":{"controlType":"sap.m.GenericTile","properties":{"header":"Manage Billings"}},"wdio_ui5_key":"sapm.GenericTile{\"header\":\"Manage Billings\"}"}]}
RESULT: undefined
RESULT: {}
COMMAND: POST /session/19c5ed65dbd52b03c8c783813379e291/elements - {"using":"xpath","value":"//span[text()='Error']"}
RESULT: {"using":"xpath","value":"//span[text()='Error']"}
COMMAND: POST /session/19c5ed65dbd52b03c8c783813379e291/execute/async - {"script":"<script> [1562 bytes]","args":[{"selector":{"id":"application-managebillings-display-component---billRunCalcResult--smartFilterBar-btnBasicSearch","interaction":{"idSuffix":"I"}},"wdio_ui5_key":"applicationmanagebillings-display-component---billRunCalcResult--smartFilterBar-btnBasicSearch"}]}
RESULT: {"script":"<script> [1562 bytes]","args":[{"selector":{"id":"application-managebillings-display-component---billRunCalcResult--smartFilterBar-btnBasicSearch","interaction":{"idSuffix":"I"}},"wdio_ui5_key":"applicationmanagebillings-display-component---billRunCalcResult--smartFilterBar-btnBasicSearch"}]}
RESULT: undefined
COMMAND: POST /session/19c5ed65dbd52b03c8c783813379e291/actions - {"actions":[{"id":"action64","type":"key","parameters":{},"actions":[{"type":"keyDown","value":""},{"type":"pause","duration":10},{"type":"keyUp","value":""}]}]}
RESULT: {"actions":[{"id":"action64","type":"key","parameters":{},"actions":[{"type":"keyDown","value":""},{"type":"pause","duration":10},{"type":"keyUp","value":""}]}]}
COMMAND: GET /session/19c5ed65dbd52b03c8c783813379e291/screenshot - {}
RESULT: {}
COMMAND: POST /session/19c5ed65dbd52b03c8c783813379e291/element - {"using":"xpath","value":"//td[@aria-colindex=\"1\"]/div/div[contains(@class, \"sapMCbBg\")]"}
RESULT: {"using":"xpath","value":"//td[@aria-colindex=\"1\"]/div/div[contains(@class, \"sapMCbBg\")]"}
COMMAND: POST /session/19c5ed65dbd52b03c8c783813379e291/elements - {"using":"xpath","value":"//td[@aria-colindex=\"1\"]/div/div[contains(@class, \"sapMCbBg\")]"}
RESULT: {"using":"xpath","value":"//td[@aria-colindex=\"1\"]/div/div[contains(@class, \"sapMCbBg\")]"}
COMMAND: POST /session/19c5ed65dbd52b03c8c783813379e291/elements - {"using":"xpath","value":"//td[@aria-colindex=\"1\"]/div/div[contains(@class, \"sapMCbBg\")]"}
RESULT: {"using":"xpath","value":"//td[@aria-colindex=\"1\"]/div/div[contains(@class, \"sapMCbBg\")]"}
COMMAND: POST /session/19c5ed65dbd52b03c8c783813379e291/elements - {"using":"xpath","value":"//td[@aria-colindex=\"1\"]/div/div[contains(@class, \"sapMCbBg\")]"}
RESULT: {"using":"xpath","value":"//td[@aria-colindex=\"1\"]/div/div[contains(@class, \"sapMCbBg\")]"}
COMMAND: POST /session/19c5ed65dbd52b03c8c783813379e291/elements - {"using":"xpath","value":"//td[@aria-colindex=\"1\"]/div/div[contains(@class, \"sapMCbBg\")]"}
RESULT: {"using":"xpath","value":"//td[@aria-colindex=\"1\"]/div/div[contains(@class, \"sapMCbBg\")]"}
COMMAND: POST /session/19c5ed65dbd52b03c8c783813379e291/elements - {"using":"xpath","value":"//td[@aria-colindex=\"1\"]/div/div[contains(@class, \"sapMCbBg\")]"}
RESULT: {"using":"xpath","value":"//td[@aria-colindex=\"1\"]/div/div[contains(@class, \"sapMCbBg\")]"}
COMMAND: POST /session/19c5ed65dbd52b03c8c783813379e291/elements - {"using":"xpath","value":"//td[@aria-colindex=\"1\"]/div/div[contains(@class, \"sapMCbBg\")]"}
RESULT: {"using":"xpath","value":"//td[@aria-colindex=\"1\"]/div/div[contains(@class, \"sapMCbBg\")]"}
COMMAND: POST /session/19c5ed65dbd52b03c8c783813379e291/elements - {"using":"xpath","value":"//td[@aria-colindex=\"1\"]/div/div[contains(@class, \"sapMCbBg\")]"}
RESULT: {"using":"xpath","value":"//td[@aria-colindex=\"1\"]/div/div[contains(@class, \"sapMCbBg\")]"}
COMMAND: POST /session/19c5ed65dbd52b03c8c783813379e291/elements - {"using":"xpath","value":"//td[@aria-colindex=\"1\"]/div/div[contains(@class, \"sapMCbBg\")]"}
RESULT: {"using":"xpath","value":"//td[@aria-colindex=\"1\"]/div/div[contains(@class, \"sapMCbBg\")]"}
COMMAND: POST /session/19c5ed65dbd52b03c8c783813379e291/elements - {"using":"xpath","value":"//td[@aria-colindex=\"1\"]/div/div[contains(@class, \"sapMCbBg\")]"}
RESULT: {"using":"xpath","value":"//td[@aria-colindex=\"1\"]/div/div[contains(@class, \"sapMCbBg\")]"}
COMMAND: POST /session/19c5ed65dbd52b03c8c783813379e291/elements - {"using":"xpath","value":"//td[@aria-colindex=\"1\"]/div/div[contains(@class, \"sapMCbBg\")]"}
RESULT: {"using":"xpath","value":"//td[@aria-colindex=\"1\"]/div/div[contains(@class, \"sapMCbBg\")]"}
COMMAND: POST /session/19c5ed65dbd52b03c8c783813379e291/elements - {"using":"xpath","value":"//td[@aria-colindex=\"1\"]/div/div[contains(@class, \"sapMCbBg\")]"}
RESULT: {"using":"xpath","value":"//td[@aria-colindex=\"1\"]/div/div[contains(@class, \"sapMCbBg\")]"}
COMMAND: POST /session/19c5ed65dbd52b03c8c783813379e291/elements - {"using":"xpath","value":"//td[@aria-colindex=\"1\"]/div/div[contains(@class, \"sapMCbBg\")]"}
RESULT: {"using":"xpath","value":"//td[@aria-colindex=\"1\"]/div/div[contains(@class, \"sapMCbBg\")]"}
COMMAND: POST /session/19c5ed65dbd52b03c8c783813379e291/elements - {"using":"xpath","value":"//td[@aria-colindex=\"1\"]/div/div[contains(@class, \"sapMCbBg\")]"}
RESULT: {"using":"xpath","value":"//td[@aria-colindex=\"1\"]/div/div[contains(@class, \"sapMCbBg\")]"}
COMMAND: POST /session/19c5ed65dbd52b03c8c783813379e291/elements - {"using":"xpath","value":"//td[@aria-colindex=\"1\"]/div/div[contains(@class, \"sapMCbBg\")]"}
RESULT: {"using":"xpath","value":"//td[@aria-colindex=\"1\"]/div/div[contains(@class, \"sapMCbBg\")]"}
COMMAND: POST /session/19c5ed65dbd52b03c8c783813379e291/elements - {"using":"xpath","value":"//td[@aria-colindex=\"1\"]/div/div[contains(@class, \"sapMCbBg\")]"}
RESULT: {"using":"xpath","value":"//td[@aria-colindex=\"1\"]/div/div[contains(@class, \"sapMCbBg\")]"}
COMMAND: POST /session/19c5ed65dbd52b03c8c783813379e291/elements - {"using":"xpath","value":"//td[@aria-colindex=\"1\"]/div/div[contains(@class, \"sapMCbBg\")]"}
RESULT: {"using":"xpath","value":"//td[@aria-colindex=\"1\"]/div/div[contains(@class, \"sapMCbBg\")]"}
COMMAND: POST /session/19c5ed65dbd52b03c8c783813379e291/elements - {"using":"xpath","value":"//td[@aria-colindex=\"1\"]/div/div[contains(@class, \"sapMCbBg\")]"}
RESULT: {"using":"xpath","value":"//td[@aria-colindex=\"1\"]/div/div[contains(@class, \"sapMCbBg\")]"}
COMMAND: POST /session/19c5ed65dbd52b03c8c783813379e291/elements - {"using":"xpath","value":"//td[@aria-colindex=\"1\"]/div/div[contains(@class, \"sapMCbBg\")]"}
RESULT: {"using":"xpath","value":"//td[@aria-colindex=\"1\"]/div/div[contains(@class, \"sapMCbBg\")]"}
COMMAND: POST /session/19c5ed65dbd52b03c8c783813379e291/elements - {"using":"xpath","value":"//td[@aria-colindex=\"1\"]/div/div[contains(@class, \"sapMCbBg\")]"}
RESULT: {"using":"xpath","value":"//td[@aria-colindex=\"1\"]/div/div[contains(@class, \"sapMCbBg\")]"}
COMMAND: POST /session/19c5ed65dbd52b03c8c783813379e291/elements - {"using":"xpath","value":"//td[@aria-colindex=\"1\"]/div/div[contains(@class, \"sapMCbBg\")]"}
RESULT: {"using":"xpath","value":"//td[@aria-colindex=\"1\"]/div/div[contains(@class, \"sapMCbBg\")]"}
COMMAND: POST /session/19c5ed65dbd52b03c8c783813379e291/elements - {"using":"xpath","value":"//td[@aria-colindex=\"1\"]/div/div[contains(@class, \"sapMCbBg\")]"}
RESULT: {"using":"xpath","value":"//td[@aria-colindex=\"1\"]/div/div[contains(@class, \"sapMCbBg\")]"}
COMMAND: POST /session/19c5ed65dbd52b03c8c783813379e291/elements - {"using":"xpath","value":"//td[@aria-colindex=\"1\"]/div/div[contains(@class, \"sapMCbBg\")]"}
RESULT: {"using":"xpath","value":"//td[@aria-colindex=\"1\"]/div/div[contains(@class, \"sapMCbBg\")]"}
COMMAND: POST /session/19c5ed65dbd52b03c8c783813379e291/elements - {"using":"xpath","value":"//td[@aria-colindex=\"1\"]/div/div[contains(@class, \"sapMCbBg\")]"}
RESULT: {"using":"xpath","value":"//td[@aria-colindex=\"1\"]/div/div[contains(@class, \"sapMCbBg\")]"}
COMMAND: POST /session/19c5ed65dbd52b03c8c783813379e291/elements - {"using":"xpath","value":"//td[@aria-colindex=\"1\"]/div/div[contains(@class, \"sapMCbBg\")]"}
RESULT: {"using":"xpath","value":"//td[@aria-colindex=\"1\"]/div/div[contains(@class, \"sapMCbBg\")]"}
COMMAND: POST /session/19c5ed65dbd52b03c8c783813379e291/elements - {"using":"xpath","value":"//td[@aria-colindex=\"1\"]/div/div[contains(@class, \"sapMCbBg\")]"}
RESULT: {"using":"xpath","value":"//td[@aria-colindex=\"1\"]/div/div[contains(@class, \"sapMCbBg\")]"}
COMMAND: POST /session/19c5ed65dbd52b03c8c783813379e291/elements - {"using":"xpath","value":"//td[@aria-colindex=\"1\"]/div/div[contains(@class, \"sapMCbBg\")]"}
RESULT: {"using":"xpath","value":"//td[@aria-colindex=\"1\"]/div/div[contains(@class, \"sapMCbBg\")]"}
COMMAND: POST /session/19c5ed65dbd52b03c8c783813379e291/elements - {"using":"xpath","value":"//td[@aria-colindex=\"1\"]/div/div[contains(@class, \"sapMCbBg\")]"}
RESULT: {"using":"xpath","value":"//td[@aria-colindex=\"1\"]/div/div[contains(@class, \"sapMCbBg\")]"}
COMMAND: POST /session/19c5ed65dbd52b03c8c783813379e291/elements - {"using":"xpath","value":"//td[@aria-colindex=\"1\"]/div/div[contains(@class, \"sapMCbBg\")]"}
RESULT: {"using":"xpath","value":"//td[@aria-colindex=\"1\"]/div/div[contains(@class, \"sapMCbBg\")]"}
COMMAND: POST /session/19c5ed65dbd52b03c8c783813379e291/elements - {"using":"xpath","value":"//td[@aria-colindex=\"1\"]/div/div[contains(@class, \"sapMCbBg\")]"}
RESULT: {"using":"xpath","value":"//td[@aria-colindex=\"1\"]/div/div[contains(@class, \"sapMCbBg\")]"}
COMMAND: POST /session/19c5ed65dbd52b03c8c783813379e291/elements - {"using":"xpath","value":"//td[@aria-colindex=\"1\"]/div/div[contains(@class, \"sapMCbBg\")]"}
RESULT: {"using":"xpath","value":"//td[@aria-colindex=\"1\"]/div/div[contains(@class, \"sapMCbBg\")]"}
COMMAND: POST /session/19c5ed65dbd52b03c8c783813379e291/elements - {"using":"xpath","value":"//td[@aria-colindex=\"1\"]/div/div[contains(@class, \"sapMCbBg\")]"}
RESULT: {"using":"xpath","value":"//td[@aria-colindex=\"1\"]/div/div[contains(@class, \"sapMCbBg\")]"}
COMMAND: POST /session/19c5ed65dbd52b03c8c783813379e291/elements - {"using":"xpath","value":"//td[@aria-colindex=\"1\"]/div/div[contains(@class, \"sapMCbBg\")]"}
RESULT: {"using":"xpath","value":"//td[@aria-colindex=\"1\"]/div/div[contains(@class, \"sapMCbBg\")]"}
COMMAND: POST /session/19c5ed65dbd52b03c8c783813379e291/elements - {"using":"xpath","value":"//td[@aria-colindex=\"1\"]/div/div[contains(@class, \"sapMCbBg\")]"}
RESULT: {"using":"xpath","value":"//td[@aria-colindex=\"1\"]/div/div[contains(@class, \"sapMCbBg\")]"}
COMMAND: POST /session/19c5ed65dbd52b03c8c783813379e291/elements - {"using":"xpath","value":"//td[@aria-colindex=\"1\"]/div/div[contains(@class, \"sapMCbBg\")]"}
RESULT: {"using":"xpath","value":"//td[@aria-colindex=\"1\"]/div/div[contains(@class, \"sapMCbBg\")]"}
COMMAND: POST /session/19c5ed65dbd52b03c8c783813379e291/elements - {"using":"xpath","value":"//td[@aria-colindex=\"1\"]/div/div[contains(@class, \"sapMCbBg\")]"}
RESULT: {"using":"xpath","value":"//td[@aria-colindex=\"1\"]/div/div[contains(@class, \"sapMCbBg\")]"}
COMMAND: POST /session/19c5ed65dbd52b03c8c783813379e291/elements - {"using":"xpath","value":"//td[@aria-colindex=\"1\"]/div/div[contains(@class, \"sapMCbBg\")]"}
RESULT: {"using":"xpath","value":"//td[@aria-colindex=\"1\"]/div/div[contains(@class, \"sapMCbBg\")]"}
COMMAND: POST /session/19c5ed65dbd52b03c8c783813379e291/elements - {"using":"xpath","value":"//td[@aria-colindex=\"1\"]/div/div[contains(@class, \"sapMCbBg\")]"}
RESULT: {"using":"xpath","value":"//td[@aria-colindex=\"1\"]/div/div[contains(@class, \"sapMCbBg\")]"}
COMMAND: POST /session/19c5ed65dbd52b03c8c783813379e291/elements - {"using":"xpath","value":"//td[@aria-colindex=\"1\"]/div/div[contains(@class, \"sapMCbBg\")]"}
RESULT: {"using":"xpath","value":"//td[@aria-colindex=\"1\"]/div/div[contains(@class, \"sapMCbBg\")]"}
COMMAND: POST /session/19c5ed65dbd52b03c8c783813379e291/elements - {"using":"xpath","value":"//td[@aria-colindex=\"1\"]/div/div[contains(@class, \"sapMCbBg\")]"}
RESULT: {"using":"xpath","value":"//td[@aria-colindex=\"1\"]/div/div[contains(@class, \"sapMCbBg\")]"}
COMMAND: POST /session/19c5ed65dbd52b03c8c783813379e291/elements - {"using":"xpath","value":"//td[@aria-colindex=\"1\"]/div/div[contains(@class, \"sapMCbBg\")]"}
RESULT: {"using":"xpath","value":"//td[@aria-colindex=\"1\"]/div/div[contains(@class, \"sapMCbBg\")]"}
COMMAND: POST /session/19c5ed65dbd52b03c8c783813379e291/elements - {"using":"xpath","value":"//td[@aria-colindex=\"1\"]/div/div[contains(@class, \"sapMCbBg\")]"}
RESULT: {"using":"xpath","value":"//td[@aria-colindex=\"1\"]/div/div[contains(@class, \"sapMCbBg\")]"}
COMMAND: POST /session/19c5ed65dbd52b03c8c783813379e291/elements - {"using":"xpath","value":"//td[@aria-colindex=\"1\"]/div/div[contains(@class, \"sapMCbBg\")]"}
RESULT: {"using":"xpath","value":"//td[@aria-colindex=\"1\"]/div/div[contains(@class, \"sapMCbBg\")]"}
COMMAND: POST /session/19c5ed65dbd52b03c8c783813379e291/elements - {"using":"xpath","value":"//td[@aria-colindex=\"1\"]/div/div[contains(@class, \"sapMCbBg\")]"}
RESULT: {"using":"xpath","value":"//td[@aria-colindex=\"1\"]/div/div[contains(@class, \"sapMCbBg\")]"}
COMMAND: POST /session/19c5ed65dbd52b03c8c783813379e291/elements - {"using":"xpath","value":"//td[@aria-colindex=\"1\"]/div/div[contains(@class, \"sapMCbBg\")]"}
RESULT: {"using":"xpath","value":"//td[@aria-colindex=\"1\"]/div/div[contains(@class, \"sapMCbBg\")]"}
COMMAND: POST /session/19c5ed65dbd52b03c8c783813379e291/elements - {"using":"xpath","value":"//td[@aria-colindex=\"1\"]/div/div[contains(@class, \"sapMCbBg\")]"}
RESULT: {"using":"xpath","value":"//td[@aria-colindex=\"1\"]/div/div[contains(@class, \"sapMCbBg\")]"}
COMMAND: POST /session/19c5ed65dbd52b03c8c783813379e291/elements - {"using":"xpath","value":"//td[@aria-colindex=\"1\"]/div/div[contains(@class, \"sapMCbBg\")]"}
RESULT: {"using":"xpath","value":"//td[@aria-colindex=\"1\"]/div/div[contains(@class, \"sapMCbBg\")]"}
COMMAND: POST /session/19c5ed65dbd52b03c8c783813379e291/elements - {"using":"xpath","value":"//td[@aria-colindex=\"1\"]/div/div[contains(@class, \"sapMCbBg\")]"}
RESULT: {"using":"xpath","value":"//td[@aria-colindex=\"1\"]/div/div[contains(@class, \"sapMCbBg\")]"}
COMMAND: POST /session/19c5ed65dbd52b03c8c783813379e291/elements - {"using":"xpath","value":"//td[@aria-colindex=\"1\"]/div/div[contains(@class, \"sapMCbBg\")]"}
RESULT: {"using":"xpath","value":"//td[@aria-colindex=\"1\"]/div/div[contains(@class, \"sapMCbBg\")]"}
COMMAND: POST /session/19c5ed65dbd52b03c8c783813379e291/elements - {"using":"xpath","value":"//td[@aria-colindex=\"1\"]/div/div[contains(@class, \"sapMCbBg\")]"}
RESULT: {"using":"xpath","value":"//td[@aria-colindex=\"1\"]/div/div[contains(@class, \"sapMCbBg\")]"}
COMMAND: POST /session/19c5ed65dbd52b03c8c783813379e291/elements - {"using":"xpath","value":"//td[@aria-colindex=\"1\"]/div/div[contains(@class, \"sapMCbBg\")]"}
RESULT: {"using":"xpath","value":"//td[@aria-colindex=\"1\"]/div/div[contains(@class, \"sapMCbBg\")]"}
COMMAND: POST /session/19c5ed65dbd52b03c8c783813379e291/elements - {"using":"xpath","value":"//td[@aria-colindex=\"1\"]/div/div[contains(@class, \"sapMCbBg\")]"}
RESULT: {"using":"xpath","value":"//td[@aria-colindex=\"1\"]/div/div[contains(@class, \"sapMCbBg\")]"}
COMMAND: POST /session/19c5ed65dbd52b03c8c783813379e291/elements - {"using":"xpath","value":"//td[@aria-colindex=\"1\"]/div/div[contains(@class, \"sapMCbBg\")]"}
RESULT: {"using":"xpath","value":"//td[@aria-colindex=\"1\"]/div/div[contains(@class, \"sapMCbBg\")]"}
COMMAND: POST /session/19c5ed65dbd52b03c8c783813379e291/elements - {"using":"xpath","value":"//td[@aria-colindex=\"1\"]/div/div[contains(@class, \"sapMCbBg\")]"}
RESULT: {"using":"xpath","value":"//td[@aria-colindex=\"1\"]/div/div[contains(@class, \"sapMCbBg\")]"}
COMMAND: POST /session/19c5ed65dbd52b03c8c783813379e291/elements - {"using":"xpath","value":"//td[@aria-colindex=\"1\"]/div/div[contains(@class, \"sapMCbBg\")]"}
RESULT: {"using":"xpath","value":"//td[@aria-colindex=\"1\"]/div/div[contains(@class, \"sapMCbBg\")]"}
COMMAND: POST /session/19c5ed65dbd52b03c8c783813379e291/elements - {"using":"xpath","value":"//td[@aria-colindex=\"1\"]/div/div[contains(@class, \"sapMCbBg\")]"}
RESULT: {"using":"xpath","value":"//td[@aria-colindex=\"1\"]/div/div[contains(@class, \"sapMCbBg\")]"}
COMMAND: POST /session/19c5ed65dbd52b03c8c783813379e291/elements - {"using":"xpath","value":"//td[@aria-colindex=\"1\"]/div/div[contains(@class, \"sapMCbBg\")]"}
RESULT: {"using":"xpath","value":"//td[@aria-colindex=\"1\"]/div/div[contains(@class, \"sapMCbBg\")]"}
COMMAND: POST /session/19c5ed65dbd52b03c8c783813379e291/elements - {"using":"xpath","value":"//td[@aria-colindex=\"1\"]/div/div[contains(@class, \"sapMCbBg\")]"}
RESULT: {"using":"xpath","value":"//td[@aria-colindex=\"1\"]/div/div[contains(@class, \"sapMCbBg\")]"}
COMMAND: POST /session/19c5ed65dbd52b03c8c783813379e291/elements - {"using":"xpath","value":"//td[@aria-colindex=\"1\"]/div/div[contains(@class, \"sapMCbBg\")]"}
RESULT: {"using":"xpath","value":"//td[@aria-colindex=\"1\"]/div/div[contains(@class, \"sapMCbBg\")]"}
COMMAND: POST /session/19c5ed65dbd52b03c8c783813379e291/elements - {"using":"xpath","value":"//td[@aria-colindex=\"1\"]/div/div[contains(@class, \"sapMCbBg\")]"}
RESULT: {"using":"xpath","value":"//td[@aria-colindex=\"1\"]/div/div[contains(@class, \"sapMCbBg\")]"}
COMMAND: POST /session/19c5ed65dbd52b03c8c783813379e291/elements - {"using":"xpath","value":"//td[@aria-colindex=\"1\"]/div/div[contains(@class, \"sapMCbBg\")]"}
RESULT: {"using":"xpath","value":"//td[@aria-colindex=\"1\"]/div/div[contains(@class, \"sapMCbBg\")]"}
COMMAND: POST /session/19c5ed65dbd52b03c8c783813379e291/elements - {"using":"xpath","value":"//td[@aria-colindex=\"1\"]/div/div[contains(@class, \"sapMCbBg\")]"}
RESULT: {"using":"xpath","value":"//td[@aria-colindex=\"1\"]/div/div[contains(@class, \"sapMCbBg\")]"}
COMMAND: POST /session/19c5ed65dbd52b03c8c783813379e291/elements - {"using":"xpath","value":"//td[@aria-colindex=\"1\"]/div/div[contains(@class, \"sapMCbBg\")]"}
RESULT: {"using":"xpath","value":"//td[@aria-colindex=\"1\"]/div/div[contains(@class, \"sapMCbBg\")]"}
COMMAND: POST /session/19c5ed65dbd52b03c8c783813379e291/elements - {"using":"xpath","value":"//td[@aria-colindex=\"1\"]/div/div[contains(@class, \"sapMCbBg\")]"}
RESULT: {"using":"xpath","value":"//td[@aria-colindex=\"1\"]/div/div[contains(@class, \"sapMCbBg\")]"}
COMMAND: POST /session/19c5ed65dbd52b03c8c783813379e291/elements - {"using":"xpath","value":"//td[@aria-colindex=\"1\"]/div/div[contains(@class, \"sapMCbBg\")]"}
RESULT: {"using":"xpath","value":"//td[@aria-colindex=\"1\"]/div/div[contains(@class, \"sapMCbBg\")]"}
COMMAND: POST /session/19c5ed65dbd52b03c8c783813379e291/elements - {"using":"xpath","value":"//td[@aria-colindex=\"1\"]/div/div[contains(@class, \"sapMCbBg\")]"}
RESULT: {"using":"xpath","value":"//td[@aria-colindex=\"1\"]/div/div[contains(@class, \"sapMCbBg\")]"}
COMMAND: POST /session/19c5ed65dbd52b03c8c783813379e291/elements - {"using":"xpath","value":"//td[@aria-colindex=\"1\"]/div/div[contains(@class, \"sapMCbBg\")]"}
RESULT: {"using":"xpath","value":"//td[@aria-colindex=\"1\"]/div/div[contains(@class, \"sapMCbBg\")]"}
COMMAND: POST /session/19c5ed65dbd52b03c8c783813379e291/elements - {"using":"xpath","value":"//td[@aria-colindex=\"1\"]/div/div[contains(@class, \"sapMCbBg\")]"}
RESULT: {"using":"xpath","value":"//td[@aria-colindex=\"1\"]/div/div[contains(@class, \"sapMCbBg\")]"}
COMMAND: POST /session/19c5ed65dbd52b03c8c783813379e291/elements - {"using":"xpath","value":"//td[@aria-colindex=\"1\"]/div/div[contains(@class, \"sapMCbBg\")]"}
RESULT: {"using":"xpath","value":"//td[@aria-colindex=\"1\"]/div/div[contains(@class, \"sapMCbBg\")]"}
COMMAND: POST /session/19c5ed65dbd52b03c8c783813379e291/elements - {"using":"xpath","value":"//td[@aria-colindex=\"1\"]/div/div[contains(@class, \"sapMCbBg\")]"}
RESULT: {"using":"xpath","value":"//td[@aria-colindex=\"1\"]/div/div[contains(@class, \"sapMCbBg\")]"}
COMMAND: POST /session/19c5ed65dbd52b03c8c783813379e291/elements - {"using":"xpath","value":"//td[@aria-colindex=\"1\"]/div/div[contains(@class, \"sapMCbBg\")]"}
RESULT: {"using":"xpath","value":"//td[@aria-colindex=\"1\"]/div/div[contains(@class, \"sapMCbBg\")]"}
COMMAND: POST /session/19c5ed65dbd52b03c8c783813379e291/elements - {"using":"xpath","value":"//td[@aria-colindex=\"1\"]/div/div[contains(@class, \"sapMCbBg\")]"}
RESULT: {"using":"xpath","value":"//td[@aria-colindex=\"1\"]/div/div[contains(@class, \"sapMCbBg\")]"}
COMMAND: POST /session/19c5ed65dbd52b03c8c783813379e291/elements - {"using":"xpath","value":"//td[@aria-colindex=\"1\"]/div/div[contains(@class, \"sapMCbBg\")]"}
RESULT: {"using":"xpath","value":"//td[@aria-colindex=\"1\"]/div/div[contains(@class, \"sapMCbBg\")]"}
COMMAND: POST /session/19c5ed65dbd52b03c8c783813379e291/elements - {"using":"xpath","value":"//td[@aria-colindex=\"1\"]/div/div[contains(@class, \"sapMCbBg\")]"}
RESULT: {"using":"xpath","value":"//td[@aria-colindex=\"1\"]/div/div[contains(@class, \"sapMCbBg\")]"}
COMMAND: POST /session/19c5ed65dbd52b03c8c783813379e291/elements - {"using":"xpath","value":"//td[@aria-colindex=\"1\"]/div/div[contains(@class, \"sapMCbBg\")]"}
RESULT: {"using":"xpath","value":"//td[@aria-colindex=\"1\"]/div/div[contains(@class, \"sapMCbBg\")]"}
COMMAND: POST /session/19c5ed65dbd52b03c8c783813379e291/elements - {"using":"xpath","value":"//td[@aria-colindex=\"1\"]/div/div[contains(@class, \"sapMCbBg\")]"}
RESULT: {"using":"xpath","value":"//td[@aria-colindex=\"1\"]/div/div[contains(@class, \"sapMCbBg\")]"}
COMMAND: POST /session/19c5ed65dbd52b03c8c783813379e291/elements - {"using":"xpath","value":"//td[@aria-colindex=\"1\"]/div/div[contains(@class, \"sapMCbBg\")]"}
RESULT: {"using":"xpath","value":"//td[@aria-colindex=\"1\"]/div/div[contains(@class, \"sapMCbBg\")]"}
COMMAND: POST /session/19c5ed65dbd52b03c8c783813379e291/elements - {"using":"xpath","value":"//td[@aria-colindex=\"1\"]/div/div[contains(@class, \"sapMCbBg\")]"}
RESULT: {"using":"xpath","value":"//td[@aria-colindex=\"1\"]/div/div[contains(@class, \"sapMCbBg\")]"}
COMMAND: POST /session/19c5ed65dbd52b03c8c783813379e291/elements - {"using":"xpath","value":"//td[@aria-colindex=\"1\"]/div/div[contains(@class, \"sapMCbBg\")]"}
RESULT: {"using":"xpath","value":"//td[@aria-colindex=\"1\"]/div/div[contains(@class, \"sapMCbBg\")]"}
COMMAND: POST /session/19c5ed65dbd52b03c8c783813379e291/elements - {"using":"xpath","value":"//td[@aria-colindex=\"1\"]/div/div[contains(@class, \"sapMCbBg\")]"}
RESULT: {"using":"xpath","value":"//td[@aria-colindex=\"1\"]/div/div[contains(@class, \"sapMCbBg\")]"}
COMMAND: POST /session/19c5ed65dbd52b03c8c783813379e291/elements - {"using":"xpath","value":"//td[@aria-colindex=\"1\"]/div/div[contains(@class, \"sapMCbBg\")]"}
RESULT: {"using":"xpath","value":"//td[@aria-colindex=\"1\"]/div/div[contains(@class, \"sapMCbBg\")]"}
COMMAND: POST /session/19c5ed65dbd52b03c8c783813379e291/elements - {"using":"xpath","value":"//td[@aria-colindex=\"1\"]/div/div[contains(@class, \"sapMCbBg\")]"}
RESULT: {"using":"xpath","value":"//td[@aria-colindex=\"1\"]/div/div[contains(@class, \"sapMCbBg\")]"}
COMMAND: POST /session/19c5ed65dbd52b03c8c783813379e291/elements - {"using":"xpath","value":"//td[@aria-colindex=\"1\"]/div/div[contains(@class, \"sapMCbBg\")]"}
RESULT: {"using":"xpath","value":"//td[@aria-colindex=\"1\"]/div/div[contains(@class, \"sapMCbBg\")]"}
COMMAND: POST /session/19c5ed65dbd52b03c8c783813379e291/elements - {"using":"xpath","value":"//td[@aria-colindex=\"1\"]/div/div[contains(@class, \"sapMCbBg\")]"}
RESULT: {"using":"xpath","value":"//td[@aria-colindex=\"1\"]/div/div[contains(@class, \"sapMCbBg\")]"}
COMMAND: POST /session/19c5ed65dbd52b03c8c783813379e291/elements - {"using":"xpath","value":"//td[@aria-colindex=\"1\"]/div/div[contains(@class, \"sapMCbBg\")]"}
RESULT: {"using":"xpath","value":"//td[@aria-colindex=\"1\"]/div/div[contains(@class, \"sapMCbBg\")]"}
COMMAND: POST /session/19c5ed65dbd52b03c8c783813379e291/elements - {"using":"xpath","value":"//td[@aria-colindex=\"1\"]/div/div[contains(@class, \"sapMCbBg\")]"}
RESULT: {"using":"xpath","value":"//td[@aria-colindex=\"1\"]/div/div[contains(@class, \"sapMCbBg\")]"}
COMMAND: POST /session/19c5ed65dbd52b03c8c783813379e291/elements - {"using":"xpath","value":"//td[@aria-colindex=\"1\"]/div/div[contains(@class, \"sapMCbBg\")]"}
RESULT: {"using":"xpath","value":"//td[@aria-colindex=\"1\"]/div/div[contains(@class, \"sapMCbBg\")]"}
COMMAND: POST /session/19c5ed65dbd52b03c8c783813379e291/elements - {"using":"xpath","value":"//td[@aria-colindex=\"1\"]/div/div[contains(@class, \"sapMCbBg\")]"}
RESULT: {"using":"xpath","value":"//td[@aria-colindex=\"1\"]/div/div[contains(@class, \"sapMCbBg\")]"}
COMMAND: POST /session/19c5ed65dbd52b03c8c783813379e291/elements - {"using":"xpath","value":"//td[@aria-colindex=\"1\"]/div/div[contains(@class, \"sapMCbBg\")]"}
RESULT: {"using":"xpath","value":"//td[@aria-colindex=\"1\"]/div/div[contains(@class, \"sapMCbBg\")]"}
COMMAND: POST /session/19c5ed65dbd52b03c8c783813379e291/elements - {"using":"xpath","value":"//td[@aria-colindex=\"1\"]/div/div[contains(@class, \"sapMCbBg\")]"}
RESULT: {"using":"xpath","value":"//td[@aria-colindex=\"1\"]/div/div[contains(@class, \"sapMCbBg\")]"}
COMMAND: POST /session/19c5ed65dbd52b03c8c783813379e291/elements - {"using":"xpath","value":"//td[@aria-colindex=\"1\"]/div/div[contains(@class, \"sapMCbBg\")]"}
RESULT: {"using":"xpath","value":"//td[@aria-colindex=\"1\"]/div/div[contains(@class, \"sapMCbBg\")]"}
COMMAND: POST /session/19c5ed65dbd52b03c8c783813379e291/elements - {"using":"xpath","value":"//td[@aria-colindex=\"1\"]/div/div[contains(@class, \"sapMCbBg\")]"}
RESULT: {"using":"xpath","value":"//td[@aria-colindex=\"1\"]/div/div[contains(@class, \"sapMCbBg\")]"}
COMMAND: POST /session/19c5ed65dbd52b03c8c783813379e291/elements - {"using":"xpath","value":"//td[@aria-colindex=\"1\"]/div/div[contains(@class, \"sapMCbBg\")]"}
RESULT: {"using":"xpath","value":"//td[@aria-colindex=\"1\"]/div/div[contains(@class, \"sapMCbBg\")]"}
COMMAND: POST /session/19c5ed65dbd52b03c8c783813379e291/elements - {"using":"xpath","value":"//td[@aria-colindex=\"1\"]/div/div[contains(@class, \"sapMCbBg\")]"}
RESULT: {"using":"xpath","value":"//td[@aria-colindex=\"1\"]/div/div[contains(@class, \"sapMCbBg\")]"}
COMMAND: POST /session/19c5ed65dbd52b03c8c783813379e291/elements - {"using":"xpath","value":"//td[@aria-colindex=\"1\"]/div/div[contains(@class, \"sapMCbBg\")]"}
RESULT: {"using":"xpath","value":"//td[@aria-colindex=\"1\"]/div/div[contains(@class, \"sapMCbBg\")]"}
COMMAND: POST /session/19c5ed65dbd52b03c8c783813379e291/elements - {"using":"xpath","value":"//td[@aria-colindex=\"1\"]/div/div[contains(@class, \"sapMCbBg\")]"}
RESULT: {"using":"xpath","value":"//td[@aria-colindex=\"1\"]/div/div[contains(@class, \"sapMCbBg\")]"}
COMMAND: POST /session/19c5ed65dbd52b03c8c783813379e291/elements - {"using":"xpath","value":"//td[@aria-colindex=\"1\"]/div/div[contains(@class, \"sapMCbBg\")]"}
RESULT: {"using":"xpath","value":"//td[@aria-colindex=\"1\"]/div/div[contains(@class, \"sapMCbBg\")]"}
COMMAND: POST /session/19c5ed65dbd52b03c8c783813379e291/elements - {"using":"xpath","value":"//td[@aria-colindex=\"1\"]/div/div[contains(@class, \"sapMCbBg\")]"}
RESULT: {"using":"xpath","value":"//td[@aria-colindex=\"1\"]/div/div[contains(@class, \"sapMCbBg\")]"}
COMMAND: POST /session/19c5ed65dbd52b03c8c783813379e291/elements - {"using":"xpath","value":"//td[@aria-colindex=\"1\"]/div/div[contains(@class, \"sapMCbBg\")]"}
RESULT: {"using":"xpath","value":"//td[@aria-colindex=\"1\"]/div/div[contains(@class, \"sapMCbBg\")]"}
COMMAND: POST /session/19c5ed65dbd52b03c8c783813379e291/elements - {"using":"xpath","value":"//td[@aria-colindex=\"1\"]/div/div[contains(@class, \"sapMCbBg\")]"}
RESULT: {"using":"xpath","value":"//td[@aria-colindex=\"1\"]/div/div[contains(@class, \"sapMCbBg\")]"}
COMMAND: POST /session/19c5ed65dbd52b03c8c783813379e291/elements - {"using":"xpath","value":"//td[@aria-colindex=\"1\"]/div/div[contains(@class, \"sapMCbBg\")]"}
RESULT: {"using":"xpath","value":"//td[@aria-colindex=\"1\"]/div/div[contains(@class, \"sapMCbBg\")]"}
COMMAND: POST /session/19c5ed65dbd52b03c8c783813379e291/elements - {"using":"xpath","value":"//td[@aria-colindex=\"1\"]/div/div[contains(@class, \"sapMCbBg\")]"}
RESULT: {"using":"xpath","value":"//td[@aria-colindex=\"1\"]/div/div[contains(@class, \"sapMCbBg\")]"}
COMMAND: POST /session/19c5ed65dbd52b03c8c783813379e291/elements - {"using":"xpath","value":"//td[@aria-colindex=\"1\"]/div/div[contains(@class, \"sapMCbBg\")]"}
RESULT: {"using":"xpath","value":"//td[@aria-colindex=\"1\"]/div/div[contains(@class, \"sapMCbBg\")]"}
COMMAND: POST /session/19c5ed65dbd52b03c8c783813379e291/elements - {"using":"xpath","value":"//td[@aria-colindex=\"1\"]/div/div[contains(@class, \"sapMCbBg\")]"}
RESULT: {"using":"xpath","value":"//td[@aria-colindex=\"1\"]/div/div[contains(@class, \"sapMCbBg\")]"}
COMMAND: POST /session/19c5ed65dbd52b03c8c783813379e291/elements - {"using":"xpath","value":"//td[@aria-colindex=\"1\"]/div/div[contains(@class, \"sapMCbBg\")]"}
RESULT: {"using":"xpath","value":"//td[@aria-colindex=\"1\"]/div/div[contains(@class, \"sapMCbBg\")]"}
COMMAND: POST /session/19c5ed65dbd52b03c8c783813379e291/elements - {"using":"xpath","value":"//td[@aria-colindex=\"1\"]/div/div[contains(@class, \"sapMCbBg\")]"}
RESULT: {"using":"xpath","value":"//td[@aria-colindex=\"1\"]/div/div[contains(@class, \"sapMCbBg\")]"}
COMMAND: POST /session/19c5ed65dbd52b03c8c783813379e291/elements - {"using":"xpath","value":"//td[@aria-colindex=\"1\"]/div/div[contains(@class, \"sapMCbBg\")]"}
RESULT: {"using":"xpath","value":"//td[@aria-colindex=\"1\"]/div/div[contains(@class, \"sapMCbBg\")]"}
COMMAND: POST /session/19c5ed65dbd52b03c8c783813379e291/elements - {"using":"xpath","value":"//td[@aria-colindex=\"1\"]/div/div[contains(@class, \"sapMCbBg\")]"}
RESULT: {"using":"xpath","value":"//td[@aria-colindex=\"1\"]/div/div[contains(@class, \"sapMCbBg\")]"}
COMMAND: POST /session/19c5ed65dbd52b03c8c783813379e291/elements - {"using":"xpath","value":"//td[@aria-colindex=\"1\"]/div/div[contains(@class, \"sapMCbBg\")]"}
RESULT: {"using":"xpath","value":"//td[@aria-colindex=\"1\"]/div/div[contains(@class, \"sapMCbBg\")]"}
COMMAND: POST /session/19c5ed65dbd52b03c8c783813379e291/elements - {"using":"xpath","value":"//td[@aria-colindex=\"1\"]/div/div[contains(@class, \"sapMCbBg\")]"}
RESULT: {"using":"xpath","value":"//td[@aria-colindex=\"1\"]/div/div[contains(@class, \"sapMCbBg\")]"}
COMMAND: POST /session/19c5ed65dbd52b03c8c783813379e291/elements - {"using":"xpath","value":"//td[@aria-colindex=\"1\"]/div/div[contains(@class, \"sapMCbBg\")]"}
RESULT: {"using":"xpath","value":"//td[@aria-colindex=\"1\"]/div/div[contains(@class, \"sapMCbBg\")]"}
COMMAND: POST /session/19c5ed65dbd52b03c8c783813379e291/elements - {"using":"xpath","value":"//td[@aria-colindex=\"1\"]/div/div[contains(@class, \"sapMCbBg\")]"}
RESULT: {"using":"xpath","value":"//td[@aria-colindex=\"1\"]/div/div[contains(@class, \"sapMCbBg\")]"}
COMMAND: POST /session/19c5ed65dbd52b03c8c783813379e291/elements - {"using":"xpath","value":"//td[@aria-colindex=\"1\"]/div/div[contains(@class, \"sapMCbBg\")]"}
RESULT: {"using":"xpath","value":"//td[@aria-colindex=\"1\"]/div/div[contains(@class, \"sapMCbBg\")]"}
COMMAND: POST /session/19c5ed65dbd52b03c8c783813379e291/elements - {"using":"xpath","value":"//td[@aria-colindex=\"1\"]/div/div[contains(@class, \"sapMCbBg\")]"}
RESULT: {"using":"xpath","value":"//td[@aria-colindex=\"1\"]/div/div[contains(@class, \"sapMCbBg\")]"}
COMMAND: POST /session/19c5ed65dbd52b03c8c783813379e291/elements - {"using":"xpath","value":"//td[@aria-colindex=\"1\"]/div/div[contains(@class, \"sapMCbBg\")]"}
RESULT: {"using":"xpath","value":"//td[@aria-colindex=\"1\"]/div/div[contains(@class, \"sapMCbBg\")]"}
COMMAND: POST /session/19c5ed65dbd52b03c8c783813379e291/elements - {"using":"xpath","value":"//td[@aria-colindex=\"1\"]/div/div[contains(@class, \"sapMCbBg\")]"}
RESULT: {"using":"xpath","value":"//td[@aria-colindex=\"1\"]/div/div[contains(@class, \"sapMCbBg\")]"}
COMMAND: POST /session/19c5ed65dbd52b03c8c783813379e291/elements - {"using":"xpath","value":"//td[@aria-colindex=\"1\"]/div/div[contains(@class, \"sapMCbBg\")]"}
RESULT: {"using":"xpath","value":"//td[@aria-colindex=\"1\"]/div/div[contains(@class, \"sapMCbBg\")]"}
COMMAND: POST /session/19c5ed65dbd52b03c8c783813379e291/elements - {"using":"xpath","value":"//td[@aria-colindex=\"1\"]/div/div[contains(@class, \"sapMCbBg\")]"}
RESULT: {"using":"xpath","value":"//td[@aria-colindex=\"1\"]/div/div[contains(@class, \"sapMCbBg\")]"}
COMMAND: POST /session/19c5ed65dbd52b03c8c783813379e291/elements - {"using":"xpath","value":"//td[@aria-colindex=\"1\"]/div/div[contains(@class, \"sapMCbBg\")]"}
RESULT: {"using":"xpath","value":"//td[@aria-colindex=\"1\"]/div/div[contains(@class, \"sapMCbBg\")]"}
COMMAND: POST /session/19c5ed65dbd52b03c8c783813379e291/elements - {"using":"xpath","value":"//td[@aria-colindex=\"1\"]/div/div[contains(@class, \"sapMCbBg\")]"}
RESULT: {"using":"xpath","value":"//td[@aria-colindex=\"1\"]/div/div[contains(@class, \"sapMCbBg\")]"}
COMMAND: POST /session/19c5ed65dbd52b03c8c783813379e291/elements - {"using":"xpath","value":"//td[@aria-colindex=\"1\"]/div/div[contains(@class, \"sapMCbBg\")]"}
RESULT: {"using":"xpath","value":"//td[@aria-colindex=\"1\"]/div/div[contains(@class, \"sapMCbBg\")]"}
COMMAND: POST /session/19c5ed65dbd52b03c8c783813379e291/elements - {"using":"xpath","value":"//td[@aria-colindex=\"1\"]/div/div[contains(@class, \"sapMCbBg\")]"}
COMMAND: GET /session/19c5ed65dbd52b03c8c783813379e291/screenshot - {}
RESULT: {"using":"xpath","value":"//td[@aria-colindex=\"1\"]/div/div[contains(@class, \"sapMCbBg\")]"}
RESULT: {}
]]></system-out>
      <system-err><![CDATA[
Error: Can't call click on element with selector "//td[@aria-colindex="1"]/div/div[contains(@class, "sapMCbBg")]" because element wasn't found
    at async UtilsPrerequisites.manageBillingsTriggerCalculation (D:\a\1\s\test\specs\BTS\prerequisites-and-utils-functions.js:2750:9)
    at async Context.<anonymous> (D:\a\1\s\test\specs\BTS\billing-calculation-transp-times.spec.js:77:9)
]]></system-err>
    </testcase>
    <testcase classname="chrome.136_0_7103_93.windows.Billing_Calculation_-_Time_based_(considering_transport_times)_US139738" name="Should transfer the billing all the way to completion" time="56.681">
      <failure/>
      <error message="element (&quot;//input[contains(@id ,&quot;application-billingtransfer-display-component---billingWorkbench--smartFilterBar-btnBasicSearch&quot;)]&quot;) still not existing after 45000ms"/>
      <system-out><![CDATA[
COMMAND: GET /session/19c5ed65dbd52b03c8c783813379e291/screenshot - {}
COMMAND: POST /session/19c5ed65dbd52b03c8c783813379e291/execute/async - {"script":"<script> [1562 bytes]","args":[{"selector":{"controlType":"sap.m.GenericTile","properties":{"header":"Billing Transfer"}},"wdio_ui5_key":"sapm.GenericTile{\"header\":\"Billing Transfer\"}"}]}
RESULT: {"script":"<script> [1562 bytes]","args":[{"selector":{"controlType":"sap.m.GenericTile","properties":{"header":"Billing Transfer"}},"wdio_ui5_key":"sapm.GenericTile{\"header\":\"Billing Transfer\"}"}]}
RESULT: undefined
RESULT: {}
COMMAND: POST /session/19c5ed65dbd52b03c8c783813379e291/elements - {"using":"xpath","value":"//span[text()='Error']"}
RESULT: {"using":"xpath","value":"//span[text()='Error']"}
COMMAND: POST /session/19c5ed65dbd52b03c8c783813379e291/element - {"using":"xpath","value":"//input[contains(@id ,\"application-billingtransfer-display-component---billingWorkbench--smartFilterBar-btnBasicSearch\")]"}
RESULT: {"using":"xpath","value":"//input[contains(@id ,\"application-billingtransfer-display-component---billingWorkbench--smartFilterBar-btnBasicSearch\")]"}
COMMAND: POST /session/19c5ed65dbd52b03c8c783813379e291/elements - {"using":"xpath","value":"//input[contains(@id ,\"application-billingtransfer-display-component---billingWorkbench--smartFilterBar-btnBasicSearch\")]"}
RESULT: {"using":"xpath","value":"//input[contains(@id ,\"application-billingtransfer-display-component---billingWorkbench--smartFilterBar-btnBasicSearch\")]"}
COMMAND: POST /session/19c5ed65dbd52b03c8c783813379e291/elements - {"using":"xpath","value":"//input[contains(@id ,\"application-billingtransfer-display-component---billingWorkbench--smartFilterBar-btnBasicSearch\")]"}
RESULT: {"using":"xpath","value":"//input[contains(@id ,\"application-billingtransfer-display-component---billingWorkbench--smartFilterBar-btnBasicSearch\")]"}
COMMAND: POST /session/19c5ed65dbd52b03c8c783813379e291/elements - {"using":"xpath","value":"//input[contains(@id ,\"application-billingtransfer-display-component---billingWorkbench--smartFilterBar-btnBasicSearch\")]"}
RESULT: {"using":"xpath","value":"//input[contains(@id ,\"application-billingtransfer-display-component---billingWorkbench--smartFilterBar-btnBasicSearch\")]"}
COMMAND: POST /session/19c5ed65dbd52b03c8c783813379e291/elements - {"using":"xpath","value":"//input[contains(@id ,\"application-billingtransfer-display-component---billingWorkbench--smartFilterBar-btnBasicSearch\")]"}
RESULT: {"using":"xpath","value":"//input[contains(@id ,\"application-billingtransfer-display-component---billingWorkbench--smartFilterBar-btnBasicSearch\")]"}
COMMAND: POST /session/19c5ed65dbd52b03c8c783813379e291/elements - {"using":"xpath","value":"//input[contains(@id ,\"application-billingtransfer-display-component---billingWorkbench--smartFilterBar-btnBasicSearch\")]"}
RESULT: {"using":"xpath","value":"//input[contains(@id ,\"application-billingtransfer-display-component---billingWorkbench--smartFilterBar-btnBasicSearch\")]"}
COMMAND: POST /session/19c5ed65dbd52b03c8c783813379e291/elements - {"using":"xpath","value":"//input[contains(@id ,\"application-billingtransfer-display-component---billingWorkbench--smartFilterBar-btnBasicSearch\")]"}
RESULT: {"using":"xpath","value":"//input[contains(@id ,\"application-billingtransfer-display-component---billingWorkbench--smartFilterBar-btnBasicSearch\")]"}
COMMAND: POST /session/19c5ed65dbd52b03c8c783813379e291/elements - {"using":"xpath","value":"//input[contains(@id ,\"application-billingtransfer-display-component---billingWorkbench--smartFilterBar-btnBasicSearch\")]"}
RESULT: {"using":"xpath","value":"//input[contains(@id ,\"application-billingtransfer-display-component---billingWorkbench--smartFilterBar-btnBasicSearch\")]"}
COMMAND: POST /session/19c5ed65dbd52b03c8c783813379e291/elements - {"using":"xpath","value":"//input[contains(@id ,\"application-billingtransfer-display-component---billingWorkbench--smartFilterBar-btnBasicSearch\")]"}
RESULT: {"using":"xpath","value":"//input[contains(@id ,\"application-billingtransfer-display-component---billingWorkbench--smartFilterBar-btnBasicSearch\")]"}
COMMAND: POST /session/19c5ed65dbd52b03c8c783813379e291/elements - {"using":"xpath","value":"//input[contains(@id ,\"application-billingtransfer-display-component---billingWorkbench--smartFilterBar-btnBasicSearch\")]"}
RESULT: {"using":"xpath","value":"//input[contains(@id ,\"application-billingtransfer-display-component---billingWorkbench--smartFilterBar-btnBasicSearch\")]"}
COMMAND: POST /session/19c5ed65dbd52b03c8c783813379e291/elements - {"using":"xpath","value":"//input[contains(@id ,\"application-billingtransfer-display-component---billingWorkbench--smartFilterBar-btnBasicSearch\")]"}
RESULT: {"using":"xpath","value":"//input[contains(@id ,\"application-billingtransfer-display-component---billingWorkbench--smartFilterBar-btnBasicSearch\")]"}
COMMAND: POST /session/19c5ed65dbd52b03c8c783813379e291/elements - {"using":"xpath","value":"//input[contains(@id ,\"application-billingtransfer-display-component---billingWorkbench--smartFilterBar-btnBasicSearch\")]"}
RESULT: {"using":"xpath","value":"//input[contains(@id ,\"application-billingtransfer-display-component---billingWorkbench--smartFilterBar-btnBasicSearch\")]"}
COMMAND: POST /session/19c5ed65dbd52b03c8c783813379e291/elements - {"using":"xpath","value":"//input[contains(@id ,\"application-billingtransfer-display-component---billingWorkbench--smartFilterBar-btnBasicSearch\")]"}
RESULT: {"using":"xpath","value":"//input[contains(@id ,\"application-billingtransfer-display-component---billingWorkbench--smartFilterBar-btnBasicSearch\")]"}
COMMAND: POST /session/19c5ed65dbd52b03c8c783813379e291/elements - {"using":"xpath","value":"//input[contains(@id ,\"application-billingtransfer-display-component---billingWorkbench--smartFilterBar-btnBasicSearch\")]"}
RESULT: {"using":"xpath","value":"//input[contains(@id ,\"application-billingtransfer-display-component---billingWorkbench--smartFilterBar-btnBasicSearch\")]"}
COMMAND: POST /session/19c5ed65dbd52b03c8c783813379e291/elements - {"using":"xpath","value":"//input[contains(@id ,\"application-billingtransfer-display-component---billingWorkbench--smartFilterBar-btnBasicSearch\")]"}
RESULT: {"using":"xpath","value":"//input[contains(@id ,\"application-billingtransfer-display-component---billingWorkbench--smartFilterBar-btnBasicSearch\")]"}
COMMAND: POST /session/19c5ed65dbd52b03c8c783813379e291/elements - {"using":"xpath","value":"//input[contains(@id ,\"application-billingtransfer-display-component---billingWorkbench--smartFilterBar-btnBasicSearch\")]"}
RESULT: {"using":"xpath","value":"//input[contains(@id ,\"application-billingtransfer-display-component---billingWorkbench--smartFilterBar-btnBasicSearch\")]"}
COMMAND: POST /session/19c5ed65dbd52b03c8c783813379e291/elements - {"using":"xpath","value":"//input[contains(@id ,\"application-billingtransfer-display-component---billingWorkbench--smartFilterBar-btnBasicSearch\")]"}
RESULT: {"using":"xpath","value":"//input[contains(@id ,\"application-billingtransfer-display-component---billingWorkbench--smartFilterBar-btnBasicSearch\")]"}
COMMAND: POST /session/19c5ed65dbd52b03c8c783813379e291/elements - {"using":"xpath","value":"//input[contains(@id ,\"application-billingtransfer-display-component---billingWorkbench--smartFilterBar-btnBasicSearch\")]"}
RESULT: {"using":"xpath","value":"//input[contains(@id ,\"application-billingtransfer-display-component---billingWorkbench--smartFilterBar-btnBasicSearch\")]"}
COMMAND: POST /session/19c5ed65dbd52b03c8c783813379e291/elements - {"using":"xpath","value":"//input[contains(@id ,\"application-billingtransfer-display-component---billingWorkbench--smartFilterBar-btnBasicSearch\")]"}
RESULT: {"using":"xpath","value":"//input[contains(@id ,\"application-billingtransfer-display-component---billingWorkbench--smartFilterBar-btnBasicSearch\")]"}
COMMAND: POST /session/19c5ed65dbd52b03c8c783813379e291/elements - {"using":"xpath","value":"//input[contains(@id ,\"application-billingtransfer-display-component---billingWorkbench--smartFilterBar-btnBasicSearch\")]"}
RESULT: {"using":"xpath","value":"//input[contains(@id ,\"application-billingtransfer-display-component---billingWorkbench--smartFilterBar-btnBasicSearch\")]"}
COMMAND: POST /session/19c5ed65dbd52b03c8c783813379e291/elements - {"using":"xpath","value":"//input[contains(@id ,\"application-billingtransfer-display-component---billingWorkbench--smartFilterBar-btnBasicSearch\")]"}
RESULT: {"using":"xpath","value":"//input[contains(@id ,\"application-billingtransfer-display-component---billingWorkbench--smartFilterBar-btnBasicSearch\")]"}
COMMAND: POST /session/19c5ed65dbd52b03c8c783813379e291/elements - {"using":"xpath","value":"//input[contains(@id ,\"application-billingtransfer-display-component---billingWorkbench--smartFilterBar-btnBasicSearch\")]"}
RESULT: {"using":"xpath","value":"//input[contains(@id ,\"application-billingtransfer-display-component---billingWorkbench--smartFilterBar-btnBasicSearch\")]"}
COMMAND: POST /session/19c5ed65dbd52b03c8c783813379e291/elements - {"using":"xpath","value":"//input[contains(@id ,\"application-billingtransfer-display-component---billingWorkbench--smartFilterBar-btnBasicSearch\")]"}
RESULT: {"using":"xpath","value":"//input[contains(@id ,\"application-billingtransfer-display-component---billingWorkbench--smartFilterBar-btnBasicSearch\")]"}
COMMAND: POST /session/19c5ed65dbd52b03c8c783813379e291/elements - {"using":"xpath","value":"//input[contains(@id ,\"application-billingtransfer-display-component---billingWorkbench--smartFilterBar-btnBasicSearch\")]"}
RESULT: {"using":"xpath","value":"//input[contains(@id ,\"application-billingtransfer-display-component---billingWorkbench--smartFilterBar-btnBasicSearch\")]"}
COMMAND: POST /session/19c5ed65dbd52b03c8c783813379e291/elements - {"using":"xpath","value":"//input[contains(@id ,\"application-billingtransfer-display-component---billingWorkbench--smartFilterBar-btnBasicSearch\")]"}
RESULT: {"using":"xpath","value":"//input[contains(@id ,\"application-billingtransfer-display-component---billingWorkbench--smartFilterBar-btnBasicSearch\")]"}
COMMAND: POST /session/19c5ed65dbd52b03c8c783813379e291/elements - {"using":"xpath","value":"//input[contains(@id ,\"application-billingtransfer-display-component---billingWorkbench--smartFilterBar-btnBasicSearch\")]"}
RESULT: {"using":"xpath","value":"//input[contains(@id ,\"application-billingtransfer-display-component---billingWorkbench--smartFilterBar-btnBasicSearch\")]"}
COMMAND: POST /session/19c5ed65dbd52b03c8c783813379e291/elements - {"using":"xpath","value":"//input[contains(@id ,\"application-billingtransfer-display-component---billingWorkbench--smartFilterBar-btnBasicSearch\")]"}
RESULT: {"using":"xpath","value":"//input[contains(@id ,\"application-billingtransfer-display-component---billingWorkbench--smartFilterBar-btnBasicSearch\")]"}
COMMAND: POST /session/19c5ed65dbd52b03c8c783813379e291/elements - {"using":"xpath","value":"//input[contains(@id ,\"application-billingtransfer-display-component---billingWorkbench--smartFilterBar-btnBasicSearch\")]"}
RESULT: {"using":"xpath","value":"//input[contains(@id ,\"application-billingtransfer-display-component---billingWorkbench--smartFilterBar-btnBasicSearch\")]"}
COMMAND: POST /session/19c5ed65dbd52b03c8c783813379e291/elements - {"using":"xpath","value":"//input[contains(@id ,\"application-billingtransfer-display-component---billingWorkbench--smartFilterBar-btnBasicSearch\")]"}
RESULT: {"using":"xpath","value":"//input[contains(@id ,\"application-billingtransfer-display-component---billingWorkbench--smartFilterBar-btnBasicSearch\")]"}
COMMAND: POST /session/19c5ed65dbd52b03c8c783813379e291/elements - {"using":"xpath","value":"//input[contains(@id ,\"application-billingtransfer-display-component---billingWorkbench--smartFilterBar-btnBasicSearch\")]"}
RESULT: {"using":"xpath","value":"//input[contains(@id ,\"application-billingtransfer-display-component---billingWorkbench--smartFilterBar-btnBasicSearch\")]"}
COMMAND: POST /session/19c5ed65dbd52b03c8c783813379e291/elements - {"using":"xpath","value":"//input[contains(@id ,\"application-billingtransfer-display-component---billingWorkbench--smartFilterBar-btnBasicSearch\")]"}
RESULT: {"using":"xpath","value":"//input[contains(@id ,\"application-billingtransfer-display-component---billingWorkbench--smartFilterBar-btnBasicSearch\")]"}
COMMAND: POST /session/19c5ed65dbd52b03c8c783813379e291/elements - {"using":"xpath","value":"//input[contains(@id ,\"application-billingtransfer-display-component---billingWorkbench--smartFilterBar-btnBasicSearch\")]"}
RESULT: {"using":"xpath","value":"//input[contains(@id ,\"application-billingtransfer-display-component---billingWorkbench--smartFilterBar-btnBasicSearch\")]"}
COMMAND: POST /session/19c5ed65dbd52b03c8c783813379e291/elements - {"using":"xpath","value":"//input[contains(@id ,\"application-billingtransfer-display-component---billingWorkbench--smartFilterBar-btnBasicSearch\")]"}
RESULT: {"using":"xpath","value":"//input[contains(@id ,\"application-billingtransfer-display-component---billingWorkbench--smartFilterBar-btnBasicSearch\")]"}
COMMAND: POST /session/19c5ed65dbd52b03c8c783813379e291/elements - {"using":"xpath","value":"//input[contains(@id ,\"application-billingtransfer-display-component---billingWorkbench--smartFilterBar-btnBasicSearch\")]"}
RESULT: {"using":"xpath","value":"//input[contains(@id ,\"application-billingtransfer-display-component---billingWorkbench--smartFilterBar-btnBasicSearch\")]"}
COMMAND: POST /session/19c5ed65dbd52b03c8c783813379e291/elements - {"using":"xpath","value":"//input[contains(@id ,\"application-billingtransfer-display-component---billingWorkbench--smartFilterBar-btnBasicSearch\")]"}
RESULT: {"using":"xpath","value":"//input[contains(@id ,\"application-billingtransfer-display-component---billingWorkbench--smartFilterBar-btnBasicSearch\")]"}
COMMAND: POST /session/19c5ed65dbd52b03c8c783813379e291/elements - {"using":"xpath","value":"//input[contains(@id ,\"application-billingtransfer-display-component---billingWorkbench--smartFilterBar-btnBasicSearch\")]"}
RESULT: {"using":"xpath","value":"//input[contains(@id ,\"application-billingtransfer-display-component---billingWorkbench--smartFilterBar-btnBasicSearch\")]"}
COMMAND: POST /session/19c5ed65dbd52b03c8c783813379e291/elements - {"using":"xpath","value":"//input[contains(@id ,\"application-billingtransfer-display-component---billingWorkbench--smartFilterBar-btnBasicSearch\")]"}
RESULT: {"using":"xpath","value":"//input[contains(@id ,\"application-billingtransfer-display-component---billingWorkbench--smartFilterBar-btnBasicSearch\")]"}
COMMAND: POST /session/19c5ed65dbd52b03c8c783813379e291/elements - {"using":"xpath","value":"//input[contains(@id ,\"application-billingtransfer-display-component---billingWorkbench--smartFilterBar-btnBasicSearch\")]"}
RESULT: {"using":"xpath","value":"//input[contains(@id ,\"application-billingtransfer-display-component---billingWorkbench--smartFilterBar-btnBasicSearch\")]"}
COMMAND: POST /session/19c5ed65dbd52b03c8c783813379e291/elements - {"using":"xpath","value":"//input[contains(@id ,\"application-billingtransfer-display-component---billingWorkbench--smartFilterBar-btnBasicSearch\")]"}
RESULT: {"using":"xpath","value":"//input[contains(@id ,\"application-billingtransfer-display-component---billingWorkbench--smartFilterBar-btnBasicSearch\")]"}
COMMAND: POST /session/19c5ed65dbd52b03c8c783813379e291/elements - {"using":"xpath","value":"//input[contains(@id ,\"application-billingtransfer-display-component---billingWorkbench--smartFilterBar-btnBasicSearch\")]"}
RESULT: {"using":"xpath","value":"//input[contains(@id ,\"application-billingtransfer-display-component---billingWorkbench--smartFilterBar-btnBasicSearch\")]"}
COMMAND: POST /session/19c5ed65dbd52b03c8c783813379e291/elements - {"using":"xpath","value":"//input[contains(@id ,\"application-billingtransfer-display-component---billingWorkbench--smartFilterBar-btnBasicSearch\")]"}
RESULT: {"using":"xpath","value":"//input[contains(@id ,\"application-billingtransfer-display-component---billingWorkbench--smartFilterBar-btnBasicSearch\")]"}
COMMAND: POST /session/19c5ed65dbd52b03c8c783813379e291/elements - {"using":"xpath","value":"//input[contains(@id ,\"application-billingtransfer-display-component---billingWorkbench--smartFilterBar-btnBasicSearch\")]"}
RESULT: {"using":"xpath","value":"//input[contains(@id ,\"application-billingtransfer-display-component---billingWorkbench--smartFilterBar-btnBasicSearch\")]"}
COMMAND: POST /session/19c5ed65dbd52b03c8c783813379e291/elements - {"using":"xpath","value":"//input[contains(@id ,\"application-billingtransfer-display-component---billingWorkbench--smartFilterBar-btnBasicSearch\")]"}
RESULT: {"using":"xpath","value":"//input[contains(@id ,\"application-billingtransfer-display-component---billingWorkbench--smartFilterBar-btnBasicSearch\")]"}
COMMAND: POST /session/19c5ed65dbd52b03c8c783813379e291/elements - {"using":"xpath","value":"//input[contains(@id ,\"application-billingtransfer-display-component---billingWorkbench--smartFilterBar-btnBasicSearch\")]"}
RESULT: {"using":"xpath","value":"//input[contains(@id ,\"application-billingtransfer-display-component---billingWorkbench--smartFilterBar-btnBasicSearch\")]"}
COMMAND: POST /session/19c5ed65dbd52b03c8c783813379e291/elements - {"using":"xpath","value":"//input[contains(@id ,\"application-billingtransfer-display-component---billingWorkbench--smartFilterBar-btnBasicSearch\")]"}
RESULT: {"using":"xpath","value":"//input[contains(@id ,\"application-billingtransfer-display-component---billingWorkbench--smartFilterBar-btnBasicSearch\")]"}
COMMAND: POST /session/19c5ed65dbd52b03c8c783813379e291/elements - {"using":"xpath","value":"//input[contains(@id ,\"application-billingtransfer-display-component---billingWorkbench--smartFilterBar-btnBasicSearch\")]"}
RESULT: {"using":"xpath","value":"//input[contains(@id ,\"application-billingtransfer-display-component---billingWorkbench--smartFilterBar-btnBasicSearch\")]"}
COMMAND: POST /session/19c5ed65dbd52b03c8c783813379e291/elements - {"using":"xpath","value":"//input[contains(@id ,\"application-billingtransfer-display-component---billingWorkbench--smartFilterBar-btnBasicSearch\")]"}
RESULT: {"using":"xpath","value":"//input[contains(@id ,\"application-billingtransfer-display-component---billingWorkbench--smartFilterBar-btnBasicSearch\")]"}
COMMAND: POST /session/19c5ed65dbd52b03c8c783813379e291/elements - {"using":"xpath","value":"//input[contains(@id ,\"application-billingtransfer-display-component---billingWorkbench--smartFilterBar-btnBasicSearch\")]"}
RESULT: {"using":"xpath","value":"//input[contains(@id ,\"application-billingtransfer-display-component---billingWorkbench--smartFilterBar-btnBasicSearch\")]"}
COMMAND: POST /session/19c5ed65dbd52b03c8c783813379e291/elements - {"using":"xpath","value":"//input[contains(@id ,\"application-billingtransfer-display-component---billingWorkbench--smartFilterBar-btnBasicSearch\")]"}
RESULT: {"using":"xpath","value":"//input[contains(@id ,\"application-billingtransfer-display-component---billingWorkbench--smartFilterBar-btnBasicSearch\")]"}
COMMAND: POST /session/19c5ed65dbd52b03c8c783813379e291/elements - {"using":"xpath","value":"//input[contains(@id ,\"application-billingtransfer-display-component---billingWorkbench--smartFilterBar-btnBasicSearch\")]"}
RESULT: {"using":"xpath","value":"//input[contains(@id ,\"application-billingtransfer-display-component---billingWorkbench--smartFilterBar-btnBasicSearch\")]"}
COMMAND: POST /session/19c5ed65dbd52b03c8c783813379e291/elements - {"using":"xpath","value":"//input[contains(@id ,\"application-billingtransfer-display-component---billingWorkbench--smartFilterBar-btnBasicSearch\")]"}
RESULT: {"using":"xpath","value":"//input[contains(@id ,\"application-billingtransfer-display-component---billingWorkbench--smartFilterBar-btnBasicSearch\")]"}
COMMAND: POST /session/19c5ed65dbd52b03c8c783813379e291/elements - {"using":"xpath","value":"//input[contains(@id ,\"application-billingtransfer-display-component---billingWorkbench--smartFilterBar-btnBasicSearch\")]"}
RESULT: {"using":"xpath","value":"//input[contains(@id ,\"application-billingtransfer-display-component---billingWorkbench--smartFilterBar-btnBasicSearch\")]"}
COMMAND: POST /session/19c5ed65dbd52b03c8c783813379e291/elements - {"using":"xpath","value":"//input[contains(@id ,\"application-billingtransfer-display-component---billingWorkbench--smartFilterBar-btnBasicSearch\")]"}
RESULT: {"using":"xpath","value":"//input[contains(@id ,\"application-billingtransfer-display-component---billingWorkbench--smartFilterBar-btnBasicSearch\")]"}
COMMAND: POST /session/19c5ed65dbd52b03c8c783813379e291/elements - {"using":"xpath","value":"//input[contains(@id ,\"application-billingtransfer-display-component---billingWorkbench--smartFilterBar-btnBasicSearch\")]"}
RESULT: {"using":"xpath","value":"//input[contains(@id ,\"application-billingtransfer-display-component---billingWorkbench--smartFilterBar-btnBasicSearch\")]"}
COMMAND: POST /session/19c5ed65dbd52b03c8c783813379e291/elements - {"using":"xpath","value":"//input[contains(@id ,\"application-billingtransfer-display-component---billingWorkbench--smartFilterBar-btnBasicSearch\")]"}
RESULT: {"using":"xpath","value":"//input[contains(@id ,\"application-billingtransfer-display-component---billingWorkbench--smartFilterBar-btnBasicSearch\")]"}
COMMAND: POST /session/19c5ed65dbd52b03c8c783813379e291/elements - {"using":"xpath","value":"//input[contains(@id ,\"application-billingtransfer-display-component---billingWorkbench--smartFilterBar-btnBasicSearch\")]"}
RESULT: {"using":"xpath","value":"//input[contains(@id ,\"application-billingtransfer-display-component---billingWorkbench--smartFilterBar-btnBasicSearch\")]"}
COMMAND: POST /session/19c5ed65dbd52b03c8c783813379e291/elements - {"using":"xpath","value":"//input[contains(@id ,\"application-billingtransfer-display-component---billingWorkbench--smartFilterBar-btnBasicSearch\")]"}
RESULT: {"using":"xpath","value":"//input[contains(@id ,\"application-billingtransfer-display-component---billingWorkbench--smartFilterBar-btnBasicSearch\")]"}
COMMAND: POST /session/19c5ed65dbd52b03c8c783813379e291/elements - {"using":"xpath","value":"//input[contains(@id ,\"application-billingtransfer-display-component---billingWorkbench--smartFilterBar-btnBasicSearch\")]"}
RESULT: {"using":"xpath","value":"//input[contains(@id ,\"application-billingtransfer-display-component---billingWorkbench--smartFilterBar-btnBasicSearch\")]"}
COMMAND: POST /session/19c5ed65dbd52b03c8c783813379e291/elements - {"using":"xpath","value":"//input[contains(@id ,\"application-billingtransfer-display-component---billingWorkbench--smartFilterBar-btnBasicSearch\")]"}
RESULT: {"using":"xpath","value":"//input[contains(@id ,\"application-billingtransfer-display-component---billingWorkbench--smartFilterBar-btnBasicSearch\")]"}
COMMAND: POST /session/19c5ed65dbd52b03c8c783813379e291/elements - {"using":"xpath","value":"//input[contains(@id ,\"application-billingtransfer-display-component---billingWorkbench--smartFilterBar-btnBasicSearch\")]"}
RESULT: {"using":"xpath","value":"//input[contains(@id ,\"application-billingtransfer-display-component---billingWorkbench--smartFilterBar-btnBasicSearch\")]"}
COMMAND: POST /session/19c5ed65dbd52b03c8c783813379e291/elements - {"using":"xpath","value":"//input[contains(@id ,\"application-billingtransfer-display-component---billingWorkbench--smartFilterBar-btnBasicSearch\")]"}
RESULT: {"using":"xpath","value":"//input[contains(@id ,\"application-billingtransfer-display-component---billingWorkbench--smartFilterBar-btnBasicSearch\")]"}
COMMAND: POST /session/19c5ed65dbd52b03c8c783813379e291/elements - {"using":"xpath","value":"//input[contains(@id ,\"application-billingtransfer-display-component---billingWorkbench--smartFilterBar-btnBasicSearch\")]"}
RESULT: {"using":"xpath","value":"//input[contains(@id ,\"application-billingtransfer-display-component---billingWorkbench--smartFilterBar-btnBasicSearch\")]"}
COMMAND: POST /session/19c5ed65dbd52b03c8c783813379e291/elements - {"using":"xpath","value":"//input[contains(@id ,\"application-billingtransfer-display-component---billingWorkbench--smartFilterBar-btnBasicSearch\")]"}
RESULT: {"using":"xpath","value":"//input[contains(@id ,\"application-billingtransfer-display-component---billingWorkbench--smartFilterBar-btnBasicSearch\")]"}
COMMAND: POST /session/19c5ed65dbd52b03c8c783813379e291/elements - {"using":"xpath","value":"//input[contains(@id ,\"application-billingtransfer-display-component---billingWorkbench--smartFilterBar-btnBasicSearch\")]"}
RESULT: {"using":"xpath","value":"//input[contains(@id ,\"application-billingtransfer-display-component---billingWorkbench--smartFilterBar-btnBasicSearch\")]"}
COMMAND: POST /session/19c5ed65dbd52b03c8c783813379e291/elements - {"using":"xpath","value":"//input[contains(@id ,\"application-billingtransfer-display-component---billingWorkbench--smartFilterBar-btnBasicSearch\")]"}
RESULT: {"using":"xpath","value":"//input[contains(@id ,\"application-billingtransfer-display-component---billingWorkbench--smartFilterBar-btnBasicSearch\")]"}
COMMAND: POST /session/19c5ed65dbd52b03c8c783813379e291/elements - {"using":"xpath","value":"//input[contains(@id ,\"application-billingtransfer-display-component---billingWorkbench--smartFilterBar-btnBasicSearch\")]"}
RESULT: {"using":"xpath","value":"//input[contains(@id ,\"application-billingtransfer-display-component---billingWorkbench--smartFilterBar-btnBasicSearch\")]"}
COMMAND: POST /session/19c5ed65dbd52b03c8c783813379e291/elements - {"using":"xpath","value":"//input[contains(@id ,\"application-billingtransfer-display-component---billingWorkbench--smartFilterBar-btnBasicSearch\")]"}
RESULT: {"using":"xpath","value":"//input[contains(@id ,\"application-billingtransfer-display-component---billingWorkbench--smartFilterBar-btnBasicSearch\")]"}
COMMAND: POST /session/19c5ed65dbd52b03c8c783813379e291/elements - {"using":"xpath","value":"//input[contains(@id ,\"application-billingtransfer-display-component---billingWorkbench--smartFilterBar-btnBasicSearch\")]"}
RESULT: {"using":"xpath","value":"//input[contains(@id ,\"application-billingtransfer-display-component---billingWorkbench--smartFilterBar-btnBasicSearch\")]"}
COMMAND: POST /session/19c5ed65dbd52b03c8c783813379e291/elements - {"using":"xpath","value":"//input[contains(@id ,\"application-billingtransfer-display-component---billingWorkbench--smartFilterBar-btnBasicSearch\")]"}
RESULT: {"using":"xpath","value":"//input[contains(@id ,\"application-billingtransfer-display-component---billingWorkbench--smartFilterBar-btnBasicSearch\")]"}
COMMAND: POST /session/19c5ed65dbd52b03c8c783813379e291/elements - {"using":"xpath","value":"//input[contains(@id ,\"application-billingtransfer-display-component---billingWorkbench--smartFilterBar-btnBasicSearch\")]"}
RESULT: {"using":"xpath","value":"//input[contains(@id ,\"application-billingtransfer-display-component---billingWorkbench--smartFilterBar-btnBasicSearch\")]"}
COMMAND: POST /session/19c5ed65dbd52b03c8c783813379e291/elements - {"using":"xpath","value":"//input[contains(@id ,\"application-billingtransfer-display-component---billingWorkbench--smartFilterBar-btnBasicSearch\")]"}
RESULT: {"using":"xpath","value":"//input[contains(@id ,\"application-billingtransfer-display-component---billingWorkbench--smartFilterBar-btnBasicSearch\")]"}
COMMAND: POST /session/19c5ed65dbd52b03c8c783813379e291/elements - {"using":"xpath","value":"//input[contains(@id ,\"application-billingtransfer-display-component---billingWorkbench--smartFilterBar-btnBasicSearch\")]"}
RESULT: {"using":"xpath","value":"//input[contains(@id ,\"application-billingtransfer-display-component---billingWorkbench--smartFilterBar-btnBasicSearch\")]"}
COMMAND: POST /session/19c5ed65dbd52b03c8c783813379e291/elements - {"using":"xpath","value":"//input[contains(@id ,\"application-billingtransfer-display-component---billingWorkbench--smartFilterBar-btnBasicSearch\")]"}
RESULT: {"using":"xpath","value":"//input[contains(@id ,\"application-billingtransfer-display-component---billingWorkbench--smartFilterBar-btnBasicSearch\")]"}
COMMAND: POST /session/19c5ed65dbd52b03c8c783813379e291/elements - {"using":"xpath","value":"//input[contains(@id ,\"application-billingtransfer-display-component---billingWorkbench--smartFilterBar-btnBasicSearch\")]"}
RESULT: {"using":"xpath","value":"//input[contains(@id ,\"application-billingtransfer-display-component---billingWorkbench--smartFilterBar-btnBasicSearch\")]"}
COMMAND: POST /session/19c5ed65dbd52b03c8c783813379e291/elements - {"using":"xpath","value":"//input[contains(@id ,\"application-billingtransfer-display-component---billingWorkbench--smartFilterBar-btnBasicSearch\")]"}
RESULT: {"using":"xpath","value":"//input[contains(@id ,\"application-billingtransfer-display-component---billingWorkbench--smartFilterBar-btnBasicSearch\")]"}
COMMAND: POST /session/19c5ed65dbd52b03c8c783813379e291/elements - {"using":"xpath","value":"//input[contains(@id ,\"application-billingtransfer-display-component---billingWorkbench--smartFilterBar-btnBasicSearch\")]"}
RESULT: {"using":"xpath","value":"//input[contains(@id ,\"application-billingtransfer-display-component---billingWorkbench--smartFilterBar-btnBasicSearch\")]"}
COMMAND: POST /session/19c5ed65dbd52b03c8c783813379e291/elements - {"using":"xpath","value":"//input[contains(@id ,\"application-billingtransfer-display-component---billingWorkbench--smartFilterBar-btnBasicSearch\")]"}
RESULT: {"using":"xpath","value":"//input[contains(@id ,\"application-billingtransfer-display-component---billingWorkbench--smartFilterBar-btnBasicSearch\")]"}
COMMAND: POST /session/19c5ed65dbd52b03c8c783813379e291/elements - {"using":"xpath","value":"//input[contains(@id ,\"application-billingtransfer-display-component---billingWorkbench--smartFilterBar-btnBasicSearch\")]"}
RESULT: {"using":"xpath","value":"//input[contains(@id ,\"application-billingtransfer-display-component---billingWorkbench--smartFilterBar-btnBasicSearch\")]"}
COMMAND: POST /session/19c5ed65dbd52b03c8c783813379e291/elements - {"using":"xpath","value":"//input[contains(@id ,\"application-billingtransfer-display-component---billingWorkbench--smartFilterBar-btnBasicSearch\")]"}
RESULT: {"using":"xpath","value":"//input[contains(@id ,\"application-billingtransfer-display-component---billingWorkbench--smartFilterBar-btnBasicSearch\")]"}
COMMAND: POST /session/19c5ed65dbd52b03c8c783813379e291/elements - {"using":"xpath","value":"//input[contains(@id ,\"application-billingtransfer-display-component---billingWorkbench--smartFilterBar-btnBasicSearch\")]"}
RESULT: {"using":"xpath","value":"//input[contains(@id ,\"application-billingtransfer-display-component---billingWorkbench--smartFilterBar-btnBasicSearch\")]"}
COMMAND: POST /session/19c5ed65dbd52b03c8c783813379e291/elements - {"using":"xpath","value":"//input[contains(@id ,\"application-billingtransfer-display-component---billingWorkbench--smartFilterBar-btnBasicSearch\")]"}
RESULT: {"using":"xpath","value":"//input[contains(@id ,\"application-billingtransfer-display-component---billingWorkbench--smartFilterBar-btnBasicSearch\")]"}
COMMAND: POST /session/19c5ed65dbd52b03c8c783813379e291/elements - {"using":"xpath","value":"//input[contains(@id ,\"application-billingtransfer-display-component---billingWorkbench--smartFilterBar-btnBasicSearch\")]"}
RESULT: {"using":"xpath","value":"//input[contains(@id ,\"application-billingtransfer-display-component---billingWorkbench--smartFilterBar-btnBasicSearch\")]"}
COMMAND: POST /session/19c5ed65dbd52b03c8c783813379e291/elements - {"using":"xpath","value":"//input[contains(@id ,\"application-billingtransfer-display-component---billingWorkbench--smartFilterBar-btnBasicSearch\")]"}
RESULT: {"using":"xpath","value":"//input[contains(@id ,\"application-billingtransfer-display-component---billingWorkbench--smartFilterBar-btnBasicSearch\")]"}
COMMAND: POST /session/19c5ed65dbd52b03c8c783813379e291/elements - {"using":"xpath","value":"//input[contains(@id ,\"application-billingtransfer-display-component---billingWorkbench--smartFilterBar-btnBasicSearch\")]"}
RESULT: {"using":"xpath","value":"//input[contains(@id ,\"application-billingtransfer-display-component---billingWorkbench--smartFilterBar-btnBasicSearch\")]"}
COMMAND: POST /session/19c5ed65dbd52b03c8c783813379e291/elements - {"using":"xpath","value":"//input[contains(@id ,\"application-billingtransfer-display-component---billingWorkbench--smartFilterBar-btnBasicSearch\")]"}
RESULT: {"using":"xpath","value":"//input[contains(@id ,\"application-billingtransfer-display-component---billingWorkbench--smartFilterBar-btnBasicSearch\")]"}
COMMAND: POST /session/19c5ed65dbd52b03c8c783813379e291/elements - {"using":"xpath","value":"//input[contains(@id ,\"application-billingtransfer-display-component---billingWorkbench--smartFilterBar-btnBasicSearch\")]"}
RESULT: {"using":"xpath","value":"//input[contains(@id ,\"application-billingtransfer-display-component---billingWorkbench--smartFilterBar-btnBasicSearch\")]"}
COMMAND: POST /session/19c5ed65dbd52b03c8c783813379e291/elements - {"using":"xpath","value":"//input[contains(@id ,\"application-billingtransfer-display-component---billingWorkbench--smartFilterBar-btnBasicSearch\")]"}
RESULT: {"using":"xpath","value":"//input[contains(@id ,\"application-billingtransfer-display-component---billingWorkbench--smartFilterBar-btnBasicSearch\")]"}
COMMAND: POST /session/19c5ed65dbd52b03c8c783813379e291/elements - {"using":"xpath","value":"//input[contains(@id ,\"application-billingtransfer-display-component---billingWorkbench--smartFilterBar-btnBasicSearch\")]"}
RESULT: {"using":"xpath","value":"//input[contains(@id ,\"application-billingtransfer-display-component---billingWorkbench--smartFilterBar-btnBasicSearch\")]"}
COMMAND: POST /session/19c5ed65dbd52b03c8c783813379e291/elements - {"using":"xpath","value":"//input[contains(@id ,\"application-billingtransfer-display-component---billingWorkbench--smartFilterBar-btnBasicSearch\")]"}
RESULT: {"using":"xpath","value":"//input[contains(@id ,\"application-billingtransfer-display-component---billingWorkbench--smartFilterBar-btnBasicSearch\")]"}
COMMAND: POST /session/19c5ed65dbd52b03c8c783813379e291/elements - {"using":"xpath","value":"//input[contains(@id ,\"application-billingtransfer-display-component---billingWorkbench--smartFilterBar-btnBasicSearch\")]"}
RESULT: {"using":"xpath","value":"//input[contains(@id ,\"application-billingtransfer-display-component---billingWorkbench--smartFilterBar-btnBasicSearch\")]"}
COMMAND: POST /session/19c5ed65dbd52b03c8c783813379e291/elements - {"using":"xpath","value":"//input[contains(@id ,\"application-billingtransfer-display-component---billingWorkbench--smartFilterBar-btnBasicSearch\")]"}
RESULT: {"using":"xpath","value":"//input[contains(@id ,\"application-billingtransfer-display-component---billingWorkbench--smartFilterBar-btnBasicSearch\")]"}
COMMAND: POST /session/19c5ed65dbd52b03c8c783813379e291/elements - {"using":"xpath","value":"//input[contains(@id ,\"application-billingtransfer-display-component---billingWorkbench--smartFilterBar-btnBasicSearch\")]"}
COMMAND: GET /session/19c5ed65dbd52b03c8c783813379e291/screenshot - {}
RESULT: {"using":"xpath","value":"//input[contains(@id ,\"application-billingtransfer-display-component---billingWorkbench--smartFilterBar-btnBasicSearch\")]"}
RESULT: {}
]]></system-out>
      <system-err><![CDATA[
Error: element ("//input[contains(@id ,"application-billingtransfer-display-component---billingWorkbench--smartFilterBar-btnBasicSearch")]") still not existing after 45000ms
    at async UtilsPrerequisites.narrowDownSearchBT (D:\a\1\s\test\specs\BTS\prerequisites-and-utils-functions.js:2882:9)
    at async UtilsPrerequisites.billingTransfer (D:\a\1\s\test\specs\BTS\prerequisites-and-utils-functions.js:2807:9)
    at async Context.<anonymous> (D:\a\1\s\test\specs\BTS\billing-calculation-transp-times.spec.js:94:9)
]]></system-err>
    </testcase>
    <testcase classname="chrome.136_0_7103_93.windows.Billing_Calculation_-_Time_based_(considering_transport_times)_US139738" name="Should navigate to the contract item check the billed until field value" time="59.501">
      <failure/>
      <error message="element (&quot;//button[@data-kt=&quot;addButton&quot;]&quot;) still not existing after 45000ms"/>
      <system-out><![CDATA[
RESULT: undefined
COMMAND: GET /session/19c5ed65dbd52b03c8c783813379e291/screenshot - {}
RESULT: {}
COMMAND: POST /session/19c5ed65dbd52b03c8c783813379e291/elements - {"using":"xpath","value":"//span[text()='Error']"}
RESULT: {"using":"xpath","value":"//span[text()='Error']"}
COMMAND: POST /session/19c5ed65dbd52b03c8c783813379e291/element - {"using":"xpath","value":"//button[@data-kt=\"addButton\"]"}
RESULT: {"using":"xpath","value":"//button[@data-kt=\"addButton\"]"}
COMMAND: POST /session/19c5ed65dbd52b03c8c783813379e291/elements - {"using":"xpath","value":"//button[@data-kt=\"addButton\"]"}
RESULT: {"using":"xpath","value":"//button[@data-kt=\"addButton\"]"}
COMMAND: POST /session/19c5ed65dbd52b03c8c783813379e291/elements - {"using":"xpath","value":"//button[@data-kt=\"addButton\"]"}
RESULT: {"using":"xpath","value":"//button[@data-kt=\"addButton\"]"}
COMMAND: POST /session/19c5ed65dbd52b03c8c783813379e291/elements - {"using":"xpath","value":"//button[@data-kt=\"addButton\"]"}
RESULT: {"using":"xpath","value":"//button[@data-kt=\"addButton\"]"}
COMMAND: POST /session/19c5ed65dbd52b03c8c783813379e291/elements - {"using":"xpath","value":"//button[@data-kt=\"addButton\"]"}
RESULT: {"using":"xpath","value":"//button[@data-kt=\"addButton\"]"}
COMMAND: POST /session/19c5ed65dbd52b03c8c783813379e291/elements - {"using":"xpath","value":"//button[@data-kt=\"addButton\"]"}
RESULT: {"using":"xpath","value":"//button[@data-kt=\"addButton\"]"}
COMMAND: POST /session/19c5ed65dbd52b03c8c783813379e291/elements - {"using":"xpath","value":"//button[@data-kt=\"addButton\"]"}
RESULT: {"using":"xpath","value":"//button[@data-kt=\"addButton\"]"}
COMMAND: POST /session/19c5ed65dbd52b03c8c783813379e291/elements - {"using":"xpath","value":"//button[@data-kt=\"addButton\"]"}
RESULT: {"using":"xpath","value":"//button[@data-kt=\"addButton\"]"}
COMMAND: POST /session/19c5ed65dbd52b03c8c783813379e291/elements - {"using":"xpath","value":"//button[@data-kt=\"addButton\"]"}
RESULT: {"using":"xpath","value":"//button[@data-kt=\"addButton\"]"}
COMMAND: POST /session/19c5ed65dbd52b03c8c783813379e291/elements - {"using":"xpath","value":"//button[@data-kt=\"addButton\"]"}
RESULT: {"using":"xpath","value":"//button[@data-kt=\"addButton\"]"}
COMMAND: POST /session/19c5ed65dbd52b03c8c783813379e291/elements - {"using":"xpath","value":"//button[@data-kt=\"addButton\"]"}
RESULT: {"using":"xpath","value":"//button[@data-kt=\"addButton\"]"}
COMMAND: POST /session/19c5ed65dbd52b03c8c783813379e291/elements - {"using":"xpath","value":"//button[@data-kt=\"addButton\"]"}
RESULT: {"using":"xpath","value":"//button[@data-kt=\"addButton\"]"}
COMMAND: POST /session/19c5ed65dbd52b03c8c783813379e291/elements - {"using":"xpath","value":"//button[@data-kt=\"addButton\"]"}
RESULT: {"using":"xpath","value":"//button[@data-kt=\"addButton\"]"}
COMMAND: POST /session/19c5ed65dbd52b03c8c783813379e291/elements - {"using":"xpath","value":"//button[@data-kt=\"addButton\"]"}
RESULT: {"using":"xpath","value":"//button[@data-kt=\"addButton\"]"}
COMMAND: POST /session/19c5ed65dbd52b03c8c783813379e291/elements - {"using":"xpath","value":"//button[@data-kt=\"addButton\"]"}
RESULT: {"using":"xpath","value":"//button[@data-kt=\"addButton\"]"}
COMMAND: POST /session/19c5ed65dbd52b03c8c783813379e291/elements - {"using":"xpath","value":"//button[@data-kt=\"addButton\"]"}
RESULT: {"using":"xpath","value":"//button[@data-kt=\"addButton\"]"}
COMMAND: POST /session/19c5ed65dbd52b03c8c783813379e291/elements - {"using":"xpath","value":"//button[@data-kt=\"addButton\"]"}
RESULT: {"using":"xpath","value":"//button[@data-kt=\"addButton\"]"}
COMMAND: POST /session/19c5ed65dbd52b03c8c783813379e291/elements - {"using":"xpath","value":"//button[@data-kt=\"addButton\"]"}
RESULT: {"using":"xpath","value":"//button[@data-kt=\"addButton\"]"}
COMMAND: POST /session/19c5ed65dbd52b03c8c783813379e291/elements - {"using":"xpath","value":"//button[@data-kt=\"addButton\"]"}
RESULT: {"using":"xpath","value":"//button[@data-kt=\"addButton\"]"}
COMMAND: POST /session/19c5ed65dbd52b03c8c783813379e291/elements - {"using":"xpath","value":"//button[@data-kt=\"addButton\"]"}
RESULT: {"using":"xpath","value":"//button[@data-kt=\"addButton\"]"}
COMMAND: POST /session/19c5ed65dbd52b03c8c783813379e291/elements - {"using":"xpath","value":"//button[@data-kt=\"addButton\"]"}
RESULT: {"using":"xpath","value":"//button[@data-kt=\"addButton\"]"}
COMMAND: POST /session/19c5ed65dbd52b03c8c783813379e291/elements - {"using":"xpath","value":"//button[@data-kt=\"addButton\"]"}
RESULT: {"using":"xpath","value":"//button[@data-kt=\"addButton\"]"}
COMMAND: POST /session/19c5ed65dbd52b03c8c783813379e291/elements - {"using":"xpath","value":"//button[@data-kt=\"addButton\"]"}
RESULT: {"using":"xpath","value":"//button[@data-kt=\"addButton\"]"}
COMMAND: POST /session/19c5ed65dbd52b03c8c783813379e291/elements - {"using":"xpath","value":"//button[@data-kt=\"addButton\"]"}
RESULT: {"using":"xpath","value":"//button[@data-kt=\"addButton\"]"}
COMMAND: POST /session/19c5ed65dbd52b03c8c783813379e291/elements - {"using":"xpath","value":"//button[@data-kt=\"addButton\"]"}
RESULT: {"using":"xpath","value":"//button[@data-kt=\"addButton\"]"}
COMMAND: POST /session/19c5ed65dbd52b03c8c783813379e291/elements - {"using":"xpath","value":"//button[@data-kt=\"addButton\"]"}
RESULT: {"using":"xpath","value":"//button[@data-kt=\"addButton\"]"}
COMMAND: POST /session/19c5ed65dbd52b03c8c783813379e291/elements - {"using":"xpath","value":"//button[@data-kt=\"addButton\"]"}
RESULT: {"using":"xpath","value":"//button[@data-kt=\"addButton\"]"}
COMMAND: POST /session/19c5ed65dbd52b03c8c783813379e291/elements - {"using":"xpath","value":"//button[@data-kt=\"addButton\"]"}
RESULT: {"using":"xpath","value":"//button[@data-kt=\"addButton\"]"}
COMMAND: POST /session/19c5ed65dbd52b03c8c783813379e291/elements - {"using":"xpath","value":"//button[@data-kt=\"addButton\"]"}
RESULT: {"using":"xpath","value":"//button[@data-kt=\"addButton\"]"}
COMMAND: POST /session/19c5ed65dbd52b03c8c783813379e291/elements - {"using":"xpath","value":"//button[@data-kt=\"addButton\"]"}
RESULT: {"using":"xpath","value":"//button[@data-kt=\"addButton\"]"}
COMMAND: POST /session/19c5ed65dbd52b03c8c783813379e291/elements - {"using":"xpath","value":"//button[@data-kt=\"addButton\"]"}
RESULT: {"using":"xpath","value":"//button[@data-kt=\"addButton\"]"}
COMMAND: POST /session/19c5ed65dbd52b03c8c783813379e291/elements - {"using":"xpath","value":"//button[@data-kt=\"addButton\"]"}
RESULT: {"using":"xpath","value":"//button[@data-kt=\"addButton\"]"}
COMMAND: POST /session/19c5ed65dbd52b03c8c783813379e291/elements - {"using":"xpath","value":"//button[@data-kt=\"addButton\"]"}
RESULT: {"using":"xpath","value":"//button[@data-kt=\"addButton\"]"}
COMMAND: POST /session/19c5ed65dbd52b03c8c783813379e291/elements - {"using":"xpath","value":"//button[@data-kt=\"addButton\"]"}
RESULT: {"using":"xpath","value":"//button[@data-kt=\"addButton\"]"}
COMMAND: POST /session/19c5ed65dbd52b03c8c783813379e291/elements - {"using":"xpath","value":"//button[@data-kt=\"addButton\"]"}
RESULT: {"using":"xpath","value":"//button[@data-kt=\"addButton\"]"}
COMMAND: POST /session/19c5ed65dbd52b03c8c783813379e291/elements - {"using":"xpath","value":"//button[@data-kt=\"addButton\"]"}
RESULT: {"using":"xpath","value":"//button[@data-kt=\"addButton\"]"}
COMMAND: POST /session/19c5ed65dbd52b03c8c783813379e291/elements - {"using":"xpath","value":"//button[@data-kt=\"addButton\"]"}
RESULT: {"using":"xpath","value":"//button[@data-kt=\"addButton\"]"}
COMMAND: POST /session/19c5ed65dbd52b03c8c783813379e291/elements - {"using":"xpath","value":"//button[@data-kt=\"addButton\"]"}
RESULT: {"using":"xpath","value":"//button[@data-kt=\"addButton\"]"}
COMMAND: POST /session/19c5ed65dbd52b03c8c783813379e291/elements - {"using":"xpath","value":"//button[@data-kt=\"addButton\"]"}
RESULT: {"using":"xpath","value":"//button[@data-kt=\"addButton\"]"}
COMMAND: POST /session/19c5ed65dbd52b03c8c783813379e291/elements - {"using":"xpath","value":"//button[@data-kt=\"addButton\"]"}
RESULT: {"using":"xpath","value":"//button[@data-kt=\"addButton\"]"}
COMMAND: POST /session/19c5ed65dbd52b03c8c783813379e291/elements - {"using":"xpath","value":"//button[@data-kt=\"addButton\"]"}
RESULT: {"using":"xpath","value":"//button[@data-kt=\"addButton\"]"}
COMMAND: POST /session/19c5ed65dbd52b03c8c783813379e291/elements - {"using":"xpath","value":"//button[@data-kt=\"addButton\"]"}
RESULT: {"using":"xpath","value":"//button[@data-kt=\"addButton\"]"}
COMMAND: POST /session/19c5ed65dbd52b03c8c783813379e291/elements - {"using":"xpath","value":"//button[@data-kt=\"addButton\"]"}
RESULT: {"using":"xpath","value":"//button[@data-kt=\"addButton\"]"}
COMMAND: POST /session/19c5ed65dbd52b03c8c783813379e291/elements - {"using":"xpath","value":"//button[@data-kt=\"addButton\"]"}
RESULT: {"using":"xpath","value":"//button[@data-kt=\"addButton\"]"}
COMMAND: POST /session/19c5ed65dbd52b03c8c783813379e291/elements - {"using":"xpath","value":"//button[@data-kt=\"addButton\"]"}
RESULT: {"using":"xpath","value":"//button[@data-kt=\"addButton\"]"}
COMMAND: POST /session/19c5ed65dbd52b03c8c783813379e291/elements - {"using":"xpath","value":"//button[@data-kt=\"addButton\"]"}
RESULT: {"using":"xpath","value":"//button[@data-kt=\"addButton\"]"}
COMMAND: POST /session/19c5ed65dbd52b03c8c783813379e291/elements - {"using":"xpath","value":"//button[@data-kt=\"addButton\"]"}
RESULT: {"using":"xpath","value":"//button[@data-kt=\"addButton\"]"}
COMMAND: POST /session/19c5ed65dbd52b03c8c783813379e291/elements - {"using":"xpath","value":"//button[@data-kt=\"addButton\"]"}
RESULT: {"using":"xpath","value":"//button[@data-kt=\"addButton\"]"}
COMMAND: POST /session/19c5ed65dbd52b03c8c783813379e291/elements - {"using":"xpath","value":"//button[@data-kt=\"addButton\"]"}
RESULT: {"using":"xpath","value":"//button[@data-kt=\"addButton\"]"}
COMMAND: POST /session/19c5ed65dbd52b03c8c783813379e291/elements - {"using":"xpath","value":"//button[@data-kt=\"addButton\"]"}
RESULT: {"using":"xpath","value":"//button[@data-kt=\"addButton\"]"}
COMMAND: POST /session/19c5ed65dbd52b03c8c783813379e291/elements - {"using":"xpath","value":"//button[@data-kt=\"addButton\"]"}
RESULT: {"using":"xpath","value":"//button[@data-kt=\"addButton\"]"}
COMMAND: POST /session/19c5ed65dbd52b03c8c783813379e291/elements - {"using":"xpath","value":"//button[@data-kt=\"addButton\"]"}
RESULT: {"using":"xpath","value":"//button[@data-kt=\"addButton\"]"}
COMMAND: POST /session/19c5ed65dbd52b03c8c783813379e291/elements - {"using":"xpath","value":"//button[@data-kt=\"addButton\"]"}
RESULT: {"using":"xpath","value":"//button[@data-kt=\"addButton\"]"}
COMMAND: POST /session/19c5ed65dbd52b03c8c783813379e291/elements - {"using":"xpath","value":"//button[@data-kt=\"addButton\"]"}
RESULT: {"using":"xpath","value":"//button[@data-kt=\"addButton\"]"}
COMMAND: POST /session/19c5ed65dbd52b03c8c783813379e291/elements - {"using":"xpath","value":"//button[@data-kt=\"addButton\"]"}
RESULT: {"using":"xpath","value":"//button[@data-kt=\"addButton\"]"}
COMMAND: POST /session/19c5ed65dbd52b03c8c783813379e291/elements - {"using":"xpath","value":"//button[@data-kt=\"addButton\"]"}
RESULT: {"using":"xpath","value":"//button[@data-kt=\"addButton\"]"}
COMMAND: POST /session/19c5ed65dbd52b03c8c783813379e291/elements - {"using":"xpath","value":"//button[@data-kt=\"addButton\"]"}
RESULT: {"using":"xpath","value":"//button[@data-kt=\"addButton\"]"}
COMMAND: POST /session/19c5ed65dbd52b03c8c783813379e291/elements - {"using":"xpath","value":"//button[@data-kt=\"addButton\"]"}
RESULT: {"using":"xpath","value":"//button[@data-kt=\"addButton\"]"}
COMMAND: POST /session/19c5ed65dbd52b03c8c783813379e291/elements - {"using":"xpath","value":"//button[@data-kt=\"addButton\"]"}
RESULT: {"using":"xpath","value":"//button[@data-kt=\"addButton\"]"}
COMMAND: POST /session/19c5ed65dbd52b03c8c783813379e291/elements - {"using":"xpath","value":"//button[@data-kt=\"addButton\"]"}
RESULT: {"using":"xpath","value":"//button[@data-kt=\"addButton\"]"}
COMMAND: POST /session/19c5ed65dbd52b03c8c783813379e291/elements - {"using":"xpath","value":"//button[@data-kt=\"addButton\"]"}
RESULT: {"using":"xpath","value":"//button[@data-kt=\"addButton\"]"}
COMMAND: POST /session/19c5ed65dbd52b03c8c783813379e291/elements - {"using":"xpath","value":"//button[@data-kt=\"addButton\"]"}
RESULT: {"using":"xpath","value":"//button[@data-kt=\"addButton\"]"}
COMMAND: POST /session/19c5ed65dbd52b03c8c783813379e291/elements - {"using":"xpath","value":"//button[@data-kt=\"addButton\"]"}
RESULT: {"using":"xpath","value":"//button[@data-kt=\"addButton\"]"}
COMMAND: POST /session/19c5ed65dbd52b03c8c783813379e291/elements - {"using":"xpath","value":"//button[@data-kt=\"addButton\"]"}
RESULT: {"using":"xpath","value":"//button[@data-kt=\"addButton\"]"}
COMMAND: POST /session/19c5ed65dbd52b03c8c783813379e291/elements - {"using":"xpath","value":"//button[@data-kt=\"addButton\"]"}
RESULT: {"using":"xpath","value":"//button[@data-kt=\"addButton\"]"}
COMMAND: POST /session/19c5ed65dbd52b03c8c783813379e291/elements - {"using":"xpath","value":"//button[@data-kt=\"addButton\"]"}
RESULT: {"using":"xpath","value":"//button[@data-kt=\"addButton\"]"}
COMMAND: POST /session/19c5ed65dbd52b03c8c783813379e291/elements - {"using":"xpath","value":"//button[@data-kt=\"addButton\"]"}
RESULT: {"using":"xpath","value":"//button[@data-kt=\"addButton\"]"}
COMMAND: POST /session/19c5ed65dbd52b03c8c783813379e291/elements - {"using":"xpath","value":"//button[@data-kt=\"addButton\"]"}
RESULT: {"using":"xpath","value":"//button[@data-kt=\"addButton\"]"}
COMMAND: POST /session/19c5ed65dbd52b03c8c783813379e291/elements - {"using":"xpath","value":"//button[@data-kt=\"addButton\"]"}
RESULT: {"using":"xpath","value":"//button[@data-kt=\"addButton\"]"}
COMMAND: POST /session/19c5ed65dbd52b03c8c783813379e291/elements - {"using":"xpath","value":"//button[@data-kt=\"addButton\"]"}
RESULT: {"using":"xpath","value":"//button[@data-kt=\"addButton\"]"}
COMMAND: POST /session/19c5ed65dbd52b03c8c783813379e291/elements - {"using":"xpath","value":"//button[@data-kt=\"addButton\"]"}
RESULT: {"using":"xpath","value":"//button[@data-kt=\"addButton\"]"}
COMMAND: POST /session/19c5ed65dbd52b03c8c783813379e291/elements - {"using":"xpath","value":"//button[@data-kt=\"addButton\"]"}
RESULT: {"using":"xpath","value":"//button[@data-kt=\"addButton\"]"}
COMMAND: POST /session/19c5ed65dbd52b03c8c783813379e291/elements - {"using":"xpath","value":"//button[@data-kt=\"addButton\"]"}
RESULT: {"using":"xpath","value":"//button[@data-kt=\"addButton\"]"}
COMMAND: POST /session/19c5ed65dbd52b03c8c783813379e291/elements - {"using":"xpath","value":"//button[@data-kt=\"addButton\"]"}
RESULT: {"using":"xpath","value":"//button[@data-kt=\"addButton\"]"}
COMMAND: POST /session/19c5ed65dbd52b03c8c783813379e291/elements - {"using":"xpath","value":"//button[@data-kt=\"addButton\"]"}
RESULT: {"using":"xpath","value":"//button[@data-kt=\"addButton\"]"}
COMMAND: POST /session/19c5ed65dbd52b03c8c783813379e291/elements - {"using":"xpath","value":"//button[@data-kt=\"addButton\"]"}
RESULT: {"using":"xpath","value":"//button[@data-kt=\"addButton\"]"}
COMMAND: POST /session/19c5ed65dbd52b03c8c783813379e291/elements - {"using":"xpath","value":"//button[@data-kt=\"addButton\"]"}
RESULT: {"using":"xpath","value":"//button[@data-kt=\"addButton\"]"}
COMMAND: POST /session/19c5ed65dbd52b03c8c783813379e291/elements - {"using":"xpath","value":"//button[@data-kt=\"addButton\"]"}
RESULT: {"using":"xpath","value":"//button[@data-kt=\"addButton\"]"}
COMMAND: POST /session/19c5ed65dbd52b03c8c783813379e291/elements - {"using":"xpath","value":"//button[@data-kt=\"addButton\"]"}
RESULT: {"using":"xpath","value":"//button[@data-kt=\"addButton\"]"}
COMMAND: POST /session/19c5ed65dbd52b03c8c783813379e291/elements - {"using":"xpath","value":"//button[@data-kt=\"addButton\"]"}
RESULT: {"using":"xpath","value":"//button[@data-kt=\"addButton\"]"}
COMMAND: POST /session/19c5ed65dbd52b03c8c783813379e291/elements - {"using":"xpath","value":"//button[@data-kt=\"addButton\"]"}
RESULT: {"using":"xpath","value":"//button[@data-kt=\"addButton\"]"}
COMMAND: POST /session/19c5ed65dbd52b03c8c783813379e291/elements - {"using":"xpath","value":"//button[@data-kt=\"addButton\"]"}
RESULT: {"using":"xpath","value":"//button[@data-kt=\"addButton\"]"}
COMMAND: POST /session/19c5ed65dbd52b03c8c783813379e291/elements - {"using":"xpath","value":"//button[@data-kt=\"addButton\"]"}
RESULT: {"using":"xpath","value":"//button[@data-kt=\"addButton\"]"}
COMMAND: POST /session/19c5ed65dbd52b03c8c783813379e291/elements - {"using":"xpath","value":"//button[@data-kt=\"addButton\"]"}
RESULT: {"using":"xpath","value":"//button[@data-kt=\"addButton\"]"}
COMMAND: POST /session/19c5ed65dbd52b03c8c783813379e291/elements - {"using":"xpath","value":"//button[@data-kt=\"addButton\"]"}
RESULT: {"using":"xpath","value":"//button[@data-kt=\"addButton\"]"}
COMMAND: POST /session/19c5ed65dbd52b03c8c783813379e291/elements - {"using":"xpath","value":"//button[@data-kt=\"addButton\"]"}
RESULT: {"using":"xpath","value":"//button[@data-kt=\"addButton\"]"}
COMMAND: POST /session/19c5ed65dbd52b03c8c783813379e291/elements - {"using":"xpath","value":"//button[@data-kt=\"addButton\"]"}
RESULT: {"using":"xpath","value":"//button[@data-kt=\"addButton\"]"}
COMMAND: POST /session/19c5ed65dbd52b03c8c783813379e291/elements - {"using":"xpath","value":"//button[@data-kt=\"addButton\"]"}
RESULT: {"using":"xpath","value":"//button[@data-kt=\"addButton\"]"}
COMMAND: POST /session/19c5ed65dbd52b03c8c783813379e291/elements - {"using":"xpath","value":"//button[@data-kt=\"addButton\"]"}
RESULT: {"using":"xpath","value":"//button[@data-kt=\"addButton\"]"}
COMMAND: POST /session/19c5ed65dbd52b03c8c783813379e291/elements - {"using":"xpath","value":"//button[@data-kt=\"addButton\"]"}
RESULT: {"using":"xpath","value":"//button[@data-kt=\"addButton\"]"}
COMMAND: POST /session/19c5ed65dbd52b03c8c783813379e291/elements - {"using":"xpath","value":"//button[@data-kt=\"addButton\"]"}
RESULT: {"using":"xpath","value":"//button[@data-kt=\"addButton\"]"}
COMMAND: GET /session/19c5ed65dbd52b03c8c783813379e291/screenshot - {}
RESULT: {}
]]></system-out>
      <system-err><![CDATA[
Error: element ("//button[@data-kt="addButton"]") still not existing after 45000ms
    at async UtilsPrerequisites.checkBilledUntilDate (D:\a\1\s\test\specs\BTS\prerequisites-and-utils-functions.js:2343:9)
    at async Context.<anonymous> (D:\a\1\s\test\specs\BTS\billing-calculation-transp-times.spec.js:104:9)
]]></system-err>
    </testcase>
    <testcase classname="chrome.136_0_7103_93.windows.Billing_Calculation_-_Time_based_(considering_transport_times)_US139738" name="Should do a handover return 2 step 7 days after provide or 14 days from today receive it in 21 days" time="60.322">
      <failure/>
      <error message="element (&quot;//button[@data-kt=&quot;addButton&quot;]&quot;) still not existing after 45000ms"/>
      <system-out><![CDATA[
RESULT: undefined
COMMAND: GET /session/19c5ed65dbd52b03c8c783813379e291/screenshot - {}
RESULT: {}
COMMAND: POST /session/19c5ed65dbd52b03c8c783813379e291/elements - {"using":"xpath","value":"//span[text()='Error']"}
RESULT: {"using":"xpath","value":"//span[text()='Error']"}
COMMAND: POST /session/19c5ed65dbd52b03c8c783813379e291/element - {"using":"xpath","value":"//button[@data-kt=\"addButton\"]"}
RESULT: {"using":"xpath","value":"//button[@data-kt=\"addButton\"]"}
COMMAND: POST /session/19c5ed65dbd52b03c8c783813379e291/elements - {"using":"xpath","value":"//button[@data-kt=\"addButton\"]"}
RESULT: {"using":"xpath","value":"//button[@data-kt=\"addButton\"]"}
COMMAND: POST /session/19c5ed65dbd52b03c8c783813379e291/elements - {"using":"xpath","value":"//button[@data-kt=\"addButton\"]"}
RESULT: {"using":"xpath","value":"//button[@data-kt=\"addButton\"]"}
COMMAND: POST /session/19c5ed65dbd52b03c8c783813379e291/elements - {"using":"xpath","value":"//button[@data-kt=\"addButton\"]"}
RESULT: {"using":"xpath","value":"//button[@data-kt=\"addButton\"]"}
COMMAND: POST /session/19c5ed65dbd52b03c8c783813379e291/elements - {"using":"xpath","value":"//button[@data-kt=\"addButton\"]"}
RESULT: {"using":"xpath","value":"//button[@data-kt=\"addButton\"]"}
COMMAND: POST /session/19c5ed65dbd52b03c8c783813379e291/elements - {"using":"xpath","value":"//button[@data-kt=\"addButton\"]"}
RESULT: {"using":"xpath","value":"//button[@data-kt=\"addButton\"]"}
COMMAND: POST /session/19c5ed65dbd52b03c8c783813379e291/elements - {"using":"xpath","value":"//button[@data-kt=\"addButton\"]"}
RESULT: {"using":"xpath","value":"//button[@data-kt=\"addButton\"]"}
COMMAND: POST /session/19c5ed65dbd52b03c8c783813379e291/elements - {"using":"xpath","value":"//button[@data-kt=\"addButton\"]"}
RESULT: {"using":"xpath","value":"//button[@data-kt=\"addButton\"]"}
COMMAND: POST /session/19c5ed65dbd52b03c8c783813379e291/elements - {"using":"xpath","value":"//button[@data-kt=\"addButton\"]"}
RESULT: {"using":"xpath","value":"//button[@data-kt=\"addButton\"]"}
COMMAND: POST /session/19c5ed65dbd52b03c8c783813379e291/elements - {"using":"xpath","value":"//button[@data-kt=\"addButton\"]"}
RESULT: {"using":"xpath","value":"//button[@data-kt=\"addButton\"]"}
COMMAND: POST /session/19c5ed65dbd52b03c8c783813379e291/elements - {"using":"xpath","value":"//button[@data-kt=\"addButton\"]"}
RESULT: {"using":"xpath","value":"//button[@data-kt=\"addButton\"]"}
COMMAND: POST /session/19c5ed65dbd52b03c8c783813379e291/elements - {"using":"xpath","value":"//button[@data-kt=\"addButton\"]"}
RESULT: {"using":"xpath","value":"//button[@data-kt=\"addButton\"]"}
COMMAND: POST /session/19c5ed65dbd52b03c8c783813379e291/elements - {"using":"xpath","value":"//button[@data-kt=\"addButton\"]"}
RESULT: {"using":"xpath","value":"//button[@data-kt=\"addButton\"]"}
COMMAND: POST /session/19c5ed65dbd52b03c8c783813379e291/elements - {"using":"xpath","value":"//button[@data-kt=\"addButton\"]"}
RESULT: {"using":"xpath","value":"//button[@data-kt=\"addButton\"]"}
COMMAND: POST /session/19c5ed65dbd52b03c8c783813379e291/elements - {"using":"xpath","value":"//button[@data-kt=\"addButton\"]"}
RESULT: {"using":"xpath","value":"//button[@data-kt=\"addButton\"]"}
COMMAND: POST /session/19c5ed65dbd52b03c8c783813379e291/elements - {"using":"xpath","value":"//button[@data-kt=\"addButton\"]"}
RESULT: {"using":"xpath","value":"//button[@data-kt=\"addButton\"]"}
COMMAND: POST /session/19c5ed65dbd52b03c8c783813379e291/elements - {"using":"xpath","value":"//button[@data-kt=\"addButton\"]"}
RESULT: {"using":"xpath","value":"//button[@data-kt=\"addButton\"]"}
COMMAND: POST /session/19c5ed65dbd52b03c8c783813379e291/elements - {"using":"xpath","value":"//button[@data-kt=\"addButton\"]"}
RESULT: {"using":"xpath","value":"//button[@data-kt=\"addButton\"]"}
COMMAND: POST /session/19c5ed65dbd52b03c8c783813379e291/elements - {"using":"xpath","value":"//button[@data-kt=\"addButton\"]"}
RESULT: {"using":"xpath","value":"//button[@data-kt=\"addButton\"]"}
COMMAND: POST /session/19c5ed65dbd52b03c8c783813379e291/elements - {"using":"xpath","value":"//button[@data-kt=\"addButton\"]"}
RESULT: {"using":"xpath","value":"//button[@data-kt=\"addButton\"]"}
COMMAND: POST /session/19c5ed65dbd52b03c8c783813379e291/elements - {"using":"xpath","value":"//button[@data-kt=\"addButton\"]"}
RESULT: {"using":"xpath","value":"//button[@data-kt=\"addButton\"]"}
COMMAND: POST /session/19c5ed65dbd52b03c8c783813379e291/elements - {"using":"xpath","value":"//button[@data-kt=\"addButton\"]"}
RESULT: {"using":"xpath","value":"//button[@data-kt=\"addButton\"]"}
COMMAND: POST /session/19c5ed65dbd52b03c8c783813379e291/elements - {"using":"xpath","value":"//button[@data-kt=\"addButton\"]"}
RESULT: {"using":"xpath","value":"//button[@data-kt=\"addButton\"]"}
COMMAND: POST /session/19c5ed65dbd52b03c8c783813379e291/elements - {"using":"xpath","value":"//button[@data-kt=\"addButton\"]"}
RESULT: {"using":"xpath","value":"//button[@data-kt=\"addButton\"]"}
COMMAND: POST /session/19c5ed65dbd52b03c8c783813379e291/elements - {"using":"xpath","value":"//button[@data-kt=\"addButton\"]"}
RESULT: {"using":"xpath","value":"//button[@data-kt=\"addButton\"]"}
COMMAND: POST /session/19c5ed65dbd52b03c8c783813379e291/elements - {"using":"xpath","value":"//button[@data-kt=\"addButton\"]"}
RESULT: {"using":"xpath","value":"//button[@data-kt=\"addButton\"]"}
COMMAND: POST /session/19c5ed65dbd52b03c8c783813379e291/elements - {"using":"xpath","value":"//button[@data-kt=\"addButton\"]"}
RESULT: {"using":"xpath","value":"//button[@data-kt=\"addButton\"]"}
COMMAND: POST /session/19c5ed65dbd52b03c8c783813379e291/elements - {"using":"xpath","value":"//button[@data-kt=\"addButton\"]"}
RESULT: {"using":"xpath","value":"//button[@data-kt=\"addButton\"]"}
COMMAND: POST /session/19c5ed65dbd52b03c8c783813379e291/elements - {"using":"xpath","value":"//button[@data-kt=\"addButton\"]"}
RESULT: {"using":"xpath","value":"//button[@data-kt=\"addButton\"]"}
COMMAND: POST /session/19c5ed65dbd52b03c8c783813379e291/elements - {"using":"xpath","value":"//button[@data-kt=\"addButton\"]"}
RESULT: {"using":"xpath","value":"//button[@data-kt=\"addButton\"]"}
COMMAND: POST /session/19c5ed65dbd52b03c8c783813379e291/elements - {"using":"xpath","value":"//button[@data-kt=\"addButton\"]"}
RESULT: {"using":"xpath","value":"//button[@data-kt=\"addButton\"]"}
COMMAND: POST /session/19c5ed65dbd52b03c8c783813379e291/elements - {"using":"xpath","value":"//button[@data-kt=\"addButton\"]"}
RESULT: {"using":"xpath","value":"//button[@data-kt=\"addButton\"]"}
COMMAND: POST /session/19c5ed65dbd52b03c8c783813379e291/elements - {"using":"xpath","value":"//button[@data-kt=\"addButton\"]"}
RESULT: {"using":"xpath","value":"//button[@data-kt=\"addButton\"]"}
COMMAND: POST /session/19c5ed65dbd52b03c8c783813379e291/elements - {"using":"xpath","value":"//button[@data-kt=\"addButton\"]"}
RESULT: {"using":"xpath","value":"//button[@data-kt=\"addButton\"]"}
COMMAND: POST /session/19c5ed65dbd52b03c8c783813379e291/elements - {"using":"xpath","value":"//button[@data-kt=\"addButton\"]"}
RESULT: {"using":"xpath","value":"//button[@data-kt=\"addButton\"]"}
COMMAND: POST /session/19c5ed65dbd52b03c8c783813379e291/elements - {"using":"xpath","value":"//button[@data-kt=\"addButton\"]"}
RESULT: {"using":"xpath","value":"//button[@data-kt=\"addButton\"]"}
COMMAND: POST /session/19c5ed65dbd52b03c8c783813379e291/elements - {"using":"xpath","value":"//button[@data-kt=\"addButton\"]"}
RESULT: {"using":"xpath","value":"//button[@data-kt=\"addButton\"]"}
COMMAND: POST /session/19c5ed65dbd52b03c8c783813379e291/elements - {"using":"xpath","value":"//button[@data-kt=\"addButton\"]"}
RESULT: {"using":"xpath","value":"//button[@data-kt=\"addButton\"]"}
COMMAND: POST /session/19c5ed65dbd52b03c8c783813379e291/elements - {"using":"xpath","value":"//button[@data-kt=\"addButton\"]"}
RESULT: {"using":"xpath","value":"//button[@data-kt=\"addButton\"]"}
COMMAND: POST /session/19c5ed65dbd52b03c8c783813379e291/elements - {"using":"xpath","value":"//button[@data-kt=\"addButton\"]"}
RESULT: {"using":"xpath","value":"//button[@data-kt=\"addButton\"]"}
COMMAND: POST /session/19c5ed65dbd52b03c8c783813379e291/elements - {"using":"xpath","value":"//button[@data-kt=\"addButton\"]"}
RESULT: {"using":"xpath","value":"//button[@data-kt=\"addButton\"]"}
COMMAND: POST /session/19c5ed65dbd52b03c8c783813379e291/elements - {"using":"xpath","value":"//button[@data-kt=\"addButton\"]"}
RESULT: {"using":"xpath","value":"//button[@data-kt=\"addButton\"]"}
COMMAND: POST /session/19c5ed65dbd52b03c8c783813379e291/elements - {"using":"xpath","value":"//button[@data-kt=\"addButton\"]"}
RESULT: {"using":"xpath","value":"//button[@data-kt=\"addButton\"]"}
COMMAND: POST /session/19c5ed65dbd52b03c8c783813379e291/elements - {"using":"xpath","value":"//button[@data-kt=\"addButton\"]"}
RESULT: {"using":"xpath","value":"//button[@data-kt=\"addButton\"]"}
COMMAND: POST /session/19c5ed65dbd52b03c8c783813379e291/elements - {"using":"xpath","value":"//button[@data-kt=\"addButton\"]"}
RESULT: {"using":"xpath","value":"//button[@data-kt=\"addButton\"]"}
COMMAND: POST /session/19c5ed65dbd52b03c8c783813379e291/elements - {"using":"xpath","value":"//button[@data-kt=\"addButton\"]"}
RESULT: {"using":"xpath","value":"//button[@data-kt=\"addButton\"]"}
COMMAND: POST /session/19c5ed65dbd52b03c8c783813379e291/elements - {"using":"xpath","value":"//button[@data-kt=\"addButton\"]"}
RESULT: {"using":"xpath","value":"//button[@data-kt=\"addButton\"]"}
COMMAND: POST /session/19c5ed65dbd52b03c8c783813379e291/elements - {"using":"xpath","value":"//button[@data-kt=\"addButton\"]"}
RESULT: {"using":"xpath","value":"//button[@data-kt=\"addButton\"]"}
COMMAND: POST /session/19c5ed65dbd52b03c8c783813379e291/elements - {"using":"xpath","value":"//button[@data-kt=\"addButton\"]"}
RESULT: {"using":"xpath","value":"//button[@data-kt=\"addButton\"]"}
COMMAND: POST /session/19c5ed65dbd52b03c8c783813379e291/elements - {"using":"xpath","value":"//button[@data-kt=\"addButton\"]"}
RESULT: {"using":"xpath","value":"//button[@data-kt=\"addButton\"]"}
COMMAND: POST /session/19c5ed65dbd52b03c8c783813379e291/elements - {"using":"xpath","value":"//button[@data-kt=\"addButton\"]"}
RESULT: {"using":"xpath","value":"//button[@data-kt=\"addButton\"]"}
COMMAND: POST /session/19c5ed65dbd52b03c8c783813379e291/elements - {"using":"xpath","value":"//button[@data-kt=\"addButton\"]"}
RESULT: {"using":"xpath","value":"//button[@data-kt=\"addButton\"]"}
COMMAND: POST /session/19c5ed65dbd52b03c8c783813379e291/elements - {"using":"xpath","value":"//button[@data-kt=\"addButton\"]"}
RESULT: {"using":"xpath","value":"//button[@data-kt=\"addButton\"]"}
COMMAND: POST /session/19c5ed65dbd52b03c8c783813379e291/elements - {"using":"xpath","value":"//button[@data-kt=\"addButton\"]"}
RESULT: {"using":"xpath","value":"//button[@data-kt=\"addButton\"]"}
COMMAND: POST /session/19c5ed65dbd52b03c8c783813379e291/elements - {"using":"xpath","value":"//button[@data-kt=\"addButton\"]"}
RESULT: {"using":"xpath","value":"//button[@data-kt=\"addButton\"]"}
COMMAND: POST /session/19c5ed65dbd52b03c8c783813379e291/elements - {"using":"xpath","value":"//button[@data-kt=\"addButton\"]"}
RESULT: {"using":"xpath","value":"//button[@data-kt=\"addButton\"]"}
COMMAND: POST /session/19c5ed65dbd52b03c8c783813379e291/elements - {"using":"xpath","value":"//button[@data-kt=\"addButton\"]"}
RESULT: {"using":"xpath","value":"//button[@data-kt=\"addButton\"]"}
COMMAND: POST /session/19c5ed65dbd52b03c8c783813379e291/elements - {"using":"xpath","value":"//button[@data-kt=\"addButton\"]"}
RESULT: {"using":"xpath","value":"//button[@data-kt=\"addButton\"]"}
COMMAND: POST /session/19c5ed65dbd52b03c8c783813379e291/elements - {"using":"xpath","value":"//button[@data-kt=\"addButton\"]"}
RESULT: {"using":"xpath","value":"//button[@data-kt=\"addButton\"]"}
COMMAND: POST /session/19c5ed65dbd52b03c8c783813379e291/elements - {"using":"xpath","value":"//button[@data-kt=\"addButton\"]"}
RESULT: {"using":"xpath","value":"//button[@data-kt=\"addButton\"]"}
COMMAND: POST /session/19c5ed65dbd52b03c8c783813379e291/elements - {"using":"xpath","value":"//button[@data-kt=\"addButton\"]"}
RESULT: {"using":"xpath","value":"//button[@data-kt=\"addButton\"]"}
COMMAND: POST /session/19c5ed65dbd52b03c8c783813379e291/elements - {"using":"xpath","value":"//button[@data-kt=\"addButton\"]"}
RESULT: {"using":"xpath","value":"//button[@data-kt=\"addButton\"]"}
COMMAND: POST /session/19c5ed65dbd52b03c8c783813379e291/elements - {"using":"xpath","value":"//button[@data-kt=\"addButton\"]"}
RESULT: {"using":"xpath","value":"//button[@data-kt=\"addButton\"]"}
COMMAND: POST /session/19c5ed65dbd52b03c8c783813379e291/elements - {"using":"xpath","value":"//button[@data-kt=\"addButton\"]"}
RESULT: {"using":"xpath","value":"//button[@data-kt=\"addButton\"]"}
COMMAND: POST /session/19c5ed65dbd52b03c8c783813379e291/elements - {"using":"xpath","value":"//button[@data-kt=\"addButton\"]"}
RESULT: {"using":"xpath","value":"//button[@data-kt=\"addButton\"]"}
COMMAND: POST /session/19c5ed65dbd52b03c8c783813379e291/elements - {"using":"xpath","value":"//button[@data-kt=\"addButton\"]"}
RESULT: {"using":"xpath","value":"//button[@data-kt=\"addButton\"]"}
COMMAND: POST /session/19c5ed65dbd52b03c8c783813379e291/elements - {"using":"xpath","value":"//button[@data-kt=\"addButton\"]"}
RESULT: {"using":"xpath","value":"//button[@data-kt=\"addButton\"]"}
COMMAND: POST /session/19c5ed65dbd52b03c8c783813379e291/elements - {"using":"xpath","value":"//button[@data-kt=\"addButton\"]"}
RESULT: {"using":"xpath","value":"//button[@data-kt=\"addButton\"]"}
COMMAND: POST /session/19c5ed65dbd52b03c8c783813379e291/elements - {"using":"xpath","value":"//button[@data-kt=\"addButton\"]"}
RESULT: {"using":"xpath","value":"//button[@data-kt=\"addButton\"]"}
COMMAND: POST /session/19c5ed65dbd52b03c8c783813379e291/elements - {"using":"xpath","value":"//button[@data-kt=\"addButton\"]"}
RESULT: {"using":"xpath","value":"//button[@data-kt=\"addButton\"]"}
COMMAND: POST /session/19c5ed65dbd52b03c8c783813379e291/elements - {"using":"xpath","value":"//button[@data-kt=\"addButton\"]"}
RESULT: {"using":"xpath","value":"//button[@data-kt=\"addButton\"]"}
COMMAND: POST /session/19c5ed65dbd52b03c8c783813379e291/elements - {"using":"xpath","value":"//button[@data-kt=\"addButton\"]"}
RESULT: {"using":"xpath","value":"//button[@data-kt=\"addButton\"]"}
COMMAND: POST /session/19c5ed65dbd52b03c8c783813379e291/elements - {"using":"xpath","value":"//button[@data-kt=\"addButton\"]"}
RESULT: {"using":"xpath","value":"//button[@data-kt=\"addButton\"]"}
COMMAND: POST /session/19c5ed65dbd52b03c8c783813379e291/elements - {"using":"xpath","value":"//button[@data-kt=\"addButton\"]"}
RESULT: {"using":"xpath","value":"//button[@data-kt=\"addButton\"]"}
COMMAND: POST /session/19c5ed65dbd52b03c8c783813379e291/elements - {"using":"xpath","value":"//button[@data-kt=\"addButton\"]"}
RESULT: {"using":"xpath","value":"//button[@data-kt=\"addButton\"]"}
COMMAND: POST /session/19c5ed65dbd52b03c8c783813379e291/elements - {"using":"xpath","value":"//button[@data-kt=\"addButton\"]"}
RESULT: {"using":"xpath","value":"//button[@data-kt=\"addButton\"]"}
COMMAND: POST /session/19c5ed65dbd52b03c8c783813379e291/elements - {"using":"xpath","value":"//button[@data-kt=\"addButton\"]"}
RESULT: {"using":"xpath","value":"//button[@data-kt=\"addButton\"]"}
COMMAND: POST /session/19c5ed65dbd52b03c8c783813379e291/elements - {"using":"xpath","value":"//button[@data-kt=\"addButton\"]"}
RESULT: {"using":"xpath","value":"//button[@data-kt=\"addButton\"]"}
COMMAND: POST /session/19c5ed65dbd52b03c8c783813379e291/elements - {"using":"xpath","value":"//button[@data-kt=\"addButton\"]"}
RESULT: {"using":"xpath","value":"//button[@data-kt=\"addButton\"]"}
COMMAND: POST /session/19c5ed65dbd52b03c8c783813379e291/elements - {"using":"xpath","value":"//button[@data-kt=\"addButton\"]"}
RESULT: {"using":"xpath","value":"//button[@data-kt=\"addButton\"]"}
COMMAND: POST /session/19c5ed65dbd52b03c8c783813379e291/elements - {"using":"xpath","value":"//button[@data-kt=\"addButton\"]"}
RESULT: {"using":"xpath","value":"//button[@data-kt=\"addButton\"]"}
COMMAND: POST /session/19c5ed65dbd52b03c8c783813379e291/elements - {"using":"xpath","value":"//button[@data-kt=\"addButton\"]"}
RESULT: {"using":"xpath","value":"//button[@data-kt=\"addButton\"]"}
COMMAND: POST /session/19c5ed65dbd52b03c8c783813379e291/elements - {"using":"xpath","value":"//button[@data-kt=\"addButton\"]"}
RESULT: {"using":"xpath","value":"//button[@data-kt=\"addButton\"]"}
COMMAND: POST /session/19c5ed65dbd52b03c8c783813379e291/elements - {"using":"xpath","value":"//button[@data-kt=\"addButton\"]"}
RESULT: {"using":"xpath","value":"//button[@data-kt=\"addButton\"]"}
COMMAND: POST /session/19c5ed65dbd52b03c8c783813379e291/elements - {"using":"xpath","value":"//button[@data-kt=\"addButton\"]"}
RESULT: {"using":"xpath","value":"//button[@data-kt=\"addButton\"]"}
COMMAND: POST /session/19c5ed65dbd52b03c8c783813379e291/elements - {"using":"xpath","value":"//button[@data-kt=\"addButton\"]"}
RESULT: {"using":"xpath","value":"//button[@data-kt=\"addButton\"]"}
COMMAND: POST /session/19c5ed65dbd52b03c8c783813379e291/elements - {"using":"xpath","value":"//button[@data-kt=\"addButton\"]"}
RESULT: {"using":"xpath","value":"//button[@data-kt=\"addButton\"]"}
COMMAND: POST /session/19c5ed65dbd52b03c8c783813379e291/elements - {"using":"xpath","value":"//button[@data-kt=\"addButton\"]"}
RESULT: {"using":"xpath","value":"//button[@data-kt=\"addButton\"]"}
COMMAND: POST /session/19c5ed65dbd52b03c8c783813379e291/elements - {"using":"xpath","value":"//button[@data-kt=\"addButton\"]"}
RESULT: {"using":"xpath","value":"//button[@data-kt=\"addButton\"]"}
COMMAND: POST /session/19c5ed65dbd52b03c8c783813379e291/elements - {"using":"xpath","value":"//button[@data-kt=\"addButton\"]"}
RESULT: {"using":"xpath","value":"//button[@data-kt=\"addButton\"]"}
COMMAND: POST /session/19c5ed65dbd52b03c8c783813379e291/elements - {"using":"xpath","value":"//button[@data-kt=\"addButton\"]"}
RESULT: {"using":"xpath","value":"//button[@data-kt=\"addButton\"]"}
COMMAND: POST /session/19c5ed65dbd52b03c8c783813379e291/elements - {"using":"xpath","value":"//button[@data-kt=\"addButton\"]"}
COMMAND: GET /session/19c5ed65dbd52b03c8c783813379e291/screenshot - {}
RESULT: {"using":"xpath","value":"//button[@data-kt=\"addButton\"]"}
RESULT: {}
COMMAND: GET /session/19c5ed65dbd52b03c8c783813379e291/screenshot - {}
]]></system-out>
      <system-err><![CDATA[
Error: element ("//button[@data-kt="addButton"]") still not existing after 45000ms
    at async UtilsPrerequisites.returnTwoStep (D:\a\1\s\test\specs\BTS\prerequisites-and-utils-functions.js:2412:9)
    at async Context.<anonymous> (D:\a\1\s\test\specs\BTS\billing-calculation-transp-times.spec.js:108:9)
]]></system-err>
    </testcase>
    <testcase classname="chrome.136_0_7103_93.windows.Billing_Calculation_-_Time_based_(considering_transport_times)_US139738" name="Should do another billing run but in around 17 days from today" time="78.594">
      <failure/>
      <error message="Can't call click on element with selector &quot;//td[@aria-colindex=&quot;1&quot;]/div/div[contains(@class, &quot;sapMCbBg&quot;)]&quot; because element wasn't found"/>
      <system-out><![CDATA[
RESULT: undefined
RESULT: {}
COMMAND: POST /session/19c5ed65dbd52b03c8c783813379e291/elements - {"using":"xpath","value":"//span[text()='Error']"}
RESULT: {"using":"xpath","value":"//span[text()='Error']"}
RESULT: undefined
COMMAND: POST /session/19c5ed65dbd52b03c8c783813379e291/actions - {"actions":[{"id":"action65","type":"key","parameters":{},"actions":[{"type":"keyDown","value":""},{"type":"pause","duration":10},{"type":"keyUp","value":""}]}]}
RESULT: {"actions":[{"id":"action65","type":"key","parameters":{},"actions":[{"type":"keyDown","value":""},{"type":"pause","duration":10},{"type":"keyUp","value":""}]}]}
COMMAND: GET /session/19c5ed65dbd52b03c8c783813379e291/screenshot - {}
RESULT: {}
COMMAND: POST /session/19c5ed65dbd52b03c8c783813379e291/element - {"using":"xpath","value":"//td[@aria-colindex=\"1\"]/div/div[contains(@class, \"sapMCbBg\")]"}
RESULT: {"using":"xpath","value":"//td[@aria-colindex=\"1\"]/div/div[contains(@class, \"sapMCbBg\")]"}
COMMAND: POST /session/19c5ed65dbd52b03c8c783813379e291/elements - {"using":"xpath","value":"//td[@aria-colindex=\"1\"]/div/div[contains(@class, \"sapMCbBg\")]"}
RESULT: {"using":"xpath","value":"//td[@aria-colindex=\"1\"]/div/div[contains(@class, \"sapMCbBg\")]"}
COMMAND: POST /session/19c5ed65dbd52b03c8c783813379e291/elements - {"using":"xpath","value":"//td[@aria-colindex=\"1\"]/div/div[contains(@class, \"sapMCbBg\")]"}
RESULT: {"using":"xpath","value":"//td[@aria-colindex=\"1\"]/div/div[contains(@class, \"sapMCbBg\")]"}
COMMAND: POST /session/19c5ed65dbd52b03c8c783813379e291/elements - {"using":"xpath","value":"//td[@aria-colindex=\"1\"]/div/div[contains(@class, \"sapMCbBg\")]"}
RESULT: {"using":"xpath","value":"//td[@aria-colindex=\"1\"]/div/div[contains(@class, \"sapMCbBg\")]"}
COMMAND: POST /session/19c5ed65dbd52b03c8c783813379e291/elements - {"using":"xpath","value":"//td[@aria-colindex=\"1\"]/div/div[contains(@class, \"sapMCbBg\")]"}
RESULT: {"using":"xpath","value":"//td[@aria-colindex=\"1\"]/div/div[contains(@class, \"sapMCbBg\")]"}
COMMAND: POST /session/19c5ed65dbd52b03c8c783813379e291/elements - {"using":"xpath","value":"//td[@aria-colindex=\"1\"]/div/div[contains(@class, \"sapMCbBg\")]"}
RESULT: {"using":"xpath","value":"//td[@aria-colindex=\"1\"]/div/div[contains(@class, \"sapMCbBg\")]"}
COMMAND: POST /session/19c5ed65dbd52b03c8c783813379e291/elements - {"using":"xpath","value":"//td[@aria-colindex=\"1\"]/div/div[contains(@class, \"sapMCbBg\")]"}
RESULT: {"using":"xpath","value":"//td[@aria-colindex=\"1\"]/div/div[contains(@class, \"sapMCbBg\")]"}
COMMAND: POST /session/19c5ed65dbd52b03c8c783813379e291/elements - {"using":"xpath","value":"//td[@aria-colindex=\"1\"]/div/div[contains(@class, \"sapMCbBg\")]"}
RESULT: {"using":"xpath","value":"//td[@aria-colindex=\"1\"]/div/div[contains(@class, \"sapMCbBg\")]"}
COMMAND: POST /session/19c5ed65dbd52b03c8c783813379e291/elements - {"using":"xpath","value":"//td[@aria-colindex=\"1\"]/div/div[contains(@class, \"sapMCbBg\")]"}
RESULT: {"using":"xpath","value":"//td[@aria-colindex=\"1\"]/div/div[contains(@class, \"sapMCbBg\")]"}
COMMAND: POST /session/19c5ed65dbd52b03c8c783813379e291/elements - {"using":"xpath","value":"//td[@aria-colindex=\"1\"]/div/div[contains(@class, \"sapMCbBg\")]"}
RESULT: {"using":"xpath","value":"//td[@aria-colindex=\"1\"]/div/div[contains(@class, \"sapMCbBg\")]"}
COMMAND: POST /session/19c5ed65dbd52b03c8c783813379e291/elements - {"using":"xpath","value":"//td[@aria-colindex=\"1\"]/div/div[contains(@class, \"sapMCbBg\")]"}
RESULT: {"using":"xpath","value":"//td[@aria-colindex=\"1\"]/div/div[contains(@class, \"sapMCbBg\")]"}
COMMAND: POST /session/19c5ed65dbd52b03c8c783813379e291/elements - {"using":"xpath","value":"//td[@aria-colindex=\"1\"]/div/div[contains(@class, \"sapMCbBg\")]"}
RESULT: {"using":"xpath","value":"//td[@aria-colindex=\"1\"]/div/div[contains(@class, \"sapMCbBg\")]"}
COMMAND: POST /session/19c5ed65dbd52b03c8c783813379e291/elements - {"using":"xpath","value":"//td[@aria-colindex=\"1\"]/div/div[contains(@class, \"sapMCbBg\")]"}
RESULT: {"using":"xpath","value":"//td[@aria-colindex=\"1\"]/div/div[contains(@class, \"sapMCbBg\")]"}
COMMAND: POST /session/19c5ed65dbd52b03c8c783813379e291/elements - {"using":"xpath","value":"//td[@aria-colindex=\"1\"]/div/div[contains(@class, \"sapMCbBg\")]"}
RESULT: {"using":"xpath","value":"//td[@aria-colindex=\"1\"]/div/div[contains(@class, \"sapMCbBg\")]"}
COMMAND: POST /session/19c5ed65dbd52b03c8c783813379e291/elements - {"using":"xpath","value":"//td[@aria-colindex=\"1\"]/div/div[contains(@class, \"sapMCbBg\")]"}
RESULT: {"using":"xpath","value":"//td[@aria-colindex=\"1\"]/div/div[contains(@class, \"sapMCbBg\")]"}
COMMAND: POST /session/19c5ed65dbd52b03c8c783813379e291/elements - {"using":"xpath","value":"//td[@aria-colindex=\"1\"]/div/div[contains(@class, \"sapMCbBg\")]"}
RESULT: {"using":"xpath","value":"//td[@aria-colindex=\"1\"]/div/div[contains(@class, \"sapMCbBg\")]"}
COMMAND: POST /session/19c5ed65dbd52b03c8c783813379e291/elements - {"using":"xpath","value":"//td[@aria-colindex=\"1\"]/div/div[contains(@class, \"sapMCbBg\")]"}
RESULT: {"using":"xpath","value":"//td[@aria-colindex=\"1\"]/div/div[contains(@class, \"sapMCbBg\")]"}
COMMAND: POST /session/19c5ed65dbd52b03c8c783813379e291/elements - {"using":"xpath","value":"//td[@aria-colindex=\"1\"]/div/div[contains(@class, \"sapMCbBg\")]"}
RESULT: {"using":"xpath","value":"//td[@aria-colindex=\"1\"]/div/div[contains(@class, \"sapMCbBg\")]"}
COMMAND: POST /session/19c5ed65dbd52b03c8c783813379e291/elements - {"using":"xpath","value":"//td[@aria-colindex=\"1\"]/div/div[contains(@class, \"sapMCbBg\")]"}
RESULT: {"using":"xpath","value":"//td[@aria-colindex=\"1\"]/div/div[contains(@class, \"sapMCbBg\")]"}
COMMAND: POST /session/19c5ed65dbd52b03c8c783813379e291/elements - {"using":"xpath","value":"//td[@aria-colindex=\"1\"]/div/div[contains(@class, \"sapMCbBg\")]"}
RESULT: {"using":"xpath","value":"//td[@aria-colindex=\"1\"]/div/div[contains(@class, \"sapMCbBg\")]"}
COMMAND: POST /session/19c5ed65dbd52b03c8c783813379e291/elements - {"using":"xpath","value":"//td[@aria-colindex=\"1\"]/div/div[contains(@class, \"sapMCbBg\")]"}
RESULT: {"using":"xpath","value":"//td[@aria-colindex=\"1\"]/div/div[contains(@class, \"sapMCbBg\")]"}
COMMAND: POST /session/19c5ed65dbd52b03c8c783813379e291/elements - {"using":"xpath","value":"//td[@aria-colindex=\"1\"]/div/div[contains(@class, \"sapMCbBg\")]"}
RESULT: {"using":"xpath","value":"//td[@aria-colindex=\"1\"]/div/div[contains(@class, \"sapMCbBg\")]"}
COMMAND: POST /session/19c5ed65dbd52b03c8c783813379e291/elements - {"using":"xpath","value":"//td[@aria-colindex=\"1\"]/div/div[contains(@class, \"sapMCbBg\")]"}
RESULT: {"using":"xpath","value":"//td[@aria-colindex=\"1\"]/div/div[contains(@class, \"sapMCbBg\")]"}
COMMAND: POST /session/19c5ed65dbd52b03c8c783813379e291/elements - {"using":"xpath","value":"//td[@aria-colindex=\"1\"]/div/div[contains(@class, \"sapMCbBg\")]"}
RESULT: {"using":"xpath","value":"//td[@aria-colindex=\"1\"]/div/div[contains(@class, \"sapMCbBg\")]"}
COMMAND: POST /session/19c5ed65dbd52b03c8c783813379e291/elements - {"using":"xpath","value":"//td[@aria-colindex=\"1\"]/div/div[contains(@class, \"sapMCbBg\")]"}
RESULT: {"using":"xpath","value":"//td[@aria-colindex=\"1\"]/div/div[contains(@class, \"sapMCbBg\")]"}
COMMAND: POST /session/19c5ed65dbd52b03c8c783813379e291/elements - {"using":"xpath","value":"//td[@aria-colindex=\"1\"]/div/div[contains(@class, \"sapMCbBg\")]"}
RESULT: {"using":"xpath","value":"//td[@aria-colindex=\"1\"]/div/div[contains(@class, \"sapMCbBg\")]"}
COMMAND: POST /session/19c5ed65dbd52b03c8c783813379e291/elements - {"using":"xpath","value":"//td[@aria-colindex=\"1\"]/div/div[contains(@class, \"sapMCbBg\")]"}
RESULT: {"using":"xpath","value":"//td[@aria-colindex=\"1\"]/div/div[contains(@class, \"sapMCbBg\")]"}
COMMAND: POST /session/19c5ed65dbd52b03c8c783813379e291/elements - {"using":"xpath","value":"//td[@aria-colindex=\"1\"]/div/div[contains(@class, \"sapMCbBg\")]"}
RESULT: {"using":"xpath","value":"//td[@aria-colindex=\"1\"]/div/div[contains(@class, \"sapMCbBg\")]"}
COMMAND: POST /session/19c5ed65dbd52b03c8c783813379e291/elements - {"using":"xpath","value":"//td[@aria-colindex=\"1\"]/div/div[contains(@class, \"sapMCbBg\")]"}
RESULT: {"using":"xpath","value":"//td[@aria-colindex=\"1\"]/div/div[contains(@class, \"sapMCbBg\")]"}
COMMAND: POST /session/19c5ed65dbd52b03c8c783813379e291/elements - {"using":"xpath","value":"//td[@aria-colindex=\"1\"]/div/div[contains(@class, \"sapMCbBg\")]"}
RESULT: {"using":"xpath","value":"//td[@aria-colindex=\"1\"]/div/div[contains(@class, \"sapMCbBg\")]"}
COMMAND: POST /session/19c5ed65dbd52b03c8c783813379e291/elements - {"using":"xpath","value":"//td[@aria-colindex=\"1\"]/div/div[contains(@class, \"sapMCbBg\")]"}
RESULT: {"using":"xpath","value":"//td[@aria-colindex=\"1\"]/div/div[contains(@class, \"sapMCbBg\")]"}
COMMAND: POST /session/19c5ed65dbd52b03c8c783813379e291/elements - {"using":"xpath","value":"//td[@aria-colindex=\"1\"]/div/div[contains(@class, \"sapMCbBg\")]"}
RESULT: {"using":"xpath","value":"//td[@aria-colindex=\"1\"]/div/div[contains(@class, \"sapMCbBg\")]"}
COMMAND: POST /session/19c5ed65dbd52b03c8c783813379e291/elements - {"using":"xpath","value":"//td[@aria-colindex=\"1\"]/div/div[contains(@class, \"sapMCbBg\")]"}
RESULT: {"using":"xpath","value":"//td[@aria-colindex=\"1\"]/div/div[contains(@class, \"sapMCbBg\")]"}
COMMAND: POST /session/19c5ed65dbd52b03c8c783813379e291/elements - {"using":"xpath","value":"//td[@aria-colindex=\"1\"]/div/div[contains(@class, \"sapMCbBg\")]"}
RESULT: {"using":"xpath","value":"//td[@aria-colindex=\"1\"]/div/div[contains(@class, \"sapMCbBg\")]"}
COMMAND: POST /session/19c5ed65dbd52b03c8c783813379e291/elements - {"using":"xpath","value":"//td[@aria-colindex=\"1\"]/div/div[contains(@class, \"sapMCbBg\")]"}
RESULT: {"using":"xpath","value":"//td[@aria-colindex=\"1\"]/div/div[contains(@class, \"sapMCbBg\")]"}
COMMAND: POST /session/19c5ed65dbd52b03c8c783813379e291/elements - {"using":"xpath","value":"//td[@aria-colindex=\"1\"]/div/div[contains(@class, \"sapMCbBg\")]"}
RESULT: {"using":"xpath","value":"//td[@aria-colindex=\"1\"]/div/div[contains(@class, \"sapMCbBg\")]"}
COMMAND: POST /session/19c5ed65dbd52b03c8c783813379e291/elements - {"using":"xpath","value":"//td[@aria-colindex=\"1\"]/div/div[contains(@class, \"sapMCbBg\")]"}
RESULT: {"using":"xpath","value":"//td[@aria-colindex=\"1\"]/div/div[contains(@class, \"sapMCbBg\")]"}
COMMAND: POST /session/19c5ed65dbd52b03c8c783813379e291/elements - {"using":"xpath","value":"//td[@aria-colindex=\"1\"]/div/div[contains(@class, \"sapMCbBg\")]"}
RESULT: {"using":"xpath","value":"//td[@aria-colindex=\"1\"]/div/div[contains(@class, \"sapMCbBg\")]"}
COMMAND: POST /session/19c5ed65dbd52b03c8c783813379e291/elements - {"using":"xpath","value":"//td[@aria-colindex=\"1\"]/div/div[contains(@class, \"sapMCbBg\")]"}
RESULT: {"using":"xpath","value":"//td[@aria-colindex=\"1\"]/div/div[contains(@class, \"sapMCbBg\")]"}
COMMAND: POST /session/19c5ed65dbd52b03c8c783813379e291/elements - {"using":"xpath","value":"//td[@aria-colindex=\"1\"]/div/div[contains(@class, \"sapMCbBg\")]"}
RESULT: {"using":"xpath","value":"//td[@aria-colindex=\"1\"]/div/div[contains(@class, \"sapMCbBg\")]"}
COMMAND: POST /session/19c5ed65dbd52b03c8c783813379e291/elements - {"using":"xpath","value":"//td[@aria-colindex=\"1\"]/div/div[contains(@class, \"sapMCbBg\")]"}
RESULT: {"using":"xpath","value":"//td[@aria-colindex=\"1\"]/div/div[contains(@class, \"sapMCbBg\")]"}
COMMAND: POST /session/19c5ed65dbd52b03c8c783813379e291/elements - {"using":"xpath","value":"//td[@aria-colindex=\"1\"]/div/div[contains(@class, \"sapMCbBg\")]"}
RESULT: {"using":"xpath","value":"//td[@aria-colindex=\"1\"]/div/div[contains(@class, \"sapMCbBg\")]"}
COMMAND: POST /session/19c5ed65dbd52b03c8c783813379e291/elements - {"using":"xpath","value":"//td[@aria-colindex=\"1\"]/div/div[contains(@class, \"sapMCbBg\")]"}
RESULT: {"using":"xpath","value":"//td[@aria-colindex=\"1\"]/div/div[contains(@class, \"sapMCbBg\")]"}
COMMAND: POST /session/19c5ed65dbd52b03c8c783813379e291/elements - {"using":"xpath","value":"//td[@aria-colindex=\"1\"]/div/div[contains(@class, \"sapMCbBg\")]"}
RESULT: {"using":"xpath","value":"//td[@aria-colindex=\"1\"]/div/div[contains(@class, \"sapMCbBg\")]"}
COMMAND: POST /session/19c5ed65dbd52b03c8c783813379e291/elements - {"using":"xpath","value":"//td[@aria-colindex=\"1\"]/div/div[contains(@class, \"sapMCbBg\")]"}
RESULT: {"using":"xpath","value":"//td[@aria-colindex=\"1\"]/div/div[contains(@class, \"sapMCbBg\")]"}
COMMAND: POST /session/19c5ed65dbd52b03c8c783813379e291/elements - {"using":"xpath","value":"//td[@aria-colindex=\"1\"]/div/div[contains(@class, \"sapMCbBg\")]"}
RESULT: {"using":"xpath","value":"//td[@aria-colindex=\"1\"]/div/div[contains(@class, \"sapMCbBg\")]"}
COMMAND: POST /session/19c5ed65dbd52b03c8c783813379e291/elements - {"using":"xpath","value":"//td[@aria-colindex=\"1\"]/div/div[contains(@class, \"sapMCbBg\")]"}
RESULT: {"using":"xpath","value":"//td[@aria-colindex=\"1\"]/div/div[contains(@class, \"sapMCbBg\")]"}
COMMAND: POST /session/19c5ed65dbd52b03c8c783813379e291/elements - {"using":"xpath","value":"//td[@aria-colindex=\"1\"]/div/div[contains(@class, \"sapMCbBg\")]"}
RESULT: {"using":"xpath","value":"//td[@aria-colindex=\"1\"]/div/div[contains(@class, \"sapMCbBg\")]"}
COMMAND: POST /session/19c5ed65dbd52b03c8c783813379e291/elements - {"using":"xpath","value":"//td[@aria-colindex=\"1\"]/div/div[contains(@class, \"sapMCbBg\")]"}
RESULT: {"using":"xpath","value":"//td[@aria-colindex=\"1\"]/div/div[contains(@class, \"sapMCbBg\")]"}
COMMAND: POST /session/19c5ed65dbd52b03c8c783813379e291/elements - {"using":"xpath","value":"//td[@aria-colindex=\"1\"]/div/div[contains(@class, \"sapMCbBg\")]"}
RESULT: {"using":"xpath","value":"//td[@aria-colindex=\"1\"]/div/div[contains(@class, \"sapMCbBg\")]"}
COMMAND: POST /session/19c5ed65dbd52b03c8c783813379e291/elements - {"using":"xpath","value":"//td[@aria-colindex=\"1\"]/div/div[contains(@class, \"sapMCbBg\")]"}
RESULT: {"using":"xpath","value":"//td[@aria-colindex=\"1\"]/div/div[contains(@class, \"sapMCbBg\")]"}
COMMAND: POST /session/19c5ed65dbd52b03c8c783813379e291/elements - {"using":"xpath","value":"//td[@aria-colindex=\"1\"]/div/div[contains(@class, \"sapMCbBg\")]"}
RESULT: {"using":"xpath","value":"//td[@aria-colindex=\"1\"]/div/div[contains(@class, \"sapMCbBg\")]"}
COMMAND: POST /session/19c5ed65dbd52b03c8c783813379e291/elements - {"using":"xpath","value":"//td[@aria-colindex=\"1\"]/div/div[contains(@class, \"sapMCbBg\")]"}
RESULT: {"using":"xpath","value":"//td[@aria-colindex=\"1\"]/div/div[contains(@class, \"sapMCbBg\")]"}
COMMAND: POST /session/19c5ed65dbd52b03c8c783813379e291/elements - {"using":"xpath","value":"//td[@aria-colindex=\"1\"]/div/div[contains(@class, \"sapMCbBg\")]"}
RESULT: {"using":"xpath","value":"//td[@aria-colindex=\"1\"]/div/div[contains(@class, \"sapMCbBg\")]"}
COMMAND: POST /session/19c5ed65dbd52b03c8c783813379e291/elements - {"using":"xpath","value":"//td[@aria-colindex=\"1\"]/div/div[contains(@class, \"sapMCbBg\")]"}
RESULT: {"using":"xpath","value":"//td[@aria-colindex=\"1\"]/div/div[contains(@class, \"sapMCbBg\")]"}
COMMAND: POST /session/19c5ed65dbd52b03c8c783813379e291/elements - {"using":"xpath","value":"//td[@aria-colindex=\"1\"]/div/div[contains(@class, \"sapMCbBg\")]"}
RESULT: {"using":"xpath","value":"//td[@aria-colindex=\"1\"]/div/div[contains(@class, \"sapMCbBg\")]"}
COMMAND: POST /session/19c5ed65dbd52b03c8c783813379e291/elements - {"using":"xpath","value":"//td[@aria-colindex=\"1\"]/div/div[contains(@class, \"sapMCbBg\")]"}
RESULT: {"using":"xpath","value":"//td[@aria-colindex=\"1\"]/div/div[contains(@class, \"sapMCbBg\")]"}
COMMAND: POST /session/19c5ed65dbd52b03c8c783813379e291/elements - {"using":"xpath","value":"//td[@aria-colindex=\"1\"]/div/div[contains(@class, \"sapMCbBg\")]"}
RESULT: {"using":"xpath","value":"//td[@aria-colindex=\"1\"]/div/div[contains(@class, \"sapMCbBg\")]"}
COMMAND: POST /session/19c5ed65dbd52b03c8c783813379e291/elements - {"using":"xpath","value":"//td[@aria-colindex=\"1\"]/div/div[contains(@class, \"sapMCbBg\")]"}
RESULT: {"using":"xpath","value":"//td[@aria-colindex=\"1\"]/div/div[contains(@class, \"sapMCbBg\")]"}
COMMAND: POST /session/19c5ed65dbd52b03c8c783813379e291/elements - {"using":"xpath","value":"//td[@aria-colindex=\"1\"]/div/div[contains(@class, \"sapMCbBg\")]"}
RESULT: {"using":"xpath","value":"//td[@aria-colindex=\"1\"]/div/div[contains(@class, \"sapMCbBg\")]"}
COMMAND: POST /session/19c5ed65dbd52b03c8c783813379e291/elements - {"using":"xpath","value":"//td[@aria-colindex=\"1\"]/div/div[contains(@class, \"sapMCbBg\")]"}
RESULT: {"using":"xpath","value":"//td[@aria-colindex=\"1\"]/div/div[contains(@class, \"sapMCbBg\")]"}
COMMAND: POST /session/19c5ed65dbd52b03c8c783813379e291/elements - {"using":"xpath","value":"//td[@aria-colindex=\"1\"]/div/div[contains(@class, \"sapMCbBg\")]"}
RESULT: {"using":"xpath","value":"//td[@aria-colindex=\"1\"]/div/div[contains(@class, \"sapMCbBg\")]"}
COMMAND: POST /session/19c5ed65dbd52b03c8c783813379e291/elements - {"using":"xpath","value":"//td[@aria-colindex=\"1\"]/div/div[contains(@class, \"sapMCbBg\")]"}
RESULT: {"using":"xpath","value":"//td[@aria-colindex=\"1\"]/div/div[contains(@class, \"sapMCbBg\")]"}
COMMAND: POST /session/19c5ed65dbd52b03c8c783813379e291/elements - {"using":"xpath","value":"//td[@aria-colindex=\"1\"]/div/div[contains(@class, \"sapMCbBg\")]"}
RESULT: {"using":"xpath","value":"//td[@aria-colindex=\"1\"]/div/div[contains(@class, \"sapMCbBg\")]"}
COMMAND: POST /session/19c5ed65dbd52b03c8c783813379e291/elements - {"using":"xpath","value":"//td[@aria-colindex=\"1\"]/div/div[contains(@class, \"sapMCbBg\")]"}
RESULT: {"using":"xpath","value":"//td[@aria-colindex=\"1\"]/div/div[contains(@class, \"sapMCbBg\")]"}
COMMAND: POST /session/19c5ed65dbd52b03c8c783813379e291/elements - {"using":"xpath","value":"//td[@aria-colindex=\"1\"]/div/div[contains(@class, \"sapMCbBg\")]"}
RESULT: {"using":"xpath","value":"//td[@aria-colindex=\"1\"]/div/div[contains(@class, \"sapMCbBg\")]"}
COMMAND: POST /session/19c5ed65dbd52b03c8c783813379e291/elements - {"using":"xpath","value":"//td[@aria-colindex=\"1\"]/div/div[contains(@class, \"sapMCbBg\")]"}
RESULT: {"using":"xpath","value":"//td[@aria-colindex=\"1\"]/div/div[contains(@class, \"sapMCbBg\")]"}
COMMAND: POST /session/19c5ed65dbd52b03c8c783813379e291/elements - {"using":"xpath","value":"//td[@aria-colindex=\"1\"]/div/div[contains(@class, \"sapMCbBg\")]"}
RESULT: {"using":"xpath","value":"//td[@aria-colindex=\"1\"]/div/div[contains(@class, \"sapMCbBg\")]"}
COMMAND: POST /session/19c5ed65dbd52b03c8c783813379e291/elements - {"using":"xpath","value":"//td[@aria-colindex=\"1\"]/div/div[contains(@class, \"sapMCbBg\")]"}
RESULT: {"using":"xpath","value":"//td[@aria-colindex=\"1\"]/div/div[contains(@class, \"sapMCbBg\")]"}
COMMAND: POST /session/19c5ed65dbd52b03c8c783813379e291/elements - {"using":"xpath","value":"//td[@aria-colindex=\"1\"]/div/div[contains(@class, \"sapMCbBg\")]"}
RESULT: {"using":"xpath","value":"//td[@aria-colindex=\"1\"]/div/div[contains(@class, \"sapMCbBg\")]"}
COMMAND: POST /session/19c5ed65dbd52b03c8c783813379e291/elements - {"using":"xpath","value":"//td[@aria-colindex=\"1\"]/div/div[contains(@class, \"sapMCbBg\")]"}
RESULT: {"using":"xpath","value":"//td[@aria-colindex=\"1\"]/div/div[contains(@class, \"sapMCbBg\")]"}
COMMAND: POST /session/19c5ed65dbd52b03c8c783813379e291/elements - {"using":"xpath","value":"//td[@aria-colindex=\"1\"]/div/div[contains(@class, \"sapMCbBg\")]"}
RESULT: {"using":"xpath","value":"//td[@aria-colindex=\"1\"]/div/div[contains(@class, \"sapMCbBg\")]"}
COMMAND: POST /session/19c5ed65dbd52b03c8c783813379e291/elements - {"using":"xpath","value":"//td[@aria-colindex=\"1\"]/div/div[contains(@class, \"sapMCbBg\")]"}
RESULT: {"using":"xpath","value":"//td[@aria-colindex=\"1\"]/div/div[contains(@class, \"sapMCbBg\")]"}
COMMAND: POST /session/19c5ed65dbd52b03c8c783813379e291/elements - {"using":"xpath","value":"//td[@aria-colindex=\"1\"]/div/div[contains(@class, \"sapMCbBg\")]"}
RESULT: {"using":"xpath","value":"//td[@aria-colindex=\"1\"]/div/div[contains(@class, \"sapMCbBg\")]"}
COMMAND: POST /session/19c5ed65dbd52b03c8c783813379e291/elements - {"using":"xpath","value":"//td[@aria-colindex=\"1\"]/div/div[contains(@class, \"sapMCbBg\")]"}
RESULT: {"using":"xpath","value":"//td[@aria-colindex=\"1\"]/div/div[contains(@class, \"sapMCbBg\")]"}
COMMAND: POST /session/19c5ed65dbd52b03c8c783813379e291/elements - {"using":"xpath","value":"//td[@aria-colindex=\"1\"]/div/div[contains(@class, \"sapMCbBg\")]"}
RESULT: {"using":"xpath","value":"//td[@aria-colindex=\"1\"]/div/div[contains(@class, \"sapMCbBg\")]"}
COMMAND: POST /session/19c5ed65dbd52b03c8c783813379e291/elements - {"using":"xpath","value":"//td[@aria-colindex=\"1\"]/div/div[contains(@class, \"sapMCbBg\")]"}
RESULT: {"using":"xpath","value":"//td[@aria-colindex=\"1\"]/div/div[contains(@class, \"sapMCbBg\")]"}
COMMAND: POST /session/19c5ed65dbd52b03c8c783813379e291/elements - {"using":"xpath","value":"//td[@aria-colindex=\"1\"]/div/div[contains(@class, \"sapMCbBg\")]"}
RESULT: {"using":"xpath","value":"//td[@aria-colindex=\"1\"]/div/div[contains(@class, \"sapMCbBg\")]"}
COMMAND: POST /session/19c5ed65dbd52b03c8c783813379e291/elements - {"using":"xpath","value":"//td[@aria-colindex=\"1\"]/div/div[contains(@class, \"sapMCbBg\")]"}
RESULT: {"using":"xpath","value":"//td[@aria-colindex=\"1\"]/div/div[contains(@class, \"sapMCbBg\")]"}
COMMAND: POST /session/19c5ed65dbd52b03c8c783813379e291/elements - {"using":"xpath","value":"//td[@aria-colindex=\"1\"]/div/div[contains(@class, \"sapMCbBg\")]"}
RESULT: {"using":"xpath","value":"//td[@aria-colindex=\"1\"]/div/div[contains(@class, \"sapMCbBg\")]"}
COMMAND: POST /session/19c5ed65dbd52b03c8c783813379e291/elements - {"using":"xpath","value":"//td[@aria-colindex=\"1\"]/div/div[contains(@class, \"sapMCbBg\")]"}
RESULT: {"using":"xpath","value":"//td[@aria-colindex=\"1\"]/div/div[contains(@class, \"sapMCbBg\")]"}
COMMAND: POST /session/19c5ed65dbd52b03c8c783813379e291/elements - {"using":"xpath","value":"//td[@aria-colindex=\"1\"]/div/div[contains(@class, \"sapMCbBg\")]"}
RESULT: {"using":"xpath","value":"//td[@aria-colindex=\"1\"]/div/div[contains(@class, \"sapMCbBg\")]"}
COMMAND: POST /session/19c5ed65dbd52b03c8c783813379e291/elements - {"using":"xpath","value":"//td[@aria-colindex=\"1\"]/div/div[contains(@class, \"sapMCbBg\")]"}
RESULT: {"using":"xpath","value":"//td[@aria-colindex=\"1\"]/div/div[contains(@class, \"sapMCbBg\")]"}
COMMAND: POST /session/19c5ed65dbd52b03c8c783813379e291/elements - {"using":"xpath","value":"//td[@aria-colindex=\"1\"]/div/div[contains(@class, \"sapMCbBg\")]"}
RESULT: {"using":"xpath","value":"//td[@aria-colindex=\"1\"]/div/div[contains(@class, \"sapMCbBg\")]"}
COMMAND: POST /session/19c5ed65dbd52b03c8c783813379e291/elements - {"using":"xpath","value":"//td[@aria-colindex=\"1\"]/div/div[contains(@class, \"sapMCbBg\")]"}
RESULT: {"using":"xpath","value":"//td[@aria-colindex=\"1\"]/div/div[contains(@class, \"sapMCbBg\")]"}
COMMAND: POST /session/19c5ed65dbd52b03c8c783813379e291/elements - {"using":"xpath","value":"//td[@aria-colindex=\"1\"]/div/div[contains(@class, \"sapMCbBg\")]"}
RESULT: {"using":"xpath","value":"//td[@aria-colindex=\"1\"]/div/div[contains(@class, \"sapMCbBg\")]"}
COMMAND: POST /session/19c5ed65dbd52b03c8c783813379e291/elements - {"using":"xpath","value":"//td[@aria-colindex=\"1\"]/div/div[contains(@class, \"sapMCbBg\")]"}
RESULT: {"using":"xpath","value":"//td[@aria-colindex=\"1\"]/div/div[contains(@class, \"sapMCbBg\")]"}
COMMAND: POST /session/19c5ed65dbd52b03c8c783813379e291/elements - {"using":"xpath","value":"//td[@aria-colindex=\"1\"]/div/div[contains(@class, \"sapMCbBg\")]"}
RESULT: {"using":"xpath","value":"//td[@aria-colindex=\"1\"]/div/div[contains(@class, \"sapMCbBg\")]"}
COMMAND: POST /session/19c5ed65dbd52b03c8c783813379e291/elements - {"using":"xpath","value":"//td[@aria-colindex=\"1\"]/div/div[contains(@class, \"sapMCbBg\")]"}
RESULT: {"using":"xpath","value":"//td[@aria-colindex=\"1\"]/div/div[contains(@class, \"sapMCbBg\")]"}
COMMAND: POST /session/19c5ed65dbd52b03c8c783813379e291/elements - {"using":"xpath","value":"//td[@aria-colindex=\"1\"]/div/div[contains(@class, \"sapMCbBg\")]"}
RESULT: {"using":"xpath","value":"//td[@aria-colindex=\"1\"]/div/div[contains(@class, \"sapMCbBg\")]"}
COMMAND: POST /session/19c5ed65dbd52b03c8c783813379e291/elements - {"using":"xpath","value":"//td[@aria-colindex=\"1\"]/div/div[contains(@class, \"sapMCbBg\")]"}
RESULT: {"using":"xpath","value":"//td[@aria-colindex=\"1\"]/div/div[contains(@class, \"sapMCbBg\")]"}
COMMAND: POST /session/19c5ed65dbd52b03c8c783813379e291/elements - {"using":"xpath","value":"//td[@aria-colindex=\"1\"]/div/div[contains(@class, \"sapMCbBg\")]"}
RESULT: {"using":"xpath","value":"//td[@aria-colindex=\"1\"]/div/div[contains(@class, \"sapMCbBg\")]"}
COMMAND: POST /session/19c5ed65dbd52b03c8c783813379e291/elements - {"using":"xpath","value":"//td[@aria-colindex=\"1\"]/div/div[contains(@class, \"sapMCbBg\")]"}
RESULT: {"using":"xpath","value":"//td[@aria-colindex=\"1\"]/div/div[contains(@class, \"sapMCbBg\")]"}
COMMAND: POST /session/19c5ed65dbd52b03c8c783813379e291/elements - {"using":"xpath","value":"//td[@aria-colindex=\"1\"]/div/div[contains(@class, \"sapMCbBg\")]"}
RESULT: {"using":"xpath","value":"//td[@aria-colindex=\"1\"]/div/div[contains(@class, \"sapMCbBg\")]"}
COMMAND: POST /session/19c5ed65dbd52b03c8c783813379e291/elements - {"using":"xpath","value":"//td[@aria-colindex=\"1\"]/div/div[contains(@class, \"sapMCbBg\")]"}
RESULT: {"using":"xpath","value":"//td[@aria-colindex=\"1\"]/div/div[contains(@class, \"sapMCbBg\")]"}
COMMAND: POST /session/19c5ed65dbd52b03c8c783813379e291/elements - {"using":"xpath","value":"//td[@aria-colindex=\"1\"]/div/div[contains(@class, \"sapMCbBg\")]"}
RESULT: {"using":"xpath","value":"//td[@aria-colindex=\"1\"]/div/div[contains(@class, \"sapMCbBg\")]"}
COMMAND: POST /session/19c5ed65dbd52b03c8c783813379e291/elements - {"using":"xpath","value":"//td[@aria-colindex=\"1\"]/div/div[contains(@class, \"sapMCbBg\")]"}
RESULT: {"using":"xpath","value":"//td[@aria-colindex=\"1\"]/div/div[contains(@class, \"sapMCbBg\")]"}
COMMAND: POST /session/19c5ed65dbd52b03c8c783813379e291/elements - {"using":"xpath","value":"//td[@aria-colindex=\"1\"]/div/div[contains(@class, \"sapMCbBg\")]"}
RESULT: {"using":"xpath","value":"//td[@aria-colindex=\"1\"]/div/div[contains(@class, \"sapMCbBg\")]"}
COMMAND: POST /session/19c5ed65dbd52b03c8c783813379e291/elements - {"using":"xpath","value":"//td[@aria-colindex=\"1\"]/div/div[contains(@class, \"sapMCbBg\")]"}
RESULT: {"using":"xpath","value":"//td[@aria-colindex=\"1\"]/div/div[contains(@class, \"sapMCbBg\")]"}
COMMAND: POST /session/19c5ed65dbd52b03c8c783813379e291/elements - {"using":"xpath","value":"//td[@aria-colindex=\"1\"]/div/div[contains(@class, \"sapMCbBg\")]"}
RESULT: {"using":"xpath","value":"//td[@aria-colindex=\"1\"]/div/div[contains(@class, \"sapMCbBg\")]"}
COMMAND: POST /session/19c5ed65dbd52b03c8c783813379e291/elements - {"using":"xpath","value":"//td[@aria-colindex=\"1\"]/div/div[contains(@class, \"sapMCbBg\")]"}
RESULT: {"using":"xpath","value":"//td[@aria-colindex=\"1\"]/div/div[contains(@class, \"sapMCbBg\")]"}
COMMAND: POST /session/19c5ed65dbd52b03c8c783813379e291/elements - {"using":"xpath","value":"//td[@aria-colindex=\"1\"]/div/div[contains(@class, \"sapMCbBg\")]"}
RESULT: {"using":"xpath","value":"//td[@aria-colindex=\"1\"]/div/div[contains(@class, \"sapMCbBg\")]"}
COMMAND: POST /session/19c5ed65dbd52b03c8c783813379e291/elements - {"using":"xpath","value":"//td[@aria-colindex=\"1\"]/div/div[contains(@class, \"sapMCbBg\")]"}
RESULT: {"using":"xpath","value":"//td[@aria-colindex=\"1\"]/div/div[contains(@class, \"sapMCbBg\")]"}
COMMAND: POST /session/19c5ed65dbd52b03c8c783813379e291/elements - {"using":"xpath","value":"//td[@aria-colindex=\"1\"]/div/div[contains(@class, \"sapMCbBg\")]"}
RESULT: {"using":"xpath","value":"//td[@aria-colindex=\"1\"]/div/div[contains(@class, \"sapMCbBg\")]"}
COMMAND: POST /session/19c5ed65dbd52b03c8c783813379e291/elements - {"using":"xpath","value":"//td[@aria-colindex=\"1\"]/div/div[contains(@class, \"sapMCbBg\")]"}
RESULT: {"using":"xpath","value":"//td[@aria-colindex=\"1\"]/div/div[contains(@class, \"sapMCbBg\")]"}
COMMAND: POST /session/19c5ed65dbd52b03c8c783813379e291/elements - {"using":"xpath","value":"//td[@aria-colindex=\"1\"]/div/div[contains(@class, \"sapMCbBg\")]"}
RESULT: {"using":"xpath","value":"//td[@aria-colindex=\"1\"]/div/div[contains(@class, \"sapMCbBg\")]"}
COMMAND: POST /session/19c5ed65dbd52b03c8c783813379e291/elements - {"using":"xpath","value":"//td[@aria-colindex=\"1\"]/div/div[contains(@class, \"sapMCbBg\")]"}
RESULT: {"using":"xpath","value":"//td[@aria-colindex=\"1\"]/div/div[contains(@class, \"sapMCbBg\")]"}
COMMAND: POST /session/19c5ed65dbd52b03c8c783813379e291/elements - {"using":"xpath","value":"//td[@aria-colindex=\"1\"]/div/div[contains(@class, \"sapMCbBg\")]"}
RESULT: {"using":"xpath","value":"//td[@aria-colindex=\"1\"]/div/div[contains(@class, \"sapMCbBg\")]"}
COMMAND: POST /session/19c5ed65dbd52b03c8c783813379e291/elements - {"using":"xpath","value":"//td[@aria-colindex=\"1\"]/div/div[contains(@class, \"sapMCbBg\")]"}
RESULT: {"using":"xpath","value":"//td[@aria-colindex=\"1\"]/div/div[contains(@class, \"sapMCbBg\")]"}
COMMAND: POST /session/19c5ed65dbd52b03c8c783813379e291/elements - {"using":"xpath","value":"//td[@aria-colindex=\"1\"]/div/div[contains(@class, \"sapMCbBg\")]"}
RESULT: {"using":"xpath","value":"//td[@aria-colindex=\"1\"]/div/div[contains(@class, \"sapMCbBg\")]"}
COMMAND: POST /session/19c5ed65dbd52b03c8c783813379e291/elements - {"using":"xpath","value":"//td[@aria-colindex=\"1\"]/div/div[contains(@class, \"sapMCbBg\")]"}
RESULT: {"using":"xpath","value":"//td[@aria-colindex=\"1\"]/div/div[contains(@class, \"sapMCbBg\")]"}
COMMAND: POST /session/19c5ed65dbd52b03c8c783813379e291/elements - {"using":"xpath","value":"//td[@aria-colindex=\"1\"]/div/div[contains(@class, \"sapMCbBg\")]"}
RESULT: {"using":"xpath","value":"//td[@aria-colindex=\"1\"]/div/div[contains(@class, \"sapMCbBg\")]"}
COMMAND: POST /session/19c5ed65dbd52b03c8c783813379e291/elements - {"using":"xpath","value":"//td[@aria-colindex=\"1\"]/div/div[contains(@class, \"sapMCbBg\")]"}
RESULT: {"using":"xpath","value":"//td[@aria-colindex=\"1\"]/div/div[contains(@class, \"sapMCbBg\")]"}
COMMAND: POST /session/19c5ed65dbd52b03c8c783813379e291/elements - {"using":"xpath","value":"//td[@aria-colindex=\"1\"]/div/div[contains(@class, \"sapMCbBg\")]"}
RESULT: {"using":"xpath","value":"//td[@aria-colindex=\"1\"]/div/div[contains(@class, \"sapMCbBg\")]"}
COMMAND: POST /session/19c5ed65dbd52b03c8c783813379e291/elements - {"using":"xpath","value":"//td[@aria-colindex=\"1\"]/div/div[contains(@class, \"sapMCbBg\")]"}
RESULT: {"using":"xpath","value":"//td[@aria-colindex=\"1\"]/div/div[contains(@class, \"sapMCbBg\")]"}
COMMAND: POST /session/19c5ed65dbd52b03c8c783813379e291/elements - {"using":"xpath","value":"//td[@aria-colindex=\"1\"]/div/div[contains(@class, \"sapMCbBg\")]"}
RESULT: {"using":"xpath","value":"//td[@aria-colindex=\"1\"]/div/div[contains(@class, \"sapMCbBg\")]"}
COMMAND: POST /session/19c5ed65dbd52b03c8c783813379e291/elements - {"using":"xpath","value":"//td[@aria-colindex=\"1\"]/div/div[contains(@class, \"sapMCbBg\")]"}
RESULT: {"using":"xpath","value":"//td[@aria-colindex=\"1\"]/div/div[contains(@class, \"sapMCbBg\")]"}
COMMAND: POST /session/19c5ed65dbd52b03c8c783813379e291/elements - {"using":"xpath","value":"//td[@aria-colindex=\"1\"]/div/div[contains(@class, \"sapMCbBg\")]"}
RESULT: {"using":"xpath","value":"//td[@aria-colindex=\"1\"]/div/div[contains(@class, \"sapMCbBg\")]"}
COMMAND: POST /session/19c5ed65dbd52b03c8c783813379e291/elements - {"using":"xpath","value":"//td[@aria-colindex=\"1\"]/div/div[contains(@class, \"sapMCbBg\")]"}
RESULT: {"using":"xpath","value":"//td[@aria-colindex=\"1\"]/div/div[contains(@class, \"sapMCbBg\")]"}
COMMAND: POST /session/19c5ed65dbd52b03c8c783813379e291/elements - {"using":"xpath","value":"//td[@aria-colindex=\"1\"]/div/div[contains(@class, \"sapMCbBg\")]"}
RESULT: {"using":"xpath","value":"//td[@aria-colindex=\"1\"]/div/div[contains(@class, \"sapMCbBg\")]"}
COMMAND: POST /session/19c5ed65dbd52b03c8c783813379e291/elements - {"using":"xpath","value":"//td[@aria-colindex=\"1\"]/div/div[contains(@class, \"sapMCbBg\")]"}
RESULT: {"using":"xpath","value":"//td[@aria-colindex=\"1\"]/div/div[contains(@class, \"sapMCbBg\")]"}
COMMAND: POST /session/19c5ed65dbd52b03c8c783813379e291/elements - {"using":"xpath","value":"//td[@aria-colindex=\"1\"]/div/div[contains(@class, \"sapMCbBg\")]"}
COMMAND: GET /session/19c5ed65dbd52b03c8c783813379e291/screenshot - {}
RESULT: {"using":"xpath","value":"//td[@aria-colindex=\"1\"]/div/div[contains(@class, \"sapMCbBg\")]"}
RESULT: {}
]]></system-out>
      <system-err><![CDATA[
Error: Can't call click on element with selector "//td[@aria-colindex="1"]/div/div[contains(@class, "sapMCbBg")]" because element wasn't found
    at async UtilsPrerequisites.manageBillingsTriggerCalculation (D:\a\1\s\test\specs\BTS\prerequisites-and-utils-functions.js:2750:9)
    at async Context.<anonymous> (D:\a\1\s\test\specs\BTS\billing-calculation-transp-times.spec.js:112:9)
]]></system-err>
    </testcase>
    <testcase classname="chrome.136_0_7103_93.windows.Billing_Calculation_-_Time_based_(considering_transport_times)_US139738" name="Should transfer the billing all the way to completion" time="55.486">
      <failure/>
      <error message="element (&quot;//input[contains(@id ,&quot;application-billingtransfer-display-component---billingWorkbench--smartFilterBar-btnBasicSearch&quot;)]&quot;) still not existing after 45000ms"/>
      <system-out><![CDATA[
RESULT: undefined
COMMAND: GET /session/19c5ed65dbd52b03c8c783813379e291/screenshot - {}
RESULT: {}
COMMAND: POST /session/19c5ed65dbd52b03c8c783813379e291/elements - {"using":"xpath","value":"//span[text()='Error']"}
RESULT: {"using":"xpath","value":"//span[text()='Error']"}
COMMAND: POST /session/19c5ed65dbd52b03c8c783813379e291/element - {"using":"xpath","value":"//input[contains(@id ,\"application-billingtransfer-display-component---billingWorkbench--smartFilterBar-btnBasicSearch\")]"}
RESULT: {"using":"xpath","value":"//input[contains(@id ,\"application-billingtransfer-display-component---billingWorkbench--smartFilterBar-btnBasicSearch\")]"}
COMMAND: POST /session/19c5ed65dbd52b03c8c783813379e291/elements - {"using":"xpath","value":"//input[contains(@id ,\"application-billingtransfer-display-component---billingWorkbench--smartFilterBar-btnBasicSearch\")]"}
RESULT: {"using":"xpath","value":"//input[contains(@id ,\"application-billingtransfer-display-component---billingWorkbench--smartFilterBar-btnBasicSearch\")]"}
COMMAND: POST /session/19c5ed65dbd52b03c8c783813379e291/elements - {"using":"xpath","value":"//input[contains(@id ,\"application-billingtransfer-display-component---billingWorkbench--smartFilterBar-btnBasicSearch\")]"}
RESULT: {"using":"xpath","value":"//input[contains(@id ,\"application-billingtransfer-display-component---billingWorkbench--smartFilterBar-btnBasicSearch\")]"}
COMMAND: POST /session/19c5ed65dbd52b03c8c783813379e291/elements - {"using":"xpath","value":"//input[contains(@id ,\"application-billingtransfer-display-component---billingWorkbench--smartFilterBar-btnBasicSearch\")]"}
RESULT: {"using":"xpath","value":"//input[contains(@id ,\"application-billingtransfer-display-component---billingWorkbench--smartFilterBar-btnBasicSearch\")]"}
COMMAND: POST /session/19c5ed65dbd52b03c8c783813379e291/elements - {"using":"xpath","value":"//input[contains(@id ,\"application-billingtransfer-display-component---billingWorkbench--smartFilterBar-btnBasicSearch\")]"}
RESULT: {"using":"xpath","value":"//input[contains(@id ,\"application-billingtransfer-display-component---billingWorkbench--smartFilterBar-btnBasicSearch\")]"}
COMMAND: POST /session/19c5ed65dbd52b03c8c783813379e291/elements - {"using":"xpath","value":"//input[contains(@id ,\"application-billingtransfer-display-component---billingWorkbench--smartFilterBar-btnBasicSearch\")]"}
RESULT: {"using":"xpath","value":"//input[contains(@id ,\"application-billingtransfer-display-component---billingWorkbench--smartFilterBar-btnBasicSearch\")]"}
COMMAND: POST /session/19c5ed65dbd52b03c8c783813379e291/elements - {"using":"xpath","value":"//input[contains(@id ,\"application-billingtransfer-display-component---billingWorkbench--smartFilterBar-btnBasicSearch\")]"}
RESULT: {"using":"xpath","value":"//input[contains(@id ,\"application-billingtransfer-display-component---billingWorkbench--smartFilterBar-btnBasicSearch\")]"}
COMMAND: POST /session/19c5ed65dbd52b03c8c783813379e291/elements - {"using":"xpath","value":"//input[contains(@id ,\"application-billingtransfer-display-component---billingWorkbench--smartFilterBar-btnBasicSearch\")]"}
RESULT: {"using":"xpath","value":"//input[contains(@id ,\"application-billingtransfer-display-component---billingWorkbench--smartFilterBar-btnBasicSearch\")]"}
COMMAND: POST /session/19c5ed65dbd52b03c8c783813379e291/elements - {"using":"xpath","value":"//input[contains(@id ,\"application-billingtransfer-display-component---billingWorkbench--smartFilterBar-btnBasicSearch\")]"}
RESULT: {"using":"xpath","value":"//input[contains(@id ,\"application-billingtransfer-display-component---billingWorkbench--smartFilterBar-btnBasicSearch\")]"}
COMMAND: POST /session/19c5ed65dbd52b03c8c783813379e291/elements - {"using":"xpath","value":"//input[contains(@id ,\"application-billingtransfer-display-component---billingWorkbench--smartFilterBar-btnBasicSearch\")]"}
RESULT: {"using":"xpath","value":"//input[contains(@id ,\"application-billingtransfer-display-component---billingWorkbench--smartFilterBar-btnBasicSearch\")]"}
COMMAND: POST /session/19c5ed65dbd52b03c8c783813379e291/elements - {"using":"xpath","value":"//input[contains(@id ,\"application-billingtransfer-display-component---billingWorkbench--smartFilterBar-btnBasicSearch\")]"}
RESULT: {"using":"xpath","value":"//input[contains(@id ,\"application-billingtransfer-display-component---billingWorkbench--smartFilterBar-btnBasicSearch\")]"}
COMMAND: POST /session/19c5ed65dbd52b03c8c783813379e291/elements - {"using":"xpath","value":"//input[contains(@id ,\"application-billingtransfer-display-component---billingWorkbench--smartFilterBar-btnBasicSearch\")]"}
RESULT: {"using":"xpath","value":"//input[contains(@id ,\"application-billingtransfer-display-component---billingWorkbench--smartFilterBar-btnBasicSearch\")]"}
COMMAND: POST /session/19c5ed65dbd52b03c8c783813379e291/elements - {"using":"xpath","value":"//input[contains(@id ,\"application-billingtransfer-display-component---billingWorkbench--smartFilterBar-btnBasicSearch\")]"}
RESULT: {"using":"xpath","value":"//input[contains(@id ,\"application-billingtransfer-display-component---billingWorkbench--smartFilterBar-btnBasicSearch\")]"}
COMMAND: POST /session/19c5ed65dbd52b03c8c783813379e291/elements - {"using":"xpath","value":"//input[contains(@id ,\"application-billingtransfer-display-component---billingWorkbench--smartFilterBar-btnBasicSearch\")]"}
RESULT: {"using":"xpath","value":"//input[contains(@id ,\"application-billingtransfer-display-component---billingWorkbench--smartFilterBar-btnBasicSearch\")]"}
COMMAND: POST /session/19c5ed65dbd52b03c8c783813379e291/elements - {"using":"xpath","value":"//input[contains(@id ,\"application-billingtransfer-display-component---billingWorkbench--smartFilterBar-btnBasicSearch\")]"}
RESULT: {"using":"xpath","value":"//input[contains(@id ,\"application-billingtransfer-display-component---billingWorkbench--smartFilterBar-btnBasicSearch\")]"}
COMMAND: POST /session/19c5ed65dbd52b03c8c783813379e291/elements - {"using":"xpath","value":"//input[contains(@id ,\"application-billingtransfer-display-component---billingWorkbench--smartFilterBar-btnBasicSearch\")]"}
RESULT: {"using":"xpath","value":"//input[contains(@id ,\"application-billingtransfer-display-component---billingWorkbench--smartFilterBar-btnBasicSearch\")]"}
COMMAND: POST /session/19c5ed65dbd52b03c8c783813379e291/elements - {"using":"xpath","value":"//input[contains(@id ,\"application-billingtransfer-display-component---billingWorkbench--smartFilterBar-btnBasicSearch\")]"}
RESULT: {"using":"xpath","value":"//input[contains(@id ,\"application-billingtransfer-display-component---billingWorkbench--smartFilterBar-btnBasicSearch\")]"}
COMMAND: POST /session/19c5ed65dbd52b03c8c783813379e291/elements - {"using":"xpath","value":"//input[contains(@id ,\"application-billingtransfer-display-component---billingWorkbench--smartFilterBar-btnBasicSearch\")]"}
RESULT: {"using":"xpath","value":"//input[contains(@id ,\"application-billingtransfer-display-component---billingWorkbench--smartFilterBar-btnBasicSearch\")]"}
COMMAND: POST /session/19c5ed65dbd52b03c8c783813379e291/elements - {"using":"xpath","value":"//input[contains(@id ,\"application-billingtransfer-display-component---billingWorkbench--smartFilterBar-btnBasicSearch\")]"}
RESULT: {"using":"xpath","value":"//input[contains(@id ,\"application-billingtransfer-display-component---billingWorkbench--smartFilterBar-btnBasicSearch\")]"}
COMMAND: POST /session/19c5ed65dbd52b03c8c783813379e291/elements - {"using":"xpath","value":"//input[contains(@id ,\"application-billingtransfer-display-component---billingWorkbench--smartFilterBar-btnBasicSearch\")]"}
RESULT: {"using":"xpath","value":"//input[contains(@id ,\"application-billingtransfer-display-component---billingWorkbench--smartFilterBar-btnBasicSearch\")]"}
COMMAND: POST /session/19c5ed65dbd52b03c8c783813379e291/elements - {"using":"xpath","value":"//input[contains(@id ,\"application-billingtransfer-display-component---billingWorkbench--smartFilterBar-btnBasicSearch\")]"}
RESULT: {"using":"xpath","value":"//input[contains(@id ,\"application-billingtransfer-display-component---billingWorkbench--smartFilterBar-btnBasicSearch\")]"}
COMMAND: POST /session/19c5ed65dbd52b03c8c783813379e291/elements - {"using":"xpath","value":"//input[contains(@id ,\"application-billingtransfer-display-component---billingWorkbench--smartFilterBar-btnBasicSearch\")]"}
RESULT: {"using":"xpath","value":"//input[contains(@id ,\"application-billingtransfer-display-component---billingWorkbench--smartFilterBar-btnBasicSearch\")]"}
COMMAND: POST /session/19c5ed65dbd52b03c8c783813379e291/elements - {"using":"xpath","value":"//input[contains(@id ,\"application-billingtransfer-display-component---billingWorkbench--smartFilterBar-btnBasicSearch\")]"}
RESULT: {"using":"xpath","value":"//input[contains(@id ,\"application-billingtransfer-display-component---billingWorkbench--smartFilterBar-btnBasicSearch\")]"}
COMMAND: POST /session/19c5ed65dbd52b03c8c783813379e291/elements - {"using":"xpath","value":"//input[contains(@id ,\"application-billingtransfer-display-component---billingWorkbench--smartFilterBar-btnBasicSearch\")]"}
RESULT: {"using":"xpath","value":"//input[contains(@id ,\"application-billingtransfer-display-component---billingWorkbench--smartFilterBar-btnBasicSearch\")]"}
COMMAND: POST /session/19c5ed65dbd52b03c8c783813379e291/elements - {"using":"xpath","value":"//input[contains(@id ,\"application-billingtransfer-display-component---billingWorkbench--smartFilterBar-btnBasicSearch\")]"}
RESULT: {"using":"xpath","value":"//input[contains(@id ,\"application-billingtransfer-display-component---billingWorkbench--smartFilterBar-btnBasicSearch\")]"}
COMMAND: POST /session/19c5ed65dbd52b03c8c783813379e291/elements - {"using":"xpath","value":"//input[contains(@id ,\"application-billingtransfer-display-component---billingWorkbench--smartFilterBar-btnBasicSearch\")]"}
RESULT: {"using":"xpath","value":"//input[contains(@id ,\"application-billingtransfer-display-component---billingWorkbench--smartFilterBar-btnBasicSearch\")]"}
COMMAND: POST /session/19c5ed65dbd52b03c8c783813379e291/elements - {"using":"xpath","value":"//input[contains(@id ,\"application-billingtransfer-display-component---billingWorkbench--smartFilterBar-btnBasicSearch\")]"}
RESULT: {"using":"xpath","value":"//input[contains(@id ,\"application-billingtransfer-display-component---billingWorkbench--smartFilterBar-btnBasicSearch\")]"}
COMMAND: POST /session/19c5ed65dbd52b03c8c783813379e291/elements - {"using":"xpath","value":"//input[contains(@id ,\"application-billingtransfer-display-component---billingWorkbench--smartFilterBar-btnBasicSearch\")]"}
RESULT: {"using":"xpath","value":"//input[contains(@id ,\"application-billingtransfer-display-component---billingWorkbench--smartFilterBar-btnBasicSearch\")]"}
COMMAND: POST /session/19c5ed65dbd52b03c8c783813379e291/elements - {"using":"xpath","value":"//input[contains(@id ,\"application-billingtransfer-display-component---billingWorkbench--smartFilterBar-btnBasicSearch\")]"}
RESULT: {"using":"xpath","value":"//input[contains(@id ,\"application-billingtransfer-display-component---billingWorkbench--smartFilterBar-btnBasicSearch\")]"}
COMMAND: POST /session/19c5ed65dbd52b03c8c783813379e291/elements - {"using":"xpath","value":"//input[contains(@id ,\"application-billingtransfer-display-component---billingWorkbench--smartFilterBar-btnBasicSearch\")]"}
RESULT: {"using":"xpath","value":"//input[contains(@id ,\"application-billingtransfer-display-component---billingWorkbench--smartFilterBar-btnBasicSearch\")]"}
COMMAND: POST /session/19c5ed65dbd52b03c8c783813379e291/elements - {"using":"xpath","value":"//input[contains(@id ,\"application-billingtransfer-display-component---billingWorkbench--smartFilterBar-btnBasicSearch\")]"}
RESULT: {"using":"xpath","value":"//input[contains(@id ,\"application-billingtransfer-display-component---billingWorkbench--smartFilterBar-btnBasicSearch\")]"}
COMMAND: POST /session/19c5ed65dbd52b03c8c783813379e291/elements - {"using":"xpath","value":"//input[contains(@id ,\"application-billingtransfer-display-component---billingWorkbench--smartFilterBar-btnBasicSearch\")]"}
RESULT: {"using":"xpath","value":"//input[contains(@id ,\"application-billingtransfer-display-component---billingWorkbench--smartFilterBar-btnBasicSearch\")]"}
COMMAND: POST /session/19c5ed65dbd52b03c8c783813379e291/elements - {"using":"xpath","value":"//input[contains(@id ,\"application-billingtransfer-display-component---billingWorkbench--smartFilterBar-btnBasicSearch\")]"}
RESULT: {"using":"xpath","value":"//input[contains(@id ,\"application-billingtransfer-display-component---billingWorkbench--smartFilterBar-btnBasicSearch\")]"}
COMMAND: POST /session/19c5ed65dbd52b03c8c783813379e291/elements - {"using":"xpath","value":"//input[contains(@id ,\"application-billingtransfer-display-component---billingWorkbench--smartFilterBar-btnBasicSearch\")]"}
RESULT: {"using":"xpath","value":"//input[contains(@id ,\"application-billingtransfer-display-component---billingWorkbench--smartFilterBar-btnBasicSearch\")]"}
COMMAND: POST /session/19c5ed65dbd52b03c8c783813379e291/elements - {"using":"xpath","value":"//input[contains(@id ,\"application-billingtransfer-display-component---billingWorkbench--smartFilterBar-btnBasicSearch\")]"}
RESULT: {"using":"xpath","value":"//input[contains(@id ,\"application-billingtransfer-display-component---billingWorkbench--smartFilterBar-btnBasicSearch\")]"}
COMMAND: POST /session/19c5ed65dbd52b03c8c783813379e291/elements - {"using":"xpath","value":"//input[contains(@id ,\"application-billingtransfer-display-component---billingWorkbench--smartFilterBar-btnBasicSearch\")]"}
RESULT: {"using":"xpath","value":"//input[contains(@id ,\"application-billingtransfer-display-component---billingWorkbench--smartFilterBar-btnBasicSearch\")]"}
COMMAND: POST /session/19c5ed65dbd52b03c8c783813379e291/elements - {"using":"xpath","value":"//input[contains(@id ,\"application-billingtransfer-display-component---billingWorkbench--smartFilterBar-btnBasicSearch\")]"}
RESULT: {"using":"xpath","value":"//input[contains(@id ,\"application-billingtransfer-display-component---billingWorkbench--smartFilterBar-btnBasicSearch\")]"}
COMMAND: POST /session/19c5ed65dbd52b03c8c783813379e291/elements - {"using":"xpath","value":"//input[contains(@id ,\"application-billingtransfer-display-component---billingWorkbench--smartFilterBar-btnBasicSearch\")]"}
RESULT: {"using":"xpath","value":"//input[contains(@id ,\"application-billingtransfer-display-component---billingWorkbench--smartFilterBar-btnBasicSearch\")]"}
COMMAND: POST /session/19c5ed65dbd52b03c8c783813379e291/elements - {"using":"xpath","value":"//input[contains(@id ,\"application-billingtransfer-display-component---billingWorkbench--smartFilterBar-btnBasicSearch\")]"}
RESULT: {"using":"xpath","value":"//input[contains(@id ,\"application-billingtransfer-display-component---billingWorkbench--smartFilterBar-btnBasicSearch\")]"}
COMMAND: POST /session/19c5ed65dbd52b03c8c783813379e291/elements - {"using":"xpath","value":"//input[contains(@id ,\"application-billingtransfer-display-component---billingWorkbench--smartFilterBar-btnBasicSearch\")]"}
RESULT: {"using":"xpath","value":"//input[contains(@id ,\"application-billingtransfer-display-component---billingWorkbench--smartFilterBar-btnBasicSearch\")]"}
COMMAND: POST /session/19c5ed65dbd52b03c8c783813379e291/elements - {"using":"xpath","value":"//input[contains(@id ,\"application-billingtransfer-display-component---billingWorkbench--smartFilterBar-btnBasicSearch\")]"}
RESULT: {"using":"xpath","value":"//input[contains(@id ,\"application-billingtransfer-display-component---billingWorkbench--smartFilterBar-btnBasicSearch\")]"}
COMMAND: POST /session/19c5ed65dbd52b03c8c783813379e291/elements - {"using":"xpath","value":"//input[contains(@id ,\"application-billingtransfer-display-component---billingWorkbench--smartFilterBar-btnBasicSearch\")]"}
RESULT: {"using":"xpath","value":"//input[contains(@id ,\"application-billingtransfer-display-component---billingWorkbench--smartFilterBar-btnBasicSearch\")]"}
COMMAND: POST /session/19c5ed65dbd52b03c8c783813379e291/elements - {"using":"xpath","value":"//input[contains(@id ,\"application-billingtransfer-display-component---billingWorkbench--smartFilterBar-btnBasicSearch\")]"}
RESULT: {"using":"xpath","value":"//input[contains(@id ,\"application-billingtransfer-display-component---billingWorkbench--smartFilterBar-btnBasicSearch\")]"}
COMMAND: POST /session/19c5ed65dbd52b03c8c783813379e291/elements - {"using":"xpath","value":"//input[contains(@id ,\"application-billingtransfer-display-component---billingWorkbench--smartFilterBar-btnBasicSearch\")]"}
RESULT: {"using":"xpath","value":"//input[contains(@id ,\"application-billingtransfer-display-component---billingWorkbench--smartFilterBar-btnBasicSearch\")]"}
COMMAND: POST /session/19c5ed65dbd52b03c8c783813379e291/elements - {"using":"xpath","value":"//input[contains(@id ,\"application-billingtransfer-display-component---billingWorkbench--smartFilterBar-btnBasicSearch\")]"}
RESULT: {"using":"xpath","value":"//input[contains(@id ,\"application-billingtransfer-display-component---billingWorkbench--smartFilterBar-btnBasicSearch\")]"}
COMMAND: POST /session/19c5ed65dbd52b03c8c783813379e291/elements - {"using":"xpath","value":"//input[contains(@id ,\"application-billingtransfer-display-component---billingWorkbench--smartFilterBar-btnBasicSearch\")]"}
RESULT: {"using":"xpath","value":"//input[contains(@id ,\"application-billingtransfer-display-component---billingWorkbench--smartFilterBar-btnBasicSearch\")]"}
COMMAND: POST /session/19c5ed65dbd52b03c8c783813379e291/elements - {"using":"xpath","value":"//input[contains(@id ,\"application-billingtransfer-display-component---billingWorkbench--smartFilterBar-btnBasicSearch\")]"}
RESULT: {"using":"xpath","value":"//input[contains(@id ,\"application-billingtransfer-display-component---billingWorkbench--smartFilterBar-btnBasicSearch\")]"}
COMMAND: POST /session/19c5ed65dbd52b03c8c783813379e291/elements - {"using":"xpath","value":"//input[contains(@id ,\"application-billingtransfer-display-component---billingWorkbench--smartFilterBar-btnBasicSearch\")]"}
RESULT: {"using":"xpath","value":"//input[contains(@id ,\"application-billingtransfer-display-component---billingWorkbench--smartFilterBar-btnBasicSearch\")]"}
COMMAND: POST /session/19c5ed65dbd52b03c8c783813379e291/elements - {"using":"xpath","value":"//input[contains(@id ,\"application-billingtransfer-display-component---billingWorkbench--smartFilterBar-btnBasicSearch\")]"}
RESULT: {"using":"xpath","value":"//input[contains(@id ,\"application-billingtransfer-display-component---billingWorkbench--smartFilterBar-btnBasicSearch\")]"}
COMMAND: POST /session/19c5ed65dbd52b03c8c783813379e291/elements - {"using":"xpath","value":"//input[contains(@id ,\"application-billingtransfer-display-component---billingWorkbench--smartFilterBar-btnBasicSearch\")]"}
RESULT: {"using":"xpath","value":"//input[contains(@id ,\"application-billingtransfer-display-component---billingWorkbench--smartFilterBar-btnBasicSearch\")]"}
COMMAND: POST /session/19c5ed65dbd52b03c8c783813379e291/elements - {"using":"xpath","value":"//input[contains(@id ,\"application-billingtransfer-display-component---billingWorkbench--smartFilterBar-btnBasicSearch\")]"}
RESULT: {"using":"xpath","value":"//input[contains(@id ,\"application-billingtransfer-display-component---billingWorkbench--smartFilterBar-btnBasicSearch\")]"}
COMMAND: POST /session/19c5ed65dbd52b03c8c783813379e291/elements - {"using":"xpath","value":"//input[contains(@id ,\"application-billingtransfer-display-component---billingWorkbench--smartFilterBar-btnBasicSearch\")]"}
RESULT: {"using":"xpath","value":"//input[contains(@id ,\"application-billingtransfer-display-component---billingWorkbench--smartFilterBar-btnBasicSearch\")]"}
COMMAND: POST /session/19c5ed65dbd52b03c8c783813379e291/elements - {"using":"xpath","value":"//input[contains(@id ,\"application-billingtransfer-display-component---billingWorkbench--smartFilterBar-btnBasicSearch\")]"}
RESULT: {"using":"xpath","value":"//input[contains(@id ,\"application-billingtransfer-display-component---billingWorkbench--smartFilterBar-btnBasicSearch\")]"}
COMMAND: POST /session/19c5ed65dbd52b03c8c783813379e291/elements - {"using":"xpath","value":"//input[contains(@id ,\"application-billingtransfer-display-component---billingWorkbench--smartFilterBar-btnBasicSearch\")]"}
RESULT: {"using":"xpath","value":"//input[contains(@id ,\"application-billingtransfer-display-component---billingWorkbench--smartFilterBar-btnBasicSearch\")]"}
COMMAND: POST /session/19c5ed65dbd52b03c8c783813379e291/elements - {"using":"xpath","value":"//input[contains(@id ,\"application-billingtransfer-display-component---billingWorkbench--smartFilterBar-btnBasicSearch\")]"}
RESULT: {"using":"xpath","value":"//input[contains(@id ,\"application-billingtransfer-display-component---billingWorkbench--smartFilterBar-btnBasicSearch\")]"}
COMMAND: POST /session/19c5ed65dbd52b03c8c783813379e291/elements - {"using":"xpath","value":"//input[contains(@id ,\"application-billingtransfer-display-component---billingWorkbench--smartFilterBar-btnBasicSearch\")]"}
RESULT: {"using":"xpath","value":"//input[contains(@id ,\"application-billingtransfer-display-component---billingWorkbench--smartFilterBar-btnBasicSearch\")]"}
COMMAND: POST /session/19c5ed65dbd52b03c8c783813379e291/elements - {"using":"xpath","value":"//input[contains(@id ,\"application-billingtransfer-display-component---billingWorkbench--smartFilterBar-btnBasicSearch\")]"}
RESULT: {"using":"xpath","value":"//input[contains(@id ,\"application-billingtransfer-display-component---billingWorkbench--smartFilterBar-btnBasicSearch\")]"}
COMMAND: POST /session/19c5ed65dbd52b03c8c783813379e291/elements - {"using":"xpath","value":"//input[contains(@id ,\"application-billingtransfer-display-component---billingWorkbench--smartFilterBar-btnBasicSearch\")]"}
RESULT: {"using":"xpath","value":"//input[contains(@id ,\"application-billingtransfer-display-component---billingWorkbench--smartFilterBar-btnBasicSearch\")]"}
COMMAND: POST /session/19c5ed65dbd52b03c8c783813379e291/elements - {"using":"xpath","value":"//input[contains(@id ,\"application-billingtransfer-display-component---billingWorkbench--smartFilterBar-btnBasicSearch\")]"}
RESULT: {"using":"xpath","value":"//input[contains(@id ,\"application-billingtransfer-display-component---billingWorkbench--smartFilterBar-btnBasicSearch\")]"}
COMMAND: POST /session/19c5ed65dbd52b03c8c783813379e291/elements - {"using":"xpath","value":"//input[contains(@id ,\"application-billingtransfer-display-component---billingWorkbench--smartFilterBar-btnBasicSearch\")]"}
RESULT: {"using":"xpath","value":"//input[contains(@id ,\"application-billingtransfer-display-component---billingWorkbench--smartFilterBar-btnBasicSearch\")]"}
COMMAND: POST /session/19c5ed65dbd52b03c8c783813379e291/elements - {"using":"xpath","value":"//input[contains(@id ,\"application-billingtransfer-display-component---billingWorkbench--smartFilterBar-btnBasicSearch\")]"}
RESULT: {"using":"xpath","value":"//input[contains(@id ,\"application-billingtransfer-display-component---billingWorkbench--smartFilterBar-btnBasicSearch\")]"}
COMMAND: POST /session/19c5ed65dbd52b03c8c783813379e291/elements - {"using":"xpath","value":"//input[contains(@id ,\"application-billingtransfer-display-component---billingWorkbench--smartFilterBar-btnBasicSearch\")]"}
RESULT: {"using":"xpath","value":"//input[contains(@id ,\"application-billingtransfer-display-component---billingWorkbench--smartFilterBar-btnBasicSearch\")]"}
COMMAND: POST /session/19c5ed65dbd52b03c8c783813379e291/elements - {"using":"xpath","value":"//input[contains(@id ,\"application-billingtransfer-display-component---billingWorkbench--smartFilterBar-btnBasicSearch\")]"}
RESULT: {"using":"xpath","value":"//input[contains(@id ,\"application-billingtransfer-display-component---billingWorkbench--smartFilterBar-btnBasicSearch\")]"}
COMMAND: POST /session/19c5ed65dbd52b03c8c783813379e291/elements - {"using":"xpath","value":"//input[contains(@id ,\"application-billingtransfer-display-component---billingWorkbench--smartFilterBar-btnBasicSearch\")]"}
RESULT: {"using":"xpath","value":"//input[contains(@id ,\"application-billingtransfer-display-component---billingWorkbench--smartFilterBar-btnBasicSearch\")]"}
COMMAND: POST /session/19c5ed65dbd52b03c8c783813379e291/elements - {"using":"xpath","value":"//input[contains(@id ,\"application-billingtransfer-display-component---billingWorkbench--smartFilterBar-btnBasicSearch\")]"}
RESULT: {"using":"xpath","value":"//input[contains(@id ,\"application-billingtransfer-display-component---billingWorkbench--smartFilterBar-btnBasicSearch\")]"}
COMMAND: POST /session/19c5ed65dbd52b03c8c783813379e291/elements - {"using":"xpath","value":"//input[contains(@id ,\"application-billingtransfer-display-component---billingWorkbench--smartFilterBar-btnBasicSearch\")]"}
RESULT: {"using":"xpath","value":"//input[contains(@id ,\"application-billingtransfer-display-component---billingWorkbench--smartFilterBar-btnBasicSearch\")]"}
COMMAND: POST /session/19c5ed65dbd52b03c8c783813379e291/elements - {"using":"xpath","value":"//input[contains(@id ,\"application-billingtransfer-display-component---billingWorkbench--smartFilterBar-btnBasicSearch\")]"}
RESULT: {"using":"xpath","value":"//input[contains(@id ,\"application-billingtransfer-display-component---billingWorkbench--smartFilterBar-btnBasicSearch\")]"}
COMMAND: POST /session/19c5ed65dbd52b03c8c783813379e291/elements - {"using":"xpath","value":"//input[contains(@id ,\"application-billingtransfer-display-component---billingWorkbench--smartFilterBar-btnBasicSearch\")]"}
RESULT: {"using":"xpath","value":"//input[contains(@id ,\"application-billingtransfer-display-component---billingWorkbench--smartFilterBar-btnBasicSearch\")]"}
COMMAND: POST /session/19c5ed65dbd52b03c8c783813379e291/elements - {"using":"xpath","value":"//input[contains(@id ,\"application-billingtransfer-display-component---billingWorkbench--smartFilterBar-btnBasicSearch\")]"}
RESULT: {"using":"xpath","value":"//input[contains(@id ,\"application-billingtransfer-display-component---billingWorkbench--smartFilterBar-btnBasicSearch\")]"}
COMMAND: POST /session/19c5ed65dbd52b03c8c783813379e291/elements - {"using":"xpath","value":"//input[contains(@id ,\"application-billingtransfer-display-component---billingWorkbench--smartFilterBar-btnBasicSearch\")]"}
RESULT: {"using":"xpath","value":"//input[contains(@id ,\"application-billingtransfer-display-component---billingWorkbench--smartFilterBar-btnBasicSearch\")]"}
COMMAND: POST /session/19c5ed65dbd52b03c8c783813379e291/elements - {"using":"xpath","value":"//input[contains(@id ,\"application-billingtransfer-display-component---billingWorkbench--smartFilterBar-btnBasicSearch\")]"}
RESULT: {"using":"xpath","value":"//input[contains(@id ,\"application-billingtransfer-display-component---billingWorkbench--smartFilterBar-btnBasicSearch\")]"}
COMMAND: POST /session/19c5ed65dbd52b03c8c783813379e291/elements - {"using":"xpath","value":"//input[contains(@id ,\"application-billingtransfer-display-component---billingWorkbench--smartFilterBar-btnBasicSearch\")]"}
RESULT: {"using":"xpath","value":"//input[contains(@id ,\"application-billingtransfer-display-component---billingWorkbench--smartFilterBar-btnBasicSearch\")]"}
COMMAND: POST /session/19c5ed65dbd52b03c8c783813379e291/elements - {"using":"xpath","value":"//input[contains(@id ,\"application-billingtransfer-display-component---billingWorkbench--smartFilterBar-btnBasicSearch\")]"}
RESULT: {"using":"xpath","value":"//input[contains(@id ,\"application-billingtransfer-display-component---billingWorkbench--smartFilterBar-btnBasicSearch\")]"}
COMMAND: POST /session/19c5ed65dbd52b03c8c783813379e291/elements - {"using":"xpath","value":"//input[contains(@id ,\"application-billingtransfer-display-component---billingWorkbench--smartFilterBar-btnBasicSearch\")]"}
RESULT: {"using":"xpath","value":"//input[contains(@id ,\"application-billingtransfer-display-component---billingWorkbench--smartFilterBar-btnBasicSearch\")]"}
COMMAND: POST /session/19c5ed65dbd52b03c8c783813379e291/elements - {"using":"xpath","value":"//input[contains(@id ,\"application-billingtransfer-display-component---billingWorkbench--smartFilterBar-btnBasicSearch\")]"}
RESULT: {"using":"xpath","value":"//input[contains(@id ,\"application-billingtransfer-display-component---billingWorkbench--smartFilterBar-btnBasicSearch\")]"}
COMMAND: POST /session/19c5ed65dbd52b03c8c783813379e291/elements - {"using":"xpath","value":"//input[contains(@id ,\"application-billingtransfer-display-component---billingWorkbench--smartFilterBar-btnBasicSearch\")]"}
RESULT: {"using":"xpath","value":"//input[contains(@id ,\"application-billingtransfer-display-component---billingWorkbench--smartFilterBar-btnBasicSearch\")]"}
COMMAND: POST /session/19c5ed65dbd52b03c8c783813379e291/elements - {"using":"xpath","value":"//input[contains(@id ,\"application-billingtransfer-display-component---billingWorkbench--smartFilterBar-btnBasicSearch\")]"}
RESULT: {"using":"xpath","value":"//input[contains(@id ,\"application-billingtransfer-display-component---billingWorkbench--smartFilterBar-btnBasicSearch\")]"}
COMMAND: POST /session/19c5ed65dbd52b03c8c783813379e291/elements - {"using":"xpath","value":"//input[contains(@id ,\"application-billingtransfer-display-component---billingWorkbench--smartFilterBar-btnBasicSearch\")]"}
RESULT: {"using":"xpath","value":"//input[contains(@id ,\"application-billingtransfer-display-component---billingWorkbench--smartFilterBar-btnBasicSearch\")]"}
COMMAND: POST /session/19c5ed65dbd52b03c8c783813379e291/elements - {"using":"xpath","value":"//input[contains(@id ,\"application-billingtransfer-display-component---billingWorkbench--smartFilterBar-btnBasicSearch\")]"}
RESULT: {"using":"xpath","value":"//input[contains(@id ,\"application-billingtransfer-display-component---billingWorkbench--smartFilterBar-btnBasicSearch\")]"}
COMMAND: POST /session/19c5ed65dbd52b03c8c783813379e291/elements - {"using":"xpath","value":"//input[contains(@id ,\"application-billingtransfer-display-component---billingWorkbench--smartFilterBar-btnBasicSearch\")]"}
RESULT: {"using":"xpath","value":"//input[contains(@id ,\"application-billingtransfer-display-component---billingWorkbench--smartFilterBar-btnBasicSearch\")]"}
COMMAND: POST /session/19c5ed65dbd52b03c8c783813379e291/elements - {"using":"xpath","value":"//input[contains(@id ,\"application-billingtransfer-display-component---billingWorkbench--smartFilterBar-btnBasicSearch\")]"}
RESULT: {"using":"xpath","value":"//input[contains(@id ,\"application-billingtransfer-display-component---billingWorkbench--smartFilterBar-btnBasicSearch\")]"}
COMMAND: POST /session/19c5ed65dbd52b03c8c783813379e291/elements - {"using":"xpath","value":"//input[contains(@id ,\"application-billingtransfer-display-component---billingWorkbench--smartFilterBar-btnBasicSearch\")]"}
RESULT: {"using":"xpath","value":"//input[contains(@id ,\"application-billingtransfer-display-component---billingWorkbench--smartFilterBar-btnBasicSearch\")]"}
COMMAND: POST /session/19c5ed65dbd52b03c8c783813379e291/elements - {"using":"xpath","value":"//input[contains(@id ,\"application-billingtransfer-display-component---billingWorkbench--smartFilterBar-btnBasicSearch\")]"}
RESULT: {"using":"xpath","value":"//input[contains(@id ,\"application-billingtransfer-display-component---billingWorkbench--smartFilterBar-btnBasicSearch\")]"}
COMMAND: POST /session/19c5ed65dbd52b03c8c783813379e291/elements - {"using":"xpath","value":"//input[contains(@id ,\"application-billingtransfer-display-component---billingWorkbench--smartFilterBar-btnBasicSearch\")]"}
RESULT: {"using":"xpath","value":"//input[contains(@id ,\"application-billingtransfer-display-component---billingWorkbench--smartFilterBar-btnBasicSearch\")]"}
COMMAND: POST /session/19c5ed65dbd52b03c8c783813379e291/elements - {"using":"xpath","value":"//input[contains(@id ,\"application-billingtransfer-display-component---billingWorkbench--smartFilterBar-btnBasicSearch\")]"}
RESULT: {"using":"xpath","value":"//input[contains(@id ,\"application-billingtransfer-display-component---billingWorkbench--smartFilterBar-btnBasicSearch\")]"}
COMMAND: POST /session/19c5ed65dbd52b03c8c783813379e291/elements - {"using":"xpath","value":"//input[contains(@id ,\"application-billingtransfer-display-component---billingWorkbench--smartFilterBar-btnBasicSearch\")]"}
RESULT: {"using":"xpath","value":"//input[contains(@id ,\"application-billingtransfer-display-component---billingWorkbench--smartFilterBar-btnBasicSearch\")]"}
COMMAND: POST /session/19c5ed65dbd52b03c8c783813379e291/elements - {"using":"xpath","value":"//input[contains(@id ,\"application-billingtransfer-display-component---billingWorkbench--smartFilterBar-btnBasicSearch\")]"}
RESULT: {"using":"xpath","value":"//input[contains(@id ,\"application-billingtransfer-display-component---billingWorkbench--smartFilterBar-btnBasicSearch\")]"}
COMMAND: POST /session/19c5ed65dbd52b03c8c783813379e291/elements - {"using":"xpath","value":"//input[contains(@id ,\"application-billingtransfer-display-component---billingWorkbench--smartFilterBar-btnBasicSearch\")]"}
RESULT: {"using":"xpath","value":"//input[contains(@id ,\"application-billingtransfer-display-component---billingWorkbench--smartFilterBar-btnBasicSearch\")]"}
COMMAND: POST /session/19c5ed65dbd52b03c8c783813379e291/elements - {"using":"xpath","value":"//input[contains(@id ,\"application-billingtransfer-display-component---billingWorkbench--smartFilterBar-btnBasicSearch\")]"}
RESULT: {"using":"xpath","value":"//input[contains(@id ,\"application-billingtransfer-display-component---billingWorkbench--smartFilterBar-btnBasicSearch\")]"}
COMMAND: POST /session/19c5ed65dbd52b03c8c783813379e291/elements - {"using":"xpath","value":"//input[contains(@id ,\"application-billingtransfer-display-component---billingWorkbench--smartFilterBar-btnBasicSearch\")]"}
RESULT: {"using":"xpath","value":"//input[contains(@id ,\"application-billingtransfer-display-component---billingWorkbench--smartFilterBar-btnBasicSearch\")]"}
COMMAND: POST /session/19c5ed65dbd52b03c8c783813379e291/elements - {"using":"xpath","value":"//input[contains(@id ,\"application-billingtransfer-display-component---billingWorkbench--smartFilterBar-btnBasicSearch\")]"}
RESULT: {"using":"xpath","value":"//input[contains(@id ,\"application-billingtransfer-display-component---billingWorkbench--smartFilterBar-btnBasicSearch\")]"}
COMMAND: GET /session/19c5ed65dbd52b03c8c783813379e291/screenshot - {}
RESULT: {}
]]></system-out>
      <system-err><![CDATA[
Error: element ("//input[contains(@id ,"application-billingtransfer-display-component---billingWorkbench--smartFilterBar-btnBasicSearch")]") still not existing after 45000ms
    at async UtilsPrerequisites.narrowDownSearchBT (D:\a\1\s\test\specs\BTS\prerequisites-and-utils-functions.js:2882:9)
    at async UtilsPrerequisites.billingTransfer (D:\a\1\s\test\specs\BTS\prerequisites-and-utils-functions.js:2807:9)
    at async Context.<anonymous> (D:\a\1\s\test\specs\BTS\billing-calculation-transp-times.spec.js:129:9)
]]></system-err>
    </testcase>
    <testcase classname="chrome.136_0_7103_93.windows.Billing_Calculation_-_Time_based_(considering_transport_times)_US139738" name="Should do another billing run but in around 25 days from today" time="78.608">
      <failure/>
      <error message="Can't call click on element with selector &quot;//td[@aria-colindex=&quot;1&quot;]/div/div[contains(@class, &quot;sapMCbBg&quot;)]&quot; because element wasn't found"/>
      <system-out><![CDATA[
COMMAND: GET /session/19c5ed65dbd52b03c8c783813379e291/screenshot - {}
RESULT: undefined
RESULT: {}
COMMAND: POST /session/19c5ed65dbd52b03c8c783813379e291/elements - {"using":"xpath","value":"//span[text()='Error']"}
RESULT: {"using":"xpath","value":"//span[text()='Error']"}
RESULT: undefined
COMMAND: POST /session/19c5ed65dbd52b03c8c783813379e291/actions - {"actions":[{"id":"action66","type":"key","parameters":{},"actions":[{"type":"keyDown","value":""},{"type":"pause","duration":10},{"type":"keyUp","value":""}]}]}
RESULT: {"actions":[{"id":"action66","type":"key","parameters":{},"actions":[{"type":"keyDown","value":""},{"type":"pause","duration":10},{"type":"keyUp","value":""}]}]}
COMMAND: GET /session/19c5ed65dbd52b03c8c783813379e291/screenshot - {}
RESULT: {}
COMMAND: POST /session/19c5ed65dbd52b03c8c783813379e291/element - {"using":"xpath","value":"//td[@aria-colindex=\"1\"]/div/div[contains(@class, \"sapMCbBg\")]"}
RESULT: {"using":"xpath","value":"//td[@aria-colindex=\"1\"]/div/div[contains(@class, \"sapMCbBg\")]"}
COMMAND: POST /session/19c5ed65dbd52b03c8c783813379e291/elements - {"using":"xpath","value":"//td[@aria-colindex=\"1\"]/div/div[contains(@class, \"sapMCbBg\")]"}
RESULT: {"using":"xpath","value":"//td[@aria-colindex=\"1\"]/div/div[contains(@class, \"sapMCbBg\")]"}
COMMAND: POST /session/19c5ed65dbd52b03c8c783813379e291/elements - {"using":"xpath","value":"//td[@aria-colindex=\"1\"]/div/div[contains(@class, \"sapMCbBg\")]"}
RESULT: {"using":"xpath","value":"//td[@aria-colindex=\"1\"]/div/div[contains(@class, \"sapMCbBg\")]"}
COMMAND: POST /session/19c5ed65dbd52b03c8c783813379e291/elements - {"using":"xpath","value":"//td[@aria-colindex=\"1\"]/div/div[contains(@class, \"sapMCbBg\")]"}
RESULT: {"using":"xpath","value":"//td[@aria-colindex=\"1\"]/div/div[contains(@class, \"sapMCbBg\")]"}
COMMAND: POST /session/19c5ed65dbd52b03c8c783813379e291/elements - {"using":"xpath","value":"//td[@aria-colindex=\"1\"]/div/div[contains(@class, \"sapMCbBg\")]"}
RESULT: {"using":"xpath","value":"//td[@aria-colindex=\"1\"]/div/div[contains(@class, \"sapMCbBg\")]"}
COMMAND: POST /session/19c5ed65dbd52b03c8c783813379e291/elements - {"using":"xpath","value":"//td[@aria-colindex=\"1\"]/div/div[contains(@class, \"sapMCbBg\")]"}
RESULT: {"using":"xpath","value":"//td[@aria-colindex=\"1\"]/div/div[contains(@class, \"sapMCbBg\")]"}
COMMAND: POST /session/19c5ed65dbd52b03c8c783813379e291/elements - {"using":"xpath","value":"//td[@aria-colindex=\"1\"]/div/div[contains(@class, \"sapMCbBg\")]"}
RESULT: {"using":"xpath","value":"//td[@aria-colindex=\"1\"]/div/div[contains(@class, \"sapMCbBg\")]"}
COMMAND: POST /session/19c5ed65dbd52b03c8c783813379e291/elements - {"using":"xpath","value":"//td[@aria-colindex=\"1\"]/div/div[contains(@class, \"sapMCbBg\")]"}
RESULT: {"using":"xpath","value":"//td[@aria-colindex=\"1\"]/div/div[contains(@class, \"sapMCbBg\")]"}
COMMAND: POST /session/19c5ed65dbd52b03c8c783813379e291/elements - {"using":"xpath","value":"//td[@aria-colindex=\"1\"]/div/div[contains(@class, \"sapMCbBg\")]"}
RESULT: {"using":"xpath","value":"//td[@aria-colindex=\"1\"]/div/div[contains(@class, \"sapMCbBg\")]"}
COMMAND: POST /session/19c5ed65dbd52b03c8c783813379e291/elements - {"using":"xpath","value":"//td[@aria-colindex=\"1\"]/div/div[contains(@class, \"sapMCbBg\")]"}
RESULT: {"using":"xpath","value":"//td[@aria-colindex=\"1\"]/div/div[contains(@class, \"sapMCbBg\")]"}
COMMAND: POST /session/19c5ed65dbd52b03c8c783813379e291/elements - {"using":"xpath","value":"//td[@aria-colindex=\"1\"]/div/div[contains(@class, \"sapMCbBg\")]"}
RESULT: {"using":"xpath","value":"//td[@aria-colindex=\"1\"]/div/div[contains(@class, \"sapMCbBg\")]"}
COMMAND: POST /session/19c5ed65dbd52b03c8c783813379e291/elements - {"using":"xpath","value":"//td[@aria-colindex=\"1\"]/div/div[contains(@class, \"sapMCbBg\")]"}
RESULT: {"using":"xpath","value":"//td[@aria-colindex=\"1\"]/div/div[contains(@class, \"sapMCbBg\")]"}
COMMAND: POST /session/19c5ed65dbd52b03c8c783813379e291/elements - {"using":"xpath","value":"//td[@aria-colindex=\"1\"]/div/div[contains(@class, \"sapMCbBg\")]"}
RESULT: {"using":"xpath","value":"//td[@aria-colindex=\"1\"]/div/div[contains(@class, \"sapMCbBg\")]"}
COMMAND: POST /session/19c5ed65dbd52b03c8c783813379e291/elements - {"using":"xpath","value":"//td[@aria-colindex=\"1\"]/div/div[contains(@class, \"sapMCbBg\")]"}
RESULT: {"using":"xpath","value":"//td[@aria-colindex=\"1\"]/div/div[contains(@class, \"sapMCbBg\")]"}
COMMAND: POST /session/19c5ed65dbd52b03c8c783813379e291/elements - {"using":"xpath","value":"//td[@aria-colindex=\"1\"]/div/div[contains(@class, \"sapMCbBg\")]"}
RESULT: {"using":"xpath","value":"//td[@aria-colindex=\"1\"]/div/div[contains(@class, \"sapMCbBg\")]"}
COMMAND: POST /session/19c5ed65dbd52b03c8c783813379e291/elements - {"using":"xpath","value":"//td[@aria-colindex=\"1\"]/div/div[contains(@class, \"sapMCbBg\")]"}
RESULT: {"using":"xpath","value":"//td[@aria-colindex=\"1\"]/div/div[contains(@class, \"sapMCbBg\")]"}
COMMAND: POST /session/19c5ed65dbd52b03c8c783813379e291/elements - {"using":"xpath","value":"//td[@aria-colindex=\"1\"]/div/div[contains(@class, \"sapMCbBg\")]"}
RESULT: {"using":"xpath","value":"//td[@aria-colindex=\"1\"]/div/div[contains(@class, \"sapMCbBg\")]"}
COMMAND: POST /session/19c5ed65dbd52b03c8c783813379e291/elements - {"using":"xpath","value":"//td[@aria-colindex=\"1\"]/div/div[contains(@class, \"sapMCbBg\")]"}
RESULT: {"using":"xpath","value":"//td[@aria-colindex=\"1\"]/div/div[contains(@class, \"sapMCbBg\")]"}
COMMAND: POST /session/19c5ed65dbd52b03c8c783813379e291/elements - {"using":"xpath","value":"//td[@aria-colindex=\"1\"]/div/div[contains(@class, \"sapMCbBg\")]"}
RESULT: {"using":"xpath","value":"//td[@aria-colindex=\"1\"]/div/div[contains(@class, \"sapMCbBg\")]"}
COMMAND: POST /session/19c5ed65dbd52b03c8c783813379e291/elements - {"using":"xpath","value":"//td[@aria-colindex=\"1\"]/div/div[contains(@class, \"sapMCbBg\")]"}
RESULT: {"using":"xpath","value":"//td[@aria-colindex=\"1\"]/div/div[contains(@class, \"sapMCbBg\")]"}
COMMAND: POST /session/19c5ed65dbd52b03c8c783813379e291/elements - {"using":"xpath","value":"//td[@aria-colindex=\"1\"]/div/div[contains(@class, \"sapMCbBg\")]"}
RESULT: {"using":"xpath","value":"//td[@aria-colindex=\"1\"]/div/div[contains(@class, \"sapMCbBg\")]"}
COMMAND: POST /session/19c5ed65dbd52b03c8c783813379e291/elements - {"using":"xpath","value":"//td[@aria-colindex=\"1\"]/div/div[contains(@class, \"sapMCbBg\")]"}
RESULT: {"using":"xpath","value":"//td[@aria-colindex=\"1\"]/div/div[contains(@class, \"sapMCbBg\")]"}
COMMAND: POST /session/19c5ed65dbd52b03c8c783813379e291/elements - {"using":"xpath","value":"//td[@aria-colindex=\"1\"]/div/div[contains(@class, \"sapMCbBg\")]"}
RESULT: {"using":"xpath","value":"//td[@aria-colindex=\"1\"]/div/div[contains(@class, \"sapMCbBg\")]"}
COMMAND: POST /session/19c5ed65dbd52b03c8c783813379e291/elements - {"using":"xpath","value":"//td[@aria-colindex=\"1\"]/div/div[contains(@class, \"sapMCbBg\")]"}
RESULT: {"using":"xpath","value":"//td[@aria-colindex=\"1\"]/div/div[contains(@class, \"sapMCbBg\")]"}
COMMAND: POST /session/19c5ed65dbd52b03c8c783813379e291/elements - {"using":"xpath","value":"//td[@aria-colindex=\"1\"]/div/div[contains(@class, \"sapMCbBg\")]"}
RESULT: {"using":"xpath","value":"//td[@aria-colindex=\"1\"]/div/div[contains(@class, \"sapMCbBg\")]"}
COMMAND: POST /session/19c5ed65dbd52b03c8c783813379e291/elements - {"using":"xpath","value":"//td[@aria-colindex=\"1\"]/div/div[contains(@class, \"sapMCbBg\")]"}
RESULT: {"using":"xpath","value":"//td[@aria-colindex=\"1\"]/div/div[contains(@class, \"sapMCbBg\")]"}
COMMAND: POST /session/19c5ed65dbd52b03c8c783813379e291/elements - {"using":"xpath","value":"//td[@aria-colindex=\"1\"]/div/div[contains(@class, \"sapMCbBg\")]"}
RESULT: {"using":"xpath","value":"//td[@aria-colindex=\"1\"]/div/div[contains(@class, \"sapMCbBg\")]"}
COMMAND: POST /session/19c5ed65dbd52b03c8c783813379e291/elements - {"using":"xpath","value":"//td[@aria-colindex=\"1\"]/div/div[contains(@class, \"sapMCbBg\")]"}
RESULT: {"using":"xpath","value":"//td[@aria-colindex=\"1\"]/div/div[contains(@class, \"sapMCbBg\")]"}
COMMAND: POST /session/19c5ed65dbd52b03c8c783813379e291/elements - {"using":"xpath","value":"//td[@aria-colindex=\"1\"]/div/div[contains(@class, \"sapMCbBg\")]"}
RESULT: {"using":"xpath","value":"//td[@aria-colindex=\"1\"]/div/div[contains(@class, \"sapMCbBg\")]"}
COMMAND: POST /session/19c5ed65dbd52b03c8c783813379e291/elements - {"using":"xpath","value":"//td[@aria-colindex=\"1\"]/div/div[contains(@class, \"sapMCbBg\")]"}
RESULT: {"using":"xpath","value":"//td[@aria-colindex=\"1\"]/div/div[contains(@class, \"sapMCbBg\")]"}
COMMAND: POST /session/19c5ed65dbd52b03c8c783813379e291/elements - {"using":"xpath","value":"//td[@aria-colindex=\"1\"]/div/div[contains(@class, \"sapMCbBg\")]"}
RESULT: {"using":"xpath","value":"//td[@aria-colindex=\"1\"]/div/div[contains(@class, \"sapMCbBg\")]"}
COMMAND: POST /session/19c5ed65dbd52b03c8c783813379e291/elements - {"using":"xpath","value":"//td[@aria-colindex=\"1\"]/div/div[contains(@class, \"sapMCbBg\")]"}
RESULT: {"using":"xpath","value":"//td[@aria-colindex=\"1\"]/div/div[contains(@class, \"sapMCbBg\")]"}
COMMAND: POST /session/19c5ed65dbd52b03c8c783813379e291/elements - {"using":"xpath","value":"//td[@aria-colindex=\"1\"]/div/div[contains(@class, \"sapMCbBg\")]"}
RESULT: {"using":"xpath","value":"//td[@aria-colindex=\"1\"]/div/div[contains(@class, \"sapMCbBg\")]"}
COMMAND: POST /session/19c5ed65dbd52b03c8c783813379e291/elements - {"using":"xpath","value":"//td[@aria-colindex=\"1\"]/div/div[contains(@class, \"sapMCbBg\")]"}
RESULT: {"using":"xpath","value":"//td[@aria-colindex=\"1\"]/div/div[contains(@class, \"sapMCbBg\")]"}
COMMAND: POST /session/19c5ed65dbd52b03c8c783813379e291/elements - {"using":"xpath","value":"//td[@aria-colindex=\"1\"]/div/div[contains(@class, \"sapMCbBg\")]"}
RESULT: {"using":"xpath","value":"//td[@aria-colindex=\"1\"]/div/div[contains(@class, \"sapMCbBg\")]"}
COMMAND: POST /session/19c5ed65dbd52b03c8c783813379e291/elements - {"using":"xpath","value":"//td[@aria-colindex=\"1\"]/div/div[contains(@class, \"sapMCbBg\")]"}
RESULT: {"using":"xpath","value":"//td[@aria-colindex=\"1\"]/div/div[contains(@class, \"sapMCbBg\")]"}
COMMAND: POST /session/19c5ed65dbd52b03c8c783813379e291/elements - {"using":"xpath","value":"//td[@aria-colindex=\"1\"]/div/div[contains(@class, \"sapMCbBg\")]"}
RESULT: {"using":"xpath","value":"//td[@aria-colindex=\"1\"]/div/div[contains(@class, \"sapMCbBg\")]"}
COMMAND: POST /session/19c5ed65dbd52b03c8c783813379e291/elements - {"using":"xpath","value":"//td[@aria-colindex=\"1\"]/div/div[contains(@class, \"sapMCbBg\")]"}
RESULT: {"using":"xpath","value":"//td[@aria-colindex=\"1\"]/div/div[contains(@class, \"sapMCbBg\")]"}
COMMAND: POST /session/19c5ed65dbd52b03c8c783813379e291/elements - {"using":"xpath","value":"//td[@aria-colindex=\"1\"]/div/div[contains(@class, \"sapMCbBg\")]"}
RESULT: {"using":"xpath","value":"//td[@aria-colindex=\"1\"]/div/div[contains(@class, \"sapMCbBg\")]"}
COMMAND: POST /session/19c5ed65dbd52b03c8c783813379e291/elements - {"using":"xpath","value":"//td[@aria-colindex=\"1\"]/div/div[contains(@class, \"sapMCbBg\")]"}
RESULT: {"using":"xpath","value":"//td[@aria-colindex=\"1\"]/div/div[contains(@class, \"sapMCbBg\")]"}
COMMAND: POST /session/19c5ed65dbd52b03c8c783813379e291/elements - {"using":"xpath","value":"//td[@aria-colindex=\"1\"]/div/div[contains(@class, \"sapMCbBg\")]"}
RESULT: {"using":"xpath","value":"//td[@aria-colindex=\"1\"]/div/div[contains(@class, \"sapMCbBg\")]"}
COMMAND: POST /session/19c5ed65dbd52b03c8c783813379e291/elements - {"using":"xpath","value":"//td[@aria-colindex=\"1\"]/div/div[contains(@class, \"sapMCbBg\")]"}
RESULT: {"using":"xpath","value":"//td[@aria-colindex=\"1\"]/div/div[contains(@class, \"sapMCbBg\")]"}
COMMAND: POST /session/19c5ed65dbd52b03c8c783813379e291/elements - {"using":"xpath","value":"//td[@aria-colindex=\"1\"]/div/div[contains(@class, \"sapMCbBg\")]"}
RESULT: {"using":"xpath","value":"//td[@aria-colindex=\"1\"]/div/div[contains(@class, \"sapMCbBg\")]"}
COMMAND: POST /session/19c5ed65dbd52b03c8c783813379e291/elements - {"using":"xpath","value":"//td[@aria-colindex=\"1\"]/div/div[contains(@class, \"sapMCbBg\")]"}
RESULT: {"using":"xpath","value":"//td[@aria-colindex=\"1\"]/div/div[contains(@class, \"sapMCbBg\")]"}
COMMAND: POST /session/19c5ed65dbd52b03c8c783813379e291/elements - {"using":"xpath","value":"//td[@aria-colindex=\"1\"]/div/div[contains(@class, \"sapMCbBg\")]"}
RESULT: {"using":"xpath","value":"//td[@aria-colindex=\"1\"]/div/div[contains(@class, \"sapMCbBg\")]"}
COMMAND: POST /session/19c5ed65dbd52b03c8c783813379e291/elements - {"using":"xpath","value":"//td[@aria-colindex=\"1\"]/div/div[contains(@class, \"sapMCbBg\")]"}
RESULT: {"using":"xpath","value":"//td[@aria-colindex=\"1\"]/div/div[contains(@class, \"sapMCbBg\")]"}
COMMAND: POST /session/19c5ed65dbd52b03c8c783813379e291/elements - {"using":"xpath","value":"//td[@aria-colindex=\"1\"]/div/div[contains(@class, \"sapMCbBg\")]"}
RESULT: {"using":"xpath","value":"//td[@aria-colindex=\"1\"]/div/div[contains(@class, \"sapMCbBg\")]"}
COMMAND: POST /session/19c5ed65dbd52b03c8c783813379e291/elements - {"using":"xpath","value":"//td[@aria-colindex=\"1\"]/div/div[contains(@class, \"sapMCbBg\")]"}
RESULT: {"using":"xpath","value":"//td[@aria-colindex=\"1\"]/div/div[contains(@class, \"sapMCbBg\")]"}
COMMAND: POST /session/19c5ed65dbd52b03c8c783813379e291/elements - {"using":"xpath","value":"//td[@aria-colindex=\"1\"]/div/div[contains(@class, \"sapMCbBg\")]"}
RESULT: {"using":"xpath","value":"//td[@aria-colindex=\"1\"]/div/div[contains(@class, \"sapMCbBg\")]"}
COMMAND: POST /session/19c5ed65dbd52b03c8c783813379e291/elements - {"using":"xpath","value":"//td[@aria-colindex=\"1\"]/div/div[contains(@class, \"sapMCbBg\")]"}
RESULT: {"using":"xpath","value":"//td[@aria-colindex=\"1\"]/div/div[contains(@class, \"sapMCbBg\")]"}
COMMAND: POST /session/19c5ed65dbd52b03c8c783813379e291/elements - {"using":"xpath","value":"//td[@aria-colindex=\"1\"]/div/div[contains(@class, \"sapMCbBg\")]"}
RESULT: {"using":"xpath","value":"//td[@aria-colindex=\"1\"]/div/div[contains(@class, \"sapMCbBg\")]"}
COMMAND: POST /session/19c5ed65dbd52b03c8c783813379e291/elements - {"using":"xpath","value":"//td[@aria-colindex=\"1\"]/div/div[contains(@class, \"sapMCbBg\")]"}
RESULT: {"using":"xpath","value":"//td[@aria-colindex=\"1\"]/div/div[contains(@class, \"sapMCbBg\")]"}
COMMAND: POST /session/19c5ed65dbd52b03c8c783813379e291/elements - {"using":"xpath","value":"//td[@aria-colindex=\"1\"]/div/div[contains(@class, \"sapMCbBg\")]"}
RESULT: {"using":"xpath","value":"//td[@aria-colindex=\"1\"]/div/div[contains(@class, \"sapMCbBg\")]"}
COMMAND: POST /session/19c5ed65dbd52b03c8c783813379e291/elements - {"using":"xpath","value":"//td[@aria-colindex=\"1\"]/div/div[contains(@class, \"sapMCbBg\")]"}
RESULT: {"using":"xpath","value":"//td[@aria-colindex=\"1\"]/div/div[contains(@class, \"sapMCbBg\")]"}
COMMAND: POST /session/19c5ed65dbd52b03c8c783813379e291/elements - {"using":"xpath","value":"//td[@aria-colindex=\"1\"]/div/div[contains(@class, \"sapMCbBg\")]"}
RESULT: {"using":"xpath","value":"//td[@aria-colindex=\"1\"]/div/div[contains(@class, \"sapMCbBg\")]"}
COMMAND: POST /session/19c5ed65dbd52b03c8c783813379e291/elements - {"using":"xpath","value":"//td[@aria-colindex=\"1\"]/div/div[contains(@class, \"sapMCbBg\")]"}
RESULT: {"using":"xpath","value":"//td[@aria-colindex=\"1\"]/div/div[contains(@class, \"sapMCbBg\")]"}
COMMAND: POST /session/19c5ed65dbd52b03c8c783813379e291/elements - {"using":"xpath","value":"//td[@aria-colindex=\"1\"]/div/div[contains(@class, \"sapMCbBg\")]"}
RESULT: {"using":"xpath","value":"//td[@aria-colindex=\"1\"]/div/div[contains(@class, \"sapMCbBg\")]"}
COMMAND: POST /session/19c5ed65dbd52b03c8c783813379e291/elements - {"using":"xpath","value":"//td[@aria-colindex=\"1\"]/div/div[contains(@class, \"sapMCbBg\")]"}
RESULT: {"using":"xpath","value":"//td[@aria-colindex=\"1\"]/div/div[contains(@class, \"sapMCbBg\")]"}
COMMAND: POST /session/19c5ed65dbd52b03c8c783813379e291/elements - {"using":"xpath","value":"//td[@aria-colindex=\"1\"]/div/div[contains(@class, \"sapMCbBg\")]"}
RESULT: {"using":"xpath","value":"//td[@aria-colindex=\"1\"]/div/div[contains(@class, \"sapMCbBg\")]"}
COMMAND: POST /session/19c5ed65dbd52b03c8c783813379e291/elements - {"using":"xpath","value":"//td[@aria-colindex=\"1\"]/div/div[contains(@class, \"sapMCbBg\")]"}
RESULT: {"using":"xpath","value":"//td[@aria-colindex=\"1\"]/div/div[contains(@class, \"sapMCbBg\")]"}
COMMAND: POST /session/19c5ed65dbd52b03c8c783813379e291/elements - {"using":"xpath","value":"//td[@aria-colindex=\"1\"]/div/div[contains(@class, \"sapMCbBg\")]"}
RESULT: {"using":"xpath","value":"//td[@aria-colindex=\"1\"]/div/div[contains(@class, \"sapMCbBg\")]"}
COMMAND: POST /session/19c5ed65dbd52b03c8c783813379e291/elements - {"using":"xpath","value":"//td[@aria-colindex=\"1\"]/div/div[contains(@class, \"sapMCbBg\")]"}
RESULT: {"using":"xpath","value":"//td[@aria-colindex=\"1\"]/div/div[contains(@class, \"sapMCbBg\")]"}
COMMAND: POST /session/19c5ed65dbd52b03c8c783813379e291/elements - {"using":"xpath","value":"//td[@aria-colindex=\"1\"]/div/div[contains(@class, \"sapMCbBg\")]"}
RESULT: {"using":"xpath","value":"//td[@aria-colindex=\"1\"]/div/div[contains(@class, \"sapMCbBg\")]"}
COMMAND: POST /session/19c5ed65dbd52b03c8c783813379e291/elements - {"using":"xpath","value":"//td[@aria-colindex=\"1\"]/div/div[contains(@class, \"sapMCbBg\")]"}
RESULT: {"using":"xpath","value":"//td[@aria-colindex=\"1\"]/div/div[contains(@class, \"sapMCbBg\")]"}
COMMAND: POST /session/19c5ed65dbd52b03c8c783813379e291/elements - {"using":"xpath","value":"//td[@aria-colindex=\"1\"]/div/div[contains(@class, \"sapMCbBg\")]"}
RESULT: {"using":"xpath","value":"//td[@aria-colindex=\"1\"]/div/div[contains(@class, \"sapMCbBg\")]"}
COMMAND: POST /session/19c5ed65dbd52b03c8c783813379e291/elements - {"using":"xpath","value":"//td[@aria-colindex=\"1\"]/div/div[contains(@class, \"sapMCbBg\")]"}
RESULT: {"using":"xpath","value":"//td[@aria-colindex=\"1\"]/div/div[contains(@class, \"sapMCbBg\")]"}
COMMAND: POST /session/19c5ed65dbd52b03c8c783813379e291/elements - {"using":"xpath","value":"//td[@aria-colindex=\"1\"]/div/div[contains(@class, \"sapMCbBg\")]"}
RESULT: {"using":"xpath","value":"//td[@aria-colindex=\"1\"]/div/div[contains(@class, \"sapMCbBg\")]"}
COMMAND: POST /session/19c5ed65dbd52b03c8c783813379e291/elements - {"using":"xpath","value":"//td[@aria-colindex=\"1\"]/div/div[contains(@class, \"sapMCbBg\")]"}
RESULT: {"using":"xpath","value":"//td[@aria-colindex=\"1\"]/div/div[contains(@class, \"sapMCbBg\")]"}
COMMAND: POST /session/19c5ed65dbd52b03c8c783813379e291/elements - {"using":"xpath","value":"//td[@aria-colindex=\"1\"]/div/div[contains(@class, \"sapMCbBg\")]"}
RESULT: {"using":"xpath","value":"//td[@aria-colindex=\"1\"]/div/div[contains(@class, \"sapMCbBg\")]"}
COMMAND: POST /session/19c5ed65dbd52b03c8c783813379e291/elements - {"using":"xpath","value":"//td[@aria-colindex=\"1\"]/div/div[contains(@class, \"sapMCbBg\")]"}
RESULT: {"using":"xpath","value":"//td[@aria-colindex=\"1\"]/div/div[contains(@class, \"sapMCbBg\")]"}
COMMAND: POST /session/19c5ed65dbd52b03c8c783813379e291/elements - {"using":"xpath","value":"//td[@aria-colindex=\"1\"]/div/div[contains(@class, \"sapMCbBg\")]"}
RESULT: {"using":"xpath","value":"//td[@aria-colindex=\"1\"]/div/div[contains(@class, \"sapMCbBg\")]"}
COMMAND: POST /session/19c5ed65dbd52b03c8c783813379e291/elements - {"using":"xpath","value":"//td[@aria-colindex=\"1\"]/div/div[contains(@class, \"sapMCbBg\")]"}
RESULT: {"using":"xpath","value":"//td[@aria-colindex=\"1\"]/div/div[contains(@class, \"sapMCbBg\")]"}
COMMAND: POST /session/19c5ed65dbd52b03c8c783813379e291/elements - {"using":"xpath","value":"//td[@aria-colindex=\"1\"]/div/div[contains(@class, \"sapMCbBg\")]"}
RESULT: {"using":"xpath","value":"//td[@aria-colindex=\"1\"]/div/div[contains(@class, \"sapMCbBg\")]"}
COMMAND: POST /session/19c5ed65dbd52b03c8c783813379e291/elements - {"using":"xpath","value":"//td[@aria-colindex=\"1\"]/div/div[contains(@class, \"sapMCbBg\")]"}
RESULT: {"using":"xpath","value":"//td[@aria-colindex=\"1\"]/div/div[contains(@class, \"sapMCbBg\")]"}
COMMAND: POST /session/19c5ed65dbd52b03c8c783813379e291/elements - {"using":"xpath","value":"//td[@aria-colindex=\"1\"]/div/div[contains(@class, \"sapMCbBg\")]"}
RESULT: {"using":"xpath","value":"//td[@aria-colindex=\"1\"]/div/div[contains(@class, \"sapMCbBg\")]"}
COMMAND: POST /session/19c5ed65dbd52b03c8c783813379e291/elements - {"using":"xpath","value":"//td[@aria-colindex=\"1\"]/div/div[contains(@class, \"sapMCbBg\")]"}
RESULT: {"using":"xpath","value":"//td[@aria-colindex=\"1\"]/div/div[contains(@class, \"sapMCbBg\")]"}
COMMAND: POST /session/19c5ed65dbd52b03c8c783813379e291/elements - {"using":"xpath","value":"//td[@aria-colindex=\"1\"]/div/div[contains(@class, \"sapMCbBg\")]"}
RESULT: {"using":"xpath","value":"//td[@aria-colindex=\"1\"]/div/div[contains(@class, \"sapMCbBg\")]"}
COMMAND: POST /session/19c5ed65dbd52b03c8c783813379e291/elements - {"using":"xpath","value":"//td[@aria-colindex=\"1\"]/div/div[contains(@class, \"sapMCbBg\")]"}
RESULT: {"using":"xpath","value":"//td[@aria-colindex=\"1\"]/div/div[contains(@class, \"sapMCbBg\")]"}
COMMAND: POST /session/19c5ed65dbd52b03c8c783813379e291/elements - {"using":"xpath","value":"//td[@aria-colindex=\"1\"]/div/div[contains(@class, \"sapMCbBg\")]"}
RESULT: {"using":"xpath","value":"//td[@aria-colindex=\"1\"]/div/div[contains(@class, \"sapMCbBg\")]"}
COMMAND: POST /session/19c5ed65dbd52b03c8c783813379e291/elements - {"using":"xpath","value":"//td[@aria-colindex=\"1\"]/div/div[contains(@class, \"sapMCbBg\")]"}
RESULT: {"using":"xpath","value":"//td[@aria-colindex=\"1\"]/div/div[contains(@class, \"sapMCbBg\")]"}
COMMAND: POST /session/19c5ed65dbd52b03c8c783813379e291/elements - {"using":"xpath","value":"//td[@aria-colindex=\"1\"]/div/div[contains(@class, \"sapMCbBg\")]"}
RESULT: {"using":"xpath","value":"//td[@aria-colindex=\"1\"]/div/div[contains(@class, \"sapMCbBg\")]"}
COMMAND: POST /session/19c5ed65dbd52b03c8c783813379e291/elements - {"using":"xpath","value":"//td[@aria-colindex=\"1\"]/div/div[contains(@class, \"sapMCbBg\")]"}
RESULT: {"using":"xpath","value":"//td[@aria-colindex=\"1\"]/div/div[contains(@class, \"sapMCbBg\")]"}
COMMAND: POST /session/19c5ed65dbd52b03c8c783813379e291/elements - {"using":"xpath","value":"//td[@aria-colindex=\"1\"]/div/div[contains(@class, \"sapMCbBg\")]"}
RESULT: {"using":"xpath","value":"//td[@aria-colindex=\"1\"]/div/div[contains(@class, \"sapMCbBg\")]"}
COMMAND: POST /session/19c5ed65dbd52b03c8c783813379e291/elements - {"using":"xpath","value":"//td[@aria-colindex=\"1\"]/div/div[contains(@class, \"sapMCbBg\")]"}
RESULT: {"using":"xpath","value":"//td[@aria-colindex=\"1\"]/div/div[contains(@class, \"sapMCbBg\")]"}
COMMAND: POST /session/19c5ed65dbd52b03c8c783813379e291/elements - {"using":"xpath","value":"//td[@aria-colindex=\"1\"]/div/div[contains(@class, \"sapMCbBg\")]"}
RESULT: {"using":"xpath","value":"//td[@aria-colindex=\"1\"]/div/div[contains(@class, \"sapMCbBg\")]"}
COMMAND: POST /session/19c5ed65dbd52b03c8c783813379e291/elements - {"using":"xpath","value":"//td[@aria-colindex=\"1\"]/div/div[contains(@class, \"sapMCbBg\")]"}
RESULT: {"using":"xpath","value":"//td[@aria-colindex=\"1\"]/div/div[contains(@class, \"sapMCbBg\")]"}
COMMAND: POST /session/19c5ed65dbd52b03c8c783813379e291/elements - {"using":"xpath","value":"//td[@aria-colindex=\"1\"]/div/div[contains(@class, \"sapMCbBg\")]"}
RESULT: {"using":"xpath","value":"//td[@aria-colindex=\"1\"]/div/div[contains(@class, \"sapMCbBg\")]"}
COMMAND: POST /session/19c5ed65dbd52b03c8c783813379e291/elements - {"using":"xpath","value":"//td[@aria-colindex=\"1\"]/div/div[contains(@class, \"sapMCbBg\")]"}
RESULT: {"using":"xpath","value":"//td[@aria-colindex=\"1\"]/div/div[contains(@class, \"sapMCbBg\")]"}
COMMAND: POST /session/19c5ed65dbd52b03c8c783813379e291/elements - {"using":"xpath","value":"//td[@aria-colindex=\"1\"]/div/div[contains(@class, \"sapMCbBg\")]"}
RESULT: {"using":"xpath","value":"//td[@aria-colindex=\"1\"]/div/div[contains(@class, \"sapMCbBg\")]"}
COMMAND: POST /session/19c5ed65dbd52b03c8c783813379e291/elements - {"using":"xpath","value":"//td[@aria-colindex=\"1\"]/div/div[contains(@class, \"sapMCbBg\")]"}
RESULT: {"using":"xpath","value":"//td[@aria-colindex=\"1\"]/div/div[contains(@class, \"sapMCbBg\")]"}
COMMAND: POST /session/19c5ed65dbd52b03c8c783813379e291/elements - {"using":"xpath","value":"//td[@aria-colindex=\"1\"]/div/div[contains(@class, \"sapMCbBg\")]"}
RESULT: {"using":"xpath","value":"//td[@aria-colindex=\"1\"]/div/div[contains(@class, \"sapMCbBg\")]"}
COMMAND: POST /session/19c5ed65dbd52b03c8c783813379e291/elements - {"using":"xpath","value":"//td[@aria-colindex=\"1\"]/div/div[contains(@class, \"sapMCbBg\")]"}
RESULT: {"using":"xpath","value":"//td[@aria-colindex=\"1\"]/div/div[contains(@class, \"sapMCbBg\")]"}
COMMAND: POST /session/19c5ed65dbd52b03c8c783813379e291/elements - {"using":"xpath","value":"//td[@aria-colindex=\"1\"]/div/div[contains(@class, \"sapMCbBg\")]"}
RESULT: {"using":"xpath","value":"//td[@aria-colindex=\"1\"]/div/div[contains(@class, \"sapMCbBg\")]"}
COMMAND: POST /session/19c5ed65dbd52b03c8c783813379e291/elements - {"using":"xpath","value":"//td[@aria-colindex=\"1\"]/div/div[contains(@class, \"sapMCbBg\")]"}
RESULT: {"using":"xpath","value":"//td[@aria-colindex=\"1\"]/div/div[contains(@class, \"sapMCbBg\")]"}
COMMAND: POST /session/19c5ed65dbd52b03c8c783813379e291/elements - {"using":"xpath","value":"//td[@aria-colindex=\"1\"]/div/div[contains(@class, \"sapMCbBg\")]"}
RESULT: {"using":"xpath","value":"//td[@aria-colindex=\"1\"]/div/div[contains(@class, \"sapMCbBg\")]"}
COMMAND: POST /session/19c5ed65dbd52b03c8c783813379e291/elements - {"using":"xpath","value":"//td[@aria-colindex=\"1\"]/div/div[contains(@class, \"sapMCbBg\")]"}
RESULT: {"using":"xpath","value":"//td[@aria-colindex=\"1\"]/div/div[contains(@class, \"sapMCbBg\")]"}
COMMAND: POST /session/19c5ed65dbd52b03c8c783813379e291/elements - {"using":"xpath","value":"//td[@aria-colindex=\"1\"]/div/div[contains(@class, \"sapMCbBg\")]"}
RESULT: {"using":"xpath","value":"//td[@aria-colindex=\"1\"]/div/div[contains(@class, \"sapMCbBg\")]"}
COMMAND: POST /session/19c5ed65dbd52b03c8c783813379e291/elements - {"using":"xpath","value":"//td[@aria-colindex=\"1\"]/div/div[contains(@class, \"sapMCbBg\")]"}
RESULT: {"using":"xpath","value":"//td[@aria-colindex=\"1\"]/div/div[contains(@class, \"sapMCbBg\")]"}
COMMAND: POST /session/19c5ed65dbd52b03c8c783813379e291/elements - {"using":"xpath","value":"//td[@aria-colindex=\"1\"]/div/div[contains(@class, \"sapMCbBg\")]"}
RESULT: {"using":"xpath","value":"//td[@aria-colindex=\"1\"]/div/div[contains(@class, \"sapMCbBg\")]"}
COMMAND: POST /session/19c5ed65dbd52b03c8c783813379e291/elements - {"using":"xpath","value":"//td[@aria-colindex=\"1\"]/div/div[contains(@class, \"sapMCbBg\")]"}
RESULT: {"using":"xpath","value":"//td[@aria-colindex=\"1\"]/div/div[contains(@class, \"sapMCbBg\")]"}
COMMAND: POST /session/19c5ed65dbd52b03c8c783813379e291/elements - {"using":"xpath","value":"//td[@aria-colindex=\"1\"]/div/div[contains(@class, \"sapMCbBg\")]"}
RESULT: {"using":"xpath","value":"//td[@aria-colindex=\"1\"]/div/div[contains(@class, \"sapMCbBg\")]"}
COMMAND: POST /session/19c5ed65dbd52b03c8c783813379e291/elements - {"using":"xpath","value":"//td[@aria-colindex=\"1\"]/div/div[contains(@class, \"sapMCbBg\")]"}
RESULT: {"using":"xpath","value":"//td[@aria-colindex=\"1\"]/div/div[contains(@class, \"sapMCbBg\")]"}
COMMAND: POST /session/19c5ed65dbd52b03c8c783813379e291/elements - {"using":"xpath","value":"//td[@aria-colindex=\"1\"]/div/div[contains(@class, \"sapMCbBg\")]"}
RESULT: {"using":"xpath","value":"//td[@aria-colindex=\"1\"]/div/div[contains(@class, \"sapMCbBg\")]"}
COMMAND: POST /session/19c5ed65dbd52b03c8c783813379e291/elements - {"using":"xpath","value":"//td[@aria-colindex=\"1\"]/div/div[contains(@class, \"sapMCbBg\")]"}
RESULT: {"using":"xpath","value":"//td[@aria-colindex=\"1\"]/div/div[contains(@class, \"sapMCbBg\")]"}
COMMAND: POST /session/19c5ed65dbd52b03c8c783813379e291/elements - {"using":"xpath","value":"//td[@aria-colindex=\"1\"]/div/div[contains(@class, \"sapMCbBg\")]"}
RESULT: {"using":"xpath","value":"//td[@aria-colindex=\"1\"]/div/div[contains(@class, \"sapMCbBg\")]"}
COMMAND: POST /session/19c5ed65dbd52b03c8c783813379e291/elements - {"using":"xpath","value":"//td[@aria-colindex=\"1\"]/div/div[contains(@class, \"sapMCbBg\")]"}
RESULT: {"using":"xpath","value":"//td[@aria-colindex=\"1\"]/div/div[contains(@class, \"sapMCbBg\")]"}
COMMAND: POST /session/19c5ed65dbd52b03c8c783813379e291/elements - {"using":"xpath","value":"//td[@aria-colindex=\"1\"]/div/div[contains(@class, \"sapMCbBg\")]"}
RESULT: {"using":"xpath","value":"//td[@aria-colindex=\"1\"]/div/div[contains(@class, \"sapMCbBg\")]"}
COMMAND: POST /session/19c5ed65dbd52b03c8c783813379e291/elements - {"using":"xpath","value":"//td[@aria-colindex=\"1\"]/div/div[contains(@class, \"sapMCbBg\")]"}
RESULT: {"using":"xpath","value":"//td[@aria-colindex=\"1\"]/div/div[contains(@class, \"sapMCbBg\")]"}
COMMAND: POST /session/19c5ed65dbd52b03c8c783813379e291/elements - {"using":"xpath","value":"//td[@aria-colindex=\"1\"]/div/div[contains(@class, \"sapMCbBg\")]"}
RESULT: {"using":"xpath","value":"//td[@aria-colindex=\"1\"]/div/div[contains(@class, \"sapMCbBg\")]"}
COMMAND: POST /session/19c5ed65dbd52b03c8c783813379e291/elements - {"using":"xpath","value":"//td[@aria-colindex=\"1\"]/div/div[contains(@class, \"sapMCbBg\")]"}
RESULT: {"using":"xpath","value":"//td[@aria-colindex=\"1\"]/div/div[contains(@class, \"sapMCbBg\")]"}
COMMAND: POST /session/19c5ed65dbd52b03c8c783813379e291/elements - {"using":"xpath","value":"//td[@aria-colindex=\"1\"]/div/div[contains(@class, \"sapMCbBg\")]"}
RESULT: {"using":"xpath","value":"//td[@aria-colindex=\"1\"]/div/div[contains(@class, \"sapMCbBg\")]"}
COMMAND: POST /session/19c5ed65dbd52b03c8c783813379e291/elements - {"using":"xpath","value":"//td[@aria-colindex=\"1\"]/div/div[contains(@class, \"sapMCbBg\")]"}
RESULT: {"using":"xpath","value":"//td[@aria-colindex=\"1\"]/div/div[contains(@class, \"sapMCbBg\")]"}
COMMAND: POST /session/19c5ed65dbd52b03c8c783813379e291/elements - {"using":"xpath","value":"//td[@aria-colindex=\"1\"]/div/div[contains(@class, \"sapMCbBg\")]"}
RESULT: {"using":"xpath","value":"//td[@aria-colindex=\"1\"]/div/div[contains(@class, \"sapMCbBg\")]"}
COMMAND: POST /session/19c5ed65dbd52b03c8c783813379e291/elements - {"using":"xpath","value":"//td[@aria-colindex=\"1\"]/div/div[contains(@class, \"sapMCbBg\")]"}
RESULT: {"using":"xpath","value":"//td[@aria-colindex=\"1\"]/div/div[contains(@class, \"sapMCbBg\")]"}
COMMAND: POST /session/19c5ed65dbd52b03c8c783813379e291/elements - {"using":"xpath","value":"//td[@aria-colindex=\"1\"]/div/div[contains(@class, \"sapMCbBg\")]"}
RESULT: {"using":"xpath","value":"//td[@aria-colindex=\"1\"]/div/div[contains(@class, \"sapMCbBg\")]"}
COMMAND: POST /session/19c5ed65dbd52b03c8c783813379e291/elements - {"using":"xpath","value":"//td[@aria-colindex=\"1\"]/div/div[contains(@class, \"sapMCbBg\")]"}
RESULT: {"using":"xpath","value":"//td[@aria-colindex=\"1\"]/div/div[contains(@class, \"sapMCbBg\")]"}
COMMAND: POST /session/19c5ed65dbd52b03c8c783813379e291/elements - {"using":"xpath","value":"//td[@aria-colindex=\"1\"]/div/div[contains(@class, \"sapMCbBg\")]"}
RESULT: {"using":"xpath","value":"//td[@aria-colindex=\"1\"]/div/div[contains(@class, \"sapMCbBg\")]"}
COMMAND: POST /session/19c5ed65dbd52b03c8c783813379e291/elements - {"using":"xpath","value":"//td[@aria-colindex=\"1\"]/div/div[contains(@class, \"sapMCbBg\")]"}
RESULT: {"using":"xpath","value":"//td[@aria-colindex=\"1\"]/div/div[contains(@class, \"sapMCbBg\")]"}
COMMAND: POST /session/19c5ed65dbd52b03c8c783813379e291/elements - {"using":"xpath","value":"//td[@aria-colindex=\"1\"]/div/div[contains(@class, \"sapMCbBg\")]"}
RESULT: {"using":"xpath","value":"//td[@aria-colindex=\"1\"]/div/div[contains(@class, \"sapMCbBg\")]"}
COMMAND: POST /session/19c5ed65dbd52b03c8c783813379e291/elements - {"using":"xpath","value":"//td[@aria-colindex=\"1\"]/div/div[contains(@class, \"sapMCbBg\")]"}
RESULT: {"using":"xpath","value":"//td[@aria-colindex=\"1\"]/div/div[contains(@class, \"sapMCbBg\")]"}
COMMAND: POST /session/19c5ed65dbd52b03c8c783813379e291/elements - {"using":"xpath","value":"//td[@aria-colindex=\"1\"]/div/div[contains(@class, \"sapMCbBg\")]"}
RESULT: {"using":"xpath","value":"//td[@aria-colindex=\"1\"]/div/div[contains(@class, \"sapMCbBg\")]"}
COMMAND: POST /session/19c5ed65dbd52b03c8c783813379e291/elements - {"using":"xpath","value":"//td[@aria-colindex=\"1\"]/div/div[contains(@class, \"sapMCbBg\")]"}
RESULT: {"using":"xpath","value":"//td[@aria-colindex=\"1\"]/div/div[contains(@class, \"sapMCbBg\")]"}
COMMAND: GET /session/19c5ed65dbd52b03c8c783813379e291/screenshot - {}
RESULT: {}
]]></system-out>
      <system-err><![CDATA[
Error: Can't call click on element with selector "//td[@aria-colindex="1"]/div/div[contains(@class, "sapMCbBg")]" because element wasn't found
    at async UtilsPrerequisites.manageBillingsTriggerCalculation (D:\a\1\s\test\specs\BTS\prerequisites-and-utils-functions.js:2750:9)
    at async Context.<anonymous> (D:\a\1\s\test\specs\BTS\billing-calculation-transp-times.spec.js:133:9)
]]></system-err>
    </testcase>
    <testcase classname="chrome.136_0_7103_93.windows.Billing_Calculation_-_Time_based_(considering_transport_times)_US139738" name="Should transfer the billing all the way to completion" time="55.53">
      <failure/>
      <error message="element (&quot;//input[contains(@id ,&quot;application-billingtransfer-display-component---billingWorkbench--smartFilterBar-btnBasicSearch&quot;)]&quot;) still not existing after 45000ms"/>
      <system-out><![CDATA[
COMMAND: GET /session/19c5ed65dbd52b03c8c783813379e291/screenshot - {}
RESULT: undefined
RESULT: {}
COMMAND: POST /session/19c5ed65dbd52b03c8c783813379e291/elements - {"using":"xpath","value":"//span[text()='Error']"}
RESULT: {"using":"xpath","value":"//span[text()='Error']"}
COMMAND: POST /session/19c5ed65dbd52b03c8c783813379e291/element - {"using":"xpath","value":"//input[contains(@id ,\"application-billingtransfer-display-component---billingWorkbench--smartFilterBar-btnBasicSearch\")]"}
RESULT: {"using":"xpath","value":"//input[contains(@id ,\"application-billingtransfer-display-component---billingWorkbench--smartFilterBar-btnBasicSearch\")]"}
COMMAND: POST /session/19c5ed65dbd52b03c8c783813379e291/elements - {"using":"xpath","value":"//input[contains(@id ,\"application-billingtransfer-display-component---billingWorkbench--smartFilterBar-btnBasicSearch\")]"}
RESULT: {"using":"xpath","value":"//input[contains(@id ,\"application-billingtransfer-display-component---billingWorkbench--smartFilterBar-btnBasicSearch\")]"}
COMMAND: POST /session/19c5ed65dbd52b03c8c783813379e291/elements - {"using":"xpath","value":"//input[contains(@id ,\"application-billingtransfer-display-component---billingWorkbench--smartFilterBar-btnBasicSearch\")]"}
RESULT: {"using":"xpath","value":"//input[contains(@id ,\"application-billingtransfer-display-component---billingWorkbench--smartFilterBar-btnBasicSearch\")]"}
COMMAND: POST /session/19c5ed65dbd52b03c8c783813379e291/elements - {"using":"xpath","value":"//input[contains(@id ,\"application-billingtransfer-display-component---billingWorkbench--smartFilterBar-btnBasicSearch\")]"}
RESULT: {"using":"xpath","value":"//input[contains(@id ,\"application-billingtransfer-display-component---billingWorkbench--smartFilterBar-btnBasicSearch\")]"}
COMMAND: POST /session/19c5ed65dbd52b03c8c783813379e291/elements - {"using":"xpath","value":"//input[contains(@id ,\"application-billingtransfer-display-component---billingWorkbench--smartFilterBar-btnBasicSearch\")]"}
RESULT: {"using":"xpath","value":"//input[contains(@id ,\"application-billingtransfer-display-component---billingWorkbench--smartFilterBar-btnBasicSearch\")]"}
COMMAND: POST /session/19c5ed65dbd52b03c8c783813379e291/elements - {"using":"xpath","value":"//input[contains(@id ,\"application-billingtransfer-display-component---billingWorkbench--smartFilterBar-btnBasicSearch\")]"}
RESULT: {"using":"xpath","value":"//input[contains(@id ,\"application-billingtransfer-display-component---billingWorkbench--smartFilterBar-btnBasicSearch\")]"}
COMMAND: POST /session/19c5ed65dbd52b03c8c783813379e291/elements - {"using":"xpath","value":"//input[contains(@id ,\"application-billingtransfer-display-component---billingWorkbench--smartFilterBar-btnBasicSearch\")]"}
RESULT: {"using":"xpath","value":"//input[contains(@id ,\"application-billingtransfer-display-component---billingWorkbench--smartFilterBar-btnBasicSearch\")]"}
COMMAND: POST /session/19c5ed65dbd52b03c8c783813379e291/elements - {"using":"xpath","value":"//input[contains(@id ,\"application-billingtransfer-display-component---billingWorkbench--smartFilterBar-btnBasicSearch\")]"}
RESULT: {"using":"xpath","value":"//input[contains(@id ,\"application-billingtransfer-display-component---billingWorkbench--smartFilterBar-btnBasicSearch\")]"}
COMMAND: POST /session/19c5ed65dbd52b03c8c783813379e291/elements - {"using":"xpath","value":"//input[contains(@id ,\"application-billingtransfer-display-component---billingWorkbench--smartFilterBar-btnBasicSearch\")]"}
RESULT: {"using":"xpath","value":"//input[contains(@id ,\"application-billingtransfer-display-component---billingWorkbench--smartFilterBar-btnBasicSearch\")]"}
COMMAND: POST /session/19c5ed65dbd52b03c8c783813379e291/elements - {"using":"xpath","value":"//input[contains(@id ,\"application-billingtransfer-display-component---billingWorkbench--smartFilterBar-btnBasicSearch\")]"}
RESULT: {"using":"xpath","value":"//input[contains(@id ,\"application-billingtransfer-display-component---billingWorkbench--smartFilterBar-btnBasicSearch\")]"}
COMMAND: POST /session/19c5ed65dbd52b03c8c783813379e291/elements - {"using":"xpath","value":"//input[contains(@id ,\"application-billingtransfer-display-component---billingWorkbench--smartFilterBar-btnBasicSearch\")]"}
RESULT: {"using":"xpath","value":"//input[contains(@id ,\"application-billingtransfer-display-component---billingWorkbench--smartFilterBar-btnBasicSearch\")]"}
COMMAND: POST /session/19c5ed65dbd52b03c8c783813379e291/elements - {"using":"xpath","value":"//input[contains(@id ,\"application-billingtransfer-display-component---billingWorkbench--smartFilterBar-btnBasicSearch\")]"}
RESULT: {"using":"xpath","value":"//input[contains(@id ,\"application-billingtransfer-display-component---billingWorkbench--smartFilterBar-btnBasicSearch\")]"}
COMMAND: POST /session/19c5ed65dbd52b03c8c783813379e291/elements - {"using":"xpath","value":"//input[contains(@id ,\"application-billingtransfer-display-component---billingWorkbench--smartFilterBar-btnBasicSearch\")]"}
RESULT: {"using":"xpath","value":"//input[contains(@id ,\"application-billingtransfer-display-component---billingWorkbench--smartFilterBar-btnBasicSearch\")]"}
COMMAND: POST /session/19c5ed65dbd52b03c8c783813379e291/elements - {"using":"xpath","value":"//input[contains(@id ,\"application-billingtransfer-display-component---billingWorkbench--smartFilterBar-btnBasicSearch\")]"}
RESULT: {"using":"xpath","value":"//input[contains(@id ,\"application-billingtransfer-display-component---billingWorkbench--smartFilterBar-btnBasicSearch\")]"}
COMMAND: POST /session/19c5ed65dbd52b03c8c783813379e291/elements - {"using":"xpath","value":"//input[contains(@id ,\"application-billingtransfer-display-component---billingWorkbench--smartFilterBar-btnBasicSearch\")]"}
RESULT: {"using":"xpath","value":"//input[contains(@id ,\"application-billingtransfer-display-component---billingWorkbench--smartFilterBar-btnBasicSearch\")]"}
COMMAND: POST /session/19c5ed65dbd52b03c8c783813379e291/elements - {"using":"xpath","value":"//input[contains(@id ,\"application-billingtransfer-display-component---billingWorkbench--smartFilterBar-btnBasicSearch\")]"}
RESULT: {"using":"xpath","value":"//input[contains(@id ,\"application-billingtransfer-display-component---billingWorkbench--smartFilterBar-btnBasicSearch\")]"}
COMMAND: POST /session/19c5ed65dbd52b03c8c783813379e291/elements - {"using":"xpath","value":"//input[contains(@id ,\"application-billingtransfer-display-component---billingWorkbench--smartFilterBar-btnBasicSearch\")]"}
RESULT: {"using":"xpath","value":"//input[contains(@id ,\"application-billingtransfer-display-component---billingWorkbench--smartFilterBar-btnBasicSearch\")]"}
COMMAND: POST /session/19c5ed65dbd52b03c8c783813379e291/elements - {"using":"xpath","value":"//input[contains(@id ,\"application-billingtransfer-display-component---billingWorkbench--smartFilterBar-btnBasicSearch\")]"}
RESULT: {"using":"xpath","value":"//input[contains(@id ,\"application-billingtransfer-display-component---billingWorkbench--smartFilterBar-btnBasicSearch\")]"}
COMMAND: POST /session/19c5ed65dbd52b03c8c783813379e291/elements - {"using":"xpath","value":"//input[contains(@id ,\"application-billingtransfer-display-component---billingWorkbench--smartFilterBar-btnBasicSearch\")]"}
RESULT: {"using":"xpath","value":"//input[contains(@id ,\"application-billingtransfer-display-component---billingWorkbench--smartFilterBar-btnBasicSearch\")]"}
COMMAND: POST /session/19c5ed65dbd52b03c8c783813379e291/elements - {"using":"xpath","value":"//input[contains(@id ,\"application-billingtransfer-display-component---billingWorkbench--smartFilterBar-btnBasicSearch\")]"}
RESULT: {"using":"xpath","value":"//input[contains(@id ,\"application-billingtransfer-display-component---billingWorkbench--smartFilterBar-btnBasicSearch\")]"}
COMMAND: POST /session/19c5ed65dbd52b03c8c783813379e291/elements - {"using":"xpath","value":"//input[contains(@id ,\"application-billingtransfer-display-component---billingWorkbench--smartFilterBar-btnBasicSearch\")]"}
RESULT: {"using":"xpath","value":"//input[contains(@id ,\"application-billingtransfer-display-component---billingWorkbench--smartFilterBar-btnBasicSearch\")]"}
COMMAND: POST /session/19c5ed65dbd52b03c8c783813379e291/elements - {"using":"xpath","value":"//input[contains(@id ,\"application-billingtransfer-display-component---billingWorkbench--smartFilterBar-btnBasicSearch\")]"}
RESULT: {"using":"xpath","value":"//input[contains(@id ,\"application-billingtransfer-display-component---billingWorkbench--smartFilterBar-btnBasicSearch\")]"}
COMMAND: POST /session/19c5ed65dbd52b03c8c783813379e291/elements - {"using":"xpath","value":"//input[contains(@id ,\"application-billingtransfer-display-component---billingWorkbench--smartFilterBar-btnBasicSearch\")]"}
RESULT: {"using":"xpath","value":"//input[contains(@id ,\"application-billingtransfer-display-component---billingWorkbench--smartFilterBar-btnBasicSearch\")]"}
COMMAND: POST /session/19c5ed65dbd52b03c8c783813379e291/elements - {"using":"xpath","value":"//input[contains(@id ,\"application-billingtransfer-display-component---billingWorkbench--smartFilterBar-btnBasicSearch\")]"}
RESULT: {"using":"xpath","value":"//input[contains(@id ,\"application-billingtransfer-display-component---billingWorkbench--smartFilterBar-btnBasicSearch\")]"}
COMMAND: POST /session/19c5ed65dbd52b03c8c783813379e291/elements - {"using":"xpath","value":"//input[contains(@id ,\"application-billingtransfer-display-component---billingWorkbench--smartFilterBar-btnBasicSearch\")]"}
RESULT: {"using":"xpath","value":"//input[contains(@id ,\"application-billingtransfer-display-component---billingWorkbench--smartFilterBar-btnBasicSearch\")]"}
COMMAND: POST /session/19c5ed65dbd52b03c8c783813379e291/elements - {"using":"xpath","value":"//input[contains(@id ,\"application-billingtransfer-display-component---billingWorkbench--smartFilterBar-btnBasicSearch\")]"}
RESULT: {"using":"xpath","value":"//input[contains(@id ,\"application-billingtransfer-display-component---billingWorkbench--smartFilterBar-btnBasicSearch\")]"}
COMMAND: POST /session/19c5ed65dbd52b03c8c783813379e291/elements - {"using":"xpath","value":"//input[contains(@id ,\"application-billingtransfer-display-component---billingWorkbench--smartFilterBar-btnBasicSearch\")]"}
RESULT: {"using":"xpath","value":"//input[contains(@id ,\"application-billingtransfer-display-component---billingWorkbench--smartFilterBar-btnBasicSearch\")]"}
COMMAND: POST /session/19c5ed65dbd52b03c8c783813379e291/elements - {"using":"xpath","value":"//input[contains(@id ,\"application-billingtransfer-display-component---billingWorkbench--smartFilterBar-btnBasicSearch\")]"}
RESULT: {"using":"xpath","value":"//input[contains(@id ,\"application-billingtransfer-display-component---billingWorkbench--smartFilterBar-btnBasicSearch\")]"}
COMMAND: POST /session/19c5ed65dbd52b03c8c783813379e291/elements - {"using":"xpath","value":"//input[contains(@id ,\"application-billingtransfer-display-component---billingWorkbench--smartFilterBar-btnBasicSearch\")]"}
RESULT: {"using":"xpath","value":"//input[contains(@id ,\"application-billingtransfer-display-component---billingWorkbench--smartFilterBar-btnBasicSearch\")]"}
COMMAND: POST /session/19c5ed65dbd52b03c8c783813379e291/elements - {"using":"xpath","value":"//input[contains(@id ,\"application-billingtransfer-display-component---billingWorkbench--smartFilterBar-btnBasicSearch\")]"}
RESULT: {"using":"xpath","value":"//input[contains(@id ,\"application-billingtransfer-display-component---billingWorkbench--smartFilterBar-btnBasicSearch\")]"}
COMMAND: POST /session/19c5ed65dbd52b03c8c783813379e291/elements - {"using":"xpath","value":"//input[contains(@id ,\"application-billingtransfer-display-component---billingWorkbench--smartFilterBar-btnBasicSearch\")]"}
RESULT: {"using":"xpath","value":"//input[contains(@id ,\"application-billingtransfer-display-component---billingWorkbench--smartFilterBar-btnBasicSearch\")]"}
COMMAND: POST /session/19c5ed65dbd52b03c8c783813379e291/elements - {"using":"xpath","value":"//input[contains(@id ,\"application-billingtransfer-display-component---billingWorkbench--smartFilterBar-btnBasicSearch\")]"}
RESULT: {"using":"xpath","value":"//input[contains(@id ,\"application-billingtransfer-display-component---billingWorkbench--smartFilterBar-btnBasicSearch\")]"}
COMMAND: POST /session/19c5ed65dbd52b03c8c783813379e291/elements - {"using":"xpath","value":"//input[contains(@id ,\"application-billingtransfer-display-component---billingWorkbench--smartFilterBar-btnBasicSearch\")]"}
RESULT: {"using":"xpath","value":"//input[contains(@id ,\"application-billingtransfer-display-component---billingWorkbench--smartFilterBar-btnBasicSearch\")]"}
COMMAND: POST /session/19c5ed65dbd52b03c8c783813379e291/elements - {"using":"xpath","value":"//input[contains(@id ,\"application-billingtransfer-display-component---billingWorkbench--smartFilterBar-btnBasicSearch\")]"}
RESULT: {"using":"xpath","value":"//input[contains(@id ,\"application-billingtransfer-display-component---billingWorkbench--smartFilterBar-btnBasicSearch\")]"}
COMMAND: POST /session/19c5ed65dbd52b03c8c783813379e291/elements - {"using":"xpath","value":"//input[contains(@id ,\"application-billingtransfer-display-component---billingWorkbench--smartFilterBar-btnBasicSearch\")]"}
RESULT: {"using":"xpath","value":"//input[contains(@id ,\"application-billingtransfer-display-component---billingWorkbench--smartFilterBar-btnBasicSearch\")]"}
COMMAND: POST /session/19c5ed65dbd52b03c8c783813379e291/elements - {"using":"xpath","value":"//input[contains(@id ,\"application-billingtransfer-display-component---billingWorkbench--smartFilterBar-btnBasicSearch\")]"}
RESULT: {"using":"xpath","value":"//input[contains(@id ,\"application-billingtransfer-display-component---billingWorkbench--smartFilterBar-btnBasicSearch\")]"}
COMMAND: POST /session/19c5ed65dbd52b03c8c783813379e291/elements - {"using":"xpath","value":"//input[contains(@id ,\"application-billingtransfer-display-component---billingWorkbench--smartFilterBar-btnBasicSearch\")]"}
RESULT: {"using":"xpath","value":"//input[contains(@id ,\"application-billingtransfer-display-component---billingWorkbench--smartFilterBar-btnBasicSearch\")]"}
COMMAND: POST /session/19c5ed65dbd52b03c8c783813379e291/elements - {"using":"xpath","value":"//input[contains(@id ,\"application-billingtransfer-display-component---billingWorkbench--smartFilterBar-btnBasicSearch\")]"}
RESULT: {"using":"xpath","value":"//input[contains(@id ,\"application-billingtransfer-display-component---billingWorkbench--smartFilterBar-btnBasicSearch\")]"}
COMMAND: POST /session/19c5ed65dbd52b03c8c783813379e291/elements - {"using":"xpath","value":"//input[contains(@id ,\"application-billingtransfer-display-component---billingWorkbench--smartFilterBar-btnBasicSearch\")]"}
RESULT: {"using":"xpath","value":"//input[contains(@id ,\"application-billingtransfer-display-component---billingWorkbench--smartFilterBar-btnBasicSearch\")]"}
COMMAND: POST /session/19c5ed65dbd52b03c8c783813379e291/elements - {"using":"xpath","value":"//input[contains(@id ,\"application-billingtransfer-display-component---billingWorkbench--smartFilterBar-btnBasicSearch\")]"}
RESULT: {"using":"xpath","value":"//input[contains(@id ,\"application-billingtransfer-display-component---billingWorkbench--smartFilterBar-btnBasicSearch\")]"}
COMMAND: POST /session/19c5ed65dbd52b03c8c783813379e291/elements - {"using":"xpath","value":"//input[contains(@id ,\"application-billingtransfer-display-component---billingWorkbench--smartFilterBar-btnBasicSearch\")]"}
RESULT: {"using":"xpath","value":"//input[contains(@id ,\"application-billingtransfer-display-component---billingWorkbench--smartFilterBar-btnBasicSearch\")]"}
COMMAND: POST /session/19c5ed65dbd52b03c8c783813379e291/elements - {"using":"xpath","value":"//input[contains(@id ,\"application-billingtransfer-display-component---billingWorkbench--smartFilterBar-btnBasicSearch\")]"}
RESULT: {"using":"xpath","value":"//input[contains(@id ,\"application-billingtransfer-display-component---billingWorkbench--smartFilterBar-btnBasicSearch\")]"}
COMMAND: POST /session/19c5ed65dbd52b03c8c783813379e291/elements - {"using":"xpath","value":"//input[contains(@id ,\"application-billingtransfer-display-component---billingWorkbench--smartFilterBar-btnBasicSearch\")]"}
RESULT: {"using":"xpath","value":"//input[contains(@id ,\"application-billingtransfer-display-component---billingWorkbench--smartFilterBar-btnBasicSearch\")]"}
COMMAND: POST /session/19c5ed65dbd52b03c8c783813379e291/elements - {"using":"xpath","value":"//input[contains(@id ,\"application-billingtransfer-display-component---billingWorkbench--smartFilterBar-btnBasicSearch\")]"}
RESULT: {"using":"xpath","value":"//input[contains(@id ,\"application-billingtransfer-display-component---billingWorkbench--smartFilterBar-btnBasicSearch\")]"}
COMMAND: POST /session/19c5ed65dbd52b03c8c783813379e291/elements - {"using":"xpath","value":"//input[contains(@id ,\"application-billingtransfer-display-component---billingWorkbench--smartFilterBar-btnBasicSearch\")]"}
RESULT: {"using":"xpath","value":"//input[contains(@id ,\"application-billingtransfer-display-component---billingWorkbench--smartFilterBar-btnBasicSearch\")]"}
COMMAND: POST /session/19c5ed65dbd52b03c8c783813379e291/elements - {"using":"xpath","value":"//input[contains(@id ,\"application-billingtransfer-display-component---billingWorkbench--smartFilterBar-btnBasicSearch\")]"}
RESULT: {"using":"xpath","value":"//input[contains(@id ,\"application-billingtransfer-display-component---billingWorkbench--smartFilterBar-btnBasicSearch\")]"}
COMMAND: POST /session/19c5ed65dbd52b03c8c783813379e291/elements - {"using":"xpath","value":"//input[contains(@id ,\"application-billingtransfer-display-component---billingWorkbench--smartFilterBar-btnBasicSearch\")]"}
RESULT: {"using":"xpath","value":"//input[contains(@id ,\"application-billingtransfer-display-component---billingWorkbench--smartFilterBar-btnBasicSearch\")]"}
COMMAND: POST /session/19c5ed65dbd52b03c8c783813379e291/elements - {"using":"xpath","value":"//input[contains(@id ,\"application-billingtransfer-display-component---billingWorkbench--smartFilterBar-btnBasicSearch\")]"}
RESULT: {"using":"xpath","value":"//input[contains(@id ,\"application-billingtransfer-display-component---billingWorkbench--smartFilterBar-btnBasicSearch\")]"}
COMMAND: POST /session/19c5ed65dbd52b03c8c783813379e291/elements - {"using":"xpath","value":"//input[contains(@id ,\"application-billingtransfer-display-component---billingWorkbench--smartFilterBar-btnBasicSearch\")]"}
RESULT: {"using":"xpath","value":"//input[contains(@id ,\"application-billingtransfer-display-component---billingWorkbench--smartFilterBar-btnBasicSearch\")]"}
COMMAND: POST /session/19c5ed65dbd52b03c8c783813379e291/elements - {"using":"xpath","value":"//input[contains(@id ,\"application-billingtransfer-display-component---billingWorkbench--smartFilterBar-btnBasicSearch\")]"}
RESULT: {"using":"xpath","value":"//input[contains(@id ,\"application-billingtransfer-display-component---billingWorkbench--smartFilterBar-btnBasicSearch\")]"}
COMMAND: POST /session/19c5ed65dbd52b03c8c783813379e291/elements - {"using":"xpath","value":"//input[contains(@id ,\"application-billingtransfer-display-component---billingWorkbench--smartFilterBar-btnBasicSearch\")]"}
RESULT: {"using":"xpath","value":"//input[contains(@id ,\"application-billingtransfer-display-component---billingWorkbench--smartFilterBar-btnBasicSearch\")]"}
COMMAND: POST /session/19c5ed65dbd52b03c8c783813379e291/elements - {"using":"xpath","value":"//input[contains(@id ,\"application-billingtransfer-display-component---billingWorkbench--smartFilterBar-btnBasicSearch\")]"}
RESULT: {"using":"xpath","value":"//input[contains(@id ,\"application-billingtransfer-display-component---billingWorkbench--smartFilterBar-btnBasicSearch\")]"}
COMMAND: POST /session/19c5ed65dbd52b03c8c783813379e291/elements - {"using":"xpath","value":"//input[contains(@id ,\"application-billingtransfer-display-component---billingWorkbench--smartFilterBar-btnBasicSearch\")]"}
RESULT: {"using":"xpath","value":"//input[contains(@id ,\"application-billingtransfer-display-component---billingWorkbench--smartFilterBar-btnBasicSearch\")]"}
COMMAND: POST /session/19c5ed65dbd52b03c8c783813379e291/elements - {"using":"xpath","value":"//input[contains(@id ,\"application-billingtransfer-display-component---billingWorkbench--smartFilterBar-btnBasicSearch\")]"}
RESULT: {"using":"xpath","value":"//input[contains(@id ,\"application-billingtransfer-display-component---billingWorkbench--smartFilterBar-btnBasicSearch\")]"}
COMMAND: POST /session/19c5ed65dbd52b03c8c783813379e291/elements - {"using":"xpath","value":"//input[contains(@id ,\"application-billingtransfer-display-component---billingWorkbench--smartFilterBar-btnBasicSearch\")]"}
RESULT: {"using":"xpath","value":"//input[contains(@id ,\"application-billingtransfer-display-component---billingWorkbench--smartFilterBar-btnBasicSearch\")]"}
COMMAND: POST /session/19c5ed65dbd52b03c8c783813379e291/elements - {"using":"xpath","value":"//input[contains(@id ,\"application-billingtransfer-display-component---billingWorkbench--smartFilterBar-btnBasicSearch\")]"}
RESULT: {"using":"xpath","value":"//input[contains(@id ,\"application-billingtransfer-display-component---billingWorkbench--smartFilterBar-btnBasicSearch\")]"}
COMMAND: POST /session/19c5ed65dbd52b03c8c783813379e291/elements - {"using":"xpath","value":"//input[contains(@id ,\"application-billingtransfer-display-component---billingWorkbench--smartFilterBar-btnBasicSearch\")]"}
RESULT: {"using":"xpath","value":"//input[contains(@id ,\"application-billingtransfer-display-component---billingWorkbench--smartFilterBar-btnBasicSearch\")]"}
COMMAND: POST /session/19c5ed65dbd52b03c8c783813379e291/elements - {"using":"xpath","value":"//input[contains(@id ,\"application-billingtransfer-display-component---billingWorkbench--smartFilterBar-btnBasicSearch\")]"}
RESULT: {"using":"xpath","value":"//input[contains(@id ,\"application-billingtransfer-display-component---billingWorkbench--smartFilterBar-btnBasicSearch\")]"}
COMMAND: POST /session/19c5ed65dbd52b03c8c783813379e291/elements - {"using":"xpath","value":"//input[contains(@id ,\"application-billingtransfer-display-component---billingWorkbench--smartFilterBar-btnBasicSearch\")]"}
RESULT: {"using":"xpath","value":"//input[contains(@id ,\"application-billingtransfer-display-component---billingWorkbench--smartFilterBar-btnBasicSearch\")]"}
COMMAND: POST /session/19c5ed65dbd52b03c8c783813379e291/elements - {"using":"xpath","value":"//input[contains(@id ,\"application-billingtransfer-display-component---billingWorkbench--smartFilterBar-btnBasicSearch\")]"}
RESULT: {"using":"xpath","value":"//input[contains(@id ,\"application-billingtransfer-display-component---billingWorkbench--smartFilterBar-btnBasicSearch\")]"}
COMMAND: POST /session/19c5ed65dbd52b03c8c783813379e291/elements - {"using":"xpath","value":"//input[contains(@id ,\"application-billingtransfer-display-component---billingWorkbench--smartFilterBar-btnBasicSearch\")]"}
RESULT: {"using":"xpath","value":"//input[contains(@id ,\"application-billingtransfer-display-component---billingWorkbench--smartFilterBar-btnBasicSearch\")]"}
COMMAND: POST /session/19c5ed65dbd52b03c8c783813379e291/elements - {"using":"xpath","value":"//input[contains(@id ,\"application-billingtransfer-display-component---billingWorkbench--smartFilterBar-btnBasicSearch\")]"}
RESULT: {"using":"xpath","value":"//input[contains(@id ,\"application-billingtransfer-display-component---billingWorkbench--smartFilterBar-btnBasicSearch\")]"}
COMMAND: POST /session/19c5ed65dbd52b03c8c783813379e291/elements - {"using":"xpath","value":"//input[contains(@id ,\"application-billingtransfer-display-component---billingWorkbench--smartFilterBar-btnBasicSearch\")]"}
RESULT: {"using":"xpath","value":"//input[contains(@id ,\"application-billingtransfer-display-component---billingWorkbench--smartFilterBar-btnBasicSearch\")]"}
COMMAND: POST /session/19c5ed65dbd52b03c8c783813379e291/elements - {"using":"xpath","value":"//input[contains(@id ,\"application-billingtransfer-display-component---billingWorkbench--smartFilterBar-btnBasicSearch\")]"}
RESULT: {"using":"xpath","value":"//input[contains(@id ,\"application-billingtransfer-display-component---billingWorkbench--smartFilterBar-btnBasicSearch\")]"}
COMMAND: POST /session/19c5ed65dbd52b03c8c783813379e291/elements - {"using":"xpath","value":"//input[contains(@id ,\"application-billingtransfer-display-component---billingWorkbench--smartFilterBar-btnBasicSearch\")]"}
RESULT: {"using":"xpath","value":"//input[contains(@id ,\"application-billingtransfer-display-component---billingWorkbench--smartFilterBar-btnBasicSearch\")]"}
COMMAND: POST /session/19c5ed65dbd52b03c8c783813379e291/elements - {"using":"xpath","value":"//input[contains(@id ,\"application-billingtransfer-display-component---billingWorkbench--smartFilterBar-btnBasicSearch\")]"}
RESULT: {"using":"xpath","value":"//input[contains(@id ,\"application-billingtransfer-display-component---billingWorkbench--smartFilterBar-btnBasicSearch\")]"}
COMMAND: POST /session/19c5ed65dbd52b03c8c783813379e291/elements - {"using":"xpath","value":"//input[contains(@id ,\"application-billingtransfer-display-component---billingWorkbench--smartFilterBar-btnBasicSearch\")]"}
RESULT: {"using":"xpath","value":"//input[contains(@id ,\"application-billingtransfer-display-component---billingWorkbench--smartFilterBar-btnBasicSearch\")]"}
COMMAND: POST /session/19c5ed65dbd52b03c8c783813379e291/elements - {"using":"xpath","value":"//input[contains(@id ,\"application-billingtransfer-display-component---billingWorkbench--smartFilterBar-btnBasicSearch\")]"}
RESULT: {"using":"xpath","value":"//input[contains(@id ,\"application-billingtransfer-display-component---billingWorkbench--smartFilterBar-btnBasicSearch\")]"}
COMMAND: POST /session/19c5ed65dbd52b03c8c783813379e291/elements - {"using":"xpath","value":"//input[contains(@id ,\"application-billingtransfer-display-component---billingWorkbench--smartFilterBar-btnBasicSearch\")]"}
RESULT: {"using":"xpath","value":"//input[contains(@id ,\"application-billingtransfer-display-component---billingWorkbench--smartFilterBar-btnBasicSearch\")]"}
COMMAND: POST /session/19c5ed65dbd52b03c8c783813379e291/elements - {"using":"xpath","value":"//input[contains(@id ,\"application-billingtransfer-display-component---billingWorkbench--smartFilterBar-btnBasicSearch\")]"}
RESULT: {"using":"xpath","value":"//input[contains(@id ,\"application-billingtransfer-display-component---billingWorkbench--smartFilterBar-btnBasicSearch\")]"}
COMMAND: POST /session/19c5ed65dbd52b03c8c783813379e291/elements - {"using":"xpath","value":"//input[contains(@id ,\"application-billingtransfer-display-component---billingWorkbench--smartFilterBar-btnBasicSearch\")]"}
RESULT: {"using":"xpath","value":"//input[contains(@id ,\"application-billingtransfer-display-component---billingWorkbench--smartFilterBar-btnBasicSearch\")]"}
COMMAND: POST /session/19c5ed65dbd52b03c8c783813379e291/elements - {"using":"xpath","value":"//input[contains(@id ,\"application-billingtransfer-display-component---billingWorkbench--smartFilterBar-btnBasicSearch\")]"}
RESULT: {"using":"xpath","value":"//input[contains(@id ,\"application-billingtransfer-display-component---billingWorkbench--smartFilterBar-btnBasicSearch\")]"}
COMMAND: POST /session/19c5ed65dbd52b03c8c783813379e291/elements - {"using":"xpath","value":"//input[contains(@id ,\"application-billingtransfer-display-component---billingWorkbench--smartFilterBar-btnBasicSearch\")]"}
RESULT: {"using":"xpath","value":"//input[contains(@id ,\"application-billingtransfer-display-component---billingWorkbench--smartFilterBar-btnBasicSearch\")]"}
COMMAND: POST /session/19c5ed65dbd52b03c8c783813379e291/elements - {"using":"xpath","value":"//input[contains(@id ,\"application-billingtransfer-display-component---billingWorkbench--smartFilterBar-btnBasicSearch\")]"}
RESULT: {"using":"xpath","value":"//input[contains(@id ,\"application-billingtransfer-display-component---billingWorkbench--smartFilterBar-btnBasicSearch\")]"}
COMMAND: POST /session/19c5ed65dbd52b03c8c783813379e291/elements - {"using":"xpath","value":"//input[contains(@id ,\"application-billingtransfer-display-component---billingWorkbench--smartFilterBar-btnBasicSearch\")]"}
RESULT: {"using":"xpath","value":"//input[contains(@id ,\"application-billingtransfer-display-component---billingWorkbench--smartFilterBar-btnBasicSearch\")]"}
COMMAND: POST /session/19c5ed65dbd52b03c8c783813379e291/elements - {"using":"xpath","value":"//input[contains(@id ,\"application-billingtransfer-display-component---billingWorkbench--smartFilterBar-btnBasicSearch\")]"}
RESULT: {"using":"xpath","value":"//input[contains(@id ,\"application-billingtransfer-display-component---billingWorkbench--smartFilterBar-btnBasicSearch\")]"}
COMMAND: POST /session/19c5ed65dbd52b03c8c783813379e291/elements - {"using":"xpath","value":"//input[contains(@id ,\"application-billingtransfer-display-component---billingWorkbench--smartFilterBar-btnBasicSearch\")]"}
RESULT: {"using":"xpath","value":"//input[contains(@id ,\"application-billingtransfer-display-component---billingWorkbench--smartFilterBar-btnBasicSearch\")]"}
COMMAND: POST /session/19c5ed65dbd52b03c8c783813379e291/elements - {"using":"xpath","value":"//input[contains(@id ,\"application-billingtransfer-display-component---billingWorkbench--smartFilterBar-btnBasicSearch\")]"}
RESULT: {"using":"xpath","value":"//input[contains(@id ,\"application-billingtransfer-display-component---billingWorkbench--smartFilterBar-btnBasicSearch\")]"}
COMMAND: POST /session/19c5ed65dbd52b03c8c783813379e291/elements - {"using":"xpath","value":"//input[contains(@id ,\"application-billingtransfer-display-component---billingWorkbench--smartFilterBar-btnBasicSearch\")]"}
RESULT: {"using":"xpath","value":"//input[contains(@id ,\"application-billingtransfer-display-component---billingWorkbench--smartFilterBar-btnBasicSearch\")]"}
COMMAND: POST /session/19c5ed65dbd52b03c8c783813379e291/elements - {"using":"xpath","value":"//input[contains(@id ,\"application-billingtransfer-display-component---billingWorkbench--smartFilterBar-btnBasicSearch\")]"}
RESULT: {"using":"xpath","value":"//input[contains(@id ,\"application-billingtransfer-display-component---billingWorkbench--smartFilterBar-btnBasicSearch\")]"}
COMMAND: POST /session/19c5ed65dbd52b03c8c783813379e291/elements - {"using":"xpath","value":"//input[contains(@id ,\"application-billingtransfer-display-component---billingWorkbench--smartFilterBar-btnBasicSearch\")]"}
RESULT: {"using":"xpath","value":"//input[contains(@id ,\"application-billingtransfer-display-component---billingWorkbench--smartFilterBar-btnBasicSearch\")]"}
COMMAND: POST /session/19c5ed65dbd52b03c8c783813379e291/elements - {"using":"xpath","value":"//input[contains(@id ,\"application-billingtransfer-display-component---billingWorkbench--smartFilterBar-btnBasicSearch\")]"}
RESULT: {"using":"xpath","value":"//input[contains(@id ,\"application-billingtransfer-display-component---billingWorkbench--smartFilterBar-btnBasicSearch\")]"}
COMMAND: POST /session/19c5ed65dbd52b03c8c783813379e291/elements - {"using":"xpath","value":"//input[contains(@id ,\"application-billingtransfer-display-component---billingWorkbench--smartFilterBar-btnBasicSearch\")]"}
RESULT: {"using":"xpath","value":"//input[contains(@id ,\"application-billingtransfer-display-component---billingWorkbench--smartFilterBar-btnBasicSearch\")]"}
COMMAND: POST /session/19c5ed65dbd52b03c8c783813379e291/elements - {"using":"xpath","value":"//input[contains(@id ,\"application-billingtransfer-display-component---billingWorkbench--smartFilterBar-btnBasicSearch\")]"}
RESULT: {"using":"xpath","value":"//input[contains(@id ,\"application-billingtransfer-display-component---billingWorkbench--smartFilterBar-btnBasicSearch\")]"}
COMMAND: POST /session/19c5ed65dbd52b03c8c783813379e291/elements - {"using":"xpath","value":"//input[contains(@id ,\"application-billingtransfer-display-component---billingWorkbench--smartFilterBar-btnBasicSearch\")]"}
RESULT: {"using":"xpath","value":"//input[contains(@id ,\"application-billingtransfer-display-component---billingWorkbench--smartFilterBar-btnBasicSearch\")]"}
COMMAND: POST /session/19c5ed65dbd52b03c8c783813379e291/elements - {"using":"xpath","value":"//input[contains(@id ,\"application-billingtransfer-display-component---billingWorkbench--smartFilterBar-btnBasicSearch\")]"}
RESULT: {"using":"xpath","value":"//input[contains(@id ,\"application-billingtransfer-display-component---billingWorkbench--smartFilterBar-btnBasicSearch\")]"}
COMMAND: POST /session/19c5ed65dbd52b03c8c783813379e291/elements - {"using":"xpath","value":"//input[contains(@id ,\"application-billingtransfer-display-component---billingWorkbench--smartFilterBar-btnBasicSearch\")]"}
RESULT: {"using":"xpath","value":"//input[contains(@id ,\"application-billingtransfer-display-component---billingWorkbench--smartFilterBar-btnBasicSearch\")]"}
COMMAND: POST /session/19c5ed65dbd52b03c8c783813379e291/elements - {"using":"xpath","value":"//input[contains(@id ,\"application-billingtransfer-display-component---billingWorkbench--smartFilterBar-btnBasicSearch\")]"}
RESULT: {"using":"xpath","value":"//input[contains(@id ,\"application-billingtransfer-display-component---billingWorkbench--smartFilterBar-btnBasicSearch\")]"}
COMMAND: POST /session/19c5ed65dbd52b03c8c783813379e291/elements - {"using":"xpath","value":"//input[contains(@id ,\"application-billingtransfer-display-component---billingWorkbench--smartFilterBar-btnBasicSearch\")]"}
RESULT: {"using":"xpath","value":"//input[contains(@id ,\"application-billingtransfer-display-component---billingWorkbench--smartFilterBar-btnBasicSearch\")]"}
COMMAND: POST /session/19c5ed65dbd52b03c8c783813379e291/elements - {"using":"xpath","value":"//input[contains(@id ,\"application-billingtransfer-display-component---billingWorkbench--smartFilterBar-btnBasicSearch\")]"}
RESULT: {"using":"xpath","value":"//input[contains(@id ,\"application-billingtransfer-display-component---billingWorkbench--smartFilterBar-btnBasicSearch\")]"}
COMMAND: POST /session/19c5ed65dbd52b03c8c783813379e291/elements - {"using":"xpath","value":"//input[contains(@id ,\"application-billingtransfer-display-component---billingWorkbench--smartFilterBar-btnBasicSearch\")]"}
RESULT: {"using":"xpath","value":"//input[contains(@id ,\"application-billingtransfer-display-component---billingWorkbench--smartFilterBar-btnBasicSearch\")]"}
COMMAND: GET /session/19c5ed65dbd52b03c8c783813379e291/screenshot - {}
RESULT: {}
]]></system-out>
      <system-err><![CDATA[
Error: element ("//input[contains(@id ,"application-billingtransfer-display-component---billingWorkbench--smartFilterBar-btnBasicSearch")]") still not existing after 45000ms
    at async UtilsPrerequisites.narrowDownSearchBT (D:\a\1\s\test\specs\BTS\prerequisites-and-utils-functions.js:2882:9)
    at async UtilsPrerequisites.billingTransfer (D:\a\1\s\test\specs\BTS\prerequisites-and-utils-functions.js:2807:9)
    at async Context.<anonymous> (D:\a\1\s\test\specs\BTS\billing-calculation-transp-times.spec.js:150:9)
]]></system-err>
    </testcase>
    <testcase classname="chrome.136_0_7103_93.windows.Billing_Calculation_-_Time_based_(considering_transport_times)_US139738" name="Should navigate to the contract item check the billed until field value" time="59.832">
      <failure/>
      <error message="element (&quot;//button[@data-kt=&quot;addButton&quot;]&quot;) still not existing after 45000ms"/>
      <system-out><![CDATA[
COMMAND: GET /session/19c5ed65dbd52b03c8c783813379e291/screenshot - {}
RESULT: undefined
RESULT: {}
COMMAND: POST /session/19c5ed65dbd52b03c8c783813379e291/elements - {"using":"xpath","value":"//span[text()='Error']"}
RESULT: {"using":"xpath","value":"//span[text()='Error']"}
COMMAND: POST /session/19c5ed65dbd52b03c8c783813379e291/element - {"using":"xpath","value":"//button[@data-kt=\"addButton\"]"}
RESULT: {"using":"xpath","value":"//button[@data-kt=\"addButton\"]"}
COMMAND: POST /session/19c5ed65dbd52b03c8c783813379e291/elements - {"using":"xpath","value":"//button[@data-kt=\"addButton\"]"}
RESULT: {"using":"xpath","value":"//button[@data-kt=\"addButton\"]"}
COMMAND: POST /session/19c5ed65dbd52b03c8c783813379e291/elements - {"using":"xpath","value":"//button[@data-kt=\"addButton\"]"}
RESULT: {"using":"xpath","value":"//button[@data-kt=\"addButton\"]"}
COMMAND: POST /session/19c5ed65dbd52b03c8c783813379e291/elements - {"using":"xpath","value":"//button[@data-kt=\"addButton\"]"}
RESULT: {"using":"xpath","value":"//button[@data-kt=\"addButton\"]"}
COMMAND: POST /session/19c5ed65dbd52b03c8c783813379e291/elements - {"using":"xpath","value":"//button[@data-kt=\"addButton\"]"}
RESULT: {"using":"xpath","value":"//button[@data-kt=\"addButton\"]"}
COMMAND: POST /session/19c5ed65dbd52b03c8c783813379e291/elements - {"using":"xpath","value":"//button[@data-kt=\"addButton\"]"}
RESULT: {"using":"xpath","value":"//button[@data-kt=\"addButton\"]"}
COMMAND: POST /session/19c5ed65dbd52b03c8c783813379e291/elements - {"using":"xpath","value":"//button[@data-kt=\"addButton\"]"}
RESULT: {"using":"xpath","value":"//button[@data-kt=\"addButton\"]"}
COMMAND: POST /session/19c5ed65dbd52b03c8c783813379e291/elements - {"using":"xpath","value":"//button[@data-kt=\"addButton\"]"}
RESULT: {"using":"xpath","value":"//button[@data-kt=\"addButton\"]"}
COMMAND: POST /session/19c5ed65dbd52b03c8c783813379e291/elements - {"using":"xpath","value":"//button[@data-kt=\"addButton\"]"}
RESULT: {"using":"xpath","value":"//button[@data-kt=\"addButton\"]"}
COMMAND: POST /session/19c5ed65dbd52b03c8c783813379e291/elements - {"using":"xpath","value":"//button[@data-kt=\"addButton\"]"}
RESULT: {"using":"xpath","value":"//button[@data-kt=\"addButton\"]"}
COMMAND: POST /session/19c5ed65dbd52b03c8c783813379e291/elements - {"using":"xpath","value":"//button[@data-kt=\"addButton\"]"}
RESULT: {"using":"xpath","value":"//button[@data-kt=\"addButton\"]"}
COMMAND: POST /session/19c5ed65dbd52b03c8c783813379e291/elements - {"using":"xpath","value":"//button[@data-kt=\"addButton\"]"}
RESULT: {"using":"xpath","value":"//button[@data-kt=\"addButton\"]"}
COMMAND: POST /session/19c5ed65dbd52b03c8c783813379e291/elements - {"using":"xpath","value":"//button[@data-kt=\"addButton\"]"}
RESULT: {"using":"xpath","value":"//button[@data-kt=\"addButton\"]"}
COMMAND: POST /session/19c5ed65dbd52b03c8c783813379e291/elements - {"using":"xpath","value":"//button[@data-kt=\"addButton\"]"}
RESULT: {"using":"xpath","value":"//button[@data-kt=\"addButton\"]"}
COMMAND: POST /session/19c5ed65dbd52b03c8c783813379e291/elements - {"using":"xpath","value":"//button[@data-kt=\"addButton\"]"}
RESULT: {"using":"xpath","value":"//button[@data-kt=\"addButton\"]"}
COMMAND: POST /session/19c5ed65dbd52b03c8c783813379e291/elements - {"using":"xpath","value":"//button[@data-kt=\"addButton\"]"}
RESULT: {"using":"xpath","value":"//button[@data-kt=\"addButton\"]"}
COMMAND: POST /session/19c5ed65dbd52b03c8c783813379e291/elements - {"using":"xpath","value":"//button[@data-kt=\"addButton\"]"}
RESULT: {"using":"xpath","value":"//button[@data-kt=\"addButton\"]"}
COMMAND: POST /session/19c5ed65dbd52b03c8c783813379e291/elements - {"using":"xpath","value":"//button[@data-kt=\"addButton\"]"}
RESULT: {"using":"xpath","value":"//button[@data-kt=\"addButton\"]"}
COMMAND: POST /session/19c5ed65dbd52b03c8c783813379e291/elements - {"using":"xpath","value":"//button[@data-kt=\"addButton\"]"}
RESULT: {"using":"xpath","value":"//button[@data-kt=\"addButton\"]"}
COMMAND: POST /session/19c5ed65dbd52b03c8c783813379e291/elements - {"using":"xpath","value":"//button[@data-kt=\"addButton\"]"}
RESULT: {"using":"xpath","value":"//button[@data-kt=\"addButton\"]"}
COMMAND: POST /session/19c5ed65dbd52b03c8c783813379e291/elements - {"using":"xpath","value":"//button[@data-kt=\"addButton\"]"}
RESULT: {"using":"xpath","value":"//button[@data-kt=\"addButton\"]"}
COMMAND: POST /session/19c5ed65dbd52b03c8c783813379e291/elements - {"using":"xpath","value":"//button[@data-kt=\"addButton\"]"}
RESULT: {"using":"xpath","value":"//button[@data-kt=\"addButton\"]"}
COMMAND: POST /session/19c5ed65dbd52b03c8c783813379e291/elements - {"using":"xpath","value":"//button[@data-kt=\"addButton\"]"}
RESULT: {"using":"xpath","value":"//button[@data-kt=\"addButton\"]"}
COMMAND: POST /session/19c5ed65dbd52b03c8c783813379e291/elements - {"using":"xpath","value":"//button[@data-kt=\"addButton\"]"}
RESULT: {"using":"xpath","value":"//button[@data-kt=\"addButton\"]"}
COMMAND: POST /session/19c5ed65dbd52b03c8c783813379e291/elements - {"using":"xpath","value":"//button[@data-kt=\"addButton\"]"}
RESULT: {"using":"xpath","value":"//button[@data-kt=\"addButton\"]"}
COMMAND: POST /session/19c5ed65dbd52b03c8c783813379e291/elements - {"using":"xpath","value":"//button[@data-kt=\"addButton\"]"}
RESULT: {"using":"xpath","value":"//button[@data-kt=\"addButton\"]"}
COMMAND: POST /session/19c5ed65dbd52b03c8c783813379e291/elements - {"using":"xpath","value":"//button[@data-kt=\"addButton\"]"}
RESULT: {"using":"xpath","value":"//button[@data-kt=\"addButton\"]"}
COMMAND: POST /session/19c5ed65dbd52b03c8c783813379e291/elements - {"using":"xpath","value":"//button[@data-kt=\"addButton\"]"}
RESULT: {"using":"xpath","value":"//button[@data-kt=\"addButton\"]"}
COMMAND: POST /session/19c5ed65dbd52b03c8c783813379e291/elements - {"using":"xpath","value":"//button[@data-kt=\"addButton\"]"}
RESULT: {"using":"xpath","value":"//button[@data-kt=\"addButton\"]"}
COMMAND: POST /session/19c5ed65dbd52b03c8c783813379e291/elements - {"using":"xpath","value":"//button[@data-kt=\"addButton\"]"}
RESULT: {"using":"xpath","value":"//button[@data-kt=\"addButton\"]"}
COMMAND: POST /session/19c5ed65dbd52b03c8c783813379e291/elements - {"using":"xpath","value":"//button[@data-kt=\"addButton\"]"}
RESULT: {"using":"xpath","value":"//button[@data-kt=\"addButton\"]"}
COMMAND: POST /session/19c5ed65dbd52b03c8c783813379e291/elements - {"using":"xpath","value":"//button[@data-kt=\"addButton\"]"}
RESULT: {"using":"xpath","value":"//button[@data-kt=\"addButton\"]"}
COMMAND: POST /session/19c5ed65dbd52b03c8c783813379e291/elements - {"using":"xpath","value":"//button[@data-kt=\"addButton\"]"}
RESULT: {"using":"xpath","value":"//button[@data-kt=\"addButton\"]"}
COMMAND: POST /session/19c5ed65dbd52b03c8c783813379e291/elements - {"using":"xpath","value":"//button[@data-kt=\"addButton\"]"}
RESULT: {"using":"xpath","value":"//button[@data-kt=\"addButton\"]"}
COMMAND: POST /session/19c5ed65dbd52b03c8c783813379e291/elements - {"using":"xpath","value":"//button[@data-kt=\"addButton\"]"}
RESULT: {"using":"xpath","value":"//button[@data-kt=\"addButton\"]"}
COMMAND: POST /session/19c5ed65dbd52b03c8c783813379e291/elements - {"using":"xpath","value":"//button[@data-kt=\"addButton\"]"}
RESULT: {"using":"xpath","value":"//button[@data-kt=\"addButton\"]"}
COMMAND: POST /session/19c5ed65dbd52b03c8c783813379e291/elements - {"using":"xpath","value":"//button[@data-kt=\"addButton\"]"}
RESULT: {"using":"xpath","value":"//button[@data-kt=\"addButton\"]"}
COMMAND: POST /session/19c5ed65dbd52b03c8c783813379e291/elements - {"using":"xpath","value":"//button[@data-kt=\"addButton\"]"}
RESULT: {"using":"xpath","value":"//button[@data-kt=\"addButton\"]"}
COMMAND: POST /session/19c5ed65dbd52b03c8c783813379e291/elements - {"using":"xpath","value":"//button[@data-kt=\"addButton\"]"}
RESULT: {"using":"xpath","value":"//button[@data-kt=\"addButton\"]"}
COMMAND: POST /session/19c5ed65dbd52b03c8c783813379e291/elements - {"using":"xpath","value":"//button[@data-kt=\"addButton\"]"}
RESULT: {"using":"xpath","value":"//button[@data-kt=\"addButton\"]"}
COMMAND: POST /session/19c5ed65dbd52b03c8c783813379e291/elements - {"using":"xpath","value":"//button[@data-kt=\"addButton\"]"}
RESULT: {"using":"xpath","value":"//button[@data-kt=\"addButton\"]"}
COMMAND: POST /session/19c5ed65dbd52b03c8c783813379e291/elements - {"using":"xpath","value":"//button[@data-kt=\"addButton\"]"}
RESULT: {"using":"xpath","value":"//button[@data-kt=\"addButton\"]"}
COMMAND: POST /session/19c5ed65dbd52b03c8c783813379e291/elements - {"using":"xpath","value":"//button[@data-kt=\"addButton\"]"}
RESULT: {"using":"xpath","value":"//button[@data-kt=\"addButton\"]"}
COMMAND: POST /session/19c5ed65dbd52b03c8c783813379e291/elements - {"using":"xpath","value":"//button[@data-kt=\"addButton\"]"}
RESULT: {"using":"xpath","value":"//button[@data-kt=\"addButton\"]"}
COMMAND: POST /session/19c5ed65dbd52b03c8c783813379e291/elements - {"using":"xpath","value":"//button[@data-kt=\"addButton\"]"}
RESULT: {"using":"xpath","value":"//button[@data-kt=\"addButton\"]"}
COMMAND: POST /session/19c5ed65dbd52b03c8c783813379e291/elements - {"using":"xpath","value":"//button[@data-kt=\"addButton\"]"}
RESULT: {"using":"xpath","value":"//button[@data-kt=\"addButton\"]"}
COMMAND: POST /session/19c5ed65dbd52b03c8c783813379e291/elements - {"using":"xpath","value":"//button[@data-kt=\"addButton\"]"}
RESULT: {"using":"xpath","value":"//button[@data-kt=\"addButton\"]"}
COMMAND: POST /session/19c5ed65dbd52b03c8c783813379e291/elements - {"using":"xpath","value":"//button[@data-kt=\"addButton\"]"}
RESULT: {"using":"xpath","value":"//button[@data-kt=\"addButton\"]"}
COMMAND: POST /session/19c5ed65dbd52b03c8c783813379e291/elements - {"using":"xpath","value":"//button[@data-kt=\"addButton\"]"}
RESULT: {"using":"xpath","value":"//button[@data-kt=\"addButton\"]"}
COMMAND: POST /session/19c5ed65dbd52b03c8c783813379e291/elements - {"using":"xpath","value":"//button[@data-kt=\"addButton\"]"}
RESULT: {"using":"xpath","value":"//button[@data-kt=\"addButton\"]"}
COMMAND: POST /session/19c5ed65dbd52b03c8c783813379e291/elements - {"using":"xpath","value":"//button[@data-kt=\"addButton\"]"}
RESULT: {"using":"xpath","value":"//button[@data-kt=\"addButton\"]"}
COMMAND: POST /session/19c5ed65dbd52b03c8c783813379e291/elements - {"using":"xpath","value":"//button[@data-kt=\"addButton\"]"}
RESULT: {"using":"xpath","value":"//button[@data-kt=\"addButton\"]"}
COMMAND: POST /session/19c5ed65dbd52b03c8c783813379e291/elements - {"using":"xpath","value":"//button[@data-kt=\"addButton\"]"}
RESULT: {"using":"xpath","value":"//button[@data-kt=\"addButton\"]"}
COMMAND: POST /session/19c5ed65dbd52b03c8c783813379e291/elements - {"using":"xpath","value":"//button[@data-kt=\"addButton\"]"}
RESULT: {"using":"xpath","value":"//button[@data-kt=\"addButton\"]"}
COMMAND: POST /session/19c5ed65dbd52b03c8c783813379e291/elements - {"using":"xpath","value":"//button[@data-kt=\"addButton\"]"}
RESULT: {"using":"xpath","value":"//button[@data-kt=\"addButton\"]"}
COMMAND: POST /session/19c5ed65dbd52b03c8c783813379e291/elements - {"using":"xpath","value":"//button[@data-kt=\"addButton\"]"}
RESULT: {"using":"xpath","value":"//button[@data-kt=\"addButton\"]"}
COMMAND: POST /session/19c5ed65dbd52b03c8c783813379e291/elements - {"using":"xpath","value":"//button[@data-kt=\"addButton\"]"}
RESULT: {"using":"xpath","value":"//button[@data-kt=\"addButton\"]"}
COMMAND: POST /session/19c5ed65dbd52b03c8c783813379e291/elements - {"using":"xpath","value":"//button[@data-kt=\"addButton\"]"}
RESULT: {"using":"xpath","value":"//button[@data-kt=\"addButton\"]"}
COMMAND: POST /session/19c5ed65dbd52b03c8c783813379e291/elements - {"using":"xpath","value":"//button[@data-kt=\"addButton\"]"}
RESULT: {"using":"xpath","value":"//button[@data-kt=\"addButton\"]"}
COMMAND: POST /session/19c5ed65dbd52b03c8c783813379e291/elements - {"using":"xpath","value":"//button[@data-kt=\"addButton\"]"}
RESULT: {"using":"xpath","value":"//button[@data-kt=\"addButton\"]"}
COMMAND: POST /session/19c5ed65dbd52b03c8c783813379e291/elements - {"using":"xpath","value":"//button[@data-kt=\"addButton\"]"}
RESULT: {"using":"xpath","value":"//button[@data-kt=\"addButton\"]"}
COMMAND: POST /session/19c5ed65dbd52b03c8c783813379e291/elements - {"using":"xpath","value":"//button[@data-kt=\"addButton\"]"}
RESULT: {"using":"xpath","value":"//button[@data-kt=\"addButton\"]"}
COMMAND: POST /session/19c5ed65dbd52b03c8c783813379e291/elements - {"using":"xpath","value":"//button[@data-kt=\"addButton\"]"}
RESULT: {"using":"xpath","value":"//button[@data-kt=\"addButton\"]"}
COMMAND: POST /session/19c5ed65dbd52b03c8c783813379e291/elements - {"using":"xpath","value":"//button[@data-kt=\"addButton\"]"}
RESULT: {"using":"xpath","value":"//button[@data-kt=\"addButton\"]"}
COMMAND: POST /session/19c5ed65dbd52b03c8c783813379e291/elements - {"using":"xpath","value":"//button[@data-kt=\"addButton\"]"}
RESULT: {"using":"xpath","value":"//button[@data-kt=\"addButton\"]"}
COMMAND: POST /session/19c5ed65dbd52b03c8c783813379e291/elements - {"using":"xpath","value":"//button[@data-kt=\"addButton\"]"}
RESULT: {"using":"xpath","value":"//button[@data-kt=\"addButton\"]"}
COMMAND: POST /session/19c5ed65dbd52b03c8c783813379e291/elements - {"using":"xpath","value":"//button[@data-kt=\"addButton\"]"}
RESULT: {"using":"xpath","value":"//button[@data-kt=\"addButton\"]"}
COMMAND: POST /session/19c5ed65dbd52b03c8c783813379e291/elements - {"using":"xpath","value":"//button[@data-kt=\"addButton\"]"}
RESULT: {"using":"xpath","value":"//button[@data-kt=\"addButton\"]"}
COMMAND: POST /session/19c5ed65dbd52b03c8c783813379e291/elements - {"using":"xpath","value":"//button[@data-kt=\"addButton\"]"}
RESULT: {"using":"xpath","value":"//button[@data-kt=\"addButton\"]"}
COMMAND: POST /session/19c5ed65dbd52b03c8c783813379e291/elements - {"using":"xpath","value":"//button[@data-kt=\"addButton\"]"}
RESULT: {"using":"xpath","value":"//button[@data-kt=\"addButton\"]"}
COMMAND: POST /session/19c5ed65dbd52b03c8c783813379e291/elements - {"using":"xpath","value":"//button[@data-kt=\"addButton\"]"}
RESULT: {"using":"xpath","value":"//button[@data-kt=\"addButton\"]"}
COMMAND: POST /session/19c5ed65dbd52b03c8c783813379e291/elements - {"using":"xpath","value":"//button[@data-kt=\"addButton\"]"}
RESULT: {"using":"xpath","value":"//button[@data-kt=\"addButton\"]"}
COMMAND: POST /session/19c5ed65dbd52b03c8c783813379e291/elements - {"using":"xpath","value":"//button[@data-kt=\"addButton\"]"}
RESULT: {"using":"xpath","value":"//button[@data-kt=\"addButton\"]"}
COMMAND: POST /session/19c5ed65dbd52b03c8c783813379e291/elements - {"using":"xpath","value":"//button[@data-kt=\"addButton\"]"}
RESULT: {"using":"xpath","value":"//button[@data-kt=\"addButton\"]"}
COMMAND: POST /session/19c5ed65dbd52b03c8c783813379e291/elements - {"using":"xpath","value":"//button[@data-kt=\"addButton\"]"}
RESULT: {"using":"xpath","value":"//button[@data-kt=\"addButton\"]"}
COMMAND: POST /session/19c5ed65dbd52b03c8c783813379e291/elements - {"using":"xpath","value":"//button[@data-kt=\"addButton\"]"}
RESULT: {"using":"xpath","value":"//button[@data-kt=\"addButton\"]"}
COMMAND: POST /session/19c5ed65dbd52b03c8c783813379e291/elements - {"using":"xpath","value":"//button[@data-kt=\"addButton\"]"}
RESULT: {"using":"xpath","value":"//button[@data-kt=\"addButton\"]"}
COMMAND: POST /session/19c5ed65dbd52b03c8c783813379e291/elements - {"using":"xpath","value":"//button[@data-kt=\"addButton\"]"}
RESULT: {"using":"xpath","value":"//button[@data-kt=\"addButton\"]"}
COMMAND: POST /session/19c5ed65dbd52b03c8c783813379e291/elements - {"using":"xpath","value":"//button[@data-kt=\"addButton\"]"}
RESULT: {"using":"xpath","value":"//button[@data-kt=\"addButton\"]"}
COMMAND: POST /session/19c5ed65dbd52b03c8c783813379e291/elements - {"using":"xpath","value":"//button[@data-kt=\"addButton\"]"}
RESULT: {"using":"xpath","value":"//button[@data-kt=\"addButton\"]"}
COMMAND: POST /session/19c5ed65dbd52b03c8c783813379e291/elements - {"using":"xpath","value":"//button[@data-kt=\"addButton\"]"}
RESULT: {"using":"xpath","value":"//button[@data-kt=\"addButton\"]"}
COMMAND: POST /session/19c5ed65dbd52b03c8c783813379e291/elements - {"using":"xpath","value":"//button[@data-kt=\"addButton\"]"}
RESULT: {"using":"xpath","value":"//button[@data-kt=\"addButton\"]"}
COMMAND: POST /session/19c5ed65dbd52b03c8c783813379e291/elements - {"using":"xpath","value":"//button[@data-kt=\"addButton\"]"}
RESULT: {"using":"xpath","value":"//button[@data-kt=\"addButton\"]"}
COMMAND: POST /session/19c5ed65dbd52b03c8c783813379e291/elements - {"using":"xpath","value":"//button[@data-kt=\"addButton\"]"}
RESULT: {"using":"xpath","value":"//button[@data-kt=\"addButton\"]"}
COMMAND: POST /session/19c5ed65dbd52b03c8c783813379e291/elements - {"using":"xpath","value":"//button[@data-kt=\"addButton\"]"}
RESULT: {"using":"xpath","value":"//button[@data-kt=\"addButton\"]"}
COMMAND: POST /session/19c5ed65dbd52b03c8c783813379e291/elements - {"using":"xpath","value":"//button[@data-kt=\"addButton\"]"}
RESULT: {"using":"xpath","value":"//button[@data-kt=\"addButton\"]"}
COMMAND: POST /session/19c5ed65dbd52b03c8c783813379e291/elements - {"using":"xpath","value":"//button[@data-kt=\"addButton\"]"}
RESULT: {"using":"xpath","value":"//button[@data-kt=\"addButton\"]"}
COMMAND: POST /session/19c5ed65dbd52b03c8c783813379e291/elements - {"using":"xpath","value":"//button[@data-kt=\"addButton\"]"}
RESULT: {"using":"xpath","value":"//button[@data-kt=\"addButton\"]"}
COMMAND: POST /session/19c5ed65dbd52b03c8c783813379e291/elements - {"using":"xpath","value":"//button[@data-kt=\"addButton\"]"}
RESULT: {"using":"xpath","value":"//button[@data-kt=\"addButton\"]"}
COMMAND: POST /session/19c5ed65dbd52b03c8c783813379e291/elements - {"using":"xpath","value":"//button[@data-kt=\"addButton\"]"}
RESULT: {"using":"xpath","value":"//button[@data-kt=\"addButton\"]"}
COMMAND: POST /session/19c5ed65dbd52b03c8c783813379e291/elements - {"using":"xpath","value":"//button[@data-kt=\"addButton\"]"}
RESULT: {"using":"xpath","value":"//button[@data-kt=\"addButton\"]"}
COMMAND: GET /session/19c5ed65dbd52b03c8c783813379e291/screenshot - {}
RESULT: {}
COMMAND: GET /session/19c5ed65dbd52b03c8c783813379e291/screenshot - {}
COMMAND: GET /session/19c5ed65dbd52b03c8c783813379e291/screenshot - {}
RESULT: {}
RESULT: {}
COMMAND: DELETE /session/19c5ed65dbd52b03c8c783813379e291 - {}
RESULT: {}
]]></system-out>
      <system-err><![CDATA[
Error: element ("//button[@data-kt="addButton"]") still not existing after 45000ms
    at async UtilsPrerequisites.checkBilledUntilDate (D:\a\1\s\test\specs\BTS\prerequisites-and-utils-functions.js:2343:9)
    at async Context.<anonymous> (D:\a\1\s\test\specs\BTS\billing-calculation-transp-times.spec.js:161:9)
]]></system-err>
    </testcase>
  </testsuite>
</testsuites>