<?xml version="1.0" encoding="UTF-8"?>
<testsuites tests="49" failures="0" errors="0" skipped="0">
  <testsuite timestamp="2025-05-13T07:26:09" time="1869.517" tests="49" failures="0" errors="0" skipped="0">
    <properties>
      <property name="specId" value="0" />
      <property name="suiteName" value="Sanity Tests US104253" />
      <property name="capabilities" value="chrome.136_0_7103_49.windows" />
      <property name="file" value="file:///D:/a/1/s/test/specs/General/sanity.spec.js" />
    </properties>
    <testcase classname="chrome.136_0_7103_49.windows.Sanity_Tests_US104253" name="Should open Manage Partners page" time="38.194">
      <system-out><![CDATA[
COMMAND: POST /session/9db5fffb72bab1fa72d9eaedd1b0788b/execute/async - {"script":"<script> [1562 bytes]","args":[{"selector":{"controlType":"sap.m.GenericTile","properties":{"header":"Manage Partners"}},"wdio_ui5_key":"sapm.GenericTile{\"header\":\"Manage Partners\"}"}]}
RESULT: {"script":"<script> [1562 bytes]","args":[{"selector":{"controlType":"sap.m.GenericTile","properties":{"header":"Manage Partners"}},"wdio_ui5_key":"sapm.GenericTile{\"header\":\"Manage Partners\"}"}]}
RESULT: undefined
COMMAND: POST /session/9db5fffb72bab1fa72d9eaedd1b0788b/element - {"using":"xpath","value":"//*[@id=\"__tile38\"]"}
RESULT: {"using":"xpath","value":"//*[@id=\"__tile38\"]"}
COMMAND: POST /session/9db5fffb72bab1fa72d9eaedd1b0788b/element/f.901DD928DEEE95B40F04D4ACD88F12CC.d.2A5AF83351328052000F673D0E4C944E.e.113/click - {}
RESULT: {}
COMMAND: GET /session/9db5fffb72bab1fa72d9eaedd1b0788b/screenshot - {}
RESULT: {}
COMMAND: POST /session/9db5fffb72bab1fa72d9eaedd1b0788b/elements - {"using":"xpath","value":"//span[text()='Error']"}
RESULT: {"using":"xpath","value":"//span[text()='Error']"}
RESULT: undefined
COMMAND: POST /session/9db5fffb72bab1fa72d9eaedd1b0788b/element - {"using":"xpath","value":"//*[@id=\"__tile38\"]"}
RESULT: {"using":"xpath","value":"//*[@id=\"__tile38\"]"}
COMMAND: POST /session/9db5fffb72bab1fa72d9eaedd1b0788b/element/f.901DD928DEEE95B40F04D4ACD88F12CC.d.2A5AF83351328052000F673D0E4C944E.e.113/click - {}
RESULT: undefined
COMMAND: POST /session/9db5fffb72bab1fa72d9eaedd1b0788b/element - {"using":"xpath","value":"//*[@id=\"__tile38\"]"}
RESULT: {"using":"xpath","value":"//*[@id=\"__tile38\"]"}
COMMAND: POST /session/9db5fffb72bab1fa72d9eaedd1b0788b/element/f.901DD928DEEE95B40F04D4ACD88F12CC.d.2A5AF83351328052000F673D0E4C944E.e.113/click - {}
COMMAND: POST /session/9db5fffb72bab1fa72d9eaedd1b0788b/execute/async - {"script":"<script> [1562 bytes]","args":[{"selector":{"id":"shellAppTitle"},"wdio_ui5_key":"shellAppTitle"}]}
RESULT: {"script":"<script> [1562 bytes]","args":[{"selector":{"id":"shellAppTitle"},"wdio_ui5_key":"shellAppTitle"}]}
RESULT: undefined
COMMAND: POST /session/9db5fffb72bab1fa72d9eaedd1b0788b/execute/async - {"script":"<script> [6424 bytes]","args":[{"element-6066-11e4-a52e-4f735466cecf":"f.901DD928DEEE95B40F04D4ACD88F12CC.d.2A5AF83351328052000F673D0E4C944E.e.234"},"getTitle",[]]}
RESULT: {"script":"<script> [6424 bytes]","args":[{"element-6066-11e4-a52e-4f735466cecf":"f.901DD928DEEE95B40F04D4ACD88F12CC.d.2A5AF83351328052000F673D0E4C944E.e.234"},"getTitle",[]]}
COMMAND: POST /session/9db5fffb72bab1fa72d9eaedd1b0788b/execute/async - {"script":"<script> [1562 bytes]","args":[{"selector":{"id":"backBtn"},"wdio_ui5_key":"backBtn"}]}
RESULT: {"script":"<script> [1562 bytes]","args":[{"selector":{"id":"backBtn"},"wdio_ui5_key":"backBtn"}]}
RESULT: undefined
COMMAND: POST /session/9db5fffb72bab1fa72d9eaedd1b0788b/element - {"using":"xpath","value":"//*[@id=\"backBtn\"]"}
RESULT: {"using":"xpath","value":"//*[@id=\"backBtn\"]"}
COMMAND: POST /session/9db5fffb72bab1fa72d9eaedd1b0788b/element/f.901DD928DEEE95B40F04D4ACD88F12CC.d.2A5AF83351328052000F673D0E4C944E.e.235/click - {}
RESULT: {}
COMMAND: GET /session/9db5fffb72bab1fa72d9eaedd1b0788b/screenshot - {}
RESULT: {}
]]></system-out>
    </testcase>
    <testcase classname="chrome.136_0_7103_49.windows.Sanity_Tests_US104253" name="Should open Manage Sites page" time="35.877">
      <system-out><![CDATA[
COMMAND: POST /session/9db5fffb72bab1fa72d9eaedd1b0788b/execute/async - {"script":"<script> [1562 bytes]","args":[{"selector":{"controlType":"sap.m.GenericTile","properties":{"header":"Manage Sites"}},"wdio_ui5_key":"sapm.GenericTile{\"header\":\"Manage Sites\"}"}]}
RESULT: {"script":"<script> [1562 bytes]","args":[{"selector":{"controlType":"sap.m.GenericTile","properties":{"header":"Manage Sites"}},"wdio_ui5_key":"sapm.GenericTile{\"header\":\"Manage Sites\"}"}]}
RESULT: undefined
COMMAND: POST /session/9db5fffb72bab1fa72d9eaedd1b0788b/element - {"using":"xpath","value":"//*[@id=\"__tile40\"]"}
RESULT: {"using":"xpath","value":"//*[@id=\"__tile40\"]"}
COMMAND: POST /session/9db5fffb72bab1fa72d9eaedd1b0788b/element/f.901DD928DEEE95B40F04D4ACD88F12CC.d.2A5AF83351328052000F673D0E4C944E.e.237/click - {}
RESULT: {}
COMMAND: GET /session/9db5fffb72bab1fa72d9eaedd1b0788b/screenshot - {}
RESULT: {}
COMMAND: POST /session/9db5fffb72bab1fa72d9eaedd1b0788b/elements - {"using":"xpath","value":"//span[text()='Error']"}
RESULT: {"using":"xpath","value":"//span[text()='Error']"}
RESULT: undefined
COMMAND: POST /session/9db5fffb72bab1fa72d9eaedd1b0788b/element - {"using":"xpath","value":"//*[@id=\"__tile40\"]"}
RESULT: {"using":"xpath","value":"//*[@id=\"__tile40\"]"}
COMMAND: POST /session/9db5fffb72bab1fa72d9eaedd1b0788b/element/f.901DD928DEEE95B40F04D4ACD88F12CC.d.2A5AF83351328052000F673D0E4C944E.e.237/click - {}
RESULT: undefined
COMMAND: POST /session/9db5fffb72bab1fa72d9eaedd1b0788b/element - {"using":"xpath","value":"//*[@id=\"__tile40\"]"}
RESULT: {"using":"xpath","value":"//*[@id=\"__tile40\"]"}
COMMAND: POST /session/9db5fffb72bab1fa72d9eaedd1b0788b/element/f.901DD928DEEE95B40F04D4ACD88F12CC.d.2A5AF83351328052000F673D0E4C944E.e.237/click - {}
RESULT: undefined
COMMAND: POST /session/9db5fffb72bab1fa72d9eaedd1b0788b/execute/async - {"script":"<script> [6424 bytes]","args":[{"element-6066-11e4-a52e-4f735466cecf":"f.901DD928DEEE95B40F04D4ACD88F12CC.d.2A5AF83351328052000F673D0E4C944E.e.234"},"getTitle",[]]}
COMMAND: POST /session/9db5fffb72bab1fa72d9eaedd1b0788b/execute/async - {"script":"<script> [1562 bytes]","args":[{"selector":{"id":"shellAppTitle"},"wdio_ui5_key":"shellAppTitle"}]}
RESULT: {"script":"<script> [1562 bytes]","args":[{"selector":{"id":"shellAppTitle"},"wdio_ui5_key":"shellAppTitle"}]}
COMMAND: POST /session/9db5fffb72bab1fa72d9eaedd1b0788b/execute/async - {"script":"<script> [6424 bytes]","args":[{"element-6066-11e4-a52e-4f735466cecf":"f.901DD928DEEE95B40F04D4ACD88F12CC.d.2A5AF83351328052000F673D0E4C944E.e.367"},"getTitle",[]]}
RESULT: {"script":"<script> [6424 bytes]","args":[{"element-6066-11e4-a52e-4f735466cecf":"f.901DD928DEEE95B40F04D4ACD88F12CC.d.2A5AF83351328052000F673D0E4C944E.e.367"},"getTitle",[]]}
RESULT: undefined
COMMAND: POST /session/9db5fffb72bab1fa72d9eaedd1b0788b/element/f.901DD928DEEE95B40F04D4ACD88F12CC.d.2A5AF83351328052000F673D0E4C944E.e.235/click - {}
RESULT: {}
COMMAND: GET /session/9db5fffb72bab1fa72d9eaedd1b0788b/screenshot - {}
RESULT: {}
]]></system-out>
    </testcase>
    <testcase classname="chrome.136_0_7103_49.windows.Sanity_Tests_US104253" name="Should open Manage Resources page" time="37.677">
      <system-out><![CDATA[
COMMAND: POST /session/9db5fffb72bab1fa72d9eaedd1b0788b/execute/async - {"script":"<script> [1562 bytes]","args":[{"selector":{"controlType":"sap.m.GenericTile","properties":{"header":"Manage Resources"}},"wdio_ui5_key":"sapm.GenericTile{\"header\":\"Manage Resources\"}"}]}
RESULT: {"script":"<script> [1562 bytes]","args":[{"selector":{"controlType":"sap.m.GenericTile","properties":{"header":"Manage Resources"}},"wdio_ui5_key":"sapm.GenericTile{\"header\":\"Manage Resources\"}"}]}
RESULT: undefined
COMMAND: POST /session/9db5fffb72bab1fa72d9eaedd1b0788b/element - {"using":"xpath","value":"//*[@id=\"__tile39\"]"}
RESULT: {"using":"xpath","value":"//*[@id=\"__tile39\"]"}
COMMAND: POST /session/9db5fffb72bab1fa72d9eaedd1b0788b/element/f.901DD928DEEE95B40F04D4ACD88F12CC.d.2A5AF83351328052000F673D0E4C944E.e.369/click - {}
RESULT: {}
COMMAND: GET /session/9db5fffb72bab1fa72d9eaedd1b0788b/screenshot - {}
RESULT: {}
COMMAND: POST /session/9db5fffb72bab1fa72d9eaedd1b0788b/elements - {"using":"xpath","value":"//span[text()='Error']"}
RESULT: {"using":"xpath","value":"//span[text()='Error']"}
RESULT: undefined
COMMAND: POST /session/9db5fffb72bab1fa72d9eaedd1b0788b/element - {"using":"xpath","value":"//*[@id=\"__tile39\"]"}
RESULT: {"using":"xpath","value":"//*[@id=\"__tile39\"]"}
COMMAND: POST /session/9db5fffb72bab1fa72d9eaedd1b0788b/element/f.901DD928DEEE95B40F04D4ACD88F12CC.d.2A5AF83351328052000F673D0E4C944E.e.369/click - {}
RESULT: undefined
COMMAND: POST /session/9db5fffb72bab1fa72d9eaedd1b0788b/element - {"using":"xpath","value":"//*[@id=\"__tile39\"]"}
RESULT: {"using":"xpath","value":"//*[@id=\"__tile39\"]"}
COMMAND: POST /session/9db5fffb72bab1fa72d9eaedd1b0788b/element/f.901DD928DEEE95B40F04D4ACD88F12CC.d.2A5AF83351328052000F673D0E4C944E.e.369/click - {}
RESULT: undefined
COMMAND: POST /session/9db5fffb72bab1fa72d9eaedd1b0788b/execute/async - {"script":"<script> [6424 bytes]","args":[{"element-6066-11e4-a52e-4f735466cecf":"f.901DD928DEEE95B40F04D4ACD88F12CC.d.2A5AF83351328052000F673D0E4C944E.e.234"},"getTitle",[]]}
COMMAND: POST /session/9db5fffb72bab1fa72d9eaedd1b0788b/execute/async - {"script":"<script> [1562 bytes]","args":[{"selector":{"id":"shellAppTitle"},"wdio_ui5_key":"shellAppTitle"}]}
RESULT: {"script":"<script> [1562 bytes]","args":[{"selector":{"id":"shellAppTitle"},"wdio_ui5_key":"shellAppTitle"}]}
COMMAND: POST /session/9db5fffb72bab1fa72d9eaedd1b0788b/execute/async - {"script":"<script> [6424 bytes]","args":[{"element-6066-11e4-a52e-4f735466cecf":"f.901DD928DEEE95B40F04D4ACD88F12CC.d.2A5AF83351328052000F673D0E4C944E.e.541"},"getTitle",[]]}
RESULT: {"script":"<script> [6424 bytes]","args":[{"element-6066-11e4-a52e-4f735466cecf":"f.901DD928DEEE95B40F04D4ACD88F12CC.d.2A5AF83351328052000F673D0E4C944E.e.541"},"getTitle",[]]}
RESULT: undefined
COMMAND: POST /session/9db5fffb72bab1fa72d9eaedd1b0788b/element/f.901DD928DEEE95B40F04D4ACD88F12CC.d.2A5AF83351328052000F673D0E4C944E.e.235/click - {}
COMMAND: POST /session/9db5fffb72bab1fa72d9eaedd1b0788b/element - {"using":"xpath","value":"//*[@id=\"backBtn\"]"}
RESULT: {"using":"xpath","value":"//*[@id=\"backBtn\"]"}
COMMAND: POST /session/9db5fffb72bab1fa72d9eaedd1b0788b/element/f.901DD928DEEE95B40F04D4ACD88F12CC.d.2A5AF83351328052000F673D0E4C944E.e.235/click - {}
COMMAND: POST /session/9db5fffb72bab1fa72d9eaedd1b0788b/element - {"using":"xpath","value":"//*[@id=\"backBtn\"]"}
RESULT: {"using":"xpath","value":"//*[@id=\"backBtn\"]"}
COMMAND: POST /session/9db5fffb72bab1fa72d9eaedd1b0788b/element/f.901DD928DEEE95B40F04D4ACD88F12CC.d.2A5AF83351328052000F673D0E4C944E.e.542/click - {}
RESULT: {}
COMMAND: GET /session/9db5fffb72bab1fa72d9eaedd1b0788b/screenshot - {}
RESULT: {}
]]></system-out>
    </testcase>
    <testcase classname="chrome.136_0_7103_49.windows.Sanity_Tests_US104253" name="Should open Manage Catalogs page" time="35.895">
      <system-out><![CDATA[
COMMAND: POST /session/9db5fffb72bab1fa72d9eaedd1b0788b/execute/async - {"script":"<script> [1562 bytes]","args":[{"selector":{"controlType":"sap.m.GenericTile","properties":{"header":"Manage Catalogs"}},"wdio_ui5_key":"sapm.GenericTile{\"header\":\"Manage Catalogs\"}"}]}
RESULT: {"script":"<script> [1562 bytes]","args":[{"selector":{"controlType":"sap.m.GenericTile","properties":{"header":"Manage Catalogs"}},"wdio_ui5_key":"sapm.GenericTile{\"header\":\"Manage Catalogs\"}"}]}
RESULT: undefined
COMMAND: POST /session/9db5fffb72bab1fa72d9eaedd1b0788b/element - {"using":"xpath","value":"//*[@id=\"__tile37\"]"}
RESULT: {"using":"xpath","value":"//*[@id=\"__tile37\"]"}
COMMAND: POST /session/9db5fffb72bab1fa72d9eaedd1b0788b/element/f.901DD928DEEE95B40F04D4ACD88F12CC.d.2A5AF83351328052000F673D0E4C944E.e.544/click - {}
RESULT: {}
COMMAND: GET /session/9db5fffb72bab1fa72d9eaedd1b0788b/screenshot - {}
RESULT: {}
COMMAND: POST /session/9db5fffb72bab1fa72d9eaedd1b0788b/elements - {"using":"xpath","value":"//span[text()='Error']"}
RESULT: {"using":"xpath","value":"//span[text()='Error']"}
RESULT: undefined
COMMAND: POST /session/9db5fffb72bab1fa72d9eaedd1b0788b/element - {"using":"xpath","value":"//*[@id=\"__tile37\"]"}
RESULT: {"using":"xpath","value":"//*[@id=\"__tile37\"]"}
COMMAND: POST /session/9db5fffb72bab1fa72d9eaedd1b0788b/element/f.901DD928DEEE95B40F04D4ACD88F12CC.d.2A5AF83351328052000F673D0E4C944E.e.544/click - {}
RESULT: undefined
COMMAND: POST /session/9db5fffb72bab1fa72d9eaedd1b0788b/element - {"using":"xpath","value":"//*[@id=\"__tile37\"]"}
RESULT: {"using":"xpath","value":"//*[@id=\"__tile37\"]"}
COMMAND: POST /session/9db5fffb72bab1fa72d9eaedd1b0788b/element/f.901DD928DEEE95B40F04D4ACD88F12CC.d.2A5AF83351328052000F673D0E4C944E.e.544/click - {}
RESULT: undefined
COMMAND: POST /session/9db5fffb72bab1fa72d9eaedd1b0788b/execute/async - {"script":"<script> [6424 bytes]","args":[{"element-6066-11e4-a52e-4f735466cecf":"f.901DD928DEEE95B40F04D4ACD88F12CC.d.2A5AF83351328052000F673D0E4C944E.e.234"},"getTitle",[]]}
COMMAND: POST /session/9db5fffb72bab1fa72d9eaedd1b0788b/execute/async - {"script":"<script> [1562 bytes]","args":[{"selector":{"id":"shellAppTitle"},"wdio_ui5_key":"shellAppTitle"}]}
RESULT: {"script":"<script> [1562 bytes]","args":[{"selector":{"id":"shellAppTitle"},"wdio_ui5_key":"shellAppTitle"}]}
COMMAND: POST /session/9db5fffb72bab1fa72d9eaedd1b0788b/execute/async - {"script":"<script> [6424 bytes]","args":[{"element-6066-11e4-a52e-4f735466cecf":"f.901DD928DEEE95B40F04D4ACD88F12CC.d.2A5AF83351328052000F673D0E4C944E.e.614"},"getTitle",[]]}
RESULT: {"script":"<script> [6424 bytes]","args":[{"element-6066-11e4-a52e-4f735466cecf":"f.901DD928DEEE95B40F04D4ACD88F12CC.d.2A5AF83351328052000F673D0E4C944E.e.614"},"getTitle",[]]}
RESULT: undefined
COMMAND: POST /session/9db5fffb72bab1fa72d9eaedd1b0788b/element/f.901DD928DEEE95B40F04D4ACD88F12CC.d.2A5AF83351328052000F673D0E4C944E.e.542/click - {}
RESULT: {}
COMMAND: GET /session/9db5fffb72bab1fa72d9eaedd1b0788b/screenshot - {}
RESULT: {}
]]></system-out>
    </testcase>
    <testcase classname="chrome.136_0_7103_49.windows.Sanity_Tests_US104253" name="Should open Manage Calendars page" time="35.8">
      <system-out><![CDATA[
COMMAND: POST /session/9db5fffb72bab1fa72d9eaedd1b0788b/execute/async - {"script":"<script> [1562 bytes]","args":[{"selector":{"controlType":"sap.m.GenericTile","properties":{"header":"Manage Calendars"}},"wdio_ui5_key":"sapm.GenericTile{\"header\":\"Manage Calendars\"}"}]}
RESULT: {"script":"<script> [1562 bytes]","args":[{"selector":{"controlType":"sap.m.GenericTile","properties":{"header":"Manage Calendars"}},"wdio_ui5_key":"sapm.GenericTile{\"header\":\"Manage Calendars\"}"}]}
RESULT: undefined
COMMAND: POST /session/9db5fffb72bab1fa72d9eaedd1b0788b/element - {"using":"xpath","value":"//*[@id=\"__tile36\"]"}
RESULT: {"using":"xpath","value":"//*[@id=\"__tile36\"]"}
COMMAND: POST /session/9db5fffb72bab1fa72d9eaedd1b0788b/element/f.901DD928DEEE95B40F04D4ACD88F12CC.d.2A5AF83351328052000F673D0E4C944E.e.616/click - {}
RESULT: {}
COMMAND: GET /session/9db5fffb72bab1fa72d9eaedd1b0788b/screenshot - {}
RESULT: {}
COMMAND: POST /session/9db5fffb72bab1fa72d9eaedd1b0788b/elements - {"using":"xpath","value":"//span[text()='Error']"}
RESULT: {"using":"xpath","value":"//span[text()='Error']"}
RESULT: undefined
COMMAND: POST /session/9db5fffb72bab1fa72d9eaedd1b0788b/element - {"using":"xpath","value":"//*[@id=\"__tile36\"]"}
RESULT: {"using":"xpath","value":"//*[@id=\"__tile36\"]"}
COMMAND: POST /session/9db5fffb72bab1fa72d9eaedd1b0788b/element/f.901DD928DEEE95B40F04D4ACD88F12CC.d.2A5AF83351328052000F673D0E4C944E.e.616/click - {}
RESULT: undefined
COMMAND: POST /session/9db5fffb72bab1fa72d9eaedd1b0788b/element - {"using":"xpath","value":"//*[@id=\"__tile36\"]"}
RESULT: {"using":"xpath","value":"//*[@id=\"__tile36\"]"}
COMMAND: POST /session/9db5fffb72bab1fa72d9eaedd1b0788b/element/f.901DD928DEEE95B40F04D4ACD88F12CC.d.2A5AF83351328052000F673D0E4C944E.e.616/click - {}
RESULT: undefined
COMMAND: POST /session/9db5fffb72bab1fa72d9eaedd1b0788b/execute/async - {"script":"<script> [6424 bytes]","args":[{"element-6066-11e4-a52e-4f735466cecf":"f.901DD928DEEE95B40F04D4ACD88F12CC.d.2A5AF83351328052000F673D0E4C944E.e.234"},"getTitle",[]]}
COMMAND: POST /session/9db5fffb72bab1fa72d9eaedd1b0788b/execute/async - {"script":"<script> [1562 bytes]","args":[{"selector":{"id":"shellAppTitle"},"wdio_ui5_key":"shellAppTitle"}]}
RESULT: {"script":"<script> [1562 bytes]","args":[{"selector":{"id":"shellAppTitle"},"wdio_ui5_key":"shellAppTitle"}]}
COMMAND: POST /session/9db5fffb72bab1fa72d9eaedd1b0788b/execute/async - {"script":"<script> [6424 bytes]","args":[{"element-6066-11e4-a52e-4f735466cecf":"f.901DD928DEEE95B40F04D4ACD88F12CC.d.2A5AF83351328052000F673D0E4C944E.e.684"},"getTitle",[]]}
RESULT: {"script":"<script> [6424 bytes]","args":[{"element-6066-11e4-a52e-4f735466cecf":"f.901DD928DEEE95B40F04D4ACD88F12CC.d.2A5AF83351328052000F673D0E4C944E.e.684"},"getTitle",[]]}
RESULT: undefined
COMMAND: POST /session/9db5fffb72bab1fa72d9eaedd1b0788b/element/f.901DD928DEEE95B40F04D4ACD88F12CC.d.2A5AF83351328052000F673D0E4C944E.e.542/click - {}
COMMAND: POST /session/9db5fffb72bab1fa72d9eaedd1b0788b/element - {"using":"xpath","value":"//*[@id=\"backBtn\"]"}
RESULT: {"using":"xpath","value":"//*[@id=\"backBtn\"]"}
COMMAND: POST /session/9db5fffb72bab1fa72d9eaedd1b0788b/element/f.901DD928DEEE95B40F04D4ACD88F12CC.d.2A5AF83351328052000F673D0E4C944E.e.542/click - {}
COMMAND: POST /session/9db5fffb72bab1fa72d9eaedd1b0788b/element - {"using":"xpath","value":"//*[@id=\"backBtn\"]"}
RESULT: {"using":"xpath","value":"//*[@id=\"backBtn\"]"}
COMMAND: POST /session/9db5fffb72bab1fa72d9eaedd1b0788b/element/f.901DD928DEEE95B40F04D4ACD88F12CC.d.2A5AF83351328052000F673D0E4C944E.e.685/click - {}
RESULT: {}
COMMAND: GET /session/9db5fffb72bab1fa72d9eaedd1b0788b/screenshot - {}
RESULT: {}
]]></system-out>
    </testcase>
    <testcase classname="chrome.136_0_7103_49.windows.Sanity_Tests_US104253" name="Should open Address Management page" time="35.897">
      <system-out><![CDATA[
COMMAND: POST /session/9db5fffb72bab1fa72d9eaedd1b0788b/execute/async - {"script":"<script> [1562 bytes]","args":[{"selector":{"controlType":"sap.m.GenericTile","properties":{"header":"Address Management"}},"wdio_ui5_key":"sapm.GenericTile{\"header\":\"Address Management\"}"}]}
RESULT: {"script":"<script> [1562 bytes]","args":[{"selector":{"controlType":"sap.m.GenericTile","properties":{"header":"Address Management"}},"wdio_ui5_key":"sapm.GenericTile{\"header\":\"Address Management\"}"}]}
RESULT: undefined
COMMAND: POST /session/9db5fffb72bab1fa72d9eaedd1b0788b/element - {"using":"xpath","value":"//*[@id=\"__tile33\"]"}
RESULT: {"using":"xpath","value":"//*[@id=\"__tile33\"]"}
COMMAND: POST /session/9db5fffb72bab1fa72d9eaedd1b0788b/element/f.901DD928DEEE95B40F04D4ACD88F12CC.d.2A5AF83351328052000F673D0E4C944E.e.687/click - {}
RESULT: {}
COMMAND: GET /session/9db5fffb72bab1fa72d9eaedd1b0788b/screenshot - {}
RESULT: {}
COMMAND: POST /session/9db5fffb72bab1fa72d9eaedd1b0788b/elements - {"using":"xpath","value":"//span[text()='Error']"}
RESULT: {"using":"xpath","value":"//span[text()='Error']"}
RESULT: undefined
COMMAND: POST /session/9db5fffb72bab1fa72d9eaedd1b0788b/element - {"using":"xpath","value":"//*[@id=\"__tile33\"]"}
RESULT: {"using":"xpath","value":"//*[@id=\"__tile33\"]"}
COMMAND: POST /session/9db5fffb72bab1fa72d9eaedd1b0788b/element/f.901DD928DEEE95B40F04D4ACD88F12CC.d.2A5AF83351328052000F673D0E4C944E.e.687/click - {}
RESULT: undefined
COMMAND: POST /session/9db5fffb72bab1fa72d9eaedd1b0788b/element - {"using":"xpath","value":"//*[@id=\"__tile33\"]"}
RESULT: {"using":"xpath","value":"//*[@id=\"__tile33\"]"}
COMMAND: POST /session/9db5fffb72bab1fa72d9eaedd1b0788b/element/f.901DD928DEEE95B40F04D4ACD88F12CC.d.2A5AF83351328052000F673D0E4C944E.e.687/click - {}
RESULT: undefined
COMMAND: POST /session/9db5fffb72bab1fa72d9eaedd1b0788b/execute/async - {"script":"<script> [6424 bytes]","args":[{"element-6066-11e4-a52e-4f735466cecf":"f.901DD928DEEE95B40F04D4ACD88F12CC.d.2A5AF83351328052000F673D0E4C944E.e.234"},"getTitle",[]]}
COMMAND: POST /session/9db5fffb72bab1fa72d9eaedd1b0788b/execute/async - {"script":"<script> [1562 bytes]","args":[{"selector":{"id":"shellAppTitle"},"wdio_ui5_key":"shellAppTitle"}]}
RESULT: {"script":"<script> [1562 bytes]","args":[{"selector":{"id":"shellAppTitle"},"wdio_ui5_key":"shellAppTitle"}]}
COMMAND: POST /session/9db5fffb72bab1fa72d9eaedd1b0788b/execute/async - {"script":"<script> [6424 bytes]","args":[{"element-6066-11e4-a52e-4f735466cecf":"f.901DD928DEEE95B40F04D4ACD88F12CC.d.2A5AF83351328052000F673D0E4C944E.e.1052"},"getTitle",[]]}
RESULT: {"script":"<script> [6424 bytes]","args":[{"element-6066-11e4-a52e-4f735466cecf":"f.901DD928DEEE95B40F04D4ACD88F12CC.d.2A5AF83351328052000F673D0E4C944E.e.1052"},"getTitle",[]]}
RESULT: undefined
COMMAND: POST /session/9db5fffb72bab1fa72d9eaedd1b0788b/element/f.901DD928DEEE95B40F04D4ACD88F12CC.d.2A5AF83351328052000F673D0E4C944E.e.685/click - {}
RESULT: {}
COMMAND: GET /session/9db5fffb72bab1fa72d9eaedd1b0788b/screenshot - {}
RESULT: {}
]]></system-out>
    </testcase>
    <testcase classname="chrome.136_0_7103_49.windows.Sanity_Tests_US104253" name="Should open Bill Of Resources page" time="35.858">
      <system-out><![CDATA[
COMMAND: POST /session/9db5fffb72bab1fa72d9eaedd1b0788b/execute/async - {"script":"<script> [1562 bytes]","args":[{"selector":{"controlType":"sap.m.GenericTile","properties":{"header":"Bill Of Resources"}},"wdio_ui5_key":"sapm.GenericTile{\"header\":\"Bill Of Resources\"}"}]}
RESULT: {"script":"<script> [1562 bytes]","args":[{"selector":{"controlType":"sap.m.GenericTile","properties":{"header":"Bill Of Resources"}},"wdio_ui5_key":"sapm.GenericTile{\"header\":\"Bill Of Resources\"}"}]}
RESULT: undefined
COMMAND: POST /session/9db5fffb72bab1fa72d9eaedd1b0788b/element - {"using":"xpath","value":"//*[@id=\"__tile34\"]"}
RESULT: {"using":"xpath","value":"//*[@id=\"__tile34\"]"}
COMMAND: POST /session/9db5fffb72bab1fa72d9eaedd1b0788b/element/f.901DD928DEEE95B40F04D4ACD88F12CC.d.2A5AF83351328052000F673D0E4C944E.e.1054/click - {}
RESULT: {}
COMMAND: GET /session/9db5fffb72bab1fa72d9eaedd1b0788b/screenshot - {}
RESULT: {}
COMMAND: POST /session/9db5fffb72bab1fa72d9eaedd1b0788b/elements - {"using":"xpath","value":"//span[text()='Error']"}
RESULT: {"using":"xpath","value":"//span[text()='Error']"}
RESULT: undefined
COMMAND: POST /session/9db5fffb72bab1fa72d9eaedd1b0788b/element - {"using":"xpath","value":"//*[@id=\"__tile34\"]"}
RESULT: {"using":"xpath","value":"//*[@id=\"__tile34\"]"}
COMMAND: POST /session/9db5fffb72bab1fa72d9eaedd1b0788b/element/f.901DD928DEEE95B40F04D4ACD88F12CC.d.2A5AF83351328052000F673D0E4C944E.e.1054/click - {}
RESULT: undefined
COMMAND: POST /session/9db5fffb72bab1fa72d9eaedd1b0788b/element - {"using":"xpath","value":"//*[@id=\"__tile34\"]"}
RESULT: {"using":"xpath","value":"//*[@id=\"__tile34\"]"}
COMMAND: POST /session/9db5fffb72bab1fa72d9eaedd1b0788b/element/f.901DD928DEEE95B40F04D4ACD88F12CC.d.2A5AF83351328052000F673D0E4C944E.e.1054/click - {}
RESULT: undefined
COMMAND: POST /session/9db5fffb72bab1fa72d9eaedd1b0788b/execute/async - {"script":"<script> [6424 bytes]","args":[{"element-6066-11e4-a52e-4f735466cecf":"f.901DD928DEEE95B40F04D4ACD88F12CC.d.2A5AF83351328052000F673D0E4C944E.e.234"},"getTitle",[]]}
COMMAND: POST /session/9db5fffb72bab1fa72d9eaedd1b0788b/execute/async - {"script":"<script> [1562 bytes]","args":[{"selector":{"id":"shellAppTitle"},"wdio_ui5_key":"shellAppTitle"}]}
RESULT: {"script":"<script> [1562 bytes]","args":[{"selector":{"id":"shellAppTitle"},"wdio_ui5_key":"shellAppTitle"}]}
COMMAND: POST /session/9db5fffb72bab1fa72d9eaedd1b0788b/execute/async - {"script":"<script> [6424 bytes]","args":[{"element-6066-11e4-a52e-4f735466cecf":"f.901DD928DEEE95B40F04D4ACD88F12CC.d.2A5AF83351328052000F673D0E4C944E.e.1146"},"getTitle",[]]}
RESULT: {"script":"<script> [6424 bytes]","args":[{"element-6066-11e4-a52e-4f735466cecf":"f.901DD928DEEE95B40F04D4ACD88F12CC.d.2A5AF83351328052000F673D0E4C944E.e.1146"},"getTitle",[]]}
RESULT: undefined
COMMAND: POST /session/9db5fffb72bab1fa72d9eaedd1b0788b/element/f.901DD928DEEE95B40F04D4ACD88F12CC.d.2A5AF83351328052000F673D0E4C944E.e.685/click - {}
COMMAND: POST /session/9db5fffb72bab1fa72d9eaedd1b0788b/element - {"using":"xpath","value":"//*[@id=\"backBtn\"]"}
RESULT: {"using":"xpath","value":"//*[@id=\"backBtn\"]"}
COMMAND: POST /session/9db5fffb72bab1fa72d9eaedd1b0788b/element/f.901DD928DEEE95B40F04D4ACD88F12CC.d.2A5AF83351328052000F673D0E4C944E.e.685/click - {}
COMMAND: POST /session/9db5fffb72bab1fa72d9eaedd1b0788b/element - {"using":"xpath","value":"//*[@id=\"backBtn\"]"}
RESULT: {"using":"xpath","value":"//*[@id=\"backBtn\"]"}
COMMAND: POST /session/9db5fffb72bab1fa72d9eaedd1b0788b/element/f.901DD928DEEE95B40F04D4ACD88F12CC.d.2A5AF83351328052000F673D0E4C944E.e.1147/click - {}
RESULT: {}
COMMAND: GET /session/9db5fffb72bab1fa72d9eaedd1b0788b/screenshot - {}
RESULT: {}
]]></system-out>
    </testcase>
    <testcase classname="chrome.136_0_7103_49.windows.Sanity_Tests_US104253" name="Should open Manage Yards page" time="35.873">
      <system-out><![CDATA[
COMMAND: POST /session/9db5fffb72bab1fa72d9eaedd1b0788b/execute/async - {"script":"<script> [1562 bytes]","args":[{"selector":{"controlType":"sap.m.GenericTile","properties":{"header":"Manage Yards"}},"wdio_ui5_key":"sapm.GenericTile{\"header\":\"Manage Yards\"}"}]}
RESULT: {"script":"<script> [1562 bytes]","args":[{"selector":{"controlType":"sap.m.GenericTile","properties":{"header":"Manage Yards"}},"wdio_ui5_key":"sapm.GenericTile{\"header\":\"Manage Yards\"}"}]}
RESULT: undefined
COMMAND: POST /session/9db5fffb72bab1fa72d9eaedd1b0788b/element - {"using":"xpath","value":"//*[@id=\"__tile41\"]"}
RESULT: {"using":"xpath","value":"//*[@id=\"__tile41\"]"}
COMMAND: POST /session/9db5fffb72bab1fa72d9eaedd1b0788b/element/f.901DD928DEEE95B40F04D4ACD88F12CC.d.2A5AF83351328052000F673D0E4C944E.e.1149/click - {}
RESULT: {}
COMMAND: GET /session/9db5fffb72bab1fa72d9eaedd1b0788b/screenshot - {}
RESULT: {}
COMMAND: POST /session/9db5fffb72bab1fa72d9eaedd1b0788b/elements - {"using":"xpath","value":"//span[text()='Error']"}
RESULT: {"using":"xpath","value":"//span[text()='Error']"}
RESULT: undefined
COMMAND: POST /session/9db5fffb72bab1fa72d9eaedd1b0788b/element - {"using":"xpath","value":"//*[@id=\"__tile41\"]"}
RESULT: {"using":"xpath","value":"//*[@id=\"__tile41\"]"}
COMMAND: POST /session/9db5fffb72bab1fa72d9eaedd1b0788b/element/f.901DD928DEEE95B40F04D4ACD88F12CC.d.2A5AF83351328052000F673D0E4C944E.e.1149/click - {}
RESULT: undefined
COMMAND: POST /session/9db5fffb72bab1fa72d9eaedd1b0788b/element - {"using":"xpath","value":"//*[@id=\"__tile41\"]"}
RESULT: {"using":"xpath","value":"//*[@id=\"__tile41\"]"}
COMMAND: POST /session/9db5fffb72bab1fa72d9eaedd1b0788b/element/f.901DD928DEEE95B40F04D4ACD88F12CC.d.2A5AF83351328052000F673D0E4C944E.e.1149/click - {}
RESULT: undefined
COMMAND: POST /session/9db5fffb72bab1fa72d9eaedd1b0788b/execute/async - {"script":"<script> [6424 bytes]","args":[{"element-6066-11e4-a52e-4f735466cecf":"f.901DD928DEEE95B40F04D4ACD88F12CC.d.2A5AF83351328052000F673D0E4C944E.e.234"},"getTitle",[]]}
COMMAND: POST /session/9db5fffb72bab1fa72d9eaedd1b0788b/execute/async - {"script":"<script> [1562 bytes]","args":[{"selector":{"id":"shellAppTitle"},"wdio_ui5_key":"shellAppTitle"}]}
RESULT: {"script":"<script> [1562 bytes]","args":[{"selector":{"id":"shellAppTitle"},"wdio_ui5_key":"shellAppTitle"}]}
COMMAND: POST /session/9db5fffb72bab1fa72d9eaedd1b0788b/execute/async - {"script":"<script> [6424 bytes]","args":[{"element-6066-11e4-a52e-4f735466cecf":"f.901DD928DEEE95B40F04D4ACD88F12CC.d.2A5AF83351328052000F673D0E4C944E.e.1326"},"getTitle",[]]}
RESULT: {"script":"<script> [6424 bytes]","args":[{"element-6066-11e4-a52e-4f735466cecf":"f.901DD928DEEE95B40F04D4ACD88F12CC.d.2A5AF83351328052000F673D0E4C944E.e.1326"},"getTitle",[]]}
RESULT: undefined
COMMAND: POST /session/9db5fffb72bab1fa72d9eaedd1b0788b/element/f.901DD928DEEE95B40F04D4ACD88F12CC.d.2A5AF83351328052000F673D0E4C944E.e.1147/click - {}
RESULT: {}
COMMAND: GET /session/9db5fffb72bab1fa72d9eaedd1b0788b/screenshot - {}
RESULT: {}
]]></system-out>
    </testcase>
    <testcase classname="chrome.136_0_7103_49.windows.Sanity_Tests_US104253" name="Should open Manage Requests page" time="35.919">
      <system-out><![CDATA[
COMMAND: POST /session/9db5fffb72bab1fa72d9eaedd1b0788b/execute/async - {"script":"<script> [1562 bytes]","args":[{"selector":{"controlType":"sap.m.GenericTile","properties":{"header":"Manage Requests"}},"wdio_ui5_key":"sapm.GenericTile{\"header\":\"Manage Requests\"}"}]}
RESULT: {"script":"<script> [1562 bytes]","args":[{"selector":{"controlType":"sap.m.GenericTile","properties":{"header":"Manage Requests"}},"wdio_ui5_key":"sapm.GenericTile{\"header\":\"Manage Requests\"}"}]}
RESULT: undefined
COMMAND: POST /session/9db5fffb72bab1fa72d9eaedd1b0788b/element - {"using":"xpath","value":"//*[@id=\"__tile47\"]"}
RESULT: {"using":"xpath","value":"//*[@id=\"__tile47\"]"}
COMMAND: POST /session/9db5fffb72bab1fa72d9eaedd1b0788b/element/f.901DD928DEEE95B40F04D4ACD88F12CC.d.2A5AF83351328052000F673D0E4C944E.e.1328/click - {}
RESULT: {}
COMMAND: GET /session/9db5fffb72bab1fa72d9eaedd1b0788b/screenshot - {}
RESULT: {}
COMMAND: POST /session/9db5fffb72bab1fa72d9eaedd1b0788b/elements - {"using":"xpath","value":"//span[text()='Error']"}
RESULT: {"using":"xpath","value":"//span[text()='Error']"}
RESULT: undefined
COMMAND: POST /session/9db5fffb72bab1fa72d9eaedd1b0788b/element - {"using":"xpath","value":"//*[@id=\"__tile47\"]"}
RESULT: {"using":"xpath","value":"//*[@id=\"__tile47\"]"}
COMMAND: POST /session/9db5fffb72bab1fa72d9eaedd1b0788b/element/f.901DD928DEEE95B40F04D4ACD88F12CC.d.2A5AF83351328052000F673D0E4C944E.e.1328/click - {}
RESULT: undefined
COMMAND: POST /session/9db5fffb72bab1fa72d9eaedd1b0788b/element - {"using":"xpath","value":"//*[@id=\"__tile47\"]"}
RESULT: {"using":"xpath","value":"//*[@id=\"__tile47\"]"}
COMMAND: POST /session/9db5fffb72bab1fa72d9eaedd1b0788b/element/f.901DD928DEEE95B40F04D4ACD88F12CC.d.2A5AF83351328052000F673D0E4C944E.e.1328/click - {}
RESULT: undefined
COMMAND: POST /session/9db5fffb72bab1fa72d9eaedd1b0788b/execute/async - {"script":"<script> [6424 bytes]","args":[{"element-6066-11e4-a52e-4f735466cecf":"f.901DD928DEEE95B40F04D4ACD88F12CC.d.2A5AF83351328052000F673D0E4C944E.e.234"},"getTitle",[]]}
COMMAND: POST /session/9db5fffb72bab1fa72d9eaedd1b0788b/execute/async - {"script":"<script> [1562 bytes]","args":[{"selector":{"id":"shellAppTitle"},"wdio_ui5_key":"shellAppTitle"}]}
RESULT: {"script":"<script> [1562 bytes]","args":[{"selector":{"id":"shellAppTitle"},"wdio_ui5_key":"shellAppTitle"}]}
COMMAND: POST /session/9db5fffb72bab1fa72d9eaedd1b0788b/execute/async - {"script":"<script> [6424 bytes]","args":[{"element-6066-11e4-a52e-4f735466cecf":"f.901DD928DEEE95B40F04D4ACD88F12CC.d.2A5AF83351328052000F673D0E4C944E.e.1423"},"getTitle",[]]}
RESULT: {"script":"<script> [6424 bytes]","args":[{"element-6066-11e4-a52e-4f735466cecf":"f.901DD928DEEE95B40F04D4ACD88F12CC.d.2A5AF83351328052000F673D0E4C944E.e.1423"},"getTitle",[]]}
RESULT: undefined
COMMAND: POST /session/9db5fffb72bab1fa72d9eaedd1b0788b/element/f.901DD928DEEE95B40F04D4ACD88F12CC.d.2A5AF83351328052000F673D0E4C944E.e.1147/click - {}
COMMAND: POST /session/9db5fffb72bab1fa72d9eaedd1b0788b/element - {"using":"xpath","value":"//*[@id=\"backBtn\"]"}
RESULT: {"using":"xpath","value":"//*[@id=\"backBtn\"]"}
COMMAND: POST /session/9db5fffb72bab1fa72d9eaedd1b0788b/element/f.901DD928DEEE95B40F04D4ACD88F12CC.d.2A5AF83351328052000F673D0E4C944E.e.1147/click - {}
COMMAND: POST /session/9db5fffb72bab1fa72d9eaedd1b0788b/element - {"using":"xpath","value":"//*[@id=\"backBtn\"]"}
RESULT: {"using":"xpath","value":"//*[@id=\"backBtn\"]"}
COMMAND: POST /session/9db5fffb72bab1fa72d9eaedd1b0788b/element/f.901DD928DEEE95B40F04D4ACD88F12CC.d.2A5AF83351328052000F673D0E4C944E.e.1424/click - {}
RESULT: {}
COMMAND: GET /session/9db5fffb72bab1fa72d9eaedd1b0788b/screenshot - {}
RESULT: {}
]]></system-out>
    </testcase>
    <testcase classname="chrome.136_0_7103_49.windows.Sanity_Tests_US104253" name="Should open Manage Purchasing page" time="35.898">
      <system-out><![CDATA[
COMMAND: POST /session/9db5fffb72bab1fa72d9eaedd1b0788b/execute/async - {"script":"<script> [1562 bytes]","args":[{"selector":{"controlType":"sap.m.GenericTile","properties":{"header":"Manage Purchasing"}},"wdio_ui5_key":"sapm.GenericTile{\"header\":\"Manage Purchasing\"}"}]}
RESULT: {"script":"<script> [1562 bytes]","args":[{"selector":{"controlType":"sap.m.GenericTile","properties":{"header":"Manage Purchasing"}},"wdio_ui5_key":"sapm.GenericTile{\"header\":\"Manage Purchasing\"}"}]}
RESULT: undefined
COMMAND: POST /session/9db5fffb72bab1fa72d9eaedd1b0788b/element - {"using":"xpath","value":"//*[@id=\"__tile46\"]"}
RESULT: {"using":"xpath","value":"//*[@id=\"__tile46\"]"}
COMMAND: POST /session/9db5fffb72bab1fa72d9eaedd1b0788b/element/f.901DD928DEEE95B40F04D4ACD88F12CC.d.2A5AF83351328052000F673D0E4C944E.e.1427/click - {}
RESULT: {}
COMMAND: GET /session/9db5fffb72bab1fa72d9eaedd1b0788b/screenshot - {}
RESULT: {}
COMMAND: POST /session/9db5fffb72bab1fa72d9eaedd1b0788b/elements - {"using":"xpath","value":"//span[text()='Error']"}
RESULT: {"using":"xpath","value":"//span[text()='Error']"}
RESULT: undefined
COMMAND: POST /session/9db5fffb72bab1fa72d9eaedd1b0788b/element - {"using":"xpath","value":"//*[@id=\"__tile46\"]"}
RESULT: {"using":"xpath","value":"//*[@id=\"__tile46\"]"}
COMMAND: POST /session/9db5fffb72bab1fa72d9eaedd1b0788b/element/f.901DD928DEEE95B40F04D4ACD88F12CC.d.2A5AF83351328052000F673D0E4C944E.e.1427/click - {}
RESULT: undefined
COMMAND: POST /session/9db5fffb72bab1fa72d9eaedd1b0788b/element - {"using":"xpath","value":"//*[@id=\"__tile46\"]"}
RESULT: {"using":"xpath","value":"//*[@id=\"__tile46\"]"}
COMMAND: POST /session/9db5fffb72bab1fa72d9eaedd1b0788b/element/f.901DD928DEEE95B40F04D4ACD88F12CC.d.2A5AF83351328052000F673D0E4C944E.e.1427/click - {}
RESULT: undefined
COMMAND: POST /session/9db5fffb72bab1fa72d9eaedd1b0788b/execute/async - {"script":"<script> [6424 bytes]","args":[{"element-6066-11e4-a52e-4f735466cecf":"f.901DD928DEEE95B40F04D4ACD88F12CC.d.2A5AF83351328052000F673D0E4C944E.e.234"},"getTitle",[]]}
COMMAND: POST /session/9db5fffb72bab1fa72d9eaedd1b0788b/execute/async - {"script":"<script> [1562 bytes]","args":[{"selector":{"id":"shellAppTitle"},"wdio_ui5_key":"shellAppTitle"}]}
RESULT: {"script":"<script> [1562 bytes]","args":[{"selector":{"id":"shellAppTitle"},"wdio_ui5_key":"shellAppTitle"}]}
COMMAND: POST /session/9db5fffb72bab1fa72d9eaedd1b0788b/execute/async - {"script":"<script> [6424 bytes]","args":[{"element-6066-11e4-a52e-4f735466cecf":"f.901DD928DEEE95B40F04D4ACD88F12CC.d.2A5AF83351328052000F673D0E4C944E.e.1502"},"getTitle",[]]}
RESULT: {"script":"<script> [6424 bytes]","args":[{"element-6066-11e4-a52e-4f735466cecf":"f.901DD928DEEE95B40F04D4ACD88F12CC.d.2A5AF83351328052000F673D0E4C944E.e.1502"},"getTitle",[]]}
RESULT: undefined
COMMAND: POST /session/9db5fffb72bab1fa72d9eaedd1b0788b/element/f.901DD928DEEE95B40F04D4ACD88F12CC.d.2A5AF83351328052000F673D0E4C944E.e.1424/click - {}
RESULT: {}
COMMAND: GET /session/9db5fffb72bab1fa72d9eaedd1b0788b/screenshot - {}
RESULT: {}
]]></system-out>
    </testcase>
    <testcase classname="chrome.136_0_7103_49.windows.Sanity_Tests_US104253" name="Should open Planning Board page" time="35.951">
      <system-out><![CDATA[
COMMAND: POST /session/9db5fffb72bab1fa72d9eaedd1b0788b/execute/async - {"script":"<script> [1562 bytes]","args":[{"selector":{"controlType":"sap.m.GenericTile","properties":{"header":"Planning Board"}},"wdio_ui5_key":"sapm.GenericTile{\"header\":\"Planning Board\"}"}]}
RESULT: {"script":"<script> [1562 bytes]","args":[{"selector":{"controlType":"sap.m.GenericTile","properties":{"header":"Planning Board"}},"wdio_ui5_key":"sapm.GenericTile{\"header\":\"Planning Board\"}"}]}
RESULT: undefined
COMMAND: POST /session/9db5fffb72bab1fa72d9eaedd1b0788b/element - {"using":"xpath","value":"//*[@id=\"__tile132\"]"}
RESULT: {"using":"xpath","value":"//*[@id=\"__tile132\"]"}
COMMAND: POST /session/9db5fffb72bab1fa72d9eaedd1b0788b/element/f.901DD928DEEE95B40F04D4ACD88F12CC.d.2A5AF83351328052000F673D0E4C944E.e.1504/click - {}
RESULT: {}
COMMAND: GET /session/9db5fffb72bab1fa72d9eaedd1b0788b/screenshot - {}
RESULT: {}
COMMAND: POST /session/9db5fffb72bab1fa72d9eaedd1b0788b/elements - {"using":"xpath","value":"//span[text()='Error']"}
RESULT: {"using":"xpath","value":"//span[text()='Error']"}
RESULT: undefined
COMMAND: POST /session/9db5fffb72bab1fa72d9eaedd1b0788b/element - {"using":"xpath","value":"//*[@id=\"__tile132\"]"}
RESULT: {"using":"xpath","value":"//*[@id=\"__tile132\"]"}
COMMAND: POST /session/9db5fffb72bab1fa72d9eaedd1b0788b/element/f.901DD928DEEE95B40F04D4ACD88F12CC.d.2A5AF83351328052000F673D0E4C944E.e.1504/click - {}
RESULT: undefined
COMMAND: POST /session/9db5fffb72bab1fa72d9eaedd1b0788b/element - {"using":"xpath","value":"//*[@id=\"__tile132\"]"}
RESULT: {"using":"xpath","value":"//*[@id=\"__tile132\"]"}
COMMAND: POST /session/9db5fffb72bab1fa72d9eaedd1b0788b/element/f.901DD928DEEE95B40F04D4ACD88F12CC.d.2A5AF83351328052000F673D0E4C944E.e.1504/click - {}
RESULT: undefined
COMMAND: POST /session/9db5fffb72bab1fa72d9eaedd1b0788b/execute/async - {"script":"<script> [6424 bytes]","args":[{"element-6066-11e4-a52e-4f735466cecf":"f.901DD928DEEE95B40F04D4ACD88F12CC.d.2A5AF83351328052000F673D0E4C944E.e.234"},"getTitle",[]]}
COMMAND: POST /session/9db5fffb72bab1fa72d9eaedd1b0788b/execute/async - {"script":"<script> [1562 bytes]","args":[{"selector":{"id":"shellAppTitle"},"wdio_ui5_key":"shellAppTitle"}]}
RESULT: {"script":"<script> [1562 bytes]","args":[{"selector":{"id":"shellAppTitle"},"wdio_ui5_key":"shellAppTitle"}]}
COMMAND: POST /session/9db5fffb72bab1fa72d9eaedd1b0788b/execute/async - {"script":"<script> [6424 bytes]","args":[{"element-6066-11e4-a52e-4f735466cecf":"f.901DD928DEEE95B40F04D4ACD88F12CC.d.2A5AF83351328052000F673D0E4C944E.e.1551"},"getTitle",[]]}
RESULT: {"script":"<script> [6424 bytes]","args":[{"element-6066-11e4-a52e-4f735466cecf":"f.901DD928DEEE95B40F04D4ACD88F12CC.d.2A5AF83351328052000F673D0E4C944E.e.1551"},"getTitle",[]]}
RESULT: undefined
COMMAND: POST /session/9db5fffb72bab1fa72d9eaedd1b0788b/element/f.901DD928DEEE95B40F04D4ACD88F12CC.d.2A5AF83351328052000F673D0E4C944E.e.1424/click - {}
COMMAND: POST /session/9db5fffb72bab1fa72d9eaedd1b0788b/element/f.901DD928DEEE95B40F04D4ACD88F12CC.d.2A5AF83351328052000F673D0E4C944E.e.1424/click - {}
COMMAND: POST /session/9db5fffb72bab1fa72d9eaedd1b0788b/element - {"using":"xpath","value":"//*[@id=\"backBtn\"]"}
COMMAND: POST /session/9db5fffb72bab1fa72d9eaedd1b0788b/element - {"using":"xpath","value":"//*[@id=\"backBtn\"]"}
RESULT: {"using":"xpath","value":"//*[@id=\"backBtn\"]"}
COMMAND: POST /session/9db5fffb72bab1fa72d9eaedd1b0788b/element/f.901DD928DEEE95B40F04D4ACD88F12CC.d.2A5AF83351328052000F673D0E4C944E.e.1424/click - {}
RESULT: {"using":"xpath","value":"//*[@id=\"backBtn\"]"}
COMMAND: POST /session/9db5fffb72bab1fa72d9eaedd1b0788b/element/f.901DD928DEEE95B40F04D4ACD88F12CC.d.2A5AF83351328052000F673D0E4C944E.e.1424/click - {}
COMMAND: POST /session/9db5fffb72bab1fa72d9eaedd1b0788b/element - {"using":"xpath","value":"//*[@id=\"backBtn\"]"}
COMMAND: POST /session/9db5fffb72bab1fa72d9eaedd1b0788b/element - {"using":"xpath","value":"//*[@id=\"backBtn\"]"}
RESULT: {"using":"xpath","value":"//*[@id=\"backBtn\"]"}
COMMAND: POST /session/9db5fffb72bab1fa72d9eaedd1b0788b/element/f.901DD928DEEE95B40F04D4ACD88F12CC.d.2A5AF83351328052000F673D0E4C944E.e.1552/click - {}
RESULT: {"using":"xpath","value":"//*[@id=\"backBtn\"]"}
COMMAND: POST /session/9db5fffb72bab1fa72d9eaedd1b0788b/element/f.901DD928DEEE95B40F04D4ACD88F12CC.d.2A5AF83351328052000F673D0E4C944E.e.1552/click - {}
RESULT: {}
COMMAND: GET /session/9db5fffb72bab1fa72d9eaedd1b0788b/screenshot - {}
RESULT: {}
COMMAND: GET /session/9db5fffb72bab1fa72d9eaedd1b0788b/screenshot - {}
RESULT: {}
RESULT: {}
]]></system-out>
    </testcase>
    <testcase classname="chrome.136_0_7103_49.windows.Sanity_Tests_US104253" name="Should open Manage Contracts page" time="36.327">
      <system-out><![CDATA[
COMMAND: POST /session/9db5fffb72bab1fa72d9eaedd1b0788b/execute/async - {"script":"<script> [1562 bytes]","args":[{"selector":{"controlType":"sap.m.GenericTile","properties":{"header":"Manage Contracts"}},"wdio_ui5_key":"sapm.GenericTile{\"header\":\"Manage Contracts\"}"}]}
RESULT: {"script":"<script> [1562 bytes]","args":[{"selector":{"controlType":"sap.m.GenericTile","properties":{"header":"Manage Contracts"}},"wdio_ui5_key":"sapm.GenericTile{\"header\":\"Manage Contracts\"}"}]}
RESULT: undefined
COMMAND: POST /session/9db5fffb72bab1fa72d9eaedd1b0788b/element - {"using":"xpath","value":"//*[@id=\"__tile133\"]"}
RESULT: {"using":"xpath","value":"//*[@id=\"__tile133\"]"}
COMMAND: POST /session/9db5fffb72bab1fa72d9eaedd1b0788b/element/f.901DD928DEEE95B40F04D4ACD88F12CC.d.2A5AF83351328052000F673D0E4C944E.e.1554/click - {}
RESULT: {}
COMMAND: GET /session/9db5fffb72bab1fa72d9eaedd1b0788b/screenshot - {}
RESULT: {}
COMMAND: POST /session/9db5fffb72bab1fa72d9eaedd1b0788b/elements - {"using":"xpath","value":"//span[text()='Error']"}
RESULT: {"using":"xpath","value":"//span[text()='Error']"}
RESULT: undefined
COMMAND: POST /session/9db5fffb72bab1fa72d9eaedd1b0788b/element - {"using":"xpath","value":"//*[@id=\"__tile133\"]"}
RESULT: {"using":"xpath","value":"//*[@id=\"__tile133\"]"}
COMMAND: POST /session/9db5fffb72bab1fa72d9eaedd1b0788b/element/f.901DD928DEEE95B40F04D4ACD88F12CC.d.2A5AF83351328052000F673D0E4C944E.e.1554/click - {}
RESULT: undefined
COMMAND: POST /session/9db5fffb72bab1fa72d9eaedd1b0788b/element - {"using":"xpath","value":"//*[@id=\"__tile133\"]"}
RESULT: {"using":"xpath","value":"//*[@id=\"__tile133\"]"}
COMMAND: POST /session/9db5fffb72bab1fa72d9eaedd1b0788b/element/f.901DD928DEEE95B40F04D4ACD88F12CC.d.2A5AF83351328052000F673D0E4C944E.e.1554/click - {}
RESULT: undefined
COMMAND: POST /session/9db5fffb72bab1fa72d9eaedd1b0788b/execute/async - {"script":"<script> [6424 bytes]","args":[{"element-6066-11e4-a52e-4f735466cecf":"f.901DD928DEEE95B40F04D4ACD88F12CC.d.2A5AF83351328052000F673D0E4C944E.e.234"},"getTitle",[]]}
COMMAND: POST /session/9db5fffb72bab1fa72d9eaedd1b0788b/execute/async - {"script":"<script> [1562 bytes]","args":[{"selector":{"id":"shellAppTitle"},"wdio_ui5_key":"shellAppTitle"}]}
RESULT: {"script":"<script> [1562 bytes]","args":[{"selector":{"id":"shellAppTitle"},"wdio_ui5_key":"shellAppTitle"}]}
COMMAND: POST /session/9db5fffb72bab1fa72d9eaedd1b0788b/execute/async - {"script":"<script> [6424 bytes]","args":[{"element-6066-11e4-a52e-4f735466cecf":"f.901DD928DEEE95B40F04D4ACD88F12CC.d.2A5AF83351328052000F673D0E4C944E.e.1616"},"getTitle",[]]}
RESULT: {"script":"<script> [6424 bytes]","args":[{"element-6066-11e4-a52e-4f735466cecf":"f.901DD928DEEE95B40F04D4ACD88F12CC.d.2A5AF83351328052000F673D0E4C944E.e.1616"},"getTitle",[]]}
RESULT: undefined
COMMAND: POST /session/9db5fffb72bab1fa72d9eaedd1b0788b/element/f.901DD928DEEE95B40F04D4ACD88F12CC.d.2A5AF83351328052000F673D0E4C944E.e.1552/click - {}
RESULT: {}
COMMAND: GET /session/9db5fffb72bab1fa72d9eaedd1b0788b/screenshot - {}
RESULT: {}
]]></system-out>
    </testcase>
    <testcase classname="chrome.136_0_7103_49.windows.Sanity_Tests_US104253" name="Should open Manage Quotations page" time="36.34">
      <system-out><![CDATA[
COMMAND: POST /session/9db5fffb72bab1fa72d9eaedd1b0788b/execute/async - {"script":"<script> [1562 bytes]","args":[{"selector":{"controlType":"sap.m.GenericTile","properties":{"header":"Manage Quotations"}},"wdio_ui5_key":"sapm.GenericTile{\"header\":\"Manage Quotations\"}"}]}
RESULT: {"script":"<script> [1562 bytes]","args":[{"selector":{"controlType":"sap.m.GenericTile","properties":{"header":"Manage Quotations"}},"wdio_ui5_key":"sapm.GenericTile{\"header\":\"Manage Quotations\"}"}]}
RESULT: undefined
COMMAND: POST /session/9db5fffb72bab1fa72d9eaedd1b0788b/element - {"using":"xpath","value":"//*[@id=\"__tile131\"]"}
RESULT: {"using":"xpath","value":"//*[@id=\"__tile131\"]"}
COMMAND: POST /session/9db5fffb72bab1fa72d9eaedd1b0788b/element/f.901DD928DEEE95B40F04D4ACD88F12CC.d.2A5AF83351328052000F673D0E4C944E.e.1618/click - {}
RESULT: {}
COMMAND: GET /session/9db5fffb72bab1fa72d9eaedd1b0788b/screenshot - {}
RESULT: {}
COMMAND: POST /session/9db5fffb72bab1fa72d9eaedd1b0788b/elements - {"using":"xpath","value":"//span[text()='Error']"}
RESULT: {"using":"xpath","value":"//span[text()='Error']"}
RESULT: undefined
COMMAND: POST /session/9db5fffb72bab1fa72d9eaedd1b0788b/element - {"using":"xpath","value":"//*[@id=\"__tile131\"]"}
RESULT: {"using":"xpath","value":"//*[@id=\"__tile131\"]"}
COMMAND: POST /session/9db5fffb72bab1fa72d9eaedd1b0788b/element/f.901DD928DEEE95B40F04D4ACD88F12CC.d.2A5AF83351328052000F673D0E4C944E.e.1618/click - {}
RESULT: undefined
COMMAND: POST /session/9db5fffb72bab1fa72d9eaedd1b0788b/element - {"using":"xpath","value":"//*[@id=\"__tile131\"]"}
RESULT: {"using":"xpath","value":"//*[@id=\"__tile131\"]"}
COMMAND: POST /session/9db5fffb72bab1fa72d9eaedd1b0788b/element/f.901DD928DEEE95B40F04D4ACD88F12CC.d.2A5AF83351328052000F673D0E4C944E.e.1618/click - {}
RESULT: undefined
COMMAND: POST /session/9db5fffb72bab1fa72d9eaedd1b0788b/execute/async - {"script":"<script> [6424 bytes]","args":[{"element-6066-11e4-a52e-4f735466cecf":"f.901DD928DEEE95B40F04D4ACD88F12CC.d.2A5AF83351328052000F673D0E4C944E.e.234"},"getTitle",[]]}
COMMAND: POST /session/9db5fffb72bab1fa72d9eaedd1b0788b/execute/async - {"script":"<script> [1562 bytes]","args":[{"selector":{"id":"shellAppTitle"},"wdio_ui5_key":"shellAppTitle"}]}
RESULT: {"script":"<script> [1562 bytes]","args":[{"selector":{"id":"shellAppTitle"},"wdio_ui5_key":"shellAppTitle"}]}
COMMAND: POST /session/9db5fffb72bab1fa72d9eaedd1b0788b/execute/async - {"script":"<script> [6424 bytes]","args":[{"element-6066-11e4-a52e-4f735466cecf":"f.901DD928DEEE95B40F04D4ACD88F12CC.d.2A5AF83351328052000F673D0E4C944E.e.1691"},"getTitle",[]]}
RESULT: {"script":"<script> [6424 bytes]","args":[{"element-6066-11e4-a52e-4f735466cecf":"f.901DD928DEEE95B40F04D4ACD88F12CC.d.2A5AF83351328052000F673D0E4C944E.e.1691"},"getTitle",[]]}
RESULT: undefined
COMMAND: POST /session/9db5fffb72bab1fa72d9eaedd1b0788b/element/f.901DD928DEEE95B40F04D4ACD88F12CC.d.2A5AF83351328052000F673D0E4C944E.e.1552/click - {}
COMMAND: POST /session/9db5fffb72bab1fa72d9eaedd1b0788b/element - {"using":"xpath","value":"//*[@id=\"backBtn\"]"}
RESULT: {"using":"xpath","value":"//*[@id=\"backBtn\"]"}
COMMAND: POST /session/9db5fffb72bab1fa72d9eaedd1b0788b/element/f.901DD928DEEE95B40F04D4ACD88F12CC.d.2A5AF83351328052000F673D0E4C944E.e.1552/click - {}
COMMAND: POST /session/9db5fffb72bab1fa72d9eaedd1b0788b/element - {"using":"xpath","value":"//*[@id=\"backBtn\"]"}
RESULT: {"using":"xpath","value":"//*[@id=\"backBtn\"]"}
COMMAND: POST /session/9db5fffb72bab1fa72d9eaedd1b0788b/element/f.901DD928DEEE95B40F04D4ACD88F12CC.d.2A5AF83351328052000F673D0E4C944E.e.1692/click - {}
RESULT: {}
COMMAND: GET /session/9db5fffb72bab1fa72d9eaedd1b0788b/screenshot - {}
RESULT: {}
]]></system-out>
    </testcase>
    <testcase classname="chrome.136_0_7103_49.windows.Sanity_Tests_US104253" name="Should open Manage Handovers page" time="38.791">
      <system-out><![CDATA[
COMMAND: POST /session/9db5fffb72bab1fa72d9eaedd1b0788b/execute/async - {"script":"<script> [1562 bytes]","args":[{"selector":{"controlType":"sap.m.GenericTile","properties":{"header":"Manage Handovers"}},"wdio_ui5_key":"sapm.GenericTile{\"header\":\"Manage Handovers\"}"}]}
RESULT: {"script":"<script> [1562 bytes]","args":[{"selector":{"controlType":"sap.m.GenericTile","properties":{"header":"Manage Handovers"}},"wdio_ui5_key":"sapm.GenericTile{\"header\":\"Manage Handovers\"}"}]}
RESULT: undefined
COMMAND: POST /session/9db5fffb72bab1fa72d9eaedd1b0788b/element - {"using":"xpath","value":"//*[@id=\"__tile130\"]"}
RESULT: {"using":"xpath","value":"//*[@id=\"__tile130\"]"}
COMMAND: POST /session/9db5fffb72bab1fa72d9eaedd1b0788b/element/f.901DD928DEEE95B40F04D4ACD88F12CC.d.2A5AF83351328052000F673D0E4C944E.e.1694/click - {}
RESULT: {}
COMMAND: GET /session/9db5fffb72bab1fa72d9eaedd1b0788b/screenshot - {}
RESULT: {}
COMMAND: POST /session/9db5fffb72bab1fa72d9eaedd1b0788b/elements - {"using":"xpath","value":"//span[text()='Error']"}
RESULT: {"using":"xpath","value":"//span[text()='Error']"}
RESULT: undefined
COMMAND: POST /session/9db5fffb72bab1fa72d9eaedd1b0788b/element - {"using":"xpath","value":"//*[@id=\"__tile130\"]"}
RESULT: {"using":"xpath","value":"//*[@id=\"__tile130\"]"}
COMMAND: POST /session/9db5fffb72bab1fa72d9eaedd1b0788b/element/f.901DD928DEEE95B40F04D4ACD88F12CC.d.2A5AF83351328052000F673D0E4C944E.e.1694/click - {}
RESULT: undefined
COMMAND: POST /session/9db5fffb72bab1fa72d9eaedd1b0788b/element - {"using":"xpath","value":"//*[@id=\"__tile130\"]"}
RESULT: {"using":"xpath","value":"//*[@id=\"__tile130\"]"}
COMMAND: POST /session/9db5fffb72bab1fa72d9eaedd1b0788b/element/f.901DD928DEEE95B40F04D4ACD88F12CC.d.2A5AF83351328052000F673D0E4C944E.e.1694/click - {}
RESULT: undefined
COMMAND: POST /session/9db5fffb72bab1fa72d9eaedd1b0788b/execute/async - {"script":"<script> [6424 bytes]","args":[{"element-6066-11e4-a52e-4f735466cecf":"f.901DD928DEEE95B40F04D4ACD88F12CC.d.2A5AF83351328052000F673D0E4C944E.e.234"},"getTitle",[]]}
COMMAND: POST /session/9db5fffb72bab1fa72d9eaedd1b0788b/execute/async - {"script":"<script> [1562 bytes]","args":[{"selector":{"id":"shellAppTitle"},"wdio_ui5_key":"shellAppTitle"}]}
RESULT: {"script":"<script> [1562 bytes]","args":[{"selector":{"id":"shellAppTitle"},"wdio_ui5_key":"shellAppTitle"}]}
COMMAND: POST /session/9db5fffb72bab1fa72d9eaedd1b0788b/execute/async - {"script":"<script> [6424 bytes]","args":[{"element-6066-11e4-a52e-4f735466cecf":"f.901DD928DEEE95B40F04D4ACD88F12CC.d.2A5AF83351328052000F673D0E4C944E.e.1802"},"getTitle",[]]}
RESULT: {"script":"<script> [6424 bytes]","args":[{"element-6066-11e4-a52e-4f735466cecf":"f.901DD928DEEE95B40F04D4ACD88F12CC.d.2A5AF83351328052000F673D0E4C944E.e.1802"},"getTitle",[]]}
RESULT: undefined
COMMAND: POST /session/9db5fffb72bab1fa72d9eaedd1b0788b/element/f.901DD928DEEE95B40F04D4ACD88F12CC.d.2A5AF83351328052000F673D0E4C944E.e.1692/click - {}
RESULT: {}
COMMAND: GET /session/9db5fffb72bab1fa72d9eaedd1b0788b/screenshot - {}
RESULT: {}
]]></system-out>
    </testcase>
    <testcase classname="chrome.136_0_7103_49.windows.Sanity_Tests_US104253" name="Should open Delivery Monitor page" time="36.226">
      <system-out><![CDATA[
COMMAND: POST /session/9db5fffb72bab1fa72d9eaedd1b0788b/execute/async - {"script":"<script> [1562 bytes]","args":[{"selector":{"controlType":"sap.m.GenericTile","properties":{"header":"Delivery Monitor"}},"wdio_ui5_key":"sapm.GenericTile{\"header\":\"Delivery Monitor\"}"}]}
RESULT: {"script":"<script> [1562 bytes]","args":[{"selector":{"controlType":"sap.m.GenericTile","properties":{"header":"Delivery Monitor"}},"wdio_ui5_key":"sapm.GenericTile{\"header\":\"Delivery Monitor\"}"}]}
RESULT: undefined
COMMAND: POST /session/9db5fffb72bab1fa72d9eaedd1b0788b/element - {"using":"xpath","value":"//*[@id=\"__tile43\"]"}
RESULT: {"using":"xpath","value":"//*[@id=\"__tile43\"]"}
COMMAND: POST /session/9db5fffb72bab1fa72d9eaedd1b0788b/element/f.901DD928DEEE95B40F04D4ACD88F12CC.d.2A5AF83351328052000F673D0E4C944E.e.1804/click - {}
RESULT: {}
COMMAND: GET /session/9db5fffb72bab1fa72d9eaedd1b0788b/screenshot - {}
RESULT: {}
COMMAND: POST /session/9db5fffb72bab1fa72d9eaedd1b0788b/elements - {"using":"xpath","value":"//span[text()='Error']"}
RESULT: {"using":"xpath","value":"//span[text()='Error']"}
RESULT: undefined
COMMAND: POST /session/9db5fffb72bab1fa72d9eaedd1b0788b/element - {"using":"xpath","value":"//*[@id=\"__tile43\"]"}
RESULT: {"using":"xpath","value":"//*[@id=\"__tile43\"]"}
COMMAND: POST /session/9db5fffb72bab1fa72d9eaedd1b0788b/element/f.901DD928DEEE95B40F04D4ACD88F12CC.d.2A5AF83351328052000F673D0E4C944E.e.1804/click - {}
RESULT: undefined
COMMAND: POST /session/9db5fffb72bab1fa72d9eaedd1b0788b/element - {"using":"xpath","value":"//*[@id=\"__tile43\"]"}
RESULT: {"using":"xpath","value":"//*[@id=\"__tile43\"]"}
COMMAND: POST /session/9db5fffb72bab1fa72d9eaedd1b0788b/element/f.901DD928DEEE95B40F04D4ACD88F12CC.d.2A5AF83351328052000F673D0E4C944E.e.1804/click - {}
RESULT: undefined
COMMAND: POST /session/9db5fffb72bab1fa72d9eaedd1b0788b/execute/async - {"script":"<script> [6424 bytes]","args":[{"element-6066-11e4-a52e-4f735466cecf":"f.901DD928DEEE95B40F04D4ACD88F12CC.d.2A5AF83351328052000F673D0E4C944E.e.234"},"getTitle",[]]}
COMMAND: POST /session/9db5fffb72bab1fa72d9eaedd1b0788b/execute/async - {"script":"<script> [1562 bytes]","args":[{"selector":{"id":"shellAppTitle"},"wdio_ui5_key":"shellAppTitle"}]}
RESULT: {"script":"<script> [1562 bytes]","args":[{"selector":{"id":"shellAppTitle"},"wdio_ui5_key":"shellAppTitle"}]}
COMMAND: POST /session/9db5fffb72bab1fa72d9eaedd1b0788b/execute/async - {"script":"<script> [6424 bytes]","args":[{"element-6066-11e4-a52e-4f735466cecf":"f.901DD928DEEE95B40F04D4ACD88F12CC.d.2A5AF83351328052000F673D0E4C944E.e.1912"},"getTitle",[]]}
RESULT: {"script":"<script> [6424 bytes]","args":[{"element-6066-11e4-a52e-4f735466cecf":"f.901DD928DEEE95B40F04D4ACD88F12CC.d.2A5AF83351328052000F673D0E4C944E.e.1912"},"getTitle",[]]}
RESULT: undefined
COMMAND: POST /session/9db5fffb72bab1fa72d9eaedd1b0788b/element/f.901DD928DEEE95B40F04D4ACD88F12CC.d.2A5AF83351328052000F673D0E4C944E.e.1692/click - {}
COMMAND: POST /session/9db5fffb72bab1fa72d9eaedd1b0788b/element - {"using":"xpath","value":"//*[@id=\"backBtn\"]"}
RESULT: {"using":"xpath","value":"//*[@id=\"backBtn\"]"}
COMMAND: POST /session/9db5fffb72bab1fa72d9eaedd1b0788b/element/f.901DD928DEEE95B40F04D4ACD88F12CC.d.2A5AF83351328052000F673D0E4C944E.e.1692/click - {}
COMMAND: POST /session/9db5fffb72bab1fa72d9eaedd1b0788b/element - {"using":"xpath","value":"//*[@id=\"backBtn\"]"}
RESULT: {"using":"xpath","value":"//*[@id=\"backBtn\"]"}
COMMAND: POST /session/9db5fffb72bab1fa72d9eaedd1b0788b/element/f.901DD928DEEE95B40F04D4ACD88F12CC.d.2A5AF83351328052000F673D0E4C944E.e.1913/click - {}
RESULT: {}
COMMAND: GET /session/9db5fffb72bab1fa72d9eaedd1b0788b/screenshot - {}
RESULT: {}
]]></system-out>
    </testcase>
    <testcase classname="chrome.136_0_7103_49.windows.Sanity_Tests_US104253" name="Should open Manage Calendar Exceptions page" time="36.031">
      <system-out><![CDATA[
COMMAND: POST /session/9db5fffb72bab1fa72d9eaedd1b0788b/execute/async - {"script":"<script> [1562 bytes]","args":[{"selector":{"controlType":"sap.m.GenericTile","properties":{"header":"Manage Calendar Exceptions"}},"wdio_ui5_key":"sapm.GenericTile{\"header\":\"Manage Calendar Exceptions\"}"}]}
RESULT: {"script":"<script> [1562 bytes]","args":[{"selector":{"controlType":"sap.m.GenericTile","properties":{"header":"Manage Calendar Exceptions"}},"wdio_ui5_key":"sapm.GenericTile{\"header\":\"Manage Calendar Exceptions\"}"}]}
RESULT: undefined
COMMAND: POST /session/9db5fffb72bab1fa72d9eaedd1b0788b/element - {"using":"xpath","value":"//*[@id=\"__tile52\"]"}
RESULT: {"using":"xpath","value":"//*[@id=\"__tile52\"]"}
COMMAND: POST /session/9db5fffb72bab1fa72d9eaedd1b0788b/element/f.901DD928DEEE95B40F04D4ACD88F12CC.d.2A5AF83351328052000F673D0E4C944E.e.1915/click - {}
RESULT: {}
COMMAND: GET /session/9db5fffb72bab1fa72d9eaedd1b0788b/screenshot - {}
RESULT: {}
COMMAND: POST /session/9db5fffb72bab1fa72d9eaedd1b0788b/elements - {"using":"xpath","value":"//span[text()='Error']"}
RESULT: {"using":"xpath","value":"//span[text()='Error']"}
RESULT: undefined
COMMAND: POST /session/9db5fffb72bab1fa72d9eaedd1b0788b/element - {"using":"xpath","value":"//*[@id=\"__tile52\"]"}
RESULT: {"using":"xpath","value":"//*[@id=\"__tile52\"]"}
COMMAND: POST /session/9db5fffb72bab1fa72d9eaedd1b0788b/element/f.901DD928DEEE95B40F04D4ACD88F12CC.d.2A5AF83351328052000F673D0E4C944E.e.1915/click - {}
RESULT: undefined
COMMAND: POST /session/9db5fffb72bab1fa72d9eaedd1b0788b/element - {"using":"xpath","value":"//*[@id=\"__tile52\"]"}
RESULT: {"using":"xpath","value":"//*[@id=\"__tile52\"]"}
COMMAND: POST /session/9db5fffb72bab1fa72d9eaedd1b0788b/element/f.901DD928DEEE95B40F04D4ACD88F12CC.d.2A5AF83351328052000F673D0E4C944E.e.1915/click - {}
RESULT: undefined
COMMAND: POST /session/9db5fffb72bab1fa72d9eaedd1b0788b/execute/async - {"script":"<script> [6424 bytes]","args":[{"element-6066-11e4-a52e-4f735466cecf":"f.901DD928DEEE95B40F04D4ACD88F12CC.d.2A5AF83351328052000F673D0E4C944E.e.234"},"getTitle",[]]}
COMMAND: POST /session/9db5fffb72bab1fa72d9eaedd1b0788b/execute/async - {"script":"<script> [1562 bytes]","args":[{"selector":{"id":"shellAppTitle"},"wdio_ui5_key":"shellAppTitle"}]}
RESULT: {"script":"<script> [1562 bytes]","args":[{"selector":{"id":"shellAppTitle"},"wdio_ui5_key":"shellAppTitle"}]}
COMMAND: POST /session/9db5fffb72bab1fa72d9eaedd1b0788b/execute/async - {"script":"<script> [6424 bytes]","args":[{"element-6066-11e4-a52e-4f735466cecf":"f.901DD928DEEE95B40F04D4ACD88F12CC.d.2A5AF83351328052000F673D0E4C944E.e.1992"},"getTitle",[]]}
RESULT: {"script":"<script> [6424 bytes]","args":[{"element-6066-11e4-a52e-4f735466cecf":"f.901DD928DEEE95B40F04D4ACD88F12CC.d.2A5AF83351328052000F673D0E4C944E.e.1992"},"getTitle",[]]}
RESULT: undefined
COMMAND: POST /session/9db5fffb72bab1fa72d9eaedd1b0788b/element/f.901DD928DEEE95B40F04D4ACD88F12CC.d.2A5AF83351328052000F673D0E4C944E.e.1913/click - {}
RESULT: {}
COMMAND: GET /session/9db5fffb72bab1fa72d9eaedd1b0788b/screenshot - {}
RESULT: {}
]]></system-out>
    </testcase>
    <testcase classname="chrome.136_0_7103_49.windows.Sanity_Tests_US104253" name="Should open Manage States Performance page" time="36.962">
      <system-out><![CDATA[
COMMAND: POST /session/9db5fffb72bab1fa72d9eaedd1b0788b/execute/async - {"script":"<script> [1562 bytes]","args":[{"selector":{"controlType":"sap.m.GenericTile","properties":{"header":"Manage States & Performance"}},"wdio_ui5_key":"sapm.GenericTile{\"header\":\"Manage States & Performance\"}"}]}
RESULT: {"script":"<script> [1562 bytes]","args":[{"selector":{"controlType":"sap.m.GenericTile","properties":{"header":"Manage States & Performance"}},"wdio_ui5_key":"sapm.GenericTile{\"header\":\"Manage States & Performance\"}"}]}
RESULT: undefined
COMMAND: POST /session/9db5fffb72bab1fa72d9eaedd1b0788b/element - {"using":"xpath","value":"//*[@id=\"__tile56\"]"}
RESULT: {"using":"xpath","value":"//*[@id=\"__tile56\"]"}
COMMAND: POST /session/9db5fffb72bab1fa72d9eaedd1b0788b/element/f.901DD928DEEE95B40F04D4ACD88F12CC.d.2A5AF83351328052000F673D0E4C944E.e.1996/click - {}
RESULT: {}
COMMAND: GET /session/9db5fffb72bab1fa72d9eaedd1b0788b/screenshot - {}
RESULT: {}
COMMAND: POST /session/9db5fffb72bab1fa72d9eaedd1b0788b/elements - {"using":"xpath","value":"//span[text()='Error']"}
RESULT: {"using":"xpath","value":"//span[text()='Error']"}
RESULT: undefined
COMMAND: POST /session/9db5fffb72bab1fa72d9eaedd1b0788b/element - {"using":"xpath","value":"//*[@id=\"__tile56\"]"}
RESULT: {"using":"xpath","value":"//*[@id=\"__tile56\"]"}
COMMAND: POST /session/9db5fffb72bab1fa72d9eaedd1b0788b/element/f.901DD928DEEE95B40F04D4ACD88F12CC.d.2A5AF83351328052000F673D0E4C944E.e.1996/click - {}
RESULT: undefined
COMMAND: POST /session/9db5fffb72bab1fa72d9eaedd1b0788b/element - {"using":"xpath","value":"//*[@id=\"__tile56\"]"}
RESULT: {"using":"xpath","value":"//*[@id=\"__tile56\"]"}
COMMAND: POST /session/9db5fffb72bab1fa72d9eaedd1b0788b/element/f.901DD928DEEE95B40F04D4ACD88F12CC.d.2A5AF83351328052000F673D0E4C944E.e.1996/click - {}
RESULT: undefined
COMMAND: POST /session/9db5fffb72bab1fa72d9eaedd1b0788b/execute/async - {"script":"<script> [6424 bytes]","args":[{"element-6066-11e4-a52e-4f735466cecf":"f.901DD928DEEE95B40F04D4ACD88F12CC.d.2A5AF83351328052000F673D0E4C944E.e.234"},"getTitle",[]]}
COMMAND: POST /session/9db5fffb72bab1fa72d9eaedd1b0788b/execute/async - {"script":"<script> [1562 bytes]","args":[{"selector":{"id":"shellAppTitle"},"wdio_ui5_key":"shellAppTitle"}]}
RESULT: {"script":"<script> [1562 bytes]","args":[{"selector":{"id":"shellAppTitle"},"wdio_ui5_key":"shellAppTitle"}]}
COMMAND: POST /session/9db5fffb72bab1fa72d9eaedd1b0788b/execute/async - {"script":"<script> [6424 bytes]","args":[{"element-6066-11e4-a52e-4f735466cecf":"f.901DD928DEEE95B40F04D4ACD88F12CC.d.2A5AF83351328052000F673D0E4C944E.e.2096"},"getTitle",[]]}
RESULT: {"script":"<script> [6424 bytes]","args":[{"element-6066-11e4-a52e-4f735466cecf":"f.901DD928DEEE95B40F04D4ACD88F12CC.d.2A5AF83351328052000F673D0E4C944E.e.2096"},"getTitle",[]]}
RESULT: undefined
COMMAND: POST /session/9db5fffb72bab1fa72d9eaedd1b0788b/element/f.901DD928DEEE95B40F04D4ACD88F12CC.d.2A5AF83351328052000F673D0E4C944E.e.1913/click - {}
COMMAND: POST /session/9db5fffb72bab1fa72d9eaedd1b0788b/element - {"using":"xpath","value":"//*[@id=\"backBtn\"]"}
RESULT: {"using":"xpath","value":"//*[@id=\"backBtn\"]"}
COMMAND: POST /session/9db5fffb72bab1fa72d9eaedd1b0788b/element/f.901DD928DEEE95B40F04D4ACD88F12CC.d.2A5AF83351328052000F673D0E4C944E.e.1913/click - {}
COMMAND: POST /session/9db5fffb72bab1fa72d9eaedd1b0788b/element - {"using":"xpath","value":"//*[@id=\"backBtn\"]"}
RESULT: {"using":"xpath","value":"//*[@id=\"backBtn\"]"}
COMMAND: POST /session/9db5fffb72bab1fa72d9eaedd1b0788b/element/f.901DD928DEEE95B40F04D4ACD88F12CC.d.2A5AF83351328052000F673D0E4C944E.e.2097/click - {}
RESULT: {}
COMMAND: GET /session/9db5fffb72bab1fa72d9eaedd1b0788b/screenshot - {}
RESULT: {}
]]></system-out>
    </testcase>
    <testcase classname="chrome.136_0_7103_49.windows.Sanity_Tests_US104253" name="Should open Manage Billings page" time="36.2">
      <system-out><![CDATA[
COMMAND: POST /session/9db5fffb72bab1fa72d9eaedd1b0788b/execute/async - {"script":"<script> [1562 bytes]","args":[{"selector":{"controlType":"sap.m.GenericTile","properties":{"header":"Manage Billings"}},"wdio_ui5_key":"sapm.GenericTile{\"header\":\"Manage Billings\"}"}]}
RESULT: {"script":"<script> [1562 bytes]","args":[{"selector":{"controlType":"sap.m.GenericTile","properties":{"header":"Manage Billings"}},"wdio_ui5_key":"sapm.GenericTile{\"header\":\"Manage Billings\"}"}]}
RESULT: undefined
COMMAND: POST /session/9db5fffb72bab1fa72d9eaedd1b0788b/element - {"using":"xpath","value":"//*[@id=\"__tile51\"]"}
RESULT: {"using":"xpath","value":"//*[@id=\"__tile51\"]"}
COMMAND: POST /session/9db5fffb72bab1fa72d9eaedd1b0788b/element/f.901DD928DEEE95B40F04D4ACD88F12CC.d.2A5AF83351328052000F673D0E4C944E.e.2099/click - {}
RESULT: {}
COMMAND: GET /session/9db5fffb72bab1fa72d9eaedd1b0788b/screenshot - {}
RESULT: {}
COMMAND: POST /session/9db5fffb72bab1fa72d9eaedd1b0788b/elements - {"using":"xpath","value":"//span[text()='Error']"}
RESULT: {"using":"xpath","value":"//span[text()='Error']"}
RESULT: undefined
COMMAND: POST /session/9db5fffb72bab1fa72d9eaedd1b0788b/element - {"using":"xpath","value":"//*[@id=\"__tile51\"]"}
RESULT: {"using":"xpath","value":"//*[@id=\"__tile51\"]"}
COMMAND: POST /session/9db5fffb72bab1fa72d9eaedd1b0788b/element/f.901DD928DEEE95B40F04D4ACD88F12CC.d.2A5AF83351328052000F673D0E4C944E.e.2099/click - {}
RESULT: undefined
COMMAND: POST /session/9db5fffb72bab1fa72d9eaedd1b0788b/element - {"using":"xpath","value":"//*[@id=\"__tile51\"]"}
RESULT: {"using":"xpath","value":"//*[@id=\"__tile51\"]"}
COMMAND: POST /session/9db5fffb72bab1fa72d9eaedd1b0788b/element/f.901DD928DEEE95B40F04D4ACD88F12CC.d.2A5AF83351328052000F673D0E4C944E.e.2099/click - {}
RESULT: undefined
COMMAND: POST /session/9db5fffb72bab1fa72d9eaedd1b0788b/execute/async - {"script":"<script> [6424 bytes]","args":[{"element-6066-11e4-a52e-4f735466cecf":"f.901DD928DEEE95B40F04D4ACD88F12CC.d.2A5AF83351328052000F673D0E4C944E.e.234"},"getTitle",[]]}
COMMAND: POST /session/9db5fffb72bab1fa72d9eaedd1b0788b/execute/async - {"script":"<script> [1562 bytes]","args":[{"selector":{"id":"shellAppTitle"},"wdio_ui5_key":"shellAppTitle"}]}
RESULT: {"script":"<script> [1562 bytes]","args":[{"selector":{"id":"shellAppTitle"},"wdio_ui5_key":"shellAppTitle"}]}
COMMAND: POST /session/9db5fffb72bab1fa72d9eaedd1b0788b/execute/async - {"script":"<script> [6424 bytes]","args":[{"element-6066-11e4-a52e-4f735466cecf":"f.901DD928DEEE95B40F04D4ACD88F12CC.d.2A5AF83351328052000F673D0E4C944E.e.2248"},"getTitle",[]]}
RESULT: {"script":"<script> [6424 bytes]","args":[{"element-6066-11e4-a52e-4f735466cecf":"f.901DD928DEEE95B40F04D4ACD88F12CC.d.2A5AF83351328052000F673D0E4C944E.e.2248"},"getTitle",[]]}
RESULT: undefined
COMMAND: POST /session/9db5fffb72bab1fa72d9eaedd1b0788b/element/f.901DD928DEEE95B40F04D4ACD88F12CC.d.2A5AF83351328052000F673D0E4C944E.e.2097/click - {}
COMMAND: POST /session/9db5fffb72bab1fa72d9eaedd1b0788b/element/f.901DD928DEEE95B40F04D4ACD88F12CC.d.2A5AF83351328052000F673D0E4C944E.e.2097/click - {}
RESULT: {}
COMMAND: GET /session/9db5fffb72bab1fa72d9eaedd1b0788b/screenshot - {}
COMMAND: POST /session/9db5fffb72bab1fa72d9eaedd1b0788b/element - {"using":"xpath","value":"//*[@id=\"backBtn\"]"}
RESULT: {}
RESULT: {"using":"xpath","value":"//*[@id=\"backBtn\"]"}
COMMAND: POST /session/9db5fffb72bab1fa72d9eaedd1b0788b/elements - {"using":"xpath","value":"//*[@id=\"backBtn\"]"}
RESULT: {"using":"xpath","value":"//*[@id=\"backBtn\"]"}
COMMAND: POST /session/9db5fffb72bab1fa72d9eaedd1b0788b/elements - {"using":"xpath","value":"//*[@id=\"backBtn\"]"}
RESULT: {"using":"xpath","value":"//*[@id=\"backBtn\"]"}
COMMAND: POST /session/9db5fffb72bab1fa72d9eaedd1b0788b/elements - {"using":"xpath","value":"//*[@id=\"backBtn\"]"}
RESULT: {"using":"xpath","value":"//*[@id=\"backBtn\"]"}
COMMAND: POST /session/9db5fffb72bab1fa72d9eaedd1b0788b/elements - {"using":"xpath","value":"//*[@id=\"backBtn\"]"}
RESULT: {"using":"xpath","value":"//*[@id=\"backBtn\"]"}
COMMAND: POST /session/9db5fffb72bab1fa72d9eaedd1b0788b/elements - {"using":"xpath","value":"//*[@id=\"backBtn\"]"}
RESULT: {"using":"xpath","value":"//*[@id=\"backBtn\"]"}
COMMAND: POST /session/9db5fffb72bab1fa72d9eaedd1b0788b/elements - {"using":"xpath","value":"//*[@id=\"backBtn\"]"}
RESULT: {"using":"xpath","value":"//*[@id=\"backBtn\"]"}
COMMAND: POST /session/9db5fffb72bab1fa72d9eaedd1b0788b/elements - {"using":"xpath","value":"//*[@id=\"backBtn\"]"}
RESULT: {"using":"xpath","value":"//*[@id=\"backBtn\"]"}
COMMAND: POST /session/9db5fffb72bab1fa72d9eaedd1b0788b/elements - {"using":"xpath","value":"//*[@id=\"backBtn\"]"}
RESULT: {"using":"xpath","value":"//*[@id=\"backBtn\"]"}
COMMAND: POST /session/9db5fffb72bab1fa72d9eaedd1b0788b/elements - {"using":"xpath","value":"//*[@id=\"backBtn\"]"}
RESULT: {"using":"xpath","value":"//*[@id=\"backBtn\"]"}
COMMAND: POST /session/9db5fffb72bab1fa72d9eaedd1b0788b/elements - {"using":"xpath","value":"//*[@id=\"backBtn\"]"}
RESULT: {"using":"xpath","value":"//*[@id=\"backBtn\"]"}
COMMAND: POST /session/9db5fffb72bab1fa72d9eaedd1b0788b/elements - {"using":"xpath","value":"//*[@id=\"backBtn\"]"}
RESULT: {"using":"xpath","value":"//*[@id=\"backBtn\"]"}
COMMAND: POST /session/9db5fffb72bab1fa72d9eaedd1b0788b/elements - {"using":"xpath","value":"//*[@id=\"backBtn\"]"}
RESULT: {"using":"xpath","value":"//*[@id=\"backBtn\"]"}
COMMAND: POST /session/9db5fffb72bab1fa72d9eaedd1b0788b/elements - {"using":"xpath","value":"//*[@id=\"backBtn\"]"}
RESULT: {"using":"xpath","value":"//*[@id=\"backBtn\"]"}
COMMAND: POST /session/9db5fffb72bab1fa72d9eaedd1b0788b/elements - {"using":"xpath","value":"//*[@id=\"backBtn\"]"}
RESULT: {"using":"xpath","value":"//*[@id=\"backBtn\"]"}
COMMAND: POST /session/9db5fffb72bab1fa72d9eaedd1b0788b/elements - {"using":"xpath","value":"//*[@id=\"backBtn\"]"}
RESULT: {"using":"xpath","value":"//*[@id=\"backBtn\"]"}
COMMAND: POST /session/9db5fffb72bab1fa72d9eaedd1b0788b/elements - {"using":"xpath","value":"//*[@id=\"backBtn\"]"}
RESULT: {"using":"xpath","value":"//*[@id=\"backBtn\"]"}
COMMAND: POST /session/9db5fffb72bab1fa72d9eaedd1b0788b/elements - {"using":"xpath","value":"//*[@id=\"backBtn\"]"}
RESULT: {"using":"xpath","value":"//*[@id=\"backBtn\"]"}
COMMAND: POST /session/9db5fffb72bab1fa72d9eaedd1b0788b/elements - {"using":"xpath","value":"//*[@id=\"backBtn\"]"}
]]></system-out>
    </testcase>
    <testcase classname="chrome.136_0_7103_49.windows.Sanity_Tests_US104253" name="Should open Manage Conditions Prices page" time="46.229">
      <system-out><![CDATA[
COMMAND: POST /session/9db5fffb72bab1fa72d9eaedd1b0788b/execute/async - {"script":"<script> [1562 bytes]","args":[{"selector":{"controlType":"sap.m.GenericTile","properties":{"header":"Manage Conditions & Prices"}},"wdio_ui5_key":"sapm.GenericTile{\"header\":\"Manage Conditions & Prices\"}"}]}
RESULT: {"using":"xpath","value":"//*[@id=\"backBtn\"]"}
RESULT: {"script":"<script> [1562 bytes]","args":[{"selector":{"controlType":"sap.m.GenericTile","properties":{"header":"Manage Conditions & Prices"}},"wdio_ui5_key":"sapm.GenericTile{\"header\":\"Manage Conditions & Prices\"}"}]}
RESULT: undefined
COMMAND: POST /session/9db5fffb72bab1fa72d9eaedd1b0788b/element - {"using":"xpath","value":"//*[@id=\"__tile53\"]"}
COMMAND: POST /session/9db5fffb72bab1fa72d9eaedd1b0788b/elements - {"using":"xpath","value":"//*[@id=\"backBtn\"]"}
RESULT: {"using":"xpath","value":"//*[@id=\"__tile53\"]"}
COMMAND: POST /session/9db5fffb72bab1fa72d9eaedd1b0788b/element/f.901DD928DEEE95B40F04D4ACD88F12CC.d.2A5AF83351328052000F673D0E4C944E.e.2250/click - {}
RESULT: {"using":"xpath","value":"//*[@id=\"backBtn\"]"}
RESULT: {}
COMMAND: GET /session/9db5fffb72bab1fa72d9eaedd1b0788b/screenshot - {}
RESULT: {}
COMMAND: POST /session/9db5fffb72bab1fa72d9eaedd1b0788b/elements - {"using":"xpath","value":"//*[@id=\"backBtn\"]"}
RESULT: {"using":"xpath","value":"//*[@id=\"backBtn\"]"}
COMMAND: POST /session/9db5fffb72bab1fa72d9eaedd1b0788b/elements - {"using":"xpath","value":"//*[@id=\"backBtn\"]"}
RESULT: {"using":"xpath","value":"//*[@id=\"backBtn\"]"}
COMMAND: POST /session/9db5fffb72bab1fa72d9eaedd1b0788b/elements - {"using":"xpath","value":"//*[@id=\"backBtn\"]"}
RESULT: {"using":"xpath","value":"//*[@id=\"backBtn\"]"}
COMMAND: POST /session/9db5fffb72bab1fa72d9eaedd1b0788b/elements - {"using":"xpath","value":"//*[@id=\"backBtn\"]"}
RESULT: {"using":"xpath","value":"//*[@id=\"backBtn\"]"}
COMMAND: POST /session/9db5fffb72bab1fa72d9eaedd1b0788b/elements - {"using":"xpath","value":"//*[@id=\"backBtn\"]"}
RESULT: {"using":"xpath","value":"//*[@id=\"backBtn\"]"}
COMMAND: POST /session/9db5fffb72bab1fa72d9eaedd1b0788b/element - {"using":"xpath","value":"//*[@id=\"backBtn\"]"}
COMMAND: POST /session/9db5fffb72bab1fa72d9eaedd1b0788b/elements - {"using":"xpath","value":"//span[text()='Error']"}
RESULT: {"using":"xpath","value":"//*[@id=\"backBtn\"]"}
COMMAND: POST /session/9db5fffb72bab1fa72d9eaedd1b0788b/element/f.901DD928DEEE95B40F04D4ACD88F12CC.d.2A5AF83351328052000F673D0E4C944E.e.2097/click - {}
RESULT: {"using":"xpath","value":"//span[text()='Error']"}
COMMAND: POST /session/9db5fffb72bab1fa72d9eaedd1b0788b/element - {"using":"xpath","value":"//*[@id=\"backBtn\"]"}
RESULT: {"using":"xpath","value":"//*[@id=\"backBtn\"]"}
COMMAND: POST /session/9db5fffb72bab1fa72d9eaedd1b0788b/element/f.901DD928DEEE95B40F04D4ACD88F12CC.d.2A5AF83351328052000F673D0E4C944E.e.2254/click - {}
RESULT: {}
COMMAND: GET /session/9db5fffb72bab1fa72d9eaedd1b0788b/screenshot - {}
RESULT: {}
RESULT: undefined
COMMAND: POST /session/9db5fffb72bab1fa72d9eaedd1b0788b/element - {"using":"xpath","value":"//*[@id=\"__tile53\"]"}
RESULT: {"using":"xpath","value":"//*[@id=\"__tile53\"]"}
COMMAND: POST /session/9db5fffb72bab1fa72d9eaedd1b0788b/element/f.901DD928DEEE95B40F04D4ACD88F12CC.d.2A5AF83351328052000F673D0E4C944E.e.2250/click - {}
RESULT: {}
RESULT: undefined
COMMAND: POST /session/9db5fffb72bab1fa72d9eaedd1b0788b/element - {"using":"xpath","value":"//*[@id=\"__tile53\"]"}
COMMAND: GET /session/9db5fffb72bab1fa72d9eaedd1b0788b/screenshot - {}
RESULT: {"using":"xpath","value":"//*[@id=\"__tile53\"]"}
COMMAND: POST /session/9db5fffb72bab1fa72d9eaedd1b0788b/element/f.901DD928DEEE95B40F04D4ACD88F12CC.d.2A5AF83351328052000F673D0E4C944E.e.2250/click - {}
RESULT: {}
RESULT: undefined
COMMAND: POST /session/9db5fffb72bab1fa72d9eaedd1b0788b/execute/async - {"script":"<script> [6424 bytes]","args":[{"element-6066-11e4-a52e-4f735466cecf":"f.901DD928DEEE95B40F04D4ACD88F12CC.d.2A5AF83351328052000F673D0E4C944E.e.234"},"getTitle",[]]}
COMMAND: POST /session/9db5fffb72bab1fa72d9eaedd1b0788b/execute/async - {"script":"<script> [1562 bytes]","args":[{"selector":{"id":"shellAppTitle"},"wdio_ui5_key":"shellAppTitle"}]}
RESULT: {"script":"<script> [1562 bytes]","args":[{"selector":{"id":"shellAppTitle"},"wdio_ui5_key":"shellAppTitle"}]}
COMMAND: POST /session/9db5fffb72bab1fa72d9eaedd1b0788b/execute/async - {"script":"<script> [6424 bytes]","args":[{"element-6066-11e4-a52e-4f735466cecf":"f.901DD928DEEE95B40F04D4ACD88F12CC.d.2A5AF83351328052000F673D0E4C944E.e.2441"},"getTitle",[]]}
RESULT: {"script":"<script> [6424 bytes]","args":[{"element-6066-11e4-a52e-4f735466cecf":"f.901DD928DEEE95B40F04D4ACD88F12CC.d.2A5AF83351328052000F673D0E4C944E.e.2441"},"getTitle",[]]}
RESULT: undefined
COMMAND: POST /session/9db5fffb72bab1fa72d9eaedd1b0788b/element/f.901DD928DEEE95B40F04D4ACD88F12CC.d.2A5AF83351328052000F673D0E4C944E.e.2254/click - {}
RESULT: {}
COMMAND: GET /session/9db5fffb72bab1fa72d9eaedd1b0788b/screenshot - {}
RESULT: {}
]]></system-out>
    </testcase>
    <testcase classname="chrome.136_0_7103_49.windows.Sanity_Tests_US104253" name="Should open Billing Transfer page" time="36.615">
      <system-out><![CDATA[
COMMAND: POST /session/9db5fffb72bab1fa72d9eaedd1b0788b/execute/async - {"script":"<script> [1562 bytes]","args":[{"selector":{"controlType":"sap.m.GenericTile","properties":{"header":"Billing Transfer"}},"wdio_ui5_key":"sapm.GenericTile{\"header\":\"Billing Transfer\"}"}]}
RESULT: {"script":"<script> [1562 bytes]","args":[{"selector":{"controlType":"sap.m.GenericTile","properties":{"header":"Billing Transfer"}},"wdio_ui5_key":"sapm.GenericTile{\"header\":\"Billing Transfer\"}"}]}
RESULT: undefined
COMMAND: POST /session/9db5fffb72bab1fa72d9eaedd1b0788b/element - {"using":"xpath","value":"//*[@id=\"__tile50\"]"}
RESULT: {"using":"xpath","value":"//*[@id=\"__tile50\"]"}
COMMAND: POST /session/9db5fffb72bab1fa72d9eaedd1b0788b/element/f.901DD928DEEE95B40F04D4ACD88F12CC.d.2A5AF83351328052000F673D0E4C944E.e.2443/click - {}
RESULT: {}
COMMAND: GET /session/9db5fffb72bab1fa72d9eaedd1b0788b/screenshot - {}
RESULT: {}
COMMAND: POST /session/9db5fffb72bab1fa72d9eaedd1b0788b/elements - {"using":"xpath","value":"//span[text()='Error']"}
RESULT: {"using":"xpath","value":"//span[text()='Error']"}
RESULT: undefined
COMMAND: POST /session/9db5fffb72bab1fa72d9eaedd1b0788b/element - {"using":"xpath","value":"//*[@id=\"__tile50\"]"}
RESULT: {"using":"xpath","value":"//*[@id=\"__tile50\"]"}
COMMAND: POST /session/9db5fffb72bab1fa72d9eaedd1b0788b/element/f.901DD928DEEE95B40F04D4ACD88F12CC.d.2A5AF83351328052000F673D0E4C944E.e.2443/click - {}
RESULT: undefined
COMMAND: POST /session/9db5fffb72bab1fa72d9eaedd1b0788b/element - {"using":"xpath","value":"//*[@id=\"__tile50\"]"}
RESULT: {"using":"xpath","value":"//*[@id=\"__tile50\"]"}
COMMAND: POST /session/9db5fffb72bab1fa72d9eaedd1b0788b/element/f.901DD928DEEE95B40F04D4ACD88F12CC.d.2A5AF83351328052000F673D0E4C944E.e.2443/click - {}
RESULT: undefined
COMMAND: POST /session/9db5fffb72bab1fa72d9eaedd1b0788b/execute/async - {"script":"<script> [6424 bytes]","args":[{"element-6066-11e4-a52e-4f735466cecf":"f.901DD928DEEE95B40F04D4ACD88F12CC.d.2A5AF83351328052000F673D0E4C944E.e.234"},"getTitle",[]]}
COMMAND: POST /session/9db5fffb72bab1fa72d9eaedd1b0788b/execute/async - {"script":"<script> [1562 bytes]","args":[{"selector":{"id":"shellAppTitle"},"wdio_ui5_key":"shellAppTitle"}]}
RESULT: {"script":"<script> [1562 bytes]","args":[{"selector":{"id":"shellAppTitle"},"wdio_ui5_key":"shellAppTitle"}]}
COMMAND: POST /session/9db5fffb72bab1fa72d9eaedd1b0788b/execute/async - {"script":"<script> [6424 bytes]","args":[{"element-6066-11e4-a52e-4f735466cecf":"f.901DD928DEEE95B40F04D4ACD88F12CC.d.2A5AF83351328052000F673D0E4C944E.e.2541"},"getTitle",[]]}
RESULT: {"script":"<script> [6424 bytes]","args":[{"element-6066-11e4-a52e-4f735466cecf":"f.901DD928DEEE95B40F04D4ACD88F12CC.d.2A5AF83351328052000F673D0E4C944E.e.2541"},"getTitle",[]]}
RESULT: undefined
COMMAND: POST /session/9db5fffb72bab1fa72d9eaedd1b0788b/element/f.901DD928DEEE95B40F04D4ACD88F12CC.d.2A5AF83351328052000F673D0E4C944E.e.2254/click - {}
COMMAND: POST /session/9db5fffb72bab1fa72d9eaedd1b0788b/element - {"using":"xpath","value":"//*[@id=\"backBtn\"]"}
RESULT: {"using":"xpath","value":"//*[@id=\"backBtn\"]"}
COMMAND: POST /session/9db5fffb72bab1fa72d9eaedd1b0788b/element/f.901DD928DEEE95B40F04D4ACD88F12CC.d.2A5AF83351328052000F673D0E4C944E.e.2254/click - {}
COMMAND: POST /session/9db5fffb72bab1fa72d9eaedd1b0788b/element - {"using":"xpath","value":"//*[@id=\"backBtn\"]"}
RESULT: {"using":"xpath","value":"//*[@id=\"backBtn\"]"}
COMMAND: POST /session/9db5fffb72bab1fa72d9eaedd1b0788b/element/f.901DD928DEEE95B40F04D4ACD88F12CC.d.2A5AF83351328052000F673D0E4C944E.e.2542/click - {}
RESULT: {}
COMMAND: GET /session/9db5fffb72bab1fa72d9eaedd1b0788b/screenshot - {}
RESULT: {}
]]></system-out>
    </testcase>
    <testcase classname="chrome.136_0_7103_49.windows.Sanity_Tests_US104253" name="Should open Manage Pricing Rules page" time="36.012">
      <system-out><![CDATA[
COMMAND: POST /session/9db5fffb72bab1fa72d9eaedd1b0788b/execute/async - {"script":"<script> [1562 bytes]","args":[{"selector":{"controlType":"sap.m.GenericTile","properties":{"header":"Manage Pricing Rules"}},"wdio_ui5_key":"sapm.GenericTile{\"header\":\"Manage Pricing Rules\"}"}]}
RESULT: {"script":"<script> [1562 bytes]","args":[{"selector":{"controlType":"sap.m.GenericTile","properties":{"header":"Manage Pricing Rules"}},"wdio_ui5_key":"sapm.GenericTile{\"header\":\"Manage Pricing Rules\"}"}]}
RESULT: undefined
COMMAND: POST /session/9db5fffb72bab1fa72d9eaedd1b0788b/element - {"using":"xpath","value":"//*[@id=\"__tile55\"]"}
RESULT: {"using":"xpath","value":"//*[@id=\"__tile55\"]"}
COMMAND: POST /session/9db5fffb72bab1fa72d9eaedd1b0788b/element/f.901DD928DEEE95B40F04D4ACD88F12CC.d.2A5AF83351328052000F673D0E4C944E.e.2544/click - {}
RESULT: {}
COMMAND: GET /session/9db5fffb72bab1fa72d9eaedd1b0788b/screenshot - {}
RESULT: {}
COMMAND: POST /session/9db5fffb72bab1fa72d9eaedd1b0788b/elements - {"using":"xpath","value":"//span[text()='Error']"}
RESULT: {"using":"xpath","value":"//span[text()='Error']"}
RESULT: undefined
COMMAND: POST /session/9db5fffb72bab1fa72d9eaedd1b0788b/element - {"using":"xpath","value":"//*[@id=\"__tile55\"]"}
RESULT: {"using":"xpath","value":"//*[@id=\"__tile55\"]"}
COMMAND: POST /session/9db5fffb72bab1fa72d9eaedd1b0788b/element/f.901DD928DEEE95B40F04D4ACD88F12CC.d.2A5AF83351328052000F673D0E4C944E.e.2544/click - {}
RESULT: undefined
COMMAND: POST /session/9db5fffb72bab1fa72d9eaedd1b0788b/element - {"using":"xpath","value":"//*[@id=\"__tile55\"]"}
RESULT: {"using":"xpath","value":"//*[@id=\"__tile55\"]"}
COMMAND: POST /session/9db5fffb72bab1fa72d9eaedd1b0788b/element/f.901DD928DEEE95B40F04D4ACD88F12CC.d.2A5AF83351328052000F673D0E4C944E.e.2544/click - {}
RESULT: undefined
COMMAND: POST /session/9db5fffb72bab1fa72d9eaedd1b0788b/execute/async - {"script":"<script> [6424 bytes]","args":[{"element-6066-11e4-a52e-4f735466cecf":"f.901DD928DEEE95B40F04D4ACD88F12CC.d.2A5AF83351328052000F673D0E4C944E.e.234"},"getTitle",[]]}
COMMAND: POST /session/9db5fffb72bab1fa72d9eaedd1b0788b/execute/async - {"script":"<script> [1562 bytes]","args":[{"selector":{"id":"shellAppTitle"},"wdio_ui5_key":"shellAppTitle"}]}
RESULT: {"script":"<script> [1562 bytes]","args":[{"selector":{"id":"shellAppTitle"},"wdio_ui5_key":"shellAppTitle"}]}
COMMAND: POST /session/9db5fffb72bab1fa72d9eaedd1b0788b/execute/async - {"script":"<script> [6424 bytes]","args":[{"element-6066-11e4-a52e-4f735466cecf":"f.901DD928DEEE95B40F04D4ACD88F12CC.d.2A5AF83351328052000F673D0E4C944E.e.2602"},"getTitle",[]]}
RESULT: {"script":"<script> [6424 bytes]","args":[{"element-6066-11e4-a52e-4f735466cecf":"f.901DD928DEEE95B40F04D4ACD88F12CC.d.2A5AF83351328052000F673D0E4C944E.e.2602"},"getTitle",[]]}
RESULT: undefined
COMMAND: POST /session/9db5fffb72bab1fa72d9eaedd1b0788b/element/f.901DD928DEEE95B40F04D4ACD88F12CC.d.2A5AF83351328052000F673D0E4C944E.e.2542/click - {}
RESULT: {}
COMMAND: GET /session/9db5fffb72bab1fa72d9eaedd1b0788b/screenshot - {}
RESULT: {}
]]></system-out>
    </testcase>
    <testcase classname="chrome.136_0_7103_49.windows.Sanity_Tests_US104253" name="Should open Manage Price Determination Matrices page" time="42.35">
      <system-out><![CDATA[
COMMAND: POST /session/9db5fffb72bab1fa72d9eaedd1b0788b/execute/async - {"script":"<script> [1562 bytes]","args":[{"selector":{"controlType":"sap.m.GenericTile","properties":{"header":"Manage Price Determination Matrices"}},"wdio_ui5_key":"sapm.GenericTile{\"header\":\"Manage Price Determination Matrices\"}"}]}
RESULT: {"script":"<script> [1562 bytes]","args":[{"selector":{"controlType":"sap.m.GenericTile","properties":{"header":"Manage Price Determination Matrices"}},"wdio_ui5_key":"sapm.GenericTile{\"header\":\"Manage Price Determination Matrices\"}"}]}
RESULT: undefined
COMMAND: POST /session/9db5fffb72bab1fa72d9eaedd1b0788b/element - {"using":"xpath","value":"//*[@id=\"__tile54\"]"}
RESULT: {"using":"xpath","value":"//*[@id=\"__tile54\"]"}
COMMAND: POST /session/9db5fffb72bab1fa72d9eaedd1b0788b/element/f.901DD928DEEE95B40F04D4ACD88F12CC.d.2A5AF83351328052000F673D0E4C944E.e.2604/click - {}
RESULT: {}
COMMAND: GET /session/9db5fffb72bab1fa72d9eaedd1b0788b/screenshot - {}
RESULT: {}
COMMAND: POST /session/9db5fffb72bab1fa72d9eaedd1b0788b/elements - {"using":"xpath","value":"//span[text()='Error']"}
RESULT: {"using":"xpath","value":"//span[text()='Error']"}
RESULT: undefined
COMMAND: POST /session/9db5fffb72bab1fa72d9eaedd1b0788b/element - {"using":"xpath","value":"//*[@id=\"__tile54\"]"}
RESULT: {"using":"xpath","value":"//*[@id=\"__tile54\"]"}
COMMAND: POST /session/9db5fffb72bab1fa72d9eaedd1b0788b/element/f.901DD928DEEE95B40F04D4ACD88F12CC.d.2A5AF83351328052000F673D0E4C944E.e.2604/click - {}
RESULT: undefined
COMMAND: POST /session/9db5fffb72bab1fa72d9eaedd1b0788b/element - {"using":"xpath","value":"//*[@id=\"__tile54\"]"}
RESULT: {"using":"xpath","value":"//*[@id=\"__tile54\"]"}
COMMAND: POST /session/9db5fffb72bab1fa72d9eaedd1b0788b/element/f.901DD928DEEE95B40F04D4ACD88F12CC.d.2A5AF83351328052000F673D0E4C944E.e.2604/click - {}
RESULT: undefined
COMMAND: POST /session/9db5fffb72bab1fa72d9eaedd1b0788b/execute/async - {"script":"<script> [6424 bytes]","args":[{"element-6066-11e4-a52e-4f735466cecf":"f.901DD928DEEE95B40F04D4ACD88F12CC.d.2A5AF83351328052000F673D0E4C944E.e.234"},"getTitle",[]]}
COMMAND: POST /session/9db5fffb72bab1fa72d9eaedd1b0788b/execute/async - {"script":"<script> [1562 bytes]","args":[{"selector":{"id":"shellAppTitle"},"wdio_ui5_key":"shellAppTitle"}]}
RESULT: {"script":"<script> [1562 bytes]","args":[{"selector":{"id":"shellAppTitle"},"wdio_ui5_key":"shellAppTitle"}]}
COMMAND: POST /session/9db5fffb72bab1fa72d9eaedd1b0788b/execute/async - {"script":"<script> [6424 bytes]","args":[{"element-6066-11e4-a52e-4f735466cecf":"f.901DD928DEEE95B40F04D4ACD88F12CC.d.2A5AF83351328052000F673D0E4C944E.e.2684"},"getTitle",[]]}
RESULT: {"script":"<script> [6424 bytes]","args":[{"element-6066-11e4-a52e-4f735466cecf":"f.901DD928DEEE95B40F04D4ACD88F12CC.d.2A5AF83351328052000F673D0E4C944E.e.2684"},"getTitle",[]]}
RESULT: undefined
COMMAND: POST /session/9db5fffb72bab1fa72d9eaedd1b0788b/element/f.901DD928DEEE95B40F04D4ACD88F12CC.d.2A5AF83351328052000F673D0E4C944E.e.2542/click - {}
COMMAND: POST /session/9db5fffb72bab1fa72d9eaedd1b0788b/element - {"using":"xpath","value":"//*[@id=\"backBtn\"]"}
RESULT: {"using":"xpath","value":"//*[@id=\"backBtn\"]"}
COMMAND: POST /session/9db5fffb72bab1fa72d9eaedd1b0788b/element/f.901DD928DEEE95B40F04D4ACD88F12CC.d.2A5AF83351328052000F673D0E4C944E.e.2542/click - {}
COMMAND: POST /session/9db5fffb72bab1fa72d9eaedd1b0788b/element - {"using":"xpath","value":"//*[@id=\"backBtn\"]"}
RESULT: {"using":"xpath","value":"//*[@id=\"backBtn\"]"}
COMMAND: POST /session/9db5fffb72bab1fa72d9eaedd1b0788b/element/f.901DD928DEEE95B40F04D4ACD88F12CC.d.2A5AF83351328052000F673D0E4C944E.e.2685/click - {}
RESULT: {}
COMMAND: GET /session/9db5fffb72bab1fa72d9eaedd1b0788b/screenshot - {}
RESULT: {}
]]></system-out>
    </testcase>
    <testcase classname="chrome.136_0_7103_49.windows.Sanity_Tests_US104253" name="Should open Yard Overview page" time="37.414">
      <system-out><![CDATA[
COMMAND: POST /session/9db5fffb72bab1fa72d9eaedd1b0788b/execute/async - {"script":"<script> [1562 bytes]","args":[{"selector":{"controlType":"sap.m.GenericTile","properties":{"header":"Yard Overview"}},"wdio_ui5_key":"sapm.GenericTile{\"header\":\"Yard Overview\"}"}]}
RESULT: {"script":"<script> [1562 bytes]","args":[{"selector":{"controlType":"sap.m.GenericTile","properties":{"header":"Yard Overview"}},"wdio_ui5_key":"sapm.GenericTile{\"header\":\"Yard Overview\"}"}]}
RESULT: undefined
COMMAND: POST /session/9db5fffb72bab1fa72d9eaedd1b0788b/element - {"using":"xpath","value":"//*[@id=\"__tile102\"]"}
RESULT: {"using":"xpath","value":"//*[@id=\"__tile102\"]"}
COMMAND: POST /session/9db5fffb72bab1fa72d9eaedd1b0788b/element/f.901DD928DEEE95B40F04D4ACD88F12CC.d.2A5AF83351328052000F673D0E4C944E.e.2687/click - {}
RESULT: {}
COMMAND: GET /session/9db5fffb72bab1fa72d9eaedd1b0788b/screenshot - {}
RESULT: {}
COMMAND: POST /session/9db5fffb72bab1fa72d9eaedd1b0788b/elements - {"using":"xpath","value":"//span[text()='Error']"}
RESULT: {"using":"xpath","value":"//span[text()='Error']"}
RESULT: undefined
COMMAND: POST /session/9db5fffb72bab1fa72d9eaedd1b0788b/element - {"using":"xpath","value":"//*[@id=\"__tile102\"]"}
RESULT: {"using":"xpath","value":"//*[@id=\"__tile102\"]"}
COMMAND: POST /session/9db5fffb72bab1fa72d9eaedd1b0788b/element/f.901DD928DEEE95B40F04D4ACD88F12CC.d.2A5AF83351328052000F673D0E4C944E.e.2687/click - {}
RESULT: undefined
COMMAND: POST /session/9db5fffb72bab1fa72d9eaedd1b0788b/element - {"using":"xpath","value":"//*[@id=\"__tile102\"]"}
RESULT: {"using":"xpath","value":"//*[@id=\"__tile102\"]"}
COMMAND: POST /session/9db5fffb72bab1fa72d9eaedd1b0788b/element/f.901DD928DEEE95B40F04D4ACD88F12CC.d.2A5AF83351328052000F673D0E4C944E.e.2687/click - {}
RESULT: undefined
COMMAND: POST /session/9db5fffb72bab1fa72d9eaedd1b0788b/execute/async - {"script":"<script> [6424 bytes]","args":[{"element-6066-11e4-a52e-4f735466cecf":"f.901DD928DEEE95B40F04D4ACD88F12CC.d.2A5AF83351328052000F673D0E4C944E.e.234"},"getTitle",[]]}
COMMAND: POST /session/9db5fffb72bab1fa72d9eaedd1b0788b/execute/async - {"script":"<script> [1562 bytes]","args":[{"selector":{"id":"shellAppTitle"},"wdio_ui5_key":"shellAppTitle"}]}
RESULT: {"script":"<script> [1562 bytes]","args":[{"selector":{"id":"shellAppTitle"},"wdio_ui5_key":"shellAppTitle"}]}
COMMAND: POST /session/9db5fffb72bab1fa72d9eaedd1b0788b/execute/async - {"script":"<script> [6424 bytes]","args":[{"element-6066-11e4-a52e-4f735466cecf":"f.901DD928DEEE95B40F04D4ACD88F12CC.d.2A5AF83351328052000F673D0E4C944E.e.2752"},"getTitle",[]]}
RESULT: {"script":"<script> [6424 bytes]","args":[{"element-6066-11e4-a52e-4f735466cecf":"f.901DD928DEEE95B40F04D4ACD88F12CC.d.2A5AF83351328052000F673D0E4C944E.e.2752"},"getTitle",[]]}
RESULT: undefined
COMMAND: POST /session/9db5fffb72bab1fa72d9eaedd1b0788b/element/f.901DD928DEEE95B40F04D4ACD88F12CC.d.2A5AF83351328052000F673D0E4C944E.e.2685/click - {}
RESULT: {}
COMMAND: GET /session/9db5fffb72bab1fa72d9eaedd1b0788b/screenshot - {}
RESULT: {}
]]></system-out>
    </testcase>
    <testcase classname="chrome.136_0_7103_49.windows.Sanity_Tests_US104253" name="Should open Site Overview page" time="36.169">
      <system-out><![CDATA[
COMMAND: POST /session/9db5fffb72bab1fa72d9eaedd1b0788b/execute/async - {"script":"<script> [1562 bytes]","args":[{"selector":{"controlType":"sap.m.GenericTile","properties":{"header":"Site Overview"}},"wdio_ui5_key":"sapm.GenericTile{\"header\":\"Site Overview\"}"}]}
RESULT: {"script":"<script> [1562 bytes]","args":[{"selector":{"controlType":"sap.m.GenericTile","properties":{"header":"Site Overview"}},"wdio_ui5_key":"sapm.GenericTile{\"header\":\"Site Overview\"}"}]}
RESULT: undefined
COMMAND: POST /session/9db5fffb72bab1fa72d9eaedd1b0788b/element - {"using":"xpath","value":"//*[@id=\"__tile100\"]"}
RESULT: {"using":"xpath","value":"//*[@id=\"__tile100\"]"}
COMMAND: POST /session/9db5fffb72bab1fa72d9eaedd1b0788b/element/f.901DD928DEEE95B40F04D4ACD88F12CC.d.2A5AF83351328052000F673D0E4C944E.e.2755/click - {}
RESULT: {}
COMMAND: GET /session/9db5fffb72bab1fa72d9eaedd1b0788b/screenshot - {}
RESULT: {}
COMMAND: POST /session/9db5fffb72bab1fa72d9eaedd1b0788b/elements - {"using":"xpath","value":"//span[text()='Error']"}
RESULT: {"using":"xpath","value":"//span[text()='Error']"}
RESULT: undefined
COMMAND: POST /session/9db5fffb72bab1fa72d9eaedd1b0788b/element - {"using":"xpath","value":"//*[@id=\"__tile100\"]"}
RESULT: {"using":"xpath","value":"//*[@id=\"__tile100\"]"}
COMMAND: POST /session/9db5fffb72bab1fa72d9eaedd1b0788b/element/f.901DD928DEEE95B40F04D4ACD88F12CC.d.2A5AF83351328052000F673D0E4C944E.e.2755/click - {}
RESULT: undefined
COMMAND: POST /session/9db5fffb72bab1fa72d9eaedd1b0788b/element - {"using":"xpath","value":"//*[@id=\"__tile100\"]"}
RESULT: {"using":"xpath","value":"//*[@id=\"__tile100\"]"}
COMMAND: POST /session/9db5fffb72bab1fa72d9eaedd1b0788b/element/f.901DD928DEEE95B40F04D4ACD88F12CC.d.2A5AF83351328052000F673D0E4C944E.e.2755/click - {}
RESULT: undefined
COMMAND: POST /session/9db5fffb72bab1fa72d9eaedd1b0788b/execute/async - {"script":"<script> [6424 bytes]","args":[{"element-6066-11e4-a52e-4f735466cecf":"f.901DD928DEEE95B40F04D4ACD88F12CC.d.2A5AF83351328052000F673D0E4C944E.e.234"},"getTitle",[]]}
COMMAND: POST /session/9db5fffb72bab1fa72d9eaedd1b0788b/execute/async - {"script":"<script> [1562 bytes]","args":[{"selector":{"id":"shellAppTitle"},"wdio_ui5_key":"shellAppTitle"}]}
RESULT: {"script":"<script> [1562 bytes]","args":[{"selector":{"id":"shellAppTitle"},"wdio_ui5_key":"shellAppTitle"}]}
COMMAND: POST /session/9db5fffb72bab1fa72d9eaedd1b0788b/execute/async - {"script":"<script> [6424 bytes]","args":[{"element-6066-11e4-a52e-4f735466cecf":"f.901DD928DEEE95B40F04D4ACD88F12CC.d.2A5AF83351328052000F673D0E4C944E.e.2880"},"getTitle",[]]}
RESULT: {"script":"<script> [6424 bytes]","args":[{"element-6066-11e4-a52e-4f735466cecf":"f.901DD928DEEE95B40F04D4ACD88F12CC.d.2A5AF83351328052000F673D0E4C944E.e.2880"},"getTitle",[]]}
RESULT: undefined
COMMAND: POST /session/9db5fffb72bab1fa72d9eaedd1b0788b/element/f.901DD928DEEE95B40F04D4ACD88F12CC.d.2A5AF83351328052000F673D0E4C944E.e.2685/click - {}
COMMAND: POST /session/9db5fffb72bab1fa72d9eaedd1b0788b/element - {"using":"xpath","value":"//*[@id=\"backBtn\"]"}
RESULT: {"using":"xpath","value":"//*[@id=\"backBtn\"]"}
COMMAND: POST /session/9db5fffb72bab1fa72d9eaedd1b0788b/element/f.901DD928DEEE95B40F04D4ACD88F12CC.d.2A5AF83351328052000F673D0E4C944E.e.2685/click - {}
COMMAND: POST /session/9db5fffb72bab1fa72d9eaedd1b0788b/element - {"using":"xpath","value":"//*[@id=\"backBtn\"]"}
RESULT: {"using":"xpath","value":"//*[@id=\"backBtn\"]"}
COMMAND: POST /session/9db5fffb72bab1fa72d9eaedd1b0788b/element/f.901DD928DEEE95B40F04D4ACD88F12CC.d.2A5AF83351328052000F673D0E4C944E.e.2881/click - {}
RESULT: {}
COMMAND: GET /session/9db5fffb72bab1fa72d9eaedd1b0788b/screenshot - {}
RESULT: {}
]]></system-out>
    </testcase>
    <testcase classname="chrome.136_0_7103_49.windows.Sanity_Tests_US104253" name="Should open Trace Track Resources page" time="36.409">
      <system-out><![CDATA[
COMMAND: POST /session/9db5fffb72bab1fa72d9eaedd1b0788b/execute/async - {"script":"<script> [1562 bytes]","args":[{"selector":{"controlType":"sap.m.GenericTile","properties":{"header":"Trace & Track Resources"}},"wdio_ui5_key":"sapm.GenericTile{\"header\":\"Trace & Track Resources\"}"}]}
RESULT: {"script":"<script> [1562 bytes]","args":[{"selector":{"controlType":"sap.m.GenericTile","properties":{"header":"Trace & Track Resources"}},"wdio_ui5_key":"sapm.GenericTile{\"header\":\"Trace & Track Resources\"}"}]}
RESULT: undefined
COMMAND: POST /session/9db5fffb72bab1fa72d9eaedd1b0788b/element - {"using":"xpath","value":"//*[@id=\"__tile101\"]"}
RESULT: {"using":"xpath","value":"//*[@id=\"__tile101\"]"}
COMMAND: POST /session/9db5fffb72bab1fa72d9eaedd1b0788b/element/f.901DD928DEEE95B40F04D4ACD88F12CC.d.2A5AF83351328052000F673D0E4C944E.e.2883/click - {}
RESULT: {}
COMMAND: GET /session/9db5fffb72bab1fa72d9eaedd1b0788b/screenshot - {}
RESULT: {}
COMMAND: POST /session/9db5fffb72bab1fa72d9eaedd1b0788b/elements - {"using":"xpath","value":"//span[text()='Error']"}
RESULT: {"using":"xpath","value":"//span[text()='Error']"}
RESULT: undefined
COMMAND: POST /session/9db5fffb72bab1fa72d9eaedd1b0788b/element - {"using":"xpath","value":"//*[@id=\"__tile101\"]"}
RESULT: {"using":"xpath","value":"//*[@id=\"__tile101\"]"}
COMMAND: POST /session/9db5fffb72bab1fa72d9eaedd1b0788b/element/f.901DD928DEEE95B40F04D4ACD88F12CC.d.2A5AF83351328052000F673D0E4C944E.e.2883/click - {}
RESULT: undefined
COMMAND: POST /session/9db5fffb72bab1fa72d9eaedd1b0788b/element - {"using":"xpath","value":"//*[@id=\"__tile101\"]"}
RESULT: {"using":"xpath","value":"//*[@id=\"__tile101\"]"}
COMMAND: POST /session/9db5fffb72bab1fa72d9eaedd1b0788b/element/f.901DD928DEEE95B40F04D4ACD88F12CC.d.2A5AF83351328052000F673D0E4C944E.e.2883/click - {}
RESULT: undefined
COMMAND: POST /session/9db5fffb72bab1fa72d9eaedd1b0788b/execute/async - {"script":"<script> [6424 bytes]","args":[{"element-6066-11e4-a52e-4f735466cecf":"f.901DD928DEEE95B40F04D4ACD88F12CC.d.2A5AF83351328052000F673D0E4C944E.e.234"},"getTitle",[]]}
COMMAND: POST /session/9db5fffb72bab1fa72d9eaedd1b0788b/execute/async - {"script":"<script> [1562 bytes]","args":[{"selector":{"id":"shellAppTitle"},"wdio_ui5_key":"shellAppTitle"}]}
RESULT: {"script":"<script> [1562 bytes]","args":[{"selector":{"id":"shellAppTitle"},"wdio_ui5_key":"shellAppTitle"}]}
COMMAND: POST /session/9db5fffb72bab1fa72d9eaedd1b0788b/execute/async - {"script":"<script> [6424 bytes]","args":[{"element-6066-11e4-a52e-4f735466cecf":"f.901DD928DEEE95B40F04D4ACD88F12CC.d.2A5AF83351328052000F673D0E4C944E.e.2919"},"getTitle",[]]}
RESULT: {"script":"<script> [6424 bytes]","args":[{"element-6066-11e4-a52e-4f735466cecf":"f.901DD928DEEE95B40F04D4ACD88F12CC.d.2A5AF83351328052000F673D0E4C944E.e.2919"},"getTitle",[]]}
RESULT: undefined
COMMAND: POST /session/9db5fffb72bab1fa72d9eaedd1b0788b/element/f.901DD928DEEE95B40F04D4ACD88F12CC.d.2A5AF83351328052000F673D0E4C944E.e.2881/click - {}
RESULT: {}
COMMAND: GET /session/9db5fffb72bab1fa72d9eaedd1b0788b/screenshot - {}
RESULT: {}
]]></system-out>
    </testcase>
    <testcase classname="chrome.136_0_7103_49.windows.Sanity_Tests_US104253" name="Should open RU Inventory List page" time="36.513">
      <system-out><![CDATA[
COMMAND: POST /session/9db5fffb72bab1fa72d9eaedd1b0788b/execute/async - {"script":"<script> [1562 bytes]","args":[{"selector":{"controlType":"sap.m.GenericTile","properties":{"header":"RU Inventory List"}},"wdio_ui5_key":"sapm.GenericTile{\"header\":\"RU Inventory List\"}"}]}
RESULT: {"script":"<script> [1562 bytes]","args":[{"selector":{"controlType":"sap.m.GenericTile","properties":{"header":"RU Inventory List"}},"wdio_ui5_key":"sapm.GenericTile{\"header\":\"RU Inventory List\"}"}]}
RESULT: undefined
COMMAND: POST /session/9db5fffb72bab1fa72d9eaedd1b0788b/element - {"using":"xpath","value":"//*[@id=\"__tile99\"]"}
RESULT: {"using":"xpath","value":"//*[@id=\"__tile99\"]"}
COMMAND: POST /session/9db5fffb72bab1fa72d9eaedd1b0788b/element/f.901DD928DEEE95B40F04D4ACD88F12CC.d.2A5AF83351328052000F673D0E4C944E.e.2921/click - {}
RESULT: {}
COMMAND: GET /session/9db5fffb72bab1fa72d9eaedd1b0788b/screenshot - {}
RESULT: {}
COMMAND: POST /session/9db5fffb72bab1fa72d9eaedd1b0788b/elements - {"using":"xpath","value":"//span[text()='Error']"}
RESULT: {"using":"xpath","value":"//span[text()='Error']"}
RESULT: undefined
COMMAND: POST /session/9db5fffb72bab1fa72d9eaedd1b0788b/element - {"using":"xpath","value":"//*[@id=\"__tile99\"]"}
RESULT: {"using":"xpath","value":"//*[@id=\"__tile99\"]"}
COMMAND: POST /session/9db5fffb72bab1fa72d9eaedd1b0788b/element/f.901DD928DEEE95B40F04D4ACD88F12CC.d.2A5AF83351328052000F673D0E4C944E.e.2921/click - {}
RESULT: undefined
COMMAND: POST /session/9db5fffb72bab1fa72d9eaedd1b0788b/element - {"using":"xpath","value":"//*[@id=\"__tile99\"]"}
RESULT: {"using":"xpath","value":"//*[@id=\"__tile99\"]"}
COMMAND: POST /session/9db5fffb72bab1fa72d9eaedd1b0788b/element/f.901DD928DEEE95B40F04D4ACD88F12CC.d.2A5AF83351328052000F673D0E4C944E.e.2921/click - {}
RESULT: undefined
COMMAND: POST /session/9db5fffb72bab1fa72d9eaedd1b0788b/execute/async - {"script":"<script> [6424 bytes]","args":[{"element-6066-11e4-a52e-4f735466cecf":"f.901DD928DEEE95B40F04D4ACD88F12CC.d.2A5AF83351328052000F673D0E4C944E.e.234"},"getTitle",[]]}
COMMAND: POST /session/9db5fffb72bab1fa72d9eaedd1b0788b/execute/async - {"script":"<script> [1562 bytes]","args":[{"selector":{"id":"shellAppTitle"},"wdio_ui5_key":"shellAppTitle"}]}
RESULT: {"script":"<script> [1562 bytes]","args":[{"selector":{"id":"shellAppTitle"},"wdio_ui5_key":"shellAppTitle"}]}
COMMAND: POST /session/9db5fffb72bab1fa72d9eaedd1b0788b/execute/async - {"script":"<script> [6424 bytes]","args":[{"element-6066-11e4-a52e-4f735466cecf":"f.901DD928DEEE95B40F04D4ACD88F12CC.d.2A5AF83351328052000F673D0E4C944E.e.3116"},"getTitle",[]]}
RESULT: {"script":"<script> [6424 bytes]","args":[{"element-6066-11e4-a52e-4f735466cecf":"f.901DD928DEEE95B40F04D4ACD88F12CC.d.2A5AF83351328052000F673D0E4C944E.e.3116"},"getTitle",[]]}
RESULT: undefined
COMMAND: POST /session/9db5fffb72bab1fa72d9eaedd1b0788b/element/f.901DD928DEEE95B40F04D4ACD88F12CC.d.2A5AF83351328052000F673D0E4C944E.e.2881/click - {}
COMMAND: POST /session/9db5fffb72bab1fa72d9eaedd1b0788b/element - {"using":"xpath","value":"//*[@id=\"backBtn\"]"}
RESULT: {"using":"xpath","value":"//*[@id=\"backBtn\"]"}
COMMAND: POST /session/9db5fffb72bab1fa72d9eaedd1b0788b/element/f.901DD928DEEE95B40F04D4ACD88F12CC.d.2A5AF83351328052000F673D0E4C944E.e.2881/click - {}
COMMAND: POST /session/9db5fffb72bab1fa72d9eaedd1b0788b/element - {"using":"xpath","value":"//*[@id=\"backBtn\"]"}
RESULT: {"using":"xpath","value":"//*[@id=\"backBtn\"]"}
COMMAND: POST /session/9db5fffb72bab1fa72d9eaedd1b0788b/element/f.901DD928DEEE95B40F04D4ACD88F12CC.d.2A5AF83351328052000F673D0E4C944E.e.3117/click - {}
RESULT: {}
COMMAND: GET /session/9db5fffb72bab1fa72d9eaedd1b0788b/screenshot - {}
RESULT: {}
]]></system-out>
    </testcase>
    <testcase classname="chrome.136_0_7103_49.windows.Sanity_Tests_US104253" name="Should open Contracts Dashboard page" time="40.938">
      <system-out><![CDATA[
COMMAND: POST /session/9db5fffb72bab1fa72d9eaedd1b0788b/execute/async - {"script":"<script> [1562 bytes]","args":[{"selector":{"controlType":"sap.m.GenericTile","properties":{"header":"Contracts Dashboard"}},"wdio_ui5_key":"sapm.GenericTile{\"header\":\"Contracts Dashboard\"}"}]}
RESULT: {"script":"<script> [1562 bytes]","args":[{"selector":{"controlType":"sap.m.GenericTile","properties":{"header":"Contracts Dashboard"}},"wdio_ui5_key":"sapm.GenericTile{\"header\":\"Contracts Dashboard\"}"}]}
RESULT: undefined
COMMAND: POST /session/9db5fffb72bab1fa72d9eaedd1b0788b/element - {"using":"xpath","value":"//*[@id=\"__tile97\"]"}
RESULT: {"using":"xpath","value":"//*[@id=\"__tile97\"]"}
COMMAND: POST /session/9db5fffb72bab1fa72d9eaedd1b0788b/element/f.901DD928DEEE95B40F04D4ACD88F12CC.d.2A5AF83351328052000F673D0E4C944E.e.3119/click - {}
RESULT: {}
COMMAND: GET /session/9db5fffb72bab1fa72d9eaedd1b0788b/screenshot - {}
RESULT: {}
COMMAND: POST /session/9db5fffb72bab1fa72d9eaedd1b0788b/elements - {"using":"xpath","value":"//span[text()='Error']"}
RESULT: {"using":"xpath","value":"//span[text()='Error']"}
RESULT: undefined
COMMAND: POST /session/9db5fffb72bab1fa72d9eaedd1b0788b/element - {"using":"xpath","value":"//*[@id=\"__tile97\"]"}
RESULT: {"using":"xpath","value":"//*[@id=\"__tile97\"]"}
COMMAND: POST /session/9db5fffb72bab1fa72d9eaedd1b0788b/element/f.901DD928DEEE95B40F04D4ACD88F12CC.d.2A5AF83351328052000F673D0E4C944E.e.3119/click - {}
RESULT: undefined
COMMAND: POST /session/9db5fffb72bab1fa72d9eaedd1b0788b/element - {"using":"xpath","value":"//*[@id=\"__tile97\"]"}
RESULT: {"using":"xpath","value":"//*[@id=\"__tile97\"]"}
COMMAND: POST /session/9db5fffb72bab1fa72d9eaedd1b0788b/element/f.901DD928DEEE95B40F04D4ACD88F12CC.d.2A5AF83351328052000F673D0E4C944E.e.3119/click - {}
RESULT: undefined
COMMAND: POST /session/9db5fffb72bab1fa72d9eaedd1b0788b/execute/async - {"script":"<script> [6424 bytes]","args":[{"element-6066-11e4-a52e-4f735466cecf":"f.901DD928DEEE95B40F04D4ACD88F12CC.d.2A5AF83351328052000F673D0E4C944E.e.234"},"getTitle",[]]}
COMMAND: POST /session/9db5fffb72bab1fa72d9eaedd1b0788b/execute/async - {"script":"<script> [1562 bytes]","args":[{"selector":{"id":"shellAppTitle"},"wdio_ui5_key":"shellAppTitle"}]}
RESULT: {"script":"<script> [1562 bytes]","args":[{"selector":{"id":"shellAppTitle"},"wdio_ui5_key":"shellAppTitle"}]}
COMMAND: POST /session/9db5fffb72bab1fa72d9eaedd1b0788b/execute/async - {"script":"<script> [6424 bytes]","args":[{"element-6066-11e4-a52e-4f735466cecf":"f.901DD928DEEE95B40F04D4ACD88F12CC.d.2A5AF83351328052000F673D0E4C944E.e.3138"},"getTitle",[]]}
RESULT: {"script":"<script> [6424 bytes]","args":[{"element-6066-11e4-a52e-4f735466cecf":"f.901DD928DEEE95B40F04D4ACD88F12CC.d.2A5AF83351328052000F673D0E4C944E.e.3138"},"getTitle",[]]}
RESULT: undefined
COMMAND: POST /session/9db5fffb72bab1fa72d9eaedd1b0788b/element/f.901DD928DEEE95B40F04D4ACD88F12CC.d.2A5AF83351328052000F673D0E4C944E.e.3117/click - {}
RESULT: {}
COMMAND: GET /session/9db5fffb72bab1fa72d9eaedd1b0788b/screenshot - {}
RESULT: {}
]]></system-out>
    </testcase>
    <testcase classname="chrome.136_0_7103_49.windows.Sanity_Tests_US104253" name="Should open Bin Status Report page" time="39.871">
      <system-out><![CDATA[
COMMAND: POST /session/9db5fffb72bab1fa72d9eaedd1b0788b/execute/async - {"script":"<script> [1562 bytes]","args":[{"selector":{"controlType":"sap.m.GenericTile","properties":{"header":"Bin Status Report"}},"wdio_ui5_key":"sapm.GenericTile{\"header\":\"Bin Status Report\"}"}]}
RESULT: {"script":"<script> [1562 bytes]","args":[{"selector":{"controlType":"sap.m.GenericTile","properties":{"header":"Bin Status Report"}},"wdio_ui5_key":"sapm.GenericTile{\"header\":\"Bin Status Report\"}"}]}
RESULT: undefined
COMMAND: POST /session/9db5fffb72bab1fa72d9eaedd1b0788b/element - {"using":"xpath","value":"//*[@id=\"__tile104\"]"}
RESULT: {"using":"xpath","value":"//*[@id=\"__tile104\"]"}
COMMAND: POST /session/9db5fffb72bab1fa72d9eaedd1b0788b/element/f.901DD928DEEE95B40F04D4ACD88F12CC.d.2A5AF83351328052000F673D0E4C944E.e.3140/click - {}
RESULT: {}
COMMAND: GET /session/9db5fffb72bab1fa72d9eaedd1b0788b/screenshot - {}
RESULT: {}
COMMAND: POST /session/9db5fffb72bab1fa72d9eaedd1b0788b/elements - {"using":"xpath","value":"//span[text()='Error']"}
RESULT: {"using":"xpath","value":"//span[text()='Error']"}
RESULT: undefined
COMMAND: POST /session/9db5fffb72bab1fa72d9eaedd1b0788b/element - {"using":"xpath","value":"//*[@id=\"__tile104\"]"}
RESULT: {"using":"xpath","value":"//*[@id=\"__tile104\"]"}
COMMAND: POST /session/9db5fffb72bab1fa72d9eaedd1b0788b/element/f.901DD928DEEE95B40F04D4ACD88F12CC.d.2A5AF83351328052000F673D0E4C944E.e.3140/click - {}
RESULT: undefined
COMMAND: POST /session/9db5fffb72bab1fa72d9eaedd1b0788b/element - {"using":"xpath","value":"//*[@id=\"__tile104\"]"}
RESULT: {"using":"xpath","value":"//*[@id=\"__tile104\"]"}
COMMAND: POST /session/9db5fffb72bab1fa72d9eaedd1b0788b/element/f.901DD928DEEE95B40F04D4ACD88F12CC.d.2A5AF83351328052000F673D0E4C944E.e.3140/click - {}
RESULT: undefined
COMMAND: POST /session/9db5fffb72bab1fa72d9eaedd1b0788b/execute/async - {"script":"<script> [6424 bytes]","args":[{"element-6066-11e4-a52e-4f735466cecf":"f.901DD928DEEE95B40F04D4ACD88F12CC.d.2A5AF83351328052000F673D0E4C944E.e.234"},"getTitle",[]]}
COMMAND: POST /session/9db5fffb72bab1fa72d9eaedd1b0788b/execute/async - {"script":"<script> [1562 bytes]","args":[{"selector":{"id":"shellAppTitle"},"wdio_ui5_key":"shellAppTitle"}]}
RESULT: {"script":"<script> [1562 bytes]","args":[{"selector":{"id":"shellAppTitle"},"wdio_ui5_key":"shellAppTitle"}]}
COMMAND: POST /session/9db5fffb72bab1fa72d9eaedd1b0788b/execute/async - {"script":"<script> [6424 bytes]","args":[{"element-6066-11e4-a52e-4f735466cecf":"f.901DD928DEEE95B40F04D4ACD88F12CC.d.2A5AF83351328052000F673D0E4C944E.e.3235"},"getTitle",[]]}
RESULT: {"script":"<script> [6424 bytes]","args":[{"element-6066-11e4-a52e-4f735466cecf":"f.901DD928DEEE95B40F04D4ACD88F12CC.d.2A5AF83351328052000F673D0E4C944E.e.3235"},"getTitle",[]]}
RESULT: undefined
COMMAND: POST /session/9db5fffb72bab1fa72d9eaedd1b0788b/element/f.901DD928DEEE95B40F04D4ACD88F12CC.d.2A5AF83351328052000F673D0E4C944E.e.3117/click - {}
COMMAND: POST /session/9db5fffb72bab1fa72d9eaedd1b0788b/element - {"using":"xpath","value":"//*[@id=\"backBtn\"]"}
RESULT: {"using":"xpath","value":"//*[@id=\"backBtn\"]"}
COMMAND: POST /session/9db5fffb72bab1fa72d9eaedd1b0788b/element/f.901DD928DEEE95B40F04D4ACD88F12CC.d.2A5AF83351328052000F673D0E4C944E.e.3117/click - {}
COMMAND: POST /session/9db5fffb72bab1fa72d9eaedd1b0788b/element - {"using":"xpath","value":"//*[@id=\"backBtn\"]"}
RESULT: {"using":"xpath","value":"//*[@id=\"backBtn\"]"}
COMMAND: POST /session/9db5fffb72bab1fa72d9eaedd1b0788b/element/f.901DD928DEEE95B40F04D4ACD88F12CC.d.2A5AF83351328052000F673D0E4C944E.e.3236/click - {}
RESULT: {}
COMMAND: GET /session/9db5fffb72bab1fa72d9eaedd1b0788b/screenshot - {}
RESULT: {}
]]></system-out>
    </testcase>
    <testcase classname="chrome.136_0_7103_49.windows.Sanity_Tests_US104253" name="Should open Manage Warehouse Movements page" time="37.623">
      <system-out><![CDATA[
COMMAND: POST /session/9db5fffb72bab1fa72d9eaedd1b0788b/execute/async - {"script":"<script> [1562 bytes]","args":[{"selector":{"controlType":"sap.m.GenericTile","properties":{"header":"Manage Warehouse Movements"}},"wdio_ui5_key":"sapm.GenericTile{\"header\":\"Manage Warehouse Movements\"}"}]}
RESULT: {"script":"<script> [1562 bytes]","args":[{"selector":{"controlType":"sap.m.GenericTile","properties":{"header":"Manage Warehouse Movements"}},"wdio_ui5_key":"sapm.GenericTile{\"header\":\"Manage Warehouse Movements\"}"}]}
RESULT: undefined
COMMAND: POST /session/9db5fffb72bab1fa72d9eaedd1b0788b/element - {"using":"xpath","value":"//*[@id=\"__tile105\"]"}
RESULT: {"using":"xpath","value":"//*[@id=\"__tile105\"]"}
COMMAND: POST /session/9db5fffb72bab1fa72d9eaedd1b0788b/element/f.901DD928DEEE95B40F04D4ACD88F12CC.d.2A5AF83351328052000F673D0E4C944E.e.3240/click - {}
RESULT: {}
COMMAND: GET /session/9db5fffb72bab1fa72d9eaedd1b0788b/screenshot - {}
RESULT: {}
COMMAND: POST /session/9db5fffb72bab1fa72d9eaedd1b0788b/elements - {"using":"xpath","value":"//span[text()='Error']"}
RESULT: {"using":"xpath","value":"//span[text()='Error']"}
RESULT: undefined
COMMAND: POST /session/9db5fffb72bab1fa72d9eaedd1b0788b/element - {"using":"xpath","value":"//*[@id=\"__tile105\"]"}
RESULT: {"using":"xpath","value":"//*[@id=\"__tile105\"]"}
COMMAND: POST /session/9db5fffb72bab1fa72d9eaedd1b0788b/element/f.901DD928DEEE95B40F04D4ACD88F12CC.d.2A5AF83351328052000F673D0E4C944E.e.3240/click - {}
RESULT: undefined
COMMAND: POST /session/9db5fffb72bab1fa72d9eaedd1b0788b/element - {"using":"xpath","value":"//*[@id=\"__tile105\"]"}
RESULT: {"using":"xpath","value":"//*[@id=\"__tile105\"]"}
COMMAND: POST /session/9db5fffb72bab1fa72d9eaedd1b0788b/element/f.901DD928DEEE95B40F04D4ACD88F12CC.d.2A5AF83351328052000F673D0E4C944E.e.3240/click - {}
RESULT: undefined
COMMAND: POST /session/9db5fffb72bab1fa72d9eaedd1b0788b/execute/async - {"script":"<script> [6424 bytes]","args":[{"element-6066-11e4-a52e-4f735466cecf":"f.901DD928DEEE95B40F04D4ACD88F12CC.d.2A5AF83351328052000F673D0E4C944E.e.234"},"getTitle",[]]}
COMMAND: POST /session/9db5fffb72bab1fa72d9eaedd1b0788b/execute/async - {"script":"<script> [1562 bytes]","args":[{"selector":{"id":"shellAppTitle"},"wdio_ui5_key":"shellAppTitle"}]}
RESULT: {"script":"<script> [1562 bytes]","args":[{"selector":{"id":"shellAppTitle"},"wdio_ui5_key":"shellAppTitle"}]}
COMMAND: POST /session/9db5fffb72bab1fa72d9eaedd1b0788b/execute/async - {"script":"<script> [6424 bytes]","args":[{"element-6066-11e4-a52e-4f735466cecf":"f.901DD928DEEE95B40F04D4ACD88F12CC.d.2A5AF83351328052000F673D0E4C944E.e.3328"},"getTitle",[]]}
RESULT: {"script":"<script> [6424 bytes]","args":[{"element-6066-11e4-a52e-4f735466cecf":"f.901DD928DEEE95B40F04D4ACD88F12CC.d.2A5AF83351328052000F673D0E4C944E.e.3328"},"getTitle",[]]}
RESULT: undefined
COMMAND: POST /session/9db5fffb72bab1fa72d9eaedd1b0788b/element/f.901DD928DEEE95B40F04D4ACD88F12CC.d.2A5AF83351328052000F673D0E4C944E.e.3236/click - {}
RESULT: {}
COMMAND: GET /session/9db5fffb72bab1fa72d9eaedd1b0788b/screenshot - {}
RESULT: {}
]]></system-out>
    </testcase>
    <testcase classname="chrome.136_0_7103_49.windows.Sanity_Tests_US104253" name="Should open Bin Inventory List page" time="36.633">
      <system-out><![CDATA[
COMMAND: POST /session/9db5fffb72bab1fa72d9eaedd1b0788b/execute/async - {"script":"<script> [1562 bytes]","args":[{"selector":{"controlType":"sap.m.GenericTile","properties":{"header":"Bin Inventory List"}},"wdio_ui5_key":"sapm.GenericTile{\"header\":\"Bin Inventory List\"}"}]}
RESULT: {"script":"<script> [1562 bytes]","args":[{"selector":{"controlType":"sap.m.GenericTile","properties":{"header":"Bin Inventory List"}},"wdio_ui5_key":"sapm.GenericTile{\"header\":\"Bin Inventory List\"}"}]}
RESULT: undefined
COMMAND: POST /session/9db5fffb72bab1fa72d9eaedd1b0788b/element - {"using":"xpath","value":"//*[@id=\"__tile103\"]"}
RESULT: {"using":"xpath","value":"//*[@id=\"__tile103\"]"}
COMMAND: POST /session/9db5fffb72bab1fa72d9eaedd1b0788b/element/f.901DD928DEEE95B40F04D4ACD88F12CC.d.2A5AF83351328052000F673D0E4C944E.e.3330/click - {}
RESULT: {}
COMMAND: GET /session/9db5fffb72bab1fa72d9eaedd1b0788b/screenshot - {}
RESULT: {}
COMMAND: POST /session/9db5fffb72bab1fa72d9eaedd1b0788b/elements - {"using":"xpath","value":"//span[text()='Error']"}
RESULT: {"using":"xpath","value":"//span[text()='Error']"}
RESULT: undefined
COMMAND: POST /session/9db5fffb72bab1fa72d9eaedd1b0788b/element - {"using":"xpath","value":"//*[@id=\"__tile103\"]"}
RESULT: {"using":"xpath","value":"//*[@id=\"__tile103\"]"}
COMMAND: POST /session/9db5fffb72bab1fa72d9eaedd1b0788b/element/f.901DD928DEEE95B40F04D4ACD88F12CC.d.2A5AF83351328052000F673D0E4C944E.e.3330/click - {}
RESULT: undefined
COMMAND: POST /session/9db5fffb72bab1fa72d9eaedd1b0788b/element - {"using":"xpath","value":"//*[@id=\"__tile103\"]"}
RESULT: {"using":"xpath","value":"//*[@id=\"__tile103\"]"}
COMMAND: POST /session/9db5fffb72bab1fa72d9eaedd1b0788b/element/f.901DD928DEEE95B40F04D4ACD88F12CC.d.2A5AF83351328052000F673D0E4C944E.e.3330/click - {}
RESULT: undefined
COMMAND: POST /session/9db5fffb72bab1fa72d9eaedd1b0788b/execute/async - {"script":"<script> [6424 bytes]","args":[{"element-6066-11e4-a52e-4f735466cecf":"f.901DD928DEEE95B40F04D4ACD88F12CC.d.2A5AF83351328052000F673D0E4C944E.e.234"},"getTitle",[]]}
COMMAND: POST /session/9db5fffb72bab1fa72d9eaedd1b0788b/execute/async - {"script":"<script> [1562 bytes]","args":[{"selector":{"id":"shellAppTitle"},"wdio_ui5_key":"shellAppTitle"}]}
RESULT: {"script":"<script> [1562 bytes]","args":[{"selector":{"id":"shellAppTitle"},"wdio_ui5_key":"shellAppTitle"}]}
COMMAND: POST /session/9db5fffb72bab1fa72d9eaedd1b0788b/execute/async - {"script":"<script> [6424 bytes]","args":[{"element-6066-11e4-a52e-4f735466cecf":"f.901DD928DEEE95B40F04D4ACD88F12CC.d.2A5AF83351328052000F673D0E4C944E.e.3426"},"getTitle",[]]}
RESULT: {"script":"<script> [6424 bytes]","args":[{"element-6066-11e4-a52e-4f735466cecf":"f.901DD928DEEE95B40F04D4ACD88F12CC.d.2A5AF83351328052000F673D0E4C944E.e.3426"},"getTitle",[]]}
RESULT: undefined
COMMAND: POST /session/9db5fffb72bab1fa72d9eaedd1b0788b/element/f.901DD928DEEE95B40F04D4ACD88F12CC.d.2A5AF83351328052000F673D0E4C944E.e.3236/click - {}
COMMAND: POST /session/9db5fffb72bab1fa72d9eaedd1b0788b/element - {"using":"xpath","value":"//*[@id=\"backBtn\"]"}
RESULT: {"using":"xpath","value":"//*[@id=\"backBtn\"]"}
COMMAND: POST /session/9db5fffb72bab1fa72d9eaedd1b0788b/element/f.901DD928DEEE95B40F04D4ACD88F12CC.d.2A5AF83351328052000F673D0E4C944E.e.3236/click - {}
COMMAND: POST /session/9db5fffb72bab1fa72d9eaedd1b0788b/element - {"using":"xpath","value":"//*[@id=\"backBtn\"]"}
RESULT: {"using":"xpath","value":"//*[@id=\"backBtn\"]"}
COMMAND: POST /session/9db5fffb72bab1fa72d9eaedd1b0788b/element/f.901DD928DEEE95B40F04D4ACD88F12CC.d.2A5AF83351328052000F673D0E4C944E.e.3427/click - {}
RESULT: {}
COMMAND: GET /session/9db5fffb72bab1fa72d9eaedd1b0788b/screenshot - {}
RESULT: {}
]]></system-out>
    </testcase>
    <testcase classname="chrome.136_0_7103_49.windows.Sanity_Tests_US104253" name="Should open ISC Templates page" time="38.008">
      <system-out><![CDATA[
COMMAND: POST /session/9db5fffb72bab1fa72d9eaedd1b0788b/execute/async - {"script":"<script> [1562 bytes]","args":[{"selector":{"controlType":"sap.m.GenericTile","properties":{"header":"ISC Templates"}},"wdio_ui5_key":"sapm.GenericTile{\"header\":\"ISC Templates\"}"}]}
RESULT: {"script":"<script> [1562 bytes]","args":[{"selector":{"controlType":"sap.m.GenericTile","properties":{"header":"ISC Templates"}},"wdio_ui5_key":"sapm.GenericTile{\"header\":\"ISC Templates\"}"}]}
RESULT: undefined
COMMAND: POST /session/9db5fffb72bab1fa72d9eaedd1b0788b/element - {"using":"xpath","value":"//*[@id=\"__tile111\"]"}
RESULT: {"using":"xpath","value":"//*[@id=\"__tile111\"]"}
COMMAND: POST /session/9db5fffb72bab1fa72d9eaedd1b0788b/element/f.901DD928DEEE95B40F04D4ACD88F12CC.d.2A5AF83351328052000F673D0E4C944E.e.3429/click - {}
RESULT: {}
COMMAND: GET /session/9db5fffb72bab1fa72d9eaedd1b0788b/screenshot - {}
RESULT: {}
COMMAND: POST /session/9db5fffb72bab1fa72d9eaedd1b0788b/elements - {"using":"xpath","value":"//span[text()='Error']"}
RESULT: {"using":"xpath","value":"//span[text()='Error']"}
RESULT: undefined
COMMAND: POST /session/9db5fffb72bab1fa72d9eaedd1b0788b/element - {"using":"xpath","value":"//*[@id=\"__tile111\"]"}
RESULT: {"using":"xpath","value":"//*[@id=\"__tile111\"]"}
COMMAND: POST /session/9db5fffb72bab1fa72d9eaedd1b0788b/element/f.901DD928DEEE95B40F04D4ACD88F12CC.d.2A5AF83351328052000F673D0E4C944E.e.3429/click - {}
RESULT: undefined
COMMAND: POST /session/9db5fffb72bab1fa72d9eaedd1b0788b/element - {"using":"xpath","value":"//*[@id=\"__tile111\"]"}
RESULT: {"using":"xpath","value":"//*[@id=\"__tile111\"]"}
COMMAND: POST /session/9db5fffb72bab1fa72d9eaedd1b0788b/element/f.901DD928DEEE95B40F04D4ACD88F12CC.d.2A5AF83351328052000F673D0E4C944E.e.3429/click - {}
RESULT: undefined
COMMAND: POST /session/9db5fffb72bab1fa72d9eaedd1b0788b/execute/async - {"script":"<script> [6424 bytes]","args":[{"element-6066-11e4-a52e-4f735466cecf":"f.901DD928DEEE95B40F04D4ACD88F12CC.d.2A5AF83351328052000F673D0E4C944E.e.234"},"getTitle",[]]}
COMMAND: POST /session/9db5fffb72bab1fa72d9eaedd1b0788b/execute/async - {"script":"<script> [1562 bytes]","args":[{"selector":{"id":"shellAppTitle"},"wdio_ui5_key":"shellAppTitle"}]}
RESULT: {"script":"<script> [1562 bytes]","args":[{"selector":{"id":"shellAppTitle"},"wdio_ui5_key":"shellAppTitle"}]}
COMMAND: POST /session/9db5fffb72bab1fa72d9eaedd1b0788b/execute/async - {"script":"<script> [6424 bytes]","args":[{"element-6066-11e4-a52e-4f735466cecf":"f.901DD928DEEE95B40F04D4ACD88F12CC.d.2A5AF83351328052000F673D0E4C944E.e.3498"},"getTitle",[]]}
RESULT: {"script":"<script> [6424 bytes]","args":[{"element-6066-11e4-a52e-4f735466cecf":"f.901DD928DEEE95B40F04D4ACD88F12CC.d.2A5AF83351328052000F673D0E4C944E.e.3498"},"getTitle",[]]}
RESULT: undefined
COMMAND: POST /session/9db5fffb72bab1fa72d9eaedd1b0788b/element/f.901DD928DEEE95B40F04D4ACD88F12CC.d.2A5AF83351328052000F673D0E4C944E.e.3427/click - {}
RESULT: {}
COMMAND: GET /session/9db5fffb72bab1fa72d9eaedd1b0788b/screenshot - {}
RESULT: {}
]]></system-out>
    </testcase>
    <testcase classname="chrome.136_0_7103_49.windows.Sanity_Tests_US104253" name="Should open ISC Schedules page" time="37.786">
      <system-out><![CDATA[
COMMAND: POST /session/9db5fffb72bab1fa72d9eaedd1b0788b/execute/async - {"script":"<script> [1562 bytes]","args":[{"selector":{"controlType":"sap.m.GenericTile","properties":{"header":"ISC Schedules"}},"wdio_ui5_key":"sapm.GenericTile{\"header\":\"ISC Schedules\"}"}]}
RESULT: {"script":"<script> [1562 bytes]","args":[{"selector":{"controlType":"sap.m.GenericTile","properties":{"header":"ISC Schedules"}},"wdio_ui5_key":"sapm.GenericTile{\"header\":\"ISC Schedules\"}"}]}
RESULT: undefined
COMMAND: POST /session/9db5fffb72bab1fa72d9eaedd1b0788b/element - {"using":"xpath","value":"//*[@id=\"__tile109\"]"}
RESULT: {"using":"xpath","value":"//*[@id=\"__tile109\"]"}
COMMAND: POST /session/9db5fffb72bab1fa72d9eaedd1b0788b/element/f.901DD928DEEE95B40F04D4ACD88F12CC.d.2A5AF83351328052000F673D0E4C944E.e.3501/click - {}
RESULT: {}
COMMAND: GET /session/9db5fffb72bab1fa72d9eaedd1b0788b/screenshot - {}
RESULT: {}
COMMAND: POST /session/9db5fffb72bab1fa72d9eaedd1b0788b/elements - {"using":"xpath","value":"//span[text()='Error']"}
RESULT: {"using":"xpath","value":"//span[text()='Error']"}
RESULT: undefined
COMMAND: POST /session/9db5fffb72bab1fa72d9eaedd1b0788b/element - {"using":"xpath","value":"//*[@id=\"__tile109\"]"}
RESULT: {"using":"xpath","value":"//*[@id=\"__tile109\"]"}
COMMAND: POST /session/9db5fffb72bab1fa72d9eaedd1b0788b/element/f.901DD928DEEE95B40F04D4ACD88F12CC.d.2A5AF83351328052000F673D0E4C944E.e.3501/click - {}
RESULT: undefined
COMMAND: POST /session/9db5fffb72bab1fa72d9eaedd1b0788b/element - {"using":"xpath","value":"//*[@id=\"__tile109\"]"}
RESULT: {"using":"xpath","value":"//*[@id=\"__tile109\"]"}
COMMAND: POST /session/9db5fffb72bab1fa72d9eaedd1b0788b/element/f.901DD928DEEE95B40F04D4ACD88F12CC.d.2A5AF83351328052000F673D0E4C944E.e.3501/click - {}
RESULT: undefined
COMMAND: POST /session/9db5fffb72bab1fa72d9eaedd1b0788b/execute/async - {"script":"<script> [6424 bytes]","args":[{"element-6066-11e4-a52e-4f735466cecf":"f.901DD928DEEE95B40F04D4ACD88F12CC.d.2A5AF83351328052000F673D0E4C944E.e.234"},"getTitle",[]]}
COMMAND: POST /session/9db5fffb72bab1fa72d9eaedd1b0788b/execute/async - {"script":"<script> [1562 bytes]","args":[{"selector":{"id":"shellAppTitle"},"wdio_ui5_key":"shellAppTitle"}]}
RESULT: {"script":"<script> [1562 bytes]","args":[{"selector":{"id":"shellAppTitle"},"wdio_ui5_key":"shellAppTitle"}]}
COMMAND: POST /session/9db5fffb72bab1fa72d9eaedd1b0788b/execute/async - {"script":"<script> [6424 bytes]","args":[{"element-6066-11e4-a52e-4f735466cecf":"f.901DD928DEEE95B40F04D4ACD88F12CC.d.2A5AF83351328052000F673D0E4C944E.e.3583"},"getTitle",[]]}
RESULT: {"script":"<script> [6424 bytes]","args":[{"element-6066-11e4-a52e-4f735466cecf":"f.901DD928DEEE95B40F04D4ACD88F12CC.d.2A5AF83351328052000F673D0E4C944E.e.3583"},"getTitle",[]]}
RESULT: undefined
COMMAND: POST /session/9db5fffb72bab1fa72d9eaedd1b0788b/element/f.901DD928DEEE95B40F04D4ACD88F12CC.d.2A5AF83351328052000F673D0E4C944E.e.3427/click - {}
COMMAND: POST /session/9db5fffb72bab1fa72d9eaedd1b0788b/element - {"using":"xpath","value":"//*[@id=\"backBtn\"]"}
RESULT: {"using":"xpath","value":"//*[@id=\"backBtn\"]"}
COMMAND: POST /session/9db5fffb72bab1fa72d9eaedd1b0788b/element/f.901DD928DEEE95B40F04D4ACD88F12CC.d.2A5AF83351328052000F673D0E4C944E.e.3427/click - {}
COMMAND: POST /session/9db5fffb72bab1fa72d9eaedd1b0788b/element - {"using":"xpath","value":"//*[@id=\"backBtn\"]"}
RESULT: {"using":"xpath","value":"//*[@id=\"backBtn\"]"}
COMMAND: POST /session/9db5fffb72bab1fa72d9eaedd1b0788b/element/f.901DD928DEEE95B40F04D4ACD88F12CC.d.2A5AF83351328052000F673D0E4C944E.e.3584/click - {}
RESULT: {}
COMMAND: GET /session/9db5fffb72bab1fa72d9eaedd1b0788b/screenshot - {}
RESULT: {}
]]></system-out>
    </testcase>
    <testcase classname="chrome.136_0_7103_49.windows.Sanity_Tests_US104253" name="Should open ISC Dashboard page" time="37.099">
      <system-out><![CDATA[
COMMAND: POST /session/9db5fffb72bab1fa72d9eaedd1b0788b/execute/async - {"script":"<script> [1562 bytes]","args":[{"selector":{"controlType":"sap.m.GenericTile","properties":{"header":"ISC Dashboard"}},"wdio_ui5_key":"sapm.GenericTile{\"header\":\"ISC Dashboard\"}"}]}
RESULT: {"script":"<script> [1562 bytes]","args":[{"selector":{"controlType":"sap.m.GenericTile","properties":{"header":"ISC Dashboard"}},"wdio_ui5_key":"sapm.GenericTile{\"header\":\"ISC Dashboard\"}"}]}
RESULT: undefined
COMMAND: POST /session/9db5fffb72bab1fa72d9eaedd1b0788b/element - {"using":"xpath","value":"//*[@id=\"__tile106\"]"}
RESULT: {"using":"xpath","value":"//*[@id=\"__tile106\"]"}
COMMAND: POST /session/9db5fffb72bab1fa72d9eaedd1b0788b/element/f.901DD928DEEE95B40F04D4ACD88F12CC.d.2A5AF83351328052000F673D0E4C944E.e.3586/click - {}
RESULT: {}
COMMAND: GET /session/9db5fffb72bab1fa72d9eaedd1b0788b/screenshot - {}
RESULT: {}
COMMAND: POST /session/9db5fffb72bab1fa72d9eaedd1b0788b/elements - {"using":"xpath","value":"//span[text()='Error']"}
RESULT: {"using":"xpath","value":"//span[text()='Error']"}
RESULT: undefined
COMMAND: POST /session/9db5fffb72bab1fa72d9eaedd1b0788b/element - {"using":"xpath","value":"//*[@id=\"__tile106\"]"}
RESULT: {"using":"xpath","value":"//*[@id=\"__tile106\"]"}
COMMAND: POST /session/9db5fffb72bab1fa72d9eaedd1b0788b/element/f.901DD928DEEE95B40F04D4ACD88F12CC.d.2A5AF83351328052000F673D0E4C944E.e.3586/click - {}
RESULT: undefined
COMMAND: POST /session/9db5fffb72bab1fa72d9eaedd1b0788b/element - {"using":"xpath","value":"//*[@id=\"__tile106\"]"}
RESULT: {"using":"xpath","value":"//*[@id=\"__tile106\"]"}
COMMAND: POST /session/9db5fffb72bab1fa72d9eaedd1b0788b/element/f.901DD928DEEE95B40F04D4ACD88F12CC.d.2A5AF83351328052000F673D0E4C944E.e.3586/click - {}
RESULT: undefined
COMMAND: POST /session/9db5fffb72bab1fa72d9eaedd1b0788b/execute/async - {"script":"<script> [6424 bytes]","args":[{"element-6066-11e4-a52e-4f735466cecf":"f.901DD928DEEE95B40F04D4ACD88F12CC.d.2A5AF83351328052000F673D0E4C944E.e.234"},"getTitle",[]]}
COMMAND: POST /session/9db5fffb72bab1fa72d9eaedd1b0788b/execute/async - {"script":"<script> [1562 bytes]","args":[{"selector":{"id":"shellAppTitle"},"wdio_ui5_key":"shellAppTitle"}]}
RESULT: {"script":"<script> [1562 bytes]","args":[{"selector":{"id":"shellAppTitle"},"wdio_ui5_key":"shellAppTitle"}]}
COMMAND: POST /session/9db5fffb72bab1fa72d9eaedd1b0788b/execute/async - {"script":"<script> [6424 bytes]","args":[{"element-6066-11e4-a52e-4f735466cecf":"f.901DD928DEEE95B40F04D4ACD88F12CC.d.2A5AF83351328052000F673D0E4C944E.e.3711"},"getTitle",[]]}
RESULT: {"script":"<script> [6424 bytes]","args":[{"element-6066-11e4-a52e-4f735466cecf":"f.901DD928DEEE95B40F04D4ACD88F12CC.d.2A5AF83351328052000F673D0E4C944E.e.3711"},"getTitle",[]]}
RESULT: undefined
COMMAND: POST /session/9db5fffb72bab1fa72d9eaedd1b0788b/element/f.901DD928DEEE95B40F04D4ACD88F12CC.d.2A5AF83351328052000F673D0E4C944E.e.3584/click - {}
RESULT: {}
COMMAND: GET /session/9db5fffb72bab1fa72d9eaedd1b0788b/screenshot - {}
RESULT: {}
]]></system-out>
    </testcase>
    <testcase classname="chrome.136_0_7103_49.windows.Sanity_Tests_US104253" name="Should open ISC Orders page" time="37.679">
      <system-out><![CDATA[
COMMAND: POST /session/9db5fffb72bab1fa72d9eaedd1b0788b/execute/async - {"script":"<script> [1562 bytes]","args":[{"selector":{"controlType":"sap.m.GenericTile","properties":{"header":"ISC Orders"}},"wdio_ui5_key":"sapm.GenericTile{\"header\":\"ISC Orders\"}"}]}
RESULT: {"script":"<script> [1562 bytes]","args":[{"selector":{"controlType":"sap.m.GenericTile","properties":{"header":"ISC Orders"}},"wdio_ui5_key":"sapm.GenericTile{\"header\":\"ISC Orders\"}"}]}
RESULT: undefined
COMMAND: POST /session/9db5fffb72bab1fa72d9eaedd1b0788b/element - {"using":"xpath","value":"//*[@id=\"__tile108\"]"}
RESULT: {"using":"xpath","value":"//*[@id=\"__tile108\"]"}
COMMAND: POST /session/9db5fffb72bab1fa72d9eaedd1b0788b/element/f.901DD928DEEE95B40F04D4ACD88F12CC.d.2A5AF83351328052000F673D0E4C944E.e.3713/click - {}
RESULT: {}
COMMAND: GET /session/9db5fffb72bab1fa72d9eaedd1b0788b/screenshot - {}
RESULT: {}
COMMAND: POST /session/9db5fffb72bab1fa72d9eaedd1b0788b/elements - {"using":"xpath","value":"//span[text()='Error']"}
RESULT: {"using":"xpath","value":"//span[text()='Error']"}
RESULT: undefined
COMMAND: POST /session/9db5fffb72bab1fa72d9eaedd1b0788b/element - {"using":"xpath","value":"//*[@id=\"__tile108\"]"}
RESULT: {"using":"xpath","value":"//*[@id=\"__tile108\"]"}
COMMAND: POST /session/9db5fffb72bab1fa72d9eaedd1b0788b/element/f.901DD928DEEE95B40F04D4ACD88F12CC.d.2A5AF83351328052000F673D0E4C944E.e.3713/click - {}
RESULT: undefined
COMMAND: POST /session/9db5fffb72bab1fa72d9eaedd1b0788b/element - {"using":"xpath","value":"//*[@id=\"__tile108\"]"}
RESULT: {"using":"xpath","value":"//*[@id=\"__tile108\"]"}
COMMAND: POST /session/9db5fffb72bab1fa72d9eaedd1b0788b/element/f.901DD928DEEE95B40F04D4ACD88F12CC.d.2A5AF83351328052000F673D0E4C944E.e.3713/click - {}
RESULT: undefined
COMMAND: POST /session/9db5fffb72bab1fa72d9eaedd1b0788b/execute/async - {"script":"<script> [6424 bytes]","args":[{"element-6066-11e4-a52e-4f735466cecf":"f.901DD928DEEE95B40F04D4ACD88F12CC.d.2A5AF83351328052000F673D0E4C944E.e.234"},"getTitle",[]]}
COMMAND: POST /session/9db5fffb72bab1fa72d9eaedd1b0788b/execute/async - {"script":"<script> [1562 bytes]","args":[{"selector":{"id":"shellAppTitle"},"wdio_ui5_key":"shellAppTitle"}]}
RESULT: {"script":"<script> [1562 bytes]","args":[{"selector":{"id":"shellAppTitle"},"wdio_ui5_key":"shellAppTitle"}]}
COMMAND: POST /session/9db5fffb72bab1fa72d9eaedd1b0788b/execute/async - {"script":"<script> [6424 bytes]","args":[{"element-6066-11e4-a52e-4f735466cecf":"f.901DD928DEEE95B40F04D4ACD88F12CC.d.2A5AF83351328052000F673D0E4C944E.e.3821"},"getTitle",[]]}
RESULT: {"script":"<script> [6424 bytes]","args":[{"element-6066-11e4-a52e-4f735466cecf":"f.901DD928DEEE95B40F04D4ACD88F12CC.d.2A5AF83351328052000F673D0E4C944E.e.3821"},"getTitle",[]]}
RESULT: undefined
COMMAND: POST /session/9db5fffb72bab1fa72d9eaedd1b0788b/element/f.901DD928DEEE95B40F04D4ACD88F12CC.d.2A5AF83351328052000F673D0E4C944E.e.3584/click - {}
COMMAND: POST /session/9db5fffb72bab1fa72d9eaedd1b0788b/element - {"using":"xpath","value":"//*[@id=\"backBtn\"]"}
RESULT: {"using":"xpath","value":"//*[@id=\"backBtn\"]"}
COMMAND: POST /session/9db5fffb72bab1fa72d9eaedd1b0788b/element/f.901DD928DEEE95B40F04D4ACD88F12CC.d.2A5AF83351328052000F673D0E4C944E.e.3584/click - {}
COMMAND: POST /session/9db5fffb72bab1fa72d9eaedd1b0788b/element - {"using":"xpath","value":"//*[@id=\"backBtn\"]"}
RESULT: {"using":"xpath","value":"//*[@id=\"backBtn\"]"}
COMMAND: POST /session/9db5fffb72bab1fa72d9eaedd1b0788b/element/f.901DD928DEEE95B40F04D4ACD88F12CC.d.2A5AF83351328052000F673D0E4C944E.e.3822/click - {}
RESULT: {}
COMMAND: GET /session/9db5fffb72bab1fa72d9eaedd1b0788b/screenshot - {}
RESULT: {}
]]></system-out>
    </testcase>
    <testcase classname="chrome.136_0_7103_49.windows.Sanity_Tests_US104253" name="Should open ISC Tasks page" time="38.153">
      <system-out><![CDATA[
COMMAND: POST /session/9db5fffb72bab1fa72d9eaedd1b0788b/execute/async - {"script":"<script> [1562 bytes]","args":[{"selector":{"controlType":"sap.m.GenericTile","properties":{"header":"ISC Tasks"}},"wdio_ui5_key":"sapm.GenericTile{\"header\":\"ISC Tasks\"}"}]}
RESULT: {"script":"<script> [1562 bytes]","args":[{"selector":{"controlType":"sap.m.GenericTile","properties":{"header":"ISC Tasks"}},"wdio_ui5_key":"sapm.GenericTile{\"header\":\"ISC Tasks\"}"}]}
RESULT: undefined
COMMAND: POST /session/9db5fffb72bab1fa72d9eaedd1b0788b/element - {"using":"xpath","value":"//*[@id=\"__tile110\"]"}
RESULT: {"using":"xpath","value":"//*[@id=\"__tile110\"]"}
COMMAND: POST /session/9db5fffb72bab1fa72d9eaedd1b0788b/element/f.901DD928DEEE95B40F04D4ACD88F12CC.d.2A5AF83351328052000F673D0E4C944E.e.3824/click - {}
RESULT: {}
COMMAND: GET /session/9db5fffb72bab1fa72d9eaedd1b0788b/screenshot - {}
RESULT: {}
COMMAND: POST /session/9db5fffb72bab1fa72d9eaedd1b0788b/elements - {"using":"xpath","value":"//span[text()='Error']"}
RESULT: {"using":"xpath","value":"//span[text()='Error']"}
RESULT: undefined
COMMAND: POST /session/9db5fffb72bab1fa72d9eaedd1b0788b/element - {"using":"xpath","value":"//*[@id=\"__tile110\"]"}
RESULT: {"using":"xpath","value":"//*[@id=\"__tile110\"]"}
COMMAND: POST /session/9db5fffb72bab1fa72d9eaedd1b0788b/element/f.901DD928DEEE95B40F04D4ACD88F12CC.d.2A5AF83351328052000F673D0E4C944E.e.3824/click - {}
RESULT: undefined
COMMAND: POST /session/9db5fffb72bab1fa72d9eaedd1b0788b/element - {"using":"xpath","value":"//*[@id=\"__tile110\"]"}
RESULT: {"using":"xpath","value":"//*[@id=\"__tile110\"]"}
COMMAND: POST /session/9db5fffb72bab1fa72d9eaedd1b0788b/element/f.901DD928DEEE95B40F04D4ACD88F12CC.d.2A5AF83351328052000F673D0E4C944E.e.3824/click - {}
RESULT: undefined
COMMAND: POST /session/9db5fffb72bab1fa72d9eaedd1b0788b/execute/async - {"script":"<script> [6424 bytes]","args":[{"element-6066-11e4-a52e-4f735466cecf":"f.901DD928DEEE95B40F04D4ACD88F12CC.d.2A5AF83351328052000F673D0E4C944E.e.234"},"getTitle",[]]}
COMMAND: POST /session/9db5fffb72bab1fa72d9eaedd1b0788b/execute/async - {"script":"<script> [1562 bytes]","args":[{"selector":{"id":"shellAppTitle"},"wdio_ui5_key":"shellAppTitle"}]}
RESULT: {"script":"<script> [1562 bytes]","args":[{"selector":{"id":"shellAppTitle"},"wdio_ui5_key":"shellAppTitle"}]}
COMMAND: POST /session/9db5fffb72bab1fa72d9eaedd1b0788b/execute/async - {"script":"<script> [6424 bytes]","args":[{"element-6066-11e4-a52e-4f735466cecf":"f.901DD928DEEE95B40F04D4ACD88F12CC.d.2A5AF83351328052000F673D0E4C944E.e.3919"},"getTitle",[]]}
RESULT: {"script":"<script> [6424 bytes]","args":[{"element-6066-11e4-a52e-4f735466cecf":"f.901DD928DEEE95B40F04D4ACD88F12CC.d.2A5AF83351328052000F673D0E4C944E.e.3919"},"getTitle",[]]}
RESULT: undefined
COMMAND: POST /session/9db5fffb72bab1fa72d9eaedd1b0788b/element/f.901DD928DEEE95B40F04D4ACD88F12CC.d.2A5AF83351328052000F673D0E4C944E.e.3822/click - {}
RESULT: {}
COMMAND: GET /session/9db5fffb72bab1fa72d9eaedd1b0788b/screenshot - {}
RESULT: {}
]]></system-out>
    </testcase>
    <testcase classname="chrome.136_0_7103_49.windows.Sanity_Tests_US104253" name="Should open Manage Resource Logbook page" time="36.787">
      <system-out><![CDATA[
COMMAND: POST /session/9db5fffb72bab1fa72d9eaedd1b0788b/execute/async - {"script":"<script> [1562 bytes]","args":[{"selector":{"controlType":"sap.m.GenericTile","properties":{"header":"Manage Resource Logbook"}},"wdio_ui5_key":"sapm.GenericTile{\"header\":\"Manage Resource Logbook\"}"}]}
RESULT: {"script":"<script> [1562 bytes]","args":[{"selector":{"controlType":"sap.m.GenericTile","properties":{"header":"Manage Resource Logbook"}},"wdio_ui5_key":"sapm.GenericTile{\"header\":\"Manage Resource Logbook\"}"}]}
RESULT: undefined
COMMAND: POST /session/9db5fffb72bab1fa72d9eaedd1b0788b/element - {"using":"xpath","value":"//*[@id=\"__tile113\"]"}
RESULT: {"using":"xpath","value":"//*[@id=\"__tile113\"]"}
COMMAND: POST /session/9db5fffb72bab1fa72d9eaedd1b0788b/element/f.901DD928DEEE95B40F04D4ACD88F12CC.d.2A5AF83351328052000F673D0E4C944E.e.3921/click - {}
RESULT: {}
COMMAND: GET /session/9db5fffb72bab1fa72d9eaedd1b0788b/screenshot - {}
RESULT: {}
COMMAND: POST /session/9db5fffb72bab1fa72d9eaedd1b0788b/elements - {"using":"xpath","value":"//span[text()='Error']"}
RESULT: {"using":"xpath","value":"//span[text()='Error']"}
RESULT: undefined
COMMAND: POST /session/9db5fffb72bab1fa72d9eaedd1b0788b/element - {"using":"xpath","value":"//*[@id=\"__tile113\"]"}
RESULT: {"using":"xpath","value":"//*[@id=\"__tile113\"]"}
COMMAND: POST /session/9db5fffb72bab1fa72d9eaedd1b0788b/element/f.901DD928DEEE95B40F04D4ACD88F12CC.d.2A5AF83351328052000F673D0E4C944E.e.3921/click - {}
RESULT: undefined
COMMAND: POST /session/9db5fffb72bab1fa72d9eaedd1b0788b/element - {"using":"xpath","value":"//*[@id=\"__tile113\"]"}
RESULT: {"using":"xpath","value":"//*[@id=\"__tile113\"]"}
COMMAND: POST /session/9db5fffb72bab1fa72d9eaedd1b0788b/element/f.901DD928DEEE95B40F04D4ACD88F12CC.d.2A5AF83351328052000F673D0E4C944E.e.3921/click - {}
RESULT: undefined
COMMAND: POST /session/9db5fffb72bab1fa72d9eaedd1b0788b/execute/async - {"script":"<script> [6424 bytes]","args":[{"element-6066-11e4-a52e-4f735466cecf":"f.901DD928DEEE95B40F04D4ACD88F12CC.d.2A5AF83351328052000F673D0E4C944E.e.234"},"getTitle",[]]}
COMMAND: POST /session/9db5fffb72bab1fa72d9eaedd1b0788b/execute/async - {"script":"<script> [1562 bytes]","args":[{"selector":{"id":"shellAppTitle"},"wdio_ui5_key":"shellAppTitle"}]}
RESULT: {"script":"<script> [1562 bytes]","args":[{"selector":{"id":"shellAppTitle"},"wdio_ui5_key":"shellAppTitle"}]}
COMMAND: POST /session/9db5fffb72bab1fa72d9eaedd1b0788b/execute/async - {"script":"<script> [6424 bytes]","args":[{"element-6066-11e4-a52e-4f735466cecf":"f.901DD928DEEE95B40F04D4ACD88F12CC.d.2A5AF83351328052000F673D0E4C944E.e.4030"},"getTitle",[]]}
RESULT: {"script":"<script> [6424 bytes]","args":[{"element-6066-11e4-a52e-4f735466cecf":"f.901DD928DEEE95B40F04D4ACD88F12CC.d.2A5AF83351328052000F673D0E4C944E.e.4030"},"getTitle",[]]}
RESULT: undefined
COMMAND: POST /session/9db5fffb72bab1fa72d9eaedd1b0788b/element/f.901DD928DEEE95B40F04D4ACD88F12CC.d.2A5AF83351328052000F673D0E4C944E.e.3822/click - {}
COMMAND: POST /session/9db5fffb72bab1fa72d9eaedd1b0788b/element - {"using":"xpath","value":"//*[@id=\"backBtn\"]"}
RESULT: {"using":"xpath","value":"//*[@id=\"backBtn\"]"}
COMMAND: POST /session/9db5fffb72bab1fa72d9eaedd1b0788b/element/f.901DD928DEEE95B40F04D4ACD88F12CC.d.2A5AF83351328052000F673D0E4C944E.e.3822/click - {}
COMMAND: POST /session/9db5fffb72bab1fa72d9eaedd1b0788b/element - {"using":"xpath","value":"//*[@id=\"backBtn\"]"}
RESULT: {"using":"xpath","value":"//*[@id=\"backBtn\"]"}
COMMAND: POST /session/9db5fffb72bab1fa72d9eaedd1b0788b/element/f.901DD928DEEE95B40F04D4ACD88F12CC.d.2A5AF83351328052000F673D0E4C944E.e.4031/click - {}
RESULT: {}
COMMAND: GET /session/9db5fffb72bab1fa72d9eaedd1b0788b/screenshot - {}
RESULT: {}
]]></system-out>
    </testcase>
    <testcase classname="chrome.136_0_7103_49.windows.Sanity_Tests_US104253" name="Should open Manage Logbook page" time="45.83">
      <system-out><![CDATA[
COMMAND: POST /session/9db5fffb72bab1fa72d9eaedd1b0788b/execute/async - {"script":"<script> [1562 bytes]","args":[{"selector":{"controlType":"sap.m.GenericTile","properties":{"header":"Manage Logbook"}},"wdio_ui5_key":"sapm.GenericTile{\"header\":\"Manage Logbook\"}"}]}
RESULT: {"script":"<script> [1562 bytes]","args":[{"selector":{"controlType":"sap.m.GenericTile","properties":{"header":"Manage Logbook"}},"wdio_ui5_key":"sapm.GenericTile{\"header\":\"Manage Logbook\"}"}]}
RESULT: undefined
COMMAND: POST /session/9db5fffb72bab1fa72d9eaedd1b0788b/element - {"using":"xpath","value":"//*[@id=\"__tile112\"]"}
RESULT: {"using":"xpath","value":"//*[@id=\"__tile112\"]"}
COMMAND: POST /session/9db5fffb72bab1fa72d9eaedd1b0788b/element/f.901DD928DEEE95B40F04D4ACD88F12CC.d.2A5AF83351328052000F673D0E4C944E.e.4033/click - {}
RESULT: {}
COMMAND: GET /session/9db5fffb72bab1fa72d9eaedd1b0788b/screenshot - {}
RESULT: {}
COMMAND: POST /session/9db5fffb72bab1fa72d9eaedd1b0788b/elements - {"using":"xpath","value":"//span[text()='Error']"}
RESULT: {"using":"xpath","value":"//span[text()='Error']"}
RESULT: undefined
COMMAND: POST /session/9db5fffb72bab1fa72d9eaedd1b0788b/element - {"using":"xpath","value":"//*[@id=\"__tile112\"]"}
RESULT: {"using":"xpath","value":"//*[@id=\"__tile112\"]"}
COMMAND: POST /session/9db5fffb72bab1fa72d9eaedd1b0788b/element/f.901DD928DEEE95B40F04D4ACD88F12CC.d.2A5AF83351328052000F673D0E4C944E.e.4033/click - {}
RESULT: undefined
COMMAND: POST /session/9db5fffb72bab1fa72d9eaedd1b0788b/element - {"using":"xpath","value":"//*[@id=\"__tile112\"]"}
RESULT: {"using":"xpath","value":"//*[@id=\"__tile112\"]"}
COMMAND: POST /session/9db5fffb72bab1fa72d9eaedd1b0788b/element/f.901DD928DEEE95B40F04D4ACD88F12CC.d.2A5AF83351328052000F673D0E4C944E.e.4033/click - {}
RESULT: undefined
COMMAND: POST /session/9db5fffb72bab1fa72d9eaedd1b0788b/execute/async - {"script":"<script> [6424 bytes]","args":[{"element-6066-11e4-a52e-4f735466cecf":"f.901DD928DEEE95B40F04D4ACD88F12CC.d.2A5AF83351328052000F673D0E4C944E.e.234"},"getTitle",[]]}
COMMAND: POST /session/9db5fffb72bab1fa72d9eaedd1b0788b/execute/async - {"script":"<script> [1562 bytes]","args":[{"selector":{"id":"shellAppTitle"},"wdio_ui5_key":"shellAppTitle"}]}
RESULT: {"script":"<script> [1562 bytes]","args":[{"selector":{"id":"shellAppTitle"},"wdio_ui5_key":"shellAppTitle"}]}
COMMAND: POST /session/9db5fffb72bab1fa72d9eaedd1b0788b/execute/async - {"script":"<script> [6424 bytes]","args":[{"element-6066-11e4-a52e-4f735466cecf":"f.901DD928DEEE95B40F04D4ACD88F12CC.d.2A5AF83351328052000F673D0E4C944E.e.4123"},"getTitle",[]]}
RESULT: {"script":"<script> [6424 bytes]","args":[{"element-6066-11e4-a52e-4f735466cecf":"f.901DD928DEEE95B40F04D4ACD88F12CC.d.2A5AF83351328052000F673D0E4C944E.e.4123"},"getTitle",[]]}
RESULT: undefined
COMMAND: POST /session/9db5fffb72bab1fa72d9eaedd1b0788b/element/f.901DD928DEEE95B40F04D4ACD88F12CC.d.2A5AF83351328052000F673D0E4C944E.e.4031/click - {}
RESULT: {}
COMMAND: GET /session/9db5fffb72bab1fa72d9eaedd1b0788b/screenshot - {}
RESULT: {}
]]></system-out>
    </testcase>
    <testcase classname="chrome.136_0_7103_49.windows.Sanity_Tests_US104253" name="Should open ISC Orders Calendar page" time="44.972">
      <system-out><![CDATA[
COMMAND: POST /session/9db5fffb72bab1fa72d9eaedd1b0788b/execute/async - {"script":"<script> [1562 bytes]","args":[{"selector":{"controlType":"sap.m.GenericTile","properties":{"header":"ISC Orders Calendar"}},"wdio_ui5_key":"sapm.GenericTile{\"header\":\"ISC Orders Calendar\"}"}]}
RESULT: {"script":"<script> [1562 bytes]","args":[{"selector":{"controlType":"sap.m.GenericTile","properties":{"header":"ISC Orders Calendar"}},"wdio_ui5_key":"sapm.GenericTile{\"header\":\"ISC Orders Calendar\"}"}]}
RESULT: undefined
COMMAND: POST /session/9db5fffb72bab1fa72d9eaedd1b0788b/element - {"using":"xpath","value":"//*[@id=\"__tile107\"]"}
RESULT: {"using":"xpath","value":"//*[@id=\"__tile107\"]"}
COMMAND: POST /session/9db5fffb72bab1fa72d9eaedd1b0788b/element/f.901DD928DEEE95B40F04D4ACD88F12CC.d.2A5AF83351328052000F673D0E4C944E.e.4125/click - {}
RESULT: {}
COMMAND: GET /session/9db5fffb72bab1fa72d9eaedd1b0788b/screenshot - {}
RESULT: {}
COMMAND: POST /session/9db5fffb72bab1fa72d9eaedd1b0788b/elements - {"using":"xpath","value":"//span[text()='Error']"}
RESULT: {"using":"xpath","value":"//span[text()='Error']"}
RESULT: undefined
COMMAND: POST /session/9db5fffb72bab1fa72d9eaedd1b0788b/element - {"using":"xpath","value":"//*[@id=\"__tile107\"]"}
RESULT: {"using":"xpath","value":"//*[@id=\"__tile107\"]"}
COMMAND: POST /session/9db5fffb72bab1fa72d9eaedd1b0788b/element/f.901DD928DEEE95B40F04D4ACD88F12CC.d.2A5AF83351328052000F673D0E4C944E.e.4125/click - {}
RESULT: undefined
COMMAND: POST /session/9db5fffb72bab1fa72d9eaedd1b0788b/element - {"using":"xpath","value":"//*[@id=\"__tile107\"]"}
RESULT: {"using":"xpath","value":"//*[@id=\"__tile107\"]"}
COMMAND: POST /session/9db5fffb72bab1fa72d9eaedd1b0788b/element/f.901DD928DEEE95B40F04D4ACD88F12CC.d.2A5AF83351328052000F673D0E4C944E.e.4125/click - {}
RESULT: undefined
COMMAND: POST /session/9db5fffb72bab1fa72d9eaedd1b0788b/execute/async - {"script":"<script> [6424 bytes]","args":[{"element-6066-11e4-a52e-4f735466cecf":"f.901DD928DEEE95B40F04D4ACD88F12CC.d.2A5AF83351328052000F673D0E4C944E.e.234"},"getTitle",[]]}
COMMAND: POST /session/9db5fffb72bab1fa72d9eaedd1b0788b/execute/async - {"script":"<script> [1562 bytes]","args":[{"selector":{"id":"shellAppTitle"},"wdio_ui5_key":"shellAppTitle"}]}
RESULT: {"script":"<script> [1562 bytes]","args":[{"selector":{"id":"shellAppTitle"},"wdio_ui5_key":"shellAppTitle"}]}
COMMAND: POST /session/9db5fffb72bab1fa72d9eaedd1b0788b/execute/async - {"script":"<script> [6424 bytes]","args":[{"element-6066-11e4-a52e-4f735466cecf":"f.901DD928DEEE95B40F04D4ACD88F12CC.d.2A5AF83351328052000F673D0E4C944E.e.4336"},"getTitle",[]]}
RESULT: {"script":"<script> [6424 bytes]","args":[{"element-6066-11e4-a52e-4f735466cecf":"f.901DD928DEEE95B40F04D4ACD88F12CC.d.2A5AF83351328052000F673D0E4C944E.e.4336"},"getTitle",[]]}
RESULT: undefined
COMMAND: POST /session/9db5fffb72bab1fa72d9eaedd1b0788b/element/f.901DD928DEEE95B40F04D4ACD88F12CC.d.2A5AF83351328052000F673D0E4C944E.e.4031/click - {}
COMMAND: POST /session/9db5fffb72bab1fa72d9eaedd1b0788b/element - {"using":"xpath","value":"//*[@id=\"backBtn\"]"}
RESULT: {"using":"xpath","value":"//*[@id=\"backBtn\"]"}
COMMAND: POST /session/9db5fffb72bab1fa72d9eaedd1b0788b/element/f.901DD928DEEE95B40F04D4ACD88F12CC.d.2A5AF83351328052000F673D0E4C944E.e.4031/click - {}
COMMAND: POST /session/9db5fffb72bab1fa72d9eaedd1b0788b/element - {"using":"xpath","value":"//*[@id=\"backBtn\"]"}
RESULT: {"using":"xpath","value":"//*[@id=\"backBtn\"]"}
COMMAND: POST /session/9db5fffb72bab1fa72d9eaedd1b0788b/element/f.901DD928DEEE95B40F04D4ACD88F12CC.d.2A5AF83351328052000F673D0E4C944E.e.4337/click - {}
RESULT: {}
COMMAND: GET /session/9db5fffb72bab1fa72d9eaedd1b0788b/screenshot - {}
RESULT: {}
]]></system-out>
    </testcase>
    <testcase classname="chrome.136_0_7103_49.windows.Sanity_Tests_US104253" name="Should open Configure System page" time="36.191">
      <system-out><![CDATA[
COMMAND: POST /session/9db5fffb72bab1fa72d9eaedd1b0788b/execute/async - {"script":"<script> [1562 bytes]","args":[{"selector":{"controlType":"sap.m.GenericTile","properties":{"header":"Configure System"}},"wdio_ui5_key":"sapm.GenericTile{\"header\":\"Configure System\"}"}]}
RESULT: {"script":"<script> [1562 bytes]","args":[{"selector":{"controlType":"sap.m.GenericTile","properties":{"header":"Configure System"}},"wdio_ui5_key":"sapm.GenericTile{\"header\":\"Configure System\"}"}]}
RESULT: undefined
COMMAND: POST /session/9db5fffb72bab1fa72d9eaedd1b0788b/element - {"using":"xpath","value":"//*[@id=\"__tile114\"]"}
RESULT: {"using":"xpath","value":"//*[@id=\"__tile114\"]"}
COMMAND: POST /session/9db5fffb72bab1fa72d9eaedd1b0788b/element/f.901DD928DEEE95B40F04D4ACD88F12CC.d.2A5AF83351328052000F673D0E4C944E.e.4339/click - {}
RESULT: {}
COMMAND: GET /session/9db5fffb72bab1fa72d9eaedd1b0788b/screenshot - {}
RESULT: {}
COMMAND: POST /session/9db5fffb72bab1fa72d9eaedd1b0788b/elements - {"using":"xpath","value":"//span[text()='Error']"}
RESULT: {"using":"xpath","value":"//span[text()='Error']"}
RESULT: undefined
COMMAND: POST /session/9db5fffb72bab1fa72d9eaedd1b0788b/element - {"using":"xpath","value":"//*[@id=\"__tile114\"]"}
RESULT: {"using":"xpath","value":"//*[@id=\"__tile114\"]"}
COMMAND: POST /session/9db5fffb72bab1fa72d9eaedd1b0788b/element/f.901DD928DEEE95B40F04D4ACD88F12CC.d.2A5AF83351328052000F673D0E4C944E.e.4339/click - {}
RESULT: undefined
COMMAND: POST /session/9db5fffb72bab1fa72d9eaedd1b0788b/element - {"using":"xpath","value":"//*[@id=\"__tile114\"]"}
RESULT: {"using":"xpath","value":"//*[@id=\"__tile114\"]"}
COMMAND: POST /session/9db5fffb72bab1fa72d9eaedd1b0788b/element/f.901DD928DEEE95B40F04D4ACD88F12CC.d.2A5AF83351328052000F673D0E4C944E.e.4339/click - {}
RESULT: undefined
COMMAND: POST /session/9db5fffb72bab1fa72d9eaedd1b0788b/execute/async - {"script":"<script> [6424 bytes]","args":[{"element-6066-11e4-a52e-4f735466cecf":"f.901DD928DEEE95B40F04D4ACD88F12CC.d.2A5AF83351328052000F673D0E4C944E.e.234"},"getTitle",[]]}
COMMAND: POST /session/9db5fffb72bab1fa72d9eaedd1b0788b/execute/async - {"script":"<script> [1562 bytes]","args":[{"selector":{"id":"shellAppTitle"},"wdio_ui5_key":"shellAppTitle"}]}
RESULT: {"script":"<script> [1562 bytes]","args":[{"selector":{"id":"shellAppTitle"},"wdio_ui5_key":"shellAppTitle"}]}
COMMAND: POST /session/9db5fffb72bab1fa72d9eaedd1b0788b/execute/async - {"script":"<script> [6424 bytes]","args":[{"element-6066-11e4-a52e-4f735466cecf":"f.901DD928DEEE95B40F04D4ACD88F12CC.d.2A5AF83351328052000F673D0E4C944E.e.4379"},"getTitle",[]]}
RESULT: {"script":"<script> [6424 bytes]","args":[{"element-6066-11e4-a52e-4f735466cecf":"f.901DD928DEEE95B40F04D4ACD88F12CC.d.2A5AF83351328052000F673D0E4C944E.e.4379"},"getTitle",[]]}
RESULT: undefined
COMMAND: POST /session/9db5fffb72bab1fa72d9eaedd1b0788b/element/f.901DD928DEEE95B40F04D4ACD88F12CC.d.2A5AF83351328052000F673D0E4C944E.e.4337/click - {}
RESULT: {}
COMMAND: GET /session/9db5fffb72bab1fa72d9eaedd1b0788b/screenshot - {}
RESULT: {}
]]></system-out>
    </testcase>
    <testcase classname="chrome.136_0_7103_49.windows.Sanity_Tests_US104253" name="Should open Manage Classifications page" time="36.023">
      <system-out><![CDATA[
COMMAND: POST /session/9db5fffb72bab1fa72d9eaedd1b0788b/execute/async - {"script":"<script> [1562 bytes]","args":[{"selector":{"controlType":"sap.m.GenericTile","properties":{"header":"Manage Classifications"}},"wdio_ui5_key":"sapm.GenericTile{\"header\":\"Manage Classifications\"}"}]}
RESULT: {"script":"<script> [1562 bytes]","args":[{"selector":{"controlType":"sap.m.GenericTile","properties":{"header":"Manage Classifications"}},"wdio_ui5_key":"sapm.GenericTile{\"header\":\"Manage Classifications\"}"}]}
RESULT: undefined
COMMAND: POST /session/9db5fffb72bab1fa72d9eaedd1b0788b/element - {"using":"xpath","value":"//*[@id=\"__tile115\"]"}
RESULT: {"using":"xpath","value":"//*[@id=\"__tile115\"]"}
COMMAND: POST /session/9db5fffb72bab1fa72d9eaedd1b0788b/element/f.901DD928DEEE95B40F04D4ACD88F12CC.d.2A5AF83351328052000F673D0E4C944E.e.4383/click - {}
RESULT: {}
COMMAND: GET /session/9db5fffb72bab1fa72d9eaedd1b0788b/screenshot - {}
RESULT: {}
COMMAND: POST /session/9db5fffb72bab1fa72d9eaedd1b0788b/elements - {"using":"xpath","value":"//span[text()='Error']"}
RESULT: {"using":"xpath","value":"//span[text()='Error']"}
RESULT: undefined
COMMAND: POST /session/9db5fffb72bab1fa72d9eaedd1b0788b/element - {"using":"xpath","value":"//*[@id=\"__tile115\"]"}
RESULT: {"using":"xpath","value":"//*[@id=\"__tile115\"]"}
COMMAND: POST /session/9db5fffb72bab1fa72d9eaedd1b0788b/element/f.901DD928DEEE95B40F04D4ACD88F12CC.d.2A5AF83351328052000F673D0E4C944E.e.4383/click - {}
RESULT: undefined
COMMAND: POST /session/9db5fffb72bab1fa72d9eaedd1b0788b/element - {"using":"xpath","value":"//*[@id=\"__tile115\"]"}
RESULT: {"using":"xpath","value":"//*[@id=\"__tile115\"]"}
COMMAND: POST /session/9db5fffb72bab1fa72d9eaedd1b0788b/element/f.901DD928DEEE95B40F04D4ACD88F12CC.d.2A5AF83351328052000F673D0E4C944E.e.4383/click - {}
RESULT: undefined
COMMAND: POST /session/9db5fffb72bab1fa72d9eaedd1b0788b/execute/async - {"script":"<script> [6424 bytes]","args":[{"element-6066-11e4-a52e-4f735466cecf":"f.901DD928DEEE95B40F04D4ACD88F12CC.d.2A5AF83351328052000F673D0E4C944E.e.234"},"getTitle",[]]}
COMMAND: POST /session/9db5fffb72bab1fa72d9eaedd1b0788b/execute/async - {"script":"<script> [1562 bytes]","args":[{"selector":{"id":"shellAppTitle"},"wdio_ui5_key":"shellAppTitle"}]}
RESULT: {"script":"<script> [1562 bytes]","args":[{"selector":{"id":"shellAppTitle"},"wdio_ui5_key":"shellAppTitle"}]}
COMMAND: POST /session/9db5fffb72bab1fa72d9eaedd1b0788b/execute/async - {"script":"<script> [6424 bytes]","args":[{"element-6066-11e4-a52e-4f735466cecf":"f.901DD928DEEE95B40F04D4ACD88F12CC.d.2A5AF83351328052000F673D0E4C944E.e.4475"},"getTitle",[]]}
RESULT: {"script":"<script> [6424 bytes]","args":[{"element-6066-11e4-a52e-4f735466cecf":"f.901DD928DEEE95B40F04D4ACD88F12CC.d.2A5AF83351328052000F673D0E4C944E.e.4475"},"getTitle",[]]}
RESULT: undefined
COMMAND: POST /session/9db5fffb72bab1fa72d9eaedd1b0788b/element/f.901DD928DEEE95B40F04D4ACD88F12CC.d.2A5AF83351328052000F673D0E4C944E.e.4337/click - {}
COMMAND: POST /session/9db5fffb72bab1fa72d9eaedd1b0788b/element - {"using":"xpath","value":"//*[@id=\"backBtn\"]"}
RESULT: {"using":"xpath","value":"//*[@id=\"backBtn\"]"}
COMMAND: POST /session/9db5fffb72bab1fa72d9eaedd1b0788b/element/f.901DD928DEEE95B40F04D4ACD88F12CC.d.2A5AF83351328052000F673D0E4C944E.e.4337/click - {}
COMMAND: POST /session/9db5fffb72bab1fa72d9eaedd1b0788b/element - {"using":"xpath","value":"//*[@id=\"backBtn\"]"}
RESULT: {"using":"xpath","value":"//*[@id=\"backBtn\"]"}
COMMAND: POST /session/9db5fffb72bab1fa72d9eaedd1b0788b/element/f.901DD928DEEE95B40F04D4ACD88F12CC.d.2A5AF83351328052000F673D0E4C944E.e.4476/click - {}
RESULT: {}
COMMAND: GET /session/9db5fffb72bab1fa72d9eaedd1b0788b/screenshot - {}
RESULT: {}
]]></system-out>
    </testcase>
    <testcase classname="chrome.136_0_7103_49.windows.Sanity_Tests_US104253" name="Should open Data Explorer page" time="36.085">
      <system-out><![CDATA[
COMMAND: POST /session/9db5fffb72bab1fa72d9eaedd1b0788b/execute/async - {"script":"<script> [1562 bytes]","args":[{"selector":{"controlType":"sap.m.GenericTile","properties":{"header":"Data Explorer"}},"wdio_ui5_key":"sapm.GenericTile{\"header\":\"Data Explorer\"}"}]}
RESULT: {"script":"<script> [1562 bytes]","args":[{"selector":{"controlType":"sap.m.GenericTile","properties":{"header":"Data Explorer"}},"wdio_ui5_key":"sapm.GenericTile{\"header\":\"Data Explorer\"}"}]}
RESULT: undefined
COMMAND: POST /session/9db5fffb72bab1fa72d9eaedd1b0788b/element - {"using":"xpath","value":"//*[@id=\"__tile117\"]"}
RESULT: {"using":"xpath","value":"//*[@id=\"__tile117\"]"}
COMMAND: POST /session/9db5fffb72bab1fa72d9eaedd1b0788b/element/f.901DD928DEEE95B40F04D4ACD88F12CC.d.2A5AF83351328052000F673D0E4C944E.e.4478/click - {}
RESULT: {}
COMMAND: GET /session/9db5fffb72bab1fa72d9eaedd1b0788b/screenshot - {}
RESULT: {}
COMMAND: POST /session/9db5fffb72bab1fa72d9eaedd1b0788b/elements - {"using":"xpath","value":"//span[text()='Error']"}
RESULT: {"using":"xpath","value":"//span[text()='Error']"}
RESULT: undefined
COMMAND: POST /session/9db5fffb72bab1fa72d9eaedd1b0788b/element - {"using":"xpath","value":"//*[@id=\"__tile117\"]"}
RESULT: {"using":"xpath","value":"//*[@id=\"__tile117\"]"}
COMMAND: POST /session/9db5fffb72bab1fa72d9eaedd1b0788b/element/f.901DD928DEEE95B40F04D4ACD88F12CC.d.2A5AF83351328052000F673D0E4C944E.e.4478/click - {}
RESULT: undefined
COMMAND: POST /session/9db5fffb72bab1fa72d9eaedd1b0788b/element - {"using":"xpath","value":"//*[@id=\"__tile117\"]"}
RESULT: {"using":"xpath","value":"//*[@id=\"__tile117\"]"}
COMMAND: POST /session/9db5fffb72bab1fa72d9eaedd1b0788b/element/f.901DD928DEEE95B40F04D4ACD88F12CC.d.2A5AF83351328052000F673D0E4C944E.e.4478/click - {}
RESULT: undefined
COMMAND: POST /session/9db5fffb72bab1fa72d9eaedd1b0788b/execute/async - {"script":"<script> [6424 bytes]","args":[{"element-6066-11e4-a52e-4f735466cecf":"f.901DD928DEEE95B40F04D4ACD88F12CC.d.2A5AF83351328052000F673D0E4C944E.e.234"},"getTitle",[]]}
COMMAND: POST /session/9db5fffb72bab1fa72d9eaedd1b0788b/execute/async - {"script":"<script> [1562 bytes]","args":[{"selector":{"id":"shellAppTitle"},"wdio_ui5_key":"shellAppTitle"}]}
RESULT: {"script":"<script> [1562 bytes]","args":[{"selector":{"id":"shellAppTitle"},"wdio_ui5_key":"shellAppTitle"}]}
COMMAND: POST /session/9db5fffb72bab1fa72d9eaedd1b0788b/execute/async - {"script":"<script> [6424 bytes]","args":[{"element-6066-11e4-a52e-4f735466cecf":"f.901DD928DEEE95B40F04D4ACD88F12CC.d.2A5AF83351328052000F673D0E4C944E.e.4659"},"getTitle",[]]}
RESULT: {"script":"<script> [6424 bytes]","args":[{"element-6066-11e4-a52e-4f735466cecf":"f.901DD928DEEE95B40F04D4ACD88F12CC.d.2A5AF83351328052000F673D0E4C944E.e.4659"},"getTitle",[]]}
RESULT: undefined
COMMAND: POST /session/9db5fffb72bab1fa72d9eaedd1b0788b/element/f.901DD928DEEE95B40F04D4ACD88F12CC.d.2A5AF83351328052000F673D0E4C944E.e.4476/click - {}
RESULT: {}
COMMAND: GET /session/9db5fffb72bab1fa72d9eaedd1b0788b/screenshot - {}
RESULT: {}
]]></system-out>
    </testcase>
    <testcase classname="chrome.136_0_7103_49.windows.Sanity_Tests_US104253" name="Should open Performance Monitor page" time="36.796">
      <system-out><![CDATA[
COMMAND: POST /session/9db5fffb72bab1fa72d9eaedd1b0788b/execute/async - {"script":"<script> [1562 bytes]","args":[{"selector":{"controlType":"sap.m.GenericTile","properties":{"header":"Performance Monitor"}},"wdio_ui5_key":"sapm.GenericTile{\"header\":\"Performance Monitor\"}"}]}
RESULT: {"script":"<script> [1562 bytes]","args":[{"selector":{"controlType":"sap.m.GenericTile","properties":{"header":"Performance Monitor"}},"wdio_ui5_key":"sapm.GenericTile{\"header\":\"Performance Monitor\"}"}]}
RESULT: undefined
COMMAND: POST /session/9db5fffb72bab1fa72d9eaedd1b0788b/element - {"using":"xpath","value":"//*[@id=\"__tile116\"]"}
RESULT: {"using":"xpath","value":"//*[@id=\"__tile116\"]"}
COMMAND: POST /session/9db5fffb72bab1fa72d9eaedd1b0788b/element/f.901DD928DEEE95B40F04D4ACD88F12CC.d.2A5AF83351328052000F673D0E4C944E.e.4661/click - {}
RESULT: {}
COMMAND: GET /session/9db5fffb72bab1fa72d9eaedd1b0788b/screenshot - {}
RESULT: {}
COMMAND: POST /session/9db5fffb72bab1fa72d9eaedd1b0788b/elements - {"using":"xpath","value":"//span[text()='Error']"}
RESULT: {"using":"xpath","value":"//span[text()='Error']"}
RESULT: undefined
COMMAND: POST /session/9db5fffb72bab1fa72d9eaedd1b0788b/element - {"using":"xpath","value":"//*[@id=\"__tile116\"]"}
RESULT: {"using":"xpath","value":"//*[@id=\"__tile116\"]"}
COMMAND: POST /session/9db5fffb72bab1fa72d9eaedd1b0788b/element/f.901DD928DEEE95B40F04D4ACD88F12CC.d.2A5AF83351328052000F673D0E4C944E.e.4661/click - {}
RESULT: undefined
COMMAND: POST /session/9db5fffb72bab1fa72d9eaedd1b0788b/element - {"using":"xpath","value":"//*[@id=\"__tile116\"]"}
RESULT: {"using":"xpath","value":"//*[@id=\"__tile116\"]"}
COMMAND: POST /session/9db5fffb72bab1fa72d9eaedd1b0788b/element/f.901DD928DEEE95B40F04D4ACD88F12CC.d.2A5AF83351328052000F673D0E4C944E.e.4661/click - {}
RESULT: undefined
COMMAND: POST /session/9db5fffb72bab1fa72d9eaedd1b0788b/execute/async - {"script":"<script> [6424 bytes]","args":[{"element-6066-11e4-a52e-4f735466cecf":"f.901DD928DEEE95B40F04D4ACD88F12CC.d.2A5AF83351328052000F673D0E4C944E.e.234"},"getTitle",[]]}
COMMAND: POST /session/9db5fffb72bab1fa72d9eaedd1b0788b/execute/async - {"script":"<script> [1562 bytes]","args":[{"selector":{"id":"shellAppTitle"},"wdio_ui5_key":"shellAppTitle"}]}
RESULT: {"script":"<script> [1562 bytes]","args":[{"selector":{"id":"shellAppTitle"},"wdio_ui5_key":"shellAppTitle"}]}
COMMAND: POST /session/9db5fffb72bab1fa72d9eaedd1b0788b/execute/async - {"script":"<script> [6424 bytes]","args":[{"element-6066-11e4-a52e-4f735466cecf":"f.901DD928DEEE95B40F04D4ACD88F12CC.d.2A5AF83351328052000F673D0E4C944E.e.4701"},"getTitle",[]]}
RESULT: {"script":"<script> [6424 bytes]","args":[{"element-6066-11e4-a52e-4f735466cecf":"f.901DD928DEEE95B40F04D4ACD88F12CC.d.2A5AF83351328052000F673D0E4C944E.e.4701"},"getTitle",[]]}
RESULT: undefined
COMMAND: POST /session/9db5fffb72bab1fa72d9eaedd1b0788b/element/f.901DD928DEEE95B40F04D4ACD88F12CC.d.2A5AF83351328052000F673D0E4C944E.e.4476/click - {}
COMMAND: POST /session/9db5fffb72bab1fa72d9eaedd1b0788b/element - {"using":"xpath","value":"//*[@id=\"backBtn\"]"}
RESULT: {"using":"xpath","value":"//*[@id=\"backBtn\"]"}
COMMAND: POST /session/9db5fffb72bab1fa72d9eaedd1b0788b/element/f.901DD928DEEE95B40F04D4ACD88F12CC.d.2A5AF83351328052000F673D0E4C944E.e.4476/click - {}
COMMAND: POST /session/9db5fffb72bab1fa72d9eaedd1b0788b/element - {"using":"xpath","value":"//*[@id=\"backBtn\"]"}
RESULT: {"using":"xpath","value":"//*[@id=\"backBtn\"]"}
COMMAND: POST /session/9db5fffb72bab1fa72d9eaedd1b0788b/element/f.901DD928DEEE95B40F04D4ACD88F12CC.d.2A5AF83351328052000F673D0E4C944E.e.4702/click - {}
RESULT: {}
COMMAND: GET /session/9db5fffb72bab1fa72d9eaedd1b0788b/screenshot - {}
RESULT: {}
]]></system-out>
    </testcase>
    <testcase classname="chrome.136_0_7103_49.windows.Sanity_Tests_US104253" name="Should open Organizational Model page" time="36.571">
      <system-out><![CDATA[
COMMAND: POST /session/9db5fffb72bab1fa72d9eaedd1b0788b/execute/async - {"script":"<script> [1562 bytes]","args":[{"selector":{"controlType":"sap.m.GenericTile","properties":{"header":"Organizational Model"}},"wdio_ui5_key":"sapm.GenericTile{\"header\":\"Organizational Model\"}"}]}
RESULT: {"script":"<script> [1562 bytes]","args":[{"selector":{"controlType":"sap.m.GenericTile","properties":{"header":"Organizational Model"}},"wdio_ui5_key":"sapm.GenericTile{\"header\":\"Organizational Model\"}"}]}
RESULT: undefined
COMMAND: POST /session/9db5fffb72bab1fa72d9eaedd1b0788b/element - {"using":"xpath","value":"//*[@id=\"__tile120\"]"}
RESULT: {"using":"xpath","value":"//*[@id=\"__tile120\"]"}
COMMAND: POST /session/9db5fffb72bab1fa72d9eaedd1b0788b/element/f.901DD928DEEE95B40F04D4ACD88F12CC.d.2A5AF83351328052000F673D0E4C944E.e.4705/click - {}
RESULT: {}
COMMAND: GET /session/9db5fffb72bab1fa72d9eaedd1b0788b/screenshot - {}
RESULT: {}
COMMAND: POST /session/9db5fffb72bab1fa72d9eaedd1b0788b/elements - {"using":"xpath","value":"//span[text()='Error']"}
RESULT: {"using":"xpath","value":"//span[text()='Error']"}
RESULT: undefined
COMMAND: POST /session/9db5fffb72bab1fa72d9eaedd1b0788b/element - {"using":"xpath","value":"//*[@id=\"__tile120\"]"}
RESULT: {"using":"xpath","value":"//*[@id=\"__tile120\"]"}
COMMAND: POST /session/9db5fffb72bab1fa72d9eaedd1b0788b/element/f.901DD928DEEE95B40F04D4ACD88F12CC.d.2A5AF83351328052000F673D0E4C944E.e.4705/click - {}
RESULT: undefined
COMMAND: POST /session/9db5fffb72bab1fa72d9eaedd1b0788b/element - {"using":"xpath","value":"//*[@id=\"__tile120\"]"}
RESULT: {"using":"xpath","value":"//*[@id=\"__tile120\"]"}
COMMAND: POST /session/9db5fffb72bab1fa72d9eaedd1b0788b/element/f.901DD928DEEE95B40F04D4ACD88F12CC.d.2A5AF83351328052000F673D0E4C944E.e.4705/click - {}
RESULT: undefined
COMMAND: POST /session/9db5fffb72bab1fa72d9eaedd1b0788b/execute/async - {"script":"<script> [6424 bytes]","args":[{"element-6066-11e4-a52e-4f735466cecf":"f.901DD928DEEE95B40F04D4ACD88F12CC.d.2A5AF83351328052000F673D0E4C944E.e.234"},"getTitle",[]]}
COMMAND: POST /session/9db5fffb72bab1fa72d9eaedd1b0788b/execute/async - {"script":"<script> [1562 bytes]","args":[{"selector":{"id":"shellAppTitle"},"wdio_ui5_key":"shellAppTitle"}]}
RESULT: {"script":"<script> [1562 bytes]","args":[{"selector":{"id":"shellAppTitle"},"wdio_ui5_key":"shellAppTitle"}]}
COMMAND: POST /session/9db5fffb72bab1fa72d9eaedd1b0788b/execute/async - {"script":"<script> [6424 bytes]","args":[{"element-6066-11e4-a52e-4f735466cecf":"f.901DD928DEEE95B40F04D4ACD88F12CC.d.2A5AF83351328052000F673D0E4C944E.e.4724"},"getTitle",[]]}
RESULT: {"script":"<script> [6424 bytes]","args":[{"element-6066-11e4-a52e-4f735466cecf":"f.901DD928DEEE95B40F04D4ACD88F12CC.d.2A5AF83351328052000F673D0E4C944E.e.4724"},"getTitle",[]]}
RESULT: undefined
COMMAND: POST /session/9db5fffb72bab1fa72d9eaedd1b0788b/element/f.901DD928DEEE95B40F04D4ACD88F12CC.d.2A5AF83351328052000F673D0E4C944E.e.4702/click - {}
RESULT: {}
COMMAND: GET /session/9db5fffb72bab1fa72d9eaedd1b0788b/screenshot - {}
RESULT: {}
]]></system-out>
    </testcase>
    <testcase classname="chrome.136_0_7103_49.windows.Sanity_Tests_US104253" name="Should open Manage Roles page" time="36.818">
      <system-out><![CDATA[
COMMAND: POST /session/9db5fffb72bab1fa72d9eaedd1b0788b/execute/async - {"script":"<script> [1562 bytes]","args":[{"selector":{"controlType":"sap.m.GenericTile","properties":{"header":"Manage Roles"}},"wdio_ui5_key":"sapm.GenericTile{\"header\":\"Manage Roles\"}"}]}
RESULT: {"script":"<script> [1562 bytes]","args":[{"selector":{"controlType":"sap.m.GenericTile","properties":{"header":"Manage Roles"}},"wdio_ui5_key":"sapm.GenericTile{\"header\":\"Manage Roles\"}"}]}
RESULT: undefined
COMMAND: POST /session/9db5fffb72bab1fa72d9eaedd1b0788b/element - {"using":"xpath","value":"//*[@id=\"__tile119\"]"}
RESULT: {"using":"xpath","value":"//*[@id=\"__tile119\"]"}
COMMAND: POST /session/9db5fffb72bab1fa72d9eaedd1b0788b/element/f.901DD928DEEE95B40F04D4ACD88F12CC.d.2A5AF83351328052000F673D0E4C944E.e.4726/click - {}
RESULT: {}
COMMAND: GET /session/9db5fffb72bab1fa72d9eaedd1b0788b/screenshot - {}
RESULT: {}
COMMAND: POST /session/9db5fffb72bab1fa72d9eaedd1b0788b/elements - {"using":"xpath","value":"//span[text()='Error']"}
RESULT: {"using":"xpath","value":"//span[text()='Error']"}
RESULT: undefined
COMMAND: POST /session/9db5fffb72bab1fa72d9eaedd1b0788b/element - {"using":"xpath","value":"//*[@id=\"__tile119\"]"}
RESULT: {"using":"xpath","value":"//*[@id=\"__tile119\"]"}
COMMAND: POST /session/9db5fffb72bab1fa72d9eaedd1b0788b/element/f.901DD928DEEE95B40F04D4ACD88F12CC.d.2A5AF83351328052000F673D0E4C944E.e.4726/click - {}
RESULT: undefined
COMMAND: POST /session/9db5fffb72bab1fa72d9eaedd1b0788b/element - {"using":"xpath","value":"//*[@id=\"__tile119\"]"}
RESULT: {"using":"xpath","value":"//*[@id=\"__tile119\"]"}
COMMAND: POST /session/9db5fffb72bab1fa72d9eaedd1b0788b/element/f.901DD928DEEE95B40F04D4ACD88F12CC.d.2A5AF83351328052000F673D0E4C944E.e.4726/click - {}
RESULT: undefined
COMMAND: POST /session/9db5fffb72bab1fa72d9eaedd1b0788b/execute/async - {"script":"<script> [6424 bytes]","args":[{"element-6066-11e4-a52e-4f735466cecf":"f.901DD928DEEE95B40F04D4ACD88F12CC.d.2A5AF83351328052000F673D0E4C944E.e.234"},"getTitle",[]]}
COMMAND: POST /session/9db5fffb72bab1fa72d9eaedd1b0788b/execute/async - {"script":"<script> [1562 bytes]","args":[{"selector":{"id":"shellAppTitle"},"wdio_ui5_key":"shellAppTitle"}]}
RESULT: {"script":"<script> [1562 bytes]","args":[{"selector":{"id":"shellAppTitle"},"wdio_ui5_key":"shellAppTitle"}]}
COMMAND: POST /session/9db5fffb72bab1fa72d9eaedd1b0788b/execute/async - {"script":"<script> [6424 bytes]","args":[{"element-6066-11e4-a52e-4f735466cecf":"f.901DD928DEEE95B40F04D4ACD88F12CC.d.2A5AF83351328052000F673D0E4C944E.e.4771"},"getTitle",[]]}
RESULT: {"script":"<script> [6424 bytes]","args":[{"element-6066-11e4-a52e-4f735466cecf":"f.901DD928DEEE95B40F04D4ACD88F12CC.d.2A5AF83351328052000F673D0E4C944E.e.4771"},"getTitle",[]]}
RESULT: undefined
COMMAND: POST /session/9db5fffb72bab1fa72d9eaedd1b0788b/element/f.901DD928DEEE95B40F04D4ACD88F12CC.d.2A5AF83351328052000F673D0E4C944E.e.4702/click - {}
COMMAND: POST /session/9db5fffb72bab1fa72d9eaedd1b0788b/element - {"using":"xpath","value":"//*[@id=\"backBtn\"]"}
RESULT: {"using":"xpath","value":"//*[@id=\"backBtn\"]"}
COMMAND: POST /session/9db5fffb72bab1fa72d9eaedd1b0788b/element/f.901DD928DEEE95B40F04D4ACD88F12CC.d.2A5AF83351328052000F673D0E4C944E.e.4702/click - {}
COMMAND: POST /session/9db5fffb72bab1fa72d9eaedd1b0788b/element - {"using":"xpath","value":"//*[@id=\"backBtn\"]"}
RESULT: {"using":"xpath","value":"//*[@id=\"backBtn\"]"}
COMMAND: POST /session/9db5fffb72bab1fa72d9eaedd1b0788b/element/f.901DD928DEEE95B40F04D4ACD88F12CC.d.2A5AF83351328052000F673D0E4C944E.e.4772/click - {}
RESULT: {}
COMMAND: GET /session/9db5fffb72bab1fa72d9eaedd1b0788b/screenshot - {}
RESULT: {}
]]></system-out>
    </testcase>
    <testcase classname="chrome.136_0_7103_49.windows.Sanity_Tests_US104253" name="Should open Authorization Tables page" time="38.056">
      <system-out><![CDATA[
COMMAND: POST /session/9db5fffb72bab1fa72d9eaedd1b0788b/execute/async - {"script":"<script> [1562 bytes]","args":[{"selector":{"controlType":"sap.m.GenericTile","properties":{"header":"Authorization Tables"}},"wdio_ui5_key":"sapm.GenericTile{\"header\":\"Authorization Tables\"}"}]}
RESULT: {"script":"<script> [1562 bytes]","args":[{"selector":{"controlType":"sap.m.GenericTile","properties":{"header":"Authorization Tables"}},"wdio_ui5_key":"sapm.GenericTile{\"header\":\"Authorization Tables\"}"}]}
RESULT: undefined
COMMAND: POST /session/9db5fffb72bab1fa72d9eaedd1b0788b/element - {"using":"xpath","value":"//*[@id=\"__tile118\"]"}
RESULT: {"using":"xpath","value":"//*[@id=\"__tile118\"]"}
COMMAND: POST /session/9db5fffb72bab1fa72d9eaedd1b0788b/element/f.901DD928DEEE95B40F04D4ACD88F12CC.d.2A5AF83351328052000F673D0E4C944E.e.4774/click - {}
RESULT: {}
COMMAND: GET /session/9db5fffb72bab1fa72d9eaedd1b0788b/screenshot - {}
RESULT: {}
COMMAND: POST /session/9db5fffb72bab1fa72d9eaedd1b0788b/elements - {"using":"xpath","value":"//span[text()='Error']"}
RESULT: {"using":"xpath","value":"//span[text()='Error']"}
RESULT: undefined
COMMAND: POST /session/9db5fffb72bab1fa72d9eaedd1b0788b/element - {"using":"xpath","value":"//*[@id=\"__tile118\"]"}
RESULT: {"using":"xpath","value":"//*[@id=\"__tile118\"]"}
COMMAND: POST /session/9db5fffb72bab1fa72d9eaedd1b0788b/element/f.901DD928DEEE95B40F04D4ACD88F12CC.d.2A5AF83351328052000F673D0E4C944E.e.4774/click - {}
RESULT: undefined
COMMAND: POST /session/9db5fffb72bab1fa72d9eaedd1b0788b/element - {"using":"xpath","value":"//*[@id=\"__tile118\"]"}
RESULT: {"using":"xpath","value":"//*[@id=\"__tile118\"]"}
COMMAND: POST /session/9db5fffb72bab1fa72d9eaedd1b0788b/element/f.901DD928DEEE95B40F04D4ACD88F12CC.d.2A5AF83351328052000F673D0E4C944E.e.4774/click - {}
RESULT: undefined
COMMAND: POST /session/9db5fffb72bab1fa72d9eaedd1b0788b/execute/async - {"script":"<script> [6424 bytes]","args":[{"element-6066-11e4-a52e-4f735466cecf":"f.901DD928DEEE95B40F04D4ACD88F12CC.d.2A5AF83351328052000F673D0E4C944E.e.234"},"getTitle",[]]}
COMMAND: POST /session/9db5fffb72bab1fa72d9eaedd1b0788b/execute/async - {"script":"<script> [1562 bytes]","args":[{"selector":{"id":"shellAppTitle"},"wdio_ui5_key":"shellAppTitle"}]}
RESULT: {"script":"<script> [1562 bytes]","args":[{"selector":{"id":"shellAppTitle"},"wdio_ui5_key":"shellAppTitle"}]}
COMMAND: POST /session/9db5fffb72bab1fa72d9eaedd1b0788b/execute/async - {"script":"<script> [6424 bytes]","args":[{"element-6066-11e4-a52e-4f735466cecf":"f.901DD928DEEE95B40F04D4ACD88F12CC.d.2A5AF83351328052000F673D0E4C944E.e.4858"},"getTitle",[]]}
RESULT: {"script":"<script> [6424 bytes]","args":[{"element-6066-11e4-a52e-4f735466cecf":"f.901DD928DEEE95B40F04D4ACD88F12CC.d.2A5AF83351328052000F673D0E4C944E.e.4858"},"getTitle",[]]}
RESULT: undefined
COMMAND: POST /session/9db5fffb72bab1fa72d9eaedd1b0788b/element/f.901DD928DEEE95B40F04D4ACD88F12CC.d.2A5AF83351328052000F673D0E4C944E.e.4772/click - {}
RESULT: {}
COMMAND: GET /session/9db5fffb72bab1fa72d9eaedd1b0788b/screenshot - {}
RESULT: {}
]]></system-out>
    </testcase>
    <testcase classname="chrome.136_0_7103_49.windows.Sanity_Tests_US104253" name="Should open User Maintenance page" time="37.23">
      <system-out><![CDATA[
COMMAND: POST /session/9db5fffb72bab1fa72d9eaedd1b0788b/execute/async - {"script":"<script> [1562 bytes]","args":[{"selector":{"controlType":"sap.m.GenericTile","properties":{"header":"User Maintenance"}},"wdio_ui5_key":"sapm.GenericTile{\"header\":\"User Maintenance\"}"}]}
RESULT: {"script":"<script> [1562 bytes]","args":[{"selector":{"controlType":"sap.m.GenericTile","properties":{"header":"User Maintenance"}},"wdio_ui5_key":"sapm.GenericTile{\"header\":\"User Maintenance\"}"}]}
RESULT: undefined
COMMAND: POST /session/9db5fffb72bab1fa72d9eaedd1b0788b/element - {"using":"xpath","value":"//*[@id=\"__tile121\"]"}
RESULT: {"using":"xpath","value":"//*[@id=\"__tile121\"]"}
COMMAND: POST /session/9db5fffb72bab1fa72d9eaedd1b0788b/element/f.901DD928DEEE95B40F04D4ACD88F12CC.d.2A5AF83351328052000F673D0E4C944E.e.4860/click - {}
RESULT: {}
COMMAND: GET /session/9db5fffb72bab1fa72d9eaedd1b0788b/screenshot - {}
RESULT: {}
COMMAND: POST /session/9db5fffb72bab1fa72d9eaedd1b0788b/elements - {"using":"xpath","value":"//span[text()='Error']"}
RESULT: {"using":"xpath","value":"//span[text()='Error']"}
RESULT: undefined
COMMAND: POST /session/9db5fffb72bab1fa72d9eaedd1b0788b/element - {"using":"xpath","value":"//*[@id=\"__tile121\"]"}
RESULT: {"using":"xpath","value":"//*[@id=\"__tile121\"]"}
COMMAND: POST /session/9db5fffb72bab1fa72d9eaedd1b0788b/element/f.901DD928DEEE95B40F04D4ACD88F12CC.d.2A5AF83351328052000F673D0E4C944E.e.4860/click - {}
RESULT: undefined
COMMAND: POST /session/9db5fffb72bab1fa72d9eaedd1b0788b/element - {"using":"xpath","value":"//*[@id=\"__tile121\"]"}
RESULT: {"using":"xpath","value":"//*[@id=\"__tile121\"]"}
COMMAND: POST /session/9db5fffb72bab1fa72d9eaedd1b0788b/element/f.901DD928DEEE95B40F04D4ACD88F12CC.d.2A5AF83351328052000F673D0E4C944E.e.4860/click - {}
RESULT: undefined
COMMAND: POST /session/9db5fffb72bab1fa72d9eaedd1b0788b/execute/async - {"script":"<script> [6424 bytes]","args":[{"element-6066-11e4-a52e-4f735466cecf":"f.901DD928DEEE95B40F04D4ACD88F12CC.d.2A5AF83351328052000F673D0E4C944E.e.234"},"getTitle",[]]}
COMMAND: POST /session/9db5fffb72bab1fa72d9eaedd1b0788b/execute/async - {"script":"<script> [1562 bytes]","args":[{"selector":{"id":"shellAppTitle"},"wdio_ui5_key":"shellAppTitle"}]}
RESULT: {"script":"<script> [1562 bytes]","args":[{"selector":{"id":"shellAppTitle"},"wdio_ui5_key":"shellAppTitle"}]}
COMMAND: POST /session/9db5fffb72bab1fa72d9eaedd1b0788b/execute/async - {"script":"<script> [6424 bytes]","args":[{"element-6066-11e4-a52e-4f735466cecf":"f.901DD928DEEE95B40F04D4ACD88F12CC.d.2A5AF83351328052000F673D0E4C944E.e.4948"},"getTitle",[]]}
RESULT: {"script":"<script> [6424 bytes]","args":[{"element-6066-11e4-a52e-4f735466cecf":"f.901DD928DEEE95B40F04D4ACD88F12CC.d.2A5AF83351328052000F673D0E4C944E.e.4948"},"getTitle",[]]}
RESULT: undefined
COMMAND: POST /session/9db5fffb72bab1fa72d9eaedd1b0788b/element/f.901DD928DEEE95B40F04D4ACD88F12CC.d.2A5AF83351328052000F673D0E4C944E.e.4772/click - {}
COMMAND: POST /session/9db5fffb72bab1fa72d9eaedd1b0788b/element - {"using":"xpath","value":"//*[@id=\"backBtn\"]"}
RESULT: {"using":"xpath","value":"//*[@id=\"backBtn\"]"}
COMMAND: POST /session/9db5fffb72bab1fa72d9eaedd1b0788b/element/f.901DD928DEEE95B40F04D4ACD88F12CC.d.2A5AF83351328052000F673D0E4C944E.e.4772/click - {}
COMMAND: POST /session/9db5fffb72bab1fa72d9eaedd1b0788b/element - {"using":"xpath","value":"//*[@id=\"backBtn\"]"}
RESULT: {"using":"xpath","value":"//*[@id=\"backBtn\"]"}
COMMAND: POST /session/9db5fffb72bab1fa72d9eaedd1b0788b/element/f.901DD928DEEE95B40F04D4ACD88F12CC.d.2A5AF83351328052000F673D0E4C944E.e.4949/click - {}
RESULT: {}
COMMAND: GET /session/9db5fffb72bab1fa72d9eaedd1b0788b/screenshot - {}
RESULT: {}
]]></system-out>
    </testcase>
    <testcase classname="chrome.136_0_7103_49.windows.Sanity_Tests_US104253" name="Should open Schedule Jobs page" time="37.515">
      <system-out><![CDATA[
COMMAND: POST /session/9db5fffb72bab1fa72d9eaedd1b0788b/execute/async - {"script":"<script> [1562 bytes]","args":[{"selector":{"controlType":"sap.m.GenericTile","properties":{"header":"Schedule Jobs"}},"wdio_ui5_key":"sapm.GenericTile{\"header\":\"Schedule Jobs\"}"}]}
RESULT: {"script":"<script> [1562 bytes]","args":[{"selector":{"controlType":"sap.m.GenericTile","properties":{"header":"Schedule Jobs"}},"wdio_ui5_key":"sapm.GenericTile{\"header\":\"Schedule Jobs\"}"}]}
RESULT: undefined
COMMAND: POST /session/9db5fffb72bab1fa72d9eaedd1b0788b/element - {"using":"xpath","value":"//*[@id=\"__tile127\"]"}
RESULT: {"using":"xpath","value":"//*[@id=\"__tile127\"]"}
COMMAND: POST /session/9db5fffb72bab1fa72d9eaedd1b0788b/element/f.901DD928DEEE95B40F04D4ACD88F12CC.d.2A5AF83351328052000F673D0E4C944E.e.4952/click - {}
RESULT: {}
COMMAND: GET /session/9db5fffb72bab1fa72d9eaedd1b0788b/screenshot - {}
RESULT: {}
COMMAND: POST /session/9db5fffb72bab1fa72d9eaedd1b0788b/elements - {"using":"xpath","value":"//span[text()='Error']"}
RESULT: {"using":"xpath","value":"//span[text()='Error']"}
RESULT: undefined
COMMAND: POST /session/9db5fffb72bab1fa72d9eaedd1b0788b/element - {"using":"xpath","value":"//*[@id=\"__tile127\"]"}
RESULT: {"using":"xpath","value":"//*[@id=\"__tile127\"]"}
COMMAND: POST /session/9db5fffb72bab1fa72d9eaedd1b0788b/element/f.901DD928DEEE95B40F04D4ACD88F12CC.d.2A5AF83351328052000F673D0E4C944E.e.4952/click - {}
RESULT: undefined
COMMAND: POST /session/9db5fffb72bab1fa72d9eaedd1b0788b/element - {"using":"xpath","value":"//*[@id=\"__tile127\"]"}
RESULT: {"using":"xpath","value":"//*[@id=\"__tile127\"]"}
COMMAND: POST /session/9db5fffb72bab1fa72d9eaedd1b0788b/element/f.901DD928DEEE95B40F04D4ACD88F12CC.d.2A5AF83351328052000F673D0E4C944E.e.4952/click - {}
RESULT: undefined
COMMAND: POST /session/9db5fffb72bab1fa72d9eaedd1b0788b/execute/async - {"script":"<script> [6424 bytes]","args":[{"element-6066-11e4-a52e-4f735466cecf":"f.901DD928DEEE95B40F04D4ACD88F12CC.d.2A5AF83351328052000F673D0E4C944E.e.234"},"getTitle",[]]}
COMMAND: POST /session/9db5fffb72bab1fa72d9eaedd1b0788b/execute/async - {"script":"<script> [1562 bytes]","args":[{"selector":{"id":"shellAppTitle"},"wdio_ui5_key":"shellAppTitle"}]}
RESULT: {"script":"<script> [1562 bytes]","args":[{"selector":{"id":"shellAppTitle"},"wdio_ui5_key":"shellAppTitle"}]}
COMMAND: POST /session/9db5fffb72bab1fa72d9eaedd1b0788b/execute/async - {"script":"<script> [6424 bytes]","args":[{"element-6066-11e4-a52e-4f735466cecf":"f.901DD928DEEE95B40F04D4ACD88F12CC.d.2A5AF83351328052000F673D0E4C944E.e.4996"},"getTitle",[]]}
RESULT: {"script":"<script> [6424 bytes]","args":[{"element-6066-11e4-a52e-4f735466cecf":"f.901DD928DEEE95B40F04D4ACD88F12CC.d.2A5AF83351328052000F673D0E4C944E.e.4996"},"getTitle",[]]}
RESULT: undefined
COMMAND: POST /session/9db5fffb72bab1fa72d9eaedd1b0788b/element/f.901DD928DEEE95B40F04D4ACD88F12CC.d.2A5AF83351328052000F673D0E4C944E.e.4949/click - {}
COMMAND: POST /session/9db5fffb72bab1fa72d9eaedd1b0788b/element/f.901DD928DEEE95B40F04D4ACD88F12CC.d.2A5AF83351328052000F673D0E4C944E.e.4949/click - {}
RESULT: {}
COMMAND: GET /session/9db5fffb72bab1fa72d9eaedd1b0788b/screenshot - {}
COMMAND: POST /session/9db5fffb72bab1fa72d9eaedd1b0788b/element - {"using":"xpath","value":"//*[@id=\"backBtn\"]"}
RESULT: {}
RESULT: {"using":"xpath","value":"//*[@id=\"backBtn\"]"}
COMMAND: POST /session/9db5fffb72bab1fa72d9eaedd1b0788b/elements - {"using":"xpath","value":"//*[@id=\"backBtn\"]"}
RESULT: {"using":"xpath","value":"//*[@id=\"backBtn\"]"}
COMMAND: POST /session/9db5fffb72bab1fa72d9eaedd1b0788b/elements - {"using":"xpath","value":"//*[@id=\"backBtn\"]"}
RESULT: {"using":"xpath","value":"//*[@id=\"backBtn\"]"}
COMMAND: POST /session/9db5fffb72bab1fa72d9eaedd1b0788b/elements - {"using":"xpath","value":"//*[@id=\"backBtn\"]"}
RESULT: {"using":"xpath","value":"//*[@id=\"backBtn\"]"}
COMMAND: POST /session/9db5fffb72bab1fa72d9eaedd1b0788b/elements - {"using":"xpath","value":"//*[@id=\"backBtn\"]"}
RESULT: {"using":"xpath","value":"//*[@id=\"backBtn\"]"}
COMMAND: POST /session/9db5fffb72bab1fa72d9eaedd1b0788b/elements - {"using":"xpath","value":"//*[@id=\"backBtn\"]"}
RESULT: {"using":"xpath","value":"//*[@id=\"backBtn\"]"}
COMMAND: POST /session/9db5fffb72bab1fa72d9eaedd1b0788b/elements - {"using":"xpath","value":"//*[@id=\"backBtn\"]"}
RESULT: {"using":"xpath","value":"//*[@id=\"backBtn\"]"}
COMMAND: POST /session/9db5fffb72bab1fa72d9eaedd1b0788b/elements - {"using":"xpath","value":"//*[@id=\"backBtn\"]"}
RESULT: {"using":"xpath","value":"//*[@id=\"backBtn\"]"}
COMMAND: POST /session/9db5fffb72bab1fa72d9eaedd1b0788b/elements - {"using":"xpath","value":"//*[@id=\"backBtn\"]"}
RESULT: {"using":"xpath","value":"//*[@id=\"backBtn\"]"}
COMMAND: POST /session/9db5fffb72bab1fa72d9eaedd1b0788b/elements - {"using":"xpath","value":"//*[@id=\"backBtn\"]"}
RESULT: {"using":"xpath","value":"//*[@id=\"backBtn\"]"}
COMMAND: POST /session/9db5fffb72bab1fa72d9eaedd1b0788b/elements - {"using":"xpath","value":"//*[@id=\"backBtn\"]"}
RESULT: {"using":"xpath","value":"//*[@id=\"backBtn\"]"}
COMMAND: POST /session/9db5fffb72bab1fa72d9eaedd1b0788b/elements - {"using":"xpath","value":"//*[@id=\"backBtn\"]"}
RESULT: {"using":"xpath","value":"//*[@id=\"backBtn\"]"}
COMMAND: POST /session/9db5fffb72bab1fa72d9eaedd1b0788b/elements - {"using":"xpath","value":"//*[@id=\"backBtn\"]"}
RESULT: {"using":"xpath","value":"//*[@id=\"backBtn\"]"}
COMMAND: POST /session/9db5fffb72bab1fa72d9eaedd1b0788b/elements - {"using":"xpath","value":"//*[@id=\"backBtn\"]"}
RESULT: {"using":"xpath","value":"//*[@id=\"backBtn\"]"}
COMMAND: POST /session/9db5fffb72bab1fa72d9eaedd1b0788b/elements - {"using":"xpath","value":"//*[@id=\"backBtn\"]"}
RESULT: {"using":"xpath","value":"//*[@id=\"backBtn\"]"}
COMMAND: POST /session/9db5fffb72bab1fa72d9eaedd1b0788b/elements - {"using":"xpath","value":"//*[@id=\"backBtn\"]"}
RESULT: {"using":"xpath","value":"//*[@id=\"backBtn\"]"}
COMMAND: POST /session/9db5fffb72bab1fa72d9eaedd1b0788b/elements - {"using":"xpath","value":"//*[@id=\"backBtn\"]"}
RESULT: {"using":"xpath","value":"//*[@id=\"backBtn\"]"}
COMMAND: POST /session/9db5fffb72bab1fa72d9eaedd1b0788b/elements - {"using":"xpath","value":"//*[@id=\"backBtn\"]"}
RESULT: {"using":"xpath","value":"//*[@id=\"backBtn\"]"}
COMMAND: POST /session/9db5fffb72bab1fa72d9eaedd1b0788b/elements - {"using":"xpath","value":"//*[@id=\"backBtn\"]"}
RESULT: {"using":"xpath","value":"//*[@id=\"backBtn\"]"}
COMMAND: POST /session/9db5fffb72bab1fa72d9eaedd1b0788b/elements - {"using":"xpath","value":"//*[@id=\"backBtn\"]"}
RESULT: {"using":"xpath","value":"//*[@id=\"backBtn\"]"}
]]></system-out>
    </testcase>
    <testcase classname="chrome.136_0_7103_49.windows.Sanity_Tests_US104253" name="Should open Jobs Setup page" time="36.853">
      <system-out><![CDATA[
COMMAND: POST /session/9db5fffb72bab1fa72d9eaedd1b0788b/execute/async - {"script":"<script> [1562 bytes]","args":[{"selector":{"controlType":"sap.m.GenericTile","properties":{"header":"Jobs Setup"}},"wdio_ui5_key":"sapm.GenericTile{\"header\":\"Jobs Setup\"}"}]}
COMMAND: POST /session/9db5fffb72bab1fa72d9eaedd1b0788b/elements - {"using":"xpath","value":"//*[@id=\"backBtn\"]"}
RESULT: {"script":"<script> [1562 bytes]","args":[{"selector":{"controlType":"sap.m.GenericTile","properties":{"header":"Jobs Setup"}},"wdio_ui5_key":"sapm.GenericTile{\"header\":\"Jobs Setup\"}"}]}
RESULT: undefined
COMMAND: POST /session/9db5fffb72bab1fa72d9eaedd1b0788b/element - {"using":"xpath","value":"//*[@id=\"__tile128\"]"}
RESULT: {"using":"xpath","value":"//*[@id=\"backBtn\"]"}
RESULT: {"using":"xpath","value":"//*[@id=\"__tile128\"]"}
COMMAND: POST /session/9db5fffb72bab1fa72d9eaedd1b0788b/element/f.901DD928DEEE95B40F04D4ACD88F12CC.d.2A5AF83351328052000F673D0E4C944E.e.4998/click - {}
RESULT: {}
COMMAND: GET /session/9db5fffb72bab1fa72d9eaedd1b0788b/screenshot - {}
COMMAND: POST /session/9db5fffb72bab1fa72d9eaedd1b0788b/elements - {"using":"xpath","value":"//*[@id=\"backBtn\"]"}
RESULT: {}
RESULT: {"using":"xpath","value":"//*[@id=\"backBtn\"]"}
COMMAND: POST /session/9db5fffb72bab1fa72d9eaedd1b0788b/elements - {"using":"xpath","value":"//*[@id=\"backBtn\"]"}
RESULT: {"using":"xpath","value":"//*[@id=\"backBtn\"]"}
COMMAND: POST /session/9db5fffb72bab1fa72d9eaedd1b0788b/element - {"using":"xpath","value":"//*[@id=\"backBtn\"]"}
RESULT: {"using":"xpath","value":"//*[@id=\"backBtn\"]"}
COMMAND: POST /session/9db5fffb72bab1fa72d9eaedd1b0788b/element/f.901DD928DEEE95B40F04D4ACD88F12CC.d.2A5AF83351328052000F673D0E4C944E.e.4949/click - {}
COMMAND: POST /session/9db5fffb72bab1fa72d9eaedd1b0788b/element - {"using":"xpath","value":"//*[@id=\"backBtn\"]"}
RESULT: {"using":"xpath","value":"//*[@id=\"backBtn\"]"}
COMMAND: POST /session/9db5fffb72bab1fa72d9eaedd1b0788b/element/f.901DD928DEEE95B40F04D4ACD88F12CC.d.2A5AF83351328052000F673D0E4C944E.e.5055/click - {}
RESULT: {}
COMMAND: GET /session/9db5fffb72bab1fa72d9eaedd1b0788b/screenshot - {}
RESULT: {}
COMMAND: POST /session/9db5fffb72bab1fa72d9eaedd1b0788b/elements - {"using":"xpath","value":"//span[text()='Error']"}
RESULT: {"using":"xpath","value":"//span[text()='Error']"}
RESULT: undefined
COMMAND: POST /session/9db5fffb72bab1fa72d9eaedd1b0788b/element - {"using":"xpath","value":"//*[@id=\"__tile128\"]"}
RESULT: {"using":"xpath","value":"//*[@id=\"__tile128\"]"}
COMMAND: POST /session/9db5fffb72bab1fa72d9eaedd1b0788b/element/f.901DD928DEEE95B40F04D4ACD88F12CC.d.2A5AF83351328052000F673D0E4C944E.e.4998/click - {}
RESULT: undefined
COMMAND: POST /session/9db5fffb72bab1fa72d9eaedd1b0788b/element - {"using":"xpath","value":"//*[@id=\"__tile128\"]"}
RESULT: {"using":"xpath","value":"//*[@id=\"__tile128\"]"}
COMMAND: POST /session/9db5fffb72bab1fa72d9eaedd1b0788b/element/f.901DD928DEEE95B40F04D4ACD88F12CC.d.2A5AF83351328052000F673D0E4C944E.e.4998/click - {}
RESULT: undefined
COMMAND: POST /session/9db5fffb72bab1fa72d9eaedd1b0788b/execute/async - {"script":"<script> [6424 bytes]","args":[{"element-6066-11e4-a52e-4f735466cecf":"f.901DD928DEEE95B40F04D4ACD88F12CC.d.2A5AF83351328052000F673D0E4C944E.e.234"},"getTitle",[]]}
COMMAND: POST /session/9db5fffb72bab1fa72d9eaedd1b0788b/execute/async - {"script":"<script> [1562 bytes]","args":[{"selector":{"id":"shellAppTitle"},"wdio_ui5_key":"shellAppTitle"}]}
RESULT: {"script":"<script> [1562 bytes]","args":[{"selector":{"id":"shellAppTitle"},"wdio_ui5_key":"shellAppTitle"}]}
COMMAND: POST /session/9db5fffb72bab1fa72d9eaedd1b0788b/execute/async - {"script":"<script> [6424 bytes]","args":[{"element-6066-11e4-a52e-4f735466cecf":"f.901DD928DEEE95B40F04D4ACD88F12CC.d.2A5AF83351328052000F673D0E4C944E.e.5084"},"getTitle",[]]}
RESULT: {"script":"<script> [6424 bytes]","args":[{"element-6066-11e4-a52e-4f735466cecf":"f.901DD928DEEE95B40F04D4ACD88F12CC.d.2A5AF83351328052000F673D0E4C944E.e.5084"},"getTitle",[]]}
RESULT: undefined
COMMAND: POST /session/9db5fffb72bab1fa72d9eaedd1b0788b/element/f.901DD928DEEE95B40F04D4ACD88F12CC.d.2A5AF83351328052000F673D0E4C944E.e.5055/click - {}
COMMAND: POST /session/9db5fffb72bab1fa72d9eaedd1b0788b/element/f.901DD928DEEE95B40F04D4ACD88F12CC.d.2A5AF83351328052000F673D0E4C944E.e.5055/click - {}
RESULT: {}
COMMAND: GET /session/9db5fffb72bab1fa72d9eaedd1b0788b/screenshot - {}
RESULT: {}
COMMAND: GET /session/9db5fffb72bab1fa72d9eaedd1b0788b/screenshot - {}
RESULT: {}
RESULT: {}
]]></system-out>
    </testcase>
    <testcase classname="chrome.136_0_7103_49.windows.Sanity_Tests_US104253" name="Should open Target Systems Configuration page" time="36.758">
      <system-out><![CDATA[
COMMAND: POST /session/9db5fffb72bab1fa72d9eaedd1b0788b/execute/async - {"script":"<script> [1562 bytes]","args":[{"selector":{"controlType":"sap.m.GenericTile","properties":{"header":"Target Systems Configuration"}},"wdio_ui5_key":"sapm.GenericTile{\"header\":\"Target Systems Configuration\"}"}]}
RESULT: {"script":"<script> [1562 bytes]","args":[{"selector":{"controlType":"sap.m.GenericTile","properties":{"header":"Target Systems Configuration"}},"wdio_ui5_key":"sapm.GenericTile{\"header\":\"Target Systems Configuration\"}"}]}
RESULT: undefined
COMMAND: POST /session/9db5fffb72bab1fa72d9eaedd1b0788b/element - {"using":"xpath","value":"//*[@id=\"__tile129\"]"}
RESULT: {"using":"xpath","value":"//*[@id=\"__tile129\"]"}
COMMAND: POST /session/9db5fffb72bab1fa72d9eaedd1b0788b/element/f.901DD928DEEE95B40F04D4ACD88F12CC.d.2A5AF83351328052000F673D0E4C944E.e.5088/click - {}
RESULT: {}
COMMAND: GET /session/9db5fffb72bab1fa72d9eaedd1b0788b/screenshot - {}
RESULT: {}
COMMAND: POST /session/9db5fffb72bab1fa72d9eaedd1b0788b/elements - {"using":"xpath","value":"//span[text()='Error']"}
RESULT: {"using":"xpath","value":"//span[text()='Error']"}
RESULT: undefined
COMMAND: POST /session/9db5fffb72bab1fa72d9eaedd1b0788b/element - {"using":"xpath","value":"//*[@id=\"__tile129\"]"}
RESULT: {"using":"xpath","value":"//*[@id=\"__tile129\"]"}
COMMAND: POST /session/9db5fffb72bab1fa72d9eaedd1b0788b/element/f.901DD928DEEE95B40F04D4ACD88F12CC.d.2A5AF83351328052000F673D0E4C944E.e.5088/click - {}
RESULT: undefined
COMMAND: POST /session/9db5fffb72bab1fa72d9eaedd1b0788b/element - {"using":"xpath","value":"//*[@id=\"__tile129\"]"}
RESULT: {"using":"xpath","value":"//*[@id=\"__tile129\"]"}
COMMAND: POST /session/9db5fffb72bab1fa72d9eaedd1b0788b/element/f.901DD928DEEE95B40F04D4ACD88F12CC.d.2A5AF83351328052000F673D0E4C944E.e.5088/click - {}
RESULT: undefined
COMMAND: POST /session/9db5fffb72bab1fa72d9eaedd1b0788b/execute/async - {"script":"<script> [6424 bytes]","args":[{"element-6066-11e4-a52e-4f735466cecf":"f.901DD928DEEE95B40F04D4ACD88F12CC.d.2A5AF83351328052000F673D0E4C944E.e.234"},"getTitle",[]]}
COMMAND: POST /session/9db5fffb72bab1fa72d9eaedd1b0788b/execute/async - {"script":"<script> [1562 bytes]","args":[{"selector":{"id":"shellAppTitle"},"wdio_ui5_key":"shellAppTitle"}]}
RESULT: {"script":"<script> [1562 bytes]","args":[{"selector":{"id":"shellAppTitle"},"wdio_ui5_key":"shellAppTitle"}]}
COMMAND: POST /session/9db5fffb72bab1fa72d9eaedd1b0788b/execute/async - {"script":"<script> [6424 bytes]","args":[{"element-6066-11e4-a52e-4f735466cecf":"f.901DD928DEEE95B40F04D4ACD88F12CC.d.2A5AF83351328052000F673D0E4C944E.e.5139"},"getTitle",[]]}
RESULT: {"script":"<script> [6424 bytes]","args":[{"element-6066-11e4-a52e-4f735466cecf":"f.901DD928DEEE95B40F04D4ACD88F12CC.d.2A5AF83351328052000F673D0E4C944E.e.5139"},"getTitle",[]]}
RESULT: undefined
COMMAND: POST /session/9db5fffb72bab1fa72d9eaedd1b0788b/element/f.901DD928DEEE95B40F04D4ACD88F12CC.d.2A5AF83351328052000F673D0E4C944E.e.5055/click - {}
COMMAND: POST /session/9db5fffb72bab1fa72d9eaedd1b0788b/element/f.901DD928DEEE95B40F04D4ACD88F12CC.d.2A5AF83351328052000F673D0E4C944E.e.5055/click - {}
RESULT: {}
COMMAND: GET /session/9db5fffb72bab1fa72d9eaedd1b0788b/screenshot - {}
COMMAND: POST /session/9db5fffb72bab1fa72d9eaedd1b0788b/element - {"using":"xpath","value":"//*[@id=\"backBtn\"]"}
RESULT: {}
RESULT: {"using":"xpath","value":"//*[@id=\"backBtn\"]"}
COMMAND: POST /session/9db5fffb72bab1fa72d9eaedd1b0788b/elements - {"using":"xpath","value":"//*[@id=\"backBtn\"]"}
RESULT: {"using":"xpath","value":"//*[@id=\"backBtn\"]"}
COMMAND: POST /session/9db5fffb72bab1fa72d9eaedd1b0788b/elements - {"using":"xpath","value":"//*[@id=\"backBtn\"]"}
RESULT: {"using":"xpath","value":"//*[@id=\"backBtn\"]"}
COMMAND: POST /session/9db5fffb72bab1fa72d9eaedd1b0788b/elements - {"using":"xpath","value":"//*[@id=\"backBtn\"]"}
RESULT: {"using":"xpath","value":"//*[@id=\"backBtn\"]"}
COMMAND: POST /session/9db5fffb72bab1fa72d9eaedd1b0788b/elements - {"using":"xpath","value":"//*[@id=\"backBtn\"]"}
RESULT: {"using":"xpath","value":"//*[@id=\"backBtn\"]"}
COMMAND: POST /session/9db5fffb72bab1fa72d9eaedd1b0788b/elements - {"using":"xpath","value":"//*[@id=\"backBtn\"]"}
RESULT: {"using":"xpath","value":"//*[@id=\"backBtn\"]"}
COMMAND: POST /session/9db5fffb72bab1fa72d9eaedd1b0788b/elements - {"using":"xpath","value":"//*[@id=\"backBtn\"]"}
RESULT: {"using":"xpath","value":"//*[@id=\"backBtn\"]"}
COMMAND: POST /session/9db5fffb72bab1fa72d9eaedd1b0788b/elements - {"using":"xpath","value":"//*[@id=\"backBtn\"]"}
RESULT: {"using":"xpath","value":"//*[@id=\"backBtn\"]"}
COMMAND: POST /session/9db5fffb72bab1fa72d9eaedd1b0788b/elements - {"using":"xpath","value":"//*[@id=\"backBtn\"]"}
RESULT: {"using":"xpath","value":"//*[@id=\"backBtn\"]"}
COMMAND: POST /session/9db5fffb72bab1fa72d9eaedd1b0788b/elements - {"using":"xpath","value":"//*[@id=\"backBtn\"]"}
RESULT: {"using":"xpath","value":"//*[@id=\"backBtn\"]"}
COMMAND: POST /session/9db5fffb72bab1fa72d9eaedd1b0788b/elements - {"using":"xpath","value":"//*[@id=\"backBtn\"]"}
RESULT: {"using":"xpath","value":"//*[@id=\"backBtn\"]"}
COMMAND: POST /session/9db5fffb72bab1fa72d9eaedd1b0788b/elements - {"using":"xpath","value":"//*[@id=\"backBtn\"]"}
RESULT: {"using":"xpath","value":"//*[@id=\"backBtn\"]"}
COMMAND: POST /session/9db5fffb72bab1fa72d9eaedd1b0788b/elements - {"using":"xpath","value":"//*[@id=\"backBtn\"]"}
RESULT: {"using":"xpath","value":"//*[@id=\"backBtn\"]"}
COMMAND: POST /session/9db5fffb72bab1fa72d9eaedd1b0788b/elements - {"using":"xpath","value":"//*[@id=\"backBtn\"]"}
RESULT: {"using":"xpath","value":"//*[@id=\"backBtn\"]"}
COMMAND: POST /session/9db5fffb72bab1fa72d9eaedd1b0788b/elements - {"using":"xpath","value":"//*[@id=\"backBtn\"]"}
RESULT: {"using":"xpath","value":"//*[@id=\"backBtn\"]"}
COMMAND: POST /session/9db5fffb72bab1fa72d9eaedd1b0788b/elements - {"using":"xpath","value":"//*[@id=\"backBtn\"]"}
RESULT: {"using":"xpath","value":"//*[@id=\"backBtn\"]"}
COMMAND: POST /session/9db5fffb72bab1fa72d9eaedd1b0788b/elements - {"using":"xpath","value":"//*[@id=\"backBtn\"]"}
RESULT: {"using":"xpath","value":"//*[@id=\"backBtn\"]"}
COMMAND: POST /session/9db5fffb72bab1fa72d9eaedd1b0788b/elements - {"using":"xpath","value":"//*[@id=\"backBtn\"]"}
RESULT: {"using":"xpath","value":"//*[@id=\"backBtn\"]"}
COMMAND: POST /session/9db5fffb72bab1fa72d9eaedd1b0788b/elements - {"using":"xpath","value":"//*[@id=\"backBtn\"]"}
RESULT: {"using":"xpath","value":"//*[@id=\"backBtn\"]"}
COMMAND: POST /session/9db5fffb72bab1fa72d9eaedd1b0788b/elements - {"using":"xpath","value":"//*[@id=\"backBtn\"]"}
RESULT: {"using":"xpath","value":"//*[@id=\"backBtn\"]"}
COMMAND: POST /session/9db5fffb72bab1fa72d9eaedd1b0788b/elements - {"using":"xpath","value":"//*[@id=\"backBtn\"]"}
RESULT: {"using":"xpath","value":"//*[@id=\"backBtn\"]"}
COMMAND: POST /session/9db5fffb72bab1fa72d9eaedd1b0788b/elements - {"using":"xpath","value":"//*[@id=\"backBtn\"]"}
RESULT: {"using":"xpath","value":"//*[@id=\"backBtn\"]"}
COMMAND: POST /session/9db5fffb72bab1fa72d9eaedd1b0788b/elements - {"using":"xpath","value":"//*[@id=\"backBtn\"]"}
RESULT: {"using":"xpath","value":"//*[@id=\"backBtn\"]"}
COMMAND: POST /session/9db5fffb72bab1fa72d9eaedd1b0788b/elements - {"using":"xpath","value":"//*[@id=\"backBtn\"]"}
RESULT: {"using":"xpath","value":"//*[@id=\"backBtn\"]"}
COMMAND: POST /session/9db5fffb72bab1fa72d9eaedd1b0788b/elements - {"using":"xpath","value":"//*[@id=\"backBtn\"]"}
RESULT: {"using":"xpath","value":"//*[@id=\"backBtn\"]"}
COMMAND: POST /session/9db5fffb72bab1fa72d9eaedd1b0788b/elements - {"using":"xpath","value":"//*[@id=\"backBtn\"]"}
RESULT: {"using":"xpath","value":"//*[@id=\"backBtn\"]"}
COMMAND: POST /session/9db5fffb72bab1fa72d9eaedd1b0788b/elements - {"using":"xpath","value":"//*[@id=\"backBtn\"]"}
RESULT: {"using":"xpath","value":"//*[@id=\"backBtn\"]"}
COMMAND: POST /session/9db5fffb72bab1fa72d9eaedd1b0788b/elements - {"using":"xpath","value":"//*[@id=\"backBtn\"]"}
RESULT: {"using":"xpath","value":"//*[@id=\"backBtn\"]"}
COMMAND: POST /session/9db5fffb72bab1fa72d9eaedd1b0788b/elements - {"using":"xpath","value":"//*[@id=\"backBtn\"]"}
RESULT: {"using":"xpath","value":"//*[@id=\"backBtn\"]"}
COMMAND: POST /session/9db5fffb72bab1fa72d9eaedd1b0788b/elements - {"using":"xpath","value":"//*[@id=\"backBtn\"]"}
RESULT: {"using":"xpath","value":"//*[@id=\"backBtn\"]"}
COMMAND: POST /session/9db5fffb72bab1fa72d9eaedd1b0788b/elements - {"using":"xpath","value":"//*[@id=\"backBtn\"]"}
RESULT: {"using":"xpath","value":"//*[@id=\"backBtn\"]"}
COMMAND: POST /session/9db5fffb72bab1fa72d9eaedd1b0788b/elements - {"using":"xpath","value":"//*[@id=\"backBtn\"]"}
RESULT: {"using":"xpath","value":"//*[@id=\"backBtn\"]"}
COMMAND: POST /session/9db5fffb72bab1fa72d9eaedd1b0788b/elements - {"using":"xpath","value":"//*[@id=\"backBtn\"]"}
RESULT: {"using":"xpath","value":"//*[@id=\"backBtn\"]"}
COMMAND: POST /session/9db5fffb72bab1fa72d9eaedd1b0788b/elements - {"using":"xpath","value":"//*[@id=\"backBtn\"]"}
RESULT: {"using":"xpath","value":"//*[@id=\"backBtn\"]"}
COMMAND: POST /session/9db5fffb72bab1fa72d9eaedd1b0788b/elements - {"using":"xpath","value":"//*[@id=\"backBtn\"]"}
RESULT: {"using":"xpath","value":"//*[@id=\"backBtn\"]"}
COMMAND: POST /session/9db5fffb72bab1fa72d9eaedd1b0788b/elements - {"using":"xpath","value":"//*[@id=\"backBtn\"]"}
RESULT: {"using":"xpath","value":"//*[@id=\"backBtn\"]"}
COMMAND: POST /session/9db5fffb72bab1fa72d9eaedd1b0788b/elements - {"using":"xpath","value":"//*[@id=\"backBtn\"]"}
RESULT: {"using":"xpath","value":"//*[@id=\"backBtn\"]"}
COMMAND: POST /session/9db5fffb72bab1fa72d9eaedd1b0788b/elements - {"using":"xpath","value":"//*[@id=\"backBtn\"]"}
RESULT: {"using":"xpath","value":"//*[@id=\"backBtn\"]"}
COMMAND: POST /session/9db5fffb72bab1fa72d9eaedd1b0788b/elements - {"using":"xpath","value":"//*[@id=\"backBtn\"]"}
RESULT: {"using":"xpath","value":"//*[@id=\"backBtn\"]"}
COMMAND: POST /session/9db5fffb72bab1fa72d9eaedd1b0788b/elements - {"using":"xpath","value":"//*[@id=\"backBtn\"]"}
RESULT: {"using":"xpath","value":"//*[@id=\"backBtn\"]"}
COMMAND: DELETE /session/9db5fffb72bab1fa72d9eaedd1b0788b - {}
RESULT: {}
]]></system-out>
    </testcase>
  </testsuite>
</testsuites>