<?xml version="1.0" encoding="UTF-8"?>
<testsuites tests="9" failures="0" errors="0" skipped="0">
  <testsuite timestamp="2025-05-17T17:59:51" time="980.234" tests="9" failures="0" errors="0" skipped="0">
    <properties>
      <property name="specId" value="0" />
      <property name="suiteName" value="Tests for Mass State Change on Manage States &amp; Performances US104416 US" />
      <property name="capabilities" value="chrome.136_0_7103_93.windows" />
      <property name="file" value="file:///D:/a/1/s/test/specs/HTR/create-mass-state-change.spec.js" />
    </properties>
    <testcase classname="chrome.136_0_7103_93.windows.Tests_for_Mass_State_Change_on_Manage_States_&amp;_Performances_US104416_US" name="Prereq Should create a new yard used for all following tests" time="122.466">
      <system-out><![CDATA[
COMMAND: POST /session/3f0cbc1b15a23ece7a350179293e5208/window/fullscreen - {}
RESULT: {}
COMMAND: POST /session/3f0cbc1b15a23ece7a350179293e5208/execute/async - {"script":"<script> [1562 bytes]","args":[{"selector":{"controlType":"sap.m.GenericTile","properties":{"header":"Manage Yards"}},"wdio_ui5_key":"sapm.GenericTile{\"header\":\"Manage Yards\"}"}]}
RESULT: {"script":"<script> [1562 bytes]","args":[{"selector":{"controlType":"sap.m.GenericTile","properties":{"header":"Manage Yards"}},"wdio_ui5_key":"sapm.GenericTile{\"header\":\"Manage Yards\"}"}]}
RESULT: undefined
COMMAND: POST /session/3f0cbc1b15a23ece7a350179293e5208/element - {"using":"xpath","value":"//*[@id=\"__tile41\"]"}
RESULT: {"using":"xpath","value":"//*[@id=\"__tile41\"]"}
COMMAND: POST /session/3f0cbc1b15a23ece7a350179293e5208/element/f.A2D5424C1798EF873635D971557A7B84.d.5B3EAC59ABEA11414C040B7E8DCAE23A.e.167/click - {}
RESULT: {}
COMMAND: GET /session/3f0cbc1b15a23ece7a350179293e5208/screenshot - {}
RESULT: {}
COMMAND: POST /session/3f0cbc1b15a23ece7a350179293e5208/elements - {"using":"xpath","value":"//span[text()='Error']"}
RESULT: {"using":"xpath","value":"//span[text()='Error']"}
COMMAND: POST /session/3f0cbc1b15a23ece7a350179293e5208/element - {"using":"xpath","value":"//button[@data-kt=\"addNewYardOverflowToolbarButton\"]"}
RESULT: {"using":"xpath","value":"//button[@data-kt=\"addNewYardOverflowToolbarButton\"]"}
COMMAND: POST /session/3f0cbc1b15a23ece7a350179293e5208/elements - {"using":"xpath","value":"//button[@data-kt=\"addNewYardOverflowToolbarButton\"]"}
RESULT: {"using":"xpath","value":"//button[@data-kt=\"addNewYardOverflowToolbarButton\"]"}
COMMAND: POST /session/3f0cbc1b15a23ece7a350179293e5208/elements - {"using":"xpath","value":"//button[@data-kt=\"addNewYardOverflowToolbarButton\"]"}
RESULT: {"using":"xpath","value":"//button[@data-kt=\"addNewYardOverflowToolbarButton\"]"}
COMMAND: POST /session/3f0cbc1b15a23ece7a350179293e5208/elements - {"using":"xpath","value":"//button[@data-kt=\"addNewYardOverflowToolbarButton\"]"}
RESULT: {"using":"xpath","value":"//button[@data-kt=\"addNewYardOverflowToolbarButton\"]"}
COMMAND: POST /session/3f0cbc1b15a23ece7a350179293e5208/elements - {"using":"xpath","value":"//button[@data-kt=\"addNewYardOverflowToolbarButton\"]"}
RESULT: {"using":"xpath","value":"//button[@data-kt=\"addNewYardOverflowToolbarButton\"]"}
COMMAND: POST /session/3f0cbc1b15a23ece7a350179293e5208/elements - {"using":"xpath","value":"//button[@data-kt=\"addNewYardOverflowToolbarButton\"]"}
RESULT: {"using":"xpath","value":"//button[@data-kt=\"addNewYardOverflowToolbarButton\"]"}
COMMAND: POST /session/3f0cbc1b15a23ece7a350179293e5208/elements - {"using":"xpath","value":"//button[@data-kt=\"addNewYardOverflowToolbarButton\"]"}
RESULT: {"using":"xpath","value":"//button[@data-kt=\"addNewYardOverflowToolbarButton\"]"}
COMMAND: POST /session/3f0cbc1b15a23ece7a350179293e5208/element - {"using":"xpath","value":"//button[@data-kt=\"addNewYardOverflowToolbarButton\"]"}
RESULT: {"using":"xpath","value":"//button[@data-kt=\"addNewYardOverflowToolbarButton\"]"}
COMMAND: POST /session/3f0cbc1b15a23ece7a350179293e5208/execute/sync - {"script":"<script> [8489 bytes]","args":[{"element-6066-11e4-a52e-4f735466cecf":"f.A2D5424C1798EF873635D971557A7B84.d.5B3EAC59ABEA11414C040B7E8DCAE23A.e.304","ELEMENT":"f.A2D5424C1798EF873635D971557A7B84.d.5B3EAC59ABEA11414C040B7E8DCAE23A.e.304"}]}
RESULT: {"script":"<script> [8489 bytes]","args":[{"element-6066-11e4-a52e-4f735466cecf":"f.A2D5424C1798EF873635D971557A7B84.d.5B3EAC59ABEA11414C040B7E8DCAE23A.e.304","ELEMENT":"f.A2D5424C1798EF873635D971557A7B84.d.5B3EAC59ABEA11414C040B7E8DCAE23A.e.304"}]}
COMMAND: GET /session/3f0cbc1b15a23ece7a350179293e5208/element/f.A2D5424C1798EF873635D971557A7B84.d.5B3EAC59ABEA11414C040B7E8DCAE23A.e.304/enabled - {}
COMMAND: GET /session/3f0cbc1b15a23ece7a350179293e5208/screenshot - {}
RESULT: {}
COMMAND: POST /session/3f0cbc1b15a23ece7a350179293e5208/execute/sync - {"script":"<script> [8489 bytes]","args":[{"element-6066-11e4-a52e-4f735466cecf":"f.A2D5424C1798EF873635D971557A7B84.d.5B3EAC59ABEA11414C040B7E8DCAE23A.e.304","ELEMENT":"f.A2D5424C1798EF873635D971557A7B84.d.5B3EAC59ABEA11414C040B7E8DCAE23A.e.304"}]}
COMMAND: GET /session/3f0cbc1b15a23ece7a350179293e5208/screenshot - {}
RESULT: {}
RESULT: {"script":"<script> [8489 bytes]","args":[{"element-6066-11e4-a52e-4f735466cecf":"f.A2D5424C1798EF873635D971557A7B84.d.5B3EAC59ABEA11414C040B7E8DCAE23A.e.304","ELEMENT":"f.A2D5424C1798EF873635D971557A7B84.d.5B3EAC59ABEA11414C040B7E8DCAE23A.e.304"}]}
COMMAND: POST /session/3f0cbc1b15a23ece7a350179293e5208/execute/sync - {"script":"<script> [5351 bytes]","args":[{"element-6066-11e4-a52e-4f735466cecf":"f.A2D5424C1798EF873635D971557A7B84.d.5B3EAC59ABEA11414C040B7E8DCAE23A.e.304","ELEMENT":"f.A2D5424C1798EF873635D971557A7B84.d.5B3EAC59ABEA11414C040B7E8DCAE23A.e.304"}]}
COMMAND: GET /session/3f0cbc1b15a23ece7a350179293e5208/screenshot - {}
RESULT: {}
RESULT: {"script":"<script> [5351 bytes]","args":[{"element-6066-11e4-a52e-4f735466cecf":"f.A2D5424C1798EF873635D971557A7B84.d.5B3EAC59ABEA11414C040B7E8DCAE23A.e.304","ELEMENT":"f.A2D5424C1798EF873635D971557A7B84.d.5B3EAC59ABEA11414C040B7E8DCAE23A.e.304"}]}
COMMAND: POST /session/3f0cbc1b15a23ece7a350179293e5208/element/f.A2D5424C1798EF873635D971557A7B84.d.5B3EAC59ABEA11414C040B7E8DCAE23A.e.304/click - {}
COMMAND: GET /session/3f0cbc1b15a23ece7a350179293e5208/screenshot - {}
RESULT: {}
RESULT: {}
COMMAND: GET /session/3f0cbc1b15a23ece7a350179293e5208/screenshot - {}
RESULT: {}
COMMAND: POST /session/3f0cbc1b15a23ece7a350179293e5208/element - {"using":"xpath","value":"//input[@id=\"application-manageyards-display-component---NewYard--yardId-inner\"]"}
RESULT: {}
RESULT: {"using":"xpath","value":"//input[@id=\"application-manageyards-display-component---NewYard--yardId-inner\"]"}
COMMAND: POST /session/3f0cbc1b15a23ece7a350179293e5208/element - {"using":"xpath","value":"//input[@id=\"application-manageyards-display-component---NewYard--yardId-inner\"]"}
RESULT: {"using":"xpath","value":"//input[@id=\"application-manageyards-display-component---NewYard--yardId-inner\"]"}
COMMAND: POST /session/3f0cbc1b15a23ece7a350179293e5208/execute/async - {"script":"<script> [1562 bytes]","args":[{"selector":{"id":"application-manageyards-display-component---NewYard--addressDetailDetailsName1","interaction":{"idSuffix":"inner"}},"wdio_ui5_key":"applicationmanageyards-display-component---NewYard--addressDetailDetailsName1"}]}
RESULT: {"script":"<script> [1562 bytes]","args":[{"selector":{"id":"application-manageyards-display-component---NewYard--addressDetailDetailsName1","interaction":{"idSuffix":"inner"}},"wdio_ui5_key":"applicationmanageyards-display-component---NewYard--addressDetailDetailsName1"}]}
RESULT: undefined
COMMAND: POST /session/3f0cbc1b15a23ece7a350179293e5208/execute/async - {"script":"<script> [776 bytes]","args":[{"enterText":"Other Yard WDIO","selector":{"id":"application-manageyards-display-component---NewYard--addressDetailDetailsName1","interaction":{"idSuffix":"inner"}},"clearTextFirst":true,"interactionType":"ENTER_TEXT"}]}
RESULT: {"script":"<script> [776 bytes]","args":[{"enterText":"Other Yard WDIO","selector":{"id":"application-manageyards-display-component---NewYard--addressDetailDetailsName1","interaction":{"idSuffix":"inner"}},"clearTextFirst":true,"interactionType":"ENTER_TEXT"}]}
COMMAND: POST /session/3f0cbc1b15a23ece7a350179293e5208/execute/async - {"script":"<script> [1562 bytes]","args":[{"selector":{"id":"application-manageyards-display-component---NewYard--addressDetailDetailsLanguage-arrow"},"wdio_ui5_key":"applicationmanageyards-display-component---NewYard--addressDetailDetailsLanguage-arrow"}]}
RESULT: {"script":"<script> [1562 bytes]","args":[{"selector":{"id":"application-manageyards-display-component---NewYard--addressDetailDetailsLanguage-arrow"},"wdio_ui5_key":"applicationmanageyards-display-component---NewYard--addressDetailDetailsLanguage-arrow"}]}
RESULT: undefined
COMMAND: POST /session/3f0cbc1b15a23ece7a350179293e5208/element - {"using":"xpath","value":"//*[@id=\"application-manageyards-display-component---NewYard--addressDetailDetailsLanguage-arrow\"]"}
RESULT: {"using":"xpath","value":"//*[@id=\"application-manageyards-display-component---NewYard--addressDetailDetailsLanguage-arrow\"]"}
COMMAND: POST /session/3f0cbc1b15a23ece7a350179293e5208/element/f.A2D5424C1798EF873635D971557A7B84.d.5B3EAC59ABEA11414C040B7E8DCAE23A.e.745/click - {}
RESULT: {}
COMMAND: POST /session/3f0cbc1b15a23ece7a350179293e5208/element - {"using":"xpath","value":"//span[contains(text(), \"English\")]"}
COMMAND: GET /session/3f0cbc1b15a23ece7a350179293e5208/screenshot - {}
RESULT: {"using":"xpath","value":"//span[contains(text(), \"English\")]"}
COMMAND: POST /session/3f0cbc1b15a23ece7a350179293e5208/element/f.A2D5424C1798EF873635D971557A7B84.d.5B3EAC59ABEA11414C040B7E8DCAE23A.e.746/click - {}
RESULT: {}
RESULT: {}
COMMAND: POST /session/3f0cbc1b15a23ece7a350179293e5208/execute/async - {"script":"<script> [1562 bytes]","args":[{"selector":{"id":"application-manageyards-display-component---NewYard--addressDetailDetailsCity1","interaction":{"idSuffix":"inner"}},"wdio_ui5_key":"applicationmanageyards-display-component---NewYard--addressDetailDetailsCity1"}]}
COMMAND: GET /session/3f0cbc1b15a23ece7a350179293e5208/screenshot - {}
RESULT: {"script":"<script> [1562 bytes]","args":[{"selector":{"id":"application-manageyards-display-component---NewYard--addressDetailDetailsCity1","interaction":{"idSuffix":"inner"}},"wdio_ui5_key":"applicationmanageyards-display-component---NewYard--addressDetailDetailsCity1"}]}
RESULT: undefined
COMMAND: POST /session/3f0cbc1b15a23ece7a350179293e5208/execute/async - {"script":"<script> [776 bytes]","args":[{"enterText":"Rosario","selector":{"id":"application-manageyards-display-component---NewYard--addressDetailDetailsCity1","interaction":{"idSuffix":"inner"}},"clearTextFirst":true,"interactionType":"ENTER_TEXT"}]}
RESULT: {}
RESULT: {"script":"<script> [776 bytes]","args":[{"enterText":"Rosario","selector":{"id":"application-manageyards-display-component---NewYard--addressDetailDetailsCity1","interaction":{"idSuffix":"inner"}},"clearTextFirst":true,"interactionType":"ENTER_TEXT"}]}
COMMAND: POST /session/3f0cbc1b15a23ece7a350179293e5208/execute/async - {"script":"<script> [1562 bytes]","args":[{"selector":{"id":"application-manageyards-display-component---NewYard--addressDetailDetailsCountry-arrow"},"wdio_ui5_key":"applicationmanageyards-display-component---NewYard--addressDetailDetailsCountry-arrow"}]}
RESULT: {"script":"<script> [1562 bytes]","args":[{"selector":{"id":"application-manageyards-display-component---NewYard--addressDetailDetailsCountry-arrow"},"wdio_ui5_key":"applicationmanageyards-display-component---NewYard--addressDetailDetailsCountry-arrow"}]}
RESULT: undefined
COMMAND: POST /session/3f0cbc1b15a23ece7a350179293e5208/element - {"using":"xpath","value":"//*[@id=\"application-manageyards-display-component---NewYard--addressDetailDetailsCountry-arrow\"]"}
RESULT: {"using":"xpath","value":"//*[@id=\"application-manageyards-display-component---NewYard--addressDetailDetailsCountry-arrow\"]"}
COMMAND: POST /session/3f0cbc1b15a23ece7a350179293e5208/element/f.A2D5424C1798EF873635D971557A7B84.d.5B3EAC59ABEA11414C040B7E8DCAE23A.e.748/click - {}
RESULT: {}
COMMAND: POST /session/3f0cbc1b15a23ece7a350179293e5208/element - {"using":"xpath","value":"//span[contains(text(), \"Argentina\")]"}
COMMAND: GET /session/3f0cbc1b15a23ece7a350179293e5208/screenshot - {}
RESULT: {"using":"xpath","value":"//span[contains(text(), \"Argentina\")]"}
COMMAND: POST /session/3f0cbc1b15a23ece7a350179293e5208/element/f.A2D5424C1798EF873635D971557A7B84.d.5B3EAC59ABEA11414C040B7E8DCAE23A.e.749/click - {}
RESULT: {}
RESULT: {}
COMMAND: POST /session/3f0cbc1b15a23ece7a350179293e5208/execute/async - {"script":"<script> [1562 bytes]","args":[{"selector":{"id":"application-manageyards-display-component---NewYard--addressEditDetailsCostObjectCstType-arrow"},"wdio_ui5_key":"applicationmanageyards-display-component---NewYard--addressEditDetailsCostObjectCstType-arrow"}]}
COMMAND: GET /session/3f0cbc1b15a23ece7a350179293e5208/screenshot - {}
RESULT: {"script":"<script> [1562 bytes]","args":[{"selector":{"id":"application-manageyards-display-component---NewYard--addressEditDetailsCostObjectCstType-arrow"},"wdio_ui5_key":"applicationmanageyards-display-component---NewYard--addressEditDetailsCostObjectCstType-arrow"}]}
RESULT: undefined
COMMAND: POST /session/3f0cbc1b15a23ece7a350179293e5208/element - {"using":"xpath","value":"//*[@id=\"application-manageyards-display-component---NewYard--addressEditDetailsCostObjectCstType-arrow\"]"}
RESULT: {}
RESULT: {"using":"xpath","value":"//*[@id=\"application-manageyards-display-component---NewYard--addressEditDetailsCostObjectCstType-arrow\"]"}
COMMAND: POST /session/3f0cbc1b15a23ece7a350179293e5208/element/f.A2D5424C1798EF873635D971557A7B84.d.5B3EAC59ABEA11414C040B7E8DCAE23A.e.751/click - {}
RESULT: {}
COMMAND: POST /session/3f0cbc1b15a23ece7a350179293e5208/element - {"using":"xpath","value":"//span[contains(text(), \"Cost Center\")]"}
COMMAND: GET /session/3f0cbc1b15a23ece7a350179293e5208/screenshot - {}
RESULT: {"using":"xpath","value":"//span[contains(text(), \"Cost Center\")]"}
COMMAND: POST /session/3f0cbc1b15a23ece7a350179293e5208/element/f.A2D5424C1798EF873635D971557A7B84.d.5B3EAC59ABEA11414C040B7E8DCAE23A.e.752/click - {}
RESULT: {}
RESULT: {}
COMMAND: GET /session/3f0cbc1b15a23ece7a350179293e5208/screenshot - {}
RESULT: {}
COMMAND: POST /session/3f0cbc1b15a23ece7a350179293e5208/element - {"using":"xpath","value":"//span[@id=\"application-manageyards-display-component---NewYard--addressNewCostObjectCstID-vhi\"]"}
RESULT: {"using":"xpath","value":"//span[@id=\"application-manageyards-display-component---NewYard--addressNewCostObjectCstID-vhi\"]"}
COMMAND: POST /session/3f0cbc1b15a23ece7a350179293e5208/execute/sync - {"script":"<script> [8489 bytes]","args":[{"element-6066-11e4-a52e-4f735466cecf":"f.A2D5424C1798EF873635D971557A7B84.d.5B3EAC59ABEA11414C040B7E8DCAE23A.e.756","ELEMENT":"f.A2D5424C1798EF873635D971557A7B84.d.5B3EAC59ABEA11414C040B7E8DCAE23A.e.756"}]}
RESULT: {"script":"<script> [8489 bytes]","args":[{"element-6066-11e4-a52e-4f735466cecf":"f.A2D5424C1798EF873635D971557A7B84.d.5B3EAC59ABEA11414C040B7E8DCAE23A.e.756","ELEMENT":"f.A2D5424C1798EF873635D971557A7B84.d.5B3EAC59ABEA11414C040B7E8DCAE23A.e.756"}]}
COMMAND: POST /session/3f0cbc1b15a23ece7a350179293e5208/execute/async - {"script":"<script> [1562 bytes]","args":[{"selector":{"id":"application-manageyards-display-component---NewYard--addressNewCostObjectCstID-vhi"},"wdio_ui5_key":"applicationmanageyards-display-component---NewYard--addressNewCostObjectCstID-vhi"}]}
COMMAND: GET /session/3f0cbc1b15a23ece7a350179293e5208/screenshot - {}
RESULT: {"script":"<script> [1562 bytes]","args":[{"selector":{"id":"application-manageyards-display-component---NewYard--addressNewCostObjectCstID-vhi"},"wdio_ui5_key":"applicationmanageyards-display-component---NewYard--addressNewCostObjectCstID-vhi"}]}
RESULT: undefined
COMMAND: POST /session/3f0cbc1b15a23ece7a350179293e5208/element - {"using":"xpath","value":"//*[@id=\"application-manageyards-display-component---NewYard--addressNewCostObjectCstID-vhi\"]"}
RESULT: {}
RESULT: {"using":"xpath","value":"//*[@id=\"application-manageyards-display-component---NewYard--addressNewCostObjectCstID-vhi\"]"}
COMMAND: POST /session/3f0cbc1b15a23ece7a350179293e5208/element/f.A2D5424C1798EF873635D971557A7B84.d.5B3EAC59ABEA11414C040B7E8DCAE23A.e.756/click - {}
RESULT: {}
COMMAND: GET /session/3f0cbc1b15a23ece7a350179293e5208/screenshot - {}
RESULT: {}
COMMAND: POST /session/3f0cbc1b15a23ece7a350179293e5208/execute/async - {"script":"<script> [1562 bytes]","args":[{"selector":{"controlType":"sap.m.SearchField","properties":{"placeholder":"Search"},"searchOpenDialogs":true,"interaction":{"idSuffix":"I"}},"wdio_ui5_key":"sapm.SearchField{\"placeholder\":\"Search\"}"}]}
RESULT: {"script":"<script> [1562 bytes]","args":[{"selector":{"controlType":"sap.m.SearchField","properties":{"placeholder":"Search"},"searchOpenDialogs":true,"interaction":{"idSuffix":"I"}},"wdio_ui5_key":"sapm.SearchField{\"placeholder\":\"Search\"}"}]}
RESULT: undefined
COMMAND: POST /session/3f0cbc1b15a23ece7a350179293e5208/execute/async - {"script":"<script> [776 bytes]","args":[{"enterText":"bauh_b","selector":{"controlType":"sap.m.SearchField","properties":{"placeholder":"Search"},"searchOpenDialogs":true,"interaction":{"idSuffix":"I"}},"clearTextFirst":true,"interactionType":"ENTER_TEXT"}]}
RESULT: {"script":"<script> [776 bytes]","args":[{"enterText":"bauh_b","selector":{"controlType":"sap.m.SearchField","properties":{"placeholder":"Search"},"searchOpenDialogs":true,"interaction":{"idSuffix":"I"}},"clearTextFirst":true,"interactionType":"ENTER_TEXT"}]}
COMMAND: POST /session/3f0cbc1b15a23ece7a350179293e5208/actions - {"actions":[{"id":"action1","type":"key","parameters":{},"actions":[{"type":"keyDown","value":"î€‡"},{"type":"pause","duration":10},{"type":"keyUp","value":"î€‡"}]}]}
RESULT: {"actions":[{"id":"action1","type":"key","parameters":{},"actions":[{"type":"keyDown","value":"î€‡"},{"type":"pause","duration":10},{"type":"keyUp","value":"î€‡"}]}]}
COMMAND: GET /session/3f0cbc1b15a23ece7a350179293e5208/screenshot - {}
RESULT: {}
COMMAND: POST /session/3f0cbc1b15a23ece7a350179293e5208/element - {"using":"xpath","value":"//span[contains(text(), \"Demo Yard\")]"}
RESULT: {"using":"xpath","value":"//span[contains(text(), \"Demo Yard\")]"}
COMMAND: POST /session/3f0cbc1b15a23ece7a350179293e5208/element/f.A2D5424C1798EF873635D971557A7B84.d.5B3EAC59ABEA11414C040B7E8DCAE23A.e.797/click - {}
RESULT: {}
COMMAND: GET /session/3f0cbc1b15a23ece7a350179293e5208/screenshot - {}
RESULT: {}
COMMAND: POST /session/3f0cbc1b15a23ece7a350179293e5208/element - {"using":"xpath","value":"//bdi[contains(text(), \"OK\")]"}
RESULT: {"using":"xpath","value":"//bdi[contains(text(), \"OK\")]"}
COMMAND: POST /session/3f0cbc1b15a23ece7a350179293e5208/element/f.A2D5424C1798EF873635D971557A7B84.d.5B3EAC59ABEA11414C040B7E8DCAE23A.e.798/click - {}
RESULT: {}
COMMAND: GET /session/3f0cbc1b15a23ece7a350179293e5208/screenshot - {}
RESULT: {}
COMMAND: POST /session/3f0cbc1b15a23ece7a350179293e5208/execute/async - {"script":"<script> [1562 bytes]","args":[{"selector":{"id":"application-manageyards-display-component---NewYard--addressEditDetailsCurrency-arrow"},"wdio_ui5_key":"applicationmanageyards-display-component---NewYard--addressEditDetailsCurrency-arrow"}]}
RESULT: {"script":"<script> [1562 bytes]","args":[{"selector":{"id":"application-manageyards-display-component---NewYard--addressEditDetailsCurrency-arrow"},"wdio_ui5_key":"applicationmanageyards-display-component---NewYard--addressEditDetailsCurrency-arrow"}]}
RESULT: undefined
COMMAND: POST /session/3f0cbc1b15a23ece7a350179293e5208/element - {"using":"xpath","value":"//*[@id=\"application-manageyards-display-component---NewYard--addressEditDetailsCurrency-arrow\"]"}
RESULT: {"using":"xpath","value":"//*[@id=\"application-manageyards-display-component---NewYard--addressEditDetailsCurrency-arrow\"]"}
COMMAND: POST /session/3f0cbc1b15a23ece7a350179293e5208/element/f.A2D5424C1798EF873635D971557A7B84.d.5B3EAC59ABEA11414C040B7E8DCAE23A.e.801/click - {}
RESULT: {}
COMMAND: POST /session/3f0cbc1b15a23ece7a350179293e5208/element - {"using":"xpath","value":"//span[contains(text(), \"Euro\")]"}
COMMAND: GET /session/3f0cbc1b15a23ece7a350179293e5208/screenshot - {}
RESULT: {"using":"xpath","value":"//span[contains(text(), \"Euro\")]"}
COMMAND: POST /session/3f0cbc1b15a23ece7a350179293e5208/element/f.A2D5424C1798EF873635D971557A7B84.d.5B3EAC59ABEA11414C040B7E8DCAE23A.e.802/click - {}
RESULT: {}
RESULT: {}
COMMAND: POST /session/3f0cbc1b15a23ece7a350179293e5208/execute/async - {"script":"<script> [1562 bytes]","args":[{"selector":{"controlType":"sap.m.Input","viewName":"etm.portal.ui.manageyards.view.New","viewId":"application-manageyards-display-component---NewYard","bindingPath":{"path":"","propertyPath":"/CONTROLLING_AREA","modelName":"NewYardModel"},"interaction":{"idSuffix":"inner"}},"wdio_ui5_key":"etmportal.ui.manageyards.view.Newsap.m.Input{\"path\":\"\",\"propertyPath\":\"/CONTROLLING_AREA\",\"modelName\":\"NewYardModel\"}"}]}
COMMAND: GET /session/3f0cbc1b15a23ece7a350179293e5208/screenshot - {}
RESULT: {"script":"<script> [1562 bytes]","args":[{"selector":{"controlType":"sap.m.Input","viewName":"etm.portal.ui.manageyards.view.New","viewId":"application-manageyards-display-component---NewYard","bindingPath":{"path":"","propertyPath":"/CONTROLLING_AREA","modelName":"NewYardModel"},"interaction":{"idSuffix":"inner"}},"wdio_ui5_key":"etmportal.ui.manageyards.view.Newsap.m.Input{\"path\":\"\",\"propertyPath\":\"/CONTROLLING_AREA\",\"modelName\":\"NewYardModel\"}"}]}
RESULT: undefined
COMMAND: POST /session/3f0cbc1b15a23ece7a350179293e5208/execute/async - {"script":"<script> [776 bytes]","args":[{"enterText":"Z001","selector":{"controlType":"sap.m.Input","viewName":"etm.portal.ui.manageyards.view.New","viewId":"application-manageyards-display-component---NewYard","bindingPath":{"path":"","propertyPath":"/CONTROLLING_AREA","modelName":"NewYardModel"},"interaction":{"idSuffix":"inner"}},"clearTextFirst":true,"interactionType":"ENTER_TEXT"}]}
RESULT: {}
RESULT: {"script":"<script> [776 bytes]","args":[{"enterText":"Z001","selector":{"controlType":"sap.m.Input","viewName":"etm.portal.ui.manageyards.view.New","viewId":"application-manageyards-display-component---NewYard","bindingPath":{"path":"","propertyPath":"/CONTROLLING_AREA","modelName":"NewYardModel"},"interaction":{"idSuffix":"inner"}},"clearTextFirst":true,"interactionType":"ENTER_TEXT"}]}
COMMAND: POST /session/3f0cbc1b15a23ece7a350179293e5208/execute/async - {"script":"<script> [1562 bytes]","args":[{"selector":{"id":"application-manageyards-display-component---NewYard--companyCodeComboBox","interaction":{"idSuffix":"inner"}},"wdio_ui5_key":"applicationmanageyards-display-component---NewYard--companyCodeComboBox"}]}
RESULT: {"script":"<script> [1562 bytes]","args":[{"selector":{"id":"application-manageyards-display-component---NewYard--companyCodeComboBox","interaction":{"idSuffix":"inner"}},"wdio_ui5_key":"applicationmanageyards-display-component---NewYard--companyCodeComboBox"}]}
RESULT: undefined
COMMAND: POST /session/3f0cbc1b15a23ece7a350179293e5208/execute/async - {"script":"<script> [776 bytes]","args":[{"enterText":"1000","selector":{"id":"application-manageyards-display-component---NewYard--companyCodeComboBox","interaction":{"idSuffix":"inner"}},"clearTextFirst":true,"interactionType":"ENTER_TEXT"}]}
RESULT: {"script":"<script> [776 bytes]","args":[{"enterText":"1000","selector":{"id":"application-manageyards-display-component---NewYard--companyCodeComboBox","interaction":{"idSuffix":"inner"}},"clearTextFirst":true,"interactionType":"ENTER_TEXT"}]}
COMMAND: POST /session/3f0cbc1b15a23ece7a350179293e5208/execute/async - {"script":"<script> [1562 bytes]","args":[{"selector":{"controlType":"sap.m.Input","viewName":"etm.portal.ui.manageyards.view.New","viewId":"application-manageyards-display-component---NewYard","bindingPath":{"path":"","propertyPath":"/PLANT","modelName":"NewYardModel"},"interaction":{"idSuffix":"inner"}},"wdio_ui5_key":"etmportal.ui.manageyards.view.Newsap.m.Input{\"path\":\"\",\"propertyPath\":\"/PLANT\",\"modelName\":\"NewYardModel\"}"}]}
RESULT: {"script":"<script> [1562 bytes]","args":[{"selector":{"controlType":"sap.m.Input","viewName":"etm.portal.ui.manageyards.view.New","viewId":"application-manageyards-display-component---NewYard","bindingPath":{"path":"","propertyPath":"/PLANT","modelName":"NewYardModel"},"interaction":{"idSuffix":"inner"}},"wdio_ui5_key":"etmportal.ui.manageyards.view.Newsap.m.Input{\"path\":\"\",\"propertyPath\":\"/PLANT\",\"modelName\":\"NewYardModel\"}"}]}
RESULT: undefined
COMMAND: POST /session/3f0cbc1b15a23ece7a350179293e5208/execute/async - {"script":"<script> [776 bytes]","args":[{"enterText":"1001","selector":{"controlType":"sap.m.Input","viewName":"etm.portal.ui.manageyards.view.New","viewId":"application-manageyards-display-component---NewYard","bindingPath":{"path":"","propertyPath":"/PLANT","modelName":"NewYardModel"},"interaction":{"idSuffix":"inner"}},"clearTextFirst":true,"interactionType":"ENTER_TEXT"}]}
RESULT: {"script":"<script> [776 bytes]","args":[{"enterText":"1001","selector":{"controlType":"sap.m.Input","viewName":"etm.portal.ui.manageyards.view.New","viewId":"application-manageyards-display-component---NewYard","bindingPath":{"path":"","propertyPath":"/PLANT","modelName":"NewYardModel"},"interaction":{"idSuffix":"inner"}},"clearTextFirst":true,"interactionType":"ENTER_TEXT"}]}
COMMAND: POST /session/3f0cbc1b15a23ece7a350179293e5208/execute/async - {"script":"<script> [1562 bytes]","args":[{"selector":{"controlType":"sap.m.Input","viewName":"etm.portal.ui.manageyards.view.New","viewId":"application-manageyards-display-component---NewYard","bindingPath":{"path":"","propertyPath":"/SALES_AREA_VKORG","modelName":"NewYardModel"},"interaction":{"idSuffix":"inner"}},"wdio_ui5_key":"etmportal.ui.manageyards.view.Newsap.m.Input{\"path\":\"\",\"propertyPath\":\"/SALES_AREA_VKORG\",\"modelName\":\"NewYardModel\"}"}]}
RESULT: {"script":"<script> [1562 bytes]","args":[{"selector":{"controlType":"sap.m.Input","viewName":"etm.portal.ui.manageyards.view.New","viewId":"application-manageyards-display-component---NewYard","bindingPath":{"path":"","propertyPath":"/SALES_AREA_VKORG","modelName":"NewYardModel"},"interaction":{"idSuffix":"inner"}},"wdio_ui5_key":"etmportal.ui.manageyards.view.Newsap.m.Input{\"path\":\"\",\"propertyPath\":\"/SALES_AREA_VKORG\",\"modelName\":\"NewYardModel\"}"}]}
RESULT: undefined
COMMAND: POST /session/3f0cbc1b15a23ece7a350179293e5208/execute/async - {"script":"<script> [776 bytes]","args":[{"enterText":"C002","selector":{"controlType":"sap.m.Input","viewName":"etm.portal.ui.manageyards.view.New","viewId":"application-manageyards-display-component---NewYard","bindingPath":{"path":"","propertyPath":"/SALES_AREA_VKORG","modelName":"NewYardModel"},"interaction":{"idSuffix":"inner"}},"clearTextFirst":true,"interactionType":"ENTER_TEXT"}]}
RESULT: {"script":"<script> [776 bytes]","args":[{"enterText":"C002","selector":{"controlType":"sap.m.Input","viewName":"etm.portal.ui.manageyards.view.New","viewId":"application-manageyards-display-component---NewYard","bindingPath":{"path":"","propertyPath":"/SALES_AREA_VKORG","modelName":"NewYardModel"},"interaction":{"idSuffix":"inner"}},"clearTextFirst":true,"interactionType":"ENTER_TEXT"}]}
COMMAND: POST /session/3f0cbc1b15a23ece7a350179293e5208/execute/async - {"script":"<script> [1562 bytes]","args":[{"selector":{"controlType":"sap.m.Input","viewName":"etm.portal.ui.manageyards.view.New","viewId":"application-manageyards-display-component---NewYard","bindingPath":{"path":"","propertyPath":"/SALES_AREA_VTWEG","modelName":"NewYardModel"},"interaction":{"idSuffix":"inner"}},"wdio_ui5_key":"etmportal.ui.manageyards.view.Newsap.m.Input{\"path\":\"\",\"propertyPath\":\"/SALES_AREA_VTWEG\",\"modelName\":\"NewYardModel\"}"}]}
RESULT: {"script":"<script> [1562 bytes]","args":[{"selector":{"controlType":"sap.m.Input","viewName":"etm.portal.ui.manageyards.view.New","viewId":"application-manageyards-display-component---NewYard","bindingPath":{"path":"","propertyPath":"/SALES_AREA_VTWEG","modelName":"NewYardModel"},"interaction":{"idSuffix":"inner"}},"wdio_ui5_key":"etmportal.ui.manageyards.view.Newsap.m.Input{\"path\":\"\",\"propertyPath\":\"/SALES_AREA_VTWEG\",\"modelName\":\"NewYardModel\"}"}]}
RESULT: undefined
COMMAND: POST /session/3f0cbc1b15a23ece7a350179293e5208/execute/async - {"script":"<script> [776 bytes]","args":[{"enterText":"C2","selector":{"controlType":"sap.m.Input","viewName":"etm.portal.ui.manageyards.view.New","viewId":"application-manageyards-display-component---NewYard","bindingPath":{"path":"","propertyPath":"/SALES_AREA_VTWEG","modelName":"NewYardModel"},"interaction":{"idSuffix":"inner"}},"clearTextFirst":true,"interactionType":"ENTER_TEXT"}]}
RESULT: {"script":"<script> [776 bytes]","args":[{"enterText":"C2","selector":{"controlType":"sap.m.Input","viewName":"etm.portal.ui.manageyards.view.New","viewId":"application-manageyards-display-component---NewYard","bindingPath":{"path":"","propertyPath":"/SALES_AREA_VTWEG","modelName":"NewYardModel"},"interaction":{"idSuffix":"inner"}},"clearTextFirst":true,"interactionType":"ENTER_TEXT"}]}
COMMAND: POST /session/3f0cbc1b15a23ece7a350179293e5208/execute/async - {"script":"<script> [1562 bytes]","args":[{"selector":{"controlType":"sap.m.Input","viewName":"etm.portal.ui.manageyards.view.New","viewId":"application-manageyards-display-component---NewYard","bindingPath":{"path":"","propertyPath":"/SALES_AREA_SPART","modelName":"NewYardModel"},"interaction":{"idSuffix":"inner"}},"wdio_ui5_key":"etmportal.ui.manageyards.view.Newsap.m.Input{\"path\":\"\",\"propertyPath\":\"/SALES_AREA_SPART\",\"modelName\":\"NewYardModel\"}"}]}
RESULT: {"script":"<script> [1562 bytes]","args":[{"selector":{"controlType":"sap.m.Input","viewName":"etm.portal.ui.manageyards.view.New","viewId":"application-manageyards-display-component---NewYard","bindingPath":{"path":"","propertyPath":"/SALES_AREA_SPART","modelName":"NewYardModel"},"interaction":{"idSuffix":"inner"}},"wdio_ui5_key":"etmportal.ui.manageyards.view.Newsap.m.Input{\"path\":\"\",\"propertyPath\":\"/SALES_AREA_SPART\",\"modelName\":\"NewYardModel\"}"}]}
RESULT: undefined
COMMAND: POST /session/3f0cbc1b15a23ece7a350179293e5208/execute/async - {"script":"<script> [776 bytes]","args":[{"enterText":"C2","selector":{"controlType":"sap.m.Input","viewName":"etm.portal.ui.manageyards.view.New","viewId":"application-manageyards-display-component---NewYard","bindingPath":{"path":"","propertyPath":"/SALES_AREA_SPART","modelName":"NewYardModel"},"interaction":{"idSuffix":"inner"}},"clearTextFirst":true,"interactionType":"ENTER_TEXT"}]}
RESULT: {"script":"<script> [776 bytes]","args":[{"enterText":"C2","selector":{"controlType":"sap.m.Input","viewName":"etm.portal.ui.manageyards.view.New","viewId":"application-manageyards-display-component---NewYard","bindingPath":{"path":"","propertyPath":"/SALES_AREA_SPART","modelName":"NewYardModel"},"interaction":{"idSuffix":"inner"}},"clearTextFirst":true,"interactionType":"ENTER_TEXT"}]}
COMMAND: POST /session/3f0cbc1b15a23ece7a350179293e5208/execute/async - {"script":"<script> [1562 bytes]","args":[{"selector":{"controlType":"sap.m.Input","viewName":"etm.portal.ui.manageyards.view.New","viewId":"application-manageyards-display-component---NewYard","bindingPath":{"path":"","propertyPath":"/SHIP_POINT","modelName":"NewYardModel"},"interaction":{"idSuffix":"inner"}},"wdio_ui5_key":"etmportal.ui.manageyards.view.Newsap.m.Input{\"path\":\"\",\"propertyPath\":\"/SHIP_POINT\",\"modelName\":\"NewYardModel\"}"}]}
RESULT: {"script":"<script> [1562 bytes]","args":[{"selector":{"controlType":"sap.m.Input","viewName":"etm.portal.ui.manageyards.view.New","viewId":"application-manageyards-display-component---NewYard","bindingPath":{"path":"","propertyPath":"/SHIP_POINT","modelName":"NewYardModel"},"interaction":{"idSuffix":"inner"}},"wdio_ui5_key":"etmportal.ui.manageyards.view.Newsap.m.Input{\"path\":\"\",\"propertyPath\":\"/SHIP_POINT\",\"modelName\":\"NewYardModel\"}"}]}
RESULT: undefined
COMMAND: POST /session/3f0cbc1b15a23ece7a350179293e5208/execute/async - {"script":"<script> [776 bytes]","args":[{"enterText":"1710","selector":{"controlType":"sap.m.Input","viewName":"etm.portal.ui.manageyards.view.New","viewId":"application-manageyards-display-component---NewYard","bindingPath":{"path":"","propertyPath":"/SHIP_POINT","modelName":"NewYardModel"},"interaction":{"idSuffix":"inner"}},"clearTextFirst":true,"interactionType":"ENTER_TEXT"}]}
RESULT: {"script":"<script> [776 bytes]","args":[{"enterText":"1710","selector":{"controlType":"sap.m.Input","viewName":"etm.portal.ui.manageyards.view.New","viewId":"application-manageyards-display-component---NewYard","bindingPath":{"path":"","propertyPath":"/SHIP_POINT","modelName":"NewYardModel"},"interaction":{"idSuffix":"inner"}},"clearTextFirst":true,"interactionType":"ENTER_TEXT"}]}
COMMAND: POST /session/3f0cbc1b15a23ece7a350179293e5208/execute/async - {"script":"<script> [1562 bytes]","args":[{"selector":{"controlType":"sap.m.Input","viewName":"etm.portal.ui.manageyards.view.New","viewId":"application-manageyards-display-component---NewYard","bindingPath":{"path":"","propertyPath":"/DELIVERY_TYPE","modelName":"NewYardModel"},"interaction":{"idSuffix":"inner"}},"wdio_ui5_key":"etmportal.ui.manageyards.view.Newsap.m.Input{\"path\":\"\",\"propertyPath\":\"/DELIVERY_TYPE\",\"modelName\":\"NewYardModel\"}"}]}
RESULT: {"script":"<script> [1562 bytes]","args":[{"selector":{"controlType":"sap.m.Input","viewName":"etm.portal.ui.manageyards.view.New","viewId":"application-manageyards-display-component---NewYard","bindingPath":{"path":"","propertyPath":"/DELIVERY_TYPE","modelName":"NewYardModel"},"interaction":{"idSuffix":"inner"}},"wdio_ui5_key":"etmportal.ui.manageyards.view.Newsap.m.Input{\"path\":\"\",\"propertyPath\":\"/DELIVERY_TYPE\",\"modelName\":\"NewYardModel\"}"}]}
RESULT: undefined
COMMAND: POST /session/3f0cbc1b15a23ece7a350179293e5208/execute/async - {"script":"<script> [776 bytes]","args":[{"enterText":"ZL01","selector":{"controlType":"sap.m.Input","viewName":"etm.portal.ui.manageyards.view.New","viewId":"application-manageyards-display-component---NewYard","bindingPath":{"path":"","propertyPath":"/DELIVERY_TYPE","modelName":"NewYardModel"},"interaction":{"idSuffix":"inner"}},"clearTextFirst":true,"interactionType":"ENTER_TEXT"}]}
RESULT: {"script":"<script> [776 bytes]","args":[{"enterText":"ZL01","selector":{"controlType":"sap.m.Input","viewName":"etm.portal.ui.manageyards.view.New","viewId":"application-manageyards-display-component---NewYard","bindingPath":{"path":"","propertyPath":"/DELIVERY_TYPE","modelName":"NewYardModel"},"interaction":{"idSuffix":"inner"}},"clearTextFirst":true,"interactionType":"ENTER_TEXT"}]}
COMMAND: POST /session/3f0cbc1b15a23ece7a350179293e5208/execute/async - {"script":"<script> [1562 bytes]","args":[{"selector":{"controlType":"sap.m.Input","viewName":"etm.portal.ui.manageyards.view.New","viewId":"application-manageyards-display-component---NewYard","bindingPath":{"path":"","propertyPath":"/AUART","modelName":"NewYardModel"},"interaction":{"idSuffix":"inner"}},"wdio_ui5_key":"etmportal.ui.manageyards.view.Newsap.m.Input{\"path\":\"\",\"propertyPath\":\"/AUART\",\"modelName\":\"NewYardModel\"}"}]}
RESULT: {"script":"<script> [1562 bytes]","args":[{"selector":{"controlType":"sap.m.Input","viewName":"etm.portal.ui.manageyards.view.New","viewId":"application-manageyards-display-component---NewYard","bindingPath":{"path":"","propertyPath":"/AUART","modelName":"NewYardModel"},"interaction":{"idSuffix":"inner"}},"wdio_ui5_key":"etmportal.ui.manageyards.view.Newsap.m.Input{\"path\":\"\",\"propertyPath\":\"/AUART\",\"modelName\":\"NewYardModel\"}"}]}
RESULT: undefined
COMMAND: POST /session/3f0cbc1b15a23ece7a350179293e5208/execute/async - {"script":"<script> [776 bytes]","args":[{"enterText":"TA","selector":{"controlType":"sap.m.Input","viewName":"etm.portal.ui.manageyards.view.New","viewId":"application-manageyards-display-component---NewYard","bindingPath":{"path":"","propertyPath":"/AUART","modelName":"NewYardModel"},"interaction":{"idSuffix":"inner"}},"clearTextFirst":true,"interactionType":"ENTER_TEXT"}]}
RESULT: {"script":"<script> [776 bytes]","args":[{"enterText":"TA","selector":{"controlType":"sap.m.Input","viewName":"etm.portal.ui.manageyards.view.New","viewId":"application-manageyards-display-component---NewYard","bindingPath":{"path":"","propertyPath":"/AUART","modelName":"NewYardModel"},"interaction":{"idSuffix":"inner"}},"clearTextFirst":true,"interactionType":"ENTER_TEXT"}]}
COMMAND: POST /session/3f0cbc1b15a23ece7a350179293e5208/element - {"using":"xpath","value":"//button[@data-kt=\"newYardSaveButton\"]"}
RESULT: {"using":"xpath","value":"//button[@data-kt=\"newYardSaveButton\"]"}
COMMAND: POST /session/3f0cbc1b15a23ece7a350179293e5208/element/f.A2D5424C1798EF873635D971557A7B84.d.5B3EAC59ABEA11414C040B7E8DCAE23A.e.713/click - {}
RESULT: {}
COMMAND: GET /session/3f0cbc1b15a23ece7a350179293e5208/screenshot - {}
RESULT: {}
COMMAND: POST /session/3f0cbc1b15a23ece7a350179293e5208/element - {"using":"xpath","value":"//header[contains(@id, 'ObjectPageLayout-headerTitle')]/div[1]/div[2]/div[1]/span[1]"}
RESULT: {"using":"xpath","value":"//header[contains(@id, 'ObjectPageLayout-headerTitle')]/div[1]/div[2]/div[1]/span[1]"}
COMMAND: POST /session/3f0cbc1b15a23ece7a350179293e5208/elements - {"using":"xpath","value":"//header[contains(@id, 'ObjectPageLayout-headerTitle')]/div[1]/div[2]/div[1]/span[1]"}
RESULT: {"using":"xpath","value":"//header[contains(@id, 'ObjectPageLayout-headerTitle')]/div[1]/div[2]/div[1]/span[1]"}
COMMAND: POST /session/3f0cbc1b15a23ece7a350179293e5208/execute/sync - {"script":"<script> [56 bytes]","args":[{"element-6066-11e4-a52e-4f735466cecf":"f.A2D5424C1798EF873635D971557A7B84.d.5B3EAC59ABEA11414C040B7E8DCAE23A.e.1031","ELEMENT":"f.A2D5424C1798EF873635D971557A7B84.d.5B3EAC59ABEA11414C040B7E8DCAE23A.e.1031"}]}
RESULT: {"script":"<script> [56 bytes]","args":[{"element-6066-11e4-a52e-4f735466cecf":"f.A2D5424C1798EF873635D971557A7B84.d.5B3EAC59ABEA11414C040B7E8DCAE23A.e.1031","ELEMENT":"f.A2D5424C1798EF873635D971557A7B84.d.5B3EAC59ABEA11414C040B7E8DCAE23A.e.1031"}]}
COMMAND: GET /session/3f0cbc1b15a23ece7a350179293e5208/screenshot - {}
RESULT: {}
COMMAND: POST /session/3f0cbc1b15a23ece7a350179293e5208/element - {"using":"css selector","value":"#shell-header-logo"}
RESULT: {"using":"css selector","value":"#shell-header-logo"}
COMMAND: POST /session/3f0cbc1b15a23ece7a350179293e5208/element/f.A2D5424C1798EF873635D971557A7B84.d.5B3EAC59ABEA11414C040B7E8DCAE23A.e.274/click - {}
RESULT: {}
COMMAND: GET /session/3f0cbc1b15a23ece7a350179293e5208/screenshot - {}
RESULT: {}
COMMAND: POST /session/3f0cbc1b15a23ece7a350179293e5208/execute/sync - {"script":"<script> [299 bytes]","args":[["getModel","getResource"]]}
RESULT: {"script":"<script> [299 bytes]","args":[["getModel","getResource"]]}
COMMAND: GET /session/3f0cbc1b15a23ece7a350179293e5208/screenshot - {}
]]></system-out>
    </testcase>
    <testcase classname="chrome.136_0_7103_93.windows.Tests_for_Mass_State_Change_on_Manage_States_&amp;_Performances_US104416_US" name="Prereq Should create a new partner" time="142.738">
      <system-out><![CDATA[
COMMAND: POST /session/3f0cbc1b15a23ece7a350179293e5208/window/fullscreen - {}
RESULT: {}
RESULT: {}
COMMAND: POST /session/3f0cbc1b15a23ece7a350179293e5208/execute/async - {"script":"<script> [1562 bytes]","args":[{"selector":{"controlType":"sap.m.GenericTile","properties":{"header":"Manage Partners"}},"wdio_ui5_key":"sapm.GenericTile{\"header\":\"Manage Partners\"}"}]}
RESULT: {"script":"<script> [1562 bytes]","args":[{"selector":{"controlType":"sap.m.GenericTile","properties":{"header":"Manage Partners"}},"wdio_ui5_key":"sapm.GenericTile{\"header\":\"Manage Partners\"}"}]}
RESULT: undefined
COMMAND: POST /session/3f0cbc1b15a23ece7a350179293e5208/element - {"using":"xpath","value":"//*[@id=\"__tile38\"]"}
RESULT: {"using":"xpath","value":"//*[@id=\"__tile38\"]"}
COMMAND: POST /session/3f0cbc1b15a23ece7a350179293e5208/element/f.A2D5424C1798EF873635D971557A7B84.d.5B3EAC59ABEA11414C040B7E8DCAE23A.e.143/click - {}
RESULT: {}
COMMAND: GET /session/3f0cbc1b15a23ece7a350179293e5208/screenshot - {}
RESULT: {}
COMMAND: POST /session/3f0cbc1b15a23ece7a350179293e5208/elements - {"using":"xpath","value":"//span[text()='Error']"}
RESULT: {"using":"xpath","value":"//span[text()='Error']"}
COMMAND: POST /session/3f0cbc1b15a23ece7a350179293e5208/element - {"using":"xpath","value":"//button[@data-kt=\"addButton\"]"}
RESULT: {"using":"xpath","value":"//button[@data-kt=\"addButton\"]"}
COMMAND: POST /session/3f0cbc1b15a23ece7a350179293e5208/elements - {"using":"xpath","value":"//button[@data-kt=\"addButton\"]"}
RESULT: {"using":"xpath","value":"//button[@data-kt=\"addButton\"]"}
COMMAND: POST /session/3f0cbc1b15a23ece7a350179293e5208/elements - {"using":"xpath","value":"//button[@data-kt=\"addButton\"]"}
RESULT: {"using":"xpath","value":"//button[@data-kt=\"addButton\"]"}
COMMAND: POST /session/3f0cbc1b15a23ece7a350179293e5208/elements - {"using":"xpath","value":"//button[@data-kt=\"addButton\"]"}
RESULT: {"using":"xpath","value":"//button[@data-kt=\"addButton\"]"}
COMMAND: POST /session/3f0cbc1b15a23ece7a350179293e5208/elements - {"using":"xpath","value":"//button[@data-kt=\"addButton\"]"}
RESULT: {"using":"xpath","value":"//button[@data-kt=\"addButton\"]"}
COMMAND: POST /session/3f0cbc1b15a23ece7a350179293e5208/element - {"using":"xpath","value":"//button[@data-kt=\"addButton\"]"}
RESULT: {"using":"xpath","value":"//button[@data-kt=\"addButton\"]"}
COMMAND: POST /session/3f0cbc1b15a23ece7a350179293e5208/execute/sync - {"script":"<script> [8489 bytes]","args":[{"element-6066-11e4-a52e-4f735466cecf":"f.A2D5424C1798EF873635D971557A7B84.d.5B3EAC59ABEA11414C040B7E8DCAE23A.e.1069","ELEMENT":"f.A2D5424C1798EF873635D971557A7B84.d.5B3EAC59ABEA11414C040B7E8DCAE23A.e.1069"}]}
RESULT: {"script":"<script> [8489 bytes]","args":[{"element-6066-11e4-a52e-4f735466cecf":"f.A2D5424C1798EF873635D971557A7B84.d.5B3EAC59ABEA11414C040B7E8DCAE23A.e.1069","ELEMENT":"f.A2D5424C1798EF873635D971557A7B84.d.5B3EAC59ABEA11414C040B7E8DCAE23A.e.1069"}]}
COMMAND: GET /session/3f0cbc1b15a23ece7a350179293e5208/element/f.A2D5424C1798EF873635D971557A7B84.d.5B3EAC59ABEA11414C040B7E8DCAE23A.e.1069/enabled - {}
COMMAND: GET /session/3f0cbc1b15a23ece7a350179293e5208/screenshot - {}
RESULT: {}
COMMAND: POST /session/3f0cbc1b15a23ece7a350179293e5208/execute/sync - {"script":"<script> [8489 bytes]","args":[{"element-6066-11e4-a52e-4f735466cecf":"f.A2D5424C1798EF873635D971557A7B84.d.5B3EAC59ABEA11414C040B7E8DCAE23A.e.1069","ELEMENT":"f.A2D5424C1798EF873635D971557A7B84.d.5B3EAC59ABEA11414C040B7E8DCAE23A.e.1069"}]}
COMMAND: GET /session/3f0cbc1b15a23ece7a350179293e5208/screenshot - {}
RESULT: {}
RESULT: {"script":"<script> [8489 bytes]","args":[{"element-6066-11e4-a52e-4f735466cecf":"f.A2D5424C1798EF873635D971557A7B84.d.5B3EAC59ABEA11414C040B7E8DCAE23A.e.1069","ELEMENT":"f.A2D5424C1798EF873635D971557A7B84.d.5B3EAC59ABEA11414C040B7E8DCAE23A.e.1069"}]}
COMMAND: POST /session/3f0cbc1b15a23ece7a350179293e5208/execute/sync - {"script":"<script> [5351 bytes]","args":[{"element-6066-11e4-a52e-4f735466cecf":"f.A2D5424C1798EF873635D971557A7B84.d.5B3EAC59ABEA11414C040B7E8DCAE23A.e.1069","ELEMENT":"f.A2D5424C1798EF873635D971557A7B84.d.5B3EAC59ABEA11414C040B7E8DCAE23A.e.1069"}]}
COMMAND: GET /session/3f0cbc1b15a23ece7a350179293e5208/screenshot - {}
RESULT: {}
RESULT: {"script":"<script> [5351 bytes]","args":[{"element-6066-11e4-a52e-4f735466cecf":"f.A2D5424C1798EF873635D971557A7B84.d.5B3EAC59ABEA11414C040B7E8DCAE23A.e.1069","ELEMENT":"f.A2D5424C1798EF873635D971557A7B84.d.5B3EAC59ABEA11414C040B7E8DCAE23A.e.1069"}]}
COMMAND: POST /session/3f0cbc1b15a23ece7a350179293e5208/element/f.A2D5424C1798EF873635D971557A7B84.d.5B3EAC59ABEA11414C040B7E8DCAE23A.e.1069/click - {}
COMMAND: GET /session/3f0cbc1b15a23ece7a350179293e5208/screenshot - {}
RESULT: {}
RESULT: {}
COMMAND: GET /session/3f0cbc1b15a23ece7a350179293e5208/screenshot - {}
RESULT: {}
RESULT: {}
COMMAND: POST /session/3f0cbc1b15a23ece7a350179293e5208/execute/async - {"script":"<script> [1562 bytes]","args":[{"selector":{"id":"application-managepartners-display-component---NewPartner--addressDetailDetailsName1","interaction":{"idSuffix":"inner"}},"wdio_ui5_key":"applicationmanagepartners-display-component---NewPartner--addressDetailDetailsName1"}]}
RESULT: {"script":"<script> [1562 bytes]","args":[{"selector":{"id":"application-managepartners-display-component---NewPartner--addressDetailDetailsName1","interaction":{"idSuffix":"inner"}},"wdio_ui5_key":"applicationmanagepartners-display-component---NewPartner--addressDetailDetailsName1"}]}
RESULT: undefined
COMMAND: POST /session/3f0cbc1b15a23ece7a350179293e5208/execute/async - {"script":"<script> [776 bytes]","args":[{"enterText":"Intracompany Partner WDIO","selector":{"id":"application-managepartners-display-component---NewPartner--addressDetailDetailsName1","interaction":{"idSuffix":"inner"}},"clearTextFirst":true,"interactionType":"ENTER_TEXT"}]}
RESULT: {"script":"<script> [776 bytes]","args":[{"enterText":"Intracompany Partner WDIO","selector":{"id":"application-managepartners-display-component---NewPartner--addressDetailDetailsName1","interaction":{"idSuffix":"inner"}},"clearTextFirst":true,"interactionType":"ENTER_TEXT"}]}
COMMAND: POST /session/3f0cbc1b15a23ece7a350179293e5208/execute/async - {"script":"<script> [1562 bytes]","args":[{"selector":{"id":"application-managepartners-display-component---NewPartner--addressDetailDetailsLanguage-arrow"},"wdio_ui5_key":"applicationmanagepartners-display-component---NewPartner--addressDetailDetailsLanguage-arrow"}]}
RESULT: {"script":"<script> [1562 bytes]","args":[{"selector":{"id":"application-managepartners-display-component---NewPartner--addressDetailDetailsLanguage-arrow"},"wdio_ui5_key":"applicationmanagepartners-display-component---NewPartner--addressDetailDetailsLanguage-arrow"}]}
RESULT: undefined
COMMAND: POST /session/3f0cbc1b15a23ece7a350179293e5208/element - {"using":"xpath","value":"//*[@id=\"application-managepartners-display-component---NewPartner--addressDetailDetailsLanguage-arrow\"]"}
RESULT: {"using":"xpath","value":"//*[@id=\"application-managepartners-display-component---NewPartner--addressDetailDetailsLanguage-arrow\"]"}
COMMAND: POST /session/3f0cbc1b15a23ece7a350179293e5208/element/f.A2D5424C1798EF873635D971557A7B84.d.5B3EAC59ABEA11414C040B7E8DCAE23A.e.1523/click - {}
RESULT: {}
COMMAND: POST /session/3f0cbc1b15a23ece7a350179293e5208/element - {"using":"xpath","value":"//span[contains(text(), \"English\")]"}
COMMAND: GET /session/3f0cbc1b15a23ece7a350179293e5208/screenshot - {}
RESULT: {"using":"xpath","value":"//span[contains(text(), \"English\")]"}
COMMAND: POST /session/3f0cbc1b15a23ece7a350179293e5208/element/f.A2D5424C1798EF873635D971557A7B84.d.5B3EAC59ABEA11414C040B7E8DCAE23A.e.1524/click - {}
RESULT: {}
RESULT: {}
COMMAND: GET /session/3f0cbc1b15a23ece7a350179293e5208/screenshot - {}
RESULT: {}
COMMAND: POST /session/3f0cbc1b15a23ece7a350179293e5208/execute/async - {"script":"<script> [1562 bytes]","args":[{"selector":{"id":"application-managepartners-display-component---NewPartner--addressDetailDetailsCity1","interaction":{"idSuffix":"inner"}},"wdio_ui5_key":"applicationmanagepartners-display-component---NewPartner--addressDetailDetailsCity1"}]}
RESULT: {"script":"<script> [1562 bytes]","args":[{"selector":{"id":"application-managepartners-display-component---NewPartner--addressDetailDetailsCity1","interaction":{"idSuffix":"inner"}},"wdio_ui5_key":"applicationmanagepartners-display-component---NewPartner--addressDetailDetailsCity1"}]}
RESULT: undefined
COMMAND: POST /session/3f0cbc1b15a23ece7a350179293e5208/execute/async - {"script":"<script> [776 bytes]","args":[{"enterText":"Rosario","selector":{"id":"application-managepartners-display-component---NewPartner--addressDetailDetailsCity1","interaction":{"idSuffix":"inner"}},"clearTextFirst":true,"interactionType":"ENTER_TEXT"}]}
RESULT: {"script":"<script> [776 bytes]","args":[{"enterText":"Rosario","selector":{"id":"application-managepartners-display-component---NewPartner--addressDetailDetailsCity1","interaction":{"idSuffix":"inner"}},"clearTextFirst":true,"interactionType":"ENTER_TEXT"}]}
COMMAND: POST /session/3f0cbc1b15a23ece7a350179293e5208/execute/async - {"script":"<script> [1562 bytes]","args":[{"selector":{"id":"application-managepartners-display-component---NewPartner--addressDetailDetailsCountry-arrow"},"wdio_ui5_key":"applicationmanagepartners-display-component---NewPartner--addressDetailDetailsCountry-arrow"}]}
RESULT: {"script":"<script> [1562 bytes]","args":[{"selector":{"id":"application-managepartners-display-component---NewPartner--addressDetailDetailsCountry-arrow"},"wdio_ui5_key":"applicationmanagepartners-display-component---NewPartner--addressDetailDetailsCountry-arrow"}]}
RESULT: undefined
COMMAND: POST /session/3f0cbc1b15a23ece7a350179293e5208/element - {"using":"xpath","value":"//*[@id=\"application-managepartners-display-component---NewPartner--addressDetailDetailsCountry-arrow\"]"}
RESULT: {"using":"xpath","value":"//*[@id=\"application-managepartners-display-component---NewPartner--addressDetailDetailsCountry-arrow\"]"}
COMMAND: POST /session/3f0cbc1b15a23ece7a350179293e5208/element/f.A2D5424C1798EF873635D971557A7B84.d.5B3EAC59ABEA11414C040B7E8DCAE23A.e.1510/click - {}
RESULT: {}
COMMAND: POST /session/3f0cbc1b15a23ece7a350179293e5208/element - {"using":"xpath","value":"//span[contains(text(), \"Argentina\")]"}
COMMAND: GET /session/3f0cbc1b15a23ece7a350179293e5208/screenshot - {}
RESULT: {"using":"xpath","value":"//span[contains(text(), \"Argentina\")]"}
COMMAND: POST /session/3f0cbc1b15a23ece7a350179293e5208/element/f.A2D5424C1798EF873635D971557A7B84.d.5B3EAC59ABEA11414C040B7E8DCAE23A.e.1526/click - {}
RESULT: {}
RESULT: {}
COMMAND: GET /session/3f0cbc1b15a23ece7a350179293e5208/screenshot - {}
RESULT: {}
COMMAND: POST /session/3f0cbc1b15a23ece7a350179293e5208/element - {"using":"xpath","value":"//bdi[contains(text(), \"Commercial\")]"}
RESULT: {"using":"xpath","value":"//bdi[contains(text(), \"Commercial\")]"}
COMMAND: POST /session/3f0cbc1b15a23ece7a350179293e5208/element/f.A2D5424C1798EF873635D971557A7B84.d.5B3EAC59ABEA11414C040B7E8DCAE23A.e.1527/click - {}
RESULT: {}
COMMAND: GET /session/3f0cbc1b15a23ece7a350179293e5208/screenshot - {}
RESULT: {}
COMMAND: POST /session/3f0cbc1b15a23ece7a350179293e5208/execute/async - {"script":"<script> [1562 bytes]","args":[{"selector":{"id":"application-managepartners-display-component---NewPartner--partnerDetailInternal-arrow"},"wdio_ui5_key":"applicationmanagepartners-display-component---NewPartner--partnerDetailInternal-arrow"}]}
RESULT: {"script":"<script> [1562 bytes]","args":[{"selector":{"id":"application-managepartners-display-component---NewPartner--partnerDetailInternal-arrow"},"wdio_ui5_key":"applicationmanagepartners-display-component---NewPartner--partnerDetailInternal-arrow"}]}
RESULT: undefined
COMMAND: POST /session/3f0cbc1b15a23ece7a350179293e5208/element - {"using":"xpath","value":"//*[@id=\"application-managepartners-display-component---NewPartner--partnerDetailInternal-arrow\"]"}
RESULT: {"using":"xpath","value":"//*[@id=\"application-managepartners-display-component---NewPartner--partnerDetailInternal-arrow\"]"}
COMMAND: POST /session/3f0cbc1b15a23ece7a350179293e5208/element/f.A2D5424C1798EF873635D971557A7B84.d.5B3EAC59ABEA11414C040B7E8DCAE23A.e.1533/click - {}
RESULT: {}
COMMAND: POST /session/3f0cbc1b15a23ece7a350179293e5208/element - {"using":"xpath","value":"//span[contains(text(), \"Affiliated company\")]"}
COMMAND: GET /session/3f0cbc1b15a23ece7a350179293e5208/screenshot - {}
RESULT: {"using":"xpath","value":"//span[contains(text(), \"Affiliated company\")]"}
COMMAND: POST /session/3f0cbc1b15a23ece7a350179293e5208/element/f.A2D5424C1798EF873635D971557A7B84.d.5B3EAC59ABEA11414C040B7E8DCAE23A.e.1534/click - {}
RESULT: {}
RESULT: {}
COMMAND: POST /session/3f0cbc1b15a23ece7a350179293e5208/execute/async - {"script":"<script> [1562 bytes]","args":[{"selector":{"id":"application-managepartners-display-component---NewPartner--partnerDetailsCurrency-arrow"},"wdio_ui5_key":"applicationmanagepartners-display-component---NewPartner--partnerDetailsCurrency-arrow"}]}
COMMAND: GET /session/3f0cbc1b15a23ece7a350179293e5208/screenshot - {}
RESULT: {"script":"<script> [1562 bytes]","args":[{"selector":{"id":"application-managepartners-display-component---NewPartner--partnerDetailsCurrency-arrow"},"wdio_ui5_key":"applicationmanagepartners-display-component---NewPartner--partnerDetailsCurrency-arrow"}]}
RESULT: undefined
COMMAND: POST /session/3f0cbc1b15a23ece7a350179293e5208/element - {"using":"xpath","value":"//*[@id=\"application-managepartners-display-component---NewPartner--partnerDetailsCurrency-arrow\"]"}
RESULT: {}
RESULT: {"using":"xpath","value":"//*[@id=\"application-managepartners-display-component---NewPartner--partnerDetailsCurrency-arrow\"]"}
COMMAND: POST /session/3f0cbc1b15a23ece7a350179293e5208/element/f.A2D5424C1798EF873635D971557A7B84.d.5B3EAC59ABEA11414C040B7E8DCAE23A.e.1541/click - {}
RESULT: {}
COMMAND: POST /session/3f0cbc1b15a23ece7a350179293e5208/element - {"using":"xpath","value":"//span[contains(text(), \"Euro\")]"}
COMMAND: GET /session/3f0cbc1b15a23ece7a350179293e5208/screenshot - {}
RESULT: {"using":"xpath","value":"//span[contains(text(), \"Euro\")]"}
COMMAND: POST /session/3f0cbc1b15a23ece7a350179293e5208/element/f.A2D5424C1798EF873635D971557A7B84.d.5B3EAC59ABEA11414C040B7E8DCAE23A.e.1542/click - {}
RESULT: {}
RESULT: {}
COMMAND: POST /session/3f0cbc1b15a23ece7a350179293e5208/execute/async - {"script":"<script> [1562 bytes]","args":[{"selector":{"id":"application-managepartners-display-component---NewPartner--addressEditDetailsCostObjectCstType-arrow"},"wdio_ui5_key":"applicationmanagepartners-display-component---NewPartner--addressEditDetailsCostObjectCstType-arrow"}]}
COMMAND: GET /session/3f0cbc1b15a23ece7a350179293e5208/screenshot - {}
RESULT: {"script":"<script> [1562 bytes]","args":[{"selector":{"id":"application-managepartners-display-component---NewPartner--addressEditDetailsCostObjectCstType-arrow"},"wdio_ui5_key":"applicationmanagepartners-display-component---NewPartner--addressEditDetailsCostObjectCstType-arrow"}]}
RESULT: undefined
COMMAND: POST /session/3f0cbc1b15a23ece7a350179293e5208/element - {"using":"xpath","value":"//*[@id=\"application-managepartners-display-component---NewPartner--addressEditDetailsCostObjectCstType-arrow\"]"}
RESULT: {}
RESULT: {"using":"xpath","value":"//*[@id=\"application-managepartners-display-component---NewPartner--addressEditDetailsCostObjectCstType-arrow\"]"}
COMMAND: POST /session/3f0cbc1b15a23ece7a350179293e5208/element/f.A2D5424C1798EF873635D971557A7B84.d.5B3EAC59ABEA11414C040B7E8DCAE23A.e.1543/click - {}
RESULT: {}
COMMAND: POST /session/3f0cbc1b15a23ece7a350179293e5208/element - {"using":"xpath","value":"//span[contains(text(), \"Cost Center\")]"}
COMMAND: GET /session/3f0cbc1b15a23ece7a350179293e5208/screenshot - {}
RESULT: {"using":"xpath","value":"//span[contains(text(), \"Cost Center\")]"}
COMMAND: POST /session/3f0cbc1b15a23ece7a350179293e5208/element/f.A2D5424C1798EF873635D971557A7B84.d.5B3EAC59ABEA11414C040B7E8DCAE23A.e.1544/click - {}
RESULT: {}
RESULT: {}
COMMAND: GET /session/3f0cbc1b15a23ece7a350179293e5208/screenshot - {}
RESULT: {}
COMMAND: POST /session/3f0cbc1b15a23ece7a350179293e5208/element - {"using":"xpath","value":"//span[@id=\"application-managepartners-display-component---NewPartner--addressNewCostObjectCstID-vhi\"]"}
RESULT: {"using":"xpath","value":"//span[@id=\"application-managepartners-display-component---NewPartner--addressNewCostObjectCstID-vhi\"]"}
COMMAND: POST /session/3f0cbc1b15a23ece7a350179293e5208/execute/sync - {"script":"<script> [8489 bytes]","args":[{"element-6066-11e4-a52e-4f735466cecf":"f.A2D5424C1798EF873635D971557A7B84.d.5B3EAC59ABEA11414C040B7E8DCAE23A.e.1548","ELEMENT":"f.A2D5424C1798EF873635D971557A7B84.d.5B3EAC59ABEA11414C040B7E8DCAE23A.e.1548"}]}
RESULT: {"script":"<script> [8489 bytes]","args":[{"element-6066-11e4-a52e-4f735466cecf":"f.A2D5424C1798EF873635D971557A7B84.d.5B3EAC59ABEA11414C040B7E8DCAE23A.e.1548","ELEMENT":"f.A2D5424C1798EF873635D971557A7B84.d.5B3EAC59ABEA11414C040B7E8DCAE23A.e.1548"}]}
COMMAND: POST /session/3f0cbc1b15a23ece7a350179293e5208/execute/async - {"script":"<script> [1562 bytes]","args":[{"selector":{"id":"application-managepartners-display-component---NewPartner--addressNewCostObjectCstID-vhi"},"wdio_ui5_key":"applicationmanagepartners-display-component---NewPartner--addressNewCostObjectCstID-vhi"}]}
COMMAND: GET /session/3f0cbc1b15a23ece7a350179293e5208/screenshot - {}
RESULT: {"script":"<script> [1562 bytes]","args":[{"selector":{"id":"application-managepartners-display-component---NewPartner--addressNewCostObjectCstID-vhi"},"wdio_ui5_key":"applicationmanagepartners-display-component---NewPartner--addressNewCostObjectCstID-vhi"}]}
RESULT: undefined
COMMAND: POST /session/3f0cbc1b15a23ece7a350179293e5208/element - {"using":"xpath","value":"//*[@id=\"application-managepartners-display-component---NewPartner--addressNewCostObjectCstID-vhi\"]"}
RESULT: {}
RESULT: {"using":"xpath","value":"//*[@id=\"application-managepartners-display-component---NewPartner--addressNewCostObjectCstID-vhi\"]"}
COMMAND: POST /session/3f0cbc1b15a23ece7a350179293e5208/element/f.A2D5424C1798EF873635D971557A7B84.d.5B3EAC59ABEA11414C040B7E8DCAE23A.e.1548/click - {}
RESULT: {}
COMMAND: GET /session/3f0cbc1b15a23ece7a350179293e5208/screenshot - {}
RESULT: {}
RESULT: undefined
COMMAND: POST /session/3f0cbc1b15a23ece7a350179293e5208/execute/async - {"script":"<script> [776 bytes]","args":[{"enterText":"10001013","selector":{"controlType":"sap.m.SearchField","properties":{"placeholder":"Search"},"searchOpenDialogs":true,"interaction":{"idSuffix":"I"}},"clearTextFirst":true,"interactionType":"ENTER_TEXT"}]}
RESULT: {"script":"<script> [776 bytes]","args":[{"enterText":"10001013","selector":{"controlType":"sap.m.SearchField","properties":{"placeholder":"Search"},"searchOpenDialogs":true,"interaction":{"idSuffix":"I"}},"clearTextFirst":true,"interactionType":"ENTER_TEXT"}]}
COMMAND: POST /session/3f0cbc1b15a23ece7a350179293e5208/actions - {"actions":[{"id":"action2","type":"key","parameters":{},"actions":[{"type":"keyDown","value":"î€‡"},{"type":"pause","duration":10},{"type":"keyUp","value":"î€‡"}]}]}
RESULT: {"actions":[{"id":"action2","type":"key","parameters":{},"actions":[{"type":"keyDown","value":"î€‡"},{"type":"pause","duration":10},{"type":"keyUp","value":"î€‡"}]}]}
COMMAND: GET /session/3f0cbc1b15a23ece7a350179293e5208/screenshot - {}
RESULT: {}
COMMAND: POST /session/3f0cbc1b15a23ece7a350179293e5208/element - {"using":"xpath","value":"//span[contains(text(), \"General Management\")]"}
RESULT: {"using":"xpath","value":"//span[contains(text(), \"General Management\")]"}
COMMAND: POST /session/3f0cbc1b15a23ece7a350179293e5208/element/f.A2D5424C1798EF873635D971557A7B84.d.5B3EAC59ABEA11414C040B7E8DCAE23A.e.1587/click - {}
RESULT: {}
COMMAND: GET /session/3f0cbc1b15a23ece7a350179293e5208/screenshot - {}
RESULT: {}
COMMAND: POST /session/3f0cbc1b15a23ece7a350179293e5208/element - {"using":"xpath","value":"//bdi[contains(text(), \"OK\")]"}
RESULT: {"using":"xpath","value":"//bdi[contains(text(), \"OK\")]"}
COMMAND: POST /session/3f0cbc1b15a23ece7a350179293e5208/element/f.A2D5424C1798EF873635D971557A7B84.d.5B3EAC59ABEA11414C040B7E8DCAE23A.e.1588/click - {}
RESULT: {}
COMMAND: GET /session/3f0cbc1b15a23ece7a350179293e5208/screenshot - {}
RESULT: {}
COMMAND: POST /session/3f0cbc1b15a23ece7a350179293e5208/element - {"using":"xpath","value":"//input[@id=\"application-managepartners-display-component---NewPartner--companyCodeComboBox-inner\"]"}
RESULT: {"using":"xpath","value":"//input[@id=\"application-managepartners-display-component---NewPartner--companyCodeComboBox-inner\"]"}
COMMAND: POST /session/3f0cbc1b15a23ece7a350179293e5208/element/f.A2D5424C1798EF873635D971557A7B84.d.5B3EAC59ABEA11414C040B7E8DCAE23A.e.1396/clear - {}
RESULT: {}
COMMAND: POST /session/3f0cbc1b15a23ece7a350179293e5208/element/f.A2D5424C1798EF873635D971557A7B84.d.5B3EAC59ABEA11414C040B7E8DCAE23A.e.1396/value - {"text":"1000"}
COMMAND: GET /session/3f0cbc1b15a23ece7a350179293e5208/screenshot - {}
RESULT: {"text":"1000"}
COMMAND: GET /session/3f0cbc1b15a23ece7a350179293e5208/screenshot - {}
RESULT: {}
RESULT: {}
COMMAND: POST /session/3f0cbc1b15a23ece7a350179293e5208/element - {"using":"xpath","value":"//li[.//span[text()= \"1000\"]]"}
RESULT: {"using":"xpath","value":"//li[.//span[text()= \"1000\"]]"}
COMMAND: POST /session/3f0cbc1b15a23ece7a350179293e5208/element/f.A2D5424C1798EF873635D971557A7B84.d.5B3EAC59ABEA11414C040B7E8DCAE23A.e.1594/click - {}
RESULT: {}
COMMAND: GET /session/3f0cbc1b15a23ece7a350179293e5208/screenshot - {}
RESULT: {}
COMMAND: POST /session/3f0cbc1b15a23ece7a350179293e5208/execute/async - {"script":"<script> [1562 bytes]","args":[{"selector":{"id":"application-managepartners-display-component---NewPartner--btnAddTableRow-img"},"wdio_ui5_key":"applicationmanagepartners-display-component---NewPartner--btnAddTableRow-img"}]}
RESULT: {"script":"<script> [1562 bytes]","args":[{"selector":{"id":"application-managepartners-display-component---NewPartner--btnAddTableRow-img"},"wdio_ui5_key":"applicationmanagepartners-display-component---NewPartner--btnAddTableRow-img"}]}
RESULT: undefined
COMMAND: POST /session/3f0cbc1b15a23ece7a350179293e5208/element - {"using":"xpath","value":"//*[@id=\"application-managepartners-display-component---NewPartner--btnAddTableRow-img\"]"}
RESULT: {"using":"xpath","value":"//*[@id=\"application-managepartners-display-component---NewPartner--btnAddTableRow-img\"]"}
COMMAND: POST /session/3f0cbc1b15a23ece7a350179293e5208/element/f.A2D5424C1798EF873635D971557A7B84.d.5B3EAC59ABEA11414C040B7E8DCAE23A.e.1595/click - {}
RESULT: {}
COMMAND: GET /session/3f0cbc1b15a23ece7a350179293e5208/screenshot - {}
RESULT: {}
COMMAND: POST /session/3f0cbc1b15a23ece7a350179293e5208/element - {"using":"xpath","value":"//input[@id=\"application-managepartners-display-component---NewPartner--assignmentYard-application-managepartners-display-component---NewPartner--assignmentsTable-0-inner\"]"}
RESULT: {"using":"xpath","value":"//input[@id=\"application-managepartners-display-component---NewPartner--assignmentYard-application-managepartners-display-component---NewPartner--assignmentsTable-0-inner\"]"}
COMMAND: POST /session/3f0cbc1b15a23ece7a350179293e5208/element/f.A2D5424C1798EF873635D971557A7B84.d.5B3EAC59ABEA11414C040B7E8DCAE23A.e.1598/clear - {}
RESULT: {}
COMMAND: POST /session/3f0cbc1b15a23ece7a350179293e5208/element/f.A2D5424C1798EF873635D971557A7B84.d.5B3EAC59ABEA11414C040B7E8DCAE23A.e.1598/value - {"text":"509"}
COMMAND: GET /session/3f0cbc1b15a23ece7a350179293e5208/screenshot - {}
RESULT: {"text":"509"}
COMMAND: GET /session/3f0cbc1b15a23ece7a350179293e5208/screenshot - {}
RESULT: {}
RESULT: {}
COMMAND: POST /session/3f0cbc1b15a23ece7a350179293e5208/element - {"using":"xpath","value":"//li[.//span[text()='509']]"}
RESULT: {"using":"xpath","value":"//li[.//span[text()='509']]"}
COMMAND: POST /session/3f0cbc1b15a23ece7a350179293e5208/element/f.A2D5424C1798EF873635D971557A7B84.d.5B3EAC59ABEA11414C040B7E8DCAE23A.e.1607/click - {}
RESULT: {}
COMMAND: GET /session/3f0cbc1b15a23ece7a350179293e5208/screenshot - {}
RESULT: {}
COMMAND: POST /session/3f0cbc1b15a23ece7a350179293e5208/actions - {"actions":[{"id":"action3","type":"key","parameters":{},"actions":[{"type":"keyDown","value":"î€‡"},{"type":"pause","duration":10},{"type":"keyUp","value":"î€‡"}]}]}
RESULT: {"actions":[{"id":"action3","type":"key","parameters":{},"actions":[{"type":"keyDown","value":"î€‡"},{"type":"pause","duration":10},{"type":"keyUp","value":"î€‡"}]}]}
COMMAND: POST /session/3f0cbc1b15a23ece7a350179293e5208/execute/async - {"script":"<script> [1562 bytes]","args":[{"selector":{"id":"application-managepartners-display-component---NewPartner--externalCustomerComboBox-application-managepartners-display-component---NewPartner--assignmentsTable-0-vhi"},"wdio_ui5_key":"applicationmanagepartners-display-component---NewPartner--externalCustomerComboBox-application-managepartners-display-component---NewPartner--assignmentsTable-0-vhi"}]}
COMMAND: GET /session/3f0cbc1b15a23ece7a350179293e5208/screenshot - {}
RESULT: {"script":"<script> [1562 bytes]","args":[{"selector":{"id":"application-managepartners-display-component---NewPartner--externalCustomerComboBox-application-managepartners-display-component---NewPartner--assignmentsTable-0-vhi"},"wdio_ui5_key":"applicationmanagepartners-display-component---NewPartner--externalCustomerComboBox-application-managepartners-display-component---NewPartner--assignmentsTable-0-vhi"}]}
RESULT: undefined
COMMAND: POST /session/3f0cbc1b15a23ece7a350179293e5208/element - {"using":"xpath","value":"//*[@id=\"application-managepartners-display-component---NewPartner--externalCustomerComboBox-application-managepartners-display-component---NewPartner--assignmentsTable-0-vhi\"]"}
RESULT: {}
RESULT: {"using":"xpath","value":"//*[@id=\"application-managepartners-display-component---NewPartner--externalCustomerComboBox-application-managepartners-display-component---NewPartner--assignmentsTable-0-vhi\"]"}
COMMAND: POST /session/3f0cbc1b15a23ece7a350179293e5208/element/f.A2D5424C1798EF873635D971557A7B84.d.5B3EAC59ABEA11414C040B7E8DCAE23A.e.1611/click - {}
RESULT: {}
RESULT: undefined
COMMAND: POST /session/3f0cbc1b15a23ece7a350179293e5208/execute/async - {"script":"<script> [776 bytes]","args":[{"enterText":"300003","selector":{"controlType":"sap.m.SearchField","properties":{"placeholder":"Search"},"searchOpenDialogs":true,"interaction":{"idSuffix":"I"}},"clearTextFirst":true,"interactionType":"ENTER_TEXT"}]}
COMMAND: GET /session/3f0cbc1b15a23ece7a350179293e5208/screenshot - {}
RESULT: {"script":"<script> [776 bytes]","args":[{"enterText":"300003","selector":{"controlType":"sap.m.SearchField","properties":{"placeholder":"Search"},"searchOpenDialogs":true,"interaction":{"idSuffix":"I"}},"clearTextFirst":true,"interactionType":"ENTER_TEXT"}]}
COMMAND: POST /session/3f0cbc1b15a23ece7a350179293e5208/actions - {"actions":[{"id":"action4","type":"key","parameters":{},"actions":[{"type":"keyDown","value":"î€‡"},{"type":"pause","duration":10},{"type":"keyUp","value":"î€‡"}]}]}
RESULT: {}
RESULT: {"actions":[{"id":"action4","type":"key","parameters":{},"actions":[{"type":"keyDown","value":"î€‡"},{"type":"pause","duration":10},{"type":"keyUp","value":"î€‡"}]}]}
COMMAND: GET /session/3f0cbc1b15a23ece7a350179293e5208/screenshot - {}
RESULT: {}
COMMAND: POST /session/3f0cbc1b15a23ece7a350179293e5208/element - {"using":"xpath","value":"//span[contains(text(), \"300003\")]"}
RESULT: {"using":"xpath","value":"//span[contains(text(), \"300003\")]"}
COMMAND: POST /session/3f0cbc1b15a23ece7a350179293e5208/element/f.A2D5424C1798EF873635D971557A7B84.d.5B3EAC59ABEA11414C040B7E8DCAE23A.e.1630/click - {}
RESULT: {}
COMMAND: GET /session/3f0cbc1b15a23ece7a350179293e5208/screenshot - {}
RESULT: {}
COMMAND: POST /session/3f0cbc1b15a23ece7a350179293e5208/element - {"using":"xpath","value":"//bdi[contains(text(), \"OK\")]"}
RESULT: {"using":"xpath","value":"//bdi[contains(text(), \"OK\")]"}
COMMAND: POST /session/3f0cbc1b15a23ece7a350179293e5208/element/f.A2D5424C1798EF873635D971557A7B84.d.5B3EAC59ABEA11414C040B7E8DCAE23A.e.1632/click - {}
RESULT: {}
COMMAND: GET /session/3f0cbc1b15a23ece7a350179293e5208/screenshot - {}
RESULT: {}
COMMAND: POST /session/3f0cbc1b15a23ece7a350179293e5208/execute/async - {"script":"<script> [1562 bytes]","args":[{"selector":{"id":"application-managepartners-display-component---NewPartner--intercompVendorComboBox-application-managepartners-display-component---NewPartner--assignmentsTable-0-vhi"},"wdio_ui5_key":"applicationmanagepartners-display-component---NewPartner--intercompVendorComboBox-application-managepartners-display-component---NewPartner--assignmentsTable-0-vhi"}]}
RESULT: {"script":"<script> [1562 bytes]","args":[{"selector":{"id":"application-managepartners-display-component---NewPartner--intercompVendorComboBox-application-managepartners-display-component---NewPartner--assignmentsTable-0-vhi"},"wdio_ui5_key":"applicationmanagepartners-display-component---NewPartner--intercompVendorComboBox-application-managepartners-display-component---NewPartner--assignmentsTable-0-vhi"}]}
RESULT: undefined
COMMAND: POST /session/3f0cbc1b15a23ece7a350179293e5208/element - {"using":"xpath","value":"//*[@id=\"application-managepartners-display-component---NewPartner--intercompVendorComboBox-application-managepartners-display-component---NewPartner--assignmentsTable-0-vhi\"]"}
RESULT: {"using":"xpath","value":"//*[@id=\"application-managepartners-display-component---NewPartner--intercompVendorComboBox-application-managepartners-display-component---NewPartner--assignmentsTable-0-vhi\"]"}
COMMAND: POST /session/3f0cbc1b15a23ece7a350179293e5208/element/f.A2D5424C1798EF873635D971557A7B84.d.5B3EAC59ABEA11414C040B7E8DCAE23A.e.1635/click - {}
RESULT: {}
RESULT: undefined
COMMAND: POST /session/3f0cbc1b15a23ece7a350179293e5208/execute/async - {"script":"<script> [776 bytes]","args":[{"enterText":"100005","selector":{"controlType":"sap.m.SearchField","properties":{"placeholder":"Search"},"searchOpenDialogs":true,"interaction":{"idSuffix":"I"}},"clearTextFirst":true,"interactionType":"ENTER_TEXT"}]}
COMMAND: GET /session/3f0cbc1b15a23ece7a350179293e5208/screenshot - {}
RESULT: {"script":"<script> [776 bytes]","args":[{"enterText":"100005","selector":{"controlType":"sap.m.SearchField","properties":{"placeholder":"Search"},"searchOpenDialogs":true,"interaction":{"idSuffix":"I"}},"clearTextFirst":true,"interactionType":"ENTER_TEXT"}]}
COMMAND: POST /session/3f0cbc1b15a23ece7a350179293e5208/actions - {"actions":[{"id":"action5","type":"key","parameters":{},"actions":[{"type":"keyDown","value":"î€‡"},{"type":"pause","duration":10},{"type":"keyUp","value":"î€‡"}]}]}
RESULT: {}
RESULT: {"actions":[{"id":"action5","type":"key","parameters":{},"actions":[{"type":"keyDown","value":"î€‡"},{"type":"pause","duration":10},{"type":"keyUp","value":"î€‡"}]}]}
COMMAND: GET /session/3f0cbc1b15a23ece7a350179293e5208/screenshot - {}
RESULT: {}
COMMAND: POST /session/3f0cbc1b15a23ece7a350179293e5208/element - {"using":"xpath","value":"//span[contains(text(), \"Penguins - Field/12345 Berlin\")]"}
RESULT: {"using":"xpath","value":"//span[contains(text(), \"Penguins - Field/12345 Berlin\")]"}
COMMAND: POST /session/3f0cbc1b15a23ece7a350179293e5208/element/f.A2D5424C1798EF873635D971557A7B84.d.5B3EAC59ABEA11414C040B7E8DCAE23A.e.1653/click - {}
RESULT: {}
COMMAND: GET /session/3f0cbc1b15a23ece7a350179293e5208/screenshot - {}
RESULT: {}
COMMAND: POST /session/3f0cbc1b15a23ece7a350179293e5208/element - {"using":"xpath","value":"//bdi[contains(text(), \"OK\")]"}
RESULT: {"using":"xpath","value":"//bdi[contains(text(), \"OK\")]"}
COMMAND: POST /session/3f0cbc1b15a23ece7a350179293e5208/element/f.A2D5424C1798EF873635D971557A7B84.d.5B3EAC59ABEA11414C040B7E8DCAE23A.e.1654/click - {}
RESULT: {}
COMMAND: GET /session/3f0cbc1b15a23ece7a350179293e5208/screenshot - {}
RESULT: {}
COMMAND: POST /session/3f0cbc1b15a23ece7a350179293e5208/element - {"using":"xpath","value":"//button[@data-kt=\"saveButton\"]"}
RESULT: {"using":"xpath","value":"//button[@data-kt=\"saveButton\"]"}
COMMAND: POST /session/3f0cbc1b15a23ece7a350179293e5208/element/f.A2D5424C1798EF873635D971557A7B84.d.5B3EAC59ABEA11414C040B7E8DCAE23A.e.1434/click - {}
RESULT: {}
COMMAND: GET /session/3f0cbc1b15a23ece7a350179293e5208/screenshot - {}
RESULT: {}
COMMAND: POST /session/3f0cbc1b15a23ece7a350179293e5208/element - {"using":"xpath","value":"//header[contains(@id, 'ObjectPageLayout-headerTitle')]/div[1]/div[2]/div[2]/span[1]"}
RESULT: {"using":"xpath","value":"//header[contains(@id, 'ObjectPageLayout-headerTitle')]/div[1]/div[2]/div[2]/span[1]"}
COMMAND: POST /session/3f0cbc1b15a23ece7a350179293e5208/elements - {"using":"xpath","value":"//header[contains(@id, 'ObjectPageLayout-headerTitle')]/div[1]/div[2]/div[2]/span[1]"}
RESULT: {"using":"xpath","value":"//header[contains(@id, 'ObjectPageLayout-headerTitle')]/div[1]/div[2]/div[2]/span[1]"}
COMMAND: POST /session/3f0cbc1b15a23ece7a350179293e5208/execute/sync - {"script":"<script> [56 bytes]","args":[{"element-6066-11e4-a52e-4f735466cecf":"f.A2D5424C1798EF873635D971557A7B84.d.5B3EAC59ABEA11414C040B7E8DCAE23A.e.1819","ELEMENT":"f.A2D5424C1798EF873635D971557A7B84.d.5B3EAC59ABEA11414C040B7E8DCAE23A.e.1819"}]}
RESULT: {"script":"<script> [56 bytes]","args":[{"element-6066-11e4-a52e-4f735466cecf":"f.A2D5424C1798EF873635D971557A7B84.d.5B3EAC59ABEA11414C040B7E8DCAE23A.e.1819","ELEMENT":"f.A2D5424C1798EF873635D971557A7B84.d.5B3EAC59ABEA11414C040B7E8DCAE23A.e.1819"}]}
COMMAND: POST /session/3f0cbc1b15a23ece7a350179293e5208/element - {"using":"css selector","value":"#shell-header-logo"}
COMMAND: GET /session/3f0cbc1b15a23ece7a350179293e5208/screenshot - {}
RESULT: {"using":"css selector","value":"#shell-header-logo"}
COMMAND: POST /session/3f0cbc1b15a23ece7a350179293e5208/element/f.A2D5424C1798EF873635D971557A7B84.d.5B3EAC59ABEA11414C040B7E8DCAE23A.e.1035/click - {}
RESULT: {}
RESULT: {}
COMMAND: GET /session/3f0cbc1b15a23ece7a350179293e5208/screenshot - {}
RESULT: {}
COMMAND: POST /session/3f0cbc1b15a23ece7a350179293e5208/execute/sync - {"script":"<script> [299 bytes]","args":[["getModel","getResource"]]}
RESULT: {"script":"<script> [299 bytes]","args":[["getModel","getResource"]]}
]]></system-out>
    </testcase>
    <testcase classname="chrome.136_0_7103_93.windows.Tests_for_Mass_State_Change_on_Manage_States_&amp;_Performances_US104416_US" name="Prereq Should create a new site" time="164.09">
      <system-out><![CDATA[
COMMAND: POST /session/3f0cbc1b15a23ece7a350179293e5208/execute/async - {"script":"<script> [1562 bytes]","args":[{"selector":{"controlType":"sap.m.GenericTile","properties":{"header":"Manage Sites"}},"wdio_ui5_key":"sapm.GenericTile{\"header\":\"Manage Sites\"}"}]}
COMMAND: GET /session/3f0cbc1b15a23ece7a350179293e5208/screenshot - {}
RESULT: {"script":"<script> [1562 bytes]","args":[{"selector":{"controlType":"sap.m.GenericTile","properties":{"header":"Manage Sites"}},"wdio_ui5_key":"sapm.GenericTile{\"header\":\"Manage Sites\"}"}]}
RESULT: undefined
COMMAND: POST /session/3f0cbc1b15a23ece7a350179293e5208/element - {"using":"xpath","value":"//*[@id=\"__tile40\"]"}
RESULT: {}
RESULT: {"using":"xpath","value":"//*[@id=\"__tile40\"]"}
COMMAND: POST /session/3f0cbc1b15a23ece7a350179293e5208/element/f.A2D5424C1798EF873635D971557A7B84.d.5B3EAC59ABEA11414C040B7E8DCAE23A.e.164/click - {}
RESULT: {}
COMMAND: GET /session/3f0cbc1b15a23ece7a350179293e5208/screenshot - {}
RESULT: {}
COMMAND: POST /session/3f0cbc1b15a23ece7a350179293e5208/elements - {"using":"xpath","value":"//span[text()='Error']"}
RESULT: {"using":"xpath","value":"//span[text()='Error']"}
COMMAND: POST /session/3f0cbc1b15a23ece7a350179293e5208/element - {"using":"xpath","value":"//button[@data-kt=\"addOverflowToolbarButton\"]"}
RESULT: {"using":"xpath","value":"//button[@data-kt=\"addOverflowToolbarButton\"]"}
COMMAND: POST /session/3f0cbc1b15a23ece7a350179293e5208/elements - {"using":"xpath","value":"//button[@data-kt=\"addOverflowToolbarButton\"]"}
RESULT: {"using":"xpath","value":"//button[@data-kt=\"addOverflowToolbarButton\"]"}
COMMAND: POST /session/3f0cbc1b15a23ece7a350179293e5208/execute/sync - {"script":"<script> [8489 bytes]","args":[{"element-6066-11e4-a52e-4f735466cecf":"f.A2D5424C1798EF873635D971557A7B84.d.5B3EAC59ABEA11414C040B7E8DCAE23A.e.1867","ELEMENT":"f.A2D5424C1798EF873635D971557A7B84.d.5B3EAC59ABEA11414C040B7E8DCAE23A.e.1867"}]}
RESULT: {"script":"<script> [8489 bytes]","args":[{"element-6066-11e4-a52e-4f735466cecf":"f.A2D5424C1798EF873635D971557A7B84.d.5B3EAC59ABEA11414C040B7E8DCAE23A.e.1867","ELEMENT":"f.A2D5424C1798EF873635D971557A7B84.d.5B3EAC59ABEA11414C040B7E8DCAE23A.e.1867"}]}
COMMAND: GET /session/3f0cbc1b15a23ece7a350179293e5208/element/f.A2D5424C1798EF873635D971557A7B84.d.5B3EAC59ABEA11414C040B7E8DCAE23A.e.1867/enabled - {}
COMMAND: GET /session/3f0cbc1b15a23ece7a350179293e5208/screenshot - {}
RESULT: {}
COMMAND: POST /session/3f0cbc1b15a23ece7a350179293e5208/execute/sync - {"script":"<script> [8489 bytes]","args":[{"element-6066-11e4-a52e-4f735466cecf":"f.A2D5424C1798EF873635D971557A7B84.d.5B3EAC59ABEA11414C040B7E8DCAE23A.e.1867","ELEMENT":"f.A2D5424C1798EF873635D971557A7B84.d.5B3EAC59ABEA11414C040B7E8DCAE23A.e.1867"}]}
COMMAND: GET /session/3f0cbc1b15a23ece7a350179293e5208/screenshot - {}
RESULT: {}
RESULT: {"script":"<script> [8489 bytes]","args":[{"element-6066-11e4-a52e-4f735466cecf":"f.A2D5424C1798EF873635D971557A7B84.d.5B3EAC59ABEA11414C040B7E8DCAE23A.e.1867","ELEMENT":"f.A2D5424C1798EF873635D971557A7B84.d.5B3EAC59ABEA11414C040B7E8DCAE23A.e.1867"}]}
COMMAND: POST /session/3f0cbc1b15a23ece7a350179293e5208/execute/sync - {"script":"<script> [5351 bytes]","args":[{"element-6066-11e4-a52e-4f735466cecf":"f.A2D5424C1798EF873635D971557A7B84.d.5B3EAC59ABEA11414C040B7E8DCAE23A.e.1867","ELEMENT":"f.A2D5424C1798EF873635D971557A7B84.d.5B3EAC59ABEA11414C040B7E8DCAE23A.e.1867"}]}
COMMAND: GET /session/3f0cbc1b15a23ece7a350179293e5208/screenshot - {}
RESULT: {}
RESULT: {"script":"<script> [5351 bytes]","args":[{"element-6066-11e4-a52e-4f735466cecf":"f.A2D5424C1798EF873635D971557A7B84.d.5B3EAC59ABEA11414C040B7E8DCAE23A.e.1867","ELEMENT":"f.A2D5424C1798EF873635D971557A7B84.d.5B3EAC59ABEA11414C040B7E8DCAE23A.e.1867"}]}
COMMAND: POST /session/3f0cbc1b15a23ece7a350179293e5208/element/f.A2D5424C1798EF873635D971557A7B84.d.5B3EAC59ABEA11414C040B7E8DCAE23A.e.1867/click - {}
COMMAND: GET /session/3f0cbc1b15a23ece7a350179293e5208/screenshot - {}
RESULT: {}
RESULT: {}
COMMAND: GET /session/3f0cbc1b15a23ece7a350179293e5208/screenshot - {}
RESULT: {}
COMMAND: POST /session/3f0cbc1b15a23ece7a350179293e5208/element - {"using":"xpath","value":"//input[@id=\"application-managesites-display-component---NewSite--siteId-inner\"]"}
RESULT: {}
RESULT: {"using":"xpath","value":"//input[@id=\"application-managesites-display-component---NewSite--siteId-inner\"]"}
COMMAND: POST /session/3f0cbc1b15a23ece7a350179293e5208/element - {"using":"xpath","value":"//input[@id=\"application-managesites-display-component---NewSite--siteId-inner\"]"}
RESULT: {"using":"xpath","value":"//input[@id=\"application-managesites-display-component---NewSite--siteId-inner\"]"}
COMMAND: POST /session/3f0cbc1b15a23ece7a350179293e5208/execute/async - {"script":"<script> [1562 bytes]","args":[{"selector":{"id":"application-managesites-display-component---NewSite--addressDetailDetailsName1","interaction":{"idSuffix":"inner"}},"wdio_ui5_key":"applicationmanagesites-display-component---NewSite--addressDetailDetailsName1"}]}
RESULT: {"script":"<script> [1562 bytes]","args":[{"selector":{"id":"application-managesites-display-component---NewSite--addressDetailDetailsName1","interaction":{"idSuffix":"inner"}},"wdio_ui5_key":"applicationmanagesites-display-component---NewSite--addressDetailDetailsName1"}]}
RESULT: undefined
COMMAND: POST /session/3f0cbc1b15a23ece7a350179293e5208/execute/async - {"script":"<script> [776 bytes]","args":[{"enterText":"Intracompany Site wdIO","selector":{"id":"application-managesites-display-component---NewSite--addressDetailDetailsName1","interaction":{"idSuffix":"inner"}},"clearTextFirst":true,"interactionType":"ENTER_TEXT"}]}
RESULT: {"script":"<script> [776 bytes]","args":[{"enterText":"Intracompany Site wdIO","selector":{"id":"application-managesites-display-component---NewSite--addressDetailDetailsName1","interaction":{"idSuffix":"inner"}},"clearTextFirst":true,"interactionType":"ENTER_TEXT"}]}
COMMAND: POST /session/3f0cbc1b15a23ece7a350179293e5208/execute/async - {"script":"<script> [1562 bytes]","args":[{"selector":{"id":"application-managesites-display-component---NewSite--addressDetailDetailsLanguage-arrow"},"wdio_ui5_key":"applicationmanagesites-display-component---NewSite--addressDetailDetailsLanguage-arrow"}]}
RESULT: {"script":"<script> [1562 bytes]","args":[{"selector":{"id":"application-managesites-display-component---NewSite--addressDetailDetailsLanguage-arrow"},"wdio_ui5_key":"applicationmanagesites-display-component---NewSite--addressDetailDetailsLanguage-arrow"}]}
RESULT: undefined
COMMAND: POST /session/3f0cbc1b15a23ece7a350179293e5208/element - {"using":"xpath","value":"//*[@id=\"application-managesites-display-component---NewSite--addressDetailDetailsLanguage-arrow\"]"}
RESULT: {"using":"xpath","value":"//*[@id=\"application-managesites-display-component---NewSite--addressDetailDetailsLanguage-arrow\"]"}
COMMAND: POST /session/3f0cbc1b15a23ece7a350179293e5208/element/f.A2D5424C1798EF873635D971557A7B84.d.5B3EAC59ABEA11414C040B7E8DCAE23A.e.2270/click - {}
RESULT: {}
COMMAND: POST /session/3f0cbc1b15a23ece7a350179293e5208/element - {"using":"xpath","value":"//span[contains(text(), \"English\")]"}
COMMAND: GET /session/3f0cbc1b15a23ece7a350179293e5208/screenshot - {}
RESULT: {"using":"xpath","value":"//span[contains(text(), \"English\")]"}
COMMAND: POST /session/3f0cbc1b15a23ece7a350179293e5208/element/f.A2D5424C1798EF873635D971557A7B84.d.5B3EAC59ABEA11414C040B7E8DCAE23A.e.2271/click - {}
RESULT: {}
RESULT: {}
COMMAND: POST /session/3f0cbc1b15a23ece7a350179293e5208/execute/async - {"script":"<script> [1562 bytes]","args":[{"selector":{"id":"application-managesites-display-component---NewSite--addressDetailDetailsCity1","interaction":{"idSuffix":"inner"}},"wdio_ui5_key":"applicationmanagesites-display-component---NewSite--addressDetailDetailsCity1"}]}
COMMAND: GET /session/3f0cbc1b15a23ece7a350179293e5208/screenshot - {}
RESULT: {"script":"<script> [1562 bytes]","args":[{"selector":{"id":"application-managesites-display-component---NewSite--addressDetailDetailsCity1","interaction":{"idSuffix":"inner"}},"wdio_ui5_key":"applicationmanagesites-display-component---NewSite--addressDetailDetailsCity1"}]}
RESULT: undefined
COMMAND: POST /session/3f0cbc1b15a23ece7a350179293e5208/execute/async - {"script":"<script> [776 bytes]","args":[{"enterText":"Rosario","selector":{"id":"application-managesites-display-component---NewSite--addressDetailDetailsCity1","interaction":{"idSuffix":"inner"}},"clearTextFirst":true,"interactionType":"ENTER_TEXT"}]}
RESULT: {}
RESULT: {"script":"<script> [776 bytes]","args":[{"enterText":"Rosario","selector":{"id":"application-managesites-display-component---NewSite--addressDetailDetailsCity1","interaction":{"idSuffix":"inner"}},"clearTextFirst":true,"interactionType":"ENTER_TEXT"}]}
COMMAND: POST /session/3f0cbc1b15a23ece7a350179293e5208/execute/async - {"script":"<script> [1562 bytes]","args":[{"selector":{"id":"application-managesites-display-component---NewSite--addressDetailDetailsCountry-arrow"},"wdio_ui5_key":"applicationmanagesites-display-component---NewSite--addressDetailDetailsCountry-arrow"}]}
RESULT: {"script":"<script> [1562 bytes]","args":[{"selector":{"id":"application-managesites-display-component---NewSite--addressDetailDetailsCountry-arrow"},"wdio_ui5_key":"applicationmanagesites-display-component---NewSite--addressDetailDetailsCountry-arrow"}]}
RESULT: undefined
COMMAND: POST /session/3f0cbc1b15a23ece7a350179293e5208/element - {"using":"xpath","value":"//*[@id=\"application-managesites-display-component---NewSite--addressDetailDetailsCountry-arrow\"]"}
RESULT: {"using":"xpath","value":"//*[@id=\"application-managesites-display-component---NewSite--addressDetailDetailsCountry-arrow\"]"}
COMMAND: POST /session/3f0cbc1b15a23ece7a350179293e5208/element/f.A2D5424C1798EF873635D971557A7B84.d.5B3EAC59ABEA11414C040B7E8DCAE23A.e.2273/click - {}
RESULT: {}
COMMAND: POST /session/3f0cbc1b15a23ece7a350179293e5208/element - {"using":"xpath","value":"//span[contains(text(), \"Argentina\")]"}
COMMAND: GET /session/3f0cbc1b15a23ece7a350179293e5208/screenshot - {}
RESULT: {"using":"xpath","value":"//span[contains(text(), \"Argentina\")]"}
COMMAND: POST /session/3f0cbc1b15a23ece7a350179293e5208/element/f.A2D5424C1798EF873635D971557A7B84.d.5B3EAC59ABEA11414C040B7E8DCAE23A.e.2274/click - {}
RESULT: {}
RESULT: {}
COMMAND: GET /session/3f0cbc1b15a23ece7a350179293e5208/screenshot - {}
RESULT: {}
COMMAND: POST /session/3f0cbc1b15a23ece7a350179293e5208/execute/async - {"script":"<script> [1562 bytes]","args":[{"selector":{"id":"application-managesites-display-component---NewSite--addressEditDetailsCostObjectCstType-arrow"},"wdio_ui5_key":"applicationmanagesites-display-component---NewSite--addressEditDetailsCostObjectCstType-arrow"}]}
RESULT: {"script":"<script> [1562 bytes]","args":[{"selector":{"id":"application-managesites-display-component---NewSite--addressEditDetailsCostObjectCstType-arrow"},"wdio_ui5_key":"applicationmanagesites-display-component---NewSite--addressEditDetailsCostObjectCstType-arrow"}]}
RESULT: undefined
COMMAND: POST /session/3f0cbc1b15a23ece7a350179293e5208/element - {"using":"xpath","value":"//*[@id=\"application-managesites-display-component---NewSite--addressEditDetailsCostObjectCstType-arrow\"]"}
RESULT: {"using":"xpath","value":"//*[@id=\"application-managesites-display-component---NewSite--addressEditDetailsCostObjectCstType-arrow\"]"}
COMMAND: POST /session/3f0cbc1b15a23ece7a350179293e5208/element/f.A2D5424C1798EF873635D971557A7B84.d.5B3EAC59ABEA11414C040B7E8DCAE23A.e.2276/click - {}
RESULT: {}
COMMAND: POST /session/3f0cbc1b15a23ece7a350179293e5208/element - {"using":"xpath","value":"//span[contains(text(), \"Cost Center\")]"}
COMMAND: GET /session/3f0cbc1b15a23ece7a350179293e5208/screenshot - {}
RESULT: {"using":"xpath","value":"//span[contains(text(), \"Cost Center\")]"}
COMMAND: POST /session/3f0cbc1b15a23ece7a350179293e5208/element/f.A2D5424C1798EF873635D971557A7B84.d.5B3EAC59ABEA11414C040B7E8DCAE23A.e.2277/click - {}
RESULT: {}
RESULT: {}
COMMAND: GET /session/3f0cbc1b15a23ece7a350179293e5208/screenshot - {}
RESULT: {}
COMMAND: POST /session/3f0cbc1b15a23ece7a350179293e5208/element - {"using":"xpath","value":"//span[@id=\"application-managesites-display-component---NewSite--addressNewCostObjectCstID-vhi\"]"}
RESULT: {"using":"xpath","value":"//span[@id=\"application-managesites-display-component---NewSite--addressNewCostObjectCstID-vhi\"]"}
COMMAND: POST /session/3f0cbc1b15a23ece7a350179293e5208/execute/sync - {"script":"<script> [8489 bytes]","args":[{"element-6066-11e4-a52e-4f735466cecf":"f.A2D5424C1798EF873635D971557A7B84.d.5B3EAC59ABEA11414C040B7E8DCAE23A.e.2282","ELEMENT":"f.A2D5424C1798EF873635D971557A7B84.d.5B3EAC59ABEA11414C040B7E8DCAE23A.e.2282"}]}
RESULT: {"script":"<script> [8489 bytes]","args":[{"element-6066-11e4-a52e-4f735466cecf":"f.A2D5424C1798EF873635D971557A7B84.d.5B3EAC59ABEA11414C040B7E8DCAE23A.e.2282","ELEMENT":"f.A2D5424C1798EF873635D971557A7B84.d.5B3EAC59ABEA11414C040B7E8DCAE23A.e.2282"}]}
COMMAND: POST /session/3f0cbc1b15a23ece7a350179293e5208/execute/async - {"script":"<script> [1562 bytes]","args":[{"selector":{"id":"application-managesites-display-component---NewSite--addressNewCostObjectCstID-vhi"},"wdio_ui5_key":"applicationmanagesites-display-component---NewSite--addressNewCostObjectCstID-vhi"}]}
COMMAND: GET /session/3f0cbc1b15a23ece7a350179293e5208/screenshot - {}
RESULT: {"script":"<script> [1562 bytes]","args":[{"selector":{"id":"application-managesites-display-component---NewSite--addressNewCostObjectCstID-vhi"},"wdio_ui5_key":"applicationmanagesites-display-component---NewSite--addressNewCostObjectCstID-vhi"}]}
RESULT: undefined
COMMAND: POST /session/3f0cbc1b15a23ece7a350179293e5208/element - {"using":"xpath","value":"//*[@id=\"application-managesites-display-component---NewSite--addressNewCostObjectCstID-vhi\"]"}
RESULT: {}
RESULT: {"using":"xpath","value":"//*[@id=\"application-managesites-display-component---NewSite--addressNewCostObjectCstID-vhi\"]"}
COMMAND: POST /session/3f0cbc1b15a23ece7a350179293e5208/element/f.A2D5424C1798EF873635D971557A7B84.d.5B3EAC59ABEA11414C040B7E8DCAE23A.e.2282/click - {}
RESULT: {}
COMMAND: GET /session/3f0cbc1b15a23ece7a350179293e5208/screenshot - {}
RESULT: {}
RESULT: undefined
COMMAND: POST /session/3f0cbc1b15a23ece7a350179293e5208/execute/async - {"script":"<script> [776 bytes]","args":[{"enterText":"10001013","selector":{"controlType":"sap.m.SearchField","properties":{"placeholder":"Search"},"searchOpenDialogs":true,"interaction":{"idSuffix":"I"}},"clearTextFirst":true,"interactionType":"ENTER_TEXT"}]}
RESULT: {"script":"<script> [776 bytes]","args":[{"enterText":"10001013","selector":{"controlType":"sap.m.SearchField","properties":{"placeholder":"Search"},"searchOpenDialogs":true,"interaction":{"idSuffix":"I"}},"clearTextFirst":true,"interactionType":"ENTER_TEXT"}]}
COMMAND: POST /session/3f0cbc1b15a23ece7a350179293e5208/actions - {"actions":[{"id":"action6","type":"key","parameters":{},"actions":[{"type":"keyDown","value":"î€‡"},{"type":"pause","duration":10},{"type":"keyUp","value":"î€‡"}]}]}
RESULT: {"actions":[{"id":"action6","type":"key","parameters":{},"actions":[{"type":"keyDown","value":"î€‡"},{"type":"pause","duration":10},{"type":"keyUp","value":"î€‡"}]}]}
COMMAND: GET /session/3f0cbc1b15a23ece7a350179293e5208/screenshot - {}
RESULT: {}
COMMAND: POST /session/3f0cbc1b15a23ece7a350179293e5208/element - {"using":"xpath","value":"//span[contains(text(), \"General Management\")]"}
RESULT: {"using":"xpath","value":"//span[contains(text(), \"General Management\")]"}
COMMAND: POST /session/3f0cbc1b15a23ece7a350179293e5208/element/f.A2D5424C1798EF873635D971557A7B84.d.5B3EAC59ABEA11414C040B7E8DCAE23A.e.2322/click - {}
RESULT: {}
COMMAND: GET /session/3f0cbc1b15a23ece7a350179293e5208/screenshot - {}
RESULT: {}
COMMAND: POST /session/3f0cbc1b15a23ece7a350179293e5208/element - {"using":"xpath","value":"//bdi[contains(text(), \"OK\")]"}
RESULT: {"using":"xpath","value":"//bdi[contains(text(), \"OK\")]"}
COMMAND: POST /session/3f0cbc1b15a23ece7a350179293e5208/element/f.A2D5424C1798EF873635D971557A7B84.d.5B3EAC59ABEA11414C040B7E8DCAE23A.e.2323/click - {}
RESULT: {}
COMMAND: GET /session/3f0cbc1b15a23ece7a350179293e5208/screenshot - {}
RESULT: {}
COMMAND: POST /session/3f0cbc1b15a23ece7a350179293e5208/element - {"using":"xpath","value":"//input[@id=\"application-managesites-display-component---NewSite--addressDetailDetailsCalendar-inner\"]"}
RESULT: {"using":"xpath","value":"//input[@id=\"application-managesites-display-component---NewSite--addressDetailDetailsCalendar-inner\"]"}
COMMAND: POST /session/3f0cbc1b15a23ece7a350179293e5208/element/f.A2D5424C1798EF873635D971557A7B84.d.5B3EAC59ABEA11414C040B7E8DCAE23A.e.2038/clear - {}
RESULT: {}
COMMAND: POST /session/3f0cbc1b15a23ece7a350179293e5208/element/f.A2D5424C1798EF873635D971557A7B84.d.5B3EAC59ABEA11414C040B7E8DCAE23A.e.2038/value - {"text":"Unit"}
COMMAND: GET /session/3f0cbc1b15a23ece7a350179293e5208/screenshot - {}
RESULT: {"text":"Unit"}
COMMAND: GET /session/3f0cbc1b15a23ece7a350179293e5208/screenshot - {}
RESULT: {}
RESULT: {}
COMMAND: POST /session/3f0cbc1b15a23ece7a350179293e5208/actions - {"actions":[{"id":"action7","type":"key","parameters":{},"actions":[{"type":"keyDown","value":"î€‡"},{"type":"pause","duration":10},{"type":"keyUp","value":"î€‡"}]}]}
RESULT: {"actions":[{"id":"action7","type":"key","parameters":{},"actions":[{"type":"keyDown","value":"î€‡"},{"type":"pause","duration":10},{"type":"keyUp","value":"î€‡"}]}]}
COMMAND: POST /session/3f0cbc1b15a23ece7a350179293e5208/element - {"using":"xpath","value":"//input[@id=\"application-managesites-display-component---NewSite--addressDetailDetailsYard-inner\"]"}
COMMAND: GET /session/3f0cbc1b15a23ece7a350179293e5208/screenshot - {}
RESULT: {"using":"xpath","value":"//input[@id=\"application-managesites-display-component---NewSite--addressDetailDetailsYard-inner\"]"}
COMMAND: POST /session/3f0cbc1b15a23ece7a350179293e5208/element/f.A2D5424C1798EF873635D971557A7B84.d.5B3EAC59ABEA11414C040B7E8DCAE23A.e.2039/clear - {}
RESULT: {}
RESULT: {}
COMMAND: POST /session/3f0cbc1b15a23ece7a350179293e5208/element/f.A2D5424C1798EF873635D971557A7B84.d.5B3EAC59ABEA11414C040B7E8DCAE23A.e.2039/value - {"text":"509"}
COMMAND: GET /session/3f0cbc1b15a23ece7a350179293e5208/screenshot - {}
RESULT: {"text":"509"}
COMMAND: GET /session/3f0cbc1b15a23ece7a350179293e5208/screenshot - {}
RESULT: {}
RESULT: {}
COMMAND: POST /session/3f0cbc1b15a23ece7a350179293e5208/element - {"using":"xpath","value":"//li[.//span[text()='509']]"}
RESULT: {"using":"xpath","value":"//li[.//span[text()='509']]"}
COMMAND: POST /session/3f0cbc1b15a23ece7a350179293e5208/element/f.A2D5424C1798EF873635D971557A7B84.d.5B3EAC59ABEA11414C040B7E8DCAE23A.e.2331/click - {}
RESULT: {}
COMMAND: GET /session/3f0cbc1b15a23ece7a350179293e5208/screenshot - {}
RESULT: {}
COMMAND: POST /session/3f0cbc1b15a23ece7a350179293e5208/element - {"using":"xpath","value":"//input[@id=\"application-managesites-display-component---NewSite--addressDetailDetailsPartner-inner\"]"}
RESULT: {"using":"xpath","value":"//input[@id=\"application-managesites-display-component---NewSite--addressDetailDetailsPartner-inner\"]"}
COMMAND: POST /session/3f0cbc1b15a23ece7a350179293e5208/element - {"using":"xpath","value":"//input[@id=\"application-managesites-display-component---NewSite--addressDetailDetailsPartner-inner\"]"}
RESULT: {"using":"xpath","value":"//input[@id=\"application-managesites-display-component---NewSite--addressDetailDetailsPartner-inner\"]"}
COMMAND: POST /session/3f0cbc1b15a23ece7a350179293e5208/element - {"using":"xpath","value":"//button[@data-kt=\"saveButton\"]"}
RESULT: {"using":"xpath","value":"//button[@data-kt=\"saveButton\"]"}
COMMAND: POST /session/3f0cbc1b15a23ece7a350179293e5208/element/f.A2D5424C1798EF873635D971557A7B84.d.5B3EAC59ABEA11414C040B7E8DCAE23A.e.2222/click - {}
RESULT: {}
COMMAND: GET /session/3f0cbc1b15a23ece7a350179293e5208/screenshot - {}
COMMAND: POST /session/3f0cbc1b15a23ece7a350179293e5208/element - {"using":"xpath","value":"//header[contains(@id, 'ObjectPageLayout-headerTitle')]/div[1]/div[2]/div[2]/span[1]"}
RESULT: {}
RESULT: {"using":"xpath","value":"//header[contains(@id, 'ObjectPageLayout-headerTitle')]/div[1]/div[2]/div[2]/span[1]"}
COMMAND: POST /session/3f0cbc1b15a23ece7a350179293e5208/elements - {"using":"xpath","value":"//header[contains(@id, 'ObjectPageLayout-headerTitle')]/div[1]/div[2]/div[2]/span[1]"}
RESULT: {"using":"xpath","value":"//header[contains(@id, 'ObjectPageLayout-headerTitle')]/div[1]/div[2]/div[2]/span[1]"}
COMMAND: POST /session/3f0cbc1b15a23ece7a350179293e5208/execute/sync - {"script":"<script> [56 bytes]","args":[{"element-6066-11e4-a52e-4f735466cecf":"f.A2D5424C1798EF873635D971557A7B84.d.5B3EAC59ABEA11414C040B7E8DCAE23A.e.2534","ELEMENT":"f.A2D5424C1798EF873635D971557A7B84.d.5B3EAC59ABEA11414C040B7E8DCAE23A.e.2534"}]}
RESULT: {"script":"<script> [56 bytes]","args":[{"element-6066-11e4-a52e-4f735466cecf":"f.A2D5424C1798EF873635D971557A7B84.d.5B3EAC59ABEA11414C040B7E8DCAE23A.e.2534","ELEMENT":"f.A2D5424C1798EF873635D971557A7B84.d.5B3EAC59ABEA11414C040B7E8DCAE23A.e.2534"}]}
COMMAND: POST /session/3f0cbc1b15a23ece7a350179293e5208/element - {"using":"css selector","value":"#shell-header-logo"}
COMMAND: GET /session/3f0cbc1b15a23ece7a350179293e5208/screenshot - {}
RESULT: {"using":"css selector","value":"#shell-header-logo"}
COMMAND: POST /session/3f0cbc1b15a23ece7a350179293e5208/element/f.A2D5424C1798EF873635D971557A7B84.d.5B3EAC59ABEA11414C040B7E8DCAE23A.e.1824/click - {}
RESULT: {}
RESULT: {}
COMMAND: GET /session/3f0cbc1b15a23ece7a350179293e5208/screenshot - {}
RESULT: {}
COMMAND: POST /session/3f0cbc1b15a23ece7a350179293e5208/execute/sync - {"script":"<script> [299 bytes]","args":[["getModel","getResource"]]}
RESULT: {"script":"<script> [299 bytes]","args":[["getModel","getResource"]]}
COMMAND: POST /session/3f0cbc1b15a23ece7a350179293e5208/actions - {"actions":[{"id":"action8","type":"key","parameters":{},"actions":[{"type":"keyDown","value":"î€‡"},{"type":"pause","duration":10},{"type":"keyUp","value":"î€‡"}]}]}
COMMAND: GET /session/3f0cbc1b15a23ece7a350179293e5208/screenshot - {}
RESULT: {"actions":[{"id":"action8","type":"key","parameters":{},"actions":[{"type":"keyDown","value":"î€‡"},{"type":"pause","duration":10},{"type":"keyUp","value":"î€‡"}]}]}
COMMAND: GET /session/3f0cbc1b15a23ece7a350179293e5208/screenshot - {}
RESULT: {}
RESULT: {}
COMMAND: POST /session/3f0cbc1b15a23ece7a350179293e5208/refresh - {}
RESULT: {}
COMMAND: GET /session/3f0cbc1b15a23ece7a350179293e5208/screenshot - {}
RESULT: {}
COMMAND: POST /session/3f0cbc1b15a23ece7a350179293e5208/refresh - {}
RESULT: {}
COMMAND: GET /session/3f0cbc1b15a23ece7a350179293e5208/screenshot - {}
RESULT: {}
COMMAND: POST /session/3f0cbc1b15a23ece7a350179293e5208/window/fullscreen - {}
RESULT: {}
COMMAND: POST /session/3f0cbc1b15a23ece7a350179293e5208/execute/async - {"script":"<script> [189 bytes]","args":[]}
RESULT: {"script":"<script> [189 bytes]","args":[]}
COMMAND: POST /session/3f0cbc1b15a23ece7a350179293e5208/execute/async - {"script":"<script> [123 bytes]","args":[]}
RESULT: {"script":"<script> [123 bytes]","args":[]}
COMMAND: POST /session/3f0cbc1b15a23ece7a350179293e5208/timeouts - {"script":"<number>"}
RESULT: {"script":"<number>"}
COMMAND: GET /session/3f0cbc1b15a23ece7a350179293e5208/timeouts - {}
RESULT: {}
RESULT: undefined
COMMAND: POST /session/3f0cbc1b15a23ece7a350179293e5208/execute/async - {"script":"<script> [2676 bytes]","args":[]}
RESULT: {"script":"<script> [2676 bytes]","args":[]}
COMMAND: POST /session/3f0cbc1b15a23ece7a350179293e5208/execute/async - {"script":"<script> [2342 bytes]","args":[{"protocol":"http","hostname":"0.0.0.0","path":"/","capabilities":{"browserName":"chrome","goog:chromeOptions":{"binary":"C:\\Program Files\\Google\\Chrome\\Application\\chrome.exe","args":["--start-maximized"]}},"logLevel":"warn","connectionRetryTimeout":120000,"connectionRetryCount":3,"logLevels":{},"enableDirectConnect":true,"strictSSL":true,"_":"65 more keys: [\"cacheDir\",\"port\",\"requestedCapabilities\",\"automationProtocol\",\"baseUrl\",\"waitforInterval\",\"waitforTimeout\",\"onReload\",\"beforeCommand\",\"afterCommand\",\"rootDir\",\"specs\",\"suites\",\"exclude\",\"groupLogsByTestSpec\",\"excludeDriverLogs\",\"bail\",\"framework\",\"reporters\",\"services\",\"maxInstances\",\"maxInstancesPerCapability\",\"injectGlobals\",\"filesToWatch\",\"execArgv\",\"runnerEnv\",\"runner\",\"shard\",\"specFileRetries\",\"specFileRetriesDelay\",\"specFileRetriesDeferred\",\"reporterSyncInterval\",\"reporterSyncTimeout\",\"cucumberFeaturesWithLineNumbers\",\"autoCompileOpts\",\"mochaOpts\",\"jasmineOpts\",\"cucumberOpts\",\"onPrepare\",\"onWorkerStart\",\"onWorkerEnd\",\"before\",\"beforeSession\",\"beforeSuite\",\"beforeHook\",\"beforeTest\",\"afterTest\",\"afterHook\",\"afterSuite\",\"afterSession\",\"after\",\"onComplete\",\"beforeAssertion\",\"afterAssertion\",\"beforeFeature\",\"beforeScenario\",\"beforeStep\",\"afterStep\",\"afterScenario\",\"afterFeature\",\"_\",\"suite\",\"$0\",\"ignoredWorkerServices\",\"wdi5\"]"}]}
RESULT: {"script":"<script> [2342 bytes]","args":[{"protocol":"http","hostname":"0.0.0.0","path":"/","capabilities":{"browserName":"chrome","goog:chromeOptions":{"binary":"C:\\Program Files\\Google\\Chrome\\Application\\chrome.exe","args":["--start-maximized"]}},"logLevel":"warn","connectionRetryTimeout":120000,"connectionRetryCount":3,"logLevels":{},"enableDirectConnect":true,"strictSSL":true,"_":"65 more keys: [\"cacheDir\",\"port\",\"requestedCapabilities\",\"automationProtocol\",\"baseUrl\",\"waitforInterval\",\"waitforTimeout\",\"onReload\",\"beforeCommand\",\"afterCommand\",\"rootDir\",\"specs\",\"suites\",\"exclude\",\"groupLogsByTestSpec\",\"excludeDriverLogs\",\"bail\",\"framework\",\"reporters\",\"services\",\"maxInstances\",\"maxInstancesPerCapability\",\"injectGlobals\",\"filesToWatch\",\"execArgv\",\"runnerEnv\",\"runner\",\"shard\",\"specFileRetries\",\"specFileRetriesDelay\",\"specFileRetriesDeferred\",\"reporterSyncInterval\",\"reporterSyncTimeout\",\"cucumberFeaturesWithLineNumbers\",\"autoCompileOpts\",\"mochaOpts\",\"jasmineOpts\",\"cucumberOpts\",\"onPrepare\",\"onWorkerStart\",\"onWorkerEnd\",\"before\",\"beforeSession\",\"beforeSuite\",\"beforeHook\",\"beforeTest\",\"afterTest\",\"afterHook\",\"afterSuite\",\"afterSession\",\"after\",\"onComplete\",\"beforeAssertion\",\"afterAssertion\",\"beforeFeature\",\"beforeScenario\",\"beforeStep\",\"afterStep\",\"afterScenario\",\"afterFeature\",\"_\",\"suite\",\"$0\",\"ignoredWorkerServices\",\"wdi5\"]"}]}
COMMAND: POST /session/3f0cbc1b15a23ece7a350179293e5208/execute/async - {"script":"<script> [21126 bytes]","args":[35000]}
RESULT: {"script":"<script> [21126 bytes]","args":[35000]}
COMMAND: POST /session/3f0cbc1b15a23ece7a350179293e5208/window/fullscreen - {}
RESULT: {}
]]></system-out>
    </testcase>
    <testcase classname="chrome.136_0_7103_93.windows.Tests_for_Mass_State_Change_on_Manage_States_&amp;_Performances_US104416_US" name="Prereq Should create a new equipment multipart" time="134.233">
      <system-out><![CDATA[
COMMAND: POST /session/3f0cbc1b15a23ece7a350179293e5208/execute/async - {"script":"<script> [1562 bytes]","args":[{"selector":{"controlType":"sap.m.GenericTile","properties":{"header":"Manage Resources"}},"wdio_ui5_key":"sapm.GenericTile{\"header\":\"Manage Resources\"}"}]}
RESULT: {"script":"<script> [1562 bytes]","args":[{"selector":{"controlType":"sap.m.GenericTile","properties":{"header":"Manage Resources"}},"wdio_ui5_key":"sapm.GenericTile{\"header\":\"Manage Resources\"}"}]}
RESULT: undefined
COMMAND: POST /session/3f0cbc1b15a23ece7a350179293e5208/element - {"using":"xpath","value":"//*[@id=\"__tile31\"]"}
RESULT: {"using":"xpath","value":"//*[@id=\"__tile31\"]"}
COMMAND: POST /session/3f0cbc1b15a23ece7a350179293e5208/element/f.A2D5424C1798EF873635D971557A7B84.d.8FA2C6A7CDE6A9DD2A4FCF57F6F49458.e.2605/click - {}
RESULT: {}
COMMAND: GET /session/3f0cbc1b15a23ece7a350179293e5208/screenshot - {}
RESULT: {}
COMMAND: POST /session/3f0cbc1b15a23ece7a350179293e5208/elements - {"using":"xpath","value":"//span[text()='Error']"}
RESULT: {"using":"xpath","value":"//span[text()='Error']"}
COMMAND: POST /session/3f0cbc1b15a23ece7a350179293e5208/element - {"using":"xpath","value":"//button[@data-kt=\"addNewRUOverflowToolbarButton\"]"}
RESULT: {"using":"xpath","value":"//button[@data-kt=\"addNewRUOverflowToolbarButton\"]"}
COMMAND: POST /session/3f0cbc1b15a23ece7a350179293e5208/elements - {"using":"xpath","value":"//button[@data-kt=\"addNewRUOverflowToolbarButton\"]"}
RESULT: {"using":"xpath","value":"//button[@data-kt=\"addNewRUOverflowToolbarButton\"]"}
COMMAND: POST /session/3f0cbc1b15a23ece7a350179293e5208/elements - {"using":"xpath","value":"//button[@data-kt=\"addNewRUOverflowToolbarButton\"]"}
RESULT: {"using":"xpath","value":"//button[@data-kt=\"addNewRUOverflowToolbarButton\"]"}
COMMAND: POST /session/3f0cbc1b15a23ece7a350179293e5208/elements - {"using":"xpath","value":"//button[@data-kt=\"addNewRUOverflowToolbarButton\"]"}
RESULT: {"using":"xpath","value":"//button[@data-kt=\"addNewRUOverflowToolbarButton\"]"}
COMMAND: POST /session/3f0cbc1b15a23ece7a350179293e5208/elements - {"using":"xpath","value":"//button[@data-kt=\"addNewRUOverflowToolbarButton\"]"}
RESULT: {"using":"xpath","value":"//button[@data-kt=\"addNewRUOverflowToolbarButton\"]"}
COMMAND: POST /session/3f0cbc1b15a23ece7a350179293e5208/elements - {"using":"xpath","value":"//button[@data-kt=\"addNewRUOverflowToolbarButton\"]"}
RESULT: {"using":"xpath","value":"//button[@data-kt=\"addNewRUOverflowToolbarButton\"]"}
COMMAND: POST /session/3f0cbc1b15a23ece7a350179293e5208/elements - {"using":"xpath","value":"//button[@data-kt=\"addNewRUOverflowToolbarButton\"]"}
RESULT: {"using":"xpath","value":"//button[@data-kt=\"addNewRUOverflowToolbarButton\"]"}
COMMAND: POST /session/3f0cbc1b15a23ece7a350179293e5208/elements - {"using":"xpath","value":"//button[@data-kt=\"addNewRUOverflowToolbarButton\"]"}
RESULT: {"using":"xpath","value":"//button[@data-kt=\"addNewRUOverflowToolbarButton\"]"}
COMMAND: POST /session/3f0cbc1b15a23ece7a350179293e5208/elements - {"using":"xpath","value":"//button[@data-kt=\"addNewRUOverflowToolbarButton\"]"}
RESULT: {"using":"xpath","value":"//button[@data-kt=\"addNewRUOverflowToolbarButton\"]"}
COMMAND: POST /session/3f0cbc1b15a23ece7a350179293e5208/elements - {"using":"xpath","value":"//button[@data-kt=\"addNewRUOverflowToolbarButton\"]"}
RESULT: {"using":"xpath","value":"//button[@data-kt=\"addNewRUOverflowToolbarButton\"]"}
COMMAND: POST /session/3f0cbc1b15a23ece7a350179293e5208/elements - {"using":"xpath","value":"//button[@data-kt=\"addNewRUOverflowToolbarButton\"]"}
RESULT: {"using":"xpath","value":"//button[@data-kt=\"addNewRUOverflowToolbarButton\"]"}
COMMAND: POST /session/3f0cbc1b15a23ece7a350179293e5208/elements - {"using":"xpath","value":"//button[@data-kt=\"addNewRUOverflowToolbarButton\"]"}
RESULT: {"using":"xpath","value":"//button[@data-kt=\"addNewRUOverflowToolbarButton\"]"}
COMMAND: POST /session/3f0cbc1b15a23ece7a350179293e5208/elements - {"using":"xpath","value":"//button[@data-kt=\"addNewRUOverflowToolbarButton\"]"}
RESULT: {"using":"xpath","value":"//button[@data-kt=\"addNewRUOverflowToolbarButton\"]"}
COMMAND: POST /session/3f0cbc1b15a23ece7a350179293e5208/elements - {"using":"xpath","value":"//button[@data-kt=\"addNewRUOverflowToolbarButton\"]"}
RESULT: {"using":"xpath","value":"//button[@data-kt=\"addNewRUOverflowToolbarButton\"]"}
COMMAND: POST /session/3f0cbc1b15a23ece7a350179293e5208/elements - {"using":"xpath","value":"//button[@data-kt=\"addNewRUOverflowToolbarButton\"]"}
RESULT: {"using":"xpath","value":"//button[@data-kt=\"addNewRUOverflowToolbarButton\"]"}
COMMAND: POST /session/3f0cbc1b15a23ece7a350179293e5208/elements - {"using":"xpath","value":"//button[@data-kt=\"addNewRUOverflowToolbarButton\"]"}
RESULT: {"using":"xpath","value":"//button[@data-kt=\"addNewRUOverflowToolbarButton\"]"}
COMMAND: POST /session/3f0cbc1b15a23ece7a350179293e5208/element - {"using":"xpath","value":"//button[@data-kt=\"addNewRUOverflowToolbarButton\"]"}
RESULT: {"using":"xpath","value":"//button[@data-kt=\"addNewRUOverflowToolbarButton\"]"}
COMMAND: POST /session/3f0cbc1b15a23ece7a350179293e5208/execute/sync - {"script":"<script> [8489 bytes]","args":[{"element-6066-11e4-a52e-4f735466cecf":"f.A2D5424C1798EF873635D971557A7B84.d.8FA2C6A7CDE6A9DD2A4FCF57F6F49458.e.2715","ELEMENT":"f.A2D5424C1798EF873635D971557A7B84.d.8FA2C6A7CDE6A9DD2A4FCF57F6F49458.e.2715"}]}
RESULT: {"script":"<script> [8489 bytes]","args":[{"element-6066-11e4-a52e-4f735466cecf":"f.A2D5424C1798EF873635D971557A7B84.d.8FA2C6A7CDE6A9DD2A4FCF57F6F49458.e.2715","ELEMENT":"f.A2D5424C1798EF873635D971557A7B84.d.8FA2C6A7CDE6A9DD2A4FCF57F6F49458.e.2715"}]}
COMMAND: GET /session/3f0cbc1b15a23ece7a350179293e5208/element/f.A2D5424C1798EF873635D971557A7B84.d.8FA2C6A7CDE6A9DD2A4FCF57F6F49458.e.2715/enabled - {}
COMMAND: GET /session/3f0cbc1b15a23ece7a350179293e5208/screenshot - {}
RESULT: {}
COMMAND: POST /session/3f0cbc1b15a23ece7a350179293e5208/execute/sync - {"script":"<script> [8489 bytes]","args":[{"element-6066-11e4-a52e-4f735466cecf":"f.A2D5424C1798EF873635D971557A7B84.d.8FA2C6A7CDE6A9DD2A4FCF57F6F49458.e.2715","ELEMENT":"f.A2D5424C1798EF873635D971557A7B84.d.8FA2C6A7CDE6A9DD2A4FCF57F6F49458.e.2715"}]}
COMMAND: GET /session/3f0cbc1b15a23ece7a350179293e5208/screenshot - {}
RESULT: {}
RESULT: {"script":"<script> [8489 bytes]","args":[{"element-6066-11e4-a52e-4f735466cecf":"f.A2D5424C1798EF873635D971557A7B84.d.8FA2C6A7CDE6A9DD2A4FCF57F6F49458.e.2715","ELEMENT":"f.A2D5424C1798EF873635D971557A7B84.d.8FA2C6A7CDE6A9DD2A4FCF57F6F49458.e.2715"}]}
COMMAND: POST /session/3f0cbc1b15a23ece7a350179293e5208/execute/sync - {"script":"<script> [5351 bytes]","args":[{"element-6066-11e4-a52e-4f735466cecf":"f.A2D5424C1798EF873635D971557A7B84.d.8FA2C6A7CDE6A9DD2A4FCF57F6F49458.e.2715","ELEMENT":"f.A2D5424C1798EF873635D971557A7B84.d.8FA2C6A7CDE6A9DD2A4FCF57F6F49458.e.2715"}]}
COMMAND: GET /session/3f0cbc1b15a23ece7a350179293e5208/screenshot - {}
RESULT: {}
RESULT: {"script":"<script> [5351 bytes]","args":[{"element-6066-11e4-a52e-4f735466cecf":"f.A2D5424C1798EF873635D971557A7B84.d.8FA2C6A7CDE6A9DD2A4FCF57F6F49458.e.2715","ELEMENT":"f.A2D5424C1798EF873635D971557A7B84.d.8FA2C6A7CDE6A9DD2A4FCF57F6F49458.e.2715"}]}
COMMAND: POST /session/3f0cbc1b15a23ece7a350179293e5208/element/f.A2D5424C1798EF873635D971557A7B84.d.8FA2C6A7CDE6A9DD2A4FCF57F6F49458.e.2715/click - {}
COMMAND: GET /session/3f0cbc1b15a23ece7a350179293e5208/screenshot - {}
RESULT: {}
RESULT: {}
COMMAND: GET /session/3f0cbc1b15a23ece7a350179293e5208/screenshot - {}
RESULT: {}
COMMAND: POST /session/3f0cbc1b15a23ece7a350179293e5208/execute/async - {"script":"<script> [1562 bytes]","args":[{"selector":{"id":"application-manageresources-display-component---newResourceUnit--TYPE-arrow"},"wdio_ui5_key":"applicationmanageresources-display-component---newResourceUnit--TYPE-arrow"}]}
RESULT: {}
RESULT: {"script":"<script> [1562 bytes]","args":[{"selector":{"id":"application-manageresources-display-component---newResourceUnit--TYPE-arrow"},"wdio_ui5_key":"applicationmanageresources-display-component---newResourceUnit--TYPE-arrow"}]}
RESULT: undefined
COMMAND: POST /session/3f0cbc1b15a23ece7a350179293e5208/element - {"using":"xpath","value":"//*[@id=\"application-manageresources-display-component---newResourceUnit--TYPE-arrow\"]"}
RESULT: {"using":"xpath","value":"//*[@id=\"application-manageresources-display-component---newResourceUnit--TYPE-arrow\"]"}
COMMAND: POST /session/3f0cbc1b15a23ece7a350179293e5208/element/f.A2D5424C1798EF873635D971557A7B84.d.8FA2C6A7CDE6A9DD2A4FCF57F6F49458.e.3077/click - {}
RESULT: {}
COMMAND: POST /session/3f0cbc1b15a23ece7a350179293e5208/element - {"using":"xpath","value":"//input[@id=\"application-manageresources-display-component---newResourceUnit--TYPE-inner\"]"}
COMMAND: GET /session/3f0cbc1b15a23ece7a350179293e5208/screenshot - {}
RESULT: {"using":"xpath","value":"//input[@id=\"application-manageresources-display-component---newResourceUnit--TYPE-inner\"]"}
COMMAND: POST /session/3f0cbc1b15a23ece7a350179293e5208/element/f.A2D5424C1798EF873635D971557A7B84.d.8FA2C6A7CDE6A9DD2A4FCF57F6F49458.e.3071/clear - {}
RESULT: {}
RESULT: {}
COMMAND: POST /session/3f0cbc1b15a23ece7a350179293e5208/element/f.A2D5424C1798EF873635D971557A7B84.d.8FA2C6A7CDE6A9DD2A4FCF57F6F49458.e.3071/value - {"text":"Equi Multipart"}
COMMAND: GET /session/3f0cbc1b15a23ece7a350179293e5208/screenshot - {}
RESULT: {"text":"Equi Multipart"}
COMMAND: GET /session/3f0cbc1b15a23ece7a350179293e5208/screenshot - {}
RESULT: {}
RESULT: {}
COMMAND: POST /session/3f0cbc1b15a23ece7a350179293e5208/actions - {"actions":[{"id":"action9","type":"key","parameters":{},"actions":[{"type":"keyDown","value":"î€‡"},{"type":"pause","duration":10},{"type":"keyUp","value":"î€‡"}]}]}
RESULT: {"actions":[{"id":"action9","type":"key","parameters":{},"actions":[{"type":"keyDown","value":"î€‡"},{"type":"pause","duration":10},{"type":"keyUp","value":"î€‡"}]}]}
COMMAND: POST /session/3f0cbc1b15a23ece7a350179293e5208/execute/async - {"script":"<script> [1562 bytes]","args":[{"selector":{"id":"application-manageresources-display-component---newResourceUnit--SHORT_TEXT","interaction":{"idSuffix":"inner"}},"wdio_ui5_key":"applicationmanageresources-display-component---newResourceUnit--SHORT_TEXT"}]}
COMMAND: GET /session/3f0cbc1b15a23ece7a350179293e5208/screenshot - {}
RESULT: {"script":"<script> [1562 bytes]","args":[{"selector":{"id":"application-manageresources-display-component---newResourceUnit--SHORT_TEXT","interaction":{"idSuffix":"inner"}},"wdio_ui5_key":"applicationmanageresources-display-component---newResourceUnit--SHORT_TEXT"}]}
RESULT: undefined
COMMAND: POST /session/3f0cbc1b15a23ece7a350179293e5208/execute/async - {"script":"<script> [776 bytes]","args":[{"enterText":"Equipment Multipart WDIO","selector":{"id":"application-manageresources-display-component---newResourceUnit--SHORT_TEXT","interaction":{"idSuffix":"inner"}},"clearTextFirst":true,"interactionType":"ENTER_TEXT"}]}
RESULT: {}
RESULT: {"script":"<script> [776 bytes]","args":[{"enterText":"Equipment Multipart WDIO","selector":{"id":"application-manageresources-display-component---newResourceUnit--SHORT_TEXT","interaction":{"idSuffix":"inner"}},"clearTextFirst":true,"interactionType":"ENTER_TEXT"}]}
COMMAND: POST /session/3f0cbc1b15a23ece7a350179293e5208/execute/async - {"script":"<script> [1562 bytes]","args":[{"selector":{"id":"application-manageresources-display-component---newResourceUnit--BASE_UNIT_OF_MEASURE","interaction":{"idSuffix":"inner"}},"wdio_ui5_key":"applicationmanageresources-display-component---newResourceUnit--BASE_UNIT_OF_MEASURE"}]}
RESULT: {"script":"<script> [1562 bytes]","args":[{"selector":{"id":"application-manageresources-display-component---newResourceUnit--BASE_UNIT_OF_MEASURE","interaction":{"idSuffix":"inner"}},"wdio_ui5_key":"applicationmanageresources-display-component---newResourceUnit--BASE_UNIT_OF_MEASURE"}]}
RESULT: undefined
COMMAND: POST /session/3f0cbc1b15a23ece7a350179293e5208/execute/async - {"script":"<script> [776 bytes]","args":[{"enterText":"Piece","selector":{"id":"application-manageresources-display-component---newResourceUnit--BASE_UNIT_OF_MEASURE","interaction":{"idSuffix":"inner"}},"clearTextFirst":true,"interactionType":"ENTER_TEXT"}]}
RESULT: {"script":"<script> [776 bytes]","args":[{"enterText":"Piece","selector":{"id":"application-manageresources-display-component---newResourceUnit--BASE_UNIT_OF_MEASURE","interaction":{"idSuffix":"inner"}},"clearTextFirst":true,"interactionType":"ENTER_TEXT"}]}
COMMAND: POST /session/3f0cbc1b15a23ece7a350179293e5208/execute/async - {"script":"<script> [1562 bytes]","args":[{"selector":{"id":"application-manageresources-display-component---newResourceUnit--WEIGHT_UNIT","interaction":{"idSuffix":"inner"}},"wdio_ui5_key":"applicationmanageresources-display-component---newResourceUnit--WEIGHT_UNIT"}]}
RESULT: {"script":"<script> [1562 bytes]","args":[{"selector":{"id":"application-manageresources-display-component---newResourceUnit--WEIGHT_UNIT","interaction":{"idSuffix":"inner"}},"wdio_ui5_key":"applicationmanageresources-display-component---newResourceUnit--WEIGHT_UNIT"}]}
RESULT: undefined
COMMAND: POST /session/3f0cbc1b15a23ece7a350179293e5208/execute/async - {"script":"<script> [776 bytes]","args":[{"enterText":"Gram","selector":{"id":"application-manageresources-display-component---newResourceUnit--WEIGHT_UNIT","interaction":{"idSuffix":"inner"}},"clearTextFirst":true,"interactionType":"ENTER_TEXT"}]}
RESULT: {"script":"<script> [776 bytes]","args":[{"enterText":"Gram","selector":{"id":"application-manageresources-display-component---newResourceUnit--WEIGHT_UNIT","interaction":{"idSuffix":"inner"}},"clearTextFirst":true,"interactionType":"ENTER_TEXT"}]}
COMMAND: POST /session/3f0cbc1b15a23ece7a350179293e5208/execute/async - {"script":"<script> [1562 bytes]","args":[{"selector":{"id":"application-manageresources-display-component---newResourceUnit--DIMENSION_UNIT","interaction":{"idSuffix":"inner"}},"wdio_ui5_key":"applicationmanageresources-display-component---newResourceUnit--DIMENSION_UNIT"}]}
RESULT: {"script":"<script> [1562 bytes]","args":[{"selector":{"id":"application-manageresources-display-component---newResourceUnit--DIMENSION_UNIT","interaction":{"idSuffix":"inner"}},"wdio_ui5_key":"applicationmanageresources-display-component---newResourceUnit--DIMENSION_UNIT"}]}
RESULT: undefined
COMMAND: POST /session/3f0cbc1b15a23ece7a350179293e5208/execute/async - {"script":"<script> [776 bytes]","args":[{"enterText":"Meter","selector":{"id":"application-manageresources-display-component---newResourceUnit--DIMENSION_UNIT","interaction":{"idSuffix":"inner"}},"clearTextFirst":true,"interactionType":"ENTER_TEXT"}]}
RESULT: {"script":"<script> [776 bytes]","args":[{"enterText":"Meter","selector":{"id":"application-manageresources-display-component---newResourceUnit--DIMENSION_UNIT","interaction":{"idSuffix":"inner"}},"clearTextFirst":true,"interactionType":"ENTER_TEXT"}]}
COMMAND: POST /session/3f0cbc1b15a23ece7a350179293e5208/execute/async - {"script":"<script> [1562 bytes]","args":[{"selector":{"id":"application-manageresources-display-component---newResourceUnit--newRRUPage-anchBar-application-manageresources-display-component---newResourceUnit--control-anchor","interaction":{"idSuffix":"BDI-content"}},"wdio_ui5_key":"applicationmanageresources-display-component---newResourceUnit--newRRUPage-anchBar-application-manageresources-display-component---newResourceUnit--control-anchor"}]}
RESULT: {"script":"<script> [1562 bytes]","args":[{"selector":{"id":"application-manageresources-display-component---newResourceUnit--newRRUPage-anchBar-application-manageresources-display-component---newResourceUnit--control-anchor","interaction":{"idSuffix":"BDI-content"}},"wdio_ui5_key":"applicationmanageresources-display-component---newResourceUnit--newRRUPage-anchBar-application-manageresources-display-component---newResourceUnit--control-anchor"}]}
RESULT: undefined
COMMAND: POST /session/3f0cbc1b15a23ece7a350179293e5208/element - {"using":"xpath","value":"//*[@id=\"application-manageresources-display-component---newResourceUnit--newRRUPage-anchBar-application-manageresources-display-component---newResourceUnit--control-anchor\"]"}
RESULT: {"using":"xpath","value":"//*[@id=\"application-manageresources-display-component---newResourceUnit--newRRUPage-anchBar-application-manageresources-display-component---newResourceUnit--control-anchor\"]"}
COMMAND: POST /session/3f0cbc1b15a23ece7a350179293e5208/element/f.A2D5424C1798EF873635D971557A7B84.d.8FA2C6A7CDE6A9DD2A4FCF57F6F49458.e.3146/click - {}
RESULT: {}
COMMAND: POST /session/3f0cbc1b15a23ece7a350179293e5208/execute/async - {"script":"<script> [1562 bytes]","args":[{"selector":{"id":"application-manageresources-display-component---newResourceUnit--PLANNING_GROUP","interaction":{"idSuffix":"inner"}},"wdio_ui5_key":"applicationmanageresources-display-component---newResourceUnit--PLANNING_GROUP"}]}
COMMAND: GET /session/3f0cbc1b15a23ece7a350179293e5208/screenshot - {}
RESULT: {"script":"<script> [1562 bytes]","args":[{"selector":{"id":"application-manageresources-display-component---newResourceUnit--PLANNING_GROUP","interaction":{"idSuffix":"inner"}},"wdio_ui5_key":"applicationmanageresources-display-component---newResourceUnit--PLANNING_GROUP"}]}
RESULT: undefined
COMMAND: POST /session/3f0cbc1b15a23ece7a350179293e5208/execute/async - {"script":"<script> [776 bytes]","args":[{"enterText":"Heavy Equi","selector":{"id":"application-manageresources-display-component---newResourceUnit--PLANNING_GROUP","interaction":{"idSuffix":"inner"}},"clearTextFirst":true,"interactionType":"ENTER_TEXT"}]}
RESULT: {}
RESULT: {"script":"<script> [776 bytes]","args":[{"enterText":"Heavy Equi","selector":{"id":"application-manageresources-display-component---newResourceUnit--PLANNING_GROUP","interaction":{"idSuffix":"inner"}},"clearTextFirst":true,"interactionType":"ENTER_TEXT"}]}
COMMAND: POST /session/3f0cbc1b15a23ece7a350179293e5208/execute/async - {"script":"<script> [1562 bytes]","args":[{"selector":{"id":"application-manageresources-display-component---newResourceUnit--PLANNING_INDICATOR","interaction":{"idSuffix":"inner"}},"wdio_ui5_key":"applicationmanageresources-display-component---newResourceUnit--PLANNING_INDICATOR"}]}
RESULT: {"script":"<script> [1562 bytes]","args":[{"selector":{"id":"application-manageresources-display-component---newResourceUnit--PLANNING_INDICATOR","interaction":{"idSuffix":"inner"}},"wdio_ui5_key":"applicationmanageresources-display-component---newResourceUnit--PLANNING_INDICATOR"}]}
RESULT: undefined
COMMAND: POST /session/3f0cbc1b15a23ece7a350179293e5208/execute/async - {"script":"<script> [776 bytes]","args":[{"enterText":"10 - infinite","selector":{"id":"application-manageresources-display-component---newResourceUnit--PLANNING_INDICATOR","interaction":{"idSuffix":"inner"}},"clearTextFirst":true,"interactionType":"ENTER_TEXT"}]}
RESULT: {"script":"<script> [776 bytes]","args":[{"enterText":"10 - infinite","selector":{"id":"application-manageresources-display-component---newResourceUnit--PLANNING_INDICATOR","interaction":{"idSuffix":"inner"}},"clearTextFirst":true,"interactionType":"ENTER_TEXT"}]}
COMMAND: POST /session/3f0cbc1b15a23ece7a350179293e5208/execute/async - {"script":"<script> [1562 bytes]","args":[{"selector":{"id":"application-manageresources-display-component---newResourceUnit--ITEM_TYPE-arrow"},"wdio_ui5_key":"applicationmanageresources-display-component---newResourceUnit--ITEM_TYPE-arrow"}]}
RESULT: {"script":"<script> [1562 bytes]","args":[{"selector":{"id":"application-manageresources-display-component---newResourceUnit--ITEM_TYPE-arrow"},"wdio_ui5_key":"applicationmanageresources-display-component---newResourceUnit--ITEM_TYPE-arrow"}]}
RESULT: undefined
COMMAND: POST /session/3f0cbc1b15a23ece7a350179293e5208/element - {"using":"xpath","value":"//*[@id=\"application-manageresources-display-component---newResourceUnit--ITEM_TYPE-arrow\"]"}
RESULT: {"using":"xpath","value":"//*[@id=\"application-manageresources-display-component---newResourceUnit--ITEM_TYPE-arrow\"]"}
COMMAND: POST /session/3f0cbc1b15a23ece7a350179293e5208/element/f.A2D5424C1798EF873635D971557A7B84.d.8FA2C6A7CDE6A9DD2A4FCF57F6F49458.e.3156/click - {}
RESULT: {}
COMMAND: GET /session/3f0cbc1b15a23ece7a350179293e5208/screenshot - {}
RESULT: {}
COMMAND: POST /session/3f0cbc1b15a23ece7a350179293e5208/execute/async - {"script":"<script> [1562 bytes]","args":[{"selector":{"controlType":"sap.m.StandardListItem","viewName":"reusables.view.manageresources.NewResourceUnit","viewId":"application-manageresources-display-component---newResourceUnit","properties":{"title":"Pool Equipment"},"searchOpenDialogs":true,"interaction":{"idSuffix":"content"}},"wdio_ui5_key":"reusablesview.manageresources.NewResourceUnitsap.m.StandardListItem{\"title\":\"Pool Equipment\"}"}]}
RESULT: {"script":"<script> [1562 bytes]","args":[{"selector":{"controlType":"sap.m.StandardListItem","viewName":"reusables.view.manageresources.NewResourceUnit","viewId":"application-manageresources-display-component---newResourceUnit","properties":{"title":"Pool Equipment"},"searchOpenDialogs":true,"interaction":{"idSuffix":"content"}},"wdio_ui5_key":"reusablesview.manageresources.NewResourceUnitsap.m.StandardListItem{\"title\":\"Pool Equipment\"}"}]}
RESULT: undefined
COMMAND: POST /session/3f0cbc1b15a23ece7a350179293e5208/element - {"using":"xpath","value":"//*[@id=\"__item199\"]"}
RESULT: {"using":"xpath","value":"//*[@id=\"__item199\"]"}
COMMAND: POST /session/3f0cbc1b15a23ece7a350179293e5208/element/f.A2D5424C1798EF873635D971557A7B84.d.8FA2C6A7CDE6A9DD2A4FCF57F6F49458.e.3158/click - {}
RESULT: {}
COMMAND: GET /session/3f0cbc1b15a23ece7a350179293e5208/screenshot - {}
RESULT: {}
COMMAND: POST /session/3f0cbc1b15a23ece7a350179293e5208/element - {"using":"css selector","value":"#application-manageresources-display-component---newResourceUnit--btnAddTimeSegment"}
RESULT: {"using":"css selector","value":"#application-manageresources-display-component---newResourceUnit--btnAddTimeSegment"}
COMMAND: GET /session/3f0cbc1b15a23ece7a350179293e5208/element/f.A2D5424C1798EF873635D971557A7B84.d.8FA2C6A7CDE6A9DD2A4FCF57F6F49458.e.3159/rect - {}
RESULT: {}
COMMAND: GET /session/3f0cbc1b15a23ece7a350179293e5208/window/rect - {}
RESULT: {}
COMMAND: POST /session/3f0cbc1b15a23ece7a350179293e5208/execute/sync - {"script":"<script> [92 bytes]","args":[]}
RESULT: {"script":"<script> [92 bytes]","args":[]}
COMMAND: POST /session/3f0cbc1b15a23ece7a350179293e5208/actions - {"actions":[{"id":"action10","type":"wheel","parameters":{},"actions":[{"type":"scroll","x":-1888,"y":-32,"deltaX":0,"deltaY":0,"duration":0,"origin":{"element-6066-11e4-a52e-4f735466cecf":"f.A2D5424C1798EF873635D971557A7B84.d.8FA2C6A7CDE6A9DD2A4FCF57F6F49458.e.3159"}}]}]}
COMMAND: GET /session/3f0cbc1b15a23ece7a350179293e5208/screenshot - {}
RESULT: {}
COMMAND: POST /session/3f0cbc1b15a23ece7a350179293e5208/execute/sync - {"script":"<script> [79 bytes]","args":[{"element-6066-11e4-a52e-4f735466cecf":"f.A2D5424C1798EF873635D971557A7B84.d.8FA2C6A7CDE6A9DD2A4FCF57F6F49458.e.3159","ELEMENT":"f.A2D5424C1798EF873635D971557A7B84.d.8FA2C6A7CDE6A9DD2A4FCF57F6F49458.e.3159"},{"block":"start","inline":"nearest"}]}
RESULT: {"script":"<script> [79 bytes]","args":[{"element-6066-11e4-a52e-4f735466cecf":"f.A2D5424C1798EF873635D971557A7B84.d.8FA2C6A7CDE6A9DD2A4FCF57F6F49458.e.3159","ELEMENT":"f.A2D5424C1798EF873635D971557A7B84.d.8FA2C6A7CDE6A9DD2A4FCF57F6F49458.e.3159"},{"block":"start","inline":"nearest"}]}
COMMAND: POST /session/3f0cbc1b15a23ece7a350179293e5208/execute/async - {"script":"<script> [1562 bytes]","args":[{"selector":{"id":"application-manageresources-display-component---newResourceUnit--btnAddTimeSegment","interaction":{"idSuffix":"inner"}},"wdio_ui5_key":"applicationmanageresources-display-component---newResourceUnit--btnAddTimeSegment"}]}
COMMAND: GET /session/3f0cbc1b15a23ece7a350179293e5208/screenshot - {}
RESULT: {"script":"<script> [1562 bytes]","args":[{"selector":{"id":"application-manageresources-display-component---newResourceUnit--btnAddTimeSegment","interaction":{"idSuffix":"inner"}},"wdio_ui5_key":"applicationmanageresources-display-component---newResourceUnit--btnAddTimeSegment"}]}
RESULT: undefined
COMMAND: POST /session/3f0cbc1b15a23ece7a350179293e5208/element - {"using":"xpath","value":"//*[@id=\"application-manageresources-display-component---newResourceUnit--btnAddTimeSegment\"]"}
RESULT: {}
RESULT: {"using":"xpath","value":"//*[@id=\"application-manageresources-display-component---newResourceUnit--btnAddTimeSegment\"]"}
COMMAND: POST /session/3f0cbc1b15a23ece7a350179293e5208/element/f.A2D5424C1798EF873635D971557A7B84.d.8FA2C6A7CDE6A9DD2A4FCF57F6F49458.e.3159/click - {}
RESULT: {}
COMMAND: GET /session/3f0cbc1b15a23ece7a350179293e5208/screenshot - {}
RESULT: {}
COMMAND: POST /session/3f0cbc1b15a23ece7a350179293e5208/element - {"using":"xpath","value":"//input[@id=\"application-manageresources-display-component---newResourceUnit--idRuTSAdmin-application-manageresources-display-component---newResourceUnit--RUTimeSegment-0-inner\"]"}
RESULT: {"using":"xpath","value":"//input[@id=\"application-manageresources-display-component---newResourceUnit--idRuTSAdmin-application-manageresources-display-component---newResourceUnit--RUTimeSegment-0-inner\"]"}
COMMAND: POST /session/3f0cbc1b15a23ece7a350179293e5208/element/f.A2D5424C1798EF873635D971557A7B84.d.8FA2C6A7CDE6A9DD2A4FCF57F6F49458.e.3165/clear - {}
RESULT: {}
COMMAND: POST /session/3f0cbc1b15a23ece7a350179293e5208/element/f.A2D5424C1798EF873635D971557A7B84.d.8FA2C6A7CDE6A9DD2A4FCF57F6F49458.e.3165/value - {"text":"509"}
COMMAND: GET /session/3f0cbc1b15a23ece7a350179293e5208/screenshot - {}
RESULT: {"text":"509"}
COMMAND: GET /session/3f0cbc1b15a23ece7a350179293e5208/screenshot - {}
RESULT: {}
RESULT: {}
COMMAND: POST /session/3f0cbc1b15a23ece7a350179293e5208/element - {"using":"xpath","value":"//li[.//span[text()='509']]"}
RESULT: {"using":"xpath","value":"//li[.//span[text()='509']]"}
COMMAND: POST /session/3f0cbc1b15a23ece7a350179293e5208/element/f.A2D5424C1798EF873635D971557A7B84.d.8FA2C6A7CDE6A9DD2A4FCF57F6F49458.e.3179/click - {}
RESULT: {}
COMMAND: GET /session/3f0cbc1b15a23ece7a350179293e5208/screenshot - {}
RESULT: {}
COMMAND: POST /session/3f0cbc1b15a23ece7a350179293e5208/element - {"using":"xpath","value":"(//span[contains(@id, \"-application-manageresources-display-component---newResourceUnit--RUTimeSegment-0-arrow\")])[5]"}
RESULT: {"using":"xpath","value":"(//span[contains(@id, \"-application-manageresources-display-component---newResourceUnit--RUTimeSegment-0-arrow\")])[5]"}
COMMAND: POST /session/3f0cbc1b15a23ece7a350179293e5208/element/f.A2D5424C1798EF873635D971557A7B84.d.8FA2C6A7CDE6A9DD2A4FCF57F6F49458.e.3180/click - {}
RESULT: {}
COMMAND: GET /session/3f0cbc1b15a23ece7a350179293e5208/screenshot - {}
RESULT: {}
COMMAND: POST /session/3f0cbc1b15a23ece7a350179293e5208/element - {"using":"xpath","value":"//span[contains(text(), \"PM Order\")]"}
RESULT: {"using":"xpath","value":"//span[contains(text(), \"PM Order\")]"}
COMMAND: POST /session/3f0cbc1b15a23ece7a350179293e5208/element/f.A2D5424C1798EF873635D971557A7B84.d.8FA2C6A7CDE6A9DD2A4FCF57F6F49458.e.3181/click - {}
RESULT: {}
COMMAND: GET /session/3f0cbc1b15a23ece7a350179293e5208/screenshot - {}
RESULT: {}
COMMAND: POST /session/3f0cbc1b15a23ece7a350179293e5208/element - {"using":"xpath","value":"(//span[contains(@id ,\"manageresources-display-component---newResourceUnit--RUTimeSegment-0-vhi\")])[1]"}
RESULT: {"using":"xpath","value":"(//span[contains(@id ,\"manageresources-display-component---newResourceUnit--RUTimeSegment-0-vhi\")])[1]"}
COMMAND: GET /session/3f0cbc1b15a23ece7a350179293e5208/element/f.A2D5424C1798EF873635D971557A7B84.d.8FA2C6A7CDE6A9DD2A4FCF57F6F49458.e.3185/rect - {}
RESULT: {}
COMMAND: GET /session/3f0cbc1b15a23ece7a350179293e5208/window/rect - {}
RESULT: {}
COMMAND: POST /session/3f0cbc1b15a23ece7a350179293e5208/execute/sync - {"script":"<script> [92 bytes]","args":[]}
RESULT: {"script":"<script> [92 bytes]","args":[]}
COMMAND: POST /session/3f0cbc1b15a23ece7a350179293e5208/actions - {"actions":[{"id":"action11","type":"wheel","parameters":{},"actions":[{"type":"scroll","x":-1888,"y":-24,"deltaX":0,"deltaY":0,"duration":0,"origin":{"element-6066-11e4-a52e-4f735466cecf":"f.A2D5424C1798EF873635D971557A7B84.d.8FA2C6A7CDE6A9DD2A4FCF57F6F49458.e.3185"}}]}]}
COMMAND: GET /session/3f0cbc1b15a23ece7a350179293e5208/screenshot - {}
RESULT: {}
COMMAND: POST /session/3f0cbc1b15a23ece7a350179293e5208/execute/sync - {"script":"<script> [79 bytes]","args":[{"element-6066-11e4-a52e-4f735466cecf":"f.A2D5424C1798EF873635D971557A7B84.d.8FA2C6A7CDE6A9DD2A4FCF57F6F49458.e.3185","ELEMENT":"f.A2D5424C1798EF873635D971557A7B84.d.8FA2C6A7CDE6A9DD2A4FCF57F6F49458.e.3185"},{"block":"start","inline":"nearest"}]}
RESULT: {"script":"<script> [79 bytes]","args":[{"element-6066-11e4-a52e-4f735466cecf":"f.A2D5424C1798EF873635D971557A7B84.d.8FA2C6A7CDE6A9DD2A4FCF57F6F49458.e.3185","ELEMENT":"f.A2D5424C1798EF873635D971557A7B84.d.8FA2C6A7CDE6A9DD2A4FCF57F6F49458.e.3185"},{"block":"start","inline":"nearest"}]}
COMMAND: GET /session/3f0cbc1b15a23ece7a350179293e5208/screenshot - {}
RESULT: {}
COMMAND: POST /session/3f0cbc1b15a23ece7a350179293e5208/element/f.A2D5424C1798EF873635D971557A7B84.d.8FA2C6A7CDE6A9DD2A4FCF57F6F49458.e.3185/click - {}
RESULT: {}
COMMAND: GET /session/3f0cbc1b15a23ece7a350179293e5208/screenshot - {}
RESULT: {}
COMMAND: POST /session/3f0cbc1b15a23ece7a350179293e5208/execute/async - {"script":"<script> [1562 bytes]","args":[{"selector":{"controlType":"sap.m.SearchField","properties":{"placeholder":"Search"},"searchOpenDialogs":true,"interaction":{"idSuffix":"I"}},"wdio_ui5_key":"sapm.SearchField{\"placeholder\":\"Search\"}"}]}
RESULT: {"script":"<script> [1562 bytes]","args":[{"selector":{"controlType":"sap.m.SearchField","properties":{"placeholder":"Search"},"searchOpenDialogs":true,"interaction":{"idSuffix":"I"}},"wdio_ui5_key":"sapm.SearchField{\"placeholder\":\"Search\"}"}]}
RESULT: undefined
COMMAND: POST /session/3f0cbc1b15a23ece7a350179293e5208/execute/async - {"script":"<script> [776 bytes]","args":[{"enterText":"4000360","selector":{"controlType":"sap.m.SearchField","properties":{"placeholder":"Search"},"searchOpenDialogs":true,"interaction":{"idSuffix":"I"}},"clearTextFirst":true,"interactionType":"ENTER_TEXT"}]}
RESULT: {"script":"<script> [776 bytes]","args":[{"enterText":"4000360","selector":{"controlType":"sap.m.SearchField","properties":{"placeholder":"Search"},"searchOpenDialogs":true,"interaction":{"idSuffix":"I"}},"clearTextFirst":true,"interactionType":"ENTER_TEXT"}]}
COMMAND: POST /session/3f0cbc1b15a23ece7a350179293e5208/actions - {"actions":[{"id":"action12","type":"key","parameters":{},"actions":[{"type":"keyDown","value":"î€‡"},{"type":"pause","duration":10},{"type":"keyUp","value":"î€‡"}]}]}
RESULT: {"actions":[{"id":"action12","type":"key","parameters":{},"actions":[{"type":"keyDown","value":"î€‡"},{"type":"pause","duration":10},{"type":"keyUp","value":"î€‡"}]}]}
COMMAND: GET /session/3f0cbc1b15a23ece7a350179293e5208/screenshot - {}
RESULT: {}
COMMAND: POST /session/3f0cbc1b15a23ece7a350179293e5208/element - {"using":"xpath","value":"//td/div/span[contains(text(), \"BGL Vehicles\")]"}
RESULT: {"using":"xpath","value":"//td/div/span[contains(text(), \"BGL Vehicles\")]"}
COMMAND: POST /session/3f0cbc1b15a23ece7a350179293e5208/element/f.A2D5424C1798EF873635D971557A7B84.d.8FA2C6A7CDE6A9DD2A4FCF57F6F49458.e.3207/click - {}
RESULT: {}
COMMAND: GET /session/3f0cbc1b15a23ece7a350179293e5208/screenshot - {}
RESULT: {}
COMMAND: POST /session/3f0cbc1b15a23ece7a350179293e5208/element - {"using":"xpath","value":"//bdi[contains(text(), \"OK\")]"}
RESULT: {"using":"xpath","value":"//bdi[contains(text(), \"OK\")]"}
COMMAND: POST /session/3f0cbc1b15a23ece7a350179293e5208/element/f.A2D5424C1798EF873635D971557A7B84.d.8FA2C6A7CDE6A9DD2A4FCF57F6F49458.e.3208/click - {}
RESULT: {}
COMMAND: GET /session/3f0cbc1b15a23ece7a350179293e5208/screenshot - {}
RESULT: {}
COMMAND: POST /session/3f0cbc1b15a23ece7a350179293e5208/element - {"using":"xpath","value":"//label[contains(@class, 'sapMLabelRequired') and .//bdi[contains(text(), 'Planned Retirement')]]"}
RESULT: {"using":"xpath","value":"//label[contains(@class, 'sapMLabelRequired') and .//bdi[contains(text(), 'Planned Retirement')]]"}
COMMAND: POST /session/3f0cbc1b15a23ece7a350179293e5208/elements - {"using":"xpath","value":"//label[contains(@class, 'sapMLabelRequired') and .//bdi[contains(text(), 'Planned Retirement')]]"}
RESULT: {"using":"xpath","value":"//label[contains(@class, 'sapMLabelRequired') and .//bdi[contains(text(), 'Planned Retirement')]]"}
COMMAND: POST /session/3f0cbc1b15a23ece7a350179293e5208/element - {"using":"xpath","value":"//button[@data-kt=\"resourceUnitSaveButton\"]"}
RESULT: {"using":"xpath","value":"//button[@data-kt=\"resourceUnitSaveButton\"]"}
COMMAND: POST /session/3f0cbc1b15a23ece7a350179293e5208/element/f.A2D5424C1798EF873635D971557A7B84.d.8FA2C6A7CDE6A9DD2A4FCF57F6F49458.e.3094/click - {}
RESULT: {}
COMMAND: GET /session/3f0cbc1b15a23ece7a350179293e5208/screenshot - {}
RESULT: {}
COMMAND: POST /session/3f0cbc1b15a23ece7a350179293e5208/element - {"using":"xpath","value":"//bdi[contains(text(), \"Close\")]"}
RESULT: {"using":"xpath","value":"//bdi[contains(text(), \"Close\")]"}
COMMAND: POST /session/3f0cbc1b15a23ece7a350179293e5208/element/f.A2D5424C1798EF873635D971557A7B84.d.8FA2C6A7CDE6A9DD2A4FCF57F6F49458.e.3215/click - {}
RESULT: {}
COMMAND: GET /session/3f0cbc1b15a23ece7a350179293e5208/screenshot - {}
RESULT: {}
COMMAND: POST /session/3f0cbc1b15a23ece7a350179293e5208/element - {"using":"xpath","value":"//header[contains(@id, 'detailRruPage-headerTitle')]/div[1]/div[2]/div[2]/span[1]"}
RESULT: {"using":"xpath","value":"//header[contains(@id, 'detailRruPage-headerTitle')]/div[1]/div[2]/div[2]/span[1]"}
COMMAND: POST /session/3f0cbc1b15a23ece7a350179293e5208/elements - {"using":"xpath","value":"//header[contains(@id, 'detailRruPage-headerTitle')]/div[1]/div[2]/div[2]/span[1]"}
RESULT: {"using":"xpath","value":"//header[contains(@id, 'detailRruPage-headerTitle')]/div[1]/div[2]/div[2]/span[1]"}
COMMAND: POST /session/3f0cbc1b15a23ece7a350179293e5208/execute/sync - {"script":"<script> [56 bytes]","args":[{"element-6066-11e4-a52e-4f735466cecf":"f.A2D5424C1798EF873635D971557A7B84.d.8FA2C6A7CDE6A9DD2A4FCF57F6F49458.e.3249","ELEMENT":"f.A2D5424C1798EF873635D971557A7B84.d.8FA2C6A7CDE6A9DD2A4FCF57F6F49458.e.3249"}]}
RESULT: {"script":"<script> [56 bytes]","args":[{"element-6066-11e4-a52e-4f735466cecf":"f.A2D5424C1798EF873635D971557A7B84.d.8FA2C6A7CDE6A9DD2A4FCF57F6F49458.e.3249","ELEMENT":"f.A2D5424C1798EF873635D971557A7B84.d.8FA2C6A7CDE6A9DD2A4FCF57F6F49458.e.3249"}]}
COMMAND: POST /session/3f0cbc1b15a23ece7a350179293e5208/element - {"using":"css selector","value":"#shell-header-logo"}
COMMAND: GET /session/3f0cbc1b15a23ece7a350179293e5208/screenshot - {}
RESULT: {"using":"css selector","value":"#shell-header-logo"}
COMMAND: POST /session/3f0cbc1b15a23ece7a350179293e5208/element/f.A2D5424C1798EF873635D971557A7B84.d.8FA2C6A7CDE6A9DD2A4FCF57F6F49458.e.2684/click - {}
RESULT: {}
RESULT: {}
COMMAND: GET /session/3f0cbc1b15a23ece7a350179293e5208/screenshot - {}
RESULT: {}
]]></system-out>
    </testcase>
    <testcase classname="chrome.136_0_7103_93.windows.Tests_for_Mass_State_Change_on_Manage_States_&amp;_Performances_US104416_US" name="Prereq Should do stock increase" time="92.529">
      <system-out><![CDATA[
COMMAND: POST /session/3f0cbc1b15a23ece7a350179293e5208/execute/async - {"script":"<script> [1562 bytes]","args":[{"selector":{"controlType":"sap.m.GenericTile","properties":{"header":"Manage Handovers"}},"wdio_ui5_key":"sapm.GenericTile{\"header\":\"Manage Handovers\"}"}]}
RESULT: {"script":"<script> [1562 bytes]","args":[{"selector":{"controlType":"sap.m.GenericTile","properties":{"header":"Manage Handovers"}},"wdio_ui5_key":"sapm.GenericTile{\"header\":\"Manage Handovers\"}"}]}
RESULT: undefined
COMMAND: POST /session/3f0cbc1b15a23ece7a350179293e5208/element - {"using":"xpath","value":"//*[@id=\"__tile133\"]"}
RESULT: {"using":"xpath","value":"//*[@id=\"__tile133\"]"}
COMMAND: POST /session/3f0cbc1b15a23ece7a350179293e5208/element/f.A2D5424C1798EF873635D971557A7B84.d.8FA2C6A7CDE6A9DD2A4FCF57F6F49458.e.2632/click - {}
RESULT: {}
COMMAND: GET /session/3f0cbc1b15a23ece7a350179293e5208/screenshot - {}
RESULT: {}
COMMAND: POST /session/3f0cbc1b15a23ece7a350179293e5208/elements - {"using":"xpath","value":"//span[text()='Error']"}
RESULT: {"using":"xpath","value":"//span[text()='Error']"}
COMMAND: POST /session/3f0cbc1b15a23ece7a350179293e5208/element - {"using":"xpath","value":"//button[@data-kt=\"masterHOAddButton\"]"}
RESULT: {"using":"xpath","value":"//button[@data-kt=\"masterHOAddButton\"]"}
COMMAND: POST /session/3f0cbc1b15a23ece7a350179293e5208/elements - {"using":"xpath","value":"//button[@data-kt=\"masterHOAddButton\"]"}
RESULT: {"using":"xpath","value":"//button[@data-kt=\"masterHOAddButton\"]"}
COMMAND: POST /session/3f0cbc1b15a23ece7a350179293e5208/execute/sync - {"script":"<script> [8489 bytes]","args":[{"element-6066-11e4-a52e-4f735466cecf":"f.A2D5424C1798EF873635D971557A7B84.d.8FA2C6A7CDE6A9DD2A4FCF57F6F49458.e.3281","ELEMENT":"f.A2D5424C1798EF873635D971557A7B84.d.8FA2C6A7CDE6A9DD2A4FCF57F6F49458.e.3281"}]}
RESULT: {"script":"<script> [8489 bytes]","args":[{"element-6066-11e4-a52e-4f735466cecf":"f.A2D5424C1798EF873635D971557A7B84.d.8FA2C6A7CDE6A9DD2A4FCF57F6F49458.e.3281","ELEMENT":"f.A2D5424C1798EF873635D971557A7B84.d.8FA2C6A7CDE6A9DD2A4FCF57F6F49458.e.3281"}]}
COMMAND: GET /session/3f0cbc1b15a23ece7a350179293e5208/element/f.A2D5424C1798EF873635D971557A7B84.d.8FA2C6A7CDE6A9DD2A4FCF57F6F49458.e.3281/enabled - {}
COMMAND: GET /session/3f0cbc1b15a23ece7a350179293e5208/screenshot - {}
RESULT: {}
COMMAND: POST /session/3f0cbc1b15a23ece7a350179293e5208/execute/sync - {"script":"<script> [8489 bytes]","args":[{"element-6066-11e4-a52e-4f735466cecf":"f.A2D5424C1798EF873635D971557A7B84.d.8FA2C6A7CDE6A9DD2A4FCF57F6F49458.e.3281","ELEMENT":"f.A2D5424C1798EF873635D971557A7B84.d.8FA2C6A7CDE6A9DD2A4FCF57F6F49458.e.3281"}]}
COMMAND: GET /session/3f0cbc1b15a23ece7a350179293e5208/screenshot - {}
RESULT: {}
RESULT: {"script":"<script> [8489 bytes]","args":[{"element-6066-11e4-a52e-4f735466cecf":"f.A2D5424C1798EF873635D971557A7B84.d.8FA2C6A7CDE6A9DD2A4FCF57F6F49458.e.3281","ELEMENT":"f.A2D5424C1798EF873635D971557A7B84.d.8FA2C6A7CDE6A9DD2A4FCF57F6F49458.e.3281"}]}
COMMAND: POST /session/3f0cbc1b15a23ece7a350179293e5208/execute/sync - {"script":"<script> [5351 bytes]","args":[{"element-6066-11e4-a52e-4f735466cecf":"f.A2D5424C1798EF873635D971557A7B84.d.8FA2C6A7CDE6A9DD2A4FCF57F6F49458.e.3281","ELEMENT":"f.A2D5424C1798EF873635D971557A7B84.d.8FA2C6A7CDE6A9DD2A4FCF57F6F49458.e.3281"}]}
COMMAND: GET /session/3f0cbc1b15a23ece7a350179293e5208/screenshot - {}
RESULT: {}
RESULT: {"script":"<script> [5351 bytes]","args":[{"element-6066-11e4-a52e-4f735466cecf":"f.A2D5424C1798EF873635D971557A7B84.d.8FA2C6A7CDE6A9DD2A4FCF57F6F49458.e.3281","ELEMENT":"f.A2D5424C1798EF873635D971557A7B84.d.8FA2C6A7CDE6A9DD2A4FCF57F6F49458.e.3281"}]}
COMMAND: POST /session/3f0cbc1b15a23ece7a350179293e5208/element/f.A2D5424C1798EF873635D971557A7B84.d.8FA2C6A7CDE6A9DD2A4FCF57F6F49458.e.3281/click - {}
COMMAND: GET /session/3f0cbc1b15a23ece7a350179293e5208/screenshot - {}
RESULT: {}
RESULT: {}
COMMAND: GET /session/3f0cbc1b15a23ece7a350179293e5208/screenshot - {}
COMMAND: POST /session/3f0cbc1b15a23ece7a350179293e5208/element - {"using":"xpath","value":"//span[contains(@id ,\"AddNewHO--typeSelect-arrow\")]"}
RESULT: {}
RESULT: {}
RESULT: {"using":"xpath","value":"//span[contains(@id ,\"AddNewHO--typeSelect-arrow\")]"}
COMMAND: POST /session/3f0cbc1b15a23ece7a350179293e5208/element/f.A2D5424C1798EF873635D971557A7B84.d.8FA2C6A7CDE6A9DD2A4FCF57F6F49458.e.3626/click - {}
RESULT: {}
COMMAND: GET /session/3f0cbc1b15a23ece7a350179293e5208/screenshot - {}
RESULT: {}
COMMAND: POST /session/3f0cbc1b15a23ece7a350179293e5208/element - {"using":"xpath","value":"(//li[contains(text(), \"stock increase yard\")])[1]"}
RESULT: {"using":"xpath","value":"(//li[contains(text(), \"stock increase yard\")])[1]"}
COMMAND: POST /session/3f0cbc1b15a23ece7a350179293e5208/element/f.A2D5424C1798EF873635D971557A7B84.d.8FA2C6A7CDE6A9DD2A4FCF57F6F49458.e.3627/click - {}
RESULT: {}
COMMAND: GET /session/3f0cbc1b15a23ece7a350179293e5208/screenshot - {}
RESULT: {}
COMMAND: POST /session/3f0cbc1b15a23ece7a350179293e5208/execute/async - {"script":"<script> [1562 bytes]","args":[{"selector":{"id":"application-managehandovers-display-component---AddNewHO--dueDate","interaction":{"idSuffix":"inner"}},"wdio_ui5_key":"applicationmanagehandovers-display-component---AddNewHO--dueDate"}]}
RESULT: {"script":"<script> [1562 bytes]","args":[{"selector":{"id":"application-managehandovers-display-component---AddNewHO--dueDate","interaction":{"idSuffix":"inner"}},"wdio_ui5_key":"applicationmanagehandovers-display-component---AddNewHO--dueDate"}]}
RESULT: undefined
COMMAND: POST /session/3f0cbc1b15a23ece7a350179293e5208/execute/async - {"script":"<script> [6424 bytes]","args":[{"element-6066-11e4-a52e-4f735466cecf":"f.A2D5424C1798EF873635D971557A7B84.d.8FA2C6A7CDE6A9DD2A4FCF57F6F49458.e.3629"},"setValue",["5/17/25"]]}
RESULT: {"script":"<script> [6424 bytes]","args":[{"element-6066-11e4-a52e-4f735466cecf":"f.A2D5424C1798EF873635D971557A7B84.d.8FA2C6A7CDE6A9DD2A4FCF57F6F49458.e.3629"},"setValue",["5/17/25"]]}
COMMAND: POST /session/3f0cbc1b15a23ece7a350179293e5208/element - {"using":"xpath","value":"//input[@id=\"generalSectionFrg--receiveYard-inner\"]"}
RESULT: {"using":"xpath","value":"//input[@id=\"generalSectionFrg--receiveYard-inner\"]"}
COMMAND: POST /session/3f0cbc1b15a23ece7a350179293e5208/element/f.A2D5424C1798EF873635D971557A7B84.d.8FA2C6A7CDE6A9DD2A4FCF57F6F49458.e.3633/clear - {}
RESULT: {}
COMMAND: POST /session/3f0cbc1b15a23ece7a350179293e5208/element/f.A2D5424C1798EF873635D971557A7B84.d.8FA2C6A7CDE6A9DD2A4FCF57F6F49458.e.3633/value - {"text":"509"}
COMMAND: GET /session/3f0cbc1b15a23ece7a350179293e5208/screenshot - {}
RESULT: {"text":"509"}
COMMAND: GET /session/3f0cbc1b15a23ece7a350179293e5208/screenshot - {}
RESULT: {}
RESULT: {}
COMMAND: POST /session/3f0cbc1b15a23ece7a350179293e5208/element - {"using":"xpath","value":"//li[.//span[text()='509']]"}
RESULT: {"using":"xpath","value":"//li[.//span[text()='509']]"}
COMMAND: POST /session/3f0cbc1b15a23ece7a350179293e5208/element/f.A2D5424C1798EF873635D971557A7B84.d.8FA2C6A7CDE6A9DD2A4FCF57F6F49458.e.3649/click - {}
RESULT: {}
COMMAND: GET /session/3f0cbc1b15a23ece7a350179293e5208/screenshot - {}
RESULT: {}
COMMAND: POST /session/3f0cbc1b15a23ece7a350179293e5208/execute/async - {"script":"<script> [1562 bytes]","args":[{"selector":{"id":"application-managehandovers-display-component---AddNewHO--ObjectPageLayout-anchBar-application-managehandovers-display-component---AddNewHO--section4-anchor","interaction":{"idSuffix":"BDI-content"}},"wdio_ui5_key":"applicationmanagehandovers-display-component---AddNewHO--ObjectPageLayout-anchBar-application-managehandovers-display-component---AddNewHO--section4-anchor"}]}
RESULT: {"script":"<script> [1562 bytes]","args":[{"selector":{"id":"application-managehandovers-display-component---AddNewHO--ObjectPageLayout-anchBar-application-managehandovers-display-component---AddNewHO--section4-anchor","interaction":{"idSuffix":"BDI-content"}},"wdio_ui5_key":"applicationmanagehandovers-display-component---AddNewHO--ObjectPageLayout-anchBar-application-managehandovers-display-component---AddNewHO--section4-anchor"}]}
RESULT: undefined
COMMAND: POST /session/3f0cbc1b15a23ece7a350179293e5208/element - {"using":"xpath","value":"//*[@id=\"application-managehandovers-display-component---AddNewHO--ObjectPageLayout-anchBar-application-managehandovers-display-component---AddNewHO--section4-anchor\"]"}
RESULT: {"using":"xpath","value":"//*[@id=\"application-managehandovers-display-component---AddNewHO--ObjectPageLayout-anchBar-application-managehandovers-display-component---AddNewHO--section4-anchor\"]"}
COMMAND: POST /session/3f0cbc1b15a23ece7a350179293e5208/element/f.A2D5424C1798EF873635D971557A7B84.d.8FA2C6A7CDE6A9DD2A4FCF57F6F49458.e.3651/click - {}
RESULT: {}
COMMAND: POST /session/3f0cbc1b15a23ece7a350179293e5208/element - {"using":"xpath","value":"//button[@aria-label=\"Add\"]"}
COMMAND: GET /session/3f0cbc1b15a23ece7a350179293e5208/screenshot - {}
RESULT: {"using":"xpath","value":"//button[@aria-label=\"Add\"]"}
COMMAND: POST /session/3f0cbc1b15a23ece7a350179293e5208/element/f.A2D5424C1798EF873635D971557A7B84.d.8FA2C6A7CDE6A9DD2A4FCF57F6F49458.e.3653/click - {}
RESULT: {}
RESULT: {}
COMMAND: GET /session/3f0cbc1b15a23ece7a350179293e5208/screenshot - {}
RESULT: {}
COMMAND: POST /session/3f0cbc1b15a23ece7a350179293e5208/execute/async - {"script":"<script> [1562 bytes]","args":[{"selector":{"id":"application-managehandovers-display-component---AddNewHO--smartFilterBar-btnBasicSearch","searchOpenDialogs":true,"interaction":{"idSuffix":"I"}},"wdio_ui5_key":"applicationmanagehandovers-display-component---AddNewHO--smartFilterBar-btnBasicSearch"}]}
RESULT: {"script":"<script> [1562 bytes]","args":[{"selector":{"id":"application-managehandovers-display-component---AddNewHO--smartFilterBar-btnBasicSearch","searchOpenDialogs":true,"interaction":{"idSuffix":"I"}},"wdio_ui5_key":"applicationmanagehandovers-display-component---AddNewHO--smartFilterBar-btnBasicSearch"}]}
RESULT: undefined
COMMAND: POST /session/3f0cbc1b15a23ece7a350179293e5208/execute/async - {"script":"<script> [776 bytes]","args":[{"enterText":"400041","selector":{"id":"application-managehandovers-display-component---AddNewHO--smartFilterBar-btnBasicSearch","searchOpenDialogs":true,"interaction":{"idSuffix":"I"}},"clearTextFirst":true,"interactionType":"ENTER_TEXT"}]}
RESULT: {"script":"<script> [776 bytes]","args":[{"enterText":"400041","selector":{"id":"application-managehandovers-display-component---AddNewHO--smartFilterBar-btnBasicSearch","searchOpenDialogs":true,"interaction":{"idSuffix":"I"}},"clearTextFirst":true,"interactionType":"ENTER_TEXT"}]}
COMMAND: POST /session/3f0cbc1b15a23ece7a350179293e5208/actions - {"actions":[{"id":"action13","type":"key","parameters":{},"actions":[{"type":"keyDown","value":"î€‡"},{"type":"pause","duration":10},{"type":"keyUp","value":"î€‡"}]}]}
RESULT: {"actions":[{"id":"action13","type":"key","parameters":{},"actions":[{"type":"keyDown","value":"î€‡"},{"type":"pause","duration":10},{"type":"keyUp","value":"î€‡"}]}]}
COMMAND: GET /session/3f0cbc1b15a23ece7a350179293e5208/screenshot - {}
RESULT: {}
COMMAND: POST /session/3f0cbc1b15a23ece7a350179293e5208/execute/async - {"script":"<script> [1562 bytes]","args":[{"selector":{"id":"application-managehandovers-display-component---AddNewHO--popup-sa","searchOpenDialogs":true,"interaction":{"idSuffix":"CbBg"}},"wdio_ui5_key":"applicationmanagehandovers-display-component---AddNewHO--popup-sa"}]}
RESULT: {"script":"<script> [1562 bytes]","args":[{"selector":{"id":"application-managehandovers-display-component---AddNewHO--popup-sa","searchOpenDialogs":true,"interaction":{"idSuffix":"CbBg"}},"wdio_ui5_key":"applicationmanagehandovers-display-component---AddNewHO--popup-sa"}]}
RESULT: undefined
COMMAND: POST /session/3f0cbc1b15a23ece7a350179293e5208/element - {"using":"xpath","value":"//*[@id=\"application-managehandovers-display-component---AddNewHO--popup-sa\"]"}
RESULT: {"using":"xpath","value":"//*[@id=\"application-managehandovers-display-component---AddNewHO--popup-sa\"]"}
COMMAND: POST /session/3f0cbc1b15a23ece7a350179293e5208/element/f.A2D5424C1798EF873635D971557A7B84.d.8FA2C6A7CDE6A9DD2A4FCF57F6F49458.e.3808/click - {}
RESULT: {}
COMMAND: GET /session/3f0cbc1b15a23ece7a350179293e5208/screenshot - {}
RESULT: {}
COMMAND: POST /session/3f0cbc1b15a23ece7a350179293e5208/element - {"using":"xpath","value":"//bdi[contains(text(), \"Select\")]"}
RESULT: {"using":"xpath","value":"//bdi[contains(text(), \"Select\")]"}
COMMAND: POST /session/3f0cbc1b15a23ece7a350179293e5208/element/f.A2D5424C1798EF873635D971557A7B84.d.8FA2C6A7CDE6A9DD2A4FCF57F6F49458.e.3809/click - {}
RESULT: {}
COMMAND: GET /session/3f0cbc1b15a23ece7a350179293e5208/screenshot - {}
RESULT: {}
COMMAND: POST /session/3f0cbc1b15a23ece7a350179293e5208/element - {"using":"xpath","value":"//button[@data-kt=\"AddNewHOSaveButton\"]"}
RESULT: {"using":"xpath","value":"//button[@data-kt=\"AddNewHOSaveButton\"]"}
COMMAND: POST /session/3f0cbc1b15a23ece7a350179293e5208/element/f.A2D5424C1798EF873635D971557A7B84.d.8FA2C6A7CDE6A9DD2A4FCF57F6F49458.e.3813/click - {}
RESULT: {}
COMMAND: GET /session/3f0cbc1b15a23ece7a350179293e5208/screenshot - {}
RESULT: {}
COMMAND: POST /session/3f0cbc1b15a23ece7a350179293e5208/execute/async - {"script":"<script> [1562 bytes]","args":[{"selector":{"id":"receiptDatePicker","viewName":"etm.portal.ui.managehandovers.view.DetailExecuteHO","interaction":{"idSuffix":"inner"}},"wdio_ui5_key":"receiptDatePickeretmportal.ui.managehandovers.view.DetailExecuteHO"}]}
RESULT: {"script":"<script> [1562 bytes]","args":[{"selector":{"id":"receiptDatePicker","viewName":"etm.portal.ui.managehandovers.view.DetailExecuteHO","interaction":{"idSuffix":"inner"}},"wdio_ui5_key":"receiptDatePickeretmportal.ui.managehandovers.view.DetailExecuteHO"}]}
RESULT: undefined
COMMAND: POST /session/3f0cbc1b15a23ece7a350179293e5208/execute/async - {"script":"<script> [6424 bytes]","args":[{"element-6066-11e4-a52e-4f735466cecf":"f.A2D5424C1798EF873635D971557A7B84.d.8FA2C6A7CDE6A9DD2A4FCF57F6F49458.e.3831"},"setValue",["5/17/25"]]}
RESULT: {"script":"<script> [6424 bytes]","args":[{"element-6066-11e4-a52e-4f735466cecf":"f.A2D5424C1798EF873635D971557A7B84.d.8FA2C6A7CDE6A9DD2A4FCF57F6F49458.e.3831"},"setValue",["5/17/25"]]}
COMMAND: POST /session/3f0cbc1b15a23ece7a350179293e5208/element - {"using":"xpath","value":"//button[@data-kt=\"PickingTableConfirmAllButton\"]"}
RESULT: {"using":"xpath","value":"//button[@data-kt=\"PickingTableConfirmAllButton\"]"}
COMMAND: POST /session/3f0cbc1b15a23ece7a350179293e5208/element/f.A2D5424C1798EF873635D971557A7B84.d.8FA2C6A7CDE6A9DD2A4FCF57F6F49458.e.3846/click - {}
RESULT: {}
COMMAND: GET /session/3f0cbc1b15a23ece7a350179293e5208/screenshot - {}
RESULT: {}
COMMAND: POST /session/3f0cbc1b15a23ece7a350179293e5208/element - {"using":"xpath","value":"//bdi[contains(text(), \"OK\")]"}
RESULT: {"using":"xpath","value":"//bdi[contains(text(), \"OK\")]"}
COMMAND: POST /session/3f0cbc1b15a23ece7a350179293e5208/element/f.A2D5424C1798EF873635D971557A7B84.d.8FA2C6A7CDE6A9DD2A4FCF57F6F49458.e.3848/click - {}
RESULT: {}
COMMAND: GET /session/3f0cbc1b15a23ece7a350179293e5208/screenshot - {}
RESULT: {}
COMMAND: POST /session/3f0cbc1b15a23ece7a350179293e5208/element - {"using":"xpath","value":"(//bdi[contains(text(), \"Receive\")])[2]"}
RESULT: {"using":"xpath","value":"(//bdi[contains(text(), \"Receive\")])[2]"}
COMMAND: POST /session/3f0cbc1b15a23ece7a350179293e5208/element/f.A2D5424C1798EF873635D971557A7B84.d.8FA2C6A7CDE6A9DD2A4FCF57F6F49458.e.3850/click - {}
RESULT: {}
COMMAND: GET /session/3f0cbc1b15a23ece7a350179293e5208/screenshot - {}
RESULT: {}
COMMAND: POST /session/3f0cbc1b15a23ece7a350179293e5208/element - {"using":"css selector","value":"#shell-header-logo"}
RESULT: {"using":"css selector","value":"#shell-header-logo"}
COMMAND: POST /session/3f0cbc1b15a23ece7a350179293e5208/element/f.A2D5424C1798EF873635D971557A7B84.d.8FA2C6A7CDE6A9DD2A4FCF57F6F49458.e.3253/click - {}
RESULT: {}
COMMAND: GET /session/3f0cbc1b15a23ece7a350179293e5208/screenshot - {}
RESULT: {}
]]></system-out>
    </testcase>
    <testcase classname="chrome.136_0_7103_93.windows.Tests_for_Mass_State_Change_on_Manage_States_&amp;_Performances_US104416_US" name="Prereq Should create a new contract" time="66.748">
      <system-out><![CDATA[
COMMAND: POST /session/3f0cbc1b15a23ece7a350179293e5208/execute/async - {"script":"<script> [1562 bytes]","args":[{"selector":{"controlType":"sap.m.GenericTile","properties":{"header":"Manage Contracts"}},"wdio_ui5_key":"sapm.GenericTile{\"header\":\"Manage Contracts\"}"}]}
RESULT: {"script":"<script> [1562 bytes]","args":[{"selector":{"controlType":"sap.m.GenericTile","properties":{"header":"Manage Contracts"}},"wdio_ui5_key":"sapm.GenericTile{\"header\":\"Manage Contracts\"}"}]}
RESULT: undefined
COMMAND: POST /session/3f0cbc1b15a23ece7a350179293e5208/element - {"using":"xpath","value":"//*[@id=\"__tile130\"]"}
RESULT: {"using":"xpath","value":"//*[@id=\"__tile130\"]"}
COMMAND: POST /session/3f0cbc1b15a23ece7a350179293e5208/element/f.A2D5424C1798EF873635D971557A7B84.d.8FA2C6A7CDE6A9DD2A4FCF57F6F49458.e.2621/click - {}
RESULT: {}
COMMAND: GET /session/3f0cbc1b15a23ece7a350179293e5208/screenshot - {}
RESULT: {}
COMMAND: POST /session/3f0cbc1b15a23ece7a350179293e5208/elements - {"using":"xpath","value":"//span[text()='Error']"}
RESULT: {"using":"xpath","value":"//span[text()='Error']"}
COMMAND: POST /session/3f0cbc1b15a23ece7a350179293e5208/element - {"using":"xpath","value":"//button[@data-kt=\"addButton\"]"}
RESULT: {"using":"xpath","value":"//button[@data-kt=\"addButton\"]"}
COMMAND: POST /session/3f0cbc1b15a23ece7a350179293e5208/elements - {"using":"xpath","value":"//button[@data-kt=\"addButton\"]"}
RESULT: {"using":"xpath","value":"//button[@data-kt=\"addButton\"]"}
COMMAND: POST /session/3f0cbc1b15a23ece7a350179293e5208/execute/sync - {"script":"<script> [8489 bytes]","args":[{"element-6066-11e4-a52e-4f735466cecf":"f.A2D5424C1798EF873635D971557A7B84.d.8FA2C6A7CDE6A9DD2A4FCF57F6F49458.e.4179","ELEMENT":"f.A2D5424C1798EF873635D971557A7B84.d.8FA2C6A7CDE6A9DD2A4FCF57F6F49458.e.4179"}]}
RESULT: {"script":"<script> [8489 bytes]","args":[{"element-6066-11e4-a52e-4f735466cecf":"f.A2D5424C1798EF873635D971557A7B84.d.8FA2C6A7CDE6A9DD2A4FCF57F6F49458.e.4179","ELEMENT":"f.A2D5424C1798EF873635D971557A7B84.d.8FA2C6A7CDE6A9DD2A4FCF57F6F49458.e.4179"}]}
COMMAND: GET /session/3f0cbc1b15a23ece7a350179293e5208/element/f.A2D5424C1798EF873635D971557A7B84.d.8FA2C6A7CDE6A9DD2A4FCF57F6F49458.e.4179/enabled - {}
COMMAND: GET /session/3f0cbc1b15a23ece7a350179293e5208/screenshot - {}
RESULT: {}
COMMAND: POST /session/3f0cbc1b15a23ece7a350179293e5208/execute/sync - {"script":"<script> [8489 bytes]","args":[{"element-6066-11e4-a52e-4f735466cecf":"f.A2D5424C1798EF873635D971557A7B84.d.8FA2C6A7CDE6A9DD2A4FCF57F6F49458.e.4179","ELEMENT":"f.A2D5424C1798EF873635D971557A7B84.d.8FA2C6A7CDE6A9DD2A4FCF57F6F49458.e.4179"}]}
COMMAND: GET /session/3f0cbc1b15a23ece7a350179293e5208/screenshot - {}
RESULT: {}
RESULT: {"script":"<script> [8489 bytes]","args":[{"element-6066-11e4-a52e-4f735466cecf":"f.A2D5424C1798EF873635D971557A7B84.d.8FA2C6A7CDE6A9DD2A4FCF57F6F49458.e.4179","ELEMENT":"f.A2D5424C1798EF873635D971557A7B84.d.8FA2C6A7CDE6A9DD2A4FCF57F6F49458.e.4179"}]}
COMMAND: POST /session/3f0cbc1b15a23ece7a350179293e5208/execute/sync - {"script":"<script> [5351 bytes]","args":[{"element-6066-11e4-a52e-4f735466cecf":"f.A2D5424C1798EF873635D971557A7B84.d.8FA2C6A7CDE6A9DD2A4FCF57F6F49458.e.4179","ELEMENT":"f.A2D5424C1798EF873635D971557A7B84.d.8FA2C6A7CDE6A9DD2A4FCF57F6F49458.e.4179"}]}
COMMAND: GET /session/3f0cbc1b15a23ece7a350179293e5208/screenshot - {}
RESULT: {}
RESULT: {"script":"<script> [5351 bytes]","args":[{"element-6066-11e4-a52e-4f735466cecf":"f.A2D5424C1798EF873635D971557A7B84.d.8FA2C6A7CDE6A9DD2A4FCF57F6F49458.e.4179","ELEMENT":"f.A2D5424C1798EF873635D971557A7B84.d.8FA2C6A7CDE6A9DD2A4FCF57F6F49458.e.4179"}]}
COMMAND: GET /session/3f0cbc1b15a23ece7a350179293e5208/screenshot - {}
RESULT: {}
RESULT: {}
COMMAND: POST /session/3f0cbc1b15a23ece7a350179293e5208/element/f.A2D5424C1798EF873635D971557A7B84.d.8FA2C6A7CDE6A9DD2A4FCF57F6F49458.e.4179/click - {}
RESULT: {}
COMMAND: GET /session/3f0cbc1b15a23ece7a350179293e5208/screenshot - {}
COMMAND: POST /session/3f0cbc1b15a23ece7a350179293e5208/execute/async - {"script":"<script> [1562 bytes]","args":[{"selector":{"id":"application-managecontracts-display-component---AddNewContract--projectDescription","interaction":{"idSuffix":"inner"}},"wdio_ui5_key":"applicationmanagecontracts-display-component---AddNewContract--projectDescription"}]}
RESULT: {}
RESULT: {"script":"<script> [1562 bytes]","args":[{"selector":{"id":"application-managecontracts-display-component---AddNewContract--projectDescription","interaction":{"idSuffix":"inner"}},"wdio_ui5_key":"applicationmanagecontracts-display-component---AddNewContract--projectDescription"}]}
RESULT: undefined
COMMAND: POST /session/3f0cbc1b15a23ece7a350179293e5208/execute/async - {"script":"<script> [776 bytes]","args":[{"enterText":"Contract WDIO","selector":{"id":"application-managecontracts-display-component---AddNewContract--projectDescription","interaction":{"idSuffix":"inner"}},"clearTextFirst":true,"interactionType":"ENTER_TEXT"}]}
RESULT: {"script":"<script> [776 bytes]","args":[{"enterText":"Contract WDIO","selector":{"id":"application-managecontracts-display-component---AddNewContract--projectDescription","interaction":{"idSuffix":"inner"}},"clearTextFirst":true,"interactionType":"ENTER_TEXT"}]}
COMMAND: POST /session/3f0cbc1b15a23ece7a350179293e5208/element - {"using":"xpath","value":"//input[@id=\"application-managecontracts-display-component---AddNewContract--site-inner\"]"}
RESULT: {"using":"xpath","value":"//input[@id=\"application-managecontracts-display-component---AddNewContract--site-inner\"]"}
COMMAND: POST /session/3f0cbc1b15a23ece7a350179293e5208/element/f.A2D5424C1798EF873635D971557A7B84.d.8FA2C6A7CDE6A9DD2A4FCF57F6F49458.e.4540/clear - {}
RESULT: {}
COMMAND: POST /session/3f0cbc1b15a23ece7a350179293e5208/element/f.A2D5424C1798EF873635D971557A7B84.d.8FA2C6A7CDE6A9DD2A4FCF57F6F49458.e.4540/value - {"text":"2247"}
COMMAND: GET /session/3f0cbc1b15a23ece7a350179293e5208/screenshot - {}
RESULT: {"text":"2247"}
COMMAND: GET /session/3f0cbc1b15a23ece7a350179293e5208/screenshot - {}
RESULT: {}
RESULT: {}
COMMAND: POST /session/3f0cbc1b15a23ece7a350179293e5208/element - {"using":"xpath","value":"//li[.//span[text()='2247']]"}
RESULT: {"using":"xpath","value":"//li[.//span[text()='2247']]"}
COMMAND: POST /session/3f0cbc1b15a23ece7a350179293e5208/element/f.A2D5424C1798EF873635D971557A7B84.d.8FA2C6A7CDE6A9DD2A4FCF57F6F49458.e.4570/click - {}
RESULT: {}
COMMAND: GET /session/3f0cbc1b15a23ece7a350179293e5208/screenshot - {}
RESULT: {}
COMMAND: POST /session/3f0cbc1b15a23ece7a350179293e5208/element - {"using":"xpath","value":"//input[@id=\"application-managecontracts-display-component---AddNewContract--yardId-inner\"]"}
RESULT: {"using":"xpath","value":"//input[@id=\"application-managecontracts-display-component---AddNewContract--yardId-inner\"]"}
COMMAND: GET /session/3f0cbc1b15a23ece7a350179293e5208/element/f.A2D5424C1798EF873635D971557A7B84.d.8FA2C6A7CDE6A9DD2A4FCF57F6F49458.e.4541/property/value - {}
RESULT: {}
COMMAND: POST /session/3f0cbc1b15a23ece7a350179293e5208/element - {"using":"xpath","value":"//input[@id=\"application-managecontracts-display-component---AddNewContract--customerSelect-inner\"]"}
COMMAND: GET /session/3f0cbc1b15a23ece7a350179293e5208/screenshot - {}
RESULT: {"using":"xpath","value":"//input[@id=\"application-managecontracts-display-component---AddNewContract--customerSelect-inner\"]"}
COMMAND: POST /session/3f0cbc1b15a23ece7a350179293e5208/element/f.A2D5424C1798EF873635D971557A7B84.d.8FA2C6A7CDE6A9DD2A4FCF57F6F49458.e.4539/clear - {}
RESULT: {}
RESULT: {}
COMMAND: POST /session/3f0cbc1b15a23ece7a350179293e5208/element/f.A2D5424C1798EF873635D971557A7B84.d.8FA2C6A7CDE6A9DD2A4FCF57F6F49458.e.4539/value - {"text":"1295"}
COMMAND: GET /session/3f0cbc1b15a23ece7a350179293e5208/screenshot - {}
RESULT: {"text":"1295"}
COMMAND: GET /session/3f0cbc1b15a23ece7a350179293e5208/screenshot - {}
RESULT: {}
RESULT: {}
COMMAND: POST /session/3f0cbc1b15a23ece7a350179293e5208/element - {"using":"xpath","value":"//li[.//span[text()='1295']]"}
RESULT: {"using":"xpath","value":"//li[.//span[text()='1295']]"}
COMMAND: POST /session/3f0cbc1b15a23ece7a350179293e5208/element/f.A2D5424C1798EF873635D971557A7B84.d.8FA2C6A7CDE6A9DD2A4FCF57F6F49458.e.4573/click - {}
RESULT: {}
COMMAND: GET /session/3f0cbc1b15a23ece7a350179293e5208/screenshot - {}
RESULT: {}
COMMAND: POST /session/3f0cbc1b15a23ece7a350179293e5208/element - {"using":"xpath","value":"//button[@data-kt=\"saveButton\"]"}
RESULT: {"using":"xpath","value":"//button[@data-kt=\"saveButton\"]"}
COMMAND: POST /session/3f0cbc1b15a23ece7a350179293e5208/element/f.A2D5424C1798EF873635D971557A7B84.d.8FA2C6A7CDE6A9DD2A4FCF57F6F49458.e.4574/click - {}
RESULT: {}
COMMAND: GET /session/3f0cbc1b15a23ece7a350179293e5208/screenshot - {}
RESULT: {}
COMMAND: POST /session/3f0cbc1b15a23ece7a350179293e5208/element - {"using":"xpath","value":"//span[contains(@id ,\"contractDetailTitleNoExpanded\")]"}
RESULT: {"using":"xpath","value":"//span[contains(@id ,\"contractDetailTitleNoExpanded\")]"}
COMMAND: POST /session/3f0cbc1b15a23ece7a350179293e5208/elements - {"using":"xpath","value":"//span[contains(@id ,\"contractDetailTitleNoExpanded\")]"}
RESULT: {"using":"xpath","value":"//span[contains(@id ,\"contractDetailTitleNoExpanded\")]"}
COMMAND: POST /session/3f0cbc1b15a23ece7a350179293e5208/execute/sync - {"script":"<script> [56 bytes]","args":[{"element-6066-11e4-a52e-4f735466cecf":"f.A2D5424C1798EF873635D971557A7B84.d.8FA2C6A7CDE6A9DD2A4FCF57F6F49458.e.4645","ELEMENT":"f.A2D5424C1798EF873635D971557A7B84.d.8FA2C6A7CDE6A9DD2A4FCF57F6F49458.e.4645"}]}
RESULT: {"script":"<script> [56 bytes]","args":[{"element-6066-11e4-a52e-4f735466cecf":"f.A2D5424C1798EF873635D971557A7B84.d.8FA2C6A7CDE6A9DD2A4FCF57F6F49458.e.4645","ELEMENT":"f.A2D5424C1798EF873635D971557A7B84.d.8FA2C6A7CDE6A9DD2A4FCF57F6F49458.e.4645"}]}
COMMAND: GET /session/3f0cbc1b15a23ece7a350179293e5208/screenshot - {}
RESULT: {}
]]></system-out>
    </testcase>
    <testcase classname="chrome.136_0_7103_93.windows.Tests_for_Mass_State_Change_on_Manage_States_&amp;_Performances_US104416_US" name="Prereq Should add created equipment to contract but to have the item 2 days earlier" time="64.962">
      <system-out><![CDATA[
COMMAND: POST /session/3f0cbc1b15a23ece7a350179293e5208/element - {"using":"xpath","value":"//button[@data-kt=\"contractDetailEditBtnButton\"]"}
RESULT: {"using":"xpath","value":"//button[@data-kt=\"contractDetailEditBtnButton\"]"}
COMMAND: POST /session/3f0cbc1b15a23ece7a350179293e5208/element/f.A2D5424C1798EF873635D971557A7B84.d.8FA2C6A7CDE6A9DD2A4FCF57F6F49458.e.4647/click - {}
RESULT: {}
COMMAND: GET /session/3f0cbc1b15a23ece7a350179293e5208/screenshot - {}
RESULT: {}
COMMAND: POST /session/3f0cbc1b15a23ece7a350179293e5208/element - {"using":"xpath","value":"(//span[contains(text(), \"Additional Addresses\")])[2]"}
RESULT: {"using":"xpath","value":"(//span[contains(text(), \"Additional Addresses\")])[2]"}
COMMAND: POST /session/3f0cbc1b15a23ece7a350179293e5208/element/f.A2D5424C1798EF873635D971557A7B84.d.8FA2C6A7CDE6A9DD2A4FCF57F6F49458.e.4704/click - {}
RESULT: {}
COMMAND: GET /session/3f0cbc1b15a23ece7a350179293e5208/screenshot - {}
RESULT: {}
COMMAND: POST /session/3f0cbc1b15a23ece7a350179293e5208/element - {"using":"xpath","value":"//button[@data-kt=\"btnAddTableRowOverflowToolbarButton\"]"}
RESULT: {"using":"xpath","value":"//button[@data-kt=\"btnAddTableRowOverflowToolbarButton\"]"}
COMMAND: POST /session/3f0cbc1b15a23ece7a350179293e5208/element/f.A2D5424C1798EF873635D971557A7B84.d.8FA2C6A7CDE6A9DD2A4FCF57F6F49458.e.4706/click - {}
RESULT: {}
COMMAND: GET /session/3f0cbc1b15a23ece7a350179293e5208/screenshot - {}
RESULT: {}
COMMAND: POST /session/3f0cbc1b15a23ece7a350179293e5208/element - {"using":"xpath","value":"//div[(text() = 'Standard Entry' or . = 'Standard Entry')]"}
RESULT: {"using":"xpath","value":"//div[(text() = 'Standard Entry' or . = 'Standard Entry')]"}
COMMAND: POST /session/3f0cbc1b15a23ece7a350179293e5208/element/f.A2D5424C1798EF873635D971557A7B84.d.8FA2C6A7CDE6A9DD2A4FCF57F6F49458.e.4708/click - {}
RESULT: {}
COMMAND: GET /session/3f0cbc1b15a23ece7a350179293e5208/screenshot - {}
RESULT: {}
COMMAND: POST /session/3f0cbc1b15a23ece7a350179293e5208/element - {"using":"xpath","value":"//td[6]/div/div/div/span"}
RESULT: {"using":"xpath","value":"//td[6]/div/div/div/span"}
COMMAND: POST /session/3f0cbc1b15a23ece7a350179293e5208/element/f.A2D5424C1798EF873635D971557A7B84.d.8FA2C6A7CDE6A9DD2A4FCF57F6F49458.e.4720/click - {}
RESULT: {}
COMMAND: GET /session/3f0cbc1b15a23ece7a350179293e5208/screenshot - {}
RESULT: {}
COMMAND: POST /session/3f0cbc1b15a23ece7a350179293e5208/element - {"using":"xpath","value":"(//span[contains(text(), \"Equi Multipart\")])"}
RESULT: {"using":"xpath","value":"(//span[contains(text(), \"Equi Multipart\")])"}
COMMAND: POST /session/3f0cbc1b15a23ece7a350179293e5208/element/f.A2D5424C1798EF873635D971557A7B84.d.8FA2C6A7CDE6A9DD2A4FCF57F6F49458.e.4721/click - {}
RESULT: {}
COMMAND: GET /session/3f0cbc1b15a23ece7a350179293e5208/screenshot - {}
RESULT: {}
COMMAND: POST /session/3f0cbc1b15a23ece7a350179293e5208/element - {"using":"xpath","value":"//td[7]/div/div/input"}
RESULT: {"using":"xpath","value":"//td[7]/div/div/input"}
COMMAND: POST /session/3f0cbc1b15a23ece7a350179293e5208/element/f.A2D5424C1798EF873635D971557A7B84.d.8FA2C6A7CDE6A9DD2A4FCF57F6F49458.e.4725/clear - {}
RESULT: {}
COMMAND: POST /session/3f0cbc1b15a23ece7a350179293e5208/element/f.A2D5424C1798EF873635D971557A7B84.d.8FA2C6A7CDE6A9DD2A4FCF57F6F49458.e.4725/value - {"text":"400041"}
COMMAND: GET /session/3f0cbc1b15a23ece7a350179293e5208/screenshot - {}
RESULT: {"text":"400041"}
COMMAND: GET /session/3f0cbc1b15a23ece7a350179293e5208/screenshot - {}
RESULT: {}
RESULT: {}
COMMAND: POST /session/3f0cbc1b15a23ece7a350179293e5208/actions - {"actions":[{"id":"action14","type":"key","parameters":{},"actions":[{"type":"keyDown","value":"î€‡"},{"type":"pause","duration":10},{"type":"keyUp","value":"î€‡"}]}]}
RESULT: {"actions":[{"id":"action14","type":"key","parameters":{},"actions":[{"type":"keyDown","value":"î€‡"},{"type":"pause","duration":10},{"type":"keyUp","value":"î€‡"}]}]}
COMMAND: GET /session/3f0cbc1b15a23ece7a350179293e5208/screenshot - {}
RESULT: {}
COMMAND: POST /session/3f0cbc1b15a23ece7a350179293e5208/execute/sync - {"script":"<script> [276 bytes]","args":["No pricing information was found"]}
RESULT: {"script":"<script> [276 bytes]","args":["No pricing information was found"]}
COMMAND: POST /session/3f0cbc1b15a23ece7a350179293e5208/element - {"using":"xpath","value":"//bdi[contains(text(), \"OK\")]"}
COMMAND: GET /session/3f0cbc1b15a23ece7a350179293e5208/screenshot - {}
RESULT: {"using":"xpath","value":"//bdi[contains(text(), \"OK\")]"}
COMMAND: POST /session/3f0cbc1b15a23ece7a350179293e5208/element/f.A2D5424C1798EF873635D971557A7B84.d.8FA2C6A7CDE6A9DD2A4FCF57F6F49458.e.4751/click - {}
RESULT: {}
RESULT: {}
COMMAND: GET /session/3f0cbc1b15a23ece7a350179293e5208/screenshot - {}
RESULT: {}
COMMAND: POST /session/3f0cbc1b15a23ece7a350179293e5208/element - {"using":"xpath","value":"//td[19]/div/div/input"}
RESULT: {"using":"xpath","value":"//td[19]/div/div/input"}
COMMAND: POST /session/3f0cbc1b15a23ece7a350179293e5208/element/f.A2D5424C1798EF873635D971557A7B84.d.8FA2C6A7CDE6A9DD2A4FCF57F6F49458.e.4748/clear - {}
RESULT: {}
COMMAND: POST /session/3f0cbc1b15a23ece7a350179293e5208/element/f.A2D5424C1798EF873635D971557A7B84.d.8FA2C6A7CDE6A9DD2A4FCF57F6F49458.e.4748/value - {"text":"5/15/25"}
COMMAND: GET /session/3f0cbc1b15a23ece7a350179293e5208/screenshot - {}
RESULT: {"text":"5/15/25"}
COMMAND: GET /session/3f0cbc1b15a23ece7a350179293e5208/screenshot - {}
RESULT: {}
RESULT: {}
COMMAND: POST /session/3f0cbc1b15a23ece7a350179293e5208/element - {"using":"xpath","value":"(//button[@data-kt=\"saveButton\"])[2]"}
RESULT: {"using":"xpath","value":"(//button[@data-kt=\"saveButton\"])[2]"}
COMMAND: POST /session/3f0cbc1b15a23ece7a350179293e5208/element/f.A2D5424C1798EF873635D971557A7B84.d.8FA2C6A7CDE6A9DD2A4FCF57F6F49458.e.4753/click - {}
RESULT: {}
COMMAND: GET /session/3f0cbc1b15a23ece7a350179293e5208/screenshot - {}
RESULT: {}
COMMAND: POST /session/3f0cbc1b15a23ece7a350179293e5208/execute/sync - {"script":"<script> [276 bytes]","args":["Some contract items are having rental validity exceeding header rental validity"]}
RESULT: {"script":"<script> [276 bytes]","args":["Some contract items are having rental validity exceeding header rental validity"]}
COMMAND: POST /session/3f0cbc1b15a23ece7a350179293e5208/element - {"using":"xpath","value":"//bdi[contains(text(), \"OK\")]"}
COMMAND: GET /session/3f0cbc1b15a23ece7a350179293e5208/screenshot - {}
RESULT: {"using":"xpath","value":"//bdi[contains(text(), \"OK\")]"}
COMMAND: POST /session/3f0cbc1b15a23ece7a350179293e5208/element/f.A2D5424C1798EF873635D971557A7B84.d.8FA2C6A7CDE6A9DD2A4FCF57F6F49458.e.4756/click - {}
RESULT: {}
RESULT: {}
COMMAND: GET /session/3f0cbc1b15a23ece7a350179293e5208/screenshot - {}
RESULT: {}
COMMAND: POST /session/3f0cbc1b15a23ece7a350179293e5208/element - {"using":"xpath","value":"//span[contains(@id ,\"contractItemsSmartTable-header-inner\")]"}
RESULT: {"using":"xpath","value":"//span[contains(@id ,\"contractItemsSmartTable-header-inner\")]"}
COMMAND: POST /session/3f0cbc1b15a23ece7a350179293e5208/elements - {"using":"xpath","value":"//span[contains(@id ,\"contractItemsSmartTable-header-inner\")]"}
RESULT: {"using":"xpath","value":"//span[contains(@id ,\"contractItemsSmartTable-header-inner\")]"}
COMMAND: POST /session/3f0cbc1b15a23ece7a350179293e5208/execute/sync - {"script":"<script> [56 bytes]","args":[{"element-6066-11e4-a52e-4f735466cecf":"f.A2D5424C1798EF873635D971557A7B84.d.8FA2C6A7CDE6A9DD2A4FCF57F6F49458.e.4763","ELEMENT":"f.A2D5424C1798EF873635D971557A7B84.d.8FA2C6A7CDE6A9DD2A4FCF57F6F49458.e.4763"}]}
RESULT: {"script":"<script> [56 bytes]","args":[{"element-6066-11e4-a52e-4f735466cecf":"f.A2D5424C1798EF873635D971557A7B84.d.8FA2C6A7CDE6A9DD2A4FCF57F6F49458.e.4763","ELEMENT":"f.A2D5424C1798EF873635D971557A7B84.d.8FA2C6A7CDE6A9DD2A4FCF57F6F49458.e.4763"}]}
COMMAND: GET /session/3f0cbc1b15a23ece7a350179293e5208/screenshot - {}
]]></system-out>
    </testcase>
    <testcase classname="chrome.136_0_7103_93.windows.Tests_for_Mass_State_Change_on_Manage_States_&amp;_Performances_US104416_US" name="Prereq Should do a provide to site handover for today" time="66.648">
      <system-out><![CDATA[
COMMAND: POST /session/3f0cbc1b15a23ece7a350179293e5208/element - {"using":"xpath","value":"//button[@data-kt=\"provideButton\"]"}
RESULT: {}
RESULT: {"using":"xpath","value":"//button[@data-kt=\"provideButton\"]"}
COMMAND: POST /session/3f0cbc1b15a23ece7a350179293e5208/element/f.A2D5424C1798EF873635D971557A7B84.d.8FA2C6A7CDE6A9DD2A4FCF57F6F49458.e.4765/click - {}
RESULT: {}
COMMAND: GET /session/3f0cbc1b15a23ece7a350179293e5208/screenshot - {}
RESULT: undefined
COMMAND: POST /session/3f0cbc1b15a23ece7a350179293e5208/execute/async - {"script":"<script> [6424 bytes]","args":[{"element-6066-11e4-a52e-4f735466cecf":"f.A2D5424C1798EF873635D971557A7B84.d.8FA2C6A7CDE6A9DD2A4FCF57F6F49458.e.3629"},"setValue",["5/17/25"]]}
RESULT: {}
COMMAND: POST /session/3f0cbc1b15a23ece7a350179293e5208/execute/async - {"script":"<script> [1562 bytes]","args":[{"selector":{"id":"application-managehandovers-display-component---AddNewHO--dueDate","interaction":{"idSuffix":"inner"}},"wdio_ui5_key":"applicationmanagehandovers-display-component---AddNewHO--dueDate"}]}
RESULT: {"script":"<script> [1562 bytes]","args":[{"selector":{"id":"application-managehandovers-display-component---AddNewHO--dueDate","interaction":{"idSuffix":"inner"}},"wdio_ui5_key":"applicationmanagehandovers-display-component---AddNewHO--dueDate"}]}
COMMAND: POST /session/3f0cbc1b15a23ece7a350179293e5208/execute/async - {"script":"<script> [6424 bytes]","args":[{"element-6066-11e4-a52e-4f735466cecf":"f.A2D5424C1798EF873635D971557A7B84.d.8FA2C6A7CDE6A9DD2A4FCF57F6F49458.e.4822"},"setValue",["5/17/25"]]}
RESULT: {"script":"<script> [6424 bytes]","args":[{"element-6066-11e4-a52e-4f735466cecf":"f.A2D5424C1798EF873635D971557A7B84.d.8FA2C6A7CDE6A9DD2A4FCF57F6F49458.e.4822"},"setValue",["5/17/25"]]}
COMMAND: POST /session/3f0cbc1b15a23ece7a350179293e5208/element - {"using":"xpath","value":"//bdi[contains(text(), \"Instructions\")]"}
RESULT: {"using":"xpath","value":"//bdi[contains(text(), \"Instructions\")]"}
COMMAND: POST /session/3f0cbc1b15a23ece7a350179293e5208/element/f.A2D5424C1798EF873635D971557A7B84.d.8FA2C6A7CDE6A9DD2A4FCF57F6F49458.e.5083/click - {}
RESULT: {}
COMMAND: GET /session/3f0cbc1b15a23ece7a350179293e5208/screenshot - {}
RESULT: {}
COMMAND: POST /session/3f0cbc1b15a23ece7a350179293e5208/element - {"using":"xpath","value":"//button[@data-kt=\"AddNewHOProvideAddItemsButton\"]"}
RESULT: {"using":"xpath","value":"//button[@data-kt=\"AddNewHOProvideAddItemsButton\"]"}
COMMAND: POST /session/3f0cbc1b15a23ece7a350179293e5208/element/f.A2D5424C1798EF873635D971557A7B84.d.8FA2C6A7CDE6A9DD2A4FCF57F6F49458.e.5087/click - {}
RESULT: {}
COMMAND: GET /session/3f0cbc1b15a23ece7a350179293e5208/screenshot - {}
RESULT: {}
RESULT: undefined
COMMAND: POST /session/3f0cbc1b15a23ece7a350179293e5208/element - {"using":"xpath","value":"//*[@id=\"application-managehandovers-display-component---AddNewHO--popup-sa\"]"}
RESULT: {"using":"xpath","value":"//*[@id=\"application-managehandovers-display-component---AddNewHO--popup-sa\"]"}
COMMAND: POST /session/3f0cbc1b15a23ece7a350179293e5208/element/f.A2D5424C1798EF873635D971557A7B84.d.8FA2C6A7CDE6A9DD2A4FCF57F6F49458.e.5102/click - {}
RESULT: {}
COMMAND: GET /session/3f0cbc1b15a23ece7a350179293e5208/screenshot - {}
RESULT: {}
COMMAND: POST /session/3f0cbc1b15a23ece7a350179293e5208/element - {"using":"xpath","value":"//*[contains(@id ,\"BDI-content\")][contains(text(), \"Select\")]"}
RESULT: {"using":"xpath","value":"//*[contains(@id ,\"BDI-content\")][contains(text(), \"Select\")]"}
COMMAND: POST /session/3f0cbc1b15a23ece7a350179293e5208/element/f.A2D5424C1798EF873635D971557A7B84.d.8FA2C6A7CDE6A9DD2A4FCF57F6F49458.e.5104/click - {}
RESULT: {}
COMMAND: GET /session/3f0cbc1b15a23ece7a350179293e5208/screenshot - {}
RESULT: {}
COMMAND: POST /session/3f0cbc1b15a23ece7a350179293e5208/execute/async - {"script":"<script> [1562 bytes]","args":[{"selector":{"id":"application-managehandovers-display-component---AddNewHO--confirmCreationButton","interaction":{"idSuffix":"BDI-content"}},"wdio_ui5_key":"applicationmanagehandovers-display-component---AddNewHO--confirmCreationButton"}]}
RESULT: {"script":"<script> [1562 bytes]","args":[{"selector":{"id":"application-managehandovers-display-component---AddNewHO--confirmCreationButton","interaction":{"idSuffix":"BDI-content"}},"wdio_ui5_key":"applicationmanagehandovers-display-component---AddNewHO--confirmCreationButton"}]}
RESULT: undefined
COMMAND: POST /session/3f0cbc1b15a23ece7a350179293e5208/element - {"using":"xpath","value":"//*[@id=\"application-managehandovers-display-component---AddNewHO--confirmCreationButton\"]"}
RESULT: {"using":"xpath","value":"//*[@id=\"application-managehandovers-display-component---AddNewHO--confirmCreationButton\"]"}
COMMAND: POST /session/3f0cbc1b15a23ece7a350179293e5208/element/f.A2D5424C1798EF873635D971557A7B84.d.8FA2C6A7CDE6A9DD2A4FCF57F6F49458.e.4892/click - {}
RESULT: {}
COMMAND: GET /session/3f0cbc1b15a23ece7a350179293e5208/screenshot - {}
RESULT: {}
COMMAND: POST /session/3f0cbc1b15a23ece7a350179293e5208/execute/async - {"script":"<script> [1562 bytes]","args":[{"selector":{"id":"issueDatePicker","viewName":"etm.portal.ui.managehandovers.view.DetailExecuteHO","interaction":{"idSuffix":"inner"}},"wdio_ui5_key":"issueDatePickeretmportal.ui.managehandovers.view.DetailExecuteHO"}]}
RESULT: {"script":"<script> [1562 bytes]","args":[{"selector":{"id":"issueDatePicker","viewName":"etm.portal.ui.managehandovers.view.DetailExecuteHO","interaction":{"idSuffix":"inner"}},"wdio_ui5_key":"issueDatePickeretmportal.ui.managehandovers.view.DetailExecuteHO"}]}
RESULT: undefined
COMMAND: POST /session/3f0cbc1b15a23ece7a350179293e5208/execute/async - {"script":"<script> [776 bytes]","args":[{"enterText":"5/17/25","selector":{"id":"issueDatePicker","viewName":"etm.portal.ui.managehandovers.view.DetailExecuteHO","interaction":{"idSuffix":"inner"}},"clearTextFirst":true,"interactionType":"ENTER_TEXT"}]}
RESULT: {"script":"<script> [776 bytes]","args":[{"enterText":"5/17/25","selector":{"id":"issueDatePicker","viewName":"etm.portal.ui.managehandovers.view.DetailExecuteHO","interaction":{"idSuffix":"inner"}},"clearTextFirst":true,"interactionType":"ENTER_TEXT"}]}
COMMAND: POST /session/3f0cbc1b15a23ece7a350179293e5208/element - {"using":"xpath","value":"//bdi[contains(text(), \"OK\")]"}
RESULT: {"using":"xpath","value":"//bdi[contains(text(), \"OK\")]"}
COMMAND: POST /session/3f0cbc1b15a23ece7a350179293e5208/element/f.A2D5424C1798EF873635D971557A7B84.d.8FA2C6A7CDE6A9DD2A4FCF57F6F49458.e.5148/click - {}
RESULT: {}
COMMAND: GET /session/3f0cbc1b15a23ece7a350179293e5208/screenshot - {}
RESULT: {}
COMMAND: POST /session/3f0cbc1b15a23ece7a350179293e5208/element - {"using":"xpath","value":"//button[@data-kt=\"PickingTableConfirmAllButton\"]"}
RESULT: {"using":"xpath","value":"//button[@data-kt=\"PickingTableConfirmAllButton\"]"}
COMMAND: POST /session/3f0cbc1b15a23ece7a350179293e5208/element/f.A2D5424C1798EF873635D971557A7B84.d.8FA2C6A7CDE6A9DD2A4FCF57F6F49458.e.5155/click - {}
RESULT: {}
COMMAND: GET /session/3f0cbc1b15a23ece7a350179293e5208/screenshot - {}
RESULT: {}
COMMAND: POST /session/3f0cbc1b15a23ece7a350179293e5208/element - {"using":"xpath","value":"//bdi[contains(text(), \"OK\")]"}
RESULT: {"using":"xpath","value":"//bdi[contains(text(), \"OK\")]"}
COMMAND: POST /session/3f0cbc1b15a23ece7a350179293e5208/element/f.A2D5424C1798EF873635D971557A7B84.d.8FA2C6A7CDE6A9DD2A4FCF57F6F49458.e.5159/click - {}
RESULT: {}
COMMAND: GET /session/3f0cbc1b15a23ece7a350179293e5208/screenshot - {}
RESULT: {}
COMMAND: POST /session/3f0cbc1b15a23ece7a350179293e5208/element - {"using":"xpath","value":"//bdi[contains(text(), \"Issue\")]"}
RESULT: {"using":"xpath","value":"//bdi[contains(text(), \"Issue\")]"}
COMMAND: POST /session/3f0cbc1b15a23ece7a350179293e5208/element/f.A2D5424C1798EF873635D971557A7B84.d.8FA2C6A7CDE6A9DD2A4FCF57F6F49458.e.5162/click - {}
RESULT: {}
COMMAND: GET /session/3f0cbc1b15a23ece7a350179293e5208/screenshot - {}
RESULT: {}
COMMAND: POST /session/3f0cbc1b15a23ece7a350179293e5208/element - {"using":"css selector","value":"#shell-header-logo"}
RESULT: {"using":"css selector","value":"#shell-header-logo"}
COMMAND: POST /session/3f0cbc1b15a23ece7a350179293e5208/element/f.A2D5424C1798EF873635D971557A7B84.d.8FA2C6A7CDE6A9DD2A4FCF57F6F49458.e.4133/click - {}
RESULT: {}
COMMAND: GET /session/3f0cbc1b15a23ece7a350179293e5208/screenshot - {}
RESULT: {}
]]></system-out>
    </testcase>
    <testcase classname="chrome.136_0_7103_93.windows.Tests_for_Mass_State_Change_on_Manage_States_&amp;_Performances_US104416_US" name="Should do mass state change on the RU equip multipart 2 days in the future US104416" time="65.388">
      <system-out><![CDATA[
COMMAND: POST /session/3f0cbc1b15a23ece7a350179293e5208/execute/async - {"script":"<script> [1562 bytes]","args":[{"selector":{"controlType":"sap.m.GenericTile","properties":{"header":"Manage States & Performance"}},"wdio_ui5_key":"sapm.GenericTile{\"header\":\"Manage States & Performance\"}"}]}
RESULT: {"script":"<script> [1562 bytes]","args":[{"selector":{"controlType":"sap.m.GenericTile","properties":{"header":"Manage States & Performance"}},"wdio_ui5_key":"sapm.GenericTile{\"header\":\"Manage States & Performance\"}"}]}
RESULT: undefined
COMMAND: POST /session/3f0cbc1b15a23ece7a350179293e5208/element - {"using":"xpath","value":"//*[@id=\"__tile96\"]"}
RESULT: {"using":"xpath","value":"//*[@id=\"__tile96\"]"}
COMMAND: POST /session/3f0cbc1b15a23ece7a350179293e5208/element/f.A2D5424C1798EF873635D971557A7B84.d.8FA2C6A7CDE6A9DD2A4FCF57F6F49458.e.2677/click - {}
RESULT: {}
COMMAND: GET /session/3f0cbc1b15a23ece7a350179293e5208/screenshot - {}
RESULT: {}
COMMAND: POST /session/3f0cbc1b15a23ece7a350179293e5208/elements - {"using":"xpath","value":"//span[text()='Error']"}
RESULT: {"using":"xpath","value":"//span[text()='Error']"}
COMMAND: POST /session/3f0cbc1b15a23ece7a350179293e5208/element - {"using":"xpath","value":"//button[contains(@id, \"btnMassStateChange\")]"}
RESULT: {"using":"xpath","value":"//button[contains(@id, \"btnMassStateChange\")]"}
COMMAND: POST /session/3f0cbc1b15a23ece7a350179293e5208/elements - {"using":"xpath","value":"//button[contains(@id, \"btnMassStateChange\")]"}
RESULT: {"using":"xpath","value":"//button[contains(@id, \"btnMassStateChange\")]"}
COMMAND: POST /session/3f0cbc1b15a23ece7a350179293e5208/execute/sync - {"script":"<script> [8489 bytes]","args":[{"element-6066-11e4-a52e-4f735466cecf":"f.A2D5424C1798EF873635D971557A7B84.d.8FA2C6A7CDE6A9DD2A4FCF57F6F49458.e.5380","ELEMENT":"f.A2D5424C1798EF873635D971557A7B84.d.8FA2C6A7CDE6A9DD2A4FCF57F6F49458.e.5380"}]}
RESULT: {"script":"<script> [8489 bytes]","args":[{"element-6066-11e4-a52e-4f735466cecf":"f.A2D5424C1798EF873635D971557A7B84.d.8FA2C6A7CDE6A9DD2A4FCF57F6F49458.e.5380","ELEMENT":"f.A2D5424C1798EF873635D971557A7B84.d.8FA2C6A7CDE6A9DD2A4FCF57F6F49458.e.5380"}]}
COMMAND: GET /session/3f0cbc1b15a23ece7a350179293e5208/element/f.A2D5424C1798EF873635D971557A7B84.d.8FA2C6A7CDE6A9DD2A4FCF57F6F49458.e.5380/enabled - {}
COMMAND: GET /session/3f0cbc1b15a23ece7a350179293e5208/screenshot - {}
RESULT: {}
COMMAND: POST /session/3f0cbc1b15a23ece7a350179293e5208/execute/sync - {"script":"<script> [8489 bytes]","args":[{"element-6066-11e4-a52e-4f735466cecf":"f.A2D5424C1798EF873635D971557A7B84.d.8FA2C6A7CDE6A9DD2A4FCF57F6F49458.e.5380","ELEMENT":"f.A2D5424C1798EF873635D971557A7B84.d.8FA2C6A7CDE6A9DD2A4FCF57F6F49458.e.5380"}]}
COMMAND: GET /session/3f0cbc1b15a23ece7a350179293e5208/screenshot - {}
RESULT: {}
RESULT: {"script":"<script> [8489 bytes]","args":[{"element-6066-11e4-a52e-4f735466cecf":"f.A2D5424C1798EF873635D971557A7B84.d.8FA2C6A7CDE6A9DD2A4FCF57F6F49458.e.5380","ELEMENT":"f.A2D5424C1798EF873635D971557A7B84.d.8FA2C6A7CDE6A9DD2A4FCF57F6F49458.e.5380"}]}
COMMAND: POST /session/3f0cbc1b15a23ece7a350179293e5208/execute/sync - {"script":"<script> [5351 bytes]","args":[{"element-6066-11e4-a52e-4f735466cecf":"f.A2D5424C1798EF873635D971557A7B84.d.8FA2C6A7CDE6A9DD2A4FCF57F6F49458.e.5380","ELEMENT":"f.A2D5424C1798EF873635D971557A7B84.d.8FA2C6A7CDE6A9DD2A4FCF57F6F49458.e.5380"}]}
COMMAND: GET /session/3f0cbc1b15a23ece7a350179293e5208/screenshot - {}
RESULT: {}
RESULT: {"script":"<script> [5351 bytes]","args":[{"element-6066-11e4-a52e-4f735466cecf":"f.A2D5424C1798EF873635D971557A7B84.d.8FA2C6A7CDE6A9DD2A4FCF57F6F49458.e.5380","ELEMENT":"f.A2D5424C1798EF873635D971557A7B84.d.8FA2C6A7CDE6A9DD2A4FCF57F6F49458.e.5380"}]}
COMMAND: GET /session/3f0cbc1b15a23ece7a350179293e5208/screenshot - {}
RESULT: {}
RESULT: {}
COMMAND: POST /session/3f0cbc1b15a23ece7a350179293e5208/execute/async - {"script":"<script> [1562 bytes]","args":[{"selector":{"controlType":"sap.ui.core.Icon","viewName":"etm.portal.ui.managestatesandperformance.view.Master","viewId":"application-managestatesandperformance-display-component---stateAndPerform","properties":{"src":{"regex":{"source":"chart\\-table\\-view"}}}},"wdio_ui5_key":"etmportal.ui.managestatesandperformance.view.Mastersap.ui.core.Icon{\"src\":{\"regex\":{\"source\":\"chart\\\\-table\\\\-view\"}}}"}]}
RESULT: {"script":"<script> [1562 bytes]","args":[{"selector":{"controlType":"sap.ui.core.Icon","viewName":"etm.portal.ui.managestatesandperformance.view.Master","viewId":"application-managestatesandperformance-display-component---stateAndPerform","properties":{"src":{"regex":{"source":"chart\\-table\\-view"}}}},"wdio_ui5_key":"etmportal.ui.managestatesandperformance.view.Mastersap.ui.core.Icon{\"src\":{\"regex\":{\"source\":\"chart\\\\-table\\\\-view\"}}}"}]}
RESULT: undefined
COMMAND: POST /session/3f0cbc1b15a23ece7a350179293e5208/element - {"using":"xpath","value":"//*[@id=\"__filter61-icon\"]"}
RESULT: {"using":"xpath","value":"//*[@id=\"__filter61-icon\"]"}
COMMAND: POST /session/3f0cbc1b15a23ece7a350179293e5208/element/f.A2D5424C1798EF873635D971557A7B84.d.8FA2C6A7CDE6A9DD2A4FCF57F6F49458.e.5561/click - {}
RESULT: {}
COMMAND: POST /session/3f0cbc1b15a23ece7a350179293e5208/element/f.A2D5424C1798EF873635D971557A7B84.d.8FA2C6A7CDE6A9DD2A4FCF57F6F49458.e.5380/click - {}
COMMAND: GET /session/3f0cbc1b15a23ece7a350179293e5208/screenshot - {}
COMMAND: POST /session/3f0cbc1b15a23ece7a350179293e5208/element - {"using":"xpath","value":"//button[contains(@id, \"btnMassStateChange\")]"}
RESULT: {}
RESULT: {"using":"xpath","value":"//button[contains(@id, \"btnMassStateChange\")]"}
COMMAND: POST /session/3f0cbc1b15a23ece7a350179293e5208/element/f.A2D5424C1798EF873635D971557A7B84.d.8FA2C6A7CDE6A9DD2A4FCF57F6F49458.e.5380/click - {}
COMMAND: POST /session/3f0cbc1b15a23ece7a350179293e5208/element - {"using":"xpath","value":"//button[contains(@id, \"btnMassStateChange\")]"}
RESULT: {"using":"xpath","value":"//button[contains(@id, \"btnMassStateChange\")]"}
COMMAND: POST /session/3f0cbc1b15a23ece7a350179293e5208/element/f.A2D5424C1798EF873635D971557A7B84.d.8FA2C6A7CDE6A9DD2A4FCF57F6F49458.e.5578/click - {}
RESULT: {}
COMMAND: GET /session/3f0cbc1b15a23ece7a350179293e5208/screenshot - {}
RESULT: {}
COMMAND: POST /session/3f0cbc1b15a23ece7a350179293e5208/execute/async - {"script":"<script> [1562 bytes]","args":[{"selector":{"id":"application-managestatesandperformance-display-component---stateAndPerform--smartFilterBarContracts-btnBasicSearch","interaction":{"idSuffix":"I"}},"wdio_ui5_key":"applicationmanagestatesandperformance-display-component---stateAndPerform--smartFilterBarContracts-btnBasicSearch"}]}
RESULT: {"script":"<script> [1562 bytes]","args":[{"selector":{"id":"application-managestatesandperformance-display-component---stateAndPerform--smartFilterBarContracts-btnBasicSearch","interaction":{"idSuffix":"I"}},"wdio_ui5_key":"applicationmanagestatesandperformance-display-component---stateAndPerform--smartFilterBarContracts-btnBasicSearch"}]}
RESULT: undefined
COMMAND: POST /session/3f0cbc1b15a23ece7a350179293e5208/execute/async - {"script":"<script> [776 bytes]","args":[{"enterText":"400041","selector":{"id":"application-managestatesandperformance-display-component---stateAndPerform--smartFilterBarContracts-btnBasicSearch","interaction":{"idSuffix":"I"}},"clearTextFirst":true,"interactionType":"ENTER_TEXT"}]}
RESULT: {"script":"<script> [776 bytes]","args":[{"enterText":"400041","selector":{"id":"application-managestatesandperformance-display-component---stateAndPerform--smartFilterBarContracts-btnBasicSearch","interaction":{"idSuffix":"I"}},"clearTextFirst":true,"interactionType":"ENTER_TEXT"}]}
COMMAND: POST /session/3f0cbc1b15a23ece7a350179293e5208/actions - {"actions":[{"id":"action15","type":"key","parameters":{},"actions":[{"type":"keyDown","value":"î€‡"},{"type":"pause","duration":10},{"type":"keyUp","value":"î€‡"}]}]}
RESULT: {"actions":[{"id":"action15","type":"key","parameters":{},"actions":[{"type":"keyDown","value":"î€‡"},{"type":"pause","duration":10},{"type":"keyUp","value":"î€‡"}]}]}
COMMAND: GET /session/3f0cbc1b15a23ece7a350179293e5208/screenshot - {}
RESULT: {}
COMMAND: POST /session/3f0cbc1b15a23ece7a350179293e5208/element - {"using":"xpath","value":"//span[@id=\"application-managestatesandperformance-display-component---stateAndPerform--stateAndPerformContractItemsSmartTable-header-inner\"]"}
RESULT: {"using":"xpath","value":"//span[@id=\"application-managestatesandperformance-display-component---stateAndPerform--stateAndPerformContractItemsSmartTable-header-inner\"]"}
COMMAND: POST /session/3f0cbc1b15a23ece7a350179293e5208/elements - {"using":"xpath","value":"//span[@id=\"application-managestatesandperformance-display-component---stateAndPerform--stateAndPerformContractItemsSmartTable-header-inner\"]"}
RESULT: {"using":"xpath","value":"//span[@id=\"application-managestatesandperformance-display-component---stateAndPerform--stateAndPerformContractItemsSmartTable-header-inner\"]"}
COMMAND: POST /session/3f0cbc1b15a23ece7a350179293e5208/execute/sync - {"script":"<script> [56 bytes]","args":[{"element-6066-11e4-a52e-4f735466cecf":"f.A2D5424C1798EF873635D971557A7B84.d.8FA2C6A7CDE6A9DD2A4FCF57F6F49458.e.5747","ELEMENT":"f.A2D5424C1798EF873635D971557A7B84.d.8FA2C6A7CDE6A9DD2A4FCF57F6F49458.e.5747"}]}
RESULT: {"script":"<script> [56 bytes]","args":[{"element-6066-11e4-a52e-4f735466cecf":"f.A2D5424C1798EF873635D971557A7B84.d.8FA2C6A7CDE6A9DD2A4FCF57F6F49458.e.5747","ELEMENT":"f.A2D5424C1798EF873635D971557A7B84.d.8FA2C6A7CDE6A9DD2A4FCF57F6F49458.e.5747"}]}
COMMAND: POST /session/3f0cbc1b15a23ece7a350179293e5208/element - {"using":"xpath","value":"//table[contains(@id, \"stateAndPerform--stateAndPerformContractItemsTable-listUl\")]/tbody/tr[1]/td[2]/div/div"}
COMMAND: GET /session/3f0cbc1b15a23ece7a350179293e5208/screenshot - {}
RESULT: {"using":"xpath","value":"//table[contains(@id, \"stateAndPerform--stateAndPerformContractItemsTable-listUl\")]/tbody/tr[1]/td[2]/div/div"}
COMMAND: POST /session/3f0cbc1b15a23ece7a350179293e5208/element/f.A2D5424C1798EF873635D971557A7B84.d.8FA2C6A7CDE6A9DD2A4FCF57F6F49458.e.5748/click - {}
RESULT: {}
RESULT: {}
COMMAND: GET /session/3f0cbc1b15a23ece7a350179293e5208/screenshot - {}
RESULT: {}
COMMAND: POST /session/3f0cbc1b15a23ece7a350179293e5208/element/f.A2D5424C1798EF873635D971557A7B84.d.8FA2C6A7CDE6A9DD2A4FCF57F6F49458.e.5578/click - {}
RESULT: {}
COMMAND: GET /session/3f0cbc1b15a23ece7a350179293e5208/screenshot - {}
RESULT: {}
COMMAND: POST /session/3f0cbc1b15a23ece7a350179293e5208/execute/async - {"script":"<script> [1562 bytes]","args":[{"selector":{"id":"application-managestatesandperformance-display-component---stateAndPerform--ruStateTypes-arrow","searchOpenDialogs":true},"wdio_ui5_key":"applicationmanagestatesandperformance-display-component---stateAndPerform--ruStateTypes-arrow"}]}
RESULT: {"script":"<script> [1562 bytes]","args":[{"selector":{"id":"application-managestatesandperformance-display-component---stateAndPerform--ruStateTypes-arrow","searchOpenDialogs":true},"wdio_ui5_key":"applicationmanagestatesandperformance-display-component---stateAndPerform--ruStateTypes-arrow"}]}
RESULT: undefined
COMMAND: POST /session/3f0cbc1b15a23ece7a350179293e5208/element - {"using":"xpath","value":"//*[@id=\"application-managestatesandperformance-display-component---stateAndPerform--ruStateTypes-arrow\"]"}
RESULT: {"using":"xpath","value":"//*[@id=\"application-managestatesandperformance-display-component---stateAndPerform--ruStateTypes-arrow\"]"}
COMMAND: POST /session/3f0cbc1b15a23ece7a350179293e5208/element/f.A2D5424C1798EF873635D971557A7B84.d.8FA2C6A7CDE6A9DD2A4FCF57F6F49458.e.5757/click - {}
RESULT: {}
COMMAND: GET /session/3f0cbc1b15a23ece7a350179293e5208/screenshot - {}
RESULT: {}
COMMAND: POST /session/3f0cbc1b15a23ece7a350179293e5208/element - {"using":"xpath","value":"//li[.//span[text()=\"defect\"]]"}
RESULT: {"using":"xpath","value":"//li[.//span[text()=\"defect\"]]"}
COMMAND: POST /session/3f0cbc1b15a23ece7a350179293e5208/element/f.A2D5424C1798EF873635D971557A7B84.d.8FA2C6A7CDE6A9DD2A4FCF57F6F49458.e.5758/click - {}
RESULT: {}
COMMAND: GET /session/3f0cbc1b15a23ece7a350179293e5208/screenshot - {}
RESULT: {}
COMMAND: POST /session/3f0cbc1b15a23ece7a350179293e5208/execute/async - {"script":"<script> [1562 bytes]","args":[{"selector":{"id":"application-managestatesandperformance-display-component---stateAndPerform--effectiveDate","searchOpenDialogs":true,"interaction":{"idSuffix":"inner"}},"wdio_ui5_key":"applicationmanagestatesandperformance-display-component---stateAndPerform--effectiveDate"}]}
RESULT: {"script":"<script> [1562 bytes]","args":[{"selector":{"id":"application-managestatesandperformance-display-component---stateAndPerform--effectiveDate","searchOpenDialogs":true,"interaction":{"idSuffix":"inner"}},"wdio_ui5_key":"applicationmanagestatesandperformance-display-component---stateAndPerform--effectiveDate"}]}
RESULT: undefined
COMMAND: POST /session/3f0cbc1b15a23ece7a350179293e5208/execute/async - {"script":"<script> [776 bytes]","args":[{"enterText":"05/20/25","selector":{"id":"application-managestatesandperformance-display-component---stateAndPerform--effectiveDate","searchOpenDialogs":true,"interaction":{"idSuffix":"inner"}},"clearTextFirst":true,"interactionType":"ENTER_TEXT"}]}
RESULT: {"script":"<script> [776 bytes]","args":[{"enterText":"05/20/25","selector":{"id":"application-managestatesandperformance-display-component---stateAndPerform--effectiveDate","searchOpenDialogs":true,"interaction":{"idSuffix":"inner"}},"clearTextFirst":true,"interactionType":"ENTER_TEXT"}]}
COMMAND: POST /session/3f0cbc1b15a23ece7a350179293e5208/element - {"using":"xpath","value":"(//bdi[contains(text(), \"OK\")])[1]"}
RESULT: {"using":"xpath","value":"(//bdi[contains(text(), \"OK\")])[1]"}
COMMAND: POST /session/3f0cbc1b15a23ece7a350179293e5208/element/f.A2D5424C1798EF873635D971557A7B84.d.8FA2C6A7CDE6A9DD2A4FCF57F6F49458.e.5761/click - {}
RESULT: {}
COMMAND: GET /session/3f0cbc1b15a23ece7a350179293e5208/screenshot - {}
RESULT: {}
COMMAND: POST /session/3f0cbc1b15a23ece7a350179293e5208/element - {"using":"xpath","value":"(//bdi[contains(text(), \"OK\")])[2]"}
RESULT: {"using":"xpath","value":"(//bdi[contains(text(), \"OK\")])[2]"}
COMMAND: POST /session/3f0cbc1b15a23ece7a350179293e5208/element/f.A2D5424C1798EF873635D971557A7B84.d.8FA2C6A7CDE6A9DD2A4FCF57F6F49458.e.5766/click - {}
RESULT: {}
COMMAND: GET /session/3f0cbc1b15a23ece7a350179293e5208/screenshot - {}
RESULT: {}
COMMAND: POST /session/3f0cbc1b15a23ece7a350179293e5208/element - {"using":"css selector","value":"#shell-header-logo"}
RESULT: {"using":"css selector","value":"#shell-header-logo"}
COMMAND: POST /session/3f0cbc1b15a23ece7a350179293e5208/element/f.A2D5424C1798EF873635D971557A7B84.d.8FA2C6A7CDE6A9DD2A4FCF57F6F49458.e.5342/click - {}
RESULT: {}
COMMAND: GET /session/3f0cbc1b15a23ece7a350179293e5208/screenshot - {}
RESULT: {}
COMMAND: DELETE /session/3f0cbc1b15a23ece7a350179293e5208 - {}
RESULT: {}
]]></system-out>
    </testcase>
  </testsuite>
</testsuites>