<?xml version="1.0" encoding="UTF-8"?>
<testsuites tests="21" failures="0" errors="0" skipped="0">
  <testsuite timestamp="2025-05-16T05:41:21" time="433.488" tests="3" failures="0" errors="0" skipped="0">
    <properties>
      <property name="specId" value="0" />
      <property name="suiteName" value="Create condition pricing US117289 US134625" />
      <property name="capabilities" value="chrome.136_0_7103_93.windows" />
      <property name="file" value="file:///D:/a/1/s/test/specs/BTS/create-condition-pricing.spec.js" />
    </properties>
    <testcase classname="chrome.136_0_7103_93.windows.Create_condition_pricing_US117289_US134625" name="Should create a new yard used for all following tests" time="129.479">
      <system-out><![CDATA[
COMMAND: POST /session/c666597816bb06b037137736d1e0af6d/window/fullscreen - {}
RESULT: {}
COMMAND: POST /session/c666597816bb06b037137736d1e0af6d/execute/async - {"script":"<script> [1562 bytes]","args":[{"selector":{"controlType":"sap.m.GenericTile","properties":{"header":"Manage Yards"}},"wdio_ui5_key":"sapm.GenericTile{\"header\":\"Manage Yards\"}"}]}
RESULT: {"script":"<script> [1562 bytes]","args":[{"selector":{"controlType":"sap.m.GenericTile","properties":{"header":"Manage Yards"}},"wdio_ui5_key":"sapm.GenericTile{\"header\":\"Manage Yards\"}"}]}
RESULT: undefined
COMMAND: POST /session/c666597816bb06b037137736d1e0af6d/element - {"using":"xpath","value":"//*[@id=\"__tile41\"]"}
RESULT: {"using":"xpath","value":"//*[@id=\"__tile41\"]"}
COMMAND: POST /session/c666597816bb06b037137736d1e0af6d/element/f.E67777013E942907EFF236C95151777C.d.5976702A2FB29832001652D9F0FEB288.e.165/click - {}
RESULT: {}
COMMAND: GET /session/c666597816bb06b037137736d1e0af6d/screenshot - {}
RESULT: {}
COMMAND: POST /session/c666597816bb06b037137736d1e0af6d/elements - {"using":"xpath","value":"//span[text()='Error']"}
RESULT: {"using":"xpath","value":"//span[text()='Error']"}
COMMAND: POST /session/c666597816bb06b037137736d1e0af6d/element - {"using":"xpath","value":"//button[@data-kt=\"addNewYardOverflowToolbarButton\"]"}
RESULT: {"using":"xpath","value":"//button[@data-kt=\"addNewYardOverflowToolbarButton\"]"}
COMMAND: POST /session/c666597816bb06b037137736d1e0af6d/elements - {"using":"xpath","value":"//button[@data-kt=\"addNewYardOverflowToolbarButton\"]"}
RESULT: {"using":"xpath","value":"//button[@data-kt=\"addNewYardOverflowToolbarButton\"]"}
COMMAND: POST /session/c666597816bb06b037137736d1e0af6d/elements - {"using":"xpath","value":"//button[@data-kt=\"addNewYardOverflowToolbarButton\"]"}
RESULT: {"using":"xpath","value":"//button[@data-kt=\"addNewYardOverflowToolbarButton\"]"}
COMMAND: POST /session/c666597816bb06b037137736d1e0af6d/elements - {"using":"xpath","value":"//button[@data-kt=\"addNewYardOverflowToolbarButton\"]"}
RESULT: {"using":"xpath","value":"//button[@data-kt=\"addNewYardOverflowToolbarButton\"]"}
COMMAND: POST /session/c666597816bb06b037137736d1e0af6d/elements - {"using":"xpath","value":"//button[@data-kt=\"addNewYardOverflowToolbarButton\"]"}
RESULT: {"using":"xpath","value":"//button[@data-kt=\"addNewYardOverflowToolbarButton\"]"}
COMMAND: POST /session/c666597816bb06b037137736d1e0af6d/elements - {"using":"xpath","value":"//button[@data-kt=\"addNewYardOverflowToolbarButton\"]"}
RESULT: {"using":"xpath","value":"//button[@data-kt=\"addNewYardOverflowToolbarButton\"]"}
COMMAND: POST /session/c666597816bb06b037137736d1e0af6d/elements - {"using":"xpath","value":"//button[@data-kt=\"addNewYardOverflowToolbarButton\"]"}
RESULT: {"using":"xpath","value":"//button[@data-kt=\"addNewYardOverflowToolbarButton\"]"}
COMMAND: POST /session/c666597816bb06b037137736d1e0af6d/elements - {"using":"xpath","value":"//button[@data-kt=\"addNewYardOverflowToolbarButton\"]"}
RESULT: {"using":"xpath","value":"//button[@data-kt=\"addNewYardOverflowToolbarButton\"]"}
COMMAND: POST /session/c666597816bb06b037137736d1e0af6d/elements - {"using":"xpath","value":"//button[@data-kt=\"addNewYardOverflowToolbarButton\"]"}
RESULT: {"using":"xpath","value":"//button[@data-kt=\"addNewYardOverflowToolbarButton\"]"}
COMMAND: POST /session/c666597816bb06b037137736d1e0af6d/elements - {"using":"xpath","value":"//button[@data-kt=\"addNewYardOverflowToolbarButton\"]"}
RESULT: {"using":"xpath","value":"//button[@data-kt=\"addNewYardOverflowToolbarButton\"]"}
COMMAND: POST /session/c666597816bb06b037137736d1e0af6d/elements - {"using":"xpath","value":"//button[@data-kt=\"addNewYardOverflowToolbarButton\"]"}
RESULT: {"using":"xpath","value":"//button[@data-kt=\"addNewYardOverflowToolbarButton\"]"}
COMMAND: POST /session/c666597816bb06b037137736d1e0af6d/elements - {"using":"xpath","value":"//button[@data-kt=\"addNewYardOverflowToolbarButton\"]"}
RESULT: {"using":"xpath","value":"//button[@data-kt=\"addNewYardOverflowToolbarButton\"]"}
COMMAND: POST /session/c666597816bb06b037137736d1e0af6d/elements - {"using":"xpath","value":"//button[@data-kt=\"addNewYardOverflowToolbarButton\"]"}
RESULT: {"using":"xpath","value":"//button[@data-kt=\"addNewYardOverflowToolbarButton\"]"}
COMMAND: POST /session/c666597816bb06b037137736d1e0af6d/element - {"using":"xpath","value":"//button[@data-kt=\"addNewYardOverflowToolbarButton\"]"}
RESULT: {"using":"xpath","value":"//button[@data-kt=\"addNewYardOverflowToolbarButton\"]"}
COMMAND: POST /session/c666597816bb06b037137736d1e0af6d/execute/sync - {"script":"<script> [8489 bytes]","args":[{"element-6066-11e4-a52e-4f735466cecf":"f.E67777013E942907EFF236C95151777C.d.5976702A2FB29832001652D9F0FEB288.e.294","ELEMENT":"f.E67777013E942907EFF236C95151777C.d.5976702A2FB29832001652D9F0FEB288.e.294"}]}
RESULT: {"script":"<script> [8489 bytes]","args":[{"element-6066-11e4-a52e-4f735466cecf":"f.E67777013E942907EFF236C95151777C.d.5976702A2FB29832001652D9F0FEB288.e.294","ELEMENT":"f.E67777013E942907EFF236C95151777C.d.5976702A2FB29832001652D9F0FEB288.e.294"}]}
COMMAND: GET /session/c666597816bb06b037137736d1e0af6d/element/f.E67777013E942907EFF236C95151777C.d.5976702A2FB29832001652D9F0FEB288.e.294/enabled - {}
COMMAND: GET /session/c666597816bb06b037137736d1e0af6d/screenshot - {}
RESULT: {}
COMMAND: POST /session/c666597816bb06b037137736d1e0af6d/execute/sync - {"script":"<script> [8489 bytes]","args":[{"element-6066-11e4-a52e-4f735466cecf":"f.E67777013E942907EFF236C95151777C.d.5976702A2FB29832001652D9F0FEB288.e.294","ELEMENT":"f.E67777013E942907EFF236C95151777C.d.5976702A2FB29832001652D9F0FEB288.e.294"}]}
COMMAND: GET /session/c666597816bb06b037137736d1e0af6d/screenshot - {}
RESULT: {}
RESULT: {"script":"<script> [8489 bytes]","args":[{"element-6066-11e4-a52e-4f735466cecf":"f.E67777013E942907EFF236C95151777C.d.5976702A2FB29832001652D9F0FEB288.e.294","ELEMENT":"f.E67777013E942907EFF236C95151777C.d.5976702A2FB29832001652D9F0FEB288.e.294"}]}
COMMAND: POST /session/c666597816bb06b037137736d1e0af6d/execute/sync - {"script":"<script> [5351 bytes]","args":[{"element-6066-11e4-a52e-4f735466cecf":"f.E67777013E942907EFF236C95151777C.d.5976702A2FB29832001652D9F0FEB288.e.294","ELEMENT":"f.E67777013E942907EFF236C95151777C.d.5976702A2FB29832001652D9F0FEB288.e.294"}]}
COMMAND: GET /session/c666597816bb06b037137736d1e0af6d/screenshot - {}
RESULT: {}
RESULT: {"script":"<script> [5351 bytes]","args":[{"element-6066-11e4-a52e-4f735466cecf":"f.E67777013E942907EFF236C95151777C.d.5976702A2FB29832001652D9F0FEB288.e.294","ELEMENT":"f.E67777013E942907EFF236C95151777C.d.5976702A2FB29832001652D9F0FEB288.e.294"}]}
COMMAND: POST /session/c666597816bb06b037137736d1e0af6d/element/f.E67777013E942907EFF236C95151777C.d.5976702A2FB29832001652D9F0FEB288.e.294/click - {}
COMMAND: GET /session/c666597816bb06b037137736d1e0af6d/screenshot - {}
RESULT: {}
RESULT: {}
COMMAND: GET /session/c666597816bb06b037137736d1e0af6d/screenshot - {}
RESULT: {}
RESULT: {}
COMMAND: POST /session/c666597816bb06b037137736d1e0af6d/element - {"using":"xpath","value":"//input[@id=\"application-manageyards-display-component---NewYard--yardId-inner\"]"}
RESULT: {"using":"xpath","value":"//input[@id=\"application-manageyards-display-component---NewYard--yardId-inner\"]"}
COMMAND: POST /session/c666597816bb06b037137736d1e0af6d/element - {"using":"xpath","value":"//input[@id=\"application-manageyards-display-component---NewYard--yardId-inner\"]"}
RESULT: {"using":"xpath","value":"//input[@id=\"application-manageyards-display-component---NewYard--yardId-inner\"]"}
COMMAND: POST /session/c666597816bb06b037137736d1e0af6d/execute/async - {"script":"<script> [1562 bytes]","args":[{"selector":{"id":"application-manageyards-display-component---NewYard--addressDetailDetailsName1","interaction":{"idSuffix":"inner"}},"wdio_ui5_key":"applicationmanageyards-display-component---NewYard--addressDetailDetailsName1"}]}
RESULT: {"script":"<script> [1562 bytes]","args":[{"selector":{"id":"application-manageyards-display-component---NewYard--addressDetailDetailsName1","interaction":{"idSuffix":"inner"}},"wdio_ui5_key":"applicationmanageyards-display-component---NewYard--addressDetailDetailsName1"}]}
RESULT: undefined
COMMAND: POST /session/c666597816bb06b037137736d1e0af6d/execute/async - {"script":"<script> [776 bytes]","args":[{"enterText":"DailyPrice WDIO","selector":{"id":"application-manageyards-display-component---NewYard--addressDetailDetailsName1","interaction":{"idSuffix":"inner"}},"clearTextFirst":true,"interactionType":"ENTER_TEXT"}]}
RESULT: {"script":"<script> [776 bytes]","args":[{"enterText":"DailyPrice WDIO","selector":{"id":"application-manageyards-display-component---NewYard--addressDetailDetailsName1","interaction":{"idSuffix":"inner"}},"clearTextFirst":true,"interactionType":"ENTER_TEXT"}]}
COMMAND: POST /session/c666597816bb06b037137736d1e0af6d/execute/async - {"script":"<script> [1562 bytes]","args":[{"selector":{"id":"application-manageyards-display-component---NewYard--addressDetailDetailsLanguage-arrow"},"wdio_ui5_key":"applicationmanageyards-display-component---NewYard--addressDetailDetailsLanguage-arrow"}]}
RESULT: {"script":"<script> [1562 bytes]","args":[{"selector":{"id":"application-manageyards-display-component---NewYard--addressDetailDetailsLanguage-arrow"},"wdio_ui5_key":"applicationmanageyards-display-component---NewYard--addressDetailDetailsLanguage-arrow"}]}
RESULT: undefined
COMMAND: POST /session/c666597816bb06b037137736d1e0af6d/element - {"using":"xpath","value":"//*[@id=\"application-manageyards-display-component---NewYard--addressDetailDetailsLanguage-arrow\"]"}
RESULT: {"using":"xpath","value":"//*[@id=\"application-manageyards-display-component---NewYard--addressDetailDetailsLanguage-arrow\"]"}
COMMAND: POST /session/c666597816bb06b037137736d1e0af6d/element/f.E67777013E942907EFF236C95151777C.d.5976702A2FB29832001652D9F0FEB288.e.561/click - {}
RESULT: {}
COMMAND: POST /session/c666597816bb06b037137736d1e0af6d/element - {"using":"xpath","value":"//span[contains(text(), \"English\")]"}
COMMAND: GET /session/c666597816bb06b037137736d1e0af6d/screenshot - {}
RESULT: {"using":"xpath","value":"//span[contains(text(), \"English\")]"}
COMMAND: POST /session/c666597816bb06b037137736d1e0af6d/element/f.E67777013E942907EFF236C95151777C.d.5976702A2FB29832001652D9F0FEB288.e.562/click - {}
RESULT: {}
RESULT: {}
COMMAND: POST /session/c666597816bb06b037137736d1e0af6d/execute/async - {"script":"<script> [1562 bytes]","args":[{"selector":{"id":"application-manageyards-display-component---NewYard--addressDetailDetailsCity1","interaction":{"idSuffix":"inner"}},"wdio_ui5_key":"applicationmanageyards-display-component---NewYard--addressDetailDetailsCity1"}]}
COMMAND: GET /session/c666597816bb06b037137736d1e0af6d/screenshot - {}
RESULT: {"script":"<script> [1562 bytes]","args":[{"selector":{"id":"application-manageyards-display-component---NewYard--addressDetailDetailsCity1","interaction":{"idSuffix":"inner"}},"wdio_ui5_key":"applicationmanageyards-display-component---NewYard--addressDetailDetailsCity1"}]}
RESULT: undefined
COMMAND: POST /session/c666597816bb06b037137736d1e0af6d/execute/async - {"script":"<script> [776 bytes]","args":[{"enterText":"Rosario","selector":{"id":"application-manageyards-display-component---NewYard--addressDetailDetailsCity1","interaction":{"idSuffix":"inner"}},"clearTextFirst":true,"interactionType":"ENTER_TEXT"}]}
RESULT: {}
RESULT: {"script":"<script> [776 bytes]","args":[{"enterText":"Rosario","selector":{"id":"application-manageyards-display-component---NewYard--addressDetailDetailsCity1","interaction":{"idSuffix":"inner"}},"clearTextFirst":true,"interactionType":"ENTER_TEXT"}]}
COMMAND: POST /session/c666597816bb06b037137736d1e0af6d/execute/async - {"script":"<script> [1562 bytes]","args":[{"selector":{"id":"application-manageyards-display-component---NewYard--addressDetailDetailsCountry-arrow"},"wdio_ui5_key":"applicationmanageyards-display-component---NewYard--addressDetailDetailsCountry-arrow"}]}
RESULT: {"script":"<script> [1562 bytes]","args":[{"selector":{"id":"application-manageyards-display-component---NewYard--addressDetailDetailsCountry-arrow"},"wdio_ui5_key":"applicationmanageyards-display-component---NewYard--addressDetailDetailsCountry-arrow"}]}
RESULT: undefined
COMMAND: POST /session/c666597816bb06b037137736d1e0af6d/element - {"using":"xpath","value":"//*[@id=\"application-manageyards-display-component---NewYard--addressDetailDetailsCountry-arrow\"]"}
RESULT: {"using":"xpath","value":"//*[@id=\"application-manageyards-display-component---NewYard--addressDetailDetailsCountry-arrow\"]"}
COMMAND: POST /session/c666597816bb06b037137736d1e0af6d/element/f.E67777013E942907EFF236C95151777C.d.5976702A2FB29832001652D9F0FEB288.e.564/click - {}
RESULT: {}
COMMAND: POST /session/c666597816bb06b037137736d1e0af6d/element - {"using":"xpath","value":"//span[contains(text(), \"Argentina\")]"}
COMMAND: GET /session/c666597816bb06b037137736d1e0af6d/screenshot - {}
RESULT: {"using":"xpath","value":"//span[contains(text(), \"Argentina\")]"}
COMMAND: POST /session/c666597816bb06b037137736d1e0af6d/element/f.E67777013E942907EFF236C95151777C.d.5976702A2FB29832001652D9F0FEB288.e.565/click - {}
RESULT: {}
RESULT: {}
COMMAND: POST /session/c666597816bb06b037137736d1e0af6d/execute/async - {"script":"<script> [1562 bytes]","args":[{"selector":{"id":"application-manageyards-display-component---NewYard--addressEditDetailsCostObjectCstType-arrow"},"wdio_ui5_key":"applicationmanageyards-display-component---NewYard--addressEditDetailsCostObjectCstType-arrow"}]}
COMMAND: GET /session/c666597816bb06b037137736d1e0af6d/screenshot - {}
RESULT: {"script":"<script> [1562 bytes]","args":[{"selector":{"id":"application-manageyards-display-component---NewYard--addressEditDetailsCostObjectCstType-arrow"},"wdio_ui5_key":"applicationmanageyards-display-component---NewYard--addressEditDetailsCostObjectCstType-arrow"}]}
RESULT: undefined
COMMAND: POST /session/c666597816bb06b037137736d1e0af6d/element - {"using":"xpath","value":"//*[@id=\"application-manageyards-display-component---NewYard--addressEditDetailsCostObjectCstType-arrow\"]"}
RESULT: {}
RESULT: {"using":"xpath","value":"//*[@id=\"application-manageyards-display-component---NewYard--addressEditDetailsCostObjectCstType-arrow\"]"}
COMMAND: POST /session/c666597816bb06b037137736d1e0af6d/element/f.E67777013E942907EFF236C95151777C.d.5976702A2FB29832001652D9F0FEB288.e.567/click - {}
RESULT: {}
COMMAND: POST /session/c666597816bb06b037137736d1e0af6d/element - {"using":"xpath","value":"//span[contains(text(), \"Cost Center\")]"}
COMMAND: GET /session/c666597816bb06b037137736d1e0af6d/screenshot - {}
RESULT: {"using":"xpath","value":"//span[contains(text(), \"Cost Center\")]"}
COMMAND: POST /session/c666597816bb06b037137736d1e0af6d/element/f.E67777013E942907EFF236C95151777C.d.5976702A2FB29832001652D9F0FEB288.e.568/click - {}
RESULT: {}
RESULT: {}
COMMAND: GET /session/c666597816bb06b037137736d1e0af6d/screenshot - {}
RESULT: {}
COMMAND: POST /session/c666597816bb06b037137736d1e0af6d/element - {"using":"xpath","value":"//span[@id=\"application-manageyards-display-component---NewYard--addressNewCostObjectCstID-vhi\"]"}
RESULT: {"using":"xpath","value":"//span[@id=\"application-manageyards-display-component---NewYard--addressNewCostObjectCstID-vhi\"]"}
COMMAND: POST /session/c666597816bb06b037137736d1e0af6d/execute/sync - {"script":"<script> [8489 bytes]","args":[{"element-6066-11e4-a52e-4f735466cecf":"f.E67777013E942907EFF236C95151777C.d.5976702A2FB29832001652D9F0FEB288.e.572","ELEMENT":"f.E67777013E942907EFF236C95151777C.d.5976702A2FB29832001652D9F0FEB288.e.572"}]}
RESULT: {"script":"<script> [8489 bytes]","args":[{"element-6066-11e4-a52e-4f735466cecf":"f.E67777013E942907EFF236C95151777C.d.5976702A2FB29832001652D9F0FEB288.e.572","ELEMENT":"f.E67777013E942907EFF236C95151777C.d.5976702A2FB29832001652D9F0FEB288.e.572"}]}
COMMAND: POST /session/c666597816bb06b037137736d1e0af6d/execute/async - {"script":"<script> [1562 bytes]","args":[{"selector":{"id":"application-manageyards-display-component---NewYard--addressNewCostObjectCstID-vhi"},"wdio_ui5_key":"applicationmanageyards-display-component---NewYard--addressNewCostObjectCstID-vhi"}]}
COMMAND: GET /session/c666597816bb06b037137736d1e0af6d/screenshot - {}
RESULT: {"script":"<script> [1562 bytes]","args":[{"selector":{"id":"application-manageyards-display-component---NewYard--addressNewCostObjectCstID-vhi"},"wdio_ui5_key":"applicationmanageyards-display-component---NewYard--addressNewCostObjectCstID-vhi"}]}
RESULT: undefined
COMMAND: POST /session/c666597816bb06b037137736d1e0af6d/element - {"using":"xpath","value":"//*[@id=\"application-manageyards-display-component---NewYard--addressNewCostObjectCstID-vhi\"]"}
RESULT: {}
RESULT: {"using":"xpath","value":"//*[@id=\"application-manageyards-display-component---NewYard--addressNewCostObjectCstID-vhi\"]"}
COMMAND: POST /session/c666597816bb06b037137736d1e0af6d/element/f.E67777013E942907EFF236C95151777C.d.5976702A2FB29832001652D9F0FEB288.e.572/click - {}
RESULT: {}
COMMAND: GET /session/c666597816bb06b037137736d1e0af6d/screenshot - {}
RESULT: {}
COMMAND: POST /session/c666597816bb06b037137736d1e0af6d/execute/async - {"script":"<script> [1562 bytes]","args":[{"selector":{"controlType":"sap.m.SearchField","properties":{"placeholder":"Search"},"searchOpenDialogs":true,"interaction":{"idSuffix":"I"}},"wdio_ui5_key":"sapm.SearchField{\"placeholder\":\"Search\"}"}]}
RESULT: {"script":"<script> [1562 bytes]","args":[{"selector":{"controlType":"sap.m.SearchField","properties":{"placeholder":"Search"},"searchOpenDialogs":true,"interaction":{"idSuffix":"I"}},"wdio_ui5_key":"sapm.SearchField{\"placeholder\":\"Search\"}"}]}
RESULT: undefined
COMMAND: POST /session/c666597816bb06b037137736d1e0af6d/execute/async - {"script":"<script> [776 bytes]","args":[{"enterText":"bauh_b","selector":{"controlType":"sap.m.SearchField","properties":{"placeholder":"Search"},"searchOpenDialogs":true,"interaction":{"idSuffix":"I"}},"clearTextFirst":true,"interactionType":"ENTER_TEXT"}]}
RESULT: {"script":"<script> [776 bytes]","args":[{"enterText":"bauh_b","selector":{"controlType":"sap.m.SearchField","properties":{"placeholder":"Search"},"searchOpenDialogs":true,"interaction":{"idSuffix":"I"}},"clearTextFirst":true,"interactionType":"ENTER_TEXT"}]}
COMMAND: POST /session/c666597816bb06b037137736d1e0af6d/actions - {"actions":[{"id":"action1","type":"key","parameters":{},"actions":[{"type":"keyDown","value":"î€‡"},{"type":"pause","duration":10},{"type":"keyUp","value":"î€‡"}]}]}
RESULT: {"actions":[{"id":"action1","type":"key","parameters":{},"actions":[{"type":"keyDown","value":"î€‡"},{"type":"pause","duration":10},{"type":"keyUp","value":"î€‡"}]}]}
COMMAND: GET /session/c666597816bb06b037137736d1e0af6d/screenshot - {}
RESULT: {}
COMMAND: POST /session/c666597816bb06b037137736d1e0af6d/element - {"using":"xpath","value":"//span[contains(text(), \"Demo Yard\")]"}
RESULT: {"using":"xpath","value":"//span[contains(text(), \"Demo Yard\")]"}
COMMAND: POST /session/c666597816bb06b037137736d1e0af6d/element/f.E67777013E942907EFF236C95151777C.d.5976702A2FB29832001652D9F0FEB288.e.614/click - {}
RESULT: {}
COMMAND: GET /session/c666597816bb06b037137736d1e0af6d/screenshot - {}
RESULT: {}
COMMAND: POST /session/c666597816bb06b037137736d1e0af6d/element - {"using":"xpath","value":"//bdi[contains(text(), \"OK\")]"}
RESULT: {"using":"xpath","value":"//bdi[contains(text(), \"OK\")]"}
COMMAND: POST /session/c666597816bb06b037137736d1e0af6d/element/f.E67777013E942907EFF236C95151777C.d.5976702A2FB29832001652D9F0FEB288.e.615/click - {}
RESULT: {}
COMMAND: GET /session/c666597816bb06b037137736d1e0af6d/screenshot - {}
RESULT: {}
COMMAND: POST /session/c666597816bb06b037137736d1e0af6d/execute/async - {"script":"<script> [1562 bytes]","args":[{"selector":{"id":"application-manageyards-display-component---NewYard--addressEditDetailsCurrency-arrow"},"wdio_ui5_key":"applicationmanageyards-display-component---NewYard--addressEditDetailsCurrency-arrow"}]}
RESULT: {"script":"<script> [1562 bytes]","args":[{"selector":{"id":"application-manageyards-display-component---NewYard--addressEditDetailsCurrency-arrow"},"wdio_ui5_key":"applicationmanageyards-display-component---NewYard--addressEditDetailsCurrency-arrow"}]}
RESULT: undefined
COMMAND: POST /session/c666597816bb06b037137736d1e0af6d/element - {"using":"xpath","value":"//*[@id=\"application-manageyards-display-component---NewYard--addressEditDetailsCurrency-arrow\"]"}
RESULT: {"using":"xpath","value":"//*[@id=\"application-manageyards-display-component---NewYard--addressEditDetailsCurrency-arrow\"]"}
COMMAND: POST /session/c666597816bb06b037137736d1e0af6d/element/f.E67777013E942907EFF236C95151777C.d.5976702A2FB29832001652D9F0FEB288.e.618/click - {}
RESULT: {}
COMMAND: POST /session/c666597816bb06b037137736d1e0af6d/element - {"using":"xpath","value":"//span[contains(text(), \"Euro\")]"}
COMMAND: GET /session/c666597816bb06b037137736d1e0af6d/screenshot - {}
RESULT: {}
RESULT: {"using":"xpath","value":"//span[contains(text(), \"Euro\")]"}
COMMAND: POST /session/c666597816bb06b037137736d1e0af6d/element/f.E67777013E942907EFF236C95151777C.d.5976702A2FB29832001652D9F0FEB288.e.619/click - {}
RESULT: {}
COMMAND: POST /session/c666597816bb06b037137736d1e0af6d/execute/async - {"script":"<script> [1562 bytes]","args":[{"selector":{"controlType":"sap.m.Input","viewName":"etm.portal.ui.manageyards.view.New","viewId":"application-manageyards-display-component---NewYard","bindingPath":{"path":"","propertyPath":"/CONTROLLING_AREA","modelName":"NewYardModel"},"interaction":{"idSuffix":"inner"}},"wdio_ui5_key":"etmportal.ui.manageyards.view.Newsap.m.Input{\"path\":\"\",\"propertyPath\":\"/CONTROLLING_AREA\",\"modelName\":\"NewYardModel\"}"}]}
COMMAND: GET /session/c666597816bb06b037137736d1e0af6d/screenshot - {}
RESULT: {"script":"<script> [1562 bytes]","args":[{"selector":{"controlType":"sap.m.Input","viewName":"etm.portal.ui.manageyards.view.New","viewId":"application-manageyards-display-component---NewYard","bindingPath":{"path":"","propertyPath":"/CONTROLLING_AREA","modelName":"NewYardModel"},"interaction":{"idSuffix":"inner"}},"wdio_ui5_key":"etmportal.ui.manageyards.view.Newsap.m.Input{\"path\":\"\",\"propertyPath\":\"/CONTROLLING_AREA\",\"modelName\":\"NewYardModel\"}"}]}
RESULT: undefined
COMMAND: POST /session/c666597816bb06b037137736d1e0af6d/execute/async - {"script":"<script> [776 bytes]","args":[{"enterText":"Z001","selector":{"controlType":"sap.m.Input","viewName":"etm.portal.ui.manageyards.view.New","viewId":"application-manageyards-display-component---NewYard","bindingPath":{"path":"","propertyPath":"/CONTROLLING_AREA","modelName":"NewYardModel"},"interaction":{"idSuffix":"inner"}},"clearTextFirst":true,"interactionType":"ENTER_TEXT"}]}
RESULT: {}
RESULT: {"script":"<script> [776 bytes]","args":[{"enterText":"Z001","selector":{"controlType":"sap.m.Input","viewName":"etm.portal.ui.manageyards.view.New","viewId":"application-manageyards-display-component---NewYard","bindingPath":{"path":"","propertyPath":"/CONTROLLING_AREA","modelName":"NewYardModel"},"interaction":{"idSuffix":"inner"}},"clearTextFirst":true,"interactionType":"ENTER_TEXT"}]}
COMMAND: POST /session/c666597816bb06b037137736d1e0af6d/execute/async - {"script":"<script> [1562 bytes]","args":[{"selector":{"id":"application-manageyards-display-component---NewYard--companyCodeComboBox","interaction":{"idSuffix":"inner"}},"wdio_ui5_key":"applicationmanageyards-display-component---NewYard--companyCodeComboBox"}]}
RESULT: {"script":"<script> [1562 bytes]","args":[{"selector":{"id":"application-manageyards-display-component---NewYard--companyCodeComboBox","interaction":{"idSuffix":"inner"}},"wdio_ui5_key":"applicationmanageyards-display-component---NewYard--companyCodeComboBox"}]}
RESULT: undefined
COMMAND: POST /session/c666597816bb06b037137736d1e0af6d/execute/async - {"script":"<script> [776 bytes]","args":[{"enterText":"1000","selector":{"id":"application-manageyards-display-component---NewYard--companyCodeComboBox","interaction":{"idSuffix":"inner"}},"clearTextFirst":true,"interactionType":"ENTER_TEXT"}]}
RESULT: {"script":"<script> [776 bytes]","args":[{"enterText":"1000","selector":{"id":"application-manageyards-display-component---NewYard--companyCodeComboBox","interaction":{"idSuffix":"inner"}},"clearTextFirst":true,"interactionType":"ENTER_TEXT"}]}
COMMAND: POST /session/c666597816bb06b037137736d1e0af6d/execute/async - {"script":"<script> [1562 bytes]","args":[{"selector":{"controlType":"sap.m.Input","viewName":"etm.portal.ui.manageyards.view.New","viewId":"application-manageyards-display-component---NewYard","bindingPath":{"path":"","propertyPath":"/PLANT","modelName":"NewYardModel"},"interaction":{"idSuffix":"inner"}},"wdio_ui5_key":"etmportal.ui.manageyards.view.Newsap.m.Input{\"path\":\"\",\"propertyPath\":\"/PLANT\",\"modelName\":\"NewYardModel\"}"}]}
RESULT: {"script":"<script> [1562 bytes]","args":[{"selector":{"controlType":"sap.m.Input","viewName":"etm.portal.ui.manageyards.view.New","viewId":"application-manageyards-display-component---NewYard","bindingPath":{"path":"","propertyPath":"/PLANT","modelName":"NewYardModel"},"interaction":{"idSuffix":"inner"}},"wdio_ui5_key":"etmportal.ui.manageyards.view.Newsap.m.Input{\"path\":\"\",\"propertyPath\":\"/PLANT\",\"modelName\":\"NewYardModel\"}"}]}
RESULT: undefined
COMMAND: POST /session/c666597816bb06b037137736d1e0af6d/execute/async - {"script":"<script> [776 bytes]","args":[{"enterText":"1001","selector":{"controlType":"sap.m.Input","viewName":"etm.portal.ui.manageyards.view.New","viewId":"application-manageyards-display-component---NewYard","bindingPath":{"path":"","propertyPath":"/PLANT","modelName":"NewYardModel"},"interaction":{"idSuffix":"inner"}},"clearTextFirst":true,"interactionType":"ENTER_TEXT"}]}
RESULT: {"script":"<script> [776 bytes]","args":[{"enterText":"1001","selector":{"controlType":"sap.m.Input","viewName":"etm.portal.ui.manageyards.view.New","viewId":"application-manageyards-display-component---NewYard","bindingPath":{"path":"","propertyPath":"/PLANT","modelName":"NewYardModel"},"interaction":{"idSuffix":"inner"}},"clearTextFirst":true,"interactionType":"ENTER_TEXT"}]}
COMMAND: POST /session/c666597816bb06b037137736d1e0af6d/execute/async - {"script":"<script> [1562 bytes]","args":[{"selector":{"controlType":"sap.m.Input","viewName":"etm.portal.ui.manageyards.view.New","viewId":"application-manageyards-display-component---NewYard","bindingPath":{"path":"","propertyPath":"/SALES_AREA_VKORG","modelName":"NewYardModel"},"interaction":{"idSuffix":"inner"}},"wdio_ui5_key":"etmportal.ui.manageyards.view.Newsap.m.Input{\"path\":\"\",\"propertyPath\":\"/SALES_AREA_VKORG\",\"modelName\":\"NewYardModel\"}"}]}
RESULT: {"script":"<script> [1562 bytes]","args":[{"selector":{"controlType":"sap.m.Input","viewName":"etm.portal.ui.manageyards.view.New","viewId":"application-manageyards-display-component---NewYard","bindingPath":{"path":"","propertyPath":"/SALES_AREA_VKORG","modelName":"NewYardModel"},"interaction":{"idSuffix":"inner"}},"wdio_ui5_key":"etmportal.ui.manageyards.view.Newsap.m.Input{\"path\":\"\",\"propertyPath\":\"/SALES_AREA_VKORG\",\"modelName\":\"NewYardModel\"}"}]}
RESULT: undefined
COMMAND: POST /session/c666597816bb06b037137736d1e0af6d/execute/async - {"script":"<script> [776 bytes]","args":[{"enterText":"C002","selector":{"controlType":"sap.m.Input","viewName":"etm.portal.ui.manageyards.view.New","viewId":"application-manageyards-display-component---NewYard","bindingPath":{"path":"","propertyPath":"/SALES_AREA_VKORG","modelName":"NewYardModel"},"interaction":{"idSuffix":"inner"}},"clearTextFirst":true,"interactionType":"ENTER_TEXT"}]}
RESULT: {"script":"<script> [776 bytes]","args":[{"enterText":"C002","selector":{"controlType":"sap.m.Input","viewName":"etm.portal.ui.manageyards.view.New","viewId":"application-manageyards-display-component---NewYard","bindingPath":{"path":"","propertyPath":"/SALES_AREA_VKORG","modelName":"NewYardModel"},"interaction":{"idSuffix":"inner"}},"clearTextFirst":true,"interactionType":"ENTER_TEXT"}]}
COMMAND: POST /session/c666597816bb06b037137736d1e0af6d/execute/async - {"script":"<script> [1562 bytes]","args":[{"selector":{"controlType":"sap.m.Input","viewName":"etm.portal.ui.manageyards.view.New","viewId":"application-manageyards-display-component---NewYard","bindingPath":{"path":"","propertyPath":"/SALES_AREA_VTWEG","modelName":"NewYardModel"},"interaction":{"idSuffix":"inner"}},"wdio_ui5_key":"etmportal.ui.manageyards.view.Newsap.m.Input{\"path\":\"\",\"propertyPath\":\"/SALES_AREA_VTWEG\",\"modelName\":\"NewYardModel\"}"}]}
RESULT: {"script":"<script> [1562 bytes]","args":[{"selector":{"controlType":"sap.m.Input","viewName":"etm.portal.ui.manageyards.view.New","viewId":"application-manageyards-display-component---NewYard","bindingPath":{"path":"","propertyPath":"/SALES_AREA_VTWEG","modelName":"NewYardModel"},"interaction":{"idSuffix":"inner"}},"wdio_ui5_key":"etmportal.ui.manageyards.view.Newsap.m.Input{\"path\":\"\",\"propertyPath\":\"/SALES_AREA_VTWEG\",\"modelName\":\"NewYardModel\"}"}]}
RESULT: undefined
COMMAND: POST /session/c666597816bb06b037137736d1e0af6d/execute/async - {"script":"<script> [776 bytes]","args":[{"enterText":"C2","selector":{"controlType":"sap.m.Input","viewName":"etm.portal.ui.manageyards.view.New","viewId":"application-manageyards-display-component---NewYard","bindingPath":{"path":"","propertyPath":"/SALES_AREA_VTWEG","modelName":"NewYardModel"},"interaction":{"idSuffix":"inner"}},"clearTextFirst":true,"interactionType":"ENTER_TEXT"}]}
RESULT: {"script":"<script> [776 bytes]","args":[{"enterText":"C2","selector":{"controlType":"sap.m.Input","viewName":"etm.portal.ui.manageyards.view.New","viewId":"application-manageyards-display-component---NewYard","bindingPath":{"path":"","propertyPath":"/SALES_AREA_VTWEG","modelName":"NewYardModel"},"interaction":{"idSuffix":"inner"}},"clearTextFirst":true,"interactionType":"ENTER_TEXT"}]}
COMMAND: POST /session/c666597816bb06b037137736d1e0af6d/execute/async - {"script":"<script> [1562 bytes]","args":[{"selector":{"controlType":"sap.m.Input","viewName":"etm.portal.ui.manageyards.view.New","viewId":"application-manageyards-display-component---NewYard","bindingPath":{"path":"","propertyPath":"/SALES_AREA_SPART","modelName":"NewYardModel"},"interaction":{"idSuffix":"inner"}},"wdio_ui5_key":"etmportal.ui.manageyards.view.Newsap.m.Input{\"path\":\"\",\"propertyPath\":\"/SALES_AREA_SPART\",\"modelName\":\"NewYardModel\"}"}]}
RESULT: {"script":"<script> [1562 bytes]","args":[{"selector":{"controlType":"sap.m.Input","viewName":"etm.portal.ui.manageyards.view.New","viewId":"application-manageyards-display-component---NewYard","bindingPath":{"path":"","propertyPath":"/SALES_AREA_SPART","modelName":"NewYardModel"},"interaction":{"idSuffix":"inner"}},"wdio_ui5_key":"etmportal.ui.manageyards.view.Newsap.m.Input{\"path\":\"\",\"propertyPath\":\"/SALES_AREA_SPART\",\"modelName\":\"NewYardModel\"}"}]}
RESULT: undefined
COMMAND: POST /session/c666597816bb06b037137736d1e0af6d/execute/async - {"script":"<script> [776 bytes]","args":[{"enterText":"C2","selector":{"controlType":"sap.m.Input","viewName":"etm.portal.ui.manageyards.view.New","viewId":"application-manageyards-display-component---NewYard","bindingPath":{"path":"","propertyPath":"/SALES_AREA_SPART","modelName":"NewYardModel"},"interaction":{"idSuffix":"inner"}},"clearTextFirst":true,"interactionType":"ENTER_TEXT"}]}
RESULT: {"script":"<script> [776 bytes]","args":[{"enterText":"C2","selector":{"controlType":"sap.m.Input","viewName":"etm.portal.ui.manageyards.view.New","viewId":"application-manageyards-display-component---NewYard","bindingPath":{"path":"","propertyPath":"/SALES_AREA_SPART","modelName":"NewYardModel"},"interaction":{"idSuffix":"inner"}},"clearTextFirst":true,"interactionType":"ENTER_TEXT"}]}
COMMAND: POST /session/c666597816bb06b037137736d1e0af6d/execute/async - {"script":"<script> [1562 bytes]","args":[{"selector":{"controlType":"sap.m.Input","viewName":"etm.portal.ui.manageyards.view.New","viewId":"application-manageyards-display-component---NewYard","bindingPath":{"path":"","propertyPath":"/SHIP_POINT","modelName":"NewYardModel"},"interaction":{"idSuffix":"inner"}},"wdio_ui5_key":"etmportal.ui.manageyards.view.Newsap.m.Input{\"path\":\"\",\"propertyPath\":\"/SHIP_POINT\",\"modelName\":\"NewYardModel\"}"}]}
RESULT: {"script":"<script> [1562 bytes]","args":[{"selector":{"controlType":"sap.m.Input","viewName":"etm.portal.ui.manageyards.view.New","viewId":"application-manageyards-display-component---NewYard","bindingPath":{"path":"","propertyPath":"/SHIP_POINT","modelName":"NewYardModel"},"interaction":{"idSuffix":"inner"}},"wdio_ui5_key":"etmportal.ui.manageyards.view.Newsap.m.Input{\"path\":\"\",\"propertyPath\":\"/SHIP_POINT\",\"modelName\":\"NewYardModel\"}"}]}
RESULT: undefined
COMMAND: POST /session/c666597816bb06b037137736d1e0af6d/execute/async - {"script":"<script> [776 bytes]","args":[{"enterText":"1710","selector":{"controlType":"sap.m.Input","viewName":"etm.portal.ui.manageyards.view.New","viewId":"application-manageyards-display-component---NewYard","bindingPath":{"path":"","propertyPath":"/SHIP_POINT","modelName":"NewYardModel"},"interaction":{"idSuffix":"inner"}},"clearTextFirst":true,"interactionType":"ENTER_TEXT"}]}
RESULT: {"script":"<script> [776 bytes]","args":[{"enterText":"1710","selector":{"controlType":"sap.m.Input","viewName":"etm.portal.ui.manageyards.view.New","viewId":"application-manageyards-display-component---NewYard","bindingPath":{"path":"","propertyPath":"/SHIP_POINT","modelName":"NewYardModel"},"interaction":{"idSuffix":"inner"}},"clearTextFirst":true,"interactionType":"ENTER_TEXT"}]}
COMMAND: POST /session/c666597816bb06b037137736d1e0af6d/execute/async - {"script":"<script> [1562 bytes]","args":[{"selector":{"controlType":"sap.m.Input","viewName":"etm.portal.ui.manageyards.view.New","viewId":"application-manageyards-display-component---NewYard","bindingPath":{"path":"","propertyPath":"/DELIVERY_TYPE","modelName":"NewYardModel"},"interaction":{"idSuffix":"inner"}},"wdio_ui5_key":"etmportal.ui.manageyards.view.Newsap.m.Input{\"path\":\"\",\"propertyPath\":\"/DELIVERY_TYPE\",\"modelName\":\"NewYardModel\"}"}]}
RESULT: {"script":"<script> [1562 bytes]","args":[{"selector":{"controlType":"sap.m.Input","viewName":"etm.portal.ui.manageyards.view.New","viewId":"application-manageyards-display-component---NewYard","bindingPath":{"path":"","propertyPath":"/DELIVERY_TYPE","modelName":"NewYardModel"},"interaction":{"idSuffix":"inner"}},"wdio_ui5_key":"etmportal.ui.manageyards.view.Newsap.m.Input{\"path\":\"\",\"propertyPath\":\"/DELIVERY_TYPE\",\"modelName\":\"NewYardModel\"}"}]}
RESULT: undefined
COMMAND: POST /session/c666597816bb06b037137736d1e0af6d/execute/async - {"script":"<script> [776 bytes]","args":[{"enterText":"ZL01","selector":{"controlType":"sap.m.Input","viewName":"etm.portal.ui.manageyards.view.New","viewId":"application-manageyards-display-component---NewYard","bindingPath":{"path":"","propertyPath":"/DELIVERY_TYPE","modelName":"NewYardModel"},"interaction":{"idSuffix":"inner"}},"clearTextFirst":true,"interactionType":"ENTER_TEXT"}]}
RESULT: {"script":"<script> [776 bytes]","args":[{"enterText":"ZL01","selector":{"controlType":"sap.m.Input","viewName":"etm.portal.ui.manageyards.view.New","viewId":"application-manageyards-display-component---NewYard","bindingPath":{"path":"","propertyPath":"/DELIVERY_TYPE","modelName":"NewYardModel"},"interaction":{"idSuffix":"inner"}},"clearTextFirst":true,"interactionType":"ENTER_TEXT"}]}
COMMAND: POST /session/c666597816bb06b037137736d1e0af6d/execute/async - {"script":"<script> [1562 bytes]","args":[{"selector":{"controlType":"sap.m.Input","viewName":"etm.portal.ui.manageyards.view.New","viewId":"application-manageyards-display-component---NewYard","bindingPath":{"path":"","propertyPath":"/AUART","modelName":"NewYardModel"},"interaction":{"idSuffix":"inner"}},"wdio_ui5_key":"etmportal.ui.manageyards.view.Newsap.m.Input{\"path\":\"\",\"propertyPath\":\"/AUART\",\"modelName\":\"NewYardModel\"}"}]}
RESULT: {"script":"<script> [1562 bytes]","args":[{"selector":{"controlType":"sap.m.Input","viewName":"etm.portal.ui.manageyards.view.New","viewId":"application-manageyards-display-component---NewYard","bindingPath":{"path":"","propertyPath":"/AUART","modelName":"NewYardModel"},"interaction":{"idSuffix":"inner"}},"wdio_ui5_key":"etmportal.ui.manageyards.view.Newsap.m.Input{\"path\":\"\",\"propertyPath\":\"/AUART\",\"modelName\":\"NewYardModel\"}"}]}
RESULT: undefined
COMMAND: POST /session/c666597816bb06b037137736d1e0af6d/execute/async - {"script":"<script> [776 bytes]","args":[{"enterText":"TA","selector":{"controlType":"sap.m.Input","viewName":"etm.portal.ui.manageyards.view.New","viewId":"application-manageyards-display-component---NewYard","bindingPath":{"path":"","propertyPath":"/AUART","modelName":"NewYardModel"},"interaction":{"idSuffix":"inner"}},"clearTextFirst":true,"interactionType":"ENTER_TEXT"}]}
RESULT: {"script":"<script> [776 bytes]","args":[{"enterText":"TA","selector":{"controlType":"sap.m.Input","viewName":"etm.portal.ui.manageyards.view.New","viewId":"application-manageyards-display-component---NewYard","bindingPath":{"path":"","propertyPath":"/AUART","modelName":"NewYardModel"},"interaction":{"idSuffix":"inner"}},"clearTextFirst":true,"interactionType":"ENTER_TEXT"}]}
COMMAND: POST /session/c666597816bb06b037137736d1e0af6d/element - {"using":"xpath","value":"//button[@data-kt=\"newYardSaveButton\"]"}
RESULT: {"using":"xpath","value":"//button[@data-kt=\"newYardSaveButton\"]"}
COMMAND: POST /session/c666597816bb06b037137736d1e0af6d/element/f.E67777013E942907EFF236C95151777C.d.5976702A2FB29832001652D9F0FEB288.e.364/click - {}
RESULT: {}
COMMAND: GET /session/c666597816bb06b037137736d1e0af6d/screenshot - {}
RESULT: {}
COMMAND: POST /session/c666597816bb06b037137736d1e0af6d/element - {"using":"xpath","value":"//header[contains(@id, 'ObjectPageLayout-headerTitle')]/div[1]/div[2]/div[1]/span[1]"}
RESULT: {"using":"xpath","value":"//header[contains(@id, 'ObjectPageLayout-headerTitle')]/div[1]/div[2]/div[1]/span[1]"}
COMMAND: POST /session/c666597816bb06b037137736d1e0af6d/elements - {"using":"xpath","value":"//header[contains(@id, 'ObjectPageLayout-headerTitle')]/div[1]/div[2]/div[1]/span[1]"}
RESULT: {"using":"xpath","value":"//header[contains(@id, 'ObjectPageLayout-headerTitle')]/div[1]/div[2]/div[1]/span[1]"}
COMMAND: POST /session/c666597816bb06b037137736d1e0af6d/execute/sync - {"script":"<script> [56 bytes]","args":[{"element-6066-11e4-a52e-4f735466cecf":"f.E67777013E942907EFF236C95151777C.d.5976702A2FB29832001652D9F0FEB288.e.844","ELEMENT":"f.E67777013E942907EFF236C95151777C.d.5976702A2FB29832001652D9F0FEB288.e.844"}]}
RESULT: {"script":"<script> [56 bytes]","args":[{"element-6066-11e4-a52e-4f735466cecf":"f.E67777013E942907EFF236C95151777C.d.5976702A2FB29832001652D9F0FEB288.e.844","ELEMENT":"f.E67777013E942907EFF236C95151777C.d.5976702A2FB29832001652D9F0FEB288.e.844"}]}
COMMAND: GET /session/c666597816bb06b037137736d1e0af6d/screenshot - {}
RESULT: {}
COMMAND: POST /session/c666597816bb06b037137736d1e0af6d/element - {"using":"css selector","value":"#shell-header-logo"}
RESULT: {"using":"css selector","value":"#shell-header-logo"}
COMMAND: POST /session/c666597816bb06b037137736d1e0af6d/element/f.E67777013E942907EFF236C95151777C.d.5976702A2FB29832001652D9F0FEB288.e.263/click - {}
RESULT: {}
COMMAND: GET /session/c666597816bb06b037137736d1e0af6d/screenshot - {}
RESULT: {}
COMMAND: POST /session/c666597816bb06b037137736d1e0af6d/execute/sync - {"script":"<script> [299 bytes]","args":[["getModel","getResource"]]}
RESULT: {"script":"<script> [299 bytes]","args":[["getModel","getResource"]]}
]]></system-out>
    </testcase>
    <testcase classname="chrome.136_0_7103_93.windows.Create_condition_pricing_US117289_US134625" name="Should create a new equipment used for all following tests" time="156.285">
      <system-out><![CDATA[
COMMAND: POST /session/c666597816bb06b037137736d1e0af6d/execute/async - {"script":"<script> [1562 bytes]","args":[{"selector":{"controlType":"sap.m.GenericTile","properties":{"header":"Manage Resources"}},"wdio_ui5_key":"sapm.GenericTile{\"header\":\"Manage Resources\"}"}]}
COMMAND: GET /session/c666597816bb06b037137736d1e0af6d/screenshot - {}
RESULT: {"script":"<script> [1562 bytes]","args":[{"selector":{"controlType":"sap.m.GenericTile","properties":{"header":"Manage Resources"}},"wdio_ui5_key":"sapm.GenericTile{\"header\":\"Manage Resources\"}"}]}
RESULT: undefined
COMMAND: POST /session/c666597816bb06b037137736d1e0af6d/element - {"using":"xpath","value":"//*[@id=\"__tile39\"]"}
RESULT: {}
RESULT: {"using":"xpath","value":"//*[@id=\"__tile39\"]"}
COMMAND: POST /session/c666597816bb06b037137736d1e0af6d/element/f.E67777013E942907EFF236C95151777C.d.5976702A2FB29832001652D9F0FEB288.e.159/click - {}
RESULT: {}
COMMAND: GET /session/c666597816bb06b037137736d1e0af6d/screenshot - {}
RESULT: {}
COMMAND: POST /session/c666597816bb06b037137736d1e0af6d/elements - {"using":"xpath","value":"//span[text()='Error']"}
RESULT: {"using":"xpath","value":"//span[text()='Error']"}
COMMAND: POST /session/c666597816bb06b037137736d1e0af6d/element - {"using":"xpath","value":"//button[@data-kt=\"addNewRUOverflowToolbarButton\"]"}
RESULT: {"using":"xpath","value":"//button[@data-kt=\"addNewRUOverflowToolbarButton\"]"}
COMMAND: POST /session/c666597816bb06b037137736d1e0af6d/elements - {"using":"xpath","value":"//button[@data-kt=\"addNewRUOverflowToolbarButton\"]"}
RESULT: {"using":"xpath","value":"//button[@data-kt=\"addNewRUOverflowToolbarButton\"]"}
COMMAND: POST /session/c666597816bb06b037137736d1e0af6d/execute/sync - {"script":"<script> [8489 bytes]","args":[{"element-6066-11e4-a52e-4f735466cecf":"f.E67777013E942907EFF236C95151777C.d.5976702A2FB29832001652D9F0FEB288.e.887","ELEMENT":"f.E67777013E942907EFF236C95151777C.d.5976702A2FB29832001652D9F0FEB288.e.887"}]}
RESULT: {"script":"<script> [8489 bytes]","args":[{"element-6066-11e4-a52e-4f735466cecf":"f.E67777013E942907EFF236C95151777C.d.5976702A2FB29832001652D9F0FEB288.e.887","ELEMENT":"f.E67777013E942907EFF236C95151777C.d.5976702A2FB29832001652D9F0FEB288.e.887"}]}
COMMAND: GET /session/c666597816bb06b037137736d1e0af6d/element/f.E67777013E942907EFF236C95151777C.d.5976702A2FB29832001652D9F0FEB288.e.887/enabled - {}
COMMAND: GET /session/c666597816bb06b037137736d1e0af6d/screenshot - {}
RESULT: {}
COMMAND: POST /session/c666597816bb06b037137736d1e0af6d/execute/sync - {"script":"<script> [8489 bytes]","args":[{"element-6066-11e4-a52e-4f735466cecf":"f.E67777013E942907EFF236C95151777C.d.5976702A2FB29832001652D9F0FEB288.e.887","ELEMENT":"f.E67777013E942907EFF236C95151777C.d.5976702A2FB29832001652D9F0FEB288.e.887"}]}
COMMAND: GET /session/c666597816bb06b037137736d1e0af6d/screenshot - {}
RESULT: {}
RESULT: {"script":"<script> [8489 bytes]","args":[{"element-6066-11e4-a52e-4f735466cecf":"f.E67777013E942907EFF236C95151777C.d.5976702A2FB29832001652D9F0FEB288.e.887","ELEMENT":"f.E67777013E942907EFF236C95151777C.d.5976702A2FB29832001652D9F0FEB288.e.887"}]}
COMMAND: POST /session/c666597816bb06b037137736d1e0af6d/execute/sync - {"script":"<script> [5351 bytes]","args":[{"element-6066-11e4-a52e-4f735466cecf":"f.E67777013E942907EFF236C95151777C.d.5976702A2FB29832001652D9F0FEB288.e.887","ELEMENT":"f.E67777013E942907EFF236C95151777C.d.5976702A2FB29832001652D9F0FEB288.e.887"}]}
COMMAND: GET /session/c666597816bb06b037137736d1e0af6d/screenshot - {}
RESULT: {}
RESULT: {"script":"<script> [5351 bytes]","args":[{"element-6066-11e4-a52e-4f735466cecf":"f.E67777013E942907EFF236C95151777C.d.5976702A2FB29832001652D9F0FEB288.e.887","ELEMENT":"f.E67777013E942907EFF236C95151777C.d.5976702A2FB29832001652D9F0FEB288.e.887"}]}
COMMAND: POST /session/c666597816bb06b037137736d1e0af6d/element/f.E67777013E942907EFF236C95151777C.d.5976702A2FB29832001652D9F0FEB288.e.887/click - {}
COMMAND: GET /session/c666597816bb06b037137736d1e0af6d/screenshot - {}
RESULT: {}
RESULT: {}
COMMAND: GET /session/c666597816bb06b037137736d1e0af6d/screenshot - {}
COMMAND: POST /session/c666597816bb06b037137736d1e0af6d/execute/async - {"script":"<script> [1562 bytes]","args":[{"selector":{"id":"application-manageresources-display-component---newResourceUnit--TYPE-arrow"},"wdio_ui5_key":"applicationmanageresources-display-component---newResourceUnit--TYPE-arrow"}]}
RESULT: {}
RESULT: {}
RESULT: {"script":"<script> [1562 bytes]","args":[{"selector":{"id":"application-manageresources-display-component---newResourceUnit--TYPE-arrow"},"wdio_ui5_key":"applicationmanageresources-display-component---newResourceUnit--TYPE-arrow"}]}
RESULT: undefined
COMMAND: POST /session/c666597816bb06b037137736d1e0af6d/element - {"using":"xpath","value":"//*[@id=\"application-manageresources-display-component---newResourceUnit--TYPE-arrow\"]"}
RESULT: {"using":"xpath","value":"//*[@id=\"application-manageresources-display-component---newResourceUnit--TYPE-arrow\"]"}
COMMAND: POST /session/c666597816bb06b037137736d1e0af6d/element/f.E67777013E942907EFF236C95151777C.d.5976702A2FB29832001652D9F0FEB288.e.1231/click - {}
RESULT: {}
COMMAND: POST /session/c666597816bb06b037137736d1e0af6d/element - {"using":"xpath","value":"//input[@id=\"application-manageresources-display-component---newResourceUnit--TYPE-inner\"]"}
COMMAND: GET /session/c666597816bb06b037137736d1e0af6d/screenshot - {}
RESULT: {"using":"xpath","value":"//input[@id=\"application-manageresources-display-component---newResourceUnit--TYPE-inner\"]"}
COMMAND: POST /session/c666597816bb06b037137736d1e0af6d/element/f.E67777013E942907EFF236C95151777C.d.5976702A2FB29832001652D9F0FEB288.e.1227/clear - {}
RESULT: {}
RESULT: {}
COMMAND: POST /session/c666597816bb06b037137736d1e0af6d/element/f.E67777013E942907EFF236C95151777C.d.5976702A2FB29832001652D9F0FEB288.e.1227/value - {"text":"Equipment"}
COMMAND: GET /session/c666597816bb06b037137736d1e0af6d/screenshot - {}
RESULT: {"text":"Equipment"}
COMMAND: GET /session/c666597816bb06b037137736d1e0af6d/screenshot - {}
RESULT: {}
RESULT: {}
COMMAND: POST /session/c666597816bb06b037137736d1e0af6d/actions - {"actions":[{"id":"action2","type":"key","parameters":{},"actions":[{"type":"keyDown","value":"î€‡"},{"type":"pause","duration":10},{"type":"keyUp","value":"î€‡"}]}]}
RESULT: {"actions":[{"id":"action2","type":"key","parameters":{},"actions":[{"type":"keyDown","value":"î€‡"},{"type":"pause","duration":10},{"type":"keyUp","value":"î€‡"}]}]}
COMMAND: POST /session/c666597816bb06b037137736d1e0af6d/execute/async - {"script":"<script> [1562 bytes]","args":[{"selector":{"id":"application-manageresources-display-component---newResourceUnit--resourceId","interaction":{"idSuffix":"inner"}},"wdio_ui5_key":"applicationmanageresources-display-component---newResourceUnit--resourceId"}]}
COMMAND: GET /session/c666597816bb06b037137736d1e0af6d/screenshot - {}
RESULT: {"script":"<script> [1562 bytes]","args":[{"selector":{"id":"application-manageresources-display-component---newResourceUnit--resourceId","interaction":{"idSuffix":"inner"}},"wdio_ui5_key":"applicationmanageresources-display-component---newResourceUnit--resourceId"}]}
RESULT: undefined
COMMAND: POST /session/c666597816bb06b037137736d1e0af6d/execute/async - {"script":"<script> [776 bytes]","args":[{"enterText":"8Ug54WRSlk","selector":{"id":"application-manageresources-display-component---newResourceUnit--resourceId","interaction":{"idSuffix":"inner"}},"clearTextFirst":true,"interactionType":"ENTER_TEXT"}]}
RESULT: {}
RESULT: {"script":"<script> [776 bytes]","args":[{"enterText":"8Ug54WRSlk","selector":{"id":"application-manageresources-display-component---newResourceUnit--resourceId","interaction":{"idSuffix":"inner"}},"clearTextFirst":true,"interactionType":"ENTER_TEXT"}]}
COMMAND: POST /session/c666597816bb06b037137736d1e0af6d/execute/async - {"script":"<script> [1562 bytes]","args":[{"selector":{"id":"application-manageresources-display-component---newResourceUnit--SHORT_TEXT","interaction":{"idSuffix":"inner"}},"wdio_ui5_key":"applicationmanageresources-display-component---newResourceUnit--SHORT_TEXT"}]}
RESULT: {"script":"<script> [1562 bytes]","args":[{"selector":{"id":"application-manageresources-display-component---newResourceUnit--SHORT_TEXT","interaction":{"idSuffix":"inner"}},"wdio_ui5_key":"applicationmanageresources-display-component---newResourceUnit--SHORT_TEXT"}]}
RESULT: undefined
COMMAND: POST /session/c666597816bb06b037137736d1e0af6d/execute/async - {"script":"<script> [776 bytes]","args":[{"enterText":"Intercompany Equipment WDIO","selector":{"id":"application-manageresources-display-component---newResourceUnit--SHORT_TEXT","interaction":{"idSuffix":"inner"}},"clearTextFirst":true,"interactionType":"ENTER_TEXT"}]}
RESULT: {"script":"<script> [776 bytes]","args":[{"enterText":"Intercompany Equipment WDIO","selector":{"id":"application-manageresources-display-component---newResourceUnit--SHORT_TEXT","interaction":{"idSuffix":"inner"}},"clearTextFirst":true,"interactionType":"ENTER_TEXT"}]}
COMMAND: POST /session/c666597816bb06b037137736d1e0af6d/execute/async - {"script":"<script> [1562 bytes]","args":[{"selector":{"id":"application-manageresources-display-component---newResourceUnit--BASE_UNIT_OF_MEASURE","interaction":{"idSuffix":"inner"}},"wdio_ui5_key":"applicationmanageresources-display-component---newResourceUnit--BASE_UNIT_OF_MEASURE"}]}
RESULT: {"script":"<script> [1562 bytes]","args":[{"selector":{"id":"application-manageresources-display-component---newResourceUnit--BASE_UNIT_OF_MEASURE","interaction":{"idSuffix":"inner"}},"wdio_ui5_key":"applicationmanageresources-display-component---newResourceUnit--BASE_UNIT_OF_MEASURE"}]}
RESULT: undefined
COMMAND: POST /session/c666597816bb06b037137736d1e0af6d/execute/async - {"script":"<script> [776 bytes]","args":[{"enterText":"Piece","selector":{"id":"application-manageresources-display-component---newResourceUnit--BASE_UNIT_OF_MEASURE","interaction":{"idSuffix":"inner"}},"clearTextFirst":true,"interactionType":"ENTER_TEXT"}]}
RESULT: {"script":"<script> [776 bytes]","args":[{"enterText":"Piece","selector":{"id":"application-manageresources-display-component---newResourceUnit--BASE_UNIT_OF_MEASURE","interaction":{"idSuffix":"inner"}},"clearTextFirst":true,"interactionType":"ENTER_TEXT"}]}
COMMAND: POST /session/c666597816bb06b037137736d1e0af6d/execute/async - {"script":"<script> [1562 bytes]","args":[{"selector":{"id":"application-manageresources-display-component---newResourceUnit--WEIGHT_UNIT","interaction":{"idSuffix":"inner"}},"wdio_ui5_key":"applicationmanageresources-display-component---newResourceUnit--WEIGHT_UNIT"}]}
RESULT: {"script":"<script> [1562 bytes]","args":[{"selector":{"id":"application-manageresources-display-component---newResourceUnit--WEIGHT_UNIT","interaction":{"idSuffix":"inner"}},"wdio_ui5_key":"applicationmanageresources-display-component---newResourceUnit--WEIGHT_UNIT"}]}
RESULT: undefined
COMMAND: POST /session/c666597816bb06b037137736d1e0af6d/execute/async - {"script":"<script> [776 bytes]","args":[{"enterText":"Gram","selector":{"id":"application-manageresources-display-component---newResourceUnit--WEIGHT_UNIT","interaction":{"idSuffix":"inner"}},"clearTextFirst":true,"interactionType":"ENTER_TEXT"}]}
RESULT: {"script":"<script> [776 bytes]","args":[{"enterText":"Gram","selector":{"id":"application-manageresources-display-component---newResourceUnit--WEIGHT_UNIT","interaction":{"idSuffix":"inner"}},"clearTextFirst":true,"interactionType":"ENTER_TEXT"}]}
COMMAND: POST /session/c666597816bb06b037137736d1e0af6d/execute/async - {"script":"<script> [1562 bytes]","args":[{"selector":{"id":"application-manageresources-display-component---newResourceUnit--DIMENSION_UNIT","interaction":{"idSuffix":"inner"}},"wdio_ui5_key":"applicationmanageresources-display-component---newResourceUnit--DIMENSION_UNIT"}]}
RESULT: {"script":"<script> [1562 bytes]","args":[{"selector":{"id":"application-manageresources-display-component---newResourceUnit--DIMENSION_UNIT","interaction":{"idSuffix":"inner"}},"wdio_ui5_key":"applicationmanageresources-display-component---newResourceUnit--DIMENSION_UNIT"}]}
RESULT: undefined
COMMAND: POST /session/c666597816bb06b037137736d1e0af6d/execute/async - {"script":"<script> [776 bytes]","args":[{"enterText":"Meter","selector":{"id":"application-manageresources-display-component---newResourceUnit--DIMENSION_UNIT","interaction":{"idSuffix":"inner"}},"clearTextFirst":true,"interactionType":"ENTER_TEXT"}]}
RESULT: {"script":"<script> [776 bytes]","args":[{"enterText":"Meter","selector":{"id":"application-manageresources-display-component---newResourceUnit--DIMENSION_UNIT","interaction":{"idSuffix":"inner"}},"clearTextFirst":true,"interactionType":"ENTER_TEXT"}]}
COMMAND: POST /session/c666597816bb06b037137736d1e0af6d/execute/async - {"script":"<script> [1562 bytes]","args":[{"selector":{"id":"application-manageresources-display-component---newResourceUnit--newRRUPage-anchBar-application-manageresources-display-component---newResourceUnit--control-anchor","interaction":{"idSuffix":"BDI-content"}},"wdio_ui5_key":"applicationmanageresources-display-component---newResourceUnit--newRRUPage-anchBar-application-manageresources-display-component---newResourceUnit--control-anchor"}]}
RESULT: {"script":"<script> [1562 bytes]","args":[{"selector":{"id":"application-manageresources-display-component---newResourceUnit--newRRUPage-anchBar-application-manageresources-display-component---newResourceUnit--control-anchor","interaction":{"idSuffix":"BDI-content"}},"wdio_ui5_key":"applicationmanageresources-display-component---newResourceUnit--newRRUPage-anchBar-application-manageresources-display-component---newResourceUnit--control-anchor"}]}
RESULT: undefined
COMMAND: POST /session/c666597816bb06b037137736d1e0af6d/element - {"using":"xpath","value":"//*[@id=\"application-manageresources-display-component---newResourceUnit--newRRUPage-anchBar-application-manageresources-display-component---newResourceUnit--control-anchor\"]"}
RESULT: {"using":"xpath","value":"//*[@id=\"application-manageresources-display-component---newResourceUnit--newRRUPage-anchBar-application-manageresources-display-component---newResourceUnit--control-anchor\"]"}
COMMAND: POST /session/c666597816bb06b037137736d1e0af6d/element/f.E67777013E942907EFF236C95151777C.d.5976702A2FB29832001652D9F0FEB288.e.1362/click - {}
RESULT: {}
COMMAND: POST /session/c666597816bb06b037137736d1e0af6d/execute/async - {"script":"<script> [1562 bytes]","args":[{"selector":{"id":"application-manageresources-display-component---newResourceUnit--PLANNING_GROUP","interaction":{"idSuffix":"inner"}},"wdio_ui5_key":"applicationmanageresources-display-component---newResourceUnit--PLANNING_GROUP"}]}
COMMAND: GET /session/c666597816bb06b037137736d1e0af6d/screenshot - {}
RESULT: {"script":"<script> [1562 bytes]","args":[{"selector":{"id":"application-manageresources-display-component---newResourceUnit--PLANNING_GROUP","interaction":{"idSuffix":"inner"}},"wdio_ui5_key":"applicationmanageresources-display-component---newResourceUnit--PLANNING_GROUP"}]}
RESULT: undefined
COMMAND: POST /session/c666597816bb06b037137736d1e0af6d/execute/async - {"script":"<script> [776 bytes]","args":[{"enterText":"Heavy Equi","selector":{"id":"application-manageresources-display-component---newResourceUnit--PLANNING_GROUP","interaction":{"idSuffix":"inner"}},"clearTextFirst":true,"interactionType":"ENTER_TEXT"}]}
RESULT: {}
RESULT: {"script":"<script> [776 bytes]","args":[{"enterText":"Heavy Equi","selector":{"id":"application-manageresources-display-component---newResourceUnit--PLANNING_GROUP","interaction":{"idSuffix":"inner"}},"clearTextFirst":true,"interactionType":"ENTER_TEXT"}]}
COMMAND: POST /session/c666597816bb06b037137736d1e0af6d/execute/async - {"script":"<script> [1562 bytes]","args":[{"selector":{"id":"application-manageresources-display-component---newResourceUnit--ITEM_TYPE-arrow"},"wdio_ui5_key":"applicationmanageresources-display-component---newResourceUnit--ITEM_TYPE-arrow"}]}
RESULT: {"script":"<script> [1562 bytes]","args":[{"selector":{"id":"application-manageresources-display-component---newResourceUnit--ITEM_TYPE-arrow"},"wdio_ui5_key":"applicationmanageresources-display-component---newResourceUnit--ITEM_TYPE-arrow"}]}
RESULT: undefined
COMMAND: POST /session/c666597816bb06b037137736d1e0af6d/element - {"using":"xpath","value":"//*[@id=\"application-manageresources-display-component---newResourceUnit--ITEM_TYPE-arrow\"]"}
RESULT: {"using":"xpath","value":"//*[@id=\"application-manageresources-display-component---newResourceUnit--ITEM_TYPE-arrow\"]"}
COMMAND: POST /session/c666597816bb06b037137736d1e0af6d/element/f.E67777013E942907EFF236C95151777C.d.5976702A2FB29832001652D9F0FEB288.e.1369/click - {}
RESULT: {}
COMMAND: POST /session/c666597816bb06b037137736d1e0af6d/element - {"using":"xpath","value":"(//span[contains(text(), \"Resource Unit\")])[2]"}
COMMAND: GET /session/c666597816bb06b037137736d1e0af6d/screenshot - {}
RESULT: {"using":"xpath","value":"(//span[contains(text(), \"Resource Unit\")])[2]"}
COMMAND: POST /session/c666597816bb06b037137736d1e0af6d/element/f.E67777013E942907EFF236C95151777C.d.5976702A2FB29832001652D9F0FEB288.e.1370/click - {}
RESULT: {}
RESULT: {}
COMMAND: GET /session/c666597816bb06b037137736d1e0af6d/screenshot - {}
RESULT: {}
COMMAND: POST /session/c666597816bb06b037137736d1e0af6d/element - {"using":"css selector","value":"#application-manageresources-display-component---newResourceUnit--btnAddTimeSegment"}
RESULT: {"using":"css selector","value":"#application-manageresources-display-component---newResourceUnit--btnAddTimeSegment"}
COMMAND: GET /session/c666597816bb06b037137736d1e0af6d/element/f.E67777013E942907EFF236C95151777C.d.5976702A2FB29832001652D9F0FEB288.e.1371/rect - {}
RESULT: {}
COMMAND: GET /session/c666597816bb06b037137736d1e0af6d/window/rect - {}
RESULT: {}
COMMAND: POST /session/c666597816bb06b037137736d1e0af6d/execute/sync - {"script":"<script> [92 bytes]","args":[]}
RESULT: {"script":"<script> [92 bytes]","args":[]}
COMMAND: POST /session/c666597816bb06b037137736d1e0af6d/actions - {"actions":[{"id":"action3","type":"wheel","parameters":{},"actions":[{"type":"scroll","x":-1888,"y":-32,"deltaX":0,"deltaY":0,"duration":0,"origin":{"element-6066-11e4-a52e-4f735466cecf":"f.E67777013E942907EFF236C95151777C.d.5976702A2FB29832001652D9F0FEB288.e.1371"}}]}]}
COMMAND: GET /session/c666597816bb06b037137736d1e0af6d/screenshot - {}
RESULT: {}
COMMAND: POST /session/c666597816bb06b037137736d1e0af6d/execute/sync - {"script":"<script> [79 bytes]","args":[{"element-6066-11e4-a52e-4f735466cecf":"f.E67777013E942907EFF236C95151777C.d.5976702A2FB29832001652D9F0FEB288.e.1371","ELEMENT":"f.E67777013E942907EFF236C95151777C.d.5976702A2FB29832001652D9F0FEB288.e.1371"},{"block":"start","inline":"nearest"}]}
RESULT: {"script":"<script> [79 bytes]","args":[{"element-6066-11e4-a52e-4f735466cecf":"f.E67777013E942907EFF236C95151777C.d.5976702A2FB29832001652D9F0FEB288.e.1371","ELEMENT":"f.E67777013E942907EFF236C95151777C.d.5976702A2FB29832001652D9F0FEB288.e.1371"},{"block":"start","inline":"nearest"}]}
COMMAND: POST /session/c666597816bb06b037137736d1e0af6d/execute/async - {"script":"<script> [1562 bytes]","args":[{"selector":{"id":"application-manageresources-display-component---newResourceUnit--btnAddTimeSegment","interaction":{"idSuffix":"inner"}},"wdio_ui5_key":"applicationmanageresources-display-component---newResourceUnit--btnAddTimeSegment"}]}
COMMAND: GET /session/c666597816bb06b037137736d1e0af6d/screenshot - {}
RESULT: {"script":"<script> [1562 bytes]","args":[{"selector":{"id":"application-manageresources-display-component---newResourceUnit--btnAddTimeSegment","interaction":{"idSuffix":"inner"}},"wdio_ui5_key":"applicationmanageresources-display-component---newResourceUnit--btnAddTimeSegment"}]}
RESULT: undefined
COMMAND: POST /session/c666597816bb06b037137736d1e0af6d/element - {"using":"xpath","value":"//*[@id=\"application-manageresources-display-component---newResourceUnit--btnAddTimeSegment\"]"}
RESULT: {}
RESULT: {"using":"xpath","value":"//*[@id=\"application-manageresources-display-component---newResourceUnit--btnAddTimeSegment\"]"}
COMMAND: POST /session/c666597816bb06b037137736d1e0af6d/element/f.E67777013E942907EFF236C95151777C.d.5976702A2FB29832001652D9F0FEB288.e.1371/click - {}
RESULT: {}
COMMAND: GET /session/c666597816bb06b037137736d1e0af6d/screenshot - {}
RESULT: {}
COMMAND: POST /session/c666597816bb06b037137736d1e0af6d/element - {"using":"xpath","value":"//input[@id=\"application-manageresources-display-component---newResourceUnit--idRuTSAdmin-application-manageresources-display-component---newResourceUnit--RUTimeSegment-0-inner\"]"}
RESULT: {"using":"xpath","value":"//input[@id=\"application-manageresources-display-component---newResourceUnit--idRuTSAdmin-application-manageresources-display-component---newResourceUnit--RUTimeSegment-0-inner\"]"}
COMMAND: POST /session/c666597816bb06b037137736d1e0af6d/element/f.E67777013E942907EFF236C95151777C.d.5976702A2FB29832001652D9F0FEB288.e.1377/clear - {}
RESULT: {}
COMMAND: POST /session/c666597816bb06b037137736d1e0af6d/element/f.E67777013E942907EFF236C95151777C.d.5976702A2FB29832001652D9F0FEB288.e.1377/value - {"text":"428"}
COMMAND: GET /session/c666597816bb06b037137736d1e0af6d/screenshot - {}
RESULT: {"text":"428"}
COMMAND: GET /session/c666597816bb06b037137736d1e0af6d/screenshot - {}
RESULT: {}
RESULT: {}
COMMAND: POST /session/c666597816bb06b037137736d1e0af6d/element - {"using":"xpath","value":"//li[.//span[text()='428']]"}
RESULT: {"using":"xpath","value":"//li[.//span[text()='428']]"}
COMMAND: POST /session/c666597816bb06b037137736d1e0af6d/element/f.E67777013E942907EFF236C95151777C.d.5976702A2FB29832001652D9F0FEB288.e.1389/click - {}
RESULT: {}
COMMAND: GET /session/c666597816bb06b037137736d1e0af6d/screenshot - {}
RESULT: {}
COMMAND: POST /session/c666597816bb06b037137736d1e0af6d/element - {"using":"xpath","value":"(//span[contains(@id, \"-application-manageresources-display-component---newResourceUnit--RUTimeSegment-0-arrow\")])[6]"}
RESULT: {"using":"xpath","value":"(//span[contains(@id, \"-application-manageresources-display-component---newResourceUnit--RUTimeSegment-0-arrow\")])[6]"}
COMMAND: POST /session/c666597816bb06b037137736d1e0af6d/element/f.E67777013E942907EFF236C95151777C.d.5976702A2FB29832001652D9F0FEB288.e.1390/click - {}
RESULT: {}
COMMAND: GET /session/c666597816bb06b037137736d1e0af6d/screenshot - {}
RESULT: {}
COMMAND: POST /session/c666597816bb06b037137736d1e0af6d/element - {"using":"xpath","value":"//span[contains(text(), \"PM Order\")]"}
RESULT: {"using":"xpath","value":"//span[contains(text(), \"PM Order\")]"}
COMMAND: POST /session/c666597816bb06b037137736d1e0af6d/element/f.E67777013E942907EFF236C95151777C.d.5976702A2FB29832001652D9F0FEB288.e.1393/click - {}
RESULT: {}
COMMAND: GET /session/c666597816bb06b037137736d1e0af6d/screenshot - {}
RESULT: {}
COMMAND: POST /session/c666597816bb06b037137736d1e0af6d/element - {"using":"xpath","value":"(//span[contains(@id ,\"manageresources-display-component---newResourceUnit--RUTimeSegment-0-vhi\")])[1]"}
RESULT: {"using":"xpath","value":"(//span[contains(@id ,\"manageresources-display-component---newResourceUnit--RUTimeSegment-0-vhi\")])[1]"}
COMMAND: GET /session/c666597816bb06b037137736d1e0af6d/element/f.E67777013E942907EFF236C95151777C.d.5976702A2FB29832001652D9F0FEB288.e.1397/rect - {}
RESULT: {}
COMMAND: GET /session/c666597816bb06b037137736d1e0af6d/window/rect - {}
RESULT: {}
COMMAND: POST /session/c666597816bb06b037137736d1e0af6d/execute/sync - {"script":"<script> [92 bytes]","args":[]}
RESULT: {"script":"<script> [92 bytes]","args":[]}
COMMAND: POST /session/c666597816bb06b037137736d1e0af6d/actions - {"actions":[{"id":"action4","type":"wheel","parameters":{},"actions":[{"type":"scroll","x":-869,"y":-24,"deltaX":0,"deltaY":0,"duration":0,"origin":{"element-6066-11e4-a52e-4f735466cecf":"f.E67777013E942907EFF236C95151777C.d.5976702A2FB29832001652D9F0FEB288.e.1397"}}]}]}
COMMAND: GET /session/c666597816bb06b037137736d1e0af6d/screenshot - {}
RESULT: {"actions":[{"id":"action4","type":"wheel","parameters":{},"actions":[{"type":"scroll","x":-869,"y":-24,"deltaX":0,"deltaY":0,"duration":0,"origin":{"element-6066-11e4-a52e-4f735466cecf":"f.E67777013E942907EFF236C95151777C.d.5976702A2FB29832001652D9F0FEB288.e.1397"}}]}]}
COMMAND: DELETE /session/c666597816bb06b037137736d1e0af6d/actions - {}
COMMAND: GET /session/c666597816bb06b037137736d1e0af6d/screenshot - {}
RESULT: {}
RESULT: {}
COMMAND: GET /session/c666597816bb06b037137736d1e0af6d/screenshot - {}
RESULT: {}
RESULT: {}
COMMAND: POST /session/c666597816bb06b037137736d1e0af6d/element/f.E67777013E942907EFF236C95151777C.d.5976702A2FB29832001652D9F0FEB288.e.1397/click - {}
RESULT: {}
COMMAND: GET /session/c666597816bb06b037137736d1e0af6d/screenshot - {}
RESULT: {}
RESULT: undefined
COMMAND: POST /session/c666597816bb06b037137736d1e0af6d/execute/async - {"script":"<script> [776 bytes]","args":[{"enterText":"4000360","selector":{"controlType":"sap.m.SearchField","properties":{"placeholder":"Search"},"searchOpenDialogs":true,"interaction":{"idSuffix":"I"}},"clearTextFirst":true,"interactionType":"ENTER_TEXT"}]}
RESULT: {"script":"<script> [776 bytes]","args":[{"enterText":"4000360","selector":{"controlType":"sap.m.SearchField","properties":{"placeholder":"Search"},"searchOpenDialogs":true,"interaction":{"idSuffix":"I"}},"clearTextFirst":true,"interactionType":"ENTER_TEXT"}]}
COMMAND: POST /session/c666597816bb06b037137736d1e0af6d/actions - {"actions":[{"id":"action5","type":"key","parameters":{},"actions":[{"type":"keyDown","value":"î€‡"},{"type":"pause","duration":10},{"type":"keyUp","value":"î€‡"}]}]}
RESULT: {"actions":[{"id":"action5","type":"key","parameters":{},"actions":[{"type":"keyDown","value":"î€‡"},{"type":"pause","duration":10},{"type":"keyUp","value":"î€‡"}]}]}
COMMAND: GET /session/c666597816bb06b037137736d1e0af6d/screenshot - {}
RESULT: {}
COMMAND: POST /session/c666597816bb06b037137736d1e0af6d/element - {"using":"xpath","value":"//td/div/span[contains(text(), \"BGL Vehicles\")]"}
RESULT: {"using":"xpath","value":"//td/div/span[contains(text(), \"BGL Vehicles\")]"}
COMMAND: POST /session/c666597816bb06b037137736d1e0af6d/element/f.E67777013E942907EFF236C95151777C.d.5976702A2FB29832001652D9F0FEB288.e.1417/click - {}
RESULT: {}
COMMAND: GET /session/c666597816bb06b037137736d1e0af6d/screenshot - {}
RESULT: {}
COMMAND: POST /session/c666597816bb06b037137736d1e0af6d/element - {"using":"xpath","value":"//bdi[contains(text(), \"OK\")]"}
RESULT: {"using":"xpath","value":"//bdi[contains(text(), \"OK\")]"}
COMMAND: POST /session/c666597816bb06b037137736d1e0af6d/element/f.E67777013E942907EFF236C95151777C.d.5976702A2FB29832001652D9F0FEB288.e.1418/click - {}
RESULT: {}
COMMAND: GET /session/c666597816bb06b037137736d1e0af6d/screenshot - {}
RESULT: {}
COMMAND: POST /session/c666597816bb06b037137736d1e0af6d/execute/async - {"script":"<script> [1562 bytes]","args":[{"selector":{"id":"application-manageresources-display-component---newResourceUnit--newRRUPage-anchBar-application-manageresources-display-component---newResourceUnit--resource-anchor","interaction":{"idSuffix":"BDI-content"}},"wdio_ui5_key":"applicationmanageresources-display-component---newResourceUnit--newRRUPage-anchBar-application-manageresources-display-component---newResourceUnit--resource-anchor"}]}
RESULT: {"script":"<script> [1562 bytes]","args":[{"selector":{"id":"application-manageresources-display-component---newResourceUnit--newRRUPage-anchBar-application-manageresources-display-component---newResourceUnit--resource-anchor","interaction":{"idSuffix":"BDI-content"}},"wdio_ui5_key":"applicationmanageresources-display-component---newResourceUnit--newRRUPage-anchBar-application-manageresources-display-component---newResourceUnit--resource-anchor"}]}
RESULT: undefined
COMMAND: POST /session/c666597816bb06b037137736d1e0af6d/element - {"using":"xpath","value":"//*[@id=\"application-manageresources-display-component---newResourceUnit--newRRUPage-anchBar-application-manageresources-display-component---newResourceUnit--resource-anchor\"]"}
RESULT: {"using":"xpath","value":"//*[@id=\"application-manageresources-display-component---newResourceUnit--newRRUPage-anchBar-application-manageresources-display-component---newResourceUnit--resource-anchor\"]"}
COMMAND: POST /session/c666597816bb06b037137736d1e0af6d/element/f.E67777013E942907EFF236C95151777C.d.5976702A2FB29832001652D9F0FEB288.e.1422/click - {}
RESULT: {}
COMMAND: POST /session/c666597816bb06b037137736d1e0af6d/execute/async - {"script":"<script> [1562 bytes]","args":[{"selector":{"id":"application-manageresources-display-component---newResourceUnit--PLANNED_DELIVERY_DATE","interaction":{"idSuffix":"inner"}},"wdio_ui5_key":"applicationmanageresources-display-component---newResourceUnit--PLANNED_DELIVERY_DATE"}]}
COMMAND: GET /session/c666597816bb06b037137736d1e0af6d/screenshot - {}
RESULT: {"script":"<script> [1562 bytes]","args":[{"selector":{"id":"application-manageresources-display-component---newResourceUnit--PLANNED_DELIVERY_DATE","interaction":{"idSuffix":"inner"}},"wdio_ui5_key":"applicationmanageresources-display-component---newResourceUnit--PLANNED_DELIVERY_DATE"}]}
RESULT: undefined
COMMAND: POST /session/c666597816bb06b037137736d1e0af6d/execute/async - {"script":"<script> [6424 bytes]","args":[{"element-6066-11e4-a52e-4f735466cecf":"f.E67777013E942907EFF236C95151777C.d.5976702A2FB29832001652D9F0FEB288.e.1287"},"setValue",["5/16/25"]]}
RESULT: {}
RESULT: {"script":"<script> [6424 bytes]","args":[{"element-6066-11e4-a52e-4f735466cecf":"f.E67777013E942907EFF236C95151777C.d.5976702A2FB29832001652D9F0FEB288.e.1287"},"setValue",["5/16/25"]]}
COMMAND: POST /session/c666597816bb06b037137736d1e0af6d/element - {"using":"xpath","value":"//label[contains(@class, 'sapMLabelRequired') and .//bdi[contains(text(), 'Planned Retirement')]]"}
RESULT: {"using":"xpath","value":"//label[contains(@class, 'sapMLabelRequired') and .//bdi[contains(text(), 'Planned Retirement')]]"}
COMMAND: POST /session/c666597816bb06b037137736d1e0af6d/elements - {"using":"xpath","value":"//label[contains(@class, 'sapMLabelRequired') and .//bdi[contains(text(), 'Planned Retirement')]]"}
RESULT: {"using":"xpath","value":"//label[contains(@class, 'sapMLabelRequired') and .//bdi[contains(text(), 'Planned Retirement')]]"}
COMMAND: POST /session/c666597816bb06b037137736d1e0af6d/element - {"using":"xpath","value":"//button[@data-kt=\"resourceUnitSaveButton\"]"}
RESULT: {"using":"xpath","value":"//button[@data-kt=\"resourceUnitSaveButton\"]"}
COMMAND: POST /session/c666597816bb06b037137736d1e0af6d/element/f.E67777013E942907EFF236C95151777C.d.5976702A2FB29832001652D9F0FEB288.e.1248/click - {}
RESULT: {}
COMMAND: GET /session/c666597816bb06b037137736d1e0af6d/screenshot - {}
RESULT: {}
COMMAND: POST /session/c666597816bb06b037137736d1e0af6d/element - {"using":"xpath","value":"//bdi[contains(text(), \"Close\")]"}
RESULT: {"using":"xpath","value":"//bdi[contains(text(), \"Close\")]"}
COMMAND: POST /session/c666597816bb06b037137736d1e0af6d/element/f.E67777013E942907EFF236C95151777C.d.5976702A2FB29832001652D9F0FEB288.e.1432/click - {}
RESULT: {}
COMMAND: GET /session/c666597816bb06b037137736d1e0af6d/screenshot - {}
RESULT: {}
COMMAND: POST /session/c666597816bb06b037137736d1e0af6d/element - {"using":"xpath","value":"(//button[contains(@id ,\"actionsToolbar-overflowButton\")])[1]"}
RESULT: {"using":"xpath","value":"(//button[contains(@id ,\"actionsToolbar-overflowButton\")])[1]"}
COMMAND: POST /session/c666597816bb06b037137736d1e0af6d/element/f.E67777013E942907EFF236C95151777C.d.5976702A2FB29832001652D9F0FEB288.e.1488/click - {}
RESULT: {}
COMMAND: GET /session/c666597816bb06b037137736d1e0af6d/screenshot - {}
RESULT: {}
COMMAND: POST /session/c666597816bb06b037137736d1e0af6d/element - {"using":"xpath","value":"//button[@data-kt=\"priceInfoButton\"]"}
RESULT: {"using":"xpath","value":"//button[@data-kt=\"priceInfoButton\"]"}
COMMAND: POST /session/c666597816bb06b037137736d1e0af6d/element/f.E67777013E942907EFF236C95151777C.d.5976702A2FB29832001652D9F0FEB288.e.1490/click - {}
RESULT: {}
COMMAND: GET /session/c666597816bb06b037137736d1e0af6d/screenshot - {}
RESULT: {}
COMMAND: POST /session/c666597816bb06b037137736d1e0af6d/element - {"using":"css selector","value":"#shell-header-logo"}
RESULT: {"using":"css selector","value":"#shell-header-logo"}
COMMAND: POST /session/c666597816bb06b037137736d1e0af6d/element/f.E67777013E942907EFF236C95151777C.d.5976702A2FB29832001652D9F0FEB288.e.847/click - {}
RESULT: {}
]]></system-out>
    </testcase>
    <testcase classname="chrome.136_0_7103_93.windows.Create_condition_pricing_US117289_US134625" name="Should create new condition" time="81.546">
      <system-out><![CDATA[
COMMAND: POST /session/c666597816bb06b037137736d1e0af6d/execute/async - {"script":"<script> [1562 bytes]","args":[{"selector":{"controlType":"sap.m.GenericTile","properties":{"header":"Manage Conditions & Prices"}},"wdio_ui5_key":"sapm.GenericTile{\"header\":\"Manage Conditions & Prices\"}"}]}
COMMAND: GET /session/c666597816bb06b037137736d1e0af6d/screenshot - {}
RESULT: {"script":"<script> [1562 bytes]","args":[{"selector":{"controlType":"sap.m.GenericTile","properties":{"header":"Manage Conditions & Prices"}},"wdio_ui5_key":"sapm.GenericTile{\"header\":\"Manage Conditions & Prices\"}"}]}
RESULT: undefined
COMMAND: POST /session/c666597816bb06b037137736d1e0af6d/element - {"using":"xpath","value":"//*[@id=\"__tile53\"]"}
RESULT: {}
RESULT: {"using":"xpath","value":"//*[@id=\"__tile53\"]"}
COMMAND: POST /session/c666597816bb06b037137736d1e0af6d/element/f.E67777013E942907EFF236C95151777C.d.5976702A2FB29832001652D9F0FEB288.e.206/click - {}
RESULT: {}
COMMAND: GET /session/c666597816bb06b037137736d1e0af6d/screenshot - {}
RESULT: {}
COMMAND: POST /session/c666597816bb06b037137736d1e0af6d/elements - {"using":"xpath","value":"//span[text()='Error']"}
RESULT: {"using":"xpath","value":"//span[text()='Error']"}
COMMAND: POST /session/c666597816bb06b037137736d1e0af6d/element - {"using":"xpath","value":"//button[@aria-label=\"Create\"]"}
RESULT: {"using":"xpath","value":"//button[@aria-label=\"Create\"]"}
COMMAND: POST /session/c666597816bb06b037137736d1e0af6d/elements - {"using":"xpath","value":"//button[@aria-label=\"Create\"]"}
RESULT: {"using":"xpath","value":"//button[@aria-label=\"Create\"]"}
COMMAND: POST /session/c666597816bb06b037137736d1e0af6d/execute/sync - {"script":"<script> [8489 bytes]","args":[{"element-6066-11e4-a52e-4f735466cecf":"f.E67777013E942907EFF236C95151777C.d.5976702A2FB29832001652D9F0FEB288.e.1531","ELEMENT":"f.E67777013E942907EFF236C95151777C.d.5976702A2FB29832001652D9F0FEB288.e.1531"}]}
RESULT: {"script":"<script> [8489 bytes]","args":[{"element-6066-11e4-a52e-4f735466cecf":"f.E67777013E942907EFF236C95151777C.d.5976702A2FB29832001652D9F0FEB288.e.1531","ELEMENT":"f.E67777013E942907EFF236C95151777C.d.5976702A2FB29832001652D9F0FEB288.e.1531"}]}
COMMAND: GET /session/c666597816bb06b037137736d1e0af6d/element/f.E67777013E942907EFF236C95151777C.d.5976702A2FB29832001652D9F0FEB288.e.1531/enabled - {}
COMMAND: GET /session/c666597816bb06b037137736d1e0af6d/screenshot - {}
RESULT: {}
COMMAND: POST /session/c666597816bb06b037137736d1e0af6d/execute/sync - {"script":"<script> [8489 bytes]","args":[{"element-6066-11e4-a52e-4f735466cecf":"f.E67777013E942907EFF236C95151777C.d.5976702A2FB29832001652D9F0FEB288.e.1531","ELEMENT":"f.E67777013E942907EFF236C95151777C.d.5976702A2FB29832001652D9F0FEB288.e.1531"}]}
COMMAND: GET /session/c666597816bb06b037137736d1e0af6d/screenshot - {}
RESULT: {}
RESULT: {"script":"<script> [8489 bytes]","args":[{"element-6066-11e4-a52e-4f735466cecf":"f.E67777013E942907EFF236C95151777C.d.5976702A2FB29832001652D9F0FEB288.e.1531","ELEMENT":"f.E67777013E942907EFF236C95151777C.d.5976702A2FB29832001652D9F0FEB288.e.1531"}]}
COMMAND: POST /session/c666597816bb06b037137736d1e0af6d/execute/sync - {"script":"<script> [5351 bytes]","args":[{"element-6066-11e4-a52e-4f735466cecf":"f.E67777013E942907EFF236C95151777C.d.5976702A2FB29832001652D9F0FEB288.e.1531","ELEMENT":"f.E67777013E942907EFF236C95151777C.d.5976702A2FB29832001652D9F0FEB288.e.1531"}]}
RESULT: {}
COMMAND: GET /session/c666597816bb06b037137736d1e0af6d/screenshot - {}
RESULT: {"script":"<script> [5351 bytes]","args":[{"element-6066-11e4-a52e-4f735466cecf":"f.E67777013E942907EFF236C95151777C.d.5976702A2FB29832001652D9F0FEB288.e.1531","ELEMENT":"f.E67777013E942907EFF236C95151777C.d.5976702A2FB29832001652D9F0FEB288.e.1531"}]}
COMMAND: POST /session/c666597816bb06b037137736d1e0af6d/element/f.E67777013E942907EFF236C95151777C.d.5976702A2FB29832001652D9F0FEB288.e.1531/click - {}
COMMAND: GET /session/c666597816bb06b037137736d1e0af6d/screenshot - {}
RESULT: {}
RESULT: {}
COMMAND: GET /session/c666597816bb06b037137736d1e0af6d/screenshot - {}
RESULT: {}
RESULT: {}
COMMAND: POST /session/c666597816bb06b037137736d1e0af6d/actions - {"actions":[{"id":"action6","type":"key","parameters":{},"actions":[{"type":"keyDown","value":"î€‡"},{"type":"pause","duration":10},{"type":"keyUp","value":"î€‡"}]}]}
RESULT: {"actions":[{"id":"action6","type":"key","parameters":{},"actions":[{"type":"keyDown","value":"î€‡"},{"type":"pause","duration":10},{"type":"keyUp","value":"î€‡"}]}]}
COMMAND: GET /session/c666597816bb06b037137736d1e0af6d/screenshot - {}
RESULT: {}
COMMAND: POST /session/c666597816bb06b037137736d1e0af6d/execute/async - {"script":"<script> [1562 bytes]","args":[{"selector":{"id":"application-manageconditionprice-display-component---newCondition--condBillCond-arrow"},"wdio_ui5_key":"applicationmanageconditionprice-display-component---newCondition--condBillCond-arrow"}]}
RESULT: {"script":"<script> [1562 bytes]","args":[{"selector":{"id":"application-manageconditionprice-display-component---newCondition--condBillCond-arrow"},"wdio_ui5_key":"applicationmanageconditionprice-display-component---newCondition--condBillCond-arrow"}]}
RESULT: undefined
COMMAND: POST /session/c666597816bb06b037137736d1e0af6d/element - {"using":"xpath","value":"//*[@id=\"application-manageconditionprice-display-component---newCondition--condBillCond-arrow\"]"}
RESULT: {"using":"xpath","value":"//*[@id=\"application-manageconditionprice-display-component---newCondition--condBillCond-arrow\"]"}
COMMAND: POST /session/c666597816bb06b037137736d1e0af6d/element/f.E67777013E942907EFF236C95151777C.d.5976702A2FB29832001652D9F0FEB288.e.1741/click - {}
RESULT: {}
COMMAND: GET /session/c666597816bb06b037137736d1e0af6d/screenshot - {}
RESULT: {}
COMMAND: POST /session/c666597816bb06b037137736d1e0af6d/element - {"using":"xpath","value":"//li[.//span[contains(text(), \"SAPR - Sales price\")]]"}
RESULT: {"using":"xpath","value":"//li[.//span[contains(text(), \"SAPR - Sales price\")]]"}
COMMAND: POST /session/c666597816bb06b037137736d1e0af6d/element/f.E67777013E942907EFF236C95151777C.d.5976702A2FB29832001652D9F0FEB288.e.1744/click - {}
RESULT: {}
COMMAND: GET /session/c666597816bb06b037137736d1e0af6d/screenshot - {}
RESULT: {}
COMMAND: POST /session/c666597816bb06b037137736d1e0af6d/execute/async - {"script":"<script> [1562 bytes]","args":[{"selector":{"id":"application-manageconditionprice-display-component---newCondition--condValidTo","interaction":{"idSuffix":"inner"}},"wdio_ui5_key":"applicationmanageconditionprice-display-component---newCondition--condValidTo"}]}
RESULT: {"script":"<script> [1562 bytes]","args":[{"selector":{"id":"application-manageconditionprice-display-component---newCondition--condValidTo","interaction":{"idSuffix":"inner"}},"wdio_ui5_key":"applicationmanageconditionprice-display-component---newCondition--condValidTo"}]}
RESULT: undefined
COMMAND: POST /session/c666597816bb06b037137736d1e0af6d/execute/async - {"script":"<script> [776 bytes]","args":[{"enterText":"1/16/26","selector":{"id":"application-manageconditionprice-display-component---newCondition--condValidTo","interaction":{"idSuffix":"inner"}},"clearTextFirst":true,"interactionType":"ENTER_TEXT"}]}
RESULT: {"script":"<script> [776 bytes]","args":[{"enterText":"1/16/26","selector":{"id":"application-manageconditionprice-display-component---newCondition--condValidTo","interaction":{"idSuffix":"inner"}},"clearTextFirst":true,"interactionType":"ENTER_TEXT"}]}
COMMAND: POST /session/c666597816bb06b037137736d1e0af6d/element - {"using":"xpath","value":"//input[@id=\"application-manageconditionprice-display-component---newCondition--condRU-inner\"]"}
RESULT: {"using":"xpath","value":"//input[@id=\"application-manageconditionprice-display-component---newCondition--condRU-inner\"]"}
COMMAND: POST /session/c666597816bb06b037137736d1e0af6d/element/f.E67777013E942907EFF236C95151777C.d.5976702A2FB29832001652D9F0FEB288.e.1611/clear - {}
RESULT: {}
COMMAND: POST /session/c666597816bb06b037137736d1e0af6d/element/f.E67777013E942907EFF236C95151777C.d.5976702A2FB29832001652D9F0FEB288.e.1611/value - {"text":"8Ug54WRSlk"}
COMMAND: GET /session/c666597816bb06b037137736d1e0af6d/screenshot - {}
RESULT: {"text":"8Ug54WRSlk"}
COMMAND: GET /session/c666597816bb06b037137736d1e0af6d/screenshot - {}
RESULT: {}
RESULT: {}
COMMAND: POST /session/c666597816bb06b037137736d1e0af6d/actions - {"actions":[{"id":"action7","type":"key","parameters":{},"actions":[{"type":"keyDown","value":"î€‡"},{"type":"pause","duration":10},{"type":"keyUp","value":"î€‡"}]}]}
RESULT: {"actions":[{"id":"action7","type":"key","parameters":{},"actions":[{"type":"keyDown","value":"î€‡"},{"type":"pause","duration":10},{"type":"keyUp","value":"î€‡"}]}]}
COMMAND: POST /session/c666597816bb06b037137736d1e0af6d/execute/async - {"script":"<script> [1562 bytes]","args":[{"selector":{"id":"application-manageconditionprice-display-component---newCondition--condBaseQty","interaction":{"idSuffix":"inner"}},"wdio_ui5_key":"applicationmanageconditionprice-display-component---newCondition--condBaseQty"}]}
COMMAND: GET /session/c666597816bb06b037137736d1e0af6d/screenshot - {}
RESULT: {"script":"<script> [1562 bytes]","args":[{"selector":{"id":"application-manageconditionprice-display-component---newCondition--condBaseQty","interaction":{"idSuffix":"inner"}},"wdio_ui5_key":"applicationmanageconditionprice-display-component---newCondition--condBaseQty"}]}
RESULT: undefined
COMMAND: POST /session/c666597816bb06b037137736d1e0af6d/execute/async - {"script":"<script> [776 bytes]","args":[{"enterText":"1","selector":{"id":"application-manageconditionprice-display-component---newCondition--condBaseQty","interaction":{"idSuffix":"inner"}},"clearTextFirst":true,"interactionType":"ENTER_TEXT"}]}
RESULT: {}
RESULT: {"script":"<script> [776 bytes]","args":[{"enterText":"1","selector":{"id":"application-manageconditionprice-display-component---newCondition--condBaseQty","interaction":{"idSuffix":"inner"}},"clearTextFirst":true,"interactionType":"ENTER_TEXT"}]}
COMMAND: POST /session/c666597816bb06b037137736d1e0af6d/execute/async - {"script":"<script> [1562 bytes]","args":[{"selector":{"id":"application-manageconditionprice-display-component---newCondition--condValue","interaction":{"idSuffix":"inner"}},"wdio_ui5_key":"applicationmanageconditionprice-display-component---newCondition--condValue"}]}
RESULT: {"script":"<script> [1562 bytes]","args":[{"selector":{"id":"application-manageconditionprice-display-component---newCondition--condValue","interaction":{"idSuffix":"inner"}},"wdio_ui5_key":"applicationmanageconditionprice-display-component---newCondition--condValue"}]}
RESULT: undefined
COMMAND: POST /session/c666597816bb06b037137736d1e0af6d/execute/async - {"script":"<script> [776 bytes]","args":[{"enterText":"200","selector":{"id":"application-manageconditionprice-display-component---newCondition--condValue","interaction":{"idSuffix":"inner"}},"clearTextFirst":true,"interactionType":"ENTER_TEXT"}]}
RESULT: {"script":"<script> [776 bytes]","args":[{"enterText":"200","selector":{"id":"application-manageconditionprice-display-component---newCondition--condValue","interaction":{"idSuffix":"inner"}},"clearTextFirst":true,"interactionType":"ENTER_TEXT"}]}
COMMAND: POST /session/c666597816bb06b037137736d1e0af6d/execute/async - {"script":"<script> [1562 bytes]","args":[{"selector":{"id":"application-manageconditionprice-display-component---newCondition--condCurr-arrow"},"wdio_ui5_key":"applicationmanageconditionprice-display-component---newCondition--condCurr-arrow"}]}
RESULT: {"script":"<script> [1562 bytes]","args":[{"selector":{"id":"application-manageconditionprice-display-component---newCondition--condCurr-arrow"},"wdio_ui5_key":"applicationmanageconditionprice-display-component---newCondition--condCurr-arrow"}]}
RESULT: undefined
COMMAND: POST /session/c666597816bb06b037137736d1e0af6d/element - {"using":"xpath","value":"//*[@id=\"application-manageconditionprice-display-component---newCondition--condCurr-arrow\"]"}
RESULT: {"using":"xpath","value":"//*[@id=\"application-manageconditionprice-display-component---newCondition--condCurr-arrow\"]"}
COMMAND: POST /session/c666597816bb06b037137736d1e0af6d/element/f.E67777013E942907EFF236C95151777C.d.5976702A2FB29832001652D9F0FEB288.e.1704/click - {}
RESULT: {}
COMMAND: POST /session/c666597816bb06b037137736d1e0af6d/element - {"using":"xpath","value":"//span[contains(text(), \"Euro\")]"}
COMMAND: GET /session/c666597816bb06b037137736d1e0af6d/screenshot - {}
RESULT: {"using":"xpath","value":"//span[contains(text(), \"Euro\")]"}
COMMAND: POST /session/c666597816bb06b037137736d1e0af6d/element/f.E67777013E942907EFF236C95151777C.d.5976702A2FB29832001652D9F0FEB288.e.1782/click - {}
RESULT: {}
RESULT: {}
COMMAND: POST /session/c666597816bb06b037137736d1e0af6d/element - {"using":"xpath","value":"//button[@data-kt=\"saveButton\"]"}
COMMAND: GET /session/c666597816bb06b037137736d1e0af6d/screenshot - {}
RESULT: {"using":"xpath","value":"//button[@data-kt=\"saveButton\"]"}
COMMAND: POST /session/c666597816bb06b037137736d1e0af6d/element/f.E67777013E942907EFF236C95151777C.d.5976702A2FB29832001652D9F0FEB288.e.1705/click - {}
RESULT: {}
RESULT: {}
COMMAND: GET /session/c666597816bb06b037137736d1e0af6d/screenshot - {}
RESULT: {}
COMMAND: POST /session/c666597816bb06b037137736d1e0af6d/execute/async - {"script":"<script> [1562 bytes]","args":[{"selector":{"id":"application-manageconditionprice-display-component---conditions--smartFilterBar-btnBasicSearch","interaction":{"idSuffix":"I"}},"wdio_ui5_key":"applicationmanageconditionprice-display-component---conditions--smartFilterBar-btnBasicSearch"}]}
RESULT: {"script":"<script> [1562 bytes]","args":[{"selector":{"id":"application-manageconditionprice-display-component---conditions--smartFilterBar-btnBasicSearch","interaction":{"idSuffix":"I"}},"wdio_ui5_key":"applicationmanageconditionprice-display-component---conditions--smartFilterBar-btnBasicSearch"}]}
RESULT: undefined
COMMAND: POST /session/c666597816bb06b037137736d1e0af6d/execute/async - {"script":"<script> [776 bytes]","args":[{"enterText":"8Ug54WRSlk","selector":{"id":"application-manageconditionprice-display-component---conditions--smartFilterBar-btnBasicSearch","interaction":{"idSuffix":"I"}},"clearTextFirst":true,"interactionType":"ENTER_TEXT"}]}
RESULT: {"script":"<script> [776 bytes]","args":[{"enterText":"8Ug54WRSlk","selector":{"id":"application-manageconditionprice-display-component---conditions--smartFilterBar-btnBasicSearch","interaction":{"idSuffix":"I"}},"clearTextFirst":true,"interactionType":"ENTER_TEXT"}]}
COMMAND: POST /session/c666597816bb06b037137736d1e0af6d/actions - {"actions":[{"id":"action8","type":"key","parameters":{},"actions":[{"type":"keyDown","value":"î€‡"},{"type":"pause","duration":10},{"type":"keyUp","value":"î€‡"}]}]}
RESULT: {"actions":[{"id":"action8","type":"key","parameters":{},"actions":[{"type":"keyDown","value":"î€‡"},{"type":"pause","duration":10},{"type":"keyUp","value":"î€‡"}]}]}
COMMAND: GET /session/c666597816bb06b037137736d1e0af6d/screenshot - {}
RESULT: {}
COMMAND: POST /session/c666597816bb06b037137736d1e0af6d/execute/async - {"script":"<script> [1562 bytes]","args":[{"selector":{"id":"application-manageconditionprice-display-component---conditions--smartFilterBar-filterItemControl_BASIC-BILL_TYPES-vhi"},"wdio_ui5_key":"applicationmanageconditionprice-display-component---conditions--smartFilterBar-filterItemControl_BASIC-BILL_TYPES-vhi"}]}
RESULT: {"script":"<script> [1562 bytes]","args":[{"selector":{"id":"application-manageconditionprice-display-component---conditions--smartFilterBar-filterItemControl_BASIC-BILL_TYPES-vhi"},"wdio_ui5_key":"applicationmanageconditionprice-display-component---conditions--smartFilterBar-filterItemControl_BASIC-BILL_TYPES-vhi"}]}
RESULT: undefined
COMMAND: POST /session/c666597816bb06b037137736d1e0af6d/element - {"using":"xpath","value":"//*[@id=\"application-manageconditionprice-display-component---conditions--smartFilterBar-filterItemControl_BASIC-BILL_TYPES-vhi\"]"}
RESULT: {"using":"xpath","value":"//*[@id=\"application-manageconditionprice-display-component---conditions--smartFilterBar-filterItemControl_BASIC-BILL_TYPES-vhi\"]"}
COMMAND: POST /session/c666597816bb06b037137736d1e0af6d/element/f.E67777013E942907EFF236C95151777C.d.5976702A2FB29832001652D9F0FEB288.e.1890/click - {}
RESULT: {}
COMMAND: POST /session/c666597816bb06b037137736d1e0af6d/execute/async - {"script":"<script> [1562 bytes]","args":[{"selector":{"id":"application-manageconditionprice-display-component---conditions--smartFilterBar-filterItemControl_BASIC-BILL_TYPES-valueHelpDialog-smartFilterBar-btnBasicSearch","searchOpenDialogs":true,"interaction":{"idSuffix":"I"}},"wdio_ui5_key":"applicationmanageconditionprice-display-component---conditions--smartFilterBar-filterItemControl_BASIC-BILL_TYPES-valueHelpDialog-smartFilterBar-btnBasicSearch"}]}
COMMAND: GET /session/c666597816bb06b037137736d1e0af6d/screenshot - {}
RESULT: {"script":"<script> [1562 bytes]","args":[{"selector":{"id":"application-manageconditionprice-display-component---conditions--smartFilterBar-filterItemControl_BASIC-BILL_TYPES-valueHelpDialog-smartFilterBar-btnBasicSearch","searchOpenDialogs":true,"interaction":{"idSuffix":"I"}},"wdio_ui5_key":"applicationmanageconditionprice-display-component---conditions--smartFilterBar-filterItemControl_BASIC-BILL_TYPES-valueHelpDialog-smartFilterBar-btnBasicSearch"}]}
RESULT: undefined
COMMAND: POST /session/c666597816bb06b037137736d1e0af6d/execute/async - {"script":"<script> [776 bytes]","args":[{"enterText":"one","selector":{"id":"application-manageconditionprice-display-component---conditions--smartFilterBar-filterItemControl_BASIC-BILL_TYPES-valueHelpDialog-smartFilterBar-btnBasicSearch","searchOpenDialogs":true,"interaction":{"idSuffix":"I"}},"clearTextFirst":true,"interactionType":"ENTER_TEXT"}]}
RESULT: {}
RESULT: {"script":"<script> [776 bytes]","args":[{"enterText":"one","selector":{"id":"application-manageconditionprice-display-component---conditions--smartFilterBar-filterItemControl_BASIC-BILL_TYPES-valueHelpDialog-smartFilterBar-btnBasicSearch","searchOpenDialogs":true,"interaction":{"idSuffix":"I"}},"clearTextFirst":true,"interactionType":"ENTER_TEXT"}]}
COMMAND: POST /session/c666597816bb06b037137736d1e0af6d/actions - {"actions":[{"id":"action9","type":"key","parameters":{},"actions":[{"type":"keyDown","value":"î€‡"},{"type":"pause","duration":10},{"type":"keyUp","value":"î€‡"}]}]}
RESULT: {"actions":[{"id":"action9","type":"key","parameters":{},"actions":[{"type":"keyDown","value":"î€‡"},{"type":"pause","duration":10},{"type":"keyUp","value":"î€‡"}]}]}
COMMAND: GET /session/c666597816bb06b037137736d1e0af6d/screenshot - {}
RESULT: {}
COMMAND: POST /session/c666597816bb06b037137736d1e0af6d/element - {"using":"xpath","value":"//div[contains(@id, 'application-manageconditionprice-display-component---conditions--smartFilterBar-filterItemControl_BASIC-BILL_TYPES-valueHelpDialog-table-rowsel0')]"}
RESULT: {"using":"xpath","value":"//div[contains(@id, 'application-manageconditionprice-display-component---conditions--smartFilterBar-filterItemControl_BASIC-BILL_TYPES-valueHelpDialog-table-rowsel0')]"}
COMMAND: POST /session/c666597816bb06b037137736d1e0af6d/element/f.E67777013E942907EFF236C95151777C.d.5976702A2FB29832001652D9F0FEB288.e.1899/click - {}
RESULT: {}
COMMAND: GET /session/c666597816bb06b037137736d1e0af6d/screenshot - {}
RESULT: {}
COMMAND: POST /session/c666597816bb06b037137736d1e0af6d/element - {"using":"xpath","value":"//bdi[contains(text(), \"OK\")]"}
RESULT: {"using":"xpath","value":"//bdi[contains(text(), \"OK\")]"}
COMMAND: POST /session/c666597816bb06b037137736d1e0af6d/element/f.E67777013E942907EFF236C95151777C.d.5976702A2FB29832001652D9F0FEB288.e.1901/click - {}
RESULT: {}
COMMAND: GET /session/c666597816bb06b037137736d1e0af6d/screenshot - {}
RESULT: {}
COMMAND: POST /session/c666597816bb06b037137736d1e0af6d/element - {"using":"xpath","value":"//span[@id=\"application-manageconditionprice-display-component---conditions--smartTable-header-inner\"]"}
RESULT: {"using":"xpath","value":"//span[@id=\"application-manageconditionprice-display-component---conditions--smartTable-header-inner\"]"}
COMMAND: POST /session/c666597816bb06b037137736d1e0af6d/elements - {"using":"xpath","value":"//span[@id=\"application-manageconditionprice-display-component---conditions--smartTable-header-inner\"]"}
RESULT: {"using":"xpath","value":"//span[@id=\"application-manageconditionprice-display-component---conditions--smartTable-header-inner\"]"}
COMMAND: POST /session/c666597816bb06b037137736d1e0af6d/execute/sync - {"script":"<script> [56 bytes]","args":[{"element-6066-11e4-a52e-4f735466cecf":"f.E67777013E942907EFF236C95151777C.d.5976702A2FB29832001652D9F0FEB288.e.1904","ELEMENT":"f.E67777013E942907EFF236C95151777C.d.5976702A2FB29832001652D9F0FEB288.e.1904"}]}
RESULT: {"script":"<script> [56 bytes]","args":[{"element-6066-11e4-a52e-4f735466cecf":"f.E67777013E942907EFF236C95151777C.d.5976702A2FB29832001652D9F0FEB288.e.1904","ELEMENT":"f.E67777013E942907EFF236C95151777C.d.5976702A2FB29832001652D9F0FEB288.e.1904"}]}
COMMAND: POST /session/c666597816bb06b037137736d1e0af6d/element - {"using":"css selector","value":"#shell-header-logo"}
COMMAND: GET /session/c666597816bb06b037137736d1e0af6d/screenshot - {}
RESULT: {"using":"css selector","value":"#shell-header-logo"}
COMMAND: POST /session/c666597816bb06b037137736d1e0af6d/element/f.E67777013E942907EFF236C95151777C.d.5976702A2FB29832001652D9F0FEB288.e.1498/click - {}
RESULT: {}
RESULT: {}
COMMAND: GET /session/c666597816bb06b037137736d1e0af6d/screenshot - {}
RESULT: {}
COMMAND: POST /session/c666597816bb06b037137736d1e0af6d/element - {"using":"css selector","value":"#j_username"}
COMMAND: POST /session/c666597816bb06b037137736d1e0af6d/url - {"url":"https://qa-testing-00-live-etm-ui.cfapps.eu10-004.hana.ondemand.com/"}
RESULT: {"using":"css selector","value":"#j_username"}
COMMAND: POST /session/c666597816bb06b037137736d1e0af6d/element - {"using":"css selector","value":"#j_username"}
RESULT: {"url":"https://qa-testing-00-live-etm-ui.cfapps.eu10-004.hana.ondemand.com/"}
RESULT: undefined
COMMAND: GET /session/c666597816bb06b037137736d1e0af6d/screenshot - {}
RESULT: {"using":"css selector","value":"#j_username"}
COMMAND: POST /session/c666597816bb06b037137736d1e0af6d/element - {"using":"css selector","value":"#shell-header-logo"}
RESULT: {}
RESULT: {"using":"css selector","value":"#shell-header-logo"}
COMMAND: POST /session/c666597816bb06b037137736d1e0af6d/execute/sync - {"script":"<script> [8489 bytes]","args":[{"element-6066-11e4-a52e-4f735466cecf":"f.E67777013E942907EFF236C95151777C.d.2DF20A42AF64FB2F159E71F96AC20636.e.2007","ELEMENT":"f.E67777013E942907EFF236C95151777C.d.2DF20A42AF64FB2F159E71F96AC20636.e.2007"}]}
RESULT: {"script":"<script> [8489 bytes]","args":[{"element-6066-11e4-a52e-4f735466cecf":"f.E67777013E942907EFF236C95151777C.d.2DF20A42AF64FB2F159E71F96AC20636.e.2007","ELEMENT":"f.E67777013E942907EFF236C95151777C.d.2DF20A42AF64FB2F159E71F96AC20636.e.2007"}]}
COMMAND: POST /session/c666597816bb06b037137736d1e0af6d/element - {"using":"css selector","value":"#shell-header-logo"}
COMMAND: GET /session/c666597816bb06b037137736d1e0af6d/screenshot - {}
RESULT: {"using":"css selector","value":"#shell-header-logo"}
COMMAND: POST /session/c666597816bb06b037137736d1e0af6d/execute/sync - {"script":"<script> [8489 bytes]","args":[{"element-6066-11e4-a52e-4f735466cecf":"f.E67777013E942907EFF236C95151777C.d.2DF20A42AF64FB2F159E71F96AC20636.e.2007","ELEMENT":"f.E67777013E942907EFF236C95151777C.d.2DF20A42AF64FB2F159E71F96AC20636.e.2007"}]}
RESULT: {}
RESULT: {"script":"<script> [8489 bytes]","args":[{"element-6066-11e4-a52e-4f735466cecf":"f.E67777013E942907EFF236C95151777C.d.2DF20A42AF64FB2F159E71F96AC20636.e.2007","ELEMENT":"f.E67777013E942907EFF236C95151777C.d.2DF20A42AF64FB2F159E71F96AC20636.e.2007"}]}
COMMAND: POST /session/c666597816bb06b037137736d1e0af6d/execute/sync - {"script":"<script> [5351 bytes]","args":[{"element-6066-11e4-a52e-4f735466cecf":"f.E67777013E942907EFF236C95151777C.d.2DF20A42AF64FB2F159E71F96AC20636.e.2007","ELEMENT":"f.E67777013E942907EFF236C95151777C.d.2DF20A42AF64FB2F159E71F96AC20636.e.2007"}]}
COMMAND: GET /session/c666597816bb06b037137736d1e0af6d/screenshot - {}
RESULT: {"script":"<script> [5351 bytes]","args":[{"element-6066-11e4-a52e-4f735466cecf":"f.E67777013E942907EFF236C95151777C.d.2DF20A42AF64FB2F159E71F96AC20636.e.2007","ELEMENT":"f.E67777013E942907EFF236C95151777C.d.2DF20A42AF64FB2F159E71F96AC20636.e.2007"}]}
COMMAND: POST /session/c666597816bb06b037137736d1e0af6d/element - {"using":"css selector","value":"#shell-header-logo"}
COMMAND: GET /session/c666597816bb06b037137736d1e0af6d/screenshot - {}
RESULT: {}
RESULT: {"using":"css selector","value":"#shell-header-logo"}
COMMAND: POST /session/c666597816bb06b037137736d1e0af6d/element/f.E67777013E942907EFF236C95151777C.d.2DF20A42AF64FB2F159E71F96AC20636.e.2007/click - {}
RESULT: {}
RESULT: {}
COMMAND: GET /session/c666597816bb06b037137736d1e0af6d/screenshot - {}
RESULT: {}
COMMAND: POST /session/c666597816bb06b037137736d1e0af6d/execute/async - {"script":"<script> [189 bytes]","args":[]}
RESULT: {"script":"<script> [189 bytes]","args":[]}
COMMAND: POST /session/c666597816bb06b037137736d1e0af6d/execute/async - {"script":"<script> [123 bytes]","args":[]}
RESULT: {"script":"<script> [123 bytes]","args":[]}
COMMAND: POST /session/c666597816bb06b037137736d1e0af6d/timeouts - {"script":"<number>"}
RESULT: {"script":"<number>"}
COMMAND: GET /session/c666597816bb06b037137736d1e0af6d/timeouts - {}
RESULT: {}
RESULT: undefined
COMMAND: POST /session/c666597816bb06b037137736d1e0af6d/execute/async - {"script":"<script> [2676 bytes]","args":[]}
RESULT: {"script":"<script> [2676 bytes]","args":[]}
COMMAND: POST /session/c666597816bb06b037137736d1e0af6d/execute/async - {"script":"<script> [2342 bytes]","args":[{"protocol":"http","hostname":"0.0.0.0","path":"/","capabilities":{"browserName":"chrome","goog:chromeOptions":{"binary":"C:\\Program Files\\Google\\Chrome\\Application\\chrome.exe","args":["--start-maximized"]}},"logLevel":"warn","connectionRetryTimeout":120000,"connectionRetryCount":3,"logLevels":{},"enableDirectConnect":true,"strictSSL":true,"_":"65 more keys: [\"cacheDir\",\"port\",\"requestedCapabilities\",\"automationProtocol\",\"baseUrl\",\"waitforInterval\",\"waitforTimeout\",\"onReload\",\"beforeCommand\",\"afterCommand\",\"rootDir\",\"specs\",\"suites\",\"exclude\",\"groupLogsByTestSpec\",\"excludeDriverLogs\",\"bail\",\"framework\",\"reporters\",\"services\",\"maxInstances\",\"maxInstancesPerCapability\",\"injectGlobals\",\"filesToWatch\",\"execArgv\",\"runnerEnv\",\"runner\",\"shard\",\"specFileRetries\",\"specFileRetriesDelay\",\"specFileRetriesDeferred\",\"reporterSyncInterval\",\"reporterSyncTimeout\",\"cucumberFeaturesWithLineNumbers\",\"autoCompileOpts\",\"mochaOpts\",\"jasmineOpts\",\"cucumberOpts\",\"onPrepare\",\"onWorkerStart\",\"onWorkerEnd\",\"before\",\"beforeSession\",\"beforeSuite\",\"beforeHook\",\"beforeTest\",\"afterTest\",\"afterHook\",\"afterSuite\",\"afterSession\",\"after\",\"onComplete\",\"beforeAssertion\",\"afterAssertion\",\"beforeFeature\",\"beforeScenario\",\"beforeStep\",\"afterStep\",\"afterScenario\",\"afterFeature\",\"_\",\"suite\",\"$0\",\"ignoredWorkerServices\",\"wdi5\"]"}]}
RESULT: {"script":"<script> [2342 bytes]","args":[{"protocol":"http","hostname":"0.0.0.0","path":"/","capabilities":{"browserName":"chrome","goog:chromeOptions":{"binary":"C:\\Program Files\\Google\\Chrome\\Application\\chrome.exe","args":["--start-maximized"]}},"logLevel":"warn","connectionRetryTimeout":120000,"connectionRetryCount":3,"logLevels":{},"enableDirectConnect":true,"strictSSL":true,"_":"65 more keys: [\"cacheDir\",\"port\",\"requestedCapabilities\",\"automationProtocol\",\"baseUrl\",\"waitforInterval\",\"waitforTimeout\",\"onReload\",\"beforeCommand\",\"afterCommand\",\"rootDir\",\"specs\",\"suites\",\"exclude\",\"groupLogsByTestSpec\",\"excludeDriverLogs\",\"bail\",\"framework\",\"reporters\",\"services\",\"maxInstances\",\"maxInstancesPerCapability\",\"injectGlobals\",\"filesToWatch\",\"execArgv\",\"runnerEnv\",\"runner\",\"shard\",\"specFileRetries\",\"specFileRetriesDelay\",\"specFileRetriesDeferred\",\"reporterSyncInterval\",\"reporterSyncTimeout\",\"cucumberFeaturesWithLineNumbers\",\"autoCompileOpts\",\"mochaOpts\",\"jasmineOpts\",\"cucumberOpts\",\"onPrepare\",\"onWorkerStart\",\"onWorkerEnd\",\"before\",\"beforeSession\",\"beforeSuite\",\"beforeHook\",\"beforeTest\",\"afterTest\",\"afterHook\",\"afterSuite\",\"afterSession\",\"after\",\"onComplete\",\"beforeAssertion\",\"afterAssertion\",\"beforeFeature\",\"beforeScenario\",\"beforeStep\",\"afterStep\",\"afterScenario\",\"afterFeature\",\"_\",\"suite\",\"$0\",\"ignoredWorkerServices\",\"wdi5\"]"}]}
COMMAND: POST /session/c666597816bb06b037137736d1e0af6d/execute/async - {"script":"<script> [21126 bytes]","args":[35000]}
RESULT: {"script":"<script> [21126 bytes]","args":[35000]}
COMMAND: POST /session/c666597816bb06b037137736d1e0af6d/window/maximize - {}
RESULT: {}
COMMAND: POST /session/c666597816bb06b037137736d1e0af6d/execute/async - {"script":"<script> [1562 bytes]","args":[{"selector":{"id":"shell-header","interaction":{"idSuffix":"icon"}},"wdio_ui5_key":"shellheader"}]}
COMMAND: GET /session/c666597816bb06b037137736d1e0af6d/screenshot - {}
RESULT: {"script":"<script> [1562 bytes]","args":[{"selector":{"id":"shell-header","interaction":{"idSuffix":"icon"}},"wdio_ui5_key":"shellheader"}]}
RESULT: undefined
COMMAND: POST /session/c666597816bb06b037137736d1e0af6d/refresh - {}
RESULT: {}
RESULT: {}
COMMAND: GET /session/c666597816bb06b037137736d1e0af6d/screenshot - {}
RESULT: {}
COMMAND: POST /session/c666597816bb06b037137736d1e0af6d/refresh - {}
RESULT: {}
COMMAND: GET /session/c666597816bb06b037137736d1e0af6d/screenshot - {}
RESULT: {}
COMMAND: POST /session/c666597816bb06b037137736d1e0af6d/window/fullscreen - {}
RESULT: {}
COMMAND: POST /session/c666597816bb06b037137736d1e0af6d/execute/async - {"script":"<script> [189 bytes]","args":[]}
RESULT: {"script":"<script> [189 bytes]","args":[]}
COMMAND: POST /session/c666597816bb06b037137736d1e0af6d/execute/async - {"script":"<script> [123 bytes]","args":[]}
RESULT: {"script":"<script> [123 bytes]","args":[]}
COMMAND: POST /session/c666597816bb06b037137736d1e0af6d/timeouts - {"script":"<number>"}
RESULT: {"script":"<number>"}
COMMAND: GET /session/c666597816bb06b037137736d1e0af6d/timeouts - {}
RESULT: {}
RESULT: undefined
COMMAND: POST /session/c666597816bb06b037137736d1e0af6d/execute/async - {"script":"<script> [2676 bytes]","args":[]}
RESULT: {"script":"<script> [2676 bytes]","args":[]}
COMMAND: POST /session/c666597816bb06b037137736d1e0af6d/execute/async - {"script":"<script> [2342 bytes]","args":[{"protocol":"http","hostname":"0.0.0.0","path":"/","capabilities":{"browserName":"chrome","goog:chromeOptions":{"binary":"C:\\Program Files\\Google\\Chrome\\Application\\chrome.exe","args":["--start-maximized"]}},"logLevel":"warn","connectionRetryTimeout":120000,"connectionRetryCount":3,"logLevels":{},"enableDirectConnect":true,"strictSSL":true,"_":"65 more keys: [\"cacheDir\",\"port\",\"requestedCapabilities\",\"automationProtocol\",\"baseUrl\",\"waitforInterval\",\"waitforTimeout\",\"onReload\",\"beforeCommand\",\"afterCommand\",\"rootDir\",\"specs\",\"suites\",\"exclude\",\"groupLogsByTestSpec\",\"excludeDriverLogs\",\"bail\",\"framework\",\"reporters\",\"services\",\"maxInstances\",\"maxInstancesPerCapability\",\"injectGlobals\",\"filesToWatch\",\"execArgv\",\"runnerEnv\",\"runner\",\"shard\",\"specFileRetries\",\"specFileRetriesDelay\",\"specFileRetriesDeferred\",\"reporterSyncInterval\",\"reporterSyncTimeout\",\"cucumberFeaturesWithLineNumbers\",\"autoCompileOpts\",\"mochaOpts\",\"jasmineOpts\",\"cucumberOpts\",\"onPrepare\",\"onWorkerStart\",\"onWorkerEnd\",\"before\",\"beforeSession\",\"beforeSuite\",\"beforeHook\",\"beforeTest\",\"afterTest\",\"afterHook\",\"afterSuite\",\"afterSession\",\"after\",\"onComplete\",\"beforeAssertion\",\"afterAssertion\",\"beforeFeature\",\"beforeScenario\",\"beforeStep\",\"afterStep\",\"afterScenario\",\"afterFeature\",\"_\",\"suite\",\"$0\",\"ignoredWorkerServices\",\"wdi5\"]"}]}
RESULT: {"script":"<script> [2342 bytes]","args":[{"protocol":"http","hostname":"0.0.0.0","path":"/","capabilities":{"browserName":"chrome","goog:chromeOptions":{"binary":"C:\\Program Files\\Google\\Chrome\\Application\\chrome.exe","args":["--start-maximized"]}},"logLevel":"warn","connectionRetryTimeout":120000,"connectionRetryCount":3,"logLevels":{},"enableDirectConnect":true,"strictSSL":true,"_":"65 more keys: [\"cacheDir\",\"port\",\"requestedCapabilities\",\"automationProtocol\",\"baseUrl\",\"waitforInterval\",\"waitforTimeout\",\"onReload\",\"beforeCommand\",\"afterCommand\",\"rootDir\",\"specs\",\"suites\",\"exclude\",\"groupLogsByTestSpec\",\"excludeDriverLogs\",\"bail\",\"framework\",\"reporters\",\"services\",\"maxInstances\",\"maxInstancesPerCapability\",\"injectGlobals\",\"filesToWatch\",\"execArgv\",\"runnerEnv\",\"runner\",\"shard\",\"specFileRetries\",\"specFileRetriesDelay\",\"specFileRetriesDeferred\",\"reporterSyncInterval\",\"reporterSyncTimeout\",\"cucumberFeaturesWithLineNumbers\",\"autoCompileOpts\",\"mochaOpts\",\"jasmineOpts\",\"cucumberOpts\",\"onPrepare\",\"onWorkerStart\",\"onWorkerEnd\",\"before\",\"beforeSession\",\"beforeSuite\",\"beforeHook\",\"beforeTest\",\"afterTest\",\"afterHook\",\"afterSuite\",\"afterSession\",\"after\",\"onComplete\",\"beforeAssertion\",\"afterAssertion\",\"beforeFeature\",\"beforeScenario\",\"beforeStep\",\"afterStep\",\"afterScenario\",\"afterFeature\",\"_\",\"suite\",\"$0\",\"ignoredWorkerServices\",\"wdi5\"]"}]}
COMMAND: POST /session/c666597816bb06b037137736d1e0af6d/execute/async - {"script":"<script> [21126 bytes]","args":[35000]}
RESULT: {"script":"<script> [21126 bytes]","args":[35000]}
]]></system-out>
    </testcase>
  </testsuite>
  <testsuite timestamp="2025-05-16T05:48:35" time="142.147" tests="3" failures="0" errors="0" skipped="0">
    <properties>
      <property name="specId" value="0" />
      <property name="suiteName" value="Set up pricing rule(OT) 104624" />
      <property name="capabilities" value="chrome.136_0_7103_93.windows" />
      <property name="file" value="file:///D:/a/1/s/test/specs/BTS/create-pricing-rule.spec.js" />
    </properties>
    <testcase classname="chrome.136_0_7103_93.windows.Set_up_pricing_rule(OT)_104624" name="Should create a new yard used for all following tests" time="3.863">
      <system-out><![CDATA[
COMMAND: POST /session/c666597816bb06b037137736d1e0af6d/window/fullscreen - {}
RESULT: {}
]]></system-out>
    </testcase>
    <testcase classname="chrome.136_0_7103_93.windows.Set_up_pricing_rule(OT)_104624" name="Should create a new equipment used for all following tests" time="0.017" />
    <testcase classname="chrome.136_0_7103_93.windows.Set_up_pricing_rule(OT)_104624" name="Should create new pricing rule on the created resource from earlier module or above" time="73.551">
      <system-out><![CDATA[
COMMAND: POST /session/c666597816bb06b037137736d1e0af6d/execute/async - {"script":"<script> [1562 bytes]","args":[{"selector":{"controlType":"sap.m.GenericTile","properties":{"header":"Manage Pricing Rules"}},"wdio_ui5_key":"sapm.GenericTile{\"header\":\"Manage Pricing Rules\"}"}]}
RESULT: {"script":"<script> [1562 bytes]","args":[{"selector":{"controlType":"sap.m.GenericTile","properties":{"header":"Manage Pricing Rules"}},"wdio_ui5_key":"sapm.GenericTile{\"header\":\"Manage Pricing Rules\"}"}]}
RESULT: undefined
COMMAND: POST /session/c666597816bb06b037137736d1e0af6d/element - {"using":"xpath","value":"//*[@id=\"__tile55\"]"}
RESULT: {"using":"xpath","value":"//*[@id=\"__tile55\"]"}
COMMAND: POST /session/c666597816bb06b037137736d1e0af6d/element/f.E67777013E942907EFF236C95151777C.d.7DCD712F8FF6C3A33763900B870E4794.e.2173/click - {}
RESULT: {}
COMMAND: GET /session/c666597816bb06b037137736d1e0af6d/screenshot - {}
RESULT: {}
COMMAND: POST /session/c666597816bb06b037137736d1e0af6d/elements - {"using":"xpath","value":"//span[text()='Error']"}
RESULT: {"using":"xpath","value":"//span[text()='Error']"}
COMMAND: POST /session/c666597816bb06b037137736d1e0af6d/execute/async - {"script":"<script> [1562 bytes]","args":[{"selector":{"controlType":"sap.ui.core.Icon","viewName":"etm.portal.ui.managepricingrules.view.MasterHeader","viewId":"application-managepricingrules-display-component---priceInfoHeader","properties":{"src":{"regex":{"source":"activity\\-items"}}}},"wdio_ui5_key":"etmportal.ui.managepricingrules.view.MasterHeadersap.ui.core.Icon{\"src\":{\"regex\":{\"source\":\"activity\\\\-items\"}}}"}]}
RESULT: {"script":"<script> [1562 bytes]","args":[{"selector":{"controlType":"sap.ui.core.Icon","viewName":"etm.portal.ui.managepricingrules.view.MasterHeader","viewId":"application-managepricingrules-display-component---priceInfoHeader","properties":{"src":{"regex":{"source":"activity\\-items"}}}},"wdio_ui5_key":"etmportal.ui.managepricingrules.view.MasterHeadersap.ui.core.Icon{\"src\":{\"regex\":{\"source\":\"activity\\\\-items\"}}}"}]}
RESULT: undefined
COMMAND: POST /session/c666597816bb06b037137736d1e0af6d/element - {"using":"xpath","value":"//*[@id=\"__filter1-icon\"]"}
RESULT: {"using":"xpath","value":"//*[@id=\"__filter1-icon\"]"}
COMMAND: POST /session/c666597816bb06b037137736d1e0af6d/element/f.E67777013E942907EFF236C95151777C.d.7DCD712F8FF6C3A33763900B870E4794.e.2227/click - {}
RESULT: {}
COMMAND: GET /session/c666597816bb06b037137736d1e0af6d/screenshot - {}
RESULT: {}
COMMAND: POST /session/c666597816bb06b037137736d1e0af6d/element - {"using":"xpath","value":"//button[@data-kt=\"addButton\"]"}
RESULT: {"using":"xpath","value":"//button[@data-kt=\"addButton\"]"}
COMMAND: POST /session/c666597816bb06b037137736d1e0af6d/elements - {"using":"xpath","value":"//button[@data-kt=\"addButton\"]"}
RESULT: {"using":"xpath","value":"//button[@data-kt=\"addButton\"]"}
COMMAND: POST /session/c666597816bb06b037137736d1e0af6d/execute/sync - {"script":"<script> [8489 bytes]","args":[{"element-6066-11e4-a52e-4f735466cecf":"f.E67777013E942907EFF236C95151777C.d.7DCD712F8FF6C3A33763900B870E4794.e.2276","ELEMENT":"f.E67777013E942907EFF236C95151777C.d.7DCD712F8FF6C3A33763900B870E4794.e.2276"}]}
RESULT: {"script":"<script> [8489 bytes]","args":[{"element-6066-11e4-a52e-4f735466cecf":"f.E67777013E942907EFF236C95151777C.d.7DCD712F8FF6C3A33763900B870E4794.e.2276","ELEMENT":"f.E67777013E942907EFF236C95151777C.d.7DCD712F8FF6C3A33763900B870E4794.e.2276"}]}
COMMAND: GET /session/c666597816bb06b037137736d1e0af6d/element/f.E67777013E942907EFF236C95151777C.d.7DCD712F8FF6C3A33763900B870E4794.e.2276/enabled - {}
COMMAND: GET /session/c666597816bb06b037137736d1e0af6d/screenshot - {}
RESULT: {}
COMMAND: POST /session/c666597816bb06b037137736d1e0af6d/execute/sync - {"script":"<script> [8489 bytes]","args":[{"element-6066-11e4-a52e-4f735466cecf":"f.E67777013E942907EFF236C95151777C.d.7DCD712F8FF6C3A33763900B870E4794.e.2276","ELEMENT":"f.E67777013E942907EFF236C95151777C.d.7DCD712F8FF6C3A33763900B870E4794.e.2276"}]}
COMMAND: GET /session/c666597816bb06b037137736d1e0af6d/screenshot - {}
RESULT: {}
RESULT: {"script":"<script> [8489 bytes]","args":[{"element-6066-11e4-a52e-4f735466cecf":"f.E67777013E942907EFF236C95151777C.d.7DCD712F8FF6C3A33763900B870E4794.e.2276","ELEMENT":"f.E67777013E942907EFF236C95151777C.d.7DCD712F8FF6C3A33763900B870E4794.e.2276"}]}
COMMAND: POST /session/c666597816bb06b037137736d1e0af6d/execute/sync - {"script":"<script> [5351 bytes]","args":[{"element-6066-11e4-a52e-4f735466cecf":"f.E67777013E942907EFF236C95151777C.d.7DCD712F8FF6C3A33763900B870E4794.e.2276","ELEMENT":"f.E67777013E942907EFF236C95151777C.d.7DCD712F8FF6C3A33763900B870E4794.e.2276"}]}
COMMAND: GET /session/c666597816bb06b037137736d1e0af6d/screenshot - {}
RESULT: {}
RESULT: {"script":"<script> [5351 bytes]","args":[{"element-6066-11e4-a52e-4f735466cecf":"f.E67777013E942907EFF236C95151777C.d.7DCD712F8FF6C3A33763900B870E4794.e.2276","ELEMENT":"f.E67777013E942907EFF236C95151777C.d.7DCD712F8FF6C3A33763900B870E4794.e.2276"}]}
COMMAND: POST /session/c666597816bb06b037137736d1e0af6d/element/f.E67777013E942907EFF236C95151777C.d.7DCD712F8FF6C3A33763900B870E4794.e.2276/click - {}
COMMAND: GET /session/c666597816bb06b037137736d1e0af6d/screenshot - {}
RESULT: {}
RESULT: {}
COMMAND: GET /session/c666597816bb06b037137736d1e0af6d/screenshot - {}
RESULT: {}
RESULT: {}
COMMAND: POST /session/c666597816bb06b037137736d1e0af6d/execute/async - {"script":"<script> [1562 bytes]","args":[{"selector":{"controlType":"sap.m.Title","viewName":"etm.portal.ui.managepricingrules.view.NewItem","viewId":"application-managepricingrules-display-component---newInfoPriceItem","properties":{"text":"New Pricing Rules - Item Level"}},"wdio_ui5_key":"etmportal.ui.managepricingrules.view.NewItemsap.m.Title{\"text\":\"New Pricing Rules - Item Level\"}"}]}
RESULT: {"script":"<script> [1562 bytes]","args":[{"selector":{"controlType":"sap.m.Title","viewName":"etm.portal.ui.managepricingrules.view.NewItem","viewId":"application-managepricingrules-display-component---newInfoPriceItem","properties":{"text":"New Pricing Rules - Item Level"}},"wdio_ui5_key":"etmportal.ui.managepricingrules.view.NewItemsap.m.Title{\"text\":\"New Pricing Rules - Item Level\"}"}]}
RESULT: undefined
COMMAND: POST /session/c666597816bb06b037137736d1e0af6d/execute/async - {"script":"<script> [6424 bytes]","args":[{"element-6066-11e4-a52e-4f735466cecf":"f.E67777013E942907EFF236C95151777C.d.7DCD712F8FF6C3A33763900B870E4794.e.2563"},"getText",[]]}
RESULT: {"script":"<script> [6424 bytes]","args":[{"element-6066-11e4-a52e-4f735466cecf":"f.E67777013E942907EFF236C95151777C.d.7DCD712F8FF6C3A33763900B870E4794.e.2563"},"getText",[]]}
COMMAND: POST /session/c666597816bb06b037137736d1e0af6d/execute/async - {"script":"<script> [1562 bytes]","args":[{"selector":{"id":"application-managepricingrules-display-component---newInfoPriceItem--condValidTo","interaction":{"idSuffix":"inner"}},"wdio_ui5_key":"applicationmanagepricingrules-display-component---newInfoPriceItem--condValidTo"}]}
RESULT: {"script":"<script> [1562 bytes]","args":[{"selector":{"id":"application-managepricingrules-display-component---newInfoPriceItem--condValidTo","interaction":{"idSuffix":"inner"}},"wdio_ui5_key":"applicationmanagepricingrules-display-component---newInfoPriceItem--condValidTo"}]}
RESULT: undefined
COMMAND: POST /session/c666597816bb06b037137736d1e0af6d/execute/async - {"script":"<script> [776 bytes]","args":[{"enterText":"1/16/26","selector":{"id":"application-managepricingrules-display-component---newInfoPriceItem--condValidTo","interaction":{"idSuffix":"inner"}},"clearTextFirst":true,"interactionType":"ENTER_TEXT"}]}
RESULT: {"script":"<script> [776 bytes]","args":[{"enterText":"1/16/26","selector":{"id":"application-managepricingrules-display-component---newInfoPriceItem--condValidTo","interaction":{"idSuffix":"inner"}},"clearTextFirst":true,"interactionType":"ENTER_TEXT"}]}
COMMAND: POST /session/c666597816bb06b037137736d1e0af6d/element - {"using":"xpath","value":"//input[@id=\"application-managepricingrules-display-component---newInfoPriceItem--condRU-inner\"]"}
RESULT: {"using":"xpath","value":"//input[@id=\"application-managepricingrules-display-component---newInfoPriceItem--condRU-inner\"]"}
COMMAND: POST /session/c666597816bb06b037137736d1e0af6d/element/f.E67777013E942907EFF236C95151777C.d.7DCD712F8FF6C3A33763900B870E4794.e.2532/clear - {}
RESULT: {}
COMMAND: POST /session/c666597816bb06b037137736d1e0af6d/element/f.E67777013E942907EFF236C95151777C.d.7DCD712F8FF6C3A33763900B870E4794.e.2532/value - {"text":"8Ug54WRSlk"}
COMMAND: GET /session/c666597816bb06b037137736d1e0af6d/screenshot - {}
RESULT: {"text":"8Ug54WRSlk"}
COMMAND: GET /session/c666597816bb06b037137736d1e0af6d/screenshot - {}
RESULT: {}
RESULT: {}
COMMAND: POST /session/c666597816bb06b037137736d1e0af6d/execute/async - {"script":"<script> [1562 bytes]","args":[{"selector":{"id":"application-managepricingrules-display-component---newInfoPriceItem--billType-arrow"},"wdio_ui5_key":"applicationmanagepricingrules-display-component---newInfoPriceItem--billType-arrow"}]}
RESULT: {"script":"<script> [1562 bytes]","args":[{"selector":{"id":"application-managepricingrules-display-component---newInfoPriceItem--billType-arrow"},"wdio_ui5_key":"applicationmanagepricingrules-display-component---newInfoPriceItem--billType-arrow"}]}
RESULT: undefined
COMMAND: POST /session/c666597816bb06b037137736d1e0af6d/element - {"using":"xpath","value":"//*[@id=\"application-managepricingrules-display-component---newInfoPriceItem--billType-arrow\"]"}
RESULT: {"using":"xpath","value":"//*[@id=\"application-managepricingrules-display-component---newInfoPriceItem--billType-arrow\"]"}
COMMAND: POST /session/c666597816bb06b037137736d1e0af6d/element/f.E67777013E942907EFF236C95151777C.d.7DCD712F8FF6C3A33763900B870E4794.e.2630/click - {}
RESULT: {}
COMMAND: POST /session/c666597816bb06b037137736d1e0af6d/element - {"using":"xpath","value":"//span[contains(text(), \"OT - Sales (one-time)\")]"}
COMMAND: GET /session/c666597816bb06b037137736d1e0af6d/screenshot - {}
RESULT: {"using":"xpath","value":"//span[contains(text(), \"OT - Sales (one-time)\")]"}
COMMAND: POST /session/c666597816bb06b037137736d1e0af6d/element/f.E67777013E942907EFF236C95151777C.d.7DCD712F8FF6C3A33763900B870E4794.e.2671/click - {}
RESULT: {}
RESULT: {}
COMMAND: POST /session/c666597816bb06b037137736d1e0af6d/execute/async - {"script":"<script> [1562 bytes]","args":[{"selector":{"id":"application-managepricingrules-display-component---newInfoPriceItem--priceProc-arrow"},"wdio_ui5_key":"applicationmanagepricingrules-display-component---newInfoPriceItem--priceProc-arrow"}]}
COMMAND: GET /session/c666597816bb06b037137736d1e0af6d/screenshot - {}
RESULT: {"script":"<script> [1562 bytes]","args":[{"selector":{"id":"application-managepricingrules-display-component---newInfoPriceItem--priceProc-arrow"},"wdio_ui5_key":"applicationmanagepricingrules-display-component---newInfoPriceItem--priceProc-arrow"}]}
RESULT: undefined
COMMAND: POST /session/c666597816bb06b037137736d1e0af6d/element - {"using":"xpath","value":"//*[@id=\"application-managepricingrules-display-component---newInfoPriceItem--priceProc-arrow\"]"}
RESULT: {}
RESULT: {"using":"xpath","value":"//*[@id=\"application-managepricingrules-display-component---newInfoPriceItem--priceProc-arrow\"]"}
COMMAND: POST /session/c666597816bb06b037137736d1e0af6d/element/f.E67777013E942907EFF236C95151777C.d.7DCD712F8FF6C3A33763900B870E4794.e.2637/click - {}
RESULT: {}
COMMAND: POST /session/c666597816bb06b037137736d1e0af6d/element - {"using":"xpath","value":"//span[contains(text(), \"MAT - Material\")]"}
COMMAND: GET /session/c666597816bb06b037137736d1e0af6d/screenshot - {}
RESULT: {"using":"xpath","value":"//span[contains(text(), \"MAT - Material\")]"}
COMMAND: POST /session/c666597816bb06b037137736d1e0af6d/element/f.E67777013E942907EFF236C95151777C.d.7DCD712F8FF6C3A33763900B870E4794.e.2672/click - {}
RESULT: {}
RESULT: {}
COMMAND: POST /session/c666597816bb06b037137736d1e0af6d/execute/async - {"script":"<script> [1562 bytes]","args":[{"selector":{"id":"application-managepricingrules-display-component---newInfoPriceItem--calcBase-arrow"},"wdio_ui5_key":"applicationmanagepricingrules-display-component---newInfoPriceItem--calcBase-arrow"}]}
COMMAND: GET /session/c666597816bb06b037137736d1e0af6d/screenshot - {}
RESULT: {"script":"<script> [1562 bytes]","args":[{"selector":{"id":"application-managepricingrules-display-component---newInfoPriceItem--calcBase-arrow"},"wdio_ui5_key":"applicationmanagepricingrules-display-component---newInfoPriceItem--calcBase-arrow"}]}
RESULT: undefined
COMMAND: POST /session/c666597816bb06b037137736d1e0af6d/element - {"using":"xpath","value":"//*[@id=\"application-managepricingrules-display-component---newInfoPriceItem--calcBase-arrow\"]"}
RESULT: {}
RESULT: {"using":"xpath","value":"//*[@id=\"application-managepricingrules-display-component---newInfoPriceItem--calcBase-arrow\"]"}
COMMAND: POST /session/c666597816bb06b037137736d1e0af6d/element/f.E67777013E942907EFF236C95151777C.d.7DCD712F8FF6C3A33763900B870E4794.e.2644/click - {}
RESULT: {}
COMMAND: GET /session/c666597816bb06b037137736d1e0af6d/screenshot - {}
RESULT: {}
COMMAND: POST /session/c666597816bb06b037137736d1e0af6d/element - {"using":"xpath","value":"//span[contains(text(), \"0001 - TB(exact month + cal_days)\")]"}
RESULT: {"using":"xpath","value":"//span[contains(text(), \"0001 - TB(exact month + cal_days)\")]"}
COMMAND: POST /session/c666597816bb06b037137736d1e0af6d/element/f.E67777013E942907EFF236C95151777C.d.7DCD712F8FF6C3A33763900B870E4794.e.2673/click - {}
RESULT: {}
COMMAND: GET /session/c666597816bb06b037137736d1e0af6d/screenshot - {}
RESULT: {}
COMMAND: POST /session/c666597816bb06b037137736d1e0af6d/element - {"using":"xpath","value":"//button[@data-kt=\"saveNewRuleButton\"]"}
RESULT: {"using":"xpath","value":"//button[@data-kt=\"saveNewRuleButton\"]"}
COMMAND: POST /session/c666597816bb06b037137736d1e0af6d/element/f.E67777013E942907EFF236C95151777C.d.7DCD712F8FF6C3A33763900B870E4794.e.2664/click - {}
RESULT: {}
COMMAND: GET /session/c666597816bb06b037137736d1e0af6d/screenshot - {}
RESULT: {}
COMMAND: POST /session/c666597816bb06b037137736d1e0af6d/execute/async - {"script":"<script> [1562 bytes]","args":[{"selector":{"id":"application-managepricingrules-display-component---priceInfoItem--smartFilterBar-btnBasicSearch","interaction":{"idSuffix":"I"}},"wdio_ui5_key":"applicationmanagepricingrules-display-component---priceInfoItem--smartFilterBar-btnBasicSearch"}]}
RESULT: {"script":"<script> [1562 bytes]","args":[{"selector":{"id":"application-managepricingrules-display-component---priceInfoItem--smartFilterBar-btnBasicSearch","interaction":{"idSuffix":"I"}},"wdio_ui5_key":"applicationmanagepricingrules-display-component---priceInfoItem--smartFilterBar-btnBasicSearch"}]}
RESULT: undefined
COMMAND: POST /session/c666597816bb06b037137736d1e0af6d/execute/async - {"script":"<script> [776 bytes]","args":[{"enterText":"8Ug54WRSlk","selector":{"id":"application-managepricingrules-display-component---priceInfoItem--smartFilterBar-btnBasicSearch","interaction":{"idSuffix":"I"}},"clearTextFirst":true,"interactionType":"ENTER_TEXT"}]}
RESULT: {"script":"<script> [776 bytes]","args":[{"enterText":"8Ug54WRSlk","selector":{"id":"application-managepricingrules-display-component---priceInfoItem--smartFilterBar-btnBasicSearch","interaction":{"idSuffix":"I"}},"clearTextFirst":true,"interactionType":"ENTER_TEXT"}]}
COMMAND: POST /session/c666597816bb06b037137736d1e0af6d/actions - {"actions":[{"id":"action10","type":"key","parameters":{},"actions":[{"type":"keyDown","value":"î€‡"},{"type":"pause","duration":10},{"type":"keyUp","value":"î€‡"}]}]}
RESULT: {"actions":[{"id":"action10","type":"key","parameters":{},"actions":[{"type":"keyDown","value":"î€‡"},{"type":"pause","duration":10},{"type":"keyUp","value":"î€‡"}]}]}
COMMAND: GET /session/c666597816bb06b037137736d1e0af6d/screenshot - {}
COMMAND: POST /session/c666597816bb06b037137736d1e0af6d/element - {"using":"xpath","value":"//span[@id=\"application-managepricingrules-display-component---priceInfoItem--smartTable-header-inner\"]"}
RESULT: {}
RESULT: {"using":"xpath","value":"//span[@id=\"application-managepricingrules-display-component---priceInfoItem--smartTable-header-inner\"]"}
COMMAND: POST /session/c666597816bb06b037137736d1e0af6d/elements - {"using":"xpath","value":"//span[@id=\"application-managepricingrules-display-component---priceInfoItem--smartTable-header-inner\"]"}
RESULT: {"using":"xpath","value":"//span[@id=\"application-managepricingrules-display-component---priceInfoItem--smartTable-header-inner\"]"}
COMMAND: POST /session/c666597816bb06b037137736d1e0af6d/execute/sync - {"script":"<script> [56 bytes]","args":[{"element-6066-11e4-a52e-4f735466cecf":"f.E67777013E942907EFF236C95151777C.d.7DCD712F8FF6C3A33763900B870E4794.e.2689","ELEMENT":"f.E67777013E942907EFF236C95151777C.d.7DCD712F8FF6C3A33763900B870E4794.e.2689"}]}
RESULT: {"script":"<script> [56 bytes]","args":[{"element-6066-11e4-a52e-4f735466cecf":"f.E67777013E942907EFF236C95151777C.d.7DCD712F8FF6C3A33763900B870E4794.e.2689","ELEMENT":"f.E67777013E942907EFF236C95151777C.d.7DCD712F8FF6C3A33763900B870E4794.e.2689"}]}
COMMAND: POST /session/c666597816bb06b037137736d1e0af6d/element - {"using":"css selector","value":"#shell-header-logo"}
RESULT: {"using":"css selector","value":"#shell-header-logo"}
COMMAND: POST /session/c666597816bb06b037137736d1e0af6d/element/f.E67777013E942907EFF236C95151777C.d.7DCD712F8FF6C3A33763900B870E4794.e.2179/click - {}
COMMAND: GET /session/c666597816bb06b037137736d1e0af6d/screenshot - {}
RESULT: {}
COMMAND: GET /session/c666597816bb06b037137736d1e0af6d/screenshot - {}
RESULT: {}
COMMAND: POST /session/c666597816bb06b037137736d1e0af6d/element - {"using":"css selector","value":"#j_username"}
COMMAND: POST /session/c666597816bb06b037137736d1e0af6d/url - {"url":"https://qa-testing-00-live-etm-ui.cfapps.eu10-004.hana.ondemand.com/"}
RESULT: {}
RESULT: {"using":"css selector","value":"#j_username"}
COMMAND: POST /session/c666597816bb06b037137736d1e0af6d/element - {"using":"css selector","value":"#j_username"}
RESULT: {"url":"https://qa-testing-00-live-etm-ui.cfapps.eu10-004.hana.ondemand.com/"}
RESULT: undefined
COMMAND: GET /session/c666597816bb06b037137736d1e0af6d/screenshot - {}
RESULT: {"using":"css selector","value":"#j_username"}
COMMAND: POST /session/c666597816bb06b037137736d1e0af6d/element - {"using":"css selector","value":"#shell-header-logo"}
RESULT: {}
RESULT: {"using":"css selector","value":"#shell-header-logo"}
COMMAND: POST /session/c666597816bb06b037137736d1e0af6d/execute/sync - {"script":"<script> [8489 bytes]","args":[{"element-6066-11e4-a52e-4f735466cecf":"f.E67777013E942907EFF236C95151777C.d.B267B271308C1445FB20A68BCFBD38A8.e.2707","ELEMENT":"f.E67777013E942907EFF236C95151777C.d.B267B271308C1445FB20A68BCFBD38A8.e.2707"}]}
RESULT: {"script":"<script> [8489 bytes]","args":[{"element-6066-11e4-a52e-4f735466cecf":"f.E67777013E942907EFF236C95151777C.d.B267B271308C1445FB20A68BCFBD38A8.e.2707","ELEMENT":"f.E67777013E942907EFF236C95151777C.d.B267B271308C1445FB20A68BCFBD38A8.e.2707"}]}
COMMAND: POST /session/c666597816bb06b037137736d1e0af6d/element - {"using":"css selector","value":"#shell-header-logo"}
COMMAND: GET /session/c666597816bb06b037137736d1e0af6d/screenshot - {}
RESULT: {"using":"css selector","value":"#shell-header-logo"}
COMMAND: POST /session/c666597816bb06b037137736d1e0af6d/execute/sync - {"script":"<script> [8489 bytes]","args":[{"element-6066-11e4-a52e-4f735466cecf":"f.E67777013E942907EFF236C95151777C.d.B267B271308C1445FB20A68BCFBD38A8.e.2707","ELEMENT":"f.E67777013E942907EFF236C95151777C.d.B267B271308C1445FB20A68BCFBD38A8.e.2707"}]}
RESULT: {}
RESULT: {"script":"<script> [8489 bytes]","args":[{"element-6066-11e4-a52e-4f735466cecf":"f.E67777013E942907EFF236C95151777C.d.B267B271308C1445FB20A68BCFBD38A8.e.2707","ELEMENT":"f.E67777013E942907EFF236C95151777C.d.B267B271308C1445FB20A68BCFBD38A8.e.2707"}]}
COMMAND: POST /session/c666597816bb06b037137736d1e0af6d/execute/sync - {"script":"<script> [5351 bytes]","args":[{"element-6066-11e4-a52e-4f735466cecf":"f.E67777013E942907EFF236C95151777C.d.B267B271308C1445FB20A68BCFBD38A8.e.2707","ELEMENT":"f.E67777013E942907EFF236C95151777C.d.B267B271308C1445FB20A68BCFBD38A8.e.2707"}]}
COMMAND: GET /session/c666597816bb06b037137736d1e0af6d/screenshot - {}
RESULT: {"script":"<script> [5351 bytes]","args":[{"element-6066-11e4-a52e-4f735466cecf":"f.E67777013E942907EFF236C95151777C.d.B267B271308C1445FB20A68BCFBD38A8.e.2707","ELEMENT":"f.E67777013E942907EFF236C95151777C.d.B267B271308C1445FB20A68BCFBD38A8.e.2707"}]}
COMMAND: POST /session/c666597816bb06b037137736d1e0af6d/element - {"using":"css selector","value":"#shell-header-logo"}
COMMAND: GET /session/c666597816bb06b037137736d1e0af6d/screenshot - {}
RESULT: {}
RESULT: {"using":"css selector","value":"#shell-header-logo"}
COMMAND: POST /session/c666597816bb06b037137736d1e0af6d/element/f.E67777013E942907EFF236C95151777C.d.B267B271308C1445FB20A68BCFBD38A8.e.2707/click - {}
RESULT: {}
RESULT: {}
COMMAND: GET /session/c666597816bb06b037137736d1e0af6d/screenshot - {}
RESULT: {}
COMMAND: POST /session/c666597816bb06b037137736d1e0af6d/execute/async - {"script":"<script> [189 bytes]","args":[]}
RESULT: {"script":"<script> [189 bytes]","args":[]}
COMMAND: POST /session/c666597816bb06b037137736d1e0af6d/execute/async - {"script":"<script> [123 bytes]","args":[]}
RESULT: {"script":"<script> [123 bytes]","args":[]}
COMMAND: POST /session/c666597816bb06b037137736d1e0af6d/timeouts - {"script":"<number>"}
RESULT: {"script":"<number>"}
COMMAND: GET /session/c666597816bb06b037137736d1e0af6d/timeouts - {}
RESULT: {}
RESULT: undefined
COMMAND: POST /session/c666597816bb06b037137736d1e0af6d/execute/async - {"script":"<script> [2676 bytes]","args":[]}
RESULT: {"script":"<script> [2676 bytes]","args":[]}
COMMAND: POST /session/c666597816bb06b037137736d1e0af6d/execute/async - {"script":"<script> [2342 bytes]","args":[{"protocol":"http","hostname":"0.0.0.0","path":"/","capabilities":{"browserName":"chrome","goog:chromeOptions":{"binary":"C:\\Program Files\\Google\\Chrome\\Application\\chrome.exe","args":["--start-maximized"]}},"logLevel":"warn","connectionRetryTimeout":120000,"connectionRetryCount":3,"logLevels":{},"enableDirectConnect":true,"strictSSL":true,"_":"65 more keys: [\"cacheDir\",\"port\",\"requestedCapabilities\",\"automationProtocol\",\"baseUrl\",\"waitforInterval\",\"waitforTimeout\",\"onReload\",\"beforeCommand\",\"afterCommand\",\"rootDir\",\"specs\",\"suites\",\"exclude\",\"groupLogsByTestSpec\",\"excludeDriverLogs\",\"bail\",\"framework\",\"reporters\",\"services\",\"maxInstances\",\"maxInstancesPerCapability\",\"injectGlobals\",\"filesToWatch\",\"execArgv\",\"runnerEnv\",\"runner\",\"shard\",\"specFileRetries\",\"specFileRetriesDelay\",\"specFileRetriesDeferred\",\"reporterSyncInterval\",\"reporterSyncTimeout\",\"cucumberFeaturesWithLineNumbers\",\"autoCompileOpts\",\"mochaOpts\",\"jasmineOpts\",\"cucumberOpts\",\"onPrepare\",\"onWorkerStart\",\"onWorkerEnd\",\"before\",\"beforeSession\",\"beforeSuite\",\"beforeHook\",\"beforeTest\",\"afterTest\",\"afterHook\",\"afterSuite\",\"afterSession\",\"after\",\"onComplete\",\"beforeAssertion\",\"afterAssertion\",\"beforeFeature\",\"beforeScenario\",\"beforeStep\",\"afterStep\",\"afterScenario\",\"afterFeature\",\"_\",\"suite\",\"$0\",\"ignoredWorkerServices\",\"wdi5\"]"}]}
RESULT: {"script":"<script> [2342 bytes]","args":[{"protocol":"http","hostname":"0.0.0.0","path":"/","capabilities":{"browserName":"chrome","goog:chromeOptions":{"binary":"C:\\Program Files\\Google\\Chrome\\Application\\chrome.exe","args":["--start-maximized"]}},"logLevel":"warn","connectionRetryTimeout":120000,"connectionRetryCount":3,"logLevels":{},"enableDirectConnect":true,"strictSSL":true,"_":"65 more keys: [\"cacheDir\",\"port\",\"requestedCapabilities\",\"automationProtocol\",\"baseUrl\",\"waitforInterval\",\"waitforTimeout\",\"onReload\",\"beforeCommand\",\"afterCommand\",\"rootDir\",\"specs\",\"suites\",\"exclude\",\"groupLogsByTestSpec\",\"excludeDriverLogs\",\"bail\",\"framework\",\"reporters\",\"services\",\"maxInstances\",\"maxInstancesPerCapability\",\"injectGlobals\",\"filesToWatch\",\"execArgv\",\"runnerEnv\",\"runner\",\"shard\",\"specFileRetries\",\"specFileRetriesDelay\",\"specFileRetriesDeferred\",\"reporterSyncInterval\",\"reporterSyncTimeout\",\"cucumberFeaturesWithLineNumbers\",\"autoCompileOpts\",\"mochaOpts\",\"jasmineOpts\",\"cucumberOpts\",\"onPrepare\",\"onWorkerStart\",\"onWorkerEnd\",\"before\",\"beforeSession\",\"beforeSuite\",\"beforeHook\",\"beforeTest\",\"afterTest\",\"afterHook\",\"afterSuite\",\"afterSession\",\"after\",\"onComplete\",\"beforeAssertion\",\"afterAssertion\",\"beforeFeature\",\"beforeScenario\",\"beforeStep\",\"afterStep\",\"afterScenario\",\"afterFeature\",\"_\",\"suite\",\"$0\",\"ignoredWorkerServices\",\"wdi5\"]"}]}
COMMAND: POST /session/c666597816bb06b037137736d1e0af6d/execute/async - {"script":"<script> [21126 bytes]","args":[35000]}
RESULT: {"script":"<script> [21126 bytes]","args":[35000]}
COMMAND: POST /session/c666597816bb06b037137736d1e0af6d/window/maximize - {}
RESULT: {}
COMMAND: POST /session/c666597816bb06b037137736d1e0af6d/execute/async - {"script":"<script> [1562 bytes]","args":[{"selector":{"id":"shell-header","interaction":{"idSuffix":"icon"}},"wdio_ui5_key":"shellheader"}]}
COMMAND: GET /session/c666597816bb06b037137736d1e0af6d/screenshot - {}
RESULT: {"script":"<script> [1562 bytes]","args":[{"selector":{"id":"shell-header","interaction":{"idSuffix":"icon"}},"wdio_ui5_key":"shellheader"}]}
RESULT: undefined
COMMAND: POST /session/c666597816bb06b037137736d1e0af6d/refresh - {}
RESULT: {}
RESULT: {}
COMMAND: GET /session/c666597816bb06b037137736d1e0af6d/screenshot - {}
RESULT: {}
COMMAND: POST /session/c666597816bb06b037137736d1e0af6d/refresh - {}
RESULT: {}
COMMAND: GET /session/c666597816bb06b037137736d1e0af6d/screenshot - {}
RESULT: {}
COMMAND: POST /session/c666597816bb06b037137736d1e0af6d/window/fullscreen - {}
RESULT: {}
COMMAND: POST /session/c666597816bb06b037137736d1e0af6d/execute/async - {"script":"<script> [189 bytes]","args":[]}
RESULT: {"script":"<script> [189 bytes]","args":[]}
COMMAND: POST /session/c666597816bb06b037137736d1e0af6d/execute/async - {"script":"<script> [123 bytes]","args":[]}
RESULT: {"script":"<script> [123 bytes]","args":[]}
COMMAND: POST /session/c666597816bb06b037137736d1e0af6d/timeouts - {"script":"<number>"}
RESULT: {"script":"<number>"}
COMMAND: GET /session/c666597816bb06b037137736d1e0af6d/timeouts - {}
RESULT: {}
RESULT: undefined
COMMAND: POST /session/c666597816bb06b037137736d1e0af6d/execute/async - {"script":"<script> [2676 bytes]","args":[]}
RESULT: {"script":"<script> [2676 bytes]","args":[]}
COMMAND: POST /session/c666597816bb06b037137736d1e0af6d/execute/async - {"script":"<script> [2342 bytes]","args":[{"protocol":"http","hostname":"0.0.0.0","path":"/","capabilities":{"browserName":"chrome","goog:chromeOptions":{"binary":"C:\\Program Files\\Google\\Chrome\\Application\\chrome.exe","args":["--start-maximized"]}},"logLevel":"warn","connectionRetryTimeout":120000,"connectionRetryCount":3,"logLevels":{},"enableDirectConnect":true,"strictSSL":true,"_":"65 more keys: [\"cacheDir\",\"port\",\"requestedCapabilities\",\"automationProtocol\",\"baseUrl\",\"waitforInterval\",\"waitforTimeout\",\"onReload\",\"beforeCommand\",\"afterCommand\",\"rootDir\",\"specs\",\"suites\",\"exclude\",\"groupLogsByTestSpec\",\"excludeDriverLogs\",\"bail\",\"framework\",\"reporters\",\"services\",\"maxInstances\",\"maxInstancesPerCapability\",\"injectGlobals\",\"filesToWatch\",\"execArgv\",\"runnerEnv\",\"runner\",\"shard\",\"specFileRetries\",\"specFileRetriesDelay\",\"specFileRetriesDeferred\",\"reporterSyncInterval\",\"reporterSyncTimeout\",\"cucumberFeaturesWithLineNumbers\",\"autoCompileOpts\",\"mochaOpts\",\"jasmineOpts\",\"cucumberOpts\",\"onPrepare\",\"onWorkerStart\",\"onWorkerEnd\",\"before\",\"beforeSession\",\"beforeSuite\",\"beforeHook\",\"beforeTest\",\"afterTest\",\"afterHook\",\"afterSuite\",\"afterSession\",\"after\",\"onComplete\",\"beforeAssertion\",\"afterAssertion\",\"beforeFeature\",\"beforeScenario\",\"beforeStep\",\"afterStep\",\"afterScenario\",\"afterFeature\",\"_\",\"suite\",\"$0\",\"ignoredWorkerServices\",\"wdi5\"]"}]}
RESULT: {"script":"<script> [2342 bytes]","args":[{"protocol":"http","hostname":"0.0.0.0","path":"/","capabilities":{"browserName":"chrome","goog:chromeOptions":{"binary":"C:\\Program Files\\Google\\Chrome\\Application\\chrome.exe","args":["--start-maximized"]}},"logLevel":"warn","connectionRetryTimeout":120000,"connectionRetryCount":3,"logLevels":{},"enableDirectConnect":true,"strictSSL":true,"_":"65 more keys: [\"cacheDir\",\"port\",\"requestedCapabilities\",\"automationProtocol\",\"baseUrl\",\"waitforInterval\",\"waitforTimeout\",\"onReload\",\"beforeCommand\",\"afterCommand\",\"rootDir\",\"specs\",\"suites\",\"exclude\",\"groupLogsByTestSpec\",\"excludeDriverLogs\",\"bail\",\"framework\",\"reporters\",\"services\",\"maxInstances\",\"maxInstancesPerCapability\",\"injectGlobals\",\"filesToWatch\",\"execArgv\",\"runnerEnv\",\"runner\",\"shard\",\"specFileRetries\",\"specFileRetriesDelay\",\"specFileRetriesDeferred\",\"reporterSyncInterval\",\"reporterSyncTimeout\",\"cucumberFeaturesWithLineNumbers\",\"autoCompileOpts\",\"mochaOpts\",\"jasmineOpts\",\"cucumberOpts\",\"onPrepare\",\"onWorkerStart\",\"onWorkerEnd\",\"before\",\"beforeSession\",\"beforeSuite\",\"beforeHook\",\"beforeTest\",\"afterTest\",\"afterHook\",\"afterSuite\",\"afterSession\",\"after\",\"onComplete\",\"beforeAssertion\",\"afterAssertion\",\"beforeFeature\",\"beforeScenario\",\"beforeStep\",\"afterStep\",\"afterScenario\",\"afterFeature\",\"_\",\"suite\",\"$0\",\"ignoredWorkerServices\",\"wdi5\"]"}]}
COMMAND: POST /session/c666597816bb06b037137736d1e0af6d/execute/async - {"script":"<script> [21126 bytes]","args":[35000]}
RESULT: {"script":"<script> [21126 bytes]","args":[35000]}
]]></system-out>
    </testcase>
  </testsuite>
  <testsuite timestamp="2025-05-16T05:50:57" time="460.202" tests="6" failures="0" errors="0" skipped="0">
    <properties>
      <property name="specId" value="0" />
      <property name="suiteName" value="Edit and delete daily price US134629 US134627" />
      <property name="capabilities" value="chrome.136_0_7103_93.windows" />
      <property name="file" value="file:///D:/a/1/s/test/specs/BTS/conditions-prices-daily-price.spec.js" />
    </properties>
    <testcase classname="chrome.136_0_7103_93.windows.Edit_and_delete_daily_price_US134629_US134627" name="Should create a new yard used for all following tests" time="0.048">
      <system-out><![CDATA[
COMMAND: POST /session/c666597816bb06b037137736d1e0af6d/window/fullscreen - {}
RESULT: {}
]]></system-out>
    </testcase>
    <testcase classname="chrome.136_0_7103_93.windows.Edit_and_delete_daily_price_US134629_US134627" name="Should create a new partner" time="153.497">
      <system-out><![CDATA[
COMMAND: POST /session/c666597816bb06b037137736d1e0af6d/window/fullscreen - {}
RESULT: {}
COMMAND: POST /session/c666597816bb06b037137736d1e0af6d/execute/async - {"script":"<script> [1562 bytes]","args":[{"selector":{"controlType":"sap.m.GenericTile","properties":{"header":"Manage Partners"}},"wdio_ui5_key":"sapm.GenericTile{\"header\":\"Manage Partners\"}"}]}
RESULT: {"script":"<script> [1562 bytes]","args":[{"selector":{"controlType":"sap.m.GenericTile","properties":{"header":"Manage Partners"}},"wdio_ui5_key":"sapm.GenericTile{\"header\":\"Manage Partners\"}"}]}
RESULT: undefined
COMMAND: POST /session/c666597816bb06b037137736d1e0af6d/element - {"using":"xpath","value":"//*[@id=\"__tile38\"]"}
RESULT: {"using":"xpath","value":"//*[@id=\"__tile38\"]"}
COMMAND: POST /session/c666597816bb06b037137736d1e0af6d/element/f.E67777013E942907EFF236C95151777C.d.1B01F1DE45E5CD8EE2060525E1CE14CE.e.2861/click - {}
RESULT: {}
COMMAND: GET /session/c666597816bb06b037137736d1e0af6d/screenshot - {}
RESULT: {}
COMMAND: POST /session/c666597816bb06b037137736d1e0af6d/elements - {"using":"xpath","value":"//span[text()='Error']"}
RESULT: {"using":"xpath","value":"//span[text()='Error']"}
COMMAND: POST /session/c666597816bb06b037137736d1e0af6d/element - {"using":"xpath","value":"//button[@data-kt=\"addButton\"]"}
RESULT: {"using":"xpath","value":"//button[@data-kt=\"addButton\"]"}
COMMAND: POST /session/c666597816bb06b037137736d1e0af6d/elements - {"using":"xpath","value":"//button[@data-kt=\"addButton\"]"}
RESULT: {"using":"xpath","value":"//button[@data-kt=\"addButton\"]"}
COMMAND: POST /session/c666597816bb06b037137736d1e0af6d/elements - {"using":"xpath","value":"//button[@data-kt=\"addButton\"]"}
RESULT: {"using":"xpath","value":"//button[@data-kt=\"addButton\"]"}
COMMAND: POST /session/c666597816bb06b037137736d1e0af6d/elements - {"using":"xpath","value":"//button[@data-kt=\"addButton\"]"}
RESULT: {"using":"xpath","value":"//button[@data-kt=\"addButton\"]"}
COMMAND: POST /session/c666597816bb06b037137736d1e0af6d/elements - {"using":"xpath","value":"//button[@data-kt=\"addButton\"]"}
RESULT: {"using":"xpath","value":"//button[@data-kt=\"addButton\"]"}
COMMAND: POST /session/c666597816bb06b037137736d1e0af6d/elements - {"using":"xpath","value":"//button[@data-kt=\"addButton\"]"}
RESULT: {"using":"xpath","value":"//button[@data-kt=\"addButton\"]"}
COMMAND: POST /session/c666597816bb06b037137736d1e0af6d/elements - {"using":"xpath","value":"//button[@data-kt=\"addButton\"]"}
RESULT: {"using":"xpath","value":"//button[@data-kt=\"addButton\"]"}
COMMAND: POST /session/c666597816bb06b037137736d1e0af6d/elements - {"using":"xpath","value":"//button[@data-kt=\"addButton\"]"}
RESULT: {"using":"xpath","value":"//button[@data-kt=\"addButton\"]"}
COMMAND: POST /session/c666597816bb06b037137736d1e0af6d/elements - {"using":"xpath","value":"//button[@data-kt=\"addButton\"]"}
RESULT: {"using":"xpath","value":"//button[@data-kt=\"addButton\"]"}
COMMAND: POST /session/c666597816bb06b037137736d1e0af6d/elements - {"using":"xpath","value":"//button[@data-kt=\"addButton\"]"}
RESULT: {"using":"xpath","value":"//button[@data-kt=\"addButton\"]"}
COMMAND: POST /session/c666597816bb06b037137736d1e0af6d/elements - {"using":"xpath","value":"//button[@data-kt=\"addButton\"]"}
RESULT: {"using":"xpath","value":"//button[@data-kt=\"addButton\"]"}
COMMAND: POST /session/c666597816bb06b037137736d1e0af6d/elements - {"using":"xpath","value":"//button[@data-kt=\"addButton\"]"}
RESULT: {"using":"xpath","value":"//button[@data-kt=\"addButton\"]"}
COMMAND: POST /session/c666597816bb06b037137736d1e0af6d/elements - {"using":"xpath","value":"//button[@data-kt=\"addButton\"]"}
RESULT: {"using":"xpath","value":"//button[@data-kt=\"addButton\"]"}
COMMAND: POST /session/c666597816bb06b037137736d1e0af6d/elements - {"using":"xpath","value":"//button[@data-kt=\"addButton\"]"}
RESULT: {"using":"xpath","value":"//button[@data-kt=\"addButton\"]"}
COMMAND: POST /session/c666597816bb06b037137736d1e0af6d/elements - {"using":"xpath","value":"//button[@data-kt=\"addButton\"]"}
RESULT: {"using":"xpath","value":"//button[@data-kt=\"addButton\"]"}
COMMAND: POST /session/c666597816bb06b037137736d1e0af6d/element - {"using":"xpath","value":"//button[@data-kt=\"addButton\"]"}
RESULT: {"using":"xpath","value":"//button[@data-kt=\"addButton\"]"}
COMMAND: POST /session/c666597816bb06b037137736d1e0af6d/execute/sync - {"script":"<script> [8489 bytes]","args":[{"element-6066-11e4-a52e-4f735466cecf":"f.E67777013E942907EFF236C95151777C.d.1B01F1DE45E5CD8EE2060525E1CE14CE.e.3010","ELEMENT":"f.E67777013E942907EFF236C95151777C.d.1B01F1DE45E5CD8EE2060525E1CE14CE.e.3010"}]}
RESULT: {"script":"<script> [8489 bytes]","args":[{"element-6066-11e4-a52e-4f735466cecf":"f.E67777013E942907EFF236C95151777C.d.1B01F1DE45E5CD8EE2060525E1CE14CE.e.3010","ELEMENT":"f.E67777013E942907EFF236C95151777C.d.1B01F1DE45E5CD8EE2060525E1CE14CE.e.3010"}]}
COMMAND: GET /session/c666597816bb06b037137736d1e0af6d/element/f.E67777013E942907EFF236C95151777C.d.1B01F1DE45E5CD8EE2060525E1CE14CE.e.3010/enabled - {}
COMMAND: GET /session/c666597816bb06b037137736d1e0af6d/screenshot - {}
RESULT: {}
COMMAND: POST /session/c666597816bb06b037137736d1e0af6d/execute/sync - {"script":"<script> [8489 bytes]","args":[{"element-6066-11e4-a52e-4f735466cecf":"f.E67777013E942907EFF236C95151777C.d.1B01F1DE45E5CD8EE2060525E1CE14CE.e.3010","ELEMENT":"f.E67777013E942907EFF236C95151777C.d.1B01F1DE45E5CD8EE2060525E1CE14CE.e.3010"}]}
COMMAND: GET /session/c666597816bb06b037137736d1e0af6d/screenshot - {}
RESULT: {}
RESULT: {"script":"<script> [8489 bytes]","args":[{"element-6066-11e4-a52e-4f735466cecf":"f.E67777013E942907EFF236C95151777C.d.1B01F1DE45E5CD8EE2060525E1CE14CE.e.3010","ELEMENT":"f.E67777013E942907EFF236C95151777C.d.1B01F1DE45E5CD8EE2060525E1CE14CE.e.3010"}]}
COMMAND: POST /session/c666597816bb06b037137736d1e0af6d/execute/sync - {"script":"<script> [5351 bytes]","args":[{"element-6066-11e4-a52e-4f735466cecf":"f.E67777013E942907EFF236C95151777C.d.1B01F1DE45E5CD8EE2060525E1CE14CE.e.3010","ELEMENT":"f.E67777013E942907EFF236C95151777C.d.1B01F1DE45E5CD8EE2060525E1CE14CE.e.3010"}]}
COMMAND: GET /session/c666597816bb06b037137736d1e0af6d/screenshot - {}
RESULT: {}
RESULT: {"script":"<script> [5351 bytes]","args":[{"element-6066-11e4-a52e-4f735466cecf":"f.E67777013E942907EFF236C95151777C.d.1B01F1DE45E5CD8EE2060525E1CE14CE.e.3010","ELEMENT":"f.E67777013E942907EFF236C95151777C.d.1B01F1DE45E5CD8EE2060525E1CE14CE.e.3010"}]}
COMMAND: POST /session/c666597816bb06b037137736d1e0af6d/element/f.E67777013E942907EFF236C95151777C.d.1B01F1DE45E5CD8EE2060525E1CE14CE.e.3010/click - {}
COMMAND: GET /session/c666597816bb06b037137736d1e0af6d/screenshot - {}
RESULT: {}
RESULT: {}
COMMAND: GET /session/c666597816bb06b037137736d1e0af6d/screenshot - {}
COMMAND: POST /session/c666597816bb06b037137736d1e0af6d/execute/async - {"script":"<script> [1562 bytes]","args":[{"selector":{"id":"application-managepartners-display-component---NewPartner--addressDetailDetailsName1","interaction":{"idSuffix":"inner"}},"wdio_ui5_key":"applicationmanagepartners-display-component---NewPartner--addressDetailDetailsName1"}]}
RESULT: {}
RESULT: {}
RESULT: {"script":"<script> [1562 bytes]","args":[{"selector":{"id":"application-managepartners-display-component---NewPartner--addressDetailDetailsName1","interaction":{"idSuffix":"inner"}},"wdio_ui5_key":"applicationmanagepartners-display-component---NewPartner--addressDetailDetailsName1"}]}
RESULT: undefined
COMMAND: POST /session/c666597816bb06b037137736d1e0af6d/execute/async - {"script":"<script> [776 bytes]","args":[{"enterText":"DailyPrice Partner WDIO","selector":{"id":"application-managepartners-display-component---NewPartner--addressDetailDetailsName1","interaction":{"idSuffix":"inner"}},"clearTextFirst":true,"interactionType":"ENTER_TEXT"}]}
RESULT: {"script":"<script> [776 bytes]","args":[{"enterText":"DailyPrice Partner WDIO","selector":{"id":"application-managepartners-display-component---NewPartner--addressDetailDetailsName1","interaction":{"idSuffix":"inner"}},"clearTextFirst":true,"interactionType":"ENTER_TEXT"}]}
COMMAND: POST /session/c666597816bb06b037137736d1e0af6d/execute/async - {"script":"<script> [1562 bytes]","args":[{"selector":{"id":"application-managepartners-display-component---NewPartner--addressDetailDetailsLanguage-arrow"},"wdio_ui5_key":"applicationmanagepartners-display-component---NewPartner--addressDetailDetailsLanguage-arrow"}]}
RESULT: {"script":"<script> [1562 bytes]","args":[{"selector":{"id":"application-managepartners-display-component---NewPartner--addressDetailDetailsLanguage-arrow"},"wdio_ui5_key":"applicationmanagepartners-display-component---NewPartner--addressDetailDetailsLanguage-arrow"}]}
RESULT: undefined
COMMAND: POST /session/c666597816bb06b037137736d1e0af6d/element - {"using":"xpath","value":"//*[@id=\"application-managepartners-display-component---NewPartner--addressDetailDetailsLanguage-arrow\"]"}
RESULT: {"using":"xpath","value":"//*[@id=\"application-managepartners-display-component---NewPartner--addressDetailDetailsLanguage-arrow\"]"}
COMMAND: POST /session/c666597816bb06b037137736d1e0af6d/element/f.E67777013E942907EFF236C95151777C.d.1B01F1DE45E5CD8EE2060525E1CE14CE.e.3465/click - {}
RESULT: {}
COMMAND: POST /session/c666597816bb06b037137736d1e0af6d/element - {"using":"xpath","value":"//span[contains(text(), \"English\")]"}
COMMAND: GET /session/c666597816bb06b037137736d1e0af6d/screenshot - {}
RESULT: {"using":"xpath","value":"//span[contains(text(), \"English\")]"}
COMMAND: POST /session/c666597816bb06b037137736d1e0af6d/element/f.E67777013E942907EFF236C95151777C.d.1B01F1DE45E5CD8EE2060525E1CE14CE.e.3466/click - {}
RESULT: {}
RESULT: {}
COMMAND: GET /session/c666597816bb06b037137736d1e0af6d/screenshot - {}
RESULT: {}
COMMAND: POST /session/c666597816bb06b037137736d1e0af6d/execute/async - {"script":"<script> [1562 bytes]","args":[{"selector":{"id":"application-managepartners-display-component---NewPartner--addressDetailDetailsCity1","interaction":{"idSuffix":"inner"}},"wdio_ui5_key":"applicationmanagepartners-display-component---NewPartner--addressDetailDetailsCity1"}]}
RESULT: {"script":"<script> [1562 bytes]","args":[{"selector":{"id":"application-managepartners-display-component---NewPartner--addressDetailDetailsCity1","interaction":{"idSuffix":"inner"}},"wdio_ui5_key":"applicationmanagepartners-display-component---NewPartner--addressDetailDetailsCity1"}]}
RESULT: undefined
COMMAND: POST /session/c666597816bb06b037137736d1e0af6d/execute/async - {"script":"<script> [776 bytes]","args":[{"enterText":"Rosario","selector":{"id":"application-managepartners-display-component---NewPartner--addressDetailDetailsCity1","interaction":{"idSuffix":"inner"}},"clearTextFirst":true,"interactionType":"ENTER_TEXT"}]}
RESULT: {"script":"<script> [776 bytes]","args":[{"enterText":"Rosario","selector":{"id":"application-managepartners-display-component---NewPartner--addressDetailDetailsCity1","interaction":{"idSuffix":"inner"}},"clearTextFirst":true,"interactionType":"ENTER_TEXT"}]}
COMMAND: POST /session/c666597816bb06b037137736d1e0af6d/execute/async - {"script":"<script> [1562 bytes]","args":[{"selector":{"id":"application-managepartners-display-component---NewPartner--addressDetailDetailsCountry-arrow"},"wdio_ui5_key":"applicationmanagepartners-display-component---NewPartner--addressDetailDetailsCountry-arrow"}]}
RESULT: {"script":"<script> [1562 bytes]","args":[{"selector":{"id":"application-managepartners-display-component---NewPartner--addressDetailDetailsCountry-arrow"},"wdio_ui5_key":"applicationmanagepartners-display-component---NewPartner--addressDetailDetailsCountry-arrow"}]}
RESULT: undefined
COMMAND: POST /session/c666597816bb06b037137736d1e0af6d/element - {"using":"xpath","value":"//*[@id=\"application-managepartners-display-component---NewPartner--addressDetailDetailsCountry-arrow\"]"}
RESULT: {"using":"xpath","value":"//*[@id=\"application-managepartners-display-component---NewPartner--addressDetailDetailsCountry-arrow\"]"}
COMMAND: POST /session/c666597816bb06b037137736d1e0af6d/element/f.E67777013E942907EFF236C95151777C.d.1B01F1DE45E5CD8EE2060525E1CE14CE.e.3451/click - {}
RESULT: {}
COMMAND: POST /session/c666597816bb06b037137736d1e0af6d/element - {"using":"xpath","value":"//span[contains(text(), \"Argentina\")]"}
COMMAND: GET /session/c666597816bb06b037137736d1e0af6d/screenshot - {}
RESULT: {"using":"xpath","value":"//span[contains(text(), \"Argentina\")]"}
COMMAND: POST /session/c666597816bb06b037137736d1e0af6d/element/f.E67777013E942907EFF236C95151777C.d.1B01F1DE45E5CD8EE2060525E1CE14CE.e.3468/click - {}
RESULT: {}
RESULT: {}
COMMAND: GET /session/c666597816bb06b037137736d1e0af6d/screenshot - {}
RESULT: {}
COMMAND: POST /session/c666597816bb06b037137736d1e0af6d/element - {"using":"xpath","value":"//bdi[contains(text(), \"Commercial\")]"}
RESULT: {"using":"xpath","value":"//bdi[contains(text(), \"Commercial\")]"}
COMMAND: POST /session/c666597816bb06b037137736d1e0af6d/element/f.E67777013E942907EFF236C95151777C.d.1B01F1DE45E5CD8EE2060525E1CE14CE.e.3469/click - {}
RESULT: {}
COMMAND: GET /session/c666597816bb06b037137736d1e0af6d/screenshot - {}
RESULT: {}
COMMAND: POST /session/c666597816bb06b037137736d1e0af6d/execute/async - {"script":"<script> [1562 bytes]","args":[{"selector":{"id":"application-managepartners-display-component---NewPartner--partnerDetailInternal-arrow"},"wdio_ui5_key":"applicationmanagepartners-display-component---NewPartner--partnerDetailInternal-arrow"}]}
RESULT: {"script":"<script> [1562 bytes]","args":[{"selector":{"id":"application-managepartners-display-component---NewPartner--partnerDetailInternal-arrow"},"wdio_ui5_key":"applicationmanagepartners-display-component---NewPartner--partnerDetailInternal-arrow"}]}
RESULT: undefined
COMMAND: POST /session/c666597816bb06b037137736d1e0af6d/element - {"using":"xpath","value":"//*[@id=\"application-managepartners-display-component---NewPartner--partnerDetailInternal-arrow\"]"}
RESULT: {"using":"xpath","value":"//*[@id=\"application-managepartners-display-component---NewPartner--partnerDetailInternal-arrow\"]"}
COMMAND: POST /session/c666597816bb06b037137736d1e0af6d/element/f.E67777013E942907EFF236C95151777C.d.1B01F1DE45E5CD8EE2060525E1CE14CE.e.3475/click - {}
RESULT: {}
COMMAND: POST /session/c666597816bb06b037137736d1e0af6d/element - {"using":"xpath","value":"//span[contains(text(), \"Affiliated company\")]"}
COMMAND: GET /session/c666597816bb06b037137736d1e0af6d/screenshot - {}
RESULT: {"using":"xpath","value":"//span[contains(text(), \"Affiliated company\")]"}
COMMAND: POST /session/c666597816bb06b037137736d1e0af6d/element/f.E67777013E942907EFF236C95151777C.d.1B01F1DE45E5CD8EE2060525E1CE14CE.e.3476/click - {}
RESULT: {}
RESULT: {}
COMMAND: POST /session/c666597816bb06b037137736d1e0af6d/execute/async - {"script":"<script> [1562 bytes]","args":[{"selector":{"id":"application-managepartners-display-component---NewPartner--partnerDetailsCurrency-arrow"},"wdio_ui5_key":"applicationmanagepartners-display-component---NewPartner--partnerDetailsCurrency-arrow"}]}
COMMAND: GET /session/c666597816bb06b037137736d1e0af6d/screenshot - {}
RESULT: {"script":"<script> [1562 bytes]","args":[{"selector":{"id":"application-managepartners-display-component---NewPartner--partnerDetailsCurrency-arrow"},"wdio_ui5_key":"applicationmanagepartners-display-component---NewPartner--partnerDetailsCurrency-arrow"}]}
RESULT: undefined
COMMAND: POST /session/c666597816bb06b037137736d1e0af6d/element - {"using":"xpath","value":"//*[@id=\"application-managepartners-display-component---NewPartner--partnerDetailsCurrency-arrow\"]"}
RESULT: {}
RESULT: {"using":"xpath","value":"//*[@id=\"application-managepartners-display-component---NewPartner--partnerDetailsCurrency-arrow\"]"}
COMMAND: POST /session/c666597816bb06b037137736d1e0af6d/element/f.E67777013E942907EFF236C95151777C.d.1B01F1DE45E5CD8EE2060525E1CE14CE.e.3483/click - {}
RESULT: {}
COMMAND: POST /session/c666597816bb06b037137736d1e0af6d/element - {"using":"xpath","value":"//span[contains(text(), \"Euro\")]"}
COMMAND: GET /session/c666597816bb06b037137736d1e0af6d/screenshot - {}
RESULT: {"using":"xpath","value":"//span[contains(text(), \"Euro\")]"}
COMMAND: POST /session/c666597816bb06b037137736d1e0af6d/element/f.E67777013E942907EFF236C95151777C.d.1B01F1DE45E5CD8EE2060525E1CE14CE.e.3484/click - {}
RESULT: {}
RESULT: {}
COMMAND: POST /session/c666597816bb06b037137736d1e0af6d/execute/async - {"script":"<script> [1562 bytes]","args":[{"selector":{"id":"application-managepartners-display-component---NewPartner--addressEditDetailsCostObjectCstType-arrow"},"wdio_ui5_key":"applicationmanagepartners-display-component---NewPartner--addressEditDetailsCostObjectCstType-arrow"}]}
COMMAND: GET /session/c666597816bb06b037137736d1e0af6d/screenshot - {}
RESULT: {"script":"<script> [1562 bytes]","args":[{"selector":{"id":"application-managepartners-display-component---NewPartner--addressEditDetailsCostObjectCstType-arrow"},"wdio_ui5_key":"applicationmanagepartners-display-component---NewPartner--addressEditDetailsCostObjectCstType-arrow"}]}
RESULT: undefined
COMMAND: POST /session/c666597816bb06b037137736d1e0af6d/element - {"using":"xpath","value":"//*[@id=\"application-managepartners-display-component---NewPartner--addressEditDetailsCostObjectCstType-arrow\"]"}
RESULT: {}
RESULT: {"using":"xpath","value":"//*[@id=\"application-managepartners-display-component---NewPartner--addressEditDetailsCostObjectCstType-arrow\"]"}
COMMAND: POST /session/c666597816bb06b037137736d1e0af6d/element/f.E67777013E942907EFF236C95151777C.d.1B01F1DE45E5CD8EE2060525E1CE14CE.e.3485/click - {}
RESULT: {}
COMMAND: POST /session/c666597816bb06b037137736d1e0af6d/element - {"using":"xpath","value":"//span[contains(text(), \"Cost Center\")]"}
COMMAND: GET /session/c666597816bb06b037137736d1e0af6d/screenshot - {}
RESULT: {"using":"xpath","value":"//span[contains(text(), \"Cost Center\")]"}
COMMAND: POST /session/c666597816bb06b037137736d1e0af6d/element/f.E67777013E942907EFF236C95151777C.d.1B01F1DE45E5CD8EE2060525E1CE14CE.e.3486/click - {}
RESULT: {}
RESULT: {}
COMMAND: GET /session/c666597816bb06b037137736d1e0af6d/screenshot - {}
RESULT: {}
COMMAND: POST /session/c666597816bb06b037137736d1e0af6d/element - {"using":"xpath","value":"//span[@id=\"application-managepartners-display-component---NewPartner--addressNewCostObjectCstID-vhi\"]"}
RESULT: {"using":"xpath","value":"//span[@id=\"application-managepartners-display-component---NewPartner--addressNewCostObjectCstID-vhi\"]"}
COMMAND: POST /session/c666597816bb06b037137736d1e0af6d/execute/sync - {"script":"<script> [8489 bytes]","args":[{"element-6066-11e4-a52e-4f735466cecf":"f.E67777013E942907EFF236C95151777C.d.1B01F1DE45E5CD8EE2060525E1CE14CE.e.3490","ELEMENT":"f.E67777013E942907EFF236C95151777C.d.1B01F1DE45E5CD8EE2060525E1CE14CE.e.3490"}]}
RESULT: {"script":"<script> [8489 bytes]","args":[{"element-6066-11e4-a52e-4f735466cecf":"f.E67777013E942907EFF236C95151777C.d.1B01F1DE45E5CD8EE2060525E1CE14CE.e.3490","ELEMENT":"f.E67777013E942907EFF236C95151777C.d.1B01F1DE45E5CD8EE2060525E1CE14CE.e.3490"}]}
COMMAND: POST /session/c666597816bb06b037137736d1e0af6d/execute/async - {"script":"<script> [1562 bytes]","args":[{"selector":{"id":"application-managepartners-display-component---NewPartner--addressNewCostObjectCstID-vhi"},"wdio_ui5_key":"applicationmanagepartners-display-component---NewPartner--addressNewCostObjectCstID-vhi"}]}
COMMAND: GET /session/c666597816bb06b037137736d1e0af6d/screenshot - {}
RESULT: {"script":"<script> [1562 bytes]","args":[{"selector":{"id":"application-managepartners-display-component---NewPartner--addressNewCostObjectCstID-vhi"},"wdio_ui5_key":"applicationmanagepartners-display-component---NewPartner--addressNewCostObjectCstID-vhi"}]}
RESULT: undefined
COMMAND: POST /session/c666597816bb06b037137736d1e0af6d/element - {"using":"xpath","value":"//*[@id=\"application-managepartners-display-component---NewPartner--addressNewCostObjectCstID-vhi\"]"}
RESULT: {}
RESULT: {"using":"xpath","value":"//*[@id=\"application-managepartners-display-component---NewPartner--addressNewCostObjectCstID-vhi\"]"}
COMMAND: POST /session/c666597816bb06b037137736d1e0af6d/element/f.E67777013E942907EFF236C95151777C.d.1B01F1DE45E5CD8EE2060525E1CE14CE.e.3490/click - {}
RESULT: {}
COMMAND: GET /session/c666597816bb06b037137736d1e0af6d/screenshot - {}
RESULT: {}
COMMAND: POST /session/c666597816bb06b037137736d1e0af6d/execute/async - {"script":"<script> [1562 bytes]","args":[{"selector":{"controlType":"sap.m.SearchField","properties":{"placeholder":"Search"},"searchOpenDialogs":true,"interaction":{"idSuffix":"I"}},"wdio_ui5_key":"sapm.SearchField{\"placeholder\":\"Search\"}"}]}
RESULT: {"script":"<script> [1562 bytes]","args":[{"selector":{"controlType":"sap.m.SearchField","properties":{"placeholder":"Search"},"searchOpenDialogs":true,"interaction":{"idSuffix":"I"}},"wdio_ui5_key":"sapm.SearchField{\"placeholder\":\"Search\"}"}]}
RESULT: undefined
COMMAND: POST /session/c666597816bb06b037137736d1e0af6d/execute/async - {"script":"<script> [776 bytes]","args":[{"enterText":"10001013","selector":{"controlType":"sap.m.SearchField","properties":{"placeholder":"Search"},"searchOpenDialogs":true,"interaction":{"idSuffix":"I"}},"clearTextFirst":true,"interactionType":"ENTER_TEXT"}]}
RESULT: {"script":"<script> [776 bytes]","args":[{"enterText":"10001013","selector":{"controlType":"sap.m.SearchField","properties":{"placeholder":"Search"},"searchOpenDialogs":true,"interaction":{"idSuffix":"I"}},"clearTextFirst":true,"interactionType":"ENTER_TEXT"}]}
COMMAND: POST /session/c666597816bb06b037137736d1e0af6d/actions - {"actions":[{"id":"action11","type":"key","parameters":{},"actions":[{"type":"keyDown","value":"î€‡"},{"type":"pause","duration":10},{"type":"keyUp","value":"î€‡"}]}]}
RESULT: {"actions":[{"id":"action11","type":"key","parameters":{},"actions":[{"type":"keyDown","value":"î€‡"},{"type":"pause","duration":10},{"type":"keyUp","value":"î€‡"}]}]}
COMMAND: GET /session/c666597816bb06b037137736d1e0af6d/screenshot - {}
RESULT: {}
COMMAND: POST /session/c666597816bb06b037137736d1e0af6d/element - {"using":"xpath","value":"//span[contains(text(), \"General Management\")]"}
RESULT: {"using":"xpath","value":"//span[contains(text(), \"General Management\")]"}
COMMAND: POST /session/c666597816bb06b037137736d1e0af6d/element/f.E67777013E942907EFF236C95151777C.d.1B01F1DE45E5CD8EE2060525E1CE14CE.e.3532/click - {}
RESULT: {}
COMMAND: GET /session/c666597816bb06b037137736d1e0af6d/screenshot - {}
RESULT: {}
COMMAND: POST /session/c666597816bb06b037137736d1e0af6d/element - {"using":"xpath","value":"//bdi[contains(text(), \"OK\")]"}
RESULT: {"using":"xpath","value":"//bdi[contains(text(), \"OK\")]"}
COMMAND: POST /session/c666597816bb06b037137736d1e0af6d/element/f.E67777013E942907EFF236C95151777C.d.1B01F1DE45E5CD8EE2060525E1CE14CE.e.3533/click - {}
RESULT: {}
COMMAND: GET /session/c666597816bb06b037137736d1e0af6d/screenshot - {}
RESULT: {}
COMMAND: POST /session/c666597816bb06b037137736d1e0af6d/element - {"using":"xpath","value":"//input[@id=\"application-managepartners-display-component---NewPartner--companyCodeComboBox-inner\"]"}
RESULT: {"using":"xpath","value":"//input[@id=\"application-managepartners-display-component---NewPartner--companyCodeComboBox-inner\"]"}
COMMAND: POST /session/c666597816bb06b037137736d1e0af6d/element/f.E67777013E942907EFF236C95151777C.d.1B01F1DE45E5CD8EE2060525E1CE14CE.e.3325/clear - {}
RESULT: {}
COMMAND: POST /session/c666597816bb06b037137736d1e0af6d/element/f.E67777013E942907EFF236C95151777C.d.1B01F1DE45E5CD8EE2060525E1CE14CE.e.3325/value - {"text":"C002"}
COMMAND: GET /session/c666597816bb06b037137736d1e0af6d/screenshot - {}
RESULT: {"text":"C002"}
COMMAND: GET /session/c666597816bb06b037137736d1e0af6d/screenshot - {}
RESULT: {}
RESULT: {}
COMMAND: POST /session/c666597816bb06b037137736d1e0af6d/element - {"using":"xpath","value":"//li[.//span[text()= \"C002\"]]"}
RESULT: {"using":"xpath","value":"//li[.//span[text()= \"C002\"]]"}
COMMAND: POST /session/c666597816bb06b037137736d1e0af6d/element/f.E67777013E942907EFF236C95151777C.d.1B01F1DE45E5CD8EE2060525E1CE14CE.e.3539/click - {}
RESULT: {}
COMMAND: GET /session/c666597816bb06b037137736d1e0af6d/screenshot - {}
RESULT: {}
COMMAND: POST /session/c666597816bb06b037137736d1e0af6d/execute/async - {"script":"<script> [1562 bytes]","args":[{"selector":{"id":"application-managepartners-display-component---NewPartner--btnAddTableRow-img"},"wdio_ui5_key":"applicationmanagepartners-display-component---NewPartner--btnAddTableRow-img"}]}
RESULT: {"script":"<script> [1562 bytes]","args":[{"selector":{"id":"application-managepartners-display-component---NewPartner--btnAddTableRow-img"},"wdio_ui5_key":"applicationmanagepartners-display-component---NewPartner--btnAddTableRow-img"}]}
RESULT: undefined
COMMAND: POST /session/c666597816bb06b037137736d1e0af6d/element - {"using":"xpath","value":"//*[@id=\"application-managepartners-display-component---NewPartner--btnAddTableRow-img\"]"}
RESULT: {"using":"xpath","value":"//*[@id=\"application-managepartners-display-component---NewPartner--btnAddTableRow-img\"]"}
COMMAND: POST /session/c666597816bb06b037137736d1e0af6d/element/f.E67777013E942907EFF236C95151777C.d.1B01F1DE45E5CD8EE2060525E1CE14CE.e.3540/click - {}
RESULT: {}
COMMAND: GET /session/c666597816bb06b037137736d1e0af6d/screenshot - {}
RESULT: {}
COMMAND: POST /session/c666597816bb06b037137736d1e0af6d/element - {"using":"xpath","value":"//input[@id=\"application-managepartners-display-component---NewPartner--assignmentYard-application-managepartners-display-component---NewPartner--assignmentsTable-0-inner\"]"}
RESULT: {"using":"xpath","value":"//input[@id=\"application-managepartners-display-component---NewPartner--assignmentYard-application-managepartners-display-component---NewPartner--assignmentsTable-0-inner\"]"}
COMMAND: POST /session/c666597816bb06b037137736d1e0af6d/element/f.E67777013E942907EFF236C95151777C.d.1B01F1DE45E5CD8EE2060525E1CE14CE.e.3543/clear - {}
RESULT: {}
COMMAND: POST /session/c666597816bb06b037137736d1e0af6d/element/f.E67777013E942907EFF236C95151777C.d.1B01F1DE45E5CD8EE2060525E1CE14CE.e.3543/value - {"text":"428"}
COMMAND: GET /session/c666597816bb06b037137736d1e0af6d/screenshot - {}
RESULT: {"text":"428"}
COMMAND: GET /session/c666597816bb06b037137736d1e0af6d/screenshot - {}
RESULT: {}
RESULT: {}
COMMAND: POST /session/c666597816bb06b037137736d1e0af6d/element - {"using":"xpath","value":"//li[.//span[text()='428']]"}
RESULT: {"using":"xpath","value":"//li[.//span[text()='428']]"}
COMMAND: POST /session/c666597816bb06b037137736d1e0af6d/element/f.E67777013E942907EFF236C95151777C.d.1B01F1DE45E5CD8EE2060525E1CE14CE.e.3552/click - {}
RESULT: {}
COMMAND: GET /session/c666597816bb06b037137736d1e0af6d/screenshot - {}
RESULT: {}
COMMAND: POST /session/c666597816bb06b037137736d1e0af6d/actions - {"actions":[{"id":"action12","type":"key","parameters":{},"actions":[{"type":"keyDown","value":"î€‡"},{"type":"pause","duration":10},{"type":"keyUp","value":"î€‡"}]}]}
RESULT: {"actions":[{"id":"action12","type":"key","parameters":{},"actions":[{"type":"keyDown","value":"î€‡"},{"type":"pause","duration":10},{"type":"keyUp","value":"î€‡"}]}]}
COMMAND: POST /session/c666597816bb06b037137736d1e0af6d/execute/async - {"script":"<script> [1562 bytes]","args":[{"selector":{"id":"application-managepartners-display-component---NewPartner--externalCustomerComboBox-application-managepartners-display-component---NewPartner--assignmentsTable-0-vhi"},"wdio_ui5_key":"applicationmanagepartners-display-component---NewPartner--externalCustomerComboBox-application-managepartners-display-component---NewPartner--assignmentsTable-0-vhi"}]}
COMMAND: GET /session/c666597816bb06b037137736d1e0af6d/screenshot - {}
RESULT: {"script":"<script> [1562 bytes]","args":[{"selector":{"id":"application-managepartners-display-component---NewPartner--externalCustomerComboBox-application-managepartners-display-component---NewPartner--assignmentsTable-0-vhi"},"wdio_ui5_key":"applicationmanagepartners-display-component---NewPartner--externalCustomerComboBox-application-managepartners-display-component---NewPartner--assignmentsTable-0-vhi"}]}
RESULT: undefined
COMMAND: POST /session/c666597816bb06b037137736d1e0af6d/element - {"using":"xpath","value":"//*[@id=\"application-managepartners-display-component---NewPartner--externalCustomerComboBox-application-managepartners-display-component---NewPartner--assignmentsTable-0-vhi\"]"}
RESULT: {}
RESULT: {"using":"xpath","value":"//*[@id=\"application-managepartners-display-component---NewPartner--externalCustomerComboBox-application-managepartners-display-component---NewPartner--assignmentsTable-0-vhi\"]"}
COMMAND: POST /session/c666597816bb06b037137736d1e0af6d/element/f.E67777013E942907EFF236C95151777C.d.1B01F1DE45E5CD8EE2060525E1CE14CE.e.3556/click - {}
RESULT: {}
RESULT: undefined
COMMAND: POST /session/c666597816bb06b037137736d1e0af6d/execute/async - {"script":"<script> [776 bytes]","args":[{"enterText":"300003","selector":{"controlType":"sap.m.SearchField","properties":{"placeholder":"Search"},"searchOpenDialogs":true,"interaction":{"idSuffix":"I"}},"clearTextFirst":true,"interactionType":"ENTER_TEXT"}]}
COMMAND: GET /session/c666597816bb06b037137736d1e0af6d/screenshot - {}
RESULT: {"script":"<script> [776 bytes]","args":[{"enterText":"300003","selector":{"controlType":"sap.m.SearchField","properties":{"placeholder":"Search"},"searchOpenDialogs":true,"interaction":{"idSuffix":"I"}},"clearTextFirst":true,"interactionType":"ENTER_TEXT"}]}
COMMAND: POST /session/c666597816bb06b037137736d1e0af6d/actions - {"actions":[{"id":"action13","type":"key","parameters":{},"actions":[{"type":"keyDown","value":"î€‡"},{"type":"pause","duration":10},{"type":"keyUp","value":"î€‡"}]}]}
RESULT: {}
RESULT: {"actions":[{"id":"action13","type":"key","parameters":{},"actions":[{"type":"keyDown","value":"î€‡"},{"type":"pause","duration":10},{"type":"keyUp","value":"î€‡"}]}]}
COMMAND: GET /session/c666597816bb06b037137736d1e0af6d/screenshot - {}
RESULT: {}
COMMAND: POST /session/c666597816bb06b037137736d1e0af6d/element - {"using":"xpath","value":"//span[contains(text(), \"300003\")]"}
RESULT: {"using":"xpath","value":"//span[contains(text(), \"300003\")]"}
COMMAND: POST /session/c666597816bb06b037137736d1e0af6d/element/f.E67777013E942907EFF236C95151777C.d.1B01F1DE45E5CD8EE2060525E1CE14CE.e.3574/click - {}
RESULT: {}
COMMAND: GET /session/c666597816bb06b037137736d1e0af6d/screenshot - {}
RESULT: {}
COMMAND: POST /session/c666597816bb06b037137736d1e0af6d/element - {"using":"xpath","value":"//bdi[contains(text(), \"OK\")]"}
RESULT: {"using":"xpath","value":"//bdi[contains(text(), \"OK\")]"}
COMMAND: POST /session/c666597816bb06b037137736d1e0af6d/element/f.E67777013E942907EFF236C95151777C.d.1B01F1DE45E5CD8EE2060525E1CE14CE.e.3576/click - {}
RESULT: {}
COMMAND: GET /session/c666597816bb06b037137736d1e0af6d/screenshot - {}
RESULT: {}
COMMAND: POST /session/c666597816bb06b037137736d1e0af6d/execute/async - {"script":"<script> [1562 bytes]","args":[{"selector":{"id":"application-managepartners-display-component---NewPartner--intercompVendorComboBox-application-managepartners-display-component---NewPartner--assignmentsTable-0-vhi"},"wdio_ui5_key":"applicationmanagepartners-display-component---NewPartner--intercompVendorComboBox-application-managepartners-display-component---NewPartner--assignmentsTable-0-vhi"}]}
RESULT: {"script":"<script> [1562 bytes]","args":[{"selector":{"id":"application-managepartners-display-component---NewPartner--intercompVendorComboBox-application-managepartners-display-component---NewPartner--assignmentsTable-0-vhi"},"wdio_ui5_key":"applicationmanagepartners-display-component---NewPartner--intercompVendorComboBox-application-managepartners-display-component---NewPartner--assignmentsTable-0-vhi"}]}
RESULT: undefined
COMMAND: POST /session/c666597816bb06b037137736d1e0af6d/element - {"using":"xpath","value":"//*[@id=\"application-managepartners-display-component---NewPartner--intercompVendorComboBox-application-managepartners-display-component---NewPartner--assignmentsTable-0-vhi\"]"}
RESULT: {"using":"xpath","value":"//*[@id=\"application-managepartners-display-component---NewPartner--intercompVendorComboBox-application-managepartners-display-component---NewPartner--assignmentsTable-0-vhi\"]"}
COMMAND: POST /session/c666597816bb06b037137736d1e0af6d/element/f.E67777013E942907EFF236C95151777C.d.1B01F1DE45E5CD8EE2060525E1CE14CE.e.3579/click - {}
RESULT: {}
RESULT: undefined
COMMAND: POST /session/c666597816bb06b037137736d1e0af6d/execute/async - {"script":"<script> [776 bytes]","args":[{"enterText":"100005","selector":{"controlType":"sap.m.SearchField","properties":{"placeholder":"Search"},"searchOpenDialogs":true,"interaction":{"idSuffix":"I"}},"clearTextFirst":true,"interactionType":"ENTER_TEXT"}]}
COMMAND: GET /session/c666597816bb06b037137736d1e0af6d/screenshot - {}
RESULT: {"script":"<script> [776 bytes]","args":[{"enterText":"100005","selector":{"controlType":"sap.m.SearchField","properties":{"placeholder":"Search"},"searchOpenDialogs":true,"interaction":{"idSuffix":"I"}},"clearTextFirst":true,"interactionType":"ENTER_TEXT"}]}
COMMAND: POST /session/c666597816bb06b037137736d1e0af6d/actions - {"actions":[{"id":"action14","type":"key","parameters":{},"actions":[{"type":"keyDown","value":"î€‡"},{"type":"pause","duration":10},{"type":"keyUp","value":"î€‡"}]}]}
RESULT: {}
RESULT: {"actions":[{"id":"action14","type":"key","parameters":{},"actions":[{"type":"keyDown","value":"î€‡"},{"type":"pause","duration":10},{"type":"keyUp","value":"î€‡"}]}]}
COMMAND: GET /session/c666597816bb06b037137736d1e0af6d/screenshot - {}
RESULT: {}
COMMAND: POST /session/c666597816bb06b037137736d1e0af6d/element - {"using":"xpath","value":"//span[contains(text(), \"Penguins - Field/12345 Berlin\")]"}
RESULT: {"using":"xpath","value":"//span[contains(text(), \"Penguins - Field/12345 Berlin\")]"}
COMMAND: POST /session/c666597816bb06b037137736d1e0af6d/element/f.E67777013E942907EFF236C95151777C.d.1B01F1DE45E5CD8EE2060525E1CE14CE.e.3598/click - {}
RESULT: {}
COMMAND: GET /session/c666597816bb06b037137736d1e0af6d/screenshot - {}
RESULT: {}
COMMAND: POST /session/c666597816bb06b037137736d1e0af6d/element - {"using":"xpath","value":"//bdi[contains(text(), \"OK\")]"}
RESULT: {"using":"xpath","value":"//bdi[contains(text(), \"OK\")]"}
COMMAND: POST /session/c666597816bb06b037137736d1e0af6d/element/f.E67777013E942907EFF236C95151777C.d.1B01F1DE45E5CD8EE2060525E1CE14CE.e.3599/click - {}
RESULT: {}
COMMAND: GET /session/c666597816bb06b037137736d1e0af6d/screenshot - {}
RESULT: {}
COMMAND: POST /session/c666597816bb06b037137736d1e0af6d/element - {"using":"xpath","value":"//button[@data-kt=\"saveButton\"]"}
RESULT: {"using":"xpath","value":"//button[@data-kt=\"saveButton\"]"}
COMMAND: POST /session/c666597816bb06b037137736d1e0af6d/element/f.E67777013E942907EFF236C95151777C.d.1B01F1DE45E5CD8EE2060525E1CE14CE.e.3379/click - {}
RESULT: {}
COMMAND: GET /session/c666597816bb06b037137736d1e0af6d/screenshot - {}
RESULT: {}
COMMAND: POST /session/c666597816bb06b037137736d1e0af6d/element - {"using":"xpath","value":"//header[contains(@id, 'ObjectPageLayout-headerTitle')]/div[1]/div[2]/div[2]/span[1]"}
RESULT: {"using":"xpath","value":"//header[contains(@id, 'ObjectPageLayout-headerTitle')]/div[1]/div[2]/div[2]/span[1]"}
COMMAND: POST /session/c666597816bb06b037137736d1e0af6d/elements - {"using":"xpath","value":"//header[contains(@id, 'ObjectPageLayout-headerTitle')]/div[1]/div[2]/div[2]/span[1]"}
RESULT: {"using":"xpath","value":"//header[contains(@id, 'ObjectPageLayout-headerTitle')]/div[1]/div[2]/div[2]/span[1]"}
COMMAND: POST /session/c666597816bb06b037137736d1e0af6d/execute/sync - {"script":"<script> [56 bytes]","args":[{"element-6066-11e4-a52e-4f735466cecf":"f.E67777013E942907EFF236C95151777C.d.1B01F1DE45E5CD8EE2060525E1CE14CE.e.3762","ELEMENT":"f.E67777013E942907EFF236C95151777C.d.1B01F1DE45E5CD8EE2060525E1CE14CE.e.3762"}]}
RESULT: {"script":"<script> [56 bytes]","args":[{"element-6066-11e4-a52e-4f735466cecf":"f.E67777013E942907EFF236C95151777C.d.1B01F1DE45E5CD8EE2060525E1CE14CE.e.3762","ELEMENT":"f.E67777013E942907EFF236C95151777C.d.1B01F1DE45E5CD8EE2060525E1CE14CE.e.3762"}]}
COMMAND: POST /session/c666597816bb06b037137736d1e0af6d/element - {"using":"css selector","value":"#shell-header-logo"}
COMMAND: GET /session/c666597816bb06b037137736d1e0af6d/screenshot - {}
RESULT: {"using":"css selector","value":"#shell-header-logo"}
COMMAND: POST /session/c666597816bb06b037137736d1e0af6d/element/f.E67777013E942907EFF236C95151777C.d.1B01F1DE45E5CD8EE2060525E1CE14CE.e.2975/click - {}
RESULT: {}
RESULT: {}
COMMAND: GET /session/c666597816bb06b037137736d1e0af6d/screenshot - {}
RESULT: {}
COMMAND: POST /session/c666597816bb06b037137736d1e0af6d/execute/sync - {"script":"<script> [299 bytes]","args":[["getModel","getResource"]]}
RESULT: {"script":"<script> [299 bytes]","args":[["getModel","getResource"]]}
]]></system-out>
    </testcase>
    <testcase classname="chrome.136_0_7103_93.windows.Edit_and_delete_daily_price_US134629_US134627" name="Should create a new site used for following tests" time="110.978">
      <system-out><![CDATA[
COMMAND: POST /session/c666597816bb06b037137736d1e0af6d/execute/async - {"script":"<script> [1562 bytes]","args":[{"selector":{"controlType":"sap.m.GenericTile","properties":{"header":"Manage Sites"}},"wdio_ui5_key":"sapm.GenericTile{\"header\":\"Manage Sites\"}"}]}
COMMAND: GET /session/c666597816bb06b037137736d1e0af6d/screenshot - {}
RESULT: {"script":"<script> [1562 bytes]","args":[{"selector":{"controlType":"sap.m.GenericTile","properties":{"header":"Manage Sites"}},"wdio_ui5_key":"sapm.GenericTile{\"header\":\"Manage Sites\"}"}]}
RESULT: undefined
COMMAND: POST /session/c666597816bb06b037137736d1e0af6d/element - {"using":"xpath","value":"//*[@id=\"__tile40\"]"}
RESULT: {}
RESULT: {"using":"xpath","value":"//*[@id=\"__tile40\"]"}
COMMAND: POST /session/c666597816bb06b037137736d1e0af6d/element/f.E67777013E942907EFF236C95151777C.d.1B01F1DE45E5CD8EE2060525E1CE14CE.e.2867/click - {}
RESULT: {}
COMMAND: GET /session/c666597816bb06b037137736d1e0af6d/screenshot - {}
RESULT: {}
COMMAND: POST /session/c666597816bb06b037137736d1e0af6d/elements - {"using":"xpath","value":"//span[text()='Error']"}
RESULT: {"using":"xpath","value":"//span[text()='Error']"}
COMMAND: POST /session/c666597816bb06b037137736d1e0af6d/element - {"using":"xpath","value":"//button[@data-kt=\"addOverflowToolbarButton\"]"}
RESULT: {"using":"xpath","value":"//button[@data-kt=\"addOverflowToolbarButton\"]"}
COMMAND: POST /session/c666597816bb06b037137736d1e0af6d/elements - {"using":"xpath","value":"//button[@data-kt=\"addOverflowToolbarButton\"]"}
RESULT: {"using":"xpath","value":"//button[@data-kt=\"addOverflowToolbarButton\"]"}
COMMAND: POST /session/c666597816bb06b037137736d1e0af6d/execute/sync - {"script":"<script> [8489 bytes]","args":[{"element-6066-11e4-a52e-4f735466cecf":"f.E67777013E942907EFF236C95151777C.d.1B01F1DE45E5CD8EE2060525E1CE14CE.e.3810","ELEMENT":"f.E67777013E942907EFF236C95151777C.d.1B01F1DE45E5CD8EE2060525E1CE14CE.e.3810"}]}
RESULT: {"script":"<script> [8489 bytes]","args":[{"element-6066-11e4-a52e-4f735466cecf":"f.E67777013E942907EFF236C95151777C.d.1B01F1DE45E5CD8EE2060525E1CE14CE.e.3810","ELEMENT":"f.E67777013E942907EFF236C95151777C.d.1B01F1DE45E5CD8EE2060525E1CE14CE.e.3810"}]}
COMMAND: GET /session/c666597816bb06b037137736d1e0af6d/element/f.E67777013E942907EFF236C95151777C.d.1B01F1DE45E5CD8EE2060525E1CE14CE.e.3810/enabled - {}
COMMAND: GET /session/c666597816bb06b037137736d1e0af6d/screenshot - {}
RESULT: {}
COMMAND: POST /session/c666597816bb06b037137736d1e0af6d/execute/sync - {"script":"<script> [8489 bytes]","args":[{"element-6066-11e4-a52e-4f735466cecf":"f.E67777013E942907EFF236C95151777C.d.1B01F1DE45E5CD8EE2060525E1CE14CE.e.3810","ELEMENT":"f.E67777013E942907EFF236C95151777C.d.1B01F1DE45E5CD8EE2060525E1CE14CE.e.3810"}]}
COMMAND: GET /session/c666597816bb06b037137736d1e0af6d/screenshot - {}
RESULT: {}
RESULT: {"script":"<script> [8489 bytes]","args":[{"element-6066-11e4-a52e-4f735466cecf":"f.E67777013E942907EFF236C95151777C.d.1B01F1DE45E5CD8EE2060525E1CE14CE.e.3810","ELEMENT":"f.E67777013E942907EFF236C95151777C.d.1B01F1DE45E5CD8EE2060525E1CE14CE.e.3810"}]}
COMMAND: POST /session/c666597816bb06b037137736d1e0af6d/execute/sync - {"script":"<script> [5351 bytes]","args":[{"element-6066-11e4-a52e-4f735466cecf":"f.E67777013E942907EFF236C95151777C.d.1B01F1DE45E5CD8EE2060525E1CE14CE.e.3810","ELEMENT":"f.E67777013E942907EFF236C95151777C.d.1B01F1DE45E5CD8EE2060525E1CE14CE.e.3810"}]}
COMMAND: GET /session/c666597816bb06b037137736d1e0af6d/screenshot - {}
RESULT: {}
RESULT: {"script":"<script> [5351 bytes]","args":[{"element-6066-11e4-a52e-4f735466cecf":"f.E67777013E942907EFF236C95151777C.d.1B01F1DE45E5CD8EE2060525E1CE14CE.e.3810","ELEMENT":"f.E67777013E942907EFF236C95151777C.d.1B01F1DE45E5CD8EE2060525E1CE14CE.e.3810"}]}
COMMAND: POST /session/c666597816bb06b037137736d1e0af6d/element/f.E67777013E942907EFF236C95151777C.d.1B01F1DE45E5CD8EE2060525E1CE14CE.e.3810/click - {}
COMMAND: GET /session/c666597816bb06b037137736d1e0af6d/screenshot - {}
RESULT: {}
RESULT: {}
COMMAND: GET /session/c666597816bb06b037137736d1e0af6d/screenshot - {}
COMMAND: POST /session/c666597816bb06b037137736d1e0af6d/element - {"using":"xpath","value":"//input[@id=\"application-managesites-display-component---NewSite--siteId-inner\"]"}
RESULT: {}
RESULT: {}
RESULT: {"using":"xpath","value":"//input[@id=\"application-managesites-display-component---NewSite--siteId-inner\"]"}
COMMAND: POST /session/c666597816bb06b037137736d1e0af6d/element - {"using":"xpath","value":"//input[@id=\"application-managesites-display-component---NewSite--siteId-inner\"]"}
RESULT: {"using":"xpath","value":"//input[@id=\"application-managesites-display-component---NewSite--siteId-inner\"]"}
COMMAND: POST /session/c666597816bb06b037137736d1e0af6d/execute/async - {"script":"<script> [1562 bytes]","args":[{"selector":{"id":"application-managesites-display-component---NewSite--addressDetailDetailsName1","interaction":{"idSuffix":"inner"}},"wdio_ui5_key":"applicationmanagesites-display-component---NewSite--addressDetailDetailsName1"}]}
RESULT: {"script":"<script> [1562 bytes]","args":[{"selector":{"id":"application-managesites-display-component---NewSite--addressDetailDetailsName1","interaction":{"idSuffix":"inner"}},"wdio_ui5_key":"applicationmanagesites-display-component---NewSite--addressDetailDetailsName1"}]}
RESULT: undefined
COMMAND: POST /session/c666597816bb06b037137736d1e0af6d/execute/async - {"script":"<script> [776 bytes]","args":[{"enterText":"DailyPrice WDIO","selector":{"id":"application-managesites-display-component---NewSite--addressDetailDetailsName1","interaction":{"idSuffix":"inner"}},"clearTextFirst":true,"interactionType":"ENTER_TEXT"}]}
RESULT: {"script":"<script> [776 bytes]","args":[{"enterText":"DailyPrice WDIO","selector":{"id":"application-managesites-display-component---NewSite--addressDetailDetailsName1","interaction":{"idSuffix":"inner"}},"clearTextFirst":true,"interactionType":"ENTER_TEXT"}]}
COMMAND: POST /session/c666597816bb06b037137736d1e0af6d/execute/async - {"script":"<script> [1562 bytes]","args":[{"selector":{"id":"application-managesites-display-component---NewSite--addressDetailDetailsLanguage-arrow"},"wdio_ui5_key":"applicationmanagesites-display-component---NewSite--addressDetailDetailsLanguage-arrow"}]}
RESULT: {"script":"<script> [1562 bytes]","args":[{"selector":{"id":"application-managesites-display-component---NewSite--addressDetailDetailsLanguage-arrow"},"wdio_ui5_key":"applicationmanagesites-display-component---NewSite--addressDetailDetailsLanguage-arrow"}]}
RESULT: undefined
COMMAND: POST /session/c666597816bb06b037137736d1e0af6d/element - {"using":"xpath","value":"//*[@id=\"application-managesites-display-component---NewSite--addressDetailDetailsLanguage-arrow\"]"}
RESULT: {"using":"xpath","value":"//*[@id=\"application-managesites-display-component---NewSite--addressDetailDetailsLanguage-arrow\"]"}
COMMAND: POST /session/c666597816bb06b037137736d1e0af6d/element/f.E67777013E942907EFF236C95151777C.d.1B01F1DE45E5CD8EE2060525E1CE14CE.e.4264/click - {}
RESULT: {}
COMMAND: POST /session/c666597816bb06b037137736d1e0af6d/element - {"using":"xpath","value":"//span[contains(text(), \"English\")]"}
COMMAND: GET /session/c666597816bb06b037137736d1e0af6d/screenshot - {}
RESULT: {"using":"xpath","value":"//span[contains(text(), \"English\")]"}
COMMAND: POST /session/c666597816bb06b037137736d1e0af6d/element/f.E67777013E942907EFF236C95151777C.d.1B01F1DE45E5CD8EE2060525E1CE14CE.e.4265/click - {}
RESULT: {}
RESULT: {}
COMMAND: POST /session/c666597816bb06b037137736d1e0af6d/execute/async - {"script":"<script> [1562 bytes]","args":[{"selector":{"id":"application-managesites-display-component---NewSite--addressDetailDetailsCity1","interaction":{"idSuffix":"inner"}},"wdio_ui5_key":"applicationmanagesites-display-component---NewSite--addressDetailDetailsCity1"}]}
COMMAND: GET /session/c666597816bb06b037137736d1e0af6d/screenshot - {}
RESULT: {"script":"<script> [1562 bytes]","args":[{"selector":{"id":"application-managesites-display-component---NewSite--addressDetailDetailsCity1","interaction":{"idSuffix":"inner"}},"wdio_ui5_key":"applicationmanagesites-display-component---NewSite--addressDetailDetailsCity1"}]}
RESULT: undefined
COMMAND: POST /session/c666597816bb06b037137736d1e0af6d/execute/async - {"script":"<script> [776 bytes]","args":[{"enterText":"Rosario","selector":{"id":"application-managesites-display-component---NewSite--addressDetailDetailsCity1","interaction":{"idSuffix":"inner"}},"clearTextFirst":true,"interactionType":"ENTER_TEXT"}]}
RESULT: {}
RESULT: {"script":"<script> [776 bytes]","args":[{"enterText":"Rosario","selector":{"id":"application-managesites-display-component---NewSite--addressDetailDetailsCity1","interaction":{"idSuffix":"inner"}},"clearTextFirst":true,"interactionType":"ENTER_TEXT"}]}
COMMAND: POST /session/c666597816bb06b037137736d1e0af6d/execute/async - {"script":"<script> [1562 bytes]","args":[{"selector":{"id":"application-managesites-display-component---NewSite--addressDetailDetailsCountry-arrow"},"wdio_ui5_key":"applicationmanagesites-display-component---NewSite--addressDetailDetailsCountry-arrow"}]}
RESULT: {"script":"<script> [1562 bytes]","args":[{"selector":{"id":"application-managesites-display-component---NewSite--addressDetailDetailsCountry-arrow"},"wdio_ui5_key":"applicationmanagesites-display-component---NewSite--addressDetailDetailsCountry-arrow"}]}
RESULT: undefined
COMMAND: POST /session/c666597816bb06b037137736d1e0af6d/element - {"using":"xpath","value":"//*[@id=\"application-managesites-display-component---NewSite--addressDetailDetailsCountry-arrow\"]"}
RESULT: {"using":"xpath","value":"//*[@id=\"application-managesites-display-component---NewSite--addressDetailDetailsCountry-arrow\"]"}
COMMAND: POST /session/c666597816bb06b037137736d1e0af6d/element/f.E67777013E942907EFF236C95151777C.d.1B01F1DE45E5CD8EE2060525E1CE14CE.e.4267/click - {}
RESULT: {}
COMMAND: POST /session/c666597816bb06b037137736d1e0af6d/element - {"using":"xpath","value":"//span[contains(text(), \"Argentina\")]"}
COMMAND: GET /session/c666597816bb06b037137736d1e0af6d/screenshot - {}
RESULT: {"using":"xpath","value":"//span[contains(text(), \"Argentina\")]"}
COMMAND: POST /session/c666597816bb06b037137736d1e0af6d/element/f.E67777013E942907EFF236C95151777C.d.1B01F1DE45E5CD8EE2060525E1CE14CE.e.4268/click - {}
RESULT: {}
RESULT: {}
COMMAND: GET /session/c666597816bb06b037137736d1e0af6d/screenshot - {}
RESULT: {}
COMMAND: POST /session/c666597816bb06b037137736d1e0af6d/execute/async - {"script":"<script> [1562 bytes]","args":[{"selector":{"id":"application-managesites-display-component---NewSite--addressEditDetailsCostObjectCstType-arrow"},"wdio_ui5_key":"applicationmanagesites-display-component---NewSite--addressEditDetailsCostObjectCstType-arrow"}]}
RESULT: {"script":"<script> [1562 bytes]","args":[{"selector":{"id":"application-managesites-display-component---NewSite--addressEditDetailsCostObjectCstType-arrow"},"wdio_ui5_key":"applicationmanagesites-display-component---NewSite--addressEditDetailsCostObjectCstType-arrow"}]}
RESULT: undefined
COMMAND: POST /session/c666597816bb06b037137736d1e0af6d/element - {"using":"xpath","value":"//*[@id=\"application-managesites-display-component---NewSite--addressEditDetailsCostObjectCstType-arrow\"]"}
RESULT: {"using":"xpath","value":"//*[@id=\"application-managesites-display-component---NewSite--addressEditDetailsCostObjectCstType-arrow\"]"}
COMMAND: POST /session/c666597816bb06b037137736d1e0af6d/element/f.E67777013E942907EFF236C95151777C.d.1B01F1DE45E5CD8EE2060525E1CE14CE.e.4270/click - {}
RESULT: {}
COMMAND: POST /session/c666597816bb06b037137736d1e0af6d/element - {"using":"xpath","value":"//span[contains(text(), \"Cost Center\")]"}
COMMAND: GET /session/c666597816bb06b037137736d1e0af6d/screenshot - {}
RESULT: {"using":"xpath","value":"//span[contains(text(), \"Cost Center\")]"}
COMMAND: POST /session/c666597816bb06b037137736d1e0af6d/element/f.E67777013E942907EFF236C95151777C.d.1B01F1DE45E5CD8EE2060525E1CE14CE.e.4271/click - {}
RESULT: {}
RESULT: {}
COMMAND: GET /session/c666597816bb06b037137736d1e0af6d/screenshot - {}
RESULT: {}
COMMAND: POST /session/c666597816bb06b037137736d1e0af6d/element - {"using":"xpath","value":"//span[@id=\"application-managesites-display-component---NewSite--addressNewCostObjectCstID-vhi\"]"}
RESULT: {"using":"xpath","value":"//span[@id=\"application-managesites-display-component---NewSite--addressNewCostObjectCstID-vhi\"]"}
COMMAND: POST /session/c666597816bb06b037137736d1e0af6d/execute/sync - {"script":"<script> [8489 bytes]","args":[{"element-6066-11e4-a52e-4f735466cecf":"f.E67777013E942907EFF236C95151777C.d.1B01F1DE45E5CD8EE2060525E1CE14CE.e.4276","ELEMENT":"f.E67777013E942907EFF236C95151777C.d.1B01F1DE45E5CD8EE2060525E1CE14CE.e.4276"}]}
RESULT: {"script":"<script> [8489 bytes]","args":[{"element-6066-11e4-a52e-4f735466cecf":"f.E67777013E942907EFF236C95151777C.d.1B01F1DE45E5CD8EE2060525E1CE14CE.e.4276","ELEMENT":"f.E67777013E942907EFF236C95151777C.d.1B01F1DE45E5CD8EE2060525E1CE14CE.e.4276"}]}
COMMAND: POST /session/c666597816bb06b037137736d1e0af6d/execute/async - {"script":"<script> [1562 bytes]","args":[{"selector":{"id":"application-managesites-display-component---NewSite--addressNewCostObjectCstID-vhi"},"wdio_ui5_key":"applicationmanagesites-display-component---NewSite--addressNewCostObjectCstID-vhi"}]}
COMMAND: GET /session/c666597816bb06b037137736d1e0af6d/screenshot - {}
RESULT: {"script":"<script> [1562 bytes]","args":[{"selector":{"id":"application-managesites-display-component---NewSite--addressNewCostObjectCstID-vhi"},"wdio_ui5_key":"applicationmanagesites-display-component---NewSite--addressNewCostObjectCstID-vhi"}]}
RESULT: undefined
COMMAND: POST /session/c666597816bb06b037137736d1e0af6d/element - {"using":"xpath","value":"//*[@id=\"application-managesites-display-component---NewSite--addressNewCostObjectCstID-vhi\"]"}
RESULT: {}
RESULT: {"using":"xpath","value":"//*[@id=\"application-managesites-display-component---NewSite--addressNewCostObjectCstID-vhi\"]"}
COMMAND: POST /session/c666597816bb06b037137736d1e0af6d/element/f.E67777013E942907EFF236C95151777C.d.1B01F1DE45E5CD8EE2060525E1CE14CE.e.4276/click - {}
RESULT: {}
COMMAND: GET /session/c666597816bb06b037137736d1e0af6d/screenshot - {}
RESULT: {}
RESULT: undefined
COMMAND: POST /session/c666597816bb06b037137736d1e0af6d/execute/async - {"script":"<script> [776 bytes]","args":[{"enterText":"10001013","selector":{"controlType":"sap.m.SearchField","properties":{"placeholder":"Search"},"searchOpenDialogs":true,"interaction":{"idSuffix":"I"}},"clearTextFirst":true,"interactionType":"ENTER_TEXT"}]}
RESULT: {"script":"<script> [776 bytes]","args":[{"enterText":"10001013","selector":{"controlType":"sap.m.SearchField","properties":{"placeholder":"Search"},"searchOpenDialogs":true,"interaction":{"idSuffix":"I"}},"clearTextFirst":true,"interactionType":"ENTER_TEXT"}]}
COMMAND: POST /session/c666597816bb06b037137736d1e0af6d/actions - {"actions":[{"id":"action15","type":"key","parameters":{},"actions":[{"type":"keyDown","value":"î€‡"},{"type":"pause","duration":10},{"type":"keyUp","value":"î€‡"}]}]}
RESULT: {"actions":[{"id":"action15","type":"key","parameters":{},"actions":[{"type":"keyDown","value":"î€‡"},{"type":"pause","duration":10},{"type":"keyUp","value":"î€‡"}]}]}
COMMAND: GET /session/c666597816bb06b037137736d1e0af6d/screenshot - {}
RESULT: {}
COMMAND: POST /session/c666597816bb06b037137736d1e0af6d/element - {"using":"xpath","value":"//span[contains(text(), \"General Management\")]"}
RESULT: {"using":"xpath","value":"//span[contains(text(), \"General Management\")]"}
COMMAND: POST /session/c666597816bb06b037137736d1e0af6d/element/f.E67777013E942907EFF236C95151777C.d.1B01F1DE45E5CD8EE2060525E1CE14CE.e.4283/click - {}
RESULT: {}
COMMAND: GET /session/c666597816bb06b037137736d1e0af6d/screenshot - {}
RESULT: {}
COMMAND: POST /session/c666597816bb06b037137736d1e0af6d/element - {"using":"xpath","value":"//bdi[contains(text(), \"OK\")]"}
RESULT: {"using":"xpath","value":"//bdi[contains(text(), \"OK\")]"}
COMMAND: POST /session/c666597816bb06b037137736d1e0af6d/element/f.E67777013E942907EFF236C95151777C.d.1B01F1DE45E5CD8EE2060525E1CE14CE.e.4285/click - {}
RESULT: {}
COMMAND: GET /session/c666597816bb06b037137736d1e0af6d/screenshot - {}
RESULT: {}
COMMAND: POST /session/c666597816bb06b037137736d1e0af6d/element - {"using":"xpath","value":"//input[@id=\"application-managesites-display-component---NewSite--addressDetailDetailsCalendar-inner\"]"}
RESULT: {"using":"xpath","value":"//input[@id=\"application-managesites-display-component---NewSite--addressDetailDetailsCalendar-inner\"]"}
COMMAND: POST /session/c666597816bb06b037137736d1e0af6d/element/f.E67777013E942907EFF236C95151777C.d.1B01F1DE45E5CD8EE2060525E1CE14CE.e.4063/clear - {}
RESULT: {}
COMMAND: POST /session/c666597816bb06b037137736d1e0af6d/element/f.E67777013E942907EFF236C95151777C.d.1B01F1DE45E5CD8EE2060525E1CE14CE.e.4063/value - {"text":"Unit"}
COMMAND: GET /session/c666597816bb06b037137736d1e0af6d/screenshot - {}
RESULT: {"text":"Unit"}
COMMAND: GET /session/c666597816bb06b037137736d1e0af6d/screenshot - {}
RESULT: {}
RESULT: {}
COMMAND: POST /session/c666597816bb06b037137736d1e0af6d/actions - {"actions":[{"id":"action16","type":"key","parameters":{},"actions":[{"type":"keyDown","value":"î€‡"},{"type":"pause","duration":10},{"type":"keyUp","value":"î€‡"}]}]}
RESULT: {"actions":[{"id":"action16","type":"key","parameters":{},"actions":[{"type":"keyDown","value":"î€‡"},{"type":"pause","duration":10},{"type":"keyUp","value":"î€‡"}]}]}
COMMAND: POST /session/c666597816bb06b037137736d1e0af6d/element - {"using":"xpath","value":"//input[@id=\"application-managesites-display-component---NewSite--addressDetailDetailsYard-inner\"]"}
COMMAND: GET /session/c666597816bb06b037137736d1e0af6d/screenshot - {}
RESULT: {"using":"xpath","value":"//input[@id=\"application-managesites-display-component---NewSite--addressDetailDetailsYard-inner\"]"}
COMMAND: POST /session/c666597816bb06b037137736d1e0af6d/element/f.E67777013E942907EFF236C95151777C.d.1B01F1DE45E5CD8EE2060525E1CE14CE.e.4064/clear - {}
RESULT: {}
RESULT: {}
COMMAND: POST /session/c666597816bb06b037137736d1e0af6d/element/f.E67777013E942907EFF236C95151777C.d.1B01F1DE45E5CD8EE2060525E1CE14CE.e.4064/value - {"text":"428"}
COMMAND: GET /session/c666597816bb06b037137736d1e0af6d/screenshot - {}
RESULT: {"text":"428"}
COMMAND: GET /session/c666597816bb06b037137736d1e0af6d/screenshot - {}
RESULT: {}
RESULT: {}
COMMAND: POST /session/c666597816bb06b037137736d1e0af6d/element - {"using":"xpath","value":"//li[.//span[text()='428']]"}
RESULT: {"using":"xpath","value":"//li[.//span[text()='428']]"}
COMMAND: POST /session/c666597816bb06b037137736d1e0af6d/element/f.E67777013E942907EFF236C95151777C.d.1B01F1DE45E5CD8EE2060525E1CE14CE.e.4293/click - {}
RESULT: {}
COMMAND: GET /session/c666597816bb06b037137736d1e0af6d/screenshot - {}
RESULT: {}
COMMAND: POST /session/c666597816bb06b037137736d1e0af6d/element - {"using":"xpath","value":"//input[@id=\"application-managesites-display-component---NewSite--addressDetailDetailsPartner-inner\"]"}
RESULT: {"using":"xpath","value":"//input[@id=\"application-managesites-display-component---NewSite--addressDetailDetailsPartner-inner\"]"}
COMMAND: POST /session/c666597816bb06b037137736d1e0af6d/element - {"using":"xpath","value":"//input[@id=\"application-managesites-display-component---NewSite--addressDetailDetailsPartner-inner\"]"}
RESULT: {"using":"xpath","value":"//input[@id=\"application-managesites-display-component---NewSite--addressDetailDetailsPartner-inner\"]"}
COMMAND: POST /session/c666597816bb06b037137736d1e0af6d/element - {"using":"xpath","value":"//button[@data-kt=\"saveButton\"]"}
RESULT: {"using":"xpath","value":"//button[@data-kt=\"saveButton\"]"}
COMMAND: POST /session/c666597816bb06b037137736d1e0af6d/element/f.E67777013E942907EFF236C95151777C.d.1B01F1DE45E5CD8EE2060525E1CE14CE.e.4217/click - {}
RESULT: {}
COMMAND: GET /session/c666597816bb06b037137736d1e0af6d/screenshot - {}
RESULT: {}
COMMAND: POST /session/c666597816bb06b037137736d1e0af6d/element - {"using":"xpath","value":"//header[contains(@id, 'ObjectPageLayout-headerTitle')]/div[1]/div[2]/div[2]/span[1]"}
RESULT: {"using":"xpath","value":"//header[contains(@id, 'ObjectPageLayout-headerTitle')]/div[1]/div[2]/div[2]/span[1]"}
COMMAND: POST /session/c666597816bb06b037137736d1e0af6d/elements - {"using":"xpath","value":"//header[contains(@id, 'ObjectPageLayout-headerTitle')]/div[1]/div[2]/div[2]/span[1]"}
RESULT: {"using":"xpath","value":"//header[contains(@id, 'ObjectPageLayout-headerTitle')]/div[1]/div[2]/div[2]/span[1]"}
COMMAND: POST /session/c666597816bb06b037137736d1e0af6d/execute/sync - {"script":"<script> [56 bytes]","args":[{"element-6066-11e4-a52e-4f735466cecf":"f.E67777013E942907EFF236C95151777C.d.1B01F1DE45E5CD8EE2060525E1CE14CE.e.4500","ELEMENT":"f.E67777013E942907EFF236C95151777C.d.1B01F1DE45E5CD8EE2060525E1CE14CE.e.4500"}]}
RESULT: {"script":"<script> [56 bytes]","args":[{"element-6066-11e4-a52e-4f735466cecf":"f.E67777013E942907EFF236C95151777C.d.1B01F1DE45E5CD8EE2060525E1CE14CE.e.4500","ELEMENT":"f.E67777013E942907EFF236C95151777C.d.1B01F1DE45E5CD8EE2060525E1CE14CE.e.4500"}]}
COMMAND: POST /session/c666597816bb06b037137736d1e0af6d/element - {"using":"css selector","value":"#shell-header-logo"}
COMMAND: GET /session/c666597816bb06b037137736d1e0af6d/screenshot - {}
RESULT: {"using":"css selector","value":"#shell-header-logo"}
COMMAND: POST /session/c666597816bb06b037137736d1e0af6d/element/f.E67777013E942907EFF236C95151777C.d.1B01F1DE45E5CD8EE2060525E1CE14CE.e.3767/click - {}
RESULT: {}
RESULT: {}
COMMAND: GET /session/c666597816bb06b037137736d1e0af6d/screenshot - {}
RESULT: {}
COMMAND: POST /session/c666597816bb06b037137736d1e0af6d/execute/sync - {"script":"<script> [299 bytes]","args":[["getModel","getResource"]]}
RESULT: {"script":"<script> [299 bytes]","args":[["getModel","getResource"]]}
]]></system-out>
    </testcase>
    <testcase classname="chrome.136_0_7103_93.windows.Edit_and_delete_daily_price_US134629_US134627" name="Should go to Manage Conditions Daily Price and add the 2 rows one with yard site and one with yard" time="87.983">
      <system-out><![CDATA[
COMMAND: GET /session/c666597816bb06b037137736d1e0af6d/screenshot - {}
COMMAND: POST /session/c666597816bb06b037137736d1e0af6d/execute/async - {"script":"<script> [1562 bytes]","args":[{"selector":{"controlType":"sap.m.GenericTile","properties":{"header":"Manage Conditions & Prices"}},"wdio_ui5_key":"sapm.GenericTile{\"header\":\"Manage Conditions & Prices\"}"}]}
RESULT: {"script":"<script> [1562 bytes]","args":[{"selector":{"controlType":"sap.m.GenericTile","properties":{"header":"Manage Conditions & Prices"}},"wdio_ui5_key":"sapm.GenericTile{\"header\":\"Manage Conditions & Prices\"}"}]}
RESULT: undefined
COMMAND: POST /session/c666597816bb06b037137736d1e0af6d/element - {"using":"xpath","value":"//*[@id=\"__tile53\"]"}
RESULT: {}
RESULT: {"using":"xpath","value":"//*[@id=\"__tile53\"]"}
COMMAND: POST /session/c666597816bb06b037137736d1e0af6d/element/f.E67777013E942907EFF236C95151777C.d.1B01F1DE45E5CD8EE2060525E1CE14CE.e.2911/click - {}
RESULT: {}
COMMAND: GET /session/c666597816bb06b037137736d1e0af6d/screenshot - {}
RESULT: {}
COMMAND: POST /session/c666597816bb06b037137736d1e0af6d/elements - {"using":"xpath","value":"//span[text()='Error']"}
RESULT: {"using":"xpath","value":"//span[text()='Error']"}
COMMAND: POST /session/c666597816bb06b037137736d1e0af6d/element - {"using":"xpath","value":"//button[@aria-label=\"Create\"]"}
RESULT: {"using":"xpath","value":"//button[@aria-label=\"Create\"]"}
COMMAND: POST /session/c666597816bb06b037137736d1e0af6d/element/f.E67777013E942907EFF236C95151777C.d.1B01F1DE45E5CD8EE2060525E1CE14CE.e.4539/click - {}
RESULT: {}
COMMAND: GET /session/c666597816bb06b037137736d1e0af6d/screenshot - {}
RESULT: {}
COMMAND: POST /session/c666597816bb06b037137736d1e0af6d/actions - {"actions":[{"id":"action17","type":"key","parameters":{},"actions":[{"type":"keyDown","value":"î€•"},{"type":"pause","duration":10},{"type":"keyUp","value":"î€•"}]}]}
RESULT: {"actions":[{"id":"action17","type":"key","parameters":{},"actions":[{"type":"keyDown","value":"î€•"},{"type":"pause","duration":10},{"type":"keyUp","value":"î€•"}]}]}
COMMAND: POST /session/c666597816bb06b037137736d1e0af6d/actions - {"actions":[{"id":"action18","type":"key","parameters":{},"actions":[{"type":"keyDown","value":"î€‡"},{"type":"pause","duration":10},{"type":"keyUp","value":"î€‡"}]}]}
COMMAND: GET /session/c666597816bb06b037137736d1e0af6d/screenshot - {}
RESULT: {"actions":[{"id":"action18","type":"key","parameters":{},"actions":[{"type":"keyDown","value":"î€‡"},{"type":"pause","duration":10},{"type":"keyUp","value":"î€‡"}]}]}
COMMAND: POST /session/c666597816bb06b037137736d1e0af6d/execute/async - {"script":"<script> [1562 bytes]","args":[{"selector":{"controlType":"sap.m.Title","viewName":"etm.portal.ui.manageconditionprice.view.DailyPrices","viewId":"application-manageconditionprice-display-component---dailyPrices","i18NText":{"propertyName":"text","key":"dailyPrices"}},"wdio_ui5_key":"etmportal.ui.manageconditionprice.view.DailyPricessap.m.Title{\"propertyName\":\"text\",\"key\":\"dailyPrices\"}"}]}
COMMAND: GET /session/c666597816bb06b037137736d1e0af6d/screenshot - {}
RESULT: {}
RESULT: {"script":"<script> [1562 bytes]","args":[{"selector":{"controlType":"sap.m.Title","viewName":"etm.portal.ui.manageconditionprice.view.DailyPrices","viewId":"application-manageconditionprice-display-component---dailyPrices","i18NText":{"propertyName":"text","key":"dailyPrices"}},"wdio_ui5_key":"etmportal.ui.manageconditionprice.view.DailyPricessap.m.Title{\"propertyName\":\"text\",\"key\":\"dailyPrices\"}"}]}
RESULT: undefined
COMMAND: POST /session/c666597816bb06b037137736d1e0af6d/execute/async - {"script":"<script> [6424 bytes]","args":[{"element-6066-11e4-a52e-4f735466cecf":"f.E67777013E942907EFF236C95151777C.d.1B01F1DE45E5CD8EE2060525E1CE14CE.e.4899"},"getText",[]]}
RESULT: {}
RESULT: {"script":"<script> [6424 bytes]","args":[{"element-6066-11e4-a52e-4f735466cecf":"f.E67777013E942907EFF236C95151777C.d.1B01F1DE45E5CD8EE2060525E1CE14CE.e.4899"},"getText",[]]}
COMMAND: POST /session/c666597816bb06b037137736d1e0af6d/execute/async - {"script":"<script> [1562 bytes]","args":[{"selector":{"id":"application-manageconditionprice-display-component---dailyPrices--condBillCond","interaction":{"idSuffix":"inner"}},"wdio_ui5_key":"applicationmanageconditionprice-display-component---dailyPrices--condBillCond"}]}
RESULT: {"script":"<script> [1562 bytes]","args":[{"selector":{"id":"application-manageconditionprice-display-component---dailyPrices--condBillCond","interaction":{"idSuffix":"inner"}},"wdio_ui5_key":"applicationmanageconditionprice-display-component---dailyPrices--condBillCond"}]}
RESULT: undefined
COMMAND: POST /session/c666597816bb06b037137736d1e0af6d/execute/async - {"script":"<script> [776 bytes]","args":[{"enterText":"Residual Value %","selector":{"id":"application-manageconditionprice-display-component---dailyPrices--condBillCond","interaction":{"idSuffix":"inner"}},"clearTextFirst":true,"interactionType":"ENTER_TEXT"}]}
RESULT: {"script":"<script> [776 bytes]","args":[{"enterText":"Residual Value %","selector":{"id":"application-manageconditionprice-display-component---dailyPrices--condBillCond","interaction":{"idSuffix":"inner"}},"clearTextFirst":true,"interactionType":"ENTER_TEXT"}]}
COMMAND: POST /session/c666597816bb06b037137736d1e0af6d/execute/async - {"script":"<script> [1562 bytes]","args":[{"selector":{"controlType":"sap.m.StandardListItem","viewName":"etm.portal.ui.manageconditionprice.view.DailyPrices","viewId":"application-manageconditionprice-display-component---dailyPrices","properties":{"type":"Active"},"searchOpenDialogs":true,"interaction":{"idSuffix":"titleText"}},"wdio_ui5_key":"etmportal.ui.manageconditionprice.view.DailyPricessap.m.StandardListItem{\"type\":\"Active\"}"}]}
RESULT: {"script":"<script> [1562 bytes]","args":[{"selector":{"controlType":"sap.m.StandardListItem","viewName":"etm.portal.ui.manageconditionprice.view.DailyPrices","viewId":"application-manageconditionprice-display-component---dailyPrices","properties":{"type":"Active"},"searchOpenDialogs":true,"interaction":{"idSuffix":"titleText"}},"wdio_ui5_key":"etmportal.ui.manageconditionprice.view.DailyPricessap.m.StandardListItem{\"type\":\"Active\"}"}]}
RESULT: undefined
COMMAND: POST /session/c666597816bb06b037137736d1e0af6d/element - {"using":"xpath","value":"//*[@id=\"__item1086\"]"}
RESULT: {"using":"xpath","value":"//*[@id=\"__item1086\"]"}
COMMAND: POST /session/c666597816bb06b037137736d1e0af6d/element/f.E67777013E942907EFF236C95151777C.d.1B01F1DE45E5CD8EE2060525E1CE14CE.e.4913/click - {}
RESULT: {}
COMMAND: POST /session/c666597816bb06b037137736d1e0af6d/execute/async - {"script":"<script> [1562 bytes]","args":[{"selector":{"id":"application-manageconditionprice-display-component---dailyPrices--editBtn","interaction":{"idSuffix":"BDI-content"}},"wdio_ui5_key":"applicationmanageconditionprice-display-component---dailyPrices--editBtn"}]}
COMMAND: GET /session/c666597816bb06b037137736d1e0af6d/screenshot - {}
RESULT: {"script":"<script> [1562 bytes]","args":[{"selector":{"id":"application-manageconditionprice-display-component---dailyPrices--editBtn","interaction":{"idSuffix":"BDI-content"}},"wdio_ui5_key":"applicationmanageconditionprice-display-component---dailyPrices--editBtn"}]}
RESULT: undefined
COMMAND: POST /session/c666597816bb06b037137736d1e0af6d/element - {"using":"xpath","value":"//*[@id=\"application-manageconditionprice-display-component---dailyPrices--editBtn\"]"}
RESULT: {}
RESULT: {"using":"xpath","value":"//*[@id=\"application-manageconditionprice-display-component---dailyPrices--editBtn\"]"}
COMMAND: POST /session/c666597816bb06b037137736d1e0af6d/element/f.E67777013E942907EFF236C95151777C.d.1B01F1DE45E5CD8EE2060525E1CE14CE.e.4901/click - {}
RESULT: {}
COMMAND: POST /session/c666597816bb06b037137736d1e0af6d/execute/async - {"script":"<script> [1562 bytes]","args":[{"selector":{"controlType":"sap.m.Button","viewName":"etm.portal.ui.manageconditionprice.view.DailyPrices","viewId":"application-manageconditionprice-display-component---dailyPrices","i18NText":{"propertyName":"text","key":"add"},"interaction":{"idSuffix":"BDI-content"}},"wdio_ui5_key":"etmportal.ui.manageconditionprice.view.DailyPricessap.m.Button{\"propertyName\":\"text\",\"key\":\"add\"}"}]}
COMMAND: GET /session/c666597816bb06b037137736d1e0af6d/screenshot - {}
RESULT: {"script":"<script> [1562 bytes]","args":[{"selector":{"controlType":"sap.m.Button","viewName":"etm.portal.ui.manageconditionprice.view.DailyPrices","viewId":"application-manageconditionprice-display-component---dailyPrices","i18NText":{"propertyName":"text","key":"add"},"interaction":{"idSuffix":"BDI-content"}},"wdio_ui5_key":"etmportal.ui.manageconditionprice.view.DailyPricessap.m.Button{\"propertyName\":\"text\",\"key\":\"add\"}"}]}
RESULT: undefined
COMMAND: POST /session/c666597816bb06b037137736d1e0af6d/element - {"using":"xpath","value":"//*[@id=\"__button105\"]"}
RESULT: {}
RESULT: {"using":"xpath","value":"//*[@id=\"__button105\"]"}
COMMAND: POST /session/c666597816bb06b037137736d1e0af6d/element/f.E67777013E942907EFF236C95151777C.d.1B01F1DE45E5CD8EE2060525E1CE14CE.e.4939/click - {}
RESULT: {}
COMMAND: POST /session/c666597816bb06b037137736d1e0af6d/elements - {"using":"css selector","value":"table tr"}
COMMAND: GET /session/c666597816bb06b037137736d1e0af6d/screenshot - {}
RESULT: {"using":"css selector","value":"table tr"}
COMMAND: POST /session/c666597816bb06b037137736d1e0af6d/element/f.E67777013E942907EFF236C95151777C.d.1B01F1DE45E5CD8EE2060525E1CE14CE.e.5139/elements - {"using":"css selector","value":"input"}
RESULT: {}
RESULT: {"using":"css selector","value":"input"}
COMMAND: POST /session/c666597816bb06b037137736d1e0af6d/element/f.E67777013E942907EFF236C95151777C.d.1B01F1DE45E5CD8EE2060525E1CE14CE.e.5142/clear - {}
COMMAND: POST /session/c666597816bb06b037137736d1e0af6d/element/f.E67777013E942907EFF236C95151777C.d.1B01F1DE45E5CD8EE2060525E1CE14CE.e.5140/clear - {}
COMMAND: POST /session/c666597816bb06b037137736d1e0af6d/element/f.E67777013E942907EFF236C95151777C.d.1B01F1DE45E5CD8EE2060525E1CE14CE.e.5143/clear - {}
COMMAND: POST /session/c666597816bb06b037137736d1e0af6d/element/f.E67777013E942907EFF236C95151777C.d.1B01F1DE45E5CD8EE2060525E1CE14CE.e.5141/clear - {}
COMMAND: POST /session/c666597816bb06b037137736d1e0af6d/element/f.E67777013E942907EFF236C95151777C.d.1B01F1DE45E5CD8EE2060525E1CE14CE.e.5139/elements - {"using":"css selector","value":"td"}
RESULT: {}
COMMAND: POST /session/c666597816bb06b037137736d1e0af6d/element/f.E67777013E942907EFF236C95151777C.d.1B01F1DE45E5CD8EE2060525E1CE14CE.e.5142/value - {"text":"705.60"}
COMMAND: GET /session/c666597816bb06b037137736d1e0af6d/screenshot - {}
RESULT: {}
COMMAND: POST /session/c666597816bb06b037137736d1e0af6d/element/f.E67777013E942907EFF236C95151777C.d.1B01F1DE45E5CD8EE2060525E1CE14CE.e.5140/value - {"text":"05/16/25"}
RESULT: {}
COMMAND: POST /session/c666597816bb06b037137736d1e0af6d/element/f.E67777013E942907EFF236C95151777C.d.1B01F1DE45E5CD8EE2060525E1CE14CE.e.5143/value - {"text":"Euro"}
COMMAND: GET /session/c666597816bb06b037137736d1e0af6d/screenshot - {}
COMMAND: GET /session/c666597816bb06b037137736d1e0af6d/screenshot - {}
RESULT: {"text":"705.60"}
RESULT: {}
COMMAND: POST /session/c666597816bb06b037137736d1e0af6d/element/f.E67777013E942907EFF236C95151777C.d.1B01F1DE45E5CD8EE2060525E1CE14CE.e.5141/value - {"text":"10/16/25"}
RESULT: {"text":"05/16/25"}
RESULT: {"text":"Euro"}
RESULT: {"using":"css selector","value":"td"}
COMMAND: POST /session/c666597816bb06b037137736d1e0af6d/element - {"using":"xpath","value":".//li[contains(., \"2201\") and not(.//li)]"}
COMMAND: POST /session/c666597816bb06b037137736d1e0af6d/element/f.E67777013E942907EFF236C95151777C.d.1B01F1DE45E5CD8EE2060525E1CE14CE.e.5162/element - {"using":"css selector","value":"input"}
COMMAND: POST /session/c666597816bb06b037137736d1e0af6d/element/f.E67777013E942907EFF236C95151777C.d.1B01F1DE45E5CD8EE2060525E1CE14CE.e.5162/element - {"using":"css selector","value":"input"}
RESULT: {}
RESULT: {"using":"xpath","value":".//li[contains(., \"2201\") and not(.//li)]"}
COMMAND: GET /session/c666597816bb06b037137736d1e0af6d/screenshot - {}
COMMAND: GET /session/c666597816bb06b037137736d1e0af6d/screenshot - {}
COMMAND: GET /session/c666597816bb06b037137736d1e0af6d/screenshot - {}
COMMAND: GET /session/c666597816bb06b037137736d1e0af6d/screenshot - {}
RESULT: {"text":"10/16/25"}
RESULT: {"using":"css selector","value":"input"}
COMMAND: POST /session/c666597816bb06b037137736d1e0af6d/element/f.E67777013E942907EFF236C95151777C.d.1B01F1DE45E5CD8EE2060525E1CE14CE.e.5144/click - {}
RESULT: {"using":"css selector","value":"input"}
COMMAND: POST /session/c666597816bb06b037137736d1e0af6d/element/f.E67777013E942907EFF236C95151777C.d.1B01F1DE45E5CD8EE2060525E1CE14CE.e.5144/clear - {}
COMMAND: GET /session/c666597816bb06b037137736d1e0af6d/screenshot - {}
RESULT: {}
RESULT: {}
COMMAND: POST /session/c666597816bb06b037137736d1e0af6d/elements - {"using":"xpath","value":".//li[contains(., \"2201\") and not(.//li)]"}
RESULT: {}
RESULT: {}
RESULT: {}
RESULT: {}
RESULT: {}
COMMAND: POST /session/c666597816bb06b037137736d1e0af6d/element/f.E67777013E942907EFF236C95151777C.d.1B01F1DE45E5CD8EE2060525E1CE14CE.e.5144/value - {"text":"2201"}
COMMAND: GET /session/c666597816bb06b037137736d1e0af6d/screenshot - {}
COMMAND: GET /session/c666597816bb06b037137736d1e0af6d/screenshot - {}
RESULT: {}
RESULT: {}
RESULT: {"using":"xpath","value":".//li[contains(., \"2201\") and not(.//li)]"}
COMMAND: POST /session/c666597816bb06b037137736d1e0af6d/elements - {"using":"xpath","value":".//li[contains(., \"2201\") and not(.//li)]"}
RESULT: {"text":"2201"}
COMMAND: GET /session/c666597816bb06b037137736d1e0af6d/screenshot - {}
RESULT: {}
RESULT: {}
RESULT: {"using":"xpath","value":".//li[contains(., \"2201\") and not(.//li)]"}
COMMAND: POST /session/c666597816bb06b037137736d1e0af6d/elements - {"using":"xpath","value":".//li[contains(., \"2201\") and not(.//li)]"}
RESULT: {}
RESULT: {"using":"xpath","value":".//li[contains(., \"2201\") and not(.//li)]"}
COMMAND: POST /session/c666597816bb06b037137736d1e0af6d/elements - {"using":"xpath","value":".//li[contains(., \"2201\") and not(.//li)]"}
RESULT: {"using":"xpath","value":".//li[contains(., \"2201\") and not(.//li)]"}
COMMAND: POST /session/c666597816bb06b037137736d1e0af6d/elements - {"using":"xpath","value":".//li[contains(., \"2201\") and not(.//li)]"}
RESULT: {"using":"xpath","value":".//li[contains(., \"2201\") and not(.//li)]"}
COMMAND: POST /session/c666597816bb06b037137736d1e0af6d/elements - {"using":"xpath","value":".//li[contains(., \"2201\") and not(.//li)]"}
RESULT: {"using":"xpath","value":".//li[contains(., \"2201\") and not(.//li)]"}
COMMAND: POST /session/c666597816bb06b037137736d1e0af6d/elements - {"using":"xpath","value":".//li[contains(., \"2201\") and not(.//li)]"}
RESULT: {"using":"xpath","value":".//li[contains(., \"2201\") and not(.//li)]"}
COMMAND: POST /session/c666597816bb06b037137736d1e0af6d/element - {"using":"xpath","value":".//li[contains(., \"2201\") and not(.//li)]"}
RESULT: {"using":"xpath","value":".//li[contains(., \"2201\") and not(.//li)]"}
COMMAND: POST /session/c666597816bb06b037137736d1e0af6d/element/f.E67777013E942907EFF236C95151777C.d.1B01F1DE45E5CD8EE2060525E1CE14CE.e.5170/click - {}
RESULT: {}
COMMAND: POST /session/c666597816bb06b037137736d1e0af6d/element/f.E67777013E942907EFF236C95151777C.d.1B01F1DE45E5CD8EE2060525E1CE14CE.e.5163/element - {"using":"css selector","value":"input"}
COMMAND: GET /session/c666597816bb06b037137736d1e0af6d/screenshot - {}
RESULT: {"using":"css selector","value":"input"}
COMMAND: POST /session/c666597816bb06b037137736d1e0af6d/element/f.E67777013E942907EFF236C95151777C.d.1B01F1DE45E5CD8EE2060525E1CE14CE.e.5145/click - {}
RESULT: {}
RESULT: {}
COMMAND: GET /session/c666597816bb06b037137736d1e0af6d/screenshot - {}
RESULT: {}
COMMAND: POST /session/c666597816bb06b037137736d1e0af6d/element/f.E67777013E942907EFF236C95151777C.d.1B01F1DE45E5CD8EE2060525E1CE14CE.e.5163/element - {"using":"css selector","value":"input"}
RESULT: {"using":"css selector","value":"input"}
COMMAND: POST /session/c666597816bb06b037137736d1e0af6d/element/f.E67777013E942907EFF236C95151777C.d.1B01F1DE45E5CD8EE2060525E1CE14CE.e.5145/clear - {}
RESULT: {}
COMMAND: POST /session/c666597816bb06b037137736d1e0af6d/element/f.E67777013E942907EFF236C95151777C.d.1B01F1DE45E5CD8EE2060525E1CE14CE.e.5145/value - {"text":"428"}
COMMAND: GET /session/c666597816bb06b037137736d1e0af6d/screenshot - {}
RESULT: {"text":"428"}
COMMAND: GET /session/c666597816bb06b037137736d1e0af6d/screenshot - {}
RESULT: {}
RESULT: {}
COMMAND: POST /session/c666597816bb06b037137736d1e0af6d/element - {"using":"xpath","value":".//li[contains(., \"428\") and not(.//li)]"}
RESULT: {"using":"xpath","value":".//li[contains(., \"428\") and not(.//li)]"}
COMMAND: POST /session/c666597816bb06b037137736d1e0af6d/element/f.E67777013E942907EFF236C95151777C.d.1B01F1DE45E5CD8EE2060525E1CE14CE.e.5171/click - {}
RESULT: {}
RESULT: undefined
COMMAND: POST /session/c666597816bb06b037137736d1e0af6d/element - {"using":"xpath","value":"//*[@id=\"__button105\"]"}
COMMAND: GET /session/c666597816bb06b037137736d1e0af6d/screenshot - {}
RESULT: {"using":"xpath","value":"//*[@id=\"__button105\"]"}
COMMAND: POST /session/c666597816bb06b037137736d1e0af6d/element/f.E67777013E942907EFF236C95151777C.d.1B01F1DE45E5CD8EE2060525E1CE14CE.e.4939/click - {}
RESULT: {}
RESULT: {}
COMMAND: POST /session/c666597816bb06b037137736d1e0af6d/elements - {"using":"css selector","value":"table tr"}
COMMAND: GET /session/c666597816bb06b037137736d1e0af6d/screenshot - {}
RESULT: {"using":"css selector","value":"table tr"}
COMMAND: POST /session/c666597816bb06b037137736d1e0af6d/element/f.E67777013E942907EFF236C95151777C.d.1B01F1DE45E5CD8EE2060525E1CE14CE.e.5181/elements - {"using":"css selector","value":"input"}
RESULT: {}
RESULT: {"using":"css selector","value":"input"}
COMMAND: POST /session/c666597816bb06b037137736d1e0af6d/element/f.E67777013E942907EFF236C95151777C.d.1B01F1DE45E5CD8EE2060525E1CE14CE.e.5176/clear - {}
COMMAND: POST /session/c666597816bb06b037137736d1e0af6d/element/f.E67777013E942907EFF236C95151777C.d.1B01F1DE45E5CD8EE2060525E1CE14CE.e.5174/clear - {}
COMMAND: POST /session/c666597816bb06b037137736d1e0af6d/element/f.E67777013E942907EFF236C95151777C.d.1B01F1DE45E5CD8EE2060525E1CE14CE.e.5177/clear - {}
COMMAND: POST /session/c666597816bb06b037137736d1e0af6d/element/f.E67777013E942907EFF236C95151777C.d.1B01F1DE45E5CD8EE2060525E1CE14CE.e.5175/clear - {}
RESULT: {}
COMMAND: POST /session/c666597816bb06b037137736d1e0af6d/element/f.E67777013E942907EFF236C95151777C.d.1B01F1DE45E5CD8EE2060525E1CE14CE.e.5176/value - {"text":"99.5"}
COMMAND: GET /session/c666597816bb06b037137736d1e0af6d/screenshot - {}
RESULT: {}
COMMAND: POST /session/c666597816bb06b037137736d1e0af6d/element/f.E67777013E942907EFF236C95151777C.d.1B01F1DE45E5CD8EE2060525E1CE14CE.e.5174/value - {"text":"05/16/25"}
COMMAND: GET /session/c666597816bb06b037137736d1e0af6d/screenshot - {}
RESULT: {}
COMMAND: POST /session/c666597816bb06b037137736d1e0af6d/element/f.E67777013E942907EFF236C95151777C.d.1B01F1DE45E5CD8EE2060525E1CE14CE.e.5177/value - {"text":"US Dollar"}
COMMAND: GET /session/c666597816bb06b037137736d1e0af6d/screenshot - {}
RESULT: {}
COMMAND: POST /session/c666597816bb06b037137736d1e0af6d/element/f.E67777013E942907EFF236C95151777C.d.1B01F1DE45E5CD8EE2060525E1CE14CE.e.5175/value - {"text":"10/16/25"}
COMMAND: GET /session/c666597816bb06b037137736d1e0af6d/screenshot - {}
RESULT: {"text":"99.5"}
COMMAND: GET /session/c666597816bb06b037137736d1e0af6d/screenshot - {}
RESULT: {}
COMMAND: POST /session/c666597816bb06b037137736d1e0af6d/element/f.E67777013E942907EFF236C95151777C.d.1B01F1DE45E5CD8EE2060525E1CE14CE.e.5181/elements - {"using":"css selector","value":"td"}
RESULT: {"text":"05/16/25"}
RESULT: {}
COMMAND: GET /session/c666597816bb06b037137736d1e0af6d/screenshot - {}
RESULT: {"text":"US Dollar"}
COMMAND: GET /session/c666597816bb06b037137736d1e0af6d/screenshot - {}
RESULT: {}
RESULT: {"text":"10/16/25"}
COMMAND: GET /session/c666597816bb06b037137736d1e0af6d/screenshot - {}
RESULT: {}
RESULT: {}
RESULT: {"using":"css selector","value":"td"}
COMMAND: POST /session/c666597816bb06b037137736d1e0af6d/element/f.E67777013E942907EFF236C95151777C.d.1B01F1DE45E5CD8EE2060525E1CE14CE.e.5196/element - {"using":"css selector","value":"input"}
RESULT: {}
RESULT: {}
RESULT: {}
RESULT: {"using":"css selector","value":"input"}
COMMAND: POST /session/c666597816bb06b037137736d1e0af6d/element/f.E67777013E942907EFF236C95151777C.d.1B01F1DE45E5CD8EE2060525E1CE14CE.e.5178/click - {}
RESULT: {}
COMMAND: GET /session/c666597816bb06b037137736d1e0af6d/screenshot - {}
RESULT: {}
COMMAND: POST /session/c666597816bb06b037137736d1e0af6d/element/f.E67777013E942907EFF236C95151777C.d.1B01F1DE45E5CD8EE2060525E1CE14CE.e.5196/element - {"using":"css selector","value":"input"}
RESULT: {"using":"css selector","value":"input"}
COMMAND: POST /session/c666597816bb06b037137736d1e0af6d/element/f.E67777013E942907EFF236C95151777C.d.1B01F1DE45E5CD8EE2060525E1CE14CE.e.5178/clear - {}
RESULT: {}
COMMAND: POST /session/c666597816bb06b037137736d1e0af6d/element/f.E67777013E942907EFF236C95151777C.d.1B01F1DE45E5CD8EE2060525E1CE14CE.e.5178/value - {"text":"2201"}
COMMAND: GET /session/c666597816bb06b037137736d1e0af6d/screenshot - {}
RESULT: {"text":"2201"}
COMMAND: GET /session/c666597816bb06b037137736d1e0af6d/screenshot - {}
RESULT: {}
RESULT: {}
COMMAND: POST /session/c666597816bb06b037137736d1e0af6d/element - {"using":"xpath","value":"(//li[div//span[contains(text(), '2201')]])[2]"}
RESULT: {"using":"xpath","value":"(//li[div//span[contains(text(), '2201')]])[2]"}
COMMAND: POST /session/c666597816bb06b037137736d1e0af6d/element/f.E67777013E942907EFF236C95151777C.d.1B01F1DE45E5CD8EE2060525E1CE14CE.e.5201/click - {}
RESULT: {}
COMMAND: POST /session/c666597816bb06b037137736d1e0af6d/execute/async - {"script":"<script> [1562 bytes]","args":[{"selector":{"controlType":"sap.m.Button","viewName":"etm.portal.ui.manageconditionprice.view.DailyPrices","viewId":"application-manageconditionprice-display-component---dailyPrices","i18NText":{"propertyName":"tooltip","key":"save"},"interaction":{"idSuffix":"BDI-content"}},"wdio_ui5_key":"etmportal.ui.manageconditionprice.view.DailyPricessap.m.Button{\"propertyName\":\"tooltip\",\"key\":\"save\"}"}]}
COMMAND: GET /session/c666597816bb06b037137736d1e0af6d/screenshot - {}
RESULT: {"script":"<script> [1562 bytes]","args":[{"selector":{"controlType":"sap.m.Button","viewName":"etm.portal.ui.manageconditionprice.view.DailyPrices","viewId":"application-manageconditionprice-display-component---dailyPrices","i18NText":{"propertyName":"tooltip","key":"save"},"interaction":{"idSuffix":"BDI-content"}},"wdio_ui5_key":"etmportal.ui.manageconditionprice.view.DailyPricessap.m.Button{\"propertyName\":\"tooltip\",\"key\":\"save\"}"}]}
RESULT: undefined
COMMAND: POST /session/c666597816bb06b037137736d1e0af6d/element - {"using":"xpath","value":"//*[@id=\"__button107\"]"}
RESULT: {}
RESULT: {"using":"xpath","value":"//*[@id=\"__button107\"]"}
COMMAND: POST /session/c666597816bb06b037137736d1e0af6d/element/f.E67777013E942907EFF236C95151777C.d.1B01F1DE45E5CD8EE2060525E1CE14CE.e.4915/click - {}
RESULT: {}
COMMAND: GET /session/c666597816bb06b037137736d1e0af6d/screenshot - {}
RESULT: {}
]]></system-out>
    </testcase>
    <testcase classname="chrome.136_0_7103_93.windows.Edit_and_delete_daily_price_US134629_US134627" name="Should check whether the 2 rows have been added then edit one of the rows s currency and value and save and check the edited values" time="13.371">
      <system-out><![CDATA[
COMMAND: POST /session/c666597816bb06b037137736d1e0af6d/elements - {"using":"css selector","value":"table tr"}
RESULT: {"using":"css selector","value":"table tr"}
COMMAND: POST /session/c666597816bb06b037137736d1e0af6d/element/f.E67777013E942907EFF236C95151777C.d.1B01F1DE45E5CD8EE2060525E1CE14CE.e.5181/elements - {"using":"css selector","value":"td"}
RESULT: {"using":"css selector","value":"td"}
COMMAND: POST /session/c666597816bb06b037137736d1e0af6d/element/f.E67777013E942907EFF236C95151777C.d.1B01F1DE45E5CD8EE2060525E1CE14CE.e.5139/elements - {"using":"css selector","value":"td"}
RESULT: {"using":"css selector","value":"td"}
COMMAND: POST /session/c666597816bb06b037137736d1e0af6d/element/f.E67777013E942907EFF236C95151777C.d.1B01F1DE45E5CD8EE2060525E1CE14CE.e.5204/element - {"using":"css selector","value":".sapMObjectNumberText"}
RESULT: {"using":"css selector","value":".sapMObjectNumberText"}
COMMAND: GET /session/c666597816bb06b037137736d1e0af6d/element/f.E67777013E942907EFF236C95151777C.d.1B01F1DE45E5CD8EE2060525E1CE14CE.e.5206/text - {}
RESULT: {}
COMMAND: POST /session/c666597816bb06b037137736d1e0af6d/element/f.E67777013E942907EFF236C95151777C.d.1B01F1DE45E5CD8EE2060525E1CE14CE.e.5205/element - {"using":"css selector","value":".sapMObjectNumberText"}
RESULT: {"using":"css selector","value":".sapMObjectNumberText"}
COMMAND: GET /session/c666597816bb06b037137736d1e0af6d/element/f.E67777013E942907EFF236C95151777C.d.1B01F1DE45E5CD8EE2060525E1CE14CE.e.5207/text - {}
RESULT: {}
RESULT: undefined
COMMAND: POST /session/c666597816bb06b037137736d1e0af6d/element - {"using":"xpath","value":"//*[@id=\"application-manageconditionprice-display-component---dailyPrices--editBtn\"]"}
RESULT: {"using":"xpath","value":"//*[@id=\"application-manageconditionprice-display-component---dailyPrices--editBtn\"]"}
COMMAND: POST /session/c666597816bb06b037137736d1e0af6d/element/f.E67777013E942907EFF236C95151777C.d.1B01F1DE45E5CD8EE2060525E1CE14CE.e.5203/click - {}
RESULT: {}
COMMAND: POST /session/c666597816bb06b037137736d1e0af6d/elements - {"using":"css selector","value":"table tr"}
COMMAND: GET /session/c666597816bb06b037137736d1e0af6d/screenshot - {}
RESULT: {"using":"css selector","value":"table tr"}
COMMAND: POST /session/c666597816bb06b037137736d1e0af6d/element/f.E67777013E942907EFF236C95151777C.d.1B01F1DE45E5CD8EE2060525E1CE14CE.e.5181/elements - {"using":"css selector","value":"input"}
RESULT: {}
RESULT: {"using":"css selector","value":"input"}
COMMAND: POST /session/c666597816bb06b037137736d1e0af6d/element/f.E67777013E942907EFF236C95151777C.d.1B01F1DE45E5CD8EE2060525E1CE14CE.e.5228/clear - {}
COMMAND: POST /session/c666597816bb06b037137736d1e0af6d/element/f.E67777013E942907EFF236C95151777C.d.1B01F1DE45E5CD8EE2060525E1CE14CE.e.5229/clear - {}
RESULT: {}
COMMAND: POST /session/c666597816bb06b037137736d1e0af6d/element/f.E67777013E942907EFF236C95151777C.d.1B01F1DE45E5CD8EE2060525E1CE14CE.e.5228/value - {"text":"566.1"}
COMMAND: GET /session/c666597816bb06b037137736d1e0af6d/screenshot - {}
RESULT: {}
COMMAND: POST /session/c666597816bb06b037137736d1e0af6d/element/f.E67777013E942907EFF236C95151777C.d.1B01F1DE45E5CD8EE2060525E1CE14CE.e.5229/value - {"text":"US Dollar"}
COMMAND: GET /session/c666597816bb06b037137736d1e0af6d/screenshot - {}
RESULT: {"text":"566.1"}
COMMAND: GET /session/c666597816bb06b037137736d1e0af6d/screenshot - {}
RESULT: {}
RESULT: undefined
COMMAND: POST /session/c666597816bb06b037137736d1e0af6d/element - {"using":"xpath","value":"//*[@id=\"__button107\"]"}
RESULT: {"text":"US Dollar"}
COMMAND: GET /session/c666597816bb06b037137736d1e0af6d/screenshot - {}
RESULT: {}
RESULT: {}
RESULT: {"using":"xpath","value":"//*[@id=\"__button107\"]"}
COMMAND: POST /session/c666597816bb06b037137736d1e0af6d/element/f.E67777013E942907EFF236C95151777C.d.1B01F1DE45E5CD8EE2060525E1CE14CE.e.5208/click - {}
RESULT: {}
RESULT: {}
COMMAND: GET /session/c666597816bb06b037137736d1e0af6d/screenshot - {}
RESULT: {}
COMMAND: POST /session/c666597816bb06b037137736d1e0af6d/elements - {"using":"css selector","value":"table tr"}
RESULT: {"using":"css selector","value":"table tr"}
COMMAND: POST /session/c666597816bb06b037137736d1e0af6d/element/f.E67777013E942907EFF236C95151777C.d.1B01F1DE45E5CD8EE2060525E1CE14CE.e.5181/elements - {"using":"css selector","value":"td"}
RESULT: {"using":"css selector","value":"td"}
COMMAND: POST /session/c666597816bb06b037137736d1e0af6d/element/f.E67777013E942907EFF236C95151777C.d.1B01F1DE45E5CD8EE2060525E1CE14CE.e.5233/element - {"using":"css selector","value":".sapMObjectNumberText"}
RESULT: {"using":"css selector","value":".sapMObjectNumberText"}
COMMAND: GET /session/c666597816bb06b037137736d1e0af6d/element/f.E67777013E942907EFF236C95151777C.d.1B01F1DE45E5CD8EE2060525E1CE14CE.e.5235/text - {}
RESULT: {}
]]></system-out>
    </testcase>
    <testcase classname="chrome.136_0_7103_93.windows.Edit_and_delete_daily_price_US134629_US134627" name="Should go into edit and delete all the rows that match the yard we have created for this scenario check if all rows deleted" time="35.886">
      <system-out><![CDATA[
RESULT: undefined
COMMAND: POST /session/c666597816bb06b037137736d1e0af6d/element - {"using":"xpath","value":"//*[@id=\"application-manageconditionprice-display-component---dailyPrices--editBtn\"]"}
RESULT: {"using":"xpath","value":"//*[@id=\"application-manageconditionprice-display-component---dailyPrices--editBtn\"]"}
COMMAND: POST /session/c666597816bb06b037137736d1e0af6d/element/f.E67777013E942907EFF236C95151777C.d.1B01F1DE45E5CD8EE2060525E1CE14CE.e.5232/click - {}
RESULT: {}
COMMAND: GET /session/c666597816bb06b037137736d1e0af6d/screenshot - {}
RESULT: {}
COMMAND: POST /session/c666597816bb06b037137736d1e0af6d/elements - {"using":"css selector","value":"table tr"}
RESULT: {"using":"css selector","value":"table tr"}
COMMAND: POST /session/c666597816bb06b037137736d1e0af6d/element/f.E67777013E942907EFF236C95151777C.d.1B01F1DE45E5CD8EE2060525E1CE14CE.e.4941/elements - {"using":"css selector","value":"td"}
RESULT: {"using":"css selector","value":"td"}
COMMAND: POST /session/c666597816bb06b037137736d1e0af6d/element/f.E67777013E942907EFF236C95151777C.d.1B01F1DE45E5CD8EE2060525E1CE14CE.e.4942/elements - {"using":"css selector","value":"td"}
RESULT: {"using":"css selector","value":"td"}
COMMAND: POST /session/c666597816bb06b037137736d1e0af6d/element/f.E67777013E942907EFF236C95151777C.d.1B01F1DE45E5CD8EE2060525E1CE14CE.e.4943/elements - {"using":"css selector","value":"td"}
RESULT: {"using":"css selector","value":"td"}
COMMAND: POST /session/c666597816bb06b037137736d1e0af6d/element/f.E67777013E942907EFF236C95151777C.d.1B01F1DE45E5CD8EE2060525E1CE14CE.e.4822/elements - {"using":"css selector","value":"td"}
RESULT: {"using":"css selector","value":"td"}
COMMAND: POST /session/c666597816bb06b037137736d1e0af6d/element/f.E67777013E942907EFF236C95151777C.d.1B01F1DE45E5CD8EE2060525E1CE14CE.e.4823/elements - {"using":"css selector","value":"td"}
RESULT: {"using":"css selector","value":"td"}
COMMAND: POST /session/c666597816bb06b037137736d1e0af6d/element/f.E67777013E942907EFF236C95151777C.d.1B01F1DE45E5CD8EE2060525E1CE14CE.e.4832/elements - {"using":"css selector","value":"td"}
RESULT: {"using":"css selector","value":"td"}
COMMAND: POST /session/c666597816bb06b037137736d1e0af6d/element/f.E67777013E942907EFF236C95151777C.d.1B01F1DE45E5CD8EE2060525E1CE14CE.e.4833/elements - {"using":"css selector","value":"td"}
RESULT: {"using":"css selector","value":"td"}
COMMAND: POST /session/c666597816bb06b037137736d1e0af6d/element/f.E67777013E942907EFF236C95151777C.d.1B01F1DE45E5CD8EE2060525E1CE14CE.e.4842/elements - {"using":"css selector","value":"td"}
RESULT: {"using":"css selector","value":"td"}
COMMAND: POST /session/c666597816bb06b037137736d1e0af6d/element/f.E67777013E942907EFF236C95151777C.d.1B01F1DE45E5CD8EE2060525E1CE14CE.e.4843/elements - {"using":"css selector","value":"td"}
RESULT: {"using":"css selector","value":"td"}
COMMAND: POST /session/c666597816bb06b037137736d1e0af6d/element/f.E67777013E942907EFF236C95151777C.d.1B01F1DE45E5CD8EE2060525E1CE14CE.e.4848/elements - {"using":"css selector","value":"td"}
RESULT: {"using":"css selector","value":"td"}
COMMAND: POST /session/c666597816bb06b037137736d1e0af6d/element/f.E67777013E942907EFF236C95151777C.d.1B01F1DE45E5CD8EE2060525E1CE14CE.e.4944/elements - {"using":"css selector","value":"td"}
RESULT: {"using":"css selector","value":"td"}
COMMAND: POST /session/c666597816bb06b037137736d1e0af6d/element/f.E67777013E942907EFF236C95151777C.d.1B01F1DE45E5CD8EE2060525E1CE14CE.e.4945/elements - {"using":"css selector","value":"td"}
RESULT: {"using":"css selector","value":"td"}
COMMAND: POST /session/c666597816bb06b037137736d1e0af6d/element/f.E67777013E942907EFF236C95151777C.d.1B01F1DE45E5CD8EE2060525E1CE14CE.e.4946/elements - {"using":"css selector","value":"td"}
RESULT: {"using":"css selector","value":"td"}
COMMAND: POST /session/c666597816bb06b037137736d1e0af6d/element/f.E67777013E942907EFF236C95151777C.d.1B01F1DE45E5CD8EE2060525E1CE14CE.e.4947/elements - {"using":"css selector","value":"td"}
RESULT: {"using":"css selector","value":"td"}
COMMAND: POST /session/c666597816bb06b037137736d1e0af6d/element/f.E67777013E942907EFF236C95151777C.d.1B01F1DE45E5CD8EE2060525E1CE14CE.e.4948/elements - {"using":"css selector","value":"td"}
RESULT: {"using":"css selector","value":"td"}
COMMAND: POST /session/c666597816bb06b037137736d1e0af6d/element/f.E67777013E942907EFF236C95151777C.d.1B01F1DE45E5CD8EE2060525E1CE14CE.e.4949/elements - {"using":"css selector","value":"td"}
RESULT: {"using":"css selector","value":"td"}
COMMAND: POST /session/c666597816bb06b037137736d1e0af6d/element/f.E67777013E942907EFF236C95151777C.d.1B01F1DE45E5CD8EE2060525E1CE14CE.e.4950/elements - {"using":"css selector","value":"td"}
RESULT: {"using":"css selector","value":"td"}
COMMAND: POST /session/c666597816bb06b037137736d1e0af6d/element/f.E67777013E942907EFF236C95151777C.d.1B01F1DE45E5CD8EE2060525E1CE14CE.e.4951/elements - {"using":"css selector","value":"td"}
RESULT: {"using":"css selector","value":"td"}
COMMAND: POST /session/c666597816bb06b037137736d1e0af6d/element/f.E67777013E942907EFF236C95151777C.d.1B01F1DE45E5CD8EE2060525E1CE14CE.e.4952/elements - {"using":"css selector","value":"td"}
RESULT: {"using":"css selector","value":"td"}
COMMAND: POST /session/c666597816bb06b037137736d1e0af6d/element/f.E67777013E942907EFF236C95151777C.d.1B01F1DE45E5CD8EE2060525E1CE14CE.e.4953/elements - {"using":"css selector","value":"td"}
RESULT: {"using":"css selector","value":"td"}
COMMAND: POST /session/c666597816bb06b037137736d1e0af6d/element/f.E67777013E942907EFF236C95151777C.d.1B01F1DE45E5CD8EE2060525E1CE14CE.e.4954/elements - {"using":"css selector","value":"td"}
RESULT: {"using":"css selector","value":"td"}
COMMAND: POST /session/c666597816bb06b037137736d1e0af6d/element/f.E67777013E942907EFF236C95151777C.d.1B01F1DE45E5CD8EE2060525E1CE14CE.e.4955/elements - {"using":"css selector","value":"td"}
RESULT: {"using":"css selector","value":"td"}
COMMAND: POST /session/c666597816bb06b037137736d1e0af6d/element/f.E67777013E942907EFF236C95151777C.d.1B01F1DE45E5CD8EE2060525E1CE14CE.e.4956/elements - {"using":"css selector","value":"td"}
RESULT: {"using":"css selector","value":"td"}
COMMAND: POST /session/c666597816bb06b037137736d1e0af6d/element/f.E67777013E942907EFF236C95151777C.d.1B01F1DE45E5CD8EE2060525E1CE14CE.e.4957/elements - {"using":"css selector","value":"td"}
RESULT: {"using":"css selector","value":"td"}
COMMAND: POST /session/c666597816bb06b037137736d1e0af6d/element/f.E67777013E942907EFF236C95151777C.d.1B01F1DE45E5CD8EE2060525E1CE14CE.e.4958/elements - {"using":"css selector","value":"td"}
RESULT: {"using":"css selector","value":"td"}
COMMAND: POST /session/c666597816bb06b037137736d1e0af6d/element/f.E67777013E942907EFF236C95151777C.d.1B01F1DE45E5CD8EE2060525E1CE14CE.e.4959/elements - {"using":"css selector","value":"td"}
RESULT: {"using":"css selector","value":"td"}
COMMAND: POST /session/c666597816bb06b037137736d1e0af6d/element/f.E67777013E942907EFF236C95151777C.d.1B01F1DE45E5CD8EE2060525E1CE14CE.e.4960/elements - {"using":"css selector","value":"td"}
RESULT: {"using":"css selector","value":"td"}
COMMAND: POST /session/c666597816bb06b037137736d1e0af6d/element/f.E67777013E942907EFF236C95151777C.d.1B01F1DE45E5CD8EE2060525E1CE14CE.e.4961/elements - {"using":"css selector","value":"td"}
RESULT: {"using":"css selector","value":"td"}
COMMAND: POST /session/c666597816bb06b037137736d1e0af6d/element/f.E67777013E942907EFF236C95151777C.d.1B01F1DE45E5CD8EE2060525E1CE14CE.e.4962/elements - {"using":"css selector","value":"td"}
RESULT: {"using":"css selector","value":"td"}
COMMAND: POST /session/c666597816bb06b037137736d1e0af6d/element/f.E67777013E942907EFF236C95151777C.d.1B01F1DE45E5CD8EE2060525E1CE14CE.e.4963/elements - {"using":"css selector","value":"td"}
RESULT: {"using":"css selector","value":"td"}
COMMAND: POST /session/c666597816bb06b037137736d1e0af6d/element/f.E67777013E942907EFF236C95151777C.d.1B01F1DE45E5CD8EE2060525E1CE14CE.e.4964/elements - {"using":"css selector","value":"td"}
RESULT: {"using":"css selector","value":"td"}
COMMAND: POST /session/c666597816bb06b037137736d1e0af6d/element/f.E67777013E942907EFF236C95151777C.d.1B01F1DE45E5CD8EE2060525E1CE14CE.e.4965/elements - {"using":"css selector","value":"td"}
RESULT: {"using":"css selector","value":"td"}
COMMAND: POST /session/c666597816bb06b037137736d1e0af6d/element/f.E67777013E942907EFF236C95151777C.d.1B01F1DE45E5CD8EE2060525E1CE14CE.e.4966/elements - {"using":"css selector","value":"td"}
RESULT: {"using":"css selector","value":"td"}
COMMAND: POST /session/c666597816bb06b037137736d1e0af6d/element/f.E67777013E942907EFF236C95151777C.d.1B01F1DE45E5CD8EE2060525E1CE14CE.e.4967/elements - {"using":"css selector","value":"td"}
RESULT: {"using":"css selector","value":"td"}
COMMAND: POST /session/c666597816bb06b037137736d1e0af6d/element/f.E67777013E942907EFF236C95151777C.d.1B01F1DE45E5CD8EE2060525E1CE14CE.e.4968/elements - {"using":"css selector","value":"td"}
RESULT: {"using":"css selector","value":"td"}
COMMAND: POST /session/c666597816bb06b037137736d1e0af6d/element/f.E67777013E942907EFF236C95151777C.d.1B01F1DE45E5CD8EE2060525E1CE14CE.e.4969/elements - {"using":"css selector","value":"td"}
RESULT: {"using":"css selector","value":"td"}
COMMAND: POST /session/c666597816bb06b037137736d1e0af6d/element/f.E67777013E942907EFF236C95151777C.d.1B01F1DE45E5CD8EE2060525E1CE14CE.e.4970/elements - {"using":"css selector","value":"td"}
RESULT: {"using":"css selector","value":"td"}
COMMAND: POST /session/c666597816bb06b037137736d1e0af6d/element/f.E67777013E942907EFF236C95151777C.d.1B01F1DE45E5CD8EE2060525E1CE14CE.e.4971/elements - {"using":"css selector","value":"td"}
RESULT: {"using":"css selector","value":"td"}
COMMAND: POST /session/c666597816bb06b037137736d1e0af6d/element/f.E67777013E942907EFF236C95151777C.d.1B01F1DE45E5CD8EE2060525E1CE14CE.e.4972/elements - {"using":"css selector","value":"td"}
RESULT: {"using":"css selector","value":"td"}
COMMAND: POST /session/c666597816bb06b037137736d1e0af6d/element/f.E67777013E942907EFF236C95151777C.d.1B01F1DE45E5CD8EE2060525E1CE14CE.e.4973/elements - {"using":"css selector","value":"td"}
RESULT: {"using":"css selector","value":"td"}
COMMAND: POST /session/c666597816bb06b037137736d1e0af6d/element/f.E67777013E942907EFF236C95151777C.d.1B01F1DE45E5CD8EE2060525E1CE14CE.e.4974/elements - {"using":"css selector","value":"td"}
RESULT: {"using":"css selector","value":"td"}
COMMAND: POST /session/c666597816bb06b037137736d1e0af6d/element/f.E67777013E942907EFF236C95151777C.d.1B01F1DE45E5CD8EE2060525E1CE14CE.e.4975/elements - {"using":"css selector","value":"td"}
RESULT: {"using":"css selector","value":"td"}
COMMAND: POST /session/c666597816bb06b037137736d1e0af6d/element/f.E67777013E942907EFF236C95151777C.d.1B01F1DE45E5CD8EE2060525E1CE14CE.e.4976/elements - {"using":"css selector","value":"td"}
RESULT: {"using":"css selector","value":"td"}
COMMAND: POST /session/c666597816bb06b037137736d1e0af6d/element/f.E67777013E942907EFF236C95151777C.d.1B01F1DE45E5CD8EE2060525E1CE14CE.e.4977/elements - {"using":"css selector","value":"td"}
RESULT: {"using":"css selector","value":"td"}
COMMAND: POST /session/c666597816bb06b037137736d1e0af6d/element/f.E67777013E942907EFF236C95151777C.d.1B01F1DE45E5CD8EE2060525E1CE14CE.e.4978/elements - {"using":"css selector","value":"td"}
RESULT: {"using":"css selector","value":"td"}
COMMAND: POST /session/c666597816bb06b037137736d1e0af6d/element/f.E67777013E942907EFF236C95151777C.d.1B01F1DE45E5CD8EE2060525E1CE14CE.e.4979/elements - {"using":"css selector","value":"td"}
RESULT: {"using":"css selector","value":"td"}
COMMAND: POST /session/c666597816bb06b037137736d1e0af6d/element/f.E67777013E942907EFF236C95151777C.d.1B01F1DE45E5CD8EE2060525E1CE14CE.e.4980/elements - {"using":"css selector","value":"td"}
RESULT: {"using":"css selector","value":"td"}
COMMAND: POST /session/c666597816bb06b037137736d1e0af6d/element/f.E67777013E942907EFF236C95151777C.d.1B01F1DE45E5CD8EE2060525E1CE14CE.e.4981/elements - {"using":"css selector","value":"td"}
RESULT: {"using":"css selector","value":"td"}
COMMAND: POST /session/c666597816bb06b037137736d1e0af6d/element/f.E67777013E942907EFF236C95151777C.d.1B01F1DE45E5CD8EE2060525E1CE14CE.e.4982/elements - {"using":"css selector","value":"td"}
RESULT: {"using":"css selector","value":"td"}
COMMAND: POST /session/c666597816bb06b037137736d1e0af6d/element/f.E67777013E942907EFF236C95151777C.d.1B01F1DE45E5CD8EE2060525E1CE14CE.e.4983/elements - {"using":"css selector","value":"td"}
RESULT: {"using":"css selector","value":"td"}
COMMAND: POST /session/c666597816bb06b037137736d1e0af6d/element/f.E67777013E942907EFF236C95151777C.d.1B01F1DE45E5CD8EE2060525E1CE14CE.e.4984/elements - {"using":"css selector","value":"td"}
RESULT: {"using":"css selector","value":"td"}
COMMAND: POST /session/c666597816bb06b037137736d1e0af6d/element/f.E67777013E942907EFF236C95151777C.d.1B01F1DE45E5CD8EE2060525E1CE14CE.e.4985/elements - {"using":"css selector","value":"td"}
RESULT: {"using":"css selector","value":"td"}
COMMAND: POST /session/c666597816bb06b037137736d1e0af6d/element/f.E67777013E942907EFF236C95151777C.d.1B01F1DE45E5CD8EE2060525E1CE14CE.e.4986/elements - {"using":"css selector","value":"td"}
RESULT: {"using":"css selector","value":"td"}
COMMAND: POST /session/c666597816bb06b037137736d1e0af6d/element/f.E67777013E942907EFF236C95151777C.d.1B01F1DE45E5CD8EE2060525E1CE14CE.e.4987/elements - {"using":"css selector","value":"td"}
RESULT: {"using":"css selector","value":"td"}
COMMAND: POST /session/c666597816bb06b037137736d1e0af6d/element/f.E67777013E942907EFF236C95151777C.d.1B01F1DE45E5CD8EE2060525E1CE14CE.e.4988/elements - {"using":"css selector","value":"td"}
RESULT: {"using":"css selector","value":"td"}
COMMAND: POST /session/c666597816bb06b037137736d1e0af6d/element/f.E67777013E942907EFF236C95151777C.d.1B01F1DE45E5CD8EE2060525E1CE14CE.e.4989/elements - {"using":"css selector","value":"td"}
RESULT: {"using":"css selector","value":"td"}
COMMAND: POST /session/c666597816bb06b037137736d1e0af6d/element/f.E67777013E942907EFF236C95151777C.d.1B01F1DE45E5CD8EE2060525E1CE14CE.e.4990/elements - {"using":"css selector","value":"td"}
RESULT: {"using":"css selector","value":"td"}
COMMAND: POST /session/c666597816bb06b037137736d1e0af6d/element/f.E67777013E942907EFF236C95151777C.d.1B01F1DE45E5CD8EE2060525E1CE14CE.e.4991/elements - {"using":"css selector","value":"td"}
RESULT: {"using":"css selector","value":"td"}
COMMAND: POST /session/c666597816bb06b037137736d1e0af6d/element/f.E67777013E942907EFF236C95151777C.d.1B01F1DE45E5CD8EE2060525E1CE14CE.e.4992/elements - {"using":"css selector","value":"td"}
RESULT: {"using":"css selector","value":"td"}
COMMAND: POST /session/c666597816bb06b037137736d1e0af6d/element/f.E67777013E942907EFF236C95151777C.d.1B01F1DE45E5CD8EE2060525E1CE14CE.e.4993/elements - {"using":"css selector","value":"td"}
RESULT: {"using":"css selector","value":"td"}
COMMAND: POST /session/c666597816bb06b037137736d1e0af6d/element/f.E67777013E942907EFF236C95151777C.d.1B01F1DE45E5CD8EE2060525E1CE14CE.e.4994/elements - {"using":"css selector","value":"td"}
RESULT: {"using":"css selector","value":"td"}
COMMAND: POST /session/c666597816bb06b037137736d1e0af6d/element/f.E67777013E942907EFF236C95151777C.d.1B01F1DE45E5CD8EE2060525E1CE14CE.e.4995/elements - {"using":"css selector","value":"td"}
RESULT: {"using":"css selector","value":"td"}
COMMAND: POST /session/c666597816bb06b037137736d1e0af6d/element/f.E67777013E942907EFF236C95151777C.d.1B01F1DE45E5CD8EE2060525E1CE14CE.e.4996/elements - {"using":"css selector","value":"td"}
RESULT: {"using":"css selector","value":"td"}
COMMAND: POST /session/c666597816bb06b037137736d1e0af6d/element/f.E67777013E942907EFF236C95151777C.d.1B01F1DE45E5CD8EE2060525E1CE14CE.e.4997/elements - {"using":"css selector","value":"td"}
RESULT: {"using":"css selector","value":"td"}
COMMAND: POST /session/c666597816bb06b037137736d1e0af6d/element/f.E67777013E942907EFF236C95151777C.d.1B01F1DE45E5CD8EE2060525E1CE14CE.e.4998/elements - {"using":"css selector","value":"td"}
RESULT: {"using":"css selector","value":"td"}
COMMAND: POST /session/c666597816bb06b037137736d1e0af6d/element/f.E67777013E942907EFF236C95151777C.d.1B01F1DE45E5CD8EE2060525E1CE14CE.e.4999/elements - {"using":"css selector","value":"td"}
RESULT: {"using":"css selector","value":"td"}
COMMAND: POST /session/c666597816bb06b037137736d1e0af6d/element/f.E67777013E942907EFF236C95151777C.d.1B01F1DE45E5CD8EE2060525E1CE14CE.e.5000/elements - {"using":"css selector","value":"td"}
RESULT: {"using":"css selector","value":"td"}
COMMAND: POST /session/c666597816bb06b037137736d1e0af6d/element/f.E67777013E942907EFF236C95151777C.d.1B01F1DE45E5CD8EE2060525E1CE14CE.e.5001/elements - {"using":"css selector","value":"td"}
RESULT: {"using":"css selector","value":"td"}
COMMAND: POST /session/c666597816bb06b037137736d1e0af6d/element/f.E67777013E942907EFF236C95151777C.d.1B01F1DE45E5CD8EE2060525E1CE14CE.e.5002/elements - {"using":"css selector","value":"td"}
RESULT: {"using":"css selector","value":"td"}
COMMAND: POST /session/c666597816bb06b037137736d1e0af6d/element/f.E67777013E942907EFF236C95151777C.d.1B01F1DE45E5CD8EE2060525E1CE14CE.e.5003/elements - {"using":"css selector","value":"td"}
RESULT: {"using":"css selector","value":"td"}
COMMAND: POST /session/c666597816bb06b037137736d1e0af6d/element/f.E67777013E942907EFF236C95151777C.d.1B01F1DE45E5CD8EE2060525E1CE14CE.e.5004/elements - {"using":"css selector","value":"td"}
RESULT: {"using":"css selector","value":"td"}
COMMAND: POST /session/c666597816bb06b037137736d1e0af6d/element/f.E67777013E942907EFF236C95151777C.d.1B01F1DE45E5CD8EE2060525E1CE14CE.e.5005/elements - {"using":"css selector","value":"td"}
RESULT: {"using":"css selector","value":"td"}
COMMAND: POST /session/c666597816bb06b037137736d1e0af6d/element/f.E67777013E942907EFF236C95151777C.d.1B01F1DE45E5CD8EE2060525E1CE14CE.e.5006/elements - {"using":"css selector","value":"td"}
RESULT: {"using":"css selector","value":"td"}
COMMAND: POST /session/c666597816bb06b037137736d1e0af6d/element/f.E67777013E942907EFF236C95151777C.d.1B01F1DE45E5CD8EE2060525E1CE14CE.e.5007/elements - {"using":"css selector","value":"td"}
RESULT: {"using":"css selector","value":"td"}
COMMAND: POST /session/c666597816bb06b037137736d1e0af6d/element/f.E67777013E942907EFF236C95151777C.d.1B01F1DE45E5CD8EE2060525E1CE14CE.e.5008/elements - {"using":"css selector","value":"td"}
RESULT: {"using":"css selector","value":"td"}
COMMAND: POST /session/c666597816bb06b037137736d1e0af6d/element/f.E67777013E942907EFF236C95151777C.d.1B01F1DE45E5CD8EE2060525E1CE14CE.e.5009/elements - {"using":"css selector","value":"td"}
RESULT: {"using":"css selector","value":"td"}
COMMAND: POST /session/c666597816bb06b037137736d1e0af6d/element/f.E67777013E942907EFF236C95151777C.d.1B01F1DE45E5CD8EE2060525E1CE14CE.e.5010/elements - {"using":"css selector","value":"td"}
RESULT: {"using":"css selector","value":"td"}
COMMAND: POST /session/c666597816bb06b037137736d1e0af6d/element/f.E67777013E942907EFF236C95151777C.d.1B01F1DE45E5CD8EE2060525E1CE14CE.e.5011/elements - {"using":"css selector","value":"td"}
RESULT: {"using":"css selector","value":"td"}
COMMAND: POST /session/c666597816bb06b037137736d1e0af6d/element/f.E67777013E942907EFF236C95151777C.d.1B01F1DE45E5CD8EE2060525E1CE14CE.e.5012/elements - {"using":"css selector","value":"td"}
RESULT: {"using":"css selector","value":"td"}
COMMAND: POST /session/c666597816bb06b037137736d1e0af6d/element/f.E67777013E942907EFF236C95151777C.d.1B01F1DE45E5CD8EE2060525E1CE14CE.e.5013/elements - {"using":"css selector","value":"td"}
RESULT: {"using":"css selector","value":"td"}
COMMAND: POST /session/c666597816bb06b037137736d1e0af6d/element/f.E67777013E942907EFF236C95151777C.d.1B01F1DE45E5CD8EE2060525E1CE14CE.e.5014/elements - {"using":"css selector","value":"td"}
RESULT: {"using":"css selector","value":"td"}
COMMAND: POST /session/c666597816bb06b037137736d1e0af6d/element/f.E67777013E942907EFF236C95151777C.d.1B01F1DE45E5CD8EE2060525E1CE14CE.e.5015/elements - {"using":"css selector","value":"td"}
RESULT: {"using":"css selector","value":"td"}
COMMAND: POST /session/c666597816bb06b037137736d1e0af6d/element/f.E67777013E942907EFF236C95151777C.d.1B01F1DE45E5CD8EE2060525E1CE14CE.e.5016/elements - {"using":"css selector","value":"td"}
RESULT: {"using":"css selector","value":"td"}
COMMAND: POST /session/c666597816bb06b037137736d1e0af6d/element/f.E67777013E942907EFF236C95151777C.d.1B01F1DE45E5CD8EE2060525E1CE14CE.e.5017/elements - {"using":"css selector","value":"td"}
RESULT: {"using":"css selector","value":"td"}
COMMAND: POST /session/c666597816bb06b037137736d1e0af6d/element/f.E67777013E942907EFF236C95151777C.d.1B01F1DE45E5CD8EE2060525E1CE14CE.e.5018/elements - {"using":"css selector","value":"td"}
RESULT: {"using":"css selector","value":"td"}
COMMAND: POST /session/c666597816bb06b037137736d1e0af6d/element/f.E67777013E942907EFF236C95151777C.d.1B01F1DE45E5CD8EE2060525E1CE14CE.e.5019/elements - {"using":"css selector","value":"td"}
RESULT: {"using":"css selector","value":"td"}
COMMAND: POST /session/c666597816bb06b037137736d1e0af6d/element/f.E67777013E942907EFF236C95151777C.d.1B01F1DE45E5CD8EE2060525E1CE14CE.e.5020/elements - {"using":"css selector","value":"td"}
RESULT: {"using":"css selector","value":"td"}
COMMAND: POST /session/c666597816bb06b037137736d1e0af6d/element/f.E67777013E942907EFF236C95151777C.d.1B01F1DE45E5CD8EE2060525E1CE14CE.e.5021/elements - {"using":"css selector","value":"td"}
RESULT: {"using":"css selector","value":"td"}
COMMAND: POST /session/c666597816bb06b037137736d1e0af6d/element/f.E67777013E942907EFF236C95151777C.d.1B01F1DE45E5CD8EE2060525E1CE14CE.e.5022/elements - {"using":"css selector","value":"td"}
RESULT: {"using":"css selector","value":"td"}
COMMAND: POST /session/c666597816bb06b037137736d1e0af6d/element/f.E67777013E942907EFF236C95151777C.d.1B01F1DE45E5CD8EE2060525E1CE14CE.e.5023/elements - {"using":"css selector","value":"td"}
RESULT: {"using":"css selector","value":"td"}
COMMAND: POST /session/c666597816bb06b037137736d1e0af6d/element/f.E67777013E942907EFF236C95151777C.d.1B01F1DE45E5CD8EE2060525E1CE14CE.e.5024/elements - {"using":"css selector","value":"td"}
RESULT: {"using":"css selector","value":"td"}
COMMAND: POST /session/c666597816bb06b037137736d1e0af6d/element/f.E67777013E942907EFF236C95151777C.d.1B01F1DE45E5CD8EE2060525E1CE14CE.e.5025/elements - {"using":"css selector","value":"td"}
RESULT: {"using":"css selector","value":"td"}
COMMAND: POST /session/c666597816bb06b037137736d1e0af6d/element/f.E67777013E942907EFF236C95151777C.d.1B01F1DE45E5CD8EE2060525E1CE14CE.e.5026/elements - {"using":"css selector","value":"td"}
RESULT: {"using":"css selector","value":"td"}
COMMAND: POST /session/c666597816bb06b037137736d1e0af6d/element/f.E67777013E942907EFF236C95151777C.d.1B01F1DE45E5CD8EE2060525E1CE14CE.e.5027/elements - {"using":"css selector","value":"td"}
RESULT: {"using":"css selector","value":"td"}
COMMAND: POST /session/c666597816bb06b037137736d1e0af6d/element/f.E67777013E942907EFF236C95151777C.d.1B01F1DE45E5CD8EE2060525E1CE14CE.e.5028/elements - {"using":"css selector","value":"td"}
RESULT: {"using":"css selector","value":"td"}
COMMAND: POST /session/c666597816bb06b037137736d1e0af6d/element/f.E67777013E942907EFF236C95151777C.d.1B01F1DE45E5CD8EE2060525E1CE14CE.e.5029/elements - {"using":"css selector","value":"td"}
RESULT: {"using":"css selector","value":"td"}
COMMAND: POST /session/c666597816bb06b037137736d1e0af6d/element/f.E67777013E942907EFF236C95151777C.d.1B01F1DE45E5CD8EE2060525E1CE14CE.e.5030/elements - {"using":"css selector","value":"td"}
RESULT: {"using":"css selector","value":"td"}
COMMAND: POST /session/c666597816bb06b037137736d1e0af6d/element/f.E67777013E942907EFF236C95151777C.d.1B01F1DE45E5CD8EE2060525E1CE14CE.e.5031/elements - {"using":"css selector","value":"td"}
RESULT: {"using":"css selector","value":"td"}
COMMAND: POST /session/c666597816bb06b037137736d1e0af6d/element/f.E67777013E942907EFF236C95151777C.d.1B01F1DE45E5CD8EE2060525E1CE14CE.e.5032/elements - {"using":"css selector","value":"td"}
RESULT: {"using":"css selector","value":"td"}
COMMAND: POST /session/c666597816bb06b037137736d1e0af6d/element/f.E67777013E942907EFF236C95151777C.d.1B01F1DE45E5CD8EE2060525E1CE14CE.e.5033/elements - {"using":"css selector","value":"td"}
RESULT: {"using":"css selector","value":"td"}
COMMAND: POST /session/c666597816bb06b037137736d1e0af6d/element/f.E67777013E942907EFF236C95151777C.d.1B01F1DE45E5CD8EE2060525E1CE14CE.e.5034/elements - {"using":"css selector","value":"td"}
RESULT: {"using":"css selector","value":"td"}
COMMAND: POST /session/c666597816bb06b037137736d1e0af6d/element/f.E67777013E942907EFF236C95151777C.d.1B01F1DE45E5CD8EE2060525E1CE14CE.e.5035/elements - {"using":"css selector","value":"td"}
RESULT: {"using":"css selector","value":"td"}
COMMAND: POST /session/c666597816bb06b037137736d1e0af6d/element/f.E67777013E942907EFF236C95151777C.d.1B01F1DE45E5CD8EE2060525E1CE14CE.e.5036/elements - {"using":"css selector","value":"td"}
RESULT: {"using":"css selector","value":"td"}
COMMAND: POST /session/c666597816bb06b037137736d1e0af6d/element/f.E67777013E942907EFF236C95151777C.d.1B01F1DE45E5CD8EE2060525E1CE14CE.e.5037/elements - {"using":"css selector","value":"td"}
RESULT: {"using":"css selector","value":"td"}
COMMAND: POST /session/c666597816bb06b037137736d1e0af6d/element/f.E67777013E942907EFF236C95151777C.d.1B01F1DE45E5CD8EE2060525E1CE14CE.e.5038/elements - {"using":"css selector","value":"td"}
RESULT: {"using":"css selector","value":"td"}
COMMAND: POST /session/c666597816bb06b037137736d1e0af6d/element/f.E67777013E942907EFF236C95151777C.d.1B01F1DE45E5CD8EE2060525E1CE14CE.e.5039/elements - {"using":"css selector","value":"td"}
RESULT: {"using":"css selector","value":"td"}
COMMAND: POST /session/c666597816bb06b037137736d1e0af6d/element/f.E67777013E942907EFF236C95151777C.d.1B01F1DE45E5CD8EE2060525E1CE14CE.e.5040/elements - {"using":"css selector","value":"td"}
RESULT: {"using":"css selector","value":"td"}
COMMAND: POST /session/c666597816bb06b037137736d1e0af6d/element/f.E67777013E942907EFF236C95151777C.d.1B01F1DE45E5CD8EE2060525E1CE14CE.e.5041/elements - {"using":"css selector","value":"td"}
RESULT: {"using":"css selector","value":"td"}
COMMAND: POST /session/c666597816bb06b037137736d1e0af6d/element/f.E67777013E942907EFF236C95151777C.d.1B01F1DE45E5CD8EE2060525E1CE14CE.e.5042/elements - {"using":"css selector","value":"td"}
RESULT: {"using":"css selector","value":"td"}
COMMAND: POST /session/c666597816bb06b037137736d1e0af6d/element/f.E67777013E942907EFF236C95151777C.d.1B01F1DE45E5CD8EE2060525E1CE14CE.e.5043/elements - {"using":"css selector","value":"td"}
RESULT: {"using":"css selector","value":"td"}
COMMAND: POST /session/c666597816bb06b037137736d1e0af6d/element/f.E67777013E942907EFF236C95151777C.d.1B01F1DE45E5CD8EE2060525E1CE14CE.e.5044/elements - {"using":"css selector","value":"td"}
RESULT: {"using":"css selector","value":"td"}
COMMAND: POST /session/c666597816bb06b037137736d1e0af6d/element/f.E67777013E942907EFF236C95151777C.d.1B01F1DE45E5CD8EE2060525E1CE14CE.e.5045/elements - {"using":"css selector","value":"td"}
RESULT: {"using":"css selector","value":"td"}
COMMAND: POST /session/c666597816bb06b037137736d1e0af6d/element/f.E67777013E942907EFF236C95151777C.d.1B01F1DE45E5CD8EE2060525E1CE14CE.e.5046/elements - {"using":"css selector","value":"td"}
RESULT: {"using":"css selector","value":"td"}
COMMAND: POST /session/c666597816bb06b037137736d1e0af6d/element/f.E67777013E942907EFF236C95151777C.d.1B01F1DE45E5CD8EE2060525E1CE14CE.e.5047/elements - {"using":"css selector","value":"td"}
RESULT: {"using":"css selector","value":"td"}
COMMAND: POST /session/c666597816bb06b037137736d1e0af6d/element/f.E67777013E942907EFF236C95151777C.d.1B01F1DE45E5CD8EE2060525E1CE14CE.e.5048/elements - {"using":"css selector","value":"td"}
RESULT: {"using":"css selector","value":"td"}
COMMAND: POST /session/c666597816bb06b037137736d1e0af6d/element/f.E67777013E942907EFF236C95151777C.d.1B01F1DE45E5CD8EE2060525E1CE14CE.e.5049/elements - {"using":"css selector","value":"td"}
RESULT: {"using":"css selector","value":"td"}
COMMAND: POST /session/c666597816bb06b037137736d1e0af6d/element/f.E67777013E942907EFF236C95151777C.d.1B01F1DE45E5CD8EE2060525E1CE14CE.e.5050/elements - {"using":"css selector","value":"td"}
RESULT: {"using":"css selector","value":"td"}
COMMAND: POST /session/c666597816bb06b037137736d1e0af6d/element/f.E67777013E942907EFF236C95151777C.d.1B01F1DE45E5CD8EE2060525E1CE14CE.e.5051/elements - {"using":"css selector","value":"td"}
RESULT: {"using":"css selector","value":"td"}
COMMAND: POST /session/c666597816bb06b037137736d1e0af6d/element/f.E67777013E942907EFF236C95151777C.d.1B01F1DE45E5CD8EE2060525E1CE14CE.e.5052/elements - {"using":"css selector","value":"td"}
RESULT: {"using":"css selector","value":"td"}
COMMAND: POST /session/c666597816bb06b037137736d1e0af6d/element/f.E67777013E942907EFF236C95151777C.d.1B01F1DE45E5CD8EE2060525E1CE14CE.e.5053/elements - {"using":"css selector","value":"td"}
RESULT: {"using":"css selector","value":"td"}
COMMAND: POST /session/c666597816bb06b037137736d1e0af6d/element/f.E67777013E942907EFF236C95151777C.d.1B01F1DE45E5CD8EE2060525E1CE14CE.e.5054/elements - {"using":"css selector","value":"td"}
RESULT: {"using":"css selector","value":"td"}
COMMAND: POST /session/c666597816bb06b037137736d1e0af6d/element/f.E67777013E942907EFF236C95151777C.d.1B01F1DE45E5CD8EE2060525E1CE14CE.e.5055/elements - {"using":"css selector","value":"td"}
RESULT: {"using":"css selector","value":"td"}
COMMAND: POST /session/c666597816bb06b037137736d1e0af6d/element/f.E67777013E942907EFF236C95151777C.d.1B01F1DE45E5CD8EE2060525E1CE14CE.e.5056/elements - {"using":"css selector","value":"td"}
RESULT: {"using":"css selector","value":"td"}
COMMAND: POST /session/c666597816bb06b037137736d1e0af6d/element/f.E67777013E942907EFF236C95151777C.d.1B01F1DE45E5CD8EE2060525E1CE14CE.e.5057/elements - {"using":"css selector","value":"td"}
RESULT: {"using":"css selector","value":"td"}
COMMAND: POST /session/c666597816bb06b037137736d1e0af6d/element/f.E67777013E942907EFF236C95151777C.d.1B01F1DE45E5CD8EE2060525E1CE14CE.e.5058/elements - {"using":"css selector","value":"td"}
RESULT: {"using":"css selector","value":"td"}
COMMAND: POST /session/c666597816bb06b037137736d1e0af6d/element/f.E67777013E942907EFF236C95151777C.d.1B01F1DE45E5CD8EE2060525E1CE14CE.e.5059/elements - {"using":"css selector","value":"td"}
RESULT: {"using":"css selector","value":"td"}
COMMAND: POST /session/c666597816bb06b037137736d1e0af6d/element/f.E67777013E942907EFF236C95151777C.d.1B01F1DE45E5CD8EE2060525E1CE14CE.e.5060/elements - {"using":"css selector","value":"td"}
RESULT: {"using":"css selector","value":"td"}
COMMAND: POST /session/c666597816bb06b037137736d1e0af6d/element/f.E67777013E942907EFF236C95151777C.d.1B01F1DE45E5CD8EE2060525E1CE14CE.e.5061/elements - {"using":"css selector","value":"td"}
RESULT: {"using":"css selector","value":"td"}
COMMAND: POST /session/c666597816bb06b037137736d1e0af6d/element/f.E67777013E942907EFF236C95151777C.d.1B01F1DE45E5CD8EE2060525E1CE14CE.e.5062/elements - {"using":"css selector","value":"td"}
RESULT: {"using":"css selector","value":"td"}
COMMAND: POST /session/c666597816bb06b037137736d1e0af6d/element/f.E67777013E942907EFF236C95151777C.d.1B01F1DE45E5CD8EE2060525E1CE14CE.e.5063/elements - {"using":"css selector","value":"td"}
RESULT: {"using":"css selector","value":"td"}
COMMAND: POST /session/c666597816bb06b037137736d1e0af6d/element/f.E67777013E942907EFF236C95151777C.d.1B01F1DE45E5CD8EE2060525E1CE14CE.e.5064/elements - {"using":"css selector","value":"td"}
RESULT: {"using":"css selector","value":"td"}
COMMAND: POST /session/c666597816bb06b037137736d1e0af6d/element/f.E67777013E942907EFF236C95151777C.d.1B01F1DE45E5CD8EE2060525E1CE14CE.e.5065/elements - {"using":"css selector","value":"td"}
RESULT: {"using":"css selector","value":"td"}
COMMAND: POST /session/c666597816bb06b037137736d1e0af6d/element/f.E67777013E942907EFF236C95151777C.d.1B01F1DE45E5CD8EE2060525E1CE14CE.e.5066/elements - {"using":"css selector","value":"td"}
RESULT: {"using":"css selector","value":"td"}
COMMAND: POST /session/c666597816bb06b037137736d1e0af6d/element/f.E67777013E942907EFF236C95151777C.d.1B01F1DE45E5CD8EE2060525E1CE14CE.e.5067/elements - {"using":"css selector","value":"td"}
RESULT: {"using":"css selector","value":"td"}
COMMAND: POST /session/c666597816bb06b037137736d1e0af6d/element/f.E67777013E942907EFF236C95151777C.d.1B01F1DE45E5CD8EE2060525E1CE14CE.e.5068/elements - {"using":"css selector","value":"td"}
RESULT: {"using":"css selector","value":"td"}
COMMAND: POST /session/c666597816bb06b037137736d1e0af6d/element/f.E67777013E942907EFF236C95151777C.d.1B01F1DE45E5CD8EE2060525E1CE14CE.e.5069/elements - {"using":"css selector","value":"td"}
RESULT: {"using":"css selector","value":"td"}
COMMAND: POST /session/c666597816bb06b037137736d1e0af6d/element/f.E67777013E942907EFF236C95151777C.d.1B01F1DE45E5CD8EE2060525E1CE14CE.e.5070/elements - {"using":"css selector","value":"td"}
RESULT: {"using":"css selector","value":"td"}
COMMAND: POST /session/c666597816bb06b037137736d1e0af6d/element/f.E67777013E942907EFF236C95151777C.d.1B01F1DE45E5CD8EE2060525E1CE14CE.e.5071/elements - {"using":"css selector","value":"td"}
RESULT: {"using":"css selector","value":"td"}
COMMAND: POST /session/c666597816bb06b037137736d1e0af6d/element/f.E67777013E942907EFF236C95151777C.d.1B01F1DE45E5CD8EE2060525E1CE14CE.e.5072/elements - {"using":"css selector","value":"td"}
RESULT: {"using":"css selector","value":"td"}
COMMAND: POST /session/c666597816bb06b037137736d1e0af6d/element/f.E67777013E942907EFF236C95151777C.d.1B01F1DE45E5CD8EE2060525E1CE14CE.e.5073/elements - {"using":"css selector","value":"td"}
RESULT: {"using":"css selector","value":"td"}
COMMAND: POST /session/c666597816bb06b037137736d1e0af6d/element/f.E67777013E942907EFF236C95151777C.d.1B01F1DE45E5CD8EE2060525E1CE14CE.e.5074/elements - {"using":"css selector","value":"td"}
RESULT: {"using":"css selector","value":"td"}
COMMAND: POST /session/c666597816bb06b037137736d1e0af6d/element/f.E67777013E942907EFF236C95151777C.d.1B01F1DE45E5CD8EE2060525E1CE14CE.e.5075/elements - {"using":"css selector","value":"td"}
RESULT: {"using":"css selector","value":"td"}
COMMAND: POST /session/c666597816bb06b037137736d1e0af6d/element/f.E67777013E942907EFF236C95151777C.d.1B01F1DE45E5CD8EE2060525E1CE14CE.e.5076/elements - {"using":"css selector","value":"td"}
RESULT: {"using":"css selector","value":"td"}
COMMAND: POST /session/c666597816bb06b037137736d1e0af6d/element/f.E67777013E942907EFF236C95151777C.d.1B01F1DE45E5CD8EE2060525E1CE14CE.e.5077/elements - {"using":"css selector","value":"td"}
RESULT: {"using":"css selector","value":"td"}
COMMAND: POST /session/c666597816bb06b037137736d1e0af6d/element/f.E67777013E942907EFF236C95151777C.d.1B01F1DE45E5CD8EE2060525E1CE14CE.e.5078/elements - {"using":"css selector","value":"td"}
RESULT: {"using":"css selector","value":"td"}
COMMAND: POST /session/c666597816bb06b037137736d1e0af6d/element/f.E67777013E942907EFF236C95151777C.d.1B01F1DE45E5CD8EE2060525E1CE14CE.e.5079/elements - {"using":"css selector","value":"td"}
RESULT: {"using":"css selector","value":"td"}
COMMAND: POST /session/c666597816bb06b037137736d1e0af6d/element/f.E67777013E942907EFF236C95151777C.d.1B01F1DE45E5CD8EE2060525E1CE14CE.e.5080/elements - {"using":"css selector","value":"td"}
RESULT: {"using":"css selector","value":"td"}
COMMAND: POST /session/c666597816bb06b037137736d1e0af6d/element/f.E67777013E942907EFF236C95151777C.d.1B01F1DE45E5CD8EE2060525E1CE14CE.e.5081/elements - {"using":"css selector","value":"td"}
RESULT: {"using":"css selector","value":"td"}
COMMAND: POST /session/c666597816bb06b037137736d1e0af6d/element/f.E67777013E942907EFF236C95151777C.d.1B01F1DE45E5CD8EE2060525E1CE14CE.e.5082/elements - {"using":"css selector","value":"td"}
RESULT: {"using":"css selector","value":"td"}
COMMAND: POST /session/c666597816bb06b037137736d1e0af6d/element/f.E67777013E942907EFF236C95151777C.d.1B01F1DE45E5CD8EE2060525E1CE14CE.e.5083/elements - {"using":"css selector","value":"td"}
RESULT: {"using":"css selector","value":"td"}
COMMAND: POST /session/c666597816bb06b037137736d1e0af6d/element/f.E67777013E942907EFF236C95151777C.d.1B01F1DE45E5CD8EE2060525E1CE14CE.e.5084/elements - {"using":"css selector","value":"td"}
RESULT: {"using":"css selector","value":"td"}
COMMAND: POST /session/c666597816bb06b037137736d1e0af6d/element/f.E67777013E942907EFF236C95151777C.d.1B01F1DE45E5CD8EE2060525E1CE14CE.e.5085/elements - {"using":"css selector","value":"td"}
RESULT: {"using":"css selector","value":"td"}
COMMAND: POST /session/c666597816bb06b037137736d1e0af6d/element/f.E67777013E942907EFF236C95151777C.d.1B01F1DE45E5CD8EE2060525E1CE14CE.e.5086/elements - {"using":"css selector","value":"td"}
RESULT: {"using":"css selector","value":"td"}
COMMAND: POST /session/c666597816bb06b037137736d1e0af6d/element/f.E67777013E942907EFF236C95151777C.d.1B01F1DE45E5CD8EE2060525E1CE14CE.e.5087/elements - {"using":"css selector","value":"td"}
RESULT: {"using":"css selector","value":"td"}
COMMAND: POST /session/c666597816bb06b037137736d1e0af6d/element/f.E67777013E942907EFF236C95151777C.d.1B01F1DE45E5CD8EE2060525E1CE14CE.e.5088/elements - {"using":"css selector","value":"td"}
RESULT: {"using":"css selector","value":"td"}
COMMAND: POST /session/c666597816bb06b037137736d1e0af6d/element/f.E67777013E942907EFF236C95151777C.d.1B01F1DE45E5CD8EE2060525E1CE14CE.e.5089/elements - {"using":"css selector","value":"td"}
RESULT: {"using":"css selector","value":"td"}
COMMAND: POST /session/c666597816bb06b037137736d1e0af6d/element/f.E67777013E942907EFF236C95151777C.d.1B01F1DE45E5CD8EE2060525E1CE14CE.e.5090/elements - {"using":"css selector","value":"td"}
RESULT: {"using":"css selector","value":"td"}
COMMAND: POST /session/c666597816bb06b037137736d1e0af6d/element/f.E67777013E942907EFF236C95151777C.d.1B01F1DE45E5CD8EE2060525E1CE14CE.e.5091/elements - {"using":"css selector","value":"td"}
RESULT: {"using":"css selector","value":"td"}
COMMAND: POST /session/c666597816bb06b037137736d1e0af6d/element/f.E67777013E942907EFF236C95151777C.d.1B01F1DE45E5CD8EE2060525E1CE14CE.e.5092/elements - {"using":"css selector","value":"td"}
RESULT: {"using":"css selector","value":"td"}
COMMAND: POST /session/c666597816bb06b037137736d1e0af6d/element/f.E67777013E942907EFF236C95151777C.d.1B01F1DE45E5CD8EE2060525E1CE14CE.e.5093/elements - {"using":"css selector","value":"td"}
RESULT: {"using":"css selector","value":"td"}
COMMAND: POST /session/c666597816bb06b037137736d1e0af6d/element/f.E67777013E942907EFF236C95151777C.d.1B01F1DE45E5CD8EE2060525E1CE14CE.e.5094/elements - {"using":"css selector","value":"td"}
RESULT: {"using":"css selector","value":"td"}
COMMAND: POST /session/c666597816bb06b037137736d1e0af6d/element/f.E67777013E942907EFF236C95151777C.d.1B01F1DE45E5CD8EE2060525E1CE14CE.e.5095/elements - {"using":"css selector","value":"td"}
RESULT: {"using":"css selector","value":"td"}
COMMAND: POST /session/c666597816bb06b037137736d1e0af6d/element/f.E67777013E942907EFF236C95151777C.d.1B01F1DE45E5CD8EE2060525E1CE14CE.e.5096/elements - {"using":"css selector","value":"td"}
RESULT: {"using":"css selector","value":"td"}
COMMAND: POST /session/c666597816bb06b037137736d1e0af6d/element/f.E67777013E942907EFF236C95151777C.d.1B01F1DE45E5CD8EE2060525E1CE14CE.e.5097/elements - {"using":"css selector","value":"td"}
RESULT: {"using":"css selector","value":"td"}
COMMAND: POST /session/c666597816bb06b037137736d1e0af6d/element/f.E67777013E942907EFF236C95151777C.d.1B01F1DE45E5CD8EE2060525E1CE14CE.e.5098/elements - {"using":"css selector","value":"td"}
RESULT: {"using":"css selector","value":"td"}
COMMAND: POST /session/c666597816bb06b037137736d1e0af6d/element/f.E67777013E942907EFF236C95151777C.d.1B01F1DE45E5CD8EE2060525E1CE14CE.e.5099/elements - {"using":"css selector","value":"td"}
RESULT: {"using":"css selector","value":"td"}
COMMAND: POST /session/c666597816bb06b037137736d1e0af6d/element/f.E67777013E942907EFF236C95151777C.d.1B01F1DE45E5CD8EE2060525E1CE14CE.e.5100/elements - {"using":"css selector","value":"td"}
RESULT: {"using":"css selector","value":"td"}
COMMAND: POST /session/c666597816bb06b037137736d1e0af6d/element/f.E67777013E942907EFF236C95151777C.d.1B01F1DE45E5CD8EE2060525E1CE14CE.e.5101/elements - {"using":"css selector","value":"td"}
RESULT: {"using":"css selector","value":"td"}
COMMAND: POST /session/c666597816bb06b037137736d1e0af6d/element/f.E67777013E942907EFF236C95151777C.d.1B01F1DE45E5CD8EE2060525E1CE14CE.e.5102/elements - {"using":"css selector","value":"td"}
RESULT: {"using":"css selector","value":"td"}
COMMAND: POST /session/c666597816bb06b037137736d1e0af6d/element/f.E67777013E942907EFF236C95151777C.d.1B01F1DE45E5CD8EE2060525E1CE14CE.e.5103/elements - {"using":"css selector","value":"td"}
RESULT: {"using":"css selector","value":"td"}
COMMAND: POST /session/c666597816bb06b037137736d1e0af6d/element/f.E67777013E942907EFF236C95151777C.d.1B01F1DE45E5CD8EE2060525E1CE14CE.e.5104/elements - {"using":"css selector","value":"td"}
RESULT: {"using":"css selector","value":"td"}
COMMAND: POST /session/c666597816bb06b037137736d1e0af6d/element/f.E67777013E942907EFF236C95151777C.d.1B01F1DE45E5CD8EE2060525E1CE14CE.e.5105/elements - {"using":"css selector","value":"td"}
RESULT: {"using":"css selector","value":"td"}
COMMAND: POST /session/c666597816bb06b037137736d1e0af6d/element/f.E67777013E942907EFF236C95151777C.d.1B01F1DE45E5CD8EE2060525E1CE14CE.e.5106/elements - {"using":"css selector","value":"td"}
RESULT: {"using":"css selector","value":"td"}
COMMAND: POST /session/c666597816bb06b037137736d1e0af6d/element/f.E67777013E942907EFF236C95151777C.d.1B01F1DE45E5CD8EE2060525E1CE14CE.e.5107/elements - {"using":"css selector","value":"td"}
RESULT: {"using":"css selector","value":"td"}
COMMAND: POST /session/c666597816bb06b037137736d1e0af6d/element/f.E67777013E942907EFF236C95151777C.d.1B01F1DE45E5CD8EE2060525E1CE14CE.e.5108/elements - {"using":"css selector","value":"td"}
RESULT: {"using":"css selector","value":"td"}
COMMAND: POST /session/c666597816bb06b037137736d1e0af6d/element/f.E67777013E942907EFF236C95151777C.d.1B01F1DE45E5CD8EE2060525E1CE14CE.e.5109/elements - {"using":"css selector","value":"td"}
RESULT: {"using":"css selector","value":"td"}
COMMAND: POST /session/c666597816bb06b037137736d1e0af6d/element/f.E67777013E942907EFF236C95151777C.d.1B01F1DE45E5CD8EE2060525E1CE14CE.e.5110/elements - {"using":"css selector","value":"td"}
RESULT: {"using":"css selector","value":"td"}
COMMAND: POST /session/c666597816bb06b037137736d1e0af6d/element/f.E67777013E942907EFF236C95151777C.d.1B01F1DE45E5CD8EE2060525E1CE14CE.e.5111/elements - {"using":"css selector","value":"td"}
RESULT: {"using":"css selector","value":"td"}
COMMAND: POST /session/c666597816bb06b037137736d1e0af6d/element/f.E67777013E942907EFF236C95151777C.d.1B01F1DE45E5CD8EE2060525E1CE14CE.e.5112/elements - {"using":"css selector","value":"td"}
RESULT: {"using":"css selector","value":"td"}
COMMAND: POST /session/c666597816bb06b037137736d1e0af6d/element/f.E67777013E942907EFF236C95151777C.d.1B01F1DE45E5CD8EE2060525E1CE14CE.e.5113/elements - {"using":"css selector","value":"td"}
RESULT: {"using":"css selector","value":"td"}
COMMAND: POST /session/c666597816bb06b037137736d1e0af6d/element/f.E67777013E942907EFF236C95151777C.d.1B01F1DE45E5CD8EE2060525E1CE14CE.e.5114/elements - {"using":"css selector","value":"td"}
RESULT: {"using":"css selector","value":"td"}
COMMAND: POST /session/c666597816bb06b037137736d1e0af6d/element/f.E67777013E942907EFF236C95151777C.d.1B01F1DE45E5CD8EE2060525E1CE14CE.e.5115/elements - {"using":"css selector","value":"td"}
RESULT: {"using":"css selector","value":"td"}
COMMAND: POST /session/c666597816bb06b037137736d1e0af6d/element/f.E67777013E942907EFF236C95151777C.d.1B01F1DE45E5CD8EE2060525E1CE14CE.e.5116/elements - {"using":"css selector","value":"td"}
RESULT: {"using":"css selector","value":"td"}
COMMAND: POST /session/c666597816bb06b037137736d1e0af6d/element/f.E67777013E942907EFF236C95151777C.d.1B01F1DE45E5CD8EE2060525E1CE14CE.e.5117/elements - {"using":"css selector","value":"td"}
RESULT: {"using":"css selector","value":"td"}
COMMAND: POST /session/c666597816bb06b037137736d1e0af6d/element/f.E67777013E942907EFF236C95151777C.d.1B01F1DE45E5CD8EE2060525E1CE14CE.e.5118/elements - {"using":"css selector","value":"td"}
RESULT: {"using":"css selector","value":"td"}
COMMAND: POST /session/c666597816bb06b037137736d1e0af6d/element/f.E67777013E942907EFF236C95151777C.d.1B01F1DE45E5CD8EE2060525E1CE14CE.e.5119/elements - {"using":"css selector","value":"td"}
RESULT: {"using":"css selector","value":"td"}
COMMAND: POST /session/c666597816bb06b037137736d1e0af6d/element/f.E67777013E942907EFF236C95151777C.d.1B01F1DE45E5CD8EE2060525E1CE14CE.e.5120/elements - {"using":"css selector","value":"td"}
RESULT: {"using":"css selector","value":"td"}
COMMAND: POST /session/c666597816bb06b037137736d1e0af6d/element/f.E67777013E942907EFF236C95151777C.d.1B01F1DE45E5CD8EE2060525E1CE14CE.e.5121/elements - {"using":"css selector","value":"td"}
RESULT: {"using":"css selector","value":"td"}
COMMAND: POST /session/c666597816bb06b037137736d1e0af6d/element/f.E67777013E942907EFF236C95151777C.d.1B01F1DE45E5CD8EE2060525E1CE14CE.e.5122/elements - {"using":"css selector","value":"td"}
RESULT: {"using":"css selector","value":"td"}
COMMAND: POST /session/c666597816bb06b037137736d1e0af6d/element/f.E67777013E942907EFF236C95151777C.d.1B01F1DE45E5CD8EE2060525E1CE14CE.e.5123/elements - {"using":"css selector","value":"td"}
RESULT: {"using":"css selector","value":"td"}
COMMAND: POST /session/c666597816bb06b037137736d1e0af6d/element/f.E67777013E942907EFF236C95151777C.d.1B01F1DE45E5CD8EE2060525E1CE14CE.e.5124/elements - {"using":"css selector","value":"td"}
RESULT: {"using":"css selector","value":"td"}
COMMAND: POST /session/c666597816bb06b037137736d1e0af6d/element/f.E67777013E942907EFF236C95151777C.d.1B01F1DE45E5CD8EE2060525E1CE14CE.e.5125/elements - {"using":"css selector","value":"td"}
RESULT: {"using":"css selector","value":"td"}
COMMAND: POST /session/c666597816bb06b037137736d1e0af6d/element/f.E67777013E942907EFF236C95151777C.d.1B01F1DE45E5CD8EE2060525E1CE14CE.e.5126/elements - {"using":"css selector","value":"td"}
RESULT: {"using":"css selector","value":"td"}
COMMAND: POST /session/c666597816bb06b037137736d1e0af6d/element/f.E67777013E942907EFF236C95151777C.d.1B01F1DE45E5CD8EE2060525E1CE14CE.e.5127/elements - {"using":"css selector","value":"td"}
RESULT: {"using":"css selector","value":"td"}
COMMAND: POST /session/c666597816bb06b037137736d1e0af6d/element/f.E67777013E942907EFF236C95151777C.d.1B01F1DE45E5CD8EE2060525E1CE14CE.e.5128/elements - {"using":"css selector","value":"td"}
RESULT: {"using":"css selector","value":"td"}
COMMAND: POST /session/c666597816bb06b037137736d1e0af6d/element/f.E67777013E942907EFF236C95151777C.d.1B01F1DE45E5CD8EE2060525E1CE14CE.e.5129/elements - {"using":"css selector","value":"td"}
RESULT: {"using":"css selector","value":"td"}
COMMAND: POST /session/c666597816bb06b037137736d1e0af6d/element/f.E67777013E942907EFF236C95151777C.d.1B01F1DE45E5CD8EE2060525E1CE14CE.e.5130/elements - {"using":"css selector","value":"td"}
RESULT: {"using":"css selector","value":"td"}
COMMAND: POST /session/c666597816bb06b037137736d1e0af6d/element/f.E67777013E942907EFF236C95151777C.d.1B01F1DE45E5CD8EE2060525E1CE14CE.e.5131/elements - {"using":"css selector","value":"td"}
RESULT: {"using":"css selector","value":"td"}
COMMAND: POST /session/c666597816bb06b037137736d1e0af6d/element/f.E67777013E942907EFF236C95151777C.d.1B01F1DE45E5CD8EE2060525E1CE14CE.e.5132/elements - {"using":"css selector","value":"td"}
RESULT: {"using":"css selector","value":"td"}
COMMAND: POST /session/c666597816bb06b037137736d1e0af6d/element/f.E67777013E942907EFF236C95151777C.d.1B01F1DE45E5CD8EE2060525E1CE14CE.e.5133/elements - {"using":"css selector","value":"td"}
RESULT: {"using":"css selector","value":"td"}
COMMAND: POST /session/c666597816bb06b037137736d1e0af6d/element/f.E67777013E942907EFF236C95151777C.d.1B01F1DE45E5CD8EE2060525E1CE14CE.e.5134/elements - {"using":"css selector","value":"td"}
RESULT: {"using":"css selector","value":"td"}
COMMAND: POST /session/c666597816bb06b037137736d1e0af6d/element/f.E67777013E942907EFF236C95151777C.d.1B01F1DE45E5CD8EE2060525E1CE14CE.e.5135/elements - {"using":"css selector","value":"td"}
RESULT: {"using":"css selector","value":"td"}
COMMAND: POST /session/c666597816bb06b037137736d1e0af6d/element/f.E67777013E942907EFF236C95151777C.d.1B01F1DE45E5CD8EE2060525E1CE14CE.e.5136/elements - {"using":"css selector","value":"td"}
RESULT: {"using":"css selector","value":"td"}
COMMAND: POST /session/c666597816bb06b037137736d1e0af6d/element/f.E67777013E942907EFF236C95151777C.d.1B01F1DE45E5CD8EE2060525E1CE14CE.e.5137/elements - {"using":"css selector","value":"td"}
RESULT: {"using":"css selector","value":"td"}
COMMAND: POST /session/c666597816bb06b037137736d1e0af6d/element/f.E67777013E942907EFF236C95151777C.d.1B01F1DE45E5CD8EE2060525E1CE14CE.e.6048/element - {"using":"css selector","value":"input"}
RESULT: {"using":"css selector","value":"input"}
COMMAND: GET /session/c666597816bb06b037137736d1e0af6d/element/f.E67777013E942907EFF236C95151777C.d.1B01F1DE45E5CD8EE2060525E1CE14CE.e.4904/property/value - {}
RESULT: {}
COMMAND: POST /session/c666597816bb06b037137736d1e0af6d/element/f.E67777013E942907EFF236C95151777C.d.1B01F1DE45E5CD8EE2060525E1CE14CE.e.5137/element - {"using":"css selector","value":".sapMCbBg"}
COMMAND: GET /session/c666597816bb06b037137736d1e0af6d/screenshot - {}
RESULT: {"using":"css selector","value":".sapMCbBg"}
COMMAND: GET /session/c666597816bb06b037137736d1e0af6d/element/f.E67777013E942907EFF236C95151777C.d.1B01F1DE45E5CD8EE2060525E1CE14CE.e.6053/selected - {}
RESULT: {}
RESULT: {}
COMMAND: POST /session/c666597816bb06b037137736d1e0af6d/element/f.E67777013E942907EFF236C95151777C.d.1B01F1DE45E5CD8EE2060525E1CE14CE.e.6053/click - {}
COMMAND: GET /session/c666597816bb06b037137736d1e0af6d/screenshot - {}
RESULT: {}
COMMAND: POST /session/c666597816bb06b037137736d1e0af6d/element/f.E67777013E942907EFF236C95151777C.d.1B01F1DE45E5CD8EE2060525E1CE14CE.e.5138/elements - {"using":"css selector","value":"td"}
COMMAND: GET /session/c666597816bb06b037137736d1e0af6d/screenshot - {}
RESULT: {}
RESULT: {"using":"css selector","value":"td"}
COMMAND: POST /session/c666597816bb06b037137736d1e0af6d/element/f.E67777013E942907EFF236C95151777C.d.1B01F1DE45E5CD8EE2060525E1CE14CE.e.6059/element - {"using":"css selector","value":"input"}
RESULT: {}
RESULT: {"using":"css selector","value":"input"}
COMMAND: GET /session/c666597816bb06b037137736d1e0af6d/element/f.E67777013E942907EFF236C95151777C.d.1B01F1DE45E5CD8EE2060525E1CE14CE.e.4909/property/value - {}
RESULT: {}
COMMAND: POST /session/c666597816bb06b037137736d1e0af6d/element/f.E67777013E942907EFF236C95151777C.d.1B01F1DE45E5CD8EE2060525E1CE14CE.e.5138/element - {"using":"css selector","value":".sapMCbBg"}
COMMAND: GET /session/c666597816bb06b037137736d1e0af6d/screenshot - {}
RESULT: {"using":"css selector","value":".sapMCbBg"}
COMMAND: GET /session/c666597816bb06b037137736d1e0af6d/element/f.E67777013E942907EFF236C95151777C.d.1B01F1DE45E5CD8EE2060525E1CE14CE.e.6064/selected - {}
RESULT: {}
RESULT: {}
COMMAND: POST /session/c666597816bb06b037137736d1e0af6d/element/f.E67777013E942907EFF236C95151777C.d.1B01F1DE45E5CD8EE2060525E1CE14CE.e.6064/click - {}
COMMAND: GET /session/c666597816bb06b037137736d1e0af6d/screenshot - {}
RESULT: {}
COMMAND: POST /session/c666597816bb06b037137736d1e0af6d/element/f.E67777013E942907EFF236C95151777C.d.1B01F1DE45E5CD8EE2060525E1CE14CE.e.5139/elements - {"using":"css selector","value":"td"}
COMMAND: GET /session/c666597816bb06b037137736d1e0af6d/screenshot - {}
RESULT: {}
RESULT: {"using":"css selector","value":"td"}
COMMAND: POST /session/c666597816bb06b037137736d1e0af6d/element/f.E67777013E942907EFF236C95151777C.d.1B01F1DE45E5CD8EE2060525E1CE14CE.e.5162/element - {"using":"css selector","value":"input"}
RESULT: {}
RESULT: {"using":"css selector","value":"input"}
COMMAND: GET /session/c666597816bb06b037137736d1e0af6d/element/f.E67777013E942907EFF236C95151777C.d.1B01F1DE45E5CD8EE2060525E1CE14CE.e.5144/property/value - {}
RESULT: {}
COMMAND: POST /session/c666597816bb06b037137736d1e0af6d/element/f.E67777013E942907EFF236C95151777C.d.1B01F1DE45E5CD8EE2060525E1CE14CE.e.5139/element - {"using":"css selector","value":".sapMCbBg"}
COMMAND: GET /session/c666597816bb06b037137736d1e0af6d/screenshot - {}
RESULT: {"using":"css selector","value":".sapMCbBg"}
COMMAND: GET /session/c666597816bb06b037137736d1e0af6d/element/f.E67777013E942907EFF236C95151777C.d.1B01F1DE45E5CD8EE2060525E1CE14CE.e.6069/selected - {}
RESULT: {}
RESULT: {}
COMMAND: POST /session/c666597816bb06b037137736d1e0af6d/element/f.E67777013E942907EFF236C95151777C.d.1B01F1DE45E5CD8EE2060525E1CE14CE.e.6069/click - {}
COMMAND: GET /session/c666597816bb06b037137736d1e0af6d/screenshot - {}
RESULT: {}
COMMAND: POST /session/c666597816bb06b037137736d1e0af6d/element/f.E67777013E942907EFF236C95151777C.d.1B01F1DE45E5CD8EE2060525E1CE14CE.e.5181/elements - {"using":"css selector","value":"td"}
COMMAND: GET /session/c666597816bb06b037137736d1e0af6d/screenshot - {}
RESULT: {}
RESULT: {"using":"css selector","value":"td"}
COMMAND: POST /session/c666597816bb06b037137736d1e0af6d/element/f.E67777013E942907EFF236C95151777C.d.1B01F1DE45E5CD8EE2060525E1CE14CE.e.5196/element - {"using":"css selector","value":"input"}
RESULT: {}
RESULT: {"using":"css selector","value":"input"}
COMMAND: GET /session/c666597816bb06b037137736d1e0af6d/element/f.E67777013E942907EFF236C95151777C.d.1B01F1DE45E5CD8EE2060525E1CE14CE.e.5178/property/value - {}
RESULT: {}
COMMAND: POST /session/c666597816bb06b037137736d1e0af6d/element/f.E67777013E942907EFF236C95151777C.d.1B01F1DE45E5CD8EE2060525E1CE14CE.e.5181/element - {"using":"css selector","value":".sapMCbBg"}
COMMAND: GET /session/c666597816bb06b037137736d1e0af6d/screenshot - {}
RESULT: {"using":"css selector","value":".sapMCbBg"}
COMMAND: GET /session/c666597816bb06b037137736d1e0af6d/element/f.E67777013E942907EFF236C95151777C.d.1B01F1DE45E5CD8EE2060525E1CE14CE.e.6073/selected - {}
RESULT: {}
RESULT: {}
COMMAND: POST /session/c666597816bb06b037137736d1e0af6d/element/f.E67777013E942907EFF236C95151777C.d.1B01F1DE45E5CD8EE2060525E1CE14CE.e.6073/click - {}
COMMAND: GET /session/c666597816bb06b037137736d1e0af6d/screenshot - {}
RESULT: {}
COMMAND: GET /session/c666597816bb06b037137736d1e0af6d/screenshot - {}
RESULT: {}
RESULT: {}
COMMAND: POST /session/c666597816bb06b037137736d1e0af6d/execute/async - {"script":"<script> [1562 bytes]","args":[{"selector":{"id":"application-manageconditionprice-display-component---dailyPrices--deleteBtn","interaction":{"idSuffix":"content"}},"wdio_ui5_key":"applicationmanageconditionprice-display-component---dailyPrices--deleteBtn"}]}
RESULT: {"script":"<script> [1562 bytes]","args":[{"selector":{"id":"application-manageconditionprice-display-component---dailyPrices--deleteBtn","interaction":{"idSuffix":"content"}},"wdio_ui5_key":"applicationmanageconditionprice-display-component---dailyPrices--deleteBtn"}]}
RESULT: undefined
COMMAND: POST /session/c666597816bb06b037137736d1e0af6d/element - {"using":"xpath","value":"//*[@id=\"application-manageconditionprice-display-component---dailyPrices--deleteBtn\"]"}
RESULT: {"using":"xpath","value":"//*[@id=\"application-manageconditionprice-display-component---dailyPrices--deleteBtn\"]"}
COMMAND: POST /session/c666597816bb06b037137736d1e0af6d/element/f.E67777013E942907EFF236C95151777C.d.1B01F1DE45E5CD8EE2060525E1CE14CE.e.6075/click - {}
RESULT: {}
COMMAND: POST /session/c666597816bb06b037137736d1e0af6d/execute/async - {"script":"<script> [1562 bytes]","args":[{"selector":{"controlType":"sap.m.Button","properties":{"text":"OK"},"searchOpenDialogs":true,"interaction":{"idSuffix":"BDI-content"}},"wdio_ui5_key":"sapm.Button{\"text\":\"OK\"}"}]}
COMMAND: GET /session/c666597816bb06b037137736d1e0af6d/screenshot - {}
RESULT: {"script":"<script> [1562 bytes]","args":[{"selector":{"controlType":"sap.m.Button","properties":{"text":"OK"},"searchOpenDialogs":true,"interaction":{"idSuffix":"BDI-content"}},"wdio_ui5_key":"sapm.Button{\"text\":\"OK\"}"}]}
RESULT: undefined
COMMAND: POST /session/c666597816bb06b037137736d1e0af6d/element - {"using":"xpath","value":"//*[@id=\"__mbox-btn-0\"]"}
RESULT: {}
RESULT: {"using":"xpath","value":"//*[@id=\"__mbox-btn-0\"]"}
COMMAND: POST /session/c666597816bb06b037137736d1e0af6d/element/f.E67777013E942907EFF236C95151777C.d.1B01F1DE45E5CD8EE2060525E1CE14CE.e.6076/click - {}
RESULT: {}
COMMAND: GET /session/c666597816bb06b037137736d1e0af6d/screenshot - {}
RESULT: {}
RESULT: undefined
COMMAND: POST /session/c666597816bb06b037137736d1e0af6d/element - {"using":"xpath","value":"//*[@id=\"__button107\"]"}
RESULT: {"using":"xpath","value":"//*[@id=\"__button107\"]"}
COMMAND: POST /session/c666597816bb06b037137736d1e0af6d/element/f.E67777013E942907EFF236C95151777C.d.1B01F1DE45E5CD8EE2060525E1CE14CE.e.5236/click - {}
RESULT: {}
COMMAND: GET /session/c666597816bb06b037137736d1e0af6d/screenshot - {}
RESULT: {}
COMMAND: POST /session/c666597816bb06b037137736d1e0af6d/elements - {"using":"css selector","value":"table tr"}
RESULT: {"using":"css selector","value":"table tr"}
COMMAND: POST /session/c666597816bb06b037137736d1e0af6d/element/f.E67777013E942907EFF236C95151777C.d.1B01F1DE45E5CD8EE2060525E1CE14CE.e.4941/elements - {"using":"css selector","value":"td"}
RESULT: {"using":"css selector","value":"td"}
COMMAND: POST /session/c666597816bb06b037137736d1e0af6d/element/f.E67777013E942907EFF236C95151777C.d.1B01F1DE45E5CD8EE2060525E1CE14CE.e.4942/elements - {"using":"css selector","value":"td"}
RESULT: {"using":"css selector","value":"td"}
COMMAND: POST /session/c666597816bb06b037137736d1e0af6d/element/f.E67777013E942907EFF236C95151777C.d.1B01F1DE45E5CD8EE2060525E1CE14CE.e.4943/elements - {"using":"css selector","value":"td"}
RESULT: {"using":"css selector","value":"td"}
COMMAND: POST /session/c666597816bb06b037137736d1e0af6d/element/f.E67777013E942907EFF236C95151777C.d.1B01F1DE45E5CD8EE2060525E1CE14CE.e.4822/elements - {"using":"css selector","value":"td"}
RESULT: {"using":"css selector","value":"td"}
COMMAND: POST /session/c666597816bb06b037137736d1e0af6d/element/f.E67777013E942907EFF236C95151777C.d.1B01F1DE45E5CD8EE2060525E1CE14CE.e.4823/elements - {"using":"css selector","value":"td"}
RESULT: {"using":"css selector","value":"td"}
COMMAND: POST /session/c666597816bb06b037137736d1e0af6d/element/f.E67777013E942907EFF236C95151777C.d.1B01F1DE45E5CD8EE2060525E1CE14CE.e.4832/elements - {"using":"css selector","value":"td"}
RESULT: {"using":"css selector","value":"td"}
COMMAND: POST /session/c666597816bb06b037137736d1e0af6d/element/f.E67777013E942907EFF236C95151777C.d.1B01F1DE45E5CD8EE2060525E1CE14CE.e.4833/elements - {"using":"css selector","value":"td"}
RESULT: {"using":"css selector","value":"td"}
COMMAND: POST /session/c666597816bb06b037137736d1e0af6d/element/f.E67777013E942907EFF236C95151777C.d.1B01F1DE45E5CD8EE2060525E1CE14CE.e.4842/elements - {"using":"css selector","value":"td"}
RESULT: {"using":"css selector","value":"td"}
COMMAND: POST /session/c666597816bb06b037137736d1e0af6d/element/f.E67777013E942907EFF236C95151777C.d.1B01F1DE45E5CD8EE2060525E1CE14CE.e.4843/elements - {"using":"css selector","value":"td"}
RESULT: {"using":"css selector","value":"td"}
COMMAND: POST /session/c666597816bb06b037137736d1e0af6d/element/f.E67777013E942907EFF236C95151777C.d.1B01F1DE45E5CD8EE2060525E1CE14CE.e.4848/elements - {"using":"css selector","value":"td"}
RESULT: {"using":"css selector","value":"td"}
COMMAND: POST /session/c666597816bb06b037137736d1e0af6d/element/f.E67777013E942907EFF236C95151777C.d.1B01F1DE45E5CD8EE2060525E1CE14CE.e.4944/elements - {"using":"css selector","value":"td"}
RESULT: {"using":"css selector","value":"td"}
COMMAND: POST /session/c666597816bb06b037137736d1e0af6d/element/f.E67777013E942907EFF236C95151777C.d.1B01F1DE45E5CD8EE2060525E1CE14CE.e.4945/elements - {"using":"css selector","value":"td"}
RESULT: {"using":"css selector","value":"td"}
COMMAND: POST /session/c666597816bb06b037137736d1e0af6d/element/f.E67777013E942907EFF236C95151777C.d.1B01F1DE45E5CD8EE2060525E1CE14CE.e.4946/elements - {"using":"css selector","value":"td"}
RESULT: {"using":"css selector","value":"td"}
COMMAND: POST /session/c666597816bb06b037137736d1e0af6d/element/f.E67777013E942907EFF236C95151777C.d.1B01F1DE45E5CD8EE2060525E1CE14CE.e.4947/elements - {"using":"css selector","value":"td"}
RESULT: {"using":"css selector","value":"td"}
COMMAND: POST /session/c666597816bb06b037137736d1e0af6d/element/f.E67777013E942907EFF236C95151777C.d.1B01F1DE45E5CD8EE2060525E1CE14CE.e.4948/elements - {"using":"css selector","value":"td"}
RESULT: {"using":"css selector","value":"td"}
COMMAND: POST /session/c666597816bb06b037137736d1e0af6d/element/f.E67777013E942907EFF236C95151777C.d.1B01F1DE45E5CD8EE2060525E1CE14CE.e.4949/elements - {"using":"css selector","value":"td"}
RESULT: {"using":"css selector","value":"td"}
COMMAND: POST /session/c666597816bb06b037137736d1e0af6d/element/f.E67777013E942907EFF236C95151777C.d.1B01F1DE45E5CD8EE2060525E1CE14CE.e.4950/elements - {"using":"css selector","value":"td"}
RESULT: {"using":"css selector","value":"td"}
COMMAND: POST /session/c666597816bb06b037137736d1e0af6d/element/f.E67777013E942907EFF236C95151777C.d.1B01F1DE45E5CD8EE2060525E1CE14CE.e.4951/elements - {"using":"css selector","value":"td"}
RESULT: {"using":"css selector","value":"td"}
COMMAND: POST /session/c666597816bb06b037137736d1e0af6d/element/f.E67777013E942907EFF236C95151777C.d.1B01F1DE45E5CD8EE2060525E1CE14CE.e.4952/elements - {"using":"css selector","value":"td"}
RESULT: {"using":"css selector","value":"td"}
COMMAND: POST /session/c666597816bb06b037137736d1e0af6d/element/f.E67777013E942907EFF236C95151777C.d.1B01F1DE45E5CD8EE2060525E1CE14CE.e.4953/elements - {"using":"css selector","value":"td"}
RESULT: {"using":"css selector","value":"td"}
COMMAND: POST /session/c666597816bb06b037137736d1e0af6d/element/f.E67777013E942907EFF236C95151777C.d.1B01F1DE45E5CD8EE2060525E1CE14CE.e.4954/elements - {"using":"css selector","value":"td"}
RESULT: {"using":"css selector","value":"td"}
COMMAND: POST /session/c666597816bb06b037137736d1e0af6d/element/f.E67777013E942907EFF236C95151777C.d.1B01F1DE45E5CD8EE2060525E1CE14CE.e.4955/elements - {"using":"css selector","value":"td"}
RESULT: {"using":"css selector","value":"td"}
COMMAND: POST /session/c666597816bb06b037137736d1e0af6d/element/f.E67777013E942907EFF236C95151777C.d.1B01F1DE45E5CD8EE2060525E1CE14CE.e.4956/elements - {"using":"css selector","value":"td"}
RESULT: {"using":"css selector","value":"td"}
COMMAND: POST /session/c666597816bb06b037137736d1e0af6d/element/f.E67777013E942907EFF236C95151777C.d.1B01F1DE45E5CD8EE2060525E1CE14CE.e.4957/elements - {"using":"css selector","value":"td"}
RESULT: {"using":"css selector","value":"td"}
COMMAND: POST /session/c666597816bb06b037137736d1e0af6d/element/f.E67777013E942907EFF236C95151777C.d.1B01F1DE45E5CD8EE2060525E1CE14CE.e.4958/elements - {"using":"css selector","value":"td"}
RESULT: {"using":"css selector","value":"td"}
COMMAND: POST /session/c666597816bb06b037137736d1e0af6d/element/f.E67777013E942907EFF236C95151777C.d.1B01F1DE45E5CD8EE2060525E1CE14CE.e.4959/elements - {"using":"css selector","value":"td"}
RESULT: {"using":"css selector","value":"td"}
COMMAND: POST /session/c666597816bb06b037137736d1e0af6d/element/f.E67777013E942907EFF236C95151777C.d.1B01F1DE45E5CD8EE2060525E1CE14CE.e.4960/elements - {"using":"css selector","value":"td"}
RESULT: {"using":"css selector","value":"td"}
COMMAND: POST /session/c666597816bb06b037137736d1e0af6d/element/f.E67777013E942907EFF236C95151777C.d.1B01F1DE45E5CD8EE2060525E1CE14CE.e.4961/elements - {"using":"css selector","value":"td"}
RESULT: {"using":"css selector","value":"td"}
COMMAND: POST /session/c666597816bb06b037137736d1e0af6d/element/f.E67777013E942907EFF236C95151777C.d.1B01F1DE45E5CD8EE2060525E1CE14CE.e.4962/elements - {"using":"css selector","value":"td"}
RESULT: {"using":"css selector","value":"td"}
COMMAND: POST /session/c666597816bb06b037137736d1e0af6d/element/f.E67777013E942907EFF236C95151777C.d.1B01F1DE45E5CD8EE2060525E1CE14CE.e.4963/elements - {"using":"css selector","value":"td"}
RESULT: {"using":"css selector","value":"td"}
COMMAND: POST /session/c666597816bb06b037137736d1e0af6d/element/f.E67777013E942907EFF236C95151777C.d.1B01F1DE45E5CD8EE2060525E1CE14CE.e.4964/elements - {"using":"css selector","value":"td"}
RESULT: {"using":"css selector","value":"td"}
COMMAND: POST /session/c666597816bb06b037137736d1e0af6d/element/f.E67777013E942907EFF236C95151777C.d.1B01F1DE45E5CD8EE2060525E1CE14CE.e.4965/elements - {"using":"css selector","value":"td"}
RESULT: {"using":"css selector","value":"td"}
COMMAND: POST /session/c666597816bb06b037137736d1e0af6d/element/f.E67777013E942907EFF236C95151777C.d.1B01F1DE45E5CD8EE2060525E1CE14CE.e.4966/elements - {"using":"css selector","value":"td"}
RESULT: {"using":"css selector","value":"td"}
COMMAND: POST /session/c666597816bb06b037137736d1e0af6d/element/f.E67777013E942907EFF236C95151777C.d.1B01F1DE45E5CD8EE2060525E1CE14CE.e.4967/elements - {"using":"css selector","value":"td"}
RESULT: {"using":"css selector","value":"td"}
COMMAND: POST /session/c666597816bb06b037137736d1e0af6d/element/f.E67777013E942907EFF236C95151777C.d.1B01F1DE45E5CD8EE2060525E1CE14CE.e.4968/elements - {"using":"css selector","value":"td"}
RESULT: {"using":"css selector","value":"td"}
COMMAND: POST /session/c666597816bb06b037137736d1e0af6d/element/f.E67777013E942907EFF236C95151777C.d.1B01F1DE45E5CD8EE2060525E1CE14CE.e.4969/elements - {"using":"css selector","value":"td"}
RESULT: {"using":"css selector","value":"td"}
COMMAND: POST /session/c666597816bb06b037137736d1e0af6d/element/f.E67777013E942907EFF236C95151777C.d.1B01F1DE45E5CD8EE2060525E1CE14CE.e.4970/elements - {"using":"css selector","value":"td"}
RESULT: {"using":"css selector","value":"td"}
COMMAND: POST /session/c666597816bb06b037137736d1e0af6d/element/f.E67777013E942907EFF236C95151777C.d.1B01F1DE45E5CD8EE2060525E1CE14CE.e.4971/elements - {"using":"css selector","value":"td"}
RESULT: {"using":"css selector","value":"td"}
COMMAND: POST /session/c666597816bb06b037137736d1e0af6d/element/f.E67777013E942907EFF236C95151777C.d.1B01F1DE45E5CD8EE2060525E1CE14CE.e.4972/elements - {"using":"css selector","value":"td"}
RESULT: {"using":"css selector","value":"td"}
COMMAND: POST /session/c666597816bb06b037137736d1e0af6d/element/f.E67777013E942907EFF236C95151777C.d.1B01F1DE45E5CD8EE2060525E1CE14CE.e.4973/elements - {"using":"css selector","value":"td"}
RESULT: {"using":"css selector","value":"td"}
COMMAND: POST /session/c666597816bb06b037137736d1e0af6d/element/f.E67777013E942907EFF236C95151777C.d.1B01F1DE45E5CD8EE2060525E1CE14CE.e.4974/elements - {"using":"css selector","value":"td"}
RESULT: {"using":"css selector","value":"td"}
COMMAND: POST /session/c666597816bb06b037137736d1e0af6d/element/f.E67777013E942907EFF236C95151777C.d.1B01F1DE45E5CD8EE2060525E1CE14CE.e.4975/elements - {"using":"css selector","value":"td"}
RESULT: {"using":"css selector","value":"td"}
COMMAND: POST /session/c666597816bb06b037137736d1e0af6d/element/f.E67777013E942907EFF236C95151777C.d.1B01F1DE45E5CD8EE2060525E1CE14CE.e.4976/elements - {"using":"css selector","value":"td"}
RESULT: {"using":"css selector","value":"td"}
COMMAND: POST /session/c666597816bb06b037137736d1e0af6d/element/f.E67777013E942907EFF236C95151777C.d.1B01F1DE45E5CD8EE2060525E1CE14CE.e.4977/elements - {"using":"css selector","value":"td"}
RESULT: {"using":"css selector","value":"td"}
COMMAND: POST /session/c666597816bb06b037137736d1e0af6d/element/f.E67777013E942907EFF236C95151777C.d.1B01F1DE45E5CD8EE2060525E1CE14CE.e.4978/elements - {"using":"css selector","value":"td"}
RESULT: {"using":"css selector","value":"td"}
COMMAND: POST /session/c666597816bb06b037137736d1e0af6d/element/f.E67777013E942907EFF236C95151777C.d.1B01F1DE45E5CD8EE2060525E1CE14CE.e.4979/elements - {"using":"css selector","value":"td"}
RESULT: {"using":"css selector","value":"td"}
COMMAND: POST /session/c666597816bb06b037137736d1e0af6d/element/f.E67777013E942907EFF236C95151777C.d.1B01F1DE45E5CD8EE2060525E1CE14CE.e.4980/elements - {"using":"css selector","value":"td"}
RESULT: {"using":"css selector","value":"td"}
COMMAND: POST /session/c666597816bb06b037137736d1e0af6d/element/f.E67777013E942907EFF236C95151777C.d.1B01F1DE45E5CD8EE2060525E1CE14CE.e.4981/elements - {"using":"css selector","value":"td"}
RESULT: {"using":"css selector","value":"td"}
COMMAND: POST /session/c666597816bb06b037137736d1e0af6d/element/f.E67777013E942907EFF236C95151777C.d.1B01F1DE45E5CD8EE2060525E1CE14CE.e.4982/elements - {"using":"css selector","value":"td"}
RESULT: {"using":"css selector","value":"td"}
COMMAND: POST /session/c666597816bb06b037137736d1e0af6d/element/f.E67777013E942907EFF236C95151777C.d.1B01F1DE45E5CD8EE2060525E1CE14CE.e.4983/elements - {"using":"css selector","value":"td"}
RESULT: {"using":"css selector","value":"td"}
COMMAND: POST /session/c666597816bb06b037137736d1e0af6d/element/f.E67777013E942907EFF236C95151777C.d.1B01F1DE45E5CD8EE2060525E1CE14CE.e.4984/elements - {"using":"css selector","value":"td"}
RESULT: {"using":"css selector","value":"td"}
COMMAND: POST /session/c666597816bb06b037137736d1e0af6d/element/f.E67777013E942907EFF236C95151777C.d.1B01F1DE45E5CD8EE2060525E1CE14CE.e.4985/elements - {"using":"css selector","value":"td"}
RESULT: {"using":"css selector","value":"td"}
COMMAND: POST /session/c666597816bb06b037137736d1e0af6d/element/f.E67777013E942907EFF236C95151777C.d.1B01F1DE45E5CD8EE2060525E1CE14CE.e.4986/elements - {"using":"css selector","value":"td"}
RESULT: {"using":"css selector","value":"td"}
COMMAND: POST /session/c666597816bb06b037137736d1e0af6d/element/f.E67777013E942907EFF236C95151777C.d.1B01F1DE45E5CD8EE2060525E1CE14CE.e.4987/elements - {"using":"css selector","value":"td"}
RESULT: {"using":"css selector","value":"td"}
COMMAND: POST /session/c666597816bb06b037137736d1e0af6d/element/f.E67777013E942907EFF236C95151777C.d.1B01F1DE45E5CD8EE2060525E1CE14CE.e.4988/elements - {"using":"css selector","value":"td"}
RESULT: {"using":"css selector","value":"td"}
COMMAND: POST /session/c666597816bb06b037137736d1e0af6d/element/f.E67777013E942907EFF236C95151777C.d.1B01F1DE45E5CD8EE2060525E1CE14CE.e.4989/elements - {"using":"css selector","value":"td"}
RESULT: {"using":"css selector","value":"td"}
COMMAND: POST /session/c666597816bb06b037137736d1e0af6d/element/f.E67777013E942907EFF236C95151777C.d.1B01F1DE45E5CD8EE2060525E1CE14CE.e.4990/elements - {"using":"css selector","value":"td"}
RESULT: {"using":"css selector","value":"td"}
COMMAND: POST /session/c666597816bb06b037137736d1e0af6d/element/f.E67777013E942907EFF236C95151777C.d.1B01F1DE45E5CD8EE2060525E1CE14CE.e.4991/elements - {"using":"css selector","value":"td"}
RESULT: {"using":"css selector","value":"td"}
COMMAND: POST /session/c666597816bb06b037137736d1e0af6d/element/f.E67777013E942907EFF236C95151777C.d.1B01F1DE45E5CD8EE2060525E1CE14CE.e.4992/elements - {"using":"css selector","value":"td"}
RESULT: {"using":"css selector","value":"td"}
COMMAND: POST /session/c666597816bb06b037137736d1e0af6d/element/f.E67777013E942907EFF236C95151777C.d.1B01F1DE45E5CD8EE2060525E1CE14CE.e.4993/elements - {"using":"css selector","value":"td"}
RESULT: {"using":"css selector","value":"td"}
COMMAND: POST /session/c666597816bb06b037137736d1e0af6d/element/f.E67777013E942907EFF236C95151777C.d.1B01F1DE45E5CD8EE2060525E1CE14CE.e.4994/elements - {"using":"css selector","value":"td"}
RESULT: {"using":"css selector","value":"td"}
COMMAND: POST /session/c666597816bb06b037137736d1e0af6d/element/f.E67777013E942907EFF236C95151777C.d.1B01F1DE45E5CD8EE2060525E1CE14CE.e.4995/elements - {"using":"css selector","value":"td"}
RESULT: {"using":"css selector","value":"td"}
COMMAND: POST /session/c666597816bb06b037137736d1e0af6d/element/f.E67777013E942907EFF236C95151777C.d.1B01F1DE45E5CD8EE2060525E1CE14CE.e.4996/elements - {"using":"css selector","value":"td"}
RESULT: {"using":"css selector","value":"td"}
COMMAND: POST /session/c666597816bb06b037137736d1e0af6d/element/f.E67777013E942907EFF236C95151777C.d.1B01F1DE45E5CD8EE2060525E1CE14CE.e.4997/elements - {"using":"css selector","value":"td"}
RESULT: {"using":"css selector","value":"td"}
COMMAND: POST /session/c666597816bb06b037137736d1e0af6d/element/f.E67777013E942907EFF236C95151777C.d.1B01F1DE45E5CD8EE2060525E1CE14CE.e.4998/elements - {"using":"css selector","value":"td"}
RESULT: {"using":"css selector","value":"td"}
COMMAND: POST /session/c666597816bb06b037137736d1e0af6d/element/f.E67777013E942907EFF236C95151777C.d.1B01F1DE45E5CD8EE2060525E1CE14CE.e.4999/elements - {"using":"css selector","value":"td"}
RESULT: {"using":"css selector","value":"td"}
COMMAND: POST /session/c666597816bb06b037137736d1e0af6d/element/f.E67777013E942907EFF236C95151777C.d.1B01F1DE45E5CD8EE2060525E1CE14CE.e.5000/elements - {"using":"css selector","value":"td"}
RESULT: {"using":"css selector","value":"td"}
COMMAND: POST /session/c666597816bb06b037137736d1e0af6d/element/f.E67777013E942907EFF236C95151777C.d.1B01F1DE45E5CD8EE2060525E1CE14CE.e.5001/elements - {"using":"css selector","value":"td"}
RESULT: {"using":"css selector","value":"td"}
COMMAND: POST /session/c666597816bb06b037137736d1e0af6d/element/f.E67777013E942907EFF236C95151777C.d.1B01F1DE45E5CD8EE2060525E1CE14CE.e.5002/elements - {"using":"css selector","value":"td"}
RESULT: {"using":"css selector","value":"td"}
COMMAND: POST /session/c666597816bb06b037137736d1e0af6d/element/f.E67777013E942907EFF236C95151777C.d.1B01F1DE45E5CD8EE2060525E1CE14CE.e.5003/elements - {"using":"css selector","value":"td"}
RESULT: {"using":"css selector","value":"td"}
COMMAND: POST /session/c666597816bb06b037137736d1e0af6d/element/f.E67777013E942907EFF236C95151777C.d.1B01F1DE45E5CD8EE2060525E1CE14CE.e.5004/elements - {"using":"css selector","value":"td"}
RESULT: {"using":"css selector","value":"td"}
COMMAND: POST /session/c666597816bb06b037137736d1e0af6d/element/f.E67777013E942907EFF236C95151777C.d.1B01F1DE45E5CD8EE2060525E1CE14CE.e.5005/elements - {"using":"css selector","value":"td"}
RESULT: {"using":"css selector","value":"td"}
COMMAND: POST /session/c666597816bb06b037137736d1e0af6d/element/f.E67777013E942907EFF236C95151777C.d.1B01F1DE45E5CD8EE2060525E1CE14CE.e.5006/elements - {"using":"css selector","value":"td"}
RESULT: {"using":"css selector","value":"td"}
COMMAND: POST /session/c666597816bb06b037137736d1e0af6d/element/f.E67777013E942907EFF236C95151777C.d.1B01F1DE45E5CD8EE2060525E1CE14CE.e.5007/elements - {"using":"css selector","value":"td"}
RESULT: {"using":"css selector","value":"td"}
COMMAND: POST /session/c666597816bb06b037137736d1e0af6d/element/f.E67777013E942907EFF236C95151777C.d.1B01F1DE45E5CD8EE2060525E1CE14CE.e.5008/elements - {"using":"css selector","value":"td"}
RESULT: {"using":"css selector","value":"td"}
COMMAND: POST /session/c666597816bb06b037137736d1e0af6d/element/f.E67777013E942907EFF236C95151777C.d.1B01F1DE45E5CD8EE2060525E1CE14CE.e.5009/elements - {"using":"css selector","value":"td"}
RESULT: {"using":"css selector","value":"td"}
COMMAND: POST /session/c666597816bb06b037137736d1e0af6d/element/f.E67777013E942907EFF236C95151777C.d.1B01F1DE45E5CD8EE2060525E1CE14CE.e.5010/elements - {"using":"css selector","value":"td"}
RESULT: {"using":"css selector","value":"td"}
COMMAND: POST /session/c666597816bb06b037137736d1e0af6d/element/f.E67777013E942907EFF236C95151777C.d.1B01F1DE45E5CD8EE2060525E1CE14CE.e.5011/elements - {"using":"css selector","value":"td"}
RESULT: {"using":"css selector","value":"td"}
COMMAND: POST /session/c666597816bb06b037137736d1e0af6d/element/f.E67777013E942907EFF236C95151777C.d.1B01F1DE45E5CD8EE2060525E1CE14CE.e.5012/elements - {"using":"css selector","value":"td"}
RESULT: {"using":"css selector","value":"td"}
COMMAND: POST /session/c666597816bb06b037137736d1e0af6d/element/f.E67777013E942907EFF236C95151777C.d.1B01F1DE45E5CD8EE2060525E1CE14CE.e.5013/elements - {"using":"css selector","value":"td"}
RESULT: {"using":"css selector","value":"td"}
COMMAND: POST /session/c666597816bb06b037137736d1e0af6d/element/f.E67777013E942907EFF236C95151777C.d.1B01F1DE45E5CD8EE2060525E1CE14CE.e.5014/elements - {"using":"css selector","value":"td"}
RESULT: {"using":"css selector","value":"td"}
COMMAND: POST /session/c666597816bb06b037137736d1e0af6d/element/f.E67777013E942907EFF236C95151777C.d.1B01F1DE45E5CD8EE2060525E1CE14CE.e.5015/elements - {"using":"css selector","value":"td"}
RESULT: {"using":"css selector","value":"td"}
COMMAND: POST /session/c666597816bb06b037137736d1e0af6d/element/f.E67777013E942907EFF236C95151777C.d.1B01F1DE45E5CD8EE2060525E1CE14CE.e.5016/elements - {"using":"css selector","value":"td"}
RESULT: {"using":"css selector","value":"td"}
COMMAND: POST /session/c666597816bb06b037137736d1e0af6d/element/f.E67777013E942907EFF236C95151777C.d.1B01F1DE45E5CD8EE2060525E1CE14CE.e.5017/elements - {"using":"css selector","value":"td"}
RESULT: {"using":"css selector","value":"td"}
COMMAND: POST /session/c666597816bb06b037137736d1e0af6d/element/f.E67777013E942907EFF236C95151777C.d.1B01F1DE45E5CD8EE2060525E1CE14CE.e.5018/elements - {"using":"css selector","value":"td"}
RESULT: {"using":"css selector","value":"td"}
COMMAND: POST /session/c666597816bb06b037137736d1e0af6d/element/f.E67777013E942907EFF236C95151777C.d.1B01F1DE45E5CD8EE2060525E1CE14CE.e.5019/elements - {"using":"css selector","value":"td"}
RESULT: {"using":"css selector","value":"td"}
COMMAND: POST /session/c666597816bb06b037137736d1e0af6d/element/f.E67777013E942907EFF236C95151777C.d.1B01F1DE45E5CD8EE2060525E1CE14CE.e.5020/elements - {"using":"css selector","value":"td"}
RESULT: {"using":"css selector","value":"td"}
COMMAND: POST /session/c666597816bb06b037137736d1e0af6d/element/f.E67777013E942907EFF236C95151777C.d.1B01F1DE45E5CD8EE2060525E1CE14CE.e.5021/elements - {"using":"css selector","value":"td"}
RESULT: {"using":"css selector","value":"td"}
COMMAND: POST /session/c666597816bb06b037137736d1e0af6d/element/f.E67777013E942907EFF236C95151777C.d.1B01F1DE45E5CD8EE2060525E1CE14CE.e.5022/elements - {"using":"css selector","value":"td"}
RESULT: {"using":"css selector","value":"td"}
COMMAND: POST /session/c666597816bb06b037137736d1e0af6d/element/f.E67777013E942907EFF236C95151777C.d.1B01F1DE45E5CD8EE2060525E1CE14CE.e.5023/elements - {"using":"css selector","value":"td"}
RESULT: {"using":"css selector","value":"td"}
COMMAND: POST /session/c666597816bb06b037137736d1e0af6d/element/f.E67777013E942907EFF236C95151777C.d.1B01F1DE45E5CD8EE2060525E1CE14CE.e.5024/elements - {"using":"css selector","value":"td"}
RESULT: {"using":"css selector","value":"td"}
COMMAND: POST /session/c666597816bb06b037137736d1e0af6d/element/f.E67777013E942907EFF236C95151777C.d.1B01F1DE45E5CD8EE2060525E1CE14CE.e.5025/elements - {"using":"css selector","value":"td"}
RESULT: {"using":"css selector","value":"td"}
COMMAND: POST /session/c666597816bb06b037137736d1e0af6d/element/f.E67777013E942907EFF236C95151777C.d.1B01F1DE45E5CD8EE2060525E1CE14CE.e.5026/elements - {"using":"css selector","value":"td"}
RESULT: {"using":"css selector","value":"td"}
COMMAND: POST /session/c666597816bb06b037137736d1e0af6d/element/f.E67777013E942907EFF236C95151777C.d.1B01F1DE45E5CD8EE2060525E1CE14CE.e.5027/elements - {"using":"css selector","value":"td"}
RESULT: {"using":"css selector","value":"td"}
COMMAND: POST /session/c666597816bb06b037137736d1e0af6d/element/f.E67777013E942907EFF236C95151777C.d.1B01F1DE45E5CD8EE2060525E1CE14CE.e.5028/elements - {"using":"css selector","value":"td"}
RESULT: {"using":"css selector","value":"td"}
COMMAND: POST /session/c666597816bb06b037137736d1e0af6d/element/f.E67777013E942907EFF236C95151777C.d.1B01F1DE45E5CD8EE2060525E1CE14CE.e.5029/elements - {"using":"css selector","value":"td"}
RESULT: {"using":"css selector","value":"td"}
COMMAND: POST /session/c666597816bb06b037137736d1e0af6d/element/f.E67777013E942907EFF236C95151777C.d.1B01F1DE45E5CD8EE2060525E1CE14CE.e.5030/elements - {"using":"css selector","value":"td"}
RESULT: {"using":"css selector","value":"td"}
COMMAND: POST /session/c666597816bb06b037137736d1e0af6d/element/f.E67777013E942907EFF236C95151777C.d.1B01F1DE45E5CD8EE2060525E1CE14CE.e.5031/elements - {"using":"css selector","value":"td"}
RESULT: {"using":"css selector","value":"td"}
COMMAND: POST /session/c666597816bb06b037137736d1e0af6d/element/f.E67777013E942907EFF236C95151777C.d.1B01F1DE45E5CD8EE2060525E1CE14CE.e.5032/elements - {"using":"css selector","value":"td"}
RESULT: {"using":"css selector","value":"td"}
COMMAND: POST /session/c666597816bb06b037137736d1e0af6d/element/f.E67777013E942907EFF236C95151777C.d.1B01F1DE45E5CD8EE2060525E1CE14CE.e.5033/elements - {"using":"css selector","value":"td"}
RESULT: {"using":"css selector","value":"td"}
COMMAND: POST /session/c666597816bb06b037137736d1e0af6d/element/f.E67777013E942907EFF236C95151777C.d.1B01F1DE45E5CD8EE2060525E1CE14CE.e.5034/elements - {"using":"css selector","value":"td"}
RESULT: {"using":"css selector","value":"td"}
COMMAND: POST /session/c666597816bb06b037137736d1e0af6d/element/f.E67777013E942907EFF236C95151777C.d.1B01F1DE45E5CD8EE2060525E1CE14CE.e.5035/elements - {"using":"css selector","value":"td"}
RESULT: {"using":"css selector","value":"td"}
COMMAND: POST /session/c666597816bb06b037137736d1e0af6d/element/f.E67777013E942907EFF236C95151777C.d.1B01F1DE45E5CD8EE2060525E1CE14CE.e.5036/elements - {"using":"css selector","value":"td"}
RESULT: {"using":"css selector","value":"td"}
COMMAND: POST /session/c666597816bb06b037137736d1e0af6d/element/f.E67777013E942907EFF236C95151777C.d.1B01F1DE45E5CD8EE2060525E1CE14CE.e.5037/elements - {"using":"css selector","value":"td"}
RESULT: {"using":"css selector","value":"td"}
COMMAND: POST /session/c666597816bb06b037137736d1e0af6d/element/f.E67777013E942907EFF236C95151777C.d.1B01F1DE45E5CD8EE2060525E1CE14CE.e.5038/elements - {"using":"css selector","value":"td"}
RESULT: {"using":"css selector","value":"td"}
COMMAND: POST /session/c666597816bb06b037137736d1e0af6d/element/f.E67777013E942907EFF236C95151777C.d.1B01F1DE45E5CD8EE2060525E1CE14CE.e.5039/elements - {"using":"css selector","value":"td"}
RESULT: {"using":"css selector","value":"td"}
COMMAND: POST /session/c666597816bb06b037137736d1e0af6d/element/f.E67777013E942907EFF236C95151777C.d.1B01F1DE45E5CD8EE2060525E1CE14CE.e.5040/elements - {"using":"css selector","value":"td"}
RESULT: {"using":"css selector","value":"td"}
COMMAND: POST /session/c666597816bb06b037137736d1e0af6d/element/f.E67777013E942907EFF236C95151777C.d.1B01F1DE45E5CD8EE2060525E1CE14CE.e.5041/elements - {"using":"css selector","value":"td"}
RESULT: {"using":"css selector","value":"td"}
COMMAND: POST /session/c666597816bb06b037137736d1e0af6d/element/f.E67777013E942907EFF236C95151777C.d.1B01F1DE45E5CD8EE2060525E1CE14CE.e.5042/elements - {"using":"css selector","value":"td"}
RESULT: {"using":"css selector","value":"td"}
COMMAND: POST /session/c666597816bb06b037137736d1e0af6d/element/f.E67777013E942907EFF236C95151777C.d.1B01F1DE45E5CD8EE2060525E1CE14CE.e.5043/elements - {"using":"css selector","value":"td"}
RESULT: {"using":"css selector","value":"td"}
COMMAND: POST /session/c666597816bb06b037137736d1e0af6d/element/f.E67777013E942907EFF236C95151777C.d.1B01F1DE45E5CD8EE2060525E1CE14CE.e.5044/elements - {"using":"css selector","value":"td"}
RESULT: {"using":"css selector","value":"td"}
COMMAND: POST /session/c666597816bb06b037137736d1e0af6d/element/f.E67777013E942907EFF236C95151777C.d.1B01F1DE45E5CD8EE2060525E1CE14CE.e.5045/elements - {"using":"css selector","value":"td"}
RESULT: {"using":"css selector","value":"td"}
COMMAND: POST /session/c666597816bb06b037137736d1e0af6d/element/f.E67777013E942907EFF236C95151777C.d.1B01F1DE45E5CD8EE2060525E1CE14CE.e.5046/elements - {"using":"css selector","value":"td"}
RESULT: {"using":"css selector","value":"td"}
COMMAND: POST /session/c666597816bb06b037137736d1e0af6d/element/f.E67777013E942907EFF236C95151777C.d.1B01F1DE45E5CD8EE2060525E1CE14CE.e.5047/elements - {"using":"css selector","value":"td"}
RESULT: {"using":"css selector","value":"td"}
COMMAND: POST /session/c666597816bb06b037137736d1e0af6d/element/f.E67777013E942907EFF236C95151777C.d.1B01F1DE45E5CD8EE2060525E1CE14CE.e.5048/elements - {"using":"css selector","value":"td"}
RESULT: {"using":"css selector","value":"td"}
COMMAND: POST /session/c666597816bb06b037137736d1e0af6d/element/f.E67777013E942907EFF236C95151777C.d.1B01F1DE45E5CD8EE2060525E1CE14CE.e.5049/elements - {"using":"css selector","value":"td"}
RESULT: {"using":"css selector","value":"td"}
COMMAND: POST /session/c666597816bb06b037137736d1e0af6d/element/f.E67777013E942907EFF236C95151777C.d.1B01F1DE45E5CD8EE2060525E1CE14CE.e.5050/elements - {"using":"css selector","value":"td"}
RESULT: {"using":"css selector","value":"td"}
COMMAND: POST /session/c666597816bb06b037137736d1e0af6d/element/f.E67777013E942907EFF236C95151777C.d.1B01F1DE45E5CD8EE2060525E1CE14CE.e.5051/elements - {"using":"css selector","value":"td"}
RESULT: {"using":"css selector","value":"td"}
COMMAND: POST /session/c666597816bb06b037137736d1e0af6d/element/f.E67777013E942907EFF236C95151777C.d.1B01F1DE45E5CD8EE2060525E1CE14CE.e.5052/elements - {"using":"css selector","value":"td"}
RESULT: {"using":"css selector","value":"td"}
COMMAND: POST /session/c666597816bb06b037137736d1e0af6d/element/f.E67777013E942907EFF236C95151777C.d.1B01F1DE45E5CD8EE2060525E1CE14CE.e.5053/elements - {"using":"css selector","value":"td"}
RESULT: {"using":"css selector","value":"td"}
COMMAND: POST /session/c666597816bb06b037137736d1e0af6d/element/f.E67777013E942907EFF236C95151777C.d.1B01F1DE45E5CD8EE2060525E1CE14CE.e.5054/elements - {"using":"css selector","value":"td"}
RESULT: {"using":"css selector","value":"td"}
COMMAND: POST /session/c666597816bb06b037137736d1e0af6d/element/f.E67777013E942907EFF236C95151777C.d.1B01F1DE45E5CD8EE2060525E1CE14CE.e.5055/elements - {"using":"css selector","value":"td"}
RESULT: {"using":"css selector","value":"td"}
COMMAND: POST /session/c666597816bb06b037137736d1e0af6d/element/f.E67777013E942907EFF236C95151777C.d.1B01F1DE45E5CD8EE2060525E1CE14CE.e.5056/elements - {"using":"css selector","value":"td"}
RESULT: {"using":"css selector","value":"td"}
COMMAND: POST /session/c666597816bb06b037137736d1e0af6d/element/f.E67777013E942907EFF236C95151777C.d.1B01F1DE45E5CD8EE2060525E1CE14CE.e.5057/elements - {"using":"css selector","value":"td"}
RESULT: {"using":"css selector","value":"td"}
COMMAND: POST /session/c666597816bb06b037137736d1e0af6d/element/f.E67777013E942907EFF236C95151777C.d.1B01F1DE45E5CD8EE2060525E1CE14CE.e.5058/elements - {"using":"css selector","value":"td"}
RESULT: {"using":"css selector","value":"td"}
COMMAND: POST /session/c666597816bb06b037137736d1e0af6d/element/f.E67777013E942907EFF236C95151777C.d.1B01F1DE45E5CD8EE2060525E1CE14CE.e.5059/elements - {"using":"css selector","value":"td"}
RESULT: {"using":"css selector","value":"td"}
COMMAND: POST /session/c666597816bb06b037137736d1e0af6d/element/f.E67777013E942907EFF236C95151777C.d.1B01F1DE45E5CD8EE2060525E1CE14CE.e.5060/elements - {"using":"css selector","value":"td"}
RESULT: {"using":"css selector","value":"td"}
COMMAND: POST /session/c666597816bb06b037137736d1e0af6d/element/f.E67777013E942907EFF236C95151777C.d.1B01F1DE45E5CD8EE2060525E1CE14CE.e.5061/elements - {"using":"css selector","value":"td"}
RESULT: {"using":"css selector","value":"td"}
COMMAND: POST /session/c666597816bb06b037137736d1e0af6d/element/f.E67777013E942907EFF236C95151777C.d.1B01F1DE45E5CD8EE2060525E1CE14CE.e.5062/elements - {"using":"css selector","value":"td"}
RESULT: {"using":"css selector","value":"td"}
COMMAND: POST /session/c666597816bb06b037137736d1e0af6d/element/f.E67777013E942907EFF236C95151777C.d.1B01F1DE45E5CD8EE2060525E1CE14CE.e.5063/elements - {"using":"css selector","value":"td"}
RESULT: {"using":"css selector","value":"td"}
COMMAND: POST /session/c666597816bb06b037137736d1e0af6d/element/f.E67777013E942907EFF236C95151777C.d.1B01F1DE45E5CD8EE2060525E1CE14CE.e.5064/elements - {"using":"css selector","value":"td"}
RESULT: {"using":"css selector","value":"td"}
COMMAND: POST /session/c666597816bb06b037137736d1e0af6d/element/f.E67777013E942907EFF236C95151777C.d.1B01F1DE45E5CD8EE2060525E1CE14CE.e.5065/elements - {"using":"css selector","value":"td"}
RESULT: {"using":"css selector","value":"td"}
COMMAND: POST /session/c666597816bb06b037137736d1e0af6d/element/f.E67777013E942907EFF236C95151777C.d.1B01F1DE45E5CD8EE2060525E1CE14CE.e.5066/elements - {"using":"css selector","value":"td"}
RESULT: {"using":"css selector","value":"td"}
COMMAND: POST /session/c666597816bb06b037137736d1e0af6d/element/f.E67777013E942907EFF236C95151777C.d.1B01F1DE45E5CD8EE2060525E1CE14CE.e.5067/elements - {"using":"css selector","value":"td"}
RESULT: {"using":"css selector","value":"td"}
COMMAND: POST /session/c666597816bb06b037137736d1e0af6d/element/f.E67777013E942907EFF236C95151777C.d.1B01F1DE45E5CD8EE2060525E1CE14CE.e.5068/elements - {"using":"css selector","value":"td"}
RESULT: {"using":"css selector","value":"td"}
COMMAND: POST /session/c666597816bb06b037137736d1e0af6d/element/f.E67777013E942907EFF236C95151777C.d.1B01F1DE45E5CD8EE2060525E1CE14CE.e.5069/elements - {"using":"css selector","value":"td"}
RESULT: {"using":"css selector","value":"td"}
COMMAND: POST /session/c666597816bb06b037137736d1e0af6d/element/f.E67777013E942907EFF236C95151777C.d.1B01F1DE45E5CD8EE2060525E1CE14CE.e.5070/elements - {"using":"css selector","value":"td"}
RESULT: {"using":"css selector","value":"td"}
COMMAND: POST /session/c666597816bb06b037137736d1e0af6d/element/f.E67777013E942907EFF236C95151777C.d.1B01F1DE45E5CD8EE2060525E1CE14CE.e.5071/elements - {"using":"css selector","value":"td"}
RESULT: {"using":"css selector","value":"td"}
COMMAND: POST /session/c666597816bb06b037137736d1e0af6d/element/f.E67777013E942907EFF236C95151777C.d.1B01F1DE45E5CD8EE2060525E1CE14CE.e.5072/elements - {"using":"css selector","value":"td"}
RESULT: {"using":"css selector","value":"td"}
COMMAND: POST /session/c666597816bb06b037137736d1e0af6d/element/f.E67777013E942907EFF236C95151777C.d.1B01F1DE45E5CD8EE2060525E1CE14CE.e.5073/elements - {"using":"css selector","value":"td"}
RESULT: {"using":"css selector","value":"td"}
COMMAND: POST /session/c666597816bb06b037137736d1e0af6d/element/f.E67777013E942907EFF236C95151777C.d.1B01F1DE45E5CD8EE2060525E1CE14CE.e.5074/elements - {"using":"css selector","value":"td"}
RESULT: {"using":"css selector","value":"td"}
COMMAND: POST /session/c666597816bb06b037137736d1e0af6d/element/f.E67777013E942907EFF236C95151777C.d.1B01F1DE45E5CD8EE2060525E1CE14CE.e.5075/elements - {"using":"css selector","value":"td"}
RESULT: {"using":"css selector","value":"td"}
COMMAND: POST /session/c666597816bb06b037137736d1e0af6d/element/f.E67777013E942907EFF236C95151777C.d.1B01F1DE45E5CD8EE2060525E1CE14CE.e.5076/elements - {"using":"css selector","value":"td"}
RESULT: {"using":"css selector","value":"td"}
COMMAND: POST /session/c666597816bb06b037137736d1e0af6d/element/f.E67777013E942907EFF236C95151777C.d.1B01F1DE45E5CD8EE2060525E1CE14CE.e.5077/elements - {"using":"css selector","value":"td"}
RESULT: {"using":"css selector","value":"td"}
COMMAND: POST /session/c666597816bb06b037137736d1e0af6d/element/f.E67777013E942907EFF236C95151777C.d.1B01F1DE45E5CD8EE2060525E1CE14CE.e.5078/elements - {"using":"css selector","value":"td"}
RESULT: {"using":"css selector","value":"td"}
COMMAND: POST /session/c666597816bb06b037137736d1e0af6d/element/f.E67777013E942907EFF236C95151777C.d.1B01F1DE45E5CD8EE2060525E1CE14CE.e.5079/elements - {"using":"css selector","value":"td"}
RESULT: {"using":"css selector","value":"td"}
COMMAND: POST /session/c666597816bb06b037137736d1e0af6d/element/f.E67777013E942907EFF236C95151777C.d.1B01F1DE45E5CD8EE2060525E1CE14CE.e.5080/elements - {"using":"css selector","value":"td"}
RESULT: {"using":"css selector","value":"td"}
COMMAND: POST /session/c666597816bb06b037137736d1e0af6d/element/f.E67777013E942907EFF236C95151777C.d.1B01F1DE45E5CD8EE2060525E1CE14CE.e.5081/elements - {"using":"css selector","value":"td"}
RESULT: {"using":"css selector","value":"td"}
COMMAND: POST /session/c666597816bb06b037137736d1e0af6d/element/f.E67777013E942907EFF236C95151777C.d.1B01F1DE45E5CD8EE2060525E1CE14CE.e.5082/elements - {"using":"css selector","value":"td"}
RESULT: {"using":"css selector","value":"td"}
COMMAND: POST /session/c666597816bb06b037137736d1e0af6d/element/f.E67777013E942907EFF236C95151777C.d.1B01F1DE45E5CD8EE2060525E1CE14CE.e.5083/elements - {"using":"css selector","value":"td"}
RESULT: {"using":"css selector","value":"td"}
COMMAND: POST /session/c666597816bb06b037137736d1e0af6d/element/f.E67777013E942907EFF236C95151777C.d.1B01F1DE45E5CD8EE2060525E1CE14CE.e.5084/elements - {"using":"css selector","value":"td"}
RESULT: {"using":"css selector","value":"td"}
COMMAND: POST /session/c666597816bb06b037137736d1e0af6d/element/f.E67777013E942907EFF236C95151777C.d.1B01F1DE45E5CD8EE2060525E1CE14CE.e.5085/elements - {"using":"css selector","value":"td"}
RESULT: {"using":"css selector","value":"td"}
COMMAND: POST /session/c666597816bb06b037137736d1e0af6d/element/f.E67777013E942907EFF236C95151777C.d.1B01F1DE45E5CD8EE2060525E1CE14CE.e.5086/elements - {"using":"css selector","value":"td"}
RESULT: {"using":"css selector","value":"td"}
COMMAND: POST /session/c666597816bb06b037137736d1e0af6d/element/f.E67777013E942907EFF236C95151777C.d.1B01F1DE45E5CD8EE2060525E1CE14CE.e.5087/elements - {"using":"css selector","value":"td"}
RESULT: {"using":"css selector","value":"td"}
COMMAND: POST /session/c666597816bb06b037137736d1e0af6d/element/f.E67777013E942907EFF236C95151777C.d.1B01F1DE45E5CD8EE2060525E1CE14CE.e.5088/elements - {"using":"css selector","value":"td"}
RESULT: {"using":"css selector","value":"td"}
COMMAND: POST /session/c666597816bb06b037137736d1e0af6d/element/f.E67777013E942907EFF236C95151777C.d.1B01F1DE45E5CD8EE2060525E1CE14CE.e.5089/elements - {"using":"css selector","value":"td"}
RESULT: {"using":"css selector","value":"td"}
COMMAND: POST /session/c666597816bb06b037137736d1e0af6d/element/f.E67777013E942907EFF236C95151777C.d.1B01F1DE45E5CD8EE2060525E1CE14CE.e.5090/elements - {"using":"css selector","value":"td"}
RESULT: {"using":"css selector","value":"td"}
COMMAND: POST /session/c666597816bb06b037137736d1e0af6d/element/f.E67777013E942907EFF236C95151777C.d.1B01F1DE45E5CD8EE2060525E1CE14CE.e.5091/elements - {"using":"css selector","value":"td"}
RESULT: {"using":"css selector","value":"td"}
COMMAND: POST /session/c666597816bb06b037137736d1e0af6d/element/f.E67777013E942907EFF236C95151777C.d.1B01F1DE45E5CD8EE2060525E1CE14CE.e.5092/elements - {"using":"css selector","value":"td"}
RESULT: {"using":"css selector","value":"td"}
COMMAND: POST /session/c666597816bb06b037137736d1e0af6d/element/f.E67777013E942907EFF236C95151777C.d.1B01F1DE45E5CD8EE2060525E1CE14CE.e.5093/elements - {"using":"css selector","value":"td"}
RESULT: {"using":"css selector","value":"td"}
COMMAND: POST /session/c666597816bb06b037137736d1e0af6d/element/f.E67777013E942907EFF236C95151777C.d.1B01F1DE45E5CD8EE2060525E1CE14CE.e.5094/elements - {"using":"css selector","value":"td"}
RESULT: {"using":"css selector","value":"td"}
COMMAND: POST /session/c666597816bb06b037137736d1e0af6d/element/f.E67777013E942907EFF236C95151777C.d.1B01F1DE45E5CD8EE2060525E1CE14CE.e.5095/elements - {"using":"css selector","value":"td"}
RESULT: {"using":"css selector","value":"td"}
COMMAND: POST /session/c666597816bb06b037137736d1e0af6d/element/f.E67777013E942907EFF236C95151777C.d.1B01F1DE45E5CD8EE2060525E1CE14CE.e.5096/elements - {"using":"css selector","value":"td"}
RESULT: {"using":"css selector","value":"td"}
COMMAND: POST /session/c666597816bb06b037137736d1e0af6d/element/f.E67777013E942907EFF236C95151777C.d.1B01F1DE45E5CD8EE2060525E1CE14CE.e.5097/elements - {"using":"css selector","value":"td"}
RESULT: {"using":"css selector","value":"td"}
COMMAND: POST /session/c666597816bb06b037137736d1e0af6d/element/f.E67777013E942907EFF236C95151777C.d.1B01F1DE45E5CD8EE2060525E1CE14CE.e.5098/elements - {"using":"css selector","value":"td"}
RESULT: {"using":"css selector","value":"td"}
COMMAND: POST /session/c666597816bb06b037137736d1e0af6d/element/f.E67777013E942907EFF236C95151777C.d.1B01F1DE45E5CD8EE2060525E1CE14CE.e.5099/elements - {"using":"css selector","value":"td"}
RESULT: {"using":"css selector","value":"td"}
COMMAND: POST /session/c666597816bb06b037137736d1e0af6d/element/f.E67777013E942907EFF236C95151777C.d.1B01F1DE45E5CD8EE2060525E1CE14CE.e.5100/elements - {"using":"css selector","value":"td"}
RESULT: {"using":"css selector","value":"td"}
COMMAND: POST /session/c666597816bb06b037137736d1e0af6d/element/f.E67777013E942907EFF236C95151777C.d.1B01F1DE45E5CD8EE2060525E1CE14CE.e.5101/elements - {"using":"css selector","value":"td"}
RESULT: {"using":"css selector","value":"td"}
COMMAND: POST /session/c666597816bb06b037137736d1e0af6d/element/f.E67777013E942907EFF236C95151777C.d.1B01F1DE45E5CD8EE2060525E1CE14CE.e.5102/elements - {"using":"css selector","value":"td"}
RESULT: {"using":"css selector","value":"td"}
COMMAND: POST /session/c666597816bb06b037137736d1e0af6d/element/f.E67777013E942907EFF236C95151777C.d.1B01F1DE45E5CD8EE2060525E1CE14CE.e.5103/elements - {"using":"css selector","value":"td"}
RESULT: {"using":"css selector","value":"td"}
COMMAND: POST /session/c666597816bb06b037137736d1e0af6d/element/f.E67777013E942907EFF236C95151777C.d.1B01F1DE45E5CD8EE2060525E1CE14CE.e.5104/elements - {"using":"css selector","value":"td"}
RESULT: {"using":"css selector","value":"td"}
COMMAND: POST /session/c666597816bb06b037137736d1e0af6d/element/f.E67777013E942907EFF236C95151777C.d.1B01F1DE45E5CD8EE2060525E1CE14CE.e.5105/elements - {"using":"css selector","value":"td"}
RESULT: {"using":"css selector","value":"td"}
COMMAND: POST /session/c666597816bb06b037137736d1e0af6d/element/f.E67777013E942907EFF236C95151777C.d.1B01F1DE45E5CD8EE2060525E1CE14CE.e.5106/elements - {"using":"css selector","value":"td"}
RESULT: {"using":"css selector","value":"td"}
COMMAND: POST /session/c666597816bb06b037137736d1e0af6d/element/f.E67777013E942907EFF236C95151777C.d.1B01F1DE45E5CD8EE2060525E1CE14CE.e.5107/elements - {"using":"css selector","value":"td"}
RESULT: {"using":"css selector","value":"td"}
COMMAND: POST /session/c666597816bb06b037137736d1e0af6d/element/f.E67777013E942907EFF236C95151777C.d.1B01F1DE45E5CD8EE2060525E1CE14CE.e.5108/elements - {"using":"css selector","value":"td"}
RESULT: {"using":"css selector","value":"td"}
COMMAND: POST /session/c666597816bb06b037137736d1e0af6d/element/f.E67777013E942907EFF236C95151777C.d.1B01F1DE45E5CD8EE2060525E1CE14CE.e.5109/elements - {"using":"css selector","value":"td"}
RESULT: {"using":"css selector","value":"td"}
COMMAND: POST /session/c666597816bb06b037137736d1e0af6d/element/f.E67777013E942907EFF236C95151777C.d.1B01F1DE45E5CD8EE2060525E1CE14CE.e.5110/elements - {"using":"css selector","value":"td"}
RESULT: {"using":"css selector","value":"td"}
COMMAND: POST /session/c666597816bb06b037137736d1e0af6d/element/f.E67777013E942907EFF236C95151777C.d.1B01F1DE45E5CD8EE2060525E1CE14CE.e.5111/elements - {"using":"css selector","value":"td"}
RESULT: {"using":"css selector","value":"td"}
COMMAND: POST /session/c666597816bb06b037137736d1e0af6d/element/f.E67777013E942907EFF236C95151777C.d.1B01F1DE45E5CD8EE2060525E1CE14CE.e.5112/elements - {"using":"css selector","value":"td"}
RESULT: {"using":"css selector","value":"td"}
COMMAND: POST /session/c666597816bb06b037137736d1e0af6d/element/f.E67777013E942907EFF236C95151777C.d.1B01F1DE45E5CD8EE2060525E1CE14CE.e.5113/elements - {"using":"css selector","value":"td"}
RESULT: {"using":"css selector","value":"td"}
COMMAND: POST /session/c666597816bb06b037137736d1e0af6d/element/f.E67777013E942907EFF236C95151777C.d.1B01F1DE45E5CD8EE2060525E1CE14CE.e.5114/elements - {"using":"css selector","value":"td"}
RESULT: {"using":"css selector","value":"td"}
COMMAND: POST /session/c666597816bb06b037137736d1e0af6d/element/f.E67777013E942907EFF236C95151777C.d.1B01F1DE45E5CD8EE2060525E1CE14CE.e.5115/elements - {"using":"css selector","value":"td"}
RESULT: {"using":"css selector","value":"td"}
COMMAND: POST /session/c666597816bb06b037137736d1e0af6d/element/f.E67777013E942907EFF236C95151777C.d.1B01F1DE45E5CD8EE2060525E1CE14CE.e.5116/elements - {"using":"css selector","value":"td"}
RESULT: {"using":"css selector","value":"td"}
COMMAND: POST /session/c666597816bb06b037137736d1e0af6d/element/f.E67777013E942907EFF236C95151777C.d.1B01F1DE45E5CD8EE2060525E1CE14CE.e.5117/elements - {"using":"css selector","value":"td"}
RESULT: {"using":"css selector","value":"td"}
COMMAND: POST /session/c666597816bb06b037137736d1e0af6d/element/f.E67777013E942907EFF236C95151777C.d.1B01F1DE45E5CD8EE2060525E1CE14CE.e.5118/elements - {"using":"css selector","value":"td"}
RESULT: {"using":"css selector","value":"td"}
COMMAND: POST /session/c666597816bb06b037137736d1e0af6d/element/f.E67777013E942907EFF236C95151777C.d.1B01F1DE45E5CD8EE2060525E1CE14CE.e.5119/elements - {"using":"css selector","value":"td"}
RESULT: {"using":"css selector","value":"td"}
COMMAND: POST /session/c666597816bb06b037137736d1e0af6d/element/f.E67777013E942907EFF236C95151777C.d.1B01F1DE45E5CD8EE2060525E1CE14CE.e.5120/elements - {"using":"css selector","value":"td"}
RESULT: {"using":"css selector","value":"td"}
COMMAND: POST /session/c666597816bb06b037137736d1e0af6d/element/f.E67777013E942907EFF236C95151777C.d.1B01F1DE45E5CD8EE2060525E1CE14CE.e.5121/elements - {"using":"css selector","value":"td"}
RESULT: {"using":"css selector","value":"td"}
COMMAND: POST /session/c666597816bb06b037137736d1e0af6d/element/f.E67777013E942907EFF236C95151777C.d.1B01F1DE45E5CD8EE2060525E1CE14CE.e.5122/elements - {"using":"css selector","value":"td"}
RESULT: {"using":"css selector","value":"td"}
COMMAND: POST /session/c666597816bb06b037137736d1e0af6d/element/f.E67777013E942907EFF236C95151777C.d.1B01F1DE45E5CD8EE2060525E1CE14CE.e.5123/elements - {"using":"css selector","value":"td"}
RESULT: {"using":"css selector","value":"td"}
COMMAND: POST /session/c666597816bb06b037137736d1e0af6d/element/f.E67777013E942907EFF236C95151777C.d.1B01F1DE45E5CD8EE2060525E1CE14CE.e.5124/elements - {"using":"css selector","value":"td"}
RESULT: {"using":"css selector","value":"td"}
COMMAND: POST /session/c666597816bb06b037137736d1e0af6d/element/f.E67777013E942907EFF236C95151777C.d.1B01F1DE45E5CD8EE2060525E1CE14CE.e.5125/elements - {"using":"css selector","value":"td"}
RESULT: {"using":"css selector","value":"td"}
COMMAND: POST /session/c666597816bb06b037137736d1e0af6d/element/f.E67777013E942907EFF236C95151777C.d.1B01F1DE45E5CD8EE2060525E1CE14CE.e.5126/elements - {"using":"css selector","value":"td"}
RESULT: {"using":"css selector","value":"td"}
COMMAND: POST /session/c666597816bb06b037137736d1e0af6d/element/f.E67777013E942907EFF236C95151777C.d.1B01F1DE45E5CD8EE2060525E1CE14CE.e.5127/elements - {"using":"css selector","value":"td"}
RESULT: {"using":"css selector","value":"td"}
COMMAND: POST /session/c666597816bb06b037137736d1e0af6d/element/f.E67777013E942907EFF236C95151777C.d.1B01F1DE45E5CD8EE2060525E1CE14CE.e.5128/elements - {"using":"css selector","value":"td"}
RESULT: {"using":"css selector","value":"td"}
COMMAND: POST /session/c666597816bb06b037137736d1e0af6d/element/f.E67777013E942907EFF236C95151777C.d.1B01F1DE45E5CD8EE2060525E1CE14CE.e.5129/elements - {"using":"css selector","value":"td"}
RESULT: {"using":"css selector","value":"td"}
COMMAND: POST /session/c666597816bb06b037137736d1e0af6d/element/f.E67777013E942907EFF236C95151777C.d.1B01F1DE45E5CD8EE2060525E1CE14CE.e.5130/elements - {"using":"css selector","value":"td"}
RESULT: {"using":"css selector","value":"td"}
COMMAND: POST /session/c666597816bb06b037137736d1e0af6d/element/f.E67777013E942907EFF236C95151777C.d.1B01F1DE45E5CD8EE2060525E1CE14CE.e.5131/elements - {"using":"css selector","value":"td"}
RESULT: {"using":"css selector","value":"td"}
COMMAND: POST /session/c666597816bb06b037137736d1e0af6d/element/f.E67777013E942907EFF236C95151777C.d.1B01F1DE45E5CD8EE2060525E1CE14CE.e.5132/elements - {"using":"css selector","value":"td"}
RESULT: {"using":"css selector","value":"td"}
COMMAND: POST /session/c666597816bb06b037137736d1e0af6d/element/f.E67777013E942907EFF236C95151777C.d.1B01F1DE45E5CD8EE2060525E1CE14CE.e.5133/elements - {"using":"css selector","value":"td"}
RESULT: {"using":"css selector","value":"td"}
COMMAND: POST /session/c666597816bb06b037137736d1e0af6d/element/f.E67777013E942907EFF236C95151777C.d.1B01F1DE45E5CD8EE2060525E1CE14CE.e.5134/elements - {"using":"css selector","value":"td"}
RESULT: {"using":"css selector","value":"td"}
COMMAND: POST /session/c666597816bb06b037137736d1e0af6d/element/f.E67777013E942907EFF236C95151777C.d.1B01F1DE45E5CD8EE2060525E1CE14CE.e.5135/elements - {"using":"css selector","value":"td"}
RESULT: {"using":"css selector","value":"td"}
COMMAND: POST /session/c666597816bb06b037137736d1e0af6d/element/f.E67777013E942907EFF236C95151777C.d.1B01F1DE45E5CD8EE2060525E1CE14CE.e.5136/elements - {"using":"css selector","value":"td"}
RESULT: {"using":"css selector","value":"td"}
COMMAND: POST /session/c666597816bb06b037137736d1e0af6d/element/f.E67777013E942907EFF236C95151777C.d.1B01F1DE45E5CD8EE2060525E1CE14CE.e.6081/elements - {"using":"css selector","value":"td"}
RESULT: {"using":"css selector","value":"td"}
COMMAND: POST /session/c666597816bb06b037137736d1e0af6d/element - {"using":"css selector","value":"#j_username"}
COMMAND: POST /session/c666597816bb06b037137736d1e0af6d/url - {"url":"https://qa-testing-00-live-etm-ui.cfapps.eu10-004.hana.ondemand.com/"}
RESULT: {"url":"https://qa-testing-00-live-etm-ui.cfapps.eu10-004.hana.ondemand.com/"}
RESULT: undefined
COMMAND: GET /session/c666597816bb06b037137736d1e0af6d/screenshot - {}
RESULT: {"using":"css selector","value":"#j_username"}
COMMAND: POST /session/c666597816bb06b037137736d1e0af6d/element - {"using":"css selector","value":"#j_username"}
RESULT: {}
RESULT: {"using":"css selector","value":"#j_username"}
COMMAND: POST /session/c666597816bb06b037137736d1e0af6d/element - {"using":"css selector","value":"#shell-header-logo"}
RESULT: {"using":"css selector","value":"#shell-header-logo"}
COMMAND: POST /session/c666597816bb06b037137736d1e0af6d/execute/sync - {"script":"<script> [8489 bytes]","args":[{"element-6066-11e4-a52e-4f735466cecf":"f.E67777013E942907EFF236C95151777C.d.B463168C4FA1B4CD499CC64D42402FBD.e.6097","ELEMENT":"f.E67777013E942907EFF236C95151777C.d.B463168C4FA1B4CD499CC64D42402FBD.e.6097"}]}
RESULT: {"script":"<script> [8489 bytes]","args":[{"element-6066-11e4-a52e-4f735466cecf":"f.E67777013E942907EFF236C95151777C.d.B463168C4FA1B4CD499CC64D42402FBD.e.6097","ELEMENT":"f.E67777013E942907EFF236C95151777C.d.B463168C4FA1B4CD499CC64D42402FBD.e.6097"}]}
COMMAND: POST /session/c666597816bb06b037137736d1e0af6d/element - {"using":"css selector","value":"#shell-header-logo"}
COMMAND: GET /session/c666597816bb06b037137736d1e0af6d/screenshot - {}
RESULT: {"using":"css selector","value":"#shell-header-logo"}
COMMAND: POST /session/c666597816bb06b037137736d1e0af6d/execute/sync - {"script":"<script> [8489 bytes]","args":[{"element-6066-11e4-a52e-4f735466cecf":"f.E67777013E942907EFF236C95151777C.d.B463168C4FA1B4CD499CC64D42402FBD.e.6097","ELEMENT":"f.E67777013E942907EFF236C95151777C.d.B463168C4FA1B4CD499CC64D42402FBD.e.6097"}]}
RESULT: {}
RESULT: {"script":"<script> [8489 bytes]","args":[{"element-6066-11e4-a52e-4f735466cecf":"f.E67777013E942907EFF236C95151777C.d.B463168C4FA1B4CD499CC64D42402FBD.e.6097","ELEMENT":"f.E67777013E942907EFF236C95151777C.d.B463168C4FA1B4CD499CC64D42402FBD.e.6097"}]}
COMMAND: POST /session/c666597816bb06b037137736d1e0af6d/execute/sync - {"script":"<script> [5351 bytes]","args":[{"element-6066-11e4-a52e-4f735466cecf":"f.E67777013E942907EFF236C95151777C.d.B463168C4FA1B4CD499CC64D42402FBD.e.6097","ELEMENT":"f.E67777013E942907EFF236C95151777C.d.B463168C4FA1B4CD499CC64D42402FBD.e.6097"}]}
COMMAND: GET /session/c666597816bb06b037137736d1e0af6d/screenshot - {}
RESULT: {"script":"<script> [5351 bytes]","args":[{"element-6066-11e4-a52e-4f735466cecf":"f.E67777013E942907EFF236C95151777C.d.B463168C4FA1B4CD499CC64D42402FBD.e.6097","ELEMENT":"f.E67777013E942907EFF236C95151777C.d.B463168C4FA1B4CD499CC64D42402FBD.e.6097"}]}
COMMAND: POST /session/c666597816bb06b037137736d1e0af6d/element - {"using":"css selector","value":"#shell-header-logo"}
COMMAND: GET /session/c666597816bb06b037137736d1e0af6d/screenshot - {}
RESULT: {}
RESULT: {"using":"css selector","value":"#shell-header-logo"}
COMMAND: POST /session/c666597816bb06b037137736d1e0af6d/element/f.E67777013E942907EFF236C95151777C.d.B463168C4FA1B4CD499CC64D42402FBD.e.6097/click - {}
RESULT: {}
RESULT: {}
COMMAND: GET /session/c666597816bb06b037137736d1e0af6d/screenshot - {}
RESULT: {}
COMMAND: POST /session/c666597816bb06b037137736d1e0af6d/execute/async - {"script":"<script> [189 bytes]","args":[]}
RESULT: {"script":"<script> [189 bytes]","args":[]}
COMMAND: POST /session/c666597816bb06b037137736d1e0af6d/execute/async - {"script":"<script> [123 bytes]","args":[]}
RESULT: {"script":"<script> [123 bytes]","args":[]}
COMMAND: POST /session/c666597816bb06b037137736d1e0af6d/timeouts - {"script":"<number>"}
RESULT: {"script":"<number>"}
COMMAND: GET /session/c666597816bb06b037137736d1e0af6d/timeouts - {}
RESULT: {}
RESULT: undefined
COMMAND: POST /session/c666597816bb06b037137736d1e0af6d/execute/async - {"script":"<script> [2676 bytes]","args":[]}
RESULT: {"script":"<script> [2676 bytes]","args":[]}
COMMAND: POST /session/c666597816bb06b037137736d1e0af6d/execute/async - {"script":"<script> [2342 bytes]","args":[{"protocol":"http","hostname":"0.0.0.0","path":"/","capabilities":{"browserName":"chrome","goog:chromeOptions":{"binary":"C:\\Program Files\\Google\\Chrome\\Application\\chrome.exe","args":["--start-maximized"]}},"logLevel":"warn","connectionRetryTimeout":120000,"connectionRetryCount":3,"logLevels":{},"enableDirectConnect":true,"strictSSL":true,"_":"65 more keys: [\"cacheDir\",\"port\",\"requestedCapabilities\",\"automationProtocol\",\"baseUrl\",\"waitforInterval\",\"waitforTimeout\",\"onReload\",\"beforeCommand\",\"afterCommand\",\"rootDir\",\"specs\",\"suites\",\"exclude\",\"groupLogsByTestSpec\",\"excludeDriverLogs\",\"bail\",\"framework\",\"reporters\",\"services\",\"maxInstances\",\"maxInstancesPerCapability\",\"injectGlobals\",\"filesToWatch\",\"execArgv\",\"runnerEnv\",\"runner\",\"shard\",\"specFileRetries\",\"specFileRetriesDelay\",\"specFileRetriesDeferred\",\"reporterSyncInterval\",\"reporterSyncTimeout\",\"cucumberFeaturesWithLineNumbers\",\"autoCompileOpts\",\"mochaOpts\",\"jasmineOpts\",\"cucumberOpts\",\"onPrepare\",\"onWorkerStart\",\"onWorkerEnd\",\"before\",\"beforeSession\",\"beforeSuite\",\"beforeHook\",\"beforeTest\",\"afterTest\",\"afterHook\",\"afterSuite\",\"afterSession\",\"after\",\"onComplete\",\"beforeAssertion\",\"afterAssertion\",\"beforeFeature\",\"beforeScenario\",\"beforeStep\",\"afterStep\",\"afterScenario\",\"afterFeature\",\"_\",\"suite\",\"$0\",\"ignoredWorkerServices\",\"wdi5\"]"}]}
RESULT: {"script":"<script> [2342 bytes]","args":[{"protocol":"http","hostname":"0.0.0.0","path":"/","capabilities":{"browserName":"chrome","goog:chromeOptions":{"binary":"C:\\Program Files\\Google\\Chrome\\Application\\chrome.exe","args":["--start-maximized"]}},"logLevel":"warn","connectionRetryTimeout":120000,"connectionRetryCount":3,"logLevels":{},"enableDirectConnect":true,"strictSSL":true,"_":"65 more keys: [\"cacheDir\",\"port\",\"requestedCapabilities\",\"automationProtocol\",\"baseUrl\",\"waitforInterval\",\"waitforTimeout\",\"onReload\",\"beforeCommand\",\"afterCommand\",\"rootDir\",\"specs\",\"suites\",\"exclude\",\"groupLogsByTestSpec\",\"excludeDriverLogs\",\"bail\",\"framework\",\"reporters\",\"services\",\"maxInstances\",\"maxInstancesPerCapability\",\"injectGlobals\",\"filesToWatch\",\"execArgv\",\"runnerEnv\",\"runner\",\"shard\",\"specFileRetries\",\"specFileRetriesDelay\",\"specFileRetriesDeferred\",\"reporterSyncInterval\",\"reporterSyncTimeout\",\"cucumberFeaturesWithLineNumbers\",\"autoCompileOpts\",\"mochaOpts\",\"jasmineOpts\",\"cucumberOpts\",\"onPrepare\",\"onWorkerStart\",\"onWorkerEnd\",\"before\",\"beforeSession\",\"beforeSuite\",\"beforeHook\",\"beforeTest\",\"afterTest\",\"afterHook\",\"afterSuite\",\"afterSession\",\"after\",\"onComplete\",\"beforeAssertion\",\"afterAssertion\",\"beforeFeature\",\"beforeScenario\",\"beforeStep\",\"afterStep\",\"afterScenario\",\"afterFeature\",\"_\",\"suite\",\"$0\",\"ignoredWorkerServices\",\"wdi5\"]"}]}
COMMAND: POST /session/c666597816bb06b037137736d1e0af6d/execute/async - {"script":"<script> [21126 bytes]","args":[35000]}
RESULT: {"script":"<script> [21126 bytes]","args":[35000]}
COMMAND: POST /session/c666597816bb06b037137736d1e0af6d/window/maximize - {}
RESULT: {}
COMMAND: POST /session/c666597816bb06b037137736d1e0af6d/execute/async - {"script":"<script> [1562 bytes]","args":[{"selector":{"id":"shell-header","interaction":{"idSuffix":"icon"}},"wdio_ui5_key":"shellheader"}]}
COMMAND: GET /session/c666597816bb06b037137736d1e0af6d/screenshot - {}
RESULT: {"script":"<script> [1562 bytes]","args":[{"selector":{"id":"shell-header","interaction":{"idSuffix":"icon"}},"wdio_ui5_key":"shellheader"}]}
RESULT: undefined
COMMAND: POST /session/c666597816bb06b037137736d1e0af6d/refresh - {}
RESULT: {}
RESULT: {}
COMMAND: GET /session/c666597816bb06b037137736d1e0af6d/screenshot - {}
RESULT: {}
COMMAND: POST /session/c666597816bb06b037137736d1e0af6d/refresh - {}
RESULT: {}
COMMAND: GET /session/c666597816bb06b037137736d1e0af6d/screenshot - {}
RESULT: {}
COMMAND: POST /session/c666597816bb06b037137736d1e0af6d/window/fullscreen - {}
RESULT: {}
COMMAND: POST /session/c666597816bb06b037137736d1e0af6d/execute/async - {"script":"<script> [189 bytes]","args":[]}
RESULT: {"script":"<script> [189 bytes]","args":[]}
COMMAND: POST /session/c666597816bb06b037137736d1e0af6d/execute/async - {"script":"<script> [123 bytes]","args":[]}
RESULT: {"script":"<script> [123 bytes]","args":[]}
COMMAND: POST /session/c666597816bb06b037137736d1e0af6d/timeouts - {"script":"<number>"}
RESULT: {"script":"<number>"}
COMMAND: GET /session/c666597816bb06b037137736d1e0af6d/timeouts - {}
RESULT: {}
RESULT: undefined
COMMAND: POST /session/c666597816bb06b037137736d1e0af6d/execute/async - {"script":"<script> [2676 bytes]","args":[]}
RESULT: {"script":"<script> [2676 bytes]","args":[]}
COMMAND: POST /session/c666597816bb06b037137736d1e0af6d/execute/async - {"script":"<script> [2342 bytes]","args":[{"protocol":"http","hostname":"0.0.0.0","path":"/","capabilities":{"browserName":"chrome","goog:chromeOptions":{"binary":"C:\\Program Files\\Google\\Chrome\\Application\\chrome.exe","args":["--start-maximized"]}},"logLevel":"warn","connectionRetryTimeout":120000,"connectionRetryCount":3,"logLevels":{},"enableDirectConnect":true,"strictSSL":true,"_":"65 more keys: [\"cacheDir\",\"port\",\"requestedCapabilities\",\"automationProtocol\",\"baseUrl\",\"waitforInterval\",\"waitforTimeout\",\"onReload\",\"beforeCommand\",\"afterCommand\",\"rootDir\",\"specs\",\"suites\",\"exclude\",\"groupLogsByTestSpec\",\"excludeDriverLogs\",\"bail\",\"framework\",\"reporters\",\"services\",\"maxInstances\",\"maxInstancesPerCapability\",\"injectGlobals\",\"filesToWatch\",\"execArgv\",\"runnerEnv\",\"runner\",\"shard\",\"specFileRetries\",\"specFileRetriesDelay\",\"specFileRetriesDeferred\",\"reporterSyncInterval\",\"reporterSyncTimeout\",\"cucumberFeaturesWithLineNumbers\",\"autoCompileOpts\",\"mochaOpts\",\"jasmineOpts\",\"cucumberOpts\",\"onPrepare\",\"onWorkerStart\",\"onWorkerEnd\",\"before\",\"beforeSession\",\"beforeSuite\",\"beforeHook\",\"beforeTest\",\"afterTest\",\"afterHook\",\"afterSuite\",\"afterSession\",\"after\",\"onComplete\",\"beforeAssertion\",\"afterAssertion\",\"beforeFeature\",\"beforeScenario\",\"beforeStep\",\"afterStep\",\"afterScenario\",\"afterFeature\",\"_\",\"suite\",\"$0\",\"ignoredWorkerServices\",\"wdi5\"]"}]}
RESULT: {"script":"<script> [2342 bytes]","args":[{"protocol":"http","hostname":"0.0.0.0","path":"/","capabilities":{"browserName":"chrome","goog:chromeOptions":{"binary":"C:\\Program Files\\Google\\Chrome\\Application\\chrome.exe","args":["--start-maximized"]}},"logLevel":"warn","connectionRetryTimeout":120000,"connectionRetryCount":3,"logLevels":{},"enableDirectConnect":true,"strictSSL":true,"_":"65 more keys: [\"cacheDir\",\"port\",\"requestedCapabilities\",\"automationProtocol\",\"baseUrl\",\"waitforInterval\",\"waitforTimeout\",\"onReload\",\"beforeCommand\",\"afterCommand\",\"rootDir\",\"specs\",\"suites\",\"exclude\",\"groupLogsByTestSpec\",\"excludeDriverLogs\",\"bail\",\"framework\",\"reporters\",\"services\",\"maxInstances\",\"maxInstancesPerCapability\",\"injectGlobals\",\"filesToWatch\",\"execArgv\",\"runnerEnv\",\"runner\",\"shard\",\"specFileRetries\",\"specFileRetriesDelay\",\"specFileRetriesDeferred\",\"reporterSyncInterval\",\"reporterSyncTimeout\",\"cucumberFeaturesWithLineNumbers\",\"autoCompileOpts\",\"mochaOpts\",\"jasmineOpts\",\"cucumberOpts\",\"onPrepare\",\"onWorkerStart\",\"onWorkerEnd\",\"before\",\"beforeSession\",\"beforeSuite\",\"beforeHook\",\"beforeTest\",\"afterTest\",\"afterHook\",\"afterSuite\",\"afterSession\",\"after\",\"onComplete\",\"beforeAssertion\",\"afterAssertion\",\"beforeFeature\",\"beforeScenario\",\"beforeStep\",\"afterStep\",\"afterScenario\",\"afterFeature\",\"_\",\"suite\",\"$0\",\"ignoredWorkerServices\",\"wdi5\"]"}]}
COMMAND: POST /session/c666597816bb06b037137736d1e0af6d/execute/async - {"script":"<script> [21126 bytes]","args":[35000]}
RESULT: {"script":"<script> [21126 bytes]","args":[35000]}
]]></system-out>
    </testcase>
  </testsuite>
  <testsuite timestamp="2025-05-16T05:58:37" time="460.15" tests="9" failures="0" errors="0" skipped="0">
    <properties>
      <property name="specId" value="0" />
      <property name="suiteName" value="US134625 Set up price condition - one time" />
      <property name="capabilities" value="chrome.136_0_7103_93.windows" />
      <property name="file" value="file:///D:/a/1/s/test/specs/BTS/set-up-price-condition-one-time.spec.js" />
    </properties>
    <testcase classname="chrome.136_0_7103_93.windows.US134625_Set_up_price_condition_-_one_time" name="Should create a new yard used for all following tests" time="0.022">
      <system-out><![CDATA[
COMMAND: POST /session/c666597816bb06b037137736d1e0af6d/window/fullscreen - {}
RESULT: {}
]]></system-out>
    </testcase>
    <testcase classname="chrome.136_0_7103_93.windows.US134625_Set_up_price_condition_-_one_time" name="Should create a new partner" time="0.005" />
    <testcase classname="chrome.136_0_7103_93.windows.US134625_Set_up_price_condition_-_one_time" name="Should create a new site used for following tests" time="0.004" />
    <testcase classname="chrome.136_0_7103_93.windows.US134625_Set_up_price_condition_-_one_time" name="Should create a new material for billing type one time" time="131.636">
      <system-out><![CDATA[
COMMAND: POST /session/c666597816bb06b037137736d1e0af6d/execute/async - {"script":"<script> [1562 bytes]","args":[{"selector":{"controlType":"sap.m.GenericTile","properties":{"header":"Manage Resources"}},"wdio_ui5_key":"sapm.GenericTile{\"header\":\"Manage Resources\"}"}]}
RESULT: {"script":"<script> [1562 bytes]","args":[{"selector":{"controlType":"sap.m.GenericTile","properties":{"header":"Manage Resources"}},"wdio_ui5_key":"sapm.GenericTile{\"header\":\"Manage Resources\"}"}]}
RESULT: undefined
COMMAND: POST /session/c666597816bb06b037137736d1e0af6d/element - {"using":"xpath","value":"//*[@id=\"__tile39\"]"}
RESULT: {"using":"xpath","value":"//*[@id=\"__tile39\"]"}
COMMAND: POST /session/c666597816bb06b037137736d1e0af6d/element/f.E67777013E942907EFF236C95151777C.d.A3E9A910A958B57350D55BEB37BD6887.e.6253/click - {}
RESULT: {}
COMMAND: GET /session/c666597816bb06b037137736d1e0af6d/screenshot - {}
RESULT: {}
COMMAND: POST /session/c666597816bb06b037137736d1e0af6d/elements - {"using":"xpath","value":"//span[text()='Error']"}
RESULT: {"using":"xpath","value":"//span[text()='Error']"}
COMMAND: POST /session/c666597816bb06b037137736d1e0af6d/element - {"using":"xpath","value":"//button[@data-kt=\"addNewRUOverflowToolbarButton\"]"}
RESULT: {"using":"xpath","value":"//button[@data-kt=\"addNewRUOverflowToolbarButton\"]"}
COMMAND: POST /session/c666597816bb06b037137736d1e0af6d/elements - {"using":"xpath","value":"//button[@data-kt=\"addNewRUOverflowToolbarButton\"]"}
RESULT: {"using":"xpath","value":"//button[@data-kt=\"addNewRUOverflowToolbarButton\"]"}
COMMAND: POST /session/c666597816bb06b037137736d1e0af6d/elements - {"using":"xpath","value":"//button[@data-kt=\"addNewRUOverflowToolbarButton\"]"}
RESULT: {"using":"xpath","value":"//button[@data-kt=\"addNewRUOverflowToolbarButton\"]"}
COMMAND: POST /session/c666597816bb06b037137736d1e0af6d/elements - {"using":"xpath","value":"//button[@data-kt=\"addNewRUOverflowToolbarButton\"]"}
RESULT: {"using":"xpath","value":"//button[@data-kt=\"addNewRUOverflowToolbarButton\"]"}
COMMAND: POST /session/c666597816bb06b037137736d1e0af6d/elements - {"using":"xpath","value":"//button[@data-kt=\"addNewRUOverflowToolbarButton\"]"}
RESULT: {"using":"xpath","value":"//button[@data-kt=\"addNewRUOverflowToolbarButton\"]"}
COMMAND: POST /session/c666597816bb06b037137736d1e0af6d/elements - {"using":"xpath","value":"//button[@data-kt=\"addNewRUOverflowToolbarButton\"]"}
RESULT: {"using":"xpath","value":"//button[@data-kt=\"addNewRUOverflowToolbarButton\"]"}
COMMAND: POST /session/c666597816bb06b037137736d1e0af6d/elements - {"using":"xpath","value":"//button[@data-kt=\"addNewRUOverflowToolbarButton\"]"}
RESULT: {"using":"xpath","value":"//button[@data-kt=\"addNewRUOverflowToolbarButton\"]"}
COMMAND: POST /session/c666597816bb06b037137736d1e0af6d/elements - {"using":"xpath","value":"//button[@data-kt=\"addNewRUOverflowToolbarButton\"]"}
RESULT: {"using":"xpath","value":"//button[@data-kt=\"addNewRUOverflowToolbarButton\"]"}
COMMAND: POST /session/c666597816bb06b037137736d1e0af6d/elements - {"using":"xpath","value":"//button[@data-kt=\"addNewRUOverflowToolbarButton\"]"}
RESULT: {"using":"xpath","value":"//button[@data-kt=\"addNewRUOverflowToolbarButton\"]"}
COMMAND: POST /session/c666597816bb06b037137736d1e0af6d/elements - {"using":"xpath","value":"//button[@data-kt=\"addNewRUOverflowToolbarButton\"]"}
RESULT: {"using":"xpath","value":"//button[@data-kt=\"addNewRUOverflowToolbarButton\"]"}
COMMAND: POST /session/c666597816bb06b037137736d1e0af6d/elements - {"using":"xpath","value":"//button[@data-kt=\"addNewRUOverflowToolbarButton\"]"}
RESULT: {"using":"xpath","value":"//button[@data-kt=\"addNewRUOverflowToolbarButton\"]"}
COMMAND: POST /session/c666597816bb06b037137736d1e0af6d/elements - {"using":"xpath","value":"//button[@data-kt=\"addNewRUOverflowToolbarButton\"]"}
RESULT: {"using":"xpath","value":"//button[@data-kt=\"addNewRUOverflowToolbarButton\"]"}
COMMAND: POST /session/c666597816bb06b037137736d1e0af6d/elements - {"using":"xpath","value":"//button[@data-kt=\"addNewRUOverflowToolbarButton\"]"}
RESULT: {"using":"xpath","value":"//button[@data-kt=\"addNewRUOverflowToolbarButton\"]"}
COMMAND: POST /session/c666597816bb06b037137736d1e0af6d/elements - {"using":"xpath","value":"//button[@data-kt=\"addNewRUOverflowToolbarButton\"]"}
RESULT: {"using":"xpath","value":"//button[@data-kt=\"addNewRUOverflowToolbarButton\"]"}
COMMAND: POST /session/c666597816bb06b037137736d1e0af6d/elements - {"using":"xpath","value":"//button[@data-kt=\"addNewRUOverflowToolbarButton\"]"}
RESULT: {"using":"xpath","value":"//button[@data-kt=\"addNewRUOverflowToolbarButton\"]"}
COMMAND: POST /session/c666597816bb06b037137736d1e0af6d/elements - {"using":"xpath","value":"//button[@data-kt=\"addNewRUOverflowToolbarButton\"]"}
RESULT: {"using":"xpath","value":"//button[@data-kt=\"addNewRUOverflowToolbarButton\"]"}
COMMAND: POST /session/c666597816bb06b037137736d1e0af6d/elements - {"using":"xpath","value":"//button[@data-kt=\"addNewRUOverflowToolbarButton\"]"}
RESULT: {"using":"xpath","value":"//button[@data-kt=\"addNewRUOverflowToolbarButton\"]"}
COMMAND: POST /session/c666597816bb06b037137736d1e0af6d/element - {"using":"xpath","value":"//button[@data-kt=\"addNewRUOverflowToolbarButton\"]"}
RESULT: {"using":"xpath","value":"//button[@data-kt=\"addNewRUOverflowToolbarButton\"]"}
COMMAND: POST /session/c666597816bb06b037137736d1e0af6d/execute/sync - {"script":"<script> [8489 bytes]","args":[{"element-6066-11e4-a52e-4f735466cecf":"f.E67777013E942907EFF236C95151777C.d.A3E9A910A958B57350D55BEB37BD6887.e.6393","ELEMENT":"f.E67777013E942907EFF236C95151777C.d.A3E9A910A958B57350D55BEB37BD6887.e.6393"}]}
RESULT: {"script":"<script> [8489 bytes]","args":[{"element-6066-11e4-a52e-4f735466cecf":"f.E67777013E942907EFF236C95151777C.d.A3E9A910A958B57350D55BEB37BD6887.e.6393","ELEMENT":"f.E67777013E942907EFF236C95151777C.d.A3E9A910A958B57350D55BEB37BD6887.e.6393"}]}
COMMAND: GET /session/c666597816bb06b037137736d1e0af6d/element/f.E67777013E942907EFF236C95151777C.d.A3E9A910A958B57350D55BEB37BD6887.e.6393/enabled - {}
COMMAND: GET /session/c666597816bb06b037137736d1e0af6d/screenshot - {}
RESULT: {}
COMMAND: POST /session/c666597816bb06b037137736d1e0af6d/execute/sync - {"script":"<script> [8489 bytes]","args":[{"element-6066-11e4-a52e-4f735466cecf":"f.E67777013E942907EFF236C95151777C.d.A3E9A910A958B57350D55BEB37BD6887.e.6393","ELEMENT":"f.E67777013E942907EFF236C95151777C.d.A3E9A910A958B57350D55BEB37BD6887.e.6393"}]}
COMMAND: GET /session/c666597816bb06b037137736d1e0af6d/screenshot - {}
RESULT: {}
RESULT: {"script":"<script> [8489 bytes]","args":[{"element-6066-11e4-a52e-4f735466cecf":"f.E67777013E942907EFF236C95151777C.d.A3E9A910A958B57350D55BEB37BD6887.e.6393","ELEMENT":"f.E67777013E942907EFF236C95151777C.d.A3E9A910A958B57350D55BEB37BD6887.e.6393"}]}
COMMAND: POST /session/c666597816bb06b037137736d1e0af6d/execute/sync - {"script":"<script> [5351 bytes]","args":[{"element-6066-11e4-a52e-4f735466cecf":"f.E67777013E942907EFF236C95151777C.d.A3E9A910A958B57350D55BEB37BD6887.e.6393","ELEMENT":"f.E67777013E942907EFF236C95151777C.d.A3E9A910A958B57350D55BEB37BD6887.e.6393"}]}
COMMAND: GET /session/c666597816bb06b037137736d1e0af6d/screenshot - {}
RESULT: {}
RESULT: {"script":"<script> [5351 bytes]","args":[{"element-6066-11e4-a52e-4f735466cecf":"f.E67777013E942907EFF236C95151777C.d.A3E9A910A958B57350D55BEB37BD6887.e.6393","ELEMENT":"f.E67777013E942907EFF236C95151777C.d.A3E9A910A958B57350D55BEB37BD6887.e.6393"}]}
COMMAND: POST /session/c666597816bb06b037137736d1e0af6d/element/f.E67777013E942907EFF236C95151777C.d.A3E9A910A958B57350D55BEB37BD6887.e.6393/click - {}
COMMAND: GET /session/c666597816bb06b037137736d1e0af6d/screenshot - {}
RESULT: {}
RESULT: {}
COMMAND: GET /session/c666597816bb06b037137736d1e0af6d/screenshot - {}
COMMAND: POST /session/c666597816bb06b037137736d1e0af6d/execute/async - {"script":"<script> [1562 bytes]","args":[{"selector":{"id":"application-manageresources-display-component---newResourceUnit--TYPE-arrow"},"wdio_ui5_key":"applicationmanageresources-display-component---newResourceUnit--TYPE-arrow"}]}
RESULT: {}
RESULT: {}
RESULT: {"script":"<script> [1562 bytes]","args":[{"selector":{"id":"application-manageresources-display-component---newResourceUnit--TYPE-arrow"},"wdio_ui5_key":"applicationmanageresources-display-component---newResourceUnit--TYPE-arrow"}]}
RESULT: undefined
COMMAND: POST /session/c666597816bb06b037137736d1e0af6d/element - {"using":"xpath","value":"//*[@id=\"application-manageresources-display-component---newResourceUnit--TYPE-arrow\"]"}
RESULT: {"using":"xpath","value":"//*[@id=\"application-manageresources-display-component---newResourceUnit--TYPE-arrow\"]"}
COMMAND: POST /session/c666597816bb06b037137736d1e0af6d/element/f.E67777013E942907EFF236C95151777C.d.A3E9A910A958B57350D55BEB37BD6887.e.6750/click - {}
RESULT: {}
COMMAND: POST /session/c666597816bb06b037137736d1e0af6d/element - {"using":"xpath","value":"//input[@id=\"application-manageresources-display-component---newResourceUnit--TYPE-inner\"]"}
COMMAND: GET /session/c666597816bb06b037137736d1e0af6d/screenshot - {}
RESULT: {"using":"xpath","value":"//input[@id=\"application-manageresources-display-component---newResourceUnit--TYPE-inner\"]"}
COMMAND: POST /session/c666597816bb06b037137736d1e0af6d/element/f.E67777013E942907EFF236C95151777C.d.A3E9A910A958B57350D55BEB37BD6887.e.6747/clear - {}
RESULT: {}
RESULT: {}
COMMAND: POST /session/c666597816bb06b037137736d1e0af6d/element/f.E67777013E942907EFF236C95151777C.d.A3E9A910A958B57350D55BEB37BD6887.e.6747/value - {"text":"Material"}
COMMAND: GET /session/c666597816bb06b037137736d1e0af6d/screenshot - {}
RESULT: {"text":"Material"}
COMMAND: GET /session/c666597816bb06b037137736d1e0af6d/screenshot - {}
RESULT: {}
RESULT: {}
COMMAND: POST /session/c666597816bb06b037137736d1e0af6d/actions - {"actions":[{"id":"action19","type":"key","parameters":{},"actions":[{"type":"keyDown","value":"î€‡"},{"type":"pause","duration":10},{"type":"keyUp","value":"î€‡"}]}]}
RESULT: {"actions":[{"id":"action19","type":"key","parameters":{},"actions":[{"type":"keyDown","value":"î€‡"},{"type":"pause","duration":10},{"type":"keyUp","value":"î€‡"}]}]}
COMMAND: POST /session/c666597816bb06b037137736d1e0af6d/execute/async - {"script":"<script> [1562 bytes]","args":[{"selector":{"id":"application-manageresources-display-component---newResourceUnit--SHORT_TEXT","interaction":{"idSuffix":"inner"}},"wdio_ui5_key":"applicationmanageresources-display-component---newResourceUnit--SHORT_TEXT"}]}
COMMAND: GET /session/c666597816bb06b037137736d1e0af6d/screenshot - {}
RESULT: {"script":"<script> [1562 bytes]","args":[{"selector":{"id":"application-manageresources-display-component---newResourceUnit--SHORT_TEXT","interaction":{"idSuffix":"inner"}},"wdio_ui5_key":"applicationmanageresources-display-component---newResourceUnit--SHORT_TEXT"}]}
RESULT: undefined
COMMAND: POST /session/c666597816bb06b037137736d1e0af6d/execute/async - {"script":"<script> [776 bytes]","args":[{"enterText":"Cement WDIO","selector":{"id":"application-manageresources-display-component---newResourceUnit--SHORT_TEXT","interaction":{"idSuffix":"inner"}},"clearTextFirst":true,"interactionType":"ENTER_TEXT"}]}
RESULT: {}
RESULT: {"script":"<script> [776 bytes]","args":[{"enterText":"Cement WDIO","selector":{"id":"application-manageresources-display-component---newResourceUnit--SHORT_TEXT","interaction":{"idSuffix":"inner"}},"clearTextFirst":true,"interactionType":"ENTER_TEXT"}]}
COMMAND: POST /session/c666597816bb06b037137736d1e0af6d/execute/async - {"script":"<script> [1562 bytes]","args":[{"selector":{"id":"application-manageresources-display-component---newResourceUnit--BASE_UNIT_OF_MEASURE","interaction":{"idSuffix":"inner"}},"wdio_ui5_key":"applicationmanageresources-display-component---newResourceUnit--BASE_UNIT_OF_MEASURE"}]}
RESULT: {"script":"<script> [1562 bytes]","args":[{"selector":{"id":"application-manageresources-display-component---newResourceUnit--BASE_UNIT_OF_MEASURE","interaction":{"idSuffix":"inner"}},"wdio_ui5_key":"applicationmanageresources-display-component---newResourceUnit--BASE_UNIT_OF_MEASURE"}]}
RESULT: undefined
COMMAND: POST /session/c666597816bb06b037137736d1e0af6d/execute/async - {"script":"<script> [776 bytes]","args":[{"enterText":"Piece","selector":{"id":"application-manageresources-display-component---newResourceUnit--BASE_UNIT_OF_MEASURE","interaction":{"idSuffix":"inner"}},"clearTextFirst":true,"interactionType":"ENTER_TEXT"}]}
RESULT: {"script":"<script> [776 bytes]","args":[{"enterText":"Piece","selector":{"id":"application-manageresources-display-component---newResourceUnit--BASE_UNIT_OF_MEASURE","interaction":{"idSuffix":"inner"}},"clearTextFirst":true,"interactionType":"ENTER_TEXT"}]}
COMMAND: POST /session/c666597816bb06b037137736d1e0af6d/execute/async - {"script":"<script> [1562 bytes]","args":[{"selector":{"id":"application-manageresources-display-component---newResourceUnit--WEIGHT_UNIT","interaction":{"idSuffix":"inner"}},"wdio_ui5_key":"applicationmanageresources-display-component---newResourceUnit--WEIGHT_UNIT"}]}
RESULT: {"script":"<script> [1562 bytes]","args":[{"selector":{"id":"application-manageresources-display-component---newResourceUnit--WEIGHT_UNIT","interaction":{"idSuffix":"inner"}},"wdio_ui5_key":"applicationmanageresources-display-component---newResourceUnit--WEIGHT_UNIT"}]}
RESULT: undefined
COMMAND: POST /session/c666597816bb06b037137736d1e0af6d/execute/async - {"script":"<script> [776 bytes]","args":[{"enterText":"Gram","selector":{"id":"application-manageresources-display-component---newResourceUnit--WEIGHT_UNIT","interaction":{"idSuffix":"inner"}},"clearTextFirst":true,"interactionType":"ENTER_TEXT"}]}
RESULT: {"script":"<script> [776 bytes]","args":[{"enterText":"Gram","selector":{"id":"application-manageresources-display-component---newResourceUnit--WEIGHT_UNIT","interaction":{"idSuffix":"inner"}},"clearTextFirst":true,"interactionType":"ENTER_TEXT"}]}
COMMAND: POST /session/c666597816bb06b037137736d1e0af6d/execute/async - {"script":"<script> [1562 bytes]","args":[{"selector":{"id":"application-manageresources-display-component---newResourceUnit--DIMENSION_UNIT","interaction":{"idSuffix":"inner"}},"wdio_ui5_key":"applicationmanageresources-display-component---newResourceUnit--DIMENSION_UNIT"}]}
RESULT: {"script":"<script> [1562 bytes]","args":[{"selector":{"id":"application-manageresources-display-component---newResourceUnit--DIMENSION_UNIT","interaction":{"idSuffix":"inner"}},"wdio_ui5_key":"applicationmanageresources-display-component---newResourceUnit--DIMENSION_UNIT"}]}
RESULT: undefined
COMMAND: POST /session/c666597816bb06b037137736d1e0af6d/execute/async - {"script":"<script> [776 bytes]","args":[{"enterText":"Meter","selector":{"id":"application-manageresources-display-component---newResourceUnit--DIMENSION_UNIT","interaction":{"idSuffix":"inner"}},"clearTextFirst":true,"interactionType":"ENTER_TEXT"}]}
RESULT: {"script":"<script> [776 bytes]","args":[{"enterText":"Meter","selector":{"id":"application-manageresources-display-component---newResourceUnit--DIMENSION_UNIT","interaction":{"idSuffix":"inner"}},"clearTextFirst":true,"interactionType":"ENTER_TEXT"}]}
COMMAND: POST /session/c666597816bb06b037137736d1e0af6d/execute/async - {"script":"<script> [1562 bytes]","args":[{"selector":{"id":"application-manageresources-display-component---newResourceUnit--newRRUPage-anchBar-application-manageresources-display-component---newResourceUnit--control-anchor","interaction":{"idSuffix":"BDI-content"}},"wdio_ui5_key":"applicationmanageresources-display-component---newResourceUnit--newRRUPage-anchBar-application-manageresources-display-component---newResourceUnit--control-anchor"}]}
RESULT: {"script":"<script> [1562 bytes]","args":[{"selector":{"id":"application-manageresources-display-component---newResourceUnit--newRRUPage-anchBar-application-manageresources-display-component---newResourceUnit--control-anchor","interaction":{"idSuffix":"BDI-content"}},"wdio_ui5_key":"applicationmanageresources-display-component---newResourceUnit--newRRUPage-anchBar-application-manageresources-display-component---newResourceUnit--control-anchor"}]}
RESULT: undefined
COMMAND: POST /session/c666597816bb06b037137736d1e0af6d/element - {"using":"xpath","value":"//*[@id=\"application-manageresources-display-component---newResourceUnit--newRRUPage-anchBar-application-manageresources-display-component---newResourceUnit--control-anchor\"]"}
RESULT: {"using":"xpath","value":"//*[@id=\"application-manageresources-display-component---newResourceUnit--newRRUPage-anchBar-application-manageresources-display-component---newResourceUnit--control-anchor\"]"}
COMMAND: POST /session/c666597816bb06b037137736d1e0af6d/element/f.E67777013E942907EFF236C95151777C.d.A3E9A910A958B57350D55BEB37BD6887.e.6815/click - {}
RESULT: {}
COMMAND: POST /session/c666597816bb06b037137736d1e0af6d/execute/async - {"script":"<script> [1562 bytes]","args":[{"selector":{"id":"application-manageresources-display-component---newResourceUnit--PLANNING_GROUP","interaction":{"idSuffix":"inner"}},"wdio_ui5_key":"applicationmanageresources-display-component---newResourceUnit--PLANNING_GROUP"}]}
COMMAND: GET /session/c666597816bb06b037137736d1e0af6d/screenshot - {}
RESULT: {"script":"<script> [1562 bytes]","args":[{"selector":{"id":"application-manageresources-display-component---newResourceUnit--PLANNING_GROUP","interaction":{"idSuffix":"inner"}},"wdio_ui5_key":"applicationmanageresources-display-component---newResourceUnit--PLANNING_GROUP"}]}
RESULT: undefined
COMMAND: POST /session/c666597816bb06b037137736d1e0af6d/execute/async - {"script":"<script> [776 bytes]","args":[{"enterText":"Material","selector":{"id":"application-manageresources-display-component---newResourceUnit--PLANNING_GROUP","interaction":{"idSuffix":"inner"}},"clearTextFirst":true,"interactionType":"ENTER_TEXT"}]}
RESULT: {}
RESULT: {"script":"<script> [776 bytes]","args":[{"enterText":"Material","selector":{"id":"application-manageresources-display-component---newResourceUnit--PLANNING_GROUP","interaction":{"idSuffix":"inner"}},"clearTextFirst":true,"interactionType":"ENTER_TEXT"}]}
COMMAND: POST /session/c666597816bb06b037137736d1e0af6d/execute/async - {"script":"<script> [1562 bytes]","args":[{"selector":{"id":"application-manageresources-display-component---newResourceUnit--PLANNING_INDICATOR","interaction":{"idSuffix":"inner"}},"wdio_ui5_key":"applicationmanageresources-display-component---newResourceUnit--PLANNING_INDICATOR"}]}
RESULT: {"script":"<script> [1562 bytes]","args":[{"selector":{"id":"application-manageresources-display-component---newResourceUnit--PLANNING_INDICATOR","interaction":{"idSuffix":"inner"}},"wdio_ui5_key":"applicationmanageresources-display-component---newResourceUnit--PLANNING_INDICATOR"}]}
RESULT: undefined
COMMAND: POST /session/c666597816bb06b037137736d1e0af6d/execute/async - {"script":"<script> [776 bytes]","args":[{"enterText":"10 - infinite","selector":{"id":"application-manageresources-display-component---newResourceUnit--PLANNING_INDICATOR","interaction":{"idSuffix":"inner"}},"clearTextFirst":true,"interactionType":"ENTER_TEXT"}]}
RESULT: {"script":"<script> [776 bytes]","args":[{"enterText":"10 - infinite","selector":{"id":"application-manageresources-display-component---newResourceUnit--PLANNING_INDICATOR","interaction":{"idSuffix":"inner"}},"clearTextFirst":true,"interactionType":"ENTER_TEXT"}]}
COMMAND: POST /session/c666597816bb06b037137736d1e0af6d/element - {"using":"css selector","value":"#application-manageresources-display-component---newResourceUnit--btnAddTimeSegment"}
RESULT: {"using":"css selector","value":"#application-manageresources-display-component---newResourceUnit--btnAddTimeSegment"}
COMMAND: GET /session/c666597816bb06b037137736d1e0af6d/element/f.E67777013E942907EFF236C95151777C.d.A3E9A910A958B57350D55BEB37BD6887.e.6825/rect - {}
RESULT: {}
COMMAND: GET /session/c666597816bb06b037137736d1e0af6d/window/rect - {}
RESULT: {}
COMMAND: POST /session/c666597816bb06b037137736d1e0af6d/execute/sync - {"script":"<script> [92 bytes]","args":[]}
RESULT: {"script":"<script> [92 bytes]","args":[]}
COMMAND: POST /session/c666597816bb06b037137736d1e0af6d/actions - {"actions":[{"id":"action20","type":"wheel","parameters":{},"actions":[{"type":"scroll","x":-1888,"y":-32,"deltaX":0,"deltaY":0,"duration":0,"origin":{"element-6066-11e4-a52e-4f735466cecf":"f.E67777013E942907EFF236C95151777C.d.A3E9A910A958B57350D55BEB37BD6887.e.6825"}}]}]}
COMMAND: GET /session/c666597816bb06b037137736d1e0af6d/screenshot - {}
RESULT: {}
COMMAND: POST /session/c666597816bb06b037137736d1e0af6d/execute/sync - {"script":"<script> [79 bytes]","args":[{"element-6066-11e4-a52e-4f735466cecf":"f.E67777013E942907EFF236C95151777C.d.A3E9A910A958B57350D55BEB37BD6887.e.6825","ELEMENT":"f.E67777013E942907EFF236C95151777C.d.A3E9A910A958B57350D55BEB37BD6887.e.6825"},{"block":"start","inline":"nearest"}]}
RESULT: {"script":"<script> [79 bytes]","args":[{"element-6066-11e4-a52e-4f735466cecf":"f.E67777013E942907EFF236C95151777C.d.A3E9A910A958B57350D55BEB37BD6887.e.6825","ELEMENT":"f.E67777013E942907EFF236C95151777C.d.A3E9A910A958B57350D55BEB37BD6887.e.6825"},{"block":"start","inline":"nearest"}]}
COMMAND: POST /session/c666597816bb06b037137736d1e0af6d/execute/async - {"script":"<script> [1562 bytes]","args":[{"selector":{"id":"application-manageresources-display-component---newResourceUnit--btnAddTimeSegment","interaction":{"idSuffix":"inner"}},"wdio_ui5_key":"applicationmanageresources-display-component---newResourceUnit--btnAddTimeSegment"}]}
COMMAND: GET /session/c666597816bb06b037137736d1e0af6d/screenshot - {}
RESULT: {"script":"<script> [1562 bytes]","args":[{"selector":{"id":"application-manageresources-display-component---newResourceUnit--btnAddTimeSegment","interaction":{"idSuffix":"inner"}},"wdio_ui5_key":"applicationmanageresources-display-component---newResourceUnit--btnAddTimeSegment"}]}
RESULT: undefined
COMMAND: POST /session/c666597816bb06b037137736d1e0af6d/element - {"using":"xpath","value":"//*[@id=\"application-manageresources-display-component---newResourceUnit--btnAddTimeSegment\"]"}
RESULT: {}
RESULT: {"using":"xpath","value":"//*[@id=\"application-manageresources-display-component---newResourceUnit--btnAddTimeSegment\"]"}
COMMAND: POST /session/c666597816bb06b037137736d1e0af6d/element/f.E67777013E942907EFF236C95151777C.d.A3E9A910A958B57350D55BEB37BD6887.e.6825/click - {}
RESULT: {}
COMMAND: GET /session/c666597816bb06b037137736d1e0af6d/screenshot - {}
RESULT: {}
COMMAND: POST /session/c666597816bb06b037137736d1e0af6d/element - {"using":"xpath","value":"//input[@id=\"application-manageresources-display-component---newResourceUnit--idRuTSAdmin-application-manageresources-display-component---newResourceUnit--RUTimeSegment-0-inner\"]"}
RESULT: {"using":"xpath","value":"//input[@id=\"application-manageresources-display-component---newResourceUnit--idRuTSAdmin-application-manageresources-display-component---newResourceUnit--RUTimeSegment-0-inner\"]"}
COMMAND: POST /session/c666597816bb06b037137736d1e0af6d/element/f.E67777013E942907EFF236C95151777C.d.A3E9A910A958B57350D55BEB37BD6887.e.6830/clear - {}
RESULT: {}
COMMAND: POST /session/c666597816bb06b037137736d1e0af6d/element/f.E67777013E942907EFF236C95151777C.d.A3E9A910A958B57350D55BEB37BD6887.e.6830/value - {"text":"428"}
COMMAND: GET /session/c666597816bb06b037137736d1e0af6d/screenshot - {}
RESULT: {"text":"428"}
COMMAND: GET /session/c666597816bb06b037137736d1e0af6d/screenshot - {}
RESULT: {}
RESULT: {}
COMMAND: POST /session/c666597816bb06b037137736d1e0af6d/element - {"using":"xpath","value":"//li[.//span[text()='428']]"}
RESULT: {"using":"xpath","value":"//li[.//span[text()='428']]"}
COMMAND: POST /session/c666597816bb06b037137736d1e0af6d/element/f.E67777013E942907EFF236C95151777C.d.A3E9A910A958B57350D55BEB37BD6887.e.6839/click - {}
RESULT: {}
COMMAND: GET /session/c666597816bb06b037137736d1e0af6d/screenshot - {}
RESULT: {}
COMMAND: POST /session/c666597816bb06b037137736d1e0af6d/element - {"using":"xpath","value":"(//span[contains(@id, \"-application-manageresources-display-component---newResourceUnit--RUTimeSegment-0-arrow\")])[2]"}
RESULT: {"using":"xpath","value":"(//span[contains(@id, \"-application-manageresources-display-component---newResourceUnit--RUTimeSegment-0-arrow\")])[2]"}
COMMAND: POST /session/c666597816bb06b037137736d1e0af6d/element/f.E67777013E942907EFF236C95151777C.d.A3E9A910A958B57350D55BEB37BD6887.e.6840/click - {}
RESULT: {}
COMMAND: POST /session/c666597816bb06b037137736d1e0af6d/element - {"using":"xpath","value":"//span[contains(text(), \"PM Order\")]"}
COMMAND: GET /session/c666597816bb06b037137736d1e0af6d/screenshot - {}
RESULT: {"using":"xpath","value":"//span[contains(text(), \"PM Order\")]"}
COMMAND: POST /session/c666597816bb06b037137736d1e0af6d/element/f.E67777013E942907EFF236C95151777C.d.A3E9A910A958B57350D55BEB37BD6887.e.6841/click - {}
RESULT: {}
RESULT: {}
COMMAND: GET /session/c666597816bb06b037137736d1e0af6d/screenshot - {}
COMMAND: POST /session/c666597816bb06b037137736d1e0af6d/element - {"using":"xpath","value":"//td/div/div/div/span[contains(@id, \"newResourceUnit--RUTimeSegment-0-vhi\")][1]"}
RESULT: {}
RESULT: {"using":"xpath","value":"//td/div/div/div/span[contains(@id, \"newResourceUnit--RUTimeSegment-0-vhi\")][1]"}
COMMAND: GET /session/c666597816bb06b037137736d1e0af6d/element/f.E67777013E942907EFF236C95151777C.d.A3E9A910A958B57350D55BEB37BD6887.e.6845/rect - {}
RESULT: {}
COMMAND: GET /session/c666597816bb06b037137736d1e0af6d/window/rect - {}
RESULT: {}
COMMAND: POST /session/c666597816bb06b037137736d1e0af6d/execute/sync - {"script":"<script> [92 bytes]","args":[]}
RESULT: {"script":"<script> [92 bytes]","args":[]}
COMMAND: POST /session/c666597816bb06b037137736d1e0af6d/actions - {"actions":[{"id":"action21","type":"wheel","parameters":{},"actions":[{"type":"scroll","x":-1888,"y":-24,"deltaX":0,"deltaY":0,"duration":0,"origin":{"element-6066-11e4-a52e-4f735466cecf":"f.E67777013E942907EFF236C95151777C.d.A3E9A910A958B57350D55BEB37BD6887.e.6845"}}]}]}
COMMAND: GET /session/c666597816bb06b037137736d1e0af6d/screenshot - {}
RESULT: {}
COMMAND: POST /session/c666597816bb06b037137736d1e0af6d/execute/sync - {"script":"<script> [79 bytes]","args":[{"element-6066-11e4-a52e-4f735466cecf":"f.E67777013E942907EFF236C95151777C.d.A3E9A910A958B57350D55BEB37BD6887.e.6845","ELEMENT":"f.E67777013E942907EFF236C95151777C.d.A3E9A910A958B57350D55BEB37BD6887.e.6845"},{"block":"start","inline":"nearest"}]}
RESULT: {"script":"<script> [79 bytes]","args":[{"element-6066-11e4-a52e-4f735466cecf":"f.E67777013E942907EFF236C95151777C.d.A3E9A910A958B57350D55BEB37BD6887.e.6845","ELEMENT":"f.E67777013E942907EFF236C95151777C.d.A3E9A910A958B57350D55BEB37BD6887.e.6845"},{"block":"start","inline":"nearest"}]}
COMMAND: GET /session/c666597816bb06b037137736d1e0af6d/screenshot - {}
RESULT: {}
COMMAND: POST /session/c666597816bb06b037137736d1e0af6d/element/f.E67777013E942907EFF236C95151777C.d.A3E9A910A958B57350D55BEB37BD6887.e.6845/click - {}
RESULT: {}
COMMAND: GET /session/c666597816bb06b037137736d1e0af6d/screenshot - {}
RESULT: {}
COMMAND: POST /session/c666597816bb06b037137736d1e0af6d/execute/async - {"script":"<script> [1562 bytes]","args":[{"selector":{"controlType":"sap.m.SearchField","properties":{"placeholder":"Search"},"searchOpenDialogs":true,"interaction":{"idSuffix":"I"}},"wdio_ui5_key":"sapm.SearchField{\"placeholder\":\"Search\"}"}]}
RESULT: {"script":"<script> [1562 bytes]","args":[{"selector":{"controlType":"sap.m.SearchField","properties":{"placeholder":"Search"},"searchOpenDialogs":true,"interaction":{"idSuffix":"I"}},"wdio_ui5_key":"sapm.SearchField{\"placeholder\":\"Search\"}"}]}
RESULT: undefined
COMMAND: POST /session/c666597816bb06b037137736d1e0af6d/execute/async - {"script":"<script> [776 bytes]","args":[{"enterText":"4000360","selector":{"controlType":"sap.m.SearchField","properties":{"placeholder":"Search"},"searchOpenDialogs":true,"interaction":{"idSuffix":"I"}},"clearTextFirst":true,"interactionType":"ENTER_TEXT"}]}
RESULT: {"script":"<script> [776 bytes]","args":[{"enterText":"4000360","selector":{"controlType":"sap.m.SearchField","properties":{"placeholder":"Search"},"searchOpenDialogs":true,"interaction":{"idSuffix":"I"}},"clearTextFirst":true,"interactionType":"ENTER_TEXT"}]}
COMMAND: POST /session/c666597816bb06b037137736d1e0af6d/actions - {"actions":[{"id":"action22","type":"key","parameters":{},"actions":[{"type":"keyDown","value":"î€‡"},{"type":"pause","duration":10},{"type":"keyUp","value":"î€‡"}]}]}
RESULT: {"actions":[{"id":"action22","type":"key","parameters":{},"actions":[{"type":"keyDown","value":"î€‡"},{"type":"pause","duration":10},{"type":"keyUp","value":"î€‡"}]}]}
COMMAND: GET /session/c666597816bb06b037137736d1e0af6d/screenshot - {}
RESULT: {}
COMMAND: POST /session/c666597816bb06b037137736d1e0af6d/element - {"using":"xpath","value":"//td/div/span[contains(text(), \"BGL Vehicles\")]"}
RESULT: {"using":"xpath","value":"//td/div/span[contains(text(), \"BGL Vehicles\")]"}
COMMAND: POST /session/c666597816bb06b037137736d1e0af6d/element/f.E67777013E942907EFF236C95151777C.d.A3E9A910A958B57350D55BEB37BD6887.e.6865/click - {}
RESULT: {}
COMMAND: GET /session/c666597816bb06b037137736d1e0af6d/screenshot - {}
RESULT: {}
COMMAND: POST /session/c666597816bb06b037137736d1e0af6d/element - {"using":"xpath","value":"//bdi[contains(text(), \"OK\")]"}
RESULT: {"using":"xpath","value":"//bdi[contains(text(), \"OK\")]"}
COMMAND: POST /session/c666597816bb06b037137736d1e0af6d/element/f.E67777013E942907EFF236C95151777C.d.A3E9A910A958B57350D55BEB37BD6887.e.6866/click - {}
RESULT: {}
COMMAND: GET /session/c666597816bb06b037137736d1e0af6d/screenshot - {}
RESULT: {}
COMMAND: POST /session/c666597816bb06b037137736d1e0af6d/element - {"using":"xpath","value":"//label[contains(@class, 'sapMLabelRequired') and .//bdi[contains(text(), 'Planned Retirement')]]"}
RESULT: {"using":"xpath","value":"//label[contains(@class, 'sapMLabelRequired') and .//bdi[contains(text(), 'Planned Retirement')]]"}
COMMAND: POST /session/c666597816bb06b037137736d1e0af6d/elements - {"using":"xpath","value":"//label[contains(@class, 'sapMLabelRequired') and .//bdi[contains(text(), 'Planned Retirement')]]"}
RESULT: {"using":"xpath","value":"//label[contains(@class, 'sapMLabelRequired') and .//bdi[contains(text(), 'Planned Retirement')]]"}
COMMAND: POST /session/c666597816bb06b037137736d1e0af6d/element - {"using":"xpath","value":"//button[@data-kt=\"resourceUnitSaveButton\"]"}
RESULT: {"using":"xpath","value":"//button[@data-kt=\"resourceUnitSaveButton\"]"}
COMMAND: POST /session/c666597816bb06b037137736d1e0af6d/element/f.E67777013E942907EFF236C95151777C.d.A3E9A910A958B57350D55BEB37BD6887.e.6767/click - {}
RESULT: {}
COMMAND: GET /session/c666597816bb06b037137736d1e0af6d/screenshot - {}
RESULT: {}
COMMAND: POST /session/c666597816bb06b037137736d1e0af6d/element - {"using":"xpath","value":"//bdi[contains(text(), \"Close\")]"}
RESULT: {"using":"xpath","value":"//bdi[contains(text(), \"Close\")]"}
COMMAND: POST /session/c666597816bb06b037137736d1e0af6d/element/f.E67777013E942907EFF236C95151777C.d.A3E9A910A958B57350D55BEB37BD6887.e.6873/click - {}
RESULT: {}
COMMAND: GET /session/c666597816bb06b037137736d1e0af6d/screenshot - {}
RESULT: {}
COMMAND: POST /session/c666597816bb06b037137736d1e0af6d/element - {"using":"xpath","value":"//header[contains(@id, 'detailRruPage-headerTitle')]/div[1]/div[2]/div[2]/span[1]"}
RESULT: {"using":"xpath","value":"//header[contains(@id, 'detailRruPage-headerTitle')]/div[1]/div[2]/div[2]/span[1]"}
COMMAND: POST /session/c666597816bb06b037137736d1e0af6d/elements - {"using":"xpath","value":"//header[contains(@id, 'detailRruPage-headerTitle')]/div[1]/div[2]/div[2]/span[1]"}
RESULT: {"using":"xpath","value":"//header[contains(@id, 'detailRruPage-headerTitle')]/div[1]/div[2]/div[2]/span[1]"}
COMMAND: POST /session/c666597816bb06b037137736d1e0af6d/execute/sync - {"script":"<script> [56 bytes]","args":[{"element-6066-11e4-a52e-4f735466cecf":"f.E67777013E942907EFF236C95151777C.d.A3E9A910A958B57350D55BEB37BD6887.e.6901","ELEMENT":"f.E67777013E942907EFF236C95151777C.d.A3E9A910A958B57350D55BEB37BD6887.e.6901"}]}
RESULT: {"script":"<script> [56 bytes]","args":[{"element-6066-11e4-a52e-4f735466cecf":"f.E67777013E942907EFF236C95151777C.d.A3E9A910A958B57350D55BEB37BD6887.e.6901","ELEMENT":"f.E67777013E942907EFF236C95151777C.d.A3E9A910A958B57350D55BEB37BD6887.e.6901"}]}
COMMAND: GET /session/c666597816bb06b037137736d1e0af6d/screenshot - {}
]]></system-out>
    </testcase>
    <testcase classname="chrome.136_0_7103_93.windows.US134625_Set_up_price_condition_-_one_time" name="Should create new pricing rule one time" time="62.259">
      <system-out><![CDATA[
COMMAND: POST /session/c666597816bb06b037137736d1e0af6d/element - {"using":"xpath","value":"(//button[contains(@id ,\"actionsToolbar-overflowButton\")])[1]"}
RESULT: {}
RESULT: {"using":"xpath","value":"(//button[contains(@id ,\"actionsToolbar-overflowButton\")])[1]"}
COMMAND: POST /session/c666597816bb06b037137736d1e0af6d/element/f.E67777013E942907EFF236C95151777C.d.A3E9A910A958B57350D55BEB37BD6887.e.6902/click - {}
RESULT: {}
COMMAND: GET /session/c666597816bb06b037137736d1e0af6d/screenshot - {}
RESULT: {}
COMMAND: POST /session/c666597816bb06b037137736d1e0af6d/element - {"using":"xpath","value":"//button[@data-kt=\"priceInfoButton\"]"}
RESULT: {"using":"xpath","value":"//button[@data-kt=\"priceInfoButton\"]"}
COMMAND: POST /session/c666597816bb06b037137736d1e0af6d/element/f.E67777013E942907EFF236C95151777C.d.A3E9A910A958B57350D55BEB37BD6887.e.6904/click - {}
RESULT: {}
COMMAND: GET /session/c666597816bb06b037137736d1e0af6d/screenshot - {}
COMMAND: POST /session/c666597816bb06b037137736d1e0af6d/element - {"using":"xpath","value":"//button[@data-kt=\"addButton\"]"}
RESULT: {}
RESULT: {"using":"xpath","value":"//button[@data-kt=\"addButton\"]"}
COMMAND: POST /session/c666597816bb06b037137736d1e0af6d/elements - {"using":"xpath","value":"//button[@data-kt=\"addButton\"]"}
RESULT: {"using":"xpath","value":"//button[@data-kt=\"addButton\"]"}
COMMAND: POST /session/c666597816bb06b037137736d1e0af6d/elements - {"using":"xpath","value":"//button[@data-kt=\"addButton\"]"}
RESULT: {"using":"xpath","value":"//button[@data-kt=\"addButton\"]"}
COMMAND: POST /session/c666597816bb06b037137736d1e0af6d/element - {"using":"xpath","value":"//button[@data-kt=\"addButton\"]"}
RESULT: {"using":"xpath","value":"//button[@data-kt=\"addButton\"]"}
COMMAND: POST /session/c666597816bb06b037137736d1e0af6d/execute/sync - {"script":"<script> [8489 bytes]","args":[{"element-6066-11e4-a52e-4f735466cecf":"f.E67777013E942907EFF236C95151777C.d.A3E9A910A958B57350D55BEB37BD6887.e.6944","ELEMENT":"f.E67777013E942907EFF236C95151777C.d.A3E9A910A958B57350D55BEB37BD6887.e.6944"}]}
RESULT: {"script":"<script> [8489 bytes]","args":[{"element-6066-11e4-a52e-4f735466cecf":"f.E67777013E942907EFF236C95151777C.d.A3E9A910A958B57350D55BEB37BD6887.e.6944","ELEMENT":"f.E67777013E942907EFF236C95151777C.d.A3E9A910A958B57350D55BEB37BD6887.e.6944"}]}
COMMAND: GET /session/c666597816bb06b037137736d1e0af6d/element/f.E67777013E942907EFF236C95151777C.d.A3E9A910A958B57350D55BEB37BD6887.e.6944/enabled - {}
COMMAND: GET /session/c666597816bb06b037137736d1e0af6d/screenshot - {}
RESULT: {}
COMMAND: POST /session/c666597816bb06b037137736d1e0af6d/execute/sync - {"script":"<script> [8489 bytes]","args":[{"element-6066-11e4-a52e-4f735466cecf":"f.E67777013E942907EFF236C95151777C.d.A3E9A910A958B57350D55BEB37BD6887.e.6944","ELEMENT":"f.E67777013E942907EFF236C95151777C.d.A3E9A910A958B57350D55BEB37BD6887.e.6944"}]}
COMMAND: GET /session/c666597816bb06b037137736d1e0af6d/screenshot - {}
RESULT: {}
RESULT: {"script":"<script> [8489 bytes]","args":[{"element-6066-11e4-a52e-4f735466cecf":"f.E67777013E942907EFF236C95151777C.d.A3E9A910A958B57350D55BEB37BD6887.e.6944","ELEMENT":"f.E67777013E942907EFF236C95151777C.d.A3E9A910A958B57350D55BEB37BD6887.e.6944"}]}
COMMAND: POST /session/c666597816bb06b037137736d1e0af6d/execute/sync - {"script":"<script> [5351 bytes]","args":[{"element-6066-11e4-a52e-4f735466cecf":"f.E67777013E942907EFF236C95151777C.d.A3E9A910A958B57350D55BEB37BD6887.e.6944","ELEMENT":"f.E67777013E942907EFF236C95151777C.d.A3E9A910A958B57350D55BEB37BD6887.e.6944"}]}
COMMAND: GET /session/c666597816bb06b037137736d1e0af6d/screenshot - {}
RESULT: {}
RESULT: {"script":"<script> [5351 bytes]","args":[{"element-6066-11e4-a52e-4f735466cecf":"f.E67777013E942907EFF236C95151777C.d.A3E9A910A958B57350D55BEB37BD6887.e.6944","ELEMENT":"f.E67777013E942907EFF236C95151777C.d.A3E9A910A958B57350D55BEB37BD6887.e.6944"}]}
COMMAND: POST /session/c666597816bb06b037137736d1e0af6d/element/f.E67777013E942907EFF236C95151777C.d.A3E9A910A958B57350D55BEB37BD6887.e.6944/click - {}
COMMAND: GET /session/c666597816bb06b037137736d1e0af6d/screenshot - {}
RESULT: {}
RESULT: {}
COMMAND: GET /session/c666597816bb06b037137736d1e0af6d/screenshot - {}
RESULT: {}
RESULT: {}
COMMAND: POST /session/c666597816bb06b037137736d1e0af6d/execute/async - {"script":"<script> [1562 bytes]","args":[{"selector":{"controlType":"sap.m.Title","viewName":"etm.portal.ui.managepricingrules.view.NewItem","viewId":"application-managepricingrules-display-component---newInfoPriceItem","properties":{"text":"New Pricing Rules - Item Level"}},"wdio_ui5_key":"etmportal.ui.managepricingrules.view.NewItemsap.m.Title{\"text\":\"New Pricing Rules - Item Level\"}"}]}
RESULT: {"script":"<script> [1562 bytes]","args":[{"selector":{"controlType":"sap.m.Title","viewName":"etm.portal.ui.managepricingrules.view.NewItem","viewId":"application-managepricingrules-display-component---newInfoPriceItem","properties":{"text":"New Pricing Rules - Item Level"}},"wdio_ui5_key":"etmportal.ui.managepricingrules.view.NewItemsap.m.Title{\"text\":\"New Pricing Rules - Item Level\"}"}]}
RESULT: undefined
COMMAND: POST /session/c666597816bb06b037137736d1e0af6d/execute/async - {"script":"<script> [6424 bytes]","args":[{"element-6066-11e4-a52e-4f735466cecf":"f.E67777013E942907EFF236C95151777C.d.A3E9A910A958B57350D55BEB37BD6887.e.7068"},"getText",[]]}
RESULT: {"script":"<script> [6424 bytes]","args":[{"element-6066-11e4-a52e-4f735466cecf":"f.E67777013E942907EFF236C95151777C.d.A3E9A910A958B57350D55BEB37BD6887.e.7068"},"getText",[]]}
COMMAND: POST /session/c666597816bb06b037137736d1e0af6d/execute/async - {"script":"<script> [1562 bytes]","args":[{"selector":{"id":"application-managepricingrules-display-component---newInfoPriceItem--condValidTo","interaction":{"idSuffix":"inner"}},"wdio_ui5_key":"applicationmanagepricingrules-display-component---newInfoPriceItem--condValidTo"}]}
RESULT: {"script":"<script> [1562 bytes]","args":[{"selector":{"id":"application-managepricingrules-display-component---newInfoPriceItem--condValidTo","interaction":{"idSuffix":"inner"}},"wdio_ui5_key":"applicationmanagepricingrules-display-component---newInfoPriceItem--condValidTo"}]}
RESULT: undefined
COMMAND: POST /session/c666597816bb06b037137736d1e0af6d/execute/async - {"script":"<script> [776 bytes]","args":[{"enterText":"1/16/26","selector":{"id":"application-managepricingrules-display-component---newInfoPriceItem--condValidTo","interaction":{"idSuffix":"inner"}},"clearTextFirst":true,"interactionType":"ENTER_TEXT"}]}
RESULT: {"script":"<script> [776 bytes]","args":[{"enterText":"1/16/26","selector":{"id":"application-managepricingrules-display-component---newInfoPriceItem--condValidTo","interaction":{"idSuffix":"inner"}},"clearTextFirst":true,"interactionType":"ENTER_TEXT"}]}
COMMAND: POST /session/c666597816bb06b037137736d1e0af6d/execute/async - {"script":"<script> [1562 bytes]","args":[{"selector":{"id":"application-managepricingrules-display-component---newInfoPriceItem--billType-arrow"},"wdio_ui5_key":"applicationmanagepricingrules-display-component---newInfoPriceItem--billType-arrow"}]}
RESULT: {"script":"<script> [1562 bytes]","args":[{"selector":{"id":"application-managepricingrules-display-component---newInfoPriceItem--billType-arrow"},"wdio_ui5_key":"applicationmanagepricingrules-display-component---newInfoPriceItem--billType-arrow"}]}
RESULT: undefined
COMMAND: POST /session/c666597816bb06b037137736d1e0af6d/element - {"using":"xpath","value":"//*[@id=\"application-managepricingrules-display-component---newInfoPriceItem--billType-arrow\"]"}
RESULT: {"using":"xpath","value":"//*[@id=\"application-managepricingrules-display-component---newInfoPriceItem--billType-arrow\"]"}
COMMAND: POST /session/c666597816bb06b037137736d1e0af6d/element/f.E67777013E942907EFF236C95151777C.d.A3E9A910A958B57350D55BEB37BD6887.e.7070/click - {}
RESULT: {}
COMMAND: POST /session/c666597816bb06b037137736d1e0af6d/element - {"using":"xpath","value":"//span[contains(text(), \"OT - Sales (one-time)\")]"}
COMMAND: GET /session/c666597816bb06b037137736d1e0af6d/screenshot - {}
RESULT: {"using":"xpath","value":"//span[contains(text(), \"OT - Sales (one-time)\")]"}
COMMAND: POST /session/c666597816bb06b037137736d1e0af6d/element/f.E67777013E942907EFF236C95151777C.d.A3E9A910A958B57350D55BEB37BD6887.e.7071/click - {}
RESULT: {}
RESULT: {}
COMMAND: POST /session/c666597816bb06b037137736d1e0af6d/execute/async - {"script":"<script> [1562 bytes]","args":[{"selector":{"id":"application-managepricingrules-display-component---newInfoPriceItem--priceProc-arrow"},"wdio_ui5_key":"applicationmanagepricingrules-display-component---newInfoPriceItem--priceProc-arrow"}]}
COMMAND: GET /session/c666597816bb06b037137736d1e0af6d/screenshot - {}
RESULT: {"script":"<script> [1562 bytes]","args":[{"selector":{"id":"application-managepricingrules-display-component---newInfoPriceItem--priceProc-arrow"},"wdio_ui5_key":"applicationmanagepricingrules-display-component---newInfoPriceItem--priceProc-arrow"}]}
RESULT: undefined
COMMAND: POST /session/c666597816bb06b037137736d1e0af6d/element - {"using":"xpath","value":"//*[@id=\"application-managepricingrules-display-component---newInfoPriceItem--priceProc-arrow\"]"}
RESULT: {}
RESULT: {"using":"xpath","value":"//*[@id=\"application-managepricingrules-display-component---newInfoPriceItem--priceProc-arrow\"]"}
COMMAND: POST /session/c666597816bb06b037137736d1e0af6d/element/f.E67777013E942907EFF236C95151777C.d.A3E9A910A958B57350D55BEB37BD6887.e.7072/click - {}
RESULT: {}
COMMAND: POST /session/c666597816bb06b037137736d1e0af6d/element - {"using":"xpath","value":"//span[contains(text(), \"MAT - Material\")]"}
COMMAND: GET /session/c666597816bb06b037137736d1e0af6d/screenshot - {}
RESULT: {"using":"xpath","value":"//span[contains(text(), \"MAT - Material\")]"}
COMMAND: POST /session/c666597816bb06b037137736d1e0af6d/element/f.E67777013E942907EFF236C95151777C.d.A3E9A910A958B57350D55BEB37BD6887.e.7073/click - {}
RESULT: {}
RESULT: {}
COMMAND: POST /session/c666597816bb06b037137736d1e0af6d/execute/async - {"script":"<script> [1562 bytes]","args":[{"selector":{"id":"application-managepricingrules-display-component---newInfoPriceItem--calcBase-arrow"},"wdio_ui5_key":"applicationmanagepricingrules-display-component---newInfoPriceItem--calcBase-arrow"}]}
COMMAND: GET /session/c666597816bb06b037137736d1e0af6d/screenshot - {}
RESULT: {"script":"<script> [1562 bytes]","args":[{"selector":{"id":"application-managepricingrules-display-component---newInfoPriceItem--calcBase-arrow"},"wdio_ui5_key":"applicationmanagepricingrules-display-component---newInfoPriceItem--calcBase-arrow"}]}
RESULT: undefined
COMMAND: POST /session/c666597816bb06b037137736d1e0af6d/element - {"using":"xpath","value":"//*[@id=\"application-managepricingrules-display-component---newInfoPriceItem--calcBase-arrow\"]"}
RESULT: {}
RESULT: {"using":"xpath","value":"//*[@id=\"application-managepricingrules-display-component---newInfoPriceItem--calcBase-arrow\"]"}
COMMAND: POST /session/c666597816bb06b037137736d1e0af6d/element/f.E67777013E942907EFF236C95151777C.d.A3E9A910A958B57350D55BEB37BD6887.e.7044/click - {}
RESULT: {}
COMMAND: GET /session/c666597816bb06b037137736d1e0af6d/screenshot - {}
RESULT: {}
COMMAND: POST /session/c666597816bb06b037137736d1e0af6d/element - {"using":"xpath","value":"//span[contains(text(), \"0001 - TB(exact month + cal_days)\")]"}
RESULT: {"using":"xpath","value":"//span[contains(text(), \"0001 - TB(exact month + cal_days)\")]"}
COMMAND: POST /session/c666597816bb06b037137736d1e0af6d/element/f.E67777013E942907EFF236C95151777C.d.A3E9A910A958B57350D55BEB37BD6887.e.7074/click - {}
RESULT: {}
COMMAND: GET /session/c666597816bb06b037137736d1e0af6d/screenshot - {}
RESULT: {}
COMMAND: POST /session/c666597816bb06b037137736d1e0af6d/element - {"using":"xpath","value":"//button[@data-kt=\"saveNewRuleButton\"]"}
RESULT: {"using":"xpath","value":"//button[@data-kt=\"saveNewRuleButton\"]"}
COMMAND: POST /session/c666597816bb06b037137736d1e0af6d/element/f.E67777013E942907EFF236C95151777C.d.A3E9A910A958B57350D55BEB37BD6887.e.7056/click - {}
RESULT: {}
COMMAND: GET /session/c666597816bb06b037137736d1e0af6d/screenshot - {}
RESULT: {}
COMMAND: POST /session/c666597816bb06b037137736d1e0af6d/execute/async - {"script":"<script> [1562 bytes]","args":[{"selector":{"id":"application-managepricingrules-display-component---priceInfoItem--smartFilterBar-btnBasicSearch","interaction":{"idSuffix":"I"}},"wdio_ui5_key":"applicationmanagepricingrules-display-component---priceInfoItem--smartFilterBar-btnBasicSearch"}]}
RESULT: {"script":"<script> [1562 bytes]","args":[{"selector":{"id":"application-managepricingrules-display-component---priceInfoItem--smartFilterBar-btnBasicSearch","interaction":{"idSuffix":"I"}},"wdio_ui5_key":"applicationmanagepricingrules-display-component---priceInfoItem--smartFilterBar-btnBasicSearch"}]}
RESULT: undefined
COMMAND: POST /session/c666597816bb06b037137736d1e0af6d/execute/async - {"script":"<script> [776 bytes]","args":[{"enterText":"200207","selector":{"id":"application-managepricingrules-display-component---priceInfoItem--smartFilterBar-btnBasicSearch","interaction":{"idSuffix":"I"}},"clearTextFirst":true,"interactionType":"ENTER_TEXT"}]}
RESULT: {"script":"<script> [776 bytes]","args":[{"enterText":"200207","selector":{"id":"application-managepricingrules-display-component---priceInfoItem--smartFilterBar-btnBasicSearch","interaction":{"idSuffix":"I"}},"clearTextFirst":true,"interactionType":"ENTER_TEXT"}]}
COMMAND: POST /session/c666597816bb06b037137736d1e0af6d/actions - {"actions":[{"id":"action23","type":"key","parameters":{},"actions":[{"type":"keyDown","value":"î€‡"},{"type":"pause","duration":10},{"type":"keyUp","value":"î€‡"}]}]}
RESULT: {"actions":[{"id":"action23","type":"key","parameters":{},"actions":[{"type":"keyDown","value":"î€‡"},{"type":"pause","duration":10},{"type":"keyUp","value":"î€‡"}]}]}
COMMAND: GET /session/c666597816bb06b037137736d1e0af6d/screenshot - {}
RESULT: {}
COMMAND: POST /session/c666597816bb06b037137736d1e0af6d/element - {"using":"xpath","value":"//span[@id=\"application-managepricingrules-display-component---priceInfoItem--smartTable-header-inner\"]"}
RESULT: {"using":"xpath","value":"//span[@id=\"application-managepricingrules-display-component---priceInfoItem--smartTable-header-inner\"]"}
COMMAND: POST /session/c666597816bb06b037137736d1e0af6d/elements - {"using":"xpath","value":"//span[@id=\"application-managepricingrules-display-component---priceInfoItem--smartTable-header-inner\"]"}
RESULT: {"using":"xpath","value":"//span[@id=\"application-managepricingrules-display-component---priceInfoItem--smartTable-header-inner\"]"}
COMMAND: POST /session/c666597816bb06b037137736d1e0af6d/execute/sync - {"script":"<script> [56 bytes]","args":[{"element-6066-11e4-a52e-4f735466cecf":"f.E67777013E942907EFF236C95151777C.d.A3E9A910A958B57350D55BEB37BD6887.e.7098","ELEMENT":"f.E67777013E942907EFF236C95151777C.d.A3E9A910A958B57350D55BEB37BD6887.e.7098"}]}
RESULT: {"script":"<script> [56 bytes]","args":[{"element-6066-11e4-a52e-4f735466cecf":"f.E67777013E942907EFF236C95151777C.d.A3E9A910A958B57350D55BEB37BD6887.e.7098","ELEMENT":"f.E67777013E942907EFF236C95151777C.d.A3E9A910A958B57350D55BEB37BD6887.e.7098"}]}
COMMAND: POST /session/c666597816bb06b037137736d1e0af6d/element - {"using":"css selector","value":"#shell-header-logo"}
COMMAND: GET /session/c666597816bb06b037137736d1e0af6d/screenshot - {}
RESULT: {"using":"css selector","value":"#shell-header-logo"}
COMMAND: POST /session/c666597816bb06b037137736d1e0af6d/element/f.E67777013E942907EFF236C95151777C.d.A3E9A910A958B57350D55BEB37BD6887.e.6362/click - {}
RESULT: {}
RESULT: {}
COMMAND: GET /session/c666597816bb06b037137736d1e0af6d/screenshot - {}
RESULT: {}
]]></system-out>
    </testcase>
    <testcase classname="chrome.136_0_7103_93.windows.US134625_Set_up_price_condition_-_one_time" name="Should create new condition one time" time="74.569">
      <system-out><![CDATA[
COMMAND: POST /session/c666597816bb06b037137736d1e0af6d/execute/async - {"script":"<script> [1562 bytes]","args":[{"selector":{"controlType":"sap.m.GenericTile","properties":{"header":"Manage Conditions & Prices"}},"wdio_ui5_key":"sapm.GenericTile{\"header\":\"Manage Conditions & Prices\"}"}]}
RESULT: {"script":"<script> [1562 bytes]","args":[{"selector":{"controlType":"sap.m.GenericTile","properties":{"header":"Manage Conditions & Prices"}},"wdio_ui5_key":"sapm.GenericTile{\"header\":\"Manage Conditions & Prices\"}"}]}
RESULT: undefined
COMMAND: POST /session/c666597816bb06b037137736d1e0af6d/element - {"using":"xpath","value":"//*[@id=\"__tile53\"]"}
RESULT: {"using":"xpath","value":"//*[@id=\"__tile53\"]"}
COMMAND: POST /session/c666597816bb06b037137736d1e0af6d/element/f.E67777013E942907EFF236C95151777C.d.A3E9A910A958B57350D55BEB37BD6887.e.6299/click - {}
RESULT: {}
COMMAND: GET /session/c666597816bb06b037137736d1e0af6d/screenshot - {}
COMMAND: POST /session/c666597816bb06b037137736d1e0af6d/elements - {"using":"xpath","value":"//span[text()='Error']"}
RESULT: {}
RESULT: {"using":"xpath","value":"//span[text()='Error']"}
COMMAND: POST /session/c666597816bb06b037137736d1e0af6d/element - {"using":"xpath","value":"//button[@aria-label=\"Create\"]"}
RESULT: {"using":"xpath","value":"//button[@aria-label=\"Create\"]"}
COMMAND: POST /session/c666597816bb06b037137736d1e0af6d/elements - {"using":"xpath","value":"//button[@aria-label=\"Create\"]"}
RESULT: {"using":"xpath","value":"//button[@aria-label=\"Create\"]"}
COMMAND: POST /session/c666597816bb06b037137736d1e0af6d/execute/sync - {"script":"<script> [8489 bytes]","args":[{"element-6066-11e4-a52e-4f735466cecf":"f.E67777013E942907EFF236C95151777C.d.A3E9A910A958B57350D55BEB37BD6887.e.7133","ELEMENT":"f.E67777013E942907EFF236C95151777C.d.A3E9A910A958B57350D55BEB37BD6887.e.7133"}]}
RESULT: {"script":"<script> [8489 bytes]","args":[{"element-6066-11e4-a52e-4f735466cecf":"f.E67777013E942907EFF236C95151777C.d.A3E9A910A958B57350D55BEB37BD6887.e.7133","ELEMENT":"f.E67777013E942907EFF236C95151777C.d.A3E9A910A958B57350D55BEB37BD6887.e.7133"}]}
COMMAND: GET /session/c666597816bb06b037137736d1e0af6d/element/f.E67777013E942907EFF236C95151777C.d.A3E9A910A958B57350D55BEB37BD6887.e.7133/enabled - {}
COMMAND: GET /session/c666597816bb06b037137736d1e0af6d/screenshot - {}
RESULT: {}
COMMAND: POST /session/c666597816bb06b037137736d1e0af6d/execute/sync - {"script":"<script> [8489 bytes]","args":[{"element-6066-11e4-a52e-4f735466cecf":"f.E67777013E942907EFF236C95151777C.d.A3E9A910A958B57350D55BEB37BD6887.e.7133","ELEMENT":"f.E67777013E942907EFF236C95151777C.d.A3E9A910A958B57350D55BEB37BD6887.e.7133"}]}
COMMAND: GET /session/c666597816bb06b037137736d1e0af6d/screenshot - {}
RESULT: {}
RESULT: {"script":"<script> [8489 bytes]","args":[{"element-6066-11e4-a52e-4f735466cecf":"f.E67777013E942907EFF236C95151777C.d.A3E9A910A958B57350D55BEB37BD6887.e.7133","ELEMENT":"f.E67777013E942907EFF236C95151777C.d.A3E9A910A958B57350D55BEB37BD6887.e.7133"}]}
COMMAND: POST /session/c666597816bb06b037137736d1e0af6d/execute/sync - {"script":"<script> [5351 bytes]","args":[{"element-6066-11e4-a52e-4f735466cecf":"f.E67777013E942907EFF236C95151777C.d.A3E9A910A958B57350D55BEB37BD6887.e.7133","ELEMENT":"f.E67777013E942907EFF236C95151777C.d.A3E9A910A958B57350D55BEB37BD6887.e.7133"}]}
COMMAND: GET /session/c666597816bb06b037137736d1e0af6d/screenshot - {}
RESULT: {}
RESULT: {"script":"<script> [5351 bytes]","args":[{"element-6066-11e4-a52e-4f735466cecf":"f.E67777013E942907EFF236C95151777C.d.A3E9A910A958B57350D55BEB37BD6887.e.7133","ELEMENT":"f.E67777013E942907EFF236C95151777C.d.A3E9A910A958B57350D55BEB37BD6887.e.7133"}]}
COMMAND: POST /session/c666597816bb06b037137736d1e0af6d/element/f.E67777013E942907EFF236C95151777C.d.A3E9A910A958B57350D55BEB37BD6887.e.7133/click - {}
COMMAND: GET /session/c666597816bb06b037137736d1e0af6d/screenshot - {}
RESULT: {}
RESULT: {}
COMMAND: GET /session/c666597816bb06b037137736d1e0af6d/screenshot - {}
RESULT: {}
RESULT: {}
COMMAND: POST /session/c666597816bb06b037137736d1e0af6d/actions - {"actions":[{"id":"action24","type":"key","parameters":{},"actions":[{"type":"keyDown","value":"î€‡"},{"type":"pause","duration":10},{"type":"keyUp","value":"î€‡"}]}]}
RESULT: {"actions":[{"id":"action24","type":"key","parameters":{},"actions":[{"type":"keyDown","value":"î€‡"},{"type":"pause","duration":10},{"type":"keyUp","value":"î€‡"}]}]}
COMMAND: GET /session/c666597816bb06b037137736d1e0af6d/screenshot - {}
RESULT: {}
COMMAND: POST /session/c666597816bb06b037137736d1e0af6d/execute/async - {"script":"<script> [1562 bytes]","args":[{"selector":{"id":"application-manageconditionprice-display-component---newCondition--condBillCond-arrow"},"wdio_ui5_key":"applicationmanageconditionprice-display-component---newCondition--condBillCond-arrow"}]}
RESULT: {"script":"<script> [1562 bytes]","args":[{"selector":{"id":"application-manageconditionprice-display-component---newCondition--condBillCond-arrow"},"wdio_ui5_key":"applicationmanageconditionprice-display-component---newCondition--condBillCond-arrow"}]}
RESULT: undefined
COMMAND: POST /session/c666597816bb06b037137736d1e0af6d/element - {"using":"xpath","value":"//*[@id=\"application-manageconditionprice-display-component---newCondition--condBillCond-arrow\"]"}
RESULT: {"using":"xpath","value":"//*[@id=\"application-manageconditionprice-display-component---newCondition--condBillCond-arrow\"]"}
COMMAND: POST /session/c666597816bb06b037137736d1e0af6d/element/f.E67777013E942907EFF236C95151777C.d.A3E9A910A958B57350D55BEB37BD6887.e.7312/click - {}
RESULT: {}
COMMAND: GET /session/c666597816bb06b037137736d1e0af6d/screenshot - {}
RESULT: {}
COMMAND: POST /session/c666597816bb06b037137736d1e0af6d/element - {"using":"xpath","value":"//li[.//span[contains(text(), \"SAPR - Sales price\")]]"}
RESULT: {"using":"xpath","value":"//li[.//span[contains(text(), \"SAPR - Sales price\")]]"}
COMMAND: POST /session/c666597816bb06b037137736d1e0af6d/element/f.E67777013E942907EFF236C95151777C.d.A3E9A910A958B57350D55BEB37BD6887.e.7315/click - {}
RESULT: {}
COMMAND: GET /session/c666597816bb06b037137736d1e0af6d/screenshot - {}
RESULT: {}
COMMAND: POST /session/c666597816bb06b037137736d1e0af6d/execute/async - {"script":"<script> [1562 bytes]","args":[{"selector":{"id":"application-manageconditionprice-display-component---newCondition--condValidTo","interaction":{"idSuffix":"inner"}},"wdio_ui5_key":"applicationmanageconditionprice-display-component---newCondition--condValidTo"}]}
RESULT: {"script":"<script> [1562 bytes]","args":[{"selector":{"id":"application-manageconditionprice-display-component---newCondition--condValidTo","interaction":{"idSuffix":"inner"}},"wdio_ui5_key":"applicationmanageconditionprice-display-component---newCondition--condValidTo"}]}
RESULT: undefined
COMMAND: POST /session/c666597816bb06b037137736d1e0af6d/execute/async - {"script":"<script> [776 bytes]","args":[{"enterText":"1/16/26","selector":{"id":"application-manageconditionprice-display-component---newCondition--condValidTo","interaction":{"idSuffix":"inner"}},"clearTextFirst":true,"interactionType":"ENTER_TEXT"}]}
RESULT: {"script":"<script> [776 bytes]","args":[{"enterText":"1/16/26","selector":{"id":"application-manageconditionprice-display-component---newCondition--condValidTo","interaction":{"idSuffix":"inner"}},"clearTextFirst":true,"interactionType":"ENTER_TEXT"}]}
COMMAND: POST /session/c666597816bb06b037137736d1e0af6d/element - {"using":"xpath","value":"//input[@id=\"application-manageconditionprice-display-component---newCondition--condRU-inner\"]"}
RESULT: {"using":"xpath","value":"//input[@id=\"application-manageconditionprice-display-component---newCondition--condRU-inner\"]"}
COMMAND: POST /session/c666597816bb06b037137736d1e0af6d/element/f.E67777013E942907EFF236C95151777C.d.A3E9A910A958B57350D55BEB37BD6887.e.7178/clear - {}
RESULT: {}
COMMAND: POST /session/c666597816bb06b037137736d1e0af6d/element/f.E67777013E942907EFF236C95151777C.d.A3E9A910A958B57350D55BEB37BD6887.e.7178/value - {"text":"200207"}
COMMAND: GET /session/c666597816bb06b037137736d1e0af6d/screenshot - {}
RESULT: {"text":"200207"}
COMMAND: GET /session/c666597816bb06b037137736d1e0af6d/screenshot - {}
RESULT: {}
RESULT: {}
COMMAND: POST /session/c666597816bb06b037137736d1e0af6d/actions - {"actions":[{"id":"action25","type":"key","parameters":{},"actions":[{"type":"keyDown","value":"î€‡"},{"type":"pause","duration":10},{"type":"keyUp","value":"î€‡"}]}]}
RESULT: {"actions":[{"id":"action25","type":"key","parameters":{},"actions":[{"type":"keyDown","value":"î€‡"},{"type":"pause","duration":10},{"type":"keyUp","value":"î€‡"}]}]}
COMMAND: POST /session/c666597816bb06b037137736d1e0af6d/execute/async - {"script":"<script> [1562 bytes]","args":[{"selector":{"id":"application-manageconditionprice-display-component---newCondition--condBaseQty","interaction":{"idSuffix":"inner"}},"wdio_ui5_key":"applicationmanageconditionprice-display-component---newCondition--condBaseQty"}]}
COMMAND: GET /session/c666597816bb06b037137736d1e0af6d/screenshot - {}
RESULT: {"script":"<script> [1562 bytes]","args":[{"selector":{"id":"application-manageconditionprice-display-component---newCondition--condBaseQty","interaction":{"idSuffix":"inner"}},"wdio_ui5_key":"applicationmanageconditionprice-display-component---newCondition--condBaseQty"}]}
RESULT: undefined
COMMAND: POST /session/c666597816bb06b037137736d1e0af6d/execute/async - {"script":"<script> [776 bytes]","args":[{"enterText":"1","selector":{"id":"application-manageconditionprice-display-component---newCondition--condBaseQty","interaction":{"idSuffix":"inner"}},"clearTextFirst":true,"interactionType":"ENTER_TEXT"}]}
RESULT: {}
RESULT: {"script":"<script> [776 bytes]","args":[{"enterText":"1","selector":{"id":"application-manageconditionprice-display-component---newCondition--condBaseQty","interaction":{"idSuffix":"inner"}},"clearTextFirst":true,"interactionType":"ENTER_TEXT"}]}
COMMAND: POST /session/c666597816bb06b037137736d1e0af6d/execute/async - {"script":"<script> [1562 bytes]","args":[{"selector":{"id":"application-manageconditionprice-display-component---newCondition--condValue","interaction":{"idSuffix":"inner"}},"wdio_ui5_key":"applicationmanageconditionprice-display-component---newCondition--condValue"}]}
RESULT: {"script":"<script> [1562 bytes]","args":[{"selector":{"id":"application-manageconditionprice-display-component---newCondition--condValue","interaction":{"idSuffix":"inner"}},"wdio_ui5_key":"applicationmanageconditionprice-display-component---newCondition--condValue"}]}
RESULT: undefined
COMMAND: POST /session/c666597816bb06b037137736d1e0af6d/execute/async - {"script":"<script> [776 bytes]","args":[{"enterText":"100.00","selector":{"id":"application-manageconditionprice-display-component---newCondition--condValue","interaction":{"idSuffix":"inner"}},"clearTextFirst":true,"interactionType":"ENTER_TEXT"}]}
RESULT: {"script":"<script> [776 bytes]","args":[{"enterText":"100.00","selector":{"id":"application-manageconditionprice-display-component---newCondition--condValue","interaction":{"idSuffix":"inner"}},"clearTextFirst":true,"interactionType":"ENTER_TEXT"}]}
COMMAND: POST /session/c666597816bb06b037137736d1e0af6d/execute/async - {"script":"<script> [1562 bytes]","args":[{"selector":{"id":"application-manageconditionprice-display-component---newCondition--condCurr-arrow"},"wdio_ui5_key":"applicationmanageconditionprice-display-component---newCondition--condCurr-arrow"}]}
RESULT: {"script":"<script> [1562 bytes]","args":[{"selector":{"id":"application-manageconditionprice-display-component---newCondition--condCurr-arrow"},"wdio_ui5_key":"applicationmanageconditionprice-display-component---newCondition--condCurr-arrow"}]}
RESULT: undefined
COMMAND: POST /session/c666597816bb06b037137736d1e0af6d/element - {"using":"xpath","value":"//*[@id=\"application-manageconditionprice-display-component---newCondition--condCurr-arrow\"]"}
RESULT: {"using":"xpath","value":"//*[@id=\"application-manageconditionprice-display-component---newCondition--condCurr-arrow\"]"}
COMMAND: POST /session/c666597816bb06b037137736d1e0af6d/element/f.E67777013E942907EFF236C95151777C.d.A3E9A910A958B57350D55BEB37BD6887.e.7290/click - {}
RESULT: {}
COMMAND: POST /session/c666597816bb06b037137736d1e0af6d/element - {"using":"xpath","value":"//span[contains(text(), \"Euro\")]"}
COMMAND: GET /session/c666597816bb06b037137736d1e0af6d/screenshot - {}
RESULT: {"using":"xpath","value":"//span[contains(text(), \"Euro\")]"}
COMMAND: POST /session/c666597816bb06b037137736d1e0af6d/element/f.E67777013E942907EFF236C95151777C.d.A3E9A910A958B57350D55BEB37BD6887.e.7353/click - {}
RESULT: {}
RESULT: {}
COMMAND: POST /session/c666597816bb06b037137736d1e0af6d/element - {"using":"xpath","value":"//button[@data-kt=\"saveButton\"]"}
COMMAND: GET /session/c666597816bb06b037137736d1e0af6d/screenshot - {}
RESULT: {"using":"xpath","value":"//button[@data-kt=\"saveButton\"]"}
COMMAND: POST /session/c666597816bb06b037137736d1e0af6d/element/f.E67777013E942907EFF236C95151777C.d.A3E9A910A958B57350D55BEB37BD6887.e.7291/click - {}
RESULT: {}
RESULT: {}
COMMAND: GET /session/c666597816bb06b037137736d1e0af6d/screenshot - {}
RESULT: {}
COMMAND: POST /session/c666597816bb06b037137736d1e0af6d/execute/async - {"script":"<script> [1562 bytes]","args":[{"selector":{"id":"application-manageconditionprice-display-component---conditions--smartFilterBar-btnBasicSearch","interaction":{"idSuffix":"I"}},"wdio_ui5_key":"applicationmanageconditionprice-display-component---conditions--smartFilterBar-btnBasicSearch"}]}
RESULT: {"script":"<script> [1562 bytes]","args":[{"selector":{"id":"application-manageconditionprice-display-component---conditions--smartFilterBar-btnBasicSearch","interaction":{"idSuffix":"I"}},"wdio_ui5_key":"applicationmanageconditionprice-display-component---conditions--smartFilterBar-btnBasicSearch"}]}
RESULT: undefined
COMMAND: POST /session/c666597816bb06b037137736d1e0af6d/execute/async - {"script":"<script> [776 bytes]","args":[{"enterText":"200207","selector":{"id":"application-manageconditionprice-display-component---conditions--smartFilterBar-btnBasicSearch","interaction":{"idSuffix":"I"}},"clearTextFirst":true,"interactionType":"ENTER_TEXT"}]}
RESULT: {"script":"<script> [776 bytes]","args":[{"enterText":"200207","selector":{"id":"application-manageconditionprice-display-component---conditions--smartFilterBar-btnBasicSearch","interaction":{"idSuffix":"I"}},"clearTextFirst":true,"interactionType":"ENTER_TEXT"}]}
COMMAND: POST /session/c666597816bb06b037137736d1e0af6d/actions - {"actions":[{"id":"action26","type":"key","parameters":{},"actions":[{"type":"keyDown","value":"î€‡"},{"type":"pause","duration":10},{"type":"keyUp","value":"î€‡"}]}]}
RESULT: {"actions":[{"id":"action26","type":"key","parameters":{},"actions":[{"type":"keyDown","value":"î€‡"},{"type":"pause","duration":10},{"type":"keyUp","value":"î€‡"}]}]}
COMMAND: GET /session/c666597816bb06b037137736d1e0af6d/screenshot - {}
RESULT: {}
COMMAND: POST /session/c666597816bb06b037137736d1e0af6d/execute/async - {"script":"<script> [1562 bytes]","args":[{"selector":{"id":"application-manageconditionprice-display-component---conditions--smartFilterBar-filterItemControl_BASIC-BILL_TYPES-vhi"},"wdio_ui5_key":"applicationmanageconditionprice-display-component---conditions--smartFilterBar-filterItemControl_BASIC-BILL_TYPES-vhi"}]}
RESULT: {"script":"<script> [1562 bytes]","args":[{"selector":{"id":"application-manageconditionprice-display-component---conditions--smartFilterBar-filterItemControl_BASIC-BILL_TYPES-vhi"},"wdio_ui5_key":"applicationmanageconditionprice-display-component---conditions--smartFilterBar-filterItemControl_BASIC-BILL_TYPES-vhi"}]}
RESULT: undefined
COMMAND: POST /session/c666597816bb06b037137736d1e0af6d/element - {"using":"xpath","value":"//*[@id=\"application-manageconditionprice-display-component---conditions--smartFilterBar-filterItemControl_BASIC-BILL_TYPES-vhi\"]"}
RESULT: {"using":"xpath","value":"//*[@id=\"application-manageconditionprice-display-component---conditions--smartFilterBar-filterItemControl_BASIC-BILL_TYPES-vhi\"]"}
COMMAND: POST /session/c666597816bb06b037137736d1e0af6d/element/f.E67777013E942907EFF236C95151777C.d.A3E9A910A958B57350D55BEB37BD6887.e.7459/click - {}
RESULT: {}
COMMAND: POST /session/c666597816bb06b037137736d1e0af6d/execute/async - {"script":"<script> [1562 bytes]","args":[{"selector":{"id":"application-manageconditionprice-display-component---conditions--smartFilterBar-filterItemControl_BASIC-BILL_TYPES-valueHelpDialog-smartFilterBar-btnBasicSearch","searchOpenDialogs":true,"interaction":{"idSuffix":"I"}},"wdio_ui5_key":"applicationmanageconditionprice-display-component---conditions--smartFilterBar-filterItemControl_BASIC-BILL_TYPES-valueHelpDialog-smartFilterBar-btnBasicSearch"}]}
COMMAND: GET /session/c666597816bb06b037137736d1e0af6d/screenshot - {}
RESULT: {"script":"<script> [1562 bytes]","args":[{"selector":{"id":"application-manageconditionprice-display-component---conditions--smartFilterBar-filterItemControl_BASIC-BILL_TYPES-valueHelpDialog-smartFilterBar-btnBasicSearch","searchOpenDialogs":true,"interaction":{"idSuffix":"I"}},"wdio_ui5_key":"applicationmanageconditionprice-display-component---conditions--smartFilterBar-filterItemControl_BASIC-BILL_TYPES-valueHelpDialog-smartFilterBar-btnBasicSearch"}]}
RESULT: undefined
COMMAND: POST /session/c666597816bb06b037137736d1e0af6d/execute/async - {"script":"<script> [776 bytes]","args":[{"enterText":"one","selector":{"id":"application-manageconditionprice-display-component---conditions--smartFilterBar-filterItemControl_BASIC-BILL_TYPES-valueHelpDialog-smartFilterBar-btnBasicSearch","searchOpenDialogs":true,"interaction":{"idSuffix":"I"}},"clearTextFirst":true,"interactionType":"ENTER_TEXT"}]}
RESULT: {}
RESULT: {"script":"<script> [776 bytes]","args":[{"enterText":"one","selector":{"id":"application-manageconditionprice-display-component---conditions--smartFilterBar-filterItemControl_BASIC-BILL_TYPES-valueHelpDialog-smartFilterBar-btnBasicSearch","searchOpenDialogs":true,"interaction":{"idSuffix":"I"}},"clearTextFirst":true,"interactionType":"ENTER_TEXT"}]}
COMMAND: POST /session/c666597816bb06b037137736d1e0af6d/actions - {"actions":[{"id":"action27","type":"key","parameters":{},"actions":[{"type":"keyDown","value":"î€‡"},{"type":"pause","duration":10},{"type":"keyUp","value":"î€‡"}]}]}
RESULT: {"actions":[{"id":"action27","type":"key","parameters":{},"actions":[{"type":"keyDown","value":"î€‡"},{"type":"pause","duration":10},{"type":"keyUp","value":"î€‡"}]}]}
COMMAND: GET /session/c666597816bb06b037137736d1e0af6d/screenshot - {}
RESULT: {}
COMMAND: POST /session/c666597816bb06b037137736d1e0af6d/element - {"using":"xpath","value":"//div[contains(@id, 'application-manageconditionprice-display-component---conditions--smartFilterBar-filterItemControl_BASIC-BILL_TYPES-valueHelpDialog-table-rowsel0')]"}
RESULT: {"using":"xpath","value":"//div[contains(@id, 'application-manageconditionprice-display-component---conditions--smartFilterBar-filterItemControl_BASIC-BILL_TYPES-valueHelpDialog-table-rowsel0')]"}
COMMAND: POST /session/c666597816bb06b037137736d1e0af6d/element/f.E67777013E942907EFF236C95151777C.d.A3E9A910A958B57350D55BEB37BD6887.e.7469/click - {}
RESULT: {}
COMMAND: GET /session/c666597816bb06b037137736d1e0af6d/screenshot - {}
RESULT: {}
COMMAND: POST /session/c666597816bb06b037137736d1e0af6d/element - {"using":"xpath","value":"//bdi[contains(text(), \"OK\")]"}
RESULT: {"using":"xpath","value":"//bdi[contains(text(), \"OK\")]"}
COMMAND: POST /session/c666597816bb06b037137736d1e0af6d/element/f.E67777013E942907EFF236C95151777C.d.A3E9A910A958B57350D55BEB37BD6887.e.7471/click - {}
RESULT: {}
COMMAND: GET /session/c666597816bb06b037137736d1e0af6d/screenshot - {}
RESULT: {}
COMMAND: POST /session/c666597816bb06b037137736d1e0af6d/element - {"using":"xpath","value":"//span[@id=\"application-manageconditionprice-display-component---conditions--smartTable-header-inner\"]"}
RESULT: {"using":"xpath","value":"//span[@id=\"application-manageconditionprice-display-component---conditions--smartTable-header-inner\"]"}
COMMAND: POST /session/c666597816bb06b037137736d1e0af6d/elements - {"using":"xpath","value":"//span[@id=\"application-manageconditionprice-display-component---conditions--smartTable-header-inner\"]"}
RESULT: {"using":"xpath","value":"//span[@id=\"application-manageconditionprice-display-component---conditions--smartTable-header-inner\"]"}
COMMAND: POST /session/c666597816bb06b037137736d1e0af6d/execute/sync - {"script":"<script> [56 bytes]","args":[{"element-6066-11e4-a52e-4f735466cecf":"f.E67777013E942907EFF236C95151777C.d.A3E9A910A958B57350D55BEB37BD6887.e.7474","ELEMENT":"f.E67777013E942907EFF236C95151777C.d.A3E9A910A958B57350D55BEB37BD6887.e.7474"}]}
RESULT: {"script":"<script> [56 bytes]","args":[{"element-6066-11e4-a52e-4f735466cecf":"f.E67777013E942907EFF236C95151777C.d.A3E9A910A958B57350D55BEB37BD6887.e.7474","ELEMENT":"f.E67777013E942907EFF236C95151777C.d.A3E9A910A958B57350D55BEB37BD6887.e.7474"}]}
COMMAND: POST /session/c666597816bb06b037137736d1e0af6d/element - {"using":"css selector","value":"#shell-header-logo"}
COMMAND: GET /session/c666597816bb06b037137736d1e0af6d/screenshot - {}
RESULT: {"using":"css selector","value":"#shell-header-logo"}
COMMAND: POST /session/c666597816bb06b037137736d1e0af6d/element/f.E67777013E942907EFF236C95151777C.d.A3E9A910A958B57350D55BEB37BD6887.e.7101/click - {}
RESULT: {}
RESULT: {}
COMMAND: GET /session/c666597816bb06b037137736d1e0af6d/screenshot - {}
RESULT: {}
]]></system-out>
    </testcase>
    <testcase classname="chrome.136_0_7103_93.windows.US134625_Set_up_price_condition_-_one_time" name="Should create a new contract" time="67.992">
      <system-out><![CDATA[
COMMAND: POST /session/c666597816bb06b037137736d1e0af6d/execute/async - {"script":"<script> [1562 bytes]","args":[{"selector":{"controlType":"sap.m.GenericTile","properties":{"header":"Manage Contracts"}},"wdio_ui5_key":"sapm.GenericTile{\"header\":\"Manage Contracts\"}"}]}
RESULT: {"script":"<script> [1562 bytes]","args":[{"selector":{"controlType":"sap.m.GenericTile","properties":{"header":"Manage Contracts"}},"wdio_ui5_key":"sapm.GenericTile{\"header\":\"Manage Contracts\"}"}]}
RESULT: undefined
COMMAND: POST /session/c666597816bb06b037137736d1e0af6d/element - {"using":"xpath","value":"//*[@id=\"__tile130\"]"}
RESULT: {"using":"xpath","value":"//*[@id=\"__tile130\"]"}
COMMAND: POST /session/c666597816bb06b037137736d1e0af6d/element/f.E67777013E942907EFF236C95151777C.d.A3E9A910A958B57350D55BEB37BD6887.e.6269/click - {}
RESULT: {}
COMMAND: GET /session/c666597816bb06b037137736d1e0af6d/screenshot - {}
RESULT: {}
COMMAND: POST /session/c666597816bb06b037137736d1e0af6d/elements - {"using":"xpath","value":"//span[text()='Error']"}
RESULT: {"using":"xpath","value":"//span[text()='Error']"}
COMMAND: POST /session/c666597816bb06b037137736d1e0af6d/element - {"using":"xpath","value":"//button[@data-kt=\"addButton\"]"}
RESULT: {"using":"xpath","value":"//button[@data-kt=\"addButton\"]"}
COMMAND: POST /session/c666597816bb06b037137736d1e0af6d/elements - {"using":"xpath","value":"//button[@data-kt=\"addButton\"]"}
RESULT: {"using":"xpath","value":"//button[@data-kt=\"addButton\"]"}
COMMAND: POST /session/c666597816bb06b037137736d1e0af6d/execute/sync - {"script":"<script> [8489 bytes]","args":[{"element-6066-11e4-a52e-4f735466cecf":"f.E67777013E942907EFF236C95151777C.d.A3E9A910A958B57350D55BEB37BD6887.e.7529","ELEMENT":"f.E67777013E942907EFF236C95151777C.d.A3E9A910A958B57350D55BEB37BD6887.e.7529"}]}
RESULT: {"script":"<script> [8489 bytes]","args":[{"element-6066-11e4-a52e-4f735466cecf":"f.E67777013E942907EFF236C95151777C.d.A3E9A910A958B57350D55BEB37BD6887.e.7529","ELEMENT":"f.E67777013E942907EFF236C95151777C.d.A3E9A910A958B57350D55BEB37BD6887.e.7529"}]}
COMMAND: GET /session/c666597816bb06b037137736d1e0af6d/element/f.E67777013E942907EFF236C95151777C.d.A3E9A910A958B57350D55BEB37BD6887.e.7529/enabled - {}
COMMAND: GET /session/c666597816bb06b037137736d1e0af6d/screenshot - {}
RESULT: {}
COMMAND: POST /session/c666597816bb06b037137736d1e0af6d/execute/sync - {"script":"<script> [8489 bytes]","args":[{"element-6066-11e4-a52e-4f735466cecf":"f.E67777013E942907EFF236C95151777C.d.A3E9A910A958B57350D55BEB37BD6887.e.7529","ELEMENT":"f.E67777013E942907EFF236C95151777C.d.A3E9A910A958B57350D55BEB37BD6887.e.7529"}]}
COMMAND: GET /session/c666597816bb06b037137736d1e0af6d/screenshot - {}
RESULT: {}
RESULT: {"script":"<script> [8489 bytes]","args":[{"element-6066-11e4-a52e-4f735466cecf":"f.E67777013E942907EFF236C95151777C.d.A3E9A910A958B57350D55BEB37BD6887.e.7529","ELEMENT":"f.E67777013E942907EFF236C95151777C.d.A3E9A910A958B57350D55BEB37BD6887.e.7529"}]}
COMMAND: POST /session/c666597816bb06b037137736d1e0af6d/execute/sync - {"script":"<script> [5351 bytes]","args":[{"element-6066-11e4-a52e-4f735466cecf":"f.E67777013E942907EFF236C95151777C.d.A3E9A910A958B57350D55BEB37BD6887.e.7529","ELEMENT":"f.E67777013E942907EFF236C95151777C.d.A3E9A910A958B57350D55BEB37BD6887.e.7529"}]}
COMMAND: GET /session/c666597816bb06b037137736d1e0af6d/screenshot - {}
RESULT: {}
RESULT: {"script":"<script> [5351 bytes]","args":[{"element-6066-11e4-a52e-4f735466cecf":"f.E67777013E942907EFF236C95151777C.d.A3E9A910A958B57350D55BEB37BD6887.e.7529","ELEMENT":"f.E67777013E942907EFF236C95151777C.d.A3E9A910A958B57350D55BEB37BD6887.e.7529"}]}
COMMAND: GET /session/c666597816bb06b037137736d1e0af6d/screenshot - {}
RESULT: {}
RESULT: {}
COMMAND: POST /session/c666597816bb06b037137736d1e0af6d/element/f.E67777013E942907EFF236C95151777C.d.A3E9A910A958B57350D55BEB37BD6887.e.7529/click - {}
RESULT: {}
COMMAND: GET /session/c666597816bb06b037137736d1e0af6d/screenshot - {}
COMMAND: POST /session/c666597816bb06b037137736d1e0af6d/execute/async - {"script":"<script> [1562 bytes]","args":[{"selector":{"id":"application-managecontracts-display-component---AddNewContract--projectDescription","interaction":{"idSuffix":"inner"}},"wdio_ui5_key":"applicationmanagecontracts-display-component---AddNewContract--projectDescription"}]}
RESULT: {}
RESULT: {"script":"<script> [1562 bytes]","args":[{"selector":{"id":"application-managecontracts-display-component---AddNewContract--projectDescription","interaction":{"idSuffix":"inner"}},"wdio_ui5_key":"applicationmanagecontracts-display-component---AddNewContract--projectDescription"}]}
RESULT: undefined
COMMAND: POST /session/c666597816bb06b037137736d1e0af6d/execute/async - {"script":"<script> [776 bytes]","args":[{"enterText":"Intercompany Contract WDIO","selector":{"id":"application-managecontracts-display-component---AddNewContract--projectDescription","interaction":{"idSuffix":"inner"}},"clearTextFirst":true,"interactionType":"ENTER_TEXT"}]}
RESULT: {"script":"<script> [776 bytes]","args":[{"enterText":"Intercompany Contract WDIO","selector":{"id":"application-managecontracts-display-component---AddNewContract--projectDescription","interaction":{"idSuffix":"inner"}},"clearTextFirst":true,"interactionType":"ENTER_TEXT"}]}
COMMAND: POST /session/c666597816bb06b037137736d1e0af6d/element - {"using":"xpath","value":"//input[@id=\"application-managecontracts-display-component---AddNewContract--site-inner\"]"}
RESULT: {"using":"xpath","value":"//input[@id=\"application-managecontracts-display-component---AddNewContract--site-inner\"]"}
COMMAND: POST /session/c666597816bb06b037137736d1e0af6d/element/f.E67777013E942907EFF236C95151777C.d.A3E9A910A958B57350D55BEB37BD6887.e.7893/clear - {}
RESULT: {}
COMMAND: POST /session/c666597816bb06b037137736d1e0af6d/element/f.E67777013E942907EFF236C95151777C.d.A3E9A910A958B57350D55BEB37BD6887.e.7893/value - {"text":"2201"}
COMMAND: GET /session/c666597816bb06b037137736d1e0af6d/screenshot - {}
RESULT: {"text":"2201"}
COMMAND: GET /session/c666597816bb06b037137736d1e0af6d/screenshot - {}
RESULT: {}
RESULT: {}
COMMAND: POST /session/c666597816bb06b037137736d1e0af6d/element - {"using":"xpath","value":"//li[.//span[text()='2201']]"}
RESULT: {"using":"xpath","value":"//li[.//span[text()='2201']]"}
COMMAND: POST /session/c666597816bb06b037137736d1e0af6d/element/f.E67777013E942907EFF236C95151777C.d.A3E9A910A958B57350D55BEB37BD6887.e.7921/click - {}
RESULT: {}
COMMAND: GET /session/c666597816bb06b037137736d1e0af6d/screenshot - {}
RESULT: {}
COMMAND: POST /session/c666597816bb06b037137736d1e0af6d/element - {"using":"xpath","value":"//input[@id=\"application-managecontracts-display-component---AddNewContract--yardId-inner\"]"}
RESULT: {"using":"xpath","value":"//input[@id=\"application-managecontracts-display-component---AddNewContract--yardId-inner\"]"}
COMMAND: GET /session/c666597816bb06b037137736d1e0af6d/element/f.E67777013E942907EFF236C95151777C.d.A3E9A910A958B57350D55BEB37BD6887.e.7894/property/value - {}
RESULT: {}
COMMAND: POST /session/c666597816bb06b037137736d1e0af6d/element - {"using":"xpath","value":"//input[@id=\"application-managecontracts-display-component---AddNewContract--customerSelect-inner\"]"}
COMMAND: GET /session/c666597816bb06b037137736d1e0af6d/screenshot - {}
RESULT: {"using":"xpath","value":"//input[@id=\"application-managecontracts-display-component---AddNewContract--customerSelect-inner\"]"}
COMMAND: POST /session/c666597816bb06b037137736d1e0af6d/element/f.E67777013E942907EFF236C95151777C.d.A3E9A910A958B57350D55BEB37BD6887.e.7892/clear - {}
RESULT: {}
RESULT: {}
COMMAND: POST /session/c666597816bb06b037137736d1e0af6d/element/f.E67777013E942907EFF236C95151777C.d.A3E9A910A958B57350D55BEB37BD6887.e.7892/value - {"text":"1242"}
COMMAND: GET /session/c666597816bb06b037137736d1e0af6d/screenshot - {}
RESULT: {"text":"1242"}
COMMAND: GET /session/c666597816bb06b037137736d1e0af6d/screenshot - {}
RESULT: {}
RESULT: {}
COMMAND: POST /session/c666597816bb06b037137736d1e0af6d/element - {"using":"xpath","value":"//li[.//span[text()='1242']]"}
RESULT: {"using":"xpath","value":"//li[.//span[text()='1242']]"}
COMMAND: POST /session/c666597816bb06b037137736d1e0af6d/element/f.E67777013E942907EFF236C95151777C.d.A3E9A910A958B57350D55BEB37BD6887.e.7924/click - {}
RESULT: {}
COMMAND: GET /session/c666597816bb06b037137736d1e0af6d/screenshot - {}
RESULT: {}
COMMAND: POST /session/c666597816bb06b037137736d1e0af6d/element - {"using":"xpath","value":"//button[@data-kt=\"saveButton\"]"}
RESULT: {"using":"xpath","value":"//button[@data-kt=\"saveButton\"]"}
COMMAND: POST /session/c666597816bb06b037137736d1e0af6d/element/f.E67777013E942907EFF236C95151777C.d.A3E9A910A958B57350D55BEB37BD6887.e.7925/click - {}
RESULT: {}
COMMAND: GET /session/c666597816bb06b037137736d1e0af6d/screenshot - {}
RESULT: {}
COMMAND: POST /session/c666597816bb06b037137736d1e0af6d/element - {"using":"xpath","value":"//span[contains(@id ,\"contractDetailTitleNoExpanded\")]"}
RESULT: {"using":"xpath","value":"//span[contains(@id ,\"contractDetailTitleNoExpanded\")]"}
COMMAND: POST /session/c666597816bb06b037137736d1e0af6d/elements - {"using":"xpath","value":"//span[contains(@id ,\"contractDetailTitleNoExpanded\")]"}
RESULT: {"using":"xpath","value":"//span[contains(@id ,\"contractDetailTitleNoExpanded\")]"}
COMMAND: POST /session/c666597816bb06b037137736d1e0af6d/execute/sync - {"script":"<script> [56 bytes]","args":[{"element-6066-11e4-a52e-4f735466cecf":"f.E67777013E942907EFF236C95151777C.d.A3E9A910A958B57350D55BEB37BD6887.e.7935","ELEMENT":"f.E67777013E942907EFF236C95151777C.d.A3E9A910A958B57350D55BEB37BD6887.e.7935"}]}
RESULT: {"script":"<script> [56 bytes]","args":[{"element-6066-11e4-a52e-4f735466cecf":"f.E67777013E942907EFF236C95151777C.d.A3E9A910A958B57350D55BEB37BD6887.e.7935","ELEMENT":"f.E67777013E942907EFF236C95151777C.d.A3E9A910A958B57350D55BEB37BD6887.e.7935"}]}
COMMAND: GET /session/c666597816bb06b037137736d1e0af6d/screenshot - {}
RESULT: {}
]]></system-out>
    </testcase>
    <testcase classname="chrome.136_0_7103_93.windows.US134625_Set_up_price_condition_-_one_time" name="Should add the material to the contract" time="54.761">
      <system-out><![CDATA[
COMMAND: POST /session/c666597816bb06b037137736d1e0af6d/element - {"using":"xpath","value":"//button[@data-kt=\"contractDetailEditBtnButton\"]"}
RESULT: {"using":"xpath","value":"//button[@data-kt=\"contractDetailEditBtnButton\"]"}
COMMAND: POST /session/c666597816bb06b037137736d1e0af6d/element/f.E67777013E942907EFF236C95151777C.d.A3E9A910A958B57350D55BEB37BD6887.e.7937/click - {}
RESULT: {}
COMMAND: GET /session/c666597816bb06b037137736d1e0af6d/screenshot - {}
RESULT: {}
COMMAND: POST /session/c666597816bb06b037137736d1e0af6d/element - {"using":"xpath","value":"(//span[contains(text(), \"Additional Addresses\")])[2]"}
RESULT: {"using":"xpath","value":"(//span[contains(text(), \"Additional Addresses\")])[2]"}
COMMAND: POST /session/c666597816bb06b037137736d1e0af6d/element/f.E67777013E942907EFF236C95151777C.d.A3E9A910A958B57350D55BEB37BD6887.e.7993/click - {}
RESULT: {}
COMMAND: GET /session/c666597816bb06b037137736d1e0af6d/screenshot - {}
RESULT: {}
COMMAND: POST /session/c666597816bb06b037137736d1e0af6d/element - {"using":"xpath","value":"//button[@data-kt=\"btnAddTableRowOverflowToolbarButton\"]"}
RESULT: {"using":"xpath","value":"//button[@data-kt=\"btnAddTableRowOverflowToolbarButton\"]"}
COMMAND: POST /session/c666597816bb06b037137736d1e0af6d/element/f.E67777013E942907EFF236C95151777C.d.A3E9A910A958B57350D55BEB37BD6887.e.7996/click - {}
RESULT: {}
COMMAND: GET /session/c666597816bb06b037137736d1e0af6d/screenshot - {}
RESULT: {}
COMMAND: POST /session/c666597816bb06b037137736d1e0af6d/element - {"using":"xpath","value":"//div[(text() = 'Standard Entry' or . = 'Standard Entry')]"}
RESULT: {"using":"xpath","value":"//div[(text() = 'Standard Entry' or . = 'Standard Entry')]"}
COMMAND: POST /session/c666597816bb06b037137736d1e0af6d/element/f.E67777013E942907EFF236C95151777C.d.A3E9A910A958B57350D55BEB37BD6887.e.7998/click - {}
RESULT: {}
COMMAND: GET /session/c666597816bb06b037137736d1e0af6d/screenshot - {}
RESULT: {}
COMMAND: POST /session/c666597816bb06b037137736d1e0af6d/element - {"using":"xpath","value":"//td[6]/div/div/div/span"}
RESULT: {"using":"xpath","value":"//td[6]/div/div/div/span"}
COMMAND: POST /session/c666597816bb06b037137736d1e0af6d/element/f.E67777013E942907EFF236C95151777C.d.A3E9A910A958B57350D55BEB37BD6887.e.8010/click - {}
RESULT: {}
COMMAND: GET /session/c666597816bb06b037137736d1e0af6d/screenshot - {}
RESULT: {}
COMMAND: POST /session/c666597816bb06b037137736d1e0af6d/element - {"using":"xpath","value":"(//span[contains(text(), \"Material\")])"}
RESULT: {"using":"xpath","value":"(//span[contains(text(), \"Material\")])"}
COMMAND: POST /session/c666597816bb06b037137736d1e0af6d/element/f.E67777013E942907EFF236C95151777C.d.A3E9A910A958B57350D55BEB37BD6887.e.8011/click - {}
RESULT: {}
COMMAND: GET /session/c666597816bb06b037137736d1e0af6d/screenshot - {}
RESULT: {}
COMMAND: POST /session/c666597816bb06b037137736d1e0af6d/element - {"using":"xpath","value":"//td[7]/div/div/input"}
RESULT: {"using":"xpath","value":"//td[7]/div/div/input"}
COMMAND: POST /session/c666597816bb06b037137736d1e0af6d/element/f.E67777013E942907EFF236C95151777C.d.A3E9A910A958B57350D55BEB37BD6887.e.8015/clear - {}
RESULT: {}
COMMAND: POST /session/c666597816bb06b037137736d1e0af6d/element/f.E67777013E942907EFF236C95151777C.d.A3E9A910A958B57350D55BEB37BD6887.e.8015/value - {"text":"200207"}
COMMAND: GET /session/c666597816bb06b037137736d1e0af6d/screenshot - {}
RESULT: {"text":"200207"}
COMMAND: GET /session/c666597816bb06b037137736d1e0af6d/screenshot - {}
RESULT: {}
RESULT: {}
COMMAND: POST /session/c666597816bb06b037137736d1e0af6d/actions - {"actions":[{"id":"action28","type":"key","parameters":{},"actions":[{"type":"keyDown","value":"î€‡"},{"type":"pause","duration":10},{"type":"keyUp","value":"î€‡"}]}]}
RESULT: {"actions":[{"id":"action28","type":"key","parameters":{},"actions":[{"type":"keyDown","value":"î€‡"},{"type":"pause","duration":10},{"type":"keyUp","value":"î€‡"}]}]}
COMMAND: GET /session/c666597816bb06b037137736d1e0af6d/screenshot - {}
RESULT: {}
COMMAND: POST /session/c666597816bb06b037137736d1e0af6d/execute/sync - {"script":"<script> [276 bytes]","args":["No pricing information was found"]}
RESULT: {"script":"<script> [276 bytes]","args":["No pricing information was found"]}
COMMAND: POST /session/c666597816bb06b037137736d1e0af6d/element - {"using":"xpath","value":"(//button[@data-kt=\"saveButton\"])[2]"}
COMMAND: GET /session/c666597816bb06b037137736d1e0af6d/screenshot - {}
RESULT: {"using":"xpath","value":"(//button[@data-kt=\"saveButton\"])[2]"}
COMMAND: POST /session/c666597816bb06b037137736d1e0af6d/element/f.E67777013E942907EFF236C95151777C.d.A3E9A910A958B57350D55BEB37BD6887.e.8038/click - {}
RESULT: {}
RESULT: {}
COMMAND: GET /session/c666597816bb06b037137736d1e0af6d/screenshot - {}
RESULT: {}
COMMAND: POST /session/c666597816bb06b037137736d1e0af6d/execute/sync - {"script":"<script> [276 bytes]","args":["Some contract items are having rental validity exceeding header rental validity"]}
RESULT: {"script":"<script> [276 bytes]","args":["Some contract items are having rental validity exceeding header rental validity"]}
COMMAND: GET /session/c666597816bb06b037137736d1e0af6d/screenshot - {}
RESULT: {}
COMMAND: POST /session/c666597816bb06b037137736d1e0af6d/element - {"using":"xpath","value":"//span[contains(@id ,\"contractItemsSmartTable-header-inner\")]"}
RESULT: {"using":"xpath","value":"//span[contains(@id ,\"contractItemsSmartTable-header-inner\")]"}
COMMAND: POST /session/c666597816bb06b037137736d1e0af6d/elements - {"using":"xpath","value":"//span[contains(@id ,\"contractItemsSmartTable-header-inner\")]"}
RESULT: {"using":"xpath","value":"//span[contains(@id ,\"contractItemsSmartTable-header-inner\")]"}
COMMAND: POST /session/c666597816bb06b037137736d1e0af6d/execute/sync - {"script":"<script> [56 bytes]","args":[{"element-6066-11e4-a52e-4f735466cecf":"f.E67777013E942907EFF236C95151777C.d.A3E9A910A958B57350D55BEB37BD6887.e.8048","ELEMENT":"f.E67777013E942907EFF236C95151777C.d.A3E9A910A958B57350D55BEB37BD6887.e.8048"}]}
RESULT: {"script":"<script> [56 bytes]","args":[{"element-6066-11e4-a52e-4f735466cecf":"f.E67777013E942907EFF236C95151777C.d.A3E9A910A958B57350D55BEB37BD6887.e.8048","ELEMENT":"f.E67777013E942907EFF236C95151777C.d.A3E9A910A958B57350D55BEB37BD6887.e.8048"}]}
COMMAND: GET /session/c666597816bb06b037137736d1e0af6d/screenshot - {}
]]></system-out>
    </testcase>
    <testcase classname="chrome.136_0_7103_93.windows.US134625_Set_up_price_condition_-_one_time" name="Should verify the bill item creation and pricing condition" time="12.199">
      <system-out><![CDATA[
COMMAND: POST /session/c666597816bb06b037137736d1e0af6d/execute/async - {"script":"<script> [1562 bytes]","args":[{"selector":{"controlType":"sap.ui.core.Icon","viewName":"etm.portal.ui.managecontracts.view.Detail","properties":{"src":{"regex":{"source":"slim\\-arrow\\-right"}}}},"wdio_ui5_key":"etmportal.ui.managecontracts.view.Detailsap.ui.core.Icon{\"src\":{\"regex\":{\"source\":\"slim\\\\-arrow\\\\-right\"}}}"}]}
RESULT: {}
RESULT: {"script":"<script> [1562 bytes]","args":[{"selector":{"controlType":"sap.ui.core.Icon","viewName":"etm.portal.ui.managecontracts.view.Detail","properties":{"src":{"regex":{"source":"slim\\-arrow\\-right"}}}},"wdio_ui5_key":"etmportal.ui.managecontracts.view.Detailsap.ui.core.Icon{\"src\":{\"regex\":{\"source\":\"slim\\\\-arrow\\\\-right\"}}}"}]}
RESULT: undefined
COMMAND: POST /session/c666597816bb06b037137736d1e0af6d/element - {"using":"xpath","value":"//*[@id=\"__item1387-__clone2890-imgNav\"]"}
RESULT: {"using":"xpath","value":"//*[@id=\"__item1387-__clone2890-imgNav\"]"}
COMMAND: POST /session/c666597816bb06b037137736d1e0af6d/element/f.E67777013E942907EFF236C95151777C.d.A3E9A910A958B57350D55BEB37BD6887.e.8049/click - {}
RESULT: {}
COMMAND: GET /session/c666597816bb06b037137736d1e0af6d/screenshot - {}
COMMAND: POST /session/c666597816bb06b037137736d1e0af6d/execute/async - {"script":"<script> [1562 bytes]","args":[{"selector":{"controlType":"sap.m.Text","viewName":"etm.portal.ui.managecontracts.view.BillingItem","viewId":"application-managecontracts-display-component---BillingItem","bindingPath":{"propertyPath":"LINK_TO_C_BILL_TYPES/DESCRIPTION"}},"wdio_ui5_key":"etmportal.ui.managecontracts.view.BillingItemsap.m.Text{\"propertyPath\":\"LINK_TO_C_BILL_TYPES/DESCRIPTION\"}"}]}
RESULT: {}
RESULT: {"script":"<script> [1562 bytes]","args":[{"selector":{"controlType":"sap.m.Text","viewName":"etm.portal.ui.managecontracts.view.BillingItem","viewId":"application-managecontracts-display-component---BillingItem","bindingPath":{"propertyPath":"LINK_TO_C_BILL_TYPES/DESCRIPTION"}},"wdio_ui5_key":"etmportal.ui.managecontracts.view.BillingItemsap.m.Text{\"propertyPath\":\"LINK_TO_C_BILL_TYPES/DESCRIPTION\"}"}]}
RESULT: undefined
COMMAND: POST /session/c666597816bb06b037137736d1e0af6d/execute/async - {"script":"<script> [6424 bytes]","args":[{"element-6066-11e4-a52e-4f735466cecf":"f.E67777013E942907EFF236C95151777C.d.A3E9A910A958B57350D55BEB37BD6887.e.8063"},"getText",[]]}
RESULT: {"script":"<script> [6424 bytes]","args":[{"element-6066-11e4-a52e-4f735466cecf":"f.E67777013E942907EFF236C95151777C.d.A3E9A910A958B57350D55BEB37BD6887.e.8063"},"getText",[]]}
COMMAND: POST /session/c666597816bb06b037137736d1e0af6d/execute/async - {"script":"<script> [1562 bytes]","args":[{"selector":{"controlType":"sap.m.ObjectNumber","viewName":"etm.portal.ui.managecontracts.view.BillingItem","viewId":"application-managecontracts-display-component---BillingItem","bindingPath":{"propertyPath":"BASE_PRICE"}},"wdio_ui5_key":"etmportal.ui.managecontracts.view.BillingItemsap.m.ObjectNumber{\"propertyPath\":\"BASE_PRICE\"}"}]}
RESULT: {"script":"<script> [1562 bytes]","args":[{"selector":{"controlType":"sap.m.ObjectNumber","viewName":"etm.portal.ui.managecontracts.view.BillingItem","viewId":"application-managecontracts-display-component---BillingItem","bindingPath":{"propertyPath":"BASE_PRICE"}},"wdio_ui5_key":"etmportal.ui.managecontracts.view.BillingItemsap.m.ObjectNumber{\"propertyPath\":\"BASE_PRICE\"}"}]}
RESULT: undefined
COMMAND: POST /session/c666597816bb06b037137736d1e0af6d/execute/async - {"script":"<script> [6424 bytes]","args":[{"element-6066-11e4-a52e-4f735466cecf":"f.E67777013E942907EFF236C95151777C.d.A3E9A910A958B57350D55BEB37BD6887.e.8064"},"getNumber",[]]}
RESULT: {"script":"<script> [6424 bytes]","args":[{"element-6066-11e4-a52e-4f735466cecf":"f.E67777013E942907EFF236C95151777C.d.A3E9A910A958B57350D55BEB37BD6887.e.8064"},"getNumber",[]]}
COMMAND: POST /session/c666597816bb06b037137736d1e0af6d/execute/async - {"script":"<script> [1562 bytes]","args":[{"selector":{"controlType":"sap.m.ObjectNumber","viewName":"etm.portal.ui.managecontracts.view.BillingItem","viewId":"application-managecontracts-display-component---BillingItem","bindingPath":{"propertyPath":"BASE_QUANTITY"}},"wdio_ui5_key":"etmportal.ui.managecontracts.view.BillingItemsap.m.ObjectNumber{\"propertyPath\":\"BASE_QUANTITY\"}"}]}
RESULT: {"script":"<script> [1562 bytes]","args":[{"selector":{"controlType":"sap.m.ObjectNumber","viewName":"etm.portal.ui.managecontracts.view.BillingItem","viewId":"application-managecontracts-display-component---BillingItem","bindingPath":{"propertyPath":"BASE_QUANTITY"}},"wdio_ui5_key":"etmportal.ui.managecontracts.view.BillingItemsap.m.ObjectNumber{\"propertyPath\":\"BASE_QUANTITY\"}"}]}
RESULT: undefined
COMMAND: POST /session/c666597816bb06b037137736d1e0af6d/execute/async - {"script":"<script> [6424 bytes]","args":[{"element-6066-11e4-a52e-4f735466cecf":"f.E67777013E942907EFF236C95151777C.d.A3E9A910A958B57350D55BEB37BD6887.e.8065"},"getNumber",[]]}
RESULT: {"script":"<script> [6424 bytes]","args":[{"element-6066-11e4-a52e-4f735466cecf":"f.E67777013E942907EFF236C95151777C.d.A3E9A910A958B57350D55BEB37BD6887.e.8065"},"getNumber",[]]}
COMMAND: DELETE /session/c666597816bb06b037137736d1e0af6d - {}
RESULT: {}
]]></system-out>
    </testcase>
  </testsuite>
</testsuites>