<?xml version="1.0" encoding="UTF-8"?>
<testsuites tests="13" failures="0" errors="0" skipped="2">
  <testsuite timestamp="2025-05-01T17:27:41" time="1781.867" tests="13" failures="0" errors="0" skipped="2">
    <properties>
      <property name="specId" value="0" />
      <property name="suiteName" value="Partner specific tests US150819 US151080 US151654 US151176 US103444 US151078 US151079 US151109 US151174 US151175 US151189" />
      <property name="capabilities" value="chrome.135_0_7049_96.windows" />
      <property name="file" value="file:///D:/a/1/s/test/specs/BTS/manage-partners.spec.js" />
    </properties>
    <testcase classname="chrome.135_0_7049_96.windows.Partner_specific_tests_US150819_US151080_US151654_US151176_US103444_US151078_US151079_US151109_US151174_US151175_US151189" name="Should create a new yard prerequisite" time="137.676">
      <system-out><![CDATA[
COMMAND: POST /session/e85e052fb48b678918c44a977a8ff9db/window/fullscreen - {}
RESULT: {}
COMMAND: POST /session/e85e052fb48b678918c44a977a8ff9db/element - {"using":"xpath","value":"//li[.//span[text()=\"Manage Partners\"]]"}
RESULT: {"using":"xpath","value":"//li[.//span[text()=\"Manage Partners\"]]"}
COMMAND: POST /session/e85e052fb48b678918c44a977a8ff9db/element - {"using":"xpath","value":"//li[.//span[text()=\"Manage Partners\"]]"}
RESULT: {"using":"xpath","value":"//li[.//span[text()=\"Manage Partners\"]]"}
COMMAND: POST /session/e85e052fb48b678918c44a977a8ff9db/element - {"using":"css selector","value":"#shell-header-logo"}
RESULT: {"using":"css selector","value":"#shell-header-logo"}
COMMAND: POST /session/e85e052fb48b678918c44a977a8ff9db/element/f.0E2ED5F52CB306CEAC7E3CCDFCB92CD0.d.1233B32E16C175475B6127F02341231C.e.264/click - {}
COMMAND: POST /session/e85e052fb48b678918c44a977a8ff9db/execute/sync - {"script":"<script> [8489 bytes]","args":[{"element-6066-11e4-a52e-4f735466cecf":"f.0E2ED5F52CB306CEAC7E3CCDFCB92CD0.d.1233B32E16C175475B6127F02341231C.e.264","ELEMENT":"f.0E2ED5F52CB306CEAC7E3CCDFCB92CD0.d.1233B32E16C175475B6127F02341231C.e.264"}]}
RESULT: {}
COMMAND: GET /session/e85e052fb48b678918c44a977a8ff9db/screenshot - {}
RESULT: {"script":"<script> [8489 bytes]","args":[{"element-6066-11e4-a52e-4f735466cecf":"f.0E2ED5F52CB306CEAC7E3CCDFCB92CD0.d.1233B32E16C175475B6127F02341231C.e.264","ELEMENT":"f.0E2ED5F52CB306CEAC7E3CCDFCB92CD0.d.1233B32E16C175475B6127F02341231C.e.264"}]}
COMMAND: POST /session/e85e052fb48b678918c44a977a8ff9db/execute/sync - {"script":"<script> [5351 bytes]","args":[{"element-6066-11e4-a52e-4f735466cecf":"f.0E2ED5F52CB306CEAC7E3CCDFCB92CD0.d.1233B32E16C175475B6127F02341231C.e.264","ELEMENT":"f.0E2ED5F52CB306CEAC7E3CCDFCB92CD0.d.1233B32E16C175475B6127F02341231C.e.264"}]}
COMMAND: GET /session/e85e052fb48b678918c44a977a8ff9db/screenshot - {}
RESULT: {}
RESULT: {"script":"<script> [5351 bytes]","args":[{"element-6066-11e4-a52e-4f735466cecf":"f.0E2ED5F52CB306CEAC7E3CCDFCB92CD0.d.1233B32E16C175475B6127F02341231C.e.264","ELEMENT":"f.0E2ED5F52CB306CEAC7E3CCDFCB92CD0.d.1233B32E16C175475B6127F02341231C.e.264"}]}
COMMAND: GET /session/e85e052fb48b678918c44a977a8ff9db/screenshot - {}
RESULT: {}
RESULT: {}
COMMAND: POST /session/e85e052fb48b678918c44a977a8ff9db/execute/async - {"script":"<script> [1562 bytes]","args":[{"selector":{"controlType":"sap.m.GenericTile","properties":{"header":"Manage Yards"}},"wdio_ui5_key":"sapm.GenericTile{\"header\":\"Manage Yards\"}"}]}
RESULT: {"script":"<script> [1562 bytes]","args":[{"selector":{"controlType":"sap.m.GenericTile","properties":{"header":"Manage Yards"}},"wdio_ui5_key":"sapm.GenericTile{\"header\":\"Manage Yards\"}"}]}
RESULT: undefined
COMMAND: POST /session/e85e052fb48b678918c44a977a8ff9db/element - {"using":"xpath","value":"//*[@id=\"__tile41\"]"}
RESULT: {"using":"xpath","value":"//*[@id=\"__tile41\"]"}
COMMAND: POST /session/e85e052fb48b678918c44a977a8ff9db/element/f.0E2ED5F52CB306CEAC7E3CCDFCB92CD0.d.1233B32E16C175475B6127F02341231C.e.162/click - {}
RESULT: {}
COMMAND: POST /session/e85e052fb48b678918c44a977a8ff9db/element - {"using":"xpath","value":"//button[@data-kt=\"addNewYardOverflowToolbarButton\"]"}
COMMAND: GET /session/e85e052fb48b678918c44a977a8ff9db/screenshot - {}
RESULT: {"using":"xpath","value":"//button[@data-kt=\"addNewYardOverflowToolbarButton\"]"}
COMMAND: POST /session/e85e052fb48b678918c44a977a8ff9db/elements - {"using":"xpath","value":"//button[@data-kt=\"addNewYardOverflowToolbarButton\"]"}
RESULT: {}
RESULT: {"using":"xpath","value":"//button[@data-kt=\"addNewYardOverflowToolbarButton\"]"}
COMMAND: POST /session/e85e052fb48b678918c44a977a8ff9db/elements - {"using":"xpath","value":"//button[@data-kt=\"addNewYardOverflowToolbarButton\"]"}
RESULT: {"using":"xpath","value":"//button[@data-kt=\"addNewYardOverflowToolbarButton\"]"}
COMMAND: POST /session/e85e052fb48b678918c44a977a8ff9db/elements - {"using":"xpath","value":"//button[@data-kt=\"addNewYardOverflowToolbarButton\"]"}
RESULT: {"using":"xpath","value":"//button[@data-kt=\"addNewYardOverflowToolbarButton\"]"}
COMMAND: POST /session/e85e052fb48b678918c44a977a8ff9db/elements - {"using":"xpath","value":"//button[@data-kt=\"addNewYardOverflowToolbarButton\"]"}
RESULT: {"using":"xpath","value":"//button[@data-kt=\"addNewYardOverflowToolbarButton\"]"}
COMMAND: POST /session/e85e052fb48b678918c44a977a8ff9db/elements - {"using":"xpath","value":"//button[@data-kt=\"addNewYardOverflowToolbarButton\"]"}
RESULT: {"using":"xpath","value":"//button[@data-kt=\"addNewYardOverflowToolbarButton\"]"}
COMMAND: POST /session/e85e052fb48b678918c44a977a8ff9db/elements - {"using":"xpath","value":"//button[@data-kt=\"addNewYardOverflowToolbarButton\"]"}
RESULT: {"using":"xpath","value":"//button[@data-kt=\"addNewYardOverflowToolbarButton\"]"}
COMMAND: POST /session/e85e052fb48b678918c44a977a8ff9db/elements - {"using":"xpath","value":"//button[@data-kt=\"addNewYardOverflowToolbarButton\"]"}
RESULT: {"using":"xpath","value":"//button[@data-kt=\"addNewYardOverflowToolbarButton\"]"}
COMMAND: POST /session/e85e052fb48b678918c44a977a8ff9db/elements - {"using":"xpath","value":"//button[@data-kt=\"addNewYardOverflowToolbarButton\"]"}
RESULT: {"using":"xpath","value":"//button[@data-kt=\"addNewYardOverflowToolbarButton\"]"}
COMMAND: POST /session/e85e052fb48b678918c44a977a8ff9db/elements - {"using":"xpath","value":"//button[@data-kt=\"addNewYardOverflowToolbarButton\"]"}
RESULT: {"using":"xpath","value":"//button[@data-kt=\"addNewYardOverflowToolbarButton\"]"}
COMMAND: POST /session/e85e052fb48b678918c44a977a8ff9db/elements - {"using":"xpath","value":"//button[@data-kt=\"addNewYardOverflowToolbarButton\"]"}
RESULT: {"using":"xpath","value":"//button[@data-kt=\"addNewYardOverflowToolbarButton\"]"}
COMMAND: POST /session/e85e052fb48b678918c44a977a8ff9db/elements - {"using":"xpath","value":"//button[@data-kt=\"addNewYardOverflowToolbarButton\"]"}
RESULT: {"using":"xpath","value":"//button[@data-kt=\"addNewYardOverflowToolbarButton\"]"}
COMMAND: POST /session/e85e052fb48b678918c44a977a8ff9db/elements - {"using":"xpath","value":"//button[@data-kt=\"addNewYardOverflowToolbarButton\"]"}
RESULT: {"using":"xpath","value":"//button[@data-kt=\"addNewYardOverflowToolbarButton\"]"}
COMMAND: POST /session/e85e052fb48b678918c44a977a8ff9db/elements - {"using":"xpath","value":"//button[@data-kt=\"addNewYardOverflowToolbarButton\"]"}
RESULT: {"using":"xpath","value":"//button[@data-kt=\"addNewYardOverflowToolbarButton\"]"}
COMMAND: POST /session/e85e052fb48b678918c44a977a8ff9db/elements - {"using":"xpath","value":"//button[@data-kt=\"addNewYardOverflowToolbarButton\"]"}
RESULT: {"using":"xpath","value":"//button[@data-kt=\"addNewYardOverflowToolbarButton\"]"}
COMMAND: POST /session/e85e052fb48b678918c44a977a8ff9db/elements - {"using":"xpath","value":"//button[@data-kt=\"addNewYardOverflowToolbarButton\"]"}
RESULT: {"using":"xpath","value":"//button[@data-kt=\"addNewYardOverflowToolbarButton\"]"}
COMMAND: POST /session/e85e052fb48b678918c44a977a8ff9db/elements - {"using":"xpath","value":"//button[@data-kt=\"addNewYardOverflowToolbarButton\"]"}
RESULT: {"using":"xpath","value":"//button[@data-kt=\"addNewYardOverflowToolbarButton\"]"}
COMMAND: POST /session/e85e052fb48b678918c44a977a8ff9db/elements - {"using":"xpath","value":"//button[@data-kt=\"addNewYardOverflowToolbarButton\"]"}
RESULT: {"using":"xpath","value":"//button[@data-kt=\"addNewYardOverflowToolbarButton\"]"}
COMMAND: POST /session/e85e052fb48b678918c44a977a8ff9db/elements - {"using":"xpath","value":"//button[@data-kt=\"addNewYardOverflowToolbarButton\"]"}
RESULT: {"using":"xpath","value":"//button[@data-kt=\"addNewYardOverflowToolbarButton\"]"}
COMMAND: POST /session/e85e052fb48b678918c44a977a8ff9db/elements - {"using":"xpath","value":"//button[@data-kt=\"addNewYardOverflowToolbarButton\"]"}
RESULT: {"using":"xpath","value":"//button[@data-kt=\"addNewYardOverflowToolbarButton\"]"}
COMMAND: POST /session/e85e052fb48b678918c44a977a8ff9db/elements - {"using":"xpath","value":"//button[@data-kt=\"addNewYardOverflowToolbarButton\"]"}
RESULT: {"using":"xpath","value":"//button[@data-kt=\"addNewYardOverflowToolbarButton\"]"}
COMMAND: POST /session/e85e052fb48b678918c44a977a8ff9db/elements - {"using":"xpath","value":"//button[@data-kt=\"addNewYardOverflowToolbarButton\"]"}
RESULT: {"using":"xpath","value":"//button[@data-kt=\"addNewYardOverflowToolbarButton\"]"}
COMMAND: POST /session/e85e052fb48b678918c44a977a8ff9db/elements - {"using":"xpath","value":"//button[@data-kt=\"addNewYardOverflowToolbarButton\"]"}
RESULT: {"using":"xpath","value":"//button[@data-kt=\"addNewYardOverflowToolbarButton\"]"}
COMMAND: POST /session/e85e052fb48b678918c44a977a8ff9db/elements - {"using":"xpath","value":"//button[@data-kt=\"addNewYardOverflowToolbarButton\"]"}
RESULT: {"using":"xpath","value":"//button[@data-kt=\"addNewYardOverflowToolbarButton\"]"}
COMMAND: POST /session/e85e052fb48b678918c44a977a8ff9db/elements - {"using":"xpath","value":"//button[@data-kt=\"addNewYardOverflowToolbarButton\"]"}
RESULT: {"using":"xpath","value":"//button[@data-kt=\"addNewYardOverflowToolbarButton\"]"}
COMMAND: POST /session/e85e052fb48b678918c44a977a8ff9db/elements - {"using":"xpath","value":"//button[@data-kt=\"addNewYardOverflowToolbarButton\"]"}
RESULT: {"using":"xpath","value":"//button[@data-kt=\"addNewYardOverflowToolbarButton\"]"}
COMMAND: POST /session/e85e052fb48b678918c44a977a8ff9db/elements - {"using":"xpath","value":"//button[@data-kt=\"addNewYardOverflowToolbarButton\"]"}
RESULT: {"using":"xpath","value":"//button[@data-kt=\"addNewYardOverflowToolbarButton\"]"}
COMMAND: POST /session/e85e052fb48b678918c44a977a8ff9db/elements - {"using":"xpath","value":"//button[@data-kt=\"addNewYardOverflowToolbarButton\"]"}
RESULT: {"using":"xpath","value":"//button[@data-kt=\"addNewYardOverflowToolbarButton\"]"}
COMMAND: POST /session/e85e052fb48b678918c44a977a8ff9db/elements - {"using":"xpath","value":"//button[@data-kt=\"addNewYardOverflowToolbarButton\"]"}
RESULT: {"using":"xpath","value":"//button[@data-kt=\"addNewYardOverflowToolbarButton\"]"}
COMMAND: POST /session/e85e052fb48b678918c44a977a8ff9db/elements - {"using":"xpath","value":"//button[@data-kt=\"addNewYardOverflowToolbarButton\"]"}
RESULT: {"using":"xpath","value":"//button[@data-kt=\"addNewYardOverflowToolbarButton\"]"}
COMMAND: POST /session/e85e052fb48b678918c44a977a8ff9db/elements - {"using":"xpath","value":"//button[@data-kt=\"addNewYardOverflowToolbarButton\"]"}
RESULT: {"using":"xpath","value":"//button[@data-kt=\"addNewYardOverflowToolbarButton\"]"}
COMMAND: POST /session/e85e052fb48b678918c44a977a8ff9db/elements - {"using":"xpath","value":"//button[@data-kt=\"addNewYardOverflowToolbarButton\"]"}
RESULT: {"using":"xpath","value":"//button[@data-kt=\"addNewYardOverflowToolbarButton\"]"}
COMMAND: POST /session/e85e052fb48b678918c44a977a8ff9db/elements - {"using":"xpath","value":"//button[@data-kt=\"addNewYardOverflowToolbarButton\"]"}
RESULT: {"using":"xpath","value":"//button[@data-kt=\"addNewYardOverflowToolbarButton\"]"}
COMMAND: POST /session/e85e052fb48b678918c44a977a8ff9db/elements - {"using":"xpath","value":"//button[@data-kt=\"addNewYardOverflowToolbarButton\"]"}
RESULT: {"using":"xpath","value":"//button[@data-kt=\"addNewYardOverflowToolbarButton\"]"}
COMMAND: POST /session/e85e052fb48b678918c44a977a8ff9db/elements - {"using":"xpath","value":"//button[@data-kt=\"addNewYardOverflowToolbarButton\"]"}
RESULT: {"using":"xpath","value":"//button[@data-kt=\"addNewYardOverflowToolbarButton\"]"}
COMMAND: POST /session/e85e052fb48b678918c44a977a8ff9db/elements - {"using":"xpath","value":"//button[@data-kt=\"addNewYardOverflowToolbarButton\"]"}
RESULT: {"using":"xpath","value":"//button[@data-kt=\"addNewYardOverflowToolbarButton\"]"}
COMMAND: POST /session/e85e052fb48b678918c44a977a8ff9db/elements - {"using":"xpath","value":"//button[@data-kt=\"addNewYardOverflowToolbarButton\"]"}
RESULT: {"using":"xpath","value":"//button[@data-kt=\"addNewYardOverflowToolbarButton\"]"}
COMMAND: POST /session/e85e052fb48b678918c44a977a8ff9db/elements - {"using":"xpath","value":"//button[@data-kt=\"addNewYardOverflowToolbarButton\"]"}
RESULT: {"using":"xpath","value":"//button[@data-kt=\"addNewYardOverflowToolbarButton\"]"}
COMMAND: POST /session/e85e052fb48b678918c44a977a8ff9db/elements - {"using":"xpath","value":"//button[@data-kt=\"addNewYardOverflowToolbarButton\"]"}
RESULT: {"using":"xpath","value":"//button[@data-kt=\"addNewYardOverflowToolbarButton\"]"}
COMMAND: POST /session/e85e052fb48b678918c44a977a8ff9db/elements - {"using":"xpath","value":"//button[@data-kt=\"addNewYardOverflowToolbarButton\"]"}
RESULT: {"using":"xpath","value":"//button[@data-kt=\"addNewYardOverflowToolbarButton\"]"}
COMMAND: POST /session/e85e052fb48b678918c44a977a8ff9db/elements - {"using":"xpath","value":"//button[@data-kt=\"addNewYardOverflowToolbarButton\"]"}
RESULT: {"using":"xpath","value":"//button[@data-kt=\"addNewYardOverflowToolbarButton\"]"}
COMMAND: POST /session/e85e052fb48b678918c44a977a8ff9db/elements - {"using":"xpath","value":"//button[@data-kt=\"addNewYardOverflowToolbarButton\"]"}
RESULT: {"using":"xpath","value":"//button[@data-kt=\"addNewYardOverflowToolbarButton\"]"}
COMMAND: POST /session/e85e052fb48b678918c44a977a8ff9db/elements - {"using":"xpath","value":"//button[@data-kt=\"addNewYardOverflowToolbarButton\"]"}
RESULT: {"using":"xpath","value":"//button[@data-kt=\"addNewYardOverflowToolbarButton\"]"}
COMMAND: POST /session/e85e052fb48b678918c44a977a8ff9db/elements - {"using":"xpath","value":"//button[@data-kt=\"addNewYardOverflowToolbarButton\"]"}
RESULT: {"using":"xpath","value":"//button[@data-kt=\"addNewYardOverflowToolbarButton\"]"}
COMMAND: POST /session/e85e052fb48b678918c44a977a8ff9db/elements - {"using":"xpath","value":"//button[@data-kt=\"addNewYardOverflowToolbarButton\"]"}
RESULT: {"using":"xpath","value":"//button[@data-kt=\"addNewYardOverflowToolbarButton\"]"}
COMMAND: POST /session/e85e052fb48b678918c44a977a8ff9db/elements - {"using":"xpath","value":"//button[@data-kt=\"addNewYardOverflowToolbarButton\"]"}
RESULT: {"using":"xpath","value":"//button[@data-kt=\"addNewYardOverflowToolbarButton\"]"}
COMMAND: POST /session/e85e052fb48b678918c44a977a8ff9db/elements - {"using":"xpath","value":"//button[@data-kt=\"addNewYardOverflowToolbarButton\"]"}
RESULT: {"using":"xpath","value":"//button[@data-kt=\"addNewYardOverflowToolbarButton\"]"}
COMMAND: POST /session/e85e052fb48b678918c44a977a8ff9db/elements - {"using":"xpath","value":"//button[@data-kt=\"addNewYardOverflowToolbarButton\"]"}
RESULT: {"using":"xpath","value":"//button[@data-kt=\"addNewYardOverflowToolbarButton\"]"}
COMMAND: POST /session/e85e052fb48b678918c44a977a8ff9db/elements - {"using":"xpath","value":"//button[@data-kt=\"addNewYardOverflowToolbarButton\"]"}
RESULT: {"using":"xpath","value":"//button[@data-kt=\"addNewYardOverflowToolbarButton\"]"}
COMMAND: POST /session/e85e052fb48b678918c44a977a8ff9db/elements - {"using":"xpath","value":"//button[@data-kt=\"addNewYardOverflowToolbarButton\"]"}
RESULT: {"using":"xpath","value":"//button[@data-kt=\"addNewYardOverflowToolbarButton\"]"}
COMMAND: POST /session/e85e052fb48b678918c44a977a8ff9db/elements - {"using":"xpath","value":"//button[@data-kt=\"addNewYardOverflowToolbarButton\"]"}
RESULT: {"using":"xpath","value":"//button[@data-kt=\"addNewYardOverflowToolbarButton\"]"}
COMMAND: POST /session/e85e052fb48b678918c44a977a8ff9db/elements - {"using":"xpath","value":"//button[@data-kt=\"addNewYardOverflowToolbarButton\"]"}
RESULT: {"using":"xpath","value":"//button[@data-kt=\"addNewYardOverflowToolbarButton\"]"}
COMMAND: POST /session/e85e052fb48b678918c44a977a8ff9db/elements - {"using":"xpath","value":"//button[@data-kt=\"addNewYardOverflowToolbarButton\"]"}
RESULT: {"using":"xpath","value":"//button[@data-kt=\"addNewYardOverflowToolbarButton\"]"}
COMMAND: POST /session/e85e052fb48b678918c44a977a8ff9db/elements - {"using":"xpath","value":"//button[@data-kt=\"addNewYardOverflowToolbarButton\"]"}
RESULT: {"using":"xpath","value":"//button[@data-kt=\"addNewYardOverflowToolbarButton\"]"}
COMMAND: POST /session/e85e052fb48b678918c44a977a8ff9db/elements - {"using":"xpath","value":"//button[@data-kt=\"addNewYardOverflowToolbarButton\"]"}
RESULT: {"using":"xpath","value":"//button[@data-kt=\"addNewYardOverflowToolbarButton\"]"}
COMMAND: POST /session/e85e052fb48b678918c44a977a8ff9db/elements - {"using":"xpath","value":"//button[@data-kt=\"addNewYardOverflowToolbarButton\"]"}
RESULT: {"using":"xpath","value":"//button[@data-kt=\"addNewYardOverflowToolbarButton\"]"}
COMMAND: POST /session/e85e052fb48b678918c44a977a8ff9db/element - {"using":"xpath","value":"//button[@data-kt=\"addNewYardOverflowToolbarButton\"]"}
RESULT: {"using":"xpath","value":"//button[@data-kt=\"addNewYardOverflowToolbarButton\"]"}
COMMAND: POST /session/e85e052fb48b678918c44a977a8ff9db/execute/sync - {"script":"<script> [8489 bytes]","args":[{"element-6066-11e4-a52e-4f735466cecf":"f.0E2ED5F52CB306CEAC7E3CCDFCB92CD0.d.1233B32E16C175475B6127F02341231C.e.297","ELEMENT":"f.0E2ED5F52CB306CEAC7E3CCDFCB92CD0.d.1233B32E16C175475B6127F02341231C.e.297"}]}
RESULT: {"script":"<script> [8489 bytes]","args":[{"element-6066-11e4-a52e-4f735466cecf":"f.0E2ED5F52CB306CEAC7E3CCDFCB92CD0.d.1233B32E16C175475B6127F02341231C.e.297","ELEMENT":"f.0E2ED5F52CB306CEAC7E3CCDFCB92CD0.d.1233B32E16C175475B6127F02341231C.e.297"}]}
COMMAND: GET /session/e85e052fb48b678918c44a977a8ff9db/element/f.0E2ED5F52CB306CEAC7E3CCDFCB92CD0.d.1233B32E16C175475B6127F02341231C.e.297/enabled - {}
COMMAND: GET /session/e85e052fb48b678918c44a977a8ff9db/screenshot - {}
RESULT: {}
COMMAND: POST /session/e85e052fb48b678918c44a977a8ff9db/execute/sync - {"script":"<script> [8489 bytes]","args":[{"element-6066-11e4-a52e-4f735466cecf":"f.0E2ED5F52CB306CEAC7E3CCDFCB92CD0.d.1233B32E16C175475B6127F02341231C.e.297","ELEMENT":"f.0E2ED5F52CB306CEAC7E3CCDFCB92CD0.d.1233B32E16C175475B6127F02341231C.e.297"}]}
COMMAND: GET /session/e85e052fb48b678918c44a977a8ff9db/screenshot - {}
RESULT: {}
RESULT: {"script":"<script> [8489 bytes]","args":[{"element-6066-11e4-a52e-4f735466cecf":"f.0E2ED5F52CB306CEAC7E3CCDFCB92CD0.d.1233B32E16C175475B6127F02341231C.e.297","ELEMENT":"f.0E2ED5F52CB306CEAC7E3CCDFCB92CD0.d.1233B32E16C175475B6127F02341231C.e.297"}]}
COMMAND: POST /session/e85e052fb48b678918c44a977a8ff9db/execute/sync - {"script":"<script> [5351 bytes]","args":[{"element-6066-11e4-a52e-4f735466cecf":"f.0E2ED5F52CB306CEAC7E3CCDFCB92CD0.d.1233B32E16C175475B6127F02341231C.e.297","ELEMENT":"f.0E2ED5F52CB306CEAC7E3CCDFCB92CD0.d.1233B32E16C175475B6127F02341231C.e.297"}]}
COMMAND: GET /session/e85e052fb48b678918c44a977a8ff9db/screenshot - {}
RESULT: {}
RESULT: {"script":"<script> [5351 bytes]","args":[{"element-6066-11e4-a52e-4f735466cecf":"f.0E2ED5F52CB306CEAC7E3CCDFCB92CD0.d.1233B32E16C175475B6127F02341231C.e.297","ELEMENT":"f.0E2ED5F52CB306CEAC7E3CCDFCB92CD0.d.1233B32E16C175475B6127F02341231C.e.297"}]}
COMMAND: POST /session/e85e052fb48b678918c44a977a8ff9db/element/f.0E2ED5F52CB306CEAC7E3CCDFCB92CD0.d.1233B32E16C175475B6127F02341231C.e.297/click - {}
COMMAND: GET /session/e85e052fb48b678918c44a977a8ff9db/screenshot - {}
RESULT: {}
RESULT: {}
COMMAND: GET /session/e85e052fb48b678918c44a977a8ff9db/screenshot - {}
RESULT: {}
RESULT: {}
COMMAND: POST /session/e85e052fb48b678918c44a977a8ff9db/element - {"using":"xpath","value":"//input[@id=\"application-manageyards-display-component---NewYard--yardId-inner\"]"}
RESULT: {"using":"xpath","value":"//input[@id=\"application-manageyards-display-component---NewYard--yardId-inner\"]"}
COMMAND: POST /session/e85e052fb48b678918c44a977a8ff9db/element - {"using":"xpath","value":"//input[@id=\"application-manageyards-display-component---NewYard--yardId-inner\"]"}
RESULT: {"using":"xpath","value":"//input[@id=\"application-manageyards-display-component---NewYard--yardId-inner\"]"}
COMMAND: POST /session/e85e052fb48b678918c44a977a8ff9db/execute/async - {"script":"<script> [1562 bytes]","args":[{"selector":{"id":"application-manageyards-display-component---NewYard--addressDetailDetailsName1","interaction":{"idSuffix":"inner"}},"wdio_ui5_key":"applicationmanageyards-display-component---NewYard--addressDetailDetailsName1"}]}
RESULT: {"script":"<script> [1562 bytes]","args":[{"selector":{"id":"application-manageyards-display-component---NewYard--addressDetailDetailsName1","interaction":{"idSuffix":"inner"}},"wdio_ui5_key":"applicationmanageyards-display-component---NewYard--addressDetailDetailsName1"}]}
RESULT: undefined
COMMAND: POST /session/e85e052fb48b678918c44a977a8ff9db/execute/async - {"script":"<script> [776 bytes]","args":[{"enterText":"Intracompany Yard wdIO","selector":{"id":"application-manageyards-display-component---NewYard--addressDetailDetailsName1","interaction":{"idSuffix":"inner"}},"clearTextFirst":true,"interactionType":"ENTER_TEXT"}]}
RESULT: {"script":"<script> [776 bytes]","args":[{"enterText":"Intracompany Yard wdIO","selector":{"id":"application-manageyards-display-component---NewYard--addressDetailDetailsName1","interaction":{"idSuffix":"inner"}},"clearTextFirst":true,"interactionType":"ENTER_TEXT"}]}
COMMAND: POST /session/e85e052fb48b678918c44a977a8ff9db/execute/async - {"script":"<script> [1562 bytes]","args":[{"selector":{"id":"application-manageyards-display-component---NewYard--addressDetailDetailsLanguage-arrow"},"wdio_ui5_key":"applicationmanageyards-display-component---NewYard--addressDetailDetailsLanguage-arrow"}]}
RESULT: {"script":"<script> [1562 bytes]","args":[{"selector":{"id":"application-manageyards-display-component---NewYard--addressDetailDetailsLanguage-arrow"},"wdio_ui5_key":"applicationmanageyards-display-component---NewYard--addressDetailDetailsLanguage-arrow"}]}
RESULT: undefined
COMMAND: POST /session/e85e052fb48b678918c44a977a8ff9db/element - {"using":"xpath","value":"//*[@id=\"application-manageyards-display-component---NewYard--addressDetailDetailsLanguage-arrow\"]"}
RESULT: {"using":"xpath","value":"//*[@id=\"application-manageyards-display-component---NewYard--addressDetailDetailsLanguage-arrow\"]"}
COMMAND: POST /session/e85e052fb48b678918c44a977a8ff9db/element/f.0E2ED5F52CB306CEAC7E3CCDFCB92CD0.d.1233B32E16C175475B6127F02341231C.e.524/click - {}
RESULT: {}
COMMAND: POST /session/e85e052fb48b678918c44a977a8ff9db/element - {"using":"xpath","value":"//span[contains(text(), \"English\")]"}
COMMAND: GET /session/e85e052fb48b678918c44a977a8ff9db/screenshot - {}
RESULT: {"using":"xpath","value":"//span[contains(text(), \"English\")]"}
COMMAND: POST /session/e85e052fb48b678918c44a977a8ff9db/element/f.0E2ED5F52CB306CEAC7E3CCDFCB92CD0.d.1233B32E16C175475B6127F02341231C.e.525/click - {}
RESULT: {}
RESULT: {}
COMMAND: POST /session/e85e052fb48b678918c44a977a8ff9db/execute/async - {"script":"<script> [1562 bytes]","args":[{"selector":{"id":"application-manageyards-display-component---NewYard--addressDetailDetailsCity1","interaction":{"idSuffix":"inner"}},"wdio_ui5_key":"applicationmanageyards-display-component---NewYard--addressDetailDetailsCity1"}]}
COMMAND: GET /session/e85e052fb48b678918c44a977a8ff9db/screenshot - {}
RESULT: {"script":"<script> [1562 bytes]","args":[{"selector":{"id":"application-manageyards-display-component---NewYard--addressDetailDetailsCity1","interaction":{"idSuffix":"inner"}},"wdio_ui5_key":"applicationmanageyards-display-component---NewYard--addressDetailDetailsCity1"}]}
RESULT: undefined
COMMAND: POST /session/e85e052fb48b678918c44a977a8ff9db/execute/async - {"script":"<script> [776 bytes]","args":[{"enterText":"Rosario","selector":{"id":"application-manageyards-display-component---NewYard--addressDetailDetailsCity1","interaction":{"idSuffix":"inner"}},"clearTextFirst":true,"interactionType":"ENTER_TEXT"}]}
RESULT: {}
RESULT: {"script":"<script> [776 bytes]","args":[{"enterText":"Rosario","selector":{"id":"application-manageyards-display-component---NewYard--addressDetailDetailsCity1","interaction":{"idSuffix":"inner"}},"clearTextFirst":true,"interactionType":"ENTER_TEXT"}]}
COMMAND: POST /session/e85e052fb48b678918c44a977a8ff9db/execute/async - {"script":"<script> [1562 bytes]","args":[{"selector":{"id":"application-manageyards-display-component---NewYard--addressDetailDetailsCountry-arrow"},"wdio_ui5_key":"applicationmanageyards-display-component---NewYard--addressDetailDetailsCountry-arrow"}]}
RESULT: {"script":"<script> [1562 bytes]","args":[{"selector":{"id":"application-manageyards-display-component---NewYard--addressDetailDetailsCountry-arrow"},"wdio_ui5_key":"applicationmanageyards-display-component---NewYard--addressDetailDetailsCountry-arrow"}]}
RESULT: undefined
COMMAND: POST /session/e85e052fb48b678918c44a977a8ff9db/element - {"using":"xpath","value":"//*[@id=\"application-manageyards-display-component---NewYard--addressDetailDetailsCountry-arrow\"]"}
RESULT: {"using":"xpath","value":"//*[@id=\"application-manageyards-display-component---NewYard--addressDetailDetailsCountry-arrow\"]"}
COMMAND: POST /session/e85e052fb48b678918c44a977a8ff9db/element/f.0E2ED5F52CB306CEAC7E3CCDFCB92CD0.d.1233B32E16C175475B6127F02341231C.e.527/click - {}
RESULT: {}
COMMAND: POST /session/e85e052fb48b678918c44a977a8ff9db/element - {"using":"xpath","value":"//span[contains(text(), \"Argentina\")]"}
COMMAND: GET /session/e85e052fb48b678918c44a977a8ff9db/screenshot - {}
RESULT: {"using":"xpath","value":"//span[contains(text(), \"Argentina\")]"}
COMMAND: POST /session/e85e052fb48b678918c44a977a8ff9db/element/f.0E2ED5F52CB306CEAC7E3CCDFCB92CD0.d.1233B32E16C175475B6127F02341231C.e.529/click - {}
RESULT: {}
RESULT: {}
COMMAND: POST /session/e85e052fb48b678918c44a977a8ff9db/execute/async - {"script":"<script> [1562 bytes]","args":[{"selector":{"id":"application-manageyards-display-component---NewYard--addressEditDetailsCostObjectCstType-arrow"},"wdio_ui5_key":"applicationmanageyards-display-component---NewYard--addressEditDetailsCostObjectCstType-arrow"}]}
COMMAND: GET /session/e85e052fb48b678918c44a977a8ff9db/screenshot - {}
RESULT: {"script":"<script> [1562 bytes]","args":[{"selector":{"id":"application-manageyards-display-component---NewYard--addressEditDetailsCostObjectCstType-arrow"},"wdio_ui5_key":"applicationmanageyards-display-component---NewYard--addressEditDetailsCostObjectCstType-arrow"}]}
RESULT: undefined
COMMAND: POST /session/e85e052fb48b678918c44a977a8ff9db/element - {"using":"xpath","value":"//*[@id=\"application-manageyards-display-component---NewYard--addressEditDetailsCostObjectCstType-arrow\"]"}
RESULT: {}
RESULT: {"using":"xpath","value":"//*[@id=\"application-manageyards-display-component---NewYard--addressEditDetailsCostObjectCstType-arrow\"]"}
COMMAND: POST /session/e85e052fb48b678918c44a977a8ff9db/element/f.0E2ED5F52CB306CEAC7E3CCDFCB92CD0.d.1233B32E16C175475B6127F02341231C.e.530/click - {}
RESULT: {}
COMMAND: POST /session/e85e052fb48b678918c44a977a8ff9db/element - {"using":"xpath","value":"//span[contains(text(), \"Cost Center\")]"}
COMMAND: GET /session/e85e052fb48b678918c44a977a8ff9db/screenshot - {}
RESULT: {"using":"xpath","value":"//span[contains(text(), \"Cost Center\")]"}
COMMAND: POST /session/e85e052fb48b678918c44a977a8ff9db/element/f.0E2ED5F52CB306CEAC7E3CCDFCB92CD0.d.1233B32E16C175475B6127F02341231C.e.531/click - {}
RESULT: {}
RESULT: {}
COMMAND: GET /session/e85e052fb48b678918c44a977a8ff9db/screenshot - {}
RESULT: {}
COMMAND: POST /session/e85e052fb48b678918c44a977a8ff9db/element - {"using":"xpath","value":"//span[@id=\"application-manageyards-display-component---NewYard--addressNewCostObjectCstID-vhi\"]"}
RESULT: {"using":"xpath","value":"//span[@id=\"application-manageyards-display-component---NewYard--addressNewCostObjectCstID-vhi\"]"}
COMMAND: POST /session/e85e052fb48b678918c44a977a8ff9db/execute/sync - {"script":"<script> [8489 bytes]","args":[{"element-6066-11e4-a52e-4f735466cecf":"f.0E2ED5F52CB306CEAC7E3CCDFCB92CD0.d.1233B32E16C175475B6127F02341231C.e.535","ELEMENT":"f.0E2ED5F52CB306CEAC7E3CCDFCB92CD0.d.1233B32E16C175475B6127F02341231C.e.535"}]}
RESULT: {"script":"<script> [8489 bytes]","args":[{"element-6066-11e4-a52e-4f735466cecf":"f.0E2ED5F52CB306CEAC7E3CCDFCB92CD0.d.1233B32E16C175475B6127F02341231C.e.535","ELEMENT":"f.0E2ED5F52CB306CEAC7E3CCDFCB92CD0.d.1233B32E16C175475B6127F02341231C.e.535"}]}
COMMAND: POST /session/e85e052fb48b678918c44a977a8ff9db/execute/async - {"script":"<script> [1562 bytes]","args":[{"selector":{"id":"application-manageyards-display-component---NewYard--addressNewCostObjectCstID-vhi"},"wdio_ui5_key":"applicationmanageyards-display-component---NewYard--addressNewCostObjectCstID-vhi"}]}
COMMAND: GET /session/e85e052fb48b678918c44a977a8ff9db/screenshot - {}
RESULT: {"script":"<script> [1562 bytes]","args":[{"selector":{"id":"application-manageyards-display-component---NewYard--addressNewCostObjectCstID-vhi"},"wdio_ui5_key":"applicationmanageyards-display-component---NewYard--addressNewCostObjectCstID-vhi"}]}
RESULT: undefined
COMMAND: POST /session/e85e052fb48b678918c44a977a8ff9db/element - {"using":"xpath","value":"//*[@id=\"application-manageyards-display-component---NewYard--addressNewCostObjectCstID-vhi\"]"}
RESULT: {}
RESULT: {"using":"xpath","value":"//*[@id=\"application-manageyards-display-component---NewYard--addressNewCostObjectCstID-vhi\"]"}
COMMAND: POST /session/e85e052fb48b678918c44a977a8ff9db/element/f.0E2ED5F52CB306CEAC7E3CCDFCB92CD0.d.1233B32E16C175475B6127F02341231C.e.535/click - {}
RESULT: {}
COMMAND: GET /session/e85e052fb48b678918c44a977a8ff9db/screenshot - {}
RESULT: {}
COMMAND: POST /session/e85e052fb48b678918c44a977a8ff9db/execute/async - {"script":"<script> [1562 bytes]","args":[{"selector":{"controlType":"sap.m.SearchField","properties":{"placeholder":"Search"},"searchOpenDialogs":true,"interaction":{"idSuffix":"I"}},"wdio_ui5_key":"sapm.SearchField{\"placeholder\":\"Search\"}"}]}
RESULT: {"script":"<script> [1562 bytes]","args":[{"selector":{"controlType":"sap.m.SearchField","properties":{"placeholder":"Search"},"searchOpenDialogs":true,"interaction":{"idSuffix":"I"}},"wdio_ui5_key":"sapm.SearchField{\"placeholder\":\"Search\"}"}]}
RESULT: undefined
COMMAND: POST /session/e85e052fb48b678918c44a977a8ff9db/execute/async - {"script":"<script> [776 bytes]","args":[{"enterText":"10001013","selector":{"controlType":"sap.m.SearchField","properties":{"placeholder":"Search"},"searchOpenDialogs":true,"interaction":{"idSuffix":"I"}},"clearTextFirst":true,"interactionType":"ENTER_TEXT"}]}
RESULT: {"script":"<script> [776 bytes]","args":[{"enterText":"10001013","selector":{"controlType":"sap.m.SearchField","properties":{"placeholder":"Search"},"searchOpenDialogs":true,"interaction":{"idSuffix":"I"}},"clearTextFirst":true,"interactionType":"ENTER_TEXT"}]}
COMMAND: POST /session/e85e052fb48b678918c44a977a8ff9db/actions - {"actions":[{"id":"action1","type":"key","parameters":{},"actions":[{"type":"keyDown","value":"î€‡"},{"type":"pause","duration":10},{"type":"keyUp","value":"î€‡"}]}]}
RESULT: {"actions":[{"id":"action1","type":"key","parameters":{},"actions":[{"type":"keyDown","value":"î€‡"},{"type":"pause","duration":10},{"type":"keyUp","value":"î€‡"}]}]}
COMMAND: GET /session/e85e052fb48b678918c44a977a8ff9db/screenshot - {}
RESULT: {}
COMMAND: POST /session/e85e052fb48b678918c44a977a8ff9db/element - {"using":"xpath","value":"//span[contains(text(), \"General Management\")]"}
RESULT: {"using":"xpath","value":"//span[contains(text(), \"General Management\")]"}
COMMAND: POST /session/e85e052fb48b678918c44a977a8ff9db/element/f.0E2ED5F52CB306CEAC7E3CCDFCB92CD0.d.1233B32E16C175475B6127F02341231C.e.576/click - {}
RESULT: {}
COMMAND: GET /session/e85e052fb48b678918c44a977a8ff9db/screenshot - {}
RESULT: {}
COMMAND: POST /session/e85e052fb48b678918c44a977a8ff9db/element - {"using":"xpath","value":"//bdi[contains(text(), \"OK\")]"}
RESULT: {"using":"xpath","value":"//bdi[contains(text(), \"OK\")]"}
COMMAND: POST /session/e85e052fb48b678918c44a977a8ff9db/element/f.0E2ED5F52CB306CEAC7E3CCDFCB92CD0.d.1233B32E16C175475B6127F02341231C.e.577/click - {}
RESULT: {}
COMMAND: GET /session/e85e052fb48b678918c44a977a8ff9db/screenshot - {}
RESULT: {}
COMMAND: POST /session/e85e052fb48b678918c44a977a8ff9db/execute/async - {"script":"<script> [1562 bytes]","args":[{"selector":{"id":"application-manageyards-display-component---NewYard--addressEditDetailsCurrency-arrow"},"wdio_ui5_key":"applicationmanageyards-display-component---NewYard--addressEditDetailsCurrency-arrow"}]}
RESULT: {"script":"<script> [1562 bytes]","args":[{"selector":{"id":"application-manageyards-display-component---NewYard--addressEditDetailsCurrency-arrow"},"wdio_ui5_key":"applicationmanageyards-display-component---NewYard--addressEditDetailsCurrency-arrow"}]}
RESULT: undefined
COMMAND: POST /session/e85e052fb48b678918c44a977a8ff9db/element - {"using":"xpath","value":"//*[@id=\"application-manageyards-display-component---NewYard--addressEditDetailsCurrency-arrow\"]"}
RESULT: {"using":"xpath","value":"//*[@id=\"application-manageyards-display-component---NewYard--addressEditDetailsCurrency-arrow\"]"}
COMMAND: POST /session/e85e052fb48b678918c44a977a8ff9db/element/f.0E2ED5F52CB306CEAC7E3CCDFCB92CD0.d.1233B32E16C175475B6127F02341231C.e.580/click - {}
RESULT: {}
COMMAND: POST /session/e85e052fb48b678918c44a977a8ff9db/element - {"using":"xpath","value":"//span[contains(text(), \"Euro\")]"}
COMMAND: GET /session/e85e052fb48b678918c44a977a8ff9db/screenshot - {}
RESULT: {"using":"xpath","value":"//span[contains(text(), \"Euro\")]"}
COMMAND: POST /session/e85e052fb48b678918c44a977a8ff9db/element/f.0E2ED5F52CB306CEAC7E3CCDFCB92CD0.d.1233B32E16C175475B6127F02341231C.e.581/click - {}
RESULT: {}
RESULT: {}
COMMAND: POST /session/e85e052fb48b678918c44a977a8ff9db/execute/async - {"script":"<script> [1562 bytes]","args":[{"selector":{"controlType":"sap.m.Input","viewName":"etm.portal.ui.manageyards.view.New","viewId":"application-manageyards-display-component---NewYard","bindingPath":{"path":"","propertyPath":"/CONTROLLING_AREA","modelName":"NewYardModel"},"interaction":{"idSuffix":"inner"}},"wdio_ui5_key":"etmportal.ui.manageyards.view.Newsap.m.Input{\"path\":\"\",\"propertyPath\":\"/CONTROLLING_AREA\",\"modelName\":\"NewYardModel\"}"}]}
COMMAND: GET /session/e85e052fb48b678918c44a977a8ff9db/screenshot - {}
RESULT: {"script":"<script> [1562 bytes]","args":[{"selector":{"controlType":"sap.m.Input","viewName":"etm.portal.ui.manageyards.view.New","viewId":"application-manageyards-display-component---NewYard","bindingPath":{"path":"","propertyPath":"/CONTROLLING_AREA","modelName":"NewYardModel"},"interaction":{"idSuffix":"inner"}},"wdio_ui5_key":"etmportal.ui.manageyards.view.Newsap.m.Input{\"path\":\"\",\"propertyPath\":\"/CONTROLLING_AREA\",\"modelName\":\"NewYardModel\"}"}]}
RESULT: undefined
COMMAND: POST /session/e85e052fb48b678918c44a977a8ff9db/execute/async - {"script":"<script> [776 bytes]","args":[{"enterText":"Z001","selector":{"controlType":"sap.m.Input","viewName":"etm.portal.ui.manageyards.view.New","viewId":"application-manageyards-display-component---NewYard","bindingPath":{"path":"","propertyPath":"/CONTROLLING_AREA","modelName":"NewYardModel"},"interaction":{"idSuffix":"inner"}},"clearTextFirst":true,"interactionType":"ENTER_TEXT"}]}
RESULT: {}
RESULT: {"script":"<script> [776 bytes]","args":[{"enterText":"Z001","selector":{"controlType":"sap.m.Input","viewName":"etm.portal.ui.manageyards.view.New","viewId":"application-manageyards-display-component---NewYard","bindingPath":{"path":"","propertyPath":"/CONTROLLING_AREA","modelName":"NewYardModel"},"interaction":{"idSuffix":"inner"}},"clearTextFirst":true,"interactionType":"ENTER_TEXT"}]}
COMMAND: POST /session/e85e052fb48b678918c44a977a8ff9db/execute/async - {"script":"<script> [1562 bytes]","args":[{"selector":{"id":"application-manageyards-display-component---NewYard--companyCodeComboBox","interaction":{"idSuffix":"inner"}},"wdio_ui5_key":"applicationmanageyards-display-component---NewYard--companyCodeComboBox"}]}
RESULT: {"script":"<script> [1562 bytes]","args":[{"selector":{"id":"application-manageyards-display-component---NewYard--companyCodeComboBox","interaction":{"idSuffix":"inner"}},"wdio_ui5_key":"applicationmanageyards-display-component---NewYard--companyCodeComboBox"}]}
RESULT: undefined
COMMAND: POST /session/e85e052fb48b678918c44a977a8ff9db/execute/async - {"script":"<script> [776 bytes]","args":[{"enterText":"1000","selector":{"id":"application-manageyards-display-component---NewYard--companyCodeComboBox","interaction":{"idSuffix":"inner"}},"clearTextFirst":true,"interactionType":"ENTER_TEXT"}]}
RESULT: {"script":"<script> [776 bytes]","args":[{"enterText":"1000","selector":{"id":"application-manageyards-display-component---NewYard--companyCodeComboBox","interaction":{"idSuffix":"inner"}},"clearTextFirst":true,"interactionType":"ENTER_TEXT"}]}
COMMAND: POST /session/e85e052fb48b678918c44a977a8ff9db/execute/async - {"script":"<script> [1562 bytes]","args":[{"selector":{"controlType":"sap.m.Input","viewName":"etm.portal.ui.manageyards.view.New","viewId":"application-manageyards-display-component---NewYard","bindingPath":{"path":"","propertyPath":"/PLANT","modelName":"NewYardModel"},"interaction":{"idSuffix":"inner"}},"wdio_ui5_key":"etmportal.ui.manageyards.view.Newsap.m.Input{\"path\":\"\",\"propertyPath\":\"/PLANT\",\"modelName\":\"NewYardModel\"}"}]}
RESULT: {"script":"<script> [1562 bytes]","args":[{"selector":{"controlType":"sap.m.Input","viewName":"etm.portal.ui.manageyards.view.New","viewId":"application-manageyards-display-component---NewYard","bindingPath":{"path":"","propertyPath":"/PLANT","modelName":"NewYardModel"},"interaction":{"idSuffix":"inner"}},"wdio_ui5_key":"etmportal.ui.manageyards.view.Newsap.m.Input{\"path\":\"\",\"propertyPath\":\"/PLANT\",\"modelName\":\"NewYardModel\"}"}]}
RESULT: undefined
COMMAND: POST /session/e85e052fb48b678918c44a977a8ff9db/execute/async - {"script":"<script> [776 bytes]","args":[{"enterText":"1001","selector":{"controlType":"sap.m.Input","viewName":"etm.portal.ui.manageyards.view.New","viewId":"application-manageyards-display-component---NewYard","bindingPath":{"path":"","propertyPath":"/PLANT","modelName":"NewYardModel"},"interaction":{"idSuffix":"inner"}},"clearTextFirst":true,"interactionType":"ENTER_TEXT"}]}
RESULT: {"script":"<script> [776 bytes]","args":[{"enterText":"1001","selector":{"controlType":"sap.m.Input","viewName":"etm.portal.ui.manageyards.view.New","viewId":"application-manageyards-display-component---NewYard","bindingPath":{"path":"","propertyPath":"/PLANT","modelName":"NewYardModel"},"interaction":{"idSuffix":"inner"}},"clearTextFirst":true,"interactionType":"ENTER_TEXT"}]}
COMMAND: POST /session/e85e052fb48b678918c44a977a8ff9db/execute/async - {"script":"<script> [1562 bytes]","args":[{"selector":{"controlType":"sap.m.Input","viewName":"etm.portal.ui.manageyards.view.New","viewId":"application-manageyards-display-component---NewYard","bindingPath":{"path":"","propertyPath":"/SALES_AREA_VKORG","modelName":"NewYardModel"},"interaction":{"idSuffix":"inner"}},"wdio_ui5_key":"etmportal.ui.manageyards.view.Newsap.m.Input{\"path\":\"\",\"propertyPath\":\"/SALES_AREA_VKORG\",\"modelName\":\"NewYardModel\"}"}]}
RESULT: {"script":"<script> [1562 bytes]","args":[{"selector":{"controlType":"sap.m.Input","viewName":"etm.portal.ui.manageyards.view.New","viewId":"application-manageyards-display-component---NewYard","bindingPath":{"path":"","propertyPath":"/SALES_AREA_VKORG","modelName":"NewYardModel"},"interaction":{"idSuffix":"inner"}},"wdio_ui5_key":"etmportal.ui.manageyards.view.Newsap.m.Input{\"path\":\"\",\"propertyPath\":\"/SALES_AREA_VKORG\",\"modelName\":\"NewYardModel\"}"}]}
RESULT: undefined
COMMAND: POST /session/e85e052fb48b678918c44a977a8ff9db/execute/async - {"script":"<script> [776 bytes]","args":[{"enterText":"C002","selector":{"controlType":"sap.m.Input","viewName":"etm.portal.ui.manageyards.view.New","viewId":"application-manageyards-display-component---NewYard","bindingPath":{"path":"","propertyPath":"/SALES_AREA_VKORG","modelName":"NewYardModel"},"interaction":{"idSuffix":"inner"}},"clearTextFirst":true,"interactionType":"ENTER_TEXT"}]}
RESULT: {"script":"<script> [776 bytes]","args":[{"enterText":"C002","selector":{"controlType":"sap.m.Input","viewName":"etm.portal.ui.manageyards.view.New","viewId":"application-manageyards-display-component---NewYard","bindingPath":{"path":"","propertyPath":"/SALES_AREA_VKORG","modelName":"NewYardModel"},"interaction":{"idSuffix":"inner"}},"clearTextFirst":true,"interactionType":"ENTER_TEXT"}]}
COMMAND: POST /session/e85e052fb48b678918c44a977a8ff9db/execute/async - {"script":"<script> [1562 bytes]","args":[{"selector":{"controlType":"sap.m.Input","viewName":"etm.portal.ui.manageyards.view.New","viewId":"application-manageyards-display-component---NewYard","bindingPath":{"path":"","propertyPath":"/SALES_AREA_VTWEG","modelName":"NewYardModel"},"interaction":{"idSuffix":"inner"}},"wdio_ui5_key":"etmportal.ui.manageyards.view.Newsap.m.Input{\"path\":\"\",\"propertyPath\":\"/SALES_AREA_VTWEG\",\"modelName\":\"NewYardModel\"}"}]}
RESULT: {"script":"<script> [1562 bytes]","args":[{"selector":{"controlType":"sap.m.Input","viewName":"etm.portal.ui.manageyards.view.New","viewId":"application-manageyards-display-component---NewYard","bindingPath":{"path":"","propertyPath":"/SALES_AREA_VTWEG","modelName":"NewYardModel"},"interaction":{"idSuffix":"inner"}},"wdio_ui5_key":"etmportal.ui.manageyards.view.Newsap.m.Input{\"path\":\"\",\"propertyPath\":\"/SALES_AREA_VTWEG\",\"modelName\":\"NewYardModel\"}"}]}
RESULT: undefined
COMMAND: POST /session/e85e052fb48b678918c44a977a8ff9db/execute/async - {"script":"<script> [776 bytes]","args":[{"enterText":"C2","selector":{"controlType":"sap.m.Input","viewName":"etm.portal.ui.manageyards.view.New","viewId":"application-manageyards-display-component---NewYard","bindingPath":{"path":"","propertyPath":"/SALES_AREA_VTWEG","modelName":"NewYardModel"},"interaction":{"idSuffix":"inner"}},"clearTextFirst":true,"interactionType":"ENTER_TEXT"}]}
RESULT: {"script":"<script> [776 bytes]","args":[{"enterText":"C2","selector":{"controlType":"sap.m.Input","viewName":"etm.portal.ui.manageyards.view.New","viewId":"application-manageyards-display-component---NewYard","bindingPath":{"path":"","propertyPath":"/SALES_AREA_VTWEG","modelName":"NewYardModel"},"interaction":{"idSuffix":"inner"}},"clearTextFirst":true,"interactionType":"ENTER_TEXT"}]}
COMMAND: POST /session/e85e052fb48b678918c44a977a8ff9db/execute/async - {"script":"<script> [1562 bytes]","args":[{"selector":{"controlType":"sap.m.Input","viewName":"etm.portal.ui.manageyards.view.New","viewId":"application-manageyards-display-component---NewYard","bindingPath":{"path":"","propertyPath":"/SALES_AREA_SPART","modelName":"NewYardModel"},"interaction":{"idSuffix":"inner"}},"wdio_ui5_key":"etmportal.ui.manageyards.view.Newsap.m.Input{\"path\":\"\",\"propertyPath\":\"/SALES_AREA_SPART\",\"modelName\":\"NewYardModel\"}"}]}
RESULT: {"script":"<script> [1562 bytes]","args":[{"selector":{"controlType":"sap.m.Input","viewName":"etm.portal.ui.manageyards.view.New","viewId":"application-manageyards-display-component---NewYard","bindingPath":{"path":"","propertyPath":"/SALES_AREA_SPART","modelName":"NewYardModel"},"interaction":{"idSuffix":"inner"}},"wdio_ui5_key":"etmportal.ui.manageyards.view.Newsap.m.Input{\"path\":\"\",\"propertyPath\":\"/SALES_AREA_SPART\",\"modelName\":\"NewYardModel\"}"}]}
RESULT: undefined
COMMAND: POST /session/e85e052fb48b678918c44a977a8ff9db/execute/async - {"script":"<script> [776 bytes]","args":[{"enterText":"C2","selector":{"controlType":"sap.m.Input","viewName":"etm.portal.ui.manageyards.view.New","viewId":"application-manageyards-display-component---NewYard","bindingPath":{"path":"","propertyPath":"/SALES_AREA_SPART","modelName":"NewYardModel"},"interaction":{"idSuffix":"inner"}},"clearTextFirst":true,"interactionType":"ENTER_TEXT"}]}
RESULT: {"script":"<script> [776 bytes]","args":[{"enterText":"C2","selector":{"controlType":"sap.m.Input","viewName":"etm.portal.ui.manageyards.view.New","viewId":"application-manageyards-display-component---NewYard","bindingPath":{"path":"","propertyPath":"/SALES_AREA_SPART","modelName":"NewYardModel"},"interaction":{"idSuffix":"inner"}},"clearTextFirst":true,"interactionType":"ENTER_TEXT"}]}
COMMAND: POST /session/e85e052fb48b678918c44a977a8ff9db/execute/async - {"script":"<script> [1562 bytes]","args":[{"selector":{"controlType":"sap.m.Input","viewName":"etm.portal.ui.manageyards.view.New","viewId":"application-manageyards-display-component---NewYard","bindingPath":{"path":"","propertyPath":"/SHIP_POINT","modelName":"NewYardModel"},"interaction":{"idSuffix":"inner"}},"wdio_ui5_key":"etmportal.ui.manageyards.view.Newsap.m.Input{\"path\":\"\",\"propertyPath\":\"/SHIP_POINT\",\"modelName\":\"NewYardModel\"}"}]}
RESULT: {"script":"<script> [1562 bytes]","args":[{"selector":{"controlType":"sap.m.Input","viewName":"etm.portal.ui.manageyards.view.New","viewId":"application-manageyards-display-component---NewYard","bindingPath":{"path":"","propertyPath":"/SHIP_POINT","modelName":"NewYardModel"},"interaction":{"idSuffix":"inner"}},"wdio_ui5_key":"etmportal.ui.manageyards.view.Newsap.m.Input{\"path\":\"\",\"propertyPath\":\"/SHIP_POINT\",\"modelName\":\"NewYardModel\"}"}]}
RESULT: undefined
COMMAND: POST /session/e85e052fb48b678918c44a977a8ff9db/execute/async - {"script":"<script> [776 bytes]","args":[{"enterText":"1710","selector":{"controlType":"sap.m.Input","viewName":"etm.portal.ui.manageyards.view.New","viewId":"application-manageyards-display-component---NewYard","bindingPath":{"path":"","propertyPath":"/SHIP_POINT","modelName":"NewYardModel"},"interaction":{"idSuffix":"inner"}},"clearTextFirst":true,"interactionType":"ENTER_TEXT"}]}
RESULT: {"script":"<script> [776 bytes]","args":[{"enterText":"1710","selector":{"controlType":"sap.m.Input","viewName":"etm.portal.ui.manageyards.view.New","viewId":"application-manageyards-display-component---NewYard","bindingPath":{"path":"","propertyPath":"/SHIP_POINT","modelName":"NewYardModel"},"interaction":{"idSuffix":"inner"}},"clearTextFirst":true,"interactionType":"ENTER_TEXT"}]}
COMMAND: POST /session/e85e052fb48b678918c44a977a8ff9db/execute/async - {"script":"<script> [1562 bytes]","args":[{"selector":{"controlType":"sap.m.Input","viewName":"etm.portal.ui.manageyards.view.New","viewId":"application-manageyards-display-component---NewYard","bindingPath":{"path":"","propertyPath":"/DELIVERY_TYPE","modelName":"NewYardModel"},"interaction":{"idSuffix":"inner"}},"wdio_ui5_key":"etmportal.ui.manageyards.view.Newsap.m.Input{\"path\":\"\",\"propertyPath\":\"/DELIVERY_TYPE\",\"modelName\":\"NewYardModel\"}"}]}
RESULT: {"script":"<script> [1562 bytes]","args":[{"selector":{"controlType":"sap.m.Input","viewName":"etm.portal.ui.manageyards.view.New","viewId":"application-manageyards-display-component---NewYard","bindingPath":{"path":"","propertyPath":"/DELIVERY_TYPE","modelName":"NewYardModel"},"interaction":{"idSuffix":"inner"}},"wdio_ui5_key":"etmportal.ui.manageyards.view.Newsap.m.Input{\"path\":\"\",\"propertyPath\":\"/DELIVERY_TYPE\",\"modelName\":\"NewYardModel\"}"}]}
RESULT: undefined
COMMAND: POST /session/e85e052fb48b678918c44a977a8ff9db/execute/async - {"script":"<script> [776 bytes]","args":[{"enterText":"ZL01","selector":{"controlType":"sap.m.Input","viewName":"etm.portal.ui.manageyards.view.New","viewId":"application-manageyards-display-component---NewYard","bindingPath":{"path":"","propertyPath":"/DELIVERY_TYPE","modelName":"NewYardModel"},"interaction":{"idSuffix":"inner"}},"clearTextFirst":true,"interactionType":"ENTER_TEXT"}]}
RESULT: {"script":"<script> [776 bytes]","args":[{"enterText":"ZL01","selector":{"controlType":"sap.m.Input","viewName":"etm.portal.ui.manageyards.view.New","viewId":"application-manageyards-display-component---NewYard","bindingPath":{"path":"","propertyPath":"/DELIVERY_TYPE","modelName":"NewYardModel"},"interaction":{"idSuffix":"inner"}},"clearTextFirst":true,"interactionType":"ENTER_TEXT"}]}
COMMAND: POST /session/e85e052fb48b678918c44a977a8ff9db/execute/async - {"script":"<script> [1562 bytes]","args":[{"selector":{"controlType":"sap.m.Input","viewName":"etm.portal.ui.manageyards.view.New","viewId":"application-manageyards-display-component---NewYard","bindingPath":{"path":"","propertyPath":"/AUART","modelName":"NewYardModel"},"interaction":{"idSuffix":"inner"}},"wdio_ui5_key":"etmportal.ui.manageyards.view.Newsap.m.Input{\"path\":\"\",\"propertyPath\":\"/AUART\",\"modelName\":\"NewYardModel\"}"}]}
RESULT: {"script":"<script> [1562 bytes]","args":[{"selector":{"controlType":"sap.m.Input","viewName":"etm.portal.ui.manageyards.view.New","viewId":"application-manageyards-display-component---NewYard","bindingPath":{"path":"","propertyPath":"/AUART","modelName":"NewYardModel"},"interaction":{"idSuffix":"inner"}},"wdio_ui5_key":"etmportal.ui.manageyards.view.Newsap.m.Input{\"path\":\"\",\"propertyPath\":\"/AUART\",\"modelName\":\"NewYardModel\"}"}]}
RESULT: undefined
COMMAND: POST /session/e85e052fb48b678918c44a977a8ff9db/execute/async - {"script":"<script> [776 bytes]","args":[{"enterText":"TA","selector":{"controlType":"sap.m.Input","viewName":"etm.portal.ui.manageyards.view.New","viewId":"application-manageyards-display-component---NewYard","bindingPath":{"path":"","propertyPath":"/AUART","modelName":"NewYardModel"},"interaction":{"idSuffix":"inner"}},"clearTextFirst":true,"interactionType":"ENTER_TEXT"}]}
RESULT: {"script":"<script> [776 bytes]","args":[{"enterText":"TA","selector":{"controlType":"sap.m.Input","viewName":"etm.portal.ui.manageyards.view.New","viewId":"application-manageyards-display-component---NewYard","bindingPath":{"path":"","propertyPath":"/AUART","modelName":"NewYardModel"},"interaction":{"idSuffix":"inner"}},"clearTextFirst":true,"interactionType":"ENTER_TEXT"}]}
COMMAND: POST /session/e85e052fb48b678918c44a977a8ff9db/element - {"using":"xpath","value":"//button[@data-kt=\"newYardSaveButton\"]"}
RESULT: {"using":"xpath","value":"//button[@data-kt=\"newYardSaveButton\"]"}
COMMAND: POST /session/e85e052fb48b678918c44a977a8ff9db/element/f.0E2ED5F52CB306CEAC7E3CCDFCB92CD0.d.1233B32E16C175475B6127F02341231C.e.399/click - {}
RESULT: {}
COMMAND: GET /session/e85e052fb48b678918c44a977a8ff9db/screenshot - {}
RESULT: {}
COMMAND: POST /session/e85e052fb48b678918c44a977a8ff9db/element - {"using":"xpath","value":"//header[contains(@id, 'ObjectPageLayout-headerTitle')]/div[1]/div[2]/div[1]/span[1]"}
RESULT: {"using":"xpath","value":"//header[contains(@id, 'ObjectPageLayout-headerTitle')]/div[1]/div[2]/div[1]/span[1]"}
COMMAND: POST /session/e85e052fb48b678918c44a977a8ff9db/elements - {"using":"xpath","value":"//header[contains(@id, 'ObjectPageLayout-headerTitle')]/div[1]/div[2]/div[1]/span[1]"}
RESULT: {"using":"xpath","value":"//header[contains(@id, 'ObjectPageLayout-headerTitle')]/div[1]/div[2]/div[1]/span[1]"}
COMMAND: POST /session/e85e052fb48b678918c44a977a8ff9db/execute/sync - {"script":"<script> [56 bytes]","args":[{"element-6066-11e4-a52e-4f735466cecf":"f.0E2ED5F52CB306CEAC7E3CCDFCB92CD0.d.1233B32E16C175475B6127F02341231C.e.753","ELEMENT":"f.0E2ED5F52CB306CEAC7E3CCDFCB92CD0.d.1233B32E16C175475B6127F02341231C.e.753"}]}
RESULT: {"script":"<script> [56 bytes]","args":[{"element-6066-11e4-a52e-4f735466cecf":"f.0E2ED5F52CB306CEAC7E3CCDFCB92CD0.d.1233B32E16C175475B6127F02341231C.e.753","ELEMENT":"f.0E2ED5F52CB306CEAC7E3CCDFCB92CD0.d.1233B32E16C175475B6127F02341231C.e.753"}]}
COMMAND: GET /session/e85e052fb48b678918c44a977a8ff9db/screenshot - {}
RESULT: {}
COMMAND: POST /session/e85e052fb48b678918c44a977a8ff9db/element - {"using":"css selector","value":"#shell-header-logo"}
RESULT: {"using":"css selector","value":"#shell-header-logo"}
COMMAND: POST /session/e85e052fb48b678918c44a977a8ff9db/element/f.0E2ED5F52CB306CEAC7E3CCDFCB92CD0.d.1233B32E16C175475B6127F02341231C.e.264/click - {}
RESULT: {}
COMMAND: GET /session/e85e052fb48b678918c44a977a8ff9db/screenshot - {}
RESULT: {}
COMMAND: POST /session/e85e052fb48b678918c44a977a8ff9db/execute/sync - {"script":"<script> [299 bytes]","args":[["getModel","getResource"]]}
RESULT: {"script":"<script> [299 bytes]","args":[["getModel","getResource"]]}
]]></system-out>
    </testcase>
    <testcase classname="chrome.135_0_7049_96.windows.Partner_specific_tests_US150819_US151080_US151654_US151176_US103444_US151078_US151079_US151109_US151174_US151175_US151189" name="Should create new external partner US150819" time="112.477">
      <system-out><![CDATA[
COMMAND: POST /session/e85e052fb48b678918c44a977a8ff9db/element - {"using":"xpath","value":"//li[.//span[text()=\"Manage Partners\"]]"}
COMMAND: GET /session/e85e052fb48b678918c44a977a8ff9db/screenshot - {}
RESULT: {"using":"xpath","value":"//li[.//span[text()=\"Manage Partners\"]]"}
COMMAND: POST /session/e85e052fb48b678918c44a977a8ff9db/element - {"using":"xpath","value":"//li[.//span[text()=\"Manage Partners\"]]"}
RESULT: {}
RESULT: {"using":"xpath","value":"//li[.//span[text()=\"Manage Partners\"]]"}
COMMAND: POST /session/e85e052fb48b678918c44a977a8ff9db/element - {"using":"css selector","value":"#shell-header-logo"}
RESULT: {"using":"css selector","value":"#shell-header-logo"}
COMMAND: POST /session/e85e052fb48b678918c44a977a8ff9db/element/f.0E2ED5F52CB306CEAC7E3CCDFCB92CD0.d.1233B32E16C175475B6127F02341231C.e.755/click - {}
COMMAND: POST /session/e85e052fb48b678918c44a977a8ff9db/execute/sync - {"script":"<script> [8489 bytes]","args":[{"element-6066-11e4-a52e-4f735466cecf":"f.0E2ED5F52CB306CEAC7E3CCDFCB92CD0.d.1233B32E16C175475B6127F02341231C.e.755","ELEMENT":"f.0E2ED5F52CB306CEAC7E3CCDFCB92CD0.d.1233B32E16C175475B6127F02341231C.e.755"}]}
RESULT: {}
COMMAND: GET /session/e85e052fb48b678918c44a977a8ff9db/screenshot - {}
RESULT: {"script":"<script> [8489 bytes]","args":[{"element-6066-11e4-a52e-4f735466cecf":"f.0E2ED5F52CB306CEAC7E3CCDFCB92CD0.d.1233B32E16C175475B6127F02341231C.e.755","ELEMENT":"f.0E2ED5F52CB306CEAC7E3CCDFCB92CD0.d.1233B32E16C175475B6127F02341231C.e.755"}]}
COMMAND: POST /session/e85e052fb48b678918c44a977a8ff9db/execute/sync - {"script":"<script> [5351 bytes]","args":[{"element-6066-11e4-a52e-4f735466cecf":"f.0E2ED5F52CB306CEAC7E3CCDFCB92CD0.d.1233B32E16C175475B6127F02341231C.e.755","ELEMENT":"f.0E2ED5F52CB306CEAC7E3CCDFCB92CD0.d.1233B32E16C175475B6127F02341231C.e.755"}]}
COMMAND: GET /session/e85e052fb48b678918c44a977a8ff9db/screenshot - {}
RESULT: {}
RESULT: {"script":"<script> [5351 bytes]","args":[{"element-6066-11e4-a52e-4f735466cecf":"f.0E2ED5F52CB306CEAC7E3CCDFCB92CD0.d.1233B32E16C175475B6127F02341231C.e.755","ELEMENT":"f.0E2ED5F52CB306CEAC7E3CCDFCB92CD0.d.1233B32E16C175475B6127F02341231C.e.755"}]}
COMMAND: GET /session/e85e052fb48b678918c44a977a8ff9db/screenshot - {}
RESULT: {}
RESULT: {}
COMMAND: POST /session/e85e052fb48b678918c44a977a8ff9db/window/fullscreen - {}
RESULT: {}
COMMAND: POST /session/e85e052fb48b678918c44a977a8ff9db/execute/async - {"script":"<script> [1562 bytes]","args":[{"selector":{"controlType":"sap.m.GenericTile","properties":{"header":"Manage Partners"}},"wdio_ui5_key":"sapm.GenericTile{\"header\":\"Manage Partners\"}"}]}
RESULT: {"script":"<script> [1562 bytes]","args":[{"selector":{"controlType":"sap.m.GenericTile","properties":{"header":"Manage Partners"}},"wdio_ui5_key":"sapm.GenericTile{\"header\":\"Manage Partners\"}"}]}
RESULT: undefined
COMMAND: POST /session/e85e052fb48b678918c44a977a8ff9db/element - {"using":"xpath","value":"//*[@id=\"__tile38\"]"}
RESULT: {"using":"xpath","value":"//*[@id=\"__tile38\"]"}
COMMAND: POST /session/e85e052fb48b678918c44a977a8ff9db/element/f.0E2ED5F52CB306CEAC7E3CCDFCB92CD0.d.1233B32E16C175475B6127F02341231C.e.153/click - {}
RESULT: {}
COMMAND: POST /session/e85e052fb48b678918c44a977a8ff9db/element - {"using":"xpath","value":"//button[@data-kt=\"addButton\"]"}
COMMAND: GET /session/e85e052fb48b678918c44a977a8ff9db/screenshot - {}
RESULT: {"using":"xpath","value":"//button[@data-kt=\"addButton\"]"}
COMMAND: POST /session/e85e052fb48b678918c44a977a8ff9db/elements - {"using":"xpath","value":"//button[@data-kt=\"addButton\"]"}
RESULT: {}
RESULT: {"using":"xpath","value":"//button[@data-kt=\"addButton\"]"}
COMMAND: POST /session/e85e052fb48b678918c44a977a8ff9db/elements - {"using":"xpath","value":"//button[@data-kt=\"addButton\"]"}
RESULT: {"using":"xpath","value":"//button[@data-kt=\"addButton\"]"}
COMMAND: POST /session/e85e052fb48b678918c44a977a8ff9db/elements - {"using":"xpath","value":"//button[@data-kt=\"addButton\"]"}
RESULT: {"using":"xpath","value":"//button[@data-kt=\"addButton\"]"}
COMMAND: POST /session/e85e052fb48b678918c44a977a8ff9db/elements - {"using":"xpath","value":"//button[@data-kt=\"addButton\"]"}
RESULT: {"using":"xpath","value":"//button[@data-kt=\"addButton\"]"}
COMMAND: POST /session/e85e052fb48b678918c44a977a8ff9db/elements - {"using":"xpath","value":"//button[@data-kt=\"addButton\"]"}
RESULT: {"using":"xpath","value":"//button[@data-kt=\"addButton\"]"}
COMMAND: POST /session/e85e052fb48b678918c44a977a8ff9db/elements - {"using":"xpath","value":"//button[@data-kt=\"addButton\"]"}
RESULT: {"using":"xpath","value":"//button[@data-kt=\"addButton\"]"}
COMMAND: POST /session/e85e052fb48b678918c44a977a8ff9db/elements - {"using":"xpath","value":"//button[@data-kt=\"addButton\"]"}
RESULT: {"using":"xpath","value":"//button[@data-kt=\"addButton\"]"}
COMMAND: POST /session/e85e052fb48b678918c44a977a8ff9db/elements - {"using":"xpath","value":"//button[@data-kt=\"addButton\"]"}
RESULT: {"using":"xpath","value":"//button[@data-kt=\"addButton\"]"}
COMMAND: POST /session/e85e052fb48b678918c44a977a8ff9db/elements - {"using":"xpath","value":"//button[@data-kt=\"addButton\"]"}
RESULT: {"using":"xpath","value":"//button[@data-kt=\"addButton\"]"}
COMMAND: POST /session/e85e052fb48b678918c44a977a8ff9db/elements - {"using":"xpath","value":"//button[@data-kt=\"addButton\"]"}
RESULT: {"using":"xpath","value":"//button[@data-kt=\"addButton\"]"}
COMMAND: POST /session/e85e052fb48b678918c44a977a8ff9db/elements - {"using":"xpath","value":"//button[@data-kt=\"addButton\"]"}
RESULT: {"using":"xpath","value":"//button[@data-kt=\"addButton\"]"}
COMMAND: POST /session/e85e052fb48b678918c44a977a8ff9db/elements - {"using":"xpath","value":"//button[@data-kt=\"addButton\"]"}
RESULT: {"using":"xpath","value":"//button[@data-kt=\"addButton\"]"}
COMMAND: POST /session/e85e052fb48b678918c44a977a8ff9db/elements - {"using":"xpath","value":"//button[@data-kt=\"addButton\"]"}
RESULT: {"using":"xpath","value":"//button[@data-kt=\"addButton\"]"}
COMMAND: POST /session/e85e052fb48b678918c44a977a8ff9db/elements - {"using":"xpath","value":"//button[@data-kt=\"addButton\"]"}
RESULT: {"using":"xpath","value":"//button[@data-kt=\"addButton\"]"}
COMMAND: POST /session/e85e052fb48b678918c44a977a8ff9db/elements - {"using":"xpath","value":"//button[@data-kt=\"addButton\"]"}
RESULT: {"using":"xpath","value":"//button[@data-kt=\"addButton\"]"}
COMMAND: POST /session/e85e052fb48b678918c44a977a8ff9db/elements - {"using":"xpath","value":"//button[@data-kt=\"addButton\"]"}
RESULT: {"using":"xpath","value":"//button[@data-kt=\"addButton\"]"}
COMMAND: POST /session/e85e052fb48b678918c44a977a8ff9db/elements - {"using":"xpath","value":"//button[@data-kt=\"addButton\"]"}
RESULT: {"using":"xpath","value":"//button[@data-kt=\"addButton\"]"}
COMMAND: POST /session/e85e052fb48b678918c44a977a8ff9db/elements - {"using":"xpath","value":"//button[@data-kt=\"addButton\"]"}
RESULT: {"using":"xpath","value":"//button[@data-kt=\"addButton\"]"}
COMMAND: POST /session/e85e052fb48b678918c44a977a8ff9db/elements - {"using":"xpath","value":"//button[@data-kt=\"addButton\"]"}
RESULT: {"using":"xpath","value":"//button[@data-kt=\"addButton\"]"}
COMMAND: POST /session/e85e052fb48b678918c44a977a8ff9db/elements - {"using":"xpath","value":"//button[@data-kt=\"addButton\"]"}
RESULT: {"using":"xpath","value":"//button[@data-kt=\"addButton\"]"}
COMMAND: POST /session/e85e052fb48b678918c44a977a8ff9db/elements - {"using":"xpath","value":"//button[@data-kt=\"addButton\"]"}
RESULT: {"using":"xpath","value":"//button[@data-kt=\"addButton\"]"}
COMMAND: POST /session/e85e052fb48b678918c44a977a8ff9db/element - {"using":"xpath","value":"//button[@data-kt=\"addButton\"]"}
RESULT: {"using":"xpath","value":"//button[@data-kt=\"addButton\"]"}
COMMAND: POST /session/e85e052fb48b678918c44a977a8ff9db/execute/sync - {"script":"<script> [8489 bytes]","args":[{"element-6066-11e4-a52e-4f735466cecf":"f.0E2ED5F52CB306CEAC7E3CCDFCB92CD0.d.1233B32E16C175475B6127F02341231C.e.790","ELEMENT":"f.0E2ED5F52CB306CEAC7E3CCDFCB92CD0.d.1233B32E16C175475B6127F02341231C.e.790"}]}
RESULT: {"script":"<script> [8489 bytes]","args":[{"element-6066-11e4-a52e-4f735466cecf":"f.0E2ED5F52CB306CEAC7E3CCDFCB92CD0.d.1233B32E16C175475B6127F02341231C.e.790","ELEMENT":"f.0E2ED5F52CB306CEAC7E3CCDFCB92CD0.d.1233B32E16C175475B6127F02341231C.e.790"}]}
COMMAND: GET /session/e85e052fb48b678918c44a977a8ff9db/element/f.0E2ED5F52CB306CEAC7E3CCDFCB92CD0.d.1233B32E16C175475B6127F02341231C.e.790/enabled - {}
COMMAND: GET /session/e85e052fb48b678918c44a977a8ff9db/screenshot - {}
RESULT: {}
COMMAND: POST /session/e85e052fb48b678918c44a977a8ff9db/execute/sync - {"script":"<script> [8489 bytes]","args":[{"element-6066-11e4-a52e-4f735466cecf":"f.0E2ED5F52CB306CEAC7E3CCDFCB92CD0.d.1233B32E16C175475B6127F02341231C.e.790","ELEMENT":"f.0E2ED5F52CB306CEAC7E3CCDFCB92CD0.d.1233B32E16C175475B6127F02341231C.e.790"}]}
COMMAND: GET /session/e85e052fb48b678918c44a977a8ff9db/screenshot - {}
RESULT: {}
RESULT: {"script":"<script> [8489 bytes]","args":[{"element-6066-11e4-a52e-4f735466cecf":"f.0E2ED5F52CB306CEAC7E3CCDFCB92CD0.d.1233B32E16C175475B6127F02341231C.e.790","ELEMENT":"f.0E2ED5F52CB306CEAC7E3CCDFCB92CD0.d.1233B32E16C175475B6127F02341231C.e.790"}]}
COMMAND: POST /session/e85e052fb48b678918c44a977a8ff9db/execute/sync - {"script":"<script> [5351 bytes]","args":[{"element-6066-11e4-a52e-4f735466cecf":"f.0E2ED5F52CB306CEAC7E3CCDFCB92CD0.d.1233B32E16C175475B6127F02341231C.e.790","ELEMENT":"f.0E2ED5F52CB306CEAC7E3CCDFCB92CD0.d.1233B32E16C175475B6127F02341231C.e.790"}]}
COMMAND: GET /session/e85e052fb48b678918c44a977a8ff9db/screenshot - {}
RESULT: {}
RESULT: {"script":"<script> [5351 bytes]","args":[{"element-6066-11e4-a52e-4f735466cecf":"f.0E2ED5F52CB306CEAC7E3CCDFCB92CD0.d.1233B32E16C175475B6127F02341231C.e.790","ELEMENT":"f.0E2ED5F52CB306CEAC7E3CCDFCB92CD0.d.1233B32E16C175475B6127F02341231C.e.790"}]}
COMMAND: POST /session/e85e052fb48b678918c44a977a8ff9db/element/f.0E2ED5F52CB306CEAC7E3CCDFCB92CD0.d.1233B32E16C175475B6127F02341231C.e.790/click - {}
COMMAND: GET /session/e85e052fb48b678918c44a977a8ff9db/screenshot - {}
RESULT: {}
RESULT: {}
COMMAND: GET /session/e85e052fb48b678918c44a977a8ff9db/screenshot - {}
RESULT: {}
RESULT: {}
COMMAND: POST /session/e85e052fb48b678918c44a977a8ff9db/execute/async - {"script":"<script> [1562 bytes]","args":[{"selector":{"id":"application-managepartners-display-component---NewPartner--addressDetailDetailsName1","interaction":{"idSuffix":"inner"}},"wdio_ui5_key":"applicationmanagepartners-display-component---NewPartner--addressDetailDetailsName1"}]}
RESULT: {"script":"<script> [1562 bytes]","args":[{"selector":{"id":"application-managepartners-display-component---NewPartner--addressDetailDetailsName1","interaction":{"idSuffix":"inner"}},"wdio_ui5_key":"applicationmanagepartners-display-component---NewPartner--addressDetailDetailsName1"}]}
RESULT: undefined
COMMAND: POST /session/e85e052fb48b678918c44a977a8ff9db/execute/async - {"script":"<script> [776 bytes]","args":[{"enterText":"External Partner WDIO","selector":{"id":"application-managepartners-display-component---NewPartner--addressDetailDetailsName1","interaction":{"idSuffix":"inner"}},"clearTextFirst":true,"interactionType":"ENTER_TEXT"}]}
RESULT: {"script":"<script> [776 bytes]","args":[{"enterText":"External Partner WDIO","selector":{"id":"application-managepartners-display-component---NewPartner--addressDetailDetailsName1","interaction":{"idSuffix":"inner"}},"clearTextFirst":true,"interactionType":"ENTER_TEXT"}]}
COMMAND: POST /session/e85e052fb48b678918c44a977a8ff9db/execute/async - {"script":"<script> [1562 bytes]","args":[{"selector":{"id":"application-managepartners-display-component---NewPartner--addressDetailDetailsLanguage-arrow"},"wdio_ui5_key":"applicationmanagepartners-display-component---NewPartner--addressDetailDetailsLanguage-arrow"}]}
RESULT: {"script":"<script> [1562 bytes]","args":[{"selector":{"id":"application-managepartners-display-component---NewPartner--addressDetailDetailsLanguage-arrow"},"wdio_ui5_key":"applicationmanagepartners-display-component---NewPartner--addressDetailDetailsLanguage-arrow"}]}
RESULT: undefined
COMMAND: POST /session/e85e052fb48b678918c44a977a8ff9db/element - {"using":"xpath","value":"//*[@id=\"application-managepartners-display-component---NewPartner--addressDetailDetailsLanguage-arrow\"]"}
RESULT: {"using":"xpath","value":"//*[@id=\"application-managepartners-display-component---NewPartner--addressDetailDetailsLanguage-arrow\"]"}
COMMAND: POST /session/e85e052fb48b678918c44a977a8ff9db/element/f.0E2ED5F52CB306CEAC7E3CCDFCB92CD0.d.1233B32E16C175475B6127F02341231C.e.1242/click - {}
RESULT: {}
COMMAND: POST /session/e85e052fb48b678918c44a977a8ff9db/element - {"using":"xpath","value":"//span[contains(text(), \"English\")]"}
COMMAND: GET /session/e85e052fb48b678918c44a977a8ff9db/screenshot - {}
RESULT: {"using":"xpath","value":"//span[contains(text(), \"English\")]"}
COMMAND: POST /session/e85e052fb48b678918c44a977a8ff9db/element/f.0E2ED5F52CB306CEAC7E3CCDFCB92CD0.d.1233B32E16C175475B6127F02341231C.e.1243/click - {}
RESULT: {}
RESULT: {}
COMMAND: GET /session/e85e052fb48b678918c44a977a8ff9db/screenshot - {}
RESULT: {}
COMMAND: POST /session/e85e052fb48b678918c44a977a8ff9db/execute/async - {"script":"<script> [1562 bytes]","args":[{"selector":{"id":"application-managepartners-display-component---NewPartner--addressDetailDetailsCity1","interaction":{"idSuffix":"inner"}},"wdio_ui5_key":"applicationmanagepartners-display-component---NewPartner--addressDetailDetailsCity1"}]}
RESULT: {"script":"<script> [1562 bytes]","args":[{"selector":{"id":"application-managepartners-display-component---NewPartner--addressDetailDetailsCity1","interaction":{"idSuffix":"inner"}},"wdio_ui5_key":"applicationmanagepartners-display-component---NewPartner--addressDetailDetailsCity1"}]}
RESULT: undefined
COMMAND: POST /session/e85e052fb48b678918c44a977a8ff9db/execute/async - {"script":"<script> [776 bytes]","args":[{"enterText":"Rosario","selector":{"id":"application-managepartners-display-component---NewPartner--addressDetailDetailsCity1","interaction":{"idSuffix":"inner"}},"clearTextFirst":true,"interactionType":"ENTER_TEXT"}]}
RESULT: {"script":"<script> [776 bytes]","args":[{"enterText":"Rosario","selector":{"id":"application-managepartners-display-component---NewPartner--addressDetailDetailsCity1","interaction":{"idSuffix":"inner"}},"clearTextFirst":true,"interactionType":"ENTER_TEXT"}]}
COMMAND: POST /session/e85e052fb48b678918c44a977a8ff9db/execute/async - {"script":"<script> [1562 bytes]","args":[{"selector":{"id":"application-managepartners-display-component---NewPartner--addressDetailDetailsCountry-arrow"},"wdio_ui5_key":"applicationmanagepartners-display-component---NewPartner--addressDetailDetailsCountry-arrow"}]}
RESULT: {"script":"<script> [1562 bytes]","args":[{"selector":{"id":"application-managepartners-display-component---NewPartner--addressDetailDetailsCountry-arrow"},"wdio_ui5_key":"applicationmanagepartners-display-component---NewPartner--addressDetailDetailsCountry-arrow"}]}
RESULT: undefined
COMMAND: POST /session/e85e052fb48b678918c44a977a8ff9db/element - {"using":"xpath","value":"//*[@id=\"application-managepartners-display-component---NewPartner--addressDetailDetailsCountry-arrow\"]"}
RESULT: {"using":"xpath","value":"//*[@id=\"application-managepartners-display-component---NewPartner--addressDetailDetailsCountry-arrow\"]"}
COMMAND: POST /session/e85e052fb48b678918c44a977a8ff9db/element/f.0E2ED5F52CB306CEAC7E3CCDFCB92CD0.d.1233B32E16C175475B6127F02341231C.e.1229/click - {}
RESULT: {}
COMMAND: POST /session/e85e052fb48b678918c44a977a8ff9db/element - {"using":"xpath","value":"//span[contains(text(), \"Argentina\")]"}
COMMAND: GET /session/e85e052fb48b678918c44a977a8ff9db/screenshot - {}
RESULT: {"using":"xpath","value":"//span[contains(text(), \"Argentina\")]"}
COMMAND: POST /session/e85e052fb48b678918c44a977a8ff9db/element/f.0E2ED5F52CB306CEAC7E3CCDFCB92CD0.d.1233B32E16C175475B6127F02341231C.e.1245/click - {}
RESULT: {}
RESULT: {}
COMMAND: GET /session/e85e052fb48b678918c44a977a8ff9db/screenshot - {}
RESULT: {}
COMMAND: POST /session/e85e052fb48b678918c44a977a8ff9db/element - {"using":"xpath","value":"//bdi[contains(text(), \"Commercial\")]"}
RESULT: {"using":"xpath","value":"//bdi[contains(text(), \"Commercial\")]"}
COMMAND: POST /session/e85e052fb48b678918c44a977a8ff9db/element/f.0E2ED5F52CB306CEAC7E3CCDFCB92CD0.d.1233B32E16C175475B6127F02341231C.e.1246/click - {}
RESULT: {}
COMMAND: GET /session/e85e052fb48b678918c44a977a8ff9db/screenshot - {}
RESULT: {}
COMMAND: POST /session/e85e052fb48b678918c44a977a8ff9db/execute/async - {"script":"<script> [1562 bytes]","args":[{"selector":{"id":"application-managepartners-display-component---NewPartner--partnerDetailInternal-arrow"},"wdio_ui5_key":"applicationmanagepartners-display-component---NewPartner--partnerDetailInternal-arrow"}]}
RESULT: {"script":"<script> [1562 bytes]","args":[{"selector":{"id":"application-managepartners-display-component---NewPartner--partnerDetailInternal-arrow"},"wdio_ui5_key":"applicationmanagepartners-display-component---NewPartner--partnerDetailInternal-arrow"}]}
RESULT: undefined
COMMAND: POST /session/e85e052fb48b678918c44a977a8ff9db/element - {"using":"xpath","value":"//*[@id=\"application-managepartners-display-component---NewPartner--partnerDetailInternal-arrow\"]"}
RESULT: {"using":"xpath","value":"//*[@id=\"application-managepartners-display-component---NewPartner--partnerDetailInternal-arrow\"]"}
COMMAND: POST /session/e85e052fb48b678918c44a977a8ff9db/element/f.0E2ED5F52CB306CEAC7E3CCDFCB92CD0.d.1233B32E16C175475B6127F02341231C.e.1254/click - {}
RESULT: {}
COMMAND: POST /session/e85e052fb48b678918c44a977a8ff9db/element - {"using":"xpath","value":"//span[contains(text(), \"External partner\")]"}
COMMAND: GET /session/e85e052fb48b678918c44a977a8ff9db/screenshot - {}
RESULT: {"using":"xpath","value":"//span[contains(text(), \"External partner\")]"}
COMMAND: POST /session/e85e052fb48b678918c44a977a8ff9db/element/f.0E2ED5F52CB306CEAC7E3CCDFCB92CD0.d.1233B32E16C175475B6127F02341231C.e.1255/click - {}
RESULT: {}
RESULT: {}
COMMAND: POST /session/e85e052fb48b678918c44a977a8ff9db/execute/async - {"script":"<script> [1562 bytes]","args":[{"selector":{"id":"application-managepartners-display-component---NewPartner--partnerDetailsCurrency-arrow"},"wdio_ui5_key":"applicationmanagepartners-display-component---NewPartner--partnerDetailsCurrency-arrow"}]}
COMMAND: GET /session/e85e052fb48b678918c44a977a8ff9db/screenshot - {}
RESULT: {"script":"<script> [1562 bytes]","args":[{"selector":{"id":"application-managepartners-display-component---NewPartner--partnerDetailsCurrency-arrow"},"wdio_ui5_key":"applicationmanagepartners-display-component---NewPartner--partnerDetailsCurrency-arrow"}]}
RESULT: undefined
COMMAND: POST /session/e85e052fb48b678918c44a977a8ff9db/element - {"using":"xpath","value":"//*[@id=\"application-managepartners-display-component---NewPartner--partnerDetailsCurrency-arrow\"]"}
RESULT: {}
RESULT: {"using":"xpath","value":"//*[@id=\"application-managepartners-display-component---NewPartner--partnerDetailsCurrency-arrow\"]"}
COMMAND: POST /session/e85e052fb48b678918c44a977a8ff9db/element/f.0E2ED5F52CB306CEAC7E3CCDFCB92CD0.d.1233B32E16C175475B6127F02341231C.e.1260/click - {}
RESULT: {}
COMMAND: POST /session/e85e052fb48b678918c44a977a8ff9db/element - {"using":"xpath","value":"//span[contains(text(), \"US Dollar\")]"}
COMMAND: GET /session/e85e052fb48b678918c44a977a8ff9db/screenshot - {}
RESULT: {"using":"xpath","value":"//span[contains(text(), \"US Dollar\")]"}
COMMAND: POST /session/e85e052fb48b678918c44a977a8ff9db/element/f.0E2ED5F52CB306CEAC7E3CCDFCB92CD0.d.1233B32E16C175475B6127F02341231C.e.1261/click - {}
RESULT: {}
RESULT: {}
COMMAND: GET /session/e85e052fb48b678918c44a977a8ff9db/screenshot - {}
RESULT: {}
COMMAND: POST /session/e85e052fb48b678918c44a977a8ff9db/element - {"using":"xpath","value":"//input[@id=\"application-managepartners-display-component---NewPartner--companyCodeComboBox-inner\"]"}
RESULT: {"using":"xpath","value":"//input[@id=\"application-managepartners-display-component---NewPartner--companyCodeComboBox-inner\"]"}
COMMAND: POST /session/e85e052fb48b678918c44a977a8ff9db/element/f.0E2ED5F52CB306CEAC7E3CCDFCB92CD0.d.1233B32E16C175475B6127F02341231C.e.1148/clear - {}
RESULT: {}
COMMAND: POST /session/e85e052fb48b678918c44a977a8ff9db/element/f.0E2ED5F52CB306CEAC7E3CCDFCB92CD0.d.1233B32E16C175475B6127F02341231C.e.1148/value - {"text":"C002"}
COMMAND: GET /session/e85e052fb48b678918c44a977a8ff9db/screenshot - {}
RESULT: {"text":"C002"}
COMMAND: GET /session/e85e052fb48b678918c44a977a8ff9db/screenshot - {}
RESULT: {}
RESULT: {}
COMMAND: POST /session/e85e052fb48b678918c44a977a8ff9db/element - {"using":"xpath","value":"//span[contains(text(), \"C002\")]"}
RESULT: {"using":"xpath","value":"//span[contains(text(), \"C002\")]"}
COMMAND: POST /session/e85e052fb48b678918c44a977a8ff9db/element/f.0E2ED5F52CB306CEAC7E3CCDFCB92CD0.d.1233B32E16C175475B6127F02341231C.e.1265/click - {}
RESULT: {}
COMMAND: GET /session/e85e052fb48b678918c44a977a8ff9db/screenshot - {}
RESULT: {}
COMMAND: POST /session/e85e052fb48b678918c44a977a8ff9db/execute/async - {"script":"<script> [1562 bytes]","args":[{"selector":{"id":"application-managepartners-display-component---NewPartner--btnAddTableRow-img"},"wdio_ui5_key":"applicationmanagepartners-display-component---NewPartner--btnAddTableRow-img"}]}
RESULT: {"script":"<script> [1562 bytes]","args":[{"selector":{"id":"application-managepartners-display-component---NewPartner--btnAddTableRow-img"},"wdio_ui5_key":"applicationmanagepartners-display-component---NewPartner--btnAddTableRow-img"}]}
RESULT: undefined
COMMAND: POST /session/e85e052fb48b678918c44a977a8ff9db/element - {"using":"xpath","value":"//*[@id=\"application-managepartners-display-component---NewPartner--btnAddTableRow-img\"]"}
RESULT: {"using":"xpath","value":"//*[@id=\"application-managepartners-display-component---NewPartner--btnAddTableRow-img\"]"}
COMMAND: POST /session/e85e052fb48b678918c44a977a8ff9db/element/f.0E2ED5F52CB306CEAC7E3CCDFCB92CD0.d.1233B32E16C175475B6127F02341231C.e.1266/click - {}
RESULT: {}
COMMAND: GET /session/e85e052fb48b678918c44a977a8ff9db/screenshot - {}
RESULT: {}
COMMAND: POST /session/e85e052fb48b678918c44a977a8ff9db/element - {"using":"xpath","value":"//input[@id=\"application-managepartners-display-component---NewPartner--assignmentYard-application-managepartners-display-component---NewPartner--assignmentsTable-0-inner\"]"}
RESULT: {"using":"xpath","value":"//input[@id=\"application-managepartners-display-component---NewPartner--assignmentYard-application-managepartners-display-component---NewPartner--assignmentsTable-0-inner\"]"}
COMMAND: POST /session/e85e052fb48b678918c44a977a8ff9db/element/f.0E2ED5F52CB306CEAC7E3CCDFCB92CD0.d.1233B32E16C175475B6127F02341231C.e.1269/clear - {}
RESULT: {}
COMMAND: POST /session/e85e052fb48b678918c44a977a8ff9db/element/f.0E2ED5F52CB306CEAC7E3CCDFCB92CD0.d.1233B32E16C175475B6127F02341231C.e.1269/value - {"text":"488"}
COMMAND: GET /session/e85e052fb48b678918c44a977a8ff9db/screenshot - {}
RESULT: {"text":"488"}
COMMAND: GET /session/e85e052fb48b678918c44a977a8ff9db/screenshot - {}
RESULT: {}
RESULT: {}
COMMAND: POST /session/e85e052fb48b678918c44a977a8ff9db/element - {"using":"xpath","value":"//li[.//span[text()='488']]"}
RESULT: {"using":"xpath","value":"//li[.//span[text()='488']]"}
COMMAND: POST /session/e85e052fb48b678918c44a977a8ff9db/element/f.0E2ED5F52CB306CEAC7E3CCDFCB92CD0.d.1233B32E16C175475B6127F02341231C.e.1277/click - {}
RESULT: {}
COMMAND: GET /session/e85e052fb48b678918c44a977a8ff9db/screenshot - {}
RESULT: {}
COMMAND: POST /session/e85e052fb48b678918c44a977a8ff9db/actions - {"actions":[{"id":"action2","type":"key","parameters":{},"actions":[{"type":"keyDown","value":"î€‡"},{"type":"pause","duration":10},{"type":"keyUp","value":"î€‡"}]}]}
RESULT: {"actions":[{"id":"action2","type":"key","parameters":{},"actions":[{"type":"keyDown","value":"î€‡"},{"type":"pause","duration":10},{"type":"keyUp","value":"î€‡"}]}]}
COMMAND: POST /session/e85e052fb48b678918c44a977a8ff9db/element - {"using":"xpath","value":"//td[contains(@id, \"assignmentsTable-0-cell2\")]/div/div"}
COMMAND: GET /session/e85e052fb48b678918c44a977a8ff9db/screenshot - {}
RESULT: {"using":"xpath","value":"//td[contains(@id, \"assignmentsTable-0-cell2\")]/div/div"}
COMMAND: POST /session/e85e052fb48b678918c44a977a8ff9db/element/f.0E2ED5F52CB306CEAC7E3CCDFCB92CD0.d.1233B32E16C175475B6127F02341231C.e.1280/click - {}
RESULT: {}
RESULT: {}
COMMAND: GET /session/e85e052fb48b678918c44a977a8ff9db/screenshot - {}
RESULT: {}
COMMAND: POST /session/e85e052fb48b678918c44a977a8ff9db/element - {"using":"xpath","value":"//button[@data-kt=\"saveButton\"]"}
RESULT: {"using":"xpath","value":"//button[@data-kt=\"saveButton\"]"}
COMMAND: POST /session/e85e052fb48b678918c44a977a8ff9db/element/f.0E2ED5F52CB306CEAC7E3CCDFCB92CD0.d.1233B32E16C175475B6127F02341231C.e.1225/click - {}
RESULT: {}
COMMAND: GET /session/e85e052fb48b678918c44a977a8ff9db/screenshot - {}
RESULT: {}
COMMAND: POST /session/e85e052fb48b678918c44a977a8ff9db/element - {"using":"xpath","value":"//header[contains(@id, 'ObjectPageLayout-headerTitle')]/div[1]/div[2]/div[2]/span[1]"}
RESULT: {"using":"xpath","value":"//header[contains(@id, 'ObjectPageLayout-headerTitle')]/div[1]/div[2]/div[2]/span[1]"}
COMMAND: POST /session/e85e052fb48b678918c44a977a8ff9db/elements - {"using":"xpath","value":"//header[contains(@id, 'ObjectPageLayout-headerTitle')]/div[1]/div[2]/div[2]/span[1]"}
RESULT: {"using":"xpath","value":"//header[contains(@id, 'ObjectPageLayout-headerTitle')]/div[1]/div[2]/div[2]/span[1]"}
COMMAND: POST /session/e85e052fb48b678918c44a977a8ff9db/execute/sync - {"script":"<script> [56 bytes]","args":[{"element-6066-11e4-a52e-4f735466cecf":"f.0E2ED5F52CB306CEAC7E3CCDFCB92CD0.d.1233B32E16C175475B6127F02341231C.e.1443","ELEMENT":"f.0E2ED5F52CB306CEAC7E3CCDFCB92CD0.d.1233B32E16C175475B6127F02341231C.e.1443"}]}
RESULT: {"script":"<script> [56 bytes]","args":[{"element-6066-11e4-a52e-4f735466cecf":"f.0E2ED5F52CB306CEAC7E3CCDFCB92CD0.d.1233B32E16C175475B6127F02341231C.e.1443","ELEMENT":"f.0E2ED5F52CB306CEAC7E3CCDFCB92CD0.d.1233B32E16C175475B6127F02341231C.e.1443"}]}
COMMAND: POST /session/e85e052fb48b678918c44a977a8ff9db/element - {"using":"css selector","value":"#shell-header-logo"}
COMMAND: GET /session/e85e052fb48b678918c44a977a8ff9db/screenshot - {}
RESULT: {"using":"css selector","value":"#shell-header-logo"}
COMMAND: POST /session/e85e052fb48b678918c44a977a8ff9db/element/f.0E2ED5F52CB306CEAC7E3CCDFCB92CD0.d.1233B32E16C175475B6127F02341231C.e.755/click - {}
RESULT: {}
RESULT: {}
COMMAND: GET /session/e85e052fb48b678918c44a977a8ff9db/screenshot - {}
RESULT: {}
COMMAND: POST /session/e85e052fb48b678918c44a977a8ff9db/execute/sync - {"script":"<script> [299 bytes]","args":[["getModel","getResource"]]}
RESULT: {"script":"<script> [299 bytes]","args":[["getModel","getResource"]]}
]]></system-out>
    </testcase>
    <testcase classname="chrome.135_0_7049_96.windows.Partner_specific_tests_US150819_US151080_US151654_US151176_US103444_US151078_US151079_US151109_US151174_US151175_US151189" name="Should filter and search partners US151080" time="103.415">
      <system-out><![CDATA[
COMMAND: GET /session/e85e052fb48b678918c44a977a8ff9db/screenshot - {}
COMMAND: POST /session/e85e052fb48b678918c44a977a8ff9db/element - {"using":"xpath","value":"//li[.//span[text()=\"Manage Partners\"]]"}
RESULT: {"using":"xpath","value":"//li[.//span[text()=\"Manage Partners\"]]"}
COMMAND: POST /session/e85e052fb48b678918c44a977a8ff9db/element - {"using":"xpath","value":"//li[.//span[text()=\"Manage Partners\"]]"}
RESULT: {}
RESULT: {"using":"xpath","value":"//li[.//span[text()=\"Manage Partners\"]]"}
COMMAND: POST /session/e85e052fb48b678918c44a977a8ff9db/element - {"using":"css selector","value":"#shell-header-logo"}
RESULT: {"using":"css selector","value":"#shell-header-logo"}
COMMAND: POST /session/e85e052fb48b678918c44a977a8ff9db/element/f.0E2ED5F52CB306CEAC7E3CCDFCB92CD0.d.1233B32E16C175475B6127F02341231C.e.1445/click - {}
COMMAND: POST /session/e85e052fb48b678918c44a977a8ff9db/execute/sync - {"script":"<script> [8489 bytes]","args":[{"element-6066-11e4-a52e-4f735466cecf":"f.0E2ED5F52CB306CEAC7E3CCDFCB92CD0.d.1233B32E16C175475B6127F02341231C.e.1445","ELEMENT":"f.0E2ED5F52CB306CEAC7E3CCDFCB92CD0.d.1233B32E16C175475B6127F02341231C.e.1445"}]}
RESULT: {"script":"<script> [8489 bytes]","args":[{"element-6066-11e4-a52e-4f735466cecf":"f.0E2ED5F52CB306CEAC7E3CCDFCB92CD0.d.1233B32E16C175475B6127F02341231C.e.1445","ELEMENT":"f.0E2ED5F52CB306CEAC7E3CCDFCB92CD0.d.1233B32E16C175475B6127F02341231C.e.1445"}]}
COMMAND: POST /session/e85e052fb48b678918c44a977a8ff9db/execute/sync - {"script":"<script> [5351 bytes]","args":[{"element-6066-11e4-a52e-4f735466cecf":"f.0E2ED5F52CB306CEAC7E3CCDFCB92CD0.d.1233B32E16C175475B6127F02341231C.e.1445","ELEMENT":"f.0E2ED5F52CB306CEAC7E3CCDFCB92CD0.d.1233B32E16C175475B6127F02341231C.e.1445"}]}
COMMAND: GET /session/e85e052fb48b678918c44a977a8ff9db/screenshot - {}
RESULT: {}
COMMAND: GET /session/e85e052fb48b678918c44a977a8ff9db/screenshot - {}
RESULT: {"script":"<script> [5351 bytes]","args":[{"element-6066-11e4-a52e-4f735466cecf":"f.0E2ED5F52CB306CEAC7E3CCDFCB92CD0.d.1233B32E16C175475B6127F02341231C.e.1445","ELEMENT":"f.0E2ED5F52CB306CEAC7E3CCDFCB92CD0.d.1233B32E16C175475B6127F02341231C.e.1445"}]}
COMMAND: GET /session/e85e052fb48b678918c44a977a8ff9db/screenshot - {}
RESULT: {}
RESULT: {}
RESULT: {}
RESULT: undefined
COMMAND: POST /session/e85e052fb48b678918c44a977a8ff9db/element - {"using":"xpath","value":"//*[@id=\"__tile38\"]"}
RESULT: {"using":"xpath","value":"//*[@id=\"__tile38\"]"}
COMMAND: POST /session/e85e052fb48b678918c44a977a8ff9db/element/f.0E2ED5F52CB306CEAC7E3CCDFCB92CD0.d.1233B32E16C175475B6127F02341231C.e.153/click - {}
RESULT: {}
COMMAND: POST /session/e85e052fb48b678918c44a977a8ff9db/element - {"using":"xpath","value":"//button[@data-kt=\"addButton\"]"}
COMMAND: GET /session/e85e052fb48b678918c44a977a8ff9db/screenshot - {}
RESULT: {"using":"xpath","value":"//button[@data-kt=\"addButton\"]"}
COMMAND: POST /session/e85e052fb48b678918c44a977a8ff9db/elements - {"using":"xpath","value":"//button[@data-kt=\"addButton\"]"}
RESULT: {}
RESULT: {"using":"xpath","value":"//button[@data-kt=\"addButton\"]"}
COMMAND: POST /session/e85e052fb48b678918c44a977a8ff9db/elements - {"using":"xpath","value":"//button[@data-kt=\"addButton\"]"}
RESULT: {"using":"xpath","value":"//button[@data-kt=\"addButton\"]"}
COMMAND: POST /session/e85e052fb48b678918c44a977a8ff9db/elements - {"using":"xpath","value":"//button[@data-kt=\"addButton\"]"}
RESULT: {"using":"xpath","value":"//button[@data-kt=\"addButton\"]"}
COMMAND: POST /session/e85e052fb48b678918c44a977a8ff9db/elements - {"using":"xpath","value":"//button[@data-kt=\"addButton\"]"}
RESULT: {"using":"xpath","value":"//button[@data-kt=\"addButton\"]"}
COMMAND: POST /session/e85e052fb48b678918c44a977a8ff9db/elements - {"using":"xpath","value":"//button[@data-kt=\"addButton\"]"}
RESULT: {"using":"xpath","value":"//button[@data-kt=\"addButton\"]"}
COMMAND: POST /session/e85e052fb48b678918c44a977a8ff9db/elements - {"using":"xpath","value":"//button[@data-kt=\"addButton\"]"}
RESULT: {"using":"xpath","value":"//button[@data-kt=\"addButton\"]"}
COMMAND: POST /session/e85e052fb48b678918c44a977a8ff9db/elements - {"using":"xpath","value":"//button[@data-kt=\"addButton\"]"}
RESULT: {"using":"xpath","value":"//button[@data-kt=\"addButton\"]"}
COMMAND: POST /session/e85e052fb48b678918c44a977a8ff9db/elements - {"using":"xpath","value":"//button[@data-kt=\"addButton\"]"}
RESULT: {"using":"xpath","value":"//button[@data-kt=\"addButton\"]"}
COMMAND: POST /session/e85e052fb48b678918c44a977a8ff9db/elements - {"using":"xpath","value":"//button[@data-kt=\"addButton\"]"}
RESULT: {"using":"xpath","value":"//button[@data-kt=\"addButton\"]"}
COMMAND: POST /session/e85e052fb48b678918c44a977a8ff9db/elements - {"using":"xpath","value":"//button[@data-kt=\"addButton\"]"}
RESULT: {"using":"xpath","value":"//button[@data-kt=\"addButton\"]"}
COMMAND: POST /session/e85e052fb48b678918c44a977a8ff9db/elements - {"using":"xpath","value":"//button[@data-kt=\"addButton\"]"}
RESULT: {"using":"xpath","value":"//button[@data-kt=\"addButton\"]"}
COMMAND: POST /session/e85e052fb48b678918c44a977a8ff9db/elements - {"using":"xpath","value":"//button[@data-kt=\"addButton\"]"}
RESULT: {"using":"xpath","value":"//button[@data-kt=\"addButton\"]"}
COMMAND: POST /session/e85e052fb48b678918c44a977a8ff9db/elements - {"using":"xpath","value":"//button[@data-kt=\"addButton\"]"}
RESULT: {"using":"xpath","value":"//button[@data-kt=\"addButton\"]"}
COMMAND: POST /session/e85e052fb48b678918c44a977a8ff9db/elements - {"using":"xpath","value":"//button[@data-kt=\"addButton\"]"}
RESULT: {"using":"xpath","value":"//button[@data-kt=\"addButton\"]"}
COMMAND: POST /session/e85e052fb48b678918c44a977a8ff9db/elements - {"using":"xpath","value":"//button[@data-kt=\"addButton\"]"}
RESULT: {"using":"xpath","value":"//button[@data-kt=\"addButton\"]"}
COMMAND: POST /session/e85e052fb48b678918c44a977a8ff9db/elements - {"using":"xpath","value":"//button[@data-kt=\"addButton\"]"}
RESULT: {"using":"xpath","value":"//button[@data-kt=\"addButton\"]"}
COMMAND: POST /session/e85e052fb48b678918c44a977a8ff9db/elements - {"using":"xpath","value":"//button[@data-kt=\"addButton\"]"}
RESULT: {"using":"xpath","value":"//button[@data-kt=\"addButton\"]"}
COMMAND: POST /session/e85e052fb48b678918c44a977a8ff9db/elements - {"using":"xpath","value":"//button[@data-kt=\"addButton\"]"}
RESULT: {"using":"xpath","value":"//button[@data-kt=\"addButton\"]"}
COMMAND: POST /session/e85e052fb48b678918c44a977a8ff9db/elements - {"using":"xpath","value":"//button[@data-kt=\"addButton\"]"}
RESULT: {"using":"xpath","value":"//button[@data-kt=\"addButton\"]"}
COMMAND: POST /session/e85e052fb48b678918c44a977a8ff9db/elements - {"using":"xpath","value":"//button[@data-kt=\"addButton\"]"}
RESULT: {"using":"xpath","value":"//button[@data-kt=\"addButton\"]"}
COMMAND: POST /session/e85e052fb48b678918c44a977a8ff9db/elements - {"using":"xpath","value":"//button[@data-kt=\"addButton\"]"}
RESULT: {"using":"xpath","value":"//button[@data-kt=\"addButton\"]"}
COMMAND: POST /session/e85e052fb48b678918c44a977a8ff9db/elements - {"using":"xpath","value":"//button[@data-kt=\"addButton\"]"}
RESULT: {"using":"xpath","value":"//button[@data-kt=\"addButton\"]"}
COMMAND: POST /session/e85e052fb48b678918c44a977a8ff9db/elements - {"using":"xpath","value":"//button[@data-kt=\"addButton\"]"}
RESULT: {"using":"xpath","value":"//button[@data-kt=\"addButton\"]"}
COMMAND: POST /session/e85e052fb48b678918c44a977a8ff9db/elements - {"using":"xpath","value":"//button[@data-kt=\"addButton\"]"}
RESULT: {"using":"xpath","value":"//button[@data-kt=\"addButton\"]"}
COMMAND: POST /session/e85e052fb48b678918c44a977a8ff9db/elements - {"using":"xpath","value":"//button[@data-kt=\"addButton\"]"}
RESULT: {"using":"xpath","value":"//button[@data-kt=\"addButton\"]"}
COMMAND: POST /session/e85e052fb48b678918c44a977a8ff9db/elements - {"using":"xpath","value":"//button[@data-kt=\"addButton\"]"}
RESULT: {"using":"xpath","value":"//button[@data-kt=\"addButton\"]"}
COMMAND: POST /session/e85e052fb48b678918c44a977a8ff9db/elements - {"using":"xpath","value":"//button[@data-kt=\"addButton\"]"}
RESULT: {"using":"xpath","value":"//button[@data-kt=\"addButton\"]"}
COMMAND: POST /session/e85e052fb48b678918c44a977a8ff9db/element - {"using":"xpath","value":"//button[@data-kt=\"addButton\"]"}
RESULT: {"using":"xpath","value":"//button[@data-kt=\"addButton\"]"}
COMMAND: POST /session/e85e052fb48b678918c44a977a8ff9db/execute/sync - {"script":"<script> [8489 bytes]","args":[{"element-6066-11e4-a52e-4f735466cecf":"f.0E2ED5F52CB306CEAC7E3CCDFCB92CD0.d.1233B32E16C175475B6127F02341231C.e.1480","ELEMENT":"f.0E2ED5F52CB306CEAC7E3CCDFCB92CD0.d.1233B32E16C175475B6127F02341231C.e.1480"}]}
RESULT: {"script":"<script> [8489 bytes]","args":[{"element-6066-11e4-a52e-4f735466cecf":"f.0E2ED5F52CB306CEAC7E3CCDFCB92CD0.d.1233B32E16C175475B6127F02341231C.e.1480","ELEMENT":"f.0E2ED5F52CB306CEAC7E3CCDFCB92CD0.d.1233B32E16C175475B6127F02341231C.e.1480"}]}
COMMAND: GET /session/e85e052fb48b678918c44a977a8ff9db/element/f.0E2ED5F52CB306CEAC7E3CCDFCB92CD0.d.1233B32E16C175475B6127F02341231C.e.1480/enabled - {}
COMMAND: GET /session/e85e052fb48b678918c44a977a8ff9db/screenshot - {}
RESULT: {}
COMMAND: POST /session/e85e052fb48b678918c44a977a8ff9db/execute/sync - {"script":"<script> [8489 bytes]","args":[{"element-6066-11e4-a52e-4f735466cecf":"f.0E2ED5F52CB306CEAC7E3CCDFCB92CD0.d.1233B32E16C175475B6127F02341231C.e.1480","ELEMENT":"f.0E2ED5F52CB306CEAC7E3CCDFCB92CD0.d.1233B32E16C175475B6127F02341231C.e.1480"}]}
COMMAND: GET /session/e85e052fb48b678918c44a977a8ff9db/screenshot - {}
RESULT: {}
RESULT: {"script":"<script> [8489 bytes]","args":[{"element-6066-11e4-a52e-4f735466cecf":"f.0E2ED5F52CB306CEAC7E3CCDFCB92CD0.d.1233B32E16C175475B6127F02341231C.e.1480","ELEMENT":"f.0E2ED5F52CB306CEAC7E3CCDFCB92CD0.d.1233B32E16C175475B6127F02341231C.e.1480"}]}
COMMAND: POST /session/e85e052fb48b678918c44a977a8ff9db/execute/sync - {"script":"<script> [5351 bytes]","args":[{"element-6066-11e4-a52e-4f735466cecf":"f.0E2ED5F52CB306CEAC7E3CCDFCB92CD0.d.1233B32E16C175475B6127F02341231C.e.1480","ELEMENT":"f.0E2ED5F52CB306CEAC7E3CCDFCB92CD0.d.1233B32E16C175475B6127F02341231C.e.1480"}]}
COMMAND: GET /session/e85e052fb48b678918c44a977a8ff9db/screenshot - {}
RESULT: {}
RESULT: {"script":"<script> [5351 bytes]","args":[{"element-6066-11e4-a52e-4f735466cecf":"f.0E2ED5F52CB306CEAC7E3CCDFCB92CD0.d.1233B32E16C175475B6127F02341231C.e.1480","ELEMENT":"f.0E2ED5F52CB306CEAC7E3CCDFCB92CD0.d.1233B32E16C175475B6127F02341231C.e.1480"}]}
RESULT: {}
COMMAND: GET /session/e85e052fb48b678918c44a977a8ff9db/screenshot - {}
RESULT: {}
COMMAND: POST /session/e85e052fb48b678918c44a977a8ff9db/execute/async - {"script":"<script> [1562 bytes]","args":[{"selector":{"id":"application-managepartners-display-component---masterPtm--smartTable-btnPersonalisation-img"},"wdio_ui5_key":"applicationmanagepartners-display-component---masterPtm--smartTable-btnPersonalisation-img"}]}
RESULT: {"script":"<script> [1562 bytes]","args":[{"selector":{"id":"application-managepartners-display-component---masterPtm--smartTable-btnPersonalisation-img"},"wdio_ui5_key":"applicationmanagepartners-display-component---masterPtm--smartTable-btnPersonalisation-img"}]}
RESULT: undefined
COMMAND: POST /session/e85e052fb48b678918c44a977a8ff9db/element - {"using":"xpath","value":"//*[@id=\"application-managepartners-display-component---masterPtm--smartTable-btnPersonalisation-img\"]"}
RESULT: {"using":"xpath","value":"//*[@id=\"application-managepartners-display-component---masterPtm--smartTable-btnPersonalisation-img\"]"}
COMMAND: POST /session/e85e052fb48b678918c44a977a8ff9db/element/f.0E2ED5F52CB306CEAC7E3CCDFCB92CD0.d.1233B32E16C175475B6127F02341231C.e.1496/click - {}
RESULT: {}
COMMAND: GET /session/e85e052fb48b678918c44a977a8ff9db/screenshot - {}
RESULT: {}
COMMAND: POST /session/e85e052fb48b678918c44a977a8ff9db/execute/async - {"script":"<script> [1562 bytes]","args":[{"selector":{"controlType":"sap.m.IconTabFilter","viewName":"etm.portal.ui.managepartners.view.Master","viewId":"application-managepartners-display-component---masterPtm","properties":{"text":"Sort"},"searchOpenDialogs":true,"interaction":{"idSuffix":"text"}},"wdio_ui5_key":"etmportal.ui.managepartners.view.Mastersap.m.IconTabFilter{\"text\":\"Sort\"}"}]}
RESULT: {"script":"<script> [1562 bytes]","args":[{"selector":{"controlType":"sap.m.IconTabFilter","viewName":"etm.portal.ui.managepartners.view.Master","viewId":"application-managepartners-display-component---masterPtm","properties":{"text":"Sort"},"searchOpenDialogs":true,"interaction":{"idSuffix":"text"}},"wdio_ui5_key":"etmportal.ui.managepartners.view.Mastersap.m.IconTabFilter{\"text\":\"Sort\"}"}]}
RESULT: undefined
COMMAND: POST /session/e85e052fb48b678918c44a977a8ff9db/element - {"using":"xpath","value":"//*[@id=\"__filter1\"]"}
RESULT: {"using":"xpath","value":"//*[@id=\"__filter1\"]"}
COMMAND: POST /session/e85e052fb48b678918c44a977a8ff9db/element/f.0E2ED5F52CB306CEAC7E3CCDFCB92CD0.d.1233B32E16C175475B6127F02341231C.e.1636/click - {}
RESULT: {}
COMMAND: GET /session/e85e052fb48b678918c44a977a8ff9db/screenshot - {}
RESULT: {}
COMMAND: POST /session/e85e052fb48b678918c44a977a8ff9db/element - {"using":"xpath","value":"//input[@placeholder=\"Sort by\"]/following-sibling::div//span"}
RESULT: {"using":"xpath","value":"//input[@placeholder=\"Sort by\"]/following-sibling::div//span"}
COMMAND: POST /session/e85e052fb48b678918c44a977a8ff9db/element/f.0E2ED5F52CB306CEAC7E3CCDFCB92CD0.d.1233B32E16C175475B6127F02341231C.e.1638/click - {}
RESULT: {}
COMMAND: GET /session/e85e052fb48b678918c44a977a8ff9db/screenshot - {}
RESULT: {}
COMMAND: POST /session/e85e052fb48b678918c44a977a8ff9db/element - {"using":"xpath","value":"//li[.//span[text()=\"Language\"]]"}
RESULT: {"using":"xpath","value":"//li[.//span[text()=\"Language\"]]"}
COMMAND: POST /session/e85e052fb48b678918c44a977a8ff9db/element/f.0E2ED5F52CB306CEAC7E3CCDFCB92CD0.d.1233B32E16C175475B6127F02341231C.e.1639/click - {}
RESULT: {}
COMMAND: GET /session/e85e052fb48b678918c44a977a8ff9db/screenshot - {}
RESULT: {}
COMMAND: POST /session/e85e052fb48b678918c44a977a8ff9db/element - {"using":"xpath","value":"//bdi[contains(text(), \"OK\")]"}
RESULT: {"using":"xpath","value":"//bdi[contains(text(), \"OK\")]"}
COMMAND: POST /session/e85e052fb48b678918c44a977a8ff9db/element/f.0E2ED5F52CB306CEAC7E3CCDFCB92CD0.d.1233B32E16C175475B6127F02341231C.e.1643/click - {}
RESULT: {}
COMMAND: GET /session/e85e052fb48b678918c44a977a8ff9db/screenshot - {}
RESULT: {}
COMMAND: POST /session/e85e052fb48b678918c44a977a8ff9db/element - {"using":"xpath","value":"//table[contains(@id, \"customPartnersTable\")]//tbody/tr[1]/td[3]/span"}
RESULT: {"using":"xpath","value":"//table[contains(@id, \"customPartnersTable\")]//tbody/tr[1]/td[3]/span"}
COMMAND: POST /session/e85e052fb48b678918c44a977a8ff9db/execute/sync - {"script":"<script> [56 bytes]","args":[{"element-6066-11e4-a52e-4f735466cecf":"f.0E2ED5F52CB306CEAC7E3CCDFCB92CD0.d.1233B32E16C175475B6127F02341231C.e.1768","ELEMENT":"f.0E2ED5F52CB306CEAC7E3CCDFCB92CD0.d.1233B32E16C175475B6127F02341231C.e.1768"}]}
RESULT: {"script":"<script> [56 bytes]","args":[{"element-6066-11e4-a52e-4f735466cecf":"f.0E2ED5F52CB306CEAC7E3CCDFCB92CD0.d.1233B32E16C175475B6127F02341231C.e.1768","ELEMENT":"f.0E2ED5F52CB306CEAC7E3CCDFCB92CD0.d.1233B32E16C175475B6127F02341231C.e.1768"}]}
RESULT: undefined
COMMAND: POST /session/e85e052fb48b678918c44a977a8ff9db/element - {"using":"xpath","value":"//*[@id=\"application-managepartners-display-component---masterPtm--smartTable-btnPersonalisation-img\"]"}
COMMAND: GET /session/e85e052fb48b678918c44a977a8ff9db/screenshot - {}
RESULT: {"using":"xpath","value":"//*[@id=\"application-managepartners-display-component---masterPtm--smartTable-btnPersonalisation-img\"]"}
COMMAND: POST /session/e85e052fb48b678918c44a977a8ff9db/element/f.0E2ED5F52CB306CEAC7E3CCDFCB92CD0.d.1233B32E16C175475B6127F02341231C.e.1496/click - {}
RESULT: {}
RESULT: {}
COMMAND: GET /session/e85e052fb48b678918c44a977a8ff9db/screenshot - {}
RESULT: {}
COMMAND: POST /session/e85e052fb48b678918c44a977a8ff9db/element - {"using":"xpath","value":"//bdi[contains(text(), \"Reset\")]"}
RESULT: {"using":"xpath","value":"//bdi[contains(text(), \"Reset\")]"}
COMMAND: POST /session/e85e052fb48b678918c44a977a8ff9db/element/f.0E2ED5F52CB306CEAC7E3CCDFCB92CD0.d.1233B32E16C175475B6127F02341231C.e.1775/click - {}
RESULT: {}
COMMAND: GET /session/e85e052fb48b678918c44a977a8ff9db/screenshot - {}
RESULT: {}
COMMAND: POST /session/e85e052fb48b678918c44a977a8ff9db/element - {"using":"xpath","value":"(//bdi[contains(text(), \"OK\")])[2]"}
RESULT: {"using":"xpath","value":"(//bdi[contains(text(), \"OK\")])[2]"}
COMMAND: POST /session/e85e052fb48b678918c44a977a8ff9db/element/f.0E2ED5F52CB306CEAC7E3CCDFCB92CD0.d.1233B32E16C175475B6127F02341231C.e.1777/click - {}
RESULT: {}
COMMAND: GET /session/e85e052fb48b678918c44a977a8ff9db/screenshot - {}
RESULT: {}
COMMAND: POST /session/e85e052fb48b678918c44a977a8ff9db/element - {"using":"xpath","value":"//bdi[contains(text(), \"OK\")]"}
RESULT: {"using":"xpath","value":"//bdi[contains(text(), \"OK\")]"}
COMMAND: POST /session/e85e052fb48b678918c44a977a8ff9db/element/f.0E2ED5F52CB306CEAC7E3CCDFCB92CD0.d.1233B32E16C175475B6127F02341231C.e.1828/click - {}
RESULT: {}
COMMAND: GET /session/e85e052fb48b678918c44a977a8ff9db/screenshot - {}
RESULT: {}
COMMAND: POST /session/e85e052fb48b678918c44a977a8ff9db/element - {"using":"xpath","value":"//table[contains(@id, \"customPartnersTable\")]//tbody/tr[1]/td[3]/span"}
RESULT: {"using":"xpath","value":"//table[contains(@id, \"customPartnersTable\")]//tbody/tr[1]/td[3]/span"}
COMMAND: POST /session/e85e052fb48b678918c44a977a8ff9db/execute/sync - {"script":"<script> [56 bytes]","args":[{"element-6066-11e4-a52e-4f735466cecf":"f.0E2ED5F52CB306CEAC7E3CCDFCB92CD0.d.1233B32E16C175475B6127F02341231C.e.1830","ELEMENT":"f.0E2ED5F52CB306CEAC7E3CCDFCB92CD0.d.1233B32E16C175475B6127F02341231C.e.1830"}]}
RESULT: {"script":"<script> [56 bytes]","args":[{"element-6066-11e4-a52e-4f735466cecf":"f.0E2ED5F52CB306CEAC7E3CCDFCB92CD0.d.1233B32E16C175475B6127F02341231C.e.1830","ELEMENT":"f.0E2ED5F52CB306CEAC7E3CCDFCB92CD0.d.1233B32E16C175475B6127F02341231C.e.1830"}]}
RESULT: undefined
COMMAND: POST /session/e85e052fb48b678918c44a977a8ff9db/element - {"using":"xpath","value":"//*[@id=\"application-managepartners-display-component---masterPtm--smartTable-btnPersonalisation-img\"]"}
COMMAND: GET /session/e85e052fb48b678918c44a977a8ff9db/screenshot - {}
RESULT: {"using":"xpath","value":"//*[@id=\"application-managepartners-display-component---masterPtm--smartTable-btnPersonalisation-img\"]"}
COMMAND: POST /session/e85e052fb48b678918c44a977a8ff9db/element/f.0E2ED5F52CB306CEAC7E3CCDFCB92CD0.d.1233B32E16C175475B6127F02341231C.e.1496/click - {}
RESULT: {}
RESULT: {}
COMMAND: GET /session/e85e052fb48b678918c44a977a8ff9db/screenshot - {}
RESULT: {}
COMMAND: POST /session/e85e052fb48b678918c44a977a8ff9db/execute/async - {"script":"<script> [1562 bytes]","args":[{"selector":{"controlType":"sap.m.IconTabFilter","viewName":"etm.portal.ui.managepartners.view.Master","viewId":"application-managepartners-display-component---masterPtm","properties":{"text":"Filter"},"searchOpenDialogs":true,"interaction":{"idSuffix":"text"}},"wdio_ui5_key":"etmportal.ui.managepartners.view.Mastersap.m.IconTabFilter{\"text\":\"Filter\"}"}]}
RESULT: {"script":"<script> [1562 bytes]","args":[{"selector":{"controlType":"sap.m.IconTabFilter","viewName":"etm.portal.ui.managepartners.view.Master","viewId":"application-managepartners-display-component---masterPtm","properties":{"text":"Filter"},"searchOpenDialogs":true,"interaction":{"idSuffix":"text"}},"wdio_ui5_key":"etmportal.ui.managepartners.view.Mastersap.m.IconTabFilter{\"text\":\"Filter\"}"}]}
RESULT: undefined
COMMAND: POST /session/e85e052fb48b678918c44a977a8ff9db/element - {"using":"xpath","value":"//*[@id=\"__filter10\"]"}
RESULT: {"using":"xpath","value":"//*[@id=\"__filter10\"]"}
COMMAND: POST /session/e85e052fb48b678918c44a977a8ff9db/element/f.0E2ED5F52CB306CEAC7E3CCDFCB92CD0.d.1233B32E16C175475B6127F02341231C.e.1835/click - {}
RESULT: {}
COMMAND: GET /session/e85e052fb48b678918c44a977a8ff9db/screenshot - {}
RESULT: {}
COMMAND: POST /session/e85e052fb48b678918c44a977a8ff9db/element - {"using":"xpath","value":"//input[@placeholder=\"Filter by\"]/following-sibling::div//span"}
RESULT: {"using":"xpath","value":"//input[@placeholder=\"Filter by\"]/following-sibling::div//span"}
COMMAND: POST /session/e85e052fb48b678918c44a977a8ff9db/element/f.0E2ED5F52CB306CEAC7E3CCDFCB92CD0.d.1233B32E16C175475B6127F02341231C.e.1837/click - {}
RESULT: {}
COMMAND: GET /session/e85e052fb48b678918c44a977a8ff9db/screenshot - {}
RESULT: {}
COMMAND: POST /session/e85e052fb48b678918c44a977a8ff9db/element - {"using":"xpath","value":"//li[.//span[text()=\"Preferred Yard\"]]"}
RESULT: {"using":"xpath","value":"//li[.//span[text()=\"Preferred Yard\"]]"}
COMMAND: POST /session/e85e052fb48b678918c44a977a8ff9db/element/f.0E2ED5F52CB306CEAC7E3CCDFCB92CD0.d.1233B32E16C175475B6127F02341231C.e.1838/click - {}
RESULT: {}
COMMAND: GET /session/e85e052fb48b678918c44a977a8ff9db/screenshot - {}
RESULT: {}
COMMAND: POST /session/e85e052fb48b678918c44a977a8ff9db/execute/async - {"script":"<script> [1562 bytes]","args":[{"selector":{"id":"FilterPanel-filterItemControl_BASIC-application-managepartners-display-component---masterPtm--smartTable-YARDYARD-vhi","searchOpenDialogs":true},"wdio_ui5_key":"FilterPanelfilterItemControl_BASIC-application-managepartners-display-component---masterPtm--smartTable-YARDYARD-vhi"}]}
RESULT: {"script":"<script> [1562 bytes]","args":[{"selector":{"id":"FilterPanel-filterItemControl_BASIC-application-managepartners-display-component---masterPtm--smartTable-YARDYARD-vhi","searchOpenDialogs":true},"wdio_ui5_key":"FilterPanelfilterItemControl_BASIC-application-managepartners-display-component---masterPtm--smartTable-YARDYARD-vhi"}]}
RESULT: undefined
COMMAND: POST /session/e85e052fb48b678918c44a977a8ff9db/element - {"using":"xpath","value":"//*[@id=\"FilterPanel-filterItemControl_BASIC-application-managepartners-display-component---masterPtm--smartTable-YARDYARD-vhi\"]"}
RESULT: {"using":"xpath","value":"//*[@id=\"FilterPanel-filterItemControl_BASIC-application-managepartners-display-component---masterPtm--smartTable-YARDYARD-vhi\"]"}
COMMAND: POST /session/e85e052fb48b678918c44a977a8ff9db/element/f.0E2ED5F52CB306CEAC7E3CCDFCB92CD0.d.1233B32E16C175475B6127F02341231C.e.1841/click - {}
RESULT: {}
COMMAND: GET /session/e85e052fb48b678918c44a977a8ff9db/screenshot - {}
RESULT: {}
COMMAND: POST /session/e85e052fb48b678918c44a977a8ff9db/execute/async - {"script":"<script> [1562 bytes]","args":[{"selector":{"id":"FilterPanel-filterItemControl_BASIC-application-managepartners-display-component---masterPtm--smartTable-YARDYARD-valueHelpDialog-smartFilterBar-btnBasicSearch","searchOpenDialogs":true,"interaction":{"idSuffix":"I"}},"wdio_ui5_key":"FilterPanelfilterItemControl_BASIC-application-managepartners-display-component---masterPtm--smartTable-YARDYARD-valueHelpDialog-smartFilterBar-btnBasicSearch"}]}
RESULT: {"script":"<script> [1562 bytes]","args":[{"selector":{"id":"FilterPanel-filterItemControl_BASIC-application-managepartners-display-component---masterPtm--smartTable-YARDYARD-valueHelpDialog-smartFilterBar-btnBasicSearch","searchOpenDialogs":true,"interaction":{"idSuffix":"I"}},"wdio_ui5_key":"FilterPanelfilterItemControl_BASIC-application-managepartners-display-component---masterPtm--smartTable-YARDYARD-valueHelpDialog-smartFilterBar-btnBasicSearch"}]}
RESULT: undefined
COMMAND: POST /session/e85e052fb48b678918c44a977a8ff9db/execute/async - {"script":"<script> [776 bytes]","args":[{"enterText":"488","selector":{"id":"FilterPanel-filterItemControl_BASIC-application-managepartners-display-component---masterPtm--smartTable-YARDYARD-valueHelpDialog-smartFilterBar-btnBasicSearch","searchOpenDialogs":true,"interaction":{"idSuffix":"I"}},"clearTextFirst":true,"interactionType":"ENTER_TEXT"}]}
RESULT: {"script":"<script> [776 bytes]","args":[{"enterText":"488","selector":{"id":"FilterPanel-filterItemControl_BASIC-application-managepartners-display-component---masterPtm--smartTable-YARDYARD-valueHelpDialog-smartFilterBar-btnBasicSearch","searchOpenDialogs":true,"interaction":{"idSuffix":"I"}},"clearTextFirst":true,"interactionType":"ENTER_TEXT"}]}
COMMAND: POST /session/e85e052fb48b678918c44a977a8ff9db/actions - {"actions":[{"id":"action3","type":"key","parameters":{},"actions":[{"type":"keyDown","value":"î€‡"},{"type":"pause","duration":10},{"type":"keyUp","value":"î€‡"}]}]}
RESULT: {"actions":[{"id":"action3","type":"key","parameters":{},"actions":[{"type":"keyDown","value":"î€‡"},{"type":"pause","duration":10},{"type":"keyUp","value":"î€‡"}]}]}
COMMAND: GET /session/e85e052fb48b678918c44a977a8ff9db/screenshot - {}
RESULT: {}
COMMAND: POST /session/e85e052fb48b678918c44a977a8ff9db/elements - {"using":"xpath","value":"//table[contains(@id, \"smartTable-YARDYARD-valueHelpDialog-table-table\")]/tbody/tr"}
RESULT: {"using":"xpath","value":"//table[contains(@id, \"smartTable-YARDYARD-valueHelpDialog-table-table\")]/tbody/tr"}
COMMAND: POST /session/e85e052fb48b678918c44a977a8ff9db/element - {"using":"xpath","value":"//table[contains(@id, \"smartTable-YARDYARD-valueHelpDialog-table-table\")]/tbody/tr[1]/td[1]/div/span"}
RESULT: {"using":"xpath","value":"//table[contains(@id, \"smartTable-YARDYARD-valueHelpDialog-table-table\")]/tbody/tr[1]/td[1]/div/span"}
COMMAND: POST /session/e85e052fb48b678918c44a977a8ff9db/elements - {"using":"xpath","value":"//table[contains(@id, \"smartTable-YARDYARD-valueHelpDialog-table-table\")]/tbody/tr[1]/td[1]/div/span"}
RESULT: {"using":"xpath","value":"//table[contains(@id, \"smartTable-YARDYARD-valueHelpDialog-table-table\")]/tbody/tr[1]/td[1]/div/span"}
COMMAND: POST /session/e85e052fb48b678918c44a977a8ff9db/execute/sync - {"script":"<script> [56 bytes]","args":[{"element-6066-11e4-a52e-4f735466cecf":"f.0E2ED5F52CB306CEAC7E3CCDFCB92CD0.d.1233B32E16C175475B6127F02341231C.e.1860","ELEMENT":"f.0E2ED5F52CB306CEAC7E3CCDFCB92CD0.d.1233B32E16C175475B6127F02341231C.e.1860"}]}
RESULT: {"script":"<script> [56 bytes]","args":[{"element-6066-11e4-a52e-4f735466cecf":"f.0E2ED5F52CB306CEAC7E3CCDFCB92CD0.d.1233B32E16C175475B6127F02341231C.e.1860","ELEMENT":"f.0E2ED5F52CB306CEAC7E3CCDFCB92CD0.d.1233B32E16C175475B6127F02341231C.e.1860"}]}
COMMAND: POST /session/e85e052fb48b678918c44a977a8ff9db/element - {"using":"xpath","value":"//table[contains(@id, \"smartTable-YARDYARD-valueHelpDialog-table-table\")]/tbody/tr[2]/td[1]/div/span"}
COMMAND: GET /session/e85e052fb48b678918c44a977a8ff9db/screenshot - {}
RESULT: {"using":"xpath","value":"//table[contains(@id, \"smartTable-YARDYARD-valueHelpDialog-table-table\")]/tbody/tr[2]/td[1]/div/span"}
COMMAND: POST /session/e85e052fb48b678918c44a977a8ff9db/elements - {"using":"xpath","value":"//table[contains(@id, \"smartTable-YARDYARD-valueHelpDialog-table-table\")]/tbody/tr[2]/td[1]/div/span"}
RESULT: {}
RESULT: {"using":"xpath","value":"//table[contains(@id, \"smartTable-YARDYARD-valueHelpDialog-table-table\")]/tbody/tr[2]/td[1]/div/span"}
COMMAND: POST /session/e85e052fb48b678918c44a977a8ff9db/execute/sync - {"script":"<script> [56 bytes]","args":[{"element-6066-11e4-a52e-4f735466cecf":"f.0E2ED5F52CB306CEAC7E3CCDFCB92CD0.d.1233B32E16C175475B6127F02341231C.e.1861","ELEMENT":"f.0E2ED5F52CB306CEAC7E3CCDFCB92CD0.d.1233B32E16C175475B6127F02341231C.e.1861"}]}
RESULT: {"script":"<script> [56 bytes]","args":[{"element-6066-11e4-a52e-4f735466cecf":"f.0E2ED5F52CB306CEAC7E3CCDFCB92CD0.d.1233B32E16C175475B6127F02341231C.e.1861","ELEMENT":"f.0E2ED5F52CB306CEAC7E3CCDFCB92CD0.d.1233B32E16C175475B6127F02341231C.e.1861"}]}
COMMAND: POST /session/e85e052fb48b678918c44a977a8ff9db/element - {"using":"xpath","value":"//div[contains(@id, \"YARDYARD-valueHelpDialog-table-rowsel1\")]"}
COMMAND: GET /session/e85e052fb48b678918c44a977a8ff9db/screenshot - {}
RESULT: {"using":"xpath","value":"//div[contains(@id, \"YARDYARD-valueHelpDialog-table-rowsel1\")]"}
COMMAND: POST /session/e85e052fb48b678918c44a977a8ff9db/element/f.0E2ED5F52CB306CEAC7E3CCDFCB92CD0.d.1233B32E16C175475B6127F02341231C.e.1862/click - {}
RESULT: {}
RESULT: {}
COMMAND: GET /session/e85e052fb48b678918c44a977a8ff9db/screenshot - {}
RESULT: {}
COMMAND: POST /session/e85e052fb48b678918c44a977a8ff9db/element - {"using":"xpath","value":"(//bdi[contains(text(), \"OK\")])[2]"}
RESULT: {"using":"xpath","value":"(//bdi[contains(text(), \"OK\")])[2]"}
COMMAND: POST /session/e85e052fb48b678918c44a977a8ff9db/element/f.0E2ED5F52CB306CEAC7E3CCDFCB92CD0.d.1233B32E16C175475B6127F02341231C.e.1864/click - {}
RESULT: {}
COMMAND: GET /session/e85e052fb48b678918c44a977a8ff9db/screenshot - {}
RESULT: {}
COMMAND: POST /session/e85e052fb48b678918c44a977a8ff9db/element - {"using":"xpath","value":"//bdi[contains(text(), \"OK\")]"}
RESULT: {"using":"xpath","value":"//bdi[contains(text(), \"OK\")]"}
COMMAND: POST /session/e85e052fb48b678918c44a977a8ff9db/element/f.0E2ED5F52CB306CEAC7E3CCDFCB92CD0.d.1233B32E16C175475B6127F02341231C.e.1867/click - {}
RESULT: {}
COMMAND: GET /session/e85e052fb48b678918c44a977a8ff9db/screenshot - {}
RESULT: {}
COMMAND: POST /session/e85e052fb48b678918c44a977a8ff9db/element - {"using":"xpath","value":"//table[contains(@id, \"customPartnersTable\")]//tbody/tr[1]/td[3]/span"}
RESULT: {"using":"xpath","value":"//table[contains(@id, \"customPartnersTable\")]//tbody/tr[1]/td[3]/span"}
COMMAND: POST /session/e85e052fb48b678918c44a977a8ff9db/execute/sync - {"script":"<script> [56 bytes]","args":[{"element-6066-11e4-a52e-4f735466cecf":"f.0E2ED5F52CB306CEAC7E3CCDFCB92CD0.d.1233B32E16C175475B6127F02341231C.e.1830","ELEMENT":"f.0E2ED5F52CB306CEAC7E3CCDFCB92CD0.d.1233B32E16C175475B6127F02341231C.e.1830"}]}
RESULT: {"script":"<script> [56 bytes]","args":[{"element-6066-11e4-a52e-4f735466cecf":"f.0E2ED5F52CB306CEAC7E3CCDFCB92CD0.d.1233B32E16C175475B6127F02341231C.e.1830","ELEMENT":"f.0E2ED5F52CB306CEAC7E3CCDFCB92CD0.d.1233B32E16C175475B6127F02341231C.e.1830"}]}
COMMAND: POST /session/e85e052fb48b678918c44a977a8ff9db/element - {"using":"css selector","value":"#shell-header-logo"}
COMMAND: GET /session/e85e052fb48b678918c44a977a8ff9db/screenshot - {}
RESULT: {"using":"css selector","value":"#shell-header-logo"}
COMMAND: POST /session/e85e052fb48b678918c44a977a8ff9db/element/f.0E2ED5F52CB306CEAC7E3CCDFCB92CD0.d.1233B32E16C175475B6127F02341231C.e.1445/click - {}
RESULT: {}
RESULT: {}
COMMAND: GET /session/e85e052fb48b678918c44a977a8ff9db/screenshot - {}
RESULT: {}
]]></system-out>
    </testcase>
    <testcase classname="chrome.135_0_7049_96.windows.Partner_specific_tests_US150819_US151080_US151654_US151176_US103444_US151078_US151079_US151109_US151174_US151175_US151189" name="Should deactivate the created partner in earlier step US151654" time="56.401">
      <system-out><![CDATA[
COMMAND: POST /session/e85e052fb48b678918c44a977a8ff9db/element - {"using":"xpath","value":"//li[.//span[text()=\"Manage Partners\"]]"}
RESULT: {"using":"xpath","value":"//li[.//span[text()=\"Manage Partners\"]]"}
COMMAND: POST /session/e85e052fb48b678918c44a977a8ff9db/element - {"using":"xpath","value":"//li[.//span[text()=\"Manage Partners\"]]"}
RESULT: {"using":"xpath","value":"//li[.//span[text()=\"Manage Partners\"]]"}
COMMAND: POST /session/e85e052fb48b678918c44a977a8ff9db/element - {"using":"css selector","value":"#shell-header-logo"}
RESULT: {"using":"css selector","value":"#shell-header-logo"}
COMMAND: POST /session/e85e052fb48b678918c44a977a8ff9db/element/f.0E2ED5F52CB306CEAC7E3CCDFCB92CD0.d.1233B32E16C175475B6127F02341231C.e.1916/click - {}
COMMAND: POST /session/e85e052fb48b678918c44a977a8ff9db/execute/sync - {"script":"<script> [8489 bytes]","args":[{"element-6066-11e4-a52e-4f735466cecf":"f.0E2ED5F52CB306CEAC7E3CCDFCB92CD0.d.1233B32E16C175475B6127F02341231C.e.1916","ELEMENT":"f.0E2ED5F52CB306CEAC7E3CCDFCB92CD0.d.1233B32E16C175475B6127F02341231C.e.1916"}]}
RESULT: {"script":"<script> [8489 bytes]","args":[{"element-6066-11e4-a52e-4f735466cecf":"f.0E2ED5F52CB306CEAC7E3CCDFCB92CD0.d.1233B32E16C175475B6127F02341231C.e.1916","ELEMENT":"f.0E2ED5F52CB306CEAC7E3CCDFCB92CD0.d.1233B32E16C175475B6127F02341231C.e.1916"}]}
COMMAND: POST /session/e85e052fb48b678918c44a977a8ff9db/execute/sync - {"script":"<script> [5351 bytes]","args":[{"element-6066-11e4-a52e-4f735466cecf":"f.0E2ED5F52CB306CEAC7E3CCDFCB92CD0.d.1233B32E16C175475B6127F02341231C.e.1916","ELEMENT":"f.0E2ED5F52CB306CEAC7E3CCDFCB92CD0.d.1233B32E16C175475B6127F02341231C.e.1916"}]}
COMMAND: GET /session/e85e052fb48b678918c44a977a8ff9db/screenshot - {}
RESULT: {}
COMMAND: GET /session/e85e052fb48b678918c44a977a8ff9db/screenshot - {}
RESULT: {"script":"<script> [5351 bytes]","args":[{"element-6066-11e4-a52e-4f735466cecf":"f.0E2ED5F52CB306CEAC7E3CCDFCB92CD0.d.1233B32E16C175475B6127F02341231C.e.1916","ELEMENT":"f.0E2ED5F52CB306CEAC7E3CCDFCB92CD0.d.1233B32E16C175475B6127F02341231C.e.1916"}]}
COMMAND: GET /session/e85e052fb48b678918c44a977a8ff9db/screenshot - {}
RESULT: {}
RESULT: {}
RESULT: {}
RESULT: undefined
COMMAND: POST /session/e85e052fb48b678918c44a977a8ff9db/element - {"using":"xpath","value":"//*[@id=\"__tile38\"]"}
RESULT: {"using":"xpath","value":"//*[@id=\"__tile38\"]"}
COMMAND: POST /session/e85e052fb48b678918c44a977a8ff9db/element/f.0E2ED5F52CB306CEAC7E3CCDFCB92CD0.d.1233B32E16C175475B6127F02341231C.e.153/click - {}
RESULT: {}
COMMAND: POST /session/e85e052fb48b678918c44a977a8ff9db/element - {"using":"xpath","value":"//button[@data-kt=\"addButton\"]"}
COMMAND: GET /session/e85e052fb48b678918c44a977a8ff9db/screenshot - {}
RESULT: {"using":"xpath","value":"//button[@data-kt=\"addButton\"]"}
COMMAND: POST /session/e85e052fb48b678918c44a977a8ff9db/elements - {"using":"xpath","value":"//button[@data-kt=\"addButton\"]"}
RESULT: {}
RESULT: {"using":"xpath","value":"//button[@data-kt=\"addButton\"]"}
COMMAND: POST /session/e85e052fb48b678918c44a977a8ff9db/elements - {"using":"xpath","value":"//button[@data-kt=\"addButton\"]"}
RESULT: {"using":"xpath","value":"//button[@data-kt=\"addButton\"]"}
COMMAND: POST /session/e85e052fb48b678918c44a977a8ff9db/element - {"using":"xpath","value":"//button[@data-kt=\"addButton\"]"}
RESULT: {"using":"xpath","value":"//button[@data-kt=\"addButton\"]"}
COMMAND: POST /session/e85e052fb48b678918c44a977a8ff9db/execute/sync - {"script":"<script> [8489 bytes]","args":[{"element-6066-11e4-a52e-4f735466cecf":"f.0E2ED5F52CB306CEAC7E3CCDFCB92CD0.d.1233B32E16C175475B6127F02341231C.e.1962","ELEMENT":"f.0E2ED5F52CB306CEAC7E3CCDFCB92CD0.d.1233B32E16C175475B6127F02341231C.e.1962"}]}
RESULT: {"script":"<script> [8489 bytes]","args":[{"element-6066-11e4-a52e-4f735466cecf":"f.0E2ED5F52CB306CEAC7E3CCDFCB92CD0.d.1233B32E16C175475B6127F02341231C.e.1962","ELEMENT":"f.0E2ED5F52CB306CEAC7E3CCDFCB92CD0.d.1233B32E16C175475B6127F02341231C.e.1962"}]}
COMMAND: GET /session/e85e052fb48b678918c44a977a8ff9db/element/f.0E2ED5F52CB306CEAC7E3CCDFCB92CD0.d.1233B32E16C175475B6127F02341231C.e.1962/enabled - {}
COMMAND: GET /session/e85e052fb48b678918c44a977a8ff9db/screenshot - {}
RESULT: {}
COMMAND: POST /session/e85e052fb48b678918c44a977a8ff9db/execute/sync - {"script":"<script> [8489 bytes]","args":[{"element-6066-11e4-a52e-4f735466cecf":"f.0E2ED5F52CB306CEAC7E3CCDFCB92CD0.d.1233B32E16C175475B6127F02341231C.e.1962","ELEMENT":"f.0E2ED5F52CB306CEAC7E3CCDFCB92CD0.d.1233B32E16C175475B6127F02341231C.e.1962"}]}
COMMAND: GET /session/e85e052fb48b678918c44a977a8ff9db/screenshot - {}
RESULT: {}
RESULT: {"script":"<script> [8489 bytes]","args":[{"element-6066-11e4-a52e-4f735466cecf":"f.0E2ED5F52CB306CEAC7E3CCDFCB92CD0.d.1233B32E16C175475B6127F02341231C.e.1962","ELEMENT":"f.0E2ED5F52CB306CEAC7E3CCDFCB92CD0.d.1233B32E16C175475B6127F02341231C.e.1962"}]}
COMMAND: POST /session/e85e052fb48b678918c44a977a8ff9db/execute/sync - {"script":"<script> [5351 bytes]","args":[{"element-6066-11e4-a52e-4f735466cecf":"f.0E2ED5F52CB306CEAC7E3CCDFCB92CD0.d.1233B32E16C175475B6127F02341231C.e.1962","ELEMENT":"f.0E2ED5F52CB306CEAC7E3CCDFCB92CD0.d.1233B32E16C175475B6127F02341231C.e.1962"}]}
COMMAND: GET /session/e85e052fb48b678918c44a977a8ff9db/screenshot - {}
RESULT: {}
RESULT: {"script":"<script> [5351 bytes]","args":[{"element-6066-11e4-a52e-4f735466cecf":"f.0E2ED5F52CB306CEAC7E3CCDFCB92CD0.d.1233B32E16C175475B6127F02341231C.e.1962","ELEMENT":"f.0E2ED5F52CB306CEAC7E3CCDFCB92CD0.d.1233B32E16C175475B6127F02341231C.e.1962"}]}
COMMAND: GET /session/e85e052fb48b678918c44a977a8ff9db/screenshot - {}
RESULT: {}
RESULT: {}
COMMAND: POST /session/e85e052fb48b678918c44a977a8ff9db/execute/async - {"script":"<script> [1562 bytes]","args":[{"selector":{"id":"application-managepartners-display-component---masterPtm--smartFilterBar-btnBasicSearch","interaction":{"idSuffix":"I"}},"wdio_ui5_key":"applicationmanagepartners-display-component---masterPtm--smartFilterBar-btnBasicSearch"}]}
RESULT: {"script":"<script> [1562 bytes]","args":[{"selector":{"id":"application-managepartners-display-component---masterPtm--smartFilterBar-btnBasicSearch","interaction":{"idSuffix":"I"}},"wdio_ui5_key":"applicationmanagepartners-display-component---masterPtm--smartFilterBar-btnBasicSearch"}]}
RESULT: undefined
COMMAND: POST /session/e85e052fb48b678918c44a977a8ff9db/execute/async - {"script":"<script> [776 bytes]","args":[{"enterText":"1359","selector":{"id":"application-managepartners-display-component---masterPtm--smartFilterBar-btnBasicSearch","interaction":{"idSuffix":"I"}},"clearTextFirst":true,"interactionType":"ENTER_TEXT"}]}
RESULT: {"script":"<script> [776 bytes]","args":[{"enterText":"1359","selector":{"id":"application-managepartners-display-component---masterPtm--smartFilterBar-btnBasicSearch","interaction":{"idSuffix":"I"}},"clearTextFirst":true,"interactionType":"ENTER_TEXT"}]}
COMMAND: POST /session/e85e052fb48b678918c44a977a8ff9db/actions - {"actions":[{"id":"action4","type":"key","parameters":{},"actions":[{"type":"keyDown","value":"î€‡"},{"type":"pause","duration":10},{"type":"keyUp","value":"î€‡"}]}]}
RESULT: {"actions":[{"id":"action4","type":"key","parameters":{},"actions":[{"type":"keyDown","value":"î€‡"},{"type":"pause","duration":10},{"type":"keyUp","value":"î€‡"}]}]}
COMMAND: GET /session/e85e052fb48b678918c44a977a8ff9db/screenshot - {}
RESULT: {}
COMMAND: POST /session/e85e052fb48b678918c44a977a8ff9db/elements - {"using":"xpath","value":"//table[contains(@id, \"customPartnersTable-listUl\")]/tbody/tr"}
RESULT: {"using":"xpath","value":"//table[contains(@id, \"customPartnersTable-listUl\")]/tbody/tr"}
COMMAND: POST /session/e85e052fb48b678918c44a977a8ff9db/element - {"using":"xpath","value":"//table[contains(@id, \"customPartnersTable-listUl\")]/tbody/tr[1]/td[3]/span"}
RESULT: {"using":"xpath","value":"//table[contains(@id, \"customPartnersTable-listUl\")]/tbody/tr[1]/td[3]/span"}
COMMAND: POST /session/e85e052fb48b678918c44a977a8ff9db/elements - {"using":"xpath","value":"//table[contains(@id, \"customPartnersTable-listUl\")]/tbody/tr[1]/td[3]/span"}
RESULT: {"using":"xpath","value":"//table[contains(@id, \"customPartnersTable-listUl\")]/tbody/tr[1]/td[3]/span"}
COMMAND: POST /session/e85e052fb48b678918c44a977a8ff9db/execute/sync - {"script":"<script> [56 bytes]","args":[{"element-6066-11e4-a52e-4f735466cecf":"f.0E2ED5F52CB306CEAC7E3CCDFCB92CD0.d.1233B32E16C175475B6127F02341231C.e.2096","ELEMENT":"f.0E2ED5F52CB306CEAC7E3CCDFCB92CD0.d.1233B32E16C175475B6127F02341231C.e.2096"}]}
RESULT: {"script":"<script> [56 bytes]","args":[{"element-6066-11e4-a52e-4f735466cecf":"f.0E2ED5F52CB306CEAC7E3CCDFCB92CD0.d.1233B32E16C175475B6127F02341231C.e.2096","ELEMENT":"f.0E2ED5F52CB306CEAC7E3CCDFCB92CD0.d.1233B32E16C175475B6127F02341231C.e.2096"}]}
COMMAND: POST /session/e85e052fb48b678918c44a977a8ff9db/element - {"using":"xpath","value":"//table[contains(@id, \"customPartnersTable-listUl\")]/tbody/tr[1]/td[7]/div/span"}
COMMAND: GET /session/e85e052fb48b678918c44a977a8ff9db/screenshot - {}
RESULT: {"using":"xpath","value":"//table[contains(@id, \"customPartnersTable-listUl\")]/tbody/tr[1]/td[7]/div/span"}
COMMAND: POST /session/e85e052fb48b678918c44a977a8ff9db/execute/sync - {"script":"<script> [56 bytes]","args":[{"element-6066-11e4-a52e-4f735466cecf":"f.0E2ED5F52CB306CEAC7E3CCDFCB92CD0.d.1233B32E16C175475B6127F02341231C.e.2097","ELEMENT":"f.0E2ED5F52CB306CEAC7E3CCDFCB92CD0.d.1233B32E16C175475B6127F02341231C.e.2097"}]}
RESULT: {}
RESULT: {"script":"<script> [56 bytes]","args":[{"element-6066-11e4-a52e-4f735466cecf":"f.0E2ED5F52CB306CEAC7E3CCDFCB92CD0.d.1233B32E16C175475B6127F02341231C.e.2097","ELEMENT":"f.0E2ED5F52CB306CEAC7E3CCDFCB92CD0.d.1233B32E16C175475B6127F02341231C.e.2097"}]}
COMMAND: POST /session/e85e052fb48b678918c44a977a8ff9db/element - {"using":"xpath","value":"//table[contains(@id, \"customPartnersTable-listUl\")]/tbody/tr[1]/td[2]/div/div"}
COMMAND: GET /session/e85e052fb48b678918c44a977a8ff9db/screenshot - {}
RESULT: {"using":"xpath","value":"//table[contains(@id, \"customPartnersTable-listUl\")]/tbody/tr[1]/td[2]/div/div"}
COMMAND: POST /session/e85e052fb48b678918c44a977a8ff9db/element/f.0E2ED5F52CB306CEAC7E3CCDFCB92CD0.d.1233B32E16C175475B6127F02341231C.e.2098/click - {}
RESULT: {}
RESULT: {}
COMMAND: GET /session/e85e052fb48b678918c44a977a8ff9db/screenshot - {}
RESULT: {}
COMMAND: POST /session/e85e052fb48b678918c44a977a8ff9db/element - {"using":"xpath","value":"//bdi[contains(text(), \"Deactivate\")]"}
RESULT: {"using":"xpath","value":"//bdi[contains(text(), \"Deactivate\")]"}
COMMAND: POST /session/e85e052fb48b678918c44a977a8ff9db/element/f.0E2ED5F52CB306CEAC7E3CCDFCB92CD0.d.1233B32E16C175475B6127F02341231C.e.2099/click - {}
RESULT: {}
COMMAND: GET /session/e85e052fb48b678918c44a977a8ff9db/screenshot - {}
RESULT: {}
COMMAND: POST /session/e85e052fb48b678918c44a977a8ff9db/element - {"using":"xpath","value":"//bdi[contains(text(), \"Yes\")]"}
RESULT: {"using":"xpath","value":"//bdi[contains(text(), \"Yes\")]"}
COMMAND: POST /session/e85e052fb48b678918c44a977a8ff9db/element/f.0E2ED5F52CB306CEAC7E3CCDFCB92CD0.d.1233B32E16C175475B6127F02341231C.e.2101/click - {}
RESULT: {}
COMMAND: GET /session/e85e052fb48b678918c44a977a8ff9db/screenshot - {}
RESULT: {}
COMMAND: POST /session/e85e052fb48b678918c44a977a8ff9db/element - {"using":"xpath","value":"//table[contains(@id, \"customPartnersTable-listUl\")]/tbody/tr[1]/td[7]/div/span"}
RESULT: {"using":"xpath","value":"//table[contains(@id, \"customPartnersTable-listUl\")]/tbody/tr[1]/td[7]/div/span"}
COMMAND: POST /session/e85e052fb48b678918c44a977a8ff9db/execute/sync - {"script":"<script> [56 bytes]","args":[{"element-6066-11e4-a52e-4f735466cecf":"f.0E2ED5F52CB306CEAC7E3CCDFCB92CD0.d.1233B32E16C175475B6127F02341231C.e.2097","ELEMENT":"f.0E2ED5F52CB306CEAC7E3CCDFCB92CD0.d.1233B32E16C175475B6127F02341231C.e.2097"}]}
RESULT: {"script":"<script> [56 bytes]","args":[{"element-6066-11e4-a52e-4f735466cecf":"f.0E2ED5F52CB306CEAC7E3CCDFCB92CD0.d.1233B32E16C175475B6127F02341231C.e.2097","ELEMENT":"f.0E2ED5F52CB306CEAC7E3CCDFCB92CD0.d.1233B32E16C175475B6127F02341231C.e.2097"}]}
COMMAND: GET /session/e85e052fb48b678918c44a977a8ff9db/screenshot - {}
RESULT: {}
COMMAND: POST /session/e85e052fb48b678918c44a977a8ff9db/element - {"using":"css selector","value":"#shell-header-logo"}
RESULT: {"using":"css selector","value":"#shell-header-logo"}
COMMAND: POST /session/e85e052fb48b678918c44a977a8ff9db/element/f.0E2ED5F52CB306CEAC7E3CCDFCB92CD0.d.1233B32E16C175475B6127F02341231C.e.1916/click - {}
RESULT: {}
COMMAND: GET /session/e85e052fb48b678918c44a977a8ff9db/screenshot - {}
RESULT: {}
]]></system-out>
    </testcase>
    <testcase classname="chrome.135_0_7049_96.windows.Partner_specific_tests_US150819_US151080_US151654_US151176_US103444_US151078_US151079_US151109_US151174_US151175_US151189" name="Should activate the created partner again US151176" time="55.456">
      <system-out><![CDATA[
COMMAND: POST /session/e85e052fb48b678918c44a977a8ff9db/element - {"using":"xpath","value":"//li[.//span[text()=\"Manage Partners\"]]"}
RESULT: {"using":"xpath","value":"//li[.//span[text()=\"Manage Partners\"]]"}
COMMAND: POST /session/e85e052fb48b678918c44a977a8ff9db/element - {"using":"xpath","value":"//li[.//span[text()=\"Manage Partners\"]]"}
RESULT: {"using":"xpath","value":"//li[.//span[text()=\"Manage Partners\"]]"}
COMMAND: POST /session/e85e052fb48b678918c44a977a8ff9db/element - {"using":"css selector","value":"#shell-header-logo"}
RESULT: {"using":"css selector","value":"#shell-header-logo"}
COMMAND: POST /session/e85e052fb48b678918c44a977a8ff9db/element/f.0E2ED5F52CB306CEAC7E3CCDFCB92CD0.d.1233B32E16C175475B6127F02341231C.e.2105/click - {}
COMMAND: POST /session/e85e052fb48b678918c44a977a8ff9db/execute/sync - {"script":"<script> [8489 bytes]","args":[{"element-6066-11e4-a52e-4f735466cecf":"f.0E2ED5F52CB306CEAC7E3CCDFCB92CD0.d.1233B32E16C175475B6127F02341231C.e.2105","ELEMENT":"f.0E2ED5F52CB306CEAC7E3CCDFCB92CD0.d.1233B32E16C175475B6127F02341231C.e.2105"}]}
RESULT: {}
COMMAND: GET /session/e85e052fb48b678918c44a977a8ff9db/screenshot - {}
RESULT: {"script":"<script> [8489 bytes]","args":[{"element-6066-11e4-a52e-4f735466cecf":"f.0E2ED5F52CB306CEAC7E3CCDFCB92CD0.d.1233B32E16C175475B6127F02341231C.e.2105","ELEMENT":"f.0E2ED5F52CB306CEAC7E3CCDFCB92CD0.d.1233B32E16C175475B6127F02341231C.e.2105"}]}
COMMAND: POST /session/e85e052fb48b678918c44a977a8ff9db/execute/sync - {"script":"<script> [5351 bytes]","args":[{"element-6066-11e4-a52e-4f735466cecf":"f.0E2ED5F52CB306CEAC7E3CCDFCB92CD0.d.1233B32E16C175475B6127F02341231C.e.2105","ELEMENT":"f.0E2ED5F52CB306CEAC7E3CCDFCB92CD0.d.1233B32E16C175475B6127F02341231C.e.2105"}]}
COMMAND: GET /session/e85e052fb48b678918c44a977a8ff9db/screenshot - {}
RESULT: {}
RESULT: {"script":"<script> [5351 bytes]","args":[{"element-6066-11e4-a52e-4f735466cecf":"f.0E2ED5F52CB306CEAC7E3CCDFCB92CD0.d.1233B32E16C175475B6127F02341231C.e.2105","ELEMENT":"f.0E2ED5F52CB306CEAC7E3CCDFCB92CD0.d.1233B32E16C175475B6127F02341231C.e.2105"}]}
COMMAND: GET /session/e85e052fb48b678918c44a977a8ff9db/screenshot - {}
RESULT: {}
RESULT: {}
RESULT: undefined
COMMAND: POST /session/e85e052fb48b678918c44a977a8ff9db/element - {"using":"xpath","value":"//*[@id=\"__tile38\"]"}
RESULT: {"using":"xpath","value":"//*[@id=\"__tile38\"]"}
COMMAND: POST /session/e85e052fb48b678918c44a977a8ff9db/element/f.0E2ED5F52CB306CEAC7E3CCDFCB92CD0.d.1233B32E16C175475B6127F02341231C.e.153/click - {}
RESULT: {}
COMMAND: POST /session/e85e052fb48b678918c44a977a8ff9db/element - {"using":"xpath","value":"//button[@data-kt=\"addButton\"]"}
COMMAND: GET /session/e85e052fb48b678918c44a977a8ff9db/screenshot - {}
RESULT: {"using":"xpath","value":"//button[@data-kt=\"addButton\"]"}
COMMAND: POST /session/e85e052fb48b678918c44a977a8ff9db/elements - {"using":"xpath","value":"//button[@data-kt=\"addButton\"]"}
RESULT: {}
RESULT: {"using":"xpath","value":"//button[@data-kt=\"addButton\"]"}
COMMAND: POST /session/e85e052fb48b678918c44a977a8ff9db/execute/sync - {"script":"<script> [8489 bytes]","args":[{"element-6066-11e4-a52e-4f735466cecf":"f.0E2ED5F52CB306CEAC7E3CCDFCB92CD0.d.1233B32E16C175475B6127F02341231C.e.2139","ELEMENT":"f.0E2ED5F52CB306CEAC7E3CCDFCB92CD0.d.1233B32E16C175475B6127F02341231C.e.2139"}]}
RESULT: {"script":"<script> [8489 bytes]","args":[{"element-6066-11e4-a52e-4f735466cecf":"f.0E2ED5F52CB306CEAC7E3CCDFCB92CD0.d.1233B32E16C175475B6127F02341231C.e.2139","ELEMENT":"f.0E2ED5F52CB306CEAC7E3CCDFCB92CD0.d.1233B32E16C175475B6127F02341231C.e.2139"}]}
COMMAND: GET /session/e85e052fb48b678918c44a977a8ff9db/element/f.0E2ED5F52CB306CEAC7E3CCDFCB92CD0.d.1233B32E16C175475B6127F02341231C.e.2139/enabled - {}
COMMAND: GET /session/e85e052fb48b678918c44a977a8ff9db/screenshot - {}
RESULT: {}
COMMAND: POST /session/e85e052fb48b678918c44a977a8ff9db/execute/sync - {"script":"<script> [8489 bytes]","args":[{"element-6066-11e4-a52e-4f735466cecf":"f.0E2ED5F52CB306CEAC7E3CCDFCB92CD0.d.1233B32E16C175475B6127F02341231C.e.2139","ELEMENT":"f.0E2ED5F52CB306CEAC7E3CCDFCB92CD0.d.1233B32E16C175475B6127F02341231C.e.2139"}]}
COMMAND: GET /session/e85e052fb48b678918c44a977a8ff9db/screenshot - {}
RESULT: {}
RESULT: {"script":"<script> [8489 bytes]","args":[{"element-6066-11e4-a52e-4f735466cecf":"f.0E2ED5F52CB306CEAC7E3CCDFCB92CD0.d.1233B32E16C175475B6127F02341231C.e.2139","ELEMENT":"f.0E2ED5F52CB306CEAC7E3CCDFCB92CD0.d.1233B32E16C175475B6127F02341231C.e.2139"}]}
COMMAND: POST /session/e85e052fb48b678918c44a977a8ff9db/execute/sync - {"script":"<script> [5351 bytes]","args":[{"element-6066-11e4-a52e-4f735466cecf":"f.0E2ED5F52CB306CEAC7E3CCDFCB92CD0.d.1233B32E16C175475B6127F02341231C.e.2139","ELEMENT":"f.0E2ED5F52CB306CEAC7E3CCDFCB92CD0.d.1233B32E16C175475B6127F02341231C.e.2139"}]}
COMMAND: GET /session/e85e052fb48b678918c44a977a8ff9db/screenshot - {}
RESULT: {}
RESULT: {"script":"<script> [5351 bytes]","args":[{"element-6066-11e4-a52e-4f735466cecf":"f.0E2ED5F52CB306CEAC7E3CCDFCB92CD0.d.1233B32E16C175475B6127F02341231C.e.2139","ELEMENT":"f.0E2ED5F52CB306CEAC7E3CCDFCB92CD0.d.1233B32E16C175475B6127F02341231C.e.2139"}]}
COMMAND: GET /session/e85e052fb48b678918c44a977a8ff9db/screenshot - {}
RESULT: {}
RESULT: {}
RESULT: undefined
COMMAND: POST /session/e85e052fb48b678918c44a977a8ff9db/execute/async - {"script":"<script> [776 bytes]","args":[{"enterText":"1359","selector":{"id":"application-managepartners-display-component---masterPtm--smartFilterBar-btnBasicSearch","interaction":{"idSuffix":"I"}},"clearTextFirst":true,"interactionType":"ENTER_TEXT"}]}
RESULT: {"script":"<script> [776 bytes]","args":[{"enterText":"1359","selector":{"id":"application-managepartners-display-component---masterPtm--smartFilterBar-btnBasicSearch","interaction":{"idSuffix":"I"}},"clearTextFirst":true,"interactionType":"ENTER_TEXT"}]}
COMMAND: POST /session/e85e052fb48b678918c44a977a8ff9db/actions - {"actions":[{"id":"action5","type":"key","parameters":{},"actions":[{"type":"keyDown","value":"î€‡"},{"type":"pause","duration":10},{"type":"keyUp","value":"î€‡"}]}]}
RESULT: {"actions":[{"id":"action5","type":"key","parameters":{},"actions":[{"type":"keyDown","value":"î€‡"},{"type":"pause","duration":10},{"type":"keyUp","value":"î€‡"}]}]}
COMMAND: GET /session/e85e052fb48b678918c44a977a8ff9db/screenshot - {}
RESULT: {}
COMMAND: POST /session/e85e052fb48b678918c44a977a8ff9db/elements - {"using":"xpath","value":"//table[contains(@id, \"customPartnersTable-listUl\")]/tbody/tr"}
RESULT: {"using":"xpath","value":"//table[contains(@id, \"customPartnersTable-listUl\")]/tbody/tr"}
COMMAND: POST /session/e85e052fb48b678918c44a977a8ff9db/element - {"using":"xpath","value":"//table[contains(@id, \"customPartnersTable-listUl\")]/tbody/tr[1]/td[3]/span"}
RESULT: {"using":"xpath","value":"//table[contains(@id, \"customPartnersTable-listUl\")]/tbody/tr[1]/td[3]/span"}
COMMAND: POST /session/e85e052fb48b678918c44a977a8ff9db/elements - {"using":"xpath","value":"//table[contains(@id, \"customPartnersTable-listUl\")]/tbody/tr[1]/td[3]/span"}
RESULT: {"using":"xpath","value":"//table[contains(@id, \"customPartnersTable-listUl\")]/tbody/tr[1]/td[3]/span"}
COMMAND: POST /session/e85e052fb48b678918c44a977a8ff9db/execute/sync - {"script":"<script> [56 bytes]","args":[{"element-6066-11e4-a52e-4f735466cecf":"f.0E2ED5F52CB306CEAC7E3CCDFCB92CD0.d.1233B32E16C175475B6127F02341231C.e.2286","ELEMENT":"f.0E2ED5F52CB306CEAC7E3CCDFCB92CD0.d.1233B32E16C175475B6127F02341231C.e.2286"}]}
RESULT: {"script":"<script> [56 bytes]","args":[{"element-6066-11e4-a52e-4f735466cecf":"f.0E2ED5F52CB306CEAC7E3CCDFCB92CD0.d.1233B32E16C175475B6127F02341231C.e.2286","ELEMENT":"f.0E2ED5F52CB306CEAC7E3CCDFCB92CD0.d.1233B32E16C175475B6127F02341231C.e.2286"}]}
COMMAND: POST /session/e85e052fb48b678918c44a977a8ff9db/element - {"using":"xpath","value":"//table[contains(@id, \"customPartnersTable-listUl\")]/tbody/tr[1]/td[7]/div/span"}
COMMAND: GET /session/e85e052fb48b678918c44a977a8ff9db/screenshot - {}
RESULT: {"using":"xpath","value":"//table[contains(@id, \"customPartnersTable-listUl\")]/tbody/tr[1]/td[7]/div/span"}
COMMAND: POST /session/e85e052fb48b678918c44a977a8ff9db/execute/sync - {"script":"<script> [56 bytes]","args":[{"element-6066-11e4-a52e-4f735466cecf":"f.0E2ED5F52CB306CEAC7E3CCDFCB92CD0.d.1233B32E16C175475B6127F02341231C.e.2287","ELEMENT":"f.0E2ED5F52CB306CEAC7E3CCDFCB92CD0.d.1233B32E16C175475B6127F02341231C.e.2287"}]}
RESULT: {}
RESULT: {"script":"<script> [56 bytes]","args":[{"element-6066-11e4-a52e-4f735466cecf":"f.0E2ED5F52CB306CEAC7E3CCDFCB92CD0.d.1233B32E16C175475B6127F02341231C.e.2287","ELEMENT":"f.0E2ED5F52CB306CEAC7E3CCDFCB92CD0.d.1233B32E16C175475B6127F02341231C.e.2287"}]}
COMMAND: POST /session/e85e052fb48b678918c44a977a8ff9db/element - {"using":"xpath","value":"//table[contains(@id, \"customPartnersTable-listUl\")]/tbody/tr[1]/td[2]/div/div"}
COMMAND: GET /session/e85e052fb48b678918c44a977a8ff9db/screenshot - {}
RESULT: {"using":"xpath","value":"//table[contains(@id, \"customPartnersTable-listUl\")]/tbody/tr[1]/td[2]/div/div"}
COMMAND: POST /session/e85e052fb48b678918c44a977a8ff9db/element/f.0E2ED5F52CB306CEAC7E3CCDFCB92CD0.d.1233B32E16C175475B6127F02341231C.e.2288/click - {}
RESULT: {}
RESULT: {}
COMMAND: GET /session/e85e052fb48b678918c44a977a8ff9db/screenshot - {}
RESULT: {}
COMMAND: POST /session/e85e052fb48b678918c44a977a8ff9db/element - {"using":"xpath","value":"//bdi[contains(text(), \"Activate\")]"}
RESULT: {"using":"xpath","value":"//bdi[contains(text(), \"Activate\")]"}
COMMAND: POST /session/e85e052fb48b678918c44a977a8ff9db/element/f.0E2ED5F52CB306CEAC7E3CCDFCB92CD0.d.1233B32E16C175475B6127F02341231C.e.2289/click - {}
RESULT: {}
COMMAND: GET /session/e85e052fb48b678918c44a977a8ff9db/screenshot - {}
RESULT: {}
COMMAND: POST /session/e85e052fb48b678918c44a977a8ff9db/element - {"using":"xpath","value":"//bdi[contains(text(), \"Yes\")]"}
RESULT: {"using":"xpath","value":"//bdi[contains(text(), \"Yes\")]"}
COMMAND: POST /session/e85e052fb48b678918c44a977a8ff9db/element/f.0E2ED5F52CB306CEAC7E3CCDFCB92CD0.d.1233B32E16C175475B6127F02341231C.e.2291/click - {}
RESULT: {}
COMMAND: GET /session/e85e052fb48b678918c44a977a8ff9db/screenshot - {}
RESULT: {}
COMMAND: POST /session/e85e052fb48b678918c44a977a8ff9db/element - {"using":"xpath","value":"//table[contains(@id, \"customPartnersTable-listUl\")]/tbody/tr[1]/td[7]/div/span"}
RESULT: {"using":"xpath","value":"//table[contains(@id, \"customPartnersTable-listUl\")]/tbody/tr[1]/td[7]/div/span"}
COMMAND: POST /session/e85e052fb48b678918c44a977a8ff9db/execute/sync - {"script":"<script> [56 bytes]","args":[{"element-6066-11e4-a52e-4f735466cecf":"f.0E2ED5F52CB306CEAC7E3CCDFCB92CD0.d.1233B32E16C175475B6127F02341231C.e.2287","ELEMENT":"f.0E2ED5F52CB306CEAC7E3CCDFCB92CD0.d.1233B32E16C175475B6127F02341231C.e.2287"}]}
RESULT: {"script":"<script> [56 bytes]","args":[{"element-6066-11e4-a52e-4f735466cecf":"f.0E2ED5F52CB306CEAC7E3CCDFCB92CD0.d.1233B32E16C175475B6127F02341231C.e.2287","ELEMENT":"f.0E2ED5F52CB306CEAC7E3CCDFCB92CD0.d.1233B32E16C175475B6127F02341231C.e.2287"}]}
COMMAND: GET /session/e85e052fb48b678918c44a977a8ff9db/screenshot - {}
RESULT: {}
COMMAND: POST /session/e85e052fb48b678918c44a977a8ff9db/element - {"using":"css selector","value":"#shell-header-logo"}
RESULT: {"using":"css selector","value":"#shell-header-logo"}
COMMAND: POST /session/e85e052fb48b678918c44a977a8ff9db/element/f.0E2ED5F52CB306CEAC7E3CCDFCB92CD0.d.1233B32E16C175475B6127F02341231C.e.2105/click - {}
RESULT: {}
COMMAND: GET /session/e85e052fb48b678918c44a977a8ff9db/screenshot - {}
RESULT: {}
]]></system-out>
    </testcase>
    <testcase classname="chrome.135_0_7049_96.windows.Partner_specific_tests_US150819_US151080_US151654_US151176_US103444_US151078_US151079_US151109_US151174_US151175_US151189" name="Should edit the created external partner and save it and check its content US103444" time="64.804">
      <system-out><![CDATA[
COMMAND: POST /session/e85e052fb48b678918c44a977a8ff9db/element - {"using":"xpath","value":"//li[.//span[text()=\"Manage Partners\"]]"}
RESULT: {"using":"xpath","value":"//li[.//span[text()=\"Manage Partners\"]]"}
COMMAND: POST /session/e85e052fb48b678918c44a977a8ff9db/element - {"using":"xpath","value":"//li[.//span[text()=\"Manage Partners\"]]"}
RESULT: {"using":"xpath","value":"//li[.//span[text()=\"Manage Partners\"]]"}
COMMAND: POST /session/e85e052fb48b678918c44a977a8ff9db/element - {"using":"css selector","value":"#shell-header-logo"}
RESULT: {"using":"css selector","value":"#shell-header-logo"}
COMMAND: POST /session/e85e052fb48b678918c44a977a8ff9db/element/f.0E2ED5F52CB306CEAC7E3CCDFCB92CD0.d.1233B32E16C175475B6127F02341231C.e.2295/click - {}
COMMAND: POST /session/e85e052fb48b678918c44a977a8ff9db/execute/sync - {"script":"<script> [8489 bytes]","args":[{"element-6066-11e4-a52e-4f735466cecf":"f.0E2ED5F52CB306CEAC7E3CCDFCB92CD0.d.1233B32E16C175475B6127F02341231C.e.2295","ELEMENT":"f.0E2ED5F52CB306CEAC7E3CCDFCB92CD0.d.1233B32E16C175475B6127F02341231C.e.2295"}]}
RESULT: {}
COMMAND: GET /session/e85e052fb48b678918c44a977a8ff9db/screenshot - {}
RESULT: {"script":"<script> [8489 bytes]","args":[{"element-6066-11e4-a52e-4f735466cecf":"f.0E2ED5F52CB306CEAC7E3CCDFCB92CD0.d.1233B32E16C175475B6127F02341231C.e.2295","ELEMENT":"f.0E2ED5F52CB306CEAC7E3CCDFCB92CD0.d.1233B32E16C175475B6127F02341231C.e.2295"}]}
COMMAND: POST /session/e85e052fb48b678918c44a977a8ff9db/execute/sync - {"script":"<script> [5351 bytes]","args":[{"element-6066-11e4-a52e-4f735466cecf":"f.0E2ED5F52CB306CEAC7E3CCDFCB92CD0.d.1233B32E16C175475B6127F02341231C.e.2295","ELEMENT":"f.0E2ED5F52CB306CEAC7E3CCDFCB92CD0.d.1233B32E16C175475B6127F02341231C.e.2295"}]}
COMMAND: GET /session/e85e052fb48b678918c44a977a8ff9db/screenshot - {}
RESULT: {}
RESULT: {"script":"<script> [5351 bytes]","args":[{"element-6066-11e4-a52e-4f735466cecf":"f.0E2ED5F52CB306CEAC7E3CCDFCB92CD0.d.1233B32E16C175475B6127F02341231C.e.2295","ELEMENT":"f.0E2ED5F52CB306CEAC7E3CCDFCB92CD0.d.1233B32E16C175475B6127F02341231C.e.2295"}]}
COMMAND: GET /session/e85e052fb48b678918c44a977a8ff9db/screenshot - {}
RESULT: {}
RESULT: {}
RESULT: undefined
COMMAND: POST /session/e85e052fb48b678918c44a977a8ff9db/element - {"using":"xpath","value":"//*[@id=\"__tile38\"]"}
RESULT: {"using":"xpath","value":"//*[@id=\"__tile38\"]"}
COMMAND: POST /session/e85e052fb48b678918c44a977a8ff9db/element/f.0E2ED5F52CB306CEAC7E3CCDFCB92CD0.d.1233B32E16C175475B6127F02341231C.e.153/click - {}
RESULT: {}
COMMAND: POST /session/e85e052fb48b678918c44a977a8ff9db/element - {"using":"xpath","value":"//button[@data-kt=\"addButton\"]"}
COMMAND: GET /session/e85e052fb48b678918c44a977a8ff9db/screenshot - {}
RESULT: {"using":"xpath","value":"//button[@data-kt=\"addButton\"]"}
COMMAND: POST /session/e85e052fb48b678918c44a977a8ff9db/elements - {"using":"xpath","value":"//button[@data-kt=\"addButton\"]"}
RESULT: {}
RESULT: {"using":"xpath","value":"//button[@data-kt=\"addButton\"]"}
COMMAND: POST /session/e85e052fb48b678918c44a977a8ff9db/element - {"using":"xpath","value":"//button[@data-kt=\"addButton\"]"}
RESULT: {"using":"xpath","value":"//button[@data-kt=\"addButton\"]"}
COMMAND: POST /session/e85e052fb48b678918c44a977a8ff9db/execute/sync - {"script":"<script> [8489 bytes]","args":[{"element-6066-11e4-a52e-4f735466cecf":"f.0E2ED5F52CB306CEAC7E3CCDFCB92CD0.d.1233B32E16C175475B6127F02341231C.e.2330","ELEMENT":"f.0E2ED5F52CB306CEAC7E3CCDFCB92CD0.d.1233B32E16C175475B6127F02341231C.e.2330"}]}
RESULT: {"script":"<script> [8489 bytes]","args":[{"element-6066-11e4-a52e-4f735466cecf":"f.0E2ED5F52CB306CEAC7E3CCDFCB92CD0.d.1233B32E16C175475B6127F02341231C.e.2330","ELEMENT":"f.0E2ED5F52CB306CEAC7E3CCDFCB92CD0.d.1233B32E16C175475B6127F02341231C.e.2330"}]}
COMMAND: GET /session/e85e052fb48b678918c44a977a8ff9db/element/f.0E2ED5F52CB306CEAC7E3CCDFCB92CD0.d.1233B32E16C175475B6127F02341231C.e.2330/enabled - {}
COMMAND: GET /session/e85e052fb48b678918c44a977a8ff9db/screenshot - {}
RESULT: {}
COMMAND: POST /session/e85e052fb48b678918c44a977a8ff9db/execute/sync - {"script":"<script> [8489 bytes]","args":[{"element-6066-11e4-a52e-4f735466cecf":"f.0E2ED5F52CB306CEAC7E3CCDFCB92CD0.d.1233B32E16C175475B6127F02341231C.e.2330","ELEMENT":"f.0E2ED5F52CB306CEAC7E3CCDFCB92CD0.d.1233B32E16C175475B6127F02341231C.e.2330"}]}
COMMAND: GET /session/e85e052fb48b678918c44a977a8ff9db/screenshot - {}
RESULT: {}
RESULT: {"script":"<script> [8489 bytes]","args":[{"element-6066-11e4-a52e-4f735466cecf":"f.0E2ED5F52CB306CEAC7E3CCDFCB92CD0.d.1233B32E16C175475B6127F02341231C.e.2330","ELEMENT":"f.0E2ED5F52CB306CEAC7E3CCDFCB92CD0.d.1233B32E16C175475B6127F02341231C.e.2330"}]}
COMMAND: POST /session/e85e052fb48b678918c44a977a8ff9db/execute/sync - {"script":"<script> [5351 bytes]","args":[{"element-6066-11e4-a52e-4f735466cecf":"f.0E2ED5F52CB306CEAC7E3CCDFCB92CD0.d.1233B32E16C175475B6127F02341231C.e.2330","ELEMENT":"f.0E2ED5F52CB306CEAC7E3CCDFCB92CD0.d.1233B32E16C175475B6127F02341231C.e.2330"}]}
COMMAND: GET /session/e85e052fb48b678918c44a977a8ff9db/screenshot - {}
RESULT: {}
RESULT: {"script":"<script> [5351 bytes]","args":[{"element-6066-11e4-a52e-4f735466cecf":"f.0E2ED5F52CB306CEAC7E3CCDFCB92CD0.d.1233B32E16C175475B6127F02341231C.e.2330","ELEMENT":"f.0E2ED5F52CB306CEAC7E3CCDFCB92CD0.d.1233B32E16C175475B6127F02341231C.e.2330"}]}
COMMAND: GET /session/e85e052fb48b678918c44a977a8ff9db/screenshot - {}
RESULT: {}
RESULT: {}
RESULT: undefined
COMMAND: POST /session/e85e052fb48b678918c44a977a8ff9db/execute/async - {"script":"<script> [776 bytes]","args":[{"enterText":"1359","selector":{"id":"application-managepartners-display-component---masterPtm--smartFilterBar-btnBasicSearch","interaction":{"idSuffix":"I"}},"clearTextFirst":true,"interactionType":"ENTER_TEXT"}]}
RESULT: {"script":"<script> [776 bytes]","args":[{"enterText":"1359","selector":{"id":"application-managepartners-display-component---masterPtm--smartFilterBar-btnBasicSearch","interaction":{"idSuffix":"I"}},"clearTextFirst":true,"interactionType":"ENTER_TEXT"}]}
COMMAND: POST /session/e85e052fb48b678918c44a977a8ff9db/actions - {"actions":[{"id":"action6","type":"key","parameters":{},"actions":[{"type":"keyDown","value":"î€‡"},{"type":"pause","duration":10},{"type":"keyUp","value":"î€‡"}]}]}
RESULT: {"actions":[{"id":"action6","type":"key","parameters":{},"actions":[{"type":"keyDown","value":"î€‡"},{"type":"pause","duration":10},{"type":"keyUp","value":"î€‡"}]}]}
COMMAND: GET /session/e85e052fb48b678918c44a977a8ff9db/screenshot - {}
RESULT: {}
COMMAND: POST /session/e85e052fb48b678918c44a977a8ff9db/elements - {"using":"xpath","value":"//table[contains(@id, \"customPartnersTable-listUl\")]/tbody/tr"}
RESULT: {"using":"xpath","value":"//table[contains(@id, \"customPartnersTable-listUl\")]/tbody/tr"}
COMMAND: POST /session/e85e052fb48b678918c44a977a8ff9db/element - {"using":"xpath","value":"//table[contains(@id, \"customPartnersTable-listUl\")]/tbody/tr[1]/td[3]/span"}
RESULT: {"using":"xpath","value":"//table[contains(@id, \"customPartnersTable-listUl\")]/tbody/tr[1]/td[3]/span"}
COMMAND: POST /session/e85e052fb48b678918c44a977a8ff9db/elements - {"using":"xpath","value":"//table[contains(@id, \"customPartnersTable-listUl\")]/tbody/tr[1]/td[3]/span"}
RESULT: {"using":"xpath","value":"//table[contains(@id, \"customPartnersTable-listUl\")]/tbody/tr[1]/td[3]/span"}
COMMAND: POST /session/e85e052fb48b678918c44a977a8ff9db/execute/sync - {"script":"<script> [56 bytes]","args":[{"element-6066-11e4-a52e-4f735466cecf":"f.0E2ED5F52CB306CEAC7E3CCDFCB92CD0.d.1233B32E16C175475B6127F02341231C.e.2478","ELEMENT":"f.0E2ED5F52CB306CEAC7E3CCDFCB92CD0.d.1233B32E16C175475B6127F02341231C.e.2478"}]}
RESULT: {"script":"<script> [56 bytes]","args":[{"element-6066-11e4-a52e-4f735466cecf":"f.0E2ED5F52CB306CEAC7E3CCDFCB92CD0.d.1233B32E16C175475B6127F02341231C.e.2478","ELEMENT":"f.0E2ED5F52CB306CEAC7E3CCDFCB92CD0.d.1233B32E16C175475B6127F02341231C.e.2478"}]}
COMMAND: POST /session/e85e052fb48b678918c44a977a8ff9db/element - {"using":"xpath","value":"(//span[contains(@id, \"imgNav\")])[1]"}
COMMAND: GET /session/e85e052fb48b678918c44a977a8ff9db/screenshot - {}
RESULT: {"using":"xpath","value":"(//span[contains(@id, \"imgNav\")])[1]"}
COMMAND: POST /session/e85e052fb48b678918c44a977a8ff9db/element/f.0E2ED5F52CB306CEAC7E3CCDFCB92CD0.d.1233B32E16C175475B6127F02341231C.e.2476/click - {}
RESULT: {}
RESULT: {}
COMMAND: GET /session/e85e052fb48b678918c44a977a8ff9db/screenshot - {}
RESULT: {}
COMMAND: POST /session/e85e052fb48b678918c44a977a8ff9db/element - {"using":"xpath","value":"//bdi[contains(text(), \"Edit\")]"}
RESULT: {"using":"xpath","value":"//bdi[contains(text(), \"Edit\")]"}
COMMAND: POST /session/e85e052fb48b678918c44a977a8ff9db/element/f.0E2ED5F52CB306CEAC7E3CCDFCB92CD0.d.1233B32E16C175475B6127F02341231C.e.2611/click - {}
RESULT: {}
COMMAND: GET /session/e85e052fb48b678918c44a977a8ff9db/screenshot - {}
RESULT: {}
COMMAND: POST /session/e85e052fb48b678918c44a977a8ff9db/execute/async - {"script":"<script> [1562 bytes]","args":[{"selector":{"controlType":"sap.m.Input","viewName":"etm.portal.ui.managepartners.view.EditDetail","labelFor":{"text":"Name"},"interaction":{"idSuffix":"inner"}},"wdio_ui5_key":"etmportal.ui.managepartners.view.EditDetailsap.m.Input{\"text\":\"Name\"}"}]}
RESULT: {"script":"<script> [1562 bytes]","args":[{"selector":{"controlType":"sap.m.Input","viewName":"etm.portal.ui.managepartners.view.EditDetail","labelFor":{"text":"Name"},"interaction":{"idSuffix":"inner"}},"wdio_ui5_key":"etmportal.ui.managepartners.view.EditDetailsap.m.Input{\"text\":\"Name\"}"}]}
RESULT: undefined
COMMAND: POST /session/e85e052fb48b678918c44a977a8ff9db/execute/async - {"script":"<script> [776 bytes]","args":[{"enterText":"External EDIT","selector":{"controlType":"sap.m.Input","viewName":"etm.portal.ui.managepartners.view.EditDetail","labelFor":{"text":"Name"},"interaction":{"idSuffix":"inner"}},"clearTextFirst":true,"interactionType":"ENTER_TEXT"}]}
RESULT: {"script":"<script> [776 bytes]","args":[{"enterText":"External EDIT","selector":{"controlType":"sap.m.Input","viewName":"etm.portal.ui.managepartners.view.EditDetail","labelFor":{"text":"Name"},"interaction":{"idSuffix":"inner"}},"clearTextFirst":true,"interactionType":"ENTER_TEXT"}]}
COMMAND: POST /session/e85e052fb48b678918c44a977a8ff9db/element - {"using":"xpath","value":"(//span[contains(@id,\"addressDetailDetailsLanguage-arrow\")])[1]"}
RESULT: {"using":"xpath","value":"(//span[contains(@id,\"addressDetailDetailsLanguage-arrow\")])[1]"}
COMMAND: POST /session/e85e052fb48b678918c44a977a8ff9db/element/f.0E2ED5F52CB306CEAC7E3CCDFCB92CD0.d.1233B32E16C175475B6127F02341231C.e.2689/click - {}
RESULT: {}
COMMAND: POST /session/e85e052fb48b678918c44a977a8ff9db/element - {"using":"xpath","value":"//span[contains(text(), \"Chinese\")]"}
COMMAND: GET /session/e85e052fb48b678918c44a977a8ff9db/screenshot - {}
RESULT: {"using":"xpath","value":"//span[contains(text(), \"Chinese\")]"}
COMMAND: POST /session/e85e052fb48b678918c44a977a8ff9db/element/f.0E2ED5F52CB306CEAC7E3CCDFCB92CD0.d.1233B32E16C175475B6127F02341231C.e.2690/click - {}
RESULT: {}
RESULT: {}
COMMAND: GET /session/e85e052fb48b678918c44a977a8ff9db/screenshot - {}
RESULT: {}
COMMAND: POST /session/e85e052fb48b678918c44a977a8ff9db/execute/async - {"script":"<script> [1562 bytes]","args":[{"selector":{"controlType":"sap.m.Input","viewName":"etm.portal.ui.managepartners.view.EditDetail","labelFor":{"text":"City"},"interaction":{"idSuffix":"inner"}},"wdio_ui5_key":"etmportal.ui.managepartners.view.EditDetailsap.m.Input{\"text\":\"City\"}"}]}
RESULT: {"script":"<script> [1562 bytes]","args":[{"selector":{"controlType":"sap.m.Input","viewName":"etm.portal.ui.managepartners.view.EditDetail","labelFor":{"text":"City"},"interaction":{"idSuffix":"inner"}},"wdio_ui5_key":"etmportal.ui.managepartners.view.EditDetailsap.m.Input{\"text\":\"City\"}"}]}
RESULT: undefined
COMMAND: POST /session/e85e052fb48b678918c44a977a8ff9db/execute/async - {"script":"<script> [776 bytes]","args":[{"enterText":"Clooj-Napoca","selector":{"controlType":"sap.m.Input","viewName":"etm.portal.ui.managepartners.view.EditDetail","labelFor":{"text":"City"},"interaction":{"idSuffix":"inner"}},"clearTextFirst":true,"interactionType":"ENTER_TEXT"}]}
RESULT: {"script":"<script> [776 bytes]","args":[{"enterText":"Clooj-Napoca","selector":{"controlType":"sap.m.Input","viewName":"etm.portal.ui.managepartners.view.EditDetail","labelFor":{"text":"City"},"interaction":{"idSuffix":"inner"}},"clearTextFirst":true,"interactionType":"ENTER_TEXT"}]}
COMMAND: POST /session/e85e052fb48b678918c44a977a8ff9db/element - {"using":"xpath","value":"//button[@data-kt=\"saveButton\"]"}
RESULT: {"using":"xpath","value":"//button[@data-kt=\"saveButton\"]"}
COMMAND: POST /session/e85e052fb48b678918c44a977a8ff9db/element/f.0E2ED5F52CB306CEAC7E3CCDFCB92CD0.d.1233B32E16C175475B6127F02341231C.e.2674/click - {}
RESULT: {}
COMMAND: GET /session/e85e052fb48b678918c44a977a8ff9db/screenshot - {}
RESULT: {}
COMMAND: POST /session/e85e052fb48b678918c44a977a8ff9db/execute/async - {"script":"<script> [1562 bytes]","args":[{"selector":{"id":"application-managepartners-display-component---detailPtm--addressDetailDetailsName1"},"wdio_ui5_key":"applicationmanagepartners-display-component---detailPtm--addressDetailDetailsName1"}]}
RESULT: {"script":"<script> [1562 bytes]","args":[{"selector":{"id":"application-managepartners-display-component---detailPtm--addressDetailDetailsName1"},"wdio_ui5_key":"applicationmanagepartners-display-component---detailPtm--addressDetailDetailsName1"}]}
RESULT: undefined
COMMAND: POST /session/e85e052fb48b678918c44a977a8ff9db/execute/async - {"script":"<script> [6424 bytes]","args":[{"element-6066-11e4-a52e-4f735466cecf":"f.0E2ED5F52CB306CEAC7E3CCDFCB92CD0.d.1233B32E16C175475B6127F02341231C.e.2721"},"getValue",[]]}
RESULT: {"script":"<script> [6424 bytes]","args":[{"element-6066-11e4-a52e-4f735466cecf":"f.0E2ED5F52CB306CEAC7E3CCDFCB92CD0.d.1233B32E16C175475B6127F02341231C.e.2721"},"getValue",[]]}
COMMAND: POST /session/e85e052fb48b678918c44a977a8ff9db/element - {"using":"xpath","value":"//input[@id = \"application-managepartners-display-component---detailPtm--addressDetailDetailsLanguage-inner\"]"}
RESULT: {"using":"xpath","value":"//input[@id = \"application-managepartners-display-component---detailPtm--addressDetailDetailsLanguage-inner\"]"}
COMMAND: GET /session/e85e052fb48b678918c44a977a8ff9db/element/f.0E2ED5F52CB306CEAC7E3CCDFCB92CD0.d.1233B32E16C175475B6127F02341231C.e.2722/property/value - {}
RESULT: {}
COMMAND: POST /session/e85e052fb48b678918c44a977a8ff9db/execute/async - {"script":"<script> [1562 bytes]","args":[{"selector":{"id":"application-managepartners-display-component---detailPtm--addressDetailDetailsCity1"},"wdio_ui5_key":"applicationmanagepartners-display-component---detailPtm--addressDetailDetailsCity1"}]}
COMMAND: GET /session/e85e052fb48b678918c44a977a8ff9db/screenshot - {}
RESULT: {"script":"<script> [1562 bytes]","args":[{"selector":{"id":"application-managepartners-display-component---detailPtm--addressDetailDetailsCity1"},"wdio_ui5_key":"applicationmanagepartners-display-component---detailPtm--addressDetailDetailsCity1"}]}
RESULT: undefined
COMMAND: POST /session/e85e052fb48b678918c44a977a8ff9db/execute/async - {"script":"<script> [6424 bytes]","args":[{"element-6066-11e4-a52e-4f735466cecf":"f.0E2ED5F52CB306CEAC7E3CCDFCB92CD0.d.1233B32E16C175475B6127F02341231C.e.2723"},"getValue",[]]}
RESULT: {}
RESULT: {"script":"<script> [6424 bytes]","args":[{"element-6066-11e4-a52e-4f735466cecf":"f.0E2ED5F52CB306CEAC7E3CCDFCB92CD0.d.1233B32E16C175475B6127F02341231C.e.2723"},"getValue",[]]}
COMMAND: POST /session/e85e052fb48b678918c44a977a8ff9db/element - {"using":"css selector","value":"#shell-header-logo"}
RESULT: {"using":"css selector","value":"#shell-header-logo"}
COMMAND: POST /session/e85e052fb48b678918c44a977a8ff9db/element/f.0E2ED5F52CB306CEAC7E3CCDFCB92CD0.d.1233B32E16C175475B6127F02341231C.e.2295/click - {}
RESULT: {}
COMMAND: GET /session/e85e052fb48b678918c44a977a8ff9db/screenshot - {}
RESULT: {}
]]></system-out>
    </testcase>
    <testcase classname="chrome.135_0_7049_96.windows.Partner_specific_tests_US150819_US151080_US151654_US151176_US103444_US151078_US151079_US151109_US151174_US151175_US151189" name="Should create a new intercompany partner edit some of its fields US151078" time="253.961">
      <system-out><![CDATA[
COMMAND: POST /session/e85e052fb48b678918c44a977a8ff9db/element - {"using":"xpath","value":"//li[.//span[text()=\"Manage Partners\"]]"}
RESULT: {"using":"xpath","value":"//li[.//span[text()=\"Manage Partners\"]]"}
COMMAND: POST /session/e85e052fb48b678918c44a977a8ff9db/element - {"using":"xpath","value":"//li[.//span[text()=\"Manage Partners\"]]"}
RESULT: {"using":"xpath","value":"//li[.//span[text()=\"Manage Partners\"]]"}
COMMAND: POST /session/e85e052fb48b678918c44a977a8ff9db/element - {"using":"css selector","value":"#shell-header-logo"}
RESULT: {"using":"css selector","value":"#shell-header-logo"}
COMMAND: POST /session/e85e052fb48b678918c44a977a8ff9db/element/f.0E2ED5F52CB306CEAC7E3CCDFCB92CD0.d.1233B32E16C175475B6127F02341231C.e.2753/click - {}
COMMAND: POST /session/e85e052fb48b678918c44a977a8ff9db/execute/sync - {"script":"<script> [8489 bytes]","args":[{"element-6066-11e4-a52e-4f735466cecf":"f.0E2ED5F52CB306CEAC7E3CCDFCB92CD0.d.1233B32E16C175475B6127F02341231C.e.2753","ELEMENT":"f.0E2ED5F52CB306CEAC7E3CCDFCB92CD0.d.1233B32E16C175475B6127F02341231C.e.2753"}]}
RESULT: {}
COMMAND: GET /session/e85e052fb48b678918c44a977a8ff9db/screenshot - {}
RESULT: {"script":"<script> [8489 bytes]","args":[{"element-6066-11e4-a52e-4f735466cecf":"f.0E2ED5F52CB306CEAC7E3CCDFCB92CD0.d.1233B32E16C175475B6127F02341231C.e.2753","ELEMENT":"f.0E2ED5F52CB306CEAC7E3CCDFCB92CD0.d.1233B32E16C175475B6127F02341231C.e.2753"}]}
COMMAND: POST /session/e85e052fb48b678918c44a977a8ff9db/execute/sync - {"script":"<script> [5351 bytes]","args":[{"element-6066-11e4-a52e-4f735466cecf":"f.0E2ED5F52CB306CEAC7E3CCDFCB92CD0.d.1233B32E16C175475B6127F02341231C.e.2753","ELEMENT":"f.0E2ED5F52CB306CEAC7E3CCDFCB92CD0.d.1233B32E16C175475B6127F02341231C.e.2753"}]}
COMMAND: GET /session/e85e052fb48b678918c44a977a8ff9db/screenshot - {}
RESULT: {}
RESULT: {"script":"<script> [5351 bytes]","args":[{"element-6066-11e4-a52e-4f735466cecf":"f.0E2ED5F52CB306CEAC7E3CCDFCB92CD0.d.1233B32E16C175475B6127F02341231C.e.2753","ELEMENT":"f.0E2ED5F52CB306CEAC7E3CCDFCB92CD0.d.1233B32E16C175475B6127F02341231C.e.2753"}]}
COMMAND: GET /session/e85e052fb48b678918c44a977a8ff9db/screenshot - {}
RESULT: {}
RESULT: {}
COMMAND: POST /session/e85e052fb48b678918c44a977a8ff9db/refresh - {}
RESULT: {}
COMMAND: GET /session/e85e052fb48b678918c44a977a8ff9db/screenshot - {}
RESULT: {}
COMMAND: POST /session/e85e052fb48b678918c44a977a8ff9db/refresh - {}
RESULT: {}
COMMAND: GET /session/e85e052fb48b678918c44a977a8ff9db/screenshot - {}
RESULT: {}
COMMAND: POST /session/e85e052fb48b678918c44a977a8ff9db/window/fullscreen - {}
RESULT: {}
COMMAND: POST /session/e85e052fb48b678918c44a977a8ff9db/execute/async - {"script":"<script> [189 bytes]","args":[]}
RESULT: {"script":"<script> [189 bytes]","args":[]}
COMMAND: POST /session/e85e052fb48b678918c44a977a8ff9db/execute/async - {"script":"<script> [123 bytes]","args":[]}
RESULT: {"script":"<script> [123 bytes]","args":[]}
COMMAND: POST /session/e85e052fb48b678918c44a977a8ff9db/timeouts - {"script":"<number>"}
RESULT: {"script":"<number>"}
COMMAND: GET /session/e85e052fb48b678918c44a977a8ff9db/timeouts - {}
RESULT: {}
RESULT: undefined
COMMAND: POST /session/e85e052fb48b678918c44a977a8ff9db/execute/async - {"script":"<script> [2676 bytes]","args":[]}
RESULT: {"script":"<script> [2676 bytes]","args":[]}
COMMAND: POST /session/e85e052fb48b678918c44a977a8ff9db/execute/async - {"script":"<script> [2342 bytes]","args":[{"protocol":"http","hostname":"0.0.0.0","path":"/","capabilities":{"browserName":"chrome","goog:chromeOptions":{"binary":"C:\\Program Files\\Google\\Chrome\\Application\\chrome.exe","args":["--start-maximized"]}},"logLevel":"warn","connectionRetryTimeout":120000,"connectionRetryCount":3,"logLevels":{},"enableDirectConnect":true,"strictSSL":true,"_":"65 more keys: [\"cacheDir\",\"port\",\"requestedCapabilities\",\"automationProtocol\",\"baseUrl\",\"waitforInterval\",\"waitforTimeout\",\"onReload\",\"beforeCommand\",\"afterCommand\",\"rootDir\",\"specs\",\"suites\",\"exclude\",\"groupLogsByTestSpec\",\"excludeDriverLogs\",\"bail\",\"framework\",\"reporters\",\"services\",\"maxInstances\",\"maxInstancesPerCapability\",\"injectGlobals\",\"filesToWatch\",\"execArgv\",\"runnerEnv\",\"runner\",\"shard\",\"specFileRetries\",\"specFileRetriesDelay\",\"specFileRetriesDeferred\",\"reporterSyncInterval\",\"reporterSyncTimeout\",\"cucumberFeaturesWithLineNumbers\",\"autoCompileOpts\",\"mochaOpts\",\"jasmineOpts\",\"cucumberOpts\",\"onPrepare\",\"onWorkerStart\",\"onWorkerEnd\",\"before\",\"beforeSession\",\"beforeSuite\",\"beforeHook\",\"beforeTest\",\"afterTest\",\"afterHook\",\"afterSuite\",\"afterSession\",\"after\",\"onComplete\",\"beforeAssertion\",\"afterAssertion\",\"beforeFeature\",\"beforeScenario\",\"beforeStep\",\"afterStep\",\"afterScenario\",\"afterFeature\",\"_\",\"suite\",\"$0\",\"ignoredWorkerServices\",\"wdi5\"]"}]}
RESULT: {"script":"<script> [2342 bytes]","args":[{"protocol":"http","hostname":"0.0.0.0","path":"/","capabilities":{"browserName":"chrome","goog:chromeOptions":{"binary":"C:\\Program Files\\Google\\Chrome\\Application\\chrome.exe","args":["--start-maximized"]}},"logLevel":"warn","connectionRetryTimeout":120000,"connectionRetryCount":3,"logLevels":{},"enableDirectConnect":true,"strictSSL":true,"_":"65 more keys: [\"cacheDir\",\"port\",\"requestedCapabilities\",\"automationProtocol\",\"baseUrl\",\"waitforInterval\",\"waitforTimeout\",\"onReload\",\"beforeCommand\",\"afterCommand\",\"rootDir\",\"specs\",\"suites\",\"exclude\",\"groupLogsByTestSpec\",\"excludeDriverLogs\",\"bail\",\"framework\",\"reporters\",\"services\",\"maxInstances\",\"maxInstancesPerCapability\",\"injectGlobals\",\"filesToWatch\",\"execArgv\",\"runnerEnv\",\"runner\",\"shard\",\"specFileRetries\",\"specFileRetriesDelay\",\"specFileRetriesDeferred\",\"reporterSyncInterval\",\"reporterSyncTimeout\",\"cucumberFeaturesWithLineNumbers\",\"autoCompileOpts\",\"mochaOpts\",\"jasmineOpts\",\"cucumberOpts\",\"onPrepare\",\"onWorkerStart\",\"onWorkerEnd\",\"before\",\"beforeSession\",\"beforeSuite\",\"beforeHook\",\"beforeTest\",\"afterTest\",\"afterHook\",\"afterSuite\",\"afterSession\",\"after\",\"onComplete\",\"beforeAssertion\",\"afterAssertion\",\"beforeFeature\",\"beforeScenario\",\"beforeStep\",\"afterStep\",\"afterScenario\",\"afterFeature\",\"_\",\"suite\",\"$0\",\"ignoredWorkerServices\",\"wdi5\"]"}]}
COMMAND: POST /session/e85e052fb48b678918c44a977a8ff9db/execute/async - {"script":"<script> [21126 bytes]","args":[35000]}
RESULT: {"script":"<script> [21126 bytes]","args":[35000]}
COMMAND: POST /session/e85e052fb48b678918c44a977a8ff9db/window/fullscreen - {}
RESULT: {}
COMMAND: POST /session/e85e052fb48b678918c44a977a8ff9db/window/fullscreen - {}
RESULT: {}
COMMAND: POST /session/e85e052fb48b678918c44a977a8ff9db/execute/async - {"script":"<script> [1562 bytes]","args":[{"selector":{"controlType":"sap.m.GenericTile","properties":{"header":"Manage Partners"}},"wdio_ui5_key":"sapm.GenericTile{\"header\":\"Manage Partners\"}"}]}
RESULT: {"script":"<script> [1562 bytes]","args":[{"selector":{"controlType":"sap.m.GenericTile","properties":{"header":"Manage Partners"}},"wdio_ui5_key":"sapm.GenericTile{\"header\":\"Manage Partners\"}"}]}
RESULT: undefined
COMMAND: POST /session/e85e052fb48b678918c44a977a8ff9db/element - {"using":"xpath","value":"//*[@id=\"__tile30\"]"}
RESULT: {"using":"xpath","value":"//*[@id=\"__tile30\"]"}
COMMAND: POST /session/e85e052fb48b678918c44a977a8ff9db/element/f.0E2ED5F52CB306CEAC7E3CCDFCB92CD0.d.041D78A56DAF923C71DC225F34E45DDB.e.2822/click - {}
RESULT: {}
COMMAND: POST /session/e85e052fb48b678918c44a977a8ff9db/element - {"using":"xpath","value":"//button[@data-kt=\"addButton\"]"}
COMMAND: GET /session/e85e052fb48b678918c44a977a8ff9db/screenshot - {}
RESULT: {"using":"xpath","value":"//button[@data-kt=\"addButton\"]"}
COMMAND: POST /session/e85e052fb48b678918c44a977a8ff9db/elements - {"using":"xpath","value":"//button[@data-kt=\"addButton\"]"}
RESULT: {}
RESULT: {"using":"xpath","value":"//button[@data-kt=\"addButton\"]"}
COMMAND: POST /session/e85e052fb48b678918c44a977a8ff9db/elements - {"using":"xpath","value":"//button[@data-kt=\"addButton\"]"}
RESULT: {"using":"xpath","value":"//button[@data-kt=\"addButton\"]"}
COMMAND: POST /session/e85e052fb48b678918c44a977a8ff9db/elements - {"using":"xpath","value":"//button[@data-kt=\"addButton\"]"}
RESULT: {"using":"xpath","value":"//button[@data-kt=\"addButton\"]"}
COMMAND: POST /session/e85e052fb48b678918c44a977a8ff9db/elements - {"using":"xpath","value":"//button[@data-kt=\"addButton\"]"}
RESULT: {"using":"xpath","value":"//button[@data-kt=\"addButton\"]"}
COMMAND: POST /session/e85e052fb48b678918c44a977a8ff9db/elements - {"using":"xpath","value":"//button[@data-kt=\"addButton\"]"}
RESULT: {"using":"xpath","value":"//button[@data-kt=\"addButton\"]"}
COMMAND: POST /session/e85e052fb48b678918c44a977a8ff9db/elements - {"using":"xpath","value":"//button[@data-kt=\"addButton\"]"}
RESULT: {"using":"xpath","value":"//button[@data-kt=\"addButton\"]"}
COMMAND: POST /session/e85e052fb48b678918c44a977a8ff9db/elements - {"using":"xpath","value":"//button[@data-kt=\"addButton\"]"}
RESULT: {"using":"xpath","value":"//button[@data-kt=\"addButton\"]"}
COMMAND: POST /session/e85e052fb48b678918c44a977a8ff9db/elements - {"using":"xpath","value":"//button[@data-kt=\"addButton\"]"}
RESULT: {"using":"xpath","value":"//button[@data-kt=\"addButton\"]"}
COMMAND: POST /session/e85e052fb48b678918c44a977a8ff9db/elements - {"using":"xpath","value":"//button[@data-kt=\"addButton\"]"}
RESULT: {"using":"xpath","value":"//button[@data-kt=\"addButton\"]"}
COMMAND: POST /session/e85e052fb48b678918c44a977a8ff9db/elements - {"using":"xpath","value":"//button[@data-kt=\"addButton\"]"}
RESULT: {"using":"xpath","value":"//button[@data-kt=\"addButton\"]"}
COMMAND: POST /session/e85e052fb48b678918c44a977a8ff9db/elements - {"using":"xpath","value":"//button[@data-kt=\"addButton\"]"}
RESULT: {"using":"xpath","value":"//button[@data-kt=\"addButton\"]"}
COMMAND: POST /session/e85e052fb48b678918c44a977a8ff9db/elements - {"using":"xpath","value":"//button[@data-kt=\"addButton\"]"}
RESULT: {"using":"xpath","value":"//button[@data-kt=\"addButton\"]"}
COMMAND: POST /session/e85e052fb48b678918c44a977a8ff9db/elements - {"using":"xpath","value":"//button[@data-kt=\"addButton\"]"}
RESULT: {"using":"xpath","value":"//button[@data-kt=\"addButton\"]"}
COMMAND: POST /session/e85e052fb48b678918c44a977a8ff9db/elements - {"using":"xpath","value":"//button[@data-kt=\"addButton\"]"}
RESULT: {"using":"xpath","value":"//button[@data-kt=\"addButton\"]"}
COMMAND: POST /session/e85e052fb48b678918c44a977a8ff9db/elements - {"using":"xpath","value":"//button[@data-kt=\"addButton\"]"}
RESULT: {"using":"xpath","value":"//button[@data-kt=\"addButton\"]"}
COMMAND: POST /session/e85e052fb48b678918c44a977a8ff9db/elements - {"using":"xpath","value":"//button[@data-kt=\"addButton\"]"}
RESULT: {"using":"xpath","value":"//button[@data-kt=\"addButton\"]"}
COMMAND: POST /session/e85e052fb48b678918c44a977a8ff9db/elements - {"using":"xpath","value":"//button[@data-kt=\"addButton\"]"}
RESULT: {"using":"xpath","value":"//button[@data-kt=\"addButton\"]"}
COMMAND: POST /session/e85e052fb48b678918c44a977a8ff9db/elements - {"using":"xpath","value":"//button[@data-kt=\"addButton\"]"}
RESULT: {"using":"xpath","value":"//button[@data-kt=\"addButton\"]"}
COMMAND: POST /session/e85e052fb48b678918c44a977a8ff9db/elements - {"using":"xpath","value":"//button[@data-kt=\"addButton\"]"}
RESULT: {"using":"xpath","value":"//button[@data-kt=\"addButton\"]"}
COMMAND: POST /session/e85e052fb48b678918c44a977a8ff9db/elements - {"using":"xpath","value":"//button[@data-kt=\"addButton\"]"}
RESULT: {"using":"xpath","value":"//button[@data-kt=\"addButton\"]"}
COMMAND: POST /session/e85e052fb48b678918c44a977a8ff9db/elements - {"using":"xpath","value":"//button[@data-kt=\"addButton\"]"}
RESULT: {"using":"xpath","value":"//button[@data-kt=\"addButton\"]"}
COMMAND: POST /session/e85e052fb48b678918c44a977a8ff9db/elements - {"using":"xpath","value":"//button[@data-kt=\"addButton\"]"}
RESULT: {"using":"xpath","value":"//button[@data-kt=\"addButton\"]"}
COMMAND: POST /session/e85e052fb48b678918c44a977a8ff9db/elements - {"using":"xpath","value":"//button[@data-kt=\"addButton\"]"}
RESULT: {"using":"xpath","value":"//button[@data-kt=\"addButton\"]"}
COMMAND: POST /session/e85e052fb48b678918c44a977a8ff9db/elements - {"using":"xpath","value":"//button[@data-kt=\"addButton\"]"}
RESULT: {"using":"xpath","value":"//button[@data-kt=\"addButton\"]"}
COMMAND: POST /session/e85e052fb48b678918c44a977a8ff9db/elements - {"using":"xpath","value":"//button[@data-kt=\"addButton\"]"}
RESULT: {"using":"xpath","value":"//button[@data-kt=\"addButton\"]"}
COMMAND: POST /session/e85e052fb48b678918c44a977a8ff9db/elements - {"using":"xpath","value":"//button[@data-kt=\"addButton\"]"}
RESULT: {"using":"xpath","value":"//button[@data-kt=\"addButton\"]"}
COMMAND: POST /session/e85e052fb48b678918c44a977a8ff9db/elements - {"using":"xpath","value":"//button[@data-kt=\"addButton\"]"}
RESULT: {"using":"xpath","value":"//button[@data-kt=\"addButton\"]"}
COMMAND: POST /session/e85e052fb48b678918c44a977a8ff9db/elements - {"using":"xpath","value":"//button[@data-kt=\"addButton\"]"}
RESULT: {"using":"xpath","value":"//button[@data-kt=\"addButton\"]"}
COMMAND: POST /session/e85e052fb48b678918c44a977a8ff9db/elements - {"using":"xpath","value":"//button[@data-kt=\"addButton\"]"}
RESULT: {"using":"xpath","value":"//button[@data-kt=\"addButton\"]"}
COMMAND: POST /session/e85e052fb48b678918c44a977a8ff9db/elements - {"using":"xpath","value":"//button[@data-kt=\"addButton\"]"}
RESULT: {"using":"xpath","value":"//button[@data-kt=\"addButton\"]"}
COMMAND: POST /session/e85e052fb48b678918c44a977a8ff9db/elements - {"using":"xpath","value":"//button[@data-kt=\"addButton\"]"}
RESULT: {"using":"xpath","value":"//button[@data-kt=\"addButton\"]"}
COMMAND: POST /session/e85e052fb48b678918c44a977a8ff9db/elements - {"using":"xpath","value":"//button[@data-kt=\"addButton\"]"}
RESULT: {"using":"xpath","value":"//button[@data-kt=\"addButton\"]"}
COMMAND: POST /session/e85e052fb48b678918c44a977a8ff9db/elements - {"using":"xpath","value":"//button[@data-kt=\"addButton\"]"}
RESULT: {"using":"xpath","value":"//button[@data-kt=\"addButton\"]"}
COMMAND: POST /session/e85e052fb48b678918c44a977a8ff9db/elements - {"using":"xpath","value":"//button[@data-kt=\"addButton\"]"}
RESULT: {"using":"xpath","value":"//button[@data-kt=\"addButton\"]"}
COMMAND: POST /session/e85e052fb48b678918c44a977a8ff9db/elements - {"using":"xpath","value":"//button[@data-kt=\"addButton\"]"}
RESULT: {"using":"xpath","value":"//button[@data-kt=\"addButton\"]"}
COMMAND: POST /session/e85e052fb48b678918c44a977a8ff9db/elements - {"using":"xpath","value":"//button[@data-kt=\"addButton\"]"}
RESULT: {"using":"xpath","value":"//button[@data-kt=\"addButton\"]"}
COMMAND: POST /session/e85e052fb48b678918c44a977a8ff9db/elements - {"using":"xpath","value":"//button[@data-kt=\"addButton\"]"}
RESULT: {"using":"xpath","value":"//button[@data-kt=\"addButton\"]"}
COMMAND: POST /session/e85e052fb48b678918c44a977a8ff9db/elements - {"using":"xpath","value":"//button[@data-kt=\"addButton\"]"}
RESULT: {"using":"xpath","value":"//button[@data-kt=\"addButton\"]"}
COMMAND: POST /session/e85e052fb48b678918c44a977a8ff9db/element - {"using":"xpath","value":"//button[@data-kt=\"addButton\"]"}
RESULT: {"using":"xpath","value":"//button[@data-kt=\"addButton\"]"}
COMMAND: POST /session/e85e052fb48b678918c44a977a8ff9db/execute/sync - {"script":"<script> [8489 bytes]","args":[{"element-6066-11e4-a52e-4f735466cecf":"f.0E2ED5F52CB306CEAC7E3CCDFCB92CD0.d.041D78A56DAF923C71DC225F34E45DDB.e.2936","ELEMENT":"f.0E2ED5F52CB306CEAC7E3CCDFCB92CD0.d.041D78A56DAF923C71DC225F34E45DDB.e.2936"}]}
RESULT: {"script":"<script> [8489 bytes]","args":[{"element-6066-11e4-a52e-4f735466cecf":"f.0E2ED5F52CB306CEAC7E3CCDFCB92CD0.d.041D78A56DAF923C71DC225F34E45DDB.e.2936","ELEMENT":"f.0E2ED5F52CB306CEAC7E3CCDFCB92CD0.d.041D78A56DAF923C71DC225F34E45DDB.e.2936"}]}
COMMAND: GET /session/e85e052fb48b678918c44a977a8ff9db/element/f.0E2ED5F52CB306CEAC7E3CCDFCB92CD0.d.041D78A56DAF923C71DC225F34E45DDB.e.2936/enabled - {}
COMMAND: GET /session/e85e052fb48b678918c44a977a8ff9db/screenshot - {}
RESULT: {}
COMMAND: POST /session/e85e052fb48b678918c44a977a8ff9db/execute/sync - {"script":"<script> [8489 bytes]","args":[{"element-6066-11e4-a52e-4f735466cecf":"f.0E2ED5F52CB306CEAC7E3CCDFCB92CD0.d.041D78A56DAF923C71DC225F34E45DDB.e.2936","ELEMENT":"f.0E2ED5F52CB306CEAC7E3CCDFCB92CD0.d.041D78A56DAF923C71DC225F34E45DDB.e.2936"}]}
COMMAND: GET /session/e85e052fb48b678918c44a977a8ff9db/screenshot - {}
RESULT: {}
RESULT: {"script":"<script> [8489 bytes]","args":[{"element-6066-11e4-a52e-4f735466cecf":"f.0E2ED5F52CB306CEAC7E3CCDFCB92CD0.d.041D78A56DAF923C71DC225F34E45DDB.e.2936","ELEMENT":"f.0E2ED5F52CB306CEAC7E3CCDFCB92CD0.d.041D78A56DAF923C71DC225F34E45DDB.e.2936"}]}
COMMAND: POST /session/e85e052fb48b678918c44a977a8ff9db/execute/sync - {"script":"<script> [5351 bytes]","args":[{"element-6066-11e4-a52e-4f735466cecf":"f.0E2ED5F52CB306CEAC7E3CCDFCB92CD0.d.041D78A56DAF923C71DC225F34E45DDB.e.2936","ELEMENT":"f.0E2ED5F52CB306CEAC7E3CCDFCB92CD0.d.041D78A56DAF923C71DC225F34E45DDB.e.2936"}]}
RESULT: {}
RESULT: {"script":"<script> [5351 bytes]","args":[{"element-6066-11e4-a52e-4f735466cecf":"f.0E2ED5F52CB306CEAC7E3CCDFCB92CD0.d.041D78A56DAF923C71DC225F34E45DDB.e.2936","ELEMENT":"f.0E2ED5F52CB306CEAC7E3CCDFCB92CD0.d.041D78A56DAF923C71DC225F34E45DDB.e.2936"}]}
COMMAND: POST /session/e85e052fb48b678918c44a977a8ff9db/element/f.0E2ED5F52CB306CEAC7E3CCDFCB92CD0.d.041D78A56DAF923C71DC225F34E45DDB.e.2936/click - {}
COMMAND: GET /session/e85e052fb48b678918c44a977a8ff9db/screenshot - {}
COMMAND: GET /session/e85e052fb48b678918c44a977a8ff9db/screenshot - {}
RESULT: {}
COMMAND: GET /session/e85e052fb48b678918c44a977a8ff9db/screenshot - {}
RESULT: {}
RESULT: {}
RESULT: {}
COMMAND: POST /session/e85e052fb48b678918c44a977a8ff9db/execute/async - {"script":"<script> [1562 bytes]","args":[{"selector":{"id":"application-managepartners-display-component---NewPartner--addressDetailDetailsName1","interaction":{"idSuffix":"inner"}},"wdio_ui5_key":"applicationmanagepartners-display-component---NewPartner--addressDetailDetailsName1"}]}
RESULT: {"script":"<script> [1562 bytes]","args":[{"selector":{"id":"application-managepartners-display-component---NewPartner--addressDetailDetailsName1","interaction":{"idSuffix":"inner"}},"wdio_ui5_key":"applicationmanagepartners-display-component---NewPartner--addressDetailDetailsName1"}]}
RESULT: undefined
COMMAND: POST /session/e85e052fb48b678918c44a977a8ff9db/execute/async - {"script":"<script> [776 bytes]","args":[{"enterText":"Intercompany Partner WDIO","selector":{"id":"application-managepartners-display-component---NewPartner--addressDetailDetailsName1","interaction":{"idSuffix":"inner"}},"clearTextFirst":true,"interactionType":"ENTER_TEXT"}]}
RESULT: {"script":"<script> [776 bytes]","args":[{"enterText":"Intercompany Partner WDIO","selector":{"id":"application-managepartners-display-component---NewPartner--addressDetailDetailsName1","interaction":{"idSuffix":"inner"}},"clearTextFirst":true,"interactionType":"ENTER_TEXT"}]}
COMMAND: POST /session/e85e052fb48b678918c44a977a8ff9db/execute/async - {"script":"<script> [1562 bytes]","args":[{"selector":{"id":"application-managepartners-display-component---NewPartner--addressDetailDetailsLanguage-arrow"},"wdio_ui5_key":"applicationmanagepartners-display-component---NewPartner--addressDetailDetailsLanguage-arrow"}]}
RESULT: {"script":"<script> [1562 bytes]","args":[{"selector":{"id":"application-managepartners-display-component---NewPartner--addressDetailDetailsLanguage-arrow"},"wdio_ui5_key":"applicationmanagepartners-display-component---NewPartner--addressDetailDetailsLanguage-arrow"}]}
RESULT: undefined
COMMAND: POST /session/e85e052fb48b678918c44a977a8ff9db/element - {"using":"xpath","value":"//*[@id=\"application-managepartners-display-component---NewPartner--addressDetailDetailsLanguage-arrow\"]"}
RESULT: {"using":"xpath","value":"//*[@id=\"application-managepartners-display-component---NewPartner--addressDetailDetailsLanguage-arrow\"]"}
COMMAND: POST /session/e85e052fb48b678918c44a977a8ff9db/element/f.0E2ED5F52CB306CEAC7E3CCDFCB92CD0.d.041D78A56DAF923C71DC225F34E45DDB.e.3383/click - {}
RESULT: {}
COMMAND: POST /session/e85e052fb48b678918c44a977a8ff9db/element - {"using":"xpath","value":"//span[contains(text(), \"English\")]"}
COMMAND: GET /session/e85e052fb48b678918c44a977a8ff9db/screenshot - {}
RESULT: {"using":"xpath","value":"//span[contains(text(), \"English\")]"}
COMMAND: POST /session/e85e052fb48b678918c44a977a8ff9db/element/f.0E2ED5F52CB306CEAC7E3CCDFCB92CD0.d.041D78A56DAF923C71DC225F34E45DDB.e.3384/click - {}
RESULT: {}
RESULT: {}
COMMAND: GET /session/e85e052fb48b678918c44a977a8ff9db/screenshot - {}
RESULT: {}
COMMAND: POST /session/e85e052fb48b678918c44a977a8ff9db/execute/async - {"script":"<script> [1562 bytes]","args":[{"selector":{"id":"application-managepartners-display-component---NewPartner--addressDetailDetailsCity1","interaction":{"idSuffix":"inner"}},"wdio_ui5_key":"applicationmanagepartners-display-component---NewPartner--addressDetailDetailsCity1"}]}
RESULT: {"script":"<script> [1562 bytes]","args":[{"selector":{"id":"application-managepartners-display-component---NewPartner--addressDetailDetailsCity1","interaction":{"idSuffix":"inner"}},"wdio_ui5_key":"applicationmanagepartners-display-component---NewPartner--addressDetailDetailsCity1"}]}
RESULT: undefined
COMMAND: POST /session/e85e052fb48b678918c44a977a8ff9db/execute/async - {"script":"<script> [776 bytes]","args":[{"enterText":"Rosario","selector":{"id":"application-managepartners-display-component---NewPartner--addressDetailDetailsCity1","interaction":{"idSuffix":"inner"}},"clearTextFirst":true,"interactionType":"ENTER_TEXT"}]}
RESULT: {"script":"<script> [776 bytes]","args":[{"enterText":"Rosario","selector":{"id":"application-managepartners-display-component---NewPartner--addressDetailDetailsCity1","interaction":{"idSuffix":"inner"}},"clearTextFirst":true,"interactionType":"ENTER_TEXT"}]}
COMMAND: POST /session/e85e052fb48b678918c44a977a8ff9db/execute/async - {"script":"<script> [1562 bytes]","args":[{"selector":{"id":"application-managepartners-display-component---NewPartner--addressDetailDetailsCountry-arrow"},"wdio_ui5_key":"applicationmanagepartners-display-component---NewPartner--addressDetailDetailsCountry-arrow"}]}
RESULT: {"script":"<script> [1562 bytes]","args":[{"selector":{"id":"application-managepartners-display-component---NewPartner--addressDetailDetailsCountry-arrow"},"wdio_ui5_key":"applicationmanagepartners-display-component---NewPartner--addressDetailDetailsCountry-arrow"}]}
RESULT: undefined
COMMAND: POST /session/e85e052fb48b678918c44a977a8ff9db/element - {"using":"xpath","value":"//*[@id=\"application-managepartners-display-component---NewPartner--addressDetailDetailsCountry-arrow\"]"}
RESULT: {"using":"xpath","value":"//*[@id=\"application-managepartners-display-component---NewPartner--addressDetailDetailsCountry-arrow\"]"}
COMMAND: POST /session/e85e052fb48b678918c44a977a8ff9db/element/f.0E2ED5F52CB306CEAC7E3CCDFCB92CD0.d.041D78A56DAF923C71DC225F34E45DDB.e.3358/click - {}
RESULT: {}
COMMAND: POST /session/e85e052fb48b678918c44a977a8ff9db/element - {"using":"xpath","value":"//span[contains(text(), \"Argentina\")]"}
COMMAND: GET /session/e85e052fb48b678918c44a977a8ff9db/screenshot - {}
RESULT: {"using":"xpath","value":"//span[contains(text(), \"Argentina\")]"}
COMMAND: POST /session/e85e052fb48b678918c44a977a8ff9db/element/f.0E2ED5F52CB306CEAC7E3CCDFCB92CD0.d.041D78A56DAF923C71DC225F34E45DDB.e.3386/click - {}
RESULT: {}
RESULT: {}
COMMAND: GET /session/e85e052fb48b678918c44a977a8ff9db/screenshot - {}
RESULT: {}
COMMAND: POST /session/e85e052fb48b678918c44a977a8ff9db/element - {"using":"xpath","value":"//bdi[contains(text(), \"Commercial\")]"}
RESULT: {"using":"xpath","value":"//bdi[contains(text(), \"Commercial\")]"}
COMMAND: POST /session/e85e052fb48b678918c44a977a8ff9db/element/f.0E2ED5F52CB306CEAC7E3CCDFCB92CD0.d.041D78A56DAF923C71DC225F34E45DDB.e.3387/click - {}
RESULT: {}
COMMAND: GET /session/e85e052fb48b678918c44a977a8ff9db/screenshot - {}
RESULT: {}
COMMAND: POST /session/e85e052fb48b678918c44a977a8ff9db/execute/async - {"script":"<script> [1562 bytes]","args":[{"selector":{"id":"application-managepartners-display-component---NewPartner--partnerDetailInternal-arrow"},"wdio_ui5_key":"applicationmanagepartners-display-component---NewPartner--partnerDetailInternal-arrow"}]}
RESULT: {"script":"<script> [1562 bytes]","args":[{"selector":{"id":"application-managepartners-display-component---NewPartner--partnerDetailInternal-arrow"},"wdio_ui5_key":"applicationmanagepartners-display-component---NewPartner--partnerDetailInternal-arrow"}]}
RESULT: undefined
COMMAND: POST /session/e85e052fb48b678918c44a977a8ff9db/element - {"using":"xpath","value":"//*[@id=\"application-managepartners-display-component---NewPartner--partnerDetailInternal-arrow\"]"}
RESULT: {"using":"xpath","value":"//*[@id=\"application-managepartners-display-component---NewPartner--partnerDetailInternal-arrow\"]"}
COMMAND: POST /session/e85e052fb48b678918c44a977a8ff9db/element/f.0E2ED5F52CB306CEAC7E3CCDFCB92CD0.d.041D78A56DAF923C71DC225F34E45DDB.e.3393/click - {}
RESULT: {}
COMMAND: POST /session/e85e052fb48b678918c44a977a8ff9db/element - {"using":"xpath","value":"//span[contains(text(), \"Affiliated company\")]"}
COMMAND: GET /session/e85e052fb48b678918c44a977a8ff9db/screenshot - {}
RESULT: {"using":"xpath","value":"//span[contains(text(), \"Affiliated company\")]"}
COMMAND: POST /session/e85e052fb48b678918c44a977a8ff9db/element/f.0E2ED5F52CB306CEAC7E3CCDFCB92CD0.d.041D78A56DAF923C71DC225F34E45DDB.e.3394/click - {}
RESULT: {}
RESULT: {}
COMMAND: POST /session/e85e052fb48b678918c44a977a8ff9db/execute/async - {"script":"<script> [1562 bytes]","args":[{"selector":{"id":"application-managepartners-display-component---NewPartner--partnerDetailsCurrency-arrow"},"wdio_ui5_key":"applicationmanagepartners-display-component---NewPartner--partnerDetailsCurrency-arrow"}]}
COMMAND: GET /session/e85e052fb48b678918c44a977a8ff9db/screenshot - {}
RESULT: {"script":"<script> [1562 bytes]","args":[{"selector":{"id":"application-managepartners-display-component---NewPartner--partnerDetailsCurrency-arrow"},"wdio_ui5_key":"applicationmanagepartners-display-component---NewPartner--partnerDetailsCurrency-arrow"}]}
RESULT: undefined
COMMAND: POST /session/e85e052fb48b678918c44a977a8ff9db/element - {"using":"xpath","value":"//*[@id=\"application-managepartners-display-component---NewPartner--partnerDetailsCurrency-arrow\"]"}
RESULT: {}
RESULT: {"using":"xpath","value":"//*[@id=\"application-managepartners-display-component---NewPartner--partnerDetailsCurrency-arrow\"]"}
COMMAND: POST /session/e85e052fb48b678918c44a977a8ff9db/element/f.0E2ED5F52CB306CEAC7E3CCDFCB92CD0.d.041D78A56DAF923C71DC225F34E45DDB.e.3401/click - {}
RESULT: {}
COMMAND: POST /session/e85e052fb48b678918c44a977a8ff9db/element - {"using":"xpath","value":"//span[contains(text(), \"Euro\")]"}
COMMAND: GET /session/e85e052fb48b678918c44a977a8ff9db/screenshot - {}
RESULT: {"using":"xpath","value":"//span[contains(text(), \"Euro\")]"}
COMMAND: POST /session/e85e052fb48b678918c44a977a8ff9db/element/f.0E2ED5F52CB306CEAC7E3CCDFCB92CD0.d.041D78A56DAF923C71DC225F34E45DDB.e.3402/click - {}
RESULT: {}
RESULT: {}
COMMAND: POST /session/e85e052fb48b678918c44a977a8ff9db/execute/async - {"script":"<script> [1562 bytes]","args":[{"selector":{"id":"application-managepartners-display-component---NewPartner--addressEditDetailsCostObjectCstType-arrow"},"wdio_ui5_key":"applicationmanagepartners-display-component---NewPartner--addressEditDetailsCostObjectCstType-arrow"}]}
COMMAND: GET /session/e85e052fb48b678918c44a977a8ff9db/screenshot - {}
RESULT: {"script":"<script> [1562 bytes]","args":[{"selector":{"id":"application-managepartners-display-component---NewPartner--addressEditDetailsCostObjectCstType-arrow"},"wdio_ui5_key":"applicationmanagepartners-display-component---NewPartner--addressEditDetailsCostObjectCstType-arrow"}]}
RESULT: undefined
COMMAND: POST /session/e85e052fb48b678918c44a977a8ff9db/element - {"using":"xpath","value":"//*[@id=\"application-managepartners-display-component---NewPartner--addressEditDetailsCostObjectCstType-arrow\"]"}
RESULT: {}
RESULT: {"using":"xpath","value":"//*[@id=\"application-managepartners-display-component---NewPartner--addressEditDetailsCostObjectCstType-arrow\"]"}
COMMAND: POST /session/e85e052fb48b678918c44a977a8ff9db/element/f.0E2ED5F52CB306CEAC7E3CCDFCB92CD0.d.041D78A56DAF923C71DC225F34E45DDB.e.3403/click - {}
RESULT: {}
COMMAND: POST /session/e85e052fb48b678918c44a977a8ff9db/element - {"using":"xpath","value":"//span[contains(text(), \"Cost Center\")]"}
COMMAND: GET /session/e85e052fb48b678918c44a977a8ff9db/screenshot - {}
RESULT: {"using":"xpath","value":"//span[contains(text(), \"Cost Center\")]"}
COMMAND: POST /session/e85e052fb48b678918c44a977a8ff9db/element/f.0E2ED5F52CB306CEAC7E3CCDFCB92CD0.d.041D78A56DAF923C71DC225F34E45DDB.e.3404/click - {}
RESULT: {}
RESULT: {}
COMMAND: GET /session/e85e052fb48b678918c44a977a8ff9db/screenshot - {}
RESULT: {}
COMMAND: POST /session/e85e052fb48b678918c44a977a8ff9db/element - {"using":"xpath","value":"//span[@id=\"application-managepartners-display-component---NewPartner--addressNewCostObjectCstID-vhi\"]"}
RESULT: {"using":"xpath","value":"//span[@id=\"application-managepartners-display-component---NewPartner--addressNewCostObjectCstID-vhi\"]"}
COMMAND: POST /session/e85e052fb48b678918c44a977a8ff9db/execute/sync - {"script":"<script> [8489 bytes]","args":[{"element-6066-11e4-a52e-4f735466cecf":"f.0E2ED5F52CB306CEAC7E3CCDFCB92CD0.d.041D78A56DAF923C71DC225F34E45DDB.e.3408","ELEMENT":"f.0E2ED5F52CB306CEAC7E3CCDFCB92CD0.d.041D78A56DAF923C71DC225F34E45DDB.e.3408"}]}
RESULT: {"script":"<script> [8489 bytes]","args":[{"element-6066-11e4-a52e-4f735466cecf":"f.0E2ED5F52CB306CEAC7E3CCDFCB92CD0.d.041D78A56DAF923C71DC225F34E45DDB.e.3408","ELEMENT":"f.0E2ED5F52CB306CEAC7E3CCDFCB92CD0.d.041D78A56DAF923C71DC225F34E45DDB.e.3408"}]}
COMMAND: POST /session/e85e052fb48b678918c44a977a8ff9db/execute/async - {"script":"<script> [1562 bytes]","args":[{"selector":{"id":"application-managepartners-display-component---NewPartner--addressNewCostObjectCstID-vhi"},"wdio_ui5_key":"applicationmanagepartners-display-component---NewPartner--addressNewCostObjectCstID-vhi"}]}
COMMAND: GET /session/e85e052fb48b678918c44a977a8ff9db/screenshot - {}
RESULT: {"script":"<script> [1562 bytes]","args":[{"selector":{"id":"application-managepartners-display-component---NewPartner--addressNewCostObjectCstID-vhi"},"wdio_ui5_key":"applicationmanagepartners-display-component---NewPartner--addressNewCostObjectCstID-vhi"}]}
RESULT: undefined
COMMAND: POST /session/e85e052fb48b678918c44a977a8ff9db/element - {"using":"xpath","value":"//*[@id=\"application-managepartners-display-component---NewPartner--addressNewCostObjectCstID-vhi\"]"}
RESULT: {}
RESULT: {"using":"xpath","value":"//*[@id=\"application-managepartners-display-component---NewPartner--addressNewCostObjectCstID-vhi\"]"}
COMMAND: POST /session/e85e052fb48b678918c44a977a8ff9db/element/f.0E2ED5F52CB306CEAC7E3CCDFCB92CD0.d.041D78A56DAF923C71DC225F34E45DDB.e.3408/click - {}
RESULT: {}
COMMAND: GET /session/e85e052fb48b678918c44a977a8ff9db/screenshot - {}
RESULT: {}
COMMAND: POST /session/e85e052fb48b678918c44a977a8ff9db/execute/async - {"script":"<script> [1562 bytes]","args":[{"selector":{"controlType":"sap.m.SearchField","properties":{"placeholder":"Search"},"searchOpenDialogs":true,"interaction":{"idSuffix":"I"}},"wdio_ui5_key":"sapm.SearchField{\"placeholder\":\"Search\"}"}]}
RESULT: {"script":"<script> [1562 bytes]","args":[{"selector":{"controlType":"sap.m.SearchField","properties":{"placeholder":"Search"},"searchOpenDialogs":true,"interaction":{"idSuffix":"I"}},"wdio_ui5_key":"sapm.SearchField{\"placeholder\":\"Search\"}"}]}
RESULT: undefined
COMMAND: POST /session/e85e052fb48b678918c44a977a8ff9db/execute/async - {"script":"<script> [776 bytes]","args":[{"enterText":"10001013","selector":{"controlType":"sap.m.SearchField","properties":{"placeholder":"Search"},"searchOpenDialogs":true,"interaction":{"idSuffix":"I"}},"clearTextFirst":true,"interactionType":"ENTER_TEXT"}]}
RESULT: {"script":"<script> [776 bytes]","args":[{"enterText":"10001013","selector":{"controlType":"sap.m.SearchField","properties":{"placeholder":"Search"},"searchOpenDialogs":true,"interaction":{"idSuffix":"I"}},"clearTextFirst":true,"interactionType":"ENTER_TEXT"}]}
COMMAND: POST /session/e85e052fb48b678918c44a977a8ff9db/actions - {"actions":[{"id":"action7","type":"key","parameters":{},"actions":[{"type":"keyDown","value":"î€‡"},{"type":"pause","duration":10},{"type":"keyUp","value":"î€‡"}]}]}
RESULT: {"actions":[{"id":"action7","type":"key","parameters":{},"actions":[{"type":"keyDown","value":"î€‡"},{"type":"pause","duration":10},{"type":"keyUp","value":"î€‡"}]}]}
COMMAND: GET /session/e85e052fb48b678918c44a977a8ff9db/screenshot - {}
RESULT: {}
COMMAND: POST /session/e85e052fb48b678918c44a977a8ff9db/element - {"using":"xpath","value":"//span[contains(text(), \"General Management\")]"}
RESULT: {"using":"xpath","value":"//span[contains(text(), \"General Management\")]"}
COMMAND: POST /session/e85e052fb48b678918c44a977a8ff9db/element/f.0E2ED5F52CB306CEAC7E3CCDFCB92CD0.d.041D78A56DAF923C71DC225F34E45DDB.e.3451/click - {}
RESULT: {}
COMMAND: GET /session/e85e052fb48b678918c44a977a8ff9db/screenshot - {}
RESULT: {}
COMMAND: POST /session/e85e052fb48b678918c44a977a8ff9db/element - {"using":"xpath","value":"//bdi[contains(text(), \"OK\")]"}
RESULT: {"using":"xpath","value":"//bdi[contains(text(), \"OK\")]"}
COMMAND: POST /session/e85e052fb48b678918c44a977a8ff9db/element/f.0E2ED5F52CB306CEAC7E3CCDFCB92CD0.d.041D78A56DAF923C71DC225F34E45DDB.e.3452/click - {}
RESULT: {}
COMMAND: GET /session/e85e052fb48b678918c44a977a8ff9db/screenshot - {}
RESULT: {}
COMMAND: POST /session/e85e052fb48b678918c44a977a8ff9db/element - {"using":"xpath","value":"//input[@id=\"application-managepartners-display-component---NewPartner--companyCodeComboBox-inner\"]"}
RESULT: {"using":"xpath","value":"//input[@id=\"application-managepartners-display-component---NewPartner--companyCodeComboBox-inner\"]"}
COMMAND: POST /session/e85e052fb48b678918c44a977a8ff9db/element/f.0E2ED5F52CB306CEAC7E3CCDFCB92CD0.d.041D78A56DAF923C71DC225F34E45DDB.e.3296/clear - {}
RESULT: {}
COMMAND: POST /session/e85e052fb48b678918c44a977a8ff9db/element/f.0E2ED5F52CB306CEAC7E3CCDFCB92CD0.d.041D78A56DAF923C71DC225F34E45DDB.e.3296/value - {"text":"C002"}
COMMAND: GET /session/e85e052fb48b678918c44a977a8ff9db/screenshot - {}
RESULT: {"text":"C002"}
COMMAND: GET /session/e85e052fb48b678918c44a977a8ff9db/screenshot - {}
RESULT: {}
RESULT: {}
COMMAND: POST /session/e85e052fb48b678918c44a977a8ff9db/element - {"using":"xpath","value":"//span[contains(text(), \"C002\")]"}
RESULT: {"using":"xpath","value":"//span[contains(text(), \"C002\")]"}
COMMAND: POST /session/e85e052fb48b678918c44a977a8ff9db/element/f.0E2ED5F52CB306CEAC7E3CCDFCB92CD0.d.041D78A56DAF923C71DC225F34E45DDB.e.3458/click - {}
RESULT: {}
COMMAND: GET /session/e85e052fb48b678918c44a977a8ff9db/screenshot - {}
RESULT: {}
COMMAND: POST /session/e85e052fb48b678918c44a977a8ff9db/execute/async - {"script":"<script> [1562 bytes]","args":[{"selector":{"id":"application-managepartners-display-component---NewPartner--btnAddTableRow-img"},"wdio_ui5_key":"applicationmanagepartners-display-component---NewPartner--btnAddTableRow-img"}]}
RESULT: {"script":"<script> [1562 bytes]","args":[{"selector":{"id":"application-managepartners-display-component---NewPartner--btnAddTableRow-img"},"wdio_ui5_key":"applicationmanagepartners-display-component---NewPartner--btnAddTableRow-img"}]}
RESULT: undefined
COMMAND: POST /session/e85e052fb48b678918c44a977a8ff9db/element - {"using":"xpath","value":"//*[@id=\"application-managepartners-display-component---NewPartner--btnAddTableRow-img\"]"}
RESULT: {"using":"xpath","value":"//*[@id=\"application-managepartners-display-component---NewPartner--btnAddTableRow-img\"]"}
COMMAND: POST /session/e85e052fb48b678918c44a977a8ff9db/element/f.0E2ED5F52CB306CEAC7E3CCDFCB92CD0.d.041D78A56DAF923C71DC225F34E45DDB.e.3459/click - {}
RESULT: {}
COMMAND: GET /session/e85e052fb48b678918c44a977a8ff9db/screenshot - {}
RESULT: {}
COMMAND: POST /session/e85e052fb48b678918c44a977a8ff9db/element - {"using":"xpath","value":"//input[@id=\"application-managepartners-display-component---NewPartner--assignmentYard-application-managepartners-display-component---NewPartner--assignmentsTable-0-inner\"]"}
RESULT: {"using":"xpath","value":"//input[@id=\"application-managepartners-display-component---NewPartner--assignmentYard-application-managepartners-display-component---NewPartner--assignmentsTable-0-inner\"]"}
COMMAND: POST /session/e85e052fb48b678918c44a977a8ff9db/element/f.0E2ED5F52CB306CEAC7E3CCDFCB92CD0.d.041D78A56DAF923C71DC225F34E45DDB.e.3462/clear - {}
RESULT: {}
COMMAND: POST /session/e85e052fb48b678918c44a977a8ff9db/element/f.0E2ED5F52CB306CEAC7E3CCDFCB92CD0.d.041D78A56DAF923C71DC225F34E45DDB.e.3462/value - {"text":"488"}
COMMAND: GET /session/e85e052fb48b678918c44a977a8ff9db/screenshot - {}
RESULT: {"text":"488"}
COMMAND: GET /session/e85e052fb48b678918c44a977a8ff9db/screenshot - {}
RESULT: {}
RESULT: {}
COMMAND: POST /session/e85e052fb48b678918c44a977a8ff9db/element - {"using":"xpath","value":"//li[.//span[text()='488']]"}
RESULT: {"using":"xpath","value":"//li[.//span[text()='488']]"}
COMMAND: POST /session/e85e052fb48b678918c44a977a8ff9db/element/f.0E2ED5F52CB306CEAC7E3CCDFCB92CD0.d.041D78A56DAF923C71DC225F34E45DDB.e.3471/click - {}
RESULT: {}
COMMAND: GET /session/e85e052fb48b678918c44a977a8ff9db/screenshot - {}
RESULT: {}
COMMAND: POST /session/e85e052fb48b678918c44a977a8ff9db/actions - {"actions":[{"id":"action8","type":"key","parameters":{},"actions":[{"type":"keyDown","value":"î€‡"},{"type":"pause","duration":10},{"type":"keyUp","value":"î€‡"}]}]}
RESULT: {"actions":[{"id":"action8","type":"key","parameters":{},"actions":[{"type":"keyDown","value":"î€‡"},{"type":"pause","duration":10},{"type":"keyUp","value":"î€‡"}]}]}
COMMAND: POST /session/e85e052fb48b678918c44a977a8ff9db/execute/async - {"script":"<script> [1562 bytes]","args":[{"selector":{"id":"application-managepartners-display-component---NewPartner--externalCustomerComboBox-application-managepartners-display-component---NewPartner--assignmentsTable-0-vhi"},"wdio_ui5_key":"applicationmanagepartners-display-component---NewPartner--externalCustomerComboBox-application-managepartners-display-component---NewPartner--assignmentsTable-0-vhi"}]}
COMMAND: GET /session/e85e052fb48b678918c44a977a8ff9db/screenshot - {}
RESULT: {"script":"<script> [1562 bytes]","args":[{"selector":{"id":"application-managepartners-display-component---NewPartner--externalCustomerComboBox-application-managepartners-display-component---NewPartner--assignmentsTable-0-vhi"},"wdio_ui5_key":"applicationmanagepartners-display-component---NewPartner--externalCustomerComboBox-application-managepartners-display-component---NewPartner--assignmentsTable-0-vhi"}]}
RESULT: undefined
COMMAND: POST /session/e85e052fb48b678918c44a977a8ff9db/element - {"using":"xpath","value":"//*[@id=\"application-managepartners-display-component---NewPartner--externalCustomerComboBox-application-managepartners-display-component---NewPartner--assignmentsTable-0-vhi\"]"}
RESULT: {}
RESULT: {"using":"xpath","value":"//*[@id=\"application-managepartners-display-component---NewPartner--externalCustomerComboBox-application-managepartners-display-component---NewPartner--assignmentsTable-0-vhi\"]"}
COMMAND: POST /session/e85e052fb48b678918c44a977a8ff9db/element/f.0E2ED5F52CB306CEAC7E3CCDFCB92CD0.d.041D78A56DAF923C71DC225F34E45DDB.e.3475/click - {}
RESULT: {}
RESULT: undefined
COMMAND: POST /session/e85e052fb48b678918c44a977a8ff9db/execute/async - {"script":"<script> [776 bytes]","args":[{"enterText":"300003","selector":{"controlType":"sap.m.SearchField","properties":{"placeholder":"Search"},"searchOpenDialogs":true,"interaction":{"idSuffix":"I"}},"clearTextFirst":true,"interactionType":"ENTER_TEXT"}]}
COMMAND: GET /session/e85e052fb48b678918c44a977a8ff9db/screenshot - {}
RESULT: {"script":"<script> [776 bytes]","args":[{"enterText":"300003","selector":{"controlType":"sap.m.SearchField","properties":{"placeholder":"Search"},"searchOpenDialogs":true,"interaction":{"idSuffix":"I"}},"clearTextFirst":true,"interactionType":"ENTER_TEXT"}]}
COMMAND: POST /session/e85e052fb48b678918c44a977a8ff9db/actions - {"actions":[{"id":"action9","type":"key","parameters":{},"actions":[{"type":"keyDown","value":"î€‡"},{"type":"pause","duration":10},{"type":"keyUp","value":"î€‡"}]}]}
RESULT: {}
RESULT: {"actions":[{"id":"action9","type":"key","parameters":{},"actions":[{"type":"keyDown","value":"î€‡"},{"type":"pause","duration":10},{"type":"keyUp","value":"î€‡"}]}]}
COMMAND: GET /session/e85e052fb48b678918c44a977a8ff9db/screenshot - {}
RESULT: {}
COMMAND: POST /session/e85e052fb48b678918c44a977a8ff9db/element - {"using":"xpath","value":"//span[contains(text(), \"300003\")]"}
RESULT: {"using":"xpath","value":"//span[contains(text(), \"300003\")]"}
COMMAND: POST /session/e85e052fb48b678918c44a977a8ff9db/element/f.0E2ED5F52CB306CEAC7E3CCDFCB92CD0.d.041D78A56DAF923C71DC225F34E45DDB.e.3492/click - {}
RESULT: {}
COMMAND: GET /session/e85e052fb48b678918c44a977a8ff9db/screenshot - {}
RESULT: {}
COMMAND: POST /session/e85e052fb48b678918c44a977a8ff9db/element - {"using":"xpath","value":"//bdi[contains(text(), \"OK\")]"}
RESULT: {"using":"xpath","value":"//bdi[contains(text(), \"OK\")]"}
COMMAND: POST /session/e85e052fb48b678918c44a977a8ff9db/element/f.0E2ED5F52CB306CEAC7E3CCDFCB92CD0.d.041D78A56DAF923C71DC225F34E45DDB.e.3494/click - {}
RESULT: {}
COMMAND: GET /session/e85e052fb48b678918c44a977a8ff9db/screenshot - {}
RESULT: {}
COMMAND: POST /session/e85e052fb48b678918c44a977a8ff9db/execute/async - {"script":"<script> [1562 bytes]","args":[{"selector":{"id":"application-managepartners-display-component---NewPartner--intercompVendorComboBox-application-managepartners-display-component---NewPartner--assignmentsTable-0-vhi"},"wdio_ui5_key":"applicationmanagepartners-display-component---NewPartner--intercompVendorComboBox-application-managepartners-display-component---NewPartner--assignmentsTable-0-vhi"}]}
RESULT: {"script":"<script> [1562 bytes]","args":[{"selector":{"id":"application-managepartners-display-component---NewPartner--intercompVendorComboBox-application-managepartners-display-component---NewPartner--assignmentsTable-0-vhi"},"wdio_ui5_key":"applicationmanagepartners-display-component---NewPartner--intercompVendorComboBox-application-managepartners-display-component---NewPartner--assignmentsTable-0-vhi"}]}
RESULT: undefined
COMMAND: POST /session/e85e052fb48b678918c44a977a8ff9db/element - {"using":"xpath","value":"//*[@id=\"application-managepartners-display-component---NewPartner--intercompVendorComboBox-application-managepartners-display-component---NewPartner--assignmentsTable-0-vhi\"]"}
RESULT: {"using":"xpath","value":"//*[@id=\"application-managepartners-display-component---NewPartner--intercompVendorComboBox-application-managepartners-display-component---NewPartner--assignmentsTable-0-vhi\"]"}
COMMAND: POST /session/e85e052fb48b678918c44a977a8ff9db/element/f.0E2ED5F52CB306CEAC7E3CCDFCB92CD0.d.041D78A56DAF923C71DC225F34E45DDB.e.3497/click - {}
RESULT: {}
RESULT: undefined
COMMAND: POST /session/e85e052fb48b678918c44a977a8ff9db/execute/async - {"script":"<script> [776 bytes]","args":[{"enterText":"100005","selector":{"controlType":"sap.m.SearchField","properties":{"placeholder":"Search"},"searchOpenDialogs":true,"interaction":{"idSuffix":"I"}},"clearTextFirst":true,"interactionType":"ENTER_TEXT"}]}
COMMAND: GET /session/e85e052fb48b678918c44a977a8ff9db/screenshot - {}
RESULT: {}
RESULT: {"script":"<script> [776 bytes]","args":[{"enterText":"100005","selector":{"controlType":"sap.m.SearchField","properties":{"placeholder":"Search"},"searchOpenDialogs":true,"interaction":{"idSuffix":"I"}},"clearTextFirst":true,"interactionType":"ENTER_TEXT"}]}
COMMAND: POST /session/e85e052fb48b678918c44a977a8ff9db/actions - {"actions":[{"id":"action10","type":"key","parameters":{},"actions":[{"type":"keyDown","value":"î€‡"},{"type":"pause","duration":10},{"type":"keyUp","value":"î€‡"}]}]}
RESULT: {"actions":[{"id":"action10","type":"key","parameters":{},"actions":[{"type":"keyDown","value":"î€‡"},{"type":"pause","duration":10},{"type":"keyUp","value":"î€‡"}]}]}
COMMAND: GET /session/e85e052fb48b678918c44a977a8ff9db/screenshot - {}
RESULT: {}
COMMAND: POST /session/e85e052fb48b678918c44a977a8ff9db/element - {"using":"xpath","value":"//span[contains(text(), \"Penguins - Field/12345 Berlin\")]"}
RESULT: {"using":"xpath","value":"//span[contains(text(), \"Penguins - Field/12345 Berlin\")]"}
COMMAND: POST /session/e85e052fb48b678918c44a977a8ff9db/element/f.0E2ED5F52CB306CEAC7E3CCDFCB92CD0.d.041D78A56DAF923C71DC225F34E45DDB.e.3514/click - {}
RESULT: {}
COMMAND: GET /session/e85e052fb48b678918c44a977a8ff9db/screenshot - {}
RESULT: {}
COMMAND: POST /session/e85e052fb48b678918c44a977a8ff9db/element - {"using":"xpath","value":"//bdi[contains(text(), \"OK\")]"}
RESULT: {"using":"xpath","value":"//bdi[contains(text(), \"OK\")]"}
COMMAND: POST /session/e85e052fb48b678918c44a977a8ff9db/element/f.0E2ED5F52CB306CEAC7E3CCDFCB92CD0.d.041D78A56DAF923C71DC225F34E45DDB.e.3515/click - {}
RESULT: {}
COMMAND: GET /session/e85e052fb48b678918c44a977a8ff9db/screenshot - {}
RESULT: {}
COMMAND: POST /session/e85e052fb48b678918c44a977a8ff9db/element - {"using":"xpath","value":"//button[@data-kt=\"saveButton\"]"}
RESULT: {"using":"xpath","value":"//button[@data-kt=\"saveButton\"]"}
COMMAND: POST /session/e85e052fb48b678918c44a977a8ff9db/element/f.0E2ED5F52CB306CEAC7E3CCDFCB92CD0.d.041D78A56DAF923C71DC225F34E45DDB.e.3360/click - {}
RESULT: {}
COMMAND: GET /session/e85e052fb48b678918c44a977a8ff9db/screenshot - {}
RESULT: {}
COMMAND: POST /session/e85e052fb48b678918c44a977a8ff9db/element - {"using":"xpath","value":"//header[contains(@id, 'ObjectPageLayout-headerTitle')]/div[1]/div[2]/div[2]/span[1]"}
RESULT: {"using":"xpath","value":"//header[contains(@id, 'ObjectPageLayout-headerTitle')]/div[1]/div[2]/div[2]/span[1]"}
COMMAND: POST /session/e85e052fb48b678918c44a977a8ff9db/elements - {"using":"xpath","value":"//header[contains(@id, 'ObjectPageLayout-headerTitle')]/div[1]/div[2]/div[2]/span[1]"}
RESULT: {"using":"xpath","value":"//header[contains(@id, 'ObjectPageLayout-headerTitle')]/div[1]/div[2]/div[2]/span[1]"}
COMMAND: POST /session/e85e052fb48b678918c44a977a8ff9db/execute/sync - {"script":"<script> [56 bytes]","args":[{"element-6066-11e4-a52e-4f735466cecf":"f.0E2ED5F52CB306CEAC7E3CCDFCB92CD0.d.041D78A56DAF923C71DC225F34E45DDB.e.3681","ELEMENT":"f.0E2ED5F52CB306CEAC7E3CCDFCB92CD0.d.041D78A56DAF923C71DC225F34E45DDB.e.3681"}]}
RESULT: {"script":"<script> [56 bytes]","args":[{"element-6066-11e4-a52e-4f735466cecf":"f.0E2ED5F52CB306CEAC7E3CCDFCB92CD0.d.041D78A56DAF923C71DC225F34E45DDB.e.3681","ELEMENT":"f.0E2ED5F52CB306CEAC7E3CCDFCB92CD0.d.041D78A56DAF923C71DC225F34E45DDB.e.3681"}]}
COMMAND: POST /session/e85e052fb48b678918c44a977a8ff9db/element - {"using":"css selector","value":"#shell-header-logo"}
COMMAND: GET /session/e85e052fb48b678918c44a977a8ff9db/screenshot - {}
RESULT: {"using":"css selector","value":"#shell-header-logo"}
COMMAND: POST /session/e85e052fb48b678918c44a977a8ff9db/element/f.0E2ED5F52CB306CEAC7E3CCDFCB92CD0.d.041D78A56DAF923C71DC225F34E45DDB.e.2901/click - {}
RESULT: {}
RESULT: {}
COMMAND: GET /session/e85e052fb48b678918c44a977a8ff9db/screenshot - {}
RESULT: {}
COMMAND: POST /session/e85e052fb48b678918c44a977a8ff9db/execute/sync - {"script":"<script> [299 bytes]","args":[["getModel","getResource"]]}
RESULT: {"script":"<script> [299 bytes]","args":[["getModel","getResource"]]}
RESULT: undefined
COMMAND: POST /session/e85e052fb48b678918c44a977a8ff9db/element - {"using":"xpath","value":"//*[@id=\"__tile30\"]"}
COMMAND: GET /session/e85e052fb48b678918c44a977a8ff9db/screenshot - {}
RESULT: {"using":"xpath","value":"//*[@id=\"__tile30\"]"}
COMMAND: POST /session/e85e052fb48b678918c44a977a8ff9db/element/f.0E2ED5F52CB306CEAC7E3CCDFCB92CD0.d.041D78A56DAF923C71DC225F34E45DDB.e.2822/click - {}
RESULT: {}
RESULT: {}
COMMAND: POST /session/e85e052fb48b678918c44a977a8ff9db/element - {"using":"xpath","value":"//button[@data-kt=\"addButton\"]"}
COMMAND: GET /session/e85e052fb48b678918c44a977a8ff9db/screenshot - {}
RESULT: {"using":"xpath","value":"//button[@data-kt=\"addButton\"]"}
COMMAND: POST /session/e85e052fb48b678918c44a977a8ff9db/elements - {"using":"xpath","value":"//button[@data-kt=\"addButton\"]"}
RESULT: {}
RESULT: {"using":"xpath","value":"//button[@data-kt=\"addButton\"]"}
COMMAND: POST /session/e85e052fb48b678918c44a977a8ff9db/element - {"using":"xpath","value":"//button[@data-kt=\"addButton\"]"}
RESULT: {"using":"xpath","value":"//button[@data-kt=\"addButton\"]"}
COMMAND: POST /session/e85e052fb48b678918c44a977a8ff9db/execute/sync - {"script":"<script> [8489 bytes]","args":[{"element-6066-11e4-a52e-4f735466cecf":"f.0E2ED5F52CB306CEAC7E3CCDFCB92CD0.d.041D78A56DAF923C71DC225F34E45DDB.e.3729","ELEMENT":"f.0E2ED5F52CB306CEAC7E3CCDFCB92CD0.d.041D78A56DAF923C71DC225F34E45DDB.e.3729"}]}
RESULT: {"script":"<script> [8489 bytes]","args":[{"element-6066-11e4-a52e-4f735466cecf":"f.0E2ED5F52CB306CEAC7E3CCDFCB92CD0.d.041D78A56DAF923C71DC225F34E45DDB.e.3729","ELEMENT":"f.0E2ED5F52CB306CEAC7E3CCDFCB92CD0.d.041D78A56DAF923C71DC225F34E45DDB.e.3729"}]}
COMMAND: GET /session/e85e052fb48b678918c44a977a8ff9db/element/f.0E2ED5F52CB306CEAC7E3CCDFCB92CD0.d.041D78A56DAF923C71DC225F34E45DDB.e.3729/enabled - {}
COMMAND: GET /session/e85e052fb48b678918c44a977a8ff9db/screenshot - {}
RESULT: {}
COMMAND: POST /session/e85e052fb48b678918c44a977a8ff9db/execute/sync - {"script":"<script> [8489 bytes]","args":[{"element-6066-11e4-a52e-4f735466cecf":"f.0E2ED5F52CB306CEAC7E3CCDFCB92CD0.d.041D78A56DAF923C71DC225F34E45DDB.e.3729","ELEMENT":"f.0E2ED5F52CB306CEAC7E3CCDFCB92CD0.d.041D78A56DAF923C71DC225F34E45DDB.e.3729"}]}
COMMAND: GET /session/e85e052fb48b678918c44a977a8ff9db/screenshot - {}
RESULT: {}
RESULT: {"script":"<script> [8489 bytes]","args":[{"element-6066-11e4-a52e-4f735466cecf":"f.0E2ED5F52CB306CEAC7E3CCDFCB92CD0.d.041D78A56DAF923C71DC225F34E45DDB.e.3729","ELEMENT":"f.0E2ED5F52CB306CEAC7E3CCDFCB92CD0.d.041D78A56DAF923C71DC225F34E45DDB.e.3729"}]}
COMMAND: POST /session/e85e052fb48b678918c44a977a8ff9db/execute/sync - {"script":"<script> [5351 bytes]","args":[{"element-6066-11e4-a52e-4f735466cecf":"f.0E2ED5F52CB306CEAC7E3CCDFCB92CD0.d.041D78A56DAF923C71DC225F34E45DDB.e.3729","ELEMENT":"f.0E2ED5F52CB306CEAC7E3CCDFCB92CD0.d.041D78A56DAF923C71DC225F34E45DDB.e.3729"}]}
COMMAND: GET /session/e85e052fb48b678918c44a977a8ff9db/screenshot - {}
RESULT: {}
RESULT: {"script":"<script> [5351 bytes]","args":[{"element-6066-11e4-a52e-4f735466cecf":"f.0E2ED5F52CB306CEAC7E3CCDFCB92CD0.d.041D78A56DAF923C71DC225F34E45DDB.e.3729","ELEMENT":"f.0E2ED5F52CB306CEAC7E3CCDFCB92CD0.d.041D78A56DAF923C71DC225F34E45DDB.e.3729"}]}
COMMAND: GET /session/e85e052fb48b678918c44a977a8ff9db/screenshot - {}
RESULT: {}
RESULT: {}
COMMAND: POST /session/e85e052fb48b678918c44a977a8ff9db/execute/async - {"script":"<script> [1562 bytes]","args":[{"selector":{"id":"application-managepartners-display-component---masterPtm--smartFilterBar-btnBasicSearch","interaction":{"idSuffix":"I"}},"wdio_ui5_key":"applicationmanagepartners-display-component---masterPtm--smartFilterBar-btnBasicSearch"}]}
RESULT: {"script":"<script> [1562 bytes]","args":[{"selector":{"id":"application-managepartners-display-component---masterPtm--smartFilterBar-btnBasicSearch","interaction":{"idSuffix":"I"}},"wdio_ui5_key":"applicationmanagepartners-display-component---masterPtm--smartFilterBar-btnBasicSearch"}]}
RESULT: undefined
COMMAND: POST /session/e85e052fb48b678918c44a977a8ff9db/execute/async - {"script":"<script> [776 bytes]","args":[{"enterText":"1360","selector":{"id":"application-managepartners-display-component---masterPtm--smartFilterBar-btnBasicSearch","interaction":{"idSuffix":"I"}},"clearTextFirst":true,"interactionType":"ENTER_TEXT"}]}
RESULT: {"script":"<script> [776 bytes]","args":[{"enterText":"1360","selector":{"id":"application-managepartners-display-component---masterPtm--smartFilterBar-btnBasicSearch","interaction":{"idSuffix":"I"}},"clearTextFirst":true,"interactionType":"ENTER_TEXT"}]}
COMMAND: POST /session/e85e052fb48b678918c44a977a8ff9db/actions - {"actions":[{"id":"action11","type":"key","parameters":{},"actions":[{"type":"keyDown","value":"î€‡"},{"type":"pause","duration":10},{"type":"keyUp","value":"î€‡"}]}]}
RESULT: {"actions":[{"id":"action11","type":"key","parameters":{},"actions":[{"type":"keyDown","value":"î€‡"},{"type":"pause","duration":10},{"type":"keyUp","value":"î€‡"}]}]}
COMMAND: GET /session/e85e052fb48b678918c44a977a8ff9db/screenshot - {}
RESULT: {}
COMMAND: POST /session/e85e052fb48b678918c44a977a8ff9db/elements - {"using":"xpath","value":"//table[contains(@id, \"customPartnersTable-listUl\")]/tbody/tr"}
RESULT: {"using":"xpath","value":"//table[contains(@id, \"customPartnersTable-listUl\")]/tbody/tr"}
COMMAND: POST /session/e85e052fb48b678918c44a977a8ff9db/element - {"using":"xpath","value":"//table[contains(@id, \"customPartnersTable-listUl\")]/tbody/tr[1]/td[3]/span"}
RESULT: {"using":"xpath","value":"//table[contains(@id, \"customPartnersTable-listUl\")]/tbody/tr[1]/td[3]/span"}
COMMAND: POST /session/e85e052fb48b678918c44a977a8ff9db/elements - {"using":"xpath","value":"//table[contains(@id, \"customPartnersTable-listUl\")]/tbody/tr[1]/td[3]/span"}
RESULT: {"using":"xpath","value":"//table[contains(@id, \"customPartnersTable-listUl\")]/tbody/tr[1]/td[3]/span"}
COMMAND: POST /session/e85e052fb48b678918c44a977a8ff9db/execute/sync - {"script":"<script> [56 bytes]","args":[{"element-6066-11e4-a52e-4f735466cecf":"f.0E2ED5F52CB306CEAC7E3CCDFCB92CD0.d.041D78A56DAF923C71DC225F34E45DDB.e.3864","ELEMENT":"f.0E2ED5F52CB306CEAC7E3CCDFCB92CD0.d.041D78A56DAF923C71DC225F34E45DDB.e.3864"}]}
RESULT: {"script":"<script> [56 bytes]","args":[{"element-6066-11e4-a52e-4f735466cecf":"f.0E2ED5F52CB306CEAC7E3CCDFCB92CD0.d.041D78A56DAF923C71DC225F34E45DDB.e.3864","ELEMENT":"f.0E2ED5F52CB306CEAC7E3CCDFCB92CD0.d.041D78A56DAF923C71DC225F34E45DDB.e.3864"}]}
COMMAND: POST /session/e85e052fb48b678918c44a977a8ff9db/element - {"using":"xpath","value":"(//span[contains(@id, \"imgNav\")])[1]"}
COMMAND: GET /session/e85e052fb48b678918c44a977a8ff9db/screenshot - {}
RESULT: {"using":"xpath","value":"(//span[contains(@id, \"imgNav\")])[1]"}
COMMAND: POST /session/e85e052fb48b678918c44a977a8ff9db/element/f.0E2ED5F52CB306CEAC7E3CCDFCB92CD0.d.041D78A56DAF923C71DC225F34E45DDB.e.3862/click - {}
RESULT: {}
RESULT: {}
COMMAND: GET /session/e85e052fb48b678918c44a977a8ff9db/screenshot - {}
RESULT: {}
COMMAND: POST /session/e85e052fb48b678918c44a977a8ff9db/element - {"using":"xpath","value":"//bdi[contains(text(), \"Edit\")]"}
RESULT: {"using":"xpath","value":"//bdi[contains(text(), \"Edit\")]"}
COMMAND: POST /session/e85e052fb48b678918c44a977a8ff9db/element/f.0E2ED5F52CB306CEAC7E3CCDFCB92CD0.d.041D78A56DAF923C71DC225F34E45DDB.e.4009/click - {}
RESULT: {}
COMMAND: GET /session/e85e052fb48b678918c44a977a8ff9db/screenshot - {}
RESULT: {}
COMMAND: POST /session/e85e052fb48b678918c44a977a8ff9db/execute/async - {"script":"<script> [1562 bytes]","args":[{"selector":{"controlType":"sap.m.Input","viewName":"etm.portal.ui.managepartners.view.EditDetail","labelFor":{"text":"Name"},"interaction":{"idSuffix":"inner"}},"wdio_ui5_key":"etmportal.ui.managepartners.view.EditDetailsap.m.Input{\"text\":\"Name\"}"}]}
RESULT: {"script":"<script> [1562 bytes]","args":[{"selector":{"controlType":"sap.m.Input","viewName":"etm.portal.ui.managepartners.view.EditDetail","labelFor":{"text":"Name"},"interaction":{"idSuffix":"inner"}},"wdio_ui5_key":"etmportal.ui.managepartners.view.EditDetailsap.m.Input{\"text\":\"Name\"}"}]}
RESULT: undefined
COMMAND: POST /session/e85e052fb48b678918c44a977a8ff9db/execute/async - {"script":"<script> [776 bytes]","args":[{"enterText":"Intercompany EDIT","selector":{"controlType":"sap.m.Input","viewName":"etm.portal.ui.managepartners.view.EditDetail","labelFor":{"text":"Name"},"interaction":{"idSuffix":"inner"}},"clearTextFirst":true,"interactionType":"ENTER_TEXT"}]}
RESULT: {"script":"<script> [776 bytes]","args":[{"enterText":"Intercompany EDIT","selector":{"controlType":"sap.m.Input","viewName":"etm.portal.ui.managepartners.view.EditDetail","labelFor":{"text":"Name"},"interaction":{"idSuffix":"inner"}},"clearTextFirst":true,"interactionType":"ENTER_TEXT"}]}
COMMAND: POST /session/e85e052fb48b678918c44a977a8ff9db/element - {"using":"xpath","value":"(//span[contains(@id,\"addressDetailDetailsLanguage-arrow\")])[1]"}
RESULT: {"using":"xpath","value":"(//span[contains(@id,\"addressDetailDetailsLanguage-arrow\")])[1]"}
COMMAND: POST /session/e85e052fb48b678918c44a977a8ff9db/element/f.0E2ED5F52CB306CEAC7E3CCDFCB92CD0.d.041D78A56DAF923C71DC225F34E45DDB.e.4093/click - {}
RESULT: {}
COMMAND: POST /session/e85e052fb48b678918c44a977a8ff9db/element - {"using":"xpath","value":"//span[contains(text(), \"Chinese\")]"}
COMMAND: GET /session/e85e052fb48b678918c44a977a8ff9db/screenshot - {}
RESULT: {"using":"xpath","value":"//span[contains(text(), \"Chinese\")]"}
COMMAND: POST /session/e85e052fb48b678918c44a977a8ff9db/element/f.0E2ED5F52CB306CEAC7E3CCDFCB92CD0.d.041D78A56DAF923C71DC225F34E45DDB.e.4094/click - {}
RESULT: {}
RESULT: {}
COMMAND: GET /session/e85e052fb48b678918c44a977a8ff9db/screenshot - {}
RESULT: {}
COMMAND: POST /session/e85e052fb48b678918c44a977a8ff9db/execute/async - {"script":"<script> [1562 bytes]","args":[{"selector":{"controlType":"sap.m.Input","viewName":"etm.portal.ui.managepartners.view.EditDetail","labelFor":{"text":"City"},"interaction":{"idSuffix":"inner"}},"wdio_ui5_key":"etmportal.ui.managepartners.view.EditDetailsap.m.Input{\"text\":\"City\"}"}]}
RESULT: {"script":"<script> [1562 bytes]","args":[{"selector":{"controlType":"sap.m.Input","viewName":"etm.portal.ui.managepartners.view.EditDetail","labelFor":{"text":"City"},"interaction":{"idSuffix":"inner"}},"wdio_ui5_key":"etmportal.ui.managepartners.view.EditDetailsap.m.Input{\"text\":\"City\"}"}]}
RESULT: undefined
COMMAND: POST /session/e85e052fb48b678918c44a977a8ff9db/execute/async - {"script":"<script> [776 bytes]","args":[{"enterText":"Clooj-Napoca","selector":{"controlType":"sap.m.Input","viewName":"etm.portal.ui.managepartners.view.EditDetail","labelFor":{"text":"City"},"interaction":{"idSuffix":"inner"}},"clearTextFirst":true,"interactionType":"ENTER_TEXT"}]}
RESULT: {"script":"<script> [776 bytes]","args":[{"enterText":"Clooj-Napoca","selector":{"controlType":"sap.m.Input","viewName":"etm.portal.ui.managepartners.view.EditDetail","labelFor":{"text":"City"},"interaction":{"idSuffix":"inner"}},"clearTextFirst":true,"interactionType":"ENTER_TEXT"}]}
COMMAND: POST /session/e85e052fb48b678918c44a977a8ff9db/element - {"using":"xpath","value":"//button[@data-kt=\"saveButton\"]"}
RESULT: {"using":"xpath","value":"//button[@data-kt=\"saveButton\"]"}
COMMAND: POST /session/e85e052fb48b678918c44a977a8ff9db/element/f.0E2ED5F52CB306CEAC7E3CCDFCB92CD0.d.041D78A56DAF923C71DC225F34E45DDB.e.4072/click - {}
RESULT: {}
COMMAND: GET /session/e85e052fb48b678918c44a977a8ff9db/screenshot - {}
RESULT: {}
COMMAND: POST /session/e85e052fb48b678918c44a977a8ff9db/execute/async - {"script":"<script> [1562 bytes]","args":[{"selector":{"id":"application-managepartners-display-component---detailPtm--addressDetailDetailsName1"},"wdio_ui5_key":"applicationmanagepartners-display-component---detailPtm--addressDetailDetailsName1"}]}
RESULT: {"script":"<script> [1562 bytes]","args":[{"selector":{"id":"application-managepartners-display-component---detailPtm--addressDetailDetailsName1"},"wdio_ui5_key":"applicationmanagepartners-display-component---detailPtm--addressDetailDetailsName1"}]}
RESULT: undefined
COMMAND: POST /session/e85e052fb48b678918c44a977a8ff9db/execute/async - {"script":"<script> [6424 bytes]","args":[{"element-6066-11e4-a52e-4f735466cecf":"f.0E2ED5F52CB306CEAC7E3CCDFCB92CD0.d.041D78A56DAF923C71DC225F34E45DDB.e.4125"},"getValue",[]]}
RESULT: {"script":"<script> [6424 bytes]","args":[{"element-6066-11e4-a52e-4f735466cecf":"f.0E2ED5F52CB306CEAC7E3CCDFCB92CD0.d.041D78A56DAF923C71DC225F34E45DDB.e.4125"},"getValue",[]]}
COMMAND: POST /session/e85e052fb48b678918c44a977a8ff9db/element - {"using":"xpath","value":"//input[@id = \"application-managepartners-display-component---detailPtm--addressDetailDetailsLanguage-inner\"]"}
RESULT: {"using":"xpath","value":"//input[@id = \"application-managepartners-display-component---detailPtm--addressDetailDetailsLanguage-inner\"]"}
COMMAND: GET /session/e85e052fb48b678918c44a977a8ff9db/element/f.0E2ED5F52CB306CEAC7E3CCDFCB92CD0.d.041D78A56DAF923C71DC225F34E45DDB.e.4126/property/value - {}
RESULT: {}
COMMAND: POST /session/e85e052fb48b678918c44a977a8ff9db/execute/async - {"script":"<script> [1562 bytes]","args":[{"selector":{"id":"application-managepartners-display-component---detailPtm--addressDetailDetailsCity1"},"wdio_ui5_key":"applicationmanagepartners-display-component---detailPtm--addressDetailDetailsCity1"}]}
COMMAND: GET /session/e85e052fb48b678918c44a977a8ff9db/screenshot - {}
RESULT: {"script":"<script> [1562 bytes]","args":[{"selector":{"id":"application-managepartners-display-component---detailPtm--addressDetailDetailsCity1"},"wdio_ui5_key":"applicationmanagepartners-display-component---detailPtm--addressDetailDetailsCity1"}]}
RESULT: undefined
COMMAND: POST /session/e85e052fb48b678918c44a977a8ff9db/execute/async - {"script":"<script> [6424 bytes]","args":[{"element-6066-11e4-a52e-4f735466cecf":"f.0E2ED5F52CB306CEAC7E3CCDFCB92CD0.d.041D78A56DAF923C71DC225F34E45DDB.e.4127"},"getValue",[]]}
RESULT: {}
RESULT: {"script":"<script> [6424 bytes]","args":[{"element-6066-11e4-a52e-4f735466cecf":"f.0E2ED5F52CB306CEAC7E3CCDFCB92CD0.d.041D78A56DAF923C71DC225F34E45DDB.e.4127"},"getValue",[]]}
COMMAND: POST /session/e85e052fb48b678918c44a977a8ff9db/element - {"using":"css selector","value":"#shell-header-logo"}
RESULT: {"using":"css selector","value":"#shell-header-logo"}
COMMAND: POST /session/e85e052fb48b678918c44a977a8ff9db/element/f.0E2ED5F52CB306CEAC7E3CCDFCB92CD0.d.041D78A56DAF923C71DC225F34E45DDB.e.3684/click - {}
RESULT: {}
COMMAND: GET /session/e85e052fb48b678918c44a977a8ff9db/screenshot - {}
RESULT: {}
]]></system-out>
    </testcase>
    <testcase classname="chrome.135_0_7049_96.windows.Partner_specific_tests_US150819_US151080_US151654_US151176_US103444_US151078_US151079_US151109_US151174_US151175_US151189" name="Should create a new intracompany partner edit some of its fields US151079" time="109.618">
      <skipped />
      <system-out><![CDATA[
COMMAND: POST /session/e85e052fb48b678918c44a977a8ff9db/element - {"using":"xpath","value":"//li[.//span[text()=\"Manage Partners\"]]"}
RESULT: {"using":"xpath","value":"//li[.//span[text()=\"Manage Partners\"]]"}
COMMAND: POST /session/e85e052fb48b678918c44a977a8ff9db/element - {"using":"xpath","value":"//li[.//span[text()=\"Manage Partners\"]]"}
RESULT: {"using":"xpath","value":"//li[.//span[text()=\"Manage Partners\"]]"}
COMMAND: POST /session/e85e052fb48b678918c44a977a8ff9db/element - {"using":"css selector","value":"#shell-header-logo"}
RESULT: {"using":"css selector","value":"#shell-header-logo"}
COMMAND: POST /session/e85e052fb48b678918c44a977a8ff9db/element/f.0E2ED5F52CB306CEAC7E3CCDFCB92CD0.d.041D78A56DAF923C71DC225F34E45DDB.e.4157/click - {}
COMMAND: POST /session/e85e052fb48b678918c44a977a8ff9db/execute/sync - {"script":"<script> [8489 bytes]","args":[{"element-6066-11e4-a52e-4f735466cecf":"f.0E2ED5F52CB306CEAC7E3CCDFCB92CD0.d.041D78A56DAF923C71DC225F34E45DDB.e.4157","ELEMENT":"f.0E2ED5F52CB306CEAC7E3CCDFCB92CD0.d.041D78A56DAF923C71DC225F34E45DDB.e.4157"}]}
RESULT: {}
COMMAND: GET /session/e85e052fb48b678918c44a977a8ff9db/screenshot - {}
RESULT: {"script":"<script> [8489 bytes]","args":[{"element-6066-11e4-a52e-4f735466cecf":"f.0E2ED5F52CB306CEAC7E3CCDFCB92CD0.d.041D78A56DAF923C71DC225F34E45DDB.e.4157","ELEMENT":"f.0E2ED5F52CB306CEAC7E3CCDFCB92CD0.d.041D78A56DAF923C71DC225F34E45DDB.e.4157"}]}
COMMAND: POST /session/e85e052fb48b678918c44a977a8ff9db/execute/sync - {"script":"<script> [5351 bytes]","args":[{"element-6066-11e4-a52e-4f735466cecf":"f.0E2ED5F52CB306CEAC7E3CCDFCB92CD0.d.041D78A56DAF923C71DC225F34E45DDB.e.4157","ELEMENT":"f.0E2ED5F52CB306CEAC7E3CCDFCB92CD0.d.041D78A56DAF923C71DC225F34E45DDB.e.4157"}]}
COMMAND: GET /session/e85e052fb48b678918c44a977a8ff9db/screenshot - {}
RESULT: {}
RESULT: {"script":"<script> [5351 bytes]","args":[{"element-6066-11e4-a52e-4f735466cecf":"f.0E2ED5F52CB306CEAC7E3CCDFCB92CD0.d.041D78A56DAF923C71DC225F34E45DDB.e.4157","ELEMENT":"f.0E2ED5F52CB306CEAC7E3CCDFCB92CD0.d.041D78A56DAF923C71DC225F34E45DDB.e.4157"}]}
COMMAND: GET /session/e85e052fb48b678918c44a977a8ff9db/screenshot - {}
RESULT: {}
RESULT: {}
COMMAND: POST /session/e85e052fb48b678918c44a977a8ff9db/refresh - {}
RESULT: {}
COMMAND: GET /session/e85e052fb48b678918c44a977a8ff9db/screenshot - {}
RESULT: {}
COMMAND: POST /session/e85e052fb48b678918c44a977a8ff9db/refresh - {}
RESULT: {}
COMMAND: GET /session/e85e052fb48b678918c44a977a8ff9db/screenshot - {}
RESULT: {}
COMMAND: POST /session/e85e052fb48b678918c44a977a8ff9db/window/fullscreen - {}
RESULT: {}
COMMAND: POST /session/e85e052fb48b678918c44a977a8ff9db/execute/async - {"script":"<script> [189 bytes]","args":[]}
RESULT: {"script":"<script> [189 bytes]","args":[]}
COMMAND: POST /session/e85e052fb48b678918c44a977a8ff9db/execute/async - {"script":"<script> [123 bytes]","args":[]}
RESULT: {"script":"<script> [123 bytes]","args":[]}
COMMAND: POST /session/e85e052fb48b678918c44a977a8ff9db/timeouts - {"script":"<number>"}
RESULT: {"script":"<number>"}
COMMAND: GET /session/e85e052fb48b678918c44a977a8ff9db/timeouts - {}
RESULT: {}
RESULT: undefined
COMMAND: POST /session/e85e052fb48b678918c44a977a8ff9db/execute/async - {"script":"<script> [2676 bytes]","args":[]}
RESULT: {"script":"<script> [2676 bytes]","args":[]}
COMMAND: POST /session/e85e052fb48b678918c44a977a8ff9db/execute/async - {"script":"<script> [2342 bytes]","args":[{"protocol":"http","hostname":"0.0.0.0","path":"/","capabilities":{"browserName":"chrome","goog:chromeOptions":{"binary":"C:\\Program Files\\Google\\Chrome\\Application\\chrome.exe","args":["--start-maximized"]}},"logLevel":"warn","connectionRetryTimeout":120000,"connectionRetryCount":3,"logLevels":{},"enableDirectConnect":true,"strictSSL":true,"_":"65 more keys: [\"cacheDir\",\"port\",\"requestedCapabilities\",\"automationProtocol\",\"baseUrl\",\"waitforInterval\",\"waitforTimeout\",\"onReload\",\"beforeCommand\",\"afterCommand\",\"rootDir\",\"specs\",\"suites\",\"exclude\",\"groupLogsByTestSpec\",\"excludeDriverLogs\",\"bail\",\"framework\",\"reporters\",\"services\",\"maxInstances\",\"maxInstancesPerCapability\",\"injectGlobals\",\"filesToWatch\",\"execArgv\",\"runnerEnv\",\"runner\",\"shard\",\"specFileRetries\",\"specFileRetriesDelay\",\"specFileRetriesDeferred\",\"reporterSyncInterval\",\"reporterSyncTimeout\",\"cucumberFeaturesWithLineNumbers\",\"autoCompileOpts\",\"mochaOpts\",\"jasmineOpts\",\"cucumberOpts\",\"onPrepare\",\"onWorkerStart\",\"onWorkerEnd\",\"before\",\"beforeSession\",\"beforeSuite\",\"beforeHook\",\"beforeTest\",\"afterTest\",\"afterHook\",\"afterSuite\",\"afterSession\",\"after\",\"onComplete\",\"beforeAssertion\",\"afterAssertion\",\"beforeFeature\",\"beforeScenario\",\"beforeStep\",\"afterStep\",\"afterScenario\",\"afterFeature\",\"_\",\"suite\",\"$0\",\"ignoredWorkerServices\",\"wdi5\"]"}]}
RESULT: {"script":"<script> [2342 bytes]","args":[{"protocol":"http","hostname":"0.0.0.0","path":"/","capabilities":{"browserName":"chrome","goog:chromeOptions":{"binary":"C:\\Program Files\\Google\\Chrome\\Application\\chrome.exe","args":["--start-maximized"]}},"logLevel":"warn","connectionRetryTimeout":120000,"connectionRetryCount":3,"logLevels":{},"enableDirectConnect":true,"strictSSL":true,"_":"65 more keys: [\"cacheDir\",\"port\",\"requestedCapabilities\",\"automationProtocol\",\"baseUrl\",\"waitforInterval\",\"waitforTimeout\",\"onReload\",\"beforeCommand\",\"afterCommand\",\"rootDir\",\"specs\",\"suites\",\"exclude\",\"groupLogsByTestSpec\",\"excludeDriverLogs\",\"bail\",\"framework\",\"reporters\",\"services\",\"maxInstances\",\"maxInstancesPerCapability\",\"injectGlobals\",\"filesToWatch\",\"execArgv\",\"runnerEnv\",\"runner\",\"shard\",\"specFileRetries\",\"specFileRetriesDelay\",\"specFileRetriesDeferred\",\"reporterSyncInterval\",\"reporterSyncTimeout\",\"cucumberFeaturesWithLineNumbers\",\"autoCompileOpts\",\"mochaOpts\",\"jasmineOpts\",\"cucumberOpts\",\"onPrepare\",\"onWorkerStart\",\"onWorkerEnd\",\"before\",\"beforeSession\",\"beforeSuite\",\"beforeHook\",\"beforeTest\",\"afterTest\",\"afterHook\",\"afterSuite\",\"afterSession\",\"after\",\"onComplete\",\"beforeAssertion\",\"afterAssertion\",\"beforeFeature\",\"beforeScenario\",\"beforeStep\",\"afterStep\",\"afterScenario\",\"afterFeature\",\"_\",\"suite\",\"$0\",\"ignoredWorkerServices\",\"wdi5\"]"}]}
COMMAND: POST /session/e85e052fb48b678918c44a977a8ff9db/execute/async - {"script":"<script> [21126 bytes]","args":[35000]}
RESULT: {"script":"<script> [21126 bytes]","args":[35000]}
COMMAND: POST /session/e85e052fb48b678918c44a977a8ff9db/window/fullscreen - {}
RESULT: {}
COMMAND: POST /session/e85e052fb48b678918c44a977a8ff9db/window/fullscreen - {}
RESULT: {}
COMMAND: POST /session/e85e052fb48b678918c44a977a8ff9db/execute/async - {"script":"<script> [1562 bytes]","args":[{"selector":{"controlType":"sap.m.GenericTile","properties":{"header":"Manage Partners"}},"wdio_ui5_key":"sapm.GenericTile{\"header\":\"Manage Partners\"}"}]}
RESULT: {"script":"<script> [1562 bytes]","args":[{"selector":{"controlType":"sap.m.GenericTile","properties":{"header":"Manage Partners"}},"wdio_ui5_key":"sapm.GenericTile{\"header\":\"Manage Partners\"}"}]}
RESULT: undefined
COMMAND: POST /session/e85e052fb48b678918c44a977a8ff9db/element - {"using":"xpath","value":"//*[@id=\"__tile30\"]"}
RESULT: {"using":"xpath","value":"//*[@id=\"__tile30\"]"}
COMMAND: POST /session/e85e052fb48b678918c44a977a8ff9db/element/f.0E2ED5F52CB306CEAC7E3CCDFCB92CD0.d.0434EC9AD9064EBD7BC145E0DAF8650B.e.4224/click - {}
RESULT: {}
COMMAND: POST /session/e85e052fb48b678918c44a977a8ff9db/element - {"using":"xpath","value":"//button[@data-kt=\"addButton\"]"}
COMMAND: GET /session/e85e052fb48b678918c44a977a8ff9db/screenshot - {}
RESULT: {"using":"xpath","value":"//button[@data-kt=\"addButton\"]"}
COMMAND: POST /session/e85e052fb48b678918c44a977a8ff9db/elements - {"using":"xpath","value":"//button[@data-kt=\"addButton\"]"}
RESULT: {}
RESULT: {"using":"xpath","value":"//button[@data-kt=\"addButton\"]"}
COMMAND: POST /session/e85e052fb48b678918c44a977a8ff9db/elements - {"using":"xpath","value":"//button[@data-kt=\"addButton\"]"}
RESULT: {"using":"xpath","value":"//button[@data-kt=\"addButton\"]"}
COMMAND: POST /session/e85e052fb48b678918c44a977a8ff9db/elements - {"using":"xpath","value":"//button[@data-kt=\"addButton\"]"}
RESULT: {"using":"xpath","value":"//button[@data-kt=\"addButton\"]"}
COMMAND: POST /session/e85e052fb48b678918c44a977a8ff9db/elements - {"using":"xpath","value":"//button[@data-kt=\"addButton\"]"}
RESULT: {"using":"xpath","value":"//button[@data-kt=\"addButton\"]"}
COMMAND: POST /session/e85e052fb48b678918c44a977a8ff9db/elements - {"using":"xpath","value":"//button[@data-kt=\"addButton\"]"}
RESULT: {"using":"xpath","value":"//button[@data-kt=\"addButton\"]"}
COMMAND: POST /session/e85e052fb48b678918c44a977a8ff9db/elements - {"using":"xpath","value":"//button[@data-kt=\"addButton\"]"}
RESULT: {"using":"xpath","value":"//button[@data-kt=\"addButton\"]"}
COMMAND: POST /session/e85e052fb48b678918c44a977a8ff9db/elements - {"using":"xpath","value":"//button[@data-kt=\"addButton\"]"}
RESULT: {"using":"xpath","value":"//button[@data-kt=\"addButton\"]"}
COMMAND: POST /session/e85e052fb48b678918c44a977a8ff9db/elements - {"using":"xpath","value":"//button[@data-kt=\"addButton\"]"}
RESULT: {"using":"xpath","value":"//button[@data-kt=\"addButton\"]"}
COMMAND: POST /session/e85e052fb48b678918c44a977a8ff9db/elements - {"using":"xpath","value":"//button[@data-kt=\"addButton\"]"}
RESULT: {"using":"xpath","value":"//button[@data-kt=\"addButton\"]"}
COMMAND: POST /session/e85e052fb48b678918c44a977a8ff9db/elements - {"using":"xpath","value":"//button[@data-kt=\"addButton\"]"}
RESULT: {"using":"xpath","value":"//button[@data-kt=\"addButton\"]"}
COMMAND: POST /session/e85e052fb48b678918c44a977a8ff9db/elements - {"using":"xpath","value":"//button[@data-kt=\"addButton\"]"}
RESULT: {"using":"xpath","value":"//button[@data-kt=\"addButton\"]"}
COMMAND: POST /session/e85e052fb48b678918c44a977a8ff9db/elements - {"using":"xpath","value":"//button[@data-kt=\"addButton\"]"}
RESULT: {"using":"xpath","value":"//button[@data-kt=\"addButton\"]"}
COMMAND: POST /session/e85e052fb48b678918c44a977a8ff9db/elements - {"using":"xpath","value":"//button[@data-kt=\"addButton\"]"}
RESULT: {"using":"xpath","value":"//button[@data-kt=\"addButton\"]"}
COMMAND: POST /session/e85e052fb48b678918c44a977a8ff9db/elements - {"using":"xpath","value":"//button[@data-kt=\"addButton\"]"}
RESULT: {"using":"xpath","value":"//button[@data-kt=\"addButton\"]"}
COMMAND: POST /session/e85e052fb48b678918c44a977a8ff9db/elements - {"using":"xpath","value":"//button[@data-kt=\"addButton\"]"}
RESULT: {"using":"xpath","value":"//button[@data-kt=\"addButton\"]"}
COMMAND: POST /session/e85e052fb48b678918c44a977a8ff9db/elements - {"using":"xpath","value":"//button[@data-kt=\"addButton\"]"}
RESULT: {"using":"xpath","value":"//button[@data-kt=\"addButton\"]"}
COMMAND: POST /session/e85e052fb48b678918c44a977a8ff9db/elements - {"using":"xpath","value":"//button[@data-kt=\"addButton\"]"}
RESULT: {"using":"xpath","value":"//button[@data-kt=\"addButton\"]"}
COMMAND: POST /session/e85e052fb48b678918c44a977a8ff9db/elements - {"using":"xpath","value":"//button[@data-kt=\"addButton\"]"}
RESULT: {"using":"xpath","value":"//button[@data-kt=\"addButton\"]"}
COMMAND: POST /session/e85e052fb48b678918c44a977a8ff9db/elements - {"using":"xpath","value":"//button[@data-kt=\"addButton\"]"}
RESULT: {"using":"xpath","value":"//button[@data-kt=\"addButton\"]"}
COMMAND: POST /session/e85e052fb48b678918c44a977a8ff9db/elements - {"using":"xpath","value":"//button[@data-kt=\"addButton\"]"}
RESULT: {"using":"xpath","value":"//button[@data-kt=\"addButton\"]"}
COMMAND: POST /session/e85e052fb48b678918c44a977a8ff9db/elements - {"using":"xpath","value":"//button[@data-kt=\"addButton\"]"}
RESULT: {"using":"xpath","value":"//button[@data-kt=\"addButton\"]"}
COMMAND: POST /session/e85e052fb48b678918c44a977a8ff9db/element - {"using":"xpath","value":"//button[@data-kt=\"addButton\"]"}
RESULT: {"using":"xpath","value":"//button[@data-kt=\"addButton\"]"}
COMMAND: POST /session/e85e052fb48b678918c44a977a8ff9db/execute/sync - {"script":"<script> [8489 bytes]","args":[{"element-6066-11e4-a52e-4f735466cecf":"f.0E2ED5F52CB306CEAC7E3CCDFCB92CD0.d.0434EC9AD9064EBD7BC145E0DAF8650B.e.4338","ELEMENT":"f.0E2ED5F52CB306CEAC7E3CCDFCB92CD0.d.0434EC9AD9064EBD7BC145E0DAF8650B.e.4338"}]}
RESULT: {"script":"<script> [8489 bytes]","args":[{"element-6066-11e4-a52e-4f735466cecf":"f.0E2ED5F52CB306CEAC7E3CCDFCB92CD0.d.0434EC9AD9064EBD7BC145E0DAF8650B.e.4338","ELEMENT":"f.0E2ED5F52CB306CEAC7E3CCDFCB92CD0.d.0434EC9AD9064EBD7BC145E0DAF8650B.e.4338"}]}
COMMAND: GET /session/e85e052fb48b678918c44a977a8ff9db/element/f.0E2ED5F52CB306CEAC7E3CCDFCB92CD0.d.0434EC9AD9064EBD7BC145E0DAF8650B.e.4338/enabled - {}
COMMAND: GET /session/e85e052fb48b678918c44a977a8ff9db/screenshot - {}
RESULT: {}
COMMAND: POST /session/e85e052fb48b678918c44a977a8ff9db/execute/sync - {"script":"<script> [8489 bytes]","args":[{"element-6066-11e4-a52e-4f735466cecf":"f.0E2ED5F52CB306CEAC7E3CCDFCB92CD0.d.0434EC9AD9064EBD7BC145E0DAF8650B.e.4338","ELEMENT":"f.0E2ED5F52CB306CEAC7E3CCDFCB92CD0.d.0434EC9AD9064EBD7BC145E0DAF8650B.e.4338"}]}
COMMAND: GET /session/e85e052fb48b678918c44a977a8ff9db/screenshot - {}
RESULT: {}
RESULT: {"script":"<script> [8489 bytes]","args":[{"element-6066-11e4-a52e-4f735466cecf":"f.0E2ED5F52CB306CEAC7E3CCDFCB92CD0.d.0434EC9AD9064EBD7BC145E0DAF8650B.e.4338","ELEMENT":"f.0E2ED5F52CB306CEAC7E3CCDFCB92CD0.d.0434EC9AD9064EBD7BC145E0DAF8650B.e.4338"}]}
COMMAND: POST /session/e85e052fb48b678918c44a977a8ff9db/execute/sync - {"script":"<script> [5351 bytes]","args":[{"element-6066-11e4-a52e-4f735466cecf":"f.0E2ED5F52CB306CEAC7E3CCDFCB92CD0.d.0434EC9AD9064EBD7BC145E0DAF8650B.e.4338","ELEMENT":"f.0E2ED5F52CB306CEAC7E3CCDFCB92CD0.d.0434EC9AD9064EBD7BC145E0DAF8650B.e.4338"}]}
COMMAND: GET /session/e85e052fb48b678918c44a977a8ff9db/screenshot - {}
RESULT: {}
RESULT: {"script":"<script> [5351 bytes]","args":[{"element-6066-11e4-a52e-4f735466cecf":"f.0E2ED5F52CB306CEAC7E3CCDFCB92CD0.d.0434EC9AD9064EBD7BC145E0DAF8650B.e.4338","ELEMENT":"f.0E2ED5F52CB306CEAC7E3CCDFCB92CD0.d.0434EC9AD9064EBD7BC145E0DAF8650B.e.4338"}]}
COMMAND: POST /session/e85e052fb48b678918c44a977a8ff9db/element/f.0E2ED5F52CB306CEAC7E3CCDFCB92CD0.d.0434EC9AD9064EBD7BC145E0DAF8650B.e.4338/click - {}
COMMAND: GET /session/e85e052fb48b678918c44a977a8ff9db/screenshot - {}
RESULT: {}
RESULT: {}
COMMAND: GET /session/e85e052fb48b678918c44a977a8ff9db/screenshot - {}
COMMAND: POST /session/e85e052fb48b678918c44a977a8ff9db/execute/async - {"script":"<script> [1562 bytes]","args":[{"selector":{"id":"application-managepartners-display-component---NewPartner--addressDetailDetailsName1","interaction":{"idSuffix":"inner"}},"wdio_ui5_key":"applicationmanagepartners-display-component---NewPartner--addressDetailDetailsName1"}]}
RESULT: {}
RESULT: {}
RESULT: {"script":"<script> [1562 bytes]","args":[{"selector":{"id":"application-managepartners-display-component---NewPartner--addressDetailDetailsName1","interaction":{"idSuffix":"inner"}},"wdio_ui5_key":"applicationmanagepartners-display-component---NewPartner--addressDetailDetailsName1"}]}
RESULT: undefined
COMMAND: POST /session/e85e052fb48b678918c44a977a8ff9db/execute/async - {"script":"<script> [776 bytes]","args":[{"enterText":"Intracompany Partner WDIO","selector":{"id":"application-managepartners-display-component---NewPartner--addressDetailDetailsName1","interaction":{"idSuffix":"inner"}},"clearTextFirst":true,"interactionType":"ENTER_TEXT"}]}
RESULT: {"script":"<script> [776 bytes]","args":[{"enterText":"Intracompany Partner WDIO","selector":{"id":"application-managepartners-display-component---NewPartner--addressDetailDetailsName1","interaction":{"idSuffix":"inner"}},"clearTextFirst":true,"interactionType":"ENTER_TEXT"}]}
COMMAND: POST /session/e85e052fb48b678918c44a977a8ff9db/execute/async - {"script":"<script> [1562 bytes]","args":[{"selector":{"id":"application-managepartners-display-component---NewPartner--addressDetailDetailsLanguage-arrow"},"wdio_ui5_key":"applicationmanagepartners-display-component---NewPartner--addressDetailDetailsLanguage-arrow"}]}
RESULT: {"script":"<script> [1562 bytes]","args":[{"selector":{"id":"application-managepartners-display-component---NewPartner--addressDetailDetailsLanguage-arrow"},"wdio_ui5_key":"applicationmanagepartners-display-component---NewPartner--addressDetailDetailsLanguage-arrow"}]}
RESULT: undefined
COMMAND: POST /session/e85e052fb48b678918c44a977a8ff9db/element - {"using":"xpath","value":"//*[@id=\"application-managepartners-display-component---NewPartner--addressDetailDetailsLanguage-arrow\"]"}
RESULT: {"using":"xpath","value":"//*[@id=\"application-managepartners-display-component---NewPartner--addressDetailDetailsLanguage-arrow\"]"}
COMMAND: POST /session/e85e052fb48b678918c44a977a8ff9db/element/f.0E2ED5F52CB306CEAC7E3CCDFCB92CD0.d.0434EC9AD9064EBD7BC145E0DAF8650B.e.4750/click - {}
RESULT: {}
COMMAND: POST /session/e85e052fb48b678918c44a977a8ff9db/element - {"using":"xpath","value":"//span[contains(text(), \"English\")]"}
COMMAND: GET /session/e85e052fb48b678918c44a977a8ff9db/screenshot - {}
RESULT: {"using":"xpath","value":"//span[contains(text(), \"English\")]"}
COMMAND: POST /session/e85e052fb48b678918c44a977a8ff9db/element/f.0E2ED5F52CB306CEAC7E3CCDFCB92CD0.d.0434EC9AD9064EBD7BC145E0DAF8650B.e.4751/click - {}
RESULT: {}
RESULT: {}
COMMAND: GET /session/e85e052fb48b678918c44a977a8ff9db/screenshot - {}
RESULT: {}
COMMAND: POST /session/e85e052fb48b678918c44a977a8ff9db/execute/async - {"script":"<script> [1562 bytes]","args":[{"selector":{"id":"application-managepartners-display-component---NewPartner--addressDetailDetailsCity1","interaction":{"idSuffix":"inner"}},"wdio_ui5_key":"applicationmanagepartners-display-component---NewPartner--addressDetailDetailsCity1"}]}
RESULT: {"script":"<script> [1562 bytes]","args":[{"selector":{"id":"application-managepartners-display-component---NewPartner--addressDetailDetailsCity1","interaction":{"idSuffix":"inner"}},"wdio_ui5_key":"applicationmanagepartners-display-component---NewPartner--addressDetailDetailsCity1"}]}
RESULT: undefined
COMMAND: POST /session/e85e052fb48b678918c44a977a8ff9db/execute/async - {"script":"<script> [776 bytes]","args":[{"enterText":"Rosario","selector":{"id":"application-managepartners-display-component---NewPartner--addressDetailDetailsCity1","interaction":{"idSuffix":"inner"}},"clearTextFirst":true,"interactionType":"ENTER_TEXT"}]}
RESULT: {"script":"<script> [776 bytes]","args":[{"enterText":"Rosario","selector":{"id":"application-managepartners-display-component---NewPartner--addressDetailDetailsCity1","interaction":{"idSuffix":"inner"}},"clearTextFirst":true,"interactionType":"ENTER_TEXT"}]}
COMMAND: POST /session/e85e052fb48b678918c44a977a8ff9db/execute/async - {"script":"<script> [1562 bytes]","args":[{"selector":{"id":"application-managepartners-display-component---NewPartner--addressDetailDetailsCountry-arrow"},"wdio_ui5_key":"applicationmanagepartners-display-component---NewPartner--addressDetailDetailsCountry-arrow"}]}
RESULT: {"script":"<script> [1562 bytes]","args":[{"selector":{"id":"application-managepartners-display-component---NewPartner--addressDetailDetailsCountry-arrow"},"wdio_ui5_key":"applicationmanagepartners-display-component---NewPartner--addressDetailDetailsCountry-arrow"}]}
RESULT: undefined
COMMAND: POST /session/e85e052fb48b678918c44a977a8ff9db/element - {"using":"xpath","value":"//*[@id=\"application-managepartners-display-component---NewPartner--addressDetailDetailsCountry-arrow\"]"}
RESULT: {"using":"xpath","value":"//*[@id=\"application-managepartners-display-component---NewPartner--addressDetailDetailsCountry-arrow\"]"}
COMMAND: POST /session/e85e052fb48b678918c44a977a8ff9db/element/f.0E2ED5F52CB306CEAC7E3CCDFCB92CD0.d.0434EC9AD9064EBD7BC145E0DAF8650B.e.4706/click - {}
RESULT: {}
COMMAND: POST /session/e85e052fb48b678918c44a977a8ff9db/element - {"using":"xpath","value":"//span[contains(text(), \"Argentina\")]"}
COMMAND: GET /session/e85e052fb48b678918c44a977a8ff9db/screenshot - {}
RESULT: {"using":"xpath","value":"//span[contains(text(), \"Argentina\")]"}
COMMAND: POST /session/e85e052fb48b678918c44a977a8ff9db/element/f.0E2ED5F52CB306CEAC7E3CCDFCB92CD0.d.0434EC9AD9064EBD7BC145E0DAF8650B.e.4753/click - {}
RESULT: {}
RESULT: {}
COMMAND: GET /session/e85e052fb48b678918c44a977a8ff9db/screenshot - {}
RESULT: {}
COMMAND: POST /session/e85e052fb48b678918c44a977a8ff9db/element - {"using":"xpath","value":"//bdi[contains(text(), \"Commercial\")]"}
RESULT: {"using":"xpath","value":"//bdi[contains(text(), \"Commercial\")]"}
COMMAND: POST /session/e85e052fb48b678918c44a977a8ff9db/element/f.0E2ED5F52CB306CEAC7E3CCDFCB92CD0.d.0434EC9AD9064EBD7BC145E0DAF8650B.e.4754/click - {}
RESULT: {}
COMMAND: GET /session/e85e052fb48b678918c44a977a8ff9db/screenshot - {}
RESULT: {}
COMMAND: POST /session/e85e052fb48b678918c44a977a8ff9db/execute/async - {"script":"<script> [1562 bytes]","args":[{"selector":{"id":"application-managepartners-display-component---NewPartner--partnerDetailInternal-arrow"},"wdio_ui5_key":"applicationmanagepartners-display-component---NewPartner--partnerDetailInternal-arrow"}]}
RESULT: {"script":"<script> [1562 bytes]","args":[{"selector":{"id":"application-managepartners-display-component---NewPartner--partnerDetailInternal-arrow"},"wdio_ui5_key":"applicationmanagepartners-display-component---NewPartner--partnerDetailInternal-arrow"}]}
RESULT: undefined
COMMAND: POST /session/e85e052fb48b678918c44a977a8ff9db/element - {"using":"xpath","value":"//*[@id=\"application-managepartners-display-component---NewPartner--partnerDetailInternal-arrow\"]"}
RESULT: {"using":"xpath","value":"//*[@id=\"application-managepartners-display-component---NewPartner--partnerDetailInternal-arrow\"]"}
COMMAND: POST /session/e85e052fb48b678918c44a977a8ff9db/element/f.0E2ED5F52CB306CEAC7E3CCDFCB92CD0.d.0434EC9AD9064EBD7BC145E0DAF8650B.e.4760/click - {}
RESULT: {}
COMMAND: POST /session/e85e052fb48b678918c44a977a8ff9db/element - {"using":"xpath","value":"//span[contains(text(), \"Affiliated company\")]"}
COMMAND: GET /session/e85e052fb48b678918c44a977a8ff9db/screenshot - {}
RESULT: {"using":"xpath","value":"//span[contains(text(), \"Affiliated company\")]"}
COMMAND: POST /session/e85e052fb48b678918c44a977a8ff9db/element/f.0E2ED5F52CB306CEAC7E3CCDFCB92CD0.d.0434EC9AD9064EBD7BC145E0DAF8650B.e.4763/click - {}
RESULT: {}
RESULT: {}
COMMAND: POST /session/e85e052fb48b678918c44a977a8ff9db/execute/async - {"script":"<script> [1562 bytes]","args":[{"selector":{"id":"application-managepartners-display-component---NewPartner--partnerDetailsCurrency-arrow"},"wdio_ui5_key":"applicationmanagepartners-display-component---NewPartner--partnerDetailsCurrency-arrow"}]}
COMMAND: GET /session/e85e052fb48b678918c44a977a8ff9db/screenshot - {}
RESULT: {"script":"<script> [1562 bytes]","args":[{"selector":{"id":"application-managepartners-display-component---NewPartner--partnerDetailsCurrency-arrow"},"wdio_ui5_key":"applicationmanagepartners-display-component---NewPartner--partnerDetailsCurrency-arrow"}]}
RESULT: undefined
COMMAND: POST /session/e85e052fb48b678918c44a977a8ff9db/element - {"using":"xpath","value":"//*[@id=\"application-managepartners-display-component---NewPartner--partnerDetailsCurrency-arrow\"]"}
RESULT: {}
RESULT: {"using":"xpath","value":"//*[@id=\"application-managepartners-display-component---NewPartner--partnerDetailsCurrency-arrow\"]"}
COMMAND: POST /session/e85e052fb48b678918c44a977a8ff9db/element/f.0E2ED5F52CB306CEAC7E3CCDFCB92CD0.d.0434EC9AD9064EBD7BC145E0DAF8650B.e.4770/click - {}
RESULT: {}
COMMAND: POST /session/e85e052fb48b678918c44a977a8ff9db/element - {"using":"xpath","value":"//span[contains(text(), \"Euro\")]"}
COMMAND: GET /session/e85e052fb48b678918c44a977a8ff9db/screenshot - {}
RESULT: {"using":"xpath","value":"//span[contains(text(), \"Euro\")]"}
COMMAND: POST /session/e85e052fb48b678918c44a977a8ff9db/element/f.0E2ED5F52CB306CEAC7E3CCDFCB92CD0.d.0434EC9AD9064EBD7BC145E0DAF8650B.e.4771/click - {}
RESULT: {}
RESULT: {}
COMMAND: POST /session/e85e052fb48b678918c44a977a8ff9db/execute/async - {"script":"<script> [1562 bytes]","args":[{"selector":{"id":"application-managepartners-display-component---NewPartner--addressEditDetailsCostObjectCstType-arrow"},"wdio_ui5_key":"applicationmanagepartners-display-component---NewPartner--addressEditDetailsCostObjectCstType-arrow"}]}
COMMAND: GET /session/e85e052fb48b678918c44a977a8ff9db/screenshot - {}
RESULT: {"script":"<script> [1562 bytes]","args":[{"selector":{"id":"application-managepartners-display-component---NewPartner--addressEditDetailsCostObjectCstType-arrow"},"wdio_ui5_key":"applicationmanagepartners-display-component---NewPartner--addressEditDetailsCostObjectCstType-arrow"}]}
RESULT: undefined
COMMAND: POST /session/e85e052fb48b678918c44a977a8ff9db/element - {"using":"xpath","value":"//*[@id=\"application-managepartners-display-component---NewPartner--addressEditDetailsCostObjectCstType-arrow\"]"}
RESULT: {}
RESULT: {"using":"xpath","value":"//*[@id=\"application-managepartners-display-component---NewPartner--addressEditDetailsCostObjectCstType-arrow\"]"}
COMMAND: POST /session/e85e052fb48b678918c44a977a8ff9db/element/f.0E2ED5F52CB306CEAC7E3CCDFCB92CD0.d.0434EC9AD9064EBD7BC145E0DAF8650B.e.4772/click - {}
RESULT: {}
COMMAND: POST /session/e85e052fb48b678918c44a977a8ff9db/element - {"using":"xpath","value":"//span[contains(text(), \"Cost Center\")]"}
COMMAND: GET /session/e85e052fb48b678918c44a977a8ff9db/screenshot - {}
RESULT: {"using":"xpath","value":"//span[contains(text(), \"Cost Center\")]"}
COMMAND: POST /session/e85e052fb48b678918c44a977a8ff9db/element/f.0E2ED5F52CB306CEAC7E3CCDFCB92CD0.d.0434EC9AD9064EBD7BC145E0DAF8650B.e.4773/click - {}
RESULT: {}
RESULT: undefined
RESULT: undefined
RESULT: {}
COMMAND: GET /session/e85e052fb48b678918c44a977a8ff9db/screenshot - {}
RESULT: {}
COMMAND: POST /session/e85e052fb48b678918c44a977a8ff9db/element - {"using":"xpath","value":"//span[@id=\"application-managepartners-display-component---NewPartner--addressNewCostObjectCstID-vhi\"]"}
RESULT: {"using":"xpath","value":"//span[@id=\"application-managepartners-display-component---NewPartner--addressNewCostObjectCstID-vhi\"]"}
COMMAND: POST /session/e85e052fb48b678918c44a977a8ff9db/element - {"using":"xpath","value":"//span[@id=\"application-managepartners-display-component---NewPartner--addressNewCostObjectCstID-vhi\"]"}
RESULT: {"using":"xpath","value":"//span[@id=\"application-managepartners-display-component---NewPartner--addressNewCostObjectCstID-vhi\"]"}
COMMAND: POST /session/e85e052fb48b678918c44a977a8ff9db/element - {"using":"xpath","value":"//input[@id=\"application-managepartners-display-component---NewPartner--addressNewCostObjectCstID-inner\"]"}
RESULT: {"using":"xpath","value":"//input[@id=\"application-managepartners-display-component---NewPartner--addressNewCostObjectCstID-inner\"]"}
COMMAND: POST /session/e85e052fb48b678918c44a977a8ff9db/execute/sync - {"script":"<script> [8489 bytes]","args":[{"element-6066-11e4-a52e-4f735466cecf":"f.0E2ED5F52CB306CEAC7E3CCDFCB92CD0.d.0434EC9AD9064EBD7BC145E0DAF8650B.e.4769","ELEMENT":"f.0E2ED5F52CB306CEAC7E3CCDFCB92CD0.d.0434EC9AD9064EBD7BC145E0DAF8650B.e.4769"}]}
RESULT: {"script":"<script> [8489 bytes]","args":[{"element-6066-11e4-a52e-4f735466cecf":"f.0E2ED5F52CB306CEAC7E3CCDFCB92CD0.d.0434EC9AD9064EBD7BC145E0DAF8650B.e.4769","ELEMENT":"f.0E2ED5F52CB306CEAC7E3CCDFCB92CD0.d.0434EC9AD9064EBD7BC145E0DAF8650B.e.4769"}]}
COMMAND: POST /session/e85e052fb48b678918c44a977a8ff9db/element/f.0E2ED5F52CB306CEAC7E3CCDFCB92CD0.d.0434EC9AD9064EBD7BC145E0DAF8650B.e.4769/clear - {}
COMMAND: GET /session/e85e052fb48b678918c44a977a8ff9db/screenshot - {}
RESULT: {}
COMMAND: GET /session/e85e052fb48b678918c44a977a8ff9db/screenshot - {}
RESULT: {}
]]></system-out>
      <system-err><![CDATA[
invalid element state: invalid element state: Element is not currently interactable and may not be manipulated
  (Session info: chrome=135.0.7049.96)
    at async UtilsPrerequisites.partnerCreation (D:\a\1\s\test\specs\BTS\prerequisites-and-utils-functions.js:480:17)
    at async Context.<anonymous> (D:\a\1\s\test\specs\BTS\manage-partners.spec.js:363:44)
]]></system-err>
    </testcase>
    <testcase classname="chrome.135_0_7049_96.windows.Partner_specific_tests_US150819_US151080_US151654_US151176_US103444_US151078_US151079_US151109_US151174_US151175_US151189" name="Should create a new intracompany partner edit some of its fields US151079" time="208.036">
      <skipped />
      <system-out><![CDATA[
COMMAND: POST /session/e85e052fb48b678918c44a977a8ff9db/element - {"using":"xpath","value":"//li[.//span[text()=\"Manage Partners\"]]"}
RESULT: {"using":"xpath","value":"//li[.//span[text()=\"Manage Partners\"]]"}
COMMAND: POST /session/e85e052fb48b678918c44a977a8ff9db/element - {"using":"xpath","value":"//li[.//span[text()=\"Manage Partners\"]]"}
RESULT: {"using":"xpath","value":"//li[.//span[text()=\"Manage Partners\"]]"}
COMMAND: POST /session/e85e052fb48b678918c44a977a8ff9db/element - {"using":"css selector","value":"#shell-header-logo"}
RESULT: {"using":"css selector","value":"#shell-header-logo"}
COMMAND: POST /session/e85e052fb48b678918c44a977a8ff9db/element/f.0E2ED5F52CB306CEAC7E3CCDFCB92CD0.d.0434EC9AD9064EBD7BC145E0DAF8650B.e.4303/click - {}
COMMAND: POST /session/e85e052fb48b678918c44a977a8ff9db/execute/sync - {"script":"<script> [8489 bytes]","args":[{"element-6066-11e4-a52e-4f735466cecf":"f.0E2ED5F52CB306CEAC7E3CCDFCB92CD0.d.0434EC9AD9064EBD7BC145E0DAF8650B.e.4303","ELEMENT":"f.0E2ED5F52CB306CEAC7E3CCDFCB92CD0.d.0434EC9AD9064EBD7BC145E0DAF8650B.e.4303"}]}
RESULT: {"script":"<script> [8489 bytes]","args":[{"element-6066-11e4-a52e-4f735466cecf":"f.0E2ED5F52CB306CEAC7E3CCDFCB92CD0.d.0434EC9AD9064EBD7BC145E0DAF8650B.e.4303","ELEMENT":"f.0E2ED5F52CB306CEAC7E3CCDFCB92CD0.d.0434EC9AD9064EBD7BC145E0DAF8650B.e.4303"}]}
COMMAND: POST /session/e85e052fb48b678918c44a977a8ff9db/execute/sync - {"script":"<script> [5351 bytes]","args":[{"element-6066-11e4-a52e-4f735466cecf":"f.0E2ED5F52CB306CEAC7E3CCDFCB92CD0.d.0434EC9AD9064EBD7BC145E0DAF8650B.e.4303","ELEMENT":"f.0E2ED5F52CB306CEAC7E3CCDFCB92CD0.d.0434EC9AD9064EBD7BC145E0DAF8650B.e.4303"}]}
COMMAND: GET /session/e85e052fb48b678918c44a977a8ff9db/screenshot - {}
RESULT: {"script":"<script> [5351 bytes]","args":[{"element-6066-11e4-a52e-4f735466cecf":"f.0E2ED5F52CB306CEAC7E3CCDFCB92CD0.d.0434EC9AD9064EBD7BC145E0DAF8650B.e.4303","ELEMENT":"f.0E2ED5F52CB306CEAC7E3CCDFCB92CD0.d.0434EC9AD9064EBD7BC145E0DAF8650B.e.4303"}]}
COMMAND: GET /session/e85e052fb48b678918c44a977a8ff9db/screenshot - {}
RESULT: {}
RESULT: {}
COMMAND: POST /session/e85e052fb48b678918c44a977a8ff9db/refresh - {}
RESULT: {}
COMMAND: GET /session/e85e052fb48b678918c44a977a8ff9db/screenshot - {}
RESULT: {}
COMMAND: POST /session/e85e052fb48b678918c44a977a8ff9db/refresh - {}
RESULT: {}
COMMAND: GET /session/e85e052fb48b678918c44a977a8ff9db/screenshot - {}
RESULT: {}
COMMAND: POST /session/e85e052fb48b678918c44a977a8ff9db/window/fullscreen - {}
RESULT: {}
COMMAND: POST /session/e85e052fb48b678918c44a977a8ff9db/execute/async - {"script":"<script> [189 bytes]","args":[]}
RESULT: {"script":"<script> [189 bytes]","args":[]}
COMMAND: POST /session/e85e052fb48b678918c44a977a8ff9db/execute/async - {"script":"<script> [123 bytes]","args":[]}
RESULT: {"script":"<script> [123 bytes]","args":[]}
COMMAND: POST /session/e85e052fb48b678918c44a977a8ff9db/timeouts - {"script":"<number>"}
RESULT: {"script":"<number>"}
COMMAND: GET /session/e85e052fb48b678918c44a977a8ff9db/timeouts - {}
RESULT: {}
RESULT: undefined
COMMAND: POST /session/e85e052fb48b678918c44a977a8ff9db/execute/async - {"script":"<script> [2676 bytes]","args":[]}
RESULT: {"script":"<script> [2676 bytes]","args":[]}
COMMAND: POST /session/e85e052fb48b678918c44a977a8ff9db/execute/async - {"script":"<script> [2342 bytes]","args":[{"protocol":"http","hostname":"0.0.0.0","path":"/","capabilities":{"browserName":"chrome","goog:chromeOptions":{"binary":"C:\\Program Files\\Google\\Chrome\\Application\\chrome.exe","args":["--start-maximized"]}},"logLevel":"warn","connectionRetryTimeout":120000,"connectionRetryCount":3,"logLevels":{},"enableDirectConnect":true,"strictSSL":true,"_":"65 more keys: [\"cacheDir\",\"port\",\"requestedCapabilities\",\"automationProtocol\",\"baseUrl\",\"waitforInterval\",\"waitforTimeout\",\"onReload\",\"beforeCommand\",\"afterCommand\",\"rootDir\",\"specs\",\"suites\",\"exclude\",\"groupLogsByTestSpec\",\"excludeDriverLogs\",\"bail\",\"framework\",\"reporters\",\"services\",\"maxInstances\",\"maxInstancesPerCapability\",\"injectGlobals\",\"filesToWatch\",\"execArgv\",\"runnerEnv\",\"runner\",\"shard\",\"specFileRetries\",\"specFileRetriesDelay\",\"specFileRetriesDeferred\",\"reporterSyncInterval\",\"reporterSyncTimeout\",\"cucumberFeaturesWithLineNumbers\",\"autoCompileOpts\",\"mochaOpts\",\"jasmineOpts\",\"cucumberOpts\",\"onPrepare\",\"onWorkerStart\",\"onWorkerEnd\",\"before\",\"beforeSession\",\"beforeSuite\",\"beforeHook\",\"beforeTest\",\"afterTest\",\"afterHook\",\"afterSuite\",\"afterSession\",\"after\",\"onComplete\",\"beforeAssertion\",\"afterAssertion\",\"beforeFeature\",\"beforeScenario\",\"beforeStep\",\"afterStep\",\"afterScenario\",\"afterFeature\",\"_\",\"suite\",\"$0\",\"ignoredWorkerServices\",\"wdi5\"]"}]}
RESULT: {"script":"<script> [2342 bytes]","args":[{"protocol":"http","hostname":"0.0.0.0","path":"/","capabilities":{"browserName":"chrome","goog:chromeOptions":{"binary":"C:\\Program Files\\Google\\Chrome\\Application\\chrome.exe","args":["--start-maximized"]}},"logLevel":"warn","connectionRetryTimeout":120000,"connectionRetryCount":3,"logLevels":{},"enableDirectConnect":true,"strictSSL":true,"_":"65 more keys: [\"cacheDir\",\"port\",\"requestedCapabilities\",\"automationProtocol\",\"baseUrl\",\"waitforInterval\",\"waitforTimeout\",\"onReload\",\"beforeCommand\",\"afterCommand\",\"rootDir\",\"specs\",\"suites\",\"exclude\",\"groupLogsByTestSpec\",\"excludeDriverLogs\",\"bail\",\"framework\",\"reporters\",\"services\",\"maxInstances\",\"maxInstancesPerCapability\",\"injectGlobals\",\"filesToWatch\",\"execArgv\",\"runnerEnv\",\"runner\",\"shard\",\"specFileRetries\",\"specFileRetriesDelay\",\"specFileRetriesDeferred\",\"reporterSyncInterval\",\"reporterSyncTimeout\",\"cucumberFeaturesWithLineNumbers\",\"autoCompileOpts\",\"mochaOpts\",\"jasmineOpts\",\"cucumberOpts\",\"onPrepare\",\"onWorkerStart\",\"onWorkerEnd\",\"before\",\"beforeSession\",\"beforeSuite\",\"beforeHook\",\"beforeTest\",\"afterTest\",\"afterHook\",\"afterSuite\",\"afterSession\",\"after\",\"onComplete\",\"beforeAssertion\",\"afterAssertion\",\"beforeFeature\",\"beforeScenario\",\"beforeStep\",\"afterStep\",\"afterScenario\",\"afterFeature\",\"_\",\"suite\",\"$0\",\"ignoredWorkerServices\",\"wdi5\"]"}]}
COMMAND: POST /session/e85e052fb48b678918c44a977a8ff9db/execute/async - {"script":"<script> [21126 bytes]","args":[35000]}
RESULT: {"script":"<script> [21126 bytes]","args":[35000]}
COMMAND: POST /session/e85e052fb48b678918c44a977a8ff9db/window/fullscreen - {}
RESULT: {}
COMMAND: POST /session/e85e052fb48b678918c44a977a8ff9db/window/fullscreen - {}
RESULT: {}
COMMAND: POST /session/e85e052fb48b678918c44a977a8ff9db/execute/async - {"script":"<script> [1562 bytes]","args":[{"selector":{"controlType":"sap.m.GenericTile","properties":{"header":"Manage Partners"}},"wdio_ui5_key":"sapm.GenericTile{\"header\":\"Manage Partners\"}"}]}
RESULT: {"script":"<script> [1562 bytes]","args":[{"selector":{"controlType":"sap.m.GenericTile","properties":{"header":"Manage Partners"}},"wdio_ui5_key":"sapm.GenericTile{\"header\":\"Manage Partners\"}"}]}
RESULT: undefined
COMMAND: POST /session/e85e052fb48b678918c44a977a8ff9db/element - {"using":"xpath","value":"//button[@data-kt=\"addButton\"]"}
RESULT: {"using":"xpath","value":"//button[@data-kt=\"addButton\"]"}
COMMAND: POST /session/e85e052fb48b678918c44a977a8ff9db/elements - {"using":"xpath","value":"//button[@data-kt=\"addButton\"]"}
RESULT: {"using":"xpath","value":"//button[@data-kt=\"addButton\"]"}
COMMAND: POST /session/e85e052fb48b678918c44a977a8ff9db/execute/sync - {"script":"<script> [8489 bytes]","args":[{"element-6066-11e4-a52e-4f735466cecf":"f.0E2ED5F52CB306CEAC7E3CCDFCB92CD0.d.18FEE540AB04A2E194EB404490FFB83C.e.4881","ELEMENT":"f.0E2ED5F52CB306CEAC7E3CCDFCB92CD0.d.18FEE540AB04A2E194EB404490FFB83C.e.4881"}]}
RESULT: {"script":"<script> [8489 bytes]","args":[{"element-6066-11e4-a52e-4f735466cecf":"f.0E2ED5F52CB306CEAC7E3CCDFCB92CD0.d.18FEE540AB04A2E194EB404490FFB83C.e.4881","ELEMENT":"f.0E2ED5F52CB306CEAC7E3CCDFCB92CD0.d.18FEE540AB04A2E194EB404490FFB83C.e.4881"}]}
COMMAND: GET /session/e85e052fb48b678918c44a977a8ff9db/element/f.0E2ED5F52CB306CEAC7E3CCDFCB92CD0.d.18FEE540AB04A2E194EB404490FFB83C.e.4881/enabled - {}
COMMAND: GET /session/e85e052fb48b678918c44a977a8ff9db/screenshot - {}
RESULT: {}
COMMAND: POST /session/e85e052fb48b678918c44a977a8ff9db/execute/sync - {"script":"<script> [8489 bytes]","args":[{"element-6066-11e4-a52e-4f735466cecf":"f.0E2ED5F52CB306CEAC7E3CCDFCB92CD0.d.18FEE540AB04A2E194EB404490FFB83C.e.4881","ELEMENT":"f.0E2ED5F52CB306CEAC7E3CCDFCB92CD0.d.18FEE540AB04A2E194EB404490FFB83C.e.4881"}]}
COMMAND: GET /session/e85e052fb48b678918c44a977a8ff9db/screenshot - {}
RESULT: {}
RESULT: {"script":"<script> [8489 bytes]","args":[{"element-6066-11e4-a52e-4f735466cecf":"f.0E2ED5F52CB306CEAC7E3CCDFCB92CD0.d.18FEE540AB04A2E194EB404490FFB83C.e.4881","ELEMENT":"f.0E2ED5F52CB306CEAC7E3CCDFCB92CD0.d.18FEE540AB04A2E194EB404490FFB83C.e.4881"}]}
COMMAND: POST /session/e85e052fb48b678918c44a977a8ff9db/execute/sync - {"script":"<script> [5351 bytes]","args":[{"element-6066-11e4-a52e-4f735466cecf":"f.0E2ED5F52CB306CEAC7E3CCDFCB92CD0.d.18FEE540AB04A2E194EB404490FFB83C.e.4881","ELEMENT":"f.0E2ED5F52CB306CEAC7E3CCDFCB92CD0.d.18FEE540AB04A2E194EB404490FFB83C.e.4881"}]}
COMMAND: GET /session/e85e052fb48b678918c44a977a8ff9db/screenshot - {}
RESULT: {}
RESULT: {"script":"<script> [5351 bytes]","args":[{"element-6066-11e4-a52e-4f735466cecf":"f.0E2ED5F52CB306CEAC7E3CCDFCB92CD0.d.18FEE540AB04A2E194EB404490FFB83C.e.4881","ELEMENT":"f.0E2ED5F52CB306CEAC7E3CCDFCB92CD0.d.18FEE540AB04A2E194EB404490FFB83C.e.4881"}]}
COMMAND: POST /session/e85e052fb48b678918c44a977a8ff9db/element/f.0E2ED5F52CB306CEAC7E3CCDFCB92CD0.d.18FEE540AB04A2E194EB404490FFB83C.e.4881/click - {}
COMMAND: GET /session/e85e052fb48b678918c44a977a8ff9db/screenshot - {}
RESULT: {}
RESULT: {}
COMMAND: GET /session/e85e052fb48b678918c44a977a8ff9db/screenshot - {}
RESULT: {}
RESULT: {}
COMMAND: POST /session/e85e052fb48b678918c44a977a8ff9db/execute/async - {"script":"<script> [1562 bytes]","args":[{"selector":{"id":"application-managepartners-display-component---NewPartner--addressDetailDetailsName1","interaction":{"idSuffix":"inner"}},"wdio_ui5_key":"applicationmanagepartners-display-component---NewPartner--addressDetailDetailsName1"}]}
RESULT: {"script":"<script> [1562 bytes]","args":[{"selector":{"id":"application-managepartners-display-component---NewPartner--addressDetailDetailsName1","interaction":{"idSuffix":"inner"}},"wdio_ui5_key":"applicationmanagepartners-display-component---NewPartner--addressDetailDetailsName1"}]}
RESULT: undefined
COMMAND: POST /session/e85e052fb48b678918c44a977a8ff9db/execute/async - {"script":"<script> [776 bytes]","args":[{"enterText":"Intracompany Partner WDIO","selector":{"id":"application-managepartners-display-component---NewPartner--addressDetailDetailsName1","interaction":{"idSuffix":"inner"}},"clearTextFirst":true,"interactionType":"ENTER_TEXT"}]}
RESULT: {"script":"<script> [776 bytes]","args":[{"enterText":"Intracompany Partner WDIO","selector":{"id":"application-managepartners-display-component---NewPartner--addressDetailDetailsName1","interaction":{"idSuffix":"inner"}},"clearTextFirst":true,"interactionType":"ENTER_TEXT"}]}
COMMAND: POST /session/e85e052fb48b678918c44a977a8ff9db/execute/async - {"script":"<script> [1562 bytes]","args":[{"selector":{"id":"application-managepartners-display-component---NewPartner--addressDetailDetailsLanguage-arrow"},"wdio_ui5_key":"applicationmanagepartners-display-component---NewPartner--addressDetailDetailsLanguage-arrow"}]}
RESULT: {"script":"<script> [1562 bytes]","args":[{"selector":{"id":"application-managepartners-display-component---NewPartner--addressDetailDetailsLanguage-arrow"},"wdio_ui5_key":"applicationmanagepartners-display-component---NewPartner--addressDetailDetailsLanguage-arrow"}]}
RESULT: undefined
COMMAND: POST /session/e85e052fb48b678918c44a977a8ff9db/element - {"using":"xpath","value":"//*[@id=\"application-managepartners-display-component---NewPartner--addressDetailDetailsLanguage-arrow\"]"}
RESULT: {"using":"xpath","value":"//*[@id=\"application-managepartners-display-component---NewPartner--addressDetailDetailsLanguage-arrow\"]"}
COMMAND: POST /session/e85e052fb48b678918c44a977a8ff9db/element/f.0E2ED5F52CB306CEAC7E3CCDFCB92CD0.d.18FEE540AB04A2E194EB404490FFB83C.e.5022/click - {}
RESULT: {}
COMMAND: POST /session/e85e052fb48b678918c44a977a8ff9db/element - {"using":"xpath","value":"//span[contains(text(), \"English\")]"}
COMMAND: GET /session/e85e052fb48b678918c44a977a8ff9db/screenshot - {}
RESULT: {"using":"xpath","value":"//span[contains(text(), \"English\")]"}
COMMAND: POST /session/e85e052fb48b678918c44a977a8ff9db/element/f.0E2ED5F52CB306CEAC7E3CCDFCB92CD0.d.18FEE540AB04A2E194EB404490FFB83C.e.5023/click - {}
RESULT: {}
RESULT: {}
COMMAND: GET /session/e85e052fb48b678918c44a977a8ff9db/screenshot - {}
RESULT: {}
COMMAND: POST /session/e85e052fb48b678918c44a977a8ff9db/execute/async - {"script":"<script> [1562 bytes]","args":[{"selector":{"id":"application-managepartners-display-component---NewPartner--addressDetailDetailsCity1","interaction":{"idSuffix":"inner"}},"wdio_ui5_key":"applicationmanagepartners-display-component---NewPartner--addressDetailDetailsCity1"}]}
RESULT: {"script":"<script> [1562 bytes]","args":[{"selector":{"id":"application-managepartners-display-component---NewPartner--addressDetailDetailsCity1","interaction":{"idSuffix":"inner"}},"wdio_ui5_key":"applicationmanagepartners-display-component---NewPartner--addressDetailDetailsCity1"}]}
RESULT: undefined
COMMAND: POST /session/e85e052fb48b678918c44a977a8ff9db/execute/async - {"script":"<script> [776 bytes]","args":[{"enterText":"Rosario","selector":{"id":"application-managepartners-display-component---NewPartner--addressDetailDetailsCity1","interaction":{"idSuffix":"inner"}},"clearTextFirst":true,"interactionType":"ENTER_TEXT"}]}
RESULT: {"script":"<script> [776 bytes]","args":[{"enterText":"Rosario","selector":{"id":"application-managepartners-display-component---NewPartner--addressDetailDetailsCity1","interaction":{"idSuffix":"inner"}},"clearTextFirst":true,"interactionType":"ENTER_TEXT"}]}
COMMAND: POST /session/e85e052fb48b678918c44a977a8ff9db/execute/async - {"script":"<script> [1562 bytes]","args":[{"selector":{"id":"application-managepartners-display-component---NewPartner--addressDetailDetailsCountry-arrow"},"wdio_ui5_key":"applicationmanagepartners-display-component---NewPartner--addressDetailDetailsCountry-arrow"}]}
RESULT: {"script":"<script> [1562 bytes]","args":[{"selector":{"id":"application-managepartners-display-component---NewPartner--addressDetailDetailsCountry-arrow"},"wdio_ui5_key":"applicationmanagepartners-display-component---NewPartner--addressDetailDetailsCountry-arrow"}]}
RESULT: undefined
COMMAND: POST /session/e85e052fb48b678918c44a977a8ff9db/element - {"using":"xpath","value":"//*[@id=\"application-managepartners-display-component---NewPartner--addressDetailDetailsCountry-arrow\"]"}
RESULT: {"using":"xpath","value":"//*[@id=\"application-managepartners-display-component---NewPartner--addressDetailDetailsCountry-arrow\"]"}
COMMAND: POST /session/e85e052fb48b678918c44a977a8ff9db/element/f.0E2ED5F52CB306CEAC7E3CCDFCB92CD0.d.18FEE540AB04A2E194EB404490FFB83C.e.4909/click - {}
RESULT: {}
COMMAND: POST /session/e85e052fb48b678918c44a977a8ff9db/element - {"using":"xpath","value":"//span[contains(text(), \"Argentina\")]"}
COMMAND: GET /session/e85e052fb48b678918c44a977a8ff9db/screenshot - {}
RESULT: {"using":"xpath","value":"//span[contains(text(), \"Argentina\")]"}
COMMAND: POST /session/e85e052fb48b678918c44a977a8ff9db/element/f.0E2ED5F52CB306CEAC7E3CCDFCB92CD0.d.18FEE540AB04A2E194EB404490FFB83C.e.5025/click - {}
RESULT: {}
RESULT: {}
COMMAND: GET /session/e85e052fb48b678918c44a977a8ff9db/screenshot - {}
RESULT: {}
COMMAND: POST /session/e85e052fb48b678918c44a977a8ff9db/element - {"using":"xpath","value":"//bdi[contains(text(), \"Commercial\")]"}
RESULT: {"using":"xpath","value":"//bdi[contains(text(), \"Commercial\")]"}
COMMAND: POST /session/e85e052fb48b678918c44a977a8ff9db/element/f.0E2ED5F52CB306CEAC7E3CCDFCB92CD0.d.18FEE540AB04A2E194EB404490FFB83C.e.5026/click - {}
RESULT: {}
COMMAND: GET /session/e85e052fb48b678918c44a977a8ff9db/screenshot - {}
RESULT: {}
COMMAND: POST /session/e85e052fb48b678918c44a977a8ff9db/execute/async - {"script":"<script> [1562 bytes]","args":[{"selector":{"id":"application-managepartners-display-component---NewPartner--partnerDetailInternal-arrow"},"wdio_ui5_key":"applicationmanagepartners-display-component---NewPartner--partnerDetailInternal-arrow"}]}
RESULT: {"script":"<script> [1562 bytes]","args":[{"selector":{"id":"application-managepartners-display-component---NewPartner--partnerDetailInternal-arrow"},"wdio_ui5_key":"applicationmanagepartners-display-component---NewPartner--partnerDetailInternal-arrow"}]}
RESULT: undefined
COMMAND: POST /session/e85e052fb48b678918c44a977a8ff9db/element - {"using":"xpath","value":"//*[@id=\"application-managepartners-display-component---NewPartner--partnerDetailInternal-arrow\"]"}
RESULT: {"using":"xpath","value":"//*[@id=\"application-managepartners-display-component---NewPartner--partnerDetailInternal-arrow\"]"}
COMMAND: POST /session/e85e052fb48b678918c44a977a8ff9db/element/f.0E2ED5F52CB306CEAC7E3CCDFCB92CD0.d.18FEE540AB04A2E194EB404490FFB83C.e.5032/click - {}
RESULT: {}
COMMAND: POST /session/e85e052fb48b678918c44a977a8ff9db/element - {"using":"xpath","value":"//span[contains(text(), \"Affiliated company\")]"}
COMMAND: GET /session/e85e052fb48b678918c44a977a8ff9db/screenshot - {}
RESULT: {"using":"xpath","value":"//span[contains(text(), \"Affiliated company\")]"}
COMMAND: POST /session/e85e052fb48b678918c44a977a8ff9db/element/f.0E2ED5F52CB306CEAC7E3CCDFCB92CD0.d.18FEE540AB04A2E194EB404490FFB83C.e.5033/click - {}
RESULT: {}
RESULT: {}
COMMAND: POST /session/e85e052fb48b678918c44a977a8ff9db/execute/async - {"script":"<script> [1562 bytes]","args":[{"selector":{"id":"application-managepartners-display-component---NewPartner--partnerDetailsCurrency-arrow"},"wdio_ui5_key":"applicationmanagepartners-display-component---NewPartner--partnerDetailsCurrency-arrow"}]}
COMMAND: GET /session/e85e052fb48b678918c44a977a8ff9db/screenshot - {}
RESULT: {"script":"<script> [1562 bytes]","args":[{"selector":{"id":"application-managepartners-display-component---NewPartner--partnerDetailsCurrency-arrow"},"wdio_ui5_key":"applicationmanagepartners-display-component---NewPartner--partnerDetailsCurrency-arrow"}]}
RESULT: undefined
COMMAND: POST /session/e85e052fb48b678918c44a977a8ff9db/element - {"using":"xpath","value":"//*[@id=\"application-managepartners-display-component---NewPartner--partnerDetailsCurrency-arrow\"]"}
RESULT: {}
RESULT: {"using":"xpath","value":"//*[@id=\"application-managepartners-display-component---NewPartner--partnerDetailsCurrency-arrow\"]"}
COMMAND: POST /session/e85e052fb48b678918c44a977a8ff9db/element/f.0E2ED5F52CB306CEAC7E3CCDFCB92CD0.d.18FEE540AB04A2E194EB404490FFB83C.e.5040/click - {}
RESULT: {}
COMMAND: POST /session/e85e052fb48b678918c44a977a8ff9db/element - {"using":"xpath","value":"//span[contains(text(), \"Euro\")]"}
COMMAND: GET /session/e85e052fb48b678918c44a977a8ff9db/screenshot - {}
RESULT: {"using":"xpath","value":"//span[contains(text(), \"Euro\")]"}
COMMAND: POST /session/e85e052fb48b678918c44a977a8ff9db/element/f.0E2ED5F52CB306CEAC7E3CCDFCB92CD0.d.18FEE540AB04A2E194EB404490FFB83C.e.5041/click - {}
RESULT: {}
RESULT: {}
COMMAND: POST /session/e85e052fb48b678918c44a977a8ff9db/execute/async - {"script":"<script> [1562 bytes]","args":[{"selector":{"id":"application-managepartners-display-component---NewPartner--addressEditDetailsCostObjectCstType-arrow"},"wdio_ui5_key":"applicationmanagepartners-display-component---NewPartner--addressEditDetailsCostObjectCstType-arrow"}]}
COMMAND: GET /session/e85e052fb48b678918c44a977a8ff9db/screenshot - {}
RESULT: {"script":"<script> [1562 bytes]","args":[{"selector":{"id":"application-managepartners-display-component---NewPartner--addressEditDetailsCostObjectCstType-arrow"},"wdio_ui5_key":"applicationmanagepartners-display-component---NewPartner--addressEditDetailsCostObjectCstType-arrow"}]}
RESULT: undefined
COMMAND: POST /session/e85e052fb48b678918c44a977a8ff9db/element - {"using":"xpath","value":"//*[@id=\"application-managepartners-display-component---NewPartner--addressEditDetailsCostObjectCstType-arrow\"]"}
RESULT: {}
RESULT: {"using":"xpath","value":"//*[@id=\"application-managepartners-display-component---NewPartner--addressEditDetailsCostObjectCstType-arrow\"]"}
COMMAND: POST /session/e85e052fb48b678918c44a977a8ff9db/element/f.0E2ED5F52CB306CEAC7E3CCDFCB92CD0.d.18FEE540AB04A2E194EB404490FFB83C.e.5042/click - {}
RESULT: {}
COMMAND: POST /session/e85e052fb48b678918c44a977a8ff9db/element - {"using":"xpath","value":"//span[contains(text(), \"Cost Center\")]"}
COMMAND: GET /session/e85e052fb48b678918c44a977a8ff9db/screenshot - {}
RESULT: {"using":"xpath","value":"//span[contains(text(), \"Cost Center\")]"}
COMMAND: POST /session/e85e052fb48b678918c44a977a8ff9db/element/f.0E2ED5F52CB306CEAC7E3CCDFCB92CD0.d.18FEE540AB04A2E194EB404490FFB83C.e.5043/click - {}
RESULT: {}
RESULT: {}
COMMAND: GET /session/e85e052fb48b678918c44a977a8ff9db/screenshot - {}
RESULT: {}
COMMAND: POST /session/e85e052fb48b678918c44a977a8ff9db/element - {"using":"xpath","value":"//span[@id=\"application-managepartners-display-component---NewPartner--addressNewCostObjectCstID-vhi\"]"}
RESULT: {"using":"xpath","value":"//span[@id=\"application-managepartners-display-component---NewPartner--addressNewCostObjectCstID-vhi\"]"}
COMMAND: POST /session/e85e052fb48b678918c44a977a8ff9db/element - {"using":"xpath","value":"//span[@id=\"application-managepartners-display-component---NewPartner--addressNewCostObjectCstID-vhi\"]"}
RESULT: {"using":"xpath","value":"//span[@id=\"application-managepartners-display-component---NewPartner--addressNewCostObjectCstID-vhi\"]"}
COMMAND: POST /session/e85e052fb48b678918c44a977a8ff9db/element - {"using":"xpath","value":"//input[@id=\"application-managepartners-display-component---NewPartner--addressNewCostObjectCstID-inner\"]"}
RESULT: {"using":"xpath","value":"//input[@id=\"application-managepartners-display-component---NewPartner--addressNewCostObjectCstID-inner\"]"}
COMMAND: POST /session/e85e052fb48b678918c44a977a8ff9db/execute/sync - {"script":"<script> [8489 bytes]","args":[{"element-6066-11e4-a52e-4f735466cecf":"f.0E2ED5F52CB306CEAC7E3CCDFCB92CD0.d.18FEE540AB04A2E194EB404490FFB83C.e.5045","ELEMENT":"f.0E2ED5F52CB306CEAC7E3CCDFCB92CD0.d.18FEE540AB04A2E194EB404490FFB83C.e.5045"}]}
COMMAND: POST /session/e85e052fb48b678918c44a977a8ff9db/element - {"using":"xpath","value":"//input[@id=\"application-managepartners-display-component---NewPartner--addressNewCostObjectCstID-inner\"]"}
RESULT: {"using":"xpath","value":"//input[@id=\"application-managepartners-display-component---NewPartner--addressNewCostObjectCstID-inner\"]"}
COMMAND: POST /session/e85e052fb48b678918c44a977a8ff9db/execute/sync - {"script":"<script> [8489 bytes]","args":[{"element-6066-11e4-a52e-4f735466cecf":"f.0E2ED5F52CB306CEAC7E3CCDFCB92CD0.d.18FEE540AB04A2E194EB404490FFB83C.e.5047","ELEMENT":"f.0E2ED5F52CB306CEAC7E3CCDFCB92CD0.d.18FEE540AB04A2E194EB404490FFB83C.e.5047"}]}
RESULT: {"script":"<script> [8489 bytes]","args":[{"element-6066-11e4-a52e-4f735466cecf":"f.0E2ED5F52CB306CEAC7E3CCDFCB92CD0.d.18FEE540AB04A2E194EB404490FFB83C.e.5047","ELEMENT":"f.0E2ED5F52CB306CEAC7E3CCDFCB92CD0.d.18FEE540AB04A2E194EB404490FFB83C.e.5047"}]}
COMMAND: POST /session/e85e052fb48b678918c44a977a8ff9db/element/f.0E2ED5F52CB306CEAC7E3CCDFCB92CD0.d.18FEE540AB04A2E194EB404490FFB83C.e.5047/clear - {}
COMMAND: GET /session/e85e052fb48b678918c44a977a8ff9db/screenshot - {}
RESULT: {}
RESULT: {}
COMMAND: POST /session/e85e052fb48b678918c44a977a8ff9db/element/f.0E2ED5F52CB306CEAC7E3CCDFCB92CD0.d.18FEE540AB04A2E194EB404490FFB83C.e.5047/value - {"text":"10001013"}
COMMAND: GET /session/e85e052fb48b678918c44a977a8ff9db/screenshot - {}
RESULT: {"text":"10001013"}
COMMAND: GET /session/e85e052fb48b678918c44a977a8ff9db/screenshot - {}
RESULT: {}
RESULT: {}
COMMAND: POST /session/e85e052fb48b678918c44a977a8ff9db/element - {"using":"xpath","value":"//input[@id=\"application-managepartners-display-component---NewPartner--companyCodeComboBox-inner\"]"}
RESULT: {"using":"xpath","value":"//input[@id=\"application-managepartners-display-component---NewPartner--companyCodeComboBox-inner\"]"}
COMMAND: POST /session/e85e052fb48b678918c44a977a8ff9db/element/f.0E2ED5F52CB306CEAC7E3CCDFCB92CD0.d.18FEE540AB04A2E194EB404490FFB83C.e.4863/clear - {}
RESULT: {}
COMMAND: POST /session/e85e052fb48b678918c44a977a8ff9db/element/f.0E2ED5F52CB306CEAC7E3CCDFCB92CD0.d.18FEE540AB04A2E194EB404490FFB83C.e.4863/value - {"text":"1000"}
COMMAND: GET /session/e85e052fb48b678918c44a977a8ff9db/screenshot - {}
RESULT: {}
RESULT: {"text":"1000"}
COMMAND: GET /session/e85e052fb48b678918c44a977a8ff9db/screenshot - {}
RESULT: {}
COMMAND: POST /session/e85e052fb48b678918c44a977a8ff9db/element - {"using":"xpath","value":"//span[contains(text(), \"1000\")]"}
RESULT: {"using":"xpath","value":"//span[contains(text(), \"1000\")]"}
COMMAND: POST /session/e85e052fb48b678918c44a977a8ff9db/element/f.0E2ED5F52CB306CEAC7E3CCDFCB92CD0.d.18FEE540AB04A2E194EB404490FFB83C.e.5054/click - {}
RESULT: {}
COMMAND: GET /session/e85e052fb48b678918c44a977a8ff9db/screenshot - {}
RESULT: {}
COMMAND: POST /session/e85e052fb48b678918c44a977a8ff9db/execute/async - {"script":"<script> [1562 bytes]","args":[{"selector":{"id":"application-managepartners-display-component---NewPartner--btnAddTableRow-img"},"wdio_ui5_key":"applicationmanagepartners-display-component---NewPartner--btnAddTableRow-img"}]}
RESULT: {"script":"<script> [1562 bytes]","args":[{"selector":{"id":"application-managepartners-display-component---NewPartner--btnAddTableRow-img"},"wdio_ui5_key":"applicationmanagepartners-display-component---NewPartner--btnAddTableRow-img"}]}
RESULT: undefined
COMMAND: POST /session/e85e052fb48b678918c44a977a8ff9db/element - {"using":"xpath","value":"//*[@id=\"application-managepartners-display-component---NewPartner--btnAddTableRow-img\"]"}
RESULT: {"using":"xpath","value":"//*[@id=\"application-managepartners-display-component---NewPartner--btnAddTableRow-img\"]"}
COMMAND: POST /session/e85e052fb48b678918c44a977a8ff9db/element/f.0E2ED5F52CB306CEAC7E3CCDFCB92CD0.d.18FEE540AB04A2E194EB404490FFB83C.e.5055/click - {}
RESULT: {}
COMMAND: GET /session/e85e052fb48b678918c44a977a8ff9db/screenshot - {}
RESULT: {}
COMMAND: POST /session/e85e052fb48b678918c44a977a8ff9db/element - {"using":"xpath","value":"//input[@id=\"application-managepartners-display-component---NewPartner--assignmentYard-application-managepartners-display-component---NewPartner--assignmentsTable-0-inner\"]"}
RESULT: {"using":"xpath","value":"//input[@id=\"application-managepartners-display-component---NewPartner--assignmentYard-application-managepartners-display-component---NewPartner--assignmentsTable-0-inner\"]"}
COMMAND: POST /session/e85e052fb48b678918c44a977a8ff9db/element/f.0E2ED5F52CB306CEAC7E3CCDFCB92CD0.d.18FEE540AB04A2E194EB404490FFB83C.e.5058/clear - {}
RESULT: {}
COMMAND: POST /session/e85e052fb48b678918c44a977a8ff9db/element/f.0E2ED5F52CB306CEAC7E3CCDFCB92CD0.d.18FEE540AB04A2E194EB404490FFB83C.e.5058/value - {"text":"488"}
COMMAND: GET /session/e85e052fb48b678918c44a977a8ff9db/screenshot - {}
RESULT: {"text":"488"}
COMMAND: GET /session/e85e052fb48b678918c44a977a8ff9db/screenshot - {}
RESULT: {}
RESULT: {}
COMMAND: POST /session/e85e052fb48b678918c44a977a8ff9db/element - {"using":"xpath","value":"//li[.//span[text()='488']]"}
RESULT: {"using":"xpath","value":"//li[.//span[text()='488']]"}
COMMAND: POST /session/e85e052fb48b678918c44a977a8ff9db/element/f.0E2ED5F52CB306CEAC7E3CCDFCB92CD0.d.18FEE540AB04A2E194EB404490FFB83C.e.5067/click - {}
RESULT: {}
COMMAND: GET /session/e85e052fb48b678918c44a977a8ff9db/screenshot - {}
RESULT: {}
COMMAND: POST /session/e85e052fb48b678918c44a977a8ff9db/actions - {"actions":[{"id":"action12","type":"key","parameters":{},"actions":[{"type":"keyDown","value":"î€‡"},{"type":"pause","duration":10},{"type":"keyUp","value":"î€‡"}]}]}
RESULT: {"actions":[{"id":"action12","type":"key","parameters":{},"actions":[{"type":"keyDown","value":"î€‡"},{"type":"pause","duration":10},{"type":"keyUp","value":"î€‡"}]}]}
COMMAND: POST /session/e85e052fb48b678918c44a977a8ff9db/execute/async - {"script":"<script> [1562 bytes]","args":[{"selector":{"id":"application-managepartners-display-component---NewPartner--externalCustomerComboBox-application-managepartners-display-component---NewPartner--assignmentsTable-0-vhi"},"wdio_ui5_key":"applicationmanagepartners-display-component---NewPartner--externalCustomerComboBox-application-managepartners-display-component---NewPartner--assignmentsTable-0-vhi"}]}
COMMAND: GET /session/e85e052fb48b678918c44a977a8ff9db/screenshot - {}
RESULT: {"script":"<script> [1562 bytes]","args":[{"selector":{"id":"application-managepartners-display-component---NewPartner--externalCustomerComboBox-application-managepartners-display-component---NewPartner--assignmentsTable-0-vhi"},"wdio_ui5_key":"applicationmanagepartners-display-component---NewPartner--externalCustomerComboBox-application-managepartners-display-component---NewPartner--assignmentsTable-0-vhi"}]}
RESULT: undefined
COMMAND: POST /session/e85e052fb48b678918c44a977a8ff9db/element - {"using":"xpath","value":"//*[@id=\"application-managepartners-display-component---NewPartner--externalCustomerComboBox-application-managepartners-display-component---NewPartner--assignmentsTable-0-vhi\"]"}
RESULT: {}
RESULT: {"using":"xpath","value":"//*[@id=\"application-managepartners-display-component---NewPartner--externalCustomerComboBox-application-managepartners-display-component---NewPartner--assignmentsTable-0-vhi\"]"}
COMMAND: POST /session/e85e052fb48b678918c44a977a8ff9db/element/f.0E2ED5F52CB306CEAC7E3CCDFCB92CD0.d.18FEE540AB04A2E194EB404490FFB83C.e.5071/click - {}
RESULT: {}
COMMAND: POST /session/e85e052fb48b678918c44a977a8ff9db/execute/async - {"script":"<script> [1562 bytes]","args":[{"selector":{"controlType":"sap.m.SearchField","properties":{"placeholder":"Search"},"searchOpenDialogs":true,"interaction":{"idSuffix":"I"}},"wdio_ui5_key":"sapm.SearchField{\"placeholder\":\"Search\"}"}]}
COMMAND: GET /session/e85e052fb48b678918c44a977a8ff9db/screenshot - {}
RESULT: {"script":"<script> [1562 bytes]","args":[{"selector":{"controlType":"sap.m.SearchField","properties":{"placeholder":"Search"},"searchOpenDialogs":true,"interaction":{"idSuffix":"I"}},"wdio_ui5_key":"sapm.SearchField{\"placeholder\":\"Search\"}"}]}
RESULT: undefined
COMMAND: POST /session/e85e052fb48b678918c44a977a8ff9db/execute/async - {"script":"<script> [776 bytes]","args":[{"enterText":"300003","selector":{"controlType":"sap.m.SearchField","properties":{"placeholder":"Search"},"searchOpenDialogs":true,"interaction":{"idSuffix":"I"}},"clearTextFirst":true,"interactionType":"ENTER_TEXT"}]}
RESULT: {}
RESULT: {"script":"<script> [776 bytes]","args":[{"enterText":"300003","selector":{"controlType":"sap.m.SearchField","properties":{"placeholder":"Search"},"searchOpenDialogs":true,"interaction":{"idSuffix":"I"}},"clearTextFirst":true,"interactionType":"ENTER_TEXT"}]}
COMMAND: POST /session/e85e052fb48b678918c44a977a8ff9db/actions - {"actions":[{"id":"action13","type":"key","parameters":{},"actions":[{"type":"keyDown","value":"î€‡"},{"type":"pause","duration":10},{"type":"keyUp","value":"î€‡"}]}]}
RESULT: {"actions":[{"id":"action13","type":"key","parameters":{},"actions":[{"type":"keyDown","value":"î€‡"},{"type":"pause","duration":10},{"type":"keyUp","value":"î€‡"}]}]}
COMMAND: GET /session/e85e052fb48b678918c44a977a8ff9db/screenshot - {}
RESULT: {}
COMMAND: POST /session/e85e052fb48b678918c44a977a8ff9db/element - {"using":"xpath","value":"//span[contains(text(), \"300003\")]"}
RESULT: {"using":"xpath","value":"//span[contains(text(), \"300003\")]"}
COMMAND: POST /session/e85e052fb48b678918c44a977a8ff9db/element/f.0E2ED5F52CB306CEAC7E3CCDFCB92CD0.d.18FEE540AB04A2E194EB404490FFB83C.e.5093/click - {}
RESULT: {}
COMMAND: GET /session/e85e052fb48b678918c44a977a8ff9db/screenshot - {}
RESULT: {}
COMMAND: POST /session/e85e052fb48b678918c44a977a8ff9db/element - {"using":"xpath","value":"//bdi[contains(text(), \"OK\")]"}
RESULT: {"using":"xpath","value":"//bdi[contains(text(), \"OK\")]"}
COMMAND: POST /session/e85e052fb48b678918c44a977a8ff9db/element/f.0E2ED5F52CB306CEAC7E3CCDFCB92CD0.d.18FEE540AB04A2E194EB404490FFB83C.e.5095/click - {}
RESULT: {}
COMMAND: GET /session/e85e052fb48b678918c44a977a8ff9db/screenshot - {}
RESULT: {}
COMMAND: POST /session/e85e052fb48b678918c44a977a8ff9db/execute/async - {"script":"<script> [1562 bytes]","args":[{"selector":{"id":"application-managepartners-display-component---NewPartner--intercompVendorComboBox-application-managepartners-display-component---NewPartner--assignmentsTable-0-vhi"},"wdio_ui5_key":"applicationmanagepartners-display-component---NewPartner--intercompVendorComboBox-application-managepartners-display-component---NewPartner--assignmentsTable-0-vhi"}]}
RESULT: {"script":"<script> [1562 bytes]","args":[{"selector":{"id":"application-managepartners-display-component---NewPartner--intercompVendorComboBox-application-managepartners-display-component---NewPartner--assignmentsTable-0-vhi"},"wdio_ui5_key":"applicationmanagepartners-display-component---NewPartner--intercompVendorComboBox-application-managepartners-display-component---NewPartner--assignmentsTable-0-vhi"}]}
RESULT: undefined
COMMAND: POST /session/e85e052fb48b678918c44a977a8ff9db/element - {"using":"xpath","value":"//*[@id=\"application-managepartners-display-component---NewPartner--intercompVendorComboBox-application-managepartners-display-component---NewPartner--assignmentsTable-0-vhi\"]"}
RESULT: {"using":"xpath","value":"//*[@id=\"application-managepartners-display-component---NewPartner--intercompVendorComboBox-application-managepartners-display-component---NewPartner--assignmentsTable-0-vhi\"]"}
COMMAND: POST /session/e85e052fb48b678918c44a977a8ff9db/element/f.0E2ED5F52CB306CEAC7E3CCDFCB92CD0.d.18FEE540AB04A2E194EB404490FFB83C.e.5099/click - {}
RESULT: {}
RESULT: undefined
COMMAND: POST /session/e85e052fb48b678918c44a977a8ff9db/execute/async - {"script":"<script> [776 bytes]","args":[{"enterText":"100005","selector":{"controlType":"sap.m.SearchField","properties":{"placeholder":"Search"},"searchOpenDialogs":true,"interaction":{"idSuffix":"I"}},"clearTextFirst":true,"interactionType":"ENTER_TEXT"}]}
COMMAND: GET /session/e85e052fb48b678918c44a977a8ff9db/screenshot - {}
RESULT: {"script":"<script> [776 bytes]","args":[{"enterText":"100005","selector":{"controlType":"sap.m.SearchField","properties":{"placeholder":"Search"},"searchOpenDialogs":true,"interaction":{"idSuffix":"I"}},"clearTextFirst":true,"interactionType":"ENTER_TEXT"}]}
COMMAND: POST /session/e85e052fb48b678918c44a977a8ff9db/actions - {"actions":[{"id":"action14","type":"key","parameters":{},"actions":[{"type":"keyDown","value":"î€‡"},{"type":"pause","duration":10},{"type":"keyUp","value":"î€‡"}]}]}
RESULT: {}
RESULT: {"actions":[{"id":"action14","type":"key","parameters":{},"actions":[{"type":"keyDown","value":"î€‡"},{"type":"pause","duration":10},{"type":"keyUp","value":"î€‡"}]}]}
COMMAND: GET /session/e85e052fb48b678918c44a977a8ff9db/screenshot - {}
RESULT: {}
COMMAND: POST /session/e85e052fb48b678918c44a977a8ff9db/element - {"using":"xpath","value":"//span[contains(text(), \"Penguins - Field/12345 Berlin\")]"}
RESULT: {"using":"xpath","value":"//span[contains(text(), \"Penguins - Field/12345 Berlin\")]"}
COMMAND: POST /session/e85e052fb48b678918c44a977a8ff9db/element/f.0E2ED5F52CB306CEAC7E3CCDFCB92CD0.d.18FEE540AB04A2E194EB404490FFB83C.e.5115/click - {}
RESULT: {}
COMMAND: GET /session/e85e052fb48b678918c44a977a8ff9db/screenshot - {}
RESULT: {}
COMMAND: POST /session/e85e052fb48b678918c44a977a8ff9db/element - {"using":"xpath","value":"//bdi[contains(text(), \"OK\")]"}
RESULT: {"using":"xpath","value":"//bdi[contains(text(), \"OK\")]"}
COMMAND: POST /session/e85e052fb48b678918c44a977a8ff9db/element/f.0E2ED5F52CB306CEAC7E3CCDFCB92CD0.d.18FEE540AB04A2E194EB404490FFB83C.e.5116/click - {}
RESULT: {}
COMMAND: GET /session/e85e052fb48b678918c44a977a8ff9db/screenshot - {}
RESULT: {}
COMMAND: POST /session/e85e052fb48b678918c44a977a8ff9db/element - {"using":"xpath","value":"//button[@data-kt=\"saveButton\"]"}
RESULT: {"using":"xpath","value":"//button[@data-kt=\"saveButton\"]"}
COMMAND: POST /session/e85e052fb48b678918c44a977a8ff9db/element/f.0E2ED5F52CB306CEAC7E3CCDFCB92CD0.d.18FEE540AB04A2E194EB404490FFB83C.e.4905/click - {}
RESULT: {}
COMMAND: GET /session/e85e052fb48b678918c44a977a8ff9db/screenshot - {}
RESULT: {}
COMMAND: POST /session/e85e052fb48b678918c44a977a8ff9db/element - {"using":"xpath","value":"//header[contains(@id, 'ObjectPageLayout-headerTitle')]/div[1]/div[2]/div[2]/span[1]"}
RESULT: {"using":"xpath","value":"//header[contains(@id, 'ObjectPageLayout-headerTitle')]/div[1]/div[2]/div[2]/span[1]"}
COMMAND: POST /session/e85e052fb48b678918c44a977a8ff9db/elements - {"using":"xpath","value":"//header[contains(@id, 'ObjectPageLayout-headerTitle')]/div[1]/div[2]/div[2]/span[1]"}
RESULT: {"using":"xpath","value":"//header[contains(@id, 'ObjectPageLayout-headerTitle')]/div[1]/div[2]/div[2]/span[1]"}
COMMAND: POST /session/e85e052fb48b678918c44a977a8ff9db/execute/sync - {"script":"<script> [56 bytes]","args":[{"element-6066-11e4-a52e-4f735466cecf":"f.0E2ED5F52CB306CEAC7E3CCDFCB92CD0.d.18FEE540AB04A2E194EB404490FFB83C.e.5283","ELEMENT":"f.0E2ED5F52CB306CEAC7E3CCDFCB92CD0.d.18FEE540AB04A2E194EB404490FFB83C.e.5283"}]}
RESULT: {"script":"<script> [56 bytes]","args":[{"element-6066-11e4-a52e-4f735466cecf":"f.0E2ED5F52CB306CEAC7E3CCDFCB92CD0.d.18FEE540AB04A2E194EB404490FFB83C.e.5283","ELEMENT":"f.0E2ED5F52CB306CEAC7E3CCDFCB92CD0.d.18FEE540AB04A2E194EB404490FFB83C.e.5283"}]}
COMMAND: POST /session/e85e052fb48b678918c44a977a8ff9db/element - {"using":"css selector","value":"#shell-header-logo"}
COMMAND: GET /session/e85e052fb48b678918c44a977a8ff9db/screenshot - {}
RESULT: {"using":"css selector","value":"#shell-header-logo"}
COMMAND: POST /session/e85e052fb48b678918c44a977a8ff9db/element/f.0E2ED5F52CB306CEAC7E3CCDFCB92CD0.d.18FEE540AB04A2E194EB404490FFB83C.e.4795/click - {}
RESULT: {}
RESULT: {}
COMMAND: GET /session/e85e052fb48b678918c44a977a8ff9db/screenshot - {}
RESULT: {}
COMMAND: POST /session/e85e052fb48b678918c44a977a8ff9db/execute/sync - {"script":"<script> [299 bytes]","args":[["getModel","getResource"]]}
RESULT: {"script":"<script> [299 bytes]","args":[["getModel","getResource"]]}
RESULT: undefined
COMMAND: POST /session/e85e052fb48b678918c44a977a8ff9db/element - {"using":"xpath","value":"//button[@data-kt=\"addButton\"]"}
COMMAND: GET /session/e85e052fb48b678918c44a977a8ff9db/screenshot - {}
RESULT: {"using":"xpath","value":"//button[@data-kt=\"addButton\"]"}
COMMAND: POST /session/e85e052fb48b678918c44a977a8ff9db/elements - {"using":"xpath","value":"//button[@data-kt=\"addButton\"]"}
RESULT: {}
RESULT: {"using":"xpath","value":"//button[@data-kt=\"addButton\"]"}
COMMAND: POST /session/e85e052fb48b678918c44a977a8ff9db/elements - {"using":"xpath","value":"//button[@data-kt=\"addButton\"]"}
RESULT: {"using":"xpath","value":"//button[@data-kt=\"addButton\"]"}
COMMAND: POST /session/e85e052fb48b678918c44a977a8ff9db/elements - {"using":"xpath","value":"//button[@data-kt=\"addButton\"]"}
RESULT: {"using":"xpath","value":"//button[@data-kt=\"addButton\"]"}
COMMAND: POST /session/e85e052fb48b678918c44a977a8ff9db/elements - {"using":"xpath","value":"//button[@data-kt=\"addButton\"]"}
RESULT: {"using":"xpath","value":"//button[@data-kt=\"addButton\"]"}
COMMAND: POST /session/e85e052fb48b678918c44a977a8ff9db/elements - {"using":"xpath","value":"//button[@data-kt=\"addButton\"]"}
RESULT: {"using":"xpath","value":"//button[@data-kt=\"addButton\"]"}
COMMAND: POST /session/e85e052fb48b678918c44a977a8ff9db/elements - {"using":"xpath","value":"//button[@data-kt=\"addButton\"]"}
RESULT: {"using":"xpath","value":"//button[@data-kt=\"addButton\"]"}
COMMAND: POST /session/e85e052fb48b678918c44a977a8ff9db/elements - {"using":"xpath","value":"//button[@data-kt=\"addButton\"]"}
RESULT: {"using":"xpath","value":"//button[@data-kt=\"addButton\"]"}
COMMAND: POST /session/e85e052fb48b678918c44a977a8ff9db/elements - {"using":"xpath","value":"//button[@data-kt=\"addButton\"]"}
RESULT: {"using":"xpath","value":"//button[@data-kt=\"addButton\"]"}
COMMAND: POST /session/e85e052fb48b678918c44a977a8ff9db/elements - {"using":"xpath","value":"//button[@data-kt=\"addButton\"]"}
RESULT: {"using":"xpath","value":"//button[@data-kt=\"addButton\"]"}
COMMAND: POST /session/e85e052fb48b678918c44a977a8ff9db/elements - {"using":"xpath","value":"//button[@data-kt=\"addButton\"]"}
RESULT: {"using":"xpath","value":"//button[@data-kt=\"addButton\"]"}
COMMAND: POST /session/e85e052fb48b678918c44a977a8ff9db/elements - {"using":"xpath","value":"//button[@data-kt=\"addButton\"]"}
RESULT: {"using":"xpath","value":"//button[@data-kt=\"addButton\"]"}
COMMAND: POST /session/e85e052fb48b678918c44a977a8ff9db/elements - {"using":"xpath","value":"//button[@data-kt=\"addButton\"]"}
RESULT: {"using":"xpath","value":"//button[@data-kt=\"addButton\"]"}
COMMAND: POST /session/e85e052fb48b678918c44a977a8ff9db/elements - {"using":"xpath","value":"//button[@data-kt=\"addButton\"]"}
RESULT: {"using":"xpath","value":"//button[@data-kt=\"addButton\"]"}
COMMAND: POST /session/e85e052fb48b678918c44a977a8ff9db/elements - {"using":"xpath","value":"//button[@data-kt=\"addButton\"]"}
RESULT: {"using":"xpath","value":"//button[@data-kt=\"addButton\"]"}
COMMAND: POST /session/e85e052fb48b678918c44a977a8ff9db/elements - {"using":"xpath","value":"//button[@data-kt=\"addButton\"]"}
RESULT: {"using":"xpath","value":"//button[@data-kt=\"addButton\"]"}
COMMAND: POST /session/e85e052fb48b678918c44a977a8ff9db/elements - {"using":"xpath","value":"//button[@data-kt=\"addButton\"]"}
RESULT: {"using":"xpath","value":"//button[@data-kt=\"addButton\"]"}
COMMAND: POST /session/e85e052fb48b678918c44a977a8ff9db/elements - {"using":"xpath","value":"//button[@data-kt=\"addButton\"]"}
RESULT: {"using":"xpath","value":"//button[@data-kt=\"addButton\"]"}
COMMAND: POST /session/e85e052fb48b678918c44a977a8ff9db/elements - {"using":"xpath","value":"//button[@data-kt=\"addButton\"]"}
RESULT: {"using":"xpath","value":"//button[@data-kt=\"addButton\"]"}
COMMAND: POST /session/e85e052fb48b678918c44a977a8ff9db/elements - {"using":"xpath","value":"//button[@data-kt=\"addButton\"]"}
RESULT: {"using":"xpath","value":"//button[@data-kt=\"addButton\"]"}
COMMAND: POST /session/e85e052fb48b678918c44a977a8ff9db/elements - {"using":"xpath","value":"//button[@data-kt=\"addButton\"]"}
RESULT: {"using":"xpath","value":"//button[@data-kt=\"addButton\"]"}
COMMAND: POST /session/e85e052fb48b678918c44a977a8ff9db/elements - {"using":"xpath","value":"//button[@data-kt=\"addButton\"]"}
RESULT: {"using":"xpath","value":"//button[@data-kt=\"addButton\"]"}
COMMAND: POST /session/e85e052fb48b678918c44a977a8ff9db/elements - {"using":"xpath","value":"//button[@data-kt=\"addButton\"]"}
RESULT: {"using":"xpath","value":"//button[@data-kt=\"addButton\"]"}
COMMAND: POST /session/e85e052fb48b678918c44a977a8ff9db/elements - {"using":"xpath","value":"//button[@data-kt=\"addButton\"]"}
RESULT: {"using":"xpath","value":"//button[@data-kt=\"addButton\"]"}
COMMAND: POST /session/e85e052fb48b678918c44a977a8ff9db/elements - {"using":"xpath","value":"//button[@data-kt=\"addButton\"]"}
RESULT: {"using":"xpath","value":"//button[@data-kt=\"addButton\"]"}
COMMAND: POST /session/e85e052fb48b678918c44a977a8ff9db/elements - {"using":"xpath","value":"//button[@data-kt=\"addButton\"]"}
RESULT: {"using":"xpath","value":"//button[@data-kt=\"addButton\"]"}
COMMAND: POST /session/e85e052fb48b678918c44a977a8ff9db/elements - {"using":"xpath","value":"//button[@data-kt=\"addButton\"]"}
RESULT: {"using":"xpath","value":"//button[@data-kt=\"addButton\"]"}
COMMAND: POST /session/e85e052fb48b678918c44a977a8ff9db/elements - {"using":"xpath","value":"//button[@data-kt=\"addButton\"]"}
RESULT: {"using":"xpath","value":"//button[@data-kt=\"addButton\"]"}
COMMAND: POST /session/e85e052fb48b678918c44a977a8ff9db/elements - {"using":"xpath","value":"//button[@data-kt=\"addButton\"]"}
RESULT: {"using":"xpath","value":"//button[@data-kt=\"addButton\"]"}
COMMAND: POST /session/e85e052fb48b678918c44a977a8ff9db/elements - {"using":"xpath","value":"//button[@data-kt=\"addButton\"]"}
RESULT: {"using":"xpath","value":"//button[@data-kt=\"addButton\"]"}
COMMAND: POST /session/e85e052fb48b678918c44a977a8ff9db/elements - {"using":"xpath","value":"//button[@data-kt=\"addButton\"]"}
RESULT: {"using":"xpath","value":"//button[@data-kt=\"addButton\"]"}
COMMAND: POST /session/e85e052fb48b678918c44a977a8ff9db/elements - {"using":"xpath","value":"//button[@data-kt=\"addButton\"]"}
RESULT: {"using":"xpath","value":"//button[@data-kt=\"addButton\"]"}
COMMAND: POST /session/e85e052fb48b678918c44a977a8ff9db/elements - {"using":"xpath","value":"//button[@data-kt=\"addButton\"]"}
RESULT: {"using":"xpath","value":"//button[@data-kt=\"addButton\"]"}
COMMAND: POST /session/e85e052fb48b678918c44a977a8ff9db/elements - {"using":"xpath","value":"//button[@data-kt=\"addButton\"]"}
RESULT: {"using":"xpath","value":"//button[@data-kt=\"addButton\"]"}
COMMAND: POST /session/e85e052fb48b678918c44a977a8ff9db/elements - {"using":"xpath","value":"//button[@data-kt=\"addButton\"]"}
RESULT: {"using":"xpath","value":"//button[@data-kt=\"addButton\"]"}
COMMAND: POST /session/e85e052fb48b678918c44a977a8ff9db/elements - {"using":"xpath","value":"//button[@data-kt=\"addButton\"]"}
RESULT: {"using":"xpath","value":"//button[@data-kt=\"addButton\"]"}
COMMAND: POST /session/e85e052fb48b678918c44a977a8ff9db/elements - {"using":"xpath","value":"//button[@data-kt=\"addButton\"]"}
RESULT: {"using":"xpath","value":"//button[@data-kt=\"addButton\"]"}
COMMAND: POST /session/e85e052fb48b678918c44a977a8ff9db/elements - {"using":"xpath","value":"//button[@data-kt=\"addButton\"]"}
RESULT: {"using":"xpath","value":"//button[@data-kt=\"addButton\"]"}
COMMAND: POST /session/e85e052fb48b678918c44a977a8ff9db/elements - {"using":"xpath","value":"//button[@data-kt=\"addButton\"]"}
RESULT: {"using":"xpath","value":"//button[@data-kt=\"addButton\"]"}
COMMAND: POST /session/e85e052fb48b678918c44a977a8ff9db/elements - {"using":"xpath","value":"//button[@data-kt=\"addButton\"]"}
RESULT: {"using":"xpath","value":"//button[@data-kt=\"addButton\"]"}
COMMAND: POST /session/e85e052fb48b678918c44a977a8ff9db/elements - {"using":"xpath","value":"//button[@data-kt=\"addButton\"]"}
RESULT: {"using":"xpath","value":"//button[@data-kt=\"addButton\"]"}
COMMAND: POST /session/e85e052fb48b678918c44a977a8ff9db/elements - {"using":"xpath","value":"//button[@data-kt=\"addButton\"]"}
RESULT: {"using":"xpath","value":"//button[@data-kt=\"addButton\"]"}
COMMAND: POST /session/e85e052fb48b678918c44a977a8ff9db/elements - {"using":"xpath","value":"//button[@data-kt=\"addButton\"]"}
RESULT: {"using":"xpath","value":"//button[@data-kt=\"addButton\"]"}
COMMAND: POST /session/e85e052fb48b678918c44a977a8ff9db/elements - {"using":"xpath","value":"//button[@data-kt=\"addButton\"]"}
RESULT: {"using":"xpath","value":"//button[@data-kt=\"addButton\"]"}
COMMAND: POST /session/e85e052fb48b678918c44a977a8ff9db/elements - {"using":"xpath","value":"//button[@data-kt=\"addButton\"]"}
RESULT: {"using":"xpath","value":"//button[@data-kt=\"addButton\"]"}
COMMAND: POST /session/e85e052fb48b678918c44a977a8ff9db/elements - {"using":"xpath","value":"//button[@data-kt=\"addButton\"]"}
RESULT: {"using":"xpath","value":"//button[@data-kt=\"addButton\"]"}
COMMAND: POST /session/e85e052fb48b678918c44a977a8ff9db/elements - {"using":"xpath","value":"//button[@data-kt=\"addButton\"]"}
RESULT: {"using":"xpath","value":"//button[@data-kt=\"addButton\"]"}
COMMAND: POST /session/e85e052fb48b678918c44a977a8ff9db/elements - {"using":"xpath","value":"//button[@data-kt=\"addButton\"]"}
RESULT: {"using":"xpath","value":"//button[@data-kt=\"addButton\"]"}
COMMAND: POST /session/e85e052fb48b678918c44a977a8ff9db/elements - {"using":"xpath","value":"//button[@data-kt=\"addButton\"]"}
RESULT: {"using":"xpath","value":"//button[@data-kt=\"addButton\"]"}
COMMAND: POST /session/e85e052fb48b678918c44a977a8ff9db/elements - {"using":"xpath","value":"//button[@data-kt=\"addButton\"]"}
RESULT: {"using":"xpath","value":"//button[@data-kt=\"addButton\"]"}
COMMAND: POST /session/e85e052fb48b678918c44a977a8ff9db/elements - {"using":"xpath","value":"//button[@data-kt=\"addButton\"]"}
RESULT: {"using":"xpath","value":"//button[@data-kt=\"addButton\"]"}
COMMAND: POST /session/e85e052fb48b678918c44a977a8ff9db/elements - {"using":"xpath","value":"//button[@data-kt=\"addButton\"]"}
RESULT: {"using":"xpath","value":"//button[@data-kt=\"addButton\"]"}
COMMAND: POST /session/e85e052fb48b678918c44a977a8ff9db/elements - {"using":"xpath","value":"//button[@data-kt=\"addButton\"]"}
RESULT: {"using":"xpath","value":"//button[@data-kt=\"addButton\"]"}
COMMAND: POST /session/e85e052fb48b678918c44a977a8ff9db/elements - {"using":"xpath","value":"//button[@data-kt=\"addButton\"]"}
RESULT: {"using":"xpath","value":"//button[@data-kt=\"addButton\"]"}
COMMAND: POST /session/e85e052fb48b678918c44a977a8ff9db/elements - {"using":"xpath","value":"//button[@data-kt=\"addButton\"]"}
RESULT: {"using":"xpath","value":"//button[@data-kt=\"addButton\"]"}
COMMAND: POST /session/e85e052fb48b678918c44a977a8ff9db/elements - {"using":"xpath","value":"//button[@data-kt=\"addButton\"]"}
RESULT: {"using":"xpath","value":"//button[@data-kt=\"addButton\"]"}
COMMAND: POST /session/e85e052fb48b678918c44a977a8ff9db/elements - {"using":"xpath","value":"//button[@data-kt=\"addButton\"]"}
RESULT: {"using":"xpath","value":"//button[@data-kt=\"addButton\"]"}
COMMAND: POST /session/e85e052fb48b678918c44a977a8ff9db/elements - {"using":"xpath","value":"//button[@data-kt=\"addButton\"]"}
RESULT: {"using":"xpath","value":"//button[@data-kt=\"addButton\"]"}
COMMAND: POST /session/e85e052fb48b678918c44a977a8ff9db/elements - {"using":"xpath","value":"//button[@data-kt=\"addButton\"]"}
RESULT: {"using":"xpath","value":"//button[@data-kt=\"addButton\"]"}
COMMAND: POST /session/e85e052fb48b678918c44a977a8ff9db/elements - {"using":"xpath","value":"//button[@data-kt=\"addButton\"]"}
RESULT: {"using":"xpath","value":"//button[@data-kt=\"addButton\"]"}
COMMAND: POST /session/e85e052fb48b678918c44a977a8ff9db/elements - {"using":"xpath","value":"//button[@data-kt=\"addButton\"]"}
RESULT: {"using":"xpath","value":"//button[@data-kt=\"addButton\"]"}
COMMAND: POST /session/e85e052fb48b678918c44a977a8ff9db/elements - {"using":"xpath","value":"//button[@data-kt=\"addButton\"]"}
RESULT: {"using":"xpath","value":"//button[@data-kt=\"addButton\"]"}
COMMAND: POST /session/e85e052fb48b678918c44a977a8ff9db/elements - {"using":"xpath","value":"//button[@data-kt=\"addButton\"]"}
RESULT: {"using":"xpath","value":"//button[@data-kt=\"addButton\"]"}
COMMAND: POST /session/e85e052fb48b678918c44a977a8ff9db/elements - {"using":"xpath","value":"//button[@data-kt=\"addButton\"]"}
RESULT: {"using":"xpath","value":"//button[@data-kt=\"addButton\"]"}
COMMAND: POST /session/e85e052fb48b678918c44a977a8ff9db/elements - {"using":"xpath","value":"//button[@data-kt=\"addButton\"]"}
RESULT: {"using":"xpath","value":"//button[@data-kt=\"addButton\"]"}
COMMAND: POST /session/e85e052fb48b678918c44a977a8ff9db/elements - {"using":"xpath","value":"//button[@data-kt=\"addButton\"]"}
RESULT: {"using":"xpath","value":"//button[@data-kt=\"addButton\"]"}
COMMAND: POST /session/e85e052fb48b678918c44a977a8ff9db/elements - {"using":"xpath","value":"//button[@data-kt=\"addButton\"]"}
RESULT: {"using":"xpath","value":"//button[@data-kt=\"addButton\"]"}
COMMAND: POST /session/e85e052fb48b678918c44a977a8ff9db/elements - {"using":"xpath","value":"//button[@data-kt=\"addButton\"]"}
RESULT: {"using":"xpath","value":"//button[@data-kt=\"addButton\"]"}
COMMAND: POST /session/e85e052fb48b678918c44a977a8ff9db/elements - {"using":"xpath","value":"//button[@data-kt=\"addButton\"]"}
RESULT: {"using":"xpath","value":"//button[@data-kt=\"addButton\"]"}
COMMAND: POST /session/e85e052fb48b678918c44a977a8ff9db/elements - {"using":"xpath","value":"//button[@data-kt=\"addButton\"]"}
RESULT: {"using":"xpath","value":"//button[@data-kt=\"addButton\"]"}
COMMAND: POST /session/e85e052fb48b678918c44a977a8ff9db/elements - {"using":"xpath","value":"//button[@data-kt=\"addButton\"]"}
RESULT: {"using":"xpath","value":"//button[@data-kt=\"addButton\"]"}
COMMAND: POST /session/e85e052fb48b678918c44a977a8ff9db/elements - {"using":"xpath","value":"//button[@data-kt=\"addButton\"]"}
RESULT: {"using":"xpath","value":"//button[@data-kt=\"addButton\"]"}
COMMAND: POST /session/e85e052fb48b678918c44a977a8ff9db/elements - {"using":"xpath","value":"//button[@data-kt=\"addButton\"]"}
RESULT: {"using":"xpath","value":"//button[@data-kt=\"addButton\"]"}
COMMAND: POST /session/e85e052fb48b678918c44a977a8ff9db/elements - {"using":"xpath","value":"//button[@data-kt=\"addButton\"]"}
RESULT: {"using":"xpath","value":"//button[@data-kt=\"addButton\"]"}
COMMAND: POST /session/e85e052fb48b678918c44a977a8ff9db/elements - {"using":"xpath","value":"//button[@data-kt=\"addButton\"]"}
RESULT: {"using":"xpath","value":"//button[@data-kt=\"addButton\"]"}
COMMAND: POST /session/e85e052fb48b678918c44a977a8ff9db/elements - {"using":"xpath","value":"//button[@data-kt=\"addButton\"]"}
RESULT: {"using":"xpath","value":"//button[@data-kt=\"addButton\"]"}
COMMAND: POST /session/e85e052fb48b678918c44a977a8ff9db/elements - {"using":"xpath","value":"//button[@data-kt=\"addButton\"]"}
RESULT: {"using":"xpath","value":"//button[@data-kt=\"addButton\"]"}
COMMAND: POST /session/e85e052fb48b678918c44a977a8ff9db/elements - {"using":"xpath","value":"//button[@data-kt=\"addButton\"]"}
RESULT: {"using":"xpath","value":"//button[@data-kt=\"addButton\"]"}
COMMAND: POST /session/e85e052fb48b678918c44a977a8ff9db/elements - {"using":"xpath","value":"//button[@data-kt=\"addButton\"]"}
RESULT: {"using":"xpath","value":"//button[@data-kt=\"addButton\"]"}
COMMAND: POST /session/e85e052fb48b678918c44a977a8ff9db/elements - {"using":"xpath","value":"//button[@data-kt=\"addButton\"]"}
RESULT: {"using":"xpath","value":"//button[@data-kt=\"addButton\"]"}
COMMAND: POST /session/e85e052fb48b678918c44a977a8ff9db/elements - {"using":"xpath","value":"//button[@data-kt=\"addButton\"]"}
RESULT: {"using":"xpath","value":"//button[@data-kt=\"addButton\"]"}
COMMAND: POST /session/e85e052fb48b678918c44a977a8ff9db/elements - {"using":"xpath","value":"//button[@data-kt=\"addButton\"]"}
RESULT: {"using":"xpath","value":"//button[@data-kt=\"addButton\"]"}
COMMAND: POST /session/e85e052fb48b678918c44a977a8ff9db/elements - {"using":"xpath","value":"//button[@data-kt=\"addButton\"]"}
RESULT: {"using":"xpath","value":"//button[@data-kt=\"addButton\"]"}
COMMAND: POST /session/e85e052fb48b678918c44a977a8ff9db/elements - {"using":"xpath","value":"//button[@data-kt=\"addButton\"]"}
RESULT: {"using":"xpath","value":"//button[@data-kt=\"addButton\"]"}
COMMAND: POST /session/e85e052fb48b678918c44a977a8ff9db/elements - {"using":"xpath","value":"//button[@data-kt=\"addButton\"]"}
RESULT: {"using":"xpath","value":"//button[@data-kt=\"addButton\"]"}
COMMAND: POST /session/e85e052fb48b678918c44a977a8ff9db/elements - {"using":"xpath","value":"//button[@data-kt=\"addButton\"]"}
RESULT: {"using":"xpath","value":"//button[@data-kt=\"addButton\"]"}
COMMAND: POST /session/e85e052fb48b678918c44a977a8ff9db/elements - {"using":"xpath","value":"//button[@data-kt=\"addButton\"]"}
RESULT: {"using":"xpath","value":"//button[@data-kt=\"addButton\"]"}
COMMAND: POST /session/e85e052fb48b678918c44a977a8ff9db/elements - {"using":"xpath","value":"//button[@data-kt=\"addButton\"]"}
RESULT: {"using":"xpath","value":"//button[@data-kt=\"addButton\"]"}
COMMAND: POST /session/e85e052fb48b678918c44a977a8ff9db/elements - {"using":"xpath","value":"//button[@data-kt=\"addButton\"]"}
RESULT: {"using":"xpath","value":"//button[@data-kt=\"addButton\"]"}
COMMAND: POST /session/e85e052fb48b678918c44a977a8ff9db/elements - {"using":"xpath","value":"//button[@data-kt=\"addButton\"]"}
RESULT: {"using":"xpath","value":"//button[@data-kt=\"addButton\"]"}
COMMAND: POST /session/e85e052fb48b678918c44a977a8ff9db/elements - {"using":"xpath","value":"//button[@data-kt=\"addButton\"]"}
RESULT: {"using":"xpath","value":"//button[@data-kt=\"addButton\"]"}
COMMAND: POST /session/e85e052fb48b678918c44a977a8ff9db/elements - {"using":"xpath","value":"//button[@data-kt=\"addButton\"]"}
COMMAND: GET /session/e85e052fb48b678918c44a977a8ff9db/screenshot - {}
RESULT: {"using":"xpath","value":"//button[@data-kt=\"addButton\"]"}
RESULT: {}
]]></system-out>
      <system-err><![CDATA[
Error: element ("//button[@data-kt="addButton"]") still not existing after 45000ms
    at async UtilsPrerequisites.partnerEdit (D:\a\1\s\test\specs\BTS\prerequisites-and-utils-functions.js:2938:9)
    at async Context.<anonymous> (D:\a\1\s\test\specs\BTS\manage-partners.spec.js:364:9)
]]></system-err>
    </testcase>
    <testcase classname="chrome.135_0_7049_96.windows.Partner_specific_tests_US150819_US151080_US151654_US151176_US103444_US151078_US151079_US151109_US151174_US151175_US151189" name="Should create a new intracompany partner edit some of its fields US151079" time="241.468">
      <system-out><![CDATA[
COMMAND: POST /session/e85e052fb48b678918c44a977a8ff9db/element - {"using":"xpath","value":"//li[.//span[text()=\"Manage Partners\"]]"}
RESULT: {"using":"xpath","value":"//li[.//span[text()=\"Manage Partners\"]]"}
COMMAND: POST /session/e85e052fb48b678918c44a977a8ff9db/element - {"using":"xpath","value":"//li[.//span[text()=\"Manage Partners\"]]"}
RESULT: {"using":"xpath","value":"//li[.//span[text()=\"Manage Partners\"]]"}
COMMAND: POST /session/e85e052fb48b678918c44a977a8ff9db/element - {"using":"css selector","value":"#shell-header-logo"}
RESULT: {"using":"css selector","value":"#shell-header-logo"}
COMMAND: POST /session/e85e052fb48b678918c44a977a8ff9db/element/f.0E2ED5F52CB306CEAC7E3CCDFCB92CD0.d.18FEE540AB04A2E194EB404490FFB83C.e.5300/click - {}
COMMAND: POST /session/e85e052fb48b678918c44a977a8ff9db/execute/sync - {"script":"<script> [8489 bytes]","args":[{"element-6066-11e4-a52e-4f735466cecf":"f.0E2ED5F52CB306CEAC7E3CCDFCB92CD0.d.18FEE540AB04A2E194EB404490FFB83C.e.5300","ELEMENT":"f.0E2ED5F52CB306CEAC7E3CCDFCB92CD0.d.18FEE540AB04A2E194EB404490FFB83C.e.5300"}]}
RESULT: {}
COMMAND: GET /session/e85e052fb48b678918c44a977a8ff9db/screenshot - {}
RESULT: {"script":"<script> [8489 bytes]","args":[{"element-6066-11e4-a52e-4f735466cecf":"f.0E2ED5F52CB306CEAC7E3CCDFCB92CD0.d.18FEE540AB04A2E194EB404490FFB83C.e.5300","ELEMENT":"f.0E2ED5F52CB306CEAC7E3CCDFCB92CD0.d.18FEE540AB04A2E194EB404490FFB83C.e.5300"}]}
COMMAND: POST /session/e85e052fb48b678918c44a977a8ff9db/execute/sync - {"script":"<script> [5351 bytes]","args":[{"element-6066-11e4-a52e-4f735466cecf":"f.0E2ED5F52CB306CEAC7E3CCDFCB92CD0.d.18FEE540AB04A2E194EB404490FFB83C.e.5300","ELEMENT":"f.0E2ED5F52CB306CEAC7E3CCDFCB92CD0.d.18FEE540AB04A2E194EB404490FFB83C.e.5300"}]}
COMMAND: GET /session/e85e052fb48b678918c44a977a8ff9db/screenshot - {}
RESULT: {}
RESULT: {"script":"<script> [5351 bytes]","args":[{"element-6066-11e4-a52e-4f735466cecf":"f.0E2ED5F52CB306CEAC7E3CCDFCB92CD0.d.18FEE540AB04A2E194EB404490FFB83C.e.5300","ELEMENT":"f.0E2ED5F52CB306CEAC7E3CCDFCB92CD0.d.18FEE540AB04A2E194EB404490FFB83C.e.5300"}]}
COMMAND: GET /session/e85e052fb48b678918c44a977a8ff9db/screenshot - {}
RESULT: {}
RESULT: {}
COMMAND: POST /session/e85e052fb48b678918c44a977a8ff9db/refresh - {}
RESULT: {}
COMMAND: GET /session/e85e052fb48b678918c44a977a8ff9db/screenshot - {}
RESULT: {}
COMMAND: POST /session/e85e052fb48b678918c44a977a8ff9db/refresh - {}
RESULT: {}
COMMAND: GET /session/e85e052fb48b678918c44a977a8ff9db/screenshot - {}
RESULT: {}
COMMAND: POST /session/e85e052fb48b678918c44a977a8ff9db/window/fullscreen - {}
RESULT: {}
COMMAND: POST /session/e85e052fb48b678918c44a977a8ff9db/execute/async - {"script":"<script> [189 bytes]","args":[]}
RESULT: {"script":"<script> [189 bytes]","args":[]}
COMMAND: POST /session/e85e052fb48b678918c44a977a8ff9db/execute/async - {"script":"<script> [123 bytes]","args":[]}
RESULT: {"script":"<script> [123 bytes]","args":[]}
COMMAND: POST /session/e85e052fb48b678918c44a977a8ff9db/timeouts - {"script":"<number>"}
RESULT: {"script":"<number>"}
COMMAND: GET /session/e85e052fb48b678918c44a977a8ff9db/timeouts - {}
RESULT: {}
RESULT: undefined
COMMAND: POST /session/e85e052fb48b678918c44a977a8ff9db/execute/async - {"script":"<script> [2676 bytes]","args":[]}
RESULT: {"script":"<script> [2676 bytes]","args":[]}
COMMAND: POST /session/e85e052fb48b678918c44a977a8ff9db/execute/async - {"script":"<script> [2342 bytes]","args":[{"protocol":"http","hostname":"0.0.0.0","path":"/","capabilities":{"browserName":"chrome","goog:chromeOptions":{"binary":"C:\\Program Files\\Google\\Chrome\\Application\\chrome.exe","args":["--start-maximized"]}},"logLevel":"warn","connectionRetryTimeout":120000,"connectionRetryCount":3,"logLevels":{},"enableDirectConnect":true,"strictSSL":true,"_":"65 more keys: [\"cacheDir\",\"port\",\"requestedCapabilities\",\"automationProtocol\",\"baseUrl\",\"waitforInterval\",\"waitforTimeout\",\"onReload\",\"beforeCommand\",\"afterCommand\",\"rootDir\",\"specs\",\"suites\",\"exclude\",\"groupLogsByTestSpec\",\"excludeDriverLogs\",\"bail\",\"framework\",\"reporters\",\"services\",\"maxInstances\",\"maxInstancesPerCapability\",\"injectGlobals\",\"filesToWatch\",\"execArgv\",\"runnerEnv\",\"runner\",\"shard\",\"specFileRetries\",\"specFileRetriesDelay\",\"specFileRetriesDeferred\",\"reporterSyncInterval\",\"reporterSyncTimeout\",\"cucumberFeaturesWithLineNumbers\",\"autoCompileOpts\",\"mochaOpts\",\"jasmineOpts\",\"cucumberOpts\",\"onPrepare\",\"onWorkerStart\",\"onWorkerEnd\",\"before\",\"beforeSession\",\"beforeSuite\",\"beforeHook\",\"beforeTest\",\"afterTest\",\"afterHook\",\"afterSuite\",\"afterSession\",\"after\",\"onComplete\",\"beforeAssertion\",\"afterAssertion\",\"beforeFeature\",\"beforeScenario\",\"beforeStep\",\"afterStep\",\"afterScenario\",\"afterFeature\",\"_\",\"suite\",\"$0\",\"ignoredWorkerServices\",\"wdi5\"]"}]}
RESULT: {"script":"<script> [2342 bytes]","args":[{"protocol":"http","hostname":"0.0.0.0","path":"/","capabilities":{"browserName":"chrome","goog:chromeOptions":{"binary":"C:\\Program Files\\Google\\Chrome\\Application\\chrome.exe","args":["--start-maximized"]}},"logLevel":"warn","connectionRetryTimeout":120000,"connectionRetryCount":3,"logLevels":{},"enableDirectConnect":true,"strictSSL":true,"_":"65 more keys: [\"cacheDir\",\"port\",\"requestedCapabilities\",\"automationProtocol\",\"baseUrl\",\"waitforInterval\",\"waitforTimeout\",\"onReload\",\"beforeCommand\",\"afterCommand\",\"rootDir\",\"specs\",\"suites\",\"exclude\",\"groupLogsByTestSpec\",\"excludeDriverLogs\",\"bail\",\"framework\",\"reporters\",\"services\",\"maxInstances\",\"maxInstancesPerCapability\",\"injectGlobals\",\"filesToWatch\",\"execArgv\",\"runnerEnv\",\"runner\",\"shard\",\"specFileRetries\",\"specFileRetriesDelay\",\"specFileRetriesDeferred\",\"reporterSyncInterval\",\"reporterSyncTimeout\",\"cucumberFeaturesWithLineNumbers\",\"autoCompileOpts\",\"mochaOpts\",\"jasmineOpts\",\"cucumberOpts\",\"onPrepare\",\"onWorkerStart\",\"onWorkerEnd\",\"before\",\"beforeSession\",\"beforeSuite\",\"beforeHook\",\"beforeTest\",\"afterTest\",\"afterHook\",\"afterSuite\",\"afterSession\",\"after\",\"onComplete\",\"beforeAssertion\",\"afterAssertion\",\"beforeFeature\",\"beforeScenario\",\"beforeStep\",\"afterStep\",\"afterScenario\",\"afterFeature\",\"_\",\"suite\",\"$0\",\"ignoredWorkerServices\",\"wdi5\"]"}]}
COMMAND: POST /session/e85e052fb48b678918c44a977a8ff9db/execute/async - {"script":"<script> [21126 bytes]","args":[35000]}
RESULT: {"script":"<script> [21126 bytes]","args":[35000]}
COMMAND: POST /session/e85e052fb48b678918c44a977a8ff9db/window/fullscreen - {}
RESULT: {}
COMMAND: POST /session/e85e052fb48b678918c44a977a8ff9db/window/fullscreen - {}
RESULT: {}
COMMAND: POST /session/e85e052fb48b678918c44a977a8ff9db/execute/async - {"script":"<script> [1562 bytes]","args":[{"selector":{"controlType":"sap.m.GenericTile","properties":{"header":"Manage Partners"}},"wdio_ui5_key":"sapm.GenericTile{\"header\":\"Manage Partners\"}"}]}
RESULT: {"script":"<script> [1562 bytes]","args":[{"selector":{"controlType":"sap.m.GenericTile","properties":{"header":"Manage Partners"}},"wdio_ui5_key":"sapm.GenericTile{\"header\":\"Manage Partners\"}"}]}
RESULT: undefined
COMMAND: POST /session/e85e052fb48b678918c44a977a8ff9db/element - {"using":"xpath","value":"//*[@id=\"__tile30\"]"}
RESULT: {"using":"xpath","value":"//*[@id=\"__tile30\"]"}
COMMAND: POST /session/e85e052fb48b678918c44a977a8ff9db/element/f.0E2ED5F52CB306CEAC7E3CCDFCB92CD0.d.5DF7E5C7EB9554656C019631EF985FE9.e.5365/click - {}
RESULT: {}
COMMAND: POST /session/e85e052fb48b678918c44a977a8ff9db/element - {"using":"xpath","value":"//button[@data-kt=\"addButton\"]"}
COMMAND: GET /session/e85e052fb48b678918c44a977a8ff9db/screenshot - {}
RESULT: {"using":"xpath","value":"//button[@data-kt=\"addButton\"]"}
COMMAND: POST /session/e85e052fb48b678918c44a977a8ff9db/elements - {"using":"xpath","value":"//button[@data-kt=\"addButton\"]"}
RESULT: {}
RESULT: {"using":"xpath","value":"//button[@data-kt=\"addButton\"]"}
COMMAND: POST /session/e85e052fb48b678918c44a977a8ff9db/elements - {"using":"xpath","value":"//button[@data-kt=\"addButton\"]"}
RESULT: {"using":"xpath","value":"//button[@data-kt=\"addButton\"]"}
COMMAND: POST /session/e85e052fb48b678918c44a977a8ff9db/elements - {"using":"xpath","value":"//button[@data-kt=\"addButton\"]"}
RESULT: {"using":"xpath","value":"//button[@data-kt=\"addButton\"]"}
COMMAND: POST /session/e85e052fb48b678918c44a977a8ff9db/elements - {"using":"xpath","value":"//button[@data-kt=\"addButton\"]"}
RESULT: {"using":"xpath","value":"//button[@data-kt=\"addButton\"]"}
COMMAND: POST /session/e85e052fb48b678918c44a977a8ff9db/elements - {"using":"xpath","value":"//button[@data-kt=\"addButton\"]"}
RESULT: {"using":"xpath","value":"//button[@data-kt=\"addButton\"]"}
COMMAND: POST /session/e85e052fb48b678918c44a977a8ff9db/elements - {"using":"xpath","value":"//button[@data-kt=\"addButton\"]"}
RESULT: {"using":"xpath","value":"//button[@data-kt=\"addButton\"]"}
COMMAND: POST /session/e85e052fb48b678918c44a977a8ff9db/elements - {"using":"xpath","value":"//button[@data-kt=\"addButton\"]"}
RESULT: {"using":"xpath","value":"//button[@data-kt=\"addButton\"]"}
COMMAND: POST /session/e85e052fb48b678918c44a977a8ff9db/elements - {"using":"xpath","value":"//button[@data-kt=\"addButton\"]"}
RESULT: {"using":"xpath","value":"//button[@data-kt=\"addButton\"]"}
COMMAND: POST /session/e85e052fb48b678918c44a977a8ff9db/elements - {"using":"xpath","value":"//button[@data-kt=\"addButton\"]"}
RESULT: {"using":"xpath","value":"//button[@data-kt=\"addButton\"]"}
COMMAND: POST /session/e85e052fb48b678918c44a977a8ff9db/elements - {"using":"xpath","value":"//button[@data-kt=\"addButton\"]"}
RESULT: {"using":"xpath","value":"//button[@data-kt=\"addButton\"]"}
COMMAND: POST /session/e85e052fb48b678918c44a977a8ff9db/elements - {"using":"xpath","value":"//button[@data-kt=\"addButton\"]"}
RESULT: {"using":"xpath","value":"//button[@data-kt=\"addButton\"]"}
COMMAND: POST /session/e85e052fb48b678918c44a977a8ff9db/elements - {"using":"xpath","value":"//button[@data-kt=\"addButton\"]"}
RESULT: {"using":"xpath","value":"//button[@data-kt=\"addButton\"]"}
COMMAND: POST /session/e85e052fb48b678918c44a977a8ff9db/elements - {"using":"xpath","value":"//button[@data-kt=\"addButton\"]"}
RESULT: {"using":"xpath","value":"//button[@data-kt=\"addButton\"]"}
COMMAND: POST /session/e85e052fb48b678918c44a977a8ff9db/elements - {"using":"xpath","value":"//button[@data-kt=\"addButton\"]"}
RESULT: {"using":"xpath","value":"//button[@data-kt=\"addButton\"]"}
COMMAND: POST /session/e85e052fb48b678918c44a977a8ff9db/elements - {"using":"xpath","value":"//button[@data-kt=\"addButton\"]"}
RESULT: {"using":"xpath","value":"//button[@data-kt=\"addButton\"]"}
COMMAND: POST /session/e85e052fb48b678918c44a977a8ff9db/elements - {"using":"xpath","value":"//button[@data-kt=\"addButton\"]"}
RESULT: {"using":"xpath","value":"//button[@data-kt=\"addButton\"]"}
COMMAND: POST /session/e85e052fb48b678918c44a977a8ff9db/elements - {"using":"xpath","value":"//button[@data-kt=\"addButton\"]"}
RESULT: {"using":"xpath","value":"//button[@data-kt=\"addButton\"]"}
COMMAND: POST /session/e85e052fb48b678918c44a977a8ff9db/elements - {"using":"xpath","value":"//button[@data-kt=\"addButton\"]"}
RESULT: {"using":"xpath","value":"//button[@data-kt=\"addButton\"]"}
COMMAND: POST /session/e85e052fb48b678918c44a977a8ff9db/elements - {"using":"xpath","value":"//button[@data-kt=\"addButton\"]"}
RESULT: {"using":"xpath","value":"//button[@data-kt=\"addButton\"]"}
COMMAND: POST /session/e85e052fb48b678918c44a977a8ff9db/elements - {"using":"xpath","value":"//button[@data-kt=\"addButton\"]"}
RESULT: {"using":"xpath","value":"//button[@data-kt=\"addButton\"]"}
COMMAND: POST /session/e85e052fb48b678918c44a977a8ff9db/elements - {"using":"xpath","value":"//button[@data-kt=\"addButton\"]"}
RESULT: {"using":"xpath","value":"//button[@data-kt=\"addButton\"]"}
COMMAND: POST /session/e85e052fb48b678918c44a977a8ff9db/elements - {"using":"xpath","value":"//button[@data-kt=\"addButton\"]"}
RESULT: {"using":"xpath","value":"//button[@data-kt=\"addButton\"]"}
COMMAND: POST /session/e85e052fb48b678918c44a977a8ff9db/elements - {"using":"xpath","value":"//button[@data-kt=\"addButton\"]"}
RESULT: {"using":"xpath","value":"//button[@data-kt=\"addButton\"]"}
COMMAND: POST /session/e85e052fb48b678918c44a977a8ff9db/elements - {"using":"xpath","value":"//button[@data-kt=\"addButton\"]"}
RESULT: {"using":"xpath","value":"//button[@data-kt=\"addButton\"]"}
COMMAND: POST /session/e85e052fb48b678918c44a977a8ff9db/elements - {"using":"xpath","value":"//button[@data-kt=\"addButton\"]"}
RESULT: {"using":"xpath","value":"//button[@data-kt=\"addButton\"]"}
COMMAND: POST /session/e85e052fb48b678918c44a977a8ff9db/elements - {"using":"xpath","value":"//button[@data-kt=\"addButton\"]"}
RESULT: {"using":"xpath","value":"//button[@data-kt=\"addButton\"]"}
COMMAND: POST /session/e85e052fb48b678918c44a977a8ff9db/elements - {"using":"xpath","value":"//button[@data-kt=\"addButton\"]"}
RESULT: {"using":"xpath","value":"//button[@data-kt=\"addButton\"]"}
COMMAND: POST /session/e85e052fb48b678918c44a977a8ff9db/elements - {"using":"xpath","value":"//button[@data-kt=\"addButton\"]"}
RESULT: {"using":"xpath","value":"//button[@data-kt=\"addButton\"]"}
COMMAND: POST /session/e85e052fb48b678918c44a977a8ff9db/elements - {"using":"xpath","value":"//button[@data-kt=\"addButton\"]"}
RESULT: {"using":"xpath","value":"//button[@data-kt=\"addButton\"]"}
COMMAND: POST /session/e85e052fb48b678918c44a977a8ff9db/elements - {"using":"xpath","value":"//button[@data-kt=\"addButton\"]"}
RESULT: {"using":"xpath","value":"//button[@data-kt=\"addButton\"]"}
COMMAND: POST /session/e85e052fb48b678918c44a977a8ff9db/elements - {"using":"xpath","value":"//button[@data-kt=\"addButton\"]"}
RESULT: {"using":"xpath","value":"//button[@data-kt=\"addButton\"]"}
COMMAND: POST /session/e85e052fb48b678918c44a977a8ff9db/elements - {"using":"xpath","value":"//button[@data-kt=\"addButton\"]"}
RESULT: {"using":"xpath","value":"//button[@data-kt=\"addButton\"]"}
COMMAND: POST /session/e85e052fb48b678918c44a977a8ff9db/elements - {"using":"xpath","value":"//button[@data-kt=\"addButton\"]"}
RESULT: {"using":"xpath","value":"//button[@data-kt=\"addButton\"]"}
COMMAND: POST /session/e85e052fb48b678918c44a977a8ff9db/elements - {"using":"xpath","value":"//button[@data-kt=\"addButton\"]"}
RESULT: {"using":"xpath","value":"//button[@data-kt=\"addButton\"]"}
COMMAND: POST /session/e85e052fb48b678918c44a977a8ff9db/elements - {"using":"xpath","value":"//button[@data-kt=\"addButton\"]"}
RESULT: {"using":"xpath","value":"//button[@data-kt=\"addButton\"]"}
COMMAND: POST /session/e85e052fb48b678918c44a977a8ff9db/elements - {"using":"xpath","value":"//button[@data-kt=\"addButton\"]"}
RESULT: {"using":"xpath","value":"//button[@data-kt=\"addButton\"]"}
COMMAND: POST /session/e85e052fb48b678918c44a977a8ff9db/elements - {"using":"xpath","value":"//button[@data-kt=\"addButton\"]"}
RESULT: {"using":"xpath","value":"//button[@data-kt=\"addButton\"]"}
COMMAND: POST /session/e85e052fb48b678918c44a977a8ff9db/elements - {"using":"xpath","value":"//button[@data-kt=\"addButton\"]"}
RESULT: {"using":"xpath","value":"//button[@data-kt=\"addButton\"]"}
COMMAND: POST /session/e85e052fb48b678918c44a977a8ff9db/element - {"using":"xpath","value":"//button[@data-kt=\"addButton\"]"}
RESULT: {"using":"xpath","value":"//button[@data-kt=\"addButton\"]"}
COMMAND: POST /session/e85e052fb48b678918c44a977a8ff9db/execute/sync - {"script":"<script> [8489 bytes]","args":[{"element-6066-11e4-a52e-4f735466cecf":"f.0E2ED5F52CB306CEAC7E3CCDFCB92CD0.d.5DF7E5C7EB9554656C019631EF985FE9.e.5480","ELEMENT":"f.0E2ED5F52CB306CEAC7E3CCDFCB92CD0.d.5DF7E5C7EB9554656C019631EF985FE9.e.5480"}]}
RESULT: {"script":"<script> [8489 bytes]","args":[{"element-6066-11e4-a52e-4f735466cecf":"f.0E2ED5F52CB306CEAC7E3CCDFCB92CD0.d.5DF7E5C7EB9554656C019631EF985FE9.e.5480","ELEMENT":"f.0E2ED5F52CB306CEAC7E3CCDFCB92CD0.d.5DF7E5C7EB9554656C019631EF985FE9.e.5480"}]}
COMMAND: GET /session/e85e052fb48b678918c44a977a8ff9db/element/f.0E2ED5F52CB306CEAC7E3CCDFCB92CD0.d.5DF7E5C7EB9554656C019631EF985FE9.e.5480/enabled - {}
COMMAND: GET /session/e85e052fb48b678918c44a977a8ff9db/screenshot - {}
RESULT: {}
COMMAND: POST /session/e85e052fb48b678918c44a977a8ff9db/execute/sync - {"script":"<script> [8489 bytes]","args":[{"element-6066-11e4-a52e-4f735466cecf":"f.0E2ED5F52CB306CEAC7E3CCDFCB92CD0.d.5DF7E5C7EB9554656C019631EF985FE9.e.5480","ELEMENT":"f.0E2ED5F52CB306CEAC7E3CCDFCB92CD0.d.5DF7E5C7EB9554656C019631EF985FE9.e.5480"}]}
COMMAND: GET /session/e85e052fb48b678918c44a977a8ff9db/screenshot - {}
RESULT: {}
RESULT: {"script":"<script> [8489 bytes]","args":[{"element-6066-11e4-a52e-4f735466cecf":"f.0E2ED5F52CB306CEAC7E3CCDFCB92CD0.d.5DF7E5C7EB9554656C019631EF985FE9.e.5480","ELEMENT":"f.0E2ED5F52CB306CEAC7E3CCDFCB92CD0.d.5DF7E5C7EB9554656C019631EF985FE9.e.5480"}]}
COMMAND: POST /session/e85e052fb48b678918c44a977a8ff9db/execute/sync - {"script":"<script> [5351 bytes]","args":[{"element-6066-11e4-a52e-4f735466cecf":"f.0E2ED5F52CB306CEAC7E3CCDFCB92CD0.d.5DF7E5C7EB9554656C019631EF985FE9.e.5480","ELEMENT":"f.0E2ED5F52CB306CEAC7E3CCDFCB92CD0.d.5DF7E5C7EB9554656C019631EF985FE9.e.5480"}]}
COMMAND: GET /session/e85e052fb48b678918c44a977a8ff9db/screenshot - {}
RESULT: {}
RESULT: {"script":"<script> [5351 bytes]","args":[{"element-6066-11e4-a52e-4f735466cecf":"f.0E2ED5F52CB306CEAC7E3CCDFCB92CD0.d.5DF7E5C7EB9554656C019631EF985FE9.e.5480","ELEMENT":"f.0E2ED5F52CB306CEAC7E3CCDFCB92CD0.d.5DF7E5C7EB9554656C019631EF985FE9.e.5480"}]}
COMMAND: POST /session/e85e052fb48b678918c44a977a8ff9db/element/f.0E2ED5F52CB306CEAC7E3CCDFCB92CD0.d.5DF7E5C7EB9554656C019631EF985FE9.e.5480/click - {}
COMMAND: GET /session/e85e052fb48b678918c44a977a8ff9db/screenshot - {}
RESULT: {}
RESULT: {}
COMMAND: GET /session/e85e052fb48b678918c44a977a8ff9db/screenshot - {}
RESULT: {}
COMMAND: POST /session/e85e052fb48b678918c44a977a8ff9db/execute/async - {"script":"<script> [1562 bytes]","args":[{"selector":{"id":"application-managepartners-display-component---NewPartner--addressDetailDetailsName1","interaction":{"idSuffix":"inner"}},"wdio_ui5_key":"applicationmanagepartners-display-component---NewPartner--addressDetailDetailsName1"}]}
RESULT: {}
RESULT: {"script":"<script> [1562 bytes]","args":[{"selector":{"id":"application-managepartners-display-component---NewPartner--addressDetailDetailsName1","interaction":{"idSuffix":"inner"}},"wdio_ui5_key":"applicationmanagepartners-display-component---NewPartner--addressDetailDetailsName1"}]}
RESULT: undefined
COMMAND: POST /session/e85e052fb48b678918c44a977a8ff9db/execute/async - {"script":"<script> [776 bytes]","args":[{"enterText":"Intracompany Partner WDIO","selector":{"id":"application-managepartners-display-component---NewPartner--addressDetailDetailsName1","interaction":{"idSuffix":"inner"}},"clearTextFirst":true,"interactionType":"ENTER_TEXT"}]}
RESULT: {"script":"<script> [776 bytes]","args":[{"enterText":"Intracompany Partner WDIO","selector":{"id":"application-managepartners-display-component---NewPartner--addressDetailDetailsName1","interaction":{"idSuffix":"inner"}},"clearTextFirst":true,"interactionType":"ENTER_TEXT"}]}
COMMAND: POST /session/e85e052fb48b678918c44a977a8ff9db/execute/async - {"script":"<script> [1562 bytes]","args":[{"selector":{"id":"application-managepartners-display-component---NewPartner--addressDetailDetailsLanguage-arrow"},"wdio_ui5_key":"applicationmanagepartners-display-component---NewPartner--addressDetailDetailsLanguage-arrow"}]}
RESULT: {"script":"<script> [1562 bytes]","args":[{"selector":{"id":"application-managepartners-display-component---NewPartner--addressDetailDetailsLanguage-arrow"},"wdio_ui5_key":"applicationmanagepartners-display-component---NewPartner--addressDetailDetailsLanguage-arrow"}]}
RESULT: undefined
COMMAND: POST /session/e85e052fb48b678918c44a977a8ff9db/element - {"using":"xpath","value":"//*[@id=\"application-managepartners-display-component---NewPartner--addressDetailDetailsLanguage-arrow\"]"}
RESULT: {"using":"xpath","value":"//*[@id=\"application-managepartners-display-component---NewPartner--addressDetailDetailsLanguage-arrow\"]"}
COMMAND: POST /session/e85e052fb48b678918c44a977a8ff9db/element/f.0E2ED5F52CB306CEAC7E3CCDFCB92CD0.d.5DF7E5C7EB9554656C019631EF985FE9.e.5712/click - {}
RESULT: {}
COMMAND: POST /session/e85e052fb48b678918c44a977a8ff9db/element - {"using":"xpath","value":"//span[contains(text(), \"English\")]"}
COMMAND: GET /session/e85e052fb48b678918c44a977a8ff9db/screenshot - {}
RESULT: {"using":"xpath","value":"//span[contains(text(), \"English\")]"}
COMMAND: POST /session/e85e052fb48b678918c44a977a8ff9db/element/f.0E2ED5F52CB306CEAC7E3CCDFCB92CD0.d.5DF7E5C7EB9554656C019631EF985FE9.e.5713/click - {}
RESULT: {}
RESULT: {}
COMMAND: GET /session/e85e052fb48b678918c44a977a8ff9db/screenshot - {}
RESULT: {}
COMMAND: POST /session/e85e052fb48b678918c44a977a8ff9db/execute/async - {"script":"<script> [1562 bytes]","args":[{"selector":{"id":"application-managepartners-display-component---NewPartner--addressDetailDetailsCity1","interaction":{"idSuffix":"inner"}},"wdio_ui5_key":"applicationmanagepartners-display-component---NewPartner--addressDetailDetailsCity1"}]}
RESULT: {"script":"<script> [1562 bytes]","args":[{"selector":{"id":"application-managepartners-display-component---NewPartner--addressDetailDetailsCity1","interaction":{"idSuffix":"inner"}},"wdio_ui5_key":"applicationmanagepartners-display-component---NewPartner--addressDetailDetailsCity1"}]}
RESULT: undefined
COMMAND: POST /session/e85e052fb48b678918c44a977a8ff9db/execute/async - {"script":"<script> [776 bytes]","args":[{"enterText":"Rosario","selector":{"id":"application-managepartners-display-component---NewPartner--addressDetailDetailsCity1","interaction":{"idSuffix":"inner"}},"clearTextFirst":true,"interactionType":"ENTER_TEXT"}]}
RESULT: {"script":"<script> [776 bytes]","args":[{"enterText":"Rosario","selector":{"id":"application-managepartners-display-component---NewPartner--addressDetailDetailsCity1","interaction":{"idSuffix":"inner"}},"clearTextFirst":true,"interactionType":"ENTER_TEXT"}]}
COMMAND: POST /session/e85e052fb48b678918c44a977a8ff9db/execute/async - {"script":"<script> [1562 bytes]","args":[{"selector":{"id":"application-managepartners-display-component---NewPartner--addressDetailDetailsCountry-arrow"},"wdio_ui5_key":"applicationmanagepartners-display-component---NewPartner--addressDetailDetailsCountry-arrow"}]}
RESULT: {"script":"<script> [1562 bytes]","args":[{"selector":{"id":"application-managepartners-display-component---NewPartner--addressDetailDetailsCountry-arrow"},"wdio_ui5_key":"applicationmanagepartners-display-component---NewPartner--addressDetailDetailsCountry-arrow"}]}
RESULT: undefined
COMMAND: POST /session/e85e052fb48b678918c44a977a8ff9db/element - {"using":"xpath","value":"//*[@id=\"application-managepartners-display-component---NewPartner--addressDetailDetailsCountry-arrow\"]"}
RESULT: {"using":"xpath","value":"//*[@id=\"application-managepartners-display-component---NewPartner--addressDetailDetailsCountry-arrow\"]"}
COMMAND: POST /session/e85e052fb48b678918c44a977a8ff9db/element/f.0E2ED5F52CB306CEAC7E3CCDFCB92CD0.d.5DF7E5C7EB9554656C019631EF985FE9.e.5599/click - {}
RESULT: {}
COMMAND: POST /session/e85e052fb48b678918c44a977a8ff9db/element - {"using":"xpath","value":"//span[contains(text(), \"Argentina\")]"}
COMMAND: GET /session/e85e052fb48b678918c44a977a8ff9db/screenshot - {}
RESULT: {"using":"xpath","value":"//span[contains(text(), \"Argentina\")]"}
COMMAND: POST /session/e85e052fb48b678918c44a977a8ff9db/element/f.0E2ED5F52CB306CEAC7E3CCDFCB92CD0.d.5DF7E5C7EB9554656C019631EF985FE9.e.5715/click - {}
RESULT: {}
RESULT: {}
COMMAND: GET /session/e85e052fb48b678918c44a977a8ff9db/screenshot - {}
RESULT: {}
COMMAND: POST /session/e85e052fb48b678918c44a977a8ff9db/element - {"using":"xpath","value":"//bdi[contains(text(), \"Commercial\")]"}
RESULT: {"using":"xpath","value":"//bdi[contains(text(), \"Commercial\")]"}
COMMAND: POST /session/e85e052fb48b678918c44a977a8ff9db/element/f.0E2ED5F52CB306CEAC7E3CCDFCB92CD0.d.5DF7E5C7EB9554656C019631EF985FE9.e.5716/click - {}
RESULT: {}
COMMAND: GET /session/e85e052fb48b678918c44a977a8ff9db/screenshot - {}
RESULT: {}
COMMAND: POST /session/e85e052fb48b678918c44a977a8ff9db/execute/async - {"script":"<script> [1562 bytes]","args":[{"selector":{"id":"application-managepartners-display-component---NewPartner--partnerDetailInternal-arrow"},"wdio_ui5_key":"applicationmanagepartners-display-component---NewPartner--partnerDetailInternal-arrow"}]}
RESULT: {"script":"<script> [1562 bytes]","args":[{"selector":{"id":"application-managepartners-display-component---NewPartner--partnerDetailInternal-arrow"},"wdio_ui5_key":"applicationmanagepartners-display-component---NewPartner--partnerDetailInternal-arrow"}]}
RESULT: undefined
COMMAND: POST /session/e85e052fb48b678918c44a977a8ff9db/element - {"using":"xpath","value":"//*[@id=\"application-managepartners-display-component---NewPartner--partnerDetailInternal-arrow\"]"}
RESULT: {"using":"xpath","value":"//*[@id=\"application-managepartners-display-component---NewPartner--partnerDetailInternal-arrow\"]"}
COMMAND: POST /session/e85e052fb48b678918c44a977a8ff9db/element/f.0E2ED5F52CB306CEAC7E3CCDFCB92CD0.d.5DF7E5C7EB9554656C019631EF985FE9.e.5722/click - {}
RESULT: {}
COMMAND: POST /session/e85e052fb48b678918c44a977a8ff9db/element - {"using":"xpath","value":"//span[contains(text(), \"Affiliated company\")]"}
COMMAND: GET /session/e85e052fb48b678918c44a977a8ff9db/screenshot - {}
RESULT: {"using":"xpath","value":"//span[contains(text(), \"Affiliated company\")]"}
COMMAND: POST /session/e85e052fb48b678918c44a977a8ff9db/element/f.0E2ED5F52CB306CEAC7E3CCDFCB92CD0.d.5DF7E5C7EB9554656C019631EF985FE9.e.5723/click - {}
RESULT: {}
RESULT: {}
COMMAND: POST /session/e85e052fb48b678918c44a977a8ff9db/execute/async - {"script":"<script> [1562 bytes]","args":[{"selector":{"id":"application-managepartners-display-component---NewPartner--partnerDetailsCurrency-arrow"},"wdio_ui5_key":"applicationmanagepartners-display-component---NewPartner--partnerDetailsCurrency-arrow"}]}
COMMAND: GET /session/e85e052fb48b678918c44a977a8ff9db/screenshot - {}
RESULT: {"script":"<script> [1562 bytes]","args":[{"selector":{"id":"application-managepartners-display-component---NewPartner--partnerDetailsCurrency-arrow"},"wdio_ui5_key":"applicationmanagepartners-display-component---NewPartner--partnerDetailsCurrency-arrow"}]}
RESULT: undefined
COMMAND: POST /session/e85e052fb48b678918c44a977a8ff9db/element - {"using":"xpath","value":"//*[@id=\"application-managepartners-display-component---NewPartner--partnerDetailsCurrency-arrow\"]"}
RESULT: {}
RESULT: {"using":"xpath","value":"//*[@id=\"application-managepartners-display-component---NewPartner--partnerDetailsCurrency-arrow\"]"}
COMMAND: POST /session/e85e052fb48b678918c44a977a8ff9db/element/f.0E2ED5F52CB306CEAC7E3CCDFCB92CD0.d.5DF7E5C7EB9554656C019631EF985FE9.e.5730/click - {}
RESULT: {}
COMMAND: POST /session/e85e052fb48b678918c44a977a8ff9db/element - {"using":"xpath","value":"//span[contains(text(), \"Euro\")]"}
COMMAND: GET /session/e85e052fb48b678918c44a977a8ff9db/screenshot - {}
RESULT: {"using":"xpath","value":"//span[contains(text(), \"Euro\")]"}
COMMAND: POST /session/e85e052fb48b678918c44a977a8ff9db/element/f.0E2ED5F52CB306CEAC7E3CCDFCB92CD0.d.5DF7E5C7EB9554656C019631EF985FE9.e.5731/click - {}
RESULT: {}
RESULT: {}
COMMAND: POST /session/e85e052fb48b678918c44a977a8ff9db/execute/async - {"script":"<script> [1562 bytes]","args":[{"selector":{"id":"application-managepartners-display-component---NewPartner--addressEditDetailsCostObjectCstType-arrow"},"wdio_ui5_key":"applicationmanagepartners-display-component---NewPartner--addressEditDetailsCostObjectCstType-arrow"}]}
COMMAND: GET /session/e85e052fb48b678918c44a977a8ff9db/screenshot - {}
RESULT: {"script":"<script> [1562 bytes]","args":[{"selector":{"id":"application-managepartners-display-component---NewPartner--addressEditDetailsCostObjectCstType-arrow"},"wdio_ui5_key":"applicationmanagepartners-display-component---NewPartner--addressEditDetailsCostObjectCstType-arrow"}]}
RESULT: undefined
COMMAND: POST /session/e85e052fb48b678918c44a977a8ff9db/element - {"using":"xpath","value":"//*[@id=\"application-managepartners-display-component---NewPartner--addressEditDetailsCostObjectCstType-arrow\"]"}
RESULT: {}
RESULT: {"using":"xpath","value":"//*[@id=\"application-managepartners-display-component---NewPartner--addressEditDetailsCostObjectCstType-arrow\"]"}
COMMAND: POST /session/e85e052fb48b678918c44a977a8ff9db/element/f.0E2ED5F52CB306CEAC7E3CCDFCB92CD0.d.5DF7E5C7EB9554656C019631EF985FE9.e.5732/click - {}
RESULT: {}
COMMAND: POST /session/e85e052fb48b678918c44a977a8ff9db/element - {"using":"xpath","value":"//span[contains(text(), \"Cost Center\")]"}
COMMAND: GET /session/e85e052fb48b678918c44a977a8ff9db/screenshot - {}
RESULT: {"using":"xpath","value":"//span[contains(text(), \"Cost Center\")]"}
COMMAND: POST /session/e85e052fb48b678918c44a977a8ff9db/element/f.0E2ED5F52CB306CEAC7E3CCDFCB92CD0.d.5DF7E5C7EB9554656C019631EF985FE9.e.5733/click - {}
RESULT: {}
RESULT: {}
COMMAND: GET /session/e85e052fb48b678918c44a977a8ff9db/screenshot - {}
RESULT: {}
COMMAND: POST /session/e85e052fb48b678918c44a977a8ff9db/element - {"using":"xpath","value":"//span[@id=\"application-managepartners-display-component---NewPartner--addressNewCostObjectCstID-vhi\"]"}
RESULT: {"using":"xpath","value":"//span[@id=\"application-managepartners-display-component---NewPartner--addressNewCostObjectCstID-vhi\"]"}
COMMAND: POST /session/e85e052fb48b678918c44a977a8ff9db/execute/sync - {"script":"<script> [8489 bytes]","args":[{"element-6066-11e4-a52e-4f735466cecf":"f.0E2ED5F52CB306CEAC7E3CCDFCB92CD0.d.5DF7E5C7EB9554656C019631EF985FE9.e.5737","ELEMENT":"f.0E2ED5F52CB306CEAC7E3CCDFCB92CD0.d.5DF7E5C7EB9554656C019631EF985FE9.e.5737"}]}
RESULT: {"script":"<script> [8489 bytes]","args":[{"element-6066-11e4-a52e-4f735466cecf":"f.0E2ED5F52CB306CEAC7E3CCDFCB92CD0.d.5DF7E5C7EB9554656C019631EF985FE9.e.5737","ELEMENT":"f.0E2ED5F52CB306CEAC7E3CCDFCB92CD0.d.5DF7E5C7EB9554656C019631EF985FE9.e.5737"}]}
COMMAND: POST /session/e85e052fb48b678918c44a977a8ff9db/execute/async - {"script":"<script> [1562 bytes]","args":[{"selector":{"id":"application-managepartners-display-component---NewPartner--addressNewCostObjectCstID-vhi"},"wdio_ui5_key":"applicationmanagepartners-display-component---NewPartner--addressNewCostObjectCstID-vhi"}]}
COMMAND: GET /session/e85e052fb48b678918c44a977a8ff9db/screenshot - {}
RESULT: {"script":"<script> [1562 bytes]","args":[{"selector":{"id":"application-managepartners-display-component---NewPartner--addressNewCostObjectCstID-vhi"},"wdio_ui5_key":"applicationmanagepartners-display-component---NewPartner--addressNewCostObjectCstID-vhi"}]}
RESULT: undefined
COMMAND: POST /session/e85e052fb48b678918c44a977a8ff9db/element - {"using":"xpath","value":"//*[@id=\"application-managepartners-display-component---NewPartner--addressNewCostObjectCstID-vhi\"]"}
RESULT: {}
RESULT: {"using":"xpath","value":"//*[@id=\"application-managepartners-display-component---NewPartner--addressNewCostObjectCstID-vhi\"]"}
COMMAND: POST /session/e85e052fb48b678918c44a977a8ff9db/element/f.0E2ED5F52CB306CEAC7E3CCDFCB92CD0.d.5DF7E5C7EB9554656C019631EF985FE9.e.5737/click - {}
RESULT: {}
COMMAND: GET /session/e85e052fb48b678918c44a977a8ff9db/screenshot - {}
RESULT: {}
COMMAND: POST /session/e85e052fb48b678918c44a977a8ff9db/execute/async - {"script":"<script> [1562 bytes]","args":[{"selector":{"controlType":"sap.m.SearchField","properties":{"placeholder":"Search"},"searchOpenDialogs":true,"interaction":{"idSuffix":"I"}},"wdio_ui5_key":"sapm.SearchField{\"placeholder\":\"Search\"}"}]}
RESULT: {"script":"<script> [1562 bytes]","args":[{"selector":{"controlType":"sap.m.SearchField","properties":{"placeholder":"Search"},"searchOpenDialogs":true,"interaction":{"idSuffix":"I"}},"wdio_ui5_key":"sapm.SearchField{\"placeholder\":\"Search\"}"}]}
RESULT: undefined
COMMAND: POST /session/e85e052fb48b678918c44a977a8ff9db/execute/async - {"script":"<script> [776 bytes]","args":[{"enterText":"10001013","selector":{"controlType":"sap.m.SearchField","properties":{"placeholder":"Search"},"searchOpenDialogs":true,"interaction":{"idSuffix":"I"}},"clearTextFirst":true,"interactionType":"ENTER_TEXT"}]}
RESULT: {"script":"<script> [776 bytes]","args":[{"enterText":"10001013","selector":{"controlType":"sap.m.SearchField","properties":{"placeholder":"Search"},"searchOpenDialogs":true,"interaction":{"idSuffix":"I"}},"clearTextFirst":true,"interactionType":"ENTER_TEXT"}]}
COMMAND: POST /session/e85e052fb48b678918c44a977a8ff9db/actions - {"actions":[{"id":"action15","type":"key","parameters":{},"actions":[{"type":"keyDown","value":"î€‡"},{"type":"pause","duration":10},{"type":"keyUp","value":"î€‡"}]}]}
RESULT: {"actions":[{"id":"action15","type":"key","parameters":{},"actions":[{"type":"keyDown","value":"î€‡"},{"type":"pause","duration":10},{"type":"keyUp","value":"î€‡"}]}]}
COMMAND: GET /session/e85e052fb48b678918c44a977a8ff9db/screenshot - {}
COMMAND: POST /session/e85e052fb48b678918c44a977a8ff9db/element - {"using":"xpath","value":"//span[contains(text(), \"General Management\")]"}
RESULT: {}
RESULT: {"using":"xpath","value":"//span[contains(text(), \"General Management\")]"}
COMMAND: POST /session/e85e052fb48b678918c44a977a8ff9db/element/f.0E2ED5F52CB306CEAC7E3CCDFCB92CD0.d.5DF7E5C7EB9554656C019631EF985FE9.e.5779/click - {}
RESULT: {}
COMMAND: GET /session/e85e052fb48b678918c44a977a8ff9db/screenshot - {}
RESULT: {}
COMMAND: POST /session/e85e052fb48b678918c44a977a8ff9db/element - {"using":"xpath","value":"//bdi[contains(text(), \"OK\")]"}
RESULT: {"using":"xpath","value":"//bdi[contains(text(), \"OK\")]"}
COMMAND: POST /session/e85e052fb48b678918c44a977a8ff9db/element/f.0E2ED5F52CB306CEAC7E3CCDFCB92CD0.d.5DF7E5C7EB9554656C019631EF985FE9.e.5780/click - {}
RESULT: {}
COMMAND: GET /session/e85e052fb48b678918c44a977a8ff9db/screenshot - {}
RESULT: {}
COMMAND: POST /session/e85e052fb48b678918c44a977a8ff9db/element - {"using":"xpath","value":"//input[@id=\"application-managepartners-display-component---NewPartner--companyCodeComboBox-inner\"]"}
RESULT: {"using":"xpath","value":"//input[@id=\"application-managepartners-display-component---NewPartner--companyCodeComboBox-inner\"]"}
COMMAND: POST /session/e85e052fb48b678918c44a977a8ff9db/element/f.0E2ED5F52CB306CEAC7E3CCDFCB92CD0.d.5DF7E5C7EB9554656C019631EF985FE9.e.5545/clear - {}
RESULT: {}
COMMAND: POST /session/e85e052fb48b678918c44a977a8ff9db/element/f.0E2ED5F52CB306CEAC7E3CCDFCB92CD0.d.5DF7E5C7EB9554656C019631EF985FE9.e.5545/value - {"text":"1000"}
COMMAND: GET /session/e85e052fb48b678918c44a977a8ff9db/screenshot - {}
RESULT: {"text":"1000"}
COMMAND: GET /session/e85e052fb48b678918c44a977a8ff9db/screenshot - {}
RESULT: {}
RESULT: {}
COMMAND: POST /session/e85e052fb48b678918c44a977a8ff9db/element - {"using":"xpath","value":"//span[contains(text(), \"1000\")]"}
RESULT: {"using":"xpath","value":"//span[contains(text(), \"1000\")]"}
COMMAND: POST /session/e85e052fb48b678918c44a977a8ff9db/element/f.0E2ED5F52CB306CEAC7E3CCDFCB92CD0.d.5DF7E5C7EB9554656C019631EF985FE9.e.5786/click - {}
RESULT: {}
COMMAND: GET /session/e85e052fb48b678918c44a977a8ff9db/screenshot - {}
RESULT: {}
COMMAND: POST /session/e85e052fb48b678918c44a977a8ff9db/execute/async - {"script":"<script> [1562 bytes]","args":[{"selector":{"id":"application-managepartners-display-component---NewPartner--btnAddTableRow-img"},"wdio_ui5_key":"applicationmanagepartners-display-component---NewPartner--btnAddTableRow-img"}]}
RESULT: {"script":"<script> [1562 bytes]","args":[{"selector":{"id":"application-managepartners-display-component---NewPartner--btnAddTableRow-img"},"wdio_ui5_key":"applicationmanagepartners-display-component---NewPartner--btnAddTableRow-img"}]}
RESULT: undefined
COMMAND: POST /session/e85e052fb48b678918c44a977a8ff9db/element - {"using":"xpath","value":"//*[@id=\"application-managepartners-display-component---NewPartner--btnAddTableRow-img\"]"}
RESULT: {"using":"xpath","value":"//*[@id=\"application-managepartners-display-component---NewPartner--btnAddTableRow-img\"]"}
COMMAND: POST /session/e85e052fb48b678918c44a977a8ff9db/element/f.0E2ED5F52CB306CEAC7E3CCDFCB92CD0.d.5DF7E5C7EB9554656C019631EF985FE9.e.5787/click - {}
RESULT: {}
COMMAND: GET /session/e85e052fb48b678918c44a977a8ff9db/screenshot - {}
RESULT: {}
COMMAND: POST /session/e85e052fb48b678918c44a977a8ff9db/element - {"using":"xpath","value":"//input[@id=\"application-managepartners-display-component---NewPartner--assignmentYard-application-managepartners-display-component---NewPartner--assignmentsTable-0-inner\"]"}
RESULT: {"using":"xpath","value":"//input[@id=\"application-managepartners-display-component---NewPartner--assignmentYard-application-managepartners-display-component---NewPartner--assignmentsTable-0-inner\"]"}
COMMAND: POST /session/e85e052fb48b678918c44a977a8ff9db/element/f.0E2ED5F52CB306CEAC7E3CCDFCB92CD0.d.5DF7E5C7EB9554656C019631EF985FE9.e.5790/clear - {}
RESULT: {}
COMMAND: POST /session/e85e052fb48b678918c44a977a8ff9db/element/f.0E2ED5F52CB306CEAC7E3CCDFCB92CD0.d.5DF7E5C7EB9554656C019631EF985FE9.e.5790/value - {"text":"488"}
COMMAND: GET /session/e85e052fb48b678918c44a977a8ff9db/screenshot - {}
RESULT: {"text":"488"}
COMMAND: GET /session/e85e052fb48b678918c44a977a8ff9db/screenshot - {}
RESULT: {}
RESULT: {}
COMMAND: POST /session/e85e052fb48b678918c44a977a8ff9db/element - {"using":"xpath","value":"//li[.//span[text()='488']]"}
RESULT: {"using":"xpath","value":"//li[.//span[text()='488']]"}
COMMAND: POST /session/e85e052fb48b678918c44a977a8ff9db/element/f.0E2ED5F52CB306CEAC7E3CCDFCB92CD0.d.5DF7E5C7EB9554656C019631EF985FE9.e.5799/click - {}
RESULT: {}
COMMAND: GET /session/e85e052fb48b678918c44a977a8ff9db/screenshot - {}
RESULT: {}
COMMAND: POST /session/e85e052fb48b678918c44a977a8ff9db/actions - {"actions":[{"id":"action16","type":"key","parameters":{},"actions":[{"type":"keyDown","value":"î€‡"},{"type":"pause","duration":10},{"type":"keyUp","value":"î€‡"}]}]}
RESULT: {"actions":[{"id":"action16","type":"key","parameters":{},"actions":[{"type":"keyDown","value":"î€‡"},{"type":"pause","duration":10},{"type":"keyUp","value":"î€‡"}]}]}
COMMAND: POST /session/e85e052fb48b678918c44a977a8ff9db/execute/async - {"script":"<script> [1562 bytes]","args":[{"selector":{"id":"application-managepartners-display-component---NewPartner--externalCustomerComboBox-application-managepartners-display-component---NewPartner--assignmentsTable-0-vhi"},"wdio_ui5_key":"applicationmanagepartners-display-component---NewPartner--externalCustomerComboBox-application-managepartners-display-component---NewPartner--assignmentsTable-0-vhi"}]}
COMMAND: GET /session/e85e052fb48b678918c44a977a8ff9db/screenshot - {}
RESULT: {"script":"<script> [1562 bytes]","args":[{"selector":{"id":"application-managepartners-display-component---NewPartner--externalCustomerComboBox-application-managepartners-display-component---NewPartner--assignmentsTable-0-vhi"},"wdio_ui5_key":"applicationmanagepartners-display-component---NewPartner--externalCustomerComboBox-application-managepartners-display-component---NewPartner--assignmentsTable-0-vhi"}]}
RESULT: undefined
COMMAND: POST /session/e85e052fb48b678918c44a977a8ff9db/element - {"using":"xpath","value":"//*[@id=\"application-managepartners-display-component---NewPartner--externalCustomerComboBox-application-managepartners-display-component---NewPartner--assignmentsTable-0-vhi\"]"}
RESULT: {}
RESULT: {"using":"xpath","value":"//*[@id=\"application-managepartners-display-component---NewPartner--externalCustomerComboBox-application-managepartners-display-component---NewPartner--assignmentsTable-0-vhi\"]"}
COMMAND: POST /session/e85e052fb48b678918c44a977a8ff9db/element/f.0E2ED5F52CB306CEAC7E3CCDFCB92CD0.d.5DF7E5C7EB9554656C019631EF985FE9.e.5803/click - {}
RESULT: {}
RESULT: undefined
COMMAND: POST /session/e85e052fb48b678918c44a977a8ff9db/execute/async - {"script":"<script> [776 bytes]","args":[{"enterText":"300003","selector":{"controlType":"sap.m.SearchField","properties":{"placeholder":"Search"},"searchOpenDialogs":true,"interaction":{"idSuffix":"I"}},"clearTextFirst":true,"interactionType":"ENTER_TEXT"}]}
COMMAND: GET /session/e85e052fb48b678918c44a977a8ff9db/screenshot - {}
RESULT: {"script":"<script> [776 bytes]","args":[{"enterText":"300003","selector":{"controlType":"sap.m.SearchField","properties":{"placeholder":"Search"},"searchOpenDialogs":true,"interaction":{"idSuffix":"I"}},"clearTextFirst":true,"interactionType":"ENTER_TEXT"}]}
COMMAND: POST /session/e85e052fb48b678918c44a977a8ff9db/actions - {"actions":[{"id":"action17","type":"key","parameters":{},"actions":[{"type":"keyDown","value":"î€‡"},{"type":"pause","duration":10},{"type":"keyUp","value":"î€‡"}]}]}
RESULT: {}
RESULT: {"actions":[{"id":"action17","type":"key","parameters":{},"actions":[{"type":"keyDown","value":"î€‡"},{"type":"pause","duration":10},{"type":"keyUp","value":"î€‡"}]}]}
COMMAND: GET /session/e85e052fb48b678918c44a977a8ff9db/screenshot - {}
RESULT: {}
COMMAND: POST /session/e85e052fb48b678918c44a977a8ff9db/element - {"using":"xpath","value":"//span[contains(text(), \"300003\")]"}
RESULT: {"using":"xpath","value":"//span[contains(text(), \"300003\")]"}
COMMAND: POST /session/e85e052fb48b678918c44a977a8ff9db/element/f.0E2ED5F52CB306CEAC7E3CCDFCB92CD0.d.5DF7E5C7EB9554656C019631EF985FE9.e.5822/click - {}
RESULT: {}
COMMAND: GET /session/e85e052fb48b678918c44a977a8ff9db/screenshot - {}
RESULT: {}
COMMAND: POST /session/e85e052fb48b678918c44a977a8ff9db/element - {"using":"xpath","value":"//bdi[contains(text(), \"OK\")]"}
RESULT: {"using":"xpath","value":"//bdi[contains(text(), \"OK\")]"}
COMMAND: POST /session/e85e052fb48b678918c44a977a8ff9db/element/f.0E2ED5F52CB306CEAC7E3CCDFCB92CD0.d.5DF7E5C7EB9554656C019631EF985FE9.e.5824/click - {}
RESULT: {}
COMMAND: GET /session/e85e052fb48b678918c44a977a8ff9db/screenshot - {}
RESULT: {}
COMMAND: POST /session/e85e052fb48b678918c44a977a8ff9db/execute/async - {"script":"<script> [1562 bytes]","args":[{"selector":{"id":"application-managepartners-display-component---NewPartner--intercompVendorComboBox-application-managepartners-display-component---NewPartner--assignmentsTable-0-vhi"},"wdio_ui5_key":"applicationmanagepartners-display-component---NewPartner--intercompVendorComboBox-application-managepartners-display-component---NewPartner--assignmentsTable-0-vhi"}]}
RESULT: {"script":"<script> [1562 bytes]","args":[{"selector":{"id":"application-managepartners-display-component---NewPartner--intercompVendorComboBox-application-managepartners-display-component---NewPartner--assignmentsTable-0-vhi"},"wdio_ui5_key":"applicationmanagepartners-display-component---NewPartner--intercompVendorComboBox-application-managepartners-display-component---NewPartner--assignmentsTable-0-vhi"}]}
RESULT: undefined
COMMAND: POST /session/e85e052fb48b678918c44a977a8ff9db/element - {"using":"xpath","value":"//*[@id=\"application-managepartners-display-component---NewPartner--intercompVendorComboBox-application-managepartners-display-component---NewPartner--assignmentsTable-0-vhi\"]"}
RESULT: {"using":"xpath","value":"//*[@id=\"application-managepartners-display-component---NewPartner--intercompVendorComboBox-application-managepartners-display-component---NewPartner--assignmentsTable-0-vhi\"]"}
COMMAND: POST /session/e85e052fb48b678918c44a977a8ff9db/element/f.0E2ED5F52CB306CEAC7E3CCDFCB92CD0.d.5DF7E5C7EB9554656C019631EF985FE9.e.5828/click - {}
RESULT: {}
RESULT: undefined
COMMAND: POST /session/e85e052fb48b678918c44a977a8ff9db/execute/async - {"script":"<script> [776 bytes]","args":[{"enterText":"100005","selector":{"controlType":"sap.m.SearchField","properties":{"placeholder":"Search"},"searchOpenDialogs":true,"interaction":{"idSuffix":"I"}},"clearTextFirst":true,"interactionType":"ENTER_TEXT"}]}
COMMAND: GET /session/e85e052fb48b678918c44a977a8ff9db/screenshot - {}
RESULT: {"script":"<script> [776 bytes]","args":[{"enterText":"100005","selector":{"controlType":"sap.m.SearchField","properties":{"placeholder":"Search"},"searchOpenDialogs":true,"interaction":{"idSuffix":"I"}},"clearTextFirst":true,"interactionType":"ENTER_TEXT"}]}
COMMAND: POST /session/e85e052fb48b678918c44a977a8ff9db/actions - {"actions":[{"id":"action18","type":"key","parameters":{},"actions":[{"type":"keyDown","value":"î€‡"},{"type":"pause","duration":10},{"type":"keyUp","value":"î€‡"}]}]}
RESULT: {}
RESULT: {"actions":[{"id":"action18","type":"key","parameters":{},"actions":[{"type":"keyDown","value":"î€‡"},{"type":"pause","duration":10},{"type":"keyUp","value":"î€‡"}]}]}
COMMAND: GET /session/e85e052fb48b678918c44a977a8ff9db/screenshot - {}
RESULT: {}
COMMAND: POST /session/e85e052fb48b678918c44a977a8ff9db/element - {"using":"xpath","value":"//span[contains(text(), \"Penguins - Field/12345 Berlin\")]"}
RESULT: {"using":"xpath","value":"//span[contains(text(), \"Penguins - Field/12345 Berlin\")]"}
COMMAND: POST /session/e85e052fb48b678918c44a977a8ff9db/element/f.0E2ED5F52CB306CEAC7E3CCDFCB92CD0.d.5DF7E5C7EB9554656C019631EF985FE9.e.5847/click - {}
RESULT: {}
COMMAND: GET /session/e85e052fb48b678918c44a977a8ff9db/screenshot - {}
RESULT: {}
COMMAND: POST /session/e85e052fb48b678918c44a977a8ff9db/element - {"using":"xpath","value":"//bdi[contains(text(), \"OK\")]"}
RESULT: {"using":"xpath","value":"//bdi[contains(text(), \"OK\")]"}
COMMAND: POST /session/e85e052fb48b678918c44a977a8ff9db/element/f.0E2ED5F52CB306CEAC7E3CCDFCB92CD0.d.5DF7E5C7EB9554656C019631EF985FE9.e.5848/click - {}
RESULT: {}
COMMAND: GET /session/e85e052fb48b678918c44a977a8ff9db/screenshot - {}
RESULT: {}
COMMAND: POST /session/e85e052fb48b678918c44a977a8ff9db/element - {"using":"xpath","value":"//button[@data-kt=\"saveButton\"]"}
RESULT: {"using":"xpath","value":"//button[@data-kt=\"saveButton\"]"}
COMMAND: POST /session/e85e052fb48b678918c44a977a8ff9db/element/f.0E2ED5F52CB306CEAC7E3CCDFCB92CD0.d.5DF7E5C7EB9554656C019631EF985FE9.e.5580/click - {}
RESULT: {}
COMMAND: GET /session/e85e052fb48b678918c44a977a8ff9db/screenshot - {}
RESULT: {}
COMMAND: POST /session/e85e052fb48b678918c44a977a8ff9db/element - {"using":"xpath","value":"//header[contains(@id, 'ObjectPageLayout-headerTitle')]/div[1]/div[2]/div[2]/span[1]"}
RESULT: {"using":"xpath","value":"//header[contains(@id, 'ObjectPageLayout-headerTitle')]/div[1]/div[2]/div[2]/span[1]"}
COMMAND: POST /session/e85e052fb48b678918c44a977a8ff9db/elements - {"using":"xpath","value":"//header[contains(@id, 'ObjectPageLayout-headerTitle')]/div[1]/div[2]/div[2]/span[1]"}
RESULT: {"using":"xpath","value":"//header[contains(@id, 'ObjectPageLayout-headerTitle')]/div[1]/div[2]/div[2]/span[1]"}
COMMAND: POST /session/e85e052fb48b678918c44a977a8ff9db/execute/sync - {"script":"<script> [56 bytes]","args":[{"element-6066-11e4-a52e-4f735466cecf":"f.0E2ED5F52CB306CEAC7E3CCDFCB92CD0.d.5DF7E5C7EB9554656C019631EF985FE9.e.6013","ELEMENT":"f.0E2ED5F52CB306CEAC7E3CCDFCB92CD0.d.5DF7E5C7EB9554656C019631EF985FE9.e.6013"}]}
RESULT: {"script":"<script> [56 bytes]","args":[{"element-6066-11e4-a52e-4f735466cecf":"f.0E2ED5F52CB306CEAC7E3CCDFCB92CD0.d.5DF7E5C7EB9554656C019631EF985FE9.e.6013","ELEMENT":"f.0E2ED5F52CB306CEAC7E3CCDFCB92CD0.d.5DF7E5C7EB9554656C019631EF985FE9.e.6013"}]}
COMMAND: POST /session/e85e052fb48b678918c44a977a8ff9db/element - {"using":"css selector","value":"#shell-header-logo"}
COMMAND: GET /session/e85e052fb48b678918c44a977a8ff9db/screenshot - {}
RESULT: {"using":"css selector","value":"#shell-header-logo"}
COMMAND: POST /session/e85e052fb48b678918c44a977a8ff9db/element/f.0E2ED5F52CB306CEAC7E3CCDFCB92CD0.d.5DF7E5C7EB9554656C019631EF985FE9.e.5445/click - {}
RESULT: {}
RESULT: {}
COMMAND: GET /session/e85e052fb48b678918c44a977a8ff9db/screenshot - {}
RESULT: {}
COMMAND: POST /session/e85e052fb48b678918c44a977a8ff9db/execute/sync - {"script":"<script> [299 bytes]","args":[["getModel","getResource"]]}
RESULT: {"script":"<script> [299 bytes]","args":[["getModel","getResource"]]}
RESULT: undefined
COMMAND: POST /session/e85e052fb48b678918c44a977a8ff9db/element - {"using":"xpath","value":"//*[@id=\"__tile30\"]"}
COMMAND: GET /session/e85e052fb48b678918c44a977a8ff9db/screenshot - {}
RESULT: {"using":"xpath","value":"//*[@id=\"__tile30\"]"}
COMMAND: POST /session/e85e052fb48b678918c44a977a8ff9db/element/f.0E2ED5F52CB306CEAC7E3CCDFCB92CD0.d.5DF7E5C7EB9554656C019631EF985FE9.e.5365/click - {}
RESULT: {}
RESULT: {}
COMMAND: POST /session/e85e052fb48b678918c44a977a8ff9db/element - {"using":"xpath","value":"//button[@data-kt=\"addButton\"]"}
COMMAND: GET /session/e85e052fb48b678918c44a977a8ff9db/screenshot - {}
RESULT: {"using":"xpath","value":"//button[@data-kt=\"addButton\"]"}
COMMAND: POST /session/e85e052fb48b678918c44a977a8ff9db/elements - {"using":"xpath","value":"//button[@data-kt=\"addButton\"]"}
RESULT: {}
RESULT: {"using":"xpath","value":"//button[@data-kt=\"addButton\"]"}
COMMAND: POST /session/e85e052fb48b678918c44a977a8ff9db/elements - {"using":"xpath","value":"//button[@data-kt=\"addButton\"]"}
RESULT: {"using":"xpath","value":"//button[@data-kt=\"addButton\"]"}
COMMAND: POST /session/e85e052fb48b678918c44a977a8ff9db/elements - {"using":"xpath","value":"//button[@data-kt=\"addButton\"]"}
RESULT: {"using":"xpath","value":"//button[@data-kt=\"addButton\"]"}
COMMAND: POST /session/e85e052fb48b678918c44a977a8ff9db/elements - {"using":"xpath","value":"//button[@data-kt=\"addButton\"]"}
RESULT: {"using":"xpath","value":"//button[@data-kt=\"addButton\"]"}
COMMAND: POST /session/e85e052fb48b678918c44a977a8ff9db/elements - {"using":"xpath","value":"//button[@data-kt=\"addButton\"]"}
RESULT: {"using":"xpath","value":"//button[@data-kt=\"addButton\"]"}
COMMAND: POST /session/e85e052fb48b678918c44a977a8ff9db/element - {"using":"xpath","value":"//button[@data-kt=\"addButton\"]"}
RESULT: {"using":"xpath","value":"//button[@data-kt=\"addButton\"]"}
COMMAND: POST /session/e85e052fb48b678918c44a977a8ff9db/execute/sync - {"script":"<script> [8489 bytes]","args":[{"element-6066-11e4-a52e-4f735466cecf":"f.0E2ED5F52CB306CEAC7E3CCDFCB92CD0.d.5DF7E5C7EB9554656C019631EF985FE9.e.6050","ELEMENT":"f.0E2ED5F52CB306CEAC7E3CCDFCB92CD0.d.5DF7E5C7EB9554656C019631EF985FE9.e.6050"}]}
RESULT: {"script":"<script> [8489 bytes]","args":[{"element-6066-11e4-a52e-4f735466cecf":"f.0E2ED5F52CB306CEAC7E3CCDFCB92CD0.d.5DF7E5C7EB9554656C019631EF985FE9.e.6050","ELEMENT":"f.0E2ED5F52CB306CEAC7E3CCDFCB92CD0.d.5DF7E5C7EB9554656C019631EF985FE9.e.6050"}]}
COMMAND: GET /session/e85e052fb48b678918c44a977a8ff9db/element/f.0E2ED5F52CB306CEAC7E3CCDFCB92CD0.d.5DF7E5C7EB9554656C019631EF985FE9.e.6050/enabled - {}
COMMAND: GET /session/e85e052fb48b678918c44a977a8ff9db/screenshot - {}
RESULT: {}
COMMAND: POST /session/e85e052fb48b678918c44a977a8ff9db/execute/sync - {"script":"<script> [8489 bytes]","args":[{"element-6066-11e4-a52e-4f735466cecf":"f.0E2ED5F52CB306CEAC7E3CCDFCB92CD0.d.5DF7E5C7EB9554656C019631EF985FE9.e.6050","ELEMENT":"f.0E2ED5F52CB306CEAC7E3CCDFCB92CD0.d.5DF7E5C7EB9554656C019631EF985FE9.e.6050"}]}
COMMAND: GET /session/e85e052fb48b678918c44a977a8ff9db/screenshot - {}
RESULT: {}
RESULT: {"script":"<script> [8489 bytes]","args":[{"element-6066-11e4-a52e-4f735466cecf":"f.0E2ED5F52CB306CEAC7E3CCDFCB92CD0.d.5DF7E5C7EB9554656C019631EF985FE9.e.6050","ELEMENT":"f.0E2ED5F52CB306CEAC7E3CCDFCB92CD0.d.5DF7E5C7EB9554656C019631EF985FE9.e.6050"}]}
COMMAND: POST /session/e85e052fb48b678918c44a977a8ff9db/execute/sync - {"script":"<script> [5351 bytes]","args":[{"element-6066-11e4-a52e-4f735466cecf":"f.0E2ED5F52CB306CEAC7E3CCDFCB92CD0.d.5DF7E5C7EB9554656C019631EF985FE9.e.6050","ELEMENT":"f.0E2ED5F52CB306CEAC7E3CCDFCB92CD0.d.5DF7E5C7EB9554656C019631EF985FE9.e.6050"}]}
COMMAND: GET /session/e85e052fb48b678918c44a977a8ff9db/screenshot - {}
RESULT: {}
RESULT: {"script":"<script> [5351 bytes]","args":[{"element-6066-11e4-a52e-4f735466cecf":"f.0E2ED5F52CB306CEAC7E3CCDFCB92CD0.d.5DF7E5C7EB9554656C019631EF985FE9.e.6050","ELEMENT":"f.0E2ED5F52CB306CEAC7E3CCDFCB92CD0.d.5DF7E5C7EB9554656C019631EF985FE9.e.6050"}]}
COMMAND: GET /session/e85e052fb48b678918c44a977a8ff9db/screenshot - {}
RESULT: {}
RESULT: {}
COMMAND: POST /session/e85e052fb48b678918c44a977a8ff9db/execute/async - {"script":"<script> [1562 bytes]","args":[{"selector":{"id":"application-managepartners-display-component---masterPtm--smartFilterBar-btnBasicSearch","interaction":{"idSuffix":"I"}},"wdio_ui5_key":"applicationmanagepartners-display-component---masterPtm--smartFilterBar-btnBasicSearch"}]}
RESULT: {"script":"<script> [1562 bytes]","args":[{"selector":{"id":"application-managepartners-display-component---masterPtm--smartFilterBar-btnBasicSearch","interaction":{"idSuffix":"I"}},"wdio_ui5_key":"applicationmanagepartners-display-component---masterPtm--smartFilterBar-btnBasicSearch"}]}
RESULT: undefined
COMMAND: POST /session/e85e052fb48b678918c44a977a8ff9db/execute/async - {"script":"<script> [776 bytes]","args":[{"enterText":"1362","selector":{"id":"application-managepartners-display-component---masterPtm--smartFilterBar-btnBasicSearch","interaction":{"idSuffix":"I"}},"clearTextFirst":true,"interactionType":"ENTER_TEXT"}]}
RESULT: {"script":"<script> [776 bytes]","args":[{"enterText":"1362","selector":{"id":"application-managepartners-display-component---masterPtm--smartFilterBar-btnBasicSearch","interaction":{"idSuffix":"I"}},"clearTextFirst":true,"interactionType":"ENTER_TEXT"}]}
COMMAND: POST /session/e85e052fb48b678918c44a977a8ff9db/actions - {"actions":[{"id":"action19","type":"key","parameters":{},"actions":[{"type":"keyDown","value":"î€‡"},{"type":"pause","duration":10},{"type":"keyUp","value":"î€‡"}]}]}
RESULT: {"actions":[{"id":"action19","type":"key","parameters":{},"actions":[{"type":"keyDown","value":"î€‡"},{"type":"pause","duration":10},{"type":"keyUp","value":"î€‡"}]}]}
COMMAND: GET /session/e85e052fb48b678918c44a977a8ff9db/screenshot - {}
RESULT: {}
COMMAND: POST /session/e85e052fb48b678918c44a977a8ff9db/elements - {"using":"xpath","value":"//table[contains(@id, \"customPartnersTable-listUl\")]/tbody/tr"}
RESULT: {"using":"xpath","value":"//table[contains(@id, \"customPartnersTable-listUl\")]/tbody/tr"}
COMMAND: POST /session/e85e052fb48b678918c44a977a8ff9db/element - {"using":"xpath","value":"//table[contains(@id, \"customPartnersTable-listUl\")]/tbody/tr[1]/td[3]/span"}
RESULT: {"using":"xpath","value":"//table[contains(@id, \"customPartnersTable-listUl\")]/tbody/tr[1]/td[3]/span"}
COMMAND: POST /session/e85e052fb48b678918c44a977a8ff9db/elements - {"using":"xpath","value":"//table[contains(@id, \"customPartnersTable-listUl\")]/tbody/tr[1]/td[3]/span"}
RESULT: {"using":"xpath","value":"//table[contains(@id, \"customPartnersTable-listUl\")]/tbody/tr[1]/td[3]/span"}
COMMAND: POST /session/e85e052fb48b678918c44a977a8ff9db/execute/sync - {"script":"<script> [56 bytes]","args":[{"element-6066-11e4-a52e-4f735466cecf":"f.0E2ED5F52CB306CEAC7E3CCDFCB92CD0.d.5DF7E5C7EB9554656C019631EF985FE9.e.6196","ELEMENT":"f.0E2ED5F52CB306CEAC7E3CCDFCB92CD0.d.5DF7E5C7EB9554656C019631EF985FE9.e.6196"}]}
RESULT: {"script":"<script> [56 bytes]","args":[{"element-6066-11e4-a52e-4f735466cecf":"f.0E2ED5F52CB306CEAC7E3CCDFCB92CD0.d.5DF7E5C7EB9554656C019631EF985FE9.e.6196","ELEMENT":"f.0E2ED5F52CB306CEAC7E3CCDFCB92CD0.d.5DF7E5C7EB9554656C019631EF985FE9.e.6196"}]}
COMMAND: POST /session/e85e052fb48b678918c44a977a8ff9db/element - {"using":"xpath","value":"(//span[contains(@id, \"imgNav\")])[1]"}
COMMAND: GET /session/e85e052fb48b678918c44a977a8ff9db/screenshot - {}
RESULT: {"using":"xpath","value":"(//span[contains(@id, \"imgNav\")])[1]"}
COMMAND: POST /session/e85e052fb48b678918c44a977a8ff9db/element/f.0E2ED5F52CB306CEAC7E3CCDFCB92CD0.d.5DF7E5C7EB9554656C019631EF985FE9.e.6194/click - {}
RESULT: {}
RESULT: {}
COMMAND: GET /session/e85e052fb48b678918c44a977a8ff9db/screenshot - {}
RESULT: {}
COMMAND: POST /session/e85e052fb48b678918c44a977a8ff9db/element - {"using":"xpath","value":"//bdi[contains(text(), \"Edit\")]"}
RESULT: {"using":"xpath","value":"//bdi[contains(text(), \"Edit\")]"}
COMMAND: POST /session/e85e052fb48b678918c44a977a8ff9db/element/f.0E2ED5F52CB306CEAC7E3CCDFCB92CD0.d.5DF7E5C7EB9554656C019631EF985FE9.e.6342/click - {}
RESULT: {}
COMMAND: GET /session/e85e052fb48b678918c44a977a8ff9db/screenshot - {}
RESULT: {}
COMMAND: POST /session/e85e052fb48b678918c44a977a8ff9db/execute/async - {"script":"<script> [1562 bytes]","args":[{"selector":{"controlType":"sap.m.Input","viewName":"etm.portal.ui.managepartners.view.EditDetail","labelFor":{"text":"Name"},"interaction":{"idSuffix":"inner"}},"wdio_ui5_key":"etmportal.ui.managepartners.view.EditDetailsap.m.Input{\"text\":\"Name\"}"}]}
RESULT: {"script":"<script> [1562 bytes]","args":[{"selector":{"controlType":"sap.m.Input","viewName":"etm.portal.ui.managepartners.view.EditDetail","labelFor":{"text":"Name"},"interaction":{"idSuffix":"inner"}},"wdio_ui5_key":"etmportal.ui.managepartners.view.EditDetailsap.m.Input{\"text\":\"Name\"}"}]}
RESULT: undefined
COMMAND: POST /session/e85e052fb48b678918c44a977a8ff9db/execute/async - {"script":"<script> [776 bytes]","args":[{"enterText":"Intracompany EDIT","selector":{"controlType":"sap.m.Input","viewName":"etm.portal.ui.managepartners.view.EditDetail","labelFor":{"text":"Name"},"interaction":{"idSuffix":"inner"}},"clearTextFirst":true,"interactionType":"ENTER_TEXT"}]}
RESULT: {"script":"<script> [776 bytes]","args":[{"enterText":"Intracompany EDIT","selector":{"controlType":"sap.m.Input","viewName":"etm.portal.ui.managepartners.view.EditDetail","labelFor":{"text":"Name"},"interaction":{"idSuffix":"inner"}},"clearTextFirst":true,"interactionType":"ENTER_TEXT"}]}
COMMAND: POST /session/e85e052fb48b678918c44a977a8ff9db/element - {"using":"xpath","value":"(//span[contains(@id,\"addressDetailDetailsLanguage-arrow\")])[1]"}
RESULT: {"using":"xpath","value":"(//span[contains(@id,\"addressDetailDetailsLanguage-arrow\")])[1]"}
COMMAND: POST /session/e85e052fb48b678918c44a977a8ff9db/element/f.0E2ED5F52CB306CEAC7E3CCDFCB92CD0.d.5DF7E5C7EB9554656C019631EF985FE9.e.6427/click - {}
RESULT: {}
COMMAND: POST /session/e85e052fb48b678918c44a977a8ff9db/element - {"using":"xpath","value":"//span[contains(text(), \"Chinese\")]"}
COMMAND: GET /session/e85e052fb48b678918c44a977a8ff9db/screenshot - {}
RESULT: {"using":"xpath","value":"//span[contains(text(), \"Chinese\")]"}
COMMAND: POST /session/e85e052fb48b678918c44a977a8ff9db/element/f.0E2ED5F52CB306CEAC7E3CCDFCB92CD0.d.5DF7E5C7EB9554656C019631EF985FE9.e.6428/click - {}
RESULT: {}
RESULT: {}
COMMAND: GET /session/e85e052fb48b678918c44a977a8ff9db/screenshot - {}
RESULT: {}
COMMAND: POST /session/e85e052fb48b678918c44a977a8ff9db/execute/async - {"script":"<script> [1562 bytes]","args":[{"selector":{"controlType":"sap.m.Input","viewName":"etm.portal.ui.managepartners.view.EditDetail","labelFor":{"text":"City"},"interaction":{"idSuffix":"inner"}},"wdio_ui5_key":"etmportal.ui.managepartners.view.EditDetailsap.m.Input{\"text\":\"City\"}"}]}
RESULT: {"script":"<script> [1562 bytes]","args":[{"selector":{"controlType":"sap.m.Input","viewName":"etm.portal.ui.managepartners.view.EditDetail","labelFor":{"text":"City"},"interaction":{"idSuffix":"inner"}},"wdio_ui5_key":"etmportal.ui.managepartners.view.EditDetailsap.m.Input{\"text\":\"City\"}"}]}
RESULT: undefined
COMMAND: POST /session/e85e052fb48b678918c44a977a8ff9db/execute/async - {"script":"<script> [776 bytes]","args":[{"enterText":"Clooj-Napoca","selector":{"controlType":"sap.m.Input","viewName":"etm.portal.ui.managepartners.view.EditDetail","labelFor":{"text":"City"},"interaction":{"idSuffix":"inner"}},"clearTextFirst":true,"interactionType":"ENTER_TEXT"}]}
RESULT: {"script":"<script> [776 bytes]","args":[{"enterText":"Clooj-Napoca","selector":{"controlType":"sap.m.Input","viewName":"etm.portal.ui.managepartners.view.EditDetail","labelFor":{"text":"City"},"interaction":{"idSuffix":"inner"}},"clearTextFirst":true,"interactionType":"ENTER_TEXT"}]}
COMMAND: POST /session/e85e052fb48b678918c44a977a8ff9db/element - {"using":"xpath","value":"//button[@data-kt=\"saveButton\"]"}
RESULT: {"using":"xpath","value":"//button[@data-kt=\"saveButton\"]"}
COMMAND: POST /session/e85e052fb48b678918c44a977a8ff9db/element/f.0E2ED5F52CB306CEAC7E3CCDFCB92CD0.d.5DF7E5C7EB9554656C019631EF985FE9.e.6404/click - {}
RESULT: {}
COMMAND: GET /session/e85e052fb48b678918c44a977a8ff9db/screenshot - {}
RESULT: {}
COMMAND: POST /session/e85e052fb48b678918c44a977a8ff9db/execute/async - {"script":"<script> [1562 bytes]","args":[{"selector":{"id":"application-managepartners-display-component---detailPtm--addressDetailDetailsName1"},"wdio_ui5_key":"applicationmanagepartners-display-component---detailPtm--addressDetailDetailsName1"}]}
RESULT: {"script":"<script> [1562 bytes]","args":[{"selector":{"id":"application-managepartners-display-component---detailPtm--addressDetailDetailsName1"},"wdio_ui5_key":"applicationmanagepartners-display-component---detailPtm--addressDetailDetailsName1"}]}
RESULT: undefined
COMMAND: POST /session/e85e052fb48b678918c44a977a8ff9db/execute/async - {"script":"<script> [6424 bytes]","args":[{"element-6066-11e4-a52e-4f735466cecf":"f.0E2ED5F52CB306CEAC7E3CCDFCB92CD0.d.5DF7E5C7EB9554656C019631EF985FE9.e.6459"},"getValue",[]]}
RESULT: {"script":"<script> [6424 bytes]","args":[{"element-6066-11e4-a52e-4f735466cecf":"f.0E2ED5F52CB306CEAC7E3CCDFCB92CD0.d.5DF7E5C7EB9554656C019631EF985FE9.e.6459"},"getValue",[]]}
COMMAND: POST /session/e85e052fb48b678918c44a977a8ff9db/element - {"using":"xpath","value":"//input[@id = \"application-managepartners-display-component---detailPtm--addressDetailDetailsLanguage-inner\"]"}
RESULT: {"using":"xpath","value":"//input[@id = \"application-managepartners-display-component---detailPtm--addressDetailDetailsLanguage-inner\"]"}
COMMAND: GET /session/e85e052fb48b678918c44a977a8ff9db/element/f.0E2ED5F52CB306CEAC7E3CCDFCB92CD0.d.5DF7E5C7EB9554656C019631EF985FE9.e.6460/property/value - {}
RESULT: {}
COMMAND: POST /session/e85e052fb48b678918c44a977a8ff9db/execute/async - {"script":"<script> [1562 bytes]","args":[{"selector":{"id":"application-managepartners-display-component---detailPtm--addressDetailDetailsCity1"},"wdio_ui5_key":"applicationmanagepartners-display-component---detailPtm--addressDetailDetailsCity1"}]}
COMMAND: GET /session/e85e052fb48b678918c44a977a8ff9db/screenshot - {}
RESULT: {"script":"<script> [1562 bytes]","args":[{"selector":{"id":"application-managepartners-display-component---detailPtm--addressDetailDetailsCity1"},"wdio_ui5_key":"applicationmanagepartners-display-component---detailPtm--addressDetailDetailsCity1"}]}
RESULT: undefined
COMMAND: POST /session/e85e052fb48b678918c44a977a8ff9db/execute/async - {"script":"<script> [6424 bytes]","args":[{"element-6066-11e4-a52e-4f735466cecf":"f.0E2ED5F52CB306CEAC7E3CCDFCB92CD0.d.5DF7E5C7EB9554656C019631EF985FE9.e.6461"},"getValue",[]]}
RESULT: {}
RESULT: {"script":"<script> [6424 bytes]","args":[{"element-6066-11e4-a52e-4f735466cecf":"f.0E2ED5F52CB306CEAC7E3CCDFCB92CD0.d.5DF7E5C7EB9554656C019631EF985FE9.e.6461"},"getValue",[]]}
COMMAND: POST /session/e85e052fb48b678918c44a977a8ff9db/element - {"using":"css selector","value":"#shell-header-logo"}
RESULT: {"using":"css selector","value":"#shell-header-logo"}
COMMAND: POST /session/e85e052fb48b678918c44a977a8ff9db/element/f.0E2ED5F52CB306CEAC7E3CCDFCB92CD0.d.5DF7E5C7EB9554656C019631EF985FE9.e.6016/click - {}
RESULT: {}
COMMAND: GET /session/e85e052fb48b678918c44a977a8ff9db/screenshot - {}
RESULT: {}
]]></system-out>
    </testcase>
    <testcase classname="chrome.135_0_7049_96.windows.Partner_specific_tests_US150819_US151080_US151654_US151176_US103444_US151078_US151079_US151109_US151174_US151175_US151189" name="Should do filtering and navigation tests US151109" time="164.737">
      <system-out><![CDATA[
COMMAND: POST /session/e85e052fb48b678918c44a977a8ff9db/element - {"using":"xpath","value":"//li[.//span[text()=\"Manage Partners\"]]"}
RESULT: {"using":"xpath","value":"//li[.//span[text()=\"Manage Partners\"]]"}
COMMAND: POST /session/e85e052fb48b678918c44a977a8ff9db/element - {"using":"xpath","value":"//li[.//span[text()=\"Manage Partners\"]]"}
RESULT: {"using":"xpath","value":"//li[.//span[text()=\"Manage Partners\"]]"}
COMMAND: POST /session/e85e052fb48b678918c44a977a8ff9db/element - {"using":"css selector","value":"#shell-header-logo"}
RESULT: {"using":"css selector","value":"#shell-header-logo"}
COMMAND: POST /session/e85e052fb48b678918c44a977a8ff9db/element/f.0E2ED5F52CB306CEAC7E3CCDFCB92CD0.d.5DF7E5C7EB9554656C019631EF985FE9.e.6491/click - {}
COMMAND: POST /session/e85e052fb48b678918c44a977a8ff9db/execute/sync - {"script":"<script> [8489 bytes]","args":[{"element-6066-11e4-a52e-4f735466cecf":"f.0E2ED5F52CB306CEAC7E3CCDFCB92CD0.d.5DF7E5C7EB9554656C019631EF985FE9.e.6491","ELEMENT":"f.0E2ED5F52CB306CEAC7E3CCDFCB92CD0.d.5DF7E5C7EB9554656C019631EF985FE9.e.6491"}]}
RESULT: {}
COMMAND: GET /session/e85e052fb48b678918c44a977a8ff9db/screenshot - {}
RESULT: {"script":"<script> [8489 bytes]","args":[{"element-6066-11e4-a52e-4f735466cecf":"f.0E2ED5F52CB306CEAC7E3CCDFCB92CD0.d.5DF7E5C7EB9554656C019631EF985FE9.e.6491","ELEMENT":"f.0E2ED5F52CB306CEAC7E3CCDFCB92CD0.d.5DF7E5C7EB9554656C019631EF985FE9.e.6491"}]}
COMMAND: POST /session/e85e052fb48b678918c44a977a8ff9db/execute/sync - {"script":"<script> [5351 bytes]","args":[{"element-6066-11e4-a52e-4f735466cecf":"f.0E2ED5F52CB306CEAC7E3CCDFCB92CD0.d.5DF7E5C7EB9554656C019631EF985FE9.e.6491","ELEMENT":"f.0E2ED5F52CB306CEAC7E3CCDFCB92CD0.d.5DF7E5C7EB9554656C019631EF985FE9.e.6491"}]}
COMMAND: GET /session/e85e052fb48b678918c44a977a8ff9db/screenshot - {}
RESULT: {}
RESULT: {"script":"<script> [5351 bytes]","args":[{"element-6066-11e4-a52e-4f735466cecf":"f.0E2ED5F52CB306CEAC7E3CCDFCB92CD0.d.5DF7E5C7EB9554656C019631EF985FE9.e.6491","ELEMENT":"f.0E2ED5F52CB306CEAC7E3CCDFCB92CD0.d.5DF7E5C7EB9554656C019631EF985FE9.e.6491"}]}
COMMAND: GET /session/e85e052fb48b678918c44a977a8ff9db/screenshot - {}
RESULT: {}
RESULT: {}
RESULT: undefined
COMMAND: POST /session/e85e052fb48b678918c44a977a8ff9db/element - {"using":"xpath","value":"//*[@id=\"__tile30\"]"}
RESULT: {"using":"xpath","value":"//*[@id=\"__tile30\"]"}
COMMAND: POST /session/e85e052fb48b678918c44a977a8ff9db/element/f.0E2ED5F52CB306CEAC7E3CCDFCB92CD0.d.5DF7E5C7EB9554656C019631EF985FE9.e.5365/click - {}
RESULT: {}
COMMAND: POST /session/e85e052fb48b678918c44a977a8ff9db/element - {"using":"xpath","value":"//button[@data-kt=\"addButton\"]"}
COMMAND: GET /session/e85e052fb48b678918c44a977a8ff9db/screenshot - {}
RESULT: {"using":"xpath","value":"//button[@data-kt=\"addButton\"]"}
COMMAND: POST /session/e85e052fb48b678918c44a977a8ff9db/elements - {"using":"xpath","value":"//button[@data-kt=\"addButton\"]"}
RESULT: {}
RESULT: {"using":"xpath","value":"//button[@data-kt=\"addButton\"]"}
COMMAND: POST /session/e85e052fb48b678918c44a977a8ff9db/elements - {"using":"xpath","value":"//button[@data-kt=\"addButton\"]"}
RESULT: {"using":"xpath","value":"//button[@data-kt=\"addButton\"]"}
COMMAND: POST /session/e85e052fb48b678918c44a977a8ff9db/elements - {"using":"xpath","value":"//button[@data-kt=\"addButton\"]"}
RESULT: {"using":"xpath","value":"//button[@data-kt=\"addButton\"]"}
COMMAND: POST /session/e85e052fb48b678918c44a977a8ff9db/element - {"using":"xpath","value":"//button[@data-kt=\"addButton\"]"}
RESULT: {"using":"xpath","value":"//button[@data-kt=\"addButton\"]"}
COMMAND: POST /session/e85e052fb48b678918c44a977a8ff9db/execute/sync - {"script":"<script> [8489 bytes]","args":[{"element-6066-11e4-a52e-4f735466cecf":"f.0E2ED5F52CB306CEAC7E3CCDFCB92CD0.d.5DF7E5C7EB9554656C019631EF985FE9.e.6526","ELEMENT":"f.0E2ED5F52CB306CEAC7E3CCDFCB92CD0.d.5DF7E5C7EB9554656C019631EF985FE9.e.6526"}]}
RESULT: {"script":"<script> [8489 bytes]","args":[{"element-6066-11e4-a52e-4f735466cecf":"f.0E2ED5F52CB306CEAC7E3CCDFCB92CD0.d.5DF7E5C7EB9554656C019631EF985FE9.e.6526","ELEMENT":"f.0E2ED5F52CB306CEAC7E3CCDFCB92CD0.d.5DF7E5C7EB9554656C019631EF985FE9.e.6526"}]}
COMMAND: GET /session/e85e052fb48b678918c44a977a8ff9db/element/f.0E2ED5F52CB306CEAC7E3CCDFCB92CD0.d.5DF7E5C7EB9554656C019631EF985FE9.e.6526/enabled - {}
COMMAND: GET /session/e85e052fb48b678918c44a977a8ff9db/screenshot - {}
RESULT: {}
COMMAND: POST /session/e85e052fb48b678918c44a977a8ff9db/execute/sync - {"script":"<script> [8489 bytes]","args":[{"element-6066-11e4-a52e-4f735466cecf":"f.0E2ED5F52CB306CEAC7E3CCDFCB92CD0.d.5DF7E5C7EB9554656C019631EF985FE9.e.6526","ELEMENT":"f.0E2ED5F52CB306CEAC7E3CCDFCB92CD0.d.5DF7E5C7EB9554656C019631EF985FE9.e.6526"}]}
COMMAND: GET /session/e85e052fb48b678918c44a977a8ff9db/screenshot - {}
RESULT: {}
RESULT: {"script":"<script> [8489 bytes]","args":[{"element-6066-11e4-a52e-4f735466cecf":"f.0E2ED5F52CB306CEAC7E3CCDFCB92CD0.d.5DF7E5C7EB9554656C019631EF985FE9.e.6526","ELEMENT":"f.0E2ED5F52CB306CEAC7E3CCDFCB92CD0.d.5DF7E5C7EB9554656C019631EF985FE9.e.6526"}]}
COMMAND: POST /session/e85e052fb48b678918c44a977a8ff9db/execute/sync - {"script":"<script> [5351 bytes]","args":[{"element-6066-11e4-a52e-4f735466cecf":"f.0E2ED5F52CB306CEAC7E3CCDFCB92CD0.d.5DF7E5C7EB9554656C019631EF985FE9.e.6526","ELEMENT":"f.0E2ED5F52CB306CEAC7E3CCDFCB92CD0.d.5DF7E5C7EB9554656C019631EF985FE9.e.6526"}]}
COMMAND: GET /session/e85e052fb48b678918c44a977a8ff9db/screenshot - {}
RESULT: {}
RESULT: {"script":"<script> [5351 bytes]","args":[{"element-6066-11e4-a52e-4f735466cecf":"f.0E2ED5F52CB306CEAC7E3CCDFCB92CD0.d.5DF7E5C7EB9554656C019631EF985FE9.e.6526","ELEMENT":"f.0E2ED5F52CB306CEAC7E3CCDFCB92CD0.d.5DF7E5C7EB9554656C019631EF985FE9.e.6526"}]}
COMMAND: GET /session/e85e052fb48b678918c44a977a8ff9db/screenshot - {}
RESULT: {}
RESULT: {}
COMMAND: POST /session/e85e052fb48b678918c44a977a8ff9db/element - {"using":"xpath","value":"//span[@id=\"application-managepartners-display-component---masterPtm--smartTable-header-inner\"]"}
RESULT: {"using":"xpath","value":"//span[@id=\"application-managepartners-display-component---masterPtm--smartTable-header-inner\"]"}
COMMAND: POST /session/e85e052fb48b678918c44a977a8ff9db/elements - {"using":"xpath","value":"//span[@id=\"application-managepartners-display-component---masterPtm--smartTable-header-inner\"]"}
RESULT: {"using":"xpath","value":"//span[@id=\"application-managepartners-display-component---masterPtm--smartTable-header-inner\"]"}
COMMAND: POST /session/e85e052fb48b678918c44a977a8ff9db/execute/sync - {"script":"<script> [56 bytes]","args":[{"element-6066-11e4-a52e-4f735466cecf":"f.0E2ED5F52CB306CEAC7E3CCDFCB92CD0.d.5DF7E5C7EB9554656C019631EF985FE9.e.6662","ELEMENT":"f.0E2ED5F52CB306CEAC7E3CCDFCB92CD0.d.5DF7E5C7EB9554656C019631EF985FE9.e.6662"}]}
RESULT: {"script":"<script> [56 bytes]","args":[{"element-6066-11e4-a52e-4f735466cecf":"f.0E2ED5F52CB306CEAC7E3CCDFCB92CD0.d.5DF7E5C7EB9554656C019631EF985FE9.e.6662","ELEMENT":"f.0E2ED5F52CB306CEAC7E3CCDFCB92CD0.d.5DF7E5C7EB9554656C019631EF985FE9.e.6662"}]}
RESULT: undefined
COMMAND: POST /session/e85e052fb48b678918c44a977a8ff9db/execute/async - {"script":"<script> [776 bytes]","args":[{"enterText":"External Partner WDIO","selector":{"id":"application-managepartners-display-component---masterPtm--smartFilterBar-btnBasicSearch","interaction":{"idSuffix":"I"}},"clearTextFirst":true,"interactionType":"ENTER_TEXT"}]}
COMMAND: GET /session/e85e052fb48b678918c44a977a8ff9db/screenshot - {}
RESULT: {"script":"<script> [776 bytes]","args":[{"enterText":"External Partner WDIO","selector":{"id":"application-managepartners-display-component---masterPtm--smartFilterBar-btnBasicSearch","interaction":{"idSuffix":"I"}},"clearTextFirst":true,"interactionType":"ENTER_TEXT"}]}
RESULT: {}
COMMAND: POST /session/e85e052fb48b678918c44a977a8ff9db/actions - {"actions":[{"id":"action20","type":"key","parameters":{},"actions":[{"type":"keyDown","value":"î€‡"},{"type":"pause","duration":10},{"type":"keyUp","value":"î€‡"}]}]}
RESULT: {"actions":[{"id":"action20","type":"key","parameters":{},"actions":[{"type":"keyDown","value":"î€‡"},{"type":"pause","duration":10},{"type":"keyUp","value":"î€‡"}]}]}
COMMAND: GET /session/e85e052fb48b678918c44a977a8ff9db/screenshot - {}
RESULT: {}
COMMAND: POST /session/e85e052fb48b678918c44a977a8ff9db/element - {"using":"xpath","value":"//span[@id=\"application-managepartners-display-component---masterPtm--smartTable-header-inner\"]"}
RESULT: {"using":"xpath","value":"//span[@id=\"application-managepartners-display-component---masterPtm--smartTable-header-inner\"]"}
COMMAND: POST /session/e85e052fb48b678918c44a977a8ff9db/elements - {"using":"xpath","value":"//span[@id=\"application-managepartners-display-component---masterPtm--smartTable-header-inner\"]"}
RESULT: {"using":"xpath","value":"//span[@id=\"application-managepartners-display-component---masterPtm--smartTable-header-inner\"]"}
COMMAND: POST /session/e85e052fb48b678918c44a977a8ff9db/execute/sync - {"script":"<script> [56 bytes]","args":[{"element-6066-11e4-a52e-4f735466cecf":"f.0E2ED5F52CB306CEAC7E3CCDFCB92CD0.d.5DF7E5C7EB9554656C019631EF985FE9.e.6662","ELEMENT":"f.0E2ED5F52CB306CEAC7E3CCDFCB92CD0.d.5DF7E5C7EB9554656C019631EF985FE9.e.6662"}]}
RESULT: {"script":"<script> [56 bytes]","args":[{"element-6066-11e4-a52e-4f735466cecf":"f.0E2ED5F52CB306CEAC7E3CCDFCB92CD0.d.5DF7E5C7EB9554656C019631EF985FE9.e.6662","ELEMENT":"f.0E2ED5F52CB306CEAC7E3CCDFCB92CD0.d.5DF7E5C7EB9554656C019631EF985FE9.e.6662"}]}
COMMAND: POST /session/e85e052fb48b678918c44a977a8ff9db/element - {"using":"xpath","value":"//div[contains(@id, \"managepartners-display-component---masterPtm--smartFilterBar-btnBasicSearch-reset\")]"}
COMMAND: GET /session/e85e052fb48b678918c44a977a8ff9db/screenshot - {}
RESULT: {"using":"xpath","value":"//div[contains(@id, \"managepartners-display-component---masterPtm--smartFilterBar-btnBasicSearch-reset\")]"}
COMMAND: POST /session/e85e052fb48b678918c44a977a8ff9db/element/f.0E2ED5F52CB306CEAC7E3CCDFCB92CD0.d.5DF7E5C7EB9554656C019631EF985FE9.e.6756/click - {}
RESULT: {}
RESULT: {}
COMMAND: GET /session/e85e052fb48b678918c44a977a8ff9db/screenshot - {}
COMMAND: POST /session/e85e052fb48b678918c44a977a8ff9db/execute/async - {"script":"<script> [1562 bytes]","args":[{"selector":{"id":"application-managepartners-display-component---masterPtm--smartFilterBar-filterItemControl_BASIC-MAIN_ADDRESS-vhi"},"wdio_ui5_key":"applicationmanagepartners-display-component---masterPtm--smartFilterBar-filterItemControl_BASIC-MAIN_ADDRESS-vhi"}]}
RESULT: {}
RESULT: {"script":"<script> [1562 bytes]","args":[{"selector":{"id":"application-managepartners-display-component---masterPtm--smartFilterBar-filterItemControl_BASIC-MAIN_ADDRESS-vhi"},"wdio_ui5_key":"applicationmanagepartners-display-component---masterPtm--smartFilterBar-filterItemControl_BASIC-MAIN_ADDRESS-vhi"}]}
RESULT: undefined
COMMAND: POST /session/e85e052fb48b678918c44a977a8ff9db/element - {"using":"xpath","value":"//*[@id=\"application-managepartners-display-component---masterPtm--smartFilterBar-filterItemControl_BASIC-MAIN_ADDRESS-vhi\"]"}
RESULT: {"using":"xpath","value":"//*[@id=\"application-managepartners-display-component---masterPtm--smartFilterBar-filterItemControl_BASIC-MAIN_ADDRESS-vhi\"]"}
COMMAND: POST /session/e85e052fb48b678918c44a977a8ff9db/element/f.0E2ED5F52CB306CEAC7E3CCDFCB92CD0.d.5DF7E5C7EB9554656C019631EF985FE9.e.6853/click - {}
RESULT: {}
COMMAND: GET /session/e85e052fb48b678918c44a977a8ff9db/screenshot - {}
RESULT: {}
COMMAND: POST /session/e85e052fb48b678918c44a977a8ff9db/execute/async - {"script":"<script> [1562 bytes]","args":[{"selector":{"id":"application-managepartners-display-component---masterPtm--smartFilterBar-filterItemControl_BASIC-MAIN_ADDRESS-valueHelpDialog-smartFilterBar-btnBasicSearch","searchOpenDialogs":true,"interaction":{"idSuffix":"I"}},"wdio_ui5_key":"applicationmanagepartners-display-component---masterPtm--smartFilterBar-filterItemControl_BASIC-MAIN_ADDRESS-valueHelpDialog-smartFilterBar-btnBasicSearch"}]}
RESULT: {"script":"<script> [1562 bytes]","args":[{"selector":{"id":"application-managepartners-display-component---masterPtm--smartFilterBar-filterItemControl_BASIC-MAIN_ADDRESS-valueHelpDialog-smartFilterBar-btnBasicSearch","searchOpenDialogs":true,"interaction":{"idSuffix":"I"}},"wdio_ui5_key":"applicationmanagepartners-display-component---masterPtm--smartFilterBar-filterItemControl_BASIC-MAIN_ADDRESS-valueHelpDialog-smartFilterBar-btnBasicSearch"}]}
RESULT: undefined
COMMAND: POST /session/e85e052fb48b678918c44a977a8ff9db/execute/async - {"script":"<script> [776 bytes]","args":[{"enterText":"Romania","selector":{"id":"application-managepartners-display-component---masterPtm--smartFilterBar-filterItemControl_BASIC-MAIN_ADDRESS-valueHelpDialog-smartFilterBar-btnBasicSearch","searchOpenDialogs":true,"interaction":{"idSuffix":"I"}},"clearTextFirst":true,"interactionType":"ENTER_TEXT"}]}
RESULT: {"script":"<script> [776 bytes]","args":[{"enterText":"Romania","selector":{"id":"application-managepartners-display-component---masterPtm--smartFilterBar-filterItemControl_BASIC-MAIN_ADDRESS-valueHelpDialog-smartFilterBar-btnBasicSearch","searchOpenDialogs":true,"interaction":{"idSuffix":"I"}},"clearTextFirst":true,"interactionType":"ENTER_TEXT"}]}
COMMAND: POST /session/e85e052fb48b678918c44a977a8ff9db/actions - {"actions":[{"id":"action21","type":"key","parameters":{},"actions":[{"type":"keyDown","value":"î€‡"},{"type":"pause","duration":10},{"type":"keyUp","value":"î€‡"}]}]}
RESULT: {"actions":[{"id":"action21","type":"key","parameters":{},"actions":[{"type":"keyDown","value":"î€‡"},{"type":"pause","duration":10},{"type":"keyUp","value":"î€‡"}]}]}
COMMAND: POST /session/e85e052fb48b678918c44a977a8ff9db/elements - {"using":"xpath","value":"//table[contains(@id, \"smartFilterBar-filterItemControl_BASIC-MAIN_ADDRESS-valueHelpDialog-table-table\")]/tbody/tr"}
COMMAND: GET /session/e85e052fb48b678918c44a977a8ff9db/screenshot - {}
RESULT: {"using":"xpath","value":"//table[contains(@id, \"smartFilterBar-filterItemControl_BASIC-MAIN_ADDRESS-valueHelpDialog-table-table\")]/tbody/tr"}
COMMAND: POST /session/e85e052fb48b678918c44a977a8ff9db/element - {"using":"xpath","value":"//table[contains(@id, \"smartFilterBar-filterItemControl_BASIC-MAIN_ADDRESS-valueHelpDialog-table-table\")]/tbody/tr[1]/td[1]/div/span"}
RESULT: {}
RESULT: {"using":"xpath","value":"//table[contains(@id, \"smartFilterBar-filterItemControl_BASIC-MAIN_ADDRESS-valueHelpDialog-table-table\")]/tbody/tr[1]/td[1]/div/span"}
COMMAND: POST /session/e85e052fb48b678918c44a977a8ff9db/elements - {"using":"xpath","value":"//table[contains(@id, \"smartFilterBar-filterItemControl_BASIC-MAIN_ADDRESS-valueHelpDialog-table-table\")]/tbody/tr[1]/td[1]/div/span"}
RESULT: {"using":"xpath","value":"//table[contains(@id, \"smartFilterBar-filterItemControl_BASIC-MAIN_ADDRESS-valueHelpDialog-table-table\")]/tbody/tr[1]/td[1]/div/span"}
COMMAND: POST /session/e85e052fb48b678918c44a977a8ff9db/execute/sync - {"script":"<script> [56 bytes]","args":[{"element-6066-11e4-a52e-4f735466cecf":"f.0E2ED5F52CB306CEAC7E3CCDFCB92CD0.d.5DF7E5C7EB9554656C019631EF985FE9.e.6874","ELEMENT":"f.0E2ED5F52CB306CEAC7E3CCDFCB92CD0.d.5DF7E5C7EB9554656C019631EF985FE9.e.6874"}]}
RESULT: {"script":"<script> [56 bytes]","args":[{"element-6066-11e4-a52e-4f735466cecf":"f.0E2ED5F52CB306CEAC7E3CCDFCB92CD0.d.5DF7E5C7EB9554656C019631EF985FE9.e.6874","ELEMENT":"f.0E2ED5F52CB306CEAC7E3CCDFCB92CD0.d.5DF7E5C7EB9554656C019631EF985FE9.e.6874"}]}
COMMAND: POST /session/e85e052fb48b678918c44a977a8ff9db/element - {"using":"xpath","value":"//div[contains(@id, \"filterItemControl_BASIC-MAIN_ADDRESS-valueHelpDialog-table-rowsel0\")]"}
COMMAND: GET /session/e85e052fb48b678918c44a977a8ff9db/screenshot - {}
RESULT: {"using":"xpath","value":"//div[contains(@id, \"filterItemControl_BASIC-MAIN_ADDRESS-valueHelpDialog-table-rowsel0\")]"}
COMMAND: POST /session/e85e052fb48b678918c44a977a8ff9db/element/f.0E2ED5F52CB306CEAC7E3CCDFCB92CD0.d.5DF7E5C7EB9554656C019631EF985FE9.e.6875/click - {}
RESULT: {}
RESULT: {}
COMMAND: GET /session/e85e052fb48b678918c44a977a8ff9db/screenshot - {}
RESULT: {}
COMMAND: POST /session/e85e052fb48b678918c44a977a8ff9db/element - {"using":"xpath","value":"(//bdi[contains(text(), \"OK\")])[1]"}
RESULT: {"using":"xpath","value":"(//bdi[contains(text(), \"OK\")])[1]"}
COMMAND: POST /session/e85e052fb48b678918c44a977a8ff9db/element/f.0E2ED5F52CB306CEAC7E3CCDFCB92CD0.d.5DF7E5C7EB9554656C019631EF985FE9.e.6877/click - {}
RESULT: {}
COMMAND: GET /session/e85e052fb48b678918c44a977a8ff9db/screenshot - {}
RESULT: {}
COMMAND: POST /session/e85e052fb48b678918c44a977a8ff9db/element - {"using":"xpath","value":"//span[@id=\"application-managepartners-display-component---masterPtm--smartTable-header-inner\"]"}
RESULT: {"using":"xpath","value":"//span[@id=\"application-managepartners-display-component---masterPtm--smartTable-header-inner\"]"}
COMMAND: POST /session/e85e052fb48b678918c44a977a8ff9db/elements - {"using":"xpath","value":"//span[@id=\"application-managepartners-display-component---masterPtm--smartTable-header-inner\"]"}
RESULT: {"using":"xpath","value":"//span[@id=\"application-managepartners-display-component---masterPtm--smartTable-header-inner\"]"}
COMMAND: POST /session/e85e052fb48b678918c44a977a8ff9db/execute/sync - {"script":"<script> [56 bytes]","args":[{"element-6066-11e4-a52e-4f735466cecf":"f.0E2ED5F52CB306CEAC7E3CCDFCB92CD0.d.5DF7E5C7EB9554656C019631EF985FE9.e.6662","ELEMENT":"f.0E2ED5F52CB306CEAC7E3CCDFCB92CD0.d.5DF7E5C7EB9554656C019631EF985FE9.e.6662"}]}
RESULT: {"script":"<script> [56 bytes]","args":[{"element-6066-11e4-a52e-4f735466cecf":"f.0E2ED5F52CB306CEAC7E3CCDFCB92CD0.d.5DF7E5C7EB9554656C019631EF985FE9.e.6662","ELEMENT":"f.0E2ED5F52CB306CEAC7E3CCDFCB92CD0.d.5DF7E5C7EB9554656C019631EF985FE9.e.6662"}]}
COMMAND: POST /session/e85e052fb48b678918c44a977a8ff9db/element - {"using":"xpath","value":"//span[contains(@title, \"Remove\")]"}
COMMAND: GET /session/e85e052fb48b678918c44a977a8ff9db/screenshot - {}
RESULT: {"using":"xpath","value":"//span[contains(@title, \"Remove\")]"}
COMMAND: POST /session/e85e052fb48b678918c44a977a8ff9db/element/f.0E2ED5F52CB306CEAC7E3CCDFCB92CD0.d.5DF7E5C7EB9554656C019631EF985FE9.e.6890/click - {}
RESULT: {}
RESULT: {}
COMMAND: GET /session/e85e052fb48b678918c44a977a8ff9db/screenshot - {}
RESULT: {}
COMMAND: POST /session/e85e052fb48b678918c44a977a8ff9db/element - {"using":"xpath","value":"//span[@id=\"application-managepartners-display-component---masterPtm--smartTable-header-inner\"]"}
RESULT: {"using":"xpath","value":"//span[@id=\"application-managepartners-display-component---masterPtm--smartTable-header-inner\"]"}
COMMAND: POST /session/e85e052fb48b678918c44a977a8ff9db/elements - {"using":"xpath","value":"//span[@id=\"application-managepartners-display-component---masterPtm--smartTable-header-inner\"]"}
RESULT: {"using":"xpath","value":"//span[@id=\"application-managepartners-display-component---masterPtm--smartTable-header-inner\"]"}
COMMAND: POST /session/e85e052fb48b678918c44a977a8ff9db/execute/sync - {"script":"<script> [56 bytes]","args":[{"element-6066-11e4-a52e-4f735466cecf":"f.0E2ED5F52CB306CEAC7E3CCDFCB92CD0.d.5DF7E5C7EB9554656C019631EF985FE9.e.6662","ELEMENT":"f.0E2ED5F52CB306CEAC7E3CCDFCB92CD0.d.5DF7E5C7EB9554656C019631EF985FE9.e.6662"}]}
RESULT: {"script":"<script> [56 bytes]","args":[{"element-6066-11e4-a52e-4f735466cecf":"f.0E2ED5F52CB306CEAC7E3CCDFCB92CD0.d.5DF7E5C7EB9554656C019631EF985FE9.e.6662","ELEMENT":"f.0E2ED5F52CB306CEAC7E3CCDFCB92CD0.d.5DF7E5C7EB9554656C019631EF985FE9.e.6662"}]}
COMMAND: POST /session/e85e052fb48b678918c44a977a8ff9db/execute/async - {"script":"<script> [1562 bytes]","args":[{"selector":{"id":"application-managepartners-display-component---masterPtm--smartFilterBar-filterItemControl_BASIC-YARD-vhi"},"wdio_ui5_key":"applicationmanagepartners-display-component---masterPtm--smartFilterBar-filterItemControl_BASIC-YARD-vhi"}]}
COMMAND: GET /session/e85e052fb48b678918c44a977a8ff9db/screenshot - {}
RESULT: {"script":"<script> [1562 bytes]","args":[{"selector":{"id":"application-managepartners-display-component---masterPtm--smartFilterBar-filterItemControl_BASIC-YARD-vhi"},"wdio_ui5_key":"applicationmanagepartners-display-component---masterPtm--smartFilterBar-filterItemControl_BASIC-YARD-vhi"}]}
RESULT: undefined
COMMAND: POST /session/e85e052fb48b678918c44a977a8ff9db/element - {"using":"xpath","value":"//*[@id=\"application-managepartners-display-component---masterPtm--smartFilterBar-filterItemControl_BASIC-YARD-vhi\"]"}
RESULT: {}
RESULT: {"using":"xpath","value":"//*[@id=\"application-managepartners-display-component---masterPtm--smartFilterBar-filterItemControl_BASIC-YARD-vhi\"]"}
COMMAND: POST /session/e85e052fb48b678918c44a977a8ff9db/element/f.0E2ED5F52CB306CEAC7E3CCDFCB92CD0.d.5DF7E5C7EB9554656C019631EF985FE9.e.6993/click - {}
RESULT: {}
COMMAND: GET /session/e85e052fb48b678918c44a977a8ff9db/screenshot - {}
RESULT: {}
COMMAND: POST /session/e85e052fb48b678918c44a977a8ff9db/execute/async - {"script":"<script> [1562 bytes]","args":[{"selector":{"id":"application-managepartners-display-component---masterPtm--smartFilterBar-filterItemControl_BASIC-YARD-valueHelpDialog-smartFilterBar-btnBasicSearch","searchOpenDialogs":true,"interaction":{"idSuffix":"I"}},"wdio_ui5_key":"applicationmanagepartners-display-component---masterPtm--smartFilterBar-filterItemControl_BASIC-YARD-valueHelpDialog-smartFilterBar-btnBasicSearch"}]}
RESULT: {"script":"<script> [1562 bytes]","args":[{"selector":{"id":"application-managepartners-display-component---masterPtm--smartFilterBar-filterItemControl_BASIC-YARD-valueHelpDialog-smartFilterBar-btnBasicSearch","searchOpenDialogs":true,"interaction":{"idSuffix":"I"}},"wdio_ui5_key":"applicationmanagepartners-display-component---masterPtm--smartFilterBar-filterItemControl_BASIC-YARD-valueHelpDialog-smartFilterBar-btnBasicSearch"}]}
RESULT: undefined
COMMAND: POST /session/e85e052fb48b678918c44a977a8ff9db/execute/async - {"script":"<script> [776 bytes]","args":[{"enterText":"Test","selector":{"id":"application-managepartners-display-component---masterPtm--smartFilterBar-filterItemControl_BASIC-YARD-valueHelpDialog-smartFilterBar-btnBasicSearch","searchOpenDialogs":true,"interaction":{"idSuffix":"I"}},"clearTextFirst":true,"interactionType":"ENTER_TEXT"}]}
RESULT: {"script":"<script> [776 bytes]","args":[{"enterText":"Test","selector":{"id":"application-managepartners-display-component---masterPtm--smartFilterBar-filterItemControl_BASIC-YARD-valueHelpDialog-smartFilterBar-btnBasicSearch","searchOpenDialogs":true,"interaction":{"idSuffix":"I"}},"clearTextFirst":true,"interactionType":"ENTER_TEXT"}]}
COMMAND: POST /session/e85e052fb48b678918c44a977a8ff9db/actions - {"actions":[{"id":"action22","type":"key","parameters":{},"actions":[{"type":"keyDown","value":"î€‡"},{"type":"pause","duration":10},{"type":"keyUp","value":"î€‡"}]}]}
RESULT: {"actions":[{"id":"action22","type":"key","parameters":{},"actions":[{"type":"keyDown","value":"î€‡"},{"type":"pause","duration":10},{"type":"keyUp","value":"î€‡"}]}]}
COMMAND: POST /session/e85e052fb48b678918c44a977a8ff9db/elements - {"using":"xpath","value":"//table[contains(@id, \"smartFilterBar-filterItemControl_BASIC-YARD-valueHelpDialog-table-table\")]/tbody/tr"}
COMMAND: GET /session/e85e052fb48b678918c44a977a8ff9db/screenshot - {}
RESULT: {"using":"xpath","value":"//table[contains(@id, \"smartFilterBar-filterItemControl_BASIC-YARD-valueHelpDialog-table-table\")]/tbody/tr"}
COMMAND: POST /session/e85e052fb48b678918c44a977a8ff9db/element - {"using":"xpath","value":"//table[contains(@id, \"smartFilterBar-filterItemControl_BASIC-YARD-valueHelpDialog-table-table\")]/tbody/tr[1]/td[1]/div/span"}
RESULT: {}
RESULT: {"using":"xpath","value":"//table[contains(@id, \"smartFilterBar-filterItemControl_BASIC-YARD-valueHelpDialog-table-table\")]/tbody/tr[1]/td[1]/div/span"}
COMMAND: POST /session/e85e052fb48b678918c44a977a8ff9db/elements - {"using":"xpath","value":"//table[contains(@id, \"smartFilterBar-filterItemControl_BASIC-YARD-valueHelpDialog-table-table\")]/tbody/tr[1]/td[1]/div/span"}
RESULT: {"using":"xpath","value":"//table[contains(@id, \"smartFilterBar-filterItemControl_BASIC-YARD-valueHelpDialog-table-table\")]/tbody/tr[1]/td[1]/div/span"}
COMMAND: POST /session/e85e052fb48b678918c44a977a8ff9db/execute/sync - {"script":"<script> [56 bytes]","args":[{"element-6066-11e4-a52e-4f735466cecf":"f.0E2ED5F52CB306CEAC7E3CCDFCB92CD0.d.5DF7E5C7EB9554656C019631EF985FE9.e.7015","ELEMENT":"f.0E2ED5F52CB306CEAC7E3CCDFCB92CD0.d.5DF7E5C7EB9554656C019631EF985FE9.e.7015"}]}
RESULT: {"script":"<script> [56 bytes]","args":[{"element-6066-11e4-a52e-4f735466cecf":"f.0E2ED5F52CB306CEAC7E3CCDFCB92CD0.d.5DF7E5C7EB9554656C019631EF985FE9.e.7015","ELEMENT":"f.0E2ED5F52CB306CEAC7E3CCDFCB92CD0.d.5DF7E5C7EB9554656C019631EF985FE9.e.7015"}]}
COMMAND: POST /session/e85e052fb48b678918c44a977a8ff9db/element - {"using":"xpath","value":"//table[contains(@id, \"smartFilterBar-filterItemControl_BASIC-YARD-valueHelpDialog-table-table\")]/tbody/tr[2]/td[1]/div/span"}
COMMAND: GET /session/e85e052fb48b678918c44a977a8ff9db/screenshot - {}
RESULT: {"using":"xpath","value":"//table[contains(@id, \"smartFilterBar-filterItemControl_BASIC-YARD-valueHelpDialog-table-table\")]/tbody/tr[2]/td[1]/div/span"}
COMMAND: POST /session/e85e052fb48b678918c44a977a8ff9db/elements - {"using":"xpath","value":"//table[contains(@id, \"smartFilterBar-filterItemControl_BASIC-YARD-valueHelpDialog-table-table\")]/tbody/tr[2]/td[1]/div/span"}
RESULT: {}
RESULT: {"using":"xpath","value":"//table[contains(@id, \"smartFilterBar-filterItemControl_BASIC-YARD-valueHelpDialog-table-table\")]/tbody/tr[2]/td[1]/div/span"}
COMMAND: POST /session/e85e052fb48b678918c44a977a8ff9db/execute/sync - {"script":"<script> [56 bytes]","args":[{"element-6066-11e4-a52e-4f735466cecf":"f.0E2ED5F52CB306CEAC7E3CCDFCB92CD0.d.5DF7E5C7EB9554656C019631EF985FE9.e.7016","ELEMENT":"f.0E2ED5F52CB306CEAC7E3CCDFCB92CD0.d.5DF7E5C7EB9554656C019631EF985FE9.e.7016"}]}
RESULT: {"script":"<script> [56 bytes]","args":[{"element-6066-11e4-a52e-4f735466cecf":"f.0E2ED5F52CB306CEAC7E3CCDFCB92CD0.d.5DF7E5C7EB9554656C019631EF985FE9.e.7016","ELEMENT":"f.0E2ED5F52CB306CEAC7E3CCDFCB92CD0.d.5DF7E5C7EB9554656C019631EF985FE9.e.7016"}]}
COMMAND: POST /session/e85e052fb48b678918c44a977a8ff9db/element - {"using":"xpath","value":"//table[contains(@id, \"smartFilterBar-filterItemControl_BASIC-YARD-valueHelpDialog-table-table\")]/tbody/tr[3]/td[1]/div/span"}
COMMAND: GET /session/e85e052fb48b678918c44a977a8ff9db/screenshot - {}
RESULT: {"using":"xpath","value":"//table[contains(@id, \"smartFilterBar-filterItemControl_BASIC-YARD-valueHelpDialog-table-table\")]/tbody/tr[3]/td[1]/div/span"}
COMMAND: POST /session/e85e052fb48b678918c44a977a8ff9db/elements - {"using":"xpath","value":"//table[contains(@id, \"smartFilterBar-filterItemControl_BASIC-YARD-valueHelpDialog-table-table\")]/tbody/tr[3]/td[1]/div/span"}
RESULT: {}
RESULT: {"using":"xpath","value":"//table[contains(@id, \"smartFilterBar-filterItemControl_BASIC-YARD-valueHelpDialog-table-table\")]/tbody/tr[3]/td[1]/div/span"}
COMMAND: POST /session/e85e052fb48b678918c44a977a8ff9db/execute/sync - {"script":"<script> [56 bytes]","args":[{"element-6066-11e4-a52e-4f735466cecf":"f.0E2ED5F52CB306CEAC7E3CCDFCB92CD0.d.5DF7E5C7EB9554656C019631EF985FE9.e.7017","ELEMENT":"f.0E2ED5F52CB306CEAC7E3CCDFCB92CD0.d.5DF7E5C7EB9554656C019631EF985FE9.e.7017"}]}
RESULT: {"script":"<script> [56 bytes]","args":[{"element-6066-11e4-a52e-4f735466cecf":"f.0E2ED5F52CB306CEAC7E3CCDFCB92CD0.d.5DF7E5C7EB9554656C019631EF985FE9.e.7017","ELEMENT":"f.0E2ED5F52CB306CEAC7E3CCDFCB92CD0.d.5DF7E5C7EB9554656C019631EF985FE9.e.7017"}]}
COMMAND: POST /session/e85e052fb48b678918c44a977a8ff9db/element - {"using":"xpath","value":"//div[contains(@id, \"filterItemControl_BASIC-YARD-valueHelpDialog-table-rowsel2\")]"}
COMMAND: GET /session/e85e052fb48b678918c44a977a8ff9db/screenshot - {}
RESULT: {"using":"xpath","value":"//div[contains(@id, \"filterItemControl_BASIC-YARD-valueHelpDialog-table-rowsel2\")]"}
COMMAND: POST /session/e85e052fb48b678918c44a977a8ff9db/element/f.0E2ED5F52CB306CEAC7E3CCDFCB92CD0.d.5DF7E5C7EB9554656C019631EF985FE9.e.7018/click - {}
RESULT: {}
RESULT: {}
COMMAND: GET /session/e85e052fb48b678918c44a977a8ff9db/screenshot - {}
RESULT: {}
COMMAND: POST /session/e85e052fb48b678918c44a977a8ff9db/element - {"using":"xpath","value":"(//bdi[contains(text(), \"OK\")])[1]"}
RESULT: {"using":"xpath","value":"(//bdi[contains(text(), \"OK\")])[1]"}
COMMAND: POST /session/e85e052fb48b678918c44a977a8ff9db/element/f.0E2ED5F52CB306CEAC7E3CCDFCB92CD0.d.5DF7E5C7EB9554656C019631EF985FE9.e.7020/click - {}
RESULT: {}
COMMAND: GET /session/e85e052fb48b678918c44a977a8ff9db/screenshot - {}
RESULT: {}
COMMAND: POST /session/e85e052fb48b678918c44a977a8ff9db/element - {"using":"xpath","value":"//span[@id=\"application-managepartners-display-component---masterPtm--smartTable-header-inner\"]"}
RESULT: {"using":"xpath","value":"//span[@id=\"application-managepartners-display-component---masterPtm--smartTable-header-inner\"]"}
COMMAND: POST /session/e85e052fb48b678918c44a977a8ff9db/elements - {"using":"xpath","value":"//span[@id=\"application-managepartners-display-component---masterPtm--smartTable-header-inner\"]"}
RESULT: {"using":"xpath","value":"//span[@id=\"application-managepartners-display-component---masterPtm--smartTable-header-inner\"]"}
COMMAND: POST /session/e85e052fb48b678918c44a977a8ff9db/execute/sync - {"script":"<script> [56 bytes]","args":[{"element-6066-11e4-a52e-4f735466cecf":"f.0E2ED5F52CB306CEAC7E3CCDFCB92CD0.d.5DF7E5C7EB9554656C019631EF985FE9.e.6662","ELEMENT":"f.0E2ED5F52CB306CEAC7E3CCDFCB92CD0.d.5DF7E5C7EB9554656C019631EF985FE9.e.6662"}]}
RESULT: {"script":"<script> [56 bytes]","args":[{"element-6066-11e4-a52e-4f735466cecf":"f.0E2ED5F52CB306CEAC7E3CCDFCB92CD0.d.5DF7E5C7EB9554656C019631EF985FE9.e.6662","ELEMENT":"f.0E2ED5F52CB306CEAC7E3CCDFCB92CD0.d.5DF7E5C7EB9554656C019631EF985FE9.e.6662"}]}
COMMAND: POST /session/e85e052fb48b678918c44a977a8ff9db/element - {"using":"xpath","value":"//span[contains(@title, \"Remove\")]"}
COMMAND: GET /session/e85e052fb48b678918c44a977a8ff9db/screenshot - {}
RESULT: {"using":"xpath","value":"//span[contains(@title, \"Remove\")]"}
COMMAND: POST /session/e85e052fb48b678918c44a977a8ff9db/element/f.0E2ED5F52CB306CEAC7E3CCDFCB92CD0.d.5DF7E5C7EB9554656C019631EF985FE9.e.7034/click - {}
RESULT: {}
RESULT: {}
COMMAND: GET /session/e85e052fb48b678918c44a977a8ff9db/screenshot - {}
COMMAND: POST /session/e85e052fb48b678918c44a977a8ff9db/element - {"using":"xpath","value":"//span[@id=\"application-managepartners-display-component---masterPtm--smartTable-header-inner\"]"}
RESULT: {}
RESULT: {"using":"xpath","value":"//span[@id=\"application-managepartners-display-component---masterPtm--smartTable-header-inner\"]"}
COMMAND: POST /session/e85e052fb48b678918c44a977a8ff9db/elements - {"using":"xpath","value":"//span[@id=\"application-managepartners-display-component---masterPtm--smartTable-header-inner\"]"}
RESULT: {"using":"xpath","value":"//span[@id=\"application-managepartners-display-component---masterPtm--smartTable-header-inner\"]"}
COMMAND: POST /session/e85e052fb48b678918c44a977a8ff9db/execute/sync - {"script":"<script> [56 bytes]","args":[{"element-6066-11e4-a52e-4f735466cecf":"f.0E2ED5F52CB306CEAC7E3CCDFCB92CD0.d.5DF7E5C7EB9554656C019631EF985FE9.e.6662","ELEMENT":"f.0E2ED5F52CB306CEAC7E3CCDFCB92CD0.d.5DF7E5C7EB9554656C019631EF985FE9.e.6662"}]}
RESULT: {"script":"<script> [56 bytes]","args":[{"element-6066-11e4-a52e-4f735466cecf":"f.0E2ED5F52CB306CEAC7E3CCDFCB92CD0.d.5DF7E5C7EB9554656C019631EF985FE9.e.6662","ELEMENT":"f.0E2ED5F52CB306CEAC7E3CCDFCB92CD0.d.5DF7E5C7EB9554656C019631EF985FE9.e.6662"}]}
COMMAND: POST /session/e85e052fb48b678918c44a977a8ff9db/execute/async - {"script":"<script> [1562 bytes]","args":[{"selector":{"id":"application-managepartners-display-component---masterPtm--smartFilterBar-filterItemControl_BASIC-ALL_TAGS-vhi"},"wdio_ui5_key":"applicationmanagepartners-display-component---masterPtm--smartFilterBar-filterItemControl_BASIC-ALL_TAGS-vhi"}]}
COMMAND: GET /session/e85e052fb48b678918c44a977a8ff9db/screenshot - {}
RESULT: {"script":"<script> [1562 bytes]","args":[{"selector":{"id":"application-managepartners-display-component---masterPtm--smartFilterBar-filterItemControl_BASIC-ALL_TAGS-vhi"},"wdio_ui5_key":"applicationmanagepartners-display-component---masterPtm--smartFilterBar-filterItemControl_BASIC-ALL_TAGS-vhi"}]}
RESULT: undefined
COMMAND: POST /session/e85e052fb48b678918c44a977a8ff9db/element - {"using":"xpath","value":"//*[@id=\"application-managepartners-display-component---masterPtm--smartFilterBar-filterItemControl_BASIC-ALL_TAGS-vhi\"]"}
RESULT: {}
RESULT: {"using":"xpath","value":"//*[@id=\"application-managepartners-display-component---masterPtm--smartFilterBar-filterItemControl_BASIC-ALL_TAGS-vhi\"]"}
COMMAND: POST /session/e85e052fb48b678918c44a977a8ff9db/element/f.0E2ED5F52CB306CEAC7E3CCDFCB92CD0.d.5DF7E5C7EB9554656C019631EF985FE9.e.7141/click - {}
RESULT: {}
COMMAND: GET /session/e85e052fb48b678918c44a977a8ff9db/screenshot - {}
RESULT: {}
COMMAND: POST /session/e85e052fb48b678918c44a977a8ff9db/execute/async - {"script":"<script> [1562 bytes]","args":[{"selector":{"id":"application-managepartners-display-component---masterPtm--smartFilterBar-filterItemControl_BASIC-ALL_TAGS-valueHelpDialog-smartFilterBar-btnBasicSearch","searchOpenDialogs":true,"interaction":{"idSuffix":"I"}},"wdio_ui5_key":"applicationmanagepartners-display-component---masterPtm--smartFilterBar-filterItemControl_BASIC-ALL_TAGS-valueHelpDialog-smartFilterBar-btnBasicSearch"}]}
RESULT: {"script":"<script> [1562 bytes]","args":[{"selector":{"id":"application-managepartners-display-component---masterPtm--smartFilterBar-filterItemControl_BASIC-ALL_TAGS-valueHelpDialog-smartFilterBar-btnBasicSearch","searchOpenDialogs":true,"interaction":{"idSuffix":"I"}},"wdio_ui5_key":"applicationmanagepartners-display-component---masterPtm--smartFilterBar-filterItemControl_BASIC-ALL_TAGS-valueHelpDialog-smartFilterBar-btnBasicSearch"}]}
RESULT: undefined
COMMAND: POST /session/e85e052fb48b678918c44a977a8ff9db/execute/async - {"script":"<script> [776 bytes]","args":[{"enterText":"test-tag-1","selector":{"id":"application-managepartners-display-component---masterPtm--smartFilterBar-filterItemControl_BASIC-ALL_TAGS-valueHelpDialog-smartFilterBar-btnBasicSearch","searchOpenDialogs":true,"interaction":{"idSuffix":"I"}},"clearTextFirst":true,"interactionType":"ENTER_TEXT"}]}
RESULT: {"script":"<script> [776 bytes]","args":[{"enterText":"test-tag-1","selector":{"id":"application-managepartners-display-component---masterPtm--smartFilterBar-filterItemControl_BASIC-ALL_TAGS-valueHelpDialog-smartFilterBar-btnBasicSearch","searchOpenDialogs":true,"interaction":{"idSuffix":"I"}},"clearTextFirst":true,"interactionType":"ENTER_TEXT"}]}
COMMAND: POST /session/e85e052fb48b678918c44a977a8ff9db/actions - {"actions":[{"id":"action23","type":"key","parameters":{},"actions":[{"type":"keyDown","value":"î€‡"},{"type":"pause","duration":10},{"type":"keyUp","value":"î€‡"}]}]}
RESULT: {"actions":[{"id":"action23","type":"key","parameters":{},"actions":[{"type":"keyDown","value":"î€‡"},{"type":"pause","duration":10},{"type":"keyUp","value":"î€‡"}]}]}
COMMAND: POST /session/e85e052fb48b678918c44a977a8ff9db/elements - {"using":"xpath","value":"//table[contains(@id, \"smartFilterBar-filterItemControl_BASIC-ALL_TAGS-valueHelpDialog-table-table\")]/tbody/tr"}
COMMAND: GET /session/e85e052fb48b678918c44a977a8ff9db/screenshot - {}
RESULT: {"using":"xpath","value":"//table[contains(@id, \"smartFilterBar-filterItemControl_BASIC-ALL_TAGS-valueHelpDialog-table-table\")]/tbody/tr"}
COMMAND: POST /session/e85e052fb48b678918c44a977a8ff9db/element - {"using":"xpath","value":"//table[contains(@id, \"smartFilterBar-filterItemControl_BASIC-ALL_TAGS-valueHelpDialog-table-table\")]/tbody/tr[1]/td[1]/div/span"}
RESULT: {}
RESULT: {"using":"xpath","value":"//table[contains(@id, \"smartFilterBar-filterItemControl_BASIC-ALL_TAGS-valueHelpDialog-table-table\")]/tbody/tr[1]/td[1]/div/span"}
COMMAND: POST /session/e85e052fb48b678918c44a977a8ff9db/elements - {"using":"xpath","value":"//table[contains(@id, \"smartFilterBar-filterItemControl_BASIC-ALL_TAGS-valueHelpDialog-table-table\")]/tbody/tr[1]/td[1]/div/span"}
RESULT: {"using":"xpath","value":"//table[contains(@id, \"smartFilterBar-filterItemControl_BASIC-ALL_TAGS-valueHelpDialog-table-table\")]/tbody/tr[1]/td[1]/div/span"}
COMMAND: POST /session/e85e052fb48b678918c44a977a8ff9db/execute/sync - {"script":"<script> [56 bytes]","args":[{"element-6066-11e4-a52e-4f735466cecf":"f.0E2ED5F52CB306CEAC7E3CCDFCB92CD0.d.5DF7E5C7EB9554656C019631EF985FE9.e.7162","ELEMENT":"f.0E2ED5F52CB306CEAC7E3CCDFCB92CD0.d.5DF7E5C7EB9554656C019631EF985FE9.e.7162"}]}
RESULT: {"script":"<script> [56 bytes]","args":[{"element-6066-11e4-a52e-4f735466cecf":"f.0E2ED5F52CB306CEAC7E3CCDFCB92CD0.d.5DF7E5C7EB9554656C019631EF985FE9.e.7162","ELEMENT":"f.0E2ED5F52CB306CEAC7E3CCDFCB92CD0.d.5DF7E5C7EB9554656C019631EF985FE9.e.7162"}]}
COMMAND: POST /session/e85e052fb48b678918c44a977a8ff9db/element - {"using":"xpath","value":"//div[contains(@id, \"filterItemControl_BASIC-ALL_TAGS-valueHelpDialog-table-rowsel0\")]"}
COMMAND: GET /session/e85e052fb48b678918c44a977a8ff9db/screenshot - {}
RESULT: {"using":"xpath","value":"//div[contains(@id, \"filterItemControl_BASIC-ALL_TAGS-valueHelpDialog-table-rowsel0\")]"}
COMMAND: POST /session/e85e052fb48b678918c44a977a8ff9db/element/f.0E2ED5F52CB306CEAC7E3CCDFCB92CD0.d.5DF7E5C7EB9554656C019631EF985FE9.e.7163/click - {}
RESULT: {}
RESULT: {}
COMMAND: GET /session/e85e052fb48b678918c44a977a8ff9db/screenshot - {}
RESULT: {}
COMMAND: POST /session/e85e052fb48b678918c44a977a8ff9db/element - {"using":"xpath","value":"(//bdi[contains(text(), \"OK\")])[1]"}
RESULT: {"using":"xpath","value":"(//bdi[contains(text(), \"OK\")])[1]"}
COMMAND: POST /session/e85e052fb48b678918c44a977a8ff9db/element/f.0E2ED5F52CB306CEAC7E3CCDFCB92CD0.d.5DF7E5C7EB9554656C019631EF985FE9.e.7165/click - {}
RESULT: {}
COMMAND: GET /session/e85e052fb48b678918c44a977a8ff9db/screenshot - {}
RESULT: {}
COMMAND: POST /session/e85e052fb48b678918c44a977a8ff9db/element - {"using":"xpath","value":"//span[@id=\"application-managepartners-display-component---masterPtm--smartTable-header-inner\"]"}
RESULT: {"using":"xpath","value":"//span[@id=\"application-managepartners-display-component---masterPtm--smartTable-header-inner\"]"}
COMMAND: POST /session/e85e052fb48b678918c44a977a8ff9db/elements - {"using":"xpath","value":"//span[@id=\"application-managepartners-display-component---masterPtm--smartTable-header-inner\"]"}
RESULT: {"using":"xpath","value":"//span[@id=\"application-managepartners-display-component---masterPtm--smartTable-header-inner\"]"}
COMMAND: POST /session/e85e052fb48b678918c44a977a8ff9db/execute/sync - {"script":"<script> [56 bytes]","args":[{"element-6066-11e4-a52e-4f735466cecf":"f.0E2ED5F52CB306CEAC7E3CCDFCB92CD0.d.5DF7E5C7EB9554656C019631EF985FE9.e.6662","ELEMENT":"f.0E2ED5F52CB306CEAC7E3CCDFCB92CD0.d.5DF7E5C7EB9554656C019631EF985FE9.e.6662"}]}
RESULT: {"script":"<script> [56 bytes]","args":[{"element-6066-11e4-a52e-4f735466cecf":"f.0E2ED5F52CB306CEAC7E3CCDFCB92CD0.d.5DF7E5C7EB9554656C019631EF985FE9.e.6662","ELEMENT":"f.0E2ED5F52CB306CEAC7E3CCDFCB92CD0.d.5DF7E5C7EB9554656C019631EF985FE9.e.6662"}]}
COMMAND: POST /session/e85e052fb48b678918c44a977a8ff9db/element - {"using":"xpath","value":"//span[contains(@title, \"Remove\")]"}
COMMAND: GET /session/e85e052fb48b678918c44a977a8ff9db/screenshot - {}
RESULT: {"using":"xpath","value":"//span[contains(@title, \"Remove\")]"}
COMMAND: POST /session/e85e052fb48b678918c44a977a8ff9db/element/f.0E2ED5F52CB306CEAC7E3CCDFCB92CD0.d.5DF7E5C7EB9554656C019631EF985FE9.e.7187/click - {}
RESULT: {}
RESULT: {}
COMMAND: GET /session/e85e052fb48b678918c44a977a8ff9db/screenshot - {}
COMMAND: POST /session/e85e052fb48b678918c44a977a8ff9db/execute/async - {"script":"<script> [1562 bytes]","args":[{"selector":{"id":"application-managepartners-display-component---masterPtm--partnerTypes-arrow"},"wdio_ui5_key":"applicationmanagepartners-display-component---masterPtm--partnerTypes-arrow"}]}
RESULT: {}
RESULT: {"script":"<script> [1562 bytes]","args":[{"selector":{"id":"application-managepartners-display-component---masterPtm--partnerTypes-arrow"},"wdio_ui5_key":"applicationmanagepartners-display-component---masterPtm--partnerTypes-arrow"}]}
RESULT: undefined
COMMAND: POST /session/e85e052fb48b678918c44a977a8ff9db/element - {"using":"xpath","value":"//*[@id=\"application-managepartners-display-component---masterPtm--partnerTypes-arrow\"]"}
RESULT: {"using":"xpath","value":"//*[@id=\"application-managepartners-display-component---masterPtm--partnerTypes-arrow\"]"}
COMMAND: POST /session/e85e052fb48b678918c44a977a8ff9db/element/f.0E2ED5F52CB306CEAC7E3CCDFCB92CD0.d.5DF7E5C7EB9554656C019631EF985FE9.e.7291/click - {}
RESULT: {}
COMMAND: GET /session/e85e052fb48b678918c44a977a8ff9db/screenshot - {}
RESULT: {}
COMMAND: POST /session/e85e052fb48b678918c44a977a8ff9db/element - {"using":"xpath","value":"//li[.//span[text()=\"External partner\"]]//div[contains(@class,\"sapMCbBg\")]"}
RESULT: {"using":"xpath","value":"//li[.//span[text()=\"External partner\"]]//div[contains(@class,\"sapMCbBg\")]"}
COMMAND: POST /session/e85e052fb48b678918c44a977a8ff9db/element/f.0E2ED5F52CB306CEAC7E3CCDFCB92CD0.d.5DF7E5C7EB9554656C019631EF985FE9.e.7296/click - {}
RESULT: {}
COMMAND: GET /session/e85e052fb48b678918c44a977a8ff9db/screenshot - {}
RESULT: {}
COMMAND: POST /session/e85e052fb48b678918c44a977a8ff9db/element - {"using":"xpath","value":"//span[@id=\"application-managepartners-display-component---masterPtm--smartTable-header-inner\"]"}
RESULT: {"using":"xpath","value":"//span[@id=\"application-managepartners-display-component---masterPtm--smartTable-header-inner\"]"}
COMMAND: POST /session/e85e052fb48b678918c44a977a8ff9db/elements - {"using":"xpath","value":"//span[@id=\"application-managepartners-display-component---masterPtm--smartTable-header-inner\"]"}
RESULT: {"using":"xpath","value":"//span[@id=\"application-managepartners-display-component---masterPtm--smartTable-header-inner\"]"}
COMMAND: POST /session/e85e052fb48b678918c44a977a8ff9db/execute/sync - {"script":"<script> [56 bytes]","args":[{"element-6066-11e4-a52e-4f735466cecf":"f.0E2ED5F52CB306CEAC7E3CCDFCB92CD0.d.5DF7E5C7EB9554656C019631EF985FE9.e.6662","ELEMENT":"f.0E2ED5F52CB306CEAC7E3CCDFCB92CD0.d.5DF7E5C7EB9554656C019631EF985FE9.e.6662"}]}
RESULT: {"script":"<script> [56 bytes]","args":[{"element-6066-11e4-a52e-4f735466cecf":"f.0E2ED5F52CB306CEAC7E3CCDFCB92CD0.d.5DF7E5C7EB9554656C019631EF985FE9.e.6662","ELEMENT":"f.0E2ED5F52CB306CEAC7E3CCDFCB92CD0.d.5DF7E5C7EB9554656C019631EF985FE9.e.6662"}]}
COMMAND: POST /session/e85e052fb48b678918c44a977a8ff9db/element - {"using":"xpath","value":"//span[contains(@title, \"Remove\")]"}
COMMAND: GET /session/e85e052fb48b678918c44a977a8ff9db/screenshot - {}
RESULT: {"using":"xpath","value":"//span[contains(@title, \"Remove\")]"}
COMMAND: POST /session/e85e052fb48b678918c44a977a8ff9db/element/f.0E2ED5F52CB306CEAC7E3CCDFCB92CD0.d.5DF7E5C7EB9554656C019631EF985FE9.e.7386/click - {}
RESULT: {}
RESULT: {}
COMMAND: GET /session/e85e052fb48b678918c44a977a8ff9db/screenshot - {}
RESULT: {}
COMMAND: POST /session/e85e052fb48b678918c44a977a8ff9db/execute/async - {"script":"<script> [1562 bytes]","args":[{"selector":{"id":"application-managepartners-display-component---masterPtm--smartFilterBar-btnFilters","interaction":{"idSuffix":"BDI-content"}},"wdio_ui5_key":"applicationmanagepartners-display-component---masterPtm--smartFilterBar-btnFilters"}]}
RESULT: {"script":"<script> [1562 bytes]","args":[{"selector":{"id":"application-managepartners-display-component---masterPtm--smartFilterBar-btnFilters","interaction":{"idSuffix":"BDI-content"}},"wdio_ui5_key":"applicationmanagepartners-display-component---masterPtm--smartFilterBar-btnFilters"}]}
RESULT: undefined
COMMAND: POST /session/e85e052fb48b678918c44a977a8ff9db/element - {"using":"xpath","value":"//*[@id=\"application-managepartners-display-component---masterPtm--smartFilterBar-btnFilters\"]"}
RESULT: {"using":"xpath","value":"//*[@id=\"application-managepartners-display-component---masterPtm--smartFilterBar-btnFilters\"]"}
COMMAND: POST /session/e85e052fb48b678918c44a977a8ff9db/element/f.0E2ED5F52CB306CEAC7E3CCDFCB92CD0.d.5DF7E5C7EB9554656C019631EF985FE9.e.6502/click - {}
RESULT: {}
COMMAND: GET /session/e85e052fb48b678918c44a977a8ff9db/screenshot - {}
RESULT: {}
COMMAND: POST /session/e85e052fb48b678918c44a977a8ff9db/elements - {"using":"xpath","value":"//table[contains(@id, \"listView-innerSelectionPanelTable-listUl\")]/tbody/tr"}
RESULT: {"using":"xpath","value":"//table[contains(@id, \"listView-innerSelectionPanelTable-listUl\")]/tbody/tr"}
COMMAND: POST /session/e85e052fb48b678918c44a977a8ff9db/element - {"using":"xpath","value":"//table[contains(@id, \"listView-innerSelectionPanelTable-listUl\")]/tbody/tr[2]/td[2]/div/div"}
RESULT: {"using":"xpath","value":"//table[contains(@id, \"listView-innerSelectionPanelTable-listUl\")]/tbody/tr[2]/td[2]/div/div"}
COMMAND: POST /session/e85e052fb48b678918c44a977a8ff9db/element - {"using":"xpath","value":"//table[contains(@id, \"listView-innerSelectionPanelTable-listUl\")]/tbody/tr[2]/td[2]/div"}
RESULT: {"using":"xpath","value":"//table[contains(@id, \"listView-innerSelectionPanelTable-listUl\")]/tbody/tr[2]/td[2]/div"}
COMMAND: POST /session/e85e052fb48b678918c44a977a8ff9db/element - {"using":"xpath","value":"//table[contains(@id, \"listView-innerSelectionPanelTable-listUl\")]/tbody/tr[2]/td[3]/div/div/span/span[1]/bdi"}
RESULT: {"using":"xpath","value":"//table[contains(@id, \"listView-innerSelectionPanelTable-listUl\")]/tbody/tr[2]/td[3]/div/div/span/span[1]/bdi"}
COMMAND: POST /session/e85e052fb48b678918c44a977a8ff9db/execute/sync - {"script":"<script> [56 bytes]","args":[{"element-6066-11e4-a52e-4f735466cecf":"f.0E2ED5F52CB306CEAC7E3CCDFCB92CD0.d.5DF7E5C7EB9554656C019631EF985FE9.e.7500","ELEMENT":"f.0E2ED5F52CB306CEAC7E3CCDFCB92CD0.d.5DF7E5C7EB9554656C019631EF985FE9.e.7500"}]}
RESULT: {"script":"<script> [56 bytes]","args":[{"element-6066-11e4-a52e-4f735466cecf":"f.0E2ED5F52CB306CEAC7E3CCDFCB92CD0.d.5DF7E5C7EB9554656C019631EF985FE9.e.7500","ELEMENT":"f.0E2ED5F52CB306CEAC7E3CCDFCB92CD0.d.5DF7E5C7EB9554656C019631EF985FE9.e.7500"}]}
COMMAND: GET /session/e85e052fb48b678918c44a977a8ff9db/element/f.0E2ED5F52CB306CEAC7E3CCDFCB92CD0.d.5DF7E5C7EB9554656C019631EF985FE9.e.7499/attribute/aria-checked - {}
COMMAND: GET /session/e85e052fb48b678918c44a977a8ff9db/screenshot - {}
RESULT: {}
COMMAND: POST /session/e85e052fb48b678918c44a977a8ff9db/element - {"using":"xpath","value":"//table[contains(@id, \"listView-innerSelectionPanelTable-listUl\")]/tbody/tr[3]/td[2]/div/div"}
RESULT: {}
RESULT: {"using":"xpath","value":"//table[contains(@id, \"listView-innerSelectionPanelTable-listUl\")]/tbody/tr[3]/td[2]/div/div"}
COMMAND: POST /session/e85e052fb48b678918c44a977a8ff9db/element - {"using":"xpath","value":"//table[contains(@id, \"listView-innerSelectionPanelTable-listUl\")]/tbody/tr[3]/td[2]/div"}
RESULT: {"using":"xpath","value":"//table[contains(@id, \"listView-innerSelectionPanelTable-listUl\")]/tbody/tr[3]/td[2]/div"}
COMMAND: POST /session/e85e052fb48b678918c44a977a8ff9db/element - {"using":"xpath","value":"//table[contains(@id, \"listView-innerSelectionPanelTable-listUl\")]/tbody/tr[3]/td[3]/div/div/span/span[1]/bdi"}
RESULT: {"using":"xpath","value":"//table[contains(@id, \"listView-innerSelectionPanelTable-listUl\")]/tbody/tr[3]/td[3]/div/div/span/span[1]/bdi"}
COMMAND: POST /session/e85e052fb48b678918c44a977a8ff9db/execute/sync - {"script":"<script> [56 bytes]","args":[{"element-6066-11e4-a52e-4f735466cecf":"f.0E2ED5F52CB306CEAC7E3CCDFCB92CD0.d.5DF7E5C7EB9554656C019631EF985FE9.e.7503","ELEMENT":"f.0E2ED5F52CB306CEAC7E3CCDFCB92CD0.d.5DF7E5C7EB9554656C019631EF985FE9.e.7503"}]}
RESULT: {"script":"<script> [56 bytes]","args":[{"element-6066-11e4-a52e-4f735466cecf":"f.0E2ED5F52CB306CEAC7E3CCDFCB92CD0.d.5DF7E5C7EB9554656C019631EF985FE9.e.7503","ELEMENT":"f.0E2ED5F52CB306CEAC7E3CCDFCB92CD0.d.5DF7E5C7EB9554656C019631EF985FE9.e.7503"}]}
COMMAND: GET /session/e85e052fb48b678918c44a977a8ff9db/element/f.0E2ED5F52CB306CEAC7E3CCDFCB92CD0.d.5DF7E5C7EB9554656C019631EF985FE9.e.7502/attribute/aria-checked - {}
COMMAND: GET /session/e85e052fb48b678918c44a977a8ff9db/screenshot - {}
RESULT: {}
COMMAND: POST /session/e85e052fb48b678918c44a977a8ff9db/element - {"using":"xpath","value":"//table[contains(@id, \"listView-innerSelectionPanelTable-listUl\")]/tbody/tr[4]/td[2]/div/div"}
RESULT: {}
RESULT: {"using":"xpath","value":"//table[contains(@id, \"listView-innerSelectionPanelTable-listUl\")]/tbody/tr[4]/td[2]/div/div"}
COMMAND: POST /session/e85e052fb48b678918c44a977a8ff9db/element - {"using":"xpath","value":"//table[contains(@id, \"listView-innerSelectionPanelTable-listUl\")]/tbody/tr[4]/td[2]/div"}
RESULT: {"using":"xpath","value":"//table[contains(@id, \"listView-innerSelectionPanelTable-listUl\")]/tbody/tr[4]/td[2]/div"}
COMMAND: POST /session/e85e052fb48b678918c44a977a8ff9db/element - {"using":"xpath","value":"//table[contains(@id, \"listView-innerSelectionPanelTable-listUl\")]/tbody/tr[4]/td[3]/div/div/span/span[1]/bdi"}
RESULT: {"using":"xpath","value":"//table[contains(@id, \"listView-innerSelectionPanelTable-listUl\")]/tbody/tr[4]/td[3]/div/div/span/span[1]/bdi"}
COMMAND: POST /session/e85e052fb48b678918c44a977a8ff9db/execute/sync - {"script":"<script> [56 bytes]","args":[{"element-6066-11e4-a52e-4f735466cecf":"f.0E2ED5F52CB306CEAC7E3CCDFCB92CD0.d.5DF7E5C7EB9554656C019631EF985FE9.e.7506","ELEMENT":"f.0E2ED5F52CB306CEAC7E3CCDFCB92CD0.d.5DF7E5C7EB9554656C019631EF985FE9.e.7506"}]}
RESULT: {"script":"<script> [56 bytes]","args":[{"element-6066-11e4-a52e-4f735466cecf":"f.0E2ED5F52CB306CEAC7E3CCDFCB92CD0.d.5DF7E5C7EB9554656C019631EF985FE9.e.7506","ELEMENT":"f.0E2ED5F52CB306CEAC7E3CCDFCB92CD0.d.5DF7E5C7EB9554656C019631EF985FE9.e.7506"}]}
COMMAND: GET /session/e85e052fb48b678918c44a977a8ff9db/element/f.0E2ED5F52CB306CEAC7E3CCDFCB92CD0.d.5DF7E5C7EB9554656C019631EF985FE9.e.7505/attribute/aria-checked - {}
COMMAND: GET /session/e85e052fb48b678918c44a977a8ff9db/screenshot - {}
RESULT: {}
COMMAND: POST /session/e85e052fb48b678918c44a977a8ff9db/element - {"using":"xpath","value":"//table[contains(@id, \"listView-innerSelectionPanelTable-listUl\")]/tbody/tr[5]/td[2]/div/div"}
RESULT: {}
RESULT: {"using":"xpath","value":"//table[contains(@id, \"listView-innerSelectionPanelTable-listUl\")]/tbody/tr[5]/td[2]/div/div"}
COMMAND: POST /session/e85e052fb48b678918c44a977a8ff9db/element - {"using":"xpath","value":"//table[contains(@id, \"listView-innerSelectionPanelTable-listUl\")]/tbody/tr[5]/td[2]/div"}
RESULT: {"using":"xpath","value":"//table[contains(@id, \"listView-innerSelectionPanelTable-listUl\")]/tbody/tr[5]/td[2]/div"}
COMMAND: POST /session/e85e052fb48b678918c44a977a8ff9db/element - {"using":"xpath","value":"//table[contains(@id, \"listView-innerSelectionPanelTable-listUl\")]/tbody/tr[5]/td[3]/div/div/span/span[1]/bdi"}
RESULT: {"using":"xpath","value":"//table[contains(@id, \"listView-innerSelectionPanelTable-listUl\")]/tbody/tr[5]/td[3]/div/div/span/span[1]/bdi"}
COMMAND: POST /session/e85e052fb48b678918c44a977a8ff9db/execute/sync - {"script":"<script> [56 bytes]","args":[{"element-6066-11e4-a52e-4f735466cecf":"f.0E2ED5F52CB306CEAC7E3CCDFCB92CD0.d.5DF7E5C7EB9554656C019631EF985FE9.e.7509","ELEMENT":"f.0E2ED5F52CB306CEAC7E3CCDFCB92CD0.d.5DF7E5C7EB9554656C019631EF985FE9.e.7509"}]}
RESULT: {"script":"<script> [56 bytes]","args":[{"element-6066-11e4-a52e-4f735466cecf":"f.0E2ED5F52CB306CEAC7E3CCDFCB92CD0.d.5DF7E5C7EB9554656C019631EF985FE9.e.7509","ELEMENT":"f.0E2ED5F52CB306CEAC7E3CCDFCB92CD0.d.5DF7E5C7EB9554656C019631EF985FE9.e.7509"}]}
COMMAND: GET /session/e85e052fb48b678918c44a977a8ff9db/element/f.0E2ED5F52CB306CEAC7E3CCDFCB92CD0.d.5DF7E5C7EB9554656C019631EF985FE9.e.7508/attribute/aria-checked - {}
COMMAND: GET /session/e85e052fb48b678918c44a977a8ff9db/screenshot - {}
RESULT: {}
COMMAND: POST /session/e85e052fb48b678918c44a977a8ff9db/element - {"using":"xpath","value":"//table[contains(@id, \"listView-innerSelectionPanelTable-listUl\")]/tbody/tr[6]/td[2]/div/div"}
RESULT: {}
RESULT: {"using":"xpath","value":"//table[contains(@id, \"listView-innerSelectionPanelTable-listUl\")]/tbody/tr[6]/td[2]/div/div"}
COMMAND: POST /session/e85e052fb48b678918c44a977a8ff9db/element - {"using":"xpath","value":"//table[contains(@id, \"listView-innerSelectionPanelTable-listUl\")]/tbody/tr[6]/td[2]/div"}
RESULT: {"using":"xpath","value":"//table[contains(@id, \"listView-innerSelectionPanelTable-listUl\")]/tbody/tr[6]/td[2]/div"}
COMMAND: POST /session/e85e052fb48b678918c44a977a8ff9db/element - {"using":"xpath","value":"//table[contains(@id, \"listView-innerSelectionPanelTable-listUl\")]/tbody/tr[6]/td[3]/div/div/span/span[1]/bdi"}
RESULT: {"using":"xpath","value":"//table[contains(@id, \"listView-innerSelectionPanelTable-listUl\")]/tbody/tr[6]/td[3]/div/div/span/span[1]/bdi"}
COMMAND: POST /session/e85e052fb48b678918c44a977a8ff9db/execute/sync - {"script":"<script> [56 bytes]","args":[{"element-6066-11e4-a52e-4f735466cecf":"f.0E2ED5F52CB306CEAC7E3CCDFCB92CD0.d.5DF7E5C7EB9554656C019631EF985FE9.e.7512","ELEMENT":"f.0E2ED5F52CB306CEAC7E3CCDFCB92CD0.d.5DF7E5C7EB9554656C019631EF985FE9.e.7512"}]}
RESULT: {"script":"<script> [56 bytes]","args":[{"element-6066-11e4-a52e-4f735466cecf":"f.0E2ED5F52CB306CEAC7E3CCDFCB92CD0.d.5DF7E5C7EB9554656C019631EF985FE9.e.7512","ELEMENT":"f.0E2ED5F52CB306CEAC7E3CCDFCB92CD0.d.5DF7E5C7EB9554656C019631EF985FE9.e.7512"}]}
COMMAND: GET /session/e85e052fb48b678918c44a977a8ff9db/element/f.0E2ED5F52CB306CEAC7E3CCDFCB92CD0.d.5DF7E5C7EB9554656C019631EF985FE9.e.7511/attribute/aria-checked - {}
COMMAND: GET /session/e85e052fb48b678918c44a977a8ff9db/screenshot - {}
RESULT: {}
COMMAND: POST /session/e85e052fb48b678918c44a977a8ff9db/element - {"using":"xpath","value":"//table[contains(@id, \"listView-innerSelectionPanelTable-listUl\")]/tbody/tr[7]/td[2]/div/div"}
RESULT: {}
RESULT: {"using":"xpath","value":"//table[contains(@id, \"listView-innerSelectionPanelTable-listUl\")]/tbody/tr[7]/td[2]/div/div"}
COMMAND: POST /session/e85e052fb48b678918c44a977a8ff9db/element - {"using":"xpath","value":"//table[contains(@id, \"listView-innerSelectionPanelTable-listUl\")]/tbody/tr[7]/td[2]/div"}
RESULT: {"using":"xpath","value":"//table[contains(@id, \"listView-innerSelectionPanelTable-listUl\")]/tbody/tr[7]/td[2]/div"}
COMMAND: POST /session/e85e052fb48b678918c44a977a8ff9db/element - {"using":"xpath","value":"//table[contains(@id, \"listView-innerSelectionPanelTable-listUl\")]/tbody/tr[7]/td[3]/div/div/span/span[1]/bdi"}
RESULT: {"using":"xpath","value":"//table[contains(@id, \"listView-innerSelectionPanelTable-listUl\")]/tbody/tr[7]/td[3]/div/div/span/span[1]/bdi"}
COMMAND: POST /session/e85e052fb48b678918c44a977a8ff9db/execute/sync - {"script":"<script> [56 bytes]","args":[{"element-6066-11e4-a52e-4f735466cecf":"f.0E2ED5F52CB306CEAC7E3CCDFCB92CD0.d.5DF7E5C7EB9554656C019631EF985FE9.e.7515","ELEMENT":"f.0E2ED5F52CB306CEAC7E3CCDFCB92CD0.d.5DF7E5C7EB9554656C019631EF985FE9.e.7515"}]}
RESULT: {"script":"<script> [56 bytes]","args":[{"element-6066-11e4-a52e-4f735466cecf":"f.0E2ED5F52CB306CEAC7E3CCDFCB92CD0.d.5DF7E5C7EB9554656C019631EF985FE9.e.7515","ELEMENT":"f.0E2ED5F52CB306CEAC7E3CCDFCB92CD0.d.5DF7E5C7EB9554656C019631EF985FE9.e.7515"}]}
COMMAND: GET /session/e85e052fb48b678918c44a977a8ff9db/element/f.0E2ED5F52CB306CEAC7E3CCDFCB92CD0.d.5DF7E5C7EB9554656C019631EF985FE9.e.7514/attribute/aria-checked - {}
COMMAND: GET /session/e85e052fb48b678918c44a977a8ff9db/screenshot - {}
RESULT: {}
COMMAND: POST /session/e85e052fb48b678918c44a977a8ff9db/element - {"using":"xpath","value":"//table[contains(@id, \"listView-innerSelectionPanelTable-listUl\")]/tbody/tr[8]/td[2]/div/div"}
RESULT: {}
RESULT: {"using":"xpath","value":"//table[contains(@id, \"listView-innerSelectionPanelTable-listUl\")]/tbody/tr[8]/td[2]/div/div"}
COMMAND: POST /session/e85e052fb48b678918c44a977a8ff9db/element - {"using":"xpath","value":"//table[contains(@id, \"listView-innerSelectionPanelTable-listUl\")]/tbody/tr[8]/td[2]/div"}
RESULT: {"using":"xpath","value":"//table[contains(@id, \"listView-innerSelectionPanelTable-listUl\")]/tbody/tr[8]/td[2]/div"}
COMMAND: POST /session/e85e052fb48b678918c44a977a8ff9db/element - {"using":"xpath","value":"//table[contains(@id, \"listView-innerSelectionPanelTable-listUl\")]/tbody/tr[8]/td[3]/div/div/span/span[1]/bdi"}
RESULT: {"using":"xpath","value":"//table[contains(@id, \"listView-innerSelectionPanelTable-listUl\")]/tbody/tr[8]/td[3]/div/div/span/span[1]/bdi"}
COMMAND: POST /session/e85e052fb48b678918c44a977a8ff9db/execute/sync - {"script":"<script> [56 bytes]","args":[{"element-6066-11e4-a52e-4f735466cecf":"f.0E2ED5F52CB306CEAC7E3CCDFCB92CD0.d.5DF7E5C7EB9554656C019631EF985FE9.e.7518","ELEMENT":"f.0E2ED5F52CB306CEAC7E3CCDFCB92CD0.d.5DF7E5C7EB9554656C019631EF985FE9.e.7518"}]}
RESULT: {"script":"<script> [56 bytes]","args":[{"element-6066-11e4-a52e-4f735466cecf":"f.0E2ED5F52CB306CEAC7E3CCDFCB92CD0.d.5DF7E5C7EB9554656C019631EF985FE9.e.7518","ELEMENT":"f.0E2ED5F52CB306CEAC7E3CCDFCB92CD0.d.5DF7E5C7EB9554656C019631EF985FE9.e.7518"}]}
COMMAND: GET /session/e85e052fb48b678918c44a977a8ff9db/element/f.0E2ED5F52CB306CEAC7E3CCDFCB92CD0.d.5DF7E5C7EB9554656C019631EF985FE9.e.7517/attribute/aria-checked - {}
COMMAND: GET /session/e85e052fb48b678918c44a977a8ff9db/screenshot - {}
RESULT: {}
COMMAND: POST /session/e85e052fb48b678918c44a977a8ff9db/element - {"using":"xpath","value":"//table[contains(@id, \"listView-innerSelectionPanelTable-listUl\")]/tbody/tr[9]/td[2]/div/div"}
RESULT: {}
RESULT: {"using":"xpath","value":"//table[contains(@id, \"listView-innerSelectionPanelTable-listUl\")]/tbody/tr[9]/td[2]/div/div"}
COMMAND: POST /session/e85e052fb48b678918c44a977a8ff9db/element - {"using":"xpath","value":"//table[contains(@id, \"listView-innerSelectionPanelTable-listUl\")]/tbody/tr[9]/td[2]/div"}
RESULT: {"using":"xpath","value":"//table[contains(@id, \"listView-innerSelectionPanelTable-listUl\")]/tbody/tr[9]/td[2]/div"}
COMMAND: POST /session/e85e052fb48b678918c44a977a8ff9db/element - {"using":"xpath","value":"//table[contains(@id, \"listView-innerSelectionPanelTable-listUl\")]/tbody/tr[9]/td[3]/div/div/span/span[1]/bdi"}
RESULT: {"using":"xpath","value":"//table[contains(@id, \"listView-innerSelectionPanelTable-listUl\")]/tbody/tr[9]/td[3]/div/div/span/span[1]/bdi"}
COMMAND: POST /session/e85e052fb48b678918c44a977a8ff9db/execute/sync - {"script":"<script> [56 bytes]","args":[{"element-6066-11e4-a52e-4f735466cecf":"f.0E2ED5F52CB306CEAC7E3CCDFCB92CD0.d.5DF7E5C7EB9554656C019631EF985FE9.e.7521","ELEMENT":"f.0E2ED5F52CB306CEAC7E3CCDFCB92CD0.d.5DF7E5C7EB9554656C019631EF985FE9.e.7521"}]}
RESULT: {"script":"<script> [56 bytes]","args":[{"element-6066-11e4-a52e-4f735466cecf":"f.0E2ED5F52CB306CEAC7E3CCDFCB92CD0.d.5DF7E5C7EB9554656C019631EF985FE9.e.7521","ELEMENT":"f.0E2ED5F52CB306CEAC7E3CCDFCB92CD0.d.5DF7E5C7EB9554656C019631EF985FE9.e.7521"}]}
COMMAND: GET /session/e85e052fb48b678918c44a977a8ff9db/element/f.0E2ED5F52CB306CEAC7E3CCDFCB92CD0.d.5DF7E5C7EB9554656C019631EF985FE9.e.7520/attribute/aria-checked - {}
COMMAND: GET /session/e85e052fb48b678918c44a977a8ff9db/screenshot - {}
RESULT: {}
COMMAND: POST /session/e85e052fb48b678918c44a977a8ff9db/element - {"using":"xpath","value":"//table[contains(@id, \"listView-innerSelectionPanelTable-listUl\")]/tbody/tr[10]/td[2]/div/div"}
RESULT: {}
RESULT: {"using":"xpath","value":"//table[contains(@id, \"listView-innerSelectionPanelTable-listUl\")]/tbody/tr[10]/td[2]/div/div"}
COMMAND: POST /session/e85e052fb48b678918c44a977a8ff9db/element - {"using":"xpath","value":"//table[contains(@id, \"listView-innerSelectionPanelTable-listUl\")]/tbody/tr[10]/td[2]/div"}
RESULT: {"using":"xpath","value":"//table[contains(@id, \"listView-innerSelectionPanelTable-listUl\")]/tbody/tr[10]/td[2]/div"}
COMMAND: POST /session/e85e052fb48b678918c44a977a8ff9db/element - {"using":"xpath","value":"//table[contains(@id, \"listView-innerSelectionPanelTable-listUl\")]/tbody/tr[10]/td[3]/div/div/span/span[1]/bdi"}
RESULT: {"using":"xpath","value":"//table[contains(@id, \"listView-innerSelectionPanelTable-listUl\")]/tbody/tr[10]/td[3]/div/div/span/span[1]/bdi"}
COMMAND: POST /session/e85e052fb48b678918c44a977a8ff9db/execute/sync - {"script":"<script> [56 bytes]","args":[{"element-6066-11e4-a52e-4f735466cecf":"f.0E2ED5F52CB306CEAC7E3CCDFCB92CD0.d.5DF7E5C7EB9554656C019631EF985FE9.e.7524","ELEMENT":"f.0E2ED5F52CB306CEAC7E3CCDFCB92CD0.d.5DF7E5C7EB9554656C019631EF985FE9.e.7524"}]}
RESULT: {"script":"<script> [56 bytes]","args":[{"element-6066-11e4-a52e-4f735466cecf":"f.0E2ED5F52CB306CEAC7E3CCDFCB92CD0.d.5DF7E5C7EB9554656C019631EF985FE9.e.7524","ELEMENT":"f.0E2ED5F52CB306CEAC7E3CCDFCB92CD0.d.5DF7E5C7EB9554656C019631EF985FE9.e.7524"}]}
COMMAND: GET /session/e85e052fb48b678918c44a977a8ff9db/element/f.0E2ED5F52CB306CEAC7E3CCDFCB92CD0.d.5DF7E5C7EB9554656C019631EF985FE9.e.7523/attribute/aria-checked - {}
COMMAND: GET /session/e85e052fb48b678918c44a977a8ff9db/screenshot - {}
RESULT: {}
COMMAND: POST /session/e85e052fb48b678918c44a977a8ff9db/element - {"using":"xpath","value":"//table[contains(@id, \"listView-innerSelectionPanelTable-listUl\")]/tbody/tr[11]/td[2]/div/div"}
RESULT: {}
RESULT: {"using":"xpath","value":"//table[contains(@id, \"listView-innerSelectionPanelTable-listUl\")]/tbody/tr[11]/td[2]/div/div"}
COMMAND: POST /session/e85e052fb48b678918c44a977a8ff9db/element - {"using":"xpath","value":"//table[contains(@id, \"listView-innerSelectionPanelTable-listUl\")]/tbody/tr[11]/td[2]/div"}
RESULT: {"using":"xpath","value":"//table[contains(@id, \"listView-innerSelectionPanelTable-listUl\")]/tbody/tr[11]/td[2]/div"}
COMMAND: POST /session/e85e052fb48b678918c44a977a8ff9db/element - {"using":"xpath","value":"//table[contains(@id, \"listView-innerSelectionPanelTable-listUl\")]/tbody/tr[11]/td[3]/div/div/span/span[1]/bdi"}
RESULT: {"using":"xpath","value":"//table[contains(@id, \"listView-innerSelectionPanelTable-listUl\")]/tbody/tr[11]/td[3]/div/div/span/span[1]/bdi"}
COMMAND: POST /session/e85e052fb48b678918c44a977a8ff9db/execute/sync - {"script":"<script> [56 bytes]","args":[{"element-6066-11e4-a52e-4f735466cecf":"f.0E2ED5F52CB306CEAC7E3CCDFCB92CD0.d.5DF7E5C7EB9554656C019631EF985FE9.e.7527","ELEMENT":"f.0E2ED5F52CB306CEAC7E3CCDFCB92CD0.d.5DF7E5C7EB9554656C019631EF985FE9.e.7527"}]}
RESULT: {"script":"<script> [56 bytes]","args":[{"element-6066-11e4-a52e-4f735466cecf":"f.0E2ED5F52CB306CEAC7E3CCDFCB92CD0.d.5DF7E5C7EB9554656C019631EF985FE9.e.7527","ELEMENT":"f.0E2ED5F52CB306CEAC7E3CCDFCB92CD0.d.5DF7E5C7EB9554656C019631EF985FE9.e.7527"}]}
COMMAND: GET /session/e85e052fb48b678918c44a977a8ff9db/element/f.0E2ED5F52CB306CEAC7E3CCDFCB92CD0.d.5DF7E5C7EB9554656C019631EF985FE9.e.7526/attribute/aria-checked - {}
COMMAND: GET /session/e85e052fb48b678918c44a977a8ff9db/screenshot - {}
RESULT: {}
COMMAND: POST /session/e85e052fb48b678918c44a977a8ff9db/element - {"using":"xpath","value":"//table[contains(@id, \"listView-innerSelectionPanelTable-listUl\")]/tbody/tr[12]/td[2]/div/div"}
RESULT: {}
RESULT: {"using":"xpath","value":"//table[contains(@id, \"listView-innerSelectionPanelTable-listUl\")]/tbody/tr[12]/td[2]/div/div"}
COMMAND: POST /session/e85e052fb48b678918c44a977a8ff9db/element - {"using":"xpath","value":"//table[contains(@id, \"listView-innerSelectionPanelTable-listUl\")]/tbody/tr[12]/td[2]/div"}
RESULT: {"using":"xpath","value":"//table[contains(@id, \"listView-innerSelectionPanelTable-listUl\")]/tbody/tr[12]/td[2]/div"}
COMMAND: POST /session/e85e052fb48b678918c44a977a8ff9db/element - {"using":"xpath","value":"//table[contains(@id, \"listView-innerSelectionPanelTable-listUl\")]/tbody/tr[12]/td[3]/div/div/span/span[1]/bdi"}
RESULT: {"using":"xpath","value":"//table[contains(@id, \"listView-innerSelectionPanelTable-listUl\")]/tbody/tr[12]/td[3]/div/div/span/span[1]/bdi"}
COMMAND: POST /session/e85e052fb48b678918c44a977a8ff9db/execute/sync - {"script":"<script> [56 bytes]","args":[{"element-6066-11e4-a52e-4f735466cecf":"f.0E2ED5F52CB306CEAC7E3CCDFCB92CD0.d.5DF7E5C7EB9554656C019631EF985FE9.e.7530","ELEMENT":"f.0E2ED5F52CB306CEAC7E3CCDFCB92CD0.d.5DF7E5C7EB9554656C019631EF985FE9.e.7530"}]}
RESULT: {"script":"<script> [56 bytes]","args":[{"element-6066-11e4-a52e-4f735466cecf":"f.0E2ED5F52CB306CEAC7E3CCDFCB92CD0.d.5DF7E5C7EB9554656C019631EF985FE9.e.7530","ELEMENT":"f.0E2ED5F52CB306CEAC7E3CCDFCB92CD0.d.5DF7E5C7EB9554656C019631EF985FE9.e.7530"}]}
COMMAND: GET /session/e85e052fb48b678918c44a977a8ff9db/element/f.0E2ED5F52CB306CEAC7E3CCDFCB92CD0.d.5DF7E5C7EB9554656C019631EF985FE9.e.7529/attribute/aria-checked - {}
COMMAND: GET /session/e85e052fb48b678918c44a977a8ff9db/screenshot - {}
RESULT: {}
COMMAND: POST /session/e85e052fb48b678918c44a977a8ff9db/element - {"using":"xpath","value":"//table[contains(@id, \"listView-innerSelectionPanelTable-listUl\")]/tbody/tr[13]/td[2]/div/div"}
RESULT: {}
RESULT: {"using":"xpath","value":"//table[contains(@id, \"listView-innerSelectionPanelTable-listUl\")]/tbody/tr[13]/td[2]/div/div"}
COMMAND: POST /session/e85e052fb48b678918c44a977a8ff9db/element - {"using":"xpath","value":"//table[contains(@id, \"listView-innerSelectionPanelTable-listUl\")]/tbody/tr[13]/td[2]/div"}
RESULT: {"using":"xpath","value":"//table[contains(@id, \"listView-innerSelectionPanelTable-listUl\")]/tbody/tr[13]/td[2]/div"}
COMMAND: POST /session/e85e052fb48b678918c44a977a8ff9db/element - {"using":"xpath","value":"//table[contains(@id, \"listView-innerSelectionPanelTable-listUl\")]/tbody/tr[13]/td[3]/div/div/span/span[1]/bdi"}
RESULT: {"using":"xpath","value":"//table[contains(@id, \"listView-innerSelectionPanelTable-listUl\")]/tbody/tr[13]/td[3]/div/div/span/span[1]/bdi"}
COMMAND: POST /session/e85e052fb48b678918c44a977a8ff9db/execute/sync - {"script":"<script> [56 bytes]","args":[{"element-6066-11e4-a52e-4f735466cecf":"f.0E2ED5F52CB306CEAC7E3CCDFCB92CD0.d.5DF7E5C7EB9554656C019631EF985FE9.e.7533","ELEMENT":"f.0E2ED5F52CB306CEAC7E3CCDFCB92CD0.d.5DF7E5C7EB9554656C019631EF985FE9.e.7533"}]}
RESULT: {"script":"<script> [56 bytes]","args":[{"element-6066-11e4-a52e-4f735466cecf":"f.0E2ED5F52CB306CEAC7E3CCDFCB92CD0.d.5DF7E5C7EB9554656C019631EF985FE9.e.7533","ELEMENT":"f.0E2ED5F52CB306CEAC7E3CCDFCB92CD0.d.5DF7E5C7EB9554656C019631EF985FE9.e.7533"}]}
COMMAND: GET /session/e85e052fb48b678918c44a977a8ff9db/element/f.0E2ED5F52CB306CEAC7E3CCDFCB92CD0.d.5DF7E5C7EB9554656C019631EF985FE9.e.7532/attribute/aria-checked - {}
COMMAND: GET /session/e85e052fb48b678918c44a977a8ff9db/screenshot - {}
RESULT: {}
COMMAND: POST /session/e85e052fb48b678918c44a977a8ff9db/element - {"using":"xpath","value":"//table[contains(@id, \"listView-innerSelectionPanelTable-listUl\")]/tbody/tr[14]/td[2]/div/div"}
COMMAND: POST /session/e85e052fb48b678918c44a977a8ff9db/element/f.0E2ED5F52CB306CEAC7E3CCDFCB92CD0.d.5DF7E5C7EB9554656C019631EF985FE9.e.7531/click - {}
RESULT: {}
RESULT: {"using":"xpath","value":"//table[contains(@id, \"listView-innerSelectionPanelTable-listUl\")]/tbody/tr[14]/td[2]/div/div"}
COMMAND: POST /session/e85e052fb48b678918c44a977a8ff9db/element - {"using":"xpath","value":"//table[contains(@id, \"listView-innerSelectionPanelTable-listUl\")]/tbody/tr[14]/td[2]/div"}
RESULT: {}
COMMAND: GET /session/e85e052fb48b678918c44a977a8ff9db/screenshot - {}
RESULT: {"using":"xpath","value":"//table[contains(@id, \"listView-innerSelectionPanelTable-listUl\")]/tbody/tr[14]/td[2]/div"}
COMMAND: POST /session/e85e052fb48b678918c44a977a8ff9db/element - {"using":"xpath","value":"//table[contains(@id, \"listView-innerSelectionPanelTable-listUl\")]/tbody/tr[14]/td[3]/div/div/span/span[1]/bdi"}
RESULT: {}
RESULT: {"using":"xpath","value":"//table[contains(@id, \"listView-innerSelectionPanelTable-listUl\")]/tbody/tr[14]/td[3]/div/div/span/span[1]/bdi"}
COMMAND: POST /session/e85e052fb48b678918c44a977a8ff9db/execute/sync - {"script":"<script> [56 bytes]","args":[{"element-6066-11e4-a52e-4f735466cecf":"f.0E2ED5F52CB306CEAC7E3CCDFCB92CD0.d.5DF7E5C7EB9554656C019631EF985FE9.e.7537","ELEMENT":"f.0E2ED5F52CB306CEAC7E3CCDFCB92CD0.d.5DF7E5C7EB9554656C019631EF985FE9.e.7537"}]}
RESULT: {"script":"<script> [56 bytes]","args":[{"element-6066-11e4-a52e-4f735466cecf":"f.0E2ED5F52CB306CEAC7E3CCDFCB92CD0.d.5DF7E5C7EB9554656C019631EF985FE9.e.7537","ELEMENT":"f.0E2ED5F52CB306CEAC7E3CCDFCB92CD0.d.5DF7E5C7EB9554656C019631EF985FE9.e.7537"}]}
COMMAND: GET /session/e85e052fb48b678918c44a977a8ff9db/element/f.0E2ED5F52CB306CEAC7E3CCDFCB92CD0.d.5DF7E5C7EB9554656C019631EF985FE9.e.7536/attribute/aria-checked - {}
COMMAND: GET /session/e85e052fb48b678918c44a977a8ff9db/screenshot - {}
RESULT: {}
COMMAND: POST /session/e85e052fb48b678918c44a977a8ff9db/element - {"using":"xpath","value":"//table[contains(@id, \"listView-innerSelectionPanelTable-listUl\")]/tbody/tr[15]/td[2]/div/div"}
RESULT: {}
RESULT: {"using":"xpath","value":"//table[contains(@id, \"listView-innerSelectionPanelTable-listUl\")]/tbody/tr[15]/td[2]/div/div"}
COMMAND: POST /session/e85e052fb48b678918c44a977a8ff9db/element - {"using":"xpath","value":"//table[contains(@id, \"listView-innerSelectionPanelTable-listUl\")]/tbody/tr[15]/td[2]/div"}
RESULT: {"using":"xpath","value":"//table[contains(@id, \"listView-innerSelectionPanelTable-listUl\")]/tbody/tr[15]/td[2]/div"}
COMMAND: POST /session/e85e052fb48b678918c44a977a8ff9db/element - {"using":"xpath","value":"//table[contains(@id, \"listView-innerSelectionPanelTable-listUl\")]/tbody/tr[15]/td[3]/div/div/span/span[1]/bdi"}
RESULT: {"using":"xpath","value":"//table[contains(@id, \"listView-innerSelectionPanelTable-listUl\")]/tbody/tr[15]/td[3]/div/div/span/span[1]/bdi"}
COMMAND: POST /session/e85e052fb48b678918c44a977a8ff9db/execute/sync - {"script":"<script> [56 bytes]","args":[{"element-6066-11e4-a52e-4f735466cecf":"f.0E2ED5F52CB306CEAC7E3CCDFCB92CD0.d.5DF7E5C7EB9554656C019631EF985FE9.e.7540","ELEMENT":"f.0E2ED5F52CB306CEAC7E3CCDFCB92CD0.d.5DF7E5C7EB9554656C019631EF985FE9.e.7540"}]}
RESULT: {"script":"<script> [56 bytes]","args":[{"element-6066-11e4-a52e-4f735466cecf":"f.0E2ED5F52CB306CEAC7E3CCDFCB92CD0.d.5DF7E5C7EB9554656C019631EF985FE9.e.7540","ELEMENT":"f.0E2ED5F52CB306CEAC7E3CCDFCB92CD0.d.5DF7E5C7EB9554656C019631EF985FE9.e.7540"}]}
COMMAND: GET /session/e85e052fb48b678918c44a977a8ff9db/element/f.0E2ED5F52CB306CEAC7E3CCDFCB92CD0.d.5DF7E5C7EB9554656C019631EF985FE9.e.7539/attribute/aria-checked - {}
COMMAND: GET /session/e85e052fb48b678918c44a977a8ff9db/screenshot - {}
RESULT: {}
COMMAND: POST /session/e85e052fb48b678918c44a977a8ff9db/element - {"using":"xpath","value":"//table[contains(@id, \"listView-innerSelectionPanelTable-listUl\")]/tbody/tr[16]/td[2]/div/div"}
RESULT: {}
RESULT: {"using":"xpath","value":"//table[contains(@id, \"listView-innerSelectionPanelTable-listUl\")]/tbody/tr[16]/td[2]/div/div"}
COMMAND: POST /session/e85e052fb48b678918c44a977a8ff9db/element - {"using":"xpath","value":"//table[contains(@id, \"listView-innerSelectionPanelTable-listUl\")]/tbody/tr[16]/td[2]/div"}
RESULT: {"using":"xpath","value":"//table[contains(@id, \"listView-innerSelectionPanelTable-listUl\")]/tbody/tr[16]/td[2]/div"}
COMMAND: POST /session/e85e052fb48b678918c44a977a8ff9db/element - {"using":"xpath","value":"//table[contains(@id, \"listView-innerSelectionPanelTable-listUl\")]/tbody/tr[16]/td[3]/div/div/span/span[1]/bdi"}
RESULT: {"using":"xpath","value":"//table[contains(@id, \"listView-innerSelectionPanelTable-listUl\")]/tbody/tr[16]/td[3]/div/div/span/span[1]/bdi"}
COMMAND: POST /session/e85e052fb48b678918c44a977a8ff9db/execute/sync - {"script":"<script> [56 bytes]","args":[{"element-6066-11e4-a52e-4f735466cecf":"f.0E2ED5F52CB306CEAC7E3CCDFCB92CD0.d.5DF7E5C7EB9554656C019631EF985FE9.e.7543","ELEMENT":"f.0E2ED5F52CB306CEAC7E3CCDFCB92CD0.d.5DF7E5C7EB9554656C019631EF985FE9.e.7543"}]}
RESULT: {"script":"<script> [56 bytes]","args":[{"element-6066-11e4-a52e-4f735466cecf":"f.0E2ED5F52CB306CEAC7E3CCDFCB92CD0.d.5DF7E5C7EB9554656C019631EF985FE9.e.7543","ELEMENT":"f.0E2ED5F52CB306CEAC7E3CCDFCB92CD0.d.5DF7E5C7EB9554656C019631EF985FE9.e.7543"}]}
COMMAND: GET /session/e85e052fb48b678918c44a977a8ff9db/element/f.0E2ED5F52CB306CEAC7E3CCDFCB92CD0.d.5DF7E5C7EB9554656C019631EF985FE9.e.7542/attribute/aria-checked - {}
COMMAND: GET /session/e85e052fb48b678918c44a977a8ff9db/screenshot - {}
RESULT: {}
COMMAND: POST /session/e85e052fb48b678918c44a977a8ff9db/element - {"using":"xpath","value":"//table[contains(@id, \"listView-innerSelectionPanelTable-listUl\")]/tbody/tr[17]/td[2]/div/div"}
RESULT: {}
RESULT: {"using":"xpath","value":"//table[contains(@id, \"listView-innerSelectionPanelTable-listUl\")]/tbody/tr[17]/td[2]/div/div"}
COMMAND: POST /session/e85e052fb48b678918c44a977a8ff9db/element - {"using":"xpath","value":"//table[contains(@id, \"listView-innerSelectionPanelTable-listUl\")]/tbody/tr[17]/td[2]/div"}
RESULT: {"using":"xpath","value":"//table[contains(@id, \"listView-innerSelectionPanelTable-listUl\")]/tbody/tr[17]/td[2]/div"}
COMMAND: POST /session/e85e052fb48b678918c44a977a8ff9db/element - {"using":"xpath","value":"//table[contains(@id, \"listView-innerSelectionPanelTable-listUl\")]/tbody/tr[17]/td[3]/div/div/span/span[1]/bdi"}
RESULT: {"using":"xpath","value":"//table[contains(@id, \"listView-innerSelectionPanelTable-listUl\")]/tbody/tr[17]/td[3]/div/div/span/span[1]/bdi"}
COMMAND: POST /session/e85e052fb48b678918c44a977a8ff9db/execute/sync - {"script":"<script> [56 bytes]","args":[{"element-6066-11e4-a52e-4f735466cecf":"f.0E2ED5F52CB306CEAC7E3CCDFCB92CD0.d.5DF7E5C7EB9554656C019631EF985FE9.e.7546","ELEMENT":"f.0E2ED5F52CB306CEAC7E3CCDFCB92CD0.d.5DF7E5C7EB9554656C019631EF985FE9.e.7546"}]}
RESULT: {"script":"<script> [56 bytes]","args":[{"element-6066-11e4-a52e-4f735466cecf":"f.0E2ED5F52CB306CEAC7E3CCDFCB92CD0.d.5DF7E5C7EB9554656C019631EF985FE9.e.7546","ELEMENT":"f.0E2ED5F52CB306CEAC7E3CCDFCB92CD0.d.5DF7E5C7EB9554656C019631EF985FE9.e.7546"}]}
COMMAND: GET /session/e85e052fb48b678918c44a977a8ff9db/element/f.0E2ED5F52CB306CEAC7E3CCDFCB92CD0.d.5DF7E5C7EB9554656C019631EF985FE9.e.7545/attribute/aria-checked - {}
COMMAND: GET /session/e85e052fb48b678918c44a977a8ff9db/screenshot - {}
RESULT: {}
COMMAND: POST /session/e85e052fb48b678918c44a977a8ff9db/element - {"using":"xpath","value":"//table[contains(@id, \"listView-innerSelectionPanelTable-listUl\")]/tbody/tr[18]/td[2]/div/div"}
RESULT: {}
RESULT: {"using":"xpath","value":"//table[contains(@id, \"listView-innerSelectionPanelTable-listUl\")]/tbody/tr[18]/td[2]/div/div"}
COMMAND: POST /session/e85e052fb48b678918c44a977a8ff9db/element - {"using":"xpath","value":"//table[contains(@id, \"listView-innerSelectionPanelTable-listUl\")]/tbody/tr[18]/td[2]/div"}
RESULT: {"using":"xpath","value":"//table[contains(@id, \"listView-innerSelectionPanelTable-listUl\")]/tbody/tr[18]/td[2]/div"}
COMMAND: POST /session/e85e052fb48b678918c44a977a8ff9db/element - {"using":"xpath","value":"//table[contains(@id, \"listView-innerSelectionPanelTable-listUl\")]/tbody/tr[18]/td[3]/div/div/span/span[1]/bdi"}
RESULT: {"using":"xpath","value":"//table[contains(@id, \"listView-innerSelectionPanelTable-listUl\")]/tbody/tr[18]/td[3]/div/div/span/span[1]/bdi"}
COMMAND: POST /session/e85e052fb48b678918c44a977a8ff9db/execute/sync - {"script":"<script> [56 bytes]","args":[{"element-6066-11e4-a52e-4f735466cecf":"f.0E2ED5F52CB306CEAC7E3CCDFCB92CD0.d.5DF7E5C7EB9554656C019631EF985FE9.e.7549","ELEMENT":"f.0E2ED5F52CB306CEAC7E3CCDFCB92CD0.d.5DF7E5C7EB9554656C019631EF985FE9.e.7549"}]}
RESULT: {"script":"<script> [56 bytes]","args":[{"element-6066-11e4-a52e-4f735466cecf":"f.0E2ED5F52CB306CEAC7E3CCDFCB92CD0.d.5DF7E5C7EB9554656C019631EF985FE9.e.7549","ELEMENT":"f.0E2ED5F52CB306CEAC7E3CCDFCB92CD0.d.5DF7E5C7EB9554656C019631EF985FE9.e.7549"}]}
COMMAND: GET /session/e85e052fb48b678918c44a977a8ff9db/element/f.0E2ED5F52CB306CEAC7E3CCDFCB92CD0.d.5DF7E5C7EB9554656C019631EF985FE9.e.7548/attribute/aria-checked - {}
COMMAND: GET /session/e85e052fb48b678918c44a977a8ff9db/screenshot - {}
RESULT: {}
COMMAND: POST /session/e85e052fb48b678918c44a977a8ff9db/element - {"using":"xpath","value":"//table[contains(@id, \"listView-innerSelectionPanelTable-listUl\")]/tbody/tr[19]/td[2]/div/div"}
RESULT: {}
RESULT: {"using":"xpath","value":"//table[contains(@id, \"listView-innerSelectionPanelTable-listUl\")]/tbody/tr[19]/td[2]/div/div"}
COMMAND: POST /session/e85e052fb48b678918c44a977a8ff9db/element - {"using":"xpath","value":"//table[contains(@id, \"listView-innerSelectionPanelTable-listUl\")]/tbody/tr[19]/td[2]/div"}
RESULT: {"using":"xpath","value":"//table[contains(@id, \"listView-innerSelectionPanelTable-listUl\")]/tbody/tr[19]/td[2]/div"}
COMMAND: POST /session/e85e052fb48b678918c44a977a8ff9db/element - {"using":"xpath","value":"//table[contains(@id, \"listView-innerSelectionPanelTable-listUl\")]/tbody/tr[19]/td[3]/div/div/span/span[1]/bdi"}
RESULT: {"using":"xpath","value":"//table[contains(@id, \"listView-innerSelectionPanelTable-listUl\")]/tbody/tr[19]/td[3]/div/div/span/span[1]/bdi"}
COMMAND: POST /session/e85e052fb48b678918c44a977a8ff9db/execute/sync - {"script":"<script> [56 bytes]","args":[{"element-6066-11e4-a52e-4f735466cecf":"f.0E2ED5F52CB306CEAC7E3CCDFCB92CD0.d.5DF7E5C7EB9554656C019631EF985FE9.e.7552","ELEMENT":"f.0E2ED5F52CB306CEAC7E3CCDFCB92CD0.d.5DF7E5C7EB9554656C019631EF985FE9.e.7552"}]}
RESULT: {"script":"<script> [56 bytes]","args":[{"element-6066-11e4-a52e-4f735466cecf":"f.0E2ED5F52CB306CEAC7E3CCDFCB92CD0.d.5DF7E5C7EB9554656C019631EF985FE9.e.7552","ELEMENT":"f.0E2ED5F52CB306CEAC7E3CCDFCB92CD0.d.5DF7E5C7EB9554656C019631EF985FE9.e.7552"}]}
COMMAND: GET /session/e85e052fb48b678918c44a977a8ff9db/element/f.0E2ED5F52CB306CEAC7E3CCDFCB92CD0.d.5DF7E5C7EB9554656C019631EF985FE9.e.7551/attribute/aria-checked - {}
COMMAND: GET /session/e85e052fb48b678918c44a977a8ff9db/screenshot - {}
RESULT: {}
COMMAND: POST /session/e85e052fb48b678918c44a977a8ff9db/element - {"using":"xpath","value":"//table[contains(@id, \"listView-innerSelectionPanelTable-listUl\")]/tbody/tr[20]/td[2]/div/div"}
RESULT: {}
RESULT: {"using":"xpath","value":"//table[contains(@id, \"listView-innerSelectionPanelTable-listUl\")]/tbody/tr[20]/td[2]/div/div"}
COMMAND: POST /session/e85e052fb48b678918c44a977a8ff9db/element - {"using":"xpath","value":"//table[contains(@id, \"listView-innerSelectionPanelTable-listUl\")]/tbody/tr[20]/td[2]/div"}
RESULT: {"using":"xpath","value":"//table[contains(@id, \"listView-innerSelectionPanelTable-listUl\")]/tbody/tr[20]/td[2]/div"}
COMMAND: POST /session/e85e052fb48b678918c44a977a8ff9db/element - {"using":"xpath","value":"//table[contains(@id, \"listView-innerSelectionPanelTable-listUl\")]/tbody/tr[20]/td[3]/div/div/span/span[1]/bdi"}
RESULT: {"using":"xpath","value":"//table[contains(@id, \"listView-innerSelectionPanelTable-listUl\")]/tbody/tr[20]/td[3]/div/div/span/span[1]/bdi"}
COMMAND: POST /session/e85e052fb48b678918c44a977a8ff9db/execute/sync - {"script":"<script> [56 bytes]","args":[{"element-6066-11e4-a52e-4f735466cecf":"f.0E2ED5F52CB306CEAC7E3CCDFCB92CD0.d.5DF7E5C7EB9554656C019631EF985FE9.e.7555","ELEMENT":"f.0E2ED5F52CB306CEAC7E3CCDFCB92CD0.d.5DF7E5C7EB9554656C019631EF985FE9.e.7555"}]}
RESULT: {"script":"<script> [56 bytes]","args":[{"element-6066-11e4-a52e-4f735466cecf":"f.0E2ED5F52CB306CEAC7E3CCDFCB92CD0.d.5DF7E5C7EB9554656C019631EF985FE9.e.7555","ELEMENT":"f.0E2ED5F52CB306CEAC7E3CCDFCB92CD0.d.5DF7E5C7EB9554656C019631EF985FE9.e.7555"}]}
COMMAND: GET /session/e85e052fb48b678918c44a977a8ff9db/element/f.0E2ED5F52CB306CEAC7E3CCDFCB92CD0.d.5DF7E5C7EB9554656C019631EF985FE9.e.7554/attribute/aria-checked - {}
COMMAND: GET /session/e85e052fb48b678918c44a977a8ff9db/screenshot - {}
RESULT: {}
COMMAND: POST /session/e85e052fb48b678918c44a977a8ff9db/element - {"using":"xpath","value":"//table[contains(@id, \"listView-innerSelectionPanelTable-listUl\")]/tbody/tr[21]/td[2]/div/div"}
RESULT: {}
RESULT: {"using":"xpath","value":"//table[contains(@id, \"listView-innerSelectionPanelTable-listUl\")]/tbody/tr[21]/td[2]/div/div"}
COMMAND: POST /session/e85e052fb48b678918c44a977a8ff9db/element - {"using":"xpath","value":"//table[contains(@id, \"listView-innerSelectionPanelTable-listUl\")]/tbody/tr[21]/td[2]/div"}
RESULT: {"using":"xpath","value":"//table[contains(@id, \"listView-innerSelectionPanelTable-listUl\")]/tbody/tr[21]/td[2]/div"}
COMMAND: POST /session/e85e052fb48b678918c44a977a8ff9db/element - {"using":"xpath","value":"//table[contains(@id, \"listView-innerSelectionPanelTable-listUl\")]/tbody/tr[21]/td[3]/div/div/span/span[1]/bdi"}
RESULT: {"using":"xpath","value":"//table[contains(@id, \"listView-innerSelectionPanelTable-listUl\")]/tbody/tr[21]/td[3]/div/div/span/span[1]/bdi"}
COMMAND: POST /session/e85e052fb48b678918c44a977a8ff9db/execute/sync - {"script":"<script> [56 bytes]","args":[{"element-6066-11e4-a52e-4f735466cecf":"f.0E2ED5F52CB306CEAC7E3CCDFCB92CD0.d.5DF7E5C7EB9554656C019631EF985FE9.e.7558","ELEMENT":"f.0E2ED5F52CB306CEAC7E3CCDFCB92CD0.d.5DF7E5C7EB9554656C019631EF985FE9.e.7558"}]}
RESULT: {"script":"<script> [56 bytes]","args":[{"element-6066-11e4-a52e-4f735466cecf":"f.0E2ED5F52CB306CEAC7E3CCDFCB92CD0.d.5DF7E5C7EB9554656C019631EF985FE9.e.7558","ELEMENT":"f.0E2ED5F52CB306CEAC7E3CCDFCB92CD0.d.5DF7E5C7EB9554656C019631EF985FE9.e.7558"}]}
COMMAND: GET /session/e85e052fb48b678918c44a977a8ff9db/element/f.0E2ED5F52CB306CEAC7E3CCDFCB92CD0.d.5DF7E5C7EB9554656C019631EF985FE9.e.7557/attribute/aria-checked - {}
COMMAND: GET /session/e85e052fb48b678918c44a977a8ff9db/screenshot - {}
RESULT: {}
COMMAND: POST /session/e85e052fb48b678918c44a977a8ff9db/element - {"using":"xpath","value":"//table[contains(@id, \"listView-innerSelectionPanelTable-listUl\")]/tbody/tr[22]/td[2]/div/div"}
RESULT: {}
RESULT: {"using":"xpath","value":"//table[contains(@id, \"listView-innerSelectionPanelTable-listUl\")]/tbody/tr[22]/td[2]/div/div"}
COMMAND: POST /session/e85e052fb48b678918c44a977a8ff9db/element - {"using":"xpath","value":"//table[contains(@id, \"listView-innerSelectionPanelTable-listUl\")]/tbody/tr[22]/td[2]/div"}
RESULT: {"using":"xpath","value":"//table[contains(@id, \"listView-innerSelectionPanelTable-listUl\")]/tbody/tr[22]/td[2]/div"}
COMMAND: POST /session/e85e052fb48b678918c44a977a8ff9db/element - {"using":"xpath","value":"//table[contains(@id, \"listView-innerSelectionPanelTable-listUl\")]/tbody/tr[22]/td[3]/div/div/span/span[1]/bdi"}
RESULT: {"using":"xpath","value":"//table[contains(@id, \"listView-innerSelectionPanelTable-listUl\")]/tbody/tr[22]/td[3]/div/div/span/span[1]/bdi"}
COMMAND: POST /session/e85e052fb48b678918c44a977a8ff9db/execute/sync - {"script":"<script> [56 bytes]","args":[{"element-6066-11e4-a52e-4f735466cecf":"f.0E2ED5F52CB306CEAC7E3CCDFCB92CD0.d.5DF7E5C7EB9554656C019631EF985FE9.e.7561","ELEMENT":"f.0E2ED5F52CB306CEAC7E3CCDFCB92CD0.d.5DF7E5C7EB9554656C019631EF985FE9.e.7561"}]}
RESULT: {"script":"<script> [56 bytes]","args":[{"element-6066-11e4-a52e-4f735466cecf":"f.0E2ED5F52CB306CEAC7E3CCDFCB92CD0.d.5DF7E5C7EB9554656C019631EF985FE9.e.7561","ELEMENT":"f.0E2ED5F52CB306CEAC7E3CCDFCB92CD0.d.5DF7E5C7EB9554656C019631EF985FE9.e.7561"}]}
COMMAND: GET /session/e85e052fb48b678918c44a977a8ff9db/element/f.0E2ED5F52CB306CEAC7E3CCDFCB92CD0.d.5DF7E5C7EB9554656C019631EF985FE9.e.7560/attribute/aria-checked - {}
COMMAND: GET /session/e85e052fb48b678918c44a977a8ff9db/screenshot - {}
RESULT: {}
COMMAND: POST /session/e85e052fb48b678918c44a977a8ff9db/element - {"using":"xpath","value":"//table[contains(@id, \"listView-innerSelectionPanelTable-listUl\")]/tbody/tr[23]/td[2]/div/div"}
RESULT: {}
RESULT: {"using":"xpath","value":"//table[contains(@id, \"listView-innerSelectionPanelTable-listUl\")]/tbody/tr[23]/td[2]/div/div"}
COMMAND: POST /session/e85e052fb48b678918c44a977a8ff9db/element - {"using":"xpath","value":"//table[contains(@id, \"listView-innerSelectionPanelTable-listUl\")]/tbody/tr[23]/td[2]/div"}
RESULT: {"using":"xpath","value":"//table[contains(@id, \"listView-innerSelectionPanelTable-listUl\")]/tbody/tr[23]/td[2]/div"}
COMMAND: POST /session/e85e052fb48b678918c44a977a8ff9db/element - {"using":"xpath","value":"//table[contains(@id, \"listView-innerSelectionPanelTable-listUl\")]/tbody/tr[23]/td[3]/div/div/span/span[1]/bdi"}
RESULT: {"using":"xpath","value":"//table[contains(@id, \"listView-innerSelectionPanelTable-listUl\")]/tbody/tr[23]/td[3]/div/div/span/span[1]/bdi"}
COMMAND: POST /session/e85e052fb48b678918c44a977a8ff9db/execute/sync - {"script":"<script> [56 bytes]","args":[{"element-6066-11e4-a52e-4f735466cecf":"f.0E2ED5F52CB306CEAC7E3CCDFCB92CD0.d.5DF7E5C7EB9554656C019631EF985FE9.e.7564","ELEMENT":"f.0E2ED5F52CB306CEAC7E3CCDFCB92CD0.d.5DF7E5C7EB9554656C019631EF985FE9.e.7564"}]}
RESULT: {"script":"<script> [56 bytes]","args":[{"element-6066-11e4-a52e-4f735466cecf":"f.0E2ED5F52CB306CEAC7E3CCDFCB92CD0.d.5DF7E5C7EB9554656C019631EF985FE9.e.7564","ELEMENT":"f.0E2ED5F52CB306CEAC7E3CCDFCB92CD0.d.5DF7E5C7EB9554656C019631EF985FE9.e.7564"}]}
COMMAND: GET /session/e85e052fb48b678918c44a977a8ff9db/element/f.0E2ED5F52CB306CEAC7E3CCDFCB92CD0.d.5DF7E5C7EB9554656C019631EF985FE9.e.7563/attribute/aria-checked - {}
COMMAND: GET /session/e85e052fb48b678918c44a977a8ff9db/screenshot - {}
RESULT: {}
COMMAND: POST /session/e85e052fb48b678918c44a977a8ff9db/element - {"using":"xpath","value":"//table[contains(@id, \"listView-innerSelectionPanelTable-listUl\")]/tbody/tr[24]/td[2]/div/div"}
RESULT: {}
RESULT: {"using":"xpath","value":"//table[contains(@id, \"listView-innerSelectionPanelTable-listUl\")]/tbody/tr[24]/td[2]/div/div"}
COMMAND: POST /session/e85e052fb48b678918c44a977a8ff9db/element - {"using":"xpath","value":"//table[contains(@id, \"listView-innerSelectionPanelTable-listUl\")]/tbody/tr[24]/td[2]/div"}
RESULT: {"using":"xpath","value":"//table[contains(@id, \"listView-innerSelectionPanelTable-listUl\")]/tbody/tr[24]/td[2]/div"}
COMMAND: POST /session/e85e052fb48b678918c44a977a8ff9db/element - {"using":"xpath","value":"//table[contains(@id, \"listView-innerSelectionPanelTable-listUl\")]/tbody/tr[24]/td[3]/div/div/span/span[1]/bdi"}
RESULT: {"using":"xpath","value":"//table[contains(@id, \"listView-innerSelectionPanelTable-listUl\")]/tbody/tr[24]/td[3]/div/div/span/span[1]/bdi"}
COMMAND: POST /session/e85e052fb48b678918c44a977a8ff9db/execute/sync - {"script":"<script> [56 bytes]","args":[{"element-6066-11e4-a52e-4f735466cecf":"f.0E2ED5F52CB306CEAC7E3CCDFCB92CD0.d.5DF7E5C7EB9554656C019631EF985FE9.e.7567","ELEMENT":"f.0E2ED5F52CB306CEAC7E3CCDFCB92CD0.d.5DF7E5C7EB9554656C019631EF985FE9.e.7567"}]}
RESULT: {"script":"<script> [56 bytes]","args":[{"element-6066-11e4-a52e-4f735466cecf":"f.0E2ED5F52CB306CEAC7E3CCDFCB92CD0.d.5DF7E5C7EB9554656C019631EF985FE9.e.7567","ELEMENT":"f.0E2ED5F52CB306CEAC7E3CCDFCB92CD0.d.5DF7E5C7EB9554656C019631EF985FE9.e.7567"}]}
COMMAND: GET /session/e85e052fb48b678918c44a977a8ff9db/element/f.0E2ED5F52CB306CEAC7E3CCDFCB92CD0.d.5DF7E5C7EB9554656C019631EF985FE9.e.7566/attribute/aria-checked - {}
COMMAND: GET /session/e85e052fb48b678918c44a977a8ff9db/screenshot - {}
RESULT: {}
COMMAND: POST /session/e85e052fb48b678918c44a977a8ff9db/element - {"using":"xpath","value":"//table[contains(@id, \"listView-innerSelectionPanelTable-listUl\")]/tbody/tr[25]/td[2]/div/div"}
RESULT: {}
RESULT: {"using":"xpath","value":"//table[contains(@id, \"listView-innerSelectionPanelTable-listUl\")]/tbody/tr[25]/td[2]/div/div"}
COMMAND: POST /session/e85e052fb48b678918c44a977a8ff9db/element - {"using":"xpath","value":"//table[contains(@id, \"listView-innerSelectionPanelTable-listUl\")]/tbody/tr[25]/td[2]/div"}
RESULT: {"using":"xpath","value":"//table[contains(@id, \"listView-innerSelectionPanelTable-listUl\")]/tbody/tr[25]/td[2]/div"}
COMMAND: POST /session/e85e052fb48b678918c44a977a8ff9db/element - {"using":"xpath","value":"//table[contains(@id, \"listView-innerSelectionPanelTable-listUl\")]/tbody/tr[25]/td[3]/div/div/span/span[1]/bdi"}
RESULT: {"using":"xpath","value":"//table[contains(@id, \"listView-innerSelectionPanelTable-listUl\")]/tbody/tr[25]/td[3]/div/div/span/span[1]/bdi"}
COMMAND: POST /session/e85e052fb48b678918c44a977a8ff9db/execute/sync - {"script":"<script> [56 bytes]","args":[{"element-6066-11e4-a52e-4f735466cecf":"f.0E2ED5F52CB306CEAC7E3CCDFCB92CD0.d.5DF7E5C7EB9554656C019631EF985FE9.e.7570","ELEMENT":"f.0E2ED5F52CB306CEAC7E3CCDFCB92CD0.d.5DF7E5C7EB9554656C019631EF985FE9.e.7570"}]}
RESULT: {"script":"<script> [56 bytes]","args":[{"element-6066-11e4-a52e-4f735466cecf":"f.0E2ED5F52CB306CEAC7E3CCDFCB92CD0.d.5DF7E5C7EB9554656C019631EF985FE9.e.7570","ELEMENT":"f.0E2ED5F52CB306CEAC7E3CCDFCB92CD0.d.5DF7E5C7EB9554656C019631EF985FE9.e.7570"}]}
COMMAND: GET /session/e85e052fb48b678918c44a977a8ff9db/element/f.0E2ED5F52CB306CEAC7E3CCDFCB92CD0.d.5DF7E5C7EB9554656C019631EF985FE9.e.7569/attribute/aria-checked - {}
COMMAND: GET /session/e85e052fb48b678918c44a977a8ff9db/screenshot - {}
RESULT: {}
COMMAND: POST /session/e85e052fb48b678918c44a977a8ff9db/element - {"using":"xpath","value":"//bdi[contains(text(), \"OK\")]"}
RESULT: {}
RESULT: {"using":"xpath","value":"//bdi[contains(text(), \"OK\")]"}
COMMAND: POST /session/e85e052fb48b678918c44a977a8ff9db/element/f.0E2ED5F52CB306CEAC7E3CCDFCB92CD0.d.5DF7E5C7EB9554656C019631EF985FE9.e.7571/click - {}
RESULT: {}
COMMAND: GET /session/e85e052fb48b678918c44a977a8ff9db/screenshot - {}
RESULT: {}
COMMAND: POST /session/e85e052fb48b678918c44a977a8ff9db/execute/async - {"script":"<script> [1562 bytes]","args":[{"selector":{"id":"application-managepartners-display-component---masterPtm--smartFilterBar-filterItemControlA_-LINK_TO_ADDRESSES_MAIN.CITY1-vhi"},"wdio_ui5_key":"applicationmanagepartners-display-component---masterPtm--smartFilterBar-filterItemControlA_-LINK_TO_ADDRESSES_MAIN.CITY1-vhi"}]}
RESULT: {"script":"<script> [1562 bytes]","args":[{"selector":{"id":"application-managepartners-display-component---masterPtm--smartFilterBar-filterItemControlA_-LINK_TO_ADDRESSES_MAIN.CITY1-vhi"},"wdio_ui5_key":"applicationmanagepartners-display-component---masterPtm--smartFilterBar-filterItemControlA_-LINK_TO_ADDRESSES_MAIN.CITY1-vhi"}]}
RESULT: undefined
COMMAND: POST /session/e85e052fb48b678918c44a977a8ff9db/element - {"using":"xpath","value":"//*[@id=\"application-managepartners-display-component---masterPtm--smartFilterBar-filterItemControlA_-LINK_TO_ADDRESSES_MAIN.CITY1-vhi\"]"}
RESULT: {"using":"xpath","value":"//*[@id=\"application-managepartners-display-component---masterPtm--smartFilterBar-filterItemControlA_-LINK_TO_ADDRESSES_MAIN.CITY1-vhi\"]"}
COMMAND: POST /session/e85e052fb48b678918c44a977a8ff9db/element/f.0E2ED5F52CB306CEAC7E3CCDFCB92CD0.d.5DF7E5C7EB9554656C019631EF985FE9.e.7585/click - {}
RESULT: {}
COMMAND: GET /session/e85e052fb48b678918c44a977a8ff9db/screenshot - {}
RESULT: {}
COMMAND: POST /session/e85e052fb48b678918c44a977a8ff9db/execute/async - {"script":"<script> [1562 bytes]","args":[{"selector":{"controlType":"sap.m.Input","viewName":"etm.portal.ui.managepartners.view.Master","viewId":"application-managepartners-display-component---masterPtm","properties":{"valueState":"None"},"searchOpenDialogs":true,"interaction":{"idSuffix":"inner"}},"wdio_ui5_key":"etmportal.ui.managepartners.view.Mastersap.m.Input{\"valueState\":\"None\"}"}]}
RESULT: {"script":"<script> [1562 bytes]","args":[{"selector":{"controlType":"sap.m.Input","viewName":"etm.portal.ui.managepartners.view.Master","viewId":"application-managepartners-display-component---masterPtm","properties":{"valueState":"None"},"searchOpenDialogs":true,"interaction":{"idSuffix":"inner"}},"wdio_ui5_key":"etmportal.ui.managepartners.view.Mastersap.m.Input{\"valueState\":\"None\"}"}]}
RESULT: undefined
COMMAND: POST /session/e85e052fb48b678918c44a977a8ff9db/execute/async - {"script":"<script> [776 bytes]","args":[{"enterText":"Bangalore","selector":{"controlType":"sap.m.Input","viewName":"etm.portal.ui.managepartners.view.Master","viewId":"application-managepartners-display-component---masterPtm","properties":{"valueState":"None"},"searchOpenDialogs":true,"interaction":{"idSuffix":"inner"}},"clearTextFirst":true,"interactionType":"ENTER_TEXT"}]}
RESULT: {"script":"<script> [776 bytes]","args":[{"enterText":"Bangalore","selector":{"controlType":"sap.m.Input","viewName":"etm.portal.ui.managepartners.view.Master","viewId":"application-managepartners-display-component---masterPtm","properties":{"valueState":"None"},"searchOpenDialogs":true,"interaction":{"idSuffix":"inner"}},"clearTextFirst":true,"interactionType":"ENTER_TEXT"}]}
COMMAND: POST /session/e85e052fb48b678918c44a977a8ff9db/actions - {"actions":[{"id":"action24","type":"key","parameters":{},"actions":[{"type":"keyDown","value":"î€‡"},{"type":"pause","duration":10},{"type":"keyUp","value":"î€‡"}]}]}
RESULT: {"actions":[{"id":"action24","type":"key","parameters":{},"actions":[{"type":"keyDown","value":"î€‡"},{"type":"pause","duration":10},{"type":"keyUp","value":"î€‡"}]}]}
COMMAND: GET /session/e85e052fb48b678918c44a977a8ff9db/screenshot - {}
RESULT: {}
COMMAND: POST /session/e85e052fb48b678918c44a977a8ff9db/element - {"using":"xpath","value":"(//bdi[contains(text(), \"OK\")])[1]"}
RESULT: {"using":"xpath","value":"(//bdi[contains(text(), \"OK\")])[1]"}
COMMAND: POST /session/e85e052fb48b678918c44a977a8ff9db/element/f.0E2ED5F52CB306CEAC7E3CCDFCB92CD0.d.5DF7E5C7EB9554656C019631EF985FE9.e.7591/click - {}
RESULT: {}
COMMAND: GET /session/e85e052fb48b678918c44a977a8ff9db/screenshot - {}
RESULT: {}
COMMAND: POST /session/e85e052fb48b678918c44a977a8ff9db/element - {"using":"xpath","value":"//span[@id=\"application-managepartners-display-component---masterPtm--smartTable-header-inner\"]"}
RESULT: {"using":"xpath","value":"//span[@id=\"application-managepartners-display-component---masterPtm--smartTable-header-inner\"]"}
COMMAND: POST /session/e85e052fb48b678918c44a977a8ff9db/elements - {"using":"xpath","value":"//span[@id=\"application-managepartners-display-component---masterPtm--smartTable-header-inner\"]"}
RESULT: {"using":"xpath","value":"//span[@id=\"application-managepartners-display-component---masterPtm--smartTable-header-inner\"]"}
COMMAND: POST /session/e85e052fb48b678918c44a977a8ff9db/execute/sync - {"script":"<script> [56 bytes]","args":[{"element-6066-11e4-a52e-4f735466cecf":"f.0E2ED5F52CB306CEAC7E3CCDFCB92CD0.d.5DF7E5C7EB9554656C019631EF985FE9.e.6662","ELEMENT":"f.0E2ED5F52CB306CEAC7E3CCDFCB92CD0.d.5DF7E5C7EB9554656C019631EF985FE9.e.6662"}]}
RESULT: {"script":"<script> [56 bytes]","args":[{"element-6066-11e4-a52e-4f735466cecf":"f.0E2ED5F52CB306CEAC7E3CCDFCB92CD0.d.5DF7E5C7EB9554656C019631EF985FE9.e.6662","ELEMENT":"f.0E2ED5F52CB306CEAC7E3CCDFCB92CD0.d.5DF7E5C7EB9554656C019631EF985FE9.e.6662"}]}
COMMAND: POST /session/e85e052fb48b678918c44a977a8ff9db/element - {"using":"xpath","value":"//span[contains(@title, \"Remove\")]"}
COMMAND: GET /session/e85e052fb48b678918c44a977a8ff9db/screenshot - {}
RESULT: {"using":"xpath","value":"//span[contains(@title, \"Remove\")]"}
COMMAND: POST /session/e85e052fb48b678918c44a977a8ff9db/element/f.0E2ED5F52CB306CEAC7E3CCDFCB92CD0.d.5DF7E5C7EB9554656C019631EF985FE9.e.7661/click - {}
RESULT: {}
RESULT: {}
COMMAND: GET /session/e85e052fb48b678918c44a977a8ff9db/screenshot - {}
RESULT: {}
COMMAND: POST /session/e85e052fb48b678918c44a977a8ff9db/element - {"using":"xpath","value":"//span[@id=\"application-managepartners-display-component---masterPtm--smartTable-header-inner\"]"}
RESULT: {"using":"xpath","value":"//span[@id=\"application-managepartners-display-component---masterPtm--smartTable-header-inner\"]"}
COMMAND: POST /session/e85e052fb48b678918c44a977a8ff9db/elements - {"using":"xpath","value":"//span[@id=\"application-managepartners-display-component---masterPtm--smartTable-header-inner\"]"}
RESULT: {"using":"xpath","value":"//span[@id=\"application-managepartners-display-component---masterPtm--smartTable-header-inner\"]"}
COMMAND: POST /session/e85e052fb48b678918c44a977a8ff9db/execute/sync - {"script":"<script> [56 bytes]","args":[{"element-6066-11e4-a52e-4f735466cecf":"f.0E2ED5F52CB306CEAC7E3CCDFCB92CD0.d.5DF7E5C7EB9554656C019631EF985FE9.e.6662","ELEMENT":"f.0E2ED5F52CB306CEAC7E3CCDFCB92CD0.d.5DF7E5C7EB9554656C019631EF985FE9.e.6662"}]}
RESULT: {"script":"<script> [56 bytes]","args":[{"element-6066-11e4-a52e-4f735466cecf":"f.0E2ED5F52CB306CEAC7E3CCDFCB92CD0.d.5DF7E5C7EB9554656C019631EF985FE9.e.6662","ELEMENT":"f.0E2ED5F52CB306CEAC7E3CCDFCB92CD0.d.5DF7E5C7EB9554656C019631EF985FE9.e.6662"}]}
COMMAND: POST /session/e85e052fb48b678918c44a977a8ff9db/element - {"using":"css selector","value":"#shell-header-logo"}
COMMAND: GET /session/e85e052fb48b678918c44a977a8ff9db/screenshot - {}
RESULT: {"using":"css selector","value":"#shell-header-logo"}
COMMAND: POST /session/e85e052fb48b678918c44a977a8ff9db/element/f.0E2ED5F52CB306CEAC7E3CCDFCB92CD0.d.5DF7E5C7EB9554656C019631EF985FE9.e.6491/click - {}
RESULT: {}
RESULT: {}
COMMAND: GET /session/e85e052fb48b678918c44a977a8ff9db/screenshot - {}
RESULT: {}
]]></system-out>
    </testcase>
    <testcase classname="chrome.135_0_7049_96.windows.Partner_specific_tests_US150819_US151080_US151654_US151176_US103444_US151078_US151079_US151109_US151174_US151175_US151189" name="Should try to save empty partner US151174" time="50.182">
      <system-out><![CDATA[
COMMAND: POST /session/e85e052fb48b678918c44a977a8ff9db/element - {"using":"xpath","value":"//li[.//span[text()=\"Manage Partners\"]]"}
RESULT: {"using":"xpath","value":"//li[.//span[text()=\"Manage Partners\"]]"}
COMMAND: POST /session/e85e052fb48b678918c44a977a8ff9db/element - {"using":"xpath","value":"//li[.//span[text()=\"Manage Partners\"]]"}
RESULT: {"using":"xpath","value":"//li[.//span[text()=\"Manage Partners\"]]"}
COMMAND: POST /session/e85e052fb48b678918c44a977a8ff9db/element - {"using":"css selector","value":"#shell-header-logo"}
RESULT: {"using":"css selector","value":"#shell-header-logo"}
COMMAND: POST /session/e85e052fb48b678918c44a977a8ff9db/element/f.0E2ED5F52CB306CEAC7E3CCDFCB92CD0.d.5DF7E5C7EB9554656C019631EF985FE9.e.7756/click - {}
COMMAND: POST /session/e85e052fb48b678918c44a977a8ff9db/execute/sync - {"script":"<script> [8489 bytes]","args":[{"element-6066-11e4-a52e-4f735466cecf":"f.0E2ED5F52CB306CEAC7E3CCDFCB92CD0.d.5DF7E5C7EB9554656C019631EF985FE9.e.7756","ELEMENT":"f.0E2ED5F52CB306CEAC7E3CCDFCB92CD0.d.5DF7E5C7EB9554656C019631EF985FE9.e.7756"}]}
RESULT: {"script":"<script> [8489 bytes]","args":[{"element-6066-11e4-a52e-4f735466cecf":"f.0E2ED5F52CB306CEAC7E3CCDFCB92CD0.d.5DF7E5C7EB9554656C019631EF985FE9.e.7756","ELEMENT":"f.0E2ED5F52CB306CEAC7E3CCDFCB92CD0.d.5DF7E5C7EB9554656C019631EF985FE9.e.7756"}]}
COMMAND: POST /session/e85e052fb48b678918c44a977a8ff9db/execute/sync - {"script":"<script> [5351 bytes]","args":[{"element-6066-11e4-a52e-4f735466cecf":"f.0E2ED5F52CB306CEAC7E3CCDFCB92CD0.d.5DF7E5C7EB9554656C019631EF985FE9.e.7756","ELEMENT":"f.0E2ED5F52CB306CEAC7E3CCDFCB92CD0.d.5DF7E5C7EB9554656C019631EF985FE9.e.7756"}]}
COMMAND: GET /session/e85e052fb48b678918c44a977a8ff9db/screenshot - {}
RESULT: {}
COMMAND: GET /session/e85e052fb48b678918c44a977a8ff9db/screenshot - {}
RESULT: {"script":"<script> [5351 bytes]","args":[{"element-6066-11e4-a52e-4f735466cecf":"f.0E2ED5F52CB306CEAC7E3CCDFCB92CD0.d.5DF7E5C7EB9554656C019631EF985FE9.e.7756","ELEMENT":"f.0E2ED5F52CB306CEAC7E3CCDFCB92CD0.d.5DF7E5C7EB9554656C019631EF985FE9.e.7756"}]}
COMMAND: GET /session/e85e052fb48b678918c44a977a8ff9db/screenshot - {}
RESULT: {}
RESULT: {}
RESULT: {}
RESULT: undefined
COMMAND: POST /session/e85e052fb48b678918c44a977a8ff9db/element - {"using":"xpath","value":"//*[@id=\"__tile30\"]"}
RESULT: {"using":"xpath","value":"//*[@id=\"__tile30\"]"}
COMMAND: POST /session/e85e052fb48b678918c44a977a8ff9db/element/f.0E2ED5F52CB306CEAC7E3CCDFCB92CD0.d.5DF7E5C7EB9554656C019631EF985FE9.e.5365/click - {}
RESULT: {}
COMMAND: POST /session/e85e052fb48b678918c44a977a8ff9db/element - {"using":"xpath","value":"//button[@data-kt=\"addButton\"]"}
COMMAND: GET /session/e85e052fb48b678918c44a977a8ff9db/screenshot - {}
RESULT: {}
RESULT: {"using":"xpath","value":"//button[@data-kt=\"addButton\"]"}
COMMAND: POST /session/e85e052fb48b678918c44a977a8ff9db/elements - {"using":"xpath","value":"//button[@data-kt=\"addButton\"]"}
RESULT: {"using":"xpath","value":"//button[@data-kt=\"addButton\"]"}
COMMAND: POST /session/e85e052fb48b678918c44a977a8ff9db/elements - {"using":"xpath","value":"//button[@data-kt=\"addButton\"]"}
RESULT: {"using":"xpath","value":"//button[@data-kt=\"addButton\"]"}
COMMAND: POST /session/e85e052fb48b678918c44a977a8ff9db/element - {"using":"xpath","value":"//button[@data-kt=\"addButton\"]"}
RESULT: {"using":"xpath","value":"//button[@data-kt=\"addButton\"]"}
COMMAND: POST /session/e85e052fb48b678918c44a977a8ff9db/execute/sync - {"script":"<script> [8489 bytes]","args":[{"element-6066-11e4-a52e-4f735466cecf":"f.0E2ED5F52CB306CEAC7E3CCDFCB92CD0.d.5DF7E5C7EB9554656C019631EF985FE9.e.7802","ELEMENT":"f.0E2ED5F52CB306CEAC7E3CCDFCB92CD0.d.5DF7E5C7EB9554656C019631EF985FE9.e.7802"}]}
RESULT: {"script":"<script> [8489 bytes]","args":[{"element-6066-11e4-a52e-4f735466cecf":"f.0E2ED5F52CB306CEAC7E3CCDFCB92CD0.d.5DF7E5C7EB9554656C019631EF985FE9.e.7802","ELEMENT":"f.0E2ED5F52CB306CEAC7E3CCDFCB92CD0.d.5DF7E5C7EB9554656C019631EF985FE9.e.7802"}]}
COMMAND: GET /session/e85e052fb48b678918c44a977a8ff9db/element/f.0E2ED5F52CB306CEAC7E3CCDFCB92CD0.d.5DF7E5C7EB9554656C019631EF985FE9.e.7802/enabled - {}
COMMAND: GET /session/e85e052fb48b678918c44a977a8ff9db/screenshot - {}
RESULT: {}
COMMAND: POST /session/e85e052fb48b678918c44a977a8ff9db/execute/sync - {"script":"<script> [8489 bytes]","args":[{"element-6066-11e4-a52e-4f735466cecf":"f.0E2ED5F52CB306CEAC7E3CCDFCB92CD0.d.5DF7E5C7EB9554656C019631EF985FE9.e.7802","ELEMENT":"f.0E2ED5F52CB306CEAC7E3CCDFCB92CD0.d.5DF7E5C7EB9554656C019631EF985FE9.e.7802"}]}
COMMAND: GET /session/e85e052fb48b678918c44a977a8ff9db/screenshot - {}
RESULT: {}
RESULT: {"script":"<script> [8489 bytes]","args":[{"element-6066-11e4-a52e-4f735466cecf":"f.0E2ED5F52CB306CEAC7E3CCDFCB92CD0.d.5DF7E5C7EB9554656C019631EF985FE9.e.7802","ELEMENT":"f.0E2ED5F52CB306CEAC7E3CCDFCB92CD0.d.5DF7E5C7EB9554656C019631EF985FE9.e.7802"}]}
COMMAND: POST /session/e85e052fb48b678918c44a977a8ff9db/execute/sync - {"script":"<script> [5351 bytes]","args":[{"element-6066-11e4-a52e-4f735466cecf":"f.0E2ED5F52CB306CEAC7E3CCDFCB92CD0.d.5DF7E5C7EB9554656C019631EF985FE9.e.7802","ELEMENT":"f.0E2ED5F52CB306CEAC7E3CCDFCB92CD0.d.5DF7E5C7EB9554656C019631EF985FE9.e.7802"}]}
COMMAND: GET /session/e85e052fb48b678918c44a977a8ff9db/screenshot - {}
RESULT: {}
RESULT: {"script":"<script> [5351 bytes]","args":[{"element-6066-11e4-a52e-4f735466cecf":"f.0E2ED5F52CB306CEAC7E3CCDFCB92CD0.d.5DF7E5C7EB9554656C019631EF985FE9.e.7802","ELEMENT":"f.0E2ED5F52CB306CEAC7E3CCDFCB92CD0.d.5DF7E5C7EB9554656C019631EF985FE9.e.7802"}]}
COMMAND: POST /session/e85e052fb48b678918c44a977a8ff9db/element/f.0E2ED5F52CB306CEAC7E3CCDFCB92CD0.d.5DF7E5C7EB9554656C019631EF985FE9.e.7802/click - {}
COMMAND: GET /session/e85e052fb48b678918c44a977a8ff9db/screenshot - {}
RESULT: {}
RESULT: {}
COMMAND: GET /session/e85e052fb48b678918c44a977a8ff9db/screenshot - {}
RESULT: {}
RESULT: {}
COMMAND: POST /session/e85e052fb48b678918c44a977a8ff9db/element - {"using":"xpath","value":"//button[@data-kt=\"saveButton\"]"}
RESULT: {"using":"xpath","value":"//button[@data-kt=\"saveButton\"]"}
COMMAND: POST /session/e85e052fb48b678918c44a977a8ff9db/element/f.0E2ED5F52CB306CEAC7E3CCDFCB92CD0.d.5DF7E5C7EB9554656C019631EF985FE9.e.8211/click - {}
RESULT: {}
COMMAND: GET /session/e85e052fb48b678918c44a977a8ff9db/screenshot - {}
RESULT: {}
COMMAND: POST /session/e85e052fb48b678918c44a977a8ff9db/element - {"using":"xpath","value":"//span[contains(@class, \"sapMMsgBoxText\")]"}
RESULT: {"using":"xpath","value":"//span[contains(@class, \"sapMMsgBoxText\")]"}
COMMAND: POST /session/e85e052fb48b678918c44a977a8ff9db/execute/sync - {"script":"<script> [56 bytes]","args":[{"element-6066-11e4-a52e-4f735466cecf":"f.0E2ED5F52CB306CEAC7E3CCDFCB92CD0.d.5DF7E5C7EB9554656C019631EF985FE9.e.8234","ELEMENT":"f.0E2ED5F52CB306CEAC7E3CCDFCB92CD0.d.5DF7E5C7EB9554656C019631EF985FE9.e.8234"}]}
RESULT: {"script":"<script> [56 bytes]","args":[{"element-6066-11e4-a52e-4f735466cecf":"f.0E2ED5F52CB306CEAC7E3CCDFCB92CD0.d.5DF7E5C7EB9554656C019631EF985FE9.e.8234","ELEMENT":"f.0E2ED5F52CB306CEAC7E3CCDFCB92CD0.d.5DF7E5C7EB9554656C019631EF985FE9.e.8234"}]}
COMMAND: POST /session/e85e052fb48b678918c44a977a8ff9db/element - {"using":"xpath","value":"(//bdi[contains(text(), \"Close\")])[1]"}
COMMAND: POST /session/e85e052fb48b678918c44a977a8ff9db/elements - {"using":"xpath","value":"//span[contains(@class, \"sapMMsgBoxText\")]"}
COMMAND: GET /session/e85e052fb48b678918c44a977a8ff9db/screenshot - {}
RESULT: {"using":"xpath","value":"(//bdi[contains(text(), \"Close\")])[1]"}
COMMAND: POST /session/e85e052fb48b678918c44a977a8ff9db/element/f.0E2ED5F52CB306CEAC7E3CCDFCB92CD0.d.5DF7E5C7EB9554656C019631EF985FE9.e.8235/click - {}
RESULT: {"using":"xpath","value":"//span[contains(@class, \"sapMMsgBoxText\")]"}
RESULT: {}
RESULT: {}
COMMAND: GET /session/e85e052fb48b678918c44a977a8ff9db/screenshot - {}
RESULT: {}
COMMAND: POST /session/e85e052fb48b678918c44a977a8ff9db/element - {"using":"css selector","value":"#shell-header-logo"}
RESULT: {"using":"css selector","value":"#shell-header-logo"}
COMMAND: POST /session/e85e052fb48b678918c44a977a8ff9db/element/f.0E2ED5F52CB306CEAC7E3CCDFCB92CD0.d.5DF7E5C7EB9554656C019631EF985FE9.e.7756/click - {}
RESULT: {}
COMMAND: GET /session/e85e052fb48b678918c44a977a8ff9db/screenshot - {}
RESULT: {}
]]></system-out>
    </testcase>
    <testcase classname="chrome.135_0_7049_96.windows.Partner_specific_tests_US150819_US151080_US151654_US151176_US103444_US151078_US151079_US151109_US151174_US151175_US151189" name="Should do various searches US151175" time="158.875">
      <system-out><![CDATA[
COMMAND: POST /session/e85e052fb48b678918c44a977a8ff9db/element - {"using":"xpath","value":"//li[.//span[text()=\"Manage Partners\"]]"}
RESULT: {"using":"xpath","value":"//li[.//span[text()=\"Manage Partners\"]]"}
COMMAND: POST /session/e85e052fb48b678918c44a977a8ff9db/element - {"using":"xpath","value":"//li[.//span[text()=\"Manage Partners\"]]"}
RESULT: {"using":"xpath","value":"//li[.//span[text()=\"Manage Partners\"]]"}
COMMAND: POST /session/e85e052fb48b678918c44a977a8ff9db/element - {"using":"css selector","value":"#shell-header-logo"}
RESULT: {"using":"css selector","value":"#shell-header-logo"}
COMMAND: POST /session/e85e052fb48b678918c44a977a8ff9db/element/f.0E2ED5F52CB306CEAC7E3CCDFCB92CD0.d.5DF7E5C7EB9554656C019631EF985FE9.e.8237/click - {}
COMMAND: POST /session/e85e052fb48b678918c44a977a8ff9db/execute/sync - {"script":"<script> [8489 bytes]","args":[{"element-6066-11e4-a52e-4f735466cecf":"f.0E2ED5F52CB306CEAC7E3CCDFCB92CD0.d.5DF7E5C7EB9554656C019631EF985FE9.e.8237","ELEMENT":"f.0E2ED5F52CB306CEAC7E3CCDFCB92CD0.d.5DF7E5C7EB9554656C019631EF985FE9.e.8237"}]}
RESULT: {"script":"<script> [8489 bytes]","args":[{"element-6066-11e4-a52e-4f735466cecf":"f.0E2ED5F52CB306CEAC7E3CCDFCB92CD0.d.5DF7E5C7EB9554656C019631EF985FE9.e.8237","ELEMENT":"f.0E2ED5F52CB306CEAC7E3CCDFCB92CD0.d.5DF7E5C7EB9554656C019631EF985FE9.e.8237"}]}
COMMAND: POST /session/e85e052fb48b678918c44a977a8ff9db/execute/sync - {"script":"<script> [5351 bytes]","args":[{"element-6066-11e4-a52e-4f735466cecf":"f.0E2ED5F52CB306CEAC7E3CCDFCB92CD0.d.5DF7E5C7EB9554656C019631EF985FE9.e.8237","ELEMENT":"f.0E2ED5F52CB306CEAC7E3CCDFCB92CD0.d.5DF7E5C7EB9554656C019631EF985FE9.e.8237"}]}
COMMAND: GET /session/e85e052fb48b678918c44a977a8ff9db/screenshot - {}
RESULT: {}
COMMAND: GET /session/e85e052fb48b678918c44a977a8ff9db/screenshot - {}
RESULT: {"script":"<script> [5351 bytes]","args":[{"element-6066-11e4-a52e-4f735466cecf":"f.0E2ED5F52CB306CEAC7E3CCDFCB92CD0.d.5DF7E5C7EB9554656C019631EF985FE9.e.8237","ELEMENT":"f.0E2ED5F52CB306CEAC7E3CCDFCB92CD0.d.5DF7E5C7EB9554656C019631EF985FE9.e.8237"}]}
COMMAND: GET /session/e85e052fb48b678918c44a977a8ff9db/screenshot - {}
RESULT: {}
RESULT: {}
RESULT: {}
RESULT: undefined
COMMAND: POST /session/e85e052fb48b678918c44a977a8ff9db/element - {"using":"xpath","value":"//*[@id=\"__tile30\"]"}
RESULT: {"using":"xpath","value":"//*[@id=\"__tile30\"]"}
COMMAND: POST /session/e85e052fb48b678918c44a977a8ff9db/element/f.0E2ED5F52CB306CEAC7E3CCDFCB92CD0.d.5DF7E5C7EB9554656C019631EF985FE9.e.5365/click - {}
RESULT: {}
COMMAND: POST /session/e85e052fb48b678918c44a977a8ff9db/element - {"using":"xpath","value":"//button[@data-kt=\"addButton\"]"}
COMMAND: GET /session/e85e052fb48b678918c44a977a8ff9db/screenshot - {}
RESULT: {"using":"xpath","value":"//button[@data-kt=\"addButton\"]"}
COMMAND: POST /session/e85e052fb48b678918c44a977a8ff9db/elements - {"using":"xpath","value":"//button[@data-kt=\"addButton\"]"}
RESULT: {}
RESULT: {"using":"xpath","value":"//button[@data-kt=\"addButton\"]"}
COMMAND: POST /session/e85e052fb48b678918c44a977a8ff9db/elements - {"using":"xpath","value":"//button[@data-kt=\"addButton\"]"}
RESULT: {"using":"xpath","value":"//button[@data-kt=\"addButton\"]"}
COMMAND: POST /session/e85e052fb48b678918c44a977a8ff9db/elements - {"using":"xpath","value":"//button[@data-kt=\"addButton\"]"}
RESULT: {"using":"xpath","value":"//button[@data-kt=\"addButton\"]"}
COMMAND: POST /session/e85e052fb48b678918c44a977a8ff9db/elements - {"using":"xpath","value":"//button[@data-kt=\"addButton\"]"}
RESULT: {"using":"xpath","value":"//button[@data-kt=\"addButton\"]"}
COMMAND: POST /session/e85e052fb48b678918c44a977a8ff9db/elements - {"using":"xpath","value":"//button[@data-kt=\"addButton\"]"}
RESULT: {"using":"xpath","value":"//button[@data-kt=\"addButton\"]"}
COMMAND: POST /session/e85e052fb48b678918c44a977a8ff9db/elements - {"using":"xpath","value":"//button[@data-kt=\"addButton\"]"}
RESULT: {"using":"xpath","value":"//button[@data-kt=\"addButton\"]"}
COMMAND: POST /session/e85e052fb48b678918c44a977a8ff9db/elements - {"using":"xpath","value":"//button[@data-kt=\"addButton\"]"}
RESULT: {"using":"xpath","value":"//button[@data-kt=\"addButton\"]"}
COMMAND: POST /session/e85e052fb48b678918c44a977a8ff9db/elements - {"using":"xpath","value":"//button[@data-kt=\"addButton\"]"}
RESULT: {"using":"xpath","value":"//button[@data-kt=\"addButton\"]"}
COMMAND: POST /session/e85e052fb48b678918c44a977a8ff9db/elements - {"using":"xpath","value":"//button[@data-kt=\"addButton\"]"}
RESULT: {"using":"xpath","value":"//button[@data-kt=\"addButton\"]"}
COMMAND: POST /session/e85e052fb48b678918c44a977a8ff9db/elements - {"using":"xpath","value":"//button[@data-kt=\"addButton\"]"}
RESULT: {"using":"xpath","value":"//button[@data-kt=\"addButton\"]"}
COMMAND: POST /session/e85e052fb48b678918c44a977a8ff9db/elements - {"using":"xpath","value":"//button[@data-kt=\"addButton\"]"}
RESULT: {"using":"xpath","value":"//button[@data-kt=\"addButton\"]"}
COMMAND: POST /session/e85e052fb48b678918c44a977a8ff9db/elements - {"using":"xpath","value":"//button[@data-kt=\"addButton\"]"}
RESULT: {"using":"xpath","value":"//button[@data-kt=\"addButton\"]"}
COMMAND: POST /session/e85e052fb48b678918c44a977a8ff9db/elements - {"using":"xpath","value":"//button[@data-kt=\"addButton\"]"}
RESULT: {"using":"xpath","value":"//button[@data-kt=\"addButton\"]"}
COMMAND: POST /session/e85e052fb48b678918c44a977a8ff9db/elements - {"using":"xpath","value":"//button[@data-kt=\"addButton\"]"}
RESULT: {"using":"xpath","value":"//button[@data-kt=\"addButton\"]"}
COMMAND: POST /session/e85e052fb48b678918c44a977a8ff9db/elements - {"using":"xpath","value":"//button[@data-kt=\"addButton\"]"}
RESULT: {"using":"xpath","value":"//button[@data-kt=\"addButton\"]"}
COMMAND: POST /session/e85e052fb48b678918c44a977a8ff9db/elements - {"using":"xpath","value":"//button[@data-kt=\"addButton\"]"}
RESULT: {"using":"xpath","value":"//button[@data-kt=\"addButton\"]"}
COMMAND: POST /session/e85e052fb48b678918c44a977a8ff9db/element - {"using":"xpath","value":"//button[@data-kt=\"addButton\"]"}
RESULT: {"using":"xpath","value":"//button[@data-kt=\"addButton\"]"}
COMMAND: POST /session/e85e052fb48b678918c44a977a8ff9db/execute/sync - {"script":"<script> [8489 bytes]","args":[{"element-6066-11e4-a52e-4f735466cecf":"f.0E2ED5F52CB306CEAC7E3CCDFCB92CD0.d.5DF7E5C7EB9554656C019631EF985FE9.e.8282","ELEMENT":"f.0E2ED5F52CB306CEAC7E3CCDFCB92CD0.d.5DF7E5C7EB9554656C019631EF985FE9.e.8282"}]}
RESULT: {"script":"<script> [8489 bytes]","args":[{"element-6066-11e4-a52e-4f735466cecf":"f.0E2ED5F52CB306CEAC7E3CCDFCB92CD0.d.5DF7E5C7EB9554656C019631EF985FE9.e.8282","ELEMENT":"f.0E2ED5F52CB306CEAC7E3CCDFCB92CD0.d.5DF7E5C7EB9554656C019631EF985FE9.e.8282"}]}
COMMAND: GET /session/e85e052fb48b678918c44a977a8ff9db/element/f.0E2ED5F52CB306CEAC7E3CCDFCB92CD0.d.5DF7E5C7EB9554656C019631EF985FE9.e.8282/enabled - {}
COMMAND: GET /session/e85e052fb48b678918c44a977a8ff9db/screenshot - {}
RESULT: {}
COMMAND: POST /session/e85e052fb48b678918c44a977a8ff9db/execute/sync - {"script":"<script> [8489 bytes]","args":[{"element-6066-11e4-a52e-4f735466cecf":"f.0E2ED5F52CB306CEAC7E3CCDFCB92CD0.d.5DF7E5C7EB9554656C019631EF985FE9.e.8282","ELEMENT":"f.0E2ED5F52CB306CEAC7E3CCDFCB92CD0.d.5DF7E5C7EB9554656C019631EF985FE9.e.8282"}]}
COMMAND: GET /session/e85e052fb48b678918c44a977a8ff9db/screenshot - {}
RESULT: {}
RESULT: {"script":"<script> [8489 bytes]","args":[{"element-6066-11e4-a52e-4f735466cecf":"f.0E2ED5F52CB306CEAC7E3CCDFCB92CD0.d.5DF7E5C7EB9554656C019631EF985FE9.e.8282","ELEMENT":"f.0E2ED5F52CB306CEAC7E3CCDFCB92CD0.d.5DF7E5C7EB9554656C019631EF985FE9.e.8282"}]}
COMMAND: POST /session/e85e052fb48b678918c44a977a8ff9db/execute/sync - {"script":"<script> [5351 bytes]","args":[{"element-6066-11e4-a52e-4f735466cecf":"f.0E2ED5F52CB306CEAC7E3CCDFCB92CD0.d.5DF7E5C7EB9554656C019631EF985FE9.e.8282","ELEMENT":"f.0E2ED5F52CB306CEAC7E3CCDFCB92CD0.d.5DF7E5C7EB9554656C019631EF985FE9.e.8282"}]}
COMMAND: GET /session/e85e052fb48b678918c44a977a8ff9db/screenshot - {}
RESULT: {}
RESULT: {"script":"<script> [5351 bytes]","args":[{"element-6066-11e4-a52e-4f735466cecf":"f.0E2ED5F52CB306CEAC7E3CCDFCB92CD0.d.5DF7E5C7EB9554656C019631EF985FE9.e.8282","ELEMENT":"f.0E2ED5F52CB306CEAC7E3CCDFCB92CD0.d.5DF7E5C7EB9554656C019631EF985FE9.e.8282"}]}
COMMAND: GET /session/e85e052fb48b678918c44a977a8ff9db/screenshot - {}
RESULT: {}
RESULT: {}
COMMAND: POST /session/e85e052fb48b678918c44a977a8ff9db/element - {"using":"xpath","value":"//span[@id=\"application-managepartners-display-component---masterPtm--smartTable-header-inner\"]"}
RESULT: {"using":"xpath","value":"//span[@id=\"application-managepartners-display-component---masterPtm--smartTable-header-inner\"]"}
COMMAND: POST /session/e85e052fb48b678918c44a977a8ff9db/elements - {"using":"xpath","value":"//span[@id=\"application-managepartners-display-component---masterPtm--smartTable-header-inner\"]"}
RESULT: {"using":"xpath","value":"//span[@id=\"application-managepartners-display-component---masterPtm--smartTable-header-inner\"]"}
COMMAND: POST /session/e85e052fb48b678918c44a977a8ff9db/execute/sync - {"script":"<script> [56 bytes]","args":[{"element-6066-11e4-a52e-4f735466cecf":"f.0E2ED5F52CB306CEAC7E3CCDFCB92CD0.d.5DF7E5C7EB9554656C019631EF985FE9.e.8407","ELEMENT":"f.0E2ED5F52CB306CEAC7E3CCDFCB92CD0.d.5DF7E5C7EB9554656C019631EF985FE9.e.8407"}]}
RESULT: {"script":"<script> [56 bytes]","args":[{"element-6066-11e4-a52e-4f735466cecf":"f.0E2ED5F52CB306CEAC7E3CCDFCB92CD0.d.5DF7E5C7EB9554656C019631EF985FE9.e.8407","ELEMENT":"f.0E2ED5F52CB306CEAC7E3CCDFCB92CD0.d.5DF7E5C7EB9554656C019631EF985FE9.e.8407"}]}
RESULT: undefined
COMMAND: POST /session/e85e052fb48b678918c44a977a8ff9db/element - {"using":"xpath","value":"//*[@id=\"application-managepartners-display-component---masterPtm--smartFilterBar-btnFilters\"]"}
COMMAND: GET /session/e85e052fb48b678918c44a977a8ff9db/screenshot - {}
RESULT: {"using":"xpath","value":"//*[@id=\"application-managepartners-display-component---masterPtm--smartFilterBar-btnFilters\"]"}
COMMAND: POST /session/e85e052fb48b678918c44a977a8ff9db/element/f.0E2ED5F52CB306CEAC7E3CCDFCB92CD0.d.5DF7E5C7EB9554656C019631EF985FE9.e.8247/click - {}
RESULT: {}
RESULT: {}
COMMAND: GET /session/e85e052fb48b678918c44a977a8ff9db/screenshot - {}
RESULT: {}
COMMAND: POST /session/e85e052fb48b678918c44a977a8ff9db/elements - {"using":"xpath","value":"//table[contains(@id, \"listView-innerSelectionPanelTable-listUl\")]/tbody/tr"}
RESULT: {"using":"xpath","value":"//table[contains(@id, \"listView-innerSelectionPanelTable-listUl\")]/tbody/tr"}
COMMAND: POST /session/e85e052fb48b678918c44a977a8ff9db/element - {"using":"xpath","value":"//table[contains(@id, \"listView-innerSelectionPanelTable-listUl\")]/tbody/tr[2]/td[2]/div/div"}
RESULT: {"using":"xpath","value":"//table[contains(@id, \"listView-innerSelectionPanelTable-listUl\")]/tbody/tr[2]/td[2]/div/div"}
COMMAND: POST /session/e85e052fb48b678918c44a977a8ff9db/element - {"using":"xpath","value":"//table[contains(@id, \"listView-innerSelectionPanelTable-listUl\")]/tbody/tr[2]/td[2]/div"}
RESULT: {"using":"xpath","value":"//table[contains(@id, \"listView-innerSelectionPanelTable-listUl\")]/tbody/tr[2]/td[2]/div"}
COMMAND: POST /session/e85e052fb48b678918c44a977a8ff9db/element - {"using":"xpath","value":"//table[contains(@id, \"listView-innerSelectionPanelTable-listUl\")]/tbody/tr[2]/td[3]/div/div/span/span[1]/bdi"}
RESULT: {"using":"xpath","value":"//table[contains(@id, \"listView-innerSelectionPanelTable-listUl\")]/tbody/tr[2]/td[3]/div/div/span/span[1]/bdi"}
COMMAND: POST /session/e85e052fb48b678918c44a977a8ff9db/execute/sync - {"script":"<script> [56 bytes]","args":[{"element-6066-11e4-a52e-4f735466cecf":"f.0E2ED5F52CB306CEAC7E3CCDFCB92CD0.d.5DF7E5C7EB9554656C019631EF985FE9.e.8475","ELEMENT":"f.0E2ED5F52CB306CEAC7E3CCDFCB92CD0.d.5DF7E5C7EB9554656C019631EF985FE9.e.8475"}]}
RESULT: {"script":"<script> [56 bytes]","args":[{"element-6066-11e4-a52e-4f735466cecf":"f.0E2ED5F52CB306CEAC7E3CCDFCB92CD0.d.5DF7E5C7EB9554656C019631EF985FE9.e.8475","ELEMENT":"f.0E2ED5F52CB306CEAC7E3CCDFCB92CD0.d.5DF7E5C7EB9554656C019631EF985FE9.e.8475"}]}
COMMAND: GET /session/e85e052fb48b678918c44a977a8ff9db/element/f.0E2ED5F52CB306CEAC7E3CCDFCB92CD0.d.5DF7E5C7EB9554656C019631EF985FE9.e.8474/attribute/aria-checked - {}
COMMAND: GET /session/e85e052fb48b678918c44a977a8ff9db/screenshot - {}
RESULT: {}
COMMAND: POST /session/e85e052fb48b678918c44a977a8ff9db/element - {"using":"xpath","value":"//table[contains(@id, \"listView-innerSelectionPanelTable-listUl\")]/tbody/tr[3]/td[2]/div/div"}
RESULT: {}
RESULT: {"using":"xpath","value":"//table[contains(@id, \"listView-innerSelectionPanelTable-listUl\")]/tbody/tr[3]/td[2]/div/div"}
COMMAND: POST /session/e85e052fb48b678918c44a977a8ff9db/element - {"using":"xpath","value":"//table[contains(@id, \"listView-innerSelectionPanelTable-listUl\")]/tbody/tr[3]/td[2]/div"}
RESULT: {"using":"xpath","value":"//table[contains(@id, \"listView-innerSelectionPanelTable-listUl\")]/tbody/tr[3]/td[2]/div"}
COMMAND: POST /session/e85e052fb48b678918c44a977a8ff9db/element - {"using":"xpath","value":"//table[contains(@id, \"listView-innerSelectionPanelTable-listUl\")]/tbody/tr[3]/td[3]/div/div/span/span[1]/bdi"}
RESULT: {"using":"xpath","value":"//table[contains(@id, \"listView-innerSelectionPanelTable-listUl\")]/tbody/tr[3]/td[3]/div/div/span/span[1]/bdi"}
COMMAND: POST /session/e85e052fb48b678918c44a977a8ff9db/execute/sync - {"script":"<script> [56 bytes]","args":[{"element-6066-11e4-a52e-4f735466cecf":"f.0E2ED5F52CB306CEAC7E3CCDFCB92CD0.d.5DF7E5C7EB9554656C019631EF985FE9.e.8478","ELEMENT":"f.0E2ED5F52CB306CEAC7E3CCDFCB92CD0.d.5DF7E5C7EB9554656C019631EF985FE9.e.8478"}]}
RESULT: {"script":"<script> [56 bytes]","args":[{"element-6066-11e4-a52e-4f735466cecf":"f.0E2ED5F52CB306CEAC7E3CCDFCB92CD0.d.5DF7E5C7EB9554656C019631EF985FE9.e.8478","ELEMENT":"f.0E2ED5F52CB306CEAC7E3CCDFCB92CD0.d.5DF7E5C7EB9554656C019631EF985FE9.e.8478"}]}
COMMAND: GET /session/e85e052fb48b678918c44a977a8ff9db/element/f.0E2ED5F52CB306CEAC7E3CCDFCB92CD0.d.5DF7E5C7EB9554656C019631EF985FE9.e.8477/attribute/aria-checked - {}
COMMAND: GET /session/e85e052fb48b678918c44a977a8ff9db/screenshot - {}
RESULT: {}
COMMAND: POST /session/e85e052fb48b678918c44a977a8ff9db/element - {"using":"xpath","value":"//table[contains(@id, \"listView-innerSelectionPanelTable-listUl\")]/tbody/tr[4]/td[2]/div/div"}
RESULT: {}
RESULT: {"using":"xpath","value":"//table[contains(@id, \"listView-innerSelectionPanelTable-listUl\")]/tbody/tr[4]/td[2]/div/div"}
COMMAND: POST /session/e85e052fb48b678918c44a977a8ff9db/element - {"using":"xpath","value":"//table[contains(@id, \"listView-innerSelectionPanelTable-listUl\")]/tbody/tr[4]/td[2]/div"}
RESULT: {"using":"xpath","value":"//table[contains(@id, \"listView-innerSelectionPanelTable-listUl\")]/tbody/tr[4]/td[2]/div"}
COMMAND: POST /session/e85e052fb48b678918c44a977a8ff9db/element - {"using":"xpath","value":"//table[contains(@id, \"listView-innerSelectionPanelTable-listUl\")]/tbody/tr[4]/td[3]/div/div/span/span[1]/bdi"}
RESULT: {"using":"xpath","value":"//table[contains(@id, \"listView-innerSelectionPanelTable-listUl\")]/tbody/tr[4]/td[3]/div/div/span/span[1]/bdi"}
COMMAND: POST /session/e85e052fb48b678918c44a977a8ff9db/execute/sync - {"script":"<script> [56 bytes]","args":[{"element-6066-11e4-a52e-4f735466cecf":"f.0E2ED5F52CB306CEAC7E3CCDFCB92CD0.d.5DF7E5C7EB9554656C019631EF985FE9.e.8481","ELEMENT":"f.0E2ED5F52CB306CEAC7E3CCDFCB92CD0.d.5DF7E5C7EB9554656C019631EF985FE9.e.8481"}]}
RESULT: {"script":"<script> [56 bytes]","args":[{"element-6066-11e4-a52e-4f735466cecf":"f.0E2ED5F52CB306CEAC7E3CCDFCB92CD0.d.5DF7E5C7EB9554656C019631EF985FE9.e.8481","ELEMENT":"f.0E2ED5F52CB306CEAC7E3CCDFCB92CD0.d.5DF7E5C7EB9554656C019631EF985FE9.e.8481"}]}
COMMAND: GET /session/e85e052fb48b678918c44a977a8ff9db/element/f.0E2ED5F52CB306CEAC7E3CCDFCB92CD0.d.5DF7E5C7EB9554656C019631EF985FE9.e.8480/attribute/aria-checked - {}
COMMAND: GET /session/e85e052fb48b678918c44a977a8ff9db/screenshot - {}
RESULT: {}
COMMAND: POST /session/e85e052fb48b678918c44a977a8ff9db/element - {"using":"xpath","value":"//table[contains(@id, \"listView-innerSelectionPanelTable-listUl\")]/tbody/tr[5]/td[2]/div/div"}
RESULT: {}
RESULT: {"using":"xpath","value":"//table[contains(@id, \"listView-innerSelectionPanelTable-listUl\")]/tbody/tr[5]/td[2]/div/div"}
COMMAND: POST /session/e85e052fb48b678918c44a977a8ff9db/element - {"using":"xpath","value":"//table[contains(@id, \"listView-innerSelectionPanelTable-listUl\")]/tbody/tr[5]/td[2]/div"}
RESULT: {"using":"xpath","value":"//table[contains(@id, \"listView-innerSelectionPanelTable-listUl\")]/tbody/tr[5]/td[2]/div"}
COMMAND: POST /session/e85e052fb48b678918c44a977a8ff9db/element - {"using":"xpath","value":"//table[contains(@id, \"listView-innerSelectionPanelTable-listUl\")]/tbody/tr[5]/td[3]/div/div/span/span[1]/bdi"}
RESULT: {"using":"xpath","value":"//table[contains(@id, \"listView-innerSelectionPanelTable-listUl\")]/tbody/tr[5]/td[3]/div/div/span/span[1]/bdi"}
COMMAND: POST /session/e85e052fb48b678918c44a977a8ff9db/execute/sync - {"script":"<script> [56 bytes]","args":[{"element-6066-11e4-a52e-4f735466cecf":"f.0E2ED5F52CB306CEAC7E3CCDFCB92CD0.d.5DF7E5C7EB9554656C019631EF985FE9.e.8484","ELEMENT":"f.0E2ED5F52CB306CEAC7E3CCDFCB92CD0.d.5DF7E5C7EB9554656C019631EF985FE9.e.8484"}]}
RESULT: {"script":"<script> [56 bytes]","args":[{"element-6066-11e4-a52e-4f735466cecf":"f.0E2ED5F52CB306CEAC7E3CCDFCB92CD0.d.5DF7E5C7EB9554656C019631EF985FE9.e.8484","ELEMENT":"f.0E2ED5F52CB306CEAC7E3CCDFCB92CD0.d.5DF7E5C7EB9554656C019631EF985FE9.e.8484"}]}
COMMAND: GET /session/e85e052fb48b678918c44a977a8ff9db/element/f.0E2ED5F52CB306CEAC7E3CCDFCB92CD0.d.5DF7E5C7EB9554656C019631EF985FE9.e.8483/attribute/aria-checked - {}
COMMAND: GET /session/e85e052fb48b678918c44a977a8ff9db/screenshot - {}
RESULT: {}
COMMAND: POST /session/e85e052fb48b678918c44a977a8ff9db/element - {"using":"xpath","value":"//table[contains(@id, \"listView-innerSelectionPanelTable-listUl\")]/tbody/tr[6]/td[2]/div/div"}
RESULT: {}
RESULT: {"using":"xpath","value":"//table[contains(@id, \"listView-innerSelectionPanelTable-listUl\")]/tbody/tr[6]/td[2]/div/div"}
COMMAND: POST /session/e85e052fb48b678918c44a977a8ff9db/element - {"using":"xpath","value":"//table[contains(@id, \"listView-innerSelectionPanelTable-listUl\")]/tbody/tr[6]/td[2]/div"}
RESULT: {"using":"xpath","value":"//table[contains(@id, \"listView-innerSelectionPanelTable-listUl\")]/tbody/tr[6]/td[2]/div"}
COMMAND: POST /session/e85e052fb48b678918c44a977a8ff9db/element - {"using":"xpath","value":"//table[contains(@id, \"listView-innerSelectionPanelTable-listUl\")]/tbody/tr[6]/td[3]/div/div/span/span[1]/bdi"}
RESULT: {"using":"xpath","value":"//table[contains(@id, \"listView-innerSelectionPanelTable-listUl\")]/tbody/tr[6]/td[3]/div/div/span/span[1]/bdi"}
COMMAND: POST /session/e85e052fb48b678918c44a977a8ff9db/execute/sync - {"script":"<script> [56 bytes]","args":[{"element-6066-11e4-a52e-4f735466cecf":"f.0E2ED5F52CB306CEAC7E3CCDFCB92CD0.d.5DF7E5C7EB9554656C019631EF985FE9.e.8487","ELEMENT":"f.0E2ED5F52CB306CEAC7E3CCDFCB92CD0.d.5DF7E5C7EB9554656C019631EF985FE9.e.8487"}]}
RESULT: {"script":"<script> [56 bytes]","args":[{"element-6066-11e4-a52e-4f735466cecf":"f.0E2ED5F52CB306CEAC7E3CCDFCB92CD0.d.5DF7E5C7EB9554656C019631EF985FE9.e.8487","ELEMENT":"f.0E2ED5F52CB306CEAC7E3CCDFCB92CD0.d.5DF7E5C7EB9554656C019631EF985FE9.e.8487"}]}
COMMAND: GET /session/e85e052fb48b678918c44a977a8ff9db/element/f.0E2ED5F52CB306CEAC7E3CCDFCB92CD0.d.5DF7E5C7EB9554656C019631EF985FE9.e.8486/attribute/aria-checked - {}
COMMAND: GET /session/e85e052fb48b678918c44a977a8ff9db/screenshot - {}
RESULT: {}
COMMAND: POST /session/e85e052fb48b678918c44a977a8ff9db/element - {"using":"xpath","value":"//table[contains(@id, \"listView-innerSelectionPanelTable-listUl\")]/tbody/tr[7]/td[2]/div/div"}
RESULT: {}
RESULT: {"using":"xpath","value":"//table[contains(@id, \"listView-innerSelectionPanelTable-listUl\")]/tbody/tr[7]/td[2]/div/div"}
COMMAND: POST /session/e85e052fb48b678918c44a977a8ff9db/element - {"using":"xpath","value":"//table[contains(@id, \"listView-innerSelectionPanelTable-listUl\")]/tbody/tr[7]/td[2]/div"}
RESULT: {"using":"xpath","value":"//table[contains(@id, \"listView-innerSelectionPanelTable-listUl\")]/tbody/tr[7]/td[2]/div"}
COMMAND: POST /session/e85e052fb48b678918c44a977a8ff9db/element - {"using":"xpath","value":"//table[contains(@id, \"listView-innerSelectionPanelTable-listUl\")]/tbody/tr[7]/td[3]/div/div/span/span[1]/bdi"}
RESULT: {"using":"xpath","value":"//table[contains(@id, \"listView-innerSelectionPanelTable-listUl\")]/tbody/tr[7]/td[3]/div/div/span/span[1]/bdi"}
COMMAND: POST /session/e85e052fb48b678918c44a977a8ff9db/execute/sync - {"script":"<script> [56 bytes]","args":[{"element-6066-11e4-a52e-4f735466cecf":"f.0E2ED5F52CB306CEAC7E3CCDFCB92CD0.d.5DF7E5C7EB9554656C019631EF985FE9.e.8490","ELEMENT":"f.0E2ED5F52CB306CEAC7E3CCDFCB92CD0.d.5DF7E5C7EB9554656C019631EF985FE9.e.8490"}]}
RESULT: {"script":"<script> [56 bytes]","args":[{"element-6066-11e4-a52e-4f735466cecf":"f.0E2ED5F52CB306CEAC7E3CCDFCB92CD0.d.5DF7E5C7EB9554656C019631EF985FE9.e.8490","ELEMENT":"f.0E2ED5F52CB306CEAC7E3CCDFCB92CD0.d.5DF7E5C7EB9554656C019631EF985FE9.e.8490"}]}
COMMAND: GET /session/e85e052fb48b678918c44a977a8ff9db/element/f.0E2ED5F52CB306CEAC7E3CCDFCB92CD0.d.5DF7E5C7EB9554656C019631EF985FE9.e.8489/attribute/aria-checked - {}
COMMAND: GET /session/e85e052fb48b678918c44a977a8ff9db/screenshot - {}
RESULT: {}
COMMAND: POST /session/e85e052fb48b678918c44a977a8ff9db/element - {"using":"xpath","value":"//table[contains(@id, \"listView-innerSelectionPanelTable-listUl\")]/tbody/tr[8]/td[2]/div/div"}
RESULT: {}
RESULT: {"using":"xpath","value":"//table[contains(@id, \"listView-innerSelectionPanelTable-listUl\")]/tbody/tr[8]/td[2]/div/div"}
COMMAND: POST /session/e85e052fb48b678918c44a977a8ff9db/element - {"using":"xpath","value":"//table[contains(@id, \"listView-innerSelectionPanelTable-listUl\")]/tbody/tr[8]/td[2]/div"}
RESULT: {"using":"xpath","value":"//table[contains(@id, \"listView-innerSelectionPanelTable-listUl\")]/tbody/tr[8]/td[2]/div"}
COMMAND: POST /session/e85e052fb48b678918c44a977a8ff9db/element - {"using":"xpath","value":"//table[contains(@id, \"listView-innerSelectionPanelTable-listUl\")]/tbody/tr[8]/td[3]/div/div/span/span[1]/bdi"}
RESULT: {"using":"xpath","value":"//table[contains(@id, \"listView-innerSelectionPanelTable-listUl\")]/tbody/tr[8]/td[3]/div/div/span/span[1]/bdi"}
COMMAND: POST /session/e85e052fb48b678918c44a977a8ff9db/execute/sync - {"script":"<script> [56 bytes]","args":[{"element-6066-11e4-a52e-4f735466cecf":"f.0E2ED5F52CB306CEAC7E3CCDFCB92CD0.d.5DF7E5C7EB9554656C019631EF985FE9.e.8493","ELEMENT":"f.0E2ED5F52CB306CEAC7E3CCDFCB92CD0.d.5DF7E5C7EB9554656C019631EF985FE9.e.8493"}]}
RESULT: {"script":"<script> [56 bytes]","args":[{"element-6066-11e4-a52e-4f735466cecf":"f.0E2ED5F52CB306CEAC7E3CCDFCB92CD0.d.5DF7E5C7EB9554656C019631EF985FE9.e.8493","ELEMENT":"f.0E2ED5F52CB306CEAC7E3CCDFCB92CD0.d.5DF7E5C7EB9554656C019631EF985FE9.e.8493"}]}
COMMAND: GET /session/e85e052fb48b678918c44a977a8ff9db/element/f.0E2ED5F52CB306CEAC7E3CCDFCB92CD0.d.5DF7E5C7EB9554656C019631EF985FE9.e.8492/attribute/aria-checked - {}
COMMAND: GET /session/e85e052fb48b678918c44a977a8ff9db/screenshot - {}
RESULT: {}
COMMAND: POST /session/e85e052fb48b678918c44a977a8ff9db/element - {"using":"xpath","value":"//table[contains(@id, \"listView-innerSelectionPanelTable-listUl\")]/tbody/tr[9]/td[2]/div/div"}
RESULT: {}
RESULT: {"using":"xpath","value":"//table[contains(@id, \"listView-innerSelectionPanelTable-listUl\")]/tbody/tr[9]/td[2]/div/div"}
COMMAND: POST /session/e85e052fb48b678918c44a977a8ff9db/element - {"using":"xpath","value":"//table[contains(@id, \"listView-innerSelectionPanelTable-listUl\")]/tbody/tr[9]/td[2]/div"}
RESULT: {"using":"xpath","value":"//table[contains(@id, \"listView-innerSelectionPanelTable-listUl\")]/tbody/tr[9]/td[2]/div"}
COMMAND: POST /session/e85e052fb48b678918c44a977a8ff9db/element - {"using":"xpath","value":"//table[contains(@id, \"listView-innerSelectionPanelTable-listUl\")]/tbody/tr[9]/td[3]/div/div/span/span[1]/bdi"}
RESULT: {"using":"xpath","value":"//table[contains(@id, \"listView-innerSelectionPanelTable-listUl\")]/tbody/tr[9]/td[3]/div/div/span/span[1]/bdi"}
COMMAND: POST /session/e85e052fb48b678918c44a977a8ff9db/execute/sync - {"script":"<script> [56 bytes]","args":[{"element-6066-11e4-a52e-4f735466cecf":"f.0E2ED5F52CB306CEAC7E3CCDFCB92CD0.d.5DF7E5C7EB9554656C019631EF985FE9.e.8496","ELEMENT":"f.0E2ED5F52CB306CEAC7E3CCDFCB92CD0.d.5DF7E5C7EB9554656C019631EF985FE9.e.8496"}]}
RESULT: {"script":"<script> [56 bytes]","args":[{"element-6066-11e4-a52e-4f735466cecf":"f.0E2ED5F52CB306CEAC7E3CCDFCB92CD0.d.5DF7E5C7EB9554656C019631EF985FE9.e.8496","ELEMENT":"f.0E2ED5F52CB306CEAC7E3CCDFCB92CD0.d.5DF7E5C7EB9554656C019631EF985FE9.e.8496"}]}
COMMAND: GET /session/e85e052fb48b678918c44a977a8ff9db/element/f.0E2ED5F52CB306CEAC7E3CCDFCB92CD0.d.5DF7E5C7EB9554656C019631EF985FE9.e.8495/attribute/aria-checked - {}
COMMAND: GET /session/e85e052fb48b678918c44a977a8ff9db/screenshot - {}
RESULT: {}
COMMAND: POST /session/e85e052fb48b678918c44a977a8ff9db/element - {"using":"xpath","value":"//table[contains(@id, \"listView-innerSelectionPanelTable-listUl\")]/tbody/tr[10]/td[2]/div/div"}
RESULT: {}
RESULT: {"using":"xpath","value":"//table[contains(@id, \"listView-innerSelectionPanelTable-listUl\")]/tbody/tr[10]/td[2]/div/div"}
COMMAND: POST /session/e85e052fb48b678918c44a977a8ff9db/element - {"using":"xpath","value":"//table[contains(@id, \"listView-innerSelectionPanelTable-listUl\")]/tbody/tr[10]/td[2]/div"}
RESULT: {"using":"xpath","value":"//table[contains(@id, \"listView-innerSelectionPanelTable-listUl\")]/tbody/tr[10]/td[2]/div"}
COMMAND: POST /session/e85e052fb48b678918c44a977a8ff9db/element - {"using":"xpath","value":"//table[contains(@id, \"listView-innerSelectionPanelTable-listUl\")]/tbody/tr[10]/td[3]/div/div/span/span[1]/bdi"}
RESULT: {"using":"xpath","value":"//table[contains(@id, \"listView-innerSelectionPanelTable-listUl\")]/tbody/tr[10]/td[3]/div/div/span/span[1]/bdi"}
COMMAND: POST /session/e85e052fb48b678918c44a977a8ff9db/execute/sync - {"script":"<script> [56 bytes]","args":[{"element-6066-11e4-a52e-4f735466cecf":"f.0E2ED5F52CB306CEAC7E3CCDFCB92CD0.d.5DF7E5C7EB9554656C019631EF985FE9.e.8499","ELEMENT":"f.0E2ED5F52CB306CEAC7E3CCDFCB92CD0.d.5DF7E5C7EB9554656C019631EF985FE9.e.8499"}]}
RESULT: {"script":"<script> [56 bytes]","args":[{"element-6066-11e4-a52e-4f735466cecf":"f.0E2ED5F52CB306CEAC7E3CCDFCB92CD0.d.5DF7E5C7EB9554656C019631EF985FE9.e.8499","ELEMENT":"f.0E2ED5F52CB306CEAC7E3CCDFCB92CD0.d.5DF7E5C7EB9554656C019631EF985FE9.e.8499"}]}
COMMAND: GET /session/e85e052fb48b678918c44a977a8ff9db/element/f.0E2ED5F52CB306CEAC7E3CCDFCB92CD0.d.5DF7E5C7EB9554656C019631EF985FE9.e.8498/attribute/aria-checked - {}
COMMAND: GET /session/e85e052fb48b678918c44a977a8ff9db/screenshot - {}
RESULT: {}
COMMAND: POST /session/e85e052fb48b678918c44a977a8ff9db/element - {"using":"xpath","value":"//table[contains(@id, \"listView-innerSelectionPanelTable-listUl\")]/tbody/tr[11]/td[2]/div/div"}
RESULT: {}
RESULT: {"using":"xpath","value":"//table[contains(@id, \"listView-innerSelectionPanelTable-listUl\")]/tbody/tr[11]/td[2]/div/div"}
COMMAND: POST /session/e85e052fb48b678918c44a977a8ff9db/element - {"using":"xpath","value":"//table[contains(@id, \"listView-innerSelectionPanelTable-listUl\")]/tbody/tr[11]/td[2]/div"}
RESULT: {"using":"xpath","value":"//table[contains(@id, \"listView-innerSelectionPanelTable-listUl\")]/tbody/tr[11]/td[2]/div"}
COMMAND: POST /session/e85e052fb48b678918c44a977a8ff9db/element - {"using":"xpath","value":"//table[contains(@id, \"listView-innerSelectionPanelTable-listUl\")]/tbody/tr[11]/td[3]/div/div/span/span[1]/bdi"}
RESULT: {"using":"xpath","value":"//table[contains(@id, \"listView-innerSelectionPanelTable-listUl\")]/tbody/tr[11]/td[3]/div/div/span/span[1]/bdi"}
COMMAND: POST /session/e85e052fb48b678918c44a977a8ff9db/execute/sync - {"script":"<script> [56 bytes]","args":[{"element-6066-11e4-a52e-4f735466cecf":"f.0E2ED5F52CB306CEAC7E3CCDFCB92CD0.d.5DF7E5C7EB9554656C019631EF985FE9.e.8502","ELEMENT":"f.0E2ED5F52CB306CEAC7E3CCDFCB92CD0.d.5DF7E5C7EB9554656C019631EF985FE9.e.8502"}]}
RESULT: {"script":"<script> [56 bytes]","args":[{"element-6066-11e4-a52e-4f735466cecf":"f.0E2ED5F52CB306CEAC7E3CCDFCB92CD0.d.5DF7E5C7EB9554656C019631EF985FE9.e.8502","ELEMENT":"f.0E2ED5F52CB306CEAC7E3CCDFCB92CD0.d.5DF7E5C7EB9554656C019631EF985FE9.e.8502"}]}
COMMAND: GET /session/e85e052fb48b678918c44a977a8ff9db/element/f.0E2ED5F52CB306CEAC7E3CCDFCB92CD0.d.5DF7E5C7EB9554656C019631EF985FE9.e.8501/attribute/aria-checked - {}
COMMAND: GET /session/e85e052fb48b678918c44a977a8ff9db/screenshot - {}
RESULT: {}
COMMAND: POST /session/e85e052fb48b678918c44a977a8ff9db/element - {"using":"xpath","value":"//table[contains(@id, \"listView-innerSelectionPanelTable-listUl\")]/tbody/tr[12]/td[2]/div/div"}
RESULT: {}
RESULT: {"using":"xpath","value":"//table[contains(@id, \"listView-innerSelectionPanelTable-listUl\")]/tbody/tr[12]/td[2]/div/div"}
COMMAND: POST /session/e85e052fb48b678918c44a977a8ff9db/element - {"using":"xpath","value":"//table[contains(@id, \"listView-innerSelectionPanelTable-listUl\")]/tbody/tr[12]/td[2]/div"}
RESULT: {"using":"xpath","value":"//table[contains(@id, \"listView-innerSelectionPanelTable-listUl\")]/tbody/tr[12]/td[2]/div"}
COMMAND: POST /session/e85e052fb48b678918c44a977a8ff9db/element - {"using":"xpath","value":"//table[contains(@id, \"listView-innerSelectionPanelTable-listUl\")]/tbody/tr[12]/td[3]/div/div/span/span[1]/bdi"}
RESULT: {"using":"xpath","value":"//table[contains(@id, \"listView-innerSelectionPanelTable-listUl\")]/tbody/tr[12]/td[3]/div/div/span/span[1]/bdi"}
COMMAND: POST /session/e85e052fb48b678918c44a977a8ff9db/execute/sync - {"script":"<script> [56 bytes]","args":[{"element-6066-11e4-a52e-4f735466cecf":"f.0E2ED5F52CB306CEAC7E3CCDFCB92CD0.d.5DF7E5C7EB9554656C019631EF985FE9.e.8505","ELEMENT":"f.0E2ED5F52CB306CEAC7E3CCDFCB92CD0.d.5DF7E5C7EB9554656C019631EF985FE9.e.8505"}]}
RESULT: {"script":"<script> [56 bytes]","args":[{"element-6066-11e4-a52e-4f735466cecf":"f.0E2ED5F52CB306CEAC7E3CCDFCB92CD0.d.5DF7E5C7EB9554656C019631EF985FE9.e.8505","ELEMENT":"f.0E2ED5F52CB306CEAC7E3CCDFCB92CD0.d.5DF7E5C7EB9554656C019631EF985FE9.e.8505"}]}
COMMAND: GET /session/e85e052fb48b678918c44a977a8ff9db/element/f.0E2ED5F52CB306CEAC7E3CCDFCB92CD0.d.5DF7E5C7EB9554656C019631EF985FE9.e.8504/attribute/aria-checked - {}
COMMAND: GET /session/e85e052fb48b678918c44a977a8ff9db/screenshot - {}
RESULT: {}
COMMAND: POST /session/e85e052fb48b678918c44a977a8ff9db/element - {"using":"xpath","value":"//table[contains(@id, \"listView-innerSelectionPanelTable-listUl\")]/tbody/tr[13]/td[2]/div/div"}
RESULT: {}
RESULT: {"using":"xpath","value":"//table[contains(@id, \"listView-innerSelectionPanelTable-listUl\")]/tbody/tr[13]/td[2]/div/div"}
COMMAND: POST /session/e85e052fb48b678918c44a977a8ff9db/element - {"using":"xpath","value":"//table[contains(@id, \"listView-innerSelectionPanelTable-listUl\")]/tbody/tr[13]/td[2]/div"}
RESULT: {"using":"xpath","value":"//table[contains(@id, \"listView-innerSelectionPanelTable-listUl\")]/tbody/tr[13]/td[2]/div"}
COMMAND: POST /session/e85e052fb48b678918c44a977a8ff9db/element - {"using":"xpath","value":"//table[contains(@id, \"listView-innerSelectionPanelTable-listUl\")]/tbody/tr[13]/td[3]/div/div/span/span[1]/bdi"}
RESULT: {"using":"xpath","value":"//table[contains(@id, \"listView-innerSelectionPanelTable-listUl\")]/tbody/tr[13]/td[3]/div/div/span/span[1]/bdi"}
COMMAND: POST /session/e85e052fb48b678918c44a977a8ff9db/execute/sync - {"script":"<script> [56 bytes]","args":[{"element-6066-11e4-a52e-4f735466cecf":"f.0E2ED5F52CB306CEAC7E3CCDFCB92CD0.d.5DF7E5C7EB9554656C019631EF985FE9.e.8508","ELEMENT":"f.0E2ED5F52CB306CEAC7E3CCDFCB92CD0.d.5DF7E5C7EB9554656C019631EF985FE9.e.8508"}]}
RESULT: {"script":"<script> [56 bytes]","args":[{"element-6066-11e4-a52e-4f735466cecf":"f.0E2ED5F52CB306CEAC7E3CCDFCB92CD0.d.5DF7E5C7EB9554656C019631EF985FE9.e.8508","ELEMENT":"f.0E2ED5F52CB306CEAC7E3CCDFCB92CD0.d.5DF7E5C7EB9554656C019631EF985FE9.e.8508"}]}
COMMAND: GET /session/e85e052fb48b678918c44a977a8ff9db/element/f.0E2ED5F52CB306CEAC7E3CCDFCB92CD0.d.5DF7E5C7EB9554656C019631EF985FE9.e.8507/attribute/aria-checked - {}
COMMAND: GET /session/e85e052fb48b678918c44a977a8ff9db/screenshot - {}
RESULT: {}
COMMAND: POST /session/e85e052fb48b678918c44a977a8ff9db/element - {"using":"xpath","value":"//table[contains(@id, \"listView-innerSelectionPanelTable-listUl\")]/tbody/tr[14]/td[2]/div/div"}
RESULT: {}
RESULT: {"using":"xpath","value":"//table[contains(@id, \"listView-innerSelectionPanelTable-listUl\")]/tbody/tr[14]/td[2]/div/div"}
COMMAND: POST /session/e85e052fb48b678918c44a977a8ff9db/element - {"using":"xpath","value":"//table[contains(@id, \"listView-innerSelectionPanelTable-listUl\")]/tbody/tr[14]/td[2]/div"}
RESULT: {"using":"xpath","value":"//table[contains(@id, \"listView-innerSelectionPanelTable-listUl\")]/tbody/tr[14]/td[2]/div"}
COMMAND: POST /session/e85e052fb48b678918c44a977a8ff9db/element - {"using":"xpath","value":"//table[contains(@id, \"listView-innerSelectionPanelTable-listUl\")]/tbody/tr[14]/td[3]/div/div/span/span[1]/bdi"}
RESULT: {"using":"xpath","value":"//table[contains(@id, \"listView-innerSelectionPanelTable-listUl\")]/tbody/tr[14]/td[3]/div/div/span/span[1]/bdi"}
COMMAND: POST /session/e85e052fb48b678918c44a977a8ff9db/execute/sync - {"script":"<script> [56 bytes]","args":[{"element-6066-11e4-a52e-4f735466cecf":"f.0E2ED5F52CB306CEAC7E3CCDFCB92CD0.d.5DF7E5C7EB9554656C019631EF985FE9.e.8511","ELEMENT":"f.0E2ED5F52CB306CEAC7E3CCDFCB92CD0.d.5DF7E5C7EB9554656C019631EF985FE9.e.8511"}]}
RESULT: {"script":"<script> [56 bytes]","args":[{"element-6066-11e4-a52e-4f735466cecf":"f.0E2ED5F52CB306CEAC7E3CCDFCB92CD0.d.5DF7E5C7EB9554656C019631EF985FE9.e.8511","ELEMENT":"f.0E2ED5F52CB306CEAC7E3CCDFCB92CD0.d.5DF7E5C7EB9554656C019631EF985FE9.e.8511"}]}
COMMAND: GET /session/e85e052fb48b678918c44a977a8ff9db/element/f.0E2ED5F52CB306CEAC7E3CCDFCB92CD0.d.5DF7E5C7EB9554656C019631EF985FE9.e.8510/attribute/aria-checked - {}
COMMAND: GET /session/e85e052fb48b678918c44a977a8ff9db/screenshot - {}
RESULT: {}
COMMAND: POST /session/e85e052fb48b678918c44a977a8ff9db/element - {"using":"xpath","value":"//table[contains(@id, \"listView-innerSelectionPanelTable-listUl\")]/tbody/tr[15]/td[2]/div/div"}
RESULT: {}
RESULT: {"using":"xpath","value":"//table[contains(@id, \"listView-innerSelectionPanelTable-listUl\")]/tbody/tr[15]/td[2]/div/div"}
COMMAND: POST /session/e85e052fb48b678918c44a977a8ff9db/element - {"using":"xpath","value":"//table[contains(@id, \"listView-innerSelectionPanelTable-listUl\")]/tbody/tr[15]/td[2]/div"}
RESULT: {"using":"xpath","value":"//table[contains(@id, \"listView-innerSelectionPanelTable-listUl\")]/tbody/tr[15]/td[2]/div"}
COMMAND: POST /session/e85e052fb48b678918c44a977a8ff9db/element - {"using":"xpath","value":"//table[contains(@id, \"listView-innerSelectionPanelTable-listUl\")]/tbody/tr[15]/td[3]/div/div/span/span[1]/bdi"}
RESULT: {"using":"xpath","value":"//table[contains(@id, \"listView-innerSelectionPanelTable-listUl\")]/tbody/tr[15]/td[3]/div/div/span/span[1]/bdi"}
COMMAND: POST /session/e85e052fb48b678918c44a977a8ff9db/execute/sync - {"script":"<script> [56 bytes]","args":[{"element-6066-11e4-a52e-4f735466cecf":"f.0E2ED5F52CB306CEAC7E3CCDFCB92CD0.d.5DF7E5C7EB9554656C019631EF985FE9.e.8514","ELEMENT":"f.0E2ED5F52CB306CEAC7E3CCDFCB92CD0.d.5DF7E5C7EB9554656C019631EF985FE9.e.8514"}]}
RESULT: {"script":"<script> [56 bytes]","args":[{"element-6066-11e4-a52e-4f735466cecf":"f.0E2ED5F52CB306CEAC7E3CCDFCB92CD0.d.5DF7E5C7EB9554656C019631EF985FE9.e.8514","ELEMENT":"f.0E2ED5F52CB306CEAC7E3CCDFCB92CD0.d.5DF7E5C7EB9554656C019631EF985FE9.e.8514"}]}
COMMAND: GET /session/e85e052fb48b678918c44a977a8ff9db/element/f.0E2ED5F52CB306CEAC7E3CCDFCB92CD0.d.5DF7E5C7EB9554656C019631EF985FE9.e.8513/attribute/aria-checked - {}
COMMAND: GET /session/e85e052fb48b678918c44a977a8ff9db/screenshot - {}
RESULT: {}
COMMAND: POST /session/e85e052fb48b678918c44a977a8ff9db/element - {"using":"xpath","value":"//table[contains(@id, \"listView-innerSelectionPanelTable-listUl\")]/tbody/tr[16]/td[2]/div/div"}
RESULT: {}
RESULT: {"using":"xpath","value":"//table[contains(@id, \"listView-innerSelectionPanelTable-listUl\")]/tbody/tr[16]/td[2]/div/div"}
COMMAND: POST /session/e85e052fb48b678918c44a977a8ff9db/element - {"using":"xpath","value":"//table[contains(@id, \"listView-innerSelectionPanelTable-listUl\")]/tbody/tr[16]/td[2]/div"}
RESULT: {"using":"xpath","value":"//table[contains(@id, \"listView-innerSelectionPanelTable-listUl\")]/tbody/tr[16]/td[2]/div"}
COMMAND: POST /session/e85e052fb48b678918c44a977a8ff9db/element - {"using":"xpath","value":"//table[contains(@id, \"listView-innerSelectionPanelTable-listUl\")]/tbody/tr[16]/td[3]/div/div/span/span[1]/bdi"}
RESULT: {"using":"xpath","value":"//table[contains(@id, \"listView-innerSelectionPanelTable-listUl\")]/tbody/tr[16]/td[3]/div/div/span/span[1]/bdi"}
COMMAND: POST /session/e85e052fb48b678918c44a977a8ff9db/execute/sync - {"script":"<script> [56 bytes]","args":[{"element-6066-11e4-a52e-4f735466cecf":"f.0E2ED5F52CB306CEAC7E3CCDFCB92CD0.d.5DF7E5C7EB9554656C019631EF985FE9.e.8517","ELEMENT":"f.0E2ED5F52CB306CEAC7E3CCDFCB92CD0.d.5DF7E5C7EB9554656C019631EF985FE9.e.8517"}]}
RESULT: {"script":"<script> [56 bytes]","args":[{"element-6066-11e4-a52e-4f735466cecf":"f.0E2ED5F52CB306CEAC7E3CCDFCB92CD0.d.5DF7E5C7EB9554656C019631EF985FE9.e.8517","ELEMENT":"f.0E2ED5F52CB306CEAC7E3CCDFCB92CD0.d.5DF7E5C7EB9554656C019631EF985FE9.e.8517"}]}
COMMAND: GET /session/e85e052fb48b678918c44a977a8ff9db/element/f.0E2ED5F52CB306CEAC7E3CCDFCB92CD0.d.5DF7E5C7EB9554656C019631EF985FE9.e.8516/attribute/aria-checked - {}
COMMAND: GET /session/e85e052fb48b678918c44a977a8ff9db/screenshot - {}
RESULT: {}
COMMAND: POST /session/e85e052fb48b678918c44a977a8ff9db/element - {"using":"xpath","value":"//table[contains(@id, \"listView-innerSelectionPanelTable-listUl\")]/tbody/tr[17]/td[2]/div/div"}
RESULT: {}
RESULT: {"using":"xpath","value":"//table[contains(@id, \"listView-innerSelectionPanelTable-listUl\")]/tbody/tr[17]/td[2]/div/div"}
COMMAND: POST /session/e85e052fb48b678918c44a977a8ff9db/element - {"using":"xpath","value":"//table[contains(@id, \"listView-innerSelectionPanelTable-listUl\")]/tbody/tr[17]/td[2]/div"}
RESULT: {"using":"xpath","value":"//table[contains(@id, \"listView-innerSelectionPanelTable-listUl\")]/tbody/tr[17]/td[2]/div"}
COMMAND: POST /session/e85e052fb48b678918c44a977a8ff9db/element - {"using":"xpath","value":"//table[contains(@id, \"listView-innerSelectionPanelTable-listUl\")]/tbody/tr[17]/td[3]/div/div/span/span[1]/bdi"}
RESULT: {"using":"xpath","value":"//table[contains(@id, \"listView-innerSelectionPanelTable-listUl\")]/tbody/tr[17]/td[3]/div/div/span/span[1]/bdi"}
COMMAND: POST /session/e85e052fb48b678918c44a977a8ff9db/execute/sync - {"script":"<script> [56 bytes]","args":[{"element-6066-11e4-a52e-4f735466cecf":"f.0E2ED5F52CB306CEAC7E3CCDFCB92CD0.d.5DF7E5C7EB9554656C019631EF985FE9.e.8520","ELEMENT":"f.0E2ED5F52CB306CEAC7E3CCDFCB92CD0.d.5DF7E5C7EB9554656C019631EF985FE9.e.8520"}]}
RESULT: {"script":"<script> [56 bytes]","args":[{"element-6066-11e4-a52e-4f735466cecf":"f.0E2ED5F52CB306CEAC7E3CCDFCB92CD0.d.5DF7E5C7EB9554656C019631EF985FE9.e.8520","ELEMENT":"f.0E2ED5F52CB306CEAC7E3CCDFCB92CD0.d.5DF7E5C7EB9554656C019631EF985FE9.e.8520"}]}
COMMAND: GET /session/e85e052fb48b678918c44a977a8ff9db/element/f.0E2ED5F52CB306CEAC7E3CCDFCB92CD0.d.5DF7E5C7EB9554656C019631EF985FE9.e.8519/attribute/aria-checked - {}
COMMAND: GET /session/e85e052fb48b678918c44a977a8ff9db/screenshot - {}
RESULT: {}
COMMAND: POST /session/e85e052fb48b678918c44a977a8ff9db/element - {"using":"xpath","value":"//table[contains(@id, \"listView-innerSelectionPanelTable-listUl\")]/tbody/tr[18]/td[2]/div/div"}
RESULT: {}
RESULT: {"using":"xpath","value":"//table[contains(@id, \"listView-innerSelectionPanelTable-listUl\")]/tbody/tr[18]/td[2]/div/div"}
COMMAND: POST /session/e85e052fb48b678918c44a977a8ff9db/element - {"using":"xpath","value":"//table[contains(@id, \"listView-innerSelectionPanelTable-listUl\")]/tbody/tr[18]/td[2]/div"}
RESULT: {"using":"xpath","value":"//table[contains(@id, \"listView-innerSelectionPanelTable-listUl\")]/tbody/tr[18]/td[2]/div"}
COMMAND: POST /session/e85e052fb48b678918c44a977a8ff9db/element - {"using":"xpath","value":"//table[contains(@id, \"listView-innerSelectionPanelTable-listUl\")]/tbody/tr[18]/td[3]/div/div/span/span[1]/bdi"}
RESULT: {"using":"xpath","value":"//table[contains(@id, \"listView-innerSelectionPanelTable-listUl\")]/tbody/tr[18]/td[3]/div/div/span/span[1]/bdi"}
COMMAND: POST /session/e85e052fb48b678918c44a977a8ff9db/execute/sync - {"script":"<script> [56 bytes]","args":[{"element-6066-11e4-a52e-4f735466cecf":"f.0E2ED5F52CB306CEAC7E3CCDFCB92CD0.d.5DF7E5C7EB9554656C019631EF985FE9.e.8523","ELEMENT":"f.0E2ED5F52CB306CEAC7E3CCDFCB92CD0.d.5DF7E5C7EB9554656C019631EF985FE9.e.8523"}]}
RESULT: {"script":"<script> [56 bytes]","args":[{"element-6066-11e4-a52e-4f735466cecf":"f.0E2ED5F52CB306CEAC7E3CCDFCB92CD0.d.5DF7E5C7EB9554656C019631EF985FE9.e.8523","ELEMENT":"f.0E2ED5F52CB306CEAC7E3CCDFCB92CD0.d.5DF7E5C7EB9554656C019631EF985FE9.e.8523"}]}
COMMAND: GET /session/e85e052fb48b678918c44a977a8ff9db/element/f.0E2ED5F52CB306CEAC7E3CCDFCB92CD0.d.5DF7E5C7EB9554656C019631EF985FE9.e.8522/attribute/aria-checked - {}
COMMAND: GET /session/e85e052fb48b678918c44a977a8ff9db/screenshot - {}
RESULT: {}
COMMAND: POST /session/e85e052fb48b678918c44a977a8ff9db/element - {"using":"xpath","value":"//table[contains(@id, \"listView-innerSelectionPanelTable-listUl\")]/tbody/tr[19]/td[2]/div/div"}
RESULT: {}
RESULT: {"using":"xpath","value":"//table[contains(@id, \"listView-innerSelectionPanelTable-listUl\")]/tbody/tr[19]/td[2]/div/div"}
COMMAND: POST /session/e85e052fb48b678918c44a977a8ff9db/element - {"using":"xpath","value":"//table[contains(@id, \"listView-innerSelectionPanelTable-listUl\")]/tbody/tr[19]/td[2]/div"}
RESULT: {"using":"xpath","value":"//table[contains(@id, \"listView-innerSelectionPanelTable-listUl\")]/tbody/tr[19]/td[2]/div"}
COMMAND: POST /session/e85e052fb48b678918c44a977a8ff9db/element - {"using":"xpath","value":"//table[contains(@id, \"listView-innerSelectionPanelTable-listUl\")]/tbody/tr[19]/td[3]/div/div/span/span[1]/bdi"}
RESULT: {"using":"xpath","value":"//table[contains(@id, \"listView-innerSelectionPanelTable-listUl\")]/tbody/tr[19]/td[3]/div/div/span/span[1]/bdi"}
COMMAND: POST /session/e85e052fb48b678918c44a977a8ff9db/execute/sync - {"script":"<script> [56 bytes]","args":[{"element-6066-11e4-a52e-4f735466cecf":"f.0E2ED5F52CB306CEAC7E3CCDFCB92CD0.d.5DF7E5C7EB9554656C019631EF985FE9.e.8526","ELEMENT":"f.0E2ED5F52CB306CEAC7E3CCDFCB92CD0.d.5DF7E5C7EB9554656C019631EF985FE9.e.8526"}]}
RESULT: {"script":"<script> [56 bytes]","args":[{"element-6066-11e4-a52e-4f735466cecf":"f.0E2ED5F52CB306CEAC7E3CCDFCB92CD0.d.5DF7E5C7EB9554656C019631EF985FE9.e.8526","ELEMENT":"f.0E2ED5F52CB306CEAC7E3CCDFCB92CD0.d.5DF7E5C7EB9554656C019631EF985FE9.e.8526"}]}
COMMAND: GET /session/e85e052fb48b678918c44a977a8ff9db/element/f.0E2ED5F52CB306CEAC7E3CCDFCB92CD0.d.5DF7E5C7EB9554656C019631EF985FE9.e.8525/attribute/aria-checked - {}
COMMAND: GET /session/e85e052fb48b678918c44a977a8ff9db/screenshot - {}
RESULT: {}
COMMAND: POST /session/e85e052fb48b678918c44a977a8ff9db/element - {"using":"xpath","value":"//table[contains(@id, \"listView-innerSelectionPanelTable-listUl\")]/tbody/tr[20]/td[2]/div/div"}
RESULT: {}
RESULT: {"using":"xpath","value":"//table[contains(@id, \"listView-innerSelectionPanelTable-listUl\")]/tbody/tr[20]/td[2]/div/div"}
COMMAND: POST /session/e85e052fb48b678918c44a977a8ff9db/element - {"using":"xpath","value":"//table[contains(@id, \"listView-innerSelectionPanelTable-listUl\")]/tbody/tr[20]/td[2]/div"}
RESULT: {"using":"xpath","value":"//table[contains(@id, \"listView-innerSelectionPanelTable-listUl\")]/tbody/tr[20]/td[2]/div"}
COMMAND: POST /session/e85e052fb48b678918c44a977a8ff9db/element - {"using":"xpath","value":"//table[contains(@id, \"listView-innerSelectionPanelTable-listUl\")]/tbody/tr[20]/td[3]/div/div/span/span[1]/bdi"}
RESULT: {"using":"xpath","value":"//table[contains(@id, \"listView-innerSelectionPanelTable-listUl\")]/tbody/tr[20]/td[3]/div/div/span/span[1]/bdi"}
COMMAND: POST /session/e85e052fb48b678918c44a977a8ff9db/execute/sync - {"script":"<script> [56 bytes]","args":[{"element-6066-11e4-a52e-4f735466cecf":"f.0E2ED5F52CB306CEAC7E3CCDFCB92CD0.d.5DF7E5C7EB9554656C019631EF985FE9.e.8529","ELEMENT":"f.0E2ED5F52CB306CEAC7E3CCDFCB92CD0.d.5DF7E5C7EB9554656C019631EF985FE9.e.8529"}]}
RESULT: {"script":"<script> [56 bytes]","args":[{"element-6066-11e4-a52e-4f735466cecf":"f.0E2ED5F52CB306CEAC7E3CCDFCB92CD0.d.5DF7E5C7EB9554656C019631EF985FE9.e.8529","ELEMENT":"f.0E2ED5F52CB306CEAC7E3CCDFCB92CD0.d.5DF7E5C7EB9554656C019631EF985FE9.e.8529"}]}
COMMAND: GET /session/e85e052fb48b678918c44a977a8ff9db/element/f.0E2ED5F52CB306CEAC7E3CCDFCB92CD0.d.5DF7E5C7EB9554656C019631EF985FE9.e.8528/attribute/aria-checked - {}
COMMAND: GET /session/e85e052fb48b678918c44a977a8ff9db/screenshot - {}
RESULT: {}
COMMAND: POST /session/e85e052fb48b678918c44a977a8ff9db/element - {"using":"xpath","value":"//table[contains(@id, \"listView-innerSelectionPanelTable-listUl\")]/tbody/tr[21]/td[2]/div/div"}
COMMAND: POST /session/e85e052fb48b678918c44a977a8ff9db/element/f.0E2ED5F52CB306CEAC7E3CCDFCB92CD0.d.5DF7E5C7EB9554656C019631EF985FE9.e.8527/click - {}
RESULT: {}
RESULT: {}
COMMAND: GET /session/e85e052fb48b678918c44a977a8ff9db/screenshot - {}
RESULT: {"using":"xpath","value":"//table[contains(@id, \"listView-innerSelectionPanelTable-listUl\")]/tbody/tr[21]/td[2]/div/div"}
COMMAND: POST /session/e85e052fb48b678918c44a977a8ff9db/element - {"using":"xpath","value":"//table[contains(@id, \"listView-innerSelectionPanelTable-listUl\")]/tbody/tr[21]/td[2]/div"}
RESULT: {}
RESULT: {"using":"xpath","value":"//table[contains(@id, \"listView-innerSelectionPanelTable-listUl\")]/tbody/tr[21]/td[2]/div"}
COMMAND: POST /session/e85e052fb48b678918c44a977a8ff9db/element - {"using":"xpath","value":"//table[contains(@id, \"listView-innerSelectionPanelTable-listUl\")]/tbody/tr[21]/td[3]/div/div/span/span[1]/bdi"}
RESULT: {"using":"xpath","value":"//table[contains(@id, \"listView-innerSelectionPanelTable-listUl\")]/tbody/tr[21]/td[3]/div/div/span/span[1]/bdi"}
COMMAND: POST /session/e85e052fb48b678918c44a977a8ff9db/execute/sync - {"script":"<script> [56 bytes]","args":[{"element-6066-11e4-a52e-4f735466cecf":"f.0E2ED5F52CB306CEAC7E3CCDFCB92CD0.d.5DF7E5C7EB9554656C019631EF985FE9.e.8535","ELEMENT":"f.0E2ED5F52CB306CEAC7E3CCDFCB92CD0.d.5DF7E5C7EB9554656C019631EF985FE9.e.8535"}]}
RESULT: {"script":"<script> [56 bytes]","args":[{"element-6066-11e4-a52e-4f735466cecf":"f.0E2ED5F52CB306CEAC7E3CCDFCB92CD0.d.5DF7E5C7EB9554656C019631EF985FE9.e.8535","ELEMENT":"f.0E2ED5F52CB306CEAC7E3CCDFCB92CD0.d.5DF7E5C7EB9554656C019631EF985FE9.e.8535"}]}
COMMAND: GET /session/e85e052fb48b678918c44a977a8ff9db/element/f.0E2ED5F52CB306CEAC7E3CCDFCB92CD0.d.5DF7E5C7EB9554656C019631EF985FE9.e.8534/attribute/aria-checked - {}
COMMAND: GET /session/e85e052fb48b678918c44a977a8ff9db/screenshot - {}
RESULT: {}
COMMAND: POST /session/e85e052fb48b678918c44a977a8ff9db/element - {"using":"xpath","value":"//table[contains(@id, \"listView-innerSelectionPanelTable-listUl\")]/tbody/tr[22]/td[2]/div/div"}
COMMAND: POST /session/e85e052fb48b678918c44a977a8ff9db/element/f.0E2ED5F52CB306CEAC7E3CCDFCB92CD0.d.5DF7E5C7EB9554656C019631EF985FE9.e.8533/click - {}
RESULT: {}
RESULT: {"using":"xpath","value":"//table[contains(@id, \"listView-innerSelectionPanelTable-listUl\")]/tbody/tr[22]/td[2]/div/div"}
COMMAND: POST /session/e85e052fb48b678918c44a977a8ff9db/element - {"using":"xpath","value":"//table[contains(@id, \"listView-innerSelectionPanelTable-listUl\")]/tbody/tr[22]/td[2]/div"}
RESULT: {}
COMMAND: GET /session/e85e052fb48b678918c44a977a8ff9db/screenshot - {}
RESULT: {"using":"xpath","value":"//table[contains(@id, \"listView-innerSelectionPanelTable-listUl\")]/tbody/tr[22]/td[2]/div"}
COMMAND: POST /session/e85e052fb48b678918c44a977a8ff9db/element - {"using":"xpath","value":"//table[contains(@id, \"listView-innerSelectionPanelTable-listUl\")]/tbody/tr[22]/td[3]/div/div/span/span[1]/bdi"}
RESULT: {}
RESULT: {"using":"xpath","value":"//table[contains(@id, \"listView-innerSelectionPanelTable-listUl\")]/tbody/tr[22]/td[3]/div/div/span/span[1]/bdi"}
COMMAND: POST /session/e85e052fb48b678918c44a977a8ff9db/execute/sync - {"script":"<script> [56 bytes]","args":[{"element-6066-11e4-a52e-4f735466cecf":"f.0E2ED5F52CB306CEAC7E3CCDFCB92CD0.d.5DF7E5C7EB9554656C019631EF985FE9.e.8539","ELEMENT":"f.0E2ED5F52CB306CEAC7E3CCDFCB92CD0.d.5DF7E5C7EB9554656C019631EF985FE9.e.8539"}]}
RESULT: {"script":"<script> [56 bytes]","args":[{"element-6066-11e4-a52e-4f735466cecf":"f.0E2ED5F52CB306CEAC7E3CCDFCB92CD0.d.5DF7E5C7EB9554656C019631EF985FE9.e.8539","ELEMENT":"f.0E2ED5F52CB306CEAC7E3CCDFCB92CD0.d.5DF7E5C7EB9554656C019631EF985FE9.e.8539"}]}
COMMAND: GET /session/e85e052fb48b678918c44a977a8ff9db/element/f.0E2ED5F52CB306CEAC7E3CCDFCB92CD0.d.5DF7E5C7EB9554656C019631EF985FE9.e.8538/attribute/aria-checked - {}
COMMAND: GET /session/e85e052fb48b678918c44a977a8ff9db/screenshot - {}
RESULT: {}
COMMAND: POST /session/e85e052fb48b678918c44a977a8ff9db/element - {"using":"xpath","value":"//table[contains(@id, \"listView-innerSelectionPanelTable-listUl\")]/tbody/tr[23]/td[2]/div/div"}
RESULT: {}
RESULT: {"using":"xpath","value":"//table[contains(@id, \"listView-innerSelectionPanelTable-listUl\")]/tbody/tr[23]/td[2]/div/div"}
COMMAND: POST /session/e85e052fb48b678918c44a977a8ff9db/element - {"using":"xpath","value":"//table[contains(@id, \"listView-innerSelectionPanelTable-listUl\")]/tbody/tr[23]/td[2]/div"}
RESULT: {"using":"xpath","value":"//table[contains(@id, \"listView-innerSelectionPanelTable-listUl\")]/tbody/tr[23]/td[2]/div"}
COMMAND: POST /session/e85e052fb48b678918c44a977a8ff9db/element - {"using":"xpath","value":"//table[contains(@id, \"listView-innerSelectionPanelTable-listUl\")]/tbody/tr[23]/td[3]/div/div/span/span[1]/bdi"}
RESULT: {"using":"xpath","value":"//table[contains(@id, \"listView-innerSelectionPanelTable-listUl\")]/tbody/tr[23]/td[3]/div/div/span/span[1]/bdi"}
COMMAND: POST /session/e85e052fb48b678918c44a977a8ff9db/execute/sync - {"script":"<script> [56 bytes]","args":[{"element-6066-11e4-a52e-4f735466cecf":"f.0E2ED5F52CB306CEAC7E3CCDFCB92CD0.d.5DF7E5C7EB9554656C019631EF985FE9.e.8542","ELEMENT":"f.0E2ED5F52CB306CEAC7E3CCDFCB92CD0.d.5DF7E5C7EB9554656C019631EF985FE9.e.8542"}]}
RESULT: {"script":"<script> [56 bytes]","args":[{"element-6066-11e4-a52e-4f735466cecf":"f.0E2ED5F52CB306CEAC7E3CCDFCB92CD0.d.5DF7E5C7EB9554656C019631EF985FE9.e.8542","ELEMENT":"f.0E2ED5F52CB306CEAC7E3CCDFCB92CD0.d.5DF7E5C7EB9554656C019631EF985FE9.e.8542"}]}
COMMAND: GET /session/e85e052fb48b678918c44a977a8ff9db/element/f.0E2ED5F52CB306CEAC7E3CCDFCB92CD0.d.5DF7E5C7EB9554656C019631EF985FE9.e.8541/attribute/aria-checked - {}
COMMAND: GET /session/e85e052fb48b678918c44a977a8ff9db/screenshot - {}
RESULT: {}
COMMAND: POST /session/e85e052fb48b678918c44a977a8ff9db/element - {"using":"xpath","value":"//table[contains(@id, \"listView-innerSelectionPanelTable-listUl\")]/tbody/tr[24]/td[2]/div/div"}
RESULT: {}
RESULT: {"using":"xpath","value":"//table[contains(@id, \"listView-innerSelectionPanelTable-listUl\")]/tbody/tr[24]/td[2]/div/div"}
COMMAND: POST /session/e85e052fb48b678918c44a977a8ff9db/element - {"using":"xpath","value":"//table[contains(@id, \"listView-innerSelectionPanelTable-listUl\")]/tbody/tr[24]/td[2]/div"}
RESULT: {"using":"xpath","value":"//table[contains(@id, \"listView-innerSelectionPanelTable-listUl\")]/tbody/tr[24]/td[2]/div"}
COMMAND: POST /session/e85e052fb48b678918c44a977a8ff9db/element - {"using":"xpath","value":"//table[contains(@id, \"listView-innerSelectionPanelTable-listUl\")]/tbody/tr[24]/td[3]/div/div/span/span[1]/bdi"}
RESULT: {"using":"xpath","value":"//table[contains(@id, \"listView-innerSelectionPanelTable-listUl\")]/tbody/tr[24]/td[3]/div/div/span/span[1]/bdi"}
COMMAND: POST /session/e85e052fb48b678918c44a977a8ff9db/execute/sync - {"script":"<script> [56 bytes]","args":[{"element-6066-11e4-a52e-4f735466cecf":"f.0E2ED5F52CB306CEAC7E3CCDFCB92CD0.d.5DF7E5C7EB9554656C019631EF985FE9.e.8545","ELEMENT":"f.0E2ED5F52CB306CEAC7E3CCDFCB92CD0.d.5DF7E5C7EB9554656C019631EF985FE9.e.8545"}]}
RESULT: {"script":"<script> [56 bytes]","args":[{"element-6066-11e4-a52e-4f735466cecf":"f.0E2ED5F52CB306CEAC7E3CCDFCB92CD0.d.5DF7E5C7EB9554656C019631EF985FE9.e.8545","ELEMENT":"f.0E2ED5F52CB306CEAC7E3CCDFCB92CD0.d.5DF7E5C7EB9554656C019631EF985FE9.e.8545"}]}
COMMAND: GET /session/e85e052fb48b678918c44a977a8ff9db/element/f.0E2ED5F52CB306CEAC7E3CCDFCB92CD0.d.5DF7E5C7EB9554656C019631EF985FE9.e.8544/attribute/aria-checked - {}
COMMAND: GET /session/e85e052fb48b678918c44a977a8ff9db/screenshot - {}
RESULT: {}
COMMAND: POST /session/e85e052fb48b678918c44a977a8ff9db/element - {"using":"xpath","value":"//table[contains(@id, \"listView-innerSelectionPanelTable-listUl\")]/tbody/tr[25]/td[2]/div/div"}
RESULT: {}
RESULT: {"using":"xpath","value":"//table[contains(@id, \"listView-innerSelectionPanelTable-listUl\")]/tbody/tr[25]/td[2]/div/div"}
COMMAND: POST /session/e85e052fb48b678918c44a977a8ff9db/element - {"using":"xpath","value":"//table[contains(@id, \"listView-innerSelectionPanelTable-listUl\")]/tbody/tr[25]/td[2]/div"}
RESULT: {"using":"xpath","value":"//table[contains(@id, \"listView-innerSelectionPanelTable-listUl\")]/tbody/tr[25]/td[2]/div"}
COMMAND: POST /session/e85e052fb48b678918c44a977a8ff9db/element - {"using":"xpath","value":"//table[contains(@id, \"listView-innerSelectionPanelTable-listUl\")]/tbody/tr[25]/td[3]/div/div/span/span[1]/bdi"}
RESULT: {"using":"xpath","value":"//table[contains(@id, \"listView-innerSelectionPanelTable-listUl\")]/tbody/tr[25]/td[3]/div/div/span/span[1]/bdi"}
COMMAND: POST /session/e85e052fb48b678918c44a977a8ff9db/execute/sync - {"script":"<script> [56 bytes]","args":[{"element-6066-11e4-a52e-4f735466cecf":"f.0E2ED5F52CB306CEAC7E3CCDFCB92CD0.d.5DF7E5C7EB9554656C019631EF985FE9.e.8548","ELEMENT":"f.0E2ED5F52CB306CEAC7E3CCDFCB92CD0.d.5DF7E5C7EB9554656C019631EF985FE9.e.8548"}]}
RESULT: {"script":"<script> [56 bytes]","args":[{"element-6066-11e4-a52e-4f735466cecf":"f.0E2ED5F52CB306CEAC7E3CCDFCB92CD0.d.5DF7E5C7EB9554656C019631EF985FE9.e.8548","ELEMENT":"f.0E2ED5F52CB306CEAC7E3CCDFCB92CD0.d.5DF7E5C7EB9554656C019631EF985FE9.e.8548"}]}
COMMAND: GET /session/e85e052fb48b678918c44a977a8ff9db/element/f.0E2ED5F52CB306CEAC7E3CCDFCB92CD0.d.5DF7E5C7EB9554656C019631EF985FE9.e.8547/attribute/aria-checked - {}
COMMAND: GET /session/e85e052fb48b678918c44a977a8ff9db/screenshot - {}
RESULT: {}
COMMAND: POST /session/e85e052fb48b678918c44a977a8ff9db/element - {"using":"xpath","value":"//bdi[contains(text(), \"OK\")]"}
RESULT: {}
RESULT: {"using":"xpath","value":"//bdi[contains(text(), \"OK\")]"}
COMMAND: POST /session/e85e052fb48b678918c44a977a8ff9db/element/f.0E2ED5F52CB306CEAC7E3CCDFCB92CD0.d.5DF7E5C7EB9554656C019631EF985FE9.e.8549/click - {}
RESULT: {}
COMMAND: GET /session/e85e052fb48b678918c44a977a8ff9db/screenshot - {}
RESULT: {}
COMMAND: POST /session/e85e052fb48b678918c44a977a8ff9db/execute/async - {"script":"<script> [1562 bytes]","args":[{"selector":{"id":"application-managepartners-display-component---masterPtm--smartFilterBar-filterItemControlA_-LINK_TO_ADDRESSES_MAIN.ID-vhi"},"wdio_ui5_key":"applicationmanagepartners-display-component---masterPtm--smartFilterBar-filterItemControlA_-LINK_TO_ADDRESSES_MAIN.ID-vhi"}]}
RESULT: {"script":"<script> [1562 bytes]","args":[{"selector":{"id":"application-managepartners-display-component---masterPtm--smartFilterBar-filterItemControlA_-LINK_TO_ADDRESSES_MAIN.ID-vhi"},"wdio_ui5_key":"applicationmanagepartners-display-component---masterPtm--smartFilterBar-filterItemControlA_-LINK_TO_ADDRESSES_MAIN.ID-vhi"}]}
RESULT: undefined
COMMAND: POST /session/e85e052fb48b678918c44a977a8ff9db/element - {"using":"xpath","value":"//*[@id=\"application-managepartners-display-component---masterPtm--smartFilterBar-filterItemControlA_-LINK_TO_ADDRESSES_MAIN.ID-vhi\"]"}
RESULT: {"using":"xpath","value":"//*[@id=\"application-managepartners-display-component---masterPtm--smartFilterBar-filterItemControlA_-LINK_TO_ADDRESSES_MAIN.ID-vhi\"]"}
COMMAND: POST /session/e85e052fb48b678918c44a977a8ff9db/element/f.0E2ED5F52CB306CEAC7E3CCDFCB92CD0.d.5DF7E5C7EB9554656C019631EF985FE9.e.8562/click - {}
RESULT: {}
COMMAND: GET /session/e85e052fb48b678918c44a977a8ff9db/screenshot - {}
RESULT: {}
COMMAND: POST /session/e85e052fb48b678918c44a977a8ff9db/element - {"using":"xpath","value":"//div[input[@value=\"contains\"]]//span[contains(@id, \"arrow\")]"}
RESULT: {"using":"xpath","value":"//div[input[@value=\"contains\"]]//span[contains(@id, \"arrow\")]"}
COMMAND: POST /session/e85e052fb48b678918c44a977a8ff9db/element/f.0E2ED5F52CB306CEAC7E3CCDFCB92CD0.d.5DF7E5C7EB9554656C019631EF985FE9.e.8567/click - {}
RESULT: {}
COMMAND: GET /session/e85e052fb48b678918c44a977a8ff9db/screenshot - {}
RESULT: {}
COMMAND: POST /session/e85e052fb48b678918c44a977a8ff9db/element - {"using":"xpath","value":"//li[.//span[text()='equal to']]"}
RESULT: {"using":"xpath","value":"//li[.//span[text()='equal to']]"}
COMMAND: POST /session/e85e052fb48b678918c44a977a8ff9db/element/f.0E2ED5F52CB306CEAC7E3CCDFCB92CD0.d.5DF7E5C7EB9554656C019631EF985FE9.e.8568/click - {}
RESULT: {}
COMMAND: GET /session/e85e052fb48b678918c44a977a8ff9db/screenshot - {}
RESULT: {}
RESULT: undefined
COMMAND: POST /session/e85e052fb48b678918c44a977a8ff9db/execute/async - {"script":"<script> [776 bytes]","args":[{"enterText":"1006","selector":{"controlType":"sap.m.Input","viewName":"etm.portal.ui.managepartners.view.Master","viewId":"application-managepartners-display-component---masterPtm","properties":{"valueState":"None"},"searchOpenDialogs":true,"interaction":{"idSuffix":"inner"}},"clearTextFirst":true,"interactionType":"ENTER_TEXT"}]}
RESULT: {"script":"<script> [776 bytes]","args":[{"enterText":"1006","selector":{"controlType":"sap.m.Input","viewName":"etm.portal.ui.managepartners.view.Master","viewId":"application-managepartners-display-component---masterPtm","properties":{"valueState":"None"},"searchOpenDialogs":true,"interaction":{"idSuffix":"inner"}},"clearTextFirst":true,"interactionType":"ENTER_TEXT"}]}
COMMAND: POST /session/e85e052fb48b678918c44a977a8ff9db/actions - {"actions":[{"id":"action25","type":"key","parameters":{},"actions":[{"type":"keyDown","value":"î€‡"},{"type":"pause","duration":10},{"type":"keyUp","value":"î€‡"}]}]}
RESULT: {"actions":[{"id":"action25","type":"key","parameters":{},"actions":[{"type":"keyDown","value":"î€‡"},{"type":"pause","duration":10},{"type":"keyUp","value":"î€‡"}]}]}
COMMAND: GET /session/e85e052fb48b678918c44a977a8ff9db/screenshot - {}
RESULT: {}
COMMAND: POST /session/e85e052fb48b678918c44a977a8ff9db/element - {"using":"xpath","value":"(//bdi[contains(text(), \"OK\")])[1]"}
RESULT: {"using":"xpath","value":"(//bdi[contains(text(), \"OK\")])[1]"}
COMMAND: POST /session/e85e052fb48b678918c44a977a8ff9db/element/f.0E2ED5F52CB306CEAC7E3CCDFCB92CD0.d.5DF7E5C7EB9554656C019631EF985FE9.e.8569/click - {}
RESULT: {}
COMMAND: GET /session/e85e052fb48b678918c44a977a8ff9db/screenshot - {}
RESULT: {}
COMMAND: POST /session/e85e052fb48b678918c44a977a8ff9db/element - {"using":"xpath","value":"//span[@id=\"application-managepartners-display-component---masterPtm--smartTable-header-inner\"]"}
RESULT: {"using":"xpath","value":"//span[@id=\"application-managepartners-display-component---masterPtm--smartTable-header-inner\"]"}
COMMAND: POST /session/e85e052fb48b678918c44a977a8ff9db/elements - {"using":"xpath","value":"//span[@id=\"application-managepartners-display-component---masterPtm--smartTable-header-inner\"]"}
RESULT: {"using":"xpath","value":"//span[@id=\"application-managepartners-display-component---masterPtm--smartTable-header-inner\"]"}
COMMAND: POST /session/e85e052fb48b678918c44a977a8ff9db/execute/sync - {"script":"<script> [56 bytes]","args":[{"element-6066-11e4-a52e-4f735466cecf":"f.0E2ED5F52CB306CEAC7E3CCDFCB92CD0.d.5DF7E5C7EB9554656C019631EF985FE9.e.8407","ELEMENT":"f.0E2ED5F52CB306CEAC7E3CCDFCB92CD0.d.5DF7E5C7EB9554656C019631EF985FE9.e.8407"}]}
RESULT: {"script":"<script> [56 bytes]","args":[{"element-6066-11e4-a52e-4f735466cecf":"f.0E2ED5F52CB306CEAC7E3CCDFCB92CD0.d.5DF7E5C7EB9554656C019631EF985FE9.e.8407","ELEMENT":"f.0E2ED5F52CB306CEAC7E3CCDFCB92CD0.d.5DF7E5C7EB9554656C019631EF985FE9.e.8407"}]}
COMMAND: POST /session/e85e052fb48b678918c44a977a8ff9db/element - {"using":"xpath","value":"//span[contains(@title, \"Remove\")]"}
COMMAND: GET /session/e85e052fb48b678918c44a977a8ff9db/screenshot - {}
RESULT: {"using":"xpath","value":"//span[contains(@title, \"Remove\")]"}
COMMAND: POST /session/e85e052fb48b678918c44a977a8ff9db/element/f.0E2ED5F52CB306CEAC7E3CCDFCB92CD0.d.5DF7E5C7EB9554656C019631EF985FE9.e.8573/click - {}
RESULT: {}
RESULT: {}
COMMAND: GET /session/e85e052fb48b678918c44a977a8ff9db/screenshot - {}
RESULT: {}
RESULT: undefined
COMMAND: POST /session/e85e052fb48b678918c44a977a8ff9db/element - {"using":"xpath","value":"//*[@id=\"application-managepartners-display-component---masterPtm--smartFilterBar-filterItemControl_BASIC-YARD-vhi\"]"}
RESULT: {"using":"xpath","value":"//*[@id=\"application-managepartners-display-component---masterPtm--smartFilterBar-filterItemControl_BASIC-YARD-vhi\"]"}
COMMAND: POST /session/e85e052fb48b678918c44a977a8ff9db/element/f.0E2ED5F52CB306CEAC7E3CCDFCB92CD0.d.5DF7E5C7EB9554656C019631EF985FE9.e.8676/click - {}
RESULT: {}
COMMAND: GET /session/e85e052fb48b678918c44a977a8ff9db/screenshot - {}
RESULT: {}
RESULT: undefined
COMMAND: POST /session/e85e052fb48b678918c44a977a8ff9db/execute/async - {"script":"<script> [776 bytes]","args":[{"enterText":"Test","selector":{"id":"application-managepartners-display-component---masterPtm--smartFilterBar-filterItemControl_BASIC-YARD-valueHelpDialog-smartFilterBar-btnBasicSearch","searchOpenDialogs":true,"interaction":{"idSuffix":"I"}},"clearTextFirst":true,"interactionType":"ENTER_TEXT"}]}
RESULT: {"script":"<script> [776 bytes]","args":[{"enterText":"Test","selector":{"id":"application-managepartners-display-component---masterPtm--smartFilterBar-filterItemControl_BASIC-YARD-valueHelpDialog-smartFilterBar-btnBasicSearch","searchOpenDialogs":true,"interaction":{"idSuffix":"I"}},"clearTextFirst":true,"interactionType":"ENTER_TEXT"}]}
COMMAND: POST /session/e85e052fb48b678918c44a977a8ff9db/actions - {"actions":[{"id":"action26","type":"key","parameters":{},"actions":[{"type":"keyDown","value":"î€‡"},{"type":"pause","duration":10},{"type":"keyUp","value":"î€‡"}]}]}
RESULT: {"actions":[{"id":"action26","type":"key","parameters":{},"actions":[{"type":"keyDown","value":"î€‡"},{"type":"pause","duration":10},{"type":"keyUp","value":"î€‡"}]}]}
COMMAND: POST /session/e85e052fb48b678918c44a977a8ff9db/elements - {"using":"xpath","value":"//table[contains(@id, \"smartFilterBar-filterItemControl_BASIC-YARD-valueHelpDialog-table-table\")]/tbody/tr"}
COMMAND: GET /session/e85e052fb48b678918c44a977a8ff9db/screenshot - {}
RESULT: {"using":"xpath","value":"//table[contains(@id, \"smartFilterBar-filterItemControl_BASIC-YARD-valueHelpDialog-table-table\")]/tbody/tr"}
COMMAND: POST /session/e85e052fb48b678918c44a977a8ff9db/element - {"using":"xpath","value":"//table[contains(@id, \"smartFilterBar-filterItemControl_BASIC-YARD-valueHelpDialog-table-table\")]/tbody/tr[1]/td[1]/div/span"}
RESULT: {}
RESULT: {"using":"xpath","value":"//table[contains(@id, \"smartFilterBar-filterItemControl_BASIC-YARD-valueHelpDialog-table-table\")]/tbody/tr[1]/td[1]/div/span"}
COMMAND: POST /session/e85e052fb48b678918c44a977a8ff9db/elements - {"using":"xpath","value":"//table[contains(@id, \"smartFilterBar-filterItemControl_BASIC-YARD-valueHelpDialog-table-table\")]/tbody/tr[1]/td[1]/div/span"}
RESULT: {"using":"xpath","value":"//table[contains(@id, \"smartFilterBar-filterItemControl_BASIC-YARD-valueHelpDialog-table-table\")]/tbody/tr[1]/td[1]/div/span"}
COMMAND: POST /session/e85e052fb48b678918c44a977a8ff9db/execute/sync - {"script":"<script> [56 bytes]","args":[{"element-6066-11e4-a52e-4f735466cecf":"f.0E2ED5F52CB306CEAC7E3CCDFCB92CD0.d.5DF7E5C7EB9554656C019631EF985FE9.e.8696","ELEMENT":"f.0E2ED5F52CB306CEAC7E3CCDFCB92CD0.d.5DF7E5C7EB9554656C019631EF985FE9.e.8696"}]}
RESULT: {"script":"<script> [56 bytes]","args":[{"element-6066-11e4-a52e-4f735466cecf":"f.0E2ED5F52CB306CEAC7E3CCDFCB92CD0.d.5DF7E5C7EB9554656C019631EF985FE9.e.8696","ELEMENT":"f.0E2ED5F52CB306CEAC7E3CCDFCB92CD0.d.5DF7E5C7EB9554656C019631EF985FE9.e.8696"}]}
COMMAND: POST /session/e85e052fb48b678918c44a977a8ff9db/element - {"using":"xpath","value":"//table[contains(@id, \"smartFilterBar-filterItemControl_BASIC-YARD-valueHelpDialog-table-table\")]/tbody/tr[2]/td[1]/div/span"}
COMMAND: GET /session/e85e052fb48b678918c44a977a8ff9db/screenshot - {}
RESULT: {"using":"xpath","value":"//table[contains(@id, \"smartFilterBar-filterItemControl_BASIC-YARD-valueHelpDialog-table-table\")]/tbody/tr[2]/td[1]/div/span"}
COMMAND: POST /session/e85e052fb48b678918c44a977a8ff9db/elements - {"using":"xpath","value":"//table[contains(@id, \"smartFilterBar-filterItemControl_BASIC-YARD-valueHelpDialog-table-table\")]/tbody/tr[2]/td[1]/div/span"}
RESULT: {}
RESULT: {"using":"xpath","value":"//table[contains(@id, \"smartFilterBar-filterItemControl_BASIC-YARD-valueHelpDialog-table-table\")]/tbody/tr[2]/td[1]/div/span"}
COMMAND: POST /session/e85e052fb48b678918c44a977a8ff9db/execute/sync - {"script":"<script> [56 bytes]","args":[{"element-6066-11e4-a52e-4f735466cecf":"f.0E2ED5F52CB306CEAC7E3CCDFCB92CD0.d.5DF7E5C7EB9554656C019631EF985FE9.e.8697","ELEMENT":"f.0E2ED5F52CB306CEAC7E3CCDFCB92CD0.d.5DF7E5C7EB9554656C019631EF985FE9.e.8697"}]}
RESULT: {"script":"<script> [56 bytes]","args":[{"element-6066-11e4-a52e-4f735466cecf":"f.0E2ED5F52CB306CEAC7E3CCDFCB92CD0.d.5DF7E5C7EB9554656C019631EF985FE9.e.8697","ELEMENT":"f.0E2ED5F52CB306CEAC7E3CCDFCB92CD0.d.5DF7E5C7EB9554656C019631EF985FE9.e.8697"}]}
COMMAND: POST /session/e85e052fb48b678918c44a977a8ff9db/element - {"using":"xpath","value":"//table[contains(@id, \"smartFilterBar-filterItemControl_BASIC-YARD-valueHelpDialog-table-table\")]/tbody/tr[3]/td[1]/div/span"}
COMMAND: GET /session/e85e052fb48b678918c44a977a8ff9db/screenshot - {}
RESULT: {"using":"xpath","value":"//table[contains(@id, \"smartFilterBar-filterItemControl_BASIC-YARD-valueHelpDialog-table-table\")]/tbody/tr[3]/td[1]/div/span"}
COMMAND: POST /session/e85e052fb48b678918c44a977a8ff9db/elements - {"using":"xpath","value":"//table[contains(@id, \"smartFilterBar-filterItemControl_BASIC-YARD-valueHelpDialog-table-table\")]/tbody/tr[3]/td[1]/div/span"}
RESULT: {}
RESULT: {"using":"xpath","value":"//table[contains(@id, \"smartFilterBar-filterItemControl_BASIC-YARD-valueHelpDialog-table-table\")]/tbody/tr[3]/td[1]/div/span"}
COMMAND: POST /session/e85e052fb48b678918c44a977a8ff9db/execute/sync - {"script":"<script> [56 bytes]","args":[{"element-6066-11e4-a52e-4f735466cecf":"f.0E2ED5F52CB306CEAC7E3CCDFCB92CD0.d.5DF7E5C7EB9554656C019631EF985FE9.e.8698","ELEMENT":"f.0E2ED5F52CB306CEAC7E3CCDFCB92CD0.d.5DF7E5C7EB9554656C019631EF985FE9.e.8698"}]}
RESULT: {"script":"<script> [56 bytes]","args":[{"element-6066-11e4-a52e-4f735466cecf":"f.0E2ED5F52CB306CEAC7E3CCDFCB92CD0.d.5DF7E5C7EB9554656C019631EF985FE9.e.8698","ELEMENT":"f.0E2ED5F52CB306CEAC7E3CCDFCB92CD0.d.5DF7E5C7EB9554656C019631EF985FE9.e.8698"}]}
COMMAND: POST /session/e85e052fb48b678918c44a977a8ff9db/element - {"using":"xpath","value":"//div[contains(@id, \"filterItemControl_BASIC-YARD-valueHelpDialog-table-rowsel2\")]"}
COMMAND: GET /session/e85e052fb48b678918c44a977a8ff9db/screenshot - {}
RESULT: {"using":"xpath","value":"//div[contains(@id, \"filterItemControl_BASIC-YARD-valueHelpDialog-table-rowsel2\")]"}
COMMAND: POST /session/e85e052fb48b678918c44a977a8ff9db/element/f.0E2ED5F52CB306CEAC7E3CCDFCB92CD0.d.5DF7E5C7EB9554656C019631EF985FE9.e.8699/click - {}
RESULT: {}
RESULT: {}
COMMAND: GET /session/e85e052fb48b678918c44a977a8ff9db/screenshot - {}
RESULT: {}
COMMAND: POST /session/e85e052fb48b678918c44a977a8ff9db/element - {"using":"xpath","value":"(//bdi[contains(text(), \"OK\")])[1]"}
RESULT: {"using":"xpath","value":"(//bdi[contains(text(), \"OK\")])[1]"}
COMMAND: POST /session/e85e052fb48b678918c44a977a8ff9db/element/f.0E2ED5F52CB306CEAC7E3CCDFCB92CD0.d.5DF7E5C7EB9554656C019631EF985FE9.e.8701/click - {}
RESULT: {}
COMMAND: GET /session/e85e052fb48b678918c44a977a8ff9db/screenshot - {}
RESULT: {}
COMMAND: POST /session/e85e052fb48b678918c44a977a8ff9db/element - {"using":"xpath","value":"//span[@id=\"application-managepartners-display-component---masterPtm--smartTable-header-inner\"]"}
RESULT: {"using":"xpath","value":"//span[@id=\"application-managepartners-display-component---masterPtm--smartTable-header-inner\"]"}
COMMAND: POST /session/e85e052fb48b678918c44a977a8ff9db/elements - {"using":"xpath","value":"//span[@id=\"application-managepartners-display-component---masterPtm--smartTable-header-inner\"]"}
RESULT: {"using":"xpath","value":"//span[@id=\"application-managepartners-display-component---masterPtm--smartTable-header-inner\"]"}
COMMAND: POST /session/e85e052fb48b678918c44a977a8ff9db/execute/sync - {"script":"<script> [56 bytes]","args":[{"element-6066-11e4-a52e-4f735466cecf":"f.0E2ED5F52CB306CEAC7E3CCDFCB92CD0.d.5DF7E5C7EB9554656C019631EF985FE9.e.8407","ELEMENT":"f.0E2ED5F52CB306CEAC7E3CCDFCB92CD0.d.5DF7E5C7EB9554656C019631EF985FE9.e.8407"}]}
RESULT: {"script":"<script> [56 bytes]","args":[{"element-6066-11e4-a52e-4f735466cecf":"f.0E2ED5F52CB306CEAC7E3CCDFCB92CD0.d.5DF7E5C7EB9554656C019631EF985FE9.e.8407","ELEMENT":"f.0E2ED5F52CB306CEAC7E3CCDFCB92CD0.d.5DF7E5C7EB9554656C019631EF985FE9.e.8407"}]}
COMMAND: POST /session/e85e052fb48b678918c44a977a8ff9db/element - {"using":"xpath","value":"//span[contains(@title, \"Remove\")]"}
COMMAND: GET /session/e85e052fb48b678918c44a977a8ff9db/screenshot - {}
RESULT: {"using":"xpath","value":"//span[contains(@title, \"Remove\")]"}
COMMAND: POST /session/e85e052fb48b678918c44a977a8ff9db/element/f.0E2ED5F52CB306CEAC7E3CCDFCB92CD0.d.5DF7E5C7EB9554656C019631EF985FE9.e.8714/click - {}
RESULT: {}
RESULT: {}
COMMAND: GET /session/e85e052fb48b678918c44a977a8ff9db/screenshot - {}
RESULT: {}
RESULT: undefined
COMMAND: POST /session/e85e052fb48b678918c44a977a8ff9db/element - {"using":"xpath","value":"//*[@id=\"application-managepartners-display-component---masterPtm--smartFilterBar-filterItemControl_BASIC-MAIN_ADDRESS-vhi\"]"}
RESULT: {"using":"xpath","value":"//*[@id=\"application-managepartners-display-component---masterPtm--smartFilterBar-filterItemControl_BASIC-MAIN_ADDRESS-vhi\"]"}
COMMAND: POST /session/e85e052fb48b678918c44a977a8ff9db/element/f.0E2ED5F52CB306CEAC7E3CCDFCB92CD0.d.5DF7E5C7EB9554656C019631EF985FE9.e.8819/click - {}
RESULT: {}
COMMAND: GET /session/e85e052fb48b678918c44a977a8ff9db/screenshot - {}
RESULT: {}
RESULT: undefined
COMMAND: POST /session/e85e052fb48b678918c44a977a8ff9db/execute/async - {"script":"<script> [776 bytes]","args":[{"enterText":"Romania","selector":{"id":"application-managepartners-display-component---masterPtm--smartFilterBar-filterItemControl_BASIC-MAIN_ADDRESS-valueHelpDialog-smartFilterBar-btnBasicSearch","searchOpenDialogs":true,"interaction":{"idSuffix":"I"}},"clearTextFirst":true,"interactionType":"ENTER_TEXT"}]}
RESULT: {"script":"<script> [776 bytes]","args":[{"enterText":"Romania","selector":{"id":"application-managepartners-display-component---masterPtm--smartFilterBar-filterItemControl_BASIC-MAIN_ADDRESS-valueHelpDialog-smartFilterBar-btnBasicSearch","searchOpenDialogs":true,"interaction":{"idSuffix":"I"}},"clearTextFirst":true,"interactionType":"ENTER_TEXT"}]}
COMMAND: POST /session/e85e052fb48b678918c44a977a8ff9db/actions - {"actions":[{"id":"action27","type":"key","parameters":{},"actions":[{"type":"keyDown","value":"î€‡"},{"type":"pause","duration":10},{"type":"keyUp","value":"î€‡"}]}]}
RESULT: {"actions":[{"id":"action27","type":"key","parameters":{},"actions":[{"type":"keyDown","value":"î€‡"},{"type":"pause","duration":10},{"type":"keyUp","value":"î€‡"}]}]}
COMMAND: POST /session/e85e052fb48b678918c44a977a8ff9db/elements - {"using":"xpath","value":"//table[contains(@id, \"smartFilterBar-filterItemControl_BASIC-MAIN_ADDRESS-valueHelpDialog-table-table\")]/tbody/tr"}
COMMAND: GET /session/e85e052fb48b678918c44a977a8ff9db/screenshot - {}
RESULT: {"using":"xpath","value":"//table[contains(@id, \"smartFilterBar-filterItemControl_BASIC-MAIN_ADDRESS-valueHelpDialog-table-table\")]/tbody/tr"}
COMMAND: POST /session/e85e052fb48b678918c44a977a8ff9db/element - {"using":"xpath","value":"//table[contains(@id, \"smartFilterBar-filterItemControl_BASIC-MAIN_ADDRESS-valueHelpDialog-table-table\")]/tbody/tr[1]/td[1]/div/span"}
RESULT: {}
RESULT: {"using":"xpath","value":"//table[contains(@id, \"smartFilterBar-filterItemControl_BASIC-MAIN_ADDRESS-valueHelpDialog-table-table\")]/tbody/tr[1]/td[1]/div/span"}
COMMAND: POST /session/e85e052fb48b678918c44a977a8ff9db/elements - {"using":"xpath","value":"//table[contains(@id, \"smartFilterBar-filterItemControl_BASIC-MAIN_ADDRESS-valueHelpDialog-table-table\")]/tbody/tr[1]/td[1]/div/span"}
RESULT: {"using":"xpath","value":"//table[contains(@id, \"smartFilterBar-filterItemControl_BASIC-MAIN_ADDRESS-valueHelpDialog-table-table\")]/tbody/tr[1]/td[1]/div/span"}
COMMAND: POST /session/e85e052fb48b678918c44a977a8ff9db/execute/sync - {"script":"<script> [56 bytes]","args":[{"element-6066-11e4-a52e-4f735466cecf":"f.0E2ED5F52CB306CEAC7E3CCDFCB92CD0.d.5DF7E5C7EB9554656C019631EF985FE9.e.8839","ELEMENT":"f.0E2ED5F52CB306CEAC7E3CCDFCB92CD0.d.5DF7E5C7EB9554656C019631EF985FE9.e.8839"}]}
RESULT: {"script":"<script> [56 bytes]","args":[{"element-6066-11e4-a52e-4f735466cecf":"f.0E2ED5F52CB306CEAC7E3CCDFCB92CD0.d.5DF7E5C7EB9554656C019631EF985FE9.e.8839","ELEMENT":"f.0E2ED5F52CB306CEAC7E3CCDFCB92CD0.d.5DF7E5C7EB9554656C019631EF985FE9.e.8839"}]}
COMMAND: POST /session/e85e052fb48b678918c44a977a8ff9db/element - {"using":"xpath","value":"//div[contains(@id, \"filterItemControl_BASIC-MAIN_ADDRESS-valueHelpDialog-table-rowsel0\")]"}
COMMAND: GET /session/e85e052fb48b678918c44a977a8ff9db/screenshot - {}
RESULT: {"using":"xpath","value":"//div[contains(@id, \"filterItemControl_BASIC-MAIN_ADDRESS-valueHelpDialog-table-rowsel0\")]"}
COMMAND: POST /session/e85e052fb48b678918c44a977a8ff9db/element/f.0E2ED5F52CB306CEAC7E3CCDFCB92CD0.d.5DF7E5C7EB9554656C019631EF985FE9.e.8840/click - {}
RESULT: {}
RESULT: {}
COMMAND: GET /session/e85e052fb48b678918c44a977a8ff9db/screenshot - {}
RESULT: {}
COMMAND: POST /session/e85e052fb48b678918c44a977a8ff9db/element - {"using":"xpath","value":"(//bdi[contains(text(), \"OK\")])[1]"}
RESULT: {"using":"xpath","value":"(//bdi[contains(text(), \"OK\")])[1]"}
COMMAND: POST /session/e85e052fb48b678918c44a977a8ff9db/element/f.0E2ED5F52CB306CEAC7E3CCDFCB92CD0.d.5DF7E5C7EB9554656C019631EF985FE9.e.8842/click - {}
RESULT: {}
COMMAND: GET /session/e85e052fb48b678918c44a977a8ff9db/screenshot - {}
RESULT: {}
COMMAND: POST /session/e85e052fb48b678918c44a977a8ff9db/element - {"using":"xpath","value":"//span[@id=\"application-managepartners-display-component---masterPtm--smartTable-header-inner\"]"}
RESULT: {"using":"xpath","value":"//span[@id=\"application-managepartners-display-component---masterPtm--smartTable-header-inner\"]"}
COMMAND: POST /session/e85e052fb48b678918c44a977a8ff9db/elements - {"using":"xpath","value":"//span[@id=\"application-managepartners-display-component---masterPtm--smartTable-header-inner\"]"}
RESULT: {"using":"xpath","value":"//span[@id=\"application-managepartners-display-component---masterPtm--smartTable-header-inner\"]"}
COMMAND: POST /session/e85e052fb48b678918c44a977a8ff9db/execute/sync - {"script":"<script> [56 bytes]","args":[{"element-6066-11e4-a52e-4f735466cecf":"f.0E2ED5F52CB306CEAC7E3CCDFCB92CD0.d.5DF7E5C7EB9554656C019631EF985FE9.e.8407","ELEMENT":"f.0E2ED5F52CB306CEAC7E3CCDFCB92CD0.d.5DF7E5C7EB9554656C019631EF985FE9.e.8407"}]}
RESULT: {"script":"<script> [56 bytes]","args":[{"element-6066-11e4-a52e-4f735466cecf":"f.0E2ED5F52CB306CEAC7E3CCDFCB92CD0.d.5DF7E5C7EB9554656C019631EF985FE9.e.8407","ELEMENT":"f.0E2ED5F52CB306CEAC7E3CCDFCB92CD0.d.5DF7E5C7EB9554656C019631EF985FE9.e.8407"}]}
COMMAND: POST /session/e85e052fb48b678918c44a977a8ff9db/element - {"using":"xpath","value":"//span[contains(@title, \"Remove\")]"}
COMMAND: GET /session/e85e052fb48b678918c44a977a8ff9db/screenshot - {}
RESULT: {"using":"xpath","value":"//span[contains(@title, \"Remove\")]"}
COMMAND: POST /session/e85e052fb48b678918c44a977a8ff9db/element/f.0E2ED5F52CB306CEAC7E3CCDFCB92CD0.d.5DF7E5C7EB9554656C019631EF985FE9.e.8855/click - {}
RESULT: {}
RESULT: {}
COMMAND: GET /session/e85e052fb48b678918c44a977a8ff9db/screenshot - {}
RESULT: {}
COMMAND: POST /session/e85e052fb48b678918c44a977a8ff9db/execute/async - {"script":"<script> [1562 bytes]","args":[{"selector":{"id":"application-managepartners-display-component---masterPtm--catalogs-arrow"},"wdio_ui5_key":"applicationmanagepartners-display-component---masterPtm--catalogs-arrow"}]}
RESULT: {"script":"<script> [1562 bytes]","args":[{"selector":{"id":"application-managepartners-display-component---masterPtm--catalogs-arrow"},"wdio_ui5_key":"applicationmanagepartners-display-component---masterPtm--catalogs-arrow"}]}
RESULT: undefined
COMMAND: POST /session/e85e052fb48b678918c44a977a8ff9db/element - {"using":"xpath","value":"//*[@id=\"application-managepartners-display-component---masterPtm--catalogs-arrow\"]"}
RESULT: {"using":"xpath","value":"//*[@id=\"application-managepartners-display-component---masterPtm--catalogs-arrow\"]"}
COMMAND: POST /session/e85e052fb48b678918c44a977a8ff9db/element/f.0E2ED5F52CB306CEAC7E3CCDFCB92CD0.d.5DF7E5C7EB9554656C019631EF985FE9.e.8959/click - {}
RESULT: {}
COMMAND: GET /session/e85e052fb48b678918c44a977a8ff9db/screenshot - {}
RESULT: {}
COMMAND: POST /session/e85e052fb48b678918c44a977a8ff9db/element - {"using":"xpath","value":"//li[.//span[text()=\"Webshop Catalog\"]]//div[contains(@class,\"sapMCbBg\")]"}
RESULT: {"using":"xpath","value":"//li[.//span[text()=\"Webshop Catalog\"]]//div[contains(@class,\"sapMCbBg\")]"}
COMMAND: POST /session/e85e052fb48b678918c44a977a8ff9db/element/f.0E2ED5F52CB306CEAC7E3CCDFCB92CD0.d.5DF7E5C7EB9554656C019631EF985FE9.e.8973/click - {}
RESULT: {}
COMMAND: GET /session/e85e052fb48b678918c44a977a8ff9db/screenshot - {}
RESULT: {}
RESULT: undefined
COMMAND: POST /session/e85e052fb48b678918c44a977a8ff9db/element - {"using":"xpath","value":"//*[@id=\"application-managepartners-display-component---masterPtm--catalogs-arrow\"]"}
RESULT: {"using":"xpath","value":"//*[@id=\"application-managepartners-display-component---masterPtm--catalogs-arrow\"]"}
COMMAND: POST /session/e85e052fb48b678918c44a977a8ff9db/element/f.0E2ED5F52CB306CEAC7E3CCDFCB92CD0.d.5DF7E5C7EB9554656C019631EF985FE9.e.8959/click - {}
RESULT: {}
COMMAND: POST /session/e85e052fb48b678918c44a977a8ff9db/element - {"using":"xpath","value":"//span[@id=\"application-managepartners-display-component---masterPtm--smartTable-header-inner\"]"}
COMMAND: GET /session/e85e052fb48b678918c44a977a8ff9db/screenshot - {}
RESULT: {"using":"xpath","value":"//span[@id=\"application-managepartners-display-component---masterPtm--smartTable-header-inner\"]"}
COMMAND: POST /session/e85e052fb48b678918c44a977a8ff9db/elements - {"using":"xpath","value":"//span[@id=\"application-managepartners-display-component---masterPtm--smartTable-header-inner\"]"}
RESULT: {}
RESULT: {"using":"xpath","value":"//span[@id=\"application-managepartners-display-component---masterPtm--smartTable-header-inner\"]"}
COMMAND: POST /session/e85e052fb48b678918c44a977a8ff9db/execute/sync - {"script":"<script> [56 bytes]","args":[{"element-6066-11e4-a52e-4f735466cecf":"f.0E2ED5F52CB306CEAC7E3CCDFCB92CD0.d.5DF7E5C7EB9554656C019631EF985FE9.e.8407","ELEMENT":"f.0E2ED5F52CB306CEAC7E3CCDFCB92CD0.d.5DF7E5C7EB9554656C019631EF985FE9.e.8407"}]}
RESULT: {"script":"<script> [56 bytes]","args":[{"element-6066-11e4-a52e-4f735466cecf":"f.0E2ED5F52CB306CEAC7E3CCDFCB92CD0.d.5DF7E5C7EB9554656C019631EF985FE9.e.8407","ELEMENT":"f.0E2ED5F52CB306CEAC7E3CCDFCB92CD0.d.5DF7E5C7EB9554656C019631EF985FE9.e.8407"}]}
COMMAND: POST /session/e85e052fb48b678918c44a977a8ff9db/element - {"using":"xpath","value":"//span[contains(@title, \"Remove\")]"}
COMMAND: GET /session/e85e052fb48b678918c44a977a8ff9db/screenshot - {}
RESULT: {"using":"xpath","value":"//span[contains(@title, \"Remove\")]"}
COMMAND: POST /session/e85e052fb48b678918c44a977a8ff9db/element/f.0E2ED5F52CB306CEAC7E3CCDFCB92CD0.d.5DF7E5C7EB9554656C019631EF985FE9.e.8987/click - {}
RESULT: {}
RESULT: {}
COMMAND: GET /session/e85e052fb48b678918c44a977a8ff9db/screenshot - {}
RESULT: {}
COMMAND: POST /session/e85e052fb48b678918c44a977a8ff9db/execute/async - {"script":"<script> [1562 bytes]","args":[{"selector":{"id":"application-managepartners-display-component---masterPtm--currencies-arrow"},"wdio_ui5_key":"applicationmanagepartners-display-component---masterPtm--currencies-arrow"}]}
RESULT: {"script":"<script> [1562 bytes]","args":[{"selector":{"id":"application-managepartners-display-component---masterPtm--currencies-arrow"},"wdio_ui5_key":"applicationmanagepartners-display-component---masterPtm--currencies-arrow"}]}
RESULT: undefined
COMMAND: POST /session/e85e052fb48b678918c44a977a8ff9db/element - {"using":"xpath","value":"//*[@id=\"application-managepartners-display-component---masterPtm--currencies-arrow\"]"}
RESULT: {"using":"xpath","value":"//*[@id=\"application-managepartners-display-component---masterPtm--currencies-arrow\"]"}
COMMAND: POST /session/e85e052fb48b678918c44a977a8ff9db/element/f.0E2ED5F52CB306CEAC7E3CCDFCB92CD0.d.5DF7E5C7EB9554656C019631EF985FE9.e.9104/click - {}
RESULT: {}
COMMAND: GET /session/e85e052fb48b678918c44a977a8ff9db/screenshot - {}
RESULT: {}
COMMAND: POST /session/e85e052fb48b678918c44a977a8ff9db/element - {"using":"xpath","value":"//li[.//span[text()=\"US Dollar\"]]//div[contains(@class,\"sapMCbBg\")]"}
RESULT: {"using":"xpath","value":"//li[.//span[text()=\"US Dollar\"]]//div[contains(@class,\"sapMCbBg\")]"}
COMMAND: POST /session/e85e052fb48b678918c44a977a8ff9db/element/f.0E2ED5F52CB306CEAC7E3CCDFCB92CD0.d.5DF7E5C7EB9554656C019631EF985FE9.e.9107/click - {}
RESULT: {}
COMMAND: GET /session/e85e052fb48b678918c44a977a8ff9db/screenshot - {}
RESULT: {}
RESULT: undefined
COMMAND: POST /session/e85e052fb48b678918c44a977a8ff9db/element - {"using":"xpath","value":"//*[@id=\"application-managepartners-display-component---masterPtm--currencies-arrow\"]"}
RESULT: {"using":"xpath","value":"//*[@id=\"application-managepartners-display-component---masterPtm--currencies-arrow\"]"}
COMMAND: POST /session/e85e052fb48b678918c44a977a8ff9db/element/f.0E2ED5F52CB306CEAC7E3CCDFCB92CD0.d.5DF7E5C7EB9554656C019631EF985FE9.e.9104/click - {}
RESULT: {}
COMMAND: POST /session/e85e052fb48b678918c44a977a8ff9db/element - {"using":"xpath","value":"//span[@id=\"application-managepartners-display-component---masterPtm--smartTable-header-inner\"]"}
COMMAND: GET /session/e85e052fb48b678918c44a977a8ff9db/screenshot - {}
RESULT: {"using":"xpath","value":"//span[@id=\"application-managepartners-display-component---masterPtm--smartTable-header-inner\"]"}
COMMAND: POST /session/e85e052fb48b678918c44a977a8ff9db/elements - {"using":"xpath","value":"//span[@id=\"application-managepartners-display-component---masterPtm--smartTable-header-inner\"]"}
RESULT: {}
RESULT: {"using":"xpath","value":"//span[@id=\"application-managepartners-display-component---masterPtm--smartTable-header-inner\"]"}
COMMAND: POST /session/e85e052fb48b678918c44a977a8ff9db/execute/sync - {"script":"<script> [56 bytes]","args":[{"element-6066-11e4-a52e-4f735466cecf":"f.0E2ED5F52CB306CEAC7E3CCDFCB92CD0.d.5DF7E5C7EB9554656C019631EF985FE9.e.8407","ELEMENT":"f.0E2ED5F52CB306CEAC7E3CCDFCB92CD0.d.5DF7E5C7EB9554656C019631EF985FE9.e.8407"}]}
RESULT: {"script":"<script> [56 bytes]","args":[{"element-6066-11e4-a52e-4f735466cecf":"f.0E2ED5F52CB306CEAC7E3CCDFCB92CD0.d.5DF7E5C7EB9554656C019631EF985FE9.e.8407","ELEMENT":"f.0E2ED5F52CB306CEAC7E3CCDFCB92CD0.d.5DF7E5C7EB9554656C019631EF985FE9.e.8407"}]}
COMMAND: POST /session/e85e052fb48b678918c44a977a8ff9db/element - {"using":"xpath","value":"//span[contains(@title, \"Remove\")]"}
COMMAND: GET /session/e85e052fb48b678918c44a977a8ff9db/screenshot - {}
RESULT: {"using":"xpath","value":"//span[contains(@title, \"Remove\")]"}
COMMAND: POST /session/e85e052fb48b678918c44a977a8ff9db/element/f.0E2ED5F52CB306CEAC7E3CCDFCB92CD0.d.5DF7E5C7EB9554656C019631EF985FE9.e.9200/click - {}
RESULT: {}
RESULT: {}
COMMAND: GET /session/e85e052fb48b678918c44a977a8ff9db/screenshot - {}
COMMAND: POST /session/e85e052fb48b678918c44a977a8ff9db/execute/async - {"script":"<script> [1562 bytes]","args":[{"selector":{"id":"application-managepartners-display-component---masterPtm--languages-arrow"},"wdio_ui5_key":"applicationmanagepartners-display-component---masterPtm--languages-arrow"}]}
RESULT: {}
RESULT: {"script":"<script> [1562 bytes]","args":[{"selector":{"id":"application-managepartners-display-component---masterPtm--languages-arrow"},"wdio_ui5_key":"applicationmanagepartners-display-component---masterPtm--languages-arrow"}]}
RESULT: undefined
COMMAND: POST /session/e85e052fb48b678918c44a977a8ff9db/element - {"using":"xpath","value":"//*[@id=\"application-managepartners-display-component---masterPtm--languages-arrow\"]"}
RESULT: {"using":"xpath","value":"//*[@id=\"application-managepartners-display-component---masterPtm--languages-arrow\"]"}
COMMAND: POST /session/e85e052fb48b678918c44a977a8ff9db/element/f.0E2ED5F52CB306CEAC7E3CCDFCB92CD0.d.5DF7E5C7EB9554656C019631EF985FE9.e.9293/click - {}
RESULT: {}
COMMAND: GET /session/e85e052fb48b678918c44a977a8ff9db/screenshot - {}
RESULT: {}
COMMAND: POST /session/e85e052fb48b678918c44a977a8ff9db/element - {"using":"xpath","value":"//li[.//span[text()=\"German\"]]//div[contains(@class,\"sapMCbBg\")]"}
RESULT: {"using":"xpath","value":"//li[.//span[text()=\"German\"]]//div[contains(@class,\"sapMCbBg\")]"}
COMMAND: POST /session/e85e052fb48b678918c44a977a8ff9db/element/f.0E2ED5F52CB306CEAC7E3CCDFCB92CD0.d.5DF7E5C7EB9554656C019631EF985FE9.e.9337/click - {}
RESULT: {}
COMMAND: GET /session/e85e052fb48b678918c44a977a8ff9db/screenshot - {}
RESULT: {}
RESULT: undefined
COMMAND: POST /session/e85e052fb48b678918c44a977a8ff9db/element - {"using":"xpath","value":"//*[@id=\"application-managepartners-display-component---masterPtm--languages-arrow\"]"}
RESULT: {"using":"xpath","value":"//*[@id=\"application-managepartners-display-component---masterPtm--languages-arrow\"]"}
COMMAND: POST /session/e85e052fb48b678918c44a977a8ff9db/element/f.0E2ED5F52CB306CEAC7E3CCDFCB92CD0.d.5DF7E5C7EB9554656C019631EF985FE9.e.9293/click - {}
RESULT: {}
COMMAND: POST /session/e85e052fb48b678918c44a977a8ff9db/element - {"using":"xpath","value":"//span[@id=\"application-managepartners-display-component---masterPtm--smartTable-header-inner\"]"}
COMMAND: GET /session/e85e052fb48b678918c44a977a8ff9db/screenshot - {}
RESULT: {"using":"xpath","value":"//span[@id=\"application-managepartners-display-component---masterPtm--smartTable-header-inner\"]"}
COMMAND: POST /session/e85e052fb48b678918c44a977a8ff9db/elements - {"using":"xpath","value":"//span[@id=\"application-managepartners-display-component---masterPtm--smartTable-header-inner\"]"}
RESULT: {}
RESULT: {"using":"xpath","value":"//span[@id=\"application-managepartners-display-component---masterPtm--smartTable-header-inner\"]"}
COMMAND: POST /session/e85e052fb48b678918c44a977a8ff9db/execute/sync - {"script":"<script> [56 bytes]","args":[{"element-6066-11e4-a52e-4f735466cecf":"f.0E2ED5F52CB306CEAC7E3CCDFCB92CD0.d.5DF7E5C7EB9554656C019631EF985FE9.e.8407","ELEMENT":"f.0E2ED5F52CB306CEAC7E3CCDFCB92CD0.d.5DF7E5C7EB9554656C019631EF985FE9.e.8407"}]}
RESULT: {"script":"<script> [56 bytes]","args":[{"element-6066-11e4-a52e-4f735466cecf":"f.0E2ED5F52CB306CEAC7E3CCDFCB92CD0.d.5DF7E5C7EB9554656C019631EF985FE9.e.8407","ELEMENT":"f.0E2ED5F52CB306CEAC7E3CCDFCB92CD0.d.5DF7E5C7EB9554656C019631EF985FE9.e.8407"}]}
COMMAND: POST /session/e85e052fb48b678918c44a977a8ff9db/element - {"using":"css selector","value":"#shell-header-logo"}
COMMAND: GET /session/e85e052fb48b678918c44a977a8ff9db/screenshot - {}
RESULT: {"using":"css selector","value":"#shell-header-logo"}
COMMAND: POST /session/e85e052fb48b678918c44a977a8ff9db/element/f.0E2ED5F52CB306CEAC7E3CCDFCB92CD0.d.5DF7E5C7EB9554656C019631EF985FE9.e.8237/click - {}
RESULT: {}
RESULT: {}
COMMAND: GET /session/e85e052fb48b678918c44a977a8ff9db/screenshot - {}
RESULT: {}
COMMAND: GET /session/e85e052fb48b678918c44a977a8ff9db/screenshot - {}
RESULT: {}
COMMAND: DELETE /session/e85e052fb48b678918c44a977a8ff9db - {}
RESULT: {}
]]></system-out>
    </testcase>
  </testsuite>
</testsuites>