<?xml version="1.0" encoding="UTF-8"?>
<testsuites tests="49" failures="0" errors="0" skipped="0">
  <testsuite timestamp="2025-05-03T15:07:43" time="1776.916" tests="49" failures="0" errors="0" skipped="0">
    <properties>
      <property name="specId" value="0" />
      <property name="suiteName" value="Sanity Tests US104253" />
      <property name="capabilities" value="chrome.135_0_7049_96.windows" />
      <property name="file" value="file:///D:/a/1/s/test/specs/General/sanity.spec.js" />
    </properties>
    <testcase classname="chrome.135_0_7049_96.windows.Sanity_Tests_US104253" name="Should open Manage Partners page" time="32.904">
      <system-out><![CDATA[
COMMAND: POST /session/b01c6b88a420c7ddb55b2ed41e434f48/execute/async - {"script":"<script> [1562 bytes]","args":[{"selector":{"controlType":"sap.m.GenericTile","properties":{"header":"Manage Partners"}},"wdio_ui5_key":"sapm.GenericTile{\"header\":\"Manage Partners\"}"}]}
RESULT: {"script":"<script> [1562 bytes]","args":[{"selector":{"controlType":"sap.m.GenericTile","properties":{"header":"Manage Partners"}},"wdio_ui5_key":"sapm.GenericTile{\"header\":\"Manage Partners\"}"}]}
RESULT: undefined
COMMAND: POST /session/b01c6b88a420c7ddb55b2ed41e434f48/element - {"using":"xpath","value":"//*[@id=\"__tile38\"]"}
RESULT: {"using":"xpath","value":"//*[@id=\"__tile38\"]"}
COMMAND: POST /session/b01c6b88a420c7ddb55b2ed41e434f48/element/f.D12DEAB053DDC9F4B2D58A2F6F668B5F.d.95A1AF0A6E3CB2883C6818B25B592E32.e.117/click - {}
RESULT: {}
COMMAND: GET /session/b01c6b88a420c7ddb55b2ed41e434f48/screenshot - {}
RESULT: {}
RESULT: undefined
COMMAND: POST /session/b01c6b88a420c7ddb55b2ed41e434f48/element - {"using":"xpath","value":"//*[@id=\"__tile38\"]"}
RESULT: {"using":"xpath","value":"//*[@id=\"__tile38\"]"}
COMMAND: POST /session/b01c6b88a420c7ddb55b2ed41e434f48/element/f.D12DEAB053DDC9F4B2D58A2F6F668B5F.d.95A1AF0A6E3CB2883C6818B25B592E32.e.117/click - {}
RESULT: undefined
COMMAND: POST /session/b01c6b88a420c7ddb55b2ed41e434f48/element - {"using":"xpath","value":"//*[@id=\"__tile38\"]"}
RESULT: {"using":"xpath","value":"//*[@id=\"__tile38\"]"}
COMMAND: POST /session/b01c6b88a420c7ddb55b2ed41e434f48/element/f.D12DEAB053DDC9F4B2D58A2F6F668B5F.d.95A1AF0A6E3CB2883C6818B25B592E32.e.117/click - {}
COMMAND: POST /session/b01c6b88a420c7ddb55b2ed41e434f48/execute/async - {"script":"<script> [1562 bytes]","args":[{"selector":{"id":"shellAppTitle"},"wdio_ui5_key":"shellAppTitle"}]}
RESULT: {"script":"<script> [1562 bytes]","args":[{"selector":{"id":"shellAppTitle"},"wdio_ui5_key":"shellAppTitle"}]}
RESULT: undefined
COMMAND: POST /session/b01c6b88a420c7ddb55b2ed41e434f48/execute/async - {"script":"<script> [6424 bytes]","args":[{"element-6066-11e4-a52e-4f735466cecf":"f.D12DEAB053DDC9F4B2D58A2F6F668B5F.d.95A1AF0A6E3CB2883C6818B25B592E32.e.292"},"getTitle",[]]}
RESULT: {"script":"<script> [6424 bytes]","args":[{"element-6066-11e4-a52e-4f735466cecf":"f.D12DEAB053DDC9F4B2D58A2F6F668B5F.d.95A1AF0A6E3CB2883C6818B25B592E32.e.292"},"getTitle",[]]}
COMMAND: POST /session/b01c6b88a420c7ddb55b2ed41e434f48/execute/async - {"script":"<script> [1562 bytes]","args":[{"selector":{"id":"backBtn"},"wdio_ui5_key":"backBtn"}]}
RESULT: {"script":"<script> [1562 bytes]","args":[{"selector":{"id":"backBtn"},"wdio_ui5_key":"backBtn"}]}
RESULT: undefined
COMMAND: POST /session/b01c6b88a420c7ddb55b2ed41e434f48/element - {"using":"xpath","value":"//*[@id=\"backBtn\"]"}
RESULT: {"using":"xpath","value":"//*[@id=\"backBtn\"]"}
COMMAND: POST /session/b01c6b88a420c7ddb55b2ed41e434f48/element/f.D12DEAB053DDC9F4B2D58A2F6F668B5F.d.95A1AF0A6E3CB2883C6818B25B592E32.e.293/click - {}
RESULT: {}
COMMAND: GET /session/b01c6b88a420c7ddb55b2ed41e434f48/screenshot - {}
RESULT: {}
]]></system-out>
    </testcase>
    <testcase classname="chrome.135_0_7049_96.windows.Sanity_Tests_US104253" name="Should open Manage Sites page" time="35.544">
      <system-out><![CDATA[
COMMAND: POST /session/b01c6b88a420c7ddb55b2ed41e434f48/execute/async - {"script":"<script> [1562 bytes]","args":[{"selector":{"controlType":"sap.m.GenericTile","properties":{"header":"Manage Sites"}},"wdio_ui5_key":"sapm.GenericTile{\"header\":\"Manage Sites\"}"}]}
RESULT: {"script":"<script> [1562 bytes]","args":[{"selector":{"controlType":"sap.m.GenericTile","properties":{"header":"Manage Sites"}},"wdio_ui5_key":"sapm.GenericTile{\"header\":\"Manage Sites\"}"}]}
RESULT: undefined
COMMAND: POST /session/b01c6b88a420c7ddb55b2ed41e434f48/element - {"using":"xpath","value":"//*[@id=\"__tile40\"]"}
RESULT: {"using":"xpath","value":"//*[@id=\"__tile40\"]"}
COMMAND: POST /session/b01c6b88a420c7ddb55b2ed41e434f48/element/f.D12DEAB053DDC9F4B2D58A2F6F668B5F.d.95A1AF0A6E3CB2883C6818B25B592E32.e.295/click - {}
RESULT: {}
COMMAND: GET /session/b01c6b88a420c7ddb55b2ed41e434f48/screenshot - {}
RESULT: {}
RESULT: undefined
COMMAND: POST /session/b01c6b88a420c7ddb55b2ed41e434f48/element - {"using":"xpath","value":"//*[@id=\"__tile40\"]"}
RESULT: {"using":"xpath","value":"//*[@id=\"__tile40\"]"}
COMMAND: POST /session/b01c6b88a420c7ddb55b2ed41e434f48/element/f.D12DEAB053DDC9F4B2D58A2F6F668B5F.d.95A1AF0A6E3CB2883C6818B25B592E32.e.295/click - {}
RESULT: undefined
COMMAND: POST /session/b01c6b88a420c7ddb55b2ed41e434f48/element - {"using":"xpath","value":"//*[@id=\"__tile40\"]"}
RESULT: {"using":"xpath","value":"//*[@id=\"__tile40\"]"}
COMMAND: POST /session/b01c6b88a420c7ddb55b2ed41e434f48/element/f.D12DEAB053DDC9F4B2D58A2F6F668B5F.d.95A1AF0A6E3CB2883C6818B25B592E32.e.295/click - {}
RESULT: undefined
COMMAND: POST /session/b01c6b88a420c7ddb55b2ed41e434f48/execute/async - {"script":"<script> [6424 bytes]","args":[{"element-6066-11e4-a52e-4f735466cecf":"f.D12DEAB053DDC9F4B2D58A2F6F668B5F.d.95A1AF0A6E3CB2883C6818B25B592E32.e.292"},"getTitle",[]]}
COMMAND: POST /session/b01c6b88a420c7ddb55b2ed41e434f48/execute/async - {"script":"<script> [1562 bytes]","args":[{"selector":{"id":"shellAppTitle"},"wdio_ui5_key":"shellAppTitle"}]}
RESULT: {"script":"<script> [1562 bytes]","args":[{"selector":{"id":"shellAppTitle"},"wdio_ui5_key":"shellAppTitle"}]}
COMMAND: POST /session/b01c6b88a420c7ddb55b2ed41e434f48/execute/async - {"script":"<script> [6424 bytes]","args":[{"element-6066-11e4-a52e-4f735466cecf":"f.D12DEAB053DDC9F4B2D58A2F6F668B5F.d.95A1AF0A6E3CB2883C6818B25B592E32.e.666"},"getTitle",[]]}
RESULT: {"script":"<script> [6424 bytes]","args":[{"element-6066-11e4-a52e-4f735466cecf":"f.D12DEAB053DDC9F4B2D58A2F6F668B5F.d.95A1AF0A6E3CB2883C6818B25B592E32.e.666"},"getTitle",[]]}
RESULT: undefined
COMMAND: POST /session/b01c6b88a420c7ddb55b2ed41e434f48/element/f.D12DEAB053DDC9F4B2D58A2F6F668B5F.d.95A1AF0A6E3CB2883C6818B25B592E32.e.293/click - {}
RESULT: {}
COMMAND: GET /session/b01c6b88a420c7ddb55b2ed41e434f48/screenshot - {}
RESULT: {}
]]></system-out>
    </testcase>
    <testcase classname="chrome.135_0_7049_96.windows.Sanity_Tests_US104253" name="Should open Manage Resources page" time="32.307">
      <system-out><![CDATA[
COMMAND: POST /session/b01c6b88a420c7ddb55b2ed41e434f48/execute/async - {"script":"<script> [1562 bytes]","args":[{"selector":{"controlType":"sap.m.GenericTile","properties":{"header":"Manage Resources"}},"wdio_ui5_key":"sapm.GenericTile{\"header\":\"Manage Resources\"}"}]}
RESULT: {"script":"<script> [1562 bytes]","args":[{"selector":{"controlType":"sap.m.GenericTile","properties":{"header":"Manage Resources"}},"wdio_ui5_key":"sapm.GenericTile{\"header\":\"Manage Resources\"}"}]}
RESULT: undefined
COMMAND: POST /session/b01c6b88a420c7ddb55b2ed41e434f48/element - {"using":"xpath","value":"//*[@id=\"__tile39\"]"}
RESULT: {"using":"xpath","value":"//*[@id=\"__tile39\"]"}
COMMAND: POST /session/b01c6b88a420c7ddb55b2ed41e434f48/element/f.D12DEAB053DDC9F4B2D58A2F6F668B5F.d.95A1AF0A6E3CB2883C6818B25B592E32.e.668/click - {}
RESULT: {}
COMMAND: GET /session/b01c6b88a420c7ddb55b2ed41e434f48/screenshot - {}
RESULT: {}
RESULT: undefined
COMMAND: POST /session/b01c6b88a420c7ddb55b2ed41e434f48/element - {"using":"xpath","value":"//*[@id=\"__tile39\"]"}
RESULT: {"using":"xpath","value":"//*[@id=\"__tile39\"]"}
COMMAND: POST /session/b01c6b88a420c7ddb55b2ed41e434f48/element/f.D12DEAB053DDC9F4B2D58A2F6F668B5F.d.95A1AF0A6E3CB2883C6818B25B592E32.e.668/click - {}
RESULT: undefined
COMMAND: POST /session/b01c6b88a420c7ddb55b2ed41e434f48/element - {"using":"xpath","value":"//*[@id=\"__tile39\"]"}
RESULT: {"using":"xpath","value":"//*[@id=\"__tile39\"]"}
COMMAND: POST /session/b01c6b88a420c7ddb55b2ed41e434f48/element/f.D12DEAB053DDC9F4B2D58A2F6F668B5F.d.95A1AF0A6E3CB2883C6818B25B592E32.e.668/click - {}
RESULT: undefined
COMMAND: POST /session/b01c6b88a420c7ddb55b2ed41e434f48/execute/async - {"script":"<script> [6424 bytes]","args":[{"element-6066-11e4-a52e-4f735466cecf":"f.D12DEAB053DDC9F4B2D58A2F6F668B5F.d.95A1AF0A6E3CB2883C6818B25B592E32.e.292"},"getTitle",[]]}
COMMAND: POST /session/b01c6b88a420c7ddb55b2ed41e434f48/execute/async - {"script":"<script> [1562 bytes]","args":[{"selector":{"id":"shellAppTitle"},"wdio_ui5_key":"shellAppTitle"}]}
RESULT: {"script":"<script> [1562 bytes]","args":[{"selector":{"id":"shellAppTitle"},"wdio_ui5_key":"shellAppTitle"}]}
COMMAND: POST /session/b01c6b88a420c7ddb55b2ed41e434f48/execute/async - {"script":"<script> [6424 bytes]","args":[{"element-6066-11e4-a52e-4f735466cecf":"f.D12DEAB053DDC9F4B2D58A2F6F668B5F.d.95A1AF0A6E3CB2883C6818B25B592E32.e.841"},"getTitle",[]]}
RESULT: {"script":"<script> [6424 bytes]","args":[{"element-6066-11e4-a52e-4f735466cecf":"f.D12DEAB053DDC9F4B2D58A2F6F668B5F.d.95A1AF0A6E3CB2883C6818B25B592E32.e.841"},"getTitle",[]]}
RESULT: undefined
COMMAND: POST /session/b01c6b88a420c7ddb55b2ed41e434f48/element/f.D12DEAB053DDC9F4B2D58A2F6F668B5F.d.95A1AF0A6E3CB2883C6818B25B592E32.e.293/click - {}
COMMAND: POST /session/b01c6b88a420c7ddb55b2ed41e434f48/element - {"using":"xpath","value":"//*[@id=\"backBtn\"]"}
RESULT: {"using":"xpath","value":"//*[@id=\"backBtn\"]"}
COMMAND: POST /session/b01c6b88a420c7ddb55b2ed41e434f48/element/f.D12DEAB053DDC9F4B2D58A2F6F668B5F.d.95A1AF0A6E3CB2883C6818B25B592E32.e.293/click - {}
COMMAND: POST /session/b01c6b88a420c7ddb55b2ed41e434f48/element - {"using":"xpath","value":"//*[@id=\"backBtn\"]"}
RESULT: {"using":"xpath","value":"//*[@id=\"backBtn\"]"}
COMMAND: POST /session/b01c6b88a420c7ddb55b2ed41e434f48/element/f.D12DEAB053DDC9F4B2D58A2F6F668B5F.d.95A1AF0A6E3CB2883C6818B25B592E32.e.842/click - {}
RESULT: {}
COMMAND: GET /session/b01c6b88a420c7ddb55b2ed41e434f48/screenshot - {}
RESULT: {}
]]></system-out>
    </testcase>
    <testcase classname="chrome.135_0_7049_96.windows.Sanity_Tests_US104253" name="Should open Manage Catalogs page" time="29.428">
      <system-out><![CDATA[
COMMAND: POST /session/b01c6b88a420c7ddb55b2ed41e434f48/execute/async - {"script":"<script> [1562 bytes]","args":[{"selector":{"controlType":"sap.m.GenericTile","properties":{"header":"Manage Catalogs"}},"wdio_ui5_key":"sapm.GenericTile{\"header\":\"Manage Catalogs\"}"}]}
RESULT: {"script":"<script> [1562 bytes]","args":[{"selector":{"controlType":"sap.m.GenericTile","properties":{"header":"Manage Catalogs"}},"wdio_ui5_key":"sapm.GenericTile{\"header\":\"Manage Catalogs\"}"}]}
RESULT: undefined
COMMAND: POST /session/b01c6b88a420c7ddb55b2ed41e434f48/element - {"using":"xpath","value":"//*[@id=\"__tile37\"]"}
RESULT: {"using":"xpath","value":"//*[@id=\"__tile37\"]"}
COMMAND: POST /session/b01c6b88a420c7ddb55b2ed41e434f48/element/f.D12DEAB053DDC9F4B2D58A2F6F668B5F.d.95A1AF0A6E3CB2883C6818B25B592E32.e.844/click - {}
RESULT: {}
COMMAND: GET /session/b01c6b88a420c7ddb55b2ed41e434f48/screenshot - {}
RESULT: {}
RESULT: undefined
COMMAND: POST /session/b01c6b88a420c7ddb55b2ed41e434f48/element - {"using":"xpath","value":"//*[@id=\"__tile37\"]"}
RESULT: {"using":"xpath","value":"//*[@id=\"__tile37\"]"}
COMMAND: POST /session/b01c6b88a420c7ddb55b2ed41e434f48/element/f.D12DEAB053DDC9F4B2D58A2F6F668B5F.d.95A1AF0A6E3CB2883C6818B25B592E32.e.844/click - {}
RESULT: undefined
COMMAND: POST /session/b01c6b88a420c7ddb55b2ed41e434f48/element - {"using":"xpath","value":"//*[@id=\"__tile37\"]"}
RESULT: {"using":"xpath","value":"//*[@id=\"__tile37\"]"}
COMMAND: POST /session/b01c6b88a420c7ddb55b2ed41e434f48/element/f.D12DEAB053DDC9F4B2D58A2F6F668B5F.d.95A1AF0A6E3CB2883C6818B25B592E32.e.844/click - {}
RESULT: undefined
COMMAND: POST /session/b01c6b88a420c7ddb55b2ed41e434f48/execute/async - {"script":"<script> [6424 bytes]","args":[{"element-6066-11e4-a52e-4f735466cecf":"f.D12DEAB053DDC9F4B2D58A2F6F668B5F.d.95A1AF0A6E3CB2883C6818B25B592E32.e.292"},"getTitle",[]]}
COMMAND: POST /session/b01c6b88a420c7ddb55b2ed41e434f48/execute/async - {"script":"<script> [1562 bytes]","args":[{"selector":{"id":"shellAppTitle"},"wdio_ui5_key":"shellAppTitle"}]}
RESULT: {"script":"<script> [1562 bytes]","args":[{"selector":{"id":"shellAppTitle"},"wdio_ui5_key":"shellAppTitle"}]}
COMMAND: POST /session/b01c6b88a420c7ddb55b2ed41e434f48/execute/async - {"script":"<script> [6424 bytes]","args":[{"element-6066-11e4-a52e-4f735466cecf":"f.D12DEAB053DDC9F4B2D58A2F6F668B5F.d.95A1AF0A6E3CB2883C6818B25B592E32.e.914"},"getTitle",[]]}
RESULT: {"script":"<script> [6424 bytes]","args":[{"element-6066-11e4-a52e-4f735466cecf":"f.D12DEAB053DDC9F4B2D58A2F6F668B5F.d.95A1AF0A6E3CB2883C6818B25B592E32.e.914"},"getTitle",[]]}
RESULT: undefined
COMMAND: POST /session/b01c6b88a420c7ddb55b2ed41e434f48/element/f.D12DEAB053DDC9F4B2D58A2F6F668B5F.d.95A1AF0A6E3CB2883C6818B25B592E32.e.842/click - {}
RESULT: {}
COMMAND: GET /session/b01c6b88a420c7ddb55b2ed41e434f48/screenshot - {}
RESULT: {}
]]></system-out>
    </testcase>
    <testcase classname="chrome.135_0_7049_96.windows.Sanity_Tests_US104253" name="Should open Manage Calendars page" time="33.111">
      <system-out><![CDATA[
COMMAND: POST /session/b01c6b88a420c7ddb55b2ed41e434f48/execute/async - {"script":"<script> [1562 bytes]","args":[{"selector":{"controlType":"sap.m.GenericTile","properties":{"header":"Manage Calendars"}},"wdio_ui5_key":"sapm.GenericTile{\"header\":\"Manage Calendars\"}"}]}
RESULT: {"script":"<script> [1562 bytes]","args":[{"selector":{"controlType":"sap.m.GenericTile","properties":{"header":"Manage Calendars"}},"wdio_ui5_key":"sapm.GenericTile{\"header\":\"Manage Calendars\"}"}]}
RESULT: undefined
COMMAND: POST /session/b01c6b88a420c7ddb55b2ed41e434f48/element - {"using":"xpath","value":"//*[@id=\"__tile36\"]"}
RESULT: {"using":"xpath","value":"//*[@id=\"__tile36\"]"}
COMMAND: POST /session/b01c6b88a420c7ddb55b2ed41e434f48/element/f.D12DEAB053DDC9F4B2D58A2F6F668B5F.d.95A1AF0A6E3CB2883C6818B25B592E32.e.916/click - {}
RESULT: {}
COMMAND: GET /session/b01c6b88a420c7ddb55b2ed41e434f48/screenshot - {}
RESULT: {}
RESULT: undefined
COMMAND: POST /session/b01c6b88a420c7ddb55b2ed41e434f48/element - {"using":"xpath","value":"//*[@id=\"__tile36\"]"}
RESULT: {"using":"xpath","value":"//*[@id=\"__tile36\"]"}
COMMAND: POST /session/b01c6b88a420c7ddb55b2ed41e434f48/element/f.D12DEAB053DDC9F4B2D58A2F6F668B5F.d.95A1AF0A6E3CB2883C6818B25B592E32.e.916/click - {}
RESULT: undefined
COMMAND: POST /session/b01c6b88a420c7ddb55b2ed41e434f48/element - {"using":"xpath","value":"//*[@id=\"__tile36\"]"}
RESULT: {"using":"xpath","value":"//*[@id=\"__tile36\"]"}
COMMAND: POST /session/b01c6b88a420c7ddb55b2ed41e434f48/element/f.D12DEAB053DDC9F4B2D58A2F6F668B5F.d.95A1AF0A6E3CB2883C6818B25B592E32.e.916/click - {}
RESULT: undefined
COMMAND: POST /session/b01c6b88a420c7ddb55b2ed41e434f48/execute/async - {"script":"<script> [6424 bytes]","args":[{"element-6066-11e4-a52e-4f735466cecf":"f.D12DEAB053DDC9F4B2D58A2F6F668B5F.d.95A1AF0A6E3CB2883C6818B25B592E32.e.292"},"getTitle",[]]}
COMMAND: POST /session/b01c6b88a420c7ddb55b2ed41e434f48/execute/async - {"script":"<script> [1562 bytes]","args":[{"selector":{"id":"shellAppTitle"},"wdio_ui5_key":"shellAppTitle"}]}
RESULT: {"script":"<script> [1562 bytes]","args":[{"selector":{"id":"shellAppTitle"},"wdio_ui5_key":"shellAppTitle"}]}
COMMAND: POST /session/b01c6b88a420c7ddb55b2ed41e434f48/execute/async - {"script":"<script> [6424 bytes]","args":[{"element-6066-11e4-a52e-4f735466cecf":"f.D12DEAB053DDC9F4B2D58A2F6F668B5F.d.95A1AF0A6E3CB2883C6818B25B592E32.e.985"},"getTitle",[]]}
RESULT: {"script":"<script> [6424 bytes]","args":[{"element-6066-11e4-a52e-4f735466cecf":"f.D12DEAB053DDC9F4B2D58A2F6F668B5F.d.95A1AF0A6E3CB2883C6818B25B592E32.e.985"},"getTitle",[]]}
RESULT: undefined
COMMAND: POST /session/b01c6b88a420c7ddb55b2ed41e434f48/element/f.D12DEAB053DDC9F4B2D58A2F6F668B5F.d.95A1AF0A6E3CB2883C6818B25B592E32.e.842/click - {}
COMMAND: POST /session/b01c6b88a420c7ddb55b2ed41e434f48/element - {"using":"xpath","value":"//*[@id=\"backBtn\"]"}
RESULT: {"using":"xpath","value":"//*[@id=\"backBtn\"]"}
COMMAND: POST /session/b01c6b88a420c7ddb55b2ed41e434f48/element/f.D12DEAB053DDC9F4B2D58A2F6F668B5F.d.95A1AF0A6E3CB2883C6818B25B592E32.e.842/click - {}
COMMAND: POST /session/b01c6b88a420c7ddb55b2ed41e434f48/element - {"using":"xpath","value":"//*[@id=\"backBtn\"]"}
RESULT: {"using":"xpath","value":"//*[@id=\"backBtn\"]"}
COMMAND: POST /session/b01c6b88a420c7ddb55b2ed41e434f48/element/f.D12DEAB053DDC9F4B2D58A2F6F668B5F.d.95A1AF0A6E3CB2883C6818B25B592E32.e.986/click - {}
RESULT: {}
COMMAND: GET /session/b01c6b88a420c7ddb55b2ed41e434f48/screenshot - {}
RESULT: {}
]]></system-out>
    </testcase>
    <testcase classname="chrome.135_0_7049_96.windows.Sanity_Tests_US104253" name="Should open Address Management page" time="33.473">
      <system-out><![CDATA[
COMMAND: POST /session/b01c6b88a420c7ddb55b2ed41e434f48/execute/async - {"script":"<script> [1562 bytes]","args":[{"selector":{"controlType":"sap.m.GenericTile","properties":{"header":"Address Management"}},"wdio_ui5_key":"sapm.GenericTile{\"header\":\"Address Management\"}"}]}
RESULT: {"script":"<script> [1562 bytes]","args":[{"selector":{"controlType":"sap.m.GenericTile","properties":{"header":"Address Management"}},"wdio_ui5_key":"sapm.GenericTile{\"header\":\"Address Management\"}"}]}
RESULT: undefined
COMMAND: POST /session/b01c6b88a420c7ddb55b2ed41e434f48/element - {"using":"xpath","value":"//*[@id=\"__tile33\"]"}
RESULT: {"using":"xpath","value":"//*[@id=\"__tile33\"]"}
COMMAND: POST /session/b01c6b88a420c7ddb55b2ed41e434f48/element/f.D12DEAB053DDC9F4B2D58A2F6F668B5F.d.95A1AF0A6E3CB2883C6818B25B592E32.e.988/click - {}
RESULT: {}
COMMAND: GET /session/b01c6b88a420c7ddb55b2ed41e434f48/screenshot - {}
RESULT: {}
RESULT: undefined
COMMAND: POST /session/b01c6b88a420c7ddb55b2ed41e434f48/element - {"using":"xpath","value":"//*[@id=\"__tile33\"]"}
RESULT: {"using":"xpath","value":"//*[@id=\"__tile33\"]"}
COMMAND: POST /session/b01c6b88a420c7ddb55b2ed41e434f48/element/f.D12DEAB053DDC9F4B2D58A2F6F668B5F.d.95A1AF0A6E3CB2883C6818B25B592E32.e.988/click - {}
RESULT: undefined
COMMAND: POST /session/b01c6b88a420c7ddb55b2ed41e434f48/element - {"using":"xpath","value":"//*[@id=\"__tile33\"]"}
RESULT: {"using":"xpath","value":"//*[@id=\"__tile33\"]"}
COMMAND: POST /session/b01c6b88a420c7ddb55b2ed41e434f48/element/f.D12DEAB053DDC9F4B2D58A2F6F668B5F.d.95A1AF0A6E3CB2883C6818B25B592E32.e.988/click - {}
RESULT: undefined
COMMAND: POST /session/b01c6b88a420c7ddb55b2ed41e434f48/execute/async - {"script":"<script> [6424 bytes]","args":[{"element-6066-11e4-a52e-4f735466cecf":"f.D12DEAB053DDC9F4B2D58A2F6F668B5F.d.95A1AF0A6E3CB2883C6818B25B592E32.e.292"},"getTitle",[]]}
COMMAND: POST /session/b01c6b88a420c7ddb55b2ed41e434f48/execute/async - {"script":"<script> [1562 bytes]","args":[{"selector":{"id":"shellAppTitle"},"wdio_ui5_key":"shellAppTitle"}]}
RESULT: {"script":"<script> [1562 bytes]","args":[{"selector":{"id":"shellAppTitle"},"wdio_ui5_key":"shellAppTitle"}]}
COMMAND: POST /session/b01c6b88a420c7ddb55b2ed41e434f48/execute/async - {"script":"<script> [6424 bytes]","args":[{"element-6066-11e4-a52e-4f735466cecf":"f.D12DEAB053DDC9F4B2D58A2F6F668B5F.d.95A1AF0A6E3CB2883C6818B25B592E32.e.1182"},"getTitle",[]]}
RESULT: {"script":"<script> [6424 bytes]","args":[{"element-6066-11e4-a52e-4f735466cecf":"f.D12DEAB053DDC9F4B2D58A2F6F668B5F.d.95A1AF0A6E3CB2883C6818B25B592E32.e.1182"},"getTitle",[]]}
RESULT: undefined
COMMAND: POST /session/b01c6b88a420c7ddb55b2ed41e434f48/element/f.D12DEAB053DDC9F4B2D58A2F6F668B5F.d.95A1AF0A6E3CB2883C6818B25B592E32.e.986/click - {}
RESULT: {}
COMMAND: GET /session/b01c6b88a420c7ddb55b2ed41e434f48/screenshot - {}
RESULT: {}
]]></system-out>
    </testcase>
    <testcase classname="chrome.135_0_7049_96.windows.Sanity_Tests_US104253" name="Should open Bill Of Resources page" time="33.026">
      <system-out><![CDATA[
COMMAND: POST /session/b01c6b88a420c7ddb55b2ed41e434f48/execute/async - {"script":"<script> [1562 bytes]","args":[{"selector":{"controlType":"sap.m.GenericTile","properties":{"header":"Bill Of Resources"}},"wdio_ui5_key":"sapm.GenericTile{\"header\":\"Bill Of Resources\"}"}]}
RESULT: {"script":"<script> [1562 bytes]","args":[{"selector":{"controlType":"sap.m.GenericTile","properties":{"header":"Bill Of Resources"}},"wdio_ui5_key":"sapm.GenericTile{\"header\":\"Bill Of Resources\"}"}]}
RESULT: undefined
COMMAND: POST /session/b01c6b88a420c7ddb55b2ed41e434f48/element - {"using":"xpath","value":"//*[@id=\"__tile34\"]"}
RESULT: {"using":"xpath","value":"//*[@id=\"__tile34\"]"}
COMMAND: POST /session/b01c6b88a420c7ddb55b2ed41e434f48/element/f.D12DEAB053DDC9F4B2D58A2F6F668B5F.d.95A1AF0A6E3CB2883C6818B25B592E32.e.1184/click - {}
RESULT: {}
COMMAND: GET /session/b01c6b88a420c7ddb55b2ed41e434f48/screenshot - {}
RESULT: {}
RESULT: undefined
COMMAND: POST /session/b01c6b88a420c7ddb55b2ed41e434f48/element - {"using":"xpath","value":"//*[@id=\"__tile34\"]"}
RESULT: {"using":"xpath","value":"//*[@id=\"__tile34\"]"}
COMMAND: POST /session/b01c6b88a420c7ddb55b2ed41e434f48/element/f.D12DEAB053DDC9F4B2D58A2F6F668B5F.d.95A1AF0A6E3CB2883C6818B25B592E32.e.1184/click - {}
RESULT: undefined
COMMAND: POST /session/b01c6b88a420c7ddb55b2ed41e434f48/element - {"using":"xpath","value":"//*[@id=\"__tile34\"]"}
RESULT: {"using":"xpath","value":"//*[@id=\"__tile34\"]"}
COMMAND: POST /session/b01c6b88a420c7ddb55b2ed41e434f48/element/f.D12DEAB053DDC9F4B2D58A2F6F668B5F.d.95A1AF0A6E3CB2883C6818B25B592E32.e.1184/click - {}
RESULT: undefined
COMMAND: POST /session/b01c6b88a420c7ddb55b2ed41e434f48/execute/async - {"script":"<script> [6424 bytes]","args":[{"element-6066-11e4-a52e-4f735466cecf":"f.D12DEAB053DDC9F4B2D58A2F6F668B5F.d.95A1AF0A6E3CB2883C6818B25B592E32.e.292"},"getTitle",[]]}
COMMAND: POST /session/b01c6b88a420c7ddb55b2ed41e434f48/execute/async - {"script":"<script> [1562 bytes]","args":[{"selector":{"id":"shellAppTitle"},"wdio_ui5_key":"shellAppTitle"}]}
RESULT: {"script":"<script> [1562 bytes]","args":[{"selector":{"id":"shellAppTitle"},"wdio_ui5_key":"shellAppTitle"}]}
COMMAND: POST /session/b01c6b88a420c7ddb55b2ed41e434f48/execute/async - {"script":"<script> [6424 bytes]","args":[{"element-6066-11e4-a52e-4f735466cecf":"f.D12DEAB053DDC9F4B2D58A2F6F668B5F.d.95A1AF0A6E3CB2883C6818B25B592E32.e.1271"},"getTitle",[]]}
RESULT: {"script":"<script> [6424 bytes]","args":[{"element-6066-11e4-a52e-4f735466cecf":"f.D12DEAB053DDC9F4B2D58A2F6F668B5F.d.95A1AF0A6E3CB2883C6818B25B592E32.e.1271"},"getTitle",[]]}
RESULT: undefined
COMMAND: POST /session/b01c6b88a420c7ddb55b2ed41e434f48/element/f.D12DEAB053DDC9F4B2D58A2F6F668B5F.d.95A1AF0A6E3CB2883C6818B25B592E32.e.986/click - {}
COMMAND: POST /session/b01c6b88a420c7ddb55b2ed41e434f48/element - {"using":"xpath","value":"//*[@id=\"backBtn\"]"}
RESULT: {"using":"xpath","value":"//*[@id=\"backBtn\"]"}
COMMAND: POST /session/b01c6b88a420c7ddb55b2ed41e434f48/element/f.D12DEAB053DDC9F4B2D58A2F6F668B5F.d.95A1AF0A6E3CB2883C6818B25B592E32.e.986/click - {}
COMMAND: POST /session/b01c6b88a420c7ddb55b2ed41e434f48/element - {"using":"xpath","value":"//*[@id=\"backBtn\"]"}
RESULT: {"using":"xpath","value":"//*[@id=\"backBtn\"]"}
COMMAND: POST /session/b01c6b88a420c7ddb55b2ed41e434f48/element/f.D12DEAB053DDC9F4B2D58A2F6F668B5F.d.95A1AF0A6E3CB2883C6818B25B592E32.e.1272/click - {}
RESULT: {}
COMMAND: GET /session/b01c6b88a420c7ddb55b2ed41e434f48/screenshot - {}
RESULT: {}
]]></system-out>
    </testcase>
    <testcase classname="chrome.135_0_7049_96.windows.Sanity_Tests_US104253" name="Should open Manage Yards page" time="35.088">
      <system-out><![CDATA[
COMMAND: POST /session/b01c6b88a420c7ddb55b2ed41e434f48/execute/async - {"script":"<script> [1562 bytes]","args":[{"selector":{"controlType":"sap.m.GenericTile","properties":{"header":"Manage Yards"}},"wdio_ui5_key":"sapm.GenericTile{\"header\":\"Manage Yards\"}"}]}
RESULT: {"script":"<script> [1562 bytes]","args":[{"selector":{"controlType":"sap.m.GenericTile","properties":{"header":"Manage Yards"}},"wdio_ui5_key":"sapm.GenericTile{\"header\":\"Manage Yards\"}"}]}
RESULT: undefined
COMMAND: POST /session/b01c6b88a420c7ddb55b2ed41e434f48/element - {"using":"xpath","value":"//*[@id=\"__tile41\"]"}
RESULT: {"using":"xpath","value":"//*[@id=\"__tile41\"]"}
COMMAND: POST /session/b01c6b88a420c7ddb55b2ed41e434f48/element/f.D12DEAB053DDC9F4B2D58A2F6F668B5F.d.95A1AF0A6E3CB2883C6818B25B592E32.e.1274/click - {}
RESULT: {}
COMMAND: GET /session/b01c6b88a420c7ddb55b2ed41e434f48/screenshot - {}
RESULT: {}
RESULT: undefined
COMMAND: POST /session/b01c6b88a420c7ddb55b2ed41e434f48/element - {"using":"xpath","value":"//*[@id=\"__tile41\"]"}
RESULT: {"using":"xpath","value":"//*[@id=\"__tile41\"]"}
COMMAND: POST /session/b01c6b88a420c7ddb55b2ed41e434f48/element/f.D12DEAB053DDC9F4B2D58A2F6F668B5F.d.95A1AF0A6E3CB2883C6818B25B592E32.e.1274/click - {}
RESULT: undefined
COMMAND: POST /session/b01c6b88a420c7ddb55b2ed41e434f48/element - {"using":"xpath","value":"//*[@id=\"__tile41\"]"}
RESULT: {"using":"xpath","value":"//*[@id=\"__tile41\"]"}
COMMAND: POST /session/b01c6b88a420c7ddb55b2ed41e434f48/element/f.D12DEAB053DDC9F4B2D58A2F6F668B5F.d.95A1AF0A6E3CB2883C6818B25B592E32.e.1274/click - {}
RESULT: undefined
COMMAND: POST /session/b01c6b88a420c7ddb55b2ed41e434f48/execute/async - {"script":"<script> [6424 bytes]","args":[{"element-6066-11e4-a52e-4f735466cecf":"f.D12DEAB053DDC9F4B2D58A2F6F668B5F.d.95A1AF0A6E3CB2883C6818B25B592E32.e.292"},"getTitle",[]]}
COMMAND: POST /session/b01c6b88a420c7ddb55b2ed41e434f48/execute/async - {"script":"<script> [1562 bytes]","args":[{"selector":{"id":"shellAppTitle"},"wdio_ui5_key":"shellAppTitle"}]}
RESULT: {"script":"<script> [1562 bytes]","args":[{"selector":{"id":"shellAppTitle"},"wdio_ui5_key":"shellAppTitle"}]}
COMMAND: POST /session/b01c6b88a420c7ddb55b2ed41e434f48/execute/async - {"script":"<script> [6424 bytes]","args":[{"element-6066-11e4-a52e-4f735466cecf":"f.D12DEAB053DDC9F4B2D58A2F6F668B5F.d.95A1AF0A6E3CB2883C6818B25B592E32.e.1606"},"getTitle",[]]}
RESULT: {"script":"<script> [6424 bytes]","args":[{"element-6066-11e4-a52e-4f735466cecf":"f.D12DEAB053DDC9F4B2D58A2F6F668B5F.d.95A1AF0A6E3CB2883C6818B25B592E32.e.1606"},"getTitle",[]]}
RESULT: undefined
COMMAND: POST /session/b01c6b88a420c7ddb55b2ed41e434f48/element/f.D12DEAB053DDC9F4B2D58A2F6F668B5F.d.95A1AF0A6E3CB2883C6818B25B592E32.e.1272/click - {}
RESULT: {}
COMMAND: GET /session/b01c6b88a420c7ddb55b2ed41e434f48/screenshot - {}
RESULT: {}
]]></system-out>
    </testcase>
    <testcase classname="chrome.135_0_7049_96.windows.Sanity_Tests_US104253" name="Should open Manage Requests page" time="32.394">
      <system-out><![CDATA[
COMMAND: POST /session/b01c6b88a420c7ddb55b2ed41e434f48/execute/async - {"script":"<script> [1562 bytes]","args":[{"selector":{"controlType":"sap.m.GenericTile","properties":{"header":"Manage Requests"}},"wdio_ui5_key":"sapm.GenericTile{\"header\":\"Manage Requests\"}"}]}
RESULT: {"script":"<script> [1562 bytes]","args":[{"selector":{"controlType":"sap.m.GenericTile","properties":{"header":"Manage Requests"}},"wdio_ui5_key":"sapm.GenericTile{\"header\":\"Manage Requests\"}"}]}
RESULT: undefined
COMMAND: POST /session/b01c6b88a420c7ddb55b2ed41e434f48/element - {"using":"xpath","value":"//*[@id=\"__tile47\"]"}
RESULT: {"using":"xpath","value":"//*[@id=\"__tile47\"]"}
COMMAND: POST /session/b01c6b88a420c7ddb55b2ed41e434f48/element/f.D12DEAB053DDC9F4B2D58A2F6F668B5F.d.95A1AF0A6E3CB2883C6818B25B592E32.e.1608/click - {}
RESULT: {}
COMMAND: GET /session/b01c6b88a420c7ddb55b2ed41e434f48/screenshot - {}
RESULT: {}
RESULT: undefined
COMMAND: POST /session/b01c6b88a420c7ddb55b2ed41e434f48/element - {"using":"xpath","value":"//*[@id=\"__tile47\"]"}
RESULT: {"using":"xpath","value":"//*[@id=\"__tile47\"]"}
COMMAND: POST /session/b01c6b88a420c7ddb55b2ed41e434f48/element/f.D12DEAB053DDC9F4B2D58A2F6F668B5F.d.95A1AF0A6E3CB2883C6818B25B592E32.e.1608/click - {}
RESULT: undefined
COMMAND: POST /session/b01c6b88a420c7ddb55b2ed41e434f48/element - {"using":"xpath","value":"//*[@id=\"__tile47\"]"}
RESULT: {"using":"xpath","value":"//*[@id=\"__tile47\"]"}
COMMAND: POST /session/b01c6b88a420c7ddb55b2ed41e434f48/element/f.D12DEAB053DDC9F4B2D58A2F6F668B5F.d.95A1AF0A6E3CB2883C6818B25B592E32.e.1608/click - {}
RESULT: undefined
COMMAND: POST /session/b01c6b88a420c7ddb55b2ed41e434f48/execute/async - {"script":"<script> [6424 bytes]","args":[{"element-6066-11e4-a52e-4f735466cecf":"f.D12DEAB053DDC9F4B2D58A2F6F668B5F.d.95A1AF0A6E3CB2883C6818B25B592E32.e.292"},"getTitle",[]]}
COMMAND: POST /session/b01c6b88a420c7ddb55b2ed41e434f48/execute/async - {"script":"<script> [1562 bytes]","args":[{"selector":{"id":"shellAppTitle"},"wdio_ui5_key":"shellAppTitle"}]}
RESULT: {"script":"<script> [1562 bytes]","args":[{"selector":{"id":"shellAppTitle"},"wdio_ui5_key":"shellAppTitle"}]}
COMMAND: POST /session/b01c6b88a420c7ddb55b2ed41e434f48/execute/async - {"script":"<script> [6424 bytes]","args":[{"element-6066-11e4-a52e-4f735466cecf":"f.D12DEAB053DDC9F4B2D58A2F6F668B5F.d.95A1AF0A6E3CB2883C6818B25B592E32.e.1710"},"getTitle",[]]}
RESULT: {"script":"<script> [6424 bytes]","args":[{"element-6066-11e4-a52e-4f735466cecf":"f.D12DEAB053DDC9F4B2D58A2F6F668B5F.d.95A1AF0A6E3CB2883C6818B25B592E32.e.1710"},"getTitle",[]]}
RESULT: undefined
COMMAND: POST /session/b01c6b88a420c7ddb55b2ed41e434f48/element/f.D12DEAB053DDC9F4B2D58A2F6F668B5F.d.95A1AF0A6E3CB2883C6818B25B592E32.e.1272/click - {}
COMMAND: POST /session/b01c6b88a420c7ddb55b2ed41e434f48/element - {"using":"xpath","value":"//*[@id=\"backBtn\"]"}
RESULT: {"using":"xpath","value":"//*[@id=\"backBtn\"]"}
COMMAND: POST /session/b01c6b88a420c7ddb55b2ed41e434f48/element/f.D12DEAB053DDC9F4B2D58A2F6F668B5F.d.95A1AF0A6E3CB2883C6818B25B592E32.e.1272/click - {}
COMMAND: POST /session/b01c6b88a420c7ddb55b2ed41e434f48/element - {"using":"xpath","value":"//*[@id=\"backBtn\"]"}
RESULT: {"using":"xpath","value":"//*[@id=\"backBtn\"]"}
COMMAND: POST /session/b01c6b88a420c7ddb55b2ed41e434f48/element/f.D12DEAB053DDC9F4B2D58A2F6F668B5F.d.95A1AF0A6E3CB2883C6818B25B592E32.e.1711/click - {}
RESULT: {}
COMMAND: GET /session/b01c6b88a420c7ddb55b2ed41e434f48/screenshot - {}
RESULT: {}
]]></system-out>
    </testcase>
    <testcase classname="chrome.135_0_7049_96.windows.Sanity_Tests_US104253" name="Should open Manage Purchasing page" time="37.083">
      <system-out><![CDATA[
COMMAND: POST /session/b01c6b88a420c7ddb55b2ed41e434f48/execute/async - {"script":"<script> [1562 bytes]","args":[{"selector":{"controlType":"sap.m.GenericTile","properties":{"header":"Manage Purchasing"}},"wdio_ui5_key":"sapm.GenericTile{\"header\":\"Manage Purchasing\"}"}]}
RESULT: {"script":"<script> [1562 bytes]","args":[{"selector":{"controlType":"sap.m.GenericTile","properties":{"header":"Manage Purchasing"}},"wdio_ui5_key":"sapm.GenericTile{\"header\":\"Manage Purchasing\"}"}]}
RESULT: undefined
COMMAND: POST /session/b01c6b88a420c7ddb55b2ed41e434f48/element - {"using":"xpath","value":"//*[@id=\"__tile46\"]"}
RESULT: {"using":"xpath","value":"//*[@id=\"__tile46\"]"}
COMMAND: POST /session/b01c6b88a420c7ddb55b2ed41e434f48/element/f.D12DEAB053DDC9F4B2D58A2F6F668B5F.d.95A1AF0A6E3CB2883C6818B25B592E32.e.1714/click - {}
RESULT: {}
COMMAND: GET /session/b01c6b88a420c7ddb55b2ed41e434f48/screenshot - {}
RESULT: {}
RESULT: undefined
COMMAND: POST /session/b01c6b88a420c7ddb55b2ed41e434f48/element - {"using":"xpath","value":"//*[@id=\"__tile46\"]"}
RESULT: {"using":"xpath","value":"//*[@id=\"__tile46\"]"}
COMMAND: POST /session/b01c6b88a420c7ddb55b2ed41e434f48/element/f.D12DEAB053DDC9F4B2D58A2F6F668B5F.d.95A1AF0A6E3CB2883C6818B25B592E32.e.1714/click - {}
RESULT: undefined
COMMAND: POST /session/b01c6b88a420c7ddb55b2ed41e434f48/element - {"using":"xpath","value":"//*[@id=\"__tile46\"]"}
RESULT: {"using":"xpath","value":"//*[@id=\"__tile46\"]"}
COMMAND: POST /session/b01c6b88a420c7ddb55b2ed41e434f48/element/f.D12DEAB053DDC9F4B2D58A2F6F668B5F.d.95A1AF0A6E3CB2883C6818B25B592E32.e.1714/click - {}
RESULT: undefined
COMMAND: POST /session/b01c6b88a420c7ddb55b2ed41e434f48/execute/async - {"script":"<script> [6424 bytes]","args":[{"element-6066-11e4-a52e-4f735466cecf":"f.D12DEAB053DDC9F4B2D58A2F6F668B5F.d.95A1AF0A6E3CB2883C6818B25B592E32.e.292"},"getTitle",[]]}
COMMAND: POST /session/b01c6b88a420c7ddb55b2ed41e434f48/execute/async - {"script":"<script> [1562 bytes]","args":[{"selector":{"id":"shellAppTitle"},"wdio_ui5_key":"shellAppTitle"}]}
RESULT: {"script":"<script> [1562 bytes]","args":[{"selector":{"id":"shellAppTitle"},"wdio_ui5_key":"shellAppTitle"}]}
COMMAND: POST /session/b01c6b88a420c7ddb55b2ed41e434f48/execute/async - {"script":"<script> [6424 bytes]","args":[{"element-6066-11e4-a52e-4f735466cecf":"f.D12DEAB053DDC9F4B2D58A2F6F668B5F.d.95A1AF0A6E3CB2883C6818B25B592E32.e.1795"},"getTitle",[]]}
RESULT: {"script":"<script> [6424 bytes]","args":[{"element-6066-11e4-a52e-4f735466cecf":"f.D12DEAB053DDC9F4B2D58A2F6F668B5F.d.95A1AF0A6E3CB2883C6818B25B592E32.e.1795"},"getTitle",[]]}
RESULT: undefined
COMMAND: POST /session/b01c6b88a420c7ddb55b2ed41e434f48/element/f.D12DEAB053DDC9F4B2D58A2F6F668B5F.d.95A1AF0A6E3CB2883C6818B25B592E32.e.1711/click - {}
RESULT: {}
COMMAND: GET /session/b01c6b88a420c7ddb55b2ed41e434f48/screenshot - {}
RESULT: {}
]]></system-out>
    </testcase>
    <testcase classname="chrome.135_0_7049_96.windows.Sanity_Tests_US104253" name="Should open Planning Board page" time="34.64">
      <system-out><![CDATA[
COMMAND: POST /session/b01c6b88a420c7ddb55b2ed41e434f48/execute/async - {"script":"<script> [1562 bytes]","args":[{"selector":{"controlType":"sap.m.GenericTile","properties":{"header":"Planning Board"}},"wdio_ui5_key":"sapm.GenericTile{\"header\":\"Planning Board\"}"}]}
RESULT: {"script":"<script> [1562 bytes]","args":[{"selector":{"controlType":"sap.m.GenericTile","properties":{"header":"Planning Board"}},"wdio_ui5_key":"sapm.GenericTile{\"header\":\"Planning Board\"}"}]}
RESULT: undefined
COMMAND: POST /session/b01c6b88a420c7ddb55b2ed41e434f48/element - {"using":"xpath","value":"//*[@id=\"__tile130\"]"}
RESULT: {"using":"xpath","value":"//*[@id=\"__tile130\"]"}
COMMAND: POST /session/b01c6b88a420c7ddb55b2ed41e434f48/element/f.D12DEAB053DDC9F4B2D58A2F6F668B5F.d.95A1AF0A6E3CB2883C6818B25B592E32.e.1797/click - {}
RESULT: {}
COMMAND: GET /session/b01c6b88a420c7ddb55b2ed41e434f48/screenshot - {}
RESULT: {}
RESULT: undefined
COMMAND: POST /session/b01c6b88a420c7ddb55b2ed41e434f48/element - {"using":"xpath","value":"//*[@id=\"__tile130\"]"}
RESULT: {"using":"xpath","value":"//*[@id=\"__tile130\"]"}
COMMAND: POST /session/b01c6b88a420c7ddb55b2ed41e434f48/element/f.D12DEAB053DDC9F4B2D58A2F6F668B5F.d.95A1AF0A6E3CB2883C6818B25B592E32.e.1797/click - {}
RESULT: undefined
COMMAND: POST /session/b01c6b88a420c7ddb55b2ed41e434f48/element - {"using":"xpath","value":"//*[@id=\"__tile130\"]"}
RESULT: {"using":"xpath","value":"//*[@id=\"__tile130\"]"}
COMMAND: POST /session/b01c6b88a420c7ddb55b2ed41e434f48/element/f.D12DEAB053DDC9F4B2D58A2F6F668B5F.d.95A1AF0A6E3CB2883C6818B25B592E32.e.1797/click - {}
RESULT: undefined
COMMAND: POST /session/b01c6b88a420c7ddb55b2ed41e434f48/execute/async - {"script":"<script> [6424 bytes]","args":[{"element-6066-11e4-a52e-4f735466cecf":"f.D12DEAB053DDC9F4B2D58A2F6F668B5F.d.95A1AF0A6E3CB2883C6818B25B592E32.e.292"},"getTitle",[]]}
COMMAND: POST /session/b01c6b88a420c7ddb55b2ed41e434f48/execute/async - {"script":"<script> [1562 bytes]","args":[{"selector":{"id":"shellAppTitle"},"wdio_ui5_key":"shellAppTitle"}]}
RESULT: {"script":"<script> [1562 bytes]","args":[{"selector":{"id":"shellAppTitle"},"wdio_ui5_key":"shellAppTitle"}]}
COMMAND: POST /session/b01c6b88a420c7ddb55b2ed41e434f48/execute/async - {"script":"<script> [6424 bytes]","args":[{"element-6066-11e4-a52e-4f735466cecf":"f.D12DEAB053DDC9F4B2D58A2F6F668B5F.d.95A1AF0A6E3CB2883C6818B25B592E32.e.1846"},"getTitle",[]]}
RESULT: {"script":"<script> [6424 bytes]","args":[{"element-6066-11e4-a52e-4f735466cecf":"f.D12DEAB053DDC9F4B2D58A2F6F668B5F.d.95A1AF0A6E3CB2883C6818B25B592E32.e.1846"},"getTitle",[]]}
RESULT: undefined
COMMAND: POST /session/b01c6b88a420c7ddb55b2ed41e434f48/element/f.D12DEAB053DDC9F4B2D58A2F6F668B5F.d.95A1AF0A6E3CB2883C6818B25B592E32.e.1711/click - {}
COMMAND: POST /session/b01c6b88a420c7ddb55b2ed41e434f48/element/f.D12DEAB053DDC9F4B2D58A2F6F668B5F.d.95A1AF0A6E3CB2883C6818B25B592E32.e.1711/click - {}
COMMAND: POST /session/b01c6b88a420c7ddb55b2ed41e434f48/element - {"using":"xpath","value":"//*[@id=\"backBtn\"]"}
COMMAND: POST /session/b01c6b88a420c7ddb55b2ed41e434f48/element - {"using":"xpath","value":"//*[@id=\"backBtn\"]"}
RESULT: {"using":"xpath","value":"//*[@id=\"backBtn\"]"}
COMMAND: POST /session/b01c6b88a420c7ddb55b2ed41e434f48/element/f.D12DEAB053DDC9F4B2D58A2F6F668B5F.d.95A1AF0A6E3CB2883C6818B25B592E32.e.1711/click - {}
RESULT: {"using":"xpath","value":"//*[@id=\"backBtn\"]"}
COMMAND: POST /session/b01c6b88a420c7ddb55b2ed41e434f48/element/f.D12DEAB053DDC9F4B2D58A2F6F668B5F.d.95A1AF0A6E3CB2883C6818B25B592E32.e.1711/click - {}
COMMAND: POST /session/b01c6b88a420c7ddb55b2ed41e434f48/element - {"using":"xpath","value":"//*[@id=\"backBtn\"]"}
COMMAND: POST /session/b01c6b88a420c7ddb55b2ed41e434f48/element - {"using":"xpath","value":"//*[@id=\"backBtn\"]"}
RESULT: {"using":"xpath","value":"//*[@id=\"backBtn\"]"}
COMMAND: POST /session/b01c6b88a420c7ddb55b2ed41e434f48/element/f.D12DEAB053DDC9F4B2D58A2F6F668B5F.d.95A1AF0A6E3CB2883C6818B25B592E32.e.1847/click - {}
RESULT: {"using":"xpath","value":"//*[@id=\"backBtn\"]"}
COMMAND: POST /session/b01c6b88a420c7ddb55b2ed41e434f48/element/f.D12DEAB053DDC9F4B2D58A2F6F668B5F.d.95A1AF0A6E3CB2883C6818B25B592E32.e.1847/click - {}
RESULT: {}
COMMAND: GET /session/b01c6b88a420c7ddb55b2ed41e434f48/screenshot - {}
RESULT: {}
COMMAND: GET /session/b01c6b88a420c7ddb55b2ed41e434f48/screenshot - {}
RESULT: {}
RESULT: {}
]]></system-out>
    </testcase>
    <testcase classname="chrome.135_0_7049_96.windows.Sanity_Tests_US104253" name="Should open Manage Contracts page" time="35.126">
      <system-out><![CDATA[
COMMAND: POST /session/b01c6b88a420c7ddb55b2ed41e434f48/execute/async - {"script":"<script> [1562 bytes]","args":[{"selector":{"controlType":"sap.m.GenericTile","properties":{"header":"Manage Contracts"}},"wdio_ui5_key":"sapm.GenericTile{\"header\":\"Manage Contracts\"}"}]}
RESULT: {"script":"<script> [1562 bytes]","args":[{"selector":{"controlType":"sap.m.GenericTile","properties":{"header":"Manage Contracts"}},"wdio_ui5_key":"sapm.GenericTile{\"header\":\"Manage Contracts\"}"}]}
RESULT: undefined
COMMAND: POST /session/b01c6b88a420c7ddb55b2ed41e434f48/element - {"using":"xpath","value":"//*[@id=\"__tile133\"]"}
RESULT: {"using":"xpath","value":"//*[@id=\"__tile133\"]"}
COMMAND: POST /session/b01c6b88a420c7ddb55b2ed41e434f48/element/f.D12DEAB053DDC9F4B2D58A2F6F668B5F.d.95A1AF0A6E3CB2883C6818B25B592E32.e.1851/click - {}
RESULT: {}
COMMAND: GET /session/b01c6b88a420c7ddb55b2ed41e434f48/screenshot - {}
RESULT: {}
RESULT: undefined
COMMAND: POST /session/b01c6b88a420c7ddb55b2ed41e434f48/element - {"using":"xpath","value":"//*[@id=\"__tile133\"]"}
RESULT: {"using":"xpath","value":"//*[@id=\"__tile133\"]"}
COMMAND: POST /session/b01c6b88a420c7ddb55b2ed41e434f48/element/f.D12DEAB053DDC9F4B2D58A2F6F668B5F.d.95A1AF0A6E3CB2883C6818B25B592E32.e.1851/click - {}
RESULT: undefined
COMMAND: POST /session/b01c6b88a420c7ddb55b2ed41e434f48/element - {"using":"xpath","value":"//*[@id=\"__tile133\"]"}
RESULT: {"using":"xpath","value":"//*[@id=\"__tile133\"]"}
COMMAND: POST /session/b01c6b88a420c7ddb55b2ed41e434f48/element/f.D12DEAB053DDC9F4B2D58A2F6F668B5F.d.95A1AF0A6E3CB2883C6818B25B592E32.e.1851/click - {}
RESULT: undefined
COMMAND: POST /session/b01c6b88a420c7ddb55b2ed41e434f48/execute/async - {"script":"<script> [6424 bytes]","args":[{"element-6066-11e4-a52e-4f735466cecf":"f.D12DEAB053DDC9F4B2D58A2F6F668B5F.d.95A1AF0A6E3CB2883C6818B25B592E32.e.292"},"getTitle",[]]}
COMMAND: POST /session/b01c6b88a420c7ddb55b2ed41e434f48/execute/async - {"script":"<script> [1562 bytes]","args":[{"selector":{"id":"shellAppTitle"},"wdio_ui5_key":"shellAppTitle"}]}
RESULT: {"script":"<script> [1562 bytes]","args":[{"selector":{"id":"shellAppTitle"},"wdio_ui5_key":"shellAppTitle"}]}
COMMAND: POST /session/b01c6b88a420c7ddb55b2ed41e434f48/execute/async - {"script":"<script> [6424 bytes]","args":[{"element-6066-11e4-a52e-4f735466cecf":"f.D12DEAB053DDC9F4B2D58A2F6F668B5F.d.95A1AF0A6E3CB2883C6818B25B592E32.e.1933"},"getTitle",[]]}
RESULT: {"script":"<script> [6424 bytes]","args":[{"element-6066-11e4-a52e-4f735466cecf":"f.D12DEAB053DDC9F4B2D58A2F6F668B5F.d.95A1AF0A6E3CB2883C6818B25B592E32.e.1933"},"getTitle",[]]}
RESULT: undefined
COMMAND: POST /session/b01c6b88a420c7ddb55b2ed41e434f48/element/f.D12DEAB053DDC9F4B2D58A2F6F668B5F.d.95A1AF0A6E3CB2883C6818B25B592E32.e.1847/click - {}
RESULT: {}
COMMAND: GET /session/b01c6b88a420c7ddb55b2ed41e434f48/screenshot - {}
RESULT: {}
]]></system-out>
    </testcase>
    <testcase classname="chrome.135_0_7049_96.windows.Sanity_Tests_US104253" name="Should open Manage Quotations page" time="33.252">
      <system-out><![CDATA[
COMMAND: POST /session/b01c6b88a420c7ddb55b2ed41e434f48/execute/async - {"script":"<script> [1562 bytes]","args":[{"selector":{"controlType":"sap.m.GenericTile","properties":{"header":"Manage Quotations"}},"wdio_ui5_key":"sapm.GenericTile{\"header\":\"Manage Quotations\"}"}]}
RESULT: {"script":"<script> [1562 bytes]","args":[{"selector":{"controlType":"sap.m.GenericTile","properties":{"header":"Manage Quotations"}},"wdio_ui5_key":"sapm.GenericTile{\"header\":\"Manage Quotations\"}"}]}
RESULT: undefined
COMMAND: POST /session/b01c6b88a420c7ddb55b2ed41e434f48/element - {"using":"xpath","value":"//*[@id=\"__tile131\"]"}
RESULT: {"using":"xpath","value":"//*[@id=\"__tile131\"]"}
COMMAND: POST /session/b01c6b88a420c7ddb55b2ed41e434f48/element/f.D12DEAB053DDC9F4B2D58A2F6F668B5F.d.95A1AF0A6E3CB2883C6818B25B592E32.e.1935/click - {}
RESULT: {}
COMMAND: GET /session/b01c6b88a420c7ddb55b2ed41e434f48/screenshot - {}
RESULT: {}
RESULT: undefined
COMMAND: POST /session/b01c6b88a420c7ddb55b2ed41e434f48/element - {"using":"xpath","value":"//*[@id=\"__tile131\"]"}
RESULT: {"using":"xpath","value":"//*[@id=\"__tile131\"]"}
COMMAND: POST /session/b01c6b88a420c7ddb55b2ed41e434f48/element/f.D12DEAB053DDC9F4B2D58A2F6F668B5F.d.95A1AF0A6E3CB2883C6818B25B592E32.e.1935/click - {}
RESULT: undefined
COMMAND: POST /session/b01c6b88a420c7ddb55b2ed41e434f48/element - {"using":"xpath","value":"//*[@id=\"__tile131\"]"}
RESULT: {"using":"xpath","value":"//*[@id=\"__tile131\"]"}
COMMAND: POST /session/b01c6b88a420c7ddb55b2ed41e434f48/element/f.D12DEAB053DDC9F4B2D58A2F6F668B5F.d.95A1AF0A6E3CB2883C6818B25B592E32.e.1935/click - {}
RESULT: undefined
COMMAND: POST /session/b01c6b88a420c7ddb55b2ed41e434f48/execute/async - {"script":"<script> [6424 bytes]","args":[{"element-6066-11e4-a52e-4f735466cecf":"f.D12DEAB053DDC9F4B2D58A2F6F668B5F.d.95A1AF0A6E3CB2883C6818B25B592E32.e.292"},"getTitle",[]]}
COMMAND: POST /session/b01c6b88a420c7ddb55b2ed41e434f48/execute/async - {"script":"<script> [1562 bytes]","args":[{"selector":{"id":"shellAppTitle"},"wdio_ui5_key":"shellAppTitle"}]}
RESULT: {"script":"<script> [1562 bytes]","args":[{"selector":{"id":"shellAppTitle"},"wdio_ui5_key":"shellAppTitle"}]}
COMMAND: POST /session/b01c6b88a420c7ddb55b2ed41e434f48/execute/async - {"script":"<script> [6424 bytes]","args":[{"element-6066-11e4-a52e-4f735466cecf":"f.D12DEAB053DDC9F4B2D58A2F6F668B5F.d.95A1AF0A6E3CB2883C6818B25B592E32.e.2029"},"getTitle",[]]}
RESULT: {"script":"<script> [6424 bytes]","args":[{"element-6066-11e4-a52e-4f735466cecf":"f.D12DEAB053DDC9F4B2D58A2F6F668B5F.d.95A1AF0A6E3CB2883C6818B25B592E32.e.2029"},"getTitle",[]]}
RESULT: undefined
COMMAND: POST /session/b01c6b88a420c7ddb55b2ed41e434f48/element/f.D12DEAB053DDC9F4B2D58A2F6F668B5F.d.95A1AF0A6E3CB2883C6818B25B592E32.e.1847/click - {}
COMMAND: POST /session/b01c6b88a420c7ddb55b2ed41e434f48/element - {"using":"xpath","value":"//*[@id=\"backBtn\"]"}
RESULT: {"using":"xpath","value":"//*[@id=\"backBtn\"]"}
COMMAND: POST /session/b01c6b88a420c7ddb55b2ed41e434f48/element/f.D12DEAB053DDC9F4B2D58A2F6F668B5F.d.95A1AF0A6E3CB2883C6818B25B592E32.e.1847/click - {}
COMMAND: POST /session/b01c6b88a420c7ddb55b2ed41e434f48/element - {"using":"xpath","value":"//*[@id=\"backBtn\"]"}
RESULT: {"using":"xpath","value":"//*[@id=\"backBtn\"]"}
COMMAND: POST /session/b01c6b88a420c7ddb55b2ed41e434f48/element/f.D12DEAB053DDC9F4B2D58A2F6F668B5F.d.95A1AF0A6E3CB2883C6818B25B592E32.e.2030/click - {}
RESULT: {}
COMMAND: GET /session/b01c6b88a420c7ddb55b2ed41e434f48/screenshot - {}
RESULT: {}
]]></system-out>
    </testcase>
    <testcase classname="chrome.135_0_7049_96.windows.Sanity_Tests_US104253" name="Should open Manage Handovers page" time="41.212">
      <system-out><![CDATA[
COMMAND: POST /session/b01c6b88a420c7ddb55b2ed41e434f48/execute/async - {"script":"<script> [1562 bytes]","args":[{"selector":{"controlType":"sap.m.GenericTile","properties":{"header":"Manage Handovers"}},"wdio_ui5_key":"sapm.GenericTile{\"header\":\"Manage Handovers\"}"}]}
RESULT: {"script":"<script> [1562 bytes]","args":[{"selector":{"controlType":"sap.m.GenericTile","properties":{"header":"Manage Handovers"}},"wdio_ui5_key":"sapm.GenericTile{\"header\":\"Manage Handovers\"}"}]}
RESULT: undefined
COMMAND: POST /session/b01c6b88a420c7ddb55b2ed41e434f48/element - {"using":"xpath","value":"//*[@id=\"__tile132\"]"}
RESULT: {"using":"xpath","value":"//*[@id=\"__tile132\"]"}
COMMAND: POST /session/b01c6b88a420c7ddb55b2ed41e434f48/element/f.D12DEAB053DDC9F4B2D58A2F6F668B5F.d.95A1AF0A6E3CB2883C6818B25B592E32.e.2032/click - {}
RESULT: {}
COMMAND: GET /session/b01c6b88a420c7ddb55b2ed41e434f48/screenshot - {}
RESULT: {}
RESULT: undefined
COMMAND: POST /session/b01c6b88a420c7ddb55b2ed41e434f48/element - {"using":"xpath","value":"//*[@id=\"__tile132\"]"}
RESULT: {"using":"xpath","value":"//*[@id=\"__tile132\"]"}
COMMAND: POST /session/b01c6b88a420c7ddb55b2ed41e434f48/element/f.D12DEAB053DDC9F4B2D58A2F6F668B5F.d.95A1AF0A6E3CB2883C6818B25B592E32.e.2032/click - {}
RESULT: undefined
COMMAND: POST /session/b01c6b88a420c7ddb55b2ed41e434f48/element - {"using":"xpath","value":"//*[@id=\"__tile132\"]"}
RESULT: {"using":"xpath","value":"//*[@id=\"__tile132\"]"}
COMMAND: POST /session/b01c6b88a420c7ddb55b2ed41e434f48/element/f.D12DEAB053DDC9F4B2D58A2F6F668B5F.d.95A1AF0A6E3CB2883C6818B25B592E32.e.2032/click - {}
RESULT: undefined
COMMAND: POST /session/b01c6b88a420c7ddb55b2ed41e434f48/execute/async - {"script":"<script> [6424 bytes]","args":[{"element-6066-11e4-a52e-4f735466cecf":"f.D12DEAB053DDC9F4B2D58A2F6F668B5F.d.95A1AF0A6E3CB2883C6818B25B592E32.e.292"},"getTitle",[]]}
COMMAND: POST /session/b01c6b88a420c7ddb55b2ed41e434f48/execute/async - {"script":"<script> [1562 bytes]","args":[{"selector":{"id":"shellAppTitle"},"wdio_ui5_key":"shellAppTitle"}]}
RESULT: {"script":"<script> [1562 bytes]","args":[{"selector":{"id":"shellAppTitle"},"wdio_ui5_key":"shellAppTitle"}]}
COMMAND: POST /session/b01c6b88a420c7ddb55b2ed41e434f48/execute/async - {"script":"<script> [6424 bytes]","args":[{"element-6066-11e4-a52e-4f735466cecf":"f.D12DEAB053DDC9F4B2D58A2F6F668B5F.d.95A1AF0A6E3CB2883C6818B25B592E32.e.2140"},"getTitle",[]]}
RESULT: {"script":"<script> [6424 bytes]","args":[{"element-6066-11e4-a52e-4f735466cecf":"f.D12DEAB053DDC9F4B2D58A2F6F668B5F.d.95A1AF0A6E3CB2883C6818B25B592E32.e.2140"},"getTitle",[]]}
RESULT: undefined
COMMAND: POST /session/b01c6b88a420c7ddb55b2ed41e434f48/element/f.D12DEAB053DDC9F4B2D58A2F6F668B5F.d.95A1AF0A6E3CB2883C6818B25B592E32.e.2030/click - {}
RESULT: {}
COMMAND: GET /session/b01c6b88a420c7ddb55b2ed41e434f48/screenshot - {}
RESULT: {}
]]></system-out>
    </testcase>
    <testcase classname="chrome.135_0_7049_96.windows.Sanity_Tests_US104253" name="Should open Delivery Monitor page" time="36.363">
      <system-out><![CDATA[
COMMAND: POST /session/b01c6b88a420c7ddb55b2ed41e434f48/execute/async - {"script":"<script> [1562 bytes]","args":[{"selector":{"controlType":"sap.m.GenericTile","properties":{"header":"Delivery Monitor"}},"wdio_ui5_key":"sapm.GenericTile{\"header\":\"Delivery Monitor\"}"}]}
RESULT: {"script":"<script> [1562 bytes]","args":[{"selector":{"controlType":"sap.m.GenericTile","properties":{"header":"Delivery Monitor"}},"wdio_ui5_key":"sapm.GenericTile{\"header\":\"Delivery Monitor\"}"}]}
RESULT: undefined
COMMAND: POST /session/b01c6b88a420c7ddb55b2ed41e434f48/element - {"using":"xpath","value":"//*[@id=\"__tile43\"]"}
RESULT: {"using":"xpath","value":"//*[@id=\"__tile43\"]"}
COMMAND: POST /session/b01c6b88a420c7ddb55b2ed41e434f48/element/f.D12DEAB053DDC9F4B2D58A2F6F668B5F.d.95A1AF0A6E3CB2883C6818B25B592E32.e.2142/click - {}
RESULT: {}
COMMAND: GET /session/b01c6b88a420c7ddb55b2ed41e434f48/screenshot - {}
RESULT: {}
RESULT: undefined
COMMAND: POST /session/b01c6b88a420c7ddb55b2ed41e434f48/element - {"using":"xpath","value":"//*[@id=\"__tile43\"]"}
RESULT: {"using":"xpath","value":"//*[@id=\"__tile43\"]"}
COMMAND: POST /session/b01c6b88a420c7ddb55b2ed41e434f48/element/f.D12DEAB053DDC9F4B2D58A2F6F668B5F.d.95A1AF0A6E3CB2883C6818B25B592E32.e.2142/click - {}
RESULT: undefined
COMMAND: POST /session/b01c6b88a420c7ddb55b2ed41e434f48/element - {"using":"xpath","value":"//*[@id=\"__tile43\"]"}
RESULT: {"using":"xpath","value":"//*[@id=\"__tile43\"]"}
COMMAND: POST /session/b01c6b88a420c7ddb55b2ed41e434f48/element/f.D12DEAB053DDC9F4B2D58A2F6F668B5F.d.95A1AF0A6E3CB2883C6818B25B592E32.e.2142/click - {}
RESULT: undefined
COMMAND: POST /session/b01c6b88a420c7ddb55b2ed41e434f48/execute/async - {"script":"<script> [6424 bytes]","args":[{"element-6066-11e4-a52e-4f735466cecf":"f.D12DEAB053DDC9F4B2D58A2F6F668B5F.d.95A1AF0A6E3CB2883C6818B25B592E32.e.292"},"getTitle",[]]}
COMMAND: POST /session/b01c6b88a420c7ddb55b2ed41e434f48/execute/async - {"script":"<script> [1562 bytes]","args":[{"selector":{"id":"shellAppTitle"},"wdio_ui5_key":"shellAppTitle"}]}
RESULT: {"script":"<script> [1562 bytes]","args":[{"selector":{"id":"shellAppTitle"},"wdio_ui5_key":"shellAppTitle"}]}
COMMAND: POST /session/b01c6b88a420c7ddb55b2ed41e434f48/execute/async - {"script":"<script> [6424 bytes]","args":[{"element-6066-11e4-a52e-4f735466cecf":"f.D12DEAB053DDC9F4B2D58A2F6F668B5F.d.95A1AF0A6E3CB2883C6818B25B592E32.e.2256"},"getTitle",[]]}
RESULT: {"script":"<script> [6424 bytes]","args":[{"element-6066-11e4-a52e-4f735466cecf":"f.D12DEAB053DDC9F4B2D58A2F6F668B5F.d.95A1AF0A6E3CB2883C6818B25B592E32.e.2256"},"getTitle",[]]}
RESULT: undefined
COMMAND: POST /session/b01c6b88a420c7ddb55b2ed41e434f48/element/f.D12DEAB053DDC9F4B2D58A2F6F668B5F.d.95A1AF0A6E3CB2883C6818B25B592E32.e.2030/click - {}
COMMAND: POST /session/b01c6b88a420c7ddb55b2ed41e434f48/element - {"using":"xpath","value":"//*[@id=\"backBtn\"]"}
RESULT: {"using":"xpath","value":"//*[@id=\"backBtn\"]"}
COMMAND: POST /session/b01c6b88a420c7ddb55b2ed41e434f48/element/f.D12DEAB053DDC9F4B2D58A2F6F668B5F.d.95A1AF0A6E3CB2883C6818B25B592E32.e.2030/click - {}
COMMAND: POST /session/b01c6b88a420c7ddb55b2ed41e434f48/element - {"using":"xpath","value":"//*[@id=\"backBtn\"]"}
RESULT: {"using":"xpath","value":"//*[@id=\"backBtn\"]"}
COMMAND: POST /session/b01c6b88a420c7ddb55b2ed41e434f48/element/f.D12DEAB053DDC9F4B2D58A2F6F668B5F.d.95A1AF0A6E3CB2883C6818B25B592E32.e.2257/click - {}
RESULT: {}
COMMAND: GET /session/b01c6b88a420c7ddb55b2ed41e434f48/screenshot - {}
RESULT: {}
]]></system-out>
    </testcase>
    <testcase classname="chrome.135_0_7049_96.windows.Sanity_Tests_US104253" name="Should open Manage Calendar Exceptions page" time="32.709">
      <system-out><![CDATA[
COMMAND: POST /session/b01c6b88a420c7ddb55b2ed41e434f48/execute/async - {"script":"<script> [1562 bytes]","args":[{"selector":{"controlType":"sap.m.GenericTile","properties":{"header":"Manage Calendar Exceptions"}},"wdio_ui5_key":"sapm.GenericTile{\"header\":\"Manage Calendar Exceptions\"}"}]}
RESULT: {"script":"<script> [1562 bytes]","args":[{"selector":{"controlType":"sap.m.GenericTile","properties":{"header":"Manage Calendar Exceptions"}},"wdio_ui5_key":"sapm.GenericTile{\"header\":\"Manage Calendar Exceptions\"}"}]}
RESULT: undefined
COMMAND: POST /session/b01c6b88a420c7ddb55b2ed41e434f48/element - {"using":"xpath","value":"//*[@id=\"__tile52\"]"}
RESULT: {"using":"xpath","value":"//*[@id=\"__tile52\"]"}
COMMAND: POST /session/b01c6b88a420c7ddb55b2ed41e434f48/element/f.D12DEAB053DDC9F4B2D58A2F6F668B5F.d.95A1AF0A6E3CB2883C6818B25B592E32.e.2259/click - {}
RESULT: {}
COMMAND: GET /session/b01c6b88a420c7ddb55b2ed41e434f48/screenshot - {}
RESULT: {}
RESULT: undefined
COMMAND: POST /session/b01c6b88a420c7ddb55b2ed41e434f48/element - {"using":"xpath","value":"//*[@id=\"__tile52\"]"}
RESULT: {"using":"xpath","value":"//*[@id=\"__tile52\"]"}
COMMAND: POST /session/b01c6b88a420c7ddb55b2ed41e434f48/element/f.D12DEAB053DDC9F4B2D58A2F6F668B5F.d.95A1AF0A6E3CB2883C6818B25B592E32.e.2259/click - {}
RESULT: undefined
COMMAND: POST /session/b01c6b88a420c7ddb55b2ed41e434f48/element - {"using":"xpath","value":"//*[@id=\"__tile52\"]"}
RESULT: {"using":"xpath","value":"//*[@id=\"__tile52\"]"}
COMMAND: POST /session/b01c6b88a420c7ddb55b2ed41e434f48/element/f.D12DEAB053DDC9F4B2D58A2F6F668B5F.d.95A1AF0A6E3CB2883C6818B25B592E32.e.2259/click - {}
RESULT: undefined
COMMAND: POST /session/b01c6b88a420c7ddb55b2ed41e434f48/execute/async - {"script":"<script> [6424 bytes]","args":[{"element-6066-11e4-a52e-4f735466cecf":"f.D12DEAB053DDC9F4B2D58A2F6F668B5F.d.95A1AF0A6E3CB2883C6818B25B592E32.e.292"},"getTitle",[]]}
COMMAND: POST /session/b01c6b88a420c7ddb55b2ed41e434f48/execute/async - {"script":"<script> [1562 bytes]","args":[{"selector":{"id":"shellAppTitle"},"wdio_ui5_key":"shellAppTitle"}]}
RESULT: {"script":"<script> [1562 bytes]","args":[{"selector":{"id":"shellAppTitle"},"wdio_ui5_key":"shellAppTitle"}]}
COMMAND: POST /session/b01c6b88a420c7ddb55b2ed41e434f48/execute/async - {"script":"<script> [6424 bytes]","args":[{"element-6066-11e4-a52e-4f735466cecf":"f.D12DEAB053DDC9F4B2D58A2F6F668B5F.d.95A1AF0A6E3CB2883C6818B25B592E32.e.2329"},"getTitle",[]]}
RESULT: {"script":"<script> [6424 bytes]","args":[{"element-6066-11e4-a52e-4f735466cecf":"f.D12DEAB053DDC9F4B2D58A2F6F668B5F.d.95A1AF0A6E3CB2883C6818B25B592E32.e.2329"},"getTitle",[]]}
RESULT: undefined
COMMAND: POST /session/b01c6b88a420c7ddb55b2ed41e434f48/element/f.D12DEAB053DDC9F4B2D58A2F6F668B5F.d.95A1AF0A6E3CB2883C6818B25B592E32.e.2257/click - {}
RESULT: {}
COMMAND: GET /session/b01c6b88a420c7ddb55b2ed41e434f48/screenshot - {}
RESULT: {}
]]></system-out>
    </testcase>
    <testcase classname="chrome.135_0_7049_96.windows.Sanity_Tests_US104253" name="Should open Manage States Performance page" time="34.595">
      <system-out><![CDATA[
COMMAND: POST /session/b01c6b88a420c7ddb55b2ed41e434f48/execute/async - {"script":"<script> [1562 bytes]","args":[{"selector":{"controlType":"sap.m.GenericTile","properties":{"header":"Manage States & Performance"}},"wdio_ui5_key":"sapm.GenericTile{\"header\":\"Manage States & Performance\"}"}]}
RESULT: {"script":"<script> [1562 bytes]","args":[{"selector":{"controlType":"sap.m.GenericTile","properties":{"header":"Manage States & Performance"}},"wdio_ui5_key":"sapm.GenericTile{\"header\":\"Manage States & Performance\"}"}]}
RESULT: undefined
COMMAND: POST /session/b01c6b88a420c7ddb55b2ed41e434f48/element - {"using":"xpath","value":"//*[@id=\"__tile56\"]"}
RESULT: {"using":"xpath","value":"//*[@id=\"__tile56\"]"}
COMMAND: POST /session/b01c6b88a420c7ddb55b2ed41e434f48/element/f.D12DEAB053DDC9F4B2D58A2F6F668B5F.d.95A1AF0A6E3CB2883C6818B25B592E32.e.2333/click - {}
RESULT: {}
COMMAND: GET /session/b01c6b88a420c7ddb55b2ed41e434f48/screenshot - {}
RESULT: {}
RESULT: undefined
COMMAND: POST /session/b01c6b88a420c7ddb55b2ed41e434f48/element - {"using":"xpath","value":"//*[@id=\"__tile56\"]"}
RESULT: {"using":"xpath","value":"//*[@id=\"__tile56\"]"}
COMMAND: POST /session/b01c6b88a420c7ddb55b2ed41e434f48/element/f.D12DEAB053DDC9F4B2D58A2F6F668B5F.d.95A1AF0A6E3CB2883C6818B25B592E32.e.2333/click - {}
RESULT: undefined
COMMAND: POST /session/b01c6b88a420c7ddb55b2ed41e434f48/element - {"using":"xpath","value":"//*[@id=\"__tile56\"]"}
RESULT: {"using":"xpath","value":"//*[@id=\"__tile56\"]"}
COMMAND: POST /session/b01c6b88a420c7ddb55b2ed41e434f48/element/f.D12DEAB053DDC9F4B2D58A2F6F668B5F.d.95A1AF0A6E3CB2883C6818B25B592E32.e.2333/click - {}
RESULT: undefined
COMMAND: POST /session/b01c6b88a420c7ddb55b2ed41e434f48/execute/async - {"script":"<script> [6424 bytes]","args":[{"element-6066-11e4-a52e-4f735466cecf":"f.D12DEAB053DDC9F4B2D58A2F6F668B5F.d.95A1AF0A6E3CB2883C6818B25B592E32.e.292"},"getTitle",[]]}
COMMAND: POST /session/b01c6b88a420c7ddb55b2ed41e434f48/execute/async - {"script":"<script> [1562 bytes]","args":[{"selector":{"id":"shellAppTitle"},"wdio_ui5_key":"shellAppTitle"}]}
RESULT: {"script":"<script> [1562 bytes]","args":[{"selector":{"id":"shellAppTitle"},"wdio_ui5_key":"shellAppTitle"}]}
COMMAND: POST /session/b01c6b88a420c7ddb55b2ed41e434f48/execute/async - {"script":"<script> [6424 bytes]","args":[{"element-6066-11e4-a52e-4f735466cecf":"f.D12DEAB053DDC9F4B2D58A2F6F668B5F.d.95A1AF0A6E3CB2883C6818B25B592E32.e.2426"},"getTitle",[]]}
RESULT: {"script":"<script> [6424 bytes]","args":[{"element-6066-11e4-a52e-4f735466cecf":"f.D12DEAB053DDC9F4B2D58A2F6F668B5F.d.95A1AF0A6E3CB2883C6818B25B592E32.e.2426"},"getTitle",[]]}
RESULT: undefined
COMMAND: POST /session/b01c6b88a420c7ddb55b2ed41e434f48/element/f.D12DEAB053DDC9F4B2D58A2F6F668B5F.d.95A1AF0A6E3CB2883C6818B25B592E32.e.2257/click - {}
COMMAND: POST /session/b01c6b88a420c7ddb55b2ed41e434f48/element - {"using":"xpath","value":"//*[@id=\"backBtn\"]"}
RESULT: {"using":"xpath","value":"//*[@id=\"backBtn\"]"}
COMMAND: POST /session/b01c6b88a420c7ddb55b2ed41e434f48/element/f.D12DEAB053DDC9F4B2D58A2F6F668B5F.d.95A1AF0A6E3CB2883C6818B25B592E32.e.2257/click - {}
COMMAND: POST /session/b01c6b88a420c7ddb55b2ed41e434f48/element - {"using":"xpath","value":"//*[@id=\"backBtn\"]"}
RESULT: {"using":"xpath","value":"//*[@id=\"backBtn\"]"}
COMMAND: POST /session/b01c6b88a420c7ddb55b2ed41e434f48/element/f.D12DEAB053DDC9F4B2D58A2F6F668B5F.d.95A1AF0A6E3CB2883C6818B25B592E32.e.2427/click - {}
RESULT: {}
COMMAND: GET /session/b01c6b88a420c7ddb55b2ed41e434f48/screenshot - {}
RESULT: {}
]]></system-out>
    </testcase>
    <testcase classname="chrome.135_0_7049_96.windows.Sanity_Tests_US104253" name="Should open Manage Billings page" time="38.526">
      <system-out><![CDATA[
COMMAND: POST /session/b01c6b88a420c7ddb55b2ed41e434f48/execute/async - {"script":"<script> [1562 bytes]","args":[{"selector":{"controlType":"sap.m.GenericTile","properties":{"header":"Manage Billings"}},"wdio_ui5_key":"sapm.GenericTile{\"header\":\"Manage Billings\"}"}]}
RESULT: {"script":"<script> [1562 bytes]","args":[{"selector":{"controlType":"sap.m.GenericTile","properties":{"header":"Manage Billings"}},"wdio_ui5_key":"sapm.GenericTile{\"header\":\"Manage Billings\"}"}]}
RESULT: undefined
COMMAND: POST /session/b01c6b88a420c7ddb55b2ed41e434f48/element - {"using":"xpath","value":"//*[@id=\"__tile51\"]"}
RESULT: {"using":"xpath","value":"//*[@id=\"__tile51\"]"}
COMMAND: POST /session/b01c6b88a420c7ddb55b2ed41e434f48/element/f.D12DEAB053DDC9F4B2D58A2F6F668B5F.d.95A1AF0A6E3CB2883C6818B25B592E32.e.2429/click - {}
RESULT: {}
COMMAND: GET /session/b01c6b88a420c7ddb55b2ed41e434f48/screenshot - {}
RESULT: {}
RESULT: undefined
COMMAND: POST /session/b01c6b88a420c7ddb55b2ed41e434f48/element - {"using":"xpath","value":"//*[@id=\"__tile51\"]"}
RESULT: {"using":"xpath","value":"//*[@id=\"__tile51\"]"}
COMMAND: POST /session/b01c6b88a420c7ddb55b2ed41e434f48/element/f.D12DEAB053DDC9F4B2D58A2F6F668B5F.d.95A1AF0A6E3CB2883C6818B25B592E32.e.2429/click - {}
RESULT: undefined
COMMAND: POST /session/b01c6b88a420c7ddb55b2ed41e434f48/element - {"using":"xpath","value":"//*[@id=\"__tile51\"]"}
RESULT: {"using":"xpath","value":"//*[@id=\"__tile51\"]"}
COMMAND: POST /session/b01c6b88a420c7ddb55b2ed41e434f48/element/f.D12DEAB053DDC9F4B2D58A2F6F668B5F.d.95A1AF0A6E3CB2883C6818B25B592E32.e.2429/click - {}
RESULT: undefined
COMMAND: POST /session/b01c6b88a420c7ddb55b2ed41e434f48/execute/async - {"script":"<script> [6424 bytes]","args":[{"element-6066-11e4-a52e-4f735466cecf":"f.D12DEAB053DDC9F4B2D58A2F6F668B5F.d.95A1AF0A6E3CB2883C6818B25B592E32.e.292"},"getTitle",[]]}
COMMAND: POST /session/b01c6b88a420c7ddb55b2ed41e434f48/execute/async - {"script":"<script> [1562 bytes]","args":[{"selector":{"id":"shellAppTitle"},"wdio_ui5_key":"shellAppTitle"}]}
RESULT: {"script":"<script> [1562 bytes]","args":[{"selector":{"id":"shellAppTitle"},"wdio_ui5_key":"shellAppTitle"}]}
COMMAND: POST /session/b01c6b88a420c7ddb55b2ed41e434f48/execute/async - {"script":"<script> [6424 bytes]","args":[{"element-6066-11e4-a52e-4f735466cecf":"f.D12DEAB053DDC9F4B2D58A2F6F668B5F.d.95A1AF0A6E3CB2883C6818B25B592E32.e.2661"},"getTitle",[]]}
RESULT: {"script":"<script> [6424 bytes]","args":[{"element-6066-11e4-a52e-4f735466cecf":"f.D12DEAB053DDC9F4B2D58A2F6F668B5F.d.95A1AF0A6E3CB2883C6818B25B592E32.e.2661"},"getTitle",[]]}
RESULT: undefined
COMMAND: POST /session/b01c6b88a420c7ddb55b2ed41e434f48/element/f.D12DEAB053DDC9F4B2D58A2F6F668B5F.d.95A1AF0A6E3CB2883C6818B25B592E32.e.2427/click - {}
COMMAND: POST /session/b01c6b88a420c7ddb55b2ed41e434f48/element/f.D12DEAB053DDC9F4B2D58A2F6F668B5F.d.95A1AF0A6E3CB2883C6818B25B592E32.e.2427/click - {}
RESULT: {}
COMMAND: GET /session/b01c6b88a420c7ddb55b2ed41e434f48/screenshot - {}
COMMAND: POST /session/b01c6b88a420c7ddb55b2ed41e434f48/element - {"using":"xpath","value":"//*[@id=\"backBtn\"]"}
RESULT: {}
RESULT: {"using":"xpath","value":"//*[@id=\"backBtn\"]"}
COMMAND: POST /session/b01c6b88a420c7ddb55b2ed41e434f48/elements - {"using":"xpath","value":"//*[@id=\"backBtn\"]"}
RESULT: {"using":"xpath","value":"//*[@id=\"backBtn\"]"}
COMMAND: POST /session/b01c6b88a420c7ddb55b2ed41e434f48/elements - {"using":"xpath","value":"//*[@id=\"backBtn\"]"}
RESULT: {"using":"xpath","value":"//*[@id=\"backBtn\"]"}
COMMAND: POST /session/b01c6b88a420c7ddb55b2ed41e434f48/elements - {"using":"xpath","value":"//*[@id=\"backBtn\"]"}
RESULT: {"using":"xpath","value":"//*[@id=\"backBtn\"]"}
COMMAND: POST /session/b01c6b88a420c7ddb55b2ed41e434f48/elements - {"using":"xpath","value":"//*[@id=\"backBtn\"]"}
RESULT: {"using":"xpath","value":"//*[@id=\"backBtn\"]"}
COMMAND: POST /session/b01c6b88a420c7ddb55b2ed41e434f48/elements - {"using":"xpath","value":"//*[@id=\"backBtn\"]"}
RESULT: {"using":"xpath","value":"//*[@id=\"backBtn\"]"}
COMMAND: POST /session/b01c6b88a420c7ddb55b2ed41e434f48/elements - {"using":"xpath","value":"//*[@id=\"backBtn\"]"}
RESULT: {"using":"xpath","value":"//*[@id=\"backBtn\"]"}
COMMAND: POST /session/b01c6b88a420c7ddb55b2ed41e434f48/elements - {"using":"xpath","value":"//*[@id=\"backBtn\"]"}
RESULT: {"using":"xpath","value":"//*[@id=\"backBtn\"]"}
COMMAND: POST /session/b01c6b88a420c7ddb55b2ed41e434f48/elements - {"using":"xpath","value":"//*[@id=\"backBtn\"]"}
RESULT: {"using":"xpath","value":"//*[@id=\"backBtn\"]"}
COMMAND: POST /session/b01c6b88a420c7ddb55b2ed41e434f48/elements - {"using":"xpath","value":"//*[@id=\"backBtn\"]"}
RESULT: {"using":"xpath","value":"//*[@id=\"backBtn\"]"}
COMMAND: POST /session/b01c6b88a420c7ddb55b2ed41e434f48/elements - {"using":"xpath","value":"//*[@id=\"backBtn\"]"}
RESULT: {"using":"xpath","value":"//*[@id=\"backBtn\"]"}
COMMAND: POST /session/b01c6b88a420c7ddb55b2ed41e434f48/elements - {"using":"xpath","value":"//*[@id=\"backBtn\"]"}
RESULT: {"using":"xpath","value":"//*[@id=\"backBtn\"]"}
COMMAND: POST /session/b01c6b88a420c7ddb55b2ed41e434f48/elements - {"using":"xpath","value":"//*[@id=\"backBtn\"]"}
RESULT: {"using":"xpath","value":"//*[@id=\"backBtn\"]"}
COMMAND: POST /session/b01c6b88a420c7ddb55b2ed41e434f48/elements - {"using":"xpath","value":"//*[@id=\"backBtn\"]"}
RESULT: {"using":"xpath","value":"//*[@id=\"backBtn\"]"}
COMMAND: POST /session/b01c6b88a420c7ddb55b2ed41e434f48/elements - {"using":"xpath","value":"//*[@id=\"backBtn\"]"}
RESULT: {"using":"xpath","value":"//*[@id=\"backBtn\"]"}
COMMAND: POST /session/b01c6b88a420c7ddb55b2ed41e434f48/elements - {"using":"xpath","value":"//*[@id=\"backBtn\"]"}
RESULT: {"using":"xpath","value":"//*[@id=\"backBtn\"]"}
COMMAND: POST /session/b01c6b88a420c7ddb55b2ed41e434f48/elements - {"using":"xpath","value":"//*[@id=\"backBtn\"]"}
RESULT: {"using":"xpath","value":"//*[@id=\"backBtn\"]"}
COMMAND: POST /session/b01c6b88a420c7ddb55b2ed41e434f48/elements - {"using":"xpath","value":"//*[@id=\"backBtn\"]"}
]]></system-out>
    </testcase>
    <testcase classname="chrome.135_0_7049_96.windows.Sanity_Tests_US104253" name="Should open Manage Conditions Prices page" time="47.991">
      <system-out><![CDATA[
COMMAND: POST /session/b01c6b88a420c7ddb55b2ed41e434f48/execute/async - {"script":"<script> [1562 bytes]","args":[{"selector":{"controlType":"sap.m.GenericTile","properties":{"header":"Manage Conditions & Prices"}},"wdio_ui5_key":"sapm.GenericTile{\"header\":\"Manage Conditions & Prices\"}"}]}
RESULT: {"using":"xpath","value":"//*[@id=\"backBtn\"]"}
RESULT: {"script":"<script> [1562 bytes]","args":[{"selector":{"controlType":"sap.m.GenericTile","properties":{"header":"Manage Conditions & Prices"}},"wdio_ui5_key":"sapm.GenericTile{\"header\":\"Manage Conditions & Prices\"}"}]}
RESULT: undefined
COMMAND: POST /session/b01c6b88a420c7ddb55b2ed41e434f48/element - {"using":"xpath","value":"//*[@id=\"__tile53\"]"}
COMMAND: POST /session/b01c6b88a420c7ddb55b2ed41e434f48/elements - {"using":"xpath","value":"//*[@id=\"backBtn\"]"}
RESULT: {"using":"xpath","value":"//*[@id=\"__tile53\"]"}
COMMAND: POST /session/b01c6b88a420c7ddb55b2ed41e434f48/element/f.D12DEAB053DDC9F4B2D58A2F6F668B5F.d.95A1AF0A6E3CB2883C6818B25B592E32.e.2665/click - {}
RESULT: {"using":"xpath","value":"//*[@id=\"backBtn\"]"}
RESULT: {}
COMMAND: GET /session/b01c6b88a420c7ddb55b2ed41e434f48/screenshot - {}
RESULT: {}
COMMAND: POST /session/b01c6b88a420c7ddb55b2ed41e434f48/elements - {"using":"xpath","value":"//*[@id=\"backBtn\"]"}
RESULT: {"using":"xpath","value":"//*[@id=\"backBtn\"]"}
COMMAND: POST /session/b01c6b88a420c7ddb55b2ed41e434f48/elements - {"using":"xpath","value":"//*[@id=\"backBtn\"]"}
RESULT: {"using":"xpath","value":"//*[@id=\"backBtn\"]"}
COMMAND: POST /session/b01c6b88a420c7ddb55b2ed41e434f48/elements - {"using":"xpath","value":"//*[@id=\"backBtn\"]"}
RESULT: undefined
COMMAND: POST /session/b01c6b88a420c7ddb55b2ed41e434f48/element - {"using":"xpath","value":"//*[@id=\"__tile53\"]"}
RESULT: {"using":"xpath","value":"//*[@id=\"backBtn\"]"}
COMMAND: POST /session/b01c6b88a420c7ddb55b2ed41e434f48/element - {"using":"xpath","value":"//*[@id=\"backBtn\"]"}
RESULT: {"using":"xpath","value":"//*[@id=\"__tile53\"]"}
COMMAND: POST /session/b01c6b88a420c7ddb55b2ed41e434f48/element/f.D12DEAB053DDC9F4B2D58A2F6F668B5F.d.95A1AF0A6E3CB2883C6818B25B592E32.e.2665/click - {}
RESULT: {"using":"xpath","value":"//*[@id=\"backBtn\"]"}
COMMAND: POST /session/b01c6b88a420c7ddb55b2ed41e434f48/element/f.D12DEAB053DDC9F4B2D58A2F6F668B5F.d.95A1AF0A6E3CB2883C6818B25B592E32.e.2427/click - {}
COMMAND: POST /session/b01c6b88a420c7ddb55b2ed41e434f48/element - {"using":"xpath","value":"//*[@id=\"backBtn\"]"}
RESULT: {"using":"xpath","value":"//*[@id=\"backBtn\"]"}
COMMAND: POST /session/b01c6b88a420c7ddb55b2ed41e434f48/element/f.D12DEAB053DDC9F4B2D58A2F6F668B5F.d.95A1AF0A6E3CB2883C6818B25B592E32.e.2837/click - {}
RESULT: {}
COMMAND: GET /session/b01c6b88a420c7ddb55b2ed41e434f48/screenshot - {}
RESULT: {}
RESULT: undefined
COMMAND: POST /session/b01c6b88a420c7ddb55b2ed41e434f48/element - {"using":"xpath","value":"//*[@id=\"__tile53\"]"}
COMMAND: GET /session/b01c6b88a420c7ddb55b2ed41e434f48/screenshot - {}
RESULT: {}
RESULT: {"using":"xpath","value":"//*[@id=\"__tile53\"]"}
COMMAND: POST /session/b01c6b88a420c7ddb55b2ed41e434f48/element/f.D12DEAB053DDC9F4B2D58A2F6F668B5F.d.95A1AF0A6E3CB2883C6818B25B592E32.e.2665/click - {}
RESULT: {}
RESULT: undefined
COMMAND: POST /session/b01c6b88a420c7ddb55b2ed41e434f48/execute/async - {"script":"<script> [6424 bytes]","args":[{"element-6066-11e4-a52e-4f735466cecf":"f.D12DEAB053DDC9F4B2D58A2F6F668B5F.d.95A1AF0A6E3CB2883C6818B25B592E32.e.292"},"getTitle",[]]}
COMMAND: POST /session/b01c6b88a420c7ddb55b2ed41e434f48/execute/async - {"script":"<script> [1562 bytes]","args":[{"selector":{"id":"shellAppTitle"},"wdio_ui5_key":"shellAppTitle"}]}
RESULT: {"script":"<script> [1562 bytes]","args":[{"selector":{"id":"shellAppTitle"},"wdio_ui5_key":"shellAppTitle"}]}
COMMAND: POST /session/b01c6b88a420c7ddb55b2ed41e434f48/execute/async - {"script":"<script> [6424 bytes]","args":[{"element-6066-11e4-a52e-4f735466cecf":"f.D12DEAB053DDC9F4B2D58A2F6F668B5F.d.95A1AF0A6E3CB2883C6818B25B592E32.e.3021"},"getTitle",[]]}
RESULT: {"script":"<script> [6424 bytes]","args":[{"element-6066-11e4-a52e-4f735466cecf":"f.D12DEAB053DDC9F4B2D58A2F6F668B5F.d.95A1AF0A6E3CB2883C6818B25B592E32.e.3021"},"getTitle",[]]}
RESULT: undefined
COMMAND: POST /session/b01c6b88a420c7ddb55b2ed41e434f48/element/f.D12DEAB053DDC9F4B2D58A2F6F668B5F.d.95A1AF0A6E3CB2883C6818B25B592E32.e.2837/click - {}
RESULT: {}
COMMAND: GET /session/b01c6b88a420c7ddb55b2ed41e434f48/screenshot - {}
RESULT: {}
]]></system-out>
    </testcase>
    <testcase classname="chrome.135_0_7049_96.windows.Sanity_Tests_US104253" name="Should open Billing Transfer page" time="34.345">
      <system-out><![CDATA[
COMMAND: POST /session/b01c6b88a420c7ddb55b2ed41e434f48/execute/async - {"script":"<script> [1562 bytes]","args":[{"selector":{"controlType":"sap.m.GenericTile","properties":{"header":"Billing Transfer"}},"wdio_ui5_key":"sapm.GenericTile{\"header\":\"Billing Transfer\"}"}]}
RESULT: {"script":"<script> [1562 bytes]","args":[{"selector":{"controlType":"sap.m.GenericTile","properties":{"header":"Billing Transfer"}},"wdio_ui5_key":"sapm.GenericTile{\"header\":\"Billing Transfer\"}"}]}
RESULT: undefined
COMMAND: POST /session/b01c6b88a420c7ddb55b2ed41e434f48/element - {"using":"xpath","value":"//*[@id=\"__tile50\"]"}
RESULT: {"using":"xpath","value":"//*[@id=\"__tile50\"]"}
COMMAND: POST /session/b01c6b88a420c7ddb55b2ed41e434f48/element/f.D12DEAB053DDC9F4B2D58A2F6F668B5F.d.95A1AF0A6E3CB2883C6818B25B592E32.e.3023/click - {}
RESULT: {}
COMMAND: GET /session/b01c6b88a420c7ddb55b2ed41e434f48/screenshot - {}
RESULT: {}
RESULT: undefined
COMMAND: POST /session/b01c6b88a420c7ddb55b2ed41e434f48/element - {"using":"xpath","value":"//*[@id=\"__tile50\"]"}
RESULT: {"using":"xpath","value":"//*[@id=\"__tile50\"]"}
COMMAND: POST /session/b01c6b88a420c7ddb55b2ed41e434f48/element/f.D12DEAB053DDC9F4B2D58A2F6F668B5F.d.95A1AF0A6E3CB2883C6818B25B592E32.e.3023/click - {}
RESULT: undefined
COMMAND: POST /session/b01c6b88a420c7ddb55b2ed41e434f48/element - {"using":"xpath","value":"//*[@id=\"__tile50\"]"}
RESULT: {"using":"xpath","value":"//*[@id=\"__tile50\"]"}
COMMAND: POST /session/b01c6b88a420c7ddb55b2ed41e434f48/element/f.D12DEAB053DDC9F4B2D58A2F6F668B5F.d.95A1AF0A6E3CB2883C6818B25B592E32.e.3023/click - {}
RESULT: undefined
COMMAND: POST /session/b01c6b88a420c7ddb55b2ed41e434f48/execute/async - {"script":"<script> [6424 bytes]","args":[{"element-6066-11e4-a52e-4f735466cecf":"f.D12DEAB053DDC9F4B2D58A2F6F668B5F.d.95A1AF0A6E3CB2883C6818B25B592E32.e.292"},"getTitle",[]]}
COMMAND: POST /session/b01c6b88a420c7ddb55b2ed41e434f48/execute/async - {"script":"<script> [1562 bytes]","args":[{"selector":{"id":"shellAppTitle"},"wdio_ui5_key":"shellAppTitle"}]}
RESULT: {"script":"<script> [1562 bytes]","args":[{"selector":{"id":"shellAppTitle"},"wdio_ui5_key":"shellAppTitle"}]}
COMMAND: POST /session/b01c6b88a420c7ddb55b2ed41e434f48/execute/async - {"script":"<script> [6424 bytes]","args":[{"element-6066-11e4-a52e-4f735466cecf":"f.D12DEAB053DDC9F4B2D58A2F6F668B5F.d.95A1AF0A6E3CB2883C6818B25B592E32.e.3175"},"getTitle",[]]}
RESULT: {"script":"<script> [6424 bytes]","args":[{"element-6066-11e4-a52e-4f735466cecf":"f.D12DEAB053DDC9F4B2D58A2F6F668B5F.d.95A1AF0A6E3CB2883C6818B25B592E32.e.3175"},"getTitle",[]]}
RESULT: undefined
COMMAND: POST /session/b01c6b88a420c7ddb55b2ed41e434f48/element/f.D12DEAB053DDC9F4B2D58A2F6F668B5F.d.95A1AF0A6E3CB2883C6818B25B592E32.e.2837/click - {}
COMMAND: POST /session/b01c6b88a420c7ddb55b2ed41e434f48/element - {"using":"xpath","value":"//*[@id=\"backBtn\"]"}
RESULT: {"using":"xpath","value":"//*[@id=\"backBtn\"]"}
COMMAND: POST /session/b01c6b88a420c7ddb55b2ed41e434f48/element/f.D12DEAB053DDC9F4B2D58A2F6F668B5F.d.95A1AF0A6E3CB2883C6818B25B592E32.e.2837/click - {}
COMMAND: POST /session/b01c6b88a420c7ddb55b2ed41e434f48/element - {"using":"xpath","value":"//*[@id=\"backBtn\"]"}
RESULT: {"using":"xpath","value":"//*[@id=\"backBtn\"]"}
COMMAND: POST /session/b01c6b88a420c7ddb55b2ed41e434f48/element/f.D12DEAB053DDC9F4B2D58A2F6F668B5F.d.95A1AF0A6E3CB2883C6818B25B592E32.e.3176/click - {}
RESULT: {}
COMMAND: GET /session/b01c6b88a420c7ddb55b2ed41e434f48/screenshot - {}
RESULT: {}
]]></system-out>
    </testcase>
    <testcase classname="chrome.135_0_7049_96.windows.Sanity_Tests_US104253" name="Should open Manage Pricing Rules page" time="33.58">
      <system-out><![CDATA[
COMMAND: POST /session/b01c6b88a420c7ddb55b2ed41e434f48/execute/async - {"script":"<script> [1562 bytes]","args":[{"selector":{"controlType":"sap.m.GenericTile","properties":{"header":"Manage Pricing Rules"}},"wdio_ui5_key":"sapm.GenericTile{\"header\":\"Manage Pricing Rules\"}"}]}
RESULT: {"script":"<script> [1562 bytes]","args":[{"selector":{"controlType":"sap.m.GenericTile","properties":{"header":"Manage Pricing Rules"}},"wdio_ui5_key":"sapm.GenericTile{\"header\":\"Manage Pricing Rules\"}"}]}
RESULT: undefined
COMMAND: POST /session/b01c6b88a420c7ddb55b2ed41e434f48/element - {"using":"xpath","value":"//*[@id=\"__tile55\"]"}
RESULT: {"using":"xpath","value":"//*[@id=\"__tile55\"]"}
COMMAND: POST /session/b01c6b88a420c7ddb55b2ed41e434f48/element/f.D12DEAB053DDC9F4B2D58A2F6F668B5F.d.95A1AF0A6E3CB2883C6818B25B592E32.e.3178/click - {}
RESULT: {}
COMMAND: GET /session/b01c6b88a420c7ddb55b2ed41e434f48/screenshot - {}
RESULT: {}
RESULT: undefined
COMMAND: POST /session/b01c6b88a420c7ddb55b2ed41e434f48/element - {"using":"xpath","value":"//*[@id=\"__tile55\"]"}
RESULT: {"using":"xpath","value":"//*[@id=\"__tile55\"]"}
COMMAND: POST /session/b01c6b88a420c7ddb55b2ed41e434f48/element/f.D12DEAB053DDC9F4B2D58A2F6F668B5F.d.95A1AF0A6E3CB2883C6818B25B592E32.e.3178/click - {}
RESULT: undefined
COMMAND: POST /session/b01c6b88a420c7ddb55b2ed41e434f48/element - {"using":"xpath","value":"//*[@id=\"__tile55\"]"}
RESULT: {"using":"xpath","value":"//*[@id=\"__tile55\"]"}
COMMAND: POST /session/b01c6b88a420c7ddb55b2ed41e434f48/element/f.D12DEAB053DDC9F4B2D58A2F6F668B5F.d.95A1AF0A6E3CB2883C6818B25B592E32.e.3178/click - {}
RESULT: undefined
COMMAND: POST /session/b01c6b88a420c7ddb55b2ed41e434f48/execute/async - {"script":"<script> [6424 bytes]","args":[{"element-6066-11e4-a52e-4f735466cecf":"f.D12DEAB053DDC9F4B2D58A2F6F668B5F.d.95A1AF0A6E3CB2883C6818B25B592E32.e.292"},"getTitle",[]]}
COMMAND: POST /session/b01c6b88a420c7ddb55b2ed41e434f48/execute/async - {"script":"<script> [1562 bytes]","args":[{"selector":{"id":"shellAppTitle"},"wdio_ui5_key":"shellAppTitle"}]}
RESULT: {"script":"<script> [1562 bytes]","args":[{"selector":{"id":"shellAppTitle"},"wdio_ui5_key":"shellAppTitle"}]}
COMMAND: POST /session/b01c6b88a420c7ddb55b2ed41e434f48/execute/async - {"script":"<script> [6424 bytes]","args":[{"element-6066-11e4-a52e-4f735466cecf":"f.D12DEAB053DDC9F4B2D58A2F6F668B5F.d.95A1AF0A6E3CB2883C6818B25B592E32.e.3227"},"getTitle",[]]}
RESULT: {"script":"<script> [6424 bytes]","args":[{"element-6066-11e4-a52e-4f735466cecf":"f.D12DEAB053DDC9F4B2D58A2F6F668B5F.d.95A1AF0A6E3CB2883C6818B25B592E32.e.3227"},"getTitle",[]]}
RESULT: undefined
COMMAND: POST /session/b01c6b88a420c7ddb55b2ed41e434f48/element/f.D12DEAB053DDC9F4B2D58A2F6F668B5F.d.95A1AF0A6E3CB2883C6818B25B592E32.e.3176/click - {}
RESULT: {}
COMMAND: GET /session/b01c6b88a420c7ddb55b2ed41e434f48/screenshot - {}
RESULT: {}
]]></system-out>
    </testcase>
    <testcase classname="chrome.135_0_7049_96.windows.Sanity_Tests_US104253" name="Should open Manage Price Determination Matrices page" time="33.915">
      <system-out><![CDATA[
COMMAND: POST /session/b01c6b88a420c7ddb55b2ed41e434f48/execute/async - {"script":"<script> [1562 bytes]","args":[{"selector":{"controlType":"sap.m.GenericTile","properties":{"header":"Manage Price Determination Matrices"}},"wdio_ui5_key":"sapm.GenericTile{\"header\":\"Manage Price Determination Matrices\"}"}]}
RESULT: {"script":"<script> [1562 bytes]","args":[{"selector":{"controlType":"sap.m.GenericTile","properties":{"header":"Manage Price Determination Matrices"}},"wdio_ui5_key":"sapm.GenericTile{\"header\":\"Manage Price Determination Matrices\"}"}]}
RESULT: undefined
COMMAND: POST /session/b01c6b88a420c7ddb55b2ed41e434f48/element - {"using":"xpath","value":"//*[@id=\"__tile54\"]"}
RESULT: {"using":"xpath","value":"//*[@id=\"__tile54\"]"}
COMMAND: POST /session/b01c6b88a420c7ddb55b2ed41e434f48/element/f.D12DEAB053DDC9F4B2D58A2F6F668B5F.d.95A1AF0A6E3CB2883C6818B25B592E32.e.3229/click - {}
RESULT: {}
COMMAND: GET /session/b01c6b88a420c7ddb55b2ed41e434f48/screenshot - {}
RESULT: {}
RESULT: undefined
COMMAND: POST /session/b01c6b88a420c7ddb55b2ed41e434f48/element - {"using":"xpath","value":"//*[@id=\"__tile54\"]"}
RESULT: {"using":"xpath","value":"//*[@id=\"__tile54\"]"}
COMMAND: POST /session/b01c6b88a420c7ddb55b2ed41e434f48/element/f.D12DEAB053DDC9F4B2D58A2F6F668B5F.d.95A1AF0A6E3CB2883C6818B25B592E32.e.3229/click - {}
RESULT: undefined
COMMAND: POST /session/b01c6b88a420c7ddb55b2ed41e434f48/element - {"using":"xpath","value":"//*[@id=\"__tile54\"]"}
RESULT: {"using":"xpath","value":"//*[@id=\"__tile54\"]"}
COMMAND: POST /session/b01c6b88a420c7ddb55b2ed41e434f48/element/f.D12DEAB053DDC9F4B2D58A2F6F668B5F.d.95A1AF0A6E3CB2883C6818B25B592E32.e.3229/click - {}
RESULT: undefined
COMMAND: POST /session/b01c6b88a420c7ddb55b2ed41e434f48/execute/async - {"script":"<script> [6424 bytes]","args":[{"element-6066-11e4-a52e-4f735466cecf":"f.D12DEAB053DDC9F4B2D58A2F6F668B5F.d.95A1AF0A6E3CB2883C6818B25B592E32.e.292"},"getTitle",[]]}
COMMAND: POST /session/b01c6b88a420c7ddb55b2ed41e434f48/execute/async - {"script":"<script> [1562 bytes]","args":[{"selector":{"id":"shellAppTitle"},"wdio_ui5_key":"shellAppTitle"}]}
RESULT: {"script":"<script> [1562 bytes]","args":[{"selector":{"id":"shellAppTitle"},"wdio_ui5_key":"shellAppTitle"}]}
COMMAND: POST /session/b01c6b88a420c7ddb55b2ed41e434f48/execute/async - {"script":"<script> [6424 bytes]","args":[{"element-6066-11e4-a52e-4f735466cecf":"f.D12DEAB053DDC9F4B2D58A2F6F668B5F.d.95A1AF0A6E3CB2883C6818B25B592E32.e.3313"},"getTitle",[]]}
RESULT: {"script":"<script> [6424 bytes]","args":[{"element-6066-11e4-a52e-4f735466cecf":"f.D12DEAB053DDC9F4B2D58A2F6F668B5F.d.95A1AF0A6E3CB2883C6818B25B592E32.e.3313"},"getTitle",[]]}
RESULT: undefined
COMMAND: POST /session/b01c6b88a420c7ddb55b2ed41e434f48/element/f.D12DEAB053DDC9F4B2D58A2F6F668B5F.d.95A1AF0A6E3CB2883C6818B25B592E32.e.3176/click - {}
COMMAND: POST /session/b01c6b88a420c7ddb55b2ed41e434f48/element - {"using":"xpath","value":"//*[@id=\"backBtn\"]"}
RESULT: {"using":"xpath","value":"//*[@id=\"backBtn\"]"}
COMMAND: POST /session/b01c6b88a420c7ddb55b2ed41e434f48/element/f.D12DEAB053DDC9F4B2D58A2F6F668B5F.d.95A1AF0A6E3CB2883C6818B25B592E32.e.3176/click - {}
COMMAND: POST /session/b01c6b88a420c7ddb55b2ed41e434f48/element - {"using":"xpath","value":"//*[@id=\"backBtn\"]"}
RESULT: {"using":"xpath","value":"//*[@id=\"backBtn\"]"}
COMMAND: POST /session/b01c6b88a420c7ddb55b2ed41e434f48/element/f.D12DEAB053DDC9F4B2D58A2F6F668B5F.d.95A1AF0A6E3CB2883C6818B25B592E32.e.3314/click - {}
RESULT: {}
COMMAND: GET /session/b01c6b88a420c7ddb55b2ed41e434f48/screenshot - {}
RESULT: {}
]]></system-out>
    </testcase>
    <testcase classname="chrome.135_0_7049_96.windows.Sanity_Tests_US104253" name="Should open Yard Overview page" time="35.746">
      <system-out><![CDATA[
COMMAND: POST /session/b01c6b88a420c7ddb55b2ed41e434f48/execute/async - {"script":"<script> [1562 bytes]","args":[{"selector":{"controlType":"sap.m.GenericTile","properties":{"header":"Yard Overview"}},"wdio_ui5_key":"sapm.GenericTile{\"header\":\"Yard Overview\"}"}]}
RESULT: {"script":"<script> [1562 bytes]","args":[{"selector":{"controlType":"sap.m.GenericTile","properties":{"header":"Yard Overview"}},"wdio_ui5_key":"sapm.GenericTile{\"header\":\"Yard Overview\"}"}]}
RESULT: undefined
COMMAND: POST /session/b01c6b88a420c7ddb55b2ed41e434f48/element - {"using":"xpath","value":"//*[@id=\"__tile102\"]"}
RESULT: {"using":"xpath","value":"//*[@id=\"__tile102\"]"}
COMMAND: POST /session/b01c6b88a420c7ddb55b2ed41e434f48/element/f.D12DEAB053DDC9F4B2D58A2F6F668B5F.d.95A1AF0A6E3CB2883C6818B25B592E32.e.3316/click - {}
RESULT: {}
COMMAND: GET /session/b01c6b88a420c7ddb55b2ed41e434f48/screenshot - {}
RESULT: {}
RESULT: undefined
COMMAND: POST /session/b01c6b88a420c7ddb55b2ed41e434f48/element - {"using":"xpath","value":"//*[@id=\"__tile102\"]"}
RESULT: {"using":"xpath","value":"//*[@id=\"__tile102\"]"}
COMMAND: POST /session/b01c6b88a420c7ddb55b2ed41e434f48/element/f.D12DEAB053DDC9F4B2D58A2F6F668B5F.d.95A1AF0A6E3CB2883C6818B25B592E32.e.3316/click - {}
RESULT: undefined
COMMAND: POST /session/b01c6b88a420c7ddb55b2ed41e434f48/element - {"using":"xpath","value":"//*[@id=\"__tile102\"]"}
RESULT: {"using":"xpath","value":"//*[@id=\"__tile102\"]"}
COMMAND: POST /session/b01c6b88a420c7ddb55b2ed41e434f48/element/f.D12DEAB053DDC9F4B2D58A2F6F668B5F.d.95A1AF0A6E3CB2883C6818B25B592E32.e.3316/click - {}
RESULT: undefined
COMMAND: POST /session/b01c6b88a420c7ddb55b2ed41e434f48/execute/async - {"script":"<script> [6424 bytes]","args":[{"element-6066-11e4-a52e-4f735466cecf":"f.D12DEAB053DDC9F4B2D58A2F6F668B5F.d.95A1AF0A6E3CB2883C6818B25B592E32.e.292"},"getTitle",[]]}
COMMAND: POST /session/b01c6b88a420c7ddb55b2ed41e434f48/execute/async - {"script":"<script> [1562 bytes]","args":[{"selector":{"id":"shellAppTitle"},"wdio_ui5_key":"shellAppTitle"}]}
RESULT: {"script":"<script> [1562 bytes]","args":[{"selector":{"id":"shellAppTitle"},"wdio_ui5_key":"shellAppTitle"}]}
COMMAND: POST /session/b01c6b88a420c7ddb55b2ed41e434f48/execute/async - {"script":"<script> [6424 bytes]","args":[{"element-6066-11e4-a52e-4f735466cecf":"f.D12DEAB053DDC9F4B2D58A2F6F668B5F.d.95A1AF0A6E3CB2883C6818B25B592E32.e.3376"},"getTitle",[]]}
RESULT: {"script":"<script> [6424 bytes]","args":[{"element-6066-11e4-a52e-4f735466cecf":"f.D12DEAB053DDC9F4B2D58A2F6F668B5F.d.95A1AF0A6E3CB2883C6818B25B592E32.e.3376"},"getTitle",[]]}
RESULT: undefined
COMMAND: POST /session/b01c6b88a420c7ddb55b2ed41e434f48/element/f.D12DEAB053DDC9F4B2D58A2F6F668B5F.d.95A1AF0A6E3CB2883C6818B25B592E32.e.3314/click - {}
RESULT: {}
COMMAND: GET /session/b01c6b88a420c7ddb55b2ed41e434f48/screenshot - {}
RESULT: {}
]]></system-out>
    </testcase>
    <testcase classname="chrome.135_0_7049_96.windows.Sanity_Tests_US104253" name="Should open Site Overview page" time="36.668">
      <system-out><![CDATA[
COMMAND: POST /session/b01c6b88a420c7ddb55b2ed41e434f48/execute/async - {"script":"<script> [1562 bytes]","args":[{"selector":{"controlType":"sap.m.GenericTile","properties":{"header":"Site Overview"}},"wdio_ui5_key":"sapm.GenericTile{\"header\":\"Site Overview\"}"}]}
RESULT: {"script":"<script> [1562 bytes]","args":[{"selector":{"controlType":"sap.m.GenericTile","properties":{"header":"Site Overview"}},"wdio_ui5_key":"sapm.GenericTile{\"header\":\"Site Overview\"}"}]}
RESULT: undefined
COMMAND: POST /session/b01c6b88a420c7ddb55b2ed41e434f48/element - {"using":"xpath","value":"//*[@id=\"__tile100\"]"}
RESULT: {"using":"xpath","value":"//*[@id=\"__tile100\"]"}
COMMAND: POST /session/b01c6b88a420c7ddb55b2ed41e434f48/element/f.D12DEAB053DDC9F4B2D58A2F6F668B5F.d.95A1AF0A6E3CB2883C6818B25B592E32.e.3379/click - {}
RESULT: {}
COMMAND: GET /session/b01c6b88a420c7ddb55b2ed41e434f48/screenshot - {}
RESULT: {}
RESULT: undefined
COMMAND: POST /session/b01c6b88a420c7ddb55b2ed41e434f48/element - {"using":"xpath","value":"//*[@id=\"__tile100\"]"}
RESULT: {"using":"xpath","value":"//*[@id=\"__tile100\"]"}
COMMAND: POST /session/b01c6b88a420c7ddb55b2ed41e434f48/element/f.D12DEAB053DDC9F4B2D58A2F6F668B5F.d.95A1AF0A6E3CB2883C6818B25B592E32.e.3379/click - {}
RESULT: undefined
COMMAND: POST /session/b01c6b88a420c7ddb55b2ed41e434f48/element - {"using":"xpath","value":"//*[@id=\"__tile100\"]"}
RESULT: {"using":"xpath","value":"//*[@id=\"__tile100\"]"}
COMMAND: POST /session/b01c6b88a420c7ddb55b2ed41e434f48/element/f.D12DEAB053DDC9F4B2D58A2F6F668B5F.d.95A1AF0A6E3CB2883C6818B25B592E32.e.3379/click - {}
RESULT: undefined
COMMAND: POST /session/b01c6b88a420c7ddb55b2ed41e434f48/execute/async - {"script":"<script> [6424 bytes]","args":[{"element-6066-11e4-a52e-4f735466cecf":"f.D12DEAB053DDC9F4B2D58A2F6F668B5F.d.95A1AF0A6E3CB2883C6818B25B592E32.e.292"},"getTitle",[]]}
COMMAND: POST /session/b01c6b88a420c7ddb55b2ed41e434f48/execute/async - {"script":"<script> [1562 bytes]","args":[{"selector":{"id":"shellAppTitle"},"wdio_ui5_key":"shellAppTitle"}]}
RESULT: {"script":"<script> [1562 bytes]","args":[{"selector":{"id":"shellAppTitle"},"wdio_ui5_key":"shellAppTitle"}]}
COMMAND: POST /session/b01c6b88a420c7ddb55b2ed41e434f48/execute/async - {"script":"<script> [6424 bytes]","args":[{"element-6066-11e4-a52e-4f735466cecf":"f.D12DEAB053DDC9F4B2D58A2F6F668B5F.d.95A1AF0A6E3CB2883C6818B25B592E32.e.3498"},"getTitle",[]]}
RESULT: {"script":"<script> [6424 bytes]","args":[{"element-6066-11e4-a52e-4f735466cecf":"f.D12DEAB053DDC9F4B2D58A2F6F668B5F.d.95A1AF0A6E3CB2883C6818B25B592E32.e.3498"},"getTitle",[]]}
RESULT: undefined
COMMAND: POST /session/b01c6b88a420c7ddb55b2ed41e434f48/element/f.D12DEAB053DDC9F4B2D58A2F6F668B5F.d.95A1AF0A6E3CB2883C6818B25B592E32.e.3314/click - {}
COMMAND: POST /session/b01c6b88a420c7ddb55b2ed41e434f48/element - {"using":"xpath","value":"//*[@id=\"backBtn\"]"}
RESULT: {"using":"xpath","value":"//*[@id=\"backBtn\"]"}
COMMAND: POST /session/b01c6b88a420c7ddb55b2ed41e434f48/element/f.D12DEAB053DDC9F4B2D58A2F6F668B5F.d.95A1AF0A6E3CB2883C6818B25B592E32.e.3314/click - {}
COMMAND: POST /session/b01c6b88a420c7ddb55b2ed41e434f48/element - {"using":"xpath","value":"//*[@id=\"backBtn\"]"}
RESULT: {"using":"xpath","value":"//*[@id=\"backBtn\"]"}
COMMAND: POST /session/b01c6b88a420c7ddb55b2ed41e434f48/element/f.D12DEAB053DDC9F4B2D58A2F6F668B5F.d.95A1AF0A6E3CB2883C6818B25B592E32.e.3499/click - {}
RESULT: {}
COMMAND: GET /session/b01c6b88a420c7ddb55b2ed41e434f48/screenshot - {}
RESULT: {}
]]></system-out>
    </testcase>
    <testcase classname="chrome.135_0_7049_96.windows.Sanity_Tests_US104253" name="Should open Trace Track Resources page" time="36.314">
      <system-out><![CDATA[
COMMAND: POST /session/b01c6b88a420c7ddb55b2ed41e434f48/execute/async - {"script":"<script> [1562 bytes]","args":[{"selector":{"controlType":"sap.m.GenericTile","properties":{"header":"Trace & Track Resources"}},"wdio_ui5_key":"sapm.GenericTile{\"header\":\"Trace & Track Resources\"}"}]}
RESULT: {"script":"<script> [1562 bytes]","args":[{"selector":{"controlType":"sap.m.GenericTile","properties":{"header":"Trace & Track Resources"}},"wdio_ui5_key":"sapm.GenericTile{\"header\":\"Trace & Track Resources\"}"}]}
RESULT: undefined
COMMAND: POST /session/b01c6b88a420c7ddb55b2ed41e434f48/element - {"using":"xpath","value":"//*[@id=\"__tile101\"]"}
RESULT: {"using":"xpath","value":"//*[@id=\"__tile101\"]"}
COMMAND: POST /session/b01c6b88a420c7ddb55b2ed41e434f48/element/f.D12DEAB053DDC9F4B2D58A2F6F668B5F.d.95A1AF0A6E3CB2883C6818B25B592E32.e.3501/click - {}
RESULT: {}
COMMAND: GET /session/b01c6b88a420c7ddb55b2ed41e434f48/screenshot - {}
RESULT: {}
RESULT: undefined
COMMAND: POST /session/b01c6b88a420c7ddb55b2ed41e434f48/element - {"using":"xpath","value":"//*[@id=\"__tile101\"]"}
RESULT: {"using":"xpath","value":"//*[@id=\"__tile101\"]"}
COMMAND: POST /session/b01c6b88a420c7ddb55b2ed41e434f48/element/f.D12DEAB053DDC9F4B2D58A2F6F668B5F.d.95A1AF0A6E3CB2883C6818B25B592E32.e.3501/click - {}
RESULT: undefined
COMMAND: POST /session/b01c6b88a420c7ddb55b2ed41e434f48/element - {"using":"xpath","value":"//*[@id=\"__tile101\"]"}
RESULT: {"using":"xpath","value":"//*[@id=\"__tile101\"]"}
COMMAND: POST /session/b01c6b88a420c7ddb55b2ed41e434f48/element/f.D12DEAB053DDC9F4B2D58A2F6F668B5F.d.95A1AF0A6E3CB2883C6818B25B592E32.e.3501/click - {}
RESULT: undefined
COMMAND: POST /session/b01c6b88a420c7ddb55b2ed41e434f48/execute/async - {"script":"<script> [6424 bytes]","args":[{"element-6066-11e4-a52e-4f735466cecf":"f.D12DEAB053DDC9F4B2D58A2F6F668B5F.d.95A1AF0A6E3CB2883C6818B25B592E32.e.292"},"getTitle",[]]}
COMMAND: POST /session/b01c6b88a420c7ddb55b2ed41e434f48/execute/async - {"script":"<script> [1562 bytes]","args":[{"selector":{"id":"shellAppTitle"},"wdio_ui5_key":"shellAppTitle"}]}
RESULT: {"script":"<script> [1562 bytes]","args":[{"selector":{"id":"shellAppTitle"},"wdio_ui5_key":"shellAppTitle"}]}
COMMAND: POST /session/b01c6b88a420c7ddb55b2ed41e434f48/execute/async - {"script":"<script> [6424 bytes]","args":[{"element-6066-11e4-a52e-4f735466cecf":"f.D12DEAB053DDC9F4B2D58A2F6F668B5F.d.95A1AF0A6E3CB2883C6818B25B592E32.e.3536"},"getTitle",[]]}
RESULT: {"script":"<script> [6424 bytes]","args":[{"element-6066-11e4-a52e-4f735466cecf":"f.D12DEAB053DDC9F4B2D58A2F6F668B5F.d.95A1AF0A6E3CB2883C6818B25B592E32.e.3536"},"getTitle",[]]}
RESULT: undefined
COMMAND: POST /session/b01c6b88a420c7ddb55b2ed41e434f48/element/f.D12DEAB053DDC9F4B2D58A2F6F668B5F.d.95A1AF0A6E3CB2883C6818B25B592E32.e.3499/click - {}
RESULT: {}
COMMAND: GET /session/b01c6b88a420c7ddb55b2ed41e434f48/screenshot - {}
RESULT: {}
]]></system-out>
    </testcase>
    <testcase classname="chrome.135_0_7049_96.windows.Sanity_Tests_US104253" name="Should open RU Inventory List page" time="36.34">
      <system-out><![CDATA[
COMMAND: POST /session/b01c6b88a420c7ddb55b2ed41e434f48/execute/async - {"script":"<script> [1562 bytes]","args":[{"selector":{"controlType":"sap.m.GenericTile","properties":{"header":"RU Inventory List"}},"wdio_ui5_key":"sapm.GenericTile{\"header\":\"RU Inventory List\"}"}]}
RESULT: {"script":"<script> [1562 bytes]","args":[{"selector":{"controlType":"sap.m.GenericTile","properties":{"header":"RU Inventory List"}},"wdio_ui5_key":"sapm.GenericTile{\"header\":\"RU Inventory List\"}"}]}
RESULT: undefined
COMMAND: POST /session/b01c6b88a420c7ddb55b2ed41e434f48/element - {"using":"xpath","value":"//*[@id=\"__tile99\"]"}
RESULT: {"using":"xpath","value":"//*[@id=\"__tile99\"]"}
COMMAND: POST /session/b01c6b88a420c7ddb55b2ed41e434f48/element/f.D12DEAB053DDC9F4B2D58A2F6F668B5F.d.95A1AF0A6E3CB2883C6818B25B592E32.e.3538/click - {}
RESULT: {}
COMMAND: GET /session/b01c6b88a420c7ddb55b2ed41e434f48/screenshot - {}
RESULT: {}
RESULT: undefined
COMMAND: POST /session/b01c6b88a420c7ddb55b2ed41e434f48/element - {"using":"xpath","value":"//*[@id=\"__tile99\"]"}
RESULT: {"using":"xpath","value":"//*[@id=\"__tile99\"]"}
COMMAND: POST /session/b01c6b88a420c7ddb55b2ed41e434f48/element/f.D12DEAB053DDC9F4B2D58A2F6F668B5F.d.95A1AF0A6E3CB2883C6818B25B592E32.e.3538/click - {}
RESULT: undefined
COMMAND: POST /session/b01c6b88a420c7ddb55b2ed41e434f48/element - {"using":"xpath","value":"//*[@id=\"__tile99\"]"}
RESULT: {"using":"xpath","value":"//*[@id=\"__tile99\"]"}
COMMAND: POST /session/b01c6b88a420c7ddb55b2ed41e434f48/element/f.D12DEAB053DDC9F4B2D58A2F6F668B5F.d.95A1AF0A6E3CB2883C6818B25B592E32.e.3538/click - {}
RESULT: undefined
COMMAND: POST /session/b01c6b88a420c7ddb55b2ed41e434f48/execute/async - {"script":"<script> [6424 bytes]","args":[{"element-6066-11e4-a52e-4f735466cecf":"f.D12DEAB053DDC9F4B2D58A2F6F668B5F.d.95A1AF0A6E3CB2883C6818B25B592E32.e.292"},"getTitle",[]]}
COMMAND: POST /session/b01c6b88a420c7ddb55b2ed41e434f48/execute/async - {"script":"<script> [1562 bytes]","args":[{"selector":{"id":"shellAppTitle"},"wdio_ui5_key":"shellAppTitle"}]}
RESULT: {"script":"<script> [1562 bytes]","args":[{"selector":{"id":"shellAppTitle"},"wdio_ui5_key":"shellAppTitle"}]}
COMMAND: POST /session/b01c6b88a420c7ddb55b2ed41e434f48/execute/async - {"script":"<script> [6424 bytes]","args":[{"element-6066-11e4-a52e-4f735466cecf":"f.D12DEAB053DDC9F4B2D58A2F6F668B5F.d.95A1AF0A6E3CB2883C6818B25B592E32.e.3727"},"getTitle",[]]}
RESULT: {"script":"<script> [6424 bytes]","args":[{"element-6066-11e4-a52e-4f735466cecf":"f.D12DEAB053DDC9F4B2D58A2F6F668B5F.d.95A1AF0A6E3CB2883C6818B25B592E32.e.3727"},"getTitle",[]]}
RESULT: undefined
COMMAND: POST /session/b01c6b88a420c7ddb55b2ed41e434f48/element/f.D12DEAB053DDC9F4B2D58A2F6F668B5F.d.95A1AF0A6E3CB2883C6818B25B592E32.e.3499/click - {}
COMMAND: POST /session/b01c6b88a420c7ddb55b2ed41e434f48/element - {"using":"xpath","value":"//*[@id=\"backBtn\"]"}
RESULT: {"using":"xpath","value":"//*[@id=\"backBtn\"]"}
COMMAND: POST /session/b01c6b88a420c7ddb55b2ed41e434f48/element/f.D12DEAB053DDC9F4B2D58A2F6F668B5F.d.95A1AF0A6E3CB2883C6818B25B592E32.e.3499/click - {}
COMMAND: POST /session/b01c6b88a420c7ddb55b2ed41e434f48/element - {"using":"xpath","value":"//*[@id=\"backBtn\"]"}
RESULT: {"using":"xpath","value":"//*[@id=\"backBtn\"]"}
COMMAND: POST /session/b01c6b88a420c7ddb55b2ed41e434f48/element/f.D12DEAB053DDC9F4B2D58A2F6F668B5F.d.95A1AF0A6E3CB2883C6818B25B592E32.e.3728/click - {}
RESULT: {}
COMMAND: GET /session/b01c6b88a420c7ddb55b2ed41e434f48/screenshot - {}
RESULT: {}
]]></system-out>
    </testcase>
    <testcase classname="chrome.135_0_7049_96.windows.Sanity_Tests_US104253" name="Should open Contracts Dashboard page" time="44.113">
      <system-out><![CDATA[
COMMAND: POST /session/b01c6b88a420c7ddb55b2ed41e434f48/execute/async - {"script":"<script> [1562 bytes]","args":[{"selector":{"controlType":"sap.m.GenericTile","properties":{"header":"Contracts Dashboard"}},"wdio_ui5_key":"sapm.GenericTile{\"header\":\"Contracts Dashboard\"}"}]}
RESULT: {"script":"<script> [1562 bytes]","args":[{"selector":{"controlType":"sap.m.GenericTile","properties":{"header":"Contracts Dashboard"}},"wdio_ui5_key":"sapm.GenericTile{\"header\":\"Contracts Dashboard\"}"}]}
RESULT: undefined
COMMAND: POST /session/b01c6b88a420c7ddb55b2ed41e434f48/element - {"using":"xpath","value":"//*[@id=\"__tile97\"]"}
RESULT: {"using":"xpath","value":"//*[@id=\"__tile97\"]"}
COMMAND: POST /session/b01c6b88a420c7ddb55b2ed41e434f48/element/f.D12DEAB053DDC9F4B2D58A2F6F668B5F.d.95A1AF0A6E3CB2883C6818B25B592E32.e.3730/click - {}
RESULT: {}
COMMAND: GET /session/b01c6b88a420c7ddb55b2ed41e434f48/screenshot - {}
RESULT: {}
RESULT: undefined
COMMAND: POST /session/b01c6b88a420c7ddb55b2ed41e434f48/element - {"using":"xpath","value":"//*[@id=\"__tile97\"]"}
RESULT: {"using":"xpath","value":"//*[@id=\"__tile97\"]"}
COMMAND: POST /session/b01c6b88a420c7ddb55b2ed41e434f48/element/f.D12DEAB053DDC9F4B2D58A2F6F668B5F.d.95A1AF0A6E3CB2883C6818B25B592E32.e.3730/click - {}
RESULT: undefined
COMMAND: POST /session/b01c6b88a420c7ddb55b2ed41e434f48/element - {"using":"xpath","value":"//*[@id=\"__tile97\"]"}
RESULT: {"using":"xpath","value":"//*[@id=\"__tile97\"]"}
COMMAND: POST /session/b01c6b88a420c7ddb55b2ed41e434f48/element/f.D12DEAB053DDC9F4B2D58A2F6F668B5F.d.95A1AF0A6E3CB2883C6818B25B592E32.e.3730/click - {}
RESULT: undefined
COMMAND: POST /session/b01c6b88a420c7ddb55b2ed41e434f48/execute/async - {"script":"<script> [6424 bytes]","args":[{"element-6066-11e4-a52e-4f735466cecf":"f.D12DEAB053DDC9F4B2D58A2F6F668B5F.d.95A1AF0A6E3CB2883C6818B25B592E32.e.292"},"getTitle",[]]}
COMMAND: POST /session/b01c6b88a420c7ddb55b2ed41e434f48/execute/async - {"script":"<script> [1562 bytes]","args":[{"selector":{"id":"shellAppTitle"},"wdio_ui5_key":"shellAppTitle"}]}
RESULT: {"script":"<script> [1562 bytes]","args":[{"selector":{"id":"shellAppTitle"},"wdio_ui5_key":"shellAppTitle"}]}
COMMAND: POST /session/b01c6b88a420c7ddb55b2ed41e434f48/execute/async - {"script":"<script> [6424 bytes]","args":[{"element-6066-11e4-a52e-4f735466cecf":"f.D12DEAB053DDC9F4B2D58A2F6F668B5F.d.95A1AF0A6E3CB2883C6818B25B592E32.e.3752"},"getTitle",[]]}
RESULT: {"script":"<script> [6424 bytes]","args":[{"element-6066-11e4-a52e-4f735466cecf":"f.D12DEAB053DDC9F4B2D58A2F6F668B5F.d.95A1AF0A6E3CB2883C6818B25B592E32.e.3752"},"getTitle",[]]}
RESULT: undefined
COMMAND: POST /session/b01c6b88a420c7ddb55b2ed41e434f48/element/f.D12DEAB053DDC9F4B2D58A2F6F668B5F.d.95A1AF0A6E3CB2883C6818B25B592E32.e.3728/click - {}
RESULT: {}
COMMAND: GET /session/b01c6b88a420c7ddb55b2ed41e434f48/screenshot - {}
RESULT: {}
]]></system-out>
    </testcase>
    <testcase classname="chrome.135_0_7049_96.windows.Sanity_Tests_US104253" name="Should open Bin Status Report page" time="37.901">
      <system-out><![CDATA[
COMMAND: POST /session/b01c6b88a420c7ddb55b2ed41e434f48/execute/async - {"script":"<script> [1562 bytes]","args":[{"selector":{"controlType":"sap.m.GenericTile","properties":{"header":"Bin Status Report"}},"wdio_ui5_key":"sapm.GenericTile{\"header\":\"Bin Status Report\"}"}]}
RESULT: {"script":"<script> [1562 bytes]","args":[{"selector":{"controlType":"sap.m.GenericTile","properties":{"header":"Bin Status Report"}},"wdio_ui5_key":"sapm.GenericTile{\"header\":\"Bin Status Report\"}"}]}
RESULT: undefined
COMMAND: POST /session/b01c6b88a420c7ddb55b2ed41e434f48/element - {"using":"xpath","value":"//*[@id=\"__tile104\"]"}
RESULT: {"using":"xpath","value":"//*[@id=\"__tile104\"]"}
COMMAND: POST /session/b01c6b88a420c7ddb55b2ed41e434f48/element/f.D12DEAB053DDC9F4B2D58A2F6F668B5F.d.95A1AF0A6E3CB2883C6818B25B592E32.e.3754/click - {}
RESULT: {}
COMMAND: GET /session/b01c6b88a420c7ddb55b2ed41e434f48/screenshot - {}
RESULT: {}
RESULT: undefined
COMMAND: POST /session/b01c6b88a420c7ddb55b2ed41e434f48/element - {"using":"xpath","value":"//*[@id=\"__tile104\"]"}
RESULT: {"using":"xpath","value":"//*[@id=\"__tile104\"]"}
COMMAND: POST /session/b01c6b88a420c7ddb55b2ed41e434f48/element/f.D12DEAB053DDC9F4B2D58A2F6F668B5F.d.95A1AF0A6E3CB2883C6818B25B592E32.e.3754/click - {}
RESULT: undefined
COMMAND: POST /session/b01c6b88a420c7ddb55b2ed41e434f48/element - {"using":"xpath","value":"//*[@id=\"__tile104\"]"}
RESULT: {"using":"xpath","value":"//*[@id=\"__tile104\"]"}
COMMAND: POST /session/b01c6b88a420c7ddb55b2ed41e434f48/element/f.D12DEAB053DDC9F4B2D58A2F6F668B5F.d.95A1AF0A6E3CB2883C6818B25B592E32.e.3754/click - {}
RESULT: undefined
COMMAND: POST /session/b01c6b88a420c7ddb55b2ed41e434f48/execute/async - {"script":"<script> [6424 bytes]","args":[{"element-6066-11e4-a52e-4f735466cecf":"f.D12DEAB053DDC9F4B2D58A2F6F668B5F.d.95A1AF0A6E3CB2883C6818B25B592E32.e.292"},"getTitle",[]]}
COMMAND: POST /session/b01c6b88a420c7ddb55b2ed41e434f48/execute/async - {"script":"<script> [1562 bytes]","args":[{"selector":{"id":"shellAppTitle"},"wdio_ui5_key":"shellAppTitle"}]}
RESULT: {"script":"<script> [1562 bytes]","args":[{"selector":{"id":"shellAppTitle"},"wdio_ui5_key":"shellAppTitle"}]}
COMMAND: POST /session/b01c6b88a420c7ddb55b2ed41e434f48/execute/async - {"script":"<script> [6424 bytes]","args":[{"element-6066-11e4-a52e-4f735466cecf":"f.D12DEAB053DDC9F4B2D58A2F6F668B5F.d.95A1AF0A6E3CB2883C6818B25B592E32.e.3847"},"getTitle",[]]}
RESULT: {"script":"<script> [6424 bytes]","args":[{"element-6066-11e4-a52e-4f735466cecf":"f.D12DEAB053DDC9F4B2D58A2F6F668B5F.d.95A1AF0A6E3CB2883C6818B25B592E32.e.3847"},"getTitle",[]]}
RESULT: undefined
COMMAND: POST /session/b01c6b88a420c7ddb55b2ed41e434f48/element/f.D12DEAB053DDC9F4B2D58A2F6F668B5F.d.95A1AF0A6E3CB2883C6818B25B592E32.e.3728/click - {}
COMMAND: POST /session/b01c6b88a420c7ddb55b2ed41e434f48/element - {"using":"xpath","value":"//*[@id=\"backBtn\"]"}
RESULT: {"using":"xpath","value":"//*[@id=\"backBtn\"]"}
COMMAND: POST /session/b01c6b88a420c7ddb55b2ed41e434f48/element/f.D12DEAB053DDC9F4B2D58A2F6F668B5F.d.95A1AF0A6E3CB2883C6818B25B592E32.e.3728/click - {}
COMMAND: POST /session/b01c6b88a420c7ddb55b2ed41e434f48/element - {"using":"xpath","value":"//*[@id=\"backBtn\"]"}
RESULT: {"using":"xpath","value":"//*[@id=\"backBtn\"]"}
COMMAND: POST /session/b01c6b88a420c7ddb55b2ed41e434f48/element/f.D12DEAB053DDC9F4B2D58A2F6F668B5F.d.95A1AF0A6E3CB2883C6818B25B592E32.e.3848/click - {}
RESULT: {}
COMMAND: GET /session/b01c6b88a420c7ddb55b2ed41e434f48/screenshot - {}
RESULT: {}
]]></system-out>
    </testcase>
    <testcase classname="chrome.135_0_7049_96.windows.Sanity_Tests_US104253" name="Should open Manage Warehouse Movements page" time="37.142">
      <system-out><![CDATA[
COMMAND: POST /session/b01c6b88a420c7ddb55b2ed41e434f48/execute/async - {"script":"<script> [1562 bytes]","args":[{"selector":{"controlType":"sap.m.GenericTile","properties":{"header":"Manage Warehouse Movements"}},"wdio_ui5_key":"sapm.GenericTile{\"header\":\"Manage Warehouse Movements\"}"}]}
RESULT: {"script":"<script> [1562 bytes]","args":[{"selector":{"controlType":"sap.m.GenericTile","properties":{"header":"Manage Warehouse Movements"}},"wdio_ui5_key":"sapm.GenericTile{\"header\":\"Manage Warehouse Movements\"}"}]}
RESULT: undefined
COMMAND: POST /session/b01c6b88a420c7ddb55b2ed41e434f48/element - {"using":"xpath","value":"//*[@id=\"__tile105\"]"}
RESULT: {"using":"xpath","value":"//*[@id=\"__tile105\"]"}
COMMAND: POST /session/b01c6b88a420c7ddb55b2ed41e434f48/element/f.D12DEAB053DDC9F4B2D58A2F6F668B5F.d.95A1AF0A6E3CB2883C6818B25B592E32.e.3852/click - {}
RESULT: {}
COMMAND: GET /session/b01c6b88a420c7ddb55b2ed41e434f48/screenshot - {}
RESULT: {}
RESULT: undefined
COMMAND: POST /session/b01c6b88a420c7ddb55b2ed41e434f48/element - {"using":"xpath","value":"//*[@id=\"__tile105\"]"}
RESULT: {"using":"xpath","value":"//*[@id=\"__tile105\"]"}
COMMAND: POST /session/b01c6b88a420c7ddb55b2ed41e434f48/element/f.D12DEAB053DDC9F4B2D58A2F6F668B5F.d.95A1AF0A6E3CB2883C6818B25B592E32.e.3852/click - {}
RESULT: undefined
COMMAND: POST /session/b01c6b88a420c7ddb55b2ed41e434f48/element - {"using":"xpath","value":"//*[@id=\"__tile105\"]"}
RESULT: {"using":"xpath","value":"//*[@id=\"__tile105\"]"}
COMMAND: POST /session/b01c6b88a420c7ddb55b2ed41e434f48/element/f.D12DEAB053DDC9F4B2D58A2F6F668B5F.d.95A1AF0A6E3CB2883C6818B25B592E32.e.3852/click - {}
RESULT: undefined
COMMAND: POST /session/b01c6b88a420c7ddb55b2ed41e434f48/execute/async - {"script":"<script> [6424 bytes]","args":[{"element-6066-11e4-a52e-4f735466cecf":"f.D12DEAB053DDC9F4B2D58A2F6F668B5F.d.95A1AF0A6E3CB2883C6818B25B592E32.e.292"},"getTitle",[]]}
COMMAND: POST /session/b01c6b88a420c7ddb55b2ed41e434f48/execute/async - {"script":"<script> [1562 bytes]","args":[{"selector":{"id":"shellAppTitle"},"wdio_ui5_key":"shellAppTitle"}]}
RESULT: {"script":"<script> [1562 bytes]","args":[{"selector":{"id":"shellAppTitle"},"wdio_ui5_key":"shellAppTitle"}]}
COMMAND: POST /session/b01c6b88a420c7ddb55b2ed41e434f48/execute/async - {"script":"<script> [6424 bytes]","args":[{"element-6066-11e4-a52e-4f735466cecf":"f.D12DEAB053DDC9F4B2D58A2F6F668B5F.d.95A1AF0A6E3CB2883C6818B25B592E32.e.3942"},"getTitle",[]]}
RESULT: {"script":"<script> [6424 bytes]","args":[{"element-6066-11e4-a52e-4f735466cecf":"f.D12DEAB053DDC9F4B2D58A2F6F668B5F.d.95A1AF0A6E3CB2883C6818B25B592E32.e.3942"},"getTitle",[]]}
RESULT: undefined
COMMAND: POST /session/b01c6b88a420c7ddb55b2ed41e434f48/element/f.D12DEAB053DDC9F4B2D58A2F6F668B5F.d.95A1AF0A6E3CB2883C6818B25B592E32.e.3848/click - {}
RESULT: {}
COMMAND: GET /session/b01c6b88a420c7ddb55b2ed41e434f48/screenshot - {}
RESULT: {}
]]></system-out>
    </testcase>
    <testcase classname="chrome.135_0_7049_96.windows.Sanity_Tests_US104253" name="Should open Bin Inventory List page" time="40.013">
      <system-out><![CDATA[
COMMAND: POST /session/b01c6b88a420c7ddb55b2ed41e434f48/execute/async - {"script":"<script> [1562 bytes]","args":[{"selector":{"controlType":"sap.m.GenericTile","properties":{"header":"Bin Inventory List"}},"wdio_ui5_key":"sapm.GenericTile{\"header\":\"Bin Inventory List\"}"}]}
RESULT: {"script":"<script> [1562 bytes]","args":[{"selector":{"controlType":"sap.m.GenericTile","properties":{"header":"Bin Inventory List"}},"wdio_ui5_key":"sapm.GenericTile{\"header\":\"Bin Inventory List\"}"}]}
RESULT: undefined
COMMAND: POST /session/b01c6b88a420c7ddb55b2ed41e434f48/element - {"using":"xpath","value":"//*[@id=\"__tile103\"]"}
RESULT: {"using":"xpath","value":"//*[@id=\"__tile103\"]"}
COMMAND: POST /session/b01c6b88a420c7ddb55b2ed41e434f48/element/f.D12DEAB053DDC9F4B2D58A2F6F668B5F.d.95A1AF0A6E3CB2883C6818B25B592E32.e.3944/click - {}
RESULT: {}
COMMAND: GET /session/b01c6b88a420c7ddb55b2ed41e434f48/screenshot - {}
RESULT: {}
RESULT: undefined
COMMAND: POST /session/b01c6b88a420c7ddb55b2ed41e434f48/element - {"using":"xpath","value":"//*[@id=\"__tile103\"]"}
RESULT: {"using":"xpath","value":"//*[@id=\"__tile103\"]"}
COMMAND: POST /session/b01c6b88a420c7ddb55b2ed41e434f48/element/f.D12DEAB053DDC9F4B2D58A2F6F668B5F.d.95A1AF0A6E3CB2883C6818B25B592E32.e.3944/click - {}
RESULT: undefined
COMMAND: POST /session/b01c6b88a420c7ddb55b2ed41e434f48/element - {"using":"xpath","value":"//*[@id=\"__tile103\"]"}
RESULT: {"using":"xpath","value":"//*[@id=\"__tile103\"]"}
COMMAND: POST /session/b01c6b88a420c7ddb55b2ed41e434f48/element/f.D12DEAB053DDC9F4B2D58A2F6F668B5F.d.95A1AF0A6E3CB2883C6818B25B592E32.e.3944/click - {}
RESULT: undefined
COMMAND: POST /session/b01c6b88a420c7ddb55b2ed41e434f48/execute/async - {"script":"<script> [6424 bytes]","args":[{"element-6066-11e4-a52e-4f735466cecf":"f.D12DEAB053DDC9F4B2D58A2F6F668B5F.d.95A1AF0A6E3CB2883C6818B25B592E32.e.292"},"getTitle",[]]}
COMMAND: POST /session/b01c6b88a420c7ddb55b2ed41e434f48/execute/async - {"script":"<script> [1562 bytes]","args":[{"selector":{"id":"shellAppTitle"},"wdio_ui5_key":"shellAppTitle"}]}
RESULT: {"script":"<script> [1562 bytes]","args":[{"selector":{"id":"shellAppTitle"},"wdio_ui5_key":"shellAppTitle"}]}
COMMAND: POST /session/b01c6b88a420c7ddb55b2ed41e434f48/execute/async - {"script":"<script> [6424 bytes]","args":[{"element-6066-11e4-a52e-4f735466cecf":"f.D12DEAB053DDC9F4B2D58A2F6F668B5F.d.95A1AF0A6E3CB2883C6818B25B592E32.e.4047"},"getTitle",[]]}
RESULT: {"script":"<script> [6424 bytes]","args":[{"element-6066-11e4-a52e-4f735466cecf":"f.D12DEAB053DDC9F4B2D58A2F6F668B5F.d.95A1AF0A6E3CB2883C6818B25B592E32.e.4047"},"getTitle",[]]}
RESULT: undefined
COMMAND: POST /session/b01c6b88a420c7ddb55b2ed41e434f48/element/f.D12DEAB053DDC9F4B2D58A2F6F668B5F.d.95A1AF0A6E3CB2883C6818B25B592E32.e.3848/click - {}
COMMAND: POST /session/b01c6b88a420c7ddb55b2ed41e434f48/element - {"using":"xpath","value":"//*[@id=\"backBtn\"]"}
RESULT: {"using":"xpath","value":"//*[@id=\"backBtn\"]"}
COMMAND: POST /session/b01c6b88a420c7ddb55b2ed41e434f48/element/f.D12DEAB053DDC9F4B2D58A2F6F668B5F.d.95A1AF0A6E3CB2883C6818B25B592E32.e.3848/click - {}
COMMAND: POST /session/b01c6b88a420c7ddb55b2ed41e434f48/element - {"using":"xpath","value":"//*[@id=\"backBtn\"]"}
RESULT: {"using":"xpath","value":"//*[@id=\"backBtn\"]"}
COMMAND: POST /session/b01c6b88a420c7ddb55b2ed41e434f48/element/f.D12DEAB053DDC9F4B2D58A2F6F668B5F.d.95A1AF0A6E3CB2883C6818B25B592E32.e.4048/click - {}
RESULT: {}
COMMAND: GET /session/b01c6b88a420c7ddb55b2ed41e434f48/screenshot - {}
RESULT: {}
]]></system-out>
    </testcase>
    <testcase classname="chrome.135_0_7049_96.windows.Sanity_Tests_US104253" name="Should open ISC Templates page" time="35.099">
      <system-out><![CDATA[
COMMAND: POST /session/b01c6b88a420c7ddb55b2ed41e434f48/execute/async - {"script":"<script> [1562 bytes]","args":[{"selector":{"controlType":"sap.m.GenericTile","properties":{"header":"ISC Templates"}},"wdio_ui5_key":"sapm.GenericTile{\"header\":\"ISC Templates\"}"}]}
RESULT: {"script":"<script> [1562 bytes]","args":[{"selector":{"controlType":"sap.m.GenericTile","properties":{"header":"ISC Templates"}},"wdio_ui5_key":"sapm.GenericTile{\"header\":\"ISC Templates\"}"}]}
RESULT: undefined
COMMAND: POST /session/b01c6b88a420c7ddb55b2ed41e434f48/element - {"using":"xpath","value":"//*[@id=\"__tile111\"]"}
RESULT: {"using":"xpath","value":"//*[@id=\"__tile111\"]"}
COMMAND: POST /session/b01c6b88a420c7ddb55b2ed41e434f48/element/f.D12DEAB053DDC9F4B2D58A2F6F668B5F.d.95A1AF0A6E3CB2883C6818B25B592E32.e.4050/click - {}
RESULT: {}
COMMAND: GET /session/b01c6b88a420c7ddb55b2ed41e434f48/screenshot - {}
RESULT: {}
RESULT: undefined
COMMAND: POST /session/b01c6b88a420c7ddb55b2ed41e434f48/element - {"using":"xpath","value":"//*[@id=\"__tile111\"]"}
RESULT: {"using":"xpath","value":"//*[@id=\"__tile111\"]"}
COMMAND: POST /session/b01c6b88a420c7ddb55b2ed41e434f48/element/f.D12DEAB053DDC9F4B2D58A2F6F668B5F.d.95A1AF0A6E3CB2883C6818B25B592E32.e.4050/click - {}
RESULT: undefined
COMMAND: POST /session/b01c6b88a420c7ddb55b2ed41e434f48/element - {"using":"xpath","value":"//*[@id=\"__tile111\"]"}
RESULT: {"using":"xpath","value":"//*[@id=\"__tile111\"]"}
COMMAND: POST /session/b01c6b88a420c7ddb55b2ed41e434f48/element/f.D12DEAB053DDC9F4B2D58A2F6F668B5F.d.95A1AF0A6E3CB2883C6818B25B592E32.e.4050/click - {}
RESULT: undefined
COMMAND: POST /session/b01c6b88a420c7ddb55b2ed41e434f48/execute/async - {"script":"<script> [6424 bytes]","args":[{"element-6066-11e4-a52e-4f735466cecf":"f.D12DEAB053DDC9F4B2D58A2F6F668B5F.d.95A1AF0A6E3CB2883C6818B25B592E32.e.292"},"getTitle",[]]}
COMMAND: POST /session/b01c6b88a420c7ddb55b2ed41e434f48/execute/async - {"script":"<script> [1562 bytes]","args":[{"selector":{"id":"shellAppTitle"},"wdio_ui5_key":"shellAppTitle"}]}
RESULT: {"script":"<script> [1562 bytes]","args":[{"selector":{"id":"shellAppTitle"},"wdio_ui5_key":"shellAppTitle"}]}
COMMAND: POST /session/b01c6b88a420c7ddb55b2ed41e434f48/execute/async - {"script":"<script> [6424 bytes]","args":[{"element-6066-11e4-a52e-4f735466cecf":"f.D12DEAB053DDC9F4B2D58A2F6F668B5F.d.95A1AF0A6E3CB2883C6818B25B592E32.e.4117"},"getTitle",[]]}
RESULT: {"script":"<script> [6424 bytes]","args":[{"element-6066-11e4-a52e-4f735466cecf":"f.D12DEAB053DDC9F4B2D58A2F6F668B5F.d.95A1AF0A6E3CB2883C6818B25B592E32.e.4117"},"getTitle",[]]}
RESULT: undefined
COMMAND: POST /session/b01c6b88a420c7ddb55b2ed41e434f48/element/f.D12DEAB053DDC9F4B2D58A2F6F668B5F.d.95A1AF0A6E3CB2883C6818B25B592E32.e.4048/click - {}
RESULT: {}
COMMAND: GET /session/b01c6b88a420c7ddb55b2ed41e434f48/screenshot - {}
RESULT: {}
]]></system-out>
    </testcase>
    <testcase classname="chrome.135_0_7049_96.windows.Sanity_Tests_US104253" name="Should open ISC Schedules page" time="36.278">
      <system-out><![CDATA[
COMMAND: POST /session/b01c6b88a420c7ddb55b2ed41e434f48/execute/async - {"script":"<script> [1562 bytes]","args":[{"selector":{"controlType":"sap.m.GenericTile","properties":{"header":"ISC Schedules"}},"wdio_ui5_key":"sapm.GenericTile{\"header\":\"ISC Schedules\"}"}]}
RESULT: {"script":"<script> [1562 bytes]","args":[{"selector":{"controlType":"sap.m.GenericTile","properties":{"header":"ISC Schedules"}},"wdio_ui5_key":"sapm.GenericTile{\"header\":\"ISC Schedules\"}"}]}
RESULT: undefined
COMMAND: POST /session/b01c6b88a420c7ddb55b2ed41e434f48/element - {"using":"xpath","value":"//*[@id=\"__tile109\"]"}
RESULT: {"using":"xpath","value":"//*[@id=\"__tile109\"]"}
COMMAND: POST /session/b01c6b88a420c7ddb55b2ed41e434f48/element/f.D12DEAB053DDC9F4B2D58A2F6F668B5F.d.95A1AF0A6E3CB2883C6818B25B592E32.e.4120/click - {}
RESULT: {}
COMMAND: GET /session/b01c6b88a420c7ddb55b2ed41e434f48/screenshot - {}
RESULT: {}
RESULT: undefined
COMMAND: POST /session/b01c6b88a420c7ddb55b2ed41e434f48/element - {"using":"xpath","value":"//*[@id=\"__tile109\"]"}
RESULT: {"using":"xpath","value":"//*[@id=\"__tile109\"]"}
COMMAND: POST /session/b01c6b88a420c7ddb55b2ed41e434f48/element/f.D12DEAB053DDC9F4B2D58A2F6F668B5F.d.95A1AF0A6E3CB2883C6818B25B592E32.e.4120/click - {}
RESULT: undefined
COMMAND: POST /session/b01c6b88a420c7ddb55b2ed41e434f48/element - {"using":"xpath","value":"//*[@id=\"__tile109\"]"}
RESULT: {"using":"xpath","value":"//*[@id=\"__tile109\"]"}
COMMAND: POST /session/b01c6b88a420c7ddb55b2ed41e434f48/element/f.D12DEAB053DDC9F4B2D58A2F6F668B5F.d.95A1AF0A6E3CB2883C6818B25B592E32.e.4120/click - {}
RESULT: undefined
COMMAND: POST /session/b01c6b88a420c7ddb55b2ed41e434f48/execute/async - {"script":"<script> [6424 bytes]","args":[{"element-6066-11e4-a52e-4f735466cecf":"f.D12DEAB053DDC9F4B2D58A2F6F668B5F.d.95A1AF0A6E3CB2883C6818B25B592E32.e.292"},"getTitle",[]]}
COMMAND: POST /session/b01c6b88a420c7ddb55b2ed41e434f48/execute/async - {"script":"<script> [1562 bytes]","args":[{"selector":{"id":"shellAppTitle"},"wdio_ui5_key":"shellAppTitle"}]}
RESULT: {"script":"<script> [1562 bytes]","args":[{"selector":{"id":"shellAppTitle"},"wdio_ui5_key":"shellAppTitle"}]}
COMMAND: POST /session/b01c6b88a420c7ddb55b2ed41e434f48/execute/async - {"script":"<script> [6424 bytes]","args":[{"element-6066-11e4-a52e-4f735466cecf":"f.D12DEAB053DDC9F4B2D58A2F6F668B5F.d.95A1AF0A6E3CB2883C6818B25B592E32.e.4199"},"getTitle",[]]}
RESULT: {"script":"<script> [6424 bytes]","args":[{"element-6066-11e4-a52e-4f735466cecf":"f.D12DEAB053DDC9F4B2D58A2F6F668B5F.d.95A1AF0A6E3CB2883C6818B25B592E32.e.4199"},"getTitle",[]]}
RESULT: undefined
COMMAND: POST /session/b01c6b88a420c7ddb55b2ed41e434f48/element/f.D12DEAB053DDC9F4B2D58A2F6F668B5F.d.95A1AF0A6E3CB2883C6818B25B592E32.e.4048/click - {}
COMMAND: POST /session/b01c6b88a420c7ddb55b2ed41e434f48/element - {"using":"xpath","value":"//*[@id=\"backBtn\"]"}
RESULT: {"using":"xpath","value":"//*[@id=\"backBtn\"]"}
COMMAND: POST /session/b01c6b88a420c7ddb55b2ed41e434f48/element/f.D12DEAB053DDC9F4B2D58A2F6F668B5F.d.95A1AF0A6E3CB2883C6818B25B592E32.e.4048/click - {}
COMMAND: POST /session/b01c6b88a420c7ddb55b2ed41e434f48/element - {"using":"xpath","value":"//*[@id=\"backBtn\"]"}
RESULT: {"using":"xpath","value":"//*[@id=\"backBtn\"]"}
COMMAND: POST /session/b01c6b88a420c7ddb55b2ed41e434f48/element/f.D12DEAB053DDC9F4B2D58A2F6F668B5F.d.95A1AF0A6E3CB2883C6818B25B592E32.e.4200/click - {}
RESULT: {}
COMMAND: GET /session/b01c6b88a420c7ddb55b2ed41e434f48/screenshot - {}
RESULT: {}
]]></system-out>
    </testcase>
    <testcase classname="chrome.135_0_7049_96.windows.Sanity_Tests_US104253" name="Should open ISC Dashboard page" time="37.049">
      <system-out><![CDATA[
COMMAND: POST /session/b01c6b88a420c7ddb55b2ed41e434f48/execute/async - {"script":"<script> [1562 bytes]","args":[{"selector":{"controlType":"sap.m.GenericTile","properties":{"header":"ISC Dashboard"}},"wdio_ui5_key":"sapm.GenericTile{\"header\":\"ISC Dashboard\"}"}]}
RESULT: {"script":"<script> [1562 bytes]","args":[{"selector":{"controlType":"sap.m.GenericTile","properties":{"header":"ISC Dashboard"}},"wdio_ui5_key":"sapm.GenericTile{\"header\":\"ISC Dashboard\"}"}]}
RESULT: undefined
COMMAND: POST /session/b01c6b88a420c7ddb55b2ed41e434f48/element - {"using":"xpath","value":"//*[@id=\"__tile106\"]"}
RESULT: {"using":"xpath","value":"//*[@id=\"__tile106\"]"}
COMMAND: POST /session/b01c6b88a420c7ddb55b2ed41e434f48/element/f.D12DEAB053DDC9F4B2D58A2F6F668B5F.d.95A1AF0A6E3CB2883C6818B25B592E32.e.4202/click - {}
RESULT: {}
COMMAND: GET /session/b01c6b88a420c7ddb55b2ed41e434f48/screenshot - {}
RESULT: {}
RESULT: undefined
COMMAND: POST /session/b01c6b88a420c7ddb55b2ed41e434f48/element - {"using":"xpath","value":"//*[@id=\"__tile106\"]"}
RESULT: {"using":"xpath","value":"//*[@id=\"__tile106\"]"}
COMMAND: POST /session/b01c6b88a420c7ddb55b2ed41e434f48/element/f.D12DEAB053DDC9F4B2D58A2F6F668B5F.d.95A1AF0A6E3CB2883C6818B25B592E32.e.4202/click - {}
RESULT: undefined
COMMAND: POST /session/b01c6b88a420c7ddb55b2ed41e434f48/element - {"using":"xpath","value":"//*[@id=\"__tile106\"]"}
RESULT: {"using":"xpath","value":"//*[@id=\"__tile106\"]"}
COMMAND: POST /session/b01c6b88a420c7ddb55b2ed41e434f48/element/f.D12DEAB053DDC9F4B2D58A2F6F668B5F.d.95A1AF0A6E3CB2883C6818B25B592E32.e.4202/click - {}
RESULT: undefined
COMMAND: POST /session/b01c6b88a420c7ddb55b2ed41e434f48/execute/async - {"script":"<script> [6424 bytes]","args":[{"element-6066-11e4-a52e-4f735466cecf":"f.D12DEAB053DDC9F4B2D58A2F6F668B5F.d.95A1AF0A6E3CB2883C6818B25B592E32.e.292"},"getTitle",[]]}
COMMAND: POST /session/b01c6b88a420c7ddb55b2ed41e434f48/execute/async - {"script":"<script> [1562 bytes]","args":[{"selector":{"id":"shellAppTitle"},"wdio_ui5_key":"shellAppTitle"}]}
RESULT: {"script":"<script> [1562 bytes]","args":[{"selector":{"id":"shellAppTitle"},"wdio_ui5_key":"shellAppTitle"}]}
COMMAND: POST /session/b01c6b88a420c7ddb55b2ed41e434f48/execute/async - {"script":"<script> [6424 bytes]","args":[{"element-6066-11e4-a52e-4f735466cecf":"f.D12DEAB053DDC9F4B2D58A2F6F668B5F.d.95A1AF0A6E3CB2883C6818B25B592E32.e.4301"},"getTitle",[]]}
RESULT: {"script":"<script> [6424 bytes]","args":[{"element-6066-11e4-a52e-4f735466cecf":"f.D12DEAB053DDC9F4B2D58A2F6F668B5F.d.95A1AF0A6E3CB2883C6818B25B592E32.e.4301"},"getTitle",[]]}
RESULT: undefined
COMMAND: POST /session/b01c6b88a420c7ddb55b2ed41e434f48/element/f.D12DEAB053DDC9F4B2D58A2F6F668B5F.d.95A1AF0A6E3CB2883C6818B25B592E32.e.4200/click - {}
RESULT: {}
COMMAND: GET /session/b01c6b88a420c7ddb55b2ed41e434f48/screenshot - {}
RESULT: {}
]]></system-out>
    </testcase>
    <testcase classname="chrome.135_0_7049_96.windows.Sanity_Tests_US104253" name="Should open ISC Orders page" time="33.821">
      <system-out><![CDATA[
COMMAND: POST /session/b01c6b88a420c7ddb55b2ed41e434f48/execute/async - {"script":"<script> [1562 bytes]","args":[{"selector":{"controlType":"sap.m.GenericTile","properties":{"header":"ISC Orders"}},"wdio_ui5_key":"sapm.GenericTile{\"header\":\"ISC Orders\"}"}]}
RESULT: {"script":"<script> [1562 bytes]","args":[{"selector":{"controlType":"sap.m.GenericTile","properties":{"header":"ISC Orders"}},"wdio_ui5_key":"sapm.GenericTile{\"header\":\"ISC Orders\"}"}]}
RESULT: undefined
COMMAND: POST /session/b01c6b88a420c7ddb55b2ed41e434f48/element - {"using":"xpath","value":"//*[@id=\"__tile108\"]"}
RESULT: {"using":"xpath","value":"//*[@id=\"__tile108\"]"}
COMMAND: POST /session/b01c6b88a420c7ddb55b2ed41e434f48/element/f.D12DEAB053DDC9F4B2D58A2F6F668B5F.d.95A1AF0A6E3CB2883C6818B25B592E32.e.4303/click - {}
RESULT: {}
COMMAND: GET /session/b01c6b88a420c7ddb55b2ed41e434f48/screenshot - {}
RESULT: {}
RESULT: undefined
COMMAND: POST /session/b01c6b88a420c7ddb55b2ed41e434f48/element - {"using":"xpath","value":"//*[@id=\"__tile108\"]"}
RESULT: {"using":"xpath","value":"//*[@id=\"__tile108\"]"}
COMMAND: POST /session/b01c6b88a420c7ddb55b2ed41e434f48/element/f.D12DEAB053DDC9F4B2D58A2F6F668B5F.d.95A1AF0A6E3CB2883C6818B25B592E32.e.4303/click - {}
RESULT: undefined
COMMAND: POST /session/b01c6b88a420c7ddb55b2ed41e434f48/element - {"using":"xpath","value":"//*[@id=\"__tile108\"]"}
RESULT: {"using":"xpath","value":"//*[@id=\"__tile108\"]"}
COMMAND: POST /session/b01c6b88a420c7ddb55b2ed41e434f48/element/f.D12DEAB053DDC9F4B2D58A2F6F668B5F.d.95A1AF0A6E3CB2883C6818B25B592E32.e.4303/click - {}
RESULT: undefined
COMMAND: POST /session/b01c6b88a420c7ddb55b2ed41e434f48/execute/async - {"script":"<script> [6424 bytes]","args":[{"element-6066-11e4-a52e-4f735466cecf":"f.D12DEAB053DDC9F4B2D58A2F6F668B5F.d.95A1AF0A6E3CB2883C6818B25B592E32.e.292"},"getTitle",[]]}
COMMAND: POST /session/b01c6b88a420c7ddb55b2ed41e434f48/execute/async - {"script":"<script> [1562 bytes]","args":[{"selector":{"id":"shellAppTitle"},"wdio_ui5_key":"shellAppTitle"}]}
RESULT: {"script":"<script> [1562 bytes]","args":[{"selector":{"id":"shellAppTitle"},"wdio_ui5_key":"shellAppTitle"}]}
COMMAND: POST /session/b01c6b88a420c7ddb55b2ed41e434f48/execute/async - {"script":"<script> [6424 bytes]","args":[{"element-6066-11e4-a52e-4f735466cecf":"f.D12DEAB053DDC9F4B2D58A2F6F668B5F.d.95A1AF0A6E3CB2883C6818B25B592E32.e.4418"},"getTitle",[]]}
RESULT: {"script":"<script> [6424 bytes]","args":[{"element-6066-11e4-a52e-4f735466cecf":"f.D12DEAB053DDC9F4B2D58A2F6F668B5F.d.95A1AF0A6E3CB2883C6818B25B592E32.e.4418"},"getTitle",[]]}
RESULT: undefined
COMMAND: POST /session/b01c6b88a420c7ddb55b2ed41e434f48/element/f.D12DEAB053DDC9F4B2D58A2F6F668B5F.d.95A1AF0A6E3CB2883C6818B25B592E32.e.4200/click - {}
COMMAND: POST /session/b01c6b88a420c7ddb55b2ed41e434f48/element - {"using":"xpath","value":"//*[@id=\"backBtn\"]"}
RESULT: {"using":"xpath","value":"//*[@id=\"backBtn\"]"}
COMMAND: POST /session/b01c6b88a420c7ddb55b2ed41e434f48/element/f.D12DEAB053DDC9F4B2D58A2F6F668B5F.d.95A1AF0A6E3CB2883C6818B25B592E32.e.4200/click - {}
COMMAND: POST /session/b01c6b88a420c7ddb55b2ed41e434f48/element - {"using":"xpath","value":"//*[@id=\"backBtn\"]"}
RESULT: {"using":"xpath","value":"//*[@id=\"backBtn\"]"}
COMMAND: POST /session/b01c6b88a420c7ddb55b2ed41e434f48/element/f.D12DEAB053DDC9F4B2D58A2F6F668B5F.d.95A1AF0A6E3CB2883C6818B25B592E32.e.4419/click - {}
RESULT: {}
COMMAND: GET /session/b01c6b88a420c7ddb55b2ed41e434f48/screenshot - {}
RESULT: {}
]]></system-out>
    </testcase>
    <testcase classname="chrome.135_0_7049_96.windows.Sanity_Tests_US104253" name="Should open ISC Tasks page" time="37.458">
      <system-out><![CDATA[
COMMAND: POST /session/b01c6b88a420c7ddb55b2ed41e434f48/execute/async - {"script":"<script> [1562 bytes]","args":[{"selector":{"controlType":"sap.m.GenericTile","properties":{"header":"ISC Tasks"}},"wdio_ui5_key":"sapm.GenericTile{\"header\":\"ISC Tasks\"}"}]}
RESULT: {"script":"<script> [1562 bytes]","args":[{"selector":{"controlType":"sap.m.GenericTile","properties":{"header":"ISC Tasks"}},"wdio_ui5_key":"sapm.GenericTile{\"header\":\"ISC Tasks\"}"}]}
RESULT: undefined
COMMAND: POST /session/b01c6b88a420c7ddb55b2ed41e434f48/element - {"using":"xpath","value":"//*[@id=\"__tile110\"]"}
RESULT: {"using":"xpath","value":"//*[@id=\"__tile110\"]"}
COMMAND: POST /session/b01c6b88a420c7ddb55b2ed41e434f48/element/f.D12DEAB053DDC9F4B2D58A2F6F668B5F.d.95A1AF0A6E3CB2883C6818B25B592E32.e.4421/click - {}
RESULT: {}
COMMAND: GET /session/b01c6b88a420c7ddb55b2ed41e434f48/screenshot - {}
RESULT: {}
RESULT: undefined
COMMAND: POST /session/b01c6b88a420c7ddb55b2ed41e434f48/element - {"using":"xpath","value":"//*[@id=\"__tile110\"]"}
RESULT: {"using":"xpath","value":"//*[@id=\"__tile110\"]"}
COMMAND: POST /session/b01c6b88a420c7ddb55b2ed41e434f48/element/f.D12DEAB053DDC9F4B2D58A2F6F668B5F.d.95A1AF0A6E3CB2883C6818B25B592E32.e.4421/click - {}
RESULT: undefined
COMMAND: POST /session/b01c6b88a420c7ddb55b2ed41e434f48/element - {"using":"xpath","value":"//*[@id=\"__tile110\"]"}
RESULT: {"using":"xpath","value":"//*[@id=\"__tile110\"]"}
COMMAND: POST /session/b01c6b88a420c7ddb55b2ed41e434f48/element/f.D12DEAB053DDC9F4B2D58A2F6F668B5F.d.95A1AF0A6E3CB2883C6818B25B592E32.e.4421/click - {}
RESULT: undefined
COMMAND: POST /session/b01c6b88a420c7ddb55b2ed41e434f48/execute/async - {"script":"<script> [6424 bytes]","args":[{"element-6066-11e4-a52e-4f735466cecf":"f.D12DEAB053DDC9F4B2D58A2F6F668B5F.d.95A1AF0A6E3CB2883C6818B25B592E32.e.292"},"getTitle",[]]}
COMMAND: POST /session/b01c6b88a420c7ddb55b2ed41e434f48/execute/async - {"script":"<script> [1562 bytes]","args":[{"selector":{"id":"shellAppTitle"},"wdio_ui5_key":"shellAppTitle"}]}
RESULT: {"script":"<script> [1562 bytes]","args":[{"selector":{"id":"shellAppTitle"},"wdio_ui5_key":"shellAppTitle"}]}
COMMAND: POST /session/b01c6b88a420c7ddb55b2ed41e434f48/execute/async - {"script":"<script> [6424 bytes]","args":[{"element-6066-11e4-a52e-4f735466cecf":"f.D12DEAB053DDC9F4B2D58A2F6F668B5F.d.95A1AF0A6E3CB2883C6818B25B592E32.e.4513"},"getTitle",[]]}
RESULT: {"script":"<script> [6424 bytes]","args":[{"element-6066-11e4-a52e-4f735466cecf":"f.D12DEAB053DDC9F4B2D58A2F6F668B5F.d.95A1AF0A6E3CB2883C6818B25B592E32.e.4513"},"getTitle",[]]}
RESULT: undefined
COMMAND: POST /session/b01c6b88a420c7ddb55b2ed41e434f48/element/f.D12DEAB053DDC9F4B2D58A2F6F668B5F.d.95A1AF0A6E3CB2883C6818B25B592E32.e.4419/click - {}
RESULT: {}
COMMAND: GET /session/b01c6b88a420c7ddb55b2ed41e434f48/screenshot - {}
RESULT: {}
]]></system-out>
    </testcase>
    <testcase classname="chrome.135_0_7049_96.windows.Sanity_Tests_US104253" name="Should open Manage Resource Logbook page" time="36.922">
      <system-out><![CDATA[
COMMAND: POST /session/b01c6b88a420c7ddb55b2ed41e434f48/execute/async - {"script":"<script> [1562 bytes]","args":[{"selector":{"controlType":"sap.m.GenericTile","properties":{"header":"Manage Resource Logbook"}},"wdio_ui5_key":"sapm.GenericTile{\"header\":\"Manage Resource Logbook\"}"}]}
RESULT: {"script":"<script> [1562 bytes]","args":[{"selector":{"controlType":"sap.m.GenericTile","properties":{"header":"Manage Resource Logbook"}},"wdio_ui5_key":"sapm.GenericTile{\"header\":\"Manage Resource Logbook\"}"}]}
RESULT: undefined
COMMAND: POST /session/b01c6b88a420c7ddb55b2ed41e434f48/element - {"using":"xpath","value":"//*[@id=\"__tile113\"]"}
RESULT: {"using":"xpath","value":"//*[@id=\"__tile113\"]"}
COMMAND: POST /session/b01c6b88a420c7ddb55b2ed41e434f48/element/f.D12DEAB053DDC9F4B2D58A2F6F668B5F.d.95A1AF0A6E3CB2883C6818B25B592E32.e.4515/click - {}
RESULT: {}
COMMAND: GET /session/b01c6b88a420c7ddb55b2ed41e434f48/screenshot - {}
RESULT: {}
RESULT: undefined
COMMAND: POST /session/b01c6b88a420c7ddb55b2ed41e434f48/element - {"using":"xpath","value":"//*[@id=\"__tile113\"]"}
RESULT: {"using":"xpath","value":"//*[@id=\"__tile113\"]"}
COMMAND: POST /session/b01c6b88a420c7ddb55b2ed41e434f48/element/f.D12DEAB053DDC9F4B2D58A2F6F668B5F.d.95A1AF0A6E3CB2883C6818B25B592E32.e.4515/click - {}
RESULT: undefined
COMMAND: POST /session/b01c6b88a420c7ddb55b2ed41e434f48/element - {"using":"xpath","value":"//*[@id=\"__tile113\"]"}
RESULT: {"using":"xpath","value":"//*[@id=\"__tile113\"]"}
COMMAND: POST /session/b01c6b88a420c7ddb55b2ed41e434f48/element/f.D12DEAB053DDC9F4B2D58A2F6F668B5F.d.95A1AF0A6E3CB2883C6818B25B592E32.e.4515/click - {}
RESULT: undefined
COMMAND: POST /session/b01c6b88a420c7ddb55b2ed41e434f48/execute/async - {"script":"<script> [6424 bytes]","args":[{"element-6066-11e4-a52e-4f735466cecf":"f.D12DEAB053DDC9F4B2D58A2F6F668B5F.d.95A1AF0A6E3CB2883C6818B25B592E32.e.292"},"getTitle",[]]}
COMMAND: POST /session/b01c6b88a420c7ddb55b2ed41e434f48/execute/async - {"script":"<script> [1562 bytes]","args":[{"selector":{"id":"shellAppTitle"},"wdio_ui5_key":"shellAppTitle"}]}
RESULT: {"script":"<script> [1562 bytes]","args":[{"selector":{"id":"shellAppTitle"},"wdio_ui5_key":"shellAppTitle"}]}
COMMAND: POST /session/b01c6b88a420c7ddb55b2ed41e434f48/execute/async - {"script":"<script> [6424 bytes]","args":[{"element-6066-11e4-a52e-4f735466cecf":"f.D12DEAB053DDC9F4B2D58A2F6F668B5F.d.95A1AF0A6E3CB2883C6818B25B592E32.e.4615"},"getTitle",[]]}
RESULT: {"script":"<script> [6424 bytes]","args":[{"element-6066-11e4-a52e-4f735466cecf":"f.D12DEAB053DDC9F4B2D58A2F6F668B5F.d.95A1AF0A6E3CB2883C6818B25B592E32.e.4615"},"getTitle",[]]}
RESULT: undefined
COMMAND: POST /session/b01c6b88a420c7ddb55b2ed41e434f48/element/f.D12DEAB053DDC9F4B2D58A2F6F668B5F.d.95A1AF0A6E3CB2883C6818B25B592E32.e.4419/click - {}
COMMAND: POST /session/b01c6b88a420c7ddb55b2ed41e434f48/element - {"using":"xpath","value":"//*[@id=\"backBtn\"]"}
RESULT: {"using":"xpath","value":"//*[@id=\"backBtn\"]"}
COMMAND: POST /session/b01c6b88a420c7ddb55b2ed41e434f48/element/f.D12DEAB053DDC9F4B2D58A2F6F668B5F.d.95A1AF0A6E3CB2883C6818B25B592E32.e.4419/click - {}
COMMAND: POST /session/b01c6b88a420c7ddb55b2ed41e434f48/element - {"using":"xpath","value":"//*[@id=\"backBtn\"]"}
RESULT: {"using":"xpath","value":"//*[@id=\"backBtn\"]"}
COMMAND: POST /session/b01c6b88a420c7ddb55b2ed41e434f48/element/f.D12DEAB053DDC9F4B2D58A2F6F668B5F.d.95A1AF0A6E3CB2883C6818B25B592E32.e.4616/click - {}
RESULT: {}
COMMAND: GET /session/b01c6b88a420c7ddb55b2ed41e434f48/screenshot - {}
RESULT: {}
]]></system-out>
    </testcase>
    <testcase classname="chrome.135_0_7049_96.windows.Sanity_Tests_US104253" name="Should open Manage Logbook page" time="37.674">
      <system-out><![CDATA[
COMMAND: POST /session/b01c6b88a420c7ddb55b2ed41e434f48/execute/async - {"script":"<script> [1562 bytes]","args":[{"selector":{"controlType":"sap.m.GenericTile","properties":{"header":"Manage Logbook"}},"wdio_ui5_key":"sapm.GenericTile{\"header\":\"Manage Logbook\"}"}]}
RESULT: {"script":"<script> [1562 bytes]","args":[{"selector":{"controlType":"sap.m.GenericTile","properties":{"header":"Manage Logbook"}},"wdio_ui5_key":"sapm.GenericTile{\"header\":\"Manage Logbook\"}"}]}
RESULT: undefined
COMMAND: POST /session/b01c6b88a420c7ddb55b2ed41e434f48/element - {"using":"xpath","value":"//*[@id=\"__tile112\"]"}
RESULT: {"using":"xpath","value":"//*[@id=\"__tile112\"]"}
COMMAND: POST /session/b01c6b88a420c7ddb55b2ed41e434f48/element/f.D12DEAB053DDC9F4B2D58A2F6F668B5F.d.95A1AF0A6E3CB2883C6818B25B592E32.e.4618/click - {}
RESULT: {}
COMMAND: GET /session/b01c6b88a420c7ddb55b2ed41e434f48/screenshot - {}
RESULT: {}
RESULT: undefined
COMMAND: POST /session/b01c6b88a420c7ddb55b2ed41e434f48/element - {"using":"xpath","value":"//*[@id=\"__tile112\"]"}
RESULT: {"using":"xpath","value":"//*[@id=\"__tile112\"]"}
COMMAND: POST /session/b01c6b88a420c7ddb55b2ed41e434f48/element/f.D12DEAB053DDC9F4B2D58A2F6F668B5F.d.95A1AF0A6E3CB2883C6818B25B592E32.e.4618/click - {}
RESULT: undefined
COMMAND: POST /session/b01c6b88a420c7ddb55b2ed41e434f48/element - {"using":"xpath","value":"//*[@id=\"__tile112\"]"}
RESULT: {"using":"xpath","value":"//*[@id=\"__tile112\"]"}
COMMAND: POST /session/b01c6b88a420c7ddb55b2ed41e434f48/element/f.D12DEAB053DDC9F4B2D58A2F6F668B5F.d.95A1AF0A6E3CB2883C6818B25B592E32.e.4618/click - {}
RESULT: undefined
COMMAND: POST /session/b01c6b88a420c7ddb55b2ed41e434f48/execute/async - {"script":"<script> [6424 bytes]","args":[{"element-6066-11e4-a52e-4f735466cecf":"f.D12DEAB053DDC9F4B2D58A2F6F668B5F.d.95A1AF0A6E3CB2883C6818B25B592E32.e.292"},"getTitle",[]]}
COMMAND: POST /session/b01c6b88a420c7ddb55b2ed41e434f48/execute/async - {"script":"<script> [1562 bytes]","args":[{"selector":{"id":"shellAppTitle"},"wdio_ui5_key":"shellAppTitle"}]}
RESULT: {"script":"<script> [1562 bytes]","args":[{"selector":{"id":"shellAppTitle"},"wdio_ui5_key":"shellAppTitle"}]}
COMMAND: POST /session/b01c6b88a420c7ddb55b2ed41e434f48/execute/async - {"script":"<script> [6424 bytes]","args":[{"element-6066-11e4-a52e-4f735466cecf":"f.D12DEAB053DDC9F4B2D58A2F6F668B5F.d.95A1AF0A6E3CB2883C6818B25B592E32.e.4913"},"getTitle",[]]}
RESULT: {"script":"<script> [6424 bytes]","args":[{"element-6066-11e4-a52e-4f735466cecf":"f.D12DEAB053DDC9F4B2D58A2F6F668B5F.d.95A1AF0A6E3CB2883C6818B25B592E32.e.4913"},"getTitle",[]]}
RESULT: undefined
COMMAND: POST /session/b01c6b88a420c7ddb55b2ed41e434f48/element/f.D12DEAB053DDC9F4B2D58A2F6F668B5F.d.95A1AF0A6E3CB2883C6818B25B592E32.e.4616/click - {}
RESULT: {}
COMMAND: GET /session/b01c6b88a420c7ddb55b2ed41e434f48/screenshot - {}
RESULT: {}
]]></system-out>
    </testcase>
    <testcase classname="chrome.135_0_7049_96.windows.Sanity_Tests_US104253" name="Should open ISC Orders Calendar page" time="38.429">
      <system-out><![CDATA[
COMMAND: POST /session/b01c6b88a420c7ddb55b2ed41e434f48/execute/async - {"script":"<script> [1562 bytes]","args":[{"selector":{"controlType":"sap.m.GenericTile","properties":{"header":"ISC Orders Calendar"}},"wdio_ui5_key":"sapm.GenericTile{\"header\":\"ISC Orders Calendar\"}"}]}
RESULT: {"script":"<script> [1562 bytes]","args":[{"selector":{"controlType":"sap.m.GenericTile","properties":{"header":"ISC Orders Calendar"}},"wdio_ui5_key":"sapm.GenericTile{\"header\":\"ISC Orders Calendar\"}"}]}
RESULT: undefined
COMMAND: POST /session/b01c6b88a420c7ddb55b2ed41e434f48/element - {"using":"xpath","value":"//*[@id=\"__tile107\"]"}
RESULT: {"using":"xpath","value":"//*[@id=\"__tile107\"]"}
COMMAND: POST /session/b01c6b88a420c7ddb55b2ed41e434f48/element/f.D12DEAB053DDC9F4B2D58A2F6F668B5F.d.95A1AF0A6E3CB2883C6818B25B592E32.e.4915/click - {}
RESULT: {}
COMMAND: GET /session/b01c6b88a420c7ddb55b2ed41e434f48/screenshot - {}
RESULT: {}
RESULT: undefined
COMMAND: POST /session/b01c6b88a420c7ddb55b2ed41e434f48/element - {"using":"xpath","value":"//*[@id=\"__tile107\"]"}
RESULT: {"using":"xpath","value":"//*[@id=\"__tile107\"]"}
COMMAND: POST /session/b01c6b88a420c7ddb55b2ed41e434f48/element/f.D12DEAB053DDC9F4B2D58A2F6F668B5F.d.95A1AF0A6E3CB2883C6818B25B592E32.e.4915/click - {}
RESULT: undefined
COMMAND: POST /session/b01c6b88a420c7ddb55b2ed41e434f48/element - {"using":"xpath","value":"//*[@id=\"__tile107\"]"}
RESULT: {"using":"xpath","value":"//*[@id=\"__tile107\"]"}
COMMAND: POST /session/b01c6b88a420c7ddb55b2ed41e434f48/element/f.D12DEAB053DDC9F4B2D58A2F6F668B5F.d.95A1AF0A6E3CB2883C6818B25B592E32.e.4915/click - {}
RESULT: undefined
COMMAND: POST /session/b01c6b88a420c7ddb55b2ed41e434f48/execute/async - {"script":"<script> [6424 bytes]","args":[{"element-6066-11e4-a52e-4f735466cecf":"f.D12DEAB053DDC9F4B2D58A2F6F668B5F.d.95A1AF0A6E3CB2883C6818B25B592E32.e.292"},"getTitle",[]]}
COMMAND: POST /session/b01c6b88a420c7ddb55b2ed41e434f48/execute/async - {"script":"<script> [1562 bytes]","args":[{"selector":{"id":"shellAppTitle"},"wdio_ui5_key":"shellAppTitle"}]}
RESULT: {"script":"<script> [1562 bytes]","args":[{"selector":{"id":"shellAppTitle"},"wdio_ui5_key":"shellAppTitle"}]}
COMMAND: POST /session/b01c6b88a420c7ddb55b2ed41e434f48/execute/async - {"script":"<script> [6424 bytes]","args":[{"element-6066-11e4-a52e-4f735466cecf":"f.D12DEAB053DDC9F4B2D58A2F6F668B5F.d.95A1AF0A6E3CB2883C6818B25B592E32.e.5116"},"getTitle",[]]}
RESULT: {"script":"<script> [6424 bytes]","args":[{"element-6066-11e4-a52e-4f735466cecf":"f.D12DEAB053DDC9F4B2D58A2F6F668B5F.d.95A1AF0A6E3CB2883C6818B25B592E32.e.5116"},"getTitle",[]]}
RESULT: undefined
COMMAND: POST /session/b01c6b88a420c7ddb55b2ed41e434f48/element/f.D12DEAB053DDC9F4B2D58A2F6F668B5F.d.95A1AF0A6E3CB2883C6818B25B592E32.e.4616/click - {}
COMMAND: POST /session/b01c6b88a420c7ddb55b2ed41e434f48/element - {"using":"xpath","value":"//*[@id=\"backBtn\"]"}
RESULT: {"using":"xpath","value":"//*[@id=\"backBtn\"]"}
COMMAND: POST /session/b01c6b88a420c7ddb55b2ed41e434f48/element/f.D12DEAB053DDC9F4B2D58A2F6F668B5F.d.95A1AF0A6E3CB2883C6818B25B592E32.e.4616/click - {}
COMMAND: POST /session/b01c6b88a420c7ddb55b2ed41e434f48/element - {"using":"xpath","value":"//*[@id=\"backBtn\"]"}
RESULT: {"using":"xpath","value":"//*[@id=\"backBtn\"]"}
COMMAND: POST /session/b01c6b88a420c7ddb55b2ed41e434f48/element/f.D12DEAB053DDC9F4B2D58A2F6F668B5F.d.95A1AF0A6E3CB2883C6818B25B592E32.e.5117/click - {}
RESULT: {}
COMMAND: GET /session/b01c6b88a420c7ddb55b2ed41e434f48/screenshot - {}
RESULT: {}
]]></system-out>
    </testcase>
    <testcase classname="chrome.135_0_7049_96.windows.Sanity_Tests_US104253" name="Should open Configure System page" time="34.343">
      <system-out><![CDATA[
COMMAND: POST /session/b01c6b88a420c7ddb55b2ed41e434f48/execute/async - {"script":"<script> [1562 bytes]","args":[{"selector":{"controlType":"sap.m.GenericTile","properties":{"header":"Configure System"}},"wdio_ui5_key":"sapm.GenericTile{\"header\":\"Configure System\"}"}]}
RESULT: {"script":"<script> [1562 bytes]","args":[{"selector":{"controlType":"sap.m.GenericTile","properties":{"header":"Configure System"}},"wdio_ui5_key":"sapm.GenericTile{\"header\":\"Configure System\"}"}]}
RESULT: undefined
COMMAND: POST /session/b01c6b88a420c7ddb55b2ed41e434f48/element - {"using":"xpath","value":"//*[@id=\"__tile114\"]"}
RESULT: {"using":"xpath","value":"//*[@id=\"__tile114\"]"}
COMMAND: POST /session/b01c6b88a420c7ddb55b2ed41e434f48/element/f.D12DEAB053DDC9F4B2D58A2F6F668B5F.d.95A1AF0A6E3CB2883C6818B25B592E32.e.5119/click - {}
RESULT: {}
COMMAND: GET /session/b01c6b88a420c7ddb55b2ed41e434f48/screenshot - {}
RESULT: {}
RESULT: undefined
COMMAND: POST /session/b01c6b88a420c7ddb55b2ed41e434f48/element - {"using":"xpath","value":"//*[@id=\"__tile114\"]"}
RESULT: {"using":"xpath","value":"//*[@id=\"__tile114\"]"}
COMMAND: POST /session/b01c6b88a420c7ddb55b2ed41e434f48/element/f.D12DEAB053DDC9F4B2D58A2F6F668B5F.d.95A1AF0A6E3CB2883C6818B25B592E32.e.5119/click - {}
RESULT: undefined
COMMAND: POST /session/b01c6b88a420c7ddb55b2ed41e434f48/element - {"using":"xpath","value":"//*[@id=\"__tile114\"]"}
RESULT: {"using":"xpath","value":"//*[@id=\"__tile114\"]"}
COMMAND: POST /session/b01c6b88a420c7ddb55b2ed41e434f48/element/f.D12DEAB053DDC9F4B2D58A2F6F668B5F.d.95A1AF0A6E3CB2883C6818B25B592E32.e.5119/click - {}
RESULT: undefined
COMMAND: POST /session/b01c6b88a420c7ddb55b2ed41e434f48/execute/async - {"script":"<script> [6424 bytes]","args":[{"element-6066-11e4-a52e-4f735466cecf":"f.D12DEAB053DDC9F4B2D58A2F6F668B5F.d.95A1AF0A6E3CB2883C6818B25B592E32.e.292"},"getTitle",[]]}
COMMAND: POST /session/b01c6b88a420c7ddb55b2ed41e434f48/execute/async - {"script":"<script> [1562 bytes]","args":[{"selector":{"id":"shellAppTitle"},"wdio_ui5_key":"shellAppTitle"}]}
RESULT: {"script":"<script> [1562 bytes]","args":[{"selector":{"id":"shellAppTitle"},"wdio_ui5_key":"shellAppTitle"}]}
COMMAND: POST /session/b01c6b88a420c7ddb55b2ed41e434f48/execute/async - {"script":"<script> [6424 bytes]","args":[{"element-6066-11e4-a52e-4f735466cecf":"f.D12DEAB053DDC9F4B2D58A2F6F668B5F.d.95A1AF0A6E3CB2883C6818B25B592E32.e.5159"},"getTitle",[]]}
RESULT: {"script":"<script> [6424 bytes]","args":[{"element-6066-11e4-a52e-4f735466cecf":"f.D12DEAB053DDC9F4B2D58A2F6F668B5F.d.95A1AF0A6E3CB2883C6818B25B592E32.e.5159"},"getTitle",[]]}
RESULT: undefined
COMMAND: POST /session/b01c6b88a420c7ddb55b2ed41e434f48/element/f.D12DEAB053DDC9F4B2D58A2F6F668B5F.d.95A1AF0A6E3CB2883C6818B25B592E32.e.5117/click - {}
RESULT: {}
COMMAND: GET /session/b01c6b88a420c7ddb55b2ed41e434f48/screenshot - {}
]]></system-out>
    </testcase>
    <testcase classname="chrome.135_0_7049_96.windows.Sanity_Tests_US104253" name="Should open Manage Classifications page" time="45.385">
      <system-out><![CDATA[
COMMAND: POST /session/b01c6b88a420c7ddb55b2ed41e434f48/execute/async - {"script":"<script> [1562 bytes]","args":[{"selector":{"controlType":"sap.m.GenericTile","properties":{"header":"Manage Classifications"}},"wdio_ui5_key":"sapm.GenericTile{\"header\":\"Manage Classifications\"}"}]}
RESULT: {}
RESULT: {"script":"<script> [1562 bytes]","args":[{"selector":{"controlType":"sap.m.GenericTile","properties":{"header":"Manage Classifications"}},"wdio_ui5_key":"sapm.GenericTile{\"header\":\"Manage Classifications\"}"}]}
RESULT: undefined
COMMAND: POST /session/b01c6b88a420c7ddb55b2ed41e434f48/element - {"using":"xpath","value":"//*[@id=\"__tile115\"]"}
RESULT: {"using":"xpath","value":"//*[@id=\"__tile115\"]"}
COMMAND: POST /session/b01c6b88a420c7ddb55b2ed41e434f48/element/f.D12DEAB053DDC9F4B2D58A2F6F668B5F.d.95A1AF0A6E3CB2883C6818B25B592E32.e.5163/click - {}
RESULT: {}
COMMAND: GET /session/b01c6b88a420c7ddb55b2ed41e434f48/screenshot - {}
RESULT: {}
RESULT: undefined
COMMAND: POST /session/b01c6b88a420c7ddb55b2ed41e434f48/element - {"using":"xpath","value":"//*[@id=\"__tile115\"]"}
RESULT: {"using":"xpath","value":"//*[@id=\"__tile115\"]"}
COMMAND: POST /session/b01c6b88a420c7ddb55b2ed41e434f48/element/f.D12DEAB053DDC9F4B2D58A2F6F668B5F.d.95A1AF0A6E3CB2883C6818B25B592E32.e.5163/click - {}
RESULT: undefined
COMMAND: POST /session/b01c6b88a420c7ddb55b2ed41e434f48/element - {"using":"xpath","value":"//*[@id=\"__tile115\"]"}
RESULT: {"using":"xpath","value":"//*[@id=\"__tile115\"]"}
COMMAND: POST /session/b01c6b88a420c7ddb55b2ed41e434f48/element/f.D12DEAB053DDC9F4B2D58A2F6F668B5F.d.95A1AF0A6E3CB2883C6818B25B592E32.e.5163/click - {}
RESULT: undefined
COMMAND: POST /session/b01c6b88a420c7ddb55b2ed41e434f48/execute/async - {"script":"<script> [6424 bytes]","args":[{"element-6066-11e4-a52e-4f735466cecf":"f.D12DEAB053DDC9F4B2D58A2F6F668B5F.d.95A1AF0A6E3CB2883C6818B25B592E32.e.292"},"getTitle",[]]}
COMMAND: POST /session/b01c6b88a420c7ddb55b2ed41e434f48/execute/async - {"script":"<script> [1562 bytes]","args":[{"selector":{"id":"shellAppTitle"},"wdio_ui5_key":"shellAppTitle"}]}
RESULT: {"script":"<script> [1562 bytes]","args":[{"selector":{"id":"shellAppTitle"},"wdio_ui5_key":"shellAppTitle"}]}
COMMAND: POST /session/b01c6b88a420c7ddb55b2ed41e434f48/execute/async - {"script":"<script> [6424 bytes]","args":[{"element-6066-11e4-a52e-4f735466cecf":"f.D12DEAB053DDC9F4B2D58A2F6F668B5F.d.95A1AF0A6E3CB2883C6818B25B592E32.e.5293"},"getTitle",[]]}
RESULT: {"script":"<script> [6424 bytes]","args":[{"element-6066-11e4-a52e-4f735466cecf":"f.D12DEAB053DDC9F4B2D58A2F6F668B5F.d.95A1AF0A6E3CB2883C6818B25B592E32.e.5293"},"getTitle",[]]}
RESULT: undefined
COMMAND: POST /session/b01c6b88a420c7ddb55b2ed41e434f48/element/f.D12DEAB053DDC9F4B2D58A2F6F668B5F.d.95A1AF0A6E3CB2883C6818B25B592E32.e.5117/click - {}
COMMAND: POST /session/b01c6b88a420c7ddb55b2ed41e434f48/element - {"using":"xpath","value":"//*[@id=\"backBtn\"]"}
RESULT: {"using":"xpath","value":"//*[@id=\"backBtn\"]"}
COMMAND: POST /session/b01c6b88a420c7ddb55b2ed41e434f48/element/f.D12DEAB053DDC9F4B2D58A2F6F668B5F.d.95A1AF0A6E3CB2883C6818B25B592E32.e.5117/click - {}
COMMAND: POST /session/b01c6b88a420c7ddb55b2ed41e434f48/element - {"using":"xpath","value":"//*[@id=\"backBtn\"]"}
RESULT: {"using":"xpath","value":"//*[@id=\"backBtn\"]"}
COMMAND: POST /session/b01c6b88a420c7ddb55b2ed41e434f48/element/f.D12DEAB053DDC9F4B2D58A2F6F668B5F.d.95A1AF0A6E3CB2883C6818B25B592E32.e.5294/click - {}
RESULT: {}
COMMAND: GET /session/b01c6b88a420c7ddb55b2ed41e434f48/screenshot - {}
RESULT: {}
]]></system-out>
    </testcase>
    <testcase classname="chrome.135_0_7049_96.windows.Sanity_Tests_US104253" name="Should open Data Explorer page" time="37.562">
      <system-out><![CDATA[
COMMAND: POST /session/b01c6b88a420c7ddb55b2ed41e434f48/execute/async - {"script":"<script> [1562 bytes]","args":[{"selector":{"controlType":"sap.m.GenericTile","properties":{"header":"Data Explorer"}},"wdio_ui5_key":"sapm.GenericTile{\"header\":\"Data Explorer\"}"}]}
RESULT: {"script":"<script> [1562 bytes]","args":[{"selector":{"controlType":"sap.m.GenericTile","properties":{"header":"Data Explorer"}},"wdio_ui5_key":"sapm.GenericTile{\"header\":\"Data Explorer\"}"}]}
RESULT: undefined
COMMAND: POST /session/b01c6b88a420c7ddb55b2ed41e434f48/element - {"using":"xpath","value":"//*[@id=\"__tile117\"]"}
RESULT: {"using":"xpath","value":"//*[@id=\"__tile117\"]"}
COMMAND: POST /session/b01c6b88a420c7ddb55b2ed41e434f48/element/f.D12DEAB053DDC9F4B2D58A2F6F668B5F.d.95A1AF0A6E3CB2883C6818B25B592E32.e.5296/click - {}
RESULT: {}
COMMAND: GET /session/b01c6b88a420c7ddb55b2ed41e434f48/screenshot - {}
RESULT: {}
RESULT: undefined
COMMAND: POST /session/b01c6b88a420c7ddb55b2ed41e434f48/element - {"using":"xpath","value":"//*[@id=\"__tile117\"]"}
RESULT: {"using":"xpath","value":"//*[@id=\"__tile117\"]"}
COMMAND: POST /session/b01c6b88a420c7ddb55b2ed41e434f48/element/f.D12DEAB053DDC9F4B2D58A2F6F668B5F.d.95A1AF0A6E3CB2883C6818B25B592E32.e.5296/click - {}
RESULT: undefined
COMMAND: POST /session/b01c6b88a420c7ddb55b2ed41e434f48/element - {"using":"xpath","value":"//*[@id=\"__tile117\"]"}
RESULT: {"using":"xpath","value":"//*[@id=\"__tile117\"]"}
COMMAND: POST /session/b01c6b88a420c7ddb55b2ed41e434f48/element/f.D12DEAB053DDC9F4B2D58A2F6F668B5F.d.95A1AF0A6E3CB2883C6818B25B592E32.e.5296/click - {}
RESULT: undefined
COMMAND: POST /session/b01c6b88a420c7ddb55b2ed41e434f48/execute/async - {"script":"<script> [6424 bytes]","args":[{"element-6066-11e4-a52e-4f735466cecf":"f.D12DEAB053DDC9F4B2D58A2F6F668B5F.d.95A1AF0A6E3CB2883C6818B25B592E32.e.292"},"getTitle",[]]}
COMMAND: POST /session/b01c6b88a420c7ddb55b2ed41e434f48/execute/async - {"script":"<script> [1562 bytes]","args":[{"selector":{"id":"shellAppTitle"},"wdio_ui5_key":"shellAppTitle"}]}
RESULT: {"script":"<script> [1562 bytes]","args":[{"selector":{"id":"shellAppTitle"},"wdio_ui5_key":"shellAppTitle"}]}
COMMAND: POST /session/b01c6b88a420c7ddb55b2ed41e434f48/execute/async - {"script":"<script> [6424 bytes]","args":[{"element-6066-11e4-a52e-4f735466cecf":"f.D12DEAB053DDC9F4B2D58A2F6F668B5F.d.95A1AF0A6E3CB2883C6818B25B592E32.e.5629"},"getTitle",[]]}
RESULT: {"script":"<script> [6424 bytes]","args":[{"element-6066-11e4-a52e-4f735466cecf":"f.D12DEAB053DDC9F4B2D58A2F6F668B5F.d.95A1AF0A6E3CB2883C6818B25B592E32.e.5629"},"getTitle",[]]}
RESULT: undefined
COMMAND: POST /session/b01c6b88a420c7ddb55b2ed41e434f48/element/f.D12DEAB053DDC9F4B2D58A2F6F668B5F.d.95A1AF0A6E3CB2883C6818B25B592E32.e.5294/click - {}
RESULT: {}
COMMAND: GET /session/b01c6b88a420c7ddb55b2ed41e434f48/screenshot - {}
RESULT: {}
]]></system-out>
    </testcase>
    <testcase classname="chrome.135_0_7049_96.windows.Sanity_Tests_US104253" name="Should open Performance Monitor page" time="35.745">
      <system-out><![CDATA[
COMMAND: POST /session/b01c6b88a420c7ddb55b2ed41e434f48/execute/async - {"script":"<script> [1562 bytes]","args":[{"selector":{"controlType":"sap.m.GenericTile","properties":{"header":"Performance Monitor"}},"wdio_ui5_key":"sapm.GenericTile{\"header\":\"Performance Monitor\"}"}]}
RESULT: {"script":"<script> [1562 bytes]","args":[{"selector":{"controlType":"sap.m.GenericTile","properties":{"header":"Performance Monitor"}},"wdio_ui5_key":"sapm.GenericTile{\"header\":\"Performance Monitor\"}"}]}
RESULT: undefined
COMMAND: POST /session/b01c6b88a420c7ddb55b2ed41e434f48/element - {"using":"xpath","value":"//*[@id=\"__tile116\"]"}
RESULT: {"using":"xpath","value":"//*[@id=\"__tile116\"]"}
COMMAND: POST /session/b01c6b88a420c7ddb55b2ed41e434f48/element/f.D12DEAB053DDC9F4B2D58A2F6F668B5F.d.95A1AF0A6E3CB2883C6818B25B592E32.e.109/click - {}
RESULT: {}
COMMAND: GET /session/b01c6b88a420c7ddb55b2ed41e434f48/screenshot - {}
RESULT: {}
RESULT: undefined
COMMAND: POST /session/b01c6b88a420c7ddb55b2ed41e434f48/element - {"using":"xpath","value":"//*[@id=\"__tile116\"]"}
RESULT: {"using":"xpath","value":"//*[@id=\"__tile116\"]"}
COMMAND: POST /session/b01c6b88a420c7ddb55b2ed41e434f48/element/f.D12DEAB053DDC9F4B2D58A2F6F668B5F.d.95A1AF0A6E3CB2883C6818B25B592E32.e.109/click - {}
RESULT: undefined
COMMAND: POST /session/b01c6b88a420c7ddb55b2ed41e434f48/element - {"using":"xpath","value":"//*[@id=\"__tile116\"]"}
RESULT: {"using":"xpath","value":"//*[@id=\"__tile116\"]"}
COMMAND: POST /session/b01c6b88a420c7ddb55b2ed41e434f48/element/f.D12DEAB053DDC9F4B2D58A2F6F668B5F.d.95A1AF0A6E3CB2883C6818B25B592E32.e.109/click - {}
RESULT: undefined
COMMAND: POST /session/b01c6b88a420c7ddb55b2ed41e434f48/execute/async - {"script":"<script> [6424 bytes]","args":[{"element-6066-11e4-a52e-4f735466cecf":"f.D12DEAB053DDC9F4B2D58A2F6F668B5F.d.95A1AF0A6E3CB2883C6818B25B592E32.e.292"},"getTitle",[]]}
COMMAND: POST /session/b01c6b88a420c7ddb55b2ed41e434f48/execute/async - {"script":"<script> [1562 bytes]","args":[{"selector":{"id":"shellAppTitle"},"wdio_ui5_key":"shellAppTitle"}]}
RESULT: {"script":"<script> [1562 bytes]","args":[{"selector":{"id":"shellAppTitle"},"wdio_ui5_key":"shellAppTitle"}]}
COMMAND: POST /session/b01c6b88a420c7ddb55b2ed41e434f48/execute/async - {"script":"<script> [6424 bytes]","args":[{"element-6066-11e4-a52e-4f735466cecf":"f.D12DEAB053DDC9F4B2D58A2F6F668B5F.d.95A1AF0A6E3CB2883C6818B25B592E32.e.5671"},"getTitle",[]]}
RESULT: {"script":"<script> [6424 bytes]","args":[{"element-6066-11e4-a52e-4f735466cecf":"f.D12DEAB053DDC9F4B2D58A2F6F668B5F.d.95A1AF0A6E3CB2883C6818B25B592E32.e.5671"},"getTitle",[]]}
RESULT: undefined
COMMAND: POST /session/b01c6b88a420c7ddb55b2ed41e434f48/element/f.D12DEAB053DDC9F4B2D58A2F6F668B5F.d.95A1AF0A6E3CB2883C6818B25B592E32.e.5294/click - {}
COMMAND: POST /session/b01c6b88a420c7ddb55b2ed41e434f48/element - {"using":"xpath","value":"//*[@id=\"backBtn\"]"}
RESULT: {"using":"xpath","value":"//*[@id=\"backBtn\"]"}
COMMAND: POST /session/b01c6b88a420c7ddb55b2ed41e434f48/element/f.D12DEAB053DDC9F4B2D58A2F6F668B5F.d.95A1AF0A6E3CB2883C6818B25B592E32.e.5294/click - {}
COMMAND: POST /session/b01c6b88a420c7ddb55b2ed41e434f48/element - {"using":"xpath","value":"//*[@id=\"backBtn\"]"}
RESULT: {"using":"xpath","value":"//*[@id=\"backBtn\"]"}
COMMAND: POST /session/b01c6b88a420c7ddb55b2ed41e434f48/element/f.D12DEAB053DDC9F4B2D58A2F6F668B5F.d.95A1AF0A6E3CB2883C6818B25B592E32.e.5672/click - {}
RESULT: {}
COMMAND: GET /session/b01c6b88a420c7ddb55b2ed41e434f48/screenshot - {}
RESULT: {}
]]></system-out>
    </testcase>
    <testcase classname="chrome.135_0_7049_96.windows.Sanity_Tests_US104253" name="Should open Organizational Model page" time="36.136">
      <system-out><![CDATA[
COMMAND: POST /session/b01c6b88a420c7ddb55b2ed41e434f48/execute/async - {"script":"<script> [1562 bytes]","args":[{"selector":{"controlType":"sap.m.GenericTile","properties":{"header":"Organizational Model"}},"wdio_ui5_key":"sapm.GenericTile{\"header\":\"Organizational Model\"}"}]}
RESULT: {"script":"<script> [1562 bytes]","args":[{"selector":{"controlType":"sap.m.GenericTile","properties":{"header":"Organizational Model"}},"wdio_ui5_key":"sapm.GenericTile{\"header\":\"Organizational Model\"}"}]}
RESULT: undefined
COMMAND: POST /session/b01c6b88a420c7ddb55b2ed41e434f48/element - {"using":"xpath","value":"//*[@id=\"__tile120\"]"}
RESULT: {"using":"xpath","value":"//*[@id=\"__tile120\"]"}
COMMAND: POST /session/b01c6b88a420c7ddb55b2ed41e434f48/element/f.D12DEAB053DDC9F4B2D58A2F6F668B5F.d.95A1AF0A6E3CB2883C6818B25B592E32.e.5675/click - {}
RESULT: {}
COMMAND: GET /session/b01c6b88a420c7ddb55b2ed41e434f48/screenshot - {}
RESULT: {}
RESULT: undefined
COMMAND: POST /session/b01c6b88a420c7ddb55b2ed41e434f48/element - {"using":"xpath","value":"//*[@id=\"__tile120\"]"}
RESULT: {"using":"xpath","value":"//*[@id=\"__tile120\"]"}
COMMAND: POST /session/b01c6b88a420c7ddb55b2ed41e434f48/element/f.D12DEAB053DDC9F4B2D58A2F6F668B5F.d.95A1AF0A6E3CB2883C6818B25B592E32.e.5675/click - {}
RESULT: undefined
COMMAND: POST /session/b01c6b88a420c7ddb55b2ed41e434f48/element - {"using":"xpath","value":"//*[@id=\"__tile120\"]"}
RESULT: {"using":"xpath","value":"//*[@id=\"__tile120\"]"}
COMMAND: POST /session/b01c6b88a420c7ddb55b2ed41e434f48/element/f.D12DEAB053DDC9F4B2D58A2F6F668B5F.d.95A1AF0A6E3CB2883C6818B25B592E32.e.5675/click - {}
RESULT: undefined
COMMAND: POST /session/b01c6b88a420c7ddb55b2ed41e434f48/execute/async - {"script":"<script> [6424 bytes]","args":[{"element-6066-11e4-a52e-4f735466cecf":"f.D12DEAB053DDC9F4B2D58A2F6F668B5F.d.95A1AF0A6E3CB2883C6818B25B592E32.e.292"},"getTitle",[]]}
COMMAND: POST /session/b01c6b88a420c7ddb55b2ed41e434f48/execute/async - {"script":"<script> [1562 bytes]","args":[{"selector":{"id":"shellAppTitle"},"wdio_ui5_key":"shellAppTitle"}]}
RESULT: {"script":"<script> [1562 bytes]","args":[{"selector":{"id":"shellAppTitle"},"wdio_ui5_key":"shellAppTitle"}]}
COMMAND: POST /session/b01c6b88a420c7ddb55b2ed41e434f48/execute/async - {"script":"<script> [6424 bytes]","args":[{"element-6066-11e4-a52e-4f735466cecf":"f.D12DEAB053DDC9F4B2D58A2F6F668B5F.d.95A1AF0A6E3CB2883C6818B25B592E32.e.5694"},"getTitle",[]]}
RESULT: {"script":"<script> [6424 bytes]","args":[{"element-6066-11e4-a52e-4f735466cecf":"f.D12DEAB053DDC9F4B2D58A2F6F668B5F.d.95A1AF0A6E3CB2883C6818B25B592E32.e.5694"},"getTitle",[]]}
RESULT: undefined
COMMAND: POST /session/b01c6b88a420c7ddb55b2ed41e434f48/element/f.D12DEAB053DDC9F4B2D58A2F6F668B5F.d.95A1AF0A6E3CB2883C6818B25B592E32.e.5672/click - {}
RESULT: {}
COMMAND: GET /session/b01c6b88a420c7ddb55b2ed41e434f48/screenshot - {}
RESULT: {}
]]></system-out>
    </testcase>
    <testcase classname="chrome.135_0_7049_96.windows.Sanity_Tests_US104253" name="Should open Manage Roles page" time="35.407">
      <system-out><![CDATA[
COMMAND: POST /session/b01c6b88a420c7ddb55b2ed41e434f48/execute/async - {"script":"<script> [1562 bytes]","args":[{"selector":{"controlType":"sap.m.GenericTile","properties":{"header":"Manage Roles"}},"wdio_ui5_key":"sapm.GenericTile{\"header\":\"Manage Roles\"}"}]}
RESULT: {"script":"<script> [1562 bytes]","args":[{"selector":{"controlType":"sap.m.GenericTile","properties":{"header":"Manage Roles"}},"wdio_ui5_key":"sapm.GenericTile{\"header\":\"Manage Roles\"}"}]}
RESULT: undefined
COMMAND: POST /session/b01c6b88a420c7ddb55b2ed41e434f48/element - {"using":"xpath","value":"//*[@id=\"__tile119\"]"}
RESULT: {"using":"xpath","value":"//*[@id=\"__tile119\"]"}
COMMAND: POST /session/b01c6b88a420c7ddb55b2ed41e434f48/element/f.D12DEAB053DDC9F4B2D58A2F6F668B5F.d.95A1AF0A6E3CB2883C6818B25B592E32.e.5696/click - {}
RESULT: {}
COMMAND: GET /session/b01c6b88a420c7ddb55b2ed41e434f48/screenshot - {}
RESULT: {}
RESULT: undefined
COMMAND: POST /session/b01c6b88a420c7ddb55b2ed41e434f48/element - {"using":"xpath","value":"//*[@id=\"__tile119\"]"}
RESULT: {"using":"xpath","value":"//*[@id=\"__tile119\"]"}
COMMAND: POST /session/b01c6b88a420c7ddb55b2ed41e434f48/element/f.D12DEAB053DDC9F4B2D58A2F6F668B5F.d.95A1AF0A6E3CB2883C6818B25B592E32.e.5696/click - {}
RESULT: undefined
COMMAND: POST /session/b01c6b88a420c7ddb55b2ed41e434f48/element - {"using":"xpath","value":"//*[@id=\"__tile119\"]"}
RESULT: {"using":"xpath","value":"//*[@id=\"__tile119\"]"}
COMMAND: POST /session/b01c6b88a420c7ddb55b2ed41e434f48/element/f.D12DEAB053DDC9F4B2D58A2F6F668B5F.d.95A1AF0A6E3CB2883C6818B25B592E32.e.5696/click - {}
RESULT: undefined
COMMAND: POST /session/b01c6b88a420c7ddb55b2ed41e434f48/execute/async - {"script":"<script> [6424 bytes]","args":[{"element-6066-11e4-a52e-4f735466cecf":"f.D12DEAB053DDC9F4B2D58A2F6F668B5F.d.95A1AF0A6E3CB2883C6818B25B592E32.e.292"},"getTitle",[]]}
COMMAND: POST /session/b01c6b88a420c7ddb55b2ed41e434f48/execute/async - {"script":"<script> [1562 bytes]","args":[{"selector":{"id":"shellAppTitle"},"wdio_ui5_key":"shellAppTitle"}]}
RESULT: {"script":"<script> [1562 bytes]","args":[{"selector":{"id":"shellAppTitle"},"wdio_ui5_key":"shellAppTitle"}]}
COMMAND: POST /session/b01c6b88a420c7ddb55b2ed41e434f48/execute/async - {"script":"<script> [6424 bytes]","args":[{"element-6066-11e4-a52e-4f735466cecf":"f.D12DEAB053DDC9F4B2D58A2F6F668B5F.d.95A1AF0A6E3CB2883C6818B25B592E32.e.5742"},"getTitle",[]]}
RESULT: {"script":"<script> [6424 bytes]","args":[{"element-6066-11e4-a52e-4f735466cecf":"f.D12DEAB053DDC9F4B2D58A2F6F668B5F.d.95A1AF0A6E3CB2883C6818B25B592E32.e.5742"},"getTitle",[]]}
RESULT: undefined
COMMAND: POST /session/b01c6b88a420c7ddb55b2ed41e434f48/element/f.D12DEAB053DDC9F4B2D58A2F6F668B5F.d.95A1AF0A6E3CB2883C6818B25B592E32.e.5672/click - {}
COMMAND: POST /session/b01c6b88a420c7ddb55b2ed41e434f48/element - {"using":"xpath","value":"//*[@id=\"backBtn\"]"}
RESULT: {"using":"xpath","value":"//*[@id=\"backBtn\"]"}
COMMAND: POST /session/b01c6b88a420c7ddb55b2ed41e434f48/element/f.D12DEAB053DDC9F4B2D58A2F6F668B5F.d.95A1AF0A6E3CB2883C6818B25B592E32.e.5672/click - {}
COMMAND: POST /session/b01c6b88a420c7ddb55b2ed41e434f48/element - {"using":"xpath","value":"//*[@id=\"backBtn\"]"}
RESULT: {"using":"xpath","value":"//*[@id=\"backBtn\"]"}
COMMAND: POST /session/b01c6b88a420c7ddb55b2ed41e434f48/element/f.D12DEAB053DDC9F4B2D58A2F6F668B5F.d.95A1AF0A6E3CB2883C6818B25B592E32.e.5743/click - {}
RESULT: {}
COMMAND: GET /session/b01c6b88a420c7ddb55b2ed41e434f48/screenshot - {}
RESULT: {}
]]></system-out>
    </testcase>
    <testcase classname="chrome.135_0_7049_96.windows.Sanity_Tests_US104253" name="Should open Authorization Tables page" time="36.117">
      <system-out><![CDATA[
COMMAND: POST /session/b01c6b88a420c7ddb55b2ed41e434f48/execute/async - {"script":"<script> [1562 bytes]","args":[{"selector":{"controlType":"sap.m.GenericTile","properties":{"header":"Authorization Tables"}},"wdio_ui5_key":"sapm.GenericTile{\"header\":\"Authorization Tables\"}"}]}
RESULT: {"script":"<script> [1562 bytes]","args":[{"selector":{"controlType":"sap.m.GenericTile","properties":{"header":"Authorization Tables"}},"wdio_ui5_key":"sapm.GenericTile{\"header\":\"Authorization Tables\"}"}]}
RESULT: undefined
COMMAND: POST /session/b01c6b88a420c7ddb55b2ed41e434f48/element - {"using":"xpath","value":"//*[@id=\"__tile118\"]"}
RESULT: {"using":"xpath","value":"//*[@id=\"__tile118\"]"}
COMMAND: POST /session/b01c6b88a420c7ddb55b2ed41e434f48/element/f.D12DEAB053DDC9F4B2D58A2F6F668B5F.d.95A1AF0A6E3CB2883C6818B25B592E32.e.5745/click - {}
RESULT: {}
COMMAND: GET /session/b01c6b88a420c7ddb55b2ed41e434f48/screenshot - {}
RESULT: {}
RESULT: undefined
COMMAND: POST /session/b01c6b88a420c7ddb55b2ed41e434f48/element - {"using":"xpath","value":"//*[@id=\"__tile118\"]"}
RESULT: {"using":"xpath","value":"//*[@id=\"__tile118\"]"}
COMMAND: POST /session/b01c6b88a420c7ddb55b2ed41e434f48/element/f.D12DEAB053DDC9F4B2D58A2F6F668B5F.d.95A1AF0A6E3CB2883C6818B25B592E32.e.5745/click - {}
RESULT: undefined
COMMAND: POST /session/b01c6b88a420c7ddb55b2ed41e434f48/element - {"using":"xpath","value":"//*[@id=\"__tile118\"]"}
RESULT: {"using":"xpath","value":"//*[@id=\"__tile118\"]"}
COMMAND: POST /session/b01c6b88a420c7ddb55b2ed41e434f48/element/f.D12DEAB053DDC9F4B2D58A2F6F668B5F.d.95A1AF0A6E3CB2883C6818B25B592E32.e.5745/click - {}
RESULT: undefined
COMMAND: POST /session/b01c6b88a420c7ddb55b2ed41e434f48/execute/async - {"script":"<script> [6424 bytes]","args":[{"element-6066-11e4-a52e-4f735466cecf":"f.D12DEAB053DDC9F4B2D58A2F6F668B5F.d.95A1AF0A6E3CB2883C6818B25B592E32.e.292"},"getTitle",[]]}
COMMAND: POST /session/b01c6b88a420c7ddb55b2ed41e434f48/execute/async - {"script":"<script> [1562 bytes]","args":[{"selector":{"id":"shellAppTitle"},"wdio_ui5_key":"shellAppTitle"}]}
RESULT: {"script":"<script> [1562 bytes]","args":[{"selector":{"id":"shellAppTitle"},"wdio_ui5_key":"shellAppTitle"}]}
COMMAND: POST /session/b01c6b88a420c7ddb55b2ed41e434f48/execute/async - {"script":"<script> [6424 bytes]","args":[{"element-6066-11e4-a52e-4f735466cecf":"f.D12DEAB053DDC9F4B2D58A2F6F668B5F.d.95A1AF0A6E3CB2883C6818B25B592E32.e.5822"},"getTitle",[]]}
RESULT: {"script":"<script> [6424 bytes]","args":[{"element-6066-11e4-a52e-4f735466cecf":"f.D12DEAB053DDC9F4B2D58A2F6F668B5F.d.95A1AF0A6E3CB2883C6818B25B592E32.e.5822"},"getTitle",[]]}
RESULT: undefined
COMMAND: POST /session/b01c6b88a420c7ddb55b2ed41e434f48/element/f.D12DEAB053DDC9F4B2D58A2F6F668B5F.d.95A1AF0A6E3CB2883C6818B25B592E32.e.5743/click - {}
RESULT: {}
COMMAND: GET /session/b01c6b88a420c7ddb55b2ed41e434f48/screenshot - {}
RESULT: {}
]]></system-out>
    </testcase>
    <testcase classname="chrome.135_0_7049_96.windows.Sanity_Tests_US104253" name="Should open User Maintenance page" time="35.058">
      <system-out><![CDATA[
COMMAND: POST /session/b01c6b88a420c7ddb55b2ed41e434f48/execute/async - {"script":"<script> [1562 bytes]","args":[{"selector":{"controlType":"sap.m.GenericTile","properties":{"header":"User Maintenance"}},"wdio_ui5_key":"sapm.GenericTile{\"header\":\"User Maintenance\"}"}]}
RESULT: {"script":"<script> [1562 bytes]","args":[{"selector":{"controlType":"sap.m.GenericTile","properties":{"header":"User Maintenance"}},"wdio_ui5_key":"sapm.GenericTile{\"header\":\"User Maintenance\"}"}]}
RESULT: undefined
COMMAND: POST /session/b01c6b88a420c7ddb55b2ed41e434f48/element - {"using":"xpath","value":"//*[@id=\"__tile121\"]"}
RESULT: {"using":"xpath","value":"//*[@id=\"__tile121\"]"}
COMMAND: POST /session/b01c6b88a420c7ddb55b2ed41e434f48/element/f.D12DEAB053DDC9F4B2D58A2F6F668B5F.d.95A1AF0A6E3CB2883C6818B25B592E32.e.5824/click - {}
RESULT: {}
COMMAND: GET /session/b01c6b88a420c7ddb55b2ed41e434f48/screenshot - {}
RESULT: {}
RESULT: undefined
COMMAND: POST /session/b01c6b88a420c7ddb55b2ed41e434f48/element - {"using":"xpath","value":"//*[@id=\"__tile121\"]"}
RESULT: {"using":"xpath","value":"//*[@id=\"__tile121\"]"}
COMMAND: POST /session/b01c6b88a420c7ddb55b2ed41e434f48/element/f.D12DEAB053DDC9F4B2D58A2F6F668B5F.d.95A1AF0A6E3CB2883C6818B25B592E32.e.5824/click - {}
RESULT: undefined
COMMAND: POST /session/b01c6b88a420c7ddb55b2ed41e434f48/element - {"using":"xpath","value":"//*[@id=\"__tile121\"]"}
RESULT: {"using":"xpath","value":"//*[@id=\"__tile121\"]"}
COMMAND: POST /session/b01c6b88a420c7ddb55b2ed41e434f48/element/f.D12DEAB053DDC9F4B2D58A2F6F668B5F.d.95A1AF0A6E3CB2883C6818B25B592E32.e.5824/click - {}
RESULT: undefined
COMMAND: POST /session/b01c6b88a420c7ddb55b2ed41e434f48/execute/async - {"script":"<script> [6424 bytes]","args":[{"element-6066-11e4-a52e-4f735466cecf":"f.D12DEAB053DDC9F4B2D58A2F6F668B5F.d.95A1AF0A6E3CB2883C6818B25B592E32.e.292"},"getTitle",[]]}
COMMAND: POST /session/b01c6b88a420c7ddb55b2ed41e434f48/execute/async - {"script":"<script> [1562 bytes]","args":[{"selector":{"id":"shellAppTitle"},"wdio_ui5_key":"shellAppTitle"}]}
RESULT: {"script":"<script> [1562 bytes]","args":[{"selector":{"id":"shellAppTitle"},"wdio_ui5_key":"shellAppTitle"}]}
COMMAND: POST /session/b01c6b88a420c7ddb55b2ed41e434f48/execute/async - {"script":"<script> [6424 bytes]","args":[{"element-6066-11e4-a52e-4f735466cecf":"f.D12DEAB053DDC9F4B2D58A2F6F668B5F.d.95A1AF0A6E3CB2883C6818B25B592E32.e.5916"},"getTitle",[]]}
RESULT: {"script":"<script> [6424 bytes]","args":[{"element-6066-11e4-a52e-4f735466cecf":"f.D12DEAB053DDC9F4B2D58A2F6F668B5F.d.95A1AF0A6E3CB2883C6818B25B592E32.e.5916"},"getTitle",[]]}
RESULT: undefined
COMMAND: POST /session/b01c6b88a420c7ddb55b2ed41e434f48/element/f.D12DEAB053DDC9F4B2D58A2F6F668B5F.d.95A1AF0A6E3CB2883C6818B25B592E32.e.5743/click - {}
COMMAND: POST /session/b01c6b88a420c7ddb55b2ed41e434f48/element - {"using":"xpath","value":"//*[@id=\"backBtn\"]"}
RESULT: {"using":"xpath","value":"//*[@id=\"backBtn\"]"}
COMMAND: POST /session/b01c6b88a420c7ddb55b2ed41e434f48/element/f.D12DEAB053DDC9F4B2D58A2F6F668B5F.d.95A1AF0A6E3CB2883C6818B25B592E32.e.5743/click - {}
COMMAND: POST /session/b01c6b88a420c7ddb55b2ed41e434f48/element - {"using":"xpath","value":"//*[@id=\"backBtn\"]"}
RESULT: {"using":"xpath","value":"//*[@id=\"backBtn\"]"}
COMMAND: POST /session/b01c6b88a420c7ddb55b2ed41e434f48/element/f.D12DEAB053DDC9F4B2D58A2F6F668B5F.d.95A1AF0A6E3CB2883C6818B25B592E32.e.5917/click - {}
RESULT: {}
COMMAND: GET /session/b01c6b88a420c7ddb55b2ed41e434f48/screenshot - {}
RESULT: {}
]]></system-out>
    </testcase>
    <testcase classname="chrome.135_0_7049_96.windows.Sanity_Tests_US104253" name="Should open Schedule Jobs page" time="26.26">
      <system-out><![CDATA[
COMMAND: POST /session/b01c6b88a420c7ddb55b2ed41e434f48/execute/async - {"script":"<script> [1562 bytes]","args":[{"selector":{"controlType":"sap.m.GenericTile","properties":{"header":"Schedule Jobs"}},"wdio_ui5_key":"sapm.GenericTile{\"header\":\"Schedule Jobs\"}"}]}
RESULT: {"script":"<script> [1562 bytes]","args":[{"selector":{"controlType":"sap.m.GenericTile","properties":{"header":"Schedule Jobs"}},"wdio_ui5_key":"sapm.GenericTile{\"header\":\"Schedule Jobs\"}"}]}
RESULT: undefined
COMMAND: POST /session/b01c6b88a420c7ddb55b2ed41e434f48/element - {"using":"xpath","value":"//*[@id=\"__tile127\"]"}
RESULT: {"using":"xpath","value":"//*[@id=\"__tile127\"]"}
COMMAND: POST /session/b01c6b88a420c7ddb55b2ed41e434f48/element/f.D12DEAB053DDC9F4B2D58A2F6F668B5F.d.95A1AF0A6E3CB2883C6818B25B592E32.e.5921/click - {}
RESULT: {}
COMMAND: GET /session/b01c6b88a420c7ddb55b2ed41e434f48/screenshot - {}
RESULT: {}
RESULT: undefined
COMMAND: POST /session/b01c6b88a420c7ddb55b2ed41e434f48/element - {"using":"xpath","value":"//*[@id=\"__tile127\"]"}
RESULT: {"using":"xpath","value":"//*[@id=\"__tile127\"]"}
COMMAND: POST /session/b01c6b88a420c7ddb55b2ed41e434f48/element/f.D12DEAB053DDC9F4B2D58A2F6F668B5F.d.95A1AF0A6E3CB2883C6818B25B592E32.e.5921/click - {}
RESULT: undefined
COMMAND: POST /session/b01c6b88a420c7ddb55b2ed41e434f48/element - {"using":"xpath","value":"//*[@id=\"__tile127\"]"}
RESULT: {"using":"xpath","value":"//*[@id=\"__tile127\"]"}
COMMAND: POST /session/b01c6b88a420c7ddb55b2ed41e434f48/element/f.D12DEAB053DDC9F4B2D58A2F6F668B5F.d.95A1AF0A6E3CB2883C6818B25B592E32.e.5921/click - {}
RESULT: undefined
COMMAND: POST /session/b01c6b88a420c7ddb55b2ed41e434f48/execute/async - {"script":"<script> [6424 bytes]","args":[{"element-6066-11e4-a52e-4f735466cecf":"f.D12DEAB053DDC9F4B2D58A2F6F668B5F.d.95A1AF0A6E3CB2883C6818B25B592E32.e.292"},"getTitle",[]]}
COMMAND: POST /session/b01c6b88a420c7ddb55b2ed41e434f48/execute/async - {"script":"<script> [1562 bytes]","args":[{"selector":{"id":"shellAppTitle"},"wdio_ui5_key":"shellAppTitle"}]}
RESULT: {"script":"<script> [1562 bytes]","args":[{"selector":{"id":"shellAppTitle"},"wdio_ui5_key":"shellAppTitle"}]}
COMMAND: POST /session/b01c6b88a420c7ddb55b2ed41e434f48/execute/async - {"script":"<script> [6424 bytes]","args":[{"element-6066-11e4-a52e-4f735466cecf":"f.D12DEAB053DDC9F4B2D58A2F6F668B5F.d.95A1AF0A6E3CB2883C6818B25B592E32.e.5967"},"getTitle",[]]}
RESULT: {"script":"<script> [6424 bytes]","args":[{"element-6066-11e4-a52e-4f735466cecf":"f.D12DEAB053DDC9F4B2D58A2F6F668B5F.d.95A1AF0A6E3CB2883C6818B25B592E32.e.5967"},"getTitle",[]]}
RESULT: undefined
COMMAND: POST /session/b01c6b88a420c7ddb55b2ed41e434f48/element/f.D12DEAB053DDC9F4B2D58A2F6F668B5F.d.95A1AF0A6E3CB2883C6818B25B592E32.e.5917/click - {}
COMMAND: POST /session/b01c6b88a420c7ddb55b2ed41e434f48/element/f.D12DEAB053DDC9F4B2D58A2F6F668B5F.d.95A1AF0A6E3CB2883C6818B25B592E32.e.5917/click - {}
RESULT: {}
COMMAND: GET /session/b01c6b88a420c7ddb55b2ed41e434f48/screenshot - {}
COMMAND: POST /session/b01c6b88a420c7ddb55b2ed41e434f48/element - {"using":"xpath","value":"//*[@id=\"backBtn\"]"}
RESULT: {}
RESULT: {"using":"xpath","value":"//*[@id=\"backBtn\"]"}
COMMAND: POST /session/b01c6b88a420c7ddb55b2ed41e434f48/elements - {"using":"xpath","value":"//*[@id=\"backBtn\"]"}
RESULT: {"using":"xpath","value":"//*[@id=\"backBtn\"]"}
COMMAND: POST /session/b01c6b88a420c7ddb55b2ed41e434f48/elements - {"using":"xpath","value":"//*[@id=\"backBtn\"]"}
RESULT: {"using":"xpath","value":"//*[@id=\"backBtn\"]"}
COMMAND: POST /session/b01c6b88a420c7ddb55b2ed41e434f48/elements - {"using":"xpath","value":"//*[@id=\"backBtn\"]"}
RESULT: {"using":"xpath","value":"//*[@id=\"backBtn\"]"}
COMMAND: POST /session/b01c6b88a420c7ddb55b2ed41e434f48/elements - {"using":"xpath","value":"//*[@id=\"backBtn\"]"}
RESULT: {"using":"xpath","value":"//*[@id=\"backBtn\"]"}
COMMAND: POST /session/b01c6b88a420c7ddb55b2ed41e434f48/elements - {"using":"xpath","value":"//*[@id=\"backBtn\"]"}
RESULT: {"using":"xpath","value":"//*[@id=\"backBtn\"]"}
COMMAND: POST /session/b01c6b88a420c7ddb55b2ed41e434f48/elements - {"using":"xpath","value":"//*[@id=\"backBtn\"]"}
RESULT: {"using":"xpath","value":"//*[@id=\"backBtn\"]"}
COMMAND: POST /session/b01c6b88a420c7ddb55b2ed41e434f48/elements - {"using":"xpath","value":"//*[@id=\"backBtn\"]"}
RESULT: {"using":"xpath","value":"//*[@id=\"backBtn\"]"}
COMMAND: POST /session/b01c6b88a420c7ddb55b2ed41e434f48/elements - {"using":"xpath","value":"//*[@id=\"backBtn\"]"}
RESULT: {"using":"xpath","value":"//*[@id=\"backBtn\"]"}
COMMAND: POST /session/b01c6b88a420c7ddb55b2ed41e434f48/elements - {"using":"xpath","value":"//*[@id=\"backBtn\"]"}
RESULT: {"using":"xpath","value":"//*[@id=\"backBtn\"]"}
COMMAND: POST /session/b01c6b88a420c7ddb55b2ed41e434f48/elements - {"using":"xpath","value":"//*[@id=\"backBtn\"]"}
RESULT: {"using":"xpath","value":"//*[@id=\"backBtn\"]"}
COMMAND: POST /session/b01c6b88a420c7ddb55b2ed41e434f48/elements - {"using":"xpath","value":"//*[@id=\"backBtn\"]"}
RESULT: {"using":"xpath","value":"//*[@id=\"backBtn\"]"}
COMMAND: POST /session/b01c6b88a420c7ddb55b2ed41e434f48/elements - {"using":"xpath","value":"//*[@id=\"backBtn\"]"}
RESULT: {"using":"xpath","value":"//*[@id=\"backBtn\"]"}
COMMAND: POST /session/b01c6b88a420c7ddb55b2ed41e434f48/elements - {"using":"xpath","value":"//*[@id=\"backBtn\"]"}
RESULT: {"using":"xpath","value":"//*[@id=\"backBtn\"]"}
COMMAND: POST /session/b01c6b88a420c7ddb55b2ed41e434f48/elements - {"using":"xpath","value":"//*[@id=\"backBtn\"]"}
RESULT: {"using":"xpath","value":"//*[@id=\"backBtn\"]"}
COMMAND: POST /session/b01c6b88a420c7ddb55b2ed41e434f48/elements - {"using":"xpath","value":"//*[@id=\"backBtn\"]"}
RESULT: {"using":"xpath","value":"//*[@id=\"backBtn\"]"}
COMMAND: POST /session/b01c6b88a420c7ddb55b2ed41e434f48/elements - {"using":"xpath","value":"//*[@id=\"backBtn\"]"}
RESULT: {"using":"xpath","value":"//*[@id=\"backBtn\"]"}
COMMAND: POST /session/b01c6b88a420c7ddb55b2ed41e434f48/elements - {"using":"xpath","value":"//*[@id=\"backBtn\"]"}
RESULT: {"using":"xpath","value":"//*[@id=\"backBtn\"]"}
COMMAND: POST /session/b01c6b88a420c7ddb55b2ed41e434f48/elements - {"using":"xpath","value":"//*[@id=\"backBtn\"]"}
RESULT: {"using":"xpath","value":"//*[@id=\"backBtn\"]"}
COMMAND: POST /session/b01c6b88a420c7ddb55b2ed41e434f48/elements - {"using":"xpath","value":"//*[@id=\"backBtn\"]"}
RESULT: {"using":"xpath","value":"//*[@id=\"backBtn\"]"}
]]></system-out>
    </testcase>
    <testcase classname="chrome.135_0_7049_96.windows.Sanity_Tests_US104253" name="Should open Jobs Setup page" time="26.083">
      <system-out><![CDATA[
COMMAND: POST /session/b01c6b88a420c7ddb55b2ed41e434f48/execute/async - {"script":"<script> [1562 bytes]","args":[{"selector":{"controlType":"sap.m.GenericTile","properties":{"header":"Jobs Setup"}},"wdio_ui5_key":"sapm.GenericTile{\"header\":\"Jobs Setup\"}"}]}
COMMAND: POST /session/b01c6b88a420c7ddb55b2ed41e434f48/elements - {"using":"xpath","value":"//*[@id=\"backBtn\"]"}
RESULT: {"script":"<script> [1562 bytes]","args":[{"selector":{"controlType":"sap.m.GenericTile","properties":{"header":"Jobs Setup"}},"wdio_ui5_key":"sapm.GenericTile{\"header\":\"Jobs Setup\"}"}]}
RESULT: undefined
COMMAND: POST /session/b01c6b88a420c7ddb55b2ed41e434f48/element - {"using":"xpath","value":"//*[@id=\"__tile128\"]"}
RESULT: {"using":"xpath","value":"//*[@id=\"backBtn\"]"}
RESULT: {"using":"xpath","value":"//*[@id=\"__tile128\"]"}
COMMAND: POST /session/b01c6b88a420c7ddb55b2ed41e434f48/element/f.D12DEAB053DDC9F4B2D58A2F6F668B5F.d.95A1AF0A6E3CB2883C6818B25B592E32.e.5969/click - {}
COMMAND: POST /session/b01c6b88a420c7ddb55b2ed41e434f48/elements - {"using":"xpath","value":"//*[@id=\"backBtn\"]"}
RESULT: {}
COMMAND: GET /session/b01c6b88a420c7ddb55b2ed41e434f48/screenshot - {}
RESULT: {"using":"xpath","value":"//*[@id=\"backBtn\"]"}
RESULT: {}
COMMAND: POST /session/b01c6b88a420c7ddb55b2ed41e434f48/elements - {"using":"xpath","value":"//*[@id=\"backBtn\"]"}
RESULT: {"using":"xpath","value":"//*[@id=\"backBtn\"]"}
COMMAND: POST /session/b01c6b88a420c7ddb55b2ed41e434f48/elements - {"using":"xpath","value":"//*[@id=\"backBtn\"]"}
RESULT: {"using":"xpath","value":"//*[@id=\"backBtn\"]"}
COMMAND: POST /session/b01c6b88a420c7ddb55b2ed41e434f48/element - {"using":"xpath","value":"//*[@id=\"backBtn\"]"}
RESULT: {"using":"xpath","value":"//*[@id=\"backBtn\"]"}
COMMAND: POST /session/b01c6b88a420c7ddb55b2ed41e434f48/element/f.D12DEAB053DDC9F4B2D58A2F6F668B5F.d.95A1AF0A6E3CB2883C6818B25B592E32.e.5917/click - {}
COMMAND: POST /session/b01c6b88a420c7ddb55b2ed41e434f48/element - {"using":"xpath","value":"//*[@id=\"backBtn\"]"}
RESULT: {"using":"xpath","value":"//*[@id=\"backBtn\"]"}
COMMAND: POST /session/b01c6b88a420c7ddb55b2ed41e434f48/element/f.D12DEAB053DDC9F4B2D58A2F6F668B5F.d.95A1AF0A6E3CB2883C6818B25B592E32.e.6029/click - {}
RESULT: {}
COMMAND: GET /session/b01c6b88a420c7ddb55b2ed41e434f48/screenshot - {}
RESULT: {}
RESULT: undefined
COMMAND: POST /session/b01c6b88a420c7ddb55b2ed41e434f48/element - {"using":"xpath","value":"//*[@id=\"__tile128\"]"}
RESULT: {"using":"xpath","value":"//*[@id=\"__tile128\"]"}
COMMAND: POST /session/b01c6b88a420c7ddb55b2ed41e434f48/element/f.D12DEAB053DDC9F4B2D58A2F6F668B5F.d.95A1AF0A6E3CB2883C6818B25B592E32.e.5969/click - {}
RESULT: undefined
COMMAND: POST /session/b01c6b88a420c7ddb55b2ed41e434f48/element - {"using":"xpath","value":"//*[@id=\"__tile128\"]"}
RESULT: {"using":"xpath","value":"//*[@id=\"__tile128\"]"}
COMMAND: POST /session/b01c6b88a420c7ddb55b2ed41e434f48/element/f.D12DEAB053DDC9F4B2D58A2F6F668B5F.d.95A1AF0A6E3CB2883C6818B25B592E32.e.5969/click - {}
RESULT: undefined
COMMAND: POST /session/b01c6b88a420c7ddb55b2ed41e434f48/execute/async - {"script":"<script> [6424 bytes]","args":[{"element-6066-11e4-a52e-4f735466cecf":"f.D12DEAB053DDC9F4B2D58A2F6F668B5F.d.95A1AF0A6E3CB2883C6818B25B592E32.e.292"},"getTitle",[]]}
COMMAND: POST /session/b01c6b88a420c7ddb55b2ed41e434f48/execute/async - {"script":"<script> [1562 bytes]","args":[{"selector":{"id":"shellAppTitle"},"wdio_ui5_key":"shellAppTitle"}]}
RESULT: {"script":"<script> [1562 bytes]","args":[{"selector":{"id":"shellAppTitle"},"wdio_ui5_key":"shellAppTitle"}]}
COMMAND: POST /session/b01c6b88a420c7ddb55b2ed41e434f48/execute/async - {"script":"<script> [6424 bytes]","args":[{"element-6066-11e4-a52e-4f735466cecf":"f.D12DEAB053DDC9F4B2D58A2F6F668B5F.d.95A1AF0A6E3CB2883C6818B25B592E32.e.6056"},"getTitle",[]]}
RESULT: {"script":"<script> [6424 bytes]","args":[{"element-6066-11e4-a52e-4f735466cecf":"f.D12DEAB053DDC9F4B2D58A2F6F668B5F.d.95A1AF0A6E3CB2883C6818B25B592E32.e.6056"},"getTitle",[]]}
RESULT: undefined
COMMAND: POST /session/b01c6b88a420c7ddb55b2ed41e434f48/element/f.D12DEAB053DDC9F4B2D58A2F6F668B5F.d.95A1AF0A6E3CB2883C6818B25B592E32.e.6029/click - {}
COMMAND: POST /session/b01c6b88a420c7ddb55b2ed41e434f48/element/f.D12DEAB053DDC9F4B2D58A2F6F668B5F.d.95A1AF0A6E3CB2883C6818B25B592E32.e.6029/click - {}
RESULT: {}
COMMAND: GET /session/b01c6b88a420c7ddb55b2ed41e434f48/screenshot - {}
RESULT: {}
COMMAND: GET /session/b01c6b88a420c7ddb55b2ed41e434f48/screenshot - {}
RESULT: {}
RESULT: {}
]]></system-out>
    </testcase>
    <testcase classname="chrome.135_0_7049_96.windows.Sanity_Tests_US104253" name="Should open Target Systems Configuration page" time="26.119">
      <system-out><![CDATA[
COMMAND: POST /session/b01c6b88a420c7ddb55b2ed41e434f48/execute/async - {"script":"<script> [1562 bytes]","args":[{"selector":{"controlType":"sap.m.GenericTile","properties":{"header":"Target Systems Configuration"}},"wdio_ui5_key":"sapm.GenericTile{\"header\":\"Target Systems Configuration\"}"}]}
RESULT: {"script":"<script> [1562 bytes]","args":[{"selector":{"controlType":"sap.m.GenericTile","properties":{"header":"Target Systems Configuration"}},"wdio_ui5_key":"sapm.GenericTile{\"header\":\"Target Systems Configuration\"}"}]}
RESULT: undefined
COMMAND: POST /session/b01c6b88a420c7ddb55b2ed41e434f48/element - {"using":"xpath","value":"//*[@id=\"__tile129\"]"}
RESULT: {"using":"xpath","value":"//*[@id=\"__tile129\"]"}
COMMAND: POST /session/b01c6b88a420c7ddb55b2ed41e434f48/element/f.D12DEAB053DDC9F4B2D58A2F6F668B5F.d.95A1AF0A6E3CB2883C6818B25B592E32.e.6060/click - {}
RESULT: {}
COMMAND: GET /session/b01c6b88a420c7ddb55b2ed41e434f48/screenshot - {}
RESULT: {}
RESULT: undefined
COMMAND: POST /session/b01c6b88a420c7ddb55b2ed41e434f48/element - {"using":"xpath","value":"//*[@id=\"__tile129\"]"}
RESULT: {"using":"xpath","value":"//*[@id=\"__tile129\"]"}
COMMAND: POST /session/b01c6b88a420c7ddb55b2ed41e434f48/element/f.D12DEAB053DDC9F4B2D58A2F6F668B5F.d.95A1AF0A6E3CB2883C6818B25B592E32.e.6060/click - {}
RESULT: undefined
COMMAND: POST /session/b01c6b88a420c7ddb55b2ed41e434f48/element - {"using":"xpath","value":"//*[@id=\"__tile129\"]"}
RESULT: {"using":"xpath","value":"//*[@id=\"__tile129\"]"}
COMMAND: POST /session/b01c6b88a420c7ddb55b2ed41e434f48/element/f.D12DEAB053DDC9F4B2D58A2F6F668B5F.d.95A1AF0A6E3CB2883C6818B25B592E32.e.6060/click - {}
RESULT: undefined
COMMAND: POST /session/b01c6b88a420c7ddb55b2ed41e434f48/execute/async - {"script":"<script> [6424 bytes]","args":[{"element-6066-11e4-a52e-4f735466cecf":"f.D12DEAB053DDC9F4B2D58A2F6F668B5F.d.95A1AF0A6E3CB2883C6818B25B592E32.e.292"},"getTitle",[]]}
COMMAND: POST /session/b01c6b88a420c7ddb55b2ed41e434f48/execute/async - {"script":"<script> [1562 bytes]","args":[{"selector":{"id":"shellAppTitle"},"wdio_ui5_key":"shellAppTitle"}]}
RESULT: {"script":"<script> [1562 bytes]","args":[{"selector":{"id":"shellAppTitle"},"wdio_ui5_key":"shellAppTitle"}]}
COMMAND: POST /session/b01c6b88a420c7ddb55b2ed41e434f48/execute/async - {"script":"<script> [6424 bytes]","args":[{"element-6066-11e4-a52e-4f735466cecf":"f.D12DEAB053DDC9F4B2D58A2F6F668B5F.d.95A1AF0A6E3CB2883C6818B25B592E32.e.6113"},"getTitle",[]]}
RESULT: {"script":"<script> [6424 bytes]","args":[{"element-6066-11e4-a52e-4f735466cecf":"f.D12DEAB053DDC9F4B2D58A2F6F668B5F.d.95A1AF0A6E3CB2883C6818B25B592E32.e.6113"},"getTitle",[]]}
RESULT: undefined
COMMAND: POST /session/b01c6b88a420c7ddb55b2ed41e434f48/element/f.D12DEAB053DDC9F4B2D58A2F6F668B5F.d.95A1AF0A6E3CB2883C6818B25B592E32.e.6029/click - {}
COMMAND: POST /session/b01c6b88a420c7ddb55b2ed41e434f48/element/f.D12DEAB053DDC9F4B2D58A2F6F668B5F.d.95A1AF0A6E3CB2883C6818B25B592E32.e.6029/click - {}
RESULT: {}
COMMAND: GET /session/b01c6b88a420c7ddb55b2ed41e434f48/screenshot - {}
COMMAND: POST /session/b01c6b88a420c7ddb55b2ed41e434f48/element - {"using":"xpath","value":"//*[@id=\"backBtn\"]"}
RESULT: {}
RESULT: {"using":"xpath","value":"//*[@id=\"backBtn\"]"}
COMMAND: POST /session/b01c6b88a420c7ddb55b2ed41e434f48/elements - {"using":"xpath","value":"//*[@id=\"backBtn\"]"}
RESULT: {"using":"xpath","value":"//*[@id=\"backBtn\"]"}
COMMAND: POST /session/b01c6b88a420c7ddb55b2ed41e434f48/elements - {"using":"xpath","value":"//*[@id=\"backBtn\"]"}
RESULT: {"using":"xpath","value":"//*[@id=\"backBtn\"]"}
COMMAND: POST /session/b01c6b88a420c7ddb55b2ed41e434f48/elements - {"using":"xpath","value":"//*[@id=\"backBtn\"]"}
RESULT: {"using":"xpath","value":"//*[@id=\"backBtn\"]"}
COMMAND: POST /session/b01c6b88a420c7ddb55b2ed41e434f48/elements - {"using":"xpath","value":"//*[@id=\"backBtn\"]"}
RESULT: {"using":"xpath","value":"//*[@id=\"backBtn\"]"}
COMMAND: POST /session/b01c6b88a420c7ddb55b2ed41e434f48/elements - {"using":"xpath","value":"//*[@id=\"backBtn\"]"}
RESULT: {"using":"xpath","value":"//*[@id=\"backBtn\"]"}
COMMAND: POST /session/b01c6b88a420c7ddb55b2ed41e434f48/elements - {"using":"xpath","value":"//*[@id=\"backBtn\"]"}
RESULT: {"using":"xpath","value":"//*[@id=\"backBtn\"]"}
COMMAND: POST /session/b01c6b88a420c7ddb55b2ed41e434f48/elements - {"using":"xpath","value":"//*[@id=\"backBtn\"]"}
RESULT: {"using":"xpath","value":"//*[@id=\"backBtn\"]"}
COMMAND: POST /session/b01c6b88a420c7ddb55b2ed41e434f48/elements - {"using":"xpath","value":"//*[@id=\"backBtn\"]"}
RESULT: {"using":"xpath","value":"//*[@id=\"backBtn\"]"}
COMMAND: POST /session/b01c6b88a420c7ddb55b2ed41e434f48/elements - {"using":"xpath","value":"//*[@id=\"backBtn\"]"}
RESULT: {"using":"xpath","value":"//*[@id=\"backBtn\"]"}
COMMAND: POST /session/b01c6b88a420c7ddb55b2ed41e434f48/elements - {"using":"xpath","value":"//*[@id=\"backBtn\"]"}
RESULT: {"using":"xpath","value":"//*[@id=\"backBtn\"]"}
COMMAND: POST /session/b01c6b88a420c7ddb55b2ed41e434f48/elements - {"using":"xpath","value":"//*[@id=\"backBtn\"]"}
RESULT: {"using":"xpath","value":"//*[@id=\"backBtn\"]"}
COMMAND: POST /session/b01c6b88a420c7ddb55b2ed41e434f48/elements - {"using":"xpath","value":"//*[@id=\"backBtn\"]"}
RESULT: {"using":"xpath","value":"//*[@id=\"backBtn\"]"}
COMMAND: POST /session/b01c6b88a420c7ddb55b2ed41e434f48/elements - {"using":"xpath","value":"//*[@id=\"backBtn\"]"}
RESULT: {"using":"xpath","value":"//*[@id=\"backBtn\"]"}
COMMAND: POST /session/b01c6b88a420c7ddb55b2ed41e434f48/elements - {"using":"xpath","value":"//*[@id=\"backBtn\"]"}
RESULT: {"using":"xpath","value":"//*[@id=\"backBtn\"]"}
COMMAND: POST /session/b01c6b88a420c7ddb55b2ed41e434f48/elements - {"using":"xpath","value":"//*[@id=\"backBtn\"]"}
RESULT: {"using":"xpath","value":"//*[@id=\"backBtn\"]"}
COMMAND: POST /session/b01c6b88a420c7ddb55b2ed41e434f48/elements - {"using":"xpath","value":"//*[@id=\"backBtn\"]"}
RESULT: {"using":"xpath","value":"//*[@id=\"backBtn\"]"}
COMMAND: POST /session/b01c6b88a420c7ddb55b2ed41e434f48/elements - {"using":"xpath","value":"//*[@id=\"backBtn\"]"}
RESULT: {"using":"xpath","value":"//*[@id=\"backBtn\"]"}
COMMAND: POST /session/b01c6b88a420c7ddb55b2ed41e434f48/elements - {"using":"xpath","value":"//*[@id=\"backBtn\"]"}
RESULT: {"using":"xpath","value":"//*[@id=\"backBtn\"]"}
COMMAND: POST /session/b01c6b88a420c7ddb55b2ed41e434f48/elements - {"using":"xpath","value":"//*[@id=\"backBtn\"]"}
RESULT: {"using":"xpath","value":"//*[@id=\"backBtn\"]"}
COMMAND: POST /session/b01c6b88a420c7ddb55b2ed41e434f48/elements - {"using":"xpath","value":"//*[@id=\"backBtn\"]"}
RESULT: {"using":"xpath","value":"//*[@id=\"backBtn\"]"}
COMMAND: POST /session/b01c6b88a420c7ddb55b2ed41e434f48/elements - {"using":"xpath","value":"//*[@id=\"backBtn\"]"}
RESULT: {"using":"xpath","value":"//*[@id=\"backBtn\"]"}
COMMAND: POST /session/b01c6b88a420c7ddb55b2ed41e434f48/elements - {"using":"xpath","value":"//*[@id=\"backBtn\"]"}
RESULT: {"using":"xpath","value":"//*[@id=\"backBtn\"]"}
COMMAND: POST /session/b01c6b88a420c7ddb55b2ed41e434f48/elements - {"using":"xpath","value":"//*[@id=\"backBtn\"]"}
RESULT: {"using":"xpath","value":"//*[@id=\"backBtn\"]"}
COMMAND: POST /session/b01c6b88a420c7ddb55b2ed41e434f48/elements - {"using":"xpath","value":"//*[@id=\"backBtn\"]"}
RESULT: {"using":"xpath","value":"//*[@id=\"backBtn\"]"}
COMMAND: POST /session/b01c6b88a420c7ddb55b2ed41e434f48/elements - {"using":"xpath","value":"//*[@id=\"backBtn\"]"}
RESULT: {"using":"xpath","value":"//*[@id=\"backBtn\"]"}
COMMAND: POST /session/b01c6b88a420c7ddb55b2ed41e434f48/elements - {"using":"xpath","value":"//*[@id=\"backBtn\"]"}
RESULT: {"using":"xpath","value":"//*[@id=\"backBtn\"]"}
COMMAND: POST /session/b01c6b88a420c7ddb55b2ed41e434f48/elements - {"using":"xpath","value":"//*[@id=\"backBtn\"]"}
RESULT: {"using":"xpath","value":"//*[@id=\"backBtn\"]"}
COMMAND: POST /session/b01c6b88a420c7ddb55b2ed41e434f48/elements - {"using":"xpath","value":"//*[@id=\"backBtn\"]"}
RESULT: {"using":"xpath","value":"//*[@id=\"backBtn\"]"}
COMMAND: POST /session/b01c6b88a420c7ddb55b2ed41e434f48/elements - {"using":"xpath","value":"//*[@id=\"backBtn\"]"}
RESULT: {"using":"xpath","value":"//*[@id=\"backBtn\"]"}
COMMAND: POST /session/b01c6b88a420c7ddb55b2ed41e434f48/elements - {"using":"xpath","value":"//*[@id=\"backBtn\"]"}
RESULT: {"using":"xpath","value":"//*[@id=\"backBtn\"]"}
COMMAND: POST /session/b01c6b88a420c7ddb55b2ed41e434f48/elements - {"using":"xpath","value":"//*[@id=\"backBtn\"]"}
RESULT: {"using":"xpath","value":"//*[@id=\"backBtn\"]"}
COMMAND: POST /session/b01c6b88a420c7ddb55b2ed41e434f48/elements - {"using":"xpath","value":"//*[@id=\"backBtn\"]"}
RESULT: {"using":"xpath","value":"//*[@id=\"backBtn\"]"}
COMMAND: POST /session/b01c6b88a420c7ddb55b2ed41e434f48/elements - {"using":"xpath","value":"//*[@id=\"backBtn\"]"}
RESULT: {"using":"xpath","value":"//*[@id=\"backBtn\"]"}
COMMAND: POST /session/b01c6b88a420c7ddb55b2ed41e434f48/elements - {"using":"xpath","value":"//*[@id=\"backBtn\"]"}
RESULT: {"using":"xpath","value":"//*[@id=\"backBtn\"]"}
COMMAND: POST /session/b01c6b88a420c7ddb55b2ed41e434f48/elements - {"using":"xpath","value":"//*[@id=\"backBtn\"]"}
RESULT: {"using":"xpath","value":"//*[@id=\"backBtn\"]"}
COMMAND: POST /session/b01c6b88a420c7ddb55b2ed41e434f48/elements - {"using":"xpath","value":"//*[@id=\"backBtn\"]"}
RESULT: {"using":"xpath","value":"//*[@id=\"backBtn\"]"}
COMMAND: POST /session/b01c6b88a420c7ddb55b2ed41e434f48/elements - {"using":"xpath","value":"//*[@id=\"backBtn\"]"}
RESULT: {"using":"xpath","value":"//*[@id=\"backBtn\"]"}
COMMAND: POST /session/b01c6b88a420c7ddb55b2ed41e434f48/elements - {"using":"xpath","value":"//*[@id=\"backBtn\"]"}
RESULT: {"using":"xpath","value":"//*[@id=\"backBtn\"]"}
COMMAND: POST /session/b01c6b88a420c7ddb55b2ed41e434f48/elements - {"using":"xpath","value":"//*[@id=\"backBtn\"]"}
RESULT: {"using":"xpath","value":"//*[@id=\"backBtn\"]"}
COMMAND: DELETE /session/b01c6b88a420c7ddb55b2ed41e434f48 - {}
RESULT: {}
]]></system-out>
    </testcase>
  </testsuite>
</testsuites>