<?xml version="1.0" encoding="UTF-8"?>
<testsuites tests="21" failures="3" errors="3" skipped="0">
  <testsuite timestamp="2025-04-27T16:57:14" time="364.148" tests="3" failures="2" errors="2" skipped="0">
    <properties>
      <property name="specId" value="0" />
      <property name="suiteName" value="Create condition pricing US117289 US134625" />
      <property name="capabilities" value="chrome.135_0_7049_96.windows" />
      <property name="file" value="file:///D:/a/1/s/test/specs/BTS/create-condition-pricing.spec.js" />
    </properties>
    <testcase classname="chrome.135_0_7049_96.windows.Create_condition_pricing_US117289_US134625" name="Should create a new yard used for all following tests" time="116">
      <system-out><![CDATA[
COMMAND: POST /session/797d6a12e387849dd32047a457c264a5/window/fullscreen - {}
RESULT: {}
COMMAND: POST /session/797d6a12e387849dd32047a457c264a5/execute/async - {"script":"<script> [1562 bytes]","args":[{"selector":{"controlType":"sap.m.GenericTile","properties":{"header":"Manage Yards"}},"wdio_ui5_key":"sapm.GenericTile{\"header\":\"Manage Yards\"}"}]}
RESULT: {"script":"<script> [1562 bytes]","args":[{"selector":{"controlType":"sap.m.GenericTile","properties":{"header":"Manage Yards"}},"wdio_ui5_key":"sapm.GenericTile{\"header\":\"Manage Yards\"}"}]}
RESULT: undefined
COMMAND: POST /session/797d6a12e387849dd32047a457c264a5/element - {"using":"xpath","value":"//*[@id=\"__tile41\"]"}
RESULT: {"using":"xpath","value":"//*[@id=\"__tile41\"]"}
COMMAND: POST /session/797d6a12e387849dd32047a457c264a5/element/f.94906BB8095ED37A30942B11E16FA35A.d.AFA42277F8ED8A93BAB89EC038771C9F.e.166/click - {}
RESULT: {}
COMMAND: POST /session/797d6a12e387849dd32047a457c264a5/element - {"using":"xpath","value":"//button[@data-kt=\"addNewYardOverflowToolbarButton\"]"}
COMMAND: GET /session/797d6a12e387849dd32047a457c264a5/screenshot - {}
RESULT: {"using":"xpath","value":"//button[@data-kt=\"addNewYardOverflowToolbarButton\"]"}
COMMAND: POST /session/797d6a12e387849dd32047a457c264a5/elements - {"using":"xpath","value":"//button[@data-kt=\"addNewYardOverflowToolbarButton\"]"}
RESULT: {}
RESULT: {"using":"xpath","value":"//button[@data-kt=\"addNewYardOverflowToolbarButton\"]"}
COMMAND: POST /session/797d6a12e387849dd32047a457c264a5/elements - {"using":"xpath","value":"//button[@data-kt=\"addNewYardOverflowToolbarButton\"]"}
RESULT: {"using":"xpath","value":"//button[@data-kt=\"addNewYardOverflowToolbarButton\"]"}
COMMAND: POST /session/797d6a12e387849dd32047a457c264a5/elements - {"using":"xpath","value":"//button[@data-kt=\"addNewYardOverflowToolbarButton\"]"}
RESULT: {"using":"xpath","value":"//button[@data-kt=\"addNewYardOverflowToolbarButton\"]"}
COMMAND: POST /session/797d6a12e387849dd32047a457c264a5/elements - {"using":"xpath","value":"//button[@data-kt=\"addNewYardOverflowToolbarButton\"]"}
RESULT: {"using":"xpath","value":"//button[@data-kt=\"addNewYardOverflowToolbarButton\"]"}
COMMAND: POST /session/797d6a12e387849dd32047a457c264a5/elements - {"using":"xpath","value":"//button[@data-kt=\"addNewYardOverflowToolbarButton\"]"}
RESULT: {"using":"xpath","value":"//button[@data-kt=\"addNewYardOverflowToolbarButton\"]"}
COMMAND: POST /session/797d6a12e387849dd32047a457c264a5/elements - {"using":"xpath","value":"//button[@data-kt=\"addNewYardOverflowToolbarButton\"]"}
RESULT: {"using":"xpath","value":"//button[@data-kt=\"addNewYardOverflowToolbarButton\"]"}
COMMAND: POST /session/797d6a12e387849dd32047a457c264a5/elements - {"using":"xpath","value":"//button[@data-kt=\"addNewYardOverflowToolbarButton\"]"}
RESULT: {"using":"xpath","value":"//button[@data-kt=\"addNewYardOverflowToolbarButton\"]"}
COMMAND: POST /session/797d6a12e387849dd32047a457c264a5/elements - {"using":"xpath","value":"//button[@data-kt=\"addNewYardOverflowToolbarButton\"]"}
RESULT: {"using":"xpath","value":"//button[@data-kt=\"addNewYardOverflowToolbarButton\"]"}
COMMAND: POST /session/797d6a12e387849dd32047a457c264a5/elements - {"using":"xpath","value":"//button[@data-kt=\"addNewYardOverflowToolbarButton\"]"}
RESULT: {"using":"xpath","value":"//button[@data-kt=\"addNewYardOverflowToolbarButton\"]"}
COMMAND: POST /session/797d6a12e387849dd32047a457c264a5/elements - {"using":"xpath","value":"//button[@data-kt=\"addNewYardOverflowToolbarButton\"]"}
RESULT: {"using":"xpath","value":"//button[@data-kt=\"addNewYardOverflowToolbarButton\"]"}
COMMAND: POST /session/797d6a12e387849dd32047a457c264a5/elements - {"using":"xpath","value":"//button[@data-kt=\"addNewYardOverflowToolbarButton\"]"}
RESULT: {"using":"xpath","value":"//button[@data-kt=\"addNewYardOverflowToolbarButton\"]"}
COMMAND: POST /session/797d6a12e387849dd32047a457c264a5/elements - {"using":"xpath","value":"//button[@data-kt=\"addNewYardOverflowToolbarButton\"]"}
RESULT: {"using":"xpath","value":"//button[@data-kt=\"addNewYardOverflowToolbarButton\"]"}
COMMAND: POST /session/797d6a12e387849dd32047a457c264a5/elements - {"using":"xpath","value":"//button[@data-kt=\"addNewYardOverflowToolbarButton\"]"}
RESULT: {"using":"xpath","value":"//button[@data-kt=\"addNewYardOverflowToolbarButton\"]"}
COMMAND: POST /session/797d6a12e387849dd32047a457c264a5/elements - {"using":"xpath","value":"//button[@data-kt=\"addNewYardOverflowToolbarButton\"]"}
RESULT: {"using":"xpath","value":"//button[@data-kt=\"addNewYardOverflowToolbarButton\"]"}
COMMAND: POST /session/797d6a12e387849dd32047a457c264a5/elements - {"using":"xpath","value":"//button[@data-kt=\"addNewYardOverflowToolbarButton\"]"}
RESULT: {"using":"xpath","value":"//button[@data-kt=\"addNewYardOverflowToolbarButton\"]"}
COMMAND: POST /session/797d6a12e387849dd32047a457c264a5/elements - {"using":"xpath","value":"//button[@data-kt=\"addNewYardOverflowToolbarButton\"]"}
RESULT: {"using":"xpath","value":"//button[@data-kt=\"addNewYardOverflowToolbarButton\"]"}
COMMAND: POST /session/797d6a12e387849dd32047a457c264a5/elements - {"using":"xpath","value":"//button[@data-kt=\"addNewYardOverflowToolbarButton\"]"}
RESULT: {"using":"xpath","value":"//button[@data-kt=\"addNewYardOverflowToolbarButton\"]"}
COMMAND: POST /session/797d6a12e387849dd32047a457c264a5/elements - {"using":"xpath","value":"//button[@data-kt=\"addNewYardOverflowToolbarButton\"]"}
RESULT: {"using":"xpath","value":"//button[@data-kt=\"addNewYardOverflowToolbarButton\"]"}
COMMAND: POST /session/797d6a12e387849dd32047a457c264a5/elements - {"using":"xpath","value":"//button[@data-kt=\"addNewYardOverflowToolbarButton\"]"}
RESULT: {"using":"xpath","value":"//button[@data-kt=\"addNewYardOverflowToolbarButton\"]"}
COMMAND: POST /session/797d6a12e387849dd32047a457c264a5/element - {"using":"xpath","value":"//button[@data-kt=\"addNewYardOverflowToolbarButton\"]"}
RESULT: {"using":"xpath","value":"//button[@data-kt=\"addNewYardOverflowToolbarButton\"]"}
COMMAND: POST /session/797d6a12e387849dd32047a457c264a5/execute/sync - {"script":"<script> [8489 bytes]","args":[{"element-6066-11e4-a52e-4f735466cecf":"f.94906BB8095ED37A30942B11E16FA35A.d.AFA42277F8ED8A93BAB89EC038771C9F.e.312","ELEMENT":"f.94906BB8095ED37A30942B11E16FA35A.d.AFA42277F8ED8A93BAB89EC038771C9F.e.312"}]}
RESULT: {"script":"<script> [8489 bytes]","args":[{"element-6066-11e4-a52e-4f735466cecf":"f.94906BB8095ED37A30942B11E16FA35A.d.AFA42277F8ED8A93BAB89EC038771C9F.e.312","ELEMENT":"f.94906BB8095ED37A30942B11E16FA35A.d.AFA42277F8ED8A93BAB89EC038771C9F.e.312"}]}
COMMAND: GET /session/797d6a12e387849dd32047a457c264a5/element/f.94906BB8095ED37A30942B11E16FA35A.d.AFA42277F8ED8A93BAB89EC038771C9F.e.312/enabled - {}
COMMAND: GET /session/797d6a12e387849dd32047a457c264a5/screenshot - {}
RESULT: {}
COMMAND: POST /session/797d6a12e387849dd32047a457c264a5/execute/sync - {"script":"<script> [8489 bytes]","args":[{"element-6066-11e4-a52e-4f735466cecf":"f.94906BB8095ED37A30942B11E16FA35A.d.AFA42277F8ED8A93BAB89EC038771C9F.e.312","ELEMENT":"f.94906BB8095ED37A30942B11E16FA35A.d.AFA42277F8ED8A93BAB89EC038771C9F.e.312"}]}
COMMAND: GET /session/797d6a12e387849dd32047a457c264a5/screenshot - {}
RESULT: {}
RESULT: {"script":"<script> [8489 bytes]","args":[{"element-6066-11e4-a52e-4f735466cecf":"f.94906BB8095ED37A30942B11E16FA35A.d.AFA42277F8ED8A93BAB89EC038771C9F.e.312","ELEMENT":"f.94906BB8095ED37A30942B11E16FA35A.d.AFA42277F8ED8A93BAB89EC038771C9F.e.312"}]}
COMMAND: POST /session/797d6a12e387849dd32047a457c264a5/execute/sync - {"script":"<script> [5351 bytes]","args":[{"element-6066-11e4-a52e-4f735466cecf":"f.94906BB8095ED37A30942B11E16FA35A.d.AFA42277F8ED8A93BAB89EC038771C9F.e.312","ELEMENT":"f.94906BB8095ED37A30942B11E16FA35A.d.AFA42277F8ED8A93BAB89EC038771C9F.e.312"}]}
COMMAND: GET /session/797d6a12e387849dd32047a457c264a5/screenshot - {}
RESULT: {}
RESULT: {"script":"<script> [5351 bytes]","args":[{"element-6066-11e4-a52e-4f735466cecf":"f.94906BB8095ED37A30942B11E16FA35A.d.AFA42277F8ED8A93BAB89EC038771C9F.e.312","ELEMENT":"f.94906BB8095ED37A30942B11E16FA35A.d.AFA42277F8ED8A93BAB89EC038771C9F.e.312"}]}
COMMAND: POST /session/797d6a12e387849dd32047a457c264a5/element/f.94906BB8095ED37A30942B11E16FA35A.d.AFA42277F8ED8A93BAB89EC038771C9F.e.312/click - {}
COMMAND: GET /session/797d6a12e387849dd32047a457c264a5/screenshot - {}
RESULT: {}
RESULT: {}
COMMAND: GET /session/797d6a12e387849dd32047a457c264a5/screenshot - {}
COMMAND: POST /session/797d6a12e387849dd32047a457c264a5/element - {"using":"xpath","value":"//input[@id=\"application-manageyards-display-component---NewYard--yardId-inner\"]"}
RESULT: {}
RESULT: {}
RESULT: {"using":"xpath","value":"//input[@id=\"application-manageyards-display-component---NewYard--yardId-inner\"]"}
COMMAND: POST /session/797d6a12e387849dd32047a457c264a5/element - {"using":"xpath","value":"//input[@id=\"application-manageyards-display-component---NewYard--yardId-inner\"]"}
RESULT: {"using":"xpath","value":"//input[@id=\"application-manageyards-display-component---NewYard--yardId-inner\"]"}
COMMAND: POST /session/797d6a12e387849dd32047a457c264a5/execute/async - {"script":"<script> [1562 bytes]","args":[{"selector":{"id":"application-manageyards-display-component---NewYard--addressDetailDetailsName1","interaction":{"idSuffix":"inner"}},"wdio_ui5_key":"applicationmanageyards-display-component---NewYard--addressDetailDetailsName1"}]}
RESULT: {"script":"<script> [1562 bytes]","args":[{"selector":{"id":"application-manageyards-display-component---NewYard--addressDetailDetailsName1","interaction":{"idSuffix":"inner"}},"wdio_ui5_key":"applicationmanageyards-display-component---NewYard--addressDetailDetailsName1"}]}
RESULT: undefined
COMMAND: POST /session/797d6a12e387849dd32047a457c264a5/execute/async - {"script":"<script> [776 bytes]","args":[{"enterText":"DailyPrice WDIO","selector":{"id":"application-manageyards-display-component---NewYard--addressDetailDetailsName1","interaction":{"idSuffix":"inner"}},"clearTextFirst":true,"interactionType":"ENTER_TEXT"}]}
RESULT: {"script":"<script> [776 bytes]","args":[{"enterText":"DailyPrice WDIO","selector":{"id":"application-manageyards-display-component---NewYard--addressDetailDetailsName1","interaction":{"idSuffix":"inner"}},"clearTextFirst":true,"interactionType":"ENTER_TEXT"}]}
COMMAND: POST /session/797d6a12e387849dd32047a457c264a5/execute/async - {"script":"<script> [1562 bytes]","args":[{"selector":{"id":"application-manageyards-display-component---NewYard--addressDetailDetailsLanguage-arrow"},"wdio_ui5_key":"applicationmanageyards-display-component---NewYard--addressDetailDetailsLanguage-arrow"}]}
RESULT: {"script":"<script> [1562 bytes]","args":[{"selector":{"id":"application-manageyards-display-component---NewYard--addressDetailDetailsLanguage-arrow"},"wdio_ui5_key":"applicationmanageyards-display-component---NewYard--addressDetailDetailsLanguage-arrow"}]}
RESULT: undefined
COMMAND: POST /session/797d6a12e387849dd32047a457c264a5/element - {"using":"xpath","value":"//*[@id=\"application-manageyards-display-component---NewYard--addressDetailDetailsLanguage-arrow\"]"}
RESULT: {"using":"xpath","value":"//*[@id=\"application-manageyards-display-component---NewYard--addressDetailDetailsLanguage-arrow\"]"}
COMMAND: POST /session/797d6a12e387849dd32047a457c264a5/element/f.94906BB8095ED37A30942B11E16FA35A.d.AFA42277F8ED8A93BAB89EC038771C9F.e.731/click - {}
RESULT: {}
COMMAND: POST /session/797d6a12e387849dd32047a457c264a5/element - {"using":"xpath","value":"//span[contains(text(), \"English\")]"}
COMMAND: GET /session/797d6a12e387849dd32047a457c264a5/screenshot - {}
RESULT: {"using":"xpath","value":"//span[contains(text(), \"English\")]"}
COMMAND: POST /session/797d6a12e387849dd32047a457c264a5/element/f.94906BB8095ED37A30942B11E16FA35A.d.AFA42277F8ED8A93BAB89EC038771C9F.e.732/click - {}
RESULT: {}
RESULT: {}
COMMAND: POST /session/797d6a12e387849dd32047a457c264a5/execute/async - {"script":"<script> [1562 bytes]","args":[{"selector":{"id":"application-manageyards-display-component---NewYard--addressDetailDetailsCity1","interaction":{"idSuffix":"inner"}},"wdio_ui5_key":"applicationmanageyards-display-component---NewYard--addressDetailDetailsCity1"}]}
COMMAND: GET /session/797d6a12e387849dd32047a457c264a5/screenshot - {}
RESULT: {"script":"<script> [1562 bytes]","args":[{"selector":{"id":"application-manageyards-display-component---NewYard--addressDetailDetailsCity1","interaction":{"idSuffix":"inner"}},"wdio_ui5_key":"applicationmanageyards-display-component---NewYard--addressDetailDetailsCity1"}]}
RESULT: undefined
COMMAND: POST /session/797d6a12e387849dd32047a457c264a5/execute/async - {"script":"<script> [776 bytes]","args":[{"enterText":"Rosario","selector":{"id":"application-manageyards-display-component---NewYard--addressDetailDetailsCity1","interaction":{"idSuffix":"inner"}},"clearTextFirst":true,"interactionType":"ENTER_TEXT"}]}
RESULT: {}
RESULT: {"script":"<script> [776 bytes]","args":[{"enterText":"Rosario","selector":{"id":"application-manageyards-display-component---NewYard--addressDetailDetailsCity1","interaction":{"idSuffix":"inner"}},"clearTextFirst":true,"interactionType":"ENTER_TEXT"}]}
COMMAND: POST /session/797d6a12e387849dd32047a457c264a5/execute/async - {"script":"<script> [1562 bytes]","args":[{"selector":{"id":"application-manageyards-display-component---NewYard--addressDetailDetailsCountry-arrow"},"wdio_ui5_key":"applicationmanageyards-display-component---NewYard--addressDetailDetailsCountry-arrow"}]}
RESULT: {"script":"<script> [1562 bytes]","args":[{"selector":{"id":"application-manageyards-display-component---NewYard--addressDetailDetailsCountry-arrow"},"wdio_ui5_key":"applicationmanageyards-display-component---NewYard--addressDetailDetailsCountry-arrow"}]}
RESULT: undefined
COMMAND: POST /session/797d6a12e387849dd32047a457c264a5/element - {"using":"xpath","value":"//*[@id=\"application-manageyards-display-component---NewYard--addressDetailDetailsCountry-arrow\"]"}
RESULT: {"using":"xpath","value":"//*[@id=\"application-manageyards-display-component---NewYard--addressDetailDetailsCountry-arrow\"]"}
COMMAND: POST /session/797d6a12e387849dd32047a457c264a5/element/f.94906BB8095ED37A30942B11E16FA35A.d.AFA42277F8ED8A93BAB89EC038771C9F.e.734/click - {}
RESULT: {}
COMMAND: POST /session/797d6a12e387849dd32047a457c264a5/element - {"using":"xpath","value":"//span[contains(text(), \"Argentina\")]"}
COMMAND: GET /session/797d6a12e387849dd32047a457c264a5/screenshot - {}
RESULT: {"using":"xpath","value":"//span[contains(text(), \"Argentina\")]"}
COMMAND: POST /session/797d6a12e387849dd32047a457c264a5/element/f.94906BB8095ED37A30942B11E16FA35A.d.AFA42277F8ED8A93BAB89EC038771C9F.e.735/click - {}
RESULT: {}
RESULT: {}
COMMAND: POST /session/797d6a12e387849dd32047a457c264a5/execute/async - {"script":"<script> [1562 bytes]","args":[{"selector":{"id":"application-manageyards-display-component---NewYard--addressEditDetailsCostObjectCstType-arrow"},"wdio_ui5_key":"applicationmanageyards-display-component---NewYard--addressEditDetailsCostObjectCstType-arrow"}]}
COMMAND: GET /session/797d6a12e387849dd32047a457c264a5/screenshot - {}
RESULT: {"script":"<script> [1562 bytes]","args":[{"selector":{"id":"application-manageyards-display-component---NewYard--addressEditDetailsCostObjectCstType-arrow"},"wdio_ui5_key":"applicationmanageyards-display-component---NewYard--addressEditDetailsCostObjectCstType-arrow"}]}
RESULT: undefined
COMMAND: POST /session/797d6a12e387849dd32047a457c264a5/element - {"using":"xpath","value":"//*[@id=\"application-manageyards-display-component---NewYard--addressEditDetailsCostObjectCstType-arrow\"]"}
RESULT: {}
RESULT: {"using":"xpath","value":"//*[@id=\"application-manageyards-display-component---NewYard--addressEditDetailsCostObjectCstType-arrow\"]"}
COMMAND: POST /session/797d6a12e387849dd32047a457c264a5/element/f.94906BB8095ED37A30942B11E16FA35A.d.AFA42277F8ED8A93BAB89EC038771C9F.e.737/click - {}
RESULT: {}
COMMAND: POST /session/797d6a12e387849dd32047a457c264a5/element - {"using":"xpath","value":"//span[contains(text(), \"Cost Center\")]"}
COMMAND: GET /session/797d6a12e387849dd32047a457c264a5/screenshot - {}
RESULT: {"using":"xpath","value":"//span[contains(text(), \"Cost Center\")]"}
COMMAND: POST /session/797d6a12e387849dd32047a457c264a5/element/f.94906BB8095ED37A30942B11E16FA35A.d.AFA42277F8ED8A93BAB89EC038771C9F.e.738/click - {}
RESULT: {}
RESULT: {}
COMMAND: GET /session/797d6a12e387849dd32047a457c264a5/screenshot - {}
RESULT: {}
COMMAND: POST /session/797d6a12e387849dd32047a457c264a5/element - {"using":"xpath","value":"//span[@id=\"application-manageyards-display-component---NewYard--addressNewCostObjectCstID-vhi\"]"}
RESULT: {"using":"xpath","value":"//span[@id=\"application-manageyards-display-component---NewYard--addressNewCostObjectCstID-vhi\"]"}
COMMAND: POST /session/797d6a12e387849dd32047a457c264a5/execute/sync - {"script":"<script> [8489 bytes]","args":[{"element-6066-11e4-a52e-4f735466cecf":"f.94906BB8095ED37A30942B11E16FA35A.d.AFA42277F8ED8A93BAB89EC038771C9F.e.742","ELEMENT":"f.94906BB8095ED37A30942B11E16FA35A.d.AFA42277F8ED8A93BAB89EC038771C9F.e.742"}]}
RESULT: {"script":"<script> [8489 bytes]","args":[{"element-6066-11e4-a52e-4f735466cecf":"f.94906BB8095ED37A30942B11E16FA35A.d.AFA42277F8ED8A93BAB89EC038771C9F.e.742","ELEMENT":"f.94906BB8095ED37A30942B11E16FA35A.d.AFA42277F8ED8A93BAB89EC038771C9F.e.742"}]}
COMMAND: POST /session/797d6a12e387849dd32047a457c264a5/execute/async - {"script":"<script> [1562 bytes]","args":[{"selector":{"id":"application-manageyards-display-component---NewYard--addressNewCostObjectCstID-vhi"},"wdio_ui5_key":"applicationmanageyards-display-component---NewYard--addressNewCostObjectCstID-vhi"}]}
COMMAND: GET /session/797d6a12e387849dd32047a457c264a5/screenshot - {}
RESULT: {"script":"<script> [1562 bytes]","args":[{"selector":{"id":"application-manageyards-display-component---NewYard--addressNewCostObjectCstID-vhi"},"wdio_ui5_key":"applicationmanageyards-display-component---NewYard--addressNewCostObjectCstID-vhi"}]}
RESULT: undefined
COMMAND: POST /session/797d6a12e387849dd32047a457c264a5/element - {"using":"xpath","value":"//*[@id=\"application-manageyards-display-component---NewYard--addressNewCostObjectCstID-vhi\"]"}
RESULT: {}
RESULT: {"using":"xpath","value":"//*[@id=\"application-manageyards-display-component---NewYard--addressNewCostObjectCstID-vhi\"]"}
COMMAND: POST /session/797d6a12e387849dd32047a457c264a5/element/f.94906BB8095ED37A30942B11E16FA35A.d.AFA42277F8ED8A93BAB89EC038771C9F.e.742/click - {}
RESULT: {}
COMMAND: GET /session/797d6a12e387849dd32047a457c264a5/screenshot - {}
RESULT: {}
COMMAND: POST /session/797d6a12e387849dd32047a457c264a5/execute/async - {"script":"<script> [1562 bytes]","args":[{"selector":{"controlType":"sap.m.SearchField","properties":{"placeholder":"Search"},"searchOpenDialogs":true,"interaction":{"idSuffix":"I"}},"wdio_ui5_key":"sapm.SearchField{\"placeholder\":\"Search\"}"}]}
RESULT: {"script":"<script> [1562 bytes]","args":[{"selector":{"controlType":"sap.m.SearchField","properties":{"placeholder":"Search"},"searchOpenDialogs":true,"interaction":{"idSuffix":"I"}},"wdio_ui5_key":"sapm.SearchField{\"placeholder\":\"Search\"}"}]}
RESULT: undefined
COMMAND: POST /session/797d6a12e387849dd32047a457c264a5/execute/async - {"script":"<script> [776 bytes]","args":[{"enterText":"10001013","selector":{"controlType":"sap.m.SearchField","properties":{"placeholder":"Search"},"searchOpenDialogs":true,"interaction":{"idSuffix":"I"}},"clearTextFirst":true,"interactionType":"ENTER_TEXT"}]}
RESULT: {"script":"<script> [776 bytes]","args":[{"enterText":"10001013","selector":{"controlType":"sap.m.SearchField","properties":{"placeholder":"Search"},"searchOpenDialogs":true,"interaction":{"idSuffix":"I"}},"clearTextFirst":true,"interactionType":"ENTER_TEXT"}]}
COMMAND: POST /session/797d6a12e387849dd32047a457c264a5/actions - {"actions":[{"id":"action1","type":"key","parameters":{},"actions":[{"type":"keyDown","value":"î€‡"},{"type":"pause","duration":10},{"type":"keyUp","value":"î€‡"}]}]}
RESULT: {"actions":[{"id":"action1","type":"key","parameters":{},"actions":[{"type":"keyDown","value":"î€‡"},{"type":"pause","duration":10},{"type":"keyUp","value":"î€‡"}]}]}
COMMAND: GET /session/797d6a12e387849dd32047a457c264a5/screenshot - {}
RESULT: {}
COMMAND: POST /session/797d6a12e387849dd32047a457c264a5/element - {"using":"xpath","value":"//span[contains(text(), \"General Management\")]"}
RESULT: {"using":"xpath","value":"//span[contains(text(), \"General Management\")]"}
COMMAND: POST /session/797d6a12e387849dd32047a457c264a5/element/f.94906BB8095ED37A30942B11E16FA35A.d.AFA42277F8ED8A93BAB89EC038771C9F.e.783/click - {}
RESULT: {}
COMMAND: GET /session/797d6a12e387849dd32047a457c264a5/screenshot - {}
RESULT: {}
COMMAND: POST /session/797d6a12e387849dd32047a457c264a5/element - {"using":"xpath","value":"//bdi[contains(text(), \"OK\")]"}
RESULT: {"using":"xpath","value":"//bdi[contains(text(), \"OK\")]"}
COMMAND: POST /session/797d6a12e387849dd32047a457c264a5/element/f.94906BB8095ED37A30942B11E16FA35A.d.AFA42277F8ED8A93BAB89EC038771C9F.e.784/click - {}
RESULT: {}
COMMAND: GET /session/797d6a12e387849dd32047a457c264a5/screenshot - {}
RESULT: {}
COMMAND: POST /session/797d6a12e387849dd32047a457c264a5/execute/async - {"script":"<script> [1562 bytes]","args":[{"selector":{"id":"application-manageyards-display-component---NewYard--addressEditDetailsCurrency-arrow"},"wdio_ui5_key":"applicationmanageyards-display-component---NewYard--addressEditDetailsCurrency-arrow"}]}
RESULT: {"script":"<script> [1562 bytes]","args":[{"selector":{"id":"application-manageyards-display-component---NewYard--addressEditDetailsCurrency-arrow"},"wdio_ui5_key":"applicationmanageyards-display-component---NewYard--addressEditDetailsCurrency-arrow"}]}
RESULT: undefined
COMMAND: POST /session/797d6a12e387849dd32047a457c264a5/element - {"using":"xpath","value":"//*[@id=\"application-manageyards-display-component---NewYard--addressEditDetailsCurrency-arrow\"]"}
RESULT: {"using":"xpath","value":"//*[@id=\"application-manageyards-display-component---NewYard--addressEditDetailsCurrency-arrow\"]"}
COMMAND: POST /session/797d6a12e387849dd32047a457c264a5/element/f.94906BB8095ED37A30942B11E16FA35A.d.AFA42277F8ED8A93BAB89EC038771C9F.e.787/click - {}
RESULT: {}
COMMAND: POST /session/797d6a12e387849dd32047a457c264a5/element - {"using":"xpath","value":"//span[contains(text(), \"Euro\")]"}
COMMAND: GET /session/797d6a12e387849dd32047a457c264a5/screenshot - {}
RESULT: {"using":"xpath","value":"//span[contains(text(), \"Euro\")]"}
COMMAND: POST /session/797d6a12e387849dd32047a457c264a5/element/f.94906BB8095ED37A30942B11E16FA35A.d.AFA42277F8ED8A93BAB89EC038771C9F.e.788/click - {}
RESULT: {}
RESULT: {}
COMMAND: POST /session/797d6a12e387849dd32047a457c264a5/execute/async - {"script":"<script> [1562 bytes]","args":[{"selector":{"controlType":"sap.m.Input","viewName":"etm.portal.ui.manageyards.view.New","viewId":"application-manageyards-display-component---NewYard","bindingPath":{"path":"","propertyPath":"/CONTROLLING_AREA","modelName":"NewYardModel"},"interaction":{"idSuffix":"inner"}},"wdio_ui5_key":"etmportal.ui.manageyards.view.Newsap.m.Input{\"path\":\"\",\"propertyPath\":\"/CONTROLLING_AREA\",\"modelName\":\"NewYardModel\"}"}]}
COMMAND: GET /session/797d6a12e387849dd32047a457c264a5/screenshot - {}
RESULT: {"script":"<script> [1562 bytes]","args":[{"selector":{"controlType":"sap.m.Input","viewName":"etm.portal.ui.manageyards.view.New","viewId":"application-manageyards-display-component---NewYard","bindingPath":{"path":"","propertyPath":"/CONTROLLING_AREA","modelName":"NewYardModel"},"interaction":{"idSuffix":"inner"}},"wdio_ui5_key":"etmportal.ui.manageyards.view.Newsap.m.Input{\"path\":\"\",\"propertyPath\":\"/CONTROLLING_AREA\",\"modelName\":\"NewYardModel\"}"}]}
RESULT: undefined
COMMAND: POST /session/797d6a12e387849dd32047a457c264a5/execute/async - {"script":"<script> [776 bytes]","args":[{"enterText":"Z001","selector":{"controlType":"sap.m.Input","viewName":"etm.portal.ui.manageyards.view.New","viewId":"application-manageyards-display-component---NewYard","bindingPath":{"path":"","propertyPath":"/CONTROLLING_AREA","modelName":"NewYardModel"},"interaction":{"idSuffix":"inner"}},"clearTextFirst":true,"interactionType":"ENTER_TEXT"}]}
RESULT: {}
RESULT: {"script":"<script> [776 bytes]","args":[{"enterText":"Z001","selector":{"controlType":"sap.m.Input","viewName":"etm.portal.ui.manageyards.view.New","viewId":"application-manageyards-display-component---NewYard","bindingPath":{"path":"","propertyPath":"/CONTROLLING_AREA","modelName":"NewYardModel"},"interaction":{"idSuffix":"inner"}},"clearTextFirst":true,"interactionType":"ENTER_TEXT"}]}
COMMAND: POST /session/797d6a12e387849dd32047a457c264a5/execute/async - {"script":"<script> [1562 bytes]","args":[{"selector":{"id":"application-manageyards-display-component---NewYard--companyCodeComboBox","interaction":{"idSuffix":"inner"}},"wdio_ui5_key":"applicationmanageyards-display-component---NewYard--companyCodeComboBox"}]}
RESULT: {"script":"<script> [1562 bytes]","args":[{"selector":{"id":"application-manageyards-display-component---NewYard--companyCodeComboBox","interaction":{"idSuffix":"inner"}},"wdio_ui5_key":"applicationmanageyards-display-component---NewYard--companyCodeComboBox"}]}
RESULT: undefined
COMMAND: POST /session/797d6a12e387849dd32047a457c264a5/execute/async - {"script":"<script> [776 bytes]","args":[{"enterText":"1000","selector":{"id":"application-manageyards-display-component---NewYard--companyCodeComboBox","interaction":{"idSuffix":"inner"}},"clearTextFirst":true,"interactionType":"ENTER_TEXT"}]}
RESULT: {"script":"<script> [776 bytes]","args":[{"enterText":"1000","selector":{"id":"application-manageyards-display-component---NewYard--companyCodeComboBox","interaction":{"idSuffix":"inner"}},"clearTextFirst":true,"interactionType":"ENTER_TEXT"}]}
COMMAND: POST /session/797d6a12e387849dd32047a457c264a5/execute/async - {"script":"<script> [1562 bytes]","args":[{"selector":{"controlType":"sap.m.Input","viewName":"etm.portal.ui.manageyards.view.New","viewId":"application-manageyards-display-component---NewYard","bindingPath":{"path":"","propertyPath":"/PLANT","modelName":"NewYardModel"},"interaction":{"idSuffix":"inner"}},"wdio_ui5_key":"etmportal.ui.manageyards.view.Newsap.m.Input{\"path\":\"\",\"propertyPath\":\"/PLANT\",\"modelName\":\"NewYardModel\"}"}]}
RESULT: {"script":"<script> [1562 bytes]","args":[{"selector":{"controlType":"sap.m.Input","viewName":"etm.portal.ui.manageyards.view.New","viewId":"application-manageyards-display-component---NewYard","bindingPath":{"path":"","propertyPath":"/PLANT","modelName":"NewYardModel"},"interaction":{"idSuffix":"inner"}},"wdio_ui5_key":"etmportal.ui.manageyards.view.Newsap.m.Input{\"path\":\"\",\"propertyPath\":\"/PLANT\",\"modelName\":\"NewYardModel\"}"}]}
RESULT: undefined
COMMAND: POST /session/797d6a12e387849dd32047a457c264a5/execute/async - {"script":"<script> [776 bytes]","args":[{"enterText":"1001","selector":{"controlType":"sap.m.Input","viewName":"etm.portal.ui.manageyards.view.New","viewId":"application-manageyards-display-component---NewYard","bindingPath":{"path":"","propertyPath":"/PLANT","modelName":"NewYardModel"},"interaction":{"idSuffix":"inner"}},"clearTextFirst":true,"interactionType":"ENTER_TEXT"}]}
RESULT: {"script":"<script> [776 bytes]","args":[{"enterText":"1001","selector":{"controlType":"sap.m.Input","viewName":"etm.portal.ui.manageyards.view.New","viewId":"application-manageyards-display-component---NewYard","bindingPath":{"path":"","propertyPath":"/PLANT","modelName":"NewYardModel"},"interaction":{"idSuffix":"inner"}},"clearTextFirst":true,"interactionType":"ENTER_TEXT"}]}
COMMAND: POST /session/797d6a12e387849dd32047a457c264a5/execute/async - {"script":"<script> [1562 bytes]","args":[{"selector":{"controlType":"sap.m.Input","viewName":"etm.portal.ui.manageyards.view.New","viewId":"application-manageyards-display-component---NewYard","bindingPath":{"path":"","propertyPath":"/SALES_AREA_VKORG","modelName":"NewYardModel"},"interaction":{"idSuffix":"inner"}},"wdio_ui5_key":"etmportal.ui.manageyards.view.Newsap.m.Input{\"path\":\"\",\"propertyPath\":\"/SALES_AREA_VKORG\",\"modelName\":\"NewYardModel\"}"}]}
RESULT: {"script":"<script> [1562 bytes]","args":[{"selector":{"controlType":"sap.m.Input","viewName":"etm.portal.ui.manageyards.view.New","viewId":"application-manageyards-display-component---NewYard","bindingPath":{"path":"","propertyPath":"/SALES_AREA_VKORG","modelName":"NewYardModel"},"interaction":{"idSuffix":"inner"}},"wdio_ui5_key":"etmportal.ui.manageyards.view.Newsap.m.Input{\"path\":\"\",\"propertyPath\":\"/SALES_AREA_VKORG\",\"modelName\":\"NewYardModel\"}"}]}
RESULT: undefined
COMMAND: POST /session/797d6a12e387849dd32047a457c264a5/execute/async - {"script":"<script> [776 bytes]","args":[{"enterText":"C002","selector":{"controlType":"sap.m.Input","viewName":"etm.portal.ui.manageyards.view.New","viewId":"application-manageyards-display-component---NewYard","bindingPath":{"path":"","propertyPath":"/SALES_AREA_VKORG","modelName":"NewYardModel"},"interaction":{"idSuffix":"inner"}},"clearTextFirst":true,"interactionType":"ENTER_TEXT"}]}
RESULT: {"script":"<script> [776 bytes]","args":[{"enterText":"C002","selector":{"controlType":"sap.m.Input","viewName":"etm.portal.ui.manageyards.view.New","viewId":"application-manageyards-display-component---NewYard","bindingPath":{"path":"","propertyPath":"/SALES_AREA_VKORG","modelName":"NewYardModel"},"interaction":{"idSuffix":"inner"}},"clearTextFirst":true,"interactionType":"ENTER_TEXT"}]}
COMMAND: POST /session/797d6a12e387849dd32047a457c264a5/execute/async - {"script":"<script> [1562 bytes]","args":[{"selector":{"controlType":"sap.m.Input","viewName":"etm.portal.ui.manageyards.view.New","viewId":"application-manageyards-display-component---NewYard","bindingPath":{"path":"","propertyPath":"/SALES_AREA_VTWEG","modelName":"NewYardModel"},"interaction":{"idSuffix":"inner"}},"wdio_ui5_key":"etmportal.ui.manageyards.view.Newsap.m.Input{\"path\":\"\",\"propertyPath\":\"/SALES_AREA_VTWEG\",\"modelName\":\"NewYardModel\"}"}]}
RESULT: {"script":"<script> [1562 bytes]","args":[{"selector":{"controlType":"sap.m.Input","viewName":"etm.portal.ui.manageyards.view.New","viewId":"application-manageyards-display-component---NewYard","bindingPath":{"path":"","propertyPath":"/SALES_AREA_VTWEG","modelName":"NewYardModel"},"interaction":{"idSuffix":"inner"}},"wdio_ui5_key":"etmportal.ui.manageyards.view.Newsap.m.Input{\"path\":\"\",\"propertyPath\":\"/SALES_AREA_VTWEG\",\"modelName\":\"NewYardModel\"}"}]}
RESULT: undefined
COMMAND: POST /session/797d6a12e387849dd32047a457c264a5/execute/async - {"script":"<script> [776 bytes]","args":[{"enterText":"C2","selector":{"controlType":"sap.m.Input","viewName":"etm.portal.ui.manageyards.view.New","viewId":"application-manageyards-display-component---NewYard","bindingPath":{"path":"","propertyPath":"/SALES_AREA_VTWEG","modelName":"NewYardModel"},"interaction":{"idSuffix":"inner"}},"clearTextFirst":true,"interactionType":"ENTER_TEXT"}]}
RESULT: {"script":"<script> [776 bytes]","args":[{"enterText":"C2","selector":{"controlType":"sap.m.Input","viewName":"etm.portal.ui.manageyards.view.New","viewId":"application-manageyards-display-component---NewYard","bindingPath":{"path":"","propertyPath":"/SALES_AREA_VTWEG","modelName":"NewYardModel"},"interaction":{"idSuffix":"inner"}},"clearTextFirst":true,"interactionType":"ENTER_TEXT"}]}
COMMAND: POST /session/797d6a12e387849dd32047a457c264a5/execute/async - {"script":"<script> [1562 bytes]","args":[{"selector":{"controlType":"sap.m.Input","viewName":"etm.portal.ui.manageyards.view.New","viewId":"application-manageyards-display-component---NewYard","bindingPath":{"path":"","propertyPath":"/SALES_AREA_SPART","modelName":"NewYardModel"},"interaction":{"idSuffix":"inner"}},"wdio_ui5_key":"etmportal.ui.manageyards.view.Newsap.m.Input{\"path\":\"\",\"propertyPath\":\"/SALES_AREA_SPART\",\"modelName\":\"NewYardModel\"}"}]}
RESULT: {"script":"<script> [1562 bytes]","args":[{"selector":{"controlType":"sap.m.Input","viewName":"etm.portal.ui.manageyards.view.New","viewId":"application-manageyards-display-component---NewYard","bindingPath":{"path":"","propertyPath":"/SALES_AREA_SPART","modelName":"NewYardModel"},"interaction":{"idSuffix":"inner"}},"wdio_ui5_key":"etmportal.ui.manageyards.view.Newsap.m.Input{\"path\":\"\",\"propertyPath\":\"/SALES_AREA_SPART\",\"modelName\":\"NewYardModel\"}"}]}
RESULT: undefined
COMMAND: POST /session/797d6a12e387849dd32047a457c264a5/execute/async - {"script":"<script> [776 bytes]","args":[{"enterText":"C2","selector":{"controlType":"sap.m.Input","viewName":"etm.portal.ui.manageyards.view.New","viewId":"application-manageyards-display-component---NewYard","bindingPath":{"path":"","propertyPath":"/SALES_AREA_SPART","modelName":"NewYardModel"},"interaction":{"idSuffix":"inner"}},"clearTextFirst":true,"interactionType":"ENTER_TEXT"}]}
RESULT: {"script":"<script> [776 bytes]","args":[{"enterText":"C2","selector":{"controlType":"sap.m.Input","viewName":"etm.portal.ui.manageyards.view.New","viewId":"application-manageyards-display-component---NewYard","bindingPath":{"path":"","propertyPath":"/SALES_AREA_SPART","modelName":"NewYardModel"},"interaction":{"idSuffix":"inner"}},"clearTextFirst":true,"interactionType":"ENTER_TEXT"}]}
COMMAND: POST /session/797d6a12e387849dd32047a457c264a5/execute/async - {"script":"<script> [1562 bytes]","args":[{"selector":{"controlType":"sap.m.Input","viewName":"etm.portal.ui.manageyards.view.New","viewId":"application-manageyards-display-component---NewYard","bindingPath":{"path":"","propertyPath":"/SHIP_POINT","modelName":"NewYardModel"},"interaction":{"idSuffix":"inner"}},"wdio_ui5_key":"etmportal.ui.manageyards.view.Newsap.m.Input{\"path\":\"\",\"propertyPath\":\"/SHIP_POINT\",\"modelName\":\"NewYardModel\"}"}]}
RESULT: {"script":"<script> [1562 bytes]","args":[{"selector":{"controlType":"sap.m.Input","viewName":"etm.portal.ui.manageyards.view.New","viewId":"application-manageyards-display-component---NewYard","bindingPath":{"path":"","propertyPath":"/SHIP_POINT","modelName":"NewYardModel"},"interaction":{"idSuffix":"inner"}},"wdio_ui5_key":"etmportal.ui.manageyards.view.Newsap.m.Input{\"path\":\"\",\"propertyPath\":\"/SHIP_POINT\",\"modelName\":\"NewYardModel\"}"}]}
RESULT: undefined
COMMAND: POST /session/797d6a12e387849dd32047a457c264a5/execute/async - {"script":"<script> [776 bytes]","args":[{"enterText":"1710","selector":{"controlType":"sap.m.Input","viewName":"etm.portal.ui.manageyards.view.New","viewId":"application-manageyards-display-component---NewYard","bindingPath":{"path":"","propertyPath":"/SHIP_POINT","modelName":"NewYardModel"},"interaction":{"idSuffix":"inner"}},"clearTextFirst":true,"interactionType":"ENTER_TEXT"}]}
RESULT: {"script":"<script> [776 bytes]","args":[{"enterText":"1710","selector":{"controlType":"sap.m.Input","viewName":"etm.portal.ui.manageyards.view.New","viewId":"application-manageyards-display-component---NewYard","bindingPath":{"path":"","propertyPath":"/SHIP_POINT","modelName":"NewYardModel"},"interaction":{"idSuffix":"inner"}},"clearTextFirst":true,"interactionType":"ENTER_TEXT"}]}
COMMAND: POST /session/797d6a12e387849dd32047a457c264a5/execute/async - {"script":"<script> [1562 bytes]","args":[{"selector":{"controlType":"sap.m.Input","viewName":"etm.portal.ui.manageyards.view.New","viewId":"application-manageyards-display-component---NewYard","bindingPath":{"path":"","propertyPath":"/DELIVERY_TYPE","modelName":"NewYardModel"},"interaction":{"idSuffix":"inner"}},"wdio_ui5_key":"etmportal.ui.manageyards.view.Newsap.m.Input{\"path\":\"\",\"propertyPath\":\"/DELIVERY_TYPE\",\"modelName\":\"NewYardModel\"}"}]}
RESULT: {"script":"<script> [1562 bytes]","args":[{"selector":{"controlType":"sap.m.Input","viewName":"etm.portal.ui.manageyards.view.New","viewId":"application-manageyards-display-component---NewYard","bindingPath":{"path":"","propertyPath":"/DELIVERY_TYPE","modelName":"NewYardModel"},"interaction":{"idSuffix":"inner"}},"wdio_ui5_key":"etmportal.ui.manageyards.view.Newsap.m.Input{\"path\":\"\",\"propertyPath\":\"/DELIVERY_TYPE\",\"modelName\":\"NewYardModel\"}"}]}
RESULT: undefined
COMMAND: POST /session/797d6a12e387849dd32047a457c264a5/execute/async - {"script":"<script> [776 bytes]","args":[{"enterText":"ZL01","selector":{"controlType":"sap.m.Input","viewName":"etm.portal.ui.manageyards.view.New","viewId":"application-manageyards-display-component---NewYard","bindingPath":{"path":"","propertyPath":"/DELIVERY_TYPE","modelName":"NewYardModel"},"interaction":{"idSuffix":"inner"}},"clearTextFirst":true,"interactionType":"ENTER_TEXT"}]}
RESULT: {"script":"<script> [776 bytes]","args":[{"enterText":"ZL01","selector":{"controlType":"sap.m.Input","viewName":"etm.portal.ui.manageyards.view.New","viewId":"application-manageyards-display-component---NewYard","bindingPath":{"path":"","propertyPath":"/DELIVERY_TYPE","modelName":"NewYardModel"},"interaction":{"idSuffix":"inner"}},"clearTextFirst":true,"interactionType":"ENTER_TEXT"}]}
COMMAND: POST /session/797d6a12e387849dd32047a457c264a5/execute/async - {"script":"<script> [1562 bytes]","args":[{"selector":{"controlType":"sap.m.Input","viewName":"etm.portal.ui.manageyards.view.New","viewId":"application-manageyards-display-component---NewYard","bindingPath":{"path":"","propertyPath":"/AUART","modelName":"NewYardModel"},"interaction":{"idSuffix":"inner"}},"wdio_ui5_key":"etmportal.ui.manageyards.view.Newsap.m.Input{\"path\":\"\",\"propertyPath\":\"/AUART\",\"modelName\":\"NewYardModel\"}"}]}
RESULT: {"script":"<script> [1562 bytes]","args":[{"selector":{"controlType":"sap.m.Input","viewName":"etm.portal.ui.manageyards.view.New","viewId":"application-manageyards-display-component---NewYard","bindingPath":{"path":"","propertyPath":"/AUART","modelName":"NewYardModel"},"interaction":{"idSuffix":"inner"}},"wdio_ui5_key":"etmportal.ui.manageyards.view.Newsap.m.Input{\"path\":\"\",\"propertyPath\":\"/AUART\",\"modelName\":\"NewYardModel\"}"}]}
RESULT: undefined
COMMAND: POST /session/797d6a12e387849dd32047a457c264a5/execute/async - {"script":"<script> [776 bytes]","args":[{"enterText":"TA","selector":{"controlType":"sap.m.Input","viewName":"etm.portal.ui.manageyards.view.New","viewId":"application-manageyards-display-component---NewYard","bindingPath":{"path":"","propertyPath":"/AUART","modelName":"NewYardModel"},"interaction":{"idSuffix":"inner"}},"clearTextFirst":true,"interactionType":"ENTER_TEXT"}]}
RESULT: {"script":"<script> [776 bytes]","args":[{"enterText":"TA","selector":{"controlType":"sap.m.Input","viewName":"etm.portal.ui.manageyards.view.New","viewId":"application-manageyards-display-component---NewYard","bindingPath":{"path":"","propertyPath":"/AUART","modelName":"NewYardModel"},"interaction":{"idSuffix":"inner"}},"clearTextFirst":true,"interactionType":"ENTER_TEXT"}]}
COMMAND: POST /session/797d6a12e387849dd32047a457c264a5/element - {"using":"xpath","value":"//button[@data-kt=\"newYardSaveButton\"]"}
RESULT: {"using":"xpath","value":"//button[@data-kt=\"newYardSaveButton\"]"}
COMMAND: POST /session/797d6a12e387849dd32047a457c264a5/element/f.94906BB8095ED37A30942B11E16FA35A.d.AFA42277F8ED8A93BAB89EC038771C9F.e.724/click - {}
RESULT: {}
COMMAND: GET /session/797d6a12e387849dd32047a457c264a5/screenshot - {}
RESULT: {}
COMMAND: POST /session/797d6a12e387849dd32047a457c264a5/element - {"using":"xpath","value":"//header[contains(@id, 'ObjectPageLayout-headerTitle')]/div[1]/div[2]/div[1]/span[1]"}
RESULT: {"using":"xpath","value":"//header[contains(@id, 'ObjectPageLayout-headerTitle')]/div[1]/div[2]/div[1]/span[1]"}
COMMAND: POST /session/797d6a12e387849dd32047a457c264a5/elements - {"using":"xpath","value":"//header[contains(@id, 'ObjectPageLayout-headerTitle')]/div[1]/div[2]/div[1]/span[1]"}
RESULT: {"using":"xpath","value":"//header[contains(@id, 'ObjectPageLayout-headerTitle')]/div[1]/div[2]/div[1]/span[1]"}
COMMAND: POST /session/797d6a12e387849dd32047a457c264a5/execute/sync - {"script":"<script> [56 bytes]","args":[{"element-6066-11e4-a52e-4f735466cecf":"f.94906BB8095ED37A30942B11E16FA35A.d.AFA42277F8ED8A93BAB89EC038771C9F.e.1012","ELEMENT":"f.94906BB8095ED37A30942B11E16FA35A.d.AFA42277F8ED8A93BAB89EC038771C9F.e.1012"}]}
RESULT: {"script":"<script> [56 bytes]","args":[{"element-6066-11e4-a52e-4f735466cecf":"f.94906BB8095ED37A30942B11E16FA35A.d.AFA42277F8ED8A93BAB89EC038771C9F.e.1012","ELEMENT":"f.94906BB8095ED37A30942B11E16FA35A.d.AFA42277F8ED8A93BAB89EC038771C9F.e.1012"}]}
COMMAND: GET /session/797d6a12e387849dd32047a457c264a5/screenshot - {}
RESULT: {}
COMMAND: POST /session/797d6a12e387849dd32047a457c264a5/element - {"using":"css selector","value":"#shell-header-logo"}
RESULT: {"using":"css selector","value":"#shell-header-logo"}
COMMAND: POST /session/797d6a12e387849dd32047a457c264a5/element/f.94906BB8095ED37A30942B11E16FA35A.d.AFA42277F8ED8A93BAB89EC038771C9F.e.270/click - {}
RESULT: {}
COMMAND: GET /session/797d6a12e387849dd32047a457c264a5/screenshot - {}
RESULT: {}
COMMAND: POST /session/797d6a12e387849dd32047a457c264a5/execute/sync - {"script":"<script> [299 bytes]","args":[["getModel","getResource"]]}
RESULT: {"script":"<script> [299 bytes]","args":[["getModel","getResource"]]}
]]></system-out>
    </testcase>
  </testsuite>
  <testsuite timestamp="2025-04-27T17:03:18" time="148.171" tests="3" failures="1" errors="1" skipped="0">
    <properties>
      <property name="specId" value="0" />
      <property name="suiteName" value="Set up pricing rule(OT) 104624" />
      <property name="capabilities" value="chrome.135_0_7049_96.windows" />
      <property name="file" value="file:///D:/a/1/s/test/specs/BTS/create-pricing-rule.spec.js" />
    </properties>
    <testcase classname="chrome.135_0_7049_96.windows.Set_up_pricing_rule(OT)_104624" name="Should create a new yard used for all following tests" time="0.018">
      <system-out><![CDATA[
COMMAND: POST /session/797d6a12e387849dd32047a457c264a5/window/fullscreen - {}
RESULT: {}
]]></system-out>
    </testcase>
    <testcase classname="chrome.135_0_7049_96.windows.Set_up_pricing_rule(OT)_104624" name="Should create a new equipment used for all following tests" time="0.004" />
  </testsuite>
  <testsuite timestamp="2025-04-27T17:05:46" time="406.711" tests="6" failures="0" errors="0" skipped="0">
    <properties>
      <property name="specId" value="0" />
      <property name="suiteName" value="Edit and delete daily price US134629 US134627" />
      <property name="capabilities" value="chrome.135_0_7049_96.windows" />
      <property name="file" value="file:///D:/a/1/s/test/specs/BTS/conditions-prices-daily-price.spec.js" />
    </properties>
    <testcase classname="chrome.135_0_7049_96.windows.Edit_and_delete_daily_price_US134629_US134627" name="Should create a new yard used for all following tests" time="0.033">
      <system-out><![CDATA[
COMMAND: POST /session/797d6a12e387849dd32047a457c264a5/window/fullscreen - {}
RESULT: {}
]]></system-out>
    </testcase>
    <testcase classname="chrome.135_0_7049_96.windows.Edit_and_delete_daily_price_US134629_US134627" name="Should create a new partner" time="148.703">
      <system-out><![CDATA[
COMMAND: POST /session/797d6a12e387849dd32047a457c264a5/window/fullscreen - {}
RESULT: {}
COMMAND: POST /session/797d6a12e387849dd32047a457c264a5/execute/async - {"script":"<script> [1562 bytes]","args":[{"selector":{"controlType":"sap.m.GenericTile","properties":{"header":"Manage Partners"}},"wdio_ui5_key":"sapm.GenericTile{\"header\":\"Manage Partners\"}"}]}
RESULT: {"script":"<script> [1562 bytes]","args":[{"selector":{"controlType":"sap.m.GenericTile","properties":{"header":"Manage Partners"}},"wdio_ui5_key":"sapm.GenericTile{\"header\":\"Manage Partners\"}"}]}
RESULT: undefined
COMMAND: POST /session/797d6a12e387849dd32047a457c264a5/element - {"using":"xpath","value":"//*[@id=\"__tile38\"]"}
RESULT: {"using":"xpath","value":"//*[@id=\"__tile38\"]"}
COMMAND: POST /session/797d6a12e387849dd32047a457c264a5/element/f.94906BB8095ED37A30942B11E16FA35A.d.917BFEEC4EECD05B295AFC87D350924D.e.2460/click - {}
RESULT: {}
COMMAND: POST /session/797d6a12e387849dd32047a457c264a5/element - {"using":"xpath","value":"//button[@data-kt=\"addButton\"]"}
COMMAND: GET /session/797d6a12e387849dd32047a457c264a5/screenshot - {}
RESULT: {"using":"xpath","value":"//button[@data-kt=\"addButton\"]"}
COMMAND: POST /session/797d6a12e387849dd32047a457c264a5/elements - {"using":"xpath","value":"//button[@data-kt=\"addButton\"]"}
RESULT: {}
RESULT: {"using":"xpath","value":"//button[@data-kt=\"addButton\"]"}
COMMAND: POST /session/797d6a12e387849dd32047a457c264a5/elements - {"using":"xpath","value":"//button[@data-kt=\"addButton\"]"}
RESULT: {"using":"xpath","value":"//button[@data-kt=\"addButton\"]"}
COMMAND: POST /session/797d6a12e387849dd32047a457c264a5/elements - {"using":"xpath","value":"//button[@data-kt=\"addButton\"]"}
RESULT: {"using":"xpath","value":"//button[@data-kt=\"addButton\"]"}
COMMAND: POST /session/797d6a12e387849dd32047a457c264a5/elements - {"using":"xpath","value":"//button[@data-kt=\"addButton\"]"}
RESULT: {"using":"xpath","value":"//button[@data-kt=\"addButton\"]"}
COMMAND: POST /session/797d6a12e387849dd32047a457c264a5/elements - {"using":"xpath","value":"//button[@data-kt=\"addButton\"]"}
RESULT: {"using":"xpath","value":"//button[@data-kt=\"addButton\"]"}
COMMAND: POST /session/797d6a12e387849dd32047a457c264a5/elements - {"using":"xpath","value":"//button[@data-kt=\"addButton\"]"}
RESULT: {"using":"xpath","value":"//button[@data-kt=\"addButton\"]"}
COMMAND: POST /session/797d6a12e387849dd32047a457c264a5/elements - {"using":"xpath","value":"//button[@data-kt=\"addButton\"]"}
RESULT: {"using":"xpath","value":"//button[@data-kt=\"addButton\"]"}
COMMAND: POST /session/797d6a12e387849dd32047a457c264a5/elements - {"using":"xpath","value":"//button[@data-kt=\"addButton\"]"}
RESULT: {"using":"xpath","value":"//button[@data-kt=\"addButton\"]"}
COMMAND: POST /session/797d6a12e387849dd32047a457c264a5/elements - {"using":"xpath","value":"//button[@data-kt=\"addButton\"]"}
RESULT: {"using":"xpath","value":"//button[@data-kt=\"addButton\"]"}
COMMAND: POST /session/797d6a12e387849dd32047a457c264a5/elements - {"using":"xpath","value":"//button[@data-kt=\"addButton\"]"}
RESULT: {"using":"xpath","value":"//button[@data-kt=\"addButton\"]"}
COMMAND: POST /session/797d6a12e387849dd32047a457c264a5/elements - {"using":"xpath","value":"//button[@data-kt=\"addButton\"]"}
RESULT: {"using":"xpath","value":"//button[@data-kt=\"addButton\"]"}
COMMAND: POST /session/797d6a12e387849dd32047a457c264a5/elements - {"using":"xpath","value":"//button[@data-kt=\"addButton\"]"}
RESULT: {"using":"xpath","value":"//button[@data-kt=\"addButton\"]"}
COMMAND: POST /session/797d6a12e387849dd32047a457c264a5/elements - {"using":"xpath","value":"//button[@data-kt=\"addButton\"]"}
RESULT: {"using":"xpath","value":"//button[@data-kt=\"addButton\"]"}
COMMAND: POST /session/797d6a12e387849dd32047a457c264a5/elements - {"using":"xpath","value":"//button[@data-kt=\"addButton\"]"}
RESULT: {"using":"xpath","value":"//button[@data-kt=\"addButton\"]"}
COMMAND: POST /session/797d6a12e387849dd32047a457c264a5/elements - {"using":"xpath","value":"//button[@data-kt=\"addButton\"]"}
RESULT: {"using":"xpath","value":"//button[@data-kt=\"addButton\"]"}
COMMAND: POST /session/797d6a12e387849dd32047a457c264a5/elements - {"using":"xpath","value":"//button[@data-kt=\"addButton\"]"}
RESULT: {"using":"xpath","value":"//button[@data-kt=\"addButton\"]"}
COMMAND: POST /session/797d6a12e387849dd32047a457c264a5/elements - {"using":"xpath","value":"//button[@data-kt=\"addButton\"]"}
RESULT: {"using":"xpath","value":"//button[@data-kt=\"addButton\"]"}
COMMAND: POST /session/797d6a12e387849dd32047a457c264a5/elements - {"using":"xpath","value":"//button[@data-kt=\"addButton\"]"}
RESULT: {"using":"xpath","value":"//button[@data-kt=\"addButton\"]"}
COMMAND: POST /session/797d6a12e387849dd32047a457c264a5/elements - {"using":"xpath","value":"//button[@data-kt=\"addButton\"]"}
RESULT: {"using":"xpath","value":"//button[@data-kt=\"addButton\"]"}
COMMAND: POST /session/797d6a12e387849dd32047a457c264a5/elements - {"using":"xpath","value":"//button[@data-kt=\"addButton\"]"}
RESULT: {"using":"xpath","value":"//button[@data-kt=\"addButton\"]"}
COMMAND: POST /session/797d6a12e387849dd32047a457c264a5/elements - {"using":"xpath","value":"//button[@data-kt=\"addButton\"]"}
RESULT: {"using":"xpath","value":"//button[@data-kt=\"addButton\"]"}
COMMAND: POST /session/797d6a12e387849dd32047a457c264a5/elements - {"using":"xpath","value":"//button[@data-kt=\"addButton\"]"}
RESULT: {"using":"xpath","value":"//button[@data-kt=\"addButton\"]"}
COMMAND: POST /session/797d6a12e387849dd32047a457c264a5/elements - {"using":"xpath","value":"//button[@data-kt=\"addButton\"]"}
RESULT: {"using":"xpath","value":"//button[@data-kt=\"addButton\"]"}
COMMAND: POST /session/797d6a12e387849dd32047a457c264a5/elements - {"using":"xpath","value":"//button[@data-kt=\"addButton\"]"}
RESULT: {"using":"xpath","value":"//button[@data-kt=\"addButton\"]"}
COMMAND: POST /session/797d6a12e387849dd32047a457c264a5/elements - {"using":"xpath","value":"//button[@data-kt=\"addButton\"]"}
RESULT: {"using":"xpath","value":"//button[@data-kt=\"addButton\"]"}
COMMAND: POST /session/797d6a12e387849dd32047a457c264a5/elements - {"using":"xpath","value":"//button[@data-kt=\"addButton\"]"}
RESULT: {"using":"xpath","value":"//button[@data-kt=\"addButton\"]"}
COMMAND: POST /session/797d6a12e387849dd32047a457c264a5/elements - {"using":"xpath","value":"//button[@data-kt=\"addButton\"]"}
RESULT: {"using":"xpath","value":"//button[@data-kt=\"addButton\"]"}
COMMAND: POST /session/797d6a12e387849dd32047a457c264a5/elements - {"using":"xpath","value":"//button[@data-kt=\"addButton\"]"}
RESULT: {"using":"xpath","value":"//button[@data-kt=\"addButton\"]"}
COMMAND: POST /session/797d6a12e387849dd32047a457c264a5/elements - {"using":"xpath","value":"//button[@data-kt=\"addButton\"]"}
RESULT: {"using":"xpath","value":"//button[@data-kt=\"addButton\"]"}
COMMAND: POST /session/797d6a12e387849dd32047a457c264a5/elements - {"using":"xpath","value":"//button[@data-kt=\"addButton\"]"}
RESULT: {"using":"xpath","value":"//button[@data-kt=\"addButton\"]"}
COMMAND: POST /session/797d6a12e387849dd32047a457c264a5/elements - {"using":"xpath","value":"//button[@data-kt=\"addButton\"]"}
RESULT: {"using":"xpath","value":"//button[@data-kt=\"addButton\"]"}
COMMAND: POST /session/797d6a12e387849dd32047a457c264a5/elements - {"using":"xpath","value":"//button[@data-kt=\"addButton\"]"}
RESULT: {"using":"xpath","value":"//button[@data-kt=\"addButton\"]"}
COMMAND: POST /session/797d6a12e387849dd32047a457c264a5/elements - {"using":"xpath","value":"//button[@data-kt=\"addButton\"]"}
RESULT: {"using":"xpath","value":"//button[@data-kt=\"addButton\"]"}
COMMAND: POST /session/797d6a12e387849dd32047a457c264a5/elements - {"using":"xpath","value":"//button[@data-kt=\"addButton\"]"}
RESULT: {"using":"xpath","value":"//button[@data-kt=\"addButton\"]"}
COMMAND: POST /session/797d6a12e387849dd32047a457c264a5/elements - {"using":"xpath","value":"//button[@data-kt=\"addButton\"]"}
RESULT: {"using":"xpath","value":"//button[@data-kt=\"addButton\"]"}
COMMAND: POST /session/797d6a12e387849dd32047a457c264a5/elements - {"using":"xpath","value":"//button[@data-kt=\"addButton\"]"}
RESULT: {"using":"xpath","value":"//button[@data-kt=\"addButton\"]"}
COMMAND: POST /session/797d6a12e387849dd32047a457c264a5/elements - {"using":"xpath","value":"//button[@data-kt=\"addButton\"]"}
RESULT: {"using":"xpath","value":"//button[@data-kt=\"addButton\"]"}
COMMAND: POST /session/797d6a12e387849dd32047a457c264a5/elements - {"using":"xpath","value":"//button[@data-kt=\"addButton\"]"}
RESULT: {"using":"xpath","value":"//button[@data-kt=\"addButton\"]"}
COMMAND: POST /session/797d6a12e387849dd32047a457c264a5/element - {"using":"xpath","value":"//button[@data-kt=\"addButton\"]"}
RESULT: {"using":"xpath","value":"//button[@data-kt=\"addButton\"]"}
COMMAND: POST /session/797d6a12e387849dd32047a457c264a5/execute/sync - {"script":"<script> [8489 bytes]","args":[{"element-6066-11e4-a52e-4f735466cecf":"f.94906BB8095ED37A30942B11E16FA35A.d.917BFEEC4EECD05B295AFC87D350924D.e.2609","ELEMENT":"f.94906BB8095ED37A30942B11E16FA35A.d.917BFEEC4EECD05B295AFC87D350924D.e.2609"}]}
RESULT: {"script":"<script> [8489 bytes]","args":[{"element-6066-11e4-a52e-4f735466cecf":"f.94906BB8095ED37A30942B11E16FA35A.d.917BFEEC4EECD05B295AFC87D350924D.e.2609","ELEMENT":"f.94906BB8095ED37A30942B11E16FA35A.d.917BFEEC4EECD05B295AFC87D350924D.e.2609"}]}
COMMAND: GET /session/797d6a12e387849dd32047a457c264a5/element/f.94906BB8095ED37A30942B11E16FA35A.d.917BFEEC4EECD05B295AFC87D350924D.e.2609/enabled - {}
COMMAND: GET /session/797d6a12e387849dd32047a457c264a5/screenshot - {}
RESULT: {}
COMMAND: POST /session/797d6a12e387849dd32047a457c264a5/execute/sync - {"script":"<script> [8489 bytes]","args":[{"element-6066-11e4-a52e-4f735466cecf":"f.94906BB8095ED37A30942B11E16FA35A.d.917BFEEC4EECD05B295AFC87D350924D.e.2609","ELEMENT":"f.94906BB8095ED37A30942B11E16FA35A.d.917BFEEC4EECD05B295AFC87D350924D.e.2609"}]}
COMMAND: GET /session/797d6a12e387849dd32047a457c264a5/screenshot - {}
RESULT: {}
RESULT: {"script":"<script> [8489 bytes]","args":[{"element-6066-11e4-a52e-4f735466cecf":"f.94906BB8095ED37A30942B11E16FA35A.d.917BFEEC4EECD05B295AFC87D350924D.e.2609","ELEMENT":"f.94906BB8095ED37A30942B11E16FA35A.d.917BFEEC4EECD05B295AFC87D350924D.e.2609"}]}
COMMAND: POST /session/797d6a12e387849dd32047a457c264a5/execute/sync - {"script":"<script> [5351 bytes]","args":[{"element-6066-11e4-a52e-4f735466cecf":"f.94906BB8095ED37A30942B11E16FA35A.d.917BFEEC4EECD05B295AFC87D350924D.e.2609","ELEMENT":"f.94906BB8095ED37A30942B11E16FA35A.d.917BFEEC4EECD05B295AFC87D350924D.e.2609"}]}
COMMAND: GET /session/797d6a12e387849dd32047a457c264a5/screenshot - {}
RESULT: {}
RESULT: {"script":"<script> [5351 bytes]","args":[{"element-6066-11e4-a52e-4f735466cecf":"f.94906BB8095ED37A30942B11E16FA35A.d.917BFEEC4EECD05B295AFC87D350924D.e.2609","ELEMENT":"f.94906BB8095ED37A30942B11E16FA35A.d.917BFEEC4EECD05B295AFC87D350924D.e.2609"}]}
COMMAND: POST /session/797d6a12e387849dd32047a457c264a5/element/f.94906BB8095ED37A30942B11E16FA35A.d.917BFEEC4EECD05B295AFC87D350924D.e.2609/click - {}
COMMAND: GET /session/797d6a12e387849dd32047a457c264a5/screenshot - {}
RESULT: {}
RESULT: {}
COMMAND: GET /session/797d6a12e387849dd32047a457c264a5/screenshot - {}
COMMAND: POST /session/797d6a12e387849dd32047a457c264a5/execute/async - {"script":"<script> [1562 bytes]","args":[{"selector":{"id":"application-managepartners-display-component---NewPartner--addressDetailDetailsName1","interaction":{"idSuffix":"inner"}},"wdio_ui5_key":"applicationmanagepartners-display-component---NewPartner--addressDetailDetailsName1"}]}
RESULT: {}
RESULT: {}
RESULT: {"script":"<script> [1562 bytes]","args":[{"selector":{"id":"application-managepartners-display-component---NewPartner--addressDetailDetailsName1","interaction":{"idSuffix":"inner"}},"wdio_ui5_key":"applicationmanagepartners-display-component---NewPartner--addressDetailDetailsName1"}]}
RESULT: undefined
COMMAND: POST /session/797d6a12e387849dd32047a457c264a5/execute/async - {"script":"<script> [776 bytes]","args":[{"enterText":"DailyPrice Partner WDIO","selector":{"id":"application-managepartners-display-component---NewPartner--addressDetailDetailsName1","interaction":{"idSuffix":"inner"}},"clearTextFirst":true,"interactionType":"ENTER_TEXT"}]}
RESULT: {"script":"<script> [776 bytes]","args":[{"enterText":"DailyPrice Partner WDIO","selector":{"id":"application-managepartners-display-component---NewPartner--addressDetailDetailsName1","interaction":{"idSuffix":"inner"}},"clearTextFirst":true,"interactionType":"ENTER_TEXT"}]}
COMMAND: POST /session/797d6a12e387849dd32047a457c264a5/execute/async - {"script":"<script> [1562 bytes]","args":[{"selector":{"id":"application-managepartners-display-component---NewPartner--addressDetailDetailsLanguage-arrow"},"wdio_ui5_key":"applicationmanagepartners-display-component---NewPartner--addressDetailDetailsLanguage-arrow"}]}
RESULT: {"script":"<script> [1562 bytes]","args":[{"selector":{"id":"application-managepartners-display-component---NewPartner--addressDetailDetailsLanguage-arrow"},"wdio_ui5_key":"applicationmanagepartners-display-component---NewPartner--addressDetailDetailsLanguage-arrow"}]}
RESULT: undefined
COMMAND: POST /session/797d6a12e387849dd32047a457c264a5/element - {"using":"xpath","value":"//*[@id=\"application-managepartners-display-component---NewPartner--addressDetailDetailsLanguage-arrow\"]"}
RESULT: {"using":"xpath","value":"//*[@id=\"application-managepartners-display-component---NewPartner--addressDetailDetailsLanguage-arrow\"]"}
COMMAND: POST /session/797d6a12e387849dd32047a457c264a5/element/f.94906BB8095ED37A30942B11E16FA35A.d.917BFEEC4EECD05B295AFC87D350924D.e.3053/click - {}
RESULT: {}
COMMAND: POST /session/797d6a12e387849dd32047a457c264a5/element - {"using":"xpath","value":"//span[contains(text(), \"English\")]"}
COMMAND: GET /session/797d6a12e387849dd32047a457c264a5/screenshot - {}
RESULT: {"using":"xpath","value":"//span[contains(text(), \"English\")]"}
COMMAND: POST /session/797d6a12e387849dd32047a457c264a5/element/f.94906BB8095ED37A30942B11E16FA35A.d.917BFEEC4EECD05B295AFC87D350924D.e.3054/click - {}
RESULT: {}
RESULT: {}
COMMAND: GET /session/797d6a12e387849dd32047a457c264a5/screenshot - {}
RESULT: {}
COMMAND: POST /session/797d6a12e387849dd32047a457c264a5/execute/async - {"script":"<script> [1562 bytes]","args":[{"selector":{"id":"application-managepartners-display-component---NewPartner--addressDetailDetailsCity1","interaction":{"idSuffix":"inner"}},"wdio_ui5_key":"applicationmanagepartners-display-component---NewPartner--addressDetailDetailsCity1"}]}
RESULT: {"script":"<script> [1562 bytes]","args":[{"selector":{"id":"application-managepartners-display-component---NewPartner--addressDetailDetailsCity1","interaction":{"idSuffix":"inner"}},"wdio_ui5_key":"applicationmanagepartners-display-component---NewPartner--addressDetailDetailsCity1"}]}
RESULT: undefined
COMMAND: POST /session/797d6a12e387849dd32047a457c264a5/execute/async - {"script":"<script> [776 bytes]","args":[{"enterText":"Rosario","selector":{"id":"application-managepartners-display-component---NewPartner--addressDetailDetailsCity1","interaction":{"idSuffix":"inner"}},"clearTextFirst":true,"interactionType":"ENTER_TEXT"}]}
RESULT: {"script":"<script> [776 bytes]","args":[{"enterText":"Rosario","selector":{"id":"application-managepartners-display-component---NewPartner--addressDetailDetailsCity1","interaction":{"idSuffix":"inner"}},"clearTextFirst":true,"interactionType":"ENTER_TEXT"}]}
COMMAND: POST /session/797d6a12e387849dd32047a457c264a5/execute/async - {"script":"<script> [1562 bytes]","args":[{"selector":{"id":"application-managepartners-display-component---NewPartner--addressDetailDetailsCountry-arrow"},"wdio_ui5_key":"applicationmanagepartners-display-component---NewPartner--addressDetailDetailsCountry-arrow"}]}
RESULT: {"script":"<script> [1562 bytes]","args":[{"selector":{"id":"application-managepartners-display-component---NewPartner--addressDetailDetailsCountry-arrow"},"wdio_ui5_key":"applicationmanagepartners-display-component---NewPartner--addressDetailDetailsCountry-arrow"}]}
RESULT: undefined
COMMAND: POST /session/797d6a12e387849dd32047a457c264a5/element - {"using":"xpath","value":"//*[@id=\"application-managepartners-display-component---NewPartner--addressDetailDetailsCountry-arrow\"]"}
RESULT: {"using":"xpath","value":"//*[@id=\"application-managepartners-display-component---NewPartner--addressDetailDetailsCountry-arrow\"]"}
COMMAND: POST /session/797d6a12e387849dd32047a457c264a5/element/f.94906BB8095ED37A30942B11E16FA35A.d.917BFEEC4EECD05B295AFC87D350924D.e.3007/click - {}
RESULT: {}
COMMAND: POST /session/797d6a12e387849dd32047a457c264a5/element - {"using":"xpath","value":"//span[contains(text(), \"Argentina\")]"}
COMMAND: GET /session/797d6a12e387849dd32047a457c264a5/screenshot - {}
RESULT: {"using":"xpath","value":"//span[contains(text(), \"Argentina\")]"}
COMMAND: POST /session/797d6a12e387849dd32047a457c264a5/element/f.94906BB8095ED37A30942B11E16FA35A.d.917BFEEC4EECD05B295AFC87D350924D.e.3056/click - {}
RESULT: {}
RESULT: {}
COMMAND: GET /session/797d6a12e387849dd32047a457c264a5/screenshot - {}
RESULT: {}
COMMAND: POST /session/797d6a12e387849dd32047a457c264a5/element - {"using":"xpath","value":"//bdi[contains(text(), \"Commercial\")]"}
RESULT: {"using":"xpath","value":"//bdi[contains(text(), \"Commercial\")]"}
COMMAND: POST /session/797d6a12e387849dd32047a457c264a5/element/f.94906BB8095ED37A30942B11E16FA35A.d.917BFEEC4EECD05B295AFC87D350924D.e.3057/click - {}
RESULT: {}
COMMAND: GET /session/797d6a12e387849dd32047a457c264a5/screenshot - {}
RESULT: {}
COMMAND: POST /session/797d6a12e387849dd32047a457c264a5/execute/async - {"script":"<script> [1562 bytes]","args":[{"selector":{"id":"application-managepartners-display-component---NewPartner--partnerDetailInternal-arrow"},"wdio_ui5_key":"applicationmanagepartners-display-component---NewPartner--partnerDetailInternal-arrow"}]}
RESULT: {"script":"<script> [1562 bytes]","args":[{"selector":{"id":"application-managepartners-display-component---NewPartner--partnerDetailInternal-arrow"},"wdio_ui5_key":"applicationmanagepartners-display-component---NewPartner--partnerDetailInternal-arrow"}]}
RESULT: undefined
COMMAND: POST /session/797d6a12e387849dd32047a457c264a5/element - {"using":"xpath","value":"//*[@id=\"application-managepartners-display-component---NewPartner--partnerDetailInternal-arrow\"]"}
RESULT: {"using":"xpath","value":"//*[@id=\"application-managepartners-display-component---NewPartner--partnerDetailInternal-arrow\"]"}
COMMAND: POST /session/797d6a12e387849dd32047a457c264a5/element/f.94906BB8095ED37A30942B11E16FA35A.d.917BFEEC4EECD05B295AFC87D350924D.e.3063/click - {}
RESULT: {}
COMMAND: POST /session/797d6a12e387849dd32047a457c264a5/element - {"using":"xpath","value":"//span[contains(text(), \"Affiliated company\")]"}
COMMAND: GET /session/797d6a12e387849dd32047a457c264a5/screenshot - {}
RESULT: {"using":"xpath","value":"//span[contains(text(), \"Affiliated company\")]"}
COMMAND: POST /session/797d6a12e387849dd32047a457c264a5/element/f.94906BB8095ED37A30942B11E16FA35A.d.917BFEEC4EECD05B295AFC87D350924D.e.3064/click - {}
RESULT: {}
RESULT: {}
COMMAND: POST /session/797d6a12e387849dd32047a457c264a5/execute/async - {"script":"<script> [1562 bytes]","args":[{"selector":{"id":"application-managepartners-display-component---NewPartner--partnerDetailsCurrency-arrow"},"wdio_ui5_key":"applicationmanagepartners-display-component---NewPartner--partnerDetailsCurrency-arrow"}]}
COMMAND: GET /session/797d6a12e387849dd32047a457c264a5/screenshot - {}
RESULT: {"script":"<script> [1562 bytes]","args":[{"selector":{"id":"application-managepartners-display-component---NewPartner--partnerDetailsCurrency-arrow"},"wdio_ui5_key":"applicationmanagepartners-display-component---NewPartner--partnerDetailsCurrency-arrow"}]}
RESULT: undefined
COMMAND: POST /session/797d6a12e387849dd32047a457c264a5/element - {"using":"xpath","value":"//*[@id=\"application-managepartners-display-component---NewPartner--partnerDetailsCurrency-arrow\"]"}
RESULT: {}
RESULT: {"using":"xpath","value":"//*[@id=\"application-managepartners-display-component---NewPartner--partnerDetailsCurrency-arrow\"]"}
COMMAND: POST /session/797d6a12e387849dd32047a457c264a5/element/f.94906BB8095ED37A30942B11E16FA35A.d.917BFEEC4EECD05B295AFC87D350924D.e.3071/click - {}
RESULT: {}
COMMAND: POST /session/797d6a12e387849dd32047a457c264a5/element - {"using":"xpath","value":"//span[contains(text(), \"Euro\")]"}
COMMAND: GET /session/797d6a12e387849dd32047a457c264a5/screenshot - {}
RESULT: {"using":"xpath","value":"//span[contains(text(), \"Euro\")]"}
COMMAND: POST /session/797d6a12e387849dd32047a457c264a5/element/f.94906BB8095ED37A30942B11E16FA35A.d.917BFEEC4EECD05B295AFC87D350924D.e.3072/click - {}
RESULT: {}
RESULT: {}
COMMAND: POST /session/797d6a12e387849dd32047a457c264a5/execute/async - {"script":"<script> [1562 bytes]","args":[{"selector":{"id":"application-managepartners-display-component---NewPartner--addressEditDetailsCostObjectCstType-arrow"},"wdio_ui5_key":"applicationmanagepartners-display-component---NewPartner--addressEditDetailsCostObjectCstType-arrow"}]}
COMMAND: GET /session/797d6a12e387849dd32047a457c264a5/screenshot - {}
RESULT: {"script":"<script> [1562 bytes]","args":[{"selector":{"id":"application-managepartners-display-component---NewPartner--addressEditDetailsCostObjectCstType-arrow"},"wdio_ui5_key":"applicationmanagepartners-display-component---NewPartner--addressEditDetailsCostObjectCstType-arrow"}]}
RESULT: undefined
COMMAND: POST /session/797d6a12e387849dd32047a457c264a5/element - {"using":"xpath","value":"//*[@id=\"application-managepartners-display-component---NewPartner--addressEditDetailsCostObjectCstType-arrow\"]"}
RESULT: {}
RESULT: {"using":"xpath","value":"//*[@id=\"application-managepartners-display-component---NewPartner--addressEditDetailsCostObjectCstType-arrow\"]"}
COMMAND: POST /session/797d6a12e387849dd32047a457c264a5/element/f.94906BB8095ED37A30942B11E16FA35A.d.917BFEEC4EECD05B295AFC87D350924D.e.3073/click - {}
RESULT: {}
COMMAND: POST /session/797d6a12e387849dd32047a457c264a5/element - {"using":"xpath","value":"//span[contains(text(), \"Cost Center\")]"}
COMMAND: GET /session/797d6a12e387849dd32047a457c264a5/screenshot - {}
RESULT: {"using":"xpath","value":"//span[contains(text(), \"Cost Center\")]"}
COMMAND: POST /session/797d6a12e387849dd32047a457c264a5/element/f.94906BB8095ED37A30942B11E16FA35A.d.917BFEEC4EECD05B295AFC87D350924D.e.3074/click - {}
RESULT: {}
RESULT: {}
COMMAND: GET /session/797d6a12e387849dd32047a457c264a5/screenshot - {}
RESULT: {}
COMMAND: POST /session/797d6a12e387849dd32047a457c264a5/element - {"using":"xpath","value":"//span[@id=\"application-managepartners-display-component---NewPartner--addressNewCostObjectCstID-vhi\"]"}
RESULT: {"using":"xpath","value":"//span[@id=\"application-managepartners-display-component---NewPartner--addressNewCostObjectCstID-vhi\"]"}
COMMAND: POST /session/797d6a12e387849dd32047a457c264a5/execute/sync - {"script":"<script> [8489 bytes]","args":[{"element-6066-11e4-a52e-4f735466cecf":"f.94906BB8095ED37A30942B11E16FA35A.d.917BFEEC4EECD05B295AFC87D350924D.e.3078","ELEMENT":"f.94906BB8095ED37A30942B11E16FA35A.d.917BFEEC4EECD05B295AFC87D350924D.e.3078"}]}
RESULT: {"script":"<script> [8489 bytes]","args":[{"element-6066-11e4-a52e-4f735466cecf":"f.94906BB8095ED37A30942B11E16FA35A.d.917BFEEC4EECD05B295AFC87D350924D.e.3078","ELEMENT":"f.94906BB8095ED37A30942B11E16FA35A.d.917BFEEC4EECD05B295AFC87D350924D.e.3078"}]}
COMMAND: POST /session/797d6a12e387849dd32047a457c264a5/execute/async - {"script":"<script> [1562 bytes]","args":[{"selector":{"id":"application-managepartners-display-component---NewPartner--addressNewCostObjectCstID-vhi"},"wdio_ui5_key":"applicationmanagepartners-display-component---NewPartner--addressNewCostObjectCstID-vhi"}]}
COMMAND: GET /session/797d6a12e387849dd32047a457c264a5/screenshot - {}
RESULT: {"script":"<script> [1562 bytes]","args":[{"selector":{"id":"application-managepartners-display-component---NewPartner--addressNewCostObjectCstID-vhi"},"wdio_ui5_key":"applicationmanagepartners-display-component---NewPartner--addressNewCostObjectCstID-vhi"}]}
RESULT: undefined
COMMAND: POST /session/797d6a12e387849dd32047a457c264a5/element - {"using":"xpath","value":"//*[@id=\"application-managepartners-display-component---NewPartner--addressNewCostObjectCstID-vhi\"]"}
RESULT: {}
RESULT: {"using":"xpath","value":"//*[@id=\"application-managepartners-display-component---NewPartner--addressNewCostObjectCstID-vhi\"]"}
COMMAND: POST /session/797d6a12e387849dd32047a457c264a5/element/f.94906BB8095ED37A30942B11E16FA35A.d.917BFEEC4EECD05B295AFC87D350924D.e.3078/click - {}
RESULT: {}
COMMAND: GET /session/797d6a12e387849dd32047a457c264a5/screenshot - {}
RESULT: {}
COMMAND: POST /session/797d6a12e387849dd32047a457c264a5/execute/async - {"script":"<script> [1562 bytes]","args":[{"selector":{"controlType":"sap.m.SearchField","properties":{"placeholder":"Search"},"searchOpenDialogs":true,"interaction":{"idSuffix":"I"}},"wdio_ui5_key":"sapm.SearchField{\"placeholder\":\"Search\"}"}]}
RESULT: {"script":"<script> [1562 bytes]","args":[{"selector":{"controlType":"sap.m.SearchField","properties":{"placeholder":"Search"},"searchOpenDialogs":true,"interaction":{"idSuffix":"I"}},"wdio_ui5_key":"sapm.SearchField{\"placeholder\":\"Search\"}"}]}
RESULT: undefined
COMMAND: POST /session/797d6a12e387849dd32047a457c264a5/execute/async - {"script":"<script> [776 bytes]","args":[{"enterText":"10001013","selector":{"controlType":"sap.m.SearchField","properties":{"placeholder":"Search"},"searchOpenDialogs":true,"interaction":{"idSuffix":"I"}},"clearTextFirst":true,"interactionType":"ENTER_TEXT"}]}
RESULT: {"script":"<script> [776 bytes]","args":[{"enterText":"10001013","selector":{"controlType":"sap.m.SearchField","properties":{"placeholder":"Search"},"searchOpenDialogs":true,"interaction":{"idSuffix":"I"}},"clearTextFirst":true,"interactionType":"ENTER_TEXT"}]}
COMMAND: POST /session/797d6a12e387849dd32047a457c264a5/actions - {"actions":[{"id":"action5","type":"key","parameters":{},"actions":[{"type":"keyDown","value":"î€‡"},{"type":"pause","duration":10},{"type":"keyUp","value":"î€‡"}]}]}
RESULT: {"actions":[{"id":"action5","type":"key","parameters":{},"actions":[{"type":"keyDown","value":"î€‡"},{"type":"pause","duration":10},{"type":"keyUp","value":"î€‡"}]}]}
COMMAND: GET /session/797d6a12e387849dd32047a457c264a5/screenshot - {}
RESULT: {}
COMMAND: POST /session/797d6a12e387849dd32047a457c264a5/element - {"using":"xpath","value":"//span[contains(text(), \"General Management\")]"}
RESULT: {"using":"xpath","value":"//span[contains(text(), \"General Management\")]"}
COMMAND: POST /session/797d6a12e387849dd32047a457c264a5/element/f.94906BB8095ED37A30942B11E16FA35A.d.917BFEEC4EECD05B295AFC87D350924D.e.3121/click - {}
RESULT: {}
COMMAND: GET /session/797d6a12e387849dd32047a457c264a5/screenshot - {}
RESULT: {}
COMMAND: POST /session/797d6a12e387849dd32047a457c264a5/element - {"using":"xpath","value":"//bdi[contains(text(), \"OK\")]"}
RESULT: {"using":"xpath","value":"//bdi[contains(text(), \"OK\")]"}
COMMAND: POST /session/797d6a12e387849dd32047a457c264a5/element/f.94906BB8095ED37A30942B11E16FA35A.d.917BFEEC4EECD05B295AFC87D350924D.e.3122/click - {}
RESULT: {}
COMMAND: GET /session/797d6a12e387849dd32047a457c264a5/screenshot - {}
RESULT: {}
COMMAND: POST /session/797d6a12e387849dd32047a457c264a5/element - {"using":"xpath","value":"//input[@id=\"application-managepartners-display-component---NewPartner--companyCodeComboBox-inner\"]"}
RESULT: {"using":"xpath","value":"//input[@id=\"application-managepartners-display-component---NewPartner--companyCodeComboBox-inner\"]"}
COMMAND: POST /session/797d6a12e387849dd32047a457c264a5/element/f.94906BB8095ED37A30942B11E16FA35A.d.917BFEEC4EECD05B295AFC87D350924D.e.2921/clear - {}
RESULT: {}
COMMAND: POST /session/797d6a12e387849dd32047a457c264a5/element/f.94906BB8095ED37A30942B11E16FA35A.d.917BFEEC4EECD05B295AFC87D350924D.e.2921/value - {"text":"C002"}
COMMAND: GET /session/797d6a12e387849dd32047a457c264a5/screenshot - {}
RESULT: {"text":"C002"}
COMMAND: GET /session/797d6a12e387849dd32047a457c264a5/screenshot - {}
RESULT: {}
RESULT: {}
COMMAND: POST /session/797d6a12e387849dd32047a457c264a5/element - {"using":"xpath","value":"//span[contains(text(), \"C002\")]"}
RESULT: {"using":"xpath","value":"//span[contains(text(), \"C002\")]"}
COMMAND: POST /session/797d6a12e387849dd32047a457c264a5/element/f.94906BB8095ED37A30942B11E16FA35A.d.917BFEEC4EECD05B295AFC87D350924D.e.3128/click - {}
RESULT: {}
COMMAND: GET /session/797d6a12e387849dd32047a457c264a5/screenshot - {}
RESULT: {}
COMMAND: POST /session/797d6a12e387849dd32047a457c264a5/execute/async - {"script":"<script> [1562 bytes]","args":[{"selector":{"id":"application-managepartners-display-component---NewPartner--btnAddTableRow-img"},"wdio_ui5_key":"applicationmanagepartners-display-component---NewPartner--btnAddTableRow-img"}]}
RESULT: {"script":"<script> [1562 bytes]","args":[{"selector":{"id":"application-managepartners-display-component---NewPartner--btnAddTableRow-img"},"wdio_ui5_key":"applicationmanagepartners-display-component---NewPartner--btnAddTableRow-img"}]}
RESULT: undefined
COMMAND: POST /session/797d6a12e387849dd32047a457c264a5/element - {"using":"xpath","value":"//*[@id=\"application-managepartners-display-component---NewPartner--btnAddTableRow-img\"]"}
RESULT: {"using":"xpath","value":"//*[@id=\"application-managepartners-display-component---NewPartner--btnAddTableRow-img\"]"}
COMMAND: POST /session/797d6a12e387849dd32047a457c264a5/element/f.94906BB8095ED37A30942B11E16FA35A.d.917BFEEC4EECD05B295AFC87D350924D.e.3129/click - {}
RESULT: {}
COMMAND: GET /session/797d6a12e387849dd32047a457c264a5/screenshot - {}
RESULT: {}
COMMAND: POST /session/797d6a12e387849dd32047a457c264a5/element - {"using":"xpath","value":"//input[@id=\"application-managepartners-display-component---NewPartner--assignmentYard-application-managepartners-display-component---NewPartner--assignmentsTable-0-inner\"]"}
RESULT: {"using":"xpath","value":"//input[@id=\"application-managepartners-display-component---NewPartner--assignmentYard-application-managepartners-display-component---NewPartner--assignmentsTable-0-inner\"]"}
COMMAND: POST /session/797d6a12e387849dd32047a457c264a5/element/f.94906BB8095ED37A30942B11E16FA35A.d.917BFEEC4EECD05B295AFC87D350924D.e.3132/clear - {}
RESULT: {}
COMMAND: POST /session/797d6a12e387849dd32047a457c264a5/element/f.94906BB8095ED37A30942B11E16FA35A.d.917BFEEC4EECD05B295AFC87D350924D.e.3132/value - {"text":"291"}
COMMAND: GET /session/797d6a12e387849dd32047a457c264a5/screenshot - {}
RESULT: {"text":"291"}
COMMAND: GET /session/797d6a12e387849dd32047a457c264a5/screenshot - {}
RESULT: {}
RESULT: {}
COMMAND: POST /session/797d6a12e387849dd32047a457c264a5/element - {"using":"xpath","value":"//li[.//span[text()='291']]"}
RESULT: {"using":"xpath","value":"//li[.//span[text()='291']]"}
COMMAND: POST /session/797d6a12e387849dd32047a457c264a5/element/f.94906BB8095ED37A30942B11E16FA35A.d.917BFEEC4EECD05B295AFC87D350924D.e.3141/click - {}
RESULT: {}
COMMAND: GET /session/797d6a12e387849dd32047a457c264a5/screenshot - {}
RESULT: {}
COMMAND: POST /session/797d6a12e387849dd32047a457c264a5/actions - {"actions":[{"id":"action6","type":"key","parameters":{},"actions":[{"type":"keyDown","value":"î€‡"},{"type":"pause","duration":10},{"type":"keyUp","value":"î€‡"}]}]}
RESULT: {"actions":[{"id":"action6","type":"key","parameters":{},"actions":[{"type":"keyDown","value":"î€‡"},{"type":"pause","duration":10},{"type":"keyUp","value":"î€‡"}]}]}
COMMAND: POST /session/797d6a12e387849dd32047a457c264a5/execute/async - {"script":"<script> [1562 bytes]","args":[{"selector":{"id":"application-managepartners-display-component---NewPartner--externalCustomerComboBox-application-managepartners-display-component---NewPartner--assignmentsTable-0-vhi"},"wdio_ui5_key":"applicationmanagepartners-display-component---NewPartner--externalCustomerComboBox-application-managepartners-display-component---NewPartner--assignmentsTable-0-vhi"}]}
COMMAND: GET /session/797d6a12e387849dd32047a457c264a5/screenshot - {}
RESULT: {"script":"<script> [1562 bytes]","args":[{"selector":{"id":"application-managepartners-display-component---NewPartner--externalCustomerComboBox-application-managepartners-display-component---NewPartner--assignmentsTable-0-vhi"},"wdio_ui5_key":"applicationmanagepartners-display-component---NewPartner--externalCustomerComboBox-application-managepartners-display-component---NewPartner--assignmentsTable-0-vhi"}]}
RESULT: undefined
COMMAND: POST /session/797d6a12e387849dd32047a457c264a5/element - {"using":"xpath","value":"//*[@id=\"application-managepartners-display-component---NewPartner--externalCustomerComboBox-application-managepartners-display-component---NewPartner--assignmentsTable-0-vhi\"]"}
RESULT: {}
RESULT: {"using":"xpath","value":"//*[@id=\"application-managepartners-display-component---NewPartner--externalCustomerComboBox-application-managepartners-display-component---NewPartner--assignmentsTable-0-vhi\"]"}
COMMAND: POST /session/797d6a12e387849dd32047a457c264a5/element/f.94906BB8095ED37A30942B11E16FA35A.d.917BFEEC4EECD05B295AFC87D350924D.e.3145/click - {}
RESULT: {}
RESULT: undefined
COMMAND: POST /session/797d6a12e387849dd32047a457c264a5/execute/async - {"script":"<script> [776 bytes]","args":[{"enterText":"300003","selector":{"controlType":"sap.m.SearchField","properties":{"placeholder":"Search"},"searchOpenDialogs":true,"interaction":{"idSuffix":"I"}},"clearTextFirst":true,"interactionType":"ENTER_TEXT"}]}
COMMAND: GET /session/797d6a12e387849dd32047a457c264a5/screenshot - {}
RESULT: {"script":"<script> [776 bytes]","args":[{"enterText":"300003","selector":{"controlType":"sap.m.SearchField","properties":{"placeholder":"Search"},"searchOpenDialogs":true,"interaction":{"idSuffix":"I"}},"clearTextFirst":true,"interactionType":"ENTER_TEXT"}]}
COMMAND: POST /session/797d6a12e387849dd32047a457c264a5/actions - {"actions":[{"id":"action7","type":"key","parameters":{},"actions":[{"type":"keyDown","value":"î€‡"},{"type":"pause","duration":10},{"type":"keyUp","value":"î€‡"}]}]}
RESULT: {}
RESULT: {"actions":[{"id":"action7","type":"key","parameters":{},"actions":[{"type":"keyDown","value":"î€‡"},{"type":"pause","duration":10},{"type":"keyUp","value":"î€‡"}]}]}
COMMAND: GET /session/797d6a12e387849dd32047a457c264a5/screenshot - {}
RESULT: {}
COMMAND: POST /session/797d6a12e387849dd32047a457c264a5/element - {"using":"xpath","value":"//span[contains(text(), \"300003\")]"}
RESULT: {"using":"xpath","value":"//span[contains(text(), \"300003\")]"}
COMMAND: POST /session/797d6a12e387849dd32047a457c264a5/element/f.94906BB8095ED37A30942B11E16FA35A.d.917BFEEC4EECD05B295AFC87D350924D.e.3164/click - {}
RESULT: {}
COMMAND: GET /session/797d6a12e387849dd32047a457c264a5/screenshot - {}
RESULT: {}
COMMAND: POST /session/797d6a12e387849dd32047a457c264a5/element - {"using":"xpath","value":"//bdi[contains(text(), \"OK\")]"}
RESULT: {"using":"xpath","value":"//bdi[contains(text(), \"OK\")]"}
COMMAND: POST /session/797d6a12e387849dd32047a457c264a5/element/f.94906BB8095ED37A30942B11E16FA35A.d.917BFEEC4EECD05B295AFC87D350924D.e.3166/click - {}
RESULT: {}
COMMAND: GET /session/797d6a12e387849dd32047a457c264a5/screenshot - {}
RESULT: {}
COMMAND: POST /session/797d6a12e387849dd32047a457c264a5/execute/async - {"script":"<script> [1562 bytes]","args":[{"selector":{"id":"application-managepartners-display-component---NewPartner--intercompVendorComboBox-application-managepartners-display-component---NewPartner--assignmentsTable-0-vhi"},"wdio_ui5_key":"applicationmanagepartners-display-component---NewPartner--intercompVendorComboBox-application-managepartners-display-component---NewPartner--assignmentsTable-0-vhi"}]}
RESULT: {"script":"<script> [1562 bytes]","args":[{"selector":{"id":"application-managepartners-display-component---NewPartner--intercompVendorComboBox-application-managepartners-display-component---NewPartner--assignmentsTable-0-vhi"},"wdio_ui5_key":"applicationmanagepartners-display-component---NewPartner--intercompVendorComboBox-application-managepartners-display-component---NewPartner--assignmentsTable-0-vhi"}]}
RESULT: undefined
COMMAND: POST /session/797d6a12e387849dd32047a457c264a5/element - {"using":"xpath","value":"//*[@id=\"application-managepartners-display-component---NewPartner--intercompVendorComboBox-application-managepartners-display-component---NewPartner--assignmentsTable-0-vhi\"]"}
RESULT: {"using":"xpath","value":"//*[@id=\"application-managepartners-display-component---NewPartner--intercompVendorComboBox-application-managepartners-display-component---NewPartner--assignmentsTable-0-vhi\"]"}
COMMAND: POST /session/797d6a12e387849dd32047a457c264a5/element/f.94906BB8095ED37A30942B11E16FA35A.d.917BFEEC4EECD05B295AFC87D350924D.e.3170/click - {}
RESULT: {}
RESULT: undefined
COMMAND: POST /session/797d6a12e387849dd32047a457c264a5/execute/async - {"script":"<script> [776 bytes]","args":[{"enterText":"100005","selector":{"controlType":"sap.m.SearchField","properties":{"placeholder":"Search"},"searchOpenDialogs":true,"interaction":{"idSuffix":"I"}},"clearTextFirst":true,"interactionType":"ENTER_TEXT"}]}
COMMAND: GET /session/797d6a12e387849dd32047a457c264a5/screenshot - {}
RESULT: {"script":"<script> [776 bytes]","args":[{"enterText":"100005","selector":{"controlType":"sap.m.SearchField","properties":{"placeholder":"Search"},"searchOpenDialogs":true,"interaction":{"idSuffix":"I"}},"clearTextFirst":true,"interactionType":"ENTER_TEXT"}]}
COMMAND: POST /session/797d6a12e387849dd32047a457c264a5/actions - {"actions":[{"id":"action8","type":"key","parameters":{},"actions":[{"type":"keyDown","value":"î€‡"},{"type":"pause","duration":10},{"type":"keyUp","value":"î€‡"}]}]}
RESULT: {}
RESULT: {"actions":[{"id":"action8","type":"key","parameters":{},"actions":[{"type":"keyDown","value":"î€‡"},{"type":"pause","duration":10},{"type":"keyUp","value":"î€‡"}]}]}
COMMAND: GET /session/797d6a12e387849dd32047a457c264a5/screenshot - {}
RESULT: {}
COMMAND: POST /session/797d6a12e387849dd32047a457c264a5/element - {"using":"xpath","value":"//span[contains(text(), \"Penguins - Field/12345 Berlin\")]"}
RESULT: {"using":"xpath","value":"//span[contains(text(), \"Penguins - Field/12345 Berlin\")]"}
COMMAND: POST /session/797d6a12e387849dd32047a457c264a5/element/f.94906BB8095ED37A30942B11E16FA35A.d.917BFEEC4EECD05B295AFC87D350924D.e.3189/click - {}
RESULT: {}
COMMAND: GET /session/797d6a12e387849dd32047a457c264a5/screenshot - {}
RESULT: {}
COMMAND: POST /session/797d6a12e387849dd32047a457c264a5/element - {"using":"xpath","value":"//bdi[contains(text(), \"OK\")]"}
RESULT: {"using":"xpath","value":"//bdi[contains(text(), \"OK\")]"}
COMMAND: POST /session/797d6a12e387849dd32047a457c264a5/element/f.94906BB8095ED37A30942B11E16FA35A.d.917BFEEC4EECD05B295AFC87D350924D.e.3190/click - {}
RESULT: {}
COMMAND: GET /session/797d6a12e387849dd32047a457c264a5/screenshot - {}
RESULT: {}
COMMAND: POST /session/797d6a12e387849dd32047a457c264a5/element - {"using":"xpath","value":"//button[@data-kt=\"saveButton\"]"}
RESULT: {"using":"xpath","value":"//button[@data-kt=\"saveButton\"]"}
COMMAND: POST /session/797d6a12e387849dd32047a457c264a5/element/f.94906BB8095ED37A30942B11E16FA35A.d.917BFEEC4EECD05B295AFC87D350924D.e.3038/click - {}
RESULT: {}
COMMAND: GET /session/797d6a12e387849dd32047a457c264a5/screenshot - {}
RESULT: {}
COMMAND: POST /session/797d6a12e387849dd32047a457c264a5/element - {"using":"xpath","value":"//header[contains(@id, 'ObjectPageLayout-headerTitle')]/div[1]/div[2]/div[2]/span[1]"}
RESULT: {"using":"xpath","value":"//header[contains(@id, 'ObjectPageLayout-headerTitle')]/div[1]/div[2]/div[2]/span[1]"}
COMMAND: POST /session/797d6a12e387849dd32047a457c264a5/elements - {"using":"xpath","value":"//header[contains(@id, 'ObjectPageLayout-headerTitle')]/div[1]/div[2]/div[2]/span[1]"}
RESULT: {"using":"xpath","value":"//header[contains(@id, 'ObjectPageLayout-headerTitle')]/div[1]/div[2]/div[2]/span[1]"}
COMMAND: POST /session/797d6a12e387849dd32047a457c264a5/execute/sync - {"script":"<script> [56 bytes]","args":[{"element-6066-11e4-a52e-4f735466cecf":"f.94906BB8095ED37A30942B11E16FA35A.d.917BFEEC4EECD05B295AFC87D350924D.e.3356","ELEMENT":"f.94906BB8095ED37A30942B11E16FA35A.d.917BFEEC4EECD05B295AFC87D350924D.e.3356"}]}
RESULT: {"script":"<script> [56 bytes]","args":[{"element-6066-11e4-a52e-4f735466cecf":"f.94906BB8095ED37A30942B11E16FA35A.d.917BFEEC4EECD05B295AFC87D350924D.e.3356","ELEMENT":"f.94906BB8095ED37A30942B11E16FA35A.d.917BFEEC4EECD05B295AFC87D350924D.e.3356"}]}
COMMAND: POST /session/797d6a12e387849dd32047a457c264a5/element - {"using":"css selector","value":"#shell-header-logo"}
COMMAND: GET /session/797d6a12e387849dd32047a457c264a5/screenshot - {}
RESULT: {"using":"css selector","value":"#shell-header-logo"}
COMMAND: POST /session/797d6a12e387849dd32047a457c264a5/element/f.94906BB8095ED37A30942B11E16FA35A.d.917BFEEC4EECD05B295AFC87D350924D.e.2575/click - {}
RESULT: {}
RESULT: {}
COMMAND: GET /session/797d6a12e387849dd32047a457c264a5/screenshot - {}
RESULT: {}
COMMAND: POST /session/797d6a12e387849dd32047a457c264a5/execute/sync - {"script":"<script> [299 bytes]","args":[["getModel","getResource"]]}
RESULT: {"script":"<script> [299 bytes]","args":[["getModel","getResource"]]}
]]></system-out>
    </testcase>
    <testcase classname="chrome.135_0_7049_96.windows.Edit_and_delete_daily_price_US134629_US134627" name="Should create a new site used for following tests" time="90.376">
      <system-out><![CDATA[
COMMAND: POST /session/797d6a12e387849dd32047a457c264a5/execute/async - {"script":"<script> [1562 bytes]","args":[{"selector":{"controlType":"sap.m.TileContent","bindingPath":{"path":"","propertyPath":"/properties/info"},"ancestor":{"controlType":"sap.m.GenericTile","properties":{"header":"Manage Sites"}}},"wdio_ui5_key":"sapm.TileContent{\"path\":\"\",\"propertyPath\":\"/properties/info\"}{\"controlType\":\"sap.m.GenericTile\",\"properties\":{\"header\":\"Manage Sites\"}}"}]}
COMMAND: GET /session/797d6a12e387849dd32047a457c264a5/screenshot - {}
RESULT: {"script":"<script> [1562 bytes]","args":[{"selector":{"controlType":"sap.m.TileContent","bindingPath":{"path":"","propertyPath":"/properties/info"},"ancestor":{"controlType":"sap.m.GenericTile","properties":{"header":"Manage Sites"}}},"wdio_ui5_key":"sapm.TileContent{\"path\":\"\",\"propertyPath\":\"/properties/info\"}{\"controlType\":\"sap.m.GenericTile\",\"properties\":{\"header\":\"Manage Sites\"}}"}]}
RESULT: undefined
COMMAND: POST /session/797d6a12e387849dd32047a457c264a5/element - {"using":"xpath","value":"//*[@id=\"__xmlview7--numericTileContent\"]"}
RESULT: {}
RESULT: {"using":"xpath","value":"//*[@id=\"__xmlview7--numericTileContent\"]"}
COMMAND: POST /session/797d6a12e387849dd32047a457c264a5/element/f.94906BB8095ED37A30942B11E16FA35A.d.917BFEEC4EECD05B295AFC87D350924D.e.3358/click - {}
RESULT: {}
COMMAND: POST /session/797d6a12e387849dd32047a457c264a5/element - {"using":"xpath","value":"//button[@data-kt=\"addOverflowToolbarButton\"]"}
COMMAND: GET /session/797d6a12e387849dd32047a457c264a5/screenshot - {}
RESULT: {"using":"xpath","value":"//button[@data-kt=\"addOverflowToolbarButton\"]"}
COMMAND: POST /session/797d6a12e387849dd32047a457c264a5/elements - {"using":"xpath","value":"//button[@data-kt=\"addOverflowToolbarButton\"]"}
RESULT: {}
RESULT: {"using":"xpath","value":"//button[@data-kt=\"addOverflowToolbarButton\"]"}
COMMAND: POST /session/797d6a12e387849dd32047a457c264a5/elements - {"using":"xpath","value":"//button[@data-kt=\"addOverflowToolbarButton\"]"}
RESULT: {"using":"xpath","value":"//button[@data-kt=\"addOverflowToolbarButton\"]"}
COMMAND: POST /session/797d6a12e387849dd32047a457c264a5/elements - {"using":"xpath","value":"//button[@data-kt=\"addOverflowToolbarButton\"]"}
RESULT: {"using":"xpath","value":"//button[@data-kt=\"addOverflowToolbarButton\"]"}
COMMAND: POST /session/797d6a12e387849dd32047a457c264a5/element - {"using":"xpath","value":"//button[@data-kt=\"addOverflowToolbarButton\"]"}
RESULT: {"using":"xpath","value":"//button[@data-kt=\"addOverflowToolbarButton\"]"}
COMMAND: POST /session/797d6a12e387849dd32047a457c264a5/execute/sync - {"script":"<script> [8489 bytes]","args":[{"element-6066-11e4-a52e-4f735466cecf":"f.94906BB8095ED37A30942B11E16FA35A.d.917BFEEC4EECD05B295AFC87D350924D.e.3405","ELEMENT":"f.94906BB8095ED37A30942B11E16FA35A.d.917BFEEC4EECD05B295AFC87D350924D.e.3405"}]}
RESULT: {"script":"<script> [8489 bytes]","args":[{"element-6066-11e4-a52e-4f735466cecf":"f.94906BB8095ED37A30942B11E16FA35A.d.917BFEEC4EECD05B295AFC87D350924D.e.3405","ELEMENT":"f.94906BB8095ED37A30942B11E16FA35A.d.917BFEEC4EECD05B295AFC87D350924D.e.3405"}]}
COMMAND: GET /session/797d6a12e387849dd32047a457c264a5/element/f.94906BB8095ED37A30942B11E16FA35A.d.917BFEEC4EECD05B295AFC87D350924D.e.3405/enabled - {}
COMMAND: GET /session/797d6a12e387849dd32047a457c264a5/screenshot - {}
RESULT: {}
COMMAND: POST /session/797d6a12e387849dd32047a457c264a5/execute/sync - {"script":"<script> [8489 bytes]","args":[{"element-6066-11e4-a52e-4f735466cecf":"f.94906BB8095ED37A30942B11E16FA35A.d.917BFEEC4EECD05B295AFC87D350924D.e.3405","ELEMENT":"f.94906BB8095ED37A30942B11E16FA35A.d.917BFEEC4EECD05B295AFC87D350924D.e.3405"}]}
COMMAND: GET /session/797d6a12e387849dd32047a457c264a5/screenshot - {}
RESULT: {}
RESULT: {"script":"<script> [8489 bytes]","args":[{"element-6066-11e4-a52e-4f735466cecf":"f.94906BB8095ED37A30942B11E16FA35A.d.917BFEEC4EECD05B295AFC87D350924D.e.3405","ELEMENT":"f.94906BB8095ED37A30942B11E16FA35A.d.917BFEEC4EECD05B295AFC87D350924D.e.3405"}]}
COMMAND: POST /session/797d6a12e387849dd32047a457c264a5/execute/sync - {"script":"<script> [5351 bytes]","args":[{"element-6066-11e4-a52e-4f735466cecf":"f.94906BB8095ED37A30942B11E16FA35A.d.917BFEEC4EECD05B295AFC87D350924D.e.3405","ELEMENT":"f.94906BB8095ED37A30942B11E16FA35A.d.917BFEEC4EECD05B295AFC87D350924D.e.3405"}]}
COMMAND: GET /session/797d6a12e387849dd32047a457c264a5/screenshot - {}
RESULT: {}
RESULT: {"script":"<script> [5351 bytes]","args":[{"element-6066-11e4-a52e-4f735466cecf":"f.94906BB8095ED37A30942B11E16FA35A.d.917BFEEC4EECD05B295AFC87D350924D.e.3405","ELEMENT":"f.94906BB8095ED37A30942B11E16FA35A.d.917BFEEC4EECD05B295AFC87D350924D.e.3405"}]}
COMMAND: POST /session/797d6a12e387849dd32047a457c264a5/element/f.94906BB8095ED37A30942B11E16FA35A.d.917BFEEC4EECD05B295AFC87D350924D.e.3405/click - {}
COMMAND: GET /session/797d6a12e387849dd32047a457c264a5/screenshot - {}
RESULT: {}
RESULT: {}
COMMAND: GET /session/797d6a12e387849dd32047a457c264a5/screenshot - {}
COMMAND: POST /session/797d6a12e387849dd32047a457c264a5/execute/async - {"script":"<script> [1562 bytes]","args":[{"selector":{"id":"application-managesites-display-component---NewSite--addressDetailDetailsName1","interaction":{"idSuffix":"inner"}},"wdio_ui5_key":"applicationmanagesites-display-component---NewSite--addressDetailDetailsName1"}]}
RESULT: {}
RESULT: {}
RESULT: {"script":"<script> [1562 bytes]","args":[{"selector":{"id":"application-managesites-display-component---NewSite--addressDetailDetailsName1","interaction":{"idSuffix":"inner"}},"wdio_ui5_key":"applicationmanagesites-display-component---NewSite--addressDetailDetailsName1"}]}
RESULT: undefined
COMMAND: POST /session/797d6a12e387849dd32047a457c264a5/execute/async - {"script":"<script> [776 bytes]","args":[{"enterText":"DailyPrice WDIO","selector":{"id":"application-managesites-display-component---NewSite--addressDetailDetailsName1","interaction":{"idSuffix":"inner"}},"clearTextFirst":true,"interactionType":"ENTER_TEXT"}]}
RESULT: {"script":"<script> [776 bytes]","args":[{"enterText":"DailyPrice WDIO","selector":{"id":"application-managesites-display-component---NewSite--addressDetailDetailsName1","interaction":{"idSuffix":"inner"}},"clearTextFirst":true,"interactionType":"ENTER_TEXT"}]}
COMMAND: POST /session/797d6a12e387849dd32047a457c264a5/execute/async - {"script":"<script> [1562 bytes]","args":[{"selector":{"id":"application-managesites-display-component---NewSite--addressDetailDetailsLanguage-arrow"},"wdio_ui5_key":"applicationmanagesites-display-component---NewSite--addressDetailDetailsLanguage-arrow"}]}
RESULT: {"script":"<script> [1562 bytes]","args":[{"selector":{"id":"application-managesites-display-component---NewSite--addressDetailDetailsLanguage-arrow"},"wdio_ui5_key":"applicationmanagesites-display-component---NewSite--addressDetailDetailsLanguage-arrow"}]}
RESULT: undefined
COMMAND: POST /session/797d6a12e387849dd32047a457c264a5/element - {"using":"xpath","value":"//*[@id=\"application-managesites-display-component---NewSite--addressDetailDetailsLanguage-arrow\"]"}
RESULT: {"using":"xpath","value":"//*[@id=\"application-managesites-display-component---NewSite--addressDetailDetailsLanguage-arrow\"]"}
COMMAND: POST /session/797d6a12e387849dd32047a457c264a5/element/f.94906BB8095ED37A30942B11E16FA35A.d.917BFEEC4EECD05B295AFC87D350924D.e.3800/click - {}
RESULT: {}
COMMAND: POST /session/797d6a12e387849dd32047a457c264a5/element - {"using":"xpath","value":"//span[contains(text(), \"English\")]"}
COMMAND: GET /session/797d6a12e387849dd32047a457c264a5/screenshot - {}
RESULT: {"using":"xpath","value":"//span[contains(text(), \"English\")]"}
COMMAND: POST /session/797d6a12e387849dd32047a457c264a5/element/f.94906BB8095ED37A30942B11E16FA35A.d.917BFEEC4EECD05B295AFC87D350924D.e.3801/click - {}
RESULT: {}
RESULT: {}
COMMAND: POST /session/797d6a12e387849dd32047a457c264a5/execute/async - {"script":"<script> [1562 bytes]","args":[{"selector":{"id":"application-managesites-display-component---NewSite--addressDetailDetailsCity1","interaction":{"idSuffix":"inner"}},"wdio_ui5_key":"applicationmanagesites-display-component---NewSite--addressDetailDetailsCity1"}]}
COMMAND: GET /session/797d6a12e387849dd32047a457c264a5/screenshot - {}
RESULT: {"script":"<script> [1562 bytes]","args":[{"selector":{"id":"application-managesites-display-component---NewSite--addressDetailDetailsCity1","interaction":{"idSuffix":"inner"}},"wdio_ui5_key":"applicationmanagesites-display-component---NewSite--addressDetailDetailsCity1"}]}
RESULT: undefined
COMMAND: POST /session/797d6a12e387849dd32047a457c264a5/execute/async - {"script":"<script> [776 bytes]","args":[{"enterText":"Rosario","selector":{"id":"application-managesites-display-component---NewSite--addressDetailDetailsCity1","interaction":{"idSuffix":"inner"}},"clearTextFirst":true,"interactionType":"ENTER_TEXT"}]}
RESULT: {}
RESULT: {"script":"<script> [776 bytes]","args":[{"enterText":"Rosario","selector":{"id":"application-managesites-display-component---NewSite--addressDetailDetailsCity1","interaction":{"idSuffix":"inner"}},"clearTextFirst":true,"interactionType":"ENTER_TEXT"}]}
COMMAND: POST /session/797d6a12e387849dd32047a457c264a5/execute/async - {"script":"<script> [1562 bytes]","args":[{"selector":{"id":"application-managesites-display-component---NewSite--addressDetailDetailsCountry-arrow"},"wdio_ui5_key":"applicationmanagesites-display-component---NewSite--addressDetailDetailsCountry-arrow"}]}
RESULT: {"script":"<script> [1562 bytes]","args":[{"selector":{"id":"application-managesites-display-component---NewSite--addressDetailDetailsCountry-arrow"},"wdio_ui5_key":"applicationmanagesites-display-component---NewSite--addressDetailDetailsCountry-arrow"}]}
RESULT: undefined
COMMAND: POST /session/797d6a12e387849dd32047a457c264a5/element - {"using":"xpath","value":"//*[@id=\"application-managesites-display-component---NewSite--addressDetailDetailsCountry-arrow\"]"}
RESULT: {"using":"xpath","value":"//*[@id=\"application-managesites-display-component---NewSite--addressDetailDetailsCountry-arrow\"]"}
COMMAND: POST /session/797d6a12e387849dd32047a457c264a5/element/f.94906BB8095ED37A30942B11E16FA35A.d.917BFEEC4EECD05B295AFC87D350924D.e.3803/click - {}
RESULT: {}
COMMAND: POST /session/797d6a12e387849dd32047a457c264a5/element - {"using":"xpath","value":"//span[contains(text(), \"Argentina\")]"}
COMMAND: GET /session/797d6a12e387849dd32047a457c264a5/screenshot - {}
RESULT: {"using":"xpath","value":"//span[contains(text(), \"Argentina\")]"}
COMMAND: POST /session/797d6a12e387849dd32047a457c264a5/element/f.94906BB8095ED37A30942B11E16FA35A.d.917BFEEC4EECD05B295AFC87D350924D.e.3805/click - {}
RESULT: {}
RESULT: {}
COMMAND: GET /session/797d6a12e387849dd32047a457c264a5/screenshot - {}
RESULT: {}
COMMAND: POST /session/797d6a12e387849dd32047a457c264a5/execute/async - {"script":"<script> [1562 bytes]","args":[{"selector":{"id":"application-managesites-display-component---NewSite--addressEditDetailsCostObjectCstType-arrow"},"wdio_ui5_key":"applicationmanagesites-display-component---NewSite--addressEditDetailsCostObjectCstType-arrow"}]}
RESULT: {"script":"<script> [1562 bytes]","args":[{"selector":{"id":"application-managesites-display-component---NewSite--addressEditDetailsCostObjectCstType-arrow"},"wdio_ui5_key":"applicationmanagesites-display-component---NewSite--addressEditDetailsCostObjectCstType-arrow"}]}
RESULT: undefined
COMMAND: POST /session/797d6a12e387849dd32047a457c264a5/element - {"using":"xpath","value":"//*[@id=\"application-managesites-display-component---NewSite--addressEditDetailsCostObjectCstType-arrow\"]"}
RESULT: {"using":"xpath","value":"//*[@id=\"application-managesites-display-component---NewSite--addressEditDetailsCostObjectCstType-arrow\"]"}
COMMAND: POST /session/797d6a12e387849dd32047a457c264a5/element/f.94906BB8095ED37A30942B11E16FA35A.d.917BFEEC4EECD05B295AFC87D350924D.e.3806/click - {}
RESULT: {}
COMMAND: POST /session/797d6a12e387849dd32047a457c264a5/element - {"using":"xpath","value":"//span[contains(text(), \"Cost Center\")]"}
COMMAND: GET /session/797d6a12e387849dd32047a457c264a5/screenshot - {}
RESULT: {"using":"xpath","value":"//span[contains(text(), \"Cost Center\")]"}
COMMAND: POST /session/797d6a12e387849dd32047a457c264a5/element/f.94906BB8095ED37A30942B11E16FA35A.d.917BFEEC4EECD05B295AFC87D350924D.e.3807/click - {}
RESULT: {}
RESULT: {}
COMMAND: GET /session/797d6a12e387849dd32047a457c264a5/screenshot - {}
RESULT: {}
COMMAND: POST /session/797d6a12e387849dd32047a457c264a5/element - {"using":"xpath","value":"//span[@id=\"application-managesites-display-component---NewSite--addressNewCostObjectCstID-vhi\"]"}
RESULT: {"using":"xpath","value":"//span[@id=\"application-managesites-display-component---NewSite--addressNewCostObjectCstID-vhi\"]"}
COMMAND: POST /session/797d6a12e387849dd32047a457c264a5/execute/sync - {"script":"<script> [8489 bytes]","args":[{"element-6066-11e4-a52e-4f735466cecf":"f.94906BB8095ED37A30942B11E16FA35A.d.917BFEEC4EECD05B295AFC87D350924D.e.3811","ELEMENT":"f.94906BB8095ED37A30942B11E16FA35A.d.917BFEEC4EECD05B295AFC87D350924D.e.3811"}]}
RESULT: {"script":"<script> [8489 bytes]","args":[{"element-6066-11e4-a52e-4f735466cecf":"f.94906BB8095ED37A30942B11E16FA35A.d.917BFEEC4EECD05B295AFC87D350924D.e.3811","ELEMENT":"f.94906BB8095ED37A30942B11E16FA35A.d.917BFEEC4EECD05B295AFC87D350924D.e.3811"}]}
COMMAND: POST /session/797d6a12e387849dd32047a457c264a5/execute/async - {"script":"<script> [1562 bytes]","args":[{"selector":{"id":"application-managesites-display-component---NewSite--addressNewCostObjectCstID-vhi"},"wdio_ui5_key":"applicationmanagesites-display-component---NewSite--addressNewCostObjectCstID-vhi"}]}
COMMAND: GET /session/797d6a12e387849dd32047a457c264a5/screenshot - {}
RESULT: {"script":"<script> [1562 bytes]","args":[{"selector":{"id":"application-managesites-display-component---NewSite--addressNewCostObjectCstID-vhi"},"wdio_ui5_key":"applicationmanagesites-display-component---NewSite--addressNewCostObjectCstID-vhi"}]}
RESULT: undefined
COMMAND: POST /session/797d6a12e387849dd32047a457c264a5/element - {"using":"xpath","value":"//*[@id=\"application-managesites-display-component---NewSite--addressNewCostObjectCstID-vhi\"]"}
RESULT: {}
RESULT: {"using":"xpath","value":"//*[@id=\"application-managesites-display-component---NewSite--addressNewCostObjectCstID-vhi\"]"}
COMMAND: POST /session/797d6a12e387849dd32047a457c264a5/element/f.94906BB8095ED37A30942B11E16FA35A.d.917BFEEC4EECD05B295AFC87D350924D.e.3811/click - {}
RESULT: {}
COMMAND: GET /session/797d6a12e387849dd32047a457c264a5/screenshot - {}
RESULT: {}
RESULT: undefined
COMMAND: POST /session/797d6a12e387849dd32047a457c264a5/execute/async - {"script":"<script> [776 bytes]","args":[{"enterText":"10001013","selector":{"controlType":"sap.m.SearchField","properties":{"placeholder":"Search"},"searchOpenDialogs":true,"interaction":{"idSuffix":"I"}},"clearTextFirst":true,"interactionType":"ENTER_TEXT"}]}
RESULT: {"script":"<script> [776 bytes]","args":[{"enterText":"10001013","selector":{"controlType":"sap.m.SearchField","properties":{"placeholder":"Search"},"searchOpenDialogs":true,"interaction":{"idSuffix":"I"}},"clearTextFirst":true,"interactionType":"ENTER_TEXT"}]}
COMMAND: POST /session/797d6a12e387849dd32047a457c264a5/actions - {"actions":[{"id":"action9","type":"key","parameters":{},"actions":[{"type":"keyDown","value":"î€‡"},{"type":"pause","duration":10},{"type":"keyUp","value":"î€‡"}]}]}
RESULT: {"actions":[{"id":"action9","type":"key","parameters":{},"actions":[{"type":"keyDown","value":"î€‡"},{"type":"pause","duration":10},{"type":"keyUp","value":"î€‡"}]}]}
COMMAND: GET /session/797d6a12e387849dd32047a457c264a5/screenshot - {}
RESULT: {}
COMMAND: POST /session/797d6a12e387849dd32047a457c264a5/element - {"using":"xpath","value":"//span[contains(text(), \"General Management\")]"}
RESULT: {"using":"xpath","value":"//span[contains(text(), \"General Management\")]"}
COMMAND: POST /session/797d6a12e387849dd32047a457c264a5/element/f.94906BB8095ED37A30942B11E16FA35A.d.917BFEEC4EECD05B295AFC87D350924D.e.3849/click - {}
RESULT: {}
COMMAND: GET /session/797d6a12e387849dd32047a457c264a5/screenshot - {}
RESULT: {}
COMMAND: POST /session/797d6a12e387849dd32047a457c264a5/element - {"using":"xpath","value":"//bdi[contains(text(), \"OK\")]"}
RESULT: {"using":"xpath","value":"//bdi[contains(text(), \"OK\")]"}
COMMAND: POST /session/797d6a12e387849dd32047a457c264a5/element/f.94906BB8095ED37A30942B11E16FA35A.d.917BFEEC4EECD05B295AFC87D350924D.e.3850/click - {}
RESULT: {}
COMMAND: GET /session/797d6a12e387849dd32047a457c264a5/screenshot - {}
RESULT: {}
COMMAND: POST /session/797d6a12e387849dd32047a457c264a5/element - {"using":"xpath","value":"//input[@id=\"application-managesites-display-component---NewSite--addressDetailDetailsCalendar-inner\"]"}
RESULT: {"using":"xpath","value":"//input[@id=\"application-managesites-display-component---NewSite--addressDetailDetailsCalendar-inner\"]"}
COMMAND: POST /session/797d6a12e387849dd32047a457c264a5/element/f.94906BB8095ED37A30942B11E16FA35A.d.917BFEEC4EECD05B295AFC87D350924D.e.3599/clear - {}
RESULT: {}
COMMAND: POST /session/797d6a12e387849dd32047a457c264a5/element/f.94906BB8095ED37A30942B11E16FA35A.d.917BFEEC4EECD05B295AFC87D350924D.e.3599/value - {"text":"Unit"}
COMMAND: GET /session/797d6a12e387849dd32047a457c264a5/screenshot - {}
RESULT: {"text":"Unit"}
COMMAND: GET /session/797d6a12e387849dd32047a457c264a5/screenshot - {}
RESULT: {}
RESULT: {}
COMMAND: POST /session/797d6a12e387849dd32047a457c264a5/actions - {"actions":[{"id":"action10","type":"key","parameters":{},"actions":[{"type":"keyDown","value":"î€‡"},{"type":"pause","duration":10},{"type":"keyUp","value":"î€‡"}]}]}
RESULT: {"actions":[{"id":"action10","type":"key","parameters":{},"actions":[{"type":"keyDown","value":"î€‡"},{"type":"pause","duration":10},{"type":"keyUp","value":"î€‡"}]}]}
COMMAND: POST /session/797d6a12e387849dd32047a457c264a5/element - {"using":"xpath","value":"//input[@id=\"application-managesites-display-component---NewSite--addressDetailDetailsYard-inner\"]"}
COMMAND: GET /session/797d6a12e387849dd32047a457c264a5/screenshot - {}
RESULT: {"using":"xpath","value":"//input[@id=\"application-managesites-display-component---NewSite--addressDetailDetailsYard-inner\"]"}
COMMAND: POST /session/797d6a12e387849dd32047a457c264a5/element/f.94906BB8095ED37A30942B11E16FA35A.d.917BFEEC4EECD05B295AFC87D350924D.e.3600/clear - {}
RESULT: {}
RESULT: {}
COMMAND: POST /session/797d6a12e387849dd32047a457c264a5/element/f.94906BB8095ED37A30942B11E16FA35A.d.917BFEEC4EECD05B295AFC87D350924D.e.3600/value - {"text":"291"}
COMMAND: GET /session/797d6a12e387849dd32047a457c264a5/screenshot - {}
RESULT: {"text":"291"}
COMMAND: GET /session/797d6a12e387849dd32047a457c264a5/screenshot - {}
RESULT: {}
RESULT: {}
COMMAND: POST /session/797d6a12e387849dd32047a457c264a5/element - {"using":"xpath","value":"//li[.//span[text()='291']]"}
RESULT: {"using":"xpath","value":"//li[.//span[text()='291']]"}
COMMAND: POST /session/797d6a12e387849dd32047a457c264a5/element/f.94906BB8095ED37A30942B11E16FA35A.d.917BFEEC4EECD05B295AFC87D350924D.e.3858/click - {}
RESULT: {}
COMMAND: GET /session/797d6a12e387849dd32047a457c264a5/screenshot - {}
RESULT: {}
COMMAND: POST /session/797d6a12e387849dd32047a457c264a5/element - {"using":"xpath","value":"//input[@id=\"application-managesites-display-component---NewSite--addressDetailDetailsPartner-inner\"]"}
RESULT: {"using":"xpath","value":"//input[@id=\"application-managesites-display-component---NewSite--addressDetailDetailsPartner-inner\"]"}
COMMAND: POST /session/797d6a12e387849dd32047a457c264a5/element - {"using":"xpath","value":"//input[@id=\"application-managesites-display-component---NewSite--addressDetailDetailsPartner-inner\"]"}
RESULT: {"using":"xpath","value":"//input[@id=\"application-managesites-display-component---NewSite--addressDetailDetailsPartner-inner\"]"}
COMMAND: POST /session/797d6a12e387849dd32047a457c264a5/element - {"using":"xpath","value":"//button[@data-kt=\"saveButton\"]"}
RESULT: {"using":"xpath","value":"//button[@data-kt=\"saveButton\"]"}
COMMAND: POST /session/797d6a12e387849dd32047a457c264a5/element/f.94906BB8095ED37A30942B11E16FA35A.d.917BFEEC4EECD05B295AFC87D350924D.e.3793/click - {}
RESULT: {}
COMMAND: GET /session/797d6a12e387849dd32047a457c264a5/screenshot - {}
RESULT: {}
COMMAND: POST /session/797d6a12e387849dd32047a457c264a5/element - {"using":"xpath","value":"//header[contains(@id, 'ObjectPageLayout-headerTitle')]/div[1]/div[2]/div[2]/span[1]"}
RESULT: {"using":"xpath","value":"//header[contains(@id, 'ObjectPageLayout-headerTitle')]/div[1]/div[2]/div[2]/span[1]"}
COMMAND: POST /session/797d6a12e387849dd32047a457c264a5/elements - {"using":"xpath","value":"//header[contains(@id, 'ObjectPageLayout-headerTitle')]/div[1]/div[2]/div[2]/span[1]"}
RESULT: {"using":"xpath","value":"//header[contains(@id, 'ObjectPageLayout-headerTitle')]/div[1]/div[2]/div[2]/span[1]"}
COMMAND: POST /session/797d6a12e387849dd32047a457c264a5/execute/sync - {"script":"<script> [56 bytes]","args":[{"element-6066-11e4-a52e-4f735466cecf":"f.94906BB8095ED37A30942B11E16FA35A.d.917BFEEC4EECD05B295AFC87D350924D.e.4062","ELEMENT":"f.94906BB8095ED37A30942B11E16FA35A.d.917BFEEC4EECD05B295AFC87D350924D.e.4062"}]}
RESULT: {"script":"<script> [56 bytes]","args":[{"element-6066-11e4-a52e-4f735466cecf":"f.94906BB8095ED37A30942B11E16FA35A.d.917BFEEC4EECD05B295AFC87D350924D.e.4062","ELEMENT":"f.94906BB8095ED37A30942B11E16FA35A.d.917BFEEC4EECD05B295AFC87D350924D.e.4062"}]}
COMMAND: POST /session/797d6a12e387849dd32047a457c264a5/element - {"using":"css selector","value":"#shell-header-logo"}
COMMAND: GET /session/797d6a12e387849dd32047a457c264a5/screenshot - {}
RESULT: {"using":"css selector","value":"#shell-header-logo"}
COMMAND: POST /session/797d6a12e387849dd32047a457c264a5/element/f.94906BB8095ED37A30942B11E16FA35A.d.917BFEEC4EECD05B295AFC87D350924D.e.3362/click - {}
RESULT: {}
RESULT: {}
COMMAND: GET /session/797d6a12e387849dd32047a457c264a5/screenshot - {}
RESULT: {}
COMMAND: POST /session/797d6a12e387849dd32047a457c264a5/execute/sync - {"script":"<script> [299 bytes]","args":[["getModel","getResource"]]}
RESULT: {"script":"<script> [299 bytes]","args":[["getModel","getResource"]]}
]]></system-out>
    </testcase>
    <testcase classname="chrome.135_0_7049_96.windows.Edit_and_delete_daily_price_US134629_US134627" name="Should go to Manage Conditions Daily Price and add the 2 rows one with yard site and one with yard" time="66.152">
      <system-out><![CDATA[
COMMAND: POST /session/797d6a12e387849dd32047a457c264a5/window/fullscreen - {}
COMMAND: GET /session/797d6a12e387849dd32047a457c264a5/screenshot - {}
RESULT: {}
COMMAND: POST /session/797d6a12e387849dd32047a457c264a5/execute/async - {"script":"<script> [1562 bytes]","args":[{"selector":{"controlType":"sap.m.GenericTile","properties":{"header":"Manage Conditions & Prices"}},"wdio_ui5_key":"sapm.GenericTile{\"header\":\"Manage Conditions & Prices\"}"}]}
RESULT: {}
RESULT: {"script":"<script> [1562 bytes]","args":[{"selector":{"controlType":"sap.m.GenericTile","properties":{"header":"Manage Conditions & Prices"}},"wdio_ui5_key":"sapm.GenericTile{\"header\":\"Manage Conditions & Prices\"}"}]}
RESULT: undefined
COMMAND: POST /session/797d6a12e387849dd32047a457c264a5/element - {"using":"xpath","value":"//*[@id=\"__tile53\"]"}
RESULT: {"using":"xpath","value":"//*[@id=\"__tile53\"]"}
COMMAND: POST /session/797d6a12e387849dd32047a457c264a5/element/f.94906BB8095ED37A30942B11E16FA35A.d.917BFEEC4EECD05B295AFC87D350924D.e.2510/click - {}
RESULT: {}
COMMAND: POST /session/797d6a12e387849dd32047a457c264a5/element - {"using":"xpath","value":"//button[@aria-label=\"Create\"]"}
COMMAND: GET /session/797d6a12e387849dd32047a457c264a5/screenshot - {}
RESULT: {"using":"xpath","value":"//button[@aria-label=\"Create\"]"}
COMMAND: POST /session/797d6a12e387849dd32047a457c264a5/elements - {"using":"xpath","value":"//button[@aria-label=\"Create\"]"}
RESULT: {}
RESULT: {"using":"xpath","value":"//button[@aria-label=\"Create\"]"}
COMMAND: POST /session/797d6a12e387849dd32047a457c264a5/elements - {"using":"xpath","value":"//button[@aria-label=\"Create\"]"}
RESULT: {"using":"xpath","value":"//button[@aria-label=\"Create\"]"}
COMMAND: POST /session/797d6a12e387849dd32047a457c264a5/elements - {"using":"xpath","value":"//button[@aria-label=\"Create\"]"}
RESULT: {"using":"xpath","value":"//button[@aria-label=\"Create\"]"}
COMMAND: POST /session/797d6a12e387849dd32047a457c264a5/element - {"using":"xpath","value":"//button[@aria-label=\"Create\"]"}
RESULT: {"using":"xpath","value":"//button[@aria-label=\"Create\"]"}
COMMAND: POST /session/797d6a12e387849dd32047a457c264a5/element/f.94906BB8095ED37A30942B11E16FA35A.d.917BFEEC4EECD05B295AFC87D350924D.e.4096/click - {}
RESULT: {}
COMMAND: GET /session/797d6a12e387849dd32047a457c264a5/screenshot - {}
RESULT: {}
COMMAND: POST /session/797d6a12e387849dd32047a457c264a5/actions - {"actions":[{"id":"action11","type":"key","parameters":{},"actions":[{"type":"keyDown","value":"î€•"},{"type":"pause","duration":10},{"type":"keyUp","value":"î€•"}]}]}
RESULT: {"actions":[{"id":"action11","type":"key","parameters":{},"actions":[{"type":"keyDown","value":"î€•"},{"type":"pause","duration":10},{"type":"keyUp","value":"î€•"}]}]}
COMMAND: POST /session/797d6a12e387849dd32047a457c264a5/actions - {"actions":[{"id":"action12","type":"key","parameters":{},"actions":[{"type":"keyDown","value":"î€‡"},{"type":"pause","duration":10},{"type":"keyUp","value":"î€‡"}]}]}
COMMAND: GET /session/797d6a12e387849dd32047a457c264a5/screenshot - {}
RESULT: {"actions":[{"id":"action12","type":"key","parameters":{},"actions":[{"type":"keyDown","value":"î€‡"},{"type":"pause","duration":10},{"type":"keyUp","value":"î€‡"}]}]}
COMMAND: POST /session/797d6a12e387849dd32047a457c264a5/execute/async - {"script":"<script> [1562 bytes]","args":[{"selector":{"controlType":"sap.m.Title","viewName":"etm.portal.ui.manageconditionprice.view.DailyPrices","viewId":"application-manageconditionprice-display-component---dailyPrices","i18NText":{"propertyName":"text","key":"dailyPrices"}},"wdio_ui5_key":"etmportal.ui.manageconditionprice.view.DailyPricessap.m.Title{\"propertyName\":\"text\",\"key\":\"dailyPrices\"}"}]}
COMMAND: GET /session/797d6a12e387849dd32047a457c264a5/screenshot - {}
RESULT: {}
RESULT: {"script":"<script> [1562 bytes]","args":[{"selector":{"controlType":"sap.m.Title","viewName":"etm.portal.ui.manageconditionprice.view.DailyPrices","viewId":"application-manageconditionprice-display-component---dailyPrices","i18NText":{"propertyName":"text","key":"dailyPrices"}},"wdio_ui5_key":"etmportal.ui.manageconditionprice.view.DailyPricessap.m.Title{\"propertyName\":\"text\",\"key\":\"dailyPrices\"}"}]}
RESULT: undefined
COMMAND: POST /session/797d6a12e387849dd32047a457c264a5/execute/async - {"script":"<script> [6424 bytes]","args":[{"element-6066-11e4-a52e-4f735466cecf":"f.94906BB8095ED37A30942B11E16FA35A.d.917BFEEC4EECD05B295AFC87D350924D.e.4378"},"getText",[]]}
RESULT: {}
RESULT: {"script":"<script> [6424 bytes]","args":[{"element-6066-11e4-a52e-4f735466cecf":"f.94906BB8095ED37A30942B11E16FA35A.d.917BFEEC4EECD05B295AFC87D350924D.e.4378"},"getText",[]]}
COMMAND: POST /session/797d6a12e387849dd32047a457c264a5/execute/async - {"script":"<script> [1562 bytes]","args":[{"selector":{"id":"application-manageconditionprice-display-component---dailyPrices--condBillCond","interaction":{"idSuffix":"inner"}},"wdio_ui5_key":"applicationmanageconditionprice-display-component---dailyPrices--condBillCond"}]}
RESULT: {"script":"<script> [1562 bytes]","args":[{"selector":{"id":"application-manageconditionprice-display-component---dailyPrices--condBillCond","interaction":{"idSuffix":"inner"}},"wdio_ui5_key":"applicationmanageconditionprice-display-component---dailyPrices--condBillCond"}]}
RESULT: undefined
COMMAND: POST /session/797d6a12e387849dd32047a457c264a5/execute/async - {"script":"<script> [776 bytes]","args":[{"enterText":"Residual Value %","selector":{"id":"application-manageconditionprice-display-component---dailyPrices--condBillCond","interaction":{"idSuffix":"inner"}},"clearTextFirst":true,"interactionType":"ENTER_TEXT"}]}
RESULT: {"script":"<script> [776 bytes]","args":[{"enterText":"Residual Value %","selector":{"id":"application-manageconditionprice-display-component---dailyPrices--condBillCond","interaction":{"idSuffix":"inner"}},"clearTextFirst":true,"interactionType":"ENTER_TEXT"}]}
COMMAND: POST /session/797d6a12e387849dd32047a457c264a5/execute/async - {"script":"<script> [1562 bytes]","args":[{"selector":{"controlType":"sap.m.StandardListItem","viewName":"etm.portal.ui.manageconditionprice.view.DailyPrices","viewId":"application-manageconditionprice-display-component---dailyPrices","properties":{"type":"Active"},"searchOpenDialogs":true,"interaction":{"idSuffix":"titleText"}},"wdio_ui5_key":"etmportal.ui.manageconditionprice.view.DailyPricessap.m.StandardListItem{\"type\":\"Active\"}"}]}
RESULT: {"script":"<script> [1562 bytes]","args":[{"selector":{"controlType":"sap.m.StandardListItem","viewName":"etm.portal.ui.manageconditionprice.view.DailyPrices","viewId":"application-manageconditionprice-display-component---dailyPrices","properties":{"type":"Active"},"searchOpenDialogs":true,"interaction":{"idSuffix":"titleText"}},"wdio_ui5_key":"etmportal.ui.manageconditionprice.view.DailyPricessap.m.StandardListItem{\"type\":\"Active\"}"}]}
RESULT: undefined
COMMAND: POST /session/797d6a12e387849dd32047a457c264a5/element - {"using":"xpath","value":"//*[@id=\"__item997\"]"}
RESULT: {"using":"xpath","value":"//*[@id=\"__item997\"]"}
COMMAND: POST /session/797d6a12e387849dd32047a457c264a5/element/f.94906BB8095ED37A30942B11E16FA35A.d.917BFEEC4EECD05B295AFC87D350924D.e.4382/click - {}
RESULT: {}
COMMAND: POST /session/797d6a12e387849dd32047a457c264a5/execute/async - {"script":"<script> [1562 bytes]","args":[{"selector":{"id":"application-manageconditionprice-display-component---dailyPrices--editBtn","interaction":{"idSuffix":"BDI-content"}},"wdio_ui5_key":"applicationmanageconditionprice-display-component---dailyPrices--editBtn"}]}
COMMAND: GET /session/797d6a12e387849dd32047a457c264a5/screenshot - {}
RESULT: {"script":"<script> [1562 bytes]","args":[{"selector":{"id":"application-manageconditionprice-display-component---dailyPrices--editBtn","interaction":{"idSuffix":"BDI-content"}},"wdio_ui5_key":"applicationmanageconditionprice-display-component---dailyPrices--editBtn"}]}
RESULT: undefined
COMMAND: POST /session/797d6a12e387849dd32047a457c264a5/element - {"using":"xpath","value":"//*[@id=\"application-manageconditionprice-display-component---dailyPrices--editBtn\"]"}
RESULT: {}
RESULT: {"using":"xpath","value":"//*[@id=\"application-manageconditionprice-display-component---dailyPrices--editBtn\"]"}
COMMAND: POST /session/797d6a12e387849dd32047a457c264a5/element/f.94906BB8095ED37A30942B11E16FA35A.d.917BFEEC4EECD05B295AFC87D350924D.e.4380/click - {}
RESULT: {}
COMMAND: POST /session/797d6a12e387849dd32047a457c264a5/execute/async - {"script":"<script> [1562 bytes]","args":[{"selector":{"controlType":"sap.m.Button","viewName":"etm.portal.ui.manageconditionprice.view.DailyPrices","viewId":"application-manageconditionprice-display-component---dailyPrices","i18NText":{"propertyName":"text","key":"add"},"interaction":{"idSuffix":"BDI-content"}},"wdio_ui5_key":"etmportal.ui.manageconditionprice.view.DailyPricessap.m.Button{\"propertyName\":\"text\",\"key\":\"add\"}"}]}
COMMAND: GET /session/797d6a12e387849dd32047a457c264a5/screenshot - {}
RESULT: {"script":"<script> [1562 bytes]","args":[{"selector":{"controlType":"sap.m.Button","viewName":"etm.portal.ui.manageconditionprice.view.DailyPrices","viewId":"application-manageconditionprice-display-component---dailyPrices","i18NText":{"propertyName":"text","key":"add"},"interaction":{"idSuffix":"BDI-content"}},"wdio_ui5_key":"etmportal.ui.manageconditionprice.view.DailyPricessap.m.Button{\"propertyName\":\"text\",\"key\":\"add\"}"}]}
RESULT: undefined
COMMAND: POST /session/797d6a12e387849dd32047a457c264a5/element - {"using":"xpath","value":"//*[@id=\"__button113\"]"}
RESULT: {}
RESULT: {"using":"xpath","value":"//*[@id=\"__button113\"]"}
COMMAND: POST /session/797d6a12e387849dd32047a457c264a5/element/f.94906BB8095ED37A30942B11E16FA35A.d.917BFEEC4EECD05B295AFC87D350924D.e.4390/click - {}
RESULT: {}
COMMAND: POST /session/797d6a12e387849dd32047a457c264a5/elements - {"using":"css selector","value":"table tr"}
COMMAND: GET /session/797d6a12e387849dd32047a457c264a5/screenshot - {}
RESULT: {"using":"css selector","value":"table tr"}
COMMAND: POST /session/797d6a12e387849dd32047a457c264a5/element/f.94906BB8095ED37A30942B11E16FA35A.d.917BFEEC4EECD05B295AFC87D350924D.e.4492/elements - {"using":"css selector","value":"input"}
RESULT: {}
RESULT: {"using":"css selector","value":"input"}
COMMAND: POST /session/797d6a12e387849dd32047a457c264a5/element/f.94906BB8095ED37A30942B11E16FA35A.d.917BFEEC4EECD05B295AFC87D350924D.e.4495/clear - {}
COMMAND: POST /session/797d6a12e387849dd32047a457c264a5/element/f.94906BB8095ED37A30942B11E16FA35A.d.917BFEEC4EECD05B295AFC87D350924D.e.4493/clear - {}
COMMAND: POST /session/797d6a12e387849dd32047a457c264a5/element/f.94906BB8095ED37A30942B11E16FA35A.d.917BFEEC4EECD05B295AFC87D350924D.e.4496/clear - {}
COMMAND: POST /session/797d6a12e387849dd32047a457c264a5/element/f.94906BB8095ED37A30942B11E16FA35A.d.917BFEEC4EECD05B295AFC87D350924D.e.4494/clear - {}
COMMAND: POST /session/797d6a12e387849dd32047a457c264a5/element/f.94906BB8095ED37A30942B11E16FA35A.d.917BFEEC4EECD05B295AFC87D350924D.e.4492/elements - {"using":"css selector","value":"td"}
RESULT: {"using":"css selector","value":"td"}
COMMAND: POST /session/797d6a12e387849dd32047a457c264a5/element - {"using":"xpath","value":".//li[contains(., \"2148\") and not(.//li)]"}
COMMAND: POST /session/797d6a12e387849dd32047a457c264a5/element/f.94906BB8095ED37A30942B11E16FA35A.d.917BFEEC4EECD05B295AFC87D350924D.e.4514/element - {"using":"css selector","value":"input"}
COMMAND: POST /session/797d6a12e387849dd32047a457c264a5/element/f.94906BB8095ED37A30942B11E16FA35A.d.917BFEEC4EECD05B295AFC87D350924D.e.4514/element - {"using":"css selector","value":"input"}
RESULT: {}
COMMAND: POST /session/797d6a12e387849dd32047a457c264a5/element/f.94906BB8095ED37A30942B11E16FA35A.d.917BFEEC4EECD05B295AFC87D350924D.e.4494/value - {"text":"09/27/25"}
COMMAND: GET /session/797d6a12e387849dd32047a457c264a5/screenshot - {}
RESULT: {}
COMMAND: POST /session/797d6a12e387849dd32047a457c264a5/element/f.94906BB8095ED37A30942B11E16FA35A.d.917BFEEC4EECD05B295AFC87D350924D.e.4496/value - {"text":"Euro"}
COMMAND: GET /session/797d6a12e387849dd32047a457c264a5/screenshot - {}
RESULT: {}
COMMAND: POST /session/797d6a12e387849dd32047a457c264a5/element/f.94906BB8095ED37A30942B11E16FA35A.d.917BFEEC4EECD05B295AFC87D350924D.e.4493/value - {"text":"04/27/25"}
COMMAND: GET /session/797d6a12e387849dd32047a457c264a5/screenshot - {}
RESULT: {}
COMMAND: POST /session/797d6a12e387849dd32047a457c264a5/element/f.94906BB8095ED37A30942B11E16FA35A.d.917BFEEC4EECD05B295AFC87D350924D.e.4495/value - {"text":"705.60"}
COMMAND: GET /session/797d6a12e387849dd32047a457c264a5/screenshot - {}
RESULT: {"using":"xpath","value":".//li[contains(., \"2148\") and not(.//li)]"}
RESULT: {"using":"css selector","value":"input"}
COMMAND: POST /session/797d6a12e387849dd32047a457c264a5/element/f.94906BB8095ED37A30942B11E16FA35A.d.917BFEEC4EECD05B295AFC87D350924D.e.4497/click - {}
RESULT: {"using":"css selector","value":"input"}
COMMAND: POST /session/797d6a12e387849dd32047a457c264a5/element/f.94906BB8095ED37A30942B11E16FA35A.d.917BFEEC4EECD05B295AFC87D350924D.e.4497/clear - {}
RESULT: {"text":"09/27/25"}
COMMAND: GET /session/797d6a12e387849dd32047a457c264a5/screenshot - {}
RESULT: {}
COMMAND: POST /session/797d6a12e387849dd32047a457c264a5/elements - {"using":"xpath","value":".//li[contains(., \"2148\") and not(.//li)]"}
RESULT: {"text":"Euro"}
COMMAND: GET /session/797d6a12e387849dd32047a457c264a5/screenshot - {}
RESULT: {}
RESULT: {"text":"04/27/25"}
COMMAND: GET /session/797d6a12e387849dd32047a457c264a5/screenshot - {}
RESULT: {}
RESULT: {"text":"705.60"}
COMMAND: GET /session/797d6a12e387849dd32047a457c264a5/screenshot - {}
RESULT: {}
RESULT: {}
COMMAND: GET /session/797d6a12e387849dd32047a457c264a5/screenshot - {}
RESULT: {}
COMMAND: POST /session/797d6a12e387849dd32047a457c264a5/element/f.94906BB8095ED37A30942B11E16FA35A.d.917BFEEC4EECD05B295AFC87D350924D.e.4497/value - {"text":"2148"}
COMMAND: GET /session/797d6a12e387849dd32047a457c264a5/screenshot - {}
RESULT: {}
RESULT: {"using":"xpath","value":".//li[contains(., \"2148\") and not(.//li)]"}
COMMAND: POST /session/797d6a12e387849dd32047a457c264a5/elements - {"using":"xpath","value":".//li[contains(., \"2148\") and not(.//li)]"}
RESULT: {}
RESULT: {}
RESULT: {}
RESULT: {}
RESULT: {"text":"2148"}
COMMAND: GET /session/797d6a12e387849dd32047a457c264a5/screenshot - {}
RESULT: {}
RESULT: {"using":"xpath","value":".//li[contains(., \"2148\") and not(.//li)]"}
COMMAND: POST /session/797d6a12e387849dd32047a457c264a5/element - {"using":"xpath","value":".//li[contains(., \"2148\") and not(.//li)]"}
RESULT: {}
RESULT: {"using":"xpath","value":".//li[contains(., \"2148\") and not(.//li)]"}
COMMAND: POST /session/797d6a12e387849dd32047a457c264a5/element/f.94906BB8095ED37A30942B11E16FA35A.d.917BFEEC4EECD05B295AFC87D350924D.e.4521/click - {}
RESULT: {}
COMMAND: POST /session/797d6a12e387849dd32047a457c264a5/element - {"using":"xpath","value":".//li[contains(., \"291\") and not(.//li)]"}
COMMAND: POST /session/797d6a12e387849dd32047a457c264a5/element/f.94906BB8095ED37A30942B11E16FA35A.d.917BFEEC4EECD05B295AFC87D350924D.e.4515/element - {"using":"css selector","value":"input"}
COMMAND: POST /session/797d6a12e387849dd32047a457c264a5/element/f.94906BB8095ED37A30942B11E16FA35A.d.917BFEEC4EECD05B295AFC87D350924D.e.4515/element - {"using":"css selector","value":"input"}
COMMAND: GET /session/797d6a12e387849dd32047a457c264a5/screenshot - {}
RESULT: {"using":"css selector","value":"input"}
COMMAND: POST /session/797d6a12e387849dd32047a457c264a5/element/f.94906BB8095ED37A30942B11E16FA35A.d.917BFEEC4EECD05B295AFC87D350924D.e.4498/click - {}
RESULT: {"using":"css selector","value":"input"}
COMMAND: POST /session/797d6a12e387849dd32047a457c264a5/element/f.94906BB8095ED37A30942B11E16FA35A.d.917BFEEC4EECD05B295AFC87D350924D.e.4498/clear - {}
RESULT: {"using":"xpath","value":".//li[contains(., \"291\") and not(.//li)]"}
RESULT: {}
RESULT: {}
COMMAND: GET /session/797d6a12e387849dd32047a457c264a5/screenshot - {}
RESULT: {}
COMMAND: POST /session/797d6a12e387849dd32047a457c264a5/element/f.94906BB8095ED37A30942B11E16FA35A.d.917BFEEC4EECD05B295AFC87D350924D.e.4498/value - {"text":"291"}
COMMAND: GET /session/797d6a12e387849dd32047a457c264a5/screenshot - {}
RESULT: {}
COMMAND: POST /session/797d6a12e387849dd32047a457c264a5/elements - {"using":"xpath","value":".//li[contains(., \"291\") and not(.//li)]"}
RESULT: {"text":"291"}
COMMAND: GET /session/797d6a12e387849dd32047a457c264a5/screenshot - {}
RESULT: {}
RESULT: {"using":"xpath","value":".//li[contains(., \"291\") and not(.//li)]"}
COMMAND: POST /session/797d6a12e387849dd32047a457c264a5/element - {"using":"xpath","value":".//li[contains(., \"291\") and not(.//li)]"}
RESULT: {}
RESULT: {"using":"xpath","value":".//li[contains(., \"291\") and not(.//li)]"}
COMMAND: POST /session/797d6a12e387849dd32047a457c264a5/element/f.94906BB8095ED37A30942B11E16FA35A.d.917BFEEC4EECD05B295AFC87D350924D.e.4522/click - {}
RESULT: {}
RESULT: undefined
COMMAND: POST /session/797d6a12e387849dd32047a457c264a5/element - {"using":"xpath","value":"//*[@id=\"__button113\"]"}
COMMAND: GET /session/797d6a12e387849dd32047a457c264a5/screenshot - {}
RESULT: {"using":"xpath","value":"//*[@id=\"__button113\"]"}
COMMAND: POST /session/797d6a12e387849dd32047a457c264a5/element/f.94906BB8095ED37A30942B11E16FA35A.d.917BFEEC4EECD05B295AFC87D350924D.e.4390/click - {}
RESULT: {}
RESULT: {}
COMMAND: POST /session/797d6a12e387849dd32047a457c264a5/elements - {"using":"css selector","value":"table tr"}
COMMAND: GET /session/797d6a12e387849dd32047a457c264a5/screenshot - {}
RESULT: {"using":"css selector","value":"table tr"}
COMMAND: POST /session/797d6a12e387849dd32047a457c264a5/element/f.94906BB8095ED37A30942B11E16FA35A.d.917BFEEC4EECD05B295AFC87D350924D.e.4524/elements - {"using":"css selector","value":"input"}
RESULT: {}
RESULT: {"using":"css selector","value":"input"}
COMMAND: POST /session/797d6a12e387849dd32047a457c264a5/element/f.94906BB8095ED37A30942B11E16FA35A.d.917BFEEC4EECD05B295AFC87D350924D.e.4527/clear - {}
COMMAND: POST /session/797d6a12e387849dd32047a457c264a5/element/f.94906BB8095ED37A30942B11E16FA35A.d.917BFEEC4EECD05B295AFC87D350924D.e.4525/clear - {}
COMMAND: POST /session/797d6a12e387849dd32047a457c264a5/element/f.94906BB8095ED37A30942B11E16FA35A.d.917BFEEC4EECD05B295AFC87D350924D.e.4528/clear - {}
COMMAND: POST /session/797d6a12e387849dd32047a457c264a5/element/f.94906BB8095ED37A30942B11E16FA35A.d.917BFEEC4EECD05B295AFC87D350924D.e.4526/clear - {}
COMMAND: POST /session/797d6a12e387849dd32047a457c264a5/element/f.94906BB8095ED37A30942B11E16FA35A.d.917BFEEC4EECD05B295AFC87D350924D.e.4524/elements - {"using":"css selector","value":"td"}
RESULT: {}
COMMAND: POST /session/797d6a12e387849dd32047a457c264a5/element/f.94906BB8095ED37A30942B11E16FA35A.d.917BFEEC4EECD05B295AFC87D350924D.e.4527/value - {"text":"99.5"}
COMMAND: GET /session/797d6a12e387849dd32047a457c264a5/screenshot - {}
RESULT: {}
COMMAND: POST /session/797d6a12e387849dd32047a457c264a5/element/f.94906BB8095ED37A30942B11E16FA35A.d.917BFEEC4EECD05B295AFC87D350924D.e.4525/value - {"text":"04/27/25"}
COMMAND: GET /session/797d6a12e387849dd32047a457c264a5/screenshot - {}
RESULT: {}
COMMAND: POST /session/797d6a12e387849dd32047a457c264a5/element/f.94906BB8095ED37A30942B11E16FA35A.d.917BFEEC4EECD05B295AFC87D350924D.e.4528/value - {"text":"US Dollar"}
COMMAND: GET /session/797d6a12e387849dd32047a457c264a5/screenshot - {}
RESULT: {}
COMMAND: POST /session/797d6a12e387849dd32047a457c264a5/element/f.94906BB8095ED37A30942B11E16FA35A.d.917BFEEC4EECD05B295AFC87D350924D.e.4526/value - {"text":"09/27/25"}
COMMAND: GET /session/797d6a12e387849dd32047a457c264a5/screenshot - {}
RESULT: {"using":"css selector","value":"td"}
COMMAND: POST /session/797d6a12e387849dd32047a457c264a5/element - {"using":"xpath","value":"(//li[div//span[contains(text(), '2148')]])[2]"}
COMMAND: POST /session/797d6a12e387849dd32047a457c264a5/element/f.94906BB8095ED37A30942B11E16FA35A.d.917BFEEC4EECD05B295AFC87D350924D.e.4546/element - {"using":"css selector","value":"input"}
COMMAND: POST /session/797d6a12e387849dd32047a457c264a5/element/f.94906BB8095ED37A30942B11E16FA35A.d.917BFEEC4EECD05B295AFC87D350924D.e.4546/element - {"using":"css selector","value":"input"}
RESULT: {"text":"99.5"}
COMMAND: GET /session/797d6a12e387849dd32047a457c264a5/screenshot - {}
RESULT: {}
RESULT: {"text":"04/27/25"}
COMMAND: GET /session/797d6a12e387849dd32047a457c264a5/screenshot - {}
RESULT: {}
RESULT: {"text":"US Dollar"}
COMMAND: GET /session/797d6a12e387849dd32047a457c264a5/screenshot - {}
RESULT: {}
RESULT: {"text":"09/27/25"}
COMMAND: GET /session/797d6a12e387849dd32047a457c264a5/screenshot - {}
RESULT: {}
RESULT: {"using":"xpath","value":"(//li[div//span[contains(text(), '2148')]])[2]"}
RESULT: {"using":"css selector","value":"input"}
COMMAND: POST /session/797d6a12e387849dd32047a457c264a5/element/f.94906BB8095ED37A30942B11E16FA35A.d.917BFEEC4EECD05B295AFC87D350924D.e.4529/click - {}
RESULT: {"using":"css selector","value":"input"}
COMMAND: POST /session/797d6a12e387849dd32047a457c264a5/element/f.94906BB8095ED37A30942B11E16FA35A.d.917BFEEC4EECD05B295AFC87D350924D.e.4529/clear - {}
RESULT: {}
RESULT: {}
RESULT: {}
RESULT: {}
RESULT: {}
COMMAND: GET /session/797d6a12e387849dd32047a457c264a5/screenshot - {}
RESULT: {}
COMMAND: POST /session/797d6a12e387849dd32047a457c264a5/element/f.94906BB8095ED37A30942B11E16FA35A.d.917BFEEC4EECD05B295AFC87D350924D.e.4529/value - {"text":"2148"}
COMMAND: GET /session/797d6a12e387849dd32047a457c264a5/screenshot - {}
RESULT: {}
COMMAND: POST /session/797d6a12e387849dd32047a457c264a5/elements - {"using":"xpath","value":"(//li[div//span[contains(text(), '2148')]])[2]"}
RESULT: {"text":"2148"}
COMMAND: GET /session/797d6a12e387849dd32047a457c264a5/screenshot - {}
RESULT: {}
RESULT: {"using":"xpath","value":"(//li[div//span[contains(text(), '2148')]])[2]"}
COMMAND: POST /session/797d6a12e387849dd32047a457c264a5/element - {"using":"xpath","value":"(//li[div//span[contains(text(), '2148')]])[2]"}
RESULT: {}
RESULT: {"using":"xpath","value":"(//li[div//span[contains(text(), '2148')]])[2]"}
COMMAND: POST /session/797d6a12e387849dd32047a457c264a5/element/f.94906BB8095ED37A30942B11E16FA35A.d.917BFEEC4EECD05B295AFC87D350924D.e.4552/click - {}
RESULT: {}
COMMAND: POST /session/797d6a12e387849dd32047a457c264a5/execute/async - {"script":"<script> [1562 bytes]","args":[{"selector":{"controlType":"sap.m.Button","viewName":"etm.portal.ui.manageconditionprice.view.DailyPrices","viewId":"application-manageconditionprice-display-component---dailyPrices","i18NText":{"propertyName":"tooltip","key":"save"},"interaction":{"idSuffix":"BDI-content"}},"wdio_ui5_key":"etmportal.ui.manageconditionprice.view.DailyPricessap.m.Button{\"propertyName\":\"tooltip\",\"key\":\"save\"}"}]}
COMMAND: GET /session/797d6a12e387849dd32047a457c264a5/screenshot - {}
RESULT: {"script":"<script> [1562 bytes]","args":[{"selector":{"controlType":"sap.m.Button","viewName":"etm.portal.ui.manageconditionprice.view.DailyPrices","viewId":"application-manageconditionprice-display-component---dailyPrices","i18NText":{"propertyName":"tooltip","key":"save"},"interaction":{"idSuffix":"BDI-content"}},"wdio_ui5_key":"etmportal.ui.manageconditionprice.view.DailyPricessap.m.Button{\"propertyName\":\"tooltip\",\"key\":\"save\"}"}]}
RESULT: undefined
COMMAND: POST /session/797d6a12e387849dd32047a457c264a5/element - {"using":"xpath","value":"//*[@id=\"__button115\"]"}
RESULT: {}
RESULT: {"using":"xpath","value":"//*[@id=\"__button115\"]"}
COMMAND: POST /session/797d6a12e387849dd32047a457c264a5/element/f.94906BB8095ED37A30942B11E16FA35A.d.917BFEEC4EECD05B295AFC87D350924D.e.4384/click - {}
RESULT: {}
COMMAND: GET /session/797d6a12e387849dd32047a457c264a5/screenshot - {}
RESULT: {}
]]></system-out>
    </testcase>
    <testcase classname="chrome.135_0_7049_96.windows.Edit_and_delete_daily_price_US134629_US134627" name="Should check whether the 2 rows have been added then edit one of the rows s currency and value and save and check the edited values" time="12.8">
      <system-out><![CDATA[
COMMAND: POST /session/797d6a12e387849dd32047a457c264a5/elements - {"using":"css selector","value":"table tr"}
RESULT: {"using":"css selector","value":"table tr"}
COMMAND: POST /session/797d6a12e387849dd32047a457c264a5/element/f.94906BB8095ED37A30942B11E16FA35A.d.917BFEEC4EECD05B295AFC87D350924D.e.4524/elements - {"using":"css selector","value":"td"}
RESULT: {"using":"css selector","value":"td"}
COMMAND: POST /session/797d6a12e387849dd32047a457c264a5/element/f.94906BB8095ED37A30942B11E16FA35A.d.917BFEEC4EECD05B295AFC87D350924D.e.4492/elements - {"using":"css selector","value":"td"}
RESULT: {"using":"css selector","value":"td"}
COMMAND: POST /session/797d6a12e387849dd32047a457c264a5/element/f.94906BB8095ED37A30942B11E16FA35A.d.917BFEEC4EECD05B295AFC87D350924D.e.4555/element - {"using":"css selector","value":".sapMObjectNumberText"}
RESULT: {"using":"css selector","value":".sapMObjectNumberText"}
COMMAND: GET /session/797d6a12e387849dd32047a457c264a5/element/f.94906BB8095ED37A30942B11E16FA35A.d.917BFEEC4EECD05B295AFC87D350924D.e.4557/text - {}
RESULT: {}
COMMAND: POST /session/797d6a12e387849dd32047a457c264a5/element/f.94906BB8095ED37A30942B11E16FA35A.d.917BFEEC4EECD05B295AFC87D350924D.e.4556/element - {"using":"css selector","value":".sapMObjectNumberText"}
RESULT: {"using":"css selector","value":".sapMObjectNumberText"}
COMMAND: GET /session/797d6a12e387849dd32047a457c264a5/element/f.94906BB8095ED37A30942B11E16FA35A.d.917BFEEC4EECD05B295AFC87D350924D.e.4558/text - {}
RESULT: {}
RESULT: undefined
COMMAND: POST /session/797d6a12e387849dd32047a457c264a5/element - {"using":"xpath","value":"//*[@id=\"application-manageconditionprice-display-component---dailyPrices--editBtn\"]"}
RESULT: {"using":"xpath","value":"//*[@id=\"application-manageconditionprice-display-component---dailyPrices--editBtn\"]"}
COMMAND: POST /session/797d6a12e387849dd32047a457c264a5/element/f.94906BB8095ED37A30942B11E16FA35A.d.917BFEEC4EECD05B295AFC87D350924D.e.4554/click - {}
RESULT: {}
COMMAND: POST /session/797d6a12e387849dd32047a457c264a5/elements - {"using":"css selector","value":"table tr"}
COMMAND: GET /session/797d6a12e387849dd32047a457c264a5/screenshot - {}
RESULT: {"using":"css selector","value":"table tr"}
COMMAND: POST /session/797d6a12e387849dd32047a457c264a5/element/f.94906BB8095ED37A30942B11E16FA35A.d.917BFEEC4EECD05B295AFC87D350924D.e.4524/elements - {"using":"css selector","value":"input"}
RESULT: {}
RESULT: {"using":"css selector","value":"input"}
COMMAND: POST /session/797d6a12e387849dd32047a457c264a5/element/f.94906BB8095ED37A30942B11E16FA35A.d.917BFEEC4EECD05B295AFC87D350924D.e.4573/clear - {}
COMMAND: POST /session/797d6a12e387849dd32047a457c264a5/element/f.94906BB8095ED37A30942B11E16FA35A.d.917BFEEC4EECD05B295AFC87D350924D.e.4574/clear - {}
RESULT: {}
COMMAND: POST /session/797d6a12e387849dd32047a457c264a5/element/f.94906BB8095ED37A30942B11E16FA35A.d.917BFEEC4EECD05B295AFC87D350924D.e.4573/value - {"text":"566.1"}
COMMAND: GET /session/797d6a12e387849dd32047a457c264a5/screenshot - {}
RESULT: {}
COMMAND: POST /session/797d6a12e387849dd32047a457c264a5/element/f.94906BB8095ED37A30942B11E16FA35A.d.917BFEEC4EECD05B295AFC87D350924D.e.4574/value - {"text":"US Dollar"}
COMMAND: GET /session/797d6a12e387849dd32047a457c264a5/screenshot - {}
RESULT: {"text":"566.1"}
COMMAND: GET /session/797d6a12e387849dd32047a457c264a5/screenshot - {}
RESULT: {}
RESULT: undefined
COMMAND: POST /session/797d6a12e387849dd32047a457c264a5/element - {"using":"xpath","value":"//*[@id=\"__button115\"]"}
RESULT: {"text":"US Dollar"}
COMMAND: GET /session/797d6a12e387849dd32047a457c264a5/screenshot - {}
RESULT: {}
RESULT: {}
RESULT: {"using":"xpath","value":"//*[@id=\"__button115\"]"}
COMMAND: POST /session/797d6a12e387849dd32047a457c264a5/element/f.94906BB8095ED37A30942B11E16FA35A.d.917BFEEC4EECD05B295AFC87D350924D.e.4559/click - {}
RESULT: {}
RESULT: {}
COMMAND: GET /session/797d6a12e387849dd32047a457c264a5/screenshot - {}
RESULT: {}
COMMAND: POST /session/797d6a12e387849dd32047a457c264a5/elements - {"using":"css selector","value":"table tr"}
RESULT: {"using":"css selector","value":"table tr"}
COMMAND: POST /session/797d6a12e387849dd32047a457c264a5/element/f.94906BB8095ED37A30942B11E16FA35A.d.917BFEEC4EECD05B295AFC87D350924D.e.4524/elements - {"using":"css selector","value":"td"}
RESULT: {"using":"css selector","value":"td"}
COMMAND: POST /session/797d6a12e387849dd32047a457c264a5/element/f.94906BB8095ED37A30942B11E16FA35A.d.917BFEEC4EECD05B295AFC87D350924D.e.4578/element - {"using":"css selector","value":".sapMObjectNumberText"}
RESULT: {"using":"css selector","value":".sapMObjectNumberText"}
COMMAND: GET /session/797d6a12e387849dd32047a457c264a5/element/f.94906BB8095ED37A30942B11E16FA35A.d.917BFEEC4EECD05B295AFC87D350924D.e.4580/text - {}
RESULT: {}
]]></system-out>
    </testcase>
    <testcase classname="chrome.135_0_7049_96.windows.Edit_and_delete_daily_price_US134629_US134627" name="Should go into edit and delete all the rows that match the yard we have created for this scenario check if all rows deleted" time="23.259">
      <system-out><![CDATA[
RESULT: undefined
COMMAND: POST /session/797d6a12e387849dd32047a457c264a5/element - {"using":"xpath","value":"//*[@id=\"application-manageconditionprice-display-component---dailyPrices--editBtn\"]"}
RESULT: {"using":"xpath","value":"//*[@id=\"application-manageconditionprice-display-component---dailyPrices--editBtn\"]"}
COMMAND: POST /session/797d6a12e387849dd32047a457c264a5/element/f.94906BB8095ED37A30942B11E16FA35A.d.917BFEEC4EECD05B295AFC87D350924D.e.4577/click - {}
RESULT: {}
COMMAND: GET /session/797d6a12e387849dd32047a457c264a5/screenshot - {}
RESULT: {}
COMMAND: POST /session/797d6a12e387849dd32047a457c264a5/elements - {"using":"css selector","value":"table tr"}
RESULT: {"using":"css selector","value":"table tr"}
COMMAND: POST /session/797d6a12e387849dd32047a457c264a5/element/f.94906BB8095ED37A30942B11E16FA35A.d.917BFEEC4EECD05B295AFC87D350924D.e.4392/elements - {"using":"css selector","value":"td"}
RESULT: {"using":"css selector","value":"td"}
COMMAND: POST /session/797d6a12e387849dd32047a457c264a5/element/f.94906BB8095ED37A30942B11E16FA35A.d.917BFEEC4EECD05B295AFC87D350924D.e.4393/elements - {"using":"css selector","value":"td"}
RESULT: {"using":"css selector","value":"td"}
COMMAND: POST /session/797d6a12e387849dd32047a457c264a5/element/f.94906BB8095ED37A30942B11E16FA35A.d.917BFEEC4EECD05B295AFC87D350924D.e.4394/elements - {"using":"css selector","value":"td"}
RESULT: {"using":"css selector","value":"td"}
COMMAND: POST /session/797d6a12e387849dd32047a457c264a5/element/f.94906BB8095ED37A30942B11E16FA35A.d.917BFEEC4EECD05B295AFC87D350924D.e.4330/elements - {"using":"css selector","value":"td"}
RESULT: {"using":"css selector","value":"td"}
COMMAND: POST /session/797d6a12e387849dd32047a457c264a5/element/f.94906BB8095ED37A30942B11E16FA35A.d.917BFEEC4EECD05B295AFC87D350924D.e.4331/elements - {"using":"css selector","value":"td"}
RESULT: {"using":"css selector","value":"td"}
COMMAND: POST /session/797d6a12e387849dd32047a457c264a5/element/f.94906BB8095ED37A30942B11E16FA35A.d.917BFEEC4EECD05B295AFC87D350924D.e.4337/elements - {"using":"css selector","value":"td"}
RESULT: {"using":"css selector","value":"td"}
COMMAND: POST /session/797d6a12e387849dd32047a457c264a5/element/f.94906BB8095ED37A30942B11E16FA35A.d.917BFEEC4EECD05B295AFC87D350924D.e.4338/elements - {"using":"css selector","value":"td"}
RESULT: {"using":"css selector","value":"td"}
COMMAND: POST /session/797d6a12e387849dd32047a457c264a5/element/f.94906BB8095ED37A30942B11E16FA35A.d.917BFEEC4EECD05B295AFC87D350924D.e.4341/elements - {"using":"css selector","value":"td"}
RESULT: {"using":"css selector","value":"td"}
COMMAND: POST /session/797d6a12e387849dd32047a457c264a5/element/f.94906BB8095ED37A30942B11E16FA35A.d.917BFEEC4EECD05B295AFC87D350924D.e.4342/elements - {"using":"css selector","value":"td"}
RESULT: {"using":"css selector","value":"td"}
COMMAND: POST /session/797d6a12e387849dd32047a457c264a5/element/f.94906BB8095ED37A30942B11E16FA35A.d.917BFEEC4EECD05B295AFC87D350924D.e.4348/elements - {"using":"css selector","value":"td"}
RESULT: {"using":"css selector","value":"td"}
COMMAND: POST /session/797d6a12e387849dd32047a457c264a5/element/f.94906BB8095ED37A30942B11E16FA35A.d.917BFEEC4EECD05B295AFC87D350924D.e.4395/elements - {"using":"css selector","value":"td"}
RESULT: {"using":"css selector","value":"td"}
COMMAND: POST /session/797d6a12e387849dd32047a457c264a5/element/f.94906BB8095ED37A30942B11E16FA35A.d.917BFEEC4EECD05B295AFC87D350924D.e.4396/elements - {"using":"css selector","value":"td"}
RESULT: {"using":"css selector","value":"td"}
COMMAND: POST /session/797d6a12e387849dd32047a457c264a5/element/f.94906BB8095ED37A30942B11E16FA35A.d.917BFEEC4EECD05B295AFC87D350924D.e.4397/elements - {"using":"css selector","value":"td"}
RESULT: {"using":"css selector","value":"td"}
COMMAND: POST /session/797d6a12e387849dd32047a457c264a5/element/f.94906BB8095ED37A30942B11E16FA35A.d.917BFEEC4EECD05B295AFC87D350924D.e.4398/elements - {"using":"css selector","value":"td"}
RESULT: {"using":"css selector","value":"td"}
COMMAND: POST /session/797d6a12e387849dd32047a457c264a5/element/f.94906BB8095ED37A30942B11E16FA35A.d.917BFEEC4EECD05B295AFC87D350924D.e.4399/elements - {"using":"css selector","value":"td"}
RESULT: {"using":"css selector","value":"td"}
COMMAND: POST /session/797d6a12e387849dd32047a457c264a5/element/f.94906BB8095ED37A30942B11E16FA35A.d.917BFEEC4EECD05B295AFC87D350924D.e.4400/elements - {"using":"css selector","value":"td"}
RESULT: {"using":"css selector","value":"td"}
COMMAND: POST /session/797d6a12e387849dd32047a457c264a5/element/f.94906BB8095ED37A30942B11E16FA35A.d.917BFEEC4EECD05B295AFC87D350924D.e.4401/elements - {"using":"css selector","value":"td"}
RESULT: {"using":"css selector","value":"td"}
COMMAND: POST /session/797d6a12e387849dd32047a457c264a5/element/f.94906BB8095ED37A30942B11E16FA35A.d.917BFEEC4EECD05B295AFC87D350924D.e.4402/elements - {"using":"css selector","value":"td"}
RESULT: {"using":"css selector","value":"td"}
COMMAND: POST /session/797d6a12e387849dd32047a457c264a5/element/f.94906BB8095ED37A30942B11E16FA35A.d.917BFEEC4EECD05B295AFC87D350924D.e.4403/elements - {"using":"css selector","value":"td"}
RESULT: {"using":"css selector","value":"td"}
COMMAND: POST /session/797d6a12e387849dd32047a457c264a5/element/f.94906BB8095ED37A30942B11E16FA35A.d.917BFEEC4EECD05B295AFC87D350924D.e.4404/elements - {"using":"css selector","value":"td"}
RESULT: {"using":"css selector","value":"td"}
COMMAND: POST /session/797d6a12e387849dd32047a457c264a5/element/f.94906BB8095ED37A30942B11E16FA35A.d.917BFEEC4EECD05B295AFC87D350924D.e.4405/elements - {"using":"css selector","value":"td"}
RESULT: {"using":"css selector","value":"td"}
COMMAND: POST /session/797d6a12e387849dd32047a457c264a5/element/f.94906BB8095ED37A30942B11E16FA35A.d.917BFEEC4EECD05B295AFC87D350924D.e.4406/elements - {"using":"css selector","value":"td"}
RESULT: {"using":"css selector","value":"td"}
COMMAND: POST /session/797d6a12e387849dd32047a457c264a5/element/f.94906BB8095ED37A30942B11E16FA35A.d.917BFEEC4EECD05B295AFC87D350924D.e.4407/elements - {"using":"css selector","value":"td"}
RESULT: {"using":"css selector","value":"td"}
COMMAND: POST /session/797d6a12e387849dd32047a457c264a5/element/f.94906BB8095ED37A30942B11E16FA35A.d.917BFEEC4EECD05B295AFC87D350924D.e.4408/elements - {"using":"css selector","value":"td"}
RESULT: {"using":"css selector","value":"td"}
COMMAND: POST /session/797d6a12e387849dd32047a457c264a5/element/f.94906BB8095ED37A30942B11E16FA35A.d.917BFEEC4EECD05B295AFC87D350924D.e.4409/elements - {"using":"css selector","value":"td"}
RESULT: {"using":"css selector","value":"td"}
COMMAND: POST /session/797d6a12e387849dd32047a457c264a5/element/f.94906BB8095ED37A30942B11E16FA35A.d.917BFEEC4EECD05B295AFC87D350924D.e.4410/elements - {"using":"css selector","value":"td"}
RESULT: {"using":"css selector","value":"td"}
COMMAND: POST /session/797d6a12e387849dd32047a457c264a5/element/f.94906BB8095ED37A30942B11E16FA35A.d.917BFEEC4EECD05B295AFC87D350924D.e.4411/elements - {"using":"css selector","value":"td"}
RESULT: {"using":"css selector","value":"td"}
COMMAND: POST /session/797d6a12e387849dd32047a457c264a5/element/f.94906BB8095ED37A30942B11E16FA35A.d.917BFEEC4EECD05B295AFC87D350924D.e.4412/elements - {"using":"css selector","value":"td"}
RESULT: {"using":"css selector","value":"td"}
COMMAND: POST /session/797d6a12e387849dd32047a457c264a5/element/f.94906BB8095ED37A30942B11E16FA35A.d.917BFEEC4EECD05B295AFC87D350924D.e.4413/elements - {"using":"css selector","value":"td"}
RESULT: {"using":"css selector","value":"td"}
COMMAND: POST /session/797d6a12e387849dd32047a457c264a5/element/f.94906BB8095ED37A30942B11E16FA35A.d.917BFEEC4EECD05B295AFC87D350924D.e.4414/elements - {"using":"css selector","value":"td"}
RESULT: {"using":"css selector","value":"td"}
COMMAND: POST /session/797d6a12e387849dd32047a457c264a5/element/f.94906BB8095ED37A30942B11E16FA35A.d.917BFEEC4EECD05B295AFC87D350924D.e.4415/elements - {"using":"css selector","value":"td"}
RESULT: {"using":"css selector","value":"td"}
COMMAND: POST /session/797d6a12e387849dd32047a457c264a5/element/f.94906BB8095ED37A30942B11E16FA35A.d.917BFEEC4EECD05B295AFC87D350924D.e.4416/elements - {"using":"css selector","value":"td"}
RESULT: {"using":"css selector","value":"td"}
COMMAND: POST /session/797d6a12e387849dd32047a457c264a5/element/f.94906BB8095ED37A30942B11E16FA35A.d.917BFEEC4EECD05B295AFC87D350924D.e.4417/elements - {"using":"css selector","value":"td"}
RESULT: {"using":"css selector","value":"td"}
COMMAND: POST /session/797d6a12e387849dd32047a457c264a5/element/f.94906BB8095ED37A30942B11E16FA35A.d.917BFEEC4EECD05B295AFC87D350924D.e.4418/elements - {"using":"css selector","value":"td"}
RESULT: {"using":"css selector","value":"td"}
COMMAND: POST /session/797d6a12e387849dd32047a457c264a5/element/f.94906BB8095ED37A30942B11E16FA35A.d.917BFEEC4EECD05B295AFC87D350924D.e.4419/elements - {"using":"css selector","value":"td"}
RESULT: {"using":"css selector","value":"td"}
COMMAND: POST /session/797d6a12e387849dd32047a457c264a5/element/f.94906BB8095ED37A30942B11E16FA35A.d.917BFEEC4EECD05B295AFC87D350924D.e.4420/elements - {"using":"css selector","value":"td"}
RESULT: {"using":"css selector","value":"td"}
COMMAND: POST /session/797d6a12e387849dd32047a457c264a5/element/f.94906BB8095ED37A30942B11E16FA35A.d.917BFEEC4EECD05B295AFC87D350924D.e.4421/elements - {"using":"css selector","value":"td"}
RESULT: {"using":"css selector","value":"td"}
COMMAND: POST /session/797d6a12e387849dd32047a457c264a5/element/f.94906BB8095ED37A30942B11E16FA35A.d.917BFEEC4EECD05B295AFC87D350924D.e.4422/elements - {"using":"css selector","value":"td"}
RESULT: {"using":"css selector","value":"td"}
COMMAND: POST /session/797d6a12e387849dd32047a457c264a5/element/f.94906BB8095ED37A30942B11E16FA35A.d.917BFEEC4EECD05B295AFC87D350924D.e.4423/elements - {"using":"css selector","value":"td"}
RESULT: {"using":"css selector","value":"td"}
COMMAND: POST /session/797d6a12e387849dd32047a457c264a5/element/f.94906BB8095ED37A30942B11E16FA35A.d.917BFEEC4EECD05B295AFC87D350924D.e.4424/elements - {"using":"css selector","value":"td"}
RESULT: {"using":"css selector","value":"td"}
COMMAND: POST /session/797d6a12e387849dd32047a457c264a5/element/f.94906BB8095ED37A30942B11E16FA35A.d.917BFEEC4EECD05B295AFC87D350924D.e.4425/elements - {"using":"css selector","value":"td"}
RESULT: {"using":"css selector","value":"td"}
COMMAND: POST /session/797d6a12e387849dd32047a457c264a5/element/f.94906BB8095ED37A30942B11E16FA35A.d.917BFEEC4EECD05B295AFC87D350924D.e.4426/elements - {"using":"css selector","value":"td"}
RESULT: {"using":"css selector","value":"td"}
COMMAND: POST /session/797d6a12e387849dd32047a457c264a5/element/f.94906BB8095ED37A30942B11E16FA35A.d.917BFEEC4EECD05B295AFC87D350924D.e.4427/elements - {"using":"css selector","value":"td"}
RESULT: {"using":"css selector","value":"td"}
COMMAND: POST /session/797d6a12e387849dd32047a457c264a5/element/f.94906BB8095ED37A30942B11E16FA35A.d.917BFEEC4EECD05B295AFC87D350924D.e.4428/elements - {"using":"css selector","value":"td"}
RESULT: {"using":"css selector","value":"td"}
COMMAND: POST /session/797d6a12e387849dd32047a457c264a5/element/f.94906BB8095ED37A30942B11E16FA35A.d.917BFEEC4EECD05B295AFC87D350924D.e.4429/elements - {"using":"css selector","value":"td"}
RESULT: {"using":"css selector","value":"td"}
COMMAND: POST /session/797d6a12e387849dd32047a457c264a5/element/f.94906BB8095ED37A30942B11E16FA35A.d.917BFEEC4EECD05B295AFC87D350924D.e.4430/elements - {"using":"css selector","value":"td"}
RESULT: {"using":"css selector","value":"td"}
COMMAND: POST /session/797d6a12e387849dd32047a457c264a5/element/f.94906BB8095ED37A30942B11E16FA35A.d.917BFEEC4EECD05B295AFC87D350924D.e.4431/elements - {"using":"css selector","value":"td"}
RESULT: {"using":"css selector","value":"td"}
COMMAND: POST /session/797d6a12e387849dd32047a457c264a5/element/f.94906BB8095ED37A30942B11E16FA35A.d.917BFEEC4EECD05B295AFC87D350924D.e.4432/elements - {"using":"css selector","value":"td"}
RESULT: {"using":"css selector","value":"td"}
COMMAND: POST /session/797d6a12e387849dd32047a457c264a5/element/f.94906BB8095ED37A30942B11E16FA35A.d.917BFEEC4EECD05B295AFC87D350924D.e.4433/elements - {"using":"css selector","value":"td"}
RESULT: {"using":"css selector","value":"td"}
COMMAND: POST /session/797d6a12e387849dd32047a457c264a5/element/f.94906BB8095ED37A30942B11E16FA35A.d.917BFEEC4EECD05B295AFC87D350924D.e.4434/elements - {"using":"css selector","value":"td"}
RESULT: {"using":"css selector","value":"td"}
COMMAND: POST /session/797d6a12e387849dd32047a457c264a5/element/f.94906BB8095ED37A30942B11E16FA35A.d.917BFEEC4EECD05B295AFC87D350924D.e.4435/elements - {"using":"css selector","value":"td"}
RESULT: {"using":"css selector","value":"td"}
COMMAND: POST /session/797d6a12e387849dd32047a457c264a5/element/f.94906BB8095ED37A30942B11E16FA35A.d.917BFEEC4EECD05B295AFC87D350924D.e.4436/elements - {"using":"css selector","value":"td"}
RESULT: {"using":"css selector","value":"td"}
COMMAND: POST /session/797d6a12e387849dd32047a457c264a5/element/f.94906BB8095ED37A30942B11E16FA35A.d.917BFEEC4EECD05B295AFC87D350924D.e.4437/elements - {"using":"css selector","value":"td"}
RESULT: {"using":"css selector","value":"td"}
COMMAND: POST /session/797d6a12e387849dd32047a457c264a5/element/f.94906BB8095ED37A30942B11E16FA35A.d.917BFEEC4EECD05B295AFC87D350924D.e.4438/elements - {"using":"css selector","value":"td"}
RESULT: {"using":"css selector","value":"td"}
COMMAND: POST /session/797d6a12e387849dd32047a457c264a5/element/f.94906BB8095ED37A30942B11E16FA35A.d.917BFEEC4EECD05B295AFC87D350924D.e.4439/elements - {"using":"css selector","value":"td"}
RESULT: {"using":"css selector","value":"td"}
COMMAND: POST /session/797d6a12e387849dd32047a457c264a5/element/f.94906BB8095ED37A30942B11E16FA35A.d.917BFEEC4EECD05B295AFC87D350924D.e.4440/elements - {"using":"css selector","value":"td"}
RESULT: {"using":"css selector","value":"td"}
COMMAND: POST /session/797d6a12e387849dd32047a457c264a5/element/f.94906BB8095ED37A30942B11E16FA35A.d.917BFEEC4EECD05B295AFC87D350924D.e.4441/elements - {"using":"css selector","value":"td"}
RESULT: {"using":"css selector","value":"td"}
COMMAND: POST /session/797d6a12e387849dd32047a457c264a5/element/f.94906BB8095ED37A30942B11E16FA35A.d.917BFEEC4EECD05B295AFC87D350924D.e.4442/elements - {"using":"css selector","value":"td"}
RESULT: {"using":"css selector","value":"td"}
COMMAND: POST /session/797d6a12e387849dd32047a457c264a5/element/f.94906BB8095ED37A30942B11E16FA35A.d.917BFEEC4EECD05B295AFC87D350924D.e.4443/elements - {"using":"css selector","value":"td"}
RESULT: {"using":"css selector","value":"td"}
COMMAND: POST /session/797d6a12e387849dd32047a457c264a5/element/f.94906BB8095ED37A30942B11E16FA35A.d.917BFEEC4EECD05B295AFC87D350924D.e.4444/elements - {"using":"css selector","value":"td"}
RESULT: {"using":"css selector","value":"td"}
COMMAND: POST /session/797d6a12e387849dd32047a457c264a5/element/f.94906BB8095ED37A30942B11E16FA35A.d.917BFEEC4EECD05B295AFC87D350924D.e.4445/elements - {"using":"css selector","value":"td"}
RESULT: {"using":"css selector","value":"td"}
COMMAND: POST /session/797d6a12e387849dd32047a457c264a5/element/f.94906BB8095ED37A30942B11E16FA35A.d.917BFEEC4EECD05B295AFC87D350924D.e.4446/elements - {"using":"css selector","value":"td"}
RESULT: {"using":"css selector","value":"td"}
COMMAND: POST /session/797d6a12e387849dd32047a457c264a5/element/f.94906BB8095ED37A30942B11E16FA35A.d.917BFEEC4EECD05B295AFC87D350924D.e.4447/elements - {"using":"css selector","value":"td"}
RESULT: {"using":"css selector","value":"td"}
COMMAND: POST /session/797d6a12e387849dd32047a457c264a5/element/f.94906BB8095ED37A30942B11E16FA35A.d.917BFEEC4EECD05B295AFC87D350924D.e.4448/elements - {"using":"css selector","value":"td"}
RESULT: {"using":"css selector","value":"td"}
COMMAND: POST /session/797d6a12e387849dd32047a457c264a5/element/f.94906BB8095ED37A30942B11E16FA35A.d.917BFEEC4EECD05B295AFC87D350924D.e.4449/elements - {"using":"css selector","value":"td"}
RESULT: {"using":"css selector","value":"td"}
COMMAND: POST /session/797d6a12e387849dd32047a457c264a5/element/f.94906BB8095ED37A30942B11E16FA35A.d.917BFEEC4EECD05B295AFC87D350924D.e.4450/elements - {"using":"css selector","value":"td"}
RESULT: {"using":"css selector","value":"td"}
COMMAND: POST /session/797d6a12e387849dd32047a457c264a5/element/f.94906BB8095ED37A30942B11E16FA35A.d.917BFEEC4EECD05B295AFC87D350924D.e.4451/elements - {"using":"css selector","value":"td"}
RESULT: {"using":"css selector","value":"td"}
COMMAND: POST /session/797d6a12e387849dd32047a457c264a5/element/f.94906BB8095ED37A30942B11E16FA35A.d.917BFEEC4EECD05B295AFC87D350924D.e.4452/elements - {"using":"css selector","value":"td"}
RESULT: {"using":"css selector","value":"td"}
COMMAND: POST /session/797d6a12e387849dd32047a457c264a5/element/f.94906BB8095ED37A30942B11E16FA35A.d.917BFEEC4EECD05B295AFC87D350924D.e.4453/elements - {"using":"css selector","value":"td"}
RESULT: {"using":"css selector","value":"td"}
COMMAND: POST /session/797d6a12e387849dd32047a457c264a5/element/f.94906BB8095ED37A30942B11E16FA35A.d.917BFEEC4EECD05B295AFC87D350924D.e.4454/elements - {"using":"css selector","value":"td"}
RESULT: {"using":"css selector","value":"td"}
COMMAND: POST /session/797d6a12e387849dd32047a457c264a5/element/f.94906BB8095ED37A30942B11E16FA35A.d.917BFEEC4EECD05B295AFC87D350924D.e.4455/elements - {"using":"css selector","value":"td"}
RESULT: {"using":"css selector","value":"td"}
COMMAND: POST /session/797d6a12e387849dd32047a457c264a5/element/f.94906BB8095ED37A30942B11E16FA35A.d.917BFEEC4EECD05B295AFC87D350924D.e.4456/elements - {"using":"css selector","value":"td"}
RESULT: {"using":"css selector","value":"td"}
COMMAND: POST /session/797d6a12e387849dd32047a457c264a5/element/f.94906BB8095ED37A30942B11E16FA35A.d.917BFEEC4EECD05B295AFC87D350924D.e.4457/elements - {"using":"css selector","value":"td"}
RESULT: {"using":"css selector","value":"td"}
COMMAND: POST /session/797d6a12e387849dd32047a457c264a5/element/f.94906BB8095ED37A30942B11E16FA35A.d.917BFEEC4EECD05B295AFC87D350924D.e.4458/elements - {"using":"css selector","value":"td"}
RESULT: {"using":"css selector","value":"td"}
COMMAND: POST /session/797d6a12e387849dd32047a457c264a5/element/f.94906BB8095ED37A30942B11E16FA35A.d.917BFEEC4EECD05B295AFC87D350924D.e.4459/elements - {"using":"css selector","value":"td"}
RESULT: {"using":"css selector","value":"td"}
COMMAND: POST /session/797d6a12e387849dd32047a457c264a5/element/f.94906BB8095ED37A30942B11E16FA35A.d.917BFEEC4EECD05B295AFC87D350924D.e.4460/elements - {"using":"css selector","value":"td"}
RESULT: {"using":"css selector","value":"td"}
COMMAND: POST /session/797d6a12e387849dd32047a457c264a5/element/f.94906BB8095ED37A30942B11E16FA35A.d.917BFEEC4EECD05B295AFC87D350924D.e.4461/elements - {"using":"css selector","value":"td"}
RESULT: {"using":"css selector","value":"td"}
COMMAND: POST /session/797d6a12e387849dd32047a457c264a5/element/f.94906BB8095ED37A30942B11E16FA35A.d.917BFEEC4EECD05B295AFC87D350924D.e.4462/elements - {"using":"css selector","value":"td"}
RESULT: {"using":"css selector","value":"td"}
COMMAND: POST /session/797d6a12e387849dd32047a457c264a5/element/f.94906BB8095ED37A30942B11E16FA35A.d.917BFEEC4EECD05B295AFC87D350924D.e.4463/elements - {"using":"css selector","value":"td"}
RESULT: {"using":"css selector","value":"td"}
COMMAND: POST /session/797d6a12e387849dd32047a457c264a5/element/f.94906BB8095ED37A30942B11E16FA35A.d.917BFEEC4EECD05B295AFC87D350924D.e.4464/elements - {"using":"css selector","value":"td"}
RESULT: {"using":"css selector","value":"td"}
COMMAND: POST /session/797d6a12e387849dd32047a457c264a5/element/f.94906BB8095ED37A30942B11E16FA35A.d.917BFEEC4EECD05B295AFC87D350924D.e.4465/elements - {"using":"css selector","value":"td"}
RESULT: {"using":"css selector","value":"td"}
COMMAND: POST /session/797d6a12e387849dd32047a457c264a5/element/f.94906BB8095ED37A30942B11E16FA35A.d.917BFEEC4EECD05B295AFC87D350924D.e.4466/elements - {"using":"css selector","value":"td"}
RESULT: {"using":"css selector","value":"td"}
COMMAND: POST /session/797d6a12e387849dd32047a457c264a5/element/f.94906BB8095ED37A30942B11E16FA35A.d.917BFEEC4EECD05B295AFC87D350924D.e.4467/elements - {"using":"css selector","value":"td"}
RESULT: {"using":"css selector","value":"td"}
COMMAND: POST /session/797d6a12e387849dd32047a457c264a5/element/f.94906BB8095ED37A30942B11E16FA35A.d.917BFEEC4EECD05B295AFC87D350924D.e.4468/elements - {"using":"css selector","value":"td"}
RESULT: {"using":"css selector","value":"td"}
COMMAND: POST /session/797d6a12e387849dd32047a457c264a5/element/f.94906BB8095ED37A30942B11E16FA35A.d.917BFEEC4EECD05B295AFC87D350924D.e.4469/elements - {"using":"css selector","value":"td"}
RESULT: {"using":"css selector","value":"td"}
COMMAND: POST /session/797d6a12e387849dd32047a457c264a5/element/f.94906BB8095ED37A30942B11E16FA35A.d.917BFEEC4EECD05B295AFC87D350924D.e.4470/elements - {"using":"css selector","value":"td"}
RESULT: {"using":"css selector","value":"td"}
COMMAND: POST /session/797d6a12e387849dd32047a457c264a5/element/f.94906BB8095ED37A30942B11E16FA35A.d.917BFEEC4EECD05B295AFC87D350924D.e.4471/elements - {"using":"css selector","value":"td"}
RESULT: {"using":"css selector","value":"td"}
COMMAND: POST /session/797d6a12e387849dd32047a457c264a5/element/f.94906BB8095ED37A30942B11E16FA35A.d.917BFEEC4EECD05B295AFC87D350924D.e.4472/elements - {"using":"css selector","value":"td"}
RESULT: {"using":"css selector","value":"td"}
COMMAND: POST /session/797d6a12e387849dd32047a457c264a5/element/f.94906BB8095ED37A30942B11E16FA35A.d.917BFEEC4EECD05B295AFC87D350924D.e.4473/elements - {"using":"css selector","value":"td"}
RESULT: {"using":"css selector","value":"td"}
COMMAND: POST /session/797d6a12e387849dd32047a457c264a5/element/f.94906BB8095ED37A30942B11E16FA35A.d.917BFEEC4EECD05B295AFC87D350924D.e.4474/elements - {"using":"css selector","value":"td"}
RESULT: {"using":"css selector","value":"td"}
COMMAND: POST /session/797d6a12e387849dd32047a457c264a5/element/f.94906BB8095ED37A30942B11E16FA35A.d.917BFEEC4EECD05B295AFC87D350924D.e.4475/elements - {"using":"css selector","value":"td"}
RESULT: {"using":"css selector","value":"td"}
COMMAND: POST /session/797d6a12e387849dd32047a457c264a5/element/f.94906BB8095ED37A30942B11E16FA35A.d.917BFEEC4EECD05B295AFC87D350924D.e.4476/elements - {"using":"css selector","value":"td"}
RESULT: {"using":"css selector","value":"td"}
COMMAND: POST /session/797d6a12e387849dd32047a457c264a5/element/f.94906BB8095ED37A30942B11E16FA35A.d.917BFEEC4EECD05B295AFC87D350924D.e.4477/elements - {"using":"css selector","value":"td"}
RESULT: {"using":"css selector","value":"td"}
COMMAND: POST /session/797d6a12e387849dd32047a457c264a5/element/f.94906BB8095ED37A30942B11E16FA35A.d.917BFEEC4EECD05B295AFC87D350924D.e.4478/elements - {"using":"css selector","value":"td"}
RESULT: {"using":"css selector","value":"td"}
COMMAND: POST /session/797d6a12e387849dd32047a457c264a5/element/f.94906BB8095ED37A30942B11E16FA35A.d.917BFEEC4EECD05B295AFC87D350924D.e.4479/elements - {"using":"css selector","value":"td"}
RESULT: {"using":"css selector","value":"td"}
COMMAND: POST /session/797d6a12e387849dd32047a457c264a5/element/f.94906BB8095ED37A30942B11E16FA35A.d.917BFEEC4EECD05B295AFC87D350924D.e.4480/elements - {"using":"css selector","value":"td"}
RESULT: {"using":"css selector","value":"td"}
COMMAND: POST /session/797d6a12e387849dd32047a457c264a5/element/f.94906BB8095ED37A30942B11E16FA35A.d.917BFEEC4EECD05B295AFC87D350924D.e.4481/elements - {"using":"css selector","value":"td"}
RESULT: {"using":"css selector","value":"td"}
COMMAND: POST /session/797d6a12e387849dd32047a457c264a5/element/f.94906BB8095ED37A30942B11E16FA35A.d.917BFEEC4EECD05B295AFC87D350924D.e.4482/elements - {"using":"css selector","value":"td"}
RESULT: {"using":"css selector","value":"td"}
COMMAND: POST /session/797d6a12e387849dd32047a457c264a5/element/f.94906BB8095ED37A30942B11E16FA35A.d.917BFEEC4EECD05B295AFC87D350924D.e.4483/elements - {"using":"css selector","value":"td"}
RESULT: {"using":"css selector","value":"td"}
COMMAND: POST /session/797d6a12e387849dd32047a457c264a5/element/f.94906BB8095ED37A30942B11E16FA35A.d.917BFEEC4EECD05B295AFC87D350924D.e.4484/elements - {"using":"css selector","value":"td"}
RESULT: {"using":"css selector","value":"td"}
COMMAND: POST /session/797d6a12e387849dd32047a457c264a5/element/f.94906BB8095ED37A30942B11E16FA35A.d.917BFEEC4EECD05B295AFC87D350924D.e.4485/elements - {"using":"css selector","value":"td"}
RESULT: {"using":"css selector","value":"td"}
COMMAND: POST /session/797d6a12e387849dd32047a457c264a5/element/f.94906BB8095ED37A30942B11E16FA35A.d.917BFEEC4EECD05B295AFC87D350924D.e.4486/elements - {"using":"css selector","value":"td"}
RESULT: {"using":"css selector","value":"td"}
COMMAND: POST /session/797d6a12e387849dd32047a457c264a5/element/f.94906BB8095ED37A30942B11E16FA35A.d.917BFEEC4EECD05B295AFC87D350924D.e.4487/elements - {"using":"css selector","value":"td"}
RESULT: {"using":"css selector","value":"td"}
COMMAND: POST /session/797d6a12e387849dd32047a457c264a5/element/f.94906BB8095ED37A30942B11E16FA35A.d.917BFEEC4EECD05B295AFC87D350924D.e.4488/elements - {"using":"css selector","value":"td"}
RESULT: {"using":"css selector","value":"td"}
COMMAND: POST /session/797d6a12e387849dd32047a457c264a5/element/f.94906BB8095ED37A30942B11E16FA35A.d.917BFEEC4EECD05B295AFC87D350924D.e.4489/elements - {"using":"css selector","value":"td"}
RESULT: {"using":"css selector","value":"td"}
COMMAND: POST /session/797d6a12e387849dd32047a457c264a5/element/f.94906BB8095ED37A30942B11E16FA35A.d.917BFEEC4EECD05B295AFC87D350924D.e.4490/elements - {"using":"css selector","value":"td"}
RESULT: {"using":"css selector","value":"td"}
COMMAND: POST /session/797d6a12e387849dd32047a457c264a5/element/f.94906BB8095ED37A30942B11E16FA35A.d.917BFEEC4EECD05B295AFC87D350924D.e.4491/elements - {"using":"css selector","value":"td"}
RESULT: {"using":"css selector","value":"td"}
COMMAND: POST /session/797d6a12e387849dd32047a457c264a5/element/f.94906BB8095ED37A30942B11E16FA35A.d.917BFEEC4EECD05B295AFC87D350924D.e.4492/elements - {"using":"css selector","value":"td"}
RESULT: {"using":"css selector","value":"td"}
COMMAND: POST /session/797d6a12e387849dd32047a457c264a5/element/f.94906BB8095ED37A30942B11E16FA35A.d.917BFEEC4EECD05B295AFC87D350924D.e.4514/element - {"using":"css selector","value":"input"}
RESULT: {"using":"css selector","value":"input"}
COMMAND: GET /session/797d6a12e387849dd32047a457c264a5/element/f.94906BB8095ED37A30942B11E16FA35A.d.917BFEEC4EECD05B295AFC87D350924D.e.4497/property/value - {}
RESULT: {}
COMMAND: POST /session/797d6a12e387849dd32047a457c264a5/element/f.94906BB8095ED37A30942B11E16FA35A.d.917BFEEC4EECD05B295AFC87D350924D.e.4492/element - {"using":"css selector","value":".sapMCbBg"}
COMMAND: GET /session/797d6a12e387849dd32047a457c264a5/screenshot - {}
RESULT: {"using":"css selector","value":".sapMCbBg"}
COMMAND: GET /session/797d6a12e387849dd32047a457c264a5/element/f.94906BB8095ED37A30942B11E16FA35A.d.917BFEEC4EECD05B295AFC87D350924D.e.5002/selected - {}
RESULT: {}
RESULT: {}
COMMAND: POST /session/797d6a12e387849dd32047a457c264a5/element/f.94906BB8095ED37A30942B11E16FA35A.d.917BFEEC4EECD05B295AFC87D350924D.e.5002/click - {}
COMMAND: GET /session/797d6a12e387849dd32047a457c264a5/screenshot - {}
RESULT: {}
COMMAND: POST /session/797d6a12e387849dd32047a457c264a5/element/f.94906BB8095ED37A30942B11E16FA35A.d.917BFEEC4EECD05B295AFC87D350924D.e.4524/elements - {"using":"css selector","value":"td"}
COMMAND: GET /session/797d6a12e387849dd32047a457c264a5/screenshot - {}
RESULT: {}
RESULT: {"using":"css selector","value":"td"}
COMMAND: POST /session/797d6a12e387849dd32047a457c264a5/element/f.94906BB8095ED37A30942B11E16FA35A.d.917BFEEC4EECD05B295AFC87D350924D.e.4546/element - {"using":"css selector","value":"input"}
RESULT: {}
RESULT: {"using":"css selector","value":"input"}
COMMAND: GET /session/797d6a12e387849dd32047a457c264a5/element/f.94906BB8095ED37A30942B11E16FA35A.d.917BFEEC4EECD05B295AFC87D350924D.e.4529/property/value - {}
RESULT: {}
COMMAND: POST /session/797d6a12e387849dd32047a457c264a5/element/f.94906BB8095ED37A30942B11E16FA35A.d.917BFEEC4EECD05B295AFC87D350924D.e.4524/element - {"using":"css selector","value":".sapMCbBg"}
COMMAND: GET /session/797d6a12e387849dd32047a457c264a5/screenshot - {}
RESULT: {}
RESULT: {"using":"css selector","value":".sapMCbBg"}
COMMAND: GET /session/797d6a12e387849dd32047a457c264a5/element/f.94906BB8095ED37A30942B11E16FA35A.d.917BFEEC4EECD05B295AFC87D350924D.e.5006/selected - {}
RESULT: {}
COMMAND: POST /session/797d6a12e387849dd32047a457c264a5/element/f.94906BB8095ED37A30942B11E16FA35A.d.917BFEEC4EECD05B295AFC87D350924D.e.5006/click - {}
COMMAND: GET /session/797d6a12e387849dd32047a457c264a5/screenshot - {}
RESULT: {}
COMMAND: GET /session/797d6a12e387849dd32047a457c264a5/screenshot - {}
RESULT: {}
RESULT: {}
COMMAND: POST /session/797d6a12e387849dd32047a457c264a5/execute/async - {"script":"<script> [1562 bytes]","args":[{"selector":{"id":"application-manageconditionprice-display-component---dailyPrices--deleteBtn","interaction":{"idSuffix":"content"}},"wdio_ui5_key":"applicationmanageconditionprice-display-component---dailyPrices--deleteBtn"}]}
RESULT: {"script":"<script> [1562 bytes]","args":[{"selector":{"id":"application-manageconditionprice-display-component---dailyPrices--deleteBtn","interaction":{"idSuffix":"content"}},"wdio_ui5_key":"applicationmanageconditionprice-display-component---dailyPrices--deleteBtn"}]}
RESULT: undefined
COMMAND: POST /session/797d6a12e387849dd32047a457c264a5/element - {"using":"xpath","value":"//*[@id=\"application-manageconditionprice-display-component---dailyPrices--deleteBtn\"]"}
RESULT: {"using":"xpath","value":"//*[@id=\"application-manageconditionprice-display-component---dailyPrices--deleteBtn\"]"}
COMMAND: POST /session/797d6a12e387849dd32047a457c264a5/element/f.94906BB8095ED37A30942B11E16FA35A.d.917BFEEC4EECD05B295AFC87D350924D.e.5008/click - {}
RESULT: {}
COMMAND: POST /session/797d6a12e387849dd32047a457c264a5/execute/async - {"script":"<script> [1562 bytes]","args":[{"selector":{"controlType":"sap.m.Button","properties":{"text":"OK"},"searchOpenDialogs":true,"interaction":{"idSuffix":"BDI-content"}},"wdio_ui5_key":"sapm.Button{\"text\":\"OK\"}"}]}
COMMAND: GET /session/797d6a12e387849dd32047a457c264a5/screenshot - {}
RESULT: {"script":"<script> [1562 bytes]","args":[{"selector":{"controlType":"sap.m.Button","properties":{"text":"OK"},"searchOpenDialogs":true,"interaction":{"idSuffix":"BDI-content"}},"wdio_ui5_key":"sapm.Button{\"text\":\"OK\"}"}]}
RESULT: undefined
COMMAND: POST /session/797d6a12e387849dd32047a457c264a5/element - {"using":"xpath","value":"//*[@id=\"__mbox-btn-0\"]"}
RESULT: {}
RESULT: {"using":"xpath","value":"//*[@id=\"__mbox-btn-0\"]"}
COMMAND: POST /session/797d6a12e387849dd32047a457c264a5/element/f.94906BB8095ED37A30942B11E16FA35A.d.917BFEEC4EECD05B295AFC87D350924D.e.5009/click - {}
RESULT: {}
COMMAND: GET /session/797d6a12e387849dd32047a457c264a5/screenshot - {}
RESULT: {}
RESULT: undefined
COMMAND: POST /session/797d6a12e387849dd32047a457c264a5/element - {"using":"xpath","value":"//*[@id=\"__button115\"]"}
RESULT: {"using":"xpath","value":"//*[@id=\"__button115\"]"}
COMMAND: POST /session/797d6a12e387849dd32047a457c264a5/element/f.94906BB8095ED37A30942B11E16FA35A.d.917BFEEC4EECD05B295AFC87D350924D.e.4581/click - {}
RESULT: {}
COMMAND: GET /session/797d6a12e387849dd32047a457c264a5/screenshot - {}
RESULT: {}
COMMAND: POST /session/797d6a12e387849dd32047a457c264a5/elements - {"using":"css selector","value":"table tr"}
RESULT: {"using":"css selector","value":"table tr"}
COMMAND: POST /session/797d6a12e387849dd32047a457c264a5/element/f.94906BB8095ED37A30942B11E16FA35A.d.917BFEEC4EECD05B295AFC87D350924D.e.4392/elements - {"using":"css selector","value":"td"}
RESULT: {"using":"css selector","value":"td"}
COMMAND: POST /session/797d6a12e387849dd32047a457c264a5/element/f.94906BB8095ED37A30942B11E16FA35A.d.917BFEEC4EECD05B295AFC87D350924D.e.4393/elements - {"using":"css selector","value":"td"}
RESULT: {"using":"css selector","value":"td"}
COMMAND: POST /session/797d6a12e387849dd32047a457c264a5/element/f.94906BB8095ED37A30942B11E16FA35A.d.917BFEEC4EECD05B295AFC87D350924D.e.4394/elements - {"using":"css selector","value":"td"}
RESULT: {"using":"css selector","value":"td"}
COMMAND: POST /session/797d6a12e387849dd32047a457c264a5/element/f.94906BB8095ED37A30942B11E16FA35A.d.917BFEEC4EECD05B295AFC87D350924D.e.4330/elements - {"using":"css selector","value":"td"}
RESULT: {"using":"css selector","value":"td"}
COMMAND: POST /session/797d6a12e387849dd32047a457c264a5/element/f.94906BB8095ED37A30942B11E16FA35A.d.917BFEEC4EECD05B295AFC87D350924D.e.4331/elements - {"using":"css selector","value":"td"}
RESULT: {"using":"css selector","value":"td"}
COMMAND: POST /session/797d6a12e387849dd32047a457c264a5/element/f.94906BB8095ED37A30942B11E16FA35A.d.917BFEEC4EECD05B295AFC87D350924D.e.4337/elements - {"using":"css selector","value":"td"}
RESULT: {"using":"css selector","value":"td"}
COMMAND: POST /session/797d6a12e387849dd32047a457c264a5/element/f.94906BB8095ED37A30942B11E16FA35A.d.917BFEEC4EECD05B295AFC87D350924D.e.4338/elements - {"using":"css selector","value":"td"}
RESULT: {"using":"css selector","value":"td"}
COMMAND: POST /session/797d6a12e387849dd32047a457c264a5/element/f.94906BB8095ED37A30942B11E16FA35A.d.917BFEEC4EECD05B295AFC87D350924D.e.4341/elements - {"using":"css selector","value":"td"}
RESULT: {"using":"css selector","value":"td"}
COMMAND: POST /session/797d6a12e387849dd32047a457c264a5/element/f.94906BB8095ED37A30942B11E16FA35A.d.917BFEEC4EECD05B295AFC87D350924D.e.4342/elements - {"using":"css selector","value":"td"}
RESULT: {"using":"css selector","value":"td"}
COMMAND: POST /session/797d6a12e387849dd32047a457c264a5/element/f.94906BB8095ED37A30942B11E16FA35A.d.917BFEEC4EECD05B295AFC87D350924D.e.4348/elements - {"using":"css selector","value":"td"}
RESULT: {"using":"css selector","value":"td"}
COMMAND: POST /session/797d6a12e387849dd32047a457c264a5/element/f.94906BB8095ED37A30942B11E16FA35A.d.917BFEEC4EECD05B295AFC87D350924D.e.4395/elements - {"using":"css selector","value":"td"}
RESULT: {"using":"css selector","value":"td"}
COMMAND: POST /session/797d6a12e387849dd32047a457c264a5/element/f.94906BB8095ED37A30942B11E16FA35A.d.917BFEEC4EECD05B295AFC87D350924D.e.4396/elements - {"using":"css selector","value":"td"}
RESULT: {"using":"css selector","value":"td"}
COMMAND: POST /session/797d6a12e387849dd32047a457c264a5/element/f.94906BB8095ED37A30942B11E16FA35A.d.917BFEEC4EECD05B295AFC87D350924D.e.4397/elements - {"using":"css selector","value":"td"}
RESULT: {"using":"css selector","value":"td"}
COMMAND: POST /session/797d6a12e387849dd32047a457c264a5/element/f.94906BB8095ED37A30942B11E16FA35A.d.917BFEEC4EECD05B295AFC87D350924D.e.4398/elements - {"using":"css selector","value":"td"}
RESULT: {"using":"css selector","value":"td"}
COMMAND: POST /session/797d6a12e387849dd32047a457c264a5/element/f.94906BB8095ED37A30942B11E16FA35A.d.917BFEEC4EECD05B295AFC87D350924D.e.4399/elements - {"using":"css selector","value":"td"}
RESULT: {"using":"css selector","value":"td"}
COMMAND: POST /session/797d6a12e387849dd32047a457c264a5/element/f.94906BB8095ED37A30942B11E16FA35A.d.917BFEEC4EECD05B295AFC87D350924D.e.4400/elements - {"using":"css selector","value":"td"}
RESULT: {"using":"css selector","value":"td"}
COMMAND: POST /session/797d6a12e387849dd32047a457c264a5/element/f.94906BB8095ED37A30942B11E16FA35A.d.917BFEEC4EECD05B295AFC87D350924D.e.4401/elements - {"using":"css selector","value":"td"}
RESULT: {"using":"css selector","value":"td"}
COMMAND: POST /session/797d6a12e387849dd32047a457c264a5/element/f.94906BB8095ED37A30942B11E16FA35A.d.917BFEEC4EECD05B295AFC87D350924D.e.4402/elements - {"using":"css selector","value":"td"}
RESULT: {"using":"css selector","value":"td"}
COMMAND: POST /session/797d6a12e387849dd32047a457c264a5/element/f.94906BB8095ED37A30942B11E16FA35A.d.917BFEEC4EECD05B295AFC87D350924D.e.4403/elements - {"using":"css selector","value":"td"}
RESULT: {"using":"css selector","value":"td"}
COMMAND: POST /session/797d6a12e387849dd32047a457c264a5/element/f.94906BB8095ED37A30942B11E16FA35A.d.917BFEEC4EECD05B295AFC87D350924D.e.4404/elements - {"using":"css selector","value":"td"}
RESULT: {"using":"css selector","value":"td"}
COMMAND: POST /session/797d6a12e387849dd32047a457c264a5/element/f.94906BB8095ED37A30942B11E16FA35A.d.917BFEEC4EECD05B295AFC87D350924D.e.4405/elements - {"using":"css selector","value":"td"}
RESULT: {"using":"css selector","value":"td"}
COMMAND: POST /session/797d6a12e387849dd32047a457c264a5/element/f.94906BB8095ED37A30942B11E16FA35A.d.917BFEEC4EECD05B295AFC87D350924D.e.4406/elements - {"using":"css selector","value":"td"}
RESULT: {"using":"css selector","value":"td"}
COMMAND: POST /session/797d6a12e387849dd32047a457c264a5/element/f.94906BB8095ED37A30942B11E16FA35A.d.917BFEEC4EECD05B295AFC87D350924D.e.4407/elements - {"using":"css selector","value":"td"}
RESULT: {"using":"css selector","value":"td"}
COMMAND: POST /session/797d6a12e387849dd32047a457c264a5/element/f.94906BB8095ED37A30942B11E16FA35A.d.917BFEEC4EECD05B295AFC87D350924D.e.4408/elements - {"using":"css selector","value":"td"}
RESULT: {"using":"css selector","value":"td"}
COMMAND: POST /session/797d6a12e387849dd32047a457c264a5/element/f.94906BB8095ED37A30942B11E16FA35A.d.917BFEEC4EECD05B295AFC87D350924D.e.4409/elements - {"using":"css selector","value":"td"}
RESULT: {"using":"css selector","value":"td"}
COMMAND: POST /session/797d6a12e387849dd32047a457c264a5/element/f.94906BB8095ED37A30942B11E16FA35A.d.917BFEEC4EECD05B295AFC87D350924D.e.4410/elements - {"using":"css selector","value":"td"}
RESULT: {"using":"css selector","value":"td"}
COMMAND: POST /session/797d6a12e387849dd32047a457c264a5/element/f.94906BB8095ED37A30942B11E16FA35A.d.917BFEEC4EECD05B295AFC87D350924D.e.4411/elements - {"using":"css selector","value":"td"}
RESULT: {"using":"css selector","value":"td"}
COMMAND: POST /session/797d6a12e387849dd32047a457c264a5/element/f.94906BB8095ED37A30942B11E16FA35A.d.917BFEEC4EECD05B295AFC87D350924D.e.4412/elements - {"using":"css selector","value":"td"}
RESULT: {"using":"css selector","value":"td"}
COMMAND: POST /session/797d6a12e387849dd32047a457c264a5/element/f.94906BB8095ED37A30942B11E16FA35A.d.917BFEEC4EECD05B295AFC87D350924D.e.4413/elements - {"using":"css selector","value":"td"}
RESULT: {"using":"css selector","value":"td"}
COMMAND: POST /session/797d6a12e387849dd32047a457c264a5/element/f.94906BB8095ED37A30942B11E16FA35A.d.917BFEEC4EECD05B295AFC87D350924D.e.4414/elements - {"using":"css selector","value":"td"}
RESULT: {"using":"css selector","value":"td"}
COMMAND: POST /session/797d6a12e387849dd32047a457c264a5/element/f.94906BB8095ED37A30942B11E16FA35A.d.917BFEEC4EECD05B295AFC87D350924D.e.4415/elements - {"using":"css selector","value":"td"}
RESULT: {"using":"css selector","value":"td"}
COMMAND: POST /session/797d6a12e387849dd32047a457c264a5/element/f.94906BB8095ED37A30942B11E16FA35A.d.917BFEEC4EECD05B295AFC87D350924D.e.4416/elements - {"using":"css selector","value":"td"}
RESULT: {"using":"css selector","value":"td"}
COMMAND: POST /session/797d6a12e387849dd32047a457c264a5/element/f.94906BB8095ED37A30942B11E16FA35A.d.917BFEEC4EECD05B295AFC87D350924D.e.4417/elements - {"using":"css selector","value":"td"}
RESULT: {"using":"css selector","value":"td"}
COMMAND: POST /session/797d6a12e387849dd32047a457c264a5/element/f.94906BB8095ED37A30942B11E16FA35A.d.917BFEEC4EECD05B295AFC87D350924D.e.4418/elements - {"using":"css selector","value":"td"}
RESULT: {"using":"css selector","value":"td"}
COMMAND: POST /session/797d6a12e387849dd32047a457c264a5/element/f.94906BB8095ED37A30942B11E16FA35A.d.917BFEEC4EECD05B295AFC87D350924D.e.4419/elements - {"using":"css selector","value":"td"}
RESULT: {"using":"css selector","value":"td"}
COMMAND: POST /session/797d6a12e387849dd32047a457c264a5/element/f.94906BB8095ED37A30942B11E16FA35A.d.917BFEEC4EECD05B295AFC87D350924D.e.4420/elements - {"using":"css selector","value":"td"}
RESULT: {"using":"css selector","value":"td"}
COMMAND: POST /session/797d6a12e387849dd32047a457c264a5/element/f.94906BB8095ED37A30942B11E16FA35A.d.917BFEEC4EECD05B295AFC87D350924D.e.4421/elements - {"using":"css selector","value":"td"}
RESULT: {"using":"css selector","value":"td"}
COMMAND: POST /session/797d6a12e387849dd32047a457c264a5/element/f.94906BB8095ED37A30942B11E16FA35A.d.917BFEEC4EECD05B295AFC87D350924D.e.4422/elements - {"using":"css selector","value":"td"}
RESULT: {"using":"css selector","value":"td"}
COMMAND: POST /session/797d6a12e387849dd32047a457c264a5/element/f.94906BB8095ED37A30942B11E16FA35A.d.917BFEEC4EECD05B295AFC87D350924D.e.4423/elements - {"using":"css selector","value":"td"}
RESULT: {"using":"css selector","value":"td"}
COMMAND: POST /session/797d6a12e387849dd32047a457c264a5/element/f.94906BB8095ED37A30942B11E16FA35A.d.917BFEEC4EECD05B295AFC87D350924D.e.4424/elements - {"using":"css selector","value":"td"}
RESULT: {"using":"css selector","value":"td"}
COMMAND: POST /session/797d6a12e387849dd32047a457c264a5/element/f.94906BB8095ED37A30942B11E16FA35A.d.917BFEEC4EECD05B295AFC87D350924D.e.4425/elements - {"using":"css selector","value":"td"}
RESULT: {"using":"css selector","value":"td"}
COMMAND: POST /session/797d6a12e387849dd32047a457c264a5/element/f.94906BB8095ED37A30942B11E16FA35A.d.917BFEEC4EECD05B295AFC87D350924D.e.4426/elements - {"using":"css selector","value":"td"}
RESULT: {"using":"css selector","value":"td"}
COMMAND: POST /session/797d6a12e387849dd32047a457c264a5/element/f.94906BB8095ED37A30942B11E16FA35A.d.917BFEEC4EECD05B295AFC87D350924D.e.4427/elements - {"using":"css selector","value":"td"}
RESULT: {"using":"css selector","value":"td"}
COMMAND: POST /session/797d6a12e387849dd32047a457c264a5/element/f.94906BB8095ED37A30942B11E16FA35A.d.917BFEEC4EECD05B295AFC87D350924D.e.4428/elements - {"using":"css selector","value":"td"}
RESULT: {"using":"css selector","value":"td"}
COMMAND: POST /session/797d6a12e387849dd32047a457c264a5/element/f.94906BB8095ED37A30942B11E16FA35A.d.917BFEEC4EECD05B295AFC87D350924D.e.4429/elements - {"using":"css selector","value":"td"}
RESULT: {"using":"css selector","value":"td"}
COMMAND: POST /session/797d6a12e387849dd32047a457c264a5/element/f.94906BB8095ED37A30942B11E16FA35A.d.917BFEEC4EECD05B295AFC87D350924D.e.4430/elements - {"using":"css selector","value":"td"}
RESULT: {"using":"css selector","value":"td"}
COMMAND: POST /session/797d6a12e387849dd32047a457c264a5/element/f.94906BB8095ED37A30942B11E16FA35A.d.917BFEEC4EECD05B295AFC87D350924D.e.4431/elements - {"using":"css selector","value":"td"}
RESULT: {"using":"css selector","value":"td"}
COMMAND: POST /session/797d6a12e387849dd32047a457c264a5/element/f.94906BB8095ED37A30942B11E16FA35A.d.917BFEEC4EECD05B295AFC87D350924D.e.4432/elements - {"using":"css selector","value":"td"}
RESULT: {"using":"css selector","value":"td"}
COMMAND: POST /session/797d6a12e387849dd32047a457c264a5/element/f.94906BB8095ED37A30942B11E16FA35A.d.917BFEEC4EECD05B295AFC87D350924D.e.4433/elements - {"using":"css selector","value":"td"}
RESULT: {"using":"css selector","value":"td"}
COMMAND: POST /session/797d6a12e387849dd32047a457c264a5/element/f.94906BB8095ED37A30942B11E16FA35A.d.917BFEEC4EECD05B295AFC87D350924D.e.4434/elements - {"using":"css selector","value":"td"}
RESULT: {"using":"css selector","value":"td"}
COMMAND: POST /session/797d6a12e387849dd32047a457c264a5/element/f.94906BB8095ED37A30942B11E16FA35A.d.917BFEEC4EECD05B295AFC87D350924D.e.4435/elements - {"using":"css selector","value":"td"}
RESULT: {"using":"css selector","value":"td"}
COMMAND: POST /session/797d6a12e387849dd32047a457c264a5/element/f.94906BB8095ED37A30942B11E16FA35A.d.917BFEEC4EECD05B295AFC87D350924D.e.4436/elements - {"using":"css selector","value":"td"}
RESULT: {"using":"css selector","value":"td"}
COMMAND: POST /session/797d6a12e387849dd32047a457c264a5/element/f.94906BB8095ED37A30942B11E16FA35A.d.917BFEEC4EECD05B295AFC87D350924D.e.4437/elements - {"using":"css selector","value":"td"}
RESULT: {"using":"css selector","value":"td"}
COMMAND: POST /session/797d6a12e387849dd32047a457c264a5/element/f.94906BB8095ED37A30942B11E16FA35A.d.917BFEEC4EECD05B295AFC87D350924D.e.4438/elements - {"using":"css selector","value":"td"}
RESULT: {"using":"css selector","value":"td"}
COMMAND: POST /session/797d6a12e387849dd32047a457c264a5/element/f.94906BB8095ED37A30942B11E16FA35A.d.917BFEEC4EECD05B295AFC87D350924D.e.4439/elements - {"using":"css selector","value":"td"}
RESULT: {"using":"css selector","value":"td"}
COMMAND: POST /session/797d6a12e387849dd32047a457c264a5/element/f.94906BB8095ED37A30942B11E16FA35A.d.917BFEEC4EECD05B295AFC87D350924D.e.4440/elements - {"using":"css selector","value":"td"}
RESULT: {"using":"css selector","value":"td"}
COMMAND: POST /session/797d6a12e387849dd32047a457c264a5/element/f.94906BB8095ED37A30942B11E16FA35A.d.917BFEEC4EECD05B295AFC87D350924D.e.4441/elements - {"using":"css selector","value":"td"}
RESULT: {"using":"css selector","value":"td"}
COMMAND: POST /session/797d6a12e387849dd32047a457c264a5/element/f.94906BB8095ED37A30942B11E16FA35A.d.917BFEEC4EECD05B295AFC87D350924D.e.4442/elements - {"using":"css selector","value":"td"}
RESULT: {"using":"css selector","value":"td"}
COMMAND: POST /session/797d6a12e387849dd32047a457c264a5/element/f.94906BB8095ED37A30942B11E16FA35A.d.917BFEEC4EECD05B295AFC87D350924D.e.4443/elements - {"using":"css selector","value":"td"}
RESULT: {"using":"css selector","value":"td"}
COMMAND: POST /session/797d6a12e387849dd32047a457c264a5/element/f.94906BB8095ED37A30942B11E16FA35A.d.917BFEEC4EECD05B295AFC87D350924D.e.4444/elements - {"using":"css selector","value":"td"}
RESULT: {"using":"css selector","value":"td"}
COMMAND: POST /session/797d6a12e387849dd32047a457c264a5/element/f.94906BB8095ED37A30942B11E16FA35A.d.917BFEEC4EECD05B295AFC87D350924D.e.4445/elements - {"using":"css selector","value":"td"}
RESULT: {"using":"css selector","value":"td"}
COMMAND: POST /session/797d6a12e387849dd32047a457c264a5/element/f.94906BB8095ED37A30942B11E16FA35A.d.917BFEEC4EECD05B295AFC87D350924D.e.4446/elements - {"using":"css selector","value":"td"}
RESULT: {"using":"css selector","value":"td"}
COMMAND: POST /session/797d6a12e387849dd32047a457c264a5/element/f.94906BB8095ED37A30942B11E16FA35A.d.917BFEEC4EECD05B295AFC87D350924D.e.4447/elements - {"using":"css selector","value":"td"}
RESULT: {"using":"css selector","value":"td"}
COMMAND: POST /session/797d6a12e387849dd32047a457c264a5/element/f.94906BB8095ED37A30942B11E16FA35A.d.917BFEEC4EECD05B295AFC87D350924D.e.4448/elements - {"using":"css selector","value":"td"}
RESULT: {"using":"css selector","value":"td"}
COMMAND: POST /session/797d6a12e387849dd32047a457c264a5/element/f.94906BB8095ED37A30942B11E16FA35A.d.917BFEEC4EECD05B295AFC87D350924D.e.4449/elements - {"using":"css selector","value":"td"}
RESULT: {"using":"css selector","value":"td"}
COMMAND: POST /session/797d6a12e387849dd32047a457c264a5/element/f.94906BB8095ED37A30942B11E16FA35A.d.917BFEEC4EECD05B295AFC87D350924D.e.4450/elements - {"using":"css selector","value":"td"}
RESULT: {"using":"css selector","value":"td"}
COMMAND: POST /session/797d6a12e387849dd32047a457c264a5/element/f.94906BB8095ED37A30942B11E16FA35A.d.917BFEEC4EECD05B295AFC87D350924D.e.4451/elements - {"using":"css selector","value":"td"}
RESULT: {"using":"css selector","value":"td"}
COMMAND: POST /session/797d6a12e387849dd32047a457c264a5/element/f.94906BB8095ED37A30942B11E16FA35A.d.917BFEEC4EECD05B295AFC87D350924D.e.4452/elements - {"using":"css selector","value":"td"}
RESULT: {"using":"css selector","value":"td"}
COMMAND: POST /session/797d6a12e387849dd32047a457c264a5/element/f.94906BB8095ED37A30942B11E16FA35A.d.917BFEEC4EECD05B295AFC87D350924D.e.4453/elements - {"using":"css selector","value":"td"}
RESULT: {"using":"css selector","value":"td"}
COMMAND: POST /session/797d6a12e387849dd32047a457c264a5/element/f.94906BB8095ED37A30942B11E16FA35A.d.917BFEEC4EECD05B295AFC87D350924D.e.4454/elements - {"using":"css selector","value":"td"}
RESULT: {"using":"css selector","value":"td"}
COMMAND: POST /session/797d6a12e387849dd32047a457c264a5/element/f.94906BB8095ED37A30942B11E16FA35A.d.917BFEEC4EECD05B295AFC87D350924D.e.4455/elements - {"using":"css selector","value":"td"}
RESULT: {"using":"css selector","value":"td"}
COMMAND: POST /session/797d6a12e387849dd32047a457c264a5/element/f.94906BB8095ED37A30942B11E16FA35A.d.917BFEEC4EECD05B295AFC87D350924D.e.4456/elements - {"using":"css selector","value":"td"}
RESULT: {"using":"css selector","value":"td"}
COMMAND: POST /session/797d6a12e387849dd32047a457c264a5/element/f.94906BB8095ED37A30942B11E16FA35A.d.917BFEEC4EECD05B295AFC87D350924D.e.4457/elements - {"using":"css selector","value":"td"}
RESULT: {"using":"css selector","value":"td"}
COMMAND: POST /session/797d6a12e387849dd32047a457c264a5/element/f.94906BB8095ED37A30942B11E16FA35A.d.917BFEEC4EECD05B295AFC87D350924D.e.4458/elements - {"using":"css selector","value":"td"}
RESULT: {"using":"css selector","value":"td"}
COMMAND: POST /session/797d6a12e387849dd32047a457c264a5/element/f.94906BB8095ED37A30942B11E16FA35A.d.917BFEEC4EECD05B295AFC87D350924D.e.4459/elements - {"using":"css selector","value":"td"}
RESULT: {"using":"css selector","value":"td"}
COMMAND: POST /session/797d6a12e387849dd32047a457c264a5/element/f.94906BB8095ED37A30942B11E16FA35A.d.917BFEEC4EECD05B295AFC87D350924D.e.4460/elements - {"using":"css selector","value":"td"}
RESULT: {"using":"css selector","value":"td"}
COMMAND: POST /session/797d6a12e387849dd32047a457c264a5/element/f.94906BB8095ED37A30942B11E16FA35A.d.917BFEEC4EECD05B295AFC87D350924D.e.4461/elements - {"using":"css selector","value":"td"}
RESULT: {"using":"css selector","value":"td"}
COMMAND: POST /session/797d6a12e387849dd32047a457c264a5/element/f.94906BB8095ED37A30942B11E16FA35A.d.917BFEEC4EECD05B295AFC87D350924D.e.4462/elements - {"using":"css selector","value":"td"}
RESULT: {"using":"css selector","value":"td"}
COMMAND: POST /session/797d6a12e387849dd32047a457c264a5/element/f.94906BB8095ED37A30942B11E16FA35A.d.917BFEEC4EECD05B295AFC87D350924D.e.4463/elements - {"using":"css selector","value":"td"}
RESULT: {"using":"css selector","value":"td"}
COMMAND: POST /session/797d6a12e387849dd32047a457c264a5/element/f.94906BB8095ED37A30942B11E16FA35A.d.917BFEEC4EECD05B295AFC87D350924D.e.4464/elements - {"using":"css selector","value":"td"}
RESULT: {"using":"css selector","value":"td"}
COMMAND: POST /session/797d6a12e387849dd32047a457c264a5/element/f.94906BB8095ED37A30942B11E16FA35A.d.917BFEEC4EECD05B295AFC87D350924D.e.4465/elements - {"using":"css selector","value":"td"}
RESULT: {"using":"css selector","value":"td"}
COMMAND: POST /session/797d6a12e387849dd32047a457c264a5/element/f.94906BB8095ED37A30942B11E16FA35A.d.917BFEEC4EECD05B295AFC87D350924D.e.4466/elements - {"using":"css selector","value":"td"}
RESULT: {"using":"css selector","value":"td"}
COMMAND: POST /session/797d6a12e387849dd32047a457c264a5/element/f.94906BB8095ED37A30942B11E16FA35A.d.917BFEEC4EECD05B295AFC87D350924D.e.4467/elements - {"using":"css selector","value":"td"}
RESULT: {"using":"css selector","value":"td"}
COMMAND: POST /session/797d6a12e387849dd32047a457c264a5/element/f.94906BB8095ED37A30942B11E16FA35A.d.917BFEEC4EECD05B295AFC87D350924D.e.4468/elements - {"using":"css selector","value":"td"}
RESULT: {"using":"css selector","value":"td"}
COMMAND: POST /session/797d6a12e387849dd32047a457c264a5/element/f.94906BB8095ED37A30942B11E16FA35A.d.917BFEEC4EECD05B295AFC87D350924D.e.4469/elements - {"using":"css selector","value":"td"}
RESULT: {"using":"css selector","value":"td"}
COMMAND: POST /session/797d6a12e387849dd32047a457c264a5/element/f.94906BB8095ED37A30942B11E16FA35A.d.917BFEEC4EECD05B295AFC87D350924D.e.4470/elements - {"using":"css selector","value":"td"}
RESULT: {"using":"css selector","value":"td"}
COMMAND: POST /session/797d6a12e387849dd32047a457c264a5/element/f.94906BB8095ED37A30942B11E16FA35A.d.917BFEEC4EECD05B295AFC87D350924D.e.4471/elements - {"using":"css selector","value":"td"}
RESULT: {"using":"css selector","value":"td"}
COMMAND: POST /session/797d6a12e387849dd32047a457c264a5/element/f.94906BB8095ED37A30942B11E16FA35A.d.917BFEEC4EECD05B295AFC87D350924D.e.4472/elements - {"using":"css selector","value":"td"}
RESULT: {"using":"css selector","value":"td"}
COMMAND: POST /session/797d6a12e387849dd32047a457c264a5/element/f.94906BB8095ED37A30942B11E16FA35A.d.917BFEEC4EECD05B295AFC87D350924D.e.4473/elements - {"using":"css selector","value":"td"}
RESULT: {"using":"css selector","value":"td"}
COMMAND: POST /session/797d6a12e387849dd32047a457c264a5/element/f.94906BB8095ED37A30942B11E16FA35A.d.917BFEEC4EECD05B295AFC87D350924D.e.4474/elements - {"using":"css selector","value":"td"}
RESULT: {"using":"css selector","value":"td"}
COMMAND: POST /session/797d6a12e387849dd32047a457c264a5/element/f.94906BB8095ED37A30942B11E16FA35A.d.917BFEEC4EECD05B295AFC87D350924D.e.4475/elements - {"using":"css selector","value":"td"}
RESULT: {"using":"css selector","value":"td"}
COMMAND: POST /session/797d6a12e387849dd32047a457c264a5/element/f.94906BB8095ED37A30942B11E16FA35A.d.917BFEEC4EECD05B295AFC87D350924D.e.4476/elements - {"using":"css selector","value":"td"}
RESULT: {"using":"css selector","value":"td"}
COMMAND: POST /session/797d6a12e387849dd32047a457c264a5/element/f.94906BB8095ED37A30942B11E16FA35A.d.917BFEEC4EECD05B295AFC87D350924D.e.4477/elements - {"using":"css selector","value":"td"}
RESULT: {"using":"css selector","value":"td"}
COMMAND: POST /session/797d6a12e387849dd32047a457c264a5/element/f.94906BB8095ED37A30942B11E16FA35A.d.917BFEEC4EECD05B295AFC87D350924D.e.4478/elements - {"using":"css selector","value":"td"}
RESULT: {"using":"css selector","value":"td"}
COMMAND: POST /session/797d6a12e387849dd32047a457c264a5/element/f.94906BB8095ED37A30942B11E16FA35A.d.917BFEEC4EECD05B295AFC87D350924D.e.4479/elements - {"using":"css selector","value":"td"}
RESULT: {"using":"css selector","value":"td"}
COMMAND: POST /session/797d6a12e387849dd32047a457c264a5/element/f.94906BB8095ED37A30942B11E16FA35A.d.917BFEEC4EECD05B295AFC87D350924D.e.4480/elements - {"using":"css selector","value":"td"}
RESULT: {"using":"css selector","value":"td"}
COMMAND: POST /session/797d6a12e387849dd32047a457c264a5/element/f.94906BB8095ED37A30942B11E16FA35A.d.917BFEEC4EECD05B295AFC87D350924D.e.4481/elements - {"using":"css selector","value":"td"}
RESULT: {"using":"css selector","value":"td"}
COMMAND: POST /session/797d6a12e387849dd32047a457c264a5/element/f.94906BB8095ED37A30942B11E16FA35A.d.917BFEEC4EECD05B295AFC87D350924D.e.4482/elements - {"using":"css selector","value":"td"}
RESULT: {"using":"css selector","value":"td"}
COMMAND: POST /session/797d6a12e387849dd32047a457c264a5/element/f.94906BB8095ED37A30942B11E16FA35A.d.917BFEEC4EECD05B295AFC87D350924D.e.4483/elements - {"using":"css selector","value":"td"}
RESULT: {"using":"css selector","value":"td"}
COMMAND: POST /session/797d6a12e387849dd32047a457c264a5/element/f.94906BB8095ED37A30942B11E16FA35A.d.917BFEEC4EECD05B295AFC87D350924D.e.4484/elements - {"using":"css selector","value":"td"}
RESULT: {"using":"css selector","value":"td"}
COMMAND: POST /session/797d6a12e387849dd32047a457c264a5/element/f.94906BB8095ED37A30942B11E16FA35A.d.917BFEEC4EECD05B295AFC87D350924D.e.4485/elements - {"using":"css selector","value":"td"}
RESULT: {"using":"css selector","value":"td"}
COMMAND: POST /session/797d6a12e387849dd32047a457c264a5/element/f.94906BB8095ED37A30942B11E16FA35A.d.917BFEEC4EECD05B295AFC87D350924D.e.4486/elements - {"using":"css selector","value":"td"}
RESULT: {"using":"css selector","value":"td"}
COMMAND: POST /session/797d6a12e387849dd32047a457c264a5/element/f.94906BB8095ED37A30942B11E16FA35A.d.917BFEEC4EECD05B295AFC87D350924D.e.4487/elements - {"using":"css selector","value":"td"}
RESULT: {"using":"css selector","value":"td"}
COMMAND: POST /session/797d6a12e387849dd32047a457c264a5/element/f.94906BB8095ED37A30942B11E16FA35A.d.917BFEEC4EECD05B295AFC87D350924D.e.4488/elements - {"using":"css selector","value":"td"}
RESULT: {"using":"css selector","value":"td"}
COMMAND: POST /session/797d6a12e387849dd32047a457c264a5/element/f.94906BB8095ED37A30942B11E16FA35A.d.917BFEEC4EECD05B295AFC87D350924D.e.4489/elements - {"using":"css selector","value":"td"}
RESULT: {"using":"css selector","value":"td"}
COMMAND: POST /session/797d6a12e387849dd32047a457c264a5/element/f.94906BB8095ED37A30942B11E16FA35A.d.917BFEEC4EECD05B295AFC87D350924D.e.4490/elements - {"using":"css selector","value":"td"}
RESULT: {"using":"css selector","value":"td"}
COMMAND: POST /session/797d6a12e387849dd32047a457c264a5/element/f.94906BB8095ED37A30942B11E16FA35A.d.917BFEEC4EECD05B295AFC87D350924D.e.4491/elements - {"using":"css selector","value":"td"}
RESULT: {"using":"css selector","value":"td"}
COMMAND: POST /session/797d6a12e387849dd32047a457c264a5/element/f.94906BB8095ED37A30942B11E16FA35A.d.917BFEEC4EECD05B295AFC87D350924D.e.5014/elements - {"using":"css selector","value":"td"}
RESULT: {"using":"css selector","value":"td"}
COMMAND: POST /session/797d6a12e387849dd32047a457c264a5/element - {"using":"css selector","value":"#j_username"}
COMMAND: POST /session/797d6a12e387849dd32047a457c264a5/url - {"url":"https://qa-testing-00-live-etm-ui.cfapps.eu10-004.hana.ondemand.com/"}
RESULT: {"url":"https://qa-testing-00-live-etm-ui.cfapps.eu10-004.hana.ondemand.com/"}
RESULT: undefined
COMMAND: GET /session/797d6a12e387849dd32047a457c264a5/screenshot - {}
RESULT: {"using":"css selector","value":"#j_username"}
COMMAND: POST /session/797d6a12e387849dd32047a457c264a5/element - {"using":"css selector","value":"#j_username"}
RESULT: {}
RESULT: {"using":"css selector","value":"#j_username"}
COMMAND: POST /session/797d6a12e387849dd32047a457c264a5/element - {"using":"css selector","value":"#shell-header-logo"}
RESULT: {"using":"css selector","value":"#shell-header-logo"}
COMMAND: POST /session/797d6a12e387849dd32047a457c264a5/execute/sync - {"script":"<script> [8489 bytes]","args":[{"element-6066-11e4-a52e-4f735466cecf":"f.94906BB8095ED37A30942B11E16FA35A.d.AD1B55F9B486223C5237733EFD0435B5.e.5026","ELEMENT":"f.94906BB8095ED37A30942B11E16FA35A.d.AD1B55F9B486223C5237733EFD0435B5.e.5026"}]}
RESULT: {"script":"<script> [8489 bytes]","args":[{"element-6066-11e4-a52e-4f735466cecf":"f.94906BB8095ED37A30942B11E16FA35A.d.AD1B55F9B486223C5237733EFD0435B5.e.5026","ELEMENT":"f.94906BB8095ED37A30942B11E16FA35A.d.AD1B55F9B486223C5237733EFD0435B5.e.5026"}]}
COMMAND: POST /session/797d6a12e387849dd32047a457c264a5/element - {"using":"css selector","value":"#shell-header-logo"}
COMMAND: GET /session/797d6a12e387849dd32047a457c264a5/screenshot - {}
RESULT: {"using":"css selector","value":"#shell-header-logo"}
COMMAND: POST /session/797d6a12e387849dd32047a457c264a5/execute/sync - {"script":"<script> [8489 bytes]","args":[{"element-6066-11e4-a52e-4f735466cecf":"f.94906BB8095ED37A30942B11E16FA35A.d.AD1B55F9B486223C5237733EFD0435B5.e.5026","ELEMENT":"f.94906BB8095ED37A30942B11E16FA35A.d.AD1B55F9B486223C5237733EFD0435B5.e.5026"}]}
RESULT: {}
RESULT: {"script":"<script> [8489 bytes]","args":[{"element-6066-11e4-a52e-4f735466cecf":"f.94906BB8095ED37A30942B11E16FA35A.d.AD1B55F9B486223C5237733EFD0435B5.e.5026","ELEMENT":"f.94906BB8095ED37A30942B11E16FA35A.d.AD1B55F9B486223C5237733EFD0435B5.e.5026"}]}
COMMAND: POST /session/797d6a12e387849dd32047a457c264a5/execute/sync - {"script":"<script> [5351 bytes]","args":[{"element-6066-11e4-a52e-4f735466cecf":"f.94906BB8095ED37A30942B11E16FA35A.d.AD1B55F9B486223C5237733EFD0435B5.e.5026","ELEMENT":"f.94906BB8095ED37A30942B11E16FA35A.d.AD1B55F9B486223C5237733EFD0435B5.e.5026"}]}
COMMAND: GET /session/797d6a12e387849dd32047a457c264a5/screenshot - {}
RESULT: {"script":"<script> [5351 bytes]","args":[{"element-6066-11e4-a52e-4f735466cecf":"f.94906BB8095ED37A30942B11E16FA35A.d.AD1B55F9B486223C5237733EFD0435B5.e.5026","ELEMENT":"f.94906BB8095ED37A30942B11E16FA35A.d.AD1B55F9B486223C5237733EFD0435B5.e.5026"}]}
COMMAND: POST /session/797d6a12e387849dd32047a457c264a5/element - {"using":"css selector","value":"#shell-header-logo"}
COMMAND: GET /session/797d6a12e387849dd32047a457c264a5/screenshot - {}
RESULT: {}
RESULT: {"using":"css selector","value":"#shell-header-logo"}
COMMAND: POST /session/797d6a12e387849dd32047a457c264a5/element/f.94906BB8095ED37A30942B11E16FA35A.d.AD1B55F9B486223C5237733EFD0435B5.e.5026/click - {}
RESULT: {}
RESULT: {}
COMMAND: GET /session/797d6a12e387849dd32047a457c264a5/screenshot - {}
RESULT: {}
COMMAND: POST /session/797d6a12e387849dd32047a457c264a5/execute/async - {"script":"<script> [189 bytes]","args":[]}
RESULT: {"script":"<script> [189 bytes]","args":[]}
COMMAND: POST /session/797d6a12e387849dd32047a457c264a5/execute/async - {"script":"<script> [123 bytes]","args":[]}
RESULT: {"script":"<script> [123 bytes]","args":[]}
COMMAND: POST /session/797d6a12e387849dd32047a457c264a5/timeouts - {"script":"<number>"}
RESULT: {"script":"<number>"}
COMMAND: GET /session/797d6a12e387849dd32047a457c264a5/timeouts - {}
RESULT: {}
RESULT: undefined
COMMAND: POST /session/797d6a12e387849dd32047a457c264a5/execute/async - {"script":"<script> [2676 bytes]","args":[]}
RESULT: {"script":"<script> [2676 bytes]","args":[]}
COMMAND: POST /session/797d6a12e387849dd32047a457c264a5/execute/async - {"script":"<script> [2342 bytes]","args":[{"protocol":"http","hostname":"0.0.0.0","path":"/","capabilities":{"browserName":"chrome","goog:chromeOptions":{"binary":"C:\\Program Files\\Google\\Chrome\\Application\\chrome.exe","args":["--start-maximized"]}},"logLevel":"warn","connectionRetryTimeout":120000,"connectionRetryCount":3,"logLevels":{},"enableDirectConnect":true,"strictSSL":true,"_":"65 more keys: [\"cacheDir\",\"port\",\"requestedCapabilities\",\"automationProtocol\",\"baseUrl\",\"waitforInterval\",\"waitforTimeout\",\"onReload\",\"beforeCommand\",\"afterCommand\",\"rootDir\",\"specs\",\"suites\",\"exclude\",\"groupLogsByTestSpec\",\"excludeDriverLogs\",\"bail\",\"framework\",\"reporters\",\"services\",\"maxInstances\",\"maxInstancesPerCapability\",\"injectGlobals\",\"filesToWatch\",\"execArgv\",\"runnerEnv\",\"runner\",\"shard\",\"specFileRetries\",\"specFileRetriesDelay\",\"specFileRetriesDeferred\",\"reporterSyncInterval\",\"reporterSyncTimeout\",\"cucumberFeaturesWithLineNumbers\",\"autoCompileOpts\",\"mochaOpts\",\"jasmineOpts\",\"cucumberOpts\",\"onPrepare\",\"onWorkerStart\",\"onWorkerEnd\",\"before\",\"beforeSession\",\"beforeSuite\",\"beforeHook\",\"beforeTest\",\"afterTest\",\"afterHook\",\"afterSuite\",\"afterSession\",\"after\",\"onComplete\",\"beforeAssertion\",\"afterAssertion\",\"beforeFeature\",\"beforeScenario\",\"beforeStep\",\"afterStep\",\"afterScenario\",\"afterFeature\",\"_\",\"suite\",\"$0\",\"ignoredWorkerServices\",\"wdi5\"]"}]}
RESULT: {"script":"<script> [2342 bytes]","args":[{"protocol":"http","hostname":"0.0.0.0","path":"/","capabilities":{"browserName":"chrome","goog:chromeOptions":{"binary":"C:\\Program Files\\Google\\Chrome\\Application\\chrome.exe","args":["--start-maximized"]}},"logLevel":"warn","connectionRetryTimeout":120000,"connectionRetryCount":3,"logLevels":{},"enableDirectConnect":true,"strictSSL":true,"_":"65 more keys: [\"cacheDir\",\"port\",\"requestedCapabilities\",\"automationProtocol\",\"baseUrl\",\"waitforInterval\",\"waitforTimeout\",\"onReload\",\"beforeCommand\",\"afterCommand\",\"rootDir\",\"specs\",\"suites\",\"exclude\",\"groupLogsByTestSpec\",\"excludeDriverLogs\",\"bail\",\"framework\",\"reporters\",\"services\",\"maxInstances\",\"maxInstancesPerCapability\",\"injectGlobals\",\"filesToWatch\",\"execArgv\",\"runnerEnv\",\"runner\",\"shard\",\"specFileRetries\",\"specFileRetriesDelay\",\"specFileRetriesDeferred\",\"reporterSyncInterval\",\"reporterSyncTimeout\",\"cucumberFeaturesWithLineNumbers\",\"autoCompileOpts\",\"mochaOpts\",\"jasmineOpts\",\"cucumberOpts\",\"onPrepare\",\"onWorkerStart\",\"onWorkerEnd\",\"before\",\"beforeSession\",\"beforeSuite\",\"beforeHook\",\"beforeTest\",\"afterTest\",\"afterHook\",\"afterSuite\",\"afterSession\",\"after\",\"onComplete\",\"beforeAssertion\",\"afterAssertion\",\"beforeFeature\",\"beforeScenario\",\"beforeStep\",\"afterStep\",\"afterScenario\",\"afterFeature\",\"_\",\"suite\",\"$0\",\"ignoredWorkerServices\",\"wdi5\"]"}]}
COMMAND: POST /session/797d6a12e387849dd32047a457c264a5/execute/async - {"script":"<script> [21126 bytes]","args":[35000]}
RESULT: {"script":"<script> [21126 bytes]","args":[35000]}
COMMAND: POST /session/797d6a12e387849dd32047a457c264a5/window/maximize - {}
RESULT: {}
COMMAND: POST /session/797d6a12e387849dd32047a457c264a5/execute/async - {"script":"<script> [1562 bytes]","args":[{"selector":{"id":"shell-header","interaction":{"idSuffix":"icon"}},"wdio_ui5_key":"shellheader"}]}
COMMAND: GET /session/797d6a12e387849dd32047a457c264a5/screenshot - {}
RESULT: {"script":"<script> [1562 bytes]","args":[{"selector":{"id":"shell-header","interaction":{"idSuffix":"icon"}},"wdio_ui5_key":"shellheader"}]}
RESULT: undefined
COMMAND: POST /session/797d6a12e387849dd32047a457c264a5/refresh - {}
RESULT: {}
RESULT: {}
COMMAND: GET /session/797d6a12e387849dd32047a457c264a5/screenshot - {}
RESULT: {}
COMMAND: POST /session/797d6a12e387849dd32047a457c264a5/refresh - {}
RESULT: {}
COMMAND: GET /session/797d6a12e387849dd32047a457c264a5/screenshot - {}
RESULT: {}
COMMAND: POST /session/797d6a12e387849dd32047a457c264a5/window/fullscreen - {}
RESULT: {}
COMMAND: POST /session/797d6a12e387849dd32047a457c264a5/execute/async - {"script":"<script> [189 bytes]","args":[]}
RESULT: {"script":"<script> [189 bytes]","args":[]}
COMMAND: POST /session/797d6a12e387849dd32047a457c264a5/execute/async - {"script":"<script> [123 bytes]","args":[]}
RESULT: {"script":"<script> [123 bytes]","args":[]}
COMMAND: POST /session/797d6a12e387849dd32047a457c264a5/timeouts - {"script":"<number>"}
RESULT: {"script":"<number>"}
COMMAND: GET /session/797d6a12e387849dd32047a457c264a5/timeouts - {}
RESULT: {}
RESULT: undefined
COMMAND: POST /session/797d6a12e387849dd32047a457c264a5/execute/async - {"script":"<script> [2676 bytes]","args":[]}
RESULT: {"script":"<script> [2676 bytes]","args":[]}
COMMAND: POST /session/797d6a12e387849dd32047a457c264a5/execute/async - {"script":"<script> [2342 bytes]","args":[{"protocol":"http","hostname":"0.0.0.0","path":"/","capabilities":{"browserName":"chrome","goog:chromeOptions":{"binary":"C:\\Program Files\\Google\\Chrome\\Application\\chrome.exe","args":["--start-maximized"]}},"logLevel":"warn","connectionRetryTimeout":120000,"connectionRetryCount":3,"logLevels":{},"enableDirectConnect":true,"strictSSL":true,"_":"65 more keys: [\"cacheDir\",\"port\",\"requestedCapabilities\",\"automationProtocol\",\"baseUrl\",\"waitforInterval\",\"waitforTimeout\",\"onReload\",\"beforeCommand\",\"afterCommand\",\"rootDir\",\"specs\",\"suites\",\"exclude\",\"groupLogsByTestSpec\",\"excludeDriverLogs\",\"bail\",\"framework\",\"reporters\",\"services\",\"maxInstances\",\"maxInstancesPerCapability\",\"injectGlobals\",\"filesToWatch\",\"execArgv\",\"runnerEnv\",\"runner\",\"shard\",\"specFileRetries\",\"specFileRetriesDelay\",\"specFileRetriesDeferred\",\"reporterSyncInterval\",\"reporterSyncTimeout\",\"cucumberFeaturesWithLineNumbers\",\"autoCompileOpts\",\"mochaOpts\",\"jasmineOpts\",\"cucumberOpts\",\"onPrepare\",\"onWorkerStart\",\"onWorkerEnd\",\"before\",\"beforeSession\",\"beforeSuite\",\"beforeHook\",\"beforeTest\",\"afterTest\",\"afterHook\",\"afterSuite\",\"afterSession\",\"after\",\"onComplete\",\"beforeAssertion\",\"afterAssertion\",\"beforeFeature\",\"beforeScenario\",\"beforeStep\",\"afterStep\",\"afterScenario\",\"afterFeature\",\"_\",\"suite\",\"$0\",\"ignoredWorkerServices\",\"wdi5\"]"}]}
RESULT: {"script":"<script> [2342 bytes]","args":[{"protocol":"http","hostname":"0.0.0.0","path":"/","capabilities":{"browserName":"chrome","goog:chromeOptions":{"binary":"C:\\Program Files\\Google\\Chrome\\Application\\chrome.exe","args":["--start-maximized"]}},"logLevel":"warn","connectionRetryTimeout":120000,"connectionRetryCount":3,"logLevels":{},"enableDirectConnect":true,"strictSSL":true,"_":"65 more keys: [\"cacheDir\",\"port\",\"requestedCapabilities\",\"automationProtocol\",\"baseUrl\",\"waitforInterval\",\"waitforTimeout\",\"onReload\",\"beforeCommand\",\"afterCommand\",\"rootDir\",\"specs\",\"suites\",\"exclude\",\"groupLogsByTestSpec\",\"excludeDriverLogs\",\"bail\",\"framework\",\"reporters\",\"services\",\"maxInstances\",\"maxInstancesPerCapability\",\"injectGlobals\",\"filesToWatch\",\"execArgv\",\"runnerEnv\",\"runner\",\"shard\",\"specFileRetries\",\"specFileRetriesDelay\",\"specFileRetriesDeferred\",\"reporterSyncInterval\",\"reporterSyncTimeout\",\"cucumberFeaturesWithLineNumbers\",\"autoCompileOpts\",\"mochaOpts\",\"jasmineOpts\",\"cucumberOpts\",\"onPrepare\",\"onWorkerStart\",\"onWorkerEnd\",\"before\",\"beforeSession\",\"beforeSuite\",\"beforeHook\",\"beforeTest\",\"afterTest\",\"afterHook\",\"afterSuite\",\"afterSession\",\"after\",\"onComplete\",\"beforeAssertion\",\"afterAssertion\",\"beforeFeature\",\"beforeScenario\",\"beforeStep\",\"afterStep\",\"afterScenario\",\"afterFeature\",\"_\",\"suite\",\"$0\",\"ignoredWorkerServices\",\"wdi5\"]"}]}
COMMAND: POST /session/797d6a12e387849dd32047a457c264a5/execute/async - {"script":"<script> [21126 bytes]","args":[35000]}
RESULT: {"script":"<script> [21126 bytes]","args":[35000]}
]]></system-out>
    </testcase>
  </testsuite>
  <testsuite timestamp="2025-04-27T17:12:33" time="424.538" tests="9" failures="0" errors="0" skipped="0">
    <properties>
      <property name="specId" value="0" />
      <property name="suiteName" value="US134625 Set up price condition - one time" />
      <property name="capabilities" value="chrome.135_0_7049_96.windows" />
      <property name="file" value="file:///D:/a/1/s/test/specs/BTS/set-up-price-condition-one-time.spec.js" />
    </properties>
    <testcase classname="chrome.135_0_7049_96.windows.US134625_Set_up_price_condition_-_one_time" name="Should create a new yard used for all following tests" time="0.096">
      <system-out><![CDATA[
COMMAND: POST /session/797d6a12e387849dd32047a457c264a5/window/fullscreen - {}
RESULT: {}
]]></system-out>
    </testcase>
    <testcase classname="chrome.135_0_7049_96.windows.US134625_Set_up_price_condition_-_one_time" name="Should create a new partner" time="0.004" />
    <testcase classname="chrome.135_0_7049_96.windows.US134625_Set_up_price_condition_-_one_time" name="Should create a new site used for following tests" time="0.005" />
    <testcase classname="chrome.135_0_7049_96.windows.US134625_Set_up_price_condition_-_one_time" name="Should create a new material for billing type one time" time="105.933">
      <system-out><![CDATA[
COMMAND: POST /session/797d6a12e387849dd32047a457c264a5/execute/async - {"script":"<script> [1562 bytes]","args":[{"selector":{"controlType":"sap.m.GenericTile","properties":{"header":"Manage Resources"}},"wdio_ui5_key":"sapm.GenericTile{\"header\":\"Manage Resources\"}"}]}
RESULT: {"script":"<script> [1562 bytes]","args":[{"selector":{"controlType":"sap.m.GenericTile","properties":{"header":"Manage Resources"}},"wdio_ui5_key":"sapm.GenericTile{\"header\":\"Manage Resources\"}"}]}
RESULT: undefined
COMMAND: POST /session/797d6a12e387849dd32047a457c264a5/element - {"using":"xpath","value":"//*[@id=\"__tile39\"]"}
RESULT: {"using":"xpath","value":"//*[@id=\"__tile39\"]"}
COMMAND: POST /session/797d6a12e387849dd32047a457c264a5/element/f.94906BB8095ED37A30942B11E16FA35A.d.C48F5F42C19DB46F45039700C9760A2C.e.5183/click - {}
RESULT: {}
COMMAND: POST /session/797d6a12e387849dd32047a457c264a5/element - {"using":"xpath","value":"//button[@data-kt=\"addNewRUOverflowToolbarButton\"]"}
COMMAND: GET /session/797d6a12e387849dd32047a457c264a5/screenshot - {}
RESULT: {"using":"xpath","value":"//button[@data-kt=\"addNewRUOverflowToolbarButton\"]"}
COMMAND: POST /session/797d6a12e387849dd32047a457c264a5/elements - {"using":"xpath","value":"//button[@data-kt=\"addNewRUOverflowToolbarButton\"]"}
RESULT: {}
RESULT: {"using":"xpath","value":"//button[@data-kt=\"addNewRUOverflowToolbarButton\"]"}
COMMAND: POST /session/797d6a12e387849dd32047a457c264a5/elements - {"using":"xpath","value":"//button[@data-kt=\"addNewRUOverflowToolbarButton\"]"}
RESULT: {"using":"xpath","value":"//button[@data-kt=\"addNewRUOverflowToolbarButton\"]"}
COMMAND: POST /session/797d6a12e387849dd32047a457c264a5/elements - {"using":"xpath","value":"//button[@data-kt=\"addNewRUOverflowToolbarButton\"]"}
RESULT: {"using":"xpath","value":"//button[@data-kt=\"addNewRUOverflowToolbarButton\"]"}
COMMAND: POST /session/797d6a12e387849dd32047a457c264a5/elements - {"using":"xpath","value":"//button[@data-kt=\"addNewRUOverflowToolbarButton\"]"}
RESULT: {"using":"xpath","value":"//button[@data-kt=\"addNewRUOverflowToolbarButton\"]"}
COMMAND: POST /session/797d6a12e387849dd32047a457c264a5/elements - {"using":"xpath","value":"//button[@data-kt=\"addNewRUOverflowToolbarButton\"]"}
RESULT: {"using":"xpath","value":"//button[@data-kt=\"addNewRUOverflowToolbarButton\"]"}
COMMAND: POST /session/797d6a12e387849dd32047a457c264a5/elements - {"using":"xpath","value":"//button[@data-kt=\"addNewRUOverflowToolbarButton\"]"}
RESULT: {"using":"xpath","value":"//button[@data-kt=\"addNewRUOverflowToolbarButton\"]"}
COMMAND: POST /session/797d6a12e387849dd32047a457c264a5/elements - {"using":"xpath","value":"//button[@data-kt=\"addNewRUOverflowToolbarButton\"]"}
RESULT: {"using":"xpath","value":"//button[@data-kt=\"addNewRUOverflowToolbarButton\"]"}
COMMAND: POST /session/797d6a12e387849dd32047a457c264a5/elements - {"using":"xpath","value":"//button[@data-kt=\"addNewRUOverflowToolbarButton\"]"}
RESULT: {"using":"xpath","value":"//button[@data-kt=\"addNewRUOverflowToolbarButton\"]"}
COMMAND: POST /session/797d6a12e387849dd32047a457c264a5/elements - {"using":"xpath","value":"//button[@data-kt=\"addNewRUOverflowToolbarButton\"]"}
RESULT: {"using":"xpath","value":"//button[@data-kt=\"addNewRUOverflowToolbarButton\"]"}
COMMAND: POST /session/797d6a12e387849dd32047a457c264a5/elements - {"using":"xpath","value":"//button[@data-kt=\"addNewRUOverflowToolbarButton\"]"}
RESULT: {"using":"xpath","value":"//button[@data-kt=\"addNewRUOverflowToolbarButton\"]"}
COMMAND: POST /session/797d6a12e387849dd32047a457c264a5/elements - {"using":"xpath","value":"//button[@data-kt=\"addNewRUOverflowToolbarButton\"]"}
RESULT: {"using":"xpath","value":"//button[@data-kt=\"addNewRUOverflowToolbarButton\"]"}
COMMAND: POST /session/797d6a12e387849dd32047a457c264a5/elements - {"using":"xpath","value":"//button[@data-kt=\"addNewRUOverflowToolbarButton\"]"}
RESULT: {"using":"xpath","value":"//button[@data-kt=\"addNewRUOverflowToolbarButton\"]"}
COMMAND: POST /session/797d6a12e387849dd32047a457c264a5/elements - {"using":"xpath","value":"//button[@data-kt=\"addNewRUOverflowToolbarButton\"]"}
RESULT: {"using":"xpath","value":"//button[@data-kt=\"addNewRUOverflowToolbarButton\"]"}
COMMAND: POST /session/797d6a12e387849dd32047a457c264a5/elements - {"using":"xpath","value":"//button[@data-kt=\"addNewRUOverflowToolbarButton\"]"}
RESULT: {"using":"xpath","value":"//button[@data-kt=\"addNewRUOverflowToolbarButton\"]"}
COMMAND: POST /session/797d6a12e387849dd32047a457c264a5/elements - {"using":"xpath","value":"//button[@data-kt=\"addNewRUOverflowToolbarButton\"]"}
RESULT: {"using":"xpath","value":"//button[@data-kt=\"addNewRUOverflowToolbarButton\"]"}
COMMAND: POST /session/797d6a12e387849dd32047a457c264a5/elements - {"using":"xpath","value":"//button[@data-kt=\"addNewRUOverflowToolbarButton\"]"}
RESULT: {"using":"xpath","value":"//button[@data-kt=\"addNewRUOverflowToolbarButton\"]"}
COMMAND: POST /session/797d6a12e387849dd32047a457c264a5/elements - {"using":"xpath","value":"//button[@data-kt=\"addNewRUOverflowToolbarButton\"]"}
RESULT: {"using":"xpath","value":"//button[@data-kt=\"addNewRUOverflowToolbarButton\"]"}
COMMAND: POST /session/797d6a12e387849dd32047a457c264a5/elements - {"using":"xpath","value":"//button[@data-kt=\"addNewRUOverflowToolbarButton\"]"}
RESULT: {"using":"xpath","value":"//button[@data-kt=\"addNewRUOverflowToolbarButton\"]"}
COMMAND: POST /session/797d6a12e387849dd32047a457c264a5/elements - {"using":"xpath","value":"//button[@data-kt=\"addNewRUOverflowToolbarButton\"]"}
RESULT: {"using":"xpath","value":"//button[@data-kt=\"addNewRUOverflowToolbarButton\"]"}
COMMAND: POST /session/797d6a12e387849dd32047a457c264a5/elements - {"using":"xpath","value":"//button[@data-kt=\"addNewRUOverflowToolbarButton\"]"}
RESULT: {"using":"xpath","value":"//button[@data-kt=\"addNewRUOverflowToolbarButton\"]"}
COMMAND: POST /session/797d6a12e387849dd32047a457c264a5/elements - {"using":"xpath","value":"//button[@data-kt=\"addNewRUOverflowToolbarButton\"]"}
RESULT: {"using":"xpath","value":"//button[@data-kt=\"addNewRUOverflowToolbarButton\"]"}
COMMAND: POST /session/797d6a12e387849dd32047a457c264a5/elements - {"using":"xpath","value":"//button[@data-kt=\"addNewRUOverflowToolbarButton\"]"}
RESULT: {"using":"xpath","value":"//button[@data-kt=\"addNewRUOverflowToolbarButton\"]"}
COMMAND: POST /session/797d6a12e387849dd32047a457c264a5/elements - {"using":"xpath","value":"//button[@data-kt=\"addNewRUOverflowToolbarButton\"]"}
RESULT: {"using":"xpath","value":"//button[@data-kt=\"addNewRUOverflowToolbarButton\"]"}
COMMAND: POST /session/797d6a12e387849dd32047a457c264a5/elements - {"using":"xpath","value":"//button[@data-kt=\"addNewRUOverflowToolbarButton\"]"}
RESULT: {"using":"xpath","value":"//button[@data-kt=\"addNewRUOverflowToolbarButton\"]"}
COMMAND: POST /session/797d6a12e387849dd32047a457c264a5/element - {"using":"xpath","value":"//button[@data-kt=\"addNewRUOverflowToolbarButton\"]"}
RESULT: {"using":"xpath","value":"//button[@data-kt=\"addNewRUOverflowToolbarButton\"]"}
COMMAND: POST /session/797d6a12e387849dd32047a457c264a5/execute/sync - {"script":"<script> [8489 bytes]","args":[{"element-6066-11e4-a52e-4f735466cecf":"f.94906BB8095ED37A30942B11E16FA35A.d.C48F5F42C19DB46F45039700C9760A2C.e.5323","ELEMENT":"f.94906BB8095ED37A30942B11E16FA35A.d.C48F5F42C19DB46F45039700C9760A2C.e.5323"}]}
RESULT: {"script":"<script> [8489 bytes]","args":[{"element-6066-11e4-a52e-4f735466cecf":"f.94906BB8095ED37A30942B11E16FA35A.d.C48F5F42C19DB46F45039700C9760A2C.e.5323","ELEMENT":"f.94906BB8095ED37A30942B11E16FA35A.d.C48F5F42C19DB46F45039700C9760A2C.e.5323"}]}
COMMAND: GET /session/797d6a12e387849dd32047a457c264a5/element/f.94906BB8095ED37A30942B11E16FA35A.d.C48F5F42C19DB46F45039700C9760A2C.e.5323/enabled - {}
COMMAND: GET /session/797d6a12e387849dd32047a457c264a5/screenshot - {}
RESULT: {}
COMMAND: POST /session/797d6a12e387849dd32047a457c264a5/execute/sync - {"script":"<script> [8489 bytes]","args":[{"element-6066-11e4-a52e-4f735466cecf":"f.94906BB8095ED37A30942B11E16FA35A.d.C48F5F42C19DB46F45039700C9760A2C.e.5323","ELEMENT":"f.94906BB8095ED37A30942B11E16FA35A.d.C48F5F42C19DB46F45039700C9760A2C.e.5323"}]}
COMMAND: GET /session/797d6a12e387849dd32047a457c264a5/screenshot - {}
RESULT: {}
RESULT: {"script":"<script> [8489 bytes]","args":[{"element-6066-11e4-a52e-4f735466cecf":"f.94906BB8095ED37A30942B11E16FA35A.d.C48F5F42C19DB46F45039700C9760A2C.e.5323","ELEMENT":"f.94906BB8095ED37A30942B11E16FA35A.d.C48F5F42C19DB46F45039700C9760A2C.e.5323"}]}
COMMAND: POST /session/797d6a12e387849dd32047a457c264a5/execute/sync - {"script":"<script> [5351 bytes]","args":[{"element-6066-11e4-a52e-4f735466cecf":"f.94906BB8095ED37A30942B11E16FA35A.d.C48F5F42C19DB46F45039700C9760A2C.e.5323","ELEMENT":"f.94906BB8095ED37A30942B11E16FA35A.d.C48F5F42C19DB46F45039700C9760A2C.e.5323"}]}
RESULT: {}
RESULT: {"script":"<script> [5351 bytes]","args":[{"element-6066-11e4-a52e-4f735466cecf":"f.94906BB8095ED37A30942B11E16FA35A.d.C48F5F42C19DB46F45039700C9760A2C.e.5323","ELEMENT":"f.94906BB8095ED37A30942B11E16FA35A.d.C48F5F42C19DB46F45039700C9760A2C.e.5323"}]}
COMMAND: POST /session/797d6a12e387849dd32047a457c264a5/element/f.94906BB8095ED37A30942B11E16FA35A.d.C48F5F42C19DB46F45039700C9760A2C.e.5323/click - {}
COMMAND: GET /session/797d6a12e387849dd32047a457c264a5/screenshot - {}
COMMAND: GET /session/797d6a12e387849dd32047a457c264a5/screenshot - {}
RESULT: {}
COMMAND: GET /session/797d6a12e387849dd32047a457c264a5/screenshot - {}
RESULT: {}
RESULT: {}
RESULT: {}
COMMAND: POST /session/797d6a12e387849dd32047a457c264a5/execute/async - {"script":"<script> [1562 bytes]","args":[{"selector":{"id":"application-manageresources-display-component---newResourceUnit--TYPE-arrow"},"wdio_ui5_key":"applicationmanageresources-display-component---newResourceUnit--TYPE-arrow"}]}
RESULT: {"script":"<script> [1562 bytes]","args":[{"selector":{"id":"application-manageresources-display-component---newResourceUnit--TYPE-arrow"},"wdio_ui5_key":"applicationmanageresources-display-component---newResourceUnit--TYPE-arrow"}]}
RESULT: undefined
COMMAND: POST /session/797d6a12e387849dd32047a457c264a5/element - {"using":"xpath","value":"//*[@id=\"application-manageresources-display-component---newResourceUnit--TYPE-arrow\"]"}
RESULT: {"using":"xpath","value":"//*[@id=\"application-manageresources-display-component---newResourceUnit--TYPE-arrow\"]"}
COMMAND: POST /session/797d6a12e387849dd32047a457c264a5/element/f.94906BB8095ED37A30942B11E16FA35A.d.C48F5F42C19DB46F45039700C9760A2C.e.5492/click - {}
RESULT: {}
COMMAND: POST /session/797d6a12e387849dd32047a457c264a5/element - {"using":"xpath","value":"//input[@id=\"application-manageresources-display-component---newResourceUnit--TYPE-inner\"]"}
COMMAND: GET /session/797d6a12e387849dd32047a457c264a5/screenshot - {}
RESULT: {"using":"xpath","value":"//input[@id=\"application-manageresources-display-component---newResourceUnit--TYPE-inner\"]"}
COMMAND: POST /session/797d6a12e387849dd32047a457c264a5/element/f.94906BB8095ED37A30942B11E16FA35A.d.C48F5F42C19DB46F45039700C9760A2C.e.5374/clear - {}
RESULT: {}
RESULT: {}
COMMAND: POST /session/797d6a12e387849dd32047a457c264a5/element/f.94906BB8095ED37A30942B11E16FA35A.d.C48F5F42C19DB46F45039700C9760A2C.e.5374/value - {"text":"Material"}
COMMAND: GET /session/797d6a12e387849dd32047a457c264a5/screenshot - {}
RESULT: {"text":"Material"}
COMMAND: GET /session/797d6a12e387849dd32047a457c264a5/screenshot - {}
RESULT: {}
RESULT: {}
COMMAND: POST /session/797d6a12e387849dd32047a457c264a5/actions - {"actions":[{"id":"action13","type":"key","parameters":{},"actions":[{"type":"keyDown","value":"î€‡"},{"type":"pause","duration":10},{"type":"keyUp","value":"î€‡"}]}]}
RESULT: {"actions":[{"id":"action13","type":"key","parameters":{},"actions":[{"type":"keyDown","value":"î€‡"},{"type":"pause","duration":10},{"type":"keyUp","value":"î€‡"}]}]}
COMMAND: POST /session/797d6a12e387849dd32047a457c264a5/execute/async - {"script":"<script> [1562 bytes]","args":[{"selector":{"id":"application-manageresources-display-component---newResourceUnit--SHORT_TEXT","interaction":{"idSuffix":"inner"}},"wdio_ui5_key":"applicationmanageresources-display-component---newResourceUnit--SHORT_TEXT"}]}
COMMAND: GET /session/797d6a12e387849dd32047a457c264a5/screenshot - {}
RESULT: {"script":"<script> [1562 bytes]","args":[{"selector":{"id":"application-manageresources-display-component---newResourceUnit--SHORT_TEXT","interaction":{"idSuffix":"inner"}},"wdio_ui5_key":"applicationmanageresources-display-component---newResourceUnit--SHORT_TEXT"}]}
RESULT: undefined
COMMAND: POST /session/797d6a12e387849dd32047a457c264a5/execute/async - {"script":"<script> [776 bytes]","args":[{"enterText":"Cement WDIO","selector":{"id":"application-manageresources-display-component---newResourceUnit--SHORT_TEXT","interaction":{"idSuffix":"inner"}},"clearTextFirst":true,"interactionType":"ENTER_TEXT"}]}
RESULT: {}
RESULT: {"script":"<script> [776 bytes]","args":[{"enterText":"Cement WDIO","selector":{"id":"application-manageresources-display-component---newResourceUnit--SHORT_TEXT","interaction":{"idSuffix":"inner"}},"clearTextFirst":true,"interactionType":"ENTER_TEXT"}]}
COMMAND: POST /session/797d6a12e387849dd32047a457c264a5/execute/async - {"script":"<script> [1562 bytes]","args":[{"selector":{"id":"application-manageresources-display-component---newResourceUnit--BASE_UNIT_OF_MEASURE","interaction":{"idSuffix":"inner"}},"wdio_ui5_key":"applicationmanageresources-display-component---newResourceUnit--BASE_UNIT_OF_MEASURE"}]}
RESULT: {"script":"<script> [1562 bytes]","args":[{"selector":{"id":"application-manageresources-display-component---newResourceUnit--BASE_UNIT_OF_MEASURE","interaction":{"idSuffix":"inner"}},"wdio_ui5_key":"applicationmanageresources-display-component---newResourceUnit--BASE_UNIT_OF_MEASURE"}]}
RESULT: undefined
COMMAND: POST /session/797d6a12e387849dd32047a457c264a5/execute/async - {"script":"<script> [776 bytes]","args":[{"enterText":"Piece","selector":{"id":"application-manageresources-display-component---newResourceUnit--BASE_UNIT_OF_MEASURE","interaction":{"idSuffix":"inner"}},"clearTextFirst":true,"interactionType":"ENTER_TEXT"}]}
RESULT: {"script":"<script> [776 bytes]","args":[{"enterText":"Piece","selector":{"id":"application-manageresources-display-component---newResourceUnit--BASE_UNIT_OF_MEASURE","interaction":{"idSuffix":"inner"}},"clearTextFirst":true,"interactionType":"ENTER_TEXT"}]}
COMMAND: POST /session/797d6a12e387849dd32047a457c264a5/execute/async - {"script":"<script> [1562 bytes]","args":[{"selector":{"id":"application-manageresources-display-component---newResourceUnit--WEIGHT_UNIT","interaction":{"idSuffix":"inner"}},"wdio_ui5_key":"applicationmanageresources-display-component---newResourceUnit--WEIGHT_UNIT"}]}
RESULT: {"script":"<script> [1562 bytes]","args":[{"selector":{"id":"application-manageresources-display-component---newResourceUnit--WEIGHT_UNIT","interaction":{"idSuffix":"inner"}},"wdio_ui5_key":"applicationmanageresources-display-component---newResourceUnit--WEIGHT_UNIT"}]}
RESULT: undefined
COMMAND: POST /session/797d6a12e387849dd32047a457c264a5/execute/async - {"script":"<script> [776 bytes]","args":[{"enterText":"Gram","selector":{"id":"application-manageresources-display-component---newResourceUnit--WEIGHT_UNIT","interaction":{"idSuffix":"inner"}},"clearTextFirst":true,"interactionType":"ENTER_TEXT"}]}
RESULT: {"script":"<script> [776 bytes]","args":[{"enterText":"Gram","selector":{"id":"application-manageresources-display-component---newResourceUnit--WEIGHT_UNIT","interaction":{"idSuffix":"inner"}},"clearTextFirst":true,"interactionType":"ENTER_TEXT"}]}
COMMAND: POST /session/797d6a12e387849dd32047a457c264a5/execute/async - {"script":"<script> [1562 bytes]","args":[{"selector":{"id":"application-manageresources-display-component---newResourceUnit--DIMENSION_UNIT","interaction":{"idSuffix":"inner"}},"wdio_ui5_key":"applicationmanageresources-display-component---newResourceUnit--DIMENSION_UNIT"}]}
RESULT: {"script":"<script> [1562 bytes]","args":[{"selector":{"id":"application-manageresources-display-component---newResourceUnit--DIMENSION_UNIT","interaction":{"idSuffix":"inner"}},"wdio_ui5_key":"applicationmanageresources-display-component---newResourceUnit--DIMENSION_UNIT"}]}
RESULT: undefined
COMMAND: POST /session/797d6a12e387849dd32047a457c264a5/execute/async - {"script":"<script> [776 bytes]","args":[{"enterText":"Meter","selector":{"id":"application-manageresources-display-component---newResourceUnit--DIMENSION_UNIT","interaction":{"idSuffix":"inner"}},"clearTextFirst":true,"interactionType":"ENTER_TEXT"}]}
RESULT: {"script":"<script> [776 bytes]","args":[{"enterText":"Meter","selector":{"id":"application-manageresources-display-component---newResourceUnit--DIMENSION_UNIT","interaction":{"idSuffix":"inner"}},"clearTextFirst":true,"interactionType":"ENTER_TEXT"}]}
COMMAND: POST /session/797d6a12e387849dd32047a457c264a5/execute/async - {"script":"<script> [1562 bytes]","args":[{"selector":{"id":"application-manageresources-display-component---newResourceUnit--newRRUPage-anchBar-application-manageresources-display-component---newResourceUnit--control-anchor","interaction":{"idSuffix":"BDI-content"}},"wdio_ui5_key":"applicationmanageresources-display-component---newResourceUnit--newRRUPage-anchBar-application-manageresources-display-component---newResourceUnit--control-anchor"}]}
RESULT: {"script":"<script> [1562 bytes]","args":[{"selector":{"id":"application-manageresources-display-component---newResourceUnit--newRRUPage-anchBar-application-manageresources-display-component---newResourceUnit--control-anchor","interaction":{"idSuffix":"BDI-content"}},"wdio_ui5_key":"applicationmanageresources-display-component---newResourceUnit--newRRUPage-anchBar-application-manageresources-display-component---newResourceUnit--control-anchor"}]}
RESULT: undefined
COMMAND: POST /session/797d6a12e387849dd32047a457c264a5/element - {"using":"xpath","value":"//*[@id=\"application-manageresources-display-component---newResourceUnit--newRRUPage-anchBar-application-manageresources-display-component---newResourceUnit--control-anchor\"]"}
RESULT: {"using":"xpath","value":"//*[@id=\"application-manageresources-display-component---newResourceUnit--newRRUPage-anchBar-application-manageresources-display-component---newResourceUnit--control-anchor\"]"}
COMMAND: POST /session/797d6a12e387849dd32047a457c264a5/element/f.94906BB8095ED37A30942B11E16FA35A.d.C48F5F42C19DB46F45039700C9760A2C.e.5560/click - {}
RESULT: {}
COMMAND: POST /session/797d6a12e387849dd32047a457c264a5/execute/async - {"script":"<script> [1562 bytes]","args":[{"selector":{"id":"application-manageresources-display-component---newResourceUnit--PLANNING_GROUP","interaction":{"idSuffix":"inner"}},"wdio_ui5_key":"applicationmanageresources-display-component---newResourceUnit--PLANNING_GROUP"}]}
COMMAND: GET /session/797d6a12e387849dd32047a457c264a5/screenshot - {}
RESULT: {"script":"<script> [1562 bytes]","args":[{"selector":{"id":"application-manageresources-display-component---newResourceUnit--PLANNING_GROUP","interaction":{"idSuffix":"inner"}},"wdio_ui5_key":"applicationmanageresources-display-component---newResourceUnit--PLANNING_GROUP"}]}
RESULT: undefined
COMMAND: POST /session/797d6a12e387849dd32047a457c264a5/execute/async - {"script":"<script> [776 bytes]","args":[{"enterText":"Material","selector":{"id":"application-manageresources-display-component---newResourceUnit--PLANNING_GROUP","interaction":{"idSuffix":"inner"}},"clearTextFirst":true,"interactionType":"ENTER_TEXT"}]}
RESULT: {}
RESULT: {"script":"<script> [776 bytes]","args":[{"enterText":"Material","selector":{"id":"application-manageresources-display-component---newResourceUnit--PLANNING_GROUP","interaction":{"idSuffix":"inner"}},"clearTextFirst":true,"interactionType":"ENTER_TEXT"}]}
COMMAND: POST /session/797d6a12e387849dd32047a457c264a5/execute/async - {"script":"<script> [1562 bytes]","args":[{"selector":{"id":"application-manageresources-display-component---newResourceUnit--PLANNING_INDICATOR","interaction":{"idSuffix":"inner"}},"wdio_ui5_key":"applicationmanageresources-display-component---newResourceUnit--PLANNING_INDICATOR"}]}
RESULT: {"script":"<script> [1562 bytes]","args":[{"selector":{"id":"application-manageresources-display-component---newResourceUnit--PLANNING_INDICATOR","interaction":{"idSuffix":"inner"}},"wdio_ui5_key":"applicationmanageresources-display-component---newResourceUnit--PLANNING_INDICATOR"}]}
RESULT: undefined
COMMAND: POST /session/797d6a12e387849dd32047a457c264a5/execute/async - {"script":"<script> [776 bytes]","args":[{"enterText":"10 - infinite","selector":{"id":"application-manageresources-display-component---newResourceUnit--PLANNING_INDICATOR","interaction":{"idSuffix":"inner"}},"clearTextFirst":true,"interactionType":"ENTER_TEXT"}]}
RESULT: {"script":"<script> [776 bytes]","args":[{"enterText":"10 - infinite","selector":{"id":"application-manageresources-display-component---newResourceUnit--PLANNING_INDICATOR","interaction":{"idSuffix":"inner"}},"clearTextFirst":true,"interactionType":"ENTER_TEXT"}]}
COMMAND: POST /session/797d6a12e387849dd32047a457c264a5/element - {"using":"css selector","value":"#application-manageresources-display-component---newResourceUnit--btnAddTimeSegment"}
RESULT: {"using":"css selector","value":"#application-manageresources-display-component---newResourceUnit--btnAddTimeSegment"}
COMMAND: GET /session/797d6a12e387849dd32047a457c264a5/element/f.94906BB8095ED37A30942B11E16FA35A.d.C48F5F42C19DB46F45039700C9760A2C.e.5570/rect - {}
RESULT: {}
COMMAND: GET /session/797d6a12e387849dd32047a457c264a5/window/rect - {}
RESULT: {}
COMMAND: POST /session/797d6a12e387849dd32047a457c264a5/execute/sync - {"script":"<script> [92 bytes]","args":[]}
RESULT: {"script":"<script> [92 bytes]","args":[]}
COMMAND: POST /session/797d6a12e387849dd32047a457c264a5/actions - {"actions":[{"id":"action14","type":"wheel","parameters":{},"actions":[{"type":"scroll","x":-1888,"y":-32,"deltaX":0,"deltaY":0,"duration":0,"origin":{"element-6066-11e4-a52e-4f735466cecf":"f.94906BB8095ED37A30942B11E16FA35A.d.C48F5F42C19DB46F45039700C9760A2C.e.5570"}}]}]}
COMMAND: GET /session/797d6a12e387849dd32047a457c264a5/screenshot - {}
RESULT: {}
COMMAND: POST /session/797d6a12e387849dd32047a457c264a5/execute/sync - {"script":"<script> [79 bytes]","args":[{"element-6066-11e4-a52e-4f735466cecf":"f.94906BB8095ED37A30942B11E16FA35A.d.C48F5F42C19DB46F45039700C9760A2C.e.5570","ELEMENT":"f.94906BB8095ED37A30942B11E16FA35A.d.C48F5F42C19DB46F45039700C9760A2C.e.5570"},{"block":"start","inline":"nearest"}]}
RESULT: {"script":"<script> [79 bytes]","args":[{"element-6066-11e4-a52e-4f735466cecf":"f.94906BB8095ED37A30942B11E16FA35A.d.C48F5F42C19DB46F45039700C9760A2C.e.5570","ELEMENT":"f.94906BB8095ED37A30942B11E16FA35A.d.C48F5F42C19DB46F45039700C9760A2C.e.5570"},{"block":"start","inline":"nearest"}]}
COMMAND: POST /session/797d6a12e387849dd32047a457c264a5/execute/async - {"script":"<script> [1562 bytes]","args":[{"selector":{"id":"application-manageresources-display-component---newResourceUnit--btnAddTimeSegment","interaction":{"idSuffix":"inner"}},"wdio_ui5_key":"applicationmanageresources-display-component---newResourceUnit--btnAddTimeSegment"}]}
COMMAND: GET /session/797d6a12e387849dd32047a457c264a5/screenshot - {}
RESULT: {"script":"<script> [1562 bytes]","args":[{"selector":{"id":"application-manageresources-display-component---newResourceUnit--btnAddTimeSegment","interaction":{"idSuffix":"inner"}},"wdio_ui5_key":"applicationmanageresources-display-component---newResourceUnit--btnAddTimeSegment"}]}
RESULT: undefined
COMMAND: POST /session/797d6a12e387849dd32047a457c264a5/element - {"using":"xpath","value":"//*[@id=\"application-manageresources-display-component---newResourceUnit--btnAddTimeSegment\"]"}
RESULT: {}
RESULT: {"using":"xpath","value":"//*[@id=\"application-manageresources-display-component---newResourceUnit--btnAddTimeSegment\"]"}
COMMAND: POST /session/797d6a12e387849dd32047a457c264a5/element/f.94906BB8095ED37A30942B11E16FA35A.d.C48F5F42C19DB46F45039700C9760A2C.e.5570/click - {}
RESULT: {}
COMMAND: GET /session/797d6a12e387849dd32047a457c264a5/screenshot - {}
RESULT: {}
COMMAND: POST /session/797d6a12e387849dd32047a457c264a5/element - {"using":"xpath","value":"//input[@id=\"application-manageresources-display-component---newResourceUnit--idRuTSAdmin-application-manageresources-display-component---newResourceUnit--RUTimeSegment-0-inner\"]"}
RESULT: {"using":"xpath","value":"//input[@id=\"application-manageresources-display-component---newResourceUnit--idRuTSAdmin-application-manageresources-display-component---newResourceUnit--RUTimeSegment-0-inner\"]"}
COMMAND: POST /session/797d6a12e387849dd32047a457c264a5/element/f.94906BB8095ED37A30942B11E16FA35A.d.C48F5F42C19DB46F45039700C9760A2C.e.5575/clear - {}
RESULT: {}
COMMAND: POST /session/797d6a12e387849dd32047a457c264a5/element/f.94906BB8095ED37A30942B11E16FA35A.d.C48F5F42C19DB46F45039700C9760A2C.e.5575/value - {"text":"291"}
COMMAND: GET /session/797d6a12e387849dd32047a457c264a5/screenshot - {}
RESULT: {"text":"291"}
COMMAND: GET /session/797d6a12e387849dd32047a457c264a5/screenshot - {}
RESULT: {}
RESULT: {}
COMMAND: POST /session/797d6a12e387849dd32047a457c264a5/element - {"using":"xpath","value":"//li[.//span[text()='291']]"}
RESULT: {"using":"xpath","value":"//li[.//span[text()='291']]"}
COMMAND: POST /session/797d6a12e387849dd32047a457c264a5/element/f.94906BB8095ED37A30942B11E16FA35A.d.C48F5F42C19DB46F45039700C9760A2C.e.5583/click - {}
RESULT: {}
COMMAND: GET /session/797d6a12e387849dd32047a457c264a5/screenshot - {}
RESULT: {}
COMMAND: POST /session/797d6a12e387849dd32047a457c264a5/element - {"using":"xpath","value":"(//span[contains(@id, \"-application-manageresources-display-component---newResourceUnit--RUTimeSegment-0-arrow\")])[2]"}
RESULT: {"using":"xpath","value":"(//span[contains(@id, \"-application-manageresources-display-component---newResourceUnit--RUTimeSegment-0-arrow\")])[2]"}
COMMAND: POST /session/797d6a12e387849dd32047a457c264a5/element/f.94906BB8095ED37A30942B11E16FA35A.d.C48F5F42C19DB46F45039700C9760A2C.e.5584/click - {}
RESULT: {}
COMMAND: POST /session/797d6a12e387849dd32047a457c264a5/element - {"using":"xpath","value":"//span[contains(text(), \"PM Order\")]"}
COMMAND: GET /session/797d6a12e387849dd32047a457c264a5/screenshot - {}
RESULT: {"using":"xpath","value":"//span[contains(text(), \"PM Order\")]"}
COMMAND: POST /session/797d6a12e387849dd32047a457c264a5/element/f.94906BB8095ED37A30942B11E16FA35A.d.C48F5F42C19DB46F45039700C9760A2C.e.5585/click - {}
RESULT: {}
RESULT: {}
COMMAND: GET /session/797d6a12e387849dd32047a457c264a5/screenshot - {}
RESULT: {}
COMMAND: POST /session/797d6a12e387849dd32047a457c264a5/element - {"using":"xpath","value":"//td/div/div/div/span[contains(@id, \"newResourceUnit--RUTimeSegment-0-vhi\")][1]"}
RESULT: {"using":"xpath","value":"//td/div/div/div/span[contains(@id, \"newResourceUnit--RUTimeSegment-0-vhi\")][1]"}
COMMAND: POST /session/797d6a12e387849dd32047a457c264a5/element/f.94906BB8095ED37A30942B11E16FA35A.d.C48F5F42C19DB46F45039700C9760A2C.e.5589/click - {}
RESULT: {}
COMMAND: GET /session/797d6a12e387849dd32047a457c264a5/screenshot - {}
RESULT: {}
COMMAND: POST /session/797d6a12e387849dd32047a457c264a5/execute/async - {"script":"<script> [1562 bytes]","args":[{"selector":{"controlType":"sap.m.SearchField","properties":{"placeholder":"Search"},"searchOpenDialogs":true,"interaction":{"idSuffix":"I"}},"wdio_ui5_key":"sapm.SearchField{\"placeholder\":\"Search\"}"}]}
RESULT: {"script":"<script> [1562 bytes]","args":[{"selector":{"controlType":"sap.m.SearchField","properties":{"placeholder":"Search"},"searchOpenDialogs":true,"interaction":{"idSuffix":"I"}},"wdio_ui5_key":"sapm.SearchField{\"placeholder\":\"Search\"}"}]}
RESULT: undefined
COMMAND: POST /session/797d6a12e387849dd32047a457c264a5/execute/async - {"script":"<script> [776 bytes]","args":[{"enterText":"4000360","selector":{"controlType":"sap.m.SearchField","properties":{"placeholder":"Search"},"searchOpenDialogs":true,"interaction":{"idSuffix":"I"}},"clearTextFirst":true,"interactionType":"ENTER_TEXT"}]}
RESULT: {"script":"<script> [776 bytes]","args":[{"enterText":"4000360","selector":{"controlType":"sap.m.SearchField","properties":{"placeholder":"Search"},"searchOpenDialogs":true,"interaction":{"idSuffix":"I"}},"clearTextFirst":true,"interactionType":"ENTER_TEXT"}]}
COMMAND: POST /session/797d6a12e387849dd32047a457c264a5/actions - {"actions":[{"id":"action15","type":"key","parameters":{},"actions":[{"type":"keyDown","value":"î€‡"},{"type":"pause","duration":10},{"type":"keyUp","value":"î€‡"}]}]}
RESULT: {"actions":[{"id":"action15","type":"key","parameters":{},"actions":[{"type":"keyDown","value":"î€‡"},{"type":"pause","duration":10},{"type":"keyUp","value":"î€‡"}]}]}
COMMAND: GET /session/797d6a12e387849dd32047a457c264a5/screenshot - {}
RESULT: {}
COMMAND: POST /session/797d6a12e387849dd32047a457c264a5/element - {"using":"xpath","value":"//td/div/span[contains(text(), \"BGL Vehicles\")]"}
RESULT: {"using":"xpath","value":"//td/div/span[contains(text(), \"BGL Vehicles\")]"}
COMMAND: POST /session/797d6a12e387849dd32047a457c264a5/element/f.94906BB8095ED37A30942B11E16FA35A.d.C48F5F42C19DB46F45039700C9760A2C.e.5609/click - {}
RESULT: {}
COMMAND: GET /session/797d6a12e387849dd32047a457c264a5/screenshot - {}
RESULT: {}
COMMAND: POST /session/797d6a12e387849dd32047a457c264a5/element - {"using":"xpath","value":"//bdi[contains(text(), \"OK\")]"}
RESULT: {"using":"xpath","value":"//bdi[contains(text(), \"OK\")]"}
COMMAND: POST /session/797d6a12e387849dd32047a457c264a5/element/f.94906BB8095ED37A30942B11E16FA35A.d.C48F5F42C19DB46F45039700C9760A2C.e.5610/click - {}
RESULT: {}
COMMAND: GET /session/797d6a12e387849dd32047a457c264a5/screenshot - {}
RESULT: {}
COMMAND: POST /session/797d6a12e387849dd32047a457c264a5/element - {"using":"xpath","value":"//button[@data-kt=\"resourceUnitSaveButton\"]"}
RESULT: {"using":"xpath","value":"//button[@data-kt=\"resourceUnitSaveButton\"]"}
COMMAND: POST /session/797d6a12e387849dd32047a457c264a5/element/f.94906BB8095ED37A30942B11E16FA35A.d.C48F5F42C19DB46F45039700C9760A2C.e.5511/click - {}
RESULT: {}
COMMAND: GET /session/797d6a12e387849dd32047a457c264a5/screenshot - {}
RESULT: {}
COMMAND: POST /session/797d6a12e387849dd32047a457c264a5/element - {"using":"xpath","value":"//bdi[contains(text(), \"Close\")]"}
RESULT: {"using":"xpath","value":"//bdi[contains(text(), \"Close\")]"}
COMMAND: POST /session/797d6a12e387849dd32047a457c264a5/element/f.94906BB8095ED37A30942B11E16FA35A.d.C48F5F42C19DB46F45039700C9760A2C.e.5617/click - {}
RESULT: {}
COMMAND: GET /session/797d6a12e387849dd32047a457c264a5/screenshot - {}
RESULT: {}
COMMAND: POST /session/797d6a12e387849dd32047a457c264a5/element - {"using":"xpath","value":"//header[contains(@id, 'detailRruPage-headerTitle')]/div[1]/div[2]/div[2]/span[1]"}
RESULT: {"using":"xpath","value":"//header[contains(@id, 'detailRruPage-headerTitle')]/div[1]/div[2]/div[2]/span[1]"}
COMMAND: POST /session/797d6a12e387849dd32047a457c264a5/elements - {"using":"xpath","value":"//header[contains(@id, 'detailRruPage-headerTitle')]/div[1]/div[2]/div[2]/span[1]"}
RESULT: {"using":"xpath","value":"//header[contains(@id, 'detailRruPage-headerTitle')]/div[1]/div[2]/div[2]/span[1]"}
COMMAND: POST /session/797d6a12e387849dd32047a457c264a5/execute/sync - {"script":"<script> [56 bytes]","args":[{"element-6066-11e4-a52e-4f735466cecf":"f.94906BB8095ED37A30942B11E16FA35A.d.C48F5F42C19DB46F45039700C9760A2C.e.5647","ELEMENT":"f.94906BB8095ED37A30942B11E16FA35A.d.C48F5F42C19DB46F45039700C9760A2C.e.5647"}]}
RESULT: {"script":"<script> [56 bytes]","args":[{"element-6066-11e4-a52e-4f735466cecf":"f.94906BB8095ED37A30942B11E16FA35A.d.C48F5F42C19DB46F45039700C9760A2C.e.5647","ELEMENT":"f.94906BB8095ED37A30942B11E16FA35A.d.C48F5F42C19DB46F45039700C9760A2C.e.5647"}]}
]]></system-out>
    </testcase>
    <testcase classname="chrome.135_0_7049_96.windows.US134625_Set_up_price_condition_-_one_time" name="Should create new pricing rule one time" time="72.343">
      <system-out><![CDATA[
COMMAND: POST /session/797d6a12e387849dd32047a457c264a5/element - {"using":"xpath","value":"(//button[contains(@id ,\"actionsToolbar-overflowButton\")])[1]"}
COMMAND: GET /session/797d6a12e387849dd32047a457c264a5/screenshot - {}
RESULT: {"using":"xpath","value":"(//button[contains(@id ,\"actionsToolbar-overflowButton\")])[1]"}
COMMAND: POST /session/797d6a12e387849dd32047a457c264a5/element/f.94906BB8095ED37A30942B11E16FA35A.d.C48F5F42C19DB46F45039700C9760A2C.e.5649/click - {}
RESULT: {}
RESULT: {}
COMMAND: GET /session/797d6a12e387849dd32047a457c264a5/screenshot - {}
RESULT: {}
COMMAND: POST /session/797d6a12e387849dd32047a457c264a5/element - {"using":"xpath","value":"//button[@data-kt=\"priceInfoButton\"]"}
RESULT: {"using":"xpath","value":"//button[@data-kt=\"priceInfoButton\"]"}
COMMAND: POST /session/797d6a12e387849dd32047a457c264a5/element/f.94906BB8095ED37A30942B11E16FA35A.d.C48F5F42C19DB46F45039700C9760A2C.e.5653/click - {}
RESULT: {}
COMMAND: GET /session/797d6a12e387849dd32047a457c264a5/screenshot - {}
COMMAND: POST /session/797d6a12e387849dd32047a457c264a5/element - {"using":"xpath","value":"//button[@data-kt=\"addButton\"]"}
RESULT: {}
RESULT: {"using":"xpath","value":"//button[@data-kt=\"addButton\"]"}
COMMAND: POST /session/797d6a12e387849dd32047a457c264a5/elements - {"using":"xpath","value":"//button[@data-kt=\"addButton\"]"}
RESULT: {"using":"xpath","value":"//button[@data-kt=\"addButton\"]"}
COMMAND: POST /session/797d6a12e387849dd32047a457c264a5/elements - {"using":"xpath","value":"//button[@data-kt=\"addButton\"]"}
RESULT: {"using":"xpath","value":"//button[@data-kt=\"addButton\"]"}
COMMAND: POST /session/797d6a12e387849dd32047a457c264a5/elements - {"using":"xpath","value":"//button[@data-kt=\"addButton\"]"}
RESULT: {"using":"xpath","value":"//button[@data-kt=\"addButton\"]"}
COMMAND: POST /session/797d6a12e387849dd32047a457c264a5/elements - {"using":"xpath","value":"//button[@data-kt=\"addButton\"]"}
RESULT: {"using":"xpath","value":"//button[@data-kt=\"addButton\"]"}
COMMAND: POST /session/797d6a12e387849dd32047a457c264a5/elements - {"using":"xpath","value":"//button[@data-kt=\"addButton\"]"}
RESULT: {"using":"xpath","value":"//button[@data-kt=\"addButton\"]"}
COMMAND: POST /session/797d6a12e387849dd32047a457c264a5/elements - {"using":"xpath","value":"//button[@data-kt=\"addButton\"]"}
RESULT: {"using":"xpath","value":"//button[@data-kt=\"addButton\"]"}
COMMAND: POST /session/797d6a12e387849dd32047a457c264a5/elements - {"using":"xpath","value":"//button[@data-kt=\"addButton\"]"}
RESULT: {"using":"xpath","value":"//button[@data-kt=\"addButton\"]"}
COMMAND: POST /session/797d6a12e387849dd32047a457c264a5/elements - {"using":"xpath","value":"//button[@data-kt=\"addButton\"]"}
RESULT: {"using":"xpath","value":"//button[@data-kt=\"addButton\"]"}
COMMAND: POST /session/797d6a12e387849dd32047a457c264a5/elements - {"using":"xpath","value":"//button[@data-kt=\"addButton\"]"}
RESULT: {"using":"xpath","value":"//button[@data-kt=\"addButton\"]"}
COMMAND: POST /session/797d6a12e387849dd32047a457c264a5/elements - {"using":"xpath","value":"//button[@data-kt=\"addButton\"]"}
RESULT: {"using":"xpath","value":"//button[@data-kt=\"addButton\"]"}
COMMAND: POST /session/797d6a12e387849dd32047a457c264a5/elements - {"using":"xpath","value":"//button[@data-kt=\"addButton\"]"}
RESULT: {"using":"xpath","value":"//button[@data-kt=\"addButton\"]"}
COMMAND: POST /session/797d6a12e387849dd32047a457c264a5/elements - {"using":"xpath","value":"//button[@data-kt=\"addButton\"]"}
RESULT: {"using":"xpath","value":"//button[@data-kt=\"addButton\"]"}
COMMAND: POST /session/797d6a12e387849dd32047a457c264a5/elements - {"using":"xpath","value":"//button[@data-kt=\"addButton\"]"}
RESULT: {"using":"xpath","value":"//button[@data-kt=\"addButton\"]"}
COMMAND: POST /session/797d6a12e387849dd32047a457c264a5/elements - {"using":"xpath","value":"//button[@data-kt=\"addButton\"]"}
RESULT: {"using":"xpath","value":"//button[@data-kt=\"addButton\"]"}
COMMAND: POST /session/797d6a12e387849dd32047a457c264a5/elements - {"using":"xpath","value":"//button[@data-kt=\"addButton\"]"}
RESULT: {"using":"xpath","value":"//button[@data-kt=\"addButton\"]"}
COMMAND: POST /session/797d6a12e387849dd32047a457c264a5/elements - {"using":"xpath","value":"//button[@data-kt=\"addButton\"]"}
RESULT: {"using":"xpath","value":"//button[@data-kt=\"addButton\"]"}
COMMAND: POST /session/797d6a12e387849dd32047a457c264a5/elements - {"using":"xpath","value":"//button[@data-kt=\"addButton\"]"}
RESULT: {"using":"xpath","value":"//button[@data-kt=\"addButton\"]"}
COMMAND: POST /session/797d6a12e387849dd32047a457c264a5/element - {"using":"xpath","value":"//button[@data-kt=\"addButton\"]"}
RESULT: {"using":"xpath","value":"//button[@data-kt=\"addButton\"]"}
COMMAND: POST /session/797d6a12e387849dd32047a457c264a5/execute/sync - {"script":"<script> [8489 bytes]","args":[{"element-6066-11e4-a52e-4f735466cecf":"f.94906BB8095ED37A30942B11E16FA35A.d.C48F5F42C19DB46F45039700C9760A2C.e.5689","ELEMENT":"f.94906BB8095ED37A30942B11E16FA35A.d.C48F5F42C19DB46F45039700C9760A2C.e.5689"}]}
RESULT: {"script":"<script> [8489 bytes]","args":[{"element-6066-11e4-a52e-4f735466cecf":"f.94906BB8095ED37A30942B11E16FA35A.d.C48F5F42C19DB46F45039700C9760A2C.e.5689","ELEMENT":"f.94906BB8095ED37A30942B11E16FA35A.d.C48F5F42C19DB46F45039700C9760A2C.e.5689"}]}
COMMAND: GET /session/797d6a12e387849dd32047a457c264a5/element/f.94906BB8095ED37A30942B11E16FA35A.d.C48F5F42C19DB46F45039700C9760A2C.e.5689/enabled - {}
COMMAND: GET /session/797d6a12e387849dd32047a457c264a5/screenshot - {}
RESULT: {}
COMMAND: POST /session/797d6a12e387849dd32047a457c264a5/execute/sync - {"script":"<script> [8489 bytes]","args":[{"element-6066-11e4-a52e-4f735466cecf":"f.94906BB8095ED37A30942B11E16FA35A.d.C48F5F42C19DB46F45039700C9760A2C.e.5689","ELEMENT":"f.94906BB8095ED37A30942B11E16FA35A.d.C48F5F42C19DB46F45039700C9760A2C.e.5689"}]}
COMMAND: GET /session/797d6a12e387849dd32047a457c264a5/screenshot - {}
RESULT: {}
RESULT: {"script":"<script> [8489 bytes]","args":[{"element-6066-11e4-a52e-4f735466cecf":"f.94906BB8095ED37A30942B11E16FA35A.d.C48F5F42C19DB46F45039700C9760A2C.e.5689","ELEMENT":"f.94906BB8095ED37A30942B11E16FA35A.d.C48F5F42C19DB46F45039700C9760A2C.e.5689"}]}
COMMAND: POST /session/797d6a12e387849dd32047a457c264a5/execute/sync - {"script":"<script> [5351 bytes]","args":[{"element-6066-11e4-a52e-4f735466cecf":"f.94906BB8095ED37A30942B11E16FA35A.d.C48F5F42C19DB46F45039700C9760A2C.e.5689","ELEMENT":"f.94906BB8095ED37A30942B11E16FA35A.d.C48F5F42C19DB46F45039700C9760A2C.e.5689"}]}
COMMAND: GET /session/797d6a12e387849dd32047a457c264a5/screenshot - {}
RESULT: {}
RESULT: {"script":"<script> [5351 bytes]","args":[{"element-6066-11e4-a52e-4f735466cecf":"f.94906BB8095ED37A30942B11E16FA35A.d.C48F5F42C19DB46F45039700C9760A2C.e.5689","ELEMENT":"f.94906BB8095ED37A30942B11E16FA35A.d.C48F5F42C19DB46F45039700C9760A2C.e.5689"}]}
COMMAND: POST /session/797d6a12e387849dd32047a457c264a5/element/f.94906BB8095ED37A30942B11E16FA35A.d.C48F5F42C19DB46F45039700C9760A2C.e.5689/click - {}
COMMAND: GET /session/797d6a12e387849dd32047a457c264a5/screenshot - {}
RESULT: {}
RESULT: {}
RESULT: {}
COMMAND: GET /session/797d6a12e387849dd32047a457c264a5/screenshot - {}
RESULT: {}
COMMAND: POST /session/797d6a12e387849dd32047a457c264a5/execute/async - {"script":"<script> [1562 bytes]","args":[{"selector":{"controlType":"sap.m.Title","viewName":"etm.portal.ui.managepricingrules.view.NewItem","viewId":"application-managepricingrules-display-component---newInfoPriceItem","properties":{"text":"New Pricing Rules - Item Level"}},"wdio_ui5_key":"etmportal.ui.managepricingrules.view.NewItemsap.m.Title{\"text\":\"New Pricing Rules - Item Level\"}"}]}
RESULT: {"script":"<script> [1562 bytes]","args":[{"selector":{"controlType":"sap.m.Title","viewName":"etm.portal.ui.managepricingrules.view.NewItem","viewId":"application-managepricingrules-display-component---newInfoPriceItem","properties":{"text":"New Pricing Rules - Item Level"}},"wdio_ui5_key":"etmportal.ui.managepricingrules.view.NewItemsap.m.Title{\"text\":\"New Pricing Rules - Item Level\"}"}]}
RESULT: undefined
COMMAND: POST /session/797d6a12e387849dd32047a457c264a5/execute/async - {"script":"<script> [6424 bytes]","args":[{"element-6066-11e4-a52e-4f735466cecf":"f.94906BB8095ED37A30942B11E16FA35A.d.C48F5F42C19DB46F45039700C9760A2C.e.5770"},"getText",[]]}
RESULT: {"script":"<script> [6424 bytes]","args":[{"element-6066-11e4-a52e-4f735466cecf":"f.94906BB8095ED37A30942B11E16FA35A.d.C48F5F42C19DB46F45039700C9760A2C.e.5770"},"getText",[]]}
COMMAND: POST /session/797d6a12e387849dd32047a457c264a5/execute/async - {"script":"<script> [1562 bytes]","args":[{"selector":{"id":"application-managepricingrules-display-component---newInfoPriceItem--condValidTo","interaction":{"idSuffix":"inner"}},"wdio_ui5_key":"applicationmanagepricingrules-display-component---newInfoPriceItem--condValidTo"}]}
RESULT: {"script":"<script> [1562 bytes]","args":[{"selector":{"id":"application-managepricingrules-display-component---newInfoPriceItem--condValidTo","interaction":{"idSuffix":"inner"}},"wdio_ui5_key":"applicationmanagepricingrules-display-component---newInfoPriceItem--condValidTo"}]}
RESULT: undefined
COMMAND: POST /session/797d6a12e387849dd32047a457c264a5/execute/async - {"script":"<script> [776 bytes]","args":[{"enterText":"12/27/25","selector":{"id":"application-managepricingrules-display-component---newInfoPriceItem--condValidTo","interaction":{"idSuffix":"inner"}},"clearTextFirst":true,"interactionType":"ENTER_TEXT"}]}
RESULT: {"script":"<script> [776 bytes]","args":[{"enterText":"12/27/25","selector":{"id":"application-managepricingrules-display-component---newInfoPriceItem--condValidTo","interaction":{"idSuffix":"inner"}},"clearTextFirst":true,"interactionType":"ENTER_TEXT"}]}
COMMAND: POST /session/797d6a12e387849dd32047a457c264a5/execute/async - {"script":"<script> [1562 bytes]","args":[{"selector":{"id":"application-managepricingrules-display-component---newInfoPriceItem--billType-arrow"},"wdio_ui5_key":"applicationmanagepricingrules-display-component---newInfoPriceItem--billType-arrow"}]}
RESULT: {"script":"<script> [1562 bytes]","args":[{"selector":{"id":"application-managepricingrules-display-component---newInfoPriceItem--billType-arrow"},"wdio_ui5_key":"applicationmanagepricingrules-display-component---newInfoPriceItem--billType-arrow"}]}
RESULT: undefined
COMMAND: POST /session/797d6a12e387849dd32047a457c264a5/element - {"using":"xpath","value":"//*[@id=\"application-managepricingrules-display-component---newInfoPriceItem--billType-arrow\"]"}
RESULT: {"using":"xpath","value":"//*[@id=\"application-managepricingrules-display-component---newInfoPriceItem--billType-arrow\"]"}
COMMAND: POST /session/797d6a12e387849dd32047a457c264a5/element/f.94906BB8095ED37A30942B11E16FA35A.d.C48F5F42C19DB46F45039700C9760A2C.e.5772/click - {}
RESULT: {}
COMMAND: POST /session/797d6a12e387849dd32047a457c264a5/element - {"using":"xpath","value":"//span[contains(text(), \"OT - Sales (one-time)\")]"}
COMMAND: GET /session/797d6a12e387849dd32047a457c264a5/screenshot - {}
RESULT: {"using":"xpath","value":"//span[contains(text(), \"OT - Sales (one-time)\")]"}
COMMAND: POST /session/797d6a12e387849dd32047a457c264a5/element/f.94906BB8095ED37A30942B11E16FA35A.d.C48F5F42C19DB46F45039700C9760A2C.e.5773/click - {}
RESULT: {}
RESULT: {}
COMMAND: POST /session/797d6a12e387849dd32047a457c264a5/execute/async - {"script":"<script> [1562 bytes]","args":[{"selector":{"id":"application-managepricingrules-display-component---newInfoPriceItem--priceProc-arrow"},"wdio_ui5_key":"applicationmanagepricingrules-display-component---newInfoPriceItem--priceProc-arrow"}]}
COMMAND: GET /session/797d6a12e387849dd32047a457c264a5/screenshot - {}
RESULT: {"script":"<script> [1562 bytes]","args":[{"selector":{"id":"application-managepricingrules-display-component---newInfoPriceItem--priceProc-arrow"},"wdio_ui5_key":"applicationmanagepricingrules-display-component---newInfoPriceItem--priceProc-arrow"}]}
RESULT: undefined
COMMAND: POST /session/797d6a12e387849dd32047a457c264a5/element - {"using":"xpath","value":"//*[@id=\"application-managepricingrules-display-component---newInfoPriceItem--priceProc-arrow\"]"}
RESULT: {}
RESULT: {"using":"xpath","value":"//*[@id=\"application-managepricingrules-display-component---newInfoPriceItem--priceProc-arrow\"]"}
COMMAND: POST /session/797d6a12e387849dd32047a457c264a5/element/f.94906BB8095ED37A30942B11E16FA35A.d.C48F5F42C19DB46F45039700C9760A2C.e.5774/click - {}
RESULT: {}
COMMAND: POST /session/797d6a12e387849dd32047a457c264a5/element - {"using":"xpath","value":"//span[contains(text(), \"MAT - Material\")]"}
COMMAND: GET /session/797d6a12e387849dd32047a457c264a5/screenshot - {}
RESULT: {"using":"xpath","value":"//span[contains(text(), \"MAT - Material\")]"}
COMMAND: POST /session/797d6a12e387849dd32047a457c264a5/element/f.94906BB8095ED37A30942B11E16FA35A.d.C48F5F42C19DB46F45039700C9760A2C.e.5775/click - {}
RESULT: {}
RESULT: {}
COMMAND: POST /session/797d6a12e387849dd32047a457c264a5/execute/async - {"script":"<script> [1562 bytes]","args":[{"selector":{"id":"application-managepricingrules-display-component---newInfoPriceItem--calcBase-arrow"},"wdio_ui5_key":"applicationmanagepricingrules-display-component---newInfoPriceItem--calcBase-arrow"}]}
COMMAND: GET /session/797d6a12e387849dd32047a457c264a5/screenshot - {}
RESULT: {"script":"<script> [1562 bytes]","args":[{"selector":{"id":"application-managepricingrules-display-component---newInfoPriceItem--calcBase-arrow"},"wdio_ui5_key":"applicationmanagepricingrules-display-component---newInfoPriceItem--calcBase-arrow"}]}
RESULT: undefined
COMMAND: POST /session/797d6a12e387849dd32047a457c264a5/element - {"using":"xpath","value":"//*[@id=\"application-managepricingrules-display-component---newInfoPriceItem--calcBase-arrow\"]"}
RESULT: {}
RESULT: {"using":"xpath","value":"//*[@id=\"application-managepricingrules-display-component---newInfoPriceItem--calcBase-arrow\"]"}
COMMAND: POST /session/797d6a12e387849dd32047a457c264a5/element/f.94906BB8095ED37A30942B11E16FA35A.d.C48F5F42C19DB46F45039700C9760A2C.e.5776/click - {}
RESULT: {}
COMMAND: GET /session/797d6a12e387849dd32047a457c264a5/screenshot - {}
RESULT: {}
COMMAND: POST /session/797d6a12e387849dd32047a457c264a5/element - {"using":"xpath","value":"//span[contains(text(), \"0001 - TB(exact month + cal_days)\")]"}
RESULT: {"using":"xpath","value":"//span[contains(text(), \"0001 - TB(exact month + cal_days)\")]"}
COMMAND: POST /session/797d6a12e387849dd32047a457c264a5/element/f.94906BB8095ED37A30942B11E16FA35A.d.C48F5F42C19DB46F45039700C9760A2C.e.5777/click - {}
RESULT: {}
COMMAND: GET /session/797d6a12e387849dd32047a457c264a5/screenshot - {}
RESULT: {}
COMMAND: POST /session/797d6a12e387849dd32047a457c264a5/element - {"using":"xpath","value":"//button[@data-kt=\"saveNewRuleButton\"]"}
RESULT: {"using":"xpath","value":"//button[@data-kt=\"saveNewRuleButton\"]"}
COMMAND: POST /session/797d6a12e387849dd32047a457c264a5/element/f.94906BB8095ED37A30942B11E16FA35A.d.C48F5F42C19DB46F45039700C9760A2C.e.5778/click - {}
RESULT: {}
COMMAND: GET /session/797d6a12e387849dd32047a457c264a5/screenshot - {}
RESULT: {}
COMMAND: POST /session/797d6a12e387849dd32047a457c264a5/execute/async - {"script":"<script> [1562 bytes]","args":[{"selector":{"id":"application-managepricingrules-display-component---priceInfoItem--smartFilterBar-btnBasicSearch","interaction":{"idSuffix":"I"}},"wdio_ui5_key":"applicationmanagepricingrules-display-component---priceInfoItem--smartFilterBar-btnBasicSearch"}]}
RESULT: {"script":"<script> [1562 bytes]","args":[{"selector":{"id":"application-managepricingrules-display-component---priceInfoItem--smartFilterBar-btnBasicSearch","interaction":{"idSuffix":"I"}},"wdio_ui5_key":"applicationmanagepricingrules-display-component---priceInfoItem--smartFilterBar-btnBasicSearch"}]}
RESULT: undefined
COMMAND: POST /session/797d6a12e387849dd32047a457c264a5/execute/async - {"script":"<script> [776 bytes]","args":[{"enterText":"200132","selector":{"id":"application-managepricingrules-display-component---priceInfoItem--smartFilterBar-btnBasicSearch","interaction":{"idSuffix":"I"}},"clearTextFirst":true,"interactionType":"ENTER_TEXT"}]}
RESULT: {"script":"<script> [776 bytes]","args":[{"enterText":"200132","selector":{"id":"application-managepricingrules-display-component---priceInfoItem--smartFilterBar-btnBasicSearch","interaction":{"idSuffix":"I"}},"clearTextFirst":true,"interactionType":"ENTER_TEXT"}]}
COMMAND: POST /session/797d6a12e387849dd32047a457c264a5/actions - {"actions":[{"id":"action16","type":"key","parameters":{},"actions":[{"type":"keyDown","value":"î€‡"},{"type":"pause","duration":10},{"type":"keyUp","value":"î€‡"}]}]}
RESULT: {"actions":[{"id":"action16","type":"key","parameters":{},"actions":[{"type":"keyDown","value":"î€‡"},{"type":"pause","duration":10},{"type":"keyUp","value":"î€‡"}]}]}
COMMAND: GET /session/797d6a12e387849dd32047a457c264a5/screenshot - {}
RESULT: {}
COMMAND: POST /session/797d6a12e387849dd32047a457c264a5/element - {"using":"xpath","value":"//span[@id=\"application-managepricingrules-display-component---priceInfoItem--smartTable-header-inner\"]"}
RESULT: {"using":"xpath","value":"//span[@id=\"application-managepricingrules-display-component---priceInfoItem--smartTable-header-inner\"]"}
COMMAND: POST /session/797d6a12e387849dd32047a457c264a5/elements - {"using":"xpath","value":"//span[@id=\"application-managepricingrules-display-component---priceInfoItem--smartTable-header-inner\"]"}
RESULT: {"using":"xpath","value":"//span[@id=\"application-managepricingrules-display-component---priceInfoItem--smartTable-header-inner\"]"}
COMMAND: POST /session/797d6a12e387849dd32047a457c264a5/execute/sync - {"script":"<script> [56 bytes]","args":[{"element-6066-11e4-a52e-4f735466cecf":"f.94906BB8095ED37A30942B11E16FA35A.d.C48F5F42C19DB46F45039700C9760A2C.e.5802","ELEMENT":"f.94906BB8095ED37A30942B11E16FA35A.d.C48F5F42C19DB46F45039700C9760A2C.e.5802"}]}
RESULT: {"script":"<script> [56 bytes]","args":[{"element-6066-11e4-a52e-4f735466cecf":"f.94906BB8095ED37A30942B11E16FA35A.d.C48F5F42C19DB46F45039700C9760A2C.e.5802","ELEMENT":"f.94906BB8095ED37A30942B11E16FA35A.d.C48F5F42C19DB46F45039700C9760A2C.e.5802"}]}
COMMAND: POST /session/797d6a12e387849dd32047a457c264a5/element - {"using":"css selector","value":"#shell-header-logo"}
COMMAND: GET /session/797d6a12e387849dd32047a457c264a5/screenshot - {}
RESULT: {"using":"css selector","value":"#shell-header-logo"}
COMMAND: POST /session/797d6a12e387849dd32047a457c264a5/element/f.94906BB8095ED37A30942B11E16FA35A.d.C48F5F42C19DB46F45039700C9760A2C.e.5291/click - {}
RESULT: {}
RESULT: {}
COMMAND: GET /session/797d6a12e387849dd32047a457c264a5/screenshot - {}
RESULT: {}
]]></system-out>
    </testcase>
    <testcase classname="chrome.135_0_7049_96.windows.US134625_Set_up_price_condition_-_one_time" name="Should create new condition one time" time="68.263">
      <system-out><![CDATA[
COMMAND: POST /session/797d6a12e387849dd32047a457c264a5/execute/async - {"script":"<script> [1562 bytes]","args":[{"selector":{"controlType":"sap.m.Text","properties":{"text":"Manage Conditions & Prices"},"interaction":{"idSuffix":"inner"}},"wdio_ui5_key":"sapm.Text{\"text\":\"Manage Conditions & Prices\"}"}]}
RESULT: {"script":"<script> [1562 bytes]","args":[{"selector":{"controlType":"sap.m.Text","properties":{"text":"Manage Conditions & Prices"},"interaction":{"idSuffix":"inner"}},"wdio_ui5_key":"sapm.Text{\"text\":\"Manage Conditions & Prices\"}"}]}
RESULT: undefined
COMMAND: POST /session/797d6a12e387849dd32047a457c264a5/element - {"using":"xpath","value":"//*[@id=\"__tile53-title\"]"}
RESULT: {"using":"xpath","value":"//*[@id=\"__tile53-title\"]"}
COMMAND: POST /session/797d6a12e387849dd32047a457c264a5/element/f.94906BB8095ED37A30942B11E16FA35A.d.C48F5F42C19DB46F45039700C9760A2C.e.5805/click - {}
RESULT: {}
COMMAND: POST /session/797d6a12e387849dd32047a457c264a5/element - {"using":"xpath","value":"//button[@aria-label=\"Create\"]"}
COMMAND: GET /session/797d6a12e387849dd32047a457c264a5/screenshot - {}
RESULT: {"using":"xpath","value":"//button[@aria-label=\"Create\"]"}
COMMAND: POST /session/797d6a12e387849dd32047a457c264a5/elements - {"using":"xpath","value":"//button[@aria-label=\"Create\"]"}
RESULT: {}
RESULT: {"using":"xpath","value":"//button[@aria-label=\"Create\"]"}
COMMAND: POST /session/797d6a12e387849dd32047a457c264a5/elements - {"using":"xpath","value":"//button[@aria-label=\"Create\"]"}
RESULT: {"using":"xpath","value":"//button[@aria-label=\"Create\"]"}
COMMAND: POST /session/797d6a12e387849dd32047a457c264a5/elements - {"using":"xpath","value":"//button[@aria-label=\"Create\"]"}
RESULT: {"using":"xpath","value":"//button[@aria-label=\"Create\"]"}
COMMAND: POST /session/797d6a12e387849dd32047a457c264a5/element - {"using":"xpath","value":"//button[@aria-label=\"Create\"]"}
RESULT: {"using":"xpath","value":"//button[@aria-label=\"Create\"]"}
COMMAND: POST /session/797d6a12e387849dd32047a457c264a5/execute/sync - {"script":"<script> [8489 bytes]","args":[{"element-6066-11e4-a52e-4f735466cecf":"f.94906BB8095ED37A30942B11E16FA35A.d.C48F5F42C19DB46F45039700C9760A2C.e.5863","ELEMENT":"f.94906BB8095ED37A30942B11E16FA35A.d.C48F5F42C19DB46F45039700C9760A2C.e.5863"}]}
RESULT: {"script":"<script> [8489 bytes]","args":[{"element-6066-11e4-a52e-4f735466cecf":"f.94906BB8095ED37A30942B11E16FA35A.d.C48F5F42C19DB46F45039700C9760A2C.e.5863","ELEMENT":"f.94906BB8095ED37A30942B11E16FA35A.d.C48F5F42C19DB46F45039700C9760A2C.e.5863"}]}
COMMAND: GET /session/797d6a12e387849dd32047a457c264a5/element/f.94906BB8095ED37A30942B11E16FA35A.d.C48F5F42C19DB46F45039700C9760A2C.e.5863/enabled - {}
COMMAND: GET /session/797d6a12e387849dd32047a457c264a5/screenshot - {}
RESULT: {}
COMMAND: POST /session/797d6a12e387849dd32047a457c264a5/execute/sync - {"script":"<script> [8489 bytes]","args":[{"element-6066-11e4-a52e-4f735466cecf":"f.94906BB8095ED37A30942B11E16FA35A.d.C48F5F42C19DB46F45039700C9760A2C.e.5863","ELEMENT":"f.94906BB8095ED37A30942B11E16FA35A.d.C48F5F42C19DB46F45039700C9760A2C.e.5863"}]}
COMMAND: GET /session/797d6a12e387849dd32047a457c264a5/screenshot - {}
RESULT: {}
RESULT: {"script":"<script> [8489 bytes]","args":[{"element-6066-11e4-a52e-4f735466cecf":"f.94906BB8095ED37A30942B11E16FA35A.d.C48F5F42C19DB46F45039700C9760A2C.e.5863","ELEMENT":"f.94906BB8095ED37A30942B11E16FA35A.d.C48F5F42C19DB46F45039700C9760A2C.e.5863"}]}
COMMAND: POST /session/797d6a12e387849dd32047a457c264a5/execute/sync - {"script":"<script> [5351 bytes]","args":[{"element-6066-11e4-a52e-4f735466cecf":"f.94906BB8095ED37A30942B11E16FA35A.d.C48F5F42C19DB46F45039700C9760A2C.e.5863","ELEMENT":"f.94906BB8095ED37A30942B11E16FA35A.d.C48F5F42C19DB46F45039700C9760A2C.e.5863"}]}
COMMAND: GET /session/797d6a12e387849dd32047a457c264a5/screenshot - {}
RESULT: {}
RESULT: {"script":"<script> [5351 bytes]","args":[{"element-6066-11e4-a52e-4f735466cecf":"f.94906BB8095ED37A30942B11E16FA35A.d.C48F5F42C19DB46F45039700C9760A2C.e.5863","ELEMENT":"f.94906BB8095ED37A30942B11E16FA35A.d.C48F5F42C19DB46F45039700C9760A2C.e.5863"}]}
COMMAND: POST /session/797d6a12e387849dd32047a457c264a5/element/f.94906BB8095ED37A30942B11E16FA35A.d.C48F5F42C19DB46F45039700C9760A2C.e.5863/click - {}
COMMAND: GET /session/797d6a12e387849dd32047a457c264a5/screenshot - {}
RESULT: {}
RESULT: {}
COMMAND: GET /session/797d6a12e387849dd32047a457c264a5/screenshot - {}
RESULT: {}
RESULT: {}
COMMAND: POST /session/797d6a12e387849dd32047a457c264a5/actions - {"actions":[{"id":"action17","type":"key","parameters":{},"actions":[{"type":"keyDown","value":"î€‡"},{"type":"pause","duration":10},{"type":"keyUp","value":"î€‡"}]}]}
RESULT: {"actions":[{"id":"action17","type":"key","parameters":{},"actions":[{"type":"keyDown","value":"î€‡"},{"type":"pause","duration":10},{"type":"keyUp","value":"î€‡"}]}]}
COMMAND: GET /session/797d6a12e387849dd32047a457c264a5/screenshot - {}
RESULT: {}
COMMAND: POST /session/797d6a12e387849dd32047a457c264a5/execute/async - {"script":"<script> [1562 bytes]","args":[{"selector":{"id":"application-manageconditionprice-display-component---newCondition--condBillCond-arrow"},"wdio_ui5_key":"applicationmanageconditionprice-display-component---newCondition--condBillCond-arrow"}]}
RESULT: {"script":"<script> [1562 bytes]","args":[{"selector":{"id":"application-manageconditionprice-display-component---newCondition--condBillCond-arrow"},"wdio_ui5_key":"applicationmanageconditionprice-display-component---newCondition--condBillCond-arrow"}]}
RESULT: undefined
COMMAND: POST /session/797d6a12e387849dd32047a457c264a5/element - {"using":"xpath","value":"//*[@id=\"application-manageconditionprice-display-component---newCondition--condBillCond-arrow\"]"}
RESULT: {"using":"xpath","value":"//*[@id=\"application-manageconditionprice-display-component---newCondition--condBillCond-arrow\"]"}
COMMAND: POST /session/797d6a12e387849dd32047a457c264a5/element/f.94906BB8095ED37A30942B11E16FA35A.d.C48F5F42C19DB46F45039700C9760A2C.e.6046/click - {}
RESULT: {}
COMMAND: GET /session/797d6a12e387849dd32047a457c264a5/screenshot - {}
RESULT: {}
COMMAND: POST /session/797d6a12e387849dd32047a457c264a5/element - {"using":"xpath","value":"//li[.//span[contains(text(), \"SAPR - Sales price\")]]"}
RESULT: {"using":"xpath","value":"//li[.//span[contains(text(), \"SAPR - Sales price\")]]"}
COMMAND: POST /session/797d6a12e387849dd32047a457c264a5/element/f.94906BB8095ED37A30942B11E16FA35A.d.C48F5F42C19DB46F45039700C9760A2C.e.6049/click - {}
RESULT: {}
COMMAND: GET /session/797d6a12e387849dd32047a457c264a5/screenshot - {}
RESULT: {}
COMMAND: POST /session/797d6a12e387849dd32047a457c264a5/execute/async - {"script":"<script> [1562 bytes]","args":[{"selector":{"id":"application-manageconditionprice-display-component---newCondition--condValidTo","interaction":{"idSuffix":"inner"}},"wdio_ui5_key":"applicationmanageconditionprice-display-component---newCondition--condValidTo"}]}
RESULT: {"script":"<script> [1562 bytes]","args":[{"selector":{"id":"application-manageconditionprice-display-component---newCondition--condValidTo","interaction":{"idSuffix":"inner"}},"wdio_ui5_key":"applicationmanageconditionprice-display-component---newCondition--condValidTo"}]}
RESULT: undefined
COMMAND: POST /session/797d6a12e387849dd32047a457c264a5/execute/async - {"script":"<script> [776 bytes]","args":[{"enterText":"12/27/25","selector":{"id":"application-manageconditionprice-display-component---newCondition--condValidTo","interaction":{"idSuffix":"inner"}},"clearTextFirst":true,"interactionType":"ENTER_TEXT"}]}
RESULT: {"script":"<script> [776 bytes]","args":[{"enterText":"12/27/25","selector":{"id":"application-manageconditionprice-display-component---newCondition--condValidTo","interaction":{"idSuffix":"inner"}},"clearTextFirst":true,"interactionType":"ENTER_TEXT"}]}
COMMAND: POST /session/797d6a12e387849dd32047a457c264a5/element - {"using":"xpath","value":"//input[@id=\"application-manageconditionprice-display-component---newCondition--condRU-inner\"]"}
RESULT: {"using":"xpath","value":"//input[@id=\"application-manageconditionprice-display-component---newCondition--condRU-inner\"]"}
COMMAND: POST /session/797d6a12e387849dd32047a457c264a5/element/f.94906BB8095ED37A30942B11E16FA35A.d.C48F5F42C19DB46F45039700C9760A2C.e.5880/clear - {}
RESULT: {}
COMMAND: POST /session/797d6a12e387849dd32047a457c264a5/element/f.94906BB8095ED37A30942B11E16FA35A.d.C48F5F42C19DB46F45039700C9760A2C.e.5880/value - {"text":"200132"}
COMMAND: GET /session/797d6a12e387849dd32047a457c264a5/screenshot - {}
RESULT: {"text":"200132"}
COMMAND: GET /session/797d6a12e387849dd32047a457c264a5/screenshot - {}
RESULT: {}
RESULT: {}
COMMAND: POST /session/797d6a12e387849dd32047a457c264a5/actions - {"actions":[{"id":"action18","type":"key","parameters":{},"actions":[{"type":"keyDown","value":"î€‡"},{"type":"pause","duration":10},{"type":"keyUp","value":"î€‡"}]}]}
RESULT: {"actions":[{"id":"action18","type":"key","parameters":{},"actions":[{"type":"keyDown","value":"î€‡"},{"type":"pause","duration":10},{"type":"keyUp","value":"î€‡"}]}]}
COMMAND: POST /session/797d6a12e387849dd32047a457c264a5/execute/async - {"script":"<script> [1562 bytes]","args":[{"selector":{"id":"application-manageconditionprice-display-component---newCondition--condBaseQty","interaction":{"idSuffix":"inner"}},"wdio_ui5_key":"applicationmanageconditionprice-display-component---newCondition--condBaseQty"}]}
COMMAND: GET /session/797d6a12e387849dd32047a457c264a5/screenshot - {}
RESULT: {"script":"<script> [1562 bytes]","args":[{"selector":{"id":"application-manageconditionprice-display-component---newCondition--condBaseQty","interaction":{"idSuffix":"inner"}},"wdio_ui5_key":"applicationmanageconditionprice-display-component---newCondition--condBaseQty"}]}
RESULT: undefined
COMMAND: POST /session/797d6a12e387849dd32047a457c264a5/execute/async - {"script":"<script> [776 bytes]","args":[{"enterText":"1","selector":{"id":"application-manageconditionprice-display-component---newCondition--condBaseQty","interaction":{"idSuffix":"inner"}},"clearTextFirst":true,"interactionType":"ENTER_TEXT"}]}
RESULT: {}
RESULT: {"script":"<script> [776 bytes]","args":[{"enterText":"1","selector":{"id":"application-manageconditionprice-display-component---newCondition--condBaseQty","interaction":{"idSuffix":"inner"}},"clearTextFirst":true,"interactionType":"ENTER_TEXT"}]}
COMMAND: POST /session/797d6a12e387849dd32047a457c264a5/execute/async - {"script":"<script> [1562 bytes]","args":[{"selector":{"id":"application-manageconditionprice-display-component---newCondition--condValue","interaction":{"idSuffix":"inner"}},"wdio_ui5_key":"applicationmanageconditionprice-display-component---newCondition--condValue"}]}
RESULT: {"script":"<script> [1562 bytes]","args":[{"selector":{"id":"application-manageconditionprice-display-component---newCondition--condValue","interaction":{"idSuffix":"inner"}},"wdio_ui5_key":"applicationmanageconditionprice-display-component---newCondition--condValue"}]}
RESULT: undefined
COMMAND: POST /session/797d6a12e387849dd32047a457c264a5/execute/async - {"script":"<script> [776 bytes]","args":[{"enterText":"100.00","selector":{"id":"application-manageconditionprice-display-component---newCondition--condValue","interaction":{"idSuffix":"inner"}},"clearTextFirst":true,"interactionType":"ENTER_TEXT"}]}
RESULT: {"script":"<script> [776 bytes]","args":[{"enterText":"100.00","selector":{"id":"application-manageconditionprice-display-component---newCondition--condValue","interaction":{"idSuffix":"inner"}},"clearTextFirst":true,"interactionType":"ENTER_TEXT"}]}
COMMAND: POST /session/797d6a12e387849dd32047a457c264a5/execute/async - {"script":"<script> [1562 bytes]","args":[{"selector":{"id":"application-manageconditionprice-display-component---newCondition--condCurr-arrow"},"wdio_ui5_key":"applicationmanageconditionprice-display-component---newCondition--condCurr-arrow"}]}
RESULT: {"script":"<script> [1562 bytes]","args":[{"selector":{"id":"application-manageconditionprice-display-component---newCondition--condCurr-arrow"},"wdio_ui5_key":"applicationmanageconditionprice-display-component---newCondition--condCurr-arrow"}]}
RESULT: undefined
COMMAND: POST /session/797d6a12e387849dd32047a457c264a5/element - {"using":"xpath","value":"//*[@id=\"application-manageconditionprice-display-component---newCondition--condCurr-arrow\"]"}
RESULT: {"using":"xpath","value":"//*[@id=\"application-manageconditionprice-display-component---newCondition--condCurr-arrow\"]"}
COMMAND: POST /session/797d6a12e387849dd32047a457c264a5/element/f.94906BB8095ED37A30942B11E16FA35A.d.C48F5F42C19DB46F45039700C9760A2C.e.6001/click - {}
RESULT: {}
COMMAND: POST /session/797d6a12e387849dd32047a457c264a5/element - {"using":"xpath","value":"//span[contains(text(), \"Euro\")]"}
COMMAND: GET /session/797d6a12e387849dd32047a457c264a5/screenshot - {}
RESULT: {"using":"xpath","value":"//span[contains(text(), \"Euro\")]"}
COMMAND: POST /session/797d6a12e387849dd32047a457c264a5/element/f.94906BB8095ED37A30942B11E16FA35A.d.C48F5F42C19DB46F45039700C9760A2C.e.6087/click - {}
RESULT: {}
RESULT: {}
COMMAND: POST /session/797d6a12e387849dd32047a457c264a5/element - {"using":"xpath","value":"//button[@data-kt=\"saveButton\"]"}
COMMAND: GET /session/797d6a12e387849dd32047a457c264a5/screenshot - {}
RESULT: {"using":"xpath","value":"//button[@data-kt=\"saveButton\"]"}
COMMAND: POST /session/797d6a12e387849dd32047a457c264a5/element/f.94906BB8095ED37A30942B11E16FA35A.d.C48F5F42C19DB46F45039700C9760A2C.e.6002/click - {}
RESULT: {}
RESULT: {}
COMMAND: GET /session/797d6a12e387849dd32047a457c264a5/screenshot - {}
RESULT: {}
COMMAND: POST /session/797d6a12e387849dd32047a457c264a5/execute/async - {"script":"<script> [1562 bytes]","args":[{"selector":{"id":"application-manageconditionprice-display-component---conditions--smartFilterBar-btnBasicSearch","interaction":{"idSuffix":"I"}},"wdio_ui5_key":"applicationmanageconditionprice-display-component---conditions--smartFilterBar-btnBasicSearch"}]}
RESULT: {"script":"<script> [1562 bytes]","args":[{"selector":{"id":"application-manageconditionprice-display-component---conditions--smartFilterBar-btnBasicSearch","interaction":{"idSuffix":"I"}},"wdio_ui5_key":"applicationmanageconditionprice-display-component---conditions--smartFilterBar-btnBasicSearch"}]}
RESULT: undefined
COMMAND: POST /session/797d6a12e387849dd32047a457c264a5/execute/async - {"script":"<script> [776 bytes]","args":[{"enterText":"200132","selector":{"id":"application-manageconditionprice-display-component---conditions--smartFilterBar-btnBasicSearch","interaction":{"idSuffix":"I"}},"clearTextFirst":true,"interactionType":"ENTER_TEXT"}]}
RESULT: {"script":"<script> [776 bytes]","args":[{"enterText":"200132","selector":{"id":"application-manageconditionprice-display-component---conditions--smartFilterBar-btnBasicSearch","interaction":{"idSuffix":"I"}},"clearTextFirst":true,"interactionType":"ENTER_TEXT"}]}
COMMAND: POST /session/797d6a12e387849dd32047a457c264a5/actions - {"actions":[{"id":"action19","type":"key","parameters":{},"actions":[{"type":"keyDown","value":"î€‡"},{"type":"pause","duration":10},{"type":"keyUp","value":"î€‡"}]}]}
RESULT: {"actions":[{"id":"action19","type":"key","parameters":{},"actions":[{"type":"keyDown","value":"î€‡"},{"type":"pause","duration":10},{"type":"keyUp","value":"î€‡"}]}]}
COMMAND: GET /session/797d6a12e387849dd32047a457c264a5/screenshot - {}
RESULT: {}
COMMAND: POST /session/797d6a12e387849dd32047a457c264a5/execute/async - {"script":"<script> [1562 bytes]","args":[{"selector":{"id":"application-manageconditionprice-display-component---conditions--smartFilterBar-filterItemControl_BASIC-BILL_TYPES-vhi"},"wdio_ui5_key":"applicationmanageconditionprice-display-component---conditions--smartFilterBar-filterItemControl_BASIC-BILL_TYPES-vhi"}]}
RESULT: {"script":"<script> [1562 bytes]","args":[{"selector":{"id":"application-manageconditionprice-display-component---conditions--smartFilterBar-filterItemControl_BASIC-BILL_TYPES-vhi"},"wdio_ui5_key":"applicationmanageconditionprice-display-component---conditions--smartFilterBar-filterItemControl_BASIC-BILL_TYPES-vhi"}]}
RESULT: undefined
COMMAND: POST /session/797d6a12e387849dd32047a457c264a5/element - {"using":"xpath","value":"//*[@id=\"application-manageconditionprice-display-component---conditions--smartFilterBar-filterItemControl_BASIC-BILL_TYPES-vhi\"]"}
RESULT: {"using":"xpath","value":"//*[@id=\"application-manageconditionprice-display-component---conditions--smartFilterBar-filterItemControl_BASIC-BILL_TYPES-vhi\"]"}
COMMAND: POST /session/797d6a12e387849dd32047a457c264a5/element/f.94906BB8095ED37A30942B11E16FA35A.d.C48F5F42C19DB46F45039700C9760A2C.e.6193/click - {}
RESULT: {}
COMMAND: POST /session/797d6a12e387849dd32047a457c264a5/execute/async - {"script":"<script> [1562 bytes]","args":[{"selector":{"id":"application-manageconditionprice-display-component---conditions--smartFilterBar-filterItemControl_BASIC-BILL_TYPES-valueHelpDialog-smartFilterBar-btnBasicSearch","searchOpenDialogs":true,"interaction":{"idSuffix":"I"}},"wdio_ui5_key":"applicationmanageconditionprice-display-component---conditions--smartFilterBar-filterItemControl_BASIC-BILL_TYPES-valueHelpDialog-smartFilterBar-btnBasicSearch"}]}
COMMAND: GET /session/797d6a12e387849dd32047a457c264a5/screenshot - {}
RESULT: {"script":"<script> [1562 bytes]","args":[{"selector":{"id":"application-manageconditionprice-display-component---conditions--smartFilterBar-filterItemControl_BASIC-BILL_TYPES-valueHelpDialog-smartFilterBar-btnBasicSearch","searchOpenDialogs":true,"interaction":{"idSuffix":"I"}},"wdio_ui5_key":"applicationmanageconditionprice-display-component---conditions--smartFilterBar-filterItemControl_BASIC-BILL_TYPES-valueHelpDialog-smartFilterBar-btnBasicSearch"}]}
RESULT: undefined
COMMAND: POST /session/797d6a12e387849dd32047a457c264a5/execute/async - {"script":"<script> [776 bytes]","args":[{"enterText":"one","selector":{"id":"application-manageconditionprice-display-component---conditions--smartFilterBar-filterItemControl_BASIC-BILL_TYPES-valueHelpDialog-smartFilterBar-btnBasicSearch","searchOpenDialogs":true,"interaction":{"idSuffix":"I"}},"clearTextFirst":true,"interactionType":"ENTER_TEXT"}]}
RESULT: {}
RESULT: {"script":"<script> [776 bytes]","args":[{"enterText":"one","selector":{"id":"application-manageconditionprice-display-component---conditions--smartFilterBar-filterItemControl_BASIC-BILL_TYPES-valueHelpDialog-smartFilterBar-btnBasicSearch","searchOpenDialogs":true,"interaction":{"idSuffix":"I"}},"clearTextFirst":true,"interactionType":"ENTER_TEXT"}]}
COMMAND: POST /session/797d6a12e387849dd32047a457c264a5/actions - {"actions":[{"id":"action20","type":"key","parameters":{},"actions":[{"type":"keyDown","value":"î€‡"},{"type":"pause","duration":10},{"type":"keyUp","value":"î€‡"}]}]}
RESULT: {"actions":[{"id":"action20","type":"key","parameters":{},"actions":[{"type":"keyDown","value":"î€‡"},{"type":"pause","duration":10},{"type":"keyUp","value":"î€‡"}]}]}
COMMAND: GET /session/797d6a12e387849dd32047a457c264a5/screenshot - {}
RESULT: {}
COMMAND: POST /session/797d6a12e387849dd32047a457c264a5/element - {"using":"xpath","value":"//div[contains(@id, 'application-manageconditionprice-display-component---conditions--smartFilterBar-filterItemControl_BASIC-BILL_TYPES-valueHelpDialog-table-rowsel0')]"}
RESULT: {"using":"xpath","value":"//div[contains(@id, 'application-manageconditionprice-display-component---conditions--smartFilterBar-filterItemControl_BASIC-BILL_TYPES-valueHelpDialog-table-rowsel0')]"}
COMMAND: POST /session/797d6a12e387849dd32047a457c264a5/element/f.94906BB8095ED37A30942B11E16FA35A.d.C48F5F42C19DB46F45039700C9760A2C.e.6202/click - {}
RESULT: {}
COMMAND: GET /session/797d6a12e387849dd32047a457c264a5/screenshot - {}
RESULT: {}
COMMAND: POST /session/797d6a12e387849dd32047a457c264a5/element - {"using":"xpath","value":"//bdi[contains(text(), \"OK\")]"}
RESULT: {"using":"xpath","value":"//bdi[contains(text(), \"OK\")]"}
COMMAND: POST /session/797d6a12e387849dd32047a457c264a5/element/f.94906BB8095ED37A30942B11E16FA35A.d.C48F5F42C19DB46F45039700C9760A2C.e.6204/click - {}
RESULT: {}
COMMAND: GET /session/797d6a12e387849dd32047a457c264a5/screenshot - {}
RESULT: {}
COMMAND: POST /session/797d6a12e387849dd32047a457c264a5/element - {"using":"xpath","value":"//span[@id=\"application-manageconditionprice-display-component---conditions--smartTable-header-inner\"]"}
RESULT: {"using":"xpath","value":"//span[@id=\"application-manageconditionprice-display-component---conditions--smartTable-header-inner\"]"}
COMMAND: POST /session/797d6a12e387849dd32047a457c264a5/elements - {"using":"xpath","value":"//span[@id=\"application-manageconditionprice-display-component---conditions--smartTable-header-inner\"]"}
RESULT: {"using":"xpath","value":"//span[@id=\"application-manageconditionprice-display-component---conditions--smartTable-header-inner\"]"}
COMMAND: POST /session/797d6a12e387849dd32047a457c264a5/execute/sync - {"script":"<script> [56 bytes]","args":[{"element-6066-11e4-a52e-4f735466cecf":"f.94906BB8095ED37A30942B11E16FA35A.d.C48F5F42C19DB46F45039700C9760A2C.e.6207","ELEMENT":"f.94906BB8095ED37A30942B11E16FA35A.d.C48F5F42C19DB46F45039700C9760A2C.e.6207"}]}
RESULT: {"script":"<script> [56 bytes]","args":[{"element-6066-11e4-a52e-4f735466cecf":"f.94906BB8095ED37A30942B11E16FA35A.d.C48F5F42C19DB46F45039700C9760A2C.e.6207","ELEMENT":"f.94906BB8095ED37A30942B11E16FA35A.d.C48F5F42C19DB46F45039700C9760A2C.e.6207"}]}
COMMAND: POST /session/797d6a12e387849dd32047a457c264a5/element - {"using":"css selector","value":"#shell-header-logo"}
COMMAND: GET /session/797d6a12e387849dd32047a457c264a5/screenshot - {}
RESULT: {"using":"css selector","value":"#shell-header-logo"}
COMMAND: POST /session/797d6a12e387849dd32047a457c264a5/element/f.94906BB8095ED37A30942B11E16FA35A.d.C48F5F42C19DB46F45039700C9760A2C.e.5820/click - {}
RESULT: {}
RESULT: {}
COMMAND: GET /session/797d6a12e387849dd32047a457c264a5/screenshot - {}
RESULT: {}
]]></system-out>
    </testcase>
    <testcase classname="chrome.135_0_7049_96.windows.US134625_Set_up_price_condition_-_one_time" name="Should create a new contract" time="59.618">
      <system-out><![CDATA[
COMMAND: POST /session/797d6a12e387849dd32047a457c264a5/execute/async - {"script":"<script> [1562 bytes]","args":[{"selector":{"controlType":"sap.m.Text","viewName":"etm.portal.ui.managecontractstile.view.Master","properties":{"text":"Manage Contracts"},"interaction":{"idSuffix":"inner"}},"wdio_ui5_key":"etmportal.ui.managecontractstile.view.Mastersap.m.Text{\"text\":\"Manage Contracts\"}"}]}
RESULT: {"script":"<script> [1562 bytes]","args":[{"selector":{"controlType":"sap.m.Text","viewName":"etm.portal.ui.managecontractstile.view.Master","properties":{"text":"Manage Contracts"},"interaction":{"idSuffix":"inner"}},"wdio_ui5_key":"etmportal.ui.managecontractstile.view.Mastersap.m.Text{\"text\":\"Manage Contracts\"}"}]}
RESULT: undefined
COMMAND: POST /session/797d6a12e387849dd32047a457c264a5/element - {"using":"xpath","value":"//*[@id=\"__tile130-title\"]"}
RESULT: {"using":"xpath","value":"//*[@id=\"__tile130-title\"]"}
COMMAND: POST /session/797d6a12e387849dd32047a457c264a5/element/f.94906BB8095ED37A30942B11E16FA35A.d.C48F5F42C19DB46F45039700C9760A2C.e.6213/click - {}
RESULT: {}
COMMAND: GET /session/797d6a12e387849dd32047a457c264a5/screenshot - {}
RESULT: {}
COMMAND: POST /session/797d6a12e387849dd32047a457c264a5/element - {"using":"xpath","value":"//button[@data-kt=\"addButton\"]"}
RESULT: {"using":"xpath","value":"//button[@data-kt=\"addButton\"]"}
COMMAND: POST /session/797d6a12e387849dd32047a457c264a5/elements - {"using":"xpath","value":"//button[@data-kt=\"addButton\"]"}
RESULT: {"using":"xpath","value":"//button[@data-kt=\"addButton\"]"}
COMMAND: POST /session/797d6a12e387849dd32047a457c264a5/elements - {"using":"xpath","value":"//button[@data-kt=\"addButton\"]"}
RESULT: {"using":"xpath","value":"//button[@data-kt=\"addButton\"]"}
COMMAND: POST /session/797d6a12e387849dd32047a457c264a5/element - {"using":"xpath","value":"//button[@data-kt=\"addButton\"]"}
RESULT: {"using":"xpath","value":"//button[@data-kt=\"addButton\"]"}
COMMAND: POST /session/797d6a12e387849dd32047a457c264a5/execute/sync - {"script":"<script> [8489 bytes]","args":[{"element-6066-11e4-a52e-4f735466cecf":"f.94906BB8095ED37A30942B11E16FA35A.d.C48F5F42C19DB46F45039700C9760A2C.e.6254","ELEMENT":"f.94906BB8095ED37A30942B11E16FA35A.d.C48F5F42C19DB46F45039700C9760A2C.e.6254"}]}
RESULT: {"script":"<script> [8489 bytes]","args":[{"element-6066-11e4-a52e-4f735466cecf":"f.94906BB8095ED37A30942B11E16FA35A.d.C48F5F42C19DB46F45039700C9760A2C.e.6254","ELEMENT":"f.94906BB8095ED37A30942B11E16FA35A.d.C48F5F42C19DB46F45039700C9760A2C.e.6254"}]}
COMMAND: GET /session/797d6a12e387849dd32047a457c264a5/element/f.94906BB8095ED37A30942B11E16FA35A.d.C48F5F42C19DB46F45039700C9760A2C.e.6254/enabled - {}
COMMAND: GET /session/797d6a12e387849dd32047a457c264a5/screenshot - {}
RESULT: {}
COMMAND: POST /session/797d6a12e387849dd32047a457c264a5/execute/sync - {"script":"<script> [8489 bytes]","args":[{"element-6066-11e4-a52e-4f735466cecf":"f.94906BB8095ED37A30942B11E16FA35A.d.C48F5F42C19DB46F45039700C9760A2C.e.6254","ELEMENT":"f.94906BB8095ED37A30942B11E16FA35A.d.C48F5F42C19DB46F45039700C9760A2C.e.6254"}]}
COMMAND: GET /session/797d6a12e387849dd32047a457c264a5/screenshot - {}
RESULT: {}
RESULT: {"script":"<script> [8489 bytes]","args":[{"element-6066-11e4-a52e-4f735466cecf":"f.94906BB8095ED37A30942B11E16FA35A.d.C48F5F42C19DB46F45039700C9760A2C.e.6254","ELEMENT":"f.94906BB8095ED37A30942B11E16FA35A.d.C48F5F42C19DB46F45039700C9760A2C.e.6254"}]}
COMMAND: POST /session/797d6a12e387849dd32047a457c264a5/execute/sync - {"script":"<script> [5351 bytes]","args":[{"element-6066-11e4-a52e-4f735466cecf":"f.94906BB8095ED37A30942B11E16FA35A.d.C48F5F42C19DB46F45039700C9760A2C.e.6254","ELEMENT":"f.94906BB8095ED37A30942B11E16FA35A.d.C48F5F42C19DB46F45039700C9760A2C.e.6254"}]}
COMMAND: GET /session/797d6a12e387849dd32047a457c264a5/screenshot - {}
RESULT: {}
RESULT: {"script":"<script> [5351 bytes]","args":[{"element-6066-11e4-a52e-4f735466cecf":"f.94906BB8095ED37A30942B11E16FA35A.d.C48F5F42C19DB46F45039700C9760A2C.e.6254","ELEMENT":"f.94906BB8095ED37A30942B11E16FA35A.d.C48F5F42C19DB46F45039700C9760A2C.e.6254"}]}
COMMAND: GET /session/797d6a12e387849dd32047a457c264a5/screenshot - {}
RESULT: {}
RESULT: {}
COMMAND: POST /session/797d6a12e387849dd32047a457c264a5/element/f.94906BB8095ED37A30942B11E16FA35A.d.C48F5F42C19DB46F45039700C9760A2C.e.6254/click - {}
RESULT: {}
COMMAND: GET /session/797d6a12e387849dd32047a457c264a5/screenshot - {}
RESULT: {}
COMMAND: POST /session/797d6a12e387849dd32047a457c264a5/execute/async - {"script":"<script> [1562 bytes]","args":[{"selector":{"id":"application-managecontracts-display-component---AddNewContract--projectDescription","interaction":{"idSuffix":"inner"}},"wdio_ui5_key":"applicationmanagecontracts-display-component---AddNewContract--projectDescription"}]}
RESULT: {"script":"<script> [1562 bytes]","args":[{"selector":{"id":"application-managecontracts-display-component---AddNewContract--projectDescription","interaction":{"idSuffix":"inner"}},"wdio_ui5_key":"applicationmanagecontracts-display-component---AddNewContract--projectDescription"}]}
RESULT: undefined
COMMAND: POST /session/797d6a12e387849dd32047a457c264a5/execute/async - {"script":"<script> [776 bytes]","args":[{"enterText":"Intercompany Contract WDIO","selector":{"id":"application-managecontracts-display-component---AddNewContract--projectDescription","interaction":{"idSuffix":"inner"}},"clearTextFirst":true,"interactionType":"ENTER_TEXT"}]}
RESULT: {"script":"<script> [776 bytes]","args":[{"enterText":"Intercompany Contract WDIO","selector":{"id":"application-managecontracts-display-component---AddNewContract--projectDescription","interaction":{"idSuffix":"inner"}},"clearTextFirst":true,"interactionType":"ENTER_TEXT"}]}
COMMAND: POST /session/797d6a12e387849dd32047a457c264a5/element - {"using":"xpath","value":"//input[@id=\"application-managecontracts-display-component---AddNewContract--site-inner\"]"}
RESULT: {"using":"xpath","value":"//input[@id=\"application-managecontracts-display-component---AddNewContract--site-inner\"]"}
COMMAND: POST /session/797d6a12e387849dd32047a457c264a5/element/f.94906BB8095ED37A30942B11E16FA35A.d.C48F5F42C19DB46F45039700C9760A2C.e.6594/clear - {}
RESULT: {}
COMMAND: POST /session/797d6a12e387849dd32047a457c264a5/element/f.94906BB8095ED37A30942B11E16FA35A.d.C48F5F42C19DB46F45039700C9760A2C.e.6594/value - {"text":"2148"}
COMMAND: GET /session/797d6a12e387849dd32047a457c264a5/screenshot - {}
RESULT: {"text":"2148"}
COMMAND: GET /session/797d6a12e387849dd32047a457c264a5/screenshot - {}
RESULT: {}
RESULT: {}
COMMAND: POST /session/797d6a12e387849dd32047a457c264a5/element - {"using":"xpath","value":"//li[.//span[text()='2148']]"}
RESULT: {"using":"xpath","value":"//li[.//span[text()='2148']]"}
COMMAND: POST /session/797d6a12e387849dd32047a457c264a5/element/f.94906BB8095ED37A30942B11E16FA35A.d.C48F5F42C19DB46F45039700C9760A2C.e.6617/click - {}
RESULT: {}
COMMAND: GET /session/797d6a12e387849dd32047a457c264a5/screenshot - {}
RESULT: {}
COMMAND: POST /session/797d6a12e387849dd32047a457c264a5/element - {"using":"xpath","value":"//input[@id=\"application-managecontracts-display-component---AddNewContract--yardId-inner\"]"}
RESULT: {"using":"xpath","value":"//input[@id=\"application-managecontracts-display-component---AddNewContract--yardId-inner\"]"}
COMMAND: GET /session/797d6a12e387849dd32047a457c264a5/element/f.94906BB8095ED37A30942B11E16FA35A.d.C48F5F42C19DB46F45039700C9760A2C.e.6595/property/value - {}
RESULT: {}
COMMAND: POST /session/797d6a12e387849dd32047a457c264a5/element - {"using":"xpath","value":"//input[@id=\"application-managecontracts-display-component---AddNewContract--customerSelect-inner\"]"}
COMMAND: GET /session/797d6a12e387849dd32047a457c264a5/screenshot - {}
RESULT: {"using":"xpath","value":"//input[@id=\"application-managecontracts-display-component---AddNewContract--customerSelect-inner\"]"}
COMMAND: POST /session/797d6a12e387849dd32047a457c264a5/element/f.94906BB8095ED37A30942B11E16FA35A.d.C48F5F42C19DB46F45039700C9760A2C.e.6593/clear - {}
RESULT: {}
RESULT: {}
COMMAND: POST /session/797d6a12e387849dd32047a457c264a5/element/f.94906BB8095ED37A30942B11E16FA35A.d.C48F5F42C19DB46F45039700C9760A2C.e.6593/value - {"text":"1154"}
COMMAND: GET /session/797d6a12e387849dd32047a457c264a5/screenshot - {}
RESULT: {"text":"1154"}
COMMAND: GET /session/797d6a12e387849dd32047a457c264a5/screenshot - {}
RESULT: {}
RESULT: {}
COMMAND: POST /session/797d6a12e387849dd32047a457c264a5/element - {"using":"xpath","value":"//li[.//span[text()='1154']]"}
RESULT: {"using":"xpath","value":"//li[.//span[text()='1154']]"}
COMMAND: POST /session/797d6a12e387849dd32047a457c264a5/element/f.94906BB8095ED37A30942B11E16FA35A.d.C48F5F42C19DB46F45039700C9760A2C.e.6620/click - {}
RESULT: {}
COMMAND: GET /session/797d6a12e387849dd32047a457c264a5/screenshot - {}
RESULT: {}
COMMAND: POST /session/797d6a12e387849dd32047a457c264a5/element - {"using":"xpath","value":"//button[@data-kt=\"saveButton\"]"}
RESULT: {"using":"xpath","value":"//button[@data-kt=\"saveButton\"]"}
COMMAND: POST /session/797d6a12e387849dd32047a457c264a5/element/f.94906BB8095ED37A30942B11E16FA35A.d.C48F5F42C19DB46F45039700C9760A2C.e.6610/click - {}
RESULT: {}
COMMAND: GET /session/797d6a12e387849dd32047a457c264a5/screenshot - {}
RESULT: {}
COMMAND: POST /session/797d6a12e387849dd32047a457c264a5/element - {"using":"xpath","value":"//span[contains(@id ,\"contractDetailTitleNoExpanded\")]"}
RESULT: {"using":"xpath","value":"//span[contains(@id ,\"contractDetailTitleNoExpanded\")]"}
COMMAND: POST /session/797d6a12e387849dd32047a457c264a5/elements - {"using":"xpath","value":"//span[contains(@id ,\"contractDetailTitleNoExpanded\")]"}
RESULT: {"using":"xpath","value":"//span[contains(@id ,\"contractDetailTitleNoExpanded\")]"}
COMMAND: POST /session/797d6a12e387849dd32047a457c264a5/execute/sync - {"script":"<script> [56 bytes]","args":[{"element-6066-11e4-a52e-4f735466cecf":"f.94906BB8095ED37A30942B11E16FA35A.d.C48F5F42C19DB46F45039700C9760A2C.e.6636","ELEMENT":"f.94906BB8095ED37A30942B11E16FA35A.d.C48F5F42C19DB46F45039700C9760A2C.e.6636"}]}
RESULT: {"script":"<script> [56 bytes]","args":[{"element-6066-11e4-a52e-4f735466cecf":"f.94906BB8095ED37A30942B11E16FA35A.d.C48F5F42C19DB46F45039700C9760A2C.e.6636","ELEMENT":"f.94906BB8095ED37A30942B11E16FA35A.d.C48F5F42C19DB46F45039700C9760A2C.e.6636"}]}
COMMAND: GET /session/797d6a12e387849dd32047a457c264a5/screenshot - {}
RESULT: {}
]]></system-out>
    </testcase>
    <testcase classname="chrome.135_0_7049_96.windows.US134625_Set_up_price_condition_-_one_time" name="Should add the material to the contract" time="49.551">
      <system-out><![CDATA[
COMMAND: POST /session/797d6a12e387849dd32047a457c264a5/element - {"using":"xpath","value":"//button[@data-kt=\"contractDetailEditBtnButton\"]"}
RESULT: {"using":"xpath","value":"//button[@data-kt=\"contractDetailEditBtnButton\"]"}
COMMAND: POST /session/797d6a12e387849dd32047a457c264a5/element/f.94906BB8095ED37A30942B11E16FA35A.d.C48F5F42C19DB46F45039700C9760A2C.e.6637/click - {}
RESULT: {}
COMMAND: GET /session/797d6a12e387849dd32047a457c264a5/screenshot - {}
RESULT: {}
COMMAND: POST /session/797d6a12e387849dd32047a457c264a5/element - {"using":"xpath","value":"(//span[contains(text(), \"Additional Addresses\")])[2]"}
RESULT: {"using":"xpath","value":"(//span[contains(text(), \"Additional Addresses\")])[2]"}
COMMAND: POST /session/797d6a12e387849dd32047a457c264a5/element/f.94906BB8095ED37A30942B11E16FA35A.d.C48F5F42C19DB46F45039700C9760A2C.e.6691/click - {}
RESULT: {}
COMMAND: GET /session/797d6a12e387849dd32047a457c264a5/screenshot - {}
RESULT: {}
COMMAND: POST /session/797d6a12e387849dd32047a457c264a5/element - {"using":"xpath","value":"//button[@data-kt=\"btnAddTableRowOverflowToolbarButton\"]"}
RESULT: {"using":"xpath","value":"//button[@data-kt=\"btnAddTableRowOverflowToolbarButton\"]"}
COMMAND: POST /session/797d6a12e387849dd32047a457c264a5/element/f.94906BB8095ED37A30942B11E16FA35A.d.C48F5F42C19DB46F45039700C9760A2C.e.6695/click - {}
RESULT: {}
COMMAND: GET /session/797d6a12e387849dd32047a457c264a5/screenshot - {}
RESULT: {}
COMMAND: POST /session/797d6a12e387849dd32047a457c264a5/element - {"using":"xpath","value":"//div[(text() = 'Standard Entry' or . = 'Standard Entry')]"}
RESULT: {"using":"xpath","value":"//div[(text() = 'Standard Entry' or . = 'Standard Entry')]"}
COMMAND: POST /session/797d6a12e387849dd32047a457c264a5/element/f.94906BB8095ED37A30942B11E16FA35A.d.C48F5F42C19DB46F45039700C9760A2C.e.6697/click - {}
RESULT: {}
COMMAND: GET /session/797d6a12e387849dd32047a457c264a5/screenshot - {}
RESULT: {}
COMMAND: POST /session/797d6a12e387849dd32047a457c264a5/element - {"using":"xpath","value":"//td[6]/div/div/div/span"}
RESULT: {"using":"xpath","value":"//td[6]/div/div/div/span"}
COMMAND: POST /session/797d6a12e387849dd32047a457c264a5/element/f.94906BB8095ED37A30942B11E16FA35A.d.C48F5F42C19DB46F45039700C9760A2C.e.6709/click - {}
RESULT: {}
COMMAND: GET /session/797d6a12e387849dd32047a457c264a5/screenshot - {}
RESULT: {}
COMMAND: POST /session/797d6a12e387849dd32047a457c264a5/element - {"using":"xpath","value":"(//span[contains(text(), \"Material\")])"}
RESULT: {"using":"xpath","value":"(//span[contains(text(), \"Material\")])"}
COMMAND: POST /session/797d6a12e387849dd32047a457c264a5/element/f.94906BB8095ED37A30942B11E16FA35A.d.C48F5F42C19DB46F45039700C9760A2C.e.6710/click - {}
RESULT: {}
COMMAND: GET /session/797d6a12e387849dd32047a457c264a5/screenshot - {}
RESULT: {}
COMMAND: POST /session/797d6a12e387849dd32047a457c264a5/element - {"using":"xpath","value":"//td[7]/div/div/input"}
RESULT: {"using":"xpath","value":"//td[7]/div/div/input"}
COMMAND: POST /session/797d6a12e387849dd32047a457c264a5/element/f.94906BB8095ED37A30942B11E16FA35A.d.C48F5F42C19DB46F45039700C9760A2C.e.6714/clear - {}
RESULT: {}
COMMAND: POST /session/797d6a12e387849dd32047a457c264a5/element/f.94906BB8095ED37A30942B11E16FA35A.d.C48F5F42C19DB46F45039700C9760A2C.e.6714/value - {"text":"200132"}
COMMAND: GET /session/797d6a12e387849dd32047a457c264a5/screenshot - {}
RESULT: {"text":"200132"}
COMMAND: GET /session/797d6a12e387849dd32047a457c264a5/screenshot - {}
RESULT: {}
RESULT: {}
COMMAND: POST /session/797d6a12e387849dd32047a457c264a5/actions - {"actions":[{"id":"action21","type":"key","parameters":{},"actions":[{"type":"keyDown","value":"î€‡"},{"type":"pause","duration":10},{"type":"keyUp","value":"î€‡"}]}]}
RESULT: {"actions":[{"id":"action21","type":"key","parameters":{},"actions":[{"type":"keyDown","value":"î€‡"},{"type":"pause","duration":10},{"type":"keyUp","value":"î€‡"}]}]}
COMMAND: GET /session/797d6a12e387849dd32047a457c264a5/screenshot - {}
RESULT: {}
COMMAND: POST /session/797d6a12e387849dd32047a457c264a5/element - {"using":"xpath","value":"(//button[@data-kt=\"saveButton\"])[2]"}
RESULT: {"using":"xpath","value":"(//button[@data-kt=\"saveButton\"])[2]"}
COMMAND: POST /session/797d6a12e387849dd32047a457c264a5/element/f.94906BB8095ED37A30942B11E16FA35A.d.C48F5F42C19DB46F45039700C9760A2C.e.6737/click - {}
RESULT: {}
COMMAND: GET /session/797d6a12e387849dd32047a457c264a5/screenshot - {}
RESULT: {}
COMMAND: POST /session/797d6a12e387849dd32047a457c264a5/element - {"using":"xpath","value":"//span[contains(@id ,\"contractItemsSmartTable-header-inner\")]"}
RESULT: {"using":"xpath","value":"//span[contains(@id ,\"contractItemsSmartTable-header-inner\")]"}
COMMAND: POST /session/797d6a12e387849dd32047a457c264a5/elements - {"using":"xpath","value":"//span[contains(@id ,\"contractItemsSmartTable-header-inner\")]"}
RESULT: {"using":"xpath","value":"//span[contains(@id ,\"contractItemsSmartTable-header-inner\")]"}
COMMAND: POST /session/797d6a12e387849dd32047a457c264a5/execute/sync - {"script":"<script> [56 bytes]","args":[{"element-6066-11e4-a52e-4f735466cecf":"f.94906BB8095ED37A30942B11E16FA35A.d.C48F5F42C19DB46F45039700C9760A2C.e.6743","ELEMENT":"f.94906BB8095ED37A30942B11E16FA35A.d.C48F5F42C19DB46F45039700C9760A2C.e.6743"}]}
RESULT: {"script":"<script> [56 bytes]","args":[{"element-6066-11e4-a52e-4f735466cecf":"f.94906BB8095ED37A30942B11E16FA35A.d.C48F5F42C19DB46F45039700C9760A2C.e.6743","ELEMENT":"f.94906BB8095ED37A30942B11E16FA35A.d.C48F5F42C19DB46F45039700C9760A2C.e.6743"}]}
]]></system-out>
    </testcase>
    <testcase classname="chrome.135_0_7049_96.windows.US134625_Set_up_price_condition_-_one_time" name="Should verify the bill item creation and pricing condition" time="11.335">
      <system-out><![CDATA[
COMMAND: POST /session/797d6a12e387849dd32047a457c264a5/execute/async - {"script":"<script> [1562 bytes]","args":[{"selector":{"controlType":"sap.ui.core.Icon","viewName":"etm.portal.ui.managecontracts.view.Detail","properties":{"src":{"regex":{"source":"slim\\-arrow\\-right"}}}},"wdio_ui5_key":"etmportal.ui.managecontracts.view.Detailsap.ui.core.Icon{\"src\":{\"regex\":{\"source\":\"slim\\\\-arrow\\\\-right\"}}}"}]}
COMMAND: GET /session/797d6a12e387849dd32047a457c264a5/screenshot - {}
RESULT: {"script":"<script> [1562 bytes]","args":[{"selector":{"controlType":"sap.ui.core.Icon","viewName":"etm.portal.ui.managecontracts.view.Detail","properties":{"src":{"regex":{"source":"slim\\-arrow\\-right"}}}},"wdio_ui5_key":"etmportal.ui.managecontracts.view.Detailsap.ui.core.Icon{\"src\":{\"regex\":{\"source\":\"slim\\\\-arrow\\\\-right\"}}}"}]}
RESULT: undefined
COMMAND: POST /session/797d6a12e387849dd32047a457c264a5/element - {"using":"xpath","value":"//*[@id=\"__item1106-__clone2392-imgNav\"]"}
RESULT: {}
RESULT: {"using":"xpath","value":"//*[@id=\"__item1106-__clone2392-imgNav\"]"}
COMMAND: POST /session/797d6a12e387849dd32047a457c264a5/element/f.94906BB8095ED37A30942B11E16FA35A.d.C48F5F42C19DB46F45039700C9760A2C.e.6744/click - {}
RESULT: {}
COMMAND: GET /session/797d6a12e387849dd32047a457c264a5/screenshot - {}
COMMAND: POST /session/797d6a12e387849dd32047a457c264a5/execute/async - {"script":"<script> [1562 bytes]","args":[{"selector":{"controlType":"sap.m.Text","viewName":"etm.portal.ui.managecontracts.view.BillingItem","viewId":"application-managecontracts-display-component---BillingItem","bindingPath":{"propertyPath":"LINK_TO_C_BILL_TYPES/DESCRIPTION"}},"wdio_ui5_key":"etmportal.ui.managecontracts.view.BillingItemsap.m.Text{\"propertyPath\":\"LINK_TO_C_BILL_TYPES/DESCRIPTION\"}"}]}
RESULT: {}
RESULT: {"script":"<script> [1562 bytes]","args":[{"selector":{"controlType":"sap.m.Text","viewName":"etm.portal.ui.managecontracts.view.BillingItem","viewId":"application-managecontracts-display-component---BillingItem","bindingPath":{"propertyPath":"LINK_TO_C_BILL_TYPES/DESCRIPTION"}},"wdio_ui5_key":"etmportal.ui.managecontracts.view.BillingItemsap.m.Text{\"propertyPath\":\"LINK_TO_C_BILL_TYPES/DESCRIPTION\"}"}]}
RESULT: undefined
COMMAND: POST /session/797d6a12e387849dd32047a457c264a5/execute/async - {"script":"<script> [6424 bytes]","args":[{"element-6066-11e4-a52e-4f735466cecf":"f.94906BB8095ED37A30942B11E16FA35A.d.C48F5F42C19DB46F45039700C9760A2C.e.6759"},"getText",[]]}
RESULT: {"script":"<script> [6424 bytes]","args":[{"element-6066-11e4-a52e-4f735466cecf":"f.94906BB8095ED37A30942B11E16FA35A.d.C48F5F42C19DB46F45039700C9760A2C.e.6759"},"getText",[]]}
COMMAND: POST /session/797d6a12e387849dd32047a457c264a5/execute/async - {"script":"<script> [1562 bytes]","args":[{"selector":{"controlType":"sap.m.ObjectNumber","viewName":"etm.portal.ui.managecontracts.view.BillingItem","viewId":"application-managecontracts-display-component---BillingItem","bindingPath":{"propertyPath":"BASE_PRICE"}},"wdio_ui5_key":"etmportal.ui.managecontracts.view.BillingItemsap.m.ObjectNumber{\"propertyPath\":\"BASE_PRICE\"}"}]}
RESULT: {"script":"<script> [1562 bytes]","args":[{"selector":{"controlType":"sap.m.ObjectNumber","viewName":"etm.portal.ui.managecontracts.view.BillingItem","viewId":"application-managecontracts-display-component---BillingItem","bindingPath":{"propertyPath":"BASE_PRICE"}},"wdio_ui5_key":"etmportal.ui.managecontracts.view.BillingItemsap.m.ObjectNumber{\"propertyPath\":\"BASE_PRICE\"}"}]}
RESULT: undefined
COMMAND: POST /session/797d6a12e387849dd32047a457c264a5/execute/async - {"script":"<script> [6424 bytes]","args":[{"element-6066-11e4-a52e-4f735466cecf":"f.94906BB8095ED37A30942B11E16FA35A.d.C48F5F42C19DB46F45039700C9760A2C.e.6760"},"getNumber",[]]}
RESULT: {"script":"<script> [6424 bytes]","args":[{"element-6066-11e4-a52e-4f735466cecf":"f.94906BB8095ED37A30942B11E16FA35A.d.C48F5F42C19DB46F45039700C9760A2C.e.6760"},"getNumber",[]]}
COMMAND: POST /session/797d6a12e387849dd32047a457c264a5/execute/async - {"script":"<script> [1562 bytes]","args":[{"selector":{"controlType":"sap.m.ObjectNumber","viewName":"etm.portal.ui.managecontracts.view.BillingItem","viewId":"application-managecontracts-display-component---BillingItem","bindingPath":{"propertyPath":"BASE_QUANTITY"}},"wdio_ui5_key":"etmportal.ui.managecontracts.view.BillingItemsap.m.ObjectNumber{\"propertyPath\":\"BASE_QUANTITY\"}"}]}
RESULT: {"script":"<script> [1562 bytes]","args":[{"selector":{"controlType":"sap.m.ObjectNumber","viewName":"etm.portal.ui.managecontracts.view.BillingItem","viewId":"application-managecontracts-display-component---BillingItem","bindingPath":{"propertyPath":"BASE_QUANTITY"}},"wdio_ui5_key":"etmportal.ui.managecontracts.view.BillingItemsap.m.ObjectNumber{\"propertyPath\":\"BASE_QUANTITY\"}"}]}
RESULT: undefined
COMMAND: POST /session/797d6a12e387849dd32047a457c264a5/execute/async - {"script":"<script> [6424 bytes]","args":[{"element-6066-11e4-a52e-4f735466cecf":"f.94906BB8095ED37A30942B11E16FA35A.d.C48F5F42C19DB46F45039700C9760A2C.e.6761"},"getNumber",[]]}
RESULT: {"script":"<script> [6424 bytes]","args":[{"element-6066-11e4-a52e-4f735466cecf":"f.94906BB8095ED37A30942B11E16FA35A.d.C48F5F42C19DB46F45039700C9760A2C.e.6761"},"getNumber",[]]}
COMMAND: DELETE /session/797d6a12e387849dd32047a457c264a5 - {}
RESULT: {}
]]></system-out>
    </testcase>
  </testsuite>
</testsuites>