<?xml version="1.0" encoding="UTF-8"?>
<testsuites tests="6" failures="3" errors="3" skipped="0">
  <testsuite timestamp="2025-06-04T05:54:01" time="554.217" tests="5" failures="2" errors="2" skipped="0">
    <properties>
      <property name="specId" value="0" />
      <property name="suiteName" value="Bill of Resources tests for bundle creation &amp; replenishment US131067 US131070" />
      <property name="capabilities" value="chrome.136_0_7103_93.windows" />
      <property name="file" value="file:///D:/a/1/s/test/specs/HTR/create-bundle-replenishment.spec.js" />
    </properties>
    <testcase classname="chrome.136_0_7103_93.windows.Bill_of_Resources_tests_for_bundle_creation_&amp;_replenishment_US131067_US131070" name="Prereq Should create a new yard used for all following tests in the module" time="142.746">
      <system-out><![CDATA[
COMMAND: POST /session/8fd0bb299c4d08baff2919a55e249d0e/window/fullscreen - {}
RESULT: {}
COMMAND: POST /session/8fd0bb299c4d08baff2919a55e249d0e/execute/async - {"script":"<script> [1562 bytes]","args":[{"selector":{"controlType":"sap.m.GenericTile","properties":{"header":"Manage Yards"}},"wdio_ui5_key":"sapm.GenericTile{\"header\":\"Manage Yards\"}"}]}
RESULT: {"script":"<script> [1562 bytes]","args":[{"selector":{"controlType":"sap.m.GenericTile","properties":{"header":"Manage Yards"}},"wdio_ui5_key":"sapm.GenericTile{\"header\":\"Manage Yards\"}"}]}
RESULT: undefined
COMMAND: POST /session/8fd0bb299c4d08baff2919a55e249d0e/element - {"using":"xpath","value":"//*[@id=\"__tile41\"]"}
RESULT: {"using":"xpath","value":"//*[@id=\"__tile41\"]"}
COMMAND: POST /session/8fd0bb299c4d08baff2919a55e249d0e/element/f.ED8E0B57595A63B1DCD4B405C054AFB5.d.2BC6BEE1ED2B9BE7A055A5DA73CF4D3F.e.130/click - {}
RESULT: {}
COMMAND: GET /session/8fd0bb299c4d08baff2919a55e249d0e/screenshot - {}
RESULT: {}
COMMAND: POST /session/8fd0bb299c4d08baff2919a55e249d0e/elements - {"using":"xpath","value":"//span[text()='Error']"}
RESULT: {"using":"xpath","value":"//span[text()='Error']"}
COMMAND: POST /session/8fd0bb299c4d08baff2919a55e249d0e/element - {"using":"xpath","value":"//button[@data-kt=\"addNewYardOverflowToolbarButton\"]"}
RESULT: {"using":"xpath","value":"//button[@data-kt=\"addNewYardOverflowToolbarButton\"]"}
COMMAND: POST /session/8fd0bb299c4d08baff2919a55e249d0e/elements - {"using":"xpath","value":"//button[@data-kt=\"addNewYardOverflowToolbarButton\"]"}
RESULT: {"using":"xpath","value":"//button[@data-kt=\"addNewYardOverflowToolbarButton\"]"}
COMMAND: POST /session/8fd0bb299c4d08baff2919a55e249d0e/elements - {"using":"xpath","value":"//button[@data-kt=\"addNewYardOverflowToolbarButton\"]"}
RESULT: {"using":"xpath","value":"//button[@data-kt=\"addNewYardOverflowToolbarButton\"]"}
COMMAND: POST /session/8fd0bb299c4d08baff2919a55e249d0e/elements - {"using":"xpath","value":"//button[@data-kt=\"addNewYardOverflowToolbarButton\"]"}
RESULT: {"using":"xpath","value":"//button[@data-kt=\"addNewYardOverflowToolbarButton\"]"}
COMMAND: POST /session/8fd0bb299c4d08baff2919a55e249d0e/elements - {"using":"xpath","value":"//button[@data-kt=\"addNewYardOverflowToolbarButton\"]"}
RESULT: {"using":"xpath","value":"//button[@data-kt=\"addNewYardOverflowToolbarButton\"]"}
COMMAND: POST /session/8fd0bb299c4d08baff2919a55e249d0e/elements - {"using":"xpath","value":"//button[@data-kt=\"addNewYardOverflowToolbarButton\"]"}
RESULT: {"using":"xpath","value":"//button[@data-kt=\"addNewYardOverflowToolbarButton\"]"}
COMMAND: POST /session/8fd0bb299c4d08baff2919a55e249d0e/elements - {"using":"xpath","value":"//button[@data-kt=\"addNewYardOverflowToolbarButton\"]"}
RESULT: {"using":"xpath","value":"//button[@data-kt=\"addNewYardOverflowToolbarButton\"]"}
COMMAND: POST /session/8fd0bb299c4d08baff2919a55e249d0e/elements - {"using":"xpath","value":"//button[@data-kt=\"addNewYardOverflowToolbarButton\"]"}
RESULT: {"using":"xpath","value":"//button[@data-kt=\"addNewYardOverflowToolbarButton\"]"}
COMMAND: POST /session/8fd0bb299c4d08baff2919a55e249d0e/elements - {"using":"xpath","value":"//button[@data-kt=\"addNewYardOverflowToolbarButton\"]"}
RESULT: {"using":"xpath","value":"//button[@data-kt=\"addNewYardOverflowToolbarButton\"]"}
COMMAND: POST /session/8fd0bb299c4d08baff2919a55e249d0e/elements - {"using":"xpath","value":"//button[@data-kt=\"addNewYardOverflowToolbarButton\"]"}
RESULT: {"using":"xpath","value":"//button[@data-kt=\"addNewYardOverflowToolbarButton\"]"}
COMMAND: POST /session/8fd0bb299c4d08baff2919a55e249d0e/elements - {"using":"xpath","value":"//button[@data-kt=\"addNewYardOverflowToolbarButton\"]"}
RESULT: {"using":"xpath","value":"//button[@data-kt=\"addNewYardOverflowToolbarButton\"]"}
COMMAND: POST /session/8fd0bb299c4d08baff2919a55e249d0e/elements - {"using":"xpath","value":"//button[@data-kt=\"addNewYardOverflowToolbarButton\"]"}
RESULT: {"using":"xpath","value":"//button[@data-kt=\"addNewYardOverflowToolbarButton\"]"}
COMMAND: POST /session/8fd0bb299c4d08baff2919a55e249d0e/element - {"using":"xpath","value":"//button[@data-kt=\"addNewYardOverflowToolbarButton\"]"}
RESULT: {"using":"xpath","value":"//button[@data-kt=\"addNewYardOverflowToolbarButton\"]"}
COMMAND: POST /session/8fd0bb299c4d08baff2919a55e249d0e/execute/sync - {"script":"<script> [8489 bytes]","args":[{"element-6066-11e4-a52e-4f735466cecf":"f.ED8E0B57595A63B1DCD4B405C054AFB5.d.2BC6BEE1ED2B9BE7A055A5DA73CF4D3F.e.265","ELEMENT":"f.ED8E0B57595A63B1DCD4B405C054AFB5.d.2BC6BEE1ED2B9BE7A055A5DA73CF4D3F.e.265"}]}
RESULT: {"script":"<script> [8489 bytes]","args":[{"element-6066-11e4-a52e-4f735466cecf":"f.ED8E0B57595A63B1DCD4B405C054AFB5.d.2BC6BEE1ED2B9BE7A055A5DA73CF4D3F.e.265","ELEMENT":"f.ED8E0B57595A63B1DCD4B405C054AFB5.d.2BC6BEE1ED2B9BE7A055A5DA73CF4D3F.e.265"}]}
COMMAND: GET /session/8fd0bb299c4d08baff2919a55e249d0e/element/f.ED8E0B57595A63B1DCD4B405C054AFB5.d.2BC6BEE1ED2B9BE7A055A5DA73CF4D3F.e.265/enabled - {}
COMMAND: GET /session/8fd0bb299c4d08baff2919a55e249d0e/screenshot - {}
RESULT: {}
COMMAND: POST /session/8fd0bb299c4d08baff2919a55e249d0e/execute/sync - {"script":"<script> [8489 bytes]","args":[{"element-6066-11e4-a52e-4f735466cecf":"f.ED8E0B57595A63B1DCD4B405C054AFB5.d.2BC6BEE1ED2B9BE7A055A5DA73CF4D3F.e.265","ELEMENT":"f.ED8E0B57595A63B1DCD4B405C054AFB5.d.2BC6BEE1ED2B9BE7A055A5DA73CF4D3F.e.265"}]}
COMMAND: GET /session/8fd0bb299c4d08baff2919a55e249d0e/screenshot - {}
RESULT: {}
RESULT: {"script":"<script> [8489 bytes]","args":[{"element-6066-11e4-a52e-4f735466cecf":"f.ED8E0B57595A63B1DCD4B405C054AFB5.d.2BC6BEE1ED2B9BE7A055A5DA73CF4D3F.e.265","ELEMENT":"f.ED8E0B57595A63B1DCD4B405C054AFB5.d.2BC6BEE1ED2B9BE7A055A5DA73CF4D3F.e.265"}]}
COMMAND: POST /session/8fd0bb299c4d08baff2919a55e249d0e/execute/sync - {"script":"<script> [5351 bytes]","args":[{"element-6066-11e4-a52e-4f735466cecf":"f.ED8E0B57595A63B1DCD4B405C054AFB5.d.2BC6BEE1ED2B9BE7A055A5DA73CF4D3F.e.265","ELEMENT":"f.ED8E0B57595A63B1DCD4B405C054AFB5.d.2BC6BEE1ED2B9BE7A055A5DA73CF4D3F.e.265"}]}
COMMAND: GET /session/8fd0bb299c4d08baff2919a55e249d0e/screenshot - {}
RESULT: {}
RESULT: {"script":"<script> [5351 bytes]","args":[{"element-6066-11e4-a52e-4f735466cecf":"f.ED8E0B57595A63B1DCD4B405C054AFB5.d.2BC6BEE1ED2B9BE7A055A5DA73CF4D3F.e.265","ELEMENT":"f.ED8E0B57595A63B1DCD4B405C054AFB5.d.2BC6BEE1ED2B9BE7A055A5DA73CF4D3F.e.265"}]}
COMMAND: POST /session/8fd0bb299c4d08baff2919a55e249d0e/element/f.ED8E0B57595A63B1DCD4B405C054AFB5.d.2BC6BEE1ED2B9BE7A055A5DA73CF4D3F.e.265/click - {}
COMMAND: GET /session/8fd0bb299c4d08baff2919a55e249d0e/screenshot - {}
RESULT: {}
RESULT: {}
COMMAND: GET /session/8fd0bb299c4d08baff2919a55e249d0e/screenshot - {}
COMMAND: POST /session/8fd0bb299c4d08baff2919a55e249d0e/element - {"using":"xpath","value":"//input[@id=\"application-manageyards-display-component---NewYard--yardId-inner\"]"}
RESULT: {}
RESULT: {}
RESULT: {"using":"xpath","value":"//input[@id=\"application-manageyards-display-component---NewYard--yardId-inner\"]"}
COMMAND: POST /session/8fd0bb299c4d08baff2919a55e249d0e/element - {"using":"xpath","value":"//input[@id=\"application-manageyards-display-component---NewYard--yardId-inner\"]"}
RESULT: {"using":"xpath","value":"//input[@id=\"application-manageyards-display-component---NewYard--yardId-inner\"]"}
COMMAND: POST /session/8fd0bb299c4d08baff2919a55e249d0e/execute/async - {"script":"<script> [1562 bytes]","args":[{"selector":{"id":"application-manageyards-display-component---NewYard--addressDetailDetailsName1","interaction":{"idSuffix":"inner"}},"wdio_ui5_key":"applicationmanageyards-display-component---NewYard--addressDetailDetailsName1"}]}
RESULT: {"script":"<script> [1562 bytes]","args":[{"selector":{"id":"application-manageyards-display-component---NewYard--addressDetailDetailsName1","interaction":{"idSuffix":"inner"}},"wdio_ui5_key":"applicationmanageyards-display-component---NewYard--addressDetailDetailsName1"}]}
RESULT: undefined
COMMAND: POST /session/8fd0bb299c4d08baff2919a55e249d0e/execute/async - {"script":"<script> [776 bytes]","args":[{"enterText":"Other Yard WDIO","selector":{"id":"application-manageyards-display-component---NewYard--addressDetailDetailsName1","interaction":{"idSuffix":"inner"}},"clearTextFirst":true,"interactionType":"ENTER_TEXT"}]}
RESULT: {"script":"<script> [776 bytes]","args":[{"enterText":"Other Yard WDIO","selector":{"id":"application-manageyards-display-component---NewYard--addressDetailDetailsName1","interaction":{"idSuffix":"inner"}},"clearTextFirst":true,"interactionType":"ENTER_TEXT"}]}
COMMAND: POST /session/8fd0bb299c4d08baff2919a55e249d0e/execute/async - {"script":"<script> [1562 bytes]","args":[{"selector":{"id":"application-manageyards-display-component---NewYard--addressDetailDetailsLanguage-arrow"},"wdio_ui5_key":"applicationmanageyards-display-component---NewYard--addressDetailDetailsLanguage-arrow"}]}
RESULT: {"script":"<script> [1562 bytes]","args":[{"selector":{"id":"application-manageyards-display-component---NewYard--addressDetailDetailsLanguage-arrow"},"wdio_ui5_key":"applicationmanageyards-display-component---NewYard--addressDetailDetailsLanguage-arrow"}]}
RESULT: undefined
COMMAND: POST /session/8fd0bb299c4d08baff2919a55e249d0e/element - {"using":"xpath","value":"//*[@id=\"application-manageyards-display-component---NewYard--addressDetailDetailsLanguage-arrow\"]"}
RESULT: {"using":"xpath","value":"//*[@id=\"application-manageyards-display-component---NewYard--addressDetailDetailsLanguage-arrow\"]"}
COMMAND: POST /session/8fd0bb299c4d08baff2919a55e249d0e/element/f.ED8E0B57595A63B1DCD4B405C054AFB5.d.2BC6BEE1ED2B9BE7A055A5DA73CF4D3F.e.696/click - {}
RESULT: {}
COMMAND: POST /session/8fd0bb299c4d08baff2919a55e249d0e/element - {"using":"xpath","value":"//span[contains(text(), \"English\")]"}
COMMAND: GET /session/8fd0bb299c4d08baff2919a55e249d0e/screenshot - {}
RESULT: {"using":"xpath","value":"//span[contains(text(), \"English\")]"}
COMMAND: POST /session/8fd0bb299c4d08baff2919a55e249d0e/element/f.ED8E0B57595A63B1DCD4B405C054AFB5.d.2BC6BEE1ED2B9BE7A055A5DA73CF4D3F.e.697/click - {}
RESULT: {}
RESULT: {}
COMMAND: POST /session/8fd0bb299c4d08baff2919a55e249d0e/execute/async - {"script":"<script> [1562 bytes]","args":[{"selector":{"id":"application-manageyards-display-component---NewYard--addressDetailDetailsCity1","interaction":{"idSuffix":"inner"}},"wdio_ui5_key":"applicationmanageyards-display-component---NewYard--addressDetailDetailsCity1"}]}
COMMAND: GET /session/8fd0bb299c4d08baff2919a55e249d0e/screenshot - {}
RESULT: {"script":"<script> [1562 bytes]","args":[{"selector":{"id":"application-manageyards-display-component---NewYard--addressDetailDetailsCity1","interaction":{"idSuffix":"inner"}},"wdio_ui5_key":"applicationmanageyards-display-component---NewYard--addressDetailDetailsCity1"}]}
RESULT: undefined
COMMAND: POST /session/8fd0bb299c4d08baff2919a55e249d0e/execute/async - {"script":"<script> [776 bytes]","args":[{"enterText":"Rosario","selector":{"id":"application-manageyards-display-component---NewYard--addressDetailDetailsCity1","interaction":{"idSuffix":"inner"}},"clearTextFirst":true,"interactionType":"ENTER_TEXT"}]}
RESULT: {}
RESULT: {"script":"<script> [776 bytes]","args":[{"enterText":"Rosario","selector":{"id":"application-manageyards-display-component---NewYard--addressDetailDetailsCity1","interaction":{"idSuffix":"inner"}},"clearTextFirst":true,"interactionType":"ENTER_TEXT"}]}
COMMAND: POST /session/8fd0bb299c4d08baff2919a55e249d0e/execute/async - {"script":"<script> [1562 bytes]","args":[{"selector":{"id":"application-manageyards-display-component---NewYard--addressDetailDetailsCountry-arrow"},"wdio_ui5_key":"applicationmanageyards-display-component---NewYard--addressDetailDetailsCountry-arrow"}]}
RESULT: {"script":"<script> [1562 bytes]","args":[{"selector":{"id":"application-manageyards-display-component---NewYard--addressDetailDetailsCountry-arrow"},"wdio_ui5_key":"applicationmanageyards-display-component---NewYard--addressDetailDetailsCountry-arrow"}]}
RESULT: undefined
COMMAND: POST /session/8fd0bb299c4d08baff2919a55e249d0e/element - {"using":"xpath","value":"//*[@id=\"application-manageyards-display-component---NewYard--addressDetailDetailsCountry-arrow\"]"}
RESULT: {"using":"xpath","value":"//*[@id=\"application-manageyards-display-component---NewYard--addressDetailDetailsCountry-arrow\"]"}
COMMAND: POST /session/8fd0bb299c4d08baff2919a55e249d0e/element/f.ED8E0B57595A63B1DCD4B405C054AFB5.d.2BC6BEE1ED2B9BE7A055A5DA73CF4D3F.e.699/click - {}
RESULT: {}
COMMAND: POST /session/8fd0bb299c4d08baff2919a55e249d0e/element - {"using":"xpath","value":"//span[contains(text(), \"Argentina\")]"}
COMMAND: GET /session/8fd0bb299c4d08baff2919a55e249d0e/screenshot - {}
RESULT: {"using":"xpath","value":"//span[contains(text(), \"Argentina\")]"}
COMMAND: POST /session/8fd0bb299c4d08baff2919a55e249d0e/element/f.ED8E0B57595A63B1DCD4B405C054AFB5.d.2BC6BEE1ED2B9BE7A055A5DA73CF4D3F.e.700/click - {}
RESULT: {}
RESULT: {}
COMMAND: POST /session/8fd0bb299c4d08baff2919a55e249d0e/execute/async - {"script":"<script> [1562 bytes]","args":[{"selector":{"id":"application-manageyards-display-component---NewYard--addressEditDetailsCostObjectCstType-arrow"},"wdio_ui5_key":"applicationmanageyards-display-component---NewYard--addressEditDetailsCostObjectCstType-arrow"}]}
COMMAND: GET /session/8fd0bb299c4d08baff2919a55e249d0e/screenshot - {}
RESULT: {"script":"<script> [1562 bytes]","args":[{"selector":{"id":"application-manageyards-display-component---NewYard--addressEditDetailsCostObjectCstType-arrow"},"wdio_ui5_key":"applicationmanageyards-display-component---NewYard--addressEditDetailsCostObjectCstType-arrow"}]}
RESULT: undefined
COMMAND: POST /session/8fd0bb299c4d08baff2919a55e249d0e/element - {"using":"xpath","value":"//*[@id=\"application-manageyards-display-component---NewYard--addressEditDetailsCostObjectCstType-arrow\"]"}
RESULT: {}
RESULT: {"using":"xpath","value":"//*[@id=\"application-manageyards-display-component---NewYard--addressEditDetailsCostObjectCstType-arrow\"]"}
COMMAND: POST /session/8fd0bb299c4d08baff2919a55e249d0e/element/f.ED8E0B57595A63B1DCD4B405C054AFB5.d.2BC6BEE1ED2B9BE7A055A5DA73CF4D3F.e.702/click - {}
RESULT: {}
COMMAND: POST /session/8fd0bb299c4d08baff2919a55e249d0e/element - {"using":"xpath","value":"//span[contains(text(), \"Cost Center\")]"}
COMMAND: GET /session/8fd0bb299c4d08baff2919a55e249d0e/screenshot - {}
RESULT: {"using":"xpath","value":"//span[contains(text(), \"Cost Center\")]"}
COMMAND: POST /session/8fd0bb299c4d08baff2919a55e249d0e/element/f.ED8E0B57595A63B1DCD4B405C054AFB5.d.2BC6BEE1ED2B9BE7A055A5DA73CF4D3F.e.703/click - {}
RESULT: {}
RESULT: {}
COMMAND: GET /session/8fd0bb299c4d08baff2919a55e249d0e/screenshot - {}
RESULT: {}
COMMAND: POST /session/8fd0bb299c4d08baff2919a55e249d0e/element - {"using":"xpath","value":"//span[@id=\"application-manageyards-display-component---NewYard--addressNewCostObjectCstID-vhi\"]"}
RESULT: {"using":"xpath","value":"//span[@id=\"application-manageyards-display-component---NewYard--addressNewCostObjectCstID-vhi\"]"}
COMMAND: POST /session/8fd0bb299c4d08baff2919a55e249d0e/execute/sync - {"script":"<script> [8489 bytes]","args":[{"element-6066-11e4-a52e-4f735466cecf":"f.ED8E0B57595A63B1DCD4B405C054AFB5.d.2BC6BEE1ED2B9BE7A055A5DA73CF4D3F.e.707","ELEMENT":"f.ED8E0B57595A63B1DCD4B405C054AFB5.d.2BC6BEE1ED2B9BE7A055A5DA73CF4D3F.e.707"}]}
RESULT: {"script":"<script> [8489 bytes]","args":[{"element-6066-11e4-a52e-4f735466cecf":"f.ED8E0B57595A63B1DCD4B405C054AFB5.d.2BC6BEE1ED2B9BE7A055A5DA73CF4D3F.e.707","ELEMENT":"f.ED8E0B57595A63B1DCD4B405C054AFB5.d.2BC6BEE1ED2B9BE7A055A5DA73CF4D3F.e.707"}]}
COMMAND: POST /session/8fd0bb299c4d08baff2919a55e249d0e/execute/async - {"script":"<script> [1562 bytes]","args":[{"selector":{"id":"application-manageyards-display-component---NewYard--addressNewCostObjectCstID-vhi"},"wdio_ui5_key":"applicationmanageyards-display-component---NewYard--addressNewCostObjectCstID-vhi"}]}
COMMAND: GET /session/8fd0bb299c4d08baff2919a55e249d0e/screenshot - {}
RESULT: {"script":"<script> [1562 bytes]","args":[{"selector":{"id":"application-manageyards-display-component---NewYard--addressNewCostObjectCstID-vhi"},"wdio_ui5_key":"applicationmanageyards-display-component---NewYard--addressNewCostObjectCstID-vhi"}]}
RESULT: undefined
COMMAND: POST /session/8fd0bb299c4d08baff2919a55e249d0e/element - {"using":"xpath","value":"//*[@id=\"application-manageyards-display-component---NewYard--addressNewCostObjectCstID-vhi\"]"}
RESULT: {}
RESULT: {"using":"xpath","value":"//*[@id=\"application-manageyards-display-component---NewYard--addressNewCostObjectCstID-vhi\"]"}
COMMAND: POST /session/8fd0bb299c4d08baff2919a55e249d0e/element/f.ED8E0B57595A63B1DCD4B405C054AFB5.d.2BC6BEE1ED2B9BE7A055A5DA73CF4D3F.e.707/click - {}
RESULT: {}
COMMAND: GET /session/8fd0bb299c4d08baff2919a55e249d0e/screenshot - {}
RESULT: {}
COMMAND: POST /session/8fd0bb299c4d08baff2919a55e249d0e/execute/async - {"script":"<script> [1562 bytes]","args":[{"selector":{"controlType":"sap.m.SearchField","properties":{"placeholder":"Search"},"searchOpenDialogs":true,"interaction":{"idSuffix":"I"}},"wdio_ui5_key":"sapm.SearchField{\"placeholder\":\"Search\"}"}]}
RESULT: {"script":"<script> [1562 bytes]","args":[{"selector":{"controlType":"sap.m.SearchField","properties":{"placeholder":"Search"},"searchOpenDialogs":true,"interaction":{"idSuffix":"I"}},"wdio_ui5_key":"sapm.SearchField{\"placeholder\":\"Search\"}"}]}
RESULT: undefined
COMMAND: POST /session/8fd0bb299c4d08baff2919a55e249d0e/execute/async - {"script":"<script> [776 bytes]","args":[{"enterText":"bauh_b","selector":{"controlType":"sap.m.SearchField","properties":{"placeholder":"Search"},"searchOpenDialogs":true,"interaction":{"idSuffix":"I"}},"clearTextFirst":true,"interactionType":"ENTER_TEXT"}]}
RESULT: {"script":"<script> [776 bytes]","args":[{"enterText":"bauh_b","selector":{"controlType":"sap.m.SearchField","properties":{"placeholder":"Search"},"searchOpenDialogs":true,"interaction":{"idSuffix":"I"}},"clearTextFirst":true,"interactionType":"ENTER_TEXT"}]}
COMMAND: POST /session/8fd0bb299c4d08baff2919a55e249d0e/actions - {"actions":[{"id":"action1","type":"key","parameters":{},"actions":[{"type":"keyDown","value":"î€‡"},{"type":"pause","duration":10},{"type":"keyUp","value":"î€‡"}]}]}
RESULT: {"actions":[{"id":"action1","type":"key","parameters":{},"actions":[{"type":"keyDown","value":"î€‡"},{"type":"pause","duration":10},{"type":"keyUp","value":"î€‡"}]}]}
COMMAND: GET /session/8fd0bb299c4d08baff2919a55e249d0e/screenshot - {}
COMMAND: POST /session/8fd0bb299c4d08baff2919a55e249d0e/element - {"using":"xpath","value":"//span[contains(text(), \"Demo Yard\")]"}
RESULT: {}
RESULT: {"using":"xpath","value":"//span[contains(text(), \"Demo Yard\")]"}
COMMAND: POST /session/8fd0bb299c4d08baff2919a55e249d0e/elements - {"using":"xpath","value":"//span[contains(text(), \"Demo Yard\")]"}
RESULT: {"using":"xpath","value":"//span[contains(text(), \"Demo Yard\")]"}
COMMAND: POST /session/8fd0bb299c4d08baff2919a55e249d0e/element - {"using":"xpath","value":"//span[contains(text(), \"Demo Yard\")]"}
RESULT: {"using":"xpath","value":"//span[contains(text(), \"Demo Yard\")]"}
COMMAND: POST /session/8fd0bb299c4d08baff2919a55e249d0e/element/f.ED8E0B57595A63B1DCD4B405C054AFB5.d.2BC6BEE1ED2B9BE7A055A5DA73CF4D3F.e.750/click - {}
RESULT: {}
COMMAND: GET /session/8fd0bb299c4d08baff2919a55e249d0e/screenshot - {}
RESULT: {}
COMMAND: POST /session/8fd0bb299c4d08baff2919a55e249d0e/element - {"using":"xpath","value":"//bdi[contains(text(), \"OK\")]"}
RESULT: {"using":"xpath","value":"//bdi[contains(text(), \"OK\")]"}
COMMAND: POST /session/8fd0bb299c4d08baff2919a55e249d0e/element/f.ED8E0B57595A63B1DCD4B405C054AFB5.d.2BC6BEE1ED2B9BE7A055A5DA73CF4D3F.e.751/click - {}
RESULT: {}
COMMAND: GET /session/8fd0bb299c4d08baff2919a55e249d0e/screenshot - {}
RESULT: {}
COMMAND: POST /session/8fd0bb299c4d08baff2919a55e249d0e/execute/async - {"script":"<script> [1562 bytes]","args":[{"selector":{"id":"application-manageyards-display-component---NewYard--addressEditDetailsCurrency-arrow"},"wdio_ui5_key":"applicationmanageyards-display-component---NewYard--addressEditDetailsCurrency-arrow"}]}
RESULT: {"script":"<script> [1562 bytes]","args":[{"selector":{"id":"application-manageyards-display-component---NewYard--addressEditDetailsCurrency-arrow"},"wdio_ui5_key":"applicationmanageyards-display-component---NewYard--addressEditDetailsCurrency-arrow"}]}
RESULT: undefined
COMMAND: POST /session/8fd0bb299c4d08baff2919a55e249d0e/element - {"using":"xpath","value":"//*[@id=\"application-manageyards-display-component---NewYard--addressEditDetailsCurrency-arrow\"]"}
RESULT: {"using":"xpath","value":"//*[@id=\"application-manageyards-display-component---NewYard--addressEditDetailsCurrency-arrow\"]"}
COMMAND: POST /session/8fd0bb299c4d08baff2919a55e249d0e/element/f.ED8E0B57595A63B1DCD4B405C054AFB5.d.2BC6BEE1ED2B9BE7A055A5DA73CF4D3F.e.754/click - {}
RESULT: {}
COMMAND: POST /session/8fd0bb299c4d08baff2919a55e249d0e/element - {"using":"xpath","value":"//span[contains(text(), \"Euro\")]"}
COMMAND: GET /session/8fd0bb299c4d08baff2919a55e249d0e/screenshot - {}
RESULT: {"using":"xpath","value":"//span[contains(text(), \"Euro\")]"}
COMMAND: POST /session/8fd0bb299c4d08baff2919a55e249d0e/element/f.ED8E0B57595A63B1DCD4B405C054AFB5.d.2BC6BEE1ED2B9BE7A055A5DA73CF4D3F.e.755/click - {}
RESULT: {}
RESULT: {}
COMMAND: POST /session/8fd0bb299c4d08baff2919a55e249d0e/execute/async - {"script":"<script> [1562 bytes]","args":[{"selector":{"controlType":"sap.m.Input","viewName":"etm.portal.ui.manageyards.view.New","viewId":"application-manageyards-display-component---NewYard","bindingPath":{"path":"","propertyPath":"/CONTROLLING_AREA","modelName":"NewYardModel"},"interaction":{"idSuffix":"inner"}},"wdio_ui5_key":"etmportal.ui.manageyards.view.Newsap.m.Input{\"path\":\"\",\"propertyPath\":\"/CONTROLLING_AREA\",\"modelName\":\"NewYardModel\"}"}]}
COMMAND: GET /session/8fd0bb299c4d08baff2919a55e249d0e/screenshot - {}
RESULT: {"script":"<script> [1562 bytes]","args":[{"selector":{"controlType":"sap.m.Input","viewName":"etm.portal.ui.manageyards.view.New","viewId":"application-manageyards-display-component---NewYard","bindingPath":{"path":"","propertyPath":"/CONTROLLING_AREA","modelName":"NewYardModel"},"interaction":{"idSuffix":"inner"}},"wdio_ui5_key":"etmportal.ui.manageyards.view.Newsap.m.Input{\"path\":\"\",\"propertyPath\":\"/CONTROLLING_AREA\",\"modelName\":\"NewYardModel\"}"}]}
RESULT: undefined
COMMAND: POST /session/8fd0bb299c4d08baff2919a55e249d0e/execute/async - {"script":"<script> [776 bytes]","args":[{"enterText":"Z001","selector":{"controlType":"sap.m.Input","viewName":"etm.portal.ui.manageyards.view.New","viewId":"application-manageyards-display-component---NewYard","bindingPath":{"path":"","propertyPath":"/CONTROLLING_AREA","modelName":"NewYardModel"},"interaction":{"idSuffix":"inner"}},"clearTextFirst":true,"interactionType":"ENTER_TEXT"}]}
RESULT: {}
RESULT: {"script":"<script> [776 bytes]","args":[{"enterText":"Z001","selector":{"controlType":"sap.m.Input","viewName":"etm.portal.ui.manageyards.view.New","viewId":"application-manageyards-display-component---NewYard","bindingPath":{"path":"","propertyPath":"/CONTROLLING_AREA","modelName":"NewYardModel"},"interaction":{"idSuffix":"inner"}},"clearTextFirst":true,"interactionType":"ENTER_TEXT"}]}
COMMAND: POST /session/8fd0bb299c4d08baff2919a55e249d0e/execute/async - {"script":"<script> [1562 bytes]","args":[{"selector":{"id":"application-manageyards-display-component---NewYard--companyCodeComboBox","interaction":{"idSuffix":"inner"}},"wdio_ui5_key":"applicationmanageyards-display-component---NewYard--companyCodeComboBox"}]}
RESULT: {"script":"<script> [1562 bytes]","args":[{"selector":{"id":"application-manageyards-display-component---NewYard--companyCodeComboBox","interaction":{"idSuffix":"inner"}},"wdio_ui5_key":"applicationmanageyards-display-component---NewYard--companyCodeComboBox"}]}
RESULT: undefined
COMMAND: POST /session/8fd0bb299c4d08baff2919a55e249d0e/execute/async - {"script":"<script> [776 bytes]","args":[{"enterText":"1000","selector":{"id":"application-manageyards-display-component---NewYard--companyCodeComboBox","interaction":{"idSuffix":"inner"}},"clearTextFirst":true,"interactionType":"ENTER_TEXT"}]}
RESULT: {"script":"<script> [776 bytes]","args":[{"enterText":"1000","selector":{"id":"application-manageyards-display-component---NewYard--companyCodeComboBox","interaction":{"idSuffix":"inner"}},"clearTextFirst":true,"interactionType":"ENTER_TEXT"}]}
COMMAND: POST /session/8fd0bb299c4d08baff2919a55e249d0e/execute/async - {"script":"<script> [1562 bytes]","args":[{"selector":{"controlType":"sap.m.Input","viewName":"etm.portal.ui.manageyards.view.New","viewId":"application-manageyards-display-component---NewYard","bindingPath":{"path":"","propertyPath":"/PLANT","modelName":"NewYardModel"},"interaction":{"idSuffix":"inner"}},"wdio_ui5_key":"etmportal.ui.manageyards.view.Newsap.m.Input{\"path\":\"\",\"propertyPath\":\"/PLANT\",\"modelName\":\"NewYardModel\"}"}]}
RESULT: {"script":"<script> [1562 bytes]","args":[{"selector":{"controlType":"sap.m.Input","viewName":"etm.portal.ui.manageyards.view.New","viewId":"application-manageyards-display-component---NewYard","bindingPath":{"path":"","propertyPath":"/PLANT","modelName":"NewYardModel"},"interaction":{"idSuffix":"inner"}},"wdio_ui5_key":"etmportal.ui.manageyards.view.Newsap.m.Input{\"path\":\"\",\"propertyPath\":\"/PLANT\",\"modelName\":\"NewYardModel\"}"}]}
RESULT: undefined
COMMAND: POST /session/8fd0bb299c4d08baff2919a55e249d0e/execute/async - {"script":"<script> [776 bytes]","args":[{"enterText":"1001","selector":{"controlType":"sap.m.Input","viewName":"etm.portal.ui.manageyards.view.New","viewId":"application-manageyards-display-component---NewYard","bindingPath":{"path":"","propertyPath":"/PLANT","modelName":"NewYardModel"},"interaction":{"idSuffix":"inner"}},"clearTextFirst":true,"interactionType":"ENTER_TEXT"}]}
RESULT: {"script":"<script> [776 bytes]","args":[{"enterText":"1001","selector":{"controlType":"sap.m.Input","viewName":"etm.portal.ui.manageyards.view.New","viewId":"application-manageyards-display-component---NewYard","bindingPath":{"path":"","propertyPath":"/PLANT","modelName":"NewYardModel"},"interaction":{"idSuffix":"inner"}},"clearTextFirst":true,"interactionType":"ENTER_TEXT"}]}
COMMAND: POST /session/8fd0bb299c4d08baff2919a55e249d0e/execute/async - {"script":"<script> [1562 bytes]","args":[{"selector":{"controlType":"sap.m.Input","viewName":"etm.portal.ui.manageyards.view.New","viewId":"application-manageyards-display-component---NewYard","bindingPath":{"path":"","propertyPath":"/SALES_AREA_VKORG","modelName":"NewYardModel"},"interaction":{"idSuffix":"inner"}},"wdio_ui5_key":"etmportal.ui.manageyards.view.Newsap.m.Input{\"path\":\"\",\"propertyPath\":\"/SALES_AREA_VKORG\",\"modelName\":\"NewYardModel\"}"}]}
RESULT: {"script":"<script> [1562 bytes]","args":[{"selector":{"controlType":"sap.m.Input","viewName":"etm.portal.ui.manageyards.view.New","viewId":"application-manageyards-display-component---NewYard","bindingPath":{"path":"","propertyPath":"/SALES_AREA_VKORG","modelName":"NewYardModel"},"interaction":{"idSuffix":"inner"}},"wdio_ui5_key":"etmportal.ui.manageyards.view.Newsap.m.Input{\"path\":\"\",\"propertyPath\":\"/SALES_AREA_VKORG\",\"modelName\":\"NewYardModel\"}"}]}
RESULT: undefined
COMMAND: POST /session/8fd0bb299c4d08baff2919a55e249d0e/execute/async - {"script":"<script> [776 bytes]","args":[{"enterText":"C002","selector":{"controlType":"sap.m.Input","viewName":"etm.portal.ui.manageyards.view.New","viewId":"application-manageyards-display-component---NewYard","bindingPath":{"path":"","propertyPath":"/SALES_AREA_VKORG","modelName":"NewYardModel"},"interaction":{"idSuffix":"inner"}},"clearTextFirst":true,"interactionType":"ENTER_TEXT"}]}
RESULT: {"script":"<script> [776 bytes]","args":[{"enterText":"C002","selector":{"controlType":"sap.m.Input","viewName":"etm.portal.ui.manageyards.view.New","viewId":"application-manageyards-display-component---NewYard","bindingPath":{"path":"","propertyPath":"/SALES_AREA_VKORG","modelName":"NewYardModel"},"interaction":{"idSuffix":"inner"}},"clearTextFirst":true,"interactionType":"ENTER_TEXT"}]}
COMMAND: POST /session/8fd0bb299c4d08baff2919a55e249d0e/execute/async - {"script":"<script> [1562 bytes]","args":[{"selector":{"controlType":"sap.m.Input","viewName":"etm.portal.ui.manageyards.view.New","viewId":"application-manageyards-display-component---NewYard","bindingPath":{"path":"","propertyPath":"/SALES_AREA_VTWEG","modelName":"NewYardModel"},"interaction":{"idSuffix":"inner"}},"wdio_ui5_key":"etmportal.ui.manageyards.view.Newsap.m.Input{\"path\":\"\",\"propertyPath\":\"/SALES_AREA_VTWEG\",\"modelName\":\"NewYardModel\"}"}]}
RESULT: {"script":"<script> [1562 bytes]","args":[{"selector":{"controlType":"sap.m.Input","viewName":"etm.portal.ui.manageyards.view.New","viewId":"application-manageyards-display-component---NewYard","bindingPath":{"path":"","propertyPath":"/SALES_AREA_VTWEG","modelName":"NewYardModel"},"interaction":{"idSuffix":"inner"}},"wdio_ui5_key":"etmportal.ui.manageyards.view.Newsap.m.Input{\"path\":\"\",\"propertyPath\":\"/SALES_AREA_VTWEG\",\"modelName\":\"NewYardModel\"}"}]}
RESULT: undefined
COMMAND: POST /session/8fd0bb299c4d08baff2919a55e249d0e/execute/async - {"script":"<script> [776 bytes]","args":[{"enterText":"C2","selector":{"controlType":"sap.m.Input","viewName":"etm.portal.ui.manageyards.view.New","viewId":"application-manageyards-display-component---NewYard","bindingPath":{"path":"","propertyPath":"/SALES_AREA_VTWEG","modelName":"NewYardModel"},"interaction":{"idSuffix":"inner"}},"clearTextFirst":true,"interactionType":"ENTER_TEXT"}]}
RESULT: {"script":"<script> [776 bytes]","args":[{"enterText":"C2","selector":{"controlType":"sap.m.Input","viewName":"etm.portal.ui.manageyards.view.New","viewId":"application-manageyards-display-component---NewYard","bindingPath":{"path":"","propertyPath":"/SALES_AREA_VTWEG","modelName":"NewYardModel"},"interaction":{"idSuffix":"inner"}},"clearTextFirst":true,"interactionType":"ENTER_TEXT"}]}
COMMAND: POST /session/8fd0bb299c4d08baff2919a55e249d0e/execute/async - {"script":"<script> [1562 bytes]","args":[{"selector":{"controlType":"sap.m.Input","viewName":"etm.portal.ui.manageyards.view.New","viewId":"application-manageyards-display-component---NewYard","bindingPath":{"path":"","propertyPath":"/SALES_AREA_SPART","modelName":"NewYardModel"},"interaction":{"idSuffix":"inner"}},"wdio_ui5_key":"etmportal.ui.manageyards.view.Newsap.m.Input{\"path\":\"\",\"propertyPath\":\"/SALES_AREA_SPART\",\"modelName\":\"NewYardModel\"}"}]}
RESULT: {"script":"<script> [1562 bytes]","args":[{"selector":{"controlType":"sap.m.Input","viewName":"etm.portal.ui.manageyards.view.New","viewId":"application-manageyards-display-component---NewYard","bindingPath":{"path":"","propertyPath":"/SALES_AREA_SPART","modelName":"NewYardModel"},"interaction":{"idSuffix":"inner"}},"wdio_ui5_key":"etmportal.ui.manageyards.view.Newsap.m.Input{\"path\":\"\",\"propertyPath\":\"/SALES_AREA_SPART\",\"modelName\":\"NewYardModel\"}"}]}
RESULT: undefined
COMMAND: POST /session/8fd0bb299c4d08baff2919a55e249d0e/execute/async - {"script":"<script> [776 bytes]","args":[{"enterText":"C2","selector":{"controlType":"sap.m.Input","viewName":"etm.portal.ui.manageyards.view.New","viewId":"application-manageyards-display-component---NewYard","bindingPath":{"path":"","propertyPath":"/SALES_AREA_SPART","modelName":"NewYardModel"},"interaction":{"idSuffix":"inner"}},"clearTextFirst":true,"interactionType":"ENTER_TEXT"}]}
RESULT: {"script":"<script> [776 bytes]","args":[{"enterText":"C2","selector":{"controlType":"sap.m.Input","viewName":"etm.portal.ui.manageyards.view.New","viewId":"application-manageyards-display-component---NewYard","bindingPath":{"path":"","propertyPath":"/SALES_AREA_SPART","modelName":"NewYardModel"},"interaction":{"idSuffix":"inner"}},"clearTextFirst":true,"interactionType":"ENTER_TEXT"}]}
COMMAND: POST /session/8fd0bb299c4d08baff2919a55e249d0e/execute/async - {"script":"<script> [1562 bytes]","args":[{"selector":{"controlType":"sap.m.Input","viewName":"etm.portal.ui.manageyards.view.New","viewId":"application-manageyards-display-component---NewYard","bindingPath":{"path":"","propertyPath":"/SHIP_POINT","modelName":"NewYardModel"},"interaction":{"idSuffix":"inner"}},"wdio_ui5_key":"etmportal.ui.manageyards.view.Newsap.m.Input{\"path\":\"\",\"propertyPath\":\"/SHIP_POINT\",\"modelName\":\"NewYardModel\"}"}]}
RESULT: {"script":"<script> [1562 bytes]","args":[{"selector":{"controlType":"sap.m.Input","viewName":"etm.portal.ui.manageyards.view.New","viewId":"application-manageyards-display-component---NewYard","bindingPath":{"path":"","propertyPath":"/SHIP_POINT","modelName":"NewYardModel"},"interaction":{"idSuffix":"inner"}},"wdio_ui5_key":"etmportal.ui.manageyards.view.Newsap.m.Input{\"path\":\"\",\"propertyPath\":\"/SHIP_POINT\",\"modelName\":\"NewYardModel\"}"}]}
RESULT: undefined
COMMAND: POST /session/8fd0bb299c4d08baff2919a55e249d0e/execute/async - {"script":"<script> [776 bytes]","args":[{"enterText":"1710","selector":{"controlType":"sap.m.Input","viewName":"etm.portal.ui.manageyards.view.New","viewId":"application-manageyards-display-component---NewYard","bindingPath":{"path":"","propertyPath":"/SHIP_POINT","modelName":"NewYardModel"},"interaction":{"idSuffix":"inner"}},"clearTextFirst":true,"interactionType":"ENTER_TEXT"}]}
RESULT: {"script":"<script> [776 bytes]","args":[{"enterText":"1710","selector":{"controlType":"sap.m.Input","viewName":"etm.portal.ui.manageyards.view.New","viewId":"application-manageyards-display-component---NewYard","bindingPath":{"path":"","propertyPath":"/SHIP_POINT","modelName":"NewYardModel"},"interaction":{"idSuffix":"inner"}},"clearTextFirst":true,"interactionType":"ENTER_TEXT"}]}
COMMAND: POST /session/8fd0bb299c4d08baff2919a55e249d0e/execute/async - {"script":"<script> [1562 bytes]","args":[{"selector":{"controlType":"sap.m.Input","viewName":"etm.portal.ui.manageyards.view.New","viewId":"application-manageyards-display-component---NewYard","bindingPath":{"path":"","propertyPath":"/DELIVERY_TYPE","modelName":"NewYardModel"},"interaction":{"idSuffix":"inner"}},"wdio_ui5_key":"etmportal.ui.manageyards.view.Newsap.m.Input{\"path\":\"\",\"propertyPath\":\"/DELIVERY_TYPE\",\"modelName\":\"NewYardModel\"}"}]}
RESULT: {"script":"<script> [1562 bytes]","args":[{"selector":{"controlType":"sap.m.Input","viewName":"etm.portal.ui.manageyards.view.New","viewId":"application-manageyards-display-component---NewYard","bindingPath":{"path":"","propertyPath":"/DELIVERY_TYPE","modelName":"NewYardModel"},"interaction":{"idSuffix":"inner"}},"wdio_ui5_key":"etmportal.ui.manageyards.view.Newsap.m.Input{\"path\":\"\",\"propertyPath\":\"/DELIVERY_TYPE\",\"modelName\":\"NewYardModel\"}"}]}
RESULT: undefined
COMMAND: POST /session/8fd0bb299c4d08baff2919a55e249d0e/execute/async - {"script":"<script> [776 bytes]","args":[{"enterText":"ZL01","selector":{"controlType":"sap.m.Input","viewName":"etm.portal.ui.manageyards.view.New","viewId":"application-manageyards-display-component---NewYard","bindingPath":{"path":"","propertyPath":"/DELIVERY_TYPE","modelName":"NewYardModel"},"interaction":{"idSuffix":"inner"}},"clearTextFirst":true,"interactionType":"ENTER_TEXT"}]}
RESULT: {"script":"<script> [776 bytes]","args":[{"enterText":"ZL01","selector":{"controlType":"sap.m.Input","viewName":"etm.portal.ui.manageyards.view.New","viewId":"application-manageyards-display-component---NewYard","bindingPath":{"path":"","propertyPath":"/DELIVERY_TYPE","modelName":"NewYardModel"},"interaction":{"idSuffix":"inner"}},"clearTextFirst":true,"interactionType":"ENTER_TEXT"}]}
COMMAND: POST /session/8fd0bb299c4d08baff2919a55e249d0e/execute/async - {"script":"<script> [1562 bytes]","args":[{"selector":{"controlType":"sap.m.Input","viewName":"etm.portal.ui.manageyards.view.New","viewId":"application-manageyards-display-component---NewYard","bindingPath":{"path":"","propertyPath":"/AUART","modelName":"NewYardModel"},"interaction":{"idSuffix":"inner"}},"wdio_ui5_key":"etmportal.ui.manageyards.view.Newsap.m.Input{\"path\":\"\",\"propertyPath\":\"/AUART\",\"modelName\":\"NewYardModel\"}"}]}
RESULT: {"script":"<script> [1562 bytes]","args":[{"selector":{"controlType":"sap.m.Input","viewName":"etm.portal.ui.manageyards.view.New","viewId":"application-manageyards-display-component---NewYard","bindingPath":{"path":"","propertyPath":"/AUART","modelName":"NewYardModel"},"interaction":{"idSuffix":"inner"}},"wdio_ui5_key":"etmportal.ui.manageyards.view.Newsap.m.Input{\"path\":\"\",\"propertyPath\":\"/AUART\",\"modelName\":\"NewYardModel\"}"}]}
RESULT: undefined
COMMAND: POST /session/8fd0bb299c4d08baff2919a55e249d0e/execute/async - {"script":"<script> [776 bytes]","args":[{"enterText":"TA","selector":{"controlType":"sap.m.Input","viewName":"etm.portal.ui.manageyards.view.New","viewId":"application-manageyards-display-component---NewYard","bindingPath":{"path":"","propertyPath":"/AUART","modelName":"NewYardModel"},"interaction":{"idSuffix":"inner"}},"clearTextFirst":true,"interactionType":"ENTER_TEXT"}]}
RESULT: {"script":"<script> [776 bytes]","args":[{"enterText":"TA","selector":{"controlType":"sap.m.Input","viewName":"etm.portal.ui.manageyards.view.New","viewId":"application-manageyards-display-component---NewYard","bindingPath":{"path":"","propertyPath":"/AUART","modelName":"NewYardModel"},"interaction":{"idSuffix":"inner"}},"clearTextFirst":true,"interactionType":"ENTER_TEXT"}]}
COMMAND: POST /session/8fd0bb299c4d08baff2919a55e249d0e/element - {"using":"xpath","value":"//button[@data-kt=\"newYardSaveButton\"]"}
RESULT: {"using":"xpath","value":"//button[@data-kt=\"newYardSaveButton\"]"}
COMMAND: POST /session/8fd0bb299c4d08baff2919a55e249d0e/element/f.ED8E0B57595A63B1DCD4B405C054AFB5.d.2BC6BEE1ED2B9BE7A055A5DA73CF4D3F.e.681/click - {}
RESULT: {}
COMMAND: GET /session/8fd0bb299c4d08baff2919a55e249d0e/screenshot - {}
RESULT: {}
COMMAND: POST /session/8fd0bb299c4d08baff2919a55e249d0e/element - {"using":"xpath","value":"//header[contains(@id, 'ObjectPageLayout-headerTitle')]/div[1]/div[2]/div[1]/span[1]"}
RESULT: {"using":"xpath","value":"//header[contains(@id, 'ObjectPageLayout-headerTitle')]/div[1]/div[2]/div[1]/span[1]"}
COMMAND: POST /session/8fd0bb299c4d08baff2919a55e249d0e/elements - {"using":"xpath","value":"//header[contains(@id, 'ObjectPageLayout-headerTitle')]/div[1]/div[2]/div[1]/span[1]"}
RESULT: {"using":"xpath","value":"//header[contains(@id, 'ObjectPageLayout-headerTitle')]/div[1]/div[2]/div[1]/span[1]"}
COMMAND: POST /session/8fd0bb299c4d08baff2919a55e249d0e/execute/sync - {"script":"<script> [56 bytes]","args":[{"element-6066-11e4-a52e-4f735466cecf":"f.ED8E0B57595A63B1DCD4B405C054AFB5.d.2BC6BEE1ED2B9BE7A055A5DA73CF4D3F.e.973","ELEMENT":"f.ED8E0B57595A63B1DCD4B405C054AFB5.d.2BC6BEE1ED2B9BE7A055A5DA73CF4D3F.e.973"}]}
RESULT: {"script":"<script> [56 bytes]","args":[{"element-6066-11e4-a52e-4f735466cecf":"f.ED8E0B57595A63B1DCD4B405C054AFB5.d.2BC6BEE1ED2B9BE7A055A5DA73CF4D3F.e.973","ELEMENT":"f.ED8E0B57595A63B1DCD4B405C054AFB5.d.2BC6BEE1ED2B9BE7A055A5DA73CF4D3F.e.973"}]}
COMMAND: GET /session/8fd0bb299c4d08baff2919a55e249d0e/screenshot - {}
RESULT: {}
COMMAND: POST /session/8fd0bb299c4d08baff2919a55e249d0e/element - {"using":"css selector","value":"#shell-header-logo"}
RESULT: {"using":"css selector","value":"#shell-header-logo"}
COMMAND: POST /session/8fd0bb299c4d08baff2919a55e249d0e/element/f.ED8E0B57595A63B1DCD4B405C054AFB5.d.2BC6BEE1ED2B9BE7A055A5DA73CF4D3F.e.233/click - {}
RESULT: {}
COMMAND: GET /session/8fd0bb299c4d08baff2919a55e249d0e/screenshot - {}
RESULT: {}
COMMAND: POST /session/8fd0bb299c4d08baff2919a55e249d0e/execute/sync - {"script":"<script> [299 bytes]","args":[["getModel","getResource"]]}
RESULT: {"script":"<script> [299 bytes]","args":[["getModel","getResource"]]}
]]></system-out>
    </testcase>
    <testcase classname="chrome.136_0_7103_93.windows.Bill_of_Resources_tests_for_bundle_creation_&amp;_replenishment_US131067_US131070" name="Should create two equipments one being a copy of the other" time="160.381">
      <system-out><![CDATA[
COMMAND: POST /session/8fd0bb299c4d08baff2919a55e249d0e/execute/async - {"script":"<script> [1562 bytes]","args":[{"selector":{"controlType":"sap.m.GenericTile","properties":{"header":"Manage Resources"}},"wdio_ui5_key":"sapm.GenericTile{\"header\":\"Manage Resources\"}"}]}
COMMAND: GET /session/8fd0bb299c4d08baff2919a55e249d0e/screenshot - {}
RESULT: {"script":"<script> [1562 bytes]","args":[{"selector":{"controlType":"sap.m.GenericTile","properties":{"header":"Manage Resources"}},"wdio_ui5_key":"sapm.GenericTile{\"header\":\"Manage Resources\"}"}]}
RESULT: undefined
COMMAND: POST /session/8fd0bb299c4d08baff2919a55e249d0e/element - {"using":"xpath","value":"//*[@id=\"__tile39\"]"}
RESULT: {}
RESULT: {"using":"xpath","value":"//*[@id=\"__tile39\"]"}
COMMAND: POST /session/8fd0bb299c4d08baff2919a55e249d0e/element/f.ED8E0B57595A63B1DCD4B405C054AFB5.d.2BC6BEE1ED2B9BE7A055A5DA73CF4D3F.e.124/click - {}
RESULT: {}
COMMAND: GET /session/8fd0bb299c4d08baff2919a55e249d0e/screenshot - {}
RESULT: {}
COMMAND: POST /session/8fd0bb299c4d08baff2919a55e249d0e/elements - {"using":"xpath","value":"//span[text()='Error']"}
RESULT: {"using":"xpath","value":"//span[text()='Error']"}
COMMAND: POST /session/8fd0bb299c4d08baff2919a55e249d0e/element - {"using":"xpath","value":"//button[@data-kt=\"addNewRUOverflowToolbarButton\"]"}
RESULT: {"using":"xpath","value":"//button[@data-kt=\"addNewRUOverflowToolbarButton\"]"}
COMMAND: POST /session/8fd0bb299c4d08baff2919a55e249d0e/elements - {"using":"xpath","value":"//button[@data-kt=\"addNewRUOverflowToolbarButton\"]"}
RESULT: {"using":"xpath","value":"//button[@data-kt=\"addNewRUOverflowToolbarButton\"]"}
COMMAND: POST /session/8fd0bb299c4d08baff2919a55e249d0e/elements - {"using":"xpath","value":"//button[@data-kt=\"addNewRUOverflowToolbarButton\"]"}
RESULT: {"using":"xpath","value":"//button[@data-kt=\"addNewRUOverflowToolbarButton\"]"}
COMMAND: POST /session/8fd0bb299c4d08baff2919a55e249d0e/elements - {"using":"xpath","value":"//button[@data-kt=\"addNewRUOverflowToolbarButton\"]"}
RESULT: {"using":"xpath","value":"//button[@data-kt=\"addNewRUOverflowToolbarButton\"]"}
COMMAND: POST /session/8fd0bb299c4d08baff2919a55e249d0e/elements - {"using":"xpath","value":"//button[@data-kt=\"addNewRUOverflowToolbarButton\"]"}
RESULT: {"using":"xpath","value":"//button[@data-kt=\"addNewRUOverflowToolbarButton\"]"}
COMMAND: POST /session/8fd0bb299c4d08baff2919a55e249d0e/elements - {"using":"xpath","value":"//button[@data-kt=\"addNewRUOverflowToolbarButton\"]"}
RESULT: {"using":"xpath","value":"//button[@data-kt=\"addNewRUOverflowToolbarButton\"]"}
COMMAND: POST /session/8fd0bb299c4d08baff2919a55e249d0e/elements - {"using":"xpath","value":"//button[@data-kt=\"addNewRUOverflowToolbarButton\"]"}
RESULT: {"using":"xpath","value":"//button[@data-kt=\"addNewRUOverflowToolbarButton\"]"}
COMMAND: POST /session/8fd0bb299c4d08baff2919a55e249d0e/elements - {"using":"xpath","value":"//button[@data-kt=\"addNewRUOverflowToolbarButton\"]"}
RESULT: {"using":"xpath","value":"//button[@data-kt=\"addNewRUOverflowToolbarButton\"]"}
COMMAND: POST /session/8fd0bb299c4d08baff2919a55e249d0e/element - {"using":"xpath","value":"//button[@data-kt=\"addNewRUOverflowToolbarButton\"]"}
RESULT: {"using":"xpath","value":"//button[@data-kt=\"addNewRUOverflowToolbarButton\"]"}
COMMAND: POST /session/8fd0bb299c4d08baff2919a55e249d0e/execute/sync - {"script":"<script> [8489 bytes]","args":[{"element-6066-11e4-a52e-4f735466cecf":"f.ED8E0B57595A63B1DCD4B405C054AFB5.d.2BC6BEE1ED2B9BE7A055A5DA73CF4D3F.e.1018","ELEMENT":"f.ED8E0B57595A63B1DCD4B405C054AFB5.d.2BC6BEE1ED2B9BE7A055A5DA73CF4D3F.e.1018"}]}
RESULT: {"script":"<script> [8489 bytes]","args":[{"element-6066-11e4-a52e-4f735466cecf":"f.ED8E0B57595A63B1DCD4B405C054AFB5.d.2BC6BEE1ED2B9BE7A055A5DA73CF4D3F.e.1018","ELEMENT":"f.ED8E0B57595A63B1DCD4B405C054AFB5.d.2BC6BEE1ED2B9BE7A055A5DA73CF4D3F.e.1018"}]}
COMMAND: GET /session/8fd0bb299c4d08baff2919a55e249d0e/element/f.ED8E0B57595A63B1DCD4B405C054AFB5.d.2BC6BEE1ED2B9BE7A055A5DA73CF4D3F.e.1018/enabled - {}
COMMAND: GET /session/8fd0bb299c4d08baff2919a55e249d0e/screenshot - {}
RESULT: {}
COMMAND: POST /session/8fd0bb299c4d08baff2919a55e249d0e/execute/sync - {"script":"<script> [8489 bytes]","args":[{"element-6066-11e4-a52e-4f735466cecf":"f.ED8E0B57595A63B1DCD4B405C054AFB5.d.2BC6BEE1ED2B9BE7A055A5DA73CF4D3F.e.1018","ELEMENT":"f.ED8E0B57595A63B1DCD4B405C054AFB5.d.2BC6BEE1ED2B9BE7A055A5DA73CF4D3F.e.1018"}]}
COMMAND: GET /session/8fd0bb299c4d08baff2919a55e249d0e/screenshot - {}
RESULT: {}
RESULT: {"script":"<script> [8489 bytes]","args":[{"element-6066-11e4-a52e-4f735466cecf":"f.ED8E0B57595A63B1DCD4B405C054AFB5.d.2BC6BEE1ED2B9BE7A055A5DA73CF4D3F.e.1018","ELEMENT":"f.ED8E0B57595A63B1DCD4B405C054AFB5.d.2BC6BEE1ED2B9BE7A055A5DA73CF4D3F.e.1018"}]}
COMMAND: POST /session/8fd0bb299c4d08baff2919a55e249d0e/execute/sync - {"script":"<script> [5351 bytes]","args":[{"element-6066-11e4-a52e-4f735466cecf":"f.ED8E0B57595A63B1DCD4B405C054AFB5.d.2BC6BEE1ED2B9BE7A055A5DA73CF4D3F.e.1018","ELEMENT":"f.ED8E0B57595A63B1DCD4B405C054AFB5.d.2BC6BEE1ED2B9BE7A055A5DA73CF4D3F.e.1018"}]}
COMMAND: GET /session/8fd0bb299c4d08baff2919a55e249d0e/screenshot - {}
RESULT: {}
RESULT: {"script":"<script> [5351 bytes]","args":[{"element-6066-11e4-a52e-4f735466cecf":"f.ED8E0B57595A63B1DCD4B405C054AFB5.d.2BC6BEE1ED2B9BE7A055A5DA73CF4D3F.e.1018","ELEMENT":"f.ED8E0B57595A63B1DCD4B405C054AFB5.d.2BC6BEE1ED2B9BE7A055A5DA73CF4D3F.e.1018"}]}
COMMAND: POST /session/8fd0bb299c4d08baff2919a55e249d0e/element/f.ED8E0B57595A63B1DCD4B405C054AFB5.d.2BC6BEE1ED2B9BE7A055A5DA73CF4D3F.e.1018/click - {}
COMMAND: GET /session/8fd0bb299c4d08baff2919a55e249d0e/screenshot - {}
RESULT: {}
RESULT: {}
COMMAND: GET /session/8fd0bb299c4d08baff2919a55e249d0e/screenshot - {}
RESULT: {}
COMMAND: POST /session/8fd0bb299c4d08baff2919a55e249d0e/execute/async - {"script":"<script> [1562 bytes]","args":[{"selector":{"id":"application-manageresources-display-component---newResourceUnit--TYPE-arrow"},"wdio_ui5_key":"applicationmanageresources-display-component---newResourceUnit--TYPE-arrow"}]}
RESULT: {}
RESULT: {"script":"<script> [1562 bytes]","args":[{"selector":{"id":"application-manageresources-display-component---newResourceUnit--TYPE-arrow"},"wdio_ui5_key":"applicationmanageresources-display-component---newResourceUnit--TYPE-arrow"}]}
RESULT: undefined
COMMAND: POST /session/8fd0bb299c4d08baff2919a55e249d0e/element - {"using":"xpath","value":"//*[@id=\"application-manageresources-display-component---newResourceUnit--TYPE-arrow\"]"}
RESULT: {"using":"xpath","value":"//*[@id=\"application-manageresources-display-component---newResourceUnit--TYPE-arrow\"]"}
COMMAND: POST /session/8fd0bb299c4d08baff2919a55e249d0e/element/f.ED8E0B57595A63B1DCD4B405C054AFB5.d.2BC6BEE1ED2B9BE7A055A5DA73CF4D3F.e.1362/click - {}
RESULT: {}
COMMAND: POST /session/8fd0bb299c4d08baff2919a55e249d0e/execute/async - {"script":"<script> [1562 bytes]","args":[{"selector":{"controlType":"sap.m.StandardListItem","viewName":"reusables.view.manageresources.NewResourceUnit","viewId":"application-manageresources-display-component---newResourceUnit","properties":{"title":"Equipment"},"searchOpenDialogs":true,"interaction":{"idSuffix":"content"}},"wdio_ui5_key":"reusablesview.manageresources.NewResourceUnitsap.m.StandardListItem{\"title\":\"Equipment\"}"}]}
COMMAND: GET /session/8fd0bb299c4d08baff2919a55e249d0e/screenshot - {}
RESULT: {"script":"<script> [1562 bytes]","args":[{"selector":{"controlType":"sap.m.StandardListItem","viewName":"reusables.view.manageresources.NewResourceUnit","viewId":"application-manageresources-display-component---newResourceUnit","properties":{"title":"Equipment"},"searchOpenDialogs":true,"interaction":{"idSuffix":"content"}},"wdio_ui5_key":"reusablesview.manageresources.NewResourceUnitsap.m.StandardListItem{\"title\":\"Equipment\"}"}]}
RESULT: undefined
COMMAND: POST /session/8fd0bb299c4d08baff2919a55e249d0e/element - {"using":"xpath","value":"//*[@id=\"__item507\"]"}
RESULT: {}
RESULT: {"using":"xpath","value":"//*[@id=\"__item507\"]"}
COMMAND: POST /session/8fd0bb299c4d08baff2919a55e249d0e/element/f.ED8E0B57595A63B1DCD4B405C054AFB5.d.2BC6BEE1ED2B9BE7A055A5DA73CF4D3F.e.1365/click - {}
RESULT: {}
COMMAND: POST /session/8fd0bb299c4d08baff2919a55e249d0e/execute/async - {"script":"<script> [1562 bytes]","args":[{"selector":{"id":"application-manageresources-display-component---newResourceUnit--resourceId","interaction":{"idSuffix":"inner"}},"wdio_ui5_key":"applicationmanageresources-display-component---newResourceUnit--resourceId"}]}
COMMAND: GET /session/8fd0bb299c4d08baff2919a55e249d0e/screenshot - {}
RESULT: {"script":"<script> [1562 bytes]","args":[{"selector":{"id":"application-manageresources-display-component---newResourceUnit--resourceId","interaction":{"idSuffix":"inner"}},"wdio_ui5_key":"applicationmanageresources-display-component---newResourceUnit--resourceId"}]}
RESULT: undefined
COMMAND: POST /session/8fd0bb299c4d08baff2919a55e249d0e/execute/async - {"script":"<script> [776 bytes]","args":[{"enterText":"brfGdfDMD_1","selector":{"id":"application-manageresources-display-component---newResourceUnit--resourceId","interaction":{"idSuffix":"inner"}},"clearTextFirst":true,"interactionType":"ENTER_TEXT"}]}
RESULT: {}
RESULT: {"script":"<script> [776 bytes]","args":[{"enterText":"brfGdfDMD_1","selector":{"id":"application-manageresources-display-component---newResourceUnit--resourceId","interaction":{"idSuffix":"inner"}},"clearTextFirst":true,"interactionType":"ENTER_TEXT"}]}
COMMAND: POST /session/8fd0bb299c4d08baff2919a55e249d0e/execute/async - {"script":"<script> [1562 bytes]","args":[{"selector":{"id":"application-manageresources-display-component---newResourceUnit--SHORT_TEXT","interaction":{"idSuffix":"inner"}},"wdio_ui5_key":"applicationmanageresources-display-component---newResourceUnit--SHORT_TEXT"}]}
RESULT: {"script":"<script> [1562 bytes]","args":[{"selector":{"id":"application-manageresources-display-component---newResourceUnit--SHORT_TEXT","interaction":{"idSuffix":"inner"}},"wdio_ui5_key":"applicationmanageresources-display-component---newResourceUnit--SHORT_TEXT"}]}
RESULT: undefined
COMMAND: POST /session/8fd0bb299c4d08baff2919a55e249d0e/execute/async - {"script":"<script> [776 bytes]","args":[{"enterText":"brfGdfDMD_1","selector":{"id":"application-manageresources-display-component---newResourceUnit--SHORT_TEXT","interaction":{"idSuffix":"inner"}},"clearTextFirst":true,"interactionType":"ENTER_TEXT"}]}
RESULT: {"script":"<script> [776 bytes]","args":[{"enterText":"brfGdfDMD_1","selector":{"id":"application-manageresources-display-component---newResourceUnit--SHORT_TEXT","interaction":{"idSuffix":"inner"}},"clearTextFirst":true,"interactionType":"ENTER_TEXT"}]}
COMMAND: POST /session/8fd0bb299c4d08baff2919a55e249d0e/execute/async - {"script":"<script> [1562 bytes]","args":[{"selector":{"id":"application-manageresources-display-component---newResourceUnit--BASE_UNIT_OF_MEASURE","interaction":{"idSuffix":"inner"}},"wdio_ui5_key":"applicationmanageresources-display-component---newResourceUnit--BASE_UNIT_OF_MEASURE"}]}
RESULT: {"script":"<script> [1562 bytes]","args":[{"selector":{"id":"application-manageresources-display-component---newResourceUnit--BASE_UNIT_OF_MEASURE","interaction":{"idSuffix":"inner"}},"wdio_ui5_key":"applicationmanageresources-display-component---newResourceUnit--BASE_UNIT_OF_MEASURE"}]}
RESULT: undefined
COMMAND: POST /session/8fd0bb299c4d08baff2919a55e249d0e/execute/async - {"script":"<script> [776 bytes]","args":[{"enterText":"Piece","selector":{"id":"application-manageresources-display-component---newResourceUnit--BASE_UNIT_OF_MEASURE","interaction":{"idSuffix":"inner"}},"clearTextFirst":true,"interactionType":"ENTER_TEXT"}]}
RESULT: {"script":"<script> [776 bytes]","args":[{"enterText":"Piece","selector":{"id":"application-manageresources-display-component---newResourceUnit--BASE_UNIT_OF_MEASURE","interaction":{"idSuffix":"inner"}},"clearTextFirst":true,"interactionType":"ENTER_TEXT"}]}
COMMAND: POST /session/8fd0bb299c4d08baff2919a55e249d0e/execute/async - {"script":"<script> [1562 bytes]","args":[{"selector":{"id":"application-manageresources-display-component---newResourceUnit--WEIGHT_UNIT","interaction":{"idSuffix":"inner"}},"wdio_ui5_key":"applicationmanageresources-display-component---newResourceUnit--WEIGHT_UNIT"}]}
RESULT: {"script":"<script> [1562 bytes]","args":[{"selector":{"id":"application-manageresources-display-component---newResourceUnit--WEIGHT_UNIT","interaction":{"idSuffix":"inner"}},"wdio_ui5_key":"applicationmanageresources-display-component---newResourceUnit--WEIGHT_UNIT"}]}
RESULT: undefined
COMMAND: POST /session/8fd0bb299c4d08baff2919a55e249d0e/execute/async - {"script":"<script> [776 bytes]","args":[{"enterText":"Gram","selector":{"id":"application-manageresources-display-component---newResourceUnit--WEIGHT_UNIT","interaction":{"idSuffix":"inner"}},"clearTextFirst":true,"interactionType":"ENTER_TEXT"}]}
RESULT: {"script":"<script> [776 bytes]","args":[{"enterText":"Gram","selector":{"id":"application-manageresources-display-component---newResourceUnit--WEIGHT_UNIT","interaction":{"idSuffix":"inner"}},"clearTextFirst":true,"interactionType":"ENTER_TEXT"}]}
COMMAND: POST /session/8fd0bb299c4d08baff2919a55e249d0e/execute/async - {"script":"<script> [1562 bytes]","args":[{"selector":{"id":"application-manageresources-display-component---newResourceUnit--DIMENSION_UNIT","interaction":{"idSuffix":"inner"}},"wdio_ui5_key":"applicationmanageresources-display-component---newResourceUnit--DIMENSION_UNIT"}]}
RESULT: {"script":"<script> [1562 bytes]","args":[{"selector":{"id":"application-manageresources-display-component---newResourceUnit--DIMENSION_UNIT","interaction":{"idSuffix":"inner"}},"wdio_ui5_key":"applicationmanageresources-display-component---newResourceUnit--DIMENSION_UNIT"}]}
RESULT: undefined
COMMAND: POST /session/8fd0bb299c4d08baff2919a55e249d0e/execute/async - {"script":"<script> [776 bytes]","args":[{"enterText":"Meter","selector":{"id":"application-manageresources-display-component---newResourceUnit--DIMENSION_UNIT","interaction":{"idSuffix":"inner"}},"clearTextFirst":true,"interactionType":"ENTER_TEXT"}]}
RESULT: {"script":"<script> [776 bytes]","args":[{"enterText":"Meter","selector":{"id":"application-manageresources-display-component---newResourceUnit--DIMENSION_UNIT","interaction":{"idSuffix":"inner"}},"clearTextFirst":true,"interactionType":"ENTER_TEXT"}]}
COMMAND: POST /session/8fd0bb299c4d08baff2919a55e249d0e/execute/async - {"script":"<script> [1562 bytes]","args":[{"selector":{"id":"application-manageresources-display-component---newResourceUnit--newRRUPage-anchBar-application-manageresources-display-component---newResourceUnit--control-anchor","interaction":{"idSuffix":"BDI-content"}},"wdio_ui5_key":"applicationmanageresources-display-component---newResourceUnit--newRRUPage-anchBar-application-manageresources-display-component---newResourceUnit--control-anchor"}]}
RESULT: {"script":"<script> [1562 bytes]","args":[{"selector":{"id":"application-manageresources-display-component---newResourceUnit--newRRUPage-anchBar-application-manageresources-display-component---newResourceUnit--control-anchor","interaction":{"idSuffix":"BDI-content"}},"wdio_ui5_key":"applicationmanageresources-display-component---newResourceUnit--newRRUPage-anchBar-application-manageresources-display-component---newResourceUnit--control-anchor"}]}
RESULT: undefined
COMMAND: POST /session/8fd0bb299c4d08baff2919a55e249d0e/element - {"using":"xpath","value":"//*[@id=\"application-manageresources-display-component---newResourceUnit--newRRUPage-anchBar-application-manageresources-display-component---newResourceUnit--control-anchor\"]"}
RESULT: {"using":"xpath","value":"//*[@id=\"application-manageresources-display-component---newResourceUnit--newRRUPage-anchBar-application-manageresources-display-component---newResourceUnit--control-anchor\"]"}
COMMAND: POST /session/8fd0bb299c4d08baff2919a55e249d0e/element/f.ED8E0B57595A63B1DCD4B405C054AFB5.d.2BC6BEE1ED2B9BE7A055A5DA73CF4D3F.e.1520/click - {}
RESULT: {}
COMMAND: POST /session/8fd0bb299c4d08baff2919a55e249d0e/execute/async - {"script":"<script> [1562 bytes]","args":[{"selector":{"id":"application-manageresources-display-component---newResourceUnit--PLANNING_GROUP","interaction":{"idSuffix":"inner"}},"wdio_ui5_key":"applicationmanageresources-display-component---newResourceUnit--PLANNING_GROUP"}]}
COMMAND: GET /session/8fd0bb299c4d08baff2919a55e249d0e/screenshot - {}
RESULT: {"script":"<script> [1562 bytes]","args":[{"selector":{"id":"application-manageresources-display-component---newResourceUnit--PLANNING_GROUP","interaction":{"idSuffix":"inner"}},"wdio_ui5_key":"applicationmanageresources-display-component---newResourceUnit--PLANNING_GROUP"}]}
RESULT: undefined
COMMAND: POST /session/8fd0bb299c4d08baff2919a55e249d0e/execute/async - {"script":"<script> [776 bytes]","args":[{"enterText":"Heavy Equi","selector":{"id":"application-manageresources-display-component---newResourceUnit--PLANNING_GROUP","interaction":{"idSuffix":"inner"}},"clearTextFirst":true,"interactionType":"ENTER_TEXT"}]}
RESULT: {}
RESULT: {"script":"<script> [776 bytes]","args":[{"enterText":"Heavy Equi","selector":{"id":"application-manageresources-display-component---newResourceUnit--PLANNING_GROUP","interaction":{"idSuffix":"inner"}},"clearTextFirst":true,"interactionType":"ENTER_TEXT"}]}
COMMAND: POST /session/8fd0bb299c4d08baff2919a55e249d0e/execute/async - {"script":"<script> [1562 bytes]","args":[{"selector":{"id":"application-manageresources-display-component---newResourceUnit--ITEM_TYPE-arrow"},"wdio_ui5_key":"applicationmanageresources-display-component---newResourceUnit--ITEM_TYPE-arrow"}]}
RESULT: {"script":"<script> [1562 bytes]","args":[{"selector":{"id":"application-manageresources-display-component---newResourceUnit--ITEM_TYPE-arrow"},"wdio_ui5_key":"applicationmanageresources-display-component---newResourceUnit--ITEM_TYPE-arrow"}]}
RESULT: undefined
COMMAND: POST /session/8fd0bb299c4d08baff2919a55e249d0e/element - {"using":"xpath","value":"//*[@id=\"application-manageresources-display-component---newResourceUnit--ITEM_TYPE-arrow\"]"}
RESULT: {"using":"xpath","value":"//*[@id=\"application-manageresources-display-component---newResourceUnit--ITEM_TYPE-arrow\"]"}
COMMAND: POST /session/8fd0bb299c4d08baff2919a55e249d0e/element/f.ED8E0B57595A63B1DCD4B405C054AFB5.d.2BC6BEE1ED2B9BE7A055A5DA73CF4D3F.e.1527/click - {}
RESULT: {}
COMMAND: POST /session/8fd0bb299c4d08baff2919a55e249d0e/execute/async - {"script":"<script> [1562 bytes]","args":[{"selector":{"controlType":"sap.m.StandardListItem","viewName":"reusables.view.manageresources.NewResourceUnit","viewId":"application-manageresources-display-component---newResourceUnit","properties":{"title":"Resource Unit"},"searchOpenDialogs":true,"interaction":{"idSuffix":"titleText"}},"wdio_ui5_key":"reusablesview.manageresources.NewResourceUnitsap.m.StandardListItem{\"title\":\"Resource Unit\"}"}]}
COMMAND: GET /session/8fd0bb299c4d08baff2919a55e249d0e/screenshot - {}
RESULT: {"script":"<script> [1562 bytes]","args":[{"selector":{"controlType":"sap.m.StandardListItem","viewName":"reusables.view.manageresources.NewResourceUnit","viewId":"application-manageresources-display-component---newResourceUnit","properties":{"title":"Resource Unit"},"searchOpenDialogs":true,"interaction":{"idSuffix":"titleText"}},"wdio_ui5_key":"reusablesview.manageresources.NewResourceUnitsap.m.StandardListItem{\"title\":\"Resource Unit\"}"}]}
RESULT: undefined
COMMAND: POST /session/8fd0bb299c4d08baff2919a55e249d0e/element - {"using":"xpath","value":"//*[@id=\"__item593\"]"}
RESULT: {}
RESULT: {"using":"xpath","value":"//*[@id=\"__item593\"]"}
COMMAND: POST /session/8fd0bb299c4d08baff2919a55e249d0e/element/f.ED8E0B57595A63B1DCD4B405C054AFB5.d.2BC6BEE1ED2B9BE7A055A5DA73CF4D3F.e.1529/click - {}
RESULT: {}
COMMAND: POST /session/8fd0bb299c4d08baff2919a55e249d0e/execute/async - {"script":"<script> [1562 bytes]","args":[{"selector":{"id":"application-manageresources-display-component---newResourceUnit--btnAddTimeSegment-img"},"wdio_ui5_key":"applicationmanageresources-display-component---newResourceUnit--btnAddTimeSegment-img"}]}
COMMAND: GET /session/8fd0bb299c4d08baff2919a55e249d0e/screenshot - {}
RESULT: {"script":"<script> [1562 bytes]","args":[{"selector":{"id":"application-manageresources-display-component---newResourceUnit--btnAddTimeSegment-img"},"wdio_ui5_key":"applicationmanageresources-display-component---newResourceUnit--btnAddTimeSegment-img"}]}
RESULT: undefined
COMMAND: POST /session/8fd0bb299c4d08baff2919a55e249d0e/element - {"using":"xpath","value":"//*[@id=\"application-manageresources-display-component---newResourceUnit--btnAddTimeSegment-img\"]"}
RESULT: {}
RESULT: {"using":"xpath","value":"//*[@id=\"application-manageresources-display-component---newResourceUnit--btnAddTimeSegment-img\"]"}
COMMAND: POST /session/8fd0bb299c4d08baff2919a55e249d0e/element/f.ED8E0B57595A63B1DCD4B405C054AFB5.d.2BC6BEE1ED2B9BE7A055A5DA73CF4D3F.e.1536/click - {}
RESULT: {}
COMMAND: GET /session/8fd0bb299c4d08baff2919a55e249d0e/screenshot - {}
RESULT: {}
COMMAND: POST /session/8fd0bb299c4d08baff2919a55e249d0e/element - {"using":"xpath","value":"//input[@id=\"application-manageresources-display-component---newResourceUnit--idRuTSAdmin-application-manageresources-display-component---newResourceUnit--RUTimeSegment-0-inner\"]"}
RESULT: {"using":"xpath","value":"//input[@id=\"application-manageresources-display-component---newResourceUnit--idRuTSAdmin-application-manageresources-display-component---newResourceUnit--RUTimeSegment-0-inner\"]"}
COMMAND: POST /session/8fd0bb299c4d08baff2919a55e249d0e/element/f.ED8E0B57595A63B1DCD4B405C054AFB5.d.2BC6BEE1ED2B9BE7A055A5DA73CF4D3F.e.1540/clear - {}
RESULT: {}
COMMAND: POST /session/8fd0bb299c4d08baff2919a55e249d0e/element/f.ED8E0B57595A63B1DCD4B405C054AFB5.d.2BC6BEE1ED2B9BE7A055A5DA73CF4D3F.e.1540/value - {"text":"638"}
COMMAND: GET /session/8fd0bb299c4d08baff2919a55e249d0e/screenshot - {}
RESULT: {"text":"638"}
COMMAND: GET /session/8fd0bb299c4d08baff2919a55e249d0e/screenshot - {}
RESULT: {}
RESULT: {}
COMMAND: POST /session/8fd0bb299c4d08baff2919a55e249d0e/element - {"using":"xpath","value":"//li[.//span[text()='638']]"}
RESULT: {"using":"xpath","value":"//li[.//span[text()='638']]"}
COMMAND: POST /session/8fd0bb299c4d08baff2919a55e249d0e/element/f.ED8E0B57595A63B1DCD4B405C054AFB5.d.2BC6BEE1ED2B9BE7A055A5DA73CF4D3F.e.1554/click - {}
RESULT: {}
COMMAND: GET /session/8fd0bb299c4d08baff2919a55e249d0e/screenshot - {}
RESULT: {}
COMMAND: POST /session/8fd0bb299c4d08baff2919a55e249d0e/execute/async - {"script":"<script> [1562 bytes]","args":[{"selector":{"controlType":"sap.ui.core.Icon","viewName":"reusables.view.manageresources.NewResourceUnit","viewId":"application-manageresources-display-component---newResourceUnit","properties":{"src":{"regex":{"source":"slim\\-arrow\\-down"}}},"ancestor":{"controlType":"sap.m.ComboBox","viewName":"reusables.view.manageresources.NewResourceUnit","viewId":"application-manageresources-display-component---newResourceUnit","bindingPath":{"path":"/RESOURCE_UNIT_TIME_SEQUENCES/0","propertyPath":"COST_OBJECT_ADMIN_CST_TYPE","modelName":"oNewRruModel"}}},"wdio_ui5_key":"reusablesview.manageresources.NewResourceUnitsap.ui.core.Icon{\"src\":{\"regex\":{\"source\":\"slim\\\\-arrow\\\\-down\"}}}{\"controlType\":\"sap.m.ComboBox\",\"viewName\":\"reusables.view.manageresources.NewResourceUnit\",\"viewId\":\"application-manageresources-display-component---newResourceUnit\",\"bindingPath\":{\"path\":\"/RESOURCE_UNIT_TIME_SEQUENCES/0\",\"propertyPath\":\"COST_OBJECT_ADMIN_CST_TYPE\",\"modelName\":\"oNewRruModel\"}}"}]}
RESULT: {"script":"<script> [1562 bytes]","args":[{"selector":{"controlType":"sap.ui.core.Icon","viewName":"reusables.view.manageresources.NewResourceUnit","viewId":"application-manageresources-display-component---newResourceUnit","properties":{"src":{"regex":{"source":"slim\\-arrow\\-down"}}},"ancestor":{"controlType":"sap.m.ComboBox","viewName":"reusables.view.manageresources.NewResourceUnit","viewId":"application-manageresources-display-component---newResourceUnit","bindingPath":{"path":"/RESOURCE_UNIT_TIME_SEQUENCES/0","propertyPath":"COST_OBJECT_ADMIN_CST_TYPE","modelName":"oNewRruModel"}}},"wdio_ui5_key":"reusablesview.manageresources.NewResourceUnitsap.ui.core.Icon{\"src\":{\"regex\":{\"source\":\"slim\\\\-arrow\\\\-down\"}}}{\"controlType\":\"sap.m.ComboBox\",\"viewName\":\"reusables.view.manageresources.NewResourceUnit\",\"viewId\":\"application-manageresources-display-component---newResourceUnit\",\"bindingPath\":{\"path\":\"/RESOURCE_UNIT_TIME_SEQUENCES/0\",\"propertyPath\":\"COST_OBJECT_ADMIN_CST_TYPE\",\"modelName\":\"oNewRruModel\"}}"}]}
RESULT: undefined
COMMAND: POST /session/8fd0bb299c4d08baff2919a55e249d0e/element - {"using":"xpath","value":"//*[@id=\"__box20-application-manageresources-display-component---newResourceUnit--RUTimeSegment-0-arrow\"]"}
RESULT: {"using":"xpath","value":"//*[@id=\"__box20-application-manageresources-display-component---newResourceUnit--RUTimeSegment-0-arrow\"]"}
COMMAND: POST /session/8fd0bb299c4d08baff2919a55e249d0e/element/f.ED8E0B57595A63B1DCD4B405C054AFB5.d.2BC6BEE1ED2B9BE7A055A5DA73CF4D3F.e.1555/click - {}
RESULT: {}
COMMAND: POST /session/8fd0bb299c4d08baff2919a55e249d0e/execute/async - {"script":"<script> [1562 bytes]","args":[{"selector":{"controlType":"sap.m.StandardListItem","viewName":"reusables.view.manageresources.NewResourceUnit","viewId":"application-manageresources-display-component---newResourceUnit","properties":{"title":"PM Order"},"searchOpenDialogs":true,"interaction":{"idSuffix":"titleText"}},"wdio_ui5_key":"reusablesview.manageresources.NewResourceUnitsap.m.StandardListItem{\"title\":\"PM Order\"}"}]}
COMMAND: GET /session/8fd0bb299c4d08baff2919a55e249d0e/screenshot - {}
RESULT: {"script":"<script> [1562 bytes]","args":[{"selector":{"controlType":"sap.m.StandardListItem","viewName":"reusables.view.manageresources.NewResourceUnit","viewId":"application-manageresources-display-component---newResourceUnit","properties":{"title":"PM Order"},"searchOpenDialogs":true,"interaction":{"idSuffix":"titleText"}},"wdio_ui5_key":"reusablesview.manageresources.NewResourceUnitsap.m.StandardListItem{\"title\":\"PM Order\"}"}]}
RESULT: undefined
COMMAND: POST /session/8fd0bb299c4d08baff2919a55e249d0e/element - {"using":"xpath","value":"//*[@id=\"__item1305\"]"}
RESULT: {}
RESULT: {"using":"xpath","value":"//*[@id=\"__item1305\"]"}
COMMAND: POST /session/8fd0bb299c4d08baff2919a55e249d0e/element/f.ED8E0B57595A63B1DCD4B405C054AFB5.d.2BC6BEE1ED2B9BE7A055A5DA73CF4D3F.e.1559/click - {}
RESULT: {}
COMMAND: GET /session/8fd0bb299c4d08baff2919a55e249d0e/screenshot - {}
RESULT: {}
COMMAND: POST /session/8fd0bb299c4d08baff2919a55e249d0e/element - {"using":"xpath","value":"(//input[contains(@id ,\"-application-manageresources-display-component---newResourceUnit--RUTimeSegment-0-inner\")])[8]"}
RESULT: {"using":"xpath","value":"(//input[contains(@id ,\"-application-manageresources-display-component---newResourceUnit--RUTimeSegment-0-inner\")])[8]"}
COMMAND: POST /session/8fd0bb299c4d08baff2919a55e249d0e/element/f.ED8E0B57595A63B1DCD4B405C054AFB5.d.2BC6BEE1ED2B9BE7A055A5DA73CF4D3F.e.1562/clear - {}
RESULT: {}
COMMAND: POST /session/8fd0bb299c4d08baff2919a55e249d0e/element/f.ED8E0B57595A63B1DCD4B405C054AFB5.d.2BC6BEE1ED2B9BE7A055A5DA73CF4D3F.e.1562/value - {"text":"4000360"}
COMMAND: GET /session/8fd0bb299c4d08baff2919a55e249d0e/screenshot - {}
RESULT: {"text":"4000360"}
COMMAND: GET /session/8fd0bb299c4d08baff2919a55e249d0e/screenshot - {}
RESULT: {}
RESULT: {}
COMMAND: POST /session/8fd0bb299c4d08baff2919a55e249d0e/actions - {"actions":[{"id":"action2","type":"key","parameters":{},"actions":[{"type":"keyDown","value":"î€‡"},{"type":"pause","duration":10},{"type":"keyUp","value":"î€‡"}]}]}
RESULT: {"actions":[{"id":"action2","type":"key","parameters":{},"actions":[{"type":"keyDown","value":"î€‡"},{"type":"pause","duration":10},{"type":"keyUp","value":"î€‡"}]}]}
COMMAND: GET /session/8fd0bb299c4d08baff2919a55e249d0e/screenshot - {}
RESULT: {}
COMMAND: POST /session/8fd0bb299c4d08baff2919a55e249d0e/execute/async - {"script":"<script> [1562 bytes]","args":[{"selector":{"id":"application-manageresources-display-component---newResourceUnit--newRRUPage-anchBar-application-manageresources-display-component---newResourceUnit--resource-anchor","interaction":{"idSuffix":"BDI-content"}},"wdio_ui5_key":"applicationmanageresources-display-component---newResourceUnit--newRRUPage-anchBar-application-manageresources-display-component---newResourceUnit--resource-anchor"}]}
RESULT: {"script":"<script> [1562 bytes]","args":[{"selector":{"id":"application-manageresources-display-component---newResourceUnit--newRRUPage-anchBar-application-manageresources-display-component---newResourceUnit--resource-anchor","interaction":{"idSuffix":"BDI-content"}},"wdio_ui5_key":"applicationmanageresources-display-component---newResourceUnit--newRRUPage-anchBar-application-manageresources-display-component---newResourceUnit--resource-anchor"}]}
RESULT: undefined
COMMAND: POST /session/8fd0bb299c4d08baff2919a55e249d0e/element - {"using":"xpath","value":"//*[@id=\"application-manageresources-display-component---newResourceUnit--newRRUPage-anchBar-application-manageresources-display-component---newResourceUnit--resource-anchor\"]"}
RESULT: {"using":"xpath","value":"//*[@id=\"application-manageresources-display-component---newResourceUnit--newRRUPage-anchBar-application-manageresources-display-component---newResourceUnit--resource-anchor\"]"}
COMMAND: POST /session/8fd0bb299c4d08baff2919a55e249d0e/element/f.ED8E0B57595A63B1DCD4B405C054AFB5.d.2BC6BEE1ED2B9BE7A055A5DA73CF4D3F.e.1594/click - {}
RESULT: {}
COMMAND: POST /session/8fd0bb299c4d08baff2919a55e249d0e/execute/async - {"script":"<script> [1562 bytes]","args":[{"selector":{"id":"application-manageresources-display-component---newResourceUnit--PLANNED_DELIVERY_DATE","interaction":{"idSuffix":"inner"}},"wdio_ui5_key":"applicationmanageresources-display-component---newResourceUnit--PLANNED_DELIVERY_DATE"}]}
COMMAND: GET /session/8fd0bb299c4d08baff2919a55e249d0e/screenshot - {}
RESULT: {"script":"<script> [1562 bytes]","args":[{"selector":{"id":"application-manageresources-display-component---newResourceUnit--PLANNED_DELIVERY_DATE","interaction":{"idSuffix":"inner"}},"wdio_ui5_key":"applicationmanageresources-display-component---newResourceUnit--PLANNED_DELIVERY_DATE"}]}
RESULT: undefined
COMMAND: POST /session/8fd0bb299c4d08baff2919a55e249d0e/execute/async - {"script":"<script> [6424 bytes]","args":[{"element-6066-11e4-a52e-4f735466cecf":"f.ED8E0B57595A63B1DCD4B405C054AFB5.d.2BC6BEE1ED2B9BE7A055A5DA73CF4D3F.e.1418"},"setValue",["6/4/25"]]}
RESULT: {}
RESULT: {"script":"<script> [6424 bytes]","args":[{"element-6066-11e4-a52e-4f735466cecf":"f.ED8E0B57595A63B1DCD4B405C054AFB5.d.2BC6BEE1ED2B9BE7A055A5DA73CF4D3F.e.1418"},"setValue",["6/4/25"]]}
COMMAND: POST /session/8fd0bb299c4d08baff2919a55e249d0e/execute/async - {"script":"<script> [1562 bytes]","args":[{"selector":{"controlType":"sap.m.Button","viewName":"reusables.view.manageresources.NewResourceUnit","viewId":"application-manageresources-display-component---newResourceUnit","i18NText":{"propertyName":"tooltip","key":"save"},"interaction":{"idSuffix":"BDI-content"}},"wdio_ui5_key":"reusablesview.manageresources.NewResourceUnitsap.m.Button{\"propertyName\":\"tooltip\",\"key\":\"save\"}"}]}
RESULT: {"script":"<script> [1562 bytes]","args":[{"selector":{"controlType":"sap.m.Button","viewName":"reusables.view.manageresources.NewResourceUnit","viewId":"application-manageresources-display-component---newResourceUnit","i18NText":{"propertyName":"tooltip","key":"save"},"interaction":{"idSuffix":"BDI-content"}},"wdio_ui5_key":"reusablesview.manageresources.NewResourceUnitsap.m.Button{\"propertyName\":\"tooltip\",\"key\":\"save\"}"}]}
RESULT: undefined
COMMAND: POST /session/8fd0bb299c4d08baff2919a55e249d0e/element - {"using":"xpath","value":"//*[@id=\"application-manageresources-display-component---newResourceUnit--createRuButton\"]"}
RESULT: {"using":"xpath","value":"//*[@id=\"application-manageresources-display-component---newResourceUnit--createRuButton\"]"}
COMMAND: POST /session/8fd0bb299c4d08baff2919a55e249d0e/element/f.ED8E0B57595A63B1DCD4B405C054AFB5.d.2BC6BEE1ED2B9BE7A055A5DA73CF4D3F.e.1378/click - {}
RESULT: {}
COMMAND: GET /session/8fd0bb299c4d08baff2919a55e249d0e/screenshot - {}
RESULT: {}
COMMAND: POST /session/8fd0bb299c4d08baff2919a55e249d0e/execute/async - {"script":"<script> [1562 bytes]","args":[{"selector":{"controlType":"sap.m.Button","properties":{"text":"Close"},"searchOpenDialogs":true,"interaction":{"idSuffix":"inner"}},"wdio_ui5_key":"sapm.Button{\"text\":\"Close\"}"}]}
RESULT: {"script":"<script> [1562 bytes]","args":[{"selector":{"controlType":"sap.m.Button","properties":{"text":"Close"},"searchOpenDialogs":true,"interaction":{"idSuffix":"inner"}},"wdio_ui5_key":"sapm.Button{\"text\":\"Close\"}"}]}
RESULT: undefined
COMMAND: POST /session/8fd0bb299c4d08baff2919a55e249d0e/element - {"using":"xpath","value":"//*[@id=\"__mbox-btn-0\"]"}
RESULT: {"using":"xpath","value":"//*[@id=\"__mbox-btn-0\"]"}
COMMAND: POST /session/8fd0bb299c4d08baff2919a55e249d0e/element/f.ED8E0B57595A63B1DCD4B405C054AFB5.d.2BC6BEE1ED2B9BE7A055A5DA73CF4D3F.e.1602/click - {}
RESULT: {}
COMMAND: GET /session/8fd0bb299c4d08baff2919a55e249d0e/screenshot - {}
RESULT: {}
COMMAND: POST /session/8fd0bb299c4d08baff2919a55e249d0e/element - {"using":"xpath","value":"(//button[contains(@id ,\"actionsToolbar-overflowButton\")])[1]"}
RESULT: {"using":"xpath","value":"(//button[contains(@id ,\"actionsToolbar-overflowButton\")])[1]"}
COMMAND: POST /session/8fd0bb299c4d08baff2919a55e249d0e/element/f.ED8E0B57595A63B1DCD4B405C054AFB5.d.2BC6BEE1ED2B9BE7A055A5DA73CF4D3F.e.1660/click - {}
RESULT: {}
COMMAND: GET /session/8fd0bb299c4d08baff2919a55e249d0e/screenshot - {}
RESULT: {}
COMMAND: POST /session/8fd0bb299c4d08baff2919a55e249d0e/execute/async - {"script":"<script> [1562 bytes]","args":[{"selector":{"controlType":"sap.m.Button","viewName":"etm.portal.ui.manageresources.view.Detail","viewId":"application-manageresources-display-component---detailRU","i18NText":{"propertyName":"text","key":"copy"},"searchOpenDialogs":true,"interaction":{"idSuffix":"BDI-content"}},"wdio_ui5_key":"etmportal.ui.manageresources.view.Detailsap.m.Button{\"propertyName\":\"text\",\"key\":\"copy\"}"}]}
RESULT: {"script":"<script> [1562 bytes]","args":[{"selector":{"controlType":"sap.m.Button","viewName":"etm.portal.ui.manageresources.view.Detail","viewId":"application-manageresources-display-component---detailRU","i18NText":{"propertyName":"text","key":"copy"},"searchOpenDialogs":true,"interaction":{"idSuffix":"BDI-content"}},"wdio_ui5_key":"etmportal.ui.manageresources.view.Detailsap.m.Button{\"propertyName\":\"text\",\"key\":\"copy\"}"}]}
RESULT: undefined
COMMAND: POST /session/8fd0bb299c4d08baff2919a55e249d0e/element - {"using":"xpath","value":"//*[@id=\"__button105\"]"}
RESULT: {"using":"xpath","value":"//*[@id=\"__button105\"]"}
COMMAND: POST /session/8fd0bb299c4d08baff2919a55e249d0e/element/f.ED8E0B57595A63B1DCD4B405C054AFB5.d.2BC6BEE1ED2B9BE7A055A5DA73CF4D3F.e.1663/click - {}
RESULT: {}
COMMAND: POST /session/8fd0bb299c4d08baff2919a55e249d0e/execute/async - {"script":"<script> [1562 bytes]","args":[{"selector":{"controlType":"sap.m.Button","viewName":"etm.portal.ui.manageresources.view.Detail","viewId":"application-manageresources-display-component---detailRU","i18NText":{"propertyName":"text","key":"selectAll"},"searchOpenDialogs":true,"interaction":{"idSuffix":"BDI-content"}},"wdio_ui5_key":"etmportal.ui.manageresources.view.Detailsap.m.Button{\"propertyName\":\"text\",\"key\":\"selectAll\"}"}]}
COMMAND: GET /session/8fd0bb299c4d08baff2919a55e249d0e/screenshot - {}
RESULT: {"script":"<script> [1562 bytes]","args":[{"selector":{"controlType":"sap.m.Button","viewName":"etm.portal.ui.manageresources.view.Detail","viewId":"application-manageresources-display-component---detailRU","i18NText":{"propertyName":"text","key":"selectAll"},"searchOpenDialogs":true,"interaction":{"idSuffix":"BDI-content"}},"wdio_ui5_key":"etmportal.ui.manageresources.view.Detailsap.m.Button{\"propertyName\":\"text\",\"key\":\"selectAll\"}"}]}
RESULT: undefined
COMMAND: POST /session/8fd0bb299c4d08baff2919a55e249d0e/element - {"using":"xpath","value":"//*[@id=\"__button156\"]"}
RESULT: {}
RESULT: {"using":"xpath","value":"//*[@id=\"__button156\"]"}
COMMAND: POST /session/8fd0bb299c4d08baff2919a55e249d0e/element/f.ED8E0B57595A63B1DCD4B405C054AFB5.d.2BC6BEE1ED2B9BE7A055A5DA73CF4D3F.e.1664/click - {}
RESULT: {}
COMMAND: POST /session/8fd0bb299c4d08baff2919a55e249d0e/execute/async - {"script":"<script> [1562 bytes]","args":[{"selector":{"controlType":"sap.m.Button","viewName":"etm.portal.ui.manageresources.view.Detail","viewId":"application-manageresources-display-component---detailRU","i18NText":{"propertyName":"text","key":"confirm"},"searchOpenDialogs":true,"interaction":{"idSuffix":"BDI-content"}},"wdio_ui5_key":"etmportal.ui.manageresources.view.Detailsap.m.Button{\"propertyName\":\"text\",\"key\":\"confirm\"}"}]}
COMMAND: GET /session/8fd0bb299c4d08baff2919a55e249d0e/screenshot - {}
RESULT: {"script":"<script> [1562 bytes]","args":[{"selector":{"controlType":"sap.m.Button","viewName":"etm.portal.ui.manageresources.view.Detail","viewId":"application-manageresources-display-component---detailRU","i18NText":{"propertyName":"text","key":"confirm"},"searchOpenDialogs":true,"interaction":{"idSuffix":"BDI-content"}},"wdio_ui5_key":"etmportal.ui.manageresources.view.Detailsap.m.Button{\"propertyName\":\"text\",\"key\":\"confirm\"}"}]}
RESULT: undefined
COMMAND: POST /session/8fd0bb299c4d08baff2919a55e249d0e/element - {"using":"xpath","value":"//*[@id=\"__button157\"]"}
RESULT: {}
RESULT: {"using":"xpath","value":"//*[@id=\"__button157\"]"}
COMMAND: POST /session/8fd0bb299c4d08baff2919a55e249d0e/element/f.ED8E0B57595A63B1DCD4B405C054AFB5.d.2BC6BEE1ED2B9BE7A055A5DA73CF4D3F.e.1689/click - {}
RESULT: {}
COMMAND: GET /session/8fd0bb299c4d08baff2919a55e249d0e/screenshot - {}
COMMAND: POST /session/8fd0bb299c4d08baff2919a55e249d0e/execute/async - {"script":"<script> [1562 bytes]","args":[{"selector":{"id":"application-manageresources-display-component---newResourceUnit--newRRUPage-anchBar-application-manageresources-display-component---newResourceUnit--general-anchor","interaction":{"idSuffix":"BDI-content"}},"wdio_ui5_key":"applicationmanageresources-display-component---newResourceUnit--newRRUPage-anchBar-application-manageresources-display-component---newResourceUnit--general-anchor"}]}
RESULT: {}
RESULT: {"script":"<script> [1562 bytes]","args":[{"selector":{"id":"application-manageresources-display-component---newResourceUnit--newRRUPage-anchBar-application-manageresources-display-component---newResourceUnit--general-anchor","interaction":{"idSuffix":"BDI-content"}},"wdio_ui5_key":"applicationmanageresources-display-component---newResourceUnit--newRRUPage-anchBar-application-manageresources-display-component---newResourceUnit--general-anchor"}]}
RESULT: undefined
COMMAND: POST /session/8fd0bb299c4d08baff2919a55e249d0e/element - {"using":"xpath","value":"//*[@id=\"application-manageresources-display-component---newResourceUnit--newRRUPage-anchBar-application-manageresources-display-component---newResourceUnit--general-anchor\"]"}
RESULT: {"using":"xpath","value":"//*[@id=\"application-manageresources-display-component---newResourceUnit--newRRUPage-anchBar-application-manageresources-display-component---newResourceUnit--general-anchor\"]"}
COMMAND: POST /session/8fd0bb299c4d08baff2919a55e249d0e/element/f.ED8E0B57595A63B1DCD4B405C054AFB5.d.2BC6BEE1ED2B9BE7A055A5DA73CF4D3F.e.1698/click - {}
RESULT: {}
COMMAND: GET /session/8fd0bb299c4d08baff2919a55e249d0e/screenshot - {}
RESULT: {}
COMMAND: POST /session/8fd0bb299c4d08baff2919a55e249d0e/actions - {"actions":[{"type":"key","id":"keyboard","actions":[{"type":"keyDown","value":"î™"}]}]}
RESULT: {"actions":[{"type":"key","id":"keyboard","actions":[{"type":"keyDown","value":"î™"}]}]}
COMMAND: GET /session/8fd0bb299c4d08baff2919a55e249d0e/screenshot - {}
RESULT: {}
RESULT: undefined
COMMAND: POST /session/8fd0bb299c4d08baff2919a55e249d0e/execute/async - {"script":"<script> [776 bytes]","args":[{"enterText":"brfGdfDMD_2","selector":{"id":"application-manageresources-display-component---newResourceUnit--resourceId","interaction":{"idSuffix":"inner"}},"clearTextFirst":true,"interactionType":"ENTER_TEXT"}]}
RESULT: {"script":"<script> [776 bytes]","args":[{"enterText":"brfGdfDMD_2","selector":{"id":"application-manageresources-display-component---newResourceUnit--resourceId","interaction":{"idSuffix":"inner"}},"clearTextFirst":true,"interactionType":"ENTER_TEXT"}]}
RESULT: undefined
RESULT: undefined
COMMAND: POST /session/8fd0bb299c4d08baff2919a55e249d0e/execute/async - {"script":"<script> [776 bytes]","args":[{"enterText":"brfGdfDMD_2","selector":{"id":"application-manageresources-display-component---newResourceUnit--SHORT_TEXT","interaction":{"idSuffix":"inner"}},"clearTextFirst":true,"interactionType":"ENTER_TEXT"}]}
RESULT: {"script":"<script> [776 bytes]","args":[{"enterText":"brfGdfDMD_2","selector":{"id":"application-manageresources-display-component---newResourceUnit--SHORT_TEXT","interaction":{"idSuffix":"inner"}},"clearTextFirst":true,"interactionType":"ENTER_TEXT"}]}
RESULT: undefined
COMMAND: POST /session/8fd0bb299c4d08baff2919a55e249d0e/element - {"using":"xpath","value":"//*[@id=\"application-manageresources-display-component---newResourceUnit--createRuButton\"]"}
RESULT: {"using":"xpath","value":"//*[@id=\"application-manageresources-display-component---newResourceUnit--createRuButton\"]"}
COMMAND: POST /session/8fd0bb299c4d08baff2919a55e249d0e/element/f.ED8E0B57595A63B1DCD4B405C054AFB5.d.2BC6BEE1ED2B9BE7A055A5DA73CF4D3F.e.1378/click - {}
RESULT: {}
COMMAND: GET /session/8fd0bb299c4d08baff2919a55e249d0e/screenshot - {}
RESULT: {}
COMMAND: POST /session/8fd0bb299c4d08baff2919a55e249d0e/element - {"using":"xpath","value":"//bdi[contains(text(), \"Close\")]"}
RESULT: {"using":"xpath","value":"//bdi[contains(text(), \"Close\")]"}
COMMAND: POST /session/8fd0bb299c4d08baff2919a55e249d0e/element/f.ED8E0B57595A63B1DCD4B405C054AFB5.d.2BC6BEE1ED2B9BE7A055A5DA73CF4D3F.e.1705/click - {}
RESULT: {}
COMMAND: GET /session/8fd0bb299c4d08baff2919a55e249d0e/screenshot - {}
COMMAND: POST /session/8fd0bb299c4d08baff2919a55e249d0e/element - {"using":"css selector","value":"#shell-header-logo"}
RESULT: {}
RESULT: {"using":"css selector","value":"#shell-header-logo"}
COMMAND: POST /session/8fd0bb299c4d08baff2919a55e249d0e/element/f.ED8E0B57595A63B1DCD4B405C054AFB5.d.2BC6BEE1ED2B9BE7A055A5DA73CF4D3F.e.978/click - {}
RESULT: {}
COMMAND: GET /session/8fd0bb299c4d08baff2919a55e249d0e/screenshot - {}
RESULT: {}
]]></system-out>
    </testcase>
    <testcase classname="chrome.136_0_7103_93.windows.Bill_of_Resources_tests_for_bundle_creation_&amp;_replenishment_US131067_US131070" name="Should do a stock increase for the equipments" time="88.304">
      <system-out><![CDATA[
COMMAND: POST /session/8fd0bb299c4d08baff2919a55e249d0e/execute/async - {"script":"<script> [1562 bytes]","args":[{"selector":{"controlType":"sap.m.GenericTile","properties":{"header":"Manage Handovers"}},"wdio_ui5_key":"sapm.GenericTile{\"header\":\"Manage Handovers\"}"}]}
RESULT: {"script":"<script> [1562 bytes]","args":[{"selector":{"controlType":"sap.m.GenericTile","properties":{"header":"Manage Handovers"}},"wdio_ui5_key":"sapm.GenericTile{\"header\":\"Manage Handovers\"}"}]}
RESULT: undefined
COMMAND: POST /session/8fd0bb299c4d08baff2919a55e249d0e/element - {"using":"xpath","value":"//*[@id=\"__tile130\"]"}
RESULT: {"using":"xpath","value":"//*[@id=\"__tile130\"]"}
COMMAND: POST /session/8fd0bb299c4d08baff2919a55e249d0e/element/f.ED8E0B57595A63B1DCD4B405C054AFB5.d.2BC6BEE1ED2B9BE7A055A5DA73CF4D3F.e.207/click - {}
RESULT: {}
COMMAND: GET /session/8fd0bb299c4d08baff2919a55e249d0e/screenshot - {}
RESULT: {}
COMMAND: POST /session/8fd0bb299c4d08baff2919a55e249d0e/elements - {"using":"xpath","value":"//span[text()='Error']"}
RESULT: {"using":"xpath","value":"//span[text()='Error']"}
COMMAND: POST /session/8fd0bb299c4d08baff2919a55e249d0e/element - {"using":"xpath","value":"//button[@data-kt=\"masterHOAddButton\"]"}
RESULT: {"using":"xpath","value":"//button[@data-kt=\"masterHOAddButton\"]"}
COMMAND: POST /session/8fd0bb299c4d08baff2919a55e249d0e/elements - {"using":"xpath","value":"//button[@data-kt=\"masterHOAddButton\"]"}
RESULT: {"using":"xpath","value":"//button[@data-kt=\"masterHOAddButton\"]"}
COMMAND: POST /session/8fd0bb299c4d08baff2919a55e249d0e/execute/sync - {"script":"<script> [8489 bytes]","args":[{"element-6066-11e4-a52e-4f735466cecf":"f.ED8E0B57595A63B1DCD4B405C054AFB5.d.2BC6BEE1ED2B9BE7A055A5DA73CF4D3F.e.1780","ELEMENT":"f.ED8E0B57595A63B1DCD4B405C054AFB5.d.2BC6BEE1ED2B9BE7A055A5DA73CF4D3F.e.1780"}]}
RESULT: {"script":"<script> [8489 bytes]","args":[{"element-6066-11e4-a52e-4f735466cecf":"f.ED8E0B57595A63B1DCD4B405C054AFB5.d.2BC6BEE1ED2B9BE7A055A5DA73CF4D3F.e.1780","ELEMENT":"f.ED8E0B57595A63B1DCD4B405C054AFB5.d.2BC6BEE1ED2B9BE7A055A5DA73CF4D3F.e.1780"}]}
COMMAND: GET /session/8fd0bb299c4d08baff2919a55e249d0e/element/f.ED8E0B57595A63B1DCD4B405C054AFB5.d.2BC6BEE1ED2B9BE7A055A5DA73CF4D3F.e.1780/enabled - {}
COMMAND: GET /session/8fd0bb299c4d08baff2919a55e249d0e/screenshot - {}
RESULT: {}
COMMAND: POST /session/8fd0bb299c4d08baff2919a55e249d0e/execute/sync - {"script":"<script> [8489 bytes]","args":[{"element-6066-11e4-a52e-4f735466cecf":"f.ED8E0B57595A63B1DCD4B405C054AFB5.d.2BC6BEE1ED2B9BE7A055A5DA73CF4D3F.e.1780","ELEMENT":"f.ED8E0B57595A63B1DCD4B405C054AFB5.d.2BC6BEE1ED2B9BE7A055A5DA73CF4D3F.e.1780"}]}
COMMAND: GET /session/8fd0bb299c4d08baff2919a55e249d0e/screenshot - {}
RESULT: {}
RESULT: {"script":"<script> [8489 bytes]","args":[{"element-6066-11e4-a52e-4f735466cecf":"f.ED8E0B57595A63B1DCD4B405C054AFB5.d.2BC6BEE1ED2B9BE7A055A5DA73CF4D3F.e.1780","ELEMENT":"f.ED8E0B57595A63B1DCD4B405C054AFB5.d.2BC6BEE1ED2B9BE7A055A5DA73CF4D3F.e.1780"}]}
COMMAND: POST /session/8fd0bb299c4d08baff2919a55e249d0e/execute/sync - {"script":"<script> [5351 bytes]","args":[{"element-6066-11e4-a52e-4f735466cecf":"f.ED8E0B57595A63B1DCD4B405C054AFB5.d.2BC6BEE1ED2B9BE7A055A5DA73CF4D3F.e.1780","ELEMENT":"f.ED8E0B57595A63B1DCD4B405C054AFB5.d.2BC6BEE1ED2B9BE7A055A5DA73CF4D3F.e.1780"}]}
COMMAND: GET /session/8fd0bb299c4d08baff2919a55e249d0e/screenshot - {}
RESULT: {}
RESULT: {"script":"<script> [5351 bytes]","args":[{"element-6066-11e4-a52e-4f735466cecf":"f.ED8E0B57595A63B1DCD4B405C054AFB5.d.2BC6BEE1ED2B9BE7A055A5DA73CF4D3F.e.1780","ELEMENT":"f.ED8E0B57595A63B1DCD4B405C054AFB5.d.2BC6BEE1ED2B9BE7A055A5DA73CF4D3F.e.1780"}]}
COMMAND: POST /session/8fd0bb299c4d08baff2919a55e249d0e/element/f.ED8E0B57595A63B1DCD4B405C054AFB5.d.2BC6BEE1ED2B9BE7A055A5DA73CF4D3F.e.1780/click - {}
COMMAND: GET /session/8fd0bb299c4d08baff2919a55e249d0e/screenshot - {}
RESULT: {}
RESULT: {}
COMMAND: GET /session/8fd0bb299c4d08baff2919a55e249d0e/screenshot - {}
COMMAND: POST /session/8fd0bb299c4d08baff2919a55e249d0e/element - {"using":"xpath","value":"//span[contains(@id ,\"AddNewHO--typeSelect-arrow\")]"}
RESULT: {}
RESULT: {}
RESULT: {"using":"xpath","value":"//span[contains(@id ,\"AddNewHO--typeSelect-arrow\")]"}
COMMAND: POST /session/8fd0bb299c4d08baff2919a55e249d0e/element/f.ED8E0B57595A63B1DCD4B405C054AFB5.d.2BC6BEE1ED2B9BE7A055A5DA73CF4D3F.e.2119/click - {}
RESULT: {}
COMMAND: GET /session/8fd0bb299c4d08baff2919a55e249d0e/screenshot - {}
RESULT: {}
COMMAND: POST /session/8fd0bb299c4d08baff2919a55e249d0e/element - {"using":"xpath","value":"(//li[contains(text(), \"stock increase yard\")])[1]"}
RESULT: {"using":"xpath","value":"(//li[contains(text(), \"stock increase yard\")])[1]"}
COMMAND: POST /session/8fd0bb299c4d08baff2919a55e249d0e/element/f.ED8E0B57595A63B1DCD4B405C054AFB5.d.2BC6BEE1ED2B9BE7A055A5DA73CF4D3F.e.2120/click - {}
RESULT: {}
COMMAND: GET /session/8fd0bb299c4d08baff2919a55e249d0e/screenshot - {}
RESULT: {}
COMMAND: POST /session/8fd0bb299c4d08baff2919a55e249d0e/execute/async - {"script":"<script> [1562 bytes]","args":[{"selector":{"id":"application-managehandovers-display-component---AddNewHO--dueDate","interaction":{"idSuffix":"inner"}},"wdio_ui5_key":"applicationmanagehandovers-display-component---AddNewHO--dueDate"}]}
RESULT: {"script":"<script> [1562 bytes]","args":[{"selector":{"id":"application-managehandovers-display-component---AddNewHO--dueDate","interaction":{"idSuffix":"inner"}},"wdio_ui5_key":"applicationmanagehandovers-display-component---AddNewHO--dueDate"}]}
RESULT: undefined
COMMAND: POST /session/8fd0bb299c4d08baff2919a55e249d0e/execute/async - {"script":"<script> [6424 bytes]","args":[{"element-6066-11e4-a52e-4f735466cecf":"f.ED8E0B57595A63B1DCD4B405C054AFB5.d.2BC6BEE1ED2B9BE7A055A5DA73CF4D3F.e.2124"},"setValue",["06/04/25"]]}
RESULT: {"script":"<script> [6424 bytes]","args":[{"element-6066-11e4-a52e-4f735466cecf":"f.ED8E0B57595A63B1DCD4B405C054AFB5.d.2BC6BEE1ED2B9BE7A055A5DA73CF4D3F.e.2124"},"setValue",["06/04/25"]]}
COMMAND: POST /session/8fd0bb299c4d08baff2919a55e249d0e/element - {"using":"xpath","value":"//input[@id=\"generalSectionFrg--receiveYard-inner\"]"}
RESULT: {"using":"xpath","value":"//input[@id=\"generalSectionFrg--receiveYard-inner\"]"}
COMMAND: POST /session/8fd0bb299c4d08baff2919a55e249d0e/element/f.ED8E0B57595A63B1DCD4B405C054AFB5.d.2BC6BEE1ED2B9BE7A055A5DA73CF4D3F.e.2130/clear - {}
RESULT: {}
COMMAND: POST /session/8fd0bb299c4d08baff2919a55e249d0e/element/f.ED8E0B57595A63B1DCD4B405C054AFB5.d.2BC6BEE1ED2B9BE7A055A5DA73CF4D3F.e.2130/value - {"text":"638"}
COMMAND: GET /session/8fd0bb299c4d08baff2919a55e249d0e/screenshot - {}
RESULT: {"text":"638"}
COMMAND: GET /session/8fd0bb299c4d08baff2919a55e249d0e/screenshot - {}
RESULT: {}
RESULT: {}
COMMAND: POST /session/8fd0bb299c4d08baff2919a55e249d0e/element - {"using":"xpath","value":"//li[.//span[text()='638']]"}
RESULT: {"using":"xpath","value":"//li[.//span[text()='638']]"}
COMMAND: POST /session/8fd0bb299c4d08baff2919a55e249d0e/element/f.ED8E0B57595A63B1DCD4B405C054AFB5.d.2BC6BEE1ED2B9BE7A055A5DA73CF4D3F.e.2145/click - {}
RESULT: {}
COMMAND: GET /session/8fd0bb299c4d08baff2919a55e249d0e/screenshot - {}
RESULT: {}
COMMAND: POST /session/8fd0bb299c4d08baff2919a55e249d0e/execute/async - {"script":"<script> [1562 bytes]","args":[{"selector":{"id":"application-managehandovers-display-component---AddNewHO--ObjectPageLayout-anchBar-application-managehandovers-display-component---AddNewHO--section4-anchor","interaction":{"idSuffix":"BDI-content"}},"wdio_ui5_key":"applicationmanagehandovers-display-component---AddNewHO--ObjectPageLayout-anchBar-application-managehandovers-display-component---AddNewHO--section4-anchor"}]}
RESULT: {"script":"<script> [1562 bytes]","args":[{"selector":{"id":"application-managehandovers-display-component---AddNewHO--ObjectPageLayout-anchBar-application-managehandovers-display-component---AddNewHO--section4-anchor","interaction":{"idSuffix":"BDI-content"}},"wdio_ui5_key":"applicationmanagehandovers-display-component---AddNewHO--ObjectPageLayout-anchBar-application-managehandovers-display-component---AddNewHO--section4-anchor"}]}
RESULT: undefined
COMMAND: POST /session/8fd0bb299c4d08baff2919a55e249d0e/element - {"using":"xpath","value":"//*[@id=\"application-managehandovers-display-component---AddNewHO--ObjectPageLayout-anchBar-application-managehandovers-display-component---AddNewHO--section4-anchor\"]"}
RESULT: {"using":"xpath","value":"//*[@id=\"application-managehandovers-display-component---AddNewHO--ObjectPageLayout-anchBar-application-managehandovers-display-component---AddNewHO--section4-anchor\"]"}
COMMAND: POST /session/8fd0bb299c4d08baff2919a55e249d0e/element/f.ED8E0B57595A63B1DCD4B405C054AFB5.d.2BC6BEE1ED2B9BE7A055A5DA73CF4D3F.e.2147/click - {}
RESULT: {}
COMMAND: POST /session/8fd0bb299c4d08baff2919a55e249d0e/execute/async - {"script":"<script> [1562 bytes]","args":[{"selector":{"controlType":"sap.ui.core.Icon","viewName":"etm.portal.ui.managehandovers.view.AddNewHO","viewId":"application-managehandovers-display-component---AddNewHO","properties":{"src":{"regex":{"source":"add"}}}},"wdio_ui5_key":"etmportal.ui.managehandovers.view.AddNewHOsap.ui.core.Icon{\"src\":{\"regex\":{\"source\":\"add\"}}}"}]}
COMMAND: GET /session/8fd0bb299c4d08baff2919a55e249d0e/screenshot - {}
RESULT: {"script":"<script> [1562 bytes]","args":[{"selector":{"controlType":"sap.ui.core.Icon","viewName":"etm.portal.ui.managehandovers.view.AddNewHO","viewId":"application-managehandovers-display-component---AddNewHO","properties":{"src":{"regex":{"source":"add"}}}},"wdio_ui5_key":"etmportal.ui.managehandovers.view.AddNewHOsap.ui.core.Icon{\"src\":{\"regex\":{\"source\":\"add\"}}}"}]}
RESULT: undefined
COMMAND: POST /session/8fd0bb299c4d08baff2919a55e249d0e/element - {"using":"xpath","value":"//*[@id=\"__button186-img\"]"}
RESULT: {}
RESULT: {"using":"xpath","value":"//*[@id=\"__button186-img\"]"}
COMMAND: POST /session/8fd0bb299c4d08baff2919a55e249d0e/element/f.ED8E0B57595A63B1DCD4B405C054AFB5.d.2BC6BEE1ED2B9BE7A055A5DA73CF4D3F.e.2151/click - {}
RESULT: {}
COMMAND: POST /session/8fd0bb299c4d08baff2919a55e249d0e/execute/async - {"script":"<script> [1562 bytes]","args":[{"selector":{"id":"application-managehandovers-display-component---AddNewHO--smartFilterBar-btnBasicSearch","searchOpenDialogs":true,"interaction":{"idSuffix":"I"}},"wdio_ui5_key":"applicationmanagehandovers-display-component---AddNewHO--smartFilterBar-btnBasicSearch"}]}
COMMAND: GET /session/8fd0bb299c4d08baff2919a55e249d0e/screenshot - {}
RESULT: {"script":"<script> [1562 bytes]","args":[{"selector":{"id":"application-managehandovers-display-component---AddNewHO--smartFilterBar-btnBasicSearch","searchOpenDialogs":true,"interaction":{"idSuffix":"I"}},"wdio_ui5_key":"applicationmanagehandovers-display-component---AddNewHO--smartFilterBar-btnBasicSearch"}]}
RESULT: undefined
COMMAND: POST /session/8fd0bb299c4d08baff2919a55e249d0e/execute/async - {"script":"<script> [776 bytes]","args":[{"enterText":"brfGdfDMD_","selector":{"id":"application-managehandovers-display-component---AddNewHO--smartFilterBar-btnBasicSearch","searchOpenDialogs":true,"interaction":{"idSuffix":"I"}},"clearTextFirst":true,"interactionType":"ENTER_TEXT"}]}
RESULT: {}
RESULT: {"script":"<script> [776 bytes]","args":[{"enterText":"brfGdfDMD_","selector":{"id":"application-managehandovers-display-component---AddNewHO--smartFilterBar-btnBasicSearch","searchOpenDialogs":true,"interaction":{"idSuffix":"I"}},"clearTextFirst":true,"interactionType":"ENTER_TEXT"}]}
COMMAND: POST /session/8fd0bb299c4d08baff2919a55e249d0e/actions - {"actions":[{"id":"action3","type":"key","parameters":{},"actions":[{"type":"keyDown","value":"î€‡"},{"type":"pause","duration":10},{"type":"keyUp","value":"î€‡"}]}]}
RESULT: {"actions":[{"id":"action3","type":"key","parameters":{},"actions":[{"type":"keyDown","value":"î€‡"},{"type":"pause","duration":10},{"type":"keyUp","value":"î€‡"}]}]}
COMMAND: POST /session/8fd0bb299c4d08baff2919a55e249d0e/execute/async - {"script":"<script> [1562 bytes]","args":[{"selector":{"id":"application-managehandovers-display-component---AddNewHO--popup-sa","searchOpenDialogs":true,"interaction":{"idSuffix":"CbBg"}},"wdio_ui5_key":"applicationmanagehandovers-display-component---AddNewHO--popup-sa"}]}
COMMAND: GET /session/8fd0bb299c4d08baff2919a55e249d0e/screenshot - {}
RESULT: {"script":"<script> [1562 bytes]","args":[{"selector":{"id":"application-managehandovers-display-component---AddNewHO--popup-sa","searchOpenDialogs":true,"interaction":{"idSuffix":"CbBg"}},"wdio_ui5_key":"applicationmanagehandovers-display-component---AddNewHO--popup-sa"}]}
RESULT: undefined
COMMAND: POST /session/8fd0bb299c4d08baff2919a55e249d0e/element - {"using":"xpath","value":"//*[@id=\"application-managehandovers-display-component---AddNewHO--popup-sa\"]"}
RESULT: {}
RESULT: {"using":"xpath","value":"//*[@id=\"application-managehandovers-display-component---AddNewHO--popup-sa\"]"}
COMMAND: POST /session/8fd0bb299c4d08baff2919a55e249d0e/element/f.ED8E0B57595A63B1DCD4B405C054AFB5.d.2BC6BEE1ED2B9BE7A055A5DA73CF4D3F.e.2308/click - {}
RESULT: {}
COMMAND: POST /session/8fd0bb299c4d08baff2919a55e249d0e/execute/async - {"script":"<script> [1562 bytes]","args":[{"selector":{"controlType":"sap.m.Button","viewName":"etm.portal.ui.managehandovers.view.AddNewHO","viewId":"application-managehandovers-display-component---AddNewHO","i18NText":{"propertyName":"text","key":"select"},"searchOpenDialogs":true,"interaction":{"idSuffix":"BDI-content"}},"wdio_ui5_key":"etmportal.ui.managehandovers.view.AddNewHOsap.m.Button{\"propertyName\":\"text\",\"key\":\"select\"}"}]}
COMMAND: GET /session/8fd0bb299c4d08baff2919a55e249d0e/screenshot - {}
RESULT: {"script":"<script> [1562 bytes]","args":[{"selector":{"controlType":"sap.m.Button","viewName":"etm.portal.ui.managehandovers.view.AddNewHO","viewId":"application-managehandovers-display-component---AddNewHO","i18NText":{"propertyName":"text","key":"select"},"searchOpenDialogs":true,"interaction":{"idSuffix":"BDI-content"}},"wdio_ui5_key":"etmportal.ui.managehandovers.view.AddNewHOsap.m.Button{\"propertyName\":\"text\",\"key\":\"select\"}"}]}
RESULT: undefined
COMMAND: POST /session/8fd0bb299c4d08baff2919a55e249d0e/element - {"using":"xpath","value":"//*[@id=\"__button189\"]"}
RESULT: {}
RESULT: {"using":"xpath","value":"//*[@id=\"__button189\"]"}
COMMAND: POST /session/8fd0bb299c4d08baff2919a55e249d0e/element/f.ED8E0B57595A63B1DCD4B405C054AFB5.d.2BC6BEE1ED2B9BE7A055A5DA73CF4D3F.e.2310/click - {}
RESULT: {}
COMMAND: POST /session/8fd0bb299c4d08baff2919a55e249d0e/execute/async - {"script":"<script> [1562 bytes]","args":[{"selector":{"id":"application-managehandovers-display-component---AddNewHO--confirmCreationButton","interaction":{"idSuffix":"BDI-content"}},"wdio_ui5_key":"applicationmanagehandovers-display-component---AddNewHO--confirmCreationButton"}]}
COMMAND: GET /session/8fd0bb299c4d08baff2919a55e249d0e/screenshot - {}
RESULT: {"script":"<script> [1562 bytes]","args":[{"selector":{"id":"application-managehandovers-display-component---AddNewHO--confirmCreationButton","interaction":{"idSuffix":"BDI-content"}},"wdio_ui5_key":"applicationmanagehandovers-display-component---AddNewHO--confirmCreationButton"}]}
RESULT: undefined
COMMAND: POST /session/8fd0bb299c4d08baff2919a55e249d0e/element - {"using":"xpath","value":"//*[@id=\"application-managehandovers-display-component---AddNewHO--confirmCreationButton\"]"}
RESULT: {}
RESULT: {"using":"xpath","value":"//*[@id=\"application-managehandovers-display-component---AddNewHO--confirmCreationButton\"]"}
COMMAND: POST /session/8fd0bb299c4d08baff2919a55e249d0e/element/f.ED8E0B57595A63B1DCD4B405C054AFB5.d.2BC6BEE1ED2B9BE7A055A5DA73CF4D3F.e.2325/click - {}
RESULT: {}
COMMAND: GET /session/8fd0bb299c4d08baff2919a55e249d0e/screenshot - {}
RESULT: {}
COMMAND: POST /session/8fd0bb299c4d08baff2919a55e249d0e/execute/async - {"script":"<script> [1562 bytes]","args":[{"selector":{"id":"receiptDatePicker","viewName":"etm.portal.ui.managehandovers.view.DetailExecuteHO","interaction":{"idSuffix":"inner"}},"wdio_ui5_key":"receiptDatePickeretmportal.ui.managehandovers.view.DetailExecuteHO"}]}
RESULT: {"script":"<script> [1562 bytes]","args":[{"selector":{"id":"receiptDatePicker","viewName":"etm.portal.ui.managehandovers.view.DetailExecuteHO","interaction":{"idSuffix":"inner"}},"wdio_ui5_key":"receiptDatePickeretmportal.ui.managehandovers.view.DetailExecuteHO"}]}
RESULT: undefined
COMMAND: POST /session/8fd0bb299c4d08baff2919a55e249d0e/execute/async - {"script":"<script> [6424 bytes]","args":[{"element-6066-11e4-a52e-4f735466cecf":"f.ED8E0B57595A63B1DCD4B405C054AFB5.d.2BC6BEE1ED2B9BE7A055A5DA73CF4D3F.e.2353"},"setValue",["06/04/25"]]}
RESULT: {"script":"<script> [6424 bytes]","args":[{"element-6066-11e4-a52e-4f735466cecf":"f.ED8E0B57595A63B1DCD4B405C054AFB5.d.2BC6BEE1ED2B9BE7A055A5DA73CF4D3F.e.2353"},"setValue",["06/04/25"]]}
COMMAND: POST /session/8fd0bb299c4d08baff2919a55e249d0e/element - {"using":"xpath","value":"//button[@data-kt=\"ReceivingTableConfirmAllButton\"]"}
RESULT: {"using":"xpath","value":"//button[@data-kt=\"ReceivingTableConfirmAllButton\"]"}
COMMAND: POST /session/8fd0bb299c4d08baff2919a55e249d0e/element/f.ED8E0B57595A63B1DCD4B405C054AFB5.d.2BC6BEE1ED2B9BE7A055A5DA73CF4D3F.e.2376/click - {}
RESULT: {}
COMMAND: GET /session/8fd0bb299c4d08baff2919a55e249d0e/screenshot - {}
RESULT: {}
COMMAND: POST /session/8fd0bb299c4d08baff2919a55e249d0e/element - {"using":"xpath","value":"//bdi[contains(text(), \"OK\")]"}
RESULT: {"using":"xpath","value":"//bdi[contains(text(), \"OK\")]"}
COMMAND: POST /session/8fd0bb299c4d08baff2919a55e249d0e/element/f.ED8E0B57595A63B1DCD4B405C054AFB5.d.2BC6BEE1ED2B9BE7A055A5DA73CF4D3F.e.2378/click - {}
RESULT: {}
COMMAND: GET /session/8fd0bb299c4d08baff2919a55e249d0e/screenshot - {}
RESULT: {}
COMMAND: POST /session/8fd0bb299c4d08baff2919a55e249d0e/execute/async - {"script":"<script> [1562 bytes]","args":[{"selector":{"id":"confirmationButton","viewName":"etm.portal.ui.managehandovers.view.DetailExecuteHO","interaction":{"idSuffix":"BDI-content"}},"wdio_ui5_key":"confirmationButtonetmportal.ui.managehandovers.view.DetailExecuteHO"}]}
RESULT: {"script":"<script> [1562 bytes]","args":[{"selector":{"id":"confirmationButton","viewName":"etm.portal.ui.managehandovers.view.DetailExecuteHO","interaction":{"idSuffix":"BDI-content"}},"wdio_ui5_key":"confirmationButtonetmportal.ui.managehandovers.view.DetailExecuteHO"}]}
RESULT: undefined
COMMAND: POST /session/8fd0bb299c4d08baff2919a55e249d0e/element - {"using":"xpath","value":"(//bdi[contains(text(), \"Receive\")])[2]"}
RESULT: {"using":"xpath","value":"(//bdi[contains(text(), \"Receive\")])[2]"}
COMMAND: POST /session/8fd0bb299c4d08baff2919a55e249d0e/element/f.ED8E0B57595A63B1DCD4B405C054AFB5.d.2BC6BEE1ED2B9BE7A055A5DA73CF4D3F.e.2380/click - {}
RESULT: {}
COMMAND: GET /session/8fd0bb299c4d08baff2919a55e249d0e/screenshot - {}
RESULT: {}
COMMAND: POST /session/8fd0bb299c4d08baff2919a55e249d0e/element - {"using":"css selector","value":"#shell-header-logo"}
RESULT: {"using":"css selector","value":"#shell-header-logo"}
COMMAND: POST /session/8fd0bb299c4d08baff2919a55e249d0e/element/f.ED8E0B57595A63B1DCD4B405C054AFB5.d.2BC6BEE1ED2B9BE7A055A5DA73CF4D3F.e.1745/click - {}
RESULT: {}
COMMAND: GET /session/8fd0bb299c4d08baff2919a55e249d0e/screenshot - {}
RESULT: {}
]]></system-out>
    </testcase>
  </testsuite>
  <testsuite timestamp="2025-06-04T06:03:15" time="196.321" tests="1" failures="1" errors="1" skipped="0">
    <properties>
      <property name="specId" value="0" />
      <property name="suiteName" value="Bill of Resources Completeness check of created bundle US131059" />
      <property name="capabilities" value="chrome.136_0_7103_93.windows" />
      <property name="file" value="file:///D:/a/1/s/test/specs/HTR/bor-completeness-check.spec.js" />
    </properties>
  </testsuite>
</testsuites>