<?xml version="1.0" encoding="UTF-8"?>
<testsuites tests="8" failures="0" errors="0" skipped="0">
  <testsuite timestamp="2025-05-19T16:13:59" time="865.89" tests="4" failures="0" errors="0" skipped="0">
    <properties>
      <property name="specId" value="0" />
      <property name="suiteName" value="Webshop - Hyperlinks visible and working properly  US139085" />
      <property name="capabilities" value="chrome.136_0_7103_93.windows" />
      <property name="file" value="file:///D:/a/1/s/test/specs/R2C/webshop-hyperlinks-yard-site.spec.js" />
    </properties>
    <testcase classname="chrome.136_0_7103_93.windows.Webshop_-_Hyperlinks_visible_and_working_properly__US139085" name="Should create prerequisites for webshop suite" time="300.938">
      <system-out><![CDATA[
COMMAND: POST /session/aa9217cc2551115c0c456c59afd2b862/execute/async - {"script":"<script> [1562 bytes]","args":[{"selector":{"controlType":"sap.m.GenericTile","properties":{"header":"Manage Yards"}},"wdio_ui5_key":"sapm.GenericTile{\"header\":\"Manage Yards\"}"}]}
RESULT: {"script":"<script> [1562 bytes]","args":[{"selector":{"controlType":"sap.m.GenericTile","properties":{"header":"Manage Yards"}},"wdio_ui5_key":"sapm.GenericTile{\"header\":\"Manage Yards\"}"}]}
RESULT: undefined
COMMAND: POST /session/aa9217cc2551115c0c456c59afd2b862/element - {"using":"xpath","value":"//*[@id=\"__tile41\"]"}
RESULT: {"using":"xpath","value":"//*[@id=\"__tile41\"]"}
COMMAND: POST /session/aa9217cc2551115c0c456c59afd2b862/element/f.84437822EAE6B6F58A4F12097C194617.d.649FA9BDD12C0F42BA7132CB2556CF72.e.112/click - {}
RESULT: {}
COMMAND: GET /session/aa9217cc2551115c0c456c59afd2b862/screenshot - {}
RESULT: {}
COMMAND: POST /session/aa9217cc2551115c0c456c59afd2b862/elements - {"using":"xpath","value":"//span[text()='Error']"}
RESULT: {"using":"xpath","value":"//span[text()='Error']"}
COMMAND: POST /session/aa9217cc2551115c0c456c59afd2b862/execute/async - {"script":"<script> [1562 bytes]","args":[{"selector":{"controlType":"sap.ui.core.Icon","viewName":"etm.portal.ui.manageyards.view.Master","viewId":"application-manageyards-display-component---masterYard","properties":{"src":{"regex":{"source":"add"}}}},"wdio_ui5_key":"etmportal.ui.manageyards.view.Mastersap.ui.core.Icon{\"src\":{\"regex\":{\"source\":\"add\"}}}"}]}
RESULT: {"script":"<script> [1562 bytes]","args":[{"selector":{"controlType":"sap.ui.core.Icon","viewName":"etm.portal.ui.manageyards.view.Master","viewId":"application-manageyards-display-component---masterYard","properties":{"src":{"regex":{"source":"add"}}}},"wdio_ui5_key":"etmportal.ui.manageyards.view.Mastersap.ui.core.Icon{\"src\":{\"regex\":{\"source\":\"add\"}}}"}]}
RESULT: undefined
COMMAND: POST /session/aa9217cc2551115c0c456c59afd2b862/element - {"using":"xpath","value":"//*[@id=\"__button4-img\"]"}
RESULT: {"using":"xpath","value":"//*[@id=\"__button4-img\"]"}
COMMAND: POST /session/aa9217cc2551115c0c456c59afd2b862/element/f.84437822EAE6B6F58A4F12097C194617.d.649FA9BDD12C0F42BA7132CB2556CF72.e.159/click - {}
RESULT: {}
COMMAND: GET /session/aa9217cc2551115c0c456c59afd2b862/screenshot - {}
RESULT: {}
COMMAND: POST /session/aa9217cc2551115c0c456c59afd2b862/execute/async - {"script":"<script> [1562 bytes]","args":[{"selector":{"id":"application-manageyards-display-component---NewYard--yardId","interaction":{"idSuffix":"inner"}},"wdio_ui5_key":"applicationmanageyards-display-component---NewYard--yardId"}]}
RESULT: {"script":"<script> [1562 bytes]","args":[{"selector":{"id":"application-manageyards-display-component---NewYard--yardId","interaction":{"idSuffix":"inner"}},"wdio_ui5_key":"applicationmanageyards-display-component---NewYard--yardId"}]}
RESULT: undefined
COMMAND: POST /session/aa9217cc2551115c0c456c59afd2b862/element - {"using":"xpath","value":"//*[@id=\"application-manageyards-display-component---NewYard--addressDetailDetailsName1-inner\"]"}
RESULT: {"using":"xpath","value":"//*[@id=\"application-manageyards-display-component---NewYard--addressDetailDetailsName1-inner\"]"}
COMMAND: POST /session/aa9217cc2551115c0c456c59afd2b862/element/f.84437822EAE6B6F58A4F12097C194617.d.649FA9BDD12C0F42BA7132CB2556CF72.e.326/clear - {}
RESULT: {}
COMMAND: POST /session/aa9217cc2551115c0c456c59afd2b862/element/f.84437822EAE6B6F58A4F12097C194617.d.649FA9BDD12C0F42BA7132CB2556CF72.e.326/value - {"text":"WebdriverYardvmtqc"}
COMMAND: GET /session/aa9217cc2551115c0c456c59afd2b862/screenshot - {}
RESULT: {"text":"WebdriverYardvmtqc"}
COMMAND: POST /session/aa9217cc2551115c0c456c59afd2b862/element - {"using":"xpath","value":"//*[@id=\"application-manageyards-display-component---NewYard--addressDetailDetailsLanguage-inner\"]"}
COMMAND: GET /session/aa9217cc2551115c0c456c59afd2b862/screenshot - {}
RESULT: {}
RESULT: {"using":"xpath","value":"//*[@id=\"application-manageyards-display-component---NewYard--addressDetailDetailsLanguage-inner\"]"}
COMMAND: POST /session/aa9217cc2551115c0c456c59afd2b862/element/f.84437822EAE6B6F58A4F12097C194617.d.649FA9BDD12C0F42BA7132CB2556CF72.e.327/clear - {}
RESULT: {}
RESULT: {}
COMMAND: POST /session/aa9217cc2551115c0c456c59afd2b862/element/f.84437822EAE6B6F58A4F12097C194617.d.649FA9BDD12C0F42BA7132CB2556CF72.e.327/value - {"text":"Romanian"}
COMMAND: GET /session/aa9217cc2551115c0c456c59afd2b862/screenshot - {}
RESULT: {"text":"Romanian"}
COMMAND: POST /session/aa9217cc2551115c0c456c59afd2b862/element - {"using":"xpath","value":"//input[contains(@id ,\"application-manageyards-display-component---NewYard--addressDetailDetailsName1-inner\")]"}
COMMAND: GET /session/aa9217cc2551115c0c456c59afd2b862/screenshot - {}
RESULT: {}
RESULT: {"using":"xpath","value":"//input[contains(@id ,\"application-manageyards-display-component---NewYard--addressDetailDetailsName1-inner\")]"}
COMMAND: GET /session/aa9217cc2551115c0c456c59afd2b862/element/f.84437822EAE6B6F58A4F12097C194617.d.649FA9BDD12C0F42BA7132CB2556CF72.e.326/property/value - {}
RESULT: {}
RESULT: {}
COMMAND: GET /session/aa9217cc2551115c0c456c59afd2b862/screenshot - {}
RESULT: {}
COMMAND: POST /session/aa9217cc2551115c0c456c59afd2b862/element - {"using":"xpath","value":"//*[@id=\"application-manageyards-display-component---NewYard--addressDetailDetailsCity1-inner\"]"}
RESULT: {"using":"xpath","value":"//*[@id=\"application-manageyards-display-component---NewYard--addressDetailDetailsCity1-inner\"]"}
COMMAND: POST /session/aa9217cc2551115c0c456c59afd2b862/element/f.84437822EAE6B6F58A4F12097C194617.d.649FA9BDD12C0F42BA7132CB2556CF72.e.329/clear - {}
RESULT: {}
COMMAND: POST /session/aa9217cc2551115c0c456c59afd2b862/element/f.84437822EAE6B6F58A4F12097C194617.d.649FA9BDD12C0F42BA7132CB2556CF72.e.329/value - {"text":"Bucuresti"}
COMMAND: GET /session/aa9217cc2551115c0c456c59afd2b862/screenshot - {}
RESULT: {"text":"Bucuresti"}
COMMAND: GET /session/aa9217cc2551115c0c456c59afd2b862/screenshot - {}
RESULT: {}
RESULT: {}
COMMAND: POST /session/aa9217cc2551115c0c456c59afd2b862/element - {"using":"xpath","value":"//*[@id=\"application-manageyards-display-component---NewYard--addressDetailDetailsCountry-inner\"]"}
RESULT: {"using":"xpath","value":"//*[@id=\"application-manageyards-display-component---NewYard--addressDetailDetailsCountry-inner\"]"}
COMMAND: POST /session/aa9217cc2551115c0c456c59afd2b862/element/f.84437822EAE6B6F58A4F12097C194617.d.649FA9BDD12C0F42BA7132CB2556CF72.e.333/clear - {}
RESULT: {}
COMMAND: POST /session/aa9217cc2551115c0c456c59afd2b862/element/f.84437822EAE6B6F58A4F12097C194617.d.649FA9BDD12C0F42BA7132CB2556CF72.e.333/value - {"text":"Romania"}
COMMAND: GET /session/aa9217cc2551115c0c456c59afd2b862/screenshot - {}
RESULT: {"text":"Romania"}
COMMAND: GET /session/aa9217cc2551115c0c456c59afd2b862/screenshot - {}
RESULT: {}
RESULT: {}
COMMAND: POST /session/aa9217cc2551115c0c456c59afd2b862/element - {"using":"xpath","value":"//div[contains(text(), \"Commercial\")]"}
RESULT: {"using":"xpath","value":"//div[contains(text(), \"Commercial\")]"}
COMMAND: GET /session/aa9217cc2551115c0c456c59afd2b862/element/f.84437822EAE6B6F58A4F12097C194617.d.649FA9BDD12C0F42BA7132CB2556CF72.e.582/rect - {}
RESULT: {}
COMMAND: GET /session/aa9217cc2551115c0c456c59afd2b862/window/rect - {}
RESULT: {}
COMMAND: POST /session/aa9217cc2551115c0c456c59afd2b862/execute/sync - {"script":"<script> [92 bytes]","args":[]}
RESULT: {"script":"<script> [92 bytes]","args":[]}
COMMAND: POST /session/aa9217cc2551115c0c456c59afd2b862/actions - {"actions":[{"id":"action1","type":"wheel","parameters":{},"actions":[{"type":"scroll","x":-1841,"y":-44,"deltaX":0,"deltaY":0,"duration":0,"origin":{"element-6066-11e4-a52e-4f735466cecf":"f.84437822EAE6B6F58A4F12097C194617.d.649FA9BDD12C0F42BA7132CB2556CF72.e.582"}}]}]}
COMMAND: GET /session/aa9217cc2551115c0c456c59afd2b862/screenshot - {}
RESULT: {}
COMMAND: POST /session/aa9217cc2551115c0c456c59afd2b862/execute/sync - {"script":"<script> [79 bytes]","args":[{"element-6066-11e4-a52e-4f735466cecf":"f.84437822EAE6B6F58A4F12097C194617.d.649FA9BDD12C0F42BA7132CB2556CF72.e.582","ELEMENT":"f.84437822EAE6B6F58A4F12097C194617.d.649FA9BDD12C0F42BA7132CB2556CF72.e.582"},{"block":"start","inline":"nearest"}]}
RESULT: {"script":"<script> [79 bytes]","args":[{"element-6066-11e4-a52e-4f735466cecf":"f.84437822EAE6B6F58A4F12097C194617.d.649FA9BDD12C0F42BA7132CB2556CF72.e.582","ELEMENT":"f.84437822EAE6B6F58A4F12097C194617.d.649FA9BDD12C0F42BA7132CB2556CF72.e.582"},{"block":"start","inline":"nearest"}]}
COMMAND: GET /session/aa9217cc2551115c0c456c59afd2b862/screenshot - {}
RESULT: {}
COMMAND: POST /session/aa9217cc2551115c0c456c59afd2b862/execute/async - {"script":"<script> [1562 bytes]","args":[{"selector":{"id":"application-manageyards-display-component---NewYard--addressEditDetailsCostObjectCstType-arrow"},"wdio_ui5_key":"applicationmanageyards-display-component---NewYard--addressEditDetailsCostObjectCstType-arrow"}]}
RESULT: {"script":"<script> [1562 bytes]","args":[{"selector":{"id":"application-manageyards-display-component---NewYard--addressEditDetailsCostObjectCstType-arrow"},"wdio_ui5_key":"applicationmanageyards-display-component---NewYard--addressEditDetailsCostObjectCstType-arrow"}]}
RESULT: undefined
COMMAND: POST /session/aa9217cc2551115c0c456c59afd2b862/element - {"using":"xpath","value":"//*[@id=\"application-manageyards-display-component---NewYard--addressEditDetailsCostObjectCstType-arrow\"]"}
RESULT: {"using":"xpath","value":"//*[@id=\"application-manageyards-display-component---NewYard--addressEditDetailsCostObjectCstType-arrow\"]"}
COMMAND: POST /session/aa9217cc2551115c0c456c59afd2b862/element/f.84437822EAE6B6F58A4F12097C194617.d.649FA9BDD12C0F42BA7132CB2556CF72.e.590/click - {}
RESULT: {}
COMMAND: POST /session/aa9217cc2551115c0c456c59afd2b862/element - {"using":"xpath","value":"//span[contains(text(), \"Cost Center\")]"}
COMMAND: GET /session/aa9217cc2551115c0c456c59afd2b862/screenshot - {}
RESULT: {"using":"xpath","value":"//span[contains(text(), \"Cost Center\")]"}
COMMAND: POST /session/aa9217cc2551115c0c456c59afd2b862/element/f.84437822EAE6B6F58A4F12097C194617.d.649FA9BDD12C0F42BA7132CB2556CF72.e.602/click - {}
RESULT: {}
RESULT: {}
COMMAND: GET /session/aa9217cc2551115c0c456c59afd2b862/screenshot - {}
RESULT: {}
COMMAND: POST /session/aa9217cc2551115c0c456c59afd2b862/execute/async - {"script":"<script> [1562 bytes]","args":[{"selector":{"id":"application-manageyards-display-component---NewYard--addressNewCostObjectCstID-vhi"},"wdio_ui5_key":"applicationmanageyards-display-component---NewYard--addressNewCostObjectCstID-vhi"}]}
RESULT: {"script":"<script> [1562 bytes]","args":[{"selector":{"id":"application-manageyards-display-component---NewYard--addressNewCostObjectCstID-vhi"},"wdio_ui5_key":"applicationmanageyards-display-component---NewYard--addressNewCostObjectCstID-vhi"}]}
RESULT: undefined
COMMAND: POST /session/aa9217cc2551115c0c456c59afd2b862/element - {"using":"xpath","value":"//*[@id=\"application-manageyards-display-component---NewYard--addressNewCostObjectCstID-vhi\"]"}
RESULT: {"using":"xpath","value":"//*[@id=\"application-manageyards-display-component---NewYard--addressNewCostObjectCstID-vhi\"]"}
COMMAND: POST /session/aa9217cc2551115c0c456c59afd2b862/element/f.84437822EAE6B6F58A4F12097C194617.d.649FA9BDD12C0F42BA7132CB2556CF72.e.606/click - {}
RESULT: {}
COMMAND: GET /session/aa9217cc2551115c0c456c59afd2b862/screenshot - {}
RESULT: {}
COMMAND: POST /session/aa9217cc2551115c0c456c59afd2b862/execute/async - {"script":"<script> [1562 bytes]","args":[{"selector":{"controlType":"sap.m.SearchField","properties":{"placeholder":"Search"},"searchOpenDialogs":true,"interaction":{"idSuffix":"I"}},"wdio_ui5_key":"sapm.SearchField{\"placeholder\":\"Search\"}"}]}
RESULT: {"script":"<script> [1562 bytes]","args":[{"selector":{"controlType":"sap.m.SearchField","properties":{"placeholder":"Search"},"searchOpenDialogs":true,"interaction":{"idSuffix":"I"}},"wdio_ui5_key":"sapm.SearchField{\"placeholder\":\"Search\"}"}]}
RESULT: undefined
COMMAND: POST /session/aa9217cc2551115c0c456c59afd2b862/execute/async - {"script":"<script> [776 bytes]","args":[{"enterText":"10001013","selector":{"controlType":"sap.m.SearchField","properties":{"placeholder":"Search"},"searchOpenDialogs":true,"interaction":{"idSuffix":"I"}},"clearTextFirst":true,"interactionType":"ENTER_TEXT"}]}
RESULT: {"script":"<script> [776 bytes]","args":[{"enterText":"10001013","selector":{"controlType":"sap.m.SearchField","properties":{"placeholder":"Search"},"searchOpenDialogs":true,"interaction":{"idSuffix":"I"}},"clearTextFirst":true,"interactionType":"ENTER_TEXT"}]}
COMMAND: POST /session/aa9217cc2551115c0c456c59afd2b862/actions - {"actions":[{"id":"action2","type":"key","parameters":{},"actions":[{"type":"keyDown","value":"î€‡"},{"type":"pause","duration":10},{"type":"keyUp","value":"î€‡"}]}]}
RESULT: {"actions":[{"id":"action2","type":"key","parameters":{},"actions":[{"type":"keyDown","value":"î€‡"},{"type":"pause","duration":10},{"type":"keyUp","value":"î€‡"}]}]}
COMMAND: GET /session/aa9217cc2551115c0c456c59afd2b862/screenshot - {}
RESULT: {}
COMMAND: POST /session/aa9217cc2551115c0c456c59afd2b862/element - {"using":"xpath","value":"//span[contains(text(), \"General Management\")]"}
RESULT: {"using":"xpath","value":"//span[contains(text(), \"General Management\")]"}
COMMAND: POST /session/aa9217cc2551115c0c456c59afd2b862/element/f.84437822EAE6B6F58A4F12097C194617.d.649FA9BDD12C0F42BA7132CB2556CF72.e.647/click - {}
RESULT: {}
COMMAND: GET /session/aa9217cc2551115c0c456c59afd2b862/screenshot - {}
RESULT: {}
COMMAND: POST /session/aa9217cc2551115c0c456c59afd2b862/element - {"using":"xpath","value":"//bdi[contains(text(), \"OK\")]"}
RESULT: {"using":"xpath","value":"//bdi[contains(text(), \"OK\")]"}
COMMAND: POST /session/aa9217cc2551115c0c456c59afd2b862/element/f.84437822EAE6B6F58A4F12097C194617.d.649FA9BDD12C0F42BA7132CB2556CF72.e.648/click - {}
RESULT: {}
COMMAND: GET /session/aa9217cc2551115c0c456c59afd2b862/screenshot - {}
RESULT: {}
COMMAND: POST /session/aa9217cc2551115c0c456c59afd2b862/execute/async - {"script":"<script> [1562 bytes]","args":[{"selector":{"controlType":"sap.m.Button","viewName":"etm.portal.ui.manageyards.view.New","viewId":"application-manageyards-display-component---NewYard","i18NText":{"propertyName":"text","key":"save"},"interaction":{"idSuffix":"inner"}},"wdio_ui5_key":"etmportal.ui.manageyards.view.Newsap.m.Button{\"propertyName\":\"text\",\"key\":\"save\"}"}]}
RESULT: {"script":"<script> [1562 bytes]","args":[{"selector":{"controlType":"sap.m.Button","viewName":"etm.portal.ui.manageyards.view.New","viewId":"application-manageyards-display-component---NewYard","i18NText":{"propertyName":"text","key":"save"},"interaction":{"idSuffix":"inner"}},"wdio_ui5_key":"etmportal.ui.manageyards.view.Newsap.m.Button{\"propertyName\":\"text\",\"key\":\"save\"}"}]}
RESULT: undefined
COMMAND: POST /session/aa9217cc2551115c0c456c59afd2b862/element - {"using":"xpath","value":"//*[@id=\"__button18\"]"}
RESULT: {"using":"xpath","value":"//*[@id=\"__button18\"]"}
COMMAND: POST /session/aa9217cc2551115c0c456c59afd2b862/element/f.84437822EAE6B6F58A4F12097C194617.d.649FA9BDD12C0F42BA7132CB2556CF72.e.525/click - {}
RESULT: {}
COMMAND: GET /session/aa9217cc2551115c0c456c59afd2b862/screenshot - {}
RESULT: {}
COMMAND: POST /session/aa9217cc2551115c0c456c59afd2b862/element - {"using":"xpath","value":"//header/div/div[2]/div[2]/span"}
RESULT: {"using":"xpath","value":"//header/div/div[2]/div[2]/span"}
COMMAND: GET /session/aa9217cc2551115c0c456c59afd2b862/element/f.84437822EAE6B6F58A4F12097C194617.d.649FA9BDD12C0F42BA7132CB2556CF72.e.848/text - {}
RESULT: {}
COMMAND: POST /session/aa9217cc2551115c0c456c59afd2b862/execute/async - {"script":"<script> [1562 bytes]","args":[{"selector":{"controlType":"sap.m.OverflowToolbarButton","viewName":"etm.portal.ui.manageyards.view.Detail","viewId":"application-manageyards-display-component---detailYard","i18NText":{"propertyName":"tooltip","key":"closeColumn"},"interaction":{"idSuffix":"inner"}},"wdio_ui5_key":"etmportal.ui.manageyards.view.Detailsap.m.OverflowToolbarButton{\"propertyName\":\"tooltip\",\"key\":\"closeColumn\"}"}]}
RESULT: {"script":"<script> [1562 bytes]","args":[{"selector":{"controlType":"sap.m.OverflowToolbarButton","viewName":"etm.portal.ui.manageyards.view.Detail","viewId":"application-manageyards-display-component---detailYard","i18NText":{"propertyName":"tooltip","key":"closeColumn"},"interaction":{"idSuffix":"inner"}},"wdio_ui5_key":"etmportal.ui.manageyards.view.Detailsap.m.OverflowToolbarButton{\"propertyName\":\"tooltip\",\"key\":\"closeColumn\"}"}]}
RESULT: undefined
COMMAND: POST /session/aa9217cc2551115c0c456c59afd2b862/element - {"using":"xpath","value":"//*[@id=\"__button40\"]"}
RESULT: {"using":"xpath","value":"//*[@id=\"__button40\"]"}
COMMAND: POST /session/aa9217cc2551115c0c456c59afd2b862/element/f.84437822EAE6B6F58A4F12097C194617.d.649FA9BDD12C0F42BA7132CB2556CF72.e.850/click - {}
RESULT: {}
COMMAND: GET /session/aa9217cc2551115c0c456c59afd2b862/screenshot - {}
RESULT: {}
COMMAND: POST /session/aa9217cc2551115c0c456c59afd2b862/element - {"using":"css selector","value":"#shell-header-logo"}
RESULT: {"using":"css selector","value":"#shell-header-logo"}
COMMAND: POST /session/aa9217cc2551115c0c456c59afd2b862/element/f.84437822EAE6B6F58A4F12097C194617.d.649FA9BDD12C0F42BA7132CB2556CF72.e.115/click - {}
RESULT: {}
COMMAND: GET /session/aa9217cc2551115c0c456c59afd2b862/screenshot - {}
RESULT: {}
COMMAND: POST /session/aa9217cc2551115c0c456c59afd2b862/refresh - {}
RESULT: {}
COMMAND: GET /session/aa9217cc2551115c0c456c59afd2b862/screenshot - {}
RESULT: {}
COMMAND: POST /session/aa9217cc2551115c0c456c59afd2b862/execute/async - {"script":"<script> [189 bytes]","args":[]}
RESULT: {"script":"<script> [189 bytes]","args":[]}
COMMAND: POST /session/aa9217cc2551115c0c456c59afd2b862/execute/async - {"script":"<script> [123 bytes]","args":[]}
RESULT: {"script":"<script> [123 bytes]","args":[]}
COMMAND: POST /session/aa9217cc2551115c0c456c59afd2b862/timeouts - {"script":"<number>"}
RESULT: {"script":"<number>"}
COMMAND: GET /session/aa9217cc2551115c0c456c59afd2b862/timeouts - {}
RESULT: {}
RESULT: undefined
COMMAND: POST /session/aa9217cc2551115c0c456c59afd2b862/execute/async - {"script":"<script> [2676 bytes]","args":[]}
RESULT: {"script":"<script> [2676 bytes]","args":[]}
COMMAND: POST /session/aa9217cc2551115c0c456c59afd2b862/execute/async - {"script":"<script> [2342 bytes]","args":[{"protocol":"http","hostname":"0.0.0.0","path":"/","capabilities":{"browserName":"chrome","goog:chromeOptions":{"binary":"C:\\Program Files\\Google\\Chrome\\Application\\chrome.exe","args":["--start-maximized"]}},"logLevel":"warn","connectionRetryTimeout":120000,"connectionRetryCount":3,"logLevels":{},"enableDirectConnect":true,"strictSSL":true,"_":"65 more keys: [\"cacheDir\",\"port\",\"requestedCapabilities\",\"automationProtocol\",\"baseUrl\",\"waitforInterval\",\"waitforTimeout\",\"onReload\",\"beforeCommand\",\"afterCommand\",\"rootDir\",\"specs\",\"suites\",\"exclude\",\"groupLogsByTestSpec\",\"excludeDriverLogs\",\"bail\",\"framework\",\"reporters\",\"services\",\"maxInstances\",\"maxInstancesPerCapability\",\"injectGlobals\",\"filesToWatch\",\"execArgv\",\"runnerEnv\",\"runner\",\"shard\",\"specFileRetries\",\"specFileRetriesDelay\",\"specFileRetriesDeferred\",\"reporterSyncInterval\",\"reporterSyncTimeout\",\"cucumberFeaturesWithLineNumbers\",\"autoCompileOpts\",\"mochaOpts\",\"jasmineOpts\",\"cucumberOpts\",\"onPrepare\",\"onWorkerStart\",\"onWorkerEnd\",\"before\",\"beforeSession\",\"beforeSuite\",\"beforeHook\",\"beforeTest\",\"afterTest\",\"afterHook\",\"afterSuite\",\"afterSession\",\"after\",\"onComplete\",\"beforeAssertion\",\"afterAssertion\",\"beforeFeature\",\"beforeScenario\",\"beforeStep\",\"afterStep\",\"afterScenario\",\"afterFeature\",\"_\",\"suite\",\"$0\",\"ignoredWorkerServices\",\"wdi5\"]"}]}
RESULT: {"script":"<script> [2342 bytes]","args":[{"protocol":"http","hostname":"0.0.0.0","path":"/","capabilities":{"browserName":"chrome","goog:chromeOptions":{"binary":"C:\\Program Files\\Google\\Chrome\\Application\\chrome.exe","args":["--start-maximized"]}},"logLevel":"warn","connectionRetryTimeout":120000,"connectionRetryCount":3,"logLevels":{},"enableDirectConnect":true,"strictSSL":true,"_":"65 more keys: [\"cacheDir\",\"port\",\"requestedCapabilities\",\"automationProtocol\",\"baseUrl\",\"waitforInterval\",\"waitforTimeout\",\"onReload\",\"beforeCommand\",\"afterCommand\",\"rootDir\",\"specs\",\"suites\",\"exclude\",\"groupLogsByTestSpec\",\"excludeDriverLogs\",\"bail\",\"framework\",\"reporters\",\"services\",\"maxInstances\",\"maxInstancesPerCapability\",\"injectGlobals\",\"filesToWatch\",\"execArgv\",\"runnerEnv\",\"runner\",\"shard\",\"specFileRetries\",\"specFileRetriesDelay\",\"specFileRetriesDeferred\",\"reporterSyncInterval\",\"reporterSyncTimeout\",\"cucumberFeaturesWithLineNumbers\",\"autoCompileOpts\",\"mochaOpts\",\"jasmineOpts\",\"cucumberOpts\",\"onPrepare\",\"onWorkerStart\",\"onWorkerEnd\",\"before\",\"beforeSession\",\"beforeSuite\",\"beforeHook\",\"beforeTest\",\"afterTest\",\"afterHook\",\"afterSuite\",\"afterSession\",\"after\",\"onComplete\",\"beforeAssertion\",\"afterAssertion\",\"beforeFeature\",\"beforeScenario\",\"beforeStep\",\"afterStep\",\"afterScenario\",\"afterFeature\",\"_\",\"suite\",\"$0\",\"ignoredWorkerServices\",\"wdi5\"]"}]}
COMMAND: POST /session/aa9217cc2551115c0c456c59afd2b862/execute/async - {"script":"<script> [21126 bytes]","args":[35000]}
RESULT: {"script":"<script> [21126 bytes]","args":[35000]}
COMMAND: POST /session/aa9217cc2551115c0c456c59afd2b862/execute/async - {"script":"<script> [1562 bytes]","args":[{"selector":{"controlType":"sap.m.GenericTile","properties":{"header":"Manage Sites"}},"wdio_ui5_key":"sapm.GenericTile{\"header\":\"Manage Sites\"}"}]}
RESULT: {"script":"<script> [1562 bytes]","args":[{"selector":{"controlType":"sap.m.GenericTile","properties":{"header":"Manage Sites"}},"wdio_ui5_key":"sapm.GenericTile{\"header\":\"Manage Sites\"}"}]}
RESULT: undefined
COMMAND: POST /session/aa9217cc2551115c0c456c59afd2b862/element - {"using":"xpath","value":"//*[@id=\"__tile40\"]"}
RESULT: {"using":"xpath","value":"//*[@id=\"__tile40\"]"}
COMMAND: POST /session/aa9217cc2551115c0c456c59afd2b862/element/f.84437822EAE6B6F58A4F12097C194617.d.0E37FA35C5AC254CAE915E78BD076F6E.e.1203/click - {}
RESULT: {}
COMMAND: GET /session/aa9217cc2551115c0c456c59afd2b862/screenshot - {}
RESULT: {}
COMMAND: POST /session/aa9217cc2551115c0c456c59afd2b862/elements - {"using":"xpath","value":"//span[text()='Error']"}
RESULT: {"using":"xpath","value":"//span[text()='Error']"}
COMMAND: POST /session/aa9217cc2551115c0c456c59afd2b862/execute/async - {"script":"<script> [1562 bytes]","args":[{"selector":{"controlType":"sap.ui.core.Icon","viewName":"etm.portal.ui.managesites.view.Master","viewId":"application-managesites-display-component---masterSite","properties":{"src":{"regex":{"source":"add"}}}},"wdio_ui5_key":"etmportal.ui.managesites.view.Mastersap.ui.core.Icon{\"src\":{\"regex\":{\"source\":\"add\"}}}"}]}
RESULT: {"script":"<script> [1562 bytes]","args":[{"selector":{"controlType":"sap.ui.core.Icon","viewName":"etm.portal.ui.managesites.view.Master","viewId":"application-managesites-display-component---masterSite","properties":{"src":{"regex":{"source":"add"}}}},"wdio_ui5_key":"etmportal.ui.managesites.view.Mastersap.ui.core.Icon{\"src\":{\"regex\":{\"source\":\"add\"}}}"}]}
RESULT: undefined
COMMAND: POST /session/aa9217cc2551115c0c456c59afd2b862/element - {"using":"xpath","value":"//*[@id=\"__button4-img\"]"}
RESULT: {"using":"xpath","value":"//*[@id=\"__button4-img\"]"}
COMMAND: POST /session/aa9217cc2551115c0c456c59afd2b862/element/f.84437822EAE6B6F58A4F12097C194617.d.0E37FA35C5AC254CAE915E78BD076F6E.e.1252/click - {}
RESULT: {}
COMMAND: POST /session/aa9217cc2551115c0c456c59afd2b862/execute/async - {"script":"<script> [1562 bytes]","args":[{"selector":{"id":"application-managesites-display-component---NewSite--siteId","interaction":{"idSuffix":"inner"}},"wdio_ui5_key":"applicationmanagesites-display-component---NewSite--siteId"}]}
COMMAND: GET /session/aa9217cc2551115c0c456c59afd2b862/screenshot - {}
RESULT: {"script":"<script> [1562 bytes]","args":[{"selector":{"id":"application-managesites-display-component---NewSite--siteId","interaction":{"idSuffix":"inner"}},"wdio_ui5_key":"applicationmanagesites-display-component---NewSite--siteId"}]}
RESULT: undefined
COMMAND: POST /session/aa9217cc2551115c0c456c59afd2b862/execute/async - {"script":"<script> [1562 bytes]","args":[{"selector":{"id":"application-managesites-display-component---NewSite--addressDetailDetailsName1","interaction":{"idSuffix":"inner"}},"wdio_ui5_key":"applicationmanagesites-display-component---NewSite--addressDetailDetailsName1"}]}
RESULT: {}
RESULT: {"script":"<script> [1562 bytes]","args":[{"selector":{"id":"application-managesites-display-component---NewSite--addressDetailDetailsName1","interaction":{"idSuffix":"inner"}},"wdio_ui5_key":"applicationmanagesites-display-component---NewSite--addressDetailDetailsName1"}]}
RESULT: undefined
COMMAND: POST /session/aa9217cc2551115c0c456c59afd2b862/execute/async - {"script":"<script> [776 bytes]","args":[{"enterText":"WebdriverSiteov8hnl","selector":{"id":"application-managesites-display-component---NewSite--addressDetailDetailsName1","interaction":{"idSuffix":"inner"}},"clearTextFirst":true,"interactionType":"ENTER_TEXT"}]}
RESULT: {"script":"<script> [776 bytes]","args":[{"enterText":"WebdriverSiteov8hnl","selector":{"id":"application-managesites-display-component---NewSite--addressDetailDetailsName1","interaction":{"idSuffix":"inner"}},"clearTextFirst":true,"interactionType":"ENTER_TEXT"}]}
COMMAND: POST /session/aa9217cc2551115c0c456c59afd2b862/execute/async - {"script":"<script> [1562 bytes]","args":[{"selector":{"id":"application-managesites-display-component---NewSite--addressDetailDetailsLanguage","interaction":{"idSuffix":"inner"}},"wdio_ui5_key":"applicationmanagesites-display-component---NewSite--addressDetailDetailsLanguage"}]}
RESULT: {"script":"<script> [1562 bytes]","args":[{"selector":{"id":"application-managesites-display-component---NewSite--addressDetailDetailsLanguage","interaction":{"idSuffix":"inner"}},"wdio_ui5_key":"applicationmanagesites-display-component---NewSite--addressDetailDetailsLanguage"}]}
RESULT: undefined
COMMAND: POST /session/aa9217cc2551115c0c456c59afd2b862/execute/async - {"script":"<script> [776 bytes]","args":[{"enterText":"Romanian","selector":{"id":"application-managesites-display-component---NewSite--addressDetailDetailsLanguage","interaction":{"idSuffix":"inner"}},"clearTextFirst":true,"interactionType":"ENTER_TEXT"}]}
RESULT: {"script":"<script> [776 bytes]","args":[{"enterText":"Romanian","selector":{"id":"application-managesites-display-component---NewSite--addressDetailDetailsLanguage","interaction":{"idSuffix":"inner"}},"clearTextFirst":true,"interactionType":"ENTER_TEXT"}]}
COMMAND: POST /session/aa9217cc2551115c0c456c59afd2b862/execute/async - {"script":"<script> [1562 bytes]","args":[{"selector":{"id":"application-managesites-display-component---NewSite--addressDetailDetailsCity1","interaction":{"idSuffix":"inner"}},"wdio_ui5_key":"applicationmanagesites-display-component---NewSite--addressDetailDetailsCity1"}]}
RESULT: {"script":"<script> [1562 bytes]","args":[{"selector":{"id":"application-managesites-display-component---NewSite--addressDetailDetailsCity1","interaction":{"idSuffix":"inner"}},"wdio_ui5_key":"applicationmanagesites-display-component---NewSite--addressDetailDetailsCity1"}]}
RESULT: undefined
COMMAND: POST /session/aa9217cc2551115c0c456c59afd2b862/execute/async - {"script":"<script> [776 bytes]","args":[{"enterText":"Bucharest","selector":{"id":"application-managesites-display-component---NewSite--addressDetailDetailsCity1","interaction":{"idSuffix":"inner"}},"clearTextFirst":true,"interactionType":"ENTER_TEXT"}]}
RESULT: {"script":"<script> [776 bytes]","args":[{"enterText":"Bucharest","selector":{"id":"application-managesites-display-component---NewSite--addressDetailDetailsCity1","interaction":{"idSuffix":"inner"}},"clearTextFirst":true,"interactionType":"ENTER_TEXT"}]}
COMMAND: POST /session/aa9217cc2551115c0c456c59afd2b862/execute/async - {"script":"<script> [1562 bytes]","args":[{"selector":{"id":"application-managesites-display-component---NewSite--addressDetailDetailsCountry","interaction":{"idSuffix":"inner"}},"wdio_ui5_key":"applicationmanagesites-display-component---NewSite--addressDetailDetailsCountry"}]}
RESULT: {"script":"<script> [1562 bytes]","args":[{"selector":{"id":"application-managesites-display-component---NewSite--addressDetailDetailsCountry","interaction":{"idSuffix":"inner"}},"wdio_ui5_key":"applicationmanagesites-display-component---NewSite--addressDetailDetailsCountry"}]}
RESULT: undefined
COMMAND: POST /session/aa9217cc2551115c0c456c59afd2b862/execute/async - {"script":"<script> [776 bytes]","args":[{"enterText":"Romania","selector":{"id":"application-managesites-display-component---NewSite--addressDetailDetailsCountry","interaction":{"idSuffix":"inner"}},"clearTextFirst":true,"interactionType":"ENTER_TEXT"}]}
RESULT: {"script":"<script> [776 bytes]","args":[{"enterText":"Romania","selector":{"id":"application-managesites-display-component---NewSite--addressDetailDetailsCountry","interaction":{"idSuffix":"inner"}},"clearTextFirst":true,"interactionType":"ENTER_TEXT"}]}
COMMAND: POST /session/aa9217cc2551115c0c456c59afd2b862/element - {"using":"css selector","value":"#application-managesites-display-component---NewSite--addressDetailDetailsCalendar-inner"}
RESULT: {"using":"css selector","value":"#application-managesites-display-component---NewSite--addressDetailDetailsCalendar-inner"}
COMMAND: POST /session/aa9217cc2551115c0c456c59afd2b862/element/f.84437822EAE6B6F58A4F12097C194617.d.0E37FA35C5AC254CAE915E78BD076F6E.e.1436/clear - {}
RESULT: {}
COMMAND: POST /session/aa9217cc2551115c0c456c59afd2b862/element/f.84437822EAE6B6F58A4F12097C194617.d.0E37FA35C5AC254CAE915E78BD076F6E.e.1436/value - {"text":"Germany"}
COMMAND: GET /session/aa9217cc2551115c0c456c59afd2b862/screenshot - {}
RESULT: {"text":"Germany"}
COMMAND: POST /session/aa9217cc2551115c0c456c59afd2b862/execute/async - {"script":"<script> [1562 bytes]","args":[{"selector":{"id":"application-managesites-display-component---NewSite--addressEditDetailsCostObjectCstType-arrow"},"wdio_ui5_key":"applicationmanagesites-display-component---NewSite--addressEditDetailsCostObjectCstType-arrow"}]}
COMMAND: GET /session/aa9217cc2551115c0c456c59afd2b862/screenshot - {}
RESULT: {}
RESULT: {"script":"<script> [1562 bytes]","args":[{"selector":{"id":"application-managesites-display-component---NewSite--addressEditDetailsCostObjectCstType-arrow"},"wdio_ui5_key":"applicationmanagesites-display-component---NewSite--addressEditDetailsCostObjectCstType-arrow"}]}
RESULT: undefined
COMMAND: POST /session/aa9217cc2551115c0c456c59afd2b862/element - {"using":"xpath","value":"//*[@id=\"application-managesites-display-component---NewSite--addressEditDetailsCostObjectCstType-arrow\"]"}
RESULT: {}
RESULT: {"using":"xpath","value":"//*[@id=\"application-managesites-display-component---NewSite--addressEditDetailsCostObjectCstType-arrow\"]"}
COMMAND: POST /session/aa9217cc2551115c0c456c59afd2b862/element/f.84437822EAE6B6F58A4F12097C194617.d.0E37FA35C5AC254CAE915E78BD076F6E.e.1638/click - {}
RESULT: {}
COMMAND: POST /session/aa9217cc2551115c0c456c59afd2b862/element - {"using":"xpath","value":"//span[contains(text(), \"Work Breakdown Structure\")]"}
COMMAND: GET /session/aa9217cc2551115c0c456c59afd2b862/screenshot - {}
RESULT: {"using":"xpath","value":"//span[contains(text(), \"Work Breakdown Structure\")]"}
COMMAND: POST /session/aa9217cc2551115c0c456c59afd2b862/element/f.84437822EAE6B6F58A4F12097C194617.d.0E37FA35C5AC254CAE915E78BD076F6E.e.1640/click - {}
RESULT: {}
RESULT: {}
COMMAND: GET /session/aa9217cc2551115c0c456c59afd2b862/screenshot - {}
RESULT: {}
COMMAND: POST /session/aa9217cc2551115c0c456c59afd2b862/execute/async - {"script":"<script> [1562 bytes]","args":[{"selector":{"id":"application-managesites-display-component---NewSite--addressNewCostObjectCstID-vhi"},"wdio_ui5_key":"applicationmanagesites-display-component---NewSite--addressNewCostObjectCstID-vhi"}]}
RESULT: {"script":"<script> [1562 bytes]","args":[{"selector":{"id":"application-managesites-display-component---NewSite--addressNewCostObjectCstID-vhi"},"wdio_ui5_key":"applicationmanagesites-display-component---NewSite--addressNewCostObjectCstID-vhi"}]}
RESULT: undefined
COMMAND: POST /session/aa9217cc2551115c0c456c59afd2b862/element - {"using":"xpath","value":"//*[@id=\"application-managesites-display-component---NewSite--addressNewCostObjectCstID-vhi\"]"}
RESULT: {"using":"xpath","value":"//*[@id=\"application-managesites-display-component---NewSite--addressNewCostObjectCstID-vhi\"]"}
COMMAND: POST /session/aa9217cc2551115c0c456c59afd2b862/element/f.84437822EAE6B6F58A4F12097C194617.d.0E37FA35C5AC254CAE915E78BD076F6E.e.1645/click - {}
RESULT: {}
COMMAND: GET /session/aa9217cc2551115c0c456c59afd2b862/screenshot - {}
RESULT: {}
COMMAND: POST /session/aa9217cc2551115c0c456c59afd2b862/execute/async - {"script":"<script> [1562 bytes]","args":[{"selector":{"controlType":"sap.m.SearchField","properties":{"placeholder":"Search"},"searchOpenDialogs":true,"interaction":{"idSuffix":"I"}},"wdio_ui5_key":"sapm.SearchField{\"placeholder\":\"Search\"}"}]}
RESULT: {"script":"<script> [1562 bytes]","args":[{"selector":{"controlType":"sap.m.SearchField","properties":{"placeholder":"Search"},"searchOpenDialogs":true,"interaction":{"idSuffix":"I"}},"wdio_ui5_key":"sapm.SearchField{\"placeholder\":\"Search\"}"}]}
RESULT: undefined
COMMAND: POST /session/aa9217cc2551115c0c456c59afd2b862/execute/async - {"script":"<script> [776 bytes]","args":[{"enterText":"A1-000100-01","selector":{"controlType":"sap.m.SearchField","properties":{"placeholder":"Search"},"searchOpenDialogs":true,"interaction":{"idSuffix":"I"}},"clearTextFirst":true,"interactionType":"ENTER_TEXT"}]}
RESULT: {"script":"<script> [776 bytes]","args":[{"enterText":"A1-000100-01","selector":{"controlType":"sap.m.SearchField","properties":{"placeholder":"Search"},"searchOpenDialogs":true,"interaction":{"idSuffix":"I"}},"clearTextFirst":true,"interactionType":"ENTER_TEXT"}]}
COMMAND: POST /session/aa9217cc2551115c0c456c59afd2b862/actions - {"actions":[{"id":"action3","type":"key","parameters":{},"actions":[{"type":"keyDown","value":"î€‡"},{"type":"pause","duration":10},{"type":"keyUp","value":"î€‡"}]}]}
RESULT: {"actions":[{"id":"action3","type":"key","parameters":{},"actions":[{"type":"keyDown","value":"î€‡"},{"type":"pause","duration":10},{"type":"keyUp","value":"î€‡"}]}]}
COMMAND: GET /session/aa9217cc2551115c0c456c59afd2b862/screenshot - {}
RESULT: {}
COMMAND: POST /session/aa9217cc2551115c0c456c59afd2b862/element - {"using":"xpath","value":"//span[contains(text(), \"Template for ETO-Process\")]"}
RESULT: {"using":"xpath","value":"//span[contains(text(), \"Template for ETO-Process\")]"}
COMMAND: POST /session/aa9217cc2551115c0c456c59afd2b862/element/f.84437822EAE6B6F58A4F12097C194617.d.0E37FA35C5AC254CAE915E78BD076F6E.e.1666/click - {}
RESULT: {}
COMMAND: GET /session/aa9217cc2551115c0c456c59afd2b862/screenshot - {}
RESULT: {}
COMMAND: POST /session/aa9217cc2551115c0c456c59afd2b862/element - {"using":"xpath","value":"//bdi[contains(text(), \"OK\")]"}
RESULT: {"using":"xpath","value":"//bdi[contains(text(), \"OK\")]"}
COMMAND: POST /session/aa9217cc2551115c0c456c59afd2b862/element/f.84437822EAE6B6F58A4F12097C194617.d.0E37FA35C5AC254CAE915E78BD076F6E.e.1667/click - {}
RESULT: {}
COMMAND: GET /session/aa9217cc2551115c0c456c59afd2b862/screenshot - {}
RESULT: {}
COMMAND: POST /session/aa9217cc2551115c0c456c59afd2b862/element - {"using":"xpath","value":"//input[@id=\"application-managesites-display-component---NewSite--addressDetailDetailsYard-inner\"]"}
RESULT: {"using":"xpath","value":"//input[@id=\"application-managesites-display-component---NewSite--addressDetailDetailsYard-inner\"]"}
COMMAND: POST /session/aa9217cc2551115c0c456c59afd2b862/element/f.84437822EAE6B6F58A4F12097C194617.d.0E37FA35C5AC254CAE915E78BD076F6E.e.1437/value - {"text":"WebdriverYardvmtqc"}
RESULT: {"text":"WebdriverYardvmtqc"}
COMMAND: GET /session/aa9217cc2551115c0c456c59afd2b862/screenshot - {}
RESULT: {}
COMMAND: POST /session/aa9217cc2551115c0c456c59afd2b862/actions - {"actions":[{"id":"action4","type":"key","parameters":{},"actions":[{"type":"keyDown","value":"î€‡"},{"type":"pause","duration":10},{"type":"keyUp","value":"î€‡"}]}]}
RESULT: {"actions":[{"id":"action4","type":"key","parameters":{},"actions":[{"type":"keyDown","value":"î€‡"},{"type":"pause","duration":10},{"type":"keyUp","value":"î€‡"}]}]}
COMMAND: GET /session/aa9217cc2551115c0c456c59afd2b862/screenshot - {}
RESULT: {}
COMMAND: POST /session/aa9217cc2551115c0c456c59afd2b862/element - {"using":"xpath","value":"//input[@id=\"application-managesites-display-component---NewSite--addressDetailDetailsPartner-inner\"]"}
RESULT: {"using":"xpath","value":"//input[@id=\"application-managesites-display-component---NewSite--addressDetailDetailsPartner-inner\"]"}
COMMAND: POST /session/aa9217cc2551115c0c456c59afd2b862/elements - {"using":"xpath","value":"//input[@id=\"application-managesites-display-component---NewSite--addressDetailDetailsPartner-inner\"]"}
RESULT: {"using":"xpath","value":"//input[@id=\"application-managesites-display-component---NewSite--addressDetailDetailsPartner-inner\"]"}
COMMAND: POST /session/aa9217cc2551115c0c456c59afd2b862/execute/async - {"script":"<script> [1562 bytes]","args":[{"selector":{"controlType":"sap.m.Button","viewName":"etm.portal.ui.managesites.view.NewSmartSite","viewId":"application-managesites-display-component---NewSite","properties":{"text":"Commercial"},"interaction":{"idSuffix":"BDI-content"}},"wdio_ui5_key":"etmportal.ui.managesites.view.NewSmartSitesap.m.Button{\"text\":\"Commercial\"}"}]}
RESULT: {"script":"<script> [1562 bytes]","args":[{"selector":{"controlType":"sap.m.Button","viewName":"etm.portal.ui.managesites.view.NewSmartSite","viewId":"application-managesites-display-component---NewSite","properties":{"text":"Commercial"},"interaction":{"idSuffix":"BDI-content"}},"wdio_ui5_key":"etmportal.ui.managesites.view.NewSmartSitesap.m.Button{\"text\":\"Commercial\"}"}]}
RESULT: undefined
COMMAND: POST /session/aa9217cc2551115c0c456c59afd2b862/element - {"using":"xpath","value":"//*[@id=\"application-managesites-display-component---NewSite--ObjectPageLayout-anchBar-__section5-anchor\"]"}
RESULT: {"using":"xpath","value":"//*[@id=\"application-managesites-display-component---NewSite--ObjectPageLayout-anchBar-__section5-anchor\"]"}
COMMAND: POST /session/aa9217cc2551115c0c456c59afd2b862/element/f.84437822EAE6B6F58A4F12097C194617.d.0E37FA35C5AC254CAE915E78BD076F6E.e.1674/click - {}
RESULT: {}
COMMAND: POST /session/aa9217cc2551115c0c456c59afd2b862/execute/async - {"script":"<script> [1562 bytes]","args":[{"selector":{"controlType":"sap.m.Button","viewName":"etm.portal.ui.managesites.view.NewSmartSite","viewId":"application-managesites-display-component---NewSite","i18NText":{"propertyName":"text","key":"save"},"interaction":{"idSuffix":"BDI-content"}},"wdio_ui5_key":"etmportal.ui.managesites.view.NewSmartSitesap.m.Button{\"propertyName\":\"text\",\"key\":\"save\"}"}]}
COMMAND: GET /session/aa9217cc2551115c0c456c59afd2b862/screenshot - {}
RESULT: {"script":"<script> [1562 bytes]","args":[{"selector":{"controlType":"sap.m.Button","viewName":"etm.portal.ui.managesites.view.NewSmartSite","viewId":"application-managesites-display-component---NewSite","i18NText":{"propertyName":"text","key":"save"},"interaction":{"idSuffix":"BDI-content"}},"wdio_ui5_key":"etmportal.ui.managesites.view.NewSmartSitesap.m.Button{\"propertyName\":\"text\",\"key\":\"save\"}"}]}
RESULT: undefined
COMMAND: POST /session/aa9217cc2551115c0c456c59afd2b862/element - {"using":"xpath","value":"//*[@id=\"__button16\"]"}
RESULT: {}
RESULT: {"using":"xpath","value":"//*[@id=\"__button16\"]"}
COMMAND: POST /session/aa9217cc2551115c0c456c59afd2b862/element/f.84437822EAE6B6F58A4F12097C194617.d.0E37FA35C5AC254CAE915E78BD076F6E.e.1564/click - {}
RESULT: {}
COMMAND: GET /session/aa9217cc2551115c0c456c59afd2b862/screenshot - {}
RESULT: {}
COMMAND: POST /session/aa9217cc2551115c0c456c59afd2b862/execute/async - {"script":"<script> [1562 bytes]","args":[{"selector":{"id":"application-managesites-display-component---detailSite--addressDetailDetailsYardText"},"wdio_ui5_key":"applicationmanagesites-display-component---detailSite--addressDetailDetailsYardText"}]}
RESULT: {"script":"<script> [1562 bytes]","args":[{"selector":{"id":"application-managesites-display-component---detailSite--addressDetailDetailsYardText"},"wdio_ui5_key":"applicationmanagesites-display-component---detailSite--addressDetailDetailsYardText"}]}
RESULT: undefined
COMMAND: POST /session/aa9217cc2551115c0c456c59afd2b862/element - {"using":"xpath","value":"//header/div/div[2]/div[2]/span"}
RESULT: {"using":"xpath","value":"//header/div/div[2]/div[2]/span"}
COMMAND: GET /session/aa9217cc2551115c0c456c59afd2b862/element/f.84437822EAE6B6F58A4F12097C194617.d.0E37FA35C5AC254CAE915E78BD076F6E.e.1886/text - {}
RESULT: {}
COMMAND: POST /session/aa9217cc2551115c0c456c59afd2b862/element - {"using":"xpath","value":"//header/div/div/div/div/div/div[2]/div/span"}
RESULT: {"using":"xpath","value":"//header/div/div/div/div/div/div[2]/div/span"}
COMMAND: GET /session/aa9217cc2551115c0c456c59afd2b862/element/f.84437822EAE6B6F58A4F12097C194617.d.0E37FA35C5AC254CAE915E78BD076F6E.e.1887/text - {}
RESULT: {}
COMMAND: POST /session/aa9217cc2551115c0c456c59afd2b862/element - {"using":"css selector","value":"#shell-header-logo"}
RESULT: {"using":"css selector","value":"#shell-header-logo"}
COMMAND: POST /session/aa9217cc2551115c0c456c59afd2b862/element/f.84437822EAE6B6F58A4F12097C194617.d.0E37FA35C5AC254CAE915E78BD076F6E.e.1206/click - {}
RESULT: {}
COMMAND: GET /session/aa9217cc2551115c0c456c59afd2b862/screenshot - {}
RESULT: {}
COMMAND: POST /session/aa9217cc2551115c0c456c59afd2b862/execute/async - {"script":"<script> [1562 bytes]","args":[{"selector":{"controlType":"sap.m.GenericTile","properties":{"header":"Manage Partners"}},"wdio_ui5_key":"sapm.GenericTile{\"header\":\"Manage Partners\"}"}]}
RESULT: {"script":"<script> [1562 bytes]","args":[{"selector":{"controlType":"sap.m.GenericTile","properties":{"header":"Manage Partners"}},"wdio_ui5_key":"sapm.GenericTile{\"header\":\"Manage Partners\"}"}]}
RESULT: undefined
COMMAND: POST /session/aa9217cc2551115c0c456c59afd2b862/element - {"using":"xpath","value":"//*[@id=\"__tile38\"]"}
RESULT: {"using":"xpath","value":"//*[@id=\"__tile38\"]"}
COMMAND: POST /session/aa9217cc2551115c0c456c59afd2b862/element/f.84437822EAE6B6F58A4F12097C194617.d.0E37FA35C5AC254CAE915E78BD076F6E.e.1889/click - {}
RESULT: {}
COMMAND: GET /session/aa9217cc2551115c0c456c59afd2b862/screenshot - {}
RESULT: {}
COMMAND: POST /session/aa9217cc2551115c0c456c59afd2b862/elements - {"using":"xpath","value":"//span[text()='Error']"}
RESULT: {"using":"xpath","value":"//span[text()='Error']"}
COMMAND: POST /session/aa9217cc2551115c0c456c59afd2b862/execute/async - {"script":"<script> [1562 bytes]","args":[{"selector":{"controlType":"sap.ui.core.Icon","viewName":"etm.portal.ui.managepartners.view.Master","viewId":"application-managepartners-display-component---masterPtm","properties":{"src":{"regex":{"source":"add"}}}},"wdio_ui5_key":"etmportal.ui.managepartners.view.Mastersap.ui.core.Icon{\"src\":{\"regex\":{\"source\":\"add\"}}}"}]}
RESULT: {"script":"<script> [1562 bytes]","args":[{"selector":{"controlType":"sap.ui.core.Icon","viewName":"etm.portal.ui.managepartners.view.Master","viewId":"application-managepartners-display-component---masterPtm","properties":{"src":{"regex":{"source":"add"}}}},"wdio_ui5_key":"etmportal.ui.managepartners.view.Mastersap.ui.core.Icon{\"src\":{\"regex\":{\"source\":\"add\"}}}"}]}
RESULT: undefined
COMMAND: POST /session/aa9217cc2551115c0c456c59afd2b862/element - {"using":"xpath","value":"//*[@id=\"__button56-img\"]"}
RESULT: {"using":"xpath","value":"//*[@id=\"__button56-img\"]"}
COMMAND: POST /session/aa9217cc2551115c0c456c59afd2b862/element/f.84437822EAE6B6F58A4F12097C194617.d.0E37FA35C5AC254CAE915E78BD076F6E.e.1938/click - {}
RESULT: {}
COMMAND: GET /session/aa9217cc2551115c0c456c59afd2b862/screenshot - {}
RESULT: {}
COMMAND: POST /session/aa9217cc2551115c0c456c59afd2b862/execute/async - {"script":"<script> [1562 bytes]","args":[{"selector":{"id":"application-managepartners-display-component---NewPartner--partnerId","interaction":{"idSuffix":"inner"}},"wdio_ui5_key":"applicationmanagepartners-display-component---NewPartner--partnerId"}]}
RESULT: {"script":"<script> [1562 bytes]","args":[{"selector":{"id":"application-managepartners-display-component---NewPartner--partnerId","interaction":{"idSuffix":"inner"}},"wdio_ui5_key":"applicationmanagepartners-display-component---NewPartner--partnerId"}]}
RESULT: undefined
COMMAND: POST /session/aa9217cc2551115c0c456c59afd2b862/execute/async - {"script":"<script> [1562 bytes]","args":[{"selector":{"id":"application-managepartners-display-component---NewPartner--addressDetailDetailsName1","interaction":{"idSuffix":"inner"}},"wdio_ui5_key":"applicationmanagepartners-display-component---NewPartner--addressDetailDetailsName1"}]}
RESULT: {"script":"<script> [1562 bytes]","args":[{"selector":{"id":"application-managepartners-display-component---NewPartner--addressDetailDetailsName1","interaction":{"idSuffix":"inner"}},"wdio_ui5_key":"applicationmanagepartners-display-component---NewPartner--addressDetailDetailsName1"}]}
RESULT: undefined
COMMAND: POST /session/aa9217cc2551115c0c456c59afd2b862/execute/async - {"script":"<script> [776 bytes]","args":[{"enterText":"WebdriverPartnerq8t5a","selector":{"id":"application-managepartners-display-component---NewPartner--addressDetailDetailsName1","interaction":{"idSuffix":"inner"}},"clearTextFirst":true,"interactionType":"ENTER_TEXT"}]}
RESULT: {"script":"<script> [776 bytes]","args":[{"enterText":"WebdriverPartnerq8t5a","selector":{"id":"application-managepartners-display-component---NewPartner--addressDetailDetailsName1","interaction":{"idSuffix":"inner"}},"clearTextFirst":true,"interactionType":"ENTER_TEXT"}]}
COMMAND: POST /session/aa9217cc2551115c0c456c59afd2b862/execute/async - {"script":"<script> [1562 bytes]","args":[{"selector":{"id":"application-managepartners-display-component---NewPartner--addressDetailDetailsLanguage","interaction":{"idSuffix":"inner"}},"wdio_ui5_key":"applicationmanagepartners-display-component---NewPartner--addressDetailDetailsLanguage"}]}
RESULT: {"script":"<script> [1562 bytes]","args":[{"selector":{"id":"application-managepartners-display-component---NewPartner--addressDetailDetailsLanguage","interaction":{"idSuffix":"inner"}},"wdio_ui5_key":"applicationmanagepartners-display-component---NewPartner--addressDetailDetailsLanguage"}]}
RESULT: undefined
COMMAND: POST /session/aa9217cc2551115c0c456c59afd2b862/execute/async - {"script":"<script> [776 bytes]","args":[{"enterText":"Romanian","selector":{"id":"application-managepartners-display-component---NewPartner--addressDetailDetailsLanguage","interaction":{"idSuffix":"inner"}},"clearTextFirst":true,"interactionType":"ENTER_TEXT"}]}
RESULT: {"script":"<script> [776 bytes]","args":[{"enterText":"Romanian","selector":{"id":"application-managepartners-display-component---NewPartner--addressDetailDetailsLanguage","interaction":{"idSuffix":"inner"}},"clearTextFirst":true,"interactionType":"ENTER_TEXT"}]}
COMMAND: POST /session/aa9217cc2551115c0c456c59afd2b862/element - {"using":"xpath","value":"//input[contains(@id ,\"application-managepartners-display-component---NewPartner--addressDetailDetailsName1-inner\")]"}
RESULT: {"using":"xpath","value":"//input[contains(@id ,\"application-managepartners-display-component---NewPartner--addressDetailDetailsName1-inner\")]"}
COMMAND: GET /session/aa9217cc2551115c0c456c59afd2b862/element/f.84437822EAE6B6F58A4F12097C194617.d.0E37FA35C5AC254CAE915E78BD076F6E.e.2121/property/value - {}
RESULT: {}
COMMAND: POST /session/aa9217cc2551115c0c456c59afd2b862/execute/async - {"script":"<script> [1562 bytes]","args":[{"selector":{"id":"application-managepartners-display-component---NewPartner--addressDetailDetailsCity1","interaction":{"idSuffix":"inner"}},"wdio_ui5_key":"applicationmanagepartners-display-component---NewPartner--addressDetailDetailsCity1"}]}
COMMAND: GET /session/aa9217cc2551115c0c456c59afd2b862/screenshot - {}
RESULT: {"script":"<script> [1562 bytes]","args":[{"selector":{"id":"application-managepartners-display-component---NewPartner--addressDetailDetailsCity1","interaction":{"idSuffix":"inner"}},"wdio_ui5_key":"applicationmanagepartners-display-component---NewPartner--addressDetailDetailsCity1"}]}
RESULT: undefined
COMMAND: POST /session/aa9217cc2551115c0c456c59afd2b862/execute/async - {"script":"<script> [776 bytes]","args":[{"enterText":"Bucharest","selector":{"id":"application-managepartners-display-component---NewPartner--addressDetailDetailsCity1","interaction":{"idSuffix":"inner"}},"clearTextFirst":true,"interactionType":"ENTER_TEXT"}]}
RESULT: {}
RESULT: {"script":"<script> [776 bytes]","args":[{"enterText":"Bucharest","selector":{"id":"application-managepartners-display-component---NewPartner--addressDetailDetailsCity1","interaction":{"idSuffix":"inner"}},"clearTextFirst":true,"interactionType":"ENTER_TEXT"}]}
COMMAND: POST /session/aa9217cc2551115c0c456c59afd2b862/execute/async - {"script":"<script> [1562 bytes]","args":[{"selector":{"id":"application-managepartners-display-component---NewPartner--addressDetailDetailsCountry","interaction":{"idSuffix":"inner"}},"wdio_ui5_key":"applicationmanagepartners-display-component---NewPartner--addressDetailDetailsCountry"}]}
RESULT: {"script":"<script> [1562 bytes]","args":[{"selector":{"id":"application-managepartners-display-component---NewPartner--addressDetailDetailsCountry","interaction":{"idSuffix":"inner"}},"wdio_ui5_key":"applicationmanagepartners-display-component---NewPartner--addressDetailDetailsCountry"}]}
RESULT: undefined
COMMAND: POST /session/aa9217cc2551115c0c456c59afd2b862/execute/async - {"script":"<script> [6424 bytes]","args":[{"element-6066-11e4-a52e-4f735466cecf":"f.84437822EAE6B6F58A4F12097C194617.d.0E37FA35C5AC254CAE915E78BD076F6E.e.2128"},"setValue",["Romania"]]}
RESULT: {"script":"<script> [6424 bytes]","args":[{"element-6066-11e4-a52e-4f735466cecf":"f.84437822EAE6B6F58A4F12097C194617.d.0E37FA35C5AC254CAE915E78BD076F6E.e.2128"},"setValue",["Romania"]]}
COMMAND: POST /session/aa9217cc2551115c0c456c59afd2b862/execute/async - {"script":"<script> [1562 bytes]","args":[{"selector":{"id":"application-managepartners-display-component---NewPartner--partnerDetailInternal","interaction":{"idSuffix":"inner"}},"wdio_ui5_key":"applicationmanagepartners-display-component---NewPartner--partnerDetailInternal"}]}
RESULT: {"script":"<script> [1562 bytes]","args":[{"selector":{"id":"application-managepartners-display-component---NewPartner--partnerDetailInternal","interaction":{"idSuffix":"inner"}},"wdio_ui5_key":"applicationmanagepartners-display-component---NewPartner--partnerDetailInternal"}]}
RESULT: undefined
COMMAND: POST /session/aa9217cc2551115c0c456c59afd2b862/execute/async - {"script":"<script> [776 bytes]","args":[{"enterText":"External partner","selector":{"id":"application-managepartners-display-component---NewPartner--partnerDetailInternal","interaction":{"idSuffix":"inner"}},"clearTextFirst":true,"interactionType":"ENTER_TEXT"}]}
RESULT: {"script":"<script> [776 bytes]","args":[{"enterText":"External partner","selector":{"id":"application-managepartners-display-component---NewPartner--partnerDetailInternal","interaction":{"idSuffix":"inner"}},"clearTextFirst":true,"interactionType":"ENTER_TEXT"}]}
COMMAND: POST /session/aa9217cc2551115c0c456c59afd2b862/execute/async - {"script":"<script> [1562 bytes]","args":[{"selector":{"id":"application-managepartners-display-component---NewPartner--partnerDetailsCurrency","interaction":{"idSuffix":"inner"}},"wdio_ui5_key":"applicationmanagepartners-display-component---NewPartner--partnerDetailsCurrency"}]}
RESULT: {"script":"<script> [1562 bytes]","args":[{"selector":{"id":"application-managepartners-display-component---NewPartner--partnerDetailsCurrency","interaction":{"idSuffix":"inner"}},"wdio_ui5_key":"applicationmanagepartners-display-component---NewPartner--partnerDetailsCurrency"}]}
RESULT: undefined
COMMAND: POST /session/aa9217cc2551115c0c456c59afd2b862/execute/async - {"script":"<script> [776 bytes]","args":[{"enterText":"Euro","selector":{"id":"application-managepartners-display-component---NewPartner--partnerDetailsCurrency","interaction":{"idSuffix":"inner"}},"clearTextFirst":true,"interactionType":"ENTER_TEXT"}]}
RESULT: {"script":"<script> [776 bytes]","args":[{"enterText":"Euro","selector":{"id":"application-managepartners-display-component---NewPartner--partnerDetailsCurrency","interaction":{"idSuffix":"inner"}},"clearTextFirst":true,"interactionType":"ENTER_TEXT"}]}
COMMAND: POST /session/aa9217cc2551115c0c456c59afd2b862/execute/async - {"script":"<script> [1562 bytes]","args":[{"selector":{"controlType":"sap.m.Button","viewName":"etm.portal.ui.managepartners.view.NewPartner","viewId":"application-managepartners-display-component---NewPartner","properties":{"text":"Commercial"},"interaction":{"idSuffix":"BDI-content"}},"wdio_ui5_key":"etmportal.ui.managepartners.view.NewPartnersap.m.Button{\"text\":\"Commercial\"}"}]}
RESULT: {"script":"<script> [1562 bytes]","args":[{"selector":{"controlType":"sap.m.Button","viewName":"etm.portal.ui.managepartners.view.NewPartner","viewId":"application-managepartners-display-component---NewPartner","properties":{"text":"Commercial"},"interaction":{"idSuffix":"BDI-content"}},"wdio_ui5_key":"etmportal.ui.managepartners.view.NewPartnersap.m.Button{\"text\":\"Commercial\"}"}]}
RESULT: undefined
COMMAND: POST /session/aa9217cc2551115c0c456c59afd2b862/element - {"using":"xpath","value":"//*[@id=\"application-managepartners-display-component---NewPartner--ObjectPageLayout-anchBar-__section27-anchor\"]"}
RESULT: {"using":"xpath","value":"//*[@id=\"application-managepartners-display-component---NewPartner--ObjectPageLayout-anchBar-__section27-anchor\"]"}
COMMAND: POST /session/aa9217cc2551115c0c456c59afd2b862/element/f.84437822EAE6B6F58A4F12097C194617.d.0E37FA35C5AC254CAE915E78BD076F6E.e.2357/click - {}
RESULT: {}
COMMAND: GET /session/aa9217cc2551115c0c456c59afd2b862/screenshot - {}
RESULT: {}
COMMAND: POST /session/aa9217cc2551115c0c456c59afd2b862/execute/async - {"script":"<script> [1562 bytes]","args":[{"selector":{"id":"application-managepartners-display-component---NewPartner--btnAddTableRow-img"},"wdio_ui5_key":"applicationmanagepartners-display-component---NewPartner--btnAddTableRow-img"}]}
RESULT: {"script":"<script> [1562 bytes]","args":[{"selector":{"id":"application-managepartners-display-component---NewPartner--btnAddTableRow-img"},"wdio_ui5_key":"applicationmanagepartners-display-component---NewPartner--btnAddTableRow-img"}]}
RESULT: undefined
COMMAND: POST /session/aa9217cc2551115c0c456c59afd2b862/element - {"using":"xpath","value":"//*[@id=\"application-managepartners-display-component---NewPartner--btnAddTableRow-img\"]"}
RESULT: {"using":"xpath","value":"//*[@id=\"application-managepartners-display-component---NewPartner--btnAddTableRow-img\"]"}
COMMAND: POST /session/aa9217cc2551115c0c456c59afd2b862/element/f.84437822EAE6B6F58A4F12097C194617.d.0E37FA35C5AC254CAE915E78BD076F6E.e.2363/click - {}
RESULT: {}
COMMAND: POST /session/aa9217cc2551115c0c456c59afd2b862/element - {"using":"xpath","value":"//input[contains(@id ,\"application-managepartners-display-component---NewPartner--assignmentYard-application-managepartners-display-component---NewPartner\")]"}
COMMAND: GET /session/aa9217cc2551115c0c456c59afd2b862/screenshot - {}
RESULT: {"using":"xpath","value":"//input[contains(@id ,\"application-managepartners-display-component---NewPartner--assignmentYard-application-managepartners-display-component---NewPartner\")]"}
COMMAND: POST /session/aa9217cc2551115c0c456c59afd2b862/element/f.84437822EAE6B6F58A4F12097C194617.d.0E37FA35C5AC254CAE915E78BD076F6E.e.2366/clear - {}
RESULT: {}
RESULT: {}
COMMAND: POST /session/aa9217cc2551115c0c456c59afd2b862/element/f.84437822EAE6B6F58A4F12097C194617.d.0E37FA35C5AC254CAE915E78BD076F6E.e.2366/value - {"text":"WebdriverYardvmtqc"}
COMMAND: GET /session/aa9217cc2551115c0c456c59afd2b862/screenshot - {}
RESULT: {"text":"WebdriverYardvmtqc"}
COMMAND: GET /session/aa9217cc2551115c0c456c59afd2b862/screenshot - {}
RESULT: {}
RESULT: {}
COMMAND: POST /session/aa9217cc2551115c0c456c59afd2b862/execute/async - {"script":"<script> [1562 bytes]","args":[{"selector":{"controlType":"sap.m.Button","viewName":"etm.portal.ui.managepartners.view.NewPartner","viewId":"application-managepartners-display-component---NewPartner","i18NText":{"propertyName":"text","key":"save"},"interaction":{"idSuffix":"BDI-content"}},"wdio_ui5_key":"etmportal.ui.managepartners.view.NewPartnersap.m.Button{\"propertyName\":\"text\",\"key\":\"save\"}"}]}
RESULT: {"script":"<script> [1562 bytes]","args":[{"selector":{"controlType":"sap.m.Button","viewName":"etm.portal.ui.managepartners.view.NewPartner","viewId":"application-managepartners-display-component---NewPartner","i18NText":{"propertyName":"text","key":"save"},"interaction":{"idSuffix":"BDI-content"}},"wdio_ui5_key":"etmportal.ui.managepartners.view.NewPartnersap.m.Button{\"propertyName\":\"text\",\"key\":\"save\"}"}]}
RESULT: undefined
COMMAND: POST /session/aa9217cc2551115c0c456c59afd2b862/element - {"using":"xpath","value":"//*[@id=\"__button64\"]"}
RESULT: {"using":"xpath","value":"//*[@id=\"__button64\"]"}
COMMAND: POST /session/aa9217cc2551115c0c456c59afd2b862/element/f.84437822EAE6B6F58A4F12097C194617.d.0E37FA35C5AC254CAE915E78BD076F6E.e.2314/click - {}
RESULT: {}
COMMAND: GET /session/aa9217cc2551115c0c456c59afd2b862/screenshot - {}
RESULT: {}
COMMAND: POST /session/aa9217cc2551115c0c456c59afd2b862/element - {"using":"xpath","value":"//header/div/div[2]/div[2]/span"}
RESULT: {"using":"xpath","value":"//header/div/div[2]/div[2]/span"}
COMMAND: GET /session/aa9217cc2551115c0c456c59afd2b862/element/f.84437822EAE6B6F58A4F12097C194617.d.0E37FA35C5AC254CAE915E78BD076F6E.e.2543/text - {}
RESULT: {}
COMMAND: POST /session/aa9217cc2551115c0c456c59afd2b862/element - {"using":"xpath","value":"//header/div/div/div/div/div/div[2]/div/span"}
RESULT: {"using":"xpath","value":"//header/div/div/div/div/div/div[2]/div/span"}
COMMAND: GET /session/aa9217cc2551115c0c456c59afd2b862/element/f.84437822EAE6B6F58A4F12097C194617.d.0E37FA35C5AC254CAE915E78BD076F6E.e.2544/text - {}
RESULT: {}
COMMAND: POST /session/aa9217cc2551115c0c456c59afd2b862/execute/async - {"script":"<script> [1562 bytes]","args":[{"selector":{"id":"application-managepartners-display-component---detailPtm--partnerType"},"wdio_ui5_key":"applicationmanagepartners-display-component---detailPtm--partnerType"}]}
RESULT: {"script":"<script> [1562 bytes]","args":[{"selector":{"id":"application-managepartners-display-component---detailPtm--partnerType"},"wdio_ui5_key":"applicationmanagepartners-display-component---detailPtm--partnerType"}]}
RESULT: undefined
COMMAND: POST /session/aa9217cc2551115c0c456c59afd2b862/execute/async - {"script":"<script> [6424 bytes]","args":[{"element-6066-11e4-a52e-4f735466cecf":"f.84437822EAE6B6F58A4F12097C194617.d.0E37FA35C5AC254CAE915E78BD076F6E.e.2545"},"getText",[]]}
RESULT: {"script":"<script> [6424 bytes]","args":[{"element-6066-11e4-a52e-4f735466cecf":"f.84437822EAE6B6F58A4F12097C194617.d.0E37FA35C5AC254CAE915E78BD076F6E.e.2545"},"getText",[]]}
COMMAND: POST /session/aa9217cc2551115c0c456c59afd2b862/element - {"using":"css selector","value":"#shell-header-logo"}
RESULT: {"using":"css selector","value":"#shell-header-logo"}
COMMAND: POST /session/aa9217cc2551115c0c456c59afd2b862/element/f.84437822EAE6B6F58A4F12097C194617.d.0E37FA35C5AC254CAE915E78BD076F6E.e.1892/click - {}
RESULT: {}
COMMAND: GET /session/aa9217cc2551115c0c456c59afd2b862/screenshot - {}
RESULT: {}
]]></system-out>
    </testcase>
    <testcase classname="chrome.136_0_7103_93.windows.Webshop_-_Hyperlinks_visible_and_working_properly__US139085" name="Should create a new contract" time="105.62">
      <system-out><![CDATA[
COMMAND: POST /session/aa9217cc2551115c0c456c59afd2b862/execute/async - {"script":"<script> [1562 bytes]","args":[{"selector":{"controlType":"sap.m.GenericTile","properties":{"header":"Manage Contracts"}},"wdio_ui5_key":"sapm.GenericTile{\"header\":\"Manage Contracts\"}"}]}
RESULT: {"script":"<script> [1562 bytes]","args":[{"selector":{"controlType":"sap.m.GenericTile","properties":{"header":"Manage Contracts"}},"wdio_ui5_key":"sapm.GenericTile{\"header\":\"Manage Contracts\"}"}]}
RESULT: undefined
COMMAND: POST /session/aa9217cc2551115c0c456c59afd2b862/element - {"using":"xpath","value":"//*[@id=\"__tile130\"]"}
RESULT: {"using":"xpath","value":"//*[@id=\"__tile130\"]"}
COMMAND: POST /session/aa9217cc2551115c0c456c59afd2b862/element/f.84437822EAE6B6F58A4F12097C194617.d.0E37FA35C5AC254CAE915E78BD076F6E.e.2547/click - {}
RESULT: {}
COMMAND: GET /session/aa9217cc2551115c0c456c59afd2b862/screenshot - {}
RESULT: {}
COMMAND: POST /session/aa9217cc2551115c0c456c59afd2b862/elements - {"using":"xpath","value":"//span[text()='Error']"}
RESULT: {"using":"xpath","value":"//span[text()='Error']"}
COMMAND: POST /session/aa9217cc2551115c0c456c59afd2b862/element - {"using":"xpath","value":"//button[@data-kt=\"addButton\"]"}
RESULT: {"using":"xpath","value":"//button[@data-kt=\"addButton\"]"}
COMMAND: POST /session/aa9217cc2551115c0c456c59afd2b862/element/f.84437822EAE6B6F58A4F12097C194617.d.0E37FA35C5AC254CAE915E78BD076F6E.e.2599/click - {}
RESULT: {}
COMMAND: GET /session/aa9217cc2551115c0c456c59afd2b862/screenshot - {}
RESULT: {}
COMMAND: POST /session/aa9217cc2551115c0c456c59afd2b862/execute/async - {"script":"<script> [1562 bytes]","args":[{"selector":{"id":"application-managecontracts-display-component---AddNewContract--projectDescription","interaction":{"idSuffix":"inner"}},"wdio_ui5_key":"applicationmanagecontracts-display-component---AddNewContract--projectDescription"}]}
RESULT: {"script":"<script> [1562 bytes]","args":[{"selector":{"id":"application-managecontracts-display-component---AddNewContract--projectDescription","interaction":{"idSuffix":"inner"}},"wdio_ui5_key":"applicationmanagecontracts-display-component---AddNewContract--projectDescription"}]}
RESULT: undefined
COMMAND: POST /session/aa9217cc2551115c0c456c59afd2b862/execute/async - {"script":"<script> [776 bytes]","args":[{"enterText":"WdIOR2cb53rf","selector":{"id":"application-managecontracts-display-component---AddNewContract--projectDescription","interaction":{"idSuffix":"inner"}},"clearTextFirst":true,"interactionType":"ENTER_TEXT"}]}
RESULT: {"script":"<script> [776 bytes]","args":[{"enterText":"WdIOR2cb53rf","selector":{"id":"application-managecontracts-display-component---AddNewContract--projectDescription","interaction":{"idSuffix":"inner"}},"clearTextFirst":true,"interactionType":"ENTER_TEXT"}]}
COMMAND: POST /session/aa9217cc2551115c0c456c59afd2b862/element - {"using":"xpath","value":"//input[@id=\"application-managecontracts-display-component---AddNewContract--yardId-inner\"]"}
RESULT: {"using":"xpath","value":"//input[@id=\"application-managecontracts-display-component---AddNewContract--yardId-inner\"]"}
COMMAND: POST /session/aa9217cc2551115c0c456c59afd2b862/element/f.84437822EAE6B6F58A4F12097C194617.d.0E37FA35C5AC254CAE915E78BD076F6E.e.2897/clear - {}
RESULT: {}
COMMAND: POST /session/aa9217cc2551115c0c456c59afd2b862/element/f.84437822EAE6B6F58A4F12097C194617.d.0E37FA35C5AC254CAE915E78BD076F6E.e.2897/value - {"text":"WebdriverYardvmtqc"}
COMMAND: GET /session/aa9217cc2551115c0c456c59afd2b862/screenshot - {}
RESULT: {"text":"WebdriverYardvmtqc"}
COMMAND: GET /session/aa9217cc2551115c0c456c59afd2b862/screenshot - {}
RESULT: {}
RESULT: {}
COMMAND: POST /session/aa9217cc2551115c0c456c59afd2b862/actions - {"actions":[{"id":"action5","type":"key","parameters":{},"actions":[{"type":"keyDown","value":"î€‡"},{"type":"pause","duration":10},{"type":"keyUp","value":"î€‡"}]}]}
RESULT: {"actions":[{"id":"action5","type":"key","parameters":{},"actions":[{"type":"keyDown","value":"î€‡"},{"type":"pause","duration":10},{"type":"keyUp","value":"î€‡"}]}]}
COMMAND: GET /session/aa9217cc2551115c0c456c59afd2b862/screenshot - {}
RESULT: {}
COMMAND: POST /session/aa9217cc2551115c0c456c59afd2b862/element - {"using":"xpath","value":"//input[@id=\"application-managecontracts-display-component---AddNewContract--customerSelect-inner\"]"}
RESULT: {"using":"xpath","value":"//input[@id=\"application-managecontracts-display-component---AddNewContract--customerSelect-inner\"]"}
COMMAND: POST /session/aa9217cc2551115c0c456c59afd2b862/element/f.84437822EAE6B6F58A4F12097C194617.d.0E37FA35C5AC254CAE915E78BD076F6E.e.2895/clear - {}
RESULT: {}
COMMAND: POST /session/aa9217cc2551115c0c456c59afd2b862/element/f.84437822EAE6B6F58A4F12097C194617.d.0E37FA35C5AC254CAE915E78BD076F6E.e.2895/value - {"text":"WebdriverPartnerq8t5a"}
COMMAND: GET /session/aa9217cc2551115c0c456c59afd2b862/screenshot - {}
RESULT: {"text":"WebdriverPartnerq8t5a"}
COMMAND: GET /session/aa9217cc2551115c0c456c59afd2b862/screenshot - {}
RESULT: {}
RESULT: {}
COMMAND: POST /session/aa9217cc2551115c0c456c59afd2b862/actions - {"actions":[{"id":"action6","type":"key","parameters":{},"actions":[{"type":"keyDown","value":"î€‡"},{"type":"pause","duration":10},{"type":"keyUp","value":"î€‡"}]}]}
RESULT: {"actions":[{"id":"action6","type":"key","parameters":{},"actions":[{"type":"keyDown","value":"î€‡"},{"type":"pause","duration":10},{"type":"keyUp","value":"î€‡"}]}]}
COMMAND: GET /session/aa9217cc2551115c0c456c59afd2b862/screenshot - {}
RESULT: {}
COMMAND: POST /session/aa9217cc2551115c0c456c59afd2b862/element - {"using":"xpath","value":"//input[@id=\"application-managecontracts-display-component---AddNewContract--site-inner\"]"}
RESULT: {"using":"xpath","value":"//input[@id=\"application-managecontracts-display-component---AddNewContract--site-inner\"]"}
COMMAND: POST /session/aa9217cc2551115c0c456c59afd2b862/element/f.84437822EAE6B6F58A4F12097C194617.d.0E37FA35C5AC254CAE915E78BD076F6E.e.2896/clear - {}
RESULT: {}
COMMAND: POST /session/aa9217cc2551115c0c456c59afd2b862/element/f.84437822EAE6B6F58A4F12097C194617.d.0E37FA35C5AC254CAE915E78BD076F6E.e.2896/value - {"text":"WebdriverSiteov8hnl"}
COMMAND: GET /session/aa9217cc2551115c0c456c59afd2b862/screenshot - {}
RESULT: {"text":"WebdriverSiteov8hnl"}
COMMAND: GET /session/aa9217cc2551115c0c456c59afd2b862/screenshot - {}
RESULT: {}
RESULT: {}
COMMAND: POST /session/aa9217cc2551115c0c456c59afd2b862/actions - {"actions":[{"id":"action7","type":"key","parameters":{},"actions":[{"type":"keyDown","value":"î€‡"},{"type":"pause","duration":10},{"type":"keyUp","value":"î€‡"}]}]}
RESULT: {"actions":[{"id":"action7","type":"key","parameters":{},"actions":[{"type":"keyDown","value":"î€‡"},{"type":"pause","duration":10},{"type":"keyUp","value":"î€‡"}]}]}
COMMAND: GET /session/aa9217cc2551115c0c456c59afd2b862/screenshot - {}
RESULT: {}
COMMAND: POST /session/aa9217cc2551115c0c456c59afd2b862/element - {"using":"xpath","value":"//button[@data-kt=\"saveButton\"]"}
RESULT: {"using":"xpath","value":"//button[@data-kt=\"saveButton\"]"}
COMMAND: POST /session/aa9217cc2551115c0c456c59afd2b862/element/f.84437822EAE6B6F58A4F12097C194617.d.0E37FA35C5AC254CAE915E78BD076F6E.e.2931/click - {}
RESULT: {}
COMMAND: GET /session/aa9217cc2551115c0c456c59afd2b862/screenshot - {}
RESULT: {}
COMMAND: POST /session/aa9217cc2551115c0c456c59afd2b862/execute/async - {"script":"<script> [1562 bytes]","args":[{"selector":{"id":"contractDetailTitleNoExpanded","viewName":"etm.portal.ui.managecontracts.view.Detail"},"wdio_ui5_key":"contractDetailTitleNoExpandedetmportal.ui.managecontracts.view.Detail"}]}
RESULT: {"script":"<script> [1562 bytes]","args":[{"selector":{"id":"contractDetailTitleNoExpanded","viewName":"etm.portal.ui.managecontracts.view.Detail"},"wdio_ui5_key":"contractDetailTitleNoExpandedetmportal.ui.managecontracts.view.Detail"}]}
RESULT: undefined
COMMAND: POST /session/aa9217cc2551115c0c456c59afd2b862/execute/async - {"script":"<script> [6424 bytes]","args":[{"element-6066-11e4-a52e-4f735466cecf":"f.84437822EAE6B6F58A4F12097C194617.d.0E37FA35C5AC254CAE915E78BD076F6E.e.3003"},"getText",[]]}
RESULT: {"script":"<script> [6424 bytes]","args":[{"element-6066-11e4-a52e-4f735466cecf":"f.84437822EAE6B6F58A4F12097C194617.d.0E37FA35C5AC254CAE915E78BD076F6E.e.3003"},"getText",[]]}
COMMAND: POST /session/aa9217cc2551115c0c456c59afd2b862/element - {"using":"css selector","value":"#shell-header-logo"}
RESULT: {"using":"css selector","value":"#shell-header-logo"}
COMMAND: POST /session/aa9217cc2551115c0c456c59afd2b862/element/f.84437822EAE6B6F58A4F12097C194617.d.0E37FA35C5AC254CAE915E78BD076F6E.e.2550/click - {}
RESULT: {}
COMMAND: GET /session/aa9217cc2551115c0c456c59afd2b862/screenshot - {}
RESULT: {}
]]></system-out>
    </testcase>
    <testcase classname="chrome.136_0_7103_93.windows.Webshop_-_Hyperlinks_visible_and_working_properly__US139085" name="Should create a new webshop request and verify yard hyperlinks" time="223.155">
      <system-out><![CDATA[
COMMAND: POST /session/aa9217cc2551115c0c456c59afd2b862/execute/async - {"script":"<script> [1562 bytes]","args":[{"selector":{"controlType":"sap.m.GenericTile","properties":{"header":"Webshop"}},"wdio_ui5_key":"sapm.GenericTile{\"header\":\"Webshop\"}"}]}
RESULT: {"script":"<script> [1562 bytes]","args":[{"selector":{"controlType":"sap.m.GenericTile","properties":{"header":"Webshop"}},"wdio_ui5_key":"sapm.GenericTile{\"header\":\"Webshop\"}"}]}
RESULT: undefined
COMMAND: POST /session/aa9217cc2551115c0c456c59afd2b862/element - {"using":"xpath","value":"//*[@id=\"__tile49\"]"}
RESULT: {"using":"xpath","value":"//*[@id=\"__tile49\"]"}
COMMAND: POST /session/aa9217cc2551115c0c456c59afd2b862/element/f.84437822EAE6B6F58A4F12097C194617.d.0E37FA35C5AC254CAE915E78BD076F6E.e.3006/click - {}
RESULT: {}
COMMAND: GET /session/aa9217cc2551115c0c456c59afd2b862/screenshot - {}
RESULT: {}
COMMAND: POST /session/aa9217cc2551115c0c456c59afd2b862/elements - {"using":"xpath","value":"//span[text()='Error']"}
RESULT: {"using":"xpath","value":"//span[text()='Error']"}
COMMAND: POST /session/aa9217cc2551115c0c456c59afd2b862/element - {"using":"css selector","value":"#requestCreationDialog--createRequestPopUp-title-inner"}
RESULT: {"using":"css selector","value":"#requestCreationDialog--createRequestPopUp-title-inner"}
COMMAND: POST /session/aa9217cc2551115c0c456c59afd2b862/execute/sync - {"script":"<script> [8489 bytes]","args":[{"element-6066-11e4-a52e-4f735466cecf":"f.84437822EAE6B6F58A4F12097C194617.d.0E37FA35C5AC254CAE915E78BD076F6E.e.3107","ELEMENT":"f.84437822EAE6B6F58A4F12097C194617.d.0E37FA35C5AC254CAE915E78BD076F6E.e.3107"}]}
RESULT: {"script":"<script> [8489 bytes]","args":[{"element-6066-11e4-a52e-4f735466cecf":"f.84437822EAE6B6F58A4F12097C194617.d.0E37FA35C5AC254CAE915E78BD076F6E.e.3107","ELEMENT":"f.84437822EAE6B6F58A4F12097C194617.d.0E37FA35C5AC254CAE915E78BD076F6E.e.3107"}]}
COMMAND: GET /session/aa9217cc2551115c0c456c59afd2b862/element/f.84437822EAE6B6F58A4F12097C194617.d.0E37FA35C5AC254CAE915E78BD076F6E.e.3107/enabled - {}
COMMAND: GET /session/aa9217cc2551115c0c456c59afd2b862/screenshot - {}
RESULT: {}
COMMAND: POST /session/aa9217cc2551115c0c456c59afd2b862/execute/async - {"script":"<script> [1562 bytes]","args":[{"selector":{"id":"requestCreationDialog--requestName","searchOpenDialogs":true,"interaction":{"idSuffix":"inner"}},"wdio_ui5_key":"requestCreationDialogrequestName"}]}
COMMAND: GET /session/aa9217cc2551115c0c456c59afd2b862/screenshot - {}
RESULT: {}
RESULT: {"script":"<script> [1562 bytes]","args":[{"selector":{"id":"requestCreationDialog--requestName","searchOpenDialogs":true,"interaction":{"idSuffix":"inner"}},"wdio_ui5_key":"requestCreationDialogrequestName"}]}
RESULT: undefined
COMMAND: POST /session/aa9217cc2551115c0c456c59afd2b862/execute/async - {"script":"<script> [776 bytes]","args":[{"enterText":"WebdriverTest","selector":{"id":"requestCreationDialog--requestName","searchOpenDialogs":true,"interaction":{"idSuffix":"inner"}},"clearTextFirst":true,"interactionType":"ENTER_TEXT"}]}
RESULT: {}
RESULT: {"script":"<script> [776 bytes]","args":[{"enterText":"WebdriverTest","selector":{"id":"requestCreationDialog--requestName","searchOpenDialogs":true,"interaction":{"idSuffix":"inner"}},"clearTextFirst":true,"interactionType":"ENTER_TEXT"}]}
COMMAND: POST /session/aa9217cc2551115c0c456c59afd2b862/element - {"using":"xpath","value":"//input[contains(@id ,\"requestCreationDialog--contract-inner\")]"}
RESULT: {"using":"xpath","value":"//input[contains(@id ,\"requestCreationDialog--contract-inner\")]"}
COMMAND: POST /session/aa9217cc2551115c0c456c59afd2b862/element/f.84437822EAE6B6F58A4F12097C194617.d.0E37FA35C5AC254CAE915E78BD076F6E.e.3093/clear - {}
RESULT: {}
COMMAND: POST /session/aa9217cc2551115c0c456c59afd2b862/element/f.84437822EAE6B6F58A4F12097C194617.d.0E37FA35C5AC254CAE915E78BD076F6E.e.3093/value - {"text":"10389"}
COMMAND: GET /session/aa9217cc2551115c0c456c59afd2b862/screenshot - {}
RESULT: {"text":"10389"}
COMMAND: GET /session/aa9217cc2551115c0c456c59afd2b862/screenshot - {}
RESULT: {}
RESULT: {}
COMMAND: POST /session/aa9217cc2551115c0c456c59afd2b862/actions - {"actions":[{"id":"action8","type":"key","parameters":{},"actions":[{"type":"keyDown","value":"î€‡"},{"type":"pause","duration":10},{"type":"keyUp","value":"î€‡"}]}]}
RESULT: {"actions":[{"id":"action8","type":"key","parameters":{},"actions":[{"type":"keyDown","value":"î€‡"},{"type":"pause","duration":10},{"type":"keyUp","value":"î€‡"}]}]}
COMMAND: GET /session/aa9217cc2551115c0c456c59afd2b862/screenshot - {}
RESULT: {}
COMMAND: POST /session/aa9217cc2551115c0c456c59afd2b862/element - {"using":"xpath","value":"//input[contains(@id ,\"requestCreationDialog--contract-inner\")]"}
RESULT: {"using":"xpath","value":"//input[contains(@id ,\"requestCreationDialog--contract-inner\")]"}
COMMAND: GET /session/aa9217cc2551115c0c456c59afd2b862/element/f.84437822EAE6B6F58A4F12097C194617.d.0E37FA35C5AC254CAE915E78BD076F6E.e.3093/property/value - {}
RESULT: {}
COMMAND: POST /session/aa9217cc2551115c0c456c59afd2b862/element - {"using":"xpath","value":"//input[contains(@id ,\"requestCreationDialog--contract-inner\")]"}
COMMAND: GET /session/aa9217cc2551115c0c456c59afd2b862/screenshot - {}
RESULT: {"using":"xpath","value":"//input[contains(@id ,\"requestCreationDialog--contract-inner\")]"}
COMMAND: POST /session/aa9217cc2551115c0c456c59afd2b862/execute/async - {"script":"<script> [1562 bytes]","args":[{"selector":{"id":"requestCreationDialog--okButton","searchOpenDialogs":true,"interaction":{"idSuffix":"BDI-content"}},"wdio_ui5_key":"requestCreationDialogokButton"}]}
RESULT: {}
RESULT: {"script":"<script> [1562 bytes]","args":[{"selector":{"id":"requestCreationDialog--okButton","searchOpenDialogs":true,"interaction":{"idSuffix":"BDI-content"}},"wdio_ui5_key":"requestCreationDialogokButton"}]}
RESULT: undefined
COMMAND: POST /session/aa9217cc2551115c0c456c59afd2b862/element - {"using":"xpath","value":"//*[@id=\"requestCreationDialog--okButton\"]"}
RESULT: {"using":"xpath","value":"//*[@id=\"requestCreationDialog--okButton\"]"}
COMMAND: POST /session/aa9217cc2551115c0c456c59afd2b862/element/f.84437822EAE6B6F58A4F12097C194617.d.0E37FA35C5AC254CAE915E78BD076F6E.e.3115/click - {}
RESULT: {}
COMMAND: GET /session/aa9217cc2551115c0c456c59afd2b862/screenshot - {}
RESULT: {}
COMMAND: POST /session/aa9217cc2551115c0c456c59afd2b862/element - {"using":"xpath","value":"//input[contains(@id ,\"searchFiledId-I\")]"}
RESULT: {"using":"xpath","value":"//input[contains(@id ,\"searchFiledId-I\")]"}
COMMAND: POST /session/aa9217cc2551115c0c456c59afd2b862/element/f.84437822EAE6B6F58A4F12097C194617.d.0E37FA35C5AC254CAE915E78BD076F6E.e.3010/value - {"text":"Dri-Prime CD150M Diesel Pump"}
RESULT: {"text":"Dri-Prime CD150M Diesel Pump"}
COMMAND: POST /session/aa9217cc2551115c0c456c59afd2b862/actions - {"actions":[{"id":"action9","type":"key","parameters":{},"actions":[{"type":"keyDown","value":"î€‡"},{"type":"pause","duration":10},{"type":"keyUp","value":"î€‡"}]}]}
COMMAND: GET /session/aa9217cc2551115c0c456c59afd2b862/screenshot - {}
RESULT: {"actions":[{"id":"action9","type":"key","parameters":{},"actions":[{"type":"keyDown","value":"î€‡"},{"type":"pause","duration":10},{"type":"keyUp","value":"î€‡"}]}]}
COMMAND: GET /session/aa9217cc2551115c0c456c59afd2b862/screenshot - {}
RESULT: {}
RESULT: {}
COMMAND: POST /session/aa9217cc2551115c0c456c59afd2b862/element - {"using":"xpath","value":"//span[contains(@id ,\"subTitle\")][contains(text(), \"Dri-Prime CD150M Diesel Pump\")]"}
RESULT: {"using":"xpath","value":"//span[contains(@id ,\"subTitle\")][contains(text(), \"Dri-Prime CD150M Diesel Pump\")]"}
COMMAND: POST /session/aa9217cc2551115c0c456c59afd2b862/element/f.84437822EAE6B6F58A4F12097C194617.d.0E37FA35C5AC254CAE915E78BD076F6E.e.3122/click - {}
RESULT: {}
COMMAND: GET /session/aa9217cc2551115c0c456c59afd2b862/screenshot - {}
RESULT: {}
COMMAND: POST /session/aa9217cc2551115c0c456c59afd2b862/execute/async - {"script":"<script> [1562 bytes]","args":[{"selector":{"controlType":"sap.m.Button","viewName":"etm.portal.ui.webshop.view.Homepage","i18NText":{"propertyName":"text","key":"addToRequest"},"interaction":{"idSuffix":"BDI-content"}},"wdio_ui5_key":"etmportal.ui.webshop.view.Homepagesap.m.Button{\"propertyName\":\"text\",\"key\":\"addToRequest\"}"}]}
RESULT: {"script":"<script> [1562 bytes]","args":[{"selector":{"controlType":"sap.m.Button","viewName":"etm.portal.ui.webshop.view.Homepage","i18NText":{"propertyName":"text","key":"addToRequest"},"interaction":{"idSuffix":"BDI-content"}},"wdio_ui5_key":"etmportal.ui.webshop.view.Homepagesap.m.Button{\"propertyName\":\"text\",\"key\":\"addToRequest\"}"}]}
RESULT: undefined
COMMAND: POST /session/aa9217cc2551115c0c456c59afd2b862/element - {"using":"xpath","value":"//*[@id=\"__button122\"]"}
RESULT: {"using":"xpath","value":"//*[@id=\"__button122\"]"}
COMMAND: POST /session/aa9217cc2551115c0c456c59afd2b862/element/f.84437822EAE6B6F58A4F12097C194617.d.0E37FA35C5AC254CAE915E78BD076F6E.e.3136/click - {}
RESULT: {}
COMMAND: GET /session/aa9217cc2551115c0c456c59afd2b862/screenshot - {}
RESULT: {}
COMMAND: POST /session/aa9217cc2551115c0c456c59afd2b862/element - {"using":"xpath","value":"//*[contains(@id ,\"activeCartId-BDI-content\")]"}
RESULT: {"using":"xpath","value":"//*[contains(@id ,\"activeCartId-BDI-content\")]"}
COMMAND: POST /session/aa9217cc2551115c0c456c59afd2b862/element/f.84437822EAE6B6F58A4F12097C194617.d.0E37FA35C5AC254CAE915E78BD076F6E.e.3138/click - {}
RESULT: {}
COMMAND: GET /session/aa9217cc2551115c0c456c59afd2b862/screenshot - {}
RESULT: {}
COMMAND: POST /session/aa9217cc2551115c0c456c59afd2b862/element - {"using":"xpath","value":"//bdi[contains(text(), \"Check out my request\")]"}
RESULT: {"using":"xpath","value":"//bdi[contains(text(), \"Check out my request\")]"}
COMMAND: POST /session/aa9217cc2551115c0c456c59afd2b862/element/f.84437822EAE6B6F58A4F12097C194617.d.0E37FA35C5AC254CAE915E78BD076F6E.e.3140/click - {}
RESULT: {}
COMMAND: GET /session/aa9217cc2551115c0c456c59afd2b862/screenshot - {}
RESULT: {}
COMMAND: POST /session/aa9217cc2551115c0c456c59afd2b862/element - {"using":"xpath","value":"//*[contains(@data-kt ,\"webshopDetailYardLink\")]"}
RESULT: {"using":"xpath","value":"//*[contains(@data-kt ,\"webshopDetailYardLink\")]"}
COMMAND: POST /session/aa9217cc2551115c0c456c59afd2b862/element/f.84437822EAE6B6F58A4F12097C194617.d.0E37FA35C5AC254CAE915E78BD076F6E.e.3189/click - {}
RESULT: {}
COMMAND: POST /session/aa9217cc2551115c0c456c59afd2b862/element - {"using":"xpath","value":"//*[contains(@data-kt ,\"ContextMenuId2Link\")][contains(text(), \"Yard Overview\")]"}
COMMAND: GET /session/aa9217cc2551115c0c456c59afd2b862/screenshot - {}
RESULT: {"using":"xpath","value":"//*[contains(@data-kt ,\"ContextMenuId2Link\")][contains(text(), \"Yard Overview\")]"}
COMMAND: POST /session/aa9217cc2551115c0c456c59afd2b862/execute/sync - {"script":"<script> [8489 bytes]","args":[{"element-6066-11e4-a52e-4f735466cecf":"f.84437822EAE6B6F58A4F12097C194617.d.0E37FA35C5AC254CAE915E78BD076F6E.e.3191","ELEMENT":"f.84437822EAE6B6F58A4F12097C194617.d.0E37FA35C5AC254CAE915E78BD076F6E.e.3191"}]}
COMMAND: POST /session/aa9217cc2551115c0c456c59afd2b862/element - {"using":"xpath","value":"//*[contains(@data-kt ,\"ContextMenuId3Link\")][contains(text(), \"Yard Main Address\")]"}
RESULT: {}
RESULT: {"script":"<script> [8489 bytes]","args":[{"element-6066-11e4-a52e-4f735466cecf":"f.84437822EAE6B6F58A4F12097C194617.d.0E37FA35C5AC254CAE915E78BD076F6E.e.3191","ELEMENT":"f.84437822EAE6B6F58A4F12097C194617.d.0E37FA35C5AC254CAE915E78BD076F6E.e.3191"}]}
COMMAND: GET /session/aa9217cc2551115c0c456c59afd2b862/screenshot - {}
RESULT: {"using":"xpath","value":"//*[contains(@data-kt ,\"ContextMenuId3Link\")][contains(text(), \"Yard Main Address\")]"}
COMMAND: POST /session/aa9217cc2551115c0c456c59afd2b862/execute/sync - {"script":"<script> [8489 bytes]","args":[{"element-6066-11e4-a52e-4f735466cecf":"f.84437822EAE6B6F58A4F12097C194617.d.0E37FA35C5AC254CAE915E78BD076F6E.e.3192","ELEMENT":"f.84437822EAE6B6F58A4F12097C194617.d.0E37FA35C5AC254CAE915E78BD076F6E.e.3192"}]}
COMMAND: POST /session/aa9217cc2551115c0c456c59afd2b862/element - {"using":"xpath","value":"//*[contains(@data-kt ,\"ContextMenuId2Link\")][contains(text(), \"Yard Overview\")]"}
RESULT: {}
RESULT: {"script":"<script> [8489 bytes]","args":[{"element-6066-11e4-a52e-4f735466cecf":"f.84437822EAE6B6F58A4F12097C194617.d.0E37FA35C5AC254CAE915E78BD076F6E.e.3192","ELEMENT":"f.84437822EAE6B6F58A4F12097C194617.d.0E37FA35C5AC254CAE915E78BD076F6E.e.3192"}]}
COMMAND: GET /session/aa9217cc2551115c0c456c59afd2b862/screenshot - {}
RESULT: {"using":"xpath","value":"//*[contains(@data-kt ,\"ContextMenuId2Link\")][contains(text(), \"Yard Overview\")]"}
COMMAND: POST /session/aa9217cc2551115c0c456c59afd2b862/element/f.84437822EAE6B6F58A4F12097C194617.d.0E37FA35C5AC254CAE915E78BD076F6E.e.3191/click - {}
RESULT: {}
RESULT: {}
COMMAND: GET /session/aa9217cc2551115c0c456c59afd2b862/screenshot - {}
RESULT: {}
COMMAND: POST /session/aa9217cc2551115c0c456c59afd2b862/execute/async - {"script":"<script> [1562 bytes]","args":[{"selector":{"id":"shellAppTitle"},"wdio_ui5_key":"shellAppTitle"}]}
RESULT: {"script":"<script> [1562 bytes]","args":[{"selector":{"id":"shellAppTitle"},"wdio_ui5_key":"shellAppTitle"}]}
RESULT: undefined
COMMAND: POST /session/aa9217cc2551115c0c456c59afd2b862/execute/async - {"script":"<script> [6424 bytes]","args":[{"element-6066-11e4-a52e-4f735466cecf":"f.84437822EAE6B6F58A4F12097C194617.d.0E37FA35C5AC254CAE915E78BD076F6E.e.3271"},"getTitle",[]]}
RESULT: {"script":"<script> [6424 bytes]","args":[{"element-6066-11e4-a52e-4f735466cecf":"f.84437822EAE6B6F58A4F12097C194617.d.0E37FA35C5AC254CAE915E78BD076F6E.e.3271"},"getTitle",[]]}
COMMAND: POST /session/aa9217cc2551115c0c456c59afd2b862/element - {"using":"xpath","value":"//span[contains(@id ,\"title\")][contains(text(), \"WebdriverYardvmtqc\")]"}
RESULT: {"using":"xpath","value":"//span[contains(@id ,\"title\")][contains(text(), \"WebdriverYardvmtqc\")]"}
COMMAND: POST /session/aa9217cc2551115c0c456c59afd2b862/execute/sync - {"script":"<script> [8489 bytes]","args":[{"element-6066-11e4-a52e-4f735466cecf":"f.84437822EAE6B6F58A4F12097C194617.d.0E37FA35C5AC254CAE915E78BD076F6E.e.3272","ELEMENT":"f.84437822EAE6B6F58A4F12097C194617.d.0E37FA35C5AC254CAE915E78BD076F6E.e.3272"}]}
COMMAND: POST /session/aa9217cc2551115c0c456c59afd2b862/execute/async - {"script":"<script> [1562 bytes]","args":[{"selector":{"id":"backBtn"},"wdio_ui5_key":"backBtn"}]}
RESULT: {"script":"<script> [8489 bytes]","args":[{"element-6066-11e4-a52e-4f735466cecf":"f.84437822EAE6B6F58A4F12097C194617.d.0E37FA35C5AC254CAE915E78BD076F6E.e.3272","ELEMENT":"f.84437822EAE6B6F58A4F12097C194617.d.0E37FA35C5AC254CAE915E78BD076F6E.e.3272"}]}
COMMAND: GET /session/aa9217cc2551115c0c456c59afd2b862/screenshot - {}
RESULT: {"script":"<script> [1562 bytes]","args":[{"selector":{"id":"backBtn"},"wdio_ui5_key":"backBtn"}]}
RESULT: undefined
COMMAND: POST /session/aa9217cc2551115c0c456c59afd2b862/element - {"using":"xpath","value":"//*[@id=\"backBtn\"]"}
COMMAND: POST /session/aa9217cc2551115c0c456c59afd2b862/execute/sync - {"script":"<script> [8489 bytes]","args":[{"element-6066-11e4-a52e-4f735466cecf":"f.84437822EAE6B6F58A4F12097C194617.d.0E37FA35C5AC254CAE915E78BD076F6E.e.3272","ELEMENT":"f.84437822EAE6B6F58A4F12097C194617.d.0E37FA35C5AC254CAE915E78BD076F6E.e.3272"}]}
RESULT: {}
RESULT: {"using":"xpath","value":"//*[@id=\"backBtn\"]"}
COMMAND: POST /session/aa9217cc2551115c0c456c59afd2b862/element/f.84437822EAE6B6F58A4F12097C194617.d.0E37FA35C5AC254CAE915E78BD076F6E.e.3273/click - {}
RESULT: {"script":"<script> [8489 bytes]","args":[{"element-6066-11e4-a52e-4f735466cecf":"f.84437822EAE6B6F58A4F12097C194617.d.0E37FA35C5AC254CAE915E78BD076F6E.e.3272","ELEMENT":"f.84437822EAE6B6F58A4F12097C194617.d.0E37FA35C5AC254CAE915E78BD076F6E.e.3272"}]}
COMMAND: GET /session/aa9217cc2551115c0c456c59afd2b862/screenshot - {}
RESULT: {}
COMMAND: GET /session/aa9217cc2551115c0c456c59afd2b862/screenshot - {}
COMMAND: POST /session/aa9217cc2551115c0c456c59afd2b862/execute/sync - {"script":"<script> [8489 bytes]","args":[{"element-6066-11e4-a52e-4f735466cecf":"f.84437822EAE6B6F58A4F12097C194617.d.0E37FA35C5AC254CAE915E78BD076F6E.e.3272","ELEMENT":"f.84437822EAE6B6F58A4F12097C194617.d.0E37FA35C5AC254CAE915E78BD076F6E.e.3272"}]}
RESULT: {}
RESULT: {}
COMMAND: POST /session/aa9217cc2551115c0c456c59afd2b862/element - {"using":"xpath","value":"//span[contains(@id ,\"title\")][contains(text(), \"WebdriverYardvmtqc\")]"}
RESULT: {"using":"xpath","value":"//span[contains(@id ,\"title\")][contains(text(), \"WebdriverYardvmtqc\")]"}
COMMAND: POST /session/aa9217cc2551115c0c456c59afd2b862/element - {"using":"xpath","value":"//span[contains(@id ,\"title\")][contains(text(), \"WebdriverYardvmtqc\")]"}
RESULT: {"using":"xpath","value":"//span[contains(@id ,\"title\")][contains(text(), \"WebdriverYardvmtqc\")]"}
COMMAND: POST /session/aa9217cc2551115c0c456c59afd2b862/element - {"using":"xpath","value":"//span[contains(@id ,\"title\")][contains(text(), \"WebdriverYardvmtqc\")]"}
RESULT: {"using":"xpath","value":"//span[contains(@id ,\"title\")][contains(text(), \"WebdriverYardvmtqc\")]"}
COMMAND: POST /session/aa9217cc2551115c0c456c59afd2b862/element - {"using":"xpath","value":"//span[contains(@id ,\"title\")][contains(text(), \"WebdriverYardvmtqc\")]"}
RESULT: {"using":"xpath","value":"//span[contains(@id ,\"title\")][contains(text(), \"WebdriverYardvmtqc\")]"}
COMMAND: POST /session/aa9217cc2551115c0c456c59afd2b862/element - {"using":"xpath","value":"//*[contains(@data-kt ,\"webshopDetailYardLink\")]"}
RESULT: {"using":"xpath","value":"//*[contains(@data-kt ,\"webshopDetailYardLink\")]"}
COMMAND: POST /session/aa9217cc2551115c0c456c59afd2b862/execute/sync - {"script":"<script> [8489 bytes]","args":[{"element-6066-11e4-a52e-4f735466cecf":"f.84437822EAE6B6F58A4F12097C194617.d.0E37FA35C5AC254CAE915E78BD076F6E.e.3433","ELEMENT":"f.84437822EAE6B6F58A4F12097C194617.d.0E37FA35C5AC254CAE915E78BD076F6E.e.3433"}]}
RESULT: {"script":"<script> [8489 bytes]","args":[{"element-6066-11e4-a52e-4f735466cecf":"f.84437822EAE6B6F58A4F12097C194617.d.0E37FA35C5AC254CAE915E78BD076F6E.e.3433","ELEMENT":"f.84437822EAE6B6F58A4F12097C194617.d.0E37FA35C5AC254CAE915E78BD076F6E.e.3433"}]}
COMMAND: POST /session/aa9217cc2551115c0c456c59afd2b862/execute/sync - {"script":"<script> [5351 bytes]","args":[{"element-6066-11e4-a52e-4f735466cecf":"f.84437822EAE6B6F58A4F12097C194617.d.0E37FA35C5AC254CAE915E78BD076F6E.e.3433","ELEMENT":"f.84437822EAE6B6F58A4F12097C194617.d.0E37FA35C5AC254CAE915E78BD076F6E.e.3433"}]}
COMMAND: GET /session/aa9217cc2551115c0c456c59afd2b862/screenshot - {}
COMMAND: POST /session/aa9217cc2551115c0c456c59afd2b862/element - {"using":"xpath","value":"//span[contains(@id ,\"title\")][contains(text(), \"WebdriverYardvmtqc\")]"}
RESULT: {"script":"<script> [5351 bytes]","args":[{"element-6066-11e4-a52e-4f735466cecf":"f.84437822EAE6B6F58A4F12097C194617.d.0E37FA35C5AC254CAE915E78BD076F6E.e.3433","ELEMENT":"f.84437822EAE6B6F58A4F12097C194617.d.0E37FA35C5AC254CAE915E78BD076F6E.e.3433"}]}
COMMAND: GET /session/aa9217cc2551115c0c456c59afd2b862/screenshot - {}
COMMAND: POST /session/aa9217cc2551115c0c456c59afd2b862/execute/sync - {"script":"<script> [8489 bytes]","args":[{"element-6066-11e4-a52e-4f735466cecf":"f.84437822EAE6B6F58A4F12097C194617.d.0E37FA35C5AC254CAE915E78BD076F6E.e.3433","ELEMENT":"f.84437822EAE6B6F58A4F12097C194617.d.0E37FA35C5AC254CAE915E78BD076F6E.e.3433"}]}
RESULT: {}
RESULT: {"using":"xpath","value":"//span[contains(@id ,\"title\")][contains(text(), \"WebdriverYardvmtqc\")]"}
RESULT: {}
RESULT: {"script":"<script> [8489 bytes]","args":[{"element-6066-11e4-a52e-4f735466cecf":"f.84437822EAE6B6F58A4F12097C194617.d.0E37FA35C5AC254CAE915E78BD076F6E.e.3433","ELEMENT":"f.84437822EAE6B6F58A4F12097C194617.d.0E37FA35C5AC254CAE915E78BD076F6E.e.3433"}]}
COMMAND: POST /session/aa9217cc2551115c0c456c59afd2b862/execute/sync - {"script":"<script> [5351 bytes]","args":[{"element-6066-11e4-a52e-4f735466cecf":"f.84437822EAE6B6F58A4F12097C194617.d.0E37FA35C5AC254CAE915E78BD076F6E.e.3433","ELEMENT":"f.84437822EAE6B6F58A4F12097C194617.d.0E37FA35C5AC254CAE915E78BD076F6E.e.3433"}]}
COMMAND: GET /session/aa9217cc2551115c0c456c59afd2b862/screenshot - {}
RESULT: {"script":"<script> [5351 bytes]","args":[{"element-6066-11e4-a52e-4f735466cecf":"f.84437822EAE6B6F58A4F12097C194617.d.0E37FA35C5AC254CAE915E78BD076F6E.e.3433","ELEMENT":"f.84437822EAE6B6F58A4F12097C194617.d.0E37FA35C5AC254CAE915E78BD076F6E.e.3433"}]}
COMMAND: POST /session/aa9217cc2551115c0c456c59afd2b862/element - {"using":"xpath","value":"//*[contains(@data-kt ,\"webshopDetailYardLink\")]"}
COMMAND: GET /session/aa9217cc2551115c0c456c59afd2b862/screenshot - {}
COMMAND: POST /session/aa9217cc2551115c0c456c59afd2b862/element - {"using":"xpath","value":"//span[contains(@id ,\"title\")][contains(text(), \"WebdriverYardvmtqc\")]"}
RESULT: {}
RESULT: {"using":"xpath","value":"//*[contains(@data-kt ,\"webshopDetailYardLink\")]"}
COMMAND: POST /session/aa9217cc2551115c0c456c59afd2b862/element/f.84437822EAE6B6F58A4F12097C194617.d.0E37FA35C5AC254CAE915E78BD076F6E.e.3433/click - {}
RESULT: {}
RESULT: {"using":"xpath","value":"//span[contains(@id ,\"title\")][contains(text(), \"WebdriverYardvmtqc\")]"}
RESULT: {}
COMMAND: GET /session/aa9217cc2551115c0c456c59afd2b862/screenshot - {}
RESULT: {}
COMMAND: POST /session/aa9217cc2551115c0c456c59afd2b862/element - {"using":"xpath","value":"//span[contains(@id ,\"title\")][contains(text(), \"WebdriverYardvmtqc\")]"}
RESULT: {"using":"xpath","value":"//span[contains(@id ,\"title\")][contains(text(), \"WebdriverYardvmtqc\")]"}
COMMAND: POST /session/aa9217cc2551115c0c456c59afd2b862/execute/sync - {"script":"<script> [8489 bytes]","args":[{"element-6066-11e4-a52e-4f735466cecf":"f.84437822EAE6B6F58A4F12097C194617.d.0E37FA35C5AC254CAE915E78BD076F6E.e.3437","ELEMENT":"f.84437822EAE6B6F58A4F12097C194617.d.0E37FA35C5AC254CAE915E78BD076F6E.e.3437"}]}
RESULT: {"script":"<script> [8489 bytes]","args":[{"element-6066-11e4-a52e-4f735466cecf":"f.84437822EAE6B6F58A4F12097C194617.d.0E37FA35C5AC254CAE915E78BD076F6E.e.3437","ELEMENT":"f.84437822EAE6B6F58A4F12097C194617.d.0E37FA35C5AC254CAE915E78BD076F6E.e.3437"}]}
COMMAND: GET /session/aa9217cc2551115c0c456c59afd2b862/screenshot - {}
RESULT: {}
COMMAND: POST /session/aa9217cc2551115c0c456c59afd2b862/element - {"using":"xpath","value":"//*[contains(@data-kt ,\"ContextMenuId3Link\")][contains(text(), \"Yard Main Address\")]"}
RESULT: {"using":"xpath","value":"//*[contains(@data-kt ,\"ContextMenuId3Link\")][contains(text(), \"Yard Main Address\")]"}
COMMAND: POST /session/aa9217cc2551115c0c456c59afd2b862/element/f.84437822EAE6B6F58A4F12097C194617.d.0E37FA35C5AC254CAE915E78BD076F6E.e.3438/click - {}
RESULT: {}
COMMAND: GET /session/aa9217cc2551115c0c456c59afd2b862/screenshot - {}
RESULT: {}
COMMAND: POST /session/aa9217cc2551115c0c456c59afd2b862/execute/async - {"script":"<script> [1562 bytes]","args":[{"selector":{"id":"application-addressmanagement-display-component---masterAdm--title1"},"wdio_ui5_key":"applicationaddressmanagement-display-component---masterAdm--title1"}]}
RESULT: {"script":"<script> [1562 bytes]","args":[{"selector":{"id":"application-addressmanagement-display-component---masterAdm--title1"},"wdio_ui5_key":"applicationaddressmanagement-display-component---masterAdm--title1"}]}
RESULT: undefined
COMMAND: POST /session/aa9217cc2551115c0c456c59afd2b862/execute/async - {"script":"<script> [6424 bytes]","args":[{"element-6066-11e4-a52e-4f735466cecf":"f.84437822EAE6B6F58A4F12097C194617.d.0E37FA35C5AC254CAE915E78BD076F6E.e.3741"},"getText",[]]}
RESULT: {"script":"<script> [6424 bytes]","args":[{"element-6066-11e4-a52e-4f735466cecf":"f.84437822EAE6B6F58A4F12097C194617.d.0E37FA35C5AC254CAE915E78BD076F6E.e.3741"},"getText",[]]}
COMMAND: POST /session/aa9217cc2551115c0c456c59afd2b862/element - {"using":"xpath","value":"//span[contains(text(), \"WebdriverYardjjtihg\")][contains(@id ,\"application-addressmanagement-display-component---detailAdm--addressDetailDetailsName1\")]"}
RESULT: {"using":"xpath","value":"//span[contains(text(), \"WebdriverYardjjtihg\")][contains(@id ,\"application-addressmanagement-display-component---detailAdm--addressDetailDetailsName1\")]"}
COMMAND: POST /session/aa9217cc2551115c0c456c59afd2b862/element - {"using":"xpath","value":"//span[contains(text(), \"WebdriverYardjjtihg\")][contains(@id ,\"application-addressmanagement-display-component---detailAdm--addressDetailDetailsName1\")]"}
RESULT: undefined
COMMAND: POST /session/aa9217cc2551115c0c456c59afd2b862/element - {"using":"xpath","value":"//*[@id=\"backBtn\"]"}
RESULT: {"using":"xpath","value":"//span[contains(text(), \"WebdriverYardjjtihg\")][contains(@id ,\"application-addressmanagement-display-component---detailAdm--addressDetailDetailsName1\")]"}
RESULT: {"using":"xpath","value":"//*[@id=\"backBtn\"]"}
COMMAND: POST /session/aa9217cc2551115c0c456c59afd2b862/element/f.84437822EAE6B6F58A4F12097C194617.d.0E37FA35C5AC254CAE915E78BD076F6E.e.3273/click - {}
RESULT: {}
COMMAND: GET /session/aa9217cc2551115c0c456c59afd2b862/screenshot - {}
COMMAND: POST /session/aa9217cc2551115c0c456c59afd2b862/element - {"using":"xpath","value":"//span[contains(text(), \"WebdriverYardjjtihg\")][contains(@id ,\"application-addressmanagement-display-component---detailAdm--addressDetailDetailsName1\")]"}
RESULT: {}
RESULT: {"using":"xpath","value":"//span[contains(text(), \"WebdriverYardjjtihg\")][contains(@id ,\"application-addressmanagement-display-component---detailAdm--addressDetailDetailsName1\")]"}
COMMAND: POST /session/aa9217cc2551115c0c456c59afd2b862/element - {"using":"xpath","value":"//span[contains(text(), \"WebdriverYardjjtihg\")][contains(@id ,\"application-addressmanagement-display-component---detailAdm--addressDetailDetailsName1\")]"}
RESULT: {"using":"xpath","value":"//span[contains(text(), \"WebdriverYardjjtihg\")][contains(@id ,\"application-addressmanagement-display-component---detailAdm--addressDetailDetailsName1\")]"}
COMMAND: POST /session/aa9217cc2551115c0c456c59afd2b862/element - {"using":"xpath","value":"//span[contains(text(), \"WebdriverYardjjtihg\")][contains(@id ,\"application-addressmanagement-display-component---detailAdm--addressDetailDetailsName1\")]"}
RESULT: {"using":"xpath","value":"//span[contains(text(), \"WebdriverYardjjtihg\")][contains(@id ,\"application-addressmanagement-display-component---detailAdm--addressDetailDetailsName1\")]"}
COMMAND: POST /session/aa9217cc2551115c0c456c59afd2b862/element - {"using":"xpath","value":"//span[contains(text(), \"WebdriverYardjjtihg\")][contains(@id ,\"application-addressmanagement-display-component---detailAdm--addressDetailDetailsName1\")]"}
RESULT: {"using":"xpath","value":"//span[contains(text(), \"WebdriverYardjjtihg\")][contains(@id ,\"application-addressmanagement-display-component---detailAdm--addressDetailDetailsName1\")]"}
COMMAND: POST /session/aa9217cc2551115c0c456c59afd2b862/element - {"using":"xpath","value":"//span[contains(text(), \"WebdriverYardjjtihg\")][contains(@id ,\"application-addressmanagement-display-component---detailAdm--addressDetailDetailsName1\")]"}
RESULT: {"using":"xpath","value":"//span[contains(text(), \"WebdriverYardjjtihg\")][contains(@id ,\"application-addressmanagement-display-component---detailAdm--addressDetailDetailsName1\")]"}
COMMAND: POST /session/aa9217cc2551115c0c456c59afd2b862/element - {"using":"xpath","value":"//span[contains(text(), \"WebdriverYardjjtihg\")][contains(@id ,\"application-addressmanagement-display-component---detailAdm--addressDetailDetailsName1\")]"}
RESULT: {"using":"xpath","value":"//span[contains(text(), \"WebdriverYardjjtihg\")][contains(@id ,\"application-addressmanagement-display-component---detailAdm--addressDetailDetailsName1\")]"}
COMMAND: POST /session/aa9217cc2551115c0c456c59afd2b862/element - {"using":"xpath","value":"//span[contains(text(), \"WebdriverYardjjtihg\")][contains(@id ,\"application-addressmanagement-display-component---detailAdm--addressDetailDetailsName1\")]"}
RESULT: {"using":"xpath","value":"//span[contains(text(), \"WebdriverYardjjtihg\")][contains(@id ,\"application-addressmanagement-display-component---detailAdm--addressDetailDetailsName1\")]"}
COMMAND: POST /session/aa9217cc2551115c0c456c59afd2b862/element - {"using":"xpath","value":"//span[contains(text(), \"WebdriverYardjjtihg\")][contains(@id ,\"application-addressmanagement-display-component---detailAdm--addressDetailDetailsName1\")]"}
RESULT: {"using":"xpath","value":"//span[contains(text(), \"WebdriverYardjjtihg\")][contains(@id ,\"application-addressmanagement-display-component---detailAdm--addressDetailDetailsName1\")]"}
COMMAND: POST /session/aa9217cc2551115c0c456c59afd2b862/element - {"using":"xpath","value":"//span[contains(text(), \"WebdriverYardjjtihg\")][contains(@id ,\"application-addressmanagement-display-component---detailAdm--addressDetailDetailsName1\")]"}
RESULT: {"using":"xpath","value":"//span[contains(text(), \"WebdriverYardjjtihg\")][contains(@id ,\"application-addressmanagement-display-component---detailAdm--addressDetailDetailsName1\")]"}
COMMAND: POST /session/aa9217cc2551115c0c456c59afd2b862/element - {"using":"xpath","value":"//span[contains(text(), \"WebdriverYardjjtihg\")][contains(@id ,\"application-addressmanagement-display-component---detailAdm--addressDetailDetailsName1\")]"}
RESULT: {"using":"xpath","value":"//span[contains(text(), \"WebdriverYardjjtihg\")][contains(@id ,\"application-addressmanagement-display-component---detailAdm--addressDetailDetailsName1\")]"}
COMMAND: POST /session/aa9217cc2551115c0c456c59afd2b862/element - {"using":"xpath","value":"//span[contains(text(), \"WebdriverYardjjtihg\")][contains(@id ,\"application-addressmanagement-display-component---detailAdm--addressDetailDetailsName1\")]"}
RESULT: {"using":"xpath","value":"//span[contains(text(), \"WebdriverYardjjtihg\")][contains(@id ,\"application-addressmanagement-display-component---detailAdm--addressDetailDetailsName1\")]"}
COMMAND: POST /session/aa9217cc2551115c0c456c59afd2b862/element - {"using":"xpath","value":"//span[contains(text(), \"WebdriverYardjjtihg\")][contains(@id ,\"application-addressmanagement-display-component---detailAdm--addressDetailDetailsName1\")]"}
RESULT: {"using":"xpath","value":"//span[contains(text(), \"WebdriverYardjjtihg\")][contains(@id ,\"application-addressmanagement-display-component---detailAdm--addressDetailDetailsName1\")]"}
COMMAND: POST /session/aa9217cc2551115c0c456c59afd2b862/element - {"using":"xpath","value":"//span[contains(text(), \"WebdriverYardjjtihg\")][contains(@id ,\"application-addressmanagement-display-component---detailAdm--addressDetailDetailsName1\")]"}
COMMAND: POST /session/aa9217cc2551115c0c456c59afd2b862/execute/sync - {"script":"<script> [8489 bytes]","args":[{"element-6066-11e4-a52e-4f735466cecf":"f.84437822EAE6B6F58A4F12097C194617.d.0E37FA35C5AC254CAE915E78BD076F6E.e.3433","ELEMENT":"f.84437822EAE6B6F58A4F12097C194617.d.0E37FA35C5AC254CAE915E78BD076F6E.e.3433"}]}
RESULT: {"using":"xpath","value":"//span[contains(text(), \"WebdriverYardjjtihg\")][contains(@id ,\"application-addressmanagement-display-component---detailAdm--addressDetailDetailsName1\")]"}
COMMAND: POST /session/aa9217cc2551115c0c456c59afd2b862/element - {"using":"xpath","value":"//*[contains(@data-kt ,\"webshopDetailYardLink\")]"}
RESULT: {"using":"xpath","value":"//*[contains(@data-kt ,\"webshopDetailYardLink\")]"}
COMMAND: POST /session/aa9217cc2551115c0c456c59afd2b862/execute/sync - {"script":"<script> [8489 bytes]","args":[{"element-6066-11e4-a52e-4f735466cecf":"f.84437822EAE6B6F58A4F12097C194617.d.0E37FA35C5AC254CAE915E78BD076F6E.e.3922","ELEMENT":"f.84437822EAE6B6F58A4F12097C194617.d.0E37FA35C5AC254CAE915E78BD076F6E.e.3922"}]}
RESULT: {"script":"<script> [8489 bytes]","args":[{"element-6066-11e4-a52e-4f735466cecf":"f.84437822EAE6B6F58A4F12097C194617.d.0E37FA35C5AC254CAE915E78BD076F6E.e.3922","ELEMENT":"f.84437822EAE6B6F58A4F12097C194617.d.0E37FA35C5AC254CAE915E78BD076F6E.e.3922"}]}
COMMAND: POST /session/aa9217cc2551115c0c456c59afd2b862/execute/sync - {"script":"<script> [5351 bytes]","args":[{"element-6066-11e4-a52e-4f735466cecf":"f.84437822EAE6B6F58A4F12097C194617.d.0E37FA35C5AC254CAE915E78BD076F6E.e.3922","ELEMENT":"f.84437822EAE6B6F58A4F12097C194617.d.0E37FA35C5AC254CAE915E78BD076F6E.e.3922"}]}
COMMAND: GET /session/aa9217cc2551115c0c456c59afd2b862/screenshot - {}
RESULT: {"script":"<script> [5351 bytes]","args":[{"element-6066-11e4-a52e-4f735466cecf":"f.84437822EAE6B6F58A4F12097C194617.d.0E37FA35C5AC254CAE915E78BD076F6E.e.3922","ELEMENT":"f.84437822EAE6B6F58A4F12097C194617.d.0E37FA35C5AC254CAE915E78BD076F6E.e.3922"}]}
COMMAND: POST /session/aa9217cc2551115c0c456c59afd2b862/element - {"using":"xpath","value":"//*[contains(@data-kt ,\"webshopDetailYardLink\")]"}
COMMAND: POST /session/aa9217cc2551115c0c456c59afd2b862/element - {"using":"xpath","value":"//span[contains(text(), \"WebdriverYardjjtihg\")][contains(@id ,\"application-addressmanagement-display-component---detailAdm--addressDetailDetailsName1\")]"}
COMMAND: GET /session/aa9217cc2551115c0c456c59afd2b862/screenshot - {}
RESULT: {}
RESULT: {"using":"xpath","value":"//*[contains(@data-kt ,\"webshopDetailYardLink\")]"}
COMMAND: POST /session/aa9217cc2551115c0c456c59afd2b862/element/f.84437822EAE6B6F58A4F12097C194617.d.0E37FA35C5AC254CAE915E78BD076F6E.e.3922/click - {}
RESULT: {"using":"xpath","value":"//span[contains(text(), \"WebdriverYardjjtihg\")][contains(@id ,\"application-addressmanagement-display-component---detailAdm--addressDetailDetailsName1\")]"}
RESULT: {}
RESULT: {}
COMMAND: GET /session/aa9217cc2551115c0c456c59afd2b862/screenshot - {}
COMMAND: POST /session/aa9217cc2551115c0c456c59afd2b862/element - {"using":"xpath","value":"//span[contains(text(), \"WebdriverYardjjtihg\")][contains(@id ,\"application-addressmanagement-display-component---detailAdm--addressDetailDetailsName1\")]"}
RESULT: {}
RESULT: {"using":"xpath","value":"//span[contains(text(), \"WebdriverYardjjtihg\")][contains(@id ,\"application-addressmanagement-display-component---detailAdm--addressDetailDetailsName1\")]"}
COMMAND: POST /session/aa9217cc2551115c0c456c59afd2b862/element - {"using":"xpath","value":"//span[contains(text(), \"WebdriverYardjjtihg\")][contains(@id ,\"application-addressmanagement-display-component---detailAdm--addressDetailDetailsName1\")]"}
RESULT: {"using":"xpath","value":"//span[contains(text(), \"WebdriverYardjjtihg\")][contains(@id ,\"application-addressmanagement-display-component---detailAdm--addressDetailDetailsName1\")]"}
COMMAND: POST /session/aa9217cc2551115c0c456c59afd2b862/element - {"using":"xpath","value":"//span[contains(text(), \"WebdriverYardjjtihg\")][contains(@id ,\"application-addressmanagement-display-component---detailAdm--addressDetailDetailsName1\")]"}
RESULT: {"using":"xpath","value":"//span[contains(text(), \"WebdriverYardjjtihg\")][contains(@id ,\"application-addressmanagement-display-component---detailAdm--addressDetailDetailsName1\")]"}
COMMAND: POST /session/aa9217cc2551115c0c456c59afd2b862/element - {"using":"xpath","value":"//span[contains(text(), \"WebdriverYardjjtihg\")][contains(@id ,\"application-addressmanagement-display-component---detailAdm--addressDetailDetailsName1\")]"}
RESULT: {"using":"xpath","value":"//span[contains(text(), \"WebdriverYardjjtihg\")][contains(@id ,\"application-addressmanagement-display-component---detailAdm--addressDetailDetailsName1\")]"}
COMMAND: POST /session/aa9217cc2551115c0c456c59afd2b862/element - {"using":"xpath","value":"//button[contains(@data-kt ,\"ContextMenuExternalId2Link\")]"}
RESULT: {"using":"xpath","value":"//button[contains(@data-kt ,\"ContextMenuExternalId2Link\")]"}
COMMAND: POST /session/aa9217cc2551115c0c456c59afd2b862/element/f.84437822EAE6B6F58A4F12097C194617.d.0E37FA35C5AC254CAE915E78BD076F6E.e.3923/click - {}
RESULT: {}
COMMAND: GET /session/aa9217cc2551115c0c456c59afd2b862/screenshot - {}
COMMAND: POST /session/aa9217cc2551115c0c456c59afd2b862/element - {"using":"xpath","value":"//span[contains(text(), \"WebdriverYardjjtihg\")][contains(@id ,\"application-addressmanagement-display-component---detailAdm--addressDetailDetailsName1\")]"}
RESULT: {}
RESULT: {"using":"xpath","value":"//span[contains(text(), \"WebdriverYardjjtihg\")][contains(@id ,\"application-addressmanagement-display-component---detailAdm--addressDetailDetailsName1\")]"}
COMMAND: POST /session/aa9217cc2551115c0c456c59afd2b862/element - {"using":"xpath","value":"//span[contains(text(), \"WebdriverYardjjtihg\")][contains(@id ,\"application-addressmanagement-display-component---detailAdm--addressDetailDetailsName1\")]"}
RESULT: {"using":"xpath","value":"//span[contains(text(), \"WebdriverYardjjtihg\")][contains(@id ,\"application-addressmanagement-display-component---detailAdm--addressDetailDetailsName1\")]"}
COMMAND: POST /session/aa9217cc2551115c0c456c59afd2b862/element - {"using":"xpath","value":"//span[contains(text(), \"WebdriverYardjjtihg\")][contains(@id ,\"application-addressmanagement-display-component---detailAdm--addressDetailDetailsName1\")]"}
RESULT: {"using":"xpath","value":"//span[contains(text(), \"WebdriverYardjjtihg\")][contains(@id ,\"application-addressmanagement-display-component---detailAdm--addressDetailDetailsName1\")]"}
COMMAND: POST /session/aa9217cc2551115c0c456c59afd2b862/element - {"using":"xpath","value":"//span[contains(text(), \"WebdriverYardjjtihg\")][contains(@id ,\"application-addressmanagement-display-component---detailAdm--addressDetailDetailsName1\")]"}
RESULT: {"using":"xpath","value":"//span[contains(text(), \"WebdriverYardjjtihg\")][contains(@id ,\"application-addressmanagement-display-component---detailAdm--addressDetailDetailsName1\")]"}
COMMAND: POST /session/aa9217cc2551115c0c456c59afd2b862/element - {"using":"xpath","value":"//span[contains(text(), \"WebdriverYardjjtihg\")][contains(@id ,\"application-addressmanagement-display-component---detailAdm--addressDetailDetailsName1\")]"}
RESULT: {"using":"xpath","value":"//span[contains(text(), \"WebdriverYardjjtihg\")][contains(@id ,\"application-addressmanagement-display-component---detailAdm--addressDetailDetailsName1\")]"}
COMMAND: POST /session/aa9217cc2551115c0c456c59afd2b862/element - {"using":"xpath","value":"//span[contains(text(), \"WebdriverYardjjtihg\")][contains(@id ,\"application-addressmanagement-display-component---detailAdm--addressDetailDetailsName1\")]"}
RESULT: {"using":"xpath","value":"//span[contains(text(), \"WebdriverYardjjtihg\")][contains(@id ,\"application-addressmanagement-display-component---detailAdm--addressDetailDetailsName1\")]"}
COMMAND: POST /session/aa9217cc2551115c0c456c59afd2b862/element - {"using":"xpath","value":"//span[contains(text(), \"WebdriverYardjjtihg\")][contains(@id ,\"application-addressmanagement-display-component---detailAdm--addressDetailDetailsName1\")]"}
RESULT: {"using":"xpath","value":"//span[contains(text(), \"WebdriverYardjjtihg\")][contains(@id ,\"application-addressmanagement-display-component---detailAdm--addressDetailDetailsName1\")]"}
COMMAND: POST /session/aa9217cc2551115c0c456c59afd2b862/element - {"using":"xpath","value":"//span[contains(text(), \"WebdriverYardjjtihg\")][contains(@id ,\"application-addressmanagement-display-component---detailAdm--addressDetailDetailsName1\")]"}
RESULT: {"using":"xpath","value":"//span[contains(text(), \"WebdriverYardjjtihg\")][contains(@id ,\"application-addressmanagement-display-component---detailAdm--addressDetailDetailsName1\")]"}
COMMAND: POST /session/aa9217cc2551115c0c456c59afd2b862/element - {"using":"xpath","value":"//span[contains(text(), \"WebdriverYardjjtihg\")][contains(@id ,\"application-addressmanagement-display-component---detailAdm--addressDetailDetailsName1\")]"}
RESULT: {"using":"xpath","value":"//span[contains(text(), \"WebdriverYardjjtihg\")][contains(@id ,\"application-addressmanagement-display-component---detailAdm--addressDetailDetailsName1\")]"}
COMMAND: POST /session/aa9217cc2551115c0c456c59afd2b862/element - {"using":"xpath","value":"//span[contains(text(), \"WebdriverYardjjtihg\")][contains(@id ,\"application-addressmanagement-display-component---detailAdm--addressDetailDetailsName1\")]"}
RESULT: {"using":"xpath","value":"//span[contains(text(), \"WebdriverYardjjtihg\")][contains(@id ,\"application-addressmanagement-display-component---detailAdm--addressDetailDetailsName1\")]"}
COMMAND: POST /session/aa9217cc2551115c0c456c59afd2b862/element - {"using":"xpath","value":"//span[contains(text(), \"WebdriverYardjjtihg\")][contains(@id ,\"application-addressmanagement-display-component---detailAdm--addressDetailDetailsName1\")]"}
RESULT: {"using":"xpath","value":"//span[contains(text(), \"WebdriverYardjjtihg\")][contains(@id ,\"application-addressmanagement-display-component---detailAdm--addressDetailDetailsName1\")]"}
COMMAND: POST /session/aa9217cc2551115c0c456c59afd2b862/element - {"using":"xpath","value":"//span[contains(text(), \"WebdriverYardjjtihg\")][contains(@id ,\"application-addressmanagement-display-component---detailAdm--addressDetailDetailsName1\")]"}
RESULT: {"using":"xpath","value":"//span[contains(text(), \"WebdriverYardjjtihg\")][contains(@id ,\"application-addressmanagement-display-component---detailAdm--addressDetailDetailsName1\")]"}
COMMAND: POST /session/aa9217cc2551115c0c456c59afd2b862/element - {"using":"xpath","value":"//span[contains(text(), \"WebdriverYardjjtihg\")][contains(@id ,\"application-addressmanagement-display-component---detailAdm--addressDetailDetailsName1\")]"}
RESULT: {"using":"xpath","value":"//span[contains(text(), \"WebdriverYardjjtihg\")][contains(@id ,\"application-addressmanagement-display-component---detailAdm--addressDetailDetailsName1\")]"}
COMMAND: POST /session/aa9217cc2551115c0c456c59afd2b862/element - {"using":"xpath","value":"//span[contains(text(), \"WebdriverYardjjtihg\")][contains(@id ,\"application-addressmanagement-display-component---detailAdm--addressDetailDetailsName1\")]"}
RESULT: {"using":"xpath","value":"//span[contains(text(), \"WebdriverYardjjtihg\")][contains(@id ,\"application-addressmanagement-display-component---detailAdm--addressDetailDetailsName1\")]"}
COMMAND: GET /session/aa9217cc2551115c0c456c59afd2b862/window/handles - {}
RESULT: {}
COMMAND: POST /session/aa9217cc2551115c0c456c59afd2b862/window - {"handle":"57F42867FD8CF83C4A57E7488671456D"}
RESULT: {"handle":"57F42867FD8CF83C4A57E7488671456D"}
COMMAND: GET /session/aa9217cc2551115c0c456c59afd2b862/url - {}
RESULT: {}
COMMAND: GET /session/aa9217cc2551115c0c456c59afd2b862/screenshot - {}
COMMAND: POST /session/aa9217cc2551115c0c456c59afd2b862/element - {"using":"xpath","value":"//span[contains(text(), \"WebdriverYardjjtihg\")][contains(@id ,\"application-addressmanagement-display-component---detailAdm--addressDetailDetailsName1\")]"}
RESULT: {}
RESULT: {"using":"xpath","value":"//span[contains(text(), \"WebdriverYardjjtihg\")][contains(@id ,\"application-addressmanagement-display-component---detailAdm--addressDetailDetailsName1\")]"}
COMMAND: POST /session/aa9217cc2551115c0c456c59afd2b862/element - {"using":"xpath","value":"//span[contains(text(), \"WebdriverYardjjtihg\")][contains(@id ,\"application-addressmanagement-display-component---detailAdm--addressDetailDetailsName1\")]"}
RESULT: {"using":"xpath","value":"//span[contains(text(), \"WebdriverYardjjtihg\")][contains(@id ,\"application-addressmanagement-display-component---detailAdm--addressDetailDetailsName1\")]"}
COMMAND: POST /session/aa9217cc2551115c0c456c59afd2b862/element - {"using":"xpath","value":"//span[contains(text(), \"WebdriverYardjjtihg\")][contains(@id ,\"application-addressmanagement-display-component---detailAdm--addressDetailDetailsName1\")]"}
RESULT: {"using":"xpath","value":"//span[contains(text(), \"WebdriverYardjjtihg\")][contains(@id ,\"application-addressmanagement-display-component---detailAdm--addressDetailDetailsName1\")]"}
COMMAND: POST /session/aa9217cc2551115c0c456c59afd2b862/element - {"using":"xpath","value":"//span[contains(text(), \"WebdriverYardjjtihg\")][contains(@id ,\"application-addressmanagement-display-component---detailAdm--addressDetailDetailsName1\")]"}
RESULT: {"using":"xpath","value":"//span[contains(text(), \"WebdriverYardjjtihg\")][contains(@id ,\"application-addressmanagement-display-component---detailAdm--addressDetailDetailsName1\")]"}
COMMAND: POST /session/aa9217cc2551115c0c456c59afd2b862/element - {"using":"xpath","value":"//span[contains(text(), \"WebdriverYardjjtihg\")][contains(@id ,\"application-addressmanagement-display-component---detailAdm--addressDetailDetailsName1\")]"}
RESULT: {"using":"xpath","value":"//span[contains(text(), \"WebdriverYardjjtihg\")][contains(@id ,\"application-addressmanagement-display-component---detailAdm--addressDetailDetailsName1\")]"}
COMMAND: POST /session/aa9217cc2551115c0c456c59afd2b862/element - {"using":"xpath","value":"//span[contains(text(), \"WebdriverYardjjtihg\")][contains(@id ,\"application-addressmanagement-display-component---detailAdm--addressDetailDetailsName1\")]"}
RESULT: {"using":"xpath","value":"//span[contains(text(), \"WebdriverYardjjtihg\")][contains(@id ,\"application-addressmanagement-display-component---detailAdm--addressDetailDetailsName1\")]"}
COMMAND: POST /session/aa9217cc2551115c0c456c59afd2b862/element - {"using":"xpath","value":"//span[contains(text(), \"WebdriverYardjjtihg\")][contains(@id ,\"application-addressmanagement-display-component---detailAdm--addressDetailDetailsName1\")]"}
RESULT: {"using":"xpath","value":"//span[contains(text(), \"WebdriverYardjjtihg\")][contains(@id ,\"application-addressmanagement-display-component---detailAdm--addressDetailDetailsName1\")]"}
COMMAND: POST /session/aa9217cc2551115c0c456c59afd2b862/element - {"using":"xpath","value":"//span[contains(text(), \"WebdriverYardjjtihg\")][contains(@id ,\"application-addressmanagement-display-component---detailAdm--addressDetailDetailsName1\")]"}
RESULT: {"using":"xpath","value":"//span[contains(text(), \"WebdriverYardjjtihg\")][contains(@id ,\"application-addressmanagement-display-component---detailAdm--addressDetailDetailsName1\")]"}
COMMAND: POST /session/aa9217cc2551115c0c456c59afd2b862/element - {"using":"xpath","value":"//span[contains(text(), \"WebdriverYardjjtihg\")][contains(@id ,\"application-addressmanagement-display-component---detailAdm--addressDetailDetailsName1\")]"}
RESULT: {"using":"xpath","value":"//span[contains(text(), \"WebdriverYardjjtihg\")][contains(@id ,\"application-addressmanagement-display-component---detailAdm--addressDetailDetailsName1\")]"}
COMMAND: POST /session/aa9217cc2551115c0c456c59afd2b862/element - {"using":"xpath","value":"//span[contains(text(), \"WebdriverYardjjtihg\")][contains(@id ,\"application-addressmanagement-display-component---detailAdm--addressDetailDetailsName1\")]"}
RESULT: {"using":"xpath","value":"//span[contains(text(), \"WebdriverYardjjtihg\")][contains(@id ,\"application-addressmanagement-display-component---detailAdm--addressDetailDetailsName1\")]"}
COMMAND: POST /session/aa9217cc2551115c0c456c59afd2b862/element - {"using":"xpath","value":"//span[contains(text(), \"WebdriverYardjjtihg\")][contains(@id ,\"application-addressmanagement-display-component---detailAdm--addressDetailDetailsName1\")]"}
RESULT: {"using":"xpath","value":"//span[contains(text(), \"WebdriverYardjjtihg\")][contains(@id ,\"application-addressmanagement-display-component---detailAdm--addressDetailDetailsName1\")]"}
COMMAND: POST /session/aa9217cc2551115c0c456c59afd2b862/element - {"using":"xpath","value":"//span[contains(text(), \"WebdriverYardjjtihg\")][contains(@id ,\"application-addressmanagement-display-component---detailAdm--addressDetailDetailsName1\")]"}
RESULT: {"using":"xpath","value":"//span[contains(text(), \"WebdriverYardjjtihg\")][contains(@id ,\"application-addressmanagement-display-component---detailAdm--addressDetailDetailsName1\")]"}
COMMAND: POST /session/aa9217cc2551115c0c456c59afd2b862/element - {"using":"xpath","value":"//span[contains(text(), \"WebdriverYardjjtihg\")][contains(@id ,\"application-addressmanagement-display-component---detailAdm--addressDetailDetailsName1\")]"}
RESULT: {"using":"xpath","value":"//span[contains(text(), \"WebdriverYardjjtihg\")][contains(@id ,\"application-addressmanagement-display-component---detailAdm--addressDetailDetailsName1\")]"}
COMMAND: POST /session/aa9217cc2551115c0c456c59afd2b862/execute/sync - {"script":"<script> [8489 bytes]","args":[{"element-6066-11e4-a52e-4f735466cecf":"f.84437822EAE6B6F58A4F12097C194617.d.0E37FA35C5AC254CAE915E78BD076F6E.e.3437","ELEMENT":"f.84437822EAE6B6F58A4F12097C194617.d.0E37FA35C5AC254CAE915E78BD076F6E.e.3437"}]}
COMMAND: DELETE /session/aa9217cc2551115c0c456c59afd2b862/window - {}
COMMAND: POST /session/aa9217cc2551115c0c456c59afd2b862/element - {"using":"xpath","value":"//span[contains(text(), \"WebdriverYardjjtihg\")][contains(@id ,\"application-addressmanagement-display-component---detailAdm--addressDetailDetailsName1\")]"}
RESULT: {}
COMMAND: POST /session/aa9217cc2551115c0c456c59afd2b862/window - {"handle":"84437822EAE6B6F58A4F12097C194617"}
RESULT: {"handle":"84437822EAE6B6F58A4F12097C194617"}
COMMAND: GET /session/aa9217cc2551115c0c456c59afd2b862/url - {}
COMMAND: POST /session/aa9217cc2551115c0c456c59afd2b862/element - {"using":"xpath","value":"//span[contains(@id ,\"title\")][contains(text(), \"WebdriverYardvmtqc\")]"}
RESULT: {"using":"xpath","value":"//span[contains(text(), \"WebdriverYardjjtihg\")][contains(@id ,\"application-addressmanagement-display-component---detailAdm--addressDetailDetailsName1\")]"}
RESULT: {}
RESULT: {"using":"xpath","value":"//span[contains(@id ,\"title\")][contains(text(), \"WebdriverYardvmtqc\")]"}
COMMAND: POST /session/aa9217cc2551115c0c456c59afd2b862/execute/sync - {"script":"<script> [8489 bytes]","args":[{"element-6066-11e4-a52e-4f735466cecf":"f.84437822EAE6B6F58A4F12097C194617.d.0E37FA35C5AC254CAE915E78BD076F6E.e.3952","ELEMENT":"f.84437822EAE6B6F58A4F12097C194617.d.0E37FA35C5AC254CAE915E78BD076F6E.e.3952"}]}
RESULT: {"script":"<script> [8489 bytes]","args":[{"element-6066-11e4-a52e-4f735466cecf":"f.84437822EAE6B6F58A4F12097C194617.d.0E37FA35C5AC254CAE915E78BD076F6E.e.3952","ELEMENT":"f.84437822EAE6B6F58A4F12097C194617.d.0E37FA35C5AC254CAE915E78BD076F6E.e.3952"}]}
COMMAND: GET /session/aa9217cc2551115c0c456c59afd2b862/screenshot - {}
COMMAND: GET /session/aa9217cc2551115c0c456c59afd2b862/screenshot - {}
COMMAND: POST /session/aa9217cc2551115c0c456c59afd2b862/element - {"using":"xpath","value":"//span[contains(text(), \"WebdriverYardjjtihg\")][contains(@id ,\"application-addressmanagement-display-component---detailAdm--addressDetailDetailsName1\")]"}
RESULT: {}
RESULT: {}
RESULT: {"using":"xpath","value":"//span[contains(text(), \"WebdriverYardjjtihg\")][contains(@id ,\"application-addressmanagement-display-component---detailAdm--addressDetailDetailsName1\")]"}
COMMAND: POST /session/aa9217cc2551115c0c456c59afd2b862/element - {"using":"xpath","value":"//span[contains(text(), \"WebdriverYardjjtihg\")][contains(@id ,\"application-addressmanagement-display-component---detailAdm--addressDetailDetailsName1\")]"}
RESULT: {"using":"xpath","value":"//span[contains(text(), \"WebdriverYardjjtihg\")][contains(@id ,\"application-addressmanagement-display-component---detailAdm--addressDetailDetailsName1\")]"}
COMMAND: POST /session/aa9217cc2551115c0c456c59afd2b862/element - {"using":"xpath","value":"//span[contains(text(), \"WebdriverYardjjtihg\")][contains(@id ,\"application-addressmanagement-display-component---detailAdm--addressDetailDetailsName1\")]"}
RESULT: {"using":"xpath","value":"//span[contains(text(), \"WebdriverYardjjtihg\")][contains(@id ,\"application-addressmanagement-display-component---detailAdm--addressDetailDetailsName1\")]"}
COMMAND: POST /session/aa9217cc2551115c0c456c59afd2b862/element - {"using":"xpath","value":"//span[contains(text(), \"WebdriverYardjjtihg\")][contains(@id ,\"application-addressmanagement-display-component---detailAdm--addressDetailDetailsName1\")]"}
RESULT: {"using":"xpath","value":"//span[contains(text(), \"WebdriverYardjjtihg\")][contains(@id ,\"application-addressmanagement-display-component---detailAdm--addressDetailDetailsName1\")]"}
COMMAND: POST /session/aa9217cc2551115c0c456c59afd2b862/element - {"using":"xpath","value":"//span[contains(text(), \"WebdriverYardjjtihg\")][contains(@id ,\"application-addressmanagement-display-component---detailAdm--addressDetailDetailsName1\")]"}
RESULT: {"using":"xpath","value":"//span[contains(text(), \"WebdriverYardjjtihg\")][contains(@id ,\"application-addressmanagement-display-component---detailAdm--addressDetailDetailsName1\")]"}
COMMAND: POST /session/aa9217cc2551115c0c456c59afd2b862/element - {"using":"xpath","value":"//span[contains(text(), \"WebdriverYardjjtihg\")][contains(@id ,\"application-addressmanagement-display-component---detailAdm--addressDetailDetailsName1\")]"}
RESULT: {"using":"xpath","value":"//span[contains(text(), \"WebdriverYardjjtihg\")][contains(@id ,\"application-addressmanagement-display-component---detailAdm--addressDetailDetailsName1\")]"}
COMMAND: POST /session/aa9217cc2551115c0c456c59afd2b862/element - {"using":"xpath","value":"//span[contains(text(), \"WebdriverYardjjtihg\")][contains(@id ,\"application-addressmanagement-display-component---detailAdm--addressDetailDetailsName1\")]"}
RESULT: {"using":"xpath","value":"//span[contains(text(), \"WebdriverYardjjtihg\")][contains(@id ,\"application-addressmanagement-display-component---detailAdm--addressDetailDetailsName1\")]"}
COMMAND: POST /session/aa9217cc2551115c0c456c59afd2b862/element - {"using":"xpath","value":"//span[contains(text(), \"WebdriverYardjjtihg\")][contains(@id ,\"application-addressmanagement-display-component---detailAdm--addressDetailDetailsName1\")]"}
RESULT: {"using":"xpath","value":"//span[contains(text(), \"WebdriverYardjjtihg\")][contains(@id ,\"application-addressmanagement-display-component---detailAdm--addressDetailDetailsName1\")]"}
COMMAND: POST /session/aa9217cc2551115c0c456c59afd2b862/element - {"using":"xpath","value":"//span[contains(text(), \"WebdriverYardjjtihg\")][contains(@id ,\"application-addressmanagement-display-component---detailAdm--addressDetailDetailsName1\")]"}
RESULT: {"using":"xpath","value":"//span[contains(text(), \"WebdriverYardjjtihg\")][contains(@id ,\"application-addressmanagement-display-component---detailAdm--addressDetailDetailsName1\")]"}
COMMAND: POST /session/aa9217cc2551115c0c456c59afd2b862/element - {"using":"xpath","value":"//button[contains(@data-kt ,\"ContextMenuExternalId3Link\")]"}
RESULT: {"using":"xpath","value":"//button[contains(@data-kt ,\"ContextMenuExternalId3Link\")]"}
COMMAND: POST /session/aa9217cc2551115c0c456c59afd2b862/element/f.84437822EAE6B6F58A4F12097C194617.d.0E37FA35C5AC254CAE915E78BD076F6E.e.3953/click - {}
RESULT: {}
COMMAND: GET /session/aa9217cc2551115c0c456c59afd2b862/screenshot - {}
COMMAND: POST /session/aa9217cc2551115c0c456c59afd2b862/element - {"using":"xpath","value":"//span[contains(text(), \"WebdriverYardjjtihg\")][contains(@id ,\"application-addressmanagement-display-component---detailAdm--addressDetailDetailsName1\")]"}
RESULT: {}
RESULT: {"using":"xpath","value":"//span[contains(text(), \"WebdriverYardjjtihg\")][contains(@id ,\"application-addressmanagement-display-component---detailAdm--addressDetailDetailsName1\")]"}
COMMAND: POST /session/aa9217cc2551115c0c456c59afd2b862/element - {"using":"xpath","value":"//span[contains(text(), \"WebdriverYardjjtihg\")][contains(@id ,\"application-addressmanagement-display-component---detailAdm--addressDetailDetailsName1\")]"}
RESULT: {"using":"xpath","value":"//span[contains(text(), \"WebdriverYardjjtihg\")][contains(@id ,\"application-addressmanagement-display-component---detailAdm--addressDetailDetailsName1\")]"}
COMMAND: GET /session/aa9217cc2551115c0c456c59afd2b862/window/handles - {}
RESULT: {}
COMMAND: POST /session/aa9217cc2551115c0c456c59afd2b862/window - {"handle":"338FFB83457E2AC098694AA61FDC2042"}
RESULT: {"handle":"338FFB83457E2AC098694AA61FDC2042"}
COMMAND: GET /session/aa9217cc2551115c0c456c59afd2b862/url - {}
RESULT: {}
COMMAND: GET /session/aa9217cc2551115c0c456c59afd2b862/screenshot - {}
RESULT: {}
COMMAND: POST /session/aa9217cc2551115c0c456c59afd2b862/element - {"using":"xpath","value":"//span[contains(text(), \"WebdriverYardjjtihg\")][contains(@id ,\"application-addressmanagement-display-component---detailAdm--addressDetailDetailsName1\")]"}
COMMAND: DELETE /session/aa9217cc2551115c0c456c59afd2b862/window - {}
RESULT: {}
COMMAND: POST /session/aa9217cc2551115c0c456c59afd2b862/window - {"handle":"84437822EAE6B6F58A4F12097C194617"}
RESULT: {"handle":"84437822EAE6B6F58A4F12097C194617"}
COMMAND: GET /session/aa9217cc2551115c0c456c59afd2b862/url - {}
RESULT: {"using":"xpath","value":"//span[contains(text(), \"WebdriverYardjjtihg\")][contains(@id ,\"application-addressmanagement-display-component---detailAdm--addressDetailDetailsName1\")]"}
RESULT: {}
COMMAND: GET /session/aa9217cc2551115c0c456c59afd2b862/screenshot - {}
RESULT: {}
COMMAND: POST /session/aa9217cc2551115c0c456c59afd2b862/element - {"using":"xpath","value":"//span[contains(text(), \"WebdriverYardjjtihg\")][contains(@id ,\"application-addressmanagement-display-component---detailAdm--addressDetailDetailsName1\")]"}
RESULT: {"using":"xpath","value":"//span[contains(text(), \"WebdriverYardjjtihg\")][contains(@id ,\"application-addressmanagement-display-component---detailAdm--addressDetailDetailsName1\")]"}
COMMAND: POST /session/aa9217cc2551115c0c456c59afd2b862/element - {"using":"xpath","value":"//span[contains(text(), \"WebdriverYardjjtihg\")][contains(@id ,\"application-addressmanagement-display-component---detailAdm--addressDetailDetailsName1\")]"}
RESULT: {"using":"xpath","value":"//span[contains(text(), \"WebdriverYardjjtihg\")][contains(@id ,\"application-addressmanagement-display-component---detailAdm--addressDetailDetailsName1\")]"}
COMMAND: POST /session/aa9217cc2551115c0c456c59afd2b862/element - {"using":"xpath","value":"//span[contains(text(), \"WebdriverYardjjtihg\")][contains(@id ,\"application-addressmanagement-display-component---detailAdm--addressDetailDetailsName1\")]"}
RESULT: {"using":"xpath","value":"//span[contains(text(), \"WebdriverYardjjtihg\")][contains(@id ,\"application-addressmanagement-display-component---detailAdm--addressDetailDetailsName1\")]"}
COMMAND: POST /session/aa9217cc2551115c0c456c59afd2b862/element - {"using":"xpath","value":"//span[contains(text(), \"WebdriverYardjjtihg\")][contains(@id ,\"application-addressmanagement-display-component---detailAdm--addressDetailDetailsName1\")]"}
RESULT: {"using":"xpath","value":"//span[contains(text(), \"WebdriverYardjjtihg\")][contains(@id ,\"application-addressmanagement-display-component---detailAdm--addressDetailDetailsName1\")]"}
COMMAND: POST /session/aa9217cc2551115c0c456c59afd2b862/element - {"using":"xpath","value":"//span[contains(text(), \"WebdriverYardjjtihg\")][contains(@id ,\"application-addressmanagement-display-component---detailAdm--addressDetailDetailsName1\")]"}
RESULT: {"using":"xpath","value":"//span[contains(text(), \"WebdriverYardjjtihg\")][contains(@id ,\"application-addressmanagement-display-component---detailAdm--addressDetailDetailsName1\")]"}
COMMAND: POST /session/aa9217cc2551115c0c456c59afd2b862/element - {"using":"xpath","value":"//span[contains(text(), \"WebdriverYardjjtihg\")][contains(@id ,\"application-addressmanagement-display-component---detailAdm--addressDetailDetailsName1\")]"}
RESULT: {"using":"xpath","value":"//span[contains(text(), \"WebdriverYardjjtihg\")][contains(@id ,\"application-addressmanagement-display-component---detailAdm--addressDetailDetailsName1\")]"}
COMMAND: POST /session/aa9217cc2551115c0c456c59afd2b862/element - {"using":"xpath","value":"//span[contains(text(), \"WebdriverYardjjtihg\")][contains(@id ,\"application-addressmanagement-display-component---detailAdm--addressDetailDetailsName1\")]"}
RESULT: {"using":"xpath","value":"//span[contains(text(), \"WebdriverYardjjtihg\")][contains(@id ,\"application-addressmanagement-display-component---detailAdm--addressDetailDetailsName1\")]"}
COMMAND: POST /session/aa9217cc2551115c0c456c59afd2b862/element - {"using":"xpath","value":"//span[contains(text(), \"WebdriverYardjjtihg\")][contains(@id ,\"application-addressmanagement-display-component---detailAdm--addressDetailDetailsName1\")]"}
RESULT: {"using":"xpath","value":"//span[contains(text(), \"WebdriverYardjjtihg\")][contains(@id ,\"application-addressmanagement-display-component---detailAdm--addressDetailDetailsName1\")]"}
COMMAND: POST /session/aa9217cc2551115c0c456c59afd2b862/element - {"using":"xpath","value":"//span[contains(text(), \"WebdriverYardjjtihg\")][contains(@id ,\"application-addressmanagement-display-component---detailAdm--addressDetailDetailsName1\")]"}
RESULT: {"using":"xpath","value":"//span[contains(text(), \"WebdriverYardjjtihg\")][contains(@id ,\"application-addressmanagement-display-component---detailAdm--addressDetailDetailsName1\")]"}
COMMAND: POST /session/aa9217cc2551115c0c456c59afd2b862/element - {"using":"xpath","value":"//span[contains(text(), \"WebdriverYardjjtihg\")][contains(@id ,\"application-addressmanagement-display-component---detailAdm--addressDetailDetailsName1\")]"}
]]></system-out>
    </testcase>
    <testcase classname="chrome.136_0_7103_93.windows.Webshop_-_Hyperlinks_visible_and_working_properly__US139085" name="Shpuld verify site hyperlinks" time="204.983">
      <system-out><![CDATA[
COMMAND: POST /session/aa9217cc2551115c0c456c59afd2b862/element - {"using":"xpath","value":"//*[contains(@data-kt ,\"webshopDetailSiteLink\")]"}
RESULT: {"using":"xpath","value":"//span[contains(text(), \"WebdriverYardjjtihg\")][contains(@id ,\"application-addressmanagement-display-component---detailAdm--addressDetailDetailsName1\")]"}
RESULT: {"using":"xpath","value":"//*[contains(@data-kt ,\"webshopDetailSiteLink\")]"}
COMMAND: POST /session/aa9217cc2551115c0c456c59afd2b862/execute/sync - {"script":"<script> [8489 bytes]","args":[{"element-6066-11e4-a52e-4f735466cecf":"f.84437822EAE6B6F58A4F12097C194617.d.0E37FA35C5AC254CAE915E78BD076F6E.e.4154","ELEMENT":"f.84437822EAE6B6F58A4F12097C194617.d.0E37FA35C5AC254CAE915E78BD076F6E.e.4154"}]}
RESULT: {"script":"<script> [8489 bytes]","args":[{"element-6066-11e4-a52e-4f735466cecf":"f.84437822EAE6B6F58A4F12097C194617.d.0E37FA35C5AC254CAE915E78BD076F6E.e.4154","ELEMENT":"f.84437822EAE6B6F58A4F12097C194617.d.0E37FA35C5AC254CAE915E78BD076F6E.e.4154"}]}
COMMAND: POST /session/aa9217cc2551115c0c456c59afd2b862/execute/sync - {"script":"<script> [5351 bytes]","args":[{"element-6066-11e4-a52e-4f735466cecf":"f.84437822EAE6B6F58A4F12097C194617.d.0E37FA35C5AC254CAE915E78BD076F6E.e.4154","ELEMENT":"f.84437822EAE6B6F58A4F12097C194617.d.0E37FA35C5AC254CAE915E78BD076F6E.e.4154"}]}
RESULT: {"script":"<script> [5351 bytes]","args":[{"element-6066-11e4-a52e-4f735466cecf":"f.84437822EAE6B6F58A4F12097C194617.d.0E37FA35C5AC254CAE915E78BD076F6E.e.4154","ELEMENT":"f.84437822EAE6B6F58A4F12097C194617.d.0E37FA35C5AC254CAE915E78BD076F6E.e.4154"}]}
COMMAND: POST /session/aa9217cc2551115c0c456c59afd2b862/element - {"using":"xpath","value":"//*[contains(@data-kt ,\"webshopDetailSiteLink\")]"}
COMMAND: GET /session/aa9217cc2551115c0c456c59afd2b862/screenshot - {}
COMMAND: GET /session/aa9217cc2551115c0c456c59afd2b862/screenshot - {}
RESULT: {"using":"xpath","value":"//*[contains(@data-kt ,\"webshopDetailSiteLink\")]"}
COMMAND: POST /session/aa9217cc2551115c0c456c59afd2b862/element/f.84437822EAE6B6F58A4F12097C194617.d.0E37FA35C5AC254CAE915E78BD076F6E.e.4154/click - {}
RESULT: {}
RESULT: {}
COMMAND: POST /session/aa9217cc2551115c0c456c59afd2b862/element - {"using":"xpath","value":"//span[contains(text(), \"WebdriverYardjjtihg\")][contains(@id ,\"application-addressmanagement-display-component---detailAdm--addressDetailDetailsName1\")]"}
RESULT: {}
COMMAND: GET /session/aa9217cc2551115c0c456c59afd2b862/screenshot - {}
RESULT: {"using":"xpath","value":"//span[contains(text(), \"WebdriverYardjjtihg\")][contains(@id ,\"application-addressmanagement-display-component---detailAdm--addressDetailDetailsName1\")]"}
RESULT: {}
COMMAND: POST /session/aa9217cc2551115c0c456c59afd2b862/element - {"using":"xpath","value":"//span[contains(text(), \"WebdriverYardjjtihg\")][contains(@id ,\"application-addressmanagement-display-component---detailAdm--addressDetailDetailsName1\")]"}
RESULT: {"using":"xpath","value":"//span[contains(text(), \"WebdriverYardjjtihg\")][contains(@id ,\"application-addressmanagement-display-component---detailAdm--addressDetailDetailsName1\")]"}
COMMAND: POST /session/aa9217cc2551115c0c456c59afd2b862/element - {"using":"xpath","value":"//span[contains(text(), \"WebdriverYardjjtihg\")][contains(@id ,\"application-addressmanagement-display-component---detailAdm--addressDetailDetailsName1\")]"}
RESULT: {"using":"xpath","value":"//span[contains(text(), \"WebdriverYardjjtihg\")][contains(@id ,\"application-addressmanagement-display-component---detailAdm--addressDetailDetailsName1\")]"}
COMMAND: POST /session/aa9217cc2551115c0c456c59afd2b862/element - {"using":"xpath","value":"//span[contains(text(), \"WebdriverYardjjtihg\")][contains(@id ,\"application-addressmanagement-display-component---detailAdm--addressDetailDetailsName1\")]"}
RESULT: {"using":"xpath","value":"//span[contains(text(), \"WebdriverYardjjtihg\")][contains(@id ,\"application-addressmanagement-display-component---detailAdm--addressDetailDetailsName1\")]"}
COMMAND: POST /session/aa9217cc2551115c0c456c59afd2b862/element - {"using":"xpath","value":"//*[contains(@data-kt ,\"ContextMenuIdLink\")][contains(text(), \"Manage Site\")]"}
RESULT: {"using":"xpath","value":"//*[contains(@data-kt ,\"ContextMenuIdLink\")][contains(text(), \"Manage Site\")]"}
COMMAND: POST /session/aa9217cc2551115c0c456c59afd2b862/execute/sync - {"script":"<script> [8489 bytes]","args":[{"element-6066-11e4-a52e-4f735466cecf":"f.84437822EAE6B6F58A4F12097C194617.d.0E37FA35C5AC254CAE915E78BD076F6E.e.4156","ELEMENT":"f.84437822EAE6B6F58A4F12097C194617.d.0E37FA35C5AC254CAE915E78BD076F6E.e.4156"}]}
COMMAND: POST /session/aa9217cc2551115c0c456c59afd2b862/element - {"using":"xpath","value":"//*[contains(@data-kt ,\"ContextMenuId2Link\")][contains(text(), \"Site Overview\")]"}
RESULT: {"script":"<script> [8489 bytes]","args":[{"element-6066-11e4-a52e-4f735466cecf":"f.84437822EAE6B6F58A4F12097C194617.d.0E37FA35C5AC254CAE915E78BD076F6E.e.4156","ELEMENT":"f.84437822EAE6B6F58A4F12097C194617.d.0E37FA35C5AC254CAE915E78BD076F6E.e.4156"}]}
COMMAND: GET /session/aa9217cc2551115c0c456c59afd2b862/screenshot - {}
RESULT: {"using":"xpath","value":"//*[contains(@data-kt ,\"ContextMenuId2Link\")][contains(text(), \"Site Overview\")]"}
COMMAND: POST /session/aa9217cc2551115c0c456c59afd2b862/execute/sync - {"script":"<script> [8489 bytes]","args":[{"element-6066-11e4-a52e-4f735466cecf":"f.84437822EAE6B6F58A4F12097C194617.d.0E37FA35C5AC254CAE915E78BD076F6E.e.4157","ELEMENT":"f.84437822EAE6B6F58A4F12097C194617.d.0E37FA35C5AC254CAE915E78BD076F6E.e.4157"}]}
COMMAND: POST /session/aa9217cc2551115c0c456c59afd2b862/element - {"using":"xpath","value":"//*[contains(@data-kt ,\"ContextMenuId3Link\")][contains(text(), \"Site Main Address\")]"}
COMMAND: POST /session/aa9217cc2551115c0c456c59afd2b862/element - {"using":"xpath","value":"//span[contains(text(), \"WebdriverYardjjtihg\")][contains(@id ,\"application-addressmanagement-display-component---detailAdm--addressDetailDetailsName1\")]"}
RESULT: {}
RESULT: {"using":"xpath","value":"//*[contains(@data-kt ,\"ContextMenuId3Link\")][contains(text(), \"Site Main Address\")]"}
COMMAND: POST /session/aa9217cc2551115c0c456c59afd2b862/execute/sync - {"script":"<script> [8489 bytes]","args":[{"element-6066-11e4-a52e-4f735466cecf":"f.84437822EAE6B6F58A4F12097C194617.d.0E37FA35C5AC254CAE915E78BD076F6E.e.4158","ELEMENT":"f.84437822EAE6B6F58A4F12097C194617.d.0E37FA35C5AC254CAE915E78BD076F6E.e.4158"}]}
COMMAND: POST /session/aa9217cc2551115c0c456c59afd2b862/element/f.84437822EAE6B6F58A4F12097C194617.d.0E37FA35C5AC254CAE915E78BD076F6E.e.4156/click - {}
RESULT: {"script":"<script> [8489 bytes]","args":[{"element-6066-11e4-a52e-4f735466cecf":"f.84437822EAE6B6F58A4F12097C194617.d.0E37FA35C5AC254CAE915E78BD076F6E.e.4157","ELEMENT":"f.84437822EAE6B6F58A4F12097C194617.d.0E37FA35C5AC254CAE915E78BD076F6E.e.4157"}]}
COMMAND: GET /session/aa9217cc2551115c0c456c59afd2b862/screenshot - {}
RESULT: {"using":"xpath","value":"//span[contains(text(), \"WebdriverYardjjtihg\")][contains(@id ,\"application-addressmanagement-display-component---detailAdm--addressDetailDetailsName1\")]"}
RESULT: {"script":"<script> [8489 bytes]","args":[{"element-6066-11e4-a52e-4f735466cecf":"f.84437822EAE6B6F58A4F12097C194617.d.0E37FA35C5AC254CAE915E78BD076F6E.e.4158","ELEMENT":"f.84437822EAE6B6F58A4F12097C194617.d.0E37FA35C5AC254CAE915E78BD076F6E.e.4158"}]}
COMMAND: GET /session/aa9217cc2551115c0c456c59afd2b862/screenshot - {}
RESULT: {}
COMMAND: GET /session/aa9217cc2551115c0c456c59afd2b862/screenshot - {}
COMMAND: POST /session/aa9217cc2551115c0c456c59afd2b862/element - {"using":"xpath","value":"//span[contains(text(), \"WebdriverYardjjtihg\")][contains(@id ,\"application-addressmanagement-display-component---detailAdm--addressDetailDetailsName1\")]"}
RESULT: {}
COMMAND: POST /session/aa9217cc2551115c0c456c59afd2b862/execute/async - {"script":"<script> [1562 bytes]","args":[{"selector":{"controlType":"sap.m.Title","viewName":"etm.portal.ui.managesites.view.Master","viewId":"application-managesites-display-component---masterSite","i18NText":{"propertyName":"text","key":"sites"}},"wdio_ui5_key":"etmportal.ui.managesites.view.Mastersap.m.Title{\"propertyName\":\"text\",\"key\":\"sites\"}"}]}
RESULT: {}
RESULT: {}
RESULT: {"using":"xpath","value":"//span[contains(text(), \"WebdriverYardjjtihg\")][contains(@id ,\"application-addressmanagement-display-component---detailAdm--addressDetailDetailsName1\")]"}
COMMAND: POST /session/aa9217cc2551115c0c456c59afd2b862/element - {"using":"xpath","value":"//span[contains(text(), \"WebdriverYardjjtihg\")][contains(@id ,\"application-addressmanagement-display-component---detailAdm--addressDetailDetailsName1\")]"}
RESULT: {"script":"<script> [1562 bytes]","args":[{"selector":{"controlType":"sap.m.Title","viewName":"etm.portal.ui.managesites.view.Master","viewId":"application-managesites-display-component---masterSite","i18NText":{"propertyName":"text","key":"sites"}},"wdio_ui5_key":"etmportal.ui.managesites.view.Mastersap.m.Title{\"propertyName\":\"text\",\"key\":\"sites\"}"}]}
RESULT: undefined
COMMAND: POST /session/aa9217cc2551115c0c456c59afd2b862/execute/async - {"script":"<script> [6424 bytes]","args":[{"element-6066-11e4-a52e-4f735466cecf":"f.84437822EAE6B6F58A4F12097C194617.d.0E37FA35C5AC254CAE915E78BD076F6E.e.4478"},"getText",[]]}
RESULT: {"using":"xpath","value":"//span[contains(text(), \"WebdriverYardjjtihg\")][contains(@id ,\"application-addressmanagement-display-component---detailAdm--addressDetailDetailsName1\")]"}
RESULT: {"script":"<script> [6424 bytes]","args":[{"element-6066-11e4-a52e-4f735466cecf":"f.84437822EAE6B6F58A4F12097C194617.d.0E37FA35C5AC254CAE915E78BD076F6E.e.4478"},"getText",[]]}
COMMAND: POST /session/aa9217cc2551115c0c456c59afd2b862/execute/async - {"script":"<script> [1562 bytes]","args":[{"selector":{"id":"application-managesites-display-component---detailSite--addressDetailDetailsName1"},"wdio_ui5_key":"applicationmanagesites-display-component---detailSite--addressDetailDetailsName1"}]}
COMMAND: POST /session/aa9217cc2551115c0c456c59afd2b862/element - {"using":"xpath","value":"//span[contains(text(), \"WebdriverYardjjtihg\")][contains(@id ,\"application-addressmanagement-display-component---detailAdm--addressDetailDetailsName1\")]"}
RESULT: {"script":"<script> [1562 bytes]","args":[{"selector":{"id":"application-managesites-display-component---detailSite--addressDetailDetailsName1"},"wdio_ui5_key":"applicationmanagesites-display-component---detailSite--addressDetailDetailsName1"}]}
RESULT: undefined
COMMAND: POST /session/aa9217cc2551115c0c456c59afd2b862/execute/async - {"script":"<script> [6424 bytes]","args":[{"element-6066-11e4-a52e-4f735466cecf":"f.84437822EAE6B6F58A4F12097C194617.d.0E37FA35C5AC254CAE915E78BD076F6E.e.4204"},"getValue",[]]}
RESULT: {"using":"xpath","value":"//span[contains(text(), \"WebdriverYardjjtihg\")][contains(@id ,\"application-addressmanagement-display-component---detailAdm--addressDetailDetailsName1\")]"}
RESULT: {"script":"<script> [6424 bytes]","args":[{"element-6066-11e4-a52e-4f735466cecf":"f.84437822EAE6B6F58A4F12097C194617.d.0E37FA35C5AC254CAE915E78BD076F6E.e.4204"},"getValue",[]]}
RESULT: undefined
COMMAND: POST /session/aa9217cc2551115c0c456c59afd2b862/element - {"using":"xpath","value":"//*[@id=\"backBtn\"]"}
RESULT: {"using":"xpath","value":"//*[@id=\"backBtn\"]"}
COMMAND: POST /session/aa9217cc2551115c0c456c59afd2b862/element/f.84437822EAE6B6F58A4F12097C194617.d.0E37FA35C5AC254CAE915E78BD076F6E.e.3273/click - {}
COMMAND: POST /session/aa9217cc2551115c0c456c59afd2b862/element - {"using":"xpath","value":"//span[contains(text(), \"WebdriverYardjjtihg\")][contains(@id ,\"application-addressmanagement-display-component---detailAdm--addressDetailDetailsName1\")]"}
RESULT: {}
RESULT: {"using":"xpath","value":"//span[contains(text(), \"WebdriverYardjjtihg\")][contains(@id ,\"application-addressmanagement-display-component---detailAdm--addressDetailDetailsName1\")]"}
COMMAND: GET /session/aa9217cc2551115c0c456c59afd2b862/screenshot - {}
COMMAND: POST /session/aa9217cc2551115c0c456c59afd2b862/element - {"using":"xpath","value":"//span[contains(text(), \"WebdriverYardjjtihg\")][contains(@id ,\"application-addressmanagement-display-component---detailAdm--addressDetailDetailsName1\")]"}
RESULT: {}
RESULT: {"using":"xpath","value":"//span[contains(text(), \"WebdriverYardjjtihg\")][contains(@id ,\"application-addressmanagement-display-component---detailAdm--addressDetailDetailsName1\")]"}
COMMAND: POST /session/aa9217cc2551115c0c456c59afd2b862/element - {"using":"xpath","value":"//span[contains(text(), \"WebdriverYardjjtihg\")][contains(@id ,\"application-addressmanagement-display-component---detailAdm--addressDetailDetailsName1\")]"}
RESULT: {"using":"xpath","value":"//span[contains(text(), \"WebdriverYardjjtihg\")][contains(@id ,\"application-addressmanagement-display-component---detailAdm--addressDetailDetailsName1\")]"}
COMMAND: POST /session/aa9217cc2551115c0c456c59afd2b862/element - {"using":"xpath","value":"//span[contains(text(), \"WebdriverYardjjtihg\")][contains(@id ,\"application-addressmanagement-display-component---detailAdm--addressDetailDetailsName1\")]"}
RESULT: {"using":"xpath","value":"//span[contains(text(), \"WebdriverYardjjtihg\")][contains(@id ,\"application-addressmanagement-display-component---detailAdm--addressDetailDetailsName1\")]"}
COMMAND: POST /session/aa9217cc2551115c0c456c59afd2b862/element - {"using":"xpath","value":"//span[contains(text(), \"WebdriverYardjjtihg\")][contains(@id ,\"application-addressmanagement-display-component---detailAdm--addressDetailDetailsName1\")]"}
RESULT: {"using":"xpath","value":"//span[contains(text(), \"WebdriverYardjjtihg\")][contains(@id ,\"application-addressmanagement-display-component---detailAdm--addressDetailDetailsName1\")]"}
COMMAND: POST /session/aa9217cc2551115c0c456c59afd2b862/element - {"using":"xpath","value":"//span[contains(text(), \"WebdriverYardjjtihg\")][contains(@id ,\"application-addressmanagement-display-component---detailAdm--addressDetailDetailsName1\")]"}
RESULT: {"using":"xpath","value":"//span[contains(text(), \"WebdriverYardjjtihg\")][contains(@id ,\"application-addressmanagement-display-component---detailAdm--addressDetailDetailsName1\")]"}
COMMAND: POST /session/aa9217cc2551115c0c456c59afd2b862/element - {"using":"xpath","value":"//span[contains(text(), \"WebdriverYardjjtihg\")][contains(@id ,\"application-addressmanagement-display-component---detailAdm--addressDetailDetailsName1\")]"}
RESULT: {"using":"xpath","value":"//span[contains(text(), \"WebdriverYardjjtihg\")][contains(@id ,\"application-addressmanagement-display-component---detailAdm--addressDetailDetailsName1\")]"}
COMMAND: POST /session/aa9217cc2551115c0c456c59afd2b862/element - {"using":"xpath","value":"//span[contains(text(), \"WebdriverYardjjtihg\")][contains(@id ,\"application-addressmanagement-display-component---detailAdm--addressDetailDetailsName1\")]"}
RESULT: {"using":"xpath","value":"//span[contains(text(), \"WebdriverYardjjtihg\")][contains(@id ,\"application-addressmanagement-display-component---detailAdm--addressDetailDetailsName1\")]"}
COMMAND: POST /session/aa9217cc2551115c0c456c59afd2b862/element - {"using":"xpath","value":"//span[contains(text(), \"WebdriverYardjjtihg\")][contains(@id ,\"application-addressmanagement-display-component---detailAdm--addressDetailDetailsName1\")]"}
RESULT: {"using":"xpath","value":"//span[contains(text(), \"WebdriverYardjjtihg\")][contains(@id ,\"application-addressmanagement-display-component---detailAdm--addressDetailDetailsName1\")]"}
COMMAND: POST /session/aa9217cc2551115c0c456c59afd2b862/element - {"using":"xpath","value":"//span[contains(text(), \"WebdriverYardjjtihg\")][contains(@id ,\"application-addressmanagement-display-component---detailAdm--addressDetailDetailsName1\")]"}
RESULT: {"using":"xpath","value":"//span[contains(text(), \"WebdriverYardjjtihg\")][contains(@id ,\"application-addressmanagement-display-component---detailAdm--addressDetailDetailsName1\")]"}
COMMAND: POST /session/aa9217cc2551115c0c456c59afd2b862/element - {"using":"xpath","value":"//span[contains(text(), \"WebdriverYardjjtihg\")][contains(@id ,\"application-addressmanagement-display-component---detailAdm--addressDetailDetailsName1\")]"}
RESULT: {"using":"xpath","value":"//span[contains(text(), \"WebdriverYardjjtihg\")][contains(@id ,\"application-addressmanagement-display-component---detailAdm--addressDetailDetailsName1\")]"}
COMMAND: POST /session/aa9217cc2551115c0c456c59afd2b862/element - {"using":"xpath","value":"//span[contains(text(), \"WebdriverYardjjtihg\")][contains(@id ,\"application-addressmanagement-display-component---detailAdm--addressDetailDetailsName1\")]"}
RESULT: {"using":"xpath","value":"//span[contains(text(), \"WebdriverYardjjtihg\")][contains(@id ,\"application-addressmanagement-display-component---detailAdm--addressDetailDetailsName1\")]"}
COMMAND: POST /session/aa9217cc2551115c0c456c59afd2b862/element - {"using":"xpath","value":"//span[contains(text(), \"WebdriverYardjjtihg\")][contains(@id ,\"application-addressmanagement-display-component---detailAdm--addressDetailDetailsName1\")]"}
RESULT: {"using":"xpath","value":"//span[contains(text(), \"WebdriverYardjjtihg\")][contains(@id ,\"application-addressmanagement-display-component---detailAdm--addressDetailDetailsName1\")]"}
COMMAND: POST /session/aa9217cc2551115c0c456c59afd2b862/element - {"using":"xpath","value":"//span[contains(text(), \"WebdriverYardjjtihg\")][contains(@id ,\"application-addressmanagement-display-component---detailAdm--addressDetailDetailsName1\")]"}
RESULT: {"using":"xpath","value":"//span[contains(text(), \"WebdriverYardjjtihg\")][contains(@id ,\"application-addressmanagement-display-component---detailAdm--addressDetailDetailsName1\")]"}
COMMAND: POST /session/aa9217cc2551115c0c456c59afd2b862/element - {"using":"xpath","value":"//span[contains(text(), \"WebdriverYardjjtihg\")][contains(@id ,\"application-addressmanagement-display-component---detailAdm--addressDetailDetailsName1\")]"}
RESULT: {"using":"xpath","value":"//span[contains(text(), \"WebdriverYardjjtihg\")][contains(@id ,\"application-addressmanagement-display-component---detailAdm--addressDetailDetailsName1\")]"}
COMMAND: POST /session/aa9217cc2551115c0c456c59afd2b862/element - {"using":"xpath","value":"//span[contains(text(), \"WebdriverYardjjtihg\")][contains(@id ,\"application-addressmanagement-display-component---detailAdm--addressDetailDetailsName1\")]"}
RESULT: {"using":"xpath","value":"//span[contains(text(), \"WebdriverYardjjtihg\")][contains(@id ,\"application-addressmanagement-display-component---detailAdm--addressDetailDetailsName1\")]"}
COMMAND: POST /session/aa9217cc2551115c0c456c59afd2b862/element - {"using":"xpath","value":"//span[contains(text(), \"WebdriverYardjjtihg\")][contains(@id ,\"application-addressmanagement-display-component---detailAdm--addressDetailDetailsName1\")]"}
RESULT: {"using":"xpath","value":"//span[contains(text(), \"WebdriverYardjjtihg\")][contains(@id ,\"application-addressmanagement-display-component---detailAdm--addressDetailDetailsName1\")]"}
COMMAND: POST /session/aa9217cc2551115c0c456c59afd2b862/execute/sync - {"script":"<script> [8489 bytes]","args":[{"element-6066-11e4-a52e-4f735466cecf":"f.84437822EAE6B6F58A4F12097C194617.d.0E37FA35C5AC254CAE915E78BD076F6E.e.4154","ELEMENT":"f.84437822EAE6B6F58A4F12097C194617.d.0E37FA35C5AC254CAE915E78BD076F6E.e.4154"}]}
COMMAND: POST /session/aa9217cc2551115c0c456c59afd2b862/element - {"using":"xpath","value":"//*[contains(@data-kt ,\"webshopDetailSiteLink\")]"}
RESULT: {"using":"xpath","value":"//*[contains(@data-kt ,\"webshopDetailSiteLink\")]"}
COMMAND: POST /session/aa9217cc2551115c0c456c59afd2b862/execute/sync - {"script":"<script> [8489 bytes]","args":[{"element-6066-11e4-a52e-4f735466cecf":"f.84437822EAE6B6F58A4F12097C194617.d.0E37FA35C5AC254CAE915E78BD076F6E.e.4617","ELEMENT":"f.84437822EAE6B6F58A4F12097C194617.d.0E37FA35C5AC254CAE915E78BD076F6E.e.4617"}]}
RESULT: {"script":"<script> [8489 bytes]","args":[{"element-6066-11e4-a52e-4f735466cecf":"f.84437822EAE6B6F58A4F12097C194617.d.0E37FA35C5AC254CAE915E78BD076F6E.e.4617","ELEMENT":"f.84437822EAE6B6F58A4F12097C194617.d.0E37FA35C5AC254CAE915E78BD076F6E.e.4617"}]}
COMMAND: POST /session/aa9217cc2551115c0c456c59afd2b862/execute/sync - {"script":"<script> [5351 bytes]","args":[{"element-6066-11e4-a52e-4f735466cecf":"f.84437822EAE6B6F58A4F12097C194617.d.0E37FA35C5AC254CAE915E78BD076F6E.e.4617","ELEMENT":"f.84437822EAE6B6F58A4F12097C194617.d.0E37FA35C5AC254CAE915E78BD076F6E.e.4617"}]}
COMMAND: GET /session/aa9217cc2551115c0c456c59afd2b862/screenshot - {}
RESULT: {"script":"<script> [5351 bytes]","args":[{"element-6066-11e4-a52e-4f735466cecf":"f.84437822EAE6B6F58A4F12097C194617.d.0E37FA35C5AC254CAE915E78BD076F6E.e.4617","ELEMENT":"f.84437822EAE6B6F58A4F12097C194617.d.0E37FA35C5AC254CAE915E78BD076F6E.e.4617"}]}
COMMAND: POST /session/aa9217cc2551115c0c456c59afd2b862/element - {"using":"xpath","value":"//*[contains(@data-kt ,\"webshopDetailSiteLink\")]"}
COMMAND: GET /session/aa9217cc2551115c0c456c59afd2b862/screenshot - {}
RESULT: {}
RESULT: {"using":"xpath","value":"//*[contains(@data-kt ,\"webshopDetailSiteLink\")]"}
COMMAND: POST /session/aa9217cc2551115c0c456c59afd2b862/element/f.84437822EAE6B6F58A4F12097C194617.d.0E37FA35C5AC254CAE915E78BD076F6E.e.4617/click - {}
COMMAND: POST /session/aa9217cc2551115c0c456c59afd2b862/element - {"using":"xpath","value":"//span[contains(text(), \"WebdriverYardjjtihg\")][contains(@id ,\"application-addressmanagement-display-component---detailAdm--addressDetailDetailsName1\")]"}
RESULT: {}
RESULT: {}
RESULT: {"using":"xpath","value":"//span[contains(text(), \"WebdriverYardjjtihg\")][contains(@id ,\"application-addressmanagement-display-component---detailAdm--addressDetailDetailsName1\")]"}
COMMAND: GET /session/aa9217cc2551115c0c456c59afd2b862/screenshot - {}
RESULT: {}
COMMAND: POST /session/aa9217cc2551115c0c456c59afd2b862/element - {"using":"xpath","value":"//span[contains(text(), \"WebdriverYardjjtihg\")][contains(@id ,\"application-addressmanagement-display-component---detailAdm--addressDetailDetailsName1\")]"}
RESULT: {"using":"xpath","value":"//span[contains(text(), \"WebdriverYardjjtihg\")][contains(@id ,\"application-addressmanagement-display-component---detailAdm--addressDetailDetailsName1\")]"}
COMMAND: POST /session/aa9217cc2551115c0c456c59afd2b862/element - {"using":"xpath","value":"//span[contains(text(), \"WebdriverYardjjtihg\")][contains(@id ,\"application-addressmanagement-display-component---detailAdm--addressDetailDetailsName1\")]"}
RESULT: {"using":"xpath","value":"//span[contains(text(), \"WebdriverYardjjtihg\")][contains(@id ,\"application-addressmanagement-display-component---detailAdm--addressDetailDetailsName1\")]"}
COMMAND: POST /session/aa9217cc2551115c0c456c59afd2b862/element - {"using":"xpath","value":"//span[contains(text(), \"WebdriverYardjjtihg\")][contains(@id ,\"application-addressmanagement-display-component---detailAdm--addressDetailDetailsName1\")]"}
RESULT: {"using":"xpath","value":"//span[contains(text(), \"WebdriverYardjjtihg\")][contains(@id ,\"application-addressmanagement-display-component---detailAdm--addressDetailDetailsName1\")]"}
COMMAND: POST /session/aa9217cc2551115c0c456c59afd2b862/element/f.84437822EAE6B6F58A4F12097C194617.d.0E37FA35C5AC254CAE915E78BD076F6E.e.4157/click - {}
COMMAND: POST /session/aa9217cc2551115c0c456c59afd2b862/element - {"using":"xpath","value":"//*[contains(@data-kt ,\"ContextMenuId2Link\")][contains(text(), \"Site Overview\")]"}
RESULT: {"using":"xpath","value":"//*[contains(@data-kt ,\"ContextMenuId2Link\")][contains(text(), \"Site Overview\")]"}
COMMAND: POST /session/aa9217cc2551115c0c456c59afd2b862/element/f.84437822EAE6B6F58A4F12097C194617.d.0E37FA35C5AC254CAE915E78BD076F6E.e.4157/click - {}
COMMAND: POST /session/aa9217cc2551115c0c456c59afd2b862/element - {"using":"xpath","value":"//*[contains(@data-kt ,\"ContextMenuId2Link\")][contains(text(), \"Site Overview\")]"}
RESULT: {"using":"xpath","value":"//*[contains(@data-kt ,\"ContextMenuId2Link\")][contains(text(), \"Site Overview\")]"}
COMMAND: POST /session/aa9217cc2551115c0c456c59afd2b862/element/f.84437822EAE6B6F58A4F12097C194617.d.0E37FA35C5AC254CAE915E78BD076F6E.e.4620/click - {}
RESULT: {}
COMMAND: GET /session/aa9217cc2551115c0c456c59afd2b862/screenshot - {}
COMMAND: POST /session/aa9217cc2551115c0c456c59afd2b862/element - {"using":"xpath","value":"//span[contains(text(), \"WebdriverYardjjtihg\")][contains(@id ,\"application-addressmanagement-display-component---detailAdm--addressDetailDetailsName1\")]"}
RESULT: {}
RESULT: {"using":"xpath","value":"//span[contains(text(), \"WebdriverYardjjtihg\")][contains(@id ,\"application-addressmanagement-display-component---detailAdm--addressDetailDetailsName1\")]"}
COMMAND: POST /session/aa9217cc2551115c0c456c59afd2b862/element - {"using":"xpath","value":"//span[contains(text(), \"WebdriverYardjjtihg\")][contains(@id ,\"application-addressmanagement-display-component---detailAdm--addressDetailDetailsName1\")]"}
RESULT: {"using":"xpath","value":"//span[contains(text(), \"WebdriverYardjjtihg\")][contains(@id ,\"application-addressmanagement-display-component---detailAdm--addressDetailDetailsName1\")]"}
COMMAND: POST /session/aa9217cc2551115c0c456c59afd2b862/element - {"using":"xpath","value":"//span[contains(text(), \"WebdriverYardjjtihg\")][contains(@id ,\"application-addressmanagement-display-component---detailAdm--addressDetailDetailsName1\")]"}
RESULT: {"using":"xpath","value":"//span[contains(text(), \"WebdriverYardjjtihg\")][contains(@id ,\"application-addressmanagement-display-component---detailAdm--addressDetailDetailsName1\")]"}
COMMAND: POST /session/aa9217cc2551115c0c456c59afd2b862/element - {"using":"xpath","value":"//span[contains(text(), \"WebdriverYardjjtihg\")][contains(@id ,\"application-addressmanagement-display-component---detailAdm--addressDetailDetailsName1\")]"}
RESULT: {"using":"xpath","value":"//span[contains(text(), \"WebdriverYardjjtihg\")][contains(@id ,\"application-addressmanagement-display-component---detailAdm--addressDetailDetailsName1\")]"}
RESULT: undefined
COMMAND: POST /session/aa9217cc2551115c0c456c59afd2b862/execute/async - {"script":"<script> [6424 bytes]","args":[{"element-6066-11e4-a52e-4f735466cecf":"f.84437822EAE6B6F58A4F12097C194617.d.0E37FA35C5AC254CAE915E78BD076F6E.e.3271"},"getTitle",[]]}
COMMAND: POST /session/aa9217cc2551115c0c456c59afd2b862/execute/async - {"script":"<script> [1562 bytes]","args":[{"selector":{"id":"shellAppTitle"},"wdio_ui5_key":"shellAppTitle"}]}
RESULT: {"script":"<script> [1562 bytes]","args":[{"selector":{"id":"shellAppTitle"},"wdio_ui5_key":"shellAppTitle"}]}
COMMAND: POST /session/aa9217cc2551115c0c456c59afd2b862/execute/async - {"script":"<script> [6424 bytes]","args":[{"element-6066-11e4-a52e-4f735466cecf":"f.84437822EAE6B6F58A4F12097C194617.d.0E37FA35C5AC254CAE915E78BD076F6E.e.4648"},"getTitle",[]]}
RESULT: {"script":"<script> [6424 bytes]","args":[{"element-6066-11e4-a52e-4f735466cecf":"f.84437822EAE6B6F58A4F12097C194617.d.0E37FA35C5AC254CAE915E78BD076F6E.e.4648"},"getTitle",[]]}
COMMAND: POST /session/aa9217cc2551115c0c456c59afd2b862/element - {"using":"xpath","value":"(//span[contains(text(), \"WebdriverSiteov8hnl\")])[2]"}
RESULT: {"using":"xpath","value":"(//span[contains(text(), \"WebdriverSiteov8hnl\")])[2]"}
COMMAND: POST /session/aa9217cc2551115c0c456c59afd2b862/execute/sync - {"script":"<script> [8489 bytes]","args":[{"element-6066-11e4-a52e-4f735466cecf":"f.84437822EAE6B6F58A4F12097C194617.d.0E37FA35C5AC254CAE915E78BD076F6E.e.4649","ELEMENT":"f.84437822EAE6B6F58A4F12097C194617.d.0E37FA35C5AC254CAE915E78BD076F6E.e.4649"}]}
RESULT: undefined
COMMAND: POST /session/aa9217cc2551115c0c456c59afd2b862/element - {"using":"xpath","value":"//*[@id=\"backBtn\"]"}
RESULT: {"script":"<script> [8489 bytes]","args":[{"element-6066-11e4-a52e-4f735466cecf":"f.84437822EAE6B6F58A4F12097C194617.d.0E37FA35C5AC254CAE915E78BD076F6E.e.4649","ELEMENT":"f.84437822EAE6B6F58A4F12097C194617.d.0E37FA35C5AC254CAE915E78BD076F6E.e.4649"}]}
COMMAND: GET /session/aa9217cc2551115c0c456c59afd2b862/screenshot - {}
RESULT: {"using":"xpath","value":"//*[@id=\"backBtn\"]"}
COMMAND: POST /session/aa9217cc2551115c0c456c59afd2b862/element/f.84437822EAE6B6F58A4F12097C194617.d.0E37FA35C5AC254CAE915E78BD076F6E.e.3273/click - {}
RESULT: {}
RESULT: {}
COMMAND: GET /session/aa9217cc2551115c0c456c59afd2b862/screenshot - {}
RESULT: {}
COMMAND: POST /session/aa9217cc2551115c0c456c59afd2b862/execute/sync - {"script":"<script> [8489 bytes]","args":[{"element-6066-11e4-a52e-4f735466cecf":"f.84437822EAE6B6F58A4F12097C194617.d.0E37FA35C5AC254CAE915E78BD076F6E.e.4617","ELEMENT":"f.84437822EAE6B6F58A4F12097C194617.d.0E37FA35C5AC254CAE915E78BD076F6E.e.4617"}]}
COMMAND: POST /session/aa9217cc2551115c0c456c59afd2b862/element - {"using":"xpath","value":"//*[contains(@data-kt ,\"webshopDetailSiteLink\")]"}
RESULT: {"using":"xpath","value":"//*[contains(@data-kt ,\"webshopDetailSiteLink\")]"}
COMMAND: POST /session/aa9217cc2551115c0c456c59afd2b862/execute/sync - {"script":"<script> [8489 bytes]","args":[{"element-6066-11e4-a52e-4f735466cecf":"f.84437822EAE6B6F58A4F12097C194617.d.0E37FA35C5AC254CAE915E78BD076F6E.e.4814","ELEMENT":"f.84437822EAE6B6F58A4F12097C194617.d.0E37FA35C5AC254CAE915E78BD076F6E.e.4814"}]}
RESULT: {"script":"<script> [8489 bytes]","args":[{"element-6066-11e4-a52e-4f735466cecf":"f.84437822EAE6B6F58A4F12097C194617.d.0E37FA35C5AC254CAE915E78BD076F6E.e.4814","ELEMENT":"f.84437822EAE6B6F58A4F12097C194617.d.0E37FA35C5AC254CAE915E78BD076F6E.e.4814"}]}
COMMAND: POST /session/aa9217cc2551115c0c456c59afd2b862/execute/sync - {"script":"<script> [5351 bytes]","args":[{"element-6066-11e4-a52e-4f735466cecf":"f.84437822EAE6B6F58A4F12097C194617.d.0E37FA35C5AC254CAE915E78BD076F6E.e.4814","ELEMENT":"f.84437822EAE6B6F58A4F12097C194617.d.0E37FA35C5AC254CAE915E78BD076F6E.e.4814"}]}
COMMAND: GET /session/aa9217cc2551115c0c456c59afd2b862/screenshot - {}
RESULT: {"script":"<script> [5351 bytes]","args":[{"element-6066-11e4-a52e-4f735466cecf":"f.84437822EAE6B6F58A4F12097C194617.d.0E37FA35C5AC254CAE915E78BD076F6E.e.4814","ELEMENT":"f.84437822EAE6B6F58A4F12097C194617.d.0E37FA35C5AC254CAE915E78BD076F6E.e.4814"}]}
COMMAND: POST /session/aa9217cc2551115c0c456c59afd2b862/element - {"using":"xpath","value":"//*[contains(@data-kt ,\"webshopDetailSiteLink\")]"}
COMMAND: GET /session/aa9217cc2551115c0c456c59afd2b862/screenshot - {}
RESULT: {}
RESULT: {"using":"xpath","value":"//*[contains(@data-kt ,\"webshopDetailSiteLink\")]"}
COMMAND: POST /session/aa9217cc2551115c0c456c59afd2b862/element/f.84437822EAE6B6F58A4F12097C194617.d.0E37FA35C5AC254CAE915E78BD076F6E.e.4814/click - {}
RESULT: {}
RESULT: {}
COMMAND: GET /session/aa9217cc2551115c0c456c59afd2b862/screenshot - {}
RESULT: {}
COMMAND: POST /session/aa9217cc2551115c0c456c59afd2b862/element/f.84437822EAE6B6F58A4F12097C194617.d.0E37FA35C5AC254CAE915E78BD076F6E.e.4158/click - {}
COMMAND: POST /session/aa9217cc2551115c0c456c59afd2b862/element - {"using":"xpath","value":"//*[contains(@data-kt ,\"ContextMenuId3Link\")][contains(text(), \"Site Main Address\")]"}
RESULT: {"using":"xpath","value":"//*[contains(@data-kt ,\"ContextMenuId3Link\")][contains(text(), \"Site Main Address\")]"}
COMMAND: POST /session/aa9217cc2551115c0c456c59afd2b862/element/f.84437822EAE6B6F58A4F12097C194617.d.0E37FA35C5AC254CAE915E78BD076F6E.e.4158/click - {}
COMMAND: POST /session/aa9217cc2551115c0c456c59afd2b862/element - {"using":"xpath","value":"//*[contains(@data-kt ,\"ContextMenuId3Link\")][contains(text(), \"Site Main Address\")]"}
RESULT: {"using":"xpath","value":"//*[contains(@data-kt ,\"ContextMenuId3Link\")][contains(text(), \"Site Main Address\")]"}
COMMAND: POST /session/aa9217cc2551115c0c456c59afd2b862/element/f.84437822EAE6B6F58A4F12097C194617.d.0E37FA35C5AC254CAE915E78BD076F6E.e.4817/click - {}
RESULT: {}
COMMAND: GET /session/aa9217cc2551115c0c456c59afd2b862/screenshot - {}
RESULT: {}
COMMAND: POST /session/aa9217cc2551115c0c456c59afd2b862/element - {"using":"xpath","value":"//span[contains(@id ,\"application-addressmanagement-display-component---masterAdm--title1-inner\")]"}
RESULT: {"using":"xpath","value":"//span[contains(@id ,\"application-addressmanagement-display-component---masterAdm--title1-inner\")]"}
COMMAND: GET /session/aa9217cc2551115c0c456c59afd2b862/element/f.84437822EAE6B6F58A4F12097C194617.d.0E37FA35C5AC254CAE915E78BD076F6E.e.5021/text - {}
RESULT: {}
COMMAND: POST /session/aa9217cc2551115c0c456c59afd2b862/element - {"using":"xpath","value":"//span[contains(@id ,\"application-addressmanagement-display-component---detailAdm--addressDetailDetailsName1\")][contains(text(), \"WebdriverSiteov8hnl\")]"}
RESULT: {"using":"xpath","value":"//span[contains(@id ,\"application-addressmanagement-display-component---detailAdm--addressDetailDetailsName1\")][contains(text(), \"WebdriverSiteov8hnl\")]"}
COMMAND: POST /session/aa9217cc2551115c0c456c59afd2b862/execute/sync - {"script":"<script> [8489 bytes]","args":[{"element-6066-11e4-a52e-4f735466cecf":"f.84437822EAE6B6F58A4F12097C194617.d.0E37FA35C5AC254CAE915E78BD076F6E.e.5022","ELEMENT":"f.84437822EAE6B6F58A4F12097C194617.d.0E37FA35C5AC254CAE915E78BD076F6E.e.5022"}]}
RESULT: undefined
COMMAND: POST /session/aa9217cc2551115c0c456c59afd2b862/element - {"using":"xpath","value":"//*[@id=\"backBtn\"]"}
RESULT: {"script":"<script> [8489 bytes]","args":[{"element-6066-11e4-a52e-4f735466cecf":"f.84437822EAE6B6F58A4F12097C194617.d.0E37FA35C5AC254CAE915E78BD076F6E.e.5022","ELEMENT":"f.84437822EAE6B6F58A4F12097C194617.d.0E37FA35C5AC254CAE915E78BD076F6E.e.5022"}]}
COMMAND: GET /session/aa9217cc2551115c0c456c59afd2b862/screenshot - {}
RESULT: {"using":"xpath","value":"//*[@id=\"backBtn\"]"}
COMMAND: POST /session/aa9217cc2551115c0c456c59afd2b862/element/f.84437822EAE6B6F58A4F12097C194617.d.0E37FA35C5AC254CAE915E78BD076F6E.e.3273/click - {}
RESULT: {}
RESULT: {}
COMMAND: GET /session/aa9217cc2551115c0c456c59afd2b862/screenshot - {}
RESULT: {}
COMMAND: POST /session/aa9217cc2551115c0c456c59afd2b862/execute/sync - {"script":"<script> [8489 bytes]","args":[{"element-6066-11e4-a52e-4f735466cecf":"f.84437822EAE6B6F58A4F12097C194617.d.0E37FA35C5AC254CAE915E78BD076F6E.e.4814","ELEMENT":"f.84437822EAE6B6F58A4F12097C194617.d.0E37FA35C5AC254CAE915E78BD076F6E.e.4814"}]}
COMMAND: POST /session/aa9217cc2551115c0c456c59afd2b862/element - {"using":"xpath","value":"//*[contains(@data-kt ,\"webshopDetailSiteLink\")]"}
RESULT: {"using":"xpath","value":"//*[contains(@data-kt ,\"webshopDetailSiteLink\")]"}
COMMAND: POST /session/aa9217cc2551115c0c456c59afd2b862/execute/sync - {"script":"<script> [8489 bytes]","args":[{"element-6066-11e4-a52e-4f735466cecf":"f.84437822EAE6B6F58A4F12097C194617.d.0E37FA35C5AC254CAE915E78BD076F6E.e.5205","ELEMENT":"f.84437822EAE6B6F58A4F12097C194617.d.0E37FA35C5AC254CAE915E78BD076F6E.e.5205"}]}
RESULT: {"script":"<script> [8489 bytes]","args":[{"element-6066-11e4-a52e-4f735466cecf":"f.84437822EAE6B6F58A4F12097C194617.d.0E37FA35C5AC254CAE915E78BD076F6E.e.5205","ELEMENT":"f.84437822EAE6B6F58A4F12097C194617.d.0E37FA35C5AC254CAE915E78BD076F6E.e.5205"}]}
COMMAND: POST /session/aa9217cc2551115c0c456c59afd2b862/execute/sync - {"script":"<script> [5351 bytes]","args":[{"element-6066-11e4-a52e-4f735466cecf":"f.84437822EAE6B6F58A4F12097C194617.d.0E37FA35C5AC254CAE915E78BD076F6E.e.5205","ELEMENT":"f.84437822EAE6B6F58A4F12097C194617.d.0E37FA35C5AC254CAE915E78BD076F6E.e.5205"}]}
RESULT: {"script":"<script> [5351 bytes]","args":[{"element-6066-11e4-a52e-4f735466cecf":"f.84437822EAE6B6F58A4F12097C194617.d.0E37FA35C5AC254CAE915E78BD076F6E.e.5205","ELEMENT":"f.84437822EAE6B6F58A4F12097C194617.d.0E37FA35C5AC254CAE915E78BD076F6E.e.5205"}]}
COMMAND: POST /session/aa9217cc2551115c0c456c59afd2b862/element - {"using":"xpath","value":"//*[contains(@data-kt ,\"webshopDetailSiteLink\")]"}
COMMAND: GET /session/aa9217cc2551115c0c456c59afd2b862/screenshot - {}
COMMAND: GET /session/aa9217cc2551115c0c456c59afd2b862/screenshot - {}
RESULT: {"using":"xpath","value":"//*[contains(@data-kt ,\"webshopDetailSiteLink\")]"}
COMMAND: POST /session/aa9217cc2551115c0c456c59afd2b862/element/f.84437822EAE6B6F58A4F12097C194617.d.0E37FA35C5AC254CAE915E78BD076F6E.e.5205/click - {}
RESULT: {}
RESULT: {}
RESULT: {}
COMMAND: GET /session/aa9217cc2551115c0c456c59afd2b862/screenshot - {}
RESULT: {}
COMMAND: POST /session/aa9217cc2551115c0c456c59afd2b862/element - {"using":"xpath","value":"//button[contains(@data-kt ,\"ContextMenuIdExternalLink\")]"}
RESULT: {"using":"xpath","value":"//button[contains(@data-kt ,\"ContextMenuIdExternalLink\")]"}
COMMAND: POST /session/aa9217cc2551115c0c456c59afd2b862/element/f.84437822EAE6B6F58A4F12097C194617.d.0E37FA35C5AC254CAE915E78BD076F6E.e.5206/click - {}
RESULT: {}
COMMAND: GET /session/aa9217cc2551115c0c456c59afd2b862/screenshot - {}
RESULT: {}
COMMAND: GET /session/aa9217cc2551115c0c456c59afd2b862/window/handles - {}
RESULT: {}
COMMAND: POST /session/aa9217cc2551115c0c456c59afd2b862/window - {"handle":"33807F43D089933BA355C489E6B803BC"}
RESULT: {"handle":"33807F43D089933BA355C489E6B803BC"}
COMMAND: GET /session/aa9217cc2551115c0c456c59afd2b862/url - {}
RESULT: {}
COMMAND: GET /session/aa9217cc2551115c0c456c59afd2b862/screenshot - {}
COMMAND: DELETE /session/aa9217cc2551115c0c456c59afd2b862/window - {}
RESULT: {}
RESULT: {}
COMMAND: POST /session/aa9217cc2551115c0c456c59afd2b862/window - {"handle":"84437822EAE6B6F58A4F12097C194617"}
RESULT: {"handle":"84437822EAE6B6F58A4F12097C194617"}
COMMAND: GET /session/aa9217cc2551115c0c456c59afd2b862/url - {}
RESULT: {}
COMMAND: GET /session/aa9217cc2551115c0c456c59afd2b862/screenshot - {}
RESULT: {}
COMMAND: POST /session/aa9217cc2551115c0c456c59afd2b862/element - {"using":"xpath","value":"//button[contains(@data-kt ,\"ContextMenuExternalId2Link\")]"}
RESULT: {"using":"xpath","value":"//button[contains(@data-kt ,\"ContextMenuExternalId2Link\")]"}
COMMAND: POST /session/aa9217cc2551115c0c456c59afd2b862/element/f.84437822EAE6B6F58A4F12097C194617.d.0E37FA35C5AC254CAE915E78BD076F6E.e.5460/click - {}
RESULT: {}
COMMAND: GET /session/aa9217cc2551115c0c456c59afd2b862/screenshot - {}
RESULT: {}
COMMAND: GET /session/aa9217cc2551115c0c456c59afd2b862/window/handles - {}
RESULT: {}
COMMAND: POST /session/aa9217cc2551115c0c456c59afd2b862/window - {"handle":"64A9BB3C9E24164342855C9F8A14052E"}
RESULT: {"handle":"64A9BB3C9E24164342855C9F8A14052E"}
COMMAND: GET /session/aa9217cc2551115c0c456c59afd2b862/url - {}
RESULT: {}
COMMAND: GET /session/aa9217cc2551115c0c456c59afd2b862/screenshot - {}
RESULT: {}
COMMAND: POST /session/aa9217cc2551115c0c456c59afd2b862/execute/sync - {"script":"<script> [8489 bytes]","args":[{"element-6066-11e4-a52e-4f735466cecf":"f.84437822EAE6B6F58A4F12097C194617.d.0E37FA35C5AC254CAE915E78BD076F6E.e.4649","ELEMENT":"f.84437822EAE6B6F58A4F12097C194617.d.0E37FA35C5AC254CAE915E78BD076F6E.e.4649"}]}
COMMAND: DELETE /session/aa9217cc2551115c0c456c59afd2b862/window - {}
RESULT: {"script":"<script> [8489 bytes]","args":[{"element-6066-11e4-a52e-4f735466cecf":"f.84437822EAE6B6F58A4F12097C194617.d.0E37FA35C5AC254CAE915E78BD076F6E.e.4649","ELEMENT":"f.84437822EAE6B6F58A4F12097C194617.d.0E37FA35C5AC254CAE915E78BD076F6E.e.4649"}]}
COMMAND: GET /session/aa9217cc2551115c0c456c59afd2b862/screenshot - {}
RESULT: {}
COMMAND: POST /session/aa9217cc2551115c0c456c59afd2b862/window - {"handle":"84437822EAE6B6F58A4F12097C194617"}
RESULT: {"handle":"84437822EAE6B6F58A4F12097C194617"}
COMMAND: GET /session/aa9217cc2551115c0c456c59afd2b862/url - {}
COMMAND: POST /session/aa9217cc2551115c0c456c59afd2b862/execute/sync - {"script":"<script> [8489 bytes]","args":[{"element-6066-11e4-a52e-4f735466cecf":"f.84437822EAE6B6F58A4F12097C194617.d.0E37FA35C5AC254CAE915E78BD076F6E.e.4649","ELEMENT":"f.84437822EAE6B6F58A4F12097C194617.d.0E37FA35C5AC254CAE915E78BD076F6E.e.4649"}]}
RESULT: {}
RESULT: {}
COMMAND: GET /session/aa9217cc2551115c0c456c59afd2b862/screenshot - {}
COMMAND: POST /session/aa9217cc2551115c0c456c59afd2b862/element - {"using":"xpath","value":"(//span[contains(text(), \"WebdriverSiteov8hnl\")])[2]"}
RESULT: {}
RESULT: {"using":"xpath","value":"(//span[contains(text(), \"WebdriverSiteov8hnl\")])[2]"}
COMMAND: POST /session/aa9217cc2551115c0c456c59afd2b862/element - {"using":"xpath","value":"(//span[contains(text(), \"WebdriverSiteov8hnl\")])[2]"}
RESULT: {"using":"xpath","value":"(//span[contains(text(), \"WebdriverSiteov8hnl\")])[2]"}
COMMAND: POST /session/aa9217cc2551115c0c456c59afd2b862/element - {"using":"xpath","value":"(//span[contains(text(), \"WebdriverSiteov8hnl\")])[2]"}
RESULT: {"using":"xpath","value":"(//span[contains(text(), \"WebdriverSiteov8hnl\")])[2]"}
COMMAND: POST /session/aa9217cc2551115c0c456c59afd2b862/element - {"using":"xpath","value":"(//span[contains(text(), \"WebdriverSiteov8hnl\")])[2]"}
RESULT: {"using":"xpath","value":"(//span[contains(text(), \"WebdriverSiteov8hnl\")])[2]"}
COMMAND: POST /session/aa9217cc2551115c0c456c59afd2b862/element - {"using":"xpath","value":"(//span[contains(text(), \"WebdriverSiteov8hnl\")])[2]"}
RESULT: {"using":"xpath","value":"(//span[contains(text(), \"WebdriverSiteov8hnl\")])[2]"}
COMMAND: POST /session/aa9217cc2551115c0c456c59afd2b862/element - {"using":"xpath","value":"(//span[contains(text(), \"WebdriverSiteov8hnl\")])[2]"}
RESULT: {"using":"xpath","value":"(//span[contains(text(), \"WebdriverSiteov8hnl\")])[2]"}
COMMAND: POST /session/aa9217cc2551115c0c456c59afd2b862/element - {"using":"xpath","value":"(//span[contains(text(), \"WebdriverSiteov8hnl\")])[2]"}
RESULT: {"using":"xpath","value":"(//span[contains(text(), \"WebdriverSiteov8hnl\")])[2]"}
COMMAND: POST /session/aa9217cc2551115c0c456c59afd2b862/element - {"using":"xpath","value":"(//span[contains(text(), \"WebdriverSiteov8hnl\")])[2]"}
RESULT: {"using":"xpath","value":"(//span[contains(text(), \"WebdriverSiteov8hnl\")])[2]"}
COMMAND: POST /session/aa9217cc2551115c0c456c59afd2b862/element - {"using":"xpath","value":"(//span[contains(text(), \"WebdriverSiteov8hnl\")])[2]"}
RESULT: {"using":"xpath","value":"(//span[contains(text(), \"WebdriverSiteov8hnl\")])[2]"}
COMMAND: POST /session/aa9217cc2551115c0c456c59afd2b862/element - {"using":"xpath","value":"(//span[contains(text(), \"WebdriverSiteov8hnl\")])[2]"}
RESULT: {"using":"xpath","value":"(//span[contains(text(), \"WebdriverSiteov8hnl\")])[2]"}
COMMAND: POST /session/aa9217cc2551115c0c456c59afd2b862/execute/sync - {"script":"<script> [8489 bytes]","args":[{"element-6066-11e4-a52e-4f735466cecf":"f.84437822EAE6B6F58A4F12097C194617.d.0E37FA35C5AC254CAE915E78BD076F6E.e.5205","ELEMENT":"f.84437822EAE6B6F58A4F12097C194617.d.0E37FA35C5AC254CAE915E78BD076F6E.e.5205"}]}
RESULT: {"script":"<script> [8489 bytes]","args":[{"element-6066-11e4-a52e-4f735466cecf":"f.84437822EAE6B6F58A4F12097C194617.d.0E37FA35C5AC254CAE915E78BD076F6E.e.5205","ELEMENT":"f.84437822EAE6B6F58A4F12097C194617.d.0E37FA35C5AC254CAE915E78BD076F6E.e.5205"}]}
COMMAND: POST /session/aa9217cc2551115c0c456c59afd2b862/execute/sync - {"script":"<script> [5351 bytes]","args":[{"element-6066-11e4-a52e-4f735466cecf":"f.84437822EAE6B6F58A4F12097C194617.d.0E37FA35C5AC254CAE915E78BD076F6E.e.5205","ELEMENT":"f.84437822EAE6B6F58A4F12097C194617.d.0E37FA35C5AC254CAE915E78BD076F6E.e.5205"}]}
COMMAND: GET /session/aa9217cc2551115c0c456c59afd2b862/screenshot - {}
RESULT: {"script":"<script> [5351 bytes]","args":[{"element-6066-11e4-a52e-4f735466cecf":"f.84437822EAE6B6F58A4F12097C194617.d.0E37FA35C5AC254CAE915E78BD076F6E.e.5205","ELEMENT":"f.84437822EAE6B6F58A4F12097C194617.d.0E37FA35C5AC254CAE915E78BD076F6E.e.5205"}]}
COMMAND: POST /session/aa9217cc2551115c0c456c59afd2b862/element - {"using":"xpath","value":"//*[contains(@data-kt ,\"webshopDetailSiteLink\")]"}
COMMAND: GET /session/aa9217cc2551115c0c456c59afd2b862/screenshot - {}
RESULT: {}
RESULT: {"using":"xpath","value":"//*[contains(@data-kt ,\"webshopDetailSiteLink\")]"}
COMMAND: POST /session/aa9217cc2551115c0c456c59afd2b862/element/f.84437822EAE6B6F58A4F12097C194617.d.0E37FA35C5AC254CAE915E78BD076F6E.e.5205/click - {}
COMMAND: POST /session/aa9217cc2551115c0c456c59afd2b862/element - {"using":"xpath","value":"(//span[contains(text(), \"WebdriverSiteov8hnl\")])[2]"}
RESULT: {}
RESULT: {}
COMMAND: GET /session/aa9217cc2551115c0c456c59afd2b862/screenshot - {}
RESULT: {"using":"xpath","value":"(//span[contains(text(), \"WebdriverSiteov8hnl\")])[2]"}
COMMAND: POST /session/aa9217cc2551115c0c456c59afd2b862/execute/sync - {"script":"<script> [8489 bytes]","args":[{"element-6066-11e4-a52e-4f735466cecf":"f.84437822EAE6B6F58A4F12097C194617.d.0E37FA35C5AC254CAE915E78BD076F6E.e.5475","ELEMENT":"f.84437822EAE6B6F58A4F12097C194617.d.0E37FA35C5AC254CAE915E78BD076F6E.e.5475"}]}
RESULT: {}
RESULT: {"script":"<script> [8489 bytes]","args":[{"element-6066-11e4-a52e-4f735466cecf":"f.84437822EAE6B6F58A4F12097C194617.d.0E37FA35C5AC254CAE915E78BD076F6E.e.5475","ELEMENT":"f.84437822EAE6B6F58A4F12097C194617.d.0E37FA35C5AC254CAE915E78BD076F6E.e.5475"}]}
COMMAND: GET /session/aa9217cc2551115c0c456c59afd2b862/screenshot - {}
RESULT: {}
COMMAND: POST /session/aa9217cc2551115c0c456c59afd2b862/element - {"using":"xpath","value":"(//button[contains(@data-kt ,\"ContextMenuExternalId3Link\")])[2]"}
RESULT: {"using":"xpath","value":"(//button[contains(@data-kt ,\"ContextMenuExternalId3Link\")])[2]"}
COMMAND: POST /session/aa9217cc2551115c0c456c59afd2b862/element/f.84437822EAE6B6F58A4F12097C194617.d.0E37FA35C5AC254CAE915E78BD076F6E.e.5476/click - {}
RESULT: {}
COMMAND: GET /session/aa9217cc2551115c0c456c59afd2b862/screenshot - {}
RESULT: {}
COMMAND: GET /session/aa9217cc2551115c0c456c59afd2b862/window/handles - {}
RESULT: {}
COMMAND: POST /session/aa9217cc2551115c0c456c59afd2b862/window - {"handle":"4A65F5F98D1BE7CD9C3076D207F27F3E"}
RESULT: {"handle":"4A65F5F98D1BE7CD9C3076D207F27F3E"}
COMMAND: GET /session/aa9217cc2551115c0c456c59afd2b862/url - {}
RESULT: {}
COMMAND: POST /session/aa9217cc2551115c0c456c59afd2b862/execute/sync - {"script":"<script> [8489 bytes]","args":[{"element-6066-11e4-a52e-4f735466cecf":"f.84437822EAE6B6F58A4F12097C194617.d.0E37FA35C5AC254CAE915E78BD076F6E.e.5022","ELEMENT":"f.84437822EAE6B6F58A4F12097C194617.d.0E37FA35C5AC254CAE915E78BD076F6E.e.5022"}]}
COMMAND: GET /session/aa9217cc2551115c0c456c59afd2b862/screenshot - {}
RESULT: {}
RESULT: {"script":"<script> [8489 bytes]","args":[{"element-6066-11e4-a52e-4f735466cecf":"f.84437822EAE6B6F58A4F12097C194617.d.0E37FA35C5AC254CAE915E78BD076F6E.e.5022","ELEMENT":"f.84437822EAE6B6F58A4F12097C194617.d.0E37FA35C5AC254CAE915E78BD076F6E.e.5022"}]}
COMMAND: GET /session/aa9217cc2551115c0c456c59afd2b862/screenshot - {}
RESULT: {}
COMMAND: POST /session/aa9217cc2551115c0c456c59afd2b862/execute/sync - {"script":"<script> [8489 bytes]","args":[{"element-6066-11e4-a52e-4f735466cecf":"f.84437822EAE6B6F58A4F12097C194617.d.0E37FA35C5AC254CAE915E78BD076F6E.e.5022","ELEMENT":"f.84437822EAE6B6F58A4F12097C194617.d.0E37FA35C5AC254CAE915E78BD076F6E.e.5022"}]}
RESULT: {"script":"<script> [8489 bytes]","args":[{"element-6066-11e4-a52e-4f735466cecf":"f.84437822EAE6B6F58A4F12097C194617.d.0E37FA35C5AC254CAE915E78BD076F6E.e.5022","ELEMENT":"f.84437822EAE6B6F58A4F12097C194617.d.0E37FA35C5AC254CAE915E78BD076F6E.e.5022"}]}
COMMAND: GET /session/aa9217cc2551115c0c456c59afd2b862/screenshot - {}
RESULT: {}
COMMAND: POST /session/aa9217cc2551115c0c456c59afd2b862/execute/sync - {"script":"<script> [8489 bytes]","args":[{"element-6066-11e4-a52e-4f735466cecf":"f.84437822EAE6B6F58A4F12097C194617.d.0E37FA35C5AC254CAE915E78BD076F6E.e.5022","ELEMENT":"f.84437822EAE6B6F58A4F12097C194617.d.0E37FA35C5AC254CAE915E78BD076F6E.e.5022"}]}
RESULT: {"script":"<script> [8489 bytes]","args":[{"element-6066-11e4-a52e-4f735466cecf":"f.84437822EAE6B6F58A4F12097C194617.d.0E37FA35C5AC254CAE915E78BD076F6E.e.5022","ELEMENT":"f.84437822EAE6B6F58A4F12097C194617.d.0E37FA35C5AC254CAE915E78BD076F6E.e.5022"}]}
COMMAND: GET /session/aa9217cc2551115c0c456c59afd2b862/screenshot - {}
RESULT: {}
COMMAND: POST /session/aa9217cc2551115c0c456c59afd2b862/execute/sync - {"script":"<script> [8489 bytes]","args":[{"element-6066-11e4-a52e-4f735466cecf":"f.84437822EAE6B6F58A4F12097C194617.d.0E37FA35C5AC254CAE915E78BD076F6E.e.5022","ELEMENT":"f.84437822EAE6B6F58A4F12097C194617.d.0E37FA35C5AC254CAE915E78BD076F6E.e.5022"}]}
RESULT: {"script":"<script> [8489 bytes]","args":[{"element-6066-11e4-a52e-4f735466cecf":"f.84437822EAE6B6F58A4F12097C194617.d.0E37FA35C5AC254CAE915E78BD076F6E.e.5022","ELEMENT":"f.84437822EAE6B6F58A4F12097C194617.d.0E37FA35C5AC254CAE915E78BD076F6E.e.5022"}]}
COMMAND: GET /session/aa9217cc2551115c0c456c59afd2b862/screenshot - {}
RESULT: {}
COMMAND: POST /session/aa9217cc2551115c0c456c59afd2b862/execute/sync - {"script":"<script> [8489 bytes]","args":[{"element-6066-11e4-a52e-4f735466cecf":"f.84437822EAE6B6F58A4F12097C194617.d.0E37FA35C5AC254CAE915E78BD076F6E.e.5022","ELEMENT":"f.84437822EAE6B6F58A4F12097C194617.d.0E37FA35C5AC254CAE915E78BD076F6E.e.5022"}]}
RESULT: {"script":"<script> [8489 bytes]","args":[{"element-6066-11e4-a52e-4f735466cecf":"f.84437822EAE6B6F58A4F12097C194617.d.0E37FA35C5AC254CAE915E78BD076F6E.e.5022","ELEMENT":"f.84437822EAE6B6F58A4F12097C194617.d.0E37FA35C5AC254CAE915E78BD076F6E.e.5022"}]}
COMMAND: GET /session/aa9217cc2551115c0c456c59afd2b862/screenshot - {}
RESULT: {}
COMMAND: POST /session/aa9217cc2551115c0c456c59afd2b862/execute/sync - {"script":"<script> [8489 bytes]","args":[{"element-6066-11e4-a52e-4f735466cecf":"f.84437822EAE6B6F58A4F12097C194617.d.0E37FA35C5AC254CAE915E78BD076F6E.e.5022","ELEMENT":"f.84437822EAE6B6F58A4F12097C194617.d.0E37FA35C5AC254CAE915E78BD076F6E.e.5022"}]}
RESULT: {"script":"<script> [8489 bytes]","args":[{"element-6066-11e4-a52e-4f735466cecf":"f.84437822EAE6B6F58A4F12097C194617.d.0E37FA35C5AC254CAE915E78BD076F6E.e.5022","ELEMENT":"f.84437822EAE6B6F58A4F12097C194617.d.0E37FA35C5AC254CAE915E78BD076F6E.e.5022"}]}
COMMAND: GET /session/aa9217cc2551115c0c456c59afd2b862/screenshot - {}
RESULT: {}
COMMAND: POST /session/aa9217cc2551115c0c456c59afd2b862/execute/sync - {"script":"<script> [8489 bytes]","args":[{"element-6066-11e4-a52e-4f735466cecf":"f.84437822EAE6B6F58A4F12097C194617.d.0E37FA35C5AC254CAE915E78BD076F6E.e.5022","ELEMENT":"f.84437822EAE6B6F58A4F12097C194617.d.0E37FA35C5AC254CAE915E78BD076F6E.e.5022"}]}
RESULT: {"script":"<script> [8489 bytes]","args":[{"element-6066-11e4-a52e-4f735466cecf":"f.84437822EAE6B6F58A4F12097C194617.d.0E37FA35C5AC254CAE915E78BD076F6E.e.5022","ELEMENT":"f.84437822EAE6B6F58A4F12097C194617.d.0E37FA35C5AC254CAE915E78BD076F6E.e.5022"}]}
COMMAND: GET /session/aa9217cc2551115c0c456c59afd2b862/screenshot - {}
RESULT: {}
COMMAND: POST /session/aa9217cc2551115c0c456c59afd2b862/execute/sync - {"script":"<script> [8489 bytes]","args":[{"element-6066-11e4-a52e-4f735466cecf":"f.84437822EAE6B6F58A4F12097C194617.d.0E37FA35C5AC254CAE915E78BD076F6E.e.5022","ELEMENT":"f.84437822EAE6B6F58A4F12097C194617.d.0E37FA35C5AC254CAE915E78BD076F6E.e.5022"}]}
RESULT: {"script":"<script> [8489 bytes]","args":[{"element-6066-11e4-a52e-4f735466cecf":"f.84437822EAE6B6F58A4F12097C194617.d.0E37FA35C5AC254CAE915E78BD076F6E.e.5022","ELEMENT":"f.84437822EAE6B6F58A4F12097C194617.d.0E37FA35C5AC254CAE915E78BD076F6E.e.5022"}]}
COMMAND: GET /session/aa9217cc2551115c0c456c59afd2b862/screenshot - {}
RESULT: {}
COMMAND: POST /session/aa9217cc2551115c0c456c59afd2b862/execute/sync - {"script":"<script> [8489 bytes]","args":[{"element-6066-11e4-a52e-4f735466cecf":"f.84437822EAE6B6F58A4F12097C194617.d.0E37FA35C5AC254CAE915E78BD076F6E.e.5022","ELEMENT":"f.84437822EAE6B6F58A4F12097C194617.d.0E37FA35C5AC254CAE915E78BD076F6E.e.5022"}]}
RESULT: {"script":"<script> [8489 bytes]","args":[{"element-6066-11e4-a52e-4f735466cecf":"f.84437822EAE6B6F58A4F12097C194617.d.0E37FA35C5AC254CAE915E78BD076F6E.e.5022","ELEMENT":"f.84437822EAE6B6F58A4F12097C194617.d.0E37FA35C5AC254CAE915E78BD076F6E.e.5022"}]}
COMMAND: GET /session/aa9217cc2551115c0c456c59afd2b862/screenshot - {}
RESULT: {}
COMMAND: DELETE /session/aa9217cc2551115c0c456c59afd2b862/window - {}
COMMAND: POST /session/aa9217cc2551115c0c456c59afd2b862/execute/sync - {"script":"<script> [8489 bytes]","args":[{"element-6066-11e4-a52e-4f735466cecf":"f.84437822EAE6B6F58A4F12097C194617.d.0E37FA35C5AC254CAE915E78BD076F6E.e.5022","ELEMENT":"f.84437822EAE6B6F58A4F12097C194617.d.0E37FA35C5AC254CAE915E78BD076F6E.e.5022"}]}
RESULT: {}
COMMAND: POST /session/aa9217cc2551115c0c456c59afd2b862/window - {"handle":"84437822EAE6B6F58A4F12097C194617"}
RESULT: {"handle":"84437822EAE6B6F58A4F12097C194617"}
COMMAND: GET /session/aa9217cc2551115c0c456c59afd2b862/url - {}
COMMAND: POST /session/aa9217cc2551115c0c456c59afd2b862/element - {"using":"xpath","value":"//span[contains(@id ,\"application-addressmanagement-display-component---detailAdm--addressDetailDetailsName1\")][contains(text(), \"WebdriverSiteov8hnl\")]"}
RESULT: {}
COMMAND: GET /session/aa9217cc2551115c0c456c59afd2b862/screenshot - {}
RESULT: {"using":"xpath","value":"//span[contains(@id ,\"application-addressmanagement-display-component---detailAdm--addressDetailDetailsName1\")][contains(text(), \"WebdriverSiteov8hnl\")]"}
COMMAND: POST /session/aa9217cc2551115c0c456c59afd2b862/element - {"using":"xpath","value":"//span[contains(@id ,\"application-addressmanagement-display-component---detailAdm--addressDetailDetailsName1\")][contains(text(), \"WebdriverSiteov8hnl\")]"}
RESULT: {}
RESULT: {"using":"xpath","value":"//span[contains(@id ,\"application-addressmanagement-display-component---detailAdm--addressDetailDetailsName1\")][contains(text(), \"WebdriverSiteov8hnl\")]"}
COMMAND: POST /session/aa9217cc2551115c0c456c59afd2b862/element - {"using":"xpath","value":"//span[contains(@id ,\"application-addressmanagement-display-component---detailAdm--addressDetailDetailsName1\")][contains(text(), \"WebdriverSiteov8hnl\")]"}
RESULT: {"using":"xpath","value":"//span[contains(@id ,\"application-addressmanagement-display-component---detailAdm--addressDetailDetailsName1\")][contains(text(), \"WebdriverSiteov8hnl\")]"}
COMMAND: POST /session/aa9217cc2551115c0c456c59afd2b862/element - {"using":"xpath","value":"//span[contains(@id ,\"application-addressmanagement-display-component---detailAdm--addressDetailDetailsName1\")][contains(text(), \"WebdriverSiteov8hnl\")]"}
RESULT: {"using":"xpath","value":"//span[contains(@id ,\"application-addressmanagement-display-component---detailAdm--addressDetailDetailsName1\")][contains(text(), \"WebdriverSiteov8hnl\")]"}
COMMAND: POST /session/aa9217cc2551115c0c456c59afd2b862/element - {"using":"xpath","value":"//span[contains(@id ,\"application-addressmanagement-display-component---detailAdm--addressDetailDetailsName1\")][contains(text(), \"WebdriverSiteov8hnl\")]"}
RESULT: {"using":"xpath","value":"//span[contains(@id ,\"application-addressmanagement-display-component---detailAdm--addressDetailDetailsName1\")][contains(text(), \"WebdriverSiteov8hnl\")]"}
COMMAND: POST /session/aa9217cc2551115c0c456c59afd2b862/element - {"using":"xpath","value":"//span[contains(@id ,\"application-addressmanagement-display-component---detailAdm--addressDetailDetailsName1\")][contains(text(), \"WebdriverSiteov8hnl\")]"}
RESULT: {"using":"xpath","value":"//span[contains(@id ,\"application-addressmanagement-display-component---detailAdm--addressDetailDetailsName1\")][contains(text(), \"WebdriverSiteov8hnl\")]"}
COMMAND: POST /session/aa9217cc2551115c0c456c59afd2b862/element - {"using":"xpath","value":"//span[contains(@id ,\"application-addressmanagement-display-component---detailAdm--addressDetailDetailsName1\")][contains(text(), \"WebdriverSiteov8hnl\")]"}
RESULT: {"using":"xpath","value":"//span[contains(@id ,\"application-addressmanagement-display-component---detailAdm--addressDetailDetailsName1\")][contains(text(), \"WebdriverSiteov8hnl\")]"}
COMMAND: POST /session/aa9217cc2551115c0c456c59afd2b862/element - {"using":"xpath","value":"//span[contains(@id ,\"application-addressmanagement-display-component---detailAdm--addressDetailDetailsName1\")][contains(text(), \"WebdriverSiteov8hnl\")]"}
RESULT: {"using":"xpath","value":"//span[contains(@id ,\"application-addressmanagement-display-component---detailAdm--addressDetailDetailsName1\")][contains(text(), \"WebdriverSiteov8hnl\")]"}
COMMAND: POST /session/aa9217cc2551115c0c456c59afd2b862/element - {"using":"xpath","value":"//span[contains(@id ,\"application-addressmanagement-display-component---detailAdm--addressDetailDetailsName1\")][contains(text(), \"WebdriverSiteov8hnl\")]"}
RESULT: {"using":"xpath","value":"//span[contains(@id ,\"application-addressmanagement-display-component---detailAdm--addressDetailDetailsName1\")][contains(text(), \"WebdriverSiteov8hnl\")]"}
COMMAND: POST /session/aa9217cc2551115c0c456c59afd2b862/element - {"using":"xpath","value":"//span[contains(@id ,\"application-addressmanagement-display-component---detailAdm--addressDetailDetailsName1\")][contains(text(), \"WebdriverSiteov8hnl\")]"}
RESULT: {"using":"xpath","value":"//span[contains(@id ,\"application-addressmanagement-display-component---detailAdm--addressDetailDetailsName1\")][contains(text(), \"WebdriverSiteov8hnl\")]"}
]]></system-out>
    </testcase>
  </testsuite>
  <testsuite timestamp="2025-05-19T16:28:25" time="255.181" tests="2" failures="0" errors="0" skipped="0">
    <properties>
      <property name="specId" value="0" />
      <property name="suiteName" value="Webshop - Hyperlinks visible and working properly  US139085" />
      <property name="capabilities" value="chrome.136_0_7103_93.windows" />
      <property name="file" value="file:///D:/a/1/s/test/specs/R2C/webshop-hyperlinks-partner-address-contract-item.spec.js" />
    </properties>
    <testcase classname="chrome.136_0_7103_93.windows.Webshop_-_Hyperlinks_visible_and_working_properly__US139085" name="Should verify the customer and address hyperlinks" time="161.579">
      <system-out><![CDATA[
COMMAND: POST /session/aa9217cc2551115c0c456c59afd2b862/element - {"using":"xpath","value":"//*[contains(@data-kt ,\"webshopDetailAddressLink\")]"}
RESULT: {"using":"xpath","value":"//*[contains(@data-kt ,\"webshopDetailAddressLink\")]"}
COMMAND: POST /session/aa9217cc2551115c0c456c59afd2b862/execute/sync - {"script":"<script> [8489 bytes]","args":[{"element-6066-11e4-a52e-4f735466cecf":"f.84437822EAE6B6F58A4F12097C194617.d.0E37FA35C5AC254CAE915E78BD076F6E.e.5684","ELEMENT":"f.84437822EAE6B6F58A4F12097C194617.d.0E37FA35C5AC254CAE915E78BD076F6E.e.5684"}]}
RESULT: {"script":"<script> [8489 bytes]","args":[{"element-6066-11e4-a52e-4f735466cecf":"f.84437822EAE6B6F58A4F12097C194617.d.0E37FA35C5AC254CAE915E78BD076F6E.e.5684","ELEMENT":"f.84437822EAE6B6F58A4F12097C194617.d.0E37FA35C5AC254CAE915E78BD076F6E.e.5684"}]}
COMMAND: POST /session/aa9217cc2551115c0c456c59afd2b862/execute/sync - {"script":"<script> [5351 bytes]","args":[{"element-6066-11e4-a52e-4f735466cecf":"f.84437822EAE6B6F58A4F12097C194617.d.0E37FA35C5AC254CAE915E78BD076F6E.e.5684","ELEMENT":"f.84437822EAE6B6F58A4F12097C194617.d.0E37FA35C5AC254CAE915E78BD076F6E.e.5684"}]}
COMMAND: GET /session/aa9217cc2551115c0c456c59afd2b862/screenshot - {}
RESULT: {"script":"<script> [5351 bytes]","args":[{"element-6066-11e4-a52e-4f735466cecf":"f.84437822EAE6B6F58A4F12097C194617.d.0E37FA35C5AC254CAE915E78BD076F6E.e.5684","ELEMENT":"f.84437822EAE6B6F58A4F12097C194617.d.0E37FA35C5AC254CAE915E78BD076F6E.e.5684"}]}
COMMAND: GET /session/aa9217cc2551115c0c456c59afd2b862/screenshot - {}
COMMAND: POST /session/aa9217cc2551115c0c456c59afd2b862/element - {"using":"xpath","value":"//span[contains(@id ,\"application-addressmanagement-display-component---detailAdm--addressDetailDetailsName1\")][contains(text(), \"WebdriverSiteov8hnl\")]"}
RESULT: {}
RESULT: {}
RESULT: {"using":"xpath","value":"//span[contains(@id ,\"application-addressmanagement-display-component---detailAdm--addressDetailDetailsName1\")][contains(text(), \"WebdriverSiteov8hnl\")]"}
COMMAND: POST /session/aa9217cc2551115c0c456c59afd2b862/element - {"using":"xpath","value":"//span[contains(@id ,\"application-addressmanagement-display-component---detailAdm--addressDetailDetailsName1\")][contains(text(), \"WebdriverSiteov8hnl\")]"}
RESULT: {"using":"xpath","value":"//span[contains(@id ,\"application-addressmanagement-display-component---detailAdm--addressDetailDetailsName1\")][contains(text(), \"WebdriverSiteov8hnl\")]"}
COMMAND: POST /session/aa9217cc2551115c0c456c59afd2b862/element - {"using":"xpath","value":"//span[contains(@id ,\"application-addressmanagement-display-component---detailAdm--addressDetailDetailsName1\")][contains(text(), \"WebdriverSiteov8hnl\")]"}
RESULT: {"using":"xpath","value":"//span[contains(@id ,\"application-addressmanagement-display-component---detailAdm--addressDetailDetailsName1\")][contains(text(), \"WebdriverSiteov8hnl\")]"}
COMMAND: POST /session/aa9217cc2551115c0c456c59afd2b862/element - {"using":"xpath","value":"//span[contains(@id ,\"application-addressmanagement-display-component---detailAdm--addressDetailDetailsName1\")][contains(text(), \"WebdriverSiteov8hnl\")]"}
RESULT: {"using":"xpath","value":"//span[contains(@id ,\"application-addressmanagement-display-component---detailAdm--addressDetailDetailsName1\")][contains(text(), \"WebdriverSiteov8hnl\")]"}
COMMAND: POST /session/aa9217cc2551115c0c456c59afd2b862/element - {"using":"xpath","value":"//span[contains(@id ,\"application-addressmanagement-display-component---detailAdm--addressDetailDetailsName1\")][contains(text(), \"WebdriverSiteov8hnl\")]"}
RESULT: {"using":"xpath","value":"//span[contains(@id ,\"application-addressmanagement-display-component---detailAdm--addressDetailDetailsName1\")][contains(text(), \"WebdriverSiteov8hnl\")]"}
COMMAND: POST /session/aa9217cc2551115c0c456c59afd2b862/element - {"using":"xpath","value":"//span[contains(@id ,\"application-addressmanagement-display-component---detailAdm--addressDetailDetailsName1\")][contains(text(), \"WebdriverSiteov8hnl\")]"}
RESULT: {"using":"xpath","value":"//span[contains(@id ,\"application-addressmanagement-display-component---detailAdm--addressDetailDetailsName1\")][contains(text(), \"WebdriverSiteov8hnl\")]"}
COMMAND: POST /session/aa9217cc2551115c0c456c59afd2b862/element - {"using":"xpath","value":"//span[contains(@id ,\"application-addressmanagement-display-component---detailAdm--addressDetailDetailsName1\")][contains(text(), \"WebdriverSiteov8hnl\")]"}
RESULT: {"using":"xpath","value":"//span[contains(@id ,\"application-addressmanagement-display-component---detailAdm--addressDetailDetailsName1\")][contains(text(), \"WebdriverSiteov8hnl\")]"}
COMMAND: POST /session/aa9217cc2551115c0c456c59afd2b862/element - {"using":"xpath","value":"//span[contains(@id ,\"application-addressmanagement-display-component---detailAdm--addressDetailDetailsName1\")][contains(text(), \"WebdriverSiteov8hnl\")]"}
RESULT: {"using":"xpath","value":"//span[contains(@id ,\"application-addressmanagement-display-component---detailAdm--addressDetailDetailsName1\")][contains(text(), \"WebdriverSiteov8hnl\")]"}
COMMAND: POST /session/aa9217cc2551115c0c456c59afd2b862/element - {"using":"xpath","value":"//span[contains(@id ,\"application-addressmanagement-display-component---detailAdm--addressDetailDetailsName1\")][contains(text(), \"WebdriverSiteov8hnl\")]"}
RESULT: {"using":"xpath","value":"//span[contains(@id ,\"application-addressmanagement-display-component---detailAdm--addressDetailDetailsName1\")][contains(text(), \"WebdriverSiteov8hnl\")]"}
COMMAND: POST /session/aa9217cc2551115c0c456c59afd2b862/element - {"using":"xpath","value":"//*[contains(@data-kt ,\"webshopDetailAddressLink\")]"}
RESULT: {"using":"xpath","value":"//*[contains(@data-kt ,\"webshopDetailAddressLink\")]"}
COMMAND: POST /session/aa9217cc2551115c0c456c59afd2b862/element/f.84437822EAE6B6F58A4F12097C194617.d.0E37FA35C5AC254CAE915E78BD076F6E.e.5684/click - {}
COMMAND: POST /session/aa9217cc2551115c0c456c59afd2b862/element - {"using":"xpath","value":"//span[contains(@id ,\"application-addressmanagement-display-component---detailAdm--addressDetailDetailsName1\")][contains(text(), \"WebdriverSiteov8hnl\")]"}
RESULT: {}
COMMAND: GET /session/aa9217cc2551115c0c456c59afd2b862/screenshot - {}
RESULT: {"using":"xpath","value":"//span[contains(@id ,\"application-addressmanagement-display-component---detailAdm--addressDetailDetailsName1\")][contains(text(), \"WebdriverSiteov8hnl\")]"}
RESULT: {}
COMMAND: POST /session/aa9217cc2551115c0c456c59afd2b862/element - {"using":"xpath","value":"//span[contains(@id ,\"application-addressmanagement-display-component---detailAdm--addressDetailDetailsName1\")][contains(text(), \"WebdriverSiteov8hnl\")]"}
RESULT: {"using":"xpath","value":"//span[contains(@id ,\"application-addressmanagement-display-component---detailAdm--addressDetailDetailsName1\")][contains(text(), \"WebdriverSiteov8hnl\")]"}
COMMAND: POST /session/aa9217cc2551115c0c456c59afd2b862/element - {"using":"xpath","value":"//span[contains(@id ,\"application-addressmanagement-display-component---detailAdm--addressDetailDetailsName1\")][contains(text(), \"WebdriverSiteov8hnl\")]"}
RESULT: {"using":"xpath","value":"//span[contains(@id ,\"application-addressmanagement-display-component---detailAdm--addressDetailDetailsName1\")][contains(text(), \"WebdriverSiteov8hnl\")]"}
COMMAND: POST /session/aa9217cc2551115c0c456c59afd2b862/element - {"using":"xpath","value":"//span[contains(@id ,\"application-addressmanagement-display-component---detailAdm--addressDetailDetailsName1\")][contains(text(), \"WebdriverSiteov8hnl\")]"}
RESULT: {"using":"xpath","value":"//span[contains(@id ,\"application-addressmanagement-display-component---detailAdm--addressDetailDetailsName1\")][contains(text(), \"WebdriverSiteov8hnl\")]"}
COMMAND: POST /session/aa9217cc2551115c0c456c59afd2b862/element - {"using":"xpath","value":"//*[contains(@data-kt ,\"ContextMenuId2Link\")][contains(text(), \"Address Overview\")]"}
RESULT: {"using":"xpath","value":"//*[contains(@data-kt ,\"ContextMenuId2Link\")][contains(text(), \"Address Overview\")]"}
COMMAND: POST /session/aa9217cc2551115c0c456c59afd2b862/execute/sync - {"script":"<script> [8489 bytes]","args":[{"element-6066-11e4-a52e-4f735466cecf":"f.84437822EAE6B6F58A4F12097C194617.d.0E37FA35C5AC254CAE915E78BD076F6E.e.5686","ELEMENT":"f.84437822EAE6B6F58A4F12097C194617.d.0E37FA35C5AC254CAE915E78BD076F6E.e.5686"}]}
COMMAND: POST /session/aa9217cc2551115c0c456c59afd2b862/element - {"using":"xpath","value":"//*[contains(@data-kt ,\"ContextMenuId2Link\")][contains(text(), \"Address Overview\")]"}
RESULT: {"script":"<script> [8489 bytes]","args":[{"element-6066-11e4-a52e-4f735466cecf":"f.84437822EAE6B6F58A4F12097C194617.d.0E37FA35C5AC254CAE915E78BD076F6E.e.5686","ELEMENT":"f.84437822EAE6B6F58A4F12097C194617.d.0E37FA35C5AC254CAE915E78BD076F6E.e.5686"}]}
COMMAND: GET /session/aa9217cc2551115c0c456c59afd2b862/screenshot - {}
RESULT: {"using":"xpath","value":"//*[contains(@data-kt ,\"ContextMenuId2Link\")][contains(text(), \"Address Overview\")]"}
COMMAND: POST /session/aa9217cc2551115c0c456c59afd2b862/element/f.84437822EAE6B6F58A4F12097C194617.d.0E37FA35C5AC254CAE915E78BD076F6E.e.5686/click - {}
COMMAND: POST /session/aa9217cc2551115c0c456c59afd2b862/element - {"using":"xpath","value":"//span[contains(@id ,\"application-addressmanagement-display-component---detailAdm--addressDetailDetailsName1\")][contains(text(), \"WebdriverSiteov8hnl\")]"}
RESULT: {}
RESULT: {}
COMMAND: GET /session/aa9217cc2551115c0c456c59afd2b862/screenshot - {}
RESULT: {"using":"xpath","value":"//span[contains(@id ,\"application-addressmanagement-display-component---detailAdm--addressDetailDetailsName1\")][contains(text(), \"WebdriverSiteov8hnl\")]"}
COMMAND: POST /session/aa9217cc2551115c0c456c59afd2b862/execute/sync - {"script":"<script> [8489 bytes]","args":[{"element-6066-11e4-a52e-4f735466cecf":"f.84437822EAE6B6F58A4F12097C194617.d.0E37FA35C5AC254CAE915E78BD076F6E.e.5891","ELEMENT":"f.84437822EAE6B6F58A4F12097C194617.d.0E37FA35C5AC254CAE915E78BD076F6E.e.5891"}]}
RESULT: {}
RESULT: {"script":"<script> [8489 bytes]","args":[{"element-6066-11e4-a52e-4f735466cecf":"f.84437822EAE6B6F58A4F12097C194617.d.0E37FA35C5AC254CAE915E78BD076F6E.e.5891","ELEMENT":"f.84437822EAE6B6F58A4F12097C194617.d.0E37FA35C5AC254CAE915E78BD076F6E.e.5891"}]}
COMMAND: GET /session/aa9217cc2551115c0c456c59afd2b862/screenshot - {}
RESULT: {}
RESULT: undefined
COMMAND: POST /session/aa9217cc2551115c0c456c59afd2b862/execute/async - {"script":"<script> [6424 bytes]","args":[{"element-6066-11e4-a52e-4f735466cecf":"f.84437822EAE6B6F58A4F12097C194617.d.0E37FA35C5AC254CAE915E78BD076F6E.e.3271"},"getTitle",[]]}
COMMAND: POST /session/aa9217cc2551115c0c456c59afd2b862/execute/async - {"script":"<script> [1562 bytes]","args":[{"selector":{"id":"shellAppTitle"},"wdio_ui5_key":"shellAppTitle"}]}
RESULT: {"script":"<script> [1562 bytes]","args":[{"selector":{"id":"shellAppTitle"},"wdio_ui5_key":"shellAppTitle"}]}
COMMAND: POST /session/aa9217cc2551115c0c456c59afd2b862/execute/async - {"script":"<script> [6424 bytes]","args":[{"element-6066-11e4-a52e-4f735466cecf":"f.84437822EAE6B6F58A4F12097C194617.d.0E37FA35C5AC254CAE915E78BD076F6E.e.5892"},"getTitle",[]]}
RESULT: {"script":"<script> [6424 bytes]","args":[{"element-6066-11e4-a52e-4f735466cecf":"f.84437822EAE6B6F58A4F12097C194617.d.0E37FA35C5AC254CAE915E78BD076F6E.e.5892"},"getTitle",[]]}
COMMAND: POST /session/aa9217cc2551115c0c456c59afd2b862/element - {"using":"xpath","value":"//span[contains(@id ,\"application-addressmanagement-display-component---detailAdm--addressDetailDetailsName1\")][contains(text(), \"WebdriverSiteov8hnl\")]"}
RESULT: {"using":"xpath","value":"//span[contains(@id ,\"application-addressmanagement-display-component---detailAdm--addressDetailDetailsName1\")][contains(text(), \"WebdriverSiteov8hnl\")]"}
COMMAND: POST /session/aa9217cc2551115c0c456c59afd2b862/execute/sync - {"script":"<script> [8489 bytes]","args":[{"element-6066-11e4-a52e-4f735466cecf":"f.84437822EAE6B6F58A4F12097C194617.d.0E37FA35C5AC254CAE915E78BD076F6E.e.5891","ELEMENT":"f.84437822EAE6B6F58A4F12097C194617.d.0E37FA35C5AC254CAE915E78BD076F6E.e.5891"}]}
RESULT: undefined
COMMAND: POST /session/aa9217cc2551115c0c456c59afd2b862/element - {"using":"xpath","value":"//*[@id=\"backBtn\"]"}
RESULT: {"script":"<script> [8489 bytes]","args":[{"element-6066-11e4-a52e-4f735466cecf":"f.84437822EAE6B6F58A4F12097C194617.d.0E37FA35C5AC254CAE915E78BD076F6E.e.5891","ELEMENT":"f.84437822EAE6B6F58A4F12097C194617.d.0E37FA35C5AC254CAE915E78BD076F6E.e.5891"}]}
COMMAND: GET /session/aa9217cc2551115c0c456c59afd2b862/screenshot - {}
RESULT: {"using":"xpath","value":"//*[@id=\"backBtn\"]"}
COMMAND: POST /session/aa9217cc2551115c0c456c59afd2b862/element/f.84437822EAE6B6F58A4F12097C194617.d.0E37FA35C5AC254CAE915E78BD076F6E.e.3273/click - {}
RESULT: {}
RESULT: {}
COMMAND: GET /session/aa9217cc2551115c0c456c59afd2b862/screenshot - {}
RESULT: {}
COMMAND: POST /session/aa9217cc2551115c0c456c59afd2b862/execute/sync - {"script":"<script> [8489 bytes]","args":[{"element-6066-11e4-a52e-4f735466cecf":"f.84437822EAE6B6F58A4F12097C194617.d.0E37FA35C5AC254CAE915E78BD076F6E.e.5684","ELEMENT":"f.84437822EAE6B6F58A4F12097C194617.d.0E37FA35C5AC254CAE915E78BD076F6E.e.5684"}]}
COMMAND: POST /session/aa9217cc2551115c0c456c59afd2b862/element - {"using":"xpath","value":"//*[contains(@data-kt ,\"webshopDetailAddressLink\")]"}
RESULT: {"using":"xpath","value":"//*[contains(@data-kt ,\"webshopDetailAddressLink\")]"}
COMMAND: POST /session/aa9217cc2551115c0c456c59afd2b862/execute/sync - {"script":"<script> [8489 bytes]","args":[{"element-6066-11e4-a52e-4f735466cecf":"f.84437822EAE6B6F58A4F12097C194617.d.0E37FA35C5AC254CAE915E78BD076F6E.e.6058","ELEMENT":"f.84437822EAE6B6F58A4F12097C194617.d.0E37FA35C5AC254CAE915E78BD076F6E.e.6058"}]}
RESULT: {"script":"<script> [8489 bytes]","args":[{"element-6066-11e4-a52e-4f735466cecf":"f.84437822EAE6B6F58A4F12097C194617.d.0E37FA35C5AC254CAE915E78BD076F6E.e.6058","ELEMENT":"f.84437822EAE6B6F58A4F12097C194617.d.0E37FA35C5AC254CAE915E78BD076F6E.e.6058"}]}
COMMAND: POST /session/aa9217cc2551115c0c456c59afd2b862/execute/sync - {"script":"<script> [5351 bytes]","args":[{"element-6066-11e4-a52e-4f735466cecf":"f.84437822EAE6B6F58A4F12097C194617.d.0E37FA35C5AC254CAE915E78BD076F6E.e.6058","ELEMENT":"f.84437822EAE6B6F58A4F12097C194617.d.0E37FA35C5AC254CAE915E78BD076F6E.e.6058"}]}
COMMAND: GET /session/aa9217cc2551115c0c456c59afd2b862/screenshot - {}
RESULT: {"script":"<script> [5351 bytes]","args":[{"element-6066-11e4-a52e-4f735466cecf":"f.84437822EAE6B6F58A4F12097C194617.d.0E37FA35C5AC254CAE915E78BD076F6E.e.6058","ELEMENT":"f.84437822EAE6B6F58A4F12097C194617.d.0E37FA35C5AC254CAE915E78BD076F6E.e.6058"}]}
COMMAND: POST /session/aa9217cc2551115c0c456c59afd2b862/element - {"using":"xpath","value":"//*[contains(@data-kt ,\"webshopDetailAddressLink\")]"}
COMMAND: GET /session/aa9217cc2551115c0c456c59afd2b862/screenshot - {}
RESULT: {}
RESULT: {"using":"xpath","value":"//*[contains(@data-kt ,\"webshopDetailAddressLink\")]"}
COMMAND: POST /session/aa9217cc2551115c0c456c59afd2b862/element/f.84437822EAE6B6F58A4F12097C194617.d.0E37FA35C5AC254CAE915E78BD076F6E.e.6058/click - {}
RESULT: {}
RESULT: {}
COMMAND: GET /session/aa9217cc2551115c0c456c59afd2b862/screenshot - {}
RESULT: {}
COMMAND: POST /session/aa9217cc2551115c0c456c59afd2b862/element - {"using":"xpath","value":"//button[contains(@data-kt ,\"ContextMenuExternalId2Link\")]"}
RESULT: {"using":"xpath","value":"//button[contains(@data-kt ,\"ContextMenuExternalId2Link\")]"}
COMMAND: POST /session/aa9217cc2551115c0c456c59afd2b862/element/f.84437822EAE6B6F58A4F12097C194617.d.0E37FA35C5AC254CAE915E78BD076F6E.e.6059/click - {}
RESULT: {}
COMMAND: GET /session/aa9217cc2551115c0c456c59afd2b862/screenshot - {}
RESULT: {}
COMMAND: GET /session/aa9217cc2551115c0c456c59afd2b862/window/handles - {}
RESULT: {}
COMMAND: POST /session/aa9217cc2551115c0c456c59afd2b862/window - {"handle":"3BCAED8C8B0AEF120B78CDDA76BB9796"}
RESULT: {"handle":"3BCAED8C8B0AEF120B78CDDA76BB9796"}
COMMAND: GET /session/aa9217cc2551115c0c456c59afd2b862/url - {}
RESULT: {}
COMMAND: GET /session/aa9217cc2551115c0c456c59afd2b862/screenshot - {}
RESULT: {}
COMMAND: POST /session/aa9217cc2551115c0c456c59afd2b862/execute/sync - {"script":"<script> [8489 bytes]","args":[{"element-6066-11e4-a52e-4f735466cecf":"f.84437822EAE6B6F58A4F12097C194617.d.0E37FA35C5AC254CAE915E78BD076F6E.e.5891","ELEMENT":"f.84437822EAE6B6F58A4F12097C194617.d.0E37FA35C5AC254CAE915E78BD076F6E.e.5891"}]}
COMMAND: DELETE /session/aa9217cc2551115c0c456c59afd2b862/window - {}
RESULT: {}
COMMAND: POST /session/aa9217cc2551115c0c456c59afd2b862/window - {"handle":"84437822EAE6B6F58A4F12097C194617"}
RESULT: {"handle":"84437822EAE6B6F58A4F12097C194617"}
COMMAND: GET /session/aa9217cc2551115c0c456c59afd2b862/url - {}
COMMAND: POST /session/aa9217cc2551115c0c456c59afd2b862/element - {"using":"xpath","value":"//span[contains(@id ,\"application-addressmanagement-display-component---detailAdm--addressDetailDetailsName1\")][contains(text(), \"WebdriverSiteov8hnl\")]"}
RESULT: {}
COMMAND: GET /session/aa9217cc2551115c0c456c59afd2b862/screenshot - {}
RESULT: {"using":"xpath","value":"//span[contains(@id ,\"application-addressmanagement-display-component---detailAdm--addressDetailDetailsName1\")][contains(text(), \"WebdriverSiteov8hnl\")]"}
COMMAND: POST /session/aa9217cc2551115c0c456c59afd2b862/element - {"using":"xpath","value":"//span[contains(@id ,\"application-addressmanagement-display-component---detailAdm--addressDetailDetailsName1\")][contains(text(), \"WebdriverSiteov8hnl\")]"}
RESULT: {}
RESULT: {"using":"xpath","value":"//span[contains(@id ,\"application-addressmanagement-display-component---detailAdm--addressDetailDetailsName1\")][contains(text(), \"WebdriverSiteov8hnl\")]"}
COMMAND: POST /session/aa9217cc2551115c0c456c59afd2b862/element - {"using":"xpath","value":"//span[contains(@id ,\"application-addressmanagement-display-component---detailAdm--addressDetailDetailsName1\")][contains(text(), \"WebdriverSiteov8hnl\")]"}
RESULT: {"using":"xpath","value":"//span[contains(@id ,\"application-addressmanagement-display-component---detailAdm--addressDetailDetailsName1\")][contains(text(), \"WebdriverSiteov8hnl\")]"}
COMMAND: POST /session/aa9217cc2551115c0c456c59afd2b862/element - {"using":"xpath","value":"//span[contains(@id ,\"application-addressmanagement-display-component---detailAdm--addressDetailDetailsName1\")][contains(text(), \"WebdriverSiteov8hnl\")]"}
RESULT: {"using":"xpath","value":"//span[contains(@id ,\"application-addressmanagement-display-component---detailAdm--addressDetailDetailsName1\")][contains(text(), \"WebdriverSiteov8hnl\")]"}
COMMAND: POST /session/aa9217cc2551115c0c456c59afd2b862/element - {"using":"xpath","value":"//span[contains(@id ,\"application-addressmanagement-display-component---detailAdm--addressDetailDetailsName1\")][contains(text(), \"WebdriverSiteov8hnl\")]"}
RESULT: {"using":"xpath","value":"//span[contains(@id ,\"application-addressmanagement-display-component---detailAdm--addressDetailDetailsName1\")][contains(text(), \"WebdriverSiteov8hnl\")]"}
COMMAND: POST /session/aa9217cc2551115c0c456c59afd2b862/element - {"using":"xpath","value":"//span[contains(@id ,\"application-addressmanagement-display-component---detailAdm--addressDetailDetailsName1\")][contains(text(), \"WebdriverSiteov8hnl\")]"}
RESULT: {"using":"xpath","value":"//span[contains(@id ,\"application-addressmanagement-display-component---detailAdm--addressDetailDetailsName1\")][contains(text(), \"WebdriverSiteov8hnl\")]"}
COMMAND: POST /session/aa9217cc2551115c0c456c59afd2b862/element - {"using":"xpath","value":"//*[contains(@data-kt ,\"webshopDetailCustomerLink\")]"}
COMMAND: POST /session/aa9217cc2551115c0c456c59afd2b862/element - {"using":"xpath","value":"//span[contains(@id ,\"application-addressmanagement-display-component---detailAdm--addressDetailDetailsName1\")][contains(text(), \"WebdriverSiteov8hnl\")]"}
RESULT: {"using":"xpath","value":"//*[contains(@data-kt ,\"webshopDetailCustomerLink\")]"}
COMMAND: POST /session/aa9217cc2551115c0c456c59afd2b862/execute/sync - {"script":"<script> [8489 bytes]","args":[{"element-6066-11e4-a52e-4f735466cecf":"f.84437822EAE6B6F58A4F12097C194617.d.0E37FA35C5AC254CAE915E78BD076F6E.e.6271","ELEMENT":"f.84437822EAE6B6F58A4F12097C194617.d.0E37FA35C5AC254CAE915E78BD076F6E.e.6271"}]}
RESULT: {"using":"xpath","value":"//span[contains(@id ,\"application-addressmanagement-display-component---detailAdm--addressDetailDetailsName1\")][contains(text(), \"WebdriverSiteov8hnl\")]"}
RESULT: {"script":"<script> [8489 bytes]","args":[{"element-6066-11e4-a52e-4f735466cecf":"f.84437822EAE6B6F58A4F12097C194617.d.0E37FA35C5AC254CAE915E78BD076F6E.e.6271","ELEMENT":"f.84437822EAE6B6F58A4F12097C194617.d.0E37FA35C5AC254CAE915E78BD076F6E.e.6271"}]}
COMMAND: POST /session/aa9217cc2551115c0c456c59afd2b862/execute/sync - {"script":"<script> [5351 bytes]","args":[{"element-6066-11e4-a52e-4f735466cecf":"f.84437822EAE6B6F58A4F12097C194617.d.0E37FA35C5AC254CAE915E78BD076F6E.e.6271","ELEMENT":"f.84437822EAE6B6F58A4F12097C194617.d.0E37FA35C5AC254CAE915E78BD076F6E.e.6271"}]}
COMMAND: GET /session/aa9217cc2551115c0c456c59afd2b862/screenshot - {}
RESULT: {"script":"<script> [5351 bytes]","args":[{"element-6066-11e4-a52e-4f735466cecf":"f.84437822EAE6B6F58A4F12097C194617.d.0E37FA35C5AC254CAE915E78BD076F6E.e.6271","ELEMENT":"f.84437822EAE6B6F58A4F12097C194617.d.0E37FA35C5AC254CAE915E78BD076F6E.e.6271"}]}
COMMAND: POST /session/aa9217cc2551115c0c456c59afd2b862/element - {"using":"xpath","value":"//*[contains(@data-kt ,\"webshopDetailCustomerLink\")]"}
COMMAND: GET /session/aa9217cc2551115c0c456c59afd2b862/screenshot - {}
RESULT: {}
RESULT: {"using":"xpath","value":"//*[contains(@data-kt ,\"webshopDetailCustomerLink\")]"}
COMMAND: POST /session/aa9217cc2551115c0c456c59afd2b862/element/f.84437822EAE6B6F58A4F12097C194617.d.0E37FA35C5AC254CAE915E78BD076F6E.e.6271/click - {}
RESULT: {}
COMMAND: POST /session/aa9217cc2551115c0c456c59afd2b862/element - {"using":"xpath","value":"//span[contains(@id ,\"application-addressmanagement-display-component---detailAdm--addressDetailDetailsName1\")][contains(text(), \"WebdriverSiteov8hnl\")]"}
RESULT: {}
COMMAND: GET /session/aa9217cc2551115c0c456c59afd2b862/screenshot - {}
RESULT: {"using":"xpath","value":"//span[contains(@id ,\"application-addressmanagement-display-component---detailAdm--addressDetailDetailsName1\")][contains(text(), \"WebdriverSiteov8hnl\")]"}
RESULT: {}
COMMAND: POST /session/aa9217cc2551115c0c456c59afd2b862/element - {"using":"xpath","value":"//span[contains(@id ,\"application-addressmanagement-display-component---detailAdm--addressDetailDetailsName1\")][contains(text(), \"WebdriverSiteov8hnl\")]"}
RESULT: {"using":"xpath","value":"//span[contains(@id ,\"application-addressmanagement-display-component---detailAdm--addressDetailDetailsName1\")][contains(text(), \"WebdriverSiteov8hnl\")]"}
COMMAND: POST /session/aa9217cc2551115c0c456c59afd2b862/element - {"using":"xpath","value":"//span[contains(@id ,\"application-addressmanagement-display-component---detailAdm--addressDetailDetailsName1\")][contains(text(), \"WebdriverSiteov8hnl\")]"}
RESULT: {"using":"xpath","value":"//span[contains(@id ,\"application-addressmanagement-display-component---detailAdm--addressDetailDetailsName1\")][contains(text(), \"WebdriverSiteov8hnl\")]"}
COMMAND: POST /session/aa9217cc2551115c0c456c59afd2b862/element - {"using":"xpath","value":"//span[contains(@id ,\"application-addressmanagement-display-component---detailAdm--addressDetailDetailsName1\")][contains(text(), \"WebdriverSiteov8hnl\")]"}
RESULT: {"using":"xpath","value":"//span[contains(@id ,\"application-addressmanagement-display-component---detailAdm--addressDetailDetailsName1\")][contains(text(), \"WebdriverSiteov8hnl\")]"}
COMMAND: POST /session/aa9217cc2551115c0c456c59afd2b862/element - {"using":"xpath","value":"//*[contains(@data-kt ,\"ContextMenuId2Link\")][contains(text(), \"Partner Overview\")]"}
RESULT: {"using":"xpath","value":"//*[contains(@data-kt ,\"ContextMenuId2Link\")][contains(text(), \"Partner Overview\")]"}
COMMAND: POST /session/aa9217cc2551115c0c456c59afd2b862/execute/sync - {"script":"<script> [8489 bytes]","args":[{"element-6066-11e4-a52e-4f735466cecf":"f.84437822EAE6B6F58A4F12097C194617.d.0E37FA35C5AC254CAE915E78BD076F6E.e.6273","ELEMENT":"f.84437822EAE6B6F58A4F12097C194617.d.0E37FA35C5AC254CAE915E78BD076F6E.e.6273"}]}
COMMAND: POST /session/aa9217cc2551115c0c456c59afd2b862/element - {"using":"xpath","value":"//*[contains(@data-kt ,\"ContextMenuId2Link\")][contains(text(), \"Partner Overview\")]"}
RESULT: {"using":"xpath","value":"//*[contains(@data-kt ,\"ContextMenuId2Link\")][contains(text(), \"Partner Overview\")]"}
COMMAND: POST /session/aa9217cc2551115c0c456c59afd2b862/element/f.84437822EAE6B6F58A4F12097C194617.d.0E37FA35C5AC254CAE915E78BD076F6E.e.6273/click - {}
RESULT: {"script":"<script> [8489 bytes]","args":[{"element-6066-11e4-a52e-4f735466cecf":"f.84437822EAE6B6F58A4F12097C194617.d.0E37FA35C5AC254CAE915E78BD076F6E.e.6273","ELEMENT":"f.84437822EAE6B6F58A4F12097C194617.d.0E37FA35C5AC254CAE915E78BD076F6E.e.6273"}]}
COMMAND: GET /session/aa9217cc2551115c0c456c59afd2b862/screenshot - {}
COMMAND: POST /session/aa9217cc2551115c0c456c59afd2b862/element - {"using":"xpath","value":"//span[contains(@id ,\"application-addressmanagement-display-component---detailAdm--addressDetailDetailsName1\")][contains(text(), \"WebdriverSiteov8hnl\")]"}
RESULT: {}
COMMAND: GET /session/aa9217cc2551115c0c456c59afd2b862/screenshot - {}
RESULT: {}
RESULT: {"using":"xpath","value":"//span[contains(@id ,\"application-addressmanagement-display-component---detailAdm--addressDetailDetailsName1\")][contains(text(), \"WebdriverSiteov8hnl\")]"}
RESULT: {}
COMMAND: POST /session/aa9217cc2551115c0c456c59afd2b862/element - {"using":"xpath","value":"//span[contains(@id ,\"application-addressmanagement-display-component---detailAdm--addressDetailDetailsName1\")][contains(text(), \"WebdriverSiteov8hnl\")]"}
RESULT: {"using":"xpath","value":"//span[contains(@id ,\"application-addressmanagement-display-component---detailAdm--addressDetailDetailsName1\")][contains(text(), \"WebdriverSiteov8hnl\")]"}
COMMAND: POST /session/aa9217cc2551115c0c456c59afd2b862/element - {"using":"xpath","value":"//span[contains(@id ,\"application-addressmanagement-display-component---detailAdm--addressDetailDetailsName1\")][contains(text(), \"WebdriverSiteov8hnl\")]"}
RESULT: undefined
COMMAND: POST /session/aa9217cc2551115c0c456c59afd2b862/execute/async - {"script":"<script> [6424 bytes]","args":[{"element-6066-11e4-a52e-4f735466cecf":"f.84437822EAE6B6F58A4F12097C194617.d.0E37FA35C5AC254CAE915E78BD076F6E.e.3271"},"getTitle",[]]}
RESULT: {"using":"xpath","value":"//span[contains(@id ,\"application-addressmanagement-display-component---detailAdm--addressDetailDetailsName1\")][contains(text(), \"WebdriverSiteov8hnl\")]"}
COMMAND: POST /session/aa9217cc2551115c0c456c59afd2b862/execute/async - {"script":"<script> [1562 bytes]","args":[{"selector":{"id":"shellAppTitle"},"wdio_ui5_key":"shellAppTitle"}]}
COMMAND: POST /session/aa9217cc2551115c0c456c59afd2b862/element - {"using":"xpath","value":"//span[contains(@id ,\"application-addressmanagement-display-component---detailAdm--addressDetailDetailsName1\")][contains(text(), \"WebdriverSiteov8hnl\")]"}
RESULT: {"script":"<script> [1562 bytes]","args":[{"selector":{"id":"shellAppTitle"},"wdio_ui5_key":"shellAppTitle"}]}
COMMAND: POST /session/aa9217cc2551115c0c456c59afd2b862/execute/async - {"script":"<script> [6424 bytes]","args":[{"element-6066-11e4-a52e-4f735466cecf":"f.84437822EAE6B6F58A4F12097C194617.d.0E37FA35C5AC254CAE915E78BD076F6E.e.6518"},"getTitle",[]]}
RESULT: {"using":"xpath","value":"//span[contains(@id ,\"application-addressmanagement-display-component---detailAdm--addressDetailDetailsName1\")][contains(text(), \"WebdriverSiteov8hnl\")]"}
COMMAND: POST /session/aa9217cc2551115c0c456c59afd2b862/element - {"using":"xpath","value":"//span[contains(@id ,\"application-addressmanagement-display-component---detailAdm--addressDetailDetailsName1\")][contains(text(), \"WebdriverSiteov8hnl\")]"}
RESULT: {"script":"<script> [6424 bytes]","args":[{"element-6066-11e4-a52e-4f735466cecf":"f.84437822EAE6B6F58A4F12097C194617.d.0E37FA35C5AC254CAE915E78BD076F6E.e.6518"},"getTitle",[]]}
COMMAND: POST /session/aa9217cc2551115c0c456c59afd2b862/element - {"using":"xpath","value":"//span[contains(@id ,\"title\")][contains(text(), \"WebdriverPartnerq8t5a\")]"}
RESULT: {"using":"xpath","value":"//span[contains(@id ,\"application-addressmanagement-display-component---detailAdm--addressDetailDetailsName1\")][contains(text(), \"WebdriverSiteov8hnl\")]"}
RESULT: {"using":"xpath","value":"//span[contains(@id ,\"title\")][contains(text(), \"WebdriverPartnerq8t5a\")]"}
COMMAND: POST /session/aa9217cc2551115c0c456c59afd2b862/execute/sync - {"script":"<script> [8489 bytes]","args":[{"element-6066-11e4-a52e-4f735466cecf":"f.84437822EAE6B6F58A4F12097C194617.d.0E37FA35C5AC254CAE915E78BD076F6E.e.6519","ELEMENT":"f.84437822EAE6B6F58A4F12097C194617.d.0E37FA35C5AC254CAE915E78BD076F6E.e.6519"}]}
RESULT: undefined
COMMAND: POST /session/aa9217cc2551115c0c456c59afd2b862/element - {"using":"xpath","value":"//*[@id=\"backBtn\"]"}
RESULT: {"using":"xpath","value":"//*[@id=\"backBtn\"]"}
COMMAND: POST /session/aa9217cc2551115c0c456c59afd2b862/element/f.84437822EAE6B6F58A4F12097C194617.d.0E37FA35C5AC254CAE915E78BD076F6E.e.3273/click - {}
RESULT: {"script":"<script> [8489 bytes]","args":[{"element-6066-11e4-a52e-4f735466cecf":"f.84437822EAE6B6F58A4F12097C194617.d.0E37FA35C5AC254CAE915E78BD076F6E.e.6519","ELEMENT":"f.84437822EAE6B6F58A4F12097C194617.d.0E37FA35C5AC254CAE915E78BD076F6E.e.6519"}]}
COMMAND: GET /session/aa9217cc2551115c0c456c59afd2b862/screenshot - {}
COMMAND: POST /session/aa9217cc2551115c0c456c59afd2b862/element - {"using":"xpath","value":"//span[contains(@id ,\"application-addressmanagement-display-component---detailAdm--addressDetailDetailsName1\")][contains(text(), \"WebdriverSiteov8hnl\")]"}
COMMAND: POST /session/aa9217cc2551115c0c456c59afd2b862/execute/sync - {"script":"<script> [8489 bytes]","args":[{"element-6066-11e4-a52e-4f735466cecf":"f.84437822EAE6B6F58A4F12097C194617.d.0E37FA35C5AC254CAE915E78BD076F6E.e.6519","ELEMENT":"f.84437822EAE6B6F58A4F12097C194617.d.0E37FA35C5AC254CAE915E78BD076F6E.e.6519"}]}
RESULT: {}
COMMAND: GET /session/aa9217cc2551115c0c456c59afd2b862/screenshot - {}
RESULT: {}
RESULT: {"using":"xpath","value":"//span[contains(@id ,\"application-addressmanagement-display-component---detailAdm--addressDetailDetailsName1\")][contains(text(), \"WebdriverSiteov8hnl\")]"}
COMMAND: POST /session/aa9217cc2551115c0c456c59afd2b862/element - {"using":"xpath","value":"//span[contains(@id ,\"application-addressmanagement-display-component---detailAdm--addressDetailDetailsName1\")][contains(text(), \"WebdriverSiteov8hnl\")]"}
COMMAND: POST /session/aa9217cc2551115c0c456c59afd2b862/element - {"using":"xpath","value":"//span[contains(@id ,\"title\")][contains(text(), \"WebdriverPartnerq8t5a\")]"}
RESULT: {}
RESULT: {"using":"xpath","value":"//span[contains(@id ,\"application-addressmanagement-display-component---detailAdm--addressDetailDetailsName1\")][contains(text(), \"WebdriverSiteov8hnl\")]"}
RESULT: {"using":"xpath","value":"//span[contains(@id ,\"title\")][contains(text(), \"WebdriverPartnerq8t5a\")]"}
COMMAND: POST /session/aa9217cc2551115c0c456c59afd2b862/element - {"using":"xpath","value":"//span[contains(@id ,\"title\")][contains(text(), \"WebdriverPartnerq8t5a\")]"}
RESULT: {"using":"xpath","value":"//span[contains(@id ,\"title\")][contains(text(), \"WebdriverPartnerq8t5a\")]"}
COMMAND: POST /session/aa9217cc2551115c0c456c59afd2b862/element - {"using":"xpath","value":"//span[contains(@id ,\"application-addressmanagement-display-component---detailAdm--addressDetailDetailsName1\")][contains(text(), \"WebdriverSiteov8hnl\")]"}
RESULT: {"using":"xpath","value":"//span[contains(@id ,\"application-addressmanagement-display-component---detailAdm--addressDetailDetailsName1\")][contains(text(), \"WebdriverSiteov8hnl\")]"}
COMMAND: POST /session/aa9217cc2551115c0c456c59afd2b862/element - {"using":"xpath","value":"//span[contains(@id ,\"title\")][contains(text(), \"WebdriverPartnerq8t5a\")]"}
RESULT: {"using":"xpath","value":"//span[contains(@id ,\"title\")][contains(text(), \"WebdriverPartnerq8t5a\")]"}
COMMAND: POST /session/aa9217cc2551115c0c456c59afd2b862/element - {"using":"xpath","value":"//span[contains(@id ,\"application-addressmanagement-display-component---detailAdm--addressDetailDetailsName1\")][contains(text(), \"WebdriverSiteov8hnl\")]"}
RESULT: {"using":"xpath","value":"//span[contains(@id ,\"application-addressmanagement-display-component---detailAdm--addressDetailDetailsName1\")][contains(text(), \"WebdriverSiteov8hnl\")]"}
COMMAND: POST /session/aa9217cc2551115c0c456c59afd2b862/element - {"using":"xpath","value":"//span[contains(@id ,\"title\")][contains(text(), \"WebdriverPartnerq8t5a\")]"}
RESULT: {"using":"xpath","value":"//span[contains(@id ,\"title\")][contains(text(), \"WebdriverPartnerq8t5a\")]"}
COMMAND: POST /session/aa9217cc2551115c0c456c59afd2b862/element - {"using":"xpath","value":"//span[contains(@id ,\"application-addressmanagement-display-component---detailAdm--addressDetailDetailsName1\")][contains(text(), \"WebdriverSiteov8hnl\")]"}
COMMAND: POST /session/aa9217cc2551115c0c456c59afd2b862/element - {"using":"xpath","value":"//span[contains(@id ,\"title\")][contains(text(), \"WebdriverPartnerq8t5a\")]"}
COMMAND: POST /session/aa9217cc2551115c0c456c59afd2b862/execute/sync - {"script":"<script> [8489 bytes]","args":[{"element-6066-11e4-a52e-4f735466cecf":"f.84437822EAE6B6F58A4F12097C194617.d.0E37FA35C5AC254CAE915E78BD076F6E.e.6271","ELEMENT":"f.84437822EAE6B6F58A4F12097C194617.d.0E37FA35C5AC254CAE915E78BD076F6E.e.6271"}]}
RESULT: {"using":"xpath","value":"//span[contains(@id ,\"application-addressmanagement-display-component---detailAdm--addressDetailDetailsName1\")][contains(text(), \"WebdriverSiteov8hnl\")]"}
COMMAND: POST /session/aa9217cc2551115c0c456c59afd2b862/element - {"using":"xpath","value":"//*[contains(@data-kt ,\"webshopDetailCustomerLink\")]"}
RESULT: {"using":"xpath","value":"//span[contains(@id ,\"title\")][contains(text(), \"WebdriverPartnerq8t5a\")]"}
RESULT: {"using":"xpath","value":"//*[contains(@data-kt ,\"webshopDetailCustomerLink\")]"}
COMMAND: POST /session/aa9217cc2551115c0c456c59afd2b862/execute/sync - {"script":"<script> [8489 bytes]","args":[{"element-6066-11e4-a52e-4f735466cecf":"f.84437822EAE6B6F58A4F12097C194617.d.0E37FA35C5AC254CAE915E78BD076F6E.e.6687","ELEMENT":"f.84437822EAE6B6F58A4F12097C194617.d.0E37FA35C5AC254CAE915E78BD076F6E.e.6687"}]}
RESULT: {"script":"<script> [8489 bytes]","args":[{"element-6066-11e4-a52e-4f735466cecf":"f.84437822EAE6B6F58A4F12097C194617.d.0E37FA35C5AC254CAE915E78BD076F6E.e.6687","ELEMENT":"f.84437822EAE6B6F58A4F12097C194617.d.0E37FA35C5AC254CAE915E78BD076F6E.e.6687"}]}
COMMAND: POST /session/aa9217cc2551115c0c456c59afd2b862/execute/sync - {"script":"<script> [5351 bytes]","args":[{"element-6066-11e4-a52e-4f735466cecf":"f.84437822EAE6B6F58A4F12097C194617.d.0E37FA35C5AC254CAE915E78BD076F6E.e.6687","ELEMENT":"f.84437822EAE6B6F58A4F12097C194617.d.0E37FA35C5AC254CAE915E78BD076F6E.e.6687"}]}
COMMAND: GET /session/aa9217cc2551115c0c456c59afd2b862/screenshot - {}
RESULT: {"script":"<script> [5351 bytes]","args":[{"element-6066-11e4-a52e-4f735466cecf":"f.84437822EAE6B6F58A4F12097C194617.d.0E37FA35C5AC254CAE915E78BD076F6E.e.6687","ELEMENT":"f.84437822EAE6B6F58A4F12097C194617.d.0E37FA35C5AC254CAE915E78BD076F6E.e.6687"}]}
COMMAND: POST /session/aa9217cc2551115c0c456c59afd2b862/element - {"using":"xpath","value":"//*[contains(@data-kt ,\"webshopDetailCustomerLink\")]"}
COMMAND: GET /session/aa9217cc2551115c0c456c59afd2b862/screenshot - {}
RESULT: {}
RESULT: {"using":"xpath","value":"//*[contains(@data-kt ,\"webshopDetailCustomerLink\")]"}
COMMAND: POST /session/aa9217cc2551115c0c456c59afd2b862/element/f.84437822EAE6B6F58A4F12097C194617.d.0E37FA35C5AC254CAE915E78BD076F6E.e.6687/click - {}
COMMAND: POST /session/aa9217cc2551115c0c456c59afd2b862/element - {"using":"xpath","value":"//span[contains(@id ,\"application-addressmanagement-display-component---detailAdm--addressDetailDetailsName1\")][contains(text(), \"WebdriverSiteov8hnl\")]"}
RESULT: {}
COMMAND: POST /session/aa9217cc2551115c0c456c59afd2b862/element - {"using":"xpath","value":"//span[contains(@id ,\"title\")][contains(text(), \"WebdriverPartnerq8t5a\")]"}
RESULT: {}
COMMAND: GET /session/aa9217cc2551115c0c456c59afd2b862/screenshot - {}
RESULT: {"using":"xpath","value":"//span[contains(@id ,\"application-addressmanagement-display-component---detailAdm--addressDetailDetailsName1\")][contains(text(), \"WebdriverSiteov8hnl\")]"}
RESULT: {"using":"xpath","value":"//span[contains(@id ,\"title\")][contains(text(), \"WebdriverPartnerq8t5a\")]"}
COMMAND: POST /session/aa9217cc2551115c0c456c59afd2b862/execute/sync - {"script":"<script> [8489 bytes]","args":[{"element-6066-11e4-a52e-4f735466cecf":"f.84437822EAE6B6F58A4F12097C194617.d.0E37FA35C5AC254CAE915E78BD076F6E.e.6689","ELEMENT":"f.84437822EAE6B6F58A4F12097C194617.d.0E37FA35C5AC254CAE915E78BD076F6E.e.6689"}]}
RESULT: {}
RESULT: {"script":"<script> [8489 bytes]","args":[{"element-6066-11e4-a52e-4f735466cecf":"f.84437822EAE6B6F58A4F12097C194617.d.0E37FA35C5AC254CAE915E78BD076F6E.e.6689","ELEMENT":"f.84437822EAE6B6F58A4F12097C194617.d.0E37FA35C5AC254CAE915E78BD076F6E.e.6689"}]}
COMMAND: GET /session/aa9217cc2551115c0c456c59afd2b862/screenshot - {}
RESULT: {}
COMMAND: POST /session/aa9217cc2551115c0c456c59afd2b862/element - {"using":"xpath","value":"//span[contains(@id ,\"application-addressmanagement-display-component---detailAdm--addressDetailDetailsName1\")][contains(text(), \"WebdriverSiteov8hnl\")]"}
RESULT: {"using":"xpath","value":"//span[contains(@id ,\"application-addressmanagement-display-component---detailAdm--addressDetailDetailsName1\")][contains(text(), \"WebdriverSiteov8hnl\")]"}
COMMAND: POST /session/aa9217cc2551115c0c456c59afd2b862/element - {"using":"xpath","value":"//span[contains(@id ,\"application-addressmanagement-display-component---detailAdm--addressDetailDetailsName1\")][contains(text(), \"WebdriverSiteov8hnl\")]"}
RESULT: {"using":"xpath","value":"//span[contains(@id ,\"application-addressmanagement-display-component---detailAdm--addressDetailDetailsName1\")][contains(text(), \"WebdriverSiteov8hnl\")]"}
COMMAND: POST /session/aa9217cc2551115c0c456c59afd2b862/element - {"using":"xpath","value":"//span[contains(@id ,\"application-addressmanagement-display-component---detailAdm--addressDetailDetailsName1\")][contains(text(), \"WebdriverSiteov8hnl\")]"}
RESULT: {"using":"xpath","value":"//span[contains(@id ,\"application-addressmanagement-display-component---detailAdm--addressDetailDetailsName1\")][contains(text(), \"WebdriverSiteov8hnl\")]"}
COMMAND: POST /session/aa9217cc2551115c0c456c59afd2b862/element - {"using":"xpath","value":"//button[contains(@data-kt ,\"ContextMenuExternalId2Link\")]"}
RESULT: {"using":"xpath","value":"//button[contains(@data-kt ,\"ContextMenuExternalId2Link\")]"}
COMMAND: POST /session/aa9217cc2551115c0c456c59afd2b862/element/f.84437822EAE6B6F58A4F12097C194617.d.0E37FA35C5AC254CAE915E78BD076F6E.e.6688/click - {}
COMMAND: POST /session/aa9217cc2551115c0c456c59afd2b862/element - {"using":"xpath","value":"//span[contains(@id ,\"application-addressmanagement-display-component---detailAdm--addressDetailDetailsName1\")][contains(text(), \"WebdriverSiteov8hnl\")]"}
RESULT: {}
COMMAND: GET /session/aa9217cc2551115c0c456c59afd2b862/screenshot - {}
RESULT: {"using":"xpath","value":"//span[contains(@id ,\"application-addressmanagement-display-component---detailAdm--addressDetailDetailsName1\")][contains(text(), \"WebdriverSiteov8hnl\")]"}
RESULT: {}
COMMAND: POST /session/aa9217cc2551115c0c456c59afd2b862/element - {"using":"xpath","value":"//span[contains(@id ,\"application-addressmanagement-display-component---detailAdm--addressDetailDetailsName1\")][contains(text(), \"WebdriverSiteov8hnl\")]"}
RESULT: {"using":"xpath","value":"//span[contains(@id ,\"application-addressmanagement-display-component---detailAdm--addressDetailDetailsName1\")][contains(text(), \"WebdriverSiteov8hnl\")]"}
COMMAND: POST /session/aa9217cc2551115c0c456c59afd2b862/element - {"using":"xpath","value":"//span[contains(@id ,\"application-addressmanagement-display-component---detailAdm--addressDetailDetailsName1\")][contains(text(), \"WebdriverSiteov8hnl\")]"}
RESULT: {"using":"xpath","value":"//span[contains(@id ,\"application-addressmanagement-display-component---detailAdm--addressDetailDetailsName1\")][contains(text(), \"WebdriverSiteov8hnl\")]"}
COMMAND: POST /session/aa9217cc2551115c0c456c59afd2b862/element - {"using":"xpath","value":"//span[contains(@id ,\"application-addressmanagement-display-component---detailAdm--addressDetailDetailsName1\")][contains(text(), \"WebdriverSiteov8hnl\")]"}
RESULT: {"using":"xpath","value":"//span[contains(@id ,\"application-addressmanagement-display-component---detailAdm--addressDetailDetailsName1\")][contains(text(), \"WebdriverSiteov8hnl\")]"}
COMMAND: POST /session/aa9217cc2551115c0c456c59afd2b862/element - {"using":"xpath","value":"//span[contains(@id ,\"application-addressmanagement-display-component---detailAdm--addressDetailDetailsName1\")][contains(text(), \"WebdriverSiteov8hnl\")]"}
RESULT: {"using":"xpath","value":"//span[contains(@id ,\"application-addressmanagement-display-component---detailAdm--addressDetailDetailsName1\")][contains(text(), \"WebdriverSiteov8hnl\")]"}
COMMAND: POST /session/aa9217cc2551115c0c456c59afd2b862/element - {"using":"xpath","value":"//span[contains(@id ,\"application-addressmanagement-display-component---detailAdm--addressDetailDetailsName1\")][contains(text(), \"WebdriverSiteov8hnl\")]"}
RESULT: {"using":"xpath","value":"//span[contains(@id ,\"application-addressmanagement-display-component---detailAdm--addressDetailDetailsName1\")][contains(text(), \"WebdriverSiteov8hnl\")]"}
COMMAND: POST /session/aa9217cc2551115c0c456c59afd2b862/element - {"using":"xpath","value":"//span[contains(@id ,\"application-addressmanagement-display-component---detailAdm--addressDetailDetailsName1\")][contains(text(), \"WebdriverSiteov8hnl\")]"}
RESULT: {"using":"xpath","value":"//span[contains(@id ,\"application-addressmanagement-display-component---detailAdm--addressDetailDetailsName1\")][contains(text(), \"WebdriverSiteov8hnl\")]"}
COMMAND: POST /session/aa9217cc2551115c0c456c59afd2b862/element - {"using":"xpath","value":"//span[contains(@id ,\"application-addressmanagement-display-component---detailAdm--addressDetailDetailsName1\")][contains(text(), \"WebdriverSiteov8hnl\")]"}
RESULT: {"using":"xpath","value":"//span[contains(@id ,\"application-addressmanagement-display-component---detailAdm--addressDetailDetailsName1\")][contains(text(), \"WebdriverSiteov8hnl\")]"}
COMMAND: POST /session/aa9217cc2551115c0c456c59afd2b862/element - {"using":"xpath","value":"//span[contains(@id ,\"application-addressmanagement-display-component---detailAdm--addressDetailDetailsName1\")][contains(text(), \"WebdriverSiteov8hnl\")]"}
RESULT: {"using":"xpath","value":"//span[contains(@id ,\"application-addressmanagement-display-component---detailAdm--addressDetailDetailsName1\")][contains(text(), \"WebdriverSiteov8hnl\")]"}
COMMAND: GET /session/aa9217cc2551115c0c456c59afd2b862/window/handles - {}
RESULT: {}
COMMAND: POST /session/aa9217cc2551115c0c456c59afd2b862/window - {"handle":"E3C25C3F24359A67AFACBCF4054BE031"}
RESULT: {"handle":"E3C25C3F24359A67AFACBCF4054BE031"}
COMMAND: GET /session/aa9217cc2551115c0c456c59afd2b862/url - {}
RESULT: {}
COMMAND: GET /session/aa9217cc2551115c0c456c59afd2b862/screenshot - {}
RESULT: {}
COMMAND: POST /session/aa9217cc2551115c0c456c59afd2b862/execute/sync - {"script":"<script> [8489 bytes]","args":[{"element-6066-11e4-a52e-4f735466cecf":"f.84437822EAE6B6F58A4F12097C194617.d.0E37FA35C5AC254CAE915E78BD076F6E.e.6689","ELEMENT":"f.84437822EAE6B6F58A4F12097C194617.d.0E37FA35C5AC254CAE915E78BD076F6E.e.6689"}]}
COMMAND: DELETE /session/aa9217cc2551115c0c456c59afd2b862/window - {}
RESULT: {}
COMMAND: POST /session/aa9217cc2551115c0c456c59afd2b862/window - {"handle":"84437822EAE6B6F58A4F12097C194617"}
RESULT: {"handle":"84437822EAE6B6F58A4F12097C194617"}
COMMAND: GET /session/aa9217cc2551115c0c456c59afd2b862/url - {}
RESULT: {"script":"<script> [8489 bytes]","args":[{"element-6066-11e4-a52e-4f735466cecf":"f.84437822EAE6B6F58A4F12097C194617.d.0E37FA35C5AC254CAE915E78BD076F6E.e.6689","ELEMENT":"f.84437822EAE6B6F58A4F12097C194617.d.0E37FA35C5AC254CAE915E78BD076F6E.e.6689"}]}
COMMAND: GET /session/aa9217cc2551115c0c456c59afd2b862/screenshot - {}
RESULT: {}
COMMAND: GET /session/aa9217cc2551115c0c456c59afd2b862/screenshot - {}
RESULT: {}
RESULT: {}
]]></system-out>
    </testcase>
    <testcase classname="chrome.136_0_7103_93.windows.Webshop_-_Hyperlinks_visible_and_working_properly__US139085" name="Should verify the contract and catalog item hyperlinks" time="93.595">
      <system-out><![CDATA[
COMMAND: POST /session/aa9217cc2551115c0c456c59afd2b862/element - {"using":"xpath","value":"//*[contains(@data-kt ,\"webshopDetailContractLink\")]"}
RESULT: {"using":"xpath","value":"//*[contains(@data-kt ,\"webshopDetailContractLink\")]"}
COMMAND: POST /session/aa9217cc2551115c0c456c59afd2b862/execute/sync - {"script":"<script> [8489 bytes]","args":[{"element-6066-11e4-a52e-4f735466cecf":"f.84437822EAE6B6F58A4F12097C194617.d.0E37FA35C5AC254CAE915E78BD076F6E.e.6940","ELEMENT":"f.84437822EAE6B6F58A4F12097C194617.d.0E37FA35C5AC254CAE915E78BD076F6E.e.6940"}]}
RESULT: {"script":"<script> [8489 bytes]","args":[{"element-6066-11e4-a52e-4f735466cecf":"f.84437822EAE6B6F58A4F12097C194617.d.0E37FA35C5AC254CAE915E78BD076F6E.e.6940","ELEMENT":"f.84437822EAE6B6F58A4F12097C194617.d.0E37FA35C5AC254CAE915E78BD076F6E.e.6940"}]}
COMMAND: POST /session/aa9217cc2551115c0c456c59afd2b862/execute/sync - {"script":"<script> [5351 bytes]","args":[{"element-6066-11e4-a52e-4f735466cecf":"f.84437822EAE6B6F58A4F12097C194617.d.0E37FA35C5AC254CAE915E78BD076F6E.e.6940","ELEMENT":"f.84437822EAE6B6F58A4F12097C194617.d.0E37FA35C5AC254CAE915E78BD076F6E.e.6940"}]}
COMMAND: GET /session/aa9217cc2551115c0c456c59afd2b862/screenshot - {}
RESULT: {"script":"<script> [5351 bytes]","args":[{"element-6066-11e4-a52e-4f735466cecf":"f.84437822EAE6B6F58A4F12097C194617.d.0E37FA35C5AC254CAE915E78BD076F6E.e.6940","ELEMENT":"f.84437822EAE6B6F58A4F12097C194617.d.0E37FA35C5AC254CAE915E78BD076F6E.e.6940"}]}
COMMAND: POST /session/aa9217cc2551115c0c456c59afd2b862/element - {"using":"xpath","value":"//*[contains(@data-kt ,\"webshopDetailContractLink\")]"}
COMMAND: GET /session/aa9217cc2551115c0c456c59afd2b862/screenshot - {}
RESULT: {}
RESULT: {"using":"xpath","value":"//*[contains(@data-kt ,\"webshopDetailContractLink\")]"}
COMMAND: POST /session/aa9217cc2551115c0c456c59afd2b862/element/f.84437822EAE6B6F58A4F12097C194617.d.0E37FA35C5AC254CAE915E78BD076F6E.e.6940/click - {}
RESULT: {}
RESULT: {}
COMMAND: GET /session/aa9217cc2551115c0c456c59afd2b862/screenshot - {}
RESULT: {}
COMMAND: POST /session/aa9217cc2551115c0c456c59afd2b862/element - {"using":"xpath","value":"//*[contains(@data-kt ,\"ContextMenuId2Link\")][contains(text(), \"Contract Overview\")]"}
RESULT: {"using":"xpath","value":"//*[contains(@data-kt ,\"ContextMenuId2Link\")][contains(text(), \"Contract Overview\")]"}
COMMAND: POST /session/aa9217cc2551115c0c456c59afd2b862/execute/sync - {"script":"<script> [8489 bytes]","args":[{"element-6066-11e4-a52e-4f735466cecf":"f.84437822EAE6B6F58A4F12097C194617.d.0E37FA35C5AC254CAE915E78BD076F6E.e.6942","ELEMENT":"f.84437822EAE6B6F58A4F12097C194617.d.0E37FA35C5AC254CAE915E78BD076F6E.e.6942"}]}
COMMAND: POST /session/aa9217cc2551115c0c456c59afd2b862/element - {"using":"xpath","value":"//*[contains(@data-kt ,\"ContextMenuId2Link\")][contains(text(), \"Contract Overview\")]"}
RESULT: {"using":"xpath","value":"//*[contains(@data-kt ,\"ContextMenuId2Link\")][contains(text(), \"Contract Overview\")]"}
COMMAND: POST /session/aa9217cc2551115c0c456c59afd2b862/element/f.84437822EAE6B6F58A4F12097C194617.d.0E37FA35C5AC254CAE915E78BD076F6E.e.6942/click - {}
RESULT: {"script":"<script> [8489 bytes]","args":[{"element-6066-11e4-a52e-4f735466cecf":"f.84437822EAE6B6F58A4F12097C194617.d.0E37FA35C5AC254CAE915E78BD076F6E.e.6942","ELEMENT":"f.84437822EAE6B6F58A4F12097C194617.d.0E37FA35C5AC254CAE915E78BD076F6E.e.6942"}]}
COMMAND: GET /session/aa9217cc2551115c0c456c59afd2b862/screenshot - {}
RESULT: {}
COMMAND: GET /session/aa9217cc2551115c0c456c59afd2b862/screenshot - {}
RESULT: {}
RESULT: {}
RESULT: undefined
COMMAND: POST /session/aa9217cc2551115c0c456c59afd2b862/execute/async - {"script":"<script> [6424 bytes]","args":[{"element-6066-11e4-a52e-4f735466cecf":"f.84437822EAE6B6F58A4F12097C194617.d.0E37FA35C5AC254CAE915E78BD076F6E.e.3271"},"getTitle",[]]}
COMMAND: POST /session/aa9217cc2551115c0c456c59afd2b862/execute/async - {"script":"<script> [1562 bytes]","args":[{"selector":{"id":"shellAppTitle"},"wdio_ui5_key":"shellAppTitle"}]}
RESULT: {"script":"<script> [1562 bytes]","args":[{"selector":{"id":"shellAppTitle"},"wdio_ui5_key":"shellAppTitle"}]}
COMMAND: POST /session/aa9217cc2551115c0c456c59afd2b862/execute/async - {"script":"<script> [6424 bytes]","args":[{"element-6066-11e4-a52e-4f735466cecf":"f.84437822EAE6B6F58A4F12097C194617.d.0E37FA35C5AC254CAE915E78BD076F6E.e.7176"},"getTitle",[]]}
RESULT: {"script":"<script> [6424 bytes]","args":[{"element-6066-11e4-a52e-4f735466cecf":"f.84437822EAE6B6F58A4F12097C194617.d.0E37FA35C5AC254CAE915E78BD076F6E.e.7176"},"getTitle",[]]}
COMMAND: POST /session/aa9217cc2551115c0c456c59afd2b862/element - {"using":"xpath","value":"//span[contains(@id ,\"contractDetailTitleNoExpanded\")][contains(text(), \"10389\")]"}
RESULT: {"using":"xpath","value":"//span[contains(@id ,\"contractDetailTitleNoExpanded\")][contains(text(), \"10389\")]"}
COMMAND: POST /session/aa9217cc2551115c0c456c59afd2b862/execute/sync - {"script":"<script> [8489 bytes]","args":[{"element-6066-11e4-a52e-4f735466cecf":"f.84437822EAE6B6F58A4F12097C194617.d.0E37FA35C5AC254CAE915E78BD076F6E.e.7177","ELEMENT":"f.84437822EAE6B6F58A4F12097C194617.d.0E37FA35C5AC254CAE915E78BD076F6E.e.7177"}]}
RESULT: undefined
COMMAND: POST /session/aa9217cc2551115c0c456c59afd2b862/element - {"using":"xpath","value":"//*[@id=\"backBtn\"]"}
RESULT: {"script":"<script> [8489 bytes]","args":[{"element-6066-11e4-a52e-4f735466cecf":"f.84437822EAE6B6F58A4F12097C194617.d.0E37FA35C5AC254CAE915E78BD076F6E.e.7177","ELEMENT":"f.84437822EAE6B6F58A4F12097C194617.d.0E37FA35C5AC254CAE915E78BD076F6E.e.7177"}]}
COMMAND: GET /session/aa9217cc2551115c0c456c59afd2b862/screenshot - {}
RESULT: {"using":"xpath","value":"//*[@id=\"backBtn\"]"}
COMMAND: POST /session/aa9217cc2551115c0c456c59afd2b862/element/f.84437822EAE6B6F58A4F12097C194617.d.0E37FA35C5AC254CAE915E78BD076F6E.e.3273/click - {}
RESULT: {}
RESULT: {}
COMMAND: GET /session/aa9217cc2551115c0c456c59afd2b862/screenshot - {}
RESULT: {}
COMMAND: POST /session/aa9217cc2551115c0c456c59afd2b862/execute/sync - {"script":"<script> [8489 bytes]","args":[{"element-6066-11e4-a52e-4f735466cecf":"f.84437822EAE6B6F58A4F12097C194617.d.0E37FA35C5AC254CAE915E78BD076F6E.e.6940","ELEMENT":"f.84437822EAE6B6F58A4F12097C194617.d.0E37FA35C5AC254CAE915E78BD076F6E.e.6940"}]}
COMMAND: POST /session/aa9217cc2551115c0c456c59afd2b862/element - {"using":"xpath","value":"//*[contains(@data-kt ,\"webshopDetailContractLink\")]"}
RESULT: {"using":"xpath","value":"//*[contains(@data-kt ,\"webshopDetailContractLink\")]"}
COMMAND: POST /session/aa9217cc2551115c0c456c59afd2b862/execute/sync - {"script":"<script> [8489 bytes]","args":[{"element-6066-11e4-a52e-4f735466cecf":"f.84437822EAE6B6F58A4F12097C194617.d.0E37FA35C5AC254CAE915E78BD076F6E.e.7341","ELEMENT":"f.84437822EAE6B6F58A4F12097C194617.d.0E37FA35C5AC254CAE915E78BD076F6E.e.7341"}]}
RESULT: {"script":"<script> [8489 bytes]","args":[{"element-6066-11e4-a52e-4f735466cecf":"f.84437822EAE6B6F58A4F12097C194617.d.0E37FA35C5AC254CAE915E78BD076F6E.e.7341","ELEMENT":"f.84437822EAE6B6F58A4F12097C194617.d.0E37FA35C5AC254CAE915E78BD076F6E.e.7341"}]}
COMMAND: POST /session/aa9217cc2551115c0c456c59afd2b862/execute/sync - {"script":"<script> [5351 bytes]","args":[{"element-6066-11e4-a52e-4f735466cecf":"f.84437822EAE6B6F58A4F12097C194617.d.0E37FA35C5AC254CAE915E78BD076F6E.e.7341","ELEMENT":"f.84437822EAE6B6F58A4F12097C194617.d.0E37FA35C5AC254CAE915E78BD076F6E.e.7341"}]}
COMMAND: GET /session/aa9217cc2551115c0c456c59afd2b862/screenshot - {}
RESULT: {"script":"<script> [5351 bytes]","args":[{"element-6066-11e4-a52e-4f735466cecf":"f.84437822EAE6B6F58A4F12097C194617.d.0E37FA35C5AC254CAE915E78BD076F6E.e.7341","ELEMENT":"f.84437822EAE6B6F58A4F12097C194617.d.0E37FA35C5AC254CAE915E78BD076F6E.e.7341"}]}
COMMAND: POST /session/aa9217cc2551115c0c456c59afd2b862/element - {"using":"xpath","value":"//*[contains(@data-kt ,\"webshopDetailContractLink\")]"}
COMMAND: GET /session/aa9217cc2551115c0c456c59afd2b862/screenshot - {}
RESULT: {}
RESULT: {"using":"xpath","value":"//*[contains(@data-kt ,\"webshopDetailContractLink\")]"}
COMMAND: POST /session/aa9217cc2551115c0c456c59afd2b862/element/f.84437822EAE6B6F58A4F12097C194617.d.0E37FA35C5AC254CAE915E78BD076F6E.e.7341/click - {}
RESULT: {}
RESULT: {}
COMMAND: GET /session/aa9217cc2551115c0c456c59afd2b862/screenshot - {}
RESULT: {}
COMMAND: POST /session/aa9217cc2551115c0c456c59afd2b862/element - {"using":"xpath","value":"//button[contains(@data-kt ,\"ContextMenuExternalId2Link\")]"}
RESULT: {"using":"xpath","value":"//button[contains(@data-kt ,\"ContextMenuExternalId2Link\")]"}
COMMAND: POST /session/aa9217cc2551115c0c456c59afd2b862/element/f.84437822EAE6B6F58A4F12097C194617.d.0E37FA35C5AC254CAE915E78BD076F6E.e.7343/click - {}
RESULT: {}
COMMAND: GET /session/aa9217cc2551115c0c456c59afd2b862/screenshot - {}
RESULT: {}
COMMAND: GET /session/aa9217cc2551115c0c456c59afd2b862/window/handles - {}
RESULT: {}
COMMAND: POST /session/aa9217cc2551115c0c456c59afd2b862/window - {"handle":"C2B7BE30AD99129A26FB463D31F3CA9A"}
RESULT: {"handle":"C2B7BE30AD99129A26FB463D31F3CA9A"}
COMMAND: GET /session/aa9217cc2551115c0c456c59afd2b862/url - {}
RESULT: {}
COMMAND: GET /session/aa9217cc2551115c0c456c59afd2b862/screenshot - {}
RESULT: {}
COMMAND: POST /session/aa9217cc2551115c0c456c59afd2b862/execute/sync - {"script":"<script> [8489 bytes]","args":[{"element-6066-11e4-a52e-4f735466cecf":"f.84437822EAE6B6F58A4F12097C194617.d.0E37FA35C5AC254CAE915E78BD076F6E.e.7177","ELEMENT":"f.84437822EAE6B6F58A4F12097C194617.d.0E37FA35C5AC254CAE915E78BD076F6E.e.7177"}]}
COMMAND: DELETE /session/aa9217cc2551115c0c456c59afd2b862/window - {}
RESULT: {}
COMMAND: POST /session/aa9217cc2551115c0c456c59afd2b862/window - {"handle":"84437822EAE6B6F58A4F12097C194617"}
RESULT: {"handle":"84437822EAE6B6F58A4F12097C194617"}
COMMAND: GET /session/aa9217cc2551115c0c456c59afd2b862/url - {}
COMMAND: POST /session/aa9217cc2551115c0c456c59afd2b862/element - {"using":"xpath","value":"//span[contains(@id ,\"contractDetailTitleNoExpanded\")][contains(text(), \"10389\")]"}
RESULT: {}
COMMAND: GET /session/aa9217cc2551115c0c456c59afd2b862/screenshot - {}
RESULT: {"using":"xpath","value":"//span[contains(@id ,\"contractDetailTitleNoExpanded\")][contains(text(), \"10389\")]"}
COMMAND: POST /session/aa9217cc2551115c0c456c59afd2b862/element - {"using":"xpath","value":"//span[contains(@id ,\"contractDetailTitleNoExpanded\")][contains(text(), \"10389\")]"}
RESULT: {}
RESULT: {"using":"xpath","value":"//span[contains(@id ,\"contractDetailTitleNoExpanded\")][contains(text(), \"10389\")]"}
COMMAND: POST /session/aa9217cc2551115c0c456c59afd2b862/element - {"using":"xpath","value":"//span[contains(@id ,\"contractDetailTitleNoExpanded\")][contains(text(), \"10389\")]"}
RESULT: {"using":"xpath","value":"//span[contains(@id ,\"contractDetailTitleNoExpanded\")][contains(text(), \"10389\")]"}
COMMAND: POST /session/aa9217cc2551115c0c456c59afd2b862/element - {"using":"xpath","value":"//span[contains(@id ,\"contractDetailTitleNoExpanded\")][contains(text(), \"10389\")]"}
RESULT: {"using":"xpath","value":"//span[contains(@id ,\"contractDetailTitleNoExpanded\")][contains(text(), \"10389\")]"}
COMMAND: POST /session/aa9217cc2551115c0c456c59afd2b862/element - {"using":"xpath","value":"//span[contains(@id ,\"contractDetailTitleNoExpanded\")][contains(text(), \"10389\")]"}
RESULT: {"using":"xpath","value":"//span[contains(@id ,\"contractDetailTitleNoExpanded\")][contains(text(), \"10389\")]"}
COMMAND: POST /session/aa9217cc2551115c0c456c59afd2b862/element - {"using":"xpath","value":"//span[contains(@id ,\"contractDetailTitleNoExpanded\")][contains(text(), \"10389\")]"}
RESULT: {"using":"xpath","value":"//span[contains(@id ,\"contractDetailTitleNoExpanded\")][contains(text(), \"10389\")]"}
COMMAND: POST /session/aa9217cc2551115c0c456c59afd2b862/element - {"using":"xpath","value":"//span[contains(@id ,\"contractDetailTitleNoExpanded\")][contains(text(), \"10389\")]"}
RESULT: {"using":"xpath","value":"//span[contains(@id ,\"contractDetailTitleNoExpanded\")][contains(text(), \"10389\")]"}
COMMAND: POST /session/aa9217cc2551115c0c456c59afd2b862/element - {"using":"xpath","value":"//span[contains(@id ,\"contractDetailTitleNoExpanded\")][contains(text(), \"10389\")]"}
RESULT: {"using":"xpath","value":"//span[contains(@id ,\"contractDetailTitleNoExpanded\")][contains(text(), \"10389\")]"}
COMMAND: POST /session/aa9217cc2551115c0c456c59afd2b862/element - {"using":"xpath","value":"//span[contains(@id ,\"contractDetailTitleNoExpanded\")][contains(text(), \"10389\")]"}
RESULT: {"using":"xpath","value":"//span[contains(@id ,\"contractDetailTitleNoExpanded\")][contains(text(), \"10389\")]"}
COMMAND: POST /session/aa9217cc2551115c0c456c59afd2b862/element - {"using":"xpath","value":"//span[contains(@id ,\"contractDetailTitleNoExpanded\")][contains(text(), \"10389\")]"}
RESULT: {"using":"xpath","value":"//span[contains(@id ,\"contractDetailTitleNoExpanded\")][contains(text(), \"10389\")]"}
COMMAND: POST /session/aa9217cc2551115c0c456c59afd2b862/element - {"using":"xpath","value":"//span[contains(@id ,\"contractDetailTitleNoExpanded\")][contains(text(), \"10389\")]"}
RESULT: {"using":"xpath","value":"//span[contains(@id ,\"contractDetailTitleNoExpanded\")][contains(text(), \"10389\")]"}
COMMAND: POST /session/aa9217cc2551115c0c456c59afd2b862/element - {"using":"xpath","value":"//*[contains(@data-kt ,\"webshopDetailCatalogItemLink\")]"}
RESULT: {"using":"xpath","value":"//*[contains(@data-kt ,\"webshopDetailCatalogItemLink\")]"}
COMMAND: POST /session/aa9217cc2551115c0c456c59afd2b862/execute/sync - {"script":"<script> [8489 bytes]","args":[{"element-6066-11e4-a52e-4f735466cecf":"f.84437822EAE6B6F58A4F12097C194617.d.0E37FA35C5AC254CAE915E78BD076F6E.e.7371","ELEMENT":"f.84437822EAE6B6F58A4F12097C194617.d.0E37FA35C5AC254CAE915E78BD076F6E.e.7371"}]}
RESULT: {"script":"<script> [8489 bytes]","args":[{"element-6066-11e4-a52e-4f735466cecf":"f.84437822EAE6B6F58A4F12097C194617.d.0E37FA35C5AC254CAE915E78BD076F6E.e.7371","ELEMENT":"f.84437822EAE6B6F58A4F12097C194617.d.0E37FA35C5AC254CAE915E78BD076F6E.e.7371"}]}
COMMAND: POST /session/aa9217cc2551115c0c456c59afd2b862/execute/sync - {"script":"<script> [5351 bytes]","args":[{"element-6066-11e4-a52e-4f735466cecf":"f.84437822EAE6B6F58A4F12097C194617.d.0E37FA35C5AC254CAE915E78BD076F6E.e.7371","ELEMENT":"f.84437822EAE6B6F58A4F12097C194617.d.0E37FA35C5AC254CAE915E78BD076F6E.e.7371"}]}
COMMAND: GET /session/aa9217cc2551115c0c456c59afd2b862/screenshot - {}
RESULT: {"script":"<script> [5351 bytes]","args":[{"element-6066-11e4-a52e-4f735466cecf":"f.84437822EAE6B6F58A4F12097C194617.d.0E37FA35C5AC254CAE915E78BD076F6E.e.7371","ELEMENT":"f.84437822EAE6B6F58A4F12097C194617.d.0E37FA35C5AC254CAE915E78BD076F6E.e.7371"}]}
COMMAND: POST /session/aa9217cc2551115c0c456c59afd2b862/element - {"using":"xpath","value":"//*[contains(@data-kt ,\"webshopDetailCatalogItemLink\")]"}
COMMAND: GET /session/aa9217cc2551115c0c456c59afd2b862/screenshot - {}
RESULT: {}
RESULT: {"using":"xpath","value":"//*[contains(@data-kt ,\"webshopDetailCatalogItemLink\")]"}
COMMAND: POST /session/aa9217cc2551115c0c456c59afd2b862/element/f.84437822EAE6B6F58A4F12097C194617.d.0E37FA35C5AC254CAE915E78BD076F6E.e.7371/click - {}
COMMAND: POST /session/aa9217cc2551115c0c456c59afd2b862/element - {"using":"xpath","value":"//span[contains(@id ,\"contractDetailTitleNoExpanded\")][contains(text(), \"10389\")]"}
RESULT: {}
RESULT: {}
COMMAND: GET /session/aa9217cc2551115c0c456c59afd2b862/screenshot - {}
RESULT: {"using":"xpath","value":"//span[contains(@id ,\"contractDetailTitleNoExpanded\")][contains(text(), \"10389\")]"}
RESULT: {}
COMMAND: POST /session/aa9217cc2551115c0c456c59afd2b862/element - {"using":"xpath","value":"//span[contains(@id ,\"contractDetailTitleNoExpanded\")][contains(text(), \"10389\")]"}
RESULT: {"using":"xpath","value":"//span[contains(@id ,\"contractDetailTitleNoExpanded\")][contains(text(), \"10389\")]"}
COMMAND: POST /session/aa9217cc2551115c0c456c59afd2b862/element - {"using":"xpath","value":"//span[contains(@id ,\"contractDetailTitleNoExpanded\")][contains(text(), \"10389\")]"}
RESULT: {"using":"xpath","value":"//span[contains(@id ,\"contractDetailTitleNoExpanded\")][contains(text(), \"10389\")]"}
COMMAND: POST /session/aa9217cc2551115c0c456c59afd2b862/element - {"using":"xpath","value":"//span[contains(@id ,\"contractDetailTitleNoExpanded\")][contains(text(), \"10389\")]"}
RESULT: {"using":"xpath","value":"//span[contains(@id ,\"contractDetailTitleNoExpanded\")][contains(text(), \"10389\")]"}
COMMAND: POST /session/aa9217cc2551115c0c456c59afd2b862/element - {"using":"xpath","value":"//span[contains(@id ,\"contractDetailTitleNoExpanded\")][contains(text(), \"10389\")]"}
RESULT: {"using":"xpath","value":"//span[contains(@id ,\"contractDetailTitleNoExpanded\")][contains(text(), \"10389\")]"}
COMMAND: POST /session/aa9217cc2551115c0c456c59afd2b862/element - {"using":"xpath","value":"//span[contains(@id ,\"contractDetailTitleNoExpanded\")][contains(text(), \"10389\")]"}
RESULT: {"using":"xpath","value":"//span[contains(@id ,\"contractDetailTitleNoExpanded\")][contains(text(), \"10389\")]"}
COMMAND: POST /session/aa9217cc2551115c0c456c59afd2b862/element - {"using":"xpath","value":"//span[contains(@id ,\"contractDetailTitleNoExpanded\")][contains(text(), \"10389\")]"}
RESULT: {"using":"xpath","value":"//span[contains(@id ,\"contractDetailTitleNoExpanded\")][contains(text(), \"10389\")]"}
COMMAND: POST /session/aa9217cc2551115c0c456c59afd2b862/element - {"using":"xpath","value":"//span[contains(@id ,\"contractDetailTitleNoExpanded\")][contains(text(), \"10389\")]"}
RESULT: {"using":"xpath","value":"//span[contains(@id ,\"contractDetailTitleNoExpanded\")][contains(text(), \"10389\")]"}
COMMAND: POST /session/aa9217cc2551115c0c456c59afd2b862/element - {"using":"xpath","value":"//span[contains(@id ,\"contractDetailTitleNoExpanded\")][contains(text(), \"10389\")]"}
RESULT: {"using":"xpath","value":"//span[contains(@id ,\"contractDetailTitleNoExpanded\")][contains(text(), \"10389\")]"}
COMMAND: POST /session/aa9217cc2551115c0c456c59afd2b862/element - {"using":"xpath","value":"//span[contains(@id ,\"contractDetailTitleNoExpanded\")][contains(text(), \"10389\")]"}
RESULT: {"using":"xpath","value":"//span[contains(@id ,\"contractDetailTitleNoExpanded\")][contains(text(), \"10389\")]"}
COMMAND: POST /session/aa9217cc2551115c0c456c59afd2b862/element - {"using":"xpath","value":"(//span[contains(text(), \"Dri-Prime CD150M Diesel Pump\")])[2]"}
RESULT: {"using":"xpath","value":"(//span[contains(text(), \"Dri-Prime CD150M Diesel Pump\")])[2]"}
COMMAND: POST /session/aa9217cc2551115c0c456c59afd2b862/execute/sync - {"script":"<script> [8489 bytes]","args":[{"element-6066-11e4-a52e-4f735466cecf":"f.84437822EAE6B6F58A4F12097C194617.d.0E37FA35C5AC254CAE915E78BD076F6E.e.7375","ELEMENT":"f.84437822EAE6B6F58A4F12097C194617.d.0E37FA35C5AC254CAE915E78BD076F6E.e.7375"}]}
COMMAND: POST /session/aa9217cc2551115c0c456c59afd2b862/element - {"using":"xpath","value":"(//span[contains(text(), \"Description\")])[1]"}
RESULT: {"script":"<script> [8489 bytes]","args":[{"element-6066-11e4-a52e-4f735466cecf":"f.84437822EAE6B6F58A4F12097C194617.d.0E37FA35C5AC254CAE915E78BD076F6E.e.7375","ELEMENT":"f.84437822EAE6B6F58A4F12097C194617.d.0E37FA35C5AC254CAE915E78BD076F6E.e.7375"}]}
COMMAND: GET /session/aa9217cc2551115c0c456c59afd2b862/screenshot - {}
RESULT: {"using":"xpath","value":"(//span[contains(text(), \"Description\")])[1]"}
COMMAND: GET /session/aa9217cc2551115c0c456c59afd2b862/element/f.84437822EAE6B6F58A4F12097C194617.d.0E37FA35C5AC254CAE915E78BD076F6E.e.7376/rect - {}
COMMAND: POST /session/aa9217cc2551115c0c456c59afd2b862/element - {"using":"xpath","value":"//span[contains(@id ,\"contractDetailTitleNoExpanded\")][contains(text(), \"10389\")]"}
RESULT: {}
RESULT: {}
COMMAND: GET /session/aa9217cc2551115c0c456c59afd2b862/window/rect - {}
RESULT: {"using":"xpath","value":"//span[contains(@id ,\"contractDetailTitleNoExpanded\")][contains(text(), \"10389\")]"}
RESULT: {}
COMMAND: POST /session/aa9217cc2551115c0c456c59afd2b862/execute/sync - {"script":"<script> [92 bytes]","args":[]}
RESULT: {"script":"<script> [92 bytes]","args":[]}
COMMAND: POST /session/aa9217cc2551115c0c456c59afd2b862/actions - {"actions":[{"id":"action10","type":"wheel","parameters":{},"actions":[{"type":"scroll","x":-1833,"y":-23,"deltaX":0,"deltaY":0,"duration":0,"origin":{"element-6066-11e4-a52e-4f735466cecf":"f.84437822EAE6B6F58A4F12097C194617.d.0E37FA35C5AC254CAE915E78BD076F6E.e.7376"}}]}]}
COMMAND: GET /session/aa9217cc2551115c0c456c59afd2b862/screenshot - {}
RESULT: {}
COMMAND: POST /session/aa9217cc2551115c0c456c59afd2b862/execute/sync - {"script":"<script> [79 bytes]","args":[{"element-6066-11e4-a52e-4f735466cecf":"f.84437822EAE6B6F58A4F12097C194617.d.0E37FA35C5AC254CAE915E78BD076F6E.e.7376","ELEMENT":"f.84437822EAE6B6F58A4F12097C194617.d.0E37FA35C5AC254CAE915E78BD076F6E.e.7376"},{"block":"start","inline":"nearest"}]}
RESULT: {"script":"<script> [79 bytes]","args":[{"element-6066-11e4-a52e-4f735466cecf":"f.84437822EAE6B6F58A4F12097C194617.d.0E37FA35C5AC254CAE915E78BD076F6E.e.7376","ELEMENT":"f.84437822EAE6B6F58A4F12097C194617.d.0E37FA35C5AC254CAE915E78BD076F6E.e.7376"},{"block":"start","inline":"nearest"}]}
COMMAND: GET /session/aa9217cc2551115c0c456c59afd2b862/screenshot - {}
COMMAND: POST /session/aa9217cc2551115c0c456c59afd2b862/element - {"using":"xpath","value":"//span[contains(@id ,\"contractDetailTitleNoExpanded\")][contains(text(), \"10389\")]"}
RESULT: {}
RESULT: {"using":"xpath","value":"//span[contains(@id ,\"contractDetailTitleNoExpanded\")][contains(text(), \"10389\")]"}
COMMAND: POST /session/aa9217cc2551115c0c456c59afd2b862/element - {"using":"xpath","value":"//span[contains(@id ,\"contractDetailTitleNoExpanded\")][contains(text(), \"10389\")]"}
RESULT: {"using":"xpath","value":"//span[contains(@id ,\"contractDetailTitleNoExpanded\")][contains(text(), \"10389\")]"}
COMMAND: POST /session/aa9217cc2551115c0c456c59afd2b862/element - {"using":"xpath","value":"//span[contains(@id ,\"contractDetailTitleNoExpanded\")][contains(text(), \"10389\")]"}
RESULT: {"using":"xpath","value":"//span[contains(@id ,\"contractDetailTitleNoExpanded\")][contains(text(), \"10389\")]"}
COMMAND: POST /session/aa9217cc2551115c0c456c59afd2b862/element - {"using":"xpath","value":"//span[contains(@id ,\"contractDetailTitleNoExpanded\")][contains(text(), \"10389\")]"}
RESULT: {"using":"xpath","value":"//span[contains(@id ,\"contractDetailTitleNoExpanded\")][contains(text(), \"10389\")]"}
COMMAND: POST /session/aa9217cc2551115c0c456c59afd2b862/element - {"using":"xpath","value":"//span[contains(@id ,\"contractDetailTitleNoExpanded\")][contains(text(), \"10389\")]"}
RESULT: {"using":"xpath","value":"//span[contains(@id ,\"contractDetailTitleNoExpanded\")][contains(text(), \"10389\")]"}
COMMAND: POST /session/aa9217cc2551115c0c456c59afd2b862/element - {"using":"xpath","value":"//span[contains(@id ,\"contractDetailTitleNoExpanded\")][contains(text(), \"10389\")]"}
RESULT: {"using":"xpath","value":"//span[contains(@id ,\"contractDetailTitleNoExpanded\")][contains(text(), \"10389\")]"}
COMMAND: POST /session/aa9217cc2551115c0c456c59afd2b862/element - {"using":"xpath","value":"(//textarea[@rows=\"15\"])[1]"}
RESULT: {"using":"xpath","value":"(//textarea[@rows=\"15\"])[1]"}
COMMAND: POST /session/aa9217cc2551115c0c456c59afd2b862/execute/sync - {"script":"<script> [8489 bytes]","args":[{"element-6066-11e4-a52e-4f735466cecf":"f.84437822EAE6B6F58A4F12097C194617.d.0E37FA35C5AC254CAE915E78BD076F6E.e.7374","ELEMENT":"f.84437822EAE6B6F58A4F12097C194617.d.0E37FA35C5AC254CAE915E78BD076F6E.e.7374"}]}
RESULT: {"script":"<script> [8489 bytes]","args":[{"element-6066-11e4-a52e-4f735466cecf":"f.84437822EAE6B6F58A4F12097C194617.d.0E37FA35C5AC254CAE915E78BD076F6E.e.7374","ELEMENT":"f.84437822EAE6B6F58A4F12097C194617.d.0E37FA35C5AC254CAE915E78BD076F6E.e.7374"}]}
COMMAND: GET /session/aa9217cc2551115c0c456c59afd2b862/screenshot - {}
COMMAND: POST /session/aa9217cc2551115c0c456c59afd2b862/element - {"using":"xpath","value":"//span[contains(@id ,\"contractDetailTitleNoExpanded\")][contains(text(), \"10389\")]"}
RESULT: {}
RESULT: {"using":"xpath","value":"//span[contains(@id ,\"contractDetailTitleNoExpanded\")][contains(text(), \"10389\")]"}
COMMAND: POST /session/aa9217cc2551115c0c456c59afd2b862/element - {"using":"xpath","value":"//span[contains(@id ,\"contractDetailTitleNoExpanded\")][contains(text(), \"10389\")]"}
RESULT: {"using":"xpath","value":"//span[contains(@id ,\"contractDetailTitleNoExpanded\")][contains(text(), \"10389\")]"}
COMMAND: POST /session/aa9217cc2551115c0c456c59afd2b862/element - {"using":"xpath","value":"//span[contains(@id ,\"contractDetailTitleNoExpanded\")][contains(text(), \"10389\")]"}
RESULT: {"using":"xpath","value":"//span[contains(@id ,\"contractDetailTitleNoExpanded\")][contains(text(), \"10389\")]"}
COMMAND: POST /session/aa9217cc2551115c0c456c59afd2b862/element - {"using":"xpath","value":"//span[contains(@id ,\"contractDetailTitleNoExpanded\")][contains(text(), \"10389\")]"}
RESULT: {"using":"xpath","value":"//span[contains(@id ,\"contractDetailTitleNoExpanded\")][contains(text(), \"10389\")]"}
COMMAND: POST /session/aa9217cc2551115c0c456c59afd2b862/element - {"using":"xpath","value":"//span[contains(@id ,\"contractDetailTitleNoExpanded\")][contains(text(), \"10389\")]"}
RESULT: {"using":"xpath","value":"//span[contains(@id ,\"contractDetailTitleNoExpanded\")][contains(text(), \"10389\")]"}
COMMAND: POST /session/aa9217cc2551115c0c456c59afd2b862/element - {"using":"xpath","value":"//span[contains(@id ,\"contractDetailTitleNoExpanded\")][contains(text(), \"10389\")]"}
RESULT: {"using":"xpath","value":"//span[contains(@id ,\"contractDetailTitleNoExpanded\")][contains(text(), \"10389\")]"}
COMMAND: POST /session/aa9217cc2551115c0c456c59afd2b862/element - {"using":"xpath","value":"//span[contains(@id ,\"contractDetailTitleNoExpanded\")][contains(text(), \"10389\")]"}
RESULT: {"using":"xpath","value":"//span[contains(@id ,\"contractDetailTitleNoExpanded\")][contains(text(), \"10389\")]"}
COMMAND: POST /session/aa9217cc2551115c0c456c59afd2b862/element - {"using":"xpath","value":"//span[contains(@id ,\"contractDetailTitleNoExpanded\")][contains(text(), \"10389\")]"}
RESULT: {"using":"xpath","value":"//span[contains(@id ,\"contractDetailTitleNoExpanded\")][contains(text(), \"10389\")]"}
COMMAND: POST /session/aa9217cc2551115c0c456c59afd2b862/element - {"using":"xpath","value":"//span[contains(@id ,\"contractDetailTitleNoExpanded\")][contains(text(), \"10389\")]"}
RESULT: {"using":"xpath","value":"//span[contains(@id ,\"contractDetailTitleNoExpanded\")][contains(text(), \"10389\")]"}
COMMAND: POST /session/aa9217cc2551115c0c456c59afd2b862/element - {"using":"xpath","value":"//span[contains(@id ,\"contractDetailTitleNoExpanded\")][contains(text(), \"10389\")]"}
RESULT: {"using":"xpath","value":"//span[contains(@id ,\"contractDetailTitleNoExpanded\")][contains(text(), \"10389\")]"}
COMMAND: POST /session/aa9217cc2551115c0c456c59afd2b862/execute/async - {"script":"<script> [1562 bytes]","args":[{"selector":{"controlType":"sap.tnt.NavigationListItem","viewName":"etm.portal.ui.webshop.view.RequestDetail","i18NText":{"propertyName":"text","key":"exit"},"interaction":{"idSuffix":"a"}},"wdio_ui5_key":"etmportal.ui.webshop.view.RequestDetailsap.tnt.NavigationListItem{\"propertyName\":\"text\",\"key\":\"exit\"}"}]}
COMMAND: POST /session/aa9217cc2551115c0c456c59afd2b862/element - {"using":"xpath","value":"//span[contains(@id ,\"contractDetailTitleNoExpanded\")][contains(text(), \"10389\")]"}
RESULT: {"script":"<script> [1562 bytes]","args":[{"selector":{"controlType":"sap.tnt.NavigationListItem","viewName":"etm.portal.ui.webshop.view.RequestDetail","i18NText":{"propertyName":"text","key":"exit"},"interaction":{"idSuffix":"a"}},"wdio_ui5_key":"etmportal.ui.webshop.view.RequestDetailsap.tnt.NavigationListItem{\"propertyName\":\"text\",\"key\":\"exit\"}"}]}
RESULT: undefined
COMMAND: POST /session/aa9217cc2551115c0c456c59afd2b862/element - {"using":"xpath","value":"//*[@id=\"__item3526\"]"}
RESULT: {"using":"xpath","value":"//span[contains(@id ,\"contractDetailTitleNoExpanded\")][contains(text(), \"10389\")]"}
RESULT: {"using":"xpath","value":"//*[@id=\"__item3526\"]"}
COMMAND: POST /session/aa9217cc2551115c0c456c59afd2b862/element/f.84437822EAE6B6F58A4F12097C194617.d.0E37FA35C5AC254CAE915E78BD076F6E.e.7382/click - {}
RESULT: {}
COMMAND: GET /session/aa9217cc2551115c0c456c59afd2b862/screenshot - {}
COMMAND: POST /session/aa9217cc2551115c0c456c59afd2b862/element - {"using":"xpath","value":"//span[contains(@id ,\"contractDetailTitleNoExpanded\")][contains(text(), \"10389\")]"}
RESULT: {}
RESULT: {"using":"xpath","value":"//span[contains(@id ,\"contractDetailTitleNoExpanded\")][contains(text(), \"10389\")]"}
COMMAND: POST /session/aa9217cc2551115c0c456c59afd2b862/element - {"using":"xpath","value":"//span[contains(@id ,\"contractDetailTitleNoExpanded\")][contains(text(), \"10389\")]"}
RESULT: {"using":"xpath","value":"//span[contains(@id ,\"contractDetailTitleNoExpanded\")][contains(text(), \"10389\")]"}
COMMAND: POST /session/aa9217cc2551115c0c456c59afd2b862/element - {"using":"xpath","value":"//span[contains(@id ,\"contractDetailTitleNoExpanded\")][contains(text(), \"10389\")]"}
RESULT: {"using":"xpath","value":"//span[contains(@id ,\"contractDetailTitleNoExpanded\")][contains(text(), \"10389\")]"}
COMMAND: POST /session/aa9217cc2551115c0c456c59afd2b862/element - {"using":"xpath","value":"//span[contains(@id ,\"contractDetailTitleNoExpanded\")][contains(text(), \"10389\")]"}
RESULT: {"using":"xpath","value":"//span[contains(@id ,\"contractDetailTitleNoExpanded\")][contains(text(), \"10389\")]"}
COMMAND: POST /session/aa9217cc2551115c0c456c59afd2b862/element - {"using":"xpath","value":"//span[contains(@id ,\"contractDetailTitleNoExpanded\")][contains(text(), \"10389\")]"}
RESULT: {"using":"xpath","value":"//span[contains(@id ,\"contractDetailTitleNoExpanded\")][contains(text(), \"10389\")]"}
COMMAND: POST /session/aa9217cc2551115c0c456c59afd2b862/element - {"using":"xpath","value":"//span[contains(@id ,\"contractDetailTitleNoExpanded\")][contains(text(), \"10389\")]"}
RESULT: {"using":"xpath","value":"//span[contains(@id ,\"contractDetailTitleNoExpanded\")][contains(text(), \"10389\")]"}
COMMAND: POST /session/aa9217cc2551115c0c456c59afd2b862/element - {"using":"xpath","value":"//span[contains(@id ,\"contractDetailTitleNoExpanded\")][contains(text(), \"10389\")]"}
RESULT: {"using":"xpath","value":"//span[contains(@id ,\"contractDetailTitleNoExpanded\")][contains(text(), \"10389\")]"}
COMMAND: POST /session/aa9217cc2551115c0c456c59afd2b862/element - {"using":"css selector","value":"#shell-header-logo"}
RESULT: {"using":"css selector","value":"#shell-header-logo"}
COMMAND: POST /session/aa9217cc2551115c0c456c59afd2b862/element/f.84437822EAE6B6F58A4F12097C194617.d.0E37FA35C5AC254CAE915E78BD076F6E.e.3273/click - {}
RESULT: {}
COMMAND: GET /session/aa9217cc2551115c0c456c59afd2b862/screenshot - {}
RESULT: {}
COMMAND: POST /session/aa9217cc2551115c0c456c59afd2b862/element - {"using":"xpath","value":"//span[contains(@id ,\"contractDetailTitleNoExpanded\")][contains(text(), \"10389\")]"}
RESULT: {"using":"xpath","value":"//span[contains(@id ,\"contractDetailTitleNoExpanded\")][contains(text(), \"10389\")]"}
COMMAND: POST /session/aa9217cc2551115c0c456c59afd2b862/element - {"using":"xpath","value":"//span[contains(@id ,\"contractDetailTitleNoExpanded\")][contains(text(), \"10389\")]"}
RESULT: {"using":"xpath","value":"//span[contains(@id ,\"contractDetailTitleNoExpanded\")][contains(text(), \"10389\")]"}
COMMAND: POST /session/aa9217cc2551115c0c456c59afd2b862/element - {"using":"xpath","value":"//span[contains(@id ,\"contractDetailTitleNoExpanded\")][contains(text(), \"10389\")]"}
RESULT: {"using":"xpath","value":"//span[contains(@id ,\"contractDetailTitleNoExpanded\")][contains(text(), \"10389\")]"}
COMMAND: POST /session/aa9217cc2551115c0c456c59afd2b862/element - {"using":"xpath","value":"//span[contains(@id ,\"contractDetailTitleNoExpanded\")][contains(text(), \"10389\")]"}
RESULT: {"using":"xpath","value":"//span[contains(@id ,\"contractDetailTitleNoExpanded\")][contains(text(), \"10389\")]"}
COMMAND: POST /session/aa9217cc2551115c0c456c59afd2b862/element - {"using":"xpath","value":"//span[contains(@id ,\"contractDetailTitleNoExpanded\")][contains(text(), \"10389\")]"}
RESULT: {"using":"xpath","value":"//span[contains(@id ,\"contractDetailTitleNoExpanded\")][contains(text(), \"10389\")]"}
COMMAND: POST /session/aa9217cc2551115c0c456c59afd2b862/element - {"using":"xpath","value":"//span[contains(@id ,\"contractDetailTitleNoExpanded\")][contains(text(), \"10389\")]"}
RESULT: {"using":"xpath","value":"//span[contains(@id ,\"contractDetailTitleNoExpanded\")][contains(text(), \"10389\")]"}
]]></system-out>
    </testcase>
  </testsuite>
  <testsuite timestamp="2025-05-19T16:32:40" time="69.333" tests="1" failures="0" errors="0" skipped="0">
    <properties>
      <property name="specId" value="0" />
      <property name="suiteName" value="Add items into the basket without creating a request US151315" />
      <property name="capabilities" value="chrome.136_0_7103_93.windows" />
      <property name="file" value="file:///D:/a/1/s/test/specs/R2C/add-items-into-basket-wo-creating-a-request.spec.js" />
    </properties>
    <testcase classname="chrome.136_0_7103_93.windows.Add_items_into_the_basket_without_creating_a_request_US151315" name="Should verify if a catalog item can be added without creating a request" time="66.125">
      <system-out><![CDATA[
RESULT: undefined
COMMAND: POST /session/aa9217cc2551115c0c456c59afd2b862/element - {"using":"xpath","value":"//*[@id=\"__tile49\"]"}
RESULT: {"using":"xpath","value":"//*[@id=\"__tile49\"]"}
COMMAND: POST /session/aa9217cc2551115c0c456c59afd2b862/element/f.84437822EAE6B6F58A4F12097C194617.d.0E37FA35C5AC254CAE915E78BD076F6E.e.3006/click - {}
COMMAND: POST /session/aa9217cc2551115c0c456c59afd2b862/element - {"using":"xpath","value":"//span[contains(@id ,\"contractDetailTitleNoExpanded\")][contains(text(), \"10389\")]"}
RESULT: {}
COMMAND: GET /session/aa9217cc2551115c0c456c59afd2b862/screenshot - {}
RESULT: {"using":"xpath","value":"//span[contains(@id ,\"contractDetailTitleNoExpanded\")][contains(text(), \"10389\")]"}
RESULT: {}
COMMAND: POST /session/aa9217cc2551115c0c456c59afd2b862/element - {"using":"xpath","value":"//span[contains(@id ,\"contractDetailTitleNoExpanded\")][contains(text(), \"10389\")]"}
COMMAND: POST /session/aa9217cc2551115c0c456c59afd2b862/elements - {"using":"xpath","value":"//span[text()='Error']"}
RESULT: {"using":"xpath","value":"//span[contains(@id ,\"contractDetailTitleNoExpanded\")][contains(text(), \"10389\")]"}
RESULT: {"using":"xpath","value":"//span[text()='Error']"}
COMMAND: POST /session/aa9217cc2551115c0c456c59afd2b862/element - {"using":"xpath","value":"//span[contains(@id ,\"contractDetailTitleNoExpanded\")][contains(text(), \"10389\")]"}
RESULT: {"using":"xpath","value":"//span[contains(@id ,\"contractDetailTitleNoExpanded\")][contains(text(), \"10389\")]"}
COMMAND: POST /session/aa9217cc2551115c0c456c59afd2b862/element - {"using":"xpath","value":"//span[contains(@id ,\"contractDetailTitleNoExpanded\")][contains(text(), \"10389\")]"}
RESULT: {"using":"xpath","value":"//span[contains(@id ,\"contractDetailTitleNoExpanded\")][contains(text(), \"10389\")]"}
COMMAND: POST /session/aa9217cc2551115c0c456c59afd2b862/element - {"using":"xpath","value":"//span[contains(@id ,\"contractDetailTitleNoExpanded\")][contains(text(), \"10389\")]"}
RESULT: {"using":"xpath","value":"//span[contains(@id ,\"contractDetailTitleNoExpanded\")][contains(text(), \"10389\")]"}
COMMAND: POST /session/aa9217cc2551115c0c456c59afd2b862/element - {"using":"xpath","value":"//span[contains(@id ,\"contractDetailTitleNoExpanded\")][contains(text(), \"10389\")]"}
RESULT: {"using":"xpath","value":"//span[contains(@id ,\"contractDetailTitleNoExpanded\")][contains(text(), \"10389\")]"}
COMMAND: POST /session/aa9217cc2551115c0c456c59afd2b862/element - {"using":"xpath","value":"//span[contains(@id ,\"contractDetailTitleNoExpanded\")][contains(text(), \"10389\")]"}
RESULT: {"using":"xpath","value":"//span[contains(@id ,\"contractDetailTitleNoExpanded\")][contains(text(), \"10389\")]"}
COMMAND: POST /session/aa9217cc2551115c0c456c59afd2b862/element - {"using":"xpath","value":"//span[contains(@id ,\"contractDetailTitleNoExpanded\")][contains(text(), \"10389\")]"}
RESULT: {"using":"xpath","value":"//span[contains(@id ,\"contractDetailTitleNoExpanded\")][contains(text(), \"10389\")]"}
COMMAND: POST /session/aa9217cc2551115c0c456c59afd2b862/element - {"using":"xpath","value":"//span[contains(@id ,\"contractDetailTitleNoExpanded\")][contains(text(), \"10389\")]"}
RESULT: {"using":"xpath","value":"//span[contains(@id ,\"contractDetailTitleNoExpanded\")][contains(text(), \"10389\")]"}
COMMAND: POST /session/aa9217cc2551115c0c456c59afd2b862/element - {"using":"xpath","value":"//span[contains(@id ,\"contractDetailTitleNoExpanded\")][contains(text(), \"10389\")]"}
RESULT: {"using":"xpath","value":"//span[contains(@id ,\"contractDetailTitleNoExpanded\")][contains(text(), \"10389\")]"}
COMMAND: POST /session/aa9217cc2551115c0c456c59afd2b862/element - {"using":"xpath","value":"//span[contains(@id ,\"contractDetailTitleNoExpanded\")][contains(text(), \"10389\")]"}
RESULT: {"using":"xpath","value":"//span[contains(@id ,\"contractDetailTitleNoExpanded\")][contains(text(), \"10389\")]"}
COMMAND: POST /session/aa9217cc2551115c0c456c59afd2b862/element - {"using":"xpath","value":"//span[contains(@id ,\"contractDetailTitleNoExpanded\")][contains(text(), \"10389\")]"}
RESULT: {"using":"xpath","value":"//span[contains(@id ,\"contractDetailTitleNoExpanded\")][contains(text(), \"10389\")]"}
COMMAND: POST /session/aa9217cc2551115c0c456c59afd2b862/element - {"using":"xpath","value":"//span[contains(@id ,\"contractDetailTitleNoExpanded\")][contains(text(), \"10389\")]"}
RESULT: {"using":"xpath","value":"//span[contains(@id ,\"contractDetailTitleNoExpanded\")][contains(text(), \"10389\")]"}
COMMAND: POST /session/aa9217cc2551115c0c456c59afd2b862/element - {"using":"xpath","value":"//span[contains(@id ,\"contractDetailTitleNoExpanded\")][contains(text(), \"10389\")]"}
RESULT: {"using":"xpath","value":"//span[contains(@id ,\"contractDetailTitleNoExpanded\")][contains(text(), \"10389\")]"}
COMMAND: POST /session/aa9217cc2551115c0c456c59afd2b862/element - {"using":"xpath","value":"//span[contains(@id ,\"contractDetailTitleNoExpanded\")][contains(text(), \"10389\")]"}
RESULT: {"using":"xpath","value":"//span[contains(@id ,\"contractDetailTitleNoExpanded\")][contains(text(), \"10389\")]"}
COMMAND: POST /session/aa9217cc2551115c0c456c59afd2b862/element - {"using":"xpath","value":"//span[contains(@id ,\"contractDetailTitleNoExpanded\")][contains(text(), \"10389\")]"}
RESULT: {"using":"xpath","value":"//span[contains(@id ,\"contractDetailTitleNoExpanded\")][contains(text(), \"10389\")]"}
COMMAND: POST /session/aa9217cc2551115c0c456c59afd2b862/element - {"using":"xpath","value":"//span[contains(@id ,\"contractDetailTitleNoExpanded\")][contains(text(), \"10389\")]"}
RESULT: {"using":"xpath","value":"//span[contains(@id ,\"contractDetailTitleNoExpanded\")][contains(text(), \"10389\")]"}
COMMAND: POST /session/aa9217cc2551115c0c456c59afd2b862/element - {"using":"xpath","value":"//span[contains(@id ,\"contractDetailTitleNoExpanded\")][contains(text(), \"10389\")]"}
RESULT: {"using":"xpath","value":"//span[contains(@id ,\"contractDetailTitleNoExpanded\")][contains(text(), \"10389\")]"}
COMMAND: POST /session/aa9217cc2551115c0c456c59afd2b862/element - {"using":"xpath","value":"//span[contains(@id ,\"contractDetailTitleNoExpanded\")][contains(text(), \"10389\")]"}
RESULT: {"using":"xpath","value":"//span[contains(@id ,\"contractDetailTitleNoExpanded\")][contains(text(), \"10389\")]"}
COMMAND: POST /session/aa9217cc2551115c0c456c59afd2b862/element - {"using":"xpath","value":"//span[contains(@id ,\"contractDetailTitleNoExpanded\")][contains(text(), \"10389\")]"}
RESULT: {"using":"xpath","value":"//span[contains(@id ,\"contractDetailTitleNoExpanded\")][contains(text(), \"10389\")]"}
COMMAND: POST /session/aa9217cc2551115c0c456c59afd2b862/element - {"using":"xpath","value":"//span[contains(@id ,\"contractDetailTitleNoExpanded\")][contains(text(), \"10389\")]"}
RESULT: {"using":"xpath","value":"//span[contains(@id ,\"contractDetailTitleNoExpanded\")][contains(text(), \"10389\")]"}
COMMAND: POST /session/aa9217cc2551115c0c456c59afd2b862/element - {"using":"xpath","value":"//span[contains(@id ,\"contractDetailTitleNoExpanded\")][contains(text(), \"10389\")]"}
RESULT: {"using":"xpath","value":"//span[contains(@id ,\"contractDetailTitleNoExpanded\")][contains(text(), \"10389\")]"}
COMMAND: POST /session/aa9217cc2551115c0c456c59afd2b862/element - {"using":"css selector","value":"#requestCreationDialog--createRequestPopUp-title-inner"}
RESULT: {"using":"css selector","value":"#requestCreationDialog--createRequestPopUp-title-inner"}
COMMAND: POST /session/aa9217cc2551115c0c456c59afd2b862/execute/sync - {"script":"<script> [8489 bytes]","args":[{"element-6066-11e4-a52e-4f735466cecf":"f.84437822EAE6B6F58A4F12097C194617.d.0E37FA35C5AC254CAE915E78BD076F6E.e.7435","ELEMENT":"f.84437822EAE6B6F58A4F12097C194617.d.0E37FA35C5AC254CAE915E78BD076F6E.e.7435"}]}
RESULT: {"script":"<script> [8489 bytes]","args":[{"element-6066-11e4-a52e-4f735466cecf":"f.84437822EAE6B6F58A4F12097C194617.d.0E37FA35C5AC254CAE915E78BD076F6E.e.7435","ELEMENT":"f.84437822EAE6B6F58A4F12097C194617.d.0E37FA35C5AC254CAE915E78BD076F6E.e.7435"}]}
COMMAND: GET /session/aa9217cc2551115c0c456c59afd2b862/element/f.84437822EAE6B6F58A4F12097C194617.d.0E37FA35C5AC254CAE915E78BD076F6E.e.7435/enabled - {}
COMMAND: GET /session/aa9217cc2551115c0c456c59afd2b862/screenshot - {}
RESULT: {}
COMMAND: POST /session/aa9217cc2551115c0c456c59afd2b862/element - {"using":"xpath","value":"//span[contains(@id ,\"requestCreationDialog--cancelButton-content\")]"}
COMMAND: GET /session/aa9217cc2551115c0c456c59afd2b862/screenshot - {}
RESULT: {}
RESULT: {"using":"xpath","value":"//span[contains(@id ,\"requestCreationDialog--cancelButton-content\")]"}
COMMAND: POST /session/aa9217cc2551115c0c456c59afd2b862/element/f.84437822EAE6B6F58A4F12097C194617.d.0E37FA35C5AC254CAE915E78BD076F6E.e.7436/click - {}
RESULT: {}
RESULT: {}
COMMAND: GET /session/aa9217cc2551115c0c456c59afd2b862/screenshot - {}
RESULT: {}
COMMAND: POST /session/aa9217cc2551115c0c456c59afd2b862/element - {"using":"xpath","value":"//input[contains(@id ,\"searchFiledId-I\")]"}
RESULT: {"using":"xpath","value":"//input[contains(@id ,\"searchFiledId-I\")]"}
COMMAND: POST /session/aa9217cc2551115c0c456c59afd2b862/element/f.84437822EAE6B6F58A4F12097C194617.d.0E37FA35C5AC254CAE915E78BD076F6E.e.7385/value - {"text":"Dri-Prime CD150M Diesel Pump"}
RESULT: {"text":"Dri-Prime CD150M Diesel Pump"}
COMMAND: POST /session/aa9217cc2551115c0c456c59afd2b862/actions - {"actions":[{"id":"action11","type":"key","parameters":{},"actions":[{"type":"keyDown","value":"î€‡"},{"type":"pause","duration":10},{"type":"keyUp","value":"î€‡"}]}]}
COMMAND: GET /session/aa9217cc2551115c0c456c59afd2b862/screenshot - {}
RESULT: {"actions":[{"id":"action11","type":"key","parameters":{},"actions":[{"type":"keyDown","value":"î€‡"},{"type":"pause","duration":10},{"type":"keyUp","value":"î€‡"}]}]}
COMMAND: GET /session/aa9217cc2551115c0c456c59afd2b862/screenshot - {}
RESULT: {}
RESULT: {}
COMMAND: POST /session/aa9217cc2551115c0c456c59afd2b862/element - {"using":"xpath","value":"//span[contains(@id ,\"subTitle\")][contains(text(), \"Dri-Prime CD150M Diesel Pump\")]"}
RESULT: {"using":"xpath","value":"//span[contains(@id ,\"subTitle\")][contains(text(), \"Dri-Prime CD150M Diesel Pump\")]"}
COMMAND: POST /session/aa9217cc2551115c0c456c59afd2b862/element/f.84437822EAE6B6F58A4F12097C194617.d.0E37FA35C5AC254CAE915E78BD076F6E.e.7443/click - {}
RESULT: {}
COMMAND: GET /session/aa9217cc2551115c0c456c59afd2b862/screenshot - {}
RESULT: {}
COMMAND: POST /session/aa9217cc2551115c0c456c59afd2b862/element - {"using":"xpath","value":"//bdi[contains(text(), \"Add to Request\")]"}
RESULT: {"using":"xpath","value":"//bdi[contains(text(), \"Add to Request\")]"}
COMMAND: POST /session/aa9217cc2551115c0c456c59afd2b862/element/f.84437822EAE6B6F58A4F12097C194617.d.0E37FA35C5AC254CAE915E78BD076F6E.e.7457/click - {}
RESULT: {}
COMMAND: POST /session/aa9217cc2551115c0c456c59afd2b862/element - {"using":"xpath","value":"//div[contains(@class ,\"sapMMessageToast sapUiSelectable sapContrast sapContrastPlus sapUiUserSelectable\")]"}
RESULT: {"using":"xpath","value":"//div[contains(@class ,\"sapMMessageToast sapUiSelectable sapContrast sapContrastPlus sapUiUserSelectable\")]"}
COMMAND: POST /session/aa9217cc2551115c0c456c59afd2b862/execute/sync - {"script":"<script> [8489 bytes]","args":[{"element-6066-11e4-a52e-4f735466cecf":"f.84437822EAE6B6F58A4F12097C194617.d.0E37FA35C5AC254CAE915E78BD076F6E.e.7459","ELEMENT":"f.84437822EAE6B6F58A4F12097C194617.d.0E37FA35C5AC254CAE915E78BD076F6E.e.7459"}]}
RESULT: {"script":"<script> [8489 bytes]","args":[{"element-6066-11e4-a52e-4f735466cecf":"f.84437822EAE6B6F58A4F12097C194617.d.0E37FA35C5AC254CAE915E78BD076F6E.e.7459","ELEMENT":"f.84437822EAE6B6F58A4F12097C194617.d.0E37FA35C5AC254CAE915E78BD076F6E.e.7459"}]}
COMMAND: GET /session/aa9217cc2551115c0c456c59afd2b862/element/f.84437822EAE6B6F58A4F12097C194617.d.0E37FA35C5AC254CAE915E78BD076F6E.e.7459/text - {}
RESULT: {}
COMMAND: GET /session/aa9217cc2551115c0c456c59afd2b862/screenshot - {}
COMMAND: GET /session/aa9217cc2551115c0c456c59afd2b862/screenshot - {}
RESULT: {}
RESULT: {}
COMMAND: POST /session/aa9217cc2551115c0c456c59afd2b862/element - {"using":"xpath","value":"//bdi[contains(@id ,\"activeCartId-BDI-content\")]"}
RESULT: {"using":"xpath","value":"//bdi[contains(@id ,\"activeCartId-BDI-content\")]"}
COMMAND: GET /session/aa9217cc2551115c0c456c59afd2b862/element/f.84437822EAE6B6F58A4F12097C194617.d.0E37FA35C5AC254CAE915E78BD076F6E.e.7460/text - {}
RESULT: {}
COMMAND: POST /session/aa9217cc2551115c0c456c59afd2b862/element - {"using":"xpath","value":"//li[@title=\"Exit\"]"}
RESULT: {"using":"xpath","value":"//li[@title=\"Exit\"]"}
COMMAND: POST /session/aa9217cc2551115c0c456c59afd2b862/element/f.84437822EAE6B6F58A4F12097C194617.d.0E37FA35C5AC254CAE915E78BD076F6E.e.7461/click - {}
RESULT: {}
COMMAND: GET /session/aa9217cc2551115c0c456c59afd2b862/screenshot - {}
RESULT: {}
COMMAND: POST /session/aa9217cc2551115c0c456c59afd2b862/element - {"using":"css selector","value":"#shell-header-logo"}
RESULT: {"using":"css selector","value":"#shell-header-logo"}
COMMAND: POST /session/aa9217cc2551115c0c456c59afd2b862/element/f.84437822EAE6B6F58A4F12097C194617.d.0E37FA35C5AC254CAE915E78BD076F6E.e.7471/click - {}
RESULT: {}
COMMAND: GET /session/aa9217cc2551115c0c456c59afd2b862/screenshot - {}
RESULT: {}
]]></system-out>
    </testcase>
  </testsuite>
  <testsuite timestamp="2025-05-19T16:33:50" time="142.625" tests="1" failures="0" errors="0" skipped="0">
    <properties>
      <property name="specId" value="0" />
      <property name="suiteName" value=" Webshop - Request management - Verifying the Master List - Filtering /Sorting - Deleting - Creating US151314" />
      <property name="capabilities" value="chrome.136_0_7103_93.windows" />
      <property name="file" value="file:///D:/a/1/s/test/specs/R2C/webshop-request-management-verify-master-list.spec.js" />
    </properties>
    <testcase classname="chrome.136_0_7103_93.windows._Webshop_-_Request_management_-_Verifying_the_Master_List_-_Filtering_/Sorting_-_Deleting_-_Creating_US151314" name="Should navigate to request management in webshop and verify the filters" time="139.481">
      <system-out><![CDATA[
RESULT: undefined
COMMAND: POST /session/aa9217cc2551115c0c456c59afd2b862/element - {"using":"xpath","value":"//*[@id=\"__tile49\"]"}
RESULT: {"using":"xpath","value":"//*[@id=\"__tile49\"]"}
COMMAND: POST /session/aa9217cc2551115c0c456c59afd2b862/element/f.84437822EAE6B6F58A4F12097C194617.d.0E37FA35C5AC254CAE915E78BD076F6E.e.3006/click - {}
RESULT: {}
COMMAND: GET /session/aa9217cc2551115c0c456c59afd2b862/screenshot - {}
RESULT: {}
COMMAND: POST /session/aa9217cc2551115c0c456c59afd2b862/elements - {"using":"xpath","value":"//span[text()='Error']"}
RESULT: {"using":"xpath","value":"//span[text()='Error']"}
COMMAND: POST /session/aa9217cc2551115c0c456c59afd2b862/execute/async - {"script":"<script> [1562 bytes]","args":[{"selector":{"id":"requestCreationDialog--cancelButton","searchOpenDialogs":true,"interaction":{"idSuffix":"BDI-content"}},"wdio_ui5_key":"requestCreationDialogcancelButton"}]}
RESULT: {"script":"<script> [1562 bytes]","args":[{"selector":{"id":"requestCreationDialog--cancelButton","searchOpenDialogs":true,"interaction":{"idSuffix":"BDI-content"}},"wdio_ui5_key":"requestCreationDialogcancelButton"}]}
RESULT: undefined
COMMAND: POST /session/aa9217cc2551115c0c456c59afd2b862/element - {"using":"xpath","value":"//*[@id=\"requestCreationDialog--cancelButton\"]"}
RESULT: {"using":"xpath","value":"//*[@id=\"requestCreationDialog--cancelButton\"]"}
COMMAND: POST /session/aa9217cc2551115c0c456c59afd2b862/element/f.84437822EAE6B6F58A4F12097C194617.d.0E37FA35C5AC254CAE915E78BD076F6E.e.7524/click - {}
RESULT: {}
COMMAND: GET /session/aa9217cc2551115c0c456c59afd2b862/screenshot - {}
RESULT: {}
COMMAND: POST /session/aa9217cc2551115c0c456c59afd2b862/execute/async - {"script":"<script> [1562 bytes]","args":[{"selector":{"controlType":"sap.tnt.NavigationListItem","viewName":"etm.portal.ui.webshop.view.Homepage","i18NText":{"propertyName":"text","key":"requestsManagement"},"interaction":{"idSuffix":"a"}},"wdio_ui5_key":"etmportal.ui.webshop.view.Homepagesap.tnt.NavigationListItem{\"propertyName\":\"text\",\"key\":\"requestsManagement\"}"}]}
RESULT: {"script":"<script> [1562 bytes]","args":[{"selector":{"controlType":"sap.tnt.NavigationListItem","viewName":"etm.portal.ui.webshop.view.Homepage","i18NText":{"propertyName":"text","key":"requestsManagement"},"interaction":{"idSuffix":"a"}},"wdio_ui5_key":"etmportal.ui.webshop.view.Homepagesap.tnt.NavigationListItem{\"propertyName\":\"text\",\"key\":\"requestsManagement\"}"}]}
RESULT: undefined
COMMAND: POST /session/aa9217cc2551115c0c456c59afd2b862/element - {"using":"xpath","value":"//*[@id=\"__item3593\"]"}
RESULT: {"using":"xpath","value":"//*[@id=\"__item3593\"]"}
COMMAND: POST /session/aa9217cc2551115c0c456c59afd2b862/element/f.84437822EAE6B6F58A4F12097C194617.d.0E37FA35C5AC254CAE915E78BD076F6E.e.7526/click - {}
RESULT: {}
COMMAND: GET /session/aa9217cc2551115c0c456c59afd2b862/screenshot - {}
RESULT: {}
COMMAND: POST /session/aa9217cc2551115c0c456c59afd2b862/element - {"using":"xpath","value":"//input[contains(@id ,\"smartFilterBar-btnBasicSearch-I\")]"}
RESULT: {"using":"xpath","value":"//input[contains(@id ,\"smartFilterBar-btnBasicSearch-I\")]"}
COMMAND: POST /session/aa9217cc2551115c0c456c59afd2b862/element/f.84437822EAE6B6F58A4F12097C194617.d.0E37FA35C5AC254CAE915E78BD076F6E.e.7531/clear - {}
RESULT: {}
COMMAND: POST /session/aa9217cc2551115c0c456c59afd2b862/element/f.84437822EAE6B6F58A4F12097C194617.d.0E37FA35C5AC254CAE915E78BD076F6E.e.7531/value - {"text":"20001"}
COMMAND: GET /session/aa9217cc2551115c0c456c59afd2b862/screenshot - {}
RESULT: {"text":"20001"}
COMMAND: GET /session/aa9217cc2551115c0c456c59afd2b862/screenshot - {}
RESULT: {}
RESULT: {}
COMMAND: POST /session/aa9217cc2551115c0c456c59afd2b862/actions - {"actions":[{"id":"action12","type":"key","parameters":{},"actions":[{"type":"keyDown","value":"î€‡"},{"type":"pause","duration":10},{"type":"keyUp","value":"î€‡"}]}]}
RESULT: {"actions":[{"id":"action12","type":"key","parameters":{},"actions":[{"type":"keyDown","value":"î€‡"},{"type":"pause","duration":10},{"type":"keyUp","value":"î€‡"}]}]}
COMMAND: GET /session/aa9217cc2551115c0c456c59afd2b862/screenshot - {}
RESULT: {}
COMMAND: POST /session/aa9217cc2551115c0c456c59afd2b862/execute/async - {"script":"<script> [1562 bytes]","args":[{"selector":{"controlType":"sap.m.Title","viewName":"etm.portal.ui.webshop.view.RequestMaster","properties":{"text":"Records (1)"}},"wdio_ui5_key":"etmportal.ui.webshop.view.RequestMastersap.m.Title{\"text\":\"Records (1)\"}"}]}
RESULT: {"script":"<script> [1562 bytes]","args":[{"selector":{"controlType":"sap.m.Title","viewName":"etm.portal.ui.webshop.view.RequestMaster","properties":{"text":"Records (1)"}},"wdio_ui5_key":"etmportal.ui.webshop.view.RequestMastersap.m.Title{\"text\":\"Records (1)\"}"}]}
RESULT: undefined
COMMAND: POST /session/aa9217cc2551115c0c456c59afd2b862/execute/async - {"script":"<script> [6424 bytes]","args":[{"element-6066-11e4-a52e-4f735466cecf":"f.84437822EAE6B6F58A4F12097C194617.d.0E37FA35C5AC254CAE915E78BD076F6E.e.7610"},"getText",[]]}
RESULT: {"script":"<script> [6424 bytes]","args":[{"element-6066-11e4-a52e-4f735466cecf":"f.84437822EAE6B6F58A4F12097C194617.d.0E37FA35C5AC254CAE915E78BD076F6E.e.7610"},"getText",[]]}
COMMAND: POST /session/aa9217cc2551115c0c456c59afd2b862/element - {"using":"xpath","value":"//div[contains(@id ,\"smartFilterBar-btnBasicSearch-reset\")]"}
RESULT: {"using":"xpath","value":"//div[contains(@id ,\"smartFilterBar-btnBasicSearch-reset\")]"}
COMMAND: POST /session/aa9217cc2551115c0c456c59afd2b862/element/f.84437822EAE6B6F58A4F12097C194617.d.0E37FA35C5AC254CAE915E78BD076F6E.e.7611/click - {}
RESULT: {}
COMMAND: GET /session/aa9217cc2551115c0c456c59afd2b862/screenshot - {}
RESULT: {}
COMMAND: POST /session/aa9217cc2551115c0c456c59afd2b862/element - {"using":"xpath","value":"//input[contains(@id ,\"smartStatusFilter-inner\")]"}
RESULT: {"using":"xpath","value":"//input[contains(@id ,\"smartStatusFilter-inner\")]"}
COMMAND: POST /session/aa9217cc2551115c0c456c59afd2b862/element/f.84437822EAE6B6F58A4F12097C194617.d.0E37FA35C5AC254CAE915E78BD076F6E.e.7536/clear - {}
RESULT: {}
COMMAND: POST /session/aa9217cc2551115c0c456c59afd2b862/element/f.84437822EAE6B6F58A4F12097C194617.d.0E37FA35C5AC254CAE915E78BD076F6E.e.7536/value - {"text":"draft"}
COMMAND: GET /session/aa9217cc2551115c0c456c59afd2b862/screenshot - {}
RESULT: {"text":"draft"}
COMMAND: GET /session/aa9217cc2551115c0c456c59afd2b862/screenshot - {}
RESULT: {}
RESULT: {}
COMMAND: POST /session/aa9217cc2551115c0c456c59afd2b862/actions - {"actions":[{"id":"action13","type":"key","parameters":{},"actions":[{"type":"keyDown","value":"î€‡"},{"type":"pause","duration":10},{"type":"keyUp","value":"î€‡"}]}]}
RESULT: {"actions":[{"id":"action13","type":"key","parameters":{},"actions":[{"type":"keyDown","value":"î€‡"},{"type":"pause","duration":10},{"type":"keyUp","value":"î€‡"}]}]}
COMMAND: GET /session/aa9217cc2551115c0c456c59afd2b862/screenshot - {}
RESULT: {}
COMMAND: POST /session/aa9217cc2551115c0c456c59afd2b862/execute/async - {"script":"<script> [1562 bytes]","args":[{"selector":{"controlType":"sap.m.ObjectStatus","viewName":"etm.portal.ui.webshop.view.RequestMaster","bindingPath":{"propertyPath":"STATUS_DESCRIPTION"}},"wdio_ui5_key":"etmportal.ui.webshop.view.RequestMastersap.m.ObjectStatus{\"propertyPath\":\"STATUS_DESCRIPTION\"}"}]}
RESULT: {"script":"<script> [1562 bytes]","args":[{"selector":{"controlType":"sap.m.ObjectStatus","viewName":"etm.portal.ui.webshop.view.RequestMaster","bindingPath":{"propertyPath":"STATUS_DESCRIPTION"}},"wdio_ui5_key":"etmportal.ui.webshop.view.RequestMastersap.m.ObjectStatus{\"propertyPath\":\"STATUS_DESCRIPTION\"}"}]}
RESULT: undefined
COMMAND: POST /session/aa9217cc2551115c0c456c59afd2b862/execute/async - {"script":"<script> [6424 bytes]","args":[{"element-6066-11e4-a52e-4f735466cecf":"f.84437822EAE6B6F58A4F12097C194617.d.0E37FA35C5AC254CAE915E78BD076F6E.e.7656"},"getText",[]]}
RESULT: {"script":"<script> [6424 bytes]","args":[{"element-6066-11e4-a52e-4f735466cecf":"f.84437822EAE6B6F58A4F12097C194617.d.0E37FA35C5AC254CAE915E78BD076F6E.e.7656"},"getText",[]]}
COMMAND: POST /session/aa9217cc2551115c0c456c59afd2b862/element - {"using":"xpath","value":"//span[contains(@title ,\"Remove\")]"}
RESULT: {"using":"xpath","value":"//span[contains(@title ,\"Remove\")]"}
COMMAND: POST /session/aa9217cc2551115c0c456c59afd2b862/element/f.84437822EAE6B6F58A4F12097C194617.d.0E37FA35C5AC254CAE915E78BD076F6E.e.7657/click - {}
RESULT: {}
COMMAND: GET /session/aa9217cc2551115c0c456c59afd2b862/screenshot - {}
COMMAND: POST /session/aa9217cc2551115c0c456c59afd2b862/element - {"using":"xpath","value":"//input[contains(@id ,\"smartStatusFilter-inner\")]"}
RESULT: {}
RESULT: {"using":"xpath","value":"//input[contains(@id ,\"smartStatusFilter-inner\")]"}
COMMAND: POST /session/aa9217cc2551115c0c456c59afd2b862/element/f.84437822EAE6B6F58A4F12097C194617.d.0E37FA35C5AC254CAE915E78BD076F6E.e.7536/clear - {}
RESULT: {}
COMMAND: POST /session/aa9217cc2551115c0c456c59afd2b862/element/f.84437822EAE6B6F58A4F12097C194617.d.0E37FA35C5AC254CAE915E78BD076F6E.e.7536/value - {"text":"created"}
COMMAND: GET /session/aa9217cc2551115c0c456c59afd2b862/screenshot - {}
RESULT: {"text":"created"}
COMMAND: GET /session/aa9217cc2551115c0c456c59afd2b862/screenshot - {}
RESULT: {}
RESULT: {}
COMMAND: POST /session/aa9217cc2551115c0c456c59afd2b862/actions - {"actions":[{"id":"action14","type":"key","parameters":{},"actions":[{"type":"keyDown","value":"î€‡"},{"type":"pause","duration":10},{"type":"keyUp","value":"î€‡"}]}]}
RESULT: {"actions":[{"id":"action14","type":"key","parameters":{},"actions":[{"type":"keyDown","value":"î€‡"},{"type":"pause","duration":10},{"type":"keyUp","value":"î€‡"}]}]}
COMMAND: GET /session/aa9217cc2551115c0c456c59afd2b862/screenshot - {}
RESULT: {}
RESULT: undefined
COMMAND: POST /session/aa9217cc2551115c0c456c59afd2b862/execute/async - {"script":"<script> [6424 bytes]","args":[{"element-6066-11e4-a52e-4f735466cecf":"f.84437822EAE6B6F58A4F12097C194617.d.0E37FA35C5AC254CAE915E78BD076F6E.e.7656"},"getText",[]]}
COMMAND: POST /session/aa9217cc2551115c0c456c59afd2b862/execute/async - {"script":"<script> [1562 bytes]","args":[{"selector":{"controlType":"sap.m.ObjectStatus","viewName":"etm.portal.ui.webshop.view.RequestMaster","bindingPath":{"propertyPath":"STATUS_DESCRIPTION"}},"wdio_ui5_key":"etmportal.ui.webshop.view.RequestMastersap.m.ObjectStatus{\"propertyPath\":\"STATUS_DESCRIPTION\"}"}]}
RESULT: {"script":"<script> [1562 bytes]","args":[{"selector":{"controlType":"sap.m.ObjectStatus","viewName":"etm.portal.ui.webshop.view.RequestMaster","bindingPath":{"propertyPath":"STATUS_DESCRIPTION"}},"wdio_ui5_key":"etmportal.ui.webshop.view.RequestMastersap.m.ObjectStatus{\"propertyPath\":\"STATUS_DESCRIPTION\"}"}]}
COMMAND: POST /session/aa9217cc2551115c0c456c59afd2b862/execute/async - {"script":"<script> [6424 bytes]","args":[{"element-6066-11e4-a52e-4f735466cecf":"f.84437822EAE6B6F58A4F12097C194617.d.0E37FA35C5AC254CAE915E78BD076F6E.e.7713"},"getText",[]]}
RESULT: {"script":"<script> [6424 bytes]","args":[{"element-6066-11e4-a52e-4f735466cecf":"f.84437822EAE6B6F58A4F12097C194617.d.0E37FA35C5AC254CAE915E78BD076F6E.e.7713"},"getText",[]]}
COMMAND: POST /session/aa9217cc2551115c0c456c59afd2b862/element - {"using":"xpath","value":"//span[contains(@title ,\"Remove\")]"}
RESULT: {"using":"xpath","value":"//span[contains(@title ,\"Remove\")]"}
COMMAND: POST /session/aa9217cc2551115c0c456c59afd2b862/element/f.84437822EAE6B6F58A4F12097C194617.d.0E37FA35C5AC254CAE915E78BD076F6E.e.7714/click - {}
RESULT: {}
COMMAND: GET /session/aa9217cc2551115c0c456c59afd2b862/screenshot - {}
RESULT: {}
COMMAND: POST /session/aa9217cc2551115c0c456c59afd2b862/execute/async - {"script":"<script> [1562 bytes]","args":[{"selector":{"controlType":"sap.m.Button","viewName":"etm.portal.ui.webshop.view.RequestMaster","properties":{"text":"Filters (1)"},"interaction":{"idSuffix":"BDI-content"}},"wdio_ui5_key":"etmportal.ui.webshop.view.RequestMastersap.m.Button{\"text\":\"Filters (1)\"}"}]}
RESULT: {"script":"<script> [1562 bytes]","args":[{"selector":{"controlType":"sap.m.Button","viewName":"etm.portal.ui.webshop.view.RequestMaster","properties":{"text":"Filters (1)"},"interaction":{"idSuffix":"BDI-content"}},"wdio_ui5_key":"etmportal.ui.webshop.view.RequestMastersap.m.Button{\"text\":\"Filters (1)\"}"}]}
RESULT: undefined
COMMAND: POST /session/aa9217cc2551115c0c456c59afd2b862/element - {"using":"xpath","value":"//*[@id=\"__xmlview74--smartFilterBar-btnFilters\"]"}
RESULT: {"using":"xpath","value":"//*[@id=\"__xmlview74--smartFilterBar-btnFilters\"]"}
COMMAND: POST /session/aa9217cc2551115c0c456c59afd2b862/element/f.84437822EAE6B6F58A4F12097C194617.d.0E37FA35C5AC254CAE915E78BD076F6E.e.7597/click - {}
RESULT: {}
COMMAND: GET /session/aa9217cc2551115c0c456c59afd2b862/screenshot - {}
RESULT: {}
COMMAND: POST /session/aa9217cc2551115c0c456c59afd2b862/element - {"using":"xpath","value":"//input[contains(@id ,\"searchField-I\")]"}
RESULT: {"using":"xpath","value":"//input[contains(@id ,\"searchField-I\")]"}
COMMAND: POST /session/aa9217cc2551115c0c456c59afd2b862/element/f.84437822EAE6B6F58A4F12097C194617.d.0E37FA35C5AC254CAE915E78BD076F6E.e.7758/clear - {}
RESULT: {}
COMMAND: POST /session/aa9217cc2551115c0c456c59afd2b862/element/f.84437822EAE6B6F58A4F12097C194617.d.0E37FA35C5AC254CAE915E78BD076F6E.e.7758/value - {"text":"tags"}
COMMAND: GET /session/aa9217cc2551115c0c456c59afd2b862/screenshot - {}
RESULT: {"text":"tags"}
COMMAND: GET /session/aa9217cc2551115c0c456c59afd2b862/screenshot - {}
RESULT: {}
RESULT: {}
COMMAND: POST /session/aa9217cc2551115c0c456c59afd2b862/element - {"using":"xpath","value":"(//div[contains(@id ,\"selectMulti\")][@role=\"checkbox\"])[8]"}
RESULT: {"using":"xpath","value":"(//div[contains(@id ,\"selectMulti\")][@role=\"checkbox\"])[8]"}
COMMAND: POST /session/aa9217cc2551115c0c456c59afd2b862/element/f.84437822EAE6B6F58A4F12097C194617.d.0E37FA35C5AC254CAE915E78BD076F6E.e.7765/click - {}
RESULT: {}
COMMAND: GET /session/aa9217cc2551115c0c456c59afd2b862/screenshot - {}
RESULT: {}
COMMAND: POST /session/aa9217cc2551115c0c456c59afd2b862/execute/async - {"script":"<script> [1562 bytes]","args":[{"selector":{"controlType":"sap.m.Button","viewName":"etm.portal.ui.webshop.view.RequestMaster","properties":{"text":"OK"},"searchOpenDialogs":true,"interaction":{"idSuffix":"BDI-content"}},"wdio_ui5_key":"etmportal.ui.webshop.view.RequestMastersap.m.Button{\"text\":\"OK\"}"}]}
RESULT: {"script":"<script> [1562 bytes]","args":[{"selector":{"controlType":"sap.m.Button","viewName":"etm.portal.ui.webshop.view.RequestMaster","properties":{"text":"OK"},"searchOpenDialogs":true,"interaction":{"idSuffix":"BDI-content"}},"wdio_ui5_key":"etmportal.ui.webshop.view.RequestMastersap.m.Button{\"text\":\"OK\"}"}]}
RESULT: undefined
COMMAND: POST /session/aa9217cc2551115c0c456c59afd2b862/element - {"using":"xpath","value":"//*[@id=\"__xmlview74--smartFilterBar-adapt-filters-dialog-confirmBtn\"]"}
RESULT: {"using":"xpath","value":"//*[@id=\"__xmlview74--smartFilterBar-adapt-filters-dialog-confirmBtn\"]"}
COMMAND: POST /session/aa9217cc2551115c0c456c59afd2b862/element/f.84437822EAE6B6F58A4F12097C194617.d.0E37FA35C5AC254CAE915E78BD076F6E.e.7769/click - {}
RESULT: {}
COMMAND: GET /session/aa9217cc2551115c0c456c59afd2b862/screenshot - {}
RESULT: {}
COMMAND: POST /session/aa9217cc2551115c0c456c59afd2b862/element - {"using":"xpath","value":"//input[contains(@id ,\"smartFilterBar-filterItemControlA_-ALL_TAGS-inner\")]"}
RESULT: {"using":"xpath","value":"//input[contains(@id ,\"smartFilterBar-filterItemControlA_-ALL_TAGS-inner\")]"}
COMMAND: POST /session/aa9217cc2551115c0c456c59afd2b862/element/f.84437822EAE6B6F58A4F12097C194617.d.0E37FA35C5AC254CAE915E78BD076F6E.e.7777/clear - {}
RESULT: {}
COMMAND: POST /session/aa9217cc2551115c0c456c59afd2b862/element/f.84437822EAE6B6F58A4F12097C194617.d.0E37FA35C5AC254CAE915E78BD076F6E.e.7777/value - {"text":"tag1"}
COMMAND: GET /session/aa9217cc2551115c0c456c59afd2b862/screenshot - {}
RESULT: {"text":"tag1"}
COMMAND: GET /session/aa9217cc2551115c0c456c59afd2b862/screenshot - {}
RESULT: {}
RESULT: {}
COMMAND: POST /session/aa9217cc2551115c0c456c59afd2b862/actions - {"actions":[{"id":"action15","type":"key","parameters":{},"actions":[{"type":"keyDown","value":"î€‡"},{"type":"pause","duration":10},{"type":"keyUp","value":"î€‡"}]}]}
RESULT: {"actions":[{"id":"action15","type":"key","parameters":{},"actions":[{"type":"keyDown","value":"î€‡"},{"type":"pause","duration":10},{"type":"keyUp","value":"î€‡"}]}]}
COMMAND: GET /session/aa9217cc2551115c0c456c59afd2b862/screenshot - {}
RESULT: {}
RESULT: undefined
COMMAND: POST /session/aa9217cc2551115c0c456c59afd2b862/execute/async - {"script":"<script> [6424 bytes]","args":[{"element-6066-11e4-a52e-4f735466cecf":"f.84437822EAE6B6F58A4F12097C194617.d.0E37FA35C5AC254CAE915E78BD076F6E.e.7610"},"getText",[]]}
RESULT: {"script":"<script> [6424 bytes]","args":[{"element-6066-11e4-a52e-4f735466cecf":"f.84437822EAE6B6F58A4F12097C194617.d.0E37FA35C5AC254CAE915E78BD076F6E.e.7610"},"getText",[]]}
COMMAND: POST /session/aa9217cc2551115c0c456c59afd2b862/execute/async - {"script":"<script> [1562 bytes]","args":[{"selector":{"controlType":"sap.ui.core.Icon","viewName":"etm.portal.ui.webshop.view.RequestMaster","properties":{"src":{"regex":{"source":"action\\-settings"}}}},"wdio_ui5_key":"etmportal.ui.webshop.view.RequestMastersap.ui.core.Icon{\"src\":{\"regex\":{\"source\":\"action\\\\-settings\"}}}"}]}
RESULT: {"script":"<script> [1562 bytes]","args":[{"selector":{"controlType":"sap.ui.core.Icon","viewName":"etm.portal.ui.webshop.view.RequestMaster","properties":{"src":{"regex":{"source":"action\\-settings"}}}},"wdio_ui5_key":"etmportal.ui.webshop.view.RequestMastersap.ui.core.Icon{\"src\":{\"regex\":{\"source\":\"action\\\\-settings\"}}}"}]}
RESULT: undefined
COMMAND: POST /session/aa9217cc2551115c0c456c59afd2b862/element - {"using":"xpath","value":"//*[@id=\"__xmlview74--smartTable-btnPersonalisation-img\"]"}
RESULT: {"using":"xpath","value":"//*[@id=\"__xmlview74--smartTable-btnPersonalisation-img\"]"}
COMMAND: POST /session/aa9217cc2551115c0c456c59afd2b862/element/f.84437822EAE6B6F58A4F12097C194617.d.0E37FA35C5AC254CAE915E78BD076F6E.e.7562/click - {}
RESULT: {}
COMMAND: GET /session/aa9217cc2551115c0c456c59afd2b862/screenshot - {}
RESULT: {}
COMMAND: POST /session/aa9217cc2551115c0c456c59afd2b862/element - {"using":"xpath","value":"//input[contains(@id ,\"searchField-I\")]"}
RESULT: {"using":"xpath","value":"//input[contains(@id ,\"searchField-I\")]"}
COMMAND: POST /session/aa9217cc2551115c0c456c59afd2b862/element/f.84437822EAE6B6F58A4F12097C194617.d.0E37FA35C5AC254CAE915E78BD076F6E.e.7806/clear - {}
RESULT: {}
COMMAND: POST /session/aa9217cc2551115c0c456c59afd2b862/element/f.84437822EAE6B6F58A4F12097C194617.d.0E37FA35C5AC254CAE915E78BD076F6E.e.7806/value - {"text":"tags"}
COMMAND: GET /session/aa9217cc2551115c0c456c59afd2b862/screenshot - {}
RESULT: {"text":"tags"}
COMMAND: GET /session/aa9217cc2551115c0c456c59afd2b862/screenshot - {}
RESULT: {}
RESULT: {}
COMMAND: POST /session/aa9217cc2551115c0c456c59afd2b862/element - {"using":"xpath","value":"(//div[contains(@id ,\"selectMulti\")][@role=\"checkbox\"])[8]"}
RESULT: {"using":"xpath","value":"(//div[contains(@id ,\"selectMulti\")][@role=\"checkbox\"])[8]"}
COMMAND: POST /session/aa9217cc2551115c0c456c59afd2b862/element/f.84437822EAE6B6F58A4F12097C194617.d.0E37FA35C5AC254CAE915E78BD076F6E.e.7874/click - {}
RESULT: {}
COMMAND: GET /session/aa9217cc2551115c0c456c59afd2b862/screenshot - {}
RESULT: {}
COMMAND: POST /session/aa9217cc2551115c0c456c59afd2b862/element - {"using":"xpath","value":"//div[contains(@id ,\"searchField-reset\")]"}
RESULT: {"using":"xpath","value":"//div[contains(@id ,\"searchField-reset\")]"}
COMMAND: POST /session/aa9217cc2551115c0c456c59afd2b862/element - {"using":"xpath","value":"//input[contains(@id ,\"searchField-I\")]"}
RESULT: {"using":"xpath","value":"//input[contains(@id ,\"searchField-I\")]"}
COMMAND: POST /session/aa9217cc2551115c0c456c59afd2b862/element/f.84437822EAE6B6F58A4F12097C194617.d.0E37FA35C5AC254CAE915E78BD076F6E.e.7806/clear - {}
RESULT: {}
COMMAND: POST /session/aa9217cc2551115c0c456c59afd2b862/element/f.84437822EAE6B6F58A4F12097C194617.d.0E37FA35C5AC254CAE915E78BD076F6E.e.7806/value - {"text":"status"}
COMMAND: GET /session/aa9217cc2551115c0c456c59afd2b862/screenshot - {}
RESULT: {"text":"status"}
COMMAND: GET /session/aa9217cc2551115c0c456c59afd2b862/screenshot - {}
RESULT: {}
RESULT: {}
COMMAND: POST /session/aa9217cc2551115c0c456c59afd2b862/element - {"using":"xpath","value":"(//div[contains(@id ,\"selectMulti\")][@role=\"checkbox\"])[8]"}
RESULT: {"using":"xpath","value":"(//div[contains(@id ,\"selectMulti\")][@role=\"checkbox\"])[8]"}
COMMAND: POST /session/aa9217cc2551115c0c456c59afd2b862/element/f.84437822EAE6B6F58A4F12097C194617.d.0E37FA35C5AC254CAE915E78BD076F6E.e.7874/click - {}
RESULT: {}
COMMAND: GET /session/aa9217cc2551115c0c456c59afd2b862/screenshot - {}
RESULT: {}
COMMAND: POST /session/aa9217cc2551115c0c456c59afd2b862/element - {"using":"xpath","value":"//bdi[contains(@id ,\"confirmBtn-BDI-content\")]"}
RESULT: {"using":"xpath","value":"//bdi[contains(@id ,\"confirmBtn-BDI-content\")]"}
COMMAND: POST /session/aa9217cc2551115c0c456c59afd2b862/element/f.84437822EAE6B6F58A4F12097C194617.d.0E37FA35C5AC254CAE915E78BD076F6E.e.7878/click - {}
RESULT: {}
COMMAND: GET /session/aa9217cc2551115c0c456c59afd2b862/screenshot - {}
RESULT: {}
COMMAND: POST /session/aa9217cc2551115c0c456c59afd2b862/element - {"using":"xpath","value":"(//span[contains(text(), \"Status\")])[2]"}
RESULT: {"using":"xpath","value":"(//span[contains(text(), \"Status\")])[2]"}
COMMAND: POST /session/aa9217cc2551115c0c456c59afd2b862/element - {"using":"xpath","value":"(//span[contains(text(), \"Status\")])[2]"}
RESULT: {"using":"xpath","value":"(//span[contains(text(), \"Status\")])[2]"}
COMMAND: POST /session/aa9217cc2551115c0c456c59afd2b862/element - {"using":"xpath","value":"(//bdi[contains(text(), \"Tags\")])[2]"}
RESULT: {"using":"xpath","value":"(//bdi[contains(text(), \"Tags\")])[2]"}
COMMAND: POST /session/aa9217cc2551115c0c456c59afd2b862/execute/sync - {"script":"<script> [8489 bytes]","args":[{"element-6066-11e4-a52e-4f735466cecf":"f.84437822EAE6B6F58A4F12097C194617.d.0E37FA35C5AC254CAE915E78BD076F6E.e.7885","ELEMENT":"f.84437822EAE6B6F58A4F12097C194617.d.0E37FA35C5AC254CAE915E78BD076F6E.e.7885"}]}
RESULT: {"script":"<script> [8489 bytes]","args":[{"element-6066-11e4-a52e-4f735466cecf":"f.84437822EAE6B6F58A4F12097C194617.d.0E37FA35C5AC254CAE915E78BD076F6E.e.7885","ELEMENT":"f.84437822EAE6B6F58A4F12097C194617.d.0E37FA35C5AC254CAE915E78BD076F6E.e.7885"}]}
COMMAND: POST /session/aa9217cc2551115c0c456c59afd2b862/element - {"using":"xpath","value":"//span[contains(@title ,\"Remove\")]"}
COMMAND: GET /session/aa9217cc2551115c0c456c59afd2b862/screenshot - {}
RESULT: {"using":"xpath","value":"//span[contains(@title ,\"Remove\")]"}
COMMAND: POST /session/aa9217cc2551115c0c456c59afd2b862/element/f.84437822EAE6B6F58A4F12097C194617.d.0E37FA35C5AC254CAE915E78BD076F6E.e.7886/click - {}
RESULT: {}
RESULT: {}
COMMAND: GET /session/aa9217cc2551115c0c456c59afd2b862/screenshot - {}
RESULT: {}
COMMAND: POST /session/aa9217cc2551115c0c456c59afd2b862/element - {"using":"xpath","value":"//button[contains(@id ,\"btnDeleteRequest\")]"}
RESULT: {"using":"xpath","value":"//button[contains(@id ,\"btnDeleteRequest\")]"}
COMMAND: POST /session/aa9217cc2551115c0c456c59afd2b862/element - {"using":"xpath","value":"//button[contains(@id ,\"btnDeleteRequest\")]"}
RESULT: {"using":"xpath","value":"//button[contains(@id ,\"btnDeleteRequest\")]"}
COMMAND: POST /session/aa9217cc2551115c0c456c59afd2b862/element - {"using":"xpath","value":"(//span[contains(text(), \"Draft\")])[1]"}
RESULT: {"using":"xpath","value":"(//span[contains(text(), \"Draft\")])[1]"}
COMMAND: POST /session/aa9217cc2551115c0c456c59afd2b862/element/f.84437822EAE6B6F58A4F12097C194617.d.0E37FA35C5AC254CAE915E78BD076F6E.e.7910/click - {}
RESULT: {}
COMMAND: GET /session/aa9217cc2551115c0c456c59afd2b862/screenshot - {}
RESULT: {}
COMMAND: POST /session/aa9217cc2551115c0c456c59afd2b862/element - {"using":"xpath","value":"//button[contains(@id ,\"btnDeleteRequest\")]"}
RESULT: {"using":"xpath","value":"//button[contains(@id ,\"btnDeleteRequest\")]"}
COMMAND: POST /session/aa9217cc2551115c0c456c59afd2b862/execute/sync - {"script":"<script> [8489 bytes]","args":[{"element-6066-11e4-a52e-4f735466cecf":"f.84437822EAE6B6F58A4F12097C194617.d.0E37FA35C5AC254CAE915E78BD076F6E.e.7941","ELEMENT":"f.84437822EAE6B6F58A4F12097C194617.d.0E37FA35C5AC254CAE915E78BD076F6E.e.7941"}]}
RESULT: {"script":"<script> [8489 bytes]","args":[{"element-6066-11e4-a52e-4f735466cecf":"f.84437822EAE6B6F58A4F12097C194617.d.0E37FA35C5AC254CAE915E78BD076F6E.e.7941","ELEMENT":"f.84437822EAE6B6F58A4F12097C194617.d.0E37FA35C5AC254CAE915E78BD076F6E.e.7941"}]}
COMMAND: POST /session/aa9217cc2551115c0c456c59afd2b862/element - {"using":"xpath","value":"(//span[contains(text(), \"Proposal\")])[1]"}
COMMAND: GET /session/aa9217cc2551115c0c456c59afd2b862/screenshot - {}
RESULT: {"using":"xpath","value":"(//span[contains(text(), \"Proposal\")])[1]"}
COMMAND: POST /session/aa9217cc2551115c0c456c59afd2b862/element/f.84437822EAE6B6F58A4F12097C194617.d.0E37FA35C5AC254CAE915E78BD076F6E.e.7986/click - {}
RESULT: {}
RESULT: {}
COMMAND: GET /session/aa9217cc2551115c0c456c59afd2b862/screenshot - {}
RESULT: {}
COMMAND: POST /session/aa9217cc2551115c0c456c59afd2b862/execute/sync - {"script":"<script> [8489 bytes]","args":[{"element-6066-11e4-a52e-4f735466cecf":"f.84437822EAE6B6F58A4F12097C194617.d.0E37FA35C5AC254CAE915E78BD076F6E.e.7941","ELEMENT":"f.84437822EAE6B6F58A4F12097C194617.d.0E37FA35C5AC254CAE915E78BD076F6E.e.7941"}]}
RESULT: {"script":"<script> [8489 bytes]","args":[{"element-6066-11e4-a52e-4f735466cecf":"f.84437822EAE6B6F58A4F12097C194617.d.0E37FA35C5AC254CAE915E78BD076F6E.e.7941","ELEMENT":"f.84437822EAE6B6F58A4F12097C194617.d.0E37FA35C5AC254CAE915E78BD076F6E.e.7941"}]}
COMMAND: GET /session/aa9217cc2551115c0c456c59afd2b862/screenshot - {}
RESULT: {}
COMMAND: DELETE /session/aa9217cc2551115c0c456c59afd2b862 - {}
RESULT: {}
]]></system-out>
    </testcase>
  </testsuite>
</testsuites>