<?xml version="1.0" encoding="UTF-8"?>
<testsuites tests="6" failures="0" errors="0" skipped="0">
  <testsuite timestamp="2025-05-03T16:26:10" time="371.901" tests="5" failures="0" errors="0" skipped="0">
    <properties>
      <property name="specId" value="0" />
      <property name="suiteName" value="Bill of Resources tests for bundle creation &amp; replenishment US131067 US131070" />
      <property name="capabilities" value="chrome.135_0_7049_96.windows" />
      <property name="file" value="file:///D:/a/1/s/test/specs/HTR/create-bundle-replenishment.spec.js" />
    </properties>
    <testcase classname="chrome.135_0_7049_96.windows.Bill_of_Resources_tests_for_bundle_creation_&amp;_replenishment_US131067_US131070" name="Prereq Should create a new yard used for all following tests in the module" time="0.314">
      <system-out><![CDATA[
COMMAND: POST /session/f2cd4ae8189ca6d10895ec2a4c0fd9f4/window/fullscreen - {}
RESULT: {}
]]></system-out>
    </testcase>
    <testcase classname="chrome.135_0_7049_96.windows.Bill_of_Resources_tests_for_bundle_creation_&amp;_replenishment_US131067_US131070" name="Should create two equipments one being a copy of the other" time="138.694">
      <system-out><![CDATA[
COMMAND: POST /session/f2cd4ae8189ca6d10895ec2a4c0fd9f4/execute/async - {"script":"<script> [1562 bytes]","args":[{"selector":{"controlType":"sap.m.GenericTile","properties":{"header":"Manage Resources"}},"wdio_ui5_key":"sapm.GenericTile{\"header\":\"Manage Resources\"}"}]}
RESULT: {"script":"<script> [1562 bytes]","args":[{"selector":{"controlType":"sap.m.GenericTile","properties":{"header":"Manage Resources"}},"wdio_ui5_key":"sapm.GenericTile{\"header\":\"Manage Resources\"}"}]}
RESULT: undefined
COMMAND: POST /session/f2cd4ae8189ca6d10895ec2a4c0fd9f4/element - {"using":"xpath","value":"//*[@id=\"__tile39\"]"}
RESULT: {"using":"xpath","value":"//*[@id=\"__tile39\"]"}
COMMAND: POST /session/f2cd4ae8189ca6d10895ec2a4c0fd9f4/element/f.424AAD618E1F24C3245613156BD8613D.d.2659EA4A78CEBD396B26CCA97134E20B.e.117/click - {}
RESULT: {}
COMMAND: POST /session/f2cd4ae8189ca6d10895ec2a4c0fd9f4/element - {"using":"xpath","value":"//button[@data-kt=\"addNewRUOverflowToolbarButton\"]"}
COMMAND: GET /session/f2cd4ae8189ca6d10895ec2a4c0fd9f4/screenshot - {}
RESULT: {"using":"xpath","value":"//button[@data-kt=\"addNewRUOverflowToolbarButton\"]"}
COMMAND: POST /session/f2cd4ae8189ca6d10895ec2a4c0fd9f4/elements - {"using":"xpath","value":"//button[@data-kt=\"addNewRUOverflowToolbarButton\"]"}
RESULT: {}
RESULT: {"using":"xpath","value":"//button[@data-kt=\"addNewRUOverflowToolbarButton\"]"}
COMMAND: POST /session/f2cd4ae8189ca6d10895ec2a4c0fd9f4/elements - {"using":"xpath","value":"//button[@data-kt=\"addNewRUOverflowToolbarButton\"]"}
RESULT: {"using":"xpath","value":"//button[@data-kt=\"addNewRUOverflowToolbarButton\"]"}
COMMAND: POST /session/f2cd4ae8189ca6d10895ec2a4c0fd9f4/elements - {"using":"xpath","value":"//button[@data-kt=\"addNewRUOverflowToolbarButton\"]"}
RESULT: {"using":"xpath","value":"//button[@data-kt=\"addNewRUOverflowToolbarButton\"]"}
COMMAND: POST /session/f2cd4ae8189ca6d10895ec2a4c0fd9f4/elements - {"using":"xpath","value":"//button[@data-kt=\"addNewRUOverflowToolbarButton\"]"}
RESULT: {"using":"xpath","value":"//button[@data-kt=\"addNewRUOverflowToolbarButton\"]"}
COMMAND: POST /session/f2cd4ae8189ca6d10895ec2a4c0fd9f4/elements - {"using":"xpath","value":"//button[@data-kt=\"addNewRUOverflowToolbarButton\"]"}
RESULT: {"using":"xpath","value":"//button[@data-kt=\"addNewRUOverflowToolbarButton\"]"}
COMMAND: POST /session/f2cd4ae8189ca6d10895ec2a4c0fd9f4/elements - {"using":"xpath","value":"//button[@data-kt=\"addNewRUOverflowToolbarButton\"]"}
RESULT: {"using":"xpath","value":"//button[@data-kt=\"addNewRUOverflowToolbarButton\"]"}
COMMAND: POST /session/f2cd4ae8189ca6d10895ec2a4c0fd9f4/elements - {"using":"xpath","value":"//button[@data-kt=\"addNewRUOverflowToolbarButton\"]"}
RESULT: {"using":"xpath","value":"//button[@data-kt=\"addNewRUOverflowToolbarButton\"]"}
COMMAND: POST /session/f2cd4ae8189ca6d10895ec2a4c0fd9f4/elements - {"using":"xpath","value":"//button[@data-kt=\"addNewRUOverflowToolbarButton\"]"}
RESULT: {"using":"xpath","value":"//button[@data-kt=\"addNewRUOverflowToolbarButton\"]"}
COMMAND: POST /session/f2cd4ae8189ca6d10895ec2a4c0fd9f4/elements - {"using":"xpath","value":"//button[@data-kt=\"addNewRUOverflowToolbarButton\"]"}
RESULT: {"using":"xpath","value":"//button[@data-kt=\"addNewRUOverflowToolbarButton\"]"}
COMMAND: POST /session/f2cd4ae8189ca6d10895ec2a4c0fd9f4/elements - {"using":"xpath","value":"//button[@data-kt=\"addNewRUOverflowToolbarButton\"]"}
RESULT: {"using":"xpath","value":"//button[@data-kt=\"addNewRUOverflowToolbarButton\"]"}
COMMAND: POST /session/f2cd4ae8189ca6d10895ec2a4c0fd9f4/elements - {"using":"xpath","value":"//button[@data-kt=\"addNewRUOverflowToolbarButton\"]"}
RESULT: {"using":"xpath","value":"//button[@data-kt=\"addNewRUOverflowToolbarButton\"]"}
COMMAND: POST /session/f2cd4ae8189ca6d10895ec2a4c0fd9f4/elements - {"using":"xpath","value":"//button[@data-kt=\"addNewRUOverflowToolbarButton\"]"}
RESULT: {"using":"xpath","value":"//button[@data-kt=\"addNewRUOverflowToolbarButton\"]"}
COMMAND: POST /session/f2cd4ae8189ca6d10895ec2a4c0fd9f4/elements - {"using":"xpath","value":"//button[@data-kt=\"addNewRUOverflowToolbarButton\"]"}
RESULT: {"using":"xpath","value":"//button[@data-kt=\"addNewRUOverflowToolbarButton\"]"}
COMMAND: POST /session/f2cd4ae8189ca6d10895ec2a4c0fd9f4/elements - {"using":"xpath","value":"//button[@data-kt=\"addNewRUOverflowToolbarButton\"]"}
RESULT: {"using":"xpath","value":"//button[@data-kt=\"addNewRUOverflowToolbarButton\"]"}
COMMAND: POST /session/f2cd4ae8189ca6d10895ec2a4c0fd9f4/elements - {"using":"xpath","value":"//button[@data-kt=\"addNewRUOverflowToolbarButton\"]"}
RESULT: {"using":"xpath","value":"//button[@data-kt=\"addNewRUOverflowToolbarButton\"]"}
COMMAND: POST /session/f2cd4ae8189ca6d10895ec2a4c0fd9f4/elements - {"using":"xpath","value":"//button[@data-kt=\"addNewRUOverflowToolbarButton\"]"}
RESULT: {"using":"xpath","value":"//button[@data-kt=\"addNewRUOverflowToolbarButton\"]"}
COMMAND: POST /session/f2cd4ae8189ca6d10895ec2a4c0fd9f4/elements - {"using":"xpath","value":"//button[@data-kt=\"addNewRUOverflowToolbarButton\"]"}
RESULT: {"using":"xpath","value":"//button[@data-kt=\"addNewRUOverflowToolbarButton\"]"}
COMMAND: POST /session/f2cd4ae8189ca6d10895ec2a4c0fd9f4/elements - {"using":"xpath","value":"//button[@data-kt=\"addNewRUOverflowToolbarButton\"]"}
RESULT: {"using":"xpath","value":"//button[@data-kt=\"addNewRUOverflowToolbarButton\"]"}
COMMAND: POST /session/f2cd4ae8189ca6d10895ec2a4c0fd9f4/elements - {"using":"xpath","value":"//button[@data-kt=\"addNewRUOverflowToolbarButton\"]"}
RESULT: {"using":"xpath","value":"//button[@data-kt=\"addNewRUOverflowToolbarButton\"]"}
COMMAND: POST /session/f2cd4ae8189ca6d10895ec2a4c0fd9f4/elements - {"using":"xpath","value":"//button[@data-kt=\"addNewRUOverflowToolbarButton\"]"}
RESULT: {"using":"xpath","value":"//button[@data-kt=\"addNewRUOverflowToolbarButton\"]"}
COMMAND: POST /session/f2cd4ae8189ca6d10895ec2a4c0fd9f4/elements - {"using":"xpath","value":"//button[@data-kt=\"addNewRUOverflowToolbarButton\"]"}
RESULT: {"using":"xpath","value":"//button[@data-kt=\"addNewRUOverflowToolbarButton\"]"}
COMMAND: POST /session/f2cd4ae8189ca6d10895ec2a4c0fd9f4/elements - {"using":"xpath","value":"//button[@data-kt=\"addNewRUOverflowToolbarButton\"]"}
RESULT: {"using":"xpath","value":"//button[@data-kt=\"addNewRUOverflowToolbarButton\"]"}
COMMAND: POST /session/f2cd4ae8189ca6d10895ec2a4c0fd9f4/elements - {"using":"xpath","value":"//button[@data-kt=\"addNewRUOverflowToolbarButton\"]"}
RESULT: {"using":"xpath","value":"//button[@data-kt=\"addNewRUOverflowToolbarButton\"]"}
COMMAND: POST /session/f2cd4ae8189ca6d10895ec2a4c0fd9f4/elements - {"using":"xpath","value":"//button[@data-kt=\"addNewRUOverflowToolbarButton\"]"}
RESULT: {"using":"xpath","value":"//button[@data-kt=\"addNewRUOverflowToolbarButton\"]"}
COMMAND: POST /session/f2cd4ae8189ca6d10895ec2a4c0fd9f4/elements - {"using":"xpath","value":"//button[@data-kt=\"addNewRUOverflowToolbarButton\"]"}
RESULT: {"using":"xpath","value":"//button[@data-kt=\"addNewRUOverflowToolbarButton\"]"}
COMMAND: POST /session/f2cd4ae8189ca6d10895ec2a4c0fd9f4/element - {"using":"xpath","value":"//button[@data-kt=\"addNewRUOverflowToolbarButton\"]"}
RESULT: {"using":"xpath","value":"//button[@data-kt=\"addNewRUOverflowToolbarButton\"]"}
COMMAND: POST /session/f2cd4ae8189ca6d10895ec2a4c0fd9f4/execute/sync - {"script":"<script> [8489 bytes]","args":[{"element-6066-11e4-a52e-4f735466cecf":"f.424AAD618E1F24C3245613156BD8613D.d.2659EA4A78CEBD396B26CCA97134E20B.e.249","ELEMENT":"f.424AAD618E1F24C3245613156BD8613D.d.2659EA4A78CEBD396B26CCA97134E20B.e.249"}]}
RESULT: {"script":"<script> [8489 bytes]","args":[{"element-6066-11e4-a52e-4f735466cecf":"f.424AAD618E1F24C3245613156BD8613D.d.2659EA4A78CEBD396B26CCA97134E20B.e.249","ELEMENT":"f.424AAD618E1F24C3245613156BD8613D.d.2659EA4A78CEBD396B26CCA97134E20B.e.249"}]}
COMMAND: GET /session/f2cd4ae8189ca6d10895ec2a4c0fd9f4/element/f.424AAD618E1F24C3245613156BD8613D.d.2659EA4A78CEBD396B26CCA97134E20B.e.249/enabled - {}
COMMAND: GET /session/f2cd4ae8189ca6d10895ec2a4c0fd9f4/screenshot - {}
RESULT: {}
COMMAND: POST /session/f2cd4ae8189ca6d10895ec2a4c0fd9f4/execute/sync - {"script":"<script> [8489 bytes]","args":[{"element-6066-11e4-a52e-4f735466cecf":"f.424AAD618E1F24C3245613156BD8613D.d.2659EA4A78CEBD396B26CCA97134E20B.e.249","ELEMENT":"f.424AAD618E1F24C3245613156BD8613D.d.2659EA4A78CEBD396B26CCA97134E20B.e.249"}]}
COMMAND: GET /session/f2cd4ae8189ca6d10895ec2a4c0fd9f4/screenshot - {}
RESULT: {}
RESULT: {"script":"<script> [8489 bytes]","args":[{"element-6066-11e4-a52e-4f735466cecf":"f.424AAD618E1F24C3245613156BD8613D.d.2659EA4A78CEBD396B26CCA97134E20B.e.249","ELEMENT":"f.424AAD618E1F24C3245613156BD8613D.d.2659EA4A78CEBD396B26CCA97134E20B.e.249"}]}
COMMAND: POST /session/f2cd4ae8189ca6d10895ec2a4c0fd9f4/execute/sync - {"script":"<script> [5351 bytes]","args":[{"element-6066-11e4-a52e-4f735466cecf":"f.424AAD618E1F24C3245613156BD8613D.d.2659EA4A78CEBD396B26CCA97134E20B.e.249","ELEMENT":"f.424AAD618E1F24C3245613156BD8613D.d.2659EA4A78CEBD396B26CCA97134E20B.e.249"}]}
COMMAND: GET /session/f2cd4ae8189ca6d10895ec2a4c0fd9f4/screenshot - {}
RESULT: {}
RESULT: {"script":"<script> [5351 bytes]","args":[{"element-6066-11e4-a52e-4f735466cecf":"f.424AAD618E1F24C3245613156BD8613D.d.2659EA4A78CEBD396B26CCA97134E20B.e.249","ELEMENT":"f.424AAD618E1F24C3245613156BD8613D.d.2659EA4A78CEBD396B26CCA97134E20B.e.249"}]}
COMMAND: POST /session/f2cd4ae8189ca6d10895ec2a4c0fd9f4/element/f.424AAD618E1F24C3245613156BD8613D.d.2659EA4A78CEBD396B26CCA97134E20B.e.249/click - {}
COMMAND: GET /session/f2cd4ae8189ca6d10895ec2a4c0fd9f4/screenshot - {}
RESULT: {}
RESULT: {}
COMMAND: GET /session/f2cd4ae8189ca6d10895ec2a4c0fd9f4/screenshot - {}
RESULT: {}
COMMAND: POST /session/f2cd4ae8189ca6d10895ec2a4c0fd9f4/execute/async - {"script":"<script> [1562 bytes]","args":[{"selector":{"id":"application-manageresources-display-component---newResourceUnit--TYPE-arrow"},"wdio_ui5_key":"applicationmanageresources-display-component---newResourceUnit--TYPE-arrow"}]}
RESULT: {}
RESULT: {"script":"<script> [1562 bytes]","args":[{"selector":{"id":"application-manageresources-display-component---newResourceUnit--TYPE-arrow"},"wdio_ui5_key":"applicationmanageresources-display-component---newResourceUnit--TYPE-arrow"}]}
RESULT: undefined
COMMAND: POST /session/f2cd4ae8189ca6d10895ec2a4c0fd9f4/element - {"using":"xpath","value":"//*[@id=\"application-manageresources-display-component---newResourceUnit--TYPE-arrow\"]"}
RESULT: {"using":"xpath","value":"//*[@id=\"application-manageresources-display-component---newResourceUnit--TYPE-arrow\"]"}
COMMAND: POST /session/f2cd4ae8189ca6d10895ec2a4c0fd9f4/element/f.424AAD618E1F24C3245613156BD8613D.d.2659EA4A78CEBD396B26CCA97134E20B.e.620/click - {}
RESULT: {}
COMMAND: POST /session/f2cd4ae8189ca6d10895ec2a4c0fd9f4/execute/async - {"script":"<script> [1562 bytes]","args":[{"selector":{"controlType":"sap.m.StandardListItem","viewName":"reusables.view.manageresources.NewResourceUnit","viewId":"application-manageresources-display-component---newResourceUnit","properties":{"title":"Equipment"},"searchOpenDialogs":true,"interaction":{"idSuffix":"content"}},"wdio_ui5_key":"reusablesview.manageresources.NewResourceUnitsap.m.StandardListItem{\"title\":\"Equipment\"}"}]}
COMMAND: GET /session/f2cd4ae8189ca6d10895ec2a4c0fd9f4/screenshot - {}
RESULT: {"script":"<script> [1562 bytes]","args":[{"selector":{"controlType":"sap.m.StandardListItem","viewName":"reusables.view.manageresources.NewResourceUnit","viewId":"application-manageresources-display-component---newResourceUnit","properties":{"title":"Equipment"},"searchOpenDialogs":true,"interaction":{"idSuffix":"content"}},"wdio_ui5_key":"reusablesview.manageresources.NewResourceUnitsap.m.StandardListItem{\"title\":\"Equipment\"}"}]}
RESULT: undefined
COMMAND: POST /session/f2cd4ae8189ca6d10895ec2a4c0fd9f4/element - {"using":"xpath","value":"//*[@id=\"__item141\"]"}
RESULT: {}
RESULT: {"using":"xpath","value":"//*[@id=\"__item141\"]"}
COMMAND: POST /session/f2cd4ae8189ca6d10895ec2a4c0fd9f4/element/f.424AAD618E1F24C3245613156BD8613D.d.2659EA4A78CEBD396B26CCA97134E20B.e.623/click - {}
RESULT: {}
COMMAND: POST /session/f2cd4ae8189ca6d10895ec2a4c0fd9f4/execute/async - {"script":"<script> [1562 bytes]","args":[{"selector":{"id":"application-manageresources-display-component---newResourceUnit--resourceId","interaction":{"idSuffix":"inner"}},"wdio_ui5_key":"applicationmanageresources-display-component---newResourceUnit--resourceId"}]}
COMMAND: GET /session/f2cd4ae8189ca6d10895ec2a4c0fd9f4/screenshot - {}
RESULT: {"script":"<script> [1562 bytes]","args":[{"selector":{"id":"application-manageresources-display-component---newResourceUnit--resourceId","interaction":{"idSuffix":"inner"}},"wdio_ui5_key":"applicationmanageresources-display-component---newResourceUnit--resourceId"}]}
RESULT: undefined
COMMAND: POST /session/f2cd4ae8189ca6d10895ec2a4c0fd9f4/execute/async - {"script":"<script> [776 bytes]","args":[{"enterText":"lpWjxr6ey_1","selector":{"id":"application-manageresources-display-component---newResourceUnit--resourceId","interaction":{"idSuffix":"inner"}},"clearTextFirst":true,"interactionType":"ENTER_TEXT"}]}
RESULT: {}
RESULT: {"script":"<script> [776 bytes]","args":[{"enterText":"lpWjxr6ey_1","selector":{"id":"application-manageresources-display-component---newResourceUnit--resourceId","interaction":{"idSuffix":"inner"}},"clearTextFirst":true,"interactionType":"ENTER_TEXT"}]}
COMMAND: POST /session/f2cd4ae8189ca6d10895ec2a4c0fd9f4/execute/async - {"script":"<script> [1562 bytes]","args":[{"selector":{"id":"application-manageresources-display-component---newResourceUnit--SHORT_TEXT","interaction":{"idSuffix":"inner"}},"wdio_ui5_key":"applicationmanageresources-display-component---newResourceUnit--SHORT_TEXT"}]}
RESULT: {"script":"<script> [1562 bytes]","args":[{"selector":{"id":"application-manageresources-display-component---newResourceUnit--SHORT_TEXT","interaction":{"idSuffix":"inner"}},"wdio_ui5_key":"applicationmanageresources-display-component---newResourceUnit--SHORT_TEXT"}]}
RESULT: undefined
COMMAND: POST /session/f2cd4ae8189ca6d10895ec2a4c0fd9f4/execute/async - {"script":"<script> [776 bytes]","args":[{"enterText":"lpWjxr6ey_1","selector":{"id":"application-manageresources-display-component---newResourceUnit--SHORT_TEXT","interaction":{"idSuffix":"inner"}},"clearTextFirst":true,"interactionType":"ENTER_TEXT"}]}
RESULT: {"script":"<script> [776 bytes]","args":[{"enterText":"lpWjxr6ey_1","selector":{"id":"application-manageresources-display-component---newResourceUnit--SHORT_TEXT","interaction":{"idSuffix":"inner"}},"clearTextFirst":true,"interactionType":"ENTER_TEXT"}]}
COMMAND: POST /session/f2cd4ae8189ca6d10895ec2a4c0fd9f4/execute/async - {"script":"<script> [1562 bytes]","args":[{"selector":{"id":"application-manageresources-display-component---newResourceUnit--BASE_UNIT_OF_MEASURE","interaction":{"idSuffix":"inner"}},"wdio_ui5_key":"applicationmanageresources-display-component---newResourceUnit--BASE_UNIT_OF_MEASURE"}]}
RESULT: {"script":"<script> [1562 bytes]","args":[{"selector":{"id":"application-manageresources-display-component---newResourceUnit--BASE_UNIT_OF_MEASURE","interaction":{"idSuffix":"inner"}},"wdio_ui5_key":"applicationmanageresources-display-component---newResourceUnit--BASE_UNIT_OF_MEASURE"}]}
RESULT: undefined
COMMAND: POST /session/f2cd4ae8189ca6d10895ec2a4c0fd9f4/execute/async - {"script":"<script> [776 bytes]","args":[{"enterText":"Piece","selector":{"id":"application-manageresources-display-component---newResourceUnit--BASE_UNIT_OF_MEASURE","interaction":{"idSuffix":"inner"}},"clearTextFirst":true,"interactionType":"ENTER_TEXT"}]}
RESULT: {"script":"<script> [776 bytes]","args":[{"enterText":"Piece","selector":{"id":"application-manageresources-display-component---newResourceUnit--BASE_UNIT_OF_MEASURE","interaction":{"idSuffix":"inner"}},"clearTextFirst":true,"interactionType":"ENTER_TEXT"}]}
COMMAND: POST /session/f2cd4ae8189ca6d10895ec2a4c0fd9f4/execute/async - {"script":"<script> [1562 bytes]","args":[{"selector":{"id":"application-manageresources-display-component---newResourceUnit--WEIGHT_UNIT","interaction":{"idSuffix":"inner"}},"wdio_ui5_key":"applicationmanageresources-display-component---newResourceUnit--WEIGHT_UNIT"}]}
RESULT: {"script":"<script> [1562 bytes]","args":[{"selector":{"id":"application-manageresources-display-component---newResourceUnit--WEIGHT_UNIT","interaction":{"idSuffix":"inner"}},"wdio_ui5_key":"applicationmanageresources-display-component---newResourceUnit--WEIGHT_UNIT"}]}
RESULT: undefined
COMMAND: POST /session/f2cd4ae8189ca6d10895ec2a4c0fd9f4/execute/async - {"script":"<script> [776 bytes]","args":[{"enterText":"Gram","selector":{"id":"application-manageresources-display-component---newResourceUnit--WEIGHT_UNIT","interaction":{"idSuffix":"inner"}},"clearTextFirst":true,"interactionType":"ENTER_TEXT"}]}
RESULT: {"script":"<script> [776 bytes]","args":[{"enterText":"Gram","selector":{"id":"application-manageresources-display-component---newResourceUnit--WEIGHT_UNIT","interaction":{"idSuffix":"inner"}},"clearTextFirst":true,"interactionType":"ENTER_TEXT"}]}
COMMAND: POST /session/f2cd4ae8189ca6d10895ec2a4c0fd9f4/execute/async - {"script":"<script> [1562 bytes]","args":[{"selector":{"id":"application-manageresources-display-component---newResourceUnit--DIMENSION_UNIT","interaction":{"idSuffix":"inner"}},"wdio_ui5_key":"applicationmanageresources-display-component---newResourceUnit--DIMENSION_UNIT"}]}
RESULT: {"script":"<script> [1562 bytes]","args":[{"selector":{"id":"application-manageresources-display-component---newResourceUnit--DIMENSION_UNIT","interaction":{"idSuffix":"inner"}},"wdio_ui5_key":"applicationmanageresources-display-component---newResourceUnit--DIMENSION_UNIT"}]}
RESULT: undefined
COMMAND: POST /session/f2cd4ae8189ca6d10895ec2a4c0fd9f4/execute/async - {"script":"<script> [776 bytes]","args":[{"enterText":"Meter","selector":{"id":"application-manageresources-display-component---newResourceUnit--DIMENSION_UNIT","interaction":{"idSuffix":"inner"}},"clearTextFirst":true,"interactionType":"ENTER_TEXT"}]}
RESULT: {"script":"<script> [776 bytes]","args":[{"enterText":"Meter","selector":{"id":"application-manageresources-display-component---newResourceUnit--DIMENSION_UNIT","interaction":{"idSuffix":"inner"}},"clearTextFirst":true,"interactionType":"ENTER_TEXT"}]}
COMMAND: POST /session/f2cd4ae8189ca6d10895ec2a4c0fd9f4/execute/async - {"script":"<script> [1562 bytes]","args":[{"selector":{"id":"application-manageresources-display-component---newResourceUnit--newRRUPage-anchBar-application-manageresources-display-component---newResourceUnit--control-anchor","interaction":{"idSuffix":"BDI-content"}},"wdio_ui5_key":"applicationmanageresources-display-component---newResourceUnit--newRRUPage-anchBar-application-manageresources-display-component---newResourceUnit--control-anchor"}]}
RESULT: {"script":"<script> [1562 bytes]","args":[{"selector":{"id":"application-manageresources-display-component---newResourceUnit--newRRUPage-anchBar-application-manageresources-display-component---newResourceUnit--control-anchor","interaction":{"idSuffix":"BDI-content"}},"wdio_ui5_key":"applicationmanageresources-display-component---newResourceUnit--newRRUPage-anchBar-application-manageresources-display-component---newResourceUnit--control-anchor"}]}
RESULT: undefined
COMMAND: POST /session/f2cd4ae8189ca6d10895ec2a4c0fd9f4/element - {"using":"xpath","value":"//*[@id=\"application-manageresources-display-component---newResourceUnit--newRRUPage-anchBar-application-manageresources-display-component---newResourceUnit--control-anchor\"]"}
RESULT: {"using":"xpath","value":"//*[@id=\"application-manageresources-display-component---newResourceUnit--newRRUPage-anchBar-application-manageresources-display-component---newResourceUnit--control-anchor\"]"}
COMMAND: POST /session/f2cd4ae8189ca6d10895ec2a4c0fd9f4/element/f.424AAD618E1F24C3245613156BD8613D.d.2659EA4A78CEBD396B26CCA97134E20B.e.755/click - {}
RESULT: {}
COMMAND: POST /session/f2cd4ae8189ca6d10895ec2a4c0fd9f4/execute/async - {"script":"<script> [1562 bytes]","args":[{"selector":{"id":"application-manageresources-display-component---newResourceUnit--PLANNING_GROUP","interaction":{"idSuffix":"inner"}},"wdio_ui5_key":"applicationmanageresources-display-component---newResourceUnit--PLANNING_GROUP"}]}
COMMAND: GET /session/f2cd4ae8189ca6d10895ec2a4c0fd9f4/screenshot - {}
RESULT: {"script":"<script> [1562 bytes]","args":[{"selector":{"id":"application-manageresources-display-component---newResourceUnit--PLANNING_GROUP","interaction":{"idSuffix":"inner"}},"wdio_ui5_key":"applicationmanageresources-display-component---newResourceUnit--PLANNING_GROUP"}]}
RESULT: undefined
COMMAND: POST /session/f2cd4ae8189ca6d10895ec2a4c0fd9f4/execute/async - {"script":"<script> [776 bytes]","args":[{"enterText":"Heavy Equi","selector":{"id":"application-manageresources-display-component---newResourceUnit--PLANNING_GROUP","interaction":{"idSuffix":"inner"}},"clearTextFirst":true,"interactionType":"ENTER_TEXT"}]}
RESULT: {}
RESULT: {"script":"<script> [776 bytes]","args":[{"enterText":"Heavy Equi","selector":{"id":"application-manageresources-display-component---newResourceUnit--PLANNING_GROUP","interaction":{"idSuffix":"inner"}},"clearTextFirst":true,"interactionType":"ENTER_TEXT"}]}
COMMAND: POST /session/f2cd4ae8189ca6d10895ec2a4c0fd9f4/execute/async - {"script":"<script> [1562 bytes]","args":[{"selector":{"id":"application-manageresources-display-component---newResourceUnit--ITEM_TYPE-arrow"},"wdio_ui5_key":"applicationmanageresources-display-component---newResourceUnit--ITEM_TYPE-arrow"}]}
RESULT: {"script":"<script> [1562 bytes]","args":[{"selector":{"id":"application-manageresources-display-component---newResourceUnit--ITEM_TYPE-arrow"},"wdio_ui5_key":"applicationmanageresources-display-component---newResourceUnit--ITEM_TYPE-arrow"}]}
RESULT: undefined
COMMAND: POST /session/f2cd4ae8189ca6d10895ec2a4c0fd9f4/element - {"using":"xpath","value":"//*[@id=\"application-manageresources-display-component---newResourceUnit--ITEM_TYPE-arrow\"]"}
RESULT: {"using":"xpath","value":"//*[@id=\"application-manageresources-display-component---newResourceUnit--ITEM_TYPE-arrow\"]"}
COMMAND: POST /session/f2cd4ae8189ca6d10895ec2a4c0fd9f4/element/f.424AAD618E1F24C3245613156BD8613D.d.2659EA4A78CEBD396B26CCA97134E20B.e.762/click - {}
RESULT: {}
COMMAND: POST /session/f2cd4ae8189ca6d10895ec2a4c0fd9f4/execute/async - {"script":"<script> [1562 bytes]","args":[{"selector":{"controlType":"sap.m.StandardListItem","viewName":"reusables.view.manageresources.NewResourceUnit","viewId":"application-manageresources-display-component---newResourceUnit","properties":{"title":"Resource Unit"},"searchOpenDialogs":true,"interaction":{"idSuffix":"titleText"}},"wdio_ui5_key":"reusablesview.manageresources.NewResourceUnitsap.m.StandardListItem{\"title\":\"Resource Unit\"}"}]}
COMMAND: GET /session/f2cd4ae8189ca6d10895ec2a4c0fd9f4/screenshot - {}
RESULT: {"script":"<script> [1562 bytes]","args":[{"selector":{"controlType":"sap.m.StandardListItem","viewName":"reusables.view.manageresources.NewResourceUnit","viewId":"application-manageresources-display-component---newResourceUnit","properties":{"title":"Resource Unit"},"searchOpenDialogs":true,"interaction":{"idSuffix":"titleText"}},"wdio_ui5_key":"reusablesview.manageresources.NewResourceUnitsap.m.StandardListItem{\"title\":\"Resource Unit\"}"}]}
RESULT: undefined
COMMAND: POST /session/f2cd4ae8189ca6d10895ec2a4c0fd9f4/element - {"using":"xpath","value":"//*[@id=\"__item210\"]"}
RESULT: {}
RESULT: {"using":"xpath","value":"//*[@id=\"__item210\"]"}
COMMAND: POST /session/f2cd4ae8189ca6d10895ec2a4c0fd9f4/element/f.424AAD618E1F24C3245613156BD8613D.d.2659EA4A78CEBD396B26CCA97134E20B.e.764/click - {}
RESULT: {}
COMMAND: POST /session/f2cd4ae8189ca6d10895ec2a4c0fd9f4/execute/async - {"script":"<script> [1562 bytes]","args":[{"selector":{"id":"application-manageresources-display-component---newResourceUnit--btnAddTimeSegment-img"},"wdio_ui5_key":"applicationmanageresources-display-component---newResourceUnit--btnAddTimeSegment-img"}]}
COMMAND: GET /session/f2cd4ae8189ca6d10895ec2a4c0fd9f4/screenshot - {}
RESULT: {"script":"<script> [1562 bytes]","args":[{"selector":{"id":"application-manageresources-display-component---newResourceUnit--btnAddTimeSegment-img"},"wdio_ui5_key":"applicationmanageresources-display-component---newResourceUnit--btnAddTimeSegment-img"}]}
RESULT: undefined
COMMAND: POST /session/f2cd4ae8189ca6d10895ec2a4c0fd9f4/element - {"using":"xpath","value":"//*[@id=\"application-manageresources-display-component---newResourceUnit--btnAddTimeSegment-img\"]"}
RESULT: {}
RESULT: {"using":"xpath","value":"//*[@id=\"application-manageresources-display-component---newResourceUnit--btnAddTimeSegment-img\"]"}
COMMAND: POST /session/f2cd4ae8189ca6d10895ec2a4c0fd9f4/element/f.424AAD618E1F24C3245613156BD8613D.d.2659EA4A78CEBD396B26CCA97134E20B.e.765/click - {}
RESULT: {}
COMMAND: GET /session/f2cd4ae8189ca6d10895ec2a4c0fd9f4/screenshot - {}
RESULT: {}
COMMAND: POST /session/f2cd4ae8189ca6d10895ec2a4c0fd9f4/element - {"using":"xpath","value":"//input[@id=\"application-manageresources-display-component---newResourceUnit--idRuTSAdmin-application-manageresources-display-component---newResourceUnit--RUTimeSegment-0-inner\"]"}
RESULT: {"using":"xpath","value":"//input[@id=\"application-manageresources-display-component---newResourceUnit--idRuTSAdmin-application-manageresources-display-component---newResourceUnit--RUTimeSegment-0-inner\"]"}
COMMAND: POST /session/f2cd4ae8189ca6d10895ec2a4c0fd9f4/element/f.424AAD618E1F24C3245613156BD8613D.d.2659EA4A78CEBD396B26CCA97134E20B.e.769/clear - {}
RESULT: {}
COMMAND: POST /session/f2cd4ae8189ca6d10895ec2a4c0fd9f4/element/f.424AAD618E1F24C3245613156BD8613D.d.2659EA4A78CEBD396B26CCA97134E20B.e.769/value - {"text":"106"}
COMMAND: GET /session/f2cd4ae8189ca6d10895ec2a4c0fd9f4/screenshot - {}
RESULT: {"text":"106"}
COMMAND: GET /session/f2cd4ae8189ca6d10895ec2a4c0fd9f4/screenshot - {}
RESULT: {}
RESULT: {}
COMMAND: POST /session/f2cd4ae8189ca6d10895ec2a4c0fd9f4/element - {"using":"xpath","value":"//li[.//span[text()='106']]"}
RESULT: {"using":"xpath","value":"//li[.//span[text()='106']]"}
COMMAND: POST /session/f2cd4ae8189ca6d10895ec2a4c0fd9f4/element/f.424AAD618E1F24C3245613156BD8613D.d.2659EA4A78CEBD396B26CCA97134E20B.e.782/click - {}
RESULT: {}
COMMAND: GET /session/f2cd4ae8189ca6d10895ec2a4c0fd9f4/screenshot - {}
RESULT: {}
COMMAND: POST /session/f2cd4ae8189ca6d10895ec2a4c0fd9f4/execute/async - {"script":"<script> [1562 bytes]","args":[{"selector":{"controlType":"sap.ui.core.Icon","viewName":"reusables.view.manageresources.NewResourceUnit","viewId":"application-manageresources-display-component---newResourceUnit","properties":{"src":{"regex":{"source":"slim\\-arrow\\-down"}}},"ancestor":{"controlType":"sap.m.ComboBox","viewName":"reusables.view.manageresources.NewResourceUnit","viewId":"application-manageresources-display-component---newResourceUnit","bindingPath":{"path":"/RESOURCE_UNIT_TIME_SEQUENCES/0","propertyPath":"COST_OBJECT_ADMIN_CST_TYPE","modelName":"oNewRruModel"}}},"wdio_ui5_key":"reusablesview.manageresources.NewResourceUnitsap.ui.core.Icon{\"src\":{\"regex\":{\"source\":\"slim\\\\-arrow\\\\-down\"}}}{\"controlType\":\"sap.m.ComboBox\",\"viewName\":\"reusables.view.manageresources.NewResourceUnit\",\"viewId\":\"application-manageresources-display-component---newResourceUnit\",\"bindingPath\":{\"path\":\"/RESOURCE_UNIT_TIME_SEQUENCES/0\",\"propertyPath\":\"COST_OBJECT_ADMIN_CST_TYPE\",\"modelName\":\"oNewRruModel\"}}"}]}
RESULT: {"script":"<script> [1562 bytes]","args":[{"selector":{"controlType":"sap.ui.core.Icon","viewName":"reusables.view.manageresources.NewResourceUnit","viewId":"application-manageresources-display-component---newResourceUnit","properties":{"src":{"regex":{"source":"slim\\-arrow\\-down"}}},"ancestor":{"controlType":"sap.m.ComboBox","viewName":"reusables.view.manageresources.NewResourceUnit","viewId":"application-manageresources-display-component---newResourceUnit","bindingPath":{"path":"/RESOURCE_UNIT_TIME_SEQUENCES/0","propertyPath":"COST_OBJECT_ADMIN_CST_TYPE","modelName":"oNewRruModel"}}},"wdio_ui5_key":"reusablesview.manageresources.NewResourceUnitsap.ui.core.Icon{\"src\":{\"regex\":{\"source\":\"slim\\\\-arrow\\\\-down\"}}}{\"controlType\":\"sap.m.ComboBox\",\"viewName\":\"reusables.view.manageresources.NewResourceUnit\",\"viewId\":\"application-manageresources-display-component---newResourceUnit\",\"bindingPath\":{\"path\":\"/RESOURCE_UNIT_TIME_SEQUENCES/0\",\"propertyPath\":\"COST_OBJECT_ADMIN_CST_TYPE\",\"modelName\":\"oNewRruModel\"}}"}]}
RESULT: undefined
COMMAND: POST /session/f2cd4ae8189ca6d10895ec2a4c0fd9f4/element - {"using":"xpath","value":"//*[@id=\"__box5-application-manageresources-display-component---newResourceUnit--RUTimeSegment-0-arrow\"]"}
RESULT: {"using":"xpath","value":"//*[@id=\"__box5-application-manageresources-display-component---newResourceUnit--RUTimeSegment-0-arrow\"]"}
COMMAND: POST /session/f2cd4ae8189ca6d10895ec2a4c0fd9f4/element/f.424AAD618E1F24C3245613156BD8613D.d.2659EA4A78CEBD396B26CCA97134E20B.e.783/click - {}
RESULT: {}
COMMAND: POST /session/f2cd4ae8189ca6d10895ec2a4c0fd9f4/execute/async - {"script":"<script> [1562 bytes]","args":[{"selector":{"controlType":"sap.m.StandardListItem","viewName":"reusables.view.manageresources.NewResourceUnit","viewId":"application-manageresources-display-component---newResourceUnit","properties":{"title":"PM Order"},"searchOpenDialogs":true,"interaction":{"idSuffix":"titleText"}},"wdio_ui5_key":"reusablesview.manageresources.NewResourceUnitsap.m.StandardListItem{\"title\":\"PM Order\"}"}]}
COMMAND: GET /session/f2cd4ae8189ca6d10895ec2a4c0fd9f4/screenshot - {}
RESULT: {"script":"<script> [1562 bytes]","args":[{"selector":{"controlType":"sap.m.StandardListItem","viewName":"reusables.view.manageresources.NewResourceUnit","viewId":"application-manageresources-display-component---newResourceUnit","properties":{"title":"PM Order"},"searchOpenDialogs":true,"interaction":{"idSuffix":"titleText"}},"wdio_ui5_key":"reusablesview.manageresources.NewResourceUnitsap.m.StandardListItem{\"title\":\"PM Order\"}"}]}
RESULT: undefined
COMMAND: POST /session/f2cd4ae8189ca6d10895ec2a4c0fd9f4/element - {"using":"xpath","value":"//*[@id=\"__item636\"]"}
RESULT: {}
RESULT: {"using":"xpath","value":"//*[@id=\"__item636\"]"}
COMMAND: POST /session/f2cd4ae8189ca6d10895ec2a4c0fd9f4/element/f.424AAD618E1F24C3245613156BD8613D.d.2659EA4A78CEBD396B26CCA97134E20B.e.787/click - {}
RESULT: {}
COMMAND: GET /session/f2cd4ae8189ca6d10895ec2a4c0fd9f4/screenshot - {}
RESULT: {}
COMMAND: POST /session/f2cd4ae8189ca6d10895ec2a4c0fd9f4/element - {"using":"xpath","value":"(//input[contains(@id ,\"-application-manageresources-display-component---newResourceUnit--RUTimeSegment-0-inner\")])[8]"}
RESULT: {"using":"xpath","value":"(//input[contains(@id ,\"-application-manageresources-display-component---newResourceUnit--RUTimeSegment-0-inner\")])[8]"}
COMMAND: POST /session/f2cd4ae8189ca6d10895ec2a4c0fd9f4/element/f.424AAD618E1F24C3245613156BD8613D.d.2659EA4A78CEBD396B26CCA97134E20B.e.790/clear - {}
RESULT: {}
COMMAND: POST /session/f2cd4ae8189ca6d10895ec2a4c0fd9f4/element/f.424AAD618E1F24C3245613156BD8613D.d.2659EA4A78CEBD396B26CCA97134E20B.e.790/value - {"text":"4000360"}
COMMAND: GET /session/f2cd4ae8189ca6d10895ec2a4c0fd9f4/screenshot - {}
RESULT: {"text":"4000360"}
COMMAND: GET /session/f2cd4ae8189ca6d10895ec2a4c0fd9f4/screenshot - {}
RESULT: {}
RESULT: {}
COMMAND: POST /session/f2cd4ae8189ca6d10895ec2a4c0fd9f4/actions - {"actions":[{"id":"action1","type":"key","parameters":{},"actions":[{"type":"keyDown","value":"î€‡"},{"type":"pause","duration":10},{"type":"keyUp","value":"î€‡"}]}]}
RESULT: {"actions":[{"id":"action1","type":"key","parameters":{},"actions":[{"type":"keyDown","value":"î€‡"},{"type":"pause","duration":10},{"type":"keyUp","value":"î€‡"}]}]}
COMMAND: GET /session/f2cd4ae8189ca6d10895ec2a4c0fd9f4/screenshot - {}
RESULT: {}
COMMAND: POST /session/f2cd4ae8189ca6d10895ec2a4c0fd9f4/execute/async - {"script":"<script> [1562 bytes]","args":[{"selector":{"id":"application-manageresources-display-component---newResourceUnit--newRRUPage-anchBar-application-manageresources-display-component---newResourceUnit--resource-anchor","interaction":{"idSuffix":"BDI-content"}},"wdio_ui5_key":"applicationmanageresources-display-component---newResourceUnit--newRRUPage-anchBar-application-manageresources-display-component---newResourceUnit--resource-anchor"}]}
RESULT: {"script":"<script> [1562 bytes]","args":[{"selector":{"id":"application-manageresources-display-component---newResourceUnit--newRRUPage-anchBar-application-manageresources-display-component---newResourceUnit--resource-anchor","interaction":{"idSuffix":"BDI-content"}},"wdio_ui5_key":"applicationmanageresources-display-component---newResourceUnit--newRRUPage-anchBar-application-manageresources-display-component---newResourceUnit--resource-anchor"}]}
RESULT: undefined
COMMAND: POST /session/f2cd4ae8189ca6d10895ec2a4c0fd9f4/element - {"using":"xpath","value":"//*[@id=\"application-manageresources-display-component---newResourceUnit--newRRUPage-anchBar-application-manageresources-display-component---newResourceUnit--resource-anchor\"]"}
RESULT: {"using":"xpath","value":"//*[@id=\"application-manageresources-display-component---newResourceUnit--newRRUPage-anchBar-application-manageresources-display-component---newResourceUnit--resource-anchor\"]"}
COMMAND: POST /session/f2cd4ae8189ca6d10895ec2a4c0fd9f4/element/f.424AAD618E1F24C3245613156BD8613D.d.2659EA4A78CEBD396B26CCA97134E20B.e.821/click - {}
RESULT: {}
COMMAND: POST /session/f2cd4ae8189ca6d10895ec2a4c0fd9f4/execute/async - {"script":"<script> [1562 bytes]","args":[{"selector":{"id":"application-manageresources-display-component---newResourceUnit--PLANNED_DELIVERY_DATE","interaction":{"idSuffix":"inner"}},"wdio_ui5_key":"applicationmanageresources-display-component---newResourceUnit--PLANNED_DELIVERY_DATE"}]}
COMMAND: GET /session/f2cd4ae8189ca6d10895ec2a4c0fd9f4/screenshot - {}
RESULT: {"script":"<script> [1562 bytes]","args":[{"selector":{"id":"application-manageresources-display-component---newResourceUnit--PLANNED_DELIVERY_DATE","interaction":{"idSuffix":"inner"}},"wdio_ui5_key":"applicationmanageresources-display-component---newResourceUnit--PLANNED_DELIVERY_DATE"}]}
RESULT: undefined
COMMAND: POST /session/f2cd4ae8189ca6d10895ec2a4c0fd9f4/execute/async - {"script":"<script> [6424 bytes]","args":[{"element-6066-11e4-a52e-4f735466cecf":"f.424AAD618E1F24C3245613156BD8613D.d.2659EA4A78CEBD396B26CCA97134E20B.e.677"},"setValue",["5/3/25"]]}
RESULT: {}
RESULT: {"script":"<script> [6424 bytes]","args":[{"element-6066-11e4-a52e-4f735466cecf":"f.424AAD618E1F24C3245613156BD8613D.d.2659EA4A78CEBD396B26CCA97134E20B.e.677"},"setValue",["5/3/25"]]}
COMMAND: POST /session/f2cd4ae8189ca6d10895ec2a4c0fd9f4/execute/async - {"script":"<script> [1562 bytes]","args":[{"selector":{"controlType":"sap.m.Button","viewName":"reusables.view.manageresources.NewResourceUnit","viewId":"application-manageresources-display-component---newResourceUnit","i18NText":{"propertyName":"tooltip","key":"save"},"interaction":{"idSuffix":"BDI-content"}},"wdio_ui5_key":"reusablesview.manageresources.NewResourceUnitsap.m.Button{\"propertyName\":\"tooltip\",\"key\":\"save\"}"}]}
RESULT: {"script":"<script> [1562 bytes]","args":[{"selector":{"controlType":"sap.m.Button","viewName":"reusables.view.manageresources.NewResourceUnit","viewId":"application-manageresources-display-component---newResourceUnit","i18NText":{"propertyName":"tooltip","key":"save"},"interaction":{"idSuffix":"BDI-content"}},"wdio_ui5_key":"reusablesview.manageresources.NewResourceUnitsap.m.Button{\"propertyName\":\"tooltip\",\"key\":\"save\"}"}]}
RESULT: undefined
COMMAND: POST /session/f2cd4ae8189ca6d10895ec2a4c0fd9f4/element - {"using":"xpath","value":"//*[@id=\"application-manageresources-display-component---newResourceUnit--createRuButton\"]"}
RESULT: {"using":"xpath","value":"//*[@id=\"application-manageresources-display-component---newResourceUnit--createRuButton\"]"}
COMMAND: POST /session/f2cd4ae8189ca6d10895ec2a4c0fd9f4/element/f.424AAD618E1F24C3245613156BD8613D.d.2659EA4A78CEBD396B26CCA97134E20B.e.637/click - {}
RESULT: {}
COMMAND: GET /session/f2cd4ae8189ca6d10895ec2a4c0fd9f4/screenshot - {}
RESULT: {}
COMMAND: POST /session/f2cd4ae8189ca6d10895ec2a4c0fd9f4/execute/async - {"script":"<script> [1562 bytes]","args":[{"selector":{"controlType":"sap.m.Button","properties":{"text":"Close"},"searchOpenDialogs":true,"interaction":{"idSuffix":"inner"}},"wdio_ui5_key":"sapm.Button{\"text\":\"Close\"}"}]}
RESULT: {"script":"<script> [1562 bytes]","args":[{"selector":{"controlType":"sap.m.Button","properties":{"text":"Close"},"searchOpenDialogs":true,"interaction":{"idSuffix":"inner"}},"wdio_ui5_key":"sapm.Button{\"text\":\"Close\"}"}]}
RESULT: undefined
COMMAND: POST /session/f2cd4ae8189ca6d10895ec2a4c0fd9f4/element - {"using":"xpath","value":"//*[@id=\"__mbox-btn-0\"]"}
RESULT: {"using":"xpath","value":"//*[@id=\"__mbox-btn-0\"]"}
COMMAND: POST /session/f2cd4ae8189ca6d10895ec2a4c0fd9f4/element/f.424AAD618E1F24C3245613156BD8613D.d.2659EA4A78CEBD396B26CCA97134E20B.e.828/click - {}
RESULT: {}
COMMAND: GET /session/f2cd4ae8189ca6d10895ec2a4c0fd9f4/screenshot - {}
RESULT: {}
COMMAND: POST /session/f2cd4ae8189ca6d10895ec2a4c0fd9f4/element - {"using":"xpath","value":"(//button[contains(@id ,\"actionsToolbar-overflowButton\")])[1]"}
RESULT: {"using":"xpath","value":"(//button[contains(@id ,\"actionsToolbar-overflowButton\")])[1]"}
COMMAND: POST /session/f2cd4ae8189ca6d10895ec2a4c0fd9f4/element/f.424AAD618E1F24C3245613156BD8613D.d.2659EA4A78CEBD396B26CCA97134E20B.e.888/click - {}
RESULT: {}
COMMAND: GET /session/f2cd4ae8189ca6d10895ec2a4c0fd9f4/screenshot - {}
RESULT: {}
COMMAND: POST /session/f2cd4ae8189ca6d10895ec2a4c0fd9f4/execute/async - {"script":"<script> [1562 bytes]","args":[{"selector":{"controlType":"sap.m.Button","viewName":"etm.portal.ui.manageresources.view.Detail","viewId":"application-manageresources-display-component---detailRU","i18NText":{"propertyName":"text","key":"copy"},"searchOpenDialogs":true,"interaction":{"idSuffix":"BDI-content"}},"wdio_ui5_key":"etmportal.ui.manageresources.view.Detailsap.m.Button{\"propertyName\":\"text\",\"key\":\"copy\"}"}]}
RESULT: {"script":"<script> [1562 bytes]","args":[{"selector":{"controlType":"sap.m.Button","viewName":"etm.portal.ui.manageresources.view.Detail","viewId":"application-manageresources-display-component---detailRU","i18NText":{"propertyName":"text","key":"copy"},"searchOpenDialogs":true,"interaction":{"idSuffix":"BDI-content"}},"wdio_ui5_key":"etmportal.ui.manageresources.view.Detailsap.m.Button{\"propertyName\":\"text\",\"key\":\"copy\"}"}]}
RESULT: undefined
COMMAND: POST /session/f2cd4ae8189ca6d10895ec2a4c0fd9f4/element - {"using":"xpath","value":"//*[@id=\"__button37\"]"}
RESULT: {"using":"xpath","value":"//*[@id=\"__button37\"]"}
COMMAND: POST /session/f2cd4ae8189ca6d10895ec2a4c0fd9f4/element/f.424AAD618E1F24C3245613156BD8613D.d.2659EA4A78CEBD396B26CCA97134E20B.e.891/click - {}
RESULT: {}
COMMAND: POST /session/f2cd4ae8189ca6d10895ec2a4c0fd9f4/execute/async - {"script":"<script> [1562 bytes]","args":[{"selector":{"controlType":"sap.m.Button","viewName":"etm.portal.ui.manageresources.view.Detail","viewId":"application-manageresources-display-component---detailRU","i18NText":{"propertyName":"text","key":"selectAll"},"searchOpenDialogs":true,"interaction":{"idSuffix":"BDI-content"}},"wdio_ui5_key":"etmportal.ui.manageresources.view.Detailsap.m.Button{\"propertyName\":\"text\",\"key\":\"selectAll\"}"}]}
COMMAND: GET /session/f2cd4ae8189ca6d10895ec2a4c0fd9f4/screenshot - {}
RESULT: {"script":"<script> [1562 bytes]","args":[{"selector":{"controlType":"sap.m.Button","viewName":"etm.portal.ui.manageresources.view.Detail","viewId":"application-manageresources-display-component---detailRU","i18NText":{"propertyName":"text","key":"selectAll"},"searchOpenDialogs":true,"interaction":{"idSuffix":"BDI-content"}},"wdio_ui5_key":"etmportal.ui.manageresources.view.Detailsap.m.Button{\"propertyName\":\"text\",\"key\":\"selectAll\"}"}]}
RESULT: undefined
COMMAND: POST /session/f2cd4ae8189ca6d10895ec2a4c0fd9f4/element - {"using":"xpath","value":"//*[@id=\"__button83\"]"}
RESULT: {}
RESULT: {"using":"xpath","value":"//*[@id=\"__button83\"]"}
COMMAND: POST /session/f2cd4ae8189ca6d10895ec2a4c0fd9f4/element/f.424AAD618E1F24C3245613156BD8613D.d.2659EA4A78CEBD396B26CCA97134E20B.e.892/click - {}
RESULT: {}
COMMAND: POST /session/f2cd4ae8189ca6d10895ec2a4c0fd9f4/execute/async - {"script":"<script> [1562 bytes]","args":[{"selector":{"controlType":"sap.m.Button","viewName":"etm.portal.ui.manageresources.view.Detail","viewId":"application-manageresources-display-component---detailRU","i18NText":{"propertyName":"text","key":"confirm"},"searchOpenDialogs":true,"interaction":{"idSuffix":"BDI-content"}},"wdio_ui5_key":"etmportal.ui.manageresources.view.Detailsap.m.Button{\"propertyName\":\"text\",\"key\":\"confirm\"}"}]}
COMMAND: GET /session/f2cd4ae8189ca6d10895ec2a4c0fd9f4/screenshot - {}
RESULT: {"script":"<script> [1562 bytes]","args":[{"selector":{"controlType":"sap.m.Button","viewName":"etm.portal.ui.manageresources.view.Detail","viewId":"application-manageresources-display-component---detailRU","i18NText":{"propertyName":"text","key":"confirm"},"searchOpenDialogs":true,"interaction":{"idSuffix":"BDI-content"}},"wdio_ui5_key":"etmportal.ui.manageresources.view.Detailsap.m.Button{\"propertyName\":\"text\",\"key\":\"confirm\"}"}]}
RESULT: undefined
COMMAND: POST /session/f2cd4ae8189ca6d10895ec2a4c0fd9f4/element - {"using":"xpath","value":"//*[@id=\"__button84\"]"}
RESULT: {}
RESULT: {"using":"xpath","value":"//*[@id=\"__button84\"]"}
COMMAND: POST /session/f2cd4ae8189ca6d10895ec2a4c0fd9f4/element/f.424AAD618E1F24C3245613156BD8613D.d.2659EA4A78CEBD396B26CCA97134E20B.e.917/click - {}
RESULT: {}
COMMAND: GET /session/f2cd4ae8189ca6d10895ec2a4c0fd9f4/screenshot - {}
RESULT: {}
COMMAND: POST /session/f2cd4ae8189ca6d10895ec2a4c0fd9f4/execute/async - {"script":"<script> [1562 bytes]","args":[{"selector":{"id":"application-manageresources-display-component---newResourceUnit--newRRUPage-anchBar-application-manageresources-display-component---newResourceUnit--general-anchor","interaction":{"idSuffix":"BDI-content"}},"wdio_ui5_key":"applicationmanageresources-display-component---newResourceUnit--newRRUPage-anchBar-application-manageresources-display-component---newResourceUnit--general-anchor"}]}
RESULT: {"script":"<script> [1562 bytes]","args":[{"selector":{"id":"application-manageresources-display-component---newResourceUnit--newRRUPage-anchBar-application-manageresources-display-component---newResourceUnit--general-anchor","interaction":{"idSuffix":"BDI-content"}},"wdio_ui5_key":"applicationmanageresources-display-component---newResourceUnit--newRRUPage-anchBar-application-manageresources-display-component---newResourceUnit--general-anchor"}]}
RESULT: undefined
COMMAND: POST /session/f2cd4ae8189ca6d10895ec2a4c0fd9f4/element - {"using":"xpath","value":"//*[@id=\"application-manageresources-display-component---newResourceUnit--newRRUPage-anchBar-application-manageresources-display-component---newResourceUnit--general-anchor\"]"}
RESULT: {"using":"xpath","value":"//*[@id=\"application-manageresources-display-component---newResourceUnit--newRRUPage-anchBar-application-manageresources-display-component---newResourceUnit--general-anchor\"]"}
COMMAND: POST /session/f2cd4ae8189ca6d10895ec2a4c0fd9f4/element/f.424AAD618E1F24C3245613156BD8613D.d.2659EA4A78CEBD396B26CCA97134E20B.e.925/click - {}
RESULT: {}
COMMAND: GET /session/f2cd4ae8189ca6d10895ec2a4c0fd9f4/screenshot - {}
RESULT: {}
COMMAND: POST /session/f2cd4ae8189ca6d10895ec2a4c0fd9f4/actions - {"actions":[{"type":"key","id":"keyboard","actions":[{"type":"keyDown","value":"î™"}]}]}
RESULT: {"actions":[{"type":"key","id":"keyboard","actions":[{"type":"keyDown","value":"î™"}]}]}
COMMAND: GET /session/f2cd4ae8189ca6d10895ec2a4c0fd9f4/screenshot - {}
RESULT: {}
RESULT: undefined
COMMAND: POST /session/f2cd4ae8189ca6d10895ec2a4c0fd9f4/execute/async - {"script":"<script> [776 bytes]","args":[{"enterText":"lpWjxr6ey_2","selector":{"id":"application-manageresources-display-component---newResourceUnit--resourceId","interaction":{"idSuffix":"inner"}},"clearTextFirst":true,"interactionType":"ENTER_TEXT"}]}
RESULT: {"script":"<script> [776 bytes]","args":[{"enterText":"lpWjxr6ey_2","selector":{"id":"application-manageresources-display-component---newResourceUnit--resourceId","interaction":{"idSuffix":"inner"}},"clearTextFirst":true,"interactionType":"ENTER_TEXT"}]}
RESULT: undefined
RESULT: undefined
COMMAND: POST /session/f2cd4ae8189ca6d10895ec2a4c0fd9f4/execute/async - {"script":"<script> [776 bytes]","args":[{"enterText":"lpWjxr6ey_2","selector":{"id":"application-manageresources-display-component---newResourceUnit--SHORT_TEXT","interaction":{"idSuffix":"inner"}},"clearTextFirst":true,"interactionType":"ENTER_TEXT"}]}
RESULT: {"script":"<script> [776 bytes]","args":[{"enterText":"lpWjxr6ey_2","selector":{"id":"application-manageresources-display-component---newResourceUnit--SHORT_TEXT","interaction":{"idSuffix":"inner"}},"clearTextFirst":true,"interactionType":"ENTER_TEXT"}]}
RESULT: undefined
COMMAND: POST /session/f2cd4ae8189ca6d10895ec2a4c0fd9f4/element - {"using":"xpath","value":"//*[@id=\"application-manageresources-display-component---newResourceUnit--createRuButton\"]"}
RESULT: {"using":"xpath","value":"//*[@id=\"application-manageresources-display-component---newResourceUnit--createRuButton\"]"}
COMMAND: POST /session/f2cd4ae8189ca6d10895ec2a4c0fd9f4/element/f.424AAD618E1F24C3245613156BD8613D.d.2659EA4A78CEBD396B26CCA97134E20B.e.637/click - {}
RESULT: {}
COMMAND: GET /session/f2cd4ae8189ca6d10895ec2a4c0fd9f4/screenshot - {}
RESULT: {}
COMMAND: POST /session/f2cd4ae8189ca6d10895ec2a4c0fd9f4/element - {"using":"xpath","value":"//bdi[contains(text(), \"Close\")]"}
RESULT: {"using":"xpath","value":"//bdi[contains(text(), \"Close\")]"}
COMMAND: POST /session/f2cd4ae8189ca6d10895ec2a4c0fd9f4/element/f.424AAD618E1F24C3245613156BD8613D.d.2659EA4A78CEBD396B26CCA97134E20B.e.931/click - {}
RESULT: {}
COMMAND: GET /session/f2cd4ae8189ca6d10895ec2a4c0fd9f4/screenshot - {}
RESULT: {}
COMMAND: POST /session/f2cd4ae8189ca6d10895ec2a4c0fd9f4/element - {"using":"css selector","value":"#shell-header-logo"}
RESULT: {"using":"css selector","value":"#shell-header-logo"}
COMMAND: POST /session/f2cd4ae8189ca6d10895ec2a4c0fd9f4/element/f.424AAD618E1F24C3245613156BD8613D.d.2659EA4A78CEBD396B26CCA97134E20B.e.219/click - {}
RESULT: {}
COMMAND: GET /session/f2cd4ae8189ca6d10895ec2a4c0fd9f4/screenshot - {}
RESULT: {}
]]></system-out>
    </testcase>
    <testcase classname="chrome.135_0_7049_96.windows.Bill_of_Resources_tests_for_bundle_creation_&amp;_replenishment_US131067_US131070" name="Should do a stock increase for the equipments" time="78.39">
      <system-out><![CDATA[
COMMAND: POST /session/f2cd4ae8189ca6d10895ec2a4c0fd9f4/execute/async - {"script":"<script> [1562 bytes]","args":[{"selector":{"controlType":"sap.m.Text","viewName":"etm.portal.ui.managehandoverstile.view.Master","properties":{"text":"Manage Handovers"},"interaction":{"idSuffix":"inner"}},"wdio_ui5_key":"etmportal.ui.managehandoverstile.view.Mastersap.m.Text{\"text\":\"Manage Handovers\"}"}]}
RESULT: {"script":"<script> [1562 bytes]","args":[{"selector":{"controlType":"sap.m.Text","viewName":"etm.portal.ui.managehandoverstile.view.Master","properties":{"text":"Manage Handovers"},"interaction":{"idSuffix":"inner"}},"wdio_ui5_key":"etmportal.ui.managehandoverstile.view.Mastersap.m.Text{\"text\":\"Manage Handovers\"}"}]}
RESULT: undefined
COMMAND: POST /session/f2cd4ae8189ca6d10895ec2a4c0fd9f4/element - {"using":"xpath","value":"//*[@id=\"__tile133-title\"]"}
RESULT: {"using":"xpath","value":"//*[@id=\"__tile133-title\"]"}
COMMAND: POST /session/f2cd4ae8189ca6d10895ec2a4c0fd9f4/element/f.424AAD618E1F24C3245613156BD8613D.d.2659EA4A78CEBD396B26CCA97134E20B.e.938/click - {}
RESULT: {}
COMMAND: POST /session/f2cd4ae8189ca6d10895ec2a4c0fd9f4/element - {"using":"xpath","value":"//button[@data-kt=\"masterHOAddButton\"]"}
COMMAND: GET /session/f2cd4ae8189ca6d10895ec2a4c0fd9f4/screenshot - {}
RESULT: {"using":"xpath","value":"//button[@data-kt=\"masterHOAddButton\"]"}
COMMAND: POST /session/f2cd4ae8189ca6d10895ec2a4c0fd9f4/elements - {"using":"xpath","value":"//button[@data-kt=\"masterHOAddButton\"]"}
RESULT: {}
RESULT: {"using":"xpath","value":"//button[@data-kt=\"masterHOAddButton\"]"}
COMMAND: POST /session/f2cd4ae8189ca6d10895ec2a4c0fd9f4/elements - {"using":"xpath","value":"//button[@data-kt=\"masterHOAddButton\"]"}
RESULT: {"using":"xpath","value":"//button[@data-kt=\"masterHOAddButton\"]"}
COMMAND: POST /session/f2cd4ae8189ca6d10895ec2a4c0fd9f4/elements - {"using":"xpath","value":"//button[@data-kt=\"masterHOAddButton\"]"}
RESULT: {"using":"xpath","value":"//button[@data-kt=\"masterHOAddButton\"]"}
COMMAND: POST /session/f2cd4ae8189ca6d10895ec2a4c0fd9f4/elements - {"using":"xpath","value":"//button[@data-kt=\"masterHOAddButton\"]"}
RESULT: {"using":"xpath","value":"//button[@data-kt=\"masterHOAddButton\"]"}
COMMAND: POST /session/f2cd4ae8189ca6d10895ec2a4c0fd9f4/elements - {"using":"xpath","value":"//button[@data-kt=\"masterHOAddButton\"]"}
RESULT: {"using":"xpath","value":"//button[@data-kt=\"masterHOAddButton\"]"}
COMMAND: POST /session/f2cd4ae8189ca6d10895ec2a4c0fd9f4/elements - {"using":"xpath","value":"//button[@data-kt=\"masterHOAddButton\"]"}
RESULT: {"using":"xpath","value":"//button[@data-kt=\"masterHOAddButton\"]"}
COMMAND: POST /session/f2cd4ae8189ca6d10895ec2a4c0fd9f4/elements - {"using":"xpath","value":"//button[@data-kt=\"masterHOAddButton\"]"}
RESULT: {"using":"xpath","value":"//button[@data-kt=\"masterHOAddButton\"]"}
COMMAND: POST /session/f2cd4ae8189ca6d10895ec2a4c0fd9f4/elements - {"using":"xpath","value":"//button[@data-kt=\"masterHOAddButton\"]"}
RESULT: {"using":"xpath","value":"//button[@data-kt=\"masterHOAddButton\"]"}
COMMAND: POST /session/f2cd4ae8189ca6d10895ec2a4c0fd9f4/elements - {"using":"xpath","value":"//button[@data-kt=\"masterHOAddButton\"]"}
RESULT: {"using":"xpath","value":"//button[@data-kt=\"masterHOAddButton\"]"}
COMMAND: POST /session/f2cd4ae8189ca6d10895ec2a4c0fd9f4/elements - {"using":"xpath","value":"//button[@data-kt=\"masterHOAddButton\"]"}
RESULT: {"using":"xpath","value":"//button[@data-kt=\"masterHOAddButton\"]"}
COMMAND: POST /session/f2cd4ae8189ca6d10895ec2a4c0fd9f4/elements - {"using":"xpath","value":"//button[@data-kt=\"masterHOAddButton\"]"}
RESULT: {"using":"xpath","value":"//button[@data-kt=\"masterHOAddButton\"]"}
COMMAND: POST /session/f2cd4ae8189ca6d10895ec2a4c0fd9f4/elements - {"using":"xpath","value":"//button[@data-kt=\"masterHOAddButton\"]"}
RESULT: {"using":"xpath","value":"//button[@data-kt=\"masterHOAddButton\"]"}
COMMAND: POST /session/f2cd4ae8189ca6d10895ec2a4c0fd9f4/elements - {"using":"xpath","value":"//button[@data-kt=\"masterHOAddButton\"]"}
RESULT: {"using":"xpath","value":"//button[@data-kt=\"masterHOAddButton\"]"}
COMMAND: POST /session/f2cd4ae8189ca6d10895ec2a4c0fd9f4/elements - {"using":"xpath","value":"//button[@data-kt=\"masterHOAddButton\"]"}
RESULT: {"using":"xpath","value":"//button[@data-kt=\"masterHOAddButton\"]"}
COMMAND: POST /session/f2cd4ae8189ca6d10895ec2a4c0fd9f4/elements - {"using":"xpath","value":"//button[@data-kt=\"masterHOAddButton\"]"}
RESULT: {"using":"xpath","value":"//button[@data-kt=\"masterHOAddButton\"]"}
COMMAND: POST /session/f2cd4ae8189ca6d10895ec2a4c0fd9f4/elements - {"using":"xpath","value":"//button[@data-kt=\"masterHOAddButton\"]"}
RESULT: {"using":"xpath","value":"//button[@data-kt=\"masterHOAddButton\"]"}
COMMAND: POST /session/f2cd4ae8189ca6d10895ec2a4c0fd9f4/elements - {"using":"xpath","value":"//button[@data-kt=\"masterHOAddButton\"]"}
RESULT: {"using":"xpath","value":"//button[@data-kt=\"masterHOAddButton\"]"}
COMMAND: POST /session/f2cd4ae8189ca6d10895ec2a4c0fd9f4/elements - {"using":"xpath","value":"//button[@data-kt=\"masterHOAddButton\"]"}
RESULT: {"using":"xpath","value":"//button[@data-kt=\"masterHOAddButton\"]"}
COMMAND: POST /session/f2cd4ae8189ca6d10895ec2a4c0fd9f4/elements - {"using":"xpath","value":"//button[@data-kt=\"masterHOAddButton\"]"}
RESULT: {"using":"xpath","value":"//button[@data-kt=\"masterHOAddButton\"]"}
COMMAND: POST /session/f2cd4ae8189ca6d10895ec2a4c0fd9f4/elements - {"using":"xpath","value":"//button[@data-kt=\"masterHOAddButton\"]"}
RESULT: {"using":"xpath","value":"//button[@data-kt=\"masterHOAddButton\"]"}
COMMAND: POST /session/f2cd4ae8189ca6d10895ec2a4c0fd9f4/element - {"using":"xpath","value":"//button[@data-kt=\"masterHOAddButton\"]"}
RESULT: {"using":"xpath","value":"//button[@data-kt=\"masterHOAddButton\"]"}
COMMAND: POST /session/f2cd4ae8189ca6d10895ec2a4c0fd9f4/execute/sync - {"script":"<script> [8489 bytes]","args":[{"element-6066-11e4-a52e-4f735466cecf":"f.424AAD618E1F24C3245613156BD8613D.d.2659EA4A78CEBD396B26CCA97134E20B.e.978","ELEMENT":"f.424AAD618E1F24C3245613156BD8613D.d.2659EA4A78CEBD396B26CCA97134E20B.e.978"}]}
RESULT: {"script":"<script> [8489 bytes]","args":[{"element-6066-11e4-a52e-4f735466cecf":"f.424AAD618E1F24C3245613156BD8613D.d.2659EA4A78CEBD396B26CCA97134E20B.e.978","ELEMENT":"f.424AAD618E1F24C3245613156BD8613D.d.2659EA4A78CEBD396B26CCA97134E20B.e.978"}]}
COMMAND: GET /session/f2cd4ae8189ca6d10895ec2a4c0fd9f4/element/f.424AAD618E1F24C3245613156BD8613D.d.2659EA4A78CEBD396B26CCA97134E20B.e.978/enabled - {}
COMMAND: GET /session/f2cd4ae8189ca6d10895ec2a4c0fd9f4/screenshot - {}
RESULT: {}
COMMAND: POST /session/f2cd4ae8189ca6d10895ec2a4c0fd9f4/execute/sync - {"script":"<script> [8489 bytes]","args":[{"element-6066-11e4-a52e-4f735466cecf":"f.424AAD618E1F24C3245613156BD8613D.d.2659EA4A78CEBD396B26CCA97134E20B.e.978","ELEMENT":"f.424AAD618E1F24C3245613156BD8613D.d.2659EA4A78CEBD396B26CCA97134E20B.e.978"}]}
COMMAND: GET /session/f2cd4ae8189ca6d10895ec2a4c0fd9f4/screenshot - {}
RESULT: {}
RESULT: {"script":"<script> [8489 bytes]","args":[{"element-6066-11e4-a52e-4f735466cecf":"f.424AAD618E1F24C3245613156BD8613D.d.2659EA4A78CEBD396B26CCA97134E20B.e.978","ELEMENT":"f.424AAD618E1F24C3245613156BD8613D.d.2659EA4A78CEBD396B26CCA97134E20B.e.978"}]}
COMMAND: POST /session/f2cd4ae8189ca6d10895ec2a4c0fd9f4/execute/sync - {"script":"<script> [5351 bytes]","args":[{"element-6066-11e4-a52e-4f735466cecf":"f.424AAD618E1F24C3245613156BD8613D.d.2659EA4A78CEBD396B26CCA97134E20B.e.978","ELEMENT":"f.424AAD618E1F24C3245613156BD8613D.d.2659EA4A78CEBD396B26CCA97134E20B.e.978"}]}
COMMAND: GET /session/f2cd4ae8189ca6d10895ec2a4c0fd9f4/screenshot - {}
RESULT: {}
RESULT: {"script":"<script> [5351 bytes]","args":[{"element-6066-11e4-a52e-4f735466cecf":"f.424AAD618E1F24C3245613156BD8613D.d.2659EA4A78CEBD396B26CCA97134E20B.e.978","ELEMENT":"f.424AAD618E1F24C3245613156BD8613D.d.2659EA4A78CEBD396B26CCA97134E20B.e.978"}]}
COMMAND: POST /session/f2cd4ae8189ca6d10895ec2a4c0fd9f4/element/f.424AAD618E1F24C3245613156BD8613D.d.2659EA4A78CEBD396B26CCA97134E20B.e.978/click - {}
COMMAND: GET /session/f2cd4ae8189ca6d10895ec2a4c0fd9f4/screenshot - {}
RESULT: {}
RESULT: {}
COMMAND: GET /session/f2cd4ae8189ca6d10895ec2a4c0fd9f4/screenshot - {}
RESULT: {}
COMMAND: POST /session/f2cd4ae8189ca6d10895ec2a4c0fd9f4/element - {"using":"xpath","value":"//span[contains(@id ,\"AddNewHO--typeSelect-arrow\")]"}
RESULT: {}
RESULT: {"using":"xpath","value":"//span[contains(@id ,\"AddNewHO--typeSelect-arrow\")]"}
COMMAND: POST /session/f2cd4ae8189ca6d10895ec2a4c0fd9f4/element/f.424AAD618E1F24C3245613156BD8613D.d.2659EA4A78CEBD396B26CCA97134E20B.e.1333/click - {}
RESULT: {}
COMMAND: GET /session/f2cd4ae8189ca6d10895ec2a4c0fd9f4/screenshot - {}
RESULT: {}
COMMAND: POST /session/f2cd4ae8189ca6d10895ec2a4c0fd9f4/element - {"using":"xpath","value":"(//li[contains(text(), \"stock increase yard\")])[1]"}
RESULT: {"using":"xpath","value":"(//li[contains(text(), \"stock increase yard\")])[1]"}
COMMAND: POST /session/f2cd4ae8189ca6d10895ec2a4c0fd9f4/element/f.424AAD618E1F24C3245613156BD8613D.d.2659EA4A78CEBD396B26CCA97134E20B.e.1334/click - {}
RESULT: {}
COMMAND: GET /session/f2cd4ae8189ca6d10895ec2a4c0fd9f4/screenshot - {}
RESULT: {}
COMMAND: POST /session/f2cd4ae8189ca6d10895ec2a4c0fd9f4/execute/async - {"script":"<script> [1562 bytes]","args":[{"selector":{"id":"application-managehandovers-display-component---AddNewHO--dueDate","interaction":{"idSuffix":"inner"}},"wdio_ui5_key":"applicationmanagehandovers-display-component---AddNewHO--dueDate"}]}
RESULT: {"script":"<script> [1562 bytes]","args":[{"selector":{"id":"application-managehandovers-display-component---AddNewHO--dueDate","interaction":{"idSuffix":"inner"}},"wdio_ui5_key":"applicationmanagehandovers-display-component---AddNewHO--dueDate"}]}
RESULT: undefined
COMMAND: POST /session/f2cd4ae8189ca6d10895ec2a4c0fd9f4/execute/async - {"script":"<script> [6424 bytes]","args":[{"element-6066-11e4-a52e-4f735466cecf":"f.424AAD618E1F24C3245613156BD8613D.d.2659EA4A78CEBD396B26CCA97134E20B.e.1336"},"setValue",["05/03/2025"]]}
RESULT: {"script":"<script> [6424 bytes]","args":[{"element-6066-11e4-a52e-4f735466cecf":"f.424AAD618E1F24C3245613156BD8613D.d.2659EA4A78CEBD396B26CCA97134E20B.e.1336"},"setValue",["05/03/2025"]]}
COMMAND: POST /session/f2cd4ae8189ca6d10895ec2a4c0fd9f4/element - {"using":"xpath","value":"//input[@id=\"generalSectionFrg--receiveYard-inner\"]"}
RESULT: {"using":"xpath","value":"//input[@id=\"generalSectionFrg--receiveYard-inner\"]"}
COMMAND: POST /session/f2cd4ae8189ca6d10895ec2a4c0fd9f4/element/f.424AAD618E1F24C3245613156BD8613D.d.2659EA4A78CEBD396B26CCA97134E20B.e.1342/clear - {}
RESULT: {}
COMMAND: POST /session/f2cd4ae8189ca6d10895ec2a4c0fd9f4/element/f.424AAD618E1F24C3245613156BD8613D.d.2659EA4A78CEBD396B26CCA97134E20B.e.1342/value - {"text":"106"}
COMMAND: GET /session/f2cd4ae8189ca6d10895ec2a4c0fd9f4/screenshot - {}
RESULT: {"text":"106"}
COMMAND: GET /session/f2cd4ae8189ca6d10895ec2a4c0fd9f4/screenshot - {}
RESULT: {}
RESULT: {}
COMMAND: POST /session/f2cd4ae8189ca6d10895ec2a4c0fd9f4/element - {"using":"xpath","value":"//li[.//span[text()='106']]"}
RESULT: {"using":"xpath","value":"//li[.//span[text()='106']]"}
COMMAND: POST /session/f2cd4ae8189ca6d10895ec2a4c0fd9f4/element/f.424AAD618E1F24C3245613156BD8613D.d.2659EA4A78CEBD396B26CCA97134E20B.e.1360/click - {}
RESULT: {}
COMMAND: GET /session/f2cd4ae8189ca6d10895ec2a4c0fd9f4/screenshot - {}
RESULT: {}
COMMAND: POST /session/f2cd4ae8189ca6d10895ec2a4c0fd9f4/execute/async - {"script":"<script> [1562 bytes]","args":[{"selector":{"id":"application-managehandovers-display-component---AddNewHO--ObjectPageLayout-anchBar-application-managehandovers-display-component---AddNewHO--section4-anchor","interaction":{"idSuffix":"BDI-content"}},"wdio_ui5_key":"applicationmanagehandovers-display-component---AddNewHO--ObjectPageLayout-anchBar-application-managehandovers-display-component---AddNewHO--section4-anchor"}]}
RESULT: {"script":"<script> [1562 bytes]","args":[{"selector":{"id":"application-managehandovers-display-component---AddNewHO--ObjectPageLayout-anchBar-application-managehandovers-display-component---AddNewHO--section4-anchor","interaction":{"idSuffix":"BDI-content"}},"wdio_ui5_key":"applicationmanagehandovers-display-component---AddNewHO--ObjectPageLayout-anchBar-application-managehandovers-display-component---AddNewHO--section4-anchor"}]}
RESULT: undefined
COMMAND: POST /session/f2cd4ae8189ca6d10895ec2a4c0fd9f4/element - {"using":"xpath","value":"//*[@id=\"application-managehandovers-display-component---AddNewHO--ObjectPageLayout-anchBar-application-managehandovers-display-component---AddNewHO--section4-anchor\"]"}
RESULT: {"using":"xpath","value":"//*[@id=\"application-managehandovers-display-component---AddNewHO--ObjectPageLayout-anchBar-application-managehandovers-display-component---AddNewHO--section4-anchor\"]"}
COMMAND: POST /session/f2cd4ae8189ca6d10895ec2a4c0fd9f4/element/f.424AAD618E1F24C3245613156BD8613D.d.2659EA4A78CEBD396B26CCA97134E20B.e.1362/click - {}
RESULT: {}
COMMAND: POST /session/f2cd4ae8189ca6d10895ec2a4c0fd9f4/execute/async - {"script":"<script> [1562 bytes]","args":[{"selector":{"controlType":"sap.ui.core.Icon","viewName":"etm.portal.ui.managehandovers.view.AddNewHO","viewId":"application-managehandovers-display-component---AddNewHO","properties":{"src":{"regex":{"source":"add"}}}},"wdio_ui5_key":"etmportal.ui.managehandovers.view.AddNewHOsap.ui.core.Icon{\"src\":{\"regex\":{\"source\":\"add\"}}}"}]}
COMMAND: GET /session/f2cd4ae8189ca6d10895ec2a4c0fd9f4/screenshot - {}
RESULT: {"script":"<script> [1562 bytes]","args":[{"selector":{"controlType":"sap.ui.core.Icon","viewName":"etm.portal.ui.managehandovers.view.AddNewHO","viewId":"application-managehandovers-display-component---AddNewHO","properties":{"src":{"regex":{"source":"add"}}}},"wdio_ui5_key":"etmportal.ui.managehandovers.view.AddNewHOsap.ui.core.Icon{\"src\":{\"regex\":{\"source\":\"add\"}}}"}]}
RESULT: undefined
COMMAND: POST /session/f2cd4ae8189ca6d10895ec2a4c0fd9f4/element - {"using":"xpath","value":"//*[@id=\"__button107-img\"]"}
RESULT: {}
RESULT: {"using":"xpath","value":"//*[@id=\"__button107-img\"]"}
COMMAND: POST /session/f2cd4ae8189ca6d10895ec2a4c0fd9f4/element/f.424AAD618E1F24C3245613156BD8613D.d.2659EA4A78CEBD396B26CCA97134E20B.e.1366/click - {}
RESULT: {}
COMMAND: POST /session/f2cd4ae8189ca6d10895ec2a4c0fd9f4/execute/async - {"script":"<script> [1562 bytes]","args":[{"selector":{"id":"application-managehandovers-display-component---AddNewHO--smartFilterBar-btnBasicSearch","searchOpenDialogs":true,"interaction":{"idSuffix":"I"}},"wdio_ui5_key":"applicationmanagehandovers-display-component---AddNewHO--smartFilterBar-btnBasicSearch"}]}
COMMAND: GET /session/f2cd4ae8189ca6d10895ec2a4c0fd9f4/screenshot - {}
RESULT: {"script":"<script> [1562 bytes]","args":[{"selector":{"id":"application-managehandovers-display-component---AddNewHO--smartFilterBar-btnBasicSearch","searchOpenDialogs":true,"interaction":{"idSuffix":"I"}},"wdio_ui5_key":"applicationmanagehandovers-display-component---AddNewHO--smartFilterBar-btnBasicSearch"}]}
RESULT: undefined
COMMAND: POST /session/f2cd4ae8189ca6d10895ec2a4c0fd9f4/execute/async - {"script":"<script> [776 bytes]","args":[{"enterText":"lpWjxr6ey_","selector":{"id":"application-managehandovers-display-component---AddNewHO--smartFilterBar-btnBasicSearch","searchOpenDialogs":true,"interaction":{"idSuffix":"I"}},"clearTextFirst":true,"interactionType":"ENTER_TEXT"}]}
RESULT: {}
RESULT: {"script":"<script> [776 bytes]","args":[{"enterText":"lpWjxr6ey_","selector":{"id":"application-managehandovers-display-component---AddNewHO--smartFilterBar-btnBasicSearch","searchOpenDialogs":true,"interaction":{"idSuffix":"I"}},"clearTextFirst":true,"interactionType":"ENTER_TEXT"}]}
COMMAND: POST /session/f2cd4ae8189ca6d10895ec2a4c0fd9f4/actions - {"actions":[{"id":"action2","type":"key","parameters":{},"actions":[{"type":"keyDown","value":"î€‡"},{"type":"pause","duration":10},{"type":"keyUp","value":"î€‡"}]}]}
RESULT: {"actions":[{"id":"action2","type":"key","parameters":{},"actions":[{"type":"keyDown","value":"î€‡"},{"type":"pause","duration":10},{"type":"keyUp","value":"î€‡"}]}]}
COMMAND: POST /session/f2cd4ae8189ca6d10895ec2a4c0fd9f4/execute/async - {"script":"<script> [1562 bytes]","args":[{"selector":{"id":"application-managehandovers-display-component---AddNewHO--popup-sa","searchOpenDialogs":true,"interaction":{"idSuffix":"CbBg"}},"wdio_ui5_key":"applicationmanagehandovers-display-component---AddNewHO--popup-sa"}]}
COMMAND: GET /session/f2cd4ae8189ca6d10895ec2a4c0fd9f4/screenshot - {}
RESULT: {"script":"<script> [1562 bytes]","args":[{"selector":{"id":"application-managehandovers-display-component---AddNewHO--popup-sa","searchOpenDialogs":true,"interaction":{"idSuffix":"CbBg"}},"wdio_ui5_key":"applicationmanagehandovers-display-component---AddNewHO--popup-sa"}]}
RESULT: undefined
COMMAND: POST /session/f2cd4ae8189ca6d10895ec2a4c0fd9f4/element - {"using":"xpath","value":"//*[@id=\"application-managehandovers-display-component---AddNewHO--popup-sa\"]"}
RESULT: {}
RESULT: {"using":"xpath","value":"//*[@id=\"application-managehandovers-display-component---AddNewHO--popup-sa\"]"}
COMMAND: POST /session/f2cd4ae8189ca6d10895ec2a4c0fd9f4/element/f.424AAD618E1F24C3245613156BD8613D.d.2659EA4A78CEBD396B26CCA97134E20B.e.1521/click - {}
RESULT: {}
COMMAND: POST /session/f2cd4ae8189ca6d10895ec2a4c0fd9f4/execute/async - {"script":"<script> [1562 bytes]","args":[{"selector":{"controlType":"sap.m.Button","viewName":"etm.portal.ui.managehandovers.view.AddNewHO","viewId":"application-managehandovers-display-component---AddNewHO","i18NText":{"propertyName":"text","key":"select"},"searchOpenDialogs":true,"interaction":{"idSuffix":"BDI-content"}},"wdio_ui5_key":"etmportal.ui.managehandovers.view.AddNewHOsap.m.Button{\"propertyName\":\"text\",\"key\":\"select\"}"}]}
COMMAND: GET /session/f2cd4ae8189ca6d10895ec2a4c0fd9f4/screenshot - {}
RESULT: {"script":"<script> [1562 bytes]","args":[{"selector":{"controlType":"sap.m.Button","viewName":"etm.portal.ui.managehandovers.view.AddNewHO","viewId":"application-managehandovers-display-component---AddNewHO","i18NText":{"propertyName":"text","key":"select"},"searchOpenDialogs":true,"interaction":{"idSuffix":"BDI-content"}},"wdio_ui5_key":"etmportal.ui.managehandovers.view.AddNewHOsap.m.Button{\"propertyName\":\"text\",\"key\":\"select\"}"}]}
RESULT: undefined
COMMAND: POST /session/f2cd4ae8189ca6d10895ec2a4c0fd9f4/element - {"using":"xpath","value":"//*[@id=\"__button110\"]"}
RESULT: {}
RESULT: {"using":"xpath","value":"//*[@id=\"__button110\"]"}
COMMAND: POST /session/f2cd4ae8189ca6d10895ec2a4c0fd9f4/element/f.424AAD618E1F24C3245613156BD8613D.d.2659EA4A78CEBD396B26CCA97134E20B.e.1523/click - {}
RESULT: {}
COMMAND: POST /session/f2cd4ae8189ca6d10895ec2a4c0fd9f4/execute/async - {"script":"<script> [1562 bytes]","args":[{"selector":{"id":"application-managehandovers-display-component---AddNewHO--confirmCreationButton","interaction":{"idSuffix":"BDI-content"}},"wdio_ui5_key":"applicationmanagehandovers-display-component---AddNewHO--confirmCreationButton"}]}
COMMAND: GET /session/f2cd4ae8189ca6d10895ec2a4c0fd9f4/screenshot - {}
RESULT: {"script":"<script> [1562 bytes]","args":[{"selector":{"id":"application-managehandovers-display-component---AddNewHO--confirmCreationButton","interaction":{"idSuffix":"BDI-content"}},"wdio_ui5_key":"applicationmanagehandovers-display-component---AddNewHO--confirmCreationButton"}]}
RESULT: undefined
COMMAND: POST /session/f2cd4ae8189ca6d10895ec2a4c0fd9f4/element - {"using":"xpath","value":"//*[@id=\"application-managehandovers-display-component---AddNewHO--confirmCreationButton\"]"}
RESULT: {}
RESULT: {"using":"xpath","value":"//*[@id=\"application-managehandovers-display-component---AddNewHO--confirmCreationButton\"]"}
COMMAND: POST /session/f2cd4ae8189ca6d10895ec2a4c0fd9f4/element/f.424AAD618E1F24C3245613156BD8613D.d.2659EA4A78CEBD396B26CCA97134E20B.e.1539/click - {}
RESULT: {}
COMMAND: GET /session/f2cd4ae8189ca6d10895ec2a4c0fd9f4/screenshot - {}
RESULT: {}
COMMAND: POST /session/f2cd4ae8189ca6d10895ec2a4c0fd9f4/execute/async - {"script":"<script> [1562 bytes]","args":[{"selector":{"id":"receiptDatePicker","viewName":"etm.portal.ui.managehandovers.view.DetailExecuteHO","interaction":{"idSuffix":"inner"}},"wdio_ui5_key":"receiptDatePickeretmportal.ui.managehandovers.view.DetailExecuteHO"}]}
RESULT: {"script":"<script> [1562 bytes]","args":[{"selector":{"id":"receiptDatePicker","viewName":"etm.portal.ui.managehandovers.view.DetailExecuteHO","interaction":{"idSuffix":"inner"}},"wdio_ui5_key":"receiptDatePickeretmportal.ui.managehandovers.view.DetailExecuteHO"}]}
RESULT: undefined
COMMAND: POST /session/f2cd4ae8189ca6d10895ec2a4c0fd9f4/execute/async - {"script":"<script> [6424 bytes]","args":[{"element-6066-11e4-a52e-4f735466cecf":"f.424AAD618E1F24C3245613156BD8613D.d.2659EA4A78CEBD396B26CCA97134E20B.e.1566"},"setValue",["05/03/2025"]]}
RESULT: {"script":"<script> [6424 bytes]","args":[{"element-6066-11e4-a52e-4f735466cecf":"f.424AAD618E1F24C3245613156BD8613D.d.2659EA4A78CEBD396B26CCA97134E20B.e.1566"},"setValue",["05/03/2025"]]}
COMMAND: POST /session/f2cd4ae8189ca6d10895ec2a4c0fd9f4/execute/async - {"script":"<script> [1562 bytes]","args":[{"selector":{"controlType":"sap.m.Button","viewName":"etm.portal.ui.managehandovers.view.DetailExecuteHO","i18NText":{"propertyName":"text","key":"confirmAll"},"interaction":{"idSuffix":"BDI-content"}},"wdio_ui5_key":"etmportal.ui.managehandovers.view.DetailExecuteHOsap.m.Button{\"propertyName\":\"text\",\"key\":\"confirmAll\"}"}]}
RESULT: {"script":"<script> [1562 bytes]","args":[{"selector":{"controlType":"sap.m.Button","viewName":"etm.portal.ui.managehandovers.view.DetailExecuteHO","i18NText":{"propertyName":"text","key":"confirmAll"},"interaction":{"idSuffix":"BDI-content"}},"wdio_ui5_key":"etmportal.ui.managehandovers.view.DetailExecuteHOsap.m.Button{\"propertyName\":\"text\",\"key\":\"confirmAll\"}"}]}
RESULT: undefined
COMMAND: POST /session/f2cd4ae8189ca6d10895ec2a4c0fd9f4/element - {"using":"xpath","value":"//*[@id=\"__button139\"]"}
RESULT: {"using":"xpath","value":"//*[@id=\"__button139\"]"}
COMMAND: POST /session/f2cd4ae8189ca6d10895ec2a4c0fd9f4/element/f.424AAD618E1F24C3245613156BD8613D.d.2659EA4A78CEBD396B26CCA97134E20B.e.1590/click - {}
RESULT: {}
COMMAND: POST /session/f2cd4ae8189ca6d10895ec2a4c0fd9f4/execute/async - {"script":"<script> [1562 bytes]","args":[{"selector":{"controlType":"sap.m.Button","properties":{"text":"OK"},"searchOpenDialogs":true,"interaction":{"idSuffix":"BDI-content"}},"wdio_ui5_key":"sapm.Button{\"text\":\"OK\"}"}]}
COMMAND: GET /session/f2cd4ae8189ca6d10895ec2a4c0fd9f4/screenshot - {}
RESULT: {"script":"<script> [1562 bytes]","args":[{"selector":{"controlType":"sap.m.Button","properties":{"text":"OK"},"searchOpenDialogs":true,"interaction":{"idSuffix":"BDI-content"}},"wdio_ui5_key":"sapm.Button{\"text\":\"OK\"}"}]}
RESULT: undefined
COMMAND: POST /session/f2cd4ae8189ca6d10895ec2a4c0fd9f4/element - {"using":"xpath","value":"//*[@id=\"__mbox-btn-2\"]"}
RESULT: {}
RESULT: {"using":"xpath","value":"//*[@id=\"__mbox-btn-2\"]"}
COMMAND: POST /session/f2cd4ae8189ca6d10895ec2a4c0fd9f4/element/f.424AAD618E1F24C3245613156BD8613D.d.2659EA4A78CEBD396B26CCA97134E20B.e.1591/click - {}
RESULT: {}
COMMAND: GET /session/f2cd4ae8189ca6d10895ec2a4c0fd9f4/screenshot - {}
RESULT: {}
COMMAND: POST /session/f2cd4ae8189ca6d10895ec2a4c0fd9f4/execute/async - {"script":"<script> [1562 bytes]","args":[{"selector":{"id":"confirmationButton","viewName":"etm.portal.ui.managehandovers.view.DetailExecuteHO","interaction":{"idSuffix":"BDI-content"}},"wdio_ui5_key":"confirmationButtonetmportal.ui.managehandovers.view.DetailExecuteHO"}]}
RESULT: {"script":"<script> [1562 bytes]","args":[{"selector":{"id":"confirmationButton","viewName":"etm.portal.ui.managehandovers.view.DetailExecuteHO","interaction":{"idSuffix":"BDI-content"}},"wdio_ui5_key":"confirmationButtonetmportal.ui.managehandovers.view.DetailExecuteHO"}]}
RESULT: undefined
COMMAND: POST /session/f2cd4ae8189ca6d10895ec2a4c0fd9f4/element - {"using":"xpath","value":"(//bdi[contains(text(), \"Receive\")])[2]"}
RESULT: {"using":"xpath","value":"(//bdi[contains(text(), \"Receive\")])[2]"}
COMMAND: POST /session/f2cd4ae8189ca6d10895ec2a4c0fd9f4/element/f.424AAD618E1F24C3245613156BD8613D.d.2659EA4A78CEBD396B26CCA97134E20B.e.1594/click - {}
RESULT: {}
COMMAND: GET /session/f2cd4ae8189ca6d10895ec2a4c0fd9f4/screenshot - {}
RESULT: {}
COMMAND: POST /session/f2cd4ae8189ca6d10895ec2a4c0fd9f4/element - {"using":"css selector","value":"#shell-header-logo"}
RESULT: {"using":"css selector","value":"#shell-header-logo"}
COMMAND: POST /session/f2cd4ae8189ca6d10895ec2a4c0fd9f4/element/f.424AAD618E1F24C3245613156BD8613D.d.2659EA4A78CEBD396B26CCA97134E20B.e.941/click - {}
RESULT: {}
COMMAND: GET /session/f2cd4ae8189ca6d10895ec2a4c0fd9f4/screenshot - {}
RESULT: {}
]]></system-out>
    </testcase>
    <testcase classname="chrome.135_0_7049_96.windows.Bill_of_Resources_tests_for_bundle_creation_&amp;_replenishment_US131067_US131070" name="Should create a new bundle with the 2 RUs using onto first one US131067" time="61.333">
      <system-out><![CDATA[
COMMAND: POST /session/f2cd4ae8189ca6d10895ec2a4c0fd9f4/execute/async - {"script":"<script> [1562 bytes]","args":[{"selector":{"controlType":"sap.m.NumericContent","bindingPath":{"path":"","propertyPath":"/properties/icon"},"ancestor":{"controlType":"sap.m.GenericTile","properties":{"header":"Bill Of Resources"}},"interaction":{"idSuffix":"value"}},"wdio_ui5_key":"sapm.NumericContent{\"path\":\"\",\"propertyPath\":\"/properties/icon\"}{\"controlType\":\"sap.m.GenericTile\",\"properties\":{\"header\":\"Bill Of Resources\"}}"}]}
RESULT: {"script":"<script> [1562 bytes]","args":[{"selector":{"controlType":"sap.m.NumericContent","bindingPath":{"path":"","propertyPath":"/properties/icon"},"ancestor":{"controlType":"sap.m.GenericTile","properties":{"header":"Bill Of Resources"}},"interaction":{"idSuffix":"value"}},"wdio_ui5_key":"sapm.NumericContent{\"path\":\"\",\"propertyPath\":\"/properties/icon\"}{\"controlType\":\"sap.m.GenericTile\",\"properties\":{\"header\":\"Bill Of Resources\"}}"}]}
RESULT: undefined
COMMAND: POST /session/f2cd4ae8189ca6d10895ec2a4c0fd9f4/element - {"using":"xpath","value":"//*[@id=\"__content2\"]"}
RESULT: {"using":"xpath","value":"//*[@id=\"__content2\"]"}
COMMAND: POST /session/f2cd4ae8189ca6d10895ec2a4c0fd9f4/element/f.424AAD618E1F24C3245613156BD8613D.d.2659EA4A78CEBD396B26CCA97134E20B.e.1767/click - {}
RESULT: {}
COMMAND: POST /session/f2cd4ae8189ca6d10895ec2a4c0fd9f4/element - {"using":"xpath","value":"//button[@data-kt=\"addBorMasterButton\"]"}
COMMAND: GET /session/f2cd4ae8189ca6d10895ec2a4c0fd9f4/screenshot - {}
RESULT: {"using":"xpath","value":"//button[@data-kt=\"addBorMasterButton\"]"}
COMMAND: POST /session/f2cd4ae8189ca6d10895ec2a4c0fd9f4/elements - {"using":"xpath","value":"//button[@data-kt=\"addBorMasterButton\"]"}
RESULT: {}
RESULT: {"using":"xpath","value":"//button[@data-kt=\"addBorMasterButton\"]"}
COMMAND: POST /session/f2cd4ae8189ca6d10895ec2a4c0fd9f4/elements - {"using":"xpath","value":"//button[@data-kt=\"addBorMasterButton\"]"}
RESULT: {"using":"xpath","value":"//button[@data-kt=\"addBorMasterButton\"]"}
COMMAND: POST /session/f2cd4ae8189ca6d10895ec2a4c0fd9f4/elements - {"using":"xpath","value":"//button[@data-kt=\"addBorMasterButton\"]"}
RESULT: {"using":"xpath","value":"//button[@data-kt=\"addBorMasterButton\"]"}
COMMAND: POST /session/f2cd4ae8189ca6d10895ec2a4c0fd9f4/element - {"using":"xpath","value":"//button[@data-kt=\"addBorMasterButton\"]"}
RESULT: {"using":"xpath","value":"//button[@data-kt=\"addBorMasterButton\"]"}
COMMAND: POST /session/f2cd4ae8189ca6d10895ec2a4c0fd9f4/execute/sync - {"script":"<script> [8489 bytes]","args":[{"element-6066-11e4-a52e-4f735466cecf":"f.424AAD618E1F24C3245613156BD8613D.d.2659EA4A78CEBD396B26CCA97134E20B.e.1800","ELEMENT":"f.424AAD618E1F24C3245613156BD8613D.d.2659EA4A78CEBD396B26CCA97134E20B.e.1800"}]}
RESULT: {"script":"<script> [8489 bytes]","args":[{"element-6066-11e4-a52e-4f735466cecf":"f.424AAD618E1F24C3245613156BD8613D.d.2659EA4A78CEBD396B26CCA97134E20B.e.1800","ELEMENT":"f.424AAD618E1F24C3245613156BD8613D.d.2659EA4A78CEBD396B26CCA97134E20B.e.1800"}]}
COMMAND: GET /session/f2cd4ae8189ca6d10895ec2a4c0fd9f4/element/f.424AAD618E1F24C3245613156BD8613D.d.2659EA4A78CEBD396B26CCA97134E20B.e.1800/enabled - {}
COMMAND: GET /session/f2cd4ae8189ca6d10895ec2a4c0fd9f4/screenshot - {}
RESULT: {}
COMMAND: POST /session/f2cd4ae8189ca6d10895ec2a4c0fd9f4/execute/sync - {"script":"<script> [8489 bytes]","args":[{"element-6066-11e4-a52e-4f735466cecf":"f.424AAD618E1F24C3245613156BD8613D.d.2659EA4A78CEBD396B26CCA97134E20B.e.1800","ELEMENT":"f.424AAD618E1F24C3245613156BD8613D.d.2659EA4A78CEBD396B26CCA97134E20B.e.1800"}]}
COMMAND: GET /session/f2cd4ae8189ca6d10895ec2a4c0fd9f4/screenshot - {}
RESULT: {}
RESULT: {"script":"<script> [8489 bytes]","args":[{"element-6066-11e4-a52e-4f735466cecf":"f.424AAD618E1F24C3245613156BD8613D.d.2659EA4A78CEBD396B26CCA97134E20B.e.1800","ELEMENT":"f.424AAD618E1F24C3245613156BD8613D.d.2659EA4A78CEBD396B26CCA97134E20B.e.1800"}]}
COMMAND: POST /session/f2cd4ae8189ca6d10895ec2a4c0fd9f4/execute/sync - {"script":"<script> [5351 bytes]","args":[{"element-6066-11e4-a52e-4f735466cecf":"f.424AAD618E1F24C3245613156BD8613D.d.2659EA4A78CEBD396B26CCA97134E20B.e.1800","ELEMENT":"f.424AAD618E1F24C3245613156BD8613D.d.2659EA4A78CEBD396B26CCA97134E20B.e.1800"}]}
COMMAND: GET /session/f2cd4ae8189ca6d10895ec2a4c0fd9f4/screenshot - {}
RESULT: {}
RESULT: {"script":"<script> [5351 bytes]","args":[{"element-6066-11e4-a52e-4f735466cecf":"f.424AAD618E1F24C3245613156BD8613D.d.2659EA4A78CEBD396B26CCA97134E20B.e.1800","ELEMENT":"f.424AAD618E1F24C3245613156BD8613D.d.2659EA4A78CEBD396B26CCA97134E20B.e.1800"}]}
COMMAND: POST /session/f2cd4ae8189ca6d10895ec2a4c0fd9f4/element/f.424AAD618E1F24C3245613156BD8613D.d.2659EA4A78CEBD396B26CCA97134E20B.e.1800/click - {}
COMMAND: GET /session/f2cd4ae8189ca6d10895ec2a4c0fd9f4/screenshot - {}
RESULT: {}
RESULT: {}
COMMAND: GET /session/f2cd4ae8189ca6d10895ec2a4c0fd9f4/screenshot - {}
COMMAND: POST /session/f2cd4ae8189ca6d10895ec2a4c0fd9f4/execute/async - {"script":"<script> [1562 bytes]","args":[{"selector":{"id":"application-billofresources-display-component---newBoR--typeSelect","interaction":{"idSuffix":"arrow"}},"wdio_ui5_key":"applicationbillofresources-display-component---newBoR--typeSelect"}]}
RESULT: {}
RESULT: {}
RESULT: {"script":"<script> [1562 bytes]","args":[{"selector":{"id":"application-billofresources-display-component---newBoR--typeSelect","interaction":{"idSuffix":"arrow"}},"wdio_ui5_key":"applicationbillofresources-display-component---newBoR--typeSelect"}]}
RESULT: undefined
COMMAND: POST /session/f2cd4ae8189ca6d10895ec2a4c0fd9f4/element - {"using":"xpath","value":"//*[@id=\"application-billofresources-display-component---newBoR--typeSelect\"]"}
RESULT: {"using":"xpath","value":"//*[@id=\"application-billofresources-display-component---newBoR--typeSelect\"]"}
COMMAND: POST /session/f2cd4ae8189ca6d10895ec2a4c0fd9f4/element/f.424AAD618E1F24C3245613156BD8613D.d.2659EA4A78CEBD396B26CCA97134E20B.e.1880/click - {}
RESULT: {}
COMMAND: POST /session/f2cd4ae8189ca6d10895ec2a4c0fd9f4/execute/async - {"script":"<script> [1562 bytes]","args":[{"selector":{"controlType":"sap.ui.core.Item","viewName":"etm.portal.ui.billofresources.view.NewBoR","viewId":"application-billofresources-display-component---newBoR","bindingPath":{"path":"/BoRHeaderTypes('50')","propertyPath":"TYPE","modelName":"catalogModel"},"searchOpenDialogs":true},"wdio_ui5_key":"etmportal.ui.billofresources.view.NewBoRsap.ui.core.Item{\"path\":\"/BoRHeaderTypes('50')\",\"propertyPath\":\"TYPE\",\"modelName\":\"catalogModel\"}"}]}
COMMAND: GET /session/f2cd4ae8189ca6d10895ec2a4c0fd9f4/screenshot - {}
RESULT: {"script":"<script> [1562 bytes]","args":[{"selector":{"controlType":"sap.ui.core.Item","viewName":"etm.portal.ui.billofresources.view.NewBoR","viewId":"application-billofresources-display-component---newBoR","bindingPath":{"path":"/BoRHeaderTypes('50')","propertyPath":"TYPE","modelName":"catalogModel"},"searchOpenDialogs":true},"wdio_ui5_key":"etmportal.ui.billofresources.view.NewBoRsap.ui.core.Item{\"path\":\"/BoRHeaderTypes('50')\",\"propertyPath\":\"TYPE\",\"modelName\":\"catalogModel\"}"}]}
RESULT: undefined
COMMAND: POST /session/f2cd4ae8189ca6d10895ec2a4c0fd9f4/element - {"using":"xpath","value":"//*[@id=\"__item1090-application-billofresources-display-component---newBoR--typeSelect-4\"]"}
RESULT: {}
RESULT: {"using":"xpath","value":"//*[@id=\"__item1090-application-billofresources-display-component---newBoR--typeSelect-4\"]"}
COMMAND: POST /session/f2cd4ae8189ca6d10895ec2a4c0fd9f4/element/f.424AAD618E1F24C3245613156BD8613D.d.2659EA4A78CEBD396B26CCA97134E20B.e.2093/click - {}
RESULT: {}
COMMAND: POST /session/f2cd4ae8189ca6d10895ec2a4c0fd9f4/execute/async - {"script":"<script> [1562 bytes]","args":[{"selector":{"id":"application-billofresources-display-component---newBoR--headerRUInput-vhi"},"wdio_ui5_key":"applicationbillofresources-display-component---newBoR--headerRUInput-vhi"}]}
COMMAND: GET /session/f2cd4ae8189ca6d10895ec2a4c0fd9f4/screenshot - {}
RESULT: {"script":"<script> [1562 bytes]","args":[{"selector":{"id":"application-billofresources-display-component---newBoR--headerRUInput-vhi"},"wdio_ui5_key":"applicationbillofresources-display-component---newBoR--headerRUInput-vhi"}]}
RESULT: undefined
COMMAND: POST /session/f2cd4ae8189ca6d10895ec2a4c0fd9f4/element - {"using":"xpath","value":"//*[@id=\"application-billofresources-display-component---newBoR--headerRUInput-vhi\"]"}
RESULT: {}
RESULT: {"using":"xpath","value":"//*[@id=\"application-billofresources-display-component---newBoR--headerRUInput-vhi\"]"}
COMMAND: POST /session/f2cd4ae8189ca6d10895ec2a4c0fd9f4/element/f.424AAD618E1F24C3245613156BD8613D.d.2659EA4A78CEBD396B26CCA97134E20B.e.2161/click - {}
RESULT: {}
COMMAND: POST /session/f2cd4ae8189ca6d10895ec2a4c0fd9f4/execute/async - {"script":"<script> [1562 bytes]","args":[{"selector":{"id":"application-billofresources-display-component---newBoR--ruDialogSearchField","searchOpenDialogs":true,"interaction":{"idSuffix":"I"}},"wdio_ui5_key":"applicationbillofresources-display-component---newBoR--ruDialogSearchField"}]}
COMMAND: GET /session/f2cd4ae8189ca6d10895ec2a4c0fd9f4/screenshot - {}
RESULT: {"script":"<script> [1562 bytes]","args":[{"selector":{"id":"application-billofresources-display-component---newBoR--ruDialogSearchField","searchOpenDialogs":true,"interaction":{"idSuffix":"I"}},"wdio_ui5_key":"applicationbillofresources-display-component---newBoR--ruDialogSearchField"}]}
RESULT: undefined
COMMAND: POST /session/f2cd4ae8189ca6d10895ec2a4c0fd9f4/execute/async - {"script":"<script> [6424 bytes]","args":[{"element-6066-11e4-a52e-4f735466cecf":"f.424AAD618E1F24C3245613156BD8613D.d.2659EA4A78CEBD396B26CCA97134E20B.e.2163"},"setValue",["lpWjxr6ey_1"]]}
RESULT: {}
RESULT: {"script":"<script> [6424 bytes]","args":[{"element-6066-11e4-a52e-4f735466cecf":"f.424AAD618E1F24C3245613156BD8613D.d.2659EA4A78CEBD396B26CCA97134E20B.e.2163"},"setValue",["lpWjxr6ey_1"]]}
COMMAND: POST /session/f2cd4ae8189ca6d10895ec2a4c0fd9f4/element - {"using":"xpath","value":"//div[@id=\"application-billofresources-display-component---newBoR--ruDialogSearchField-search\"]"}
RESULT: {"using":"xpath","value":"//div[@id=\"application-billofresources-display-component---newBoR--ruDialogSearchField-search\"]"}
COMMAND: POST /session/f2cd4ae8189ca6d10895ec2a4c0fd9f4/element/f.424AAD618E1F24C3245613156BD8613D.d.2659EA4A78CEBD396B26CCA97134E20B.e.2179/click - {}
RESULT: {}
COMMAND: GET /session/f2cd4ae8189ca6d10895ec2a4c0fd9f4/screenshot - {}
RESULT: {}
COMMAND: POST /session/f2cd4ae8189ca6d10895ec2a4c0fd9f4/execute/async - {"script":"<script> [1562 bytes]","args":[{"selector":{"controlType":"sap.m.Text","viewName":"etm.portal.ui.billofresources.view.NewBoR","viewId":"application-billofresources-display-component---newBoR","bindingPath":{"propertyPath":"YARD_ADMIN_ID","modelName":"catalogModel"},"searchOpenDialogs":true},"wdio_ui5_key":"etmportal.ui.billofresources.view.NewBoRsap.m.Text{\"propertyPath\":\"YARD_ADMIN_ID\",\"modelName\":\"catalogModel\"}"}]}
RESULT: {"script":"<script> [1562 bytes]","args":[{"selector":{"controlType":"sap.m.Text","viewName":"etm.portal.ui.billofresources.view.NewBoR","viewId":"application-billofresources-display-component---newBoR","bindingPath":{"propertyPath":"YARD_ADMIN_ID","modelName":"catalogModel"},"searchOpenDialogs":true},"wdio_ui5_key":"etmportal.ui.billofresources.view.NewBoRsap.m.Text{\"propertyPath\":\"YARD_ADMIN_ID\",\"modelName\":\"catalogModel\"}"}]}
RESULT: undefined
COMMAND: POST /session/f2cd4ae8189ca6d10895ec2a4c0fd9f4/element - {"using":"xpath","value":"//*[@id=\"__text1597\"]"}
RESULT: {"using":"xpath","value":"//*[@id=\"__text1597\"]"}
COMMAND: POST /session/f2cd4ae8189ca6d10895ec2a4c0fd9f4/element/f.424AAD618E1F24C3245613156BD8613D.d.2659EA4A78CEBD396B26CCA97134E20B.e.2183/click - {}
RESULT: {}
COMMAND: POST /session/f2cd4ae8189ca6d10895ec2a4c0fd9f4/execute/async - {"script":"<script> [1562 bytes]","args":[{"selector":{"controlType":"sap.m.Button","viewName":"etm.portal.ui.billofresources.view.NewBoR","viewId":"application-billofresources-display-component---newBoR","i18NText":{"propertyName":"text","key":"ok"},"searchOpenDialogs":true,"interaction":{"idSuffix":"BDI-content"}},"wdio_ui5_key":"etmportal.ui.billofresources.view.NewBoRsap.m.Button{\"propertyName\":\"text\",\"key\":\"ok\"}"}]}
COMMAND: GET /session/f2cd4ae8189ca6d10895ec2a4c0fd9f4/screenshot - {}
RESULT: {"script":"<script> [1562 bytes]","args":[{"selector":{"controlType":"sap.m.Button","viewName":"etm.portal.ui.billofresources.view.NewBoR","viewId":"application-billofresources-display-component---newBoR","i18NText":{"propertyName":"text","key":"ok"},"searchOpenDialogs":true,"interaction":{"idSuffix":"BDI-content"}},"wdio_ui5_key":"etmportal.ui.billofresources.view.NewBoRsap.m.Button{\"propertyName\":\"text\",\"key\":\"ok\"}"}]}
RESULT: undefined
COMMAND: POST /session/f2cd4ae8189ca6d10895ec2a4c0fd9f4/element - {"using":"xpath","value":"//*[@id=\"__button179\"]"}
RESULT: {}
RESULT: {"using":"xpath","value":"//*[@id=\"__button179\"]"}
COMMAND: POST /session/f2cd4ae8189ca6d10895ec2a4c0fd9f4/element/f.424AAD618E1F24C3245613156BD8613D.d.2659EA4A78CEBD396B26CCA97134E20B.e.2186/click - {}
RESULT: {}
COMMAND: GET /session/f2cd4ae8189ca6d10895ec2a4c0fd9f4/screenshot - {}
RESULT: {}
COMMAND: POST /session/f2cd4ae8189ca6d10895ec2a4c0fd9f4/execute/async - {"script":"<script> [1562 bytes]","args":[{"selector":{"id":"application-billofresources-display-component---newBoR--borDescInput","interaction":{"idSuffix":"inner"}},"wdio_ui5_key":"applicationbillofresources-display-component---newBoR--borDescInput"}]}
RESULT: {"script":"<script> [1562 bytes]","args":[{"selector":{"id":"application-billofresources-display-component---newBoR--borDescInput","interaction":{"idSuffix":"inner"}},"wdio_ui5_key":"applicationbillofresources-display-component---newBoR--borDescInput"}]}
RESULT: undefined
COMMAND: POST /session/f2cd4ae8189ca6d10895ec2a4c0fd9f4/execute/async - {"script":"<script> [776 bytes]","args":[{"enterText":"lpWjxr6ey_1","selector":{"id":"application-billofresources-display-component---newBoR--borDescInput","interaction":{"idSuffix":"inner"}},"clearTextFirst":true,"interactionType":"ENTER_TEXT"}]}
RESULT: {"script":"<script> [776 bytes]","args":[{"enterText":"lpWjxr6ey_1","selector":{"id":"application-billofresources-display-component---newBoR--borDescInput","interaction":{"idSuffix":"inner"}},"clearTextFirst":true,"interactionType":"ENTER_TEXT"}]}
COMMAND: POST /session/f2cd4ae8189ca6d10895ec2a4c0fd9f4/execute/async - {"script":"<script> [1562 bytes]","args":[{"selector":{"controlType":"sap.ui.core.Icon","viewName":"etm.portal.ui.billofresources.view.NewBoR","viewId":"application-billofresources-display-component---newBoR","properties":{"src":{"regex":{"source":"add"}}},"ancestor":{"controlType":"sap.m.Button","viewName":"etm.portal.ui.billofresources.view.NewBoR","viewId":"application-billofresources-display-component---newBoR","bindingPath":{"path":"","propertyPath":"/isSelectionGroup","modelName":"tableConfig"}}},"wdio_ui5_key":"etmportal.ui.billofresources.view.NewBoRsap.ui.core.Icon{\"src\":{\"regex\":{\"source\":\"add\"}}}{\"controlType\":\"sap.m.Button\",\"viewName\":\"etm.portal.ui.billofresources.view.NewBoR\",\"viewId\":\"application-billofresources-display-component---newBoR\",\"bindingPath\":{\"path\":\"\",\"propertyPath\":\"/isSelectionGroup\",\"modelName\":\"tableConfig\"}}"}]}
RESULT: {"script":"<script> [1562 bytes]","args":[{"selector":{"controlType":"sap.ui.core.Icon","viewName":"etm.portal.ui.billofresources.view.NewBoR","viewId":"application-billofresources-display-component---newBoR","properties":{"src":{"regex":{"source":"add"}}},"ancestor":{"controlType":"sap.m.Button","viewName":"etm.portal.ui.billofresources.view.NewBoR","viewId":"application-billofresources-display-component---newBoR","bindingPath":{"path":"","propertyPath":"/isSelectionGroup","modelName":"tableConfig"}}},"wdio_ui5_key":"etmportal.ui.billofresources.view.NewBoRsap.ui.core.Icon{\"src\":{\"regex\":{\"source\":\"add\"}}}{\"controlType\":\"sap.m.Button\",\"viewName\":\"etm.portal.ui.billofresources.view.NewBoR\",\"viewId\":\"application-billofresources-display-component---newBoR\",\"bindingPath\":{\"path\":\"\",\"propertyPath\":\"/isSelectionGroup\",\"modelName\":\"tableConfig\"}}"}]}
RESULT: undefined
COMMAND: POST /session/f2cd4ae8189ca6d10895ec2a4c0fd9f4/element - {"using":"xpath","value":"//*[@id=\"__button163-img\"]"}
RESULT: {"using":"xpath","value":"//*[@id=\"__button163-img\"]"}
COMMAND: POST /session/f2cd4ae8189ca6d10895ec2a4c0fd9f4/element/f.424AAD618E1F24C3245613156BD8613D.d.2659EA4A78CEBD396B26CCA97134E20B.e.2198/click - {}
RESULT: {}
COMMAND: POST /session/f2cd4ae8189ca6d10895ec2a4c0fd9f4/execute/async - {"script":"<script> [1562 bytes]","args":[{"selector":{"controlType":"sap.m.Input","viewName":"etm.portal.ui.billofresources.view.NewBoR","viewId":"application-billofresources-display-component---newBoR","bindingPath":{"path":"/ITEMS/0","propertyPath":"ITEM","modelName":"BoRModel"},"interaction":{"idSuffix":"inner"}},"wdio_ui5_key":"etmportal.ui.billofresources.view.NewBoRsap.m.Input{\"path\":\"/ITEMS/0\",\"propertyPath\":\"ITEM\",\"modelName\":\"BoRModel\"}"}]}
COMMAND: GET /session/f2cd4ae8189ca6d10895ec2a4c0fd9f4/screenshot - {}
RESULT: {"script":"<script> [1562 bytes]","args":[{"selector":{"controlType":"sap.m.Input","viewName":"etm.portal.ui.billofresources.view.NewBoR","viewId":"application-billofresources-display-component---newBoR","bindingPath":{"path":"/ITEMS/0","propertyPath":"ITEM","modelName":"BoRModel"},"interaction":{"idSuffix":"inner"}},"wdio_ui5_key":"etmportal.ui.billofresources.view.NewBoRsap.m.Input{\"path\":\"/ITEMS/0\",\"propertyPath\":\"ITEM\",\"modelName\":\"BoRModel\"}"}]}
RESULT: undefined
COMMAND: POST /session/f2cd4ae8189ca6d10895ec2a4c0fd9f4/execute/async - {"script":"<script> [776 bytes]","args":[{"enterText":"10","selector":{"controlType":"sap.m.Input","viewName":"etm.portal.ui.billofresources.view.NewBoR","viewId":"application-billofresources-display-component---newBoR","bindingPath":{"path":"/ITEMS/0","propertyPath":"ITEM","modelName":"BoRModel"},"interaction":{"idSuffix":"inner"}},"clearTextFirst":true,"interactionType":"ENTER_TEXT"}]}
RESULT: {}
RESULT: {"script":"<script> [776 bytes]","args":[{"enterText":"10","selector":{"controlType":"sap.m.Input","viewName":"etm.portal.ui.billofresources.view.NewBoR","viewId":"application-billofresources-display-component---newBoR","bindingPath":{"path":"/ITEMS/0","propertyPath":"ITEM","modelName":"BoRModel"},"interaction":{"idSuffix":"inner"}},"clearTextFirst":true,"interactionType":"ENTER_TEXT"}]}
COMMAND: POST /session/f2cd4ae8189ca6d10895ec2a4c0fd9f4/element - {"using":"xpath","value":"//input[@aria-labelledby=\"application-billofresources-display-component---newBoR--itemRUComboBoxCol\"][1]"}
RESULT: {"using":"xpath","value":"//input[@aria-labelledby=\"application-billofresources-display-component---newBoR--itemRUComboBoxCol\"][1]"}
COMMAND: POST /session/f2cd4ae8189ca6d10895ec2a4c0fd9f4/element/f.424AAD618E1F24C3245613156BD8613D.d.2659EA4A78CEBD396B26CCA97134E20B.e.2187/clear - {}
RESULT: {}
COMMAND: POST /session/f2cd4ae8189ca6d10895ec2a4c0fd9f4/element/f.424AAD618E1F24C3245613156BD8613D.d.2659EA4A78CEBD396B26CCA97134E20B.e.2187/value - {"text":"lpWjxr6ey_2"}
COMMAND: GET /session/f2cd4ae8189ca6d10895ec2a4c0fd9f4/screenshot - {}
RESULT: {"text":"lpWjxr6ey_2"}
COMMAND: GET /session/f2cd4ae8189ca6d10895ec2a4c0fd9f4/screenshot - {}
RESULT: {}
RESULT: {}
COMMAND: POST /session/f2cd4ae8189ca6d10895ec2a4c0fd9f4/actions - {"actions":[{"id":"action3","type":"key","parameters":{},"actions":[{"type":"keyDown","value":"î€‡"},{"type":"pause","duration":10},{"type":"keyUp","value":"î€‡"}]}]}
RESULT: {"actions":[{"id":"action3","type":"key","parameters":{},"actions":[{"type":"keyDown","value":"î€‡"},{"type":"pause","duration":10},{"type":"keyUp","value":"î€‡"}]}]}
COMMAND: POST /session/f2cd4ae8189ca6d10895ec2a4c0fd9f4/execute/async - {"script":"<script> [1562 bytes]","args":[{"selector":{"controlType":"sap.m.Button","viewName":"etm.portal.ui.billofresources.view.NewBoR","viewId":"application-billofresources-display-component---newBoR","i18NText":{"propertyName":"text","key":"save"},"interaction":{"idSuffix":"BDI-content"}},"wdio_ui5_key":"etmportal.ui.billofresources.view.NewBoRsap.m.Button{\"propertyName\":\"text\",\"key\":\"save\"}"}]}
COMMAND: GET /session/f2cd4ae8189ca6d10895ec2a4c0fd9f4/screenshot - {}
RESULT: {"script":"<script> [1562 bytes]","args":[{"selector":{"controlType":"sap.m.Button","viewName":"etm.portal.ui.billofresources.view.NewBoR","viewId":"application-billofresources-display-component---newBoR","i18NText":{"propertyName":"text","key":"save"},"interaction":{"idSuffix":"BDI-content"}},"wdio_ui5_key":"etmportal.ui.billofresources.view.NewBoRsap.m.Button{\"propertyName\":\"text\",\"key\":\"save\"}"}]}
RESULT: undefined
COMMAND: POST /session/f2cd4ae8189ca6d10895ec2a4c0fd9f4/element - {"using":"xpath","value":"//*[@id=\"__button169\"]"}
RESULT: {}
RESULT: {"using":"xpath","value":"//*[@id=\"__button169\"]"}
COMMAND: POST /session/f2cd4ae8189ca6d10895ec2a4c0fd9f4/element/f.424AAD618E1F24C3245613156BD8613D.d.2659EA4A78CEBD396B26CCA97134E20B.e.2056/click - {}
RESULT: {}
COMMAND: GET /session/f2cd4ae8189ca6d10895ec2a4c0fd9f4/screenshot - {}
COMMAND: POST /session/f2cd4ae8189ca6d10895ec2a4c0fd9f4/execute/async - {"script":"<script> [1562 bytes]","args":[{"selector":{"controlType":"sap.m.Text","viewName":"etm.portal.ui.billofresources.view.DetailBoR","viewId":"application-billofresources-display-component---detailBoR","bindingPath":{"propertyPath":"LINK_TO_RESOURCE_UNITS/LINK_TO_RU_STATE/STATE_DESCR","modelName":"catalogModel"}},"wdio_ui5_key":"etmportal.ui.billofresources.view.DetailBoRsap.m.Text{\"propertyPath\":\"LINK_TO_RESOURCE_UNITS/LINK_TO_RU_STATE/STATE_DESCR\",\"modelName\":\"catalogModel\"}"}]}
RESULT: {}
RESULT: {"script":"<script> [1562 bytes]","args":[{"selector":{"controlType":"sap.m.Text","viewName":"etm.portal.ui.billofresources.view.DetailBoR","viewId":"application-billofresources-display-component---detailBoR","bindingPath":{"propertyPath":"LINK_TO_RESOURCE_UNITS/LINK_TO_RU_STATE/STATE_DESCR","modelName":"catalogModel"}},"wdio_ui5_key":"etmportal.ui.billofresources.view.DetailBoRsap.m.Text{\"propertyPath\":\"LINK_TO_RESOURCE_UNITS/LINK_TO_RU_STATE/STATE_DESCR\",\"modelName\":\"catalogModel\"}"}]}
RESULT: undefined
COMMAND: POST /session/f2cd4ae8189ca6d10895ec2a4c0fd9f4/execute/async - {"script":"<script> [6424 bytes]","args":[{"element-6066-11e4-a52e-4f735466cecf":"f.424AAD618E1F24C3245613156BD8613D.d.2659EA4A78CEBD396B26CCA97134E20B.e.2484"},"getText",[]]}
RESULT: {"script":"<script> [6424 bytes]","args":[{"element-6066-11e4-a52e-4f735466cecf":"f.424AAD618E1F24C3245613156BD8613D.d.2659EA4A78CEBD396B26CCA97134E20B.e.2484"},"getText",[]]}
]]></system-out>
    </testcase>
    <testcase classname="chrome.135_0_7049_96.windows.Bill_of_Resources_tests_for_bundle_creation_&amp;_replenishment_US131067_US131070" name="Should create replenishment handover from BOR US131070" time="78.003">
      <system-out><![CDATA[
COMMAND: POST /session/f2cd4ae8189ca6d10895ec2a4c0fd9f4/execute/async - {"script":"<script> [1562 bytes]","args":[{"selector":{"controlType":"sap.m.Button","viewName":"etm.portal.ui.billofresources.view.DetailBoR","viewId":"application-billofresources-display-component---detailBoR","i18NText":{"propertyName":"text","key":"replenish"},"interaction":{"idSuffix":"BDI-content"}},"wdio_ui5_key":"etmportal.ui.billofresources.view.DetailBoRsap.m.Button{\"propertyName\":\"text\",\"key\":\"replenish\"}"}]}
RESULT: {"script":"<script> [1562 bytes]","args":[{"selector":{"controlType":"sap.m.Button","viewName":"etm.portal.ui.billofresources.view.DetailBoR","viewId":"application-billofresources-display-component---detailBoR","i18NText":{"propertyName":"text","key":"replenish"},"interaction":{"idSuffix":"BDI-content"}},"wdio_ui5_key":"etmportal.ui.billofresources.view.DetailBoRsap.m.Button{\"propertyName\":\"text\",\"key\":\"replenish\"}"}]}
RESULT: undefined
COMMAND: POST /session/f2cd4ae8189ca6d10895ec2a4c0fd9f4/element - {"using":"xpath","value":"//*[@id=\"__button183\"]"}
RESULT: {"using":"xpath","value":"//*[@id=\"__button183\"]"}
COMMAND: POST /session/f2cd4ae8189ca6d10895ec2a4c0fd9f4/element/f.424AAD618E1F24C3245613156BD8613D.d.2659EA4A78CEBD396B26CCA97134E20B.e.2486/click - {}
RESULT: {}
COMMAND: GET /session/f2cd4ae8189ca6d10895ec2a4c0fd9f4/screenshot - {}
RESULT: {}
COMMAND: POST /session/f2cd4ae8189ca6d10895ec2a4c0fd9f4/execute/async - {"script":"<script> [1562 bytes]","args":[{"selector":{"controlType":"sap.m.Button","viewName":"etm.portal.ui.billofresources.view.DetailBoR","viewId":"application-billofresources-display-component---detailBoR","i18NText":{"propertyName":"text","key":"execute"},"interaction":{"idSuffix":"BDI-content"}},"wdio_ui5_key":"etmportal.ui.billofresources.view.DetailBoRsap.m.Button{\"propertyName\":\"text\",\"key\":\"execute\"}"}]}
RESULT: {"script":"<script> [1562 bytes]","args":[{"selector":{"controlType":"sap.m.Button","viewName":"etm.portal.ui.billofresources.view.DetailBoR","viewId":"application-billofresources-display-component---detailBoR","i18NText":{"propertyName":"text","key":"execute"},"interaction":{"idSuffix":"BDI-content"}},"wdio_ui5_key":"etmportal.ui.billofresources.view.DetailBoRsap.m.Button{\"propertyName\":\"text\",\"key\":\"execute\"}"}]}
RESULT: undefined
COMMAND: POST /session/f2cd4ae8189ca6d10895ec2a4c0fd9f4/element - {"using":"xpath","value":"//*[@id=\"__button199\"]"}
RESULT: {"using":"xpath","value":"//*[@id=\"__button199\"]"}
COMMAND: POST /session/f2cd4ae8189ca6d10895ec2a4c0fd9f4/element/f.424AAD618E1F24C3245613156BD8613D.d.2659EA4A78CEBD396B26CCA97134E20B.e.2505/click - {}
RESULT: {}
COMMAND: GET /session/f2cd4ae8189ca6d10895ec2a4c0fd9f4/screenshot - {}
RESULT: {}
COMMAND: POST /session/f2cd4ae8189ca6d10895ec2a4c0fd9f4/execute/async - {"script":"<script> [1562 bytes]","args":[{"selector":{"controlType":"sap.m.Text","viewName":"etm.portal.ui.managehandovers.view.DetailExecuteHO","bindingPath":{"path":"","propertyPath":"NO","modelName":"catalogModel"}},"wdio_ui5_key":"etmportal.ui.managehandovers.view.DetailExecuteHOsap.m.Text{\"path\":\"\",\"propertyPath\":\"NO\",\"modelName\":\"catalogModel\"}"}]}
RESULT: {"script":"<script> [1562 bytes]","args":[{"selector":{"controlType":"sap.m.Text","viewName":"etm.portal.ui.managehandovers.view.DetailExecuteHO","bindingPath":{"path":"","propertyPath":"NO","modelName":"catalogModel"}},"wdio_ui5_key":"etmportal.ui.managehandovers.view.DetailExecuteHOsap.m.Text{\"path\":\"\",\"propertyPath\":\"NO\",\"modelName\":\"catalogModel\"}"}]}
RESULT: undefined
COMMAND: POST /session/f2cd4ae8189ca6d10895ec2a4c0fd9f4/execute/async - {"script":"<script> [6424 bytes]","args":[{"element-6066-11e4-a52e-4f735466cecf":"f.424AAD618E1F24C3245613156BD8613D.d.2659EA4A78CEBD396B26CCA97134E20B.e.2809"},"getText",[]]}
RESULT: {"script":"<script> [6424 bytes]","args":[{"element-6066-11e4-a52e-4f735466cecf":"f.424AAD618E1F24C3245613156BD8613D.d.2659EA4A78CEBD396B26CCA97134E20B.e.2809"},"getText",[]]}
COMMAND: POST /session/f2cd4ae8189ca6d10895ec2a4c0fd9f4/element - {"using":"xpath","value":"//button[@data-kt=\"PickingTableConfirmAllButton\"]"}
RESULT: {"using":"xpath","value":"//button[@data-kt=\"PickingTableConfirmAllButton\"]"}
COMMAND: POST /session/f2cd4ae8189ca6d10895ec2a4c0fd9f4/element/f.424AAD618E1F24C3245613156BD8613D.d.2659EA4A78CEBD396B26CCA97134E20B.e.2810/click - {}
RESULT: {}
COMMAND: GET /session/f2cd4ae8189ca6d10895ec2a4c0fd9f4/screenshot - {}
RESULT: {}
COMMAND: POST /session/f2cd4ae8189ca6d10895ec2a4c0fd9f4/element - {"using":"xpath","value":"//bdi[contains(text(), \"OK\")]"}
RESULT: {"using":"xpath","value":"//bdi[contains(text(), \"OK\")]"}
COMMAND: POST /session/f2cd4ae8189ca6d10895ec2a4c0fd9f4/element/f.424AAD618E1F24C3245613156BD8613D.d.2659EA4A78CEBD396B26CCA97134E20B.e.2812/click - {}
RESULT: {}
COMMAND: GET /session/f2cd4ae8189ca6d10895ec2a4c0fd9f4/screenshot - {}
RESULT: {}
COMMAND: POST /session/f2cd4ae8189ca6d10895ec2a4c0fd9f4/element - {"using":"xpath","value":"(//bdi[contains(text(), \"Pick\")])[1]"}
RESULT: {"using":"xpath","value":"(//bdi[contains(text(), \"Pick\")])[1]"}
COMMAND: POST /session/f2cd4ae8189ca6d10895ec2a4c0fd9f4/element/f.424AAD618E1F24C3245613156BD8613D.d.2659EA4A78CEBD396B26CCA97134E20B.e.2814/click - {}
RESULT: {}
COMMAND: GET /session/f2cd4ae8189ca6d10895ec2a4c0fd9f4/screenshot - {}
RESULT: {}
COMMAND: POST /session/f2cd4ae8189ca6d10895ec2a4c0fd9f4/execute/async - {"script":"<script> [1562 bytes]","args":[{"selector":{"controlType":"sap.m.SearchField","viewName":"etm.portal.ui.managehandovers.view.MasterHO","bindingPath":{"propertyPath":"/_BASIC_SEARCH_FIELD","modelName":"fi1t3rM0d31"},"interaction":{"idSuffix":"I"}},"wdio_ui5_key":"etmportal.ui.managehandovers.view.MasterHOsap.m.SearchField{\"propertyPath\":\"/_BASIC_SEARCH_FIELD\",\"modelName\":\"fi1t3rM0d31\"}"}]}
RESULT: {"script":"<script> [1562 bytes]","args":[{"selector":{"controlType":"sap.m.SearchField","viewName":"etm.portal.ui.managehandovers.view.MasterHO","bindingPath":{"propertyPath":"/_BASIC_SEARCH_FIELD","modelName":"fi1t3rM0d31"},"interaction":{"idSuffix":"I"}},"wdio_ui5_key":"etmportal.ui.managehandovers.view.MasterHOsap.m.SearchField{\"propertyPath\":\"/_BASIC_SEARCH_FIELD\",\"modelName\":\"fi1t3rM0d31\"}"}]}
RESULT: undefined
COMMAND: POST /session/f2cd4ae8189ca6d10895ec2a4c0fd9f4/execute/async - {"script":"<script> [776 bytes]","args":[{"enterText":"30702","selector":{"controlType":"sap.m.SearchField","viewName":"etm.portal.ui.managehandovers.view.MasterHO","bindingPath":{"propertyPath":"/_BASIC_SEARCH_FIELD","modelName":"fi1t3rM0d31"},"interaction":{"idSuffix":"I"}},"clearTextFirst":true,"interactionType":"ENTER_TEXT"}]}
RESULT: {"script":"<script> [776 bytes]","args":[{"enterText":"30702","selector":{"controlType":"sap.m.SearchField","viewName":"etm.portal.ui.managehandovers.view.MasterHO","bindingPath":{"propertyPath":"/_BASIC_SEARCH_FIELD","modelName":"fi1t3rM0d31"},"interaction":{"idSuffix":"I"}},"clearTextFirst":true,"interactionType":"ENTER_TEXT"}]}
COMMAND: POST /session/f2cd4ae8189ca6d10895ec2a4c0fd9f4/actions - {"actions":[{"id":"action4","type":"key","parameters":{},"actions":[{"type":"keyDown","value":"î€‡"},{"type":"pause","duration":10},{"type":"keyUp","value":"î€‡"}]}]}
RESULT: {"actions":[{"id":"action4","type":"key","parameters":{},"actions":[{"type":"keyDown","value":"î€‡"},{"type":"pause","duration":10},{"type":"keyUp","value":"î€‡"}]}]}
COMMAND: GET /session/f2cd4ae8189ca6d10895ec2a4c0fd9f4/screenshot - {}
RESULT: {}
COMMAND: POST /session/f2cd4ae8189ca6d10895ec2a4c0fd9f4/execute/async - {"script":"<script> [1562 bytes]","args":[{"selector":{"controlType":"sap.ui.core.Icon","viewName":"etm.portal.ui.managehandovers.view.MasterHO","properties":{"src":{"regex":{"source":"slim\\-arrow\\-right"}}}},"wdio_ui5_key":"etmportal.ui.managehandovers.view.MasterHOsap.ui.core.Icon{\"src\":{\"regex\":{\"source\":\"slim\\\\-arrow\\\\-right\"}}}"}]}
RESULT: {"script":"<script> [1562 bytes]","args":[{"selector":{"controlType":"sap.ui.core.Icon","viewName":"etm.portal.ui.managehandovers.view.MasterHO","properties":{"src":{"regex":{"source":"slim\\-arrow\\-right"}}}},"wdio_ui5_key":"etmportal.ui.managehandovers.view.MasterHOsap.ui.core.Icon{\"src\":{\"regex\":{\"source\":\"slim\\\\-arrow\\\\-right\"}}}"}]}
RESULT: undefined
COMMAND: POST /session/f2cd4ae8189ca6d10895ec2a4c0fd9f4/element - {"using":"xpath","value":"//*[@id=\"__item1367-__clone3175-imgNav\"]"}
RESULT: {"using":"xpath","value":"//*[@id=\"__item1367-__clone3175-imgNav\"]"}
COMMAND: POST /session/f2cd4ae8189ca6d10895ec2a4c0fd9f4/element/f.424AAD618E1F24C3245613156BD8613D.d.2659EA4A78CEBD396B26CCA97134E20B.e.2903/click - {}
RESULT: {}
COMMAND: POST /session/f2cd4ae8189ca6d10895ec2a4c0fd9f4/execute/async - {"script":"<script> [1562 bytes]","args":[{"selector":{"controlType":"sap.m.ObjectStatus","viewName":"etm.portal.ui.managehandovers.view.DetailExecuteHO","bindingPath":{"path":"","propertyPath":"LINK_TO_STATUS/DESCRIPTION","modelName":"catalogModel"}},"wdio_ui5_key":"etmportal.ui.managehandovers.view.DetailExecuteHOsap.m.ObjectStatus{\"path\":\"\",\"propertyPath\":\"LINK_TO_STATUS/DESCRIPTION\",\"modelName\":\"catalogModel\"}"}]}
COMMAND: GET /session/f2cd4ae8189ca6d10895ec2a4c0fd9f4/screenshot - {}
RESULT: {"script":"<script> [1562 bytes]","args":[{"selector":{"controlType":"sap.m.ObjectStatus","viewName":"etm.portal.ui.managehandovers.view.DetailExecuteHO","bindingPath":{"path":"","propertyPath":"LINK_TO_STATUS/DESCRIPTION","modelName":"catalogModel"}},"wdio_ui5_key":"etmportal.ui.managehandovers.view.DetailExecuteHOsap.m.ObjectStatus{\"path\":\"\",\"propertyPath\":\"LINK_TO_STATUS/DESCRIPTION\",\"modelName\":\"catalogModel\"}"}]}
RESULT: undefined
COMMAND: POST /session/f2cd4ae8189ca6d10895ec2a4c0fd9f4/execute/async - {"script":"<script> [6424 bytes]","args":[{"element-6066-11e4-a52e-4f735466cecf":"f.424AAD618E1F24C3245613156BD8613D.d.2659EA4A78CEBD396B26CCA97134E20B.e.2939"},"getText",[]]}
RESULT: {}
RESULT: {"script":"<script> [6424 bytes]","args":[{"element-6066-11e4-a52e-4f735466cecf":"f.424AAD618E1F24C3245613156BD8613D.d.2659EA4A78CEBD396B26CCA97134E20B.e.2939"},"getText",[]]}
COMMAND: POST /session/f2cd4ae8189ca6d10895ec2a4c0fd9f4/element - {"using":"xpath","value":"//button[@data-kt=\"PickingTableConfirmAllButton\"]"}
RESULT: {"using":"xpath","value":"//button[@data-kt=\"PickingTableConfirmAllButton\"]"}
COMMAND: POST /session/f2cd4ae8189ca6d10895ec2a4c0fd9f4/element/f.424AAD618E1F24C3245613156BD8613D.d.2659EA4A78CEBD396B26CCA97134E20B.e.2927/click - {}
RESULT: {}
COMMAND: GET /session/f2cd4ae8189ca6d10895ec2a4c0fd9f4/screenshot - {}
RESULT: {}
COMMAND: POST /session/f2cd4ae8189ca6d10895ec2a4c0fd9f4/element - {"using":"xpath","value":"//bdi[contains(text(), \"OK\")]"}
RESULT: {"using":"xpath","value":"//bdi[contains(text(), \"OK\")]"}
COMMAND: POST /session/f2cd4ae8189ca6d10895ec2a4c0fd9f4/element/f.424AAD618E1F24C3245613156BD8613D.d.2659EA4A78CEBD396B26CCA97134E20B.e.2944/click - {}
RESULT: {}
COMMAND: GET /session/f2cd4ae8189ca6d10895ec2a4c0fd9f4/screenshot - {}
RESULT: {}
COMMAND: POST /session/f2cd4ae8189ca6d10895ec2a4c0fd9f4/element - {"using":"xpath","value":"(//bdi[contains(text(), \"Issue\")])[1]"}
RESULT: {"using":"xpath","value":"(//bdi[contains(text(), \"Issue\")])[1]"}
COMMAND: POST /session/f2cd4ae8189ca6d10895ec2a4c0fd9f4/element/f.424AAD618E1F24C3245613156BD8613D.d.2659EA4A78CEBD396B26CCA97134E20B.e.2945/click - {}
RESULT: {}
COMMAND: GET /session/f2cd4ae8189ca6d10895ec2a4c0fd9f4/screenshot - {}
RESULT: {}
COMMAND: POST /session/f2cd4ae8189ca6d10895ec2a4c0fd9f4/element - {"using":"xpath","value":"//span[contains(@id, \"smartTable-header-inner\")]"}
RESULT: {"using":"xpath","value":"//span[contains(@id, \"smartTable-header-inner\")]"}
COMMAND: POST /session/f2cd4ae8189ca6d10895ec2a4c0fd9f4/elements - {"using":"xpath","value":"//span[contains(@id, \"smartTable-header-inner\")]"}
RESULT: {"using":"xpath","value":"//span[contains(@id, \"smartTable-header-inner\")]"}
COMMAND: POST /session/f2cd4ae8189ca6d10895ec2a4c0fd9f4/execute/sync - {"script":"<script> [56 bytes]","args":[{"element-6066-11e4-a52e-4f735466cecf":"f.424AAD618E1F24C3245613156BD8613D.d.2659EA4A78CEBD396B26CCA97134E20B.e.2982","ELEMENT":"f.424AAD618E1F24C3245613156BD8613D.d.2659EA4A78CEBD396B26CCA97134E20B.e.2982"}]}
RESULT: {"script":"<script> [56 bytes]","args":[{"element-6066-11e4-a52e-4f735466cecf":"f.424AAD618E1F24C3245613156BD8613D.d.2659EA4A78CEBD396B26CCA97134E20B.e.2982","ELEMENT":"f.424AAD618E1F24C3245613156BD8613D.d.2659EA4A78CEBD396B26CCA97134E20B.e.2982"}]}
COMMAND: POST /session/f2cd4ae8189ca6d10895ec2a4c0fd9f4/elements - {"using":"xpath","value":"//thead[contains(@class, \"sapMTableTH\")]/tr/th"}
COMMAND: GET /session/f2cd4ae8189ca6d10895ec2a4c0fd9f4/screenshot - {}
RESULT: {"using":"xpath","value":"//thead[contains(@class, \"sapMTableTH\")]/tr/th"}
COMMAND: GET /session/f2cd4ae8189ca6d10895ec2a4c0fd9f4/element/f.424AAD618E1F24C3245613156BD8613D.d.2659EA4A78CEBD396B26CCA97134E20B.e.2983/text - {}
RESULT: {}
RESULT: {}
COMMAND: GET /session/f2cd4ae8189ca6d10895ec2a4c0fd9f4/element/f.424AAD618E1F24C3245613156BD8613D.d.2659EA4A78CEBD396B26CCA97134E20B.e.2984/text - {}
RESULT: {}
COMMAND: GET /session/f2cd4ae8189ca6d10895ec2a4c0fd9f4/element/f.424AAD618E1F24C3245613156BD8613D.d.2659EA4A78CEBD396B26CCA97134E20B.e.2592/text - {}
RESULT: {}
COMMAND: GET /session/f2cd4ae8189ca6d10895ec2a4c0fd9f4/element/f.424AAD618E1F24C3245613156BD8613D.d.2659EA4A78CEBD396B26CCA97134E20B.e.2594/text - {}
RESULT: {}
COMMAND: GET /session/f2cd4ae8189ca6d10895ec2a4c0fd9f4/element/f.424AAD618E1F24C3245613156BD8613D.d.2659EA4A78CEBD396B26CCA97134E20B.e.2951/text - {}
RESULT: {}
COMMAND: GET /session/f2cd4ae8189ca6d10895ec2a4c0fd9f4/element/f.424AAD618E1F24C3245613156BD8613D.d.2659EA4A78CEBD396B26CCA97134E20B.e.2952/text - {}
RESULT: {}
COMMAND: GET /session/f2cd4ae8189ca6d10895ec2a4c0fd9f4/element/f.424AAD618E1F24C3245613156BD8613D.d.2659EA4A78CEBD396B26CCA97134E20B.e.2953/text - {}
RESULT: {}
COMMAND: GET /session/f2cd4ae8189ca6d10895ec2a4c0fd9f4/element/f.424AAD618E1F24C3245613156BD8613D.d.2659EA4A78CEBD396B26CCA97134E20B.e.2954/text - {}
RESULT: {}
COMMAND: GET /session/f2cd4ae8189ca6d10895ec2a4c0fd9f4/element/f.424AAD618E1F24C3245613156BD8613D.d.2659EA4A78CEBD396B26CCA97134E20B.e.2955/text - {}
RESULT: {}
COMMAND: GET /session/f2cd4ae8189ca6d10895ec2a4c0fd9f4/element/f.424AAD618E1F24C3245613156BD8613D.d.2659EA4A78CEBD396B26CCA97134E20B.e.2956/text - {}
RESULT: {}
COMMAND: GET /session/f2cd4ae8189ca6d10895ec2a4c0fd9f4/element/f.424AAD618E1F24C3245613156BD8613D.d.2659EA4A78CEBD396B26CCA97134E20B.e.2957/text - {}
RESULT: {}
COMMAND: GET /session/f2cd4ae8189ca6d10895ec2a4c0fd9f4/element/f.424AAD618E1F24C3245613156BD8613D.d.2659EA4A78CEBD396B26CCA97134E20B.e.2958/text - {}
RESULT: {}
COMMAND: GET /session/f2cd4ae8189ca6d10895ec2a4c0fd9f4/element/f.424AAD618E1F24C3245613156BD8613D.d.2659EA4A78CEBD396B26CCA97134E20B.e.2959/text - {}
RESULT: {}
COMMAND: GET /session/f2cd4ae8189ca6d10895ec2a4c0fd9f4/element/f.424AAD618E1F24C3245613156BD8613D.d.2659EA4A78CEBD396B26CCA97134E20B.e.2595/text - {}
RESULT: {}
COMMAND: POST /session/f2cd4ae8189ca6d10895ec2a4c0fd9f4/element - {"using":"xpath","value":"//tbody[contains(@id, \"customHandoversTable-tblBody\")]/tr[1]/td[14]/div/span"}
RESULT: {"using":"xpath","value":"//tbody[contains(@id, \"customHandoversTable-tblBody\")]/tr[1]/td[14]/div/span"}
COMMAND: POST /session/f2cd4ae8189ca6d10895ec2a4c0fd9f4/execute/sync - {"script":"<script> [56 bytes]","args":[{"element-6066-11e4-a52e-4f735466cecf":"f.424AAD618E1F24C3245613156BD8613D.d.2659EA4A78CEBD396B26CCA97134E20B.e.3021","ELEMENT":"f.424AAD618E1F24C3245613156BD8613D.d.2659EA4A78CEBD396B26CCA97134E20B.e.3021"}]}
RESULT: {"script":"<script> [56 bytes]","args":[{"element-6066-11e4-a52e-4f735466cecf":"f.424AAD618E1F24C3245613156BD8613D.d.2659EA4A78CEBD396B26CCA97134E20B.e.3021","ELEMENT":"f.424AAD618E1F24C3245613156BD8613D.d.2659EA4A78CEBD396B26CCA97134E20B.e.3021"}]}
COMMAND: POST /session/f2cd4ae8189ca6d10895ec2a4c0fd9f4/element - {"using":"css selector","value":"#shell-header-logo"}
COMMAND: GET /session/f2cd4ae8189ca6d10895ec2a4c0fd9f4/screenshot - {}
RESULT: {"using":"css selector","value":"#shell-header-logo"}
COMMAND: POST /session/f2cd4ae8189ca6d10895ec2a4c0fd9f4/element/f.424AAD618E1F24C3245613156BD8613D.d.2659EA4A78CEBD396B26CCA97134E20B.e.1773/click - {}
RESULT: {}
RESULT: {}
COMMAND: GET /session/f2cd4ae8189ca6d10895ec2a4c0fd9f4/screenshot - {}
RESULT: {}
COMMAND: POST /session/f2cd4ae8189ca6d10895ec2a4c0fd9f4/element - {"using":"css selector","value":"#j_username"}
COMMAND: POST /session/f2cd4ae8189ca6d10895ec2a4c0fd9f4/url - {"url":"https://qa-testing-00-live-etm-ui.cfapps.eu10-004.hana.ondemand.com/"}
RESULT: {"using":"css selector","value":"#j_username"}
COMMAND: POST /session/f2cd4ae8189ca6d10895ec2a4c0fd9f4/element - {"using":"css selector","value":"#j_username"}
RESULT: {"url":"https://qa-testing-00-live-etm-ui.cfapps.eu10-004.hana.ondemand.com/"}
RESULT: undefined
COMMAND: GET /session/f2cd4ae8189ca6d10895ec2a4c0fd9f4/screenshot - {}
RESULT: {"using":"css selector","value":"#j_username"}
COMMAND: POST /session/f2cd4ae8189ca6d10895ec2a4c0fd9f4/element - {"using":"css selector","value":"#shell-header-logo"}
RESULT: {}
RESULT: {"using":"css selector","value":"#shell-header-logo"}
COMMAND: POST /session/f2cd4ae8189ca6d10895ec2a4c0fd9f4/execute/sync - {"script":"<script> [8489 bytes]","args":[{"element-6066-11e4-a52e-4f735466cecf":"f.424AAD618E1F24C3245613156BD8613D.d.4CEF3462CB0AF8CEDE64579F80CD158B.e.3101","ELEMENT":"f.424AAD618E1F24C3245613156BD8613D.d.4CEF3462CB0AF8CEDE64579F80CD158B.e.3101"}]}
RESULT: {"script":"<script> [8489 bytes]","args":[{"element-6066-11e4-a52e-4f735466cecf":"f.424AAD618E1F24C3245613156BD8613D.d.4CEF3462CB0AF8CEDE64579F80CD158B.e.3101","ELEMENT":"f.424AAD618E1F24C3245613156BD8613D.d.4CEF3462CB0AF8CEDE64579F80CD158B.e.3101"}]}
COMMAND: POST /session/f2cd4ae8189ca6d10895ec2a4c0fd9f4/element - {"using":"css selector","value":"#shell-header-logo"}
COMMAND: GET /session/f2cd4ae8189ca6d10895ec2a4c0fd9f4/screenshot - {}
RESULT: {"using":"css selector","value":"#shell-header-logo"}
COMMAND: POST /session/f2cd4ae8189ca6d10895ec2a4c0fd9f4/execute/sync - {"script":"<script> [8489 bytes]","args":[{"element-6066-11e4-a52e-4f735466cecf":"f.424AAD618E1F24C3245613156BD8613D.d.4CEF3462CB0AF8CEDE64579F80CD158B.e.3101","ELEMENT":"f.424AAD618E1F24C3245613156BD8613D.d.4CEF3462CB0AF8CEDE64579F80CD158B.e.3101"}]}
RESULT: {}
RESULT: {"script":"<script> [8489 bytes]","args":[{"element-6066-11e4-a52e-4f735466cecf":"f.424AAD618E1F24C3245613156BD8613D.d.4CEF3462CB0AF8CEDE64579F80CD158B.e.3101","ELEMENT":"f.424AAD618E1F24C3245613156BD8613D.d.4CEF3462CB0AF8CEDE64579F80CD158B.e.3101"}]}
COMMAND: POST /session/f2cd4ae8189ca6d10895ec2a4c0fd9f4/execute/sync - {"script":"<script> [5351 bytes]","args":[{"element-6066-11e4-a52e-4f735466cecf":"f.424AAD618E1F24C3245613156BD8613D.d.4CEF3462CB0AF8CEDE64579F80CD158B.e.3101","ELEMENT":"f.424AAD618E1F24C3245613156BD8613D.d.4CEF3462CB0AF8CEDE64579F80CD158B.e.3101"}]}
COMMAND: GET /session/f2cd4ae8189ca6d10895ec2a4c0fd9f4/screenshot - {}
RESULT: {"script":"<script> [5351 bytes]","args":[{"element-6066-11e4-a52e-4f735466cecf":"f.424AAD618E1F24C3245613156BD8613D.d.4CEF3462CB0AF8CEDE64579F80CD158B.e.3101","ELEMENT":"f.424AAD618E1F24C3245613156BD8613D.d.4CEF3462CB0AF8CEDE64579F80CD158B.e.3101"}]}
COMMAND: POST /session/f2cd4ae8189ca6d10895ec2a4c0fd9f4/element - {"using":"css selector","value":"#shell-header-logo"}
COMMAND: GET /session/f2cd4ae8189ca6d10895ec2a4c0fd9f4/screenshot - {}
RESULT: {}
RESULT: {"using":"css selector","value":"#shell-header-logo"}
COMMAND: POST /session/f2cd4ae8189ca6d10895ec2a4c0fd9f4/element/f.424AAD618E1F24C3245613156BD8613D.d.4CEF3462CB0AF8CEDE64579F80CD158B.e.3101/click - {}
RESULT: {}
RESULT: {}
COMMAND: GET /session/f2cd4ae8189ca6d10895ec2a4c0fd9f4/screenshot - {}
RESULT: {}
COMMAND: POST /session/f2cd4ae8189ca6d10895ec2a4c0fd9f4/execute/async - {"script":"<script> [189 bytes]","args":[]}
RESULT: {"script":"<script> [189 bytes]","args":[]}
COMMAND: POST /session/f2cd4ae8189ca6d10895ec2a4c0fd9f4/execute/async - {"script":"<script> [123 bytes]","args":[]}
RESULT: {"script":"<script> [123 bytes]","args":[]}
COMMAND: POST /session/f2cd4ae8189ca6d10895ec2a4c0fd9f4/timeouts - {"script":"<number>"}
RESULT: {"script":"<number>"}
COMMAND: GET /session/f2cd4ae8189ca6d10895ec2a4c0fd9f4/timeouts - {}
RESULT: {}
RESULT: undefined
COMMAND: POST /session/f2cd4ae8189ca6d10895ec2a4c0fd9f4/execute/async - {"script":"<script> [2676 bytes]","args":[]}
RESULT: {"script":"<script> [2676 bytes]","args":[]}
COMMAND: POST /session/f2cd4ae8189ca6d10895ec2a4c0fd9f4/execute/async - {"script":"<script> [2342 bytes]","args":[{"protocol":"http","hostname":"0.0.0.0","path":"/","capabilities":{"browserName":"chrome","goog:chromeOptions":{"binary":"C:\\Program Files\\Google\\Chrome\\Application\\chrome.exe","args":["--start-maximized"]}},"logLevel":"warn","connectionRetryTimeout":120000,"connectionRetryCount":3,"logLevels":{},"enableDirectConnect":true,"strictSSL":true,"_":"65 more keys: [\"cacheDir\",\"port\",\"requestedCapabilities\",\"automationProtocol\",\"baseUrl\",\"waitforInterval\",\"waitforTimeout\",\"onReload\",\"beforeCommand\",\"afterCommand\",\"rootDir\",\"specs\",\"suites\",\"exclude\",\"groupLogsByTestSpec\",\"excludeDriverLogs\",\"bail\",\"framework\",\"reporters\",\"services\",\"maxInstances\",\"maxInstancesPerCapability\",\"injectGlobals\",\"filesToWatch\",\"execArgv\",\"runnerEnv\",\"runner\",\"shard\",\"specFileRetries\",\"specFileRetriesDelay\",\"specFileRetriesDeferred\",\"reporterSyncInterval\",\"reporterSyncTimeout\",\"cucumberFeaturesWithLineNumbers\",\"autoCompileOpts\",\"mochaOpts\",\"jasmineOpts\",\"cucumberOpts\",\"onPrepare\",\"onWorkerStart\",\"onWorkerEnd\",\"before\",\"beforeSession\",\"beforeSuite\",\"beforeHook\",\"beforeTest\",\"afterTest\",\"afterHook\",\"afterSuite\",\"afterSession\",\"after\",\"onComplete\",\"beforeAssertion\",\"afterAssertion\",\"beforeFeature\",\"beforeScenario\",\"beforeStep\",\"afterStep\",\"afterScenario\",\"afterFeature\",\"_\",\"suite\",\"$0\",\"ignoredWorkerServices\",\"wdi5\"]"}]}
RESULT: {"script":"<script> [2342 bytes]","args":[{"protocol":"http","hostname":"0.0.0.0","path":"/","capabilities":{"browserName":"chrome","goog:chromeOptions":{"binary":"C:\\Program Files\\Google\\Chrome\\Application\\chrome.exe","args":["--start-maximized"]}},"logLevel":"warn","connectionRetryTimeout":120000,"connectionRetryCount":3,"logLevels":{},"enableDirectConnect":true,"strictSSL":true,"_":"65 more keys: [\"cacheDir\",\"port\",\"requestedCapabilities\",\"automationProtocol\",\"baseUrl\",\"waitforInterval\",\"waitforTimeout\",\"onReload\",\"beforeCommand\",\"afterCommand\",\"rootDir\",\"specs\",\"suites\",\"exclude\",\"groupLogsByTestSpec\",\"excludeDriverLogs\",\"bail\",\"framework\",\"reporters\",\"services\",\"maxInstances\",\"maxInstancesPerCapability\",\"injectGlobals\",\"filesToWatch\",\"execArgv\",\"runnerEnv\",\"runner\",\"shard\",\"specFileRetries\",\"specFileRetriesDelay\",\"specFileRetriesDeferred\",\"reporterSyncInterval\",\"reporterSyncTimeout\",\"cucumberFeaturesWithLineNumbers\",\"autoCompileOpts\",\"mochaOpts\",\"jasmineOpts\",\"cucumberOpts\",\"onPrepare\",\"onWorkerStart\",\"onWorkerEnd\",\"before\",\"beforeSession\",\"beforeSuite\",\"beforeHook\",\"beforeTest\",\"afterTest\",\"afterHook\",\"afterSuite\",\"afterSession\",\"after\",\"onComplete\",\"beforeAssertion\",\"afterAssertion\",\"beforeFeature\",\"beforeScenario\",\"beforeStep\",\"afterStep\",\"afterScenario\",\"afterFeature\",\"_\",\"suite\",\"$0\",\"ignoredWorkerServices\",\"wdi5\"]"}]}
COMMAND: POST /session/f2cd4ae8189ca6d10895ec2a4c0fd9f4/execute/async - {"script":"<script> [21126 bytes]","args":[35000]}
RESULT: {"script":"<script> [21126 bytes]","args":[35000]}
COMMAND: POST /session/f2cd4ae8189ca6d10895ec2a4c0fd9f4/window/maximize - {}
RESULT: {}
COMMAND: POST /session/f2cd4ae8189ca6d10895ec2a4c0fd9f4/execute/async - {"script":"<script> [1562 bytes]","args":[{"selector":{"id":"shell-header","interaction":{"idSuffix":"icon"}},"wdio_ui5_key":"shellheader"}]}
COMMAND: GET /session/f2cd4ae8189ca6d10895ec2a4c0fd9f4/screenshot - {}
RESULT: {"script":"<script> [1562 bytes]","args":[{"selector":{"id":"shell-header","interaction":{"idSuffix":"icon"}},"wdio_ui5_key":"shellheader"}]}
RESULT: undefined
COMMAND: POST /session/f2cd4ae8189ca6d10895ec2a4c0fd9f4/window/fullscreen - {}
RESULT: {}
RESULT: {}
]]></system-out>
    </testcase>
  </testsuite>
  <testsuite timestamp="2025-05-03T16:32:22" time="175.053" tests="1" failures="0" errors="0" skipped="0">
    <properties>
      <property name="specId" value="0" />
      <property name="suiteName" value="Bill of Resources Completeness check of created bundle US131059" />
      <property name="capabilities" value="chrome.135_0_7049_96.windows" />
      <property name="file" value="file:///D:/a/1/s/test/specs/HTR/bor-completeness-check.spec.js" />
    </properties>
    <testcase classname="chrome.135_0_7049_96.windows.Bill_of_Resources_Completeness_check_of_created_bundle_US131059" name="Should check the completeness of bundle created US131059" time="147.311">
      <system-out><![CDATA[
COMMAND: POST /session/f2cd4ae8189ca6d10895ec2a4c0fd9f4/execute/async - {"script":"<script> [1562 bytes]","args":[{"selector":{"controlType":"sap.m.NumericContent","bindingPath":{"path":"","propertyPath":"/properties/icon"},"ancestor":{"controlType":"sap.m.GenericTile","properties":{"header":"Bill Of Resources"}},"interaction":{"idSuffix":"value"}},"wdio_ui5_key":"sapm.NumericContent{\"path\":\"\",\"propertyPath\":\"/properties/icon\"}{\"controlType\":\"sap.m.GenericTile\",\"properties\":{\"header\":\"Bill Of Resources\"}}"}]}
RESULT: {"script":"<script> [1562 bytes]","args":[{"selector":{"controlType":"sap.m.NumericContent","bindingPath":{"path":"","propertyPath":"/properties/icon"},"ancestor":{"controlType":"sap.m.GenericTile","properties":{"header":"Bill Of Resources"}},"interaction":{"idSuffix":"value"}},"wdio_ui5_key":"sapm.NumericContent{\"path\":\"\",\"propertyPath\":\"/properties/icon\"}{\"controlType\":\"sap.m.GenericTile\",\"properties\":{\"header\":\"Bill Of Resources\"}}"}]}
RESULT: undefined
COMMAND: POST /session/f2cd4ae8189ca6d10895ec2a4c0fd9f4/element - {"using":"xpath","value":"//*[@id=\"__content2\"]"}
RESULT: {"using":"xpath","value":"//*[@id=\"__content2\"]"}
COMMAND: POST /session/f2cd4ae8189ca6d10895ec2a4c0fd9f4/element/f.424AAD618E1F24C3245613156BD8613D.d.4CEF3462CB0AF8CEDE64579F80CD158B.e.3182/click - {}
RESULT: {}
COMMAND: GET /session/f2cd4ae8189ca6d10895ec2a4c0fd9f4/screenshot - {}
COMMAND: POST /session/f2cd4ae8189ca6d10895ec2a4c0fd9f4/execute/async - {"script":"<script> [1562 bytes]","args":[{"selector":{"id":"application-billofresources-display-component---BillOfResources--smartFilterBar-filterItemControl_BASIC-BOR_TYPE-vhi"},"wdio_ui5_key":"applicationbillofresources-display-component---BillOfResources--smartFilterBar-filterItemControl_BASIC-BOR_TYPE-vhi"}]}
RESULT: {}
RESULT: {"script":"<script> [1562 bytes]","args":[{"selector":{"id":"application-billofresources-display-component---BillOfResources--smartFilterBar-filterItemControl_BASIC-BOR_TYPE-vhi"},"wdio_ui5_key":"applicationbillofresources-display-component---BillOfResources--smartFilterBar-filterItemControl_BASIC-BOR_TYPE-vhi"}]}
RESULT: undefined
COMMAND: POST /session/f2cd4ae8189ca6d10895ec2a4c0fd9f4/element - {"using":"xpath","value":"//*[@id=\"application-billofresources-display-component---BillOfResources--smartFilterBar-filterItemControl_BASIC-BOR_TYPE-vhi\"]"}
RESULT: {"using":"xpath","value":"//*[@id=\"application-billofresources-display-component---BillOfResources--smartFilterBar-filterItemControl_BASIC-BOR_TYPE-vhi\"]"}
COMMAND: POST /session/f2cd4ae8189ca6d10895ec2a4c0fd9f4/element/f.424AAD618E1F24C3245613156BD8613D.d.4CEF3462CB0AF8CEDE64579F80CD158B.e.3263/click - {}
RESULT: {}
COMMAND: GET /session/f2cd4ae8189ca6d10895ec2a4c0fd9f4/screenshot - {}
RESULT: {}
COMMAND: POST /session/f2cd4ae8189ca6d10895ec2a4c0fd9f4/element - {"using":"xpath","value":"//div[@id=\"application-billofresources-display-component---BillOfResources--smartFilterBar-filterItemControl_BASIC-BOR_TYPE-valueHelpDialog-table-rowsel4\"]"}
RESULT: {"using":"xpath","value":"//div[@id=\"application-billofresources-display-component---BillOfResources--smartFilterBar-filterItemControl_BASIC-BOR_TYPE-valueHelpDialog-table-rowsel4\"]"}
COMMAND: POST /session/f2cd4ae8189ca6d10895ec2a4c0fd9f4/element/f.424AAD618E1F24C3245613156BD8613D.d.4CEF3462CB0AF8CEDE64579F80CD158B.e.3272/click - {}
RESULT: {}
COMMAND: GET /session/f2cd4ae8189ca6d10895ec2a4c0fd9f4/screenshot - {}
RESULT: {}
COMMAND: POST /session/f2cd4ae8189ca6d10895ec2a4c0fd9f4/execute/async - {"script":"<script> [1562 bytes]","args":[{"selector":{"id":"application-billofresources-display-component---BillOfResources--smartFilterBar-filterItemControl_BASIC-BOR_TYPE-valueHelpDialog-ok","searchOpenDialogs":true,"interaction":{"idSuffix":"BDI-content"}},"wdio_ui5_key":"applicationbillofresources-display-component---BillOfResources--smartFilterBar-filterItemControl_BASIC-BOR_TYPE-valueHelpDialog-ok"}]}
RESULT: {"script":"<script> [1562 bytes]","args":[{"selector":{"id":"application-billofresources-display-component---BillOfResources--smartFilterBar-filterItemControl_BASIC-BOR_TYPE-valueHelpDialog-ok","searchOpenDialogs":true,"interaction":{"idSuffix":"BDI-content"}},"wdio_ui5_key":"applicationbillofresources-display-component---BillOfResources--smartFilterBar-filterItemControl_BASIC-BOR_TYPE-valueHelpDialog-ok"}]}
RESULT: undefined
COMMAND: POST /session/f2cd4ae8189ca6d10895ec2a4c0fd9f4/element - {"using":"xpath","value":"//*[@id=\"application-billofresources-display-component---BillOfResources--smartFilterBar-filterItemControl_BASIC-BOR_TYPE-valueHelpDialog-ok\"]"}
RESULT: {"using":"xpath","value":"//*[@id=\"application-billofresources-display-component---BillOfResources--smartFilterBar-filterItemControl_BASIC-BOR_TYPE-valueHelpDialog-ok\"]"}
COMMAND: POST /session/f2cd4ae8189ca6d10895ec2a4c0fd9f4/element/f.424AAD618E1F24C3245613156BD8613D.d.4CEF3462CB0AF8CEDE64579F80CD158B.e.3275/click - {}
RESULT: {}
COMMAND: GET /session/f2cd4ae8189ca6d10895ec2a4c0fd9f4/screenshot - {}
RESULT: {}
COMMAND: POST /session/f2cd4ae8189ca6d10895ec2a4c0fd9f4/execute/async - {"script":"<script> [1562 bytes]","args":[{"selector":{"id":"application-billofresources-display-component---BillOfResources--smartFilterBar-filterItemControl_BASIC-RESOURCE_UNIT-vhi"},"wdio_ui5_key":"applicationbillofresources-display-component---BillOfResources--smartFilterBar-filterItemControl_BASIC-RESOURCE_UNIT-vhi"}]}
RESULT: {"script":"<script> [1562 bytes]","args":[{"selector":{"id":"application-billofresources-display-component---BillOfResources--smartFilterBar-filterItemControl_BASIC-RESOURCE_UNIT-vhi"},"wdio_ui5_key":"applicationbillofresources-display-component---BillOfResources--smartFilterBar-filterItemControl_BASIC-RESOURCE_UNIT-vhi"}]}
RESULT: undefined
COMMAND: POST /session/f2cd4ae8189ca6d10895ec2a4c0fd9f4/element - {"using":"xpath","value":"//*[@id=\"application-billofresources-display-component---BillOfResources--smartFilterBar-filterItemControl_BASIC-RESOURCE_UNIT-vhi\"]"}
RESULT: {"using":"xpath","value":"//*[@id=\"application-billofresources-display-component---BillOfResources--smartFilterBar-filterItemControl_BASIC-RESOURCE_UNIT-vhi\"]"}
COMMAND: POST /session/f2cd4ae8189ca6d10895ec2a4c0fd9f4/element/f.424AAD618E1F24C3245613156BD8613D.d.4CEF3462CB0AF8CEDE64579F80CD158B.e.3282/click - {}
RESULT: {}
COMMAND: GET /session/f2cd4ae8189ca6d10895ec2a4c0fd9f4/screenshot - {}
RESULT: {}
COMMAND: POST /session/f2cd4ae8189ca6d10895ec2a4c0fd9f4/execute/async - {"script":"<script> [1562 bytes]","args":[{"selector":{"id":"application-billofresources-display-component---BillOfResources--smartFilterBar-filterItemControl_BASIC-RESOURCE_UNIT-valueHelpDialog-smartFilterBar-btnBasicSearch","searchOpenDialogs":true,"interaction":{"idSuffix":"I"}},"wdio_ui5_key":"applicationbillofresources-display-component---BillOfResources--smartFilterBar-filterItemControl_BASIC-RESOURCE_UNIT-valueHelpDialog-smartFilterBar-btnBasicSearch"}]}
RESULT: {"script":"<script> [1562 bytes]","args":[{"selector":{"id":"application-billofresources-display-component---BillOfResources--smartFilterBar-filterItemControl_BASIC-RESOURCE_UNIT-valueHelpDialog-smartFilterBar-btnBasicSearch","searchOpenDialogs":true,"interaction":{"idSuffix":"I"}},"wdio_ui5_key":"applicationbillofresources-display-component---BillOfResources--smartFilterBar-filterItemControl_BASIC-RESOURCE_UNIT-valueHelpDialog-smartFilterBar-btnBasicSearch"}]}
RESULT: undefined
COMMAND: POST /session/f2cd4ae8189ca6d10895ec2a4c0fd9f4/execute/async - {"script":"<script> [776 bytes]","args":[{"enterText":"lpWjxr6ey_1","selector":{"id":"application-billofresources-display-component---BillOfResources--smartFilterBar-filterItemControl_BASIC-RESOURCE_UNIT-valueHelpDialog-smartFilterBar-btnBasicSearch","searchOpenDialogs":true,"interaction":{"idSuffix":"I"}},"clearTextFirst":true,"interactionType":"ENTER_TEXT"}]}
RESULT: {"script":"<script> [776 bytes]","args":[{"enterText":"lpWjxr6ey_1","selector":{"id":"application-billofresources-display-component---BillOfResources--smartFilterBar-filterItemControl_BASIC-RESOURCE_UNIT-valueHelpDialog-smartFilterBar-btnBasicSearch","searchOpenDialogs":true,"interaction":{"idSuffix":"I"}},"clearTextFirst":true,"interactionType":"ENTER_TEXT"}]}
COMMAND: POST /session/f2cd4ae8189ca6d10895ec2a4c0fd9f4/actions - {"actions":[{"id":"action5","type":"key","parameters":{},"actions":[{"type":"keyDown","value":"î€‡"},{"type":"pause","duration":10},{"type":"keyUp","value":"î€‡"}]}]}
RESULT: {"actions":[{"id":"action5","type":"key","parameters":{},"actions":[{"type":"keyDown","value":"î€‡"},{"type":"pause","duration":10},{"type":"keyUp","value":"î€‡"}]}]}
COMMAND: GET /session/f2cd4ae8189ca6d10895ec2a4c0fd9f4/screenshot - {}
RESULT: {}
COMMAND: POST /session/f2cd4ae8189ca6d10895ec2a4c0fd9f4/element - {"using":"xpath","value":"//div[@id=\"application-billofresources-display-component---BillOfResources--smartFilterBar-filterItemControl_BASIC-RESOURCE_UNIT-valueHelpDialog-table-rowsel0\"]"}
RESULT: {"using":"xpath","value":"//div[@id=\"application-billofresources-display-component---BillOfResources--smartFilterBar-filterItemControl_BASIC-RESOURCE_UNIT-valueHelpDialog-table-rowsel0\"]"}
COMMAND: POST /session/f2cd4ae8189ca6d10895ec2a4c0fd9f4/element/f.424AAD618E1F24C3245613156BD8613D.d.4CEF3462CB0AF8CEDE64579F80CD158B.e.3291/click - {}
RESULT: {}
COMMAND: GET /session/f2cd4ae8189ca6d10895ec2a4c0fd9f4/screenshot - {}
RESULT: {}
COMMAND: POST /session/f2cd4ae8189ca6d10895ec2a4c0fd9f4/element - {"using":"xpath","value":"//bdi[contains(text(), \"OK\")]"}
RESULT: {"using":"xpath","value":"//bdi[contains(text(), \"OK\")]"}
COMMAND: POST /session/f2cd4ae8189ca6d10895ec2a4c0fd9f4/element/f.424AAD618E1F24C3245613156BD8613D.d.4CEF3462CB0AF8CEDE64579F80CD158B.e.3293/click - {}
RESULT: {}
COMMAND: GET /session/f2cd4ae8189ca6d10895ec2a4c0fd9f4/screenshot - {}
RESULT: {}
COMMAND: POST /session/f2cd4ae8189ca6d10895ec2a4c0fd9f4/execute/async - {"script":"<script> [1562 bytes]","args":[{"selector":{"controlType":"sap.m.ColumnListItem","viewName":"etm.portal.ui.billofresources.view.MasterBoR","viewId":"application-billofresources-display-component---BillOfResources","properties":{"type":"Navigation"},"interaction":{"idSuffix":"cell2"}},"wdio_ui5_key":"etmportal.ui.billofresources.view.MasterBoRsap.m.ColumnListItem{\"type\":\"Navigation\"}"}]}
RESULT: {"script":"<script> [1562 bytes]","args":[{"selector":{"controlType":"sap.m.ColumnListItem","viewName":"etm.portal.ui.billofresources.view.MasterBoR","viewId":"application-billofresources-display-component---BillOfResources","properties":{"type":"Navigation"},"interaction":{"idSuffix":"cell2"}},"wdio_ui5_key":"etmportal.ui.billofresources.view.MasterBoRsap.m.ColumnListItem{\"type\":\"Navigation\"}"}]}
RESULT: undefined
COMMAND: POST /session/f2cd4ae8189ca6d10895ec2a4c0fd9f4/element - {"using":"xpath","value":"//*[@id=\"__item18-__clone23\"]"}
RESULT: {"using":"xpath","value":"//*[@id=\"__item18-__clone23\"]"}
COMMAND: POST /session/f2cd4ae8189ca6d10895ec2a4c0fd9f4/element/f.424AAD618E1F24C3245613156BD8613D.d.4CEF3462CB0AF8CEDE64579F80CD158B.e.3298/click - {}
RESULT: {}
COMMAND: GET /session/f2cd4ae8189ca6d10895ec2a4c0fd9f4/screenshot - {}
RESULT: {}
COMMAND: POST /session/f2cd4ae8189ca6d10895ec2a4c0fd9f4/execute/async - {"script":"<script> [1562 bytes]","args":[{"selector":{"controlType":"sap.m.Button","viewName":"etm.portal.ui.billofresources.view.DetailBoR","viewId":"application-billofresources-display-component---detailBoR","i18NText":{"propertyName":"text","key":"inspectContent"},"interaction":{"idSuffix":"content"}},"wdio_ui5_key":"etmportal.ui.billofresources.view.DetailBoRsap.m.Button{\"propertyName\":\"text\",\"key\":\"inspectContent\"}"}]}
RESULT: {"script":"<script> [1562 bytes]","args":[{"selector":{"controlType":"sap.m.Button","viewName":"etm.portal.ui.billofresources.view.DetailBoR","viewId":"application-billofresources-display-component---detailBoR","i18NText":{"propertyName":"text","key":"inspectContent"},"interaction":{"idSuffix":"content"}},"wdio_ui5_key":"etmportal.ui.billofresources.view.DetailBoRsap.m.Button{\"propertyName\":\"text\",\"key\":\"inspectContent\"}"}]}
RESULT: undefined
COMMAND: POST /session/f2cd4ae8189ca6d10895ec2a4c0fd9f4/element - {"using":"xpath","value":"//*[@id=\"__button10\"]"}
RESULT: {"using":"xpath","value":"//*[@id=\"__button10\"]"}
COMMAND: POST /session/f2cd4ae8189ca6d10895ec2a4c0fd9f4/element/f.424AAD618E1F24C3245613156BD8613D.d.4CEF3462CB0AF8CEDE64579F80CD158B.e.3564/click - {}
RESULT: {}
COMMAND: GET /session/f2cd4ae8189ca6d10895ec2a4c0fd9f4/screenshot - {}
RESULT: {}
COMMAND: POST /session/f2cd4ae8189ca6d10895ec2a4c0fd9f4/execute/async - {"script":"<script> [1562 bytes]","args":[{"selector":{"controlType":"sap.m.Button","properties":{"text":"OK"},"searchOpenDialogs":true,"interaction":{"idSuffix":"BDI-content"}},"wdio_ui5_key":"sapm.Button{\"text\":\"OK\"}"}]}
RESULT: {"script":"<script> [1562 bytes]","args":[{"selector":{"controlType":"sap.m.Button","properties":{"text":"OK"},"searchOpenDialogs":true,"interaction":{"idSuffix":"BDI-content"}},"wdio_ui5_key":"sapm.Button{\"text\":\"OK\"}"}]}
RESULT: undefined
COMMAND: POST /session/f2cd4ae8189ca6d10895ec2a4c0fd9f4/element - {"using":"xpath","value":"//*[@id=\"__mbox-btn-0\"]"}
RESULT: {"using":"xpath","value":"//*[@id=\"__mbox-btn-0\"]"}
COMMAND: POST /session/f2cd4ae8189ca6d10895ec2a4c0fd9f4/element/f.424AAD618E1F24C3245613156BD8613D.d.4CEF3462CB0AF8CEDE64579F80CD158B.e.3565/click - {}
RESULT: {}
COMMAND: GET /session/f2cd4ae8189ca6d10895ec2a4c0fd9f4/screenshot - {}
RESULT: {}
COMMAND: POST /session/f2cd4ae8189ca6d10895ec2a4c0fd9f4/execute/async - {"script":"<script> [1562 bytes]","args":[{"selector":{"id":"application-iscorders-display-component---createOrder--orderTitle","interaction":{"idSuffix":"inner"}},"wdio_ui5_key":"applicationiscorders-display-component---createOrder--orderTitle"}]}
RESULT: {"script":"<script> [1562 bytes]","args":[{"selector":{"id":"application-iscorders-display-component---createOrder--orderTitle","interaction":{"idSuffix":"inner"}},"wdio_ui5_key":"applicationiscorders-display-component---createOrder--orderTitle"}]}
RESULT: undefined
COMMAND: POST /session/f2cd4ae8189ca6d10895ec2a4c0fd9f4/execute/async - {"script":"<script> [776 bytes]","args":[{"enterText":"Webdriver Order","selector":{"id":"application-iscorders-display-component---createOrder--orderTitle","interaction":{"idSuffix":"inner"}},"clearTextFirst":true,"interactionType":"ENTER_TEXT"}]}
RESULT: {"script":"<script> [776 bytes]","args":[{"enterText":"Webdriver Order","selector":{"id":"application-iscorders-display-component---createOrder--orderTitle","interaction":{"idSuffix":"inner"}},"clearTextFirst":true,"interactionType":"ENTER_TEXT"}]}
COMMAND: POST /session/f2cd4ae8189ca6d10895ec2a4c0fd9f4/execute/async - {"script":"<script> [1562 bytes]","args":[{"selector":{"id":"application-iscorders-display-component---createOrder--orderDesc","interaction":{"idSuffix":"inner"}},"wdio_ui5_key":"applicationiscorders-display-component---createOrder--orderDesc"}]}
RESULT: {"script":"<script> [1562 bytes]","args":[{"selector":{"id":"application-iscorders-display-component---createOrder--orderDesc","interaction":{"idSuffix":"inner"}},"wdio_ui5_key":"applicationiscorders-display-component---createOrder--orderDesc"}]}
RESULT: undefined
COMMAND: POST /session/f2cd4ae8189ca6d10895ec2a4c0fd9f4/execute/async - {"script":"<script> [776 bytes]","args":[{"enterText":"Order Description","selector":{"id":"application-iscorders-display-component---createOrder--orderDesc","interaction":{"idSuffix":"inner"}},"clearTextFirst":true,"interactionType":"ENTER_TEXT"}]}
RESULT: {"script":"<script> [776 bytes]","args":[{"enterText":"Order Description","selector":{"id":"application-iscorders-display-component---createOrder--orderDesc","interaction":{"idSuffix":"inner"}},"clearTextFirst":true,"interactionType":"ENTER_TEXT"}]}
COMMAND: POST /session/f2cd4ae8189ca6d10895ec2a4c0fd9f4/execute/async - {"script":"<script> [1562 bytes]","args":[{"selector":{"controlType":"sap.m.Button","viewName":"etm.portal.ui.iscorders.view.New","viewId":"application-iscorders-display-component---createOrder","properties":{"text":"Cost information"},"interaction":{"idSuffix":"BDI-content"}},"wdio_ui5_key":"etmportal.ui.iscorders.view.Newsap.m.Button{\"text\":\"Cost information\"}"}]}
RESULT: {"script":"<script> [1562 bytes]","args":[{"selector":{"controlType":"sap.m.Button","viewName":"etm.portal.ui.iscorders.view.New","viewId":"application-iscorders-display-component---createOrder","properties":{"text":"Cost information"},"interaction":{"idSuffix":"BDI-content"}},"wdio_ui5_key":"etmportal.ui.iscorders.view.Newsap.m.Button{\"text\":\"Cost information\"}"}]}
RESULT: undefined
COMMAND: POST /session/f2cd4ae8189ca6d10895ec2a4c0fd9f4/element - {"using":"xpath","value":"//*[@id=\"application-iscorders-display-component---createOrder--newOrderObjectPageLayout-anchBar-application-iscorders-display-component---createOrder--costInformation-anchor\"]"}
RESULT: {"using":"xpath","value":"//*[@id=\"application-iscorders-display-component---createOrder--newOrderObjectPageLayout-anchBar-application-iscorders-display-component---createOrder--costInformation-anchor\"]"}
COMMAND: POST /session/f2cd4ae8189ca6d10895ec2a4c0fd9f4/element/f.424AAD618E1F24C3245613156BD8613D.d.4CEF3462CB0AF8CEDE64579F80CD158B.e.3964/click - {}
RESULT: {}
COMMAND: GET /session/f2cd4ae8189ca6d10895ec2a4c0fd9f4/screenshot - {}
RESULT: {}
COMMAND: POST /session/f2cd4ae8189ca6d10895ec2a4c0fd9f4/execute/async - {"script":"<script> [1562 bytes]","args":[{"selector":{"id":"application-iscorders-display-component---createOrder--durationDimension-arrow"},"wdio_ui5_key":"applicationiscorders-display-component---createOrder--durationDimension-arrow"}]}
RESULT: {"script":"<script> [1562 bytes]","args":[{"selector":{"id":"application-iscorders-display-component---createOrder--durationDimension-arrow"},"wdio_ui5_key":"applicationiscorders-display-component---createOrder--durationDimension-arrow"}]}
RESULT: undefined
COMMAND: POST /session/f2cd4ae8189ca6d10895ec2a4c0fd9f4/element - {"using":"xpath","value":"//*[@id=\"application-iscorders-display-component---createOrder--durationDimension-arrow\"]"}
RESULT: {"using":"xpath","value":"//*[@id=\"application-iscorders-display-component---createOrder--durationDimension-arrow\"]"}
COMMAND: POST /session/f2cd4ae8189ca6d10895ec2a4c0fd9f4/element/f.424AAD618E1F24C3245613156BD8613D.d.4CEF3462CB0AF8CEDE64579F80CD158B.e.3969/click - {}
RESULT: {}
COMMAND: GET /session/f2cd4ae8189ca6d10895ec2a4c0fd9f4/screenshot - {}
RESULT: {}
COMMAND: POST /session/f2cd4ae8189ca6d10895ec2a4c0fd9f4/execute/async - {"script":"<script> [1562 bytes]","args":[{"selector":{"controlType":"sap.m.StandardListItem","viewName":"etm.portal.ui.iscorders.view.New","viewId":"application-iscorders-display-component---createOrder","properties":{"title":"Days"},"searchOpenDialogs":true,"interaction":{"idSuffix":"titleText"}},"wdio_ui5_key":"etmportal.ui.iscorders.view.Newsap.m.StandardListItem{\"title\":\"Days\"}"}]}
RESULT: {"script":"<script> [1562 bytes]","args":[{"selector":{"controlType":"sap.m.StandardListItem","viewName":"etm.portal.ui.iscorders.view.New","viewId":"application-iscorders-display-component---createOrder","properties":{"title":"Days"},"searchOpenDialogs":true,"interaction":{"idSuffix":"titleText"}},"wdio_ui5_key":"etmportal.ui.iscorders.view.Newsap.m.StandardListItem{\"title\":\"Days\"}"}]}
RESULT: undefined
COMMAND: POST /session/f2cd4ae8189ca6d10895ec2a4c0fd9f4/element - {"using":"xpath","value":"//*[@id=\"__item137\"]"}
RESULT: {"using":"xpath","value":"//*[@id=\"__item137\"]"}
COMMAND: POST /session/f2cd4ae8189ca6d10895ec2a4c0fd9f4/element/f.424AAD618E1F24C3245613156BD8613D.d.4CEF3462CB0AF8CEDE64579F80CD158B.e.3971/click - {}
RESULT: {}
COMMAND: GET /session/f2cd4ae8189ca6d10895ec2a4c0fd9f4/screenshot - {}
RESULT: {}
COMMAND: POST /session/f2cd4ae8189ca6d10895ec2a4c0fd9f4/execute/async - {"script":"<script> [1562 bytes]","args":[{"selector":{"id":"application-iscorders-display-component---createOrder--addPersonButton","interaction":{"idSuffix":"inner"}},"wdio_ui5_key":"applicationiscorders-display-component---createOrder--addPersonButton"}]}
RESULT: {"script":"<script> [1562 bytes]","args":[{"selector":{"id":"application-iscorders-display-component---createOrder--addPersonButton","interaction":{"idSuffix":"inner"}},"wdio_ui5_key":"applicationiscorders-display-component---createOrder--addPersonButton"}]}
RESULT: undefined
COMMAND: POST /session/f2cd4ae8189ca6d10895ec2a4c0fd9f4/element - {"using":"xpath","value":"//*[@id=\"application-iscorders-display-component---createOrder--addPersonButton\"]"}
RESULT: {"using":"xpath","value":"//*[@id=\"application-iscorders-display-component---createOrder--addPersonButton\"]"}
COMMAND: POST /session/f2cd4ae8189ca6d10895ec2a4c0fd9f4/element/f.424AAD618E1F24C3245613156BD8613D.d.4CEF3462CB0AF8CEDE64579F80CD158B.e.3973/click - {}
RESULT: {}
COMMAND: GET /session/f2cd4ae8189ca6d10895ec2a4c0fd9f4/screenshot - {}
RESULT: {}
COMMAND: POST /session/f2cd4ae8189ca6d10895ec2a4c0fd9f4/execute/async - {"script":"<script> [1562 bytes]","args":[{"selector":{"controlType":"sap.m.SearchField","viewName":"etm.portal.ui.iscorders.view.New","viewId":"application-iscorders-display-component---createOrder","properties":{"value":"Test unit update"},"searchOpenDialogs":true,"interaction":{"idSuffix":"I"}},"wdio_ui5_key":"etmportal.ui.iscorders.view.Newsap.m.SearchField{\"value\":\"Test unit update\"}"}]}
RESULT: {"script":"<script> [1562 bytes]","args":[{"selector":{"controlType":"sap.m.SearchField","viewName":"etm.portal.ui.iscorders.view.New","viewId":"application-iscorders-display-component---createOrder","properties":{"value":"Test unit update"},"searchOpenDialogs":true,"interaction":{"idSuffix":"I"}},"wdio_ui5_key":"etmportal.ui.iscorders.view.Newsap.m.SearchField{\"value\":\"Test unit update\"}"}]}
RESULT: undefined
COMMAND: POST /session/f2cd4ae8189ca6d10895ec2a4c0fd9f4/actions - {"actions":[{"id":"action6","type":"key","parameters":{},"actions":[{"type":"keyDown","value":"î€‡"},{"type":"pause","duration":10},{"type":"keyUp","value":"î€‡"}]}]}
RESULT: {"actions":[{"id":"action6","type":"key","parameters":{},"actions":[{"type":"keyDown","value":"î€‡"},{"type":"pause","duration":10},{"type":"keyUp","value":"î€‡"}]}]}
COMMAND: POST /session/f2cd4ae8189ca6d10895ec2a4c0fd9f4/execute/async - {"script":"<script> [1562 bytes]","args":[{"selector":{"controlType":"sap.m.ObjectAttribute","viewName":"etm.portal.ui.iscorders.view.New","viewId":"application-iscorders-display-component---createOrder","i18NText":{"propertyName":"title","key":"email"},"searchOpenDialogs":true},"wdio_ui5_key":"etmportal.ui.iscorders.view.Newsap.m.ObjectAttribute{\"propertyName\":\"title\",\"key\":\"email\"}"}]}
COMMAND: GET /session/f2cd4ae8189ca6d10895ec2a4c0fd9f4/screenshot - {}
RESULT: {"script":"<script> [1562 bytes]","args":[{"selector":{"controlType":"sap.m.ObjectAttribute","viewName":"etm.portal.ui.iscorders.view.New","viewId":"application-iscorders-display-component---createOrder","i18NText":{"propertyName":"title","key":"email"},"searchOpenDialogs":true},"wdio_ui5_key":"etmportal.ui.iscorders.view.Newsap.m.ObjectAttribute{\"propertyName\":\"title\",\"key\":\"email\"}"}]}
RESULT: undefined
RESULT: {}
COMMAND: POST /session/f2cd4ae8189ca6d10895ec2a4c0fd9f4/execute/async - {"script":"<script> [1562 bytes]","args":[{"selector":{"id":"application-iscorders-display-component---createOrder--createTaskButton","interaction":{"idSuffix":"BDI-content"}},"wdio_ui5_key":"applicationiscorders-display-component---createOrder--createTaskButton"}]}
RESULT: {"script":"<script> [1562 bytes]","args":[{"selector":{"id":"application-iscorders-display-component---createOrder--createTaskButton","interaction":{"idSuffix":"BDI-content"}},"wdio_ui5_key":"applicationiscorders-display-component---createOrder--createTaskButton"}]}
RESULT: undefined
COMMAND: POST /session/f2cd4ae8189ca6d10895ec2a4c0fd9f4/element - {"using":"xpath","value":"//*[@id=\"application-iscorders-display-component---createOrder--createTaskButton\"]"}
RESULT: {"using":"xpath","value":"//*[@id=\"application-iscorders-display-component---createOrder--createTaskButton\"]"}
COMMAND: POST /session/f2cd4ae8189ca6d10895ec2a4c0fd9f4/element/f.424AAD618E1F24C3245613156BD8613D.d.4CEF3462CB0AF8CEDE64579F80CD158B.e.3983/click - {}
RESULT: {}
COMMAND: GET /session/f2cd4ae8189ca6d10895ec2a4c0fd9f4/screenshot - {}
RESULT: {}
COMMAND: POST /session/f2cd4ae8189ca6d10895ec2a4c0fd9f4/execute/async - {"script":"<script> [1562 bytes]","args":[{"selector":{"controlType":"sap.m.Button","viewName":"etm.portal.ui.iscorders.view.New","viewId":"application-iscorders-display-component---createOrder","properties":{"text":"Tasks"},"interaction":{"idSuffix":"BDI-content"}},"wdio_ui5_key":"etmportal.ui.iscorders.view.Newsap.m.Button{\"text\":\"Tasks\"}"}]}
RESULT: {"script":"<script> [1562 bytes]","args":[{"selector":{"controlType":"sap.m.Button","viewName":"etm.portal.ui.iscorders.view.New","viewId":"application-iscorders-display-component---createOrder","properties":{"text":"Tasks"},"interaction":{"idSuffix":"BDI-content"}},"wdio_ui5_key":"etmportal.ui.iscorders.view.Newsap.m.Button{\"text\":\"Tasks\"}"}]}
RESULT: undefined
COMMAND: POST /session/f2cd4ae8189ca6d10895ec2a4c0fd9f4/element - {"using":"xpath","value":"//*[@id=\"application-iscorders-display-component---createOrder--newOrderObjectPageLayout-anchBar-__section13-anchor\"]"}
RESULT: {"using":"xpath","value":"//*[@id=\"application-iscorders-display-component---createOrder--newOrderObjectPageLayout-anchBar-__section13-anchor\"]"}
COMMAND: POST /session/f2cd4ae8189ca6d10895ec2a4c0fd9f4/element/f.424AAD618E1F24C3245613156BD8613D.d.4CEF3462CB0AF8CEDE64579F80CD158B.e.3985/click - {}
RESULT: {}
COMMAND: GET /session/f2cd4ae8189ca6d10895ec2a4c0fd9f4/screenshot - {}
RESULT: {}
COMMAND: POST /session/f2cd4ae8189ca6d10895ec2a4c0fd9f4/execute/async - {"script":"<script> [1562 bytes]","args":[{"selector":{"controlType":"sap.m.Input","viewName":"etm.portal.ui.iscorders.view.New","viewId":"application-iscorders-display-component---createOrder","bindingPath":{"path":"/0","propertyPath":"NAME","modelName":"tasksModel"},"interaction":{"idSuffix":"inner"}},"wdio_ui5_key":"etmportal.ui.iscorders.view.Newsap.m.Input{\"path\":\"/0\",\"propertyPath\":\"NAME\",\"modelName\":\"tasksModel\"}"}]}
RESULT: {"script":"<script> [1562 bytes]","args":[{"selector":{"controlType":"sap.m.Input","viewName":"etm.portal.ui.iscorders.view.New","viewId":"application-iscorders-display-component---createOrder","bindingPath":{"path":"/0","propertyPath":"NAME","modelName":"tasksModel"},"interaction":{"idSuffix":"inner"}},"wdio_ui5_key":"etmportal.ui.iscorders.view.Newsap.m.Input{\"path\":\"/0\",\"propertyPath\":\"NAME\",\"modelName\":\"tasksModel\"}"}]}
RESULT: undefined
COMMAND: POST /session/f2cd4ae8189ca6d10895ec2a4c0fd9f4/execute/async - {"script":"<script> [776 bytes]","args":[{"enterText":"WebdriverTask","selector":{"controlType":"sap.m.Input","viewName":"etm.portal.ui.iscorders.view.New","viewId":"application-iscorders-display-component---createOrder","bindingPath":{"path":"/0","propertyPath":"NAME","modelName":"tasksModel"},"interaction":{"idSuffix":"inner"}},"clearTextFirst":true,"interactionType":"ENTER_TEXT"}]}
RESULT: {"script":"<script> [776 bytes]","args":[{"enterText":"WebdriverTask","selector":{"controlType":"sap.m.Input","viewName":"etm.portal.ui.iscorders.view.New","viewId":"application-iscorders-display-component---createOrder","bindingPath":{"path":"/0","propertyPath":"NAME","modelName":"tasksModel"},"interaction":{"idSuffix":"inner"}},"clearTextFirst":true,"interactionType":"ENTER_TEXT"}]}
COMMAND: POST /session/f2cd4ae8189ca6d10895ec2a4c0fd9f4/execute/async - {"script":"<script> [1562 bytes]","args":[{"selector":{"controlType":"netm.SmartInput","viewName":"etm.portal.ui.iscorders.view.New","viewId":"application-iscorders-display-component---createOrder","bindingPath":{"path":"/","propertyPath":"edit","modelName":"pageModel"},"interaction":{"idSuffix":"inner"}},"wdio_ui5_key":"etmportal.ui.iscorders.view.Newnetm.SmartInput{\"path\":\"/\",\"propertyPath\":\"edit\",\"modelName\":\"pageModel\"}"}]}
RESULT: {"script":"<script> [1562 bytes]","args":[{"selector":{"controlType":"netm.SmartInput","viewName":"etm.portal.ui.iscorders.view.New","viewId":"application-iscorders-display-component---createOrder","bindingPath":{"path":"/","propertyPath":"edit","modelName":"pageModel"},"interaction":{"idSuffix":"inner"}},"wdio_ui5_key":"etmportal.ui.iscorders.view.Newnetm.SmartInput{\"path\":\"/\",\"propertyPath\":\"edit\",\"modelName\":\"pageModel\"}"}]}
RESULT: undefined
COMMAND: POST /session/f2cd4ae8189ca6d10895ec2a4c0fd9f4/execute/async - {"script":"<script> [776 bytes]","args":[{"enterText":"Test unit Update","selector":{"controlType":"netm.SmartInput","viewName":"etm.portal.ui.iscorders.view.New","viewId":"application-iscorders-display-component---createOrder","bindingPath":{"path":"/","propertyPath":"edit","modelName":"pageModel"},"interaction":{"idSuffix":"inner"}},"clearTextFirst":true,"interactionType":"ENTER_TEXT"}]}
RESULT: {"script":"<script> [776 bytes]","args":[{"enterText":"Test unit Update","selector":{"controlType":"netm.SmartInput","viewName":"etm.portal.ui.iscorders.view.New","viewId":"application-iscorders-display-component---createOrder","bindingPath":{"path":"/","propertyPath":"edit","modelName":"pageModel"},"interaction":{"idSuffix":"inner"}},"clearTextFirst":true,"interactionType":"ENTER_TEXT"}]}
COMMAND: POST /session/f2cd4ae8189ca6d10895ec2a4c0fd9f4/execute/async - {"script":"<script> [1562 bytes]","args":[{"selector":{"controlType":"sap.m.Input","viewName":"etm.portal.ui.iscorders.view.New","viewId":"application-iscorders-display-component---createOrder","bindingPath":{"path":"/0","propertyPath":"DESCRIPTION","modelName":"tasksModel"},"interaction":{"idSuffix":"inner"}},"wdio_ui5_key":"etmportal.ui.iscorders.view.Newsap.m.Input{\"path\":\"/0\",\"propertyPath\":\"DESCRIPTION\",\"modelName\":\"tasksModel\"}"}]}
RESULT: {"script":"<script> [1562 bytes]","args":[{"selector":{"controlType":"sap.m.Input","viewName":"etm.portal.ui.iscorders.view.New","viewId":"application-iscorders-display-component---createOrder","bindingPath":{"path":"/0","propertyPath":"DESCRIPTION","modelName":"tasksModel"},"interaction":{"idSuffix":"inner"}},"wdio_ui5_key":"etmportal.ui.iscorders.view.Newsap.m.Input{\"path\":\"/0\",\"propertyPath\":\"DESCRIPTION\",\"modelName\":\"tasksModel\"}"}]}
RESULT: undefined
COMMAND: POST /session/f2cd4ae8189ca6d10895ec2a4c0fd9f4/execute/async - {"script":"<script> [776 bytes]","args":[{"enterText":"Webdriver Task","selector":{"controlType":"sap.m.Input","viewName":"etm.portal.ui.iscorders.view.New","viewId":"application-iscorders-display-component---createOrder","bindingPath":{"path":"/0","propertyPath":"DESCRIPTION","modelName":"tasksModel"},"interaction":{"idSuffix":"inner"}},"clearTextFirst":true,"interactionType":"ENTER_TEXT"}]}
RESULT: {"script":"<script> [776 bytes]","args":[{"enterText":"Webdriver Task","selector":{"controlType":"sap.m.Input","viewName":"etm.portal.ui.iscorders.view.New","viewId":"application-iscorders-display-component---createOrder","bindingPath":{"path":"/0","propertyPath":"DESCRIPTION","modelName":"tasksModel"},"interaction":{"idSuffix":"inner"}},"clearTextFirst":true,"interactionType":"ENTER_TEXT"}]}
COMMAND: POST /session/f2cd4ae8189ca6d10895ec2a4c0fd9f4/execute/async - {"script":"<script> [1562 bytes]","args":[{"selector":{"controlType":"sap.m.Input","viewName":"etm.portal.ui.iscorders.view.New","viewId":"application-iscorders-display-component---createOrder","bindingPath":{"path":"/0","propertyPath":"DURATION_FORMATTED","modelName":"tasksModel"},"interaction":{"idSuffix":"inner"}},"wdio_ui5_key":"etmportal.ui.iscorders.view.Newsap.m.Input{\"path\":\"/0\",\"propertyPath\":\"DURATION_FORMATTED\",\"modelName\":\"tasksModel\"}"}]}
RESULT: {"script":"<script> [1562 bytes]","args":[{"selector":{"controlType":"sap.m.Input","viewName":"etm.portal.ui.iscorders.view.New","viewId":"application-iscorders-display-component---createOrder","bindingPath":{"path":"/0","propertyPath":"DURATION_FORMATTED","modelName":"tasksModel"},"interaction":{"idSuffix":"inner"}},"wdio_ui5_key":"etmportal.ui.iscorders.view.Newsap.m.Input{\"path\":\"/0\",\"propertyPath\":\"DURATION_FORMATTED\",\"modelName\":\"tasksModel\"}"}]}
RESULT: undefined
COMMAND: POST /session/f2cd4ae8189ca6d10895ec2a4c0fd9f4/execute/async - {"script":"<script> [776 bytes]","args":[{"enterText":"10","selector":{"controlType":"sap.m.Input","viewName":"etm.portal.ui.iscorders.view.New","viewId":"application-iscorders-display-component---createOrder","bindingPath":{"path":"/0","propertyPath":"DURATION_FORMATTED","modelName":"tasksModel"},"interaction":{"idSuffix":"inner"}},"clearTextFirst":true,"interactionType":"ENTER_TEXT"}]}
RESULT: {"script":"<script> [776 bytes]","args":[{"enterText":"10","selector":{"controlType":"sap.m.Input","viewName":"etm.portal.ui.iscorders.view.New","viewId":"application-iscorders-display-component---createOrder","bindingPath":{"path":"/0","propertyPath":"DURATION_FORMATTED","modelName":"tasksModel"},"interaction":{"idSuffix":"inner"}},"clearTextFirst":true,"interactionType":"ENTER_TEXT"}]}
COMMAND: POST /session/f2cd4ae8189ca6d10895ec2a4c0fd9f4/execute/async - {"script":"<script> [1562 bytes]","args":[{"selector":{"controlType":"sap.m.ComboBox","viewName":"etm.portal.ui.iscorders.view.New","viewId":"application-iscorders-display-component---createOrder","bindingPath":{"path":"/0","propertyPath":"DURATION_UNIT_OF_MEASURE","modelName":"tasksModel"},"interaction":{"idSuffix":"inner"}},"wdio_ui5_key":"etmportal.ui.iscorders.view.Newsap.m.ComboBox{\"path\":\"/0\",\"propertyPath\":\"DURATION_UNIT_OF_MEASURE\",\"modelName\":\"tasksModel\"}"}]}
RESULT: {"script":"<script> [1562 bytes]","args":[{"selector":{"controlType":"sap.m.ComboBox","viewName":"etm.portal.ui.iscorders.view.New","viewId":"application-iscorders-display-component---createOrder","bindingPath":{"path":"/0","propertyPath":"DURATION_UNIT_OF_MEASURE","modelName":"tasksModel"},"interaction":{"idSuffix":"inner"}},"wdio_ui5_key":"etmportal.ui.iscorders.view.Newsap.m.ComboBox{\"path\":\"/0\",\"propertyPath\":\"DURATION_UNIT_OF_MEASURE\",\"modelName\":\"tasksModel\"}"}]}
RESULT: undefined
COMMAND: POST /session/f2cd4ae8189ca6d10895ec2a4c0fd9f4/execute/async - {"script":"<script> [776 bytes]","args":[{"enterText":"Days","selector":{"controlType":"sap.m.ComboBox","viewName":"etm.portal.ui.iscorders.view.New","viewId":"application-iscorders-display-component---createOrder","bindingPath":{"path":"/0","propertyPath":"DURATION_UNIT_OF_MEASURE","modelName":"tasksModel"},"interaction":{"idSuffix":"inner"}},"clearTextFirst":true,"interactionType":"ENTER_TEXT"}]}
RESULT: {"script":"<script> [776 bytes]","args":[{"enterText":"Days","selector":{"controlType":"sap.m.ComboBox","viewName":"etm.portal.ui.iscorders.view.New","viewId":"application-iscorders-display-component---createOrder","bindingPath":{"path":"/0","propertyPath":"DURATION_UNIT_OF_MEASURE","modelName":"tasksModel"},"interaction":{"idSuffix":"inner"}},"clearTextFirst":true,"interactionType":"ENTER_TEXT"}]}
COMMAND: POST /session/f2cd4ae8189ca6d10895ec2a4c0fd9f4/execute/async - {"script":"<script> [1562 bytes]","args":[{"selector":{"id":"application-iscorders-display-component---createOrder--saveOrderButton","interaction":{"idSuffix":"inner"}},"wdio_ui5_key":"applicationiscorders-display-component---createOrder--saveOrderButton"}]}
RESULT: {"script":"<script> [1562 bytes]","args":[{"selector":{"id":"application-iscorders-display-component---createOrder--saveOrderButton","interaction":{"idSuffix":"inner"}},"wdio_ui5_key":"applicationiscorders-display-component---createOrder--saveOrderButton"}]}
RESULT: undefined
COMMAND: POST /session/f2cd4ae8189ca6d10895ec2a4c0fd9f4/element - {"using":"xpath","value":"//*[@id=\"application-iscorders-display-component---createOrder--saveOrderButton\"]"}
RESULT: {"using":"xpath","value":"//*[@id=\"application-iscorders-display-component---createOrder--saveOrderButton\"]"}
COMMAND: POST /session/f2cd4ae8189ca6d10895ec2a4c0fd9f4/element/f.424AAD618E1F24C3245613156BD8613D.d.4CEF3462CB0AF8CEDE64579F80CD158B.e.3820/click - {}
RESULT: {}
COMMAND: GET /session/f2cd4ae8189ca6d10895ec2a4c0fd9f4/screenshot - {}
RESULT: {}
COMMAND: POST /session/f2cd4ae8189ca6d10895ec2a4c0fd9f4/element - {"using":"xpath","value":"(//header//span[contains(text(), \"Order \")])[3]"}
RESULT: {"using":"xpath","value":"(//header//span[contains(text(), \"Order \")])[3]"}
COMMAND: POST /session/f2cd4ae8189ca6d10895ec2a4c0fd9f4/elements - {"using":"xpath","value":"(//header//span[contains(text(), \"Order \")])[3]"}
RESULT: {"using":"xpath","value":"(//header//span[contains(text(), \"Order \")])[3]"}
COMMAND: POST /session/f2cd4ae8189ca6d10895ec2a4c0fd9f4/execute/sync - {"script":"<script> [56 bytes]","args":[{"element-6066-11e4-a52e-4f735466cecf":"f.424AAD618E1F24C3245613156BD8613D.d.4CEF3462CB0AF8CEDE64579F80CD158B.e.4040","ELEMENT":"f.424AAD618E1F24C3245613156BD8613D.d.4CEF3462CB0AF8CEDE64579F80CD158B.e.4040"}]}
RESULT: {"script":"<script> [56 bytes]","args":[{"element-6066-11e4-a52e-4f735466cecf":"f.424AAD618E1F24C3245613156BD8613D.d.4CEF3462CB0AF8CEDE64579F80CD158B.e.4040","ELEMENT":"f.424AAD618E1F24C3245613156BD8613D.d.4CEF3462CB0AF8CEDE64579F80CD158B.e.4040"}]}
COMMAND: POST /session/f2cd4ae8189ca6d10895ec2a4c0fd9f4/element - {"using":"css selector","value":"#shell-header-logo"}
COMMAND: GET /session/f2cd4ae8189ca6d10895ec2a4c0fd9f4/screenshot - {}
RESULT: {"using":"css selector","value":"#shell-header-logo"}
COMMAND: POST /session/f2cd4ae8189ca6d10895ec2a4c0fd9f4/element/f.424AAD618E1F24C3245613156BD8613D.d.4CEF3462CB0AF8CEDE64579F80CD158B.e.3101/click - {}
RESULT: {}
RESULT: {}
COMMAND: GET /session/f2cd4ae8189ca6d10895ec2a4c0fd9f4/screenshot - {}
RESULT: {}
COMMAND: DELETE /session/f2cd4ae8189ca6d10895ec2a4c0fd9f4 - {}
RESULT: {}
]]></system-out>
    </testcase>
  </testsuite>
</testsuites>