<?xml version="1.0" encoding="UTF-8"?>
<testsuites tests="76" failures="46" errors="46" skipped="0">
  <testsuite timestamp="2025-05-06T07:20:40" time="99.73" tests="1" failures="0" errors="0" skipped="0">
    <properties>
      <property name="specId" value="0" />
      <property name="suiteName" value="US104422 Create new bin &amp; section - select nothing " />
      <property name="capabilities" value="chrome.135_0_7049_96.windows" />
      <property name="file" value="file:///D:/a/1/s/test/specs/HTR/create-bin.spec.js" />
    </properties>
    <testcase classname="chrome.135_0_7049_96.windows.US104422_Create_new_bin_&amp;_section_-_select_nothing_" name="Create new bin section" time="80.559">
      <system-out><![CDATA[
COMMAND: POST /session/0bd35d5034cd75fc8dc44075a41c35a4/element - {"using":"xpath","value":"//div[text()='Warehouse']"}
RESULT: {"using":"xpath","value":"//div[text()='Warehouse']"}
COMMAND: POST /session/0bd35d5034cd75fc8dc44075a41c35a4/elements - {"using":"xpath","value":"//div[text()='Warehouse']"}
RESULT: {"using":"xpath","value":"//div[text()='Warehouse']"}
COMMAND: POST /session/0bd35d5034cd75fc8dc44075a41c35a4/element/f.1DB2A491F1B7C642484AEDF47EA6FD52.d.E4AC8679B32BB331A99ED797C5D00794.e.113/click - {}
RESULT: {}
COMMAND: POST /session/0bd35d5034cd75fc8dc44075a41c35a4/execute/async - {"script":"<script> [1562 bytes]","args":[{"selector":{"controlType":"sap.m.GenericTile","properties":{"header":"Bin Status Report"}},"wdio_ui5_key":"sapm.GenericTile{\"header\":\"Bin Status Report\"}"}]}
COMMAND: GET /session/0bd35d5034cd75fc8dc44075a41c35a4/screenshot - {}
RESULT: {"script":"<script> [1562 bytes]","args":[{"selector":{"controlType":"sap.m.GenericTile","properties":{"header":"Bin Status Report"}},"wdio_ui5_key":"sapm.GenericTile{\"header\":\"Bin Status Report\"}"}]}
RESULT: undefined
COMMAND: POST /session/0bd35d5034cd75fc8dc44075a41c35a4/element - {"using":"xpath","value":"//*[@id=\"__tile104\"]"}
RESULT: {}
RESULT: {"using":"xpath","value":"//*[@id=\"__tile104\"]"}
COMMAND: POST /session/0bd35d5034cd75fc8dc44075a41c35a4/element/f.1DB2A491F1B7C642484AEDF47EA6FD52.d.E4AC8679B32BB331A99ED797C5D00794.e.117/click - {}
RESULT: {}
COMMAND: GET /session/0bd35d5034cd75fc8dc44075a41c35a4/screenshot - {}
RESULT: {}
COMMAND: POST /session/0bd35d5034cd75fc8dc44075a41c35a4/element - {"using":"xpath","value":"//bdi[text()='Create New Organization']"}
RESULT: {"using":"xpath","value":"//bdi[text()='Create New Organization']"}
COMMAND: POST /session/0bd35d5034cd75fc8dc44075a41c35a4/elements - {"using":"xpath","value":"//bdi[text()='Create New Organization']"}
RESULT: {"using":"xpath","value":"//bdi[text()='Create New Organization']"}
COMMAND: POST /session/0bd35d5034cd75fc8dc44075a41c35a4/elements - {"using":"xpath","value":"//bdi[text()='Create New Organization']"}
RESULT: {"using":"xpath","value":"//bdi[text()='Create New Organization']"}
COMMAND: POST /session/0bd35d5034cd75fc8dc44075a41c35a4/elements - {"using":"xpath","value":"//bdi[text()='Create New Organization']"}
RESULT: {"using":"xpath","value":"//bdi[text()='Create New Organization']"}
COMMAND: POST /session/0bd35d5034cd75fc8dc44075a41c35a4/elements - {"using":"xpath","value":"//bdi[text()='Create New Organization']"}
RESULT: {"using":"xpath","value":"//bdi[text()='Create New Organization']"}
COMMAND: POST /session/0bd35d5034cd75fc8dc44075a41c35a4/elements - {"using":"xpath","value":"//bdi[text()='Create New Organization']"}
RESULT: {"using":"xpath","value":"//bdi[text()='Create New Organization']"}
COMMAND: POST /session/0bd35d5034cd75fc8dc44075a41c35a4/elements - {"using":"xpath","value":"//bdi[text()='Create New Organization']"}
RESULT: {"using":"xpath","value":"//bdi[text()='Create New Organization']"}
COMMAND: POST /session/0bd35d5034cd75fc8dc44075a41c35a4/elements - {"using":"xpath","value":"//bdi[text()='Create New Organization']"}
RESULT: {"using":"xpath","value":"//bdi[text()='Create New Organization']"}
COMMAND: POST /session/0bd35d5034cd75fc8dc44075a41c35a4/elements - {"using":"xpath","value":"//bdi[text()='Create New Organization']"}
RESULT: {"using":"xpath","value":"//bdi[text()='Create New Organization']"}
COMMAND: POST /session/0bd35d5034cd75fc8dc44075a41c35a4/elements - {"using":"xpath","value":"//bdi[text()='Create New Organization']"}
RESULT: {"using":"xpath","value":"//bdi[text()='Create New Organization']"}
COMMAND: POST /session/0bd35d5034cd75fc8dc44075a41c35a4/elements - {"using":"xpath","value":"//bdi[text()='Create New Organization']"}
RESULT: {"using":"xpath","value":"//bdi[text()='Create New Organization']"}
COMMAND: POST /session/0bd35d5034cd75fc8dc44075a41c35a4/elements - {"using":"xpath","value":"//bdi[text()='Create New Organization']"}
RESULT: {"using":"xpath","value":"//bdi[text()='Create New Organization']"}
COMMAND: POST /session/0bd35d5034cd75fc8dc44075a41c35a4/elements - {"using":"xpath","value":"//bdi[text()='Create New Organization']"}
RESULT: {"using":"xpath","value":"//bdi[text()='Create New Organization']"}
COMMAND: POST /session/0bd35d5034cd75fc8dc44075a41c35a4/elements - {"using":"xpath","value":"//bdi[text()='Create New Organization']"}
RESULT: {"using":"xpath","value":"//bdi[text()='Create New Organization']"}
COMMAND: POST /session/0bd35d5034cd75fc8dc44075a41c35a4/elements - {"using":"xpath","value":"//bdi[text()='Create New Organization']"}
RESULT: {"using":"xpath","value":"//bdi[text()='Create New Organization']"}
COMMAND: POST /session/0bd35d5034cd75fc8dc44075a41c35a4/elements - {"using":"xpath","value":"//bdi[text()='Create New Organization']"}
RESULT: {"using":"xpath","value":"//bdi[text()='Create New Organization']"}
COMMAND: POST /session/0bd35d5034cd75fc8dc44075a41c35a4/elements - {"using":"xpath","value":"//bdi[text()='Create New Organization']"}
RESULT: {"using":"xpath","value":"//bdi[text()='Create New Organization']"}
COMMAND: POST /session/0bd35d5034cd75fc8dc44075a41c35a4/elements - {"using":"xpath","value":"//bdi[text()='Create New Organization']"}
RESULT: {"using":"xpath","value":"//bdi[text()='Create New Organization']"}
COMMAND: POST /session/0bd35d5034cd75fc8dc44075a41c35a4/elements - {"using":"xpath","value":"//bdi[text()='Create New Organization']"}
RESULT: {"using":"xpath","value":"//bdi[text()='Create New Organization']"}
COMMAND: POST /session/0bd35d5034cd75fc8dc44075a41c35a4/elements - {"using":"xpath","value":"//bdi[text()='Create New Organization']"}
RESULT: {"using":"xpath","value":"//bdi[text()='Create New Organization']"}
COMMAND: POST /session/0bd35d5034cd75fc8dc44075a41c35a4/elements - {"using":"xpath","value":"//bdi[text()='Create New Organization']"}
RESULT: {"using":"xpath","value":"//bdi[text()='Create New Organization']"}
COMMAND: POST /session/0bd35d5034cd75fc8dc44075a41c35a4/elements - {"using":"xpath","value":"//bdi[text()='Create New Organization']"}
RESULT: {"using":"xpath","value":"//bdi[text()='Create New Organization']"}
COMMAND: POST /session/0bd35d5034cd75fc8dc44075a41c35a4/elements - {"using":"xpath","value":"//bdi[text()='Create New Organization']"}
RESULT: {"using":"xpath","value":"//bdi[text()='Create New Organization']"}
COMMAND: POST /session/0bd35d5034cd75fc8dc44075a41c35a4/elements - {"using":"xpath","value":"//bdi[text()='Create New Organization']"}
RESULT: {"using":"xpath","value":"//bdi[text()='Create New Organization']"}
COMMAND: POST /session/0bd35d5034cd75fc8dc44075a41c35a4/elements - {"using":"xpath","value":"//bdi[text()='Create New Organization']"}
RESULT: {"using":"xpath","value":"//bdi[text()='Create New Organization']"}
COMMAND: POST /session/0bd35d5034cd75fc8dc44075a41c35a4/elements - {"using":"xpath","value":"//bdi[text()='Create New Organization']"}
RESULT: {"using":"xpath","value":"//bdi[text()='Create New Organization']"}
COMMAND: POST /session/0bd35d5034cd75fc8dc44075a41c35a4/elements - {"using":"xpath","value":"//bdi[text()='Create New Organization']"}
RESULT: {"using":"xpath","value":"//bdi[text()='Create New Organization']"}
COMMAND: POST /session/0bd35d5034cd75fc8dc44075a41c35a4/elements - {"using":"xpath","value":"//bdi[text()='Create New Organization']"}
RESULT: {"using":"xpath","value":"//bdi[text()='Create New Organization']"}
COMMAND: POST /session/0bd35d5034cd75fc8dc44075a41c35a4/elements - {"using":"xpath","value":"//bdi[text()='Create New Organization']"}
RESULT: {"using":"xpath","value":"//bdi[text()='Create New Organization']"}
COMMAND: POST /session/0bd35d5034cd75fc8dc44075a41c35a4/elements - {"using":"xpath","value":"//bdi[text()='Create New Organization']"}
RESULT: {"using":"xpath","value":"//bdi[text()='Create New Organization']"}
COMMAND: POST /session/0bd35d5034cd75fc8dc44075a41c35a4/elements - {"using":"xpath","value":"//bdi[text()='Create New Organization']"}
RESULT: {"using":"xpath","value":"//bdi[text()='Create New Organization']"}
COMMAND: POST /session/0bd35d5034cd75fc8dc44075a41c35a4/elements - {"using":"xpath","value":"//bdi[text()='Create New Organization']"}
RESULT: {"using":"xpath","value":"//bdi[text()='Create New Organization']"}
COMMAND: POST /session/0bd35d5034cd75fc8dc44075a41c35a4/elements - {"using":"xpath","value":"//bdi[text()='Create New Organization']"}
RESULT: {"using":"xpath","value":"//bdi[text()='Create New Organization']"}
COMMAND: POST /session/0bd35d5034cd75fc8dc44075a41c35a4/elements - {"using":"xpath","value":"//bdi[text()='Create New Organization']"}
RESULT: {"using":"xpath","value":"//bdi[text()='Create New Organization']"}
COMMAND: POST /session/0bd35d5034cd75fc8dc44075a41c35a4/elements - {"using":"xpath","value":"//bdi[text()='Create New Organization']"}
RESULT: {"using":"xpath","value":"//bdi[text()='Create New Organization']"}
COMMAND: POST /session/0bd35d5034cd75fc8dc44075a41c35a4/elements - {"using":"xpath","value":"//bdi[text()='Create New Organization']"}
RESULT: {"using":"xpath","value":"//bdi[text()='Create New Organization']"}
COMMAND: POST /session/0bd35d5034cd75fc8dc44075a41c35a4/elements - {"using":"xpath","value":"//bdi[text()='Create New Organization']"}
RESULT: {"using":"xpath","value":"//bdi[text()='Create New Organization']"}
COMMAND: POST /session/0bd35d5034cd75fc8dc44075a41c35a4/elements - {"using":"xpath","value":"//bdi[text()='Create New Organization']"}
RESULT: {"using":"xpath","value":"//bdi[text()='Create New Organization']"}
COMMAND: POST /session/0bd35d5034cd75fc8dc44075a41c35a4/element - {"using":"xpath","value":"//bdi[text()='Create New Organization']"}
RESULT: {"using":"xpath","value":"//bdi[text()='Create New Organization']"}
COMMAND: GET /session/0bd35d5034cd75fc8dc44075a41c35a4/element/f.1DB2A491F1B7C642484AEDF47EA6FD52.d.E4AC8679B32BB331A99ED797C5D00794.e.154/enabled - {}
RESULT: {}
COMMAND: POST /session/0bd35d5034cd75fc8dc44075a41c35a4/execute/sync - {"script":"<script> [8489 bytes]","args":[{"element-6066-11e4-a52e-4f735466cecf":"f.1DB2A491F1B7C642484AEDF47EA6FD52.d.E4AC8679B32BB331A99ED797C5D00794.e.154","ELEMENT":"f.1DB2A491F1B7C642484AEDF47EA6FD52.d.E4AC8679B32BB331A99ED797C5D00794.e.154"}]}
COMMAND: GET /session/0bd35d5034cd75fc8dc44075a41c35a4/screenshot - {}
RESULT: {"script":"<script> [8489 bytes]","args":[{"element-6066-11e4-a52e-4f735466cecf":"f.1DB2A491F1B7C642484AEDF47EA6FD52.d.E4AC8679B32BB331A99ED797C5D00794.e.154","ELEMENT":"f.1DB2A491F1B7C642484AEDF47EA6FD52.d.E4AC8679B32BB331A99ED797C5D00794.e.154"}]}
COMMAND: POST /session/0bd35d5034cd75fc8dc44075a41c35a4/execute/sync - {"script":"<script> [5351 bytes]","args":[{"element-6066-11e4-a52e-4f735466cecf":"f.1DB2A491F1B7C642484AEDF47EA6FD52.d.E4AC8679B32BB331A99ED797C5D00794.e.154","ELEMENT":"f.1DB2A491F1B7C642484AEDF47EA6FD52.d.E4AC8679B32BB331A99ED797C5D00794.e.154"}]}
COMMAND: GET /session/0bd35d5034cd75fc8dc44075a41c35a4/screenshot - {}
RESULT: {}
RESULT: {"script":"<script> [5351 bytes]","args":[{"element-6066-11e4-a52e-4f735466cecf":"f.1DB2A491F1B7C642484AEDF47EA6FD52.d.E4AC8679B32BB331A99ED797C5D00794.e.154","ELEMENT":"f.1DB2A491F1B7C642484AEDF47EA6FD52.d.E4AC8679B32BB331A99ED797C5D00794.e.154"}]}
COMMAND: POST /session/0bd35d5034cd75fc8dc44075a41c35a4/element/f.1DB2A491F1B7C642484AEDF47EA6FD52.d.E4AC8679B32BB331A99ED797C5D00794.e.154/click - {}
COMMAND: GET /session/0bd35d5034cd75fc8dc44075a41c35a4/screenshot - {}
RESULT: {}
RESULT: {}
COMMAND: POST /session/0bd35d5034cd75fc8dc44075a41c35a4/execute/async - {"script":"<script> [1562 bytes]","args":[{"selector":{"id":"createOrganizationPop--sectionInput","searchOpenDialogs":true,"interaction":{"idSuffix":"inner"}},"wdio_ui5_key":"createOrganizationPopsectionInput"}]}
COMMAND: GET /session/0bd35d5034cd75fc8dc44075a41c35a4/screenshot - {}
RESULT: {}
RESULT: {"script":"<script> [1562 bytes]","args":[{"selector":{"id":"createOrganizationPop--sectionInput","searchOpenDialogs":true,"interaction":{"idSuffix":"inner"}},"wdio_ui5_key":"createOrganizationPopsectionInput"}]}
RESULT: undefined
COMMAND: POST /session/0bd35d5034cd75fc8dc44075a41c35a4/execute/async - {"script":"<script> [776 bytes]","args":[{"enterText":"WHIw1hm235ljhggr54w3npx4nnwtgqcn2hk9kz77r5f0xms9bd640hrvrn0j0i5qtvsq10af3vtefx6wa2y13ejwmyrwq8b3nnm9827v8al3m23p0hbbkoej8ce3vz7d214gwevcp415tewjotqkvyj6gbf4amx7h2z9lpt0i0w64y44y3eaixdgz3hb1ctksf5jq0oo ... (803 more bytes)","selector":{"id":"createOrganizationPop--sectionInput","searchOpenDialogs":true,"interaction":{"idSuffix":"inner"}},"clearTextFirst":true,"interactionType":"ENTER_TEXT"}]}
RESULT: {}
RESULT: {"script":"<script> [776 bytes]","args":[{"enterText":"WHIw1hm235ljhggr54w3npx4nnwtgqcn2hk9kz77r5f0xms9bd640hrvrn0j0i5qtvsq10af3vtefx6wa2y13ejwmyrwq8b3nnm9827v8al3m23p0hbbkoej8ce3vz7d214gwevcp415tewjotqkvyj6gbf4amx7h2z9lpt0i0w64y44y3eaixdgz3hb1ctksf5jq0oo ... (803 more bytes)","selector":{"id":"createOrganizationPop--sectionInput","searchOpenDialogs":true,"interaction":{"idSuffix":"inner"}},"clearTextFirst":true,"interactionType":"ENTER_TEXT"}]}
COMMAND: POST /session/0bd35d5034cd75fc8dc44075a41c35a4/execute/async - {"script":"<script> [1562 bytes]","args":[{"selector":{"id":"createOrganizationPop--descriptionInput","searchOpenDialogs":true,"interaction":{"idSuffix":"inner"}},"wdio_ui5_key":"createOrganizationPopdescriptionInput"}]}
RESULT: {"script":"<script> [1562 bytes]","args":[{"selector":{"id":"createOrganizationPop--descriptionInput","searchOpenDialogs":true,"interaction":{"idSuffix":"inner"}},"wdio_ui5_key":"createOrganizationPopdescriptionInput"}]}
RESULT: undefined
COMMAND: POST /session/0bd35d5034cd75fc8dc44075a41c35a4/execute/async - {"script":"<script> [776 bytes]","args":[{"enterText":"WHIw1hm235ljhggr54w3npx4nnwtgqcn2hk9kz77r5f0xms9bd640hrvrn0j0i5qtvsq10af3vtefx6wa2y13ejwmyrwq8b3nnm9827v8al3m23p0hbbkoej8ce3vz7d214gwevcp415tewjotqkvyj6gbf4amx7h2z9lpt0i0w64y44y3eaixdgz3hb1ctksf5jq0oo ... (803 more bytes)","selector":{"id":"createOrganizationPop--descriptionInput","searchOpenDialogs":true,"interaction":{"idSuffix":"inner"}},"clearTextFirst":true,"interactionType":"ENTER_TEXT"}]}
RESULT: {"script":"<script> [776 bytes]","args":[{"enterText":"WHIw1hm235ljhggr54w3npx4nnwtgqcn2hk9kz77r5f0xms9bd640hrvrn0j0i5qtvsq10af3vtefx6wa2y13ejwmyrwq8b3nnm9827v8al3m23p0hbbkoej8ce3vz7d214gwevcp415tewjotqkvyj6gbf4amx7h2z9lpt0i0w64y44y3eaixdgz3hb1ctksf5jq0oo ... (803 more bytes)","selector":{"id":"createOrganizationPop--descriptionInput","searchOpenDialogs":true,"interaction":{"idSuffix":"inner"}},"clearTextFirst":true,"interactionType":"ENTER_TEXT"}]}
COMMAND: POST /session/0bd35d5034cd75fc8dc44075a41c35a4/element - {"using":"css selector","value":"#createOrganizationPop--yardOrg-inner"}
RESULT: {"using":"css selector","value":"#createOrganizationPop--yardOrg-inner"}
COMMAND: POST /session/0bd35d5034cd75fc8dc44075a41c35a4/element/f.1DB2A491F1B7C642484AEDF47EA6FD52.d.E4AC8679B32BB331A99ED797C5D00794.e.203/clear - {}
RESULT: {}
COMMAND: POST /session/0bd35d5034cd75fc8dc44075a41c35a4/element/f.1DB2A491F1B7C642484AEDF47EA6FD52.d.E4AC8679B32BB331A99ED797C5D00794.e.203/value - {"text":"WHM"}
COMMAND: GET /session/0bd35d5034cd75fc8dc44075a41c35a4/screenshot - {}
RESULT: {"text":"WHM"}
COMMAND: GET /session/0bd35d5034cd75fc8dc44075a41c35a4/screenshot - {}
RESULT: {}
RESULT: {}
COMMAND: POST /session/0bd35d5034cd75fc8dc44075a41c35a4/actions - {"actions":[{"id":"action1","type":"key","parameters":{},"actions":[{"type":"keyDown","value":"î€‡"},{"type":"pause","duration":10},{"type":"keyUp","value":"î€‡"}]}]}
RESULT: {"actions":[{"id":"action1","type":"key","parameters":{},"actions":[{"type":"keyDown","value":"î€‡"},{"type":"pause","duration":10},{"type":"keyUp","value":"î€‡"}]}]}
COMMAND: POST /session/0bd35d5034cd75fc8dc44075a41c35a4/execute/async - {"script":"<script> [1562 bytes]","args":[{"selector":{"id":"createOrganizationPop--grZone","searchOpenDialogs":true,"interaction":{"idSuffix":"CbBg"}},"wdio_ui5_key":"createOrganizationPopgrZone"}]}
COMMAND: GET /session/0bd35d5034cd75fc8dc44075a41c35a4/screenshot - {}
RESULT: {"script":"<script> [1562 bytes]","args":[{"selector":{"id":"createOrganizationPop--grZone","searchOpenDialogs":true,"interaction":{"idSuffix":"CbBg"}},"wdio_ui5_key":"createOrganizationPopgrZone"}]}
RESULT: undefined
COMMAND: POST /session/0bd35d5034cd75fc8dc44075a41c35a4/element - {"using":"xpath","value":"//*[@id=\"createOrganizationPop--grZone\"]"}
RESULT: {}
RESULT: {"using":"xpath","value":"//*[@id=\"createOrganizationPop--grZone\"]"}
COMMAND: POST /session/0bd35d5034cd75fc8dc44075a41c35a4/element/f.1DB2A491F1B7C642484AEDF47EA6FD52.d.E4AC8679B32BB331A99ED797C5D00794.e.225/click - {}
RESULT: {}
COMMAND: POST /session/0bd35d5034cd75fc8dc44075a41c35a4/execute/async - {"script":"<script> [1562 bytes]","args":[{"selector":{"id":"createOrganizationPop--giZone","searchOpenDialogs":true,"interaction":{"idSuffix":"CbBg"}},"wdio_ui5_key":"createOrganizationPopgiZone"}]}
COMMAND: GET /session/0bd35d5034cd75fc8dc44075a41c35a4/screenshot - {}
RESULT: {"script":"<script> [1562 bytes]","args":[{"selector":{"id":"createOrganizationPop--giZone","searchOpenDialogs":true,"interaction":{"idSuffix":"CbBg"}},"wdio_ui5_key":"createOrganizationPopgiZone"}]}
RESULT: undefined
COMMAND: POST /session/0bd35d5034cd75fc8dc44075a41c35a4/element - {"using":"xpath","value":"//*[@id=\"createOrganizationPop--giZone\"]"}
RESULT: {}
RESULT: {"using":"xpath","value":"//*[@id=\"createOrganizationPop--giZone\"]"}
COMMAND: POST /session/0bd35d5034cd75fc8dc44075a41c35a4/element/f.1DB2A491F1B7C642484AEDF47EA6FD52.d.E4AC8679B32BB331A99ED797C5D00794.e.227/click - {}
RESULT: {}
COMMAND: POST /session/0bd35d5034cd75fc8dc44075a41c35a4/execute/async - {"script":"<script> [1562 bytes]","args":[{"selector":{"id":"createOrganizationPop--binNoInput","searchOpenDialogs":true,"interaction":{"idSuffix":"inner"}},"wdio_ui5_key":"createOrganizationPopbinNoInput"}]}
COMMAND: GET /session/0bd35d5034cd75fc8dc44075a41c35a4/screenshot - {}
RESULT: {"script":"<script> [1562 bytes]","args":[{"selector":{"id":"createOrganizationPop--binNoInput","searchOpenDialogs":true,"interaction":{"idSuffix":"inner"}},"wdio_ui5_key":"createOrganizationPopbinNoInput"}]}
RESULT: undefined
COMMAND: POST /session/0bd35d5034cd75fc8dc44075a41c35a4/execute/async - {"script":"<script> [776 bytes]","args":[{"enterText":"Bin-Wd","selector":{"id":"createOrganizationPop--binNoInput","searchOpenDialogs":true,"interaction":{"idSuffix":"inner"}},"clearTextFirst":true,"interactionType":"ENTER_TEXT"}]}
RESULT: {}
RESULT: {"script":"<script> [776 bytes]","args":[{"enterText":"Bin-Wd","selector":{"id":"createOrganizationPop--binNoInput","searchOpenDialogs":true,"interaction":{"idSuffix":"inner"}},"clearTextFirst":true,"interactionType":"ENTER_TEXT"}]}
COMMAND: POST /session/0bd35d5034cd75fc8dc44075a41c35a4/execute/async - {"script":"<script> [1562 bytes]","args":[{"selector":{"id":"createOrganizationPop--descriptionId","searchOpenDialogs":true,"interaction":{"idSuffix":"inner"}},"wdio_ui5_key":"createOrganizationPopdescriptionId"}]}
RESULT: {"script":"<script> [1562 bytes]","args":[{"selector":{"id":"createOrganizationPop--descriptionId","searchOpenDialogs":true,"interaction":{"idSuffix":"inner"}},"wdio_ui5_key":"createOrganizationPopdescriptionId"}]}
RESULT: undefined
COMMAND: POST /session/0bd35d5034cd75fc8dc44075a41c35a4/execute/async - {"script":"<script> [776 bytes]","args":[{"enterText":"Shipping-Wd","selector":{"id":"createOrganizationPop--descriptionId","searchOpenDialogs":true,"interaction":{"idSuffix":"inner"}},"clearTextFirst":true,"interactionType":"ENTER_TEXT"}]}
RESULT: {"script":"<script> [776 bytes]","args":[{"enterText":"Shipping-Wd","selector":{"id":"createOrganizationPop--descriptionId","searchOpenDialogs":true,"interaction":{"idSuffix":"inner"}},"clearTextFirst":true,"interactionType":"ENTER_TEXT"}]}
COMMAND: POST /session/0bd35d5034cd75fc8dc44075a41c35a4/execute/async - {"script":"<script> [1562 bytes]","args":[{"selector":{"controlType":"sap.m.CheckBox","viewName":"etm.portal.ui.binstatusreport.view.MasterWareBins","viewId":"application-binstatusreport-display-component---warehousing","bindingPath":{"path":"","propertyPath":"/ZONE","modelName":"newBin"},"searchOpenDialogs":true,"interaction":{"idSuffix":"CbBg"}},"wdio_ui5_key":"etmportal.ui.binstatusreport.view.MasterWareBinssap.m.CheckBox{\"path\":\"\",\"propertyPath\":\"/ZONE\",\"modelName\":\"newBin\"}"}]}
RESULT: {"script":"<script> [1562 bytes]","args":[{"selector":{"controlType":"sap.m.CheckBox","viewName":"etm.portal.ui.binstatusreport.view.MasterWareBins","viewId":"application-binstatusreport-display-component---warehousing","bindingPath":{"path":"","propertyPath":"/ZONE","modelName":"newBin"},"searchOpenDialogs":true,"interaction":{"idSuffix":"CbBg"}},"wdio_ui5_key":"etmportal.ui.binstatusreport.view.MasterWareBinssap.m.CheckBox{\"path\":\"\",\"propertyPath\":\"/ZONE\",\"modelName\":\"newBin\"}"}]}
RESULT: undefined
COMMAND: POST /session/0bd35d5034cd75fc8dc44075a41c35a4/element - {"using":"xpath","value":"//*[@id=\"__box12\"]"}
RESULT: {"using":"xpath","value":"//*[@id=\"__box12\"]"}
COMMAND: POST /session/0bd35d5034cd75fc8dc44075a41c35a4/element/f.1DB2A491F1B7C642484AEDF47EA6FD52.d.E4AC8679B32BB331A99ED797C5D00794.e.231/click - {}
RESULT: {}
COMMAND: POST /session/0bd35d5034cd75fc8dc44075a41c35a4/execute/async - {"script":"<script> [1562 bytes]","args":[{"selector":{"id":"createOrganizationPop--binTypesCB-arrow","searchOpenDialogs":true},"wdio_ui5_key":"createOrganizationPopbinTypesCB-arrow"}]}
COMMAND: GET /session/0bd35d5034cd75fc8dc44075a41c35a4/screenshot - {}
RESULT: {"script":"<script> [1562 bytes]","args":[{"selector":{"id":"createOrganizationPop--binTypesCB-arrow","searchOpenDialogs":true},"wdio_ui5_key":"createOrganizationPopbinTypesCB-arrow"}]}
RESULT: undefined
COMMAND: POST /session/0bd35d5034cd75fc8dc44075a41c35a4/element - {"using":"xpath","value":"//*[@id=\"createOrganizationPop--binTypesCB-arrow\"]"}
RESULT: {}
RESULT: {"using":"xpath","value":"//*[@id=\"createOrganizationPop--binTypesCB-arrow\"]"}
COMMAND: POST /session/0bd35d5034cd75fc8dc44075a41c35a4/element/f.1DB2A491F1B7C642484AEDF47EA6FD52.d.E4AC8679B32BB331A99ED797C5D00794.e.232/click - {}
RESULT: {}
COMMAND: POST /session/0bd35d5034cd75fc8dc44075a41c35a4/execute/async - {"script":"<script> [1562 bytes]","args":[{"selector":{"id":"createOrganizationPop--binTypesCB","searchOpenDialogs":true,"interaction":{"idSuffix":"inner"}},"wdio_ui5_key":"createOrganizationPopbinTypesCB"}]}
COMMAND: GET /session/0bd35d5034cd75fc8dc44075a41c35a4/screenshot - {}
RESULT: {"script":"<script> [1562 bytes]","args":[{"selector":{"id":"createOrganizationPop--binTypesCB","searchOpenDialogs":true,"interaction":{"idSuffix":"inner"}},"wdio_ui5_key":"createOrganizationPopbinTypesCB"}]}
RESULT: undefined
COMMAND: POST /session/0bd35d5034cd75fc8dc44075a41c35a4/execute/async - {"script":"<script> [776 bytes]","args":[{"enterText":"1 - General / No capacity check","selector":{"id":"createOrganizationPop--binTypesCB","searchOpenDialogs":true,"interaction":{"idSuffix":"inner"}},"clearTextFirst":true,"interactionType":"ENTER_TEXT"}]}
RESULT: {}
RESULT: {"script":"<script> [776 bytes]","args":[{"enterText":"1 - General / No capacity check","selector":{"id":"createOrganizationPop--binTypesCB","searchOpenDialogs":true,"interaction":{"idSuffix":"inner"}},"clearTextFirst":true,"interactionType":"ENTER_TEXT"}]}
COMMAND: POST /session/0bd35d5034cd75fc8dc44075a41c35a4/actions - {"actions":[{"id":"action2","type":"key","parameters":{},"actions":[{"type":"keyDown","value":"î€‡"},{"type":"pause","duration":10},{"type":"keyUp","value":"î€‡"}]}]}
RESULT: {"actions":[{"id":"action2","type":"key","parameters":{},"actions":[{"type":"keyDown","value":"î€‡"},{"type":"pause","duration":10},{"type":"keyUp","value":"î€‡"}]}]}
COMMAND: GET /session/0bd35d5034cd75fc8dc44075a41c35a4/screenshot - {}
RESULT: {}
COMMAND: POST /session/0bd35d5034cd75fc8dc44075a41c35a4/execute/async - {"script":"<script> [1562 bytes]","args":[{"selector":{"id":"createOrganizationPop--finishBtn","searchOpenDialogs":true,"interaction":{"idSuffix":"BDI-content"}},"wdio_ui5_key":"createOrganizationPopfinishBtn"}]}
RESULT: {"script":"<script> [1562 bytes]","args":[{"selector":{"id":"createOrganizationPop--finishBtn","searchOpenDialogs":true,"interaction":{"idSuffix":"BDI-content"}},"wdio_ui5_key":"createOrganizationPopfinishBtn"}]}
RESULT: undefined
COMMAND: POST /session/0bd35d5034cd75fc8dc44075a41c35a4/element - {"using":"xpath","value":"//*[@id=\"createOrganizationPop--finishBtn\"]"}
RESULT: {"using":"xpath","value":"//*[@id=\"createOrganizationPop--finishBtn\"]"}
COMMAND: POST /session/0bd35d5034cd75fc8dc44075a41c35a4/element/f.1DB2A491F1B7C642484AEDF47EA6FD52.d.E4AC8679B32BB331A99ED797C5D00794.e.235/click - {}
RESULT: {}
COMMAND: POST /session/0bd35d5034cd75fc8dc44075a41c35a4/element - {"using":"css selector","value":"#j_username"}
COMMAND: POST /session/0bd35d5034cd75fc8dc44075a41c35a4/url - {"url":"https://qa-testing-00-live-etm-ui.cfapps.eu10-004.hana.ondemand.com/"}
COMMAND: GET /session/0bd35d5034cd75fc8dc44075a41c35a4/screenshot - {}
RESULT: {"using":"css selector","value":"#j_username"}
COMMAND: POST /session/0bd35d5034cd75fc8dc44075a41c35a4/element - {"using":"css selector","value":"#j_username"}
RESULT: {"url":"https://qa-testing-00-live-etm-ui.cfapps.eu10-004.hana.ondemand.com/"}
RESULT: undefined
COMMAND: GET /session/0bd35d5034cd75fc8dc44075a41c35a4/screenshot - {}
RESULT: {}
RESULT: {"using":"css selector","value":"#j_username"}
COMMAND: POST /session/0bd35d5034cd75fc8dc44075a41c35a4/element - {"using":"css selector","value":"#shell-header-logo"}
RESULT: {}
RESULT: {"using":"css selector","value":"#shell-header-logo"}
COMMAND: POST /session/0bd35d5034cd75fc8dc44075a41c35a4/execute/sync - {"script":"<script> [8489 bytes]","args":[{"element-6066-11e4-a52e-4f735466cecf":"f.1DB2A491F1B7C642484AEDF47EA6FD52.d.12E8DCE9C62A2231ABA171B7D044A694.e.244","ELEMENT":"f.1DB2A491F1B7C642484AEDF47EA6FD52.d.12E8DCE9C62A2231ABA171B7D044A694.e.244"}]}
RESULT: {"script":"<script> [8489 bytes]","args":[{"element-6066-11e4-a52e-4f735466cecf":"f.1DB2A491F1B7C642484AEDF47EA6FD52.d.12E8DCE9C62A2231ABA171B7D044A694.e.244","ELEMENT":"f.1DB2A491F1B7C642484AEDF47EA6FD52.d.12E8DCE9C62A2231ABA171B7D044A694.e.244"}]}
COMMAND: POST /session/0bd35d5034cd75fc8dc44075a41c35a4/element - {"using":"css selector","value":"#shell-header-logo"}
COMMAND: GET /session/0bd35d5034cd75fc8dc44075a41c35a4/screenshot - {}
RESULT: {"using":"css selector","value":"#shell-header-logo"}
COMMAND: POST /session/0bd35d5034cd75fc8dc44075a41c35a4/execute/sync - {"script":"<script> [8489 bytes]","args":[{"element-6066-11e4-a52e-4f735466cecf":"f.1DB2A491F1B7C642484AEDF47EA6FD52.d.12E8DCE9C62A2231ABA171B7D044A694.e.244","ELEMENT":"f.1DB2A491F1B7C642484AEDF47EA6FD52.d.12E8DCE9C62A2231ABA171B7D044A694.e.244"}]}
RESULT: {}
RESULT: {"script":"<script> [8489 bytes]","args":[{"element-6066-11e4-a52e-4f735466cecf":"f.1DB2A491F1B7C642484AEDF47EA6FD52.d.12E8DCE9C62A2231ABA171B7D044A694.e.244","ELEMENT":"f.1DB2A491F1B7C642484AEDF47EA6FD52.d.12E8DCE9C62A2231ABA171B7D044A694.e.244"}]}
COMMAND: POST /session/0bd35d5034cd75fc8dc44075a41c35a4/execute/sync - {"script":"<script> [5351 bytes]","args":[{"element-6066-11e4-a52e-4f735466cecf":"f.1DB2A491F1B7C642484AEDF47EA6FD52.d.12E8DCE9C62A2231ABA171B7D044A694.e.244","ELEMENT":"f.1DB2A491F1B7C642484AEDF47EA6FD52.d.12E8DCE9C62A2231ABA171B7D044A694.e.244"}]}
COMMAND: GET /session/0bd35d5034cd75fc8dc44075a41c35a4/screenshot - {}
RESULT: {"script":"<script> [5351 bytes]","args":[{"element-6066-11e4-a52e-4f735466cecf":"f.1DB2A491F1B7C642484AEDF47EA6FD52.d.12E8DCE9C62A2231ABA171B7D044A694.e.244","ELEMENT":"f.1DB2A491F1B7C642484AEDF47EA6FD52.d.12E8DCE9C62A2231ABA171B7D044A694.e.244"}]}
COMMAND: POST /session/0bd35d5034cd75fc8dc44075a41c35a4/element - {"using":"css selector","value":"#shell-header-logo"}
COMMAND: GET /session/0bd35d5034cd75fc8dc44075a41c35a4/screenshot - {}
RESULT: {}
RESULT: {"using":"css selector","value":"#shell-header-logo"}
COMMAND: POST /session/0bd35d5034cd75fc8dc44075a41c35a4/element/f.1DB2A491F1B7C642484AEDF47EA6FD52.d.12E8DCE9C62A2231ABA171B7D044A694.e.244/click - {}
RESULT: {}
RESULT: {}
COMMAND: GET /session/0bd35d5034cd75fc8dc44075a41c35a4/screenshot - {}
RESULT: {}
COMMAND: POST /session/0bd35d5034cd75fc8dc44075a41c35a4/execute/async - {"script":"<script> [189 bytes]","args":[]}
RESULT: {"script":"<script> [189 bytes]","args":[]}
COMMAND: POST /session/0bd35d5034cd75fc8dc44075a41c35a4/execute/async - {"script":"<script> [123 bytes]","args":[]}
RESULT: {"script":"<script> [123 bytes]","args":[]}
COMMAND: POST /session/0bd35d5034cd75fc8dc44075a41c35a4/timeouts - {"script":"<number>"}
RESULT: {"script":"<number>"}
COMMAND: GET /session/0bd35d5034cd75fc8dc44075a41c35a4/timeouts - {}
RESULT: {}
RESULT: undefined
COMMAND: POST /session/0bd35d5034cd75fc8dc44075a41c35a4/execute/async - {"script":"<script> [2676 bytes]","args":[]}
RESULT: {"script":"<script> [2676 bytes]","args":[]}
COMMAND: POST /session/0bd35d5034cd75fc8dc44075a41c35a4/execute/async - {"script":"<script> [2342 bytes]","args":[{"protocol":"http","hostname":"0.0.0.0","path":"/","capabilities":{"browserName":"chrome","goog:chromeOptions":{"binary":"C:\\Program Files\\Google\\Chrome\\Application\\chrome.exe","args":["--start-maximized"]}},"logLevel":"warn","connectionRetryTimeout":120000,"connectionRetryCount":3,"logLevels":{},"enableDirectConnect":true,"strictSSL":true,"_":"65 more keys: [\"cacheDir\",\"port\",\"requestedCapabilities\",\"automationProtocol\",\"baseUrl\",\"waitforInterval\",\"waitforTimeout\",\"onReload\",\"beforeCommand\",\"afterCommand\",\"rootDir\",\"specs\",\"suites\",\"exclude\",\"groupLogsByTestSpec\",\"excludeDriverLogs\",\"bail\",\"framework\",\"reporters\",\"services\",\"maxInstances\",\"maxInstancesPerCapability\",\"injectGlobals\",\"filesToWatch\",\"execArgv\",\"runnerEnv\",\"runner\",\"shard\",\"specFileRetries\",\"specFileRetriesDelay\",\"specFileRetriesDeferred\",\"reporterSyncInterval\",\"reporterSyncTimeout\",\"cucumberFeaturesWithLineNumbers\",\"autoCompileOpts\",\"mochaOpts\",\"jasmineOpts\",\"cucumberOpts\",\"onPrepare\",\"onWorkerStart\",\"onWorkerEnd\",\"before\",\"beforeSession\",\"beforeSuite\",\"beforeHook\",\"beforeTest\",\"afterTest\",\"afterHook\",\"afterSuite\",\"afterSession\",\"after\",\"onComplete\",\"beforeAssertion\",\"afterAssertion\",\"beforeFeature\",\"beforeScenario\",\"beforeStep\",\"afterStep\",\"afterScenario\",\"afterFeature\",\"_\",\"suite\",\"$0\",\"ignoredWorkerServices\",\"wdi5\"]"}]}
RESULT: {"script":"<script> [2342 bytes]","args":[{"protocol":"http","hostname":"0.0.0.0","path":"/","capabilities":{"browserName":"chrome","goog:chromeOptions":{"binary":"C:\\Program Files\\Google\\Chrome\\Application\\chrome.exe","args":["--start-maximized"]}},"logLevel":"warn","connectionRetryTimeout":120000,"connectionRetryCount":3,"logLevels":{},"enableDirectConnect":true,"strictSSL":true,"_":"65 more keys: [\"cacheDir\",\"port\",\"requestedCapabilities\",\"automationProtocol\",\"baseUrl\",\"waitforInterval\",\"waitforTimeout\",\"onReload\",\"beforeCommand\",\"afterCommand\",\"rootDir\",\"specs\",\"suites\",\"exclude\",\"groupLogsByTestSpec\",\"excludeDriverLogs\",\"bail\",\"framework\",\"reporters\",\"services\",\"maxInstances\",\"maxInstancesPerCapability\",\"injectGlobals\",\"filesToWatch\",\"execArgv\",\"runnerEnv\",\"runner\",\"shard\",\"specFileRetries\",\"specFileRetriesDelay\",\"specFileRetriesDeferred\",\"reporterSyncInterval\",\"reporterSyncTimeout\",\"cucumberFeaturesWithLineNumbers\",\"autoCompileOpts\",\"mochaOpts\",\"jasmineOpts\",\"cucumberOpts\",\"onPrepare\",\"onWorkerStart\",\"onWorkerEnd\",\"before\",\"beforeSession\",\"beforeSuite\",\"beforeHook\",\"beforeTest\",\"afterTest\",\"afterHook\",\"afterSuite\",\"afterSession\",\"after\",\"onComplete\",\"beforeAssertion\",\"afterAssertion\",\"beforeFeature\",\"beforeScenario\",\"beforeStep\",\"afterStep\",\"afterScenario\",\"afterFeature\",\"_\",\"suite\",\"$0\",\"ignoredWorkerServices\",\"wdi5\"]"}]}
COMMAND: POST /session/0bd35d5034cd75fc8dc44075a41c35a4/execute/async - {"script":"<script> [21126 bytes]","args":[35000]}
RESULT: {"script":"<script> [21126 bytes]","args":[35000]}
COMMAND: POST /session/0bd35d5034cd75fc8dc44075a41c35a4/window/maximize - {}
RESULT: {}
COMMAND: POST /session/0bd35d5034cd75fc8dc44075a41c35a4/execute/async - {"script":"<script> [1562 bytes]","args":[{"selector":{"id":"shell-header","interaction":{"idSuffix":"icon"}},"wdio_ui5_key":"shellheader"}]}
COMMAND: GET /session/0bd35d5034cd75fc8dc44075a41c35a4/screenshot - {}
RESULT: {"script":"<script> [1562 bytes]","args":[{"selector":{"id":"shell-header","interaction":{"idSuffix":"icon"}},"wdio_ui5_key":"shellheader"}]}
RESULT: undefined
]]></system-out>
    </testcase>
  </testsuite>
  <testsuite timestamp="2025-05-06T07:22:20" time="820.896" tests="8" failures="0" errors="0" skipped="0">
    <properties>
      <property name="specId" value="0" />
      <property name="suiteName" value="Stock increase - with WHM US125587" />
      <property name="capabilities" value="chrome.135_0_7049_96.windows" />
      <property name="file" value="file:///D:/a/1/s/test/specs/HTR/stock-increase.spec.js" />
    </properties>
    <testcase classname="chrome.135_0_7049_96.windows.Stock_increase_-_with_WHM_US125587" name="Should create a WHM yard" time="104.937">
      <system-out><![CDATA[
COMMAND: POST /session/0bd35d5034cd75fc8dc44075a41c35a4/element - {"using":"css selector","value":"#shell-header-logo"}
RESULT: {}
RESULT: {"using":"css selector","value":"#shell-header-logo"}
COMMAND: POST /session/0bd35d5034cd75fc8dc44075a41c35a4/element/f.1DB2A491F1B7C642484AEDF47EA6FD52.d.12E8DCE9C62A2231ABA171B7D044A694.e.244/click - {}
RESULT: {}
COMMAND: GET /session/0bd35d5034cd75fc8dc44075a41c35a4/screenshot - {}
RESULT: {}
COMMAND: POST /session/0bd35d5034cd75fc8dc44075a41c35a4/execute/async - {"script":"<script> [1562 bytes]","args":[{"selector":{"controlType":"sap.m.GenericTile","properties":{"header":"Manage Yards"}},"wdio_ui5_key":"sapm.GenericTile{\"header\":\"Manage Yards\"}"}]}
RESULT: {"script":"<script> [1562 bytes]","args":[{"selector":{"controlType":"sap.m.GenericTile","properties":{"header":"Manage Yards"}},"wdio_ui5_key":"sapm.GenericTile{\"header\":\"Manage Yards\"}"}]}
RESULT: undefined
COMMAND: POST /session/0bd35d5034cd75fc8dc44075a41c35a4/element - {"using":"xpath","value":"//*[@id=\"__tile41\"]"}
RESULT: {"using":"xpath","value":"//*[@id=\"__tile41\"]"}
COMMAND: POST /session/0bd35d5034cd75fc8dc44075a41c35a4/element/f.1DB2A491F1B7C642484AEDF47EA6FD52.d.12E8DCE9C62A2231ABA171B7D044A694.e.256/click - {}
RESULT: {}
COMMAND: GET /session/0bd35d5034cd75fc8dc44075a41c35a4/screenshot - {}
RESULT: {}
COMMAND: POST /session/0bd35d5034cd75fc8dc44075a41c35a4/execute/async - {"script":"<script> [1562 bytes]","args":[{"selector":{"controlType":"sap.ui.core.Icon","viewName":"etm.portal.ui.manageyards.view.Master","viewId":"application-manageyards-display-component---masterYard","properties":{"src":{"regex":{"source":"add"}}}},"wdio_ui5_key":"etmportal.ui.manageyards.view.Mastersap.ui.core.Icon{\"src\":{\"regex\":{\"source\":\"add\"}}}"}]}
RESULT: {"script":"<script> [1562 bytes]","args":[{"selector":{"controlType":"sap.ui.core.Icon","viewName":"etm.portal.ui.manageyards.view.Master","viewId":"application-manageyards-display-component---masterYard","properties":{"src":{"regex":{"source":"add"}}}},"wdio_ui5_key":"etmportal.ui.manageyards.view.Mastersap.ui.core.Icon{\"src\":{\"regex\":{\"source\":\"add\"}}}"}]}
RESULT: undefined
COMMAND: POST /session/0bd35d5034cd75fc8dc44075a41c35a4/element - {"using":"xpath","value":"//*[@id=\"__button4-img\"]"}
RESULT: {"using":"xpath","value":"//*[@id=\"__button4-img\"]"}
COMMAND: POST /session/0bd35d5034cd75fc8dc44075a41c35a4/element/f.1DB2A491F1B7C642484AEDF47EA6FD52.d.12E8DCE9C62A2231ABA171B7D044A694.e.301/click - {}
RESULT: {}
COMMAND: GET /session/0bd35d5034cd75fc8dc44075a41c35a4/screenshot - {}
RESULT: {}
COMMAND: POST /session/0bd35d5034cd75fc8dc44075a41c35a4/execute/async - {"script":"<script> [1562 bytes]","args":[{"selector":{"id":"application-manageyards-display-component---NewYard--yardId","interaction":{"idSuffix":"inner"}},"wdio_ui5_key":"applicationmanageyards-display-component---NewYard--yardId"}]}
RESULT: {"script":"<script> [1562 bytes]","args":[{"selector":{"id":"application-manageyards-display-component---NewYard--yardId","interaction":{"idSuffix":"inner"}},"wdio_ui5_key":"applicationmanageyards-display-component---NewYard--yardId"}]}
RESULT: undefined
COMMAND: POST /session/0bd35d5034cd75fc8dc44075a41c35a4/element - {"using":"xpath","value":"//*[@id=\"application-manageyards-display-component---NewYard--addressDetailDetailsName1-inner\"]"}
RESULT: {"using":"xpath","value":"//*[@id=\"application-manageyards-display-component---NewYard--addressDetailDetailsName1-inner\"]"}
COMMAND: POST /session/0bd35d5034cd75fc8dc44075a41c35a4/element/f.1DB2A491F1B7C642484AEDF47EA6FD52.d.12E8DCE9C62A2231ABA171B7D044A694.e.520/clear - {}
RESULT: {}
COMMAND: POST /session/0bd35d5034cd75fc8dc44075a41c35a4/element/f.1DB2A491F1B7C642484AEDF47EA6FD52.d.12E8DCE9C62A2231ABA171B7D044A694.e.520/value - {"text":"WebdriverWHMYardfzyzyk"}
COMMAND: GET /session/0bd35d5034cd75fc8dc44075a41c35a4/screenshot - {}
RESULT: {"text":"WebdriverWHMYardfzyzyk"}
COMMAND: POST /session/0bd35d5034cd75fc8dc44075a41c35a4/element - {"using":"xpath","value":"//*[@id=\"application-manageyards-display-component---NewYard--addressDetailDetailsLanguage-inner\"]"}
COMMAND: GET /session/0bd35d5034cd75fc8dc44075a41c35a4/screenshot - {}
RESULT: {}
RESULT: {"using":"xpath","value":"//*[@id=\"application-manageyards-display-component---NewYard--addressDetailDetailsLanguage-inner\"]"}
COMMAND: POST /session/0bd35d5034cd75fc8dc44075a41c35a4/element/f.1DB2A491F1B7C642484AEDF47EA6FD52.d.12E8DCE9C62A2231ABA171B7D044A694.e.521/clear - {}
RESULT: {}
RESULT: {}
COMMAND: POST /session/0bd35d5034cd75fc8dc44075a41c35a4/element/f.1DB2A491F1B7C642484AEDF47EA6FD52.d.12E8DCE9C62A2231ABA171B7D044A694.e.521/value - {"text":"Romanian"}
COMMAND: GET /session/0bd35d5034cd75fc8dc44075a41c35a4/screenshot - {}
RESULT: {"text":"Romanian"}
COMMAND: GET /session/0bd35d5034cd75fc8dc44075a41c35a4/screenshot - {}
RESULT: {}
RESULT: {}
COMMAND: POST /session/0bd35d5034cd75fc8dc44075a41c35a4/element - {"using":"xpath","value":"//*[@id=\"application-manageyards-display-component---NewYard--addressDetailDetailsCity1-inner\"]"}
RESULT: {"using":"xpath","value":"//*[@id=\"application-manageyards-display-component---NewYard--addressDetailDetailsCity1-inner\"]"}
COMMAND: POST /session/0bd35d5034cd75fc8dc44075a41c35a4/element/f.1DB2A491F1B7C642484AEDF47EA6FD52.d.12E8DCE9C62A2231ABA171B7D044A694.e.523/clear - {}
RESULT: {}
COMMAND: POST /session/0bd35d5034cd75fc8dc44075a41c35a4/element/f.1DB2A491F1B7C642484AEDF47EA6FD52.d.12E8DCE9C62A2231ABA171B7D044A694.e.523/value - {"text":"Bucuresti"}
COMMAND: GET /session/0bd35d5034cd75fc8dc44075a41c35a4/screenshot - {}
RESULT: {"text":"Bucuresti"}
COMMAND: GET /session/0bd35d5034cd75fc8dc44075a41c35a4/screenshot - {}
RESULT: {}
RESULT: {}
COMMAND: POST /session/0bd35d5034cd75fc8dc44075a41c35a4/element - {"using":"xpath","value":"//*[@id=\"application-manageyards-display-component---NewYard--addressDetailDetailsCountry-inner\"]"}
RESULT: {"using":"xpath","value":"//*[@id=\"application-manageyards-display-component---NewYard--addressDetailDetailsCountry-inner\"]"}
COMMAND: POST /session/0bd35d5034cd75fc8dc44075a41c35a4/element/f.1DB2A491F1B7C642484AEDF47EA6FD52.d.12E8DCE9C62A2231ABA171B7D044A694.e.527/clear - {}
RESULT: {}
COMMAND: POST /session/0bd35d5034cd75fc8dc44075a41c35a4/element/f.1DB2A491F1B7C642484AEDF47EA6FD52.d.12E8DCE9C62A2231ABA171B7D044A694.e.527/value - {"text":"Romania"}
COMMAND: GET /session/0bd35d5034cd75fc8dc44075a41c35a4/screenshot - {}
RESULT: {"text":"Romania"}
COMMAND: GET /session/0bd35d5034cd75fc8dc44075a41c35a4/screenshot - {}
RESULT: {}
RESULT: {}
COMMAND: POST /session/0bd35d5034cd75fc8dc44075a41c35a4/execute/async - {"script":"<script> [1562 bytes]","args":[{"selector":{"controlType":"sap.m.Button","viewName":"etm.portal.ui.manageyards.view.New","viewId":"application-manageyards-display-component---NewYard","properties":{"text":"Commercial"},"interaction":{"idSuffix":"BDI-content"}},"wdio_ui5_key":"etmportal.ui.manageyards.view.Newsap.m.Button{\"text\":\"Commercial\"}"}]}
RESULT: {"script":"<script> [1562 bytes]","args":[{"selector":{"controlType":"sap.m.Button","viewName":"etm.portal.ui.manageyards.view.New","viewId":"application-manageyards-display-component---NewYard","properties":{"text":"Commercial"},"interaction":{"idSuffix":"BDI-content"}},"wdio_ui5_key":"etmportal.ui.manageyards.view.Newsap.m.Button{\"text\":\"Commercial\"}"}]}
RESULT: undefined
COMMAND: POST /session/0bd35d5034cd75fc8dc44075a41c35a4/element - {"using":"xpath","value":"//*[@id=\"application-manageyards-display-component---NewYard--ObjectPageLayout-anchBar-__section5-anchor\"]"}
RESULT: {"using":"xpath","value":"//*[@id=\"application-manageyards-display-component---NewYard--ObjectPageLayout-anchBar-__section5-anchor\"]"}
COMMAND: POST /session/0bd35d5034cd75fc8dc44075a41c35a4/element/f.1DB2A491F1B7C642484AEDF47EA6FD52.d.12E8DCE9C62A2231ABA171B7D044A694.e.702/click - {}
RESULT: {}
COMMAND: GET /session/0bd35d5034cd75fc8dc44075a41c35a4/screenshot - {}
RESULT: {}
COMMAND: POST /session/0bd35d5034cd75fc8dc44075a41c35a4/element - {"using":"xpath","value":"//input[@id='application-manageyards-display-component---NewYard--addressEditDetailsCostObjectCstType-inner']"}
RESULT: {"using":"xpath","value":"//input[@id='application-manageyards-display-component---NewYard--addressEditDetailsCostObjectCstType-inner']"}
COMMAND: POST /session/0bd35d5034cd75fc8dc44075a41c35a4/execute/sync - {"script":"<script> [8489 bytes]","args":[{"element-6066-11e4-a52e-4f735466cecf":"f.1DB2A491F1B7C642484AEDF47EA6FD52.d.12E8DCE9C62A2231ABA171B7D044A694.e.533","ELEMENT":"f.1DB2A491F1B7C642484AEDF47EA6FD52.d.12E8DCE9C62A2231ABA171B7D044A694.e.533"}]}
RESULT: {"script":"<script> [8489 bytes]","args":[{"element-6066-11e4-a52e-4f735466cecf":"f.1DB2A491F1B7C642484AEDF47EA6FD52.d.12E8DCE9C62A2231ABA171B7D044A694.e.533","ELEMENT":"f.1DB2A491F1B7C642484AEDF47EA6FD52.d.12E8DCE9C62A2231ABA171B7D044A694.e.533"}]}
COMMAND: POST /session/0bd35d5034cd75fc8dc44075a41c35a4/element/f.1DB2A491F1B7C642484AEDF47EA6FD52.d.12E8DCE9C62A2231ABA171B7D044A694.e.533/clear - {}
COMMAND: GET /session/0bd35d5034cd75fc8dc44075a41c35a4/screenshot - {}
RESULT: {}
COMMAND: POST /session/0bd35d5034cd75fc8dc44075a41c35a4/element/f.1DB2A491F1B7C642484AEDF47EA6FD52.d.12E8DCE9C62A2231ABA171B7D044A694.e.533/value - {"text":"Cost"}
COMMAND: GET /session/0bd35d5034cd75fc8dc44075a41c35a4/screenshot - {}
RESULT: {}
RESULT: {"text":"Cost"}
COMMAND: GET /session/0bd35d5034cd75fc8dc44075a41c35a4/screenshot - {}
RESULT: {}
RESULT: {}
COMMAND: POST /session/0bd35d5034cd75fc8dc44075a41c35a4/execute/async - {"script":"<script> [1562 bytes]","args":[{"selector":{"id":"application-manageyards-display-component---NewYard--addressNewCostObjectCstID","interaction":{"idSuffix":"inner"}},"wdio_ui5_key":"applicationmanageyards-display-component---NewYard--addressNewCostObjectCstID"}]}
RESULT: {"script":"<script> [1562 bytes]","args":[{"selector":{"id":"application-manageyards-display-component---NewYard--addressNewCostObjectCstID","interaction":{"idSuffix":"inner"}},"wdio_ui5_key":"applicationmanageyards-display-component---NewYard--addressNewCostObjectCstID"}]}
RESULT: undefined
COMMAND: POST /session/0bd35d5034cd75fc8dc44075a41c35a4/execute/async - {"script":"<script> [776 bytes]","args":[{"enterText":"10001013","selector":{"id":"application-manageyards-display-component---NewYard--addressNewCostObjectCstID","interaction":{"idSuffix":"inner"}},"clearTextFirst":true,"interactionType":"ENTER_TEXT"}]}
RESULT: {"script":"<script> [776 bytes]","args":[{"enterText":"10001013","selector":{"id":"application-manageyards-display-component---NewYard--addressNewCostObjectCstID","interaction":{"idSuffix":"inner"}},"clearTextFirst":true,"interactionType":"ENTER_TEXT"}]}
COMMAND: POST /session/0bd35d5034cd75fc8dc44075a41c35a4/actions - {"actions":[{"id":"action3","type":"key","parameters":{},"actions":[{"type":"keyDown","value":"î€‡"},{"type":"pause","duration":10},{"type":"keyUp","value":"î€‡"}]}]}
RESULT: {"actions":[{"id":"action3","type":"key","parameters":{},"actions":[{"type":"keyDown","value":"î€‡"},{"type":"pause","duration":10},{"type":"keyUp","value":"î€‡"}]}]}
COMMAND: POST /session/0bd35d5034cd75fc8dc44075a41c35a4/execute/async - {"script":"<script> [1562 bytes]","args":[{"selector":{"id":"application-manageyards-display-component---NewYard--addressEditDetailsCurrency","interaction":{"idSuffix":"inner"}},"wdio_ui5_key":"applicationmanageyards-display-component---NewYard--addressEditDetailsCurrency"}]}
COMMAND: GET /session/0bd35d5034cd75fc8dc44075a41c35a4/screenshot - {}
RESULT: {"script":"<script> [1562 bytes]","args":[{"selector":{"id":"application-manageyards-display-component---NewYard--addressEditDetailsCurrency","interaction":{"idSuffix":"inner"}},"wdio_ui5_key":"applicationmanageyards-display-component---NewYard--addressEditDetailsCurrency"}]}
RESULT: undefined
COMMAND: POST /session/0bd35d5034cd75fc8dc44075a41c35a4/execute/async - {"script":"<script> [776 bytes]","args":[{"enterText":"Euro","selector":{"id":"application-manageyards-display-component---NewYard--addressEditDetailsCurrency","interaction":{"idSuffix":"inner"}},"clearTextFirst":true,"interactionType":"ENTER_TEXT"}]}
RESULT: {}
RESULT: {"script":"<script> [776 bytes]","args":[{"enterText":"Euro","selector":{"id":"application-manageyards-display-component---NewYard--addressEditDetailsCurrency","interaction":{"idSuffix":"inner"}},"clearTextFirst":true,"interactionType":"ENTER_TEXT"}]}
COMMAND: POST /session/0bd35d5034cd75fc8dc44075a41c35a4/execute/async - {"script":"<script> [1562 bytes]","args":[{"selector":{"controlType":"sap.m.Input","viewName":"etm.portal.ui.manageyards.view.New","viewId":"application-manageyards-display-component---NewYard","bindingPath":{"path":"","propertyPath":"/CONTROLLING_AREA","modelName":"NewYardModel"},"interaction":{"idSuffix":"inner"}},"wdio_ui5_key":"etmportal.ui.manageyards.view.Newsap.m.Input{\"path\":\"\",\"propertyPath\":\"/CONTROLLING_AREA\",\"modelName\":\"NewYardModel\"}"}]}
RESULT: {"script":"<script> [1562 bytes]","args":[{"selector":{"controlType":"sap.m.Input","viewName":"etm.portal.ui.manageyards.view.New","viewId":"application-manageyards-display-component---NewYard","bindingPath":{"path":"","propertyPath":"/CONTROLLING_AREA","modelName":"NewYardModel"},"interaction":{"idSuffix":"inner"}},"wdio_ui5_key":"etmportal.ui.manageyards.view.Newsap.m.Input{\"path\":\"\",\"propertyPath\":\"/CONTROLLING_AREA\",\"modelName\":\"NewYardModel\"}"}]}
RESULT: undefined
COMMAND: POST /session/0bd35d5034cd75fc8dc44075a41c35a4/execute/async - {"script":"<script> [776 bytes]","args":[{"enterText":"Z001","selector":{"controlType":"sap.m.Input","viewName":"etm.portal.ui.manageyards.view.New","viewId":"application-manageyards-display-component---NewYard","bindingPath":{"path":"","propertyPath":"/CONTROLLING_AREA","modelName":"NewYardModel"},"interaction":{"idSuffix":"inner"}},"clearTextFirst":true,"interactionType":"ENTER_TEXT"}]}
RESULT: {"script":"<script> [776 bytes]","args":[{"enterText":"Z001","selector":{"controlType":"sap.m.Input","viewName":"etm.portal.ui.manageyards.view.New","viewId":"application-manageyards-display-component---NewYard","bindingPath":{"path":"","propertyPath":"/CONTROLLING_AREA","modelName":"NewYardModel"},"interaction":{"idSuffix":"inner"}},"clearTextFirst":true,"interactionType":"ENTER_TEXT"}]}
COMMAND: POST /session/0bd35d5034cd75fc8dc44075a41c35a4/execute/async - {"script":"<script> [1562 bytes]","args":[{"selector":{"id":"application-manageyards-display-component---NewYard--companyCodeComboBox","interaction":{"idSuffix":"inner"}},"wdio_ui5_key":"applicationmanageyards-display-component---NewYard--companyCodeComboBox"}]}
RESULT: {"script":"<script> [1562 bytes]","args":[{"selector":{"id":"application-manageyards-display-component---NewYard--companyCodeComboBox","interaction":{"idSuffix":"inner"}},"wdio_ui5_key":"applicationmanageyards-display-component---NewYard--companyCodeComboBox"}]}
RESULT: undefined
COMMAND: POST /session/0bd35d5034cd75fc8dc44075a41c35a4/execute/async - {"script":"<script> [776 bytes]","args":[{"enterText":"1000","selector":{"id":"application-manageyards-display-component---NewYard--companyCodeComboBox","interaction":{"idSuffix":"inner"}},"clearTextFirst":true,"interactionType":"ENTER_TEXT"}]}
RESULT: {"script":"<script> [776 bytes]","args":[{"enterText":"1000","selector":{"id":"application-manageyards-display-component---NewYard--companyCodeComboBox","interaction":{"idSuffix":"inner"}},"clearTextFirst":true,"interactionType":"ENTER_TEXT"}]}
COMMAND: POST /session/0bd35d5034cd75fc8dc44075a41c35a4/actions - {"actions":[{"id":"action4","type":"key","parameters":{},"actions":[{"type":"keyDown","value":"î€‡"},{"type":"pause","duration":10},{"type":"keyUp","value":"î€‡"}]}]}
RESULT: {"actions":[{"id":"action4","type":"key","parameters":{},"actions":[{"type":"keyDown","value":"î€‡"},{"type":"pause","duration":10},{"type":"keyUp","value":"î€‡"}]}]}
COMMAND: POST /session/0bd35d5034cd75fc8dc44075a41c35a4/execute/async - {"script":"<script> [1562 bytes]","args":[{"selector":{"controlType":"sap.m.Input","viewName":"etm.portal.ui.manageyards.view.New","viewId":"application-manageyards-display-component---NewYard","bindingPath":{"path":"","propertyPath":"/PLANT","modelName":"NewYardModel"},"interaction":{"idSuffix":"inner"}},"wdio_ui5_key":"etmportal.ui.manageyards.view.Newsap.m.Input{\"path\":\"\",\"propertyPath\":\"/PLANT\",\"modelName\":\"NewYardModel\"}"}]}
COMMAND: GET /session/0bd35d5034cd75fc8dc44075a41c35a4/screenshot - {}
RESULT: {"script":"<script> [1562 bytes]","args":[{"selector":{"controlType":"sap.m.Input","viewName":"etm.portal.ui.manageyards.view.New","viewId":"application-manageyards-display-component---NewYard","bindingPath":{"path":"","propertyPath":"/PLANT","modelName":"NewYardModel"},"interaction":{"idSuffix":"inner"}},"wdio_ui5_key":"etmportal.ui.manageyards.view.Newsap.m.Input{\"path\":\"\",\"propertyPath\":\"/PLANT\",\"modelName\":\"NewYardModel\"}"}]}
RESULT: undefined
COMMAND: POST /session/0bd35d5034cd75fc8dc44075a41c35a4/execute/async - {"script":"<script> [776 bytes]","args":[{"enterText":"1001","selector":{"controlType":"sap.m.Input","viewName":"etm.portal.ui.manageyards.view.New","viewId":"application-manageyards-display-component---NewYard","bindingPath":{"path":"","propertyPath":"/PLANT","modelName":"NewYardModel"},"interaction":{"idSuffix":"inner"}},"clearTextFirst":true,"interactionType":"ENTER_TEXT"}]}
RESULT: {}
RESULT: {"script":"<script> [776 bytes]","args":[{"enterText":"1001","selector":{"controlType":"sap.m.Input","viewName":"etm.portal.ui.manageyards.view.New","viewId":"application-manageyards-display-component---NewYard","bindingPath":{"path":"","propertyPath":"/PLANT","modelName":"NewYardModel"},"interaction":{"idSuffix":"inner"}},"clearTextFirst":true,"interactionType":"ENTER_TEXT"}]}
COMMAND: POST /session/0bd35d5034cd75fc8dc44075a41c35a4/execute/async - {"script":"<script> [1562 bytes]","args":[{"selector":{"controlType":"sap.m.Input","viewName":"etm.portal.ui.manageyards.view.New","viewId":"application-manageyards-display-component---NewYard","bindingPath":{"path":"","propertyPath":"/SALES_AREA_VKORG","modelName":"NewYardModel"},"interaction":{"idSuffix":"inner"}},"wdio_ui5_key":"etmportal.ui.manageyards.view.Newsap.m.Input{\"path\":\"\",\"propertyPath\":\"/SALES_AREA_VKORG\",\"modelName\":\"NewYardModel\"}"}]}
RESULT: {"script":"<script> [1562 bytes]","args":[{"selector":{"controlType":"sap.m.Input","viewName":"etm.portal.ui.manageyards.view.New","viewId":"application-manageyards-display-component---NewYard","bindingPath":{"path":"","propertyPath":"/SALES_AREA_VKORG","modelName":"NewYardModel"},"interaction":{"idSuffix":"inner"}},"wdio_ui5_key":"etmportal.ui.manageyards.view.Newsap.m.Input{\"path\":\"\",\"propertyPath\":\"/SALES_AREA_VKORG\",\"modelName\":\"NewYardModel\"}"}]}
RESULT: undefined
COMMAND: POST /session/0bd35d5034cd75fc8dc44075a41c35a4/execute/async - {"script":"<script> [776 bytes]","args":[{"enterText":"C002","selector":{"controlType":"sap.m.Input","viewName":"etm.portal.ui.manageyards.view.New","viewId":"application-manageyards-display-component---NewYard","bindingPath":{"path":"","propertyPath":"/SALES_AREA_VKORG","modelName":"NewYardModel"},"interaction":{"idSuffix":"inner"}},"clearTextFirst":true,"interactionType":"ENTER_TEXT"}]}
RESULT: {"script":"<script> [776 bytes]","args":[{"enterText":"C002","selector":{"controlType":"sap.m.Input","viewName":"etm.portal.ui.manageyards.view.New","viewId":"application-manageyards-display-component---NewYard","bindingPath":{"path":"","propertyPath":"/SALES_AREA_VKORG","modelName":"NewYardModel"},"interaction":{"idSuffix":"inner"}},"clearTextFirst":true,"interactionType":"ENTER_TEXT"}]}
COMMAND: POST /session/0bd35d5034cd75fc8dc44075a41c35a4/execute/async - {"script":"<script> [1562 bytes]","args":[{"selector":{"controlType":"sap.m.Input","viewName":"etm.portal.ui.manageyards.view.New","viewId":"application-manageyards-display-component---NewYard","bindingPath":{"path":"","propertyPath":"/SALES_AREA_VTWEG","modelName":"NewYardModel"},"interaction":{"idSuffix":"inner"}},"wdio_ui5_key":"etmportal.ui.manageyards.view.Newsap.m.Input{\"path\":\"\",\"propertyPath\":\"/SALES_AREA_VTWEG\",\"modelName\":\"NewYardModel\"}"}]}
RESULT: {"script":"<script> [1562 bytes]","args":[{"selector":{"controlType":"sap.m.Input","viewName":"etm.portal.ui.manageyards.view.New","viewId":"application-manageyards-display-component---NewYard","bindingPath":{"path":"","propertyPath":"/SALES_AREA_VTWEG","modelName":"NewYardModel"},"interaction":{"idSuffix":"inner"}},"wdio_ui5_key":"etmportal.ui.manageyards.view.Newsap.m.Input{\"path\":\"\",\"propertyPath\":\"/SALES_AREA_VTWEG\",\"modelName\":\"NewYardModel\"}"}]}
RESULT: undefined
COMMAND: POST /session/0bd35d5034cd75fc8dc44075a41c35a4/execute/async - {"script":"<script> [776 bytes]","args":[{"enterText":"C2","selector":{"controlType":"sap.m.Input","viewName":"etm.portal.ui.manageyards.view.New","viewId":"application-manageyards-display-component---NewYard","bindingPath":{"path":"","propertyPath":"/SALES_AREA_VTWEG","modelName":"NewYardModel"},"interaction":{"idSuffix":"inner"}},"clearTextFirst":true,"interactionType":"ENTER_TEXT"}]}
RESULT: {"script":"<script> [776 bytes]","args":[{"enterText":"C2","selector":{"controlType":"sap.m.Input","viewName":"etm.portal.ui.manageyards.view.New","viewId":"application-manageyards-display-component---NewYard","bindingPath":{"path":"","propertyPath":"/SALES_AREA_VTWEG","modelName":"NewYardModel"},"interaction":{"idSuffix":"inner"}},"clearTextFirst":true,"interactionType":"ENTER_TEXT"}]}
COMMAND: POST /session/0bd35d5034cd75fc8dc44075a41c35a4/execute/async - {"script":"<script> [1562 bytes]","args":[{"selector":{"controlType":"sap.m.Input","viewName":"etm.portal.ui.manageyards.view.New","viewId":"application-manageyards-display-component---NewYard","bindingPath":{"path":"","propertyPath":"/SALES_AREA_SPART","modelName":"NewYardModel"},"interaction":{"idSuffix":"inner"}},"wdio_ui5_key":"etmportal.ui.manageyards.view.Newsap.m.Input{\"path\":\"\",\"propertyPath\":\"/SALES_AREA_SPART\",\"modelName\":\"NewYardModel\"}"}]}
RESULT: {"script":"<script> [1562 bytes]","args":[{"selector":{"controlType":"sap.m.Input","viewName":"etm.portal.ui.manageyards.view.New","viewId":"application-manageyards-display-component---NewYard","bindingPath":{"path":"","propertyPath":"/SALES_AREA_SPART","modelName":"NewYardModel"},"interaction":{"idSuffix":"inner"}},"wdio_ui5_key":"etmportal.ui.manageyards.view.Newsap.m.Input{\"path\":\"\",\"propertyPath\":\"/SALES_AREA_SPART\",\"modelName\":\"NewYardModel\"}"}]}
RESULT: undefined
COMMAND: POST /session/0bd35d5034cd75fc8dc44075a41c35a4/execute/async - {"script":"<script> [776 bytes]","args":[{"enterText":"C2","selector":{"controlType":"sap.m.Input","viewName":"etm.portal.ui.manageyards.view.New","viewId":"application-manageyards-display-component---NewYard","bindingPath":{"path":"","propertyPath":"/SALES_AREA_SPART","modelName":"NewYardModel"},"interaction":{"idSuffix":"inner"}},"clearTextFirst":true,"interactionType":"ENTER_TEXT"}]}
RESULT: {"script":"<script> [776 bytes]","args":[{"enterText":"C2","selector":{"controlType":"sap.m.Input","viewName":"etm.portal.ui.manageyards.view.New","viewId":"application-manageyards-display-component---NewYard","bindingPath":{"path":"","propertyPath":"/SALES_AREA_SPART","modelName":"NewYardModel"},"interaction":{"idSuffix":"inner"}},"clearTextFirst":true,"interactionType":"ENTER_TEXT"}]}
COMMAND: POST /session/0bd35d5034cd75fc8dc44075a41c35a4/execute/async - {"script":"<script> [1562 bytes]","args":[{"selector":{"id":"application-manageyards-display-component---NewYard--whmCheckBox","interaction":{"idSuffix":"CbBg"}},"wdio_ui5_key":"applicationmanageyards-display-component---NewYard--whmCheckBox"}]}
RESULT: {"script":"<script> [1562 bytes]","args":[{"selector":{"id":"application-manageyards-display-component---NewYard--whmCheckBox","interaction":{"idSuffix":"CbBg"}},"wdio_ui5_key":"applicationmanageyards-display-component---NewYard--whmCheckBox"}]}
RESULT: undefined
COMMAND: POST /session/0bd35d5034cd75fc8dc44075a41c35a4/element - {"using":"xpath","value":"//*[@id=\"application-manageyards-display-component---NewYard--whmCheckBox\"]"}
RESULT: {"using":"xpath","value":"//*[@id=\"application-manageyards-display-component---NewYard--whmCheckBox\"]"}
COMMAND: POST /session/0bd35d5034cd75fc8dc44075a41c35a4/element/f.1DB2A491F1B7C642484AEDF47EA6FD52.d.12E8DCE9C62A2231ABA171B7D044A694.e.728/click - {}
RESULT: {}
COMMAND: POST /session/0bd35d5034cd75fc8dc44075a41c35a4/execute/async - {"script":"<script> [1562 bytes]","args":[{"selector":{"controlType":"sap.m.Button","viewName":"etm.portal.ui.manageyards.view.New","viewId":"application-manageyards-display-component---NewYard","i18NText":{"propertyName":"text","key":"save"},"interaction":{"idSuffix":"inner"}},"wdio_ui5_key":"etmportal.ui.manageyards.view.Newsap.m.Button{\"propertyName\":\"text\",\"key\":\"save\"}"}]}
COMMAND: GET /session/0bd35d5034cd75fc8dc44075a41c35a4/screenshot - {}
RESULT: {"script":"<script> [1562 bytes]","args":[{"selector":{"controlType":"sap.m.Button","viewName":"etm.portal.ui.manageyards.view.New","viewId":"application-manageyards-display-component---NewYard","i18NText":{"propertyName":"text","key":"save"},"interaction":{"idSuffix":"inner"}},"wdio_ui5_key":"etmportal.ui.manageyards.view.Newsap.m.Button{\"propertyName\":\"text\",\"key\":\"save\"}"}]}
RESULT: undefined
COMMAND: POST /session/0bd35d5034cd75fc8dc44075a41c35a4/element - {"using":"xpath","value":"//*[@id=\"__button18\"]"}
RESULT: {}
RESULT: {"using":"xpath","value":"//*[@id=\"__button18\"]"}
COMMAND: POST /session/0bd35d5034cd75fc8dc44075a41c35a4/element/f.1DB2A491F1B7C642484AEDF47EA6FD52.d.12E8DCE9C62A2231ABA171B7D044A694.e.689/click - {}
RESULT: {}
COMMAND: GET /session/0bd35d5034cd75fc8dc44075a41c35a4/screenshot - {}
RESULT: {}
COMMAND: POST /session/0bd35d5034cd75fc8dc44075a41c35a4/element - {"using":"xpath","value":"//header/div/div/div/div/div/div[2]/div/span"}
RESULT: {"using":"xpath","value":"//header/div/div/div/div/div/div[2]/div/span"}
COMMAND: GET /session/0bd35d5034cd75fc8dc44075a41c35a4/element/f.1DB2A491F1B7C642484AEDF47EA6FD52.d.12E8DCE9C62A2231ABA171B7D044A694.e.923/text - {}
RESULT: {}
COMMAND: POST /session/0bd35d5034cd75fc8dc44075a41c35a4/element - {"using":"xpath","value":"//header/div/div[2]/div[2]/span"}
RESULT: {"using":"xpath","value":"//header/div/div[2]/div[2]/span"}
COMMAND: GET /session/0bd35d5034cd75fc8dc44075a41c35a4/element/f.1DB2A491F1B7C642484AEDF47EA6FD52.d.12E8DCE9C62A2231ABA171B7D044A694.e.924/text - {}
RESULT: {}
]]></system-out>
    </testcase>
    <testcase classname="chrome.135_0_7049_96.windows.Stock_increase_-_with_WHM_US125587" name="Should create new whm partner" time="108.37">
      <system-out><![CDATA[
COMMAND: POST /session/0bd35d5034cd75fc8dc44075a41c35a4/element - {"using":"css selector","value":"#shell-header-logo"}
RESULT: {"using":"css selector","value":"#shell-header-logo"}
COMMAND: POST /session/0bd35d5034cd75fc8dc44075a41c35a4/element/f.1DB2A491F1B7C642484AEDF47EA6FD52.d.12E8DCE9C62A2231ABA171B7D044A694.e.244/click - {}
RESULT: {}
COMMAND: GET /session/0bd35d5034cd75fc8dc44075a41c35a4/screenshot - {}
RESULT: {}
COMMAND: POST /session/0bd35d5034cd75fc8dc44075a41c35a4/execute/async - {"script":"<script> [1562 bytes]","args":[{"selector":{"controlType":"sap.m.GenericTile","properties":{"header":"Manage Partners"}},"wdio_ui5_key":"sapm.GenericTile{\"header\":\"Manage Partners\"}"}]}
RESULT: {"script":"<script> [1562 bytes]","args":[{"selector":{"controlType":"sap.m.GenericTile","properties":{"header":"Manage Partners"}},"wdio_ui5_key":"sapm.GenericTile{\"header\":\"Manage Partners\"}"}]}
RESULT: undefined
COMMAND: POST /session/0bd35d5034cd75fc8dc44075a41c35a4/element - {"using":"xpath","value":"//*[@id=\"__tile38\"]"}
RESULT: {"using":"xpath","value":"//*[@id=\"__tile38\"]"}
COMMAND: POST /session/0bd35d5034cd75fc8dc44075a41c35a4/element/f.1DB2A491F1B7C642484AEDF47EA6FD52.d.12E8DCE9C62A2231ABA171B7D044A694.e.926/click - {}
RESULT: {}
COMMAND: GET /session/0bd35d5034cd75fc8dc44075a41c35a4/screenshot - {}
RESULT: {}
COMMAND: POST /session/0bd35d5034cd75fc8dc44075a41c35a4/refresh - {}
RESULT: {}
COMMAND: GET /session/0bd35d5034cd75fc8dc44075a41c35a4/screenshot - {}
RESULT: {}
COMMAND: POST /session/0bd35d5034cd75fc8dc44075a41c35a4/refresh - {}
RESULT: {}
COMMAND: GET /session/0bd35d5034cd75fc8dc44075a41c35a4/screenshot - {}
RESULT: {}
COMMAND: POST /session/0bd35d5034cd75fc8dc44075a41c35a4/window/fullscreen - {}
RESULT: {}
COMMAND: POST /session/0bd35d5034cd75fc8dc44075a41c35a4/execute/async - {"script":"<script> [189 bytes]","args":[]}
RESULT: {"script":"<script> [189 bytes]","args":[]}
COMMAND: POST /session/0bd35d5034cd75fc8dc44075a41c35a4/execute/async - {"script":"<script> [123 bytes]","args":[]}
RESULT: {"script":"<script> [123 bytes]","args":[]}
COMMAND: POST /session/0bd35d5034cd75fc8dc44075a41c35a4/timeouts - {"script":"<number>"}
RESULT: {"script":"<number>"}
COMMAND: GET /session/0bd35d5034cd75fc8dc44075a41c35a4/timeouts - {}
RESULT: {}
RESULT: undefined
COMMAND: POST /session/0bd35d5034cd75fc8dc44075a41c35a4/execute/async - {"script":"<script> [2676 bytes]","args":[]}
RESULT: {"script":"<script> [2676 bytes]","args":[]}
COMMAND: POST /session/0bd35d5034cd75fc8dc44075a41c35a4/execute/async - {"script":"<script> [2342 bytes]","args":[{"protocol":"http","hostname":"0.0.0.0","path":"/","capabilities":{"browserName":"chrome","goog:chromeOptions":{"binary":"C:\\Program Files\\Google\\Chrome\\Application\\chrome.exe","args":["--start-maximized"]}},"logLevel":"warn","connectionRetryTimeout":120000,"connectionRetryCount":3,"logLevels":{},"enableDirectConnect":true,"strictSSL":true,"_":"65 more keys: [\"cacheDir\",\"port\",\"requestedCapabilities\",\"automationProtocol\",\"baseUrl\",\"waitforInterval\",\"waitforTimeout\",\"onReload\",\"beforeCommand\",\"afterCommand\",\"rootDir\",\"specs\",\"suites\",\"exclude\",\"groupLogsByTestSpec\",\"excludeDriverLogs\",\"bail\",\"framework\",\"reporters\",\"services\",\"maxInstances\",\"maxInstancesPerCapability\",\"injectGlobals\",\"filesToWatch\",\"execArgv\",\"runnerEnv\",\"runner\",\"shard\",\"specFileRetries\",\"specFileRetriesDelay\",\"specFileRetriesDeferred\",\"reporterSyncInterval\",\"reporterSyncTimeout\",\"cucumberFeaturesWithLineNumbers\",\"autoCompileOpts\",\"mochaOpts\",\"jasmineOpts\",\"cucumberOpts\",\"onPrepare\",\"onWorkerStart\",\"onWorkerEnd\",\"before\",\"beforeSession\",\"beforeSuite\",\"beforeHook\",\"beforeTest\",\"afterTest\",\"afterHook\",\"afterSuite\",\"afterSession\",\"after\",\"onComplete\",\"beforeAssertion\",\"afterAssertion\",\"beforeFeature\",\"beforeScenario\",\"beforeStep\",\"afterStep\",\"afterScenario\",\"afterFeature\",\"_\",\"suite\",\"$0\",\"ignoredWorkerServices\",\"wdi5\"]"}]}
RESULT: {"script":"<script> [2342 bytes]","args":[{"protocol":"http","hostname":"0.0.0.0","path":"/","capabilities":{"browserName":"chrome","goog:chromeOptions":{"binary":"C:\\Program Files\\Google\\Chrome\\Application\\chrome.exe","args":["--start-maximized"]}},"logLevel":"warn","connectionRetryTimeout":120000,"connectionRetryCount":3,"logLevels":{},"enableDirectConnect":true,"strictSSL":true,"_":"65 more keys: [\"cacheDir\",\"port\",\"requestedCapabilities\",\"automationProtocol\",\"baseUrl\",\"waitforInterval\",\"waitforTimeout\",\"onReload\",\"beforeCommand\",\"afterCommand\",\"rootDir\",\"specs\",\"suites\",\"exclude\",\"groupLogsByTestSpec\",\"excludeDriverLogs\",\"bail\",\"framework\",\"reporters\",\"services\",\"maxInstances\",\"maxInstancesPerCapability\",\"injectGlobals\",\"filesToWatch\",\"execArgv\",\"runnerEnv\",\"runner\",\"shard\",\"specFileRetries\",\"specFileRetriesDelay\",\"specFileRetriesDeferred\",\"reporterSyncInterval\",\"reporterSyncTimeout\",\"cucumberFeaturesWithLineNumbers\",\"autoCompileOpts\",\"mochaOpts\",\"jasmineOpts\",\"cucumberOpts\",\"onPrepare\",\"onWorkerStart\",\"onWorkerEnd\",\"before\",\"beforeSession\",\"beforeSuite\",\"beforeHook\",\"beforeTest\",\"afterTest\",\"afterHook\",\"afterSuite\",\"afterSession\",\"after\",\"onComplete\",\"beforeAssertion\",\"afterAssertion\",\"beforeFeature\",\"beforeScenario\",\"beforeStep\",\"afterStep\",\"afterScenario\",\"afterFeature\",\"_\",\"suite\",\"$0\",\"ignoredWorkerServices\",\"wdi5\"]"}]}
COMMAND: POST /session/0bd35d5034cd75fc8dc44075a41c35a4/execute/async - {"script":"<script> [21126 bytes]","args":[35000]}
RESULT: {"script":"<script> [21126 bytes]","args":[35000]}
COMMAND: POST /session/0bd35d5034cd75fc8dc44075a41c35a4/execute/async - {"script":"<script> [1562 bytes]","args":[{"selector":{"controlType":"sap.ui.core.Icon","viewName":"etm.portal.ui.managepartners.view.Master","viewId":"application-managepartners-display-component---masterPtm","properties":{"src":{"regex":{"source":"add"}}}},"wdio_ui5_key":"etmportal.ui.managepartners.view.Mastersap.ui.core.Icon{\"src\":{\"regex\":{\"source\":\"add\"}}}"}]}
RESULT: {"script":"<script> [1562 bytes]","args":[{"selector":{"controlType":"sap.ui.core.Icon","viewName":"etm.portal.ui.managepartners.view.Master","viewId":"application-managepartners-display-component---masterPtm","properties":{"src":{"regex":{"source":"add"}}}},"wdio_ui5_key":"etmportal.ui.managepartners.view.Mastersap.ui.core.Icon{\"src\":{\"regex\":{\"source\":\"add\"}}}"}]}
RESULT: undefined
COMMAND: POST /session/0bd35d5034cd75fc8dc44075a41c35a4/element - {"using":"xpath","value":"//*[@id=\"__button2-img\"]"}
RESULT: {"using":"xpath","value":"//*[@id=\"__button2-img\"]"}
COMMAND: POST /session/0bd35d5034cd75fc8dc44075a41c35a4/element/f.1DB2A491F1B7C642484AEDF47EA6FD52.d.58F29D184834EBB167A43D0E57507C36.e.1025/click - {}
RESULT: {}
COMMAND: GET /session/0bd35d5034cd75fc8dc44075a41c35a4/screenshot - {}
COMMAND: POST /session/0bd35d5034cd75fc8dc44075a41c35a4/execute/async - {"script":"<script> [1562 bytes]","args":[{"selector":{"controlType":"sap.m.Title","viewName":"etm.portal.ui.managepartners.view.NewPartner","viewId":"application-managepartners-display-component---NewPartner","i18NText":{"propertyName":"text","key":"newPartner"},"interaction":{"idSuffix":"inner"}},"wdio_ui5_key":"etmportal.ui.managepartners.view.NewPartnersap.m.Title{\"propertyName\":\"text\",\"key\":\"newPartner\"}"}]}
RESULT: {}
RESULT: {"script":"<script> [1562 bytes]","args":[{"selector":{"controlType":"sap.m.Title","viewName":"etm.portal.ui.managepartners.view.NewPartner","viewId":"application-managepartners-display-component---NewPartner","i18NText":{"propertyName":"text","key":"newPartner"},"interaction":{"idSuffix":"inner"}},"wdio_ui5_key":"etmportal.ui.managepartners.view.NewPartnersap.m.Title{\"propertyName\":\"text\",\"key\":\"newPartner\"}"}]}
RESULT: undefined
COMMAND: POST /session/0bd35d5034cd75fc8dc44075a41c35a4/execute/async - {"script":"<script> [6424 bytes]","args":[{"element-6066-11e4-a52e-4f735466cecf":"f.1DB2A491F1B7C642484AEDF47EA6FD52.d.58F29D184834EBB167A43D0E57507C36.e.1454"},"getText",[]]}
RESULT: {"script":"<script> [6424 bytes]","args":[{"element-6066-11e4-a52e-4f735466cecf":"f.1DB2A491F1B7C642484AEDF47EA6FD52.d.58F29D184834EBB167A43D0E57507C36.e.1454"},"getText",[]]}
COMMAND: POST /session/0bd35d5034cd75fc8dc44075a41c35a4/execute/async - {"script":"<script> [1562 bytes]","args":[{"selector":{"id":"application-managepartners-display-component---NewPartner--partnerId","interaction":{"idSuffix":"inner"}},"wdio_ui5_key":"applicationmanagepartners-display-component---NewPartner--partnerId"}]}
RESULT: {"script":"<script> [1562 bytes]","args":[{"selector":{"id":"application-managepartners-display-component---NewPartner--partnerId","interaction":{"idSuffix":"inner"}},"wdio_ui5_key":"applicationmanagepartners-display-component---NewPartner--partnerId"}]}
RESULT: undefined
COMMAND: POST /session/0bd35d5034cd75fc8dc44075a41c35a4/execute/async - {"script":"<script> [1562 bytes]","args":[{"selector":{"id":"application-managepartners-display-component---NewPartner--addressDetailDetailsName1","interaction":{"idSuffix":"inner"}},"wdio_ui5_key":"applicationmanagepartners-display-component---NewPartner--addressDetailDetailsName1"}]}
RESULT: {"script":"<script> [1562 bytes]","args":[{"selector":{"id":"application-managepartners-display-component---NewPartner--addressDetailDetailsName1","interaction":{"idSuffix":"inner"}},"wdio_ui5_key":"applicationmanagepartners-display-component---NewPartner--addressDetailDetailsName1"}]}
RESULT: undefined
COMMAND: POST /session/0bd35d5034cd75fc8dc44075a41c35a4/execute/async - {"script":"<script> [776 bytes]","args":[{"enterText":"WebdriverWHMPartnerfzyzyk","selector":{"id":"application-managepartners-display-component---NewPartner--addressDetailDetailsName1","interaction":{"idSuffix":"inner"}},"clearTextFirst":true,"interactionType":"ENTER_TEXT"}]}
RESULT: {"script":"<script> [776 bytes]","args":[{"enterText":"WebdriverWHMPartnerfzyzyk","selector":{"id":"application-managepartners-display-component---NewPartner--addressDetailDetailsName1","interaction":{"idSuffix":"inner"}},"clearTextFirst":true,"interactionType":"ENTER_TEXT"}]}
COMMAND: POST /session/0bd35d5034cd75fc8dc44075a41c35a4/execute/async - {"script":"<script> [1562 bytes]","args":[{"selector":{"id":"application-managepartners-display-component---NewPartner--addressDetailDetailsLanguage","interaction":{"idSuffix":"inner"}},"wdio_ui5_key":"applicationmanagepartners-display-component---NewPartner--addressDetailDetailsLanguage"}]}
RESULT: {"script":"<script> [1562 bytes]","args":[{"selector":{"id":"application-managepartners-display-component---NewPartner--addressDetailDetailsLanguage","interaction":{"idSuffix":"inner"}},"wdio_ui5_key":"applicationmanagepartners-display-component---NewPartner--addressDetailDetailsLanguage"}]}
RESULT: undefined
COMMAND: POST /session/0bd35d5034cd75fc8dc44075a41c35a4/execute/async - {"script":"<script> [776 bytes]","args":[{"enterText":"Romanian","selector":{"id":"application-managepartners-display-component---NewPartner--addressDetailDetailsLanguage","interaction":{"idSuffix":"inner"}},"clearTextFirst":true,"interactionType":"ENTER_TEXT"}]}
RESULT: {"script":"<script> [776 bytes]","args":[{"enterText":"Romanian","selector":{"id":"application-managepartners-display-component---NewPartner--addressDetailDetailsLanguage","interaction":{"idSuffix":"inner"}},"clearTextFirst":true,"interactionType":"ENTER_TEXT"}]}
COMMAND: POST /session/0bd35d5034cd75fc8dc44075a41c35a4/execute/async - {"script":"<script> [1562 bytes]","args":[{"selector":{"controlType":"sap.m.StandardListItem","viewName":"etm.portal.ui.managepartners.view.NewPartner","viewId":"application-managepartners-display-component---NewPartner","properties":{"type":"Active"},"searchOpenDialogs":true,"interaction":{"idSuffix":"content"}},"wdio_ui5_key":"etmportal.ui.managepartners.view.NewPartnersap.m.StandardListItem{\"type\":\"Active\"}"}]}
RESULT: {"script":"<script> [1562 bytes]","args":[{"selector":{"controlType":"sap.m.StandardListItem","viewName":"etm.portal.ui.managepartners.view.NewPartner","viewId":"application-managepartners-display-component---NewPartner","properties":{"type":"Active"},"searchOpenDialogs":true,"interaction":{"idSuffix":"content"}},"wdio_ui5_key":"etmportal.ui.managepartners.view.NewPartnersap.m.StandardListItem{\"type\":\"Active\"}"}]}
RESULT: undefined
COMMAND: POST /session/0bd35d5034cd75fc8dc44075a41c35a4/element - {"using":"xpath","value":"//*[@id=\"__item131\"]"}
RESULT: {"using":"xpath","value":"//*[@id=\"__item131\"]"}
COMMAND: POST /session/0bd35d5034cd75fc8dc44075a41c35a4/element/f.1DB2A491F1B7C642484AEDF47EA6FD52.d.58F29D184834EBB167A43D0E57507C36.e.1458/click - {}
RESULT: {}
COMMAND: POST /session/0bd35d5034cd75fc8dc44075a41c35a4/execute/async - {"script":"<script> [1562 bytes]","args":[{"selector":{"id":"application-managepartners-display-component---NewPartner--addressDetailDetailsCity1","interaction":{"idSuffix":"inner"}},"wdio_ui5_key":"applicationmanagepartners-display-component---NewPartner--addressDetailDetailsCity1"}]}
COMMAND: GET /session/0bd35d5034cd75fc8dc44075a41c35a4/screenshot - {}
RESULT: {"script":"<script> [1562 bytes]","args":[{"selector":{"id":"application-managepartners-display-component---NewPartner--addressDetailDetailsCity1","interaction":{"idSuffix":"inner"}},"wdio_ui5_key":"applicationmanagepartners-display-component---NewPartner--addressDetailDetailsCity1"}]}
RESULT: undefined
COMMAND: POST /session/0bd35d5034cd75fc8dc44075a41c35a4/execute/async - {"script":"<script> [776 bytes]","args":[{"enterText":"Cluj","selector":{"id":"application-managepartners-display-component---NewPartner--addressDetailDetailsCity1","interaction":{"idSuffix":"inner"}},"clearTextFirst":true,"interactionType":"ENTER_TEXT"}]}
RESULT: {}
RESULT: {"script":"<script> [776 bytes]","args":[{"enterText":"Cluj","selector":{"id":"application-managepartners-display-component---NewPartner--addressDetailDetailsCity1","interaction":{"idSuffix":"inner"}},"clearTextFirst":true,"interactionType":"ENTER_TEXT"}]}
COMMAND: POST /session/0bd35d5034cd75fc8dc44075a41c35a4/execute/async - {"script":"<script> [1562 bytes]","args":[{"selector":{"id":"application-managepartners-display-component---NewPartner--addressDetailDetailsCountry","interaction":{"idSuffix":"inner"}},"wdio_ui5_key":"applicationmanagepartners-display-component---NewPartner--addressDetailDetailsCountry"}]}
RESULT: {"script":"<script> [1562 bytes]","args":[{"selector":{"id":"application-managepartners-display-component---NewPartner--addressDetailDetailsCountry","interaction":{"idSuffix":"inner"}},"wdio_ui5_key":"applicationmanagepartners-display-component---NewPartner--addressDetailDetailsCountry"}]}
RESULT: undefined
COMMAND: POST /session/0bd35d5034cd75fc8dc44075a41c35a4/execute/async - {"script":"<script> [6424 bytes]","args":[{"element-6066-11e4-a52e-4f735466cecf":"f.1DB2A491F1B7C642484AEDF47EA6FD52.d.58F29D184834EBB167A43D0E57507C36.e.1290"},"setValue",["Romania"]]}
RESULT: {"script":"<script> [6424 bytes]","args":[{"element-6066-11e4-a52e-4f735466cecf":"f.1DB2A491F1B7C642484AEDF47EA6FD52.d.58F29D184834EBB167A43D0E57507C36.e.1290"},"setValue",["Romania"]]}
COMMAND: POST /session/0bd35d5034cd75fc8dc44075a41c35a4/execute/async - {"script":"<script> [1562 bytes]","args":[{"selector":{"id":"application-managepartners-display-component---NewPartner--partnerDetailInternal","interaction":{"idSuffix":"inner"}},"wdio_ui5_key":"applicationmanagepartners-display-component---NewPartner--partnerDetailInternal"}]}
RESULT: {"script":"<script> [1562 bytes]","args":[{"selector":{"id":"application-managepartners-display-component---NewPartner--partnerDetailInternal","interaction":{"idSuffix":"inner"}},"wdio_ui5_key":"applicationmanagepartners-display-component---NewPartner--partnerDetailInternal"}]}
RESULT: undefined
COMMAND: POST /session/0bd35d5034cd75fc8dc44075a41c35a4/execute/async - {"script":"<script> [776 bytes]","args":[{"enterText":"External partner","selector":{"id":"application-managepartners-display-component---NewPartner--partnerDetailInternal","interaction":{"idSuffix":"inner"}},"clearTextFirst":true,"interactionType":"ENTER_TEXT"}]}
RESULT: {"script":"<script> [776 bytes]","args":[{"enterText":"External partner","selector":{"id":"application-managepartners-display-component---NewPartner--partnerDetailInternal","interaction":{"idSuffix":"inner"}},"clearTextFirst":true,"interactionType":"ENTER_TEXT"}]}
COMMAND: POST /session/0bd35d5034cd75fc8dc44075a41c35a4/execute/async - {"script":"<script> [1562 bytes]","args":[{"selector":{"id":"application-managepartners-display-component---NewPartner--partnerDetailsCurrency","interaction":{"idSuffix":"inner"}},"wdio_ui5_key":"applicationmanagepartners-display-component---NewPartner--partnerDetailsCurrency"}]}
RESULT: {"script":"<script> [1562 bytes]","args":[{"selector":{"id":"application-managepartners-display-component---NewPartner--partnerDetailsCurrency","interaction":{"idSuffix":"inner"}},"wdio_ui5_key":"applicationmanagepartners-display-component---NewPartner--partnerDetailsCurrency"}]}
RESULT: undefined
COMMAND: POST /session/0bd35d5034cd75fc8dc44075a41c35a4/execute/async - {"script":"<script> [776 bytes]","args":[{"enterText":"Euro","selector":{"id":"application-managepartners-display-component---NewPartner--partnerDetailsCurrency","interaction":{"idSuffix":"inner"}},"clearTextFirst":true,"interactionType":"ENTER_TEXT"}]}
RESULT: {"script":"<script> [776 bytes]","args":[{"enterText":"Euro","selector":{"id":"application-managepartners-display-component---NewPartner--partnerDetailsCurrency","interaction":{"idSuffix":"inner"}},"clearTextFirst":true,"interactionType":"ENTER_TEXT"}]}
COMMAND: POST /session/0bd35d5034cd75fc8dc44075a41c35a4/execute/async - {"script":"<script> [1562 bytes]","args":[{"selector":{"controlType":"sap.m.Button","viewName":"etm.portal.ui.managepartners.view.NewPartner","viewId":"application-managepartners-display-component---NewPartner","properties":{"text":"Commercial"},"interaction":{"idSuffix":"BDI-content"}},"wdio_ui5_key":"etmportal.ui.managepartners.view.NewPartnersap.m.Button{\"text\":\"Commercial\"}"}]}
RESULT: {"script":"<script> [1562 bytes]","args":[{"selector":{"controlType":"sap.m.Button","viewName":"etm.portal.ui.managepartners.view.NewPartner","viewId":"application-managepartners-display-component---NewPartner","properties":{"text":"Commercial"},"interaction":{"idSuffix":"BDI-content"}},"wdio_ui5_key":"etmportal.ui.managepartners.view.NewPartnersap.m.Button{\"text\":\"Commercial\"}"}]}
RESULT: undefined
COMMAND: POST /session/0bd35d5034cd75fc8dc44075a41c35a4/element - {"using":"xpath","value":"//*[@id=\"application-managepartners-display-component---NewPartner--ObjectPageLayout-anchBar-__section5-anchor\"]"}
RESULT: {"using":"xpath","value":"//*[@id=\"application-managepartners-display-component---NewPartner--ObjectPageLayout-anchBar-__section5-anchor\"]"}
COMMAND: POST /session/0bd35d5034cd75fc8dc44075a41c35a4/element/f.1DB2A491F1B7C642484AEDF47EA6FD52.d.58F29D184834EBB167A43D0E57507C36.e.1464/click - {}
RESULT: {}
COMMAND: GET /session/0bd35d5034cd75fc8dc44075a41c35a4/screenshot - {}
RESULT: {}
COMMAND: POST /session/0bd35d5034cd75fc8dc44075a41c35a4/execute/async - {"script":"<script> [1562 bytes]","args":[{"selector":{"id":"application-managepartners-display-component---NewPartner--btnAddTableRow-img"},"wdio_ui5_key":"applicationmanagepartners-display-component---NewPartner--btnAddTableRow-img"}]}
RESULT: {"script":"<script> [1562 bytes]","args":[{"selector":{"id":"application-managepartners-display-component---NewPartner--btnAddTableRow-img"},"wdio_ui5_key":"applicationmanagepartners-display-component---NewPartner--btnAddTableRow-img"}]}
RESULT: undefined
COMMAND: POST /session/0bd35d5034cd75fc8dc44075a41c35a4/element - {"using":"xpath","value":"//*[@id=\"application-managepartners-display-component---NewPartner--btnAddTableRow-img\"]"}
RESULT: {"using":"xpath","value":"//*[@id=\"application-managepartners-display-component---NewPartner--btnAddTableRow-img\"]"}
COMMAND: POST /session/0bd35d5034cd75fc8dc44075a41c35a4/element/f.1DB2A491F1B7C642484AEDF47EA6FD52.d.58F29D184834EBB167A43D0E57507C36.e.1471/click - {}
RESULT: {}
COMMAND: POST /session/0bd35d5034cd75fc8dc44075a41c35a4/element - {"using":"xpath","value":"//input[contains(@id ,\"application-managepartners-display-component---NewPartner--assignmentYard-application-managepartners-display-component---NewPartner\")]"}
COMMAND: GET /session/0bd35d5034cd75fc8dc44075a41c35a4/screenshot - {}
RESULT: {"using":"xpath","value":"//input[contains(@id ,\"application-managepartners-display-component---NewPartner--assignmentYard-application-managepartners-display-component---NewPartner\")]"}
COMMAND: POST /session/0bd35d5034cd75fc8dc44075a41c35a4/elements - {"using":"xpath","value":"//input[contains(@id ,\"application-managepartners-display-component---NewPartner--assignmentYard-application-managepartners-display-component---NewPartner\")]"}
RESULT: {}
RESULT: {"using":"xpath","value":"//input[contains(@id ,\"application-managepartners-display-component---NewPartner--assignmentYard-application-managepartners-display-component---NewPartner\")]"}
COMMAND: POST /session/0bd35d5034cd75fc8dc44075a41c35a4/element/f.1DB2A491F1B7C642484AEDF47EA6FD52.d.58F29D184834EBB167A43D0E57507C36.e.1474/value - {"text":"621"}
RESULT: {"text":"621"}
COMMAND: GET /session/0bd35d5034cd75fc8dc44075a41c35a4/screenshot - {}
RESULT: {}
COMMAND: POST /session/0bd35d5034cd75fc8dc44075a41c35a4/actions - {"actions":[{"id":"action5","type":"key","parameters":{},"actions":[{"type":"keyDown","value":"î€‡"},{"type":"pause","duration":10},{"type":"keyUp","value":"î€‡"}]}]}
RESULT: {"actions":[{"id":"action5","type":"key","parameters":{},"actions":[{"type":"keyDown","value":"î€‡"},{"type":"pause","duration":10},{"type":"keyUp","value":"î€‡"}]}]}
COMMAND: POST /session/0bd35d5034cd75fc8dc44075a41c35a4/execute/async - {"script":"<script> [1562 bytes]","args":[{"selector":{"controlType":"sap.m.Button","viewName":"etm.portal.ui.managepartners.view.NewPartner","viewId":"application-managepartners-display-component---NewPartner","i18NText":{"propertyName":"text","key":"save"},"interaction":{"idSuffix":"BDI-content"}},"wdio_ui5_key":"etmportal.ui.managepartners.view.NewPartnersap.m.Button{\"propertyName\":\"text\",\"key\":\"save\"}"}]}
COMMAND: GET /session/0bd35d5034cd75fc8dc44075a41c35a4/screenshot - {}
RESULT: {"script":"<script> [1562 bytes]","args":[{"selector":{"controlType":"sap.m.Button","viewName":"etm.portal.ui.managepartners.view.NewPartner","viewId":"application-managepartners-display-component---NewPartner","i18NText":{"propertyName":"text","key":"save"},"interaction":{"idSuffix":"BDI-content"}},"wdio_ui5_key":"etmportal.ui.managepartners.view.NewPartnersap.m.Button{\"propertyName\":\"text\",\"key\":\"save\"}"}]}
RESULT: undefined
COMMAND: POST /session/0bd35d5034cd75fc8dc44075a41c35a4/element - {"using":"xpath","value":"//*[@id=\"__button10\"]"}
RESULT: {}
RESULT: {"using":"xpath","value":"//*[@id=\"__button10\"]"}
COMMAND: POST /session/0bd35d5034cd75fc8dc44075a41c35a4/element/f.1DB2A491F1B7C642484AEDF47EA6FD52.d.58F29D184834EBB167A43D0E57507C36.e.1412/click - {}
RESULT: {}
COMMAND: GET /session/0bd35d5034cd75fc8dc44075a41c35a4/screenshot - {}
RESULT: {}
COMMAND: POST /session/0bd35d5034cd75fc8dc44075a41c35a4/element - {"using":"xpath","value":"//header/div/div[2]/div[2]/span"}
RESULT: {"using":"xpath","value":"//header/div/div[2]/div[2]/span"}
COMMAND: POST /session/0bd35d5034cd75fc8dc44075a41c35a4/elements - {"using":"xpath","value":"//header/div/div[2]/div[2]/span"}
RESULT: {"using":"xpath","value":"//header/div/div[2]/div[2]/span"}
COMMAND: POST /session/0bd35d5034cd75fc8dc44075a41c35a4/execute/sync - {"script":"<script> [8489 bytes]","args":[{"element-6066-11e4-a52e-4f735466cecf":"f.1DB2A491F1B7C642484AEDF47EA6FD52.d.58F29D184834EBB167A43D0E57507C36.e.1647","ELEMENT":"f.1DB2A491F1B7C642484AEDF47EA6FD52.d.58F29D184834EBB167A43D0E57507C36.e.1647"}]}
RESULT: {"script":"<script> [8489 bytes]","args":[{"element-6066-11e4-a52e-4f735466cecf":"f.1DB2A491F1B7C642484AEDF47EA6FD52.d.58F29D184834EBB167A43D0E57507C36.e.1647","ELEMENT":"f.1DB2A491F1B7C642484AEDF47EA6FD52.d.58F29D184834EBB167A43D0E57507C36.e.1647"}]}
COMMAND: GET /session/0bd35d5034cd75fc8dc44075a41c35a4/element/f.1DB2A491F1B7C642484AEDF47EA6FD52.d.58F29D184834EBB167A43D0E57507C36.e.1647/text - {}
COMMAND: GET /session/0bd35d5034cd75fc8dc44075a41c35a4/screenshot - {}
RESULT: {}
COMMAND: POST /session/0bd35d5034cd75fc8dc44075a41c35a4/element - {"using":"xpath","value":"//header/div/div/div/div/div/div[2]/div/span"}
RESULT: {}
RESULT: {"using":"xpath","value":"//header/div/div/div/div/div/div[2]/div/span"}
COMMAND: POST /session/0bd35d5034cd75fc8dc44075a41c35a4/elements - {"using":"xpath","value":"//header/div/div/div/div/div/div[2]/div/span"}
RESULT: {"using":"xpath","value":"//header/div/div/div/div/div/div[2]/div/span"}
COMMAND: POST /session/0bd35d5034cd75fc8dc44075a41c35a4/execute/sync - {"script":"<script> [8489 bytes]","args":[{"element-6066-11e4-a52e-4f735466cecf":"f.1DB2A491F1B7C642484AEDF47EA6FD52.d.58F29D184834EBB167A43D0E57507C36.e.1648","ELEMENT":"f.1DB2A491F1B7C642484AEDF47EA6FD52.d.58F29D184834EBB167A43D0E57507C36.e.1648"}]}
RESULT: {"script":"<script> [8489 bytes]","args":[{"element-6066-11e4-a52e-4f735466cecf":"f.1DB2A491F1B7C642484AEDF47EA6FD52.d.58F29D184834EBB167A43D0E57507C36.e.1648","ELEMENT":"f.1DB2A491F1B7C642484AEDF47EA6FD52.d.58F29D184834EBB167A43D0E57507C36.e.1648"}]}
COMMAND: GET /session/0bd35d5034cd75fc8dc44075a41c35a4/element/f.1DB2A491F1B7C642484AEDF47EA6FD52.d.58F29D184834EBB167A43D0E57507C36.e.1648/text - {}
COMMAND: GET /session/0bd35d5034cd75fc8dc44075a41c35a4/screenshot - {}
RESULT: {}
]]></system-out>
    </testcase>
    <testcase classname="chrome.135_0_7049_96.windows.Stock_increase_-_with_WHM_US125587" name="Should create WHM site" time="104.033">
      <system-out><![CDATA[
COMMAND: POST /session/0bd35d5034cd75fc8dc44075a41c35a4/element - {"using":"css selector","value":"#shell-header-logo"}
RESULT: {}
RESULT: {"using":"css selector","value":"#shell-header-logo"}
COMMAND: POST /session/0bd35d5034cd75fc8dc44075a41c35a4/element/f.1DB2A491F1B7C642484AEDF47EA6FD52.d.58F29D184834EBB167A43D0E57507C36.e.978/click - {}
RESULT: {}
COMMAND: GET /session/0bd35d5034cd75fc8dc44075a41c35a4/screenshot - {}
RESULT: {}
COMMAND: POST /session/0bd35d5034cd75fc8dc44075a41c35a4/execute/async - {"script":"<script> [1562 bytes]","args":[{"selector":{"controlType":"sap.m.GenericTile","properties":{"header":"Manage Sites"}},"wdio_ui5_key":"sapm.GenericTile{\"header\":\"Manage Sites\"}"}]}
RESULT: {"script":"<script> [1562 bytes]","args":[{"selector":{"controlType":"sap.m.GenericTile","properties":{"header":"Manage Sites"}},"wdio_ui5_key":"sapm.GenericTile{\"header\":\"Manage Sites\"}"}]}
RESULT: undefined
COMMAND: POST /session/0bd35d5034cd75fc8dc44075a41c35a4/element - {"using":"xpath","value":"//*[@id=\"__tile51\"]"}
RESULT: {"using":"xpath","value":"//*[@id=\"__tile51\"]"}
COMMAND: POST /session/0bd35d5034cd75fc8dc44075a41c35a4/element/f.1DB2A491F1B7C642484AEDF47EA6FD52.d.58F29D184834EBB167A43D0E57507C36.e.1663/click - {}
RESULT: {}
COMMAND: GET /session/0bd35d5034cd75fc8dc44075a41c35a4/screenshot - {}
RESULT: {}
COMMAND: POST /session/0bd35d5034cd75fc8dc44075a41c35a4/execute/async - {"script":"<script> [1562 bytes]","args":[{"selector":{"controlType":"sap.ui.core.Icon","viewName":"etm.portal.ui.managesites.view.Master","viewId":"application-managesites-display-component---masterSite","properties":{"src":{"regex":{"source":"add"}}}},"wdio_ui5_key":"etmportal.ui.managesites.view.Mastersap.ui.core.Icon{\"src\":{\"regex\":{\"source\":\"add\"}}}"}]}
RESULT: {"script":"<script> [1562 bytes]","args":[{"selector":{"controlType":"sap.ui.core.Icon","viewName":"etm.portal.ui.managesites.view.Master","viewId":"application-managesites-display-component---masterSite","properties":{"src":{"regex":{"source":"add"}}}},"wdio_ui5_key":"etmportal.ui.managesites.view.Mastersap.ui.core.Icon{\"src\":{\"regex\":{\"source\":\"add\"}}}"}]}
RESULT: undefined
COMMAND: POST /session/0bd35d5034cd75fc8dc44075a41c35a4/element - {"using":"xpath","value":"//*[@id=\"__button52-img\"]"}
RESULT: {"using":"xpath","value":"//*[@id=\"__button52-img\"]"}
COMMAND: POST /session/0bd35d5034cd75fc8dc44075a41c35a4/element/f.1DB2A491F1B7C642484AEDF47EA6FD52.d.58F29D184834EBB167A43D0E57507C36.e.1713/click - {}
RESULT: {}
COMMAND: GET /session/0bd35d5034cd75fc8dc44075a41c35a4/screenshot - {}
COMMAND: POST /session/0bd35d5034cd75fc8dc44075a41c35a4/execute/async - {"script":"<script> [1562 bytes]","args":[{"selector":{"id":"application-managesites-display-component---NewSite--siteId","interaction":{"idSuffix":"inner"}},"wdio_ui5_key":"applicationmanagesites-display-component---NewSite--siteId"}]}
RESULT: {}
RESULT: {"script":"<script> [1562 bytes]","args":[{"selector":{"id":"application-managesites-display-component---NewSite--siteId","interaction":{"idSuffix":"inner"}},"wdio_ui5_key":"applicationmanagesites-display-component---NewSite--siteId"}]}
RESULT: undefined
COMMAND: POST /session/0bd35d5034cd75fc8dc44075a41c35a4/execute/async - {"script":"<script> [1562 bytes]","args":[{"selector":{"controlType":"sap.m.Button","viewName":"etm.portal.ui.managesites.view.NewSmartSite","viewId":"application-managesites-display-component---NewSite","properties":{"text":"General Information"},"interaction":{"idSuffix":"BDI-content"}},"wdio_ui5_key":"etmportal.ui.managesites.view.NewSmartSitesap.m.Button{\"text\":\"General Information\"}"}]}
RESULT: {"script":"<script> [1562 bytes]","args":[{"selector":{"controlType":"sap.m.Button","viewName":"etm.portal.ui.managesites.view.NewSmartSite","viewId":"application-managesites-display-component---NewSite","properties":{"text":"General Information"},"interaction":{"idSuffix":"BDI-content"}},"wdio_ui5_key":"etmportal.ui.managesites.view.NewSmartSitesap.m.Button{\"text\":\"General Information\"}"}]}
RESULT: undefined
COMMAND: POST /session/0bd35d5034cd75fc8dc44075a41c35a4/element - {"using":"xpath","value":"//*[@id=\"application-managesites-display-component---NewSite--ObjectPageLayout-anchBar-__section29-anchor\"]"}
RESULT: {"using":"xpath","value":"//*[@id=\"application-managesites-display-component---NewSite--ObjectPageLayout-anchBar-__section29-anchor\"]"}
COMMAND: POST /session/0bd35d5034cd75fc8dc44075a41c35a4/element/f.1DB2A491F1B7C642484AEDF47EA6FD52.d.58F29D184834EBB167A43D0E57507C36.e.2326/click - {}
RESULT: {}
COMMAND: POST /session/0bd35d5034cd75fc8dc44075a41c35a4/execute/async - {"script":"<script> [1562 bytes]","args":[{"selector":{"id":"application-managesites-display-component---NewSite--addressDetailDetailsName1","interaction":{"idSuffix":"inner"}},"wdio_ui5_key":"applicationmanagesites-display-component---NewSite--addressDetailDetailsName1"}]}
COMMAND: GET /session/0bd35d5034cd75fc8dc44075a41c35a4/screenshot - {}
RESULT: {"script":"<script> [1562 bytes]","args":[{"selector":{"id":"application-managesites-display-component---NewSite--addressDetailDetailsName1","interaction":{"idSuffix":"inner"}},"wdio_ui5_key":"applicationmanagesites-display-component---NewSite--addressDetailDetailsName1"}]}
RESULT: undefined
COMMAND: POST /session/0bd35d5034cd75fc8dc44075a41c35a4/execute/async - {"script":"<script> [776 bytes]","args":[{"enterText":"WebdriverWHMSitefzyzyk","selector":{"id":"application-managesites-display-component---NewSite--addressDetailDetailsName1","interaction":{"idSuffix":"inner"}},"clearTextFirst":true,"interactionType":"ENTER_TEXT"}]}
RESULT: {}
RESULT: {"script":"<script> [776 bytes]","args":[{"enterText":"WebdriverWHMSitefzyzyk","selector":{"id":"application-managesites-display-component---NewSite--addressDetailDetailsName1","interaction":{"idSuffix":"inner"}},"clearTextFirst":true,"interactionType":"ENTER_TEXT"}]}
COMMAND: POST /session/0bd35d5034cd75fc8dc44075a41c35a4/execute/async - {"script":"<script> [1562 bytes]","args":[{"selector":{"id":"application-managesites-display-component---NewSite--addressDetailDetailsLanguage","interaction":{"idSuffix":"inner"}},"wdio_ui5_key":"applicationmanagesites-display-component---NewSite--addressDetailDetailsLanguage"}]}
RESULT: {"script":"<script> [1562 bytes]","args":[{"selector":{"id":"application-managesites-display-component---NewSite--addressDetailDetailsLanguage","interaction":{"idSuffix":"inner"}},"wdio_ui5_key":"applicationmanagesites-display-component---NewSite--addressDetailDetailsLanguage"}]}
RESULT: undefined
COMMAND: POST /session/0bd35d5034cd75fc8dc44075a41c35a4/execute/async - {"script":"<script> [776 bytes]","args":[{"enterText":"Romanian","selector":{"id":"application-managesites-display-component---NewSite--addressDetailDetailsLanguage","interaction":{"idSuffix":"inner"}},"clearTextFirst":true,"interactionType":"ENTER_TEXT"}]}
RESULT: {"script":"<script> [776 bytes]","args":[{"enterText":"Romanian","selector":{"id":"application-managesites-display-component---NewSite--addressDetailDetailsLanguage","interaction":{"idSuffix":"inner"}},"clearTextFirst":true,"interactionType":"ENTER_TEXT"}]}
COMMAND: POST /session/0bd35d5034cd75fc8dc44075a41c35a4/actions - {"actions":[{"id":"action6","type":"key","parameters":{},"actions":[{"type":"keyDown","value":"î€‡"},{"type":"pause","duration":10},{"type":"keyUp","value":"î€‡"}]}]}
RESULT: {"actions":[{"id":"action6","type":"key","parameters":{},"actions":[{"type":"keyDown","value":"î€‡"},{"type":"pause","duration":10},{"type":"keyUp","value":"î€‡"}]}]}
COMMAND: POST /session/0bd35d5034cd75fc8dc44075a41c35a4/execute/async - {"script":"<script> [1562 bytes]","args":[{"selector":{"id":"application-managesites-display-component---NewSite--addressDetailDetailsCity1","interaction":{"idSuffix":"inner"}},"wdio_ui5_key":"applicationmanagesites-display-component---NewSite--addressDetailDetailsCity1"}]}
COMMAND: GET /session/0bd35d5034cd75fc8dc44075a41c35a4/screenshot - {}
RESULT: {"script":"<script> [1562 bytes]","args":[{"selector":{"id":"application-managesites-display-component---NewSite--addressDetailDetailsCity1","interaction":{"idSuffix":"inner"}},"wdio_ui5_key":"applicationmanagesites-display-component---NewSite--addressDetailDetailsCity1"}]}
RESULT: undefined
COMMAND: POST /session/0bd35d5034cd75fc8dc44075a41c35a4/execute/async - {"script":"<script> [776 bytes]","args":[{"enterText":"Bucharest","selector":{"id":"application-managesites-display-component---NewSite--addressDetailDetailsCity1","interaction":{"idSuffix":"inner"}},"clearTextFirst":true,"interactionType":"ENTER_TEXT"}]}
RESULT: {}
RESULT: {"script":"<script> [776 bytes]","args":[{"enterText":"Bucharest","selector":{"id":"application-managesites-display-component---NewSite--addressDetailDetailsCity1","interaction":{"idSuffix":"inner"}},"clearTextFirst":true,"interactionType":"ENTER_TEXT"}]}
COMMAND: POST /session/0bd35d5034cd75fc8dc44075a41c35a4/actions - {"actions":[{"id":"action7","type":"key","parameters":{},"actions":[{"type":"keyDown","value":"î€‡"},{"type":"pause","duration":10},{"type":"keyUp","value":"î€‡"}]}]}
RESULT: {"actions":[{"id":"action7","type":"key","parameters":{},"actions":[{"type":"keyDown","value":"î€‡"},{"type":"pause","duration":10},{"type":"keyUp","value":"î€‡"}]}]}
COMMAND: POST /session/0bd35d5034cd75fc8dc44075a41c35a4/execute/async - {"script":"<script> [1562 bytes]","args":[{"selector":{"id":"application-managesites-display-component---NewSite--addressDetailDetailsCountry","interaction":{"idSuffix":"inner"}},"wdio_ui5_key":"applicationmanagesites-display-component---NewSite--addressDetailDetailsCountry"}]}
COMMAND: GET /session/0bd35d5034cd75fc8dc44075a41c35a4/screenshot - {}
RESULT: {"script":"<script> [1562 bytes]","args":[{"selector":{"id":"application-managesites-display-component---NewSite--addressDetailDetailsCountry","interaction":{"idSuffix":"inner"}},"wdio_ui5_key":"applicationmanagesites-display-component---NewSite--addressDetailDetailsCountry"}]}
RESULT: undefined
COMMAND: POST /session/0bd35d5034cd75fc8dc44075a41c35a4/execute/async - {"script":"<script> [6424 bytes]","args":[{"element-6066-11e4-a52e-4f735466cecf":"f.1DB2A491F1B7C642484AEDF47EA6FD52.d.58F29D184834EBB167A43D0E57507C36.e.2115"},"setValue",["Romania"]]}
RESULT: {}
RESULT: {"script":"<script> [6424 bytes]","args":[{"element-6066-11e4-a52e-4f735466cecf":"f.1DB2A491F1B7C642484AEDF47EA6FD52.d.58F29D184834EBB167A43D0E57507C36.e.2115"},"setValue",["Romania"]]}
COMMAND: POST /session/0bd35d5034cd75fc8dc44075a41c35a4/actions - {"actions":[{"id":"action8","type":"key","parameters":{},"actions":[{"type":"keyDown","value":"î€‡"},{"type":"pause","duration":10},{"type":"keyUp","value":"î€‡"}]}]}
RESULT: {"actions":[{"id":"action8","type":"key","parameters":{},"actions":[{"type":"keyDown","value":"î€‡"},{"type":"pause","duration":10},{"type":"keyUp","value":"î€‡"}]}]}
COMMAND: POST /session/0bd35d5034cd75fc8dc44075a41c35a4/execute/async - {"script":"<script> [1562 bytes]","args":[{"selector":{"id":"application-managesites-display-component---NewSite--addressDetailDetailsCalendar","interaction":{"idSuffix":"inner"}},"wdio_ui5_key":"applicationmanagesites-display-component---NewSite--addressDetailDetailsCalendar"}]}
COMMAND: GET /session/0bd35d5034cd75fc8dc44075a41c35a4/screenshot - {}
RESULT: {"script":"<script> [1562 bytes]","args":[{"selector":{"id":"application-managesites-display-component---NewSite--addressDetailDetailsCalendar","interaction":{"idSuffix":"inner"}},"wdio_ui5_key":"applicationmanagesites-display-component---NewSite--addressDetailDetailsCalendar"}]}
RESULT: undefined
COMMAND: POST /session/0bd35d5034cd75fc8dc44075a41c35a4/execute/async - {"script":"<script> [776 bytes]","args":[{"enterText":"Germany","selector":{"id":"application-managesites-display-component---NewSite--addressDetailDetailsCalendar","interaction":{"idSuffix":"inner"}},"clearTextFirst":true,"interactionType":"ENTER_TEXT"}]}
RESULT: {}
RESULT: {"script":"<script> [776 bytes]","args":[{"enterText":"Germany","selector":{"id":"application-managesites-display-component---NewSite--addressDetailDetailsCalendar","interaction":{"idSuffix":"inner"}},"clearTextFirst":true,"interactionType":"ENTER_TEXT"}]}
COMMAND: POST /session/0bd35d5034cd75fc8dc44075a41c35a4/actions - {"actions":[{"id":"action9","type":"key","parameters":{},"actions":[{"type":"keyDown","value":"î€‡"},{"type":"pause","duration":10},{"type":"keyUp","value":"î€‡"}]}]}
RESULT: {"actions":[{"id":"action9","type":"key","parameters":{},"actions":[{"type":"keyDown","value":"î€‡"},{"type":"pause","duration":10},{"type":"keyUp","value":"î€‡"}]}]}
COMMAND: POST /session/0bd35d5034cd75fc8dc44075a41c35a4/execute/async - {"script":"<script> [1562 bytes]","args":[{"selector":{"id":"application-managesites-display-component---NewSite--addressEditDetailsCostObjectCstType","interaction":{"idSuffix":"inner"}},"wdio_ui5_key":"applicationmanagesites-display-component---NewSite--addressEditDetailsCostObjectCstType"}]}
COMMAND: GET /session/0bd35d5034cd75fc8dc44075a41c35a4/screenshot - {}
RESULT: {"script":"<script> [1562 bytes]","args":[{"selector":{"id":"application-managesites-display-component---NewSite--addressEditDetailsCostObjectCstType","interaction":{"idSuffix":"inner"}},"wdio_ui5_key":"applicationmanagesites-display-component---NewSite--addressEditDetailsCostObjectCstType"}]}
RESULT: undefined
COMMAND: POST /session/0bd35d5034cd75fc8dc44075a41c35a4/execute/async - {"script":"<script> [776 bytes]","args":[{"enterText":"Cost","selector":{"id":"application-managesites-display-component---NewSite--addressEditDetailsCostObjectCstType","interaction":{"idSuffix":"inner"}},"clearTextFirst":true,"interactionType":"ENTER_TEXT"}]}
RESULT: {}
RESULT: {"script":"<script> [776 bytes]","args":[{"enterText":"Cost","selector":{"id":"application-managesites-display-component---NewSite--addressEditDetailsCostObjectCstType","interaction":{"idSuffix":"inner"}},"clearTextFirst":true,"interactionType":"ENTER_TEXT"}]}
COMMAND: POST /session/0bd35d5034cd75fc8dc44075a41c35a4/actions - {"actions":[{"id":"action10","type":"key","parameters":{},"actions":[{"type":"keyDown","value":"î€‡"},{"type":"pause","duration":10},{"type":"keyUp","value":"î€‡"}]}]}
RESULT: {"actions":[{"id":"action10","type":"key","parameters":{},"actions":[{"type":"keyDown","value":"î€‡"},{"type":"pause","duration":10},{"type":"keyUp","value":"î€‡"}]}]}
COMMAND: POST /session/0bd35d5034cd75fc8dc44075a41c35a4/execute/async - {"script":"<script> [1562 bytes]","args":[{"selector":{"id":"application-managesites-display-component---NewSite--addressNewCostObjectCstID","interaction":{"idSuffix":"inner"}},"wdio_ui5_key":"applicationmanagesites-display-component---NewSite--addressNewCostObjectCstID"}]}
COMMAND: GET /session/0bd35d5034cd75fc8dc44075a41c35a4/screenshot - {}
RESULT: {"script":"<script> [1562 bytes]","args":[{"selector":{"id":"application-managesites-display-component---NewSite--addressNewCostObjectCstID","interaction":{"idSuffix":"inner"}},"wdio_ui5_key":"applicationmanagesites-display-component---NewSite--addressNewCostObjectCstID"}]}
RESULT: undefined
COMMAND: POST /session/0bd35d5034cd75fc8dc44075a41c35a4/execute/async - {"script":"<script> [776 bytes]","args":[{"enterText":"1001","selector":{"id":"application-managesites-display-component---NewSite--addressNewCostObjectCstID","interaction":{"idSuffix":"inner"}},"clearTextFirst":true,"interactionType":"ENTER_TEXT"}]}
RESULT: {}
RESULT: {"script":"<script> [776 bytes]","args":[{"enterText":"1001","selector":{"id":"application-managesites-display-component---NewSite--addressNewCostObjectCstID","interaction":{"idSuffix":"inner"}},"clearTextFirst":true,"interactionType":"ENTER_TEXT"}]}
COMMAND: POST /session/0bd35d5034cd75fc8dc44075a41c35a4/actions - {"actions":[{"id":"action11","type":"key","parameters":{},"actions":[{"type":"keyDown","value":"î€‡"},{"type":"pause","duration":10},{"type":"keyUp","value":"î€‡"}]}]}
RESULT: {"actions":[{"id":"action11","type":"key","parameters":{},"actions":[{"type":"keyDown","value":"î€‡"},{"type":"pause","duration":10},{"type":"keyUp","value":"î€‡"}]}]}
COMMAND: POST /session/0bd35d5034cd75fc8dc44075a41c35a4/element - {"using":"xpath","value":"//input[@id=\"application-managesites-display-component---NewSite--addressDetailDetailsYard-inner\"]"}
COMMAND: GET /session/0bd35d5034cd75fc8dc44075a41c35a4/screenshot - {}
RESULT: {"using":"xpath","value":"//input[@id=\"application-managesites-display-component---NewSite--addressDetailDetailsYard-inner\"]"}
COMMAND: POST /session/0bd35d5034cd75fc8dc44075a41c35a4/element/f.1DB2A491F1B7C642484AEDF47EA6FD52.d.58F29D184834EBB167A43D0E57507C36.e.2126/value - {"text":"621"}
RESULT: {}
RESULT: {"text":"621"}
COMMAND: GET /session/0bd35d5034cd75fc8dc44075a41c35a4/screenshot - {}
RESULT: {}
COMMAND: POST /session/0bd35d5034cd75fc8dc44075a41c35a4/actions - {"actions":[{"id":"action12","type":"key","parameters":{},"actions":[{"type":"keyDown","value":"î€‡"},{"type":"pause","duration":10},{"type":"keyUp","value":"î€‡"}]}]}
RESULT: {"actions":[{"id":"action12","type":"key","parameters":{},"actions":[{"type":"keyDown","value":"î€‡"},{"type":"pause","duration":10},{"type":"keyUp","value":"î€‡"}]}]}
COMMAND: GET /session/0bd35d5034cd75fc8dc44075a41c35a4/screenshot - {}
RESULT: {}
COMMAND: POST /session/0bd35d5034cd75fc8dc44075a41c35a4/element - {"using":"xpath","value":"//input[@id=\"application-managesites-display-component---NewSite--addressDetailDetailsPartner-inner\"]"}
RESULT: {"using":"xpath","value":"//input[@id=\"application-managesites-display-component---NewSite--addressDetailDetailsPartner-inner\"]"}
COMMAND: POST /session/0bd35d5034cd75fc8dc44075a41c35a4/elements - {"using":"xpath","value":"//input[@id=\"application-managesites-display-component---NewSite--addressDetailDetailsPartner-inner\"]"}
RESULT: {"using":"xpath","value":"//input[@id=\"application-managesites-display-component---NewSite--addressDetailDetailsPartner-inner\"]"}
COMMAND: POST /session/0bd35d5034cd75fc8dc44075a41c35a4/execute/async - {"script":"<script> [1562 bytes]","args":[{"selector":{"controlType":"sap.m.Button","viewName":"etm.portal.ui.managesites.view.NewSmartSite","viewId":"application-managesites-display-component---NewSite","properties":{"text":"Commercial"},"interaction":{"idSuffix":"BDI-content"}},"wdio_ui5_key":"etmportal.ui.managesites.view.NewSmartSitesap.m.Button{\"text\":\"Commercial\"}"}]}
RESULT: {"script":"<script> [1562 bytes]","args":[{"selector":{"controlType":"sap.m.Button","viewName":"etm.portal.ui.managesites.view.NewSmartSite","viewId":"application-managesites-display-component---NewSite","properties":{"text":"Commercial"},"interaction":{"idSuffix":"BDI-content"}},"wdio_ui5_key":"etmportal.ui.managesites.view.NewSmartSitesap.m.Button{\"text\":\"Commercial\"}"}]}
RESULT: undefined
COMMAND: POST /session/0bd35d5034cd75fc8dc44075a41c35a4/element - {"using":"xpath","value":"//*[@id=\"application-managesites-display-component---NewSite--ObjectPageLayout-anchBar-__section31-anchor\"]"}
RESULT: {"using":"xpath","value":"//*[@id=\"application-managesites-display-component---NewSite--ObjectPageLayout-anchBar-__section31-anchor\"]"}
COMMAND: POST /session/0bd35d5034cd75fc8dc44075a41c35a4/element/f.1DB2A491F1B7C642484AEDF47EA6FD52.d.58F29D184834EBB167A43D0E57507C36.e.2338/click - {}
RESULT: {}
COMMAND: POST /session/0bd35d5034cd75fc8dc44075a41c35a4/execute/async - {"script":"<script> [1562 bytes]","args":[{"selector":{"id":"application-managesites-display-component---NewSite--siteWhmCheckBox-label","interaction":{"idSuffix":"bdi"}},"wdio_ui5_key":"applicationmanagesites-display-component---NewSite--siteWhmCheckBox-label"}]}
COMMAND: GET /session/0bd35d5034cd75fc8dc44075a41c35a4/screenshot - {}
RESULT: {"script":"<script> [1562 bytes]","args":[{"selector":{"id":"application-managesites-display-component---NewSite--siteWhmCheckBox-label","interaction":{"idSuffix":"bdi"}},"wdio_ui5_key":"applicationmanagesites-display-component---NewSite--siteWhmCheckBox-label"}]}
RESULT: undefined
COMMAND: POST /session/0bd35d5034cd75fc8dc44075a41c35a4/element - {"using":"xpath","value":"//*[@id=\"application-managesites-display-component---NewSite--siteWhmCheckBox-label\"]"}
RESULT: {}
RESULT: {"using":"xpath","value":"//*[@id=\"application-managesites-display-component---NewSite--siteWhmCheckBox-label\"]"}
COMMAND: POST /session/0bd35d5034cd75fc8dc44075a41c35a4/element/f.1DB2A491F1B7C642484AEDF47EA6FD52.d.58F29D184834EBB167A43D0E57507C36.e.2354/click - {}
RESULT: {}
COMMAND: POST /session/0bd35d5034cd75fc8dc44075a41c35a4/execute/async - {"script":"<script> [1562 bytes]","args":[{"selector":{"controlType":"sap.m.Button","viewName":"etm.portal.ui.managesites.view.NewSmartSite","viewId":"application-managesites-display-component---NewSite","i18NText":{"propertyName":"text","key":"save"},"interaction":{"idSuffix":"BDI-content"}},"wdio_ui5_key":"etmportal.ui.managesites.view.NewSmartSitesap.m.Button{\"propertyName\":\"text\",\"key\":\"save\"}"}]}
COMMAND: GET /session/0bd35d5034cd75fc8dc44075a41c35a4/screenshot - {}
RESULT: {"script":"<script> [1562 bytes]","args":[{"selector":{"controlType":"sap.m.Button","viewName":"etm.portal.ui.managesites.view.NewSmartSite","viewId":"application-managesites-display-component---NewSite","i18NText":{"propertyName":"text","key":"save"},"interaction":{"idSuffix":"BDI-content"}},"wdio_ui5_key":"etmportal.ui.managesites.view.NewSmartSitesap.m.Button{\"propertyName\":\"text\",\"key\":\"save\"}"}]}
RESULT: undefined
COMMAND: POST /session/0bd35d5034cd75fc8dc44075a41c35a4/element - {"using":"xpath","value":"//*[@id=\"__button64\"]"}
RESULT: {}
RESULT: {"using":"xpath","value":"//*[@id=\"__button64\"]"}
COMMAND: POST /session/0bd35d5034cd75fc8dc44075a41c35a4/element/f.1DB2A491F1B7C642484AEDF47EA6FD52.d.58F29D184834EBB167A43D0E57507C36.e.2311/click - {}
RESULT: {}
COMMAND: GET /session/0bd35d5034cd75fc8dc44075a41c35a4/screenshot - {}
RESULT: {}
COMMAND: POST /session/0bd35d5034cd75fc8dc44075a41c35a4/element - {"using":"xpath","value":"//header/div/div[2]/div[2]/span"}
RESULT: {"using":"xpath","value":"//header/div/div[2]/div[2]/span"}
COMMAND: GET /session/0bd35d5034cd75fc8dc44075a41c35a4/element/f.1DB2A491F1B7C642484AEDF47EA6FD52.d.58F29D184834EBB167A43D0E57507C36.e.2571/text - {}
RESULT: {}
COMMAND: POST /session/0bd35d5034cd75fc8dc44075a41c35a4/execute/async - {"script":"<script> [1562 bytes]","args":[{"selector":{"id":"application-managesites-display-component---detailSite--addressDetailDetailsYardText"},"wdio_ui5_key":"applicationmanagesites-display-component---detailSite--addressDetailDetailsYardText"}]}
RESULT: {"script":"<script> [1562 bytes]","args":[{"selector":{"id":"application-managesites-display-component---detailSite--addressDetailDetailsYardText"},"wdio_ui5_key":"applicationmanagesites-display-component---detailSite--addressDetailDetailsYardText"}]}
RESULT: undefined
COMMAND: POST /session/0bd35d5034cd75fc8dc44075a41c35a4/execute/async - {"script":"<script> [1562 bytes]","args":[{"selector":{"controlType":"sap.m.Label","viewName":"etm.portal.ui.managesites.view.Detail","viewId":"application-managesites-display-component---detailSite","i18NText":{"propertyName":"text","key":"status"}},"wdio_ui5_key":"etmportal.ui.managesites.view.Detailsap.m.Label{\"propertyName\":\"text\",\"key\":\"status\"}"}]}
RESULT: {"script":"<script> [1562 bytes]","args":[{"selector":{"controlType":"sap.m.Label","viewName":"etm.portal.ui.managesites.view.Detail","viewId":"application-managesites-display-component---detailSite","i18NText":{"propertyName":"text","key":"status"}},"wdio_ui5_key":"etmportal.ui.managesites.view.Detailsap.m.Label{\"propertyName\":\"text\",\"key\":\"status\"}"}]}
RESULT: undefined
COMMAND: POST /session/0bd35d5034cd75fc8dc44075a41c35a4/execute/async - {"script":"<script> [6424 bytes]","args":[{"element-6066-11e4-a52e-4f735466cecf":"f.1DB2A491F1B7C642484AEDF47EA6FD52.d.58F29D184834EBB167A43D0E57507C36.e.2560"},"getText",[]]}
RESULT: {"script":"<script> [6424 bytes]","args":[{"element-6066-11e4-a52e-4f735466cecf":"f.1DB2A491F1B7C642484AEDF47EA6FD52.d.58F29D184834EBB167A43D0E57507C36.e.2560"},"getText",[]]}
COMMAND: POST /session/0bd35d5034cd75fc8dc44075a41c35a4/execute/async - {"script":"<script> [1562 bytes]","args":[{"selector":{"id":"shell-header","interaction":{"idSuffix":"icon"}},"wdio_ui5_key":"shellheader"}]}
RESULT: {"script":"<script> [1562 bytes]","args":[{"selector":{"id":"shell-header","interaction":{"idSuffix":"icon"}},"wdio_ui5_key":"shellheader"}]}
RESULT: undefined
COMMAND: POST /session/0bd35d5034cd75fc8dc44075a41c35a4/element - {"using":"xpath","value":"//*[@id=\"shell-header\"]"}
RESULT: {"using":"xpath","value":"//*[@id=\"shell-header\"]"}
COMMAND: POST /session/0bd35d5034cd75fc8dc44075a41c35a4/element/f.1DB2A491F1B7C642484AEDF47EA6FD52.d.58F29D184834EBB167A43D0E57507C36.e.2572/click - {}
RESULT: {}
]]></system-out>
    </testcase>
    <testcase classname="chrome.135_0_7049_96.windows.Stock_increase_-_with_WHM_US125587" name="Create WHM material" time="247.57">
      <system-out><![CDATA[
COMMAND: GET /session/0bd35d5034cd75fc8dc44075a41c35a4/screenshot - {}
COMMAND: POST /session/0bd35d5034cd75fc8dc44075a41c35a4/element - {"using":"css selector","value":"#shell-header-logo"}
RESULT: {}
RESULT: {"using":"css selector","value":"#shell-header-logo"}
COMMAND: POST /session/0bd35d5034cd75fc8dc44075a41c35a4/element/f.1DB2A491F1B7C642484AEDF47EA6FD52.d.58F29D184834EBB167A43D0E57507C36.e.1669/click - {}
RESULT: {}
COMMAND: GET /session/0bd35d5034cd75fc8dc44075a41c35a4/screenshot - {}
RESULT: {}
COMMAND: POST /session/0bd35d5034cd75fc8dc44075a41c35a4/execute/async - {"script":"<script> [1562 bytes]","args":[{"selector":{"controlType":"sap.m.GenericTile","properties":{"header":"Manage Resources"}},"wdio_ui5_key":"sapm.GenericTile{\"header\":\"Manage Resources\"}"}]}
RESULT: {"script":"<script> [1562 bytes]","args":[{"selector":{"controlType":"sap.m.GenericTile","properties":{"header":"Manage Resources"}},"wdio_ui5_key":"sapm.GenericTile{\"header\":\"Manage Resources\"}"}]}
RESULT: undefined
COMMAND: POST /session/0bd35d5034cd75fc8dc44075a41c35a4/element - {"using":"xpath","value":"//*[@id=\"__tile50\"]"}
RESULT: {"using":"xpath","value":"//*[@id=\"__tile50\"]"}
COMMAND: POST /session/0bd35d5034cd75fc8dc44075a41c35a4/element/f.1DB2A491F1B7C642484AEDF47EA6FD52.d.58F29D184834EBB167A43D0E57507C36.e.2577/click - {}
RESULT: {}
COMMAND: GET /session/0bd35d5034cd75fc8dc44075a41c35a4/screenshot - {}
RESULT: {}
COMMAND: POST /session/0bd35d5034cd75fc8dc44075a41c35a4/element - {"using":"xpath","value":"//button[@data-kt=\"addNewRUOverflowToolbarButton\"]"}
RESULT: {"using":"xpath","value":"//button[@data-kt=\"addNewRUOverflowToolbarButton\"]"}
COMMAND: POST /session/0bd35d5034cd75fc8dc44075a41c35a4/execute/sync - {"script":"<script> [8489 bytes]","args":[{"element-6066-11e4-a52e-4f735466cecf":"f.1DB2A491F1B7C642484AEDF47EA6FD52.d.58F29D184834EBB167A43D0E57507C36.e.2621","ELEMENT":"f.1DB2A491F1B7C642484AEDF47EA6FD52.d.58F29D184834EBB167A43D0E57507C36.e.2621"}]}
RESULT: {"script":"<script> [8489 bytes]","args":[{"element-6066-11e4-a52e-4f735466cecf":"f.1DB2A491F1B7C642484AEDF47EA6FD52.d.58F29D184834EBB167A43D0E57507C36.e.2621","ELEMENT":"f.1DB2A491F1B7C642484AEDF47EA6FD52.d.58F29D184834EBB167A43D0E57507C36.e.2621"}]}
COMMAND: POST /session/0bd35d5034cd75fc8dc44075a41c35a4/element/f.1DB2A491F1B7C642484AEDF47EA6FD52.d.58F29D184834EBB167A43D0E57507C36.e.2621/click - {}
COMMAND: GET /session/0bd35d5034cd75fc8dc44075a41c35a4/screenshot - {}
RESULT: {}
COMMAND: GET /session/0bd35d5034cd75fc8dc44075a41c35a4/screenshot - {}
RESULT: {}
COMMAND: POST /session/0bd35d5034cd75fc8dc44075a41c35a4/execute/async - {"script":"<script> [1562 bytes]","args":[{"selector":{"controlType":"sap.m.ComboBox","viewName":"reusables.view.manageresources.NewResourceUnit","viewId":"application-manageresources-display-component---newResourceUnit","bindingPath":{"path":"","propertyPath":"/RuTypes","modelName":"catalogModel"},"searchOpenDialogs":true},"wdio_ui5_key":"reusablesview.manageresources.NewResourceUnitsap.m.ComboBox{\"path\":\"\",\"propertyPath\":\"/RuTypes\",\"modelName\":\"catalogModel\"}"}]}
RESULT: {}
RESULT: {"script":"<script> [1562 bytes]","args":[{"selector":{"controlType":"sap.m.ComboBox","viewName":"reusables.view.manageresources.NewResourceUnit","viewId":"application-manageresources-display-component---newResourceUnit","bindingPath":{"path":"","propertyPath":"/RuTypes","modelName":"catalogModel"},"searchOpenDialogs":true},"wdio_ui5_key":"reusablesview.manageresources.NewResourceUnitsap.m.ComboBox{\"path\":\"\",\"propertyPath\":\"/RuTypes\",\"modelName\":\"catalogModel\"}"}]}
RESULT: undefined
COMMAND: POST /session/0bd35d5034cd75fc8dc44075a41c35a4/execute/async - {"script":"<script> [1562 bytes]","args":[{"selector":{"controlType":"sap.m.ComboBox","viewName":"reusables.view.manageresources.NewResourceUnit","viewId":"application-manageresources-display-component---newResourceUnit","bindingPath":{"path":"","propertyPath":"/Yards","modelName":"catalogModel"},"searchOpenDialogs":true},"wdio_ui5_key":"reusablesview.manageresources.NewResourceUnitsap.m.ComboBox{\"path\":\"\",\"propertyPath\":\"/Yards\",\"modelName\":\"catalogModel\"}"}]}
RESULT: {"script":"<script> [1562 bytes]","args":[{"selector":{"controlType":"sap.m.ComboBox","viewName":"reusables.view.manageresources.NewResourceUnit","viewId":"application-manageresources-display-component---newResourceUnit","bindingPath":{"path":"","propertyPath":"/Yards","modelName":"catalogModel"},"searchOpenDialogs":true},"wdio_ui5_key":"reusablesview.manageresources.NewResourceUnitsap.m.ComboBox{\"path\":\"\",\"propertyPath\":\"/Yards\",\"modelName\":\"catalogModel\"}"}]}
RESULT: undefined
COMMAND: POST /session/0bd35d5034cd75fc8dc44075a41c35a4/execute/async - {"script":"<script> [1562 bytes]","args":[{"selector":{"controlType":"etm.portal.ui.reusables.customControls.LiveSearchComboBox","viewName":"reusables.view.manageresources.NewResourceUnit","viewId":"application-manageresources-display-component---newResourceUnit","bindingPath":{"path":"","propertyPath":"/CatalogItems","modelName":"catalogModel"},"searchOpenDialogs":true},"wdio_ui5_key":"reusablesview.manageresources.NewResourceUnitetm.portal.ui.reusables.customControls.LiveSearchComboBox{\"path\":\"\",\"propertyPath\":\"/CatalogItems\",\"modelName\":\"catalogModel\"}"}]}
RESULT: {"script":"<script> [1562 bytes]","args":[{"selector":{"controlType":"etm.portal.ui.reusables.customControls.LiveSearchComboBox","viewName":"reusables.view.manageresources.NewResourceUnit","viewId":"application-manageresources-display-component---newResourceUnit","bindingPath":{"path":"","propertyPath":"/CatalogItems","modelName":"catalogModel"},"searchOpenDialogs":true},"wdio_ui5_key":"reusablesview.manageresources.NewResourceUnitetm.portal.ui.reusables.customControls.LiveSearchComboBox{\"path\":\"\",\"propertyPath\":\"/CatalogItems\",\"modelName\":\"catalogModel\"}"}]}
RESULT: undefined
COMMAND: POST /session/0bd35d5034cd75fc8dc44075a41c35a4/element - {"using":"xpath","value":"//bdi[text()=\"OK\"]"}
RESULT: {"using":"xpath","value":"//bdi[text()=\"OK\"]"}
COMMAND: POST /session/0bd35d5034cd75fc8dc44075a41c35a4/elements - {"using":"xpath","value":"//bdi[text()=\"OK\"]"}
RESULT: {"using":"xpath","value":"//bdi[text()=\"OK\"]"}
COMMAND: POST /session/0bd35d5034cd75fc8dc44075a41c35a4/elements - {"using":"xpath","value":"//bdi[text()=\"OK\"]"}
RESULT: {"using":"xpath","value":"//bdi[text()=\"OK\"]"}
COMMAND: POST /session/0bd35d5034cd75fc8dc44075a41c35a4/elements - {"using":"xpath","value":"//bdi[text()=\"OK\"]"}
RESULT: {"using":"xpath","value":"//bdi[text()=\"OK\"]"}
COMMAND: POST /session/0bd35d5034cd75fc8dc44075a41c35a4/elements - {"using":"xpath","value":"//bdi[text()=\"OK\"]"}
RESULT: {"using":"xpath","value":"//bdi[text()=\"OK\"]"}
COMMAND: POST /session/0bd35d5034cd75fc8dc44075a41c35a4/elements - {"using":"xpath","value":"//bdi[text()=\"OK\"]"}
RESULT: {"using":"xpath","value":"//bdi[text()=\"OK\"]"}
COMMAND: POST /session/0bd35d5034cd75fc8dc44075a41c35a4/elements - {"using":"xpath","value":"//bdi[text()=\"OK\"]"}
RESULT: {"using":"xpath","value":"//bdi[text()=\"OK\"]"}
COMMAND: POST /session/0bd35d5034cd75fc8dc44075a41c35a4/elements - {"using":"xpath","value":"//bdi[text()=\"OK\"]"}
RESULT: {"using":"xpath","value":"//bdi[text()=\"OK\"]"}
COMMAND: POST /session/0bd35d5034cd75fc8dc44075a41c35a4/elements - {"using":"xpath","value":"//bdi[text()=\"OK\"]"}
RESULT: {"using":"xpath","value":"//bdi[text()=\"OK\"]"}
COMMAND: POST /session/0bd35d5034cd75fc8dc44075a41c35a4/elements - {"using":"xpath","value":"//bdi[text()=\"OK\"]"}
RESULT: {"using":"xpath","value":"//bdi[text()=\"OK\"]"}
COMMAND: POST /session/0bd35d5034cd75fc8dc44075a41c35a4/elements - {"using":"xpath","value":"//bdi[text()=\"OK\"]"}
RESULT: {"using":"xpath","value":"//bdi[text()=\"OK\"]"}
COMMAND: POST /session/0bd35d5034cd75fc8dc44075a41c35a4/elements - {"using":"xpath","value":"//bdi[text()=\"OK\"]"}
RESULT: {"using":"xpath","value":"//bdi[text()=\"OK\"]"}
COMMAND: POST /session/0bd35d5034cd75fc8dc44075a41c35a4/elements - {"using":"xpath","value":"//bdi[text()=\"OK\"]"}
RESULT: {"using":"xpath","value":"//bdi[text()=\"OK\"]"}
COMMAND: POST /session/0bd35d5034cd75fc8dc44075a41c35a4/elements - {"using":"xpath","value":"//bdi[text()=\"OK\"]"}
RESULT: {"using":"xpath","value":"//bdi[text()=\"OK\"]"}
COMMAND: POST /session/0bd35d5034cd75fc8dc44075a41c35a4/elements - {"using":"xpath","value":"//bdi[text()=\"OK\"]"}
RESULT: {"using":"xpath","value":"//bdi[text()=\"OK\"]"}
COMMAND: POST /session/0bd35d5034cd75fc8dc44075a41c35a4/elements - {"using":"xpath","value":"//bdi[text()=\"OK\"]"}
RESULT: {"using":"xpath","value":"//bdi[text()=\"OK\"]"}
COMMAND: POST /session/0bd35d5034cd75fc8dc44075a41c35a4/elements - {"using":"xpath","value":"//bdi[text()=\"OK\"]"}
RESULT: {"using":"xpath","value":"//bdi[text()=\"OK\"]"}
COMMAND: POST /session/0bd35d5034cd75fc8dc44075a41c35a4/elements - {"using":"xpath","value":"//bdi[text()=\"OK\"]"}
RESULT: {"using":"xpath","value":"//bdi[text()=\"OK\"]"}
COMMAND: POST /session/0bd35d5034cd75fc8dc44075a41c35a4/elements - {"using":"xpath","value":"//bdi[text()=\"OK\"]"}
RESULT: {"using":"xpath","value":"//bdi[text()=\"OK\"]"}
COMMAND: POST /session/0bd35d5034cd75fc8dc44075a41c35a4/elements - {"using":"xpath","value":"//bdi[text()=\"OK\"]"}
RESULT: {"using":"xpath","value":"//bdi[text()=\"OK\"]"}
COMMAND: POST /session/0bd35d5034cd75fc8dc44075a41c35a4/elements - {"using":"xpath","value":"//bdi[text()=\"OK\"]"}
RESULT: {"using":"xpath","value":"//bdi[text()=\"OK\"]"}
COMMAND: POST /session/0bd35d5034cd75fc8dc44075a41c35a4/elements - {"using":"xpath","value":"//bdi[text()=\"OK\"]"}
RESULT: {"using":"xpath","value":"//bdi[text()=\"OK\"]"}
COMMAND: POST /session/0bd35d5034cd75fc8dc44075a41c35a4/elements - {"using":"xpath","value":"//bdi[text()=\"OK\"]"}
RESULT: {"using":"xpath","value":"//bdi[text()=\"OK\"]"}
COMMAND: POST /session/0bd35d5034cd75fc8dc44075a41c35a4/elements - {"using":"xpath","value":"//bdi[text()=\"OK\"]"}
RESULT: {"using":"xpath","value":"//bdi[text()=\"OK\"]"}
COMMAND: POST /session/0bd35d5034cd75fc8dc44075a41c35a4/elements - {"using":"xpath","value":"//bdi[text()=\"OK\"]"}
RESULT: {"using":"xpath","value":"//bdi[text()=\"OK\"]"}
COMMAND: POST /session/0bd35d5034cd75fc8dc44075a41c35a4/elements - {"using":"xpath","value":"//bdi[text()=\"OK\"]"}
RESULT: {"using":"xpath","value":"//bdi[text()=\"OK\"]"}
COMMAND: POST /session/0bd35d5034cd75fc8dc44075a41c35a4/elements - {"using":"xpath","value":"//bdi[text()=\"OK\"]"}
RESULT: {"using":"xpath","value":"//bdi[text()=\"OK\"]"}
COMMAND: POST /session/0bd35d5034cd75fc8dc44075a41c35a4/elements - {"using":"xpath","value":"//bdi[text()=\"OK\"]"}
RESULT: {"using":"xpath","value":"//bdi[text()=\"OK\"]"}
COMMAND: POST /session/0bd35d5034cd75fc8dc44075a41c35a4/elements - {"using":"xpath","value":"//bdi[text()=\"OK\"]"}
RESULT: {"using":"xpath","value":"//bdi[text()=\"OK\"]"}
COMMAND: POST /session/0bd35d5034cd75fc8dc44075a41c35a4/elements - {"using":"xpath","value":"//bdi[text()=\"OK\"]"}
RESULT: {"using":"xpath","value":"//bdi[text()=\"OK\"]"}
COMMAND: POST /session/0bd35d5034cd75fc8dc44075a41c35a4/elements - {"using":"xpath","value":"//bdi[text()=\"OK\"]"}
RESULT: {"using":"xpath","value":"//bdi[text()=\"OK\"]"}
COMMAND: POST /session/0bd35d5034cd75fc8dc44075a41c35a4/elements - {"using":"xpath","value":"//bdi[text()=\"OK\"]"}
RESULT: {"using":"xpath","value":"//bdi[text()=\"OK\"]"}
COMMAND: POST /session/0bd35d5034cd75fc8dc44075a41c35a4/elements - {"using":"xpath","value":"//bdi[text()=\"OK\"]"}
RESULT: {"using":"xpath","value":"//bdi[text()=\"OK\"]"}
COMMAND: POST /session/0bd35d5034cd75fc8dc44075a41c35a4/elements - {"using":"xpath","value":"//bdi[text()=\"OK\"]"}
RESULT: {"using":"xpath","value":"//bdi[text()=\"OK\"]"}
COMMAND: POST /session/0bd35d5034cd75fc8dc44075a41c35a4/elements - {"using":"xpath","value":"//bdi[text()=\"OK\"]"}
RESULT: {"using":"xpath","value":"//bdi[text()=\"OK\"]"}
COMMAND: POST /session/0bd35d5034cd75fc8dc44075a41c35a4/elements - {"using":"xpath","value":"//bdi[text()=\"OK\"]"}
RESULT: {"using":"xpath","value":"//bdi[text()=\"OK\"]"}
COMMAND: POST /session/0bd35d5034cd75fc8dc44075a41c35a4/elements - {"using":"xpath","value":"//bdi[text()=\"OK\"]"}
RESULT: {"using":"xpath","value":"//bdi[text()=\"OK\"]"}
COMMAND: POST /session/0bd35d5034cd75fc8dc44075a41c35a4/elements - {"using":"xpath","value":"//bdi[text()=\"OK\"]"}
RESULT: {"using":"xpath","value":"//bdi[text()=\"OK\"]"}
COMMAND: POST /session/0bd35d5034cd75fc8dc44075a41c35a4/elements - {"using":"xpath","value":"//bdi[text()=\"OK\"]"}
RESULT: {"using":"xpath","value":"//bdi[text()=\"OK\"]"}
COMMAND: POST /session/0bd35d5034cd75fc8dc44075a41c35a4/elements - {"using":"xpath","value":"//bdi[text()=\"OK\"]"}
RESULT: {"using":"xpath","value":"//bdi[text()=\"OK\"]"}
COMMAND: POST /session/0bd35d5034cd75fc8dc44075a41c35a4/elements - {"using":"xpath","value":"//bdi[text()=\"OK\"]"}
RESULT: {"using":"xpath","value":"//bdi[text()=\"OK\"]"}
COMMAND: POST /session/0bd35d5034cd75fc8dc44075a41c35a4/elements - {"using":"xpath","value":"//bdi[text()=\"OK\"]"}
RESULT: {"using":"xpath","value":"//bdi[text()=\"OK\"]"}
COMMAND: POST /session/0bd35d5034cd75fc8dc44075a41c35a4/elements - {"using":"xpath","value":"//bdi[text()=\"OK\"]"}
RESULT: {"using":"xpath","value":"//bdi[text()=\"OK\"]"}
COMMAND: POST /session/0bd35d5034cd75fc8dc44075a41c35a4/elements - {"using":"xpath","value":"//bdi[text()=\"OK\"]"}
RESULT: {"using":"xpath","value":"//bdi[text()=\"OK\"]"}
COMMAND: POST /session/0bd35d5034cd75fc8dc44075a41c35a4/elements - {"using":"xpath","value":"//bdi[text()=\"OK\"]"}
RESULT: {"using":"xpath","value":"//bdi[text()=\"OK\"]"}
COMMAND: POST /session/0bd35d5034cd75fc8dc44075a41c35a4/elements - {"using":"xpath","value":"//bdi[text()=\"OK\"]"}
RESULT: {"using":"xpath","value":"//bdi[text()=\"OK\"]"}
COMMAND: POST /session/0bd35d5034cd75fc8dc44075a41c35a4/elements - {"using":"xpath","value":"//bdi[text()=\"OK\"]"}
RESULT: {"using":"xpath","value":"//bdi[text()=\"OK\"]"}
COMMAND: POST /session/0bd35d5034cd75fc8dc44075a41c35a4/elements - {"using":"xpath","value":"//bdi[text()=\"OK\"]"}
RESULT: {"using":"xpath","value":"//bdi[text()=\"OK\"]"}
COMMAND: POST /session/0bd35d5034cd75fc8dc44075a41c35a4/elements - {"using":"xpath","value":"//bdi[text()=\"OK\"]"}
RESULT: {"using":"xpath","value":"//bdi[text()=\"OK\"]"}
COMMAND: POST /session/0bd35d5034cd75fc8dc44075a41c35a4/elements - {"using":"xpath","value":"//bdi[text()=\"OK\"]"}
RESULT: {"using":"xpath","value":"//bdi[text()=\"OK\"]"}
COMMAND: POST /session/0bd35d5034cd75fc8dc44075a41c35a4/elements - {"using":"xpath","value":"//bdi[text()=\"OK\"]"}
RESULT: {"using":"xpath","value":"//bdi[text()=\"OK\"]"}
COMMAND: POST /session/0bd35d5034cd75fc8dc44075a41c35a4/elements - {"using":"xpath","value":"//bdi[text()=\"OK\"]"}
RESULT: {"using":"xpath","value":"//bdi[text()=\"OK\"]"}
COMMAND: POST /session/0bd35d5034cd75fc8dc44075a41c35a4/elements - {"using":"xpath","value":"//bdi[text()=\"OK\"]"}
RESULT: {"using":"xpath","value":"//bdi[text()=\"OK\"]"}
COMMAND: POST /session/0bd35d5034cd75fc8dc44075a41c35a4/elements - {"using":"xpath","value":"//bdi[text()=\"OK\"]"}
RESULT: {"using":"xpath","value":"//bdi[text()=\"OK\"]"}
COMMAND: POST /session/0bd35d5034cd75fc8dc44075a41c35a4/elements - {"using":"xpath","value":"//bdi[text()=\"OK\"]"}
RESULT: {"using":"xpath","value":"//bdi[text()=\"OK\"]"}
COMMAND: POST /session/0bd35d5034cd75fc8dc44075a41c35a4/elements - {"using":"xpath","value":"//bdi[text()=\"OK\"]"}
RESULT: {"using":"xpath","value":"//bdi[text()=\"OK\"]"}
COMMAND: POST /session/0bd35d5034cd75fc8dc44075a41c35a4/elements - {"using":"xpath","value":"//bdi[text()=\"OK\"]"}
RESULT: {"using":"xpath","value":"//bdi[text()=\"OK\"]"}
COMMAND: POST /session/0bd35d5034cd75fc8dc44075a41c35a4/elements - {"using":"xpath","value":"//bdi[text()=\"OK\"]"}
RESULT: {"using":"xpath","value":"//bdi[text()=\"OK\"]"}
COMMAND: POST /session/0bd35d5034cd75fc8dc44075a41c35a4/elements - {"using":"xpath","value":"//bdi[text()=\"OK\"]"}
RESULT: {"using":"xpath","value":"//bdi[text()=\"OK\"]"}
COMMAND: POST /session/0bd35d5034cd75fc8dc44075a41c35a4/elements - {"using":"xpath","value":"//bdi[text()=\"OK\"]"}
RESULT: {"using":"xpath","value":"//bdi[text()=\"OK\"]"}
COMMAND: POST /session/0bd35d5034cd75fc8dc44075a41c35a4/elements - {"using":"xpath","value":"//bdi[text()=\"OK\"]"}
RESULT: {"using":"xpath","value":"//bdi[text()=\"OK\"]"}
COMMAND: POST /session/0bd35d5034cd75fc8dc44075a41c35a4/elements - {"using":"xpath","value":"//bdi[text()=\"OK\"]"}
RESULT: {"using":"xpath","value":"//bdi[text()=\"OK\"]"}
COMMAND: POST /session/0bd35d5034cd75fc8dc44075a41c35a4/elements - {"using":"xpath","value":"//bdi[text()=\"OK\"]"}
RESULT: {"using":"xpath","value":"//bdi[text()=\"OK\"]"}
COMMAND: POST /session/0bd35d5034cd75fc8dc44075a41c35a4/elements - {"using":"xpath","value":"//bdi[text()=\"OK\"]"}
RESULT: {"using":"xpath","value":"//bdi[text()=\"OK\"]"}
COMMAND: POST /session/0bd35d5034cd75fc8dc44075a41c35a4/elements - {"using":"xpath","value":"//bdi[text()=\"OK\"]"}
RESULT: {"using":"xpath","value":"//bdi[text()=\"OK\"]"}
COMMAND: POST /session/0bd35d5034cd75fc8dc44075a41c35a4/elements - {"using":"xpath","value":"//bdi[text()=\"OK\"]"}
RESULT: {"using":"xpath","value":"//bdi[text()=\"OK\"]"}
COMMAND: POST /session/0bd35d5034cd75fc8dc44075a41c35a4/elements - {"using":"xpath","value":"//bdi[text()=\"OK\"]"}
RESULT: {"using":"xpath","value":"//bdi[text()=\"OK\"]"}
COMMAND: POST /session/0bd35d5034cd75fc8dc44075a41c35a4/elements - {"using":"xpath","value":"//bdi[text()=\"OK\"]"}
RESULT: {"using":"xpath","value":"//bdi[text()=\"OK\"]"}
COMMAND: POST /session/0bd35d5034cd75fc8dc44075a41c35a4/elements - {"using":"xpath","value":"//bdi[text()=\"OK\"]"}
RESULT: {"using":"xpath","value":"//bdi[text()=\"OK\"]"}
COMMAND: POST /session/0bd35d5034cd75fc8dc44075a41c35a4/elements - {"using":"xpath","value":"//bdi[text()=\"OK\"]"}
RESULT: {"using":"xpath","value":"//bdi[text()=\"OK\"]"}
COMMAND: POST /session/0bd35d5034cd75fc8dc44075a41c35a4/elements - {"using":"xpath","value":"//bdi[text()=\"OK\"]"}
RESULT: {"using":"xpath","value":"//bdi[text()=\"OK\"]"}
COMMAND: POST /session/0bd35d5034cd75fc8dc44075a41c35a4/elements - {"using":"xpath","value":"//bdi[text()=\"OK\"]"}
RESULT: {"using":"xpath","value":"//bdi[text()=\"OK\"]"}
COMMAND: POST /session/0bd35d5034cd75fc8dc44075a41c35a4/elements - {"using":"xpath","value":"//bdi[text()=\"OK\"]"}
RESULT: {"using":"xpath","value":"//bdi[text()=\"OK\"]"}
COMMAND: POST /session/0bd35d5034cd75fc8dc44075a41c35a4/elements - {"using":"xpath","value":"//bdi[text()=\"OK\"]"}
RESULT: {"using":"xpath","value":"//bdi[text()=\"OK\"]"}
COMMAND: POST /session/0bd35d5034cd75fc8dc44075a41c35a4/elements - {"using":"xpath","value":"//bdi[text()=\"OK\"]"}
RESULT: {"using":"xpath","value":"//bdi[text()=\"OK\"]"}
COMMAND: POST /session/0bd35d5034cd75fc8dc44075a41c35a4/elements - {"using":"xpath","value":"//bdi[text()=\"OK\"]"}
RESULT: {"using":"xpath","value":"//bdi[text()=\"OK\"]"}
COMMAND: POST /session/0bd35d5034cd75fc8dc44075a41c35a4/elements - {"using":"xpath","value":"//bdi[text()=\"OK\"]"}
RESULT: {"using":"xpath","value":"//bdi[text()=\"OK\"]"}
COMMAND: POST /session/0bd35d5034cd75fc8dc44075a41c35a4/elements - {"using":"xpath","value":"//bdi[text()=\"OK\"]"}
RESULT: {"using":"xpath","value":"//bdi[text()=\"OK\"]"}
COMMAND: POST /session/0bd35d5034cd75fc8dc44075a41c35a4/elements - {"using":"xpath","value":"//bdi[text()=\"OK\"]"}
RESULT: {"using":"xpath","value":"//bdi[text()=\"OK\"]"}
COMMAND: POST /session/0bd35d5034cd75fc8dc44075a41c35a4/elements - {"using":"xpath","value":"//bdi[text()=\"OK\"]"}
RESULT: {"using":"xpath","value":"//bdi[text()=\"OK\"]"}
COMMAND: POST /session/0bd35d5034cd75fc8dc44075a41c35a4/elements - {"using":"xpath","value":"//bdi[text()=\"OK\"]"}
RESULT: {"using":"xpath","value":"//bdi[text()=\"OK\"]"}
COMMAND: POST /session/0bd35d5034cd75fc8dc44075a41c35a4/elements - {"using":"xpath","value":"//bdi[text()=\"OK\"]"}
RESULT: {"using":"xpath","value":"//bdi[text()=\"OK\"]"}
COMMAND: POST /session/0bd35d5034cd75fc8dc44075a41c35a4/elements - {"using":"xpath","value":"//bdi[text()=\"OK\"]"}
RESULT: {"using":"xpath","value":"//bdi[text()=\"OK\"]"}
COMMAND: POST /session/0bd35d5034cd75fc8dc44075a41c35a4/elements - {"using":"xpath","value":"//bdi[text()=\"OK\"]"}
RESULT: {"using":"xpath","value":"//bdi[text()=\"OK\"]"}
COMMAND: POST /session/0bd35d5034cd75fc8dc44075a41c35a4/elements - {"using":"xpath","value":"//bdi[text()=\"OK\"]"}
RESULT: {"using":"xpath","value":"//bdi[text()=\"OK\"]"}
COMMAND: POST /session/0bd35d5034cd75fc8dc44075a41c35a4/elements - {"using":"xpath","value":"//bdi[text()=\"OK\"]"}
RESULT: {"using":"xpath","value":"//bdi[text()=\"OK\"]"}
COMMAND: POST /session/0bd35d5034cd75fc8dc44075a41c35a4/elements - {"using":"xpath","value":"//bdi[text()=\"OK\"]"}
RESULT: {"using":"xpath","value":"//bdi[text()=\"OK\"]"}
COMMAND: POST /session/0bd35d5034cd75fc8dc44075a41c35a4/elements - {"using":"xpath","value":"//bdi[text()=\"OK\"]"}
RESULT: {"using":"xpath","value":"//bdi[text()=\"OK\"]"}
COMMAND: POST /session/0bd35d5034cd75fc8dc44075a41c35a4/elements - {"using":"xpath","value":"//bdi[text()=\"OK\"]"}
RESULT: {"using":"xpath","value":"//bdi[text()=\"OK\"]"}
COMMAND: POST /session/0bd35d5034cd75fc8dc44075a41c35a4/elements - {"using":"xpath","value":"//bdi[text()=\"OK\"]"}
RESULT: {"using":"xpath","value":"//bdi[text()=\"OK\"]"}
COMMAND: POST /session/0bd35d5034cd75fc8dc44075a41c35a4/elements - {"using":"xpath","value":"//bdi[text()=\"OK\"]"}
RESULT: {"using":"xpath","value":"//bdi[text()=\"OK\"]"}
COMMAND: POST /session/0bd35d5034cd75fc8dc44075a41c35a4/elements - {"using":"xpath","value":"//bdi[text()=\"OK\"]"}
RESULT: {"using":"xpath","value":"//bdi[text()=\"OK\"]"}
COMMAND: POST /session/0bd35d5034cd75fc8dc44075a41c35a4/elements - {"using":"xpath","value":"//bdi[text()=\"OK\"]"}
RESULT: {"using":"xpath","value":"//bdi[text()=\"OK\"]"}
COMMAND: POST /session/0bd35d5034cd75fc8dc44075a41c35a4/elements - {"using":"xpath","value":"//bdi[text()=\"OK\"]"}
RESULT: {"using":"xpath","value":"//bdi[text()=\"OK\"]"}
COMMAND: POST /session/0bd35d5034cd75fc8dc44075a41c35a4/elements - {"using":"xpath","value":"//bdi[text()=\"OK\"]"}
RESULT: {"using":"xpath","value":"//bdi[text()=\"OK\"]"}
COMMAND: POST /session/0bd35d5034cd75fc8dc44075a41c35a4/elements - {"using":"xpath","value":"//bdi[text()=\"OK\"]"}
RESULT: {"using":"xpath","value":"//bdi[text()=\"OK\"]"}
COMMAND: POST /session/0bd35d5034cd75fc8dc44075a41c35a4/elements - {"using":"xpath","value":"//bdi[text()=\"OK\"]"}
RESULT: {"using":"xpath","value":"//bdi[text()=\"OK\"]"}
COMMAND: POST /session/0bd35d5034cd75fc8dc44075a41c35a4/elements - {"using":"xpath","value":"//bdi[text()=\"OK\"]"}
RESULT: {"using":"xpath","value":"//bdi[text()=\"OK\"]"}
COMMAND: POST /session/0bd35d5034cd75fc8dc44075a41c35a4/elements - {"using":"xpath","value":"//bdi[text()=\"OK\"]"}
RESULT: {"using":"xpath","value":"//bdi[text()=\"OK\"]"}
COMMAND: POST /session/0bd35d5034cd75fc8dc44075a41c35a4/elements - {"using":"xpath","value":"//bdi[text()=\"OK\"]"}
RESULT: {"using":"xpath","value":"//bdi[text()=\"OK\"]"}
COMMAND: POST /session/0bd35d5034cd75fc8dc44075a41c35a4/elements - {"using":"xpath","value":"//bdi[text()=\"OK\"]"}
RESULT: {"using":"xpath","value":"//bdi[text()=\"OK\"]"}
COMMAND: POST /session/0bd35d5034cd75fc8dc44075a41c35a4/elements - {"using":"xpath","value":"//bdi[text()=\"OK\"]"}
RESULT: {"using":"xpath","value":"//bdi[text()=\"OK\"]"}
COMMAND: POST /session/0bd35d5034cd75fc8dc44075a41c35a4/elements - {"using":"xpath","value":"//bdi[text()=\"OK\"]"}
RESULT: {"using":"xpath","value":"//bdi[text()=\"OK\"]"}
COMMAND: POST /session/0bd35d5034cd75fc8dc44075a41c35a4/elements - {"using":"xpath","value":"//bdi[text()=\"OK\"]"}
RESULT: {"using":"xpath","value":"//bdi[text()=\"OK\"]"}
COMMAND: POST /session/0bd35d5034cd75fc8dc44075a41c35a4/elements - {"using":"xpath","value":"//bdi[text()=\"OK\"]"}
RESULT: {"using":"xpath","value":"//bdi[text()=\"OK\"]"}
COMMAND: POST /session/0bd35d5034cd75fc8dc44075a41c35a4/elements - {"using":"xpath","value":"//bdi[text()=\"OK\"]"}
RESULT: {"using":"xpath","value":"//bdi[text()=\"OK\"]"}
COMMAND: POST /session/0bd35d5034cd75fc8dc44075a41c35a4/elements - {"using":"xpath","value":"//bdi[text()=\"OK\"]"}
RESULT: {"using":"xpath","value":"//bdi[text()=\"OK\"]"}
COMMAND: POST /session/0bd35d5034cd75fc8dc44075a41c35a4/elements - {"using":"xpath","value":"//bdi[text()=\"OK\"]"}
RESULT: {"using":"xpath","value":"//bdi[text()=\"OK\"]"}
COMMAND: POST /session/0bd35d5034cd75fc8dc44075a41c35a4/elements - {"using":"xpath","value":"//bdi[text()=\"OK\"]"}
RESULT: {"using":"xpath","value":"//bdi[text()=\"OK\"]"}
COMMAND: POST /session/0bd35d5034cd75fc8dc44075a41c35a4/elements - {"using":"xpath","value":"//bdi[text()=\"OK\"]"}
RESULT: {"using":"xpath","value":"//bdi[text()=\"OK\"]"}
COMMAND: POST /session/0bd35d5034cd75fc8dc44075a41c35a4/elements - {"using":"xpath","value":"//bdi[text()=\"OK\"]"}
RESULT: {"using":"xpath","value":"//bdi[text()=\"OK\"]"}
COMMAND: POST /session/0bd35d5034cd75fc8dc44075a41c35a4/elements - {"using":"xpath","value":"//bdi[text()=\"OK\"]"}
RESULT: {"using":"xpath","value":"//bdi[text()=\"OK\"]"}
COMMAND: POST /session/0bd35d5034cd75fc8dc44075a41c35a4/elements - {"using":"xpath","value":"//bdi[text()=\"OK\"]"}
RESULT: {"using":"xpath","value":"//bdi[text()=\"OK\"]"}
COMMAND: POST /session/0bd35d5034cd75fc8dc44075a41c35a4/elements - {"using":"xpath","value":"//bdi[text()=\"OK\"]"}
RESULT: {"using":"xpath","value":"//bdi[text()=\"OK\"]"}
COMMAND: POST /session/0bd35d5034cd75fc8dc44075a41c35a4/elements - {"using":"xpath","value":"//bdi[text()=\"OK\"]"}
RESULT: {"using":"xpath","value":"//bdi[text()=\"OK\"]"}
COMMAND: POST /session/0bd35d5034cd75fc8dc44075a41c35a4/elements - {"using":"xpath","value":"//bdi[text()=\"OK\"]"}
RESULT: {"using":"xpath","value":"//bdi[text()=\"OK\"]"}
COMMAND: POST /session/0bd35d5034cd75fc8dc44075a41c35a4/elements - {"using":"xpath","value":"//bdi[text()=\"OK\"]"}
RESULT: {"using":"xpath","value":"//bdi[text()=\"OK\"]"}
COMMAND: POST /session/0bd35d5034cd75fc8dc44075a41c35a4/elements - {"using":"xpath","value":"//bdi[text()=\"OK\"]"}
RESULT: {"using":"xpath","value":"//bdi[text()=\"OK\"]"}
COMMAND: POST /session/0bd35d5034cd75fc8dc44075a41c35a4/elements - {"using":"xpath","value":"//bdi[text()=\"OK\"]"}
RESULT: {"using":"xpath","value":"//bdi[text()=\"OK\"]"}
COMMAND: POST /session/0bd35d5034cd75fc8dc44075a41c35a4/elements - {"using":"xpath","value":"//bdi[text()=\"OK\"]"}
RESULT: {"using":"xpath","value":"//bdi[text()=\"OK\"]"}
COMMAND: POST /session/0bd35d5034cd75fc8dc44075a41c35a4/elements - {"using":"xpath","value":"//bdi[text()=\"OK\"]"}
RESULT: {"using":"xpath","value":"//bdi[text()=\"OK\"]"}
COMMAND: POST /session/0bd35d5034cd75fc8dc44075a41c35a4/elements - {"using":"xpath","value":"//bdi[text()=\"OK\"]"}
COMMAND: POST /session/0bd35d5034cd75fc8dc44075a41c35a4/element - {"using":"xpath","value":"//bdi[text()=\"OK\"]"}
RESULT: {"using":"xpath","value":"//bdi[text()=\"OK\"]"}
RESULT: {"using":"xpath","value":"//bdi[text()=\"OK\"]"}
COMMAND: POST /session/0bd35d5034cd75fc8dc44075a41c35a4/elements - {"using":"xpath","value":"//bdi[text()=\"OK\"]"}
RESULT: {"using":"xpath","value":"//bdi[text()=\"OK\"]"}
COMMAND: POST /session/0bd35d5034cd75fc8dc44075a41c35a4/elements - {"using":"xpath","value":"//bdi[text()=\"OK\"]"}
RESULT: {"using":"xpath","value":"//bdi[text()=\"OK\"]"}
COMMAND: POST /session/0bd35d5034cd75fc8dc44075a41c35a4/elements - {"using":"xpath","value":"//bdi[text()=\"OK\"]"}
RESULT: {"using":"xpath","value":"//bdi[text()=\"OK\"]"}
COMMAND: POST /session/0bd35d5034cd75fc8dc44075a41c35a4/elements - {"using":"xpath","value":"//bdi[text()=\"OK\"]"}
RESULT: {"using":"xpath","value":"//bdi[text()=\"OK\"]"}
COMMAND: POST /session/0bd35d5034cd75fc8dc44075a41c35a4/elements - {"using":"xpath","value":"//bdi[text()=\"OK\"]"}
RESULT: {"using":"xpath","value":"//bdi[text()=\"OK\"]"}
COMMAND: POST /session/0bd35d5034cd75fc8dc44075a41c35a4/elements - {"using":"xpath","value":"//bdi[text()=\"OK\"]"}
RESULT: {"using":"xpath","value":"//bdi[text()=\"OK\"]"}
COMMAND: POST /session/0bd35d5034cd75fc8dc44075a41c35a4/elements - {"using":"xpath","value":"//bdi[text()=\"OK\"]"}
RESULT: {"using":"xpath","value":"//bdi[text()=\"OK\"]"}
COMMAND: POST /session/0bd35d5034cd75fc8dc44075a41c35a4/elements - {"using":"xpath","value":"//bdi[text()=\"OK\"]"}
RESULT: {"using":"xpath","value":"//bdi[text()=\"OK\"]"}
COMMAND: POST /session/0bd35d5034cd75fc8dc44075a41c35a4/elements - {"using":"xpath","value":"//bdi[text()=\"OK\"]"}
RESULT: {"using":"xpath","value":"//bdi[text()=\"OK\"]"}
COMMAND: POST /session/0bd35d5034cd75fc8dc44075a41c35a4/elements - {"using":"xpath","value":"//bdi[text()=\"OK\"]"}
RESULT: {"using":"xpath","value":"//bdi[text()=\"OK\"]"}
COMMAND: POST /session/0bd35d5034cd75fc8dc44075a41c35a4/elements - {"using":"xpath","value":"//bdi[text()=\"OK\"]"}
RESULT: {"using":"xpath","value":"//bdi[text()=\"OK\"]"}
COMMAND: POST /session/0bd35d5034cd75fc8dc44075a41c35a4/elements - {"using":"xpath","value":"//bdi[text()=\"OK\"]"}
RESULT: {"using":"xpath","value":"//bdi[text()=\"OK\"]"}
COMMAND: POST /session/0bd35d5034cd75fc8dc44075a41c35a4/elements - {"using":"xpath","value":"//bdi[text()=\"OK\"]"}
RESULT: {"using":"xpath","value":"//bdi[text()=\"OK\"]"}
COMMAND: POST /session/0bd35d5034cd75fc8dc44075a41c35a4/elements - {"using":"xpath","value":"//bdi[text()=\"OK\"]"}
RESULT: {"using":"xpath","value":"//bdi[text()=\"OK\"]"}
COMMAND: POST /session/0bd35d5034cd75fc8dc44075a41c35a4/elements - {"using":"xpath","value":"//bdi[text()=\"OK\"]"}
RESULT: {"using":"xpath","value":"//bdi[text()=\"OK\"]"}
COMMAND: POST /session/0bd35d5034cd75fc8dc44075a41c35a4/elements - {"using":"xpath","value":"//bdi[text()=\"OK\"]"}
RESULT: {"using":"xpath","value":"//bdi[text()=\"OK\"]"}
COMMAND: POST /session/0bd35d5034cd75fc8dc44075a41c35a4/elements - {"using":"xpath","value":"//bdi[text()=\"OK\"]"}
RESULT: {"using":"xpath","value":"//bdi[text()=\"OK\"]"}
COMMAND: POST /session/0bd35d5034cd75fc8dc44075a41c35a4/elements - {"using":"xpath","value":"//bdi[text()=\"OK\"]"}
RESULT: {"using":"xpath","value":"//bdi[text()=\"OK\"]"}
COMMAND: POST /session/0bd35d5034cd75fc8dc44075a41c35a4/elements - {"using":"xpath","value":"//bdi[text()=\"OK\"]"}
RESULT: {"using":"xpath","value":"//bdi[text()=\"OK\"]"}
COMMAND: POST /session/0bd35d5034cd75fc8dc44075a41c35a4/elements - {"using":"xpath","value":"//bdi[text()=\"OK\"]"}
RESULT: {"using":"xpath","value":"//bdi[text()=\"OK\"]"}
COMMAND: POST /session/0bd35d5034cd75fc8dc44075a41c35a4/elements - {"using":"xpath","value":"//bdi[text()=\"OK\"]"}
RESULT: {"using":"xpath","value":"//bdi[text()=\"OK\"]"}
COMMAND: POST /session/0bd35d5034cd75fc8dc44075a41c35a4/elements - {"using":"xpath","value":"//bdi[text()=\"OK\"]"}
RESULT: {"using":"xpath","value":"//bdi[text()=\"OK\"]"}
COMMAND: POST /session/0bd35d5034cd75fc8dc44075a41c35a4/elements - {"using":"xpath","value":"//bdi[text()=\"OK\"]"}
RESULT: {"using":"xpath","value":"//bdi[text()=\"OK\"]"}
COMMAND: POST /session/0bd35d5034cd75fc8dc44075a41c35a4/elements - {"using":"xpath","value":"//bdi[text()=\"OK\"]"}
RESULT: {"using":"xpath","value":"//bdi[text()=\"OK\"]"}
COMMAND: POST /session/0bd35d5034cd75fc8dc44075a41c35a4/elements - {"using":"xpath","value":"//bdi[text()=\"OK\"]"}
RESULT: {"using":"xpath","value":"//bdi[text()=\"OK\"]"}
COMMAND: POST /session/0bd35d5034cd75fc8dc44075a41c35a4/elements - {"using":"xpath","value":"//bdi[text()=\"OK\"]"}
RESULT: {"using":"xpath","value":"//bdi[text()=\"OK\"]"}
COMMAND: POST /session/0bd35d5034cd75fc8dc44075a41c35a4/elements - {"using":"xpath","value":"//bdi[text()=\"OK\"]"}
RESULT: {"using":"xpath","value":"//bdi[text()=\"OK\"]"}
COMMAND: POST /session/0bd35d5034cd75fc8dc44075a41c35a4/elements - {"using":"xpath","value":"//bdi[text()=\"OK\"]"}
RESULT: {"using":"xpath","value":"//bdi[text()=\"OK\"]"}
COMMAND: POST /session/0bd35d5034cd75fc8dc44075a41c35a4/elements - {"using":"xpath","value":"//bdi[text()=\"OK\"]"}
RESULT: {"using":"xpath","value":"//bdi[text()=\"OK\"]"}
COMMAND: POST /session/0bd35d5034cd75fc8dc44075a41c35a4/elements - {"using":"xpath","value":"//bdi[text()=\"OK\"]"}
RESULT: {"using":"xpath","value":"//bdi[text()=\"OK\"]"}
COMMAND: POST /session/0bd35d5034cd75fc8dc44075a41c35a4/elements - {"using":"xpath","value":"//bdi[text()=\"OK\"]"}
RESULT: {"using":"xpath","value":"//bdi[text()=\"OK\"]"}
COMMAND: POST /session/0bd35d5034cd75fc8dc44075a41c35a4/elements - {"using":"xpath","value":"//bdi[text()=\"OK\"]"}
RESULT: {"using":"xpath","value":"//bdi[text()=\"OK\"]"}
COMMAND: POST /session/0bd35d5034cd75fc8dc44075a41c35a4/elements - {"using":"xpath","value":"//bdi[text()=\"OK\"]"}
RESULT: {"using":"xpath","value":"//bdi[text()=\"OK\"]"}
COMMAND: POST /session/0bd35d5034cd75fc8dc44075a41c35a4/elements - {"using":"xpath","value":"//bdi[text()=\"OK\"]"}
RESULT: {"using":"xpath","value":"//bdi[text()=\"OK\"]"}
COMMAND: POST /session/0bd35d5034cd75fc8dc44075a41c35a4/elements - {"using":"xpath","value":"//bdi[text()=\"OK\"]"}
RESULT: {"using":"xpath","value":"//bdi[text()=\"OK\"]"}
COMMAND: POST /session/0bd35d5034cd75fc8dc44075a41c35a4/elements - {"using":"xpath","value":"//bdi[text()=\"OK\"]"}
RESULT: {"using":"xpath","value":"//bdi[text()=\"OK\"]"}
COMMAND: POST /session/0bd35d5034cd75fc8dc44075a41c35a4/elements - {"using":"xpath","value":"//bdi[text()=\"OK\"]"}
RESULT: {"using":"xpath","value":"//bdi[text()=\"OK\"]"}
COMMAND: POST /session/0bd35d5034cd75fc8dc44075a41c35a4/elements - {"using":"xpath","value":"//bdi[text()=\"OK\"]"}
RESULT: {"using":"xpath","value":"//bdi[text()=\"OK\"]"}
COMMAND: POST /session/0bd35d5034cd75fc8dc44075a41c35a4/elements - {"using":"xpath","value":"//bdi[text()=\"OK\"]"}
RESULT: {"using":"xpath","value":"//bdi[text()=\"OK\"]"}
COMMAND: POST /session/0bd35d5034cd75fc8dc44075a41c35a4/elements - {"using":"xpath","value":"//bdi[text()=\"OK\"]"}
RESULT: {"using":"xpath","value":"//bdi[text()=\"OK\"]"}
COMMAND: POST /session/0bd35d5034cd75fc8dc44075a41c35a4/elements - {"using":"xpath","value":"//bdi[text()=\"OK\"]"}
RESULT: {"using":"xpath","value":"//bdi[text()=\"OK\"]"}
COMMAND: POST /session/0bd35d5034cd75fc8dc44075a41c35a4/elements - {"using":"xpath","value":"//bdi[text()=\"OK\"]"}
RESULT: {"using":"xpath","value":"//bdi[text()=\"OK\"]"}
COMMAND: POST /session/0bd35d5034cd75fc8dc44075a41c35a4/elements - {"using":"xpath","value":"//bdi[text()=\"OK\"]"}
RESULT: {"using":"xpath","value":"//bdi[text()=\"OK\"]"}
COMMAND: POST /session/0bd35d5034cd75fc8dc44075a41c35a4/elements - {"using":"xpath","value":"//bdi[text()=\"OK\"]"}
RESULT: {"using":"xpath","value":"//bdi[text()=\"OK\"]"}
COMMAND: POST /session/0bd35d5034cd75fc8dc44075a41c35a4/elements - {"using":"xpath","value":"//bdi[text()=\"OK\"]"}
RESULT: {"using":"xpath","value":"//bdi[text()=\"OK\"]"}
COMMAND: POST /session/0bd35d5034cd75fc8dc44075a41c35a4/elements - {"using":"xpath","value":"//bdi[text()=\"OK\"]"}
RESULT: {"using":"xpath","value":"//bdi[text()=\"OK\"]"}
COMMAND: POST /session/0bd35d5034cd75fc8dc44075a41c35a4/elements - {"using":"xpath","value":"//bdi[text()=\"OK\"]"}
RESULT: {"using":"xpath","value":"//bdi[text()=\"OK\"]"}
COMMAND: POST /session/0bd35d5034cd75fc8dc44075a41c35a4/elements - {"using":"xpath","value":"//bdi[text()=\"OK\"]"}
RESULT: {"using":"xpath","value":"//bdi[text()=\"OK\"]"}
COMMAND: POST /session/0bd35d5034cd75fc8dc44075a41c35a4/elements - {"using":"xpath","value":"//bdi[text()=\"OK\"]"}
RESULT: {"using":"xpath","value":"//bdi[text()=\"OK\"]"}
COMMAND: POST /session/0bd35d5034cd75fc8dc44075a41c35a4/elements - {"using":"xpath","value":"//bdi[text()=\"OK\"]"}
RESULT: {"using":"xpath","value":"//bdi[text()=\"OK\"]"}
COMMAND: POST /session/0bd35d5034cd75fc8dc44075a41c35a4/elements - {"using":"xpath","value":"//bdi[text()=\"OK\"]"}
RESULT: {"using":"xpath","value":"//bdi[text()=\"OK\"]"}
COMMAND: POST /session/0bd35d5034cd75fc8dc44075a41c35a4/elements - {"using":"xpath","value":"//bdi[text()=\"OK\"]"}
RESULT: {"using":"xpath","value":"//bdi[text()=\"OK\"]"}
COMMAND: POST /session/0bd35d5034cd75fc8dc44075a41c35a4/elements - {"using":"xpath","value":"//bdi[text()=\"OK\"]"}
RESULT: {"using":"xpath","value":"//bdi[text()=\"OK\"]"}
COMMAND: POST /session/0bd35d5034cd75fc8dc44075a41c35a4/elements - {"using":"xpath","value":"//bdi[text()=\"OK\"]"}
RESULT: {"using":"xpath","value":"//bdi[text()=\"OK\"]"}
COMMAND: POST /session/0bd35d5034cd75fc8dc44075a41c35a4/elements - {"using":"xpath","value":"//bdi[text()=\"OK\"]"}
RESULT: {"using":"xpath","value":"//bdi[text()=\"OK\"]"}
COMMAND: POST /session/0bd35d5034cd75fc8dc44075a41c35a4/elements - {"using":"xpath","value":"//bdi[text()=\"OK\"]"}
RESULT: {"using":"xpath","value":"//bdi[text()=\"OK\"]"}
COMMAND: POST /session/0bd35d5034cd75fc8dc44075a41c35a4/elements - {"using":"xpath","value":"//bdi[text()=\"OK\"]"}
RESULT: {"using":"xpath","value":"//bdi[text()=\"OK\"]"}
COMMAND: POST /session/0bd35d5034cd75fc8dc44075a41c35a4/elements - {"using":"xpath","value":"//bdi[text()=\"OK\"]"}
RESULT: {"using":"xpath","value":"//bdi[text()=\"OK\"]"}
COMMAND: POST /session/0bd35d5034cd75fc8dc44075a41c35a4/elements - {"using":"xpath","value":"//bdi[text()=\"OK\"]"}
RESULT: {"using":"xpath","value":"//bdi[text()=\"OK\"]"}
COMMAND: POST /session/0bd35d5034cd75fc8dc44075a41c35a4/elements - {"using":"xpath","value":"//bdi[text()=\"OK\"]"}
RESULT: {"using":"xpath","value":"//bdi[text()=\"OK\"]"}
COMMAND: POST /session/0bd35d5034cd75fc8dc44075a41c35a4/elements - {"using":"xpath","value":"//bdi[text()=\"OK\"]"}
RESULT: {"using":"xpath","value":"//bdi[text()=\"OK\"]"}
COMMAND: POST /session/0bd35d5034cd75fc8dc44075a41c35a4/elements - {"using":"xpath","value":"//bdi[text()=\"OK\"]"}
RESULT: {"using":"xpath","value":"//bdi[text()=\"OK\"]"}
COMMAND: POST /session/0bd35d5034cd75fc8dc44075a41c35a4/elements - {"using":"xpath","value":"//bdi[text()=\"OK\"]"}
RESULT: {"using":"xpath","value":"//bdi[text()=\"OK\"]"}
COMMAND: POST /session/0bd35d5034cd75fc8dc44075a41c35a4/elements - {"using":"xpath","value":"//bdi[text()=\"OK\"]"}
RESULT: {"using":"xpath","value":"//bdi[text()=\"OK\"]"}
COMMAND: POST /session/0bd35d5034cd75fc8dc44075a41c35a4/elements - {"using":"xpath","value":"//bdi[text()=\"OK\"]"}
RESULT: {"using":"xpath","value":"//bdi[text()=\"OK\"]"}
COMMAND: POST /session/0bd35d5034cd75fc8dc44075a41c35a4/elements - {"using":"xpath","value":"//bdi[text()=\"OK\"]"}
RESULT: {"using":"xpath","value":"//bdi[text()=\"OK\"]"}
COMMAND: POST /session/0bd35d5034cd75fc8dc44075a41c35a4/elements - {"using":"xpath","value":"//bdi[text()=\"OK\"]"}
RESULT: {"using":"xpath","value":"//bdi[text()=\"OK\"]"}
COMMAND: POST /session/0bd35d5034cd75fc8dc44075a41c35a4/elements - {"using":"xpath","value":"//bdi[text()=\"OK\"]"}
RESULT: {"using":"xpath","value":"//bdi[text()=\"OK\"]"}
COMMAND: POST /session/0bd35d5034cd75fc8dc44075a41c35a4/elements - {"using":"xpath","value":"//bdi[text()=\"OK\"]"}
RESULT: {"using":"xpath","value":"//bdi[text()=\"OK\"]"}
COMMAND: POST /session/0bd35d5034cd75fc8dc44075a41c35a4/elements - {"using":"xpath","value":"//bdi[text()=\"OK\"]"}
RESULT: {"using":"xpath","value":"//bdi[text()=\"OK\"]"}
COMMAND: POST /session/0bd35d5034cd75fc8dc44075a41c35a4/elements - {"using":"xpath","value":"//bdi[text()=\"OK\"]"}
RESULT: {"using":"xpath","value":"//bdi[text()=\"OK\"]"}
COMMAND: POST /session/0bd35d5034cd75fc8dc44075a41c35a4/elements - {"using":"xpath","value":"//bdi[text()=\"OK\"]"}
RESULT: {"using":"xpath","value":"//bdi[text()=\"OK\"]"}
COMMAND: POST /session/0bd35d5034cd75fc8dc44075a41c35a4/elements - {"using":"xpath","value":"//bdi[text()=\"OK\"]"}
RESULT: {"using":"xpath","value":"//bdi[text()=\"OK\"]"}
COMMAND: POST /session/0bd35d5034cd75fc8dc44075a41c35a4/elements - {"using":"xpath","value":"//bdi[text()=\"OK\"]"}
RESULT: {"using":"xpath","value":"//bdi[text()=\"OK\"]"}
COMMAND: POST /session/0bd35d5034cd75fc8dc44075a41c35a4/elements - {"using":"xpath","value":"//bdi[text()=\"OK\"]"}
RESULT: {"using":"xpath","value":"//bdi[text()=\"OK\"]"}
COMMAND: POST /session/0bd35d5034cd75fc8dc44075a41c35a4/elements - {"using":"xpath","value":"//bdi[text()=\"OK\"]"}
RESULT: {"using":"xpath","value":"//bdi[text()=\"OK\"]"}
COMMAND: POST /session/0bd35d5034cd75fc8dc44075a41c35a4/elements - {"using":"xpath","value":"//bdi[text()=\"OK\"]"}
RESULT: {"using":"xpath","value":"//bdi[text()=\"OK\"]"}
COMMAND: POST /session/0bd35d5034cd75fc8dc44075a41c35a4/elements - {"using":"xpath","value":"//bdi[text()=\"OK\"]"}
RESULT: {"using":"xpath","value":"//bdi[text()=\"OK\"]"}
COMMAND: POST /session/0bd35d5034cd75fc8dc44075a41c35a4/elements - {"using":"xpath","value":"//bdi[text()=\"OK\"]"}
RESULT: {"using":"xpath","value":"//bdi[text()=\"OK\"]"}
COMMAND: POST /session/0bd35d5034cd75fc8dc44075a41c35a4/elements - {"using":"xpath","value":"//bdi[text()=\"OK\"]"}
RESULT: {"using":"xpath","value":"//bdi[text()=\"OK\"]"}
COMMAND: POST /session/0bd35d5034cd75fc8dc44075a41c35a4/elements - {"using":"xpath","value":"//bdi[text()=\"OK\"]"}
RESULT: {"using":"xpath","value":"//bdi[text()=\"OK\"]"}
COMMAND: POST /session/0bd35d5034cd75fc8dc44075a41c35a4/elements - {"using":"xpath","value":"//bdi[text()=\"OK\"]"}
RESULT: {"using":"xpath","value":"//bdi[text()=\"OK\"]"}
COMMAND: POST /session/0bd35d5034cd75fc8dc44075a41c35a4/elements - {"using":"xpath","value":"//bdi[text()=\"OK\"]"}
RESULT: {"using":"xpath","value":"//bdi[text()=\"OK\"]"}
COMMAND: POST /session/0bd35d5034cd75fc8dc44075a41c35a4/elements - {"using":"xpath","value":"//bdi[text()=\"OK\"]"}
RESULT: {"using":"xpath","value":"//bdi[text()=\"OK\"]"}
COMMAND: POST /session/0bd35d5034cd75fc8dc44075a41c35a4/elements - {"using":"xpath","value":"//bdi[text()=\"OK\"]"}
RESULT: {"using":"xpath","value":"//bdi[text()=\"OK\"]"}
COMMAND: POST /session/0bd35d5034cd75fc8dc44075a41c35a4/elements - {"using":"xpath","value":"//bdi[text()=\"OK\"]"}
RESULT: {"using":"xpath","value":"//bdi[text()=\"OK\"]"}
COMMAND: POST /session/0bd35d5034cd75fc8dc44075a41c35a4/elements - {"using":"xpath","value":"//bdi[text()=\"OK\"]"}
RESULT: {"using":"xpath","value":"//bdi[text()=\"OK\"]"}
COMMAND: POST /session/0bd35d5034cd75fc8dc44075a41c35a4/elements - {"using":"xpath","value":"//bdi[text()=\"OK\"]"}
RESULT: {"using":"xpath","value":"//bdi[text()=\"OK\"]"}
COMMAND: POST /session/0bd35d5034cd75fc8dc44075a41c35a4/elements - {"using":"xpath","value":"//bdi[text()=\"OK\"]"}
RESULT: {"using":"xpath","value":"//bdi[text()=\"OK\"]"}
COMMAND: POST /session/0bd35d5034cd75fc8dc44075a41c35a4/elements - {"using":"xpath","value":"//bdi[text()=\"OK\"]"}
RESULT: {"using":"xpath","value":"//bdi[text()=\"OK\"]"}
COMMAND: POST /session/0bd35d5034cd75fc8dc44075a41c35a4/elements - {"using":"xpath","value":"//bdi[text()=\"OK\"]"}
RESULT: {"using":"xpath","value":"//bdi[text()=\"OK\"]"}
COMMAND: POST /session/0bd35d5034cd75fc8dc44075a41c35a4/elements - {"using":"xpath","value":"//bdi[text()=\"OK\"]"}
RESULT: {"using":"xpath","value":"//bdi[text()=\"OK\"]"}
COMMAND: POST /session/0bd35d5034cd75fc8dc44075a41c35a4/elements - {"using":"xpath","value":"//bdi[text()=\"OK\"]"}
RESULT: {"using":"xpath","value":"//bdi[text()=\"OK\"]"}
COMMAND: POST /session/0bd35d5034cd75fc8dc44075a41c35a4/elements - {"using":"xpath","value":"//bdi[text()=\"OK\"]"}
RESULT: {"using":"xpath","value":"//bdi[text()=\"OK\"]"}
COMMAND: POST /session/0bd35d5034cd75fc8dc44075a41c35a4/elements - {"using":"xpath","value":"//bdi[text()=\"OK\"]"}
RESULT: {"using":"xpath","value":"//bdi[text()=\"OK\"]"}
COMMAND: POST /session/0bd35d5034cd75fc8dc44075a41c35a4/elements - {"using":"xpath","value":"//bdi[text()=\"OK\"]"}
RESULT: {"using":"xpath","value":"//bdi[text()=\"OK\"]"}
COMMAND: POST /session/0bd35d5034cd75fc8dc44075a41c35a4/elements - {"using":"xpath","value":"//bdi[text()=\"OK\"]"}
RESULT: {"using":"xpath","value":"//bdi[text()=\"OK\"]"}
COMMAND: POST /session/0bd35d5034cd75fc8dc44075a41c35a4/elements - {"using":"xpath","value":"//bdi[text()=\"OK\"]"}
RESULT: {"using":"xpath","value":"//bdi[text()=\"OK\"]"}
COMMAND: POST /session/0bd35d5034cd75fc8dc44075a41c35a4/elements - {"using":"xpath","value":"//bdi[text()=\"OK\"]"}
RESULT: {"using":"xpath","value":"//bdi[text()=\"OK\"]"}
COMMAND: POST /session/0bd35d5034cd75fc8dc44075a41c35a4/elements - {"using":"xpath","value":"//bdi[text()=\"OK\"]"}
RESULT: {"using":"xpath","value":"//bdi[text()=\"OK\"]"}
COMMAND: POST /session/0bd35d5034cd75fc8dc44075a41c35a4/elements - {"using":"xpath","value":"//bdi[text()=\"OK\"]"}
RESULT: {"using":"xpath","value":"//bdi[text()=\"OK\"]"}
COMMAND: POST /session/0bd35d5034cd75fc8dc44075a41c35a4/elements - {"using":"xpath","value":"//bdi[text()=\"OK\"]"}
RESULT: {"using":"xpath","value":"//bdi[text()=\"OK\"]"}
COMMAND: POST /session/0bd35d5034cd75fc8dc44075a41c35a4/elements - {"using":"xpath","value":"//bdi[text()=\"OK\"]"}
RESULT: {"using":"xpath","value":"//bdi[text()=\"OK\"]"}
COMMAND: POST /session/0bd35d5034cd75fc8dc44075a41c35a4/elements - {"using":"xpath","value":"//bdi[text()=\"OK\"]"}
RESULT: {"using":"xpath","value":"//bdi[text()=\"OK\"]"}
COMMAND: POST /session/0bd35d5034cd75fc8dc44075a41c35a4/elements - {"using":"xpath","value":"//bdi[text()=\"OK\"]"}
RESULT: {"using":"xpath","value":"//bdi[text()=\"OK\"]"}
COMMAND: POST /session/0bd35d5034cd75fc8dc44075a41c35a4/elements - {"using":"xpath","value":"//bdi[text()=\"OK\"]"}
RESULT: {"using":"xpath","value":"//bdi[text()=\"OK\"]"}
COMMAND: POST /session/0bd35d5034cd75fc8dc44075a41c35a4/elements - {"using":"xpath","value":"//bdi[text()=\"OK\"]"}
RESULT: {"using":"xpath","value":"//bdi[text()=\"OK\"]"}
COMMAND: POST /session/0bd35d5034cd75fc8dc44075a41c35a4/elements - {"using":"xpath","value":"//bdi[text()=\"OK\"]"}
RESULT: {"using":"xpath","value":"//bdi[text()=\"OK\"]"}
COMMAND: POST /session/0bd35d5034cd75fc8dc44075a41c35a4/elements - {"using":"xpath","value":"//bdi[text()=\"OK\"]"}
RESULT: {"using":"xpath","value":"//bdi[text()=\"OK\"]"}
COMMAND: POST /session/0bd35d5034cd75fc8dc44075a41c35a4/elements - {"using":"xpath","value":"//bdi[text()=\"OK\"]"}
RESULT: {"using":"xpath","value":"//bdi[text()=\"OK\"]"}
COMMAND: POST /session/0bd35d5034cd75fc8dc44075a41c35a4/elements - {"using":"xpath","value":"//bdi[text()=\"OK\"]"}
RESULT: {"using":"xpath","value":"//bdi[text()=\"OK\"]"}
COMMAND: POST /session/0bd35d5034cd75fc8dc44075a41c35a4/elements - {"using":"xpath","value":"//bdi[text()=\"OK\"]"}
RESULT: {"using":"xpath","value":"//bdi[text()=\"OK\"]"}
COMMAND: POST /session/0bd35d5034cd75fc8dc44075a41c35a4/elements - {"using":"xpath","value":"//bdi[text()=\"OK\"]"}
RESULT: {"using":"xpath","value":"//bdi[text()=\"OK\"]"}
COMMAND: POST /session/0bd35d5034cd75fc8dc44075a41c35a4/elements - {"using":"xpath","value":"//bdi[text()=\"OK\"]"}
RESULT: {"using":"xpath","value":"//bdi[text()=\"OK\"]"}
COMMAND: POST /session/0bd35d5034cd75fc8dc44075a41c35a4/elements - {"using":"xpath","value":"//bdi[text()=\"OK\"]"}
RESULT: {"using":"xpath","value":"//bdi[text()=\"OK\"]"}
COMMAND: POST /session/0bd35d5034cd75fc8dc44075a41c35a4/elements - {"using":"xpath","value":"//bdi[text()=\"OK\"]"}
RESULT: {"using":"xpath","value":"//bdi[text()=\"OK\"]"}
COMMAND: POST /session/0bd35d5034cd75fc8dc44075a41c35a4/elements - {"using":"xpath","value":"//bdi[text()=\"OK\"]"}
RESULT: {"using":"xpath","value":"//bdi[text()=\"OK\"]"}
COMMAND: POST /session/0bd35d5034cd75fc8dc44075a41c35a4/elements - {"using":"xpath","value":"//bdi[text()=\"OK\"]"}
RESULT: {"using":"xpath","value":"//bdi[text()=\"OK\"]"}
COMMAND: POST /session/0bd35d5034cd75fc8dc44075a41c35a4/elements - {"using":"xpath","value":"//bdi[text()=\"OK\"]"}
RESULT: {"using":"xpath","value":"//bdi[text()=\"OK\"]"}
COMMAND: POST /session/0bd35d5034cd75fc8dc44075a41c35a4/elements - {"using":"xpath","value":"//bdi[text()=\"OK\"]"}
RESULT: {"using":"xpath","value":"//bdi[text()=\"OK\"]"}
COMMAND: POST /session/0bd35d5034cd75fc8dc44075a41c35a4/execute/async - {"script":"<script> [1562 bytes]","args":[{"selector":{"id":"application-manageresources-display-component---newResourceUnit--TYPE-arrow"},"wdio_ui5_key":"applicationmanageresources-display-component---newResourceUnit--TYPE-arrow"}]}
RESULT: {"script":"<script> [1562 bytes]","args":[{"selector":{"id":"application-manageresources-display-component---newResourceUnit--TYPE-arrow"},"wdio_ui5_key":"applicationmanageresources-display-component---newResourceUnit--TYPE-arrow"}]}
RESULT: undefined
COMMAND: POST /session/0bd35d5034cd75fc8dc44075a41c35a4/element - {"using":"xpath","value":"//*[@id=\"application-manageresources-display-component---newResourceUnit--TYPE-arrow\"]"}
RESULT: {"using":"xpath","value":"//*[@id=\"application-manageresources-display-component---newResourceUnit--TYPE-arrow\"]"}
COMMAND: POST /session/0bd35d5034cd75fc8dc44075a41c35a4/element/f.1DB2A491F1B7C642484AEDF47EA6FD52.d.58F29D184834EBB167A43D0E57507C36.e.2971/click - {}
RESULT: {}
COMMAND: POST /session/0bd35d5034cd75fc8dc44075a41c35a4/execute/async - {"script":"<script> [1562 bytes]","args":[{"selector":{"controlType":"sap.m.StandardListItem","viewName":"reusables.view.manageresources.NewResourceUnit","viewId":"application-manageresources-display-component---newResourceUnit","properties":{"title":"Material"},"searchOpenDialogs":true,"interaction":{"idSuffix":"titleText"}},"wdio_ui5_key":"reusablesview.manageresources.NewResourceUnitsap.m.StandardListItem{\"title\":\"Material\"}"}]}
COMMAND: GET /session/0bd35d5034cd75fc8dc44075a41c35a4/screenshot - {}
RESULT: {"script":"<script> [1562 bytes]","args":[{"selector":{"controlType":"sap.m.StandardListItem","viewName":"reusables.view.manageresources.NewResourceUnit","viewId":"application-manageresources-display-component---newResourceUnit","properties":{"title":"Material"},"searchOpenDialogs":true,"interaction":{"idSuffix":"titleText"}},"wdio_ui5_key":"reusablesview.manageresources.NewResourceUnitsap.m.StandardListItem{\"title\":\"Material\"}"}]}
RESULT: undefined
COMMAND: POST /session/0bd35d5034cd75fc8dc44075a41c35a4/element - {"using":"xpath","value":"//*[@id=\"__item1108\"]"}
RESULT: {}
RESULT: {"using":"xpath","value":"//*[@id=\"__item1108\"]"}
COMMAND: POST /session/0bd35d5034cd75fc8dc44075a41c35a4/element/f.1DB2A491F1B7C642484AEDF47EA6FD52.d.58F29D184834EBB167A43D0E57507C36.e.2974/click - {}
RESULT: {}
COMMAND: GET /session/0bd35d5034cd75fc8dc44075a41c35a4/screenshot - {}
RESULT: {}
COMMAND: POST /session/0bd35d5034cd75fc8dc44075a41c35a4/execute/async - {"script":"<script> [1562 bytes]","args":[{"selector":{"id":"application-manageresources-display-component---newResourceUnit--newRRUPage-OPHeaderContent-collapseBtn-img"},"wdio_ui5_key":"applicationmanageresources-display-component---newResourceUnit--newRRUPage-OPHeaderContent-collapseBtn-img"}]}
RESULT: {"script":"<script> [1562 bytes]","args":[{"selector":{"id":"application-manageresources-display-component---newResourceUnit--newRRUPage-OPHeaderContent-collapseBtn-img"},"wdio_ui5_key":"applicationmanageresources-display-component---newResourceUnit--newRRUPage-OPHeaderContent-collapseBtn-img"}]}
RESULT: undefined
COMMAND: POST /session/0bd35d5034cd75fc8dc44075a41c35a4/element - {"using":"xpath","value":"//*[@id=\"application-manageresources-display-component---newResourceUnit--newRRUPage-OPHeaderContent-collapseBtn-img\"]"}
RESULT: {"using":"xpath","value":"//*[@id=\"application-manageresources-display-component---newResourceUnit--newRRUPage-OPHeaderContent-collapseBtn-img\"]"}
COMMAND: POST /session/0bd35d5034cd75fc8dc44075a41c35a4/element/f.1DB2A491F1B7C642484AEDF47EA6FD52.d.58F29D184834EBB167A43D0E57507C36.e.2981/click - {}
RESULT: {}
COMMAND: GET /session/0bd35d5034cd75fc8dc44075a41c35a4/screenshot - {}
RESULT: {}
COMMAND: POST /session/0bd35d5034cd75fc8dc44075a41c35a4/execute/async - {"script":"<script> [1562 bytes]","args":[{"selector":{"id":"application-manageresources-display-component---newResourceUnit--SHORT_TEXT","interaction":{"idSuffix":"inner"}},"wdio_ui5_key":"applicationmanageresources-display-component---newResourceUnit--SHORT_TEXT"}]}
RESULT: {"script":"<script> [1562 bytes]","args":[{"selector":{"id":"application-manageresources-display-component---newResourceUnit--SHORT_TEXT","interaction":{"idSuffix":"inner"}},"wdio_ui5_key":"applicationmanageresources-display-component---newResourceUnit--SHORT_TEXT"}]}
RESULT: undefined
COMMAND: POST /session/0bd35d5034cd75fc8dc44075a41c35a4/execute/async - {"script":"<script> [776 bytes]","args":[{"enterText":"WebdriverWHM_RUR2Cfzyzyk","selector":{"id":"application-manageresources-display-component---newResourceUnit--SHORT_TEXT","interaction":{"idSuffix":"inner"}},"clearTextFirst":true,"interactionType":"ENTER_TEXT"}]}
RESULT: {"script":"<script> [776 bytes]","args":[{"enterText":"WebdriverWHM_RUR2Cfzyzyk","selector":{"id":"application-manageresources-display-component---newResourceUnit--SHORT_TEXT","interaction":{"idSuffix":"inner"}},"clearTextFirst":true,"interactionType":"ENTER_TEXT"}]}
COMMAND: POST /session/0bd35d5034cd75fc8dc44075a41c35a4/execute/async - {"script":"<script> [1562 bytes]","args":[{"selector":{"id":"application-manageresources-display-component---newResourceUnit--BASE_UNIT_OF_MEASURE-arrow"},"wdio_ui5_key":"applicationmanageresources-display-component---newResourceUnit--BASE_UNIT_OF_MEASURE-arrow"}]}
RESULT: {"script":"<script> [1562 bytes]","args":[{"selector":{"id":"application-manageresources-display-component---newResourceUnit--BASE_UNIT_OF_MEASURE-arrow"},"wdio_ui5_key":"applicationmanageresources-display-component---newResourceUnit--BASE_UNIT_OF_MEASURE-arrow"}]}
RESULT: undefined
COMMAND: POST /session/0bd35d5034cd75fc8dc44075a41c35a4/element - {"using":"xpath","value":"//*[@id=\"application-manageresources-display-component---newResourceUnit--BASE_UNIT_OF_MEASURE-arrow\"]"}
RESULT: {"using":"xpath","value":"//*[@id=\"application-manageresources-display-component---newResourceUnit--BASE_UNIT_OF_MEASURE-arrow\"]"}
COMMAND: POST /session/0bd35d5034cd75fc8dc44075a41c35a4/element/f.1DB2A491F1B7C642484AEDF47EA6FD52.d.58F29D184834EBB167A43D0E57507C36.e.3034/click - {}
RESULT: {}
COMMAND: POST /session/0bd35d5034cd75fc8dc44075a41c35a4/execute/async - {"script":"<script> [1562 bytes]","args":[{"selector":{"controlType":"sap.m.StandardListItem","viewName":"reusables.view.manageresources.NewResourceUnit","viewId":"application-manageresources-display-component---newResourceUnit","properties":{"title":"Piece"},"searchOpenDialogs":true,"interaction":{"idSuffix":"content"}},"wdio_ui5_key":"reusablesview.manageresources.NewResourceUnitsap.m.StandardListItem{\"title\":\"Piece\"}"}]}
COMMAND: GET /session/0bd35d5034cd75fc8dc44075a41c35a4/screenshot - {}
RESULT: {"script":"<script> [1562 bytes]","args":[{"selector":{"controlType":"sap.m.StandardListItem","viewName":"reusables.view.manageresources.NewResourceUnit","viewId":"application-manageresources-display-component---newResourceUnit","properties":{"title":"Piece"},"searchOpenDialogs":true,"interaction":{"idSuffix":"content"}},"wdio_ui5_key":"reusablesview.manageresources.NewResourceUnitsap.m.StandardListItem{\"title\":\"Piece\"}"}]}
RESULT: undefined
COMMAND: POST /session/0bd35d5034cd75fc8dc44075a41c35a4/element - {"using":"xpath","value":"//*[@id=\"__item1152\"]"}
RESULT: {}
RESULT: {"using":"xpath","value":"//*[@id=\"__item1152\"]"}
COMMAND: POST /session/0bd35d5034cd75fc8dc44075a41c35a4/element/f.1DB2A491F1B7C642484AEDF47EA6FD52.d.58F29D184834EBB167A43D0E57507C36.e.3036/click - {}
RESULT: {}
COMMAND: POST /session/0bd35d5034cd75fc8dc44075a41c35a4/execute/async - {"script":"<script> [1562 bytes]","args":[{"selector":{"id":"application-manageresources-display-component---newResourceUnit--WEIGHT_UNIT-arrow"},"wdio_ui5_key":"applicationmanageresources-display-component---newResourceUnit--WEIGHT_UNIT-arrow"}]}
COMMAND: GET /session/0bd35d5034cd75fc8dc44075a41c35a4/screenshot - {}
RESULT: {"script":"<script> [1562 bytes]","args":[{"selector":{"id":"application-manageresources-display-component---newResourceUnit--WEIGHT_UNIT-arrow"},"wdio_ui5_key":"applicationmanageresources-display-component---newResourceUnit--WEIGHT_UNIT-arrow"}]}
RESULT: undefined
COMMAND: POST /session/0bd35d5034cd75fc8dc44075a41c35a4/element - {"using":"xpath","value":"//*[@id=\"application-manageresources-display-component---newResourceUnit--WEIGHT_UNIT-arrow\"]"}
RESULT: {}
RESULT: {"using":"xpath","value":"//*[@id=\"application-manageresources-display-component---newResourceUnit--WEIGHT_UNIT-arrow\"]"}
COMMAND: POST /session/0bd35d5034cd75fc8dc44075a41c35a4/element/f.1DB2A491F1B7C642484AEDF47EA6FD52.d.58F29D184834EBB167A43D0E57507C36.e.3037/click - {}
RESULT: {}
COMMAND: POST /session/0bd35d5034cd75fc8dc44075a41c35a4/execute/async - {"script":"<script> [1562 bytes]","args":[{"selector":{"controlType":"sap.m.StandardListItem","viewName":"reusables.view.manageresources.NewResourceUnit","viewId":"application-manageresources-display-component---newResourceUnit","properties":{"title":"Gram"},"searchOpenDialogs":true,"interaction":{"idSuffix":"content"}},"wdio_ui5_key":"reusablesview.manageresources.NewResourceUnitsap.m.StandardListItem{\"title\":\"Gram\"}"}]}
COMMAND: GET /session/0bd35d5034cd75fc8dc44075a41c35a4/screenshot - {}
RESULT: {"script":"<script> [1562 bytes]","args":[{"selector":{"controlType":"sap.m.StandardListItem","viewName":"reusables.view.manageresources.NewResourceUnit","viewId":"application-manageresources-display-component---newResourceUnit","properties":{"title":"Gram"},"searchOpenDialogs":true,"interaction":{"idSuffix":"content"}},"wdio_ui5_key":"reusablesview.manageresources.NewResourceUnitsap.m.StandardListItem{\"title\":\"Gram\"}"}]}
RESULT: undefined
COMMAND: POST /session/0bd35d5034cd75fc8dc44075a41c35a4/element - {"using":"xpath","value":"//*[@id=\"__item1217\"]"}
RESULT: {}
RESULT: {"using":"xpath","value":"//*[@id=\"__item1217\"]"}
COMMAND: POST /session/0bd35d5034cd75fc8dc44075a41c35a4/element/f.1DB2A491F1B7C642484AEDF47EA6FD52.d.58F29D184834EBB167A43D0E57507C36.e.3039/click - {}
RESULT: {}
COMMAND: POST /session/0bd35d5034cd75fc8dc44075a41c35a4/element - {"using":"xpath","value":"//bdi[text()='Reference']"}
COMMAND: GET /session/0bd35d5034cd75fc8dc44075a41c35a4/screenshot - {}
RESULT: {"using":"xpath","value":"//bdi[text()='Reference']"}
COMMAND: GET /session/0bd35d5034cd75fc8dc44075a41c35a4/element/f.1DB2A491F1B7C642484AEDF47EA6FD52.d.58F29D184834EBB167A43D0E57507C36.e.3040/enabled - {}
RESULT: {}
RESULT: {}
COMMAND: POST /session/0bd35d5034cd75fc8dc44075a41c35a4/execute/sync - {"script":"<script> [8489 bytes]","args":[{"element-6066-11e4-a52e-4f735466cecf":"f.1DB2A491F1B7C642484AEDF47EA6FD52.d.58F29D184834EBB167A43D0E57507C36.e.3040","ELEMENT":"f.1DB2A491F1B7C642484AEDF47EA6FD52.d.58F29D184834EBB167A43D0E57507C36.e.3040"}]}
COMMAND: GET /session/0bd35d5034cd75fc8dc44075a41c35a4/screenshot - {}
RESULT: {"script":"<script> [8489 bytes]","args":[{"element-6066-11e4-a52e-4f735466cecf":"f.1DB2A491F1B7C642484AEDF47EA6FD52.d.58F29D184834EBB167A43D0E57507C36.e.3040","ELEMENT":"f.1DB2A491F1B7C642484AEDF47EA6FD52.d.58F29D184834EBB167A43D0E57507C36.e.3040"}]}
COMMAND: POST /session/0bd35d5034cd75fc8dc44075a41c35a4/execute/sync - {"script":"<script> [5351 bytes]","args":[{"element-6066-11e4-a52e-4f735466cecf":"f.1DB2A491F1B7C642484AEDF47EA6FD52.d.58F29D184834EBB167A43D0E57507C36.e.3040","ELEMENT":"f.1DB2A491F1B7C642484AEDF47EA6FD52.d.58F29D184834EBB167A43D0E57507C36.e.3040"}]}
COMMAND: GET /session/0bd35d5034cd75fc8dc44075a41c35a4/screenshot - {}
RESULT: {}
RESULT: {"script":"<script> [5351 bytes]","args":[{"element-6066-11e4-a52e-4f735466cecf":"f.1DB2A491F1B7C642484AEDF47EA6FD52.d.58F29D184834EBB167A43D0E57507C36.e.3040","ELEMENT":"f.1DB2A491F1B7C642484AEDF47EA6FD52.d.58F29D184834EBB167A43D0E57507C36.e.3040"}]}
COMMAND: POST /session/0bd35d5034cd75fc8dc44075a41c35a4/element/f.1DB2A491F1B7C642484AEDF47EA6FD52.d.58F29D184834EBB167A43D0E57507C36.e.3040/click - {}
COMMAND: GET /session/0bd35d5034cd75fc8dc44075a41c35a4/screenshot - {}
RESULT: {}
RESULT: {}
COMMAND: POST /session/0bd35d5034cd75fc8dc44075a41c35a4/element - {"using":"xpath","value":"//bdi[text()='General Information']"}
COMMAND: GET /session/0bd35d5034cd75fc8dc44075a41c35a4/screenshot - {}
RESULT: {}
RESULT: {"using":"xpath","value":"//bdi[text()='General Information']"}
COMMAND: GET /session/0bd35d5034cd75fc8dc44075a41c35a4/element/f.1DB2A491F1B7C642484AEDF47EA6FD52.d.58F29D184834EBB167A43D0E57507C36.e.3045/enabled - {}
RESULT: {}
RESULT: {}
COMMAND: POST /session/0bd35d5034cd75fc8dc44075a41c35a4/execute/sync - {"script":"<script> [8489 bytes]","args":[{"element-6066-11e4-a52e-4f735466cecf":"f.1DB2A491F1B7C642484AEDF47EA6FD52.d.58F29D184834EBB167A43D0E57507C36.e.3045","ELEMENT":"f.1DB2A491F1B7C642484AEDF47EA6FD52.d.58F29D184834EBB167A43D0E57507C36.e.3045"}]}
COMMAND: GET /session/0bd35d5034cd75fc8dc44075a41c35a4/screenshot - {}
RESULT: {"script":"<script> [8489 bytes]","args":[{"element-6066-11e4-a52e-4f735466cecf":"f.1DB2A491F1B7C642484AEDF47EA6FD52.d.58F29D184834EBB167A43D0E57507C36.e.3045","ELEMENT":"f.1DB2A491F1B7C642484AEDF47EA6FD52.d.58F29D184834EBB167A43D0E57507C36.e.3045"}]}
COMMAND: POST /session/0bd35d5034cd75fc8dc44075a41c35a4/execute/sync - {"script":"<script> [5351 bytes]","args":[{"element-6066-11e4-a52e-4f735466cecf":"f.1DB2A491F1B7C642484AEDF47EA6FD52.d.58F29D184834EBB167A43D0E57507C36.e.3045","ELEMENT":"f.1DB2A491F1B7C642484AEDF47EA6FD52.d.58F29D184834EBB167A43D0E57507C36.e.3045"}]}
COMMAND: GET /session/0bd35d5034cd75fc8dc44075a41c35a4/screenshot - {}
RESULT: {}
RESULT: {"script":"<script> [5351 bytes]","args":[{"element-6066-11e4-a52e-4f735466cecf":"f.1DB2A491F1B7C642484AEDF47EA6FD52.d.58F29D184834EBB167A43D0E57507C36.e.3045","ELEMENT":"f.1DB2A491F1B7C642484AEDF47EA6FD52.d.58F29D184834EBB167A43D0E57507C36.e.3045"}]}
COMMAND: POST /session/0bd35d5034cd75fc8dc44075a41c35a4/element/f.1DB2A491F1B7C642484AEDF47EA6FD52.d.58F29D184834EBB167A43D0E57507C36.e.3045/click - {}
COMMAND: GET /session/0bd35d5034cd75fc8dc44075a41c35a4/screenshot - {}
RESULT: {}
RESULT: {}
COMMAND: POST /session/0bd35d5034cd75fc8dc44075a41c35a4/execute/async - {"script":"<script> [1562 bytes]","args":[{"selector":{"id":"application-manageresources-display-component---newResourceUnit--DIMENSION_UNIT-arrow"},"wdio_ui5_key":"applicationmanageresources-display-component---newResourceUnit--DIMENSION_UNIT-arrow"}]}
COMMAND: GET /session/0bd35d5034cd75fc8dc44075a41c35a4/screenshot - {}
RESULT: {}
RESULT: {"script":"<script> [1562 bytes]","args":[{"selector":{"id":"application-manageresources-display-component---newResourceUnit--DIMENSION_UNIT-arrow"},"wdio_ui5_key":"applicationmanageresources-display-component---newResourceUnit--DIMENSION_UNIT-arrow"}]}
RESULT: undefined
COMMAND: POST /session/0bd35d5034cd75fc8dc44075a41c35a4/element - {"using":"xpath","value":"//*[@id=\"application-manageresources-display-component---newResourceUnit--DIMENSION_UNIT-arrow\"]"}
RESULT: {}
RESULT: {"using":"xpath","value":"//*[@id=\"application-manageresources-display-component---newResourceUnit--DIMENSION_UNIT-arrow\"]"}
COMMAND: POST /session/0bd35d5034cd75fc8dc44075a41c35a4/element/f.1DB2A491F1B7C642484AEDF47EA6FD52.d.58F29D184834EBB167A43D0E57507C36.e.3049/click - {}
RESULT: {}
COMMAND: GET /session/0bd35d5034cd75fc8dc44075a41c35a4/screenshot - {}
RESULT: {}
COMMAND: POST /session/0bd35d5034cd75fc8dc44075a41c35a4/execute/async - {"script":"<script> [1562 bytes]","args":[{"selector":{"controlType":"sap.m.StandardListItem","viewName":"reusables.view.manageresources.NewResourceUnit","viewId":"application-manageresources-display-component---newResourceUnit","properties":{"title":"Centimeter"},"searchOpenDialogs":true,"interaction":{"idSuffix":"titleText"}},"wdio_ui5_key":"reusablesview.manageresources.NewResourceUnitsap.m.StandardListItem{\"title\":\"Centimeter\"}"}]}
RESULT: {"script":"<script> [1562 bytes]","args":[{"selector":{"controlType":"sap.m.StandardListItem","viewName":"reusables.view.manageresources.NewResourceUnit","viewId":"application-manageresources-display-component---newResourceUnit","properties":{"title":"Centimeter"},"searchOpenDialogs":true,"interaction":{"idSuffix":"titleText"}},"wdio_ui5_key":"reusablesview.manageresources.NewResourceUnitsap.m.StandardListItem{\"title\":\"Centimeter\"}"}]}
RESULT: undefined
COMMAND: POST /session/0bd35d5034cd75fc8dc44075a41c35a4/element - {"using":"xpath","value":"//*[@id=\"__item1220\"]"}
RESULT: {"using":"xpath","value":"//*[@id=\"__item1220\"]"}
COMMAND: POST /session/0bd35d5034cd75fc8dc44075a41c35a4/element/f.1DB2A491F1B7C642484AEDF47EA6FD52.d.58F29D184834EBB167A43D0E57507C36.e.3051/click - {}
RESULT: {}
COMMAND: POST /session/0bd35d5034cd75fc8dc44075a41c35a4/execute/async - {"script":"<script> [1562 bytes]","args":[{"selector":{"id":"application-manageresources-display-component---newResourceUnit--newRRUPage-anchBar-application-manageresources-display-component---newResourceUnit--reference-anchor","interaction":{"idSuffix":"BDI-content"}},"wdio_ui5_key":"applicationmanageresources-display-component---newResourceUnit--newRRUPage-anchBar-application-manageresources-display-component---newResourceUnit--reference-anchor"}]}
COMMAND: GET /session/0bd35d5034cd75fc8dc44075a41c35a4/screenshot - {}
RESULT: {"script":"<script> [1562 bytes]","args":[{"selector":{"id":"application-manageresources-display-component---newResourceUnit--newRRUPage-anchBar-application-manageresources-display-component---newResourceUnit--reference-anchor","interaction":{"idSuffix":"BDI-content"}},"wdio_ui5_key":"applicationmanageresources-display-component---newResourceUnit--newRRUPage-anchBar-application-manageresources-display-component---newResourceUnit--reference-anchor"}]}
RESULT: undefined
COMMAND: POST /session/0bd35d5034cd75fc8dc44075a41c35a4/element - {"using":"xpath","value":"//*[@id=\"application-manageresources-display-component---newResourceUnit--newRRUPage-anchBar-application-manageresources-display-component---newResourceUnit--reference-anchor\"]"}
RESULT: {}
RESULT: {"using":"xpath","value":"//*[@id=\"application-manageresources-display-component---newResourceUnit--newRRUPage-anchBar-application-manageresources-display-component---newResourceUnit--reference-anchor\"]"}
COMMAND: POST /session/0bd35d5034cd75fc8dc44075a41c35a4/element/f.1DB2A491F1B7C642484AEDF47EA6FD52.d.58F29D184834EBB167A43D0E57507C36.e.3041/click - {}
RESULT: {}
COMMAND: POST /session/0bd35d5034cd75fc8dc44075a41c35a4/execute/async - {"script":"<script> [1562 bytes]","args":[{"selector":{"id":"application-manageresources-display-component---newResourceUnit--PLANNING_GROUP-arrow"},"wdio_ui5_key":"applicationmanageresources-display-component---newResourceUnit--PLANNING_GROUP-arrow"}]}
COMMAND: GET /session/0bd35d5034cd75fc8dc44075a41c35a4/screenshot - {}
RESULT: {"script":"<script> [1562 bytes]","args":[{"selector":{"id":"application-manageresources-display-component---newResourceUnit--PLANNING_GROUP-arrow"},"wdio_ui5_key":"applicationmanageresources-display-component---newResourceUnit--PLANNING_GROUP-arrow"}]}
RESULT: undefined
COMMAND: POST /session/0bd35d5034cd75fc8dc44075a41c35a4/element - {"using":"xpath","value":"//*[@id=\"application-manageresources-display-component---newResourceUnit--PLANNING_GROUP-arrow\"]"}
RESULT: {}
RESULT: {"using":"xpath","value":"//*[@id=\"application-manageresources-display-component---newResourceUnit--PLANNING_GROUP-arrow\"]"}
COMMAND: POST /session/0bd35d5034cd75fc8dc44075a41c35a4/element/f.1DB2A491F1B7C642484AEDF47EA6FD52.d.58F29D184834EBB167A43D0E57507C36.e.3053/click - {}
RESULT: {}
COMMAND: POST /session/0bd35d5034cd75fc8dc44075a41c35a4/execute/async - {"script":"<script> [1562 bytes]","args":[{"selector":{"controlType":"sap.m.StandardListItem","viewName":"reusables.view.manageresources.NewResourceUnit","viewId":"application-manageresources-display-component---newResourceUnit","properties":{"title":"Heavy Equi"},"searchOpenDialogs":true,"interaction":{"idSuffix":"content"}},"wdio_ui5_key":"reusablesview.manageresources.NewResourceUnitsap.m.StandardListItem{\"title\":\"Heavy Equi\"}"}]}
COMMAND: GET /session/0bd35d5034cd75fc8dc44075a41c35a4/screenshot - {}
RESULT: {"script":"<script> [1562 bytes]","args":[{"selector":{"controlType":"sap.m.StandardListItem","viewName":"reusables.view.manageresources.NewResourceUnit","viewId":"application-manageresources-display-component---newResourceUnit","properties":{"title":"Heavy Equi"},"searchOpenDialogs":true,"interaction":{"idSuffix":"content"}},"wdio_ui5_key":"reusablesview.manageresources.NewResourceUnitsap.m.StandardListItem{\"title\":\"Heavy Equi\"}"}]}
RESULT: undefined
COMMAND: POST /session/0bd35d5034cd75fc8dc44075a41c35a4/element - {"using":"xpath","value":"//*[@id=\"__item1228\"]"}
RESULT: {}
RESULT: {"using":"xpath","value":"//*[@id=\"__item1228\"]"}
COMMAND: POST /session/0bd35d5034cd75fc8dc44075a41c35a4/element/f.1DB2A491F1B7C642484AEDF47EA6FD52.d.58F29D184834EBB167A43D0E57507C36.e.3055/click - {}
RESULT: {}
COMMAND: GET /session/0bd35d5034cd75fc8dc44075a41c35a4/screenshot - {}
RESULT: {}
COMMAND: POST /session/0bd35d5034cd75fc8dc44075a41c35a4/execute/async - {"script":"<script> [1562 bytes]","args":[{"selector":{"id":"application-manageresources-display-component---newResourceUnit--PLANNING_INDICATOR-arrow"},"wdio_ui5_key":"applicationmanageresources-display-component---newResourceUnit--PLANNING_INDICATOR-arrow"}]}
RESULT: {"script":"<script> [1562 bytes]","args":[{"selector":{"id":"application-manageresources-display-component---newResourceUnit--PLANNING_INDICATOR-arrow"},"wdio_ui5_key":"applicationmanageresources-display-component---newResourceUnit--PLANNING_INDICATOR-arrow"}]}
RESULT: undefined
COMMAND: POST /session/0bd35d5034cd75fc8dc44075a41c35a4/element - {"using":"xpath","value":"//*[@id=\"application-manageresources-display-component---newResourceUnit--PLANNING_INDICATOR-arrow\"]"}
RESULT: {"using":"xpath","value":"//*[@id=\"application-manageresources-display-component---newResourceUnit--PLANNING_INDICATOR-arrow\"]"}
COMMAND: POST /session/0bd35d5034cd75fc8dc44075a41c35a4/element/f.1DB2A491F1B7C642484AEDF47EA6FD52.d.58F29D184834EBB167A43D0E57507C36.e.3056/click - {}
RESULT: {}
COMMAND: POST /session/0bd35d5034cd75fc8dc44075a41c35a4/execute/async - {"script":"<script> [1562 bytes]","args":[{"selector":{"controlType":"sap.m.StandardListItem","viewName":"reusables.view.manageresources.NewResourceUnit","viewId":"application-manageresources-display-component---newResourceUnit","properties":{"title":"10 - infinite"},"searchOpenDialogs":true,"interaction":{"idSuffix":"content"}},"wdio_ui5_key":"reusablesview.manageresources.NewResourceUnitsap.m.StandardListItem{\"title\":\"10 - infinite\"}"}]}
COMMAND: GET /session/0bd35d5034cd75fc8dc44075a41c35a4/screenshot - {}
RESULT: {"script":"<script> [1562 bytes]","args":[{"selector":{"controlType":"sap.m.StandardListItem","viewName":"reusables.view.manageresources.NewResourceUnit","viewId":"application-manageresources-display-component---newResourceUnit","properties":{"title":"10 - infinite"},"searchOpenDialogs":true,"interaction":{"idSuffix":"content"}},"wdio_ui5_key":"reusablesview.manageresources.NewResourceUnitsap.m.StandardListItem{\"title\":\"10 - infinite\"}"}]}
RESULT: undefined
COMMAND: POST /session/0bd35d5034cd75fc8dc44075a41c35a4/element - {"using":"xpath","value":"//*[@id=\"__item1238\"]"}
RESULT: {}
RESULT: {"using":"xpath","value":"//*[@id=\"__item1238\"]"}
COMMAND: POST /session/0bd35d5034cd75fc8dc44075a41c35a4/element/f.1DB2A491F1B7C642484AEDF47EA6FD52.d.58F29D184834EBB167A43D0E57507C36.e.3058/click - {}
RESULT: {}
COMMAND: GET /session/0bd35d5034cd75fc8dc44075a41c35a4/screenshot - {}
RESULT: {}
COMMAND: POST /session/0bd35d5034cd75fc8dc44075a41c35a4/element - {"using":"xpath","value":"//bdi[contains(text(), \"Time Segment\")]"}
RESULT: {"using":"xpath","value":"//bdi[contains(text(), \"Time Segment\")]"}
COMMAND: GET /session/0bd35d5034cd75fc8dc44075a41c35a4/element/f.1DB2A491F1B7C642484AEDF47EA6FD52.d.58F29D184834EBB167A43D0E57507C36.e.3059/rect - {}
RESULT: {}
COMMAND: GET /session/0bd35d5034cd75fc8dc44075a41c35a4/window/rect - {}
RESULT: {}
COMMAND: POST /session/0bd35d5034cd75fc8dc44075a41c35a4/execute/sync - {"script":"<script> [92 bytes]","args":[]}
RESULT: {"script":"<script> [92 bytes]","args":[]}
COMMAND: POST /session/0bd35d5034cd75fc8dc44075a41c35a4/actions - {"actions":[{"id":"action13","type":"wheel","parameters":{},"actions":[{"type":"scroll","x":-1804,"y":-21,"deltaX":0,"deltaY":0,"duration":0,"origin":{"element-6066-11e4-a52e-4f735466cecf":"f.1DB2A491F1B7C642484AEDF47EA6FD52.d.58F29D184834EBB167A43D0E57507C36.e.3059"}}]}]}
COMMAND: GET /session/0bd35d5034cd75fc8dc44075a41c35a4/screenshot - {}
RESULT: {}
COMMAND: POST /session/0bd35d5034cd75fc8dc44075a41c35a4/execute/sync - {"script":"<script> [79 bytes]","args":[{"element-6066-11e4-a52e-4f735466cecf":"f.1DB2A491F1B7C642484AEDF47EA6FD52.d.58F29D184834EBB167A43D0E57507C36.e.3059","ELEMENT":"f.1DB2A491F1B7C642484AEDF47EA6FD52.d.58F29D184834EBB167A43D0E57507C36.e.3059"},{"block":"start","inline":"nearest"}]}
RESULT: {"script":"<script> [79 bytes]","args":[{"element-6066-11e4-a52e-4f735466cecf":"f.1DB2A491F1B7C642484AEDF47EA6FD52.d.58F29D184834EBB167A43D0E57507C36.e.3059","ELEMENT":"f.1DB2A491F1B7C642484AEDF47EA6FD52.d.58F29D184834EBB167A43D0E57507C36.e.3059"},{"block":"start","inline":"nearest"}]}
COMMAND: GET /session/0bd35d5034cd75fc8dc44075a41c35a4/screenshot - {}
RESULT: {}
COMMAND: POST /session/0bd35d5034cd75fc8dc44075a41c35a4/element - {"using":"xpath","value":"//span[@id=\"application-manageresources-display-component---newResourceUnit--btnAddTimeSegment-img\"]"}
RESULT: {"using":"xpath","value":"//span[@id=\"application-manageresources-display-component---newResourceUnit--btnAddTimeSegment-img\"]"}
COMMAND: POST /session/0bd35d5034cd75fc8dc44075a41c35a4/execute/sync - {"script":"<script> [8489 bytes]","args":[{"element-6066-11e4-a52e-4f735466cecf":"f.1DB2A491F1B7C642484AEDF47EA6FD52.d.58F29D184834EBB167A43D0E57507C36.e.3062","ELEMENT":"f.1DB2A491F1B7C642484AEDF47EA6FD52.d.58F29D184834EBB167A43D0E57507C36.e.3062"}]}
RESULT: {"script":"<script> [8489 bytes]","args":[{"element-6066-11e4-a52e-4f735466cecf":"f.1DB2A491F1B7C642484AEDF47EA6FD52.d.58F29D184834EBB167A43D0E57507C36.e.3062","ELEMENT":"f.1DB2A491F1B7C642484AEDF47EA6FD52.d.58F29D184834EBB167A43D0E57507C36.e.3062"}]}
COMMAND: POST /session/0bd35d5034cd75fc8dc44075a41c35a4/element/f.1DB2A491F1B7C642484AEDF47EA6FD52.d.58F29D184834EBB167A43D0E57507C36.e.3062/click - {}
COMMAND: GET /session/0bd35d5034cd75fc8dc44075a41c35a4/screenshot - {}
RESULT: {}
COMMAND: GET /session/0bd35d5034cd75fc8dc44075a41c35a4/screenshot - {}
RESULT: {}
COMMAND: POST /session/0bd35d5034cd75fc8dc44075a41c35a4/element - {"using":"xpath","value":"//input[@id=\"application-manageresources-display-component---newResourceUnit--idRuTSAdmin-application-manageresources-display-component---newResourceUnit--RUTimeSegment-0-inner\"]"}
RESULT: {}
RESULT: {"using":"xpath","value":"//input[@id=\"application-manageresources-display-component---newResourceUnit--idRuTSAdmin-application-manageresources-display-component---newResourceUnit--RUTimeSegment-0-inner\"]"}
COMMAND: POST /session/0bd35d5034cd75fc8dc44075a41c35a4/element/f.1DB2A491F1B7C642484AEDF47EA6FD52.d.58F29D184834EBB167A43D0E57507C36.e.3065/clear - {}
RESULT: {}
COMMAND: POST /session/0bd35d5034cd75fc8dc44075a41c35a4/element/f.1DB2A491F1B7C642484AEDF47EA6FD52.d.58F29D184834EBB167A43D0E57507C36.e.3065/value - {"text":"621"}
COMMAND: GET /session/0bd35d5034cd75fc8dc44075a41c35a4/screenshot - {}
RESULT: {"text":"621"}
COMMAND: GET /session/0bd35d5034cd75fc8dc44075a41c35a4/screenshot - {}
RESULT: {}
RESULT: {}
COMMAND: POST /session/0bd35d5034cd75fc8dc44075a41c35a4/actions - {"actions":[{"id":"action14","type":"key","parameters":{},"actions":[{"type":"keyDown","value":"î€‡"},{"type":"pause","duration":10},{"type":"keyUp","value":"î€‡"}]}]}
RESULT: {"actions":[{"id":"action14","type":"key","parameters":{},"actions":[{"type":"keyDown","value":"î€‡"},{"type":"pause","duration":10},{"type":"keyUp","value":"î€‡"}]}]}
COMMAND: POST /session/0bd35d5034cd75fc8dc44075a41c35a4/execute/async - {"script":"<script> [1562 bytes]","args":[{"selector":{"controlType":"sap.m.Button","viewName":"reusables.view.manageresources.NewResourceUnit","viewId":"application-manageresources-display-component---newResourceUnit","i18NText":{"propertyName":"tooltip","key":"save"},"interaction":{"idSuffix":"BDI-content"}},"wdio_ui5_key":"reusablesview.manageresources.NewResourceUnitsap.m.Button{\"propertyName\":\"tooltip\",\"key\":\"save\"}"}]}
COMMAND: GET /session/0bd35d5034cd75fc8dc44075a41c35a4/screenshot - {}
RESULT: {"script":"<script> [1562 bytes]","args":[{"selector":{"controlType":"sap.m.Button","viewName":"reusables.view.manageresources.NewResourceUnit","viewId":"application-manageresources-display-component---newResourceUnit","i18NText":{"propertyName":"tooltip","key":"save"},"interaction":{"idSuffix":"BDI-content"}},"wdio_ui5_key":"reusablesview.manageresources.NewResourceUnitsap.m.Button{\"propertyName\":\"tooltip\",\"key\":\"save\"}"}]}
RESULT: undefined
COMMAND: POST /session/0bd35d5034cd75fc8dc44075a41c35a4/element - {"using":"xpath","value":"//*[@id=\"application-manageresources-display-component---newResourceUnit--createRuButton\"]"}
RESULT: {}
RESULT: {"using":"xpath","value":"//*[@id=\"application-manageresources-display-component---newResourceUnit--createRuButton\"]"}
COMMAND: POST /session/0bd35d5034cd75fc8dc44075a41c35a4/element/f.1DB2A491F1B7C642484AEDF47EA6FD52.d.58F29D184834EBB167A43D0E57507C36.e.2987/click - {}
RESULT: {}
COMMAND: GET /session/0bd35d5034cd75fc8dc44075a41c35a4/screenshot - {}
RESULT: {}
COMMAND: POST /session/0bd35d5034cd75fc8dc44075a41c35a4/execute/async - {"script":"<script> [1562 bytes]","args":[{"selector":{"controlType":"sap.m.Title","properties":{"text":"Success"},"searchOpenDialogs":true},"wdio_ui5_key":"sapm.Title{\"text\":\"Success\"}"}]}
RESULT: {"script":"<script> [1562 bytes]","args":[{"selector":{"controlType":"sap.m.Title","properties":{"text":"Success"},"searchOpenDialogs":true},"wdio_ui5_key":"sapm.Title{\"text\":\"Success\"}"}]}
RESULT: undefined
COMMAND: POST /session/0bd35d5034cd75fc8dc44075a41c35a4/execute/async - {"script":"<script> [6424 bytes]","args":[{"element-6066-11e4-a52e-4f735466cecf":"f.1DB2A491F1B7C642484AEDF47EA6FD52.d.58F29D184834EBB167A43D0E57507C36.e.3079"},"getText",[]]}
RESULT: {"script":"<script> [6424 bytes]","args":[{"element-6066-11e4-a52e-4f735466cecf":"f.1DB2A491F1B7C642484AEDF47EA6FD52.d.58F29D184834EBB167A43D0E57507C36.e.3079"},"getText",[]]}
COMMAND: POST /session/0bd35d5034cd75fc8dc44075a41c35a4/element - {"using":"xpath","value":"//*[contains(@id, '__text') and (contains(text(), 'successfully created') or contains(., 'successfully created'))]"}
RESULT: {"using":"xpath","value":"//*[contains(@id, '__text') and (contains(text(), 'successfully created') or contains(., 'successfully created'))]"}
COMMAND: GET /session/0bd35d5034cd75fc8dc44075a41c35a4/element/f.1DB2A491F1B7C642484AEDF47EA6FD52.d.58F29D184834EBB167A43D0E57507C36.e.3077/text - {}
RESULT: {}
COMMAND: POST /session/0bd35d5034cd75fc8dc44075a41c35a4/execute/async - {"script":"<script> [1562 bytes]","args":[{"selector":{"controlType":"sap.m.Button","properties":{"text":"Close"},"searchOpenDialogs":true,"interaction":{"idSuffix":"BDI-content"}},"wdio_ui5_key":"sapm.Button{\"text\":\"Close\"}"}]}
RESULT: {"script":"<script> [1562 bytes]","args":[{"selector":{"controlType":"sap.m.Button","properties":{"text":"Close"},"searchOpenDialogs":true,"interaction":{"idSuffix":"BDI-content"}},"wdio_ui5_key":"sapm.Button{\"text\":\"Close\"}"}]}
RESULT: undefined
COMMAND: POST /session/0bd35d5034cd75fc8dc44075a41c35a4/element - {"using":"xpath","value":"//*[@id=\"__mbox-btn-0\"]"}
RESULT: {"using":"xpath","value":"//*[@id=\"__mbox-btn-0\"]"}
COMMAND: POST /session/0bd35d5034cd75fc8dc44075a41c35a4/element/f.1DB2A491F1B7C642484AEDF47EA6FD52.d.58F29D184834EBB167A43D0E57507C36.e.3075/click - {}
RESULT: {}
COMMAND: GET /session/0bd35d5034cd75fc8dc44075a41c35a4/screenshot - {}
RESULT: {}
COMMAND: POST /session/0bd35d5034cd75fc8dc44075a41c35a4/execute/async - {"script":"<script> [1562 bytes]","args":[{"selector":{"controlType":"sap.ui.core.Icon","viewName":"etm.portal.ui.manageresources.view.Detail","viewId":"application-manageresources-display-component---detailRU","properties":{"src":{"regex":{"source":"overflow"}}}},"wdio_ui5_key":"etmportal.ui.manageresources.view.Detailsap.ui.core.Icon{\"src\":{\"regex\":{\"source\":\"overflow\"}}}"}]}
RESULT: {"script":"<script> [1562 bytes]","args":[{"selector":{"controlType":"sap.ui.core.Icon","viewName":"etm.portal.ui.manageresources.view.Detail","viewId":"application-manageresources-display-component---detailRU","properties":{"src":{"regex":{"source":"overflow"}}}},"wdio_ui5_key":"etmportal.ui.manageresources.view.Detailsap.ui.core.Icon{\"src\":{\"regex\":{\"source\":\"overflow\"}}}"}]}
RESULT: undefined
COMMAND: POST /session/0bd35d5034cd75fc8dc44075a41c35a4/element - {"using":"xpath","value":"//*[@id=\"__title35-_actionsToolbar-overflowButton-img\"]"}
RESULT: {"using":"xpath","value":"//*[@id=\"__title35-_actionsToolbar-overflowButton-img\"]"}
COMMAND: POST /session/0bd35d5034cd75fc8dc44075a41c35a4/element/f.1DB2A491F1B7C642484AEDF47EA6FD52.d.58F29D184834EBB167A43D0E57507C36.e.3114/click - {}
RESULT: {}
COMMAND: POST /session/0bd35d5034cd75fc8dc44075a41c35a4/execute/async - {"script":"<script> [1562 bytes]","args":[{"selector":{"controlType":"sap.m.Button","viewName":"etm.portal.ui.manageresources.view.Detail","viewId":"application-manageresources-display-component---detailRU","i18NText":{"propertyName":"tooltip","key":"closeColumn"},"searchOpenDialogs":true,"interaction":{"idSuffix":"inner"}},"wdio_ui5_key":"etmportal.ui.manageresources.view.Detailsap.m.Button{\"propertyName\":\"tooltip\",\"key\":\"closeColumn\"}"}]}
COMMAND: GET /session/0bd35d5034cd75fc8dc44075a41c35a4/screenshot - {}
RESULT: {"script":"<script> [1562 bytes]","args":[{"selector":{"controlType":"sap.m.Button","viewName":"etm.portal.ui.manageresources.view.Detail","viewId":"application-manageresources-display-component---detailRU","i18NText":{"propertyName":"tooltip","key":"closeColumn"},"searchOpenDialogs":true,"interaction":{"idSuffix":"inner"}},"wdio_ui5_key":"etmportal.ui.manageresources.view.Detailsap.m.Button{\"propertyName\":\"tooltip\",\"key\":\"closeColumn\"}"}]}
RESULT: undefined
COMMAND: POST /session/0bd35d5034cd75fc8dc44075a41c35a4/element - {"using":"xpath","value":"//*[@id=\"__button146\"]"}
RESULT: {}
RESULT: {"using":"xpath","value":"//*[@id=\"__button146\"]"}
COMMAND: POST /session/0bd35d5034cd75fc8dc44075a41c35a4/element/f.1DB2A491F1B7C642484AEDF47EA6FD52.d.58F29D184834EBB167A43D0E57507C36.e.3118/click - {}
RESULT: {}
COMMAND: POST /session/0bd35d5034cd75fc8dc44075a41c35a4/element - {"using":"css selector","value":"#shell-header-logo"}
COMMAND: GET /session/0bd35d5034cd75fc8dc44075a41c35a4/screenshot - {}
RESULT: {"using":"css selector","value":"#shell-header-logo"}
COMMAND: POST /session/0bd35d5034cd75fc8dc44075a41c35a4/element/f.1DB2A491F1B7C642484AEDF47EA6FD52.d.58F29D184834EBB167A43D0E57507C36.e.2580/click - {}
RESULT: {}
RESULT: {}
COMMAND: GET /session/0bd35d5034cd75fc8dc44075a41c35a4/screenshot - {}
RESULT: {}
]]></system-out>
    </testcase>
    <testcase classname="chrome.135_0_7049_96.windows.Stock_increase_-_with_WHM_US125587" name="Bin Status Report Should Create New Organization yard" time="50.369">
      <system-out><![CDATA[
COMMAND: POST /session/0bd35d5034cd75fc8dc44075a41c35a4/element - {"using":"xpath","value":"//div[text()='Warehouse']"}
RESULT: {"using":"xpath","value":"//div[text()='Warehouse']"}
COMMAND: POST /session/0bd35d5034cd75fc8dc44075a41c35a4/elements - {"using":"xpath","value":"//div[text()='Warehouse']"}
RESULT: {"using":"xpath","value":"//div[text()='Warehouse']"}
COMMAND: POST /session/0bd35d5034cd75fc8dc44075a41c35a4/element/f.1DB2A491F1B7C642484AEDF47EA6FD52.d.58F29D184834EBB167A43D0E57507C36.e.3236/click - {}
RESULT: {}
COMMAND: POST /session/0bd35d5034cd75fc8dc44075a41c35a4/execute/async - {"script":"<script> [1562 bytes]","args":[{"selector":{"controlType":"sap.m.GenericTile","properties":{"header":"Bin Status Report"}},"wdio_ui5_key":"sapm.GenericTile{\"header\":\"Bin Status Report\"}"}]}
COMMAND: GET /session/0bd35d5034cd75fc8dc44075a41c35a4/screenshot - {}
RESULT: {"script":"<script> [1562 bytes]","args":[{"selector":{"controlType":"sap.m.GenericTile","properties":{"header":"Bin Status Report"}},"wdio_ui5_key":"sapm.GenericTile{\"header\":\"Bin Status Report\"}"}]}
RESULT: undefined
COMMAND: POST /session/0bd35d5034cd75fc8dc44075a41c35a4/element - {"using":"xpath","value":"//*[@id=\"__tile108\"]"}
RESULT: {}
RESULT: {"using":"xpath","value":"//*[@id=\"__tile108\"]"}
COMMAND: POST /session/0bd35d5034cd75fc8dc44075a41c35a4/element/f.1DB2A491F1B7C642484AEDF47EA6FD52.d.58F29D184834EBB167A43D0E57507C36.e.3239/click - {}
RESULT: {}
COMMAND: GET /session/0bd35d5034cd75fc8dc44075a41c35a4/screenshot - {}
RESULT: {}
COMMAND: POST /session/0bd35d5034cd75fc8dc44075a41c35a4/element - {"using":"xpath","value":"//bdi[text()='Create New Organization']"}
RESULT: {"using":"xpath","value":"//bdi[text()='Create New Organization']"}
COMMAND: POST /session/0bd35d5034cd75fc8dc44075a41c35a4/elements - {"using":"xpath","value":"//bdi[text()='Create New Organization']"}
RESULT: {"using":"xpath","value":"//bdi[text()='Create New Organization']"}
COMMAND: POST /session/0bd35d5034cd75fc8dc44075a41c35a4/element/f.1DB2A491F1B7C642484AEDF47EA6FD52.d.58F29D184834EBB167A43D0E57507C36.e.3313/click - {}
RESULT: {}
COMMAND: POST /session/0bd35d5034cd75fc8dc44075a41c35a4/execute/async - {"script":"<script> [1562 bytes]","args":[{"selector":{"id":"createOrganizationPop--sectionInput","searchOpenDialogs":true,"interaction":{"idSuffix":"inner"}},"wdio_ui5_key":"createOrganizationPopsectionInput"}]}
COMMAND: GET /session/0bd35d5034cd75fc8dc44075a41c35a4/screenshot - {}
RESULT: {"script":"<script> [1562 bytes]","args":[{"selector":{"id":"createOrganizationPop--sectionInput","searchOpenDialogs":true,"interaction":{"idSuffix":"inner"}},"wdio_ui5_key":"createOrganizationPopsectionInput"}]}
RESULT: undefined
COMMAND: POST /session/0bd35d5034cd75fc8dc44075a41c35a4/execute/async - {"script":"<script> [776 bytes]","args":[{"enterText":"WHIfzyzyk","selector":{"id":"createOrganizationPop--sectionInput","searchOpenDialogs":true,"interaction":{"idSuffix":"inner"}},"clearTextFirst":true,"interactionType":"ENTER_TEXT"}]}
RESULT: {}
RESULT: {"script":"<script> [776 bytes]","args":[{"enterText":"WHIfzyzyk","selector":{"id":"createOrganizationPop--sectionInput","searchOpenDialogs":true,"interaction":{"idSuffix":"inner"}},"clearTextFirst":true,"interactionType":"ENTER_TEXT"}]}
COMMAND: POST /session/0bd35d5034cd75fc8dc44075a41c35a4/execute/async - {"script":"<script> [1562 bytes]","args":[{"selector":{"id":"createOrganizationPop--descriptionInput","searchOpenDialogs":true,"interaction":{"idSuffix":"inner"}},"wdio_ui5_key":"createOrganizationPopdescriptionInput"}]}
RESULT: {"script":"<script> [1562 bytes]","args":[{"selector":{"id":"createOrganizationPop--descriptionInput","searchOpenDialogs":true,"interaction":{"idSuffix":"inner"}},"wdio_ui5_key":"createOrganizationPopdescriptionInput"}]}
RESULT: undefined
COMMAND: POST /session/0bd35d5034cd75fc8dc44075a41c35a4/execute/async - {"script":"<script> [776 bytes]","args":[{"enterText":"WHIfzyzyk","selector":{"id":"createOrganizationPop--descriptionInput","searchOpenDialogs":true,"interaction":{"idSuffix":"inner"}},"clearTextFirst":true,"interactionType":"ENTER_TEXT"}]}
RESULT: {"script":"<script> [776 bytes]","args":[{"enterText":"WHIfzyzyk","selector":{"id":"createOrganizationPop--descriptionInput","searchOpenDialogs":true,"interaction":{"idSuffix":"inner"}},"clearTextFirst":true,"interactionType":"ENTER_TEXT"}]}
COMMAND: POST /session/0bd35d5034cd75fc8dc44075a41c35a4/element - {"using":"css selector","value":"#createOrganizationPop--yardOrg-inner"}
RESULT: {"using":"css selector","value":"#createOrganizationPop--yardOrg-inner"}
COMMAND: POST /session/0bd35d5034cd75fc8dc44075a41c35a4/element/f.1DB2A491F1B7C642484AEDF47EA6FD52.d.58F29D184834EBB167A43D0E57507C36.e.3329/clear - {}
RESULT: {}
COMMAND: POST /session/0bd35d5034cd75fc8dc44075a41c35a4/element/f.1DB2A491F1B7C642484AEDF47EA6FD52.d.58F29D184834EBB167A43D0E57507C36.e.3329/value - {"text":"621"}
COMMAND: GET /session/0bd35d5034cd75fc8dc44075a41c35a4/screenshot - {}
RESULT: {"text":"621"}
COMMAND: GET /session/0bd35d5034cd75fc8dc44075a41c35a4/screenshot - {}
RESULT: {}
RESULT: {}
COMMAND: POST /session/0bd35d5034cd75fc8dc44075a41c35a4/actions - {"actions":[{"id":"action15","type":"key","parameters":{},"actions":[{"type":"keyDown","value":"î€‡"},{"type":"pause","duration":10},{"type":"keyUp","value":"î€‡"}]}]}
RESULT: {"actions":[{"id":"action15","type":"key","parameters":{},"actions":[{"type":"keyDown","value":"î€‡"},{"type":"pause","duration":10},{"type":"keyUp","value":"î€‡"}]}]}
COMMAND: POST /session/0bd35d5034cd75fc8dc44075a41c35a4/execute/async - {"script":"<script> [1562 bytes]","args":[{"selector":{"id":"createOrganizationPop--grZone","searchOpenDialogs":true,"interaction":{"idSuffix":"CbBg"}},"wdio_ui5_key":"createOrganizationPopgrZone"}]}
COMMAND: GET /session/0bd35d5034cd75fc8dc44075a41c35a4/screenshot - {}
RESULT: {"script":"<script> [1562 bytes]","args":[{"selector":{"id":"createOrganizationPop--grZone","searchOpenDialogs":true,"interaction":{"idSuffix":"CbBg"}},"wdio_ui5_key":"createOrganizationPopgrZone"}]}
RESULT: undefined
COMMAND: POST /session/0bd35d5034cd75fc8dc44075a41c35a4/element - {"using":"xpath","value":"//*[@id=\"createOrganizationPop--grZone\"]"}
RESULT: {}
RESULT: {"using":"xpath","value":"//*[@id=\"createOrganizationPop--grZone\"]"}
COMMAND: POST /session/0bd35d5034cd75fc8dc44075a41c35a4/element/f.1DB2A491F1B7C642484AEDF47EA6FD52.d.58F29D184834EBB167A43D0E57507C36.e.3349/click - {}
RESULT: {}
COMMAND: POST /session/0bd35d5034cd75fc8dc44075a41c35a4/execute/async - {"script":"<script> [1562 bytes]","args":[{"selector":{"id":"createOrganizationPop--giZone","searchOpenDialogs":true,"interaction":{"idSuffix":"CbBg"}},"wdio_ui5_key":"createOrganizationPopgiZone"}]}
COMMAND: GET /session/0bd35d5034cd75fc8dc44075a41c35a4/screenshot - {}
RESULT: {"script":"<script> [1562 bytes]","args":[{"selector":{"id":"createOrganizationPop--giZone","searchOpenDialogs":true,"interaction":{"idSuffix":"CbBg"}},"wdio_ui5_key":"createOrganizationPopgiZone"}]}
RESULT: undefined
COMMAND: POST /session/0bd35d5034cd75fc8dc44075a41c35a4/element - {"using":"xpath","value":"//*[@id=\"createOrganizationPop--giZone\"]"}
RESULT: {}
RESULT: {"using":"xpath","value":"//*[@id=\"createOrganizationPop--giZone\"]"}
COMMAND: POST /session/0bd35d5034cd75fc8dc44075a41c35a4/element/f.1DB2A491F1B7C642484AEDF47EA6FD52.d.58F29D184834EBB167A43D0E57507C36.e.3351/click - {}
RESULT: {}
COMMAND: POST /session/0bd35d5034cd75fc8dc44075a41c35a4/execute/async - {"script":"<script> [1562 bytes]","args":[{"selector":{"id":"createOrganizationPop--binNoInput","searchOpenDialogs":true,"interaction":{"idSuffix":"inner"}},"wdio_ui5_key":"createOrganizationPopbinNoInput"}]}
COMMAND: GET /session/0bd35d5034cd75fc8dc44075a41c35a4/screenshot - {}
RESULT: {"script":"<script> [1562 bytes]","args":[{"selector":{"id":"createOrganizationPop--binNoInput","searchOpenDialogs":true,"interaction":{"idSuffix":"inner"}},"wdio_ui5_key":"createOrganizationPopbinNoInput"}]}
RESULT: undefined
COMMAND: POST /session/0bd35d5034cd75fc8dc44075a41c35a4/execute/async - {"script":"<script> [776 bytes]","args":[{"enterText":"Bin-Wd","selector":{"id":"createOrganizationPop--binNoInput","searchOpenDialogs":true,"interaction":{"idSuffix":"inner"}},"clearTextFirst":true,"interactionType":"ENTER_TEXT"}]}
RESULT: {}
RESULT: {"script":"<script> [776 bytes]","args":[{"enterText":"Bin-Wd","selector":{"id":"createOrganizationPop--binNoInput","searchOpenDialogs":true,"interaction":{"idSuffix":"inner"}},"clearTextFirst":true,"interactionType":"ENTER_TEXT"}]}
COMMAND: POST /session/0bd35d5034cd75fc8dc44075a41c35a4/execute/async - {"script":"<script> [1562 bytes]","args":[{"selector":{"id":"createOrganizationPop--descriptionId","searchOpenDialogs":true,"interaction":{"idSuffix":"inner"}},"wdio_ui5_key":"createOrganizationPopdescriptionId"}]}
RESULT: {"script":"<script> [1562 bytes]","args":[{"selector":{"id":"createOrganizationPop--descriptionId","searchOpenDialogs":true,"interaction":{"idSuffix":"inner"}},"wdio_ui5_key":"createOrganizationPopdescriptionId"}]}
RESULT: undefined
COMMAND: POST /session/0bd35d5034cd75fc8dc44075a41c35a4/execute/async - {"script":"<script> [776 bytes]","args":[{"enterText":"Shipping-Wd","selector":{"id":"createOrganizationPop--descriptionId","searchOpenDialogs":true,"interaction":{"idSuffix":"inner"}},"clearTextFirst":true,"interactionType":"ENTER_TEXT"}]}
RESULT: {"script":"<script> [776 bytes]","args":[{"enterText":"Shipping-Wd","selector":{"id":"createOrganizationPop--descriptionId","searchOpenDialogs":true,"interaction":{"idSuffix":"inner"}},"clearTextFirst":true,"interactionType":"ENTER_TEXT"}]}
COMMAND: POST /session/0bd35d5034cd75fc8dc44075a41c35a4/execute/async - {"script":"<script> [1562 bytes]","args":[{"selector":{"controlType":"sap.m.CheckBox","viewName":"etm.portal.ui.binstatusreport.view.MasterWareBins","viewId":"application-binstatusreport-display-component---warehousing","bindingPath":{"path":"","propertyPath":"/ZONE","modelName":"newBin"},"searchOpenDialogs":true,"interaction":{"idSuffix":"CbBg"}},"wdio_ui5_key":"etmportal.ui.binstatusreport.view.MasterWareBinssap.m.CheckBox{\"path\":\"\",\"propertyPath\":\"/ZONE\",\"modelName\":\"newBin\"}"}]}
RESULT: {"script":"<script> [1562 bytes]","args":[{"selector":{"controlType":"sap.m.CheckBox","viewName":"etm.portal.ui.binstatusreport.view.MasterWareBins","viewId":"application-binstatusreport-display-component---warehousing","bindingPath":{"path":"","propertyPath":"/ZONE","modelName":"newBin"},"searchOpenDialogs":true,"interaction":{"idSuffix":"CbBg"}},"wdio_ui5_key":"etmportal.ui.binstatusreport.view.MasterWareBinssap.m.CheckBox{\"path\":\"\",\"propertyPath\":\"/ZONE\",\"modelName\":\"newBin\"}"}]}
RESULT: undefined
COMMAND: POST /session/0bd35d5034cd75fc8dc44075a41c35a4/element - {"using":"xpath","value":"//*[@id=\"__box41\"]"}
RESULT: {"using":"xpath","value":"//*[@id=\"__box41\"]"}
COMMAND: POST /session/0bd35d5034cd75fc8dc44075a41c35a4/element/f.1DB2A491F1B7C642484AEDF47EA6FD52.d.58F29D184834EBB167A43D0E57507C36.e.3355/click - {}
RESULT: {}
COMMAND: POST /session/0bd35d5034cd75fc8dc44075a41c35a4/execute/async - {"script":"<script> [1562 bytes]","args":[{"selector":{"id":"createOrganizationPop--binTypesCB-arrow","searchOpenDialogs":true},"wdio_ui5_key":"createOrganizationPopbinTypesCB-arrow"}]}
COMMAND: GET /session/0bd35d5034cd75fc8dc44075a41c35a4/screenshot - {}
RESULT: {"script":"<script> [1562 bytes]","args":[{"selector":{"id":"createOrganizationPop--binTypesCB-arrow","searchOpenDialogs":true},"wdio_ui5_key":"createOrganizationPopbinTypesCB-arrow"}]}
RESULT: undefined
COMMAND: POST /session/0bd35d5034cd75fc8dc44075a41c35a4/element - {"using":"xpath","value":"//*[@id=\"createOrganizationPop--binTypesCB-arrow\"]"}
RESULT: {}
RESULT: {"using":"xpath","value":"//*[@id=\"createOrganizationPop--binTypesCB-arrow\"]"}
COMMAND: POST /session/0bd35d5034cd75fc8dc44075a41c35a4/element/f.1DB2A491F1B7C642484AEDF47EA6FD52.d.58F29D184834EBB167A43D0E57507C36.e.3356/click - {}
RESULT: {}
COMMAND: POST /session/0bd35d5034cd75fc8dc44075a41c35a4/execute/async - {"script":"<script> [1562 bytes]","args":[{"selector":{"id":"createOrganizationPop--binTypesCB","searchOpenDialogs":true,"interaction":{"idSuffix":"inner"}},"wdio_ui5_key":"createOrganizationPopbinTypesCB"}]}
COMMAND: GET /session/0bd35d5034cd75fc8dc44075a41c35a4/screenshot - {}
RESULT: {"script":"<script> [1562 bytes]","args":[{"selector":{"id":"createOrganizationPop--binTypesCB","searchOpenDialogs":true,"interaction":{"idSuffix":"inner"}},"wdio_ui5_key":"createOrganizationPopbinTypesCB"}]}
RESULT: undefined
COMMAND: POST /session/0bd35d5034cd75fc8dc44075a41c35a4/execute/async - {"script":"<script> [776 bytes]","args":[{"enterText":"1 - General / No capacity check","selector":{"id":"createOrganizationPop--binTypesCB","searchOpenDialogs":true,"interaction":{"idSuffix":"inner"}},"clearTextFirst":true,"interactionType":"ENTER_TEXT"}]}
RESULT: {}
RESULT: {"script":"<script> [776 bytes]","args":[{"enterText":"1 - General / No capacity check","selector":{"id":"createOrganizationPop--binTypesCB","searchOpenDialogs":true,"interaction":{"idSuffix":"inner"}},"clearTextFirst":true,"interactionType":"ENTER_TEXT"}]}
COMMAND: POST /session/0bd35d5034cd75fc8dc44075a41c35a4/actions - {"actions":[{"id":"action16","type":"key","parameters":{},"actions":[{"type":"keyDown","value":"î€‡"},{"type":"pause","duration":10},{"type":"keyUp","value":"î€‡"}]}]}
RESULT: {"actions":[{"id":"action16","type":"key","parameters":{},"actions":[{"type":"keyDown","value":"î€‡"},{"type":"pause","duration":10},{"type":"keyUp","value":"î€‡"}]}]}
COMMAND: GET /session/0bd35d5034cd75fc8dc44075a41c35a4/screenshot - {}
RESULT: {}
COMMAND: POST /session/0bd35d5034cd75fc8dc44075a41c35a4/execute/async - {"script":"<script> [1562 bytes]","args":[{"selector":{"id":"createOrganizationPop--finishBtn","searchOpenDialogs":true,"interaction":{"idSuffix":"BDI-content"}},"wdio_ui5_key":"createOrganizationPopfinishBtn"}]}
RESULT: {"script":"<script> [1562 bytes]","args":[{"selector":{"id":"createOrganizationPop--finishBtn","searchOpenDialogs":true,"interaction":{"idSuffix":"BDI-content"}},"wdio_ui5_key":"createOrganizationPopfinishBtn"}]}
RESULT: undefined
COMMAND: POST /session/0bd35d5034cd75fc8dc44075a41c35a4/element - {"using":"xpath","value":"//*[@id=\"createOrganizationPop--finishBtn\"]"}
RESULT: {"using":"xpath","value":"//*[@id=\"createOrganizationPop--finishBtn\"]"}
COMMAND: POST /session/0bd35d5034cd75fc8dc44075a41c35a4/element/f.1DB2A491F1B7C642484AEDF47EA6FD52.d.58F29D184834EBB167A43D0E57507C36.e.3359/click - {}
RESULT: {}
]]></system-out>
    </testcase>
    <testcase classname="chrome.135_0_7049_96.windows.Stock_increase_-_with_WHM_US125587" name="Bin Status Report Should Create New Organization for Site" time="64.01">
      <system-out><![CDATA[
COMMAND: GET /session/0bd35d5034cd75fc8dc44075a41c35a4/screenshot - {}
RESULT: {}
COMMAND: POST /session/0bd35d5034cd75fc8dc44075a41c35a4/execute/async - {"script":"<script> [1562 bytes]","args":[{"selector":{"id":"application-binstatusreport-display-component---warehousing--createOrgBtn","interaction":{"idSuffix":"content"}},"wdio_ui5_key":"applicationbinstatusreport-display-component---warehousing--createOrgBtn"}]}
RESULT: {"script":"<script> [1562 bytes]","args":[{"selector":{"id":"application-binstatusreport-display-component---warehousing--createOrgBtn","interaction":{"idSuffix":"content"}},"wdio_ui5_key":"applicationbinstatusreport-display-component---warehousing--createOrgBtn"}]}
RESULT: undefined
COMMAND: POST /session/0bd35d5034cd75fc8dc44075a41c35a4/element - {"using":"xpath","value":"//*[@id=\"application-binstatusreport-display-component---warehousing--createOrgBtn\"]"}
RESULT: {"using":"xpath","value":"//*[@id=\"application-binstatusreport-display-component---warehousing--createOrgBtn\"]"}
COMMAND: POST /session/0bd35d5034cd75fc8dc44075a41c35a4/element/f.1DB2A491F1B7C642484AEDF47EA6FD52.d.58F29D184834EBB167A43D0E57507C36.e.3279/click - {}
RESULT: {}
RESULT: undefined
COMMAND: POST /session/0bd35d5034cd75fc8dc44075a41c35a4/execute/async - {"script":"<script> [776 bytes]","args":[{"enterText":"2455","selector":{"id":"createOrganizationPop--sectionInput","searchOpenDialogs":true,"interaction":{"idSuffix":"inner"}},"clearTextFirst":true,"interactionType":"ENTER_TEXT"}]}
COMMAND: GET /session/0bd35d5034cd75fc8dc44075a41c35a4/screenshot - {}
RESULT: {"script":"<script> [776 bytes]","args":[{"enterText":"2455","selector":{"id":"createOrganizationPop--sectionInput","searchOpenDialogs":true,"interaction":{"idSuffix":"inner"}},"clearTextFirst":true,"interactionType":"ENTER_TEXT"}]}
RESULT: undefined
COMMAND: POST /session/0bd35d5034cd75fc8dc44075a41c35a4/execute/async - {"script":"<script> [776 bytes]","args":[{"enterText":"2455","selector":{"id":"createOrganizationPop--descriptionInput","searchOpenDialogs":true,"interaction":{"idSuffix":"inner"}},"clearTextFirst":true,"interactionType":"ENTER_TEXT"}]}
RESULT: {}
RESULT: {"script":"<script> [776 bytes]","args":[{"enterText":"2455","selector":{"id":"createOrganizationPop--descriptionInput","searchOpenDialogs":true,"interaction":{"idSuffix":"inner"}},"clearTextFirst":true,"interactionType":"ENTER_TEXT"}]}
COMMAND: POST /session/0bd35d5034cd75fc8dc44075a41c35a4/element - {"using":"css selector","value":"#createOrganizationPop--siteOrg-inner"}
RESULT: {"using":"css selector","value":"#createOrganizationPop--siteOrg-inner"}
COMMAND: POST /session/0bd35d5034cd75fc8dc44075a41c35a4/element/f.1DB2A491F1B7C642484AEDF47EA6FD52.d.58F29D184834EBB167A43D0E57507C36.e.3366/clear - {}
RESULT: {}
COMMAND: POST /session/0bd35d5034cd75fc8dc44075a41c35a4/element/f.1DB2A491F1B7C642484AEDF47EA6FD52.d.58F29D184834EBB167A43D0E57507C36.e.3366/value - {"text":"2455"}
COMMAND: GET /session/0bd35d5034cd75fc8dc44075a41c35a4/screenshot - {}
RESULT: {"text":"2455"}
COMMAND: GET /session/0bd35d5034cd75fc8dc44075a41c35a4/screenshot - {}
RESULT: {}
RESULT: {}
COMMAND: POST /session/0bd35d5034cd75fc8dc44075a41c35a4/actions - {"actions":[{"id":"action17","type":"key","parameters":{},"actions":[{"type":"keyDown","value":"î€‡"},{"type":"pause","duration":10},{"type":"keyUp","value":"î€‡"}]}]}
RESULT: {"actions":[{"id":"action17","type":"key","parameters":{},"actions":[{"type":"keyDown","value":"î€‡"},{"type":"pause","duration":10},{"type":"keyUp","value":"î€‡"}]}]}
RESULT: undefined
COMMAND: POST /session/0bd35d5034cd75fc8dc44075a41c35a4/element - {"using":"xpath","value":"//*[@id=\"createOrganizationPop--giZone\"]"}
COMMAND: GET /session/0bd35d5034cd75fc8dc44075a41c35a4/screenshot - {}
RESULT: {"using":"xpath","value":"//*[@id=\"createOrganizationPop--giZone\"]"}
COMMAND: POST /session/0bd35d5034cd75fc8dc44075a41c35a4/element/f.1DB2A491F1B7C642484AEDF47EA6FD52.d.58F29D184834EBB167A43D0E57507C36.e.3384/click - {}
RESULT: {}
RESULT: {}
RESULT: undefined
COMMAND: POST /session/0bd35d5034cd75fc8dc44075a41c35a4/execute/async - {"script":"<script> [776 bytes]","args":[{"enterText":"WD-BIN","selector":{"id":"createOrganizationPop--binNoInput","searchOpenDialogs":true,"interaction":{"idSuffix":"inner"}},"clearTextFirst":true,"interactionType":"ENTER_TEXT"}]}
COMMAND: GET /session/0bd35d5034cd75fc8dc44075a41c35a4/screenshot - {}
RESULT: {"script":"<script> [776 bytes]","args":[{"enterText":"WD-BIN","selector":{"id":"createOrganizationPop--binNoInput","searchOpenDialogs":true,"interaction":{"idSuffix":"inner"}},"clearTextFirst":true,"interactionType":"ENTER_TEXT"}]}
RESULT: undefined
COMMAND: POST /session/0bd35d5034cd75fc8dc44075a41c35a4/execute/async - {"script":"<script> [776 bytes]","args":[{"enterText":"WD-BIN","selector":{"id":"createOrganizationPop--descriptionId","searchOpenDialogs":true,"interaction":{"idSuffix":"inner"}},"clearTextFirst":true,"interactionType":"ENTER_TEXT"}]}
RESULT: {}
RESULT: {"script":"<script> [776 bytes]","args":[{"enterText":"WD-BIN","selector":{"id":"createOrganizationPop--descriptionId","searchOpenDialogs":true,"interaction":{"idSuffix":"inner"}},"clearTextFirst":true,"interactionType":"ENTER_TEXT"}]}
COMMAND: POST /session/0bd35d5034cd75fc8dc44075a41c35a4/execute/async - {"script":"<script> [1562 bytes]","args":[{"selector":{"controlType":"sap.m.CheckBox","viewName":"etm.portal.ui.binstatusreport.view.MasterWareBins","viewId":"application-binstatusreport-display-component---warehousing","bindingPath":{"propertyPath":"/ZONE","modelName":"newBin"},"searchOpenDialogs":true,"interaction":{"idSuffix":"CbBg"}},"wdio_ui5_key":"etmportal.ui.binstatusreport.view.MasterWareBinssap.m.CheckBox{\"propertyPath\":\"/ZONE\",\"modelName\":\"newBin\"}"}]}
RESULT: {"script":"<script> [1562 bytes]","args":[{"selector":{"controlType":"sap.m.CheckBox","viewName":"etm.portal.ui.binstatusreport.view.MasterWareBins","viewId":"application-binstatusreport-display-component---warehousing","bindingPath":{"propertyPath":"/ZONE","modelName":"newBin"},"searchOpenDialogs":true,"interaction":{"idSuffix":"CbBg"}},"wdio_ui5_key":"etmportal.ui.binstatusreport.view.MasterWareBinssap.m.CheckBox{\"propertyPath\":\"/ZONE\",\"modelName\":\"newBin\"}"}]}
RESULT: undefined
COMMAND: POST /session/0bd35d5034cd75fc8dc44075a41c35a4/element - {"using":"xpath","value":"//*[@id=\"__box44\"]"}
RESULT: {"using":"xpath","value":"//*[@id=\"__box44\"]"}
COMMAND: POST /session/0bd35d5034cd75fc8dc44075a41c35a4/element/f.1DB2A491F1B7C642484AEDF47EA6FD52.d.58F29D184834EBB167A43D0E57507C36.e.3386/click - {}
RESULT: {}
COMMAND: GET /session/0bd35d5034cd75fc8dc44075a41c35a4/screenshot - {}
RESULT: {}
RESULT: undefined
COMMAND: POST /session/0bd35d5034cd75fc8dc44075a41c35a4/execute/async - {"script":"<script> [776 bytes]","args":[{"enterText":"1 - General / No capacity check","selector":{"id":"createOrganizationPop--binTypesCB","searchOpenDialogs":true,"interaction":{"idSuffix":"inner"}},"clearTextFirst":true,"interactionType":"ENTER_TEXT"}]}
RESULT: {"script":"<script> [776 bytes]","args":[{"enterText":"1 - General / No capacity check","selector":{"id":"createOrganizationPop--binTypesCB","searchOpenDialogs":true,"interaction":{"idSuffix":"inner"}},"clearTextFirst":true,"interactionType":"ENTER_TEXT"}]}
COMMAND: POST /session/0bd35d5034cd75fc8dc44075a41c35a4/execute/async - {"script":"<script> [1562 bytes]","args":[{"selector":{"id":"createOrganizationPop--capacityId","searchOpenDialogs":true,"interaction":{"idSuffix":"inner"}},"wdio_ui5_key":"createOrganizationPopcapacityId"}]}
RESULT: {"script":"<script> [1562 bytes]","args":[{"selector":{"id":"createOrganizationPop--capacityId","searchOpenDialogs":true,"interaction":{"idSuffix":"inner"}},"wdio_ui5_key":"createOrganizationPopcapacityId"}]}
RESULT: undefined
COMMAND: POST /session/0bd35d5034cd75fc8dc44075a41c35a4/actions - {"actions":[{"id":"action18","type":"key","parameters":{},"actions":[{"type":"keyDown","value":"î€‡"},{"type":"pause","duration":10},{"type":"keyUp","value":"î€‡"}]}]}
RESULT: {"actions":[{"id":"action18","type":"key","parameters":{},"actions":[{"type":"keyDown","value":"î€‡"},{"type":"pause","duration":10},{"type":"keyUp","value":"î€‡"}]}]}
COMMAND: GET /session/0bd35d5034cd75fc8dc44075a41c35a4/screenshot - {}
RESULT: {}
RESULT: undefined
COMMAND: POST /session/0bd35d5034cd75fc8dc44075a41c35a4/element - {"using":"xpath","value":"//*[@id=\"createOrganizationPop--finishBtn\"]"}
RESULT: {"using":"xpath","value":"//*[@id=\"createOrganizationPop--finishBtn\"]"}
COMMAND: POST /session/0bd35d5034cd75fc8dc44075a41c35a4/element/f.1DB2A491F1B7C642484AEDF47EA6FD52.d.58F29D184834EBB167A43D0E57507C36.e.3387/click - {}
RESULT: {}
COMMAND: GET /session/0bd35d5034cd75fc8dc44075a41c35a4/screenshot - {}
RESULT: {}
COMMAND: POST /session/0bd35d5034cd75fc8dc44075a41c35a4/element - {"using":"css selector","value":"#shell-header-icon"}
RESULT: {"using":"css selector","value":"#shell-header-icon"}
COMMAND: POST /session/0bd35d5034cd75fc8dc44075a41c35a4/execute/sync - {"script":"<script> [8489 bytes]","args":[{"element-6066-11e4-a52e-4f735466cecf":"f.1DB2A491F1B7C642484AEDF47EA6FD52.d.58F29D184834EBB167A43D0E57507C36.e.3235","ELEMENT":"f.1DB2A491F1B7C642484AEDF47EA6FD52.d.58F29D184834EBB167A43D0E57507C36.e.3235"}]}
RESULT: {"script":"<script> [8489 bytes]","args":[{"element-6066-11e4-a52e-4f735466cecf":"f.1DB2A491F1B7C642484AEDF47EA6FD52.d.58F29D184834EBB167A43D0E57507C36.e.3235","ELEMENT":"f.1DB2A491F1B7C642484AEDF47EA6FD52.d.58F29D184834EBB167A43D0E57507C36.e.3235"}]}
COMMAND: GET /session/0bd35d5034cd75fc8dc44075a41c35a4/element/f.1DB2A491F1B7C642484AEDF47EA6FD52.d.58F29D184834EBB167A43D0E57507C36.e.3235/enabled - {}
COMMAND: GET /session/0bd35d5034cd75fc8dc44075a41c35a4/screenshot - {}
RESULT: {}
COMMAND: POST /session/0bd35d5034cd75fc8dc44075a41c35a4/element/f.1DB2A491F1B7C642484AEDF47EA6FD52.d.58F29D184834EBB167A43D0E57507C36.e.3235/click - {}
COMMAND: GET /session/0bd35d5034cd75fc8dc44075a41c35a4/screenshot - {}
RESULT: {}
RESULT: {}
COMMAND: GET /session/0bd35d5034cd75fc8dc44075a41c35a4/screenshot - {}
RESULT: {}
RESULT: {}
]]></system-out>
    </testcase>
    <testcase classname="chrome.135_0_7049_96.windows.Stock_increase_-_with_WHM_US125587" name="create a whm for yard" time="33.763">
      <system-out><![CDATA[
COMMAND: POST /session/0bd35d5034cd75fc8dc44075a41c35a4/element - {"using":"xpath","value":"//div[text()='Warehouse']"}
RESULT: {"using":"xpath","value":"//div[text()='Warehouse']"}
COMMAND: POST /session/0bd35d5034cd75fc8dc44075a41c35a4/elements - {"using":"xpath","value":"//div[text()='Warehouse']"}
RESULT: {"using":"xpath","value":"//div[text()='Warehouse']"}
COMMAND: POST /session/0bd35d5034cd75fc8dc44075a41c35a4/element/f.1DB2A491F1B7C642484AEDF47EA6FD52.d.58F29D184834EBB167A43D0E57507C36.e.3236/click - {}
RESULT: {}
COMMAND: POST /session/0bd35d5034cd75fc8dc44075a41c35a4/element - {"using":"xpath","value":"//span[text()='Manage Warehouse Movements']"}
COMMAND: GET /session/0bd35d5034cd75fc8dc44075a41c35a4/screenshot - {}
RESULT: {"using":"xpath","value":"//span[text()='Manage Warehouse Movements']"}
COMMAND: POST /session/0bd35d5034cd75fc8dc44075a41c35a4/elements - {"using":"xpath","value":"//span[text()='Manage Warehouse Movements']"}
RESULT: {}
RESULT: {"using":"xpath","value":"//span[text()='Manage Warehouse Movements']"}
COMMAND: POST /session/0bd35d5034cd75fc8dc44075a41c35a4/element - {"using":"xpath","value":"//input[@id='application-warehousemovements-display-component---warehouseMovements--smartFilterBar-filterItemControl_BASIC-YARD-inner']"}
RESULT: {"using":"xpath","value":"//input[@id='application-warehousemovements-display-component---warehouseMovements--smartFilterBar-filterItemControl_BASIC-YARD-inner']"}
COMMAND: POST /session/0bd35d5034cd75fc8dc44075a41c35a4/element - {"using":"xpath","value":"//input[@id='application-warehousemovements-display-component---warehouseMovements--smartFilterBar-filterItemControl_BASIC-YARD-inner']"}
RESULT: {"using":"xpath","value":"//input[@id='application-warehousemovements-display-component---warehouseMovements--smartFilterBar-filterItemControl_BASIC-YARD-inner']"}
COMMAND: POST /session/0bd35d5034cd75fc8dc44075a41c35a4/actions - {"actions":[{"id":"action19","type":"key","parameters":{},"actions":[{"type":"keyDown","value":"î€‡"},{"type":"pause","duration":10},{"type":"keyUp","value":"î€‡"}]}]}
RESULT: {"actions":[{"id":"action19","type":"key","parameters":{},"actions":[{"type":"keyDown","value":"î€‡"},{"type":"pause","duration":10},{"type":"keyUp","value":"î€‡"}]}]}
COMMAND: POST /session/0bd35d5034cd75fc8dc44075a41c35a4/element - {"using":"xpath","value":"(//*[@title=\"Add New Movement\"])[1]"}
COMMAND: GET /session/0bd35d5034cd75fc8dc44075a41c35a4/screenshot - {}
RESULT: {"using":"xpath","value":"(//*[@title=\"Add New Movement\"])[1]"}
COMMAND: POST /session/0bd35d5034cd75fc8dc44075a41c35a4/element - {"using":"xpath","value":"(//*[@title=\"Add New Movement\"])[1]"}
RESULT: {}
RESULT: {"using":"xpath","value":"(//*[@title=\"Add New Movement\"])[1]"}
COMMAND: POST /session/0bd35d5034cd75fc8dc44075a41c35a4/element - {"using":"xpath","value":"//*[@id=\"application-warehousemovements-display-component---addMovement--sectionsList-arrow\"]"}
RESULT: {"using":"xpath","value":"//*[@id=\"application-warehousemovements-display-component---addMovement--sectionsList-arrow\"]"}
COMMAND: POST /session/0bd35d5034cd75fc8dc44075a41c35a4/element - {"using":"xpath","value":"//*[@id=\"application-warehousemovements-display-component---addMovement--sectionsList-arrow\"]"}
RESULT: {"using":"xpath","value":"//*[@id=\"application-warehousemovements-display-component---addMovement--sectionsList-arrow\"]"}
COMMAND: POST /session/0bd35d5034cd75fc8dc44075a41c35a4/element - {"using":"xpath","value":"//*[@id=\"application-warehousemovements-display-component---addMovement--saveMovementBtn-BDI-content\" and text()=\"Save\"]"}
RESULT: {"using":"xpath","value":"//*[@id=\"application-warehousemovements-display-component---addMovement--saveMovementBtn-BDI-content\" and text()=\"Save\"]"}
COMMAND: POST /session/0bd35d5034cd75fc8dc44075a41c35a4/element - {"using":"xpath","value":"//*[@id=\"application-warehousemovements-display-component---addMovement--saveMovementBtn-BDI-content\" and text()=\"Save\"]"}
RESULT: {"using":"xpath","value":"//*[@id=\"application-warehousemovements-display-component---addMovement--saveMovementBtn-BDI-content\" and text()=\"Save\"]"}
COMMAND: POST /session/0bd35d5034cd75fc8dc44075a41c35a4/element - {"using":"css selector","value":"#shell-header-icon"}
RESULT: {"using":"css selector","value":"#shell-header-icon"}
COMMAND: POST /session/0bd35d5034cd75fc8dc44075a41c35a4/execute/sync - {"script":"<script> [8489 bytes]","args":[{"element-6066-11e4-a52e-4f735466cecf":"f.1DB2A491F1B7C642484AEDF47EA6FD52.d.58F29D184834EBB167A43D0E57507C36.e.3390","ELEMENT":"f.1DB2A491F1B7C642484AEDF47EA6FD52.d.58F29D184834EBB167A43D0E57507C36.e.3390"}]}
RESULT: {"script":"<script> [8489 bytes]","args":[{"element-6066-11e4-a52e-4f735466cecf":"f.1DB2A491F1B7C642484AEDF47EA6FD52.d.58F29D184834EBB167A43D0E57507C36.e.3390","ELEMENT":"f.1DB2A491F1B7C642484AEDF47EA6FD52.d.58F29D184834EBB167A43D0E57507C36.e.3390"}]}
COMMAND: GET /session/0bd35d5034cd75fc8dc44075a41c35a4/element/f.1DB2A491F1B7C642484AEDF47EA6FD52.d.58F29D184834EBB167A43D0E57507C36.e.3390/enabled - {}
COMMAND: GET /session/0bd35d5034cd75fc8dc44075a41c35a4/screenshot - {}
RESULT: {}
COMMAND: POST /session/0bd35d5034cd75fc8dc44075a41c35a4/element/f.1DB2A491F1B7C642484AEDF47EA6FD52.d.58F29D184834EBB167A43D0E57507C36.e.3390/click - {}
COMMAND: GET /session/0bd35d5034cd75fc8dc44075a41c35a4/screenshot - {}
RESULT: {}
RESULT: {}
COMMAND: GET /session/0bd35d5034cd75fc8dc44075a41c35a4/screenshot - {}
RESULT: {}
RESULT: {}
]]></system-out>
    </testcase>
    <testcase classname="chrome.135_0_7049_96.windows.Stock_increase_-_with_WHM_US125587" name="Should do a stock increase handover" time="89.472">
      <system-out><![CDATA[
COMMAND: POST /session/0bd35d5034cd75fc8dc44075a41c35a4/execute/async - {"script":"<script> [1562 bytes]","args":[{"selector":{"controlType":"sap.m.Text","viewName":"etm.portal.ui.managehandoverstile.view.Master","properties":{"text":"Manage Handovers"},"interaction":{"idSuffix":"inner"}},"wdio_ui5_key":"etmportal.ui.managehandoverstile.view.Mastersap.m.Text{\"text\":\"Manage Handovers\"}"}]}
RESULT: {"script":"<script> [1562 bytes]","args":[{"selector":{"controlType":"sap.m.Text","viewName":"etm.portal.ui.managehandoverstile.view.Master","properties":{"text":"Manage Handovers"},"interaction":{"idSuffix":"inner"}},"wdio_ui5_key":"etmportal.ui.managehandoverstile.view.Mastersap.m.Text{\"text\":\"Manage Handovers\"}"}]}
RESULT: undefined
COMMAND: POST /session/0bd35d5034cd75fc8dc44075a41c35a4/element - {"using":"xpath","value":"//*[@id=\"__tile133-title\"]"}
RESULT: {"using":"xpath","value":"//*[@id=\"__tile133-title\"]"}
COMMAND: POST /session/0bd35d5034cd75fc8dc44075a41c35a4/element/f.1DB2A491F1B7C642484AEDF47EA6FD52.d.58F29D184834EBB167A43D0E57507C36.e.3392/click - {}
RESULT: {}
COMMAND: GET /session/0bd35d5034cd75fc8dc44075a41c35a4/screenshot - {}
RESULT: {}
COMMAND: POST /session/0bd35d5034cd75fc8dc44075a41c35a4/execute/async - {"script":"<script> [1562 bytes]","args":[{"selector":{"controlType":"sap.ui.core.Icon","viewName":"etm.portal.ui.managehandovers.view.MasterHO","properties":{"src":{"regex":{"source":"add"}}}},"wdio_ui5_key":"etmportal.ui.managehandovers.view.MasterHOsap.ui.core.Icon{\"src\":{\"regex\":{\"source\":\"add\"}}}"}]}
RESULT: {"script":"<script> [1562 bytes]","args":[{"selector":{"controlType":"sap.ui.core.Icon","viewName":"etm.portal.ui.managehandovers.view.MasterHO","properties":{"src":{"regex":{"source":"add"}}}},"wdio_ui5_key":"etmportal.ui.managehandovers.view.MasterHOsap.ui.core.Icon{\"src\":{\"regex\":{\"source\":\"add\"}}}"}]}
RESULT: undefined
COMMAND: POST /session/0bd35d5034cd75fc8dc44075a41c35a4/element - {"using":"xpath","value":"//*[@id=\"__button179-img\"]"}
RESULT: {"using":"xpath","value":"//*[@id=\"__button179-img\"]"}
COMMAND: POST /session/0bd35d5034cd75fc8dc44075a41c35a4/element/f.1DB2A491F1B7C642484AEDF47EA6FD52.d.58F29D184834EBB167A43D0E57507C36.e.3435/click - {}
RESULT: {}
COMMAND: GET /session/0bd35d5034cd75fc8dc44075a41c35a4/screenshot - {}
RESULT: {}
COMMAND: POST /session/0bd35d5034cd75fc8dc44075a41c35a4/execute/async - {"script":"<script> [1562 bytes]","args":[{"selector":{"id":"application-managehandovers-display-component---AddNewHO--typeSelect","interaction":{"idSuffix":"arrow"}},"wdio_ui5_key":"applicationmanagehandovers-display-component---AddNewHO--typeSelect"}]}
RESULT: {"script":"<script> [1562 bytes]","args":[{"selector":{"id":"application-managehandovers-display-component---AddNewHO--typeSelect","interaction":{"idSuffix":"arrow"}},"wdio_ui5_key":"applicationmanagehandovers-display-component---AddNewHO--typeSelect"}]}
RESULT: undefined
COMMAND: POST /session/0bd35d5034cd75fc8dc44075a41c35a4/element - {"using":"xpath","value":"//*[@id=\"application-managehandovers-display-component---AddNewHO--typeSelect\"]"}
RESULT: {"using":"xpath","value":"//*[@id=\"application-managehandovers-display-component---AddNewHO--typeSelect\"]"}
COMMAND: POST /session/0bd35d5034cd75fc8dc44075a41c35a4/element/f.1DB2A491F1B7C642484AEDF47EA6FD52.d.58F29D184834EBB167A43D0E57507C36.e.3790/click - {}
RESULT: {}
COMMAND: POST /session/0bd35d5034cd75fc8dc44075a41c35a4/execute/async - {"script":"<script> [1562 bytes]","args":[{"selector":{"controlType":"sap.ui.core.Item","viewName":"etm.portal.ui.managehandovers.view.AddNewHO","viewId":"application-managehandovers-display-component---AddNewHO","bindingPath":{"path":"/HandOverTypes('100')","propertyPath":"ID","modelName":"catalogModel"},"searchOpenDialogs":true},"wdio_ui5_key":"etmportal.ui.managehandovers.view.AddNewHOsap.ui.core.Item{\"path\":\"/HandOverTypes('100')\",\"propertyPath\":\"ID\",\"modelName\":\"catalogModel\"}"}]}
COMMAND: GET /session/0bd35d5034cd75fc8dc44075a41c35a4/screenshot - {}
RESULT: {"script":"<script> [1562 bytes]","args":[{"selector":{"controlType":"sap.ui.core.Item","viewName":"etm.portal.ui.managehandovers.view.AddNewHO","viewId":"application-managehandovers-display-component---AddNewHO","bindingPath":{"path":"/HandOverTypes('100')","propertyPath":"ID","modelName":"catalogModel"},"searchOpenDialogs":true},"wdio_ui5_key":"etmportal.ui.managehandovers.view.AddNewHOsap.ui.core.Item{\"path\":\"/HandOverTypes('100')\",\"propertyPath\":\"ID\",\"modelName\":\"catalogModel\"}"}]}
RESULT: undefined
COMMAND: POST /session/0bd35d5034cd75fc8dc44075a41c35a4/element - {"using":"xpath","value":"//*[@id=\"__item1997-application-managehandovers-display-component---AddNewHO--typeSelect-1\"]"}
RESULT: {}
RESULT: {"using":"xpath","value":"//*[@id=\"__item1997-application-managehandovers-display-component---AddNewHO--typeSelect-1\"]"}
COMMAND: POST /session/0bd35d5034cd75fc8dc44075a41c35a4/element/f.1DB2A491F1B7C642484AEDF47EA6FD52.d.58F29D184834EBB167A43D0E57507C36.e.3791/click - {}
RESULT: {}
COMMAND: POST /session/0bd35d5034cd75fc8dc44075a41c35a4/element - {"using":"css selector","value":"#application-managehandovers-display-component---AddNewHO--oneStep-CB"}
COMMAND: GET /session/0bd35d5034cd75fc8dc44075a41c35a4/screenshot - {}
RESULT: {"using":"css selector","value":"#application-managehandovers-display-component---AddNewHO--oneStep-CB"}
COMMAND: POST /session/0bd35d5034cd75fc8dc44075a41c35a4/execute/sync - {"script":"<script> [8489 bytes]","args":[{"element-6066-11e4-a52e-4f735466cecf":"f.1DB2A491F1B7C642484AEDF47EA6FD52.d.58F29D184834EBB167A43D0E57507C36.e.3799","ELEMENT":"f.1DB2A491F1B7C642484AEDF47EA6FD52.d.58F29D184834EBB167A43D0E57507C36.e.3799"}]}
RESULT: {}
RESULT: {"script":"<script> [8489 bytes]","args":[{"element-6066-11e4-a52e-4f735466cecf":"f.1DB2A491F1B7C642484AEDF47EA6FD52.d.58F29D184834EBB167A43D0E57507C36.e.3799","ELEMENT":"f.1DB2A491F1B7C642484AEDF47EA6FD52.d.58F29D184834EBB167A43D0E57507C36.e.3799"}]}
COMMAND: GET /session/0bd35d5034cd75fc8dc44075a41c35a4/screenshot - {}
RESULT: {}
COMMAND: POST /session/0bd35d5034cd75fc8dc44075a41c35a4/element - {"using":"css selector","value":"input[id=\"generalSectionFrg--receiveYard-inner\"]"}
RESULT: {"using":"css selector","value":"input[id=\"generalSectionFrg--receiveYard-inner\"]"}
COMMAND: POST /session/0bd35d5034cd75fc8dc44075a41c35a4/element/f.1DB2A491F1B7C642484AEDF47EA6FD52.d.58F29D184834EBB167A43D0E57507C36.e.3801/clear - {}
RESULT: {}
COMMAND: POST /session/0bd35d5034cd75fc8dc44075a41c35a4/element/f.1DB2A491F1B7C642484AEDF47EA6FD52.d.58F29D184834EBB167A43D0E57507C36.e.3801/value - {"text":"621"}
COMMAND: GET /session/0bd35d5034cd75fc8dc44075a41c35a4/screenshot - {}
RESULT: {"text":"621"}
COMMAND: GET /session/0bd35d5034cd75fc8dc44075a41c35a4/screenshot - {}
RESULT: {}
RESULT: {}
COMMAND: POST /session/0bd35d5034cd75fc8dc44075a41c35a4/element - {"using":"css selector","value":"#application-managehandovers-display-component---AddNewHO--dueDate-inner"}
RESULT: {"using":"css selector","value":"#application-managehandovers-display-component---AddNewHO--dueDate-inner"}
COMMAND: POST /session/0bd35d5034cd75fc8dc44075a41c35a4/element/f.1DB2A491F1B7C642484AEDF47EA6FD52.d.58F29D184834EBB167A43D0E57507C36.e.3795/clear - {}
RESULT: {}
COMMAND: POST /session/0bd35d5034cd75fc8dc44075a41c35a4/element/f.1DB2A491F1B7C642484AEDF47EA6FD52.d.58F29D184834EBB167A43D0E57507C36.e.3795/value - {"text":"5/6/25"}
COMMAND: GET /session/0bd35d5034cd75fc8dc44075a41c35a4/screenshot - {}
RESULT: {"text":"5/6/25"}
COMMAND: GET /session/0bd35d5034cd75fc8dc44075a41c35a4/screenshot - {}
RESULT: {}
RESULT: {}
COMMAND: POST /session/0bd35d5034cd75fc8dc44075a41c35a4/element - {"using":"xpath","value":"//bdi[(text() = 'Items' or . = 'Items')]"}
RESULT: {"using":"xpath","value":"//bdi[(text() = 'Items' or . = 'Items')]"}
COMMAND: POST /session/0bd35d5034cd75fc8dc44075a41c35a4/element/f.1DB2A491F1B7C642484AEDF47EA6FD52.d.58F29D184834EBB167A43D0E57507C36.e.3817/click - {}
RESULT: {}
COMMAND: GET /session/0bd35d5034cd75fc8dc44075a41c35a4/screenshot - {}
RESULT: {}
COMMAND: POST /session/0bd35d5034cd75fc8dc44075a41c35a4/element - {"using":"xpath","value":"//button[@aria-label=\"Add\"]"}
RESULT: {"using":"xpath","value":"//button[@aria-label=\"Add\"]"}
COMMAND: POST /session/0bd35d5034cd75fc8dc44075a41c35a4/element/f.1DB2A491F1B7C642484AEDF47EA6FD52.d.58F29D184834EBB167A43D0E57507C36.e.3822/click - {}
RESULT: {}
COMMAND: GET /session/0bd35d5034cd75fc8dc44075a41c35a4/screenshot - {}
RESULT: {}
COMMAND: POST /session/0bd35d5034cd75fc8dc44075a41c35a4/element - {"using":"css selector","value":"input[id= \"application-managehandovers-display-component---AddNewHO--smartFilterBar-btnBasicSearch-I\"]"}
RESULT: {"using":"css selector","value":"input[id= \"application-managehandovers-display-component---AddNewHO--smartFilterBar-btnBasicSearch-I\"]"}
COMMAND: POST /session/0bd35d5034cd75fc8dc44075a41c35a4/element/f.1DB2A491F1B7C642484AEDF47EA6FD52.d.58F29D184834EBB167A43D0E57507C36.e.3825/clear - {}
RESULT: {}
COMMAND: POST /session/0bd35d5034cd75fc8dc44075a41c35a4/element/f.1DB2A491F1B7C642484AEDF47EA6FD52.d.58F29D184834EBB167A43D0E57507C36.e.3825/value - {"text":"200343"}
COMMAND: GET /session/0bd35d5034cd75fc8dc44075a41c35a4/screenshot - {}
RESULT: {"text":"200343"}
COMMAND: POST /session/0bd35d5034cd75fc8dc44075a41c35a4/actions - {"actions":[{"id":"action20","type":"key","parameters":{},"actions":[{"type":"keyDown","value":"î€‡"},{"type":"pause","duration":10},{"type":"keyUp","value":"î€‡"}]}]}
COMMAND: GET /session/0bd35d5034cd75fc8dc44075a41c35a4/screenshot - {}
RESULT: {}
RESULT: {"actions":[{"id":"action20","type":"key","parameters":{},"actions":[{"type":"keyDown","value":"î€‡"},{"type":"pause","duration":10},{"type":"keyUp","value":"î€‡"}]}]}
COMMAND: POST /session/0bd35d5034cd75fc8dc44075a41c35a4/element - {"using":"css selector","value":"div[id= \"application-managehandovers-display-component---AddNewHO--smartFilterBar-btnBasicSearch-search\"]"}
COMMAND: GET /session/0bd35d5034cd75fc8dc44075a41c35a4/screenshot - {}
RESULT: {}
RESULT: {"using":"css selector","value":"div[id= \"application-managehandovers-display-component---AddNewHO--smartFilterBar-btnBasicSearch-search\"]"}
COMMAND: POST /session/0bd35d5034cd75fc8dc44075a41c35a4/element/f.1DB2A491F1B7C642484AEDF47EA6FD52.d.58F29D184834EBB167A43D0E57507C36.e.3975/click - {}
RESULT: {}
RESULT: {}
COMMAND: GET /session/0bd35d5034cd75fc8dc44075a41c35a4/screenshot - {}
RESULT: {}
COMMAND: POST /session/0bd35d5034cd75fc8dc44075a41c35a4/element - {"using":"css selector","value":"div[id= \"application-managehandovers-display-component---AddNewHO--popup-sa-CbBg\"]"}
RESULT: {"using":"css selector","value":"div[id= \"application-managehandovers-display-component---AddNewHO--popup-sa-CbBg\"]"}
COMMAND: POST /session/0bd35d5034cd75fc8dc44075a41c35a4/element/f.1DB2A491F1B7C642484AEDF47EA6FD52.d.58F29D184834EBB167A43D0E57507C36.e.3976/click - {}
RESULT: {}
COMMAND: POST /session/0bd35d5034cd75fc8dc44075a41c35a4/element - {"using":"xpath","value":"//bdi[(text() = 'Select' or . = 'Select')]"}
COMMAND: GET /session/0bd35d5034cd75fc8dc44075a41c35a4/screenshot - {}
RESULT: {"using":"xpath","value":"//bdi[(text() = 'Select' or . = 'Select')]"}
COMMAND: POST /session/0bd35d5034cd75fc8dc44075a41c35a4/element/f.1DB2A491F1B7C642484AEDF47EA6FD52.d.58F29D184834EBB167A43D0E57507C36.e.3977/click - {}
RESULT: {}
RESULT: {}
COMMAND: GET /session/0bd35d5034cd75fc8dc44075a41c35a4/screenshot - {}
RESULT: {}
COMMAND: POST /session/0bd35d5034cd75fc8dc44075a41c35a4/element - {"using":"xpath","value":"//bdi[(text() = 'Save' or . = 'Save')]"}
RESULT: {"using":"xpath","value":"//bdi[(text() = 'Save' or . = 'Save')]"}
COMMAND: POST /session/0bd35d5034cd75fc8dc44075a41c35a4/element/f.1DB2A491F1B7C642484AEDF47EA6FD52.d.58F29D184834EBB167A43D0E57507C36.e.3981/click - {}
RESULT: {}
COMMAND: GET /session/0bd35d5034cd75fc8dc44075a41c35a4/screenshot - {}
RESULT: {}
COMMAND: POST /session/0bd35d5034cd75fc8dc44075a41c35a4/element - {"using":"xpath","value":"//input[contains(@id ,\"receiptDatePicker-inner\")]"}
RESULT: {"using":"xpath","value":"//input[contains(@id ,\"receiptDatePicker-inner\")]"}
COMMAND: POST /session/0bd35d5034cd75fc8dc44075a41c35a4/element/f.1DB2A491F1B7C642484AEDF47EA6FD52.d.58F29D184834EBB167A43D0E57507C36.e.4013/click - {}
RESULT: {}
COMMAND: POST /session/0bd35d5034cd75fc8dc44075a41c35a4/element - {"using":"xpath","value":"//input[contains(@id ,\"receiptDatePicker-inner\")]"}
COMMAND: GET /session/0bd35d5034cd75fc8dc44075a41c35a4/screenshot - {}
RESULT: {"using":"xpath","value":"//input[contains(@id ,\"receiptDatePicker-inner\")]"}
COMMAND: POST /session/0bd35d5034cd75fc8dc44075a41c35a4/element/f.1DB2A491F1B7C642484AEDF47EA6FD52.d.58F29D184834EBB167A43D0E57507C36.e.4013/clear - {}
RESULT: {}
RESULT: {}
COMMAND: POST /session/0bd35d5034cd75fc8dc44075a41c35a4/element/f.1DB2A491F1B7C642484AEDF47EA6FD52.d.58F29D184834EBB167A43D0E57507C36.e.4013/value - {"text":"5/6/25"}
COMMAND: GET /session/0bd35d5034cd75fc8dc44075a41c35a4/screenshot - {}
RESULT: {"text":"5/6/25"}
COMMAND: GET /session/0bd35d5034cd75fc8dc44075a41c35a4/screenshot - {}
RESULT: {}
RESULT: {}
COMMAND: POST /session/0bd35d5034cd75fc8dc44075a41c35a4/execute/async - {"script":"<script> [1562 bytes]","args":[{"selector":{"id":"administrationTabFilter","viewName":"etm.portal.ui.managehandovers.view.DetailExecuteHO","interaction":{"idSuffix":"text"}},"wdio_ui5_key":"administrationTabFilteretmportal.ui.managehandovers.view.DetailExecuteHO"}]}
RESULT: {"script":"<script> [1562 bytes]","args":[{"selector":{"id":"administrationTabFilter","viewName":"etm.portal.ui.managehandovers.view.DetailExecuteHO","interaction":{"idSuffix":"text"}},"wdio_ui5_key":"administrationTabFilteretmportal.ui.managehandovers.view.DetailExecuteHO"}]}
RESULT: undefined
COMMAND: POST /session/0bd35d5034cd75fc8dc44075a41c35a4/element - {"using":"xpath","value":"//*[@id=\"__xmlview61--administrationTabFilter\"]"}
RESULT: {"using":"xpath","value":"//*[@id=\"__xmlview61--administrationTabFilter\"]"}
COMMAND: POST /session/0bd35d5034cd75fc8dc44075a41c35a4/element/f.1DB2A491F1B7C642484AEDF47EA6FD52.d.58F29D184834EBB167A43D0E57507C36.e.4029/click - {}
RESULT: {}
RESULT: undefined
COMMAND: POST /session/0bd35d5034cd75fc8dc44075a41c35a4/element - {"using":"xpath","value":"//*[@id=\"__xmlview61--administrationTabFilter\"]"}
COMMAND: GET /session/0bd35d5034cd75fc8dc44075a41c35a4/screenshot - {}
RESULT: {"using":"xpath","value":"//*[@id=\"__xmlview61--administrationTabFilter\"]"}
COMMAND: POST /session/0bd35d5034cd75fc8dc44075a41c35a4/element/f.1DB2A491F1B7C642484AEDF47EA6FD52.d.58F29D184834EBB167A43D0E57507C36.e.4029/click - {}
RESULT: {}
RESULT: {}
COMMAND: GET /session/0bd35d5034cd75fc8dc44075a41c35a4/screenshot - {}
RESULT: {}
COMMAND: POST /session/0bd35d5034cd75fc8dc44075a41c35a4/element - {"using":"xpath","value":"//bdi[(text() = 'Confirm' or . = 'Confirm')]"}
RESULT: {"using":"xpath","value":"//bdi[(text() = 'Confirm' or . = 'Confirm')]"}
COMMAND: POST /session/0bd35d5034cd75fc8dc44075a41c35a4/element/f.1DB2A491F1B7C642484AEDF47EA6FD52.d.58F29D184834EBB167A43D0E57507C36.e.4036/click - {}
RESULT: {}
COMMAND: GET /session/0bd35d5034cd75fc8dc44075a41c35a4/screenshot - {}
RESULT: {}
COMMAND: POST /session/0bd35d5034cd75fc8dc44075a41c35a4/execute/async - {"script":"<script> [1562 bytes]","args":[{"selector":{"id":"confirmationButton","viewName":"etm.portal.ui.managehandovers.view.DetailExecuteHO","interaction":{"idSuffix":"BDI-content"}},"wdio_ui5_key":"confirmationButtonetmportal.ui.managehandovers.view.DetailExecuteHO"}]}
RESULT: {"script":"<script> [1562 bytes]","args":[{"selector":{"id":"confirmationButton","viewName":"etm.portal.ui.managehandovers.view.DetailExecuteHO","interaction":{"idSuffix":"BDI-content"}},"wdio_ui5_key":"confirmationButtonetmportal.ui.managehandovers.view.DetailExecuteHO"}]}
RESULT: undefined
COMMAND: POST /session/0bd35d5034cd75fc8dc44075a41c35a4/element - {"using":"css selector","value":"bdi[aria-live=\"off\"][text=\"Close\"]"}
RESULT: {"using":"css selector","value":"bdi[aria-live=\"off\"][text=\"Close\"]"}
COMMAND: POST /session/0bd35d5034cd75fc8dc44075a41c35a4/element - {"using":"css selector","value":"bdi[aria-live=\"off\"][text=\"Close\"]"}
RESULT: {"using":"css selector","value":"bdi[aria-live=\"off\"][text=\"Close\"]"}
COMMAND: POST /session/0bd35d5034cd75fc8dc44075a41c35a4/element - {"using":"css selector","value":"#shell-header-logo"}
RESULT: {"using":"css selector","value":"#shell-header-logo"}
COMMAND: POST /session/0bd35d5034cd75fc8dc44075a41c35a4/element/f.1DB2A491F1B7C642484AEDF47EA6FD52.d.58F29D184834EBB167A43D0E57507C36.e.3396/click - {}
RESULT: {}
COMMAND: GET /session/0bd35d5034cd75fc8dc44075a41c35a4/screenshot - {}
RESULT: {}
COMMAND: POST /session/0bd35d5034cd75fc8dc44075a41c35a4/element - {"using":"css selector","value":"#j_username"}
COMMAND: POST /session/0bd35d5034cd75fc8dc44075a41c35a4/url - {"url":"https://qa-testing-00-live-etm-ui.cfapps.eu10-004.hana.ondemand.com/"}
RESULT: {"using":"css selector","value":"#j_username"}
COMMAND: POST /session/0bd35d5034cd75fc8dc44075a41c35a4/element - {"using":"css selector","value":"#j_username"}
RESULT: {"url":"https://qa-testing-00-live-etm-ui.cfapps.eu10-004.hana.ondemand.com/"}
RESULT: undefined
COMMAND: GET /session/0bd35d5034cd75fc8dc44075a41c35a4/screenshot - {}
RESULT: {"using":"css selector","value":"#j_username"}
COMMAND: POST /session/0bd35d5034cd75fc8dc44075a41c35a4/element - {"using":"css selector","value":"#shell-header-logo"}
RESULT: {}
RESULT: {"using":"css selector","value":"#shell-header-logo"}
COMMAND: POST /session/0bd35d5034cd75fc8dc44075a41c35a4/execute/sync - {"script":"<script> [8489 bytes]","args":[{"element-6066-11e4-a52e-4f735466cecf":"f.1DB2A491F1B7C642484AEDF47EA6FD52.d.D0011CEAAEDB7BE70FD64113BB7E1792.e.4061","ELEMENT":"f.1DB2A491F1B7C642484AEDF47EA6FD52.d.D0011CEAAEDB7BE70FD64113BB7E1792.e.4061"}]}
RESULT: {"script":"<script> [8489 bytes]","args":[{"element-6066-11e4-a52e-4f735466cecf":"f.1DB2A491F1B7C642484AEDF47EA6FD52.d.D0011CEAAEDB7BE70FD64113BB7E1792.e.4061","ELEMENT":"f.1DB2A491F1B7C642484AEDF47EA6FD52.d.D0011CEAAEDB7BE70FD64113BB7E1792.e.4061"}]}
COMMAND: POST /session/0bd35d5034cd75fc8dc44075a41c35a4/element - {"using":"css selector","value":"#shell-header-logo"}
COMMAND: GET /session/0bd35d5034cd75fc8dc44075a41c35a4/screenshot - {}
RESULT: {"using":"css selector","value":"#shell-header-logo"}
COMMAND: POST /session/0bd35d5034cd75fc8dc44075a41c35a4/execute/sync - {"script":"<script> [8489 bytes]","args":[{"element-6066-11e4-a52e-4f735466cecf":"f.1DB2A491F1B7C642484AEDF47EA6FD52.d.D0011CEAAEDB7BE70FD64113BB7E1792.e.4061","ELEMENT":"f.1DB2A491F1B7C642484AEDF47EA6FD52.d.D0011CEAAEDB7BE70FD64113BB7E1792.e.4061"}]}
RESULT: {}
RESULT: {"script":"<script> [8489 bytes]","args":[{"element-6066-11e4-a52e-4f735466cecf":"f.1DB2A491F1B7C642484AEDF47EA6FD52.d.D0011CEAAEDB7BE70FD64113BB7E1792.e.4061","ELEMENT":"f.1DB2A491F1B7C642484AEDF47EA6FD52.d.D0011CEAAEDB7BE70FD64113BB7E1792.e.4061"}]}
COMMAND: POST /session/0bd35d5034cd75fc8dc44075a41c35a4/execute/sync - {"script":"<script> [5351 bytes]","args":[{"element-6066-11e4-a52e-4f735466cecf":"f.1DB2A491F1B7C642484AEDF47EA6FD52.d.D0011CEAAEDB7BE70FD64113BB7E1792.e.4061","ELEMENT":"f.1DB2A491F1B7C642484AEDF47EA6FD52.d.D0011CEAAEDB7BE70FD64113BB7E1792.e.4061"}]}
COMMAND: GET /session/0bd35d5034cd75fc8dc44075a41c35a4/screenshot - {}
RESULT: {"script":"<script> [5351 bytes]","args":[{"element-6066-11e4-a52e-4f735466cecf":"f.1DB2A491F1B7C642484AEDF47EA6FD52.d.D0011CEAAEDB7BE70FD64113BB7E1792.e.4061","ELEMENT":"f.1DB2A491F1B7C642484AEDF47EA6FD52.d.D0011CEAAEDB7BE70FD64113BB7E1792.e.4061"}]}
COMMAND: POST /session/0bd35d5034cd75fc8dc44075a41c35a4/element - {"using":"css selector","value":"#shell-header-logo"}
COMMAND: GET /session/0bd35d5034cd75fc8dc44075a41c35a4/screenshot - {}
RESULT: {}
RESULT: {"using":"css selector","value":"#shell-header-logo"}
COMMAND: POST /session/0bd35d5034cd75fc8dc44075a41c35a4/element/f.1DB2A491F1B7C642484AEDF47EA6FD52.d.D0011CEAAEDB7BE70FD64113BB7E1792.e.4061/click - {}
RESULT: {}
RESULT: {}
COMMAND: GET /session/0bd35d5034cd75fc8dc44075a41c35a4/screenshot - {}
RESULT: {}
COMMAND: POST /session/0bd35d5034cd75fc8dc44075a41c35a4/execute/async - {"script":"<script> [189 bytes]","args":[]}
RESULT: {"script":"<script> [189 bytes]","args":[]}
COMMAND: POST /session/0bd35d5034cd75fc8dc44075a41c35a4/execute/async - {"script":"<script> [123 bytes]","args":[]}
RESULT: {"script":"<script> [123 bytes]","args":[]}
COMMAND: POST /session/0bd35d5034cd75fc8dc44075a41c35a4/timeouts - {"script":"<number>"}
RESULT: {"script":"<number>"}
COMMAND: GET /session/0bd35d5034cd75fc8dc44075a41c35a4/timeouts - {}
RESULT: {}
RESULT: undefined
COMMAND: POST /session/0bd35d5034cd75fc8dc44075a41c35a4/execute/async - {"script":"<script> [2676 bytes]","args":[]}
RESULT: {"script":"<script> [2676 bytes]","args":[]}
COMMAND: POST /session/0bd35d5034cd75fc8dc44075a41c35a4/execute/async - {"script":"<script> [2342 bytes]","args":[{"protocol":"http","hostname":"0.0.0.0","path":"/","capabilities":{"browserName":"chrome","goog:chromeOptions":{"binary":"C:\\Program Files\\Google\\Chrome\\Application\\chrome.exe","args":["--start-maximized"]}},"logLevel":"warn","connectionRetryTimeout":120000,"connectionRetryCount":3,"logLevels":{},"enableDirectConnect":true,"strictSSL":true,"_":"65 more keys: [\"cacheDir\",\"port\",\"requestedCapabilities\",\"automationProtocol\",\"baseUrl\",\"waitforInterval\",\"waitforTimeout\",\"onReload\",\"beforeCommand\",\"afterCommand\",\"rootDir\",\"specs\",\"suites\",\"exclude\",\"groupLogsByTestSpec\",\"excludeDriverLogs\",\"bail\",\"framework\",\"reporters\",\"services\",\"maxInstances\",\"maxInstancesPerCapability\",\"injectGlobals\",\"filesToWatch\",\"execArgv\",\"runnerEnv\",\"runner\",\"shard\",\"specFileRetries\",\"specFileRetriesDelay\",\"specFileRetriesDeferred\",\"reporterSyncInterval\",\"reporterSyncTimeout\",\"cucumberFeaturesWithLineNumbers\",\"autoCompileOpts\",\"mochaOpts\",\"jasmineOpts\",\"cucumberOpts\",\"onPrepare\",\"onWorkerStart\",\"onWorkerEnd\",\"before\",\"beforeSession\",\"beforeSuite\",\"beforeHook\",\"beforeTest\",\"afterTest\",\"afterHook\",\"afterSuite\",\"afterSession\",\"after\",\"onComplete\",\"beforeAssertion\",\"afterAssertion\",\"beforeFeature\",\"beforeScenario\",\"beforeStep\",\"afterStep\",\"afterScenario\",\"afterFeature\",\"_\",\"suite\",\"$0\",\"ignoredWorkerServices\",\"wdi5\"]"}]}
RESULT: {"script":"<script> [2342 bytes]","args":[{"protocol":"http","hostname":"0.0.0.0","path":"/","capabilities":{"browserName":"chrome","goog:chromeOptions":{"binary":"C:\\Program Files\\Google\\Chrome\\Application\\chrome.exe","args":["--start-maximized"]}},"logLevel":"warn","connectionRetryTimeout":120000,"connectionRetryCount":3,"logLevels":{},"enableDirectConnect":true,"strictSSL":true,"_":"65 more keys: [\"cacheDir\",\"port\",\"requestedCapabilities\",\"automationProtocol\",\"baseUrl\",\"waitforInterval\",\"waitforTimeout\",\"onReload\",\"beforeCommand\",\"afterCommand\",\"rootDir\",\"specs\",\"suites\",\"exclude\",\"groupLogsByTestSpec\",\"excludeDriverLogs\",\"bail\",\"framework\",\"reporters\",\"services\",\"maxInstances\",\"maxInstancesPerCapability\",\"injectGlobals\",\"filesToWatch\",\"execArgv\",\"runnerEnv\",\"runner\",\"shard\",\"specFileRetries\",\"specFileRetriesDelay\",\"specFileRetriesDeferred\",\"reporterSyncInterval\",\"reporterSyncTimeout\",\"cucumberFeaturesWithLineNumbers\",\"autoCompileOpts\",\"mochaOpts\",\"jasmineOpts\",\"cucumberOpts\",\"onPrepare\",\"onWorkerStart\",\"onWorkerEnd\",\"before\",\"beforeSession\",\"beforeSuite\",\"beforeHook\",\"beforeTest\",\"afterTest\",\"afterHook\",\"afterSuite\",\"afterSession\",\"after\",\"onComplete\",\"beforeAssertion\",\"afterAssertion\",\"beforeFeature\",\"beforeScenario\",\"beforeStep\",\"afterStep\",\"afterScenario\",\"afterFeature\",\"_\",\"suite\",\"$0\",\"ignoredWorkerServices\",\"wdi5\"]"}]}
COMMAND: POST /session/0bd35d5034cd75fc8dc44075a41c35a4/execute/async - {"script":"<script> [21126 bytes]","args":[35000]}
RESULT: {"script":"<script> [21126 bytes]","args":[35000]}
COMMAND: POST /session/0bd35d5034cd75fc8dc44075a41c35a4/window/maximize - {}
RESULT: {}
COMMAND: POST /session/0bd35d5034cd75fc8dc44075a41c35a4/execute/async - {"script":"<script> [1562 bytes]","args":[{"selector":{"id":"shell-header","interaction":{"idSuffix":"icon"}},"wdio_ui5_key":"shellheader"}]}
COMMAND: GET /session/0bd35d5034cd75fc8dc44075a41c35a4/screenshot - {}
RESULT: {"script":"<script> [1562 bytes]","args":[{"selector":{"id":"shell-header","interaction":{"idSuffix":"icon"}},"wdio_ui5_key":"shellheader"}]}
RESULT: undefined
]]></system-out>
    </testcase>
  </testsuite>
  <testsuite timestamp="2025-05-06T07:36:01" time="443.48" tests="6" failures="6" errors="6" skipped="0">
    <properties>
      <property name="specId" value="0" />
      <property name="suiteName" value="Provide to Site w/ warehouse management w/ clarification US115878" />
      <property name="capabilities" value="chrome.135_0_7049_96.windows" />
      <property name="file" value="file:///D:/a/1/s/test/specs/HTR/provide-to-site-w-warehouse-w-clarification.spec.js" />
    </properties>
  </testsuite>
  <testsuite timestamp="2025-05-06T07:43:24" time="511.037" tests="6" failures="6" errors="6" skipped="0">
    <properties>
      <property name="specId" value="0" />
      <property name="suiteName" value="Provide to Site w/ warehouse management w clarification" />
      <property name="capabilities" value="chrome.135_0_7049_96.windows" />
      <property name="file" value="file:///D:/a/1/s/test/specs/HTR/provide-to-site-w-warehouse-w-clarification.spec.js" />
    </properties>
  </testsuite>
  <testsuite timestamp="2025-05-06T07:51:55" time="503.663" tests="6" failures="6" errors="6" skipped="0">
    <properties>
      <property name="specId" value="0" />
      <property name="suiteName" value="Provide to Site w/ warehouse management w/o clarification US113782 " />
      <property name="capabilities" value="chrome.135_0_7049_96.windows" />
      <property name="file" value="file:///D:/a/1/s/test/specs/HTR/provide-to-site-w-warehouse-wo-clarification.spec.js" />
    </properties>
  </testsuite>
  <testsuite timestamp="2025-05-06T08:00:19" time="323.604" tests="5" failures="5" errors="5" skipped="0">
    <properties>
      <property name="specId" value="0" />
      <property name="suiteName" value="Provide to Site w/ warehouse management wo clarification" />
      <property name="capabilities" value="chrome.135_0_7049_96.windows" />
      <property name="file" value="file:///D:/a/1/s/test/specs/HTR/provide-to-site-w-warehouse-wo-clarification.spec.js" />
    </properties>
  </testsuite>
  <testsuite timestamp="2025-05-06T08:05:43" time="344.897" tests="4" failures="0" errors="0" skipped="0">
    <properties>
      <property name="specId" value="0" />
      <property name="suiteName" value="Provide to Site w/o warehouse management w/ clarification US116605" />
      <property name="capabilities" value="chrome.135_0_7049_96.windows" />
      <property name="file" value="file:///D:/a/1/s/test/specs/HTR/provide-to-site-wo-warehouse-w-clarification.spec.js" />
    </properties>
    <testcase classname="chrome.135_0_7049_96.windows.Provide_to_Site_w/o_warehouse_management_w/_clarification_US116605" name="Should create a WHM yard" time="103.638">
      <system-out><![CDATA[
COMMAND: POST /session/0bd35d5034cd75fc8dc44075a41c35a4/execute/async - {"script":"<script> [1562 bytes]","args":[{"selector":{"controlType":"sap.m.GenericTile","properties":{"header":"Manage Yards"}},"wdio_ui5_key":"sapm.GenericTile{\"header\":\"Manage Yards\"}"}]}
RESULT: {}
RESULT: {"script":"<script> [1562 bytes]","args":[{"selector":{"controlType":"sap.m.GenericTile","properties":{"header":"Manage Yards"}},"wdio_ui5_key":"sapm.GenericTile{\"header\":\"Manage Yards\"}"}]}
RESULT: undefined
COMMAND: POST /session/0bd35d5034cd75fc8dc44075a41c35a4/element - {"using":"xpath","value":"//*[@id=\"__tile41\"]"}
RESULT: {"using":"xpath","value":"//*[@id=\"__tile41\"]"}
COMMAND: POST /session/0bd35d5034cd75fc8dc44075a41c35a4/element/f.1DB2A491F1B7C642484AEDF47EA6FD52.d.C21CB73D301C02BC5EB19D45476A13A0.e.5659/click - {}
RESULT: {}
COMMAND: POST /session/0bd35d5034cd75fc8dc44075a41c35a4/execute/async - {"script":"<script> [1562 bytes]","args":[{"selector":{"controlType":"sap.ui.core.Icon","viewName":"etm.portal.ui.manageyards.view.Master","viewId":"application-manageyards-display-component---masterYard","properties":{"src":{"regex":{"source":"add"}}}},"wdio_ui5_key":"etmportal.ui.manageyards.view.Mastersap.ui.core.Icon{\"src\":{\"regex\":{\"source\":\"add\"}}}"}]}
COMMAND: GET /session/0bd35d5034cd75fc8dc44075a41c35a4/screenshot - {}
RESULT: {"script":"<script> [1562 bytes]","args":[{"selector":{"controlType":"sap.ui.core.Icon","viewName":"etm.portal.ui.manageyards.view.Master","viewId":"application-manageyards-display-component---masterYard","properties":{"src":{"regex":{"source":"add"}}}},"wdio_ui5_key":"etmportal.ui.manageyards.view.Mastersap.ui.core.Icon{\"src\":{\"regex\":{\"source\":\"add\"}}}"}]}
RESULT: undefined
COMMAND: POST /session/0bd35d5034cd75fc8dc44075a41c35a4/element - {"using":"xpath","value":"//*[@id=\"__button4-img\"]"}
RESULT: {}
RESULT: {"using":"xpath","value":"//*[@id=\"__button4-img\"]"}
COMMAND: POST /session/0bd35d5034cd75fc8dc44075a41c35a4/element/f.1DB2A491F1B7C642484AEDF47EA6FD52.d.C21CB73D301C02BC5EB19D45476A13A0.e.5705/click - {}
RESULT: {}
COMMAND: POST /session/0bd35d5034cd75fc8dc44075a41c35a4/execute/async - {"script":"<script> [1562 bytes]","args":[{"selector":{"id":"application-manageyards-display-component---NewYard--addressDetailDetailsName1","interaction":{"idSuffix":"inner"}},"wdio_ui5_key":"applicationmanageyards-display-component---NewYard--addressDetailDetailsName1"}]}
COMMAND: GET /session/0bd35d5034cd75fc8dc44075a41c35a4/screenshot - {}
RESULT: {"script":"<script> [1562 bytes]","args":[{"selector":{"id":"application-manageyards-display-component---NewYard--addressDetailDetailsName1","interaction":{"idSuffix":"inner"}},"wdio_ui5_key":"applicationmanageyards-display-component---NewYard--addressDetailDetailsName1"}]}
RESULT: undefined
COMMAND: POST /session/0bd35d5034cd75fc8dc44075a41c35a4/execute/async - {"script":"<script> [776 bytes]","args":[{"enterText":"warehouse managed Yard","selector":{"id":"application-manageyards-display-component---NewYard--addressDetailDetailsName1","interaction":{"idSuffix":"inner"}},"clearTextFirst":true,"interactionType":"ENTER_TEXT"}]}
RESULT: {}
RESULT: {"script":"<script> [776 bytes]","args":[{"enterText":"warehouse managed Yard","selector":{"id":"application-manageyards-display-component---NewYard--addressDetailDetailsName1","interaction":{"idSuffix":"inner"}},"clearTextFirst":true,"interactionType":"ENTER_TEXT"}]}
COMMAND: POST /session/0bd35d5034cd75fc8dc44075a41c35a4/execute/async - {"script":"<script> [1562 bytes]","args":[{"selector":{"id":"application-manageyards-display-component---NewYard--addressDetailDetailsLanguage-arrow"},"wdio_ui5_key":"applicationmanageyards-display-component---NewYard--addressDetailDetailsLanguage-arrow"}]}
RESULT: {"script":"<script> [1562 bytes]","args":[{"selector":{"id":"application-manageyards-display-component---NewYard--addressDetailDetailsLanguage-arrow"},"wdio_ui5_key":"applicationmanageyards-display-component---NewYard--addressDetailDetailsLanguage-arrow"}]}
RESULT: undefined
COMMAND: POST /session/0bd35d5034cd75fc8dc44075a41c35a4/element - {"using":"xpath","value":"//*[@id=\"application-manageyards-display-component---NewYard--addressDetailDetailsLanguage-arrow\"]"}
RESULT: {"using":"xpath","value":"//*[@id=\"application-manageyards-display-component---NewYard--addressDetailDetailsLanguage-arrow\"]"}
COMMAND: POST /session/0bd35d5034cd75fc8dc44075a41c35a4/element/f.1DB2A491F1B7C642484AEDF47EA6FD52.d.C21CB73D301C02BC5EB19D45476A13A0.e.6110/click - {}
RESULT: {}
COMMAND: POST /session/0bd35d5034cd75fc8dc44075a41c35a4/execute/async - {"script":"<script> [1562 bytes]","args":[{"selector":{"controlType":"sap.m.StandardListItem","viewName":"etm.portal.ui.manageyards.view.New","viewId":"application-manageyards-display-component---NewYard","properties":{"title":"English"},"searchOpenDialogs":true,"interaction":{"idSuffix":"content"}},"wdio_ui5_key":"etmportal.ui.manageyards.view.Newsap.m.StandardListItem{\"title\":\"English\"}"}]}
COMMAND: GET /session/0bd35d5034cd75fc8dc44075a41c35a4/screenshot - {}
RESULT: {"script":"<script> [1562 bytes]","args":[{"selector":{"controlType":"sap.m.StandardListItem","viewName":"etm.portal.ui.manageyards.view.New","viewId":"application-manageyards-display-component---NewYard","properties":{"title":"English"},"searchOpenDialogs":true,"interaction":{"idSuffix":"content"}},"wdio_ui5_key":"etmportal.ui.manageyards.view.Newsap.m.StandardListItem{\"title\":\"English\"}"}]}
RESULT: undefined
COMMAND: POST /session/0bd35d5034cd75fc8dc44075a41c35a4/element - {"using":"xpath","value":"//*[@id=\"__item101\"]"}
RESULT: {}
RESULT: {"using":"xpath","value":"//*[@id=\"__item101\"]"}
COMMAND: POST /session/0bd35d5034cd75fc8dc44075a41c35a4/element/f.1DB2A491F1B7C642484AEDF47EA6FD52.d.C21CB73D301C02BC5EB19D45476A13A0.e.6112/click - {}
RESULT: {}
COMMAND: POST /session/0bd35d5034cd75fc8dc44075a41c35a4/execute/async - {"script":"<script> [1562 bytes]","args":[{"selector":{"id":"application-manageyards-display-component---NewYard--addressDetailDetailsCity1","interaction":{"idSuffix":"inner"}},"wdio_ui5_key":"applicationmanageyards-display-component---NewYard--addressDetailDetailsCity1"}]}
COMMAND: GET /session/0bd35d5034cd75fc8dc44075a41c35a4/screenshot - {}
RESULT: {"script":"<script> [1562 bytes]","args":[{"selector":{"id":"application-manageyards-display-component---NewYard--addressDetailDetailsCity1","interaction":{"idSuffix":"inner"}},"wdio_ui5_key":"applicationmanageyards-display-component---NewYard--addressDetailDetailsCity1"}]}
RESULT: undefined
COMMAND: POST /session/0bd35d5034cd75fc8dc44075a41c35a4/execute/async - {"script":"<script> [776 bytes]","args":[{"enterText":"Rosario","selector":{"id":"application-manageyards-display-component---NewYard--addressDetailDetailsCity1","interaction":{"idSuffix":"inner"}},"clearTextFirst":true,"interactionType":"ENTER_TEXT"}]}
RESULT: {}
RESULT: {"script":"<script> [776 bytes]","args":[{"enterText":"Rosario","selector":{"id":"application-manageyards-display-component---NewYard--addressDetailDetailsCity1","interaction":{"idSuffix":"inner"}},"clearTextFirst":true,"interactionType":"ENTER_TEXT"}]}
COMMAND: POST /session/0bd35d5034cd75fc8dc44075a41c35a4/execute/async - {"script":"<script> [1562 bytes]","args":[{"selector":{"id":"application-manageyards-display-component---NewYard--addressDetailDetailsCountry-arrow"},"wdio_ui5_key":"applicationmanageyards-display-component---NewYard--addressDetailDetailsCountry-arrow"}]}
RESULT: {"script":"<script> [1562 bytes]","args":[{"selector":{"id":"application-manageyards-display-component---NewYard--addressDetailDetailsCountry-arrow"},"wdio_ui5_key":"applicationmanageyards-display-component---NewYard--addressDetailDetailsCountry-arrow"}]}
RESULT: undefined
COMMAND: POST /session/0bd35d5034cd75fc8dc44075a41c35a4/element - {"using":"xpath","value":"//*[@id=\"application-manageyards-display-component---NewYard--addressDetailDetailsCountry-arrow\"]"}
RESULT: {"using":"xpath","value":"//*[@id=\"application-manageyards-display-component---NewYard--addressDetailDetailsCountry-arrow\"]"}
COMMAND: POST /session/0bd35d5034cd75fc8dc44075a41c35a4/element/f.1DB2A491F1B7C642484AEDF47EA6FD52.d.C21CB73D301C02BC5EB19D45476A13A0.e.6073/click - {}
RESULT: {}
COMMAND: POST /session/0bd35d5034cd75fc8dc44075a41c35a4/execute/async - {"script":"<script> [1562 bytes]","args":[{"selector":{"controlType":"sap.m.StandardListItem","viewName":"etm.portal.ui.manageyards.view.New","viewId":"application-manageyards-display-component---NewYard","properties":{"title":"Argentina"},"searchOpenDialogs":true,"interaction":{"idSuffix":"content"}},"wdio_ui5_key":"etmportal.ui.manageyards.view.Newsap.m.StandardListItem{\"title\":\"Argentina\"}"}]}
COMMAND: GET /session/0bd35d5034cd75fc8dc44075a41c35a4/screenshot - {}
RESULT: {"script":"<script> [1562 bytes]","args":[{"selector":{"controlType":"sap.m.StandardListItem","viewName":"etm.portal.ui.manageyards.view.New","viewId":"application-manageyards-display-component---NewYard","properties":{"title":"Argentina"},"searchOpenDialogs":true,"interaction":{"idSuffix":"content"}},"wdio_ui5_key":"etmportal.ui.manageyards.view.Newsap.m.StandardListItem{\"title\":\"Argentina\"}"}]}
RESULT: undefined
COMMAND: POST /session/0bd35d5034cd75fc8dc44075a41c35a4/element - {"using":"xpath","value":"//*[@id=\"__item144\"]"}
RESULT: {}
RESULT: {"using":"xpath","value":"//*[@id=\"__item144\"]"}
COMMAND: POST /session/0bd35d5034cd75fc8dc44075a41c35a4/element/f.1DB2A491F1B7C642484AEDF47EA6FD52.d.C21CB73D301C02BC5EB19D45476A13A0.e.6116/click - {}
RESULT: {}
COMMAND: POST /session/0bd35d5034cd75fc8dc44075a41c35a4/execute/async - {"script":"<script> [1562 bytes]","args":[{"selector":{"controlType":"sap.m.Button","viewName":"etm.portal.ui.manageyards.view.New","viewId":"application-manageyards-display-component---NewYard","properties":{"text":"Commercial"},"interaction":{"idSuffix":"BDI-content"}},"wdio_ui5_key":"etmportal.ui.manageyards.view.Newsap.m.Button{\"text\":\"Commercial\"}"}]}
COMMAND: GET /session/0bd35d5034cd75fc8dc44075a41c35a4/screenshot - {}
RESULT: {"script":"<script> [1562 bytes]","args":[{"selector":{"controlType":"sap.m.Button","viewName":"etm.portal.ui.manageyards.view.New","viewId":"application-manageyards-display-component---NewYard","properties":{"text":"Commercial"},"interaction":{"idSuffix":"BDI-content"}},"wdio_ui5_key":"etmportal.ui.manageyards.view.Newsap.m.Button{\"text\":\"Commercial\"}"}]}
RESULT: undefined
COMMAND: POST /session/0bd35d5034cd75fc8dc44075a41c35a4/element - {"using":"xpath","value":"//*[@id=\"application-manageyards-display-component---NewYard--ObjectPageLayout-anchBar-__section5-anchor\"]"}
RESULT: {}
RESULT: {"using":"xpath","value":"//*[@id=\"application-manageyards-display-component---NewYard--ObjectPageLayout-anchBar-__section5-anchor\"]"}
COMMAND: POST /session/0bd35d5034cd75fc8dc44075a41c35a4/element/f.1DB2A491F1B7C642484AEDF47EA6FD52.d.C21CB73D301C02BC5EB19D45476A13A0.e.6118/click - {}
RESULT: {}
COMMAND: GET /session/0bd35d5034cd75fc8dc44075a41c35a4/screenshot - {}
RESULT: {}
COMMAND: POST /session/0bd35d5034cd75fc8dc44075a41c35a4/execute/async - {"script":"<script> [1562 bytes]","args":[{"selector":{"id":"application-manageyards-display-component---NewYard--addressEditDetailsCostObjectCstType-arrow"},"wdio_ui5_key":"applicationmanageyards-display-component---NewYard--addressEditDetailsCostObjectCstType-arrow"}]}
RESULT: {"script":"<script> [1562 bytes]","args":[{"selector":{"id":"application-manageyards-display-component---NewYard--addressEditDetailsCostObjectCstType-arrow"},"wdio_ui5_key":"applicationmanageyards-display-component---NewYard--addressEditDetailsCostObjectCstType-arrow"}]}
RESULT: undefined
COMMAND: POST /session/0bd35d5034cd75fc8dc44075a41c35a4/element - {"using":"xpath","value":"//*[@id=\"application-manageyards-display-component---NewYard--addressEditDetailsCostObjectCstType-arrow\"]"}
RESULT: {"using":"xpath","value":"//*[@id=\"application-manageyards-display-component---NewYard--addressEditDetailsCostObjectCstType-arrow\"]"}
COMMAND: POST /session/0bd35d5034cd75fc8dc44075a41c35a4/element/f.1DB2A491F1B7C642484AEDF47EA6FD52.d.C21CB73D301C02BC5EB19D45476A13A0.e.6130/click - {}
RESULT: {}
COMMAND: GET /session/0bd35d5034cd75fc8dc44075a41c35a4/screenshot - {}
RESULT: {}
COMMAND: POST /session/0bd35d5034cd75fc8dc44075a41c35a4/execute/async - {"script":"<script> [1562 bytes]","args":[{"selector":{"controlType":"sap.m.StandardListItem","viewName":"etm.portal.ui.manageyards.view.New","viewId":"application-manageyards-display-component---NewYard","properties":{"title":"Cost Center"},"searchOpenDialogs":true,"interaction":{"idSuffix":"titleText"}},"wdio_ui5_key":"etmportal.ui.manageyards.view.Newsap.m.StandardListItem{\"title\":\"Cost Center\"}"}]}
RESULT: {"script":"<script> [1562 bytes]","args":[{"selector":{"controlType":"sap.m.StandardListItem","viewName":"etm.portal.ui.manageyards.view.New","viewId":"application-manageyards-display-component---NewYard","properties":{"title":"Cost Center"},"searchOpenDialogs":true,"interaction":{"idSuffix":"titleText"}},"wdio_ui5_key":"etmportal.ui.manageyards.view.Newsap.m.StandardListItem{\"title\":\"Cost Center\"}"}]}
RESULT: undefined
COMMAND: POST /session/0bd35d5034cd75fc8dc44075a41c35a4/element - {"using":"xpath","value":"//*[@id=\"__item234\"]"}
RESULT: {"using":"xpath","value":"//*[@id=\"__item234\"]"}
COMMAND: POST /session/0bd35d5034cd75fc8dc44075a41c35a4/element/f.1DB2A491F1B7C642484AEDF47EA6FD52.d.C21CB73D301C02BC5EB19D45476A13A0.e.6140/click - {}
RESULT: {}
COMMAND: POST /session/0bd35d5034cd75fc8dc44075a41c35a4/element - {"using":"xpath","value":"//input[@id=\"application-manageyards-display-component---NewYard--addressNewCostObjectCstID-inner\"]"}
COMMAND: GET /session/0bd35d5034cd75fc8dc44075a41c35a4/screenshot - {}
RESULT: {"using":"xpath","value":"//input[@id=\"application-manageyards-display-component---NewYard--addressNewCostObjectCstID-inner\"]"}
COMMAND: POST /session/0bd35d5034cd75fc8dc44075a41c35a4/element/f.1DB2A491F1B7C642484AEDF47EA6FD52.d.C21CB73D301C02BC5EB19D45476A13A0.e.5933/clear - {}
RESULT: {}
COMMAND: POST /session/0bd35d5034cd75fc8dc44075a41c35a4/element - {"using":"xpath","value":"//input[@id=\"application-manageyards-display-component---NewYard--addressNewCostObjectCstID-inner\"]"}
RESULT: {"using":"xpath","value":"//input[@id=\"application-manageyards-display-component---NewYard--addressNewCostObjectCstID-inner\"]"}
COMMAND: POST /session/0bd35d5034cd75fc8dc44075a41c35a4/element/f.1DB2A491F1B7C642484AEDF47EA6FD52.d.C21CB73D301C02BC5EB19D45476A13A0.e.5933/clear - {}
COMMAND: POST /session/0bd35d5034cd75fc8dc44075a41c35a4/element - {"using":"xpath","value":"//input[@id=\"application-manageyards-display-component---NewYard--addressNewCostObjectCstID-inner\"]"}
RESULT: {"using":"xpath","value":"//input[@id=\"application-manageyards-display-component---NewYard--addressNewCostObjectCstID-inner\"]"}
COMMAND: POST /session/0bd35d5034cd75fc8dc44075a41c35a4/element/f.1DB2A491F1B7C642484AEDF47EA6FD52.d.C21CB73D301C02BC5EB19D45476A13A0.e.6143/clear - {}
COMMAND: POST /session/0bd35d5034cd75fc8dc44075a41c35a4/element - {"using":"xpath","value":"//input[@id=\"application-manageyards-display-component---NewYard--addressNewCostObjectCstID-inner\"]"}
RESULT: {"using":"xpath","value":"//input[@id=\"application-manageyards-display-component---NewYard--addressNewCostObjectCstID-inner\"]"}
COMMAND: POST /session/0bd35d5034cd75fc8dc44075a41c35a4/element/f.1DB2A491F1B7C642484AEDF47EA6FD52.d.C21CB73D301C02BC5EB19D45476A13A0.e.6143/clear - {}
COMMAND: POST /session/0bd35d5034cd75fc8dc44075a41c35a4/element - {"using":"xpath","value":"//input[@id=\"application-manageyards-display-component---NewYard--addressNewCostObjectCstID-inner\"]"}
RESULT: {"using":"xpath","value":"//input[@id=\"application-manageyards-display-component---NewYard--addressNewCostObjectCstID-inner\"]"}
COMMAND: POST /session/0bd35d5034cd75fc8dc44075a41c35a4/element/f.1DB2A491F1B7C642484AEDF47EA6FD52.d.C21CB73D301C02BC5EB19D45476A13A0.e.6145/clear - {}
RESULT: {}
COMMAND: POST /session/0bd35d5034cd75fc8dc44075a41c35a4/element/f.1DB2A491F1B7C642484AEDF47EA6FD52.d.C21CB73D301C02BC5EB19D45476A13A0.e.6145/value - {"text":"10001013"}
COMMAND: GET /session/0bd35d5034cd75fc8dc44075a41c35a4/screenshot - {}
RESULT: {"text":"10001013"}
COMMAND: GET /session/0bd35d5034cd75fc8dc44075a41c35a4/screenshot - {}
RESULT: {}
RESULT: {}
COMMAND: POST /session/0bd35d5034cd75fc8dc44075a41c35a4/execute/async - {"script":"<script> [1562 bytes]","args":[{"selector":{"controlType":"sap.m.StandardListItem","viewName":"etm.portal.ui.manageyards.view.New","viewId":"application-manageyards-display-component---NewYard","properties":{"type":"Active"},"searchOpenDialogs":true,"interaction":{"idSuffix":"titleText"}},"wdio_ui5_key":"etmportal.ui.manageyards.view.Newsap.m.StandardListItem{\"type\":\"Active\"}"}]}
RESULT: {"script":"<script> [1562 bytes]","args":[{"selector":{"controlType":"sap.m.StandardListItem","viewName":"etm.portal.ui.manageyards.view.New","viewId":"application-manageyards-display-component---NewYard","properties":{"type":"Active"},"searchOpenDialogs":true,"interaction":{"idSuffix":"titleText"}},"wdio_ui5_key":"etmportal.ui.manageyards.view.Newsap.m.StandardListItem{\"type\":\"Active\"}"}]}
RESULT: undefined
COMMAND: POST /session/0bd35d5034cd75fc8dc44075a41c35a4/element - {"using":"xpath","value":"//*[@id=\"__item339\"]"}
RESULT: {"using":"xpath","value":"//*[@id=\"__item339\"]"}
COMMAND: POST /session/0bd35d5034cd75fc8dc44075a41c35a4/element/f.1DB2A491F1B7C642484AEDF47EA6FD52.d.C21CB73D301C02BC5EB19D45476A13A0.e.6149/click - {}
RESULT: {}
COMMAND: POST /session/0bd35d5034cd75fc8dc44075a41c35a4/execute/async - {"script":"<script> [1562 bytes]","args":[{"selector":{"id":"application-manageyards-display-component---NewYard--addressEditDetailsCurrency-arrow"},"wdio_ui5_key":"applicationmanageyards-display-component---NewYard--addressEditDetailsCurrency-arrow"}]}
COMMAND: GET /session/0bd35d5034cd75fc8dc44075a41c35a4/screenshot - {}
RESULT: {"script":"<script> [1562 bytes]","args":[{"selector":{"id":"application-manageyards-display-component---NewYard--addressEditDetailsCurrency-arrow"},"wdio_ui5_key":"applicationmanageyards-display-component---NewYard--addressEditDetailsCurrency-arrow"}]}
RESULT: undefined
COMMAND: POST /session/0bd35d5034cd75fc8dc44075a41c35a4/element - {"using":"xpath","value":"//*[@id=\"application-manageyards-display-component---NewYard--addressEditDetailsCurrency-arrow\"]"}
RESULT: {}
RESULT: {"using":"xpath","value":"//*[@id=\"application-manageyards-display-component---NewYard--addressEditDetailsCurrency-arrow\"]"}
COMMAND: POST /session/0bd35d5034cd75fc8dc44075a41c35a4/element/f.1DB2A491F1B7C642484AEDF47EA6FD52.d.C21CB73D301C02BC5EB19D45476A13A0.e.6151/click - {}
RESULT: {}
COMMAND: POST /session/0bd35d5034cd75fc8dc44075a41c35a4/execute/async - {"script":"<script> [1562 bytes]","args":[{"selector":{"controlType":"sap.m.StandardListItem","viewName":"etm.portal.ui.manageyards.view.New","viewId":"application-manageyards-display-component---NewYard","properties":{"title":"Euro"},"searchOpenDialogs":true,"interaction":{"idSuffix":"content"}},"wdio_ui5_key":"etmportal.ui.manageyards.view.Newsap.m.StandardListItem{\"title\":\"Euro\"}"}]}
COMMAND: GET /session/0bd35d5034cd75fc8dc44075a41c35a4/screenshot - {}
RESULT: {"script":"<script> [1562 bytes]","args":[{"selector":{"controlType":"sap.m.StandardListItem","viewName":"etm.portal.ui.manageyards.view.New","viewId":"application-manageyards-display-component---NewYard","properties":{"title":"Euro"},"searchOpenDialogs":true,"interaction":{"idSuffix":"content"}},"wdio_ui5_key":"etmportal.ui.manageyards.view.Newsap.m.StandardListItem{\"title\":\"Euro\"}"}]}
RESULT: undefined
COMMAND: POST /session/0bd35d5034cd75fc8dc44075a41c35a4/element - {"using":"xpath","value":"//*[@id=\"__item340\"]"}
RESULT: {}
RESULT: {"using":"xpath","value":"//*[@id=\"__item340\"]"}
COMMAND: POST /session/0bd35d5034cd75fc8dc44075a41c35a4/element/f.1DB2A491F1B7C642484AEDF47EA6FD52.d.C21CB73D301C02BC5EB19D45476A13A0.e.6153/click - {}
RESULT: {}
COMMAND: POST /session/0bd35d5034cd75fc8dc44075a41c35a4/execute/async - {"script":"<script> [1562 bytes]","args":[{"selector":{"controlType":"sap.m.Input","viewName":"etm.portal.ui.manageyards.view.New","viewId":"application-manageyards-display-component---NewYard","bindingPath":{"path":"","propertyPath":"/CONTROLLING_AREA","modelName":"NewYardModel"},"interaction":{"idSuffix":"inner"}},"wdio_ui5_key":"etmportal.ui.manageyards.view.Newsap.m.Input{\"path\":\"\",\"propertyPath\":\"/CONTROLLING_AREA\",\"modelName\":\"NewYardModel\"}"}]}
COMMAND: GET /session/0bd35d5034cd75fc8dc44075a41c35a4/screenshot - {}
RESULT: {"script":"<script> [1562 bytes]","args":[{"selector":{"controlType":"sap.m.Input","viewName":"etm.portal.ui.manageyards.view.New","viewId":"application-manageyards-display-component---NewYard","bindingPath":{"path":"","propertyPath":"/CONTROLLING_AREA","modelName":"NewYardModel"},"interaction":{"idSuffix":"inner"}},"wdio_ui5_key":"etmportal.ui.manageyards.view.Newsap.m.Input{\"path\":\"\",\"propertyPath\":\"/CONTROLLING_AREA\",\"modelName\":\"NewYardModel\"}"}]}
RESULT: undefined
COMMAND: POST /session/0bd35d5034cd75fc8dc44075a41c35a4/execute/async - {"script":"<script> [776 bytes]","args":[{"enterText":"Z001","selector":{"controlType":"sap.m.Input","viewName":"etm.portal.ui.manageyards.view.New","viewId":"application-manageyards-display-component---NewYard","bindingPath":{"path":"","propertyPath":"/CONTROLLING_AREA","modelName":"NewYardModel"},"interaction":{"idSuffix":"inner"}},"clearTextFirst":true,"interactionType":"ENTER_TEXT"}]}
RESULT: {}
RESULT: {"script":"<script> [776 bytes]","args":[{"enterText":"Z001","selector":{"controlType":"sap.m.Input","viewName":"etm.portal.ui.manageyards.view.New","viewId":"application-manageyards-display-component---NewYard","bindingPath":{"path":"","propertyPath":"/CONTROLLING_AREA","modelName":"NewYardModel"},"interaction":{"idSuffix":"inner"}},"clearTextFirst":true,"interactionType":"ENTER_TEXT"}]}
COMMAND: POST /session/0bd35d5034cd75fc8dc44075a41c35a4/execute/async - {"script":"<script> [1562 bytes]","args":[{"selector":{"id":"application-manageyards-display-component---NewYard--companyCodeComboBox","interaction":{"idSuffix":"inner"}},"wdio_ui5_key":"applicationmanageyards-display-component---NewYard--companyCodeComboBox"}]}
RESULT: {"script":"<script> [1562 bytes]","args":[{"selector":{"id":"application-manageyards-display-component---NewYard--companyCodeComboBox","interaction":{"idSuffix":"inner"}},"wdio_ui5_key":"applicationmanageyards-display-component---NewYard--companyCodeComboBox"}]}
RESULT: undefined
COMMAND: POST /session/0bd35d5034cd75fc8dc44075a41c35a4/execute/async - {"script":"<script> [776 bytes]","args":[{"enterText":"1000","selector":{"id":"application-manageyards-display-component---NewYard--companyCodeComboBox","interaction":{"idSuffix":"inner"}},"clearTextFirst":true,"interactionType":"ENTER_TEXT"}]}
RESULT: {"script":"<script> [776 bytes]","args":[{"enterText":"1000","selector":{"id":"application-manageyards-display-component---NewYard--companyCodeComboBox","interaction":{"idSuffix":"inner"}},"clearTextFirst":true,"interactionType":"ENTER_TEXT"}]}
COMMAND: POST /session/0bd35d5034cd75fc8dc44075a41c35a4/execute/async - {"script":"<script> [1562 bytes]","args":[{"selector":{"controlType":"sap.m.Input","viewName":"etm.portal.ui.manageyards.view.New","viewId":"application-manageyards-display-component---NewYard","bindingPath":{"path":"","propertyPath":"/PLANT","modelName":"NewYardModel"},"interaction":{"idSuffix":"inner"}},"wdio_ui5_key":"etmportal.ui.manageyards.view.Newsap.m.Input{\"path\":\"\",\"propertyPath\":\"/PLANT\",\"modelName\":\"NewYardModel\"}"}]}
RESULT: {"script":"<script> [1562 bytes]","args":[{"selector":{"controlType":"sap.m.Input","viewName":"etm.portal.ui.manageyards.view.New","viewId":"application-manageyards-display-component---NewYard","bindingPath":{"path":"","propertyPath":"/PLANT","modelName":"NewYardModel"},"interaction":{"idSuffix":"inner"}},"wdio_ui5_key":"etmportal.ui.manageyards.view.Newsap.m.Input{\"path\":\"\",\"propertyPath\":\"/PLANT\",\"modelName\":\"NewYardModel\"}"}]}
RESULT: undefined
COMMAND: POST /session/0bd35d5034cd75fc8dc44075a41c35a4/execute/async - {"script":"<script> [776 bytes]","args":[{"enterText":"1001","selector":{"controlType":"sap.m.Input","viewName":"etm.portal.ui.manageyards.view.New","viewId":"application-manageyards-display-component---NewYard","bindingPath":{"path":"","propertyPath":"/PLANT","modelName":"NewYardModel"},"interaction":{"idSuffix":"inner"}},"clearTextFirst":true,"interactionType":"ENTER_TEXT"}]}
RESULT: {"script":"<script> [776 bytes]","args":[{"enterText":"1001","selector":{"controlType":"sap.m.Input","viewName":"etm.portal.ui.manageyards.view.New","viewId":"application-manageyards-display-component---NewYard","bindingPath":{"path":"","propertyPath":"/PLANT","modelName":"NewYardModel"},"interaction":{"idSuffix":"inner"}},"clearTextFirst":true,"interactionType":"ENTER_TEXT"}]}
COMMAND: POST /session/0bd35d5034cd75fc8dc44075a41c35a4/execute/async - {"script":"<script> [1562 bytes]","args":[{"selector":{"controlType":"sap.m.Input","viewName":"etm.portal.ui.manageyards.view.New","viewId":"application-manageyards-display-component---NewYard","bindingPath":{"path":"","propertyPath":"/SALES_AREA_VKORG","modelName":"NewYardModel"},"interaction":{"idSuffix":"inner"}},"wdio_ui5_key":"etmportal.ui.manageyards.view.Newsap.m.Input{\"path\":\"\",\"propertyPath\":\"/SALES_AREA_VKORG\",\"modelName\":\"NewYardModel\"}"}]}
RESULT: {"script":"<script> [1562 bytes]","args":[{"selector":{"controlType":"sap.m.Input","viewName":"etm.portal.ui.manageyards.view.New","viewId":"application-manageyards-display-component---NewYard","bindingPath":{"path":"","propertyPath":"/SALES_AREA_VKORG","modelName":"NewYardModel"},"interaction":{"idSuffix":"inner"}},"wdio_ui5_key":"etmportal.ui.manageyards.view.Newsap.m.Input{\"path\":\"\",\"propertyPath\":\"/SALES_AREA_VKORG\",\"modelName\":\"NewYardModel\"}"}]}
RESULT: undefined
COMMAND: POST /session/0bd35d5034cd75fc8dc44075a41c35a4/execute/async - {"script":"<script> [776 bytes]","args":[{"enterText":"C002","selector":{"controlType":"sap.m.Input","viewName":"etm.portal.ui.manageyards.view.New","viewId":"application-manageyards-display-component---NewYard","bindingPath":{"path":"","propertyPath":"/SALES_AREA_VKORG","modelName":"NewYardModel"},"interaction":{"idSuffix":"inner"}},"clearTextFirst":true,"interactionType":"ENTER_TEXT"}]}
RESULT: {"script":"<script> [776 bytes]","args":[{"enterText":"C002","selector":{"controlType":"sap.m.Input","viewName":"etm.portal.ui.manageyards.view.New","viewId":"application-manageyards-display-component---NewYard","bindingPath":{"path":"","propertyPath":"/SALES_AREA_VKORG","modelName":"NewYardModel"},"interaction":{"idSuffix":"inner"}},"clearTextFirst":true,"interactionType":"ENTER_TEXT"}]}
COMMAND: POST /session/0bd35d5034cd75fc8dc44075a41c35a4/execute/async - {"script":"<script> [1562 bytes]","args":[{"selector":{"controlType":"sap.m.Input","viewName":"etm.portal.ui.manageyards.view.New","viewId":"application-manageyards-display-component---NewYard","bindingPath":{"path":"","propertyPath":"/SALES_AREA_VTWEG","modelName":"NewYardModel"},"interaction":{"idSuffix":"inner"}},"wdio_ui5_key":"etmportal.ui.manageyards.view.Newsap.m.Input{\"path\":\"\",\"propertyPath\":\"/SALES_AREA_VTWEG\",\"modelName\":\"NewYardModel\"}"}]}
RESULT: {"script":"<script> [1562 bytes]","args":[{"selector":{"controlType":"sap.m.Input","viewName":"etm.portal.ui.manageyards.view.New","viewId":"application-manageyards-display-component---NewYard","bindingPath":{"path":"","propertyPath":"/SALES_AREA_VTWEG","modelName":"NewYardModel"},"interaction":{"idSuffix":"inner"}},"wdio_ui5_key":"etmportal.ui.manageyards.view.Newsap.m.Input{\"path\":\"\",\"propertyPath\":\"/SALES_AREA_VTWEG\",\"modelName\":\"NewYardModel\"}"}]}
RESULT: undefined
COMMAND: POST /session/0bd35d5034cd75fc8dc44075a41c35a4/execute/async - {"script":"<script> [776 bytes]","args":[{"enterText":"C2","selector":{"controlType":"sap.m.Input","viewName":"etm.portal.ui.manageyards.view.New","viewId":"application-manageyards-display-component---NewYard","bindingPath":{"path":"","propertyPath":"/SALES_AREA_VTWEG","modelName":"NewYardModel"},"interaction":{"idSuffix":"inner"}},"clearTextFirst":true,"interactionType":"ENTER_TEXT"}]}
RESULT: {"script":"<script> [776 bytes]","args":[{"enterText":"C2","selector":{"controlType":"sap.m.Input","viewName":"etm.portal.ui.manageyards.view.New","viewId":"application-manageyards-display-component---NewYard","bindingPath":{"path":"","propertyPath":"/SALES_AREA_VTWEG","modelName":"NewYardModel"},"interaction":{"idSuffix":"inner"}},"clearTextFirst":true,"interactionType":"ENTER_TEXT"}]}
COMMAND: POST /session/0bd35d5034cd75fc8dc44075a41c35a4/execute/async - {"script":"<script> [1562 bytes]","args":[{"selector":{"controlType":"sap.m.Input","viewName":"etm.portal.ui.manageyards.view.New","viewId":"application-manageyards-display-component---NewYard","bindingPath":{"path":"","propertyPath":"/SALES_AREA_SPART","modelName":"NewYardModel"},"interaction":{"idSuffix":"inner"}},"wdio_ui5_key":"etmportal.ui.manageyards.view.Newsap.m.Input{\"path\":\"\",\"propertyPath\":\"/SALES_AREA_SPART\",\"modelName\":\"NewYardModel\"}"}]}
RESULT: {"script":"<script> [1562 bytes]","args":[{"selector":{"controlType":"sap.m.Input","viewName":"etm.portal.ui.manageyards.view.New","viewId":"application-manageyards-display-component---NewYard","bindingPath":{"path":"","propertyPath":"/SALES_AREA_SPART","modelName":"NewYardModel"},"interaction":{"idSuffix":"inner"}},"wdio_ui5_key":"etmportal.ui.manageyards.view.Newsap.m.Input{\"path\":\"\",\"propertyPath\":\"/SALES_AREA_SPART\",\"modelName\":\"NewYardModel\"}"}]}
RESULT: undefined
COMMAND: POST /session/0bd35d5034cd75fc8dc44075a41c35a4/execute/async - {"script":"<script> [776 bytes]","args":[{"enterText":"C2","selector":{"controlType":"sap.m.Input","viewName":"etm.portal.ui.manageyards.view.New","viewId":"application-manageyards-display-component---NewYard","bindingPath":{"path":"","propertyPath":"/SALES_AREA_SPART","modelName":"NewYardModel"},"interaction":{"idSuffix":"inner"}},"clearTextFirst":true,"interactionType":"ENTER_TEXT"}]}
RESULT: {"script":"<script> [776 bytes]","args":[{"enterText":"C2","selector":{"controlType":"sap.m.Input","viewName":"etm.portal.ui.manageyards.view.New","viewId":"application-manageyards-display-component---NewYard","bindingPath":{"path":"","propertyPath":"/SALES_AREA_SPART","modelName":"NewYardModel"},"interaction":{"idSuffix":"inner"}},"clearTextFirst":true,"interactionType":"ENTER_TEXT"}]}
COMMAND: POST /session/0bd35d5034cd75fc8dc44075a41c35a4/execute/async - {"script":"<script> [1562 bytes]","args":[{"selector":{"controlType":"sap.m.Input","viewName":"etm.portal.ui.manageyards.view.New","viewId":"application-manageyards-display-component---NewYard","bindingPath":{"path":"","propertyPath":"/SHIP_POINT","modelName":"NewYardModel"},"interaction":{"idSuffix":"inner"}},"wdio_ui5_key":"etmportal.ui.manageyards.view.Newsap.m.Input{\"path\":\"\",\"propertyPath\":\"/SHIP_POINT\",\"modelName\":\"NewYardModel\"}"}]}
RESULT: {"script":"<script> [1562 bytes]","args":[{"selector":{"controlType":"sap.m.Input","viewName":"etm.portal.ui.manageyards.view.New","viewId":"application-manageyards-display-component---NewYard","bindingPath":{"path":"","propertyPath":"/SHIP_POINT","modelName":"NewYardModel"},"interaction":{"idSuffix":"inner"}},"wdio_ui5_key":"etmportal.ui.manageyards.view.Newsap.m.Input{\"path\":\"\",\"propertyPath\":\"/SHIP_POINT\",\"modelName\":\"NewYardModel\"}"}]}
RESULT: undefined
COMMAND: POST /session/0bd35d5034cd75fc8dc44075a41c35a4/execute/async - {"script":"<script> [776 bytes]","args":[{"enterText":"1710","selector":{"controlType":"sap.m.Input","viewName":"etm.portal.ui.manageyards.view.New","viewId":"application-manageyards-display-component---NewYard","bindingPath":{"path":"","propertyPath":"/SHIP_POINT","modelName":"NewYardModel"},"interaction":{"idSuffix":"inner"}},"clearTextFirst":true,"interactionType":"ENTER_TEXT"}]}
RESULT: {"script":"<script> [776 bytes]","args":[{"enterText":"1710","selector":{"controlType":"sap.m.Input","viewName":"etm.portal.ui.manageyards.view.New","viewId":"application-manageyards-display-component---NewYard","bindingPath":{"path":"","propertyPath":"/SHIP_POINT","modelName":"NewYardModel"},"interaction":{"idSuffix":"inner"}},"clearTextFirst":true,"interactionType":"ENTER_TEXT"}]}
COMMAND: POST /session/0bd35d5034cd75fc8dc44075a41c35a4/execute/async - {"script":"<script> [1562 bytes]","args":[{"selector":{"controlType":"sap.m.Input","viewName":"etm.portal.ui.manageyards.view.New","viewId":"application-manageyards-display-component---NewYard","bindingPath":{"path":"","propertyPath":"/DELIVERY_TYPE","modelName":"NewYardModel"},"interaction":{"idSuffix":"inner"}},"wdio_ui5_key":"etmportal.ui.manageyards.view.Newsap.m.Input{\"path\":\"\",\"propertyPath\":\"/DELIVERY_TYPE\",\"modelName\":\"NewYardModel\"}"}]}
RESULT: {"script":"<script> [1562 bytes]","args":[{"selector":{"controlType":"sap.m.Input","viewName":"etm.portal.ui.manageyards.view.New","viewId":"application-manageyards-display-component---NewYard","bindingPath":{"path":"","propertyPath":"/DELIVERY_TYPE","modelName":"NewYardModel"},"interaction":{"idSuffix":"inner"}},"wdio_ui5_key":"etmportal.ui.manageyards.view.Newsap.m.Input{\"path\":\"\",\"propertyPath\":\"/DELIVERY_TYPE\",\"modelName\":\"NewYardModel\"}"}]}
RESULT: undefined
COMMAND: POST /session/0bd35d5034cd75fc8dc44075a41c35a4/execute/async - {"script":"<script> [776 bytes]","args":[{"enterText":"ZL01","selector":{"controlType":"sap.m.Input","viewName":"etm.portal.ui.manageyards.view.New","viewId":"application-manageyards-display-component---NewYard","bindingPath":{"path":"","propertyPath":"/DELIVERY_TYPE","modelName":"NewYardModel"},"interaction":{"idSuffix":"inner"}},"clearTextFirst":true,"interactionType":"ENTER_TEXT"}]}
RESULT: {"script":"<script> [776 bytes]","args":[{"enterText":"ZL01","selector":{"controlType":"sap.m.Input","viewName":"etm.portal.ui.manageyards.view.New","viewId":"application-manageyards-display-component---NewYard","bindingPath":{"path":"","propertyPath":"/DELIVERY_TYPE","modelName":"NewYardModel"},"interaction":{"idSuffix":"inner"}},"clearTextFirst":true,"interactionType":"ENTER_TEXT"}]}
COMMAND: POST /session/0bd35d5034cd75fc8dc44075a41c35a4/execute/async - {"script":"<script> [1562 bytes]","args":[{"selector":{"controlType":"sap.m.Input","viewName":"etm.portal.ui.manageyards.view.New","viewId":"application-manageyards-display-component---NewYard","bindingPath":{"path":"","propertyPath":"/AUART","modelName":"NewYardModel"},"interaction":{"idSuffix":"inner"}},"wdio_ui5_key":"etmportal.ui.manageyards.view.Newsap.m.Input{\"path\":\"\",\"propertyPath\":\"/AUART\",\"modelName\":\"NewYardModel\"}"}]}
RESULT: {"script":"<script> [1562 bytes]","args":[{"selector":{"controlType":"sap.m.Input","viewName":"etm.portal.ui.manageyards.view.New","viewId":"application-manageyards-display-component---NewYard","bindingPath":{"path":"","propertyPath":"/AUART","modelName":"NewYardModel"},"interaction":{"idSuffix":"inner"}},"wdio_ui5_key":"etmportal.ui.manageyards.view.Newsap.m.Input{\"path\":\"\",\"propertyPath\":\"/AUART\",\"modelName\":\"NewYardModel\"}"}]}
RESULT: undefined
COMMAND: POST /session/0bd35d5034cd75fc8dc44075a41c35a4/execute/async - {"script":"<script> [776 bytes]","args":[{"enterText":"TA","selector":{"controlType":"sap.m.Input","viewName":"etm.portal.ui.manageyards.view.New","viewId":"application-manageyards-display-component---NewYard","bindingPath":{"path":"","propertyPath":"/AUART","modelName":"NewYardModel"},"interaction":{"idSuffix":"inner"}},"clearTextFirst":true,"interactionType":"ENTER_TEXT"}]}
RESULT: {"script":"<script> [776 bytes]","args":[{"enterText":"TA","selector":{"controlType":"sap.m.Input","viewName":"etm.portal.ui.manageyards.view.New","viewId":"application-manageyards-display-component---NewYard","bindingPath":{"path":"","propertyPath":"/AUART","modelName":"NewYardModel"},"interaction":{"idSuffix":"inner"}},"clearTextFirst":true,"interactionType":"ENTER_TEXT"}]}
COMMAND: POST /session/0bd35d5034cd75fc8dc44075a41c35a4/execute/async - {"script":"<script> [1562 bytes]","args":[{"selector":{"controlType":"sap.m.Button","viewName":"etm.portal.ui.manageyards.view.New","viewId":"application-manageyards-display-component---NewYard","i18NText":{"propertyName":"text","key":"save"},"interaction":{"idSuffix":"BDI-content"}},"wdio_ui5_key":"etmportal.ui.manageyards.view.Newsap.m.Button{\"propertyName\":\"text\",\"key\":\"save\"}"}]}
RESULT: {"script":"<script> [1562 bytes]","args":[{"selector":{"controlType":"sap.m.Button","viewName":"etm.portal.ui.manageyards.view.New","viewId":"application-manageyards-display-component---NewYard","i18NText":{"propertyName":"text","key":"save"},"interaction":{"idSuffix":"BDI-content"}},"wdio_ui5_key":"etmportal.ui.manageyards.view.Newsap.m.Button{\"propertyName\":\"text\",\"key\":\"save\"}"}]}
RESULT: undefined
COMMAND: POST /session/0bd35d5034cd75fc8dc44075a41c35a4/element - {"using":"xpath","value":"//*[@id=\"__button18\"]"}
RESULT: {"using":"xpath","value":"//*[@id=\"__button18\"]"}
COMMAND: POST /session/0bd35d5034cd75fc8dc44075a41c35a4/element/f.1DB2A491F1B7C642484AEDF47EA6FD52.d.C21CB73D301C02BC5EB19D45476A13A0.e.6095/click - {}
RESULT: {}
COMMAND: GET /session/0bd35d5034cd75fc8dc44075a41c35a4/screenshot - {}
RESULT: {}
COMMAND: POST /session/0bd35d5034cd75fc8dc44075a41c35a4/execute/async - {"script":"<script> [1562 bytes]","args":[{"selector":{"controlType":"sap.m.Text","viewName":"etm.portal.ui.manageyards.view.Detail","viewId":"application-manageyards-display-component---detailYard","bindingPath":{"propertyPath":"ID","modelName":"catalogModel"}},"wdio_ui5_key":"etmportal.ui.manageyards.view.Detailsap.m.Text{\"propertyPath\":\"ID\",\"modelName\":\"catalogModel\"}"}]}
RESULT: {"script":"<script> [1562 bytes]","args":[{"selector":{"controlType":"sap.m.Text","viewName":"etm.portal.ui.manageyards.view.Detail","viewId":"application-manageyards-display-component---detailYard","bindingPath":{"propertyPath":"ID","modelName":"catalogModel"}},"wdio_ui5_key":"etmportal.ui.manageyards.view.Detailsap.m.Text{\"propertyPath\":\"ID\",\"modelName\":\"catalogModel\"}"}]}
RESULT: undefined
COMMAND: POST /session/0bd35d5034cd75fc8dc44075a41c35a4/execute/async - {"script":"<script> [6424 bytes]","args":[{"element-6066-11e4-a52e-4f735466cecf":"f.1DB2A491F1B7C642484AEDF47EA6FD52.d.C21CB73D301C02BC5EB19D45476A13A0.e.6357"},"getText",[]]}
RESULT: {"script":"<script> [6424 bytes]","args":[{"element-6066-11e4-a52e-4f735466cecf":"f.1DB2A491F1B7C642484AEDF47EA6FD52.d.C21CB73D301C02BC5EB19D45476A13A0.e.6357"},"getText",[]]}
COMMAND: POST /session/0bd35d5034cd75fc8dc44075a41c35a4/element - {"using":"css selector","value":"#shell-header-logo"}
RESULT: {"using":"css selector","value":"#shell-header-logo"}
COMMAND: POST /session/0bd35d5034cd75fc8dc44075a41c35a4/element/f.1DB2A491F1B7C642484AEDF47EA6FD52.d.C21CB73D301C02BC5EB19D45476A13A0.e.5645/click - {}
RESULT: {}
COMMAND: GET /session/0bd35d5034cd75fc8dc44075a41c35a4/screenshot - {}
RESULT: {}
]]></system-out>
    </testcase>
    <testcase classname="chrome.135_0_7049_96.windows.Provide_to_Site_w/o_warehouse_management_w/_clarification_US116605" name="Should create WHM site" time="57.422">
      <system-out><![CDATA[
COMMAND: POST /session/0bd35d5034cd75fc8dc44075a41c35a4/execute/async - {"script":"<script> [1562 bytes]","args":[{"selector":{"controlType":"sap.m.GenericTile","properties":{"header":"Manage Sites"}},"wdio_ui5_key":"sapm.GenericTile{\"header\":\"Manage Sites\"}"}]}
RESULT: {"script":"<script> [1562 bytes]","args":[{"selector":{"controlType":"sap.m.GenericTile","properties":{"header":"Manage Sites"}},"wdio_ui5_key":"sapm.GenericTile{\"header\":\"Manage Sites\"}"}]}
RESULT: undefined
COMMAND: POST /session/0bd35d5034cd75fc8dc44075a41c35a4/element - {"using":"xpath","value":"//*[@id=\"__tile40\"]"}
RESULT: {"using":"xpath","value":"//*[@id=\"__tile40\"]"}
COMMAND: POST /session/0bd35d5034cd75fc8dc44075a41c35a4/element/f.1DB2A491F1B7C642484AEDF47EA6FD52.d.C21CB73D301C02BC5EB19D45476A13A0.e.6359/click - {}
RESULT: {}
COMMAND: GET /session/0bd35d5034cd75fc8dc44075a41c35a4/screenshot - {}
RESULT: {}
COMMAND: POST /session/0bd35d5034cd75fc8dc44075a41c35a4/execute/async - {"script":"<script> [1562 bytes]","args":[{"selector":{"controlType":"sap.ui.core.Icon","viewName":"etm.portal.ui.managesites.view.Master","viewId":"application-managesites-display-component---masterSite","properties":{"src":{"regex":{"source":"add"}}}},"wdio_ui5_key":"etmportal.ui.managesites.view.Mastersap.ui.core.Icon{\"src\":{\"regex\":{\"source\":\"add\"}}}"}]}
RESULT: {"script":"<script> [1562 bytes]","args":[{"selector":{"controlType":"sap.ui.core.Icon","viewName":"etm.portal.ui.managesites.view.Master","viewId":"application-managesites-display-component---masterSite","properties":{"src":{"regex":{"source":"add"}}}},"wdio_ui5_key":"etmportal.ui.managesites.view.Mastersap.ui.core.Icon{\"src\":{\"regex\":{\"source\":\"add\"}}}"}]}
RESULT: undefined
COMMAND: POST /session/0bd35d5034cd75fc8dc44075a41c35a4/element - {"using":"xpath","value":"//*[@id=\"__button64-img\"]"}
RESULT: {"using":"xpath","value":"//*[@id=\"__button64-img\"]"}
COMMAND: POST /session/0bd35d5034cd75fc8dc44075a41c35a4/element/f.1DB2A491F1B7C642484AEDF47EA6FD52.d.C21CB73D301C02BC5EB19D45476A13A0.e.6407/click - {}
RESULT: {}
COMMAND: GET /session/0bd35d5034cd75fc8dc44075a41c35a4/screenshot - {}
COMMAND: POST /session/0bd35d5034cd75fc8dc44075a41c35a4/execute/async - {"script":"<script> [1562 bytes]","args":[{"selector":{"controlType":"sap.m.Button","viewName":"etm.portal.ui.managesites.view.NewSmartSite","viewId":"application-managesites-display-component---NewSite","properties":{"text":"General Information"},"interaction":{"idSuffix":"BDI-content"}},"wdio_ui5_key":"etmportal.ui.managesites.view.NewSmartSitesap.m.Button{\"text\":\"General Information\"}"}]}
RESULT: {}
RESULT: {"script":"<script> [1562 bytes]","args":[{"selector":{"controlType":"sap.m.Button","viewName":"etm.portal.ui.managesites.view.NewSmartSite","viewId":"application-managesites-display-component---NewSite","properties":{"text":"General Information"},"interaction":{"idSuffix":"BDI-content"}},"wdio_ui5_key":"etmportal.ui.managesites.view.NewSmartSitesap.m.Button{\"text\":\"General Information\"}"}]}
RESULT: undefined
COMMAND: POST /session/0bd35d5034cd75fc8dc44075a41c35a4/element - {"using":"xpath","value":"//*[@id=\"application-managesites-display-component---NewSite--ObjectPageLayout-anchBar-__section31-anchor\"]"}
RESULT: {"using":"xpath","value":"//*[@id=\"application-managesites-display-component---NewSite--ObjectPageLayout-anchBar-__section31-anchor\"]"}
COMMAND: POST /session/0bd35d5034cd75fc8dc44075a41c35a4/element/f.1DB2A491F1B7C642484AEDF47EA6FD52.d.C21CB73D301C02BC5EB19D45476A13A0.e.6790/click - {}
RESULT: {}
COMMAND: POST /session/0bd35d5034cd75fc8dc44075a41c35a4/execute/async - {"script":"<script> [1562 bytes]","args":[{"selector":{"id":"application-managesites-display-component---NewSite--addressDetailDetailsName1","interaction":{"idSuffix":"inner"}},"wdio_ui5_key":"applicationmanagesites-display-component---NewSite--addressDetailDetailsName1"}]}
COMMAND: GET /session/0bd35d5034cd75fc8dc44075a41c35a4/screenshot - {}
RESULT: {"script":"<script> [1562 bytes]","args":[{"selector":{"id":"application-managesites-display-component---NewSite--addressDetailDetailsName1","interaction":{"idSuffix":"inner"}},"wdio_ui5_key":"applicationmanagesites-display-component---NewSite--addressDetailDetailsName1"}]}
RESULT: undefined
COMMAND: POST /session/0bd35d5034cd75fc8dc44075a41c35a4/execute/async - {"script":"<script> [776 bytes]","args":[{"enterText":"WDI5 WHM Site","selector":{"id":"application-managesites-display-component---NewSite--addressDetailDetailsName1","interaction":{"idSuffix":"inner"}},"clearTextFirst":true,"interactionType":"ENTER_TEXT"}]}
RESULT: {}
RESULT: {"script":"<script> [776 bytes]","args":[{"enterText":"WDI5 WHM Site","selector":{"id":"application-managesites-display-component---NewSite--addressDetailDetailsName1","interaction":{"idSuffix":"inner"}},"clearTextFirst":true,"interactionType":"ENTER_TEXT"}]}
COMMAND: POST /session/0bd35d5034cd75fc8dc44075a41c35a4/execute/async - {"script":"<script> [1562 bytes]","args":[{"selector":{"id":"application-managesites-display-component---NewSite--addressDetailDetailsLanguage","interaction":{"idSuffix":"inner"}},"wdio_ui5_key":"applicationmanagesites-display-component---NewSite--addressDetailDetailsLanguage"}]}
RESULT: {"script":"<script> [1562 bytes]","args":[{"selector":{"id":"application-managesites-display-component---NewSite--addressDetailDetailsLanguage","interaction":{"idSuffix":"inner"}},"wdio_ui5_key":"applicationmanagesites-display-component---NewSite--addressDetailDetailsLanguage"}]}
RESULT: undefined
COMMAND: POST /session/0bd35d5034cd75fc8dc44075a41c35a4/execute/async - {"script":"<script> [776 bytes]","args":[{"enterText":"Romanian","selector":{"id":"application-managesites-display-component---NewSite--addressDetailDetailsLanguage","interaction":{"idSuffix":"inner"}},"clearTextFirst":true,"interactionType":"ENTER_TEXT"}]}
RESULT: {"script":"<script> [776 bytes]","args":[{"enterText":"Romanian","selector":{"id":"application-managesites-display-component---NewSite--addressDetailDetailsLanguage","interaction":{"idSuffix":"inner"}},"clearTextFirst":true,"interactionType":"ENTER_TEXT"}]}
COMMAND: POST /session/0bd35d5034cd75fc8dc44075a41c35a4/execute/async - {"script":"<script> [1562 bytes]","args":[{"selector":{"id":"application-managesites-display-component---NewSite--addressDetailDetailsCity1","interaction":{"idSuffix":"inner"}},"wdio_ui5_key":"applicationmanagesites-display-component---NewSite--addressDetailDetailsCity1"}]}
RESULT: {"script":"<script> [1562 bytes]","args":[{"selector":{"id":"application-managesites-display-component---NewSite--addressDetailDetailsCity1","interaction":{"idSuffix":"inner"}},"wdio_ui5_key":"applicationmanagesites-display-component---NewSite--addressDetailDetailsCity1"}]}
RESULT: undefined
COMMAND: POST /session/0bd35d5034cd75fc8dc44075a41c35a4/execute/async - {"script":"<script> [776 bytes]","args":[{"enterText":"Bucharest","selector":{"id":"application-managesites-display-component---NewSite--addressDetailDetailsCity1","interaction":{"idSuffix":"inner"}},"clearTextFirst":true,"interactionType":"ENTER_TEXT"}]}
RESULT: {"script":"<script> [776 bytes]","args":[{"enterText":"Bucharest","selector":{"id":"application-managesites-display-component---NewSite--addressDetailDetailsCity1","interaction":{"idSuffix":"inner"}},"clearTextFirst":true,"interactionType":"ENTER_TEXT"}]}
COMMAND: POST /session/0bd35d5034cd75fc8dc44075a41c35a4/execute/async - {"script":"<script> [1562 bytes]","args":[{"selector":{"id":"application-managesites-display-component---NewSite--addressDetailDetailsCountry","interaction":{"idSuffix":"inner"}},"wdio_ui5_key":"applicationmanagesites-display-component---NewSite--addressDetailDetailsCountry"}]}
RESULT: {"script":"<script> [1562 bytes]","args":[{"selector":{"id":"application-managesites-display-component---NewSite--addressDetailDetailsCountry","interaction":{"idSuffix":"inner"}},"wdio_ui5_key":"applicationmanagesites-display-component---NewSite--addressDetailDetailsCountry"}]}
RESULT: undefined
COMMAND: POST /session/0bd35d5034cd75fc8dc44075a41c35a4/execute/async - {"script":"<script> [6424 bytes]","args":[{"element-6066-11e4-a52e-4f735466cecf":"f.1DB2A491F1B7C642484AEDF47EA6FD52.d.C21CB73D301C02BC5EB19D45476A13A0.e.6636"},"setValue",["Romania"]]}
RESULT: {"script":"<script> [6424 bytes]","args":[{"element-6066-11e4-a52e-4f735466cecf":"f.1DB2A491F1B7C642484AEDF47EA6FD52.d.C21CB73D301C02BC5EB19D45476A13A0.e.6636"},"setValue",["Romania"]]}
COMMAND: POST /session/0bd35d5034cd75fc8dc44075a41c35a4/execute/async - {"script":"<script> [1562 bytes]","args":[{"selector":{"id":"application-managesites-display-component---NewSite--addressDetailDetailsCalendar","interaction":{"idSuffix":"inner"}},"wdio_ui5_key":"applicationmanagesites-display-component---NewSite--addressDetailDetailsCalendar"}]}
RESULT: {"script":"<script> [1562 bytes]","args":[{"selector":{"id":"application-managesites-display-component---NewSite--addressDetailDetailsCalendar","interaction":{"idSuffix":"inner"}},"wdio_ui5_key":"applicationmanagesites-display-component---NewSite--addressDetailDetailsCalendar"}]}
RESULT: undefined
COMMAND: POST /session/0bd35d5034cd75fc8dc44075a41c35a4/execute/async - {"script":"<script> [776 bytes]","args":[{"enterText":"8 - Germany (Standard)","selector":{"id":"application-managesites-display-component---NewSite--addressDetailDetailsCalendar","interaction":{"idSuffix":"inner"}},"clearTextFirst":true,"interactionType":"ENTER_TEXT"}]}
RESULT: {"script":"<script> [776 bytes]","args":[{"enterText":"8 - Germany (Standard)","selector":{"id":"application-managesites-display-component---NewSite--addressDetailDetailsCalendar","interaction":{"idSuffix":"inner"}},"clearTextFirst":true,"interactionType":"ENTER_TEXT"}]}
COMMAND: POST /session/0bd35d5034cd75fc8dc44075a41c35a4/element - {"using":"xpath","value":"//input[@id=\"application-managesites-display-component---NewSite--addressDetailDetailsYard-inner\"]"}
RESULT: {"using":"xpath","value":"//input[@id=\"application-managesites-display-component---NewSite--addressDetailDetailsYard-inner\"]"}
COMMAND: POST /session/0bd35d5034cd75fc8dc44075a41c35a4/element/f.1DB2A491F1B7C642484AEDF47EA6FD52.d.C21CB73D301C02BC5EB19D45476A13A0.e.6647/clear - {}
RESULT: {}
COMMAND: POST /session/0bd35d5034cd75fc8dc44075a41c35a4/element/f.1DB2A491F1B7C642484AEDF47EA6FD52.d.C21CB73D301C02BC5EB19D45476A13A0.e.6647/value - {"text":"622"}
COMMAND: GET /session/0bd35d5034cd75fc8dc44075a41c35a4/screenshot - {}
RESULT: {"text":"622"}
COMMAND: GET /session/0bd35d5034cd75fc8dc44075a41c35a4/screenshot - {}
RESULT: {}
RESULT: {}
COMMAND: POST /session/0bd35d5034cd75fc8dc44075a41c35a4/execute/async - {"script":"<script> [1562 bytes]","args":[{"selector":{"controlType":"sap.m.Button","viewName":"etm.portal.ui.managesites.view.NewSmartSite","viewId":"application-managesites-display-component---NewSite","properties":{"text":"Commercial"},"interaction":{"idSuffix":"BDI-content"}},"wdio_ui5_key":"etmportal.ui.managesites.view.NewSmartSitesap.m.Button{\"text\":\"Commercial\"}"}]}
RESULT: {"script":"<script> [1562 bytes]","args":[{"selector":{"controlType":"sap.m.Button","viewName":"etm.portal.ui.managesites.view.NewSmartSite","viewId":"application-managesites-display-component---NewSite","properties":{"text":"Commercial"},"interaction":{"idSuffix":"BDI-content"}},"wdio_ui5_key":"etmportal.ui.managesites.view.NewSmartSitesap.m.Button{\"text\":\"Commercial\"}"}]}
RESULT: undefined
COMMAND: POST /session/0bd35d5034cd75fc8dc44075a41c35a4/element - {"using":"xpath","value":"//*[@id=\"application-managesites-display-component---NewSite--ObjectPageLayout-anchBar-__section33-anchor\"]"}
RESULT: {"using":"xpath","value":"//*[@id=\"application-managesites-display-component---NewSite--ObjectPageLayout-anchBar-__section33-anchor\"]"}
COMMAND: POST /session/0bd35d5034cd75fc8dc44075a41c35a4/element/f.1DB2A491F1B7C642484AEDF47EA6FD52.d.C21CB73D301C02BC5EB19D45476A13A0.e.6799/click - {}
RESULT: {}
COMMAND: POST /session/0bd35d5034cd75fc8dc44075a41c35a4/execute/async - {"script":"<script> [1562 bytes]","args":[{"selector":{"controlType":"sap.m.Button","viewName":"etm.portal.ui.managesites.view.NewSmartSite","viewId":"application-managesites-display-component---NewSite","i18NText":{"propertyName":"text","key":"save"},"interaction":{"idSuffix":"BDI-content"}},"wdio_ui5_key":"etmportal.ui.managesites.view.NewSmartSitesap.m.Button{\"propertyName\":\"text\",\"key\":\"save\"}"}]}
COMMAND: GET /session/0bd35d5034cd75fc8dc44075a41c35a4/screenshot - {}
RESULT: {"script":"<script> [1562 bytes]","args":[{"selector":{"controlType":"sap.m.Button","viewName":"etm.portal.ui.managesites.view.NewSmartSite","viewId":"application-managesites-display-component---NewSite","i18NText":{"propertyName":"text","key":"save"},"interaction":{"idSuffix":"BDI-content"}},"wdio_ui5_key":"etmportal.ui.managesites.view.NewSmartSitesap.m.Button{\"propertyName\":\"text\",\"key\":\"save\"}"}]}
RESULT: undefined
COMMAND: POST /session/0bd35d5034cd75fc8dc44075a41c35a4/element - {"using":"xpath","value":"//*[@id=\"__button76\"]"}
RESULT: {}
RESULT: {"using":"xpath","value":"//*[@id=\"__button76\"]"}
COMMAND: POST /session/0bd35d5034cd75fc8dc44075a41c35a4/element/f.1DB2A491F1B7C642484AEDF47EA6FD52.d.C21CB73D301C02BC5EB19D45476A13A0.e.6776/click - {}
RESULT: {}
COMMAND: GET /session/0bd35d5034cd75fc8dc44075a41c35a4/screenshot - {}
RESULT: {}
COMMAND: POST /session/0bd35d5034cd75fc8dc44075a41c35a4/execute/async - {"script":"<script> [1562 bytes]","args":[{"selector":{"controlType":"sap.m.Text","viewName":"etm.portal.ui.managesites.view.Detail","viewId":"application-managesites-display-component---detailSite","bindingPath":{"propertyPath":"ID","modelName":"catalogModel"}},"wdio_ui5_key":"etmportal.ui.managesites.view.Detailsap.m.Text{\"propertyPath\":\"ID\",\"modelName\":\"catalogModel\"}"}]}
RESULT: {"script":"<script> [1562 bytes]","args":[{"selector":{"controlType":"sap.m.Text","viewName":"etm.portal.ui.managesites.view.Detail","viewId":"application-managesites-display-component---detailSite","bindingPath":{"propertyPath":"ID","modelName":"catalogModel"}},"wdio_ui5_key":"etmportal.ui.managesites.view.Detailsap.m.Text{\"propertyPath\":\"ID\",\"modelName\":\"catalogModel\"}"}]}
RESULT: undefined
COMMAND: POST /session/0bd35d5034cd75fc8dc44075a41c35a4/execute/async - {"script":"<script> [6424 bytes]","args":[{"element-6066-11e4-a52e-4f735466cecf":"f.1DB2A491F1B7C642484AEDF47EA6FD52.d.C21CB73D301C02BC5EB19D45476A13A0.e.6998"},"getText",[]]}
RESULT: {"script":"<script> [6424 bytes]","args":[{"element-6066-11e4-a52e-4f735466cecf":"f.1DB2A491F1B7C642484AEDF47EA6FD52.d.C21CB73D301C02BC5EB19D45476A13A0.e.6998"},"getText",[]]}
COMMAND: POST /session/0bd35d5034cd75fc8dc44075a41c35a4/execute/async - {"script":"<script> [1562 bytes]","args":[{"selector":{"controlType":"sap.m.Label","viewName":"etm.portal.ui.managesites.view.Detail","viewId":"application-managesites-display-component---detailSite","i18NText":{"propertyName":"text","key":"status"}},"wdio_ui5_key":"etmportal.ui.managesites.view.Detailsap.m.Label{\"propertyName\":\"text\",\"key\":\"status\"}"}]}
RESULT: {"script":"<script> [1562 bytes]","args":[{"selector":{"controlType":"sap.m.Label","viewName":"etm.portal.ui.managesites.view.Detail","viewId":"application-managesites-display-component---detailSite","i18NText":{"propertyName":"text","key":"status"}},"wdio_ui5_key":"etmportal.ui.managesites.view.Detailsap.m.Label{\"propertyName\":\"text\",\"key\":\"status\"}"}]}
RESULT: undefined
COMMAND: POST /session/0bd35d5034cd75fc8dc44075a41c35a4/execute/async - {"script":"<script> [6424 bytes]","args":[{"element-6066-11e4-a52e-4f735466cecf":"f.1DB2A491F1B7C642484AEDF47EA6FD52.d.C21CB73D301C02BC5EB19D45476A13A0.e.6987"},"getText",[]]}
RESULT: {"script":"<script> [6424 bytes]","args":[{"element-6066-11e4-a52e-4f735466cecf":"f.1DB2A491F1B7C642484AEDF47EA6FD52.d.C21CB73D301C02BC5EB19D45476A13A0.e.6987"},"getText",[]]}
RESULT: undefined
COMMAND: POST /session/0bd35d5034cd75fc8dc44075a41c35a4/element - {"using":"xpath","value":"//*[@id=\"shell-header\"]"}
RESULT: {"using":"xpath","value":"//*[@id=\"shell-header\"]"}
COMMAND: POST /session/0bd35d5034cd75fc8dc44075a41c35a4/element/f.1DB2A491F1B7C642484AEDF47EA6FD52.d.C21CB73D301C02BC5EB19D45476A13A0.e.6999/click - {}
RESULT: {}
COMMAND: POST /session/0bd35d5034cd75fc8dc44075a41c35a4/element - {"using":"css selector","value":"#shell-header-logo"}
COMMAND: GET /session/0bd35d5034cd75fc8dc44075a41c35a4/screenshot - {}
RESULT: {"using":"css selector","value":"#shell-header-logo"}
COMMAND: POST /session/0bd35d5034cd75fc8dc44075a41c35a4/element/f.1DB2A491F1B7C642484AEDF47EA6FD52.d.C21CB73D301C02BC5EB19D45476A13A0.e.6362/click - {}
RESULT: {}
RESULT: {}
]]></system-out>
    </testcase>
    <testcase classname="chrome.135_0_7049_96.windows.Provide_to_Site_w/o_warehouse_management_w/_clarification_US116605" name="Should create WHM Partner" time="72.94">
      <system-out><![CDATA[
COMMAND: POST /session/0bd35d5034cd75fc8dc44075a41c35a4/execute/async - {"script":"<script> [1562 bytes]","args":[{"selector":{"controlType":"sap.m.GenericTile","properties":{"header":"Manage Partners"}},"wdio_ui5_key":"sapm.GenericTile{\"header\":\"Manage Partners\"}"}]}
COMMAND: GET /session/0bd35d5034cd75fc8dc44075a41c35a4/screenshot - {}
RESULT: {"script":"<script> [1562 bytes]","args":[{"selector":{"controlType":"sap.m.GenericTile","properties":{"header":"Manage Partners"}},"wdio_ui5_key":"sapm.GenericTile{\"header\":\"Manage Partners\"}"}]}
RESULT: undefined
COMMAND: POST /session/0bd35d5034cd75fc8dc44075a41c35a4/element - {"using":"xpath","value":"//*[@id=\"__tile38\"]"}
RESULT: {}
RESULT: {"using":"xpath","value":"//*[@id=\"__tile38\"]"}
COMMAND: POST /session/0bd35d5034cd75fc8dc44075a41c35a4/element/f.1DB2A491F1B7C642484AEDF47EA6FD52.d.C21CB73D301C02BC5EB19D45476A13A0.e.7005/click - {}
RESULT: {}
COMMAND: GET /session/0bd35d5034cd75fc8dc44075a41c35a4/screenshot - {}
RESULT: {}
COMMAND: POST /session/0bd35d5034cd75fc8dc44075a41c35a4/element - {"using":"xpath","value":"//button[(@data-kt = 'addButton')]"}
RESULT: {"using":"xpath","value":"//button[(@data-kt = 'addButton')]"}
COMMAND: POST /session/0bd35d5034cd75fc8dc44075a41c35a4/elements - {"using":"xpath","value":"//button[(@data-kt = 'addButton')]"}
RESULT: {"using":"xpath","value":"//button[(@data-kt = 'addButton')]"}
COMMAND: POST /session/0bd35d5034cd75fc8dc44075a41c35a4/elements - {"using":"xpath","value":"//button[(@data-kt = 'addButton')]"}
RESULT: {"using":"xpath","value":"//button[(@data-kt = 'addButton')]"}
COMMAND: POST /session/0bd35d5034cd75fc8dc44075a41c35a4/elements - {"using":"xpath","value":"//button[(@data-kt = 'addButton')]"}
RESULT: {"using":"xpath","value":"//button[(@data-kt = 'addButton')]"}
COMMAND: POST /session/0bd35d5034cd75fc8dc44075a41c35a4/elements - {"using":"xpath","value":"//button[(@data-kt = 'addButton')]"}
RESULT: {"using":"xpath","value":"//button[(@data-kt = 'addButton')]"}
COMMAND: POST /session/0bd35d5034cd75fc8dc44075a41c35a4/elements - {"using":"xpath","value":"//button[(@data-kt = 'addButton')]"}
RESULT: {"using":"xpath","value":"//button[(@data-kt = 'addButton')]"}
COMMAND: POST /session/0bd35d5034cd75fc8dc44075a41c35a4/elements - {"using":"xpath","value":"//button[(@data-kt = 'addButton')]"}
RESULT: {"using":"xpath","value":"//button[(@data-kt = 'addButton')]"}
COMMAND: POST /session/0bd35d5034cd75fc8dc44075a41c35a4/elements - {"using":"xpath","value":"//button[(@data-kt = 'addButton')]"}
RESULT: {"using":"xpath","value":"//button[(@data-kt = 'addButton')]"}
COMMAND: POST /session/0bd35d5034cd75fc8dc44075a41c35a4/elements - {"using":"xpath","value":"//button[(@data-kt = 'addButton')]"}
RESULT: {"using":"xpath","value":"//button[(@data-kt = 'addButton')]"}
COMMAND: POST /session/0bd35d5034cd75fc8dc44075a41c35a4/elements - {"using":"xpath","value":"//button[(@data-kt = 'addButton')]"}
RESULT: {"using":"xpath","value":"//button[(@data-kt = 'addButton')]"}
COMMAND: POST /session/0bd35d5034cd75fc8dc44075a41c35a4/elements - {"using":"xpath","value":"//button[(@data-kt = 'addButton')]"}
RESULT: {"using":"xpath","value":"//button[(@data-kt = 'addButton')]"}
COMMAND: POST /session/0bd35d5034cd75fc8dc44075a41c35a4/elements - {"using":"xpath","value":"//button[(@data-kt = 'addButton')]"}
RESULT: {"using":"xpath","value":"//button[(@data-kt = 'addButton')]"}
COMMAND: POST /session/0bd35d5034cd75fc8dc44075a41c35a4/elements - {"using":"xpath","value":"//button[(@data-kt = 'addButton')]"}
RESULT: {"using":"xpath","value":"//button[(@data-kt = 'addButton')]"}
COMMAND: POST /session/0bd35d5034cd75fc8dc44075a41c35a4/element - {"using":"xpath","value":"//button[(@data-kt = 'addButton')]"}
RESULT: {"using":"xpath","value":"//button[(@data-kt = 'addButton')]"}
COMMAND: POST /session/0bd35d5034cd75fc8dc44075a41c35a4/element/f.1DB2A491F1B7C642484AEDF47EA6FD52.d.C21CB73D301C02BC5EB19D45476A13A0.e.7053/click - {}
RESULT: {}
COMMAND: POST /session/0bd35d5034cd75fc8dc44075a41c35a4/execute/async - {"script":"<script> [1562 bytes]","args":[{"selector":{"id":"application-managepartners-display-component---NewPartner--addressDetailDetailsName1","interaction":{"idSuffix":"inner"}},"wdio_ui5_key":"applicationmanagepartners-display-component---NewPartner--addressDetailDetailsName1"}]}
COMMAND: GET /session/0bd35d5034cd75fc8dc44075a41c35a4/screenshot - {}
RESULT: {"script":"<script> [1562 bytes]","args":[{"selector":{"id":"application-managepartners-display-component---NewPartner--addressDetailDetailsName1","interaction":{"idSuffix":"inner"}},"wdio_ui5_key":"applicationmanagepartners-display-component---NewPartner--addressDetailDetailsName1"}]}
RESULT: undefined
COMMAND: POST /session/0bd35d5034cd75fc8dc44075a41c35a4/execute/async - {"script":"<script> [776 bytes]","args":[{"enterText":"WDI5-Partners","selector":{"id":"application-managepartners-display-component---NewPartner--addressDetailDetailsName1","interaction":{"idSuffix":"inner"}},"clearTextFirst":true,"interactionType":"ENTER_TEXT"}]}
RESULT: {}
RESULT: {"script":"<script> [776 bytes]","args":[{"enterText":"WDI5-Partners","selector":{"id":"application-managepartners-display-component---NewPartner--addressDetailDetailsName1","interaction":{"idSuffix":"inner"}},"clearTextFirst":true,"interactionType":"ENTER_TEXT"}]}
COMMAND: POST /session/0bd35d5034cd75fc8dc44075a41c35a4/execute/async - {"script":"<script> [1562 bytes]","args":[{"selector":{"id":"application-managepartners-display-component---NewPartner--addressDetailDetailsLanguage-arrow"},"wdio_ui5_key":"applicationmanagepartners-display-component---NewPartner--addressDetailDetailsLanguage-arrow"}]}
RESULT: {"script":"<script> [1562 bytes]","args":[{"selector":{"id":"application-managepartners-display-component---NewPartner--addressDetailDetailsLanguage-arrow"},"wdio_ui5_key":"applicationmanagepartners-display-component---NewPartner--addressDetailDetailsLanguage-arrow"}]}
RESULT: undefined
COMMAND: POST /session/0bd35d5034cd75fc8dc44075a41c35a4/element - {"using":"xpath","value":"//*[@id=\"application-managepartners-display-component---NewPartner--addressDetailDetailsLanguage-arrow\"]"}
RESULT: {"using":"xpath","value":"//*[@id=\"application-managepartners-display-component---NewPartner--addressDetailDetailsLanguage-arrow\"]"}
COMMAND: POST /session/0bd35d5034cd75fc8dc44075a41c35a4/element/f.1DB2A491F1B7C642484AEDF47EA6FD52.d.C21CB73D301C02BC5EB19D45476A13A0.e.7475/click - {}
RESULT: {}
COMMAND: POST /session/0bd35d5034cd75fc8dc44075a41c35a4/execute/async - {"script":"<script> [1562 bytes]","args":[{"selector":{"controlType":"sap.m.StandardListItem","viewName":"etm.portal.ui.managepartners.view.NewPartner","viewId":"application-managepartners-display-component---NewPartner","properties":{"title":"English"},"searchOpenDialogs":true,"interaction":{"idSuffix":"content"}},"wdio_ui5_key":"etmportal.ui.managepartners.view.NewPartnersap.m.StandardListItem{\"title\":\"English\"}"}]}
COMMAND: GET /session/0bd35d5034cd75fc8dc44075a41c35a4/screenshot - {}
RESULT: {"script":"<script> [1562 bytes]","args":[{"selector":{"controlType":"sap.m.StandardListItem","viewName":"etm.portal.ui.managepartners.view.NewPartner","viewId":"application-managepartners-display-component---NewPartner","properties":{"title":"English"},"searchOpenDialogs":true,"interaction":{"idSuffix":"content"}},"wdio_ui5_key":"etmportal.ui.managepartners.view.NewPartnersap.m.StandardListItem{\"title\":\"English\"}"}]}
RESULT: undefined
COMMAND: POST /session/0bd35d5034cd75fc8dc44075a41c35a4/element - {"using":"xpath","value":"//*[@id=\"__item1244\"]"}
RESULT: {}
RESULT: {"using":"xpath","value":"//*[@id=\"__item1244\"]"}
COMMAND: POST /session/0bd35d5034cd75fc8dc44075a41c35a4/element/f.1DB2A491F1B7C642484AEDF47EA6FD52.d.C21CB73D301C02BC5EB19D45476A13A0.e.7477/click - {}
RESULT: {}
COMMAND: POST /session/0bd35d5034cd75fc8dc44075a41c35a4/execute/async - {"script":"<script> [1562 bytes]","args":[{"selector":{"id":"application-managepartners-display-component---NewPartner--addressDetailDetailsCity1","interaction":{"idSuffix":"inner"}},"wdio_ui5_key":"applicationmanagepartners-display-component---NewPartner--addressDetailDetailsCity1"}]}
COMMAND: GET /session/0bd35d5034cd75fc8dc44075a41c35a4/screenshot - {}
RESULT: {"script":"<script> [1562 bytes]","args":[{"selector":{"id":"application-managepartners-display-component---NewPartner--addressDetailDetailsCity1","interaction":{"idSuffix":"inner"}},"wdio_ui5_key":"applicationmanagepartners-display-component---NewPartner--addressDetailDetailsCity1"}]}
RESULT: undefined
COMMAND: POST /session/0bd35d5034cd75fc8dc44075a41c35a4/execute/async - {"script":"<script> [776 bytes]","args":[{"enterText":"Bangalore","selector":{"id":"application-managepartners-display-component---NewPartner--addressDetailDetailsCity1","interaction":{"idSuffix":"inner"}},"clearTextFirst":true,"interactionType":"ENTER_TEXT"}]}
RESULT: {}
RESULT: {"script":"<script> [776 bytes]","args":[{"enterText":"Bangalore","selector":{"id":"application-managepartners-display-component---NewPartner--addressDetailDetailsCity1","interaction":{"idSuffix":"inner"}},"clearTextFirst":true,"interactionType":"ENTER_TEXT"}]}
COMMAND: POST /session/0bd35d5034cd75fc8dc44075a41c35a4/execute/async - {"script":"<script> [1562 bytes]","args":[{"selector":{"id":"application-managepartners-display-component---NewPartner--addressDetailDetailsCountry-arrow"},"wdio_ui5_key":"applicationmanagepartners-display-component---NewPartner--addressDetailDetailsCountry-arrow"}]}
RESULT: {"script":"<script> [1562 bytes]","args":[{"selector":{"id":"application-managepartners-display-component---NewPartner--addressDetailDetailsCountry-arrow"},"wdio_ui5_key":"applicationmanagepartners-display-component---NewPartner--addressDetailDetailsCountry-arrow"}]}
RESULT: undefined
COMMAND: POST /session/0bd35d5034cd75fc8dc44075a41c35a4/element - {"using":"xpath","value":"//*[@id=\"application-managepartners-display-component---NewPartner--addressDetailDetailsCountry-arrow\"]"}
RESULT: {"using":"xpath","value":"//*[@id=\"application-managepartners-display-component---NewPartner--addressDetailDetailsCountry-arrow\"]"}
COMMAND: POST /session/0bd35d5034cd75fc8dc44075a41c35a4/element/f.1DB2A491F1B7C642484AEDF47EA6FD52.d.C21CB73D301C02BC5EB19D45476A13A0.e.7479/click - {}
RESULT: {}
COMMAND: POST /session/0bd35d5034cd75fc8dc44075a41c35a4/execute/async - {"script":"<script> [1562 bytes]","args":[{"selector":{"id":"application-managepartners-display-component---NewPartner--addressDetailDetailsCountry","interaction":{"idSuffix":"inner"}},"wdio_ui5_key":"applicationmanagepartners-display-component---NewPartner--addressDetailDetailsCountry"}]}
COMMAND: GET /session/0bd35d5034cd75fc8dc44075a41c35a4/screenshot - {}
RESULT: {"script":"<script> [1562 bytes]","args":[{"selector":{"id":"application-managepartners-display-component---NewPartner--addressDetailDetailsCountry","interaction":{"idSuffix":"inner"}},"wdio_ui5_key":"applicationmanagepartners-display-component---NewPartner--addressDetailDetailsCountry"}]}
RESULT: undefined
COMMAND: POST /session/0bd35d5034cd75fc8dc44075a41c35a4/execute/async - {"script":"<script> [776 bytes]","args":[{"enterText":"India","selector":{"id":"application-managepartners-display-component---NewPartner--addressDetailDetailsCountry","interaction":{"idSuffix":"inner"}},"clearTextFirst":true,"interactionType":"ENTER_TEXT"}]}
RESULT: {}
RESULT: {"script":"<script> [776 bytes]","args":[{"enterText":"India","selector":{"id":"application-managepartners-display-component---NewPartner--addressDetailDetailsCountry","interaction":{"idSuffix":"inner"}},"clearTextFirst":true,"interactionType":"ENTER_TEXT"}]}
COMMAND: POST /session/0bd35d5034cd75fc8dc44075a41c35a4/execute/async - {"script":"<script> [1562 bytes]","args":[{"selector":{"controlType":"sap.m.StandardListItem","viewName":"etm.portal.ui.managepartners.view.NewPartner","viewId":"application-managepartners-display-component---NewPartner","properties":{"title":"India"},"searchOpenDialogs":true,"interaction":{"idSuffix":"content"}},"wdio_ui5_key":"etmportal.ui.managepartners.view.NewPartnersap.m.StandardListItem{\"title\":\"India\"}"}]}
RESULT: {"script":"<script> [1562 bytes]","args":[{"selector":{"controlType":"sap.m.StandardListItem","viewName":"etm.portal.ui.managepartners.view.NewPartner","viewId":"application-managepartners-display-component---NewPartner","properties":{"title":"India"},"searchOpenDialogs":true,"interaction":{"idSuffix":"content"}},"wdio_ui5_key":"etmportal.ui.managepartners.view.NewPartnersap.m.StandardListItem{\"title\":\"India\"}"}]}
RESULT: undefined
COMMAND: POST /session/0bd35d5034cd75fc8dc44075a41c35a4/execute/async - {"script":"<script> [1562 bytes]","args":[{"selector":{"controlType":"sap.m.Button","viewName":"etm.portal.ui.managepartners.view.NewPartner","viewId":"application-managepartners-display-component---NewPartner","properties":{"text":"Commercial"},"interaction":{"idSuffix":"BDI-content"}},"wdio_ui5_key":"etmportal.ui.managepartners.view.NewPartnersap.m.Button{\"text\":\"Commercial\"}"}]}
RESULT: {"script":"<script> [1562 bytes]","args":[{"selector":{"controlType":"sap.m.Button","viewName":"etm.portal.ui.managepartners.view.NewPartner","viewId":"application-managepartners-display-component---NewPartner","properties":{"text":"Commercial"},"interaction":{"idSuffix":"BDI-content"}},"wdio_ui5_key":"etmportal.ui.managepartners.view.NewPartnersap.m.Button{\"text\":\"Commercial\"}"}]}
RESULT: undefined
COMMAND: POST /session/0bd35d5034cd75fc8dc44075a41c35a4/element - {"using":"xpath","value":"//*[@id=\"application-managepartners-display-component---NewPartner--ObjectPageLayout-anchBar-__section57-anchor\"]"}
RESULT: {"using":"xpath","value":"//*[@id=\"application-managepartners-display-component---NewPartner--ObjectPageLayout-anchBar-__section57-anchor\"]"}
COMMAND: POST /session/0bd35d5034cd75fc8dc44075a41c35a4/element/f.1DB2A491F1B7C642484AEDF47EA6FD52.d.C21CB73D301C02BC5EB19D45476A13A0.e.7484/click - {}
RESULT: {}
COMMAND: POST /session/0bd35d5034cd75fc8dc44075a41c35a4/execute/async - {"script":"<script> [1562 bytes]","args":[{"selector":{"id":"application-managepartners-display-component---NewPartner--partnerDetailInternal-arrow"},"wdio_ui5_key":"applicationmanagepartners-display-component---NewPartner--partnerDetailInternal-arrow"}]}
COMMAND: GET /session/0bd35d5034cd75fc8dc44075a41c35a4/screenshot - {}
RESULT: {"script":"<script> [1562 bytes]","args":[{"selector":{"id":"application-managepartners-display-component---NewPartner--partnerDetailInternal-arrow"},"wdio_ui5_key":"applicationmanagepartners-display-component---NewPartner--partnerDetailInternal-arrow"}]}
RESULT: undefined
COMMAND: POST /session/0bd35d5034cd75fc8dc44075a41c35a4/element - {"using":"xpath","value":"//*[@id=\"application-managepartners-display-component---NewPartner--partnerDetailInternal-arrow\"]"}
RESULT: {}
RESULT: {"using":"xpath","value":"//*[@id=\"application-managepartners-display-component---NewPartner--partnerDetailInternal-arrow\"]"}
COMMAND: POST /session/0bd35d5034cd75fc8dc44075a41c35a4/element/f.1DB2A491F1B7C642484AEDF47EA6FD52.d.C21CB73D301C02BC5EB19D45476A13A0.e.7489/click - {}
RESULT: {}
COMMAND: POST /session/0bd35d5034cd75fc8dc44075a41c35a4/execute/async - {"script":"<script> [1562 bytes]","args":[{"selector":{"controlType":"sap.m.StandardListItem","viewName":"etm.portal.ui.managepartners.view.NewPartner","viewId":"application-managepartners-display-component---NewPartner","properties":{"title":"External partner"},"searchOpenDialogs":true,"interaction":{"idSuffix":"content"}},"wdio_ui5_key":"etmportal.ui.managepartners.view.NewPartnersap.m.StandardListItem{\"title\":\"External partner\"}"}]}
COMMAND: GET /session/0bd35d5034cd75fc8dc44075a41c35a4/screenshot - {}
RESULT: {"script":"<script> [1562 bytes]","args":[{"selector":{"controlType":"sap.m.StandardListItem","viewName":"etm.portal.ui.managepartners.view.NewPartner","viewId":"application-managepartners-display-component---NewPartner","properties":{"title":"External partner"},"searchOpenDialogs":true,"interaction":{"idSuffix":"content"}},"wdio_ui5_key":"etmportal.ui.managepartners.view.NewPartnersap.m.StandardListItem{\"title\":\"External partner\"}"}]}
RESULT: undefined
COMMAND: POST /session/0bd35d5034cd75fc8dc44075a41c35a4/element - {"using":"xpath","value":"//*[@id=\"__item1378\"]"}
RESULT: {}
RESULT: {"using":"xpath","value":"//*[@id=\"__item1378\"]"}
COMMAND: POST /session/0bd35d5034cd75fc8dc44075a41c35a4/element/f.1DB2A491F1B7C642484AEDF47EA6FD52.d.C21CB73D301C02BC5EB19D45476A13A0.e.7493/click - {}
RESULT: {}
COMMAND: POST /session/0bd35d5034cd75fc8dc44075a41c35a4/execute/async - {"script":"<script> [1562 bytes]","args":[{"selector":{"id":"application-managepartners-display-component---NewPartner--partnerDetailsCurrency-arrow"},"wdio_ui5_key":"applicationmanagepartners-display-component---NewPartner--partnerDetailsCurrency-arrow"}]}
COMMAND: GET /session/0bd35d5034cd75fc8dc44075a41c35a4/screenshot - {}
RESULT: {"script":"<script> [1562 bytes]","args":[{"selector":{"id":"application-managepartners-display-component---NewPartner--partnerDetailsCurrency-arrow"},"wdio_ui5_key":"applicationmanagepartners-display-component---NewPartner--partnerDetailsCurrency-arrow"}]}
RESULT: undefined
COMMAND: POST /session/0bd35d5034cd75fc8dc44075a41c35a4/element - {"using":"xpath","value":"//*[@id=\"application-managepartners-display-component---NewPartner--partnerDetailsCurrency-arrow\"]"}
RESULT: {}
RESULT: {"using":"xpath","value":"//*[@id=\"application-managepartners-display-component---NewPartner--partnerDetailsCurrency-arrow\"]"}
COMMAND: POST /session/0bd35d5034cd75fc8dc44075a41c35a4/element/f.1DB2A491F1B7C642484AEDF47EA6FD52.d.C21CB73D301C02BC5EB19D45476A13A0.e.7498/click - {}
RESULT: {}
COMMAND: POST /session/0bd35d5034cd75fc8dc44075a41c35a4/execute/async - {"script":"<script> [1562 bytes]","args":[{"selector":{"controlType":"sap.m.StandardListItem","viewName":"etm.portal.ui.managepartners.view.NewPartner","viewId":"application-managepartners-display-component---NewPartner","properties":{"title":"Euro"},"searchOpenDialogs":true,"interaction":{"idSuffix":"content"}},"wdio_ui5_key":"etmportal.ui.managepartners.view.NewPartnersap.m.StandardListItem{\"title\":\"Euro\"}"}]}
COMMAND: GET /session/0bd35d5034cd75fc8dc44075a41c35a4/screenshot - {}
RESULT: {"script":"<script> [1562 bytes]","args":[{"selector":{"controlType":"sap.m.StandardListItem","viewName":"etm.portal.ui.managepartners.view.NewPartner","viewId":"application-managepartners-display-component---NewPartner","properties":{"title":"Euro"},"searchOpenDialogs":true,"interaction":{"idSuffix":"content"}},"wdio_ui5_key":"etmportal.ui.managepartners.view.NewPartnersap.m.StandardListItem{\"title\":\"Euro\"}"}]}
RESULT: undefined
COMMAND: POST /session/0bd35d5034cd75fc8dc44075a41c35a4/element - {"using":"xpath","value":"//*[@id=\"__item1380\"]"}
RESULT: {}
RESULT: {"using":"xpath","value":"//*[@id=\"__item1380\"]"}
COMMAND: POST /session/0bd35d5034cd75fc8dc44075a41c35a4/element/f.1DB2A491F1B7C642484AEDF47EA6FD52.d.C21CB73D301C02BC5EB19D45476A13A0.e.7500/click - {}
RESULT: {}
COMMAND: POST /session/0bd35d5034cd75fc8dc44075a41c35a4/execute/async - {"script":"<script> [1562 bytes]","args":[{"selector":{"controlType":"sap.m.Button","viewName":"etm.portal.ui.managepartners.view.NewPartner","viewId":"application-managepartners-display-component---NewPartner","properties":{"text":"Assignments"},"interaction":{"idSuffix":"BDI-content"}},"wdio_ui5_key":"etmportal.ui.managepartners.view.NewPartnersap.m.Button{\"text\":\"Assignments\"}"}]}
COMMAND: GET /session/0bd35d5034cd75fc8dc44075a41c35a4/screenshot - {}
RESULT: {"script":"<script> [1562 bytes]","args":[{"selector":{"controlType":"sap.m.Button","viewName":"etm.portal.ui.managepartners.view.NewPartner","viewId":"application-managepartners-display-component---NewPartner","properties":{"text":"Assignments"},"interaction":{"idSuffix":"BDI-content"}},"wdio_ui5_key":"etmportal.ui.managepartners.view.NewPartnersap.m.Button{\"text\":\"Assignments\"}"}]}
RESULT: undefined
COMMAND: POST /session/0bd35d5034cd75fc8dc44075a41c35a4/element - {"using":"xpath","value":"//*[@id=\"application-managepartners-display-component---NewPartner--ObjectPageLayout-anchBar-__section61-anchor\"]"}
RESULT: {}
RESULT: {"using":"xpath","value":"//*[@id=\"application-managepartners-display-component---NewPartner--ObjectPageLayout-anchBar-__section61-anchor\"]"}
COMMAND: POST /session/0bd35d5034cd75fc8dc44075a41c35a4/element/f.1DB2A491F1B7C642484AEDF47EA6FD52.d.C21CB73D301C02BC5EB19D45476A13A0.e.7502/click - {}
RESULT: {}
COMMAND: POST /session/0bd35d5034cd75fc8dc44075a41c35a4/execute/async - {"script":"<script> [1562 bytes]","args":[{"selector":{"id":"application-managepartners-display-component---NewPartner--btnAddTableRow","interaction":{"idSuffix":"inner"}},"wdio_ui5_key":"applicationmanagepartners-display-component---NewPartner--btnAddTableRow"}]}
COMMAND: GET /session/0bd35d5034cd75fc8dc44075a41c35a4/screenshot - {}
RESULT: {"script":"<script> [1562 bytes]","args":[{"selector":{"id":"application-managepartners-display-component---NewPartner--btnAddTableRow","interaction":{"idSuffix":"inner"}},"wdio_ui5_key":"applicationmanagepartners-display-component---NewPartner--btnAddTableRow"}]}
RESULT: undefined
COMMAND: POST /session/0bd35d5034cd75fc8dc44075a41c35a4/element - {"using":"xpath","value":"//*[@id=\"application-managepartners-display-component---NewPartner--btnAddTableRow\"]"}
RESULT: {}
RESULT: {"using":"xpath","value":"//*[@id=\"application-managepartners-display-component---NewPartner--btnAddTableRow\"]"}
COMMAND: POST /session/0bd35d5034cd75fc8dc44075a41c35a4/element/f.1DB2A491F1B7C642484AEDF47EA6FD52.d.C21CB73D301C02BC5EB19D45476A13A0.e.7509/click - {}
RESULT: {}
COMMAND: POST /session/0bd35d5034cd75fc8dc44075a41c35a4/element - {"using":"css selector","value":"#application-managepartners-display-component---NewPartner--assignmentYard-application-managepartners-display-component---NewPartner--assignmentsTable-0-inner"}
COMMAND: GET /session/0bd35d5034cd75fc8dc44075a41c35a4/screenshot - {}
RESULT: {"using":"css selector","value":"#application-managepartners-display-component---NewPartner--assignmentYard-application-managepartners-display-component---NewPartner--assignmentsTable-0-inner"}
COMMAND: POST /session/0bd35d5034cd75fc8dc44075a41c35a4/element/f.1DB2A491F1B7C642484AEDF47EA6FD52.d.C21CB73D301C02BC5EB19D45476A13A0.e.7511/clear - {}
RESULT: {}
RESULT: {}
COMMAND: POST /session/0bd35d5034cd75fc8dc44075a41c35a4/element/f.1DB2A491F1B7C642484AEDF47EA6FD52.d.C21CB73D301C02BC5EB19D45476A13A0.e.7511/value - {"text":"622"}
COMMAND: GET /session/0bd35d5034cd75fc8dc44075a41c35a4/screenshot - {}
RESULT: {"text":"622"}
COMMAND: POST /session/0bd35d5034cd75fc8dc44075a41c35a4/execute/async - {"script":"<script> [1562 bytes]","args":[{"selector":{"id":"application-managepartners-display-component---NewPartner--assignmentYard-application-managepartners-display-component---NewPartner--assignmentsTable-0-arrow"},"wdio_ui5_key":"applicationmanagepartners-display-component---NewPartner--assignmentYard-application-managepartners-display-component---NewPartner--assignmentsTable-0-arrow"}]}
COMMAND: GET /session/0bd35d5034cd75fc8dc44075a41c35a4/screenshot - {}
RESULT: {}
RESULT: {"script":"<script> [1562 bytes]","args":[{"selector":{"id":"application-managepartners-display-component---NewPartner--assignmentYard-application-managepartners-display-component---NewPartner--assignmentsTable-0-arrow"},"wdio_ui5_key":"applicationmanagepartners-display-component---NewPartner--assignmentYard-application-managepartners-display-component---NewPartner--assignmentsTable-0-arrow"}]}
RESULT: undefined
COMMAND: POST /session/0bd35d5034cd75fc8dc44075a41c35a4/element - {"using":"xpath","value":"//*[@id=\"application-managepartners-display-component---NewPartner--assignmentYard-application-managepartners-display-component---NewPartner--assignmentsTable-0-arrow\"]"}
RESULT: {}
RESULT: {"using":"xpath","value":"//*[@id=\"application-managepartners-display-component---NewPartner--assignmentYard-application-managepartners-display-component---NewPartner--assignmentsTable-0-arrow\"]"}
COMMAND: POST /session/0bd35d5034cd75fc8dc44075a41c35a4/element/f.1DB2A491F1B7C642484AEDF47EA6FD52.d.C21CB73D301C02BC5EB19D45476A13A0.e.7520/click - {}
RESULT: {}
COMMAND: GET /session/0bd35d5034cd75fc8dc44075a41c35a4/screenshot - {}
RESULT: {}
COMMAND: POST /session/0bd35d5034cd75fc8dc44075a41c35a4/execute/async - {"script":"<script> [1562 bytes]","args":[{"selector":{"controlType":"sap.m.Button","viewName":"etm.portal.ui.managepartners.view.NewPartner","viewId":"application-managepartners-display-component---NewPartner","i18NText":{"propertyName":"text","key":"save"},"interaction":{"idSuffix":"BDI-content"}},"wdio_ui5_key":"etmportal.ui.managepartners.view.NewPartnersap.m.Button{\"propertyName\":\"text\",\"key\":\"save\"}"}]}
RESULT: {"script":"<script> [1562 bytes]","args":[{"selector":{"controlType":"sap.m.Button","viewName":"etm.portal.ui.managepartners.view.NewPartner","viewId":"application-managepartners-display-component---NewPartner","i18NText":{"propertyName":"text","key":"save"},"interaction":{"idSuffix":"BDI-content"}},"wdio_ui5_key":"etmportal.ui.managepartners.view.NewPartnersap.m.Button{\"propertyName\":\"text\",\"key\":\"save\"}"}]}
RESULT: undefined
COMMAND: POST /session/0bd35d5034cd75fc8dc44075a41c35a4/element - {"using":"xpath","value":"//*[@id=\"__button127\"]"}
RESULT: {"using":"xpath","value":"//*[@id=\"__button127\"]"}
COMMAND: POST /session/0bd35d5034cd75fc8dc44075a41c35a4/element/f.1DB2A491F1B7C642484AEDF47EA6FD52.d.C21CB73D301C02BC5EB19D45476A13A0.e.7460/click - {}
RESULT: {}
COMMAND: GET /session/0bd35d5034cd75fc8dc44075a41c35a4/screenshot - {}
RESULT: {}
COMMAND: POST /session/0bd35d5034cd75fc8dc44075a41c35a4/execute/async - {"script":"<script> [1562 bytes]","args":[{"selector":{"controlType":"sap.m.Text","viewName":"etm.portal.ui.managepartners.view.Detail","viewId":"application-managepartners-display-component---detailPtm","bindingPath":{"propertyPath":"ID","modelName":"catalogModel"}},"wdio_ui5_key":"etmportal.ui.managepartners.view.Detailsap.m.Text{\"propertyPath\":\"ID\",\"modelName\":\"catalogModel\"}"}]}
RESULT: {"script":"<script> [1562 bytes]","args":[{"selector":{"controlType":"sap.m.Text","viewName":"etm.portal.ui.managepartners.view.Detail","viewId":"application-managepartners-display-component---detailPtm","bindingPath":{"propertyPath":"ID","modelName":"catalogModel"}},"wdio_ui5_key":"etmportal.ui.managepartners.view.Detailsap.m.Text{\"propertyPath\":\"ID\",\"modelName\":\"catalogModel\"}"}]}
RESULT: undefined
COMMAND: POST /session/0bd35d5034cd75fc8dc44075a41c35a4/execute/async - {"script":"<script> [6424 bytes]","args":[{"element-6066-11e4-a52e-4f735466cecf":"f.1DB2A491F1B7C642484AEDF47EA6FD52.d.C21CB73D301C02BC5EB19D45476A13A0.e.7683"},"getText",[]]}
RESULT: {"script":"<script> [6424 bytes]","args":[{"element-6066-11e4-a52e-4f735466cecf":"f.1DB2A491F1B7C642484AEDF47EA6FD52.d.C21CB73D301C02BC5EB19D45476A13A0.e.7683"},"getText",[]]}
COMMAND: POST /session/0bd35d5034cd75fc8dc44075a41c35a4/element - {"using":"css selector","value":"#shell-header-logo"}
RESULT: {"using":"css selector","value":"#shell-header-logo"}
COMMAND: POST /session/0bd35d5034cd75fc8dc44075a41c35a4/element/f.1DB2A491F1B7C642484AEDF47EA6FD52.d.C21CB73D301C02BC5EB19D45476A13A0.e.7007/click - {}
RESULT: {}
]]></system-out>
    </testcase>
    <testcase classname="chrome.135_0_7049_96.windows.Provide_to_Site_w/o_warehouse_management_w/_clarification_US116605" name="Should create a new WHM Material" time="87.619">
      <system-out><![CDATA[
COMMAND: POST /session/0bd35d5034cd75fc8dc44075a41c35a4/execute/async - {"script":"<script> [1562 bytes]","args":[{"selector":{"controlType":"sap.m.GenericTile","properties":{"header":"Manage Resources"}},"wdio_ui5_key":"sapm.GenericTile{\"header\":\"Manage Resources\"}"}]}
COMMAND: GET /session/0bd35d5034cd75fc8dc44075a41c35a4/screenshot - {}
RESULT: {"script":"<script> [1562 bytes]","args":[{"selector":{"controlType":"sap.m.GenericTile","properties":{"header":"Manage Resources"}},"wdio_ui5_key":"sapm.GenericTile{\"header\":\"Manage Resources\"}"}]}
RESULT: undefined
COMMAND: POST /session/0bd35d5034cd75fc8dc44075a41c35a4/element - {"using":"xpath","value":"//*[@id=\"__tile39\"]"}
RESULT: {}
RESULT: {"using":"xpath","value":"//*[@id=\"__tile39\"]"}
COMMAND: POST /session/0bd35d5034cd75fc8dc44075a41c35a4/element/f.1DB2A491F1B7C642484AEDF47EA6FD52.d.C21CB73D301C02BC5EB19D45476A13A0.e.7685/click - {}
RESULT: {}
COMMAND: POST /session/0bd35d5034cd75fc8dc44075a41c35a4/execute/async - {"script":"<script> [1562 bytes]","args":[{"selector":{"controlType":"sap.m.OverflowToolbarButton","viewName":"etm.portal.ui.manageresources.view.Master","viewId":"application-manageresources-display-component---masterRU","bindingPath":{"path":"","propertyPath":"/isLogbook","modelName":"minimumStockRPGModel"},"interaction":{"idSuffix":"inner"}},"wdio_ui5_key":"etmportal.ui.manageresources.view.Mastersap.m.OverflowToolbarButton{\"path\":\"\",\"propertyPath\":\"/isLogbook\",\"modelName\":\"minimumStockRPGModel\"}"}]}
COMMAND: GET /session/0bd35d5034cd75fc8dc44075a41c35a4/screenshot - {}
RESULT: {"script":"<script> [1562 bytes]","args":[{"selector":{"controlType":"sap.m.OverflowToolbarButton","viewName":"etm.portal.ui.manageresources.view.Master","viewId":"application-manageresources-display-component---masterRU","bindingPath":{"path":"","propertyPath":"/isLogbook","modelName":"minimumStockRPGModel"},"interaction":{"idSuffix":"inner"}},"wdio_ui5_key":"etmportal.ui.manageresources.view.Mastersap.m.OverflowToolbarButton{\"path\":\"\",\"propertyPath\":\"/isLogbook\",\"modelName\":\"minimumStockRPGModel\"}"}]}
RESULT: undefined
COMMAND: POST /session/0bd35d5034cd75fc8dc44075a41c35a4/element - {"using":"xpath","value":"//*[@id=\"__button168\"]"}
RESULT: {}
RESULT: {"using":"xpath","value":"//*[@id=\"__button168\"]"}
COMMAND: POST /session/0bd35d5034cd75fc8dc44075a41c35a4/element/f.1DB2A491F1B7C642484AEDF47EA6FD52.d.C21CB73D301C02BC5EB19D45476A13A0.e.7725/click - {}
RESULT: {}
COMMAND: GET /session/0bd35d5034cd75fc8dc44075a41c35a4/screenshot - {}
RESULT: {}
COMMAND: POST /session/0bd35d5034cd75fc8dc44075a41c35a4/execute/async - {"script":"<script> [1562 bytes]","args":[{"selector":{"id":"application-manageresources-display-component---newResourceUnit--TYPE-arrow"},"wdio_ui5_key":"applicationmanageresources-display-component---newResourceUnit--TYPE-arrow"}]}
RESULT: {"script":"<script> [1562 bytes]","args":[{"selector":{"id":"application-manageresources-display-component---newResourceUnit--TYPE-arrow"},"wdio_ui5_key":"applicationmanageresources-display-component---newResourceUnit--TYPE-arrow"}]}
RESULT: undefined
COMMAND: POST /session/0bd35d5034cd75fc8dc44075a41c35a4/element - {"using":"xpath","value":"//*[@id=\"application-manageresources-display-component---newResourceUnit--TYPE-arrow\"]"}
RESULT: {"using":"xpath","value":"//*[@id=\"application-manageresources-display-component---newResourceUnit--TYPE-arrow\"]"}
COMMAND: POST /session/0bd35d5034cd75fc8dc44075a41c35a4/element/f.1DB2A491F1B7C642484AEDF47EA6FD52.d.C21CB73D301C02BC5EB19D45476A13A0.e.8038/click - {}
RESULT: {}
COMMAND: POST /session/0bd35d5034cd75fc8dc44075a41c35a4/execute/async - {"script":"<script> [1562 bytes]","args":[{"selector":{"controlType":"sap.m.StandardListItem","viewName":"reusables.view.manageresources.NewResourceUnit","viewId":"application-manageresources-display-component---newResourceUnit","properties":{"title":"Material"},"searchOpenDialogs":true,"interaction":{"idSuffix":"content"}},"wdio_ui5_key":"reusablesview.manageresources.NewResourceUnitsap.m.StandardListItem{\"title\":\"Material\"}"}]}
COMMAND: GET /session/0bd35d5034cd75fc8dc44075a41c35a4/screenshot - {}
RESULT: {"script":"<script> [1562 bytes]","args":[{"selector":{"controlType":"sap.m.StandardListItem","viewName":"reusables.view.manageresources.NewResourceUnit","viewId":"application-manageresources-display-component---newResourceUnit","properties":{"title":"Material"},"searchOpenDialogs":true,"interaction":{"idSuffix":"content"}},"wdio_ui5_key":"reusablesview.manageresources.NewResourceUnitsap.m.StandardListItem{\"title\":\"Material\"}"}]}
RESULT: undefined
COMMAND: POST /session/0bd35d5034cd75fc8dc44075a41c35a4/element - {"using":"xpath","value":"//*[@id=\"__item1762\"]"}
RESULT: {}
RESULT: {"using":"xpath","value":"//*[@id=\"__item1762\"]"}
COMMAND: POST /session/0bd35d5034cd75fc8dc44075a41c35a4/element/f.1DB2A491F1B7C642484AEDF47EA6FD52.d.C21CB73D301C02BC5EB19D45476A13A0.e.8041/click - {}
RESULT: {}
COMMAND: POST /session/0bd35d5034cd75fc8dc44075a41c35a4/execute/async - {"script":"<script> [1562 bytes]","args":[{"selector":{"id":"application-manageresources-display-component---newResourceUnit--resourceId","interaction":{"idSuffix":"inner"}},"wdio_ui5_key":"applicationmanageresources-display-component---newResourceUnit--resourceId"}]}
COMMAND: GET /session/0bd35d5034cd75fc8dc44075a41c35a4/screenshot - {}
RESULT: {"script":"<script> [1562 bytes]","args":[{"selector":{"id":"application-manageresources-display-component---newResourceUnit--resourceId","interaction":{"idSuffix":"inner"}},"wdio_ui5_key":"applicationmanageresources-display-component---newResourceUnit--resourceId"}]}
RESULT: undefined
COMMAND: POST /session/0bd35d5034cd75fc8dc44075a41c35a4/execute/async - {"script":"<script> [1562 bytes]","args":[{"selector":{"id":"application-manageresources-display-component---newResourceUnit--SHORT_TEXT","interaction":{"idSuffix":"inner"}},"wdio_ui5_key":"applicationmanageresources-display-component---newResourceUnit--SHORT_TEXT"}]}
RESULT: {}
RESULT: {"script":"<script> [1562 bytes]","args":[{"selector":{"id":"application-manageresources-display-component---newResourceUnit--SHORT_TEXT","interaction":{"idSuffix":"inner"}},"wdio_ui5_key":"applicationmanageresources-display-component---newResourceUnit--SHORT_TEXT"}]}
RESULT: undefined
COMMAND: POST /session/0bd35d5034cd75fc8dc44075a41c35a4/execute/async - {"script":"<script> [776 bytes]","args":[{"enterText":"material WHM","selector":{"id":"application-manageresources-display-component---newResourceUnit--SHORT_TEXT","interaction":{"idSuffix":"inner"}},"clearTextFirst":true,"interactionType":"ENTER_TEXT"}]}
RESULT: {"script":"<script> [776 bytes]","args":[{"enterText":"material WHM","selector":{"id":"application-manageresources-display-component---newResourceUnit--SHORT_TEXT","interaction":{"idSuffix":"inner"}},"clearTextFirst":true,"interactionType":"ENTER_TEXT"}]}
COMMAND: POST /session/0bd35d5034cd75fc8dc44075a41c35a4/execute/async - {"script":"<script> [1562 bytes]","args":[{"selector":{"id":"application-manageresources-display-component---newResourceUnit--BASE_UNIT_OF_MEASURE","interaction":{"idSuffix":"inner"}},"wdio_ui5_key":"applicationmanageresources-display-component---newResourceUnit--BASE_UNIT_OF_MEASURE"}]}
RESULT: {"script":"<script> [1562 bytes]","args":[{"selector":{"id":"application-manageresources-display-component---newResourceUnit--BASE_UNIT_OF_MEASURE","interaction":{"idSuffix":"inner"}},"wdio_ui5_key":"applicationmanageresources-display-component---newResourceUnit--BASE_UNIT_OF_MEASURE"}]}
RESULT: undefined
COMMAND: POST /session/0bd35d5034cd75fc8dc44075a41c35a4/execute/async - {"script":"<script> [776 bytes]","args":[{"enterText":"Piece","selector":{"id":"application-manageresources-display-component---newResourceUnit--BASE_UNIT_OF_MEASURE","interaction":{"idSuffix":"inner"}},"clearTextFirst":true,"interactionType":"ENTER_TEXT"}]}
RESULT: {"script":"<script> [776 bytes]","args":[{"enterText":"Piece","selector":{"id":"application-manageresources-display-component---newResourceUnit--BASE_UNIT_OF_MEASURE","interaction":{"idSuffix":"inner"}},"clearTextFirst":true,"interactionType":"ENTER_TEXT"}]}
COMMAND: POST /session/0bd35d5034cd75fc8dc44075a41c35a4/execute/async - {"script":"<script> [1562 bytes]","args":[{"selector":{"id":"application-manageresources-display-component---newResourceUnit--WEIGHT_UNIT","interaction":{"idSuffix":"inner"}},"wdio_ui5_key":"applicationmanageresources-display-component---newResourceUnit--WEIGHT_UNIT"}]}
RESULT: {"script":"<script> [1562 bytes]","args":[{"selector":{"id":"application-manageresources-display-component---newResourceUnit--WEIGHT_UNIT","interaction":{"idSuffix":"inner"}},"wdio_ui5_key":"applicationmanageresources-display-component---newResourceUnit--WEIGHT_UNIT"}]}
RESULT: undefined
COMMAND: POST /session/0bd35d5034cd75fc8dc44075a41c35a4/execute/async - {"script":"<script> [776 bytes]","args":[{"enterText":"Gram","selector":{"id":"application-manageresources-display-component---newResourceUnit--WEIGHT_UNIT","interaction":{"idSuffix":"inner"}},"clearTextFirst":true,"interactionType":"ENTER_TEXT"}]}
RESULT: {"script":"<script> [776 bytes]","args":[{"enterText":"Gram","selector":{"id":"application-manageresources-display-component---newResourceUnit--WEIGHT_UNIT","interaction":{"idSuffix":"inner"}},"clearTextFirst":true,"interactionType":"ENTER_TEXT"}]}
COMMAND: POST /session/0bd35d5034cd75fc8dc44075a41c35a4/execute/async - {"script":"<script> [1562 bytes]","args":[{"selector":{"id":"application-manageresources-display-component---newResourceUnit--DIMENSION_UNIT","interaction":{"idSuffix":"inner"}},"wdio_ui5_key":"applicationmanageresources-display-component---newResourceUnit--DIMENSION_UNIT"}]}
RESULT: {"script":"<script> [1562 bytes]","args":[{"selector":{"id":"application-manageresources-display-component---newResourceUnit--DIMENSION_UNIT","interaction":{"idSuffix":"inner"}},"wdio_ui5_key":"applicationmanageresources-display-component---newResourceUnit--DIMENSION_UNIT"}]}
RESULT: undefined
COMMAND: POST /session/0bd35d5034cd75fc8dc44075a41c35a4/execute/async - {"script":"<script> [776 bytes]","args":[{"enterText":"Meter","selector":{"id":"application-manageresources-display-component---newResourceUnit--DIMENSION_UNIT","interaction":{"idSuffix":"inner"}},"clearTextFirst":true,"interactionType":"ENTER_TEXT"}]}
RESULT: {"script":"<script> [776 bytes]","args":[{"enterText":"Meter","selector":{"id":"application-manageresources-display-component---newResourceUnit--DIMENSION_UNIT","interaction":{"idSuffix":"inner"}},"clearTextFirst":true,"interactionType":"ENTER_TEXT"}]}
COMMAND: POST /session/0bd35d5034cd75fc8dc44075a41c35a4/execute/async - {"script":"<script> [1562 bytes]","args":[{"selector":{"id":"application-manageresources-display-component---newResourceUnit--newRRUPage-anchBar-application-manageresources-display-component---newResourceUnit--control-anchor","interaction":{"idSuffix":"content"}},"wdio_ui5_key":"applicationmanageresources-display-component---newResourceUnit--newRRUPage-anchBar-application-manageresources-display-component---newResourceUnit--control-anchor"}]}
RESULT: {"script":"<script> [1562 bytes]","args":[{"selector":{"id":"application-manageresources-display-component---newResourceUnit--newRRUPage-anchBar-application-manageresources-display-component---newResourceUnit--control-anchor","interaction":{"idSuffix":"content"}},"wdio_ui5_key":"applicationmanageresources-display-component---newResourceUnit--newRRUPage-anchBar-application-manageresources-display-component---newResourceUnit--control-anchor"}]}
RESULT: undefined
COMMAND: POST /session/0bd35d5034cd75fc8dc44075a41c35a4/element - {"using":"xpath","value":"//*[@id=\"application-manageresources-display-component---newResourceUnit--newRRUPage-anchBar-application-manageresources-display-component---newResourceUnit--control-anchor\"]"}
RESULT: {"using":"xpath","value":"//*[@id=\"application-manageresources-display-component---newResourceUnit--newRRUPage-anchBar-application-manageresources-display-component---newResourceUnit--control-anchor\"]"}
COMMAND: POST /session/0bd35d5034cd75fc8dc44075a41c35a4/element/f.1DB2A491F1B7C642484AEDF47EA6FD52.d.C21CB73D301C02BC5EB19D45476A13A0.e.8105/click - {}
RESULT: {}
COMMAND: POST /session/0bd35d5034cd75fc8dc44075a41c35a4/execute/async - {"script":"<script> [1562 bytes]","args":[{"selector":{"id":"application-manageresources-display-component---newResourceUnit--PLANNING_GROUP","interaction":{"idSuffix":"inner"}},"wdio_ui5_key":"applicationmanageresources-display-component---newResourceUnit--PLANNING_GROUP"}]}
COMMAND: GET /session/0bd35d5034cd75fc8dc44075a41c35a4/screenshot - {}
RESULT: {"script":"<script> [1562 bytes]","args":[{"selector":{"id":"application-manageresources-display-component---newResourceUnit--PLANNING_GROUP","interaction":{"idSuffix":"inner"}},"wdio_ui5_key":"applicationmanageresources-display-component---newResourceUnit--PLANNING_GROUP"}]}
RESULT: undefined
COMMAND: POST /session/0bd35d5034cd75fc8dc44075a41c35a4/execute/async - {"script":"<script> [776 bytes]","args":[{"enterText":"Heavy Equi","selector":{"id":"application-manageresources-display-component---newResourceUnit--PLANNING_GROUP","interaction":{"idSuffix":"inner"}},"clearTextFirst":true,"interactionType":"ENTER_TEXT"}]}
RESULT: {}
RESULT: {"script":"<script> [776 bytes]","args":[{"enterText":"Heavy Equi","selector":{"id":"application-manageresources-display-component---newResourceUnit--PLANNING_GROUP","interaction":{"idSuffix":"inner"}},"clearTextFirst":true,"interactionType":"ENTER_TEXT"}]}
COMMAND: POST /session/0bd35d5034cd75fc8dc44075a41c35a4/execute/async - {"script":"<script> [1562 bytes]","args":[{"selector":{"id":"application-manageresources-display-component---newResourceUnit--PLANNING_INDICATOR","interaction":{"idSuffix":"inner"}},"wdio_ui5_key":"applicationmanageresources-display-component---newResourceUnit--PLANNING_INDICATOR"}]}
RESULT: {"script":"<script> [1562 bytes]","args":[{"selector":{"id":"application-manageresources-display-component---newResourceUnit--PLANNING_INDICATOR","interaction":{"idSuffix":"inner"}},"wdio_ui5_key":"applicationmanageresources-display-component---newResourceUnit--PLANNING_INDICATOR"}]}
RESULT: undefined
COMMAND: POST /session/0bd35d5034cd75fc8dc44075a41c35a4/execute/async - {"script":"<script> [776 bytes]","args":[{"enterText":"10 - infinite","selector":{"id":"application-manageresources-display-component---newResourceUnit--PLANNING_INDICATOR","interaction":{"idSuffix":"inner"}},"clearTextFirst":true,"interactionType":"ENTER_TEXT"}]}
RESULT: {"script":"<script> [776 bytes]","args":[{"enterText":"10 - infinite","selector":{"id":"application-manageresources-display-component---newResourceUnit--PLANNING_INDICATOR","interaction":{"idSuffix":"inner"}},"clearTextFirst":true,"interactionType":"ENTER_TEXT"}]}
COMMAND: POST /session/0bd35d5034cd75fc8dc44075a41c35a4/actions - {"actions":[{"id":"action28","type":"key","parameters":{},"actions":[{"type":"keyDown","value":"î€‡"},{"type":"pause","duration":10},{"type":"keyUp","value":"î€‡"}]}]}
RESULT: {"actions":[{"id":"action28","type":"key","parameters":{},"actions":[{"type":"keyDown","value":"î€‡"},{"type":"pause","duration":10},{"type":"keyUp","value":"î€‡"}]}]}
COMMAND: POST /session/0bd35d5034cd75fc8dc44075a41c35a4/execute/async - {"script":"<script> [1562 bytes]","args":[{"selector":{"id":"application-manageresources-display-component---newResourceUnit--ITEM_TYPE-arrow"},"wdio_ui5_key":"applicationmanageresources-display-component---newResourceUnit--ITEM_TYPE-arrow"}]}
COMMAND: GET /session/0bd35d5034cd75fc8dc44075a41c35a4/screenshot - {}
RESULT: {"script":"<script> [1562 bytes]","args":[{"selector":{"id":"application-manageresources-display-component---newResourceUnit--ITEM_TYPE-arrow"},"wdio_ui5_key":"applicationmanageresources-display-component---newResourceUnit--ITEM_TYPE-arrow"}]}
RESULT: undefined
COMMAND: POST /session/0bd35d5034cd75fc8dc44075a41c35a4/element - {"using":"xpath","value":"//*[@id=\"application-manageresources-display-component---newResourceUnit--ITEM_TYPE-arrow\"]"}
RESULT: {}
RESULT: {"using":"xpath","value":"//*[@id=\"application-manageresources-display-component---newResourceUnit--ITEM_TYPE-arrow\"]"}
COMMAND: POST /session/0bd35d5034cd75fc8dc44075a41c35a4/element/f.1DB2A491F1B7C642484AEDF47EA6FD52.d.C21CB73D301C02BC5EB19D45476A13A0.e.8114/click - {}
RESULT: {}
COMMAND: POST /session/0bd35d5034cd75fc8dc44075a41c35a4/execute/async - {"script":"<script> [1562 bytes]","args":[{"selector":{"controlType":"sap.m.StandardListItem","viewName":"reusables.view.manageresources.NewResourceUnit","viewId":"application-manageresources-display-component---newResourceUnit","properties":{"title":"Resource Unit"},"searchOpenDialogs":true,"interaction":{"idSuffix":"titleText"}},"wdio_ui5_key":"reusablesview.manageresources.NewResourceUnitsap.m.StandardListItem{\"title\":\"Resource Unit\"}"}]}
COMMAND: GET /session/0bd35d5034cd75fc8dc44075a41c35a4/screenshot - {}
RESULT: {"script":"<script> [1562 bytes]","args":[{"selector":{"controlType":"sap.m.StandardListItem","viewName":"reusables.view.manageresources.NewResourceUnit","viewId":"application-manageresources-display-component---newResourceUnit","properties":{"title":"Resource Unit"},"searchOpenDialogs":true,"interaction":{"idSuffix":"titleText"}},"wdio_ui5_key":"reusablesview.manageresources.NewResourceUnitsap.m.StandardListItem{\"title\":\"Resource Unit\"}"}]}
RESULT: undefined
RESULT: {}
COMMAND: POST /session/0bd35d5034cd75fc8dc44075a41c35a4/execute/async - {"script":"<script> [1562 bytes]","args":[{"selector":{"controlType":"sap.m.Label","viewName":"reusables.view.manageresources.NewResourceUnit","viewId":"application-manageresources-display-component---newResourceUnit","i18NText":{"propertyName":"text","key":"planningGroup"},"interaction":{"idSuffix":"bdi"}},"wdio_ui5_key":"reusablesview.manageresources.NewResourceUnitsap.m.Label{\"propertyName\":\"text\",\"key\":\"planningGroup\"}"}]}
RESULT: {"script":"<script> [1562 bytes]","args":[{"selector":{"controlType":"sap.m.Label","viewName":"reusables.view.manageresources.NewResourceUnit","viewId":"application-manageresources-display-component---newResourceUnit","i18NText":{"propertyName":"text","key":"planningGroup"},"interaction":{"idSuffix":"bdi"}},"wdio_ui5_key":"reusablesview.manageresources.NewResourceUnitsap.m.Label{\"propertyName\":\"text\",\"key\":\"planningGroup\"}"}]}
RESULT: undefined
COMMAND: POST /session/0bd35d5034cd75fc8dc44075a41c35a4/element - {"using":"xpath","value":"//*[@id=\"__label263\"]"}
RESULT: {"using":"xpath","value":"//*[@id=\"__label263\"]"}
COMMAND: POST /session/0bd35d5034cd75fc8dc44075a41c35a4/element/f.1DB2A491F1B7C642484AEDF47EA6FD52.d.C21CB73D301C02BC5EB19D45476A13A0.e.8116/click - {}
RESULT: {}
COMMAND: GET /session/0bd35d5034cd75fc8dc44075a41c35a4/screenshot - {}
RESULT: {}
COMMAND: POST /session/0bd35d5034cd75fc8dc44075a41c35a4/actions - {"actions":[{"type":"key","id":"keyboard","actions":[{"type":"keyDown","value":"î›"}]}]}
RESULT: {"actions":[{"type":"key","id":"keyboard","actions":[{"type":"keyDown","value":"î›"}]}]}
COMMAND: GET /session/0bd35d5034cd75fc8dc44075a41c35a4/screenshot - {}
RESULT: {}
COMMAND: POST /session/0bd35d5034cd75fc8dc44075a41c35a4/actions - {"actions":[{"type":"key","id":"keyboard","actions":[{"type":"keyDown","value":"î›"}]}]}
RESULT: {"actions":[{"type":"key","id":"keyboard","actions":[{"type":"keyDown","value":"î›"}]}]}
COMMAND: GET /session/0bd35d5034cd75fc8dc44075a41c35a4/screenshot - {}
RESULT: {}
COMMAND: POST /session/0bd35d5034cd75fc8dc44075a41c35a4/actions - {"actions":[{"type":"key","id":"keyboard","actions":[{"type":"keyDown","value":"î›"}]}]}
RESULT: {"actions":[{"type":"key","id":"keyboard","actions":[{"type":"keyDown","value":"î›"}]}]}
COMMAND: GET /session/0bd35d5034cd75fc8dc44075a41c35a4/screenshot - {}
RESULT: {}
COMMAND: POST /session/0bd35d5034cd75fc8dc44075a41c35a4/actions - {"actions":[{"type":"key","id":"keyboard","actions":[{"type":"keyDown","value":"î›"}]}]}
RESULT: {"actions":[{"type":"key","id":"keyboard","actions":[{"type":"keyDown","value":"î›"}]}]}
COMMAND: GET /session/0bd35d5034cd75fc8dc44075a41c35a4/screenshot - {}
RESULT: {}
COMMAND: POST /session/0bd35d5034cd75fc8dc44075a41c35a4/actions - {"actions":[{"type":"key","id":"keyboard","actions":[{"type":"keyDown","value":"î›"}]}]}
RESULT: {"actions":[{"type":"key","id":"keyboard","actions":[{"type":"keyDown","value":"î›"}]}]}
COMMAND: GET /session/0bd35d5034cd75fc8dc44075a41c35a4/screenshot - {}
RESULT: {}
COMMAND: POST /session/0bd35d5034cd75fc8dc44075a41c35a4/actions - {"actions":[{"type":"key","id":"keyboard","actions":[{"type":"keyDown","value":"î›"}]}]}
RESULT: {"actions":[{"type":"key","id":"keyboard","actions":[{"type":"keyDown","value":"î›"}]}]}
COMMAND: GET /session/0bd35d5034cd75fc8dc44075a41c35a4/screenshot - {}
RESULT: {}
COMMAND: POST /session/0bd35d5034cd75fc8dc44075a41c35a4/execute/async - {"script":"<script> [1562 bytes]","args":[{"selector":{"id":"application-manageresources-display-component---newResourceUnit--btnAddTimeSegment-img"},"wdio_ui5_key":"applicationmanageresources-display-component---newResourceUnit--btnAddTimeSegment-img"}]}
RESULT: {"script":"<script> [1562 bytes]","args":[{"selector":{"id":"application-manageresources-display-component---newResourceUnit--btnAddTimeSegment-img"},"wdio_ui5_key":"applicationmanageresources-display-component---newResourceUnit--btnAddTimeSegment-img"}]}
RESULT: undefined
COMMAND: POST /session/0bd35d5034cd75fc8dc44075a41c35a4/element - {"using":"xpath","value":"//*[@id=\"application-manageresources-display-component---newResourceUnit--btnAddTimeSegment-img\"]"}
RESULT: {"using":"xpath","value":"//*[@id=\"application-manageresources-display-component---newResourceUnit--btnAddTimeSegment-img\"]"}
COMMAND: POST /session/0bd35d5034cd75fc8dc44075a41c35a4/element/f.1DB2A491F1B7C642484AEDF47EA6FD52.d.C21CB73D301C02BC5EB19D45476A13A0.e.8117/click - {}
RESULT: {}
COMMAND: POST /session/0bd35d5034cd75fc8dc44075a41c35a4/element - {"using":"xpath","value":"//input[@id=\"application-manageresources-display-component---newResourceUnit--idRuTSAdmin-application-manageresources-display-component---newResourceUnit--RUTimeSegment-0-inner\"]"}
COMMAND: GET /session/0bd35d5034cd75fc8dc44075a41c35a4/screenshot - {}
RESULT: {"using":"xpath","value":"//input[@id=\"application-manageresources-display-component---newResourceUnit--idRuTSAdmin-application-manageresources-display-component---newResourceUnit--RUTimeSegment-0-inner\"]"}
COMMAND: POST /session/0bd35d5034cd75fc8dc44075a41c35a4/element/f.1DB2A491F1B7C642484AEDF47EA6FD52.d.C21CB73D301C02BC5EB19D45476A13A0.e.8120/clear - {}
RESULT: {}
RESULT: {}
COMMAND: POST /session/0bd35d5034cd75fc8dc44075a41c35a4/element/f.1DB2A491F1B7C642484AEDF47EA6FD52.d.C21CB73D301C02BC5EB19D45476A13A0.e.8120/value - {"text":"622"}
COMMAND: GET /session/0bd35d5034cd75fc8dc44075a41c35a4/screenshot - {}
RESULT: {"text":"622"}
COMMAND: GET /session/0bd35d5034cd75fc8dc44075a41c35a4/screenshot - {}
RESULT: {}
RESULT: {}
COMMAND: POST /session/0bd35d5034cd75fc8dc44075a41c35a4/actions - {"actions":[{"id":"action29","type":"key","parameters":{},"actions":[{"type":"keyDown","value":"î€‡"},{"type":"pause","duration":10},{"type":"keyUp","value":"î€‡"}]}]}
RESULT: {"actions":[{"id":"action29","type":"key","parameters":{},"actions":[{"type":"keyDown","value":"î€‡"},{"type":"pause","duration":10},{"type":"keyUp","value":"î€‡"}]}]}
COMMAND: GET /session/0bd35d5034cd75fc8dc44075a41c35a4/screenshot - {}
RESULT: {}
COMMAND: POST /session/0bd35d5034cd75fc8dc44075a41c35a4/execute/async - {"script":"<script> [1562 bytes]","args":[{"selector":{"controlType":"sap.m.Button","viewName":"reusables.view.manageresources.NewResourceUnit","viewId":"application-manageresources-display-component---newResourceUnit","i18NText":{"propertyName":"tooltip","key":"save"},"interaction":{"idSuffix":"BDI-content"}},"wdio_ui5_key":"reusablesview.manageresources.NewResourceUnitsap.m.Button{\"propertyName\":\"tooltip\",\"key\":\"save\"}"}]}
RESULT: {"script":"<script> [1562 bytes]","args":[{"selector":{"controlType":"sap.m.Button","viewName":"reusables.view.manageresources.NewResourceUnit","viewId":"application-manageresources-display-component---newResourceUnit","i18NText":{"propertyName":"tooltip","key":"save"},"interaction":{"idSuffix":"BDI-content"}},"wdio_ui5_key":"reusablesview.manageresources.NewResourceUnitsap.m.Button{\"propertyName\":\"tooltip\",\"key\":\"save\"}"}]}
RESULT: undefined
COMMAND: POST /session/0bd35d5034cd75fc8dc44075a41c35a4/element - {"using":"xpath","value":"//*[@id=\"application-manageresources-display-component---newResourceUnit--createRuButton\"]"}
RESULT: {"using":"xpath","value":"//*[@id=\"application-manageresources-display-component---newResourceUnit--createRuButton\"]"}
COMMAND: POST /session/0bd35d5034cd75fc8dc44075a41c35a4/element/f.1DB2A491F1B7C642484AEDF47EA6FD52.d.C21CB73D301C02BC5EB19D45476A13A0.e.8054/click - {}
RESULT: {}
COMMAND: POST /session/0bd35d5034cd75fc8dc44075a41c35a4/execute/async - {"script":"<script> [1562 bytes]","args":[{"selector":{"controlType":"sap.m.Button","properties":{"text":"Close"},"searchOpenDialogs":true,"interaction":{"idSuffix":"BDI-content"}},"wdio_ui5_key":"sapm.Button{\"text\":\"Close\"}"}]}
COMMAND: GET /session/0bd35d5034cd75fc8dc44075a41c35a4/screenshot - {}
RESULT: {"script":"<script> [1562 bytes]","args":[{"selector":{"controlType":"sap.m.Button","properties":{"text":"Close"},"searchOpenDialogs":true,"interaction":{"idSuffix":"BDI-content"}},"wdio_ui5_key":"sapm.Button{\"text\":\"Close\"}"}]}
RESULT: undefined
COMMAND: POST /session/0bd35d5034cd75fc8dc44075a41c35a4/element - {"using":"xpath","value":"//*[@id=\"__mbox-btn-0\"]"}
RESULT: {}
RESULT: {"using":"xpath","value":"//*[@id=\"__mbox-btn-0\"]"}
COMMAND: POST /session/0bd35d5034cd75fc8dc44075a41c35a4/element/f.1DB2A491F1B7C642484AEDF47EA6FD52.d.C21CB73D301C02BC5EB19D45476A13A0.e.8134/click - {}
RESULT: {}
COMMAND: GET /session/0bd35d5034cd75fc8dc44075a41c35a4/screenshot - {}
COMMAND: POST /session/0bd35d5034cd75fc8dc44075a41c35a4/execute/async - {"script":"<script> [1562 bytes]","args":[{"selector":{"controlType":"sap.m.Text","viewName":"etm.portal.ui.manageresources.view.Detail","viewId":"application-manageresources-display-component---detailRU","bindingPath":{"propertyPath":"ID","modelName":"catalogModel"}},"wdio_ui5_key":"etmportal.ui.manageresources.view.Detailsap.m.Text{\"propertyPath\":\"ID\",\"modelName\":\"catalogModel\"}"}]}
RESULT: {}
RESULT: {"script":"<script> [1562 bytes]","args":[{"selector":{"controlType":"sap.m.Text","viewName":"etm.portal.ui.manageresources.view.Detail","viewId":"application-manageresources-display-component---detailRU","bindingPath":{"propertyPath":"ID","modelName":"catalogModel"}},"wdio_ui5_key":"etmportal.ui.manageresources.view.Detailsap.m.Text{\"propertyPath\":\"ID\",\"modelName\":\"catalogModel\"}"}]}
RESULT: undefined
COMMAND: POST /session/0bd35d5034cd75fc8dc44075a41c35a4/execute/async - {"script":"<script> [6424 bytes]","args":[{"element-6066-11e4-a52e-4f735466cecf":"f.1DB2A491F1B7C642484AEDF47EA6FD52.d.C21CB73D301C02BC5EB19D45476A13A0.e.8167"},"getText",[]]}
RESULT: {"script":"<script> [6424 bytes]","args":[{"element-6066-11e4-a52e-4f735466cecf":"f.1DB2A491F1B7C642484AEDF47EA6FD52.d.C21CB73D301C02BC5EB19D45476A13A0.e.8167"},"getText",[]]}
COMMAND: POST /session/0bd35d5034cd75fc8dc44075a41c35a4/element - {"using":"css selector","value":"#shell-header-logo"}
RESULT: {"using":"css selector","value":"#shell-header-logo"}
COMMAND: POST /session/0bd35d5034cd75fc8dc44075a41c35a4/element/f.1DB2A491F1B7C642484AEDF47EA6FD52.d.C21CB73D301C02BC5EB19D45476A13A0.e.7687/click - {}
RESULT: {}
COMMAND: GET /session/0bd35d5034cd75fc8dc44075a41c35a4/screenshot - {}
RESULT: {}
]]></system-out>
    </testcase>
  </testsuite>
  <testsuite timestamp="2025-05-06T08:11:28" time="881.908" tests="6" failures="0" errors="0" skipped="0">
    <properties>
      <property name="specId" value="0" />
      <property name="suiteName" value="Provide to Site w/o warehouse management w clarification" />
      <property name="capabilities" value="chrome.135_0_7049_96.windows" />
      <property name="file" value="file:///D:/a/1/s/test/specs/HTR/provide-to-site-wo-warehouse-w-clarification.spec.js" />
    </properties>
    <testcase classname="chrome.135_0_7049_96.windows.Provide_to_Site_w/o_warehouse_management_w_clarification" name="Should do a stock increase handover" time="184.849">
      <system-out><![CDATA[
COMMAND: POST /session/0bd35d5034cd75fc8dc44075a41c35a4/execute/async - {"script":"<script> [1562 bytes]","args":[{"selector":{"controlType":"sap.m.GenericTile","properties":{"header":"Manage Handovers"}},"wdio_ui5_key":"sapm.GenericTile{\"header\":\"Manage Handovers\"}"}]}
RESULT: {"script":"<script> [1562 bytes]","args":[{"selector":{"controlType":"sap.m.GenericTile","properties":{"header":"Manage Handovers"}},"wdio_ui5_key":"sapm.GenericTile{\"header\":\"Manage Handovers\"}"}]}
RESULT: undefined
COMMAND: POST /session/0bd35d5034cd75fc8dc44075a41c35a4/element - {"using":"xpath","value":"//*[@id=\"__tile130\"]"}
RESULT: {"using":"xpath","value":"//*[@id=\"__tile130\"]"}
COMMAND: POST /session/0bd35d5034cd75fc8dc44075a41c35a4/element/f.1DB2A491F1B7C642484AEDF47EA6FD52.d.C21CB73D301C02BC5EB19D45476A13A0.e.8169/click - {}
RESULT: {}
COMMAND: GET /session/0bd35d5034cd75fc8dc44075a41c35a4/screenshot - {}
RESULT: {}
COMMAND: POST /session/0bd35d5034cd75fc8dc44075a41c35a4/element - {"using":"xpath","value":"//button[(@data-kt = 'masterHOAddButton')]"}
RESULT: {"using":"xpath","value":"//button[(@data-kt = 'masterHOAddButton')]"}
COMMAND: POST /session/0bd35d5034cd75fc8dc44075a41c35a4/elements - {"using":"xpath","value":"//button[(@data-kt = 'masterHOAddButton')]"}
RESULT: {"using":"xpath","value":"//button[(@data-kt = 'masterHOAddButton')]"}
COMMAND: POST /session/0bd35d5034cd75fc8dc44075a41c35a4/elements - {"using":"xpath","value":"//button[(@data-kt = 'masterHOAddButton')]"}
RESULT: {"using":"xpath","value":"//button[(@data-kt = 'masterHOAddButton')]"}
COMMAND: POST /session/0bd35d5034cd75fc8dc44075a41c35a4/element - {"using":"xpath","value":"//button[(@data-kt = 'masterHOAddButton')]"}
RESULT: {"using":"xpath","value":"//button[(@data-kt = 'masterHOAddButton')]"}
COMMAND: POST /session/0bd35d5034cd75fc8dc44075a41c35a4/element/f.1DB2A491F1B7C642484AEDF47EA6FD52.d.C21CB73D301C02BC5EB19D45476A13A0.e.8209/click - {}
RESULT: {}
COMMAND: POST /session/0bd35d5034cd75fc8dc44075a41c35a4/element - {"using":"css selector","value":"span[id=\"application-managehandovers-display-component---AddNewHO--typeSelect-label\"]"}
COMMAND: GET /session/0bd35d5034cd75fc8dc44075a41c35a4/screenshot - {}
RESULT: {"using":"css selector","value":"span[id=\"application-managehandovers-display-component---AddNewHO--typeSelect-label\"]"}
COMMAND: POST /session/0bd35d5034cd75fc8dc44075a41c35a4/elements - {"using":"css selector","value":"span[id=\"application-managehandovers-display-component---AddNewHO--typeSelect-label\"]"}
RESULT: {}
RESULT: {"using":"css selector","value":"span[id=\"application-managehandovers-display-component---AddNewHO--typeSelect-label\"]"}
COMMAND: POST /session/0bd35d5034cd75fc8dc44075a41c35a4/element - {"using":"css selector","value":"span[id=\"application-managehandovers-display-component---AddNewHO--typeSelect-label\"]"}
RESULT: {"using":"css selector","value":"span[id=\"application-managehandovers-display-component---AddNewHO--typeSelect-label\"]"}
COMMAND: POST /session/0bd35d5034cd75fc8dc44075a41c35a4/element/f.1DB2A491F1B7C642484AEDF47EA6FD52.d.C21CB73D301C02BC5EB19D45476A13A0.e.8509/click - {}
RESULT: {}
COMMAND: POST /session/0bd35d5034cd75fc8dc44075a41c35a4/element - {"using":"css selector","value":"#application-managehandovers-display-component---AddNewHO--oneStep-CB"}
COMMAND: GET /session/0bd35d5034cd75fc8dc44075a41c35a4/screenshot - {}
RESULT: {"using":"css selector","value":"#application-managehandovers-display-component---AddNewHO--oneStep-CB"}
COMMAND: GET /session/0bd35d5034cd75fc8dc44075a41c35a4/element/f.1DB2A491F1B7C642484AEDF47EA6FD52.d.C21CB73D301C02BC5EB19D45476A13A0.e.8442/selected - {}
RESULT: {}
RESULT: {}
COMMAND: POST /session/0bd35d5034cd75fc8dc44075a41c35a4/element - {"using":"xpath","value":"//li[contains(text(), \"stock increase yard\")]"}
COMMAND: GET /session/0bd35d5034cd75fc8dc44075a41c35a4/screenshot - {}
RESULT: {"using":"xpath","value":"//li[contains(text(), \"stock increase yard\")]"}
COMMAND: POST /session/0bd35d5034cd75fc8dc44075a41c35a4/element/f.1DB2A491F1B7C642484AEDF47EA6FD52.d.C21CB73D301C02BC5EB19D45476A13A0.e.8512/click - {}
RESULT: {}
RESULT: {}
COMMAND: GET /session/0bd35d5034cd75fc8dc44075a41c35a4/screenshot - {}
RESULT: {}
COMMAND: POST /session/0bd35d5034cd75fc8dc44075a41c35a4/element - {"using":"css selector","value":"input[id=\"generalSectionFrg--receiveYard-inner\"]"}
RESULT: {"using":"css selector","value":"input[id=\"generalSectionFrg--receiveYard-inner\"]"}
COMMAND: POST /session/0bd35d5034cd75fc8dc44075a41c35a4/element/f.1DB2A491F1B7C642484AEDF47EA6FD52.d.C21CB73D301C02BC5EB19D45476A13A0.e.8522/clear - {}
RESULT: {}
COMMAND: POST /session/0bd35d5034cd75fc8dc44075a41c35a4/element/f.1DB2A491F1B7C642484AEDF47EA6FD52.d.C21CB73D301C02BC5EB19D45476A13A0.e.8522/value - {"text":"622"}
COMMAND: GET /session/0bd35d5034cd75fc8dc44075a41c35a4/screenshot - {}
RESULT: {"text":"622"}
COMMAND: GET /session/0bd35d5034cd75fc8dc44075a41c35a4/screenshot - {}
RESULT: {}
RESULT: {}
COMMAND: POST /session/0bd35d5034cd75fc8dc44075a41c35a4/element - {"using":"css selector","value":"#application-managehandovers-display-component---AddNewHO--dueDate-inner"}
RESULT: {"using":"css selector","value":"#application-managehandovers-display-component---AddNewHO--dueDate-inner"}
COMMAND: POST /session/0bd35d5034cd75fc8dc44075a41c35a4/element/f.1DB2A491F1B7C642484AEDF47EA6FD52.d.C21CB73D301C02BC5EB19D45476A13A0.e.8516/clear - {}
RESULT: {}
COMMAND: POST /session/0bd35d5034cd75fc8dc44075a41c35a4/element/f.1DB2A491F1B7C642484AEDF47EA6FD52.d.C21CB73D301C02BC5EB19D45476A13A0.e.8516/value - {"text":"5/6/25"}
COMMAND: GET /session/0bd35d5034cd75fc8dc44075a41c35a4/screenshot - {}
RESULT: {"text":"5/6/25"}
COMMAND: GET /session/0bd35d5034cd75fc8dc44075a41c35a4/screenshot - {}
RESULT: {}
RESULT: {}
COMMAND: POST /session/0bd35d5034cd75fc8dc44075a41c35a4/element - {"using":"xpath","value":"//bdi[(text() = 'Items' or . = 'Items')]"}
RESULT: {"using":"xpath","value":"//bdi[(text() = 'Items' or . = 'Items')]"}
COMMAND: POST /session/0bd35d5034cd75fc8dc44075a41c35a4/element/f.1DB2A491F1B7C642484AEDF47EA6FD52.d.C21CB73D301C02BC5EB19D45476A13A0.e.8539/click - {}
RESULT: {}
COMMAND: GET /session/0bd35d5034cd75fc8dc44075a41c35a4/screenshot - {}
RESULT: {}
COMMAND: POST /session/0bd35d5034cd75fc8dc44075a41c35a4/element - {"using":"xpath","value":"//button[@aria-label=\"Add\"]"}
RESULT: {"using":"xpath","value":"//button[@aria-label=\"Add\"]"}
COMMAND: POST /session/0bd35d5034cd75fc8dc44075a41c35a4/element/f.1DB2A491F1B7C642484AEDF47EA6FD52.d.C21CB73D301C02BC5EB19D45476A13A0.e.8544/click - {}
RESULT: {}
COMMAND: GET /session/0bd35d5034cd75fc8dc44075a41c35a4/screenshot - {}
RESULT: {}
COMMAND: POST /session/0bd35d5034cd75fc8dc44075a41c35a4/element - {"using":"css selector","value":"input[id= \"application-managehandovers-display-component---AddNewHO--smartFilterBar-btnBasicSearch-I\"]"}
RESULT: {"using":"css selector","value":"input[id= \"application-managehandovers-display-component---AddNewHO--smartFilterBar-btnBasicSearch-I\"]"}
COMMAND: POST /session/0bd35d5034cd75fc8dc44075a41c35a4/element/f.1DB2A491F1B7C642484AEDF47EA6FD52.d.C21CB73D301C02BC5EB19D45476A13A0.e.8547/clear - {}
RESULT: {}
COMMAND: POST /session/0bd35d5034cd75fc8dc44075a41c35a4/element/f.1DB2A491F1B7C642484AEDF47EA6FD52.d.C21CB73D301C02BC5EB19D45476A13A0.e.8547/value - {"text":"200344"}
COMMAND: GET /session/0bd35d5034cd75fc8dc44075a41c35a4/screenshot - {}
RESULT: {"text":"200344"}
COMMAND: POST /session/0bd35d5034cd75fc8dc44075a41c35a4/actions - {"actions":[{"id":"action30","type":"key","parameters":{},"actions":[{"type":"keyDown","value":"î€‡"},{"type":"pause","duration":10},{"type":"keyUp","value":"î€‡"}]}]}
COMMAND: GET /session/0bd35d5034cd75fc8dc44075a41c35a4/screenshot - {}
RESULT: {}
RESULT: {"actions":[{"id":"action30","type":"key","parameters":{},"actions":[{"type":"keyDown","value":"î€‡"},{"type":"pause","duration":10},{"type":"keyUp","value":"î€‡"}]}]}
COMMAND: POST /session/0bd35d5034cd75fc8dc44075a41c35a4/element - {"using":"css selector","value":"div[id= \"application-managehandovers-display-component---AddNewHO--smartFilterBar-btnBasicSearch-search\"]"}
COMMAND: GET /session/0bd35d5034cd75fc8dc44075a41c35a4/screenshot - {}
RESULT: {}
RESULT: {"using":"css selector","value":"div[id= \"application-managehandovers-display-component---AddNewHO--smartFilterBar-btnBasicSearch-search\"]"}
COMMAND: POST /session/0bd35d5034cd75fc8dc44075a41c35a4/element/f.1DB2A491F1B7C642484AEDF47EA6FD52.d.C21CB73D301C02BC5EB19D45476A13A0.e.8696/click - {}
RESULT: {}
RESULT: {}
COMMAND: GET /session/0bd35d5034cd75fc8dc44075a41c35a4/screenshot - {}
RESULT: {}
COMMAND: POST /session/0bd35d5034cd75fc8dc44075a41c35a4/element - {"using":"css selector","value":"div[id= \"application-managehandovers-display-component---AddNewHO--popup-sa-CbBg\"]"}
RESULT: {"using":"css selector","value":"div[id= \"application-managehandovers-display-component---AddNewHO--popup-sa-CbBg\"]"}
COMMAND: POST /session/0bd35d5034cd75fc8dc44075a41c35a4/element/f.1DB2A491F1B7C642484AEDF47EA6FD52.d.C21CB73D301C02BC5EB19D45476A13A0.e.8697/click - {}
RESULT: {}
COMMAND: GET /session/0bd35d5034cd75fc8dc44075a41c35a4/screenshot - {}
RESULT: {}
COMMAND: POST /session/0bd35d5034cd75fc8dc44075a41c35a4/element - {"using":"xpath","value":"//bdi[(text() = 'Select' or . = 'Select')]"}
RESULT: {"using":"xpath","value":"//bdi[(text() = 'Select' or . = 'Select')]"}
COMMAND: POST /session/0bd35d5034cd75fc8dc44075a41c35a4/element/f.1DB2A491F1B7C642484AEDF47EA6FD52.d.C21CB73D301C02BC5EB19D45476A13A0.e.8698/click - {}
RESULT: {}
COMMAND: GET /session/0bd35d5034cd75fc8dc44075a41c35a4/screenshot - {}
RESULT: {}
COMMAND: POST /session/0bd35d5034cd75fc8dc44075a41c35a4/execute/async - {"script":"<script> [1562 bytes]","args":[{"selector":{"controlType":"sap.m.Input","viewName":"etm.portal.ui.managehandovers.view.AddNewHO","viewId":"application-managehandovers-display-component---AddNewHO","bindingPath":{"path":"/items/0","propertyPath":"TYPE","modelName":"hoItemsModel"},"interaction":{"idSuffix":"inner"}},"wdio_ui5_key":"etmportal.ui.managehandovers.view.AddNewHOsap.m.Input{\"path\":\"/items/0\",\"propertyPath\":\"TYPE\",\"modelName\":\"hoItemsModel\"}"}]}
RESULT: {"script":"<script> [1562 bytes]","args":[{"selector":{"controlType":"sap.m.Input","viewName":"etm.portal.ui.managehandovers.view.AddNewHO","viewId":"application-managehandovers-display-component---AddNewHO","bindingPath":{"path":"/items/0","propertyPath":"TYPE","modelName":"hoItemsModel"},"interaction":{"idSuffix":"inner"}},"wdio_ui5_key":"etmportal.ui.managehandovers.view.AddNewHOsap.m.Input{\"path\":\"/items/0\",\"propertyPath\":\"TYPE\",\"modelName\":\"hoItemsModel\"}"}]}
RESULT: undefined
COMMAND: POST /session/0bd35d5034cd75fc8dc44075a41c35a4/execute/async - {"script":"<script> [776 bytes]","args":[{"enterText":"100","selector":{"controlType":"sap.m.Input","viewName":"etm.portal.ui.managehandovers.view.AddNewHO","viewId":"application-managehandovers-display-component---AddNewHO","bindingPath":{"path":"/items/0","propertyPath":"TYPE","modelName":"hoItemsModel"},"interaction":{"idSuffix":"inner"}},"clearTextFirst":true,"interactionType":"ENTER_TEXT"}]}
RESULT: {"script":"<script> [776 bytes]","args":[{"enterText":"100","selector":{"controlType":"sap.m.Input","viewName":"etm.portal.ui.managehandovers.view.AddNewHO","viewId":"application-managehandovers-display-component---AddNewHO","bindingPath":{"path":"/items/0","propertyPath":"TYPE","modelName":"hoItemsModel"},"interaction":{"idSuffix":"inner"}},"clearTextFirst":true,"interactionType":"ENTER_TEXT"}]}
COMMAND: POST /session/0bd35d5034cd75fc8dc44075a41c35a4/element - {"using":"xpath","value":"//bdi[(text() = 'Save' or . = 'Save')]"}
RESULT: {"using":"xpath","value":"//bdi[(text() = 'Save' or . = 'Save')]"}
COMMAND: POST /session/0bd35d5034cd75fc8dc44075a41c35a4/element/f.1DB2A491F1B7C642484AEDF47EA6FD52.d.C21CB73D301C02BC5EB19D45476A13A0.e.8703/click - {}
RESULT: {}
COMMAND: GET /session/0bd35d5034cd75fc8dc44075a41c35a4/screenshot - {}
RESULT: {}
COMMAND: POST /session/0bd35d5034cd75fc8dc44075a41c35a4/element - {"using":"xpath","value":"//input[contains(@id ,\"receiptDatePicker-inner\")]"}
RESULT: {"using":"xpath","value":"//input[contains(@id ,\"receiptDatePicker-inner\")]"}
COMMAND: POST /session/0bd35d5034cd75fc8dc44075a41c35a4/element/f.1DB2A491F1B7C642484AEDF47EA6FD52.d.C21CB73D301C02BC5EB19D45476A13A0.e.8734/click - {}
RESULT: {}
COMMAND: POST /session/0bd35d5034cd75fc8dc44075a41c35a4/element - {"using":"xpath","value":"//input[contains(@id ,\"receiptDatePicker-inner\")]"}
COMMAND: GET /session/0bd35d5034cd75fc8dc44075a41c35a4/screenshot - {}
RESULT: {"using":"xpath","value":"//input[contains(@id ,\"receiptDatePicker-inner\")]"}
COMMAND: POST /session/0bd35d5034cd75fc8dc44075a41c35a4/element/f.1DB2A491F1B7C642484AEDF47EA6FD52.d.C21CB73D301C02BC5EB19D45476A13A0.e.8734/clear - {}
RESULT: {}
RESULT: {}
COMMAND: POST /session/0bd35d5034cd75fc8dc44075a41c35a4/element/f.1DB2A491F1B7C642484AEDF47EA6FD52.d.C21CB73D301C02BC5EB19D45476A13A0.e.8734/value - {"text":"5/6/25"}
COMMAND: GET /session/0bd35d5034cd75fc8dc44075a41c35a4/screenshot - {}
RESULT: {"text":"5/6/25"}
COMMAND: GET /session/0bd35d5034cd75fc8dc44075a41c35a4/screenshot - {}
RESULT: {}
RESULT: {}
COMMAND: POST /session/0bd35d5034cd75fc8dc44075a41c35a4/element - {"using":"xpath","value":"//bdi[text()='Save']"}
RESULT: {"using":"xpath","value":"//bdi[text()='Save']"}
COMMAND: GET /session/0bd35d5034cd75fc8dc44075a41c35a4/element/f.1DB2A491F1B7C642484AEDF47EA6FD52.d.C21CB73D301C02BC5EB19D45476A13A0.e.8703/enabled - {}
RESULT: {}
COMMAND: POST /session/0bd35d5034cd75fc8dc44075a41c35a4/execute/sync - {"script":"<script> [8489 bytes]","args":[{"element-6066-11e4-a52e-4f735466cecf":"f.1DB2A491F1B7C642484AEDF47EA6FD52.d.C21CB73D301C02BC5EB19D45476A13A0.e.8703","ELEMENT":"f.1DB2A491F1B7C642484AEDF47EA6FD52.d.C21CB73D301C02BC5EB19D45476A13A0.e.8703"}]}
COMMAND: GET /session/0bd35d5034cd75fc8dc44075a41c35a4/screenshot - {}
RESULT: {"script":"<script> [8489 bytes]","args":[{"element-6066-11e4-a52e-4f735466cecf":"f.1DB2A491F1B7C642484AEDF47EA6FD52.d.C21CB73D301C02BC5EB19D45476A13A0.e.8703","ELEMENT":"f.1DB2A491F1B7C642484AEDF47EA6FD52.d.C21CB73D301C02BC5EB19D45476A13A0.e.8703"}]}
COMMAND: GET /session/0bd35d5034cd75fc8dc44075a41c35a4/screenshot - {}
RESULT: {}
COMMAND: POST /session/0bd35d5034cd75fc8dc44075a41c35a4/execute/sync - {"script":"<script> [8489 bytes]","args":[{"element-6066-11e4-a52e-4f735466cecf":"f.1DB2A491F1B7C642484AEDF47EA6FD52.d.C21CB73D301C02BC5EB19D45476A13A0.e.8703","ELEMENT":"f.1DB2A491F1B7C642484AEDF47EA6FD52.d.C21CB73D301C02BC5EB19D45476A13A0.e.8703"}]}
RESULT: {}
RESULT: {"script":"<script> [8489 bytes]","args":[{"element-6066-11e4-a52e-4f735466cecf":"f.1DB2A491F1B7C642484AEDF47EA6FD52.d.C21CB73D301C02BC5EB19D45476A13A0.e.8703","ELEMENT":"f.1DB2A491F1B7C642484AEDF47EA6FD52.d.C21CB73D301C02BC5EB19D45476A13A0.e.8703"}]}
COMMAND: GET /session/0bd35d5034cd75fc8dc44075a41c35a4/screenshot - {}
COMMAND: POST /session/0bd35d5034cd75fc8dc44075a41c35a4/execute/sync - {"script":"<script> [8489 bytes]","args":[{"element-6066-11e4-a52e-4f735466cecf":"f.1DB2A491F1B7C642484AEDF47EA6FD52.d.C21CB73D301C02BC5EB19D45476A13A0.e.8703","ELEMENT":"f.1DB2A491F1B7C642484AEDF47EA6FD52.d.C21CB73D301C02BC5EB19D45476A13A0.e.8703"}]}
RESULT: {}
RESULT: {"script":"<script> [8489 bytes]","args":[{"element-6066-11e4-a52e-4f735466cecf":"f.1DB2A491F1B7C642484AEDF47EA6FD52.d.C21CB73D301C02BC5EB19D45476A13A0.e.8703","ELEMENT":"f.1DB2A491F1B7C642484AEDF47EA6FD52.d.C21CB73D301C02BC5EB19D45476A13A0.e.8703"}]}
COMMAND: GET /session/0bd35d5034cd75fc8dc44075a41c35a4/screenshot - {}
RESULT: {}
COMMAND: POST /session/0bd35d5034cd75fc8dc44075a41c35a4/execute/sync - {"script":"<script> [8489 bytes]","args":[{"element-6066-11e4-a52e-4f735466cecf":"f.1DB2A491F1B7C642484AEDF47EA6FD52.d.C21CB73D301C02BC5EB19D45476A13A0.e.8703","ELEMENT":"f.1DB2A491F1B7C642484AEDF47EA6FD52.d.C21CB73D301C02BC5EB19D45476A13A0.e.8703"}]}
RESULT: {"script":"<script> [8489 bytes]","args":[{"element-6066-11e4-a52e-4f735466cecf":"f.1DB2A491F1B7C642484AEDF47EA6FD52.d.C21CB73D301C02BC5EB19D45476A13A0.e.8703","ELEMENT":"f.1DB2A491F1B7C642484AEDF47EA6FD52.d.C21CB73D301C02BC5EB19D45476A13A0.e.8703"}]}
COMMAND: GET /session/0bd35d5034cd75fc8dc44075a41c35a4/screenshot - {}
RESULT: {}
COMMAND: POST /session/0bd35d5034cd75fc8dc44075a41c35a4/execute/sync - {"script":"<script> [8489 bytes]","args":[{"element-6066-11e4-a52e-4f735466cecf":"f.1DB2A491F1B7C642484AEDF47EA6FD52.d.C21CB73D301C02BC5EB19D45476A13A0.e.8703","ELEMENT":"f.1DB2A491F1B7C642484AEDF47EA6FD52.d.C21CB73D301C02BC5EB19D45476A13A0.e.8703"}]}
RESULT: {"script":"<script> [8489 bytes]","args":[{"element-6066-11e4-a52e-4f735466cecf":"f.1DB2A491F1B7C642484AEDF47EA6FD52.d.C21CB73D301C02BC5EB19D45476A13A0.e.8703","ELEMENT":"f.1DB2A491F1B7C642484AEDF47EA6FD52.d.C21CB73D301C02BC5EB19D45476A13A0.e.8703"}]}
COMMAND: GET /session/0bd35d5034cd75fc8dc44075a41c35a4/screenshot - {}
RESULT: {}
COMMAND: POST /session/0bd35d5034cd75fc8dc44075a41c35a4/execute/sync - {"script":"<script> [8489 bytes]","args":[{"element-6066-11e4-a52e-4f735466cecf":"f.1DB2A491F1B7C642484AEDF47EA6FD52.d.C21CB73D301C02BC5EB19D45476A13A0.e.8703","ELEMENT":"f.1DB2A491F1B7C642484AEDF47EA6FD52.d.C21CB73D301C02BC5EB19D45476A13A0.e.8703"}]}
RESULT: {"script":"<script> [8489 bytes]","args":[{"element-6066-11e4-a52e-4f735466cecf":"f.1DB2A491F1B7C642484AEDF47EA6FD52.d.C21CB73D301C02BC5EB19D45476A13A0.e.8703","ELEMENT":"f.1DB2A491F1B7C642484AEDF47EA6FD52.d.C21CB73D301C02BC5EB19D45476A13A0.e.8703"}]}
COMMAND: GET /session/0bd35d5034cd75fc8dc44075a41c35a4/screenshot - {}
RESULT: {}
COMMAND: POST /session/0bd35d5034cd75fc8dc44075a41c35a4/execute/sync - {"script":"<script> [8489 bytes]","args":[{"element-6066-11e4-a52e-4f735466cecf":"f.1DB2A491F1B7C642484AEDF47EA6FD52.d.C21CB73D301C02BC5EB19D45476A13A0.e.8703","ELEMENT":"f.1DB2A491F1B7C642484AEDF47EA6FD52.d.C21CB73D301C02BC5EB19D45476A13A0.e.8703"}]}
RESULT: {"script":"<script> [8489 bytes]","args":[{"element-6066-11e4-a52e-4f735466cecf":"f.1DB2A491F1B7C642484AEDF47EA6FD52.d.C21CB73D301C02BC5EB19D45476A13A0.e.8703","ELEMENT":"f.1DB2A491F1B7C642484AEDF47EA6FD52.d.C21CB73D301C02BC5EB19D45476A13A0.e.8703"}]}
COMMAND: GET /session/0bd35d5034cd75fc8dc44075a41c35a4/screenshot - {}
RESULT: {}
COMMAND: POST /session/0bd35d5034cd75fc8dc44075a41c35a4/execute/sync - {"script":"<script> [8489 bytes]","args":[{"element-6066-11e4-a52e-4f735466cecf":"f.1DB2A491F1B7C642484AEDF47EA6FD52.d.C21CB73D301C02BC5EB19D45476A13A0.e.8703","ELEMENT":"f.1DB2A491F1B7C642484AEDF47EA6FD52.d.C21CB73D301C02BC5EB19D45476A13A0.e.8703"}]}
RESULT: {"script":"<script> [8489 bytes]","args":[{"element-6066-11e4-a52e-4f735466cecf":"f.1DB2A491F1B7C642484AEDF47EA6FD52.d.C21CB73D301C02BC5EB19D45476A13A0.e.8703","ELEMENT":"f.1DB2A491F1B7C642484AEDF47EA6FD52.d.C21CB73D301C02BC5EB19D45476A13A0.e.8703"}]}
COMMAND: GET /session/0bd35d5034cd75fc8dc44075a41c35a4/screenshot - {}
RESULT: {}
COMMAND: POST /session/0bd35d5034cd75fc8dc44075a41c35a4/execute/sync - {"script":"<script> [8489 bytes]","args":[{"element-6066-11e4-a52e-4f735466cecf":"f.1DB2A491F1B7C642484AEDF47EA6FD52.d.C21CB73D301C02BC5EB19D45476A13A0.e.8703","ELEMENT":"f.1DB2A491F1B7C642484AEDF47EA6FD52.d.C21CB73D301C02BC5EB19D45476A13A0.e.8703"}]}
RESULT: {"script":"<script> [8489 bytes]","args":[{"element-6066-11e4-a52e-4f735466cecf":"f.1DB2A491F1B7C642484AEDF47EA6FD52.d.C21CB73D301C02BC5EB19D45476A13A0.e.8703","ELEMENT":"f.1DB2A491F1B7C642484AEDF47EA6FD52.d.C21CB73D301C02BC5EB19D45476A13A0.e.8703"}]}
COMMAND: GET /session/0bd35d5034cd75fc8dc44075a41c35a4/screenshot - {}
RESULT: {}
COMMAND: POST /session/0bd35d5034cd75fc8dc44075a41c35a4/execute/sync - {"script":"<script> [8489 bytes]","args":[{"element-6066-11e4-a52e-4f735466cecf":"f.1DB2A491F1B7C642484AEDF47EA6FD52.d.C21CB73D301C02BC5EB19D45476A13A0.e.8703","ELEMENT":"f.1DB2A491F1B7C642484AEDF47EA6FD52.d.C21CB73D301C02BC5EB19D45476A13A0.e.8703"}]}
RESULT: {"script":"<script> [8489 bytes]","args":[{"element-6066-11e4-a52e-4f735466cecf":"f.1DB2A491F1B7C642484AEDF47EA6FD52.d.C21CB73D301C02BC5EB19D45476A13A0.e.8703","ELEMENT":"f.1DB2A491F1B7C642484AEDF47EA6FD52.d.C21CB73D301C02BC5EB19D45476A13A0.e.8703"}]}
COMMAND: GET /session/0bd35d5034cd75fc8dc44075a41c35a4/screenshot - {}
RESULT: {}
COMMAND: POST /session/0bd35d5034cd75fc8dc44075a41c35a4/execute/sync - {"script":"<script> [8489 bytes]","args":[{"element-6066-11e4-a52e-4f735466cecf":"f.1DB2A491F1B7C642484AEDF47EA6FD52.d.C21CB73D301C02BC5EB19D45476A13A0.e.8703","ELEMENT":"f.1DB2A491F1B7C642484AEDF47EA6FD52.d.C21CB73D301C02BC5EB19D45476A13A0.e.8703"}]}
RESULT: {"script":"<script> [8489 bytes]","args":[{"element-6066-11e4-a52e-4f735466cecf":"f.1DB2A491F1B7C642484AEDF47EA6FD52.d.C21CB73D301C02BC5EB19D45476A13A0.e.8703","ELEMENT":"f.1DB2A491F1B7C642484AEDF47EA6FD52.d.C21CB73D301C02BC5EB19D45476A13A0.e.8703"}]}
COMMAND: GET /session/0bd35d5034cd75fc8dc44075a41c35a4/screenshot - {}
RESULT: {}
COMMAND: POST /session/0bd35d5034cd75fc8dc44075a41c35a4/execute/sync - {"script":"<script> [8489 bytes]","args":[{"element-6066-11e4-a52e-4f735466cecf":"f.1DB2A491F1B7C642484AEDF47EA6FD52.d.C21CB73D301C02BC5EB19D45476A13A0.e.8703","ELEMENT":"f.1DB2A491F1B7C642484AEDF47EA6FD52.d.C21CB73D301C02BC5EB19D45476A13A0.e.8703"}]}
RESULT: {"script":"<script> [8489 bytes]","args":[{"element-6066-11e4-a52e-4f735466cecf":"f.1DB2A491F1B7C642484AEDF47EA6FD52.d.C21CB73D301C02BC5EB19D45476A13A0.e.8703","ELEMENT":"f.1DB2A491F1B7C642484AEDF47EA6FD52.d.C21CB73D301C02BC5EB19D45476A13A0.e.8703"}]}
COMMAND: GET /session/0bd35d5034cd75fc8dc44075a41c35a4/screenshot - {}
RESULT: {}
COMMAND: POST /session/0bd35d5034cd75fc8dc44075a41c35a4/execute/sync - {"script":"<script> [8489 bytes]","args":[{"element-6066-11e4-a52e-4f735466cecf":"f.1DB2A491F1B7C642484AEDF47EA6FD52.d.C21CB73D301C02BC5EB19D45476A13A0.e.8703","ELEMENT":"f.1DB2A491F1B7C642484AEDF47EA6FD52.d.C21CB73D301C02BC5EB19D45476A13A0.e.8703"}]}
RESULT: {"script":"<script> [8489 bytes]","args":[{"element-6066-11e4-a52e-4f735466cecf":"f.1DB2A491F1B7C642484AEDF47EA6FD52.d.C21CB73D301C02BC5EB19D45476A13A0.e.8703","ELEMENT":"f.1DB2A491F1B7C642484AEDF47EA6FD52.d.C21CB73D301C02BC5EB19D45476A13A0.e.8703"}]}
COMMAND: GET /session/0bd35d5034cd75fc8dc44075a41c35a4/screenshot - {}
RESULT: {}
COMMAND: POST /session/0bd35d5034cd75fc8dc44075a41c35a4/execute/sync - {"script":"<script> [8489 bytes]","args":[{"element-6066-11e4-a52e-4f735466cecf":"f.1DB2A491F1B7C642484AEDF47EA6FD52.d.C21CB73D301C02BC5EB19D45476A13A0.e.8703","ELEMENT":"f.1DB2A491F1B7C642484AEDF47EA6FD52.d.C21CB73D301C02BC5EB19D45476A13A0.e.8703"}]}
RESULT: {"script":"<script> [8489 bytes]","args":[{"element-6066-11e4-a52e-4f735466cecf":"f.1DB2A491F1B7C642484AEDF47EA6FD52.d.C21CB73D301C02BC5EB19D45476A13A0.e.8703","ELEMENT":"f.1DB2A491F1B7C642484AEDF47EA6FD52.d.C21CB73D301C02BC5EB19D45476A13A0.e.8703"}]}
COMMAND: GET /session/0bd35d5034cd75fc8dc44075a41c35a4/screenshot - {}
RESULT: {}
COMMAND: POST /session/0bd35d5034cd75fc8dc44075a41c35a4/execute/sync - {"script":"<script> [8489 bytes]","args":[{"element-6066-11e4-a52e-4f735466cecf":"f.1DB2A491F1B7C642484AEDF47EA6FD52.d.C21CB73D301C02BC5EB19D45476A13A0.e.8703","ELEMENT":"f.1DB2A491F1B7C642484AEDF47EA6FD52.d.C21CB73D301C02BC5EB19D45476A13A0.e.8703"}]}
RESULT: {"script":"<script> [8489 bytes]","args":[{"element-6066-11e4-a52e-4f735466cecf":"f.1DB2A491F1B7C642484AEDF47EA6FD52.d.C21CB73D301C02BC5EB19D45476A13A0.e.8703","ELEMENT":"f.1DB2A491F1B7C642484AEDF47EA6FD52.d.C21CB73D301C02BC5EB19D45476A13A0.e.8703"}]}
COMMAND: GET /session/0bd35d5034cd75fc8dc44075a41c35a4/screenshot - {}
RESULT: {}
COMMAND: POST /session/0bd35d5034cd75fc8dc44075a41c35a4/execute/sync - {"script":"<script> [8489 bytes]","args":[{"element-6066-11e4-a52e-4f735466cecf":"f.1DB2A491F1B7C642484AEDF47EA6FD52.d.C21CB73D301C02BC5EB19D45476A13A0.e.8703","ELEMENT":"f.1DB2A491F1B7C642484AEDF47EA6FD52.d.C21CB73D301C02BC5EB19D45476A13A0.e.8703"}]}
RESULT: {"script":"<script> [8489 bytes]","args":[{"element-6066-11e4-a52e-4f735466cecf":"f.1DB2A491F1B7C642484AEDF47EA6FD52.d.C21CB73D301C02BC5EB19D45476A13A0.e.8703","ELEMENT":"f.1DB2A491F1B7C642484AEDF47EA6FD52.d.C21CB73D301C02BC5EB19D45476A13A0.e.8703"}]}
COMMAND: GET /session/0bd35d5034cd75fc8dc44075a41c35a4/screenshot - {}
RESULT: {}
COMMAND: POST /session/0bd35d5034cd75fc8dc44075a41c35a4/execute/sync - {"script":"<script> [8489 bytes]","args":[{"element-6066-11e4-a52e-4f735466cecf":"f.1DB2A491F1B7C642484AEDF47EA6FD52.d.C21CB73D301C02BC5EB19D45476A13A0.e.8703","ELEMENT":"f.1DB2A491F1B7C642484AEDF47EA6FD52.d.C21CB73D301C02BC5EB19D45476A13A0.e.8703"}]}
RESULT: {"script":"<script> [8489 bytes]","args":[{"element-6066-11e4-a52e-4f735466cecf":"f.1DB2A491F1B7C642484AEDF47EA6FD52.d.C21CB73D301C02BC5EB19D45476A13A0.e.8703","ELEMENT":"f.1DB2A491F1B7C642484AEDF47EA6FD52.d.C21CB73D301C02BC5EB19D45476A13A0.e.8703"}]}
COMMAND: GET /session/0bd35d5034cd75fc8dc44075a41c35a4/screenshot - {}
RESULT: {}
COMMAND: POST /session/0bd35d5034cd75fc8dc44075a41c35a4/execute/sync - {"script":"<script> [8489 bytes]","args":[{"element-6066-11e4-a52e-4f735466cecf":"f.1DB2A491F1B7C642484AEDF47EA6FD52.d.C21CB73D301C02BC5EB19D45476A13A0.e.8703","ELEMENT":"f.1DB2A491F1B7C642484AEDF47EA6FD52.d.C21CB73D301C02BC5EB19D45476A13A0.e.8703"}]}
RESULT: {"script":"<script> [8489 bytes]","args":[{"element-6066-11e4-a52e-4f735466cecf":"f.1DB2A491F1B7C642484AEDF47EA6FD52.d.C21CB73D301C02BC5EB19D45476A13A0.e.8703","ELEMENT":"f.1DB2A491F1B7C642484AEDF47EA6FD52.d.C21CB73D301C02BC5EB19D45476A13A0.e.8703"}]}
COMMAND: GET /session/0bd35d5034cd75fc8dc44075a41c35a4/screenshot - {}
RESULT: {}
COMMAND: POST /session/0bd35d5034cd75fc8dc44075a41c35a4/execute/sync - {"script":"<script> [8489 bytes]","args":[{"element-6066-11e4-a52e-4f735466cecf":"f.1DB2A491F1B7C642484AEDF47EA6FD52.d.C21CB73D301C02BC5EB19D45476A13A0.e.8703","ELEMENT":"f.1DB2A491F1B7C642484AEDF47EA6FD52.d.C21CB73D301C02BC5EB19D45476A13A0.e.8703"}]}
RESULT: {"script":"<script> [8489 bytes]","args":[{"element-6066-11e4-a52e-4f735466cecf":"f.1DB2A491F1B7C642484AEDF47EA6FD52.d.C21CB73D301C02BC5EB19D45476A13A0.e.8703","ELEMENT":"f.1DB2A491F1B7C642484AEDF47EA6FD52.d.C21CB73D301C02BC5EB19D45476A13A0.e.8703"}]}
COMMAND: GET /session/0bd35d5034cd75fc8dc44075a41c35a4/screenshot - {}
RESULT: {}
COMMAND: POST /session/0bd35d5034cd75fc8dc44075a41c35a4/execute/sync - {"script":"<script> [8489 bytes]","args":[{"element-6066-11e4-a52e-4f735466cecf":"f.1DB2A491F1B7C642484AEDF47EA6FD52.d.C21CB73D301C02BC5EB19D45476A13A0.e.8703","ELEMENT":"f.1DB2A491F1B7C642484AEDF47EA6FD52.d.C21CB73D301C02BC5EB19D45476A13A0.e.8703"}]}
RESULT: {"script":"<script> [8489 bytes]","args":[{"element-6066-11e4-a52e-4f735466cecf":"f.1DB2A491F1B7C642484AEDF47EA6FD52.d.C21CB73D301C02BC5EB19D45476A13A0.e.8703","ELEMENT":"f.1DB2A491F1B7C642484AEDF47EA6FD52.d.C21CB73D301C02BC5EB19D45476A13A0.e.8703"}]}
COMMAND: GET /session/0bd35d5034cd75fc8dc44075a41c35a4/screenshot - {}
RESULT: {}
COMMAND: POST /session/0bd35d5034cd75fc8dc44075a41c35a4/execute/sync - {"script":"<script> [8489 bytes]","args":[{"element-6066-11e4-a52e-4f735466cecf":"f.1DB2A491F1B7C642484AEDF47EA6FD52.d.C21CB73D301C02BC5EB19D45476A13A0.e.8703","ELEMENT":"f.1DB2A491F1B7C642484AEDF47EA6FD52.d.C21CB73D301C02BC5EB19D45476A13A0.e.8703"}]}
RESULT: {"script":"<script> [8489 bytes]","args":[{"element-6066-11e4-a52e-4f735466cecf":"f.1DB2A491F1B7C642484AEDF47EA6FD52.d.C21CB73D301C02BC5EB19D45476A13A0.e.8703","ELEMENT":"f.1DB2A491F1B7C642484AEDF47EA6FD52.d.C21CB73D301C02BC5EB19D45476A13A0.e.8703"}]}
COMMAND: GET /session/0bd35d5034cd75fc8dc44075a41c35a4/screenshot - {}
RESULT: {}
COMMAND: POST /session/0bd35d5034cd75fc8dc44075a41c35a4/execute/sync - {"script":"<script> [8489 bytes]","args":[{"element-6066-11e4-a52e-4f735466cecf":"f.1DB2A491F1B7C642484AEDF47EA6FD52.d.C21CB73D301C02BC5EB19D45476A13A0.e.8703","ELEMENT":"f.1DB2A491F1B7C642484AEDF47EA6FD52.d.C21CB73D301C02BC5EB19D45476A13A0.e.8703"}]}
RESULT: {"script":"<script> [8489 bytes]","args":[{"element-6066-11e4-a52e-4f735466cecf":"f.1DB2A491F1B7C642484AEDF47EA6FD52.d.C21CB73D301C02BC5EB19D45476A13A0.e.8703","ELEMENT":"f.1DB2A491F1B7C642484AEDF47EA6FD52.d.C21CB73D301C02BC5EB19D45476A13A0.e.8703"}]}
COMMAND: GET /session/0bd35d5034cd75fc8dc44075a41c35a4/screenshot - {}
RESULT: {}
COMMAND: POST /session/0bd35d5034cd75fc8dc44075a41c35a4/execute/sync - {"script":"<script> [8489 bytes]","args":[{"element-6066-11e4-a52e-4f735466cecf":"f.1DB2A491F1B7C642484AEDF47EA6FD52.d.C21CB73D301C02BC5EB19D45476A13A0.e.8703","ELEMENT":"f.1DB2A491F1B7C642484AEDF47EA6FD52.d.C21CB73D301C02BC5EB19D45476A13A0.e.8703"}]}
RESULT: {"script":"<script> [8489 bytes]","args":[{"element-6066-11e4-a52e-4f735466cecf":"f.1DB2A491F1B7C642484AEDF47EA6FD52.d.C21CB73D301C02BC5EB19D45476A13A0.e.8703","ELEMENT":"f.1DB2A491F1B7C642484AEDF47EA6FD52.d.C21CB73D301C02BC5EB19D45476A13A0.e.8703"}]}
COMMAND: GET /session/0bd35d5034cd75fc8dc44075a41c35a4/screenshot - {}
RESULT: {}
COMMAND: POST /session/0bd35d5034cd75fc8dc44075a41c35a4/execute/sync - {"script":"<script> [8489 bytes]","args":[{"element-6066-11e4-a52e-4f735466cecf":"f.1DB2A491F1B7C642484AEDF47EA6FD52.d.C21CB73D301C02BC5EB19D45476A13A0.e.8703","ELEMENT":"f.1DB2A491F1B7C642484AEDF47EA6FD52.d.C21CB73D301C02BC5EB19D45476A13A0.e.8703"}]}
RESULT: {"script":"<script> [8489 bytes]","args":[{"element-6066-11e4-a52e-4f735466cecf":"f.1DB2A491F1B7C642484AEDF47EA6FD52.d.C21CB73D301C02BC5EB19D45476A13A0.e.8703","ELEMENT":"f.1DB2A491F1B7C642484AEDF47EA6FD52.d.C21CB73D301C02BC5EB19D45476A13A0.e.8703"}]}
COMMAND: GET /session/0bd35d5034cd75fc8dc44075a41c35a4/screenshot - {}
RESULT: {}
COMMAND: POST /session/0bd35d5034cd75fc8dc44075a41c35a4/execute/sync - {"script":"<script> [8489 bytes]","args":[{"element-6066-11e4-a52e-4f735466cecf":"f.1DB2A491F1B7C642484AEDF47EA6FD52.d.C21CB73D301C02BC5EB19D45476A13A0.e.8703","ELEMENT":"f.1DB2A491F1B7C642484AEDF47EA6FD52.d.C21CB73D301C02BC5EB19D45476A13A0.e.8703"}]}
RESULT: {"script":"<script> [8489 bytes]","args":[{"element-6066-11e4-a52e-4f735466cecf":"f.1DB2A491F1B7C642484AEDF47EA6FD52.d.C21CB73D301C02BC5EB19D45476A13A0.e.8703","ELEMENT":"f.1DB2A491F1B7C642484AEDF47EA6FD52.d.C21CB73D301C02BC5EB19D45476A13A0.e.8703"}]}
COMMAND: GET /session/0bd35d5034cd75fc8dc44075a41c35a4/screenshot - {}
RESULT: {}
COMMAND: POST /session/0bd35d5034cd75fc8dc44075a41c35a4/execute/sync - {"script":"<script> [8489 bytes]","args":[{"element-6066-11e4-a52e-4f735466cecf":"f.1DB2A491F1B7C642484AEDF47EA6FD52.d.C21CB73D301C02BC5EB19D45476A13A0.e.8703","ELEMENT":"f.1DB2A491F1B7C642484AEDF47EA6FD52.d.C21CB73D301C02BC5EB19D45476A13A0.e.8703"}]}
RESULT: {"script":"<script> [8489 bytes]","args":[{"element-6066-11e4-a52e-4f735466cecf":"f.1DB2A491F1B7C642484AEDF47EA6FD52.d.C21CB73D301C02BC5EB19D45476A13A0.e.8703","ELEMENT":"f.1DB2A491F1B7C642484AEDF47EA6FD52.d.C21CB73D301C02BC5EB19D45476A13A0.e.8703"}]}
COMMAND: GET /session/0bd35d5034cd75fc8dc44075a41c35a4/screenshot - {}
COMMAND: POST /session/0bd35d5034cd75fc8dc44075a41c35a4/execute/sync - {"script":"<script> [8489 bytes]","args":[{"element-6066-11e4-a52e-4f735466cecf":"f.1DB2A491F1B7C642484AEDF47EA6FD52.d.C21CB73D301C02BC5EB19D45476A13A0.e.8703","ELEMENT":"f.1DB2A491F1B7C642484AEDF47EA6FD52.d.C21CB73D301C02BC5EB19D45476A13A0.e.8703"}]}
RESULT: {}
RESULT: {"script":"<script> [8489 bytes]","args":[{"element-6066-11e4-a52e-4f735466cecf":"f.1DB2A491F1B7C642484AEDF47EA6FD52.d.C21CB73D301C02BC5EB19D45476A13A0.e.8703","ELEMENT":"f.1DB2A491F1B7C642484AEDF47EA6FD52.d.C21CB73D301C02BC5EB19D45476A13A0.e.8703"}]}
COMMAND: GET /session/0bd35d5034cd75fc8dc44075a41c35a4/screenshot - {}
RESULT: {}
COMMAND: POST /session/0bd35d5034cd75fc8dc44075a41c35a4/execute/sync - {"script":"<script> [8489 bytes]","args":[{"element-6066-11e4-a52e-4f735466cecf":"f.1DB2A491F1B7C642484AEDF47EA6FD52.d.C21CB73D301C02BC5EB19D45476A13A0.e.8703","ELEMENT":"f.1DB2A491F1B7C642484AEDF47EA6FD52.d.C21CB73D301C02BC5EB19D45476A13A0.e.8703"}]}
RESULT: {"script":"<script> [8489 bytes]","args":[{"element-6066-11e4-a52e-4f735466cecf":"f.1DB2A491F1B7C642484AEDF47EA6FD52.d.C21CB73D301C02BC5EB19D45476A13A0.e.8703","ELEMENT":"f.1DB2A491F1B7C642484AEDF47EA6FD52.d.C21CB73D301C02BC5EB19D45476A13A0.e.8703"}]}
COMMAND: GET /session/0bd35d5034cd75fc8dc44075a41c35a4/screenshot - {}
RESULT: {}
COMMAND: POST /session/0bd35d5034cd75fc8dc44075a41c35a4/execute/sync - {"script":"<script> [8489 bytes]","args":[{"element-6066-11e4-a52e-4f735466cecf":"f.1DB2A491F1B7C642484AEDF47EA6FD52.d.C21CB73D301C02BC5EB19D45476A13A0.e.8703","ELEMENT":"f.1DB2A491F1B7C642484AEDF47EA6FD52.d.C21CB73D301C02BC5EB19D45476A13A0.e.8703"}]}
RESULT: {"script":"<script> [8489 bytes]","args":[{"element-6066-11e4-a52e-4f735466cecf":"f.1DB2A491F1B7C642484AEDF47EA6FD52.d.C21CB73D301C02BC5EB19D45476A13A0.e.8703","ELEMENT":"f.1DB2A491F1B7C642484AEDF47EA6FD52.d.C21CB73D301C02BC5EB19D45476A13A0.e.8703"}]}
COMMAND: GET /session/0bd35d5034cd75fc8dc44075a41c35a4/screenshot - {}
RESULT: {}
COMMAND: POST /session/0bd35d5034cd75fc8dc44075a41c35a4/execute/sync - {"script":"<script> [8489 bytes]","args":[{"element-6066-11e4-a52e-4f735466cecf":"f.1DB2A491F1B7C642484AEDF47EA6FD52.d.C21CB73D301C02BC5EB19D45476A13A0.e.8703","ELEMENT":"f.1DB2A491F1B7C642484AEDF47EA6FD52.d.C21CB73D301C02BC5EB19D45476A13A0.e.8703"}]}
RESULT: {"script":"<script> [8489 bytes]","args":[{"element-6066-11e4-a52e-4f735466cecf":"f.1DB2A491F1B7C642484AEDF47EA6FD52.d.C21CB73D301C02BC5EB19D45476A13A0.e.8703","ELEMENT":"f.1DB2A491F1B7C642484AEDF47EA6FD52.d.C21CB73D301C02BC5EB19D45476A13A0.e.8703"}]}
COMMAND: GET /session/0bd35d5034cd75fc8dc44075a41c35a4/screenshot - {}
RESULT: {}
COMMAND: POST /session/0bd35d5034cd75fc8dc44075a41c35a4/execute/sync - {"script":"<script> [8489 bytes]","args":[{"element-6066-11e4-a52e-4f735466cecf":"f.1DB2A491F1B7C642484AEDF47EA6FD52.d.C21CB73D301C02BC5EB19D45476A13A0.e.8703","ELEMENT":"f.1DB2A491F1B7C642484AEDF47EA6FD52.d.C21CB73D301C02BC5EB19D45476A13A0.e.8703"}]}
RESULT: {"script":"<script> [8489 bytes]","args":[{"element-6066-11e4-a52e-4f735466cecf":"f.1DB2A491F1B7C642484AEDF47EA6FD52.d.C21CB73D301C02BC5EB19D45476A13A0.e.8703","ELEMENT":"f.1DB2A491F1B7C642484AEDF47EA6FD52.d.C21CB73D301C02BC5EB19D45476A13A0.e.8703"}]}
COMMAND: GET /session/0bd35d5034cd75fc8dc44075a41c35a4/screenshot - {}
RESULT: {}
COMMAND: POST /session/0bd35d5034cd75fc8dc44075a41c35a4/execute/sync - {"script":"<script> [8489 bytes]","args":[{"element-6066-11e4-a52e-4f735466cecf":"f.1DB2A491F1B7C642484AEDF47EA6FD52.d.C21CB73D301C02BC5EB19D45476A13A0.e.8703","ELEMENT":"f.1DB2A491F1B7C642484AEDF47EA6FD52.d.C21CB73D301C02BC5EB19D45476A13A0.e.8703"}]}
RESULT: {"script":"<script> [8489 bytes]","args":[{"element-6066-11e4-a52e-4f735466cecf":"f.1DB2A491F1B7C642484AEDF47EA6FD52.d.C21CB73D301C02BC5EB19D45476A13A0.e.8703","ELEMENT":"f.1DB2A491F1B7C642484AEDF47EA6FD52.d.C21CB73D301C02BC5EB19D45476A13A0.e.8703"}]}
COMMAND: GET /session/0bd35d5034cd75fc8dc44075a41c35a4/screenshot - {}
RESULT: {}
COMMAND: POST /session/0bd35d5034cd75fc8dc44075a41c35a4/execute/sync - {"script":"<script> [8489 bytes]","args":[{"element-6066-11e4-a52e-4f735466cecf":"f.1DB2A491F1B7C642484AEDF47EA6FD52.d.C21CB73D301C02BC5EB19D45476A13A0.e.8703","ELEMENT":"f.1DB2A491F1B7C642484AEDF47EA6FD52.d.C21CB73D301C02BC5EB19D45476A13A0.e.8703"}]}
RESULT: {"script":"<script> [8489 bytes]","args":[{"element-6066-11e4-a52e-4f735466cecf":"f.1DB2A491F1B7C642484AEDF47EA6FD52.d.C21CB73D301C02BC5EB19D45476A13A0.e.8703","ELEMENT":"f.1DB2A491F1B7C642484AEDF47EA6FD52.d.C21CB73D301C02BC5EB19D45476A13A0.e.8703"}]}
COMMAND: GET /session/0bd35d5034cd75fc8dc44075a41c35a4/screenshot - {}
RESULT: {}
COMMAND: POST /session/0bd35d5034cd75fc8dc44075a41c35a4/execute/sync - {"script":"<script> [8489 bytes]","args":[{"element-6066-11e4-a52e-4f735466cecf":"f.1DB2A491F1B7C642484AEDF47EA6FD52.d.C21CB73D301C02BC5EB19D45476A13A0.e.8703","ELEMENT":"f.1DB2A491F1B7C642484AEDF47EA6FD52.d.C21CB73D301C02BC5EB19D45476A13A0.e.8703"}]}
RESULT: {"script":"<script> [8489 bytes]","args":[{"element-6066-11e4-a52e-4f735466cecf":"f.1DB2A491F1B7C642484AEDF47EA6FD52.d.C21CB73D301C02BC5EB19D45476A13A0.e.8703","ELEMENT":"f.1DB2A491F1B7C642484AEDF47EA6FD52.d.C21CB73D301C02BC5EB19D45476A13A0.e.8703"}]}
COMMAND: GET /session/0bd35d5034cd75fc8dc44075a41c35a4/screenshot - {}
RESULT: {}
COMMAND: POST /session/0bd35d5034cd75fc8dc44075a41c35a4/execute/sync - {"script":"<script> [8489 bytes]","args":[{"element-6066-11e4-a52e-4f735466cecf":"f.1DB2A491F1B7C642484AEDF47EA6FD52.d.C21CB73D301C02BC5EB19D45476A13A0.e.8703","ELEMENT":"f.1DB2A491F1B7C642484AEDF47EA6FD52.d.C21CB73D301C02BC5EB19D45476A13A0.e.8703"}]}
RESULT: {"script":"<script> [8489 bytes]","args":[{"element-6066-11e4-a52e-4f735466cecf":"f.1DB2A491F1B7C642484AEDF47EA6FD52.d.C21CB73D301C02BC5EB19D45476A13A0.e.8703","ELEMENT":"f.1DB2A491F1B7C642484AEDF47EA6FD52.d.C21CB73D301C02BC5EB19D45476A13A0.e.8703"}]}
COMMAND: GET /session/0bd35d5034cd75fc8dc44075a41c35a4/screenshot - {}
RESULT: {}
COMMAND: POST /session/0bd35d5034cd75fc8dc44075a41c35a4/execute/sync - {"script":"<script> [8489 bytes]","args":[{"element-6066-11e4-a52e-4f735466cecf":"f.1DB2A491F1B7C642484AEDF47EA6FD52.d.C21CB73D301C02BC5EB19D45476A13A0.e.8703","ELEMENT":"f.1DB2A491F1B7C642484AEDF47EA6FD52.d.C21CB73D301C02BC5EB19D45476A13A0.e.8703"}]}
RESULT: {"script":"<script> [8489 bytes]","args":[{"element-6066-11e4-a52e-4f735466cecf":"f.1DB2A491F1B7C642484AEDF47EA6FD52.d.C21CB73D301C02BC5EB19D45476A13A0.e.8703","ELEMENT":"f.1DB2A491F1B7C642484AEDF47EA6FD52.d.C21CB73D301C02BC5EB19D45476A13A0.e.8703"}]}
COMMAND: GET /session/0bd35d5034cd75fc8dc44075a41c35a4/screenshot - {}
RESULT: {}
COMMAND: POST /session/0bd35d5034cd75fc8dc44075a41c35a4/execute/sync - {"script":"<script> [8489 bytes]","args":[{"element-6066-11e4-a52e-4f735466cecf":"f.1DB2A491F1B7C642484AEDF47EA6FD52.d.C21CB73D301C02BC5EB19D45476A13A0.e.8703","ELEMENT":"f.1DB2A491F1B7C642484AEDF47EA6FD52.d.C21CB73D301C02BC5EB19D45476A13A0.e.8703"}]}
RESULT: {"script":"<script> [8489 bytes]","args":[{"element-6066-11e4-a52e-4f735466cecf":"f.1DB2A491F1B7C642484AEDF47EA6FD52.d.C21CB73D301C02BC5EB19D45476A13A0.e.8703","ELEMENT":"f.1DB2A491F1B7C642484AEDF47EA6FD52.d.C21CB73D301C02BC5EB19D45476A13A0.e.8703"}]}
COMMAND: GET /session/0bd35d5034cd75fc8dc44075a41c35a4/screenshot - {}
RESULT: {}
COMMAND: POST /session/0bd35d5034cd75fc8dc44075a41c35a4/execute/sync - {"script":"<script> [8489 bytes]","args":[{"element-6066-11e4-a52e-4f735466cecf":"f.1DB2A491F1B7C642484AEDF47EA6FD52.d.C21CB73D301C02BC5EB19D45476A13A0.e.8703","ELEMENT":"f.1DB2A491F1B7C642484AEDF47EA6FD52.d.C21CB73D301C02BC5EB19D45476A13A0.e.8703"}]}
RESULT: {"script":"<script> [8489 bytes]","args":[{"element-6066-11e4-a52e-4f735466cecf":"f.1DB2A491F1B7C642484AEDF47EA6FD52.d.C21CB73D301C02BC5EB19D45476A13A0.e.8703","ELEMENT":"f.1DB2A491F1B7C642484AEDF47EA6FD52.d.C21CB73D301C02BC5EB19D45476A13A0.e.8703"}]}
COMMAND: GET /session/0bd35d5034cd75fc8dc44075a41c35a4/screenshot - {}
RESULT: {}
COMMAND: POST /session/0bd35d5034cd75fc8dc44075a41c35a4/execute/sync - {"script":"<script> [8489 bytes]","args":[{"element-6066-11e4-a52e-4f735466cecf":"f.1DB2A491F1B7C642484AEDF47EA6FD52.d.C21CB73D301C02BC5EB19D45476A13A0.e.8703","ELEMENT":"f.1DB2A491F1B7C642484AEDF47EA6FD52.d.C21CB73D301C02BC5EB19D45476A13A0.e.8703"}]}
RESULT: {"script":"<script> [8489 bytes]","args":[{"element-6066-11e4-a52e-4f735466cecf":"f.1DB2A491F1B7C642484AEDF47EA6FD52.d.C21CB73D301C02BC5EB19D45476A13A0.e.8703","ELEMENT":"f.1DB2A491F1B7C642484AEDF47EA6FD52.d.C21CB73D301C02BC5EB19D45476A13A0.e.8703"}]}
COMMAND: GET /session/0bd35d5034cd75fc8dc44075a41c35a4/screenshot - {}
RESULT: {}
COMMAND: POST /session/0bd35d5034cd75fc8dc44075a41c35a4/execute/sync - {"script":"<script> [8489 bytes]","args":[{"element-6066-11e4-a52e-4f735466cecf":"f.1DB2A491F1B7C642484AEDF47EA6FD52.d.C21CB73D301C02BC5EB19D45476A13A0.e.8703","ELEMENT":"f.1DB2A491F1B7C642484AEDF47EA6FD52.d.C21CB73D301C02BC5EB19D45476A13A0.e.8703"}]}
RESULT: {"script":"<script> [8489 bytes]","args":[{"element-6066-11e4-a52e-4f735466cecf":"f.1DB2A491F1B7C642484AEDF47EA6FD52.d.C21CB73D301C02BC5EB19D45476A13A0.e.8703","ELEMENT":"f.1DB2A491F1B7C642484AEDF47EA6FD52.d.C21CB73D301C02BC5EB19D45476A13A0.e.8703"}]}
COMMAND: GET /session/0bd35d5034cd75fc8dc44075a41c35a4/screenshot - {}
RESULT: {}
COMMAND: POST /session/0bd35d5034cd75fc8dc44075a41c35a4/execute/sync - {"script":"<script> [8489 bytes]","args":[{"element-6066-11e4-a52e-4f735466cecf":"f.1DB2A491F1B7C642484AEDF47EA6FD52.d.C21CB73D301C02BC5EB19D45476A13A0.e.8703","ELEMENT":"f.1DB2A491F1B7C642484AEDF47EA6FD52.d.C21CB73D301C02BC5EB19D45476A13A0.e.8703"}]}
RESULT: {"script":"<script> [8489 bytes]","args":[{"element-6066-11e4-a52e-4f735466cecf":"f.1DB2A491F1B7C642484AEDF47EA6FD52.d.C21CB73D301C02BC5EB19D45476A13A0.e.8703","ELEMENT":"f.1DB2A491F1B7C642484AEDF47EA6FD52.d.C21CB73D301C02BC5EB19D45476A13A0.e.8703"}]}
COMMAND: GET /session/0bd35d5034cd75fc8dc44075a41c35a4/screenshot - {}
RESULT: {}
COMMAND: POST /session/0bd35d5034cd75fc8dc44075a41c35a4/execute/sync - {"script":"<script> [8489 bytes]","args":[{"element-6066-11e4-a52e-4f735466cecf":"f.1DB2A491F1B7C642484AEDF47EA6FD52.d.C21CB73D301C02BC5EB19D45476A13A0.e.8703","ELEMENT":"f.1DB2A491F1B7C642484AEDF47EA6FD52.d.C21CB73D301C02BC5EB19D45476A13A0.e.8703"}]}
RESULT: {"script":"<script> [8489 bytes]","args":[{"element-6066-11e4-a52e-4f735466cecf":"f.1DB2A491F1B7C642484AEDF47EA6FD52.d.C21CB73D301C02BC5EB19D45476A13A0.e.8703","ELEMENT":"f.1DB2A491F1B7C642484AEDF47EA6FD52.d.C21CB73D301C02BC5EB19D45476A13A0.e.8703"}]}
COMMAND: GET /session/0bd35d5034cd75fc8dc44075a41c35a4/screenshot - {}
RESULT: {}
COMMAND: POST /session/0bd35d5034cd75fc8dc44075a41c35a4/execute/sync - {"script":"<script> [8489 bytes]","args":[{"element-6066-11e4-a52e-4f735466cecf":"f.1DB2A491F1B7C642484AEDF47EA6FD52.d.C21CB73D301C02BC5EB19D45476A13A0.e.8703","ELEMENT":"f.1DB2A491F1B7C642484AEDF47EA6FD52.d.C21CB73D301C02BC5EB19D45476A13A0.e.8703"}]}
RESULT: {"script":"<script> [8489 bytes]","args":[{"element-6066-11e4-a52e-4f735466cecf":"f.1DB2A491F1B7C642484AEDF47EA6FD52.d.C21CB73D301C02BC5EB19D45476A13A0.e.8703","ELEMENT":"f.1DB2A491F1B7C642484AEDF47EA6FD52.d.C21CB73D301C02BC5EB19D45476A13A0.e.8703"}]}
COMMAND: GET /session/0bd35d5034cd75fc8dc44075a41c35a4/screenshot - {}
RESULT: {}
COMMAND: POST /session/0bd35d5034cd75fc8dc44075a41c35a4/execute/sync - {"script":"<script> [8489 bytes]","args":[{"element-6066-11e4-a52e-4f735466cecf":"f.1DB2A491F1B7C642484AEDF47EA6FD52.d.C21CB73D301C02BC5EB19D45476A13A0.e.8703","ELEMENT":"f.1DB2A491F1B7C642484AEDF47EA6FD52.d.C21CB73D301C02BC5EB19D45476A13A0.e.8703"}]}
RESULT: {"script":"<script> [8489 bytes]","args":[{"element-6066-11e4-a52e-4f735466cecf":"f.1DB2A491F1B7C642484AEDF47EA6FD52.d.C21CB73D301C02BC5EB19D45476A13A0.e.8703","ELEMENT":"f.1DB2A491F1B7C642484AEDF47EA6FD52.d.C21CB73D301C02BC5EB19D45476A13A0.e.8703"}]}
COMMAND: GET /session/0bd35d5034cd75fc8dc44075a41c35a4/screenshot - {}
RESULT: {}
COMMAND: POST /session/0bd35d5034cd75fc8dc44075a41c35a4/execute/sync - {"script":"<script> [8489 bytes]","args":[{"element-6066-11e4-a52e-4f735466cecf":"f.1DB2A491F1B7C642484AEDF47EA6FD52.d.C21CB73D301C02BC5EB19D45476A13A0.e.8703","ELEMENT":"f.1DB2A491F1B7C642484AEDF47EA6FD52.d.C21CB73D301C02BC5EB19D45476A13A0.e.8703"}]}
RESULT: {"script":"<script> [8489 bytes]","args":[{"element-6066-11e4-a52e-4f735466cecf":"f.1DB2A491F1B7C642484AEDF47EA6FD52.d.C21CB73D301C02BC5EB19D45476A13A0.e.8703","ELEMENT":"f.1DB2A491F1B7C642484AEDF47EA6FD52.d.C21CB73D301C02BC5EB19D45476A13A0.e.8703"}]}
COMMAND: GET /session/0bd35d5034cd75fc8dc44075a41c35a4/screenshot - {}
RESULT: {}
COMMAND: POST /session/0bd35d5034cd75fc8dc44075a41c35a4/execute/sync - {"script":"<script> [8489 bytes]","args":[{"element-6066-11e4-a52e-4f735466cecf":"f.1DB2A491F1B7C642484AEDF47EA6FD52.d.C21CB73D301C02BC5EB19D45476A13A0.e.8703","ELEMENT":"f.1DB2A491F1B7C642484AEDF47EA6FD52.d.C21CB73D301C02BC5EB19D45476A13A0.e.8703"}]}
RESULT: {"script":"<script> [8489 bytes]","args":[{"element-6066-11e4-a52e-4f735466cecf":"f.1DB2A491F1B7C642484AEDF47EA6FD52.d.C21CB73D301C02BC5EB19D45476A13A0.e.8703","ELEMENT":"f.1DB2A491F1B7C642484AEDF47EA6FD52.d.C21CB73D301C02BC5EB19D45476A13A0.e.8703"}]}
COMMAND: GET /session/0bd35d5034cd75fc8dc44075a41c35a4/screenshot - {}
RESULT: {}
COMMAND: POST /session/0bd35d5034cd75fc8dc44075a41c35a4/execute/sync - {"script":"<script> [8489 bytes]","args":[{"element-6066-11e4-a52e-4f735466cecf":"f.1DB2A491F1B7C642484AEDF47EA6FD52.d.C21CB73D301C02BC5EB19D45476A13A0.e.8703","ELEMENT":"f.1DB2A491F1B7C642484AEDF47EA6FD52.d.C21CB73D301C02BC5EB19D45476A13A0.e.8703"}]}
RESULT: {"script":"<script> [8489 bytes]","args":[{"element-6066-11e4-a52e-4f735466cecf":"f.1DB2A491F1B7C642484AEDF47EA6FD52.d.C21CB73D301C02BC5EB19D45476A13A0.e.8703","ELEMENT":"f.1DB2A491F1B7C642484AEDF47EA6FD52.d.C21CB73D301C02BC5EB19D45476A13A0.e.8703"}]}
COMMAND: GET /session/0bd35d5034cd75fc8dc44075a41c35a4/screenshot - {}
RESULT: {}
COMMAND: POST /session/0bd35d5034cd75fc8dc44075a41c35a4/execute/sync - {"script":"<script> [8489 bytes]","args":[{"element-6066-11e4-a52e-4f735466cecf":"f.1DB2A491F1B7C642484AEDF47EA6FD52.d.C21CB73D301C02BC5EB19D45476A13A0.e.8703","ELEMENT":"f.1DB2A491F1B7C642484AEDF47EA6FD52.d.C21CB73D301C02BC5EB19D45476A13A0.e.8703"}]}
RESULT: {"script":"<script> [8489 bytes]","args":[{"element-6066-11e4-a52e-4f735466cecf":"f.1DB2A491F1B7C642484AEDF47EA6FD52.d.C21CB73D301C02BC5EB19D45476A13A0.e.8703","ELEMENT":"f.1DB2A491F1B7C642484AEDF47EA6FD52.d.C21CB73D301C02BC5EB19D45476A13A0.e.8703"}]}
COMMAND: GET /session/0bd35d5034cd75fc8dc44075a41c35a4/screenshot - {}
RESULT: {}
COMMAND: POST /session/0bd35d5034cd75fc8dc44075a41c35a4/execute/sync - {"script":"<script> [8489 bytes]","args":[{"element-6066-11e4-a52e-4f735466cecf":"f.1DB2A491F1B7C642484AEDF47EA6FD52.d.C21CB73D301C02BC5EB19D45476A13A0.e.8703","ELEMENT":"f.1DB2A491F1B7C642484AEDF47EA6FD52.d.C21CB73D301C02BC5EB19D45476A13A0.e.8703"}]}
RESULT: {"script":"<script> [8489 bytes]","args":[{"element-6066-11e4-a52e-4f735466cecf":"f.1DB2A491F1B7C642484AEDF47EA6FD52.d.C21CB73D301C02BC5EB19D45476A13A0.e.8703","ELEMENT":"f.1DB2A491F1B7C642484AEDF47EA6FD52.d.C21CB73D301C02BC5EB19D45476A13A0.e.8703"}]}
COMMAND: GET /session/0bd35d5034cd75fc8dc44075a41c35a4/screenshot - {}
RESULT: {}
COMMAND: POST /session/0bd35d5034cd75fc8dc44075a41c35a4/execute/sync - {"script":"<script> [8489 bytes]","args":[{"element-6066-11e4-a52e-4f735466cecf":"f.1DB2A491F1B7C642484AEDF47EA6FD52.d.C21CB73D301C02BC5EB19D45476A13A0.e.8703","ELEMENT":"f.1DB2A491F1B7C642484AEDF47EA6FD52.d.C21CB73D301C02BC5EB19D45476A13A0.e.8703"}]}
RESULT: {"script":"<script> [8489 bytes]","args":[{"element-6066-11e4-a52e-4f735466cecf":"f.1DB2A491F1B7C642484AEDF47EA6FD52.d.C21CB73D301C02BC5EB19D45476A13A0.e.8703","ELEMENT":"f.1DB2A491F1B7C642484AEDF47EA6FD52.d.C21CB73D301C02BC5EB19D45476A13A0.e.8703"}]}
COMMAND: GET /session/0bd35d5034cd75fc8dc44075a41c35a4/screenshot - {}
COMMAND: POST /session/0bd35d5034cd75fc8dc44075a41c35a4/execute/sync - {"script":"<script> [8489 bytes]","args":[{"element-6066-11e4-a52e-4f735466cecf":"f.1DB2A491F1B7C642484AEDF47EA6FD52.d.C21CB73D301C02BC5EB19D45476A13A0.e.8703","ELEMENT":"f.1DB2A491F1B7C642484AEDF47EA6FD52.d.C21CB73D301C02BC5EB19D45476A13A0.e.8703"}]}
RESULT: {}
RESULT: {"script":"<script> [8489 bytes]","args":[{"element-6066-11e4-a52e-4f735466cecf":"f.1DB2A491F1B7C642484AEDF47EA6FD52.d.C21CB73D301C02BC5EB19D45476A13A0.e.8703","ELEMENT":"f.1DB2A491F1B7C642484AEDF47EA6FD52.d.C21CB73D301C02BC5EB19D45476A13A0.e.8703"}]}
COMMAND: GET /session/0bd35d5034cd75fc8dc44075a41c35a4/screenshot - {}
COMMAND: POST /session/0bd35d5034cd75fc8dc44075a41c35a4/execute/sync - {"script":"<script> [8489 bytes]","args":[{"element-6066-11e4-a52e-4f735466cecf":"f.1DB2A491F1B7C642484AEDF47EA6FD52.d.C21CB73D301C02BC5EB19D45476A13A0.e.8703","ELEMENT":"f.1DB2A491F1B7C642484AEDF47EA6FD52.d.C21CB73D301C02BC5EB19D45476A13A0.e.8703"}]}
RESULT: {}
RESULT: {"script":"<script> [8489 bytes]","args":[{"element-6066-11e4-a52e-4f735466cecf":"f.1DB2A491F1B7C642484AEDF47EA6FD52.d.C21CB73D301C02BC5EB19D45476A13A0.e.8703","ELEMENT":"f.1DB2A491F1B7C642484AEDF47EA6FD52.d.C21CB73D301C02BC5EB19D45476A13A0.e.8703"}]}
COMMAND: GET /session/0bd35d5034cd75fc8dc44075a41c35a4/screenshot - {}
RESULT: {}
COMMAND: POST /session/0bd35d5034cd75fc8dc44075a41c35a4/execute/sync - {"script":"<script> [8489 bytes]","args":[{"element-6066-11e4-a52e-4f735466cecf":"f.1DB2A491F1B7C642484AEDF47EA6FD52.d.C21CB73D301C02BC5EB19D45476A13A0.e.8703","ELEMENT":"f.1DB2A491F1B7C642484AEDF47EA6FD52.d.C21CB73D301C02BC5EB19D45476A13A0.e.8703"}]}
RESULT: {"script":"<script> [8489 bytes]","args":[{"element-6066-11e4-a52e-4f735466cecf":"f.1DB2A491F1B7C642484AEDF47EA6FD52.d.C21CB73D301C02BC5EB19D45476A13A0.e.8703","ELEMENT":"f.1DB2A491F1B7C642484AEDF47EA6FD52.d.C21CB73D301C02BC5EB19D45476A13A0.e.8703"}]}
COMMAND: GET /session/0bd35d5034cd75fc8dc44075a41c35a4/screenshot - {}
RESULT: {}
COMMAND: POST /session/0bd35d5034cd75fc8dc44075a41c35a4/execute/sync - {"script":"<script> [8489 bytes]","args":[{"element-6066-11e4-a52e-4f735466cecf":"f.1DB2A491F1B7C642484AEDF47EA6FD52.d.C21CB73D301C02BC5EB19D45476A13A0.e.8703","ELEMENT":"f.1DB2A491F1B7C642484AEDF47EA6FD52.d.C21CB73D301C02BC5EB19D45476A13A0.e.8703"}]}
RESULT: {"script":"<script> [8489 bytes]","args":[{"element-6066-11e4-a52e-4f735466cecf":"f.1DB2A491F1B7C642484AEDF47EA6FD52.d.C21CB73D301C02BC5EB19D45476A13A0.e.8703","ELEMENT":"f.1DB2A491F1B7C642484AEDF47EA6FD52.d.C21CB73D301C02BC5EB19D45476A13A0.e.8703"}]}
COMMAND: GET /session/0bd35d5034cd75fc8dc44075a41c35a4/screenshot - {}
RESULT: {}
COMMAND: POST /session/0bd35d5034cd75fc8dc44075a41c35a4/execute/sync - {"script":"<script> [8489 bytes]","args":[{"element-6066-11e4-a52e-4f735466cecf":"f.1DB2A491F1B7C642484AEDF47EA6FD52.d.C21CB73D301C02BC5EB19D45476A13A0.e.8703","ELEMENT":"f.1DB2A491F1B7C642484AEDF47EA6FD52.d.C21CB73D301C02BC5EB19D45476A13A0.e.8703"}]}
RESULT: {"script":"<script> [8489 bytes]","args":[{"element-6066-11e4-a52e-4f735466cecf":"f.1DB2A491F1B7C642484AEDF47EA6FD52.d.C21CB73D301C02BC5EB19D45476A13A0.e.8703","ELEMENT":"f.1DB2A491F1B7C642484AEDF47EA6FD52.d.C21CB73D301C02BC5EB19D45476A13A0.e.8703"}]}
COMMAND: GET /session/0bd35d5034cd75fc8dc44075a41c35a4/screenshot - {}
RESULT: {}
COMMAND: POST /session/0bd35d5034cd75fc8dc44075a41c35a4/execute/sync - {"script":"<script> [8489 bytes]","args":[{"element-6066-11e4-a52e-4f735466cecf":"f.1DB2A491F1B7C642484AEDF47EA6FD52.d.C21CB73D301C02BC5EB19D45476A13A0.e.8703","ELEMENT":"f.1DB2A491F1B7C642484AEDF47EA6FD52.d.C21CB73D301C02BC5EB19D45476A13A0.e.8703"}]}
RESULT: {"script":"<script> [8489 bytes]","args":[{"element-6066-11e4-a52e-4f735466cecf":"f.1DB2A491F1B7C642484AEDF47EA6FD52.d.C21CB73D301C02BC5EB19D45476A13A0.e.8703","ELEMENT":"f.1DB2A491F1B7C642484AEDF47EA6FD52.d.C21CB73D301C02BC5EB19D45476A13A0.e.8703"}]}
COMMAND: GET /session/0bd35d5034cd75fc8dc44075a41c35a4/screenshot - {}
RESULT: {}
COMMAND: POST /session/0bd35d5034cd75fc8dc44075a41c35a4/execute/sync - {"script":"<script> [8489 bytes]","args":[{"element-6066-11e4-a52e-4f735466cecf":"f.1DB2A491F1B7C642484AEDF47EA6FD52.d.C21CB73D301C02BC5EB19D45476A13A0.e.8703","ELEMENT":"f.1DB2A491F1B7C642484AEDF47EA6FD52.d.C21CB73D301C02BC5EB19D45476A13A0.e.8703"}]}
RESULT: {"script":"<script> [8489 bytes]","args":[{"element-6066-11e4-a52e-4f735466cecf":"f.1DB2A491F1B7C642484AEDF47EA6FD52.d.C21CB73D301C02BC5EB19D45476A13A0.e.8703","ELEMENT":"f.1DB2A491F1B7C642484AEDF47EA6FD52.d.C21CB73D301C02BC5EB19D45476A13A0.e.8703"}]}
COMMAND: GET /session/0bd35d5034cd75fc8dc44075a41c35a4/screenshot - {}
RESULT: {}
COMMAND: POST /session/0bd35d5034cd75fc8dc44075a41c35a4/execute/sync - {"script":"<script> [8489 bytes]","args":[{"element-6066-11e4-a52e-4f735466cecf":"f.1DB2A491F1B7C642484AEDF47EA6FD52.d.C21CB73D301C02BC5EB19D45476A13A0.e.8703","ELEMENT":"f.1DB2A491F1B7C642484AEDF47EA6FD52.d.C21CB73D301C02BC5EB19D45476A13A0.e.8703"}]}
RESULT: {"script":"<script> [8489 bytes]","args":[{"element-6066-11e4-a52e-4f735466cecf":"f.1DB2A491F1B7C642484AEDF47EA6FD52.d.C21CB73D301C02BC5EB19D45476A13A0.e.8703","ELEMENT":"f.1DB2A491F1B7C642484AEDF47EA6FD52.d.C21CB73D301C02BC5EB19D45476A13A0.e.8703"}]}
COMMAND: GET /session/0bd35d5034cd75fc8dc44075a41c35a4/screenshot - {}
RESULT: {}
COMMAND: POST /session/0bd35d5034cd75fc8dc44075a41c35a4/execute/sync - {"script":"<script> [8489 bytes]","args":[{"element-6066-11e4-a52e-4f735466cecf":"f.1DB2A491F1B7C642484AEDF47EA6FD52.d.C21CB73D301C02BC5EB19D45476A13A0.e.8703","ELEMENT":"f.1DB2A491F1B7C642484AEDF47EA6FD52.d.C21CB73D301C02BC5EB19D45476A13A0.e.8703"}]}
RESULT: {"script":"<script> [8489 bytes]","args":[{"element-6066-11e4-a52e-4f735466cecf":"f.1DB2A491F1B7C642484AEDF47EA6FD52.d.C21CB73D301C02BC5EB19D45476A13A0.e.8703","ELEMENT":"f.1DB2A491F1B7C642484AEDF47EA6FD52.d.C21CB73D301C02BC5EB19D45476A13A0.e.8703"}]}
COMMAND: GET /session/0bd35d5034cd75fc8dc44075a41c35a4/screenshot - {}
RESULT: {}
COMMAND: POST /session/0bd35d5034cd75fc8dc44075a41c35a4/execute/sync - {"script":"<script> [8489 bytes]","args":[{"element-6066-11e4-a52e-4f735466cecf":"f.1DB2A491F1B7C642484AEDF47EA6FD52.d.C21CB73D301C02BC5EB19D45476A13A0.e.8703","ELEMENT":"f.1DB2A491F1B7C642484AEDF47EA6FD52.d.C21CB73D301C02BC5EB19D45476A13A0.e.8703"}]}
RESULT: {"script":"<script> [8489 bytes]","args":[{"element-6066-11e4-a52e-4f735466cecf":"f.1DB2A491F1B7C642484AEDF47EA6FD52.d.C21CB73D301C02BC5EB19D45476A13A0.e.8703","ELEMENT":"f.1DB2A491F1B7C642484AEDF47EA6FD52.d.C21CB73D301C02BC5EB19D45476A13A0.e.8703"}]}
COMMAND: GET /session/0bd35d5034cd75fc8dc44075a41c35a4/screenshot - {}
RESULT: {}
COMMAND: POST /session/0bd35d5034cd75fc8dc44075a41c35a4/execute/sync - {"script":"<script> [8489 bytes]","args":[{"element-6066-11e4-a52e-4f735466cecf":"f.1DB2A491F1B7C642484AEDF47EA6FD52.d.C21CB73D301C02BC5EB19D45476A13A0.e.8703","ELEMENT":"f.1DB2A491F1B7C642484AEDF47EA6FD52.d.C21CB73D301C02BC5EB19D45476A13A0.e.8703"}]}
RESULT: {"script":"<script> [8489 bytes]","args":[{"element-6066-11e4-a52e-4f735466cecf":"f.1DB2A491F1B7C642484AEDF47EA6FD52.d.C21CB73D301C02BC5EB19D45476A13A0.e.8703","ELEMENT":"f.1DB2A491F1B7C642484AEDF47EA6FD52.d.C21CB73D301C02BC5EB19D45476A13A0.e.8703"}]}
COMMAND: GET /session/0bd35d5034cd75fc8dc44075a41c35a4/screenshot - {}
RESULT: {}
COMMAND: POST /session/0bd35d5034cd75fc8dc44075a41c35a4/execute/sync - {"script":"<script> [8489 bytes]","args":[{"element-6066-11e4-a52e-4f735466cecf":"f.1DB2A491F1B7C642484AEDF47EA6FD52.d.C21CB73D301C02BC5EB19D45476A13A0.e.8703","ELEMENT":"f.1DB2A491F1B7C642484AEDF47EA6FD52.d.C21CB73D301C02BC5EB19D45476A13A0.e.8703"}]}
RESULT: {"script":"<script> [8489 bytes]","args":[{"element-6066-11e4-a52e-4f735466cecf":"f.1DB2A491F1B7C642484AEDF47EA6FD52.d.C21CB73D301C02BC5EB19D45476A13A0.e.8703","ELEMENT":"f.1DB2A491F1B7C642484AEDF47EA6FD52.d.C21CB73D301C02BC5EB19D45476A13A0.e.8703"}]}
COMMAND: GET /session/0bd35d5034cd75fc8dc44075a41c35a4/screenshot - {}
RESULT: {}
COMMAND: POST /session/0bd35d5034cd75fc8dc44075a41c35a4/execute/sync - {"script":"<script> [8489 bytes]","args":[{"element-6066-11e4-a52e-4f735466cecf":"f.1DB2A491F1B7C642484AEDF47EA6FD52.d.C21CB73D301C02BC5EB19D45476A13A0.e.8703","ELEMENT":"f.1DB2A491F1B7C642484AEDF47EA6FD52.d.C21CB73D301C02BC5EB19D45476A13A0.e.8703"}]}
RESULT: {"script":"<script> [8489 bytes]","args":[{"element-6066-11e4-a52e-4f735466cecf":"f.1DB2A491F1B7C642484AEDF47EA6FD52.d.C21CB73D301C02BC5EB19D45476A13A0.e.8703","ELEMENT":"f.1DB2A491F1B7C642484AEDF47EA6FD52.d.C21CB73D301C02BC5EB19D45476A13A0.e.8703"}]}
COMMAND: GET /session/0bd35d5034cd75fc8dc44075a41c35a4/screenshot - {}
RESULT: {}
COMMAND: POST /session/0bd35d5034cd75fc8dc44075a41c35a4/execute/sync - {"script":"<script> [8489 bytes]","args":[{"element-6066-11e4-a52e-4f735466cecf":"f.1DB2A491F1B7C642484AEDF47EA6FD52.d.C21CB73D301C02BC5EB19D45476A13A0.e.8703","ELEMENT":"f.1DB2A491F1B7C642484AEDF47EA6FD52.d.C21CB73D301C02BC5EB19D45476A13A0.e.8703"}]}
RESULT: {"script":"<script> [8489 bytes]","args":[{"element-6066-11e4-a52e-4f735466cecf":"f.1DB2A491F1B7C642484AEDF47EA6FD52.d.C21CB73D301C02BC5EB19D45476A13A0.e.8703","ELEMENT":"f.1DB2A491F1B7C642484AEDF47EA6FD52.d.C21CB73D301C02BC5EB19D45476A13A0.e.8703"}]}
COMMAND: GET /session/0bd35d5034cd75fc8dc44075a41c35a4/screenshot - {}
RESULT: {}
COMMAND: POST /session/0bd35d5034cd75fc8dc44075a41c35a4/execute/sync - {"script":"<script> [8489 bytes]","args":[{"element-6066-11e4-a52e-4f735466cecf":"f.1DB2A491F1B7C642484AEDF47EA6FD52.d.C21CB73D301C02BC5EB19D45476A13A0.e.8703","ELEMENT":"f.1DB2A491F1B7C642484AEDF47EA6FD52.d.C21CB73D301C02BC5EB19D45476A13A0.e.8703"}]}
RESULT: {"script":"<script> [8489 bytes]","args":[{"element-6066-11e4-a52e-4f735466cecf":"f.1DB2A491F1B7C642484AEDF47EA6FD52.d.C21CB73D301C02BC5EB19D45476A13A0.e.8703","ELEMENT":"f.1DB2A491F1B7C642484AEDF47EA6FD52.d.C21CB73D301C02BC5EB19D45476A13A0.e.8703"}]}
COMMAND: GET /session/0bd35d5034cd75fc8dc44075a41c35a4/screenshot - {}
RESULT: {}
COMMAND: POST /session/0bd35d5034cd75fc8dc44075a41c35a4/execute/sync - {"script":"<script> [8489 bytes]","args":[{"element-6066-11e4-a52e-4f735466cecf":"f.1DB2A491F1B7C642484AEDF47EA6FD52.d.C21CB73D301C02BC5EB19D45476A13A0.e.8703","ELEMENT":"f.1DB2A491F1B7C642484AEDF47EA6FD52.d.C21CB73D301C02BC5EB19D45476A13A0.e.8703"}]}
RESULT: {"script":"<script> [8489 bytes]","args":[{"element-6066-11e4-a52e-4f735466cecf":"f.1DB2A491F1B7C642484AEDF47EA6FD52.d.C21CB73D301C02BC5EB19D45476A13A0.e.8703","ELEMENT":"f.1DB2A491F1B7C642484AEDF47EA6FD52.d.C21CB73D301C02BC5EB19D45476A13A0.e.8703"}]}
COMMAND: GET /session/0bd35d5034cd75fc8dc44075a41c35a4/screenshot - {}
RESULT: {}
COMMAND: POST /session/0bd35d5034cd75fc8dc44075a41c35a4/execute/sync - {"script":"<script> [8489 bytes]","args":[{"element-6066-11e4-a52e-4f735466cecf":"f.1DB2A491F1B7C642484AEDF47EA6FD52.d.C21CB73D301C02BC5EB19D45476A13A0.e.8703","ELEMENT":"f.1DB2A491F1B7C642484AEDF47EA6FD52.d.C21CB73D301C02BC5EB19D45476A13A0.e.8703"}]}
RESULT: {"script":"<script> [8489 bytes]","args":[{"element-6066-11e4-a52e-4f735466cecf":"f.1DB2A491F1B7C642484AEDF47EA6FD52.d.C21CB73D301C02BC5EB19D45476A13A0.e.8703","ELEMENT":"f.1DB2A491F1B7C642484AEDF47EA6FD52.d.C21CB73D301C02BC5EB19D45476A13A0.e.8703"}]}
COMMAND: GET /session/0bd35d5034cd75fc8dc44075a41c35a4/screenshot - {}
RESULT: {}
COMMAND: POST /session/0bd35d5034cd75fc8dc44075a41c35a4/execute/sync - {"script":"<script> [8489 bytes]","args":[{"element-6066-11e4-a52e-4f735466cecf":"f.1DB2A491F1B7C642484AEDF47EA6FD52.d.C21CB73D301C02BC5EB19D45476A13A0.e.8703","ELEMENT":"f.1DB2A491F1B7C642484AEDF47EA6FD52.d.C21CB73D301C02BC5EB19D45476A13A0.e.8703"}]}
RESULT: {"script":"<script> [8489 bytes]","args":[{"element-6066-11e4-a52e-4f735466cecf":"f.1DB2A491F1B7C642484AEDF47EA6FD52.d.C21CB73D301C02BC5EB19D45476A13A0.e.8703","ELEMENT":"f.1DB2A491F1B7C642484AEDF47EA6FD52.d.C21CB73D301C02BC5EB19D45476A13A0.e.8703"}]}
COMMAND: GET /session/0bd35d5034cd75fc8dc44075a41c35a4/screenshot - {}
RESULT: {}
COMMAND: POST /session/0bd35d5034cd75fc8dc44075a41c35a4/execute/sync - {"script":"<script> [8489 bytes]","args":[{"element-6066-11e4-a52e-4f735466cecf":"f.1DB2A491F1B7C642484AEDF47EA6FD52.d.C21CB73D301C02BC5EB19D45476A13A0.e.8703","ELEMENT":"f.1DB2A491F1B7C642484AEDF47EA6FD52.d.C21CB73D301C02BC5EB19D45476A13A0.e.8703"}]}
RESULT: {"script":"<script> [8489 bytes]","args":[{"element-6066-11e4-a52e-4f735466cecf":"f.1DB2A491F1B7C642484AEDF47EA6FD52.d.C21CB73D301C02BC5EB19D45476A13A0.e.8703","ELEMENT":"f.1DB2A491F1B7C642484AEDF47EA6FD52.d.C21CB73D301C02BC5EB19D45476A13A0.e.8703"}]}
COMMAND: GET /session/0bd35d5034cd75fc8dc44075a41c35a4/screenshot - {}
RESULT: {}
COMMAND: POST /session/0bd35d5034cd75fc8dc44075a41c35a4/execute/sync - {"script":"<script> [8489 bytes]","args":[{"element-6066-11e4-a52e-4f735466cecf":"f.1DB2A491F1B7C642484AEDF47EA6FD52.d.C21CB73D301C02BC5EB19D45476A13A0.e.8703","ELEMENT":"f.1DB2A491F1B7C642484AEDF47EA6FD52.d.C21CB73D301C02BC5EB19D45476A13A0.e.8703"}]}
RESULT: {"script":"<script> [8489 bytes]","args":[{"element-6066-11e4-a52e-4f735466cecf":"f.1DB2A491F1B7C642484AEDF47EA6FD52.d.C21CB73D301C02BC5EB19D45476A13A0.e.8703","ELEMENT":"f.1DB2A491F1B7C642484AEDF47EA6FD52.d.C21CB73D301C02BC5EB19D45476A13A0.e.8703"}]}
COMMAND: GET /session/0bd35d5034cd75fc8dc44075a41c35a4/screenshot - {}
RESULT: {}
COMMAND: POST /session/0bd35d5034cd75fc8dc44075a41c35a4/execute/sync - {"script":"<script> [8489 bytes]","args":[{"element-6066-11e4-a52e-4f735466cecf":"f.1DB2A491F1B7C642484AEDF47EA6FD52.d.C21CB73D301C02BC5EB19D45476A13A0.e.8703","ELEMENT":"f.1DB2A491F1B7C642484AEDF47EA6FD52.d.C21CB73D301C02BC5EB19D45476A13A0.e.8703"}]}
RESULT: {"script":"<script> [8489 bytes]","args":[{"element-6066-11e4-a52e-4f735466cecf":"f.1DB2A491F1B7C642484AEDF47EA6FD52.d.C21CB73D301C02BC5EB19D45476A13A0.e.8703","ELEMENT":"f.1DB2A491F1B7C642484AEDF47EA6FD52.d.C21CB73D301C02BC5EB19D45476A13A0.e.8703"}]}
COMMAND: GET /session/0bd35d5034cd75fc8dc44075a41c35a4/screenshot - {}
RESULT: {}
COMMAND: POST /session/0bd35d5034cd75fc8dc44075a41c35a4/execute/sync - {"script":"<script> [8489 bytes]","args":[{"element-6066-11e4-a52e-4f735466cecf":"f.1DB2A491F1B7C642484AEDF47EA6FD52.d.C21CB73D301C02BC5EB19D45476A13A0.e.8703","ELEMENT":"f.1DB2A491F1B7C642484AEDF47EA6FD52.d.C21CB73D301C02BC5EB19D45476A13A0.e.8703"}]}
RESULT: {"script":"<script> [8489 bytes]","args":[{"element-6066-11e4-a52e-4f735466cecf":"f.1DB2A491F1B7C642484AEDF47EA6FD52.d.C21CB73D301C02BC5EB19D45476A13A0.e.8703","ELEMENT":"f.1DB2A491F1B7C642484AEDF47EA6FD52.d.C21CB73D301C02BC5EB19D45476A13A0.e.8703"}]}
COMMAND: GET /session/0bd35d5034cd75fc8dc44075a41c35a4/screenshot - {}
RESULT: {}
COMMAND: POST /session/0bd35d5034cd75fc8dc44075a41c35a4/execute/sync - {"script":"<script> [8489 bytes]","args":[{"element-6066-11e4-a52e-4f735466cecf":"f.1DB2A491F1B7C642484AEDF47EA6FD52.d.C21CB73D301C02BC5EB19D45476A13A0.e.8703","ELEMENT":"f.1DB2A491F1B7C642484AEDF47EA6FD52.d.C21CB73D301C02BC5EB19D45476A13A0.e.8703"}]}
RESULT: {"script":"<script> [8489 bytes]","args":[{"element-6066-11e4-a52e-4f735466cecf":"f.1DB2A491F1B7C642484AEDF47EA6FD52.d.C21CB73D301C02BC5EB19D45476A13A0.e.8703","ELEMENT":"f.1DB2A491F1B7C642484AEDF47EA6FD52.d.C21CB73D301C02BC5EB19D45476A13A0.e.8703"}]}
COMMAND: GET /session/0bd35d5034cd75fc8dc44075a41c35a4/screenshot - {}
RESULT: {}
COMMAND: POST /session/0bd35d5034cd75fc8dc44075a41c35a4/execute/sync - {"script":"<script> [8489 bytes]","args":[{"element-6066-11e4-a52e-4f735466cecf":"f.1DB2A491F1B7C642484AEDF47EA6FD52.d.C21CB73D301C02BC5EB19D45476A13A0.e.8703","ELEMENT":"f.1DB2A491F1B7C642484AEDF47EA6FD52.d.C21CB73D301C02BC5EB19D45476A13A0.e.8703"}]}
RESULT: {"script":"<script> [8489 bytes]","args":[{"element-6066-11e4-a52e-4f735466cecf":"f.1DB2A491F1B7C642484AEDF47EA6FD52.d.C21CB73D301C02BC5EB19D45476A13A0.e.8703","ELEMENT":"f.1DB2A491F1B7C642484AEDF47EA6FD52.d.C21CB73D301C02BC5EB19D45476A13A0.e.8703"}]}
COMMAND: GET /session/0bd35d5034cd75fc8dc44075a41c35a4/screenshot - {}
RESULT: {}
COMMAND: POST /session/0bd35d5034cd75fc8dc44075a41c35a4/execute/sync - {"script":"<script> [8489 bytes]","args":[{"element-6066-11e4-a52e-4f735466cecf":"f.1DB2A491F1B7C642484AEDF47EA6FD52.d.C21CB73D301C02BC5EB19D45476A13A0.e.8703","ELEMENT":"f.1DB2A491F1B7C642484AEDF47EA6FD52.d.C21CB73D301C02BC5EB19D45476A13A0.e.8703"}]}
RESULT: {"script":"<script> [8489 bytes]","args":[{"element-6066-11e4-a52e-4f735466cecf":"f.1DB2A491F1B7C642484AEDF47EA6FD52.d.C21CB73D301C02BC5EB19D45476A13A0.e.8703","ELEMENT":"f.1DB2A491F1B7C642484AEDF47EA6FD52.d.C21CB73D301C02BC5EB19D45476A13A0.e.8703"}]}
COMMAND: GET /session/0bd35d5034cd75fc8dc44075a41c35a4/screenshot - {}
RESULT: {}
COMMAND: POST /session/0bd35d5034cd75fc8dc44075a41c35a4/execute/sync - {"script":"<script> [8489 bytes]","args":[{"element-6066-11e4-a52e-4f735466cecf":"f.1DB2A491F1B7C642484AEDF47EA6FD52.d.C21CB73D301C02BC5EB19D45476A13A0.e.8703","ELEMENT":"f.1DB2A491F1B7C642484AEDF47EA6FD52.d.C21CB73D301C02BC5EB19D45476A13A0.e.8703"}]}
RESULT: {"script":"<script> [8489 bytes]","args":[{"element-6066-11e4-a52e-4f735466cecf":"f.1DB2A491F1B7C642484AEDF47EA6FD52.d.C21CB73D301C02BC5EB19D45476A13A0.e.8703","ELEMENT":"f.1DB2A491F1B7C642484AEDF47EA6FD52.d.C21CB73D301C02BC5EB19D45476A13A0.e.8703"}]}
COMMAND: GET /session/0bd35d5034cd75fc8dc44075a41c35a4/screenshot - {}
RESULT: {}
COMMAND: POST /session/0bd35d5034cd75fc8dc44075a41c35a4/execute/sync - {"script":"<script> [8489 bytes]","args":[{"element-6066-11e4-a52e-4f735466cecf":"f.1DB2A491F1B7C642484AEDF47EA6FD52.d.C21CB73D301C02BC5EB19D45476A13A0.e.8703","ELEMENT":"f.1DB2A491F1B7C642484AEDF47EA6FD52.d.C21CB73D301C02BC5EB19D45476A13A0.e.8703"}]}
RESULT: {"script":"<script> [8489 bytes]","args":[{"element-6066-11e4-a52e-4f735466cecf":"f.1DB2A491F1B7C642484AEDF47EA6FD52.d.C21CB73D301C02BC5EB19D45476A13A0.e.8703","ELEMENT":"f.1DB2A491F1B7C642484AEDF47EA6FD52.d.C21CB73D301C02BC5EB19D45476A13A0.e.8703"}]}
COMMAND: GET /session/0bd35d5034cd75fc8dc44075a41c35a4/screenshot - {}
COMMAND: POST /session/0bd35d5034cd75fc8dc44075a41c35a4/execute/sync - {"script":"<script> [8489 bytes]","args":[{"element-6066-11e4-a52e-4f735466cecf":"f.1DB2A491F1B7C642484AEDF47EA6FD52.d.C21CB73D301C02BC5EB19D45476A13A0.e.8703","ELEMENT":"f.1DB2A491F1B7C642484AEDF47EA6FD52.d.C21CB73D301C02BC5EB19D45476A13A0.e.8703"}]}
RESULT: {}
RESULT: {"script":"<script> [8489 bytes]","args":[{"element-6066-11e4-a52e-4f735466cecf":"f.1DB2A491F1B7C642484AEDF47EA6FD52.d.C21CB73D301C02BC5EB19D45476A13A0.e.8703","ELEMENT":"f.1DB2A491F1B7C642484AEDF47EA6FD52.d.C21CB73D301C02BC5EB19D45476A13A0.e.8703"}]}
COMMAND: GET /session/0bd35d5034cd75fc8dc44075a41c35a4/screenshot - {}
COMMAND: POST /session/0bd35d5034cd75fc8dc44075a41c35a4/execute/sync - {"script":"<script> [8489 bytes]","args":[{"element-6066-11e4-a52e-4f735466cecf":"f.1DB2A491F1B7C642484AEDF47EA6FD52.d.C21CB73D301C02BC5EB19D45476A13A0.e.8703","ELEMENT":"f.1DB2A491F1B7C642484AEDF47EA6FD52.d.C21CB73D301C02BC5EB19D45476A13A0.e.8703"}]}
RESULT: {}
RESULT: {"script":"<script> [8489 bytes]","args":[{"element-6066-11e4-a52e-4f735466cecf":"f.1DB2A491F1B7C642484AEDF47EA6FD52.d.C21CB73D301C02BC5EB19D45476A13A0.e.8703","ELEMENT":"f.1DB2A491F1B7C642484AEDF47EA6FD52.d.C21CB73D301C02BC5EB19D45476A13A0.e.8703"}]}
COMMAND: GET /session/0bd35d5034cd75fc8dc44075a41c35a4/screenshot - {}
RESULT: {}
COMMAND: POST /session/0bd35d5034cd75fc8dc44075a41c35a4/execute/sync - {"script":"<script> [8489 bytes]","args":[{"element-6066-11e4-a52e-4f735466cecf":"f.1DB2A491F1B7C642484AEDF47EA6FD52.d.C21CB73D301C02BC5EB19D45476A13A0.e.8703","ELEMENT":"f.1DB2A491F1B7C642484AEDF47EA6FD52.d.C21CB73D301C02BC5EB19D45476A13A0.e.8703"}]}
RESULT: {"script":"<script> [8489 bytes]","args":[{"element-6066-11e4-a52e-4f735466cecf":"f.1DB2A491F1B7C642484AEDF47EA6FD52.d.C21CB73D301C02BC5EB19D45476A13A0.e.8703","ELEMENT":"f.1DB2A491F1B7C642484AEDF47EA6FD52.d.C21CB73D301C02BC5EB19D45476A13A0.e.8703"}]}
COMMAND: GET /session/0bd35d5034cd75fc8dc44075a41c35a4/screenshot - {}
RESULT: {}
COMMAND: POST /session/0bd35d5034cd75fc8dc44075a41c35a4/execute/sync - {"script":"<script> [8489 bytes]","args":[{"element-6066-11e4-a52e-4f735466cecf":"f.1DB2A491F1B7C642484AEDF47EA6FD52.d.C21CB73D301C02BC5EB19D45476A13A0.e.8703","ELEMENT":"f.1DB2A491F1B7C642484AEDF47EA6FD52.d.C21CB73D301C02BC5EB19D45476A13A0.e.8703"}]}
RESULT: {"script":"<script> [8489 bytes]","args":[{"element-6066-11e4-a52e-4f735466cecf":"f.1DB2A491F1B7C642484AEDF47EA6FD52.d.C21CB73D301C02BC5EB19D45476A13A0.e.8703","ELEMENT":"f.1DB2A491F1B7C642484AEDF47EA6FD52.d.C21CB73D301C02BC5EB19D45476A13A0.e.8703"}]}
COMMAND: GET /session/0bd35d5034cd75fc8dc44075a41c35a4/screenshot - {}
RESULT: {}
COMMAND: POST /session/0bd35d5034cd75fc8dc44075a41c35a4/execute/sync - {"script":"<script> [8489 bytes]","args":[{"element-6066-11e4-a52e-4f735466cecf":"f.1DB2A491F1B7C642484AEDF47EA6FD52.d.C21CB73D301C02BC5EB19D45476A13A0.e.8703","ELEMENT":"f.1DB2A491F1B7C642484AEDF47EA6FD52.d.C21CB73D301C02BC5EB19D45476A13A0.e.8703"}]}
RESULT: {"script":"<script> [8489 bytes]","args":[{"element-6066-11e4-a52e-4f735466cecf":"f.1DB2A491F1B7C642484AEDF47EA6FD52.d.C21CB73D301C02BC5EB19D45476A13A0.e.8703","ELEMENT":"f.1DB2A491F1B7C642484AEDF47EA6FD52.d.C21CB73D301C02BC5EB19D45476A13A0.e.8703"}]}
COMMAND: GET /session/0bd35d5034cd75fc8dc44075a41c35a4/screenshot - {}
RESULT: {}
COMMAND: POST /session/0bd35d5034cd75fc8dc44075a41c35a4/execute/sync - {"script":"<script> [8489 bytes]","args":[{"element-6066-11e4-a52e-4f735466cecf":"f.1DB2A491F1B7C642484AEDF47EA6FD52.d.C21CB73D301C02BC5EB19D45476A13A0.e.8703","ELEMENT":"f.1DB2A491F1B7C642484AEDF47EA6FD52.d.C21CB73D301C02BC5EB19D45476A13A0.e.8703"}]}
RESULT: {"script":"<script> [8489 bytes]","args":[{"element-6066-11e4-a52e-4f735466cecf":"f.1DB2A491F1B7C642484AEDF47EA6FD52.d.C21CB73D301C02BC5EB19D45476A13A0.e.8703","ELEMENT":"f.1DB2A491F1B7C642484AEDF47EA6FD52.d.C21CB73D301C02BC5EB19D45476A13A0.e.8703"}]}
COMMAND: GET /session/0bd35d5034cd75fc8dc44075a41c35a4/screenshot - {}
RESULT: {}
COMMAND: POST /session/0bd35d5034cd75fc8dc44075a41c35a4/execute/sync - {"script":"<script> [8489 bytes]","args":[{"element-6066-11e4-a52e-4f735466cecf":"f.1DB2A491F1B7C642484AEDF47EA6FD52.d.C21CB73D301C02BC5EB19D45476A13A0.e.8703","ELEMENT":"f.1DB2A491F1B7C642484AEDF47EA6FD52.d.C21CB73D301C02BC5EB19D45476A13A0.e.8703"}]}
RESULT: {"script":"<script> [8489 bytes]","args":[{"element-6066-11e4-a52e-4f735466cecf":"f.1DB2A491F1B7C642484AEDF47EA6FD52.d.C21CB73D301C02BC5EB19D45476A13A0.e.8703","ELEMENT":"f.1DB2A491F1B7C642484AEDF47EA6FD52.d.C21CB73D301C02BC5EB19D45476A13A0.e.8703"}]}
COMMAND: GET /session/0bd35d5034cd75fc8dc44075a41c35a4/screenshot - {}
RESULT: {}
COMMAND: POST /session/0bd35d5034cd75fc8dc44075a41c35a4/execute/sync - {"script":"<script> [8489 bytes]","args":[{"element-6066-11e4-a52e-4f735466cecf":"f.1DB2A491F1B7C642484AEDF47EA6FD52.d.C21CB73D301C02BC5EB19D45476A13A0.e.8703","ELEMENT":"f.1DB2A491F1B7C642484AEDF47EA6FD52.d.C21CB73D301C02BC5EB19D45476A13A0.e.8703"}]}
RESULT: {"script":"<script> [8489 bytes]","args":[{"element-6066-11e4-a52e-4f735466cecf":"f.1DB2A491F1B7C642484AEDF47EA6FD52.d.C21CB73D301C02BC5EB19D45476A13A0.e.8703","ELEMENT":"f.1DB2A491F1B7C642484AEDF47EA6FD52.d.C21CB73D301C02BC5EB19D45476A13A0.e.8703"}]}
COMMAND: GET /session/0bd35d5034cd75fc8dc44075a41c35a4/screenshot - {}
RESULT: {}
COMMAND: POST /session/0bd35d5034cd75fc8dc44075a41c35a4/execute/sync - {"script":"<script> [8489 bytes]","args":[{"element-6066-11e4-a52e-4f735466cecf":"f.1DB2A491F1B7C642484AEDF47EA6FD52.d.C21CB73D301C02BC5EB19D45476A13A0.e.8703","ELEMENT":"f.1DB2A491F1B7C642484AEDF47EA6FD52.d.C21CB73D301C02BC5EB19D45476A13A0.e.8703"}]}
RESULT: {"script":"<script> [8489 bytes]","args":[{"element-6066-11e4-a52e-4f735466cecf":"f.1DB2A491F1B7C642484AEDF47EA6FD52.d.C21CB73D301C02BC5EB19D45476A13A0.e.8703","ELEMENT":"f.1DB2A491F1B7C642484AEDF47EA6FD52.d.C21CB73D301C02BC5EB19D45476A13A0.e.8703"}]}
COMMAND: GET /session/0bd35d5034cd75fc8dc44075a41c35a4/screenshot - {}
RESULT: {}
COMMAND: POST /session/0bd35d5034cd75fc8dc44075a41c35a4/execute/sync - {"script":"<script> [8489 bytes]","args":[{"element-6066-11e4-a52e-4f735466cecf":"f.1DB2A491F1B7C642484AEDF47EA6FD52.d.C21CB73D301C02BC5EB19D45476A13A0.e.8703","ELEMENT":"f.1DB2A491F1B7C642484AEDF47EA6FD52.d.C21CB73D301C02BC5EB19D45476A13A0.e.8703"}]}
RESULT: {"script":"<script> [8489 bytes]","args":[{"element-6066-11e4-a52e-4f735466cecf":"f.1DB2A491F1B7C642484AEDF47EA6FD52.d.C21CB73D301C02BC5EB19D45476A13A0.e.8703","ELEMENT":"f.1DB2A491F1B7C642484AEDF47EA6FD52.d.C21CB73D301C02BC5EB19D45476A13A0.e.8703"}]}
COMMAND: GET /session/0bd35d5034cd75fc8dc44075a41c35a4/screenshot - {}
RESULT: {}
COMMAND: POST /session/0bd35d5034cd75fc8dc44075a41c35a4/execute/sync - {"script":"<script> [8489 bytes]","args":[{"element-6066-11e4-a52e-4f735466cecf":"f.1DB2A491F1B7C642484AEDF47EA6FD52.d.C21CB73D301C02BC5EB19D45476A13A0.e.8703","ELEMENT":"f.1DB2A491F1B7C642484AEDF47EA6FD52.d.C21CB73D301C02BC5EB19D45476A13A0.e.8703"}]}
RESULT: {"script":"<script> [8489 bytes]","args":[{"element-6066-11e4-a52e-4f735466cecf":"f.1DB2A491F1B7C642484AEDF47EA6FD52.d.C21CB73D301C02BC5EB19D45476A13A0.e.8703","ELEMENT":"f.1DB2A491F1B7C642484AEDF47EA6FD52.d.C21CB73D301C02BC5EB19D45476A13A0.e.8703"}]}
COMMAND: GET /session/0bd35d5034cd75fc8dc44075a41c35a4/screenshot - {}
RESULT: {}
COMMAND: POST /session/0bd35d5034cd75fc8dc44075a41c35a4/execute/sync - {"script":"<script> [8489 bytes]","args":[{"element-6066-11e4-a52e-4f735466cecf":"f.1DB2A491F1B7C642484AEDF47EA6FD52.d.C21CB73D301C02BC5EB19D45476A13A0.e.8703","ELEMENT":"f.1DB2A491F1B7C642484AEDF47EA6FD52.d.C21CB73D301C02BC5EB19D45476A13A0.e.8703"}]}
RESULT: {"script":"<script> [8489 bytes]","args":[{"element-6066-11e4-a52e-4f735466cecf":"f.1DB2A491F1B7C642484AEDF47EA6FD52.d.C21CB73D301C02BC5EB19D45476A13A0.e.8703","ELEMENT":"f.1DB2A491F1B7C642484AEDF47EA6FD52.d.C21CB73D301C02BC5EB19D45476A13A0.e.8703"}]}
COMMAND: GET /session/0bd35d5034cd75fc8dc44075a41c35a4/screenshot - {}
RESULT: {}
COMMAND: POST /session/0bd35d5034cd75fc8dc44075a41c35a4/execute/sync - {"script":"<script> [8489 bytes]","args":[{"element-6066-11e4-a52e-4f735466cecf":"f.1DB2A491F1B7C642484AEDF47EA6FD52.d.C21CB73D301C02BC5EB19D45476A13A0.e.8703","ELEMENT":"f.1DB2A491F1B7C642484AEDF47EA6FD52.d.C21CB73D301C02BC5EB19D45476A13A0.e.8703"}]}
RESULT: {"script":"<script> [8489 bytes]","args":[{"element-6066-11e4-a52e-4f735466cecf":"f.1DB2A491F1B7C642484AEDF47EA6FD52.d.C21CB73D301C02BC5EB19D45476A13A0.e.8703","ELEMENT":"f.1DB2A491F1B7C642484AEDF47EA6FD52.d.C21CB73D301C02BC5EB19D45476A13A0.e.8703"}]}
COMMAND: GET /session/0bd35d5034cd75fc8dc44075a41c35a4/screenshot - {}
RESULT: {}
COMMAND: POST /session/0bd35d5034cd75fc8dc44075a41c35a4/execute/async - {"script":"<script> [1562 bytes]","args":[{"selector":{"id":"administrationTabFilter","viewName":"etm.portal.ui.managehandovers.view.DetailExecuteHO","interaction":{"idSuffix":"text"}},"wdio_ui5_key":"administrationTabFilteretmportal.ui.managehandovers.view.DetailExecuteHO"}]}
RESULT: {"script":"<script> [1562 bytes]","args":[{"selector":{"id":"administrationTabFilter","viewName":"etm.portal.ui.managehandovers.view.DetailExecuteHO","interaction":{"idSuffix":"text"}},"wdio_ui5_key":"administrationTabFilteretmportal.ui.managehandovers.view.DetailExecuteHO"}]}
RESULT: undefined
COMMAND: POST /session/0bd35d5034cd75fc8dc44075a41c35a4/element - {"using":"xpath","value":"//*[@id=\"__xmlview59--administrationTabFilter\"]"}
RESULT: {"using":"xpath","value":"//*[@id=\"__xmlview59--administrationTabFilter\"]"}
COMMAND: POST /session/0bd35d5034cd75fc8dc44075a41c35a4/element/f.1DB2A491F1B7C642484AEDF47EA6FD52.d.C21CB73D301C02BC5EB19D45476A13A0.e.8751/click - {}
RESULT: {}
RESULT: undefined
COMMAND: POST /session/0bd35d5034cd75fc8dc44075a41c35a4/element - {"using":"xpath","value":"//*[@id=\"__xmlview59--administrationTabFilter\"]"}
COMMAND: GET /session/0bd35d5034cd75fc8dc44075a41c35a4/screenshot - {}
RESULT: {"using":"xpath","value":"//*[@id=\"__xmlview59--administrationTabFilter\"]"}
COMMAND: POST /session/0bd35d5034cd75fc8dc44075a41c35a4/element/f.1DB2A491F1B7C642484AEDF47EA6FD52.d.C21CB73D301C02BC5EB19D45476A13A0.e.8751/click - {}
RESULT: {}
RESULT: {}
COMMAND: GET /session/0bd35d5034cd75fc8dc44075a41c35a4/screenshot - {}
RESULT: {}
COMMAND: POST /session/0bd35d5034cd75fc8dc44075a41c35a4/element - {"using":"xpath","value":"//bdi[(text() = 'Confirm' or . = 'Confirm')]"}
RESULT: {"using":"xpath","value":"//bdi[(text() = 'Confirm' or . = 'Confirm')]"}
COMMAND: POST /session/0bd35d5034cd75fc8dc44075a41c35a4/element/f.1DB2A491F1B7C642484AEDF47EA6FD52.d.C21CB73D301C02BC5EB19D45476A13A0.e.8759/click - {}
RESULT: {}
COMMAND: GET /session/0bd35d5034cd75fc8dc44075a41c35a4/screenshot - {}
RESULT: {}
COMMAND: POST /session/0bd35d5034cd75fc8dc44075a41c35a4/execute/async - {"script":"<script> [1562 bytes]","args":[{"selector":{"id":"confirmationButton","viewName":"etm.portal.ui.managehandovers.view.DetailExecuteHO","interaction":{"idSuffix":"BDI-content"}},"wdio_ui5_key":"confirmationButtonetmportal.ui.managehandovers.view.DetailExecuteHO"}]}
RESULT: {"script":"<script> [1562 bytes]","args":[{"selector":{"id":"confirmationButton","viewName":"etm.portal.ui.managehandovers.view.DetailExecuteHO","interaction":{"idSuffix":"BDI-content"}},"wdio_ui5_key":"confirmationButtonetmportal.ui.managehandovers.view.DetailExecuteHO"}]}
RESULT: undefined
COMMAND: POST /session/0bd35d5034cd75fc8dc44075a41c35a4/element - {"using":"xpath","value":"(//bdi[text()='Receive'])[2]"}
RESULT: {"using":"xpath","value":"(//bdi[text()='Receive'])[2]"}
COMMAND: GET /session/0bd35d5034cd75fc8dc44075a41c35a4/element/f.1DB2A491F1B7C642484AEDF47EA6FD52.d.C21CB73D301C02BC5EB19D45476A13A0.e.8763/enabled - {}
RESULT: {}
COMMAND: POST /session/0bd35d5034cd75fc8dc44075a41c35a4/execute/sync - {"script":"<script> [8489 bytes]","args":[{"element-6066-11e4-a52e-4f735466cecf":"f.1DB2A491F1B7C642484AEDF47EA6FD52.d.C21CB73D301C02BC5EB19D45476A13A0.e.8763","ELEMENT":"f.1DB2A491F1B7C642484AEDF47EA6FD52.d.C21CB73D301C02BC5EB19D45476A13A0.e.8763"}]}
COMMAND: GET /session/0bd35d5034cd75fc8dc44075a41c35a4/screenshot - {}
RESULT: {"script":"<script> [8489 bytes]","args":[{"element-6066-11e4-a52e-4f735466cecf":"f.1DB2A491F1B7C642484AEDF47EA6FD52.d.C21CB73D301C02BC5EB19D45476A13A0.e.8763","ELEMENT":"f.1DB2A491F1B7C642484AEDF47EA6FD52.d.C21CB73D301C02BC5EB19D45476A13A0.e.8763"}]}
COMMAND: POST /session/0bd35d5034cd75fc8dc44075a41c35a4/execute/sync - {"script":"<script> [5351 bytes]","args":[{"element-6066-11e4-a52e-4f735466cecf":"f.1DB2A491F1B7C642484AEDF47EA6FD52.d.C21CB73D301C02BC5EB19D45476A13A0.e.8763","ELEMENT":"f.1DB2A491F1B7C642484AEDF47EA6FD52.d.C21CB73D301C02BC5EB19D45476A13A0.e.8763"}]}
COMMAND: GET /session/0bd35d5034cd75fc8dc44075a41c35a4/screenshot - {}
RESULT: {}
RESULT: {"script":"<script> [5351 bytes]","args":[{"element-6066-11e4-a52e-4f735466cecf":"f.1DB2A491F1B7C642484AEDF47EA6FD52.d.C21CB73D301C02BC5EB19D45476A13A0.e.8763","ELEMENT":"f.1DB2A491F1B7C642484AEDF47EA6FD52.d.C21CB73D301C02BC5EB19D45476A13A0.e.8763"}]}
COMMAND: POST /session/0bd35d5034cd75fc8dc44075a41c35a4/element/f.1DB2A491F1B7C642484AEDF47EA6FD52.d.C21CB73D301C02BC5EB19D45476A13A0.e.8763/click - {}
COMMAND: GET /session/0bd35d5034cd75fc8dc44075a41c35a4/screenshot - {}
RESULT: {}
RESULT: {}
COMMAND: GET /session/0bd35d5034cd75fc8dc44075a41c35a4/screenshot - {}
RESULT: {}
RESULT: {}
COMMAND: POST /session/0bd35d5034cd75fc8dc44075a41c35a4/element - {"using":"css selector","value":"#shell-header-logo"}
RESULT: {"using":"css selector","value":"#shell-header-logo"}
COMMAND: POST /session/0bd35d5034cd75fc8dc44075a41c35a4/element/f.1DB2A491F1B7C642484AEDF47EA6FD52.d.C21CB73D301C02BC5EB19D45476A13A0.e.8171/click - {}
RESULT: {}
COMMAND: GET /session/0bd35d5034cd75fc8dc44075a41c35a4/screenshot - {}
RESULT: {}
]]></system-out>
    </testcase>
    <testcase classname="chrome.135_0_7049_96.windows.Provide_to_Site_w/o_warehouse_management_w_clarification" name="Should create a new contract" time="65.955">
      <system-out><![CDATA[
COMMAND: POST /session/0bd35d5034cd75fc8dc44075a41c35a4/execute/async - {"script":"<script> [1562 bytes]","args":[{"selector":{"controlType":"sap.m.GenericTile","properties":{"header":"Manage Contracts"}},"wdio_ui5_key":"sapm.GenericTile{\"header\":\"Manage Contracts\"}"}]}
RESULT: {"script":"<script> [1562 bytes]","args":[{"selector":{"controlType":"sap.m.GenericTile","properties":{"header":"Manage Contracts"}},"wdio_ui5_key":"sapm.GenericTile{\"header\":\"Manage Contracts\"}"}]}
RESULT: undefined
COMMAND: POST /session/0bd35d5034cd75fc8dc44075a41c35a4/element - {"using":"xpath","value":"//*[@id=\"__tile131\"]"}
RESULT: {"using":"xpath","value":"//*[@id=\"__tile131\"]"}
COMMAND: POST /session/0bd35d5034cd75fc8dc44075a41c35a4/element/f.1DB2A491F1B7C642484AEDF47EA6FD52.d.C21CB73D301C02BC5EB19D45476A13A0.e.8915/click - {}
RESULT: {}
COMMAND: GET /session/0bd35d5034cd75fc8dc44075a41c35a4/screenshot - {}
RESULT: {}
COMMAND: POST /session/0bd35d5034cd75fc8dc44075a41c35a4/execute/async - {"script":"<script> [1562 bytes]","args":[{"selector":{"controlType":"sap.ui.core.Icon","viewName":"etm.portal.ui.managecontracts.view.Master","properties":{"src":{"regex":{"source":"add"}}}},"wdio_ui5_key":"etmportal.ui.managecontracts.view.Mastersap.ui.core.Icon{\"src\":{\"regex\":{\"source\":\"add\"}}}"}]}
RESULT: {"script":"<script> [1562 bytes]","args":[{"selector":{"controlType":"sap.ui.core.Icon","viewName":"etm.portal.ui.managecontracts.view.Master","properties":{"src":{"regex":{"source":"add"}}}},"wdio_ui5_key":"etmportal.ui.managecontracts.view.Mastersap.ui.core.Icon{\"src\":{\"regex\":{\"source\":\"add\"}}}"}]}
RESULT: undefined
COMMAND: POST /session/0bd35d5034cd75fc8dc44075a41c35a4/element - {"using":"xpath","value":"//*[@id=\"__button298-img\"]"}
RESULT: {"using":"xpath","value":"//*[@id=\"__button298-img\"]"}
COMMAND: POST /session/0bd35d5034cd75fc8dc44075a41c35a4/element/f.1DB2A491F1B7C642484AEDF47EA6FD52.d.C21CB73D301C02BC5EB19D45476A13A0.e.8995/click - {}
RESULT: {}
COMMAND: POST /session/0bd35d5034cd75fc8dc44075a41c35a4/execute/async - {"script":"<script> [1562 bytes]","args":[{"selector":{"id":"application-managecontracts-display-component---AddNewContract--projectDescription","interaction":{"idSuffix":"inner"}},"wdio_ui5_key":"applicationmanagecontracts-display-component---AddNewContract--projectDescription"}]}
COMMAND: GET /session/0bd35d5034cd75fc8dc44075a41c35a4/screenshot - {}
RESULT: {"script":"<script> [1562 bytes]","args":[{"selector":{"id":"application-managecontracts-display-component---AddNewContract--projectDescription","interaction":{"idSuffix":"inner"}},"wdio_ui5_key":"applicationmanagecontracts-display-component---AddNewContract--projectDescription"}]}
RESULT: undefined
COMMAND: POST /session/0bd35d5034cd75fc8dc44075a41c35a4/execute/async - {"script":"<script> [776 bytes]","args":[{"enterText":"wdi5 contract for billing","selector":{"id":"application-managecontracts-display-component---AddNewContract--projectDescription","interaction":{"idSuffix":"inner"}},"clearTextFirst":true,"interactionType":"ENTER_TEXT"}]}
RESULT: {}
RESULT: {"script":"<script> [776 bytes]","args":[{"enterText":"wdi5 contract for billing","selector":{"id":"application-managecontracts-display-component---AddNewContract--projectDescription","interaction":{"idSuffix":"inner"}},"clearTextFirst":true,"interactionType":"ENTER_TEXT"}]}
COMMAND: POST /session/0bd35d5034cd75fc8dc44075a41c35a4/element - {"using":"xpath","value":"//input[@id=\"application-managecontracts-display-component---AddNewContract--customerSelect-inner\"]"}
RESULT: {"using":"xpath","value":"//input[@id=\"application-managecontracts-display-component---AddNewContract--customerSelect-inner\"]"}
COMMAND: POST /session/0bd35d5034cd75fc8dc44075a41c35a4/element/f.1DB2A491F1B7C642484AEDF47EA6FD52.d.C21CB73D301C02BC5EB19D45476A13A0.e.9240/clear - {}
RESULT: {}
COMMAND: POST /session/0bd35d5034cd75fc8dc44075a41c35a4/element/f.1DB2A491F1B7C642484AEDF47EA6FD52.d.C21CB73D301C02BC5EB19D45476A13A0.e.9240/value - {"text":"1499"}
COMMAND: GET /session/0bd35d5034cd75fc8dc44075a41c35a4/screenshot - {}
RESULT: {"text":"1499"}
COMMAND: GET /session/0bd35d5034cd75fc8dc44075a41c35a4/screenshot - {}
RESULT: {}
RESULT: {}
COMMAND: POST /session/0bd35d5034cd75fc8dc44075a41c35a4/actions - {"actions":[{"id":"action31","type":"key","parameters":{},"actions":[{"type":"keyDown","value":"î€‡"},{"type":"pause","duration":10},{"type":"keyUp","value":"î€‡"}]}]}
RESULT: {"actions":[{"id":"action31","type":"key","parameters":{},"actions":[{"type":"keyDown","value":"î€‡"},{"type":"pause","duration":10},{"type":"keyUp","value":"î€‡"}]}]}
COMMAND: POST /session/0bd35d5034cd75fc8dc44075a41c35a4/element - {"using":"xpath","value":"//input[@id=\"application-managecontracts-display-component---AddNewContract--site-inner\"]"}
COMMAND: GET /session/0bd35d5034cd75fc8dc44075a41c35a4/screenshot - {}
RESULT: {"using":"xpath","value":"//input[@id=\"application-managecontracts-display-component---AddNewContract--site-inner\"]"}
COMMAND: POST /session/0bd35d5034cd75fc8dc44075a41c35a4/element/f.1DB2A491F1B7C642484AEDF47EA6FD52.d.C21CB73D301C02BC5EB19D45476A13A0.e.9241/clear - {}
RESULT: {}
RESULT: {}
COMMAND: POST /session/0bd35d5034cd75fc8dc44075a41c35a4/element/f.1DB2A491F1B7C642484AEDF47EA6FD52.d.C21CB73D301C02BC5EB19D45476A13A0.e.9241/value - {"text":"2456"}
COMMAND: GET /session/0bd35d5034cd75fc8dc44075a41c35a4/screenshot - {}
RESULT: {"text":"2456"}
COMMAND: GET /session/0bd35d5034cd75fc8dc44075a41c35a4/screenshot - {}
RESULT: {}
RESULT: {}
COMMAND: POST /session/0bd35d5034cd75fc8dc44075a41c35a4/actions - {"actions":[{"id":"action32","type":"key","parameters":{},"actions":[{"type":"keyDown","value":"î€‡"},{"type":"pause","duration":10},{"type":"keyUp","value":"î€‡"}]}]}
RESULT: {"actions":[{"id":"action32","type":"key","parameters":{},"actions":[{"type":"keyDown","value":"î€‡"},{"type":"pause","duration":10},{"type":"keyUp","value":"î€‡"}]}]}
COMMAND: POST /session/0bd35d5034cd75fc8dc44075a41c35a4/execute/async - {"script":"<script> [1562 bytes]","args":[{"selector":{"id":"application-managecontracts-display-component---AddNewContract--calendarInput","interaction":{"idSuffix":"inner"}},"wdio_ui5_key":"applicationmanagecontracts-display-component---AddNewContract--calendarInput"}]}
COMMAND: GET /session/0bd35d5034cd75fc8dc44075a41c35a4/screenshot - {}
RESULT: {"script":"<script> [1562 bytes]","args":[{"selector":{"id":"application-managecontracts-display-component---AddNewContract--calendarInput","interaction":{"idSuffix":"inner"}},"wdio_ui5_key":"applicationmanagecontracts-display-component---AddNewContract--calendarInput"}]}
RESULT: undefined
COMMAND: POST /session/0bd35d5034cd75fc8dc44075a41c35a4/execute/async - {"script":"<script> [776 bytes]","args":[{"enterText":"1 - Calendar unit test patch","selector":{"id":"application-managecontracts-display-component---AddNewContract--calendarInput","interaction":{"idSuffix":"inner"}},"clearTextFirst":true,"interactionType":"ENTER_TEXT"}]}
RESULT: {}
RESULT: {"script":"<script> [776 bytes]","args":[{"enterText":"1 - Calendar unit test patch","selector":{"id":"application-managecontracts-display-component---AddNewContract--calendarInput","interaction":{"idSuffix":"inner"}},"clearTextFirst":true,"interactionType":"ENTER_TEXT"}]}
COMMAND: POST /session/0bd35d5034cd75fc8dc44075a41c35a4/actions - {"actions":[{"id":"action33","type":"key","parameters":{},"actions":[{"type":"keyDown","value":"î€‡"},{"type":"pause","duration":10},{"type":"keyUp","value":"î€‡"}]}]}
RESULT: {"actions":[{"id":"action33","type":"key","parameters":{},"actions":[{"type":"keyDown","value":"î€‡"},{"type":"pause","duration":10},{"type":"keyUp","value":"î€‡"}]}]}
COMMAND: POST /session/0bd35d5034cd75fc8dc44075a41c35a4/execute/async - {"script":"<script> [1562 bytes]","args":[{"selector":{"id":"application-managecontracts-display-component---AddNewContract--languageCB","interaction":{"idSuffix":"inner"}},"wdio_ui5_key":"applicationmanagecontracts-display-component---AddNewContract--languageCB"}]}
COMMAND: GET /session/0bd35d5034cd75fc8dc44075a41c35a4/screenshot - {}
RESULT: {"script":"<script> [1562 bytes]","args":[{"selector":{"id":"application-managecontracts-display-component---AddNewContract--languageCB","interaction":{"idSuffix":"inner"}},"wdio_ui5_key":"applicationmanagecontracts-display-component---AddNewContract--languageCB"}]}
RESULT: undefined
COMMAND: POST /session/0bd35d5034cd75fc8dc44075a41c35a4/execute/async - {"script":"<script> [776 bytes]","args":[{"enterText":"EN - English","selector":{"id":"application-managecontracts-display-component---AddNewContract--languageCB","interaction":{"idSuffix":"inner"}},"clearTextFirst":true,"interactionType":"ENTER_TEXT"}]}
RESULT: {}
RESULT: {"script":"<script> [776 bytes]","args":[{"enterText":"EN - English","selector":{"id":"application-managecontracts-display-component---AddNewContract--languageCB","interaction":{"idSuffix":"inner"}},"clearTextFirst":true,"interactionType":"ENTER_TEXT"}]}
COMMAND: POST /session/0bd35d5034cd75fc8dc44075a41c35a4/actions - {"actions":[{"id":"action34","type":"key","parameters":{},"actions":[{"type":"keyDown","value":"î€‡"},{"type":"pause","duration":10},{"type":"keyUp","value":"î€‡"}]}]}
RESULT: {"actions":[{"id":"action34","type":"key","parameters":{},"actions":[{"type":"keyDown","value":"î€‡"},{"type":"pause","duration":10},{"type":"keyUp","value":"î€‡"}]}]}
COMMAND: POST /session/0bd35d5034cd75fc8dc44075a41c35a4/execute/async - {"script":"<script> [1562 bytes]","args":[{"selector":{"id":"application-managecontracts-display-component---AddNewContract--saveBtn","interaction":{"idSuffix":"BDI-content"}},"wdio_ui5_key":"applicationmanagecontracts-display-component---AddNewContract--saveBtn"}]}
COMMAND: GET /session/0bd35d5034cd75fc8dc44075a41c35a4/screenshot - {}
RESULT: {"script":"<script> [1562 bytes]","args":[{"selector":{"id":"application-managecontracts-display-component---AddNewContract--saveBtn","interaction":{"idSuffix":"BDI-content"}},"wdio_ui5_key":"applicationmanagecontracts-display-component---AddNewContract--saveBtn"}]}
RESULT: undefined
COMMAND: POST /session/0bd35d5034cd75fc8dc44075a41c35a4/element - {"using":"xpath","value":"//*[@id=\"application-managecontracts-display-component---AddNewContract--saveBtn\"]"}
RESULT: {}
RESULT: {"using":"xpath","value":"//*[@id=\"application-managecontracts-display-component---AddNewContract--saveBtn\"]"}
COMMAND: POST /session/0bd35d5034cd75fc8dc44075a41c35a4/element/f.1DB2A491F1B7C642484AEDF47EA6FD52.d.C21CB73D301C02BC5EB19D45476A13A0.e.9255/click - {}
RESULT: {}
COMMAND: GET /session/0bd35d5034cd75fc8dc44075a41c35a4/screenshot - {}
RESULT: {}
COMMAND: POST /session/0bd35d5034cd75fc8dc44075a41c35a4/execute/async - {"script":"<script> [1562 bytes]","args":[{"selector":{"id":"contractDetailTitleNoExpanded","viewName":"etm.portal.ui.managecontracts.view.Detail"},"wdio_ui5_key":"contractDetailTitleNoExpandedetmportal.ui.managecontracts.view.Detail"}]}
RESULT: {"script":"<script> [1562 bytes]","args":[{"selector":{"id":"contractDetailTitleNoExpanded","viewName":"etm.portal.ui.managecontracts.view.Detail"},"wdio_ui5_key":"contractDetailTitleNoExpandedetmportal.ui.managecontracts.view.Detail"}]}
RESULT: undefined
COMMAND: POST /session/0bd35d5034cd75fc8dc44075a41c35a4/execute/async - {"script":"<script> [6424 bytes]","args":[{"element-6066-11e4-a52e-4f735466cecf":"f.1DB2A491F1B7C642484AEDF47EA6FD52.d.C21CB73D301C02BC5EB19D45476A13A0.e.9282"},"getText",[]]}
RESULT: {"script":"<script> [6424 bytes]","args":[{"element-6066-11e4-a52e-4f735466cecf":"f.1DB2A491F1B7C642484AEDF47EA6FD52.d.C21CB73D301C02BC5EB19D45476A13A0.e.9282"},"getText",[]]}
]]></system-out>
    </testcase>
    <testcase classname="chrome.135_0_7049_96.windows.Provide_to_Site_w/o_warehouse_management_w_clarification" name="Should add resource to the contract" time="62.13">
      <system-out><![CDATA[
COMMAND: POST /session/0bd35d5034cd75fc8dc44075a41c35a4/execute/async - {"script":"<script> [1562 bytes]","args":[{"selector":{"id":"contractDetailEditBtn","viewName":"etm.portal.ui.managecontracts.view.Detail","interaction":{"idSuffix":"BDI-content"}},"wdio_ui5_key":"contractDetailEditBtnetmportal.ui.managecontracts.view.Detail"}]}
RESULT: {"script":"<script> [1562 bytes]","args":[{"selector":{"id":"contractDetailEditBtn","viewName":"etm.portal.ui.managecontracts.view.Detail","interaction":{"idSuffix":"BDI-content"}},"wdio_ui5_key":"contractDetailEditBtnetmportal.ui.managecontracts.view.Detail"}]}
RESULT: undefined
COMMAND: POST /session/0bd35d5034cd75fc8dc44075a41c35a4/element - {"using":"xpath","value":"//*[@id=\"__xmlview61--contractDetailEditBtn\"]"}
RESULT: {"using":"xpath","value":"//*[@id=\"__xmlview61--contractDetailEditBtn\"]"}
COMMAND: POST /session/0bd35d5034cd75fc8dc44075a41c35a4/element/f.1DB2A491F1B7C642484AEDF47EA6FD52.d.C21CB73D301C02BC5EB19D45476A13A0.e.9284/click - {}
RESULT: {}
COMMAND: GET /session/0bd35d5034cd75fc8dc44075a41c35a4/screenshot - {}
RESULT: {}
COMMAND: POST /session/0bd35d5034cd75fc8dc44075a41c35a4/execute/async - {"script":"<script> [1562 bytes]","args":[{"selector":{"id":"additionalAddressesTabFilter","viewName":"etm.portal.ui.managecontracts.view.EditContract","interaction":{"idSuffix":"text"}},"wdio_ui5_key":"additionalAddressesTabFilteretmportal.ui.managecontracts.view.EditContract"}]}
RESULT: {"script":"<script> [1562 bytes]","args":[{"selector":{"id":"additionalAddressesTabFilter","viewName":"etm.portal.ui.managecontracts.view.EditContract","interaction":{"idSuffix":"text"}},"wdio_ui5_key":"additionalAddressesTabFilteretmportal.ui.managecontracts.view.EditContract"}]}
RESULT: undefined
COMMAND: POST /session/0bd35d5034cd75fc8dc44075a41c35a4/element - {"using":"xpath","value":"//*[@id=\"__xmlview62--additionalAddressesTabFilter\"]"}
RESULT: {"using":"xpath","value":"//*[@id=\"__xmlview62--additionalAddressesTabFilter\"]"}
COMMAND: POST /session/0bd35d5034cd75fc8dc44075a41c35a4/element/f.1DB2A491F1B7C642484AEDF47EA6FD52.d.C21CB73D301C02BC5EB19D45476A13A0.e.9340/click - {}
RESULT: {}
RESULT: undefined
COMMAND: POST /session/0bd35d5034cd75fc8dc44075a41c35a4/element - {"using":"xpath","value":"//*[@id=\"__xmlview62--additionalAddressesTabFilter\"]"}
COMMAND: GET /session/0bd35d5034cd75fc8dc44075a41c35a4/screenshot - {}
RESULT: {"using":"xpath","value":"//*[@id=\"__xmlview62--additionalAddressesTabFilter\"]"}
COMMAND: POST /session/0bd35d5034cd75fc8dc44075a41c35a4/element/f.1DB2A491F1B7C642484AEDF47EA6FD52.d.C21CB73D301C02BC5EB19D45476A13A0.e.9340/click - {}
RESULT: {}
RESULT: {}
COMMAND: POST /session/0bd35d5034cd75fc8dc44075a41c35a4/execute/async - {"script":"<script> [1562 bytes]","args":[{"selector":{"controlType":"sap.ui.core.Icon","viewName":"etm.portal.ui.managecontracts.view.EditContract","properties":{"src":{"regex":{"source":"add"}}}},"wdio_ui5_key":"etmportal.ui.managecontracts.view.EditContractsap.ui.core.Icon{\"src\":{\"regex\":{\"source\":\"add\"}}}"}]}
COMMAND: GET /session/0bd35d5034cd75fc8dc44075a41c35a4/screenshot - {}
RESULT: {"script":"<script> [1562 bytes]","args":[{"selector":{"controlType":"sap.ui.core.Icon","viewName":"etm.portal.ui.managecontracts.view.EditContract","properties":{"src":{"regex":{"source":"add"}}}},"wdio_ui5_key":"etmportal.ui.managecontracts.view.EditContractsap.ui.core.Icon{\"src\":{\"regex\":{\"source\":\"add\"}}}"}]}
RESULT: undefined
COMMAND: POST /session/0bd35d5034cd75fc8dc44075a41c35a4/element - {"using":"xpath","value":"//*[@id=\"__xmlview62--btnAddTableRow-img\"]"}
RESULT: {}
RESULT: {"using":"xpath","value":"//*[@id=\"__xmlview62--btnAddTableRow-img\"]"}
COMMAND: POST /session/0bd35d5034cd75fc8dc44075a41c35a4/element/f.1DB2A491F1B7C642484AEDF47EA6FD52.d.C21CB73D301C02BC5EB19D45476A13A0.e.9345/click - {}
RESULT: {}
COMMAND: POST /session/0bd35d5034cd75fc8dc44075a41c35a4/element - {"using":"xpath","value":"//div[(text() = 'Standard Entry' or . = 'Standard Entry')]"}
COMMAND: GET /session/0bd35d5034cd75fc8dc44075a41c35a4/screenshot - {}
RESULT: {"using":"xpath","value":"//div[(text() = 'Standard Entry' or . = 'Standard Entry')]"}
COMMAND: POST /session/0bd35d5034cd75fc8dc44075a41c35a4/element/f.1DB2A491F1B7C642484AEDF47EA6FD52.d.C21CB73D301C02BC5EB19D45476A13A0.e.9348/click - {}
RESULT: {}
RESULT: {}
COMMAND: POST /session/0bd35d5034cd75fc8dc44075a41c35a4/execute/async - {"script":"<script> [1562 bytes]","args":[{"selector":{"controlType":"sap.ui.core.Icon","viewName":"etm.portal.ui.managecontracts.view.EditContract","properties":{"src":{"regex":{"source":"inspect"}}}},"wdio_ui5_key":"etmportal.ui.managecontracts.view.EditContractsap.ui.core.Icon{\"src\":{\"regex\":{\"source\":\"inspect\"}}}"}]}
COMMAND: GET /session/0bd35d5034cd75fc8dc44075a41c35a4/screenshot - {}
RESULT: {"script":"<script> [1562 bytes]","args":[{"selector":{"controlType":"sap.ui.core.Icon","viewName":"etm.portal.ui.managecontracts.view.EditContract","properties":{"src":{"regex":{"source":"inspect"}}}},"wdio_ui5_key":"etmportal.ui.managecontracts.view.EditContractsap.ui.core.Icon{\"src\":{\"regex\":{\"source\":\"inspect\"}}}"}]}
RESULT: undefined
COMMAND: POST /session/0bd35d5034cd75fc8dc44075a41c35a4/element - {"using":"xpath","value":"//*[@id=\"__button324-img\"]"}
RESULT: {}
RESULT: {"using":"xpath","value":"//*[@id=\"__button324-img\"]"}
COMMAND: POST /session/0bd35d5034cd75fc8dc44075a41c35a4/element/f.1DB2A491F1B7C642484AEDF47EA6FD52.d.C21CB73D301C02BC5EB19D45476A13A0.e.9360/click - {}
RESULT: {}
COMMAND: GET /session/0bd35d5034cd75fc8dc44075a41c35a4/screenshot - {}
RESULT: {}
COMMAND: POST /session/0bd35d5034cd75fc8dc44075a41c35a4/element - {"using":"xpath","value":"//td[6]/div/div/input[1]"}
RESULT: {"using":"xpath","value":"//td[6]/div/div/input[1]"}
COMMAND: POST /session/0bd35d5034cd75fc8dc44075a41c35a4/element/f.1DB2A491F1B7C642484AEDF47EA6FD52.d.C21CB73D301C02BC5EB19D45476A13A0.e.9350/clear - {}
RESULT: {}
COMMAND: GET /session/0bd35d5034cd75fc8dc44075a41c35a4/screenshot - {}
RESULT: {}
COMMAND: POST /session/0bd35d5034cd75fc8dc44075a41c35a4/element - {"using":"xpath","value":"//td[6]/div/div/input[1]"}
RESULT: {"using":"xpath","value":"//td[6]/div/div/input[1]"}
COMMAND: POST /session/0bd35d5034cd75fc8dc44075a41c35a4/element/f.1DB2A491F1B7C642484AEDF47EA6FD52.d.C21CB73D301C02BC5EB19D45476A13A0.e.9376/click - {}
RESULT: {}
COMMAND: POST /session/0bd35d5034cd75fc8dc44075a41c35a4/actions - {"actions":[{"id":"action35","type":"key","parameters":{},"actions":[{"type":"keyDown","value":"î€ƒ"},{"type":"pause","duration":10},{"type":"keyUp","value":"î€ƒ"}]}]}
COMMAND: GET /session/0bd35d5034cd75fc8dc44075a41c35a4/screenshot - {}
RESULT: {"actions":[{"id":"action35","type":"key","parameters":{},"actions":[{"type":"keyDown","value":"î€ƒ"},{"type":"pause","duration":10},{"type":"keyUp","value":"î€ƒ"}]}]}
COMMAND: POST /session/0bd35d5034cd75fc8dc44075a41c35a4/element - {"using":"xpath","value":"//td[6]/div/div/input[1]"}
COMMAND: GET /session/0bd35d5034cd75fc8dc44075a41c35a4/screenshot - {}
RESULT: {}
RESULT: {}
RESULT: {"using":"xpath","value":"//td[6]/div/div/input[1]"}
COMMAND: POST /session/0bd35d5034cd75fc8dc44075a41c35a4/element/f.1DB2A491F1B7C642484AEDF47EA6FD52.d.C21CB73D301C02BC5EB19D45476A13A0.e.9376/clear - {}
RESULT: {}
COMMAND: POST /session/0bd35d5034cd75fc8dc44075a41c35a4/element/f.1DB2A491F1B7C642484AEDF47EA6FD52.d.C21CB73D301C02BC5EB19D45476A13A0.e.9376/value - {"text":"Material"}
COMMAND: GET /session/0bd35d5034cd75fc8dc44075a41c35a4/screenshot - {}
RESULT: {"text":"Material"}
COMMAND: GET /session/0bd35d5034cd75fc8dc44075a41c35a4/screenshot - {}
RESULT: {}
RESULT: {}
COMMAND: POST /session/0bd35d5034cd75fc8dc44075a41c35a4/actions - {"actions":[{"id":"action36","type":"key","parameters":{},"actions":[{"type":"keyDown","value":"î€‡"},{"type":"pause","duration":10},{"type":"keyUp","value":"î€‡"}]}]}
RESULT: {"actions":[{"id":"action36","type":"key","parameters":{},"actions":[{"type":"keyDown","value":"î€‡"},{"type":"pause","duration":10},{"type":"keyUp","value":"î€‡"}]}]}
COMMAND: POST /session/0bd35d5034cd75fc8dc44075a41c35a4/element - {"using":"xpath","value":"//td[7]/div/div/input[1]"}
COMMAND: GET /session/0bd35d5034cd75fc8dc44075a41c35a4/screenshot - {}
RESULT: {"using":"xpath","value":"//td[7]/div/div/input[1]"}
COMMAND: POST /session/0bd35d5034cd75fc8dc44075a41c35a4/element/f.1DB2A491F1B7C642484AEDF47EA6FD52.d.C21CB73D301C02BC5EB19D45476A13A0.e.9398/clear - {}
RESULT: {}
RESULT: {}
COMMAND: POST /session/0bd35d5034cd75fc8dc44075a41c35a4/element/f.1DB2A491F1B7C642484AEDF47EA6FD52.d.C21CB73D301C02BC5EB19D45476A13A0.e.9398/value - {"text":"200344"}
COMMAND: GET /session/0bd35d5034cd75fc8dc44075a41c35a4/screenshot - {}
RESULT: {"text":"200344"}
COMMAND: GET /session/0bd35d5034cd75fc8dc44075a41c35a4/screenshot - {}
RESULT: {}
RESULT: {}
COMMAND: POST /session/0bd35d5034cd75fc8dc44075a41c35a4/actions - {"actions":[{"id":"action37","type":"key","parameters":{},"actions":[{"type":"keyDown","value":"î€‡"},{"type":"pause","duration":10},{"type":"keyUp","value":"î€‡"}]}]}
RESULT: {"actions":[{"id":"action37","type":"key","parameters":{},"actions":[{"type":"keyDown","value":"î€‡"},{"type":"pause","duration":10},{"type":"keyUp","value":"î€‡"}]}]}
COMMAND: POST /session/0bd35d5034cd75fc8dc44075a41c35a4/execute/async - {"script":"<script> [1562 bytes]","args":[{"selector":{"controlType":"sap.m.Button","properties":{"text":"OK"},"searchOpenDialogs":true,"interaction":{"idSuffix":"BDI-content"}},"wdio_ui5_key":"sapm.Button{\"text\":\"OK\"}"}]}
COMMAND: GET /session/0bd35d5034cd75fc8dc44075a41c35a4/screenshot - {}
RESULT: {"script":"<script> [1562 bytes]","args":[{"selector":{"controlType":"sap.m.Button","properties":{"text":"OK"},"searchOpenDialogs":true,"interaction":{"idSuffix":"BDI-content"}},"wdio_ui5_key":"sapm.Button{\"text\":\"OK\"}"}]}
RESULT: undefined
COMMAND: POST /session/0bd35d5034cd75fc8dc44075a41c35a4/element - {"using":"xpath","value":"//*[@id=\"__mbox-btn-1\"]"}
RESULT: {}
RESULT: {"using":"xpath","value":"//*[@id=\"__mbox-btn-1\"]"}
COMMAND: POST /session/0bd35d5034cd75fc8dc44075a41c35a4/element/f.1DB2A491F1B7C642484AEDF47EA6FD52.d.C21CB73D301C02BC5EB19D45476A13A0.e.9419/click - {}
RESULT: {}
COMMAND: POST /session/0bd35d5034cd75fc8dc44075a41c35a4/execute/async - {"script":"<script> [1562 bytes]","args":[{"selector":{"id":"saveBtn","viewName":"etm.portal.ui.managecontracts.view.EditContract","interaction":{"idSuffix":"BDI-content"}},"wdio_ui5_key":"saveBtnetmportal.ui.managecontracts.view.EditContract"}]}
COMMAND: GET /session/0bd35d5034cd75fc8dc44075a41c35a4/screenshot - {}
RESULT: {"script":"<script> [1562 bytes]","args":[{"selector":{"id":"saveBtn","viewName":"etm.portal.ui.managecontracts.view.EditContract","interaction":{"idSuffix":"BDI-content"}},"wdio_ui5_key":"saveBtnetmportal.ui.managecontracts.view.EditContract"}]}
RESULT: undefined
COMMAND: POST /session/0bd35d5034cd75fc8dc44075a41c35a4/element - {"using":"xpath","value":"//*[@id=\"__xmlview62--saveBtn\"]"}
RESULT: {}
RESULT: {"using":"xpath","value":"//*[@id=\"__xmlview62--saveBtn\"]"}
COMMAND: POST /session/0bd35d5034cd75fc8dc44075a41c35a4/element/f.1DB2A491F1B7C642484AEDF47EA6FD52.d.C21CB73D301C02BC5EB19D45476A13A0.e.9445/click - {}
RESULT: {}
COMMAND: GET /session/0bd35d5034cd75fc8dc44075a41c35a4/screenshot - {}
RESULT: {}
COMMAND: POST /session/0bd35d5034cd75fc8dc44075a41c35a4/execute/async - {"script":"<script> [1562 bytes]","args":[{"selector":{"id":"additionalAddressesTabFilter","viewName":"etm.portal.ui.managecontracts.view.Detail","interaction":{"idSuffix":"text"}},"wdio_ui5_key":"additionalAddressesTabFilteretmportal.ui.managecontracts.view.Detail"}]}
RESULT: {"script":"<script> [1562 bytes]","args":[{"selector":{"id":"additionalAddressesTabFilter","viewName":"etm.portal.ui.managecontracts.view.Detail","interaction":{"idSuffix":"text"}},"wdio_ui5_key":"additionalAddressesTabFilteretmportal.ui.managecontracts.view.Detail"}]}
RESULT: undefined
COMMAND: POST /session/0bd35d5034cd75fc8dc44075a41c35a4/element - {"using":"xpath","value":"//*[@id=\"__xmlview61--additionalAddressesTabFilter\"]"}
RESULT: {"using":"xpath","value":"//*[@id=\"__xmlview61--additionalAddressesTabFilter\"]"}
COMMAND: POST /session/0bd35d5034cd75fc8dc44075a41c35a4/element/f.1DB2A491F1B7C642484AEDF47EA6FD52.d.C21CB73D301C02BC5EB19D45476A13A0.e.9449/click - {}
RESULT: {}
COMMAND: POST /session/0bd35d5034cd75fc8dc44075a41c35a4/execute/async - {"script":"<script> [1562 bytes]","args":[{"selector":{"id":"contractDetailProvideButton","viewName":"etm.portal.ui.managecontracts.view.Detail","interaction":{"idSuffix":"BDI-content"}},"wdio_ui5_key":"contractDetailProvideButtonetmportal.ui.managecontracts.view.Detail"}]}
COMMAND: GET /session/0bd35d5034cd75fc8dc44075a41c35a4/screenshot - {}
RESULT: {"script":"<script> [1562 bytes]","args":[{"selector":{"id":"contractDetailProvideButton","viewName":"etm.portal.ui.managecontracts.view.Detail","interaction":{"idSuffix":"BDI-content"}},"wdio_ui5_key":"contractDetailProvideButtonetmportal.ui.managecontracts.view.Detail"}]}
RESULT: undefined
COMMAND: POST /session/0bd35d5034cd75fc8dc44075a41c35a4/element - {"using":"xpath","value":"//*[@id=\"__xmlview61--contractDetailProvideButton\"]"}
RESULT: {}
RESULT: {"using":"xpath","value":"//*[@id=\"__xmlview61--contractDetailProvideButton\"]"}
COMMAND: POST /session/0bd35d5034cd75fc8dc44075a41c35a4/element/f.1DB2A491F1B7C642484AEDF47EA6FD52.d.C21CB73D301C02BC5EB19D45476A13A0.e.9456/click - {}
RESULT: {}
COMMAND: GET /session/0bd35d5034cd75fc8dc44075a41c35a4/screenshot - {}
RESULT: {}
]]></system-out>
    </testcase>
    <testcase classname="chrome.135_0_7049_96.windows.Provide_to_Site_w/o_warehouse_management_w_clarification" name="Should Create HandOvers provide to site" time="183.426">
      <system-out><![CDATA[
COMMAND: POST /session/0bd35d5034cd75fc8dc44075a41c35a4/element - {"using":"css selector","value":"#application-managehandovers-display-component---AddNewHO--dueDate-inner"}
RESULT: {"using":"css selector","value":"#application-managehandovers-display-component---AddNewHO--dueDate-inner"}
COMMAND: POST /session/0bd35d5034cd75fc8dc44075a41c35a4/element/f.1DB2A491F1B7C642484AEDF47EA6FD52.d.C21CB73D301C02BC5EB19D45476A13A0.e.9513/clear - {}
RESULT: {}
COMMAND: POST /session/0bd35d5034cd75fc8dc44075a41c35a4/element/f.1DB2A491F1B7C642484AEDF47EA6FD52.d.C21CB73D301C02BC5EB19D45476A13A0.e.9513/value - {"text":"5/6/25"}
COMMAND: GET /session/0bd35d5034cd75fc8dc44075a41c35a4/screenshot - {}
RESULT: {"text":"5/6/25"}
COMMAND: POST /session/0bd35d5034cd75fc8dc44075a41c35a4/element - {"using":"xpath","value":"//bdi[(text() = 'Items' or . = 'Items')]"}
COMMAND: GET /session/0bd35d5034cd75fc8dc44075a41c35a4/screenshot - {}
RESULT: {}
RESULT: {"using":"xpath","value":"//bdi[(text() = 'Items' or . = 'Items')]"}
COMMAND: POST /session/0bd35d5034cd75fc8dc44075a41c35a4/element/f.1DB2A491F1B7C642484AEDF47EA6FD52.d.C21CB73D301C02BC5EB19D45476A13A0.e.9583/click - {}
RESULT: {}
RESULT: {}
COMMAND: POST /session/0bd35d5034cd75fc8dc44075a41c35a4/execute/async - {"script":"<script> [1562 bytes]","args":[{"selector":{"controlType":"sap.m.Button","viewName":"etm.portal.ui.managehandovers.view.AddNewHO","viewId":"application-managehandovers-display-component---AddNewHO","i18NText":{"propertyName":"tooltip","key":"addItems"}},"wdio_ui5_key":"etmportal.ui.managehandovers.view.AddNewHOsap.m.Button{\"propertyName\":\"tooltip\",\"key\":\"addItems\"}"}]}
COMMAND: GET /session/0bd35d5034cd75fc8dc44075a41c35a4/screenshot - {}
RESULT: {"script":"<script> [1562 bytes]","args":[{"selector":{"controlType":"sap.m.Button","viewName":"etm.portal.ui.managehandovers.view.AddNewHO","viewId":"application-managehandovers-display-component---AddNewHO","i18NText":{"propertyName":"tooltip","key":"addItems"}},"wdio_ui5_key":"etmportal.ui.managehandovers.view.AddNewHOsap.m.Button{\"propertyName\":\"tooltip\",\"key\":\"addItems\"}"}]}
RESULT: undefined
COMMAND: POST /session/0bd35d5034cd75fc8dc44075a41c35a4/element - {"using":"xpath","value":"//*[@id=\"__button349\"]"}
RESULT: {}
RESULT: {"using":"xpath","value":"//*[@id=\"__button349\"]"}
COMMAND: POST /session/0bd35d5034cd75fc8dc44075a41c35a4/element/f.1DB2A491F1B7C642484AEDF47EA6FD52.d.C21CB73D301C02BC5EB19D45476A13A0.e.9595/click - {}
RESULT: {}
COMMAND: GET /session/0bd35d5034cd75fc8dc44075a41c35a4/screenshot - {}
RESULT: {}
COMMAND: POST /session/0bd35d5034cd75fc8dc44075a41c35a4/element - {"using":"css selector","value":"div[id= \"application-managehandovers-display-component---AddNewHO--popup-sa-CbBg\"]"}
RESULT: {"using":"css selector","value":"div[id= \"application-managehandovers-display-component---AddNewHO--popup-sa-CbBg\"]"}
COMMAND: POST /session/0bd35d5034cd75fc8dc44075a41c35a4/element/f.1DB2A491F1B7C642484AEDF47EA6FD52.d.C21CB73D301C02BC5EB19D45476A13A0.e.9605/click - {}
RESULT: {}
COMMAND: GET /session/0bd35d5034cd75fc8dc44075a41c35a4/screenshot - {}
RESULT: {}
COMMAND: POST /session/0bd35d5034cd75fc8dc44075a41c35a4/element - {"using":"xpath","value":"//bdi[(text() = 'Select' or . = 'Select')]"}
RESULT: {"using":"xpath","value":"//bdi[(text() = 'Select' or . = 'Select')]"}
COMMAND: POST /session/0bd35d5034cd75fc8dc44075a41c35a4/element/f.1DB2A491F1B7C642484AEDF47EA6FD52.d.C21CB73D301C02BC5EB19D45476A13A0.e.9607/click - {}
RESULT: {}
COMMAND: GET /session/0bd35d5034cd75fc8dc44075a41c35a4/screenshot - {}
RESULT: {}
COMMAND: POST /session/0bd35d5034cd75fc8dc44075a41c35a4/element - {"using":"xpath","value":"//bdi[(text() = 'Save' or . = 'Save')]"}
RESULT: {"using":"xpath","value":"//bdi[(text() = 'Save' or . = 'Save')]"}
COMMAND: POST /session/0bd35d5034cd75fc8dc44075a41c35a4/element/f.1DB2A491F1B7C642484AEDF47EA6FD52.d.C21CB73D301C02BC5EB19D45476A13A0.e.9615/click - {}
RESULT: {}
COMMAND: GET /session/0bd35d5034cd75fc8dc44075a41c35a4/screenshot - {}
RESULT: {}
COMMAND: POST /session/0bd35d5034cd75fc8dc44075a41c35a4/element - {"using":"xpath","value":"//*[text()='OK']"}
RESULT: {"using":"xpath","value":"//*[text()='OK']"}
COMMAND: POST /session/0bd35d5034cd75fc8dc44075a41c35a4/elements - {"using":"xpath","value":"//*[text()='OK']"}
RESULT: {"using":"xpath","value":"//*[text()='OK']"}
COMMAND: POST /session/0bd35d5034cd75fc8dc44075a41c35a4/elements - {"using":"xpath","value":"//*[text()='OK']"}
RESULT: {"using":"xpath","value":"//*[text()='OK']"}
COMMAND: POST /session/0bd35d5034cd75fc8dc44075a41c35a4/elements - {"using":"xpath","value":"//*[text()='OK']"}
RESULT: {"using":"xpath","value":"//*[text()='OK']"}
COMMAND: POST /session/0bd35d5034cd75fc8dc44075a41c35a4/elements - {"using":"xpath","value":"//*[text()='OK']"}
RESULT: {"using":"xpath","value":"//*[text()='OK']"}
COMMAND: POST /session/0bd35d5034cd75fc8dc44075a41c35a4/elements - {"using":"xpath","value":"//*[text()='OK']"}
RESULT: {"using":"xpath","value":"//*[text()='OK']"}
COMMAND: POST /session/0bd35d5034cd75fc8dc44075a41c35a4/elements - {"using":"xpath","value":"//*[text()='OK']"}
RESULT: {"using":"xpath","value":"//*[text()='OK']"}
COMMAND: POST /session/0bd35d5034cd75fc8dc44075a41c35a4/elements - {"using":"xpath","value":"//*[text()='OK']"}
RESULT: {"using":"xpath","value":"//*[text()='OK']"}
COMMAND: POST /session/0bd35d5034cd75fc8dc44075a41c35a4/elements - {"using":"xpath","value":"//*[text()='OK']"}
RESULT: {"using":"xpath","value":"//*[text()='OK']"}
COMMAND: POST /session/0bd35d5034cd75fc8dc44075a41c35a4/elements - {"using":"xpath","value":"//*[text()='OK']"}
RESULT: {"using":"xpath","value":"//*[text()='OK']"}
COMMAND: POST /session/0bd35d5034cd75fc8dc44075a41c35a4/elements - {"using":"xpath","value":"//*[text()='OK']"}
RESULT: {"using":"xpath","value":"//*[text()='OK']"}
COMMAND: POST /session/0bd35d5034cd75fc8dc44075a41c35a4/elements - {"using":"xpath","value":"//*[text()='OK']"}
RESULT: {"using":"xpath","value":"//*[text()='OK']"}
COMMAND: POST /session/0bd35d5034cd75fc8dc44075a41c35a4/elements - {"using":"xpath","value":"//*[text()='OK']"}
RESULT: {"using":"xpath","value":"//*[text()='OK']"}
COMMAND: POST /session/0bd35d5034cd75fc8dc44075a41c35a4/elements - {"using":"xpath","value":"//*[text()='OK']"}
RESULT: {"using":"xpath","value":"//*[text()='OK']"}
COMMAND: POST /session/0bd35d5034cd75fc8dc44075a41c35a4/elements - {"using":"xpath","value":"//*[text()='OK']"}
RESULT: {"using":"xpath","value":"//*[text()='OK']"}
COMMAND: POST /session/0bd35d5034cd75fc8dc44075a41c35a4/elements - {"using":"xpath","value":"//*[text()='OK']"}
RESULT: {"using":"xpath","value":"//*[text()='OK']"}
COMMAND: POST /session/0bd35d5034cd75fc8dc44075a41c35a4/elements - {"using":"xpath","value":"//*[text()='OK']"}
RESULT: {"using":"xpath","value":"//*[text()='OK']"}
COMMAND: POST /session/0bd35d5034cd75fc8dc44075a41c35a4/elements - {"using":"xpath","value":"//*[text()='OK']"}
RESULT: {"using":"xpath","value":"//*[text()='OK']"}
COMMAND: POST /session/0bd35d5034cd75fc8dc44075a41c35a4/elements - {"using":"xpath","value":"//*[text()='OK']"}
RESULT: {"using":"xpath","value":"//*[text()='OK']"}
COMMAND: POST /session/0bd35d5034cd75fc8dc44075a41c35a4/elements - {"using":"xpath","value":"//*[text()='OK']"}
RESULT: {"using":"xpath","value":"//*[text()='OK']"}
COMMAND: POST /session/0bd35d5034cd75fc8dc44075a41c35a4/elements - {"using":"xpath","value":"//*[text()='OK']"}
RESULT: {"using":"xpath","value":"//*[text()='OK']"}
COMMAND: POST /session/0bd35d5034cd75fc8dc44075a41c35a4/elements - {"using":"xpath","value":"//*[text()='OK']"}
RESULT: {"using":"xpath","value":"//*[text()='OK']"}
COMMAND: POST /session/0bd35d5034cd75fc8dc44075a41c35a4/elements - {"using":"xpath","value":"//*[text()='OK']"}
RESULT: {"using":"xpath","value":"//*[text()='OK']"}
COMMAND: POST /session/0bd35d5034cd75fc8dc44075a41c35a4/elements - {"using":"xpath","value":"//*[text()='OK']"}
RESULT: {"using":"xpath","value":"//*[text()='OK']"}
COMMAND: POST /session/0bd35d5034cd75fc8dc44075a41c35a4/elements - {"using":"xpath","value":"//*[text()='OK']"}
RESULT: {"using":"xpath","value":"//*[text()='OK']"}
COMMAND: POST /session/0bd35d5034cd75fc8dc44075a41c35a4/elements - {"using":"xpath","value":"//*[text()='OK']"}
RESULT: {"using":"xpath","value":"//*[text()='OK']"}
COMMAND: POST /session/0bd35d5034cd75fc8dc44075a41c35a4/elements - {"using":"xpath","value":"//*[text()='OK']"}
RESULT: {"using":"xpath","value":"//*[text()='OK']"}
COMMAND: POST /session/0bd35d5034cd75fc8dc44075a41c35a4/elements - {"using":"xpath","value":"//*[text()='OK']"}
RESULT: {"using":"xpath","value":"//*[text()='OK']"}
COMMAND: POST /session/0bd35d5034cd75fc8dc44075a41c35a4/elements - {"using":"xpath","value":"//*[text()='OK']"}
RESULT: {"using":"xpath","value":"//*[text()='OK']"}
COMMAND: POST /session/0bd35d5034cd75fc8dc44075a41c35a4/elements - {"using":"xpath","value":"//*[text()='OK']"}
RESULT: {"using":"xpath","value":"//*[text()='OK']"}
COMMAND: POST /session/0bd35d5034cd75fc8dc44075a41c35a4/elements - {"using":"xpath","value":"//*[text()='OK']"}
RESULT: {"using":"xpath","value":"//*[text()='OK']"}
COMMAND: POST /session/0bd35d5034cd75fc8dc44075a41c35a4/elements - {"using":"xpath","value":"//*[text()='OK']"}
RESULT: {"using":"xpath","value":"//*[text()='OK']"}
COMMAND: POST /session/0bd35d5034cd75fc8dc44075a41c35a4/elements - {"using":"xpath","value":"//*[text()='OK']"}
RESULT: {"using":"xpath","value":"//*[text()='OK']"}
COMMAND: POST /session/0bd35d5034cd75fc8dc44075a41c35a4/elements - {"using":"xpath","value":"//*[text()='OK']"}
RESULT: {"using":"xpath","value":"//*[text()='OK']"}
COMMAND: POST /session/0bd35d5034cd75fc8dc44075a41c35a4/elements - {"using":"xpath","value":"//*[text()='OK']"}
RESULT: {"using":"xpath","value":"//*[text()='OK']"}
COMMAND: POST /session/0bd35d5034cd75fc8dc44075a41c35a4/elements - {"using":"xpath","value":"//*[text()='OK']"}
RESULT: {"using":"xpath","value":"//*[text()='OK']"}
COMMAND: POST /session/0bd35d5034cd75fc8dc44075a41c35a4/elements - {"using":"xpath","value":"//*[text()='OK']"}
RESULT: {"using":"xpath","value":"//*[text()='OK']"}
COMMAND: POST /session/0bd35d5034cd75fc8dc44075a41c35a4/elements - {"using":"xpath","value":"//*[text()='OK']"}
RESULT: {"using":"xpath","value":"//*[text()='OK']"}
COMMAND: POST /session/0bd35d5034cd75fc8dc44075a41c35a4/elements - {"using":"xpath","value":"//*[text()='OK']"}
RESULT: {"using":"xpath","value":"//*[text()='OK']"}
COMMAND: POST /session/0bd35d5034cd75fc8dc44075a41c35a4/elements - {"using":"xpath","value":"//*[text()='OK']"}
RESULT: {"using":"xpath","value":"//*[text()='OK']"}
COMMAND: POST /session/0bd35d5034cd75fc8dc44075a41c35a4/elements - {"using":"xpath","value":"//*[text()='OK']"}
RESULT: {"using":"xpath","value":"//*[text()='OK']"}
COMMAND: POST /session/0bd35d5034cd75fc8dc44075a41c35a4/elements - {"using":"xpath","value":"//*[text()='OK']"}
RESULT: {"using":"xpath","value":"//*[text()='OK']"}
COMMAND: POST /session/0bd35d5034cd75fc8dc44075a41c35a4/elements - {"using":"xpath","value":"//*[text()='OK']"}
RESULT: {"using":"xpath","value":"//*[text()='OK']"}
COMMAND: POST /session/0bd35d5034cd75fc8dc44075a41c35a4/elements - {"using":"xpath","value":"//*[text()='OK']"}
RESULT: {"using":"xpath","value":"//*[text()='OK']"}
COMMAND: POST /session/0bd35d5034cd75fc8dc44075a41c35a4/elements - {"using":"xpath","value":"//*[text()='OK']"}
RESULT: {"using":"xpath","value":"//*[text()='OK']"}
COMMAND: POST /session/0bd35d5034cd75fc8dc44075a41c35a4/elements - {"using":"xpath","value":"//*[text()='OK']"}
RESULT: {"using":"xpath","value":"//*[text()='OK']"}
COMMAND: POST /session/0bd35d5034cd75fc8dc44075a41c35a4/elements - {"using":"xpath","value":"//*[text()='OK']"}
RESULT: {"using":"xpath","value":"//*[text()='OK']"}
COMMAND: POST /session/0bd35d5034cd75fc8dc44075a41c35a4/elements - {"using":"xpath","value":"//*[text()='OK']"}
RESULT: {"using":"xpath","value":"//*[text()='OK']"}
COMMAND: POST /session/0bd35d5034cd75fc8dc44075a41c35a4/elements - {"using":"xpath","value":"//*[text()='OK']"}
RESULT: {"using":"xpath","value":"//*[text()='OK']"}
COMMAND: POST /session/0bd35d5034cd75fc8dc44075a41c35a4/elements - {"using":"xpath","value":"//*[text()='OK']"}
RESULT: {"using":"xpath","value":"//*[text()='OK']"}
COMMAND: POST /session/0bd35d5034cd75fc8dc44075a41c35a4/elements - {"using":"xpath","value":"//*[text()='OK']"}
RESULT: {"using":"xpath","value":"//*[text()='OK']"}
COMMAND: POST /session/0bd35d5034cd75fc8dc44075a41c35a4/elements - {"using":"xpath","value":"//*[text()='OK']"}
RESULT: {"using":"xpath","value":"//*[text()='OK']"}
COMMAND: POST /session/0bd35d5034cd75fc8dc44075a41c35a4/elements - {"using":"xpath","value":"//*[text()='OK']"}
RESULT: {"using":"xpath","value":"//*[text()='OK']"}
COMMAND: POST /session/0bd35d5034cd75fc8dc44075a41c35a4/elements - {"using":"xpath","value":"//*[text()='OK']"}
RESULT: {"using":"xpath","value":"//*[text()='OK']"}
COMMAND: POST /session/0bd35d5034cd75fc8dc44075a41c35a4/elements - {"using":"xpath","value":"//*[text()='OK']"}
RESULT: {"using":"xpath","value":"//*[text()='OK']"}
COMMAND: POST /session/0bd35d5034cd75fc8dc44075a41c35a4/elements - {"using":"xpath","value":"//*[text()='OK']"}
RESULT: {"using":"xpath","value":"//*[text()='OK']"}
COMMAND: POST /session/0bd35d5034cd75fc8dc44075a41c35a4/elements - {"using":"xpath","value":"//*[text()='OK']"}
RESULT: {"using":"xpath","value":"//*[text()='OK']"}
COMMAND: POST /session/0bd35d5034cd75fc8dc44075a41c35a4/elements - {"using":"xpath","value":"//*[text()='OK']"}
RESULT: {"using":"xpath","value":"//*[text()='OK']"}
COMMAND: POST /session/0bd35d5034cd75fc8dc44075a41c35a4/elements - {"using":"xpath","value":"//*[text()='OK']"}
RESULT: {"using":"xpath","value":"//*[text()='OK']"}
COMMAND: POST /session/0bd35d5034cd75fc8dc44075a41c35a4/elements - {"using":"xpath","value":"//*[text()='OK']"}
RESULT: {"using":"xpath","value":"//*[text()='OK']"}
COMMAND: POST /session/0bd35d5034cd75fc8dc44075a41c35a4/elements - {"using":"xpath","value":"//*[text()='OK']"}
RESULT: {"using":"xpath","value":"//*[text()='OK']"}
COMMAND: POST /session/0bd35d5034cd75fc8dc44075a41c35a4/elements - {"using":"xpath","value":"//*[text()='OK']"}
RESULT: {"using":"xpath","value":"//*[text()='OK']"}
COMMAND: POST /session/0bd35d5034cd75fc8dc44075a41c35a4/elements - {"using":"xpath","value":"//*[text()='OK']"}
RESULT: {"using":"xpath","value":"//*[text()='OK']"}
COMMAND: POST /session/0bd35d5034cd75fc8dc44075a41c35a4/elements - {"using":"xpath","value":"//*[text()='OK']"}
RESULT: {"using":"xpath","value":"//*[text()='OK']"}
COMMAND: POST /session/0bd35d5034cd75fc8dc44075a41c35a4/elements - {"using":"xpath","value":"//*[text()='OK']"}
RESULT: {"using":"xpath","value":"//*[text()='OK']"}
COMMAND: POST /session/0bd35d5034cd75fc8dc44075a41c35a4/elements - {"using":"xpath","value":"//*[text()='OK']"}
RESULT: {"using":"xpath","value":"//*[text()='OK']"}
COMMAND: POST /session/0bd35d5034cd75fc8dc44075a41c35a4/elements - {"using":"xpath","value":"//*[text()='OK']"}
RESULT: {"using":"xpath","value":"//*[text()='OK']"}
COMMAND: POST /session/0bd35d5034cd75fc8dc44075a41c35a4/elements - {"using":"xpath","value":"//*[text()='OK']"}
RESULT: {"using":"xpath","value":"//*[text()='OK']"}
COMMAND: POST /session/0bd35d5034cd75fc8dc44075a41c35a4/elements - {"using":"xpath","value":"//*[text()='OK']"}
RESULT: {"using":"xpath","value":"//*[text()='OK']"}
COMMAND: POST /session/0bd35d5034cd75fc8dc44075a41c35a4/elements - {"using":"xpath","value":"//*[text()='OK']"}
RESULT: {"using":"xpath","value":"//*[text()='OK']"}
COMMAND: POST /session/0bd35d5034cd75fc8dc44075a41c35a4/elements - {"using":"xpath","value":"//*[text()='OK']"}
RESULT: {"using":"xpath","value":"//*[text()='OK']"}
COMMAND: POST /session/0bd35d5034cd75fc8dc44075a41c35a4/elements - {"using":"xpath","value":"//*[text()='OK']"}
RESULT: {"using":"xpath","value":"//*[text()='OK']"}
COMMAND: POST /session/0bd35d5034cd75fc8dc44075a41c35a4/elements - {"using":"xpath","value":"//*[text()='OK']"}
RESULT: {"using":"xpath","value":"//*[text()='OK']"}
COMMAND: POST /session/0bd35d5034cd75fc8dc44075a41c35a4/elements - {"using":"xpath","value":"//*[text()='OK']"}
RESULT: {"using":"xpath","value":"//*[text()='OK']"}
COMMAND: POST /session/0bd35d5034cd75fc8dc44075a41c35a4/elements - {"using":"xpath","value":"//*[text()='OK']"}
RESULT: {"using":"xpath","value":"//*[text()='OK']"}
COMMAND: POST /session/0bd35d5034cd75fc8dc44075a41c35a4/elements - {"using":"xpath","value":"//*[text()='OK']"}
RESULT: {"using":"xpath","value":"//*[text()='OK']"}
COMMAND: POST /session/0bd35d5034cd75fc8dc44075a41c35a4/elements - {"using":"xpath","value":"//*[text()='OK']"}
RESULT: {"using":"xpath","value":"//*[text()='OK']"}
COMMAND: POST /session/0bd35d5034cd75fc8dc44075a41c35a4/elements - {"using":"xpath","value":"//*[text()='OK']"}
RESULT: {"using":"xpath","value":"//*[text()='OK']"}
COMMAND: POST /session/0bd35d5034cd75fc8dc44075a41c35a4/elements - {"using":"xpath","value":"//*[text()='OK']"}
RESULT: {"using":"xpath","value":"//*[text()='OK']"}
COMMAND: POST /session/0bd35d5034cd75fc8dc44075a41c35a4/elements - {"using":"xpath","value":"//*[text()='OK']"}
RESULT: {"using":"xpath","value":"//*[text()='OK']"}
COMMAND: POST /session/0bd35d5034cd75fc8dc44075a41c35a4/elements - {"using":"xpath","value":"//*[text()='OK']"}
RESULT: {"using":"xpath","value":"//*[text()='OK']"}
COMMAND: POST /session/0bd35d5034cd75fc8dc44075a41c35a4/elements - {"using":"xpath","value":"//*[text()='OK']"}
RESULT: {"using":"xpath","value":"//*[text()='OK']"}
COMMAND: POST /session/0bd35d5034cd75fc8dc44075a41c35a4/elements - {"using":"xpath","value":"//*[text()='OK']"}
RESULT: {"using":"xpath","value":"//*[text()='OK']"}
COMMAND: POST /session/0bd35d5034cd75fc8dc44075a41c35a4/elements - {"using":"xpath","value":"//*[text()='OK']"}
RESULT: {"using":"xpath","value":"//*[text()='OK']"}
COMMAND: POST /session/0bd35d5034cd75fc8dc44075a41c35a4/elements - {"using":"xpath","value":"//*[text()='OK']"}
RESULT: {"using":"xpath","value":"//*[text()='OK']"}
COMMAND: POST /session/0bd35d5034cd75fc8dc44075a41c35a4/elements - {"using":"xpath","value":"//*[text()='OK']"}
RESULT: {"using":"xpath","value":"//*[text()='OK']"}
COMMAND: POST /session/0bd35d5034cd75fc8dc44075a41c35a4/elements - {"using":"xpath","value":"//*[text()='OK']"}
RESULT: {"using":"xpath","value":"//*[text()='OK']"}
COMMAND: POST /session/0bd35d5034cd75fc8dc44075a41c35a4/elements - {"using":"xpath","value":"//*[text()='OK']"}
RESULT: {"using":"xpath","value":"//*[text()='OK']"}
COMMAND: POST /session/0bd35d5034cd75fc8dc44075a41c35a4/elements - {"using":"xpath","value":"//*[text()='OK']"}
RESULT: {"using":"xpath","value":"//*[text()='OK']"}
COMMAND: POST /session/0bd35d5034cd75fc8dc44075a41c35a4/elements - {"using":"xpath","value":"//*[text()='OK']"}
RESULT: {"using":"xpath","value":"//*[text()='OK']"}
COMMAND: POST /session/0bd35d5034cd75fc8dc44075a41c35a4/elements - {"using":"xpath","value":"//*[text()='OK']"}
RESULT: {"using":"xpath","value":"//*[text()='OK']"}
COMMAND: POST /session/0bd35d5034cd75fc8dc44075a41c35a4/elements - {"using":"xpath","value":"//*[text()='OK']"}
RESULT: {"using":"xpath","value":"//*[text()='OK']"}
COMMAND: POST /session/0bd35d5034cd75fc8dc44075a41c35a4/element - {"using":"xpath","value":"//*[text()='provide (prepared)']"}
RESULT: {"using":"xpath","value":"//*[text()='provide (prepared)']"}
COMMAND: GET /session/0bd35d5034cd75fc8dc44075a41c35a4/element/f.1DB2A491F1B7C642484AEDF47EA6FD52.d.C21CB73D301C02BC5EB19D45476A13A0.e.9659/text - {}
RESULT: {}
COMMAND: POST /session/0bd35d5034cd75fc8dc44075a41c35a4/element - {"using":"xpath","value":"//*[contains(text(), \"Instructions\")][@class=\"sapMITHTextContent\"]"}
RESULT: {"using":"xpath","value":"//*[contains(text(), \"Instructions\")][@class=\"sapMITHTextContent\"]"}
COMMAND: POST /session/0bd35d5034cd75fc8dc44075a41c35a4/execute/sync - {"script":"<script> [8489 bytes]","args":[{"element-6066-11e4-a52e-4f735466cecf":"f.1DB2A491F1B7C642484AEDF47EA6FD52.d.C21CB73D301C02BC5EB19D45476A13A0.e.9660","ELEMENT":"f.1DB2A491F1B7C642484AEDF47EA6FD52.d.C21CB73D301C02BC5EB19D45476A13A0.e.9660"}]}
RESULT: {"script":"<script> [8489 bytes]","args":[{"element-6066-11e4-a52e-4f735466cecf":"f.1DB2A491F1B7C642484AEDF47EA6FD52.d.C21CB73D301C02BC5EB19D45476A13A0.e.9660","ELEMENT":"f.1DB2A491F1B7C642484AEDF47EA6FD52.d.C21CB73D301C02BC5EB19D45476A13A0.e.9660"}]}
COMMAND: POST /session/0bd35d5034cd75fc8dc44075a41c35a4/execute/sync - {"script":"<script> [5351 bytes]","args":[{"element-6066-11e4-a52e-4f735466cecf":"f.1DB2A491F1B7C642484AEDF47EA6FD52.d.C21CB73D301C02BC5EB19D45476A13A0.e.9660","ELEMENT":"f.1DB2A491F1B7C642484AEDF47EA6FD52.d.C21CB73D301C02BC5EB19D45476A13A0.e.9660"}]}
COMMAND: GET /session/0bd35d5034cd75fc8dc44075a41c35a4/screenshot - {}
RESULT: {"script":"<script> [5351 bytes]","args":[{"element-6066-11e4-a52e-4f735466cecf":"f.1DB2A491F1B7C642484AEDF47EA6FD52.d.C21CB73D301C02BC5EB19D45476A13A0.e.9660","ELEMENT":"f.1DB2A491F1B7C642484AEDF47EA6FD52.d.C21CB73D301C02BC5EB19D45476A13A0.e.9660"}]}
COMMAND: POST /session/0bd35d5034cd75fc8dc44075a41c35a4/element/f.1DB2A491F1B7C642484AEDF47EA6FD52.d.C21CB73D301C02BC5EB19D45476A13A0.e.9660/click - {}
COMMAND: GET /session/0bd35d5034cd75fc8dc44075a41c35a4/screenshot - {}
RESULT: {}
RESULT: {}
COMMAND: POST /session/0bd35d5034cd75fc8dc44075a41c35a4/actions - {"actions":[{"id":"action38","type":"key","parameters":{},"actions":[{"type":"keyDown","value":"î€‡"},{"type":"pause","duration":10},{"type":"keyUp","value":"î€‡"}]}]}
COMMAND: GET /session/0bd35d5034cd75fc8dc44075a41c35a4/screenshot - {}
RESULT: {}
RESULT: {"actions":[{"id":"action38","type":"key","parameters":{},"actions":[{"type":"keyDown","value":"î€‡"},{"type":"pause","duration":10},{"type":"keyUp","value":"î€‡"}]}]}
COMMAND: POST /session/0bd35d5034cd75fc8dc44075a41c35a4/element - {"using":"css selector","value":"#pickDialog--hoItemsTable-sa-CbBg"}
COMMAND: GET /session/0bd35d5034cd75fc8dc44075a41c35a4/screenshot - {}
RESULT: {}
RESULT: {"using":"css selector","value":"#pickDialog--hoItemsTable-sa-CbBg"}
COMMAND: GET /session/0bd35d5034cd75fc8dc44075a41c35a4/element/f.1DB2A491F1B7C642484AEDF47EA6FD52.d.C21CB73D301C02BC5EB19D45476A13A0.e.9667/enabled - {}
RESULT: {}
RESULT: {}
COMMAND: POST /session/0bd35d5034cd75fc8dc44075a41c35a4/execute/sync - {"script":"<script> [8489 bytes]","args":[{"element-6066-11e4-a52e-4f735466cecf":"f.1DB2A491F1B7C642484AEDF47EA6FD52.d.C21CB73D301C02BC5EB19D45476A13A0.e.9667","ELEMENT":"f.1DB2A491F1B7C642484AEDF47EA6FD52.d.C21CB73D301C02BC5EB19D45476A13A0.e.9667"}]}
COMMAND: GET /session/0bd35d5034cd75fc8dc44075a41c35a4/screenshot - {}
RESULT: {"script":"<script> [8489 bytes]","args":[{"element-6066-11e4-a52e-4f735466cecf":"f.1DB2A491F1B7C642484AEDF47EA6FD52.d.C21CB73D301C02BC5EB19D45476A13A0.e.9667","ELEMENT":"f.1DB2A491F1B7C642484AEDF47EA6FD52.d.C21CB73D301C02BC5EB19D45476A13A0.e.9667"}]}
COMMAND: POST /session/0bd35d5034cd75fc8dc44075a41c35a4/execute/sync - {"script":"<script> [5351 bytes]","args":[{"element-6066-11e4-a52e-4f735466cecf":"f.1DB2A491F1B7C642484AEDF47EA6FD52.d.C21CB73D301C02BC5EB19D45476A13A0.e.9667","ELEMENT":"f.1DB2A491F1B7C642484AEDF47EA6FD52.d.C21CB73D301C02BC5EB19D45476A13A0.e.9667"}]}
COMMAND: GET /session/0bd35d5034cd75fc8dc44075a41c35a4/screenshot - {}
RESULT: {}
RESULT: {"script":"<script> [5351 bytes]","args":[{"element-6066-11e4-a52e-4f735466cecf":"f.1DB2A491F1B7C642484AEDF47EA6FD52.d.C21CB73D301C02BC5EB19D45476A13A0.e.9667","ELEMENT":"f.1DB2A491F1B7C642484AEDF47EA6FD52.d.C21CB73D301C02BC5EB19D45476A13A0.e.9667"}]}
COMMAND: POST /session/0bd35d5034cd75fc8dc44075a41c35a4/element/f.1DB2A491F1B7C642484AEDF47EA6FD52.d.C21CB73D301C02BC5EB19D45476A13A0.e.9667/click - {}
COMMAND: GET /session/0bd35d5034cd75fc8dc44075a41c35a4/screenshot - {}
RESULT: {}
RESULT: {}
COMMAND: POST /session/0bd35d5034cd75fc8dc44075a41c35a4/element - {"using":"xpath","value":"//bdi[text()='Confirm All']"}
COMMAND: GET /session/0bd35d5034cd75fc8dc44075a41c35a4/screenshot - {}
RESULT: {}
RESULT: {"using":"xpath","value":"//bdi[text()='Confirm All']"}
COMMAND: GET /session/0bd35d5034cd75fc8dc44075a41c35a4/element/f.1DB2A491F1B7C642484AEDF47EA6FD52.d.C21CB73D301C02BC5EB19D45476A13A0.e.9670/enabled - {}
RESULT: {}
RESULT: {}
COMMAND: POST /session/0bd35d5034cd75fc8dc44075a41c35a4/execute/sync - {"script":"<script> [8489 bytes]","args":[{"element-6066-11e4-a52e-4f735466cecf":"f.1DB2A491F1B7C642484AEDF47EA6FD52.d.C21CB73D301C02BC5EB19D45476A13A0.e.9670","ELEMENT":"f.1DB2A491F1B7C642484AEDF47EA6FD52.d.C21CB73D301C02BC5EB19D45476A13A0.e.9670"}]}
COMMAND: GET /session/0bd35d5034cd75fc8dc44075a41c35a4/screenshot - {}
RESULT: {"script":"<script> [8489 bytes]","args":[{"element-6066-11e4-a52e-4f735466cecf":"f.1DB2A491F1B7C642484AEDF47EA6FD52.d.C21CB73D301C02BC5EB19D45476A13A0.e.9670","ELEMENT":"f.1DB2A491F1B7C642484AEDF47EA6FD52.d.C21CB73D301C02BC5EB19D45476A13A0.e.9670"}]}
COMMAND: POST /session/0bd35d5034cd75fc8dc44075a41c35a4/execute/sync - {"script":"<script> [5351 bytes]","args":[{"element-6066-11e4-a52e-4f735466cecf":"f.1DB2A491F1B7C642484AEDF47EA6FD52.d.C21CB73D301C02BC5EB19D45476A13A0.e.9670","ELEMENT":"f.1DB2A491F1B7C642484AEDF47EA6FD52.d.C21CB73D301C02BC5EB19D45476A13A0.e.9670"}]}
COMMAND: GET /session/0bd35d5034cd75fc8dc44075a41c35a4/screenshot - {}
RESULT: {}
RESULT: {"script":"<script> [5351 bytes]","args":[{"element-6066-11e4-a52e-4f735466cecf":"f.1DB2A491F1B7C642484AEDF47EA6FD52.d.C21CB73D301C02BC5EB19D45476A13A0.e.9670","ELEMENT":"f.1DB2A491F1B7C642484AEDF47EA6FD52.d.C21CB73D301C02BC5EB19D45476A13A0.e.9670"}]}
COMMAND: POST /session/0bd35d5034cd75fc8dc44075a41c35a4/element/f.1DB2A491F1B7C642484AEDF47EA6FD52.d.C21CB73D301C02BC5EB19D45476A13A0.e.9670/click - {}
COMMAND: GET /session/0bd35d5034cd75fc8dc44075a41c35a4/screenshot - {}
RESULT: {}
RESULT: {}
COMMAND: GET /session/0bd35d5034cd75fc8dc44075a41c35a4/screenshot - {}
RESULT: {}
RESULT: {}
COMMAND: POST /session/0bd35d5034cd75fc8dc44075a41c35a4/actions - {"actions":[{"id":"action39","type":"key","parameters":{},"actions":[{"type":"keyDown","value":"î€‡"},{"type":"pause","duration":10},{"type":"keyUp","value":"î€‡"}]}]}
RESULT: {"actions":[{"id":"action39","type":"key","parameters":{},"actions":[{"type":"keyDown","value":"î€‡"},{"type":"pause","duration":10},{"type":"keyUp","value":"î€‡"}]}]}
COMMAND: POST /session/0bd35d5034cd75fc8dc44075a41c35a4/actions - {"actions":[{"id":"action40","type":"key","parameters":{},"actions":[{"type":"keyDown","value":"î€‡"},{"type":"pause","duration":10},{"type":"keyUp","value":"î€‡"}]}]}
COMMAND: GET /session/0bd35d5034cd75fc8dc44075a41c35a4/screenshot - {}
RESULT: {"actions":[{"id":"action40","type":"key","parameters":{},"actions":[{"type":"keyDown","value":"î€‡"},{"type":"pause","duration":10},{"type":"keyUp","value":"î€‡"}]}]}
COMMAND: POST /session/0bd35d5034cd75fc8dc44075a41c35a4/execute/async - {"script":"<script> [1562 bytes]","args":[{"selector":{"id":"statesDialog--okBttnStatesDialog","searchOpenDialogs":true,"interaction":{"idSuffix":"BDI-content"}},"wdio_ui5_key":"statesDialogokBttnStatesDialog"}]}
COMMAND: GET /session/0bd35d5034cd75fc8dc44075a41c35a4/screenshot - {}
RESULT: {}
RESULT: {"script":"<script> [1562 bytes]","args":[{"selector":{"id":"statesDialog--okBttnStatesDialog","searchOpenDialogs":true,"interaction":{"idSuffix":"BDI-content"}},"wdio_ui5_key":"statesDialogokBttnStatesDialog"}]}
RESULT: undefined
RESULT: {}
RESULT: undefined
RESULT: undefined
COMMAND: POST /session/0bd35d5034cd75fc8dc44075a41c35a4/actions - {"actions":[{"id":"action41","type":"key","parameters":{},"actions":[{"type":"keyDown","value":"î€‡"},{"type":"pause","duration":10},{"type":"keyUp","value":"î€‡"}]}]}
RESULT: {"actions":[{"id":"action41","type":"key","parameters":{},"actions":[{"type":"keyDown","value":"î€‡"},{"type":"pause","duration":10},{"type":"keyUp","value":"î€‡"}]}]}
COMMAND: POST /session/0bd35d5034cd75fc8dc44075a41c35a4/execute/async - {"script":"<script> [1562 bytes]","args":[{"selector":{"controlType":"sap.m.Text","viewName":"etm.portal.ui.managehandovers.view.DetailExecuteHO","bindingPath":{"propertyPath":"NO","modelName":"catalogModel"}},"wdio_ui5_key":"etmportal.ui.managehandovers.view.DetailExecuteHOsap.m.Text{\"propertyPath\":\"NO\",\"modelName\":\"catalogModel\"}"}]}
COMMAND: GET /session/0bd35d5034cd75fc8dc44075a41c35a4/screenshot - {}
RESULT: {"script":"<script> [1562 bytes]","args":[{"selector":{"controlType":"sap.m.Text","viewName":"etm.portal.ui.managehandovers.view.DetailExecuteHO","bindingPath":{"propertyPath":"NO","modelName":"catalogModel"}},"wdio_ui5_key":"etmportal.ui.managehandovers.view.DetailExecuteHOsap.m.Text{\"propertyPath\":\"NO\",\"modelName\":\"catalogModel\"}"}]}
RESULT: undefined
COMMAND: POST /session/0bd35d5034cd75fc8dc44075a41c35a4/execute/async - {"script":"<script> [6424 bytes]","args":[{"element-6066-11e4-a52e-4f735466cecf":"f.1DB2A491F1B7C642484AEDF47EA6FD52.d.C21CB73D301C02BC5EB19D45476A13A0.e.9676"},"getText",[]]}
RESULT: {}
RESULT: {"script":"<script> [6424 bytes]","args":[{"element-6066-11e4-a52e-4f735466cecf":"f.1DB2A491F1B7C642484AEDF47EA6FD52.d.C21CB73D301C02BC5EB19D45476A13A0.e.9676"},"getText",[]]}
COMMAND: POST /session/0bd35d5034cd75fc8dc44075a41c35a4/actions - {"actions":[{"id":"action42","type":"key","parameters":{},"actions":[{"type":"keyDown","value":"î€‡"},{"type":"pause","duration":10},{"type":"keyUp","value":"î€‡"}]}]}
RESULT: {"actions":[{"id":"action42","type":"key","parameters":{},"actions":[{"type":"keyDown","value":"î€‡"},{"type":"pause","duration":10},{"type":"keyUp","value":"î€‡"}]}]}
COMMAND: GET /session/0bd35d5034cd75fc8dc44075a41c35a4/screenshot - {}
RESULT: {}
COMMAND: POST /session/0bd35d5034cd75fc8dc44075a41c35a4/element - {"using":"xpath","value":"//bdi[text()='OK']"}
RESULT: {"using":"xpath","value":"//bdi[text()='OK']"}
COMMAND: POST /session/0bd35d5034cd75fc8dc44075a41c35a4/element - {"using":"xpath","value":"//bdi[text()='OK']"}
RESULT: {"using":"xpath","value":"//bdi[text()='OK']"}
COMMAND: POST /session/0bd35d5034cd75fc8dc44075a41c35a4/actions - {"actions":[{"id":"action43","type":"key","parameters":{},"actions":[{"type":"keyDown","value":"î€‡"},{"type":"pause","duration":10},{"type":"keyUp","value":"î€‡"}]}]}
RESULT: {"actions":[{"id":"action43","type":"key","parameters":{},"actions":[{"type":"keyDown","value":"î€‡"},{"type":"pause","duration":10},{"type":"keyUp","value":"î€‡"}]}]}
COMMAND: POST /session/0bd35d5034cd75fc8dc44075a41c35a4/element - {"using":"xpath","value":"//bdi[(text() = 'Confirm' or . = 'Confirm')]"}
COMMAND: GET /session/0bd35d5034cd75fc8dc44075a41c35a4/screenshot - {}
RESULT: {"using":"xpath","value":"//bdi[(text() = 'Confirm' or . = 'Confirm')]"}
COMMAND: POST /session/0bd35d5034cd75fc8dc44075a41c35a4/execute/sync - {"script":"<script> [8489 bytes]","args":[{"element-6066-11e4-a52e-4f735466cecf":"f.1DB2A491F1B7C642484AEDF47EA6FD52.d.C21CB73D301C02BC5EB19D45476A13A0.e.9679","ELEMENT":"f.1DB2A491F1B7C642484AEDF47EA6FD52.d.C21CB73D301C02BC5EB19D45476A13A0.e.9679"}]}
RESULT: {}
RESULT: {"script":"<script> [8489 bytes]","args":[{"element-6066-11e4-a52e-4f735466cecf":"f.1DB2A491F1B7C642484AEDF47EA6FD52.d.C21CB73D301C02BC5EB19D45476A13A0.e.9679","ELEMENT":"f.1DB2A491F1B7C642484AEDF47EA6FD52.d.C21CB73D301C02BC5EB19D45476A13A0.e.9679"}]}
COMMAND: POST /session/0bd35d5034cd75fc8dc44075a41c35a4/execute/sync - {"script":"<script> [8489 bytes]","args":[{"element-6066-11e4-a52e-4f735466cecf":"f.1DB2A491F1B7C642484AEDF47EA6FD52.d.C21CB73D301C02BC5EB19D45476A13A0.e.9679","ELEMENT":"f.1DB2A491F1B7C642484AEDF47EA6FD52.d.C21CB73D301C02BC5EB19D45476A13A0.e.9679"}]}
COMMAND: GET /session/0bd35d5034cd75fc8dc44075a41c35a4/screenshot - {}
RESULT: {"script":"<script> [8489 bytes]","args":[{"element-6066-11e4-a52e-4f735466cecf":"f.1DB2A491F1B7C642484AEDF47EA6FD52.d.C21CB73D301C02BC5EB19D45476A13A0.e.9679","ELEMENT":"f.1DB2A491F1B7C642484AEDF47EA6FD52.d.C21CB73D301C02BC5EB19D45476A13A0.e.9679"}]}
COMMAND: POST /session/0bd35d5034cd75fc8dc44075a41c35a4/execute/sync - {"script":"<script> [5351 bytes]","args":[{"element-6066-11e4-a52e-4f735466cecf":"f.1DB2A491F1B7C642484AEDF47EA6FD52.d.C21CB73D301C02BC5EB19D45476A13A0.e.9679","ELEMENT":"f.1DB2A491F1B7C642484AEDF47EA6FD52.d.C21CB73D301C02BC5EB19D45476A13A0.e.9679"}]}
COMMAND: GET /session/0bd35d5034cd75fc8dc44075a41c35a4/screenshot - {}
RESULT: {}
RESULT: {"script":"<script> [5351 bytes]","args":[{"element-6066-11e4-a52e-4f735466cecf":"f.1DB2A491F1B7C642484AEDF47EA6FD52.d.C21CB73D301C02BC5EB19D45476A13A0.e.9679","ELEMENT":"f.1DB2A491F1B7C642484AEDF47EA6FD52.d.C21CB73D301C02BC5EB19D45476A13A0.e.9679"}]}
COMMAND: POST /session/0bd35d5034cd75fc8dc44075a41c35a4/actions - {"actions":[{"id":"action44","type":"key","parameters":{},"actions":[{"type":"keyDown","value":"î€‡"},{"type":"pause","duration":10},{"type":"keyUp","value":"î€‡"}]}]}
COMMAND: GET /session/0bd35d5034cd75fc8dc44075a41c35a4/screenshot - {}
RESULT: {}
RESULT: {"actions":[{"id":"action44","type":"key","parameters":{},"actions":[{"type":"keyDown","value":"î€‡"},{"type":"pause","duration":10},{"type":"keyUp","value":"î€‡"}]}]}
COMMAND: POST /session/0bd35d5034cd75fc8dc44075a41c35a4/element - {"using":"xpath","value":"(//bdi[text()='Pick'])[1]"}
COMMAND: GET /session/0bd35d5034cd75fc8dc44075a41c35a4/screenshot - {}
RESULT: {}
RESULT: {"using":"xpath","value":"(//bdi[text()='Pick'])[1]"}
COMMAND: GET /session/0bd35d5034cd75fc8dc44075a41c35a4/element/f.1DB2A491F1B7C642484AEDF47EA6FD52.d.C21CB73D301C02BC5EB19D45476A13A0.e.9680/enabled - {}
RESULT: {}
RESULT: {}
COMMAND: POST /session/0bd35d5034cd75fc8dc44075a41c35a4/execute/sync - {"script":"<script> [8489 bytes]","args":[{"element-6066-11e4-a52e-4f735466cecf":"f.1DB2A491F1B7C642484AEDF47EA6FD52.d.C21CB73D301C02BC5EB19D45476A13A0.e.9680","ELEMENT":"f.1DB2A491F1B7C642484AEDF47EA6FD52.d.C21CB73D301C02BC5EB19D45476A13A0.e.9680"}]}
COMMAND: GET /session/0bd35d5034cd75fc8dc44075a41c35a4/screenshot - {}
RESULT: {"script":"<script> [8489 bytes]","args":[{"element-6066-11e4-a52e-4f735466cecf":"f.1DB2A491F1B7C642484AEDF47EA6FD52.d.C21CB73D301C02BC5EB19D45476A13A0.e.9680","ELEMENT":"f.1DB2A491F1B7C642484AEDF47EA6FD52.d.C21CB73D301C02BC5EB19D45476A13A0.e.9680"}]}
COMMAND: POST /session/0bd35d5034cd75fc8dc44075a41c35a4/execute/sync - {"script":"<script> [5351 bytes]","args":[{"element-6066-11e4-a52e-4f735466cecf":"f.1DB2A491F1B7C642484AEDF47EA6FD52.d.C21CB73D301C02BC5EB19D45476A13A0.e.9680","ELEMENT":"f.1DB2A491F1B7C642484AEDF47EA6FD52.d.C21CB73D301C02BC5EB19D45476A13A0.e.9680"}]}
COMMAND: GET /session/0bd35d5034cd75fc8dc44075a41c35a4/screenshot - {}
RESULT: {}
RESULT: {"script":"<script> [5351 bytes]","args":[{"element-6066-11e4-a52e-4f735466cecf":"f.1DB2A491F1B7C642484AEDF47EA6FD52.d.C21CB73D301C02BC5EB19D45476A13A0.e.9680","ELEMENT":"f.1DB2A491F1B7C642484AEDF47EA6FD52.d.C21CB73D301C02BC5EB19D45476A13A0.e.9680"}]}
COMMAND: POST /session/0bd35d5034cd75fc8dc44075a41c35a4/element/f.1DB2A491F1B7C642484AEDF47EA6FD52.d.C21CB73D301C02BC5EB19D45476A13A0.e.9680/click - {}
COMMAND: GET /session/0bd35d5034cd75fc8dc44075a41c35a4/screenshot - {}
RESULT: {}
RESULT: {}
COMMAND: POST /session/0bd35d5034cd75fc8dc44075a41c35a4/actions - {"actions":[{"id":"action45","type":"key","parameters":{},"actions":[{"type":"keyDown","value":"î€‡"},{"type":"pause","duration":10},{"type":"keyUp","value":"î€‡"}]}]}
COMMAND: GET /session/0bd35d5034cd75fc8dc44075a41c35a4/screenshot - {}
RESULT: {}
RESULT: {"actions":[{"id":"action45","type":"key","parameters":{},"actions":[{"type":"keyDown","value":"î€‡"},{"type":"pause","duration":10},{"type":"keyUp","value":"î€‡"}]}]}
COMMAND: GET /session/0bd35d5034cd75fc8dc44075a41c35a4/screenshot - {}
RESULT: {}
RESULT: {}
COMMAND: POST /session/0bd35d5034cd75fc8dc44075a41c35a4/execute/async - {"script":"<script> [1562 bytes]","args":[{"selector":{"controlType":"sap.m.SearchField","viewName":"etm.portal.ui.managehandovers.view.MasterHO","bindingPath":{"path":"","propertyPath":"/_BASIC_SEARCH_FIELD","modelName":"fi1t3rM0d31"},"interaction":{"idSuffix":"I"}},"wdio_ui5_key":"etmportal.ui.managehandovers.view.MasterHOsap.m.SearchField{\"path\":\"\",\"propertyPath\":\"/_BASIC_SEARCH_FIELD\",\"modelName\":\"fi1t3rM0d31\"}"}]}
RESULT: {"script":"<script> [1562 bytes]","args":[{"selector":{"controlType":"sap.m.SearchField","viewName":"etm.portal.ui.managehandovers.view.MasterHO","bindingPath":{"path":"","propertyPath":"/_BASIC_SEARCH_FIELD","modelName":"fi1t3rM0d31"},"interaction":{"idSuffix":"I"}},"wdio_ui5_key":"etmportal.ui.managehandovers.view.MasterHOsap.m.SearchField{\"path\":\"\",\"propertyPath\":\"/_BASIC_SEARCH_FIELD\",\"modelName\":\"fi1t3rM0d31\"}"}]}
RESULT: undefined
COMMAND: POST /session/0bd35d5034cd75fc8dc44075a41c35a4/execute/async - {"script":"<script> [776 bytes]","args":[{"enterText":"30873","selector":{"controlType":"sap.m.SearchField","viewName":"etm.portal.ui.managehandovers.view.MasterHO","bindingPath":{"path":"","propertyPath":"/_BASIC_SEARCH_FIELD","modelName":"fi1t3rM0d31"},"interaction":{"idSuffix":"I"}},"clearTextFirst":true,"interactionType":"ENTER_TEXT"}]}
RESULT: {"script":"<script> [776 bytes]","args":[{"enterText":"30873","selector":{"controlType":"sap.m.SearchField","viewName":"etm.portal.ui.managehandovers.view.MasterHO","bindingPath":{"path":"","propertyPath":"/_BASIC_SEARCH_FIELD","modelName":"fi1t3rM0d31"},"interaction":{"idSuffix":"I"}},"clearTextFirst":true,"interactionType":"ENTER_TEXT"}]}
COMMAND: POST /session/0bd35d5034cd75fc8dc44075a41c35a4/actions - {"actions":[{"id":"action46","type":"key","parameters":{},"actions":[{"type":"keyDown","value":"î€‡"},{"type":"pause","duration":10},{"type":"keyUp","value":"î€‡"}]}]}
RESULT: {"actions":[{"id":"action46","type":"key","parameters":{},"actions":[{"type":"keyDown","value":"î€‡"},{"type":"pause","duration":10},{"type":"keyUp","value":"î€‡"}]}]}
COMMAND: GET /session/0bd35d5034cd75fc8dc44075a41c35a4/screenshot - {}
RESULT: {}
COMMAND: POST /session/0bd35d5034cd75fc8dc44075a41c35a4/execute/async - {"script":"<script> [1562 bytes]","args":[{"selector":{"controlType":"sap.ui.core.Icon","viewName":"etm.portal.ui.managehandovers.view.MasterHO","properties":{"src":{"regex":{"source":"slim\\-arrow\\-right"}}}},"wdio_ui5_key":"etmportal.ui.managehandovers.view.MasterHOsap.ui.core.Icon{\"src\":{\"regex\":{\"source\":\"slim\\\\-arrow\\\\-right\"}}}"}]}
RESULT: {"script":"<script> [1562 bytes]","args":[{"selector":{"controlType":"sap.ui.core.Icon","viewName":"etm.portal.ui.managehandovers.view.MasterHO","properties":{"src":{"regex":{"source":"slim\\-arrow\\-right"}}}},"wdio_ui5_key":"etmportal.ui.managehandovers.view.MasterHOsap.ui.core.Icon{\"src\":{\"regex\":{\"source\":\"slim\\\\-arrow\\\\-right\"}}}"}]}
RESULT: undefined
COMMAND: POST /session/0bd35d5034cd75fc8dc44075a41c35a4/element - {"using":"xpath","value":"//*[@id=\"__item3857-__clone9542-imgNav\"]"}
RESULT: {"using":"xpath","value":"//*[@id=\"__item3857-__clone9542-imgNav\"]"}
COMMAND: POST /session/0bd35d5034cd75fc8dc44075a41c35a4/element/f.1DB2A491F1B7C642484AEDF47EA6FD52.d.C21CB73D301C02BC5EB19D45476A13A0.e.9958/click - {}
RESULT: {}
COMMAND: POST /session/0bd35d5034cd75fc8dc44075a41c35a4/element - {"using":"xpath","value":"(//span[text()='Instructions'])[2]"}
COMMAND: GET /session/0bd35d5034cd75fc8dc44075a41c35a4/screenshot - {}
RESULT: {"using":"xpath","value":"(//span[text()='Instructions'])[2]"}
COMMAND: GET /session/0bd35d5034cd75fc8dc44075a41c35a4/element/f.1DB2A491F1B7C642484AEDF47EA6FD52.d.C21CB73D301C02BC5EB19D45476A13A0.e.9660/enabled - {}
RESULT: {}
RESULT: {}
COMMAND: POST /session/0bd35d5034cd75fc8dc44075a41c35a4/execute/sync - {"script":"<script> [8489 bytes]","args":[{"element-6066-11e4-a52e-4f735466cecf":"f.1DB2A491F1B7C642484AEDF47EA6FD52.d.C21CB73D301C02BC5EB19D45476A13A0.e.9660","ELEMENT":"f.1DB2A491F1B7C642484AEDF47EA6FD52.d.C21CB73D301C02BC5EB19D45476A13A0.e.9660"}]}
COMMAND: GET /session/0bd35d5034cd75fc8dc44075a41c35a4/screenshot - {}
RESULT: {"script":"<script> [8489 bytes]","args":[{"element-6066-11e4-a52e-4f735466cecf":"f.1DB2A491F1B7C642484AEDF47EA6FD52.d.C21CB73D301C02BC5EB19D45476A13A0.e.9660","ELEMENT":"f.1DB2A491F1B7C642484AEDF47EA6FD52.d.C21CB73D301C02BC5EB19D45476A13A0.e.9660"}]}
COMMAND: POST /session/0bd35d5034cd75fc8dc44075a41c35a4/execute/sync - {"script":"<script> [5351 bytes]","args":[{"element-6066-11e4-a52e-4f735466cecf":"f.1DB2A491F1B7C642484AEDF47EA6FD52.d.C21CB73D301C02BC5EB19D45476A13A0.e.9660","ELEMENT":"f.1DB2A491F1B7C642484AEDF47EA6FD52.d.C21CB73D301C02BC5EB19D45476A13A0.e.9660"}]}
COMMAND: GET /session/0bd35d5034cd75fc8dc44075a41c35a4/screenshot - {}
RESULT: {}
RESULT: {"script":"<script> [5351 bytes]","args":[{"element-6066-11e4-a52e-4f735466cecf":"f.1DB2A491F1B7C642484AEDF47EA6FD52.d.C21CB73D301C02BC5EB19D45476A13A0.e.9660","ELEMENT":"f.1DB2A491F1B7C642484AEDF47EA6FD52.d.C21CB73D301C02BC5EB19D45476A13A0.e.9660"}]}
COMMAND: POST /session/0bd35d5034cd75fc8dc44075a41c35a4/element/f.1DB2A491F1B7C642484AEDF47EA6FD52.d.C21CB73D301C02BC5EB19D45476A13A0.e.9660/click - {}
COMMAND: GET /session/0bd35d5034cd75fc8dc44075a41c35a4/screenshot - {}
RESULT: {}
RESULT: {}
COMMAND: POST /session/0bd35d5034cd75fc8dc44075a41c35a4/element - {"using":"xpath","value":"//bdi[text()='Confirm']"}
COMMAND: GET /session/0bd35d5034cd75fc8dc44075a41c35a4/screenshot - {}
RESULT: {}
RESULT: {"using":"xpath","value":"//bdi[text()='Confirm']"}
COMMAND: GET /session/0bd35d5034cd75fc8dc44075a41c35a4/element/f.1DB2A491F1B7C642484AEDF47EA6FD52.d.C21CB73D301C02BC5EB19D45476A13A0.e.10009/enabled - {}
RESULT: {}
RESULT: {}
COMMAND: POST /session/0bd35d5034cd75fc8dc44075a41c35a4/execute/sync - {"script":"<script> [8489 bytes]","args":[{"element-6066-11e4-a52e-4f735466cecf":"f.1DB2A491F1B7C642484AEDF47EA6FD52.d.C21CB73D301C02BC5EB19D45476A13A0.e.10009","ELEMENT":"f.1DB2A491F1B7C642484AEDF47EA6FD52.d.C21CB73D301C02BC5EB19D45476A13A0.e.10009"}]}
COMMAND: GET /session/0bd35d5034cd75fc8dc44075a41c35a4/screenshot - {}
RESULT: {"script":"<script> [8489 bytes]","args":[{"element-6066-11e4-a52e-4f735466cecf":"f.1DB2A491F1B7C642484AEDF47EA6FD52.d.C21CB73D301C02BC5EB19D45476A13A0.e.10009","ELEMENT":"f.1DB2A491F1B7C642484AEDF47EA6FD52.d.C21CB73D301C02BC5EB19D45476A13A0.e.10009"}]}
COMMAND: POST /session/0bd35d5034cd75fc8dc44075a41c35a4/execute/sync - {"script":"<script> [5351 bytes]","args":[{"element-6066-11e4-a52e-4f735466cecf":"f.1DB2A491F1B7C642484AEDF47EA6FD52.d.C21CB73D301C02BC5EB19D45476A13A0.e.10009","ELEMENT":"f.1DB2A491F1B7C642484AEDF47EA6FD52.d.C21CB73D301C02BC5EB19D45476A13A0.e.10009"}]}
COMMAND: GET /session/0bd35d5034cd75fc8dc44075a41c35a4/screenshot - {}
RESULT: {}
RESULT: {"script":"<script> [5351 bytes]","args":[{"element-6066-11e4-a52e-4f735466cecf":"f.1DB2A491F1B7C642484AEDF47EA6FD52.d.C21CB73D301C02BC5EB19D45476A13A0.e.10009","ELEMENT":"f.1DB2A491F1B7C642484AEDF47EA6FD52.d.C21CB73D301C02BC5EB19D45476A13A0.e.10009"}]}
COMMAND: POST /session/0bd35d5034cd75fc8dc44075a41c35a4/element/f.1DB2A491F1B7C642484AEDF47EA6FD52.d.C21CB73D301C02BC5EB19D45476A13A0.e.10009/click - {}
COMMAND: GET /session/0bd35d5034cd75fc8dc44075a41c35a4/screenshot - {}
RESULT: {}
RESULT: {}
COMMAND: POST /session/0bd35d5034cd75fc8dc44075a41c35a4/actions - {"actions":[{"id":"action47","type":"key","parameters":{},"actions":[{"type":"keyDown","value":"î€‡"},{"type":"pause","duration":10},{"type":"keyUp","value":"î€‡"}]}]}
COMMAND: GET /session/0bd35d5034cd75fc8dc44075a41c35a4/screenshot - {}
RESULT: {}
RESULT: {"actions":[{"id":"action47","type":"key","parameters":{},"actions":[{"type":"keyDown","value":"î€‡"},{"type":"pause","duration":10},{"type":"keyUp","value":"î€‡"}]}]}
COMMAND: POST /session/0bd35d5034cd75fc8dc44075a41c35a4/element - {"using":"xpath","value":"//bdi[text()='Issue']"}
COMMAND: GET /session/0bd35d5034cd75fc8dc44075a41c35a4/screenshot - {}
RESULT: {}
RESULT: {"using":"xpath","value":"//bdi[text()='Issue']"}
COMMAND: GET /session/0bd35d5034cd75fc8dc44075a41c35a4/element/f.1DB2A491F1B7C642484AEDF47EA6FD52.d.C21CB73D301C02BC5EB19D45476A13A0.e.10012/enabled - {}
RESULT: {}
RESULT: {}
COMMAND: POST /session/0bd35d5034cd75fc8dc44075a41c35a4/execute/sync - {"script":"<script> [8489 bytes]","args":[{"element-6066-11e4-a52e-4f735466cecf":"f.1DB2A491F1B7C642484AEDF47EA6FD52.d.C21CB73D301C02BC5EB19D45476A13A0.e.10012","ELEMENT":"f.1DB2A491F1B7C642484AEDF47EA6FD52.d.C21CB73D301C02BC5EB19D45476A13A0.e.10012"}]}
COMMAND: GET /session/0bd35d5034cd75fc8dc44075a41c35a4/screenshot - {}
RESULT: {"script":"<script> [8489 bytes]","args":[{"element-6066-11e4-a52e-4f735466cecf":"f.1DB2A491F1B7C642484AEDF47EA6FD52.d.C21CB73D301C02BC5EB19D45476A13A0.e.10012","ELEMENT":"f.1DB2A491F1B7C642484AEDF47EA6FD52.d.C21CB73D301C02BC5EB19D45476A13A0.e.10012"}]}
COMMAND: POST /session/0bd35d5034cd75fc8dc44075a41c35a4/execute/sync - {"script":"<script> [5351 bytes]","args":[{"element-6066-11e4-a52e-4f735466cecf":"f.1DB2A491F1B7C642484AEDF47EA6FD52.d.C21CB73D301C02BC5EB19D45476A13A0.e.10012","ELEMENT":"f.1DB2A491F1B7C642484AEDF47EA6FD52.d.C21CB73D301C02BC5EB19D45476A13A0.e.10012"}]}
COMMAND: GET /session/0bd35d5034cd75fc8dc44075a41c35a4/screenshot - {}
RESULT: {}
RESULT: {"script":"<script> [5351 bytes]","args":[{"element-6066-11e4-a52e-4f735466cecf":"f.1DB2A491F1B7C642484AEDF47EA6FD52.d.C21CB73D301C02BC5EB19D45476A13A0.e.10012","ELEMENT":"f.1DB2A491F1B7C642484AEDF47EA6FD52.d.C21CB73D301C02BC5EB19D45476A13A0.e.10012"}]}
COMMAND: POST /session/0bd35d5034cd75fc8dc44075a41c35a4/element/f.1DB2A491F1B7C642484AEDF47EA6FD52.d.C21CB73D301C02BC5EB19D45476A13A0.e.10012/click - {}
COMMAND: GET /session/0bd35d5034cd75fc8dc44075a41c35a4/screenshot - {}
RESULT: {}
RESULT: {}
COMMAND: POST /session/0bd35d5034cd75fc8dc44075a41c35a4/element - {"using":"xpath","value":"//*[text()='Provide to site']"}
COMMAND: GET /session/0bd35d5034cd75fc8dc44075a41c35a4/screenshot - {}
RESULT: {}
RESULT: {"using":"xpath","value":"//*[text()='Provide to site']"}
COMMAND: POST /session/0bd35d5034cd75fc8dc44075a41c35a4/elements - {"using":"xpath","value":"//*[text()='Provide to site']"}
RESULT: {}
RESULT: {"using":"xpath","value":"//*[text()='Provide to site']"}
COMMAND: POST /session/0bd35d5034cd75fc8dc44075a41c35a4/elements - {"using":"xpath","value":"//*[text()='Provide to site']"}
RESULT: {"using":"xpath","value":"//*[text()='Provide to site']"}
COMMAND: POST /session/0bd35d5034cd75fc8dc44075a41c35a4/elements - {"using":"xpath","value":"//*[text()='Provide to site']"}
RESULT: {"using":"xpath","value":"//*[text()='Provide to site']"}
COMMAND: POST /session/0bd35d5034cd75fc8dc44075a41c35a4/elements - {"using":"xpath","value":"//*[text()='Provide to site']"}
RESULT: {"using":"xpath","value":"//*[text()='Provide to site']"}
COMMAND: POST /session/0bd35d5034cd75fc8dc44075a41c35a4/elements - {"using":"xpath","value":"//*[text()='Provide to site']"}
RESULT: {"using":"xpath","value":"//*[text()='Provide to site']"}
COMMAND: POST /session/0bd35d5034cd75fc8dc44075a41c35a4/elements - {"using":"xpath","value":"//*[text()='Provide to site']"}
RESULT: {"using":"xpath","value":"//*[text()='Provide to site']"}
COMMAND: POST /session/0bd35d5034cd75fc8dc44075a41c35a4/elements - {"using":"xpath","value":"//*[text()='Provide to site']"}
RESULT: {"using":"xpath","value":"//*[text()='Provide to site']"}
COMMAND: POST /session/0bd35d5034cd75fc8dc44075a41c35a4/elements - {"using":"xpath","value":"//*[text()='Provide to site']"}
RESULT: {"using":"xpath","value":"//*[text()='Provide to site']"}
COMMAND: POST /session/0bd35d5034cd75fc8dc44075a41c35a4/elements - {"using":"xpath","value":"//*[text()='Provide to site']"}
RESULT: {"using":"xpath","value":"//*[text()='Provide to site']"}
COMMAND: POST /session/0bd35d5034cd75fc8dc44075a41c35a4/elements - {"using":"xpath","value":"//*[text()='Provide to site']"}
RESULT: {"using":"xpath","value":"//*[text()='Provide to site']"}
COMMAND: POST /session/0bd35d5034cd75fc8dc44075a41c35a4/elements - {"using":"xpath","value":"//*[text()='Provide to site']"}
RESULT: {"using":"xpath","value":"//*[text()='Provide to site']"}
COMMAND: POST /session/0bd35d5034cd75fc8dc44075a41c35a4/elements - {"using":"xpath","value":"//*[text()='Provide to site']"}
RESULT: {"using":"xpath","value":"//*[text()='Provide to site']"}
COMMAND: POST /session/0bd35d5034cd75fc8dc44075a41c35a4/elements - {"using":"xpath","value":"//*[text()='Provide to site']"}
RESULT: {"using":"xpath","value":"//*[text()='Provide to site']"}
COMMAND: POST /session/0bd35d5034cd75fc8dc44075a41c35a4/elements - {"using":"xpath","value":"//*[text()='Provide to site']"}
RESULT: {"using":"xpath","value":"//*[text()='Provide to site']"}
COMMAND: POST /session/0bd35d5034cd75fc8dc44075a41c35a4/elements - {"using":"xpath","value":"//*[text()='Provide to site']"}
RESULT: {"using":"xpath","value":"//*[text()='Provide to site']"}
COMMAND: POST /session/0bd35d5034cd75fc8dc44075a41c35a4/elements - {"using":"xpath","value":"//*[text()='Provide to site']"}
RESULT: {"using":"xpath","value":"//*[text()='Provide to site']"}
COMMAND: POST /session/0bd35d5034cd75fc8dc44075a41c35a4/elements - {"using":"xpath","value":"//*[text()='Provide to site']"}
RESULT: {"using":"xpath","value":"//*[text()='Provide to site']"}
COMMAND: POST /session/0bd35d5034cd75fc8dc44075a41c35a4/elements - {"using":"xpath","value":"//*[text()='Provide to site']"}
RESULT: {"using":"xpath","value":"//*[text()='Provide to site']"}
COMMAND: POST /session/0bd35d5034cd75fc8dc44075a41c35a4/elements - {"using":"xpath","value":"//*[text()='Provide to site']"}
RESULT: {"using":"xpath","value":"//*[text()='Provide to site']"}
COMMAND: POST /session/0bd35d5034cd75fc8dc44075a41c35a4/elements - {"using":"xpath","value":"//*[text()='Provide to site']"}
RESULT: {"using":"xpath","value":"//*[text()='Provide to site']"}
COMMAND: POST /session/0bd35d5034cd75fc8dc44075a41c35a4/elements - {"using":"xpath","value":"//*[text()='Provide to site']"}
RESULT: {"using":"xpath","value":"//*[text()='Provide to site']"}
COMMAND: POST /session/0bd35d5034cd75fc8dc44075a41c35a4/elements - {"using":"xpath","value":"//*[text()='Provide to site']"}
RESULT: {"using":"xpath","value":"//*[text()='Provide to site']"}
COMMAND: POST /session/0bd35d5034cd75fc8dc44075a41c35a4/elements - {"using":"xpath","value":"//*[text()='Provide to site']"}
RESULT: {"using":"xpath","value":"//*[text()='Provide to site']"}
COMMAND: POST /session/0bd35d5034cd75fc8dc44075a41c35a4/elements - {"using":"xpath","value":"//*[text()='Provide to site']"}
RESULT: {"using":"xpath","value":"//*[text()='Provide to site']"}
COMMAND: POST /session/0bd35d5034cd75fc8dc44075a41c35a4/elements - {"using":"xpath","value":"//*[text()='Provide to site']"}
RESULT: {"using":"xpath","value":"//*[text()='Provide to site']"}
COMMAND: POST /session/0bd35d5034cd75fc8dc44075a41c35a4/elements - {"using":"xpath","value":"//*[text()='Provide to site']"}
RESULT: {"using":"xpath","value":"//*[text()='Provide to site']"}
COMMAND: POST /session/0bd35d5034cd75fc8dc44075a41c35a4/elements - {"using":"xpath","value":"//*[text()='Provide to site']"}
RESULT: {"using":"xpath","value":"//*[text()='Provide to site']"}
COMMAND: POST /session/0bd35d5034cd75fc8dc44075a41c35a4/elements - {"using":"xpath","value":"//*[text()='Provide to site']"}
RESULT: {"using":"xpath","value":"//*[text()='Provide to site']"}
COMMAND: POST /session/0bd35d5034cd75fc8dc44075a41c35a4/elements - {"using":"xpath","value":"//*[text()='Provide to site']"}
RESULT: {"using":"xpath","value":"//*[text()='Provide to site']"}
COMMAND: POST /session/0bd35d5034cd75fc8dc44075a41c35a4/elements - {"using":"xpath","value":"//*[text()='Provide to site']"}
RESULT: {"using":"xpath","value":"//*[text()='Provide to site']"}
COMMAND: POST /session/0bd35d5034cd75fc8dc44075a41c35a4/elements - {"using":"xpath","value":"//*[text()='Provide to site']"}
RESULT: {"using":"xpath","value":"//*[text()='Provide to site']"}
COMMAND: POST /session/0bd35d5034cd75fc8dc44075a41c35a4/elements - {"using":"xpath","value":"//*[text()='Provide to site']"}
RESULT: {"using":"xpath","value":"//*[text()='Provide to site']"}
COMMAND: POST /session/0bd35d5034cd75fc8dc44075a41c35a4/elements - {"using":"xpath","value":"//*[text()='Provide to site']"}
RESULT: {"using":"xpath","value":"//*[text()='Provide to site']"}
COMMAND: POST /session/0bd35d5034cd75fc8dc44075a41c35a4/elements - {"using":"xpath","value":"//*[text()='Provide to site']"}
RESULT: {"using":"xpath","value":"//*[text()='Provide to site']"}
COMMAND: POST /session/0bd35d5034cd75fc8dc44075a41c35a4/elements - {"using":"xpath","value":"//*[text()='Provide to site']"}
RESULT: {"using":"xpath","value":"//*[text()='Provide to site']"}
COMMAND: POST /session/0bd35d5034cd75fc8dc44075a41c35a4/elements - {"using":"xpath","value":"//*[text()='Provide to site']"}
RESULT: {"using":"xpath","value":"//*[text()='Provide to site']"}
COMMAND: POST /session/0bd35d5034cd75fc8dc44075a41c35a4/elements - {"using":"xpath","value":"//*[text()='Provide to site']"}
RESULT: {"using":"xpath","value":"//*[text()='Provide to site']"}
COMMAND: POST /session/0bd35d5034cd75fc8dc44075a41c35a4/elements - {"using":"xpath","value":"//*[text()='Provide to site']"}
RESULT: {"using":"xpath","value":"//*[text()='Provide to site']"}
COMMAND: POST /session/0bd35d5034cd75fc8dc44075a41c35a4/elements - {"using":"xpath","value":"//*[text()='Provide to site']"}
RESULT: {"using":"xpath","value":"//*[text()='Provide to site']"}
COMMAND: POST /session/0bd35d5034cd75fc8dc44075a41c35a4/elements - {"using":"xpath","value":"//*[text()='Provide to site']"}
RESULT: {"using":"xpath","value":"//*[text()='Provide to site']"}
COMMAND: POST /session/0bd35d5034cd75fc8dc44075a41c35a4/elements - {"using":"xpath","value":"//*[text()='Provide to site']"}
RESULT: {"using":"xpath","value":"//*[text()='Provide to site']"}
COMMAND: POST /session/0bd35d5034cd75fc8dc44075a41c35a4/elements - {"using":"xpath","value":"//*[text()='Provide to site']"}
RESULT: {"using":"xpath","value":"//*[text()='Provide to site']"}
COMMAND: POST /session/0bd35d5034cd75fc8dc44075a41c35a4/elements - {"using":"xpath","value":"//*[text()='Provide to site']"}
RESULT: {"using":"xpath","value":"//*[text()='Provide to site']"}
COMMAND: POST /session/0bd35d5034cd75fc8dc44075a41c35a4/elements - {"using":"xpath","value":"//*[text()='Provide to site']"}
RESULT: {"using":"xpath","value":"//*[text()='Provide to site']"}
COMMAND: POST /session/0bd35d5034cd75fc8dc44075a41c35a4/elements - {"using":"xpath","value":"//*[text()='Provide to site']"}
RESULT: {"using":"xpath","value":"//*[text()='Provide to site']"}
COMMAND: POST /session/0bd35d5034cd75fc8dc44075a41c35a4/elements - {"using":"xpath","value":"//*[text()='Provide to site']"}
RESULT: {"using":"xpath","value":"//*[text()='Provide to site']"}
COMMAND: POST /session/0bd35d5034cd75fc8dc44075a41c35a4/elements - {"using":"xpath","value":"//*[text()='Provide to site']"}
RESULT: {"using":"xpath","value":"//*[text()='Provide to site']"}
COMMAND: POST /session/0bd35d5034cd75fc8dc44075a41c35a4/elements - {"using":"xpath","value":"//*[text()='Provide to site']"}
RESULT: {"using":"xpath","value":"//*[text()='Provide to site']"}
COMMAND: POST /session/0bd35d5034cd75fc8dc44075a41c35a4/elements - {"using":"xpath","value":"//*[text()='Provide to site']"}
RESULT: {"using":"xpath","value":"//*[text()='Provide to site']"}
COMMAND: POST /session/0bd35d5034cd75fc8dc44075a41c35a4/elements - {"using":"xpath","value":"//*[text()='Provide to site']"}
RESULT: {"using":"xpath","value":"//*[text()='Provide to site']"}
COMMAND: POST /session/0bd35d5034cd75fc8dc44075a41c35a4/elements - {"using":"xpath","value":"//*[text()='Provide to site']"}
RESULT: {"using":"xpath","value":"//*[text()='Provide to site']"}
COMMAND: POST /session/0bd35d5034cd75fc8dc44075a41c35a4/elements - {"using":"xpath","value":"//*[text()='Provide to site']"}
RESULT: {"using":"xpath","value":"//*[text()='Provide to site']"}
COMMAND: POST /session/0bd35d5034cd75fc8dc44075a41c35a4/elements - {"using":"xpath","value":"//*[text()='Provide to site']"}
RESULT: {"using":"xpath","value":"//*[text()='Provide to site']"}
COMMAND: POST /session/0bd35d5034cd75fc8dc44075a41c35a4/elements - {"using":"xpath","value":"//*[text()='Provide to site']"}
RESULT: {"using":"xpath","value":"//*[text()='Provide to site']"}
COMMAND: POST /session/0bd35d5034cd75fc8dc44075a41c35a4/elements - {"using":"xpath","value":"//*[text()='Provide to site']"}
RESULT: {"using":"xpath","value":"//*[text()='Provide to site']"}
COMMAND: POST /session/0bd35d5034cd75fc8dc44075a41c35a4/elements - {"using":"xpath","value":"//*[text()='Provide to site']"}
RESULT: {"using":"xpath","value":"//*[text()='Provide to site']"}
COMMAND: POST /session/0bd35d5034cd75fc8dc44075a41c35a4/elements - {"using":"xpath","value":"//*[text()='Provide to site']"}
RESULT: {"using":"xpath","value":"//*[text()='Provide to site']"}
COMMAND: POST /session/0bd35d5034cd75fc8dc44075a41c35a4/elements - {"using":"xpath","value":"//*[text()='Provide to site']"}
RESULT: {"using":"xpath","value":"//*[text()='Provide to site']"}
COMMAND: POST /session/0bd35d5034cd75fc8dc44075a41c35a4/elements - {"using":"xpath","value":"//*[text()='Provide to site']"}
RESULT: {"using":"xpath","value":"//*[text()='Provide to site']"}
COMMAND: POST /session/0bd35d5034cd75fc8dc44075a41c35a4/elements - {"using":"xpath","value":"//*[text()='Provide to site']"}
RESULT: {"using":"xpath","value":"//*[text()='Provide to site']"}
COMMAND: POST /session/0bd35d5034cd75fc8dc44075a41c35a4/elements - {"using":"xpath","value":"//*[text()='Provide to site']"}
RESULT: {"using":"xpath","value":"//*[text()='Provide to site']"}
COMMAND: POST /session/0bd35d5034cd75fc8dc44075a41c35a4/elements - {"using":"xpath","value":"//*[text()='Provide to site']"}
RESULT: {"using":"xpath","value":"//*[text()='Provide to site']"}
COMMAND: POST /session/0bd35d5034cd75fc8dc44075a41c35a4/elements - {"using":"xpath","value":"//*[text()='Provide to site']"}
RESULT: {"using":"xpath","value":"//*[text()='Provide to site']"}
COMMAND: POST /session/0bd35d5034cd75fc8dc44075a41c35a4/elements - {"using":"xpath","value":"//*[text()='Provide to site']"}
RESULT: {"using":"xpath","value":"//*[text()='Provide to site']"}
COMMAND: POST /session/0bd35d5034cd75fc8dc44075a41c35a4/elements - {"using":"xpath","value":"//*[text()='Provide to site']"}
RESULT: {"using":"xpath","value":"//*[text()='Provide to site']"}
COMMAND: POST /session/0bd35d5034cd75fc8dc44075a41c35a4/elements - {"using":"xpath","value":"//*[text()='Provide to site']"}
RESULT: {"using":"xpath","value":"//*[text()='Provide to site']"}
COMMAND: POST /session/0bd35d5034cd75fc8dc44075a41c35a4/elements - {"using":"xpath","value":"//*[text()='Provide to site']"}
RESULT: {"using":"xpath","value":"//*[text()='Provide to site']"}
COMMAND: POST /session/0bd35d5034cd75fc8dc44075a41c35a4/elements - {"using":"xpath","value":"//*[text()='Provide to site']"}
RESULT: {"using":"xpath","value":"//*[text()='Provide to site']"}
COMMAND: POST /session/0bd35d5034cd75fc8dc44075a41c35a4/elements - {"using":"xpath","value":"//*[text()='Provide to site']"}
RESULT: {"using":"xpath","value":"//*[text()='Provide to site']"}
COMMAND: POST /session/0bd35d5034cd75fc8dc44075a41c35a4/elements - {"using":"xpath","value":"//*[text()='Provide to site']"}
RESULT: {"using":"xpath","value":"//*[text()='Provide to site']"}
COMMAND: POST /session/0bd35d5034cd75fc8dc44075a41c35a4/elements - {"using":"xpath","value":"//*[text()='Provide to site']"}
RESULT: {"using":"xpath","value":"//*[text()='Provide to site']"}
COMMAND: POST /session/0bd35d5034cd75fc8dc44075a41c35a4/elements - {"using":"xpath","value":"//*[text()='Provide to site']"}
RESULT: {"using":"xpath","value":"//*[text()='Provide to site']"}
COMMAND: POST /session/0bd35d5034cd75fc8dc44075a41c35a4/elements - {"using":"xpath","value":"//*[text()='Provide to site']"}
RESULT: {"using":"xpath","value":"//*[text()='Provide to site']"}
COMMAND: POST /session/0bd35d5034cd75fc8dc44075a41c35a4/elements - {"using":"xpath","value":"//*[text()='Provide to site']"}
RESULT: {"using":"xpath","value":"//*[text()='Provide to site']"}
COMMAND: POST /session/0bd35d5034cd75fc8dc44075a41c35a4/elements - {"using":"xpath","value":"//*[text()='Provide to site']"}
RESULT: {"using":"xpath","value":"//*[text()='Provide to site']"}
COMMAND: POST /session/0bd35d5034cd75fc8dc44075a41c35a4/elements - {"using":"xpath","value":"//*[text()='Provide to site']"}
RESULT: {"using":"xpath","value":"//*[text()='Provide to site']"}
COMMAND: POST /session/0bd35d5034cd75fc8dc44075a41c35a4/elements - {"using":"xpath","value":"//*[text()='Provide to site']"}
RESULT: {"using":"xpath","value":"//*[text()='Provide to site']"}
COMMAND: POST /session/0bd35d5034cd75fc8dc44075a41c35a4/elements - {"using":"xpath","value":"//*[text()='Provide to site']"}
RESULT: {"using":"xpath","value":"//*[text()='Provide to site']"}
COMMAND: POST /session/0bd35d5034cd75fc8dc44075a41c35a4/elements - {"using":"xpath","value":"//*[text()='Provide to site']"}
RESULT: {"using":"xpath","value":"//*[text()='Provide to site']"}
COMMAND: POST /session/0bd35d5034cd75fc8dc44075a41c35a4/elements - {"using":"xpath","value":"//*[text()='Provide to site']"}
RESULT: {"using":"xpath","value":"//*[text()='Provide to site']"}
COMMAND: POST /session/0bd35d5034cd75fc8dc44075a41c35a4/elements - {"using":"xpath","value":"//*[text()='Provide to site']"}
RESULT: {"using":"xpath","value":"//*[text()='Provide to site']"}
COMMAND: POST /session/0bd35d5034cd75fc8dc44075a41c35a4/elements - {"using":"xpath","value":"//*[text()='Provide to site']"}
RESULT: {"using":"xpath","value":"//*[text()='Provide to site']"}
COMMAND: POST /session/0bd35d5034cd75fc8dc44075a41c35a4/elements - {"using":"xpath","value":"//*[text()='Provide to site']"}
RESULT: {"using":"xpath","value":"//*[text()='Provide to site']"}
COMMAND: POST /session/0bd35d5034cd75fc8dc44075a41c35a4/elements - {"using":"xpath","value":"//*[text()='Provide to site']"}
RESULT: {"using":"xpath","value":"//*[text()='Provide to site']"}
COMMAND: POST /session/0bd35d5034cd75fc8dc44075a41c35a4/elements - {"using":"xpath","value":"//*[text()='Provide to site']"}
RESULT: {"using":"xpath","value":"//*[text()='Provide to site']"}
COMMAND: POST /session/0bd35d5034cd75fc8dc44075a41c35a4/elements - {"using":"xpath","value":"//*[text()='Provide to site']"}
RESULT: {"using":"xpath","value":"//*[text()='Provide to site']"}
COMMAND: POST /session/0bd35d5034cd75fc8dc44075a41c35a4/elements - {"using":"xpath","value":"//*[text()='Provide to site']"}
RESULT: {"using":"xpath","value":"//*[text()='Provide to site']"}
COMMAND: POST /session/0bd35d5034cd75fc8dc44075a41c35a4/elements - {"using":"xpath","value":"//*[text()='Provide to site']"}
RESULT: {"using":"xpath","value":"//*[text()='Provide to site']"}
COMMAND: POST /session/0bd35d5034cd75fc8dc44075a41c35a4/elements - {"using":"xpath","value":"//*[text()='Provide to site']"}
RESULT: {"using":"xpath","value":"//*[text()='Provide to site']"}
COMMAND: POST /session/0bd35d5034cd75fc8dc44075a41c35a4/elements - {"using":"xpath","value":"//*[text()='Provide to site']"}
RESULT: {"using":"xpath","value":"//*[text()='Provide to site']"}
COMMAND: POST /session/0bd35d5034cd75fc8dc44075a41c35a4/elements - {"using":"xpath","value":"//*[text()='provide (received)']"}
RESULT: {"using":"xpath","value":"//*[text()='provide (received)']"}
]]></system-out>
    </testcase>
    <testcase classname="chrome.135_0_7049_96.windows.Provide_to_Site_w/o_warehouse_management_w_clarification" name="Should Test for Handover Execution" time="296.359">
      <system-out><![CDATA[
COMMAND: POST /session/0bd35d5034cd75fc8dc44075a41c35a4/element - {"using":"xpath","value":"//*[text()='Provide to site']"}
RESULT: {"using":"xpath","value":"//*[text()='Provide to site']"}
COMMAND: POST /session/0bd35d5034cd75fc8dc44075a41c35a4/elements - {"using":"xpath","value":"//*[text()='Provide to site']"}
RESULT: {"using":"xpath","value":"//*[text()='Provide to site']"}
COMMAND: POST /session/0bd35d5034cd75fc8dc44075a41c35a4/elements - {"using":"xpath","value":"//*[text()='Provide to site']"}
RESULT: {"using":"xpath","value":"//*[text()='Provide to site']"}
COMMAND: POST /session/0bd35d5034cd75fc8dc44075a41c35a4/elements - {"using":"xpath","value":"//*[text()='Provide to site']"}
RESULT: {"using":"xpath","value":"//*[text()='Provide to site']"}
COMMAND: POST /session/0bd35d5034cd75fc8dc44075a41c35a4/elements - {"using":"xpath","value":"//*[text()='Provide to site']"}
RESULT: {"using":"xpath","value":"//*[text()='Provide to site']"}
COMMAND: POST /session/0bd35d5034cd75fc8dc44075a41c35a4/elements - {"using":"xpath","value":"//*[text()='Provide to site']"}
RESULT: {"using":"xpath","value":"//*[text()='Provide to site']"}
COMMAND: POST /session/0bd35d5034cd75fc8dc44075a41c35a4/elements - {"using":"xpath","value":"//*[text()='Provide to site']"}
RESULT: {"using":"xpath","value":"//*[text()='Provide to site']"}
COMMAND: POST /session/0bd35d5034cd75fc8dc44075a41c35a4/elements - {"using":"xpath","value":"//*[text()='Provide to site']"}
RESULT: {"using":"xpath","value":"//*[text()='Provide to site']"}
COMMAND: POST /session/0bd35d5034cd75fc8dc44075a41c35a4/elements - {"using":"xpath","value":"//*[text()='Provide to site']"}
RESULT: {"using":"xpath","value":"//*[text()='Provide to site']"}
COMMAND: POST /session/0bd35d5034cd75fc8dc44075a41c35a4/elements - {"using":"xpath","value":"//*[text()='Provide to site']"}
RESULT: {"using":"xpath","value":"//*[text()='Provide to site']"}
COMMAND: POST /session/0bd35d5034cd75fc8dc44075a41c35a4/elements - {"using":"xpath","value":"//*[text()='Provide to site']"}
RESULT: {"using":"xpath","value":"//*[text()='Provide to site']"}
COMMAND: POST /session/0bd35d5034cd75fc8dc44075a41c35a4/elements - {"using":"xpath","value":"//*[text()='Provide to site']"}
RESULT: {"using":"xpath","value":"//*[text()='Provide to site']"}
COMMAND: POST /session/0bd35d5034cd75fc8dc44075a41c35a4/elements - {"using":"xpath","value":"//*[text()='Provide to site']"}
RESULT: {"using":"xpath","value":"//*[text()='Provide to site']"}
COMMAND: POST /session/0bd35d5034cd75fc8dc44075a41c35a4/elements - {"using":"xpath","value":"//*[text()='Provide to site']"}
RESULT: {"using":"xpath","value":"//*[text()='Provide to site']"}
COMMAND: POST /session/0bd35d5034cd75fc8dc44075a41c35a4/elements - {"using":"xpath","value":"//*[text()='Provide to site']"}
RESULT: {"using":"xpath","value":"//*[text()='Provide to site']"}
COMMAND: POST /session/0bd35d5034cd75fc8dc44075a41c35a4/elements - {"using":"xpath","value":"//*[text()='Provide to site']"}
RESULT: {"using":"xpath","value":"//*[text()='Provide to site']"}
COMMAND: POST /session/0bd35d5034cd75fc8dc44075a41c35a4/elements - {"using":"xpath","value":"//*[text()='Provide to site']"}
RESULT: {"using":"xpath","value":"//*[text()='Provide to site']"}
COMMAND: POST /session/0bd35d5034cd75fc8dc44075a41c35a4/elements - {"using":"xpath","value":"//*[text()='Provide to site']"}
RESULT: {"using":"xpath","value":"//*[text()='Provide to site']"}
COMMAND: POST /session/0bd35d5034cd75fc8dc44075a41c35a4/elements - {"using":"xpath","value":"//*[text()='Provide to site']"}
RESULT: {"using":"xpath","value":"//*[text()='Provide to site']"}
COMMAND: POST /session/0bd35d5034cd75fc8dc44075a41c35a4/elements - {"using":"xpath","value":"//*[text()='Provide to site']"}
RESULT: {"using":"xpath","value":"//*[text()='Provide to site']"}
COMMAND: POST /session/0bd35d5034cd75fc8dc44075a41c35a4/elements - {"using":"xpath","value":"//*[text()='Provide to site']"}
RESULT: {"using":"xpath","value":"//*[text()='Provide to site']"}
COMMAND: POST /session/0bd35d5034cd75fc8dc44075a41c35a4/elements - {"using":"xpath","value":"//*[text()='Provide to site']"}
RESULT: {"using":"xpath","value":"//*[text()='Provide to site']"}
COMMAND: POST /session/0bd35d5034cd75fc8dc44075a41c35a4/elements - {"using":"xpath","value":"//*[text()='Provide to site']"}
RESULT: {"using":"xpath","value":"//*[text()='Provide to site']"}
COMMAND: POST /session/0bd35d5034cd75fc8dc44075a41c35a4/elements - {"using":"xpath","value":"//*[text()='Provide to site']"}
RESULT: {"using":"xpath","value":"//*[text()='Provide to site']"}
COMMAND: POST /session/0bd35d5034cd75fc8dc44075a41c35a4/elements - {"using":"xpath","value":"//*[text()='Provide to site']"}
RESULT: {"using":"xpath","value":"//*[text()='Provide to site']"}
COMMAND: POST /session/0bd35d5034cd75fc8dc44075a41c35a4/elements - {"using":"xpath","value":"//*[text()='Provide to site']"}
RESULT: {"using":"xpath","value":"//*[text()='Provide to site']"}
COMMAND: POST /session/0bd35d5034cd75fc8dc44075a41c35a4/elements - {"using":"xpath","value":"//*[text()='Provide to site']"}
RESULT: {"using":"xpath","value":"//*[text()='Provide to site']"}
COMMAND: POST /session/0bd35d5034cd75fc8dc44075a41c35a4/elements - {"using":"xpath","value":"//*[text()='Provide to site']"}
RESULT: {"using":"xpath","value":"//*[text()='Provide to site']"}
COMMAND: POST /session/0bd35d5034cd75fc8dc44075a41c35a4/elements - {"using":"xpath","value":"//*[text()='Provide to site']"}
RESULT: {"using":"xpath","value":"//*[text()='Provide to site']"}
COMMAND: POST /session/0bd35d5034cd75fc8dc44075a41c35a4/elements - {"using":"xpath","value":"//*[text()='Provide to site']"}
RESULT: {"using":"xpath","value":"//*[text()='Provide to site']"}
COMMAND: POST /session/0bd35d5034cd75fc8dc44075a41c35a4/elements - {"using":"xpath","value":"//*[text()='Provide to site']"}
RESULT: {"using":"xpath","value":"//*[text()='Provide to site']"}
COMMAND: POST /session/0bd35d5034cd75fc8dc44075a41c35a4/elements - {"using":"xpath","value":"//*[text()='Provide to site']"}
RESULT: {"using":"xpath","value":"//*[text()='Provide to site']"}
COMMAND: POST /session/0bd35d5034cd75fc8dc44075a41c35a4/elements - {"using":"xpath","value":"//*[text()='Provide to site']"}
RESULT: {"using":"xpath","value":"//*[text()='Provide to site']"}
COMMAND: POST /session/0bd35d5034cd75fc8dc44075a41c35a4/elements - {"using":"xpath","value":"//*[text()='Provide to site']"}
RESULT: {"using":"xpath","value":"//*[text()='Provide to site']"}
COMMAND: POST /session/0bd35d5034cd75fc8dc44075a41c35a4/elements - {"using":"xpath","value":"//*[text()='Provide to site']"}
RESULT: {"using":"xpath","value":"//*[text()='Provide to site']"}
COMMAND: POST /session/0bd35d5034cd75fc8dc44075a41c35a4/elements - {"using":"xpath","value":"//*[text()='Provide to site']"}
RESULT: {"using":"xpath","value":"//*[text()='Provide to site']"}
COMMAND: POST /session/0bd35d5034cd75fc8dc44075a41c35a4/elements - {"using":"xpath","value":"//*[text()='Provide to site']"}
RESULT: {"using":"xpath","value":"//*[text()='Provide to site']"}
COMMAND: POST /session/0bd35d5034cd75fc8dc44075a41c35a4/elements - {"using":"xpath","value":"//*[text()='Provide to site']"}
RESULT: {"using":"xpath","value":"//*[text()='Provide to site']"}
COMMAND: POST /session/0bd35d5034cd75fc8dc44075a41c35a4/elements - {"using":"xpath","value":"//*[text()='Provide to site']"}
RESULT: {"using":"xpath","value":"//*[text()='Provide to site']"}
COMMAND: POST /session/0bd35d5034cd75fc8dc44075a41c35a4/elements - {"using":"xpath","value":"//*[text()='Provide to site']"}
RESULT: {"using":"xpath","value":"//*[text()='Provide to site']"}
COMMAND: POST /session/0bd35d5034cd75fc8dc44075a41c35a4/elements - {"using":"xpath","value":"//*[text()='Provide to site']"}
RESULT: {"using":"xpath","value":"//*[text()='Provide to site']"}
COMMAND: POST /session/0bd35d5034cd75fc8dc44075a41c35a4/elements - {"using":"xpath","value":"//*[text()='Provide to site']"}
RESULT: {"using":"xpath","value":"//*[text()='Provide to site']"}
COMMAND: POST /session/0bd35d5034cd75fc8dc44075a41c35a4/elements - {"using":"xpath","value":"//*[text()='Provide to site']"}
RESULT: {"using":"xpath","value":"//*[text()='Provide to site']"}
COMMAND: POST /session/0bd35d5034cd75fc8dc44075a41c35a4/elements - {"using":"xpath","value":"//*[text()='Provide to site']"}
RESULT: {"using":"xpath","value":"//*[text()='Provide to site']"}
COMMAND: POST /session/0bd35d5034cd75fc8dc44075a41c35a4/elements - {"using":"xpath","value":"//*[text()='Provide to site']"}
RESULT: {"using":"xpath","value":"//*[text()='Provide to site']"}
COMMAND: POST /session/0bd35d5034cd75fc8dc44075a41c35a4/elements - {"using":"xpath","value":"//*[text()='Provide to site']"}
RESULT: {"using":"xpath","value":"//*[text()='Provide to site']"}
COMMAND: POST /session/0bd35d5034cd75fc8dc44075a41c35a4/elements - {"using":"xpath","value":"//*[text()='Provide to site']"}
RESULT: {"using":"xpath","value":"//*[text()='Provide to site']"}
COMMAND: POST /session/0bd35d5034cd75fc8dc44075a41c35a4/elements - {"using":"xpath","value":"//*[text()='Provide to site']"}
RESULT: {"using":"xpath","value":"//*[text()='Provide to site']"}
COMMAND: POST /session/0bd35d5034cd75fc8dc44075a41c35a4/elements - {"using":"xpath","value":"//*[text()='Provide to site']"}
RESULT: {"using":"xpath","value":"//*[text()='Provide to site']"}
COMMAND: POST /session/0bd35d5034cd75fc8dc44075a41c35a4/elements - {"using":"xpath","value":"//*[text()='Provide to site']"}
RESULT: {"using":"xpath","value":"//*[text()='Provide to site']"}
COMMAND: POST /session/0bd35d5034cd75fc8dc44075a41c35a4/elements - {"using":"xpath","value":"//*[text()='Provide to site']"}
RESULT: {"using":"xpath","value":"//*[text()='Provide to site']"}
COMMAND: POST /session/0bd35d5034cd75fc8dc44075a41c35a4/elements - {"using":"xpath","value":"//*[text()='Provide to site']"}
RESULT: {"using":"xpath","value":"//*[text()='Provide to site']"}
COMMAND: POST /session/0bd35d5034cd75fc8dc44075a41c35a4/elements - {"using":"xpath","value":"//*[text()='Provide to site']"}
RESULT: {"using":"xpath","value":"//*[text()='Provide to site']"}
COMMAND: POST /session/0bd35d5034cd75fc8dc44075a41c35a4/elements - {"using":"xpath","value":"//*[text()='Provide to site']"}
RESULT: {"using":"xpath","value":"//*[text()='Provide to site']"}
COMMAND: POST /session/0bd35d5034cd75fc8dc44075a41c35a4/elements - {"using":"xpath","value":"//*[text()='Provide to site']"}
RESULT: {"using":"xpath","value":"//*[text()='Provide to site']"}
COMMAND: POST /session/0bd35d5034cd75fc8dc44075a41c35a4/elements - {"using":"xpath","value":"//*[text()='Provide to site']"}
RESULT: {"using":"xpath","value":"//*[text()='Provide to site']"}
COMMAND: POST /session/0bd35d5034cd75fc8dc44075a41c35a4/elements - {"using":"xpath","value":"//*[text()='Provide to site']"}
RESULT: {"using":"xpath","value":"//*[text()='Provide to site']"}
COMMAND: POST /session/0bd35d5034cd75fc8dc44075a41c35a4/elements - {"using":"xpath","value":"//*[text()='Provide to site']"}
RESULT: {"using":"xpath","value":"//*[text()='Provide to site']"}
COMMAND: POST /session/0bd35d5034cd75fc8dc44075a41c35a4/elements - {"using":"xpath","value":"//*[text()='Provide to site']"}
RESULT: {"using":"xpath","value":"//*[text()='Provide to site']"}
COMMAND: POST /session/0bd35d5034cd75fc8dc44075a41c35a4/elements - {"using":"xpath","value":"//*[text()='Provide to site']"}
RESULT: {"using":"xpath","value":"//*[text()='Provide to site']"}
COMMAND: POST /session/0bd35d5034cd75fc8dc44075a41c35a4/elements - {"using":"xpath","value":"//*[text()='Provide to site']"}
RESULT: {"using":"xpath","value":"//*[text()='Provide to site']"}
COMMAND: POST /session/0bd35d5034cd75fc8dc44075a41c35a4/elements - {"using":"xpath","value":"//*[text()='Provide to site']"}
RESULT: {"using":"xpath","value":"//*[text()='Provide to site']"}
COMMAND: POST /session/0bd35d5034cd75fc8dc44075a41c35a4/elements - {"using":"xpath","value":"//*[text()='Provide to site']"}
RESULT: {"using":"xpath","value":"//*[text()='Provide to site']"}
COMMAND: POST /session/0bd35d5034cd75fc8dc44075a41c35a4/elements - {"using":"xpath","value":"//*[text()='Provide to site']"}
RESULT: {"using":"xpath","value":"//*[text()='Provide to site']"}
COMMAND: POST /session/0bd35d5034cd75fc8dc44075a41c35a4/elements - {"using":"xpath","value":"//*[text()='Provide to site']"}
RESULT: {"using":"xpath","value":"//*[text()='Provide to site']"}
COMMAND: POST /session/0bd35d5034cd75fc8dc44075a41c35a4/elements - {"using":"xpath","value":"//*[text()='Provide to site']"}
RESULT: {"using":"xpath","value":"//*[text()='Provide to site']"}
COMMAND: POST /session/0bd35d5034cd75fc8dc44075a41c35a4/elements - {"using":"xpath","value":"//*[text()='Provide to site']"}
RESULT: {"using":"xpath","value":"//*[text()='Provide to site']"}
COMMAND: POST /session/0bd35d5034cd75fc8dc44075a41c35a4/elements - {"using":"xpath","value":"//*[text()='Provide to site']"}
RESULT: {"using":"xpath","value":"//*[text()='Provide to site']"}
COMMAND: POST /session/0bd35d5034cd75fc8dc44075a41c35a4/elements - {"using":"xpath","value":"//*[text()='Provide to site']"}
RESULT: {"using":"xpath","value":"//*[text()='Provide to site']"}
COMMAND: POST /session/0bd35d5034cd75fc8dc44075a41c35a4/elements - {"using":"xpath","value":"//*[text()='Provide to site']"}
RESULT: {"using":"xpath","value":"//*[text()='Provide to site']"}
COMMAND: POST /session/0bd35d5034cd75fc8dc44075a41c35a4/elements - {"using":"xpath","value":"//*[text()='Provide to site']"}
RESULT: {"using":"xpath","value":"//*[text()='Provide to site']"}
COMMAND: POST /session/0bd35d5034cd75fc8dc44075a41c35a4/elements - {"using":"xpath","value":"//*[text()='Provide to site']"}
RESULT: {"using":"xpath","value":"//*[text()='Provide to site']"}
COMMAND: POST /session/0bd35d5034cd75fc8dc44075a41c35a4/elements - {"using":"xpath","value":"//*[text()='Provide to site']"}
RESULT: {"using":"xpath","value":"//*[text()='Provide to site']"}
COMMAND: POST /session/0bd35d5034cd75fc8dc44075a41c35a4/elements - {"using":"xpath","value":"//*[text()='Provide to site']"}
RESULT: {"using":"xpath","value":"//*[text()='Provide to site']"}
COMMAND: POST /session/0bd35d5034cd75fc8dc44075a41c35a4/elements - {"using":"xpath","value":"//*[text()='Provide to site']"}
RESULT: {"using":"xpath","value":"//*[text()='Provide to site']"}
COMMAND: POST /session/0bd35d5034cd75fc8dc44075a41c35a4/elements - {"using":"xpath","value":"//*[text()='Provide to site']"}
RESULT: {"using":"xpath","value":"//*[text()='Provide to site']"}
COMMAND: POST /session/0bd35d5034cd75fc8dc44075a41c35a4/elements - {"using":"xpath","value":"//*[text()='Provide to site']"}
RESULT: {"using":"xpath","value":"//*[text()='Provide to site']"}
COMMAND: POST /session/0bd35d5034cd75fc8dc44075a41c35a4/elements - {"using":"xpath","value":"//*[text()='Provide to site']"}
RESULT: {"using":"xpath","value":"//*[text()='Provide to site']"}
COMMAND: POST /session/0bd35d5034cd75fc8dc44075a41c35a4/elements - {"using":"xpath","value":"//*[text()='Provide to site']"}
RESULT: {"using":"xpath","value":"//*[text()='Provide to site']"}
COMMAND: POST /session/0bd35d5034cd75fc8dc44075a41c35a4/elements - {"using":"xpath","value":"//*[text()='Provide to site']"}
RESULT: {"using":"xpath","value":"//*[text()='Provide to site']"}
COMMAND: POST /session/0bd35d5034cd75fc8dc44075a41c35a4/elements - {"using":"xpath","value":"//*[text()='Provide to site']"}
RESULT: {"using":"xpath","value":"//*[text()='Provide to site']"}
COMMAND: POST /session/0bd35d5034cd75fc8dc44075a41c35a4/elements - {"using":"xpath","value":"//*[text()='Provide to site']"}
RESULT: {"using":"xpath","value":"//*[text()='Provide to site']"}
COMMAND: POST /session/0bd35d5034cd75fc8dc44075a41c35a4/elements - {"using":"xpath","value":"//*[text()='Provide to site']"}
RESULT: {"using":"xpath","value":"//*[text()='Provide to site']"}
COMMAND: POST /session/0bd35d5034cd75fc8dc44075a41c35a4/elements - {"using":"xpath","value":"//*[text()='Provide to site']"}
RESULT: {"using":"xpath","value":"//*[text()='Provide to site']"}
COMMAND: POST /session/0bd35d5034cd75fc8dc44075a41c35a4/elements - {"using":"xpath","value":"//*[text()='Provide to site']"}
RESULT: {"using":"xpath","value":"//*[text()='Provide to site']"}
COMMAND: POST /session/0bd35d5034cd75fc8dc44075a41c35a4/elements - {"using":"xpath","value":"//*[text()='Provide to site']"}
RESULT: {"using":"xpath","value":"//*[text()='Provide to site']"}
COMMAND: POST /session/0bd35d5034cd75fc8dc44075a41c35a4/elements - {"using":"xpath","value":"//*[text()='Provide to site']"}
RESULT: {"using":"xpath","value":"//*[text()='Provide to site']"}
COMMAND: POST /session/0bd35d5034cd75fc8dc44075a41c35a4/elements - {"using":"xpath","value":"//*[text()='Provide to site']"}
RESULT: {"using":"xpath","value":"//*[text()='Provide to site']"}
COMMAND: POST /session/0bd35d5034cd75fc8dc44075a41c35a4/elements - {"using":"xpath","value":"//*[text()='Provide to site']"}
RESULT: {"using":"xpath","value":"//*[text()='Provide to site']"}
COMMAND: POST /session/0bd35d5034cd75fc8dc44075a41c35a4/elements - {"using":"xpath","value":"//*[text()='Provide to site']"}
RESULT: {"using":"xpath","value":"//*[text()='Provide to site']"}
COMMAND: POST /session/0bd35d5034cd75fc8dc44075a41c35a4/elements - {"using":"xpath","value":"//*[text()='Provide to site']"}
RESULT: {"using":"xpath","value":"//*[text()='Provide to site']"}
COMMAND: POST /session/0bd35d5034cd75fc8dc44075a41c35a4/element - {"using":"xpath","value":"//span[text()='Provide to site - Completed']"}
RESULT: {"using":"xpath","value":"//span[text()='Provide to site - Completed']"}
COMMAND: POST /session/0bd35d5034cd75fc8dc44075a41c35a4/elements - {"using":"xpath","value":"//span[text()='Provide to site - Completed']"}
RESULT: {"using":"xpath","value":"//span[text()='Provide to site - Completed']"}
COMMAND: POST /session/0bd35d5034cd75fc8dc44075a41c35a4/elements - {"using":"xpath","value":"//span[text()='Provide to site - Completed']"}
RESULT: {"using":"xpath","value":"//span[text()='Provide to site - Completed']"}
COMMAND: POST /session/0bd35d5034cd75fc8dc44075a41c35a4/elements - {"using":"xpath","value":"//span[text()='Provide to site - Completed']"}
RESULT: {"using":"xpath","value":"//span[text()='Provide to site - Completed']"}
COMMAND: POST /session/0bd35d5034cd75fc8dc44075a41c35a4/elements - {"using":"xpath","value":"//span[text()='Provide to site - Completed']"}
RESULT: {"using":"xpath","value":"//span[text()='Provide to site - Completed']"}
COMMAND: POST /session/0bd35d5034cd75fc8dc44075a41c35a4/elements - {"using":"xpath","value":"//span[text()='Provide to site - Completed']"}
RESULT: {"using":"xpath","value":"//span[text()='Provide to site - Completed']"}
COMMAND: POST /session/0bd35d5034cd75fc8dc44075a41c35a4/elements - {"using":"xpath","value":"//span[text()='Provide to site - Completed']"}
RESULT: {"using":"xpath","value":"//span[text()='Provide to site - Completed']"}
COMMAND: POST /session/0bd35d5034cd75fc8dc44075a41c35a4/elements - {"using":"xpath","value":"//span[text()='Provide to site - Completed']"}
RESULT: {"using":"xpath","value":"//span[text()='Provide to site - Completed']"}
COMMAND: POST /session/0bd35d5034cd75fc8dc44075a41c35a4/elements - {"using":"xpath","value":"//span[text()='Provide to site - Completed']"}
RESULT: {"using":"xpath","value":"//span[text()='Provide to site - Completed']"}
COMMAND: POST /session/0bd35d5034cd75fc8dc44075a41c35a4/elements - {"using":"xpath","value":"//span[text()='Provide to site - Completed']"}
RESULT: {"using":"xpath","value":"//span[text()='Provide to site - Completed']"}
COMMAND: POST /session/0bd35d5034cd75fc8dc44075a41c35a4/elements - {"using":"xpath","value":"//span[text()='Provide to site - Completed']"}
RESULT: {"using":"xpath","value":"//span[text()='Provide to site - Completed']"}
COMMAND: POST /session/0bd35d5034cd75fc8dc44075a41c35a4/elements - {"using":"xpath","value":"//span[text()='Provide to site - Completed']"}
RESULT: {"using":"xpath","value":"//span[text()='Provide to site - Completed']"}
COMMAND: POST /session/0bd35d5034cd75fc8dc44075a41c35a4/elements - {"using":"xpath","value":"//span[text()='Provide to site - Completed']"}
RESULT: {"using":"xpath","value":"//span[text()='Provide to site - Completed']"}
COMMAND: POST /session/0bd35d5034cd75fc8dc44075a41c35a4/elements - {"using":"xpath","value":"//span[text()='Provide to site - Completed']"}
RESULT: {"using":"xpath","value":"//span[text()='Provide to site - Completed']"}
COMMAND: POST /session/0bd35d5034cd75fc8dc44075a41c35a4/elements - {"using":"xpath","value":"//span[text()='Provide to site - Completed']"}
RESULT: {"using":"xpath","value":"//span[text()='Provide to site - Completed']"}
COMMAND: POST /session/0bd35d5034cd75fc8dc44075a41c35a4/elements - {"using":"xpath","value":"//span[text()='Provide to site - Completed']"}
RESULT: {"using":"xpath","value":"//span[text()='Provide to site - Completed']"}
COMMAND: POST /session/0bd35d5034cd75fc8dc44075a41c35a4/elements - {"using":"xpath","value":"//span[text()='Provide to site - Completed']"}
RESULT: {"using":"xpath","value":"//span[text()='Provide to site - Completed']"}
COMMAND: POST /session/0bd35d5034cd75fc8dc44075a41c35a4/elements - {"using":"xpath","value":"//span[text()='Provide to site - Completed']"}
RESULT: {"using":"xpath","value":"//span[text()='Provide to site - Completed']"}
COMMAND: POST /session/0bd35d5034cd75fc8dc44075a41c35a4/elements - {"using":"xpath","value":"//span[text()='Provide to site - Completed']"}
RESULT: {"using":"xpath","value":"//span[text()='Provide to site - Completed']"}
COMMAND: POST /session/0bd35d5034cd75fc8dc44075a41c35a4/elements - {"using":"xpath","value":"//span[text()='Provide to site - Completed']"}
RESULT: {"using":"xpath","value":"//span[text()='Provide to site - Completed']"}
COMMAND: POST /session/0bd35d5034cd75fc8dc44075a41c35a4/elements - {"using":"xpath","value":"//span[text()='Provide to site - Completed']"}
RESULT: {"using":"xpath","value":"//span[text()='Provide to site - Completed']"}
COMMAND: POST /session/0bd35d5034cd75fc8dc44075a41c35a4/elements - {"using":"xpath","value":"//span[text()='Provide to site - Completed']"}
RESULT: {"using":"xpath","value":"//span[text()='Provide to site - Completed']"}
COMMAND: POST /session/0bd35d5034cd75fc8dc44075a41c35a4/elements - {"using":"xpath","value":"//span[text()='Provide to site - Completed']"}
RESULT: {"using":"xpath","value":"//span[text()='Provide to site - Completed']"}
COMMAND: POST /session/0bd35d5034cd75fc8dc44075a41c35a4/elements - {"using":"xpath","value":"//span[text()='Provide to site - Completed']"}
RESULT: {"using":"xpath","value":"//span[text()='Provide to site - Completed']"}
COMMAND: POST /session/0bd35d5034cd75fc8dc44075a41c35a4/elements - {"using":"xpath","value":"//span[text()='Provide to site - Completed']"}
RESULT: {"using":"xpath","value":"//span[text()='Provide to site - Completed']"}
COMMAND: POST /session/0bd35d5034cd75fc8dc44075a41c35a4/elements - {"using":"xpath","value":"//span[text()='Provide to site - Completed']"}
RESULT: {"using":"xpath","value":"//span[text()='Provide to site - Completed']"}
COMMAND: POST /session/0bd35d5034cd75fc8dc44075a41c35a4/elements - {"using":"xpath","value":"//span[text()='Provide to site - Completed']"}
RESULT: {"using":"xpath","value":"//span[text()='Provide to site - Completed']"}
COMMAND: POST /session/0bd35d5034cd75fc8dc44075a41c35a4/elements - {"using":"xpath","value":"//span[text()='Provide to site - Completed']"}
RESULT: {"using":"xpath","value":"//span[text()='Provide to site - Completed']"}
COMMAND: POST /session/0bd35d5034cd75fc8dc44075a41c35a4/elements - {"using":"xpath","value":"//span[text()='Provide to site - Completed']"}
RESULT: {"using":"xpath","value":"//span[text()='Provide to site - Completed']"}
COMMAND: POST /session/0bd35d5034cd75fc8dc44075a41c35a4/elements - {"using":"xpath","value":"//span[text()='Provide to site - Completed']"}
RESULT: {"using":"xpath","value":"//span[text()='Provide to site - Completed']"}
COMMAND: POST /session/0bd35d5034cd75fc8dc44075a41c35a4/elements - {"using":"xpath","value":"//span[text()='Provide to site - Completed']"}
RESULT: {"using":"xpath","value":"//span[text()='Provide to site - Completed']"}
COMMAND: POST /session/0bd35d5034cd75fc8dc44075a41c35a4/elements - {"using":"xpath","value":"//span[text()='Provide to site - Completed']"}
RESULT: {"using":"xpath","value":"//span[text()='Provide to site - Completed']"}
COMMAND: POST /session/0bd35d5034cd75fc8dc44075a41c35a4/elements - {"using":"xpath","value":"//span[text()='Provide to site - Completed']"}
RESULT: {"using":"xpath","value":"//span[text()='Provide to site - Completed']"}
COMMAND: POST /session/0bd35d5034cd75fc8dc44075a41c35a4/elements - {"using":"xpath","value":"//span[text()='Provide to site - Completed']"}
RESULT: {"using":"xpath","value":"//span[text()='Provide to site - Completed']"}
COMMAND: POST /session/0bd35d5034cd75fc8dc44075a41c35a4/elements - {"using":"xpath","value":"//span[text()='Provide to site - Completed']"}
RESULT: {"using":"xpath","value":"//span[text()='Provide to site - Completed']"}
COMMAND: POST /session/0bd35d5034cd75fc8dc44075a41c35a4/elements - {"using":"xpath","value":"//span[text()='Provide to site - Completed']"}
RESULT: {"using":"xpath","value":"//span[text()='Provide to site - Completed']"}
COMMAND: POST /session/0bd35d5034cd75fc8dc44075a41c35a4/elements - {"using":"xpath","value":"//span[text()='Provide to site - Completed']"}
RESULT: {"using":"xpath","value":"//span[text()='Provide to site - Completed']"}
COMMAND: POST /session/0bd35d5034cd75fc8dc44075a41c35a4/elements - {"using":"xpath","value":"//span[text()='Provide to site - Completed']"}
RESULT: {"using":"xpath","value":"//span[text()='Provide to site - Completed']"}
COMMAND: POST /session/0bd35d5034cd75fc8dc44075a41c35a4/elements - {"using":"xpath","value":"//span[text()='Provide to site - Completed']"}
RESULT: {"using":"xpath","value":"//span[text()='Provide to site - Completed']"}
COMMAND: POST /session/0bd35d5034cd75fc8dc44075a41c35a4/elements - {"using":"xpath","value":"//span[text()='Provide to site - Completed']"}
RESULT: {"using":"xpath","value":"//span[text()='Provide to site - Completed']"}
COMMAND: POST /session/0bd35d5034cd75fc8dc44075a41c35a4/elements - {"using":"xpath","value":"//span[text()='Provide to site - Completed']"}
RESULT: {"using":"xpath","value":"//span[text()='Provide to site - Completed']"}
COMMAND: POST /session/0bd35d5034cd75fc8dc44075a41c35a4/elements - {"using":"xpath","value":"//span[text()='Provide to site - Completed']"}
RESULT: {"using":"xpath","value":"//span[text()='Provide to site - Completed']"}
COMMAND: POST /session/0bd35d5034cd75fc8dc44075a41c35a4/elements - {"using":"xpath","value":"//span[text()='Provide to site - Completed']"}
RESULT: {"using":"xpath","value":"//span[text()='Provide to site - Completed']"}
COMMAND: POST /session/0bd35d5034cd75fc8dc44075a41c35a4/elements - {"using":"xpath","value":"//span[text()='Provide to site - Completed']"}
RESULT: {"using":"xpath","value":"//span[text()='Provide to site - Completed']"}
COMMAND: POST /session/0bd35d5034cd75fc8dc44075a41c35a4/elements - {"using":"xpath","value":"//span[text()='Provide to site - Completed']"}
RESULT: {"using":"xpath","value":"//span[text()='Provide to site - Completed']"}
COMMAND: POST /session/0bd35d5034cd75fc8dc44075a41c35a4/elements - {"using":"xpath","value":"//span[text()='Provide to site - Completed']"}
RESULT: {"using":"xpath","value":"//span[text()='Provide to site - Completed']"}
COMMAND: POST /session/0bd35d5034cd75fc8dc44075a41c35a4/elements - {"using":"xpath","value":"//span[text()='Provide to site - Completed']"}
RESULT: {"using":"xpath","value":"//span[text()='Provide to site - Completed']"}
COMMAND: POST /session/0bd35d5034cd75fc8dc44075a41c35a4/elements - {"using":"xpath","value":"//span[text()='Provide to site - Completed']"}
RESULT: {"using":"xpath","value":"//span[text()='Provide to site - Completed']"}
COMMAND: POST /session/0bd35d5034cd75fc8dc44075a41c35a4/elements - {"using":"xpath","value":"//span[text()='Provide to site - Completed']"}
RESULT: {"using":"xpath","value":"//span[text()='Provide to site - Completed']"}
COMMAND: POST /session/0bd35d5034cd75fc8dc44075a41c35a4/elements - {"using":"xpath","value":"//span[text()='Provide to site - Completed']"}
RESULT: {"using":"xpath","value":"//span[text()='Provide to site - Completed']"}
COMMAND: POST /session/0bd35d5034cd75fc8dc44075a41c35a4/elements - {"using":"xpath","value":"//span[text()='Provide to site - Completed']"}
RESULT: {"using":"xpath","value":"//span[text()='Provide to site - Completed']"}
COMMAND: POST /session/0bd35d5034cd75fc8dc44075a41c35a4/elements - {"using":"xpath","value":"//span[text()='Provide to site - Completed']"}
RESULT: {"using":"xpath","value":"//span[text()='Provide to site - Completed']"}
COMMAND: POST /session/0bd35d5034cd75fc8dc44075a41c35a4/elements - {"using":"xpath","value":"//span[text()='Provide to site - Completed']"}
RESULT: {"using":"xpath","value":"//span[text()='Provide to site - Completed']"}
COMMAND: POST /session/0bd35d5034cd75fc8dc44075a41c35a4/elements - {"using":"xpath","value":"//span[text()='Provide to site - Completed']"}
RESULT: {"using":"xpath","value":"//span[text()='Provide to site - Completed']"}
COMMAND: POST /session/0bd35d5034cd75fc8dc44075a41c35a4/elements - {"using":"xpath","value":"//span[text()='Provide to site - Completed']"}
RESULT: {"using":"xpath","value":"//span[text()='Provide to site - Completed']"}
COMMAND: POST /session/0bd35d5034cd75fc8dc44075a41c35a4/elements - {"using":"xpath","value":"//span[text()='Provide to site - Completed']"}
RESULT: {"using":"xpath","value":"//span[text()='Provide to site - Completed']"}
COMMAND: POST /session/0bd35d5034cd75fc8dc44075a41c35a4/elements - {"using":"xpath","value":"//span[text()='Provide to site - Completed']"}
RESULT: {"using":"xpath","value":"//span[text()='Provide to site - Completed']"}
COMMAND: POST /session/0bd35d5034cd75fc8dc44075a41c35a4/elements - {"using":"xpath","value":"//span[text()='Provide to site - Completed']"}
RESULT: {"using":"xpath","value":"//span[text()='Provide to site - Completed']"}
COMMAND: POST /session/0bd35d5034cd75fc8dc44075a41c35a4/elements - {"using":"xpath","value":"//span[text()='Provide to site - Completed']"}
RESULT: {"using":"xpath","value":"//span[text()='Provide to site - Completed']"}
COMMAND: POST /session/0bd35d5034cd75fc8dc44075a41c35a4/elements - {"using":"xpath","value":"//span[text()='Provide to site - Completed']"}
RESULT: {"using":"xpath","value":"//span[text()='Provide to site - Completed']"}
COMMAND: POST /session/0bd35d5034cd75fc8dc44075a41c35a4/elements - {"using":"xpath","value":"//span[text()='Provide to site - Completed']"}
RESULT: {"using":"xpath","value":"//span[text()='Provide to site - Completed']"}
COMMAND: POST /session/0bd35d5034cd75fc8dc44075a41c35a4/elements - {"using":"xpath","value":"//span[text()='Provide to site - Completed']"}
RESULT: {"using":"xpath","value":"//span[text()='Provide to site - Completed']"}
COMMAND: POST /session/0bd35d5034cd75fc8dc44075a41c35a4/elements - {"using":"xpath","value":"//span[text()='Provide to site - Completed']"}
RESULT: {"using":"xpath","value":"//span[text()='Provide to site - Completed']"}
COMMAND: POST /session/0bd35d5034cd75fc8dc44075a41c35a4/elements - {"using":"xpath","value":"//span[text()='Provide to site - Completed']"}
RESULT: {"using":"xpath","value":"//span[text()='Provide to site - Completed']"}
COMMAND: POST /session/0bd35d5034cd75fc8dc44075a41c35a4/elements - {"using":"xpath","value":"//span[text()='Provide to site - Completed']"}
RESULT: {"using":"xpath","value":"//span[text()='Provide to site - Completed']"}
COMMAND: POST /session/0bd35d5034cd75fc8dc44075a41c35a4/elements - {"using":"xpath","value":"//span[text()='Provide to site - Completed']"}
RESULT: {"using":"xpath","value":"//span[text()='Provide to site - Completed']"}
COMMAND: POST /session/0bd35d5034cd75fc8dc44075a41c35a4/elements - {"using":"xpath","value":"//span[text()='Provide to site - Completed']"}
RESULT: {"using":"xpath","value":"//span[text()='Provide to site - Completed']"}
COMMAND: POST /session/0bd35d5034cd75fc8dc44075a41c35a4/elements - {"using":"xpath","value":"//span[text()='Provide to site - Completed']"}
RESULT: {"using":"xpath","value":"//span[text()='Provide to site - Completed']"}
COMMAND: POST /session/0bd35d5034cd75fc8dc44075a41c35a4/elements - {"using":"xpath","value":"//span[text()='Provide to site - Completed']"}
RESULT: {"using":"xpath","value":"//span[text()='Provide to site - Completed']"}
COMMAND: POST /session/0bd35d5034cd75fc8dc44075a41c35a4/elements - {"using":"xpath","value":"//span[text()='Provide to site - Completed']"}
RESULT: {"using":"xpath","value":"//span[text()='Provide to site - Completed']"}
COMMAND: POST /session/0bd35d5034cd75fc8dc44075a41c35a4/elements - {"using":"xpath","value":"//span[text()='Provide to site - Completed']"}
RESULT: {"using":"xpath","value":"//span[text()='Provide to site - Completed']"}
COMMAND: POST /session/0bd35d5034cd75fc8dc44075a41c35a4/elements - {"using":"xpath","value":"//span[text()='Provide to site - Completed']"}
RESULT: {"using":"xpath","value":"//span[text()='Provide to site - Completed']"}
COMMAND: POST /session/0bd35d5034cd75fc8dc44075a41c35a4/elements - {"using":"xpath","value":"//span[text()='Provide to site - Completed']"}
RESULT: {"using":"xpath","value":"//span[text()='Provide to site - Completed']"}
COMMAND: POST /session/0bd35d5034cd75fc8dc44075a41c35a4/elements - {"using":"xpath","value":"//span[text()='Provide to site - Completed']"}
RESULT: {"using":"xpath","value":"//span[text()='Provide to site - Completed']"}
COMMAND: POST /session/0bd35d5034cd75fc8dc44075a41c35a4/elements - {"using":"xpath","value":"//span[text()='Provide to site - Completed']"}
RESULT: {"using":"xpath","value":"//span[text()='Provide to site - Completed']"}
COMMAND: POST /session/0bd35d5034cd75fc8dc44075a41c35a4/elements - {"using":"xpath","value":"//span[text()='Provide to site - Completed']"}
RESULT: {"using":"xpath","value":"//span[text()='Provide to site - Completed']"}
COMMAND: POST /session/0bd35d5034cd75fc8dc44075a41c35a4/elements - {"using":"xpath","value":"//span[text()='Provide to site - Completed']"}
RESULT: {"using":"xpath","value":"//span[text()='Provide to site - Completed']"}
COMMAND: POST /session/0bd35d5034cd75fc8dc44075a41c35a4/elements - {"using":"xpath","value":"//span[text()='Provide to site - Completed']"}
RESULT: {"using":"xpath","value":"//span[text()='Provide to site - Completed']"}
COMMAND: POST /session/0bd35d5034cd75fc8dc44075a41c35a4/elements - {"using":"xpath","value":"//span[text()='Provide to site - Completed']"}
RESULT: {"using":"xpath","value":"//span[text()='Provide to site - Completed']"}
COMMAND: POST /session/0bd35d5034cd75fc8dc44075a41c35a4/elements - {"using":"xpath","value":"//span[text()='Provide to site - Completed']"}
RESULT: {"using":"xpath","value":"//span[text()='Provide to site - Completed']"}
COMMAND: POST /session/0bd35d5034cd75fc8dc44075a41c35a4/elements - {"using":"xpath","value":"//span[text()='Provide to site - Completed']"}
RESULT: {"using":"xpath","value":"//span[text()='Provide to site - Completed']"}
COMMAND: POST /session/0bd35d5034cd75fc8dc44075a41c35a4/elements - {"using":"xpath","value":"//span[text()='Provide to site - Completed']"}
RESULT: {"using":"xpath","value":"//span[text()='Provide to site - Completed']"}
COMMAND: POST /session/0bd35d5034cd75fc8dc44075a41c35a4/elements - {"using":"xpath","value":"//span[text()='Provide to site - Completed']"}
RESULT: {"using":"xpath","value":"//span[text()='Provide to site - Completed']"}
COMMAND: POST /session/0bd35d5034cd75fc8dc44075a41c35a4/elements - {"using":"xpath","value":"//span[text()='Provide to site - Completed']"}
RESULT: {"using":"xpath","value":"//span[text()='Provide to site - Completed']"}
COMMAND: POST /session/0bd35d5034cd75fc8dc44075a41c35a4/elements - {"using":"xpath","value":"//span[text()='Provide to site - Completed']"}
RESULT: {"using":"xpath","value":"//span[text()='Provide to site - Completed']"}
COMMAND: POST /session/0bd35d5034cd75fc8dc44075a41c35a4/elements - {"using":"xpath","value":"//span[text()='Provide to site - Completed']"}
RESULT: {"using":"xpath","value":"//span[text()='Provide to site - Completed']"}
COMMAND: POST /session/0bd35d5034cd75fc8dc44075a41c35a4/elements - {"using":"xpath","value":"//span[text()='Provide to site - Completed']"}
RESULT: {"using":"xpath","value":"//span[text()='Provide to site - Completed']"}
COMMAND: POST /session/0bd35d5034cd75fc8dc44075a41c35a4/elements - {"using":"xpath","value":"//span[text()='Provide to site - Completed']"}
RESULT: {"using":"xpath","value":"//span[text()='Provide to site - Completed']"}
COMMAND: POST /session/0bd35d5034cd75fc8dc44075a41c35a4/elements - {"using":"xpath","value":"//span[text()='Provide to site - Completed']"}
RESULT: {"using":"xpath","value":"//span[text()='Provide to site - Completed']"}
COMMAND: POST /session/0bd35d5034cd75fc8dc44075a41c35a4/elements - {"using":"xpath","value":"//span[text()='Provide to site - Completed']"}
RESULT: {"using":"xpath","value":"//span[text()='Provide to site - Completed']"}
COMMAND: POST /session/0bd35d5034cd75fc8dc44075a41c35a4/elements - {"using":"xpath","value":"//span[text()='Provide to site - Completed']"}
RESULT: {"using":"xpath","value":"//span[text()='Provide to site - Completed']"}
COMMAND: POST /session/0bd35d5034cd75fc8dc44075a41c35a4/elements - {"using":"xpath","value":"//span[text()='Provide to site - Completed']"}
COMMAND: POST /session/0bd35d5034cd75fc8dc44075a41c35a4/execute/async - {"script":"<script> [1562 bytes]","args":[{"selector":{"controlType":"sap.m.Button","viewName":"etm.portal.ui.managehandovers.view.DetailExecuteHO","i18NText":{"propertyName":"text","key":"pickQty"},"interaction":{"idSuffix":"BDI-content"}},"wdio_ui5_key":"etmportal.ui.managehandovers.view.DetailExecuteHOsap.m.Button{\"propertyName\":\"text\",\"key\":\"pickQty\"}"}]}
RESULT: {"using":"xpath","value":"//span[text()='Provide to site - Completed']"}
RESULT: {"script":"<script> [1562 bytes]","args":[{"selector":{"controlType":"sap.m.Button","viewName":"etm.portal.ui.managehandovers.view.DetailExecuteHO","i18NText":{"propertyName":"text","key":"pickQty"},"interaction":{"idSuffix":"BDI-content"}},"wdio_ui5_key":"etmportal.ui.managehandovers.view.DetailExecuteHOsap.m.Button{\"propertyName\":\"text\",\"key\":\"pickQty\"}"}]}
RESULT: undefined
COMMAND: POST /session/0bd35d5034cd75fc8dc44075a41c35a4/execute/async - {"script":"<script> [1562 bytes]","args":[{"selector":{"controlType":"sap.m.Link","viewName":"etm.portal.ui.managehandovers.view.DetailExecuteHO","bindingPath":{"path":"","propertyPath":"/wmDoc","modelName":"warehouseMovModel"}},"wdio_ui5_key":"etmportal.ui.managehandovers.view.DetailExecuteHOsap.m.Link{\"path\":\"\",\"propertyPath\":\"/wmDoc\",\"modelName\":\"warehouseMovModel\"}"}]}
RESULT: {"script":"<script> [1562 bytes]","args":[{"selector":{"controlType":"sap.m.Link","viewName":"etm.portal.ui.managehandovers.view.DetailExecuteHO","bindingPath":{"path":"","propertyPath":"/wmDoc","modelName":"warehouseMovModel"}},"wdio_ui5_key":"etmportal.ui.managehandovers.view.DetailExecuteHOsap.m.Link{\"path\":\"\",\"propertyPath\":\"/wmDoc\",\"modelName\":\"warehouseMovModel\"}"}]}
RESULT: undefined
COMMAND: POST /session/0bd35d5034cd75fc8dc44075a41c35a4/execute/async - {"script":"<script> [1562 bytes]","args":[{"selector":{"controlType":"sap.m.Link","viewName":"etm.portal.ui.managehandovers.view.DetailExecuteHO","properties":{"text":"Warehouse Overview"},"searchOpenDialogs":true},"wdio_ui5_key":"etmportal.ui.managehandovers.view.DetailExecuteHOsap.m.Link{\"text\":\"Warehouse Overview\"}"}]}
RESULT: {"script":"<script> [1562 bytes]","args":[{"selector":{"controlType":"sap.m.Link","viewName":"etm.portal.ui.managehandovers.view.DetailExecuteHO","properties":{"text":"Warehouse Overview"},"searchOpenDialogs":true},"wdio_ui5_key":"etmportal.ui.managehandovers.view.DetailExecuteHOsap.m.Link{\"text\":\"Warehouse Overview\"}"}]}
RESULT: undefined
COMMAND: POST /session/0bd35d5034cd75fc8dc44075a41c35a4/execute/async - {"script":"<script> [1562 bytes]","args":[{"selector":{"controlType":"sap.m.Button","viewName":"etm.portal.ui.warehousemovements.view.DisplayMovement","viewId":"application-warehousemovements-display-component---displayMovement","i18NText":{"propertyName":"text","key":"execution"},"interaction":{"idSuffix":"BDI-content"}},"wdio_ui5_key":"etmportal.ui.warehousemovements.view.DisplayMovementsap.m.Button{\"propertyName\":\"text\",\"key\":\"execution\"}"}]}
RESULT: {"script":"<script> [1562 bytes]","args":[{"selector":{"controlType":"sap.m.Button","viewName":"etm.portal.ui.warehousemovements.view.DisplayMovement","viewId":"application-warehousemovements-display-component---displayMovement","i18NText":{"propertyName":"text","key":"execution"},"interaction":{"idSuffix":"BDI-content"}},"wdio_ui5_key":"etmportal.ui.warehousemovements.view.DisplayMovementsap.m.Button{\"propertyName\":\"text\",\"key\":\"execution\"}"}]}
RESULT: undefined
COMMAND: POST /session/0bd35d5034cd75fc8dc44075a41c35a4/execute/async - {"script":"<script> [1562 bytes]","args":[{"selector":{"controlType":"sap.m.Button","viewName":"etm.portal.ui.warehousemovements.view.ExecuteMovement","viewId":"application-warehousemovements-display-component---executeMovement","properties":{"text":"Items"},"interaction":{"idSuffix":"BDI-content"}},"wdio_ui5_key":"etmportal.ui.warehousemovements.view.ExecuteMovementsap.m.Button{\"text\":\"Items\"}"}]}
RESULT: {"script":"<script> [1562 bytes]","args":[{"selector":{"controlType":"sap.m.Button","viewName":"etm.portal.ui.warehousemovements.view.ExecuteMovement","viewId":"application-warehousemovements-display-component---executeMovement","properties":{"text":"Items"},"interaction":{"idSuffix":"BDI-content"}},"wdio_ui5_key":"etmportal.ui.warehousemovements.view.ExecuteMovementsap.m.Button{\"text\":\"Items\"}"}]}
RESULT: undefined
COMMAND: POST /session/0bd35d5034cd75fc8dc44075a41c35a4/execute/async - {"script":"<script> [1562 bytes]","args":[{"selector":{"controlType":"sap.m.ToggleButton","viewName":"etm.portal.ui.warehousemovements.view.ExecuteMovement","viewId":"application-warehousemovements-display-component---executeMovement","bindingPath":{"propertyPath":"STATUS","modelName":"catalogModel"},"interaction":{"idSuffix":"BDI-content"}},"wdio_ui5_key":"etmportal.ui.warehousemovements.view.ExecuteMovementsap.m.ToggleButton{\"propertyPath\":\"STATUS\",\"modelName\":\"catalogModel\"}"}]}
RESULT: {"script":"<script> [1562 bytes]","args":[{"selector":{"controlType":"sap.m.ToggleButton","viewName":"etm.portal.ui.warehousemovements.view.ExecuteMovement","viewId":"application-warehousemovements-display-component---executeMovement","bindingPath":{"propertyPath":"STATUS","modelName":"catalogModel"},"interaction":{"idSuffix":"BDI-content"}},"wdio_ui5_key":"etmportal.ui.warehousemovements.view.ExecuteMovementsap.m.ToggleButton{\"propertyPath\":\"STATUS\",\"modelName\":\"catalogModel\"}"}]}
RESULT: undefined
RESULT: undefined
RESULT: undefined
COMMAND: POST /session/0bd35d5034cd75fc8dc44075a41c35a4/execute/async - {"script":"<script> [1562 bytes]","args":[{"selector":{"id":"application-warehousemovements-display-component---executeMovement--executeId","interaction":{"idSuffix":"BDI-content"}},"wdio_ui5_key":"applicationwarehousemovements-display-component---executeMovement--executeId"}]}
RESULT: {"script":"<script> [1562 bytes]","args":[{"selector":{"id":"application-warehousemovements-display-component---executeMovement--executeId","interaction":{"idSuffix":"BDI-content"}},"wdio_ui5_key":"applicationwarehousemovements-display-component---executeMovement--executeId"}]}
RESULT: undefined
COMMAND: POST /session/0bd35d5034cd75fc8dc44075a41c35a4/element - {"using":"css selector","value":"#shell-header-logo"}
RESULT: {"using":"css selector","value":"#shell-header-logo"}
COMMAND: POST /session/0bd35d5034cd75fc8dc44075a41c35a4/element/f.1DB2A491F1B7C642484AEDF47EA6FD52.d.C21CB73D301C02BC5EB19D45476A13A0.e.8919/click - {}
RESULT: {}
COMMAND: GET /session/0bd35d5034cd75fc8dc44075a41c35a4/screenshot - {}
RESULT: {}
RESULT: undefined
COMMAND: POST /session/0bd35d5034cd75fc8dc44075a41c35a4/element - {"using":"xpath","value":"//*[@id=\"__tile130\"]"}
RESULT: {"using":"xpath","value":"//*[@id=\"__tile130\"]"}
COMMAND: POST /session/0bd35d5034cd75fc8dc44075a41c35a4/element/f.1DB2A491F1B7C642484AEDF47EA6FD52.d.C21CB73D301C02BC5EB19D45476A13A0.e.8169/click - {}
RESULT: {}
COMMAND: GET /session/0bd35d5034cd75fc8dc44075a41c35a4/screenshot - {}
RESULT: {}
COMMAND: POST /session/0bd35d5034cd75fc8dc44075a41c35a4/execute/async - {"script":"<script> [1562 bytes]","args":[{"selector":{"controlType":"sap.m.SearchField","viewName":"etm.portal.ui.managehandovers.view.MasterHO","bindingPath":{"propertyPath":"/_BASIC_SEARCH_FIELD","modelName":"fi1t3rM0d31"},"interaction":{"idSuffix":"I"}},"wdio_ui5_key":"etmportal.ui.managehandovers.view.MasterHOsap.m.SearchField{\"propertyPath\":\"/_BASIC_SEARCH_FIELD\",\"modelName\":\"fi1t3rM0d31\"}"}]}
RESULT: {"script":"<script> [1562 bytes]","args":[{"selector":{"controlType":"sap.m.SearchField","viewName":"etm.portal.ui.managehandovers.view.MasterHO","bindingPath":{"propertyPath":"/_BASIC_SEARCH_FIELD","modelName":"fi1t3rM0d31"},"interaction":{"idSuffix":"I"}},"wdio_ui5_key":"etmportal.ui.managehandovers.view.MasterHOsap.m.SearchField{\"propertyPath\":\"/_BASIC_SEARCH_FIELD\",\"modelName\":\"fi1t3rM0d31\"}"}]}
RESULT: undefined
COMMAND: POST /session/0bd35d5034cd75fc8dc44075a41c35a4/execute/async - {"script":"<script> [776 bytes]","args":[{"enterText":"30873","selector":{"controlType":"sap.m.SearchField","viewName":"etm.portal.ui.managehandovers.view.MasterHO","bindingPath":{"propertyPath":"/_BASIC_SEARCH_FIELD","modelName":"fi1t3rM0d31"},"interaction":{"idSuffix":"I"}},"clearTextFirst":true,"interactionType":"ENTER_TEXT"}]}
RESULT: {"script":"<script> [776 bytes]","args":[{"enterText":"30873","selector":{"controlType":"sap.m.SearchField","viewName":"etm.portal.ui.managehandovers.view.MasterHO","bindingPath":{"propertyPath":"/_BASIC_SEARCH_FIELD","modelName":"fi1t3rM0d31"},"interaction":{"idSuffix":"I"}},"clearTextFirst":true,"interactionType":"ENTER_TEXT"}]}
COMMAND: POST /session/0bd35d5034cd75fc8dc44075a41c35a4/actions - {"actions":[{"id":"action48","type":"key","parameters":{},"actions":[{"type":"keyDown","value":"î€‡"},{"type":"pause","duration":10},{"type":"keyUp","value":"î€‡"}]}]}
RESULT: {"actions":[{"id":"action48","type":"key","parameters":{},"actions":[{"type":"keyDown","value":"î€‡"},{"type":"pause","duration":10},{"type":"keyUp","value":"î€‡"}]}]}
COMMAND: GET /session/0bd35d5034cd75fc8dc44075a41c35a4/screenshot - {}
RESULT: {}
RESULT: undefined
COMMAND: POST /session/0bd35d5034cd75fc8dc44075a41c35a4/element - {"using":"xpath","value":"//*[@id=\"__item3857-__clone9542-imgNav\"]"}
RESULT: {"using":"xpath","value":"//*[@id=\"__item3857-__clone9542-imgNav\"]"}
COMMAND: POST /session/0bd35d5034cd75fc8dc44075a41c35a4/elements - {"using":"xpath","value":"//*[@id=\"__item3857-__clone9542-imgNav\"]"}
RESULT: {"using":"xpath","value":"//*[@id=\"__item3857-__clone9542-imgNav\"]"}
COMMAND: POST /session/0bd35d5034cd75fc8dc44075a41c35a4/elements - {"using":"xpath","value":"//*[@id=\"__item3857-__clone9542-imgNav\"]"}
RESULT: {"using":"xpath","value":"//*[@id=\"__item3857-__clone9542-imgNav\"]"}
COMMAND: POST /session/0bd35d5034cd75fc8dc44075a41c35a4/elements - {"using":"xpath","value":"//*[@id=\"__item3857-__clone9542-imgNav\"]"}
RESULT: {"using":"xpath","value":"//*[@id=\"__item3857-__clone9542-imgNav\"]"}
COMMAND: POST /session/0bd35d5034cd75fc8dc44075a41c35a4/elements - {"using":"xpath","value":"//*[@id=\"__item3857-__clone9542-imgNav\"]"}
RESULT: {"using":"xpath","value":"//*[@id=\"__item3857-__clone9542-imgNav\"]"}
COMMAND: POST /session/0bd35d5034cd75fc8dc44075a41c35a4/elements - {"using":"xpath","value":"//*[@id=\"__item3857-__clone9542-imgNav\"]"}
RESULT: {"using":"xpath","value":"//*[@id=\"__item3857-__clone9542-imgNav\"]"}
COMMAND: POST /session/0bd35d5034cd75fc8dc44075a41c35a4/elements - {"using":"xpath","value":"//*[@id=\"__item3857-__clone9542-imgNav\"]"}
RESULT: {"using":"xpath","value":"//*[@id=\"__item3857-__clone9542-imgNav\"]"}
COMMAND: POST /session/0bd35d5034cd75fc8dc44075a41c35a4/elements - {"using":"xpath","value":"//*[@id=\"__item3857-__clone9542-imgNav\"]"}
RESULT: {"using":"xpath","value":"//*[@id=\"__item3857-__clone9542-imgNav\"]"}
COMMAND: POST /session/0bd35d5034cd75fc8dc44075a41c35a4/elements - {"using":"xpath","value":"//*[@id=\"__item3857-__clone9542-imgNav\"]"}
RESULT: {"using":"xpath","value":"//*[@id=\"__item3857-__clone9542-imgNav\"]"}
COMMAND: POST /session/0bd35d5034cd75fc8dc44075a41c35a4/elements - {"using":"xpath","value":"//*[@id=\"__item3857-__clone9542-imgNav\"]"}
RESULT: {"using":"xpath","value":"//*[@id=\"__item3857-__clone9542-imgNav\"]"}
COMMAND: POST /session/0bd35d5034cd75fc8dc44075a41c35a4/elements - {"using":"xpath","value":"//*[@id=\"__item3857-__clone9542-imgNav\"]"}
RESULT: {"using":"xpath","value":"//*[@id=\"__item3857-__clone9542-imgNav\"]"}
COMMAND: POST /session/0bd35d5034cd75fc8dc44075a41c35a4/elements - {"using":"xpath","value":"//*[@id=\"__item3857-__clone9542-imgNav\"]"}
RESULT: {"using":"xpath","value":"//*[@id=\"__item3857-__clone9542-imgNav\"]"}
COMMAND: POST /session/0bd35d5034cd75fc8dc44075a41c35a4/elements - {"using":"xpath","value":"//*[@id=\"__item3857-__clone9542-imgNav\"]"}
RESULT: {"using":"xpath","value":"//*[@id=\"__item3857-__clone9542-imgNav\"]"}
COMMAND: POST /session/0bd35d5034cd75fc8dc44075a41c35a4/elements - {"using":"xpath","value":"//*[@id=\"__item3857-__clone9542-imgNav\"]"}
RESULT: {"using":"xpath","value":"//*[@id=\"__item3857-__clone9542-imgNav\"]"}
COMMAND: POST /session/0bd35d5034cd75fc8dc44075a41c35a4/elements - {"using":"xpath","value":"//*[@id=\"__item3857-__clone9542-imgNav\"]"}
RESULT: {"using":"xpath","value":"//*[@id=\"__item3857-__clone9542-imgNav\"]"}
COMMAND: POST /session/0bd35d5034cd75fc8dc44075a41c35a4/elements - {"using":"xpath","value":"//*[@id=\"__item3857-__clone9542-imgNav\"]"}
RESULT: {"using":"xpath","value":"//*[@id=\"__item3857-__clone9542-imgNav\"]"}
COMMAND: POST /session/0bd35d5034cd75fc8dc44075a41c35a4/elements - {"using":"xpath","value":"//*[@id=\"__item3857-__clone9542-imgNav\"]"}
RESULT: {"using":"xpath","value":"//*[@id=\"__item3857-__clone9542-imgNav\"]"}
COMMAND: POST /session/0bd35d5034cd75fc8dc44075a41c35a4/elements - {"using":"xpath","value":"//*[@id=\"__item3857-__clone9542-imgNav\"]"}
RESULT: {"using":"xpath","value":"//*[@id=\"__item3857-__clone9542-imgNav\"]"}
COMMAND: POST /session/0bd35d5034cd75fc8dc44075a41c35a4/elements - {"using":"xpath","value":"//*[@id=\"__item3857-__clone9542-imgNav\"]"}
RESULT: {"using":"xpath","value":"//*[@id=\"__item3857-__clone9542-imgNav\"]"}
COMMAND: POST /session/0bd35d5034cd75fc8dc44075a41c35a4/elements - {"using":"xpath","value":"//*[@id=\"__item3857-__clone9542-imgNav\"]"}
RESULT: {"using":"xpath","value":"//*[@id=\"__item3857-__clone9542-imgNav\"]"}
COMMAND: POST /session/0bd35d5034cd75fc8dc44075a41c35a4/elements - {"using":"xpath","value":"//*[@id=\"__item3857-__clone9542-imgNav\"]"}
RESULT: {"using":"xpath","value":"//*[@id=\"__item3857-__clone9542-imgNav\"]"}
COMMAND: POST /session/0bd35d5034cd75fc8dc44075a41c35a4/elements - {"using":"xpath","value":"//*[@id=\"__item3857-__clone9542-imgNav\"]"}
RESULT: {"using":"xpath","value":"//*[@id=\"__item3857-__clone9542-imgNav\"]"}
COMMAND: POST /session/0bd35d5034cd75fc8dc44075a41c35a4/elements - {"using":"xpath","value":"//*[@id=\"__item3857-__clone9542-imgNav\"]"}
RESULT: {"using":"xpath","value":"//*[@id=\"__item3857-__clone9542-imgNav\"]"}
COMMAND: POST /session/0bd35d5034cd75fc8dc44075a41c35a4/elements - {"using":"xpath","value":"//*[@id=\"__item3857-__clone9542-imgNav\"]"}
RESULT: {"using":"xpath","value":"//*[@id=\"__item3857-__clone9542-imgNav\"]"}
COMMAND: POST /session/0bd35d5034cd75fc8dc44075a41c35a4/elements - {"using":"xpath","value":"//*[@id=\"__item3857-__clone9542-imgNav\"]"}
RESULT: {"using":"xpath","value":"//*[@id=\"__item3857-__clone9542-imgNav\"]"}
COMMAND: POST /session/0bd35d5034cd75fc8dc44075a41c35a4/elements - {"using":"xpath","value":"//*[@id=\"__item3857-__clone9542-imgNav\"]"}
RESULT: {"using":"xpath","value":"//*[@id=\"__item3857-__clone9542-imgNav\"]"}
COMMAND: POST /session/0bd35d5034cd75fc8dc44075a41c35a4/elements - {"using":"xpath","value":"//*[@id=\"__item3857-__clone9542-imgNav\"]"}
RESULT: {"using":"xpath","value":"//*[@id=\"__item3857-__clone9542-imgNav\"]"}
COMMAND: POST /session/0bd35d5034cd75fc8dc44075a41c35a4/elements - {"using":"xpath","value":"//*[@id=\"__item3857-__clone9542-imgNav\"]"}
RESULT: {"using":"xpath","value":"//*[@id=\"__item3857-__clone9542-imgNav\"]"}
COMMAND: POST /session/0bd35d5034cd75fc8dc44075a41c35a4/elements - {"using":"xpath","value":"//*[@id=\"__item3857-__clone9542-imgNav\"]"}
RESULT: {"using":"xpath","value":"//*[@id=\"__item3857-__clone9542-imgNav\"]"}
COMMAND: POST /session/0bd35d5034cd75fc8dc44075a41c35a4/elements - {"using":"xpath","value":"//*[@id=\"__item3857-__clone9542-imgNav\"]"}
RESULT: {"using":"xpath","value":"//*[@id=\"__item3857-__clone9542-imgNav\"]"}
COMMAND: POST /session/0bd35d5034cd75fc8dc44075a41c35a4/elements - {"using":"xpath","value":"//*[@id=\"__item3857-__clone9542-imgNav\"]"}
RESULT: {"using":"xpath","value":"//*[@id=\"__item3857-__clone9542-imgNav\"]"}
COMMAND: POST /session/0bd35d5034cd75fc8dc44075a41c35a4/elements - {"using":"xpath","value":"//*[@id=\"__item3857-__clone9542-imgNav\"]"}
RESULT: {"using":"xpath","value":"//*[@id=\"__item3857-__clone9542-imgNav\"]"}
COMMAND: POST /session/0bd35d5034cd75fc8dc44075a41c35a4/elements - {"using":"xpath","value":"//*[@id=\"__item3857-__clone9542-imgNav\"]"}
RESULT: {"using":"xpath","value":"//*[@id=\"__item3857-__clone9542-imgNav\"]"}
COMMAND: POST /session/0bd35d5034cd75fc8dc44075a41c35a4/elements - {"using":"xpath","value":"//*[@id=\"__item3857-__clone9542-imgNav\"]"}
RESULT: {"using":"xpath","value":"//*[@id=\"__item3857-__clone9542-imgNav\"]"}
COMMAND: POST /session/0bd35d5034cd75fc8dc44075a41c35a4/elements - {"using":"xpath","value":"//*[@id=\"__item3857-__clone9542-imgNav\"]"}
RESULT: {"using":"xpath","value":"//*[@id=\"__item3857-__clone9542-imgNav\"]"}
COMMAND: POST /session/0bd35d5034cd75fc8dc44075a41c35a4/elements - {"using":"xpath","value":"//*[@id=\"__item3857-__clone9542-imgNav\"]"}
RESULT: {"using":"xpath","value":"//*[@id=\"__item3857-__clone9542-imgNav\"]"}
COMMAND: POST /session/0bd35d5034cd75fc8dc44075a41c35a4/elements - {"using":"xpath","value":"//*[@id=\"__item3857-__clone9542-imgNav\"]"}
RESULT: {"using":"xpath","value":"//*[@id=\"__item3857-__clone9542-imgNav\"]"}
COMMAND: POST /session/0bd35d5034cd75fc8dc44075a41c35a4/elements - {"using":"xpath","value":"//*[@id=\"__item3857-__clone9542-imgNav\"]"}
RESULT: {"using":"xpath","value":"//*[@id=\"__item3857-__clone9542-imgNav\"]"}
COMMAND: POST /session/0bd35d5034cd75fc8dc44075a41c35a4/elements - {"using":"xpath","value":"//*[@id=\"__item3857-__clone9542-imgNav\"]"}
RESULT: {"using":"xpath","value":"//*[@id=\"__item3857-__clone9542-imgNav\"]"}
COMMAND: POST /session/0bd35d5034cd75fc8dc44075a41c35a4/elements - {"using":"xpath","value":"//*[@id=\"__item3857-__clone9542-imgNav\"]"}
RESULT: {"using":"xpath","value":"//*[@id=\"__item3857-__clone9542-imgNav\"]"}
COMMAND: POST /session/0bd35d5034cd75fc8dc44075a41c35a4/elements - {"using":"xpath","value":"//*[@id=\"__item3857-__clone9542-imgNav\"]"}
RESULT: {"using":"xpath","value":"//*[@id=\"__item3857-__clone9542-imgNav\"]"}
COMMAND: POST /session/0bd35d5034cd75fc8dc44075a41c35a4/elements - {"using":"xpath","value":"//*[@id=\"__item3857-__clone9542-imgNav\"]"}
RESULT: {"using":"xpath","value":"//*[@id=\"__item3857-__clone9542-imgNav\"]"}
COMMAND: POST /session/0bd35d5034cd75fc8dc44075a41c35a4/elements - {"using":"xpath","value":"//*[@id=\"__item3857-__clone9542-imgNav\"]"}
RESULT: {"using":"xpath","value":"//*[@id=\"__item3857-__clone9542-imgNav\"]"}
COMMAND: POST /session/0bd35d5034cd75fc8dc44075a41c35a4/elements - {"using":"xpath","value":"//*[@id=\"__item3857-__clone9542-imgNav\"]"}
RESULT: {"using":"xpath","value":"//*[@id=\"__item3857-__clone9542-imgNav\"]"}
COMMAND: POST /session/0bd35d5034cd75fc8dc44075a41c35a4/elements - {"using":"xpath","value":"//*[@id=\"__item3857-__clone9542-imgNav\"]"}
RESULT: {"using":"xpath","value":"//*[@id=\"__item3857-__clone9542-imgNav\"]"}
COMMAND: POST /session/0bd35d5034cd75fc8dc44075a41c35a4/elements - {"using":"xpath","value":"//*[@id=\"__item3857-__clone9542-imgNav\"]"}
RESULT: {"using":"xpath","value":"//*[@id=\"__item3857-__clone9542-imgNav\"]"}
COMMAND: POST /session/0bd35d5034cd75fc8dc44075a41c35a4/elements - {"using":"xpath","value":"//*[@id=\"__item3857-__clone9542-imgNav\"]"}
RESULT: {"using":"xpath","value":"//*[@id=\"__item3857-__clone9542-imgNav\"]"}
COMMAND: POST /session/0bd35d5034cd75fc8dc44075a41c35a4/elements - {"using":"xpath","value":"//*[@id=\"__item3857-__clone9542-imgNav\"]"}
RESULT: {"using":"xpath","value":"//*[@id=\"__item3857-__clone9542-imgNav\"]"}
COMMAND: POST /session/0bd35d5034cd75fc8dc44075a41c35a4/elements - {"using":"xpath","value":"//*[@id=\"__item3857-__clone9542-imgNav\"]"}
RESULT: {"using":"xpath","value":"//*[@id=\"__item3857-__clone9542-imgNav\"]"}
COMMAND: POST /session/0bd35d5034cd75fc8dc44075a41c35a4/elements - {"using":"xpath","value":"//*[@id=\"__item3857-__clone9542-imgNav\"]"}
RESULT: {"using":"xpath","value":"//*[@id=\"__item3857-__clone9542-imgNav\"]"}
COMMAND: POST /session/0bd35d5034cd75fc8dc44075a41c35a4/elements - {"using":"xpath","value":"//*[@id=\"__item3857-__clone9542-imgNav\"]"}
RESULT: {"using":"xpath","value":"//*[@id=\"__item3857-__clone9542-imgNav\"]"}
COMMAND: POST /session/0bd35d5034cd75fc8dc44075a41c35a4/elements - {"using":"xpath","value":"//*[@id=\"__item3857-__clone9542-imgNav\"]"}
RESULT: {"using":"xpath","value":"//*[@id=\"__item3857-__clone9542-imgNav\"]"}
COMMAND: POST /session/0bd35d5034cd75fc8dc44075a41c35a4/elements - {"using":"xpath","value":"//*[@id=\"__item3857-__clone9542-imgNav\"]"}
RESULT: {"using":"xpath","value":"//*[@id=\"__item3857-__clone9542-imgNav\"]"}
COMMAND: POST /session/0bd35d5034cd75fc8dc44075a41c35a4/elements - {"using":"xpath","value":"//*[@id=\"__item3857-__clone9542-imgNav\"]"}
RESULT: {"using":"xpath","value":"//*[@id=\"__item3857-__clone9542-imgNav\"]"}
COMMAND: POST /session/0bd35d5034cd75fc8dc44075a41c35a4/elements - {"using":"xpath","value":"//*[@id=\"__item3857-__clone9542-imgNav\"]"}
RESULT: {"using":"xpath","value":"//*[@id=\"__item3857-__clone9542-imgNav\"]"}
COMMAND: POST /session/0bd35d5034cd75fc8dc44075a41c35a4/elements - {"using":"xpath","value":"//*[@id=\"__item3857-__clone9542-imgNav\"]"}
RESULT: {"using":"xpath","value":"//*[@id=\"__item3857-__clone9542-imgNav\"]"}
COMMAND: POST /session/0bd35d5034cd75fc8dc44075a41c35a4/elements - {"using":"xpath","value":"//*[@id=\"__item3857-__clone9542-imgNav\"]"}
RESULT: {"using":"xpath","value":"//*[@id=\"__item3857-__clone9542-imgNav\"]"}
COMMAND: POST /session/0bd35d5034cd75fc8dc44075a41c35a4/elements - {"using":"xpath","value":"//*[@id=\"__item3857-__clone9542-imgNav\"]"}
RESULT: {"using":"xpath","value":"//*[@id=\"__item3857-__clone9542-imgNav\"]"}
COMMAND: POST /session/0bd35d5034cd75fc8dc44075a41c35a4/elements - {"using":"xpath","value":"//*[@id=\"__item3857-__clone9542-imgNav\"]"}
RESULT: {"using":"xpath","value":"//*[@id=\"__item3857-__clone9542-imgNav\"]"}
COMMAND: POST /session/0bd35d5034cd75fc8dc44075a41c35a4/elements - {"using":"xpath","value":"//*[@id=\"__item3857-__clone9542-imgNav\"]"}
RESULT: {"using":"xpath","value":"//*[@id=\"__item3857-__clone9542-imgNav\"]"}
COMMAND: POST /session/0bd35d5034cd75fc8dc44075a41c35a4/elements - {"using":"xpath","value":"//*[@id=\"__item3857-__clone9542-imgNav\"]"}
RESULT: {"using":"xpath","value":"//*[@id=\"__item3857-__clone9542-imgNav\"]"}
COMMAND: POST /session/0bd35d5034cd75fc8dc44075a41c35a4/elements - {"using":"xpath","value":"//*[@id=\"__item3857-__clone9542-imgNav\"]"}
RESULT: {"using":"xpath","value":"//*[@id=\"__item3857-__clone9542-imgNav\"]"}
COMMAND: POST /session/0bd35d5034cd75fc8dc44075a41c35a4/elements - {"using":"xpath","value":"//*[@id=\"__item3857-__clone9542-imgNav\"]"}
RESULT: {"using":"xpath","value":"//*[@id=\"__item3857-__clone9542-imgNav\"]"}
COMMAND: POST /session/0bd35d5034cd75fc8dc44075a41c35a4/elements - {"using":"xpath","value":"//*[@id=\"__item3857-__clone9542-imgNav\"]"}
RESULT: {"using":"xpath","value":"//*[@id=\"__item3857-__clone9542-imgNav\"]"}
COMMAND: POST /session/0bd35d5034cd75fc8dc44075a41c35a4/elements - {"using":"xpath","value":"//*[@id=\"__item3857-__clone9542-imgNav\"]"}
RESULT: {"using":"xpath","value":"//*[@id=\"__item3857-__clone9542-imgNav\"]"}
COMMAND: POST /session/0bd35d5034cd75fc8dc44075a41c35a4/elements - {"using":"xpath","value":"//*[@id=\"__item3857-__clone9542-imgNav\"]"}
RESULT: {"using":"xpath","value":"//*[@id=\"__item3857-__clone9542-imgNav\"]"}
COMMAND: POST /session/0bd35d5034cd75fc8dc44075a41c35a4/elements - {"using":"xpath","value":"//*[@id=\"__item3857-__clone9542-imgNav\"]"}
RESULT: {"using":"xpath","value":"//*[@id=\"__item3857-__clone9542-imgNav\"]"}
COMMAND: POST /session/0bd35d5034cd75fc8dc44075a41c35a4/elements - {"using":"xpath","value":"//*[@id=\"__item3857-__clone9542-imgNav\"]"}
RESULT: {"using":"xpath","value":"//*[@id=\"__item3857-__clone9542-imgNav\"]"}
COMMAND: POST /session/0bd35d5034cd75fc8dc44075a41c35a4/elements - {"using":"xpath","value":"//*[@id=\"__item3857-__clone9542-imgNav\"]"}
RESULT: {"using":"xpath","value":"//*[@id=\"__item3857-__clone9542-imgNav\"]"}
COMMAND: POST /session/0bd35d5034cd75fc8dc44075a41c35a4/elements - {"using":"xpath","value":"//*[@id=\"__item3857-__clone9542-imgNav\"]"}
RESULT: {"using":"xpath","value":"//*[@id=\"__item3857-__clone9542-imgNav\"]"}
COMMAND: POST /session/0bd35d5034cd75fc8dc44075a41c35a4/elements - {"using":"xpath","value":"//*[@id=\"__item3857-__clone9542-imgNav\"]"}
RESULT: {"using":"xpath","value":"//*[@id=\"__item3857-__clone9542-imgNav\"]"}
COMMAND: POST /session/0bd35d5034cd75fc8dc44075a41c35a4/elements - {"using":"xpath","value":"//*[@id=\"__item3857-__clone9542-imgNav\"]"}
RESULT: {"using":"xpath","value":"//*[@id=\"__item3857-__clone9542-imgNav\"]"}
COMMAND: POST /session/0bd35d5034cd75fc8dc44075a41c35a4/elements - {"using":"xpath","value":"//*[@id=\"__item3857-__clone9542-imgNav\"]"}
RESULT: {"using":"xpath","value":"//*[@id=\"__item3857-__clone9542-imgNav\"]"}
COMMAND: POST /session/0bd35d5034cd75fc8dc44075a41c35a4/elements - {"using":"xpath","value":"//*[@id=\"__item3857-__clone9542-imgNav\"]"}
RESULT: {"using":"xpath","value":"//*[@id=\"__item3857-__clone9542-imgNav\"]"}
COMMAND: POST /session/0bd35d5034cd75fc8dc44075a41c35a4/elements - {"using":"xpath","value":"//*[@id=\"__item3857-__clone9542-imgNav\"]"}
RESULT: {"using":"xpath","value":"//*[@id=\"__item3857-__clone9542-imgNav\"]"}
COMMAND: POST /session/0bd35d5034cd75fc8dc44075a41c35a4/elements - {"using":"xpath","value":"//*[@id=\"__item3857-__clone9542-imgNav\"]"}
RESULT: {"using":"xpath","value":"//*[@id=\"__item3857-__clone9542-imgNav\"]"}
COMMAND: POST /session/0bd35d5034cd75fc8dc44075a41c35a4/elements - {"using":"xpath","value":"//*[@id=\"__item3857-__clone9542-imgNav\"]"}
RESULT: {"using":"xpath","value":"//*[@id=\"__item3857-__clone9542-imgNav\"]"}
COMMAND: POST /session/0bd35d5034cd75fc8dc44075a41c35a4/elements - {"using":"xpath","value":"//*[@id=\"__item3857-__clone9542-imgNav\"]"}
RESULT: {"using":"xpath","value":"//*[@id=\"__item3857-__clone9542-imgNav\"]"}
COMMAND: POST /session/0bd35d5034cd75fc8dc44075a41c35a4/elements - {"using":"xpath","value":"//*[@id=\"__item3857-__clone9542-imgNav\"]"}
RESULT: {"using":"xpath","value":"//*[@id=\"__item3857-__clone9542-imgNav\"]"}
COMMAND: POST /session/0bd35d5034cd75fc8dc44075a41c35a4/elements - {"using":"xpath","value":"//*[@id=\"__item3857-__clone9542-imgNav\"]"}
RESULT: {"using":"xpath","value":"//*[@id=\"__item3857-__clone9542-imgNav\"]"}
COMMAND: POST /session/0bd35d5034cd75fc8dc44075a41c35a4/elements - {"using":"xpath","value":"//*[@id=\"__item3857-__clone9542-imgNav\"]"}
RESULT: {"using":"xpath","value":"//*[@id=\"__item3857-__clone9542-imgNav\"]"}
COMMAND: POST /session/0bd35d5034cd75fc8dc44075a41c35a4/elements - {"using":"xpath","value":"//*[@id=\"__item3857-__clone9542-imgNav\"]"}
RESULT: {"using":"xpath","value":"//*[@id=\"__item3857-__clone9542-imgNav\"]"}
COMMAND: POST /session/0bd35d5034cd75fc8dc44075a41c35a4/elements - {"using":"xpath","value":"//*[@id=\"__item3857-__clone9542-imgNav\"]"}
RESULT: {"using":"xpath","value":"//*[@id=\"__item3857-__clone9542-imgNav\"]"}
COMMAND: POST /session/0bd35d5034cd75fc8dc44075a41c35a4/elements - {"using":"xpath","value":"//*[@id=\"__item3857-__clone9542-imgNav\"]"}
RESULT: {"using":"xpath","value":"//*[@id=\"__item3857-__clone9542-imgNav\"]"}
COMMAND: POST /session/0bd35d5034cd75fc8dc44075a41c35a4/elements - {"using":"xpath","value":"//*[@id=\"__item3857-__clone9542-imgNav\"]"}
RESULT: {"using":"xpath","value":"//*[@id=\"__item3857-__clone9542-imgNav\"]"}
COMMAND: POST /session/0bd35d5034cd75fc8dc44075a41c35a4/elements - {"using":"xpath","value":"//*[@id=\"__item3857-__clone9542-imgNav\"]"}
RESULT: {"using":"xpath","value":"//*[@id=\"__item3857-__clone9542-imgNav\"]"}
COMMAND: POST /session/0bd35d5034cd75fc8dc44075a41c35a4/elements - {"using":"xpath","value":"//*[@id=\"__item3857-__clone9542-imgNav\"]"}
RESULT: {"using":"xpath","value":"//*[@id=\"__item3857-__clone9542-imgNav\"]"}
COMMAND: POST /session/0bd35d5034cd75fc8dc44075a41c35a4/elements - {"using":"xpath","value":"//*[@id=\"__item3857-__clone9542-imgNav\"]"}
RESULT: {"using":"xpath","value":"//*[@id=\"__item3857-__clone9542-imgNav\"]"}
COMMAND: POST /session/0bd35d5034cd75fc8dc44075a41c35a4/elements - {"using":"xpath","value":"//*[@id=\"__item3857-__clone9542-imgNav\"]"}
RESULT: {"using":"xpath","value":"//*[@id=\"__item3857-__clone9542-imgNav\"]"}
COMMAND: POST /session/0bd35d5034cd75fc8dc44075a41c35a4/elements - {"using":"xpath","value":"//*[@id=\"__item3857-__clone9542-imgNav\"]"}
RESULT: {"using":"xpath","value":"//*[@id=\"__item3857-__clone9542-imgNav\"]"}
COMMAND: POST /session/0bd35d5034cd75fc8dc44075a41c35a4/elements - {"using":"xpath","value":"//*[@id=\"__item3857-__clone9542-imgNav\"]"}
RESULT: {"using":"xpath","value":"//*[@id=\"__item3857-__clone9542-imgNav\"]"}
COMMAND: POST /session/0bd35d5034cd75fc8dc44075a41c35a4/elements - {"using":"xpath","value":"//*[@id=\"__item3857-__clone9542-imgNav\"]"}
RESULT: {"using":"xpath","value":"//*[@id=\"__item3857-__clone9542-imgNav\"]"}
COMMAND: POST /session/0bd35d5034cd75fc8dc44075a41c35a4/elements - {"using":"xpath","value":"//*[@id=\"__item3857-__clone9542-imgNav\"]"}
RESULT: {"using":"xpath","value":"//*[@id=\"__item3857-__clone9542-imgNav\"]"}
COMMAND: POST /session/0bd35d5034cd75fc8dc44075a41c35a4/elements - {"using":"xpath","value":"//*[@id=\"__item3857-__clone9542-imgNav\"]"}
RESULT: {"using":"xpath","value":"//*[@id=\"__item3857-__clone9542-imgNav\"]"}
COMMAND: POST /session/0bd35d5034cd75fc8dc44075a41c35a4/elements - {"using":"xpath","value":"//*[@id=\"__item3857-__clone9542-imgNav\"]"}
RESULT: {"using":"xpath","value":"//*[@id=\"__item3857-__clone9542-imgNav\"]"}
COMMAND: POST /session/0bd35d5034cd75fc8dc44075a41c35a4/elements - {"using":"xpath","value":"//*[@id=\"__item3857-__clone9542-imgNav\"]"}
RESULT: {"using":"xpath","value":"//*[@id=\"__item3857-__clone9542-imgNav\"]"}
COMMAND: POST /session/0bd35d5034cd75fc8dc44075a41c35a4/elements - {"using":"xpath","value":"//*[@id=\"__item3857-__clone9542-imgNav\"]"}
RESULT: {"using":"xpath","value":"//*[@id=\"__item3857-__clone9542-imgNav\"]"}
COMMAND: POST /session/0bd35d5034cd75fc8dc44075a41c35a4/elements - {"using":"xpath","value":"//*[@id=\"__item3857-__clone9542-imgNav\"]"}
RESULT: {"using":"xpath","value":"//*[@id=\"__item3857-__clone9542-imgNav\"]"}
COMMAND: POST /session/0bd35d5034cd75fc8dc44075a41c35a4/elements - {"using":"xpath","value":"//*[@id=\"__item3857-__clone9542-imgNav\"]"}
RESULT: {"using":"xpath","value":"//*[@id=\"__item3857-__clone9542-imgNav\"]"}
COMMAND: POST /session/0bd35d5034cd75fc8dc44075a41c35a4/elements - {"using":"xpath","value":"//*[@id=\"__item3857-__clone9542-imgNav\"]"}
RESULT: {"using":"xpath","value":"//*[@id=\"__item3857-__clone9542-imgNav\"]"}
COMMAND: POST /session/0bd35d5034cd75fc8dc44075a41c35a4/elements - {"using":"xpath","value":"//*[@id=\"__item3857-__clone9542-imgNav\"]"}
RESULT: {"using":"xpath","value":"//*[@id=\"__item3857-__clone9542-imgNav\"]"}
COMMAND: POST /session/0bd35d5034cd75fc8dc44075a41c35a4/elements - {"using":"xpath","value":"//*[@id=\"__item3857-__clone9542-imgNav\"]"}
RESULT: {"using":"xpath","value":"//*[@id=\"__item3857-__clone9542-imgNav\"]"}
COMMAND: POST /session/0bd35d5034cd75fc8dc44075a41c35a4/elements - {"using":"xpath","value":"//*[@id=\"__item3857-__clone9542-imgNav\"]"}
RESULT: {"using":"xpath","value":"//*[@id=\"__item3857-__clone9542-imgNav\"]"}
COMMAND: POST /session/0bd35d5034cd75fc8dc44075a41c35a4/elements - {"using":"xpath","value":"//*[@id=\"__item3857-__clone9542-imgNav\"]"}
RESULT: {"using":"xpath","value":"//*[@id=\"__item3857-__clone9542-imgNav\"]"}
COMMAND: POST /session/0bd35d5034cd75fc8dc44075a41c35a4/elements - {"using":"xpath","value":"//*[@id=\"__item3857-__clone9542-imgNav\"]"}
RESULT: {"using":"xpath","value":"//*[@id=\"__item3857-__clone9542-imgNav\"]"}
COMMAND: POST /session/0bd35d5034cd75fc8dc44075a41c35a4/elements - {"using":"xpath","value":"//*[@id=\"__item3857-__clone9542-imgNav\"]"}
RESULT: {"using":"xpath","value":"//*[@id=\"__item3857-__clone9542-imgNav\"]"}
COMMAND: POST /session/0bd35d5034cd75fc8dc44075a41c35a4/elements - {"using":"xpath","value":"//*[@id=\"__item3857-__clone9542-imgNav\"]"}
RESULT: {"using":"xpath","value":"//*[@id=\"__item3857-__clone9542-imgNav\"]"}
COMMAND: POST /session/0bd35d5034cd75fc8dc44075a41c35a4/elements - {"using":"xpath","value":"//*[@id=\"__item3857-__clone9542-imgNav\"]"}
RESULT: {"using":"xpath","value":"//*[@id=\"__item3857-__clone9542-imgNav\"]"}
COMMAND: POST /session/0bd35d5034cd75fc8dc44075a41c35a4/elements - {"using":"xpath","value":"//*[@id=\"__item3857-__clone9542-imgNav\"]"}
RESULT: {"using":"xpath","value":"//*[@id=\"__item3857-__clone9542-imgNav\"]"}
COMMAND: POST /session/0bd35d5034cd75fc8dc44075a41c35a4/elements - {"using":"xpath","value":"//*[@id=\"__item3857-__clone9542-imgNav\"]"}
RESULT: {"using":"xpath","value":"//*[@id=\"__item3857-__clone9542-imgNav\"]"}
COMMAND: POST /session/0bd35d5034cd75fc8dc44075a41c35a4/elements - {"using":"xpath","value":"//*[@id=\"__item3857-__clone9542-imgNav\"]"}
RESULT: {"using":"xpath","value":"//*[@id=\"__item3857-__clone9542-imgNav\"]"}
COMMAND: POST /session/0bd35d5034cd75fc8dc44075a41c35a4/elements - {"using":"xpath","value":"//*[@id=\"__item3857-__clone9542-imgNav\"]"}
RESULT: {"using":"xpath","value":"//*[@id=\"__item3857-__clone9542-imgNav\"]"}
COMMAND: POST /session/0bd35d5034cd75fc8dc44075a41c35a4/elements - {"using":"xpath","value":"//*[@id=\"__item3857-__clone9542-imgNav\"]"}
RESULT: {"using":"xpath","value":"//*[@id=\"__item3857-__clone9542-imgNav\"]"}
COMMAND: POST /session/0bd35d5034cd75fc8dc44075a41c35a4/elements - {"using":"xpath","value":"//*[@id=\"__item3857-__clone9542-imgNav\"]"}
RESULT: {"using":"xpath","value":"//*[@id=\"__item3857-__clone9542-imgNav\"]"}
COMMAND: POST /session/0bd35d5034cd75fc8dc44075a41c35a4/elements - {"using":"xpath","value":"//*[@id=\"__item3857-__clone9542-imgNav\"]"}
RESULT: {"using":"xpath","value":"//*[@id=\"__item3857-__clone9542-imgNav\"]"}
COMMAND: POST /session/0bd35d5034cd75fc8dc44075a41c35a4/elements - {"using":"xpath","value":"//*[@id=\"__item3857-__clone9542-imgNav\"]"}
RESULT: {"using":"xpath","value":"//*[@id=\"__item3857-__clone9542-imgNav\"]"}
COMMAND: POST /session/0bd35d5034cd75fc8dc44075a41c35a4/elements - {"using":"xpath","value":"//*[@id=\"__item3857-__clone9542-imgNav\"]"}
RESULT: {"using":"xpath","value":"//*[@id=\"__item3857-__clone9542-imgNav\"]"}
COMMAND: POST /session/0bd35d5034cd75fc8dc44075a41c35a4/elements - {"using":"xpath","value":"//*[@id=\"__item3857-__clone9542-imgNav\"]"}
RESULT: {"using":"xpath","value":"//*[@id=\"__item3857-__clone9542-imgNav\"]"}
COMMAND: POST /session/0bd35d5034cd75fc8dc44075a41c35a4/elements - {"using":"xpath","value":"//*[@id=\"__item3857-__clone9542-imgNav\"]"}
RESULT: {"using":"xpath","value":"//*[@id=\"__item3857-__clone9542-imgNav\"]"}
COMMAND: POST /session/0bd35d5034cd75fc8dc44075a41c35a4/elements - {"using":"xpath","value":"//*[@id=\"__item3857-__clone9542-imgNav\"]"}
RESULT: {"using":"xpath","value":"//*[@id=\"__item3857-__clone9542-imgNav\"]"}
COMMAND: POST /session/0bd35d5034cd75fc8dc44075a41c35a4/elements - {"using":"xpath","value":"//*[@id=\"__item3857-__clone9542-imgNav\"]"}
RESULT: {"using":"xpath","value":"//*[@id=\"__item3857-__clone9542-imgNav\"]"}
COMMAND: POST /session/0bd35d5034cd75fc8dc44075a41c35a4/elements - {"using":"xpath","value":"//*[@id=\"__item3857-__clone9542-imgNav\"]"}
COMMAND: POST /session/0bd35d5034cd75fc8dc44075a41c35a4/execute/async - {"script":"<script> [1562 bytes]","args":[{"selector":{"controlType":"sap.m.Button","viewName":"etm.portal.ui.managehandovers.view.DetailExecuteHO","i18NText":{"propertyName":"text","key":"confirmAll"},"interaction":{"idSuffix":"BDI-content"}},"wdio_ui5_key":"etmportal.ui.managehandovers.view.DetailExecuteHOsap.m.Button{\"propertyName\":\"text\",\"key\":\"confirmAll\"}"}]}
RESULT: {"using":"xpath","value":"//*[@id=\"__item3857-__clone9542-imgNav\"]"}
RESULT: {"script":"<script> [1562 bytes]","args":[{"selector":{"controlType":"sap.m.Button","viewName":"etm.portal.ui.managehandovers.view.DetailExecuteHO","i18NText":{"propertyName":"text","key":"confirmAll"},"interaction":{"idSuffix":"BDI-content"}},"wdio_ui5_key":"etmportal.ui.managehandovers.view.DetailExecuteHOsap.m.Button{\"propertyName\":\"text\",\"key\":\"confirmAll\"}"}]}
RESULT: undefined
COMMAND: POST /session/0bd35d5034cd75fc8dc44075a41c35a4/actions - {"actions":[{"id":"action49","type":"key","parameters":{},"actions":[{"type":"keyDown","value":"î€‡"},{"type":"pause","duration":10},{"type":"keyUp","value":"î€‡"}]}]}
RESULT: {"actions":[{"id":"action49","type":"key","parameters":{},"actions":[{"type":"keyDown","value":"î€‡"},{"type":"pause","duration":10},{"type":"keyUp","value":"î€‡"}]}]}
COMMAND: GET /session/0bd35d5034cd75fc8dc44075a41c35a4/screenshot - {}
RESULT: {}
COMMAND: POST /session/0bd35d5034cd75fc8dc44075a41c35a4/execute/async - {"script":"<script> [1562 bytes]","args":[{"selector":{"id":"confirmationButton","viewName":"etm.portal.ui.managehandovers.view.DetailExecuteHO","properties":{"text":"Issue"},"interaction":{"idSuffix":"BDI-content"}},"wdio_ui5_key":"confirmationButtonetmportal.ui.managehandovers.view.DetailExecuteHO{\"text\":\"Issue\"}"}]}
RESULT: {"script":"<script> [1562 bytes]","args":[{"selector":{"id":"confirmationButton","viewName":"etm.portal.ui.managehandovers.view.DetailExecuteHO","properties":{"text":"Issue"},"interaction":{"idSuffix":"BDI-content"}},"wdio_ui5_key":"confirmationButtonetmportal.ui.managehandovers.view.DetailExecuteHO{\"text\":\"Issue\"}"}]}
RESULT: undefined
RESULT: undefined
COMMAND: POST /session/0bd35d5034cd75fc8dc44075a41c35a4/execute/async - {"script":"<script> [776 bytes]","args":[{"enterText":"30873","selector":{"controlType":"sap.m.SearchField","viewName":"etm.portal.ui.managehandovers.view.MasterHO","bindingPath":{"propertyPath":"/_BASIC_SEARCH_FIELD","modelName":"fi1t3rM0d31"},"interaction":{"idSuffix":"I"}},"clearTextFirst":true,"interactionType":"ENTER_TEXT"}]}
RESULT: {"script":"<script> [776 bytes]","args":[{"enterText":"30873","selector":{"controlType":"sap.m.SearchField","viewName":"etm.portal.ui.managehandovers.view.MasterHO","bindingPath":{"propertyPath":"/_BASIC_SEARCH_FIELD","modelName":"fi1t3rM0d31"},"interaction":{"idSuffix":"I"}},"clearTextFirst":true,"interactionType":"ENTER_TEXT"}]}
COMMAND: POST /session/0bd35d5034cd75fc8dc44075a41c35a4/actions - {"actions":[{"id":"action50","type":"key","parameters":{},"actions":[{"type":"keyDown","value":"î€‡"},{"type":"pause","duration":10},{"type":"keyUp","value":"î€‡"}]}]}
RESULT: {"actions":[{"id":"action50","type":"key","parameters":{},"actions":[{"type":"keyDown","value":"î€‡"},{"type":"pause","duration":10},{"type":"keyUp","value":"î€‡"}]}]}
COMMAND: GET /session/0bd35d5034cd75fc8dc44075a41c35a4/screenshot - {}
RESULT: {}
RESULT: undefined
COMMAND: POST /session/0bd35d5034cd75fc8dc44075a41c35a4/element - {"using":"xpath","value":"//*[@id=\"__item3857-__clone9542-imgNav\"]"}
RESULT: {"using":"xpath","value":"//*[@id=\"__item3857-__clone9542-imgNav\"]"}
COMMAND: POST /session/0bd35d5034cd75fc8dc44075a41c35a4/elements - {"using":"xpath","value":"//*[@id=\"__item3857-__clone9542-imgNav\"]"}
RESULT: {"using":"xpath","value":"//*[@id=\"__item3857-__clone9542-imgNav\"]"}
COMMAND: POST /session/0bd35d5034cd75fc8dc44075a41c35a4/elements - {"using":"xpath","value":"//*[@id=\"__item3857-__clone9542-imgNav\"]"}
RESULT: {"using":"xpath","value":"//*[@id=\"__item3857-__clone9542-imgNav\"]"}
COMMAND: POST /session/0bd35d5034cd75fc8dc44075a41c35a4/elements - {"using":"xpath","value":"//*[@id=\"__item3857-__clone9542-imgNav\"]"}
RESULT: {"using":"xpath","value":"//*[@id=\"__item3857-__clone9542-imgNav\"]"}
COMMAND: POST /session/0bd35d5034cd75fc8dc44075a41c35a4/elements - {"using":"xpath","value":"//*[@id=\"__item3857-__clone9542-imgNav\"]"}
RESULT: {"using":"xpath","value":"//*[@id=\"__item3857-__clone9542-imgNav\"]"}
COMMAND: POST /session/0bd35d5034cd75fc8dc44075a41c35a4/elements - {"using":"xpath","value":"//*[@id=\"__item3857-__clone9542-imgNav\"]"}
RESULT: {"using":"xpath","value":"//*[@id=\"__item3857-__clone9542-imgNav\"]"}
COMMAND: POST /session/0bd35d5034cd75fc8dc44075a41c35a4/elements - {"using":"xpath","value":"//*[@id=\"__item3857-__clone9542-imgNav\"]"}
RESULT: {"using":"xpath","value":"//*[@id=\"__item3857-__clone9542-imgNav\"]"}
COMMAND: POST /session/0bd35d5034cd75fc8dc44075a41c35a4/elements - {"using":"xpath","value":"//*[@id=\"__item3857-__clone9542-imgNav\"]"}
RESULT: {"using":"xpath","value":"//*[@id=\"__item3857-__clone9542-imgNav\"]"}
COMMAND: POST /session/0bd35d5034cd75fc8dc44075a41c35a4/elements - {"using":"xpath","value":"//*[@id=\"__item3857-__clone9542-imgNav\"]"}
RESULT: {"using":"xpath","value":"//*[@id=\"__item3857-__clone9542-imgNav\"]"}
COMMAND: POST /session/0bd35d5034cd75fc8dc44075a41c35a4/elements - {"using":"xpath","value":"//*[@id=\"__item3857-__clone9542-imgNav\"]"}
RESULT: {"using":"xpath","value":"//*[@id=\"__item3857-__clone9542-imgNav\"]"}
COMMAND: POST /session/0bd35d5034cd75fc8dc44075a41c35a4/elements - {"using":"xpath","value":"//*[@id=\"__item3857-__clone9542-imgNav\"]"}
RESULT: {"using":"xpath","value":"//*[@id=\"__item3857-__clone9542-imgNav\"]"}
COMMAND: POST /session/0bd35d5034cd75fc8dc44075a41c35a4/elements - {"using":"xpath","value":"//*[@id=\"__item3857-__clone9542-imgNav\"]"}
RESULT: {"using":"xpath","value":"//*[@id=\"__item3857-__clone9542-imgNav\"]"}
COMMAND: POST /session/0bd35d5034cd75fc8dc44075a41c35a4/elements - {"using":"xpath","value":"//*[@id=\"__item3857-__clone9542-imgNav\"]"}
RESULT: {"using":"xpath","value":"//*[@id=\"__item3857-__clone9542-imgNav\"]"}
COMMAND: POST /session/0bd35d5034cd75fc8dc44075a41c35a4/elements - {"using":"xpath","value":"//*[@id=\"__item3857-__clone9542-imgNav\"]"}
RESULT: {"using":"xpath","value":"//*[@id=\"__item3857-__clone9542-imgNav\"]"}
COMMAND: POST /session/0bd35d5034cd75fc8dc44075a41c35a4/elements - {"using":"xpath","value":"//*[@id=\"__item3857-__clone9542-imgNav\"]"}
RESULT: {"using":"xpath","value":"//*[@id=\"__item3857-__clone9542-imgNav\"]"}
COMMAND: POST /session/0bd35d5034cd75fc8dc44075a41c35a4/elements - {"using":"xpath","value":"//*[@id=\"__item3857-__clone9542-imgNav\"]"}
RESULT: {"using":"xpath","value":"//*[@id=\"__item3857-__clone9542-imgNav\"]"}
COMMAND: POST /session/0bd35d5034cd75fc8dc44075a41c35a4/elements - {"using":"xpath","value":"//*[@id=\"__item3857-__clone9542-imgNav\"]"}
RESULT: {"using":"xpath","value":"//*[@id=\"__item3857-__clone9542-imgNav\"]"}
COMMAND: POST /session/0bd35d5034cd75fc8dc44075a41c35a4/elements - {"using":"xpath","value":"//*[@id=\"__item3857-__clone9542-imgNav\"]"}
RESULT: {"using":"xpath","value":"//*[@id=\"__item3857-__clone9542-imgNav\"]"}
COMMAND: POST /session/0bd35d5034cd75fc8dc44075a41c35a4/elements - {"using":"xpath","value":"//*[@id=\"__item3857-__clone9542-imgNav\"]"}
RESULT: {"using":"xpath","value":"//*[@id=\"__item3857-__clone9542-imgNav\"]"}
COMMAND: POST /session/0bd35d5034cd75fc8dc44075a41c35a4/elements - {"using":"xpath","value":"//*[@id=\"__item3857-__clone9542-imgNav\"]"}
RESULT: {"using":"xpath","value":"//*[@id=\"__item3857-__clone9542-imgNav\"]"}
COMMAND: POST /session/0bd35d5034cd75fc8dc44075a41c35a4/elements - {"using":"xpath","value":"//*[@id=\"__item3857-__clone9542-imgNav\"]"}
RESULT: {"using":"xpath","value":"//*[@id=\"__item3857-__clone9542-imgNav\"]"}
COMMAND: POST /session/0bd35d5034cd75fc8dc44075a41c35a4/elements - {"using":"xpath","value":"//*[@id=\"__item3857-__clone9542-imgNav\"]"}
RESULT: {"using":"xpath","value":"//*[@id=\"__item3857-__clone9542-imgNav\"]"}
COMMAND: POST /session/0bd35d5034cd75fc8dc44075a41c35a4/elements - {"using":"xpath","value":"//*[@id=\"__item3857-__clone9542-imgNav\"]"}
RESULT: {"using":"xpath","value":"//*[@id=\"__item3857-__clone9542-imgNav\"]"}
COMMAND: POST /session/0bd35d5034cd75fc8dc44075a41c35a4/elements - {"using":"xpath","value":"//*[@id=\"__item3857-__clone9542-imgNav\"]"}
RESULT: {"using":"xpath","value":"//*[@id=\"__item3857-__clone9542-imgNav\"]"}
COMMAND: POST /session/0bd35d5034cd75fc8dc44075a41c35a4/elements - {"using":"xpath","value":"//*[@id=\"__item3857-__clone9542-imgNav\"]"}
RESULT: {"using":"xpath","value":"//*[@id=\"__item3857-__clone9542-imgNav\"]"}
COMMAND: POST /session/0bd35d5034cd75fc8dc44075a41c35a4/elements - {"using":"xpath","value":"//*[@id=\"__item3857-__clone9542-imgNav\"]"}
RESULT: {"using":"xpath","value":"//*[@id=\"__item3857-__clone9542-imgNav\"]"}
COMMAND: POST /session/0bd35d5034cd75fc8dc44075a41c35a4/elements - {"using":"xpath","value":"//*[@id=\"__item3857-__clone9542-imgNav\"]"}
RESULT: {"using":"xpath","value":"//*[@id=\"__item3857-__clone9542-imgNav\"]"}
COMMAND: POST /session/0bd35d5034cd75fc8dc44075a41c35a4/elements - {"using":"xpath","value":"//*[@id=\"__item3857-__clone9542-imgNav\"]"}
RESULT: {"using":"xpath","value":"//*[@id=\"__item3857-__clone9542-imgNav\"]"}
COMMAND: POST /session/0bd35d5034cd75fc8dc44075a41c35a4/elements - {"using":"xpath","value":"//*[@id=\"__item3857-__clone9542-imgNav\"]"}
RESULT: {"using":"xpath","value":"//*[@id=\"__item3857-__clone9542-imgNav\"]"}
COMMAND: POST /session/0bd35d5034cd75fc8dc44075a41c35a4/elements - {"using":"xpath","value":"//*[@id=\"__item3857-__clone9542-imgNav\"]"}
RESULT: {"using":"xpath","value":"//*[@id=\"__item3857-__clone9542-imgNav\"]"}
COMMAND: POST /session/0bd35d5034cd75fc8dc44075a41c35a4/elements - {"using":"xpath","value":"//*[@id=\"__item3857-__clone9542-imgNav\"]"}
RESULT: {"using":"xpath","value":"//*[@id=\"__item3857-__clone9542-imgNav\"]"}
COMMAND: POST /session/0bd35d5034cd75fc8dc44075a41c35a4/elements - {"using":"xpath","value":"//*[@id=\"__item3857-__clone9542-imgNav\"]"}
RESULT: {"using":"xpath","value":"//*[@id=\"__item3857-__clone9542-imgNav\"]"}
COMMAND: POST /session/0bd35d5034cd75fc8dc44075a41c35a4/elements - {"using":"xpath","value":"//*[@id=\"__item3857-__clone9542-imgNav\"]"}
RESULT: {"using":"xpath","value":"//*[@id=\"__item3857-__clone9542-imgNav\"]"}
COMMAND: POST /session/0bd35d5034cd75fc8dc44075a41c35a4/elements - {"using":"xpath","value":"//*[@id=\"__item3857-__clone9542-imgNav\"]"}
RESULT: {"using":"xpath","value":"//*[@id=\"__item3857-__clone9542-imgNav\"]"}
COMMAND: POST /session/0bd35d5034cd75fc8dc44075a41c35a4/elements - {"using":"xpath","value":"//*[@id=\"__item3857-__clone9542-imgNav\"]"}
RESULT: {"using":"xpath","value":"//*[@id=\"__item3857-__clone9542-imgNav\"]"}
COMMAND: POST /session/0bd35d5034cd75fc8dc44075a41c35a4/elements - {"using":"xpath","value":"//*[@id=\"__item3857-__clone9542-imgNav\"]"}
RESULT: {"using":"xpath","value":"//*[@id=\"__item3857-__clone9542-imgNav\"]"}
COMMAND: POST /session/0bd35d5034cd75fc8dc44075a41c35a4/elements - {"using":"xpath","value":"//*[@id=\"__item3857-__clone9542-imgNav\"]"}
RESULT: {"using":"xpath","value":"//*[@id=\"__item3857-__clone9542-imgNav\"]"}
COMMAND: POST /session/0bd35d5034cd75fc8dc44075a41c35a4/elements - {"using":"xpath","value":"//*[@id=\"__item3857-__clone9542-imgNav\"]"}
RESULT: {"using":"xpath","value":"//*[@id=\"__item3857-__clone9542-imgNav\"]"}
COMMAND: POST /session/0bd35d5034cd75fc8dc44075a41c35a4/elements - {"using":"xpath","value":"//*[@id=\"__item3857-__clone9542-imgNav\"]"}
RESULT: {"using":"xpath","value":"//*[@id=\"__item3857-__clone9542-imgNav\"]"}
COMMAND: POST /session/0bd35d5034cd75fc8dc44075a41c35a4/elements - {"using":"xpath","value":"//*[@id=\"__item3857-__clone9542-imgNav\"]"}
RESULT: {"using":"xpath","value":"//*[@id=\"__item3857-__clone9542-imgNav\"]"}
COMMAND: POST /session/0bd35d5034cd75fc8dc44075a41c35a4/elements - {"using":"xpath","value":"//*[@id=\"__item3857-__clone9542-imgNav\"]"}
RESULT: {"using":"xpath","value":"//*[@id=\"__item3857-__clone9542-imgNav\"]"}
COMMAND: POST /session/0bd35d5034cd75fc8dc44075a41c35a4/elements - {"using":"xpath","value":"//*[@id=\"__item3857-__clone9542-imgNav\"]"}
RESULT: {"using":"xpath","value":"//*[@id=\"__item3857-__clone9542-imgNav\"]"}
COMMAND: POST /session/0bd35d5034cd75fc8dc44075a41c35a4/elements - {"using":"xpath","value":"//*[@id=\"__item3857-__clone9542-imgNav\"]"}
RESULT: {"using":"xpath","value":"//*[@id=\"__item3857-__clone9542-imgNav\"]"}
COMMAND: POST /session/0bd35d5034cd75fc8dc44075a41c35a4/elements - {"using":"xpath","value":"//*[@id=\"__item3857-__clone9542-imgNav\"]"}
RESULT: {"using":"xpath","value":"//*[@id=\"__item3857-__clone9542-imgNav\"]"}
COMMAND: POST /session/0bd35d5034cd75fc8dc44075a41c35a4/elements - {"using":"xpath","value":"//*[@id=\"__item3857-__clone9542-imgNav\"]"}
RESULT: {"using":"xpath","value":"//*[@id=\"__item3857-__clone9542-imgNav\"]"}
COMMAND: POST /session/0bd35d5034cd75fc8dc44075a41c35a4/elements - {"using":"xpath","value":"//*[@id=\"__item3857-__clone9542-imgNav\"]"}
RESULT: {"using":"xpath","value":"//*[@id=\"__item3857-__clone9542-imgNav\"]"}
COMMAND: POST /session/0bd35d5034cd75fc8dc44075a41c35a4/elements - {"using":"xpath","value":"//*[@id=\"__item3857-__clone9542-imgNav\"]"}
RESULT: {"using":"xpath","value":"//*[@id=\"__item3857-__clone9542-imgNav\"]"}
COMMAND: POST /session/0bd35d5034cd75fc8dc44075a41c35a4/elements - {"using":"xpath","value":"//*[@id=\"__item3857-__clone9542-imgNav\"]"}
RESULT: {"using":"xpath","value":"//*[@id=\"__item3857-__clone9542-imgNav\"]"}
COMMAND: POST /session/0bd35d5034cd75fc8dc44075a41c35a4/elements - {"using":"xpath","value":"//*[@id=\"__item3857-__clone9542-imgNav\"]"}
RESULT: {"using":"xpath","value":"//*[@id=\"__item3857-__clone9542-imgNav\"]"}
COMMAND: POST /session/0bd35d5034cd75fc8dc44075a41c35a4/elements - {"using":"xpath","value":"//*[@id=\"__item3857-__clone9542-imgNav\"]"}
RESULT: {"using":"xpath","value":"//*[@id=\"__item3857-__clone9542-imgNav\"]"}
COMMAND: POST /session/0bd35d5034cd75fc8dc44075a41c35a4/elements - {"using":"xpath","value":"//*[@id=\"__item3857-__clone9542-imgNav\"]"}
RESULT: {"using":"xpath","value":"//*[@id=\"__item3857-__clone9542-imgNav\"]"}
COMMAND: POST /session/0bd35d5034cd75fc8dc44075a41c35a4/elements - {"using":"xpath","value":"//*[@id=\"__item3857-__clone9542-imgNav\"]"}
RESULT: {"using":"xpath","value":"//*[@id=\"__item3857-__clone9542-imgNav\"]"}
COMMAND: POST /session/0bd35d5034cd75fc8dc44075a41c35a4/elements - {"using":"xpath","value":"//*[@id=\"__item3857-__clone9542-imgNav\"]"}
RESULT: {"using":"xpath","value":"//*[@id=\"__item3857-__clone9542-imgNav\"]"}
COMMAND: POST /session/0bd35d5034cd75fc8dc44075a41c35a4/elements - {"using":"xpath","value":"//*[@id=\"__item3857-__clone9542-imgNav\"]"}
RESULT: {"using":"xpath","value":"//*[@id=\"__item3857-__clone9542-imgNav\"]"}
COMMAND: POST /session/0bd35d5034cd75fc8dc44075a41c35a4/elements - {"using":"xpath","value":"//*[@id=\"__item3857-__clone9542-imgNav\"]"}
RESULT: {"using":"xpath","value":"//*[@id=\"__item3857-__clone9542-imgNav\"]"}
COMMAND: POST /session/0bd35d5034cd75fc8dc44075a41c35a4/elements - {"using":"xpath","value":"//*[@id=\"__item3857-__clone9542-imgNav\"]"}
RESULT: {"using":"xpath","value":"//*[@id=\"__item3857-__clone9542-imgNav\"]"}
COMMAND: POST /session/0bd35d5034cd75fc8dc44075a41c35a4/elements - {"using":"xpath","value":"//*[@id=\"__item3857-__clone9542-imgNav\"]"}
RESULT: {"using":"xpath","value":"//*[@id=\"__item3857-__clone9542-imgNav\"]"}
COMMAND: POST /session/0bd35d5034cd75fc8dc44075a41c35a4/elements - {"using":"xpath","value":"//*[@id=\"__item3857-__clone9542-imgNav\"]"}
RESULT: {"using":"xpath","value":"//*[@id=\"__item3857-__clone9542-imgNav\"]"}
COMMAND: POST /session/0bd35d5034cd75fc8dc44075a41c35a4/elements - {"using":"xpath","value":"//*[@id=\"__item3857-__clone9542-imgNav\"]"}
RESULT: {"using":"xpath","value":"//*[@id=\"__item3857-__clone9542-imgNav\"]"}
COMMAND: POST /session/0bd35d5034cd75fc8dc44075a41c35a4/elements - {"using":"xpath","value":"//*[@id=\"__item3857-__clone9542-imgNav\"]"}
RESULT: {"using":"xpath","value":"//*[@id=\"__item3857-__clone9542-imgNav\"]"}
COMMAND: POST /session/0bd35d5034cd75fc8dc44075a41c35a4/elements - {"using":"xpath","value":"//*[@id=\"__item3857-__clone9542-imgNav\"]"}
RESULT: {"using":"xpath","value":"//*[@id=\"__item3857-__clone9542-imgNav\"]"}
COMMAND: POST /session/0bd35d5034cd75fc8dc44075a41c35a4/elements - {"using":"xpath","value":"//*[@id=\"__item3857-__clone9542-imgNav\"]"}
RESULT: {"using":"xpath","value":"//*[@id=\"__item3857-__clone9542-imgNav\"]"}
COMMAND: POST /session/0bd35d5034cd75fc8dc44075a41c35a4/elements - {"using":"xpath","value":"//*[@id=\"__item3857-__clone9542-imgNav\"]"}
RESULT: {"using":"xpath","value":"//*[@id=\"__item3857-__clone9542-imgNav\"]"}
COMMAND: POST /session/0bd35d5034cd75fc8dc44075a41c35a4/elements - {"using":"xpath","value":"//*[@id=\"__item3857-__clone9542-imgNav\"]"}
RESULT: {"using":"xpath","value":"//*[@id=\"__item3857-__clone9542-imgNav\"]"}
COMMAND: POST /session/0bd35d5034cd75fc8dc44075a41c35a4/elements - {"using":"xpath","value":"//*[@id=\"__item3857-__clone9542-imgNav\"]"}
RESULT: {"using":"xpath","value":"//*[@id=\"__item3857-__clone9542-imgNav\"]"}
COMMAND: POST /session/0bd35d5034cd75fc8dc44075a41c35a4/elements - {"using":"xpath","value":"//*[@id=\"__item3857-__clone9542-imgNav\"]"}
RESULT: {"using":"xpath","value":"//*[@id=\"__item3857-__clone9542-imgNav\"]"}
COMMAND: POST /session/0bd35d5034cd75fc8dc44075a41c35a4/elements - {"using":"xpath","value":"//*[@id=\"__item3857-__clone9542-imgNav\"]"}
RESULT: {"using":"xpath","value":"//*[@id=\"__item3857-__clone9542-imgNav\"]"}
COMMAND: POST /session/0bd35d5034cd75fc8dc44075a41c35a4/elements - {"using":"xpath","value":"//*[@id=\"__item3857-__clone9542-imgNav\"]"}
RESULT: {"using":"xpath","value":"//*[@id=\"__item3857-__clone9542-imgNav\"]"}
COMMAND: POST /session/0bd35d5034cd75fc8dc44075a41c35a4/elements - {"using":"xpath","value":"//*[@id=\"__item3857-__clone9542-imgNav\"]"}
RESULT: {"using":"xpath","value":"//*[@id=\"__item3857-__clone9542-imgNav\"]"}
COMMAND: POST /session/0bd35d5034cd75fc8dc44075a41c35a4/elements - {"using":"xpath","value":"//*[@id=\"__item3857-__clone9542-imgNav\"]"}
RESULT: {"using":"xpath","value":"//*[@id=\"__item3857-__clone9542-imgNav\"]"}
COMMAND: POST /session/0bd35d5034cd75fc8dc44075a41c35a4/elements - {"using":"xpath","value":"//*[@id=\"__item3857-__clone9542-imgNav\"]"}
RESULT: {"using":"xpath","value":"//*[@id=\"__item3857-__clone9542-imgNav\"]"}
COMMAND: POST /session/0bd35d5034cd75fc8dc44075a41c35a4/elements - {"using":"xpath","value":"//*[@id=\"__item3857-__clone9542-imgNav\"]"}
RESULT: {"using":"xpath","value":"//*[@id=\"__item3857-__clone9542-imgNav\"]"}
COMMAND: POST /session/0bd35d5034cd75fc8dc44075a41c35a4/elements - {"using":"xpath","value":"//*[@id=\"__item3857-__clone9542-imgNav\"]"}
RESULT: {"using":"xpath","value":"//*[@id=\"__item3857-__clone9542-imgNav\"]"}
COMMAND: POST /session/0bd35d5034cd75fc8dc44075a41c35a4/elements - {"using":"xpath","value":"//*[@id=\"__item3857-__clone9542-imgNav\"]"}
RESULT: {"using":"xpath","value":"//*[@id=\"__item3857-__clone9542-imgNav\"]"}
COMMAND: POST /session/0bd35d5034cd75fc8dc44075a41c35a4/elements - {"using":"xpath","value":"//*[@id=\"__item3857-__clone9542-imgNav\"]"}
RESULT: {"using":"xpath","value":"//*[@id=\"__item3857-__clone9542-imgNav\"]"}
COMMAND: POST /session/0bd35d5034cd75fc8dc44075a41c35a4/elements - {"using":"xpath","value":"//*[@id=\"__item3857-__clone9542-imgNav\"]"}
RESULT: {"using":"xpath","value":"//*[@id=\"__item3857-__clone9542-imgNav\"]"}
COMMAND: POST /session/0bd35d5034cd75fc8dc44075a41c35a4/elements - {"using":"xpath","value":"//*[@id=\"__item3857-__clone9542-imgNav\"]"}
RESULT: {"using":"xpath","value":"//*[@id=\"__item3857-__clone9542-imgNav\"]"}
COMMAND: POST /session/0bd35d5034cd75fc8dc44075a41c35a4/elements - {"using":"xpath","value":"//*[@id=\"__item3857-__clone9542-imgNav\"]"}
RESULT: {"using":"xpath","value":"//*[@id=\"__item3857-__clone9542-imgNav\"]"}
COMMAND: POST /session/0bd35d5034cd75fc8dc44075a41c35a4/elements - {"using":"xpath","value":"//*[@id=\"__item3857-__clone9542-imgNav\"]"}
RESULT: {"using":"xpath","value":"//*[@id=\"__item3857-__clone9542-imgNav\"]"}
COMMAND: POST /session/0bd35d5034cd75fc8dc44075a41c35a4/elements - {"using":"xpath","value":"//*[@id=\"__item3857-__clone9542-imgNav\"]"}
RESULT: {"using":"xpath","value":"//*[@id=\"__item3857-__clone9542-imgNav\"]"}
COMMAND: POST /session/0bd35d5034cd75fc8dc44075a41c35a4/elements - {"using":"xpath","value":"//*[@id=\"__item3857-__clone9542-imgNav\"]"}
RESULT: {"using":"xpath","value":"//*[@id=\"__item3857-__clone9542-imgNav\"]"}
COMMAND: POST /session/0bd35d5034cd75fc8dc44075a41c35a4/elements - {"using":"xpath","value":"//*[@id=\"__item3857-__clone9542-imgNav\"]"}
RESULT: {"using":"xpath","value":"//*[@id=\"__item3857-__clone9542-imgNav\"]"}
COMMAND: POST /session/0bd35d5034cd75fc8dc44075a41c35a4/elements - {"using":"xpath","value":"//*[@id=\"__item3857-__clone9542-imgNav\"]"}
RESULT: {"using":"xpath","value":"//*[@id=\"__item3857-__clone9542-imgNav\"]"}
COMMAND: POST /session/0bd35d5034cd75fc8dc44075a41c35a4/elements - {"using":"xpath","value":"//*[@id=\"__item3857-__clone9542-imgNav\"]"}
RESULT: {"using":"xpath","value":"//*[@id=\"__item3857-__clone9542-imgNav\"]"}
COMMAND: POST /session/0bd35d5034cd75fc8dc44075a41c35a4/elements - {"using":"xpath","value":"//*[@id=\"__item3857-__clone9542-imgNav\"]"}
RESULT: {"using":"xpath","value":"//*[@id=\"__item3857-__clone9542-imgNav\"]"}
COMMAND: POST /session/0bd35d5034cd75fc8dc44075a41c35a4/elements - {"using":"xpath","value":"//*[@id=\"__item3857-__clone9542-imgNav\"]"}
RESULT: {"using":"xpath","value":"//*[@id=\"__item3857-__clone9542-imgNav\"]"}
COMMAND: POST /session/0bd35d5034cd75fc8dc44075a41c35a4/elements - {"using":"xpath","value":"//*[@id=\"__item3857-__clone9542-imgNav\"]"}
RESULT: {"using":"xpath","value":"//*[@id=\"__item3857-__clone9542-imgNav\"]"}
COMMAND: POST /session/0bd35d5034cd75fc8dc44075a41c35a4/elements - {"using":"xpath","value":"//*[@id=\"__item3857-__clone9542-imgNav\"]"}
RESULT: {"using":"xpath","value":"//*[@id=\"__item3857-__clone9542-imgNav\"]"}
COMMAND: POST /session/0bd35d5034cd75fc8dc44075a41c35a4/elements - {"using":"xpath","value":"//*[@id=\"__item3857-__clone9542-imgNav\"]"}
RESULT: {"using":"xpath","value":"//*[@id=\"__item3857-__clone9542-imgNav\"]"}
COMMAND: POST /session/0bd35d5034cd75fc8dc44075a41c35a4/elements - {"using":"xpath","value":"//*[@id=\"__item3857-__clone9542-imgNav\"]"}
RESULT: {"using":"xpath","value":"//*[@id=\"__item3857-__clone9542-imgNav\"]"}
COMMAND: POST /session/0bd35d5034cd75fc8dc44075a41c35a4/elements - {"using":"xpath","value":"//*[@id=\"__item3857-__clone9542-imgNav\"]"}
RESULT: {"using":"xpath","value":"//*[@id=\"__item3857-__clone9542-imgNav\"]"}
COMMAND: POST /session/0bd35d5034cd75fc8dc44075a41c35a4/elements - {"using":"xpath","value":"//*[@id=\"__item3857-__clone9542-imgNav\"]"}
RESULT: {"using":"xpath","value":"//*[@id=\"__item3857-__clone9542-imgNav\"]"}
COMMAND: POST /session/0bd35d5034cd75fc8dc44075a41c35a4/elements - {"using":"xpath","value":"//*[@id=\"__item3857-__clone9542-imgNav\"]"}
RESULT: {"using":"xpath","value":"//*[@id=\"__item3857-__clone9542-imgNav\"]"}
COMMAND: POST /session/0bd35d5034cd75fc8dc44075a41c35a4/elements - {"using":"xpath","value":"//*[@id=\"__item3857-__clone9542-imgNav\"]"}
RESULT: {"using":"xpath","value":"//*[@id=\"__item3857-__clone9542-imgNav\"]"}
COMMAND: POST /session/0bd35d5034cd75fc8dc44075a41c35a4/elements - {"using":"xpath","value":"//*[@id=\"__item3857-__clone9542-imgNav\"]"}
RESULT: {"using":"xpath","value":"//*[@id=\"__item3857-__clone9542-imgNav\"]"}
COMMAND: POST /session/0bd35d5034cd75fc8dc44075a41c35a4/elements - {"using":"xpath","value":"//*[@id=\"__item3857-__clone9542-imgNav\"]"}
RESULT: {"using":"xpath","value":"//*[@id=\"__item3857-__clone9542-imgNav\"]"}
COMMAND: POST /session/0bd35d5034cd75fc8dc44075a41c35a4/elements - {"using":"xpath","value":"//*[@id=\"__item3857-__clone9542-imgNav\"]"}
RESULT: {"using":"xpath","value":"//*[@id=\"__item3857-__clone9542-imgNav\"]"}
COMMAND: POST /session/0bd35d5034cd75fc8dc44075a41c35a4/elements - {"using":"xpath","value":"//*[@id=\"__item3857-__clone9542-imgNav\"]"}
RESULT: {"using":"xpath","value":"//*[@id=\"__item3857-__clone9542-imgNav\"]"}
COMMAND: POST /session/0bd35d5034cd75fc8dc44075a41c35a4/elements - {"using":"xpath","value":"//*[@id=\"__item3857-__clone9542-imgNav\"]"}
RESULT: {"using":"xpath","value":"//*[@id=\"__item3857-__clone9542-imgNav\"]"}
COMMAND: POST /session/0bd35d5034cd75fc8dc44075a41c35a4/elements - {"using":"xpath","value":"//*[@id=\"__item3857-__clone9542-imgNav\"]"}
RESULT: {"using":"xpath","value":"//*[@id=\"__item3857-__clone9542-imgNav\"]"}
COMMAND: POST /session/0bd35d5034cd75fc8dc44075a41c35a4/elements - {"using":"xpath","value":"//*[@id=\"__item3857-__clone9542-imgNav\"]"}
RESULT: {"using":"xpath","value":"//*[@id=\"__item3857-__clone9542-imgNav\"]"}
COMMAND: POST /session/0bd35d5034cd75fc8dc44075a41c35a4/elements - {"using":"xpath","value":"//*[@id=\"__item3857-__clone9542-imgNav\"]"}
RESULT: {"using":"xpath","value":"//*[@id=\"__item3857-__clone9542-imgNav\"]"}
COMMAND: POST /session/0bd35d5034cd75fc8dc44075a41c35a4/elements - {"using":"xpath","value":"//*[@id=\"__item3857-__clone9542-imgNav\"]"}
RESULT: {"using":"xpath","value":"//*[@id=\"__item3857-__clone9542-imgNav\"]"}
COMMAND: POST /session/0bd35d5034cd75fc8dc44075a41c35a4/elements - {"using":"xpath","value":"//*[@id=\"__item3857-__clone9542-imgNav\"]"}
RESULT: {"using":"xpath","value":"//*[@id=\"__item3857-__clone9542-imgNav\"]"}
COMMAND: POST /session/0bd35d5034cd75fc8dc44075a41c35a4/elements - {"using":"xpath","value":"//*[@id=\"__item3857-__clone9542-imgNav\"]"}
RESULT: {"using":"xpath","value":"//*[@id=\"__item3857-__clone9542-imgNav\"]"}
COMMAND: POST /session/0bd35d5034cd75fc8dc44075a41c35a4/elements - {"using":"xpath","value":"//*[@id=\"__item3857-__clone9542-imgNav\"]"}
RESULT: {"using":"xpath","value":"//*[@id=\"__item3857-__clone9542-imgNav\"]"}
COMMAND: POST /session/0bd35d5034cd75fc8dc44075a41c35a4/elements - {"using":"xpath","value":"//*[@id=\"__item3857-__clone9542-imgNav\"]"}
RESULT: {"using":"xpath","value":"//*[@id=\"__item3857-__clone9542-imgNav\"]"}
COMMAND: POST /session/0bd35d5034cd75fc8dc44075a41c35a4/elements - {"using":"xpath","value":"//*[@id=\"__item3857-__clone9542-imgNav\"]"}
RESULT: {"using":"xpath","value":"//*[@id=\"__item3857-__clone9542-imgNav\"]"}
COMMAND: POST /session/0bd35d5034cd75fc8dc44075a41c35a4/elements - {"using":"xpath","value":"//*[@id=\"__item3857-__clone9542-imgNav\"]"}
RESULT: {"using":"xpath","value":"//*[@id=\"__item3857-__clone9542-imgNav\"]"}
COMMAND: POST /session/0bd35d5034cd75fc8dc44075a41c35a4/elements - {"using":"xpath","value":"//*[@id=\"__item3857-__clone9542-imgNav\"]"}
RESULT: {"using":"xpath","value":"//*[@id=\"__item3857-__clone9542-imgNav\"]"}
COMMAND: POST /session/0bd35d5034cd75fc8dc44075a41c35a4/elements - {"using":"xpath","value":"//*[@id=\"__item3857-__clone9542-imgNav\"]"}
RESULT: {"using":"xpath","value":"//*[@id=\"__item3857-__clone9542-imgNav\"]"}
COMMAND: POST /session/0bd35d5034cd75fc8dc44075a41c35a4/elements - {"using":"xpath","value":"//*[@id=\"__item3857-__clone9542-imgNav\"]"}
RESULT: {"using":"xpath","value":"//*[@id=\"__item3857-__clone9542-imgNav\"]"}
COMMAND: POST /session/0bd35d5034cd75fc8dc44075a41c35a4/elements - {"using":"xpath","value":"//*[@id=\"__item3857-__clone9542-imgNav\"]"}
RESULT: {"using":"xpath","value":"//*[@id=\"__item3857-__clone9542-imgNav\"]"}
COMMAND: POST /session/0bd35d5034cd75fc8dc44075a41c35a4/elements - {"using":"xpath","value":"//*[@id=\"__item3857-__clone9542-imgNav\"]"}
RESULT: {"using":"xpath","value":"//*[@id=\"__item3857-__clone9542-imgNav\"]"}
COMMAND: POST /session/0bd35d5034cd75fc8dc44075a41c35a4/elements - {"using":"xpath","value":"//*[@id=\"__item3857-__clone9542-imgNav\"]"}
RESULT: {"using":"xpath","value":"//*[@id=\"__item3857-__clone9542-imgNav\"]"}
COMMAND: POST /session/0bd35d5034cd75fc8dc44075a41c35a4/elements - {"using":"xpath","value":"//*[@id=\"__item3857-__clone9542-imgNav\"]"}
RESULT: {"using":"xpath","value":"//*[@id=\"__item3857-__clone9542-imgNav\"]"}
COMMAND: POST /session/0bd35d5034cd75fc8dc44075a41c35a4/elements - {"using":"xpath","value":"//*[@id=\"__item3857-__clone9542-imgNav\"]"}
RESULT: {"using":"xpath","value":"//*[@id=\"__item3857-__clone9542-imgNav\"]"}
COMMAND: POST /session/0bd35d5034cd75fc8dc44075a41c35a4/elements - {"using":"xpath","value":"//*[@id=\"__item3857-__clone9542-imgNav\"]"}
RESULT: {"using":"xpath","value":"//*[@id=\"__item3857-__clone9542-imgNav\"]"}
COMMAND: POST /session/0bd35d5034cd75fc8dc44075a41c35a4/elements - {"using":"xpath","value":"//*[@id=\"__item3857-__clone9542-imgNav\"]"}
RESULT: {"using":"xpath","value":"//*[@id=\"__item3857-__clone9542-imgNav\"]"}
COMMAND: POST /session/0bd35d5034cd75fc8dc44075a41c35a4/elements - {"using":"xpath","value":"//*[@id=\"__item3857-__clone9542-imgNav\"]"}
RESULT: {"using":"xpath","value":"//*[@id=\"__item3857-__clone9542-imgNav\"]"}
COMMAND: POST /session/0bd35d5034cd75fc8dc44075a41c35a4/elements - {"using":"xpath","value":"//*[@id=\"__item3857-__clone9542-imgNav\"]"}
RESULT: {"using":"xpath","value":"//*[@id=\"__item3857-__clone9542-imgNav\"]"}
COMMAND: POST /session/0bd35d5034cd75fc8dc44075a41c35a4/execute/async - {"script":"<script> [1562 bytes]","args":[{"selector":{"id":"instructionsTabFilter","viewName":"etm.portal.ui.managehandovers.view.DetailExecuteHO","interaction":{"idSuffix":"text"}},"wdio_ui5_key":"instructionsTabFilteretmportal.ui.managehandovers.view.DetailExecuteHO"}]}
RESULT: {"script":"<script> [1562 bytes]","args":[{"selector":{"id":"instructionsTabFilter","viewName":"etm.portal.ui.managehandovers.view.DetailExecuteHO","interaction":{"idSuffix":"text"}},"wdio_ui5_key":"instructionsTabFilteretmportal.ui.managehandovers.view.DetailExecuteHO"}]}
RESULT: undefined
RESULT: undefined
COMMAND: POST /session/0bd35d5034cd75fc8dc44075a41c35a4/execute/async - {"script":"<script> [1562 bytes]","args":[{"selector":{"controlType":"sap.m.ComboBox","viewName":"etm.portal.ui.managehandovers.view.DetailExecuteHO","bindingPath":{"propertyPath":"RECEIVING_SECTION","modelName":"catalogModel"},"interaction":{"idSuffix":"inner"}},"wdio_ui5_key":"etmportal.ui.managehandovers.view.DetailExecuteHOsap.m.ComboBox{\"propertyPath\":\"RECEIVING_SECTION\",\"modelName\":\"catalogModel\"}"}]}
RESULT: {"script":"<script> [1562 bytes]","args":[{"selector":{"controlType":"sap.m.ComboBox","viewName":"etm.portal.ui.managehandovers.view.DetailExecuteHO","bindingPath":{"propertyPath":"RECEIVING_SECTION","modelName":"catalogModel"},"interaction":{"idSuffix":"inner"}},"wdio_ui5_key":"etmportal.ui.managehandovers.view.DetailExecuteHOsap.m.ComboBox{\"propertyPath\":\"RECEIVING_SECTION\",\"modelName\":\"catalogModel\"}"}]}
RESULT: undefined
COMMAND: POST /session/0bd35d5034cd75fc8dc44075a41c35a4/actions - {"actions":[{"id":"action51","type":"key","parameters":{},"actions":[{"type":"keyDown","value":"î€‡"},{"type":"pause","duration":10},{"type":"keyUp","value":"î€‡"}]}]}
RESULT: {"actions":[{"id":"action51","type":"key","parameters":{},"actions":[{"type":"keyDown","value":"î€‡"},{"type":"pause","duration":10},{"type":"keyUp","value":"î€‡"}]}]}
COMMAND: GET /session/0bd35d5034cd75fc8dc44075a41c35a4/screenshot - {}
RESULT: {}
COMMAND: POST /session/0bd35d5034cd75fc8dc44075a41c35a4/execute/async - {"script":"<script> [1562 bytes]","args":[{"selector":{"id":"confirmationButton","viewName":"etm.portal.ui.managehandovers.view.DetailExecuteHO","properties":{"text":"Receive"},"interaction":{"idSuffix":"BDI-content"}},"wdio_ui5_key":"confirmationButtonetmportal.ui.managehandovers.view.DetailExecuteHO{\"text\":\"Receive\"}"}]}
RESULT: {"script":"<script> [1562 bytes]","args":[{"selector":{"id":"confirmationButton","viewName":"etm.portal.ui.managehandovers.view.DetailExecuteHO","properties":{"text":"Receive"},"interaction":{"idSuffix":"BDI-content"}},"wdio_ui5_key":"confirmationButtonetmportal.ui.managehandovers.view.DetailExecuteHO{\"text\":\"Receive\"}"}]}
RESULT: undefined
COMMAND: POST /session/0bd35d5034cd75fc8dc44075a41c35a4/execute/async - {"script":"<script> [1562 bytes]","args":[{"selector":{"controlType":"sap.m.Button","properties":{"text":"Continue"},"searchOpenDialogs":true,"interaction":{"idSuffix":"content"}},"wdio_ui5_key":"sapm.Button{\"text\":\"Continue\"}"}]}
RESULT: {"script":"<script> [1562 bytes]","args":[{"selector":{"controlType":"sap.m.Button","properties":{"text":"Continue"},"searchOpenDialogs":true,"interaction":{"idSuffix":"content"}},"wdio_ui5_key":"sapm.Button{\"text\":\"Continue\"}"}]}
RESULT: undefined
]]></system-out>
    </testcase>
    <testcase classname="chrome.135_0_7049_96.windows.Provide_to_Site_w/o_warehouse_management_w_clarification" name="Should test for Clarification" time="89.174">
      <system-out><![CDATA[
RESULT: undefined
COMMAND: POST /session/0bd35d5034cd75fc8dc44075a41c35a4/element - {"using":"xpath","value":"//*[@id=\"__tile130\"]"}
RESULT: {"using":"xpath","value":"//*[@id=\"__tile130\"]"}
COMMAND: POST /session/0bd35d5034cd75fc8dc44075a41c35a4/element/f.1DB2A491F1B7C642484AEDF47EA6FD52.d.C21CB73D301C02BC5EB19D45476A13A0.e.8169/click - {}
RESULT: undefined
COMMAND: POST /session/0bd35d5034cd75fc8dc44075a41c35a4/execute/async - {"script":"<script> [776 bytes]","args":[{"enterText":"30873","selector":{"controlType":"sap.m.SearchField","viewName":"etm.portal.ui.managehandovers.view.MasterHO","bindingPath":{"propertyPath":"/_BASIC_SEARCH_FIELD","modelName":"fi1t3rM0d31"},"interaction":{"idSuffix":"I"}},"clearTextFirst":true,"interactionType":"ENTER_TEXT"}]}
RESULT: {"script":"<script> [776 bytes]","args":[{"enterText":"30873","selector":{"controlType":"sap.m.SearchField","viewName":"etm.portal.ui.managehandovers.view.MasterHO","bindingPath":{"propertyPath":"/_BASIC_SEARCH_FIELD","modelName":"fi1t3rM0d31"},"interaction":{"idSuffix":"I"}},"clearTextFirst":true,"interactionType":"ENTER_TEXT"}]}
COMMAND: POST /session/0bd35d5034cd75fc8dc44075a41c35a4/actions - {"actions":[{"id":"action52","type":"key","parameters":{},"actions":[{"type":"keyDown","value":"î€‡"},{"type":"pause","duration":10},{"type":"keyUp","value":"î€‡"}]}]}
RESULT: {"actions":[{"id":"action52","type":"key","parameters":{},"actions":[{"type":"keyDown","value":"î€‡"},{"type":"pause","duration":10},{"type":"keyUp","value":"î€‡"}]}]}
COMMAND: GET /session/0bd35d5034cd75fc8dc44075a41c35a4/screenshot - {}
RESULT: {}
RESULT: undefined
COMMAND: POST /session/0bd35d5034cd75fc8dc44075a41c35a4/element - {"using":"xpath","value":"//*[@id=\"__item3857-__clone9542-imgNav\"]"}
RESULT: {"using":"xpath","value":"//*[@id=\"__item3857-__clone9542-imgNav\"]"}
COMMAND: POST /session/0bd35d5034cd75fc8dc44075a41c35a4/elements - {"using":"xpath","value":"//*[@id=\"__item3857-__clone9542-imgNav\"]"}
RESULT: {"using":"xpath","value":"//*[@id=\"__item3857-__clone9542-imgNav\"]"}
COMMAND: POST /session/0bd35d5034cd75fc8dc44075a41c35a4/elements - {"using":"xpath","value":"//*[@id=\"__item3857-__clone9542-imgNav\"]"}
RESULT: {"using":"xpath","value":"//*[@id=\"__item3857-__clone9542-imgNav\"]"}
COMMAND: POST /session/0bd35d5034cd75fc8dc44075a41c35a4/elements - {"using":"xpath","value":"//*[@id=\"__item3857-__clone9542-imgNav\"]"}
RESULT: {"using":"xpath","value":"//*[@id=\"__item3857-__clone9542-imgNav\"]"}
COMMAND: POST /session/0bd35d5034cd75fc8dc44075a41c35a4/elements - {"using":"xpath","value":"//*[@id=\"__item3857-__clone9542-imgNav\"]"}
RESULT: {"using":"xpath","value":"//*[@id=\"__item3857-__clone9542-imgNav\"]"}
COMMAND: POST /session/0bd35d5034cd75fc8dc44075a41c35a4/elements - {"using":"xpath","value":"//*[@id=\"__item3857-__clone9542-imgNav\"]"}
RESULT: {"using":"xpath","value":"//*[@id=\"__item3857-__clone9542-imgNav\"]"}
COMMAND: POST /session/0bd35d5034cd75fc8dc44075a41c35a4/elements - {"using":"xpath","value":"//*[@id=\"__item3857-__clone9542-imgNav\"]"}
RESULT: {"using":"xpath","value":"//*[@id=\"__item3857-__clone9542-imgNav\"]"}
COMMAND: POST /session/0bd35d5034cd75fc8dc44075a41c35a4/elements - {"using":"xpath","value":"//*[@id=\"__item3857-__clone9542-imgNav\"]"}
RESULT: {"using":"xpath","value":"//*[@id=\"__item3857-__clone9542-imgNav\"]"}
COMMAND: POST /session/0bd35d5034cd75fc8dc44075a41c35a4/elements - {"using":"xpath","value":"//*[@id=\"__item3857-__clone9542-imgNav\"]"}
RESULT: {"using":"xpath","value":"//*[@id=\"__item3857-__clone9542-imgNav\"]"}
COMMAND: POST /session/0bd35d5034cd75fc8dc44075a41c35a4/elements - {"using":"xpath","value":"//*[@id=\"__item3857-__clone9542-imgNav\"]"}
RESULT: {"using":"xpath","value":"//*[@id=\"__item3857-__clone9542-imgNav\"]"}
COMMAND: POST /session/0bd35d5034cd75fc8dc44075a41c35a4/elements - {"using":"xpath","value":"//*[@id=\"__item3857-__clone9542-imgNav\"]"}
RESULT: {"using":"xpath","value":"//*[@id=\"__item3857-__clone9542-imgNav\"]"}
COMMAND: POST /session/0bd35d5034cd75fc8dc44075a41c35a4/elements - {"using":"xpath","value":"//*[@id=\"__item3857-__clone9542-imgNav\"]"}
RESULT: {"using":"xpath","value":"//*[@id=\"__item3857-__clone9542-imgNav\"]"}
COMMAND: POST /session/0bd35d5034cd75fc8dc44075a41c35a4/elements - {"using":"xpath","value":"//*[@id=\"__item3857-__clone9542-imgNav\"]"}
RESULT: {"using":"xpath","value":"//*[@id=\"__item3857-__clone9542-imgNav\"]"}
COMMAND: POST /session/0bd35d5034cd75fc8dc44075a41c35a4/elements - {"using":"xpath","value":"//*[@id=\"__item3857-__clone9542-imgNav\"]"}
RESULT: {"using":"xpath","value":"//*[@id=\"__item3857-__clone9542-imgNav\"]"}
COMMAND: POST /session/0bd35d5034cd75fc8dc44075a41c35a4/elements - {"using":"xpath","value":"//*[@id=\"__item3857-__clone9542-imgNav\"]"}
RESULT: {"using":"xpath","value":"//*[@id=\"__item3857-__clone9542-imgNav\"]"}
COMMAND: POST /session/0bd35d5034cd75fc8dc44075a41c35a4/elements - {"using":"xpath","value":"//*[@id=\"__item3857-__clone9542-imgNav\"]"}
RESULT: {"using":"xpath","value":"//*[@id=\"__item3857-__clone9542-imgNav\"]"}
COMMAND: POST /session/0bd35d5034cd75fc8dc44075a41c35a4/elements - {"using":"xpath","value":"//*[@id=\"__item3857-__clone9542-imgNav\"]"}
RESULT: {"using":"xpath","value":"//*[@id=\"__item3857-__clone9542-imgNav\"]"}
COMMAND: POST /session/0bd35d5034cd75fc8dc44075a41c35a4/elements - {"using":"xpath","value":"//*[@id=\"__item3857-__clone9542-imgNav\"]"}
RESULT: {"using":"xpath","value":"//*[@id=\"__item3857-__clone9542-imgNav\"]"}
COMMAND: POST /session/0bd35d5034cd75fc8dc44075a41c35a4/elements - {"using":"xpath","value":"//*[@id=\"__item3857-__clone9542-imgNav\"]"}
RESULT: {"using":"xpath","value":"//*[@id=\"__item3857-__clone9542-imgNav\"]"}
COMMAND: POST /session/0bd35d5034cd75fc8dc44075a41c35a4/elements - {"using":"xpath","value":"//*[@id=\"__item3857-__clone9542-imgNav\"]"}
RESULT: {"using":"xpath","value":"//*[@id=\"__item3857-__clone9542-imgNav\"]"}
COMMAND: POST /session/0bd35d5034cd75fc8dc44075a41c35a4/elements - {"using":"xpath","value":"//*[@id=\"__item3857-__clone9542-imgNav\"]"}
RESULT: {"using":"xpath","value":"//*[@id=\"__item3857-__clone9542-imgNav\"]"}
COMMAND: POST /session/0bd35d5034cd75fc8dc44075a41c35a4/elements - {"using":"xpath","value":"//*[@id=\"__item3857-__clone9542-imgNav\"]"}
RESULT: {"using":"xpath","value":"//*[@id=\"__item3857-__clone9542-imgNav\"]"}
COMMAND: POST /session/0bd35d5034cd75fc8dc44075a41c35a4/elements - {"using":"xpath","value":"//*[@id=\"__item3857-__clone9542-imgNav\"]"}
RESULT: {"using":"xpath","value":"//*[@id=\"__item3857-__clone9542-imgNav\"]"}
COMMAND: POST /session/0bd35d5034cd75fc8dc44075a41c35a4/elements - {"using":"xpath","value":"//*[@id=\"__item3857-__clone9542-imgNav\"]"}
RESULT: {"using":"xpath","value":"//*[@id=\"__item3857-__clone9542-imgNav\"]"}
COMMAND: POST /session/0bd35d5034cd75fc8dc44075a41c35a4/elements - {"using":"xpath","value":"//*[@id=\"__item3857-__clone9542-imgNav\"]"}
RESULT: {"using":"xpath","value":"//*[@id=\"__item3857-__clone9542-imgNav\"]"}
COMMAND: POST /session/0bd35d5034cd75fc8dc44075a41c35a4/elements - {"using":"xpath","value":"//*[@id=\"__item3857-__clone9542-imgNav\"]"}
RESULT: {"using":"xpath","value":"//*[@id=\"__item3857-__clone9542-imgNav\"]"}
COMMAND: POST /session/0bd35d5034cd75fc8dc44075a41c35a4/elements - {"using":"xpath","value":"//*[@id=\"__item3857-__clone9542-imgNav\"]"}
RESULT: {"using":"xpath","value":"//*[@id=\"__item3857-__clone9542-imgNav\"]"}
COMMAND: POST /session/0bd35d5034cd75fc8dc44075a41c35a4/elements - {"using":"xpath","value":"//*[@id=\"__item3857-__clone9542-imgNav\"]"}
RESULT: {"using":"xpath","value":"//*[@id=\"__item3857-__clone9542-imgNav\"]"}
COMMAND: POST /session/0bd35d5034cd75fc8dc44075a41c35a4/elements - {"using":"xpath","value":"//*[@id=\"__item3857-__clone9542-imgNav\"]"}
RESULT: {"using":"xpath","value":"//*[@id=\"__item3857-__clone9542-imgNav\"]"}
COMMAND: POST /session/0bd35d5034cd75fc8dc44075a41c35a4/elements - {"using":"xpath","value":"//*[@id=\"__item3857-__clone9542-imgNav\"]"}
RESULT: {"using":"xpath","value":"//*[@id=\"__item3857-__clone9542-imgNav\"]"}
COMMAND: POST /session/0bd35d5034cd75fc8dc44075a41c35a4/elements - {"using":"xpath","value":"//*[@id=\"__item3857-__clone9542-imgNav\"]"}
RESULT: {"using":"xpath","value":"//*[@id=\"__item3857-__clone9542-imgNav\"]"}
COMMAND: POST /session/0bd35d5034cd75fc8dc44075a41c35a4/elements - {"using":"xpath","value":"//*[@id=\"__item3857-__clone9542-imgNav\"]"}
RESULT: {"using":"xpath","value":"//*[@id=\"__item3857-__clone9542-imgNav\"]"}
COMMAND: POST /session/0bd35d5034cd75fc8dc44075a41c35a4/elements - {"using":"xpath","value":"//*[@id=\"__item3857-__clone9542-imgNav\"]"}
RESULT: {"using":"xpath","value":"//*[@id=\"__item3857-__clone9542-imgNav\"]"}
COMMAND: POST /session/0bd35d5034cd75fc8dc44075a41c35a4/elements - {"using":"xpath","value":"//*[@id=\"__item3857-__clone9542-imgNav\"]"}
RESULT: {"using":"xpath","value":"//*[@id=\"__item3857-__clone9542-imgNav\"]"}
COMMAND: POST /session/0bd35d5034cd75fc8dc44075a41c35a4/elements - {"using":"xpath","value":"//*[@id=\"__item3857-__clone9542-imgNav\"]"}
RESULT: {"using":"xpath","value":"//*[@id=\"__item3857-__clone9542-imgNav\"]"}
COMMAND: POST /session/0bd35d5034cd75fc8dc44075a41c35a4/elements - {"using":"xpath","value":"//*[@id=\"__item3857-__clone9542-imgNav\"]"}
RESULT: {"using":"xpath","value":"//*[@id=\"__item3857-__clone9542-imgNav\"]"}
COMMAND: POST /session/0bd35d5034cd75fc8dc44075a41c35a4/elements - {"using":"xpath","value":"//*[@id=\"__item3857-__clone9542-imgNav\"]"}
RESULT: {"using":"xpath","value":"//*[@id=\"__item3857-__clone9542-imgNav\"]"}
COMMAND: POST /session/0bd35d5034cd75fc8dc44075a41c35a4/elements - {"using":"xpath","value":"//*[@id=\"__item3857-__clone9542-imgNav\"]"}
RESULT: {"using":"xpath","value":"//*[@id=\"__item3857-__clone9542-imgNav\"]"}
COMMAND: POST /session/0bd35d5034cd75fc8dc44075a41c35a4/elements - {"using":"xpath","value":"//*[@id=\"__item3857-__clone9542-imgNav\"]"}
RESULT: {"using":"xpath","value":"//*[@id=\"__item3857-__clone9542-imgNav\"]"}
COMMAND: POST /session/0bd35d5034cd75fc8dc44075a41c35a4/elements - {"using":"xpath","value":"//*[@id=\"__item3857-__clone9542-imgNav\"]"}
RESULT: {"using":"xpath","value":"//*[@id=\"__item3857-__clone9542-imgNav\"]"}
COMMAND: POST /session/0bd35d5034cd75fc8dc44075a41c35a4/elements - {"using":"xpath","value":"//*[@id=\"__item3857-__clone9542-imgNav\"]"}
RESULT: {"using":"xpath","value":"//*[@id=\"__item3857-__clone9542-imgNav\"]"}
COMMAND: POST /session/0bd35d5034cd75fc8dc44075a41c35a4/elements - {"using":"xpath","value":"//*[@id=\"__item3857-__clone9542-imgNav\"]"}
RESULT: {"using":"xpath","value":"//*[@id=\"__item3857-__clone9542-imgNav\"]"}
COMMAND: POST /session/0bd35d5034cd75fc8dc44075a41c35a4/elements - {"using":"xpath","value":"//*[@id=\"__item3857-__clone9542-imgNav\"]"}
RESULT: {"using":"xpath","value":"//*[@id=\"__item3857-__clone9542-imgNav\"]"}
COMMAND: POST /session/0bd35d5034cd75fc8dc44075a41c35a4/elements - {"using":"xpath","value":"//*[@id=\"__item3857-__clone9542-imgNav\"]"}
RESULT: {"using":"xpath","value":"//*[@id=\"__item3857-__clone9542-imgNav\"]"}
COMMAND: POST /session/0bd35d5034cd75fc8dc44075a41c35a4/elements - {"using":"xpath","value":"//*[@id=\"__item3857-__clone9542-imgNav\"]"}
RESULT: {"using":"xpath","value":"//*[@id=\"__item3857-__clone9542-imgNav\"]"}
COMMAND: POST /session/0bd35d5034cd75fc8dc44075a41c35a4/elements - {"using":"xpath","value":"//*[@id=\"__item3857-__clone9542-imgNav\"]"}
RESULT: {"using":"xpath","value":"//*[@id=\"__item3857-__clone9542-imgNav\"]"}
COMMAND: POST /session/0bd35d5034cd75fc8dc44075a41c35a4/elements - {"using":"xpath","value":"//*[@id=\"__item3857-__clone9542-imgNav\"]"}
RESULT: {"using":"xpath","value":"//*[@id=\"__item3857-__clone9542-imgNav\"]"}
COMMAND: POST /session/0bd35d5034cd75fc8dc44075a41c35a4/elements - {"using":"xpath","value":"//*[@id=\"__item3857-__clone9542-imgNav\"]"}
RESULT: {"using":"xpath","value":"//*[@id=\"__item3857-__clone9542-imgNav\"]"}
COMMAND: POST /session/0bd35d5034cd75fc8dc44075a41c35a4/elements - {"using":"xpath","value":"//*[@id=\"__item3857-__clone9542-imgNav\"]"}
RESULT: {"using":"xpath","value":"//*[@id=\"__item3857-__clone9542-imgNav\"]"}
COMMAND: POST /session/0bd35d5034cd75fc8dc44075a41c35a4/elements - {"using":"xpath","value":"//*[@id=\"__item3857-__clone9542-imgNav\"]"}
RESULT: {"using":"xpath","value":"//*[@id=\"__item3857-__clone9542-imgNav\"]"}
COMMAND: POST /session/0bd35d5034cd75fc8dc44075a41c35a4/elements - {"using":"xpath","value":"//*[@id=\"__item3857-__clone9542-imgNav\"]"}
RESULT: {"using":"xpath","value":"//*[@id=\"__item3857-__clone9542-imgNav\"]"}
COMMAND: POST /session/0bd35d5034cd75fc8dc44075a41c35a4/elements - {"using":"xpath","value":"//*[@id=\"__item3857-__clone9542-imgNav\"]"}
RESULT: {"using":"xpath","value":"//*[@id=\"__item3857-__clone9542-imgNav\"]"}
COMMAND: POST /session/0bd35d5034cd75fc8dc44075a41c35a4/elements - {"using":"xpath","value":"//*[@id=\"__item3857-__clone9542-imgNav\"]"}
RESULT: {"using":"xpath","value":"//*[@id=\"__item3857-__clone9542-imgNav\"]"}
COMMAND: POST /session/0bd35d5034cd75fc8dc44075a41c35a4/elements - {"using":"xpath","value":"//*[@id=\"__item3857-__clone9542-imgNav\"]"}
RESULT: {"using":"xpath","value":"//*[@id=\"__item3857-__clone9542-imgNav\"]"}
COMMAND: POST /session/0bd35d5034cd75fc8dc44075a41c35a4/elements - {"using":"xpath","value":"//*[@id=\"__item3857-__clone9542-imgNav\"]"}
RESULT: {"using":"xpath","value":"//*[@id=\"__item3857-__clone9542-imgNav\"]"}
COMMAND: POST /session/0bd35d5034cd75fc8dc44075a41c35a4/elements - {"using":"xpath","value":"//*[@id=\"__item3857-__clone9542-imgNav\"]"}
RESULT: {"using":"xpath","value":"//*[@id=\"__item3857-__clone9542-imgNav\"]"}
COMMAND: POST /session/0bd35d5034cd75fc8dc44075a41c35a4/elements - {"using":"xpath","value":"//*[@id=\"__item3857-__clone9542-imgNav\"]"}
RESULT: {"using":"xpath","value":"//*[@id=\"__item3857-__clone9542-imgNav\"]"}
COMMAND: POST /session/0bd35d5034cd75fc8dc44075a41c35a4/elements - {"using":"xpath","value":"//*[@id=\"__item3857-__clone9542-imgNav\"]"}
RESULT: {"using":"xpath","value":"//*[@id=\"__item3857-__clone9542-imgNav\"]"}
COMMAND: POST /session/0bd35d5034cd75fc8dc44075a41c35a4/elements - {"using":"xpath","value":"//*[@id=\"__item3857-__clone9542-imgNav\"]"}
RESULT: {"using":"xpath","value":"//*[@id=\"__item3857-__clone9542-imgNav\"]"}
COMMAND: POST /session/0bd35d5034cd75fc8dc44075a41c35a4/elements - {"using":"xpath","value":"//*[@id=\"__item3857-__clone9542-imgNav\"]"}
RESULT: {"using":"xpath","value":"//*[@id=\"__item3857-__clone9542-imgNav\"]"}
COMMAND: POST /session/0bd35d5034cd75fc8dc44075a41c35a4/elements - {"using":"xpath","value":"//*[@id=\"__item3857-__clone9542-imgNav\"]"}
RESULT: {"using":"xpath","value":"//*[@id=\"__item3857-__clone9542-imgNav\"]"}
COMMAND: POST /session/0bd35d5034cd75fc8dc44075a41c35a4/elements - {"using":"xpath","value":"//*[@id=\"__item3857-__clone9542-imgNav\"]"}
RESULT: {"using":"xpath","value":"//*[@id=\"__item3857-__clone9542-imgNav\"]"}
COMMAND: POST /session/0bd35d5034cd75fc8dc44075a41c35a4/elements - {"using":"xpath","value":"//*[@id=\"__item3857-__clone9542-imgNav\"]"}
RESULT: {"using":"xpath","value":"//*[@id=\"__item3857-__clone9542-imgNav\"]"}
COMMAND: POST /session/0bd35d5034cd75fc8dc44075a41c35a4/elements - {"using":"xpath","value":"//*[@id=\"__item3857-__clone9542-imgNav\"]"}
RESULT: {"using":"xpath","value":"//*[@id=\"__item3857-__clone9542-imgNav\"]"}
COMMAND: POST /session/0bd35d5034cd75fc8dc44075a41c35a4/elements - {"using":"xpath","value":"//*[@id=\"__item3857-__clone9542-imgNav\"]"}
RESULT: {"using":"xpath","value":"//*[@id=\"__item3857-__clone9542-imgNav\"]"}
COMMAND: POST /session/0bd35d5034cd75fc8dc44075a41c35a4/elements - {"using":"xpath","value":"//*[@id=\"__item3857-__clone9542-imgNav\"]"}
RESULT: {"using":"xpath","value":"//*[@id=\"__item3857-__clone9542-imgNav\"]"}
COMMAND: POST /session/0bd35d5034cd75fc8dc44075a41c35a4/elements - {"using":"xpath","value":"//*[@id=\"__item3857-__clone9542-imgNav\"]"}
RESULT: {"using":"xpath","value":"//*[@id=\"__item3857-__clone9542-imgNav\"]"}
COMMAND: POST /session/0bd35d5034cd75fc8dc44075a41c35a4/elements - {"using":"xpath","value":"//*[@id=\"__item3857-__clone9542-imgNav\"]"}
RESULT: {"using":"xpath","value":"//*[@id=\"__item3857-__clone9542-imgNav\"]"}
COMMAND: POST /session/0bd35d5034cd75fc8dc44075a41c35a4/elements - {"using":"xpath","value":"//*[@id=\"__item3857-__clone9542-imgNav\"]"}
RESULT: {"using":"xpath","value":"//*[@id=\"__item3857-__clone9542-imgNav\"]"}
COMMAND: POST /session/0bd35d5034cd75fc8dc44075a41c35a4/elements - {"using":"xpath","value":"//*[@id=\"__item3857-__clone9542-imgNav\"]"}
RESULT: {"using":"xpath","value":"//*[@id=\"__item3857-__clone9542-imgNav\"]"}
COMMAND: POST /session/0bd35d5034cd75fc8dc44075a41c35a4/elements - {"using":"xpath","value":"//*[@id=\"__item3857-__clone9542-imgNav\"]"}
RESULT: {"using":"xpath","value":"//*[@id=\"__item3857-__clone9542-imgNav\"]"}
COMMAND: POST /session/0bd35d5034cd75fc8dc44075a41c35a4/elements - {"using":"xpath","value":"//*[@id=\"__item3857-__clone9542-imgNav\"]"}
RESULT: {"using":"xpath","value":"//*[@id=\"__item3857-__clone9542-imgNav\"]"}
COMMAND: POST /session/0bd35d5034cd75fc8dc44075a41c35a4/elements - {"using":"xpath","value":"//*[@id=\"__item3857-__clone9542-imgNav\"]"}
RESULT: {"using":"xpath","value":"//*[@id=\"__item3857-__clone9542-imgNav\"]"}
COMMAND: POST /session/0bd35d5034cd75fc8dc44075a41c35a4/elements - {"using":"xpath","value":"//*[@id=\"__item3857-__clone9542-imgNav\"]"}
RESULT: {"using":"xpath","value":"//*[@id=\"__item3857-__clone9542-imgNav\"]"}
COMMAND: POST /session/0bd35d5034cd75fc8dc44075a41c35a4/elements - {"using":"xpath","value":"//*[@id=\"__item3857-__clone9542-imgNav\"]"}
RESULT: {"using":"xpath","value":"//*[@id=\"__item3857-__clone9542-imgNav\"]"}
COMMAND: POST /session/0bd35d5034cd75fc8dc44075a41c35a4/elements - {"using":"xpath","value":"//*[@id=\"__item3857-__clone9542-imgNav\"]"}
RESULT: {"using":"xpath","value":"//*[@id=\"__item3857-__clone9542-imgNav\"]"}
COMMAND: POST /session/0bd35d5034cd75fc8dc44075a41c35a4/elements - {"using":"xpath","value":"//*[@id=\"__item3857-__clone9542-imgNav\"]"}
RESULT: {"using":"xpath","value":"//*[@id=\"__item3857-__clone9542-imgNav\"]"}
COMMAND: POST /session/0bd35d5034cd75fc8dc44075a41c35a4/elements - {"using":"xpath","value":"//*[@id=\"__item3857-__clone9542-imgNav\"]"}
RESULT: {"using":"xpath","value":"//*[@id=\"__item3857-__clone9542-imgNav\"]"}
COMMAND: POST /session/0bd35d5034cd75fc8dc44075a41c35a4/elements - {"using":"xpath","value":"//*[@id=\"__item3857-__clone9542-imgNav\"]"}
RESULT: {"using":"xpath","value":"//*[@id=\"__item3857-__clone9542-imgNav\"]"}
COMMAND: POST /session/0bd35d5034cd75fc8dc44075a41c35a4/elements - {"using":"xpath","value":"//*[@id=\"__item3857-__clone9542-imgNav\"]"}
RESULT: {"using":"xpath","value":"//*[@id=\"__item3857-__clone9542-imgNav\"]"}
COMMAND: POST /session/0bd35d5034cd75fc8dc44075a41c35a4/elements - {"using":"xpath","value":"//*[@id=\"__item3857-__clone9542-imgNav\"]"}
RESULT: {"using":"xpath","value":"//*[@id=\"__item3857-__clone9542-imgNav\"]"}
COMMAND: POST /session/0bd35d5034cd75fc8dc44075a41c35a4/elements - {"using":"xpath","value":"//*[@id=\"__item3857-__clone9542-imgNav\"]"}
RESULT: {"using":"xpath","value":"//*[@id=\"__item3857-__clone9542-imgNav\"]"}
COMMAND: POST /session/0bd35d5034cd75fc8dc44075a41c35a4/elements - {"using":"xpath","value":"//*[@id=\"__item3857-__clone9542-imgNav\"]"}
RESULT: {"using":"xpath","value":"//*[@id=\"__item3857-__clone9542-imgNav\"]"}
COMMAND: POST /session/0bd35d5034cd75fc8dc44075a41c35a4/elements - {"using":"xpath","value":"//*[@id=\"__item3857-__clone9542-imgNav\"]"}
RESULT: {"using":"xpath","value":"//*[@id=\"__item3857-__clone9542-imgNav\"]"}
COMMAND: POST /session/0bd35d5034cd75fc8dc44075a41c35a4/elements - {"using":"xpath","value":"//*[@id=\"__item3857-__clone9542-imgNav\"]"}
RESULT: {"using":"xpath","value":"//*[@id=\"__item3857-__clone9542-imgNav\"]"}
COMMAND: POST /session/0bd35d5034cd75fc8dc44075a41c35a4/elements - {"using":"xpath","value":"//*[@id=\"__item3857-__clone9542-imgNav\"]"}
RESULT: {"using":"xpath","value":"//*[@id=\"__item3857-__clone9542-imgNav\"]"}
COMMAND: POST /session/0bd35d5034cd75fc8dc44075a41c35a4/elements - {"using":"xpath","value":"//*[@id=\"__item3857-__clone9542-imgNav\"]"}
RESULT: {"using":"xpath","value":"//*[@id=\"__item3857-__clone9542-imgNav\"]"}
COMMAND: POST /session/0bd35d5034cd75fc8dc44075a41c35a4/elements - {"using":"xpath","value":"//*[@id=\"__item3857-__clone9542-imgNav\"]"}
RESULT: {"using":"xpath","value":"//*[@id=\"__item3857-__clone9542-imgNav\"]"}
COMMAND: POST /session/0bd35d5034cd75fc8dc44075a41c35a4/elements - {"using":"xpath","value":"//*[@id=\"__item3857-__clone9542-imgNav\"]"}
RESULT: {"using":"xpath","value":"//*[@id=\"__item3857-__clone9542-imgNav\"]"}
COMMAND: POST /session/0bd35d5034cd75fc8dc44075a41c35a4/elements - {"using":"xpath","value":"//*[@id=\"__item3857-__clone9542-imgNav\"]"}
RESULT: {"using":"xpath","value":"//*[@id=\"__item3857-__clone9542-imgNav\"]"}
COMMAND: POST /session/0bd35d5034cd75fc8dc44075a41c35a4/elements - {"using":"xpath","value":"//*[@id=\"__item3857-__clone9542-imgNav\"]"}
RESULT: {"using":"xpath","value":"//*[@id=\"__item3857-__clone9542-imgNav\"]"}
COMMAND: POST /session/0bd35d5034cd75fc8dc44075a41c35a4/elements - {"using":"xpath","value":"//*[@id=\"__item3857-__clone9542-imgNav\"]"}
RESULT: {"using":"xpath","value":"//*[@id=\"__item3857-__clone9542-imgNav\"]"}
COMMAND: POST /session/0bd35d5034cd75fc8dc44075a41c35a4/elements - {"using":"xpath","value":"//*[@id=\"__item3857-__clone9542-imgNav\"]"}
RESULT: {"using":"xpath","value":"//*[@id=\"__item3857-__clone9542-imgNav\"]"}
COMMAND: POST /session/0bd35d5034cd75fc8dc44075a41c35a4/elements - {"using":"xpath","value":"//*[@id=\"__item3857-__clone9542-imgNav\"]"}
RESULT: {"using":"xpath","value":"//*[@id=\"__item3857-__clone9542-imgNav\"]"}
COMMAND: POST /session/0bd35d5034cd75fc8dc44075a41c35a4/elements - {"using":"xpath","value":"//*[@id=\"__item3857-__clone9542-imgNav\"]"}
RESULT: {"using":"xpath","value":"//*[@id=\"__item3857-__clone9542-imgNav\"]"}
COMMAND: POST /session/0bd35d5034cd75fc8dc44075a41c35a4/elements - {"using":"xpath","value":"//*[@id=\"__item3857-__clone9542-imgNav\"]"}
RESULT: {"using":"xpath","value":"//*[@id=\"__item3857-__clone9542-imgNav\"]"}
COMMAND: POST /session/0bd35d5034cd75fc8dc44075a41c35a4/elements - {"using":"xpath","value":"//*[@id=\"__item3857-__clone9542-imgNav\"]"}
RESULT: {"using":"xpath","value":"//*[@id=\"__item3857-__clone9542-imgNav\"]"}
COMMAND: POST /session/0bd35d5034cd75fc8dc44075a41c35a4/elements - {"using":"xpath","value":"//*[@id=\"__item3857-__clone9542-imgNav\"]"}
RESULT: {"using":"xpath","value":"//*[@id=\"__item3857-__clone9542-imgNav\"]"}
COMMAND: POST /session/0bd35d5034cd75fc8dc44075a41c35a4/elements - {"using":"xpath","value":"//*[@id=\"__item3857-__clone9542-imgNav\"]"}
RESULT: {"using":"xpath","value":"//*[@id=\"__item3857-__clone9542-imgNav\"]"}
COMMAND: POST /session/0bd35d5034cd75fc8dc44075a41c35a4/elements - {"using":"xpath","value":"//*[@id=\"__item3857-__clone9542-imgNav\"]"}
RESULT: {"using":"xpath","value":"//*[@id=\"__item3857-__clone9542-imgNav\"]"}
COMMAND: POST /session/0bd35d5034cd75fc8dc44075a41c35a4/elements - {"using":"xpath","value":"//*[@id=\"__item3857-__clone9542-imgNav\"]"}
RESULT: {"using":"xpath","value":"//*[@id=\"__item3857-__clone9542-imgNav\"]"}
COMMAND: POST /session/0bd35d5034cd75fc8dc44075a41c35a4/elements - {"using":"xpath","value":"//*[@id=\"__item3857-__clone9542-imgNav\"]"}
RESULT: {"using":"xpath","value":"//*[@id=\"__item3857-__clone9542-imgNav\"]"}
COMMAND: POST /session/0bd35d5034cd75fc8dc44075a41c35a4/elements - {"using":"xpath","value":"//*[@id=\"__item3857-__clone9542-imgNav\"]"}
RESULT: {"using":"xpath","value":"//*[@id=\"__item3857-__clone9542-imgNav\"]"}
COMMAND: POST /session/0bd35d5034cd75fc8dc44075a41c35a4/elements - {"using":"xpath","value":"//*[@id=\"__item3857-__clone9542-imgNav\"]"}
RESULT: {"using":"xpath","value":"//*[@id=\"__item3857-__clone9542-imgNav\"]"}
COMMAND: POST /session/0bd35d5034cd75fc8dc44075a41c35a4/elements - {"using":"xpath","value":"//*[@id=\"__item3857-__clone9542-imgNav\"]"}
RESULT: {"using":"xpath","value":"//*[@id=\"__item3857-__clone9542-imgNav\"]"}
COMMAND: POST /session/0bd35d5034cd75fc8dc44075a41c35a4/elements - {"using":"xpath","value":"//*[@id=\"__item3857-__clone9542-imgNav\"]"}
RESULT: {"using":"xpath","value":"//*[@id=\"__item3857-__clone9542-imgNav\"]"}
COMMAND: POST /session/0bd35d5034cd75fc8dc44075a41c35a4/elements - {"using":"xpath","value":"//*[@id=\"__item3857-__clone9542-imgNav\"]"}
RESULT: {"using":"xpath","value":"//*[@id=\"__item3857-__clone9542-imgNav\"]"}
COMMAND: POST /session/0bd35d5034cd75fc8dc44075a41c35a4/elements - {"using":"xpath","value":"//*[@id=\"__item3857-__clone9542-imgNav\"]"}
RESULT: {"using":"xpath","value":"//*[@id=\"__item3857-__clone9542-imgNav\"]"}
COMMAND: POST /session/0bd35d5034cd75fc8dc44075a41c35a4/elements - {"using":"xpath","value":"//*[@id=\"__item3857-__clone9542-imgNav\"]"}
RESULT: {"using":"xpath","value":"//*[@id=\"__item3857-__clone9542-imgNav\"]"}
COMMAND: POST /session/0bd35d5034cd75fc8dc44075a41c35a4/elements - {"using":"xpath","value":"//*[@id=\"__item3857-__clone9542-imgNav\"]"}
RESULT: {"using":"xpath","value":"//*[@id=\"__item3857-__clone9542-imgNav\"]"}
COMMAND: POST /session/0bd35d5034cd75fc8dc44075a41c35a4/elements - {"using":"xpath","value":"//*[@id=\"__item3857-__clone9542-imgNav\"]"}
RESULT: {"using":"xpath","value":"//*[@id=\"__item3857-__clone9542-imgNav\"]"}
COMMAND: POST /session/0bd35d5034cd75fc8dc44075a41c35a4/elements - {"using":"xpath","value":"//*[@id=\"__item3857-__clone9542-imgNav\"]"}
RESULT: {"using":"xpath","value":"//*[@id=\"__item3857-__clone9542-imgNav\"]"}
COMMAND: POST /session/0bd35d5034cd75fc8dc44075a41c35a4/elements - {"using":"xpath","value":"//*[@id=\"__item3857-__clone9542-imgNav\"]"}
RESULT: {"using":"xpath","value":"//*[@id=\"__item3857-__clone9542-imgNav\"]"}
COMMAND: POST /session/0bd35d5034cd75fc8dc44075a41c35a4/elements - {"using":"xpath","value":"//*[@id=\"__item3857-__clone9542-imgNav\"]"}
RESULT: {"using":"xpath","value":"//*[@id=\"__item3857-__clone9542-imgNav\"]"}
COMMAND: POST /session/0bd35d5034cd75fc8dc44075a41c35a4/elements - {"using":"xpath","value":"//*[@id=\"__item3857-__clone9542-imgNav\"]"}
RESULT: {"using":"xpath","value":"//*[@id=\"__item3857-__clone9542-imgNav\"]"}
COMMAND: POST /session/0bd35d5034cd75fc8dc44075a41c35a4/elements - {"using":"xpath","value":"//*[@id=\"__item3857-__clone9542-imgNav\"]"}
RESULT: {"using":"xpath","value":"//*[@id=\"__item3857-__clone9542-imgNav\"]"}
COMMAND: POST /session/0bd35d5034cd75fc8dc44075a41c35a4/elements - {"using":"xpath","value":"//*[@id=\"__item3857-__clone9542-imgNav\"]"}
RESULT: {"using":"xpath","value":"//*[@id=\"__item3857-__clone9542-imgNav\"]"}
COMMAND: POST /session/0bd35d5034cd75fc8dc44075a41c35a4/elements - {"using":"xpath","value":"//*[@id=\"__item3857-__clone9542-imgNav\"]"}
RESULT: {"using":"xpath","value":"//*[@id=\"__item3857-__clone9542-imgNav\"]"}
COMMAND: POST /session/0bd35d5034cd75fc8dc44075a41c35a4/elements - {"using":"xpath","value":"//*[@id=\"__item3857-__clone9542-imgNav\"]"}
RESULT: {"using":"xpath","value":"//*[@id=\"__item3857-__clone9542-imgNav\"]"}
COMMAND: POST /session/0bd35d5034cd75fc8dc44075a41c35a4/elements - {"using":"xpath","value":"//*[@id=\"__item3857-__clone9542-imgNav\"]"}
RESULT: {"using":"xpath","value":"//*[@id=\"__item3857-__clone9542-imgNav\"]"}
COMMAND: POST /session/0bd35d5034cd75fc8dc44075a41c35a4/elements - {"using":"xpath","value":"//*[@id=\"__item3857-__clone9542-imgNav\"]"}
RESULT: {"using":"xpath","value":"//*[@id=\"__item3857-__clone9542-imgNav\"]"}
COMMAND: POST /session/0bd35d5034cd75fc8dc44075a41c35a4/elements - {"using":"xpath","value":"//*[@id=\"__item3857-__clone9542-imgNav\"]"}
RESULT: {"using":"xpath","value":"//*[@id=\"__item3857-__clone9542-imgNav\"]"}
RESULT: undefined
RESULT: undefined
COMMAND: POST /session/0bd35d5034cd75fc8dc44075a41c35a4/execute/async - {"script":"<script> [1562 bytes]","args":[{"selector":{"controlType":"sap.m.ToggleButton","viewName":"etm.portal.ui.managehandovers.view.DetailExecuteHO","i18NText":{"propertyName":"text","key":"refuse"},"interaction":{"idSuffix":"BDI-content"}},"wdio_ui5_key":"etmportal.ui.managehandovers.view.DetailExecuteHOsap.m.ToggleButton{\"propertyName\":\"text\",\"key\":\"refuse\"}"}]}
RESULT: {"script":"<script> [1562 bytes]","args":[{"selector":{"controlType":"sap.m.ToggleButton","viewName":"etm.portal.ui.managehandovers.view.DetailExecuteHO","i18NText":{"propertyName":"text","key":"refuse"},"interaction":{"idSuffix":"BDI-content"}},"wdio_ui5_key":"etmportal.ui.managehandovers.view.DetailExecuteHOsap.m.ToggleButton{\"propertyName\":\"text\",\"key\":\"refuse\"}"}]}
RESULT: undefined
COMMAND: POST /session/0bd35d5034cd75fc8dc44075a41c35a4/execute/async - {"script":"<script> [1562 bytes]","args":[{"selector":{"id":"confirmationButton","viewName":"etm.portal.ui.managehandovers.view.DetailExecuteHO","interaction":{"idSuffix":"BDI-content"},"properties":{"text":"Receive / Refuse"}},"wdio_ui5_key":"confirmationButtonetmportal.ui.managehandovers.view.DetailExecuteHO{\"text\":\"Receive / Refuse\"}"}]}
RESULT: {"script":"<script> [1562 bytes]","args":[{"selector":{"id":"confirmationButton","viewName":"etm.portal.ui.managehandovers.view.DetailExecuteHO","interaction":{"idSuffix":"BDI-content"},"properties":{"text":"Receive / Refuse"}},"wdio_ui5_key":"confirmationButtonetmportal.ui.managehandovers.view.DetailExecuteHO{\"text\":\"Receive / Refuse\"}"}]}
RESULT: undefined
COMMAND: POST /session/0bd35d5034cd75fc8dc44075a41c35a4/element - {"using":"css selector","value":"#j_username"}
COMMAND: POST /session/0bd35d5034cd75fc8dc44075a41c35a4/url - {"url":"https://qa-testing-00-live-etm-ui.cfapps.eu10-004.hana.ondemand.com/"}
RESULT: {"using":"css selector","value":"#j_username"}
COMMAND: POST /session/0bd35d5034cd75fc8dc44075a41c35a4/element - {"using":"css selector","value":"#j_username"}
RESULT: {"url":"https://qa-testing-00-live-etm-ui.cfapps.eu10-004.hana.ondemand.com/"}
RESULT: undefined
COMMAND: GET /session/0bd35d5034cd75fc8dc44075a41c35a4/screenshot - {}
RESULT: {"using":"css selector","value":"#j_username"}
COMMAND: POST /session/0bd35d5034cd75fc8dc44075a41c35a4/element - {"using":"css selector","value":"#shell-header-logo"}
RESULT: {}
RESULT: {"using":"css selector","value":"#shell-header-logo"}
COMMAND: POST /session/0bd35d5034cd75fc8dc44075a41c35a4/execute/sync - {"script":"<script> [8489 bytes]","args":[{"element-6066-11e4-a52e-4f735466cecf":"f.1DB2A491F1B7C642484AEDF47EA6FD52.d.CAB8997CFB1F122FDE2F0F8F6C072C08.e.10180","ELEMENT":"f.1DB2A491F1B7C642484AEDF47EA6FD52.d.CAB8997CFB1F122FDE2F0F8F6C072C08.e.10180"}]}
RESULT: {"script":"<script> [8489 bytes]","args":[{"element-6066-11e4-a52e-4f735466cecf":"f.1DB2A491F1B7C642484AEDF47EA6FD52.d.CAB8997CFB1F122FDE2F0F8F6C072C08.e.10180","ELEMENT":"f.1DB2A491F1B7C642484AEDF47EA6FD52.d.CAB8997CFB1F122FDE2F0F8F6C072C08.e.10180"}]}
COMMAND: POST /session/0bd35d5034cd75fc8dc44075a41c35a4/element - {"using":"css selector","value":"#shell-header-logo"}
COMMAND: GET /session/0bd35d5034cd75fc8dc44075a41c35a4/screenshot - {}
RESULT: {"using":"css selector","value":"#shell-header-logo"}
COMMAND: POST /session/0bd35d5034cd75fc8dc44075a41c35a4/execute/sync - {"script":"<script> [8489 bytes]","args":[{"element-6066-11e4-a52e-4f735466cecf":"f.1DB2A491F1B7C642484AEDF47EA6FD52.d.CAB8997CFB1F122FDE2F0F8F6C072C08.e.10180","ELEMENT":"f.1DB2A491F1B7C642484AEDF47EA6FD52.d.CAB8997CFB1F122FDE2F0F8F6C072C08.e.10180"}]}
RESULT: {}
RESULT: {"script":"<script> [8489 bytes]","args":[{"element-6066-11e4-a52e-4f735466cecf":"f.1DB2A491F1B7C642484AEDF47EA6FD52.d.CAB8997CFB1F122FDE2F0F8F6C072C08.e.10180","ELEMENT":"f.1DB2A491F1B7C642484AEDF47EA6FD52.d.CAB8997CFB1F122FDE2F0F8F6C072C08.e.10180"}]}
COMMAND: POST /session/0bd35d5034cd75fc8dc44075a41c35a4/execute/sync - {"script":"<script> [5351 bytes]","args":[{"element-6066-11e4-a52e-4f735466cecf":"f.1DB2A491F1B7C642484AEDF47EA6FD52.d.CAB8997CFB1F122FDE2F0F8F6C072C08.e.10180","ELEMENT":"f.1DB2A491F1B7C642484AEDF47EA6FD52.d.CAB8997CFB1F122FDE2F0F8F6C072C08.e.10180"}]}
COMMAND: GET /session/0bd35d5034cd75fc8dc44075a41c35a4/screenshot - {}
RESULT: {"script":"<script> [5351 bytes]","args":[{"element-6066-11e4-a52e-4f735466cecf":"f.1DB2A491F1B7C642484AEDF47EA6FD52.d.CAB8997CFB1F122FDE2F0F8F6C072C08.e.10180","ELEMENT":"f.1DB2A491F1B7C642484AEDF47EA6FD52.d.CAB8997CFB1F122FDE2F0F8F6C072C08.e.10180"}]}
COMMAND: POST /session/0bd35d5034cd75fc8dc44075a41c35a4/element - {"using":"css selector","value":"#shell-header-logo"}
COMMAND: GET /session/0bd35d5034cd75fc8dc44075a41c35a4/screenshot - {}
RESULT: {}
RESULT: {"using":"css selector","value":"#shell-header-logo"}
COMMAND: POST /session/0bd35d5034cd75fc8dc44075a41c35a4/element/f.1DB2A491F1B7C642484AEDF47EA6FD52.d.CAB8997CFB1F122FDE2F0F8F6C072C08.e.10180/click - {}
RESULT: {}
RESULT: {}
COMMAND: GET /session/0bd35d5034cd75fc8dc44075a41c35a4/screenshot - {}
RESULT: {}
COMMAND: POST /session/0bd35d5034cd75fc8dc44075a41c35a4/execute/async - {"script":"<script> [189 bytes]","args":[]}
RESULT: {"script":"<script> [189 bytes]","args":[]}
COMMAND: POST /session/0bd35d5034cd75fc8dc44075a41c35a4/execute/async - {"script":"<script> [123 bytes]","args":[]}
RESULT: {"script":"<script> [123 bytes]","args":[]}
COMMAND: POST /session/0bd35d5034cd75fc8dc44075a41c35a4/timeouts - {"script":"<number>"}
RESULT: {"script":"<number>"}
COMMAND: GET /session/0bd35d5034cd75fc8dc44075a41c35a4/timeouts - {}
RESULT: {}
RESULT: undefined
COMMAND: POST /session/0bd35d5034cd75fc8dc44075a41c35a4/execute/async - {"script":"<script> [2676 bytes]","args":[]}
RESULT: {"script":"<script> [2676 bytes]","args":[]}
COMMAND: POST /session/0bd35d5034cd75fc8dc44075a41c35a4/execute/async - {"script":"<script> [2342 bytes]","args":[{"protocol":"http","hostname":"0.0.0.0","path":"/","capabilities":{"browserName":"chrome","goog:chromeOptions":{"binary":"C:\\Program Files\\Google\\Chrome\\Application\\chrome.exe","args":["--start-maximized"]}},"logLevel":"warn","connectionRetryTimeout":120000,"connectionRetryCount":3,"logLevels":{},"enableDirectConnect":true,"strictSSL":true,"_":"65 more keys: [\"cacheDir\",\"port\",\"requestedCapabilities\",\"automationProtocol\",\"baseUrl\",\"waitforInterval\",\"waitforTimeout\",\"onReload\",\"beforeCommand\",\"afterCommand\",\"rootDir\",\"specs\",\"suites\",\"exclude\",\"groupLogsByTestSpec\",\"excludeDriverLogs\",\"bail\",\"framework\",\"reporters\",\"services\",\"maxInstances\",\"maxInstancesPerCapability\",\"injectGlobals\",\"filesToWatch\",\"execArgv\",\"runnerEnv\",\"runner\",\"shard\",\"specFileRetries\",\"specFileRetriesDelay\",\"specFileRetriesDeferred\",\"reporterSyncInterval\",\"reporterSyncTimeout\",\"cucumberFeaturesWithLineNumbers\",\"autoCompileOpts\",\"mochaOpts\",\"jasmineOpts\",\"cucumberOpts\",\"onPrepare\",\"onWorkerStart\",\"onWorkerEnd\",\"before\",\"beforeSession\",\"beforeSuite\",\"beforeHook\",\"beforeTest\",\"afterTest\",\"afterHook\",\"afterSuite\",\"afterSession\",\"after\",\"onComplete\",\"beforeAssertion\",\"afterAssertion\",\"beforeFeature\",\"beforeScenario\",\"beforeStep\",\"afterStep\",\"afterScenario\",\"afterFeature\",\"_\",\"suite\",\"$0\",\"ignoredWorkerServices\",\"wdi5\"]"}]}
RESULT: {"script":"<script> [2342 bytes]","args":[{"protocol":"http","hostname":"0.0.0.0","path":"/","capabilities":{"browserName":"chrome","goog:chromeOptions":{"binary":"C:\\Program Files\\Google\\Chrome\\Application\\chrome.exe","args":["--start-maximized"]}},"logLevel":"warn","connectionRetryTimeout":120000,"connectionRetryCount":3,"logLevels":{},"enableDirectConnect":true,"strictSSL":true,"_":"65 more keys: [\"cacheDir\",\"port\",\"requestedCapabilities\",\"automationProtocol\",\"baseUrl\",\"waitforInterval\",\"waitforTimeout\",\"onReload\",\"beforeCommand\",\"afterCommand\",\"rootDir\",\"specs\",\"suites\",\"exclude\",\"groupLogsByTestSpec\",\"excludeDriverLogs\",\"bail\",\"framework\",\"reporters\",\"services\",\"maxInstances\",\"maxInstancesPerCapability\",\"injectGlobals\",\"filesToWatch\",\"execArgv\",\"runnerEnv\",\"runner\",\"shard\",\"specFileRetries\",\"specFileRetriesDelay\",\"specFileRetriesDeferred\",\"reporterSyncInterval\",\"reporterSyncTimeout\",\"cucumberFeaturesWithLineNumbers\",\"autoCompileOpts\",\"mochaOpts\",\"jasmineOpts\",\"cucumberOpts\",\"onPrepare\",\"onWorkerStart\",\"onWorkerEnd\",\"before\",\"beforeSession\",\"beforeSuite\",\"beforeHook\",\"beforeTest\",\"afterTest\",\"afterHook\",\"afterSuite\",\"afterSession\",\"after\",\"onComplete\",\"beforeAssertion\",\"afterAssertion\",\"beforeFeature\",\"beforeScenario\",\"beforeStep\",\"afterStep\",\"afterScenario\",\"afterFeature\",\"_\",\"suite\",\"$0\",\"ignoredWorkerServices\",\"wdi5\"]"}]}
COMMAND: POST /session/0bd35d5034cd75fc8dc44075a41c35a4/execute/async - {"script":"<script> [21126 bytes]","args":[35000]}
RESULT: {"script":"<script> [21126 bytes]","args":[35000]}
COMMAND: POST /session/0bd35d5034cd75fc8dc44075a41c35a4/window/maximize - {}
RESULT: {}
COMMAND: POST /session/0bd35d5034cd75fc8dc44075a41c35a4/execute/async - {"script":"<script> [1562 bytes]","args":[{"selector":{"id":"shell-header","interaction":{"idSuffix":"icon"}},"wdio_ui5_key":"shellheader"}]}
COMMAND: GET /session/0bd35d5034cd75fc8dc44075a41c35a4/screenshot - {}
RESULT: {"script":"<script> [1562 bytes]","args":[{"selector":{"id":"shell-header","interaction":{"idSuffix":"icon"}},"wdio_ui5_key":"shellheader"}]}
RESULT: undefined
]]></system-out>
    </testcase>
  </testsuite>
  <testsuite timestamp="2025-05-06T08:26:09" time="352.623" tests="4" failures="0" errors="0" skipped="0">
    <properties>
      <property name="specId" value="0" />
      <property name="suiteName" value="Provide to Site w/o warehouse management w/o clarification US116612" />
      <property name="capabilities" value="chrome.135_0_7049_96.windows" />
      <property name="file" value="file:///D:/a/1/s/test/specs/HTR/provide-to-site-wo-warehouse-wo-clarification.spec.js" />
    </properties>
    <testcase classname="chrome.135_0_7049_96.windows.Provide_to_Site_w/o_warehouse_management_w/o_clarification_US116612" name="Should create a WHM yard" time="101.659">
      <system-out><![CDATA[
COMMAND: POST /session/0bd35d5034cd75fc8dc44075a41c35a4/execute/async - {"script":"<script> [1562 bytes]","args":[{"selector":{"controlType":"sap.m.GenericTile","properties":{"header":"Manage Yards"}},"wdio_ui5_key":"sapm.GenericTile{\"header\":\"Manage Yards\"}"}]}
RESULT: {}
RESULT: {"script":"<script> [1562 bytes]","args":[{"selector":{"controlType":"sap.m.GenericTile","properties":{"header":"Manage Yards"}},"wdio_ui5_key":"sapm.GenericTile{\"header\":\"Manage Yards\"}"}]}
RESULT: undefined
COMMAND: POST /session/0bd35d5034cd75fc8dc44075a41c35a4/element - {"using":"xpath","value":"//*[@id=\"__tile41\"]"}
RESULT: {"using":"xpath","value":"//*[@id=\"__tile41\"]"}
COMMAND: POST /session/0bd35d5034cd75fc8dc44075a41c35a4/element/f.1DB2A491F1B7C642484AEDF47EA6FD52.d.CAB8997CFB1F122FDE2F0F8F6C072C08.e.10192/click - {}
RESULT: {}
COMMAND: POST /session/0bd35d5034cd75fc8dc44075a41c35a4/execute/async - {"script":"<script> [1562 bytes]","args":[{"selector":{"controlType":"sap.ui.core.Icon","viewName":"etm.portal.ui.manageyards.view.Master","viewId":"application-manageyards-display-component---masterYard","properties":{"src":{"regex":{"source":"add"}}}},"wdio_ui5_key":"etmportal.ui.manageyards.view.Mastersap.ui.core.Icon{\"src\":{\"regex\":{\"source\":\"add\"}}}"}]}
COMMAND: GET /session/0bd35d5034cd75fc8dc44075a41c35a4/screenshot - {}
RESULT: {"script":"<script> [1562 bytes]","args":[{"selector":{"controlType":"sap.ui.core.Icon","viewName":"etm.portal.ui.manageyards.view.Master","viewId":"application-manageyards-display-component---masterYard","properties":{"src":{"regex":{"source":"add"}}}},"wdio_ui5_key":"etmportal.ui.manageyards.view.Mastersap.ui.core.Icon{\"src\":{\"regex\":{\"source\":\"add\"}}}"}]}
RESULT: undefined
COMMAND: POST /session/0bd35d5034cd75fc8dc44075a41c35a4/element - {"using":"xpath","value":"//*[@id=\"__button4-img\"]"}
RESULT: {}
RESULT: {"using":"xpath","value":"//*[@id=\"__button4-img\"]"}
COMMAND: POST /session/0bd35d5034cd75fc8dc44075a41c35a4/element/f.1DB2A491F1B7C642484AEDF47EA6FD52.d.CAB8997CFB1F122FDE2F0F8F6C072C08.e.10238/click - {}
RESULT: {}
COMMAND: POST /session/0bd35d5034cd75fc8dc44075a41c35a4/execute/async - {"script":"<script> [1562 bytes]","args":[{"selector":{"id":"application-manageyards-display-component---NewYard--addressDetailDetailsName1","interaction":{"idSuffix":"inner"}},"wdio_ui5_key":"applicationmanageyards-display-component---NewYard--addressDetailDetailsName1"}]}
COMMAND: GET /session/0bd35d5034cd75fc8dc44075a41c35a4/screenshot - {}
RESULT: {"script":"<script> [1562 bytes]","args":[{"selector":{"id":"application-manageyards-display-component---NewYard--addressDetailDetailsName1","interaction":{"idSuffix":"inner"}},"wdio_ui5_key":"applicationmanageyards-display-component---NewYard--addressDetailDetailsName1"}]}
RESULT: undefined
COMMAND: POST /session/0bd35d5034cd75fc8dc44075a41c35a4/execute/async - {"script":"<script> [776 bytes]","args":[{"enterText":"warehouse managed Yard","selector":{"id":"application-manageyards-display-component---NewYard--addressDetailDetailsName1","interaction":{"idSuffix":"inner"}},"clearTextFirst":true,"interactionType":"ENTER_TEXT"}]}
RESULT: {}
RESULT: {"script":"<script> [776 bytes]","args":[{"enterText":"warehouse managed Yard","selector":{"id":"application-manageyards-display-component---NewYard--addressDetailDetailsName1","interaction":{"idSuffix":"inner"}},"clearTextFirst":true,"interactionType":"ENTER_TEXT"}]}
COMMAND: POST /session/0bd35d5034cd75fc8dc44075a41c35a4/execute/async - {"script":"<script> [1562 bytes]","args":[{"selector":{"id":"application-manageyards-display-component---NewYard--addressDetailDetailsLanguage-arrow"},"wdio_ui5_key":"applicationmanageyards-display-component---NewYard--addressDetailDetailsLanguage-arrow"}]}
RESULT: {"script":"<script> [1562 bytes]","args":[{"selector":{"id":"application-manageyards-display-component---NewYard--addressDetailDetailsLanguage-arrow"},"wdio_ui5_key":"applicationmanageyards-display-component---NewYard--addressDetailDetailsLanguage-arrow"}]}
RESULT: undefined
COMMAND: POST /session/0bd35d5034cd75fc8dc44075a41c35a4/element - {"using":"xpath","value":"//*[@id=\"application-manageyards-display-component---NewYard--addressDetailDetailsLanguage-arrow\"]"}
RESULT: {"using":"xpath","value":"//*[@id=\"application-manageyards-display-component---NewYard--addressDetailDetailsLanguage-arrow\"]"}
COMMAND: POST /session/0bd35d5034cd75fc8dc44075a41c35a4/element/f.1DB2A491F1B7C642484AEDF47EA6FD52.d.CAB8997CFB1F122FDE2F0F8F6C072C08.e.10644/click - {}
RESULT: {}
COMMAND: POST /session/0bd35d5034cd75fc8dc44075a41c35a4/execute/async - {"script":"<script> [1562 bytes]","args":[{"selector":{"controlType":"sap.m.StandardListItem","viewName":"etm.portal.ui.manageyards.view.New","viewId":"application-manageyards-display-component---NewYard","properties":{"title":"English"},"searchOpenDialogs":true,"interaction":{"idSuffix":"content"}},"wdio_ui5_key":"etmportal.ui.manageyards.view.Newsap.m.StandardListItem{\"title\":\"English\"}"}]}
COMMAND: GET /session/0bd35d5034cd75fc8dc44075a41c35a4/screenshot - {}
RESULT: {"script":"<script> [1562 bytes]","args":[{"selector":{"controlType":"sap.m.StandardListItem","viewName":"etm.portal.ui.manageyards.view.New","viewId":"application-manageyards-display-component---NewYard","properties":{"title":"English"},"searchOpenDialogs":true,"interaction":{"idSuffix":"content"}},"wdio_ui5_key":"etmportal.ui.manageyards.view.Newsap.m.StandardListItem{\"title\":\"English\"}"}]}
RESULT: undefined
COMMAND: POST /session/0bd35d5034cd75fc8dc44075a41c35a4/element - {"using":"xpath","value":"//*[@id=\"__item101\"]"}
RESULT: {}
RESULT: {"using":"xpath","value":"//*[@id=\"__item101\"]"}
COMMAND: POST /session/0bd35d5034cd75fc8dc44075a41c35a4/element/f.1DB2A491F1B7C642484AEDF47EA6FD52.d.CAB8997CFB1F122FDE2F0F8F6C072C08.e.10646/click - {}
RESULT: {}
COMMAND: POST /session/0bd35d5034cd75fc8dc44075a41c35a4/execute/async - {"script":"<script> [1562 bytes]","args":[{"selector":{"id":"application-manageyards-display-component---NewYard--addressDetailDetailsCity1","interaction":{"idSuffix":"inner"}},"wdio_ui5_key":"applicationmanageyards-display-component---NewYard--addressDetailDetailsCity1"}]}
COMMAND: GET /session/0bd35d5034cd75fc8dc44075a41c35a4/screenshot - {}
RESULT: {"script":"<script> [1562 bytes]","args":[{"selector":{"id":"application-manageyards-display-component---NewYard--addressDetailDetailsCity1","interaction":{"idSuffix":"inner"}},"wdio_ui5_key":"applicationmanageyards-display-component---NewYard--addressDetailDetailsCity1"}]}
RESULT: undefined
COMMAND: POST /session/0bd35d5034cd75fc8dc44075a41c35a4/execute/async - {"script":"<script> [776 bytes]","args":[{"enterText":"Rosario","selector":{"id":"application-manageyards-display-component---NewYard--addressDetailDetailsCity1","interaction":{"idSuffix":"inner"}},"clearTextFirst":true,"interactionType":"ENTER_TEXT"}]}
RESULT: {}
RESULT: {"script":"<script> [776 bytes]","args":[{"enterText":"Rosario","selector":{"id":"application-manageyards-display-component---NewYard--addressDetailDetailsCity1","interaction":{"idSuffix":"inner"}},"clearTextFirst":true,"interactionType":"ENTER_TEXT"}]}
COMMAND: POST /session/0bd35d5034cd75fc8dc44075a41c35a4/execute/async - {"script":"<script> [1562 bytes]","args":[{"selector":{"id":"application-manageyards-display-component---NewYard--addressDetailDetailsCountry-arrow"},"wdio_ui5_key":"applicationmanageyards-display-component---NewYard--addressDetailDetailsCountry-arrow"}]}
RESULT: {"script":"<script> [1562 bytes]","args":[{"selector":{"id":"application-manageyards-display-component---NewYard--addressDetailDetailsCountry-arrow"},"wdio_ui5_key":"applicationmanageyards-display-component---NewYard--addressDetailDetailsCountry-arrow"}]}
RESULT: undefined
COMMAND: POST /session/0bd35d5034cd75fc8dc44075a41c35a4/element - {"using":"xpath","value":"//*[@id=\"application-manageyards-display-component---NewYard--addressDetailDetailsCountry-arrow\"]"}
RESULT: {"using":"xpath","value":"//*[@id=\"application-manageyards-display-component---NewYard--addressDetailDetailsCountry-arrow\"]"}
COMMAND: POST /session/0bd35d5034cd75fc8dc44075a41c35a4/element/f.1DB2A491F1B7C642484AEDF47EA6FD52.d.CAB8997CFB1F122FDE2F0F8F6C072C08.e.10607/click - {}
RESULT: {}
COMMAND: POST /session/0bd35d5034cd75fc8dc44075a41c35a4/execute/async - {"script":"<script> [1562 bytes]","args":[{"selector":{"controlType":"sap.m.StandardListItem","viewName":"etm.portal.ui.manageyards.view.New","viewId":"application-manageyards-display-component---NewYard","properties":{"title":"Argentina"},"searchOpenDialogs":true,"interaction":{"idSuffix":"content"}},"wdio_ui5_key":"etmportal.ui.manageyards.view.Newsap.m.StandardListItem{\"title\":\"Argentina\"}"}]}
COMMAND: GET /session/0bd35d5034cd75fc8dc44075a41c35a4/screenshot - {}
RESULT: {"script":"<script> [1562 bytes]","args":[{"selector":{"controlType":"sap.m.StandardListItem","viewName":"etm.portal.ui.manageyards.view.New","viewId":"application-manageyards-display-component---NewYard","properties":{"title":"Argentina"},"searchOpenDialogs":true,"interaction":{"idSuffix":"content"}},"wdio_ui5_key":"etmportal.ui.manageyards.view.Newsap.m.StandardListItem{\"title\":\"Argentina\"}"}]}
RESULT: undefined
COMMAND: POST /session/0bd35d5034cd75fc8dc44075a41c35a4/element - {"using":"xpath","value":"//*[@id=\"__item144\"]"}
RESULT: {}
RESULT: {"using":"xpath","value":"//*[@id=\"__item144\"]"}
COMMAND: POST /session/0bd35d5034cd75fc8dc44075a41c35a4/element/f.1DB2A491F1B7C642484AEDF47EA6FD52.d.CAB8997CFB1F122FDE2F0F8F6C072C08.e.10650/click - {}
RESULT: {}
COMMAND: POST /session/0bd35d5034cd75fc8dc44075a41c35a4/execute/async - {"script":"<script> [1562 bytes]","args":[{"selector":{"controlType":"sap.m.Button","viewName":"etm.portal.ui.manageyards.view.New","viewId":"application-manageyards-display-component---NewYard","properties":{"text":"Commercial"},"interaction":{"idSuffix":"BDI-content"}},"wdio_ui5_key":"etmportal.ui.manageyards.view.Newsap.m.Button{\"text\":\"Commercial\"}"}]}
COMMAND: GET /session/0bd35d5034cd75fc8dc44075a41c35a4/screenshot - {}
RESULT: {"script":"<script> [1562 bytes]","args":[{"selector":{"controlType":"sap.m.Button","viewName":"etm.portal.ui.manageyards.view.New","viewId":"application-manageyards-display-component---NewYard","properties":{"text":"Commercial"},"interaction":{"idSuffix":"BDI-content"}},"wdio_ui5_key":"etmportal.ui.manageyards.view.Newsap.m.Button{\"text\":\"Commercial\"}"}]}
RESULT: undefined
COMMAND: POST /session/0bd35d5034cd75fc8dc44075a41c35a4/element - {"using":"xpath","value":"//*[@id=\"application-manageyards-display-component---NewYard--ObjectPageLayout-anchBar-__section5-anchor\"]"}
RESULT: {}
RESULT: {"using":"xpath","value":"//*[@id=\"application-manageyards-display-component---NewYard--ObjectPageLayout-anchBar-__section5-anchor\"]"}
COMMAND: POST /session/0bd35d5034cd75fc8dc44075a41c35a4/element/f.1DB2A491F1B7C642484AEDF47EA6FD52.d.CAB8997CFB1F122FDE2F0F8F6C072C08.e.10652/click - {}
RESULT: {}
COMMAND: GET /session/0bd35d5034cd75fc8dc44075a41c35a4/screenshot - {}
RESULT: {}
COMMAND: POST /session/0bd35d5034cd75fc8dc44075a41c35a4/execute/async - {"script":"<script> [1562 bytes]","args":[{"selector":{"id":"application-manageyards-display-component---NewYard--addressEditDetailsCostObjectCstType-arrow"},"wdio_ui5_key":"applicationmanageyards-display-component---NewYard--addressEditDetailsCostObjectCstType-arrow"}]}
RESULT: {"script":"<script> [1562 bytes]","args":[{"selector":{"id":"application-manageyards-display-component---NewYard--addressEditDetailsCostObjectCstType-arrow"},"wdio_ui5_key":"applicationmanageyards-display-component---NewYard--addressEditDetailsCostObjectCstType-arrow"}]}
RESULT: undefined
COMMAND: POST /session/0bd35d5034cd75fc8dc44075a41c35a4/element - {"using":"xpath","value":"//*[@id=\"application-manageyards-display-component---NewYard--addressEditDetailsCostObjectCstType-arrow\"]"}
RESULT: {"using":"xpath","value":"//*[@id=\"application-manageyards-display-component---NewYard--addressEditDetailsCostObjectCstType-arrow\"]"}
COMMAND: POST /session/0bd35d5034cd75fc8dc44075a41c35a4/element/f.1DB2A491F1B7C642484AEDF47EA6FD52.d.CAB8997CFB1F122FDE2F0F8F6C072C08.e.10662/click - {}
RESULT: {}
COMMAND: GET /session/0bd35d5034cd75fc8dc44075a41c35a4/screenshot - {}
RESULT: {}
COMMAND: POST /session/0bd35d5034cd75fc8dc44075a41c35a4/execute/async - {"script":"<script> [1562 bytes]","args":[{"selector":{"controlType":"sap.m.StandardListItem","viewName":"etm.portal.ui.manageyards.view.New","viewId":"application-manageyards-display-component---NewYard","properties":{"title":"Cost Center"},"searchOpenDialogs":true,"interaction":{"idSuffix":"titleText"}},"wdio_ui5_key":"etmportal.ui.manageyards.view.Newsap.m.StandardListItem{\"title\":\"Cost Center\"}"}]}
RESULT: {"script":"<script> [1562 bytes]","args":[{"selector":{"controlType":"sap.m.StandardListItem","viewName":"etm.portal.ui.manageyards.view.New","viewId":"application-manageyards-display-component---NewYard","properties":{"title":"Cost Center"},"searchOpenDialogs":true,"interaction":{"idSuffix":"titleText"}},"wdio_ui5_key":"etmportal.ui.manageyards.view.Newsap.m.StandardListItem{\"title\":\"Cost Center\"}"}]}
RESULT: undefined
COMMAND: POST /session/0bd35d5034cd75fc8dc44075a41c35a4/element - {"using":"xpath","value":"//*[@id=\"__item234\"]"}
RESULT: {"using":"xpath","value":"//*[@id=\"__item234\"]"}
COMMAND: POST /session/0bd35d5034cd75fc8dc44075a41c35a4/element/f.1DB2A491F1B7C642484AEDF47EA6FD52.d.CAB8997CFB1F122FDE2F0F8F6C072C08.e.10664/click - {}
RESULT: {}
COMMAND: POST /session/0bd35d5034cd75fc8dc44075a41c35a4/element - {"using":"xpath","value":"//input[@id=\"application-manageyards-display-component---NewYard--addressNewCostObjectCstID-inner\"]"}
COMMAND: GET /session/0bd35d5034cd75fc8dc44075a41c35a4/screenshot - {}
RESULT: {"using":"xpath","value":"//input[@id=\"application-manageyards-display-component---NewYard--addressNewCostObjectCstID-inner\"]"}
COMMAND: POST /session/0bd35d5034cd75fc8dc44075a41c35a4/element/f.1DB2A491F1B7C642484AEDF47EA6FD52.d.CAB8997CFB1F122FDE2F0F8F6C072C08.e.10467/clear - {}
RESULT: {}
COMMAND: POST /session/0bd35d5034cd75fc8dc44075a41c35a4/element - {"using":"xpath","value":"//input[@id=\"application-manageyards-display-component---NewYard--addressNewCostObjectCstID-inner\"]"}
RESULT: {"using":"xpath","value":"//input[@id=\"application-manageyards-display-component---NewYard--addressNewCostObjectCstID-inner\"]"}
COMMAND: POST /session/0bd35d5034cd75fc8dc44075a41c35a4/element/f.1DB2A491F1B7C642484AEDF47EA6FD52.d.CAB8997CFB1F122FDE2F0F8F6C072C08.e.10467/clear - {}
COMMAND: POST /session/0bd35d5034cd75fc8dc44075a41c35a4/element - {"using":"xpath","value":"//input[@id=\"application-manageyards-display-component---NewYard--addressNewCostObjectCstID-inner\"]"}
RESULT: {"using":"xpath","value":"//input[@id=\"application-manageyards-display-component---NewYard--addressNewCostObjectCstID-inner\"]"}
COMMAND: POST /session/0bd35d5034cd75fc8dc44075a41c35a4/element/f.1DB2A491F1B7C642484AEDF47EA6FD52.d.CAB8997CFB1F122FDE2F0F8F6C072C08.e.10669/clear - {}
RESULT: {}
COMMAND: POST /session/0bd35d5034cd75fc8dc44075a41c35a4/element/f.1DB2A491F1B7C642484AEDF47EA6FD52.d.CAB8997CFB1F122FDE2F0F8F6C072C08.e.10669/value - {"text":"10001013"}
COMMAND: GET /session/0bd35d5034cd75fc8dc44075a41c35a4/screenshot - {}
RESULT: {"text":"10001013"}
COMMAND: GET /session/0bd35d5034cd75fc8dc44075a41c35a4/screenshot - {}
RESULT: {}
RESULT: {}
COMMAND: POST /session/0bd35d5034cd75fc8dc44075a41c35a4/execute/async - {"script":"<script> [1562 bytes]","args":[{"selector":{"controlType":"sap.m.StandardListItem","viewName":"etm.portal.ui.manageyards.view.New","viewId":"application-manageyards-display-component---NewYard","properties":{"type":"Active"},"searchOpenDialogs":true,"interaction":{"idSuffix":"titleText"}},"wdio_ui5_key":"etmportal.ui.manageyards.view.Newsap.m.StandardListItem{\"type\":\"Active\"}"}]}
RESULT: {"script":"<script> [1562 bytes]","args":[{"selector":{"controlType":"sap.m.StandardListItem","viewName":"etm.portal.ui.manageyards.view.New","viewId":"application-manageyards-display-component---NewYard","properties":{"type":"Active"},"searchOpenDialogs":true,"interaction":{"idSuffix":"titleText"}},"wdio_ui5_key":"etmportal.ui.manageyards.view.Newsap.m.StandardListItem{\"type\":\"Active\"}"}]}
RESULT: undefined
COMMAND: POST /session/0bd35d5034cd75fc8dc44075a41c35a4/element - {"using":"xpath","value":"//*[@id=\"__item339\"]"}
RESULT: {"using":"xpath","value":"//*[@id=\"__item339\"]"}
COMMAND: POST /session/0bd35d5034cd75fc8dc44075a41c35a4/element/f.1DB2A491F1B7C642484AEDF47EA6FD52.d.CAB8997CFB1F122FDE2F0F8F6C072C08.e.10673/click - {}
RESULT: {}
COMMAND: POST /session/0bd35d5034cd75fc8dc44075a41c35a4/execute/async - {"script":"<script> [1562 bytes]","args":[{"selector":{"id":"application-manageyards-display-component---NewYard--addressEditDetailsCurrency-arrow"},"wdio_ui5_key":"applicationmanageyards-display-component---NewYard--addressEditDetailsCurrency-arrow"}]}
COMMAND: GET /session/0bd35d5034cd75fc8dc44075a41c35a4/screenshot - {}
RESULT: {"script":"<script> [1562 bytes]","args":[{"selector":{"id":"application-manageyards-display-component---NewYard--addressEditDetailsCurrency-arrow"},"wdio_ui5_key":"applicationmanageyards-display-component---NewYard--addressEditDetailsCurrency-arrow"}]}
RESULT: undefined
COMMAND: POST /session/0bd35d5034cd75fc8dc44075a41c35a4/element - {"using":"xpath","value":"//*[@id=\"application-manageyards-display-component---NewYard--addressEditDetailsCurrency-arrow\"]"}
RESULT: {}
RESULT: {"using":"xpath","value":"//*[@id=\"application-manageyards-display-component---NewYard--addressEditDetailsCurrency-arrow\"]"}
COMMAND: POST /session/0bd35d5034cd75fc8dc44075a41c35a4/element/f.1DB2A491F1B7C642484AEDF47EA6FD52.d.CAB8997CFB1F122FDE2F0F8F6C072C08.e.10675/click - {}
RESULT: {}
COMMAND: POST /session/0bd35d5034cd75fc8dc44075a41c35a4/execute/async - {"script":"<script> [1562 bytes]","args":[{"selector":{"controlType":"sap.m.StandardListItem","viewName":"etm.portal.ui.manageyards.view.New","viewId":"application-manageyards-display-component---NewYard","properties":{"title":"Euro"},"searchOpenDialogs":true,"interaction":{"idSuffix":"content"}},"wdio_ui5_key":"etmportal.ui.manageyards.view.Newsap.m.StandardListItem{\"title\":\"Euro\"}"}]}
COMMAND: GET /session/0bd35d5034cd75fc8dc44075a41c35a4/screenshot - {}
RESULT: {"script":"<script> [1562 bytes]","args":[{"selector":{"controlType":"sap.m.StandardListItem","viewName":"etm.portal.ui.manageyards.view.New","viewId":"application-manageyards-display-component---NewYard","properties":{"title":"Euro"},"searchOpenDialogs":true,"interaction":{"idSuffix":"content"}},"wdio_ui5_key":"etmportal.ui.manageyards.view.Newsap.m.StandardListItem{\"title\":\"Euro\"}"}]}
RESULT: undefined
COMMAND: POST /session/0bd35d5034cd75fc8dc44075a41c35a4/element - {"using":"xpath","value":"//*[@id=\"__item340\"]"}
RESULT: {}
RESULT: {"using":"xpath","value":"//*[@id=\"__item340\"]"}
COMMAND: POST /session/0bd35d5034cd75fc8dc44075a41c35a4/element/f.1DB2A491F1B7C642484AEDF47EA6FD52.d.CAB8997CFB1F122FDE2F0F8F6C072C08.e.10677/click - {}
RESULT: {}
COMMAND: POST /session/0bd35d5034cd75fc8dc44075a41c35a4/execute/async - {"script":"<script> [1562 bytes]","args":[{"selector":{"controlType":"sap.m.Input","viewName":"etm.portal.ui.manageyards.view.New","viewId":"application-manageyards-display-component---NewYard","bindingPath":{"path":"","propertyPath":"/CONTROLLING_AREA","modelName":"NewYardModel"},"interaction":{"idSuffix":"inner"}},"wdio_ui5_key":"etmportal.ui.manageyards.view.Newsap.m.Input{\"path\":\"\",\"propertyPath\":\"/CONTROLLING_AREA\",\"modelName\":\"NewYardModel\"}"}]}
COMMAND: GET /session/0bd35d5034cd75fc8dc44075a41c35a4/screenshot - {}
RESULT: {"script":"<script> [1562 bytes]","args":[{"selector":{"controlType":"sap.m.Input","viewName":"etm.portal.ui.manageyards.view.New","viewId":"application-manageyards-display-component---NewYard","bindingPath":{"path":"","propertyPath":"/CONTROLLING_AREA","modelName":"NewYardModel"},"interaction":{"idSuffix":"inner"}},"wdio_ui5_key":"etmportal.ui.manageyards.view.Newsap.m.Input{\"path\":\"\",\"propertyPath\":\"/CONTROLLING_AREA\",\"modelName\":\"NewYardModel\"}"}]}
RESULT: undefined
COMMAND: POST /session/0bd35d5034cd75fc8dc44075a41c35a4/execute/async - {"script":"<script> [776 bytes]","args":[{"enterText":"Z001","selector":{"controlType":"sap.m.Input","viewName":"etm.portal.ui.manageyards.view.New","viewId":"application-manageyards-display-component---NewYard","bindingPath":{"path":"","propertyPath":"/CONTROLLING_AREA","modelName":"NewYardModel"},"interaction":{"idSuffix":"inner"}},"clearTextFirst":true,"interactionType":"ENTER_TEXT"}]}
RESULT: {}
RESULT: {"script":"<script> [776 bytes]","args":[{"enterText":"Z001","selector":{"controlType":"sap.m.Input","viewName":"etm.portal.ui.manageyards.view.New","viewId":"application-manageyards-display-component---NewYard","bindingPath":{"path":"","propertyPath":"/CONTROLLING_AREA","modelName":"NewYardModel"},"interaction":{"idSuffix":"inner"}},"clearTextFirst":true,"interactionType":"ENTER_TEXT"}]}
COMMAND: POST /session/0bd35d5034cd75fc8dc44075a41c35a4/execute/async - {"script":"<script> [1562 bytes]","args":[{"selector":{"id":"application-manageyards-display-component---NewYard--companyCodeComboBox","interaction":{"idSuffix":"inner"}},"wdio_ui5_key":"applicationmanageyards-display-component---NewYard--companyCodeComboBox"}]}
RESULT: {"script":"<script> [1562 bytes]","args":[{"selector":{"id":"application-manageyards-display-component---NewYard--companyCodeComboBox","interaction":{"idSuffix":"inner"}},"wdio_ui5_key":"applicationmanageyards-display-component---NewYard--companyCodeComboBox"}]}
RESULT: undefined
COMMAND: POST /session/0bd35d5034cd75fc8dc44075a41c35a4/execute/async - {"script":"<script> [776 bytes]","args":[{"enterText":"1000","selector":{"id":"application-manageyards-display-component---NewYard--companyCodeComboBox","interaction":{"idSuffix":"inner"}},"clearTextFirst":true,"interactionType":"ENTER_TEXT"}]}
RESULT: {"script":"<script> [776 bytes]","args":[{"enterText":"1000","selector":{"id":"application-manageyards-display-component---NewYard--companyCodeComboBox","interaction":{"idSuffix":"inner"}},"clearTextFirst":true,"interactionType":"ENTER_TEXT"}]}
COMMAND: POST /session/0bd35d5034cd75fc8dc44075a41c35a4/execute/async - {"script":"<script> [1562 bytes]","args":[{"selector":{"controlType":"sap.m.Input","viewName":"etm.portal.ui.manageyards.view.New","viewId":"application-manageyards-display-component---NewYard","bindingPath":{"path":"","propertyPath":"/PLANT","modelName":"NewYardModel"},"interaction":{"idSuffix":"inner"}},"wdio_ui5_key":"etmportal.ui.manageyards.view.Newsap.m.Input{\"path\":\"\",\"propertyPath\":\"/PLANT\",\"modelName\":\"NewYardModel\"}"}]}
RESULT: {"script":"<script> [1562 bytes]","args":[{"selector":{"controlType":"sap.m.Input","viewName":"etm.portal.ui.manageyards.view.New","viewId":"application-manageyards-display-component---NewYard","bindingPath":{"path":"","propertyPath":"/PLANT","modelName":"NewYardModel"},"interaction":{"idSuffix":"inner"}},"wdio_ui5_key":"etmportal.ui.manageyards.view.Newsap.m.Input{\"path\":\"\",\"propertyPath\":\"/PLANT\",\"modelName\":\"NewYardModel\"}"}]}
RESULT: undefined
COMMAND: POST /session/0bd35d5034cd75fc8dc44075a41c35a4/execute/async - {"script":"<script> [776 bytes]","args":[{"enterText":"1001","selector":{"controlType":"sap.m.Input","viewName":"etm.portal.ui.manageyards.view.New","viewId":"application-manageyards-display-component---NewYard","bindingPath":{"path":"","propertyPath":"/PLANT","modelName":"NewYardModel"},"interaction":{"idSuffix":"inner"}},"clearTextFirst":true,"interactionType":"ENTER_TEXT"}]}
RESULT: {"script":"<script> [776 bytes]","args":[{"enterText":"1001","selector":{"controlType":"sap.m.Input","viewName":"etm.portal.ui.manageyards.view.New","viewId":"application-manageyards-display-component---NewYard","bindingPath":{"path":"","propertyPath":"/PLANT","modelName":"NewYardModel"},"interaction":{"idSuffix":"inner"}},"clearTextFirst":true,"interactionType":"ENTER_TEXT"}]}
COMMAND: POST /session/0bd35d5034cd75fc8dc44075a41c35a4/execute/async - {"script":"<script> [1562 bytes]","args":[{"selector":{"controlType":"sap.m.Input","viewName":"etm.portal.ui.manageyards.view.New","viewId":"application-manageyards-display-component---NewYard","bindingPath":{"path":"","propertyPath":"/SALES_AREA_VKORG","modelName":"NewYardModel"},"interaction":{"idSuffix":"inner"}},"wdio_ui5_key":"etmportal.ui.manageyards.view.Newsap.m.Input{\"path\":\"\",\"propertyPath\":\"/SALES_AREA_VKORG\",\"modelName\":\"NewYardModel\"}"}]}
RESULT: {"script":"<script> [1562 bytes]","args":[{"selector":{"controlType":"sap.m.Input","viewName":"etm.portal.ui.manageyards.view.New","viewId":"application-manageyards-display-component---NewYard","bindingPath":{"path":"","propertyPath":"/SALES_AREA_VKORG","modelName":"NewYardModel"},"interaction":{"idSuffix":"inner"}},"wdio_ui5_key":"etmportal.ui.manageyards.view.Newsap.m.Input{\"path\":\"\",\"propertyPath\":\"/SALES_AREA_VKORG\",\"modelName\":\"NewYardModel\"}"}]}
RESULT: undefined
COMMAND: POST /session/0bd35d5034cd75fc8dc44075a41c35a4/execute/async - {"script":"<script> [776 bytes]","args":[{"enterText":"C002","selector":{"controlType":"sap.m.Input","viewName":"etm.portal.ui.manageyards.view.New","viewId":"application-manageyards-display-component---NewYard","bindingPath":{"path":"","propertyPath":"/SALES_AREA_VKORG","modelName":"NewYardModel"},"interaction":{"idSuffix":"inner"}},"clearTextFirst":true,"interactionType":"ENTER_TEXT"}]}
RESULT: {"script":"<script> [776 bytes]","args":[{"enterText":"C002","selector":{"controlType":"sap.m.Input","viewName":"etm.portal.ui.manageyards.view.New","viewId":"application-manageyards-display-component---NewYard","bindingPath":{"path":"","propertyPath":"/SALES_AREA_VKORG","modelName":"NewYardModel"},"interaction":{"idSuffix":"inner"}},"clearTextFirst":true,"interactionType":"ENTER_TEXT"}]}
COMMAND: POST /session/0bd35d5034cd75fc8dc44075a41c35a4/execute/async - {"script":"<script> [1562 bytes]","args":[{"selector":{"controlType":"sap.m.Input","viewName":"etm.portal.ui.manageyards.view.New","viewId":"application-manageyards-display-component---NewYard","bindingPath":{"path":"","propertyPath":"/SALES_AREA_VTWEG","modelName":"NewYardModel"},"interaction":{"idSuffix":"inner"}},"wdio_ui5_key":"etmportal.ui.manageyards.view.Newsap.m.Input{\"path\":\"\",\"propertyPath\":\"/SALES_AREA_VTWEG\",\"modelName\":\"NewYardModel\"}"}]}
RESULT: {"script":"<script> [1562 bytes]","args":[{"selector":{"controlType":"sap.m.Input","viewName":"etm.portal.ui.manageyards.view.New","viewId":"application-manageyards-display-component---NewYard","bindingPath":{"path":"","propertyPath":"/SALES_AREA_VTWEG","modelName":"NewYardModel"},"interaction":{"idSuffix":"inner"}},"wdio_ui5_key":"etmportal.ui.manageyards.view.Newsap.m.Input{\"path\":\"\",\"propertyPath\":\"/SALES_AREA_VTWEG\",\"modelName\":\"NewYardModel\"}"}]}
RESULT: undefined
COMMAND: POST /session/0bd35d5034cd75fc8dc44075a41c35a4/execute/async - {"script":"<script> [776 bytes]","args":[{"enterText":"C2","selector":{"controlType":"sap.m.Input","viewName":"etm.portal.ui.manageyards.view.New","viewId":"application-manageyards-display-component---NewYard","bindingPath":{"path":"","propertyPath":"/SALES_AREA_VTWEG","modelName":"NewYardModel"},"interaction":{"idSuffix":"inner"}},"clearTextFirst":true,"interactionType":"ENTER_TEXT"}]}
RESULT: {"script":"<script> [776 bytes]","args":[{"enterText":"C2","selector":{"controlType":"sap.m.Input","viewName":"etm.portal.ui.manageyards.view.New","viewId":"application-manageyards-display-component---NewYard","bindingPath":{"path":"","propertyPath":"/SALES_AREA_VTWEG","modelName":"NewYardModel"},"interaction":{"idSuffix":"inner"}},"clearTextFirst":true,"interactionType":"ENTER_TEXT"}]}
COMMAND: POST /session/0bd35d5034cd75fc8dc44075a41c35a4/execute/async - {"script":"<script> [1562 bytes]","args":[{"selector":{"controlType":"sap.m.Input","viewName":"etm.portal.ui.manageyards.view.New","viewId":"application-manageyards-display-component---NewYard","bindingPath":{"path":"","propertyPath":"/SALES_AREA_SPART","modelName":"NewYardModel"},"interaction":{"idSuffix":"inner"}},"wdio_ui5_key":"etmportal.ui.manageyards.view.Newsap.m.Input{\"path\":\"\",\"propertyPath\":\"/SALES_AREA_SPART\",\"modelName\":\"NewYardModel\"}"}]}
RESULT: {"script":"<script> [1562 bytes]","args":[{"selector":{"controlType":"sap.m.Input","viewName":"etm.portal.ui.manageyards.view.New","viewId":"application-manageyards-display-component---NewYard","bindingPath":{"path":"","propertyPath":"/SALES_AREA_SPART","modelName":"NewYardModel"},"interaction":{"idSuffix":"inner"}},"wdio_ui5_key":"etmportal.ui.manageyards.view.Newsap.m.Input{\"path\":\"\",\"propertyPath\":\"/SALES_AREA_SPART\",\"modelName\":\"NewYardModel\"}"}]}
RESULT: undefined
COMMAND: POST /session/0bd35d5034cd75fc8dc44075a41c35a4/execute/async - {"script":"<script> [776 bytes]","args":[{"enterText":"C2","selector":{"controlType":"sap.m.Input","viewName":"etm.portal.ui.manageyards.view.New","viewId":"application-manageyards-display-component---NewYard","bindingPath":{"path":"","propertyPath":"/SALES_AREA_SPART","modelName":"NewYardModel"},"interaction":{"idSuffix":"inner"}},"clearTextFirst":true,"interactionType":"ENTER_TEXT"}]}
RESULT: {"script":"<script> [776 bytes]","args":[{"enterText":"C2","selector":{"controlType":"sap.m.Input","viewName":"etm.portal.ui.manageyards.view.New","viewId":"application-manageyards-display-component---NewYard","bindingPath":{"path":"","propertyPath":"/SALES_AREA_SPART","modelName":"NewYardModel"},"interaction":{"idSuffix":"inner"}},"clearTextFirst":true,"interactionType":"ENTER_TEXT"}]}
COMMAND: POST /session/0bd35d5034cd75fc8dc44075a41c35a4/execute/async - {"script":"<script> [1562 bytes]","args":[{"selector":{"controlType":"sap.m.Input","viewName":"etm.portal.ui.manageyards.view.New","viewId":"application-manageyards-display-component---NewYard","bindingPath":{"path":"","propertyPath":"/SHIP_POINT","modelName":"NewYardModel"},"interaction":{"idSuffix":"inner"}},"wdio_ui5_key":"etmportal.ui.manageyards.view.Newsap.m.Input{\"path\":\"\",\"propertyPath\":\"/SHIP_POINT\",\"modelName\":\"NewYardModel\"}"}]}
RESULT: {"script":"<script> [1562 bytes]","args":[{"selector":{"controlType":"sap.m.Input","viewName":"etm.portal.ui.manageyards.view.New","viewId":"application-manageyards-display-component---NewYard","bindingPath":{"path":"","propertyPath":"/SHIP_POINT","modelName":"NewYardModel"},"interaction":{"idSuffix":"inner"}},"wdio_ui5_key":"etmportal.ui.manageyards.view.Newsap.m.Input{\"path\":\"\",\"propertyPath\":\"/SHIP_POINT\",\"modelName\":\"NewYardModel\"}"}]}
RESULT: undefined
COMMAND: POST /session/0bd35d5034cd75fc8dc44075a41c35a4/execute/async - {"script":"<script> [776 bytes]","args":[{"enterText":"1710","selector":{"controlType":"sap.m.Input","viewName":"etm.portal.ui.manageyards.view.New","viewId":"application-manageyards-display-component---NewYard","bindingPath":{"path":"","propertyPath":"/SHIP_POINT","modelName":"NewYardModel"},"interaction":{"idSuffix":"inner"}},"clearTextFirst":true,"interactionType":"ENTER_TEXT"}]}
RESULT: {"script":"<script> [776 bytes]","args":[{"enterText":"1710","selector":{"controlType":"sap.m.Input","viewName":"etm.portal.ui.manageyards.view.New","viewId":"application-manageyards-display-component---NewYard","bindingPath":{"path":"","propertyPath":"/SHIP_POINT","modelName":"NewYardModel"},"interaction":{"idSuffix":"inner"}},"clearTextFirst":true,"interactionType":"ENTER_TEXT"}]}
COMMAND: POST /session/0bd35d5034cd75fc8dc44075a41c35a4/execute/async - {"script":"<script> [1562 bytes]","args":[{"selector":{"controlType":"sap.m.Input","viewName":"etm.portal.ui.manageyards.view.New","viewId":"application-manageyards-display-component---NewYard","bindingPath":{"path":"","propertyPath":"/DELIVERY_TYPE","modelName":"NewYardModel"},"interaction":{"idSuffix":"inner"}},"wdio_ui5_key":"etmportal.ui.manageyards.view.Newsap.m.Input{\"path\":\"\",\"propertyPath\":\"/DELIVERY_TYPE\",\"modelName\":\"NewYardModel\"}"}]}
RESULT: {"script":"<script> [1562 bytes]","args":[{"selector":{"controlType":"sap.m.Input","viewName":"etm.portal.ui.manageyards.view.New","viewId":"application-manageyards-display-component---NewYard","bindingPath":{"path":"","propertyPath":"/DELIVERY_TYPE","modelName":"NewYardModel"},"interaction":{"idSuffix":"inner"}},"wdio_ui5_key":"etmportal.ui.manageyards.view.Newsap.m.Input{\"path\":\"\",\"propertyPath\":\"/DELIVERY_TYPE\",\"modelName\":\"NewYardModel\"}"}]}
RESULT: undefined
COMMAND: POST /session/0bd35d5034cd75fc8dc44075a41c35a4/execute/async - {"script":"<script> [776 bytes]","args":[{"enterText":"ZL01","selector":{"controlType":"sap.m.Input","viewName":"etm.portal.ui.manageyards.view.New","viewId":"application-manageyards-display-component---NewYard","bindingPath":{"path":"","propertyPath":"/DELIVERY_TYPE","modelName":"NewYardModel"},"interaction":{"idSuffix":"inner"}},"clearTextFirst":true,"interactionType":"ENTER_TEXT"}]}
RESULT: {"script":"<script> [776 bytes]","args":[{"enterText":"ZL01","selector":{"controlType":"sap.m.Input","viewName":"etm.portal.ui.manageyards.view.New","viewId":"application-manageyards-display-component---NewYard","bindingPath":{"path":"","propertyPath":"/DELIVERY_TYPE","modelName":"NewYardModel"},"interaction":{"idSuffix":"inner"}},"clearTextFirst":true,"interactionType":"ENTER_TEXT"}]}
COMMAND: POST /session/0bd35d5034cd75fc8dc44075a41c35a4/execute/async - {"script":"<script> [1562 bytes]","args":[{"selector":{"controlType":"sap.m.Input","viewName":"etm.portal.ui.manageyards.view.New","viewId":"application-manageyards-display-component---NewYard","bindingPath":{"path":"","propertyPath":"/AUART","modelName":"NewYardModel"},"interaction":{"idSuffix":"inner"}},"wdio_ui5_key":"etmportal.ui.manageyards.view.Newsap.m.Input{\"path\":\"\",\"propertyPath\":\"/AUART\",\"modelName\":\"NewYardModel\"}"}]}
RESULT: {"script":"<script> [1562 bytes]","args":[{"selector":{"controlType":"sap.m.Input","viewName":"etm.portal.ui.manageyards.view.New","viewId":"application-manageyards-display-component---NewYard","bindingPath":{"path":"","propertyPath":"/AUART","modelName":"NewYardModel"},"interaction":{"idSuffix":"inner"}},"wdio_ui5_key":"etmportal.ui.manageyards.view.Newsap.m.Input{\"path\":\"\",\"propertyPath\":\"/AUART\",\"modelName\":\"NewYardModel\"}"}]}
RESULT: undefined
COMMAND: POST /session/0bd35d5034cd75fc8dc44075a41c35a4/execute/async - {"script":"<script> [776 bytes]","args":[{"enterText":"TA","selector":{"controlType":"sap.m.Input","viewName":"etm.portal.ui.manageyards.view.New","viewId":"application-manageyards-display-component---NewYard","bindingPath":{"path":"","propertyPath":"/AUART","modelName":"NewYardModel"},"interaction":{"idSuffix":"inner"}},"clearTextFirst":true,"interactionType":"ENTER_TEXT"}]}
RESULT: {"script":"<script> [776 bytes]","args":[{"enterText":"TA","selector":{"controlType":"sap.m.Input","viewName":"etm.portal.ui.manageyards.view.New","viewId":"application-manageyards-display-component---NewYard","bindingPath":{"path":"","propertyPath":"/AUART","modelName":"NewYardModel"},"interaction":{"idSuffix":"inner"}},"clearTextFirst":true,"interactionType":"ENTER_TEXT"}]}
COMMAND: POST /session/0bd35d5034cd75fc8dc44075a41c35a4/execute/async - {"script":"<script> [1562 bytes]","args":[{"selector":{"controlType":"sap.m.Button","viewName":"etm.portal.ui.manageyards.view.New","viewId":"application-manageyards-display-component---NewYard","i18NText":{"propertyName":"text","key":"save"},"interaction":{"idSuffix":"BDI-content"}},"wdio_ui5_key":"etmportal.ui.manageyards.view.Newsap.m.Button{\"propertyName\":\"text\",\"key\":\"save\"}"}]}
RESULT: {"script":"<script> [1562 bytes]","args":[{"selector":{"controlType":"sap.m.Button","viewName":"etm.portal.ui.manageyards.view.New","viewId":"application-manageyards-display-component---NewYard","i18NText":{"propertyName":"text","key":"save"},"interaction":{"idSuffix":"BDI-content"}},"wdio_ui5_key":"etmportal.ui.manageyards.view.Newsap.m.Button{\"propertyName\":\"text\",\"key\":\"save\"}"}]}
RESULT: undefined
COMMAND: POST /session/0bd35d5034cd75fc8dc44075a41c35a4/element - {"using":"xpath","value":"//*[@id=\"__button18\"]"}
RESULT: {"using":"xpath","value":"//*[@id=\"__button18\"]"}
COMMAND: POST /session/0bd35d5034cd75fc8dc44075a41c35a4/element/f.1DB2A491F1B7C642484AEDF47EA6FD52.d.CAB8997CFB1F122FDE2F0F8F6C072C08.e.10637/click - {}
RESULT: {}
COMMAND: GET /session/0bd35d5034cd75fc8dc44075a41c35a4/screenshot - {}
RESULT: {}
COMMAND: POST /session/0bd35d5034cd75fc8dc44075a41c35a4/execute/async - {"script":"<script> [1562 bytes]","args":[{"selector":{"controlType":"sap.m.Text","viewName":"etm.portal.ui.manageyards.view.Detail","viewId":"application-manageyards-display-component---detailYard","bindingPath":{"propertyPath":"ID","modelName":"catalogModel"}},"wdio_ui5_key":"etmportal.ui.manageyards.view.Detailsap.m.Text{\"propertyPath\":\"ID\",\"modelName\":\"catalogModel\"}"}]}
RESULT: {"script":"<script> [1562 bytes]","args":[{"selector":{"controlType":"sap.m.Text","viewName":"etm.portal.ui.manageyards.view.Detail","viewId":"application-manageyards-display-component---detailYard","bindingPath":{"propertyPath":"ID","modelName":"catalogModel"}},"wdio_ui5_key":"etmportal.ui.manageyards.view.Detailsap.m.Text{\"propertyPath\":\"ID\",\"modelName\":\"catalogModel\"}"}]}
RESULT: undefined
COMMAND: POST /session/0bd35d5034cd75fc8dc44075a41c35a4/execute/async - {"script":"<script> [6424 bytes]","args":[{"element-6066-11e4-a52e-4f735466cecf":"f.1DB2A491F1B7C642484AEDF47EA6FD52.d.CAB8997CFB1F122FDE2F0F8F6C072C08.e.10881"},"getText",[]]}
RESULT: {"script":"<script> [6424 bytes]","args":[{"element-6066-11e4-a52e-4f735466cecf":"f.1DB2A491F1B7C642484AEDF47EA6FD52.d.CAB8997CFB1F122FDE2F0F8F6C072C08.e.10881"},"getText",[]]}
COMMAND: POST /session/0bd35d5034cd75fc8dc44075a41c35a4/element - {"using":"css selector","value":"#shell-header-logo"}
RESULT: {"using":"css selector","value":"#shell-header-logo"}
COMMAND: POST /session/0bd35d5034cd75fc8dc44075a41c35a4/element/f.1DB2A491F1B7C642484AEDF47EA6FD52.d.CAB8997CFB1F122FDE2F0F8F6C072C08.e.10180/click - {}
RESULT: {}
COMMAND: GET /session/0bd35d5034cd75fc8dc44075a41c35a4/screenshot - {}
RESULT: {}
]]></system-out>
    </testcase>
    <testcase classname="chrome.135_0_7049_96.windows.Provide_to_Site_w/o_warehouse_management_w/o_clarification_US116612" name="Should create WHM site" time="60.867">
      <system-out><![CDATA[
COMMAND: POST /session/0bd35d5034cd75fc8dc44075a41c35a4/execute/async - {"script":"<script> [1562 bytes]","args":[{"selector":{"controlType":"sap.m.GenericTile","properties":{"header":"Manage Sites"}},"wdio_ui5_key":"sapm.GenericTile{\"header\":\"Manage Sites\"}"}]}
RESULT: {"script":"<script> [1562 bytes]","args":[{"selector":{"controlType":"sap.m.GenericTile","properties":{"header":"Manage Sites"}},"wdio_ui5_key":"sapm.GenericTile{\"header\":\"Manage Sites\"}"}]}
RESULT: undefined
COMMAND: POST /session/0bd35d5034cd75fc8dc44075a41c35a4/element - {"using":"xpath","value":"//*[@id=\"__tile40\"]"}
RESULT: {"using":"xpath","value":"//*[@id=\"__tile40\"]"}
COMMAND: POST /session/0bd35d5034cd75fc8dc44075a41c35a4/element/f.1DB2A491F1B7C642484AEDF47EA6FD52.d.CAB8997CFB1F122FDE2F0F8F6C072C08.e.10883/click - {}
RESULT: {}
COMMAND: GET /session/0bd35d5034cd75fc8dc44075a41c35a4/screenshot - {}
COMMAND: POST /session/0bd35d5034cd75fc8dc44075a41c35a4/execute/async - {"script":"<script> [1562 bytes]","args":[{"selector":{"controlType":"sap.ui.core.Icon","viewName":"etm.portal.ui.managesites.view.Master","viewId":"application-managesites-display-component---masterSite","properties":{"src":{"regex":{"source":"add"}}}},"wdio_ui5_key":"etmportal.ui.managesites.view.Mastersap.ui.core.Icon{\"src\":{\"regex\":{\"source\":\"add\"}}}"}]}
RESULT: {}
RESULT: {"script":"<script> [1562 bytes]","args":[{"selector":{"controlType":"sap.ui.core.Icon","viewName":"etm.portal.ui.managesites.view.Master","viewId":"application-managesites-display-component---masterSite","properties":{"src":{"regex":{"source":"add"}}}},"wdio_ui5_key":"etmportal.ui.managesites.view.Mastersap.ui.core.Icon{\"src\":{\"regex\":{\"source\":\"add\"}}}"}]}
RESULT: undefined
COMMAND: POST /session/0bd35d5034cd75fc8dc44075a41c35a4/element - {"using":"xpath","value":"//*[@id=\"__button64-img\"]"}
RESULT: {"using":"xpath","value":"//*[@id=\"__button64-img\"]"}
COMMAND: POST /session/0bd35d5034cd75fc8dc44075a41c35a4/element/f.1DB2A491F1B7C642484AEDF47EA6FD52.d.CAB8997CFB1F122FDE2F0F8F6C072C08.e.10932/click - {}
RESULT: {}
COMMAND: GET /session/0bd35d5034cd75fc8dc44075a41c35a4/screenshot - {}
COMMAND: POST /session/0bd35d5034cd75fc8dc44075a41c35a4/execute/async - {"script":"<script> [1562 bytes]","args":[{"selector":{"controlType":"sap.m.Button","viewName":"etm.portal.ui.managesites.view.NewSmartSite","viewId":"application-managesites-display-component---NewSite","properties":{"text":"General Information"},"interaction":{"idSuffix":"BDI-content"}},"wdio_ui5_key":"etmportal.ui.managesites.view.NewSmartSitesap.m.Button{\"text\":\"General Information\"}"}]}
RESULT: {}
RESULT: {"script":"<script> [1562 bytes]","args":[{"selector":{"controlType":"sap.m.Button","viewName":"etm.portal.ui.managesites.view.NewSmartSite","viewId":"application-managesites-display-component---NewSite","properties":{"text":"General Information"},"interaction":{"idSuffix":"BDI-content"}},"wdio_ui5_key":"etmportal.ui.managesites.view.NewSmartSitesap.m.Button{\"text\":\"General Information\"}"}]}
RESULT: undefined
COMMAND: POST /session/0bd35d5034cd75fc8dc44075a41c35a4/element - {"using":"xpath","value":"//*[@id=\"application-managesites-display-component---NewSite--ObjectPageLayout-anchBar-__section31-anchor\"]"}
RESULT: {"using":"xpath","value":"//*[@id=\"application-managesites-display-component---NewSite--ObjectPageLayout-anchBar-__section31-anchor\"]"}
COMMAND: POST /session/0bd35d5034cd75fc8dc44075a41c35a4/element/f.1DB2A491F1B7C642484AEDF47EA6FD52.d.CAB8997CFB1F122FDE2F0F8F6C072C08.e.11316/click - {}
RESULT: {}
COMMAND: POST /session/0bd35d5034cd75fc8dc44075a41c35a4/execute/async - {"script":"<script> [1562 bytes]","args":[{"selector":{"id":"application-managesites-display-component---NewSite--addressDetailDetailsName1","interaction":{"idSuffix":"inner"}},"wdio_ui5_key":"applicationmanagesites-display-component---NewSite--addressDetailDetailsName1"}]}
COMMAND: GET /session/0bd35d5034cd75fc8dc44075a41c35a4/screenshot - {}
RESULT: {"script":"<script> [1562 bytes]","args":[{"selector":{"id":"application-managesites-display-component---NewSite--addressDetailDetailsName1","interaction":{"idSuffix":"inner"}},"wdio_ui5_key":"applicationmanagesites-display-component---NewSite--addressDetailDetailsName1"}]}
RESULT: undefined
COMMAND: POST /session/0bd35d5034cd75fc8dc44075a41c35a4/execute/async - {"script":"<script> [776 bytes]","args":[{"enterText":"WDI5 WHM Site","selector":{"id":"application-managesites-display-component---NewSite--addressDetailDetailsName1","interaction":{"idSuffix":"inner"}},"clearTextFirst":true,"interactionType":"ENTER_TEXT"}]}
RESULT: {}
RESULT: {"script":"<script> [776 bytes]","args":[{"enterText":"WDI5 WHM Site","selector":{"id":"application-managesites-display-component---NewSite--addressDetailDetailsName1","interaction":{"idSuffix":"inner"}},"clearTextFirst":true,"interactionType":"ENTER_TEXT"}]}
COMMAND: POST /session/0bd35d5034cd75fc8dc44075a41c35a4/execute/async - {"script":"<script> [1562 bytes]","args":[{"selector":{"id":"application-managesites-display-component---NewSite--addressDetailDetailsLanguage","interaction":{"idSuffix":"inner"}},"wdio_ui5_key":"applicationmanagesites-display-component---NewSite--addressDetailDetailsLanguage"}]}
RESULT: {"script":"<script> [1562 bytes]","args":[{"selector":{"id":"application-managesites-display-component---NewSite--addressDetailDetailsLanguage","interaction":{"idSuffix":"inner"}},"wdio_ui5_key":"applicationmanagesites-display-component---NewSite--addressDetailDetailsLanguage"}]}
RESULT: undefined
COMMAND: POST /session/0bd35d5034cd75fc8dc44075a41c35a4/execute/async - {"script":"<script> [776 bytes]","args":[{"enterText":"Romanian","selector":{"id":"application-managesites-display-component---NewSite--addressDetailDetailsLanguage","interaction":{"idSuffix":"inner"}},"clearTextFirst":true,"interactionType":"ENTER_TEXT"}]}
RESULT: {"script":"<script> [776 bytes]","args":[{"enterText":"Romanian","selector":{"id":"application-managesites-display-component---NewSite--addressDetailDetailsLanguage","interaction":{"idSuffix":"inner"}},"clearTextFirst":true,"interactionType":"ENTER_TEXT"}]}
COMMAND: POST /session/0bd35d5034cd75fc8dc44075a41c35a4/execute/async - {"script":"<script> [1562 bytes]","args":[{"selector":{"id":"application-managesites-display-component---NewSite--addressDetailDetailsCity1","interaction":{"idSuffix":"inner"}},"wdio_ui5_key":"applicationmanagesites-display-component---NewSite--addressDetailDetailsCity1"}]}
RESULT: {"script":"<script> [1562 bytes]","args":[{"selector":{"id":"application-managesites-display-component---NewSite--addressDetailDetailsCity1","interaction":{"idSuffix":"inner"}},"wdio_ui5_key":"applicationmanagesites-display-component---NewSite--addressDetailDetailsCity1"}]}
RESULT: undefined
COMMAND: POST /session/0bd35d5034cd75fc8dc44075a41c35a4/execute/async - {"script":"<script> [776 bytes]","args":[{"enterText":"Bucharest","selector":{"id":"application-managesites-display-component---NewSite--addressDetailDetailsCity1","interaction":{"idSuffix":"inner"}},"clearTextFirst":true,"interactionType":"ENTER_TEXT"}]}
RESULT: {"script":"<script> [776 bytes]","args":[{"enterText":"Bucharest","selector":{"id":"application-managesites-display-component---NewSite--addressDetailDetailsCity1","interaction":{"idSuffix":"inner"}},"clearTextFirst":true,"interactionType":"ENTER_TEXT"}]}
COMMAND: POST /session/0bd35d5034cd75fc8dc44075a41c35a4/execute/async - {"script":"<script> [1562 bytes]","args":[{"selector":{"id":"application-managesites-display-component---NewSite--addressDetailDetailsCountry","interaction":{"idSuffix":"inner"}},"wdio_ui5_key":"applicationmanagesites-display-component---NewSite--addressDetailDetailsCountry"}]}
RESULT: {"script":"<script> [1562 bytes]","args":[{"selector":{"id":"application-managesites-display-component---NewSite--addressDetailDetailsCountry","interaction":{"idSuffix":"inner"}},"wdio_ui5_key":"applicationmanagesites-display-component---NewSite--addressDetailDetailsCountry"}]}
RESULT: undefined
COMMAND: POST /session/0bd35d5034cd75fc8dc44075a41c35a4/execute/async - {"script":"<script> [6424 bytes]","args":[{"element-6066-11e4-a52e-4f735466cecf":"f.1DB2A491F1B7C642484AEDF47EA6FD52.d.CAB8997CFB1F122FDE2F0F8F6C072C08.e.11115"},"setValue",["Romania"]]}
RESULT: {"script":"<script> [6424 bytes]","args":[{"element-6066-11e4-a52e-4f735466cecf":"f.1DB2A491F1B7C642484AEDF47EA6FD52.d.CAB8997CFB1F122FDE2F0F8F6C072C08.e.11115"},"setValue",["Romania"]]}
COMMAND: POST /session/0bd35d5034cd75fc8dc44075a41c35a4/execute/async - {"script":"<script> [1562 bytes]","args":[{"selector":{"id":"application-managesites-display-component---NewSite--addressDetailDetailsCalendar","interaction":{"idSuffix":"inner"}},"wdio_ui5_key":"applicationmanagesites-display-component---NewSite--addressDetailDetailsCalendar"}]}
RESULT: {"script":"<script> [1562 bytes]","args":[{"selector":{"id":"application-managesites-display-component---NewSite--addressDetailDetailsCalendar","interaction":{"idSuffix":"inner"}},"wdio_ui5_key":"applicationmanagesites-display-component---NewSite--addressDetailDetailsCalendar"}]}
RESULT: undefined
COMMAND: POST /session/0bd35d5034cd75fc8dc44075a41c35a4/execute/async - {"script":"<script> [776 bytes]","args":[{"enterText":"8 - Germany (Standard)","selector":{"id":"application-managesites-display-component---NewSite--addressDetailDetailsCalendar","interaction":{"idSuffix":"inner"}},"clearTextFirst":true,"interactionType":"ENTER_TEXT"}]}
RESULT: {"script":"<script> [776 bytes]","args":[{"enterText":"8 - Germany (Standard)","selector":{"id":"application-managesites-display-component---NewSite--addressDetailDetailsCalendar","interaction":{"idSuffix":"inner"}},"clearTextFirst":true,"interactionType":"ENTER_TEXT"}]}
COMMAND: POST /session/0bd35d5034cd75fc8dc44075a41c35a4/element - {"using":"xpath","value":"//input[@id=\"application-managesites-display-component---NewSite--addressDetailDetailsYard-inner\"]"}
RESULT: {"using":"xpath","value":"//input[@id=\"application-managesites-display-component---NewSite--addressDetailDetailsYard-inner\"]"}
COMMAND: POST /session/0bd35d5034cd75fc8dc44075a41c35a4/element/f.1DB2A491F1B7C642484AEDF47EA6FD52.d.CAB8997CFB1F122FDE2F0F8F6C072C08.e.11126/clear - {}
RESULT: {}
COMMAND: POST /session/0bd35d5034cd75fc8dc44075a41c35a4/element/f.1DB2A491F1B7C642484AEDF47EA6FD52.d.CAB8997CFB1F122FDE2F0F8F6C072C08.e.11126/value - {"text":"623"}
COMMAND: GET /session/0bd35d5034cd75fc8dc44075a41c35a4/screenshot - {}
RESULT: {"text":"623"}
COMMAND: GET /session/0bd35d5034cd75fc8dc44075a41c35a4/screenshot - {}
RESULT: {}
RESULT: {}
COMMAND: POST /session/0bd35d5034cd75fc8dc44075a41c35a4/execute/async - {"script":"<script> [1562 bytes]","args":[{"selector":{"controlType":"sap.m.Button","viewName":"etm.portal.ui.managesites.view.NewSmartSite","viewId":"application-managesites-display-component---NewSite","properties":{"text":"Commercial"},"interaction":{"idSuffix":"BDI-content"}},"wdio_ui5_key":"etmportal.ui.managesites.view.NewSmartSitesap.m.Button{\"text\":\"Commercial\"}"}]}
RESULT: {"script":"<script> [1562 bytes]","args":[{"selector":{"controlType":"sap.m.Button","viewName":"etm.portal.ui.managesites.view.NewSmartSite","viewId":"application-managesites-display-component---NewSite","properties":{"text":"Commercial"},"interaction":{"idSuffix":"BDI-content"}},"wdio_ui5_key":"etmportal.ui.managesites.view.NewSmartSitesap.m.Button{\"text\":\"Commercial\"}"}]}
RESULT: undefined
COMMAND: POST /session/0bd35d5034cd75fc8dc44075a41c35a4/element - {"using":"xpath","value":"//*[@id=\"application-managesites-display-component---NewSite--ObjectPageLayout-anchBar-__section33-anchor\"]"}
RESULT: {"using":"xpath","value":"//*[@id=\"application-managesites-display-component---NewSite--ObjectPageLayout-anchBar-__section33-anchor\"]"}
COMMAND: POST /session/0bd35d5034cd75fc8dc44075a41c35a4/element/f.1DB2A491F1B7C642484AEDF47EA6FD52.d.CAB8997CFB1F122FDE2F0F8F6C072C08.e.11343/click - {}
RESULT: {}
COMMAND: POST /session/0bd35d5034cd75fc8dc44075a41c35a4/execute/async - {"script":"<script> [1562 bytes]","args":[{"selector":{"controlType":"sap.m.Button","viewName":"etm.portal.ui.managesites.view.NewSmartSite","viewId":"application-managesites-display-component---NewSite","i18NText":{"propertyName":"text","key":"save"},"interaction":{"idSuffix":"BDI-content"}},"wdio_ui5_key":"etmportal.ui.managesites.view.NewSmartSitesap.m.Button{\"propertyName\":\"text\",\"key\":\"save\"}"}]}
COMMAND: GET /session/0bd35d5034cd75fc8dc44075a41c35a4/screenshot - {}
RESULT: {"script":"<script> [1562 bytes]","args":[{"selector":{"controlType":"sap.m.Button","viewName":"etm.portal.ui.managesites.view.NewSmartSite","viewId":"application-managesites-display-component---NewSite","i18NText":{"propertyName":"text","key":"save"},"interaction":{"idSuffix":"BDI-content"}},"wdio_ui5_key":"etmportal.ui.managesites.view.NewSmartSitesap.m.Button{\"propertyName\":\"text\",\"key\":\"save\"}"}]}
RESULT: undefined
COMMAND: POST /session/0bd35d5034cd75fc8dc44075a41c35a4/element - {"using":"xpath","value":"//*[@id=\"__button76\"]"}
RESULT: {}
RESULT: {"using":"xpath","value":"//*[@id=\"__button76\"]"}
COMMAND: POST /session/0bd35d5034cd75fc8dc44075a41c35a4/element/f.1DB2A491F1B7C642484AEDF47EA6FD52.d.CAB8997CFB1F122FDE2F0F8F6C072C08.e.11300/click - {}
RESULT: {}
COMMAND: GET /session/0bd35d5034cd75fc8dc44075a41c35a4/screenshot - {}
RESULT: {}
COMMAND: POST /session/0bd35d5034cd75fc8dc44075a41c35a4/execute/async - {"script":"<script> [1562 bytes]","args":[{"selector":{"controlType":"sap.m.Text","viewName":"etm.portal.ui.managesites.view.Detail","viewId":"application-managesites-display-component---detailSite","bindingPath":{"propertyPath":"ID","modelName":"catalogModel"}},"wdio_ui5_key":"etmportal.ui.managesites.view.Detailsap.m.Text{\"propertyPath\":\"ID\",\"modelName\":\"catalogModel\"}"}]}
RESULT: {"script":"<script> [1562 bytes]","args":[{"selector":{"controlType":"sap.m.Text","viewName":"etm.portal.ui.managesites.view.Detail","viewId":"application-managesites-display-component---detailSite","bindingPath":{"propertyPath":"ID","modelName":"catalogModel"}},"wdio_ui5_key":"etmportal.ui.managesites.view.Detailsap.m.Text{\"propertyPath\":\"ID\",\"modelName\":\"catalogModel\"}"}]}
RESULT: undefined
COMMAND: POST /session/0bd35d5034cd75fc8dc44075a41c35a4/execute/async - {"script":"<script> [6424 bytes]","args":[{"element-6066-11e4-a52e-4f735466cecf":"f.1DB2A491F1B7C642484AEDF47EA6FD52.d.CAB8997CFB1F122FDE2F0F8F6C072C08.e.11545"},"getText",[]]}
RESULT: {"script":"<script> [6424 bytes]","args":[{"element-6066-11e4-a52e-4f735466cecf":"f.1DB2A491F1B7C642484AEDF47EA6FD52.d.CAB8997CFB1F122FDE2F0F8F6C072C08.e.11545"},"getText",[]]}
COMMAND: POST /session/0bd35d5034cd75fc8dc44075a41c35a4/execute/async - {"script":"<script> [1562 bytes]","args":[{"selector":{"controlType":"sap.m.Label","viewName":"etm.portal.ui.managesites.view.Detail","viewId":"application-managesites-display-component---detailSite","i18NText":{"propertyName":"text","key":"status"}},"wdio_ui5_key":"etmportal.ui.managesites.view.Detailsap.m.Label{\"propertyName\":\"text\",\"key\":\"status\"}"}]}
RESULT: {"script":"<script> [1562 bytes]","args":[{"selector":{"controlType":"sap.m.Label","viewName":"etm.portal.ui.managesites.view.Detail","viewId":"application-managesites-display-component---detailSite","i18NText":{"propertyName":"text","key":"status"}},"wdio_ui5_key":"etmportal.ui.managesites.view.Detailsap.m.Label{\"propertyName\":\"text\",\"key\":\"status\"}"}]}
RESULT: undefined
COMMAND: POST /session/0bd35d5034cd75fc8dc44075a41c35a4/execute/async - {"script":"<script> [6424 bytes]","args":[{"element-6066-11e4-a52e-4f735466cecf":"f.1DB2A491F1B7C642484AEDF47EA6FD52.d.CAB8997CFB1F122FDE2F0F8F6C072C08.e.11533"},"getText",[]]}
RESULT: {"script":"<script> [6424 bytes]","args":[{"element-6066-11e4-a52e-4f735466cecf":"f.1DB2A491F1B7C642484AEDF47EA6FD52.d.CAB8997CFB1F122FDE2F0F8F6C072C08.e.11533"},"getText",[]]}
RESULT: undefined
COMMAND: POST /session/0bd35d5034cd75fc8dc44075a41c35a4/element - {"using":"xpath","value":"//*[@id=\"shell-header\"]"}
RESULT: {"using":"xpath","value":"//*[@id=\"shell-header\"]"}
COMMAND: POST /session/0bd35d5034cd75fc8dc44075a41c35a4/element/f.1DB2A491F1B7C642484AEDF47EA6FD52.d.CAB8997CFB1F122FDE2F0F8F6C072C08.e.11546/click - {}
RESULT: {}
COMMAND: POST /session/0bd35d5034cd75fc8dc44075a41c35a4/element - {"using":"css selector","value":"#shell-header-logo"}
COMMAND: GET /session/0bd35d5034cd75fc8dc44075a41c35a4/screenshot - {}
RESULT: {"using":"css selector","value":"#shell-header-logo"}
COMMAND: POST /session/0bd35d5034cd75fc8dc44075a41c35a4/element/f.1DB2A491F1B7C642484AEDF47EA6FD52.d.CAB8997CFB1F122FDE2F0F8F6C072C08.e.10886/click - {}
RESULT: {}
RESULT: {}
]]></system-out>
    </testcase>
    <testcase classname="chrome.135_0_7049_96.windows.Provide_to_Site_w/o_warehouse_management_w/o_clarification_US116612" name="Should create WHM Partner" time="61.771">
      <system-out><![CDATA[
COMMAND: POST /session/0bd35d5034cd75fc8dc44075a41c35a4/execute/async - {"script":"<script> [1562 bytes]","args":[{"selector":{"controlType":"sap.m.GenericTile","properties":{"header":"Manage Partners"}},"wdio_ui5_key":"sapm.GenericTile{\"header\":\"Manage Partners\"}"}]}
COMMAND: GET /session/0bd35d5034cd75fc8dc44075a41c35a4/screenshot - {}
RESULT: {"script":"<script> [1562 bytes]","args":[{"selector":{"controlType":"sap.m.GenericTile","properties":{"header":"Manage Partners"}},"wdio_ui5_key":"sapm.GenericTile{\"header\":\"Manage Partners\"}"}]}
RESULT: undefined
COMMAND: POST /session/0bd35d5034cd75fc8dc44075a41c35a4/element - {"using":"xpath","value":"//*[@id=\"__tile38\"]"}
RESULT: {}
RESULT: {"using":"xpath","value":"//*[@id=\"__tile38\"]"}
COMMAND: POST /session/0bd35d5034cd75fc8dc44075a41c35a4/element/f.1DB2A491F1B7C642484AEDF47EA6FD52.d.CAB8997CFB1F122FDE2F0F8F6C072C08.e.11551/click - {}
RESULT: {}
COMMAND: GET /session/0bd35d5034cd75fc8dc44075a41c35a4/screenshot - {}
COMMAND: POST /session/0bd35d5034cd75fc8dc44075a41c35a4/element - {"using":"xpath","value":"//button[(@data-kt = 'addButton')]"}
RESULT: {}
RESULT: {"using":"xpath","value":"//button[(@data-kt = 'addButton')]"}
COMMAND: POST /session/0bd35d5034cd75fc8dc44075a41c35a4/elements - {"using":"xpath","value":"//button[(@data-kt = 'addButton')]"}
RESULT: {"using":"xpath","value":"//button[(@data-kt = 'addButton')]"}
COMMAND: POST /session/0bd35d5034cd75fc8dc44075a41c35a4/elements - {"using":"xpath","value":"//button[(@data-kt = 'addButton')]"}
RESULT: {"using":"xpath","value":"//button[(@data-kt = 'addButton')]"}
COMMAND: POST /session/0bd35d5034cd75fc8dc44075a41c35a4/element - {"using":"xpath","value":"//button[(@data-kt = 'addButton')]"}
RESULT: {"using":"xpath","value":"//button[(@data-kt = 'addButton')]"}
COMMAND: POST /session/0bd35d5034cd75fc8dc44075a41c35a4/element/f.1DB2A491F1B7C642484AEDF47EA6FD52.d.CAB8997CFB1F122FDE2F0F8F6C072C08.e.11587/click - {}
RESULT: {}
COMMAND: POST /session/0bd35d5034cd75fc8dc44075a41c35a4/execute/async - {"script":"<script> [1562 bytes]","args":[{"selector":{"id":"application-managepartners-display-component---NewPartner--addressDetailDetailsName1","interaction":{"idSuffix":"inner"}},"wdio_ui5_key":"applicationmanagepartners-display-component---NewPartner--addressDetailDetailsName1"}]}
COMMAND: GET /session/0bd35d5034cd75fc8dc44075a41c35a4/screenshot - {}
RESULT: {"script":"<script> [1562 bytes]","args":[{"selector":{"id":"application-managepartners-display-component---NewPartner--addressDetailDetailsName1","interaction":{"idSuffix":"inner"}},"wdio_ui5_key":"applicationmanagepartners-display-component---NewPartner--addressDetailDetailsName1"}]}
RESULT: undefined
COMMAND: POST /session/0bd35d5034cd75fc8dc44075a41c35a4/execute/async - {"script":"<script> [776 bytes]","args":[{"enterText":"WDI5-Partners","selector":{"id":"application-managepartners-display-component---NewPartner--addressDetailDetailsName1","interaction":{"idSuffix":"inner"}},"clearTextFirst":true,"interactionType":"ENTER_TEXT"}]}
RESULT: {}
RESULT: {"script":"<script> [776 bytes]","args":[{"enterText":"WDI5-Partners","selector":{"id":"application-managepartners-display-component---NewPartner--addressDetailDetailsName1","interaction":{"idSuffix":"inner"}},"clearTextFirst":true,"interactionType":"ENTER_TEXT"}]}
COMMAND: POST /session/0bd35d5034cd75fc8dc44075a41c35a4/execute/async - {"script":"<script> [1562 bytes]","args":[{"selector":{"id":"application-managepartners-display-component---NewPartner--addressDetailDetailsLanguage-arrow"},"wdio_ui5_key":"applicationmanagepartners-display-component---NewPartner--addressDetailDetailsLanguage-arrow"}]}
RESULT: {"script":"<script> [1562 bytes]","args":[{"selector":{"id":"application-managepartners-display-component---NewPartner--addressDetailDetailsLanguage-arrow"},"wdio_ui5_key":"applicationmanagepartners-display-component---NewPartner--addressDetailDetailsLanguage-arrow"}]}
RESULT: undefined
COMMAND: POST /session/0bd35d5034cd75fc8dc44075a41c35a4/element - {"using":"xpath","value":"//*[@id=\"application-managepartners-display-component---NewPartner--addressDetailDetailsLanguage-arrow\"]"}
RESULT: {"using":"xpath","value":"//*[@id=\"application-managepartners-display-component---NewPartner--addressDetailDetailsLanguage-arrow\"]"}
COMMAND: POST /session/0bd35d5034cd75fc8dc44075a41c35a4/element/f.1DB2A491F1B7C642484AEDF47EA6FD52.d.CAB8997CFB1F122FDE2F0F8F6C072C08.e.12014/click - {}
RESULT: {}
COMMAND: POST /session/0bd35d5034cd75fc8dc44075a41c35a4/execute/async - {"script":"<script> [1562 bytes]","args":[{"selector":{"controlType":"sap.m.StandardListItem","viewName":"etm.portal.ui.managepartners.view.NewPartner","viewId":"application-managepartners-display-component---NewPartner","properties":{"title":"English"},"searchOpenDialogs":true,"interaction":{"idSuffix":"content"}},"wdio_ui5_key":"etmportal.ui.managepartners.view.NewPartnersap.m.StandardListItem{\"title\":\"English\"}"}]}
COMMAND: GET /session/0bd35d5034cd75fc8dc44075a41c35a4/screenshot - {}
RESULT: {"script":"<script> [1562 bytes]","args":[{"selector":{"controlType":"sap.m.StandardListItem","viewName":"etm.portal.ui.managepartners.view.NewPartner","viewId":"application-managepartners-display-component---NewPartner","properties":{"title":"English"},"searchOpenDialogs":true,"interaction":{"idSuffix":"content"}},"wdio_ui5_key":"etmportal.ui.managepartners.view.NewPartnersap.m.StandardListItem{\"title\":\"English\"}"}]}
RESULT: undefined
COMMAND: POST /session/0bd35d5034cd75fc8dc44075a41c35a4/element - {"using":"xpath","value":"//*[@id=\"__item1391\"]"}
RESULT: {}
RESULT: {"using":"xpath","value":"//*[@id=\"__item1391\"]"}
COMMAND: POST /session/0bd35d5034cd75fc8dc44075a41c35a4/element/f.1DB2A491F1B7C642484AEDF47EA6FD52.d.CAB8997CFB1F122FDE2F0F8F6C072C08.e.12016/click - {}
RESULT: {}
COMMAND: POST /session/0bd35d5034cd75fc8dc44075a41c35a4/execute/async - {"script":"<script> [1562 bytes]","args":[{"selector":{"id":"application-managepartners-display-component---NewPartner--addressDetailDetailsCity1","interaction":{"idSuffix":"inner"}},"wdio_ui5_key":"applicationmanagepartners-display-component---NewPartner--addressDetailDetailsCity1"}]}
COMMAND: GET /session/0bd35d5034cd75fc8dc44075a41c35a4/screenshot - {}
RESULT: {"script":"<script> [1562 bytes]","args":[{"selector":{"id":"application-managepartners-display-component---NewPartner--addressDetailDetailsCity1","interaction":{"idSuffix":"inner"}},"wdio_ui5_key":"applicationmanagepartners-display-component---NewPartner--addressDetailDetailsCity1"}]}
RESULT: undefined
COMMAND: POST /session/0bd35d5034cd75fc8dc44075a41c35a4/execute/async - {"script":"<script> [776 bytes]","args":[{"enterText":"Bangalore","selector":{"id":"application-managepartners-display-component---NewPartner--addressDetailDetailsCity1","interaction":{"idSuffix":"inner"}},"clearTextFirst":true,"interactionType":"ENTER_TEXT"}]}
RESULT: {}
RESULT: {"script":"<script> [776 bytes]","args":[{"enterText":"Bangalore","selector":{"id":"application-managepartners-display-component---NewPartner--addressDetailDetailsCity1","interaction":{"idSuffix":"inner"}},"clearTextFirst":true,"interactionType":"ENTER_TEXT"}]}
COMMAND: POST /session/0bd35d5034cd75fc8dc44075a41c35a4/execute/async - {"script":"<script> [1562 bytes]","args":[{"selector":{"id":"application-managepartners-display-component---NewPartner--addressDetailDetailsCountry-arrow"},"wdio_ui5_key":"applicationmanagepartners-display-component---NewPartner--addressDetailDetailsCountry-arrow"}]}
RESULT: {"script":"<script> [1562 bytes]","args":[{"selector":{"id":"application-managepartners-display-component---NewPartner--addressDetailDetailsCountry-arrow"},"wdio_ui5_key":"applicationmanagepartners-display-component---NewPartner--addressDetailDetailsCountry-arrow"}]}
RESULT: undefined
COMMAND: POST /session/0bd35d5034cd75fc8dc44075a41c35a4/element - {"using":"xpath","value":"//*[@id=\"application-managepartners-display-component---NewPartner--addressDetailDetailsCountry-arrow\"]"}
RESULT: {"using":"xpath","value":"//*[@id=\"application-managepartners-display-component---NewPartner--addressDetailDetailsCountry-arrow\"]"}
COMMAND: POST /session/0bd35d5034cd75fc8dc44075a41c35a4/element/f.1DB2A491F1B7C642484AEDF47EA6FD52.d.CAB8997CFB1F122FDE2F0F8F6C072C08.e.12018/click - {}
RESULT: {}
COMMAND: POST /session/0bd35d5034cd75fc8dc44075a41c35a4/execute/async - {"script":"<script> [1562 bytes]","args":[{"selector":{"id":"application-managepartners-display-component---NewPartner--addressDetailDetailsCountry","interaction":{"idSuffix":"inner"}},"wdio_ui5_key":"applicationmanagepartners-display-component---NewPartner--addressDetailDetailsCountry"}]}
COMMAND: GET /session/0bd35d5034cd75fc8dc44075a41c35a4/screenshot - {}
RESULT: {"script":"<script> [1562 bytes]","args":[{"selector":{"id":"application-managepartners-display-component---NewPartner--addressDetailDetailsCountry","interaction":{"idSuffix":"inner"}},"wdio_ui5_key":"applicationmanagepartners-display-component---NewPartner--addressDetailDetailsCountry"}]}
RESULT: undefined
COMMAND: POST /session/0bd35d5034cd75fc8dc44075a41c35a4/execute/async - {"script":"<script> [776 bytes]","args":[{"enterText":"India","selector":{"id":"application-managepartners-display-component---NewPartner--addressDetailDetailsCountry","interaction":{"idSuffix":"inner"}},"clearTextFirst":true,"interactionType":"ENTER_TEXT"}]}
RESULT: {}
RESULT: {"script":"<script> [776 bytes]","args":[{"enterText":"India","selector":{"id":"application-managepartners-display-component---NewPartner--addressDetailDetailsCountry","interaction":{"idSuffix":"inner"}},"clearTextFirst":true,"interactionType":"ENTER_TEXT"}]}
COMMAND: POST /session/0bd35d5034cd75fc8dc44075a41c35a4/execute/async - {"script":"<script> [1562 bytes]","args":[{"selector":{"controlType":"sap.m.StandardListItem","viewName":"etm.portal.ui.managepartners.view.NewPartner","viewId":"application-managepartners-display-component---NewPartner","properties":{"title":"India"},"searchOpenDialogs":true,"interaction":{"idSuffix":"content"}},"wdio_ui5_key":"etmportal.ui.managepartners.view.NewPartnersap.m.StandardListItem{\"title\":\"India\"}"}]}
RESULT: {"script":"<script> [1562 bytes]","args":[{"selector":{"controlType":"sap.m.StandardListItem","viewName":"etm.portal.ui.managepartners.view.NewPartner","viewId":"application-managepartners-display-component---NewPartner","properties":{"title":"India"},"searchOpenDialogs":true,"interaction":{"idSuffix":"content"}},"wdio_ui5_key":"etmportal.ui.managepartners.view.NewPartnersap.m.StandardListItem{\"title\":\"India\"}"}]}
RESULT: undefined
COMMAND: POST /session/0bd35d5034cd75fc8dc44075a41c35a4/execute/async - {"script":"<script> [1562 bytes]","args":[{"selector":{"controlType":"sap.m.Button","viewName":"etm.portal.ui.managepartners.view.NewPartner","viewId":"application-managepartners-display-component---NewPartner","properties":{"text":"Commercial"},"interaction":{"idSuffix":"BDI-content"}},"wdio_ui5_key":"etmportal.ui.managepartners.view.NewPartnersap.m.Button{\"text\":\"Commercial\"}"}]}
RESULT: {"script":"<script> [1562 bytes]","args":[{"selector":{"controlType":"sap.m.Button","viewName":"etm.portal.ui.managepartners.view.NewPartner","viewId":"application-managepartners-display-component---NewPartner","properties":{"text":"Commercial"},"interaction":{"idSuffix":"BDI-content"}},"wdio_ui5_key":"etmportal.ui.managepartners.view.NewPartnersap.m.Button{\"text\":\"Commercial\"}"}]}
RESULT: undefined
COMMAND: POST /session/0bd35d5034cd75fc8dc44075a41c35a4/element - {"using":"xpath","value":"//*[@id=\"application-managepartners-display-component---NewPartner--ObjectPageLayout-anchBar-__section57-anchor\"]"}
RESULT: {"using":"xpath","value":"//*[@id=\"application-managepartners-display-component---NewPartner--ObjectPageLayout-anchBar-__section57-anchor\"]"}
COMMAND: POST /session/0bd35d5034cd75fc8dc44075a41c35a4/element/f.1DB2A491F1B7C642484AEDF47EA6FD52.d.CAB8997CFB1F122FDE2F0F8F6C072C08.e.12023/click - {}
RESULT: {}
COMMAND: POST /session/0bd35d5034cd75fc8dc44075a41c35a4/execute/async - {"script":"<script> [1562 bytes]","args":[{"selector":{"id":"application-managepartners-display-component---NewPartner--partnerDetailInternal-arrow"},"wdio_ui5_key":"applicationmanagepartners-display-component---NewPartner--partnerDetailInternal-arrow"}]}
COMMAND: GET /session/0bd35d5034cd75fc8dc44075a41c35a4/screenshot - {}
RESULT: {"script":"<script> [1562 bytes]","args":[{"selector":{"id":"application-managepartners-display-component---NewPartner--partnerDetailInternal-arrow"},"wdio_ui5_key":"applicationmanagepartners-display-component---NewPartner--partnerDetailInternal-arrow"}]}
RESULT: undefined
COMMAND: POST /session/0bd35d5034cd75fc8dc44075a41c35a4/element - {"using":"xpath","value":"//*[@id=\"application-managepartners-display-component---NewPartner--partnerDetailInternal-arrow\"]"}
RESULT: {}
RESULT: {"using":"xpath","value":"//*[@id=\"application-managepartners-display-component---NewPartner--partnerDetailInternal-arrow\"]"}
COMMAND: POST /session/0bd35d5034cd75fc8dc44075a41c35a4/element/f.1DB2A491F1B7C642484AEDF47EA6FD52.d.CAB8997CFB1F122FDE2F0F8F6C072C08.e.12028/click - {}
RESULT: {}
COMMAND: POST /session/0bd35d5034cd75fc8dc44075a41c35a4/execute/async - {"script":"<script> [1562 bytes]","args":[{"selector":{"controlType":"sap.m.StandardListItem","viewName":"etm.portal.ui.managepartners.view.NewPartner","viewId":"application-managepartners-display-component---NewPartner","properties":{"title":"External partner"},"searchOpenDialogs":true,"interaction":{"idSuffix":"content"}},"wdio_ui5_key":"etmportal.ui.managepartners.view.NewPartnersap.m.StandardListItem{\"title\":\"External partner\"}"}]}
COMMAND: GET /session/0bd35d5034cd75fc8dc44075a41c35a4/screenshot - {}
RESULT: {"script":"<script> [1562 bytes]","args":[{"selector":{"controlType":"sap.m.StandardListItem","viewName":"etm.portal.ui.managepartners.view.NewPartner","viewId":"application-managepartners-display-component---NewPartner","properties":{"title":"External partner"},"searchOpenDialogs":true,"interaction":{"idSuffix":"content"}},"wdio_ui5_key":"etmportal.ui.managepartners.view.NewPartnersap.m.StandardListItem{\"title\":\"External partner\"}"}]}
RESULT: undefined
COMMAND: POST /session/0bd35d5034cd75fc8dc44075a41c35a4/element - {"using":"xpath","value":"//*[@id=\"__item1525\"]"}
RESULT: {}
RESULT: {"using":"xpath","value":"//*[@id=\"__item1525\"]"}
COMMAND: POST /session/0bd35d5034cd75fc8dc44075a41c35a4/element/f.1DB2A491F1B7C642484AEDF47EA6FD52.d.CAB8997CFB1F122FDE2F0F8F6C072C08.e.12032/click - {}
RESULT: {}
COMMAND: POST /session/0bd35d5034cd75fc8dc44075a41c35a4/execute/async - {"script":"<script> [1562 bytes]","args":[{"selector":{"id":"application-managepartners-display-component---NewPartner--partnerDetailsCurrency-arrow"},"wdio_ui5_key":"applicationmanagepartners-display-component---NewPartner--partnerDetailsCurrency-arrow"}]}
COMMAND: GET /session/0bd35d5034cd75fc8dc44075a41c35a4/screenshot - {}
RESULT: {"script":"<script> [1562 bytes]","args":[{"selector":{"id":"application-managepartners-display-component---NewPartner--partnerDetailsCurrency-arrow"},"wdio_ui5_key":"applicationmanagepartners-display-component---NewPartner--partnerDetailsCurrency-arrow"}]}
RESULT: undefined
COMMAND: POST /session/0bd35d5034cd75fc8dc44075a41c35a4/element - {"using":"xpath","value":"//*[@id=\"application-managepartners-display-component---NewPartner--partnerDetailsCurrency-arrow\"]"}
RESULT: {}
RESULT: {"using":"xpath","value":"//*[@id=\"application-managepartners-display-component---NewPartner--partnerDetailsCurrency-arrow\"]"}
COMMAND: POST /session/0bd35d5034cd75fc8dc44075a41c35a4/element/f.1DB2A491F1B7C642484AEDF47EA6FD52.d.CAB8997CFB1F122FDE2F0F8F6C072C08.e.12037/click - {}
RESULT: {}
COMMAND: POST /session/0bd35d5034cd75fc8dc44075a41c35a4/execute/async - {"script":"<script> [1562 bytes]","args":[{"selector":{"controlType":"sap.m.StandardListItem","viewName":"etm.portal.ui.managepartners.view.NewPartner","viewId":"application-managepartners-display-component---NewPartner","properties":{"title":"Euro"},"searchOpenDialogs":true,"interaction":{"idSuffix":"content"}},"wdio_ui5_key":"etmportal.ui.managepartners.view.NewPartnersap.m.StandardListItem{\"title\":\"Euro\"}"}]}
COMMAND: GET /session/0bd35d5034cd75fc8dc44075a41c35a4/screenshot - {}
RESULT: {"script":"<script> [1562 bytes]","args":[{"selector":{"controlType":"sap.m.StandardListItem","viewName":"etm.portal.ui.managepartners.view.NewPartner","viewId":"application-managepartners-display-component---NewPartner","properties":{"title":"Euro"},"searchOpenDialogs":true,"interaction":{"idSuffix":"content"}},"wdio_ui5_key":"etmportal.ui.managepartners.view.NewPartnersap.m.StandardListItem{\"title\":\"Euro\"}"}]}
RESULT: undefined
COMMAND: POST /session/0bd35d5034cd75fc8dc44075a41c35a4/element - {"using":"xpath","value":"//*[@id=\"__item1527\"]"}
RESULT: {}
RESULT: {"using":"xpath","value":"//*[@id=\"__item1527\"]"}
COMMAND: POST /session/0bd35d5034cd75fc8dc44075a41c35a4/element/f.1DB2A491F1B7C642484AEDF47EA6FD52.d.CAB8997CFB1F122FDE2F0F8F6C072C08.e.12039/click - {}
RESULT: {}
COMMAND: POST /session/0bd35d5034cd75fc8dc44075a41c35a4/execute/async - {"script":"<script> [1562 bytes]","args":[{"selector":{"controlType":"sap.m.Button","viewName":"etm.portal.ui.managepartners.view.NewPartner","viewId":"application-managepartners-display-component---NewPartner","properties":{"text":"Assignments"},"interaction":{"idSuffix":"BDI-content"}},"wdio_ui5_key":"etmportal.ui.managepartners.view.NewPartnersap.m.Button{\"text\":\"Assignments\"}"}]}
COMMAND: GET /session/0bd35d5034cd75fc8dc44075a41c35a4/screenshot - {}
RESULT: {"script":"<script> [1562 bytes]","args":[{"selector":{"controlType":"sap.m.Button","viewName":"etm.portal.ui.managepartners.view.NewPartner","viewId":"application-managepartners-display-component---NewPartner","properties":{"text":"Assignments"},"interaction":{"idSuffix":"BDI-content"}},"wdio_ui5_key":"etmportal.ui.managepartners.view.NewPartnersap.m.Button{\"text\":\"Assignments\"}"}]}
RESULT: undefined
COMMAND: POST /session/0bd35d5034cd75fc8dc44075a41c35a4/element - {"using":"xpath","value":"//*[@id=\"application-managepartners-display-component---NewPartner--ObjectPageLayout-anchBar-__section61-anchor\"]"}
RESULT: {}
RESULT: {"using":"xpath","value":"//*[@id=\"application-managepartners-display-component---NewPartner--ObjectPageLayout-anchBar-__section61-anchor\"]"}
COMMAND: POST /session/0bd35d5034cd75fc8dc44075a41c35a4/element/f.1DB2A491F1B7C642484AEDF47EA6FD52.d.CAB8997CFB1F122FDE2F0F8F6C072C08.e.12041/click - {}
RESULT: {}
COMMAND: POST /session/0bd35d5034cd75fc8dc44075a41c35a4/execute/async - {"script":"<script> [1562 bytes]","args":[{"selector":{"id":"application-managepartners-display-component---NewPartner--btnAddTableRow","interaction":{"idSuffix":"inner"}},"wdio_ui5_key":"applicationmanagepartners-display-component---NewPartner--btnAddTableRow"}]}
COMMAND: GET /session/0bd35d5034cd75fc8dc44075a41c35a4/screenshot - {}
RESULT: {"script":"<script> [1562 bytes]","args":[{"selector":{"id":"application-managepartners-display-component---NewPartner--btnAddTableRow","interaction":{"idSuffix":"inner"}},"wdio_ui5_key":"applicationmanagepartners-display-component---NewPartner--btnAddTableRow"}]}
RESULT: undefined
COMMAND: POST /session/0bd35d5034cd75fc8dc44075a41c35a4/element - {"using":"xpath","value":"//*[@id=\"application-managepartners-display-component---NewPartner--btnAddTableRow\"]"}
RESULT: {}
RESULT: {"using":"xpath","value":"//*[@id=\"application-managepartners-display-component---NewPartner--btnAddTableRow\"]"}
COMMAND: POST /session/0bd35d5034cd75fc8dc44075a41c35a4/element/f.1DB2A491F1B7C642484AEDF47EA6FD52.d.CAB8997CFB1F122FDE2F0F8F6C072C08.e.12046/click - {}
RESULT: {}
COMMAND: POST /session/0bd35d5034cd75fc8dc44075a41c35a4/element - {"using":"css selector","value":"#application-managepartners-display-component---NewPartner--assignmentYard-application-managepartners-display-component---NewPartner--assignmentsTable-0-inner"}
COMMAND: GET /session/0bd35d5034cd75fc8dc44075a41c35a4/screenshot - {}
RESULT: {"using":"css selector","value":"#application-managepartners-display-component---NewPartner--assignmentYard-application-managepartners-display-component---NewPartner--assignmentsTable-0-inner"}
COMMAND: POST /session/0bd35d5034cd75fc8dc44075a41c35a4/element/f.1DB2A491F1B7C642484AEDF47EA6FD52.d.CAB8997CFB1F122FDE2F0F8F6C072C08.e.12048/clear - {}
RESULT: {}
RESULT: {}
COMMAND: POST /session/0bd35d5034cd75fc8dc44075a41c35a4/element/f.1DB2A491F1B7C642484AEDF47EA6FD52.d.CAB8997CFB1F122FDE2F0F8F6C072C08.e.12048/value - {"text":"623"}
COMMAND: GET /session/0bd35d5034cd75fc8dc44075a41c35a4/screenshot - {}
RESULT: {"text":"623"}
COMMAND: POST /session/0bd35d5034cd75fc8dc44075a41c35a4/execute/async - {"script":"<script> [1562 bytes]","args":[{"selector":{"id":"application-managepartners-display-component---NewPartner--assignmentYard-application-managepartners-display-component---NewPartner--assignmentsTable-0-arrow"},"wdio_ui5_key":"applicationmanagepartners-display-component---NewPartner--assignmentYard-application-managepartners-display-component---NewPartner--assignmentsTable-0-arrow"}]}
COMMAND: GET /session/0bd35d5034cd75fc8dc44075a41c35a4/screenshot - {}
RESULT: {}
RESULT: {"script":"<script> [1562 bytes]","args":[{"selector":{"id":"application-managepartners-display-component---NewPartner--assignmentYard-application-managepartners-display-component---NewPartner--assignmentsTable-0-arrow"},"wdio_ui5_key":"applicationmanagepartners-display-component---NewPartner--assignmentYard-application-managepartners-display-component---NewPartner--assignmentsTable-0-arrow"}]}
RESULT: undefined
COMMAND: POST /session/0bd35d5034cd75fc8dc44075a41c35a4/element - {"using":"xpath","value":"//*[@id=\"application-managepartners-display-component---NewPartner--assignmentYard-application-managepartners-display-component---NewPartner--assignmentsTable-0-arrow\"]"}
RESULT: {}
RESULT: {"using":"xpath","value":"//*[@id=\"application-managepartners-display-component---NewPartner--assignmentYard-application-managepartners-display-component---NewPartner--assignmentsTable-0-arrow\"]"}
COMMAND: POST /session/0bd35d5034cd75fc8dc44075a41c35a4/element/f.1DB2A491F1B7C642484AEDF47EA6FD52.d.CAB8997CFB1F122FDE2F0F8F6C072C08.e.12056/click - {}
RESULT: {}
COMMAND: GET /session/0bd35d5034cd75fc8dc44075a41c35a4/screenshot - {}
RESULT: {}
COMMAND: POST /session/0bd35d5034cd75fc8dc44075a41c35a4/execute/async - {"script":"<script> [1562 bytes]","args":[{"selector":{"controlType":"sap.m.Button","viewName":"etm.portal.ui.managepartners.view.NewPartner","viewId":"application-managepartners-display-component---NewPartner","i18NText":{"propertyName":"text","key":"save"},"interaction":{"idSuffix":"BDI-content"}},"wdio_ui5_key":"etmportal.ui.managepartners.view.NewPartnersap.m.Button{\"propertyName\":\"text\",\"key\":\"save\"}"}]}
RESULT: {"script":"<script> [1562 bytes]","args":[{"selector":{"controlType":"sap.m.Button","viewName":"etm.portal.ui.managepartners.view.NewPartner","viewId":"application-managepartners-display-component---NewPartner","i18NText":{"propertyName":"text","key":"save"},"interaction":{"idSuffix":"BDI-content"}},"wdio_ui5_key":"etmportal.ui.managepartners.view.NewPartnersap.m.Button{\"propertyName\":\"text\",\"key\":\"save\"}"}]}
RESULT: undefined
COMMAND: POST /session/0bd35d5034cd75fc8dc44075a41c35a4/element - {"using":"xpath","value":"//*[@id=\"__button127\"]"}
RESULT: {"using":"xpath","value":"//*[@id=\"__button127\"]"}
COMMAND: POST /session/0bd35d5034cd75fc8dc44075a41c35a4/element/f.1DB2A491F1B7C642484AEDF47EA6FD52.d.CAB8997CFB1F122FDE2F0F8F6C072C08.e.11995/click - {}
RESULT: {}
COMMAND: GET /session/0bd35d5034cd75fc8dc44075a41c35a4/screenshot - {}
RESULT: {}
COMMAND: POST /session/0bd35d5034cd75fc8dc44075a41c35a4/execute/async - {"script":"<script> [1562 bytes]","args":[{"selector":{"controlType":"sap.m.Text","viewName":"etm.portal.ui.managepartners.view.Detail","viewId":"application-managepartners-display-component---detailPtm","bindingPath":{"propertyPath":"ID","modelName":"catalogModel"}},"wdio_ui5_key":"etmportal.ui.managepartners.view.Detailsap.m.Text{\"propertyPath\":\"ID\",\"modelName\":\"catalogModel\"}"}]}
RESULT: {"script":"<script> [1562 bytes]","args":[{"selector":{"controlType":"sap.m.Text","viewName":"etm.portal.ui.managepartners.view.Detail","viewId":"application-managepartners-display-component---detailPtm","bindingPath":{"propertyPath":"ID","modelName":"catalogModel"}},"wdio_ui5_key":"etmportal.ui.managepartners.view.Detailsap.m.Text{\"propertyPath\":\"ID\",\"modelName\":\"catalogModel\"}"}]}
RESULT: undefined
COMMAND: POST /session/0bd35d5034cd75fc8dc44075a41c35a4/execute/async - {"script":"<script> [6424 bytes]","args":[{"element-6066-11e4-a52e-4f735466cecf":"f.1DB2A491F1B7C642484AEDF47EA6FD52.d.CAB8997CFB1F122FDE2F0F8F6C072C08.e.12219"},"getText",[]]}
RESULT: {"script":"<script> [6424 bytes]","args":[{"element-6066-11e4-a52e-4f735466cecf":"f.1DB2A491F1B7C642484AEDF47EA6FD52.d.CAB8997CFB1F122FDE2F0F8F6C072C08.e.12219"},"getText",[]]}
COMMAND: POST /session/0bd35d5034cd75fc8dc44075a41c35a4/element - {"using":"css selector","value":"#shell-header-logo"}
RESULT: {"using":"css selector","value":"#shell-header-logo"}
COMMAND: POST /session/0bd35d5034cd75fc8dc44075a41c35a4/element/f.1DB2A491F1B7C642484AEDF47EA6FD52.d.CAB8997CFB1F122FDE2F0F8F6C072C08.e.11553/click - {}
RESULT: {}
COMMAND: GET /session/0bd35d5034cd75fc8dc44075a41c35a4/screenshot - {}
]]></system-out>
    </testcase>
    <testcase classname="chrome.135_0_7049_96.windows.Provide_to_Site_w/o_warehouse_management_w/o_clarification_US116612" name="Should create a new WHM Material" time="104.292">
      <system-out><![CDATA[
COMMAND: POST /session/0bd35d5034cd75fc8dc44075a41c35a4/execute/async - {"script":"<script> [1562 bytes]","args":[{"selector":{"controlType":"sap.m.GenericTile","properties":{"header":"Manage Resources"}},"wdio_ui5_key":"sapm.GenericTile{\"header\":\"Manage Resources\"}"}]}
RESULT: {}
RESULT: {"script":"<script> [1562 bytes]","args":[{"selector":{"controlType":"sap.m.GenericTile","properties":{"header":"Manage Resources"}},"wdio_ui5_key":"sapm.GenericTile{\"header\":\"Manage Resources\"}"}]}
RESULT: undefined
COMMAND: POST /session/0bd35d5034cd75fc8dc44075a41c35a4/element - {"using":"xpath","value":"//*[@id=\"__tile39\"]"}
RESULT: {"using":"xpath","value":"//*[@id=\"__tile39\"]"}
COMMAND: POST /session/0bd35d5034cd75fc8dc44075a41c35a4/element/f.1DB2A491F1B7C642484AEDF47EA6FD52.d.CAB8997CFB1F122FDE2F0F8F6C072C08.e.12221/click - {}
RESULT: {}
COMMAND: POST /session/0bd35d5034cd75fc8dc44075a41c35a4/execute/async - {"script":"<script> [1562 bytes]","args":[{"selector":{"controlType":"sap.m.OverflowToolbarButton","viewName":"etm.portal.ui.manageresources.view.Master","viewId":"application-manageresources-display-component---masterRU","bindingPath":{"path":"","propertyPath":"/isLogbook","modelName":"minimumStockRPGModel"},"interaction":{"idSuffix":"inner"}},"wdio_ui5_key":"etmportal.ui.manageresources.view.Mastersap.m.OverflowToolbarButton{\"path\":\"\",\"propertyPath\":\"/isLogbook\",\"modelName\":\"minimumStockRPGModel\"}"}]}
COMMAND: GET /session/0bd35d5034cd75fc8dc44075a41c35a4/screenshot - {}
RESULT: {"script":"<script> [1562 bytes]","args":[{"selector":{"controlType":"sap.m.OverflowToolbarButton","viewName":"etm.portal.ui.manageresources.view.Master","viewId":"application-manageresources-display-component---masterRU","bindingPath":{"path":"","propertyPath":"/isLogbook","modelName":"minimumStockRPGModel"},"interaction":{"idSuffix":"inner"}},"wdio_ui5_key":"etmportal.ui.manageresources.view.Mastersap.m.OverflowToolbarButton{\"path\":\"\",\"propertyPath\":\"/isLogbook\",\"modelName\":\"minimumStockRPGModel\"}"}]}
RESULT: undefined
COMMAND: POST /session/0bd35d5034cd75fc8dc44075a41c35a4/element - {"using":"xpath","value":"//*[@id=\"__button168\"]"}
RESULT: {}
RESULT: {"using":"xpath","value":"//*[@id=\"__button168\"]"}
COMMAND: POST /session/0bd35d5034cd75fc8dc44075a41c35a4/element/f.1DB2A491F1B7C642484AEDF47EA6FD52.d.CAB8997CFB1F122FDE2F0F8F6C072C08.e.12262/click - {}
RESULT: {}
COMMAND: GET /session/0bd35d5034cd75fc8dc44075a41c35a4/screenshot - {}
COMMAND: POST /session/0bd35d5034cd75fc8dc44075a41c35a4/execute/async - {"script":"<script> [1562 bytes]","args":[{"selector":{"id":"application-manageresources-display-component---newResourceUnit--TYPE-arrow"},"wdio_ui5_key":"applicationmanageresources-display-component---newResourceUnit--TYPE-arrow"}]}
RESULT: {}
RESULT: {"script":"<script> [1562 bytes]","args":[{"selector":{"id":"application-manageresources-display-component---newResourceUnit--TYPE-arrow"},"wdio_ui5_key":"applicationmanageresources-display-component---newResourceUnit--TYPE-arrow"}]}
RESULT: undefined
COMMAND: POST /session/0bd35d5034cd75fc8dc44075a41c35a4/element - {"using":"xpath","value":"//*[@id=\"application-manageresources-display-component---newResourceUnit--TYPE-arrow\"]"}
RESULT: {"using":"xpath","value":"//*[@id=\"application-manageresources-display-component---newResourceUnit--TYPE-arrow\"]"}
COMMAND: POST /session/0bd35d5034cd75fc8dc44075a41c35a4/element/f.1DB2A491F1B7C642484AEDF47EA6FD52.d.CAB8997CFB1F122FDE2F0F8F6C072C08.e.12578/click - {}
RESULT: {}
COMMAND: POST /session/0bd35d5034cd75fc8dc44075a41c35a4/execute/async - {"script":"<script> [1562 bytes]","args":[{"selector":{"controlType":"sap.m.StandardListItem","viewName":"reusables.view.manageresources.NewResourceUnit","viewId":"application-manageresources-display-component---newResourceUnit","properties":{"title":"Material"},"searchOpenDialogs":true,"interaction":{"idSuffix":"content"}},"wdio_ui5_key":"reusablesview.manageresources.NewResourceUnitsap.m.StandardListItem{\"title\":\"Material\"}"}]}
COMMAND: GET /session/0bd35d5034cd75fc8dc44075a41c35a4/screenshot - {}
RESULT: {}
RESULT: {"script":"<script> [1562 bytes]","args":[{"selector":{"controlType":"sap.m.StandardListItem","viewName":"reusables.view.manageresources.NewResourceUnit","viewId":"application-manageresources-display-component---newResourceUnit","properties":{"title":"Material"},"searchOpenDialogs":true,"interaction":{"idSuffix":"content"}},"wdio_ui5_key":"reusablesview.manageresources.NewResourceUnitsap.m.StandardListItem{\"title\":\"Material\"}"}]}
RESULT: undefined
COMMAND: POST /session/0bd35d5034cd75fc8dc44075a41c35a4/element - {"using":"xpath","value":"//*[@id=\"__item1808\"]"}
RESULT: {"using":"xpath","value":"//*[@id=\"__item1808\"]"}
COMMAND: POST /session/0bd35d5034cd75fc8dc44075a41c35a4/element/f.1DB2A491F1B7C642484AEDF47EA6FD52.d.CAB8997CFB1F122FDE2F0F8F6C072C08.e.12581/click - {}
RESULT: {}
COMMAND: POST /session/0bd35d5034cd75fc8dc44075a41c35a4/execute/async - {"script":"<script> [1562 bytes]","args":[{"selector":{"id":"application-manageresources-display-component---newResourceUnit--resourceId","interaction":{"idSuffix":"inner"}},"wdio_ui5_key":"applicationmanageresources-display-component---newResourceUnit--resourceId"}]}
COMMAND: GET /session/0bd35d5034cd75fc8dc44075a41c35a4/screenshot - {}
RESULT: {"script":"<script> [1562 bytes]","args":[{"selector":{"id":"application-manageresources-display-component---newResourceUnit--resourceId","interaction":{"idSuffix":"inner"}},"wdio_ui5_key":"applicationmanageresources-display-component---newResourceUnit--resourceId"}]}
RESULT: undefined
COMMAND: POST /session/0bd35d5034cd75fc8dc44075a41c35a4/execute/async - {"script":"<script> [1562 bytes]","args":[{"selector":{"id":"application-manageresources-display-component---newResourceUnit--SHORT_TEXT","interaction":{"idSuffix":"inner"}},"wdio_ui5_key":"applicationmanageresources-display-component---newResourceUnit--SHORT_TEXT"}]}
RESULT: {}
RESULT: {"script":"<script> [1562 bytes]","args":[{"selector":{"id":"application-manageresources-display-component---newResourceUnit--SHORT_TEXT","interaction":{"idSuffix":"inner"}},"wdio_ui5_key":"applicationmanageresources-display-component---newResourceUnit--SHORT_TEXT"}]}
RESULT: undefined
COMMAND: POST /session/0bd35d5034cd75fc8dc44075a41c35a4/execute/async - {"script":"<script> [776 bytes]","args":[{"enterText":"material WHM","selector":{"id":"application-manageresources-display-component---newResourceUnit--SHORT_TEXT","interaction":{"idSuffix":"inner"}},"clearTextFirst":true,"interactionType":"ENTER_TEXT"}]}
RESULT: {"script":"<script> [776 bytes]","args":[{"enterText":"material WHM","selector":{"id":"application-manageresources-display-component---newResourceUnit--SHORT_TEXT","interaction":{"idSuffix":"inner"}},"clearTextFirst":true,"interactionType":"ENTER_TEXT"}]}
COMMAND: POST /session/0bd35d5034cd75fc8dc44075a41c35a4/execute/async - {"script":"<script> [1562 bytes]","args":[{"selector":{"id":"application-manageresources-display-component---newResourceUnit--BASE_UNIT_OF_MEASURE","interaction":{"idSuffix":"inner"}},"wdio_ui5_key":"applicationmanageresources-display-component---newResourceUnit--BASE_UNIT_OF_MEASURE"}]}
RESULT: {"script":"<script> [1562 bytes]","args":[{"selector":{"id":"application-manageresources-display-component---newResourceUnit--BASE_UNIT_OF_MEASURE","interaction":{"idSuffix":"inner"}},"wdio_ui5_key":"applicationmanageresources-display-component---newResourceUnit--BASE_UNIT_OF_MEASURE"}]}
RESULT: undefined
COMMAND: POST /session/0bd35d5034cd75fc8dc44075a41c35a4/execute/async - {"script":"<script> [776 bytes]","args":[{"enterText":"Piece","selector":{"id":"application-manageresources-display-component---newResourceUnit--BASE_UNIT_OF_MEASURE","interaction":{"idSuffix":"inner"}},"clearTextFirst":true,"interactionType":"ENTER_TEXT"}]}
RESULT: {"script":"<script> [776 bytes]","args":[{"enterText":"Piece","selector":{"id":"application-manageresources-display-component---newResourceUnit--BASE_UNIT_OF_MEASURE","interaction":{"idSuffix":"inner"}},"clearTextFirst":true,"interactionType":"ENTER_TEXT"}]}
COMMAND: POST /session/0bd35d5034cd75fc8dc44075a41c35a4/execute/async - {"script":"<script> [1562 bytes]","args":[{"selector":{"id":"application-manageresources-display-component---newResourceUnit--WEIGHT_UNIT","interaction":{"idSuffix":"inner"}},"wdio_ui5_key":"applicationmanageresources-display-component---newResourceUnit--WEIGHT_UNIT"}]}
RESULT: {"script":"<script> [1562 bytes]","args":[{"selector":{"id":"application-manageresources-display-component---newResourceUnit--WEIGHT_UNIT","interaction":{"idSuffix":"inner"}},"wdio_ui5_key":"applicationmanageresources-display-component---newResourceUnit--WEIGHT_UNIT"}]}
RESULT: undefined
COMMAND: POST /session/0bd35d5034cd75fc8dc44075a41c35a4/execute/async - {"script":"<script> [776 bytes]","args":[{"enterText":"Gram","selector":{"id":"application-manageresources-display-component---newResourceUnit--WEIGHT_UNIT","interaction":{"idSuffix":"inner"}},"clearTextFirst":true,"interactionType":"ENTER_TEXT"}]}
RESULT: {"script":"<script> [776 bytes]","args":[{"enterText":"Gram","selector":{"id":"application-manageresources-display-component---newResourceUnit--WEIGHT_UNIT","interaction":{"idSuffix":"inner"}},"clearTextFirst":true,"interactionType":"ENTER_TEXT"}]}
COMMAND: POST /session/0bd35d5034cd75fc8dc44075a41c35a4/execute/async - {"script":"<script> [1562 bytes]","args":[{"selector":{"id":"application-manageresources-display-component---newResourceUnit--DIMENSION_UNIT","interaction":{"idSuffix":"inner"}},"wdio_ui5_key":"applicationmanageresources-display-component---newResourceUnit--DIMENSION_UNIT"}]}
RESULT: {"script":"<script> [1562 bytes]","args":[{"selector":{"id":"application-manageresources-display-component---newResourceUnit--DIMENSION_UNIT","interaction":{"idSuffix":"inner"}},"wdio_ui5_key":"applicationmanageresources-display-component---newResourceUnit--DIMENSION_UNIT"}]}
RESULT: undefined
COMMAND: POST /session/0bd35d5034cd75fc8dc44075a41c35a4/execute/async - {"script":"<script> [776 bytes]","args":[{"enterText":"Meter","selector":{"id":"application-manageresources-display-component---newResourceUnit--DIMENSION_UNIT","interaction":{"idSuffix":"inner"}},"clearTextFirst":true,"interactionType":"ENTER_TEXT"}]}
RESULT: {"script":"<script> [776 bytes]","args":[{"enterText":"Meter","selector":{"id":"application-manageresources-display-component---newResourceUnit--DIMENSION_UNIT","interaction":{"idSuffix":"inner"}},"clearTextFirst":true,"interactionType":"ENTER_TEXT"}]}
COMMAND: POST /session/0bd35d5034cd75fc8dc44075a41c35a4/execute/async - {"script":"<script> [1562 bytes]","args":[{"selector":{"id":"application-manageresources-display-component---newResourceUnit--newRRUPage-anchBar-application-manageresources-display-component---newResourceUnit--control-anchor","interaction":{"idSuffix":"content"}},"wdio_ui5_key":"applicationmanageresources-display-component---newResourceUnit--newRRUPage-anchBar-application-manageresources-display-component---newResourceUnit--control-anchor"}]}
RESULT: {"script":"<script> [1562 bytes]","args":[{"selector":{"id":"application-manageresources-display-component---newResourceUnit--newRRUPage-anchBar-application-manageresources-display-component---newResourceUnit--control-anchor","interaction":{"idSuffix":"content"}},"wdio_ui5_key":"applicationmanageresources-display-component---newResourceUnit--newRRUPage-anchBar-application-manageresources-display-component---newResourceUnit--control-anchor"}]}
RESULT: undefined
COMMAND: POST /session/0bd35d5034cd75fc8dc44075a41c35a4/element - {"using":"xpath","value":"//*[@id=\"application-manageresources-display-component---newResourceUnit--newRRUPage-anchBar-application-manageresources-display-component---newResourceUnit--control-anchor\"]"}
RESULT: {"using":"xpath","value":"//*[@id=\"application-manageresources-display-component---newResourceUnit--newRRUPage-anchBar-application-manageresources-display-component---newResourceUnit--control-anchor\"]"}
COMMAND: POST /session/0bd35d5034cd75fc8dc44075a41c35a4/element/f.1DB2A491F1B7C642484AEDF47EA6FD52.d.CAB8997CFB1F122FDE2F0F8F6C072C08.e.12645/click - {}
RESULT: {}
COMMAND: POST /session/0bd35d5034cd75fc8dc44075a41c35a4/execute/async - {"script":"<script> [1562 bytes]","args":[{"selector":{"id":"application-manageresources-display-component---newResourceUnit--PLANNING_GROUP","interaction":{"idSuffix":"inner"}},"wdio_ui5_key":"applicationmanageresources-display-component---newResourceUnit--PLANNING_GROUP"}]}
COMMAND: GET /session/0bd35d5034cd75fc8dc44075a41c35a4/screenshot - {}
RESULT: {"script":"<script> [1562 bytes]","args":[{"selector":{"id":"application-manageresources-display-component---newResourceUnit--PLANNING_GROUP","interaction":{"idSuffix":"inner"}},"wdio_ui5_key":"applicationmanageresources-display-component---newResourceUnit--PLANNING_GROUP"}]}
RESULT: undefined
COMMAND: POST /session/0bd35d5034cd75fc8dc44075a41c35a4/execute/async - {"script":"<script> [776 bytes]","args":[{"enterText":"Heavy Equi","selector":{"id":"application-manageresources-display-component---newResourceUnit--PLANNING_GROUP","interaction":{"idSuffix":"inner"}},"clearTextFirst":true,"interactionType":"ENTER_TEXT"}]}
RESULT: {}
RESULT: {"script":"<script> [776 bytes]","args":[{"enterText":"Heavy Equi","selector":{"id":"application-manageresources-display-component---newResourceUnit--PLANNING_GROUP","interaction":{"idSuffix":"inner"}},"clearTextFirst":true,"interactionType":"ENTER_TEXT"}]}
COMMAND: POST /session/0bd35d5034cd75fc8dc44075a41c35a4/execute/async - {"script":"<script> [1562 bytes]","args":[{"selector":{"id":"application-manageresources-display-component---newResourceUnit--PLANNING_INDICATOR","interaction":{"idSuffix":"inner"}},"wdio_ui5_key":"applicationmanageresources-display-component---newResourceUnit--PLANNING_INDICATOR"}]}
RESULT: {"script":"<script> [1562 bytes]","args":[{"selector":{"id":"application-manageresources-display-component---newResourceUnit--PLANNING_INDICATOR","interaction":{"idSuffix":"inner"}},"wdio_ui5_key":"applicationmanageresources-display-component---newResourceUnit--PLANNING_INDICATOR"}]}
RESULT: undefined
COMMAND: POST /session/0bd35d5034cd75fc8dc44075a41c35a4/execute/async - {"script":"<script> [776 bytes]","args":[{"enterText":"10 - infinite","selector":{"id":"application-manageresources-display-component---newResourceUnit--PLANNING_INDICATOR","interaction":{"idSuffix":"inner"}},"clearTextFirst":true,"interactionType":"ENTER_TEXT"}]}
RESULT: {"script":"<script> [776 bytes]","args":[{"enterText":"10 - infinite","selector":{"id":"application-manageresources-display-component---newResourceUnit--PLANNING_INDICATOR","interaction":{"idSuffix":"inner"}},"clearTextFirst":true,"interactionType":"ENTER_TEXT"}]}
COMMAND: POST /session/0bd35d5034cd75fc8dc44075a41c35a4/actions - {"actions":[{"id":"action53","type":"key","parameters":{},"actions":[{"type":"keyDown","value":"î€‡"},{"type":"pause","duration":10},{"type":"keyUp","value":"î€‡"}]}]}
RESULT: {"actions":[{"id":"action53","type":"key","parameters":{},"actions":[{"type":"keyDown","value":"î€‡"},{"type":"pause","duration":10},{"type":"keyUp","value":"î€‡"}]}]}
COMMAND: POST /session/0bd35d5034cd75fc8dc44075a41c35a4/execute/async - {"script":"<script> [1562 bytes]","args":[{"selector":{"id":"application-manageresources-display-component---newResourceUnit--ITEM_TYPE-arrow"},"wdio_ui5_key":"applicationmanageresources-display-component---newResourceUnit--ITEM_TYPE-arrow"}]}
COMMAND: GET /session/0bd35d5034cd75fc8dc44075a41c35a4/screenshot - {}
RESULT: {"script":"<script> [1562 bytes]","args":[{"selector":{"id":"application-manageresources-display-component---newResourceUnit--ITEM_TYPE-arrow"},"wdio_ui5_key":"applicationmanageresources-display-component---newResourceUnit--ITEM_TYPE-arrow"}]}
RESULT: undefined
COMMAND: POST /session/0bd35d5034cd75fc8dc44075a41c35a4/element - {"using":"xpath","value":"//*[@id=\"application-manageresources-display-component---newResourceUnit--ITEM_TYPE-arrow\"]"}
RESULT: {}
RESULT: {"using":"xpath","value":"//*[@id=\"application-manageresources-display-component---newResourceUnit--ITEM_TYPE-arrow\"]"}
COMMAND: POST /session/0bd35d5034cd75fc8dc44075a41c35a4/element/f.1DB2A491F1B7C642484AEDF47EA6FD52.d.CAB8997CFB1F122FDE2F0F8F6C072C08.e.12654/click - {}
RESULT: {}
COMMAND: POST /session/0bd35d5034cd75fc8dc44075a41c35a4/execute/async - {"script":"<script> [1562 bytes]","args":[{"selector":{"controlType":"sap.m.StandardListItem","viewName":"reusables.view.manageresources.NewResourceUnit","viewId":"application-manageresources-display-component---newResourceUnit","properties":{"title":"Resource Unit"},"searchOpenDialogs":true,"interaction":{"idSuffix":"titleText"}},"wdio_ui5_key":"reusablesview.manageresources.NewResourceUnitsap.m.StandardListItem{\"title\":\"Resource Unit\"}"}]}
COMMAND: GET /session/0bd35d5034cd75fc8dc44075a41c35a4/screenshot - {}
RESULT: {"script":"<script> [1562 bytes]","args":[{"selector":{"controlType":"sap.m.StandardListItem","viewName":"reusables.view.manageresources.NewResourceUnit","viewId":"application-manageresources-display-component---newResourceUnit","properties":{"title":"Resource Unit"},"searchOpenDialogs":true,"interaction":{"idSuffix":"titleText"}},"wdio_ui5_key":"reusablesview.manageresources.NewResourceUnitsap.m.StandardListItem{\"title\":\"Resource Unit\"}"}]}
RESULT: undefined
RESULT: {}
COMMAND: POST /session/0bd35d5034cd75fc8dc44075a41c35a4/execute/async - {"script":"<script> [1562 bytes]","args":[{"selector":{"controlType":"sap.m.Label","viewName":"reusables.view.manageresources.NewResourceUnit","viewId":"application-manageresources-display-component---newResourceUnit","i18NText":{"propertyName":"text","key":"planningGroup"},"interaction":{"idSuffix":"bdi"}},"wdio_ui5_key":"reusablesview.manageresources.NewResourceUnitsap.m.Label{\"propertyName\":\"text\",\"key\":\"planningGroup\"}"}]}
RESULT: {"script":"<script> [1562 bytes]","args":[{"selector":{"controlType":"sap.m.Label","viewName":"reusables.view.manageresources.NewResourceUnit","viewId":"application-manageresources-display-component---newResourceUnit","i18NText":{"propertyName":"text","key":"planningGroup"},"interaction":{"idSuffix":"bdi"}},"wdio_ui5_key":"reusablesview.manageresources.NewResourceUnitsap.m.Label{\"propertyName\":\"text\",\"key\":\"planningGroup\"}"}]}
RESULT: undefined
COMMAND: POST /session/0bd35d5034cd75fc8dc44075a41c35a4/element - {"using":"xpath","value":"//*[@id=\"__label263\"]"}
RESULT: {"using":"xpath","value":"//*[@id=\"__label263\"]"}
COMMAND: POST /session/0bd35d5034cd75fc8dc44075a41c35a4/element/f.1DB2A491F1B7C642484AEDF47EA6FD52.d.CAB8997CFB1F122FDE2F0F8F6C072C08.e.12656/click - {}
RESULT: {}
COMMAND: GET /session/0bd35d5034cd75fc8dc44075a41c35a4/screenshot - {}
RESULT: {}
COMMAND: POST /session/0bd35d5034cd75fc8dc44075a41c35a4/actions - {"actions":[{"type":"key","id":"keyboard","actions":[{"type":"keyDown","value":"î›"}]}]}
RESULT: {"actions":[{"type":"key","id":"keyboard","actions":[{"type":"keyDown","value":"î›"}]}]}
COMMAND: GET /session/0bd35d5034cd75fc8dc44075a41c35a4/screenshot - {}
RESULT: {}
COMMAND: POST /session/0bd35d5034cd75fc8dc44075a41c35a4/actions - {"actions":[{"type":"key","id":"keyboard","actions":[{"type":"keyDown","value":"î›"}]}]}
RESULT: {"actions":[{"type":"key","id":"keyboard","actions":[{"type":"keyDown","value":"î›"}]}]}
COMMAND: GET /session/0bd35d5034cd75fc8dc44075a41c35a4/screenshot - {}
RESULT: {}
COMMAND: POST /session/0bd35d5034cd75fc8dc44075a41c35a4/actions - {"actions":[{"type":"key","id":"keyboard","actions":[{"type":"keyDown","value":"î›"}]}]}
RESULT: {"actions":[{"type":"key","id":"keyboard","actions":[{"type":"keyDown","value":"î›"}]}]}
COMMAND: GET /session/0bd35d5034cd75fc8dc44075a41c35a4/screenshot - {}
RESULT: {}
COMMAND: POST /session/0bd35d5034cd75fc8dc44075a41c35a4/actions - {"actions":[{"type":"key","id":"keyboard","actions":[{"type":"keyDown","value":"î›"}]}]}
RESULT: {"actions":[{"type":"key","id":"keyboard","actions":[{"type":"keyDown","value":"î›"}]}]}
COMMAND: GET /session/0bd35d5034cd75fc8dc44075a41c35a4/screenshot - {}
RESULT: {}
COMMAND: POST /session/0bd35d5034cd75fc8dc44075a41c35a4/actions - {"actions":[{"type":"key","id":"keyboard","actions":[{"type":"keyDown","value":"î›"}]}]}
RESULT: {"actions":[{"type":"key","id":"keyboard","actions":[{"type":"keyDown","value":"î›"}]}]}
COMMAND: GET /session/0bd35d5034cd75fc8dc44075a41c35a4/screenshot - {}
RESULT: {}
COMMAND: POST /session/0bd35d5034cd75fc8dc44075a41c35a4/actions - {"actions":[{"type":"key","id":"keyboard","actions":[{"type":"keyDown","value":"î›"}]}]}
RESULT: {"actions":[{"type":"key","id":"keyboard","actions":[{"type":"keyDown","value":"î›"}]}]}
COMMAND: GET /session/0bd35d5034cd75fc8dc44075a41c35a4/screenshot - {}
RESULT: {}
COMMAND: POST /session/0bd35d5034cd75fc8dc44075a41c35a4/execute/async - {"script":"<script> [1562 bytes]","args":[{"selector":{"id":"application-manageresources-display-component---newResourceUnit--btnAddTimeSegment-img"},"wdio_ui5_key":"applicationmanageresources-display-component---newResourceUnit--btnAddTimeSegment-img"}]}
RESULT: {"script":"<script> [1562 bytes]","args":[{"selector":{"id":"application-manageresources-display-component---newResourceUnit--btnAddTimeSegment-img"},"wdio_ui5_key":"applicationmanageresources-display-component---newResourceUnit--btnAddTimeSegment-img"}]}
RESULT: undefined
COMMAND: POST /session/0bd35d5034cd75fc8dc44075a41c35a4/element - {"using":"xpath","value":"//*[@id=\"application-manageresources-display-component---newResourceUnit--btnAddTimeSegment-img\"]"}
RESULT: {"using":"xpath","value":"//*[@id=\"application-manageresources-display-component---newResourceUnit--btnAddTimeSegment-img\"]"}
COMMAND: POST /session/0bd35d5034cd75fc8dc44075a41c35a4/element/f.1DB2A491F1B7C642484AEDF47EA6FD52.d.CAB8997CFB1F122FDE2F0F8F6C072C08.e.12657/click - {}
RESULT: {}
COMMAND: POST /session/0bd35d5034cd75fc8dc44075a41c35a4/element - {"using":"xpath","value":"//input[@id=\"application-manageresources-display-component---newResourceUnit--idRuTSAdmin-application-manageresources-display-component---newResourceUnit--RUTimeSegment-0-inner\"]"}
COMMAND: GET /session/0bd35d5034cd75fc8dc44075a41c35a4/screenshot - {}
RESULT: {"using":"xpath","value":"//input[@id=\"application-manageresources-display-component---newResourceUnit--idRuTSAdmin-application-manageresources-display-component---newResourceUnit--RUTimeSegment-0-inner\"]"}
COMMAND: POST /session/0bd35d5034cd75fc8dc44075a41c35a4/element/f.1DB2A491F1B7C642484AEDF47EA6FD52.d.CAB8997CFB1F122FDE2F0F8F6C072C08.e.12660/clear - {}
RESULT: {}
RESULT: {}
COMMAND: POST /session/0bd35d5034cd75fc8dc44075a41c35a4/element/f.1DB2A491F1B7C642484AEDF47EA6FD52.d.CAB8997CFB1F122FDE2F0F8F6C072C08.e.12660/value - {"text":"623"}
COMMAND: GET /session/0bd35d5034cd75fc8dc44075a41c35a4/screenshot - {}
RESULT: {"text":"623"}
COMMAND: GET /session/0bd35d5034cd75fc8dc44075a41c35a4/screenshot - {}
RESULT: {}
RESULT: {}
COMMAND: POST /session/0bd35d5034cd75fc8dc44075a41c35a4/actions - {"actions":[{"id":"action54","type":"key","parameters":{},"actions":[{"type":"keyDown","value":"î€‡"},{"type":"pause","duration":10},{"type":"keyUp","value":"î€‡"}]}]}
RESULT: {"actions":[{"id":"action54","type":"key","parameters":{},"actions":[{"type":"keyDown","value":"î€‡"},{"type":"pause","duration":10},{"type":"keyUp","value":"î€‡"}]}]}
COMMAND: GET /session/0bd35d5034cd75fc8dc44075a41c35a4/screenshot - {}
RESULT: {}
COMMAND: POST /session/0bd35d5034cd75fc8dc44075a41c35a4/execute/async - {"script":"<script> [1562 bytes]","args":[{"selector":{"controlType":"sap.m.Button","viewName":"reusables.view.manageresources.NewResourceUnit","viewId":"application-manageresources-display-component---newResourceUnit","i18NText":{"propertyName":"tooltip","key":"save"},"interaction":{"idSuffix":"BDI-content"}},"wdio_ui5_key":"reusablesview.manageresources.NewResourceUnitsap.m.Button{\"propertyName\":\"tooltip\",\"key\":\"save\"}"}]}
RESULT: {"script":"<script> [1562 bytes]","args":[{"selector":{"controlType":"sap.m.Button","viewName":"reusables.view.manageresources.NewResourceUnit","viewId":"application-manageresources-display-component---newResourceUnit","i18NText":{"propertyName":"tooltip","key":"save"},"interaction":{"idSuffix":"BDI-content"}},"wdio_ui5_key":"reusablesview.manageresources.NewResourceUnitsap.m.Button{\"propertyName\":\"tooltip\",\"key\":\"save\"}"}]}
RESULT: undefined
COMMAND: POST /session/0bd35d5034cd75fc8dc44075a41c35a4/element - {"using":"xpath","value":"//*[@id=\"application-manageresources-display-component---newResourceUnit--createRuButton\"]"}
RESULT: {"using":"xpath","value":"//*[@id=\"application-manageresources-display-component---newResourceUnit--createRuButton\"]"}
COMMAND: POST /session/0bd35d5034cd75fc8dc44075a41c35a4/element/f.1DB2A491F1B7C642484AEDF47EA6FD52.d.CAB8997CFB1F122FDE2F0F8F6C072C08.e.12594/click - {}
RESULT: {}
COMMAND: POST /session/0bd35d5034cd75fc8dc44075a41c35a4/execute/async - {"script":"<script> [1562 bytes]","args":[{"selector":{"controlType":"sap.m.Button","properties":{"text":"Close"},"searchOpenDialogs":true,"interaction":{"idSuffix":"BDI-content"}},"wdio_ui5_key":"sapm.Button{\"text\":\"Close\"}"}]}
COMMAND: GET /session/0bd35d5034cd75fc8dc44075a41c35a4/screenshot - {}
RESULT: {"script":"<script> [1562 bytes]","args":[{"selector":{"controlType":"sap.m.Button","properties":{"text":"Close"},"searchOpenDialogs":true,"interaction":{"idSuffix":"BDI-content"}},"wdio_ui5_key":"sapm.Button{\"text\":\"Close\"}"}]}
RESULT: undefined
COMMAND: POST /session/0bd35d5034cd75fc8dc44075a41c35a4/element - {"using":"xpath","value":"//*[@id=\"__mbox-btn-0\"]"}
RESULT: {}
RESULT: {"using":"xpath","value":"//*[@id=\"__mbox-btn-0\"]"}
COMMAND: POST /session/0bd35d5034cd75fc8dc44075a41c35a4/element/f.1DB2A491F1B7C642484AEDF47EA6FD52.d.CAB8997CFB1F122FDE2F0F8F6C072C08.e.12674/click - {}
RESULT: {}
COMMAND: GET /session/0bd35d5034cd75fc8dc44075a41c35a4/screenshot - {}
RESULT: {}
COMMAND: POST /session/0bd35d5034cd75fc8dc44075a41c35a4/execute/async - {"script":"<script> [1562 bytes]","args":[{"selector":{"controlType":"sap.m.Text","viewName":"etm.portal.ui.manageresources.view.Detail","viewId":"application-manageresources-display-component---detailRU","bindingPath":{"propertyPath":"ID","modelName":"catalogModel"}},"wdio_ui5_key":"etmportal.ui.manageresources.view.Detailsap.m.Text{\"propertyPath\":\"ID\",\"modelName\":\"catalogModel\"}"}]}
RESULT: {"script":"<script> [1562 bytes]","args":[{"selector":{"controlType":"sap.m.Text","viewName":"etm.portal.ui.manageresources.view.Detail","viewId":"application-manageresources-display-component---detailRU","bindingPath":{"propertyPath":"ID","modelName":"catalogModel"}},"wdio_ui5_key":"etmportal.ui.manageresources.view.Detailsap.m.Text{\"propertyPath\":\"ID\",\"modelName\":\"catalogModel\"}"}]}
RESULT: undefined
COMMAND: POST /session/0bd35d5034cd75fc8dc44075a41c35a4/execute/async - {"script":"<script> [6424 bytes]","args":[{"element-6066-11e4-a52e-4f735466cecf":"f.1DB2A491F1B7C642484AEDF47EA6FD52.d.CAB8997CFB1F122FDE2F0F8F6C072C08.e.12710"},"getText",[]]}
RESULT: {"script":"<script> [6424 bytes]","args":[{"element-6066-11e4-a52e-4f735466cecf":"f.1DB2A491F1B7C642484AEDF47EA6FD52.d.CAB8997CFB1F122FDE2F0F8F6C072C08.e.12710"},"getText",[]]}
COMMAND: POST /session/0bd35d5034cd75fc8dc44075a41c35a4/element - {"using":"css selector","value":"#shell-header-logo"}
RESULT: {"using":"css selector","value":"#shell-header-logo"}
COMMAND: POST /session/0bd35d5034cd75fc8dc44075a41c35a4/element/f.1DB2A491F1B7C642484AEDF47EA6FD52.d.CAB8997CFB1F122FDE2F0F8F6C072C08.e.12223/click - {}
RESULT: {}
COMMAND: GET /session/0bd35d5034cd75fc8dc44075a41c35a4/screenshot - {}
RESULT: {}
]]></system-out>
    </testcase>
  </testsuite>
  <testsuite timestamp="2025-05-06T08:32:02" time="644.093" tests="5" failures="0" errors="0" skipped="0">
    <properties>
      <property name="specId" value="0" />
      <property name="suiteName" value="Provide to Site w/o warehouse management wo clarification" />
      <property name="capabilities" value="chrome.135_0_7049_96.windows" />
      <property name="file" value="file:///D:/a/1/s/test/specs/HTR/provide-to-site-wo-warehouse-wo-clarification.spec.js" />
    </properties>
    <testcase classname="chrome.135_0_7049_96.windows.Provide_to_Site_w/o_warehouse_management_wo_clarification" name="Should do a stock increase handover" time="83.145">
      <system-out><![CDATA[
COMMAND: POST /session/0bd35d5034cd75fc8dc44075a41c35a4/execute/async - {"script":"<script> [1562 bytes]","args":[{"selector":{"controlType":"sap.m.GenericTile","properties":{"header":"Manage Handovers"}},"wdio_ui5_key":"sapm.GenericTile{\"header\":\"Manage Handovers\"}"}]}
RESULT: {"script":"<script> [1562 bytes]","args":[{"selector":{"controlType":"sap.m.GenericTile","properties":{"header":"Manage Handovers"}},"wdio_ui5_key":"sapm.GenericTile{\"header\":\"Manage Handovers\"}"}]}
RESULT: undefined
COMMAND: POST /session/0bd35d5034cd75fc8dc44075a41c35a4/element - {"using":"xpath","value":"//*[@id=\"__tile130\"]"}
RESULT: {"using":"xpath","value":"//*[@id=\"__tile130\"]"}
COMMAND: POST /session/0bd35d5034cd75fc8dc44075a41c35a4/element/f.1DB2A491F1B7C642484AEDF47EA6FD52.d.CAB8997CFB1F122FDE2F0F8F6C072C08.e.12714/click - {}
RESULT: {}
COMMAND: GET /session/0bd35d5034cd75fc8dc44075a41c35a4/screenshot - {}
RESULT: {}
COMMAND: POST /session/0bd35d5034cd75fc8dc44075a41c35a4/element - {"using":"xpath","value":"//button[(@data-kt = 'masterHOAddButton')]"}
RESULT: {"using":"xpath","value":"//button[(@data-kt = 'masterHOAddButton')]"}
COMMAND: POST /session/0bd35d5034cd75fc8dc44075a41c35a4/elements - {"using":"xpath","value":"//button[(@data-kt = 'masterHOAddButton')]"}
RESULT: {"using":"xpath","value":"//button[(@data-kt = 'masterHOAddButton')]"}
COMMAND: POST /session/0bd35d5034cd75fc8dc44075a41c35a4/elements - {"using":"xpath","value":"//button[(@data-kt = 'masterHOAddButton')]"}
RESULT: {"using":"xpath","value":"//button[(@data-kt = 'masterHOAddButton')]"}
COMMAND: POST /session/0bd35d5034cd75fc8dc44075a41c35a4/elements - {"using":"xpath","value":"//button[(@data-kt = 'masterHOAddButton')]"}
RESULT: {"using":"xpath","value":"//button[(@data-kt = 'masterHOAddButton')]"}
COMMAND: POST /session/0bd35d5034cd75fc8dc44075a41c35a4/element - {"using":"xpath","value":"//button[(@data-kt = 'masterHOAddButton')]"}
RESULT: {"using":"xpath","value":"//button[(@data-kt = 'masterHOAddButton')]"}
COMMAND: POST /session/0bd35d5034cd75fc8dc44075a41c35a4/element/f.1DB2A491F1B7C642484AEDF47EA6FD52.d.CAB8997CFB1F122FDE2F0F8F6C072C08.e.12744/click - {}
RESULT: {}
COMMAND: POST /session/0bd35d5034cd75fc8dc44075a41c35a4/element - {"using":"css selector","value":"span[id=\"application-managehandovers-display-component---AddNewHO--typeSelect-label\"]"}
COMMAND: GET /session/0bd35d5034cd75fc8dc44075a41c35a4/screenshot - {}
RESULT: {"using":"css selector","value":"span[id=\"application-managehandovers-display-component---AddNewHO--typeSelect-label\"]"}
COMMAND: POST /session/0bd35d5034cd75fc8dc44075a41c35a4/elements - {"using":"css selector","value":"span[id=\"application-managehandovers-display-component---AddNewHO--typeSelect-label\"]"}
RESULT: {}
RESULT: {"using":"css selector","value":"span[id=\"application-managehandovers-display-component---AddNewHO--typeSelect-label\"]"}
COMMAND: POST /session/0bd35d5034cd75fc8dc44075a41c35a4/element - {"using":"css selector","value":"span[id=\"application-managehandovers-display-component---AddNewHO--typeSelect-label\"]"}
RESULT: {"using":"css selector","value":"span[id=\"application-managehandovers-display-component---AddNewHO--typeSelect-label\"]"}
COMMAND: POST /session/0bd35d5034cd75fc8dc44075a41c35a4/element/f.1DB2A491F1B7C642484AEDF47EA6FD52.d.CAB8997CFB1F122FDE2F0F8F6C072C08.e.12993/click - {}
RESULT: {}
COMMAND: POST /session/0bd35d5034cd75fc8dc44075a41c35a4/element - {"using":"css selector","value":"#application-managehandovers-display-component---AddNewHO--oneStep-CB"}
RESULT: {"using":"css selector","value":"#application-managehandovers-display-component---AddNewHO--oneStep-CB"}
COMMAND: GET /session/0bd35d5034cd75fc8dc44075a41c35a4/element/f.1DB2A491F1B7C642484AEDF47EA6FD52.d.CAB8997CFB1F122FDE2F0F8F6C072C08.e.12787/selected - {}
COMMAND: GET /session/0bd35d5034cd75fc8dc44075a41c35a4/screenshot - {}
RESULT: {}
COMMAND: POST /session/0bd35d5034cd75fc8dc44075a41c35a4/element - {"using":"xpath","value":"//li[contains(text(), \"stock increase yard\")]"}
COMMAND: GET /session/0bd35d5034cd75fc8dc44075a41c35a4/screenshot - {}
RESULT: {}
RESULT: {"using":"xpath","value":"//li[contains(text(), \"stock increase yard\")]"}
COMMAND: POST /session/0bd35d5034cd75fc8dc44075a41c35a4/element/f.1DB2A491F1B7C642484AEDF47EA6FD52.d.CAB8997CFB1F122FDE2F0F8F6C072C08.e.12996/click - {}
RESULT: {}
RESULT: {}
COMMAND: GET /session/0bd35d5034cd75fc8dc44075a41c35a4/screenshot - {}
RESULT: {}
COMMAND: POST /session/0bd35d5034cd75fc8dc44075a41c35a4/element - {"using":"css selector","value":"input[id=\"generalSectionFrg--receiveYard-inner\"]"}
RESULT: {"using":"css selector","value":"input[id=\"generalSectionFrg--receiveYard-inner\"]"}
COMMAND: POST /session/0bd35d5034cd75fc8dc44075a41c35a4/element/f.1DB2A491F1B7C642484AEDF47EA6FD52.d.CAB8997CFB1F122FDE2F0F8F6C072C08.e.13003/clear - {}
RESULT: {}
COMMAND: POST /session/0bd35d5034cd75fc8dc44075a41c35a4/element/f.1DB2A491F1B7C642484AEDF47EA6FD52.d.CAB8997CFB1F122FDE2F0F8F6C072C08.e.13003/value - {"text":"623"}
COMMAND: GET /session/0bd35d5034cd75fc8dc44075a41c35a4/screenshot - {}
RESULT: {"text":"623"}
COMMAND: GET /session/0bd35d5034cd75fc8dc44075a41c35a4/screenshot - {}
RESULT: {}
RESULT: {}
COMMAND: POST /session/0bd35d5034cd75fc8dc44075a41c35a4/element - {"using":"css selector","value":"#application-managehandovers-display-component---AddNewHO--dueDate-inner"}
RESULT: {"using":"css selector","value":"#application-managehandovers-display-component---AddNewHO--dueDate-inner"}
COMMAND: POST /session/0bd35d5034cd75fc8dc44075a41c35a4/element/f.1DB2A491F1B7C642484AEDF47EA6FD52.d.CAB8997CFB1F122FDE2F0F8F6C072C08.e.12997/clear - {}
RESULT: {}
COMMAND: POST /session/0bd35d5034cd75fc8dc44075a41c35a4/element/f.1DB2A491F1B7C642484AEDF47EA6FD52.d.CAB8997CFB1F122FDE2F0F8F6C072C08.e.12997/value - {"text":"5/6/25"}
COMMAND: GET /session/0bd35d5034cd75fc8dc44075a41c35a4/screenshot - {}
RESULT: {"text":"5/6/25"}
COMMAND: GET /session/0bd35d5034cd75fc8dc44075a41c35a4/screenshot - {}
RESULT: {}
RESULT: {}
COMMAND: POST /session/0bd35d5034cd75fc8dc44075a41c35a4/element - {"using":"xpath","value":"//bdi[(text() = 'Items' or . = 'Items')]"}
RESULT: {"using":"xpath","value":"//bdi[(text() = 'Items' or . = 'Items')]"}
COMMAND: POST /session/0bd35d5034cd75fc8dc44075a41c35a4/element/f.1DB2A491F1B7C642484AEDF47EA6FD52.d.CAB8997CFB1F122FDE2F0F8F6C072C08.e.13020/click - {}
RESULT: {}
COMMAND: GET /session/0bd35d5034cd75fc8dc44075a41c35a4/screenshot - {}
RESULT: {}
COMMAND: POST /session/0bd35d5034cd75fc8dc44075a41c35a4/element - {"using":"xpath","value":"//button[@aria-label=\"Add\"]"}
RESULT: {"using":"xpath","value":"//button[@aria-label=\"Add\"]"}
COMMAND: POST /session/0bd35d5034cd75fc8dc44075a41c35a4/element/f.1DB2A491F1B7C642484AEDF47EA6FD52.d.CAB8997CFB1F122FDE2F0F8F6C072C08.e.13025/click - {}
RESULT: {}
COMMAND: GET /session/0bd35d5034cd75fc8dc44075a41c35a4/screenshot - {}
COMMAND: POST /session/0bd35d5034cd75fc8dc44075a41c35a4/element - {"using":"css selector","value":"input[id= \"application-managehandovers-display-component---AddNewHO--smartFilterBar-btnBasicSearch-I\"]"}
RESULT: {}
RESULT: {"using":"css selector","value":"input[id= \"application-managehandovers-display-component---AddNewHO--smartFilterBar-btnBasicSearch-I\"]"}
COMMAND: POST /session/0bd35d5034cd75fc8dc44075a41c35a4/element/f.1DB2A491F1B7C642484AEDF47EA6FD52.d.CAB8997CFB1F122FDE2F0F8F6C072C08.e.13028/clear - {}
RESULT: {}
COMMAND: POST /session/0bd35d5034cd75fc8dc44075a41c35a4/element/f.1DB2A491F1B7C642484AEDF47EA6FD52.d.CAB8997CFB1F122FDE2F0F8F6C072C08.e.13028/value - {"text":"200345"}
COMMAND: GET /session/0bd35d5034cd75fc8dc44075a41c35a4/screenshot - {}
RESULT: {"text":"200345"}
COMMAND: POST /session/0bd35d5034cd75fc8dc44075a41c35a4/actions - {"actions":[{"id":"action55","type":"key","parameters":{},"actions":[{"type":"keyDown","value":"î€‡"},{"type":"pause","duration":10},{"type":"keyUp","value":"î€‡"}]}]}
COMMAND: GET /session/0bd35d5034cd75fc8dc44075a41c35a4/screenshot - {}
RESULT: {}
RESULT: {"actions":[{"id":"action55","type":"key","parameters":{},"actions":[{"type":"keyDown","value":"î€‡"},{"type":"pause","duration":10},{"type":"keyUp","value":"î€‡"}]}]}
COMMAND: POST /session/0bd35d5034cd75fc8dc44075a41c35a4/element - {"using":"css selector","value":"div[id= \"application-managehandovers-display-component---AddNewHO--smartFilterBar-btnBasicSearch-search\"]"}
COMMAND: GET /session/0bd35d5034cd75fc8dc44075a41c35a4/screenshot - {}
RESULT: {}
RESULT: {"using":"css selector","value":"div[id= \"application-managehandovers-display-component---AddNewHO--smartFilterBar-btnBasicSearch-search\"]"}
COMMAND: POST /session/0bd35d5034cd75fc8dc44075a41c35a4/element/f.1DB2A491F1B7C642484AEDF47EA6FD52.d.CAB8997CFB1F122FDE2F0F8F6C072C08.e.13178/click - {}
RESULT: {}
RESULT: {}
COMMAND: GET /session/0bd35d5034cd75fc8dc44075a41c35a4/screenshot - {}
RESULT: {}
COMMAND: POST /session/0bd35d5034cd75fc8dc44075a41c35a4/element - {"using":"css selector","value":"div[id= \"application-managehandovers-display-component---AddNewHO--popup-sa-CbBg\"]"}
RESULT: {"using":"css selector","value":"div[id= \"application-managehandovers-display-component---AddNewHO--popup-sa-CbBg\"]"}
COMMAND: POST /session/0bd35d5034cd75fc8dc44075a41c35a4/element/f.1DB2A491F1B7C642484AEDF47EA6FD52.d.CAB8997CFB1F122FDE2F0F8F6C072C08.e.13180/click - {}
RESULT: {}
COMMAND: POST /session/0bd35d5034cd75fc8dc44075a41c35a4/element - {"using":"xpath","value":"//bdi[(text() = 'Select' or . = 'Select')]"}
COMMAND: GET /session/0bd35d5034cd75fc8dc44075a41c35a4/screenshot - {}
RESULT: {"using":"xpath","value":"//bdi[(text() = 'Select' or . = 'Select')]"}
COMMAND: POST /session/0bd35d5034cd75fc8dc44075a41c35a4/element/f.1DB2A491F1B7C642484AEDF47EA6FD52.d.CAB8997CFB1F122FDE2F0F8F6C072C08.e.13181/click - {}
RESULT: {}
RESULT: {}
COMMAND: GET /session/0bd35d5034cd75fc8dc44075a41c35a4/screenshot - {}
RESULT: {}
COMMAND: POST /session/0bd35d5034cd75fc8dc44075a41c35a4/element - {"using":"xpath","value":"//bdi[(text() = 'Save' or . = 'Save')]"}
RESULT: {"using":"xpath","value":"//bdi[(text() = 'Save' or . = 'Save')]"}
COMMAND: POST /session/0bd35d5034cd75fc8dc44075a41c35a4/element/f.1DB2A491F1B7C642484AEDF47EA6FD52.d.CAB8997CFB1F122FDE2F0F8F6C072C08.e.13185/click - {}
RESULT: {}
COMMAND: GET /session/0bd35d5034cd75fc8dc44075a41c35a4/screenshot - {}
RESULT: {}
COMMAND: POST /session/0bd35d5034cd75fc8dc44075a41c35a4/element - {"using":"xpath","value":"//input[contains(@id ,\"receiptDatePicker-inner\")]"}
RESULT: {"using":"xpath","value":"//input[contains(@id ,\"receiptDatePicker-inner\")]"}
COMMAND: POST /session/0bd35d5034cd75fc8dc44075a41c35a4/element/f.1DB2A491F1B7C642484AEDF47EA6FD52.d.CAB8997CFB1F122FDE2F0F8F6C072C08.e.13214/click - {}
RESULT: {}
COMMAND: POST /session/0bd35d5034cd75fc8dc44075a41c35a4/element - {"using":"xpath","value":"//input[contains(@id ,\"receiptDatePicker-inner\")]"}
COMMAND: GET /session/0bd35d5034cd75fc8dc44075a41c35a4/screenshot - {}
RESULT: {"using":"xpath","value":"//input[contains(@id ,\"receiptDatePicker-inner\")]"}
COMMAND: POST /session/0bd35d5034cd75fc8dc44075a41c35a4/element/f.1DB2A491F1B7C642484AEDF47EA6FD52.d.CAB8997CFB1F122FDE2F0F8F6C072C08.e.13214/clear - {}
RESULT: {}
RESULT: {}
COMMAND: POST /session/0bd35d5034cd75fc8dc44075a41c35a4/element/f.1DB2A491F1B7C642484AEDF47EA6FD52.d.CAB8997CFB1F122FDE2F0F8F6C072C08.e.13214/value - {"text":"5/6/25"}
COMMAND: GET /session/0bd35d5034cd75fc8dc44075a41c35a4/screenshot - {}
RESULT: {"text":"5/6/25"}
COMMAND: GET /session/0bd35d5034cd75fc8dc44075a41c35a4/screenshot - {}
RESULT: {}
RESULT: {}
COMMAND: POST /session/0bd35d5034cd75fc8dc44075a41c35a4/execute/async - {"script":"<script> [1562 bytes]","args":[{"selector":{"id":"administrationTabFilter","viewName":"etm.portal.ui.managehandovers.view.DetailExecuteHO","interaction":{"idSuffix":"text"}},"wdio_ui5_key":"administrationTabFilteretmportal.ui.managehandovers.view.DetailExecuteHO"}]}
RESULT: {"script":"<script> [1562 bytes]","args":[{"selector":{"id":"administrationTabFilter","viewName":"etm.portal.ui.managehandovers.view.DetailExecuteHO","interaction":{"idSuffix":"text"}},"wdio_ui5_key":"administrationTabFilteretmportal.ui.managehandovers.view.DetailExecuteHO"}]}
RESULT: undefined
COMMAND: POST /session/0bd35d5034cd75fc8dc44075a41c35a4/element - {"using":"xpath","value":"//*[@id=\"__xmlview59--administrationTabFilter\"]"}
RESULT: {"using":"xpath","value":"//*[@id=\"__xmlview59--administrationTabFilter\"]"}
COMMAND: POST /session/0bd35d5034cd75fc8dc44075a41c35a4/element/f.1DB2A491F1B7C642484AEDF47EA6FD52.d.CAB8997CFB1F122FDE2F0F8F6C072C08.e.13230/click - {}
RESULT: {}
RESULT: undefined
COMMAND: POST /session/0bd35d5034cd75fc8dc44075a41c35a4/element - {"using":"xpath","value":"//*[@id=\"__xmlview59--administrationTabFilter\"]"}
COMMAND: GET /session/0bd35d5034cd75fc8dc44075a41c35a4/screenshot - {}
RESULT: {"using":"xpath","value":"//*[@id=\"__xmlview59--administrationTabFilter\"]"}
COMMAND: POST /session/0bd35d5034cd75fc8dc44075a41c35a4/element/f.1DB2A491F1B7C642484AEDF47EA6FD52.d.CAB8997CFB1F122FDE2F0F8F6C072C08.e.13230/click - {}
RESULT: {}
RESULT: {}
COMMAND: GET /session/0bd35d5034cd75fc8dc44075a41c35a4/screenshot - {}
RESULT: {}
COMMAND: POST /session/0bd35d5034cd75fc8dc44075a41c35a4/element - {"using":"xpath","value":"//bdi[(text() = 'Confirm' or . = 'Confirm')]"}
RESULT: {"using":"xpath","value":"//bdi[(text() = 'Confirm' or . = 'Confirm')]"}
COMMAND: POST /session/0bd35d5034cd75fc8dc44075a41c35a4/element/f.1DB2A491F1B7C642484AEDF47EA6FD52.d.CAB8997CFB1F122FDE2F0F8F6C072C08.e.13238/click - {}
RESULT: {}
COMMAND: GET /session/0bd35d5034cd75fc8dc44075a41c35a4/screenshot - {}
RESULT: {}
COMMAND: POST /session/0bd35d5034cd75fc8dc44075a41c35a4/execute/async - {"script":"<script> [1562 bytes]","args":[{"selector":{"id":"confirmationButton","viewName":"etm.portal.ui.managehandovers.view.DetailExecuteHO","interaction":{"idSuffix":"BDI-content"}},"wdio_ui5_key":"confirmationButtonetmportal.ui.managehandovers.view.DetailExecuteHO"}]}
RESULT: {"script":"<script> [1562 bytes]","args":[{"selector":{"id":"confirmationButton","viewName":"etm.portal.ui.managehandovers.view.DetailExecuteHO","interaction":{"idSuffix":"BDI-content"}},"wdio_ui5_key":"confirmationButtonetmportal.ui.managehandovers.view.DetailExecuteHO"}]}
RESULT: undefined
COMMAND: POST /session/0bd35d5034cd75fc8dc44075a41c35a4/element - {"using":"xpath","value":"(//bdi[text()='Receive'])[2]"}
RESULT: {"using":"xpath","value":"(//bdi[text()='Receive'])[2]"}
COMMAND: GET /session/0bd35d5034cd75fc8dc44075a41c35a4/element/f.1DB2A491F1B7C642484AEDF47EA6FD52.d.CAB8997CFB1F122FDE2F0F8F6C072C08.e.13242/enabled - {}
RESULT: {}
COMMAND: POST /session/0bd35d5034cd75fc8dc44075a41c35a4/execute/sync - {"script":"<script> [8489 bytes]","args":[{"element-6066-11e4-a52e-4f735466cecf":"f.1DB2A491F1B7C642484AEDF47EA6FD52.d.CAB8997CFB1F122FDE2F0F8F6C072C08.e.13242","ELEMENT":"f.1DB2A491F1B7C642484AEDF47EA6FD52.d.CAB8997CFB1F122FDE2F0F8F6C072C08.e.13242"}]}
COMMAND: GET /session/0bd35d5034cd75fc8dc44075a41c35a4/screenshot - {}
RESULT: {"script":"<script> [8489 bytes]","args":[{"element-6066-11e4-a52e-4f735466cecf":"f.1DB2A491F1B7C642484AEDF47EA6FD52.d.CAB8997CFB1F122FDE2F0F8F6C072C08.e.13242","ELEMENT":"f.1DB2A491F1B7C642484AEDF47EA6FD52.d.CAB8997CFB1F122FDE2F0F8F6C072C08.e.13242"}]}
COMMAND: POST /session/0bd35d5034cd75fc8dc44075a41c35a4/execute/sync - {"script":"<script> [5351 bytes]","args":[{"element-6066-11e4-a52e-4f735466cecf":"f.1DB2A491F1B7C642484AEDF47EA6FD52.d.CAB8997CFB1F122FDE2F0F8F6C072C08.e.13242","ELEMENT":"f.1DB2A491F1B7C642484AEDF47EA6FD52.d.CAB8997CFB1F122FDE2F0F8F6C072C08.e.13242"}]}
COMMAND: GET /session/0bd35d5034cd75fc8dc44075a41c35a4/screenshot - {}
RESULT: {}
RESULT: {"script":"<script> [5351 bytes]","args":[{"element-6066-11e4-a52e-4f735466cecf":"f.1DB2A491F1B7C642484AEDF47EA6FD52.d.CAB8997CFB1F122FDE2F0F8F6C072C08.e.13242","ELEMENT":"f.1DB2A491F1B7C642484AEDF47EA6FD52.d.CAB8997CFB1F122FDE2F0F8F6C072C08.e.13242"}]}
COMMAND: POST /session/0bd35d5034cd75fc8dc44075a41c35a4/element/f.1DB2A491F1B7C642484AEDF47EA6FD52.d.CAB8997CFB1F122FDE2F0F8F6C072C08.e.13242/click - {}
COMMAND: GET /session/0bd35d5034cd75fc8dc44075a41c35a4/screenshot - {}
RESULT: {}
RESULT: {}
COMMAND: GET /session/0bd35d5034cd75fc8dc44075a41c35a4/screenshot - {}
RESULT: {}
RESULT: {}
COMMAND: POST /session/0bd35d5034cd75fc8dc44075a41c35a4/element - {"using":"css selector","value":"#shell-header-logo"}
RESULT: {"using":"css selector","value":"#shell-header-logo"}
COMMAND: POST /session/0bd35d5034cd75fc8dc44075a41c35a4/element/f.1DB2A491F1B7C642484AEDF47EA6FD52.d.CAB8997CFB1F122FDE2F0F8F6C072C08.e.12716/click - {}
RESULT: {}
COMMAND: GET /session/0bd35d5034cd75fc8dc44075a41c35a4/screenshot - {}
RESULT: {}
]]></system-out>
    </testcase>
    <testcase classname="chrome.135_0_7049_96.windows.Provide_to_Site_w/o_warehouse_management_wo_clarification" name="Should create a new contract" time="66.792">
      <system-out><![CDATA[
COMMAND: POST /session/0bd35d5034cd75fc8dc44075a41c35a4/execute/async - {"script":"<script> [1562 bytes]","args":[{"selector":{"controlType":"sap.m.GenericTile","properties":{"header":"Manage Contracts"}},"wdio_ui5_key":"sapm.GenericTile{\"header\":\"Manage Contracts\"}"}]}
RESULT: {"script":"<script> [1562 bytes]","args":[{"selector":{"controlType":"sap.m.GenericTile","properties":{"header":"Manage Contracts"}},"wdio_ui5_key":"sapm.GenericTile{\"header\":\"Manage Contracts\"}"}]}
RESULT: undefined
COMMAND: POST /session/0bd35d5034cd75fc8dc44075a41c35a4/element - {"using":"xpath","value":"//*[@id=\"__tile131\"]"}
RESULT: {"using":"xpath","value":"//*[@id=\"__tile131\"]"}
COMMAND: POST /session/0bd35d5034cd75fc8dc44075a41c35a4/element/f.1DB2A491F1B7C642484AEDF47EA6FD52.d.CAB8997CFB1F122FDE2F0F8F6C072C08.e.13483/click - {}
RESULT: {}
COMMAND: GET /session/0bd35d5034cd75fc8dc44075a41c35a4/screenshot - {}
COMMAND: POST /session/0bd35d5034cd75fc8dc44075a41c35a4/execute/async - {"script":"<script> [1562 bytes]","args":[{"selector":{"controlType":"sap.ui.core.Icon","viewName":"etm.portal.ui.managecontracts.view.Master","properties":{"src":{"regex":{"source":"add"}}}},"wdio_ui5_key":"etmportal.ui.managecontracts.view.Mastersap.ui.core.Icon{\"src\":{\"regex\":{\"source\":\"add\"}}}"}]}
RESULT: {}
RESULT: {"script":"<script> [1562 bytes]","args":[{"selector":{"controlType":"sap.ui.core.Icon","viewName":"etm.portal.ui.managecontracts.view.Master","properties":{"src":{"regex":{"source":"add"}}}},"wdio_ui5_key":"etmportal.ui.managecontracts.view.Mastersap.ui.core.Icon{\"src\":{\"regex\":{\"source\":\"add\"}}}"}]}
RESULT: undefined
COMMAND: POST /session/0bd35d5034cd75fc8dc44075a41c35a4/element - {"using":"xpath","value":"//*[@id=\"__button298-img\"]"}
RESULT: {"using":"xpath","value":"//*[@id=\"__button298-img\"]"}
COMMAND: POST /session/0bd35d5034cd75fc8dc44075a41c35a4/element/f.1DB2A491F1B7C642484AEDF47EA6FD52.d.CAB8997CFB1F122FDE2F0F8F6C072C08.e.13574/click - {}
RESULT: {}
COMMAND: POST /session/0bd35d5034cd75fc8dc44075a41c35a4/execute/async - {"script":"<script> [1562 bytes]","args":[{"selector":{"id":"application-managecontracts-display-component---AddNewContract--projectDescription","interaction":{"idSuffix":"inner"}},"wdio_ui5_key":"applicationmanagecontracts-display-component---AddNewContract--projectDescription"}]}
COMMAND: GET /session/0bd35d5034cd75fc8dc44075a41c35a4/screenshot - {}
RESULT: {"script":"<script> [1562 bytes]","args":[{"selector":{"id":"application-managecontracts-display-component---AddNewContract--projectDescription","interaction":{"idSuffix":"inner"}},"wdio_ui5_key":"applicationmanagecontracts-display-component---AddNewContract--projectDescription"}]}
RESULT: undefined
COMMAND: POST /session/0bd35d5034cd75fc8dc44075a41c35a4/execute/async - {"script":"<script> [776 bytes]","args":[{"enterText":"wdi5 contract for billing","selector":{"id":"application-managecontracts-display-component---AddNewContract--projectDescription","interaction":{"idSuffix":"inner"}},"clearTextFirst":true,"interactionType":"ENTER_TEXT"}]}
RESULT: {}
RESULT: {"script":"<script> [776 bytes]","args":[{"enterText":"wdi5 contract for billing","selector":{"id":"application-managecontracts-display-component---AddNewContract--projectDescription","interaction":{"idSuffix":"inner"}},"clearTextFirst":true,"interactionType":"ENTER_TEXT"}]}
COMMAND: POST /session/0bd35d5034cd75fc8dc44075a41c35a4/element - {"using":"xpath","value":"//input[@id=\"application-managecontracts-display-component---AddNewContract--customerSelect-inner\"]"}
RESULT: {"using":"xpath","value":"//input[@id=\"application-managecontracts-display-component---AddNewContract--customerSelect-inner\"]"}
COMMAND: POST /session/0bd35d5034cd75fc8dc44075a41c35a4/element/f.1DB2A491F1B7C642484AEDF47EA6FD52.d.CAB8997CFB1F122FDE2F0F8F6C072C08.e.13587/clear - {}
RESULT: {}
COMMAND: POST /session/0bd35d5034cd75fc8dc44075a41c35a4/element/f.1DB2A491F1B7C642484AEDF47EA6FD52.d.CAB8997CFB1F122FDE2F0F8F6C072C08.e.13587/value - {"text":"1500"}
COMMAND: GET /session/0bd35d5034cd75fc8dc44075a41c35a4/screenshot - {}
RESULT: {"text":"1500"}
COMMAND: GET /session/0bd35d5034cd75fc8dc44075a41c35a4/screenshot - {}
RESULT: {}
RESULT: {}
COMMAND: POST /session/0bd35d5034cd75fc8dc44075a41c35a4/actions - {"actions":[{"id":"action56","type":"key","parameters":{},"actions":[{"type":"keyDown","value":"î€‡"},{"type":"pause","duration":10},{"type":"keyUp","value":"î€‡"}]}]}
RESULT: {"actions":[{"id":"action56","type":"key","parameters":{},"actions":[{"type":"keyDown","value":"î€‡"},{"type":"pause","duration":10},{"type":"keyUp","value":"î€‡"}]}]}
COMMAND: POST /session/0bd35d5034cd75fc8dc44075a41c35a4/element - {"using":"xpath","value":"//input[@id=\"application-managecontracts-display-component---AddNewContract--site-inner\"]"}
COMMAND: GET /session/0bd35d5034cd75fc8dc44075a41c35a4/screenshot - {}
RESULT: {"using":"xpath","value":"//input[@id=\"application-managecontracts-display-component---AddNewContract--site-inner\"]"}
COMMAND: POST /session/0bd35d5034cd75fc8dc44075a41c35a4/element/f.1DB2A491F1B7C642484AEDF47EA6FD52.d.CAB8997CFB1F122FDE2F0F8F6C072C08.e.13588/clear - {}
RESULT: {}
RESULT: {}
COMMAND: POST /session/0bd35d5034cd75fc8dc44075a41c35a4/element/f.1DB2A491F1B7C642484AEDF47EA6FD52.d.CAB8997CFB1F122FDE2F0F8F6C072C08.e.13588/value - {"text":"2457"}
COMMAND: GET /session/0bd35d5034cd75fc8dc44075a41c35a4/screenshot - {}
RESULT: {"text":"2457"}
COMMAND: GET /session/0bd35d5034cd75fc8dc44075a41c35a4/screenshot - {}
RESULT: {}
RESULT: {}
COMMAND: POST /session/0bd35d5034cd75fc8dc44075a41c35a4/actions - {"actions":[{"id":"action57","type":"key","parameters":{},"actions":[{"type":"keyDown","value":"î€‡"},{"type":"pause","duration":10},{"type":"keyUp","value":"î€‡"}]}]}
RESULT: {"actions":[{"id":"action57","type":"key","parameters":{},"actions":[{"type":"keyDown","value":"î€‡"},{"type":"pause","duration":10},{"type":"keyUp","value":"î€‡"}]}]}
COMMAND: POST /session/0bd35d5034cd75fc8dc44075a41c35a4/execute/async - {"script":"<script> [1562 bytes]","args":[{"selector":{"id":"application-managecontracts-display-component---AddNewContract--calendarInput","interaction":{"idSuffix":"inner"}},"wdio_ui5_key":"applicationmanagecontracts-display-component---AddNewContract--calendarInput"}]}
COMMAND: GET /session/0bd35d5034cd75fc8dc44075a41c35a4/screenshot - {}
RESULT: {"script":"<script> [1562 bytes]","args":[{"selector":{"id":"application-managecontracts-display-component---AddNewContract--calendarInput","interaction":{"idSuffix":"inner"}},"wdio_ui5_key":"applicationmanagecontracts-display-component---AddNewContract--calendarInput"}]}
RESULT: undefined
COMMAND: POST /session/0bd35d5034cd75fc8dc44075a41c35a4/execute/async - {"script":"<script> [776 bytes]","args":[{"enterText":"1 - Calendar unit test patch","selector":{"id":"application-managecontracts-display-component---AddNewContract--calendarInput","interaction":{"idSuffix":"inner"}},"clearTextFirst":true,"interactionType":"ENTER_TEXT"}]}
RESULT: {}
RESULT: {"script":"<script> [776 bytes]","args":[{"enterText":"1 - Calendar unit test patch","selector":{"id":"application-managecontracts-display-component---AddNewContract--calendarInput","interaction":{"idSuffix":"inner"}},"clearTextFirst":true,"interactionType":"ENTER_TEXT"}]}
COMMAND: POST /session/0bd35d5034cd75fc8dc44075a41c35a4/actions - {"actions":[{"id":"action58","type":"key","parameters":{},"actions":[{"type":"keyDown","value":"î€‡"},{"type":"pause","duration":10},{"type":"keyUp","value":"î€‡"}]}]}
RESULT: {"actions":[{"id":"action58","type":"key","parameters":{},"actions":[{"type":"keyDown","value":"î€‡"},{"type":"pause","duration":10},{"type":"keyUp","value":"î€‡"}]}]}
COMMAND: POST /session/0bd35d5034cd75fc8dc44075a41c35a4/execute/async - {"script":"<script> [1562 bytes]","args":[{"selector":{"id":"application-managecontracts-display-component---AddNewContract--languageCB","interaction":{"idSuffix":"inner"}},"wdio_ui5_key":"applicationmanagecontracts-display-component---AddNewContract--languageCB"}]}
COMMAND: GET /session/0bd35d5034cd75fc8dc44075a41c35a4/screenshot - {}
RESULT: {"script":"<script> [1562 bytes]","args":[{"selector":{"id":"application-managecontracts-display-component---AddNewContract--languageCB","interaction":{"idSuffix":"inner"}},"wdio_ui5_key":"applicationmanagecontracts-display-component---AddNewContract--languageCB"}]}
RESULT: undefined
COMMAND: POST /session/0bd35d5034cd75fc8dc44075a41c35a4/execute/async - {"script":"<script> [776 bytes]","args":[{"enterText":"EN - English","selector":{"id":"application-managecontracts-display-component---AddNewContract--languageCB","interaction":{"idSuffix":"inner"}},"clearTextFirst":true,"interactionType":"ENTER_TEXT"}]}
RESULT: {}
RESULT: {"script":"<script> [776 bytes]","args":[{"enterText":"EN - English","selector":{"id":"application-managecontracts-display-component---AddNewContract--languageCB","interaction":{"idSuffix":"inner"}},"clearTextFirst":true,"interactionType":"ENTER_TEXT"}]}
COMMAND: POST /session/0bd35d5034cd75fc8dc44075a41c35a4/actions - {"actions":[{"id":"action59","type":"key","parameters":{},"actions":[{"type":"keyDown","value":"î€‡"},{"type":"pause","duration":10},{"type":"keyUp","value":"î€‡"}]}]}
RESULT: {"actions":[{"id":"action59","type":"key","parameters":{},"actions":[{"type":"keyDown","value":"î€‡"},{"type":"pause","duration":10},{"type":"keyUp","value":"î€‡"}]}]}
COMMAND: POST /session/0bd35d5034cd75fc8dc44075a41c35a4/execute/async - {"script":"<script> [1562 bytes]","args":[{"selector":{"id":"application-managecontracts-display-component---AddNewContract--saveBtn","interaction":{"idSuffix":"BDI-content"}},"wdio_ui5_key":"applicationmanagecontracts-display-component---AddNewContract--saveBtn"}]}
COMMAND: GET /session/0bd35d5034cd75fc8dc44075a41c35a4/screenshot - {}
RESULT: {"script":"<script> [1562 bytes]","args":[{"selector":{"id":"application-managecontracts-display-component---AddNewContract--saveBtn","interaction":{"idSuffix":"BDI-content"}},"wdio_ui5_key":"applicationmanagecontracts-display-component---AddNewContract--saveBtn"}]}
RESULT: undefined
COMMAND: POST /session/0bd35d5034cd75fc8dc44075a41c35a4/element - {"using":"xpath","value":"//*[@id=\"application-managecontracts-display-component---AddNewContract--saveBtn\"]"}
RESULT: {}
RESULT: {"using":"xpath","value":"//*[@id=\"application-managecontracts-display-component---AddNewContract--saveBtn\"]"}
COMMAND: POST /session/0bd35d5034cd75fc8dc44075a41c35a4/element/f.1DB2A491F1B7C642484AEDF47EA6FD52.d.CAB8997CFB1F122FDE2F0F8F6C072C08.e.13703/click - {}
RESULT: {}
COMMAND: GET /session/0bd35d5034cd75fc8dc44075a41c35a4/screenshot - {}
RESULT: {}
COMMAND: POST /session/0bd35d5034cd75fc8dc44075a41c35a4/execute/async - {"script":"<script> [1562 bytes]","args":[{"selector":{"id":"contractDetailTitleNoExpanded","viewName":"etm.portal.ui.managecontracts.view.Detail"},"wdio_ui5_key":"contractDetailTitleNoExpandedetmportal.ui.managecontracts.view.Detail"}]}
RESULT: {"script":"<script> [1562 bytes]","args":[{"selector":{"id":"contractDetailTitleNoExpanded","viewName":"etm.portal.ui.managecontracts.view.Detail"},"wdio_ui5_key":"contractDetailTitleNoExpandedetmportal.ui.managecontracts.view.Detail"}]}
RESULT: undefined
COMMAND: POST /session/0bd35d5034cd75fc8dc44075a41c35a4/execute/async - {"script":"<script> [6424 bytes]","args":[{"element-6066-11e4-a52e-4f735466cecf":"f.1DB2A491F1B7C642484AEDF47EA6FD52.d.CAB8997CFB1F122FDE2F0F8F6C072C08.e.13739"},"getText",[]]}
RESULT: {"script":"<script> [6424 bytes]","args":[{"element-6066-11e4-a52e-4f735466cecf":"f.1DB2A491F1B7C642484AEDF47EA6FD52.d.CAB8997CFB1F122FDE2F0F8F6C072C08.e.13739"},"getText",[]]}
]]></system-out>
    </testcase>
    <testcase classname="chrome.135_0_7049_96.windows.Provide_to_Site_w/o_warehouse_management_wo_clarification" name="Should add resource to the contract" time="59.465">
      <system-out><![CDATA[
COMMAND: POST /session/0bd35d5034cd75fc8dc44075a41c35a4/execute/async - {"script":"<script> [1562 bytes]","args":[{"selector":{"id":"contractDetailEditBtn","viewName":"etm.portal.ui.managecontracts.view.Detail","interaction":{"idSuffix":"BDI-content"}},"wdio_ui5_key":"contractDetailEditBtnetmportal.ui.managecontracts.view.Detail"}]}
RESULT: {"script":"<script> [1562 bytes]","args":[{"selector":{"id":"contractDetailEditBtn","viewName":"etm.portal.ui.managecontracts.view.Detail","interaction":{"idSuffix":"BDI-content"}},"wdio_ui5_key":"contractDetailEditBtnetmportal.ui.managecontracts.view.Detail"}]}
RESULT: undefined
COMMAND: POST /session/0bd35d5034cd75fc8dc44075a41c35a4/element - {"using":"xpath","value":"//*[@id=\"__xmlview61--contractDetailEditBtn\"]"}
RESULT: {"using":"xpath","value":"//*[@id=\"__xmlview61--contractDetailEditBtn\"]"}
COMMAND: POST /session/0bd35d5034cd75fc8dc44075a41c35a4/element/f.1DB2A491F1B7C642484AEDF47EA6FD52.d.CAB8997CFB1F122FDE2F0F8F6C072C08.e.13741/click - {}
RESULT: {}
COMMAND: GET /session/0bd35d5034cd75fc8dc44075a41c35a4/screenshot - {}
RESULT: {}
COMMAND: POST /session/0bd35d5034cd75fc8dc44075a41c35a4/execute/async - {"script":"<script> [1562 bytes]","args":[{"selector":{"id":"additionalAddressesTabFilter","viewName":"etm.portal.ui.managecontracts.view.EditContract","interaction":{"idSuffix":"text"}},"wdio_ui5_key":"additionalAddressesTabFilteretmportal.ui.managecontracts.view.EditContract"}]}
RESULT: {"script":"<script> [1562 bytes]","args":[{"selector":{"id":"additionalAddressesTabFilter","viewName":"etm.portal.ui.managecontracts.view.EditContract","interaction":{"idSuffix":"text"}},"wdio_ui5_key":"additionalAddressesTabFilteretmportal.ui.managecontracts.view.EditContract"}]}
RESULT: undefined
COMMAND: POST /session/0bd35d5034cd75fc8dc44075a41c35a4/element - {"using":"xpath","value":"//*[@id=\"__xmlview62--additionalAddressesTabFilter\"]"}
RESULT: {"using":"xpath","value":"//*[@id=\"__xmlview62--additionalAddressesTabFilter\"]"}
COMMAND: POST /session/0bd35d5034cd75fc8dc44075a41c35a4/element/f.1DB2A491F1B7C642484AEDF47EA6FD52.d.CAB8997CFB1F122FDE2F0F8F6C072C08.e.13802/click - {}
RESULT: {}
RESULT: undefined
COMMAND: POST /session/0bd35d5034cd75fc8dc44075a41c35a4/element - {"using":"xpath","value":"//*[@id=\"__xmlview62--additionalAddressesTabFilter\"]"}
COMMAND: GET /session/0bd35d5034cd75fc8dc44075a41c35a4/screenshot - {}
RESULT: {"using":"xpath","value":"//*[@id=\"__xmlview62--additionalAddressesTabFilter\"]"}
COMMAND: POST /session/0bd35d5034cd75fc8dc44075a41c35a4/element/f.1DB2A491F1B7C642484AEDF47EA6FD52.d.CAB8997CFB1F122FDE2F0F8F6C072C08.e.13802/click - {}
RESULT: {}
RESULT: {}
COMMAND: POST /session/0bd35d5034cd75fc8dc44075a41c35a4/execute/async - {"script":"<script> [1562 bytes]","args":[{"selector":{"controlType":"sap.ui.core.Icon","viewName":"etm.portal.ui.managecontracts.view.EditContract","properties":{"src":{"regex":{"source":"add"}}}},"wdio_ui5_key":"etmportal.ui.managecontracts.view.EditContractsap.ui.core.Icon{\"src\":{\"regex\":{\"source\":\"add\"}}}"}]}
COMMAND: GET /session/0bd35d5034cd75fc8dc44075a41c35a4/screenshot - {}
RESULT: {"script":"<script> [1562 bytes]","args":[{"selector":{"controlType":"sap.ui.core.Icon","viewName":"etm.portal.ui.managecontracts.view.EditContract","properties":{"src":{"regex":{"source":"add"}}}},"wdio_ui5_key":"etmportal.ui.managecontracts.view.EditContractsap.ui.core.Icon{\"src\":{\"regex\":{\"source\":\"add\"}}}"}]}
RESULT: undefined
COMMAND: POST /session/0bd35d5034cd75fc8dc44075a41c35a4/element - {"using":"xpath","value":"//*[@id=\"__xmlview62--btnAddTableRow-img\"]"}
RESULT: {}
RESULT: {"using":"xpath","value":"//*[@id=\"__xmlview62--btnAddTableRow-img\"]"}
COMMAND: POST /session/0bd35d5034cd75fc8dc44075a41c35a4/element/f.1DB2A491F1B7C642484AEDF47EA6FD52.d.CAB8997CFB1F122FDE2F0F8F6C072C08.e.13805/click - {}
RESULT: {}
COMMAND: POST /session/0bd35d5034cd75fc8dc44075a41c35a4/element - {"using":"xpath","value":"//div[(text() = 'Standard Entry' or . = 'Standard Entry')]"}
COMMAND: GET /session/0bd35d5034cd75fc8dc44075a41c35a4/screenshot - {}
RESULT: {"using":"xpath","value":"//div[(text() = 'Standard Entry' or . = 'Standard Entry')]"}
COMMAND: POST /session/0bd35d5034cd75fc8dc44075a41c35a4/element/f.1DB2A491F1B7C642484AEDF47EA6FD52.d.CAB8997CFB1F122FDE2F0F8F6C072C08.e.13807/click - {}
RESULT: {}
RESULT: {}
COMMAND: POST /session/0bd35d5034cd75fc8dc44075a41c35a4/execute/async - {"script":"<script> [1562 bytes]","args":[{"selector":{"controlType":"sap.ui.core.Icon","viewName":"etm.portal.ui.managecontracts.view.EditContract","properties":{"src":{"regex":{"source":"inspect"}}}},"wdio_ui5_key":"etmportal.ui.managecontracts.view.EditContractsap.ui.core.Icon{\"src\":{\"regex\":{\"source\":\"inspect\"}}}"}]}
COMMAND: GET /session/0bd35d5034cd75fc8dc44075a41c35a4/screenshot - {}
RESULT: {"script":"<script> [1562 bytes]","args":[{"selector":{"controlType":"sap.ui.core.Icon","viewName":"etm.portal.ui.managecontracts.view.EditContract","properties":{"src":{"regex":{"source":"inspect"}}}},"wdio_ui5_key":"etmportal.ui.managecontracts.view.EditContractsap.ui.core.Icon{\"src\":{\"regex\":{\"source\":\"inspect\"}}}"}]}
RESULT: undefined
COMMAND: POST /session/0bd35d5034cd75fc8dc44075a41c35a4/element - {"using":"xpath","value":"//*[@id=\"__button324-img\"]"}
RESULT: {}
RESULT: {"using":"xpath","value":"//*[@id=\"__button324-img\"]"}
COMMAND: POST /session/0bd35d5034cd75fc8dc44075a41c35a4/element/f.1DB2A491F1B7C642484AEDF47EA6FD52.d.CAB8997CFB1F122FDE2F0F8F6C072C08.e.13819/click - {}
RESULT: {}
COMMAND: GET /session/0bd35d5034cd75fc8dc44075a41c35a4/screenshot - {}
RESULT: {}
COMMAND: POST /session/0bd35d5034cd75fc8dc44075a41c35a4/element - {"using":"xpath","value":"//td[6]/div/div/input[1]"}
RESULT: {"using":"xpath","value":"//td[6]/div/div/input[1]"}
COMMAND: POST /session/0bd35d5034cd75fc8dc44075a41c35a4/element/f.1DB2A491F1B7C642484AEDF47EA6FD52.d.CAB8997CFB1F122FDE2F0F8F6C072C08.e.13809/clear - {}
RESULT: {}
COMMAND: GET /session/0bd35d5034cd75fc8dc44075a41c35a4/screenshot - {}
RESULT: {}
COMMAND: POST /session/0bd35d5034cd75fc8dc44075a41c35a4/element - {"using":"xpath","value":"//td[6]/div/div/input[1]"}
RESULT: {"using":"xpath","value":"//td[6]/div/div/input[1]"}
COMMAND: POST /session/0bd35d5034cd75fc8dc44075a41c35a4/element/f.1DB2A491F1B7C642484AEDF47EA6FD52.d.CAB8997CFB1F122FDE2F0F8F6C072C08.e.13835/click - {}
RESULT: {}
COMMAND: POST /session/0bd35d5034cd75fc8dc44075a41c35a4/actions - {"actions":[{"id":"action60","type":"key","parameters":{},"actions":[{"type":"keyDown","value":"î€ƒ"},{"type":"pause","duration":10},{"type":"keyUp","value":"î€ƒ"}]}]}
COMMAND: GET /session/0bd35d5034cd75fc8dc44075a41c35a4/screenshot - {}
RESULT: {"actions":[{"id":"action60","type":"key","parameters":{},"actions":[{"type":"keyDown","value":"î€ƒ"},{"type":"pause","duration":10},{"type":"keyUp","value":"î€ƒ"}]}]}
COMMAND: POST /session/0bd35d5034cd75fc8dc44075a41c35a4/element - {"using":"xpath","value":"//td[6]/div/div/input[1]"}
COMMAND: GET /session/0bd35d5034cd75fc8dc44075a41c35a4/screenshot - {}
RESULT: {}
RESULT: {"using":"xpath","value":"//td[6]/div/div/input[1]"}
COMMAND: POST /session/0bd35d5034cd75fc8dc44075a41c35a4/element/f.1DB2A491F1B7C642484AEDF47EA6FD52.d.CAB8997CFB1F122FDE2F0F8F6C072C08.e.13835/clear - {}
RESULT: {}
RESULT: {}
COMMAND: POST /session/0bd35d5034cd75fc8dc44075a41c35a4/element/f.1DB2A491F1B7C642484AEDF47EA6FD52.d.CAB8997CFB1F122FDE2F0F8F6C072C08.e.13835/value - {"text":"Material"}
COMMAND: GET /session/0bd35d5034cd75fc8dc44075a41c35a4/screenshot - {}
RESULT: {"text":"Material"}
COMMAND: GET /session/0bd35d5034cd75fc8dc44075a41c35a4/screenshot - {}
RESULT: {}
RESULT: {}
COMMAND: POST /session/0bd35d5034cd75fc8dc44075a41c35a4/actions - {"actions":[{"id":"action61","type":"key","parameters":{},"actions":[{"type":"keyDown","value":"î€‡"},{"type":"pause","duration":10},{"type":"keyUp","value":"î€‡"}]}]}
RESULT: {"actions":[{"id":"action61","type":"key","parameters":{},"actions":[{"type":"keyDown","value":"î€‡"},{"type":"pause","duration":10},{"type":"keyUp","value":"î€‡"}]}]}
COMMAND: POST /session/0bd35d5034cd75fc8dc44075a41c35a4/element - {"using":"xpath","value":"//td[7]/div/div/input[1]"}
COMMAND: GET /session/0bd35d5034cd75fc8dc44075a41c35a4/screenshot - {}
RESULT: {"using":"xpath","value":"//td[7]/div/div/input[1]"}
COMMAND: POST /session/0bd35d5034cd75fc8dc44075a41c35a4/element/f.1DB2A491F1B7C642484AEDF47EA6FD52.d.CAB8997CFB1F122FDE2F0F8F6C072C08.e.13857/clear - {}
RESULT: {}
RESULT: {}
COMMAND: POST /session/0bd35d5034cd75fc8dc44075a41c35a4/element/f.1DB2A491F1B7C642484AEDF47EA6FD52.d.CAB8997CFB1F122FDE2F0F8F6C072C08.e.13857/value - {"text":"200345"}
COMMAND: GET /session/0bd35d5034cd75fc8dc44075a41c35a4/screenshot - {}
RESULT: {"text":"200345"}
COMMAND: GET /session/0bd35d5034cd75fc8dc44075a41c35a4/screenshot - {}
RESULT: {}
RESULT: {}
COMMAND: POST /session/0bd35d5034cd75fc8dc44075a41c35a4/actions - {"actions":[{"id":"action62","type":"key","parameters":{},"actions":[{"type":"keyDown","value":"î€‡"},{"type":"pause","duration":10},{"type":"keyUp","value":"î€‡"}]}]}
RESULT: {"actions":[{"id":"action62","type":"key","parameters":{},"actions":[{"type":"keyDown","value":"î€‡"},{"type":"pause","duration":10},{"type":"keyUp","value":"î€‡"}]}]}
COMMAND: POST /session/0bd35d5034cd75fc8dc44075a41c35a4/execute/async - {"script":"<script> [1562 bytes]","args":[{"selector":{"controlType":"sap.m.Button","properties":{"text":"OK"},"searchOpenDialogs":true,"interaction":{"idSuffix":"BDI-content"}},"wdio_ui5_key":"sapm.Button{\"text\":\"OK\"}"}]}
COMMAND: GET /session/0bd35d5034cd75fc8dc44075a41c35a4/screenshot - {}
RESULT: {"script":"<script> [1562 bytes]","args":[{"selector":{"controlType":"sap.m.Button","properties":{"text":"OK"},"searchOpenDialogs":true,"interaction":{"idSuffix":"BDI-content"}},"wdio_ui5_key":"sapm.Button{\"text\":\"OK\"}"}]}
RESULT: undefined
COMMAND: POST /session/0bd35d5034cd75fc8dc44075a41c35a4/element - {"using":"xpath","value":"//*[@id=\"__mbox-btn-1\"]"}
RESULT: {}
RESULT: {"using":"xpath","value":"//*[@id=\"__mbox-btn-1\"]"}
COMMAND: POST /session/0bd35d5034cd75fc8dc44075a41c35a4/element/f.1DB2A491F1B7C642484AEDF47EA6FD52.d.CAB8997CFB1F122FDE2F0F8F6C072C08.e.13878/click - {}
RESULT: {}
COMMAND: POST /session/0bd35d5034cd75fc8dc44075a41c35a4/execute/async - {"script":"<script> [1562 bytes]","args":[{"selector":{"id":"saveBtn","viewName":"etm.portal.ui.managecontracts.view.EditContract","interaction":{"idSuffix":"BDI-content"}},"wdio_ui5_key":"saveBtnetmportal.ui.managecontracts.view.EditContract"}]}
COMMAND: GET /session/0bd35d5034cd75fc8dc44075a41c35a4/screenshot - {}
RESULT: {"script":"<script> [1562 bytes]","args":[{"selector":{"id":"saveBtn","viewName":"etm.portal.ui.managecontracts.view.EditContract","interaction":{"idSuffix":"BDI-content"}},"wdio_ui5_key":"saveBtnetmportal.ui.managecontracts.view.EditContract"}]}
RESULT: undefined
COMMAND: POST /session/0bd35d5034cd75fc8dc44075a41c35a4/element - {"using":"xpath","value":"//*[@id=\"__xmlview62--saveBtn\"]"}
RESULT: {}
RESULT: {"using":"xpath","value":"//*[@id=\"__xmlview62--saveBtn\"]"}
COMMAND: POST /session/0bd35d5034cd75fc8dc44075a41c35a4/element/f.1DB2A491F1B7C642484AEDF47EA6FD52.d.CAB8997CFB1F122FDE2F0F8F6C072C08.e.13904/click - {}
RESULT: {}
COMMAND: GET /session/0bd35d5034cd75fc8dc44075a41c35a4/screenshot - {}
RESULT: {}
COMMAND: POST /session/0bd35d5034cd75fc8dc44075a41c35a4/execute/async - {"script":"<script> [1562 bytes]","args":[{"selector":{"id":"additionalAddressesTabFilter","viewName":"etm.portal.ui.managecontracts.view.Detail","interaction":{"idSuffix":"text"}},"wdio_ui5_key":"additionalAddressesTabFilteretmportal.ui.managecontracts.view.Detail"}]}
RESULT: {"script":"<script> [1562 bytes]","args":[{"selector":{"id":"additionalAddressesTabFilter","viewName":"etm.portal.ui.managecontracts.view.Detail","interaction":{"idSuffix":"text"}},"wdio_ui5_key":"additionalAddressesTabFilteretmportal.ui.managecontracts.view.Detail"}]}
RESULT: undefined
COMMAND: POST /session/0bd35d5034cd75fc8dc44075a41c35a4/element - {"using":"xpath","value":"//*[@id=\"__xmlview61--additionalAddressesTabFilter\"]"}
RESULT: {"using":"xpath","value":"//*[@id=\"__xmlview61--additionalAddressesTabFilter\"]"}
COMMAND: POST /session/0bd35d5034cd75fc8dc44075a41c35a4/element/f.1DB2A491F1B7C642484AEDF47EA6FD52.d.CAB8997CFB1F122FDE2F0F8F6C072C08.e.13908/click - {}
RESULT: {}
COMMAND: POST /session/0bd35d5034cd75fc8dc44075a41c35a4/execute/async - {"script":"<script> [1562 bytes]","args":[{"selector":{"id":"contractDetailProvideButton","viewName":"etm.portal.ui.managecontracts.view.Detail","interaction":{"idSuffix":"BDI-content"}},"wdio_ui5_key":"contractDetailProvideButtonetmportal.ui.managecontracts.view.Detail"}]}
COMMAND: GET /session/0bd35d5034cd75fc8dc44075a41c35a4/screenshot - {}
RESULT: {"script":"<script> [1562 bytes]","args":[{"selector":{"id":"contractDetailProvideButton","viewName":"etm.portal.ui.managecontracts.view.Detail","interaction":{"idSuffix":"BDI-content"}},"wdio_ui5_key":"contractDetailProvideButtonetmportal.ui.managecontracts.view.Detail"}]}
RESULT: undefined
COMMAND: POST /session/0bd35d5034cd75fc8dc44075a41c35a4/element - {"using":"xpath","value":"//*[@id=\"__xmlview61--contractDetailProvideButton\"]"}
RESULT: {}
RESULT: {"using":"xpath","value":"//*[@id=\"__xmlview61--contractDetailProvideButton\"]"}
COMMAND: POST /session/0bd35d5034cd75fc8dc44075a41c35a4/element/f.1DB2A491F1B7C642484AEDF47EA6FD52.d.CAB8997CFB1F122FDE2F0F8F6C072C08.e.13915/click - {}
RESULT: {}
COMMAND: GET /session/0bd35d5034cd75fc8dc44075a41c35a4/screenshot - {}
RESULT: {}
]]></system-out>
    </testcase>
    <testcase classname="chrome.135_0_7049_96.windows.Provide_to_Site_w/o_warehouse_management_wo_clarification" name="Should Create HandOvers provide to site" time="178.375">
      <system-out><![CDATA[
COMMAND: POST /session/0bd35d5034cd75fc8dc44075a41c35a4/element - {"using":"css selector","value":"#application-managehandovers-display-component---AddNewHO--dueDate-inner"}
RESULT: {"using":"css selector","value":"#application-managehandovers-display-component---AddNewHO--dueDate-inner"}
COMMAND: POST /session/0bd35d5034cd75fc8dc44075a41c35a4/element/f.1DB2A491F1B7C642484AEDF47EA6FD52.d.CAB8997CFB1F122FDE2F0F8F6C072C08.e.13991/clear - {}
RESULT: {}
COMMAND: POST /session/0bd35d5034cd75fc8dc44075a41c35a4/element/f.1DB2A491F1B7C642484AEDF47EA6FD52.d.CAB8997CFB1F122FDE2F0F8F6C072C08.e.13991/value - {"text":"5/6/25"}
COMMAND: GET /session/0bd35d5034cd75fc8dc44075a41c35a4/screenshot - {}
RESULT: {"text":"5/6/25"}
COMMAND: POST /session/0bd35d5034cd75fc8dc44075a41c35a4/element - {"using":"xpath","value":"//bdi[(text() = 'Items' or . = 'Items')]"}
COMMAND: GET /session/0bd35d5034cd75fc8dc44075a41c35a4/screenshot - {}
RESULT: {}
RESULT: {"using":"xpath","value":"//bdi[(text() = 'Items' or . = 'Items')]"}
COMMAND: POST /session/0bd35d5034cd75fc8dc44075a41c35a4/element/f.1DB2A491F1B7C642484AEDF47EA6FD52.d.CAB8997CFB1F122FDE2F0F8F6C072C08.e.14083/click - {}
RESULT: {}
RESULT: {}
COMMAND: POST /session/0bd35d5034cd75fc8dc44075a41c35a4/execute/async - {"script":"<script> [1562 bytes]","args":[{"selector":{"controlType":"sap.m.Button","viewName":"etm.portal.ui.managehandovers.view.AddNewHO","viewId":"application-managehandovers-display-component---AddNewHO","i18NText":{"propertyName":"tooltip","key":"addItems"}},"wdio_ui5_key":"etmportal.ui.managehandovers.view.AddNewHOsap.m.Button{\"propertyName\":\"tooltip\",\"key\":\"addItems\"}"}]}
COMMAND: GET /session/0bd35d5034cd75fc8dc44075a41c35a4/screenshot - {}
RESULT: {"script":"<script> [1562 bytes]","args":[{"selector":{"controlType":"sap.m.Button","viewName":"etm.portal.ui.managehandovers.view.AddNewHO","viewId":"application-managehandovers-display-component---AddNewHO","i18NText":{"propertyName":"tooltip","key":"addItems"}},"wdio_ui5_key":"etmportal.ui.managehandovers.view.AddNewHOsap.m.Button{\"propertyName\":\"tooltip\",\"key\":\"addItems\"}"}]}
RESULT: undefined
COMMAND: POST /session/0bd35d5034cd75fc8dc44075a41c35a4/element - {"using":"xpath","value":"//*[@id=\"__button349\"]"}
RESULT: {}
RESULT: {"using":"xpath","value":"//*[@id=\"__button349\"]"}
COMMAND: POST /session/0bd35d5034cd75fc8dc44075a41c35a4/element/f.1DB2A491F1B7C642484AEDF47EA6FD52.d.CAB8997CFB1F122FDE2F0F8F6C072C08.e.14088/click - {}
RESULT: {}
COMMAND: GET /session/0bd35d5034cd75fc8dc44075a41c35a4/screenshot - {}
RESULT: {}
COMMAND: POST /session/0bd35d5034cd75fc8dc44075a41c35a4/element - {"using":"css selector","value":"div[id= \"application-managehandovers-display-component---AddNewHO--popup-sa-CbBg\"]"}
RESULT: {"using":"css selector","value":"div[id= \"application-managehandovers-display-component---AddNewHO--popup-sa-CbBg\"]"}
COMMAND: POST /session/0bd35d5034cd75fc8dc44075a41c35a4/element/f.1DB2A491F1B7C642484AEDF47EA6FD52.d.CAB8997CFB1F122FDE2F0F8F6C072C08.e.14094/click - {}
RESULT: {}
COMMAND: GET /session/0bd35d5034cd75fc8dc44075a41c35a4/screenshot - {}
RESULT: {}
COMMAND: POST /session/0bd35d5034cd75fc8dc44075a41c35a4/element - {"using":"xpath","value":"//bdi[(text() = 'Select' or . = 'Select')]"}
RESULT: {"using":"xpath","value":"//bdi[(text() = 'Select' or . = 'Select')]"}
COMMAND: POST /session/0bd35d5034cd75fc8dc44075a41c35a4/element/f.1DB2A491F1B7C642484AEDF47EA6FD52.d.CAB8997CFB1F122FDE2F0F8F6C072C08.e.14096/click - {}
RESULT: {}
COMMAND: GET /session/0bd35d5034cd75fc8dc44075a41c35a4/screenshot - {}
RESULT: {}
COMMAND: POST /session/0bd35d5034cd75fc8dc44075a41c35a4/element - {"using":"xpath","value":"//bdi[(text() = 'Save' or . = 'Save')]"}
RESULT: {"using":"xpath","value":"//bdi[(text() = 'Save' or . = 'Save')]"}
COMMAND: POST /session/0bd35d5034cd75fc8dc44075a41c35a4/element/f.1DB2A491F1B7C642484AEDF47EA6FD52.d.CAB8997CFB1F122FDE2F0F8F6C072C08.e.14104/click - {}
RESULT: {}
COMMAND: GET /session/0bd35d5034cd75fc8dc44075a41c35a4/screenshot - {}
COMMAND: POST /session/0bd35d5034cd75fc8dc44075a41c35a4/element - {"using":"xpath","value":"//*[text()='OK']"}
RESULT: {}
RESULT: {"using":"xpath","value":"//*[text()='OK']"}
COMMAND: POST /session/0bd35d5034cd75fc8dc44075a41c35a4/elements - {"using":"xpath","value":"//*[text()='OK']"}
RESULT: {"using":"xpath","value":"//*[text()='OK']"}
COMMAND: POST /session/0bd35d5034cd75fc8dc44075a41c35a4/elements - {"using":"xpath","value":"//*[text()='OK']"}
RESULT: {"using":"xpath","value":"//*[text()='OK']"}
COMMAND: POST /session/0bd35d5034cd75fc8dc44075a41c35a4/elements - {"using":"xpath","value":"//*[text()='OK']"}
RESULT: {"using":"xpath","value":"//*[text()='OK']"}
COMMAND: POST /session/0bd35d5034cd75fc8dc44075a41c35a4/elements - {"using":"xpath","value":"//*[text()='OK']"}
RESULT: {"using":"xpath","value":"//*[text()='OK']"}
COMMAND: POST /session/0bd35d5034cd75fc8dc44075a41c35a4/elements - {"using":"xpath","value":"//*[text()='OK']"}
RESULT: {"using":"xpath","value":"//*[text()='OK']"}
COMMAND: POST /session/0bd35d5034cd75fc8dc44075a41c35a4/elements - {"using":"xpath","value":"//*[text()='OK']"}
RESULT: {"using":"xpath","value":"//*[text()='OK']"}
COMMAND: POST /session/0bd35d5034cd75fc8dc44075a41c35a4/elements - {"using":"xpath","value":"//*[text()='OK']"}
RESULT: {"using":"xpath","value":"//*[text()='OK']"}
COMMAND: POST /session/0bd35d5034cd75fc8dc44075a41c35a4/elements - {"using":"xpath","value":"//*[text()='OK']"}
RESULT: {"using":"xpath","value":"//*[text()='OK']"}
COMMAND: POST /session/0bd35d5034cd75fc8dc44075a41c35a4/elements - {"using":"xpath","value":"//*[text()='OK']"}
RESULT: {"using":"xpath","value":"//*[text()='OK']"}
COMMAND: POST /session/0bd35d5034cd75fc8dc44075a41c35a4/elements - {"using":"xpath","value":"//*[text()='OK']"}
RESULT: {"using":"xpath","value":"//*[text()='OK']"}
COMMAND: POST /session/0bd35d5034cd75fc8dc44075a41c35a4/elements - {"using":"xpath","value":"//*[text()='OK']"}
RESULT: {"using":"xpath","value":"//*[text()='OK']"}
COMMAND: POST /session/0bd35d5034cd75fc8dc44075a41c35a4/elements - {"using":"xpath","value":"//*[text()='OK']"}
RESULT: {"using":"xpath","value":"//*[text()='OK']"}
COMMAND: POST /session/0bd35d5034cd75fc8dc44075a41c35a4/elements - {"using":"xpath","value":"//*[text()='OK']"}
RESULT: {"using":"xpath","value":"//*[text()='OK']"}
COMMAND: POST /session/0bd35d5034cd75fc8dc44075a41c35a4/elements - {"using":"xpath","value":"//*[text()='OK']"}
RESULT: {"using":"xpath","value":"//*[text()='OK']"}
COMMAND: POST /session/0bd35d5034cd75fc8dc44075a41c35a4/elements - {"using":"xpath","value":"//*[text()='OK']"}
RESULT: {"using":"xpath","value":"//*[text()='OK']"}
COMMAND: POST /session/0bd35d5034cd75fc8dc44075a41c35a4/elements - {"using":"xpath","value":"//*[text()='OK']"}
RESULT: {"using":"xpath","value":"//*[text()='OK']"}
COMMAND: POST /session/0bd35d5034cd75fc8dc44075a41c35a4/elements - {"using":"xpath","value":"//*[text()='OK']"}
RESULT: {"using":"xpath","value":"//*[text()='OK']"}
COMMAND: POST /session/0bd35d5034cd75fc8dc44075a41c35a4/elements - {"using":"xpath","value":"//*[text()='OK']"}
RESULT: {"using":"xpath","value":"//*[text()='OK']"}
COMMAND: POST /session/0bd35d5034cd75fc8dc44075a41c35a4/elements - {"using":"xpath","value":"//*[text()='OK']"}
RESULT: {"using":"xpath","value":"//*[text()='OK']"}
COMMAND: POST /session/0bd35d5034cd75fc8dc44075a41c35a4/elements - {"using":"xpath","value":"//*[text()='OK']"}
RESULT: {"using":"xpath","value":"//*[text()='OK']"}
COMMAND: POST /session/0bd35d5034cd75fc8dc44075a41c35a4/elements - {"using":"xpath","value":"//*[text()='OK']"}
RESULT: {"using":"xpath","value":"//*[text()='OK']"}
COMMAND: POST /session/0bd35d5034cd75fc8dc44075a41c35a4/elements - {"using":"xpath","value":"//*[text()='OK']"}
RESULT: {"using":"xpath","value":"//*[text()='OK']"}
COMMAND: POST /session/0bd35d5034cd75fc8dc44075a41c35a4/elements - {"using":"xpath","value":"//*[text()='OK']"}
RESULT: {"using":"xpath","value":"//*[text()='OK']"}
COMMAND: POST /session/0bd35d5034cd75fc8dc44075a41c35a4/elements - {"using":"xpath","value":"//*[text()='OK']"}
RESULT: {"using":"xpath","value":"//*[text()='OK']"}
COMMAND: POST /session/0bd35d5034cd75fc8dc44075a41c35a4/elements - {"using":"xpath","value":"//*[text()='OK']"}
RESULT: {"using":"xpath","value":"//*[text()='OK']"}
COMMAND: POST /session/0bd35d5034cd75fc8dc44075a41c35a4/elements - {"using":"xpath","value":"//*[text()='OK']"}
RESULT: {"using":"xpath","value":"//*[text()='OK']"}
COMMAND: POST /session/0bd35d5034cd75fc8dc44075a41c35a4/elements - {"using":"xpath","value":"//*[text()='OK']"}
RESULT: {"using":"xpath","value":"//*[text()='OK']"}
COMMAND: POST /session/0bd35d5034cd75fc8dc44075a41c35a4/elements - {"using":"xpath","value":"//*[text()='OK']"}
RESULT: {"using":"xpath","value":"//*[text()='OK']"}
COMMAND: POST /session/0bd35d5034cd75fc8dc44075a41c35a4/elements - {"using":"xpath","value":"//*[text()='OK']"}
RESULT: {"using":"xpath","value":"//*[text()='OK']"}
COMMAND: POST /session/0bd35d5034cd75fc8dc44075a41c35a4/elements - {"using":"xpath","value":"//*[text()='OK']"}
RESULT: {"using":"xpath","value":"//*[text()='OK']"}
COMMAND: POST /session/0bd35d5034cd75fc8dc44075a41c35a4/elements - {"using":"xpath","value":"//*[text()='OK']"}
RESULT: {"using":"xpath","value":"//*[text()='OK']"}
COMMAND: POST /session/0bd35d5034cd75fc8dc44075a41c35a4/elements - {"using":"xpath","value":"//*[text()='OK']"}
RESULT: {"using":"xpath","value":"//*[text()='OK']"}
COMMAND: POST /session/0bd35d5034cd75fc8dc44075a41c35a4/elements - {"using":"xpath","value":"//*[text()='OK']"}
RESULT: {"using":"xpath","value":"//*[text()='OK']"}
COMMAND: POST /session/0bd35d5034cd75fc8dc44075a41c35a4/elements - {"using":"xpath","value":"//*[text()='OK']"}
RESULT: {"using":"xpath","value":"//*[text()='OK']"}
COMMAND: POST /session/0bd35d5034cd75fc8dc44075a41c35a4/elements - {"using":"xpath","value":"//*[text()='OK']"}
RESULT: {"using":"xpath","value":"//*[text()='OK']"}
COMMAND: POST /session/0bd35d5034cd75fc8dc44075a41c35a4/elements - {"using":"xpath","value":"//*[text()='OK']"}
RESULT: {"using":"xpath","value":"//*[text()='OK']"}
COMMAND: POST /session/0bd35d5034cd75fc8dc44075a41c35a4/elements - {"using":"xpath","value":"//*[text()='OK']"}
RESULT: {"using":"xpath","value":"//*[text()='OK']"}
COMMAND: POST /session/0bd35d5034cd75fc8dc44075a41c35a4/elements - {"using":"xpath","value":"//*[text()='OK']"}
RESULT: {"using":"xpath","value":"//*[text()='OK']"}
COMMAND: POST /session/0bd35d5034cd75fc8dc44075a41c35a4/elements - {"using":"xpath","value":"//*[text()='OK']"}
RESULT: {"using":"xpath","value":"//*[text()='OK']"}
COMMAND: POST /session/0bd35d5034cd75fc8dc44075a41c35a4/elements - {"using":"xpath","value":"//*[text()='OK']"}
RESULT: {"using":"xpath","value":"//*[text()='OK']"}
COMMAND: POST /session/0bd35d5034cd75fc8dc44075a41c35a4/elements - {"using":"xpath","value":"//*[text()='OK']"}
RESULT: {"using":"xpath","value":"//*[text()='OK']"}
COMMAND: POST /session/0bd35d5034cd75fc8dc44075a41c35a4/elements - {"using":"xpath","value":"//*[text()='OK']"}
RESULT: {"using":"xpath","value":"//*[text()='OK']"}
COMMAND: POST /session/0bd35d5034cd75fc8dc44075a41c35a4/elements - {"using":"xpath","value":"//*[text()='OK']"}
RESULT: {"using":"xpath","value":"//*[text()='OK']"}
COMMAND: POST /session/0bd35d5034cd75fc8dc44075a41c35a4/elements - {"using":"xpath","value":"//*[text()='OK']"}
RESULT: {"using":"xpath","value":"//*[text()='OK']"}
COMMAND: POST /session/0bd35d5034cd75fc8dc44075a41c35a4/elements - {"using":"xpath","value":"//*[text()='OK']"}
RESULT: {"using":"xpath","value":"//*[text()='OK']"}
COMMAND: POST /session/0bd35d5034cd75fc8dc44075a41c35a4/elements - {"using":"xpath","value":"//*[text()='OK']"}
RESULT: {"using":"xpath","value":"//*[text()='OK']"}
COMMAND: POST /session/0bd35d5034cd75fc8dc44075a41c35a4/elements - {"using":"xpath","value":"//*[text()='OK']"}
RESULT: {"using":"xpath","value":"//*[text()='OK']"}
COMMAND: POST /session/0bd35d5034cd75fc8dc44075a41c35a4/elements - {"using":"xpath","value":"//*[text()='OK']"}
RESULT: {"using":"xpath","value":"//*[text()='OK']"}
COMMAND: POST /session/0bd35d5034cd75fc8dc44075a41c35a4/elements - {"using":"xpath","value":"//*[text()='OK']"}
RESULT: {"using":"xpath","value":"//*[text()='OK']"}
COMMAND: POST /session/0bd35d5034cd75fc8dc44075a41c35a4/elements - {"using":"xpath","value":"//*[text()='OK']"}
RESULT: {"using":"xpath","value":"//*[text()='OK']"}
COMMAND: POST /session/0bd35d5034cd75fc8dc44075a41c35a4/elements - {"using":"xpath","value":"//*[text()='OK']"}
RESULT: {"using":"xpath","value":"//*[text()='OK']"}
COMMAND: POST /session/0bd35d5034cd75fc8dc44075a41c35a4/elements - {"using":"xpath","value":"//*[text()='OK']"}
RESULT: {"using":"xpath","value":"//*[text()='OK']"}
COMMAND: POST /session/0bd35d5034cd75fc8dc44075a41c35a4/elements - {"using":"xpath","value":"//*[text()='OK']"}
RESULT: {"using":"xpath","value":"//*[text()='OK']"}
COMMAND: POST /session/0bd35d5034cd75fc8dc44075a41c35a4/elements - {"using":"xpath","value":"//*[text()='OK']"}
RESULT: {"using":"xpath","value":"//*[text()='OK']"}
COMMAND: POST /session/0bd35d5034cd75fc8dc44075a41c35a4/elements - {"using":"xpath","value":"//*[text()='OK']"}
RESULT: {"using":"xpath","value":"//*[text()='OK']"}
COMMAND: POST /session/0bd35d5034cd75fc8dc44075a41c35a4/elements - {"using":"xpath","value":"//*[text()='OK']"}
RESULT: {"using":"xpath","value":"//*[text()='OK']"}
COMMAND: POST /session/0bd35d5034cd75fc8dc44075a41c35a4/elements - {"using":"xpath","value":"//*[text()='OK']"}
RESULT: {"using":"xpath","value":"//*[text()='OK']"}
COMMAND: POST /session/0bd35d5034cd75fc8dc44075a41c35a4/elements - {"using":"xpath","value":"//*[text()='OK']"}
RESULT: {"using":"xpath","value":"//*[text()='OK']"}
COMMAND: POST /session/0bd35d5034cd75fc8dc44075a41c35a4/elements - {"using":"xpath","value":"//*[text()='OK']"}
RESULT: {"using":"xpath","value":"//*[text()='OK']"}
COMMAND: POST /session/0bd35d5034cd75fc8dc44075a41c35a4/elements - {"using":"xpath","value":"//*[text()='OK']"}
RESULT: {"using":"xpath","value":"//*[text()='OK']"}
COMMAND: POST /session/0bd35d5034cd75fc8dc44075a41c35a4/elements - {"using":"xpath","value":"//*[text()='OK']"}
RESULT: {"using":"xpath","value":"//*[text()='OK']"}
COMMAND: POST /session/0bd35d5034cd75fc8dc44075a41c35a4/elements - {"using":"xpath","value":"//*[text()='OK']"}
RESULT: {"using":"xpath","value":"//*[text()='OK']"}
COMMAND: POST /session/0bd35d5034cd75fc8dc44075a41c35a4/elements - {"using":"xpath","value":"//*[text()='OK']"}
RESULT: {"using":"xpath","value":"//*[text()='OK']"}
COMMAND: POST /session/0bd35d5034cd75fc8dc44075a41c35a4/elements - {"using":"xpath","value":"//*[text()='OK']"}
RESULT: {"using":"xpath","value":"//*[text()='OK']"}
COMMAND: POST /session/0bd35d5034cd75fc8dc44075a41c35a4/elements - {"using":"xpath","value":"//*[text()='OK']"}
RESULT: {"using":"xpath","value":"//*[text()='OK']"}
COMMAND: POST /session/0bd35d5034cd75fc8dc44075a41c35a4/elements - {"using":"xpath","value":"//*[text()='OK']"}
RESULT: {"using":"xpath","value":"//*[text()='OK']"}
COMMAND: POST /session/0bd35d5034cd75fc8dc44075a41c35a4/elements - {"using":"xpath","value":"//*[text()='OK']"}
RESULT: {"using":"xpath","value":"//*[text()='OK']"}
COMMAND: POST /session/0bd35d5034cd75fc8dc44075a41c35a4/elements - {"using":"xpath","value":"//*[text()='OK']"}
RESULT: {"using":"xpath","value":"//*[text()='OK']"}
COMMAND: POST /session/0bd35d5034cd75fc8dc44075a41c35a4/elements - {"using":"xpath","value":"//*[text()='OK']"}
RESULT: {"using":"xpath","value":"//*[text()='OK']"}
COMMAND: POST /session/0bd35d5034cd75fc8dc44075a41c35a4/elements - {"using":"xpath","value":"//*[text()='OK']"}
RESULT: {"using":"xpath","value":"//*[text()='OK']"}
COMMAND: POST /session/0bd35d5034cd75fc8dc44075a41c35a4/elements - {"using":"xpath","value":"//*[text()='OK']"}
RESULT: {"using":"xpath","value":"//*[text()='OK']"}
COMMAND: POST /session/0bd35d5034cd75fc8dc44075a41c35a4/elements - {"using":"xpath","value":"//*[text()='OK']"}
RESULT: {"using":"xpath","value":"//*[text()='OK']"}
COMMAND: POST /session/0bd35d5034cd75fc8dc44075a41c35a4/elements - {"using":"xpath","value":"//*[text()='OK']"}
RESULT: {"using":"xpath","value":"//*[text()='OK']"}
COMMAND: POST /session/0bd35d5034cd75fc8dc44075a41c35a4/elements - {"using":"xpath","value":"//*[text()='OK']"}
RESULT: {"using":"xpath","value":"//*[text()='OK']"}
COMMAND: POST /session/0bd35d5034cd75fc8dc44075a41c35a4/elements - {"using":"xpath","value":"//*[text()='OK']"}
RESULT: {"using":"xpath","value":"//*[text()='OK']"}
COMMAND: POST /session/0bd35d5034cd75fc8dc44075a41c35a4/elements - {"using":"xpath","value":"//*[text()='OK']"}
RESULT: {"using":"xpath","value":"//*[text()='OK']"}
COMMAND: POST /session/0bd35d5034cd75fc8dc44075a41c35a4/elements - {"using":"xpath","value":"//*[text()='OK']"}
RESULT: {"using":"xpath","value":"//*[text()='OK']"}
COMMAND: POST /session/0bd35d5034cd75fc8dc44075a41c35a4/elements - {"using":"xpath","value":"//*[text()='OK']"}
RESULT: {"using":"xpath","value":"//*[text()='OK']"}
COMMAND: POST /session/0bd35d5034cd75fc8dc44075a41c35a4/elements - {"using":"xpath","value":"//*[text()='OK']"}
RESULT: {"using":"xpath","value":"//*[text()='OK']"}
COMMAND: POST /session/0bd35d5034cd75fc8dc44075a41c35a4/elements - {"using":"xpath","value":"//*[text()='OK']"}
RESULT: {"using":"xpath","value":"//*[text()='OK']"}
COMMAND: POST /session/0bd35d5034cd75fc8dc44075a41c35a4/elements - {"using":"xpath","value":"//*[text()='OK']"}
RESULT: {"using":"xpath","value":"//*[text()='OK']"}
COMMAND: POST /session/0bd35d5034cd75fc8dc44075a41c35a4/elements - {"using":"xpath","value":"//*[text()='OK']"}
RESULT: {"using":"xpath","value":"//*[text()='OK']"}
COMMAND: POST /session/0bd35d5034cd75fc8dc44075a41c35a4/elements - {"using":"xpath","value":"//*[text()='OK']"}
RESULT: {"using":"xpath","value":"//*[text()='OK']"}
COMMAND: POST /session/0bd35d5034cd75fc8dc44075a41c35a4/elements - {"using":"xpath","value":"//*[text()='OK']"}
RESULT: {"using":"xpath","value":"//*[text()='OK']"}
COMMAND: POST /session/0bd35d5034cd75fc8dc44075a41c35a4/elements - {"using":"xpath","value":"//*[text()='OK']"}
RESULT: {"using":"xpath","value":"//*[text()='OK']"}
COMMAND: POST /session/0bd35d5034cd75fc8dc44075a41c35a4/elements - {"using":"xpath","value":"//*[text()='OK']"}
RESULT: {"using":"xpath","value":"//*[text()='OK']"}
COMMAND: POST /session/0bd35d5034cd75fc8dc44075a41c35a4/elements - {"using":"xpath","value":"//*[text()='OK']"}
RESULT: {"using":"xpath","value":"//*[text()='OK']"}
COMMAND: POST /session/0bd35d5034cd75fc8dc44075a41c35a4/elements - {"using":"xpath","value":"//*[text()='OK']"}
RESULT: {"using":"xpath","value":"//*[text()='OK']"}
COMMAND: POST /session/0bd35d5034cd75fc8dc44075a41c35a4/elements - {"using":"xpath","value":"//*[text()='OK']"}
RESULT: {"using":"xpath","value":"//*[text()='OK']"}
COMMAND: POST /session/0bd35d5034cd75fc8dc44075a41c35a4/elements - {"using":"xpath","value":"//*[text()='OK']"}
RESULT: {"using":"xpath","value":"//*[text()='OK']"}
COMMAND: POST /session/0bd35d5034cd75fc8dc44075a41c35a4/elements - {"using":"xpath","value":"//*[text()='OK']"}
RESULT: {"using":"xpath","value":"//*[text()='OK']"}
COMMAND: POST /session/0bd35d5034cd75fc8dc44075a41c35a4/element - {"using":"xpath","value":"//*[text()='provide (prepared)']"}
RESULT: {"using":"xpath","value":"//*[text()='provide (prepared)']"}
COMMAND: GET /session/0bd35d5034cd75fc8dc44075a41c35a4/element/f.1DB2A491F1B7C642484AEDF47EA6FD52.d.CAB8997CFB1F122FDE2F0F8F6C072C08.e.14147/text - {}
RESULT: {}
COMMAND: POST /session/0bd35d5034cd75fc8dc44075a41c35a4/element - {"using":"xpath","value":"//*[contains(text(), \"Instructions\")][@class=\"sapMITHTextContent\"]"}
RESULT: {"using":"xpath","value":"//*[contains(text(), \"Instructions\")][@class=\"sapMITHTextContent\"]"}
COMMAND: POST /session/0bd35d5034cd75fc8dc44075a41c35a4/execute/sync - {"script":"<script> [8489 bytes]","args":[{"element-6066-11e4-a52e-4f735466cecf":"f.1DB2A491F1B7C642484AEDF47EA6FD52.d.CAB8997CFB1F122FDE2F0F8F6C072C08.e.14148","ELEMENT":"f.1DB2A491F1B7C642484AEDF47EA6FD52.d.CAB8997CFB1F122FDE2F0F8F6C072C08.e.14148"}]}
RESULT: {"script":"<script> [8489 bytes]","args":[{"element-6066-11e4-a52e-4f735466cecf":"f.1DB2A491F1B7C642484AEDF47EA6FD52.d.CAB8997CFB1F122FDE2F0F8F6C072C08.e.14148","ELEMENT":"f.1DB2A491F1B7C642484AEDF47EA6FD52.d.CAB8997CFB1F122FDE2F0F8F6C072C08.e.14148"}]}
COMMAND: POST /session/0bd35d5034cd75fc8dc44075a41c35a4/execute/sync - {"script":"<script> [5351 bytes]","args":[{"element-6066-11e4-a52e-4f735466cecf":"f.1DB2A491F1B7C642484AEDF47EA6FD52.d.CAB8997CFB1F122FDE2F0F8F6C072C08.e.14148","ELEMENT":"f.1DB2A491F1B7C642484AEDF47EA6FD52.d.CAB8997CFB1F122FDE2F0F8F6C072C08.e.14148"}]}
COMMAND: GET /session/0bd35d5034cd75fc8dc44075a41c35a4/screenshot - {}
RESULT: {"script":"<script> [5351 bytes]","args":[{"element-6066-11e4-a52e-4f735466cecf":"f.1DB2A491F1B7C642484AEDF47EA6FD52.d.CAB8997CFB1F122FDE2F0F8F6C072C08.e.14148","ELEMENT":"f.1DB2A491F1B7C642484AEDF47EA6FD52.d.CAB8997CFB1F122FDE2F0F8F6C072C08.e.14148"}]}
COMMAND: POST /session/0bd35d5034cd75fc8dc44075a41c35a4/element/f.1DB2A491F1B7C642484AEDF47EA6FD52.d.CAB8997CFB1F122FDE2F0F8F6C072C08.e.14148/click - {}
COMMAND: GET /session/0bd35d5034cd75fc8dc44075a41c35a4/screenshot - {}
RESULT: {}
RESULT: {}
COMMAND: POST /session/0bd35d5034cd75fc8dc44075a41c35a4/actions - {"actions":[{"id":"action63","type":"key","parameters":{},"actions":[{"type":"keyDown","value":"î€‡"},{"type":"pause","duration":10},{"type":"keyUp","value":"î€‡"}]}]}
COMMAND: GET /session/0bd35d5034cd75fc8dc44075a41c35a4/screenshot - {}
RESULT: {}
RESULT: {"actions":[{"id":"action63","type":"key","parameters":{},"actions":[{"type":"keyDown","value":"î€‡"},{"type":"pause","duration":10},{"type":"keyUp","value":"î€‡"}]}]}
COMMAND: POST /session/0bd35d5034cd75fc8dc44075a41c35a4/element - {"using":"css selector","value":"#pickDialog--hoItemsTable-sa-CbBg"}
COMMAND: GET /session/0bd35d5034cd75fc8dc44075a41c35a4/screenshot - {}
RESULT: {}
RESULT: {"using":"css selector","value":"#pickDialog--hoItemsTable-sa-CbBg"}
COMMAND: GET /session/0bd35d5034cd75fc8dc44075a41c35a4/element/f.1DB2A491F1B7C642484AEDF47EA6FD52.d.CAB8997CFB1F122FDE2F0F8F6C072C08.e.14156/enabled - {}
RESULT: {}
RESULT: {}
COMMAND: POST /session/0bd35d5034cd75fc8dc44075a41c35a4/execute/sync - {"script":"<script> [8489 bytes]","args":[{"element-6066-11e4-a52e-4f735466cecf":"f.1DB2A491F1B7C642484AEDF47EA6FD52.d.CAB8997CFB1F122FDE2F0F8F6C072C08.e.14156","ELEMENT":"f.1DB2A491F1B7C642484AEDF47EA6FD52.d.CAB8997CFB1F122FDE2F0F8F6C072C08.e.14156"}]}
COMMAND: GET /session/0bd35d5034cd75fc8dc44075a41c35a4/screenshot - {}
RESULT: {"script":"<script> [8489 bytes]","args":[{"element-6066-11e4-a52e-4f735466cecf":"f.1DB2A491F1B7C642484AEDF47EA6FD52.d.CAB8997CFB1F122FDE2F0F8F6C072C08.e.14156","ELEMENT":"f.1DB2A491F1B7C642484AEDF47EA6FD52.d.CAB8997CFB1F122FDE2F0F8F6C072C08.e.14156"}]}
COMMAND: POST /session/0bd35d5034cd75fc8dc44075a41c35a4/execute/sync - {"script":"<script> [5351 bytes]","args":[{"element-6066-11e4-a52e-4f735466cecf":"f.1DB2A491F1B7C642484AEDF47EA6FD52.d.CAB8997CFB1F122FDE2F0F8F6C072C08.e.14156","ELEMENT":"f.1DB2A491F1B7C642484AEDF47EA6FD52.d.CAB8997CFB1F122FDE2F0F8F6C072C08.e.14156"}]}
COMMAND: GET /session/0bd35d5034cd75fc8dc44075a41c35a4/screenshot - {}
RESULT: {}
RESULT: {"script":"<script> [5351 bytes]","args":[{"element-6066-11e4-a52e-4f735466cecf":"f.1DB2A491F1B7C642484AEDF47EA6FD52.d.CAB8997CFB1F122FDE2F0F8F6C072C08.e.14156","ELEMENT":"f.1DB2A491F1B7C642484AEDF47EA6FD52.d.CAB8997CFB1F122FDE2F0F8F6C072C08.e.14156"}]}
COMMAND: POST /session/0bd35d5034cd75fc8dc44075a41c35a4/element/f.1DB2A491F1B7C642484AEDF47EA6FD52.d.CAB8997CFB1F122FDE2F0F8F6C072C08.e.14156/click - {}
COMMAND: GET /session/0bd35d5034cd75fc8dc44075a41c35a4/screenshot - {}
RESULT: {}
RESULT: {}
COMMAND: POST /session/0bd35d5034cd75fc8dc44075a41c35a4/element - {"using":"xpath","value":"//bdi[text()='Confirm All']"}
COMMAND: GET /session/0bd35d5034cd75fc8dc44075a41c35a4/screenshot - {}
RESULT: {}
RESULT: {"using":"xpath","value":"//bdi[text()='Confirm All']"}
COMMAND: GET /session/0bd35d5034cd75fc8dc44075a41c35a4/element/f.1DB2A491F1B7C642484AEDF47EA6FD52.d.CAB8997CFB1F122FDE2F0F8F6C072C08.e.14159/enabled - {}
RESULT: {}
RESULT: {}
COMMAND: POST /session/0bd35d5034cd75fc8dc44075a41c35a4/execute/sync - {"script":"<script> [8489 bytes]","args":[{"element-6066-11e4-a52e-4f735466cecf":"f.1DB2A491F1B7C642484AEDF47EA6FD52.d.CAB8997CFB1F122FDE2F0F8F6C072C08.e.14159","ELEMENT":"f.1DB2A491F1B7C642484AEDF47EA6FD52.d.CAB8997CFB1F122FDE2F0F8F6C072C08.e.14159"}]}
COMMAND: GET /session/0bd35d5034cd75fc8dc44075a41c35a4/screenshot - {}
RESULT: {"script":"<script> [8489 bytes]","args":[{"element-6066-11e4-a52e-4f735466cecf":"f.1DB2A491F1B7C642484AEDF47EA6FD52.d.CAB8997CFB1F122FDE2F0F8F6C072C08.e.14159","ELEMENT":"f.1DB2A491F1B7C642484AEDF47EA6FD52.d.CAB8997CFB1F122FDE2F0F8F6C072C08.e.14159"}]}
COMMAND: POST /session/0bd35d5034cd75fc8dc44075a41c35a4/execute/sync - {"script":"<script> [5351 bytes]","args":[{"element-6066-11e4-a52e-4f735466cecf":"f.1DB2A491F1B7C642484AEDF47EA6FD52.d.CAB8997CFB1F122FDE2F0F8F6C072C08.e.14159","ELEMENT":"f.1DB2A491F1B7C642484AEDF47EA6FD52.d.CAB8997CFB1F122FDE2F0F8F6C072C08.e.14159"}]}
COMMAND: GET /session/0bd35d5034cd75fc8dc44075a41c35a4/screenshot - {}
RESULT: {}
RESULT: {"script":"<script> [5351 bytes]","args":[{"element-6066-11e4-a52e-4f735466cecf":"f.1DB2A491F1B7C642484AEDF47EA6FD52.d.CAB8997CFB1F122FDE2F0F8F6C072C08.e.14159","ELEMENT":"f.1DB2A491F1B7C642484AEDF47EA6FD52.d.CAB8997CFB1F122FDE2F0F8F6C072C08.e.14159"}]}
COMMAND: POST /session/0bd35d5034cd75fc8dc44075a41c35a4/element/f.1DB2A491F1B7C642484AEDF47EA6FD52.d.CAB8997CFB1F122FDE2F0F8F6C072C08.e.14159/click - {}
COMMAND: GET /session/0bd35d5034cd75fc8dc44075a41c35a4/screenshot - {}
RESULT: {}
RESULT: {}
RESULT: {}
COMMAND: GET /session/0bd35d5034cd75fc8dc44075a41c35a4/screenshot - {}
RESULT: {}
COMMAND: POST /session/0bd35d5034cd75fc8dc44075a41c35a4/actions - {"actions":[{"id":"action64","type":"key","parameters":{},"actions":[{"type":"keyDown","value":"î€‡"},{"type":"pause","duration":10},{"type":"keyUp","value":"î€‡"}]}]}
RESULT: {"actions":[{"id":"action64","type":"key","parameters":{},"actions":[{"type":"keyDown","value":"î€‡"},{"type":"pause","duration":10},{"type":"keyUp","value":"î€‡"}]}]}
COMMAND: POST /session/0bd35d5034cd75fc8dc44075a41c35a4/actions - {"actions":[{"id":"action65","type":"key","parameters":{},"actions":[{"type":"keyDown","value":"î€‡"},{"type":"pause","duration":10},{"type":"keyUp","value":"î€‡"}]}]}
COMMAND: GET /session/0bd35d5034cd75fc8dc44075a41c35a4/screenshot - {}
RESULT: {"actions":[{"id":"action65","type":"key","parameters":{},"actions":[{"type":"keyDown","value":"î€‡"},{"type":"pause","duration":10},{"type":"keyUp","value":"î€‡"}]}]}
COMMAND: POST /session/0bd35d5034cd75fc8dc44075a41c35a4/execute/async - {"script":"<script> [1562 bytes]","args":[{"selector":{"id":"statesDialog--okBttnStatesDialog","searchOpenDialogs":true,"interaction":{"idSuffix":"BDI-content"}},"wdio_ui5_key":"statesDialogokBttnStatesDialog"}]}
COMMAND: GET /session/0bd35d5034cd75fc8dc44075a41c35a4/screenshot - {}
RESULT: {}
RESULT: {"script":"<script> [1562 bytes]","args":[{"selector":{"id":"statesDialog--okBttnStatesDialog","searchOpenDialogs":true,"interaction":{"idSuffix":"BDI-content"}},"wdio_ui5_key":"statesDialogokBttnStatesDialog"}]}
RESULT: undefined
RESULT: {}
RESULT: undefined
RESULT: undefined
COMMAND: POST /session/0bd35d5034cd75fc8dc44075a41c35a4/actions - {"actions":[{"id":"action66","type":"key","parameters":{},"actions":[{"type":"keyDown","value":"î€‡"},{"type":"pause","duration":10},{"type":"keyUp","value":"î€‡"}]}]}
RESULT: {"actions":[{"id":"action66","type":"key","parameters":{},"actions":[{"type":"keyDown","value":"î€‡"},{"type":"pause","duration":10},{"type":"keyUp","value":"î€‡"}]}]}
COMMAND: POST /session/0bd35d5034cd75fc8dc44075a41c35a4/execute/async - {"script":"<script> [1562 bytes]","args":[{"selector":{"controlType":"sap.m.Text","viewName":"etm.portal.ui.managehandovers.view.DetailExecuteHO","bindingPath":{"propertyPath":"NO","modelName":"catalogModel"}},"wdio_ui5_key":"etmportal.ui.managehandovers.view.DetailExecuteHOsap.m.Text{\"propertyPath\":\"NO\",\"modelName\":\"catalogModel\"}"}]}
COMMAND: GET /session/0bd35d5034cd75fc8dc44075a41c35a4/screenshot - {}
RESULT: {"script":"<script> [1562 bytes]","args":[{"selector":{"controlType":"sap.m.Text","viewName":"etm.portal.ui.managehandovers.view.DetailExecuteHO","bindingPath":{"propertyPath":"NO","modelName":"catalogModel"}},"wdio_ui5_key":"etmportal.ui.managehandovers.view.DetailExecuteHOsap.m.Text{\"propertyPath\":\"NO\",\"modelName\":\"catalogModel\"}"}]}
RESULT: undefined
COMMAND: POST /session/0bd35d5034cd75fc8dc44075a41c35a4/execute/async - {"script":"<script> [6424 bytes]","args":[{"element-6066-11e4-a52e-4f735466cecf":"f.1DB2A491F1B7C642484AEDF47EA6FD52.d.CAB8997CFB1F122FDE2F0F8F6C072C08.e.14165"},"getText",[]]}
RESULT: {}
RESULT: {"script":"<script> [6424 bytes]","args":[{"element-6066-11e4-a52e-4f735466cecf":"f.1DB2A491F1B7C642484AEDF47EA6FD52.d.CAB8997CFB1F122FDE2F0F8F6C072C08.e.14165"},"getText",[]]}
COMMAND: POST /session/0bd35d5034cd75fc8dc44075a41c35a4/actions - {"actions":[{"id":"action67","type":"key","parameters":{},"actions":[{"type":"keyDown","value":"î€‡"},{"type":"pause","duration":10},{"type":"keyUp","value":"î€‡"}]}]}
RESULT: {"actions":[{"id":"action67","type":"key","parameters":{},"actions":[{"type":"keyDown","value":"î€‡"},{"type":"pause","duration":10},{"type":"keyUp","value":"î€‡"}]}]}
COMMAND: GET /session/0bd35d5034cd75fc8dc44075a41c35a4/screenshot - {}
RESULT: {}
COMMAND: POST /session/0bd35d5034cd75fc8dc44075a41c35a4/element - {"using":"xpath","value":"//bdi[text()='OK']"}
RESULT: {"using":"xpath","value":"//bdi[text()='OK']"}
COMMAND: POST /session/0bd35d5034cd75fc8dc44075a41c35a4/element - {"using":"xpath","value":"//bdi[text()='OK']"}
RESULT: {"using":"xpath","value":"//bdi[text()='OK']"}
COMMAND: POST /session/0bd35d5034cd75fc8dc44075a41c35a4/actions - {"actions":[{"id":"action68","type":"key","parameters":{},"actions":[{"type":"keyDown","value":"î€‡"},{"type":"pause","duration":10},{"type":"keyUp","value":"î€‡"}]}]}
RESULT: {"actions":[{"id":"action68","type":"key","parameters":{},"actions":[{"type":"keyDown","value":"î€‡"},{"type":"pause","duration":10},{"type":"keyUp","value":"î€‡"}]}]}
COMMAND: POST /session/0bd35d5034cd75fc8dc44075a41c35a4/element - {"using":"xpath","value":"//bdi[(text() = 'Confirm' or . = 'Confirm')]"}
COMMAND: GET /session/0bd35d5034cd75fc8dc44075a41c35a4/screenshot - {}
RESULT: {"using":"xpath","value":"//bdi[(text() = 'Confirm' or . = 'Confirm')]"}
COMMAND: POST /session/0bd35d5034cd75fc8dc44075a41c35a4/execute/sync - {"script":"<script> [8489 bytes]","args":[{"element-6066-11e4-a52e-4f735466cecf":"f.1DB2A491F1B7C642484AEDF47EA6FD52.d.CAB8997CFB1F122FDE2F0F8F6C072C08.e.14168","ELEMENT":"f.1DB2A491F1B7C642484AEDF47EA6FD52.d.CAB8997CFB1F122FDE2F0F8F6C072C08.e.14168"}]}
RESULT: {}
RESULT: {"script":"<script> [8489 bytes]","args":[{"element-6066-11e4-a52e-4f735466cecf":"f.1DB2A491F1B7C642484AEDF47EA6FD52.d.CAB8997CFB1F122FDE2F0F8F6C072C08.e.14168","ELEMENT":"f.1DB2A491F1B7C642484AEDF47EA6FD52.d.CAB8997CFB1F122FDE2F0F8F6C072C08.e.14168"}]}
COMMAND: POST /session/0bd35d5034cd75fc8dc44075a41c35a4/execute/sync - {"script":"<script> [8489 bytes]","args":[{"element-6066-11e4-a52e-4f735466cecf":"f.1DB2A491F1B7C642484AEDF47EA6FD52.d.CAB8997CFB1F122FDE2F0F8F6C072C08.e.14168","ELEMENT":"f.1DB2A491F1B7C642484AEDF47EA6FD52.d.CAB8997CFB1F122FDE2F0F8F6C072C08.e.14168"}]}
COMMAND: GET /session/0bd35d5034cd75fc8dc44075a41c35a4/screenshot - {}
RESULT: {"script":"<script> [8489 bytes]","args":[{"element-6066-11e4-a52e-4f735466cecf":"f.1DB2A491F1B7C642484AEDF47EA6FD52.d.CAB8997CFB1F122FDE2F0F8F6C072C08.e.14168","ELEMENT":"f.1DB2A491F1B7C642484AEDF47EA6FD52.d.CAB8997CFB1F122FDE2F0F8F6C072C08.e.14168"}]}
COMMAND: POST /session/0bd35d5034cd75fc8dc44075a41c35a4/execute/sync - {"script":"<script> [5351 bytes]","args":[{"element-6066-11e4-a52e-4f735466cecf":"f.1DB2A491F1B7C642484AEDF47EA6FD52.d.CAB8997CFB1F122FDE2F0F8F6C072C08.e.14168","ELEMENT":"f.1DB2A491F1B7C642484AEDF47EA6FD52.d.CAB8997CFB1F122FDE2F0F8F6C072C08.e.14168"}]}
COMMAND: GET /session/0bd35d5034cd75fc8dc44075a41c35a4/screenshot - {}
RESULT: {}
RESULT: {"script":"<script> [5351 bytes]","args":[{"element-6066-11e4-a52e-4f735466cecf":"f.1DB2A491F1B7C642484AEDF47EA6FD52.d.CAB8997CFB1F122FDE2F0F8F6C072C08.e.14168","ELEMENT":"f.1DB2A491F1B7C642484AEDF47EA6FD52.d.CAB8997CFB1F122FDE2F0F8F6C072C08.e.14168"}]}
COMMAND: POST /session/0bd35d5034cd75fc8dc44075a41c35a4/actions - {"actions":[{"id":"action69","type":"key","parameters":{},"actions":[{"type":"keyDown","value":"î€‡"},{"type":"pause","duration":10},{"type":"keyUp","value":"î€‡"}]}]}
COMMAND: GET /session/0bd35d5034cd75fc8dc44075a41c35a4/screenshot - {}
RESULT: {}
RESULT: {"actions":[{"id":"action69","type":"key","parameters":{},"actions":[{"type":"keyDown","value":"î€‡"},{"type":"pause","duration":10},{"type":"keyUp","value":"î€‡"}]}]}
COMMAND: POST /session/0bd35d5034cd75fc8dc44075a41c35a4/element - {"using":"xpath","value":"(//bdi[text()='Pick'])[1]"}
COMMAND: GET /session/0bd35d5034cd75fc8dc44075a41c35a4/screenshot - {}
RESULT: {}
RESULT: {"using":"xpath","value":"(//bdi[text()='Pick'])[1]"}
COMMAND: GET /session/0bd35d5034cd75fc8dc44075a41c35a4/element/f.1DB2A491F1B7C642484AEDF47EA6FD52.d.CAB8997CFB1F122FDE2F0F8F6C072C08.e.14169/enabled - {}
RESULT: {}
RESULT: {}
COMMAND: POST /session/0bd35d5034cd75fc8dc44075a41c35a4/execute/sync - {"script":"<script> [8489 bytes]","args":[{"element-6066-11e4-a52e-4f735466cecf":"f.1DB2A491F1B7C642484AEDF47EA6FD52.d.CAB8997CFB1F122FDE2F0F8F6C072C08.e.14169","ELEMENT":"f.1DB2A491F1B7C642484AEDF47EA6FD52.d.CAB8997CFB1F122FDE2F0F8F6C072C08.e.14169"}]}
COMMAND: GET /session/0bd35d5034cd75fc8dc44075a41c35a4/screenshot - {}
RESULT: {"script":"<script> [8489 bytes]","args":[{"element-6066-11e4-a52e-4f735466cecf":"f.1DB2A491F1B7C642484AEDF47EA6FD52.d.CAB8997CFB1F122FDE2F0F8F6C072C08.e.14169","ELEMENT":"f.1DB2A491F1B7C642484AEDF47EA6FD52.d.CAB8997CFB1F122FDE2F0F8F6C072C08.e.14169"}]}
COMMAND: POST /session/0bd35d5034cd75fc8dc44075a41c35a4/execute/sync - {"script":"<script> [5351 bytes]","args":[{"element-6066-11e4-a52e-4f735466cecf":"f.1DB2A491F1B7C642484AEDF47EA6FD52.d.CAB8997CFB1F122FDE2F0F8F6C072C08.e.14169","ELEMENT":"f.1DB2A491F1B7C642484AEDF47EA6FD52.d.CAB8997CFB1F122FDE2F0F8F6C072C08.e.14169"}]}
COMMAND: GET /session/0bd35d5034cd75fc8dc44075a41c35a4/screenshot - {}
RESULT: {}
RESULT: {"script":"<script> [5351 bytes]","args":[{"element-6066-11e4-a52e-4f735466cecf":"f.1DB2A491F1B7C642484AEDF47EA6FD52.d.CAB8997CFB1F122FDE2F0F8F6C072C08.e.14169","ELEMENT":"f.1DB2A491F1B7C642484AEDF47EA6FD52.d.CAB8997CFB1F122FDE2F0F8F6C072C08.e.14169"}]}
COMMAND: POST /session/0bd35d5034cd75fc8dc44075a41c35a4/element/f.1DB2A491F1B7C642484AEDF47EA6FD52.d.CAB8997CFB1F122FDE2F0F8F6C072C08.e.14169/click - {}
COMMAND: GET /session/0bd35d5034cd75fc8dc44075a41c35a4/screenshot - {}
RESULT: {}
RESULT: {}
COMMAND: POST /session/0bd35d5034cd75fc8dc44075a41c35a4/actions - {"actions":[{"id":"action70","type":"key","parameters":{},"actions":[{"type":"keyDown","value":"î€‡"},{"type":"pause","duration":10},{"type":"keyUp","value":"î€‡"}]}]}
COMMAND: GET /session/0bd35d5034cd75fc8dc44075a41c35a4/screenshot - {}
RESULT: {}
RESULT: {"actions":[{"id":"action70","type":"key","parameters":{},"actions":[{"type":"keyDown","value":"î€‡"},{"type":"pause","duration":10},{"type":"keyUp","value":"î€‡"}]}]}
COMMAND: GET /session/0bd35d5034cd75fc8dc44075a41c35a4/screenshot - {}
RESULT: {}
RESULT: {}
COMMAND: POST /session/0bd35d5034cd75fc8dc44075a41c35a4/execute/async - {"script":"<script> [1562 bytes]","args":[{"selector":{"controlType":"sap.m.SearchField","viewName":"etm.portal.ui.managehandovers.view.MasterHO","bindingPath":{"path":"","propertyPath":"/_BASIC_SEARCH_FIELD","modelName":"fi1t3rM0d31"},"interaction":{"idSuffix":"I"}},"wdio_ui5_key":"etmportal.ui.managehandovers.view.MasterHOsap.m.SearchField{\"path\":\"\",\"propertyPath\":\"/_BASIC_SEARCH_FIELD\",\"modelName\":\"fi1t3rM0d31\"}"}]}
RESULT: {"script":"<script> [1562 bytes]","args":[{"selector":{"controlType":"sap.m.SearchField","viewName":"etm.portal.ui.managehandovers.view.MasterHO","bindingPath":{"path":"","propertyPath":"/_BASIC_SEARCH_FIELD","modelName":"fi1t3rM0d31"},"interaction":{"idSuffix":"I"}},"wdio_ui5_key":"etmportal.ui.managehandovers.view.MasterHOsap.m.SearchField{\"path\":\"\",\"propertyPath\":\"/_BASIC_SEARCH_FIELD\",\"modelName\":\"fi1t3rM0d31\"}"}]}
RESULT: undefined
COMMAND: POST /session/0bd35d5034cd75fc8dc44075a41c35a4/execute/async - {"script":"<script> [776 bytes]","args":[{"enterText":"30875","selector":{"controlType":"sap.m.SearchField","viewName":"etm.portal.ui.managehandovers.view.MasterHO","bindingPath":{"path":"","propertyPath":"/_BASIC_SEARCH_FIELD","modelName":"fi1t3rM0d31"},"interaction":{"idSuffix":"I"}},"clearTextFirst":true,"interactionType":"ENTER_TEXT"}]}
RESULT: {"script":"<script> [776 bytes]","args":[{"enterText":"30875","selector":{"controlType":"sap.m.SearchField","viewName":"etm.portal.ui.managehandovers.view.MasterHO","bindingPath":{"path":"","propertyPath":"/_BASIC_SEARCH_FIELD","modelName":"fi1t3rM0d31"},"interaction":{"idSuffix":"I"}},"clearTextFirst":true,"interactionType":"ENTER_TEXT"}]}
COMMAND: POST /session/0bd35d5034cd75fc8dc44075a41c35a4/actions - {"actions":[{"id":"action71","type":"key","parameters":{},"actions":[{"type":"keyDown","value":"î€‡"},{"type":"pause","duration":10},{"type":"keyUp","value":"î€‡"}]}]}
RESULT: {"actions":[{"id":"action71","type":"key","parameters":{},"actions":[{"type":"keyDown","value":"î€‡"},{"type":"pause","duration":10},{"type":"keyUp","value":"î€‡"}]}]}
COMMAND: GET /session/0bd35d5034cd75fc8dc44075a41c35a4/screenshot - {}
RESULT: {}
COMMAND: POST /session/0bd35d5034cd75fc8dc44075a41c35a4/execute/async - {"script":"<script> [1562 bytes]","args":[{"selector":{"controlType":"sap.ui.core.Icon","viewName":"etm.portal.ui.managehandovers.view.MasterHO","properties":{"src":{"regex":{"source":"slim\\-arrow\\-right"}}}},"wdio_ui5_key":"etmportal.ui.managehandovers.view.MasterHOsap.ui.core.Icon{\"src\":{\"regex\":{\"source\":\"slim\\\\-arrow\\\\-right\"}}}"}]}
RESULT: {"script":"<script> [1562 bytes]","args":[{"selector":{"controlType":"sap.ui.core.Icon","viewName":"etm.portal.ui.managehandovers.view.MasterHO","properties":{"src":{"regex":{"source":"slim\\-arrow\\-right"}}}},"wdio_ui5_key":"etmportal.ui.managehandovers.view.MasterHOsap.ui.core.Icon{\"src\":{\"regex\":{\"source\":\"slim\\\\-arrow\\\\-right\"}}}"}]}
RESULT: undefined
COMMAND: POST /session/0bd35d5034cd75fc8dc44075a41c35a4/element - {"using":"xpath","value":"//*[@id=\"__item4036-__clone9969-imgNav\"]"}
RESULT: {"using":"xpath","value":"//*[@id=\"__item4036-__clone9969-imgNav\"]"}
COMMAND: POST /session/0bd35d5034cd75fc8dc44075a41c35a4/element/f.1DB2A491F1B7C642484AEDF47EA6FD52.d.CAB8997CFB1F122FDE2F0F8F6C072C08.e.14450/click - {}
RESULT: {}
COMMAND: POST /session/0bd35d5034cd75fc8dc44075a41c35a4/element - {"using":"xpath","value":"(//span[text()='Instructions'])[2]"}
COMMAND: GET /session/0bd35d5034cd75fc8dc44075a41c35a4/screenshot - {}
RESULT: {"using":"xpath","value":"(//span[text()='Instructions'])[2]"}
COMMAND: GET /session/0bd35d5034cd75fc8dc44075a41c35a4/element/f.1DB2A491F1B7C642484AEDF47EA6FD52.d.CAB8997CFB1F122FDE2F0F8F6C072C08.e.14148/enabled - {}
RESULT: {}
RESULT: {}
COMMAND: POST /session/0bd35d5034cd75fc8dc44075a41c35a4/execute/sync - {"script":"<script> [8489 bytes]","args":[{"element-6066-11e4-a52e-4f735466cecf":"f.1DB2A491F1B7C642484AEDF47EA6FD52.d.CAB8997CFB1F122FDE2F0F8F6C072C08.e.14148","ELEMENT":"f.1DB2A491F1B7C642484AEDF47EA6FD52.d.CAB8997CFB1F122FDE2F0F8F6C072C08.e.14148"}]}
COMMAND: GET /session/0bd35d5034cd75fc8dc44075a41c35a4/screenshot - {}
RESULT: {"script":"<script> [8489 bytes]","args":[{"element-6066-11e4-a52e-4f735466cecf":"f.1DB2A491F1B7C642484AEDF47EA6FD52.d.CAB8997CFB1F122FDE2F0F8F6C072C08.e.14148","ELEMENT":"f.1DB2A491F1B7C642484AEDF47EA6FD52.d.CAB8997CFB1F122FDE2F0F8F6C072C08.e.14148"}]}
COMMAND: POST /session/0bd35d5034cd75fc8dc44075a41c35a4/execute/sync - {"script":"<script> [5351 bytes]","args":[{"element-6066-11e4-a52e-4f735466cecf":"f.1DB2A491F1B7C642484AEDF47EA6FD52.d.CAB8997CFB1F122FDE2F0F8F6C072C08.e.14148","ELEMENT":"f.1DB2A491F1B7C642484AEDF47EA6FD52.d.CAB8997CFB1F122FDE2F0F8F6C072C08.e.14148"}]}
COMMAND: GET /session/0bd35d5034cd75fc8dc44075a41c35a4/screenshot - {}
RESULT: {}
RESULT: {"script":"<script> [5351 bytes]","args":[{"element-6066-11e4-a52e-4f735466cecf":"f.1DB2A491F1B7C642484AEDF47EA6FD52.d.CAB8997CFB1F122FDE2F0F8F6C072C08.e.14148","ELEMENT":"f.1DB2A491F1B7C642484AEDF47EA6FD52.d.CAB8997CFB1F122FDE2F0F8F6C072C08.e.14148"}]}
COMMAND: POST /session/0bd35d5034cd75fc8dc44075a41c35a4/execute/sync - {"script":"<script> [8489 bytes]","args":[{"element-6066-11e4-a52e-4f735466cecf":"f.1DB2A491F1B7C642484AEDF47EA6FD52.d.CAB8997CFB1F122FDE2F0F8F6C072C08.e.14148","ELEMENT":"f.1DB2A491F1B7C642484AEDF47EA6FD52.d.CAB8997CFB1F122FDE2F0F8F6C072C08.e.14148"}]}
COMMAND: GET /session/0bd35d5034cd75fc8dc44075a41c35a4/screenshot - {}
RESULT: {}
RESULT: {}
RESULT: {"script":"<script> [8489 bytes]","args":[{"element-6066-11e4-a52e-4f735466cecf":"f.1DB2A491F1B7C642484AEDF47EA6FD52.d.CAB8997CFB1F122FDE2F0F8F6C072C08.e.14148","ELEMENT":"f.1DB2A491F1B7C642484AEDF47EA6FD52.d.CAB8997CFB1F122FDE2F0F8F6C072C08.e.14148"}]}
COMMAND: POST /session/0bd35d5034cd75fc8dc44075a41c35a4/execute/sync - {"script":"<script> [5351 bytes]","args":[{"element-6066-11e4-a52e-4f735466cecf":"f.1DB2A491F1B7C642484AEDF47EA6FD52.d.CAB8997CFB1F122FDE2F0F8F6C072C08.e.14148","ELEMENT":"f.1DB2A491F1B7C642484AEDF47EA6FD52.d.CAB8997CFB1F122FDE2F0F8F6C072C08.e.14148"}]}
COMMAND: GET /session/0bd35d5034cd75fc8dc44075a41c35a4/screenshot - {}
RESULT: {"script":"<script> [5351 bytes]","args":[{"element-6066-11e4-a52e-4f735466cecf":"f.1DB2A491F1B7C642484AEDF47EA6FD52.d.CAB8997CFB1F122FDE2F0F8F6C072C08.e.14148","ELEMENT":"f.1DB2A491F1B7C642484AEDF47EA6FD52.d.CAB8997CFB1F122FDE2F0F8F6C072C08.e.14148"}]}
COMMAND: POST /session/0bd35d5034cd75fc8dc44075a41c35a4/execute/sync - {"script":"<script> [8489 bytes]","args":[{"element-6066-11e4-a52e-4f735466cecf":"f.1DB2A491F1B7C642484AEDF47EA6FD52.d.CAB8997CFB1F122FDE2F0F8F6C072C08.e.14148","ELEMENT":"f.1DB2A491F1B7C642484AEDF47EA6FD52.d.CAB8997CFB1F122FDE2F0F8F6C072C08.e.14148"}]}
COMMAND: GET /session/0bd35d5034cd75fc8dc44075a41c35a4/screenshot - {}
RESULT: {}
RESULT: {"script":"<script> [8489 bytes]","args":[{"element-6066-11e4-a52e-4f735466cecf":"f.1DB2A491F1B7C642484AEDF47EA6FD52.d.CAB8997CFB1F122FDE2F0F8F6C072C08.e.14148","ELEMENT":"f.1DB2A491F1B7C642484AEDF47EA6FD52.d.CAB8997CFB1F122FDE2F0F8F6C072C08.e.14148"}]}
COMMAND: POST /session/0bd35d5034cd75fc8dc44075a41c35a4/execute/sync - {"script":"<script> [5351 bytes]","args":[{"element-6066-11e4-a52e-4f735466cecf":"f.1DB2A491F1B7C642484AEDF47EA6FD52.d.CAB8997CFB1F122FDE2F0F8F6C072C08.e.14148","ELEMENT":"f.1DB2A491F1B7C642484AEDF47EA6FD52.d.CAB8997CFB1F122FDE2F0F8F6C072C08.e.14148"}]}
COMMAND: GET /session/0bd35d5034cd75fc8dc44075a41c35a4/screenshot - {}
RESULT: {}
RESULT: {"script":"<script> [5351 bytes]","args":[{"element-6066-11e4-a52e-4f735466cecf":"f.1DB2A491F1B7C642484AEDF47EA6FD52.d.CAB8997CFB1F122FDE2F0F8F6C072C08.e.14148","ELEMENT":"f.1DB2A491F1B7C642484AEDF47EA6FD52.d.CAB8997CFB1F122FDE2F0F8F6C072C08.e.14148"}]}
COMMAND: POST /session/0bd35d5034cd75fc8dc44075a41c35a4/element/f.1DB2A491F1B7C642484AEDF47EA6FD52.d.CAB8997CFB1F122FDE2F0F8F6C072C08.e.14148/click - {}
COMMAND: GET /session/0bd35d5034cd75fc8dc44075a41c35a4/screenshot - {}
RESULT: {}
RESULT: {}
COMMAND: POST /session/0bd35d5034cd75fc8dc44075a41c35a4/element - {"using":"xpath","value":"//bdi[text()='Confirm']"}
COMMAND: GET /session/0bd35d5034cd75fc8dc44075a41c35a4/screenshot - {}
RESULT: {}
RESULT: {"using":"xpath","value":"//bdi[text()='Confirm']"}
COMMAND: GET /session/0bd35d5034cd75fc8dc44075a41c35a4/element/f.1DB2A491F1B7C642484AEDF47EA6FD52.d.CAB8997CFB1F122FDE2F0F8F6C072C08.e.14499/enabled - {}
RESULT: {}
RESULT: {}
COMMAND: POST /session/0bd35d5034cd75fc8dc44075a41c35a4/execute/sync - {"script":"<script> [8489 bytes]","args":[{"element-6066-11e4-a52e-4f735466cecf":"f.1DB2A491F1B7C642484AEDF47EA6FD52.d.CAB8997CFB1F122FDE2F0F8F6C072C08.e.14499","ELEMENT":"f.1DB2A491F1B7C642484AEDF47EA6FD52.d.CAB8997CFB1F122FDE2F0F8F6C072C08.e.14499"}]}
COMMAND: GET /session/0bd35d5034cd75fc8dc44075a41c35a4/screenshot - {}
RESULT: {"script":"<script> [8489 bytes]","args":[{"element-6066-11e4-a52e-4f735466cecf":"f.1DB2A491F1B7C642484AEDF47EA6FD52.d.CAB8997CFB1F122FDE2F0F8F6C072C08.e.14499","ELEMENT":"f.1DB2A491F1B7C642484AEDF47EA6FD52.d.CAB8997CFB1F122FDE2F0F8F6C072C08.e.14499"}]}
COMMAND: POST /session/0bd35d5034cd75fc8dc44075a41c35a4/execute/sync - {"script":"<script> [5351 bytes]","args":[{"element-6066-11e4-a52e-4f735466cecf":"f.1DB2A491F1B7C642484AEDF47EA6FD52.d.CAB8997CFB1F122FDE2F0F8F6C072C08.e.14499","ELEMENT":"f.1DB2A491F1B7C642484AEDF47EA6FD52.d.CAB8997CFB1F122FDE2F0F8F6C072C08.e.14499"}]}
COMMAND: GET /session/0bd35d5034cd75fc8dc44075a41c35a4/screenshot - {}
RESULT: {}
RESULT: {"script":"<script> [5351 bytes]","args":[{"element-6066-11e4-a52e-4f735466cecf":"f.1DB2A491F1B7C642484AEDF47EA6FD52.d.CAB8997CFB1F122FDE2F0F8F6C072C08.e.14499","ELEMENT":"f.1DB2A491F1B7C642484AEDF47EA6FD52.d.CAB8997CFB1F122FDE2F0F8F6C072C08.e.14499"}]}
COMMAND: POST /session/0bd35d5034cd75fc8dc44075a41c35a4/element/f.1DB2A491F1B7C642484AEDF47EA6FD52.d.CAB8997CFB1F122FDE2F0F8F6C072C08.e.14499/click - {}
COMMAND: GET /session/0bd35d5034cd75fc8dc44075a41c35a4/screenshot - {}
RESULT: {}
RESULT: {}
COMMAND: POST /session/0bd35d5034cd75fc8dc44075a41c35a4/actions - {"actions":[{"id":"action72","type":"key","parameters":{},"actions":[{"type":"keyDown","value":"î€‡"},{"type":"pause","duration":10},{"type":"keyUp","value":"î€‡"}]}]}
COMMAND: GET /session/0bd35d5034cd75fc8dc44075a41c35a4/screenshot - {}
RESULT: {}
RESULT: {"actions":[{"id":"action72","type":"key","parameters":{},"actions":[{"type":"keyDown","value":"î€‡"},{"type":"pause","duration":10},{"type":"keyUp","value":"î€‡"}]}]}
COMMAND: POST /session/0bd35d5034cd75fc8dc44075a41c35a4/element - {"using":"xpath","value":"//bdi[text()='Issue']"}
COMMAND: GET /session/0bd35d5034cd75fc8dc44075a41c35a4/screenshot - {}
RESULT: {}
RESULT: {"using":"xpath","value":"//bdi[text()='Issue']"}
COMMAND: GET /session/0bd35d5034cd75fc8dc44075a41c35a4/element/f.1DB2A491F1B7C642484AEDF47EA6FD52.d.CAB8997CFB1F122FDE2F0F8F6C072C08.e.14501/enabled - {}
RESULT: {}
RESULT: {}
COMMAND: POST /session/0bd35d5034cd75fc8dc44075a41c35a4/execute/sync - {"script":"<script> [8489 bytes]","args":[{"element-6066-11e4-a52e-4f735466cecf":"f.1DB2A491F1B7C642484AEDF47EA6FD52.d.CAB8997CFB1F122FDE2F0F8F6C072C08.e.14501","ELEMENT":"f.1DB2A491F1B7C642484AEDF47EA6FD52.d.CAB8997CFB1F122FDE2F0F8F6C072C08.e.14501"}]}
COMMAND: GET /session/0bd35d5034cd75fc8dc44075a41c35a4/screenshot - {}
RESULT: {}
RESULT: {"script":"<script> [8489 bytes]","args":[{"element-6066-11e4-a52e-4f735466cecf":"f.1DB2A491F1B7C642484AEDF47EA6FD52.d.CAB8997CFB1F122FDE2F0F8F6C072C08.e.14501","ELEMENT":"f.1DB2A491F1B7C642484AEDF47EA6FD52.d.CAB8997CFB1F122FDE2F0F8F6C072C08.e.14501"}]}
COMMAND: POST /session/0bd35d5034cd75fc8dc44075a41c35a4/execute/sync - {"script":"<script> [5351 bytes]","args":[{"element-6066-11e4-a52e-4f735466cecf":"f.1DB2A491F1B7C642484AEDF47EA6FD52.d.CAB8997CFB1F122FDE2F0F8F6C072C08.e.14501","ELEMENT":"f.1DB2A491F1B7C642484AEDF47EA6FD52.d.CAB8997CFB1F122FDE2F0F8F6C072C08.e.14501"}]}
COMMAND: GET /session/0bd35d5034cd75fc8dc44075a41c35a4/screenshot - {}
RESULT: {"script":"<script> [5351 bytes]","args":[{"element-6066-11e4-a52e-4f735466cecf":"f.1DB2A491F1B7C642484AEDF47EA6FD52.d.CAB8997CFB1F122FDE2F0F8F6C072C08.e.14501","ELEMENT":"f.1DB2A491F1B7C642484AEDF47EA6FD52.d.CAB8997CFB1F122FDE2F0F8F6C072C08.e.14501"}]}
COMMAND: POST /session/0bd35d5034cd75fc8dc44075a41c35a4/element/f.1DB2A491F1B7C642484AEDF47EA6FD52.d.CAB8997CFB1F122FDE2F0F8F6C072C08.e.14501/click - {}
COMMAND: GET /session/0bd35d5034cd75fc8dc44075a41c35a4/screenshot - {}
RESULT: {}
RESULT: {}
COMMAND: POST /session/0bd35d5034cd75fc8dc44075a41c35a4/element - {"using":"xpath","value":"//*[text()='Provide to site']"}
COMMAND: GET /session/0bd35d5034cd75fc8dc44075a41c35a4/screenshot - {}
RESULT: {}
RESULT: {"using":"xpath","value":"//*[text()='Provide to site']"}
COMMAND: POST /session/0bd35d5034cd75fc8dc44075a41c35a4/elements - {"using":"xpath","value":"//*[text()='Provide to site']"}
RESULT: {}
RESULT: {"using":"xpath","value":"//*[text()='Provide to site']"}
COMMAND: POST /session/0bd35d5034cd75fc8dc44075a41c35a4/elements - {"using":"xpath","value":"//*[text()='Provide to site']"}
RESULT: {"using":"xpath","value":"//*[text()='Provide to site']"}
COMMAND: POST /session/0bd35d5034cd75fc8dc44075a41c35a4/elements - {"using":"xpath","value":"//*[text()='Provide to site']"}
RESULT: {"using":"xpath","value":"//*[text()='Provide to site']"}
COMMAND: POST /session/0bd35d5034cd75fc8dc44075a41c35a4/elements - {"using":"xpath","value":"//*[text()='Provide to site']"}
RESULT: {"using":"xpath","value":"//*[text()='Provide to site']"}
COMMAND: POST /session/0bd35d5034cd75fc8dc44075a41c35a4/elements - {"using":"xpath","value":"//*[text()='Provide to site']"}
RESULT: {"using":"xpath","value":"//*[text()='Provide to site']"}
COMMAND: POST /session/0bd35d5034cd75fc8dc44075a41c35a4/elements - {"using":"xpath","value":"//*[text()='Provide to site']"}
RESULT: {"using":"xpath","value":"//*[text()='Provide to site']"}
COMMAND: POST /session/0bd35d5034cd75fc8dc44075a41c35a4/elements - {"using":"xpath","value":"//*[text()='Provide to site']"}
RESULT: {"using":"xpath","value":"//*[text()='Provide to site']"}
COMMAND: POST /session/0bd35d5034cd75fc8dc44075a41c35a4/elements - {"using":"xpath","value":"//*[text()='Provide to site']"}
RESULT: {"using":"xpath","value":"//*[text()='Provide to site']"}
COMMAND: POST /session/0bd35d5034cd75fc8dc44075a41c35a4/elements - {"using":"xpath","value":"//*[text()='Provide to site']"}
RESULT: {"using":"xpath","value":"//*[text()='Provide to site']"}
COMMAND: POST /session/0bd35d5034cd75fc8dc44075a41c35a4/elements - {"using":"xpath","value":"//*[text()='Provide to site']"}
RESULT: {"using":"xpath","value":"//*[text()='Provide to site']"}
COMMAND: POST /session/0bd35d5034cd75fc8dc44075a41c35a4/elements - {"using":"xpath","value":"//*[text()='Provide to site']"}
RESULT: {"using":"xpath","value":"//*[text()='Provide to site']"}
COMMAND: POST /session/0bd35d5034cd75fc8dc44075a41c35a4/elements - {"using":"xpath","value":"//*[text()='Provide to site']"}
RESULT: {"using":"xpath","value":"//*[text()='Provide to site']"}
COMMAND: POST /session/0bd35d5034cd75fc8dc44075a41c35a4/elements - {"using":"xpath","value":"//*[text()='Provide to site']"}
RESULT: {"using":"xpath","value":"//*[text()='Provide to site']"}
COMMAND: POST /session/0bd35d5034cd75fc8dc44075a41c35a4/elements - {"using":"xpath","value":"//*[text()='Provide to site']"}
RESULT: {"using":"xpath","value":"//*[text()='Provide to site']"}
COMMAND: POST /session/0bd35d5034cd75fc8dc44075a41c35a4/elements - {"using":"xpath","value":"//*[text()='Provide to site']"}
RESULT: {"using":"xpath","value":"//*[text()='Provide to site']"}
COMMAND: POST /session/0bd35d5034cd75fc8dc44075a41c35a4/elements - {"using":"xpath","value":"//*[text()='Provide to site']"}
RESULT: {"using":"xpath","value":"//*[text()='Provide to site']"}
COMMAND: POST /session/0bd35d5034cd75fc8dc44075a41c35a4/elements - {"using":"xpath","value":"//*[text()='Provide to site']"}
RESULT: {"using":"xpath","value":"//*[text()='Provide to site']"}
COMMAND: POST /session/0bd35d5034cd75fc8dc44075a41c35a4/elements - {"using":"xpath","value":"//*[text()='Provide to site']"}
RESULT: {"using":"xpath","value":"//*[text()='Provide to site']"}
COMMAND: POST /session/0bd35d5034cd75fc8dc44075a41c35a4/elements - {"using":"xpath","value":"//*[text()='Provide to site']"}
RESULT: {"using":"xpath","value":"//*[text()='Provide to site']"}
COMMAND: POST /session/0bd35d5034cd75fc8dc44075a41c35a4/elements - {"using":"xpath","value":"//*[text()='Provide to site']"}
RESULT: {"using":"xpath","value":"//*[text()='Provide to site']"}
COMMAND: POST /session/0bd35d5034cd75fc8dc44075a41c35a4/elements - {"using":"xpath","value":"//*[text()='Provide to site']"}
RESULT: {"using":"xpath","value":"//*[text()='Provide to site']"}
COMMAND: POST /session/0bd35d5034cd75fc8dc44075a41c35a4/elements - {"using":"xpath","value":"//*[text()='Provide to site']"}
RESULT: {"using":"xpath","value":"//*[text()='Provide to site']"}
COMMAND: POST /session/0bd35d5034cd75fc8dc44075a41c35a4/elements - {"using":"xpath","value":"//*[text()='Provide to site']"}
RESULT: {"using":"xpath","value":"//*[text()='Provide to site']"}
COMMAND: POST /session/0bd35d5034cd75fc8dc44075a41c35a4/elements - {"using":"xpath","value":"//*[text()='Provide to site']"}
RESULT: {"using":"xpath","value":"//*[text()='Provide to site']"}
COMMAND: POST /session/0bd35d5034cd75fc8dc44075a41c35a4/elements - {"using":"xpath","value":"//*[text()='Provide to site']"}
RESULT: {"using":"xpath","value":"//*[text()='Provide to site']"}
COMMAND: POST /session/0bd35d5034cd75fc8dc44075a41c35a4/elements - {"using":"xpath","value":"//*[text()='Provide to site']"}
RESULT: {"using":"xpath","value":"//*[text()='Provide to site']"}
COMMAND: POST /session/0bd35d5034cd75fc8dc44075a41c35a4/elements - {"using":"xpath","value":"//*[text()='Provide to site']"}
RESULT: {"using":"xpath","value":"//*[text()='Provide to site']"}
COMMAND: POST /session/0bd35d5034cd75fc8dc44075a41c35a4/elements - {"using":"xpath","value":"//*[text()='Provide to site']"}
RESULT: {"using":"xpath","value":"//*[text()='Provide to site']"}
COMMAND: POST /session/0bd35d5034cd75fc8dc44075a41c35a4/elements - {"using":"xpath","value":"//*[text()='Provide to site']"}
RESULT: {"using":"xpath","value":"//*[text()='Provide to site']"}
COMMAND: POST /session/0bd35d5034cd75fc8dc44075a41c35a4/elements - {"using":"xpath","value":"//*[text()='Provide to site']"}
RESULT: {"using":"xpath","value":"//*[text()='Provide to site']"}
COMMAND: POST /session/0bd35d5034cd75fc8dc44075a41c35a4/elements - {"using":"xpath","value":"//*[text()='Provide to site']"}
RESULT: {"using":"xpath","value":"//*[text()='Provide to site']"}
COMMAND: POST /session/0bd35d5034cd75fc8dc44075a41c35a4/elements - {"using":"xpath","value":"//*[text()='Provide to site']"}
RESULT: {"using":"xpath","value":"//*[text()='Provide to site']"}
COMMAND: POST /session/0bd35d5034cd75fc8dc44075a41c35a4/elements - {"using":"xpath","value":"//*[text()='Provide to site']"}
RESULT: {"using":"xpath","value":"//*[text()='Provide to site']"}
COMMAND: POST /session/0bd35d5034cd75fc8dc44075a41c35a4/elements - {"using":"xpath","value":"//*[text()='Provide to site']"}
RESULT: {"using":"xpath","value":"//*[text()='Provide to site']"}
COMMAND: POST /session/0bd35d5034cd75fc8dc44075a41c35a4/elements - {"using":"xpath","value":"//*[text()='Provide to site']"}
RESULT: {"using":"xpath","value":"//*[text()='Provide to site']"}
COMMAND: POST /session/0bd35d5034cd75fc8dc44075a41c35a4/elements - {"using":"xpath","value":"//*[text()='Provide to site']"}
RESULT: {"using":"xpath","value":"//*[text()='Provide to site']"}
COMMAND: POST /session/0bd35d5034cd75fc8dc44075a41c35a4/elements - {"using":"xpath","value":"//*[text()='Provide to site']"}
RESULT: {"using":"xpath","value":"//*[text()='Provide to site']"}
COMMAND: POST /session/0bd35d5034cd75fc8dc44075a41c35a4/elements - {"using":"xpath","value":"//*[text()='Provide to site']"}
RESULT: {"using":"xpath","value":"//*[text()='Provide to site']"}
COMMAND: POST /session/0bd35d5034cd75fc8dc44075a41c35a4/elements - {"using":"xpath","value":"//*[text()='Provide to site']"}
RESULT: {"using":"xpath","value":"//*[text()='Provide to site']"}
COMMAND: POST /session/0bd35d5034cd75fc8dc44075a41c35a4/elements - {"using":"xpath","value":"//*[text()='Provide to site']"}
RESULT: {"using":"xpath","value":"//*[text()='Provide to site']"}
COMMAND: POST /session/0bd35d5034cd75fc8dc44075a41c35a4/elements - {"using":"xpath","value":"//*[text()='Provide to site']"}
RESULT: {"using":"xpath","value":"//*[text()='Provide to site']"}
COMMAND: POST /session/0bd35d5034cd75fc8dc44075a41c35a4/elements - {"using":"xpath","value":"//*[text()='Provide to site']"}
RESULT: {"using":"xpath","value":"//*[text()='Provide to site']"}
COMMAND: POST /session/0bd35d5034cd75fc8dc44075a41c35a4/elements - {"using":"xpath","value":"//*[text()='Provide to site']"}
RESULT: {"using":"xpath","value":"//*[text()='Provide to site']"}
COMMAND: POST /session/0bd35d5034cd75fc8dc44075a41c35a4/elements - {"using":"xpath","value":"//*[text()='Provide to site']"}
RESULT: {"using":"xpath","value":"//*[text()='Provide to site']"}
COMMAND: POST /session/0bd35d5034cd75fc8dc44075a41c35a4/elements - {"using":"xpath","value":"//*[text()='Provide to site']"}
RESULT: {"using":"xpath","value":"//*[text()='Provide to site']"}
COMMAND: POST /session/0bd35d5034cd75fc8dc44075a41c35a4/elements - {"using":"xpath","value":"//*[text()='Provide to site']"}
RESULT: {"using":"xpath","value":"//*[text()='Provide to site']"}
COMMAND: POST /session/0bd35d5034cd75fc8dc44075a41c35a4/elements - {"using":"xpath","value":"//*[text()='Provide to site']"}
RESULT: {"using":"xpath","value":"//*[text()='Provide to site']"}
COMMAND: POST /session/0bd35d5034cd75fc8dc44075a41c35a4/elements - {"using":"xpath","value":"//*[text()='Provide to site']"}
RESULT: {"using":"xpath","value":"//*[text()='Provide to site']"}
COMMAND: POST /session/0bd35d5034cd75fc8dc44075a41c35a4/elements - {"using":"xpath","value":"//*[text()='Provide to site']"}
RESULT: {"using":"xpath","value":"//*[text()='Provide to site']"}
COMMAND: POST /session/0bd35d5034cd75fc8dc44075a41c35a4/elements - {"using":"xpath","value":"//*[text()='Provide to site']"}
RESULT: {"using":"xpath","value":"//*[text()='Provide to site']"}
COMMAND: POST /session/0bd35d5034cd75fc8dc44075a41c35a4/elements - {"using":"xpath","value":"//*[text()='Provide to site']"}
RESULT: {"using":"xpath","value":"//*[text()='Provide to site']"}
COMMAND: POST /session/0bd35d5034cd75fc8dc44075a41c35a4/elements - {"using":"xpath","value":"//*[text()='Provide to site']"}
RESULT: {"using":"xpath","value":"//*[text()='Provide to site']"}
COMMAND: POST /session/0bd35d5034cd75fc8dc44075a41c35a4/elements - {"using":"xpath","value":"//*[text()='Provide to site']"}
RESULT: {"using":"xpath","value":"//*[text()='Provide to site']"}
COMMAND: POST /session/0bd35d5034cd75fc8dc44075a41c35a4/elements - {"using":"xpath","value":"//*[text()='Provide to site']"}
RESULT: {"using":"xpath","value":"//*[text()='Provide to site']"}
COMMAND: POST /session/0bd35d5034cd75fc8dc44075a41c35a4/elements - {"using":"xpath","value":"//*[text()='Provide to site']"}
RESULT: {"using":"xpath","value":"//*[text()='Provide to site']"}
COMMAND: POST /session/0bd35d5034cd75fc8dc44075a41c35a4/elements - {"using":"xpath","value":"//*[text()='Provide to site']"}
RESULT: {"using":"xpath","value":"//*[text()='Provide to site']"}
COMMAND: POST /session/0bd35d5034cd75fc8dc44075a41c35a4/elements - {"using":"xpath","value":"//*[text()='Provide to site']"}
RESULT: {"using":"xpath","value":"//*[text()='Provide to site']"}
COMMAND: POST /session/0bd35d5034cd75fc8dc44075a41c35a4/elements - {"using":"xpath","value":"//*[text()='Provide to site']"}
RESULT: {"using":"xpath","value":"//*[text()='Provide to site']"}
COMMAND: POST /session/0bd35d5034cd75fc8dc44075a41c35a4/elements - {"using":"xpath","value":"//*[text()='Provide to site']"}
RESULT: {"using":"xpath","value":"//*[text()='Provide to site']"}
COMMAND: POST /session/0bd35d5034cd75fc8dc44075a41c35a4/elements - {"using":"xpath","value":"//*[text()='Provide to site']"}
RESULT: {"using":"xpath","value":"//*[text()='Provide to site']"}
COMMAND: POST /session/0bd35d5034cd75fc8dc44075a41c35a4/elements - {"using":"xpath","value":"//*[text()='Provide to site']"}
RESULT: {"using":"xpath","value":"//*[text()='Provide to site']"}
COMMAND: POST /session/0bd35d5034cd75fc8dc44075a41c35a4/elements - {"using":"xpath","value":"//*[text()='Provide to site']"}
RESULT: {"using":"xpath","value":"//*[text()='Provide to site']"}
COMMAND: POST /session/0bd35d5034cd75fc8dc44075a41c35a4/elements - {"using":"xpath","value":"//*[text()='Provide to site']"}
RESULT: {"using":"xpath","value":"//*[text()='Provide to site']"}
COMMAND: POST /session/0bd35d5034cd75fc8dc44075a41c35a4/elements - {"using":"xpath","value":"//*[text()='Provide to site']"}
RESULT: {"using":"xpath","value":"//*[text()='Provide to site']"}
COMMAND: POST /session/0bd35d5034cd75fc8dc44075a41c35a4/elements - {"using":"xpath","value":"//*[text()='Provide to site']"}
RESULT: {"using":"xpath","value":"//*[text()='Provide to site']"}
COMMAND: POST /session/0bd35d5034cd75fc8dc44075a41c35a4/elements - {"using":"xpath","value":"//*[text()='Provide to site']"}
RESULT: {"using":"xpath","value":"//*[text()='Provide to site']"}
COMMAND: POST /session/0bd35d5034cd75fc8dc44075a41c35a4/elements - {"using":"xpath","value":"//*[text()='Provide to site']"}
RESULT: {"using":"xpath","value":"//*[text()='Provide to site']"}
COMMAND: POST /session/0bd35d5034cd75fc8dc44075a41c35a4/elements - {"using":"xpath","value":"//*[text()='Provide to site']"}
RESULT: {"using":"xpath","value":"//*[text()='Provide to site']"}
COMMAND: POST /session/0bd35d5034cd75fc8dc44075a41c35a4/elements - {"using":"xpath","value":"//*[text()='Provide to site']"}
RESULT: {"using":"xpath","value":"//*[text()='Provide to site']"}
COMMAND: POST /session/0bd35d5034cd75fc8dc44075a41c35a4/elements - {"using":"xpath","value":"//*[text()='Provide to site']"}
RESULT: {"using":"xpath","value":"//*[text()='Provide to site']"}
COMMAND: POST /session/0bd35d5034cd75fc8dc44075a41c35a4/elements - {"using":"xpath","value":"//*[text()='Provide to site']"}
RESULT: {"using":"xpath","value":"//*[text()='Provide to site']"}
COMMAND: POST /session/0bd35d5034cd75fc8dc44075a41c35a4/elements - {"using":"xpath","value":"//*[text()='Provide to site']"}
RESULT: {"using":"xpath","value":"//*[text()='Provide to site']"}
COMMAND: POST /session/0bd35d5034cd75fc8dc44075a41c35a4/elements - {"using":"xpath","value":"//*[text()='Provide to site']"}
RESULT: {"using":"xpath","value":"//*[text()='Provide to site']"}
COMMAND: POST /session/0bd35d5034cd75fc8dc44075a41c35a4/elements - {"using":"xpath","value":"//*[text()='Provide to site']"}
RESULT: {"using":"xpath","value":"//*[text()='Provide to site']"}
COMMAND: POST /session/0bd35d5034cd75fc8dc44075a41c35a4/elements - {"using":"xpath","value":"//*[text()='Provide to site']"}
RESULT: {"using":"xpath","value":"//*[text()='Provide to site']"}
COMMAND: POST /session/0bd35d5034cd75fc8dc44075a41c35a4/elements - {"using":"xpath","value":"//*[text()='Provide to site']"}
RESULT: {"using":"xpath","value":"//*[text()='Provide to site']"}
COMMAND: POST /session/0bd35d5034cd75fc8dc44075a41c35a4/elements - {"using":"xpath","value":"//*[text()='Provide to site']"}
RESULT: {"using":"xpath","value":"//*[text()='Provide to site']"}
COMMAND: POST /session/0bd35d5034cd75fc8dc44075a41c35a4/elements - {"using":"xpath","value":"//*[text()='Provide to site']"}
RESULT: {"using":"xpath","value":"//*[text()='Provide to site']"}
COMMAND: POST /session/0bd35d5034cd75fc8dc44075a41c35a4/elements - {"using":"xpath","value":"//*[text()='Provide to site']"}
RESULT: {"using":"xpath","value":"//*[text()='Provide to site']"}
COMMAND: POST /session/0bd35d5034cd75fc8dc44075a41c35a4/elements - {"using":"xpath","value":"//*[text()='Provide to site']"}
RESULT: {"using":"xpath","value":"//*[text()='Provide to site']"}
COMMAND: POST /session/0bd35d5034cd75fc8dc44075a41c35a4/elements - {"using":"xpath","value":"//*[text()='Provide to site']"}
RESULT: {"using":"xpath","value":"//*[text()='Provide to site']"}
COMMAND: POST /session/0bd35d5034cd75fc8dc44075a41c35a4/elements - {"using":"xpath","value":"//*[text()='Provide to site']"}
RESULT: {"using":"xpath","value":"//*[text()='Provide to site']"}
COMMAND: POST /session/0bd35d5034cd75fc8dc44075a41c35a4/elements - {"using":"xpath","value":"//*[text()='Provide to site']"}
RESULT: {"using":"xpath","value":"//*[text()='Provide to site']"}
COMMAND: POST /session/0bd35d5034cd75fc8dc44075a41c35a4/elements - {"using":"xpath","value":"//*[text()='Provide to site']"}
RESULT: {"using":"xpath","value":"//*[text()='Provide to site']"}
COMMAND: POST /session/0bd35d5034cd75fc8dc44075a41c35a4/elements - {"using":"xpath","value":"//*[text()='Provide to site']"}
RESULT: {"using":"xpath","value":"//*[text()='Provide to site']"}
COMMAND: POST /session/0bd35d5034cd75fc8dc44075a41c35a4/elements - {"using":"xpath","value":"//*[text()='Provide to site']"}
RESULT: {"using":"xpath","value":"//*[text()='Provide to site']"}
COMMAND: POST /session/0bd35d5034cd75fc8dc44075a41c35a4/elements - {"using":"xpath","value":"//*[text()='Provide to site']"}
RESULT: {"using":"xpath","value":"//*[text()='Provide to site']"}
COMMAND: POST /session/0bd35d5034cd75fc8dc44075a41c35a4/elements - {"using":"xpath","value":"//*[text()='Provide to site']"}
RESULT: {"using":"xpath","value":"//*[text()='Provide to site']"}
COMMAND: POST /session/0bd35d5034cd75fc8dc44075a41c35a4/elements - {"using":"xpath","value":"//*[text()='Provide to site']"}
RESULT: {"using":"xpath","value":"//*[text()='Provide to site']"}
COMMAND: POST /session/0bd35d5034cd75fc8dc44075a41c35a4/elements - {"using":"xpath","value":"//*[text()='Provide to site']"}
RESULT: {"using":"xpath","value":"//*[text()='Provide to site']"}
COMMAND: POST /session/0bd35d5034cd75fc8dc44075a41c35a4/elements - {"using":"xpath","value":"//*[text()='Provide to site']"}
COMMAND: POST /session/0bd35d5034cd75fc8dc44075a41c35a4/elements - {"using":"xpath","value":"//*[text()='provide (received)']"}
RESULT: {"using":"xpath","value":"//*[text()='Provide to site']"}
RESULT: {"using":"xpath","value":"//*[text()='provide (received)']"}
]]></system-out>
    </testcase>
    <testcase classname="chrome.135_0_7049_96.windows.Provide_to_Site_w/o_warehouse_management_wo_clarification" name="Should Test for Handover Execution" time="256.297">
      <system-out><![CDATA[
COMMAND: POST /session/0bd35d5034cd75fc8dc44075a41c35a4/element - {"using":"xpath","value":"//*[text()='false']"}
RESULT: {"using":"xpath","value":"//*[text()='false']"}
COMMAND: GET /session/0bd35d5034cd75fc8dc44075a41c35a4/element/f.1DB2A491F1B7C642484AEDF47EA6FD52.d.CAB8997CFB1F122FDE2F0F8F6C072C08.e.14535/enabled - {}
RESULT: {}
COMMAND: POST /session/0bd35d5034cd75fc8dc44075a41c35a4/execute/sync - {"script":"<script> [8489 bytes]","args":[{"element-6066-11e4-a52e-4f735466cecf":"f.1DB2A491F1B7C642484AEDF47EA6FD52.d.CAB8997CFB1F122FDE2F0F8F6C072C08.e.14535","ELEMENT":"f.1DB2A491F1B7C642484AEDF47EA6FD52.d.CAB8997CFB1F122FDE2F0F8F6C072C08.e.14535"}]}
COMMAND: GET /session/0bd35d5034cd75fc8dc44075a41c35a4/screenshot - {}
RESULT: {}
RESULT: {"script":"<script> [8489 bytes]","args":[{"element-6066-11e4-a52e-4f735466cecf":"f.1DB2A491F1B7C642484AEDF47EA6FD52.d.CAB8997CFB1F122FDE2F0F8F6C072C08.e.14535","ELEMENT":"f.1DB2A491F1B7C642484AEDF47EA6FD52.d.CAB8997CFB1F122FDE2F0F8F6C072C08.e.14535"}]}
COMMAND: POST /session/0bd35d5034cd75fc8dc44075a41c35a4/execute/sync - {"script":"<script> [5351 bytes]","args":[{"element-6066-11e4-a52e-4f735466cecf":"f.1DB2A491F1B7C642484AEDF47EA6FD52.d.CAB8997CFB1F122FDE2F0F8F6C072C08.e.14535","ELEMENT":"f.1DB2A491F1B7C642484AEDF47EA6FD52.d.CAB8997CFB1F122FDE2F0F8F6C072C08.e.14535"}]}
COMMAND: GET /session/0bd35d5034cd75fc8dc44075a41c35a4/screenshot - {}
RESULT: {"script":"<script> [5351 bytes]","args":[{"element-6066-11e4-a52e-4f735466cecf":"f.1DB2A491F1B7C642484AEDF47EA6FD52.d.CAB8997CFB1F122FDE2F0F8F6C072C08.e.14535","ELEMENT":"f.1DB2A491F1B7C642484AEDF47EA6FD52.d.CAB8997CFB1F122FDE2F0F8F6C072C08.e.14535"}]}
COMMAND: POST /session/0bd35d5034cd75fc8dc44075a41c35a4/element/f.1DB2A491F1B7C642484AEDF47EA6FD52.d.CAB8997CFB1F122FDE2F0F8F6C072C08.e.14535/click - {}
COMMAND: GET /session/0bd35d5034cd75fc8dc44075a41c35a4/screenshot - {}
RESULT: {}
RESULT: {}
COMMAND: POST /session/0bd35d5034cd75fc8dc44075a41c35a4/element - {"using":"xpath","value":"//span[text()='Provide to site - Completed']"}
COMMAND: GET /session/0bd35d5034cd75fc8dc44075a41c35a4/screenshot - {}
RESULT: {}
RESULT: {"using":"xpath","value":"//span[text()='Provide to site - Completed']"}
COMMAND: POST /session/0bd35d5034cd75fc8dc44075a41c35a4/elements - {"using":"xpath","value":"//span[text()='Provide to site - Completed']"}
RESULT: {}
RESULT: {"using":"xpath","value":"//span[text()='Provide to site - Completed']"}
COMMAND: POST /session/0bd35d5034cd75fc8dc44075a41c35a4/elements - {"using":"xpath","value":"//span[text()='Provide to site - Completed']"}
RESULT: {"using":"xpath","value":"//span[text()='Provide to site - Completed']"}
COMMAND: POST /session/0bd35d5034cd75fc8dc44075a41c35a4/elements - {"using":"xpath","value":"//span[text()='Provide to site - Completed']"}
RESULT: {"using":"xpath","value":"//span[text()='Provide to site - Completed']"}
COMMAND: POST /session/0bd35d5034cd75fc8dc44075a41c35a4/elements - {"using":"xpath","value":"//span[text()='Provide to site - Completed']"}
RESULT: {"using":"xpath","value":"//span[text()='Provide to site - Completed']"}
COMMAND: POST /session/0bd35d5034cd75fc8dc44075a41c35a4/elements - {"using":"xpath","value":"//span[text()='Provide to site - Completed']"}
RESULT: {"using":"xpath","value":"//span[text()='Provide to site - Completed']"}
COMMAND: POST /session/0bd35d5034cd75fc8dc44075a41c35a4/element - {"using":"xpath","value":"//span[text()='Provide to site - Completed']"}
RESULT: {"using":"xpath","value":"//span[text()='Provide to site - Completed']"}
COMMAND: GET /session/0bd35d5034cd75fc8dc44075a41c35a4/element/f.1DB2A491F1B7C642484AEDF47EA6FD52.d.CAB8997CFB1F122FDE2F0F8F6C072C08.e.14580/enabled - {}
RESULT: {}
COMMAND: POST /session/0bd35d5034cd75fc8dc44075a41c35a4/execute/sync - {"script":"<script> [8489 bytes]","args":[{"element-6066-11e4-a52e-4f735466cecf":"f.1DB2A491F1B7C642484AEDF47EA6FD52.d.CAB8997CFB1F122FDE2F0F8F6C072C08.e.14580","ELEMENT":"f.1DB2A491F1B7C642484AEDF47EA6FD52.d.CAB8997CFB1F122FDE2F0F8F6C072C08.e.14580"}]}
COMMAND: GET /session/0bd35d5034cd75fc8dc44075a41c35a4/screenshot - {}
RESULT: {"script":"<script> [8489 bytes]","args":[{"element-6066-11e4-a52e-4f735466cecf":"f.1DB2A491F1B7C642484AEDF47EA6FD52.d.CAB8997CFB1F122FDE2F0F8F6C072C08.e.14580","ELEMENT":"f.1DB2A491F1B7C642484AEDF47EA6FD52.d.CAB8997CFB1F122FDE2F0F8F6C072C08.e.14580"}]}
COMMAND: GET /session/0bd35d5034cd75fc8dc44075a41c35a4/screenshot - {}
RESULT: {}
COMMAND: POST /session/0bd35d5034cd75fc8dc44075a41c35a4/execute/sync - {"script":"<script> [8489 bytes]","args":[{"element-6066-11e4-a52e-4f735466cecf":"f.1DB2A491F1B7C642484AEDF47EA6FD52.d.CAB8997CFB1F122FDE2F0F8F6C072C08.e.14580","ELEMENT":"f.1DB2A491F1B7C642484AEDF47EA6FD52.d.CAB8997CFB1F122FDE2F0F8F6C072C08.e.14580"}]}
RESULT: {}
RESULT: {"script":"<script> [8489 bytes]","args":[{"element-6066-11e4-a52e-4f735466cecf":"f.1DB2A491F1B7C642484AEDF47EA6FD52.d.CAB8997CFB1F122FDE2F0F8F6C072C08.e.14580","ELEMENT":"f.1DB2A491F1B7C642484AEDF47EA6FD52.d.CAB8997CFB1F122FDE2F0F8F6C072C08.e.14580"}]}
COMMAND: GET /session/0bd35d5034cd75fc8dc44075a41c35a4/screenshot - {}
RESULT: {}
COMMAND: POST /session/0bd35d5034cd75fc8dc44075a41c35a4/execute/sync - {"script":"<script> [8489 bytes]","args":[{"element-6066-11e4-a52e-4f735466cecf":"f.1DB2A491F1B7C642484AEDF47EA6FD52.d.CAB8997CFB1F122FDE2F0F8F6C072C08.e.14580","ELEMENT":"f.1DB2A491F1B7C642484AEDF47EA6FD52.d.CAB8997CFB1F122FDE2F0F8F6C072C08.e.14580"}]}
RESULT: {"script":"<script> [8489 bytes]","args":[{"element-6066-11e4-a52e-4f735466cecf":"f.1DB2A491F1B7C642484AEDF47EA6FD52.d.CAB8997CFB1F122FDE2F0F8F6C072C08.e.14580","ELEMENT":"f.1DB2A491F1B7C642484AEDF47EA6FD52.d.CAB8997CFB1F122FDE2F0F8F6C072C08.e.14580"}]}
COMMAND: GET /session/0bd35d5034cd75fc8dc44075a41c35a4/screenshot - {}
RESULT: {}
COMMAND: POST /session/0bd35d5034cd75fc8dc44075a41c35a4/execute/sync - {"script":"<script> [8489 bytes]","args":[{"element-6066-11e4-a52e-4f735466cecf":"f.1DB2A491F1B7C642484AEDF47EA6FD52.d.CAB8997CFB1F122FDE2F0F8F6C072C08.e.14580","ELEMENT":"f.1DB2A491F1B7C642484AEDF47EA6FD52.d.CAB8997CFB1F122FDE2F0F8F6C072C08.e.14580"}]}
RESULT: {"script":"<script> [8489 bytes]","args":[{"element-6066-11e4-a52e-4f735466cecf":"f.1DB2A491F1B7C642484AEDF47EA6FD52.d.CAB8997CFB1F122FDE2F0F8F6C072C08.e.14580","ELEMENT":"f.1DB2A491F1B7C642484AEDF47EA6FD52.d.CAB8997CFB1F122FDE2F0F8F6C072C08.e.14580"}]}
COMMAND: GET /session/0bd35d5034cd75fc8dc44075a41c35a4/screenshot - {}
RESULT: {}
COMMAND: POST /session/0bd35d5034cd75fc8dc44075a41c35a4/execute/sync - {"script":"<script> [8489 bytes]","args":[{"element-6066-11e4-a52e-4f735466cecf":"f.1DB2A491F1B7C642484AEDF47EA6FD52.d.CAB8997CFB1F122FDE2F0F8F6C072C08.e.14580","ELEMENT":"f.1DB2A491F1B7C642484AEDF47EA6FD52.d.CAB8997CFB1F122FDE2F0F8F6C072C08.e.14580"}]}
RESULT: {"script":"<script> [8489 bytes]","args":[{"element-6066-11e4-a52e-4f735466cecf":"f.1DB2A491F1B7C642484AEDF47EA6FD52.d.CAB8997CFB1F122FDE2F0F8F6C072C08.e.14580","ELEMENT":"f.1DB2A491F1B7C642484AEDF47EA6FD52.d.CAB8997CFB1F122FDE2F0F8F6C072C08.e.14580"}]}
COMMAND: GET /session/0bd35d5034cd75fc8dc44075a41c35a4/screenshot - {}
RESULT: {}
COMMAND: POST /session/0bd35d5034cd75fc8dc44075a41c35a4/execute/sync - {"script":"<script> [8489 bytes]","args":[{"element-6066-11e4-a52e-4f735466cecf":"f.1DB2A491F1B7C642484AEDF47EA6FD52.d.CAB8997CFB1F122FDE2F0F8F6C072C08.e.14580","ELEMENT":"f.1DB2A491F1B7C642484AEDF47EA6FD52.d.CAB8997CFB1F122FDE2F0F8F6C072C08.e.14580"}]}
RESULT: {"script":"<script> [8489 bytes]","args":[{"element-6066-11e4-a52e-4f735466cecf":"f.1DB2A491F1B7C642484AEDF47EA6FD52.d.CAB8997CFB1F122FDE2F0F8F6C072C08.e.14580","ELEMENT":"f.1DB2A491F1B7C642484AEDF47EA6FD52.d.CAB8997CFB1F122FDE2F0F8F6C072C08.e.14580"}]}
COMMAND: GET /session/0bd35d5034cd75fc8dc44075a41c35a4/screenshot - {}
RESULT: {}
COMMAND: POST /session/0bd35d5034cd75fc8dc44075a41c35a4/execute/sync - {"script":"<script> [8489 bytes]","args":[{"element-6066-11e4-a52e-4f735466cecf":"f.1DB2A491F1B7C642484AEDF47EA6FD52.d.CAB8997CFB1F122FDE2F0F8F6C072C08.e.14580","ELEMENT":"f.1DB2A491F1B7C642484AEDF47EA6FD52.d.CAB8997CFB1F122FDE2F0F8F6C072C08.e.14580"}]}
RESULT: {"script":"<script> [8489 bytes]","args":[{"element-6066-11e4-a52e-4f735466cecf":"f.1DB2A491F1B7C642484AEDF47EA6FD52.d.CAB8997CFB1F122FDE2F0F8F6C072C08.e.14580","ELEMENT":"f.1DB2A491F1B7C642484AEDF47EA6FD52.d.CAB8997CFB1F122FDE2F0F8F6C072C08.e.14580"}]}
COMMAND: GET /session/0bd35d5034cd75fc8dc44075a41c35a4/screenshot - {}
RESULT: {}
COMMAND: POST /session/0bd35d5034cd75fc8dc44075a41c35a4/execute/sync - {"script":"<script> [8489 bytes]","args":[{"element-6066-11e4-a52e-4f735466cecf":"f.1DB2A491F1B7C642484AEDF47EA6FD52.d.CAB8997CFB1F122FDE2F0F8F6C072C08.e.14580","ELEMENT":"f.1DB2A491F1B7C642484AEDF47EA6FD52.d.CAB8997CFB1F122FDE2F0F8F6C072C08.e.14580"}]}
RESULT: {"script":"<script> [8489 bytes]","args":[{"element-6066-11e4-a52e-4f735466cecf":"f.1DB2A491F1B7C642484AEDF47EA6FD52.d.CAB8997CFB1F122FDE2F0F8F6C072C08.e.14580","ELEMENT":"f.1DB2A491F1B7C642484AEDF47EA6FD52.d.CAB8997CFB1F122FDE2F0F8F6C072C08.e.14580"}]}
COMMAND: GET /session/0bd35d5034cd75fc8dc44075a41c35a4/screenshot - {}
RESULT: {}
COMMAND: POST /session/0bd35d5034cd75fc8dc44075a41c35a4/execute/sync - {"script":"<script> [8489 bytes]","args":[{"element-6066-11e4-a52e-4f735466cecf":"f.1DB2A491F1B7C642484AEDF47EA6FD52.d.CAB8997CFB1F122FDE2F0F8F6C072C08.e.14580","ELEMENT":"f.1DB2A491F1B7C642484AEDF47EA6FD52.d.CAB8997CFB1F122FDE2F0F8F6C072C08.e.14580"}]}
RESULT: {"script":"<script> [8489 bytes]","args":[{"element-6066-11e4-a52e-4f735466cecf":"f.1DB2A491F1B7C642484AEDF47EA6FD52.d.CAB8997CFB1F122FDE2F0F8F6C072C08.e.14580","ELEMENT":"f.1DB2A491F1B7C642484AEDF47EA6FD52.d.CAB8997CFB1F122FDE2F0F8F6C072C08.e.14580"}]}
COMMAND: GET /session/0bd35d5034cd75fc8dc44075a41c35a4/screenshot - {}
RESULT: {}
COMMAND: POST /session/0bd35d5034cd75fc8dc44075a41c35a4/execute/sync - {"script":"<script> [8489 bytes]","args":[{"element-6066-11e4-a52e-4f735466cecf":"f.1DB2A491F1B7C642484AEDF47EA6FD52.d.CAB8997CFB1F122FDE2F0F8F6C072C08.e.14580","ELEMENT":"f.1DB2A491F1B7C642484AEDF47EA6FD52.d.CAB8997CFB1F122FDE2F0F8F6C072C08.e.14580"}]}
RESULT: {"script":"<script> [8489 bytes]","args":[{"element-6066-11e4-a52e-4f735466cecf":"f.1DB2A491F1B7C642484AEDF47EA6FD52.d.CAB8997CFB1F122FDE2F0F8F6C072C08.e.14580","ELEMENT":"f.1DB2A491F1B7C642484AEDF47EA6FD52.d.CAB8997CFB1F122FDE2F0F8F6C072C08.e.14580"}]}
COMMAND: GET /session/0bd35d5034cd75fc8dc44075a41c35a4/screenshot - {}
RESULT: {}
COMMAND: POST /session/0bd35d5034cd75fc8dc44075a41c35a4/execute/sync - {"script":"<script> [8489 bytes]","args":[{"element-6066-11e4-a52e-4f735466cecf":"f.1DB2A491F1B7C642484AEDF47EA6FD52.d.CAB8997CFB1F122FDE2F0F8F6C072C08.e.14580","ELEMENT":"f.1DB2A491F1B7C642484AEDF47EA6FD52.d.CAB8997CFB1F122FDE2F0F8F6C072C08.e.14580"}]}
RESULT: {"script":"<script> [8489 bytes]","args":[{"element-6066-11e4-a52e-4f735466cecf":"f.1DB2A491F1B7C642484AEDF47EA6FD52.d.CAB8997CFB1F122FDE2F0F8F6C072C08.e.14580","ELEMENT":"f.1DB2A491F1B7C642484AEDF47EA6FD52.d.CAB8997CFB1F122FDE2F0F8F6C072C08.e.14580"}]}
COMMAND: GET /session/0bd35d5034cd75fc8dc44075a41c35a4/screenshot - {}
RESULT: {}
COMMAND: POST /session/0bd35d5034cd75fc8dc44075a41c35a4/execute/sync - {"script":"<script> [8489 bytes]","args":[{"element-6066-11e4-a52e-4f735466cecf":"f.1DB2A491F1B7C642484AEDF47EA6FD52.d.CAB8997CFB1F122FDE2F0F8F6C072C08.e.14580","ELEMENT":"f.1DB2A491F1B7C642484AEDF47EA6FD52.d.CAB8997CFB1F122FDE2F0F8F6C072C08.e.14580"}]}
RESULT: {"script":"<script> [8489 bytes]","args":[{"element-6066-11e4-a52e-4f735466cecf":"f.1DB2A491F1B7C642484AEDF47EA6FD52.d.CAB8997CFB1F122FDE2F0F8F6C072C08.e.14580","ELEMENT":"f.1DB2A491F1B7C642484AEDF47EA6FD52.d.CAB8997CFB1F122FDE2F0F8F6C072C08.e.14580"}]}
COMMAND: GET /session/0bd35d5034cd75fc8dc44075a41c35a4/screenshot - {}
RESULT: {}
COMMAND: POST /session/0bd35d5034cd75fc8dc44075a41c35a4/execute/sync - {"script":"<script> [8489 bytes]","args":[{"element-6066-11e4-a52e-4f735466cecf":"f.1DB2A491F1B7C642484AEDF47EA6FD52.d.CAB8997CFB1F122FDE2F0F8F6C072C08.e.14580","ELEMENT":"f.1DB2A491F1B7C642484AEDF47EA6FD52.d.CAB8997CFB1F122FDE2F0F8F6C072C08.e.14580"}]}
RESULT: {"script":"<script> [8489 bytes]","args":[{"element-6066-11e4-a52e-4f735466cecf":"f.1DB2A491F1B7C642484AEDF47EA6FD52.d.CAB8997CFB1F122FDE2F0F8F6C072C08.e.14580","ELEMENT":"f.1DB2A491F1B7C642484AEDF47EA6FD52.d.CAB8997CFB1F122FDE2F0F8F6C072C08.e.14580"}]}
COMMAND: GET /session/0bd35d5034cd75fc8dc44075a41c35a4/screenshot - {}
RESULT: {}
COMMAND: POST /session/0bd35d5034cd75fc8dc44075a41c35a4/execute/sync - {"script":"<script> [8489 bytes]","args":[{"element-6066-11e4-a52e-4f735466cecf":"f.1DB2A491F1B7C642484AEDF47EA6FD52.d.CAB8997CFB1F122FDE2F0F8F6C072C08.e.14580","ELEMENT":"f.1DB2A491F1B7C642484AEDF47EA6FD52.d.CAB8997CFB1F122FDE2F0F8F6C072C08.e.14580"}]}
RESULT: {"script":"<script> [8489 bytes]","args":[{"element-6066-11e4-a52e-4f735466cecf":"f.1DB2A491F1B7C642484AEDF47EA6FD52.d.CAB8997CFB1F122FDE2F0F8F6C072C08.e.14580","ELEMENT":"f.1DB2A491F1B7C642484AEDF47EA6FD52.d.CAB8997CFB1F122FDE2F0F8F6C072C08.e.14580"}]}
COMMAND: GET /session/0bd35d5034cd75fc8dc44075a41c35a4/screenshot - {}
RESULT: {}
COMMAND: POST /session/0bd35d5034cd75fc8dc44075a41c35a4/execute/sync - {"script":"<script> [8489 bytes]","args":[{"element-6066-11e4-a52e-4f735466cecf":"f.1DB2A491F1B7C642484AEDF47EA6FD52.d.CAB8997CFB1F122FDE2F0F8F6C072C08.e.14580","ELEMENT":"f.1DB2A491F1B7C642484AEDF47EA6FD52.d.CAB8997CFB1F122FDE2F0F8F6C072C08.e.14580"}]}
RESULT: {"script":"<script> [8489 bytes]","args":[{"element-6066-11e4-a52e-4f735466cecf":"f.1DB2A491F1B7C642484AEDF47EA6FD52.d.CAB8997CFB1F122FDE2F0F8F6C072C08.e.14580","ELEMENT":"f.1DB2A491F1B7C642484AEDF47EA6FD52.d.CAB8997CFB1F122FDE2F0F8F6C072C08.e.14580"}]}
COMMAND: GET /session/0bd35d5034cd75fc8dc44075a41c35a4/screenshot - {}
RESULT: {}
COMMAND: POST /session/0bd35d5034cd75fc8dc44075a41c35a4/execute/sync - {"script":"<script> [8489 bytes]","args":[{"element-6066-11e4-a52e-4f735466cecf":"f.1DB2A491F1B7C642484AEDF47EA6FD52.d.CAB8997CFB1F122FDE2F0F8F6C072C08.e.14580","ELEMENT":"f.1DB2A491F1B7C642484AEDF47EA6FD52.d.CAB8997CFB1F122FDE2F0F8F6C072C08.e.14580"}]}
RESULT: {"script":"<script> [8489 bytes]","args":[{"element-6066-11e4-a52e-4f735466cecf":"f.1DB2A491F1B7C642484AEDF47EA6FD52.d.CAB8997CFB1F122FDE2F0F8F6C072C08.e.14580","ELEMENT":"f.1DB2A491F1B7C642484AEDF47EA6FD52.d.CAB8997CFB1F122FDE2F0F8F6C072C08.e.14580"}]}
COMMAND: GET /session/0bd35d5034cd75fc8dc44075a41c35a4/screenshot - {}
RESULT: {}
COMMAND: POST /session/0bd35d5034cd75fc8dc44075a41c35a4/execute/sync - {"script":"<script> [8489 bytes]","args":[{"element-6066-11e4-a52e-4f735466cecf":"f.1DB2A491F1B7C642484AEDF47EA6FD52.d.CAB8997CFB1F122FDE2F0F8F6C072C08.e.14580","ELEMENT":"f.1DB2A491F1B7C642484AEDF47EA6FD52.d.CAB8997CFB1F122FDE2F0F8F6C072C08.e.14580"}]}
RESULT: {"script":"<script> [8489 bytes]","args":[{"element-6066-11e4-a52e-4f735466cecf":"f.1DB2A491F1B7C642484AEDF47EA6FD52.d.CAB8997CFB1F122FDE2F0F8F6C072C08.e.14580","ELEMENT":"f.1DB2A491F1B7C642484AEDF47EA6FD52.d.CAB8997CFB1F122FDE2F0F8F6C072C08.e.14580"}]}
COMMAND: GET /session/0bd35d5034cd75fc8dc44075a41c35a4/screenshot - {}
RESULT: {}
COMMAND: POST /session/0bd35d5034cd75fc8dc44075a41c35a4/execute/sync - {"script":"<script> [8489 bytes]","args":[{"element-6066-11e4-a52e-4f735466cecf":"f.1DB2A491F1B7C642484AEDF47EA6FD52.d.CAB8997CFB1F122FDE2F0F8F6C072C08.e.14580","ELEMENT":"f.1DB2A491F1B7C642484AEDF47EA6FD52.d.CAB8997CFB1F122FDE2F0F8F6C072C08.e.14580"}]}
RESULT: {"script":"<script> [8489 bytes]","args":[{"element-6066-11e4-a52e-4f735466cecf":"f.1DB2A491F1B7C642484AEDF47EA6FD52.d.CAB8997CFB1F122FDE2F0F8F6C072C08.e.14580","ELEMENT":"f.1DB2A491F1B7C642484AEDF47EA6FD52.d.CAB8997CFB1F122FDE2F0F8F6C072C08.e.14580"}]}
COMMAND: GET /session/0bd35d5034cd75fc8dc44075a41c35a4/screenshot - {}
RESULT: {}
COMMAND: POST /session/0bd35d5034cd75fc8dc44075a41c35a4/execute/sync - {"script":"<script> [8489 bytes]","args":[{"element-6066-11e4-a52e-4f735466cecf":"f.1DB2A491F1B7C642484AEDF47EA6FD52.d.CAB8997CFB1F122FDE2F0F8F6C072C08.e.14580","ELEMENT":"f.1DB2A491F1B7C642484AEDF47EA6FD52.d.CAB8997CFB1F122FDE2F0F8F6C072C08.e.14580"}]}
RESULT: {"script":"<script> [8489 bytes]","args":[{"element-6066-11e4-a52e-4f735466cecf":"f.1DB2A491F1B7C642484AEDF47EA6FD52.d.CAB8997CFB1F122FDE2F0F8F6C072C08.e.14580","ELEMENT":"f.1DB2A491F1B7C642484AEDF47EA6FD52.d.CAB8997CFB1F122FDE2F0F8F6C072C08.e.14580"}]}
COMMAND: GET /session/0bd35d5034cd75fc8dc44075a41c35a4/screenshot - {}
RESULT: {}
COMMAND: POST /session/0bd35d5034cd75fc8dc44075a41c35a4/execute/sync - {"script":"<script> [8489 bytes]","args":[{"element-6066-11e4-a52e-4f735466cecf":"f.1DB2A491F1B7C642484AEDF47EA6FD52.d.CAB8997CFB1F122FDE2F0F8F6C072C08.e.14580","ELEMENT":"f.1DB2A491F1B7C642484AEDF47EA6FD52.d.CAB8997CFB1F122FDE2F0F8F6C072C08.e.14580"}]}
RESULT: {"script":"<script> [8489 bytes]","args":[{"element-6066-11e4-a52e-4f735466cecf":"f.1DB2A491F1B7C642484AEDF47EA6FD52.d.CAB8997CFB1F122FDE2F0F8F6C072C08.e.14580","ELEMENT":"f.1DB2A491F1B7C642484AEDF47EA6FD52.d.CAB8997CFB1F122FDE2F0F8F6C072C08.e.14580"}]}
COMMAND: GET /session/0bd35d5034cd75fc8dc44075a41c35a4/screenshot - {}
RESULT: {}
COMMAND: POST /session/0bd35d5034cd75fc8dc44075a41c35a4/execute/sync - {"script":"<script> [8489 bytes]","args":[{"element-6066-11e4-a52e-4f735466cecf":"f.1DB2A491F1B7C642484AEDF47EA6FD52.d.CAB8997CFB1F122FDE2F0F8F6C072C08.e.14580","ELEMENT":"f.1DB2A491F1B7C642484AEDF47EA6FD52.d.CAB8997CFB1F122FDE2F0F8F6C072C08.e.14580"}]}
RESULT: {"script":"<script> [8489 bytes]","args":[{"element-6066-11e4-a52e-4f735466cecf":"f.1DB2A491F1B7C642484AEDF47EA6FD52.d.CAB8997CFB1F122FDE2F0F8F6C072C08.e.14580","ELEMENT":"f.1DB2A491F1B7C642484AEDF47EA6FD52.d.CAB8997CFB1F122FDE2F0F8F6C072C08.e.14580"}]}
COMMAND: GET /session/0bd35d5034cd75fc8dc44075a41c35a4/screenshot - {}
RESULT: {}
COMMAND: POST /session/0bd35d5034cd75fc8dc44075a41c35a4/execute/sync - {"script":"<script> [8489 bytes]","args":[{"element-6066-11e4-a52e-4f735466cecf":"f.1DB2A491F1B7C642484AEDF47EA6FD52.d.CAB8997CFB1F122FDE2F0F8F6C072C08.e.14580","ELEMENT":"f.1DB2A491F1B7C642484AEDF47EA6FD52.d.CAB8997CFB1F122FDE2F0F8F6C072C08.e.14580"}]}
RESULT: {"script":"<script> [8489 bytes]","args":[{"element-6066-11e4-a52e-4f735466cecf":"f.1DB2A491F1B7C642484AEDF47EA6FD52.d.CAB8997CFB1F122FDE2F0F8F6C072C08.e.14580","ELEMENT":"f.1DB2A491F1B7C642484AEDF47EA6FD52.d.CAB8997CFB1F122FDE2F0F8F6C072C08.e.14580"}]}
COMMAND: GET /session/0bd35d5034cd75fc8dc44075a41c35a4/screenshot - {}
RESULT: {}
COMMAND: POST /session/0bd35d5034cd75fc8dc44075a41c35a4/execute/sync - {"script":"<script> [8489 bytes]","args":[{"element-6066-11e4-a52e-4f735466cecf":"f.1DB2A491F1B7C642484AEDF47EA6FD52.d.CAB8997CFB1F122FDE2F0F8F6C072C08.e.14580","ELEMENT":"f.1DB2A491F1B7C642484AEDF47EA6FD52.d.CAB8997CFB1F122FDE2F0F8F6C072C08.e.14580"}]}
RESULT: {"script":"<script> [8489 bytes]","args":[{"element-6066-11e4-a52e-4f735466cecf":"f.1DB2A491F1B7C642484AEDF47EA6FD52.d.CAB8997CFB1F122FDE2F0F8F6C072C08.e.14580","ELEMENT":"f.1DB2A491F1B7C642484AEDF47EA6FD52.d.CAB8997CFB1F122FDE2F0F8F6C072C08.e.14580"}]}
COMMAND: GET /session/0bd35d5034cd75fc8dc44075a41c35a4/screenshot - {}
RESULT: {}
COMMAND: POST /session/0bd35d5034cd75fc8dc44075a41c35a4/execute/sync - {"script":"<script> [8489 bytes]","args":[{"element-6066-11e4-a52e-4f735466cecf":"f.1DB2A491F1B7C642484AEDF47EA6FD52.d.CAB8997CFB1F122FDE2F0F8F6C072C08.e.14580","ELEMENT":"f.1DB2A491F1B7C642484AEDF47EA6FD52.d.CAB8997CFB1F122FDE2F0F8F6C072C08.e.14580"}]}
RESULT: {"script":"<script> [8489 bytes]","args":[{"element-6066-11e4-a52e-4f735466cecf":"f.1DB2A491F1B7C642484AEDF47EA6FD52.d.CAB8997CFB1F122FDE2F0F8F6C072C08.e.14580","ELEMENT":"f.1DB2A491F1B7C642484AEDF47EA6FD52.d.CAB8997CFB1F122FDE2F0F8F6C072C08.e.14580"}]}
COMMAND: GET /session/0bd35d5034cd75fc8dc44075a41c35a4/screenshot - {}
RESULT: {}
COMMAND: POST /session/0bd35d5034cd75fc8dc44075a41c35a4/execute/sync - {"script":"<script> [8489 bytes]","args":[{"element-6066-11e4-a52e-4f735466cecf":"f.1DB2A491F1B7C642484AEDF47EA6FD52.d.CAB8997CFB1F122FDE2F0F8F6C072C08.e.14580","ELEMENT":"f.1DB2A491F1B7C642484AEDF47EA6FD52.d.CAB8997CFB1F122FDE2F0F8F6C072C08.e.14580"}]}
RESULT: {"script":"<script> [8489 bytes]","args":[{"element-6066-11e4-a52e-4f735466cecf":"f.1DB2A491F1B7C642484AEDF47EA6FD52.d.CAB8997CFB1F122FDE2F0F8F6C072C08.e.14580","ELEMENT":"f.1DB2A491F1B7C642484AEDF47EA6FD52.d.CAB8997CFB1F122FDE2F0F8F6C072C08.e.14580"}]}
COMMAND: GET /session/0bd35d5034cd75fc8dc44075a41c35a4/screenshot - {}
RESULT: {}
COMMAND: POST /session/0bd35d5034cd75fc8dc44075a41c35a4/execute/sync - {"script":"<script> [8489 bytes]","args":[{"element-6066-11e4-a52e-4f735466cecf":"f.1DB2A491F1B7C642484AEDF47EA6FD52.d.CAB8997CFB1F122FDE2F0F8F6C072C08.e.14580","ELEMENT":"f.1DB2A491F1B7C642484AEDF47EA6FD52.d.CAB8997CFB1F122FDE2F0F8F6C072C08.e.14580"}]}
RESULT: {"script":"<script> [8489 bytes]","args":[{"element-6066-11e4-a52e-4f735466cecf":"f.1DB2A491F1B7C642484AEDF47EA6FD52.d.CAB8997CFB1F122FDE2F0F8F6C072C08.e.14580","ELEMENT":"f.1DB2A491F1B7C642484AEDF47EA6FD52.d.CAB8997CFB1F122FDE2F0F8F6C072C08.e.14580"}]}
COMMAND: GET /session/0bd35d5034cd75fc8dc44075a41c35a4/screenshot - {}
RESULT: {}
COMMAND: POST /session/0bd35d5034cd75fc8dc44075a41c35a4/execute/sync - {"script":"<script> [8489 bytes]","args":[{"element-6066-11e4-a52e-4f735466cecf":"f.1DB2A491F1B7C642484AEDF47EA6FD52.d.CAB8997CFB1F122FDE2F0F8F6C072C08.e.14580","ELEMENT":"f.1DB2A491F1B7C642484AEDF47EA6FD52.d.CAB8997CFB1F122FDE2F0F8F6C072C08.e.14580"}]}
RESULT: {"script":"<script> [8489 bytes]","args":[{"element-6066-11e4-a52e-4f735466cecf":"f.1DB2A491F1B7C642484AEDF47EA6FD52.d.CAB8997CFB1F122FDE2F0F8F6C072C08.e.14580","ELEMENT":"f.1DB2A491F1B7C642484AEDF47EA6FD52.d.CAB8997CFB1F122FDE2F0F8F6C072C08.e.14580"}]}
COMMAND: GET /session/0bd35d5034cd75fc8dc44075a41c35a4/screenshot - {}
RESULT: {}
COMMAND: POST /session/0bd35d5034cd75fc8dc44075a41c35a4/execute/sync - {"script":"<script> [8489 bytes]","args":[{"element-6066-11e4-a52e-4f735466cecf":"f.1DB2A491F1B7C642484AEDF47EA6FD52.d.CAB8997CFB1F122FDE2F0F8F6C072C08.e.14580","ELEMENT":"f.1DB2A491F1B7C642484AEDF47EA6FD52.d.CAB8997CFB1F122FDE2F0F8F6C072C08.e.14580"}]}
RESULT: {"script":"<script> [8489 bytes]","args":[{"element-6066-11e4-a52e-4f735466cecf":"f.1DB2A491F1B7C642484AEDF47EA6FD52.d.CAB8997CFB1F122FDE2F0F8F6C072C08.e.14580","ELEMENT":"f.1DB2A491F1B7C642484AEDF47EA6FD52.d.CAB8997CFB1F122FDE2F0F8F6C072C08.e.14580"}]}
COMMAND: GET /session/0bd35d5034cd75fc8dc44075a41c35a4/screenshot - {}
RESULT: {}
COMMAND: POST /session/0bd35d5034cd75fc8dc44075a41c35a4/execute/sync - {"script":"<script> [8489 bytes]","args":[{"element-6066-11e4-a52e-4f735466cecf":"f.1DB2A491F1B7C642484AEDF47EA6FD52.d.CAB8997CFB1F122FDE2F0F8F6C072C08.e.14580","ELEMENT":"f.1DB2A491F1B7C642484AEDF47EA6FD52.d.CAB8997CFB1F122FDE2F0F8F6C072C08.e.14580"}]}
RESULT: {"script":"<script> [8489 bytes]","args":[{"element-6066-11e4-a52e-4f735466cecf":"f.1DB2A491F1B7C642484AEDF47EA6FD52.d.CAB8997CFB1F122FDE2F0F8F6C072C08.e.14580","ELEMENT":"f.1DB2A491F1B7C642484AEDF47EA6FD52.d.CAB8997CFB1F122FDE2F0F8F6C072C08.e.14580"}]}
COMMAND: GET /session/0bd35d5034cd75fc8dc44075a41c35a4/screenshot - {}
RESULT: {}
COMMAND: POST /session/0bd35d5034cd75fc8dc44075a41c35a4/execute/sync - {"script":"<script> [8489 bytes]","args":[{"element-6066-11e4-a52e-4f735466cecf":"f.1DB2A491F1B7C642484AEDF47EA6FD52.d.CAB8997CFB1F122FDE2F0F8F6C072C08.e.14580","ELEMENT":"f.1DB2A491F1B7C642484AEDF47EA6FD52.d.CAB8997CFB1F122FDE2F0F8F6C072C08.e.14580"}]}
RESULT: {"script":"<script> [8489 bytes]","args":[{"element-6066-11e4-a52e-4f735466cecf":"f.1DB2A491F1B7C642484AEDF47EA6FD52.d.CAB8997CFB1F122FDE2F0F8F6C072C08.e.14580","ELEMENT":"f.1DB2A491F1B7C642484AEDF47EA6FD52.d.CAB8997CFB1F122FDE2F0F8F6C072C08.e.14580"}]}
COMMAND: GET /session/0bd35d5034cd75fc8dc44075a41c35a4/screenshot - {}
RESULT: {}
COMMAND: POST /session/0bd35d5034cd75fc8dc44075a41c35a4/execute/sync - {"script":"<script> [8489 bytes]","args":[{"element-6066-11e4-a52e-4f735466cecf":"f.1DB2A491F1B7C642484AEDF47EA6FD52.d.CAB8997CFB1F122FDE2F0F8F6C072C08.e.14580","ELEMENT":"f.1DB2A491F1B7C642484AEDF47EA6FD52.d.CAB8997CFB1F122FDE2F0F8F6C072C08.e.14580"}]}
RESULT: {"script":"<script> [8489 bytes]","args":[{"element-6066-11e4-a52e-4f735466cecf":"f.1DB2A491F1B7C642484AEDF47EA6FD52.d.CAB8997CFB1F122FDE2F0F8F6C072C08.e.14580","ELEMENT":"f.1DB2A491F1B7C642484AEDF47EA6FD52.d.CAB8997CFB1F122FDE2F0F8F6C072C08.e.14580"}]}
COMMAND: GET /session/0bd35d5034cd75fc8dc44075a41c35a4/screenshot - {}
RESULT: {}
COMMAND: POST /session/0bd35d5034cd75fc8dc44075a41c35a4/execute/sync - {"script":"<script> [8489 bytes]","args":[{"element-6066-11e4-a52e-4f735466cecf":"f.1DB2A491F1B7C642484AEDF47EA6FD52.d.CAB8997CFB1F122FDE2F0F8F6C072C08.e.14580","ELEMENT":"f.1DB2A491F1B7C642484AEDF47EA6FD52.d.CAB8997CFB1F122FDE2F0F8F6C072C08.e.14580"}]}
RESULT: {"script":"<script> [8489 bytes]","args":[{"element-6066-11e4-a52e-4f735466cecf":"f.1DB2A491F1B7C642484AEDF47EA6FD52.d.CAB8997CFB1F122FDE2F0F8F6C072C08.e.14580","ELEMENT":"f.1DB2A491F1B7C642484AEDF47EA6FD52.d.CAB8997CFB1F122FDE2F0F8F6C072C08.e.14580"}]}
COMMAND: GET /session/0bd35d5034cd75fc8dc44075a41c35a4/screenshot - {}
COMMAND: POST /session/0bd35d5034cd75fc8dc44075a41c35a4/execute/sync - {"script":"<script> [8489 bytes]","args":[{"element-6066-11e4-a52e-4f735466cecf":"f.1DB2A491F1B7C642484AEDF47EA6FD52.d.CAB8997CFB1F122FDE2F0F8F6C072C08.e.14580","ELEMENT":"f.1DB2A491F1B7C642484AEDF47EA6FD52.d.CAB8997CFB1F122FDE2F0F8F6C072C08.e.14580"}]}
RESULT: {}
RESULT: {"script":"<script> [8489 bytes]","args":[{"element-6066-11e4-a52e-4f735466cecf":"f.1DB2A491F1B7C642484AEDF47EA6FD52.d.CAB8997CFB1F122FDE2F0F8F6C072C08.e.14580","ELEMENT":"f.1DB2A491F1B7C642484AEDF47EA6FD52.d.CAB8997CFB1F122FDE2F0F8F6C072C08.e.14580"}]}
COMMAND: GET /session/0bd35d5034cd75fc8dc44075a41c35a4/screenshot - {}
RESULT: {}
COMMAND: POST /session/0bd35d5034cd75fc8dc44075a41c35a4/execute/sync - {"script":"<script> [8489 bytes]","args":[{"element-6066-11e4-a52e-4f735466cecf":"f.1DB2A491F1B7C642484AEDF47EA6FD52.d.CAB8997CFB1F122FDE2F0F8F6C072C08.e.14580","ELEMENT":"f.1DB2A491F1B7C642484AEDF47EA6FD52.d.CAB8997CFB1F122FDE2F0F8F6C072C08.e.14580"}]}
RESULT: {"script":"<script> [8489 bytes]","args":[{"element-6066-11e4-a52e-4f735466cecf":"f.1DB2A491F1B7C642484AEDF47EA6FD52.d.CAB8997CFB1F122FDE2F0F8F6C072C08.e.14580","ELEMENT":"f.1DB2A491F1B7C642484AEDF47EA6FD52.d.CAB8997CFB1F122FDE2F0F8F6C072C08.e.14580"}]}
COMMAND: GET /session/0bd35d5034cd75fc8dc44075a41c35a4/screenshot - {}
RESULT: {}
COMMAND: POST /session/0bd35d5034cd75fc8dc44075a41c35a4/execute/sync - {"script":"<script> [8489 bytes]","args":[{"element-6066-11e4-a52e-4f735466cecf":"f.1DB2A491F1B7C642484AEDF47EA6FD52.d.CAB8997CFB1F122FDE2F0F8F6C072C08.e.14580","ELEMENT":"f.1DB2A491F1B7C642484AEDF47EA6FD52.d.CAB8997CFB1F122FDE2F0F8F6C072C08.e.14580"}]}
RESULT: {"script":"<script> [8489 bytes]","args":[{"element-6066-11e4-a52e-4f735466cecf":"f.1DB2A491F1B7C642484AEDF47EA6FD52.d.CAB8997CFB1F122FDE2F0F8F6C072C08.e.14580","ELEMENT":"f.1DB2A491F1B7C642484AEDF47EA6FD52.d.CAB8997CFB1F122FDE2F0F8F6C072C08.e.14580"}]}
COMMAND: GET /session/0bd35d5034cd75fc8dc44075a41c35a4/screenshot - {}
RESULT: {}
COMMAND: POST /session/0bd35d5034cd75fc8dc44075a41c35a4/execute/sync - {"script":"<script> [8489 bytes]","args":[{"element-6066-11e4-a52e-4f735466cecf":"f.1DB2A491F1B7C642484AEDF47EA6FD52.d.CAB8997CFB1F122FDE2F0F8F6C072C08.e.14580","ELEMENT":"f.1DB2A491F1B7C642484AEDF47EA6FD52.d.CAB8997CFB1F122FDE2F0F8F6C072C08.e.14580"}]}
RESULT: {"script":"<script> [8489 bytes]","args":[{"element-6066-11e4-a52e-4f735466cecf":"f.1DB2A491F1B7C642484AEDF47EA6FD52.d.CAB8997CFB1F122FDE2F0F8F6C072C08.e.14580","ELEMENT":"f.1DB2A491F1B7C642484AEDF47EA6FD52.d.CAB8997CFB1F122FDE2F0F8F6C072C08.e.14580"}]}
COMMAND: GET /session/0bd35d5034cd75fc8dc44075a41c35a4/screenshot - {}
RESULT: {}
COMMAND: POST /session/0bd35d5034cd75fc8dc44075a41c35a4/execute/sync - {"script":"<script> [8489 bytes]","args":[{"element-6066-11e4-a52e-4f735466cecf":"f.1DB2A491F1B7C642484AEDF47EA6FD52.d.CAB8997CFB1F122FDE2F0F8F6C072C08.e.14580","ELEMENT":"f.1DB2A491F1B7C642484AEDF47EA6FD52.d.CAB8997CFB1F122FDE2F0F8F6C072C08.e.14580"}]}
RESULT: {"script":"<script> [8489 bytes]","args":[{"element-6066-11e4-a52e-4f735466cecf":"f.1DB2A491F1B7C642484AEDF47EA6FD52.d.CAB8997CFB1F122FDE2F0F8F6C072C08.e.14580","ELEMENT":"f.1DB2A491F1B7C642484AEDF47EA6FD52.d.CAB8997CFB1F122FDE2F0F8F6C072C08.e.14580"}]}
COMMAND: GET /session/0bd35d5034cd75fc8dc44075a41c35a4/screenshot - {}
RESULT: {}
COMMAND: POST /session/0bd35d5034cd75fc8dc44075a41c35a4/execute/sync - {"script":"<script> [8489 bytes]","args":[{"element-6066-11e4-a52e-4f735466cecf":"f.1DB2A491F1B7C642484AEDF47EA6FD52.d.CAB8997CFB1F122FDE2F0F8F6C072C08.e.14580","ELEMENT":"f.1DB2A491F1B7C642484AEDF47EA6FD52.d.CAB8997CFB1F122FDE2F0F8F6C072C08.e.14580"}]}
RESULT: {"script":"<script> [8489 bytes]","args":[{"element-6066-11e4-a52e-4f735466cecf":"f.1DB2A491F1B7C642484AEDF47EA6FD52.d.CAB8997CFB1F122FDE2F0F8F6C072C08.e.14580","ELEMENT":"f.1DB2A491F1B7C642484AEDF47EA6FD52.d.CAB8997CFB1F122FDE2F0F8F6C072C08.e.14580"}]}
COMMAND: GET /session/0bd35d5034cd75fc8dc44075a41c35a4/screenshot - {}
RESULT: {}
COMMAND: POST /session/0bd35d5034cd75fc8dc44075a41c35a4/execute/sync - {"script":"<script> [8489 bytes]","args":[{"element-6066-11e4-a52e-4f735466cecf":"f.1DB2A491F1B7C642484AEDF47EA6FD52.d.CAB8997CFB1F122FDE2F0F8F6C072C08.e.14580","ELEMENT":"f.1DB2A491F1B7C642484AEDF47EA6FD52.d.CAB8997CFB1F122FDE2F0F8F6C072C08.e.14580"}]}
RESULT: {"script":"<script> [8489 bytes]","args":[{"element-6066-11e4-a52e-4f735466cecf":"f.1DB2A491F1B7C642484AEDF47EA6FD52.d.CAB8997CFB1F122FDE2F0F8F6C072C08.e.14580","ELEMENT":"f.1DB2A491F1B7C642484AEDF47EA6FD52.d.CAB8997CFB1F122FDE2F0F8F6C072C08.e.14580"}]}
COMMAND: GET /session/0bd35d5034cd75fc8dc44075a41c35a4/screenshot - {}
RESULT: {}
COMMAND: POST /session/0bd35d5034cd75fc8dc44075a41c35a4/execute/sync - {"script":"<script> [8489 bytes]","args":[{"element-6066-11e4-a52e-4f735466cecf":"f.1DB2A491F1B7C642484AEDF47EA6FD52.d.CAB8997CFB1F122FDE2F0F8F6C072C08.e.14580","ELEMENT":"f.1DB2A491F1B7C642484AEDF47EA6FD52.d.CAB8997CFB1F122FDE2F0F8F6C072C08.e.14580"}]}
RESULT: {"script":"<script> [8489 bytes]","args":[{"element-6066-11e4-a52e-4f735466cecf":"f.1DB2A491F1B7C642484AEDF47EA6FD52.d.CAB8997CFB1F122FDE2F0F8F6C072C08.e.14580","ELEMENT":"f.1DB2A491F1B7C642484AEDF47EA6FD52.d.CAB8997CFB1F122FDE2F0F8F6C072C08.e.14580"}]}
COMMAND: GET /session/0bd35d5034cd75fc8dc44075a41c35a4/screenshot - {}
RESULT: {}
COMMAND: POST /session/0bd35d5034cd75fc8dc44075a41c35a4/execute/sync - {"script":"<script> [8489 bytes]","args":[{"element-6066-11e4-a52e-4f735466cecf":"f.1DB2A491F1B7C642484AEDF47EA6FD52.d.CAB8997CFB1F122FDE2F0F8F6C072C08.e.14580","ELEMENT":"f.1DB2A491F1B7C642484AEDF47EA6FD52.d.CAB8997CFB1F122FDE2F0F8F6C072C08.e.14580"}]}
RESULT: {"script":"<script> [8489 bytes]","args":[{"element-6066-11e4-a52e-4f735466cecf":"f.1DB2A491F1B7C642484AEDF47EA6FD52.d.CAB8997CFB1F122FDE2F0F8F6C072C08.e.14580","ELEMENT":"f.1DB2A491F1B7C642484AEDF47EA6FD52.d.CAB8997CFB1F122FDE2F0F8F6C072C08.e.14580"}]}
COMMAND: GET /session/0bd35d5034cd75fc8dc44075a41c35a4/screenshot - {}
RESULT: {}
COMMAND: POST /session/0bd35d5034cd75fc8dc44075a41c35a4/execute/sync - {"script":"<script> [8489 bytes]","args":[{"element-6066-11e4-a52e-4f735466cecf":"f.1DB2A491F1B7C642484AEDF47EA6FD52.d.CAB8997CFB1F122FDE2F0F8F6C072C08.e.14580","ELEMENT":"f.1DB2A491F1B7C642484AEDF47EA6FD52.d.CAB8997CFB1F122FDE2F0F8F6C072C08.e.14580"}]}
RESULT: {"script":"<script> [8489 bytes]","args":[{"element-6066-11e4-a52e-4f735466cecf":"f.1DB2A491F1B7C642484AEDF47EA6FD52.d.CAB8997CFB1F122FDE2F0F8F6C072C08.e.14580","ELEMENT":"f.1DB2A491F1B7C642484AEDF47EA6FD52.d.CAB8997CFB1F122FDE2F0F8F6C072C08.e.14580"}]}
COMMAND: GET /session/0bd35d5034cd75fc8dc44075a41c35a4/screenshot - {}
RESULT: {}
COMMAND: POST /session/0bd35d5034cd75fc8dc44075a41c35a4/execute/sync - {"script":"<script> [8489 bytes]","args":[{"element-6066-11e4-a52e-4f735466cecf":"f.1DB2A491F1B7C642484AEDF47EA6FD52.d.CAB8997CFB1F122FDE2F0F8F6C072C08.e.14580","ELEMENT":"f.1DB2A491F1B7C642484AEDF47EA6FD52.d.CAB8997CFB1F122FDE2F0F8F6C072C08.e.14580"}]}
RESULT: {"script":"<script> [8489 bytes]","args":[{"element-6066-11e4-a52e-4f735466cecf":"f.1DB2A491F1B7C642484AEDF47EA6FD52.d.CAB8997CFB1F122FDE2F0F8F6C072C08.e.14580","ELEMENT":"f.1DB2A491F1B7C642484AEDF47EA6FD52.d.CAB8997CFB1F122FDE2F0F8F6C072C08.e.14580"}]}
COMMAND: GET /session/0bd35d5034cd75fc8dc44075a41c35a4/screenshot - {}
RESULT: {}
COMMAND: POST /session/0bd35d5034cd75fc8dc44075a41c35a4/execute/sync - {"script":"<script> [8489 bytes]","args":[{"element-6066-11e4-a52e-4f735466cecf":"f.1DB2A491F1B7C642484AEDF47EA6FD52.d.CAB8997CFB1F122FDE2F0F8F6C072C08.e.14580","ELEMENT":"f.1DB2A491F1B7C642484AEDF47EA6FD52.d.CAB8997CFB1F122FDE2F0F8F6C072C08.e.14580"}]}
RESULT: {"script":"<script> [8489 bytes]","args":[{"element-6066-11e4-a52e-4f735466cecf":"f.1DB2A491F1B7C642484AEDF47EA6FD52.d.CAB8997CFB1F122FDE2F0F8F6C072C08.e.14580","ELEMENT":"f.1DB2A491F1B7C642484AEDF47EA6FD52.d.CAB8997CFB1F122FDE2F0F8F6C072C08.e.14580"}]}
COMMAND: GET /session/0bd35d5034cd75fc8dc44075a41c35a4/screenshot - {}
RESULT: {}
COMMAND: POST /session/0bd35d5034cd75fc8dc44075a41c35a4/execute/sync - {"script":"<script> [8489 bytes]","args":[{"element-6066-11e4-a52e-4f735466cecf":"f.1DB2A491F1B7C642484AEDF47EA6FD52.d.CAB8997CFB1F122FDE2F0F8F6C072C08.e.14580","ELEMENT":"f.1DB2A491F1B7C642484AEDF47EA6FD52.d.CAB8997CFB1F122FDE2F0F8F6C072C08.e.14580"}]}
RESULT: {"script":"<script> [8489 bytes]","args":[{"element-6066-11e4-a52e-4f735466cecf":"f.1DB2A491F1B7C642484AEDF47EA6FD52.d.CAB8997CFB1F122FDE2F0F8F6C072C08.e.14580","ELEMENT":"f.1DB2A491F1B7C642484AEDF47EA6FD52.d.CAB8997CFB1F122FDE2F0F8F6C072C08.e.14580"}]}
COMMAND: GET /session/0bd35d5034cd75fc8dc44075a41c35a4/screenshot - {}
RESULT: {}
COMMAND: POST /session/0bd35d5034cd75fc8dc44075a41c35a4/execute/sync - {"script":"<script> [8489 bytes]","args":[{"element-6066-11e4-a52e-4f735466cecf":"f.1DB2A491F1B7C642484AEDF47EA6FD52.d.CAB8997CFB1F122FDE2F0F8F6C072C08.e.14580","ELEMENT":"f.1DB2A491F1B7C642484AEDF47EA6FD52.d.CAB8997CFB1F122FDE2F0F8F6C072C08.e.14580"}]}
RESULT: {"script":"<script> [8489 bytes]","args":[{"element-6066-11e4-a52e-4f735466cecf":"f.1DB2A491F1B7C642484AEDF47EA6FD52.d.CAB8997CFB1F122FDE2F0F8F6C072C08.e.14580","ELEMENT":"f.1DB2A491F1B7C642484AEDF47EA6FD52.d.CAB8997CFB1F122FDE2F0F8F6C072C08.e.14580"}]}
COMMAND: GET /session/0bd35d5034cd75fc8dc44075a41c35a4/screenshot - {}
RESULT: {}
COMMAND: POST /session/0bd35d5034cd75fc8dc44075a41c35a4/execute/sync - {"script":"<script> [8489 bytes]","args":[{"element-6066-11e4-a52e-4f735466cecf":"f.1DB2A491F1B7C642484AEDF47EA6FD52.d.CAB8997CFB1F122FDE2F0F8F6C072C08.e.14580","ELEMENT":"f.1DB2A491F1B7C642484AEDF47EA6FD52.d.CAB8997CFB1F122FDE2F0F8F6C072C08.e.14580"}]}
RESULT: {"script":"<script> [8489 bytes]","args":[{"element-6066-11e4-a52e-4f735466cecf":"f.1DB2A491F1B7C642484AEDF47EA6FD52.d.CAB8997CFB1F122FDE2F0F8F6C072C08.e.14580","ELEMENT":"f.1DB2A491F1B7C642484AEDF47EA6FD52.d.CAB8997CFB1F122FDE2F0F8F6C072C08.e.14580"}]}
COMMAND: GET /session/0bd35d5034cd75fc8dc44075a41c35a4/screenshot - {}
RESULT: {}
COMMAND: POST /session/0bd35d5034cd75fc8dc44075a41c35a4/execute/sync - {"script":"<script> [8489 bytes]","args":[{"element-6066-11e4-a52e-4f735466cecf":"f.1DB2A491F1B7C642484AEDF47EA6FD52.d.CAB8997CFB1F122FDE2F0F8F6C072C08.e.14580","ELEMENT":"f.1DB2A491F1B7C642484AEDF47EA6FD52.d.CAB8997CFB1F122FDE2F0F8F6C072C08.e.14580"}]}
RESULT: {"script":"<script> [8489 bytes]","args":[{"element-6066-11e4-a52e-4f735466cecf":"f.1DB2A491F1B7C642484AEDF47EA6FD52.d.CAB8997CFB1F122FDE2F0F8F6C072C08.e.14580","ELEMENT":"f.1DB2A491F1B7C642484AEDF47EA6FD52.d.CAB8997CFB1F122FDE2F0F8F6C072C08.e.14580"}]}
COMMAND: GET /session/0bd35d5034cd75fc8dc44075a41c35a4/screenshot - {}
RESULT: {}
COMMAND: POST /session/0bd35d5034cd75fc8dc44075a41c35a4/execute/sync - {"script":"<script> [8489 bytes]","args":[{"element-6066-11e4-a52e-4f735466cecf":"f.1DB2A491F1B7C642484AEDF47EA6FD52.d.CAB8997CFB1F122FDE2F0F8F6C072C08.e.14580","ELEMENT":"f.1DB2A491F1B7C642484AEDF47EA6FD52.d.CAB8997CFB1F122FDE2F0F8F6C072C08.e.14580"}]}
RESULT: {"script":"<script> [8489 bytes]","args":[{"element-6066-11e4-a52e-4f735466cecf":"f.1DB2A491F1B7C642484AEDF47EA6FD52.d.CAB8997CFB1F122FDE2F0F8F6C072C08.e.14580","ELEMENT":"f.1DB2A491F1B7C642484AEDF47EA6FD52.d.CAB8997CFB1F122FDE2F0F8F6C072C08.e.14580"}]}
COMMAND: GET /session/0bd35d5034cd75fc8dc44075a41c35a4/screenshot - {}
RESULT: {}
COMMAND: POST /session/0bd35d5034cd75fc8dc44075a41c35a4/execute/sync - {"script":"<script> [8489 bytes]","args":[{"element-6066-11e4-a52e-4f735466cecf":"f.1DB2A491F1B7C642484AEDF47EA6FD52.d.CAB8997CFB1F122FDE2F0F8F6C072C08.e.14580","ELEMENT":"f.1DB2A491F1B7C642484AEDF47EA6FD52.d.CAB8997CFB1F122FDE2F0F8F6C072C08.e.14580"}]}
RESULT: {"script":"<script> [8489 bytes]","args":[{"element-6066-11e4-a52e-4f735466cecf":"f.1DB2A491F1B7C642484AEDF47EA6FD52.d.CAB8997CFB1F122FDE2F0F8F6C072C08.e.14580","ELEMENT":"f.1DB2A491F1B7C642484AEDF47EA6FD52.d.CAB8997CFB1F122FDE2F0F8F6C072C08.e.14580"}]}
COMMAND: GET /session/0bd35d5034cd75fc8dc44075a41c35a4/screenshot - {}
RESULT: {}
COMMAND: POST /session/0bd35d5034cd75fc8dc44075a41c35a4/execute/sync - {"script":"<script> [8489 bytes]","args":[{"element-6066-11e4-a52e-4f735466cecf":"f.1DB2A491F1B7C642484AEDF47EA6FD52.d.CAB8997CFB1F122FDE2F0F8F6C072C08.e.14580","ELEMENT":"f.1DB2A491F1B7C642484AEDF47EA6FD52.d.CAB8997CFB1F122FDE2F0F8F6C072C08.e.14580"}]}
RESULT: {"script":"<script> [8489 bytes]","args":[{"element-6066-11e4-a52e-4f735466cecf":"f.1DB2A491F1B7C642484AEDF47EA6FD52.d.CAB8997CFB1F122FDE2F0F8F6C072C08.e.14580","ELEMENT":"f.1DB2A491F1B7C642484AEDF47EA6FD52.d.CAB8997CFB1F122FDE2F0F8F6C072C08.e.14580"}]}
COMMAND: GET /session/0bd35d5034cd75fc8dc44075a41c35a4/screenshot - {}
RESULT: {}
COMMAND: POST /session/0bd35d5034cd75fc8dc44075a41c35a4/execute/sync - {"script":"<script> [8489 bytes]","args":[{"element-6066-11e4-a52e-4f735466cecf":"f.1DB2A491F1B7C642484AEDF47EA6FD52.d.CAB8997CFB1F122FDE2F0F8F6C072C08.e.14580","ELEMENT":"f.1DB2A491F1B7C642484AEDF47EA6FD52.d.CAB8997CFB1F122FDE2F0F8F6C072C08.e.14580"}]}
RESULT: {"script":"<script> [8489 bytes]","args":[{"element-6066-11e4-a52e-4f735466cecf":"f.1DB2A491F1B7C642484AEDF47EA6FD52.d.CAB8997CFB1F122FDE2F0F8F6C072C08.e.14580","ELEMENT":"f.1DB2A491F1B7C642484AEDF47EA6FD52.d.CAB8997CFB1F122FDE2F0F8F6C072C08.e.14580"}]}
COMMAND: GET /session/0bd35d5034cd75fc8dc44075a41c35a4/screenshot - {}
RESULT: {}
COMMAND: POST /session/0bd35d5034cd75fc8dc44075a41c35a4/execute/sync - {"script":"<script> [8489 bytes]","args":[{"element-6066-11e4-a52e-4f735466cecf":"f.1DB2A491F1B7C642484AEDF47EA6FD52.d.CAB8997CFB1F122FDE2F0F8F6C072C08.e.14580","ELEMENT":"f.1DB2A491F1B7C642484AEDF47EA6FD52.d.CAB8997CFB1F122FDE2F0F8F6C072C08.e.14580"}]}
RESULT: {"script":"<script> [8489 bytes]","args":[{"element-6066-11e4-a52e-4f735466cecf":"f.1DB2A491F1B7C642484AEDF47EA6FD52.d.CAB8997CFB1F122FDE2F0F8F6C072C08.e.14580","ELEMENT":"f.1DB2A491F1B7C642484AEDF47EA6FD52.d.CAB8997CFB1F122FDE2F0F8F6C072C08.e.14580"}]}
COMMAND: GET /session/0bd35d5034cd75fc8dc44075a41c35a4/screenshot - {}
RESULT: {}
COMMAND: POST /session/0bd35d5034cd75fc8dc44075a41c35a4/execute/sync - {"script":"<script> [8489 bytes]","args":[{"element-6066-11e4-a52e-4f735466cecf":"f.1DB2A491F1B7C642484AEDF47EA6FD52.d.CAB8997CFB1F122FDE2F0F8F6C072C08.e.14580","ELEMENT":"f.1DB2A491F1B7C642484AEDF47EA6FD52.d.CAB8997CFB1F122FDE2F0F8F6C072C08.e.14580"}]}
RESULT: {"script":"<script> [8489 bytes]","args":[{"element-6066-11e4-a52e-4f735466cecf":"f.1DB2A491F1B7C642484AEDF47EA6FD52.d.CAB8997CFB1F122FDE2F0F8F6C072C08.e.14580","ELEMENT":"f.1DB2A491F1B7C642484AEDF47EA6FD52.d.CAB8997CFB1F122FDE2F0F8F6C072C08.e.14580"}]}
COMMAND: GET /session/0bd35d5034cd75fc8dc44075a41c35a4/screenshot - {}
RESULT: {}
COMMAND: POST /session/0bd35d5034cd75fc8dc44075a41c35a4/execute/sync - {"script":"<script> [8489 bytes]","args":[{"element-6066-11e4-a52e-4f735466cecf":"f.1DB2A491F1B7C642484AEDF47EA6FD52.d.CAB8997CFB1F122FDE2F0F8F6C072C08.e.14580","ELEMENT":"f.1DB2A491F1B7C642484AEDF47EA6FD52.d.CAB8997CFB1F122FDE2F0F8F6C072C08.e.14580"}]}
RESULT: {"script":"<script> [8489 bytes]","args":[{"element-6066-11e4-a52e-4f735466cecf":"f.1DB2A491F1B7C642484AEDF47EA6FD52.d.CAB8997CFB1F122FDE2F0F8F6C072C08.e.14580","ELEMENT":"f.1DB2A491F1B7C642484AEDF47EA6FD52.d.CAB8997CFB1F122FDE2F0F8F6C072C08.e.14580"}]}
COMMAND: GET /session/0bd35d5034cd75fc8dc44075a41c35a4/screenshot - {}
RESULT: {}
COMMAND: POST /session/0bd35d5034cd75fc8dc44075a41c35a4/execute/sync - {"script":"<script> [8489 bytes]","args":[{"element-6066-11e4-a52e-4f735466cecf":"f.1DB2A491F1B7C642484AEDF47EA6FD52.d.CAB8997CFB1F122FDE2F0F8F6C072C08.e.14580","ELEMENT":"f.1DB2A491F1B7C642484AEDF47EA6FD52.d.CAB8997CFB1F122FDE2F0F8F6C072C08.e.14580"}]}
RESULT: {"script":"<script> [8489 bytes]","args":[{"element-6066-11e4-a52e-4f735466cecf":"f.1DB2A491F1B7C642484AEDF47EA6FD52.d.CAB8997CFB1F122FDE2F0F8F6C072C08.e.14580","ELEMENT":"f.1DB2A491F1B7C642484AEDF47EA6FD52.d.CAB8997CFB1F122FDE2F0F8F6C072C08.e.14580"}]}
COMMAND: GET /session/0bd35d5034cd75fc8dc44075a41c35a4/screenshot - {}
RESULT: {}
COMMAND: POST /session/0bd35d5034cd75fc8dc44075a41c35a4/execute/sync - {"script":"<script> [8489 bytes]","args":[{"element-6066-11e4-a52e-4f735466cecf":"f.1DB2A491F1B7C642484AEDF47EA6FD52.d.CAB8997CFB1F122FDE2F0F8F6C072C08.e.14580","ELEMENT":"f.1DB2A491F1B7C642484AEDF47EA6FD52.d.CAB8997CFB1F122FDE2F0F8F6C072C08.e.14580"}]}
RESULT: {"script":"<script> [8489 bytes]","args":[{"element-6066-11e4-a52e-4f735466cecf":"f.1DB2A491F1B7C642484AEDF47EA6FD52.d.CAB8997CFB1F122FDE2F0F8F6C072C08.e.14580","ELEMENT":"f.1DB2A491F1B7C642484AEDF47EA6FD52.d.CAB8997CFB1F122FDE2F0F8F6C072C08.e.14580"}]}
COMMAND: GET /session/0bd35d5034cd75fc8dc44075a41c35a4/screenshot - {}
RESULT: {}
COMMAND: POST /session/0bd35d5034cd75fc8dc44075a41c35a4/execute/sync - {"script":"<script> [8489 bytes]","args":[{"element-6066-11e4-a52e-4f735466cecf":"f.1DB2A491F1B7C642484AEDF47EA6FD52.d.CAB8997CFB1F122FDE2F0F8F6C072C08.e.14580","ELEMENT":"f.1DB2A491F1B7C642484AEDF47EA6FD52.d.CAB8997CFB1F122FDE2F0F8F6C072C08.e.14580"}]}
RESULT: {"script":"<script> [8489 bytes]","args":[{"element-6066-11e4-a52e-4f735466cecf":"f.1DB2A491F1B7C642484AEDF47EA6FD52.d.CAB8997CFB1F122FDE2F0F8F6C072C08.e.14580","ELEMENT":"f.1DB2A491F1B7C642484AEDF47EA6FD52.d.CAB8997CFB1F122FDE2F0F8F6C072C08.e.14580"}]}
COMMAND: GET /session/0bd35d5034cd75fc8dc44075a41c35a4/screenshot - {}
RESULT: {}
COMMAND: POST /session/0bd35d5034cd75fc8dc44075a41c35a4/execute/sync - {"script":"<script> [8489 bytes]","args":[{"element-6066-11e4-a52e-4f735466cecf":"f.1DB2A491F1B7C642484AEDF47EA6FD52.d.CAB8997CFB1F122FDE2F0F8F6C072C08.e.14580","ELEMENT":"f.1DB2A491F1B7C642484AEDF47EA6FD52.d.CAB8997CFB1F122FDE2F0F8F6C072C08.e.14580"}]}
RESULT: {"script":"<script> [8489 bytes]","args":[{"element-6066-11e4-a52e-4f735466cecf":"f.1DB2A491F1B7C642484AEDF47EA6FD52.d.CAB8997CFB1F122FDE2F0F8F6C072C08.e.14580","ELEMENT":"f.1DB2A491F1B7C642484AEDF47EA6FD52.d.CAB8997CFB1F122FDE2F0F8F6C072C08.e.14580"}]}
COMMAND: GET /session/0bd35d5034cd75fc8dc44075a41c35a4/screenshot - {}
RESULT: {}
COMMAND: POST /session/0bd35d5034cd75fc8dc44075a41c35a4/execute/sync - {"script":"<script> [8489 bytes]","args":[{"element-6066-11e4-a52e-4f735466cecf":"f.1DB2A491F1B7C642484AEDF47EA6FD52.d.CAB8997CFB1F122FDE2F0F8F6C072C08.e.14580","ELEMENT":"f.1DB2A491F1B7C642484AEDF47EA6FD52.d.CAB8997CFB1F122FDE2F0F8F6C072C08.e.14580"}]}
RESULT: {"script":"<script> [8489 bytes]","args":[{"element-6066-11e4-a52e-4f735466cecf":"f.1DB2A491F1B7C642484AEDF47EA6FD52.d.CAB8997CFB1F122FDE2F0F8F6C072C08.e.14580","ELEMENT":"f.1DB2A491F1B7C642484AEDF47EA6FD52.d.CAB8997CFB1F122FDE2F0F8F6C072C08.e.14580"}]}
COMMAND: GET /session/0bd35d5034cd75fc8dc44075a41c35a4/screenshot - {}
RESULT: {}
COMMAND: POST /session/0bd35d5034cd75fc8dc44075a41c35a4/execute/sync - {"script":"<script> [8489 bytes]","args":[{"element-6066-11e4-a52e-4f735466cecf":"f.1DB2A491F1B7C642484AEDF47EA6FD52.d.CAB8997CFB1F122FDE2F0F8F6C072C08.e.14580","ELEMENT":"f.1DB2A491F1B7C642484AEDF47EA6FD52.d.CAB8997CFB1F122FDE2F0F8F6C072C08.e.14580"}]}
RESULT: {"script":"<script> [8489 bytes]","args":[{"element-6066-11e4-a52e-4f735466cecf":"f.1DB2A491F1B7C642484AEDF47EA6FD52.d.CAB8997CFB1F122FDE2F0F8F6C072C08.e.14580","ELEMENT":"f.1DB2A491F1B7C642484AEDF47EA6FD52.d.CAB8997CFB1F122FDE2F0F8F6C072C08.e.14580"}]}
COMMAND: GET /session/0bd35d5034cd75fc8dc44075a41c35a4/screenshot - {}
RESULT: {}
COMMAND: POST /session/0bd35d5034cd75fc8dc44075a41c35a4/execute/sync - {"script":"<script> [8489 bytes]","args":[{"element-6066-11e4-a52e-4f735466cecf":"f.1DB2A491F1B7C642484AEDF47EA6FD52.d.CAB8997CFB1F122FDE2F0F8F6C072C08.e.14580","ELEMENT":"f.1DB2A491F1B7C642484AEDF47EA6FD52.d.CAB8997CFB1F122FDE2F0F8F6C072C08.e.14580"}]}
RESULT: {"script":"<script> [8489 bytes]","args":[{"element-6066-11e4-a52e-4f735466cecf":"f.1DB2A491F1B7C642484AEDF47EA6FD52.d.CAB8997CFB1F122FDE2F0F8F6C072C08.e.14580","ELEMENT":"f.1DB2A491F1B7C642484AEDF47EA6FD52.d.CAB8997CFB1F122FDE2F0F8F6C072C08.e.14580"}]}
COMMAND: GET /session/0bd35d5034cd75fc8dc44075a41c35a4/screenshot - {}
RESULT: {}
COMMAND: POST /session/0bd35d5034cd75fc8dc44075a41c35a4/execute/sync - {"script":"<script> [8489 bytes]","args":[{"element-6066-11e4-a52e-4f735466cecf":"f.1DB2A491F1B7C642484AEDF47EA6FD52.d.CAB8997CFB1F122FDE2F0F8F6C072C08.e.14580","ELEMENT":"f.1DB2A491F1B7C642484AEDF47EA6FD52.d.CAB8997CFB1F122FDE2F0F8F6C072C08.e.14580"}]}
RESULT: {"script":"<script> [8489 bytes]","args":[{"element-6066-11e4-a52e-4f735466cecf":"f.1DB2A491F1B7C642484AEDF47EA6FD52.d.CAB8997CFB1F122FDE2F0F8F6C072C08.e.14580","ELEMENT":"f.1DB2A491F1B7C642484AEDF47EA6FD52.d.CAB8997CFB1F122FDE2F0F8F6C072C08.e.14580"}]}
COMMAND: GET /session/0bd35d5034cd75fc8dc44075a41c35a4/screenshot - {}
RESULT: {}
COMMAND: POST /session/0bd35d5034cd75fc8dc44075a41c35a4/execute/sync - {"script":"<script> [8489 bytes]","args":[{"element-6066-11e4-a52e-4f735466cecf":"f.1DB2A491F1B7C642484AEDF47EA6FD52.d.CAB8997CFB1F122FDE2F0F8F6C072C08.e.14580","ELEMENT":"f.1DB2A491F1B7C642484AEDF47EA6FD52.d.CAB8997CFB1F122FDE2F0F8F6C072C08.e.14580"}]}
RESULT: {"script":"<script> [8489 bytes]","args":[{"element-6066-11e4-a52e-4f735466cecf":"f.1DB2A491F1B7C642484AEDF47EA6FD52.d.CAB8997CFB1F122FDE2F0F8F6C072C08.e.14580","ELEMENT":"f.1DB2A491F1B7C642484AEDF47EA6FD52.d.CAB8997CFB1F122FDE2F0F8F6C072C08.e.14580"}]}
COMMAND: GET /session/0bd35d5034cd75fc8dc44075a41c35a4/screenshot - {}
RESULT: {}
COMMAND: POST /session/0bd35d5034cd75fc8dc44075a41c35a4/execute/sync - {"script":"<script> [8489 bytes]","args":[{"element-6066-11e4-a52e-4f735466cecf":"f.1DB2A491F1B7C642484AEDF47EA6FD52.d.CAB8997CFB1F122FDE2F0F8F6C072C08.e.14580","ELEMENT":"f.1DB2A491F1B7C642484AEDF47EA6FD52.d.CAB8997CFB1F122FDE2F0F8F6C072C08.e.14580"}]}
RESULT: {"script":"<script> [8489 bytes]","args":[{"element-6066-11e4-a52e-4f735466cecf":"f.1DB2A491F1B7C642484AEDF47EA6FD52.d.CAB8997CFB1F122FDE2F0F8F6C072C08.e.14580","ELEMENT":"f.1DB2A491F1B7C642484AEDF47EA6FD52.d.CAB8997CFB1F122FDE2F0F8F6C072C08.e.14580"}]}
COMMAND: GET /session/0bd35d5034cd75fc8dc44075a41c35a4/screenshot - {}
RESULT: {}
COMMAND: POST /session/0bd35d5034cd75fc8dc44075a41c35a4/execute/sync - {"script":"<script> [8489 bytes]","args":[{"element-6066-11e4-a52e-4f735466cecf":"f.1DB2A491F1B7C642484AEDF47EA6FD52.d.CAB8997CFB1F122FDE2F0F8F6C072C08.e.14580","ELEMENT":"f.1DB2A491F1B7C642484AEDF47EA6FD52.d.CAB8997CFB1F122FDE2F0F8F6C072C08.e.14580"}]}
RESULT: {"script":"<script> [8489 bytes]","args":[{"element-6066-11e4-a52e-4f735466cecf":"f.1DB2A491F1B7C642484AEDF47EA6FD52.d.CAB8997CFB1F122FDE2F0F8F6C072C08.e.14580","ELEMENT":"f.1DB2A491F1B7C642484AEDF47EA6FD52.d.CAB8997CFB1F122FDE2F0F8F6C072C08.e.14580"}]}
COMMAND: GET /session/0bd35d5034cd75fc8dc44075a41c35a4/screenshot - {}
RESULT: {}
COMMAND: POST /session/0bd35d5034cd75fc8dc44075a41c35a4/execute/sync - {"script":"<script> [8489 bytes]","args":[{"element-6066-11e4-a52e-4f735466cecf":"f.1DB2A491F1B7C642484AEDF47EA6FD52.d.CAB8997CFB1F122FDE2F0F8F6C072C08.e.14580","ELEMENT":"f.1DB2A491F1B7C642484AEDF47EA6FD52.d.CAB8997CFB1F122FDE2F0F8F6C072C08.e.14580"}]}
RESULT: {"script":"<script> [8489 bytes]","args":[{"element-6066-11e4-a52e-4f735466cecf":"f.1DB2A491F1B7C642484AEDF47EA6FD52.d.CAB8997CFB1F122FDE2F0F8F6C072C08.e.14580","ELEMENT":"f.1DB2A491F1B7C642484AEDF47EA6FD52.d.CAB8997CFB1F122FDE2F0F8F6C072C08.e.14580"}]}
COMMAND: GET /session/0bd35d5034cd75fc8dc44075a41c35a4/screenshot - {}
RESULT: {}
COMMAND: POST /session/0bd35d5034cd75fc8dc44075a41c35a4/execute/sync - {"script":"<script> [8489 bytes]","args":[{"element-6066-11e4-a52e-4f735466cecf":"f.1DB2A491F1B7C642484AEDF47EA6FD52.d.CAB8997CFB1F122FDE2F0F8F6C072C08.e.14580","ELEMENT":"f.1DB2A491F1B7C642484AEDF47EA6FD52.d.CAB8997CFB1F122FDE2F0F8F6C072C08.e.14580"}]}
RESULT: {"script":"<script> [8489 bytes]","args":[{"element-6066-11e4-a52e-4f735466cecf":"f.1DB2A491F1B7C642484AEDF47EA6FD52.d.CAB8997CFB1F122FDE2F0F8F6C072C08.e.14580","ELEMENT":"f.1DB2A491F1B7C642484AEDF47EA6FD52.d.CAB8997CFB1F122FDE2F0F8F6C072C08.e.14580"}]}
COMMAND: GET /session/0bd35d5034cd75fc8dc44075a41c35a4/screenshot - {}
RESULT: {}
COMMAND: POST /session/0bd35d5034cd75fc8dc44075a41c35a4/execute/sync - {"script":"<script> [8489 bytes]","args":[{"element-6066-11e4-a52e-4f735466cecf":"f.1DB2A491F1B7C642484AEDF47EA6FD52.d.CAB8997CFB1F122FDE2F0F8F6C072C08.e.14580","ELEMENT":"f.1DB2A491F1B7C642484AEDF47EA6FD52.d.CAB8997CFB1F122FDE2F0F8F6C072C08.e.14580"}]}
RESULT: {"script":"<script> [8489 bytes]","args":[{"element-6066-11e4-a52e-4f735466cecf":"f.1DB2A491F1B7C642484AEDF47EA6FD52.d.CAB8997CFB1F122FDE2F0F8F6C072C08.e.14580","ELEMENT":"f.1DB2A491F1B7C642484AEDF47EA6FD52.d.CAB8997CFB1F122FDE2F0F8F6C072C08.e.14580"}]}
COMMAND: GET /session/0bd35d5034cd75fc8dc44075a41c35a4/screenshot - {}
RESULT: {}
COMMAND: POST /session/0bd35d5034cd75fc8dc44075a41c35a4/execute/sync - {"script":"<script> [8489 bytes]","args":[{"element-6066-11e4-a52e-4f735466cecf":"f.1DB2A491F1B7C642484AEDF47EA6FD52.d.CAB8997CFB1F122FDE2F0F8F6C072C08.e.14580","ELEMENT":"f.1DB2A491F1B7C642484AEDF47EA6FD52.d.CAB8997CFB1F122FDE2F0F8F6C072C08.e.14580"}]}
RESULT: {"script":"<script> [8489 bytes]","args":[{"element-6066-11e4-a52e-4f735466cecf":"f.1DB2A491F1B7C642484AEDF47EA6FD52.d.CAB8997CFB1F122FDE2F0F8F6C072C08.e.14580","ELEMENT":"f.1DB2A491F1B7C642484AEDF47EA6FD52.d.CAB8997CFB1F122FDE2F0F8F6C072C08.e.14580"}]}
COMMAND: GET /session/0bd35d5034cd75fc8dc44075a41c35a4/screenshot - {}
RESULT: {}
COMMAND: POST /session/0bd35d5034cd75fc8dc44075a41c35a4/execute/sync - {"script":"<script> [8489 bytes]","args":[{"element-6066-11e4-a52e-4f735466cecf":"f.1DB2A491F1B7C642484AEDF47EA6FD52.d.CAB8997CFB1F122FDE2F0F8F6C072C08.e.14580","ELEMENT":"f.1DB2A491F1B7C642484AEDF47EA6FD52.d.CAB8997CFB1F122FDE2F0F8F6C072C08.e.14580"}]}
RESULT: {"script":"<script> [8489 bytes]","args":[{"element-6066-11e4-a52e-4f735466cecf":"f.1DB2A491F1B7C642484AEDF47EA6FD52.d.CAB8997CFB1F122FDE2F0F8F6C072C08.e.14580","ELEMENT":"f.1DB2A491F1B7C642484AEDF47EA6FD52.d.CAB8997CFB1F122FDE2F0F8F6C072C08.e.14580"}]}
COMMAND: GET /session/0bd35d5034cd75fc8dc44075a41c35a4/screenshot - {}
RESULT: {}
COMMAND: POST /session/0bd35d5034cd75fc8dc44075a41c35a4/execute/sync - {"script":"<script> [8489 bytes]","args":[{"element-6066-11e4-a52e-4f735466cecf":"f.1DB2A491F1B7C642484AEDF47EA6FD52.d.CAB8997CFB1F122FDE2F0F8F6C072C08.e.14580","ELEMENT":"f.1DB2A491F1B7C642484AEDF47EA6FD52.d.CAB8997CFB1F122FDE2F0F8F6C072C08.e.14580"}]}
RESULT: {"script":"<script> [8489 bytes]","args":[{"element-6066-11e4-a52e-4f735466cecf":"f.1DB2A491F1B7C642484AEDF47EA6FD52.d.CAB8997CFB1F122FDE2F0F8F6C072C08.e.14580","ELEMENT":"f.1DB2A491F1B7C642484AEDF47EA6FD52.d.CAB8997CFB1F122FDE2F0F8F6C072C08.e.14580"}]}
COMMAND: GET /session/0bd35d5034cd75fc8dc44075a41c35a4/screenshot - {}
RESULT: {}
COMMAND: POST /session/0bd35d5034cd75fc8dc44075a41c35a4/execute/sync - {"script":"<script> [8489 bytes]","args":[{"element-6066-11e4-a52e-4f735466cecf":"f.1DB2A491F1B7C642484AEDF47EA6FD52.d.CAB8997CFB1F122FDE2F0F8F6C072C08.e.14580","ELEMENT":"f.1DB2A491F1B7C642484AEDF47EA6FD52.d.CAB8997CFB1F122FDE2F0F8F6C072C08.e.14580"}]}
RESULT: {"script":"<script> [8489 bytes]","args":[{"element-6066-11e4-a52e-4f735466cecf":"f.1DB2A491F1B7C642484AEDF47EA6FD52.d.CAB8997CFB1F122FDE2F0F8F6C072C08.e.14580","ELEMENT":"f.1DB2A491F1B7C642484AEDF47EA6FD52.d.CAB8997CFB1F122FDE2F0F8F6C072C08.e.14580"}]}
COMMAND: GET /session/0bd35d5034cd75fc8dc44075a41c35a4/screenshot - {}
RESULT: {}
COMMAND: POST /session/0bd35d5034cd75fc8dc44075a41c35a4/execute/sync - {"script":"<script> [8489 bytes]","args":[{"element-6066-11e4-a52e-4f735466cecf":"f.1DB2A491F1B7C642484AEDF47EA6FD52.d.CAB8997CFB1F122FDE2F0F8F6C072C08.e.14580","ELEMENT":"f.1DB2A491F1B7C642484AEDF47EA6FD52.d.CAB8997CFB1F122FDE2F0F8F6C072C08.e.14580"}]}
RESULT: {"script":"<script> [8489 bytes]","args":[{"element-6066-11e4-a52e-4f735466cecf":"f.1DB2A491F1B7C642484AEDF47EA6FD52.d.CAB8997CFB1F122FDE2F0F8F6C072C08.e.14580","ELEMENT":"f.1DB2A491F1B7C642484AEDF47EA6FD52.d.CAB8997CFB1F122FDE2F0F8F6C072C08.e.14580"}]}
COMMAND: GET /session/0bd35d5034cd75fc8dc44075a41c35a4/screenshot - {}
RESULT: {}
COMMAND: POST /session/0bd35d5034cd75fc8dc44075a41c35a4/execute/sync - {"script":"<script> [8489 bytes]","args":[{"element-6066-11e4-a52e-4f735466cecf":"f.1DB2A491F1B7C642484AEDF47EA6FD52.d.CAB8997CFB1F122FDE2F0F8F6C072C08.e.14580","ELEMENT":"f.1DB2A491F1B7C642484AEDF47EA6FD52.d.CAB8997CFB1F122FDE2F0F8F6C072C08.e.14580"}]}
RESULT: {"script":"<script> [8489 bytes]","args":[{"element-6066-11e4-a52e-4f735466cecf":"f.1DB2A491F1B7C642484AEDF47EA6FD52.d.CAB8997CFB1F122FDE2F0F8F6C072C08.e.14580","ELEMENT":"f.1DB2A491F1B7C642484AEDF47EA6FD52.d.CAB8997CFB1F122FDE2F0F8F6C072C08.e.14580"}]}
COMMAND: GET /session/0bd35d5034cd75fc8dc44075a41c35a4/screenshot - {}
RESULT: {}
COMMAND: POST /session/0bd35d5034cd75fc8dc44075a41c35a4/execute/sync - {"script":"<script> [8489 bytes]","args":[{"element-6066-11e4-a52e-4f735466cecf":"f.1DB2A491F1B7C642484AEDF47EA6FD52.d.CAB8997CFB1F122FDE2F0F8F6C072C08.e.14580","ELEMENT":"f.1DB2A491F1B7C642484AEDF47EA6FD52.d.CAB8997CFB1F122FDE2F0F8F6C072C08.e.14580"}]}
RESULT: {"script":"<script> [8489 bytes]","args":[{"element-6066-11e4-a52e-4f735466cecf":"f.1DB2A491F1B7C642484AEDF47EA6FD52.d.CAB8997CFB1F122FDE2F0F8F6C072C08.e.14580","ELEMENT":"f.1DB2A491F1B7C642484AEDF47EA6FD52.d.CAB8997CFB1F122FDE2F0F8F6C072C08.e.14580"}]}
COMMAND: GET /session/0bd35d5034cd75fc8dc44075a41c35a4/screenshot - {}
RESULT: {}
COMMAND: POST /session/0bd35d5034cd75fc8dc44075a41c35a4/execute/sync - {"script":"<script> [8489 bytes]","args":[{"element-6066-11e4-a52e-4f735466cecf":"f.1DB2A491F1B7C642484AEDF47EA6FD52.d.CAB8997CFB1F122FDE2F0F8F6C072C08.e.14580","ELEMENT":"f.1DB2A491F1B7C642484AEDF47EA6FD52.d.CAB8997CFB1F122FDE2F0F8F6C072C08.e.14580"}]}
RESULT: {"script":"<script> [8489 bytes]","args":[{"element-6066-11e4-a52e-4f735466cecf":"f.1DB2A491F1B7C642484AEDF47EA6FD52.d.CAB8997CFB1F122FDE2F0F8F6C072C08.e.14580","ELEMENT":"f.1DB2A491F1B7C642484AEDF47EA6FD52.d.CAB8997CFB1F122FDE2F0F8F6C072C08.e.14580"}]}
COMMAND: GET /session/0bd35d5034cd75fc8dc44075a41c35a4/screenshot - {}
RESULT: {}
COMMAND: POST /session/0bd35d5034cd75fc8dc44075a41c35a4/execute/sync - {"script":"<script> [8489 bytes]","args":[{"element-6066-11e4-a52e-4f735466cecf":"f.1DB2A491F1B7C642484AEDF47EA6FD52.d.CAB8997CFB1F122FDE2F0F8F6C072C08.e.14580","ELEMENT":"f.1DB2A491F1B7C642484AEDF47EA6FD52.d.CAB8997CFB1F122FDE2F0F8F6C072C08.e.14580"}]}
RESULT: {"script":"<script> [8489 bytes]","args":[{"element-6066-11e4-a52e-4f735466cecf":"f.1DB2A491F1B7C642484AEDF47EA6FD52.d.CAB8997CFB1F122FDE2F0F8F6C072C08.e.14580","ELEMENT":"f.1DB2A491F1B7C642484AEDF47EA6FD52.d.CAB8997CFB1F122FDE2F0F8F6C072C08.e.14580"}]}
COMMAND: GET /session/0bd35d5034cd75fc8dc44075a41c35a4/screenshot - {}
RESULT: {}
COMMAND: POST /session/0bd35d5034cd75fc8dc44075a41c35a4/execute/sync - {"script":"<script> [8489 bytes]","args":[{"element-6066-11e4-a52e-4f735466cecf":"f.1DB2A491F1B7C642484AEDF47EA6FD52.d.CAB8997CFB1F122FDE2F0F8F6C072C08.e.14580","ELEMENT":"f.1DB2A491F1B7C642484AEDF47EA6FD52.d.CAB8997CFB1F122FDE2F0F8F6C072C08.e.14580"}]}
RESULT: {"script":"<script> [8489 bytes]","args":[{"element-6066-11e4-a52e-4f735466cecf":"f.1DB2A491F1B7C642484AEDF47EA6FD52.d.CAB8997CFB1F122FDE2F0F8F6C072C08.e.14580","ELEMENT":"f.1DB2A491F1B7C642484AEDF47EA6FD52.d.CAB8997CFB1F122FDE2F0F8F6C072C08.e.14580"}]}
COMMAND: GET /session/0bd35d5034cd75fc8dc44075a41c35a4/screenshot - {}
RESULT: {}
COMMAND: POST /session/0bd35d5034cd75fc8dc44075a41c35a4/execute/sync - {"script":"<script> [8489 bytes]","args":[{"element-6066-11e4-a52e-4f735466cecf":"f.1DB2A491F1B7C642484AEDF47EA6FD52.d.CAB8997CFB1F122FDE2F0F8F6C072C08.e.14580","ELEMENT":"f.1DB2A491F1B7C642484AEDF47EA6FD52.d.CAB8997CFB1F122FDE2F0F8F6C072C08.e.14580"}]}
RESULT: {"script":"<script> [8489 bytes]","args":[{"element-6066-11e4-a52e-4f735466cecf":"f.1DB2A491F1B7C642484AEDF47EA6FD52.d.CAB8997CFB1F122FDE2F0F8F6C072C08.e.14580","ELEMENT":"f.1DB2A491F1B7C642484AEDF47EA6FD52.d.CAB8997CFB1F122FDE2F0F8F6C072C08.e.14580"}]}
COMMAND: GET /session/0bd35d5034cd75fc8dc44075a41c35a4/screenshot - {}
RESULT: {}
COMMAND: POST /session/0bd35d5034cd75fc8dc44075a41c35a4/execute/sync - {"script":"<script> [8489 bytes]","args":[{"element-6066-11e4-a52e-4f735466cecf":"f.1DB2A491F1B7C642484AEDF47EA6FD52.d.CAB8997CFB1F122FDE2F0F8F6C072C08.e.14580","ELEMENT":"f.1DB2A491F1B7C642484AEDF47EA6FD52.d.CAB8997CFB1F122FDE2F0F8F6C072C08.e.14580"}]}
RESULT: {"script":"<script> [8489 bytes]","args":[{"element-6066-11e4-a52e-4f735466cecf":"f.1DB2A491F1B7C642484AEDF47EA6FD52.d.CAB8997CFB1F122FDE2F0F8F6C072C08.e.14580","ELEMENT":"f.1DB2A491F1B7C642484AEDF47EA6FD52.d.CAB8997CFB1F122FDE2F0F8F6C072C08.e.14580"}]}
COMMAND: GET /session/0bd35d5034cd75fc8dc44075a41c35a4/screenshot - {}
RESULT: {}
COMMAND: POST /session/0bd35d5034cd75fc8dc44075a41c35a4/execute/sync - {"script":"<script> [8489 bytes]","args":[{"element-6066-11e4-a52e-4f735466cecf":"f.1DB2A491F1B7C642484AEDF47EA6FD52.d.CAB8997CFB1F122FDE2F0F8F6C072C08.e.14580","ELEMENT":"f.1DB2A491F1B7C642484AEDF47EA6FD52.d.CAB8997CFB1F122FDE2F0F8F6C072C08.e.14580"}]}
RESULT: {"script":"<script> [8489 bytes]","args":[{"element-6066-11e4-a52e-4f735466cecf":"f.1DB2A491F1B7C642484AEDF47EA6FD52.d.CAB8997CFB1F122FDE2F0F8F6C072C08.e.14580","ELEMENT":"f.1DB2A491F1B7C642484AEDF47EA6FD52.d.CAB8997CFB1F122FDE2F0F8F6C072C08.e.14580"}]}
COMMAND: GET /session/0bd35d5034cd75fc8dc44075a41c35a4/screenshot - {}
RESULT: {}
COMMAND: POST /session/0bd35d5034cd75fc8dc44075a41c35a4/execute/sync - {"script":"<script> [8489 bytes]","args":[{"element-6066-11e4-a52e-4f735466cecf":"f.1DB2A491F1B7C642484AEDF47EA6FD52.d.CAB8997CFB1F122FDE2F0F8F6C072C08.e.14580","ELEMENT":"f.1DB2A491F1B7C642484AEDF47EA6FD52.d.CAB8997CFB1F122FDE2F0F8F6C072C08.e.14580"}]}
RESULT: {"script":"<script> [8489 bytes]","args":[{"element-6066-11e4-a52e-4f735466cecf":"f.1DB2A491F1B7C642484AEDF47EA6FD52.d.CAB8997CFB1F122FDE2F0F8F6C072C08.e.14580","ELEMENT":"f.1DB2A491F1B7C642484AEDF47EA6FD52.d.CAB8997CFB1F122FDE2F0F8F6C072C08.e.14580"}]}
COMMAND: GET /session/0bd35d5034cd75fc8dc44075a41c35a4/screenshot - {}
RESULT: {}
COMMAND: POST /session/0bd35d5034cd75fc8dc44075a41c35a4/execute/sync - {"script":"<script> [8489 bytes]","args":[{"element-6066-11e4-a52e-4f735466cecf":"f.1DB2A491F1B7C642484AEDF47EA6FD52.d.CAB8997CFB1F122FDE2F0F8F6C072C08.e.14580","ELEMENT":"f.1DB2A491F1B7C642484AEDF47EA6FD52.d.CAB8997CFB1F122FDE2F0F8F6C072C08.e.14580"}]}
RESULT: {"script":"<script> [8489 bytes]","args":[{"element-6066-11e4-a52e-4f735466cecf":"f.1DB2A491F1B7C642484AEDF47EA6FD52.d.CAB8997CFB1F122FDE2F0F8F6C072C08.e.14580","ELEMENT":"f.1DB2A491F1B7C642484AEDF47EA6FD52.d.CAB8997CFB1F122FDE2F0F8F6C072C08.e.14580"}]}
COMMAND: GET /session/0bd35d5034cd75fc8dc44075a41c35a4/screenshot - {}
RESULT: {}
COMMAND: POST /session/0bd35d5034cd75fc8dc44075a41c35a4/execute/sync - {"script":"<script> [8489 bytes]","args":[{"element-6066-11e4-a52e-4f735466cecf":"f.1DB2A491F1B7C642484AEDF47EA6FD52.d.CAB8997CFB1F122FDE2F0F8F6C072C08.e.14580","ELEMENT":"f.1DB2A491F1B7C642484AEDF47EA6FD52.d.CAB8997CFB1F122FDE2F0F8F6C072C08.e.14580"}]}
RESULT: {"script":"<script> [8489 bytes]","args":[{"element-6066-11e4-a52e-4f735466cecf":"f.1DB2A491F1B7C642484AEDF47EA6FD52.d.CAB8997CFB1F122FDE2F0F8F6C072C08.e.14580","ELEMENT":"f.1DB2A491F1B7C642484AEDF47EA6FD52.d.CAB8997CFB1F122FDE2F0F8F6C072C08.e.14580"}]}
COMMAND: GET /session/0bd35d5034cd75fc8dc44075a41c35a4/screenshot - {}
RESULT: {}
COMMAND: POST /session/0bd35d5034cd75fc8dc44075a41c35a4/execute/sync - {"script":"<script> [8489 bytes]","args":[{"element-6066-11e4-a52e-4f735466cecf":"f.1DB2A491F1B7C642484AEDF47EA6FD52.d.CAB8997CFB1F122FDE2F0F8F6C072C08.e.14580","ELEMENT":"f.1DB2A491F1B7C642484AEDF47EA6FD52.d.CAB8997CFB1F122FDE2F0F8F6C072C08.e.14580"}]}
RESULT: {"script":"<script> [8489 bytes]","args":[{"element-6066-11e4-a52e-4f735466cecf":"f.1DB2A491F1B7C642484AEDF47EA6FD52.d.CAB8997CFB1F122FDE2F0F8F6C072C08.e.14580","ELEMENT":"f.1DB2A491F1B7C642484AEDF47EA6FD52.d.CAB8997CFB1F122FDE2F0F8F6C072C08.e.14580"}]}
COMMAND: GET /session/0bd35d5034cd75fc8dc44075a41c35a4/screenshot - {}
RESULT: {}
COMMAND: POST /session/0bd35d5034cd75fc8dc44075a41c35a4/execute/sync - {"script":"<script> [8489 bytes]","args":[{"element-6066-11e4-a52e-4f735466cecf":"f.1DB2A491F1B7C642484AEDF47EA6FD52.d.CAB8997CFB1F122FDE2F0F8F6C072C08.e.14580","ELEMENT":"f.1DB2A491F1B7C642484AEDF47EA6FD52.d.CAB8997CFB1F122FDE2F0F8F6C072C08.e.14580"}]}
RESULT: {"script":"<script> [8489 bytes]","args":[{"element-6066-11e4-a52e-4f735466cecf":"f.1DB2A491F1B7C642484AEDF47EA6FD52.d.CAB8997CFB1F122FDE2F0F8F6C072C08.e.14580","ELEMENT":"f.1DB2A491F1B7C642484AEDF47EA6FD52.d.CAB8997CFB1F122FDE2F0F8F6C072C08.e.14580"}]}
COMMAND: GET /session/0bd35d5034cd75fc8dc44075a41c35a4/screenshot - {}
RESULT: {}
COMMAND: POST /session/0bd35d5034cd75fc8dc44075a41c35a4/execute/sync - {"script":"<script> [8489 bytes]","args":[{"element-6066-11e4-a52e-4f735466cecf":"f.1DB2A491F1B7C642484AEDF47EA6FD52.d.CAB8997CFB1F122FDE2F0F8F6C072C08.e.14580","ELEMENT":"f.1DB2A491F1B7C642484AEDF47EA6FD52.d.CAB8997CFB1F122FDE2F0F8F6C072C08.e.14580"}]}
RESULT: {"script":"<script> [8489 bytes]","args":[{"element-6066-11e4-a52e-4f735466cecf":"f.1DB2A491F1B7C642484AEDF47EA6FD52.d.CAB8997CFB1F122FDE2F0F8F6C072C08.e.14580","ELEMENT":"f.1DB2A491F1B7C642484AEDF47EA6FD52.d.CAB8997CFB1F122FDE2F0F8F6C072C08.e.14580"}]}
COMMAND: GET /session/0bd35d5034cd75fc8dc44075a41c35a4/screenshot - {}
RESULT: {}
COMMAND: POST /session/0bd35d5034cd75fc8dc44075a41c35a4/execute/sync - {"script":"<script> [8489 bytes]","args":[{"element-6066-11e4-a52e-4f735466cecf":"f.1DB2A491F1B7C642484AEDF47EA6FD52.d.CAB8997CFB1F122FDE2F0F8F6C072C08.e.14580","ELEMENT":"f.1DB2A491F1B7C642484AEDF47EA6FD52.d.CAB8997CFB1F122FDE2F0F8F6C072C08.e.14580"}]}
RESULT: {"script":"<script> [8489 bytes]","args":[{"element-6066-11e4-a52e-4f735466cecf":"f.1DB2A491F1B7C642484AEDF47EA6FD52.d.CAB8997CFB1F122FDE2F0F8F6C072C08.e.14580","ELEMENT":"f.1DB2A491F1B7C642484AEDF47EA6FD52.d.CAB8997CFB1F122FDE2F0F8F6C072C08.e.14580"}]}
COMMAND: GET /session/0bd35d5034cd75fc8dc44075a41c35a4/screenshot - {}
RESULT: {}
COMMAND: POST /session/0bd35d5034cd75fc8dc44075a41c35a4/execute/sync - {"script":"<script> [8489 bytes]","args":[{"element-6066-11e4-a52e-4f735466cecf":"f.1DB2A491F1B7C642484AEDF47EA6FD52.d.CAB8997CFB1F122FDE2F0F8F6C072C08.e.14580","ELEMENT":"f.1DB2A491F1B7C642484AEDF47EA6FD52.d.CAB8997CFB1F122FDE2F0F8F6C072C08.e.14580"}]}
RESULT: {"script":"<script> [8489 bytes]","args":[{"element-6066-11e4-a52e-4f735466cecf":"f.1DB2A491F1B7C642484AEDF47EA6FD52.d.CAB8997CFB1F122FDE2F0F8F6C072C08.e.14580","ELEMENT":"f.1DB2A491F1B7C642484AEDF47EA6FD52.d.CAB8997CFB1F122FDE2F0F8F6C072C08.e.14580"}]}
COMMAND: GET /session/0bd35d5034cd75fc8dc44075a41c35a4/screenshot - {}
RESULT: {}
COMMAND: POST /session/0bd35d5034cd75fc8dc44075a41c35a4/execute/async - {"script":"<script> [1562 bytes]","args":[{"selector":{"controlType":"sap.m.Button","viewName":"etm.portal.ui.managehandovers.view.DetailExecuteHO","i18NText":{"propertyName":"text","key":"pickQty"},"interaction":{"idSuffix":"BDI-content"}},"wdio_ui5_key":"etmportal.ui.managehandovers.view.DetailExecuteHOsap.m.Button{\"propertyName\":\"text\",\"key\":\"pickQty\"}"}]}
RESULT: {"script":"<script> [1562 bytes]","args":[{"selector":{"controlType":"sap.m.Button","viewName":"etm.portal.ui.managehandovers.view.DetailExecuteHO","i18NText":{"propertyName":"text","key":"pickQty"},"interaction":{"idSuffix":"BDI-content"}},"wdio_ui5_key":"etmportal.ui.managehandovers.view.DetailExecuteHOsap.m.Button{\"propertyName\":\"text\",\"key\":\"pickQty\"}"}]}
RESULT: undefined
COMMAND: POST /session/0bd35d5034cd75fc8dc44075a41c35a4/execute/async - {"script":"<script> [1562 bytes]","args":[{"selector":{"controlType":"sap.m.Link","viewName":"etm.portal.ui.managehandovers.view.DetailExecuteHO","bindingPath":{"path":"","propertyPath":"/wmDoc","modelName":"warehouseMovModel"}},"wdio_ui5_key":"etmportal.ui.managehandovers.view.DetailExecuteHOsap.m.Link{\"path\":\"\",\"propertyPath\":\"/wmDoc\",\"modelName\":\"warehouseMovModel\"}"}]}
RESULT: {"script":"<script> [1562 bytes]","args":[{"selector":{"controlType":"sap.m.Link","viewName":"etm.portal.ui.managehandovers.view.DetailExecuteHO","bindingPath":{"path":"","propertyPath":"/wmDoc","modelName":"warehouseMovModel"}},"wdio_ui5_key":"etmportal.ui.managehandovers.view.DetailExecuteHOsap.m.Link{\"path\":\"\",\"propertyPath\":\"/wmDoc\",\"modelName\":\"warehouseMovModel\"}"}]}
RESULT: undefined
COMMAND: POST /session/0bd35d5034cd75fc8dc44075a41c35a4/execute/async - {"script":"<script> [1562 bytes]","args":[{"selector":{"controlType":"sap.m.Link","viewName":"etm.portal.ui.managehandovers.view.DetailExecuteHO","properties":{"text":"Warehouse Overview"},"searchOpenDialogs":true},"wdio_ui5_key":"etmportal.ui.managehandovers.view.DetailExecuteHOsap.m.Link{\"text\":\"Warehouse Overview\"}"}]}
RESULT: {"script":"<script> [1562 bytes]","args":[{"selector":{"controlType":"sap.m.Link","viewName":"etm.portal.ui.managehandovers.view.DetailExecuteHO","properties":{"text":"Warehouse Overview"},"searchOpenDialogs":true},"wdio_ui5_key":"etmportal.ui.managehandovers.view.DetailExecuteHOsap.m.Link{\"text\":\"Warehouse Overview\"}"}]}
RESULT: undefined
COMMAND: POST /session/0bd35d5034cd75fc8dc44075a41c35a4/execute/async - {"script":"<script> [1562 bytes]","args":[{"selector":{"controlType":"sap.m.Button","viewName":"etm.portal.ui.warehousemovements.view.DisplayMovement","viewId":"application-warehousemovements-display-component---displayMovement","i18NText":{"propertyName":"text","key":"execution"},"interaction":{"idSuffix":"BDI-content"}},"wdio_ui5_key":"etmportal.ui.warehousemovements.view.DisplayMovementsap.m.Button{\"propertyName\":\"text\",\"key\":\"execution\"}"}]}
RESULT: {"script":"<script> [1562 bytes]","args":[{"selector":{"controlType":"sap.m.Button","viewName":"etm.portal.ui.warehousemovements.view.DisplayMovement","viewId":"application-warehousemovements-display-component---displayMovement","i18NText":{"propertyName":"text","key":"execution"},"interaction":{"idSuffix":"BDI-content"}},"wdio_ui5_key":"etmportal.ui.warehousemovements.view.DisplayMovementsap.m.Button{\"propertyName\":\"text\",\"key\":\"execution\"}"}]}
RESULT: undefined
COMMAND: POST /session/0bd35d5034cd75fc8dc44075a41c35a4/execute/async - {"script":"<script> [1562 bytes]","args":[{"selector":{"controlType":"sap.m.Button","viewName":"etm.portal.ui.warehousemovements.view.ExecuteMovement","viewId":"application-warehousemovements-display-component---executeMovement","properties":{"text":"Items"},"interaction":{"idSuffix":"BDI-content"}},"wdio_ui5_key":"etmportal.ui.warehousemovements.view.ExecuteMovementsap.m.Button{\"text\":\"Items\"}"}]}
RESULT: {"script":"<script> [1562 bytes]","args":[{"selector":{"controlType":"sap.m.Button","viewName":"etm.portal.ui.warehousemovements.view.ExecuteMovement","viewId":"application-warehousemovements-display-component---executeMovement","properties":{"text":"Items"},"interaction":{"idSuffix":"BDI-content"}},"wdio_ui5_key":"etmportal.ui.warehousemovements.view.ExecuteMovementsap.m.Button{\"text\":\"Items\"}"}]}
RESULT: undefined
COMMAND: POST /session/0bd35d5034cd75fc8dc44075a41c35a4/execute/async - {"script":"<script> [1562 bytes]","args":[{"selector":{"controlType":"sap.m.ToggleButton","viewName":"etm.portal.ui.warehousemovements.view.ExecuteMovement","viewId":"application-warehousemovements-display-component---executeMovement","bindingPath":{"propertyPath":"STATUS","modelName":"catalogModel"},"interaction":{"idSuffix":"BDI-content"}},"wdio_ui5_key":"etmportal.ui.warehousemovements.view.ExecuteMovementsap.m.ToggleButton{\"propertyPath\":\"STATUS\",\"modelName\":\"catalogModel\"}"}]}
RESULT: {"script":"<script> [1562 bytes]","args":[{"selector":{"controlType":"sap.m.ToggleButton","viewName":"etm.portal.ui.warehousemovements.view.ExecuteMovement","viewId":"application-warehousemovements-display-component---executeMovement","bindingPath":{"propertyPath":"STATUS","modelName":"catalogModel"},"interaction":{"idSuffix":"BDI-content"}},"wdio_ui5_key":"etmportal.ui.warehousemovements.view.ExecuteMovementsap.m.ToggleButton{\"propertyPath\":\"STATUS\",\"modelName\":\"catalogModel\"}"}]}
RESULT: undefined
RESULT: undefined
RESULT: undefined
COMMAND: POST /session/0bd35d5034cd75fc8dc44075a41c35a4/execute/async - {"script":"<script> [1562 bytes]","args":[{"selector":{"id":"application-warehousemovements-display-component---executeMovement--executeId","interaction":{"idSuffix":"BDI-content"}},"wdio_ui5_key":"applicationwarehousemovements-display-component---executeMovement--executeId"}]}
RESULT: {"script":"<script> [1562 bytes]","args":[{"selector":{"id":"application-warehousemovements-display-component---executeMovement--executeId","interaction":{"idSuffix":"BDI-content"}},"wdio_ui5_key":"applicationwarehousemovements-display-component---executeMovement--executeId"}]}
RESULT: undefined
COMMAND: POST /session/0bd35d5034cd75fc8dc44075a41c35a4/element - {"using":"css selector","value":"#shell-header-logo"}
RESULT: {"using":"css selector","value":"#shell-header-logo"}
COMMAND: POST /session/0bd35d5034cd75fc8dc44075a41c35a4/element/f.1DB2A491F1B7C642484AEDF47EA6FD52.d.CAB8997CFB1F122FDE2F0F8F6C072C08.e.13486/click - {}
RESULT: {}
COMMAND: GET /session/0bd35d5034cd75fc8dc44075a41c35a4/screenshot - {}
RESULT: {}
RESULT: undefined
COMMAND: POST /session/0bd35d5034cd75fc8dc44075a41c35a4/element - {"using":"xpath","value":"//*[@id=\"__tile130\"]"}
RESULT: {"using":"xpath","value":"//*[@id=\"__tile130\"]"}
COMMAND: POST /session/0bd35d5034cd75fc8dc44075a41c35a4/element/f.1DB2A491F1B7C642484AEDF47EA6FD52.d.CAB8997CFB1F122FDE2F0F8F6C072C08.e.12714/click - {}
RESULT: {}
COMMAND: GET /session/0bd35d5034cd75fc8dc44075a41c35a4/screenshot - {}
RESULT: {}
COMMAND: POST /session/0bd35d5034cd75fc8dc44075a41c35a4/execute/async - {"script":"<script> [1562 bytes]","args":[{"selector":{"controlType":"sap.m.SearchField","viewName":"etm.portal.ui.managehandovers.view.MasterHO","bindingPath":{"propertyPath":"/_BASIC_SEARCH_FIELD","modelName":"fi1t3rM0d31"},"interaction":{"idSuffix":"I"}},"wdio_ui5_key":"etmportal.ui.managehandovers.view.MasterHOsap.m.SearchField{\"propertyPath\":\"/_BASIC_SEARCH_FIELD\",\"modelName\":\"fi1t3rM0d31\"}"}]}
RESULT: {"script":"<script> [1562 bytes]","args":[{"selector":{"controlType":"sap.m.SearchField","viewName":"etm.portal.ui.managehandovers.view.MasterHO","bindingPath":{"propertyPath":"/_BASIC_SEARCH_FIELD","modelName":"fi1t3rM0d31"},"interaction":{"idSuffix":"I"}},"wdio_ui5_key":"etmportal.ui.managehandovers.view.MasterHOsap.m.SearchField{\"propertyPath\":\"/_BASIC_SEARCH_FIELD\",\"modelName\":\"fi1t3rM0d31\"}"}]}
RESULT: undefined
COMMAND: POST /session/0bd35d5034cd75fc8dc44075a41c35a4/execute/async - {"script":"<script> [776 bytes]","args":[{"enterText":"30875","selector":{"controlType":"sap.m.SearchField","viewName":"etm.portal.ui.managehandovers.view.MasterHO","bindingPath":{"propertyPath":"/_BASIC_SEARCH_FIELD","modelName":"fi1t3rM0d31"},"interaction":{"idSuffix":"I"}},"clearTextFirst":true,"interactionType":"ENTER_TEXT"}]}
RESULT: {"script":"<script> [776 bytes]","args":[{"enterText":"30875","selector":{"controlType":"sap.m.SearchField","viewName":"etm.portal.ui.managehandovers.view.MasterHO","bindingPath":{"propertyPath":"/_BASIC_SEARCH_FIELD","modelName":"fi1t3rM0d31"},"interaction":{"idSuffix":"I"}},"clearTextFirst":true,"interactionType":"ENTER_TEXT"}]}
COMMAND: POST /session/0bd35d5034cd75fc8dc44075a41c35a4/actions - {"actions":[{"id":"action73","type":"key","parameters":{},"actions":[{"type":"keyDown","value":"î€‡"},{"type":"pause","duration":10},{"type":"keyUp","value":"î€‡"}]}]}
RESULT: {"actions":[{"id":"action73","type":"key","parameters":{},"actions":[{"type":"keyDown","value":"î€‡"},{"type":"pause","duration":10},{"type":"keyUp","value":"î€‡"}]}]}
COMMAND: GET /session/0bd35d5034cd75fc8dc44075a41c35a4/screenshot - {}
RESULT: {}
RESULT: undefined
COMMAND: POST /session/0bd35d5034cd75fc8dc44075a41c35a4/element - {"using":"xpath","value":"//*[@id=\"__item4036-__clone9969-imgNav\"]"}
RESULT: {"using":"xpath","value":"//*[@id=\"__item4036-__clone9969-imgNav\"]"}
COMMAND: POST /session/0bd35d5034cd75fc8dc44075a41c35a4/elements - {"using":"xpath","value":"//*[@id=\"__item4036-__clone9969-imgNav\"]"}
RESULT: {"using":"xpath","value":"//*[@id=\"__item4036-__clone9969-imgNav\"]"}
COMMAND: POST /session/0bd35d5034cd75fc8dc44075a41c35a4/elements - {"using":"xpath","value":"//*[@id=\"__item4036-__clone9969-imgNav\"]"}
RESULT: {"using":"xpath","value":"//*[@id=\"__item4036-__clone9969-imgNav\"]"}
COMMAND: POST /session/0bd35d5034cd75fc8dc44075a41c35a4/elements - {"using":"xpath","value":"//*[@id=\"__item4036-__clone9969-imgNav\"]"}
RESULT: {"using":"xpath","value":"//*[@id=\"__item4036-__clone9969-imgNav\"]"}
COMMAND: POST /session/0bd35d5034cd75fc8dc44075a41c35a4/elements - {"using":"xpath","value":"//*[@id=\"__item4036-__clone9969-imgNav\"]"}
RESULT: {"using":"xpath","value":"//*[@id=\"__item4036-__clone9969-imgNav\"]"}
COMMAND: POST /session/0bd35d5034cd75fc8dc44075a41c35a4/elements - {"using":"xpath","value":"//*[@id=\"__item4036-__clone9969-imgNav\"]"}
RESULT: {"using":"xpath","value":"//*[@id=\"__item4036-__clone9969-imgNav\"]"}
COMMAND: POST /session/0bd35d5034cd75fc8dc44075a41c35a4/elements - {"using":"xpath","value":"//*[@id=\"__item4036-__clone9969-imgNav\"]"}
RESULT: {"using":"xpath","value":"//*[@id=\"__item4036-__clone9969-imgNav\"]"}
COMMAND: POST /session/0bd35d5034cd75fc8dc44075a41c35a4/elements - {"using":"xpath","value":"//*[@id=\"__item4036-__clone9969-imgNav\"]"}
RESULT: {"using":"xpath","value":"//*[@id=\"__item4036-__clone9969-imgNav\"]"}
COMMAND: POST /session/0bd35d5034cd75fc8dc44075a41c35a4/elements - {"using":"xpath","value":"//*[@id=\"__item4036-__clone9969-imgNav\"]"}
RESULT: {"using":"xpath","value":"//*[@id=\"__item4036-__clone9969-imgNav\"]"}
COMMAND: POST /session/0bd35d5034cd75fc8dc44075a41c35a4/elements - {"using":"xpath","value":"//*[@id=\"__item4036-__clone9969-imgNav\"]"}
RESULT: {"using":"xpath","value":"//*[@id=\"__item4036-__clone9969-imgNav\"]"}
COMMAND: POST /session/0bd35d5034cd75fc8dc44075a41c35a4/elements - {"using":"xpath","value":"//*[@id=\"__item4036-__clone9969-imgNav\"]"}
RESULT: {"using":"xpath","value":"//*[@id=\"__item4036-__clone9969-imgNav\"]"}
COMMAND: POST /session/0bd35d5034cd75fc8dc44075a41c35a4/elements - {"using":"xpath","value":"//*[@id=\"__item4036-__clone9969-imgNav\"]"}
RESULT: {"using":"xpath","value":"//*[@id=\"__item4036-__clone9969-imgNav\"]"}
COMMAND: POST /session/0bd35d5034cd75fc8dc44075a41c35a4/elements - {"using":"xpath","value":"//*[@id=\"__item4036-__clone9969-imgNav\"]"}
RESULT: {"using":"xpath","value":"//*[@id=\"__item4036-__clone9969-imgNav\"]"}
COMMAND: POST /session/0bd35d5034cd75fc8dc44075a41c35a4/elements - {"using":"xpath","value":"//*[@id=\"__item4036-__clone9969-imgNav\"]"}
RESULT: {"using":"xpath","value":"//*[@id=\"__item4036-__clone9969-imgNav\"]"}
COMMAND: POST /session/0bd35d5034cd75fc8dc44075a41c35a4/elements - {"using":"xpath","value":"//*[@id=\"__item4036-__clone9969-imgNav\"]"}
RESULT: {"using":"xpath","value":"//*[@id=\"__item4036-__clone9969-imgNav\"]"}
COMMAND: POST /session/0bd35d5034cd75fc8dc44075a41c35a4/elements - {"using":"xpath","value":"//*[@id=\"__item4036-__clone9969-imgNav\"]"}
RESULT: {"using":"xpath","value":"//*[@id=\"__item4036-__clone9969-imgNav\"]"}
COMMAND: POST /session/0bd35d5034cd75fc8dc44075a41c35a4/elements - {"using":"xpath","value":"//*[@id=\"__item4036-__clone9969-imgNav\"]"}
RESULT: {"using":"xpath","value":"//*[@id=\"__item4036-__clone9969-imgNav\"]"}
COMMAND: POST /session/0bd35d5034cd75fc8dc44075a41c35a4/elements - {"using":"xpath","value":"//*[@id=\"__item4036-__clone9969-imgNav\"]"}
RESULT: {"using":"xpath","value":"//*[@id=\"__item4036-__clone9969-imgNav\"]"}
COMMAND: POST /session/0bd35d5034cd75fc8dc44075a41c35a4/elements - {"using":"xpath","value":"//*[@id=\"__item4036-__clone9969-imgNav\"]"}
RESULT: {"using":"xpath","value":"//*[@id=\"__item4036-__clone9969-imgNav\"]"}
COMMAND: POST /session/0bd35d5034cd75fc8dc44075a41c35a4/elements - {"using":"xpath","value":"//*[@id=\"__item4036-__clone9969-imgNav\"]"}
RESULT: {"using":"xpath","value":"//*[@id=\"__item4036-__clone9969-imgNav\"]"}
COMMAND: POST /session/0bd35d5034cd75fc8dc44075a41c35a4/elements - {"using":"xpath","value":"//*[@id=\"__item4036-__clone9969-imgNav\"]"}
RESULT: {"using":"xpath","value":"//*[@id=\"__item4036-__clone9969-imgNav\"]"}
COMMAND: POST /session/0bd35d5034cd75fc8dc44075a41c35a4/elements - {"using":"xpath","value":"//*[@id=\"__item4036-__clone9969-imgNav\"]"}
RESULT: {"using":"xpath","value":"//*[@id=\"__item4036-__clone9969-imgNav\"]"}
COMMAND: POST /session/0bd35d5034cd75fc8dc44075a41c35a4/elements - {"using":"xpath","value":"//*[@id=\"__item4036-__clone9969-imgNav\"]"}
RESULT: {"using":"xpath","value":"//*[@id=\"__item4036-__clone9969-imgNav\"]"}
COMMAND: POST /session/0bd35d5034cd75fc8dc44075a41c35a4/elements - {"using":"xpath","value":"//*[@id=\"__item4036-__clone9969-imgNav\"]"}
RESULT: {"using":"xpath","value":"//*[@id=\"__item4036-__clone9969-imgNav\"]"}
COMMAND: POST /session/0bd35d5034cd75fc8dc44075a41c35a4/elements - {"using":"xpath","value":"//*[@id=\"__item4036-__clone9969-imgNav\"]"}
RESULT: {"using":"xpath","value":"//*[@id=\"__item4036-__clone9969-imgNav\"]"}
COMMAND: POST /session/0bd35d5034cd75fc8dc44075a41c35a4/elements - {"using":"xpath","value":"//*[@id=\"__item4036-__clone9969-imgNav\"]"}
RESULT: {"using":"xpath","value":"//*[@id=\"__item4036-__clone9969-imgNav\"]"}
COMMAND: POST /session/0bd35d5034cd75fc8dc44075a41c35a4/elements - {"using":"xpath","value":"//*[@id=\"__item4036-__clone9969-imgNav\"]"}
RESULT: {"using":"xpath","value":"//*[@id=\"__item4036-__clone9969-imgNav\"]"}
COMMAND: POST /session/0bd35d5034cd75fc8dc44075a41c35a4/elements - {"using":"xpath","value":"//*[@id=\"__item4036-__clone9969-imgNav\"]"}
RESULT: {"using":"xpath","value":"//*[@id=\"__item4036-__clone9969-imgNav\"]"}
COMMAND: POST /session/0bd35d5034cd75fc8dc44075a41c35a4/elements - {"using":"xpath","value":"//*[@id=\"__item4036-__clone9969-imgNav\"]"}
RESULT: {"using":"xpath","value":"//*[@id=\"__item4036-__clone9969-imgNav\"]"}
COMMAND: POST /session/0bd35d5034cd75fc8dc44075a41c35a4/elements - {"using":"xpath","value":"//*[@id=\"__item4036-__clone9969-imgNav\"]"}
RESULT: {"using":"xpath","value":"//*[@id=\"__item4036-__clone9969-imgNav\"]"}
COMMAND: POST /session/0bd35d5034cd75fc8dc44075a41c35a4/elements - {"using":"xpath","value":"//*[@id=\"__item4036-__clone9969-imgNav\"]"}
RESULT: {"using":"xpath","value":"//*[@id=\"__item4036-__clone9969-imgNav\"]"}
COMMAND: POST /session/0bd35d5034cd75fc8dc44075a41c35a4/elements - {"using":"xpath","value":"//*[@id=\"__item4036-__clone9969-imgNav\"]"}
RESULT: {"using":"xpath","value":"//*[@id=\"__item4036-__clone9969-imgNav\"]"}
COMMAND: POST /session/0bd35d5034cd75fc8dc44075a41c35a4/elements - {"using":"xpath","value":"//*[@id=\"__item4036-__clone9969-imgNav\"]"}
RESULT: {"using":"xpath","value":"//*[@id=\"__item4036-__clone9969-imgNav\"]"}
COMMAND: POST /session/0bd35d5034cd75fc8dc44075a41c35a4/elements - {"using":"xpath","value":"//*[@id=\"__item4036-__clone9969-imgNav\"]"}
RESULT: {"using":"xpath","value":"//*[@id=\"__item4036-__clone9969-imgNav\"]"}
COMMAND: POST /session/0bd35d5034cd75fc8dc44075a41c35a4/elements - {"using":"xpath","value":"//*[@id=\"__item4036-__clone9969-imgNav\"]"}
RESULT: {"using":"xpath","value":"//*[@id=\"__item4036-__clone9969-imgNav\"]"}
COMMAND: POST /session/0bd35d5034cd75fc8dc44075a41c35a4/elements - {"using":"xpath","value":"//*[@id=\"__item4036-__clone9969-imgNav\"]"}
RESULT: {"using":"xpath","value":"//*[@id=\"__item4036-__clone9969-imgNav\"]"}
COMMAND: POST /session/0bd35d5034cd75fc8dc44075a41c35a4/elements - {"using":"xpath","value":"//*[@id=\"__item4036-__clone9969-imgNav\"]"}
RESULT: {"using":"xpath","value":"//*[@id=\"__item4036-__clone9969-imgNav\"]"}
COMMAND: POST /session/0bd35d5034cd75fc8dc44075a41c35a4/elements - {"using":"xpath","value":"//*[@id=\"__item4036-__clone9969-imgNav\"]"}
RESULT: {"using":"xpath","value":"//*[@id=\"__item4036-__clone9969-imgNav\"]"}
COMMAND: POST /session/0bd35d5034cd75fc8dc44075a41c35a4/elements - {"using":"xpath","value":"//*[@id=\"__item4036-__clone9969-imgNav\"]"}
RESULT: {"using":"xpath","value":"//*[@id=\"__item4036-__clone9969-imgNav\"]"}
COMMAND: POST /session/0bd35d5034cd75fc8dc44075a41c35a4/elements - {"using":"xpath","value":"//*[@id=\"__item4036-__clone9969-imgNav\"]"}
RESULT: {"using":"xpath","value":"//*[@id=\"__item4036-__clone9969-imgNav\"]"}
COMMAND: POST /session/0bd35d5034cd75fc8dc44075a41c35a4/elements - {"using":"xpath","value":"//*[@id=\"__item4036-__clone9969-imgNav\"]"}
RESULT: {"using":"xpath","value":"//*[@id=\"__item4036-__clone9969-imgNav\"]"}
COMMAND: POST /session/0bd35d5034cd75fc8dc44075a41c35a4/elements - {"using":"xpath","value":"//*[@id=\"__item4036-__clone9969-imgNav\"]"}
RESULT: {"using":"xpath","value":"//*[@id=\"__item4036-__clone9969-imgNav\"]"}
COMMAND: POST /session/0bd35d5034cd75fc8dc44075a41c35a4/elements - {"using":"xpath","value":"//*[@id=\"__item4036-__clone9969-imgNav\"]"}
RESULT: {"using":"xpath","value":"//*[@id=\"__item4036-__clone9969-imgNav\"]"}
COMMAND: POST /session/0bd35d5034cd75fc8dc44075a41c35a4/elements - {"using":"xpath","value":"//*[@id=\"__item4036-__clone9969-imgNav\"]"}
RESULT: {"using":"xpath","value":"//*[@id=\"__item4036-__clone9969-imgNav\"]"}
COMMAND: POST /session/0bd35d5034cd75fc8dc44075a41c35a4/elements - {"using":"xpath","value":"//*[@id=\"__item4036-__clone9969-imgNav\"]"}
RESULT: {"using":"xpath","value":"//*[@id=\"__item4036-__clone9969-imgNav\"]"}
COMMAND: POST /session/0bd35d5034cd75fc8dc44075a41c35a4/elements - {"using":"xpath","value":"//*[@id=\"__item4036-__clone9969-imgNav\"]"}
RESULT: {"using":"xpath","value":"//*[@id=\"__item4036-__clone9969-imgNav\"]"}
COMMAND: POST /session/0bd35d5034cd75fc8dc44075a41c35a4/elements - {"using":"xpath","value":"//*[@id=\"__item4036-__clone9969-imgNav\"]"}
RESULT: {"using":"xpath","value":"//*[@id=\"__item4036-__clone9969-imgNav\"]"}
COMMAND: POST /session/0bd35d5034cd75fc8dc44075a41c35a4/elements - {"using":"xpath","value":"//*[@id=\"__item4036-__clone9969-imgNav\"]"}
RESULT: {"using":"xpath","value":"//*[@id=\"__item4036-__clone9969-imgNav\"]"}
COMMAND: POST /session/0bd35d5034cd75fc8dc44075a41c35a4/elements - {"using":"xpath","value":"//*[@id=\"__item4036-__clone9969-imgNav\"]"}
RESULT: {"using":"xpath","value":"//*[@id=\"__item4036-__clone9969-imgNav\"]"}
COMMAND: POST /session/0bd35d5034cd75fc8dc44075a41c35a4/elements - {"using":"xpath","value":"//*[@id=\"__item4036-__clone9969-imgNav\"]"}
RESULT: {"using":"xpath","value":"//*[@id=\"__item4036-__clone9969-imgNav\"]"}
COMMAND: POST /session/0bd35d5034cd75fc8dc44075a41c35a4/elements - {"using":"xpath","value":"//*[@id=\"__item4036-__clone9969-imgNav\"]"}
RESULT: {"using":"xpath","value":"//*[@id=\"__item4036-__clone9969-imgNav\"]"}
COMMAND: POST /session/0bd35d5034cd75fc8dc44075a41c35a4/elements - {"using":"xpath","value":"//*[@id=\"__item4036-__clone9969-imgNav\"]"}
RESULT: {"using":"xpath","value":"//*[@id=\"__item4036-__clone9969-imgNav\"]"}
COMMAND: POST /session/0bd35d5034cd75fc8dc44075a41c35a4/elements - {"using":"xpath","value":"//*[@id=\"__item4036-__clone9969-imgNav\"]"}
RESULT: {"using":"xpath","value":"//*[@id=\"__item4036-__clone9969-imgNav\"]"}
COMMAND: POST /session/0bd35d5034cd75fc8dc44075a41c35a4/elements - {"using":"xpath","value":"//*[@id=\"__item4036-__clone9969-imgNav\"]"}
RESULT: {"using":"xpath","value":"//*[@id=\"__item4036-__clone9969-imgNav\"]"}
COMMAND: POST /session/0bd35d5034cd75fc8dc44075a41c35a4/elements - {"using":"xpath","value":"//*[@id=\"__item4036-__clone9969-imgNav\"]"}
RESULT: {"using":"xpath","value":"//*[@id=\"__item4036-__clone9969-imgNav\"]"}
COMMAND: POST /session/0bd35d5034cd75fc8dc44075a41c35a4/elements - {"using":"xpath","value":"//*[@id=\"__item4036-__clone9969-imgNav\"]"}
RESULT: {"using":"xpath","value":"//*[@id=\"__item4036-__clone9969-imgNav\"]"}
COMMAND: POST /session/0bd35d5034cd75fc8dc44075a41c35a4/elements - {"using":"xpath","value":"//*[@id=\"__item4036-__clone9969-imgNav\"]"}
RESULT: {"using":"xpath","value":"//*[@id=\"__item4036-__clone9969-imgNav\"]"}
COMMAND: POST /session/0bd35d5034cd75fc8dc44075a41c35a4/elements - {"using":"xpath","value":"//*[@id=\"__item4036-__clone9969-imgNav\"]"}
RESULT: {"using":"xpath","value":"//*[@id=\"__item4036-__clone9969-imgNav\"]"}
COMMAND: POST /session/0bd35d5034cd75fc8dc44075a41c35a4/elements - {"using":"xpath","value":"//*[@id=\"__item4036-__clone9969-imgNav\"]"}
RESULT: {"using":"xpath","value":"//*[@id=\"__item4036-__clone9969-imgNav\"]"}
COMMAND: POST /session/0bd35d5034cd75fc8dc44075a41c35a4/elements - {"using":"xpath","value":"//*[@id=\"__item4036-__clone9969-imgNav\"]"}
RESULT: {"using":"xpath","value":"//*[@id=\"__item4036-__clone9969-imgNav\"]"}
COMMAND: POST /session/0bd35d5034cd75fc8dc44075a41c35a4/elements - {"using":"xpath","value":"//*[@id=\"__item4036-__clone9969-imgNav\"]"}
RESULT: {"using":"xpath","value":"//*[@id=\"__item4036-__clone9969-imgNav\"]"}
COMMAND: POST /session/0bd35d5034cd75fc8dc44075a41c35a4/elements - {"using":"xpath","value":"//*[@id=\"__item4036-__clone9969-imgNav\"]"}
RESULT: {"using":"xpath","value":"//*[@id=\"__item4036-__clone9969-imgNav\"]"}
COMMAND: POST /session/0bd35d5034cd75fc8dc44075a41c35a4/elements - {"using":"xpath","value":"//*[@id=\"__item4036-__clone9969-imgNav\"]"}
RESULT: {"using":"xpath","value":"//*[@id=\"__item4036-__clone9969-imgNav\"]"}
COMMAND: POST /session/0bd35d5034cd75fc8dc44075a41c35a4/elements - {"using":"xpath","value":"//*[@id=\"__item4036-__clone9969-imgNav\"]"}
RESULT: {"using":"xpath","value":"//*[@id=\"__item4036-__clone9969-imgNav\"]"}
COMMAND: POST /session/0bd35d5034cd75fc8dc44075a41c35a4/elements - {"using":"xpath","value":"//*[@id=\"__item4036-__clone9969-imgNav\"]"}
RESULT: {"using":"xpath","value":"//*[@id=\"__item4036-__clone9969-imgNav\"]"}
COMMAND: POST /session/0bd35d5034cd75fc8dc44075a41c35a4/elements - {"using":"xpath","value":"//*[@id=\"__item4036-__clone9969-imgNav\"]"}
RESULT: {"using":"xpath","value":"//*[@id=\"__item4036-__clone9969-imgNav\"]"}
COMMAND: POST /session/0bd35d5034cd75fc8dc44075a41c35a4/elements - {"using":"xpath","value":"//*[@id=\"__item4036-__clone9969-imgNav\"]"}
RESULT: {"using":"xpath","value":"//*[@id=\"__item4036-__clone9969-imgNav\"]"}
COMMAND: POST /session/0bd35d5034cd75fc8dc44075a41c35a4/elements - {"using":"xpath","value":"//*[@id=\"__item4036-__clone9969-imgNav\"]"}
RESULT: {"using":"xpath","value":"//*[@id=\"__item4036-__clone9969-imgNav\"]"}
COMMAND: POST /session/0bd35d5034cd75fc8dc44075a41c35a4/elements - {"using":"xpath","value":"//*[@id=\"__item4036-__clone9969-imgNav\"]"}
RESULT: {"using":"xpath","value":"//*[@id=\"__item4036-__clone9969-imgNav\"]"}
COMMAND: POST /session/0bd35d5034cd75fc8dc44075a41c35a4/elements - {"using":"xpath","value":"//*[@id=\"__item4036-__clone9969-imgNav\"]"}
RESULT: {"using":"xpath","value":"//*[@id=\"__item4036-__clone9969-imgNav\"]"}
COMMAND: POST /session/0bd35d5034cd75fc8dc44075a41c35a4/elements - {"using":"xpath","value":"//*[@id=\"__item4036-__clone9969-imgNav\"]"}
RESULT: {"using":"xpath","value":"//*[@id=\"__item4036-__clone9969-imgNav\"]"}
COMMAND: POST /session/0bd35d5034cd75fc8dc44075a41c35a4/elements - {"using":"xpath","value":"//*[@id=\"__item4036-__clone9969-imgNav\"]"}
RESULT: {"using":"xpath","value":"//*[@id=\"__item4036-__clone9969-imgNav\"]"}
COMMAND: POST /session/0bd35d5034cd75fc8dc44075a41c35a4/elements - {"using":"xpath","value":"//*[@id=\"__item4036-__clone9969-imgNav\"]"}
RESULT: {"using":"xpath","value":"//*[@id=\"__item4036-__clone9969-imgNav\"]"}
COMMAND: POST /session/0bd35d5034cd75fc8dc44075a41c35a4/elements - {"using":"xpath","value":"//*[@id=\"__item4036-__clone9969-imgNav\"]"}
RESULT: {"using":"xpath","value":"//*[@id=\"__item4036-__clone9969-imgNav\"]"}
COMMAND: POST /session/0bd35d5034cd75fc8dc44075a41c35a4/elements - {"using":"xpath","value":"//*[@id=\"__item4036-__clone9969-imgNav\"]"}
RESULT: {"using":"xpath","value":"//*[@id=\"__item4036-__clone9969-imgNav\"]"}
COMMAND: POST /session/0bd35d5034cd75fc8dc44075a41c35a4/elements - {"using":"xpath","value":"//*[@id=\"__item4036-__clone9969-imgNav\"]"}
RESULT: {"using":"xpath","value":"//*[@id=\"__item4036-__clone9969-imgNav\"]"}
COMMAND: POST /session/0bd35d5034cd75fc8dc44075a41c35a4/elements - {"using":"xpath","value":"//*[@id=\"__item4036-__clone9969-imgNav\"]"}
RESULT: {"using":"xpath","value":"//*[@id=\"__item4036-__clone9969-imgNav\"]"}
COMMAND: POST /session/0bd35d5034cd75fc8dc44075a41c35a4/elements - {"using":"xpath","value":"//*[@id=\"__item4036-__clone9969-imgNav\"]"}
RESULT: {"using":"xpath","value":"//*[@id=\"__item4036-__clone9969-imgNav\"]"}
COMMAND: POST /session/0bd35d5034cd75fc8dc44075a41c35a4/elements - {"using":"xpath","value":"//*[@id=\"__item4036-__clone9969-imgNav\"]"}
RESULT: {"using":"xpath","value":"//*[@id=\"__item4036-__clone9969-imgNav\"]"}
COMMAND: POST /session/0bd35d5034cd75fc8dc44075a41c35a4/elements - {"using":"xpath","value":"//*[@id=\"__item4036-__clone9969-imgNav\"]"}
RESULT: {"using":"xpath","value":"//*[@id=\"__item4036-__clone9969-imgNav\"]"}
COMMAND: POST /session/0bd35d5034cd75fc8dc44075a41c35a4/elements - {"using":"xpath","value":"//*[@id=\"__item4036-__clone9969-imgNav\"]"}
RESULT: {"using":"xpath","value":"//*[@id=\"__item4036-__clone9969-imgNav\"]"}
COMMAND: POST /session/0bd35d5034cd75fc8dc44075a41c35a4/elements - {"using":"xpath","value":"//*[@id=\"__item4036-__clone9969-imgNav\"]"}
RESULT: {"using":"xpath","value":"//*[@id=\"__item4036-__clone9969-imgNav\"]"}
COMMAND: POST /session/0bd35d5034cd75fc8dc44075a41c35a4/elements - {"using":"xpath","value":"//*[@id=\"__item4036-__clone9969-imgNav\"]"}
RESULT: {"using":"xpath","value":"//*[@id=\"__item4036-__clone9969-imgNav\"]"}
COMMAND: POST /session/0bd35d5034cd75fc8dc44075a41c35a4/elements - {"using":"xpath","value":"//*[@id=\"__item4036-__clone9969-imgNav\"]"}
RESULT: {"using":"xpath","value":"//*[@id=\"__item4036-__clone9969-imgNav\"]"}
COMMAND: POST /session/0bd35d5034cd75fc8dc44075a41c35a4/elements - {"using":"xpath","value":"//*[@id=\"__item4036-__clone9969-imgNav\"]"}
RESULT: {"using":"xpath","value":"//*[@id=\"__item4036-__clone9969-imgNav\"]"}
COMMAND: POST /session/0bd35d5034cd75fc8dc44075a41c35a4/elements - {"using":"xpath","value":"//*[@id=\"__item4036-__clone9969-imgNav\"]"}
RESULT: {"using":"xpath","value":"//*[@id=\"__item4036-__clone9969-imgNav\"]"}
COMMAND: POST /session/0bd35d5034cd75fc8dc44075a41c35a4/elements - {"using":"xpath","value":"//*[@id=\"__item4036-__clone9969-imgNav\"]"}
RESULT: {"using":"xpath","value":"//*[@id=\"__item4036-__clone9969-imgNav\"]"}
COMMAND: POST /session/0bd35d5034cd75fc8dc44075a41c35a4/elements - {"using":"xpath","value":"//*[@id=\"__item4036-__clone9969-imgNav\"]"}
RESULT: {"using":"xpath","value":"//*[@id=\"__item4036-__clone9969-imgNav\"]"}
COMMAND: POST /session/0bd35d5034cd75fc8dc44075a41c35a4/elements - {"using":"xpath","value":"//*[@id=\"__item4036-__clone9969-imgNav\"]"}
RESULT: {"using":"xpath","value":"//*[@id=\"__item4036-__clone9969-imgNav\"]"}
COMMAND: POST /session/0bd35d5034cd75fc8dc44075a41c35a4/elements - {"using":"xpath","value":"//*[@id=\"__item4036-__clone9969-imgNav\"]"}
RESULT: {"using":"xpath","value":"//*[@id=\"__item4036-__clone9969-imgNav\"]"}
COMMAND: POST /session/0bd35d5034cd75fc8dc44075a41c35a4/elements - {"using":"xpath","value":"//*[@id=\"__item4036-__clone9969-imgNav\"]"}
RESULT: {"using":"xpath","value":"//*[@id=\"__item4036-__clone9969-imgNav\"]"}
COMMAND: POST /session/0bd35d5034cd75fc8dc44075a41c35a4/elements - {"using":"xpath","value":"//*[@id=\"__item4036-__clone9969-imgNav\"]"}
RESULT: {"using":"xpath","value":"//*[@id=\"__item4036-__clone9969-imgNav\"]"}
COMMAND: POST /session/0bd35d5034cd75fc8dc44075a41c35a4/elements - {"using":"xpath","value":"//*[@id=\"__item4036-__clone9969-imgNav\"]"}
RESULT: {"using":"xpath","value":"//*[@id=\"__item4036-__clone9969-imgNav\"]"}
COMMAND: POST /session/0bd35d5034cd75fc8dc44075a41c35a4/elements - {"using":"xpath","value":"//*[@id=\"__item4036-__clone9969-imgNav\"]"}
RESULT: {"using":"xpath","value":"//*[@id=\"__item4036-__clone9969-imgNav\"]"}
COMMAND: POST /session/0bd35d5034cd75fc8dc44075a41c35a4/elements - {"using":"xpath","value":"//*[@id=\"__item4036-__clone9969-imgNav\"]"}
RESULT: {"using":"xpath","value":"//*[@id=\"__item4036-__clone9969-imgNav\"]"}
COMMAND: POST /session/0bd35d5034cd75fc8dc44075a41c35a4/elements - {"using":"xpath","value":"//*[@id=\"__item4036-__clone9969-imgNav\"]"}
RESULT: {"using":"xpath","value":"//*[@id=\"__item4036-__clone9969-imgNav\"]"}
COMMAND: POST /session/0bd35d5034cd75fc8dc44075a41c35a4/elements - {"using":"xpath","value":"//*[@id=\"__item4036-__clone9969-imgNav\"]"}
RESULT: {"using":"xpath","value":"//*[@id=\"__item4036-__clone9969-imgNav\"]"}
COMMAND: POST /session/0bd35d5034cd75fc8dc44075a41c35a4/elements - {"using":"xpath","value":"//*[@id=\"__item4036-__clone9969-imgNav\"]"}
RESULT: {"using":"xpath","value":"//*[@id=\"__item4036-__clone9969-imgNav\"]"}
COMMAND: POST /session/0bd35d5034cd75fc8dc44075a41c35a4/elements - {"using":"xpath","value":"//*[@id=\"__item4036-__clone9969-imgNav\"]"}
RESULT: {"using":"xpath","value":"//*[@id=\"__item4036-__clone9969-imgNav\"]"}
COMMAND: POST /session/0bd35d5034cd75fc8dc44075a41c35a4/elements - {"using":"xpath","value":"//*[@id=\"__item4036-__clone9969-imgNav\"]"}
RESULT: {"using":"xpath","value":"//*[@id=\"__item4036-__clone9969-imgNav\"]"}
COMMAND: POST /session/0bd35d5034cd75fc8dc44075a41c35a4/elements - {"using":"xpath","value":"//*[@id=\"__item4036-__clone9969-imgNav\"]"}
RESULT: {"using":"xpath","value":"//*[@id=\"__item4036-__clone9969-imgNav\"]"}
COMMAND: POST /session/0bd35d5034cd75fc8dc44075a41c35a4/elements - {"using":"xpath","value":"//*[@id=\"__item4036-__clone9969-imgNav\"]"}
RESULT: {"using":"xpath","value":"//*[@id=\"__item4036-__clone9969-imgNav\"]"}
COMMAND: POST /session/0bd35d5034cd75fc8dc44075a41c35a4/elements - {"using":"xpath","value":"//*[@id=\"__item4036-__clone9969-imgNav\"]"}
RESULT: {"using":"xpath","value":"//*[@id=\"__item4036-__clone9969-imgNav\"]"}
COMMAND: POST /session/0bd35d5034cd75fc8dc44075a41c35a4/elements - {"using":"xpath","value":"//*[@id=\"__item4036-__clone9969-imgNav\"]"}
RESULT: {"using":"xpath","value":"//*[@id=\"__item4036-__clone9969-imgNav\"]"}
COMMAND: POST /session/0bd35d5034cd75fc8dc44075a41c35a4/elements - {"using":"xpath","value":"//*[@id=\"__item4036-__clone9969-imgNav\"]"}
RESULT: {"using":"xpath","value":"//*[@id=\"__item4036-__clone9969-imgNav\"]"}
COMMAND: POST /session/0bd35d5034cd75fc8dc44075a41c35a4/elements - {"using":"xpath","value":"//*[@id=\"__item4036-__clone9969-imgNav\"]"}
RESULT: {"using":"xpath","value":"//*[@id=\"__item4036-__clone9969-imgNav\"]"}
COMMAND: POST /session/0bd35d5034cd75fc8dc44075a41c35a4/elements - {"using":"xpath","value":"//*[@id=\"__item4036-__clone9969-imgNav\"]"}
RESULT: {"using":"xpath","value":"//*[@id=\"__item4036-__clone9969-imgNav\"]"}
COMMAND: POST /session/0bd35d5034cd75fc8dc44075a41c35a4/elements - {"using":"xpath","value":"//*[@id=\"__item4036-__clone9969-imgNav\"]"}
RESULT: {"using":"xpath","value":"//*[@id=\"__item4036-__clone9969-imgNav\"]"}
COMMAND: POST /session/0bd35d5034cd75fc8dc44075a41c35a4/elements - {"using":"xpath","value":"//*[@id=\"__item4036-__clone9969-imgNav\"]"}
RESULT: {"using":"xpath","value":"//*[@id=\"__item4036-__clone9969-imgNav\"]"}
COMMAND: POST /session/0bd35d5034cd75fc8dc44075a41c35a4/elements - {"using":"xpath","value":"//*[@id=\"__item4036-__clone9969-imgNav\"]"}
RESULT: {"using":"xpath","value":"//*[@id=\"__item4036-__clone9969-imgNav\"]"}
COMMAND: POST /session/0bd35d5034cd75fc8dc44075a41c35a4/elements - {"using":"xpath","value":"//*[@id=\"__item4036-__clone9969-imgNav\"]"}
RESULT: {"using":"xpath","value":"//*[@id=\"__item4036-__clone9969-imgNav\"]"}
COMMAND: POST /session/0bd35d5034cd75fc8dc44075a41c35a4/elements - {"using":"xpath","value":"//*[@id=\"__item4036-__clone9969-imgNav\"]"}
RESULT: {"using":"xpath","value":"//*[@id=\"__item4036-__clone9969-imgNav\"]"}
COMMAND: POST /session/0bd35d5034cd75fc8dc44075a41c35a4/elements - {"using":"xpath","value":"//*[@id=\"__item4036-__clone9969-imgNav\"]"}
RESULT: {"using":"xpath","value":"//*[@id=\"__item4036-__clone9969-imgNav\"]"}
COMMAND: POST /session/0bd35d5034cd75fc8dc44075a41c35a4/elements - {"using":"xpath","value":"//*[@id=\"__item4036-__clone9969-imgNav\"]"}
RESULT: {"using":"xpath","value":"//*[@id=\"__item4036-__clone9969-imgNav\"]"}
COMMAND: POST /session/0bd35d5034cd75fc8dc44075a41c35a4/elements - {"using":"xpath","value":"//*[@id=\"__item4036-__clone9969-imgNav\"]"}
RESULT: {"using":"xpath","value":"//*[@id=\"__item4036-__clone9969-imgNav\"]"}
COMMAND: POST /session/0bd35d5034cd75fc8dc44075a41c35a4/elements - {"using":"xpath","value":"//*[@id=\"__item4036-__clone9969-imgNav\"]"}
RESULT: {"using":"xpath","value":"//*[@id=\"__item4036-__clone9969-imgNav\"]"}
COMMAND: POST /session/0bd35d5034cd75fc8dc44075a41c35a4/elements - {"using":"xpath","value":"//*[@id=\"__item4036-__clone9969-imgNav\"]"}
RESULT: {"using":"xpath","value":"//*[@id=\"__item4036-__clone9969-imgNav\"]"}
COMMAND: POST /session/0bd35d5034cd75fc8dc44075a41c35a4/elements - {"using":"xpath","value":"//*[@id=\"__item4036-__clone9969-imgNav\"]"}
RESULT: {"using":"xpath","value":"//*[@id=\"__item4036-__clone9969-imgNav\"]"}
COMMAND: POST /session/0bd35d5034cd75fc8dc44075a41c35a4/elements - {"using":"xpath","value":"//*[@id=\"__item4036-__clone9969-imgNav\"]"}
RESULT: {"using":"xpath","value":"//*[@id=\"__item4036-__clone9969-imgNav\"]"}
COMMAND: POST /session/0bd35d5034cd75fc8dc44075a41c35a4/elements - {"using":"xpath","value":"//*[@id=\"__item4036-__clone9969-imgNav\"]"}
RESULT: {"using":"xpath","value":"//*[@id=\"__item4036-__clone9969-imgNav\"]"}
COMMAND: POST /session/0bd35d5034cd75fc8dc44075a41c35a4/elements - {"using":"xpath","value":"//*[@id=\"__item4036-__clone9969-imgNav\"]"}
RESULT: {"using":"xpath","value":"//*[@id=\"__item4036-__clone9969-imgNav\"]"}
COMMAND: POST /session/0bd35d5034cd75fc8dc44075a41c35a4/execute/async - {"script":"<script> [1562 bytes]","args":[{"selector":{"controlType":"sap.m.Button","viewName":"etm.portal.ui.managehandovers.view.DetailExecuteHO","i18NText":{"propertyName":"text","key":"confirmAll"},"interaction":{"idSuffix":"BDI-content"}},"wdio_ui5_key":"etmportal.ui.managehandovers.view.DetailExecuteHOsap.m.Button{\"propertyName\":\"text\",\"key\":\"confirmAll\"}"}]}
RESULT: {"script":"<script> [1562 bytes]","args":[{"selector":{"controlType":"sap.m.Button","viewName":"etm.portal.ui.managehandovers.view.DetailExecuteHO","i18NText":{"propertyName":"text","key":"confirmAll"},"interaction":{"idSuffix":"BDI-content"}},"wdio_ui5_key":"etmportal.ui.managehandovers.view.DetailExecuteHOsap.m.Button{\"propertyName\":\"text\",\"key\":\"confirmAll\"}"}]}
RESULT: undefined
COMMAND: POST /session/0bd35d5034cd75fc8dc44075a41c35a4/actions - {"actions":[{"id":"action74","type":"key","parameters":{},"actions":[{"type":"keyDown","value":"î€‡"},{"type":"pause","duration":10},{"type":"keyUp","value":"î€‡"}]}]}
RESULT: {"actions":[{"id":"action74","type":"key","parameters":{},"actions":[{"type":"keyDown","value":"î€‡"},{"type":"pause","duration":10},{"type":"keyUp","value":"î€‡"}]}]}
COMMAND: GET /session/0bd35d5034cd75fc8dc44075a41c35a4/screenshot - {}
RESULT: {}
COMMAND: POST /session/0bd35d5034cd75fc8dc44075a41c35a4/execute/async - {"script":"<script> [1562 bytes]","args":[{"selector":{"id":"confirmationButton","viewName":"etm.portal.ui.managehandovers.view.DetailExecuteHO","properties":{"text":"Issue"},"interaction":{"idSuffix":"BDI-content"}},"wdio_ui5_key":"confirmationButtonetmportal.ui.managehandovers.view.DetailExecuteHO{\"text\":\"Issue\"}"}]}
RESULT: {"script":"<script> [1562 bytes]","args":[{"selector":{"id":"confirmationButton","viewName":"etm.portal.ui.managehandovers.view.DetailExecuteHO","properties":{"text":"Issue"},"interaction":{"idSuffix":"BDI-content"}},"wdio_ui5_key":"confirmationButtonetmportal.ui.managehandovers.view.DetailExecuteHO{\"text\":\"Issue\"}"}]}
RESULT: undefined
RESULT: undefined
COMMAND: POST /session/0bd35d5034cd75fc8dc44075a41c35a4/execute/async - {"script":"<script> [776 bytes]","args":[{"enterText":"30875","selector":{"controlType":"sap.m.SearchField","viewName":"etm.portal.ui.managehandovers.view.MasterHO","bindingPath":{"propertyPath":"/_BASIC_SEARCH_FIELD","modelName":"fi1t3rM0d31"},"interaction":{"idSuffix":"I"}},"clearTextFirst":true,"interactionType":"ENTER_TEXT"}]}
RESULT: {"script":"<script> [776 bytes]","args":[{"enterText":"30875","selector":{"controlType":"sap.m.SearchField","viewName":"etm.portal.ui.managehandovers.view.MasterHO","bindingPath":{"propertyPath":"/_BASIC_SEARCH_FIELD","modelName":"fi1t3rM0d31"},"interaction":{"idSuffix":"I"}},"clearTextFirst":true,"interactionType":"ENTER_TEXT"}]}
COMMAND: POST /session/0bd35d5034cd75fc8dc44075a41c35a4/actions - {"actions":[{"id":"action75","type":"key","parameters":{},"actions":[{"type":"keyDown","value":"î€‡"},{"type":"pause","duration":10},{"type":"keyUp","value":"î€‡"}]}]}
RESULT: {"actions":[{"id":"action75","type":"key","parameters":{},"actions":[{"type":"keyDown","value":"î€‡"},{"type":"pause","duration":10},{"type":"keyUp","value":"î€‡"}]}]}
COMMAND: GET /session/0bd35d5034cd75fc8dc44075a41c35a4/screenshot - {}
RESULT: {}
RESULT: undefined
COMMAND: POST /session/0bd35d5034cd75fc8dc44075a41c35a4/element - {"using":"xpath","value":"//*[@id=\"__item4036-__clone9969-imgNav\"]"}
RESULT: {"using":"xpath","value":"//*[@id=\"__item4036-__clone9969-imgNav\"]"}
COMMAND: POST /session/0bd35d5034cd75fc8dc44075a41c35a4/elements - {"using":"xpath","value":"//*[@id=\"__item4036-__clone9969-imgNav\"]"}
RESULT: {"using":"xpath","value":"//*[@id=\"__item4036-__clone9969-imgNav\"]"}
COMMAND: POST /session/0bd35d5034cd75fc8dc44075a41c35a4/elements - {"using":"xpath","value":"//*[@id=\"__item4036-__clone9969-imgNav\"]"}
RESULT: {"using":"xpath","value":"//*[@id=\"__item4036-__clone9969-imgNav\"]"}
COMMAND: POST /session/0bd35d5034cd75fc8dc44075a41c35a4/elements - {"using":"xpath","value":"//*[@id=\"__item4036-__clone9969-imgNav\"]"}
RESULT: {"using":"xpath","value":"//*[@id=\"__item4036-__clone9969-imgNav\"]"}
COMMAND: POST /session/0bd35d5034cd75fc8dc44075a41c35a4/elements - {"using":"xpath","value":"//*[@id=\"__item4036-__clone9969-imgNav\"]"}
RESULT: {"using":"xpath","value":"//*[@id=\"__item4036-__clone9969-imgNav\"]"}
COMMAND: POST /session/0bd35d5034cd75fc8dc44075a41c35a4/elements - {"using":"xpath","value":"//*[@id=\"__item4036-__clone9969-imgNav\"]"}
RESULT: {"using":"xpath","value":"//*[@id=\"__item4036-__clone9969-imgNav\"]"}
COMMAND: POST /session/0bd35d5034cd75fc8dc44075a41c35a4/elements - {"using":"xpath","value":"//*[@id=\"__item4036-__clone9969-imgNav\"]"}
RESULT: {"using":"xpath","value":"//*[@id=\"__item4036-__clone9969-imgNav\"]"}
COMMAND: POST /session/0bd35d5034cd75fc8dc44075a41c35a4/elements - {"using":"xpath","value":"//*[@id=\"__item4036-__clone9969-imgNav\"]"}
RESULT: {"using":"xpath","value":"//*[@id=\"__item4036-__clone9969-imgNav\"]"}
COMMAND: POST /session/0bd35d5034cd75fc8dc44075a41c35a4/elements - {"using":"xpath","value":"//*[@id=\"__item4036-__clone9969-imgNav\"]"}
RESULT: {"using":"xpath","value":"//*[@id=\"__item4036-__clone9969-imgNav\"]"}
COMMAND: POST /session/0bd35d5034cd75fc8dc44075a41c35a4/elements - {"using":"xpath","value":"//*[@id=\"__item4036-__clone9969-imgNav\"]"}
RESULT: {"using":"xpath","value":"//*[@id=\"__item4036-__clone9969-imgNav\"]"}
COMMAND: POST /session/0bd35d5034cd75fc8dc44075a41c35a4/elements - {"using":"xpath","value":"//*[@id=\"__item4036-__clone9969-imgNav\"]"}
RESULT: {"using":"xpath","value":"//*[@id=\"__item4036-__clone9969-imgNav\"]"}
COMMAND: POST /session/0bd35d5034cd75fc8dc44075a41c35a4/elements - {"using":"xpath","value":"//*[@id=\"__item4036-__clone9969-imgNav\"]"}
RESULT: {"using":"xpath","value":"//*[@id=\"__item4036-__clone9969-imgNav\"]"}
COMMAND: POST /session/0bd35d5034cd75fc8dc44075a41c35a4/elements - {"using":"xpath","value":"//*[@id=\"__item4036-__clone9969-imgNav\"]"}
RESULT: {"using":"xpath","value":"//*[@id=\"__item4036-__clone9969-imgNav\"]"}
COMMAND: POST /session/0bd35d5034cd75fc8dc44075a41c35a4/elements - {"using":"xpath","value":"//*[@id=\"__item4036-__clone9969-imgNav\"]"}
RESULT: {"using":"xpath","value":"//*[@id=\"__item4036-__clone9969-imgNav\"]"}
COMMAND: POST /session/0bd35d5034cd75fc8dc44075a41c35a4/elements - {"using":"xpath","value":"//*[@id=\"__item4036-__clone9969-imgNav\"]"}
RESULT: {"using":"xpath","value":"//*[@id=\"__item4036-__clone9969-imgNav\"]"}
COMMAND: POST /session/0bd35d5034cd75fc8dc44075a41c35a4/elements - {"using":"xpath","value":"//*[@id=\"__item4036-__clone9969-imgNav\"]"}
RESULT: {"using":"xpath","value":"//*[@id=\"__item4036-__clone9969-imgNav\"]"}
COMMAND: POST /session/0bd35d5034cd75fc8dc44075a41c35a4/elements - {"using":"xpath","value":"//*[@id=\"__item4036-__clone9969-imgNav\"]"}
RESULT: {"using":"xpath","value":"//*[@id=\"__item4036-__clone9969-imgNav\"]"}
COMMAND: POST /session/0bd35d5034cd75fc8dc44075a41c35a4/elements - {"using":"xpath","value":"//*[@id=\"__item4036-__clone9969-imgNav\"]"}
RESULT: {"using":"xpath","value":"//*[@id=\"__item4036-__clone9969-imgNav\"]"}
COMMAND: POST /session/0bd35d5034cd75fc8dc44075a41c35a4/elements - {"using":"xpath","value":"//*[@id=\"__item4036-__clone9969-imgNav\"]"}
RESULT: {"using":"xpath","value":"//*[@id=\"__item4036-__clone9969-imgNav\"]"}
COMMAND: POST /session/0bd35d5034cd75fc8dc44075a41c35a4/elements - {"using":"xpath","value":"//*[@id=\"__item4036-__clone9969-imgNav\"]"}
RESULT: {"using":"xpath","value":"//*[@id=\"__item4036-__clone9969-imgNav\"]"}
COMMAND: POST /session/0bd35d5034cd75fc8dc44075a41c35a4/elements - {"using":"xpath","value":"//*[@id=\"__item4036-__clone9969-imgNav\"]"}
RESULT: {"using":"xpath","value":"//*[@id=\"__item4036-__clone9969-imgNav\"]"}
COMMAND: POST /session/0bd35d5034cd75fc8dc44075a41c35a4/elements - {"using":"xpath","value":"//*[@id=\"__item4036-__clone9969-imgNav\"]"}
RESULT: {"using":"xpath","value":"//*[@id=\"__item4036-__clone9969-imgNav\"]"}
COMMAND: POST /session/0bd35d5034cd75fc8dc44075a41c35a4/elements - {"using":"xpath","value":"//*[@id=\"__item4036-__clone9969-imgNav\"]"}
RESULT: {"using":"xpath","value":"//*[@id=\"__item4036-__clone9969-imgNav\"]"}
COMMAND: POST /session/0bd35d5034cd75fc8dc44075a41c35a4/elements - {"using":"xpath","value":"//*[@id=\"__item4036-__clone9969-imgNav\"]"}
RESULT: {"using":"xpath","value":"//*[@id=\"__item4036-__clone9969-imgNav\"]"}
COMMAND: POST /session/0bd35d5034cd75fc8dc44075a41c35a4/elements - {"using":"xpath","value":"//*[@id=\"__item4036-__clone9969-imgNav\"]"}
RESULT: {"using":"xpath","value":"//*[@id=\"__item4036-__clone9969-imgNav\"]"}
COMMAND: POST /session/0bd35d5034cd75fc8dc44075a41c35a4/elements - {"using":"xpath","value":"//*[@id=\"__item4036-__clone9969-imgNav\"]"}
RESULT: {"using":"xpath","value":"//*[@id=\"__item4036-__clone9969-imgNav\"]"}
COMMAND: POST /session/0bd35d5034cd75fc8dc44075a41c35a4/elements - {"using":"xpath","value":"//*[@id=\"__item4036-__clone9969-imgNav\"]"}
RESULT: {"using":"xpath","value":"//*[@id=\"__item4036-__clone9969-imgNav\"]"}
COMMAND: POST /session/0bd35d5034cd75fc8dc44075a41c35a4/elements - {"using":"xpath","value":"//*[@id=\"__item4036-__clone9969-imgNav\"]"}
RESULT: {"using":"xpath","value":"//*[@id=\"__item4036-__clone9969-imgNav\"]"}
COMMAND: POST /session/0bd35d5034cd75fc8dc44075a41c35a4/elements - {"using":"xpath","value":"//*[@id=\"__item4036-__clone9969-imgNav\"]"}
RESULT: {"using":"xpath","value":"//*[@id=\"__item4036-__clone9969-imgNav\"]"}
COMMAND: POST /session/0bd35d5034cd75fc8dc44075a41c35a4/elements - {"using":"xpath","value":"//*[@id=\"__item4036-__clone9969-imgNav\"]"}
RESULT: {"using":"xpath","value":"//*[@id=\"__item4036-__clone9969-imgNav\"]"}
COMMAND: POST /session/0bd35d5034cd75fc8dc44075a41c35a4/elements - {"using":"xpath","value":"//*[@id=\"__item4036-__clone9969-imgNav\"]"}
RESULT: {"using":"xpath","value":"//*[@id=\"__item4036-__clone9969-imgNav\"]"}
COMMAND: POST /session/0bd35d5034cd75fc8dc44075a41c35a4/elements - {"using":"xpath","value":"//*[@id=\"__item4036-__clone9969-imgNav\"]"}
RESULT: {"using":"xpath","value":"//*[@id=\"__item4036-__clone9969-imgNav\"]"}
COMMAND: POST /session/0bd35d5034cd75fc8dc44075a41c35a4/elements - {"using":"xpath","value":"//*[@id=\"__item4036-__clone9969-imgNav\"]"}
RESULT: {"using":"xpath","value":"//*[@id=\"__item4036-__clone9969-imgNav\"]"}
COMMAND: POST /session/0bd35d5034cd75fc8dc44075a41c35a4/elements - {"using":"xpath","value":"//*[@id=\"__item4036-__clone9969-imgNav\"]"}
RESULT: {"using":"xpath","value":"//*[@id=\"__item4036-__clone9969-imgNav\"]"}
COMMAND: POST /session/0bd35d5034cd75fc8dc44075a41c35a4/elements - {"using":"xpath","value":"//*[@id=\"__item4036-__clone9969-imgNav\"]"}
RESULT: {"using":"xpath","value":"//*[@id=\"__item4036-__clone9969-imgNav\"]"}
COMMAND: POST /session/0bd35d5034cd75fc8dc44075a41c35a4/elements - {"using":"xpath","value":"//*[@id=\"__item4036-__clone9969-imgNav\"]"}
RESULT: {"using":"xpath","value":"//*[@id=\"__item4036-__clone9969-imgNav\"]"}
COMMAND: POST /session/0bd35d5034cd75fc8dc44075a41c35a4/elements - {"using":"xpath","value":"//*[@id=\"__item4036-__clone9969-imgNav\"]"}
RESULT: {"using":"xpath","value":"//*[@id=\"__item4036-__clone9969-imgNav\"]"}
COMMAND: POST /session/0bd35d5034cd75fc8dc44075a41c35a4/elements - {"using":"xpath","value":"//*[@id=\"__item4036-__clone9969-imgNav\"]"}
RESULT: {"using":"xpath","value":"//*[@id=\"__item4036-__clone9969-imgNav\"]"}
COMMAND: POST /session/0bd35d5034cd75fc8dc44075a41c35a4/elements - {"using":"xpath","value":"//*[@id=\"__item4036-__clone9969-imgNav\"]"}
RESULT: {"using":"xpath","value":"//*[@id=\"__item4036-__clone9969-imgNav\"]"}
COMMAND: POST /session/0bd35d5034cd75fc8dc44075a41c35a4/elements - {"using":"xpath","value":"//*[@id=\"__item4036-__clone9969-imgNav\"]"}
RESULT: {"using":"xpath","value":"//*[@id=\"__item4036-__clone9969-imgNav\"]"}
COMMAND: POST /session/0bd35d5034cd75fc8dc44075a41c35a4/elements - {"using":"xpath","value":"//*[@id=\"__item4036-__clone9969-imgNav\"]"}
RESULT: {"using":"xpath","value":"//*[@id=\"__item4036-__clone9969-imgNav\"]"}
COMMAND: POST /session/0bd35d5034cd75fc8dc44075a41c35a4/elements - {"using":"xpath","value":"//*[@id=\"__item4036-__clone9969-imgNav\"]"}
RESULT: {"using":"xpath","value":"//*[@id=\"__item4036-__clone9969-imgNav\"]"}
COMMAND: POST /session/0bd35d5034cd75fc8dc44075a41c35a4/elements - {"using":"xpath","value":"//*[@id=\"__item4036-__clone9969-imgNav\"]"}
RESULT: {"using":"xpath","value":"//*[@id=\"__item4036-__clone9969-imgNav\"]"}
COMMAND: POST /session/0bd35d5034cd75fc8dc44075a41c35a4/elements - {"using":"xpath","value":"//*[@id=\"__item4036-__clone9969-imgNav\"]"}
RESULT: {"using":"xpath","value":"//*[@id=\"__item4036-__clone9969-imgNav\"]"}
COMMAND: POST /session/0bd35d5034cd75fc8dc44075a41c35a4/elements - {"using":"xpath","value":"//*[@id=\"__item4036-__clone9969-imgNav\"]"}
RESULT: {"using":"xpath","value":"//*[@id=\"__item4036-__clone9969-imgNav\"]"}
COMMAND: POST /session/0bd35d5034cd75fc8dc44075a41c35a4/elements - {"using":"xpath","value":"//*[@id=\"__item4036-__clone9969-imgNav\"]"}
RESULT: {"using":"xpath","value":"//*[@id=\"__item4036-__clone9969-imgNav\"]"}
COMMAND: POST /session/0bd35d5034cd75fc8dc44075a41c35a4/elements - {"using":"xpath","value":"//*[@id=\"__item4036-__clone9969-imgNav\"]"}
RESULT: {"using":"xpath","value":"//*[@id=\"__item4036-__clone9969-imgNav\"]"}
COMMAND: POST /session/0bd35d5034cd75fc8dc44075a41c35a4/elements - {"using":"xpath","value":"//*[@id=\"__item4036-__clone9969-imgNav\"]"}
RESULT: {"using":"xpath","value":"//*[@id=\"__item4036-__clone9969-imgNav\"]"}
COMMAND: POST /session/0bd35d5034cd75fc8dc44075a41c35a4/elements - {"using":"xpath","value":"//*[@id=\"__item4036-__clone9969-imgNav\"]"}
RESULT: {"using":"xpath","value":"//*[@id=\"__item4036-__clone9969-imgNav\"]"}
COMMAND: POST /session/0bd35d5034cd75fc8dc44075a41c35a4/elements - {"using":"xpath","value":"//*[@id=\"__item4036-__clone9969-imgNav\"]"}
RESULT: {"using":"xpath","value":"//*[@id=\"__item4036-__clone9969-imgNav\"]"}
COMMAND: POST /session/0bd35d5034cd75fc8dc44075a41c35a4/elements - {"using":"xpath","value":"//*[@id=\"__item4036-__clone9969-imgNav\"]"}
RESULT: {"using":"xpath","value":"//*[@id=\"__item4036-__clone9969-imgNav\"]"}
COMMAND: POST /session/0bd35d5034cd75fc8dc44075a41c35a4/elements - {"using":"xpath","value":"//*[@id=\"__item4036-__clone9969-imgNav\"]"}
RESULT: {"using":"xpath","value":"//*[@id=\"__item4036-__clone9969-imgNav\"]"}
COMMAND: POST /session/0bd35d5034cd75fc8dc44075a41c35a4/elements - {"using":"xpath","value":"//*[@id=\"__item4036-__clone9969-imgNav\"]"}
RESULT: {"using":"xpath","value":"//*[@id=\"__item4036-__clone9969-imgNav\"]"}
COMMAND: POST /session/0bd35d5034cd75fc8dc44075a41c35a4/elements - {"using":"xpath","value":"//*[@id=\"__item4036-__clone9969-imgNav\"]"}
RESULT: {"using":"xpath","value":"//*[@id=\"__item4036-__clone9969-imgNav\"]"}
COMMAND: POST /session/0bd35d5034cd75fc8dc44075a41c35a4/elements - {"using":"xpath","value":"//*[@id=\"__item4036-__clone9969-imgNav\"]"}
RESULT: {"using":"xpath","value":"//*[@id=\"__item4036-__clone9969-imgNav\"]"}
COMMAND: POST /session/0bd35d5034cd75fc8dc44075a41c35a4/elements - {"using":"xpath","value":"//*[@id=\"__item4036-__clone9969-imgNav\"]"}
RESULT: {"using":"xpath","value":"//*[@id=\"__item4036-__clone9969-imgNav\"]"}
COMMAND: POST /session/0bd35d5034cd75fc8dc44075a41c35a4/elements - {"using":"xpath","value":"//*[@id=\"__item4036-__clone9969-imgNav\"]"}
RESULT: {"using":"xpath","value":"//*[@id=\"__item4036-__clone9969-imgNav\"]"}
COMMAND: POST /session/0bd35d5034cd75fc8dc44075a41c35a4/elements - {"using":"xpath","value":"//*[@id=\"__item4036-__clone9969-imgNav\"]"}
RESULT: {"using":"xpath","value":"//*[@id=\"__item4036-__clone9969-imgNav\"]"}
COMMAND: POST /session/0bd35d5034cd75fc8dc44075a41c35a4/elements - {"using":"xpath","value":"//*[@id=\"__item4036-__clone9969-imgNav\"]"}
RESULT: {"using":"xpath","value":"//*[@id=\"__item4036-__clone9969-imgNav\"]"}
COMMAND: POST /session/0bd35d5034cd75fc8dc44075a41c35a4/elements - {"using":"xpath","value":"//*[@id=\"__item4036-__clone9969-imgNav\"]"}
RESULT: {"using":"xpath","value":"//*[@id=\"__item4036-__clone9969-imgNav\"]"}
COMMAND: POST /session/0bd35d5034cd75fc8dc44075a41c35a4/elements - {"using":"xpath","value":"//*[@id=\"__item4036-__clone9969-imgNav\"]"}
RESULT: {"using":"xpath","value":"//*[@id=\"__item4036-__clone9969-imgNav\"]"}
COMMAND: POST /session/0bd35d5034cd75fc8dc44075a41c35a4/elements - {"using":"xpath","value":"//*[@id=\"__item4036-__clone9969-imgNav\"]"}
RESULT: {"using":"xpath","value":"//*[@id=\"__item4036-__clone9969-imgNav\"]"}
COMMAND: POST /session/0bd35d5034cd75fc8dc44075a41c35a4/elements - {"using":"xpath","value":"//*[@id=\"__item4036-__clone9969-imgNav\"]"}
RESULT: {"using":"xpath","value":"//*[@id=\"__item4036-__clone9969-imgNav\"]"}
COMMAND: POST /session/0bd35d5034cd75fc8dc44075a41c35a4/elements - {"using":"xpath","value":"//*[@id=\"__item4036-__clone9969-imgNav\"]"}
RESULT: {"using":"xpath","value":"//*[@id=\"__item4036-__clone9969-imgNav\"]"}
COMMAND: POST /session/0bd35d5034cd75fc8dc44075a41c35a4/elements - {"using":"xpath","value":"//*[@id=\"__item4036-__clone9969-imgNav\"]"}
RESULT: {"using":"xpath","value":"//*[@id=\"__item4036-__clone9969-imgNav\"]"}
COMMAND: POST /session/0bd35d5034cd75fc8dc44075a41c35a4/elements - {"using":"xpath","value":"//*[@id=\"__item4036-__clone9969-imgNav\"]"}
RESULT: {"using":"xpath","value":"//*[@id=\"__item4036-__clone9969-imgNav\"]"}
COMMAND: POST /session/0bd35d5034cd75fc8dc44075a41c35a4/elements - {"using":"xpath","value":"//*[@id=\"__item4036-__clone9969-imgNav\"]"}
RESULT: {"using":"xpath","value":"//*[@id=\"__item4036-__clone9969-imgNav\"]"}
COMMAND: POST /session/0bd35d5034cd75fc8dc44075a41c35a4/elements - {"using":"xpath","value":"//*[@id=\"__item4036-__clone9969-imgNav\"]"}
RESULT: {"using":"xpath","value":"//*[@id=\"__item4036-__clone9969-imgNav\"]"}
COMMAND: POST /session/0bd35d5034cd75fc8dc44075a41c35a4/elements - {"using":"xpath","value":"//*[@id=\"__item4036-__clone9969-imgNav\"]"}
RESULT: {"using":"xpath","value":"//*[@id=\"__item4036-__clone9969-imgNav\"]"}
COMMAND: POST /session/0bd35d5034cd75fc8dc44075a41c35a4/elements - {"using":"xpath","value":"//*[@id=\"__item4036-__clone9969-imgNav\"]"}
RESULT: {"using":"xpath","value":"//*[@id=\"__item4036-__clone9969-imgNav\"]"}
COMMAND: POST /session/0bd35d5034cd75fc8dc44075a41c35a4/elements - {"using":"xpath","value":"//*[@id=\"__item4036-__clone9969-imgNav\"]"}
RESULT: {"using":"xpath","value":"//*[@id=\"__item4036-__clone9969-imgNav\"]"}
COMMAND: POST /session/0bd35d5034cd75fc8dc44075a41c35a4/elements - {"using":"xpath","value":"//*[@id=\"__item4036-__clone9969-imgNav\"]"}
RESULT: {"using":"xpath","value":"//*[@id=\"__item4036-__clone9969-imgNav\"]"}
COMMAND: POST /session/0bd35d5034cd75fc8dc44075a41c35a4/elements - {"using":"xpath","value":"//*[@id=\"__item4036-__clone9969-imgNav\"]"}
RESULT: {"using":"xpath","value":"//*[@id=\"__item4036-__clone9969-imgNav\"]"}
COMMAND: POST /session/0bd35d5034cd75fc8dc44075a41c35a4/elements - {"using":"xpath","value":"//*[@id=\"__item4036-__clone9969-imgNav\"]"}
RESULT: {"using":"xpath","value":"//*[@id=\"__item4036-__clone9969-imgNav\"]"}
COMMAND: POST /session/0bd35d5034cd75fc8dc44075a41c35a4/elements - {"using":"xpath","value":"//*[@id=\"__item4036-__clone9969-imgNav\"]"}
RESULT: {"using":"xpath","value":"//*[@id=\"__item4036-__clone9969-imgNav\"]"}
COMMAND: POST /session/0bd35d5034cd75fc8dc44075a41c35a4/elements - {"using":"xpath","value":"//*[@id=\"__item4036-__clone9969-imgNav\"]"}
RESULT: {"using":"xpath","value":"//*[@id=\"__item4036-__clone9969-imgNav\"]"}
COMMAND: POST /session/0bd35d5034cd75fc8dc44075a41c35a4/elements - {"using":"xpath","value":"//*[@id=\"__item4036-__clone9969-imgNav\"]"}
RESULT: {"using":"xpath","value":"//*[@id=\"__item4036-__clone9969-imgNav\"]"}
COMMAND: POST /session/0bd35d5034cd75fc8dc44075a41c35a4/elements - {"using":"xpath","value":"//*[@id=\"__item4036-__clone9969-imgNav\"]"}
RESULT: {"using":"xpath","value":"//*[@id=\"__item4036-__clone9969-imgNav\"]"}
COMMAND: POST /session/0bd35d5034cd75fc8dc44075a41c35a4/elements - {"using":"xpath","value":"//*[@id=\"__item4036-__clone9969-imgNav\"]"}
RESULT: {"using":"xpath","value":"//*[@id=\"__item4036-__clone9969-imgNav\"]"}
COMMAND: POST /session/0bd35d5034cd75fc8dc44075a41c35a4/elements - {"using":"xpath","value":"//*[@id=\"__item4036-__clone9969-imgNav\"]"}
RESULT: {"using":"xpath","value":"//*[@id=\"__item4036-__clone9969-imgNav\"]"}
COMMAND: POST /session/0bd35d5034cd75fc8dc44075a41c35a4/elements - {"using":"xpath","value":"//*[@id=\"__item4036-__clone9969-imgNav\"]"}
RESULT: {"using":"xpath","value":"//*[@id=\"__item4036-__clone9969-imgNav\"]"}
COMMAND: POST /session/0bd35d5034cd75fc8dc44075a41c35a4/elements - {"using":"xpath","value":"//*[@id=\"__item4036-__clone9969-imgNav\"]"}
RESULT: {"using":"xpath","value":"//*[@id=\"__item4036-__clone9969-imgNav\"]"}
COMMAND: POST /session/0bd35d5034cd75fc8dc44075a41c35a4/elements - {"using":"xpath","value":"//*[@id=\"__item4036-__clone9969-imgNav\"]"}
RESULT: {"using":"xpath","value":"//*[@id=\"__item4036-__clone9969-imgNav\"]"}
COMMAND: POST /session/0bd35d5034cd75fc8dc44075a41c35a4/elements - {"using":"xpath","value":"//*[@id=\"__item4036-__clone9969-imgNav\"]"}
RESULT: {"using":"xpath","value":"//*[@id=\"__item4036-__clone9969-imgNav\"]"}
COMMAND: POST /session/0bd35d5034cd75fc8dc44075a41c35a4/elements - {"using":"xpath","value":"//*[@id=\"__item4036-__clone9969-imgNav\"]"}
RESULT: {"using":"xpath","value":"//*[@id=\"__item4036-__clone9969-imgNav\"]"}
COMMAND: POST /session/0bd35d5034cd75fc8dc44075a41c35a4/elements - {"using":"xpath","value":"//*[@id=\"__item4036-__clone9969-imgNav\"]"}
RESULT: {"using":"xpath","value":"//*[@id=\"__item4036-__clone9969-imgNav\"]"}
COMMAND: POST /session/0bd35d5034cd75fc8dc44075a41c35a4/elements - {"using":"xpath","value":"//*[@id=\"__item4036-__clone9969-imgNav\"]"}
RESULT: {"using":"xpath","value":"//*[@id=\"__item4036-__clone9969-imgNav\"]"}
COMMAND: POST /session/0bd35d5034cd75fc8dc44075a41c35a4/elements - {"using":"xpath","value":"//*[@id=\"__item4036-__clone9969-imgNav\"]"}
RESULT: {"using":"xpath","value":"//*[@id=\"__item4036-__clone9969-imgNav\"]"}
COMMAND: POST /session/0bd35d5034cd75fc8dc44075a41c35a4/elements - {"using":"xpath","value":"//*[@id=\"__item4036-__clone9969-imgNav\"]"}
RESULT: {"using":"xpath","value":"//*[@id=\"__item4036-__clone9969-imgNav\"]"}
COMMAND: POST /session/0bd35d5034cd75fc8dc44075a41c35a4/elements - {"using":"xpath","value":"//*[@id=\"__item4036-__clone9969-imgNav\"]"}
RESULT: {"using":"xpath","value":"//*[@id=\"__item4036-__clone9969-imgNav\"]"}
COMMAND: POST /session/0bd35d5034cd75fc8dc44075a41c35a4/elements - {"using":"xpath","value":"//*[@id=\"__item4036-__clone9969-imgNav\"]"}
RESULT: {"using":"xpath","value":"//*[@id=\"__item4036-__clone9969-imgNav\"]"}
COMMAND: POST /session/0bd35d5034cd75fc8dc44075a41c35a4/elements - {"using":"xpath","value":"//*[@id=\"__item4036-__clone9969-imgNav\"]"}
RESULT: {"using":"xpath","value":"//*[@id=\"__item4036-__clone9969-imgNav\"]"}
COMMAND: POST /session/0bd35d5034cd75fc8dc44075a41c35a4/elements - {"using":"xpath","value":"//*[@id=\"__item4036-__clone9969-imgNav\"]"}
RESULT: {"using":"xpath","value":"//*[@id=\"__item4036-__clone9969-imgNav\"]"}
COMMAND: POST /session/0bd35d5034cd75fc8dc44075a41c35a4/elements - {"using":"xpath","value":"//*[@id=\"__item4036-__clone9969-imgNav\"]"}
RESULT: {"using":"xpath","value":"//*[@id=\"__item4036-__clone9969-imgNav\"]"}
COMMAND: POST /session/0bd35d5034cd75fc8dc44075a41c35a4/elements - {"using":"xpath","value":"//*[@id=\"__item4036-__clone9969-imgNav\"]"}
RESULT: {"using":"xpath","value":"//*[@id=\"__item4036-__clone9969-imgNav\"]"}
COMMAND: POST /session/0bd35d5034cd75fc8dc44075a41c35a4/elements - {"using":"xpath","value":"//*[@id=\"__item4036-__clone9969-imgNav\"]"}
RESULT: {"using":"xpath","value":"//*[@id=\"__item4036-__clone9969-imgNav\"]"}
COMMAND: POST /session/0bd35d5034cd75fc8dc44075a41c35a4/elements - {"using":"xpath","value":"//*[@id=\"__item4036-__clone9969-imgNav\"]"}
RESULT: {"using":"xpath","value":"//*[@id=\"__item4036-__clone9969-imgNav\"]"}
COMMAND: POST /session/0bd35d5034cd75fc8dc44075a41c35a4/elements - {"using":"xpath","value":"//*[@id=\"__item4036-__clone9969-imgNav\"]"}
RESULT: {"using":"xpath","value":"//*[@id=\"__item4036-__clone9969-imgNav\"]"}
COMMAND: POST /session/0bd35d5034cd75fc8dc44075a41c35a4/elements - {"using":"xpath","value":"//*[@id=\"__item4036-__clone9969-imgNav\"]"}
RESULT: {"using":"xpath","value":"//*[@id=\"__item4036-__clone9969-imgNav\"]"}
COMMAND: POST /session/0bd35d5034cd75fc8dc44075a41c35a4/elements - {"using":"xpath","value":"//*[@id=\"__item4036-__clone9969-imgNav\"]"}
RESULT: {"using":"xpath","value":"//*[@id=\"__item4036-__clone9969-imgNav\"]"}
COMMAND: POST /session/0bd35d5034cd75fc8dc44075a41c35a4/elements - {"using":"xpath","value":"//*[@id=\"__item4036-__clone9969-imgNav\"]"}
RESULT: {"using":"xpath","value":"//*[@id=\"__item4036-__clone9969-imgNav\"]"}
COMMAND: POST /session/0bd35d5034cd75fc8dc44075a41c35a4/elements - {"using":"xpath","value":"//*[@id=\"__item4036-__clone9969-imgNav\"]"}
RESULT: {"using":"xpath","value":"//*[@id=\"__item4036-__clone9969-imgNav\"]"}
COMMAND: POST /session/0bd35d5034cd75fc8dc44075a41c35a4/elements - {"using":"xpath","value":"//*[@id=\"__item4036-__clone9969-imgNav\"]"}
RESULT: {"using":"xpath","value":"//*[@id=\"__item4036-__clone9969-imgNav\"]"}
COMMAND: POST /session/0bd35d5034cd75fc8dc44075a41c35a4/elements - {"using":"xpath","value":"//*[@id=\"__item4036-__clone9969-imgNav\"]"}
RESULT: {"using":"xpath","value":"//*[@id=\"__item4036-__clone9969-imgNav\"]"}
COMMAND: POST /session/0bd35d5034cd75fc8dc44075a41c35a4/elements - {"using":"xpath","value":"//*[@id=\"__item4036-__clone9969-imgNav\"]"}
RESULT: {"using":"xpath","value":"//*[@id=\"__item4036-__clone9969-imgNav\"]"}
COMMAND: POST /session/0bd35d5034cd75fc8dc44075a41c35a4/elements - {"using":"xpath","value":"//*[@id=\"__item4036-__clone9969-imgNav\"]"}
RESULT: {"using":"xpath","value":"//*[@id=\"__item4036-__clone9969-imgNav\"]"}
COMMAND: POST /session/0bd35d5034cd75fc8dc44075a41c35a4/elements - {"using":"xpath","value":"//*[@id=\"__item4036-__clone9969-imgNav\"]"}
RESULT: {"using":"xpath","value":"//*[@id=\"__item4036-__clone9969-imgNav\"]"}
COMMAND: POST /session/0bd35d5034cd75fc8dc44075a41c35a4/elements - {"using":"xpath","value":"//*[@id=\"__item4036-__clone9969-imgNav\"]"}
RESULT: {"using":"xpath","value":"//*[@id=\"__item4036-__clone9969-imgNav\"]"}
COMMAND: POST /session/0bd35d5034cd75fc8dc44075a41c35a4/elements - {"using":"xpath","value":"//*[@id=\"__item4036-__clone9969-imgNav\"]"}
RESULT: {"using":"xpath","value":"//*[@id=\"__item4036-__clone9969-imgNav\"]"}
COMMAND: POST /session/0bd35d5034cd75fc8dc44075a41c35a4/elements - {"using":"xpath","value":"//*[@id=\"__item4036-__clone9969-imgNav\"]"}
RESULT: {"using":"xpath","value":"//*[@id=\"__item4036-__clone9969-imgNav\"]"}
COMMAND: POST /session/0bd35d5034cd75fc8dc44075a41c35a4/elements - {"using":"xpath","value":"//*[@id=\"__item4036-__clone9969-imgNav\"]"}
RESULT: {"using":"xpath","value":"//*[@id=\"__item4036-__clone9969-imgNav\"]"}
COMMAND: POST /session/0bd35d5034cd75fc8dc44075a41c35a4/elements - {"using":"xpath","value":"//*[@id=\"__item4036-__clone9969-imgNav\"]"}
RESULT: {"using":"xpath","value":"//*[@id=\"__item4036-__clone9969-imgNav\"]"}
COMMAND: POST /session/0bd35d5034cd75fc8dc44075a41c35a4/elements - {"using":"xpath","value":"//*[@id=\"__item4036-__clone9969-imgNav\"]"}
RESULT: {"using":"xpath","value":"//*[@id=\"__item4036-__clone9969-imgNav\"]"}
COMMAND: POST /session/0bd35d5034cd75fc8dc44075a41c35a4/elements - {"using":"xpath","value":"//*[@id=\"__item4036-__clone9969-imgNav\"]"}
RESULT: {"using":"xpath","value":"//*[@id=\"__item4036-__clone9969-imgNav\"]"}
COMMAND: POST /session/0bd35d5034cd75fc8dc44075a41c35a4/elements - {"using":"xpath","value":"//*[@id=\"__item4036-__clone9969-imgNav\"]"}
RESULT: {"using":"xpath","value":"//*[@id=\"__item4036-__clone9969-imgNav\"]"}
COMMAND: POST /session/0bd35d5034cd75fc8dc44075a41c35a4/elements - {"using":"xpath","value":"//*[@id=\"__item4036-__clone9969-imgNav\"]"}
RESULT: {"using":"xpath","value":"//*[@id=\"__item4036-__clone9969-imgNav\"]"}
COMMAND: POST /session/0bd35d5034cd75fc8dc44075a41c35a4/elements - {"using":"xpath","value":"//*[@id=\"__item4036-__clone9969-imgNav\"]"}
RESULT: {"using":"xpath","value":"//*[@id=\"__item4036-__clone9969-imgNav\"]"}
COMMAND: POST /session/0bd35d5034cd75fc8dc44075a41c35a4/elements - {"using":"xpath","value":"//*[@id=\"__item4036-__clone9969-imgNav\"]"}
RESULT: {"using":"xpath","value":"//*[@id=\"__item4036-__clone9969-imgNav\"]"}
COMMAND: POST /session/0bd35d5034cd75fc8dc44075a41c35a4/elements - {"using":"xpath","value":"//*[@id=\"__item4036-__clone9969-imgNav\"]"}
RESULT: {"using":"xpath","value":"//*[@id=\"__item4036-__clone9969-imgNav\"]"}
COMMAND: POST /session/0bd35d5034cd75fc8dc44075a41c35a4/elements - {"using":"xpath","value":"//*[@id=\"__item4036-__clone9969-imgNav\"]"}
RESULT: {"using":"xpath","value":"//*[@id=\"__item4036-__clone9969-imgNav\"]"}
COMMAND: POST /session/0bd35d5034cd75fc8dc44075a41c35a4/elements - {"using":"xpath","value":"//*[@id=\"__item4036-__clone9969-imgNav\"]"}
RESULT: {"using":"xpath","value":"//*[@id=\"__item4036-__clone9969-imgNav\"]"}
COMMAND: POST /session/0bd35d5034cd75fc8dc44075a41c35a4/elements - {"using":"xpath","value":"//*[@id=\"__item4036-__clone9969-imgNav\"]"}
RESULT: {"using":"xpath","value":"//*[@id=\"__item4036-__clone9969-imgNav\"]"}
COMMAND: POST /session/0bd35d5034cd75fc8dc44075a41c35a4/execute/async - {"script":"<script> [1562 bytes]","args":[{"selector":{"id":"instructionsTabFilter","viewName":"etm.portal.ui.managehandovers.view.DetailExecuteHO","interaction":{"idSuffix":"text"}},"wdio_ui5_key":"instructionsTabFilteretmportal.ui.managehandovers.view.DetailExecuteHO"}]}
RESULT: {"script":"<script> [1562 bytes]","args":[{"selector":{"id":"instructionsTabFilter","viewName":"etm.portal.ui.managehandovers.view.DetailExecuteHO","interaction":{"idSuffix":"text"}},"wdio_ui5_key":"instructionsTabFilteretmportal.ui.managehandovers.view.DetailExecuteHO"}]}
RESULT: undefined
RESULT: undefined
COMMAND: POST /session/0bd35d5034cd75fc8dc44075a41c35a4/execute/async - {"script":"<script> [1562 bytes]","args":[{"selector":{"controlType":"sap.m.ComboBox","viewName":"etm.portal.ui.managehandovers.view.DetailExecuteHO","bindingPath":{"propertyPath":"RECEIVING_SECTION","modelName":"catalogModel"},"interaction":{"idSuffix":"inner"}},"wdio_ui5_key":"etmportal.ui.managehandovers.view.DetailExecuteHOsap.m.ComboBox{\"propertyPath\":\"RECEIVING_SECTION\",\"modelName\":\"catalogModel\"}"}]}
RESULT: {"script":"<script> [1562 bytes]","args":[{"selector":{"controlType":"sap.m.ComboBox","viewName":"etm.portal.ui.managehandovers.view.DetailExecuteHO","bindingPath":{"propertyPath":"RECEIVING_SECTION","modelName":"catalogModel"},"interaction":{"idSuffix":"inner"}},"wdio_ui5_key":"etmportal.ui.managehandovers.view.DetailExecuteHOsap.m.ComboBox{\"propertyPath\":\"RECEIVING_SECTION\",\"modelName\":\"catalogModel\"}"}]}
RESULT: undefined
COMMAND: POST /session/0bd35d5034cd75fc8dc44075a41c35a4/actions - {"actions":[{"id":"action76","type":"key","parameters":{},"actions":[{"type":"keyDown","value":"î€‡"},{"type":"pause","duration":10},{"type":"keyUp","value":"î€‡"}]}]}
RESULT: {"actions":[{"id":"action76","type":"key","parameters":{},"actions":[{"type":"keyDown","value":"î€‡"},{"type":"pause","duration":10},{"type":"keyUp","value":"î€‡"}]}]}
COMMAND: GET /session/0bd35d5034cd75fc8dc44075a41c35a4/screenshot - {}
RESULT: {}
COMMAND: POST /session/0bd35d5034cd75fc8dc44075a41c35a4/execute/async - {"script":"<script> [1562 bytes]","args":[{"selector":{"id":"confirmationButton","viewName":"etm.portal.ui.managehandovers.view.DetailExecuteHO","properties":{"text":"Receive"},"interaction":{"idSuffix":"BDI-content"}},"wdio_ui5_key":"confirmationButtonetmportal.ui.managehandovers.view.DetailExecuteHO{\"text\":\"Receive\"}"}]}
RESULT: {"script":"<script> [1562 bytes]","args":[{"selector":{"id":"confirmationButton","viewName":"etm.portal.ui.managehandovers.view.DetailExecuteHO","properties":{"text":"Receive"},"interaction":{"idSuffix":"BDI-content"}},"wdio_ui5_key":"confirmationButtonetmportal.ui.managehandovers.view.DetailExecuteHO{\"text\":\"Receive\"}"}]}
RESULT: undefined
COMMAND: POST /session/0bd35d5034cd75fc8dc44075a41c35a4/execute/async - {"script":"<script> [1562 bytes]","args":[{"selector":{"controlType":"sap.m.Button","properties":{"text":"Continue"},"searchOpenDialogs":true,"interaction":{"idSuffix":"content"}},"wdio_ui5_key":"sapm.Button{\"text\":\"Continue\"}"}]}
RESULT: {"script":"<script> [1562 bytes]","args":[{"selector":{"controlType":"sap.m.Button","properties":{"text":"Continue"},"searchOpenDialogs":true,"interaction":{"idSuffix":"content"}},"wdio_ui5_key":"sapm.Button{\"text\":\"Continue\"}"}]}
RESULT: undefined
COMMAND: POST /session/0bd35d5034cd75fc8dc44075a41c35a4/element - {"using":"css selector","value":"#j_username"}
COMMAND: POST /session/0bd35d5034cd75fc8dc44075a41c35a4/url - {"url":"https://qa-testing-00-live-etm-ui.cfapps.eu10-004.hana.ondemand.com/"}
RESULT: {"using":"css selector","value":"#j_username"}
COMMAND: POST /session/0bd35d5034cd75fc8dc44075a41c35a4/element - {"using":"css selector","value":"#j_username"}
RESULT: {"url":"https://qa-testing-00-live-etm-ui.cfapps.eu10-004.hana.ondemand.com/"}
RESULT: undefined
COMMAND: GET /session/0bd35d5034cd75fc8dc44075a41c35a4/screenshot - {}
RESULT: {"using":"css selector","value":"#j_username"}
COMMAND: POST /session/0bd35d5034cd75fc8dc44075a41c35a4/element - {"using":"css selector","value":"#shell-header-logo"}
RESULT: {}
RESULT: {"using":"css selector","value":"#shell-header-logo"}
COMMAND: POST /session/0bd35d5034cd75fc8dc44075a41c35a4/execute/sync - {"script":"<script> [8489 bytes]","args":[{"element-6066-11e4-a52e-4f735466cecf":"f.1DB2A491F1B7C642484AEDF47EA6FD52.d.A6A7B829042F8A04185DD2BAB7419048.e.14721","ELEMENT":"f.1DB2A491F1B7C642484AEDF47EA6FD52.d.A6A7B829042F8A04185DD2BAB7419048.e.14721"}]}
RESULT: {"script":"<script> [8489 bytes]","args":[{"element-6066-11e4-a52e-4f735466cecf":"f.1DB2A491F1B7C642484AEDF47EA6FD52.d.A6A7B829042F8A04185DD2BAB7419048.e.14721","ELEMENT":"f.1DB2A491F1B7C642484AEDF47EA6FD52.d.A6A7B829042F8A04185DD2BAB7419048.e.14721"}]}
COMMAND: POST /session/0bd35d5034cd75fc8dc44075a41c35a4/element - {"using":"css selector","value":"#shell-header-logo"}
COMMAND: GET /session/0bd35d5034cd75fc8dc44075a41c35a4/screenshot - {}
RESULT: {"using":"css selector","value":"#shell-header-logo"}
COMMAND: POST /session/0bd35d5034cd75fc8dc44075a41c35a4/execute/sync - {"script":"<script> [8489 bytes]","args":[{"element-6066-11e4-a52e-4f735466cecf":"f.1DB2A491F1B7C642484AEDF47EA6FD52.d.A6A7B829042F8A04185DD2BAB7419048.e.14721","ELEMENT":"f.1DB2A491F1B7C642484AEDF47EA6FD52.d.A6A7B829042F8A04185DD2BAB7419048.e.14721"}]}
RESULT: {}
RESULT: {"script":"<script> [8489 bytes]","args":[{"element-6066-11e4-a52e-4f735466cecf":"f.1DB2A491F1B7C642484AEDF47EA6FD52.d.A6A7B829042F8A04185DD2BAB7419048.e.14721","ELEMENT":"f.1DB2A491F1B7C642484AEDF47EA6FD52.d.A6A7B829042F8A04185DD2BAB7419048.e.14721"}]}
COMMAND: POST /session/0bd35d5034cd75fc8dc44075a41c35a4/execute/sync - {"script":"<script> [5351 bytes]","args":[{"element-6066-11e4-a52e-4f735466cecf":"f.1DB2A491F1B7C642484AEDF47EA6FD52.d.A6A7B829042F8A04185DD2BAB7419048.e.14721","ELEMENT":"f.1DB2A491F1B7C642484AEDF47EA6FD52.d.A6A7B829042F8A04185DD2BAB7419048.e.14721"}]}
COMMAND: GET /session/0bd35d5034cd75fc8dc44075a41c35a4/screenshot - {}
RESULT: {"script":"<script> [5351 bytes]","args":[{"element-6066-11e4-a52e-4f735466cecf":"f.1DB2A491F1B7C642484AEDF47EA6FD52.d.A6A7B829042F8A04185DD2BAB7419048.e.14721","ELEMENT":"f.1DB2A491F1B7C642484AEDF47EA6FD52.d.A6A7B829042F8A04185DD2BAB7419048.e.14721"}]}
COMMAND: POST /session/0bd35d5034cd75fc8dc44075a41c35a4/element - {"using":"css selector","value":"#shell-header-logo"}
COMMAND: GET /session/0bd35d5034cd75fc8dc44075a41c35a4/screenshot - {}
RESULT: {}
RESULT: {"using":"css selector","value":"#shell-header-logo"}
COMMAND: POST /session/0bd35d5034cd75fc8dc44075a41c35a4/element/f.1DB2A491F1B7C642484AEDF47EA6FD52.d.A6A7B829042F8A04185DD2BAB7419048.e.14721/click - {}
RESULT: {}
RESULT: {}
COMMAND: GET /session/0bd35d5034cd75fc8dc44075a41c35a4/screenshot - {}
RESULT: {}
COMMAND: POST /session/0bd35d5034cd75fc8dc44075a41c35a4/execute/async - {"script":"<script> [189 bytes]","args":[]}
RESULT: {"script":"<script> [189 bytes]","args":[]}
COMMAND: POST /session/0bd35d5034cd75fc8dc44075a41c35a4/execute/async - {"script":"<script> [123 bytes]","args":[]}
RESULT: {"script":"<script> [123 bytes]","args":[]}
COMMAND: POST /session/0bd35d5034cd75fc8dc44075a41c35a4/timeouts - {"script":"<number>"}
RESULT: {"script":"<number>"}
COMMAND: GET /session/0bd35d5034cd75fc8dc44075a41c35a4/timeouts - {}
RESULT: {}
RESULT: undefined
COMMAND: POST /session/0bd35d5034cd75fc8dc44075a41c35a4/execute/async - {"script":"<script> [2676 bytes]","args":[]}
RESULT: {"script":"<script> [2676 bytes]","args":[]}
COMMAND: POST /session/0bd35d5034cd75fc8dc44075a41c35a4/execute/async - {"script":"<script> [2342 bytes]","args":[{"protocol":"http","hostname":"0.0.0.0","path":"/","capabilities":{"browserName":"chrome","goog:chromeOptions":{"binary":"C:\\Program Files\\Google\\Chrome\\Application\\chrome.exe","args":["--start-maximized"]}},"logLevel":"warn","connectionRetryTimeout":120000,"connectionRetryCount":3,"logLevels":{},"enableDirectConnect":true,"strictSSL":true,"_":"65 more keys: [\"cacheDir\",\"port\",\"requestedCapabilities\",\"automationProtocol\",\"baseUrl\",\"waitforInterval\",\"waitforTimeout\",\"onReload\",\"beforeCommand\",\"afterCommand\",\"rootDir\",\"specs\",\"suites\",\"exclude\",\"groupLogsByTestSpec\",\"excludeDriverLogs\",\"bail\",\"framework\",\"reporters\",\"services\",\"maxInstances\",\"maxInstancesPerCapability\",\"injectGlobals\",\"filesToWatch\",\"execArgv\",\"runnerEnv\",\"runner\",\"shard\",\"specFileRetries\",\"specFileRetriesDelay\",\"specFileRetriesDeferred\",\"reporterSyncInterval\",\"reporterSyncTimeout\",\"cucumberFeaturesWithLineNumbers\",\"autoCompileOpts\",\"mochaOpts\",\"jasmineOpts\",\"cucumberOpts\",\"onPrepare\",\"onWorkerStart\",\"onWorkerEnd\",\"before\",\"beforeSession\",\"beforeSuite\",\"beforeHook\",\"beforeTest\",\"afterTest\",\"afterHook\",\"afterSuite\",\"afterSession\",\"after\",\"onComplete\",\"beforeAssertion\",\"afterAssertion\",\"beforeFeature\",\"beforeScenario\",\"beforeStep\",\"afterStep\",\"afterScenario\",\"afterFeature\",\"_\",\"suite\",\"$0\",\"ignoredWorkerServices\",\"wdi5\"]"}]}
RESULT: {"script":"<script> [2342 bytes]","args":[{"protocol":"http","hostname":"0.0.0.0","path":"/","capabilities":{"browserName":"chrome","goog:chromeOptions":{"binary":"C:\\Program Files\\Google\\Chrome\\Application\\chrome.exe","args":["--start-maximized"]}},"logLevel":"warn","connectionRetryTimeout":120000,"connectionRetryCount":3,"logLevels":{},"enableDirectConnect":true,"strictSSL":true,"_":"65 more keys: [\"cacheDir\",\"port\",\"requestedCapabilities\",\"automationProtocol\",\"baseUrl\",\"waitforInterval\",\"waitforTimeout\",\"onReload\",\"beforeCommand\",\"afterCommand\",\"rootDir\",\"specs\",\"suites\",\"exclude\",\"groupLogsByTestSpec\",\"excludeDriverLogs\",\"bail\",\"framework\",\"reporters\",\"services\",\"maxInstances\",\"maxInstancesPerCapability\",\"injectGlobals\",\"filesToWatch\",\"execArgv\",\"runnerEnv\",\"runner\",\"shard\",\"specFileRetries\",\"specFileRetriesDelay\",\"specFileRetriesDeferred\",\"reporterSyncInterval\",\"reporterSyncTimeout\",\"cucumberFeaturesWithLineNumbers\",\"autoCompileOpts\",\"mochaOpts\",\"jasmineOpts\",\"cucumberOpts\",\"onPrepare\",\"onWorkerStart\",\"onWorkerEnd\",\"before\",\"beforeSession\",\"beforeSuite\",\"beforeHook\",\"beforeTest\",\"afterTest\",\"afterHook\",\"afterSuite\",\"afterSession\",\"after\",\"onComplete\",\"beforeAssertion\",\"afterAssertion\",\"beforeFeature\",\"beforeScenario\",\"beforeStep\",\"afterStep\",\"afterScenario\",\"afterFeature\",\"_\",\"suite\",\"$0\",\"ignoredWorkerServices\",\"wdi5\"]"}]}
COMMAND: POST /session/0bd35d5034cd75fc8dc44075a41c35a4/execute/async - {"script":"<script> [21126 bytes]","args":[35000]}
RESULT: {"script":"<script> [21126 bytes]","args":[35000]}
COMMAND: POST /session/0bd35d5034cd75fc8dc44075a41c35a4/window/maximize - {}
RESULT: {}
COMMAND: POST /session/0bd35d5034cd75fc8dc44075a41c35a4/execute/async - {"script":"<script> [1562 bytes]","args":[{"selector":{"id":"shell-header","interaction":{"idSuffix":"icon"}},"wdio_ui5_key":"shellheader"}]}
COMMAND: GET /session/0bd35d5034cd75fc8dc44075a41c35a4/screenshot - {}
RESULT: {"script":"<script> [1562 bytes]","args":[{"selector":{"id":"shell-header","interaction":{"idSuffix":"icon"}},"wdio_ui5_key":"shellheader"}]}
RESULT: undefined
]]></system-out>
    </testcase>
  </testsuite>
  <testsuite timestamp="2025-05-06T08:42:46" time="453.202" tests="6" failures="6" errors="6" skipped="0">
    <properties>
      <property name="specId" value="0" />
      <property name="suiteName" value="Return from Site w/ warehouse management w/ clarification US125588" />
      <property name="capabilities" value="chrome.135_0_7049_96.windows" />
      <property name="file" value="file:///D:/a/1/s/test/specs/HTR/return-from-site-w-warehouse-management-w-clarification.spec.js" />
    </properties>
  </testsuite>
  <testsuite timestamp="2025-05-06T08:50:19" time="410.187" tests="7" failures="7" errors="7" skipped="0">
    <properties>
      <property name="specId" value="0" />
      <property name="suiteName" value="Provide to Site w/ warehouse management w clarification" />
      <property name="capabilities" value="chrome.135_0_7049_96.windows" />
      <property name="file" value="file:///D:/a/1/s/test/specs/HTR/return-from-site-w-warehouse-management-w-clarification.spec.js" />
    </properties>
  </testsuite>
  <testsuite timestamp="2025-05-06T08:57:10" time="501.182" tests="9" failures="7" errors="7" skipped="0">
    <properties>
      <property name="specId" value="0" />
      <property name="suiteName" value="Create masterdata for Yard Overview - trigger provide US130988" />
      <property name="capabilities" value="chrome.135_0_7049_96.windows" />
      <property name="file" value="file:///D:/a/1/s/test/specs/HTR/stock-decrease.spec.js" />
    </properties>
    <testcase classname="chrome.135_0_7049_96.windows.Create_masterdata_for_Yard_Overview_-_trigger_provide_US130988" name="create a whm for yard" time="47.059">
      <system-out><![CDATA[
COMMAND: GET /session/0bd35d5034cd75fc8dc44075a41c35a4/screenshot - {}
COMMAND: POST /session/0bd35d5034cd75fc8dc44075a41c35a4/element - {"using":"css selector","value":"#shell-header-icon"}
RESULT: {"using":"css selector","value":"#shell-header-icon"}
COMMAND: POST /session/0bd35d5034cd75fc8dc44075a41c35a4/execute/sync - {"script":"<script> [8489 bytes]","args":[{"element-6066-11e4-a52e-4f735466cecf":"f.1DB2A491F1B7C642484AEDF47EA6FD52.d.5757A95438B0F4FC166E25E4F66878D6.e.15399","ELEMENT":"f.1DB2A491F1B7C642484AEDF47EA6FD52.d.5757A95438B0F4FC166E25E4F66878D6.e.15399"}]}
RESULT: {}
RESULT: {"script":"<script> [8489 bytes]","args":[{"element-6066-11e4-a52e-4f735466cecf":"f.1DB2A491F1B7C642484AEDF47EA6FD52.d.5757A95438B0F4FC166E25E4F66878D6.e.15399","ELEMENT":"f.1DB2A491F1B7C642484AEDF47EA6FD52.d.5757A95438B0F4FC166E25E4F66878D6.e.15399"}]}
COMMAND: GET /session/0bd35d5034cd75fc8dc44075a41c35a4/element/f.1DB2A491F1B7C642484AEDF47EA6FD52.d.5757A95438B0F4FC166E25E4F66878D6.e.15399/enabled - {}
COMMAND: GET /session/0bd35d5034cd75fc8dc44075a41c35a4/screenshot - {}
RESULT: {}
COMMAND: POST /session/0bd35d5034cd75fc8dc44075a41c35a4/element/f.1DB2A491F1B7C642484AEDF47EA6FD52.d.5757A95438B0F4FC166E25E4F66878D6.e.15399/click - {}
COMMAND: GET /session/0bd35d5034cd75fc8dc44075a41c35a4/screenshot - {}
RESULT: {}
RESULT: {}
COMMAND: GET /session/0bd35d5034cd75fc8dc44075a41c35a4/screenshot - {}
RESULT: {}
RESULT: {}
COMMAND: POST /session/0bd35d5034cd75fc8dc44075a41c35a4/element - {"using":"xpath","value":"//div[text()='Warehouse']"}
RESULT: {"using":"xpath","value":"//div[text()='Warehouse']"}
COMMAND: POST /session/0bd35d5034cd75fc8dc44075a41c35a4/elements - {"using":"xpath","value":"//div[text()='Warehouse']"}
RESULT: {"using":"xpath","value":"//div[text()='Warehouse']"}
COMMAND: POST /session/0bd35d5034cd75fc8dc44075a41c35a4/element/f.1DB2A491F1B7C642484AEDF47EA6FD52.d.5757A95438B0F4FC166E25E4F66878D6.e.15897/click - {}
RESULT: {}
COMMAND: POST /session/0bd35d5034cd75fc8dc44075a41c35a4/element - {"using":"xpath","value":"//span[text()='Manage Warehouse Movements']"}
COMMAND: GET /session/0bd35d5034cd75fc8dc44075a41c35a4/screenshot - {}
RESULT: {"using":"xpath","value":"//span[text()='Manage Warehouse Movements']"}
COMMAND: POST /session/0bd35d5034cd75fc8dc44075a41c35a4/elements - {"using":"xpath","value":"//span[text()='Manage Warehouse Movements']"}
RESULT: {}
RESULT: {"using":"xpath","value":"//span[text()='Manage Warehouse Movements']"}
COMMAND: POST /session/0bd35d5034cd75fc8dc44075a41c35a4/element - {"using":"xpath","value":"//input[@id='application-warehousemovements-display-component---warehouseMovements--smartFilterBar-filterItemControl_BASIC-YARD-inner']"}
RESULT: {"using":"xpath","value":"//input[@id='application-warehousemovements-display-component---warehouseMovements--smartFilterBar-filterItemControl_BASIC-YARD-inner']"}
COMMAND: POST /session/0bd35d5034cd75fc8dc44075a41c35a4/element - {"using":"xpath","value":"//input[@id='application-warehousemovements-display-component---warehouseMovements--smartFilterBar-filterItemControl_BASIC-YARD-inner']"}
RESULT: {"using":"xpath","value":"//input[@id='application-warehousemovements-display-component---warehouseMovements--smartFilterBar-filterItemControl_BASIC-YARD-inner']"}
COMMAND: POST /session/0bd35d5034cd75fc8dc44075a41c35a4/actions - {"actions":[{"id":"action79","type":"key","parameters":{},"actions":[{"type":"keyDown","value":"î€‡"},{"type":"pause","duration":10},{"type":"keyUp","value":"î€‡"}]}]}
RESULT: {"actions":[{"id":"action79","type":"key","parameters":{},"actions":[{"type":"keyDown","value":"î€‡"},{"type":"pause","duration":10},{"type":"keyUp","value":"î€‡"}]}]}
COMMAND: POST /session/0bd35d5034cd75fc8dc44075a41c35a4/element - {"using":"xpath","value":"(//*[@title=\"Add New Movement\"])[1]"}
COMMAND: GET /session/0bd35d5034cd75fc8dc44075a41c35a4/screenshot - {}
RESULT: {"using":"xpath","value":"(//*[@title=\"Add New Movement\"])[1]"}
COMMAND: POST /session/0bd35d5034cd75fc8dc44075a41c35a4/element - {"using":"xpath","value":"(//*[@title=\"Add New Movement\"])[1]"}
RESULT: {}
RESULT: {"using":"xpath","value":"(//*[@title=\"Add New Movement\"])[1]"}
COMMAND: POST /session/0bd35d5034cd75fc8dc44075a41c35a4/element - {"using":"xpath","value":"//*[@id=\"application-warehousemovements-display-component---addMovement--sectionsList-arrow\"]"}
RESULT: {"using":"xpath","value":"//*[@id=\"application-warehousemovements-display-component---addMovement--sectionsList-arrow\"]"}
COMMAND: POST /session/0bd35d5034cd75fc8dc44075a41c35a4/element - {"using":"xpath","value":"//*[@id=\"application-warehousemovements-display-component---addMovement--sectionsList-arrow\"]"}
RESULT: {"using":"xpath","value":"//*[@id=\"application-warehousemovements-display-component---addMovement--sectionsList-arrow\"]"}
COMMAND: POST /session/0bd35d5034cd75fc8dc44075a41c35a4/element - {"using":"xpath","value":"//*[@id=\"application-warehousemovements-display-component---addMovement--saveMovementBtn-BDI-content\" and text()=\"Save\"]"}
RESULT: {"using":"xpath","value":"//*[@id=\"application-warehousemovements-display-component---addMovement--saveMovementBtn-BDI-content\" and text()=\"Save\"]"}
COMMAND: POST /session/0bd35d5034cd75fc8dc44075a41c35a4/element - {"using":"xpath","value":"//*[@id=\"application-warehousemovements-display-component---addMovement--saveMovementBtn-BDI-content\" and text()=\"Save\"]"}
RESULT: {"using":"xpath","value":"//*[@id=\"application-warehousemovements-display-component---addMovement--saveMovementBtn-BDI-content\" and text()=\"Save\"]"}
COMMAND: POST /session/0bd35d5034cd75fc8dc44075a41c35a4/execute/sync - {"script":"<script> [8489 bytes]","args":[{"element-6066-11e4-a52e-4f735466cecf":"f.1DB2A491F1B7C642484AEDF47EA6FD52.d.5757A95438B0F4FC166E25E4F66878D6.e.15399","ELEMENT":"f.1DB2A491F1B7C642484AEDF47EA6FD52.d.5757A95438B0F4FC166E25E4F66878D6.e.15399"}]}
COMMAND: POST /session/0bd35d5034cd75fc8dc44075a41c35a4/element - {"using":"css selector","value":"#shell-header-icon"}
RESULT: {"using":"css selector","value":"#shell-header-icon"}
COMMAND: POST /session/0bd35d5034cd75fc8dc44075a41c35a4/execute/sync - {"script":"<script> [8489 bytes]","args":[{"element-6066-11e4-a52e-4f735466cecf":"f.1DB2A491F1B7C642484AEDF47EA6FD52.d.5757A95438B0F4FC166E25E4F66878D6.e.15898","ELEMENT":"f.1DB2A491F1B7C642484AEDF47EA6FD52.d.5757A95438B0F4FC166E25E4F66878D6.e.15898"}]}
RESULT: {"script":"<script> [8489 bytes]","args":[{"element-6066-11e4-a52e-4f735466cecf":"f.1DB2A491F1B7C642484AEDF47EA6FD52.d.5757A95438B0F4FC166E25E4F66878D6.e.15898","ELEMENT":"f.1DB2A491F1B7C642484AEDF47EA6FD52.d.5757A95438B0F4FC166E25E4F66878D6.e.15898"}]}
COMMAND: GET /session/0bd35d5034cd75fc8dc44075a41c35a4/element/f.1DB2A491F1B7C642484AEDF47EA6FD52.d.5757A95438B0F4FC166E25E4F66878D6.e.15898/enabled - {}
COMMAND: GET /session/0bd35d5034cd75fc8dc44075a41c35a4/screenshot - {}
RESULT: {}
COMMAND: POST /session/0bd35d5034cd75fc8dc44075a41c35a4/element/f.1DB2A491F1B7C642484AEDF47EA6FD52.d.5757A95438B0F4FC166E25E4F66878D6.e.15898/click - {}
COMMAND: GET /session/0bd35d5034cd75fc8dc44075a41c35a4/screenshot - {}
RESULT: {}
RESULT: {}
COMMAND: GET /session/0bd35d5034cd75fc8dc44075a41c35a4/screenshot - {}
RESULT: {}
RESULT: {}
]]></system-out>
    </testcase>
    <testcase classname="chrome.135_0_7049_96.windows.Create_masterdata_for_Yard_Overview_-_trigger_provide_US130988" name="Set status to defect" time="24.314">
      <system-out><![CDATA[
COMMAND: POST /session/0bd35d5034cd75fc8dc44075a41c35a4/execute/async - {"script":"<script> [1562 bytes]","args":[{"selector":{"controlType":"sap.ushell.ui.launchpad.AnchorItem","bindingPath":{"path":"/groups/3","propertyPath":"index"},"interaction":{"idSuffix":"inner"}},"wdio_ui5_key":"sapushell.ui.launchpad.AnchorItem{\"path\":\"/groups/3\",\"propertyPath\":\"index\"}"}]}
COMMAND: GET /session/0bd35d5034cd75fc8dc44075a41c35a4/screenshot - {}
RESULT: {"script":"<script> [1562 bytes]","args":[{"selector":{"controlType":"sap.ushell.ui.launchpad.AnchorItem","bindingPath":{"path":"/groups/3","propertyPath":"index"},"interaction":{"idSuffix":"inner"}},"wdio_ui5_key":"sapushell.ui.launchpad.AnchorItem{\"path\":\"/groups/3\",\"propertyPath\":\"index\"}"}]}
RESULT: undefined
RESULT: {}
COMMAND: POST /session/0bd35d5034cd75fc8dc44075a41c35a4/execute/async - {"script":"<script> [1562 bytes]","args":[{"selector":{"controlType":"sap.m.GenericTile","properties":{"header":"Manage States & Performance"}},"wdio_ui5_key":"sapm.GenericTile{\"header\":\"Manage States & Performance\"}"}]}
RESULT: {"script":"<script> [1562 bytes]","args":[{"selector":{"controlType":"sap.m.GenericTile","properties":{"header":"Manage States & Performance"}},"wdio_ui5_key":"sapm.GenericTile{\"header\":\"Manage States & Performance\"}"}]}
RESULT: undefined
COMMAND: POST /session/0bd35d5034cd75fc8dc44075a41c35a4/execute/async - {"script":"<script> [1562 bytes]","args":[{"selector":{"controlType":"sap.ui.core.Icon","viewName":"etm.portal.ui.managestatesandperformance.view.Master","viewId":"application-managestatesandperformance-display-component---stateAndPerform","properties":{"src":{"regex":{"source":"inventory"}}}},"wdio_ui5_key":"etmportal.ui.managestatesandperformance.view.Mastersap.ui.core.Icon{\"src\":{\"regex\":{\"source\":\"inventory\"}}}"}]}
RESULT: {"script":"<script> [1562 bytes]","args":[{"selector":{"controlType":"sap.ui.core.Icon","viewName":"etm.portal.ui.managestatesandperformance.view.Master","viewId":"application-managestatesandperformance-display-component---stateAndPerform","properties":{"src":{"regex":{"source":"inventory"}}}},"wdio_ui5_key":"etmportal.ui.managestatesandperformance.view.Mastersap.ui.core.Icon{\"src\":{\"regex\":{\"source\":\"inventory\"}}}"}]}
RESULT: undefined
COMMAND: POST /session/0bd35d5034cd75fc8dc44075a41c35a4/execute/async - {"script":"<script> [1562 bytes]","args":[{"selector":{"id":"application-managestatesandperformance-display-component---stateAndPerform--smartFilterBarYard-btnBasicSearch","interaction":{"idSuffix":"I"}},"wdio_ui5_key":"applicationmanagestatesandperformance-display-component---stateAndPerform--smartFilterBarYard-btnBasicSearch"}]}
RESULT: {"script":"<script> [1562 bytes]","args":[{"selector":{"id":"application-managestatesandperformance-display-component---stateAndPerform--smartFilterBarYard-btnBasicSearch","interaction":{"idSuffix":"I"}},"wdio_ui5_key":"applicationmanagestatesandperformance-display-component---stateAndPerform--smartFilterBarYard-btnBasicSearch"}]}
RESULT: undefined
COMMAND: POST /session/0bd35d5034cd75fc8dc44075a41c35a4/execute/async - {"script":"<script> [1562 bytes]","args":[{"selector":{"controlType":"sap.m.ColumnListItem","viewName":"etm.portal.ui.managestatesandperformance.view.Master","viewId":"application-managestatesandperformance-display-component---stateAndPerform","properties":{"type":"Navigation"},"interaction":{"idSuffix":"cell0"}},"wdio_ui5_key":"etmportal.ui.managestatesandperformance.view.Mastersap.m.ColumnListItem{\"type\":\"Navigation\"}"}]}
RESULT: {"script":"<script> [1562 bytes]","args":[{"selector":{"controlType":"sap.m.ColumnListItem","viewName":"etm.portal.ui.managestatesandperformance.view.Master","viewId":"application-managestatesandperformance-display-component---stateAndPerform","properties":{"type":"Navigation"},"interaction":{"idSuffix":"cell0"}},"wdio_ui5_key":"etmportal.ui.managestatesandperformance.view.Mastersap.m.ColumnListItem{\"type\":\"Navigation\"}"}]}
RESULT: undefined
COMMAND: POST /session/0bd35d5034cd75fc8dc44075a41c35a4/execute/async - {"script":"<script> [1562 bytes]","args":[{"selector":{"controlType":"sap.m.Button","viewName":"etm.portal.ui.managestatesandperformance.view.Detail","viewId":"application-managestatesandperformance-display-component---detailStateAndPerform","i18NText":{"propertyName":"text","key":"createStateChange"},"interaction":{"idSuffix":"content"}},"wdio_ui5_key":"etmportal.ui.managestatesandperformance.view.Detailsap.m.Button{\"propertyName\":\"text\",\"key\":\"createStateChange\"}"}]}
RESULT: {"script":"<script> [1562 bytes]","args":[{"selector":{"controlType":"sap.m.Button","viewName":"etm.portal.ui.managestatesandperformance.view.Detail","viewId":"application-managestatesandperformance-display-component---detailStateAndPerform","i18NText":{"propertyName":"text","key":"createStateChange"},"interaction":{"idSuffix":"content"}},"wdio_ui5_key":"etmportal.ui.managestatesandperformance.view.Detailsap.m.Button{\"propertyName\":\"text\",\"key\":\"createStateChange\"}"}]}
RESULT: undefined
COMMAND: POST /session/0bd35d5034cd75fc8dc44075a41c35a4/execute/async - {"script":"<script> [1562 bytes]","args":[{"selector":{"id":"addStateDialog--stateSelect","searchOpenDialogs":true,"interaction":{"idSuffix":"arrow"}},"wdio_ui5_key":"addStateDialogstateSelect"}]}
RESULT: {"script":"<script> [1562 bytes]","args":[{"selector":{"id":"addStateDialog--stateSelect","searchOpenDialogs":true,"interaction":{"idSuffix":"arrow"}},"wdio_ui5_key":"addStateDialogstateSelect"}]}
RESULT: undefined
COMMAND: POST /session/0bd35d5034cd75fc8dc44075a41c35a4/execute/async - {"script":"<script> [1562 bytes]","args":[{"selector":{"controlType":"sap.ui.core.Item","viewName":"etm.portal.ui.managestatesandperformance.view.Detail","viewId":"application-managestatesandperformance-display-component---detailStateAndPerform","bindingPath":{"path":"/StateTypes(70)","propertyPath":"STATE","modelName":"catalogModel"},"searchOpenDialogs":true},"wdio_ui5_key":"etmportal.ui.managestatesandperformance.view.Detailsap.ui.core.Item{\"path\":\"/StateTypes(70)\",\"propertyPath\":\"STATE\",\"modelName\":\"catalogModel\"}"}]}
RESULT: {"script":"<script> [1562 bytes]","args":[{"selector":{"controlType":"sap.ui.core.Item","viewName":"etm.portal.ui.managestatesandperformance.view.Detail","viewId":"application-managestatesandperformance-display-component---detailStateAndPerform","bindingPath":{"path":"/StateTypes(70)","propertyPath":"STATE","modelName":"catalogModel"},"searchOpenDialogs":true},"wdio_ui5_key":"etmportal.ui.managestatesandperformance.view.Detailsap.ui.core.Item{\"path\":\"/StateTypes(70)\",\"propertyPath\":\"STATE\",\"modelName\":\"catalogModel\"}"}]}
RESULT: undefined
COMMAND: POST /session/0bd35d5034cd75fc8dc44075a41c35a4/execute/async - {"script":"<script> [1562 bytes]","args":[{"selector":{"controlType":"sap.m.NumericInput","viewName":"etm.portal.ui.managestatesandperformance.view.Detail","viewId":"application-managestatesandperformance-display-component---detailStateAndPerform","properties":{"value":"0"},"searchOpenDialogs":true,"interaction":{"idSuffix":"inner"}},"wdio_ui5_key":"etmportal.ui.managestatesandperformance.view.Detailsap.m.NumericInput{\"value\":\"0\"}"}]}
RESULT: {"script":"<script> [1562 bytes]","args":[{"selector":{"controlType":"sap.m.NumericInput","viewName":"etm.portal.ui.managestatesandperformance.view.Detail","viewId":"application-managestatesandperformance-display-component---detailStateAndPerform","properties":{"value":"0"},"searchOpenDialogs":true,"interaction":{"idSuffix":"inner"}},"wdio_ui5_key":"etmportal.ui.managestatesandperformance.view.Detailsap.m.NumericInput{\"value\":\"0\"}"}]}
RESULT: undefined
COMMAND: POST /session/0bd35d5034cd75fc8dc44075a41c35a4/execute/async - {"script":"<script> [1562 bytes]","args":[{"selector":{"controlType":"sap.m.Button","viewName":"etm.portal.ui.managestatesandperformance.view.Detail","viewId":"application-managestatesandperformance-display-component---detailStateAndPerform","i18NText":{"propertyName":"text","key":"save"},"searchOpenDialogs":true,"interaction":{"idSuffix":"BDI-content"}},"wdio_ui5_key":"etmportal.ui.managestatesandperformance.view.Detailsap.m.Button{\"propertyName\":\"text\",\"key\":\"save\"}"}]}
RESULT: {"script":"<script> [1562 bytes]","args":[{"selector":{"controlType":"sap.m.Button","viewName":"etm.portal.ui.managestatesandperformance.view.Detail","viewId":"application-managestatesandperformance-display-component---detailStateAndPerform","i18NText":{"propertyName":"text","key":"save"},"searchOpenDialogs":true,"interaction":{"idSuffix":"BDI-content"}},"wdio_ui5_key":"etmportal.ui.managestatesandperformance.view.Detailsap.m.Button{\"propertyName\":\"text\",\"key\":\"save\"}"}]}
RESULT: undefined
COMMAND: POST /session/0bd35d5034cd75fc8dc44075a41c35a4/element - {"using":"css selector","value":"#shell-header-logo"}
RESULT: {"using":"css selector","value":"#shell-header-logo"}
COMMAND: POST /session/0bd35d5034cd75fc8dc44075a41c35a4/element/f.1DB2A491F1B7C642484AEDF47EA6FD52.d.5757A95438B0F4FC166E25E4F66878D6.e.15905/click - {}
RESULT: {}
COMMAND: GET /session/0bd35d5034cd75fc8dc44075a41c35a4/screenshot - {}
RESULT: {}
]]></system-out>
    </testcase>
  </testsuite>
  <testsuite timestamp="2025-05-06T09:05:31" time="190.332" tests="3" failures="3" errors="3" skipped="0">
    <properties>
      <property name="specId" value="0" />
      <property name="suiteName" value="Transfer Yard to Yard US131076" />
      <property name="capabilities" value="chrome.135_0_7049_96.windows" />
      <property name="file" value="file:///D:/a/1/s/test/specs/HTR/transfer-yard-to-yard.spec.js" />
    </properties>
  </testsuite>
</testsuites>