<?xml version="1.0" encoding="UTF-8"?>
<testsuites tests="21" failures="18" errors="18" skipped="0">
  <testsuite timestamp="2025-05-10T16:03:01" time="88.169" tests="16" failures="15" errors="15" skipped="0">
    <properties>
      <property name="specId" value="0" />
      <property name="suiteName" value="Configure System - Interfaces US132253" />
      <property name="capabilities" value="chrome.136_0_7103_49.windows" />
      <property name="file" value="file:///D:/a/1/s/test/specs/TECH/configure-system-endpoints.spec.js" />
    </properties>
    <testcase classname="chrome.136_0_7103_49.windows.Configure_System_-_Interfaces_US132253" name="System should have default destination system setted to S4HP" time="43.257">
      <system-out><![CDATA[
COMMAND: POST /session/166ceb1e0c73b78636378c352ac01a69/execute/async - {"script":"<script> [1562 bytes]","args":[{"selector":{"controlType":"sap.m.Text","viewName":"etm.portal.ui.configuresystem.view.Master","properties":{"text":"1 table filter active: Type"}},"wdio_ui5_key":"etmportal.ui.configuresystem.view.Mastersap.m.Text{\"text\":\"1 table filter active: Type\"}"}]}
RESULT: {"script":"<script> [1562 bytes]","args":[{"selector":{"controlType":"sap.m.Text","viewName":"etm.portal.ui.configuresystem.view.Master","properties":{"text":"1 table filter active: Type"}},"wdio_ui5_key":"etmportal.ui.configuresystem.view.Mastersap.m.Text{\"text\":\"1 table filter active: Type\"}"}]}
RESULT: undefined
COMMAND: POST /session/166ceb1e0c73b78636378c352ac01a69/execute/async - {"script":"<script> [1562 bytes]","args":[{"selector":{"controlType":"sap.m.Text","viewName":"etm.portal.ui.configuresystem.view.Master","properties":{"text":"S12_S4HC"}},"wdio_ui5_key":"etmportal.ui.configuresystem.view.Mastersap.m.Text{\"text\":\"S12_S4HC\"}"}]}
RESULT: {"script":"<script> [1562 bytes]","args":[{"selector":{"controlType":"sap.m.Text","viewName":"etm.portal.ui.configuresystem.view.Master","properties":{"text":"S12_S4HC"}},"wdio_ui5_key":"etmportal.ui.configuresystem.view.Mastersap.m.Text{\"text\":\"S12_S4HC\"}"}]}
RESULT: undefined
COMMAND: POST /session/166ceb1e0c73b78636378c352ac01a69/execute/async - {"script":"<script> [6424 bytes]","args":[{"element-6066-11e4-a52e-4f735466cecf":"f.66150497A1F04B9491EA1C95582370F6.d.49EE9DA08376425DC3AF1C17ADA4DC37.e.128"},"getText",[]]}
RESULT: {"script":"<script> [6424 bytes]","args":[{"element-6066-11e4-a52e-4f735466cecf":"f.66150497A1F04B9491EA1C95582370F6.d.49EE9DA08376425DC3AF1C17ADA4DC37.e.128"},"getText",[]]}
COMMAND: POST /session/166ceb1e0c73b78636378c352ac01a69/execute/async - {"script":"<script> [1562 bytes]","args":[{"selector":{"controlType":"sap.m.Button","viewName":"etm.portal.ui.configuresystem.view.Master","properties":{"text":"Endpoints"},"interaction":{"idSuffix":"BDI-content"}},"wdio_ui5_key":"etmportal.ui.configuresystem.view.Mastersap.m.Button{\"text\":\"Endpoints\"}"}]}
RESULT: {"script":"<script> [1562 bytes]","args":[{"selector":{"controlType":"sap.m.Button","viewName":"etm.portal.ui.configuresystem.view.Master","properties":{"text":"Endpoints"},"interaction":{"idSuffix":"BDI-content"}},"wdio_ui5_key":"etmportal.ui.configuresystem.view.Mastersap.m.Button{\"text\":\"Endpoints\"}"}]}
RESULT: undefined
COMMAND: POST /session/166ceb1e0c73b78636378c352ac01a69/element - {"using":"xpath","value":"//*[@id=\"__xmlview58--ObjectPageLayout-anchBar-__xmlview58--endpointsSection-anchor\"]"}
RESULT: {"using":"xpath","value":"//*[@id=\"__xmlview58--ObjectPageLayout-anchBar-__xmlview58--endpointsSection-anchor\"]"}
COMMAND: POST /session/166ceb1e0c73b78636378c352ac01a69/element/f.66150497A1F04B9491EA1C95582370F6.d.49EE9DA08376425DC3AF1C17ADA4DC37.e.130/click - {}
]]></system-out>
    </testcase>
  </testsuite>
  <testsuite timestamp="2025-05-10T16:04:29" time="184.583" tests="4" failures="3" errors="3" skipped="0">
    <properties>
      <property name="specId" value="0" />
      <property name="suiteName" value="Manage RU: Interfaces Data Check for UI fields US132253" />
      <property name="capabilities" value="chrome.136_0_7103_49.windows" />
      <property name="file" value="file:///D:/a/1/s/test/specs/TECH/ru-interface-data-check.spec.js" />
    </properties>
    <testcase classname="chrome.136_0_7103_49.windows.Manage_RU:_Interfaces_Data_Check_for_UI_fields_US132253" name="Should see correct data from the Cost Object interface" time="12.547">
      <system-out><![CDATA[
COMMAND: POST /session/166ceb1e0c73b78636378c352ac01a69/execute/async - {"script":"<script> [1562 bytes]","args":[{"selector":{"id":"application-manageresources-display-component---newResourceUnit--newRRUPage-anchBar-application-manageresources-display-component---newResourceUnit--control-anchor","interaction":{"idSuffix":"BDI-content"}},"wdio_ui5_key":"applicationmanageresources-display-component---newResourceUnit--newRRUPage-anchBar-application-manageresources-display-component---newResourceUnit--control-anchor"}]}
COMMAND: GET /session/166ceb1e0c73b78636378c352ac01a69/screenshot - {}
RESULT: {"script":"<script> [1562 bytes]","args":[{"selector":{"id":"application-manageresources-display-component---newResourceUnit--newRRUPage-anchBar-application-manageresources-display-component---newResourceUnit--control-anchor","interaction":{"idSuffix":"BDI-content"}},"wdio_ui5_key":"applicationmanageresources-display-component---newResourceUnit--newRRUPage-anchBar-application-manageresources-display-component---newResourceUnit--control-anchor"}]}
RESULT: undefined
COMMAND: POST /session/166ceb1e0c73b78636378c352ac01a69/element - {"using":"xpath","value":"//*[@id=\"application-manageresources-display-component---newResourceUnit--newRRUPage-anchBar-application-manageresources-display-component---newResourceUnit--control-anchor\"]"}
RESULT: {}
RESULT: {"using":"xpath","value":"//*[@id=\"application-manageresources-display-component---newResourceUnit--newRRUPage-anchBar-application-manageresources-display-component---newResourceUnit--control-anchor\"]"}
COMMAND: POST /session/166ceb1e0c73b78636378c352ac01a69/element/f.66150497A1F04B9491EA1C95582370F6.d.2A59A609CDDA44ECA8D5FDE4B96E75EC.e.656/click - {}
RESULT: {}
COMMAND: POST /session/166ceb1e0c73b78636378c352ac01a69/execute/async - {"script":"<script> [1562 bytes]","args":[{"selector":{"id":"application-manageresources-display-component---newResourceUnit--DECOMMISSIONING","interaction":{"idSuffix":"inner"}},"wdio_ui5_key":"applicationmanageresources-display-component---newResourceUnit--DECOMMISSIONING"}]}
COMMAND: GET /session/166ceb1e0c73b78636378c352ac01a69/screenshot - {}
RESULT: {"script":"<script> [1562 bytes]","args":[{"selector":{"id":"application-manageresources-display-component---newResourceUnit--DECOMMISSIONING","interaction":{"idSuffix":"inner"}},"wdio_ui5_key":"applicationmanageresources-display-component---newResourceUnit--DECOMMISSIONING"}]}
RESULT: undefined
COMMAND: POST /session/166ceb1e0c73b78636378c352ac01a69/execute/async - {"script":"<script> [776 bytes]","args":[{"enterText":0,"selector":{"id":"application-manageresources-display-component---newResourceUnit--DECOMMISSIONING","interaction":{"idSuffix":"inner"}},"clearTextFirst":true,"interactionType":"ENTER_TEXT"}]}
RESULT: {}
RESULT: {"script":"<script> [776 bytes]","args":[{"enterText":0,"selector":{"id":"application-manageresources-display-component---newResourceUnit--DECOMMISSIONING","interaction":{"idSuffix":"inner"}},"clearTextFirst":true,"interactionType":"ENTER_TEXT"}]}
COMMAND: POST /session/166ceb1e0c73b78636378c352ac01a69/execute/async - {"script":"<script> [1562 bytes]","args":[{"selector":{"id":"application-manageresources-display-component---newResourceUnit--btnAddTimeSegment-img"},"wdio_ui5_key":"applicationmanageresources-display-component---newResourceUnit--btnAddTimeSegment-img"}]}
RESULT: {"script":"<script> [1562 bytes]","args":[{"selector":{"id":"application-manageresources-display-component---newResourceUnit--btnAddTimeSegment-img"},"wdio_ui5_key":"applicationmanageresources-display-component---newResourceUnit--btnAddTimeSegment-img"}]}
RESULT: undefined
COMMAND: POST /session/166ceb1e0c73b78636378c352ac01a69/element - {"using":"xpath","value":"//*[@id=\"application-manageresources-display-component---newResourceUnit--btnAddTimeSegment-img\"]"}
COMMAND: POST /session/166ceb1e0c73b78636378c352ac01a69/execute/async - {"script":"<script> [6424 bytes]","args":[{"element-6066-11e4-a52e-4f735466cecf":"f.66150497A1F04B9491EA1C95582370F6.d.2A59A609CDDA44ECA8D5FDE4B96E75EC.e.662"},"getVisible",[]]}
RESULT: {"script":"<script> [6424 bytes]","args":[{"element-6066-11e4-a52e-4f735466cecf":"f.66150497A1F04B9491EA1C95582370F6.d.2A59A609CDDA44ECA8D5FDE4B96E75EC.e.662"},"getVisible",[]]}
RESULT: {"using":"xpath","value":"//*[@id=\"application-manageresources-display-component---newResourceUnit--btnAddTimeSegment-img\"]"}
COMMAND: POST /session/166ceb1e0c73b78636378c352ac01a69/element/f.66150497A1F04B9491EA1C95582370F6.d.2A59A609CDDA44ECA8D5FDE4B96E75EC.e.662/click - {}
RESULT: {}
COMMAND: POST /session/166ceb1e0c73b78636378c352ac01a69/actions - {"actions":[{"id":"action3","type":"key","parameters":{},"actions":[{"type":"keyDown","value":"î€•"},{"type":"keyDown","value":"î€•"},{"type":"pause","duration":10},{"type":"keyUp","value":"î€•"},{"type":"keyUp","value":"î€•"}]}]}
COMMAND: GET /session/166ceb1e0c73b78636378c352ac01a69/screenshot - {}
RESULT: {"actions":[{"id":"action3","type":"key","parameters":{},"actions":[{"type":"keyDown","value":"î€•"},{"type":"keyDown","value":"î€•"},{"type":"pause","duration":10},{"type":"keyUp","value":"î€•"},{"type":"keyUp","value":"î€•"}]}]}
COMMAND: GET /session/166ceb1e0c73b78636378c352ac01a69/screenshot - {}
RESULT: {}
RESULT: {}
COMMAND: POST /session/166ceb1e0c73b78636378c352ac01a69/execute/async - {"script":"<script> [1562 bytes]","args":[{"selector":{"controlType":"sap.ui.core.Icon","viewName":"reusables.view.manageresources.NewResourceUnit","viewId":"application-manageresources-display-component---newResourceUnit","properties":{"src":{"regex":{"source":"slim\\-arrow\\-down"}}},"ancestor":{"controlType":"sap.m.ComboBox","viewName":"reusables.view.manageresources.NewResourceUnit","viewId":"application-manageresources-display-component---newResourceUnit","bindingPath":{"path":"/RESOURCE_UNIT_TIME_SEQUENCES/0","propertyPath":"COST_OBJECT_OWNER_CST_TYPE","modelName":"oNewRruModel"}}},"wdio_ui5_key":"reusablesview.manageresources.NewResourceUnitsap.ui.core.Icon{\"src\":{\"regex\":{\"source\":\"slim\\\\-arrow\\\\-down\"}}}{\"controlType\":\"sap.m.ComboBox\",\"viewName\":\"reusables.view.manageresources.NewResourceUnit\",\"viewId\":\"application-manageresources-display-component---newResourceUnit\",\"bindingPath\":{\"path\":\"/RESOURCE_UNIT_TIME_SEQUENCES/0\",\"propertyPath\":\"COST_OBJECT_OWNER_CST_TYPE\",\"modelName\":\"oNewRruModel\"}}"}]}
RESULT: {"script":"<script> [1562 bytes]","args":[{"selector":{"controlType":"sap.ui.core.Icon","viewName":"reusables.view.manageresources.NewResourceUnit","viewId":"application-manageresources-display-component---newResourceUnit","properties":{"src":{"regex":{"source":"slim\\-arrow\\-down"}}},"ancestor":{"controlType":"sap.m.ComboBox","viewName":"reusables.view.manageresources.NewResourceUnit","viewId":"application-manageresources-display-component---newResourceUnit","bindingPath":{"path":"/RESOURCE_UNIT_TIME_SEQUENCES/0","propertyPath":"COST_OBJECT_OWNER_CST_TYPE","modelName":"oNewRruModel"}}},"wdio_ui5_key":"reusablesview.manageresources.NewResourceUnitsap.ui.core.Icon{\"src\":{\"regex\":{\"source\":\"slim\\\\-arrow\\\\-down\"}}}{\"controlType\":\"sap.m.ComboBox\",\"viewName\":\"reusables.view.manageresources.NewResourceUnit\",\"viewId\":\"application-manageresources-display-component---newResourceUnit\",\"bindingPath\":{\"path\":\"/RESOURCE_UNIT_TIME_SEQUENCES/0\",\"propertyPath\":\"COST_OBJECT_OWNER_CST_TYPE\",\"modelName\":\"oNewRruModel\"}}"}]}
RESULT: undefined
COMMAND: POST /session/166ceb1e0c73b78636378c352ac01a69/element - {"using":"xpath","value":"//*[@id=\"__box4-application-manageresources-display-component---newResourceUnit--RUTimeSegment-0-arrow\"]"}
RESULT: {"using":"xpath","value":"//*[@id=\"__box4-application-manageresources-display-component---newResourceUnit--RUTimeSegment-0-arrow\"]"}
COMMAND: POST /session/166ceb1e0c73b78636378c352ac01a69/element/f.66150497A1F04B9491EA1C95582370F6.d.2A59A609CDDA44ECA8D5FDE4B96E75EC.e.676/click - {}
RESULT: {}
COMMAND: POST /session/166ceb1e0c73b78636378c352ac01a69/element - {"using":"xpath","value":"//span[@aria-live=\"polite\" and text()=\"Cost Center\"]"}
COMMAND: GET /session/166ceb1e0c73b78636378c352ac01a69/screenshot - {}
RESULT: {"using":"xpath","value":"//span[@aria-live=\"polite\" and text()=\"Cost Center\"]"}
COMMAND: POST /session/166ceb1e0c73b78636378c352ac01a69/execute/sync - {"script":"<script> [8489 bytes]","args":[{"element-6066-11e4-a52e-4f735466cecf":"f.66150497A1F04B9491EA1C95582370F6.d.2A59A609CDDA44ECA8D5FDE4B96E75EC.e.679","ELEMENT":"f.66150497A1F04B9491EA1C95582370F6.d.2A59A609CDDA44ECA8D5FDE4B96E75EC.e.679"}]}
RESULT: {}
RESULT: {"script":"<script> [8489 bytes]","args":[{"element-6066-11e4-a52e-4f735466cecf":"f.66150497A1F04B9491EA1C95582370F6.d.2A59A609CDDA44ECA8D5FDE4B96E75EC.e.679","ELEMENT":"f.66150497A1F04B9491EA1C95582370F6.d.2A59A609CDDA44ECA8D5FDE4B96E75EC.e.679"}]}
COMMAND: POST /session/166ceb1e0c73b78636378c352ac01a69/element - {"using":"xpath","value":"//span[@aria-live=\"polite\" and text()=\"Internal Order\"]"}
COMMAND: GET /session/166ceb1e0c73b78636378c352ac01a69/screenshot - {}
RESULT: {"using":"xpath","value":"//span[@aria-live=\"polite\" and text()=\"Internal Order\"]"}
COMMAND: POST /session/166ceb1e0c73b78636378c352ac01a69/execute/sync - {"script":"<script> [8489 bytes]","args":[{"element-6066-11e4-a52e-4f735466cecf":"f.66150497A1F04B9491EA1C95582370F6.d.2A59A609CDDA44ECA8D5FDE4B96E75EC.e.680","ELEMENT":"f.66150497A1F04B9491EA1C95582370F6.d.2A59A609CDDA44ECA8D5FDE4B96E75EC.e.680"}]}
RESULT: {}
RESULT: {"script":"<script> [8489 bytes]","args":[{"element-6066-11e4-a52e-4f735466cecf":"f.66150497A1F04B9491EA1C95582370F6.d.2A59A609CDDA44ECA8D5FDE4B96E75EC.e.680","ELEMENT":"f.66150497A1F04B9491EA1C95582370F6.d.2A59A609CDDA44ECA8D5FDE4B96E75EC.e.680"}]}
COMMAND: POST /session/166ceb1e0c73b78636378c352ac01a69/element - {"using":"xpath","value":"//span[@aria-live=\"polite\" and text()=\"PM Order\"]"}
COMMAND: GET /session/166ceb1e0c73b78636378c352ac01a69/screenshot - {}
RESULT: {"using":"xpath","value":"//span[@aria-live=\"polite\" and text()=\"PM Order\"]"}
COMMAND: POST /session/166ceb1e0c73b78636378c352ac01a69/execute/sync - {"script":"<script> [8489 bytes]","args":[{"element-6066-11e4-a52e-4f735466cecf":"f.66150497A1F04B9491EA1C95582370F6.d.2A59A609CDDA44ECA8D5FDE4B96E75EC.e.681","ELEMENT":"f.66150497A1F04B9491EA1C95582370F6.d.2A59A609CDDA44ECA8D5FDE4B96E75EC.e.681"}]}
RESULT: {}
RESULT: {"script":"<script> [8489 bytes]","args":[{"element-6066-11e4-a52e-4f735466cecf":"f.66150497A1F04B9491EA1C95582370F6.d.2A59A609CDDA44ECA8D5FDE4B96E75EC.e.681","ELEMENT":"f.66150497A1F04B9491EA1C95582370F6.d.2A59A609CDDA44ECA8D5FDE4B96E75EC.e.681"}]}
COMMAND: POST /session/166ceb1e0c73b78636378c352ac01a69/element - {"using":"xpath","value":"//span[@aria-live=\"polite\" and text()=\"Work Breakdown Structure\"]"}
COMMAND: GET /session/166ceb1e0c73b78636378c352ac01a69/screenshot - {}
RESULT: {"using":"xpath","value":"//span[@aria-live=\"polite\" and text()=\"Work Breakdown Structure\"]"}
COMMAND: POST /session/166ceb1e0c73b78636378c352ac01a69/execute/sync - {"script":"<script> [8489 bytes]","args":[{"element-6066-11e4-a52e-4f735466cecf":"f.66150497A1F04B9491EA1C95582370F6.d.2A59A609CDDA44ECA8D5FDE4B96E75EC.e.682","ELEMENT":"f.66150497A1F04B9491EA1C95582370F6.d.2A59A609CDDA44ECA8D5FDE4B96E75EC.e.682"}]}
RESULT: {}
RESULT: {"script":"<script> [8489 bytes]","args":[{"element-6066-11e4-a52e-4f735466cecf":"f.66150497A1F04B9491EA1C95582370F6.d.2A59A609CDDA44ECA8D5FDE4B96E75EC.e.682","ELEMENT":"f.66150497A1F04B9491EA1C95582370F6.d.2A59A609CDDA44ECA8D5FDE4B96E75EC.e.682"}]}
]]></system-out>
    </testcase>
  </testsuite>
  <testsuite timestamp="2025-05-10T16:07:34" time="71.766" tests="1" failures="0" errors="0" skipped="0">
    <properties>
      <property name="specId" value="0" />
      <property name="suiteName" value="Manage Partners: Interfaces Data Check for UI fields US132253" />
      <property name="capabilities" value="chrome.136_0_7103_49.windows" />
      <property name="file" value="file:///D:/a/1/s/test/specs/TECH/partner-interface-data-check.spec.js" />
    </properties>
    <testcase classname="chrome.136_0_7103_49.windows.Manage_Partners:_Interfaces_Data_Check_for_UI_fields_US132253" name="Should see data from Company Code interface for Company Code Field" time="37.007">
      <system-out><![CDATA[
COMMAND: POST /session/166ceb1e0c73b78636378c352ac01a69/execute/async - {"script":"<script> [1562 bytes]","args":[{"selector":{"controlType":"sap.m.Button","viewName":"etm.portal.ui.managepartners.view.Master","viewId":"application-managepartners-display-component---masterPtm","i18NText":{"propertyName":"tooltip","key":"add"}},"wdio_ui5_key":"etmportal.ui.managepartners.view.Mastersap.m.Button{\"propertyName\":\"tooltip\",\"key\":\"add\"}"}]}
RESULT: {}
RESULT: {"script":"<script> [1562 bytes]","args":[{"selector":{"controlType":"sap.m.Button","viewName":"etm.portal.ui.managepartners.view.Master","viewId":"application-managepartners-display-component---masterPtm","i18NText":{"propertyName":"tooltip","key":"add"}},"wdio_ui5_key":"etmportal.ui.managepartners.view.Mastersap.m.Button{\"propertyName\":\"tooltip\",\"key\":\"add\"}"}]}
RESULT: undefined
COMMAND: POST /session/166ceb1e0c73b78636378c352ac01a69/element - {"using":"xpath","value":"//*[@id=\"__button4\"]"}
RESULT: {"using":"xpath","value":"//*[@id=\"__button4\"]"}
COMMAND: POST /session/166ceb1e0c73b78636378c352ac01a69/element/f.66150497A1F04B9491EA1C95582370F6.d.F898F3AD74C9468DD181B3F08FA512C0.e.1028/click - {}
RESULT: {}
COMMAND: GET /session/166ceb1e0c73b78636378c352ac01a69/screenshot - {}
RESULT: {}
COMMAND: POST /session/166ceb1e0c73b78636378c352ac01a69/execute/async - {"script":"<script> [1562 bytes]","args":[{"selector":{"id":"application-managepartners-display-component---NewPartner--partnerDetailInternal","interaction":{"idSuffix":"inner"}},"wdio_ui5_key":"applicationmanagepartners-display-component---NewPartner--partnerDetailInternal"}]}
RESULT: {"script":"<script> [1562 bytes]","args":[{"selector":{"id":"application-managepartners-display-component---NewPartner--partnerDetailInternal","interaction":{"idSuffix":"inner"}},"wdio_ui5_key":"applicationmanagepartners-display-component---NewPartner--partnerDetailInternal"}]}
RESULT: undefined
COMMAND: POST /session/166ceb1e0c73b78636378c352ac01a69/execute/async - {"script":"<script> [776 bytes]","args":[{"enterText":"","selector":{"id":"application-managepartners-display-component---NewPartner--partnerDetailInternal","interaction":{"idSuffix":"inner"}},"clearTextFirst":true,"interactionType":"ENTER_TEXT"}]}
RESULT: {"script":"<script> [776 bytes]","args":[{"enterText":"","selector":{"id":"application-managepartners-display-component---NewPartner--partnerDetailInternal","interaction":{"idSuffix":"inner"}},"clearTextFirst":true,"interactionType":"ENTER_TEXT"}]}
COMMAND: POST /session/166ceb1e0c73b78636378c352ac01a69/execute/async - {"script":"<script> [1562 bytes]","args":[{"selector":{"id":"application-managepartners-display-component---NewPartner--partnerDetailInternal-arrow"},"wdio_ui5_key":"applicationmanagepartners-display-component---NewPartner--partnerDetailInternal-arrow"}]}
RESULT: {"script":"<script> [1562 bytes]","args":[{"selector":{"id":"application-managepartners-display-component---NewPartner--partnerDetailInternal-arrow"},"wdio_ui5_key":"applicationmanagepartners-display-component---NewPartner--partnerDetailInternal-arrow"}]}
RESULT: undefined
COMMAND: POST /session/166ceb1e0c73b78636378c352ac01a69/element - {"using":"xpath","value":"//*[@id=\"application-managepartners-display-component---NewPartner--partnerDetailInternal-arrow\"]"}
RESULT: {"using":"xpath","value":"//*[@id=\"application-managepartners-display-component---NewPartner--partnerDetailInternal-arrow\"]"}
COMMAND: POST /session/166ceb1e0c73b78636378c352ac01a69/element/f.66150497A1F04B9491EA1C95582370F6.d.F898F3AD74C9468DD181B3F08FA512C0.e.1319/click - {}
RESULT: {}
COMMAND: POST /session/166ceb1e0c73b78636378c352ac01a69/execute/async - {"script":"<script> [1562 bytes]","args":[{"selector":{"controlType":"sap.m.StandardListItem","viewName":"etm.portal.ui.managepartners.view.NewPartner","viewId":"application-managepartners-display-component---NewPartner","properties":{"title":"External partner"},"searchOpenDialogs":true},"wdio_ui5_key":"etmportal.ui.managepartners.view.NewPartnersap.m.StandardListItem{\"title\":\"External partner\"}"}]}
COMMAND: GET /session/166ceb1e0c73b78636378c352ac01a69/screenshot - {}
RESULT: {"script":"<script> [1562 bytes]","args":[{"selector":{"controlType":"sap.m.StandardListItem","viewName":"etm.portal.ui.managepartners.view.NewPartner","viewId":"application-managepartners-display-component---NewPartner","properties":{"title":"External partner"},"searchOpenDialogs":true},"wdio_ui5_key":"etmportal.ui.managepartners.view.NewPartnersap.m.StandardListItem{\"title\":\"External partner\"}"}]}
RESULT: undefined
COMMAND: POST /session/166ceb1e0c73b78636378c352ac01a69/element - {"using":"xpath","value":"//*[@id=\"__item72\"]"}
RESULT: {}
RESULT: {"using":"xpath","value":"//*[@id=\"__item72\"]"}
COMMAND: POST /session/166ceb1e0c73b78636378c352ac01a69/element/f.66150497A1F04B9491EA1C95582370F6.d.F898F3AD74C9468DD181B3F08FA512C0.e.1321/click - {}
RESULT: {}
COMMAND: POST /session/166ceb1e0c73b78636378c352ac01a69/execute/async - {"script":"<script> [1562 bytes]","args":[{"selector":{"controlType":"sap.m.Button","viewName":"etm.portal.ui.managepartners.view.NewPartner","viewId":"application-managepartners-display-component---NewPartner","properties":{"text":"Reference"},"interaction":{"idSuffix":"BDI-content"}},"wdio_ui5_key":"etmportal.ui.managepartners.view.NewPartnersap.m.Button{\"text\":\"Reference\"}"}]}
COMMAND: GET /session/166ceb1e0c73b78636378c352ac01a69/screenshot - {}
RESULT: {"script":"<script> [1562 bytes]","args":[{"selector":{"controlType":"sap.m.Button","viewName":"etm.portal.ui.managepartners.view.NewPartner","viewId":"application-managepartners-display-component---NewPartner","properties":{"text":"Reference"},"interaction":{"idSuffix":"BDI-content"}},"wdio_ui5_key":"etmportal.ui.managepartners.view.NewPartnersap.m.Button{\"text\":\"Reference\"}"}]}
RESULT: undefined
COMMAND: POST /session/166ceb1e0c73b78636378c352ac01a69/element - {"using":"xpath","value":"//*[@id=\"application-managepartners-display-component---NewPartner--ObjectPageLayout-anchBar-__section7-anchor\"]"}
RESULT: {}
RESULT: {"using":"xpath","value":"//*[@id=\"application-managepartners-display-component---NewPartner--ObjectPageLayout-anchBar-__section7-anchor\"]"}
COMMAND: POST /session/166ceb1e0c73b78636378c352ac01a69/element/f.66150497A1F04B9491EA1C95582370F6.d.F898F3AD74C9468DD181B3F08FA512C0.e.1323/click - {}
RESULT: {}
COMMAND: POST /session/166ceb1e0c73b78636378c352ac01a69/execute/async - {"script":"<script> [1562 bytes]","args":[{"selector":{"id":"application-managepartners-display-component---NewPartner--companyCodeComboBox","interaction":{"idSuffix":"inner"}},"wdio_ui5_key":"applicationmanagepartners-display-component---NewPartner--companyCodeComboBox"}]}
COMMAND: GET /session/166ceb1e0c73b78636378c352ac01a69/screenshot - {}
RESULT: {"script":"<script> [1562 bytes]","args":[{"selector":{"id":"application-managepartners-display-component---NewPartner--companyCodeComboBox","interaction":{"idSuffix":"inner"}},"wdio_ui5_key":"applicationmanagepartners-display-component---NewPartner--companyCodeComboBox"}]}
RESULT: undefined
COMMAND: POST /session/166ceb1e0c73b78636378c352ac01a69/execute/async - {"script":"<script> [776 bytes]","args":[{"enterText":"1010","selector":{"id":"application-managepartners-display-component---NewPartner--companyCodeComboBox","interaction":{"idSuffix":"inner"}},"clearTextFirst":true,"interactionType":"ENTER_TEXT"}]}
RESULT: {}
RESULT: {"script":"<script> [776 bytes]","args":[{"enterText":"1010","selector":{"id":"application-managepartners-display-component---NewPartner--companyCodeComboBox","interaction":{"idSuffix":"inner"}},"clearTextFirst":true,"interactionType":"ENTER_TEXT"}]}
COMMAND: POST /session/166ceb1e0c73b78636378c352ac01a69/actions - {"actions":[{"id":"action6","type":"key","parameters":{},"actions":[{"type":"keyDown","value":"î€•"},{"type":"pause","duration":10},{"type":"keyUp","value":"î€•"}]}]}
RESULT: {"actions":[{"id":"action6","type":"key","parameters":{},"actions":[{"type":"keyDown","value":"î€•"},{"type":"pause","duration":10},{"type":"keyUp","value":"î€•"}]}]}
COMMAND: POST /session/166ceb1e0c73b78636378c352ac01a69/actions - {"actions":[{"id":"action7","type":"key","parameters":{},"actions":[{"type":"keyDown","value":"î€‡"},{"type":"pause","duration":10},{"type":"keyUp","value":"î€‡"}]}]}
COMMAND: GET /session/166ceb1e0c73b78636378c352ac01a69/screenshot - {}
RESULT: {"actions":[{"id":"action7","type":"key","parameters":{},"actions":[{"type":"keyDown","value":"î€‡"},{"type":"pause","duration":10},{"type":"keyUp","value":"î€‡"}]}]}
RESULT: undefined
COMMAND: POST /session/166ceb1e0c73b78636378c352ac01a69/execute/async - {"script":"<script> [6424 bytes]","args":[{"element-6066-11e4-a52e-4f735466cecf":"f.66150497A1F04B9491EA1C95582370F6.d.F898F3AD74C9468DD181B3F08FA512C0.e.1200"},"getValue",[]]}
COMMAND: GET /session/166ceb1e0c73b78636378c352ac01a69/screenshot - {}
RESULT: {}
RESULT: {"script":"<script> [6424 bytes]","args":[{"element-6066-11e4-a52e-4f735466cecf":"f.66150497A1F04B9491EA1C95582370F6.d.F898F3AD74C9468DD181B3F08FA512C0.e.1200"},"getValue",[]]}
COMMAND: POST /session/166ceb1e0c73b78636378c352ac01a69/execute/async - {"script":"<script> [1562 bytes]","args":[{"selector":{"id":"application-managepartners-display-component---NewPartner--btnAddTableRow-img"},"wdio_ui5_key":"applicationmanagepartners-display-component---NewPartner--btnAddTableRow-img"}]}
RESULT: {}
RESULT: {"script":"<script> [1562 bytes]","args":[{"selector":{"id":"application-managepartners-display-component---NewPartner--btnAddTableRow-img"},"wdio_ui5_key":"applicationmanagepartners-display-component---NewPartner--btnAddTableRow-img"}]}
RESULT: undefined
COMMAND: POST /session/166ceb1e0c73b78636378c352ac01a69/element - {"using":"xpath","value":"//*[@id=\"application-managepartners-display-component---NewPartner--btnAddTableRow-img\"]"}
RESULT: {"using":"xpath","value":"//*[@id=\"application-managepartners-display-component---NewPartner--btnAddTableRow-img\"]"}
COMMAND: POST /session/166ceb1e0c73b78636378c352ac01a69/element/f.66150497A1F04B9491EA1C95582370F6.d.F898F3AD74C9468DD181B3F08FA512C0.e.1331/click - {}
RESULT: {}
COMMAND: POST /session/166ceb1e0c73b78636378c352ac01a69/execute/async - {"script":"<script> [1562 bytes]","args":[{"selector":{"id":"application-managepartners-display-component---NewPartner--assignmentYard-application-managepartners-display-component---NewPartner--assignmentsTable-0-arrow"},"wdio_ui5_key":"applicationmanagepartners-display-component---NewPartner--assignmentYard-application-managepartners-display-component---NewPartner--assignmentsTable-0-arrow"}]}
COMMAND: GET /session/166ceb1e0c73b78636378c352ac01a69/screenshot - {}
RESULT: {"script":"<script> [1562 bytes]","args":[{"selector":{"id":"application-managepartners-display-component---NewPartner--assignmentYard-application-managepartners-display-component---NewPartner--assignmentsTable-0-arrow"},"wdio_ui5_key":"applicationmanagepartners-display-component---NewPartner--assignmentYard-application-managepartners-display-component---NewPartner--assignmentsTable-0-arrow"}]}
RESULT: undefined
COMMAND: POST /session/166ceb1e0c73b78636378c352ac01a69/element - {"using":"xpath","value":"//*[@id=\"application-managepartners-display-component---NewPartner--assignmentYard-application-managepartners-display-component---NewPartner--assignmentsTable-0-arrow\"]"}
RESULT: {}
RESULT: {"using":"xpath","value":"//*[@id=\"application-managepartners-display-component---NewPartner--assignmentYard-application-managepartners-display-component---NewPartner--assignmentsTable-0-arrow\"]"}
COMMAND: POST /session/166ceb1e0c73b78636378c352ac01a69/element/f.66150497A1F04B9491EA1C95582370F6.d.F898F3AD74C9468DD181B3F08FA512C0.e.1340/click - {}
RESULT: {}
COMMAND: POST /session/166ceb1e0c73b78636378c352ac01a69/element - {"using":"xpath","value":"//input[@id=\"application-managepartners-display-component---NewPartner--assignmentYard-application-managepartners-display-component---NewPartner--assignmentsTable-0-inner\"]"}
COMMAND: GET /session/166ceb1e0c73b78636378c352ac01a69/screenshot - {}
RESULT: {"using":"xpath","value":"//input[@id=\"application-managepartners-display-component---NewPartner--assignmentYard-application-managepartners-display-component---NewPartner--assignmentsTable-0-inner\"]"}
COMMAND: POST /session/166ceb1e0c73b78636378c352ac01a69/elements - {"using":"xpath","value":"//input[@id=\"application-managepartners-display-component---NewPartner--assignmentYard-application-managepartners-display-component---NewPartner--assignmentsTable-0-inner\"]"}
RESULT: {}
RESULT: {"using":"xpath","value":"//input[@id=\"application-managepartners-display-component---NewPartner--assignmentYard-application-managepartners-display-component---NewPartner--assignmentsTable-0-inner\"]"}
COMMAND: POST /session/166ceb1e0c73b78636378c352ac01a69/execute/sync - {"script":"<script> [8489 bytes]","args":[{"element-6066-11e4-a52e-4f735466cecf":"f.66150497A1F04B9491EA1C95582370F6.d.F898F3AD74C9468DD181B3F08FA512C0.e.1335","ELEMENT":"f.66150497A1F04B9491EA1C95582370F6.d.F898F3AD74C9468DD181B3F08FA512C0.e.1335"}]}
RESULT: {"script":"<script> [8489 bytes]","args":[{"element-6066-11e4-a52e-4f735466cecf":"f.66150497A1F04B9491EA1C95582370F6.d.F898F3AD74C9468DD181B3F08FA512C0.e.1335","ELEMENT":"f.66150497A1F04B9491EA1C95582370F6.d.F898F3AD74C9468DD181B3F08FA512C0.e.1335"}]}
COMMAND: POST /session/166ceb1e0c73b78636378c352ac01a69/element/f.66150497A1F04B9491EA1C95582370F6.d.F898F3AD74C9468DD181B3F08FA512C0.e.1335/clear - {}
COMMAND: GET /session/166ceb1e0c73b78636378c352ac01a69/screenshot - {}
RESULT: {}
COMMAND: POST /session/166ceb1e0c73b78636378c352ac01a69/element/f.66150497A1F04B9491EA1C95582370F6.d.F898F3AD74C9468DD181B3F08FA512C0.e.1335/value - {"text":"176"}
COMMAND: GET /session/166ceb1e0c73b78636378c352ac01a69/screenshot - {}
RESULT: {}
RESULT: {"text":"176"}
COMMAND: GET /session/166ceb1e0c73b78636378c352ac01a69/screenshot - {}
RESULT: {}
RESULT: {}
COMMAND: POST /session/166ceb1e0c73b78636378c352ac01a69/actions - {"actions":[{"id":"action8","type":"key","parameters":{},"actions":[{"type":"keyDown","value":"î€•"},{"type":"pause","duration":10},{"type":"keyUp","value":"î€•"}]}]}
RESULT: {"actions":[{"id":"action8","type":"key","parameters":{},"actions":[{"type":"keyDown","value":"î€•"},{"type":"pause","duration":10},{"type":"keyUp","value":"î€•"}]}]}
COMMAND: POST /session/166ceb1e0c73b78636378c352ac01a69/actions - {"actions":[{"id":"action9","type":"key","parameters":{},"actions":[{"type":"keyDown","value":"î€‡"},{"type":"pause","duration":10},{"type":"keyUp","value":"î€‡"}]}]}
COMMAND: GET /session/166ceb1e0c73b78636378c352ac01a69/screenshot - {}
RESULT: {"actions":[{"id":"action9","type":"key","parameters":{},"actions":[{"type":"keyDown","value":"î€‡"},{"type":"pause","duration":10},{"type":"keyUp","value":"î€‡"}]}]}
COMMAND: POST /session/166ceb1e0c73b78636378c352ac01a69/execute/async - {"script":"<script> [1562 bytes]","args":[{"selector":{"id":"application-managepartners-display-component---NewPartner--externalCustomerComboBox-application-managepartners-display-component---NewPartner--assignmentsTable-0-vhi"},"wdio_ui5_key":"applicationmanagepartners-display-component---NewPartner--externalCustomerComboBox-application-managepartners-display-component---NewPartner--assignmentsTable-0-vhi"}]}
COMMAND: GET /session/166ceb1e0c73b78636378c352ac01a69/screenshot - {}
RESULT: {}
RESULT: {"script":"<script> [1562 bytes]","args":[{"selector":{"id":"application-managepartners-display-component---NewPartner--externalCustomerComboBox-application-managepartners-display-component---NewPartner--assignmentsTable-0-vhi"},"wdio_ui5_key":"applicationmanagepartners-display-component---NewPartner--externalCustomerComboBox-application-managepartners-display-component---NewPartner--assignmentsTable-0-vhi"}]}
RESULT: undefined
RESULT: {}
COMMAND: DELETE /session/166ceb1e0c73b78636378c352ac01a69 - {}
RESULT: {}
]]></system-out>
    </testcase>
  </testsuite>
</testsuites>