<?xml version="1.0" encoding="UTF-8"?>
<testsuites tests="20" failures="0" errors="0" skipped="0">
  <testsuite timestamp="2025-04-13T15:26:42" time="1167.7" tests="7" failures="0" errors="0" skipped="0">
    <properties>
      <property name="specId" value="0"/>
      <property name="suiteName" value="E2E - Logistical and commercial statuses"/>
      <property name="capabilities" value="chrome.135_0_7049_42.windows"/>
      <property name="file" value="file:///D:/a/1/s/test/specs/R2C/E2E-Logistical-and-commercial-status.spec.js"/>
    </properties>
    <testcase classname="chrome.135_0_7049_42.windows.E2E_-_Logistical_and_commercial_statuses" name="Should create prerequisites yard partner and site" time="284.374">
      <system-out><![CDATA[
COMMAND: POST /session/2c26340218390abaea45fe4d98ab669b/execute/async - {"script":"<script> [1562 bytes]","args":[{"selector":{"controlType":"sap.m.GenericTile","properties":{"header":"Manage Yards"}},"wdio_ui5_key":"sapm.GenericTile{\"header\":\"Manage Yards\"}"}]}
RESULT: {"script":"<script> [1562 bytes]","args":[{"selector":{"controlType":"sap.m.GenericTile","properties":{"header":"Manage Yards"}},"wdio_ui5_key":"sapm.GenericTile{\"header\":\"Manage Yards\"}"}]}
RESULT: undefined
COMMAND: POST /session/2c26340218390abaea45fe4d98ab669b/element - {"using":"xpath","value":"//*[@id=\"__tile52\"]"}
RESULT: {"using":"xpath","value":"//*[@id=\"__tile52\"]"}
COMMAND: POST /session/2c26340218390abaea45fe4d98ab669b/element/f.17291DB1E67CD9F3C23A369F0CDF7328.d.B825F7AF42B0B60F4AD3A784E4187D59.e.117/click - {}
RESULT: {}
COMMAND: GET /session/2c26340218390abaea45fe4d98ab669b/screenshot - {}
RESULT: {}
COMMAND: POST /session/2c26340218390abaea45fe4d98ab669b/execute/async - {"script":"<script> [1562 bytes]","args":[{"selector":{"controlType":"sap.ui.core.Icon","viewName":"etm.portal.ui.manageyards.view.Master","viewId":"application-manageyards-display-component---masterYard","properties":{"src":{"regex":{"source":"add"}}}},"wdio_ui5_key":"etmportal.ui.manageyards.view.Mastersap.ui.core.Icon{\"src\":{\"regex\":{\"source\":\"add\"}}}"}]}
RESULT: {"script":"<script> [1562 bytes]","args":[{"selector":{"controlType":"sap.ui.core.Icon","viewName":"etm.portal.ui.manageyards.view.Master","viewId":"application-manageyards-display-component---masterYard","properties":{"src":{"regex":{"source":"add"}}}},"wdio_ui5_key":"etmportal.ui.manageyards.view.Mastersap.ui.core.Icon{\"src\":{\"regex\":{\"source\":\"add\"}}}"}]}
RESULT: undefined
COMMAND: POST /session/2c26340218390abaea45fe4d98ab669b/element - {"using":"xpath","value":"//*[@id=\"__button4-img\"]"}
RESULT: {"using":"xpath","value":"//*[@id=\"__button4-img\"]"}
COMMAND: POST /session/2c26340218390abaea45fe4d98ab669b/element/f.17291DB1E67CD9F3C23A369F0CDF7328.d.B825F7AF42B0B60F4AD3A784E4187D59.e.164/click - {}
RESULT: {}
COMMAND: GET /session/2c26340218390abaea45fe4d98ab669b/screenshot - {}
RESULT: {}
COMMAND: POST /session/2c26340218390abaea45fe4d98ab669b/execute/async - {"script":"<script> [1562 bytes]","args":[{"selector":{"id":"application-manageyards-display-component---NewYard--yardId","interaction":{"idSuffix":"inner"}},"wdio_ui5_key":"applicationmanageyards-display-component---NewYard--yardId"}]}
RESULT: {"script":"<script> [1562 bytes]","args":[{"selector":{"id":"application-manageyards-display-component---NewYard--yardId","interaction":{"idSuffix":"inner"}},"wdio_ui5_key":"applicationmanageyards-display-component---NewYard--yardId"}]}
RESULT: undefined
COMMAND: POST /session/2c26340218390abaea45fe4d98ab669b/element - {"using":"xpath","value":"//*[@id=\"application-manageyards-display-component---NewYard--addressDetailDetailsName1-inner\"]"}
RESULT: {"using":"xpath","value":"//*[@id=\"application-manageyards-display-component---NewYard--addressDetailDetailsName1-inner\"]"}
COMMAND: POST /session/2c26340218390abaea45fe4d98ab669b/element/f.17291DB1E67CD9F3C23A369F0CDF7328.d.B825F7AF42B0B60F4AD3A784E4187D59.e.378/clear - {}
RESULT: {}
COMMAND: POST /session/2c26340218390abaea45fe4d98ab669b/element/f.17291DB1E67CD9F3C23A369F0CDF7328.d.B825F7AF42B0B60F4AD3A784E4187D59.e.378/value - {"text":"WebdriverYardgnnhk"}
COMMAND: GET /session/2c26340218390abaea45fe4d98ab669b/screenshot - {}
RESULT: {"text":"WebdriverYardgnnhk"}
COMMAND: POST /session/2c26340218390abaea45fe4d98ab669b/element - {"using":"xpath","value":"//*[@id=\"application-manageyards-display-component---NewYard--addressDetailDetailsLanguage-inner\"]"}
COMMAND: GET /session/2c26340218390abaea45fe4d98ab669b/screenshot - {}
RESULT: {}
RESULT: {"using":"xpath","value":"//*[@id=\"application-manageyards-display-component---NewYard--addressDetailDetailsLanguage-inner\"]"}
COMMAND: POST /session/2c26340218390abaea45fe4d98ab669b/element/f.17291DB1E67CD9F3C23A369F0CDF7328.d.B825F7AF42B0B60F4AD3A784E4187D59.e.379/clear - {}
RESULT: {}
RESULT: {}
COMMAND: POST /session/2c26340218390abaea45fe4d98ab669b/element/f.17291DB1E67CD9F3C23A369F0CDF7328.d.B825F7AF42B0B60F4AD3A784E4187D59.e.379/value - {"text":"Romanian"}
COMMAND: GET /session/2c26340218390abaea45fe4d98ab669b/screenshot - {}
RESULT: {"text":"Romanian"}
COMMAND: POST /session/2c26340218390abaea45fe4d98ab669b/element - {"using":"xpath","value":"//input[contains(@id ,\"application-manageyards-display-component---NewYard--addressDetailDetailsName1-inner\")]"}
COMMAND: GET /session/2c26340218390abaea45fe4d98ab669b/screenshot - {}
RESULT: {}
RESULT: {"using":"xpath","value":"//input[contains(@id ,\"application-manageyards-display-component---NewYard--addressDetailDetailsName1-inner\")]"}
COMMAND: GET /session/2c26340218390abaea45fe4d98ab669b/element/f.17291DB1E67CD9F3C23A369F0CDF7328.d.B825F7AF42B0B60F4AD3A784E4187D59.e.378/property/value - {}
RESULT: {}
RESULT: {}
COMMAND: GET /session/2c26340218390abaea45fe4d98ab669b/screenshot - {}
RESULT: {}
COMMAND: POST /session/2c26340218390abaea45fe4d98ab669b/element - {"using":"xpath","value":"//*[@id=\"application-manageyards-display-component---NewYard--addressDetailDetailsCity1-inner\"]"}
RESULT: {"using":"xpath","value":"//*[@id=\"application-manageyards-display-component---NewYard--addressDetailDetailsCity1-inner\"]"}
COMMAND: POST /session/2c26340218390abaea45fe4d98ab669b/element/f.17291DB1E67CD9F3C23A369F0CDF7328.d.B825F7AF42B0B60F4AD3A784E4187D59.e.381/clear - {}
RESULT: {}
COMMAND: POST /session/2c26340218390abaea45fe4d98ab669b/element/f.17291DB1E67CD9F3C23A369F0CDF7328.d.B825F7AF42B0B60F4AD3A784E4187D59.e.381/value - {"text":"Bucuresti"}
COMMAND: GET /session/2c26340218390abaea45fe4d98ab669b/screenshot - {}
RESULT: {"text":"Bucuresti"}
COMMAND: GET /session/2c26340218390abaea45fe4d98ab669b/screenshot - {}
RESULT: {}
RESULT: {}
COMMAND: POST /session/2c26340218390abaea45fe4d98ab669b/element - {"using":"xpath","value":"//*[@id=\"application-manageyards-display-component---NewYard--addressDetailDetailsCountry-inner\"]"}
RESULT: {"using":"xpath","value":"//*[@id=\"application-manageyards-display-component---NewYard--addressDetailDetailsCountry-inner\"]"}
COMMAND: POST /session/2c26340218390abaea45fe4d98ab669b/element/f.17291DB1E67CD9F3C23A369F0CDF7328.d.B825F7AF42B0B60F4AD3A784E4187D59.e.385/clear - {}
RESULT: {}
COMMAND: POST /session/2c26340218390abaea45fe4d98ab669b/element/f.17291DB1E67CD9F3C23A369F0CDF7328.d.B825F7AF42B0B60F4AD3A784E4187D59.e.385/value - {"text":"Romania"}
COMMAND: GET /session/2c26340218390abaea45fe4d98ab669b/screenshot - {}
RESULT: {"text":"Romania"}
COMMAND: GET /session/2c26340218390abaea45fe4d98ab669b/screenshot - {}
RESULT: {}
RESULT: {}
COMMAND: POST /session/2c26340218390abaea45fe4d98ab669b/element - {"using":"xpath","value":"//div[contains(text(), \"Commercial\")]"}
RESULT: {"using":"xpath","value":"//div[contains(text(), \"Commercial\")]"}
COMMAND: GET /session/2c26340218390abaea45fe4d98ab669b/element/f.17291DB1E67CD9F3C23A369F0CDF7328.d.B825F7AF42B0B60F4AD3A784E4187D59.e.583/rect - {}
RESULT: {}
COMMAND: GET /session/2c26340218390abaea45fe4d98ab669b/window/rect - {}
RESULT: {}
COMMAND: POST /session/2c26340218390abaea45fe4d98ab669b/execute/sync - {"script":"<script> [92 bytes]","args":[]}
RESULT: {"script":"<script> [92 bytes]","args":[]}
COMMAND: POST /session/2c26340218390abaea45fe4d98ab669b/actions - {"actions":[{"id":"action1","type":"wheel","parameters":{},"actions":[{"type":"scroll","x":-1841,"y":-44,"deltaX":0,"deltaY":0,"duration":0,"origin":{"element-6066-11e4-a52e-4f735466cecf":"f.17291DB1E67CD9F3C23A369F0CDF7328.d.B825F7AF42B0B60F4AD3A784E4187D59.e.583"}}]}]}
COMMAND: GET /session/2c26340218390abaea45fe4d98ab669b/screenshot - {}
RESULT: {}
COMMAND: POST /session/2c26340218390abaea45fe4d98ab669b/execute/sync - {"script":"<script> [79 bytes]","args":[{"element-6066-11e4-a52e-4f735466cecf":"f.17291DB1E67CD9F3C23A369F0CDF7328.d.B825F7AF42B0B60F4AD3A784E4187D59.e.583","ELEMENT":"f.17291DB1E67CD9F3C23A369F0CDF7328.d.B825F7AF42B0B60F4AD3A784E4187D59.e.583"},{"block":"start","inline":"nearest"}]}
RESULT: {"script":"<script> [79 bytes]","args":[{"element-6066-11e4-a52e-4f735466cecf":"f.17291DB1E67CD9F3C23A369F0CDF7328.d.B825F7AF42B0B60F4AD3A784E4187D59.e.583","ELEMENT":"f.17291DB1E67CD9F3C23A369F0CDF7328.d.B825F7AF42B0B60F4AD3A784E4187D59.e.583"},{"block":"start","inline":"nearest"}]}
COMMAND: GET /session/2c26340218390abaea45fe4d98ab669b/screenshot - {}
RESULT: {}
COMMAND: POST /session/2c26340218390abaea45fe4d98ab669b/execute/async - {"script":"<script> [1562 bytes]","args":[{"selector":{"id":"application-manageyards-display-component---NewYard--addressEditDetailsCostObjectCstType-arrow"},"wdio_ui5_key":"applicationmanageyards-display-component---NewYard--addressEditDetailsCostObjectCstType-arrow"}]}
RESULT: {"script":"<script> [1562 bytes]","args":[{"selector":{"id":"application-manageyards-display-component---NewYard--addressEditDetailsCostObjectCstType-arrow"},"wdio_ui5_key":"applicationmanageyards-display-component---NewYard--addressEditDetailsCostObjectCstType-arrow"}]}
RESULT: undefined
COMMAND: POST /session/2c26340218390abaea45fe4d98ab669b/element - {"using":"xpath","value":"//*[@id=\"application-manageyards-display-component---NewYard--addressEditDetailsCostObjectCstType-arrow\"]"}
RESULT: {"using":"xpath","value":"//*[@id=\"application-manageyards-display-component---NewYard--addressEditDetailsCostObjectCstType-arrow\"]"}
COMMAND: POST /session/2c26340218390abaea45fe4d98ab669b/element/f.17291DB1E67CD9F3C23A369F0CDF7328.d.B825F7AF42B0B60F4AD3A784E4187D59.e.591/click - {}
RESULT: {}
COMMAND: POST /session/2c26340218390abaea45fe4d98ab669b/element - {"using":"xpath","value":"//span[contains(text(), \"Cost Center\")]"}
COMMAND: GET /session/2c26340218390abaea45fe4d98ab669b/screenshot - {}
RESULT: {"using":"xpath","value":"//span[contains(text(), \"Cost Center\")]"}
COMMAND: POST /session/2c26340218390abaea45fe4d98ab669b/element/f.17291DB1E67CD9F3C23A369F0CDF7328.d.B825F7AF42B0B60F4AD3A784E4187D59.e.592/click - {}
RESULT: {}
RESULT: {}
COMMAND: GET /session/2c26340218390abaea45fe4d98ab669b/screenshot - {}
RESULT: {}
COMMAND: POST /session/2c26340218390abaea45fe4d98ab669b/execute/async - {"script":"<script> [1562 bytes]","args":[{"selector":{"id":"application-manageyards-display-component---NewYard--addressNewCostObjectCstID-vhi"},"wdio_ui5_key":"applicationmanageyards-display-component---NewYard--addressNewCostObjectCstID-vhi"}]}
RESULT: {"script":"<script> [1562 bytes]","args":[{"selector":{"id":"application-manageyards-display-component---NewYard--addressNewCostObjectCstID-vhi"},"wdio_ui5_key":"applicationmanageyards-display-component---NewYard--addressNewCostObjectCstID-vhi"}]}
RESULT: undefined
COMMAND: POST /session/2c26340218390abaea45fe4d98ab669b/element - {"using":"xpath","value":"//*[@id=\"application-manageyards-display-component---NewYard--addressNewCostObjectCstID-vhi\"]"}
RESULT: {"using":"xpath","value":"//*[@id=\"application-manageyards-display-component---NewYard--addressNewCostObjectCstID-vhi\"]"}
COMMAND: POST /session/2c26340218390abaea45fe4d98ab669b/element/f.17291DB1E67CD9F3C23A369F0CDF7328.d.B825F7AF42B0B60F4AD3A784E4187D59.e.595/click - {}
RESULT: {}
COMMAND: GET /session/2c26340218390abaea45fe4d98ab669b/screenshot - {}
RESULT: {}
COMMAND: POST /session/2c26340218390abaea45fe4d98ab669b/execute/async - {"script":"<script> [1562 bytes]","args":[{"selector":{"controlType":"sap.m.SearchField","properties":{"placeholder":"Search"},"searchOpenDialogs":true,"interaction":{"idSuffix":"I"}},"wdio_ui5_key":"sapm.SearchField{\"placeholder\":\"Search\"}"}]}
RESULT: {"script":"<script> [1562 bytes]","args":[{"selector":{"controlType":"sap.m.SearchField","properties":{"placeholder":"Search"},"searchOpenDialogs":true,"interaction":{"idSuffix":"I"}},"wdio_ui5_key":"sapm.SearchField{\"placeholder\":\"Search\"}"}]}
RESULT: undefined
COMMAND: POST /session/2c26340218390abaea45fe4d98ab669b/execute/async - {"script":"<script> [776 bytes]","args":[{"enterText":"10001013","selector":{"controlType":"sap.m.SearchField","properties":{"placeholder":"Search"},"searchOpenDialogs":true,"interaction":{"idSuffix":"I"}},"clearTextFirst":true,"interactionType":"ENTER_TEXT"}]}
RESULT: {"script":"<script> [776 bytes]","args":[{"enterText":"10001013","selector":{"controlType":"sap.m.SearchField","properties":{"placeholder":"Search"},"searchOpenDialogs":true,"interaction":{"idSuffix":"I"}},"clearTextFirst":true,"interactionType":"ENTER_TEXT"}]}
COMMAND: POST /session/2c26340218390abaea45fe4d98ab669b/actions - {"actions":[{"id":"action2","type":"key","parameters":{},"actions":[{"type":"keyDown","value":""},{"type":"pause","duration":10},{"type":"keyUp","value":""}]}]}
RESULT: {"actions":[{"id":"action2","type":"key","parameters":{},"actions":[{"type":"keyDown","value":""},{"type":"pause","duration":10},{"type":"keyUp","value":""}]}]}
COMMAND: GET /session/2c26340218390abaea45fe4d98ab669b/screenshot - {}
RESULT: {}
COMMAND: POST /session/2c26340218390abaea45fe4d98ab669b/element - {"using":"xpath","value":"//span[contains(text(), \"General Management\")]"}
RESULT: {"using":"xpath","value":"//span[contains(text(), \"General Management\")]"}
COMMAND: POST /session/2c26340218390abaea45fe4d98ab669b/element/f.17291DB1E67CD9F3C23A369F0CDF7328.d.B825F7AF42B0B60F4AD3A784E4187D59.e.635/click - {}
RESULT: {}
COMMAND: GET /session/2c26340218390abaea45fe4d98ab669b/screenshot - {}
RESULT: {}
COMMAND: POST /session/2c26340218390abaea45fe4d98ab669b/element - {"using":"xpath","value":"//bdi[contains(text(), \"OK\")]"}
RESULT: {"using":"xpath","value":"//bdi[contains(text(), \"OK\")]"}
COMMAND: POST /session/2c26340218390abaea45fe4d98ab669b/element/f.17291DB1E67CD9F3C23A369F0CDF7328.d.B825F7AF42B0B60F4AD3A784E4187D59.e.636/click - {}
RESULT: {}
COMMAND: GET /session/2c26340218390abaea45fe4d98ab669b/screenshot - {}
RESULT: {}
COMMAND: POST /session/2c26340218390abaea45fe4d98ab669b/execute/async - {"script":"<script> [1562 bytes]","args":[{"selector":{"controlType":"sap.m.Button","viewName":"etm.portal.ui.manageyards.view.New","viewId":"application-manageyards-display-component---NewYard","i18NText":{"propertyName":"text","key":"save"},"interaction":{"idSuffix":"inner"}},"wdio_ui5_key":"etmportal.ui.manageyards.view.Newsap.m.Button{\"propertyName\":\"text\",\"key\":\"save\"}"}]}
RESULT: {"script":"<script> [1562 bytes]","args":[{"selector":{"controlType":"sap.m.Button","viewName":"etm.portal.ui.manageyards.view.New","viewId":"application-manageyards-display-component---NewYard","i18NText":{"propertyName":"text","key":"save"},"interaction":{"idSuffix":"inner"}},"wdio_ui5_key":"etmportal.ui.manageyards.view.Newsap.m.Button{\"propertyName\":\"text\",\"key\":\"save\"}"}]}
RESULT: undefined
COMMAND: POST /session/2c26340218390abaea45fe4d98ab669b/element - {"using":"xpath","value":"//*[@id=\"__button18\"]"}
RESULT: {"using":"xpath","value":"//*[@id=\"__button18\"]"}
COMMAND: POST /session/2c26340218390abaea45fe4d98ab669b/element/f.17291DB1E67CD9F3C23A369F0CDF7328.d.B825F7AF42B0B60F4AD3A784E4187D59.e.559/click - {}
RESULT: {}
COMMAND: GET /session/2c26340218390abaea45fe4d98ab669b/screenshot - {}
RESULT: {}
COMMAND: POST /session/2c26340218390abaea45fe4d98ab669b/element - {"using":"xpath","value":"//header/div/div[2]/div[2]/span"}
RESULT: {"using":"xpath","value":"//header/div/div[2]/div[2]/span"}
COMMAND: GET /session/2c26340218390abaea45fe4d98ab669b/element/f.17291DB1E67CD9F3C23A369F0CDF7328.d.B825F7AF42B0B60F4AD3A784E4187D59.e.833/text - {}
RESULT: {}
COMMAND: POST /session/2c26340218390abaea45fe4d98ab669b/execute/async - {"script":"<script> [1562 bytes]","args":[{"selector":{"controlType":"sap.m.OverflowToolbarButton","viewName":"etm.portal.ui.manageyards.view.Detail","viewId":"application-manageyards-display-component---detailYard","i18NText":{"propertyName":"tooltip","key":"closeColumn"},"interaction":{"idSuffix":"inner"}},"wdio_ui5_key":"etmportal.ui.manageyards.view.Detailsap.m.OverflowToolbarButton{\"propertyName\":\"tooltip\",\"key\":\"closeColumn\"}"}]}
RESULT: {"script":"<script> [1562 bytes]","args":[{"selector":{"controlType":"sap.m.OverflowToolbarButton","viewName":"etm.portal.ui.manageyards.view.Detail","viewId":"application-manageyards-display-component---detailYard","i18NText":{"propertyName":"tooltip","key":"closeColumn"},"interaction":{"idSuffix":"inner"}},"wdio_ui5_key":"etmportal.ui.manageyards.view.Detailsap.m.OverflowToolbarButton{\"propertyName\":\"tooltip\",\"key\":\"closeColumn\"}"}]}
RESULT: undefined
COMMAND: POST /session/2c26340218390abaea45fe4d98ab669b/element - {"using":"xpath","value":"//*[@id=\"__button42\"]"}
RESULT: {"using":"xpath","value":"//*[@id=\"__button42\"]"}
COMMAND: POST /session/2c26340218390abaea45fe4d98ab669b/element/f.17291DB1E67CD9F3C23A369F0CDF7328.d.B825F7AF42B0B60F4AD3A784E4187D59.e.835/click - {}
RESULT: {}
COMMAND: GET /session/2c26340218390abaea45fe4d98ab669b/screenshot - {}
RESULT: {}
COMMAND: POST /session/2c26340218390abaea45fe4d98ab669b/element - {"using":"css selector","value":"#shell-header-logo"}
RESULT: {"using":"css selector","value":"#shell-header-logo"}
COMMAND: POST /session/2c26340218390abaea45fe4d98ab669b/element/f.17291DB1E67CD9F3C23A369F0CDF7328.d.B825F7AF42B0B60F4AD3A784E4187D59.e.120/click - {}
RESULT: {}
COMMAND: GET /session/2c26340218390abaea45fe4d98ab669b/screenshot - {}
RESULT: {}
COMMAND: POST /session/2c26340218390abaea45fe4d98ab669b/refresh - {}
RESULT: {}
COMMAND: GET /session/2c26340218390abaea45fe4d98ab669b/screenshot - {}
RESULT: {}
COMMAND: POST /session/2c26340218390abaea45fe4d98ab669b/execute/async - {"script":"<script> [189 bytes]","args":[]}
RESULT: {"script":"<script> [189 bytes]","args":[]}
COMMAND: POST /session/2c26340218390abaea45fe4d98ab669b/execute/async - {"script":"<script> [123 bytes]","args":[]}
RESULT: {"script":"<script> [123 bytes]","args":[]}
COMMAND: POST /session/2c26340218390abaea45fe4d98ab669b/timeouts - {"script":"<number>"}
RESULT: {"script":"<number>"}
COMMAND: GET /session/2c26340218390abaea45fe4d98ab669b/timeouts - {}
RESULT: {}
RESULT: undefined
COMMAND: POST /session/2c26340218390abaea45fe4d98ab669b/execute/async - {"script":"<script> [2676 bytes]","args":[]}
RESULT: {"script":"<script> [2676 bytes]","args":[]}
COMMAND: POST /session/2c26340218390abaea45fe4d98ab669b/execute/async - {"script":"<script> [2342 bytes]","args":[{"protocol":"http","hostname":"0.0.0.0","path":"/","capabilities":{"browserName":"chrome","goog:chromeOptions":{"binary":"C:\\Program Files\\Google\\Chrome\\Application\\chrome.exe"}},"logLevel":"warn","connectionRetryTimeout":120000,"connectionRetryCount":3,"logLevels":{},"enableDirectConnect":true,"strictSSL":true,"_":"65 more keys: [\"cacheDir\",\"port\",\"requestedCapabilities\",\"automationProtocol\",\"baseUrl\",\"waitforInterval\",\"waitforTimeout\",\"onReload\",\"beforeCommand\",\"afterCommand\",\"rootDir\",\"specs\",\"suites\",\"exclude\",\"groupLogsByTestSpec\",\"excludeDriverLogs\",\"bail\",\"framework\",\"reporters\",\"services\",\"maxInstances\",\"maxInstancesPerCapability\",\"injectGlobals\",\"filesToWatch\",\"execArgv\",\"runnerEnv\",\"runner\",\"shard\",\"specFileRetries\",\"specFileRetriesDelay\",\"specFileRetriesDeferred\",\"reporterSyncInterval\",\"reporterSyncTimeout\",\"cucumberFeaturesWithLineNumbers\",\"autoCompileOpts\",\"mochaOpts\",\"jasmineOpts\",\"cucumberOpts\",\"onPrepare\",\"onWorkerStart\",\"onWorkerEnd\",\"before\",\"beforeSession\",\"beforeSuite\",\"beforeHook\",\"beforeTest\",\"afterTest\",\"afterHook\",\"afterSuite\",\"afterSession\",\"after\",\"onComplete\",\"beforeAssertion\",\"afterAssertion\",\"beforeFeature\",\"beforeScenario\",\"beforeStep\",\"afterStep\",\"afterScenario\",\"afterFeature\",\"_\",\"suite\",\"$0\",\"ignoredWorkerServices\",\"wdi5\"]"}]}
RESULT: {"script":"<script> [2342 bytes]","args":[{"protocol":"http","hostname":"0.0.0.0","path":"/","capabilities":{"browserName":"chrome","goog:chromeOptions":{"binary":"C:\\Program Files\\Google\\Chrome\\Application\\chrome.exe"}},"logLevel":"warn","connectionRetryTimeout":120000,"connectionRetryCount":3,"logLevels":{},"enableDirectConnect":true,"strictSSL":true,"_":"65 more keys: [\"cacheDir\",\"port\",\"requestedCapabilities\",\"automationProtocol\",\"baseUrl\",\"waitforInterval\",\"waitforTimeout\",\"onReload\",\"beforeCommand\",\"afterCommand\",\"rootDir\",\"specs\",\"suites\",\"exclude\",\"groupLogsByTestSpec\",\"excludeDriverLogs\",\"bail\",\"framework\",\"reporters\",\"services\",\"maxInstances\",\"maxInstancesPerCapability\",\"injectGlobals\",\"filesToWatch\",\"execArgv\",\"runnerEnv\",\"runner\",\"shard\",\"specFileRetries\",\"specFileRetriesDelay\",\"specFileRetriesDeferred\",\"reporterSyncInterval\",\"reporterSyncTimeout\",\"cucumberFeaturesWithLineNumbers\",\"autoCompileOpts\",\"mochaOpts\",\"jasmineOpts\",\"cucumberOpts\",\"onPrepare\",\"onWorkerStart\",\"onWorkerEnd\",\"before\",\"beforeSession\",\"beforeSuite\",\"beforeHook\",\"beforeTest\",\"afterTest\",\"afterHook\",\"afterSuite\",\"afterSession\",\"after\",\"onComplete\",\"beforeAssertion\",\"afterAssertion\",\"beforeFeature\",\"beforeScenario\",\"beforeStep\",\"afterStep\",\"afterScenario\",\"afterFeature\",\"_\",\"suite\",\"$0\",\"ignoredWorkerServices\",\"wdi5\"]"}]}
COMMAND: POST /session/2c26340218390abaea45fe4d98ab669b/execute/async - {"script":"<script> [21126 bytes]","args":[35000]}
RESULT: {"script":"<script> [21126 bytes]","args":[35000]}
COMMAND: POST /session/2c26340218390abaea45fe4d98ab669b/execute/async - {"script":"<script> [1562 bytes]","args":[{"selector":{"controlType":"sap.m.GenericTile","properties":{"header":"Manage Partners"}},"wdio_ui5_key":"sapm.GenericTile{\"header\":\"Manage Partners\"}"}]}
RESULT: {"script":"<script> [1562 bytes]","args":[{"selector":{"controlType":"sap.m.GenericTile","properties":{"header":"Manage Partners"}},"wdio_ui5_key":"sapm.GenericTile{\"header\":\"Manage Partners\"}"}]}
RESULT: undefined
COMMAND: POST /session/2c26340218390abaea45fe4d98ab669b/element - {"using":"xpath","value":"//*[@id=\"__tile38\"]"}
RESULT: {"using":"xpath","value":"//*[@id=\"__tile38\"]"}
COMMAND: POST /session/2c26340218390abaea45fe4d98ab669b/element/f.17291DB1E67CD9F3C23A369F0CDF7328.d.5A430F1BFACE93BD8BEB666DA9D0B84C.e.1192/click - {}
RESULT: {}
COMMAND: GET /session/2c26340218390abaea45fe4d98ab669b/screenshot - {}
RESULT: {}
COMMAND: POST /session/2c26340218390abaea45fe4d98ab669b/execute/async - {"script":"<script> [1562 bytes]","args":[{"selector":{"controlType":"sap.ui.core.Icon","viewName":"etm.portal.ui.managepartners.view.Master","viewId":"application-managepartners-display-component---masterPtm","properties":{"src":{"regex":{"source":"add"}}}},"wdio_ui5_key":"etmportal.ui.managepartners.view.Mastersap.ui.core.Icon{\"src\":{\"regex\":{\"source\":\"add\"}}}"}]}
RESULT: {"script":"<script> [1562 bytes]","args":[{"selector":{"controlType":"sap.ui.core.Icon","viewName":"etm.portal.ui.managepartners.view.Master","viewId":"application-managepartners-display-component---masterPtm","properties":{"src":{"regex":{"source":"add"}}}},"wdio_ui5_key":"etmportal.ui.managepartners.view.Mastersap.ui.core.Icon{\"src\":{\"regex\":{\"source\":\"add\"}}}"}]}
RESULT: undefined
COMMAND: POST /session/2c26340218390abaea45fe4d98ab669b/element - {"using":"xpath","value":"//*[@id=\"__button4-img\"]"}
RESULT: {"using":"xpath","value":"//*[@id=\"__button4-img\"]"}
COMMAND: POST /session/2c26340218390abaea45fe4d98ab669b/element/f.17291DB1E67CD9F3C23A369F0CDF7328.d.5A430F1BFACE93BD8BEB666DA9D0B84C.e.1243/click - {}
RESULT: {}
COMMAND: GET /session/2c26340218390abaea45fe4d98ab669b/screenshot - {}
RESULT: {}
COMMAND: POST /session/2c26340218390abaea45fe4d98ab669b/execute/async - {"script":"<script> [1562 bytes]","args":[{"selector":{"id":"application-managepartners-display-component---NewPartner--partnerId","interaction":{"idSuffix":"inner"}},"wdio_ui5_key":"applicationmanagepartners-display-component---NewPartner--partnerId"}]}
RESULT: {"script":"<script> [1562 bytes]","args":[{"selector":{"id":"application-managepartners-display-component---NewPartner--partnerId","interaction":{"idSuffix":"inner"}},"wdio_ui5_key":"applicationmanagepartners-display-component---NewPartner--partnerId"}]}
RESULT: undefined
COMMAND: POST /session/2c26340218390abaea45fe4d98ab669b/execute/async - {"script":"<script> [1562 bytes]","args":[{"selector":{"id":"application-managepartners-display-component---NewPartner--addressDetailDetailsName1","interaction":{"idSuffix":"inner"}},"wdio_ui5_key":"applicationmanagepartners-display-component---NewPartner--addressDetailDetailsName1"}]}
RESULT: {"script":"<script> [1562 bytes]","args":[{"selector":{"id":"application-managepartners-display-component---NewPartner--addressDetailDetailsName1","interaction":{"idSuffix":"inner"}},"wdio_ui5_key":"applicationmanagepartners-display-component---NewPartner--addressDetailDetailsName1"}]}
RESULT: undefined
COMMAND: POST /session/2c26340218390abaea45fe4d98ab669b/execute/async - {"script":"<script> [776 bytes]","args":[{"enterText":"WebdriverPartneruu6y7i","selector":{"id":"application-managepartners-display-component---NewPartner--addressDetailDetailsName1","interaction":{"idSuffix":"inner"}},"clearTextFirst":true,"interactionType":"ENTER_TEXT"}]}
RESULT: {"script":"<script> [776 bytes]","args":[{"enterText":"WebdriverPartneruu6y7i","selector":{"id":"application-managepartners-display-component---NewPartner--addressDetailDetailsName1","interaction":{"idSuffix":"inner"}},"clearTextFirst":true,"interactionType":"ENTER_TEXT"}]}
COMMAND: POST /session/2c26340218390abaea45fe4d98ab669b/execute/async - {"script":"<script> [1562 bytes]","args":[{"selector":{"id":"application-managepartners-display-component---NewPartner--addressDetailDetailsLanguage","interaction":{"idSuffix":"inner"}},"wdio_ui5_key":"applicationmanagepartners-display-component---NewPartner--addressDetailDetailsLanguage"}]}
RESULT: {"script":"<script> [1562 bytes]","args":[{"selector":{"id":"application-managepartners-display-component---NewPartner--addressDetailDetailsLanguage","interaction":{"idSuffix":"inner"}},"wdio_ui5_key":"applicationmanagepartners-display-component---NewPartner--addressDetailDetailsLanguage"}]}
RESULT: undefined
COMMAND: POST /session/2c26340218390abaea45fe4d98ab669b/execute/async - {"script":"<script> [776 bytes]","args":[{"enterText":"Romanian","selector":{"id":"application-managepartners-display-component---NewPartner--addressDetailDetailsLanguage","interaction":{"idSuffix":"inner"}},"clearTextFirst":true,"interactionType":"ENTER_TEXT"}]}
RESULT: {"script":"<script> [776 bytes]","args":[{"enterText":"Romanian","selector":{"id":"application-managepartners-display-component---NewPartner--addressDetailDetailsLanguage","interaction":{"idSuffix":"inner"}},"clearTextFirst":true,"interactionType":"ENTER_TEXT"}]}
COMMAND: POST /session/2c26340218390abaea45fe4d98ab669b/element - {"using":"xpath","value":"//input[contains(@id ,\"application-managepartners-display-component---NewPartner--addressDetailDetailsName1-inner\")]"}
RESULT: {"using":"xpath","value":"//input[contains(@id ,\"application-managepartners-display-component---NewPartner--addressDetailDetailsName1-inner\")]"}
COMMAND: GET /session/2c26340218390abaea45fe4d98ab669b/element/f.17291DB1E67CD9F3C23A369F0CDF7328.d.5A430F1BFACE93BD8BEB666DA9D0B84C.e.1416/property/value - {}
RESULT: {}
COMMAND: POST /session/2c26340218390abaea45fe4d98ab669b/execute/async - {"script":"<script> [1562 bytes]","args":[{"selector":{"id":"application-managepartners-display-component---NewPartner--addressDetailDetailsCity1","interaction":{"idSuffix":"inner"}},"wdio_ui5_key":"applicationmanagepartners-display-component---NewPartner--addressDetailDetailsCity1"}]}
COMMAND: GET /session/2c26340218390abaea45fe4d98ab669b/screenshot - {}
RESULT: {"script":"<script> [1562 bytes]","args":[{"selector":{"id":"application-managepartners-display-component---NewPartner--addressDetailDetailsCity1","interaction":{"idSuffix":"inner"}},"wdio_ui5_key":"applicationmanagepartners-display-component---NewPartner--addressDetailDetailsCity1"}]}
RESULT: undefined
COMMAND: POST /session/2c26340218390abaea45fe4d98ab669b/execute/async - {"script":"<script> [776 bytes]","args":[{"enterText":"Bucharest","selector":{"id":"application-managepartners-display-component---NewPartner--addressDetailDetailsCity1","interaction":{"idSuffix":"inner"}},"clearTextFirst":true,"interactionType":"ENTER_TEXT"}]}
RESULT: {}
RESULT: {"script":"<script> [776 bytes]","args":[{"enterText":"Bucharest","selector":{"id":"application-managepartners-display-component---NewPartner--addressDetailDetailsCity1","interaction":{"idSuffix":"inner"}},"clearTextFirst":true,"interactionType":"ENTER_TEXT"}]}
COMMAND: POST /session/2c26340218390abaea45fe4d98ab669b/execute/async - {"script":"<script> [1562 bytes]","args":[{"selector":{"id":"application-managepartners-display-component---NewPartner--addressDetailDetailsCountry","interaction":{"idSuffix":"inner"}},"wdio_ui5_key":"applicationmanagepartners-display-component---NewPartner--addressDetailDetailsCountry"}]}
RESULT: {"script":"<script> [1562 bytes]","args":[{"selector":{"id":"application-managepartners-display-component---NewPartner--addressDetailDetailsCountry","interaction":{"idSuffix":"inner"}},"wdio_ui5_key":"applicationmanagepartners-display-component---NewPartner--addressDetailDetailsCountry"}]}
RESULT: undefined
COMMAND: POST /session/2c26340218390abaea45fe4d98ab669b/execute/async - {"script":"<script> [6424 bytes]","args":[{"element-6066-11e4-a52e-4f735466cecf":"f.17291DB1E67CD9F3C23A369F0CDF7328.d.5A430F1BFACE93BD8BEB666DA9D0B84C.e.1423"},"setValue",["Romania"]]}
RESULT: {"script":"<script> [6424 bytes]","args":[{"element-6066-11e4-a52e-4f735466cecf":"f.17291DB1E67CD9F3C23A369F0CDF7328.d.5A430F1BFACE93BD8BEB666DA9D0B84C.e.1423"},"setValue",["Romania"]]}
COMMAND: POST /session/2c26340218390abaea45fe4d98ab669b/execute/async - {"script":"<script> [1562 bytes]","args":[{"selector":{"id":"application-managepartners-display-component---NewPartner--partnerDetailInternal","interaction":{"idSuffix":"inner"}},"wdio_ui5_key":"applicationmanagepartners-display-component---NewPartner--partnerDetailInternal"}]}
RESULT: {"script":"<script> [1562 bytes]","args":[{"selector":{"id":"application-managepartners-display-component---NewPartner--partnerDetailInternal","interaction":{"idSuffix":"inner"}},"wdio_ui5_key":"applicationmanagepartners-display-component---NewPartner--partnerDetailInternal"}]}
RESULT: undefined
COMMAND: POST /session/2c26340218390abaea45fe4d98ab669b/execute/async - {"script":"<script> [776 bytes]","args":[{"enterText":"External partner","selector":{"id":"application-managepartners-display-component---NewPartner--partnerDetailInternal","interaction":{"idSuffix":"inner"}},"clearTextFirst":true,"interactionType":"ENTER_TEXT"}]}
RESULT: {"script":"<script> [776 bytes]","args":[{"enterText":"External partner","selector":{"id":"application-managepartners-display-component---NewPartner--partnerDetailInternal","interaction":{"idSuffix":"inner"}},"clearTextFirst":true,"interactionType":"ENTER_TEXT"}]}
COMMAND: POST /session/2c26340218390abaea45fe4d98ab669b/execute/async - {"script":"<script> [1562 bytes]","args":[{"selector":{"id":"application-managepartners-display-component---NewPartner--partnerDetailsCurrency","interaction":{"idSuffix":"inner"}},"wdio_ui5_key":"applicationmanagepartners-display-component---NewPartner--partnerDetailsCurrency"}]}
RESULT: {"script":"<script> [1562 bytes]","args":[{"selector":{"id":"application-managepartners-display-component---NewPartner--partnerDetailsCurrency","interaction":{"idSuffix":"inner"}},"wdio_ui5_key":"applicationmanagepartners-display-component---NewPartner--partnerDetailsCurrency"}]}
RESULT: undefined
COMMAND: POST /session/2c26340218390abaea45fe4d98ab669b/execute/async - {"script":"<script> [776 bytes]","args":[{"enterText":"Euro","selector":{"id":"application-managepartners-display-component---NewPartner--partnerDetailsCurrency","interaction":{"idSuffix":"inner"}},"clearTextFirst":true,"interactionType":"ENTER_TEXT"}]}
RESULT: {"script":"<script> [776 bytes]","args":[{"enterText":"Euro","selector":{"id":"application-managepartners-display-component---NewPartner--partnerDetailsCurrency","interaction":{"idSuffix":"inner"}},"clearTextFirst":true,"interactionType":"ENTER_TEXT"}]}
COMMAND: POST /session/2c26340218390abaea45fe4d98ab669b/execute/async - {"script":"<script> [1562 bytes]","args":[{"selector":{"controlType":"sap.m.Button","viewName":"etm.portal.ui.managepartners.view.NewPartner","viewId":"application-managepartners-display-component---NewPartner","properties":{"text":"Commercial"},"interaction":{"idSuffix":"BDI-content"}},"wdio_ui5_key":"etmportal.ui.managepartners.view.NewPartnersap.m.Button{\"text\":\"Commercial\"}"}]}
RESULT: {"script":"<script> [1562 bytes]","args":[{"selector":{"controlType":"sap.m.Button","viewName":"etm.portal.ui.managepartners.view.NewPartner","viewId":"application-managepartners-display-component---NewPartner","properties":{"text":"Commercial"},"interaction":{"idSuffix":"BDI-content"}},"wdio_ui5_key":"etmportal.ui.managepartners.view.NewPartnersap.m.Button{\"text\":\"Commercial\"}"}]}
RESULT: undefined
COMMAND: POST /session/2c26340218390abaea45fe4d98ab669b/element - {"using":"xpath","value":"//*[@id=\"application-managepartners-display-component---NewPartner--ObjectPageLayout-anchBar-__section5-anchor\"]"}
RESULT: {"using":"xpath","value":"//*[@id=\"application-managepartners-display-component---NewPartner--ObjectPageLayout-anchBar-__section5-anchor\"]"}
COMMAND: POST /session/2c26340218390abaea45fe4d98ab669b/element/f.17291DB1E67CD9F3C23A369F0CDF7328.d.5A430F1BFACE93BD8BEB666DA9D0B84C.e.1668/click - {}
RESULT: {}
COMMAND: GET /session/2c26340218390abaea45fe4d98ab669b/screenshot - {}
RESULT: {}
COMMAND: POST /session/2c26340218390abaea45fe4d98ab669b/execute/async - {"script":"<script> [1562 bytes]","args":[{"selector":{"id":"application-managepartners-display-component---NewPartner--btnAddTableRow-img"},"wdio_ui5_key":"applicationmanagepartners-display-component---NewPartner--btnAddTableRow-img"}]}
RESULT: {"script":"<script> [1562 bytes]","args":[{"selector":{"id":"application-managepartners-display-component---NewPartner--btnAddTableRow-img"},"wdio_ui5_key":"applicationmanagepartners-display-component---NewPartner--btnAddTableRow-img"}]}
RESULT: undefined
COMMAND: POST /session/2c26340218390abaea45fe4d98ab669b/element - {"using":"xpath","value":"//*[@id=\"application-managepartners-display-component---NewPartner--btnAddTableRow-img\"]"}
RESULT: {"using":"xpath","value":"//*[@id=\"application-managepartners-display-component---NewPartner--btnAddTableRow-img\"]"}
COMMAND: POST /session/2c26340218390abaea45fe4d98ab669b/element/f.17291DB1E67CD9F3C23A369F0CDF7328.d.5A430F1BFACE93BD8BEB666DA9D0B84C.e.1674/click - {}
RESULT: {}
COMMAND: POST /session/2c26340218390abaea45fe4d98ab669b/element - {"using":"xpath","value":"//input[contains(@id ,\"application-managepartners-display-component---NewPartner--assignmentYard-application-managepartners-display-component---NewPartner\")]"}
COMMAND: GET /session/2c26340218390abaea45fe4d98ab669b/screenshot - {}
RESULT: {"using":"xpath","value":"//input[contains(@id ,\"application-managepartners-display-component---NewPartner--assignmentYard-application-managepartners-display-component---NewPartner\")]"}
COMMAND: POST /session/2c26340218390abaea45fe4d98ab669b/element/f.17291DB1E67CD9F3C23A369F0CDF7328.d.5A430F1BFACE93BD8BEB666DA9D0B84C.e.1677/clear - {}
RESULT: {}
RESULT: {}
COMMAND: POST /session/2c26340218390abaea45fe4d98ab669b/element/f.17291DB1E67CD9F3C23A369F0CDF7328.d.5A430F1BFACE93BD8BEB666DA9D0B84C.e.1677/value - {"text":"244"}
COMMAND: GET /session/2c26340218390abaea45fe4d98ab669b/screenshot - {}
RESULT: {"text":"244"}
COMMAND: POST /session/2c26340218390abaea45fe4d98ab669b/execute/async - {"script":"<script> [1562 bytes]","args":[{"selector":{"controlType":"sap.m.Button","viewName":"etm.portal.ui.managepartners.view.NewPartner","viewId":"application-managepartners-display-component---NewPartner","i18NText":{"propertyName":"text","key":"save"},"interaction":{"idSuffix":"BDI-content"}},"wdio_ui5_key":"etmportal.ui.managepartners.view.NewPartnersap.m.Button{\"propertyName\":\"text\",\"key\":\"save\"}"}]}
COMMAND: GET /session/2c26340218390abaea45fe4d98ab669b/screenshot - {}
RESULT: {}
RESULT: {"script":"<script> [1562 bytes]","args":[{"selector":{"controlType":"sap.m.Button","viewName":"etm.portal.ui.managepartners.view.NewPartner","viewId":"application-managepartners-display-component---NewPartner","i18NText":{"propertyName":"text","key":"save"},"interaction":{"idSuffix":"BDI-content"}},"wdio_ui5_key":"etmportal.ui.managepartners.view.NewPartnersap.m.Button{\"propertyName\":\"text\",\"key\":\"save\"}"}]}
RESULT: undefined
COMMAND: POST /session/2c26340218390abaea45fe4d98ab669b/element - {"using":"xpath","value":"//*[@id=\"__button12\"]"}
RESULT: {}
RESULT: {"using":"xpath","value":"//*[@id=\"__button12\"]"}
COMMAND: POST /session/2c26340218390abaea45fe4d98ab669b/element/f.17291DB1E67CD9F3C23A369F0CDF7328.d.5A430F1BFACE93BD8BEB666DA9D0B84C.e.1589/click - {}
RESULT: {}
COMMAND: GET /session/2c26340218390abaea45fe4d98ab669b/screenshot - {}
RESULT: {}
COMMAND: POST /session/2c26340218390abaea45fe4d98ab669b/element - {"using":"xpath","value":"//header/div/div[2]/div[2]/span"}
RESULT: {"using":"xpath","value":"//header/div/div[2]/div[2]/span"}
COMMAND: GET /session/2c26340218390abaea45fe4d98ab669b/element/f.17291DB1E67CD9F3C23A369F0CDF7328.d.5A430F1BFACE93BD8BEB666DA9D0B84C.e.1844/text - {}
RESULT: {}
COMMAND: POST /session/2c26340218390abaea45fe4d98ab669b/element - {"using":"xpath","value":"//header/div/div/div/div/div/div[2]/div/span"}
RESULT: {"using":"xpath","value":"//header/div/div/div/div/div/div[2]/div/span"}
COMMAND: GET /session/2c26340218390abaea45fe4d98ab669b/element/f.17291DB1E67CD9F3C23A369F0CDF7328.d.5A430F1BFACE93BD8BEB666DA9D0B84C.e.1845/text - {}
RESULT: {}
COMMAND: POST /session/2c26340218390abaea45fe4d98ab669b/execute/async - {"script":"<script> [1562 bytes]","args":[{"selector":{"id":"application-managepartners-display-component---detailPtm--partnerType"},"wdio_ui5_key":"applicationmanagepartners-display-component---detailPtm--partnerType"}]}
RESULT: {"script":"<script> [1562 bytes]","args":[{"selector":{"id":"application-managepartners-display-component---detailPtm--partnerType"},"wdio_ui5_key":"applicationmanagepartners-display-component---detailPtm--partnerType"}]}
RESULT: undefined
COMMAND: POST /session/2c26340218390abaea45fe4d98ab669b/execute/async - {"script":"<script> [6424 bytes]","args":[{"element-6066-11e4-a52e-4f735466cecf":"f.17291DB1E67CD9F3C23A369F0CDF7328.d.5A430F1BFACE93BD8BEB666DA9D0B84C.e.1846"},"getText",[]]}
RESULT: {"script":"<script> [6424 bytes]","args":[{"element-6066-11e4-a52e-4f735466cecf":"f.17291DB1E67CD9F3C23A369F0CDF7328.d.5A430F1BFACE93BD8BEB666DA9D0B84C.e.1846"},"getText",[]]}
COMMAND: POST /session/2c26340218390abaea45fe4d98ab669b/element - {"using":"css selector","value":"#shell-header-logo"}
RESULT: {"using":"css selector","value":"#shell-header-logo"}
COMMAND: POST /session/2c26340218390abaea45fe4d98ab669b/element/f.17291DB1E67CD9F3C23A369F0CDF7328.d.5A430F1BFACE93BD8BEB666DA9D0B84C.e.1195/click - {}
RESULT: {}
COMMAND: GET /session/2c26340218390abaea45fe4d98ab669b/screenshot - {}
RESULT: {}
COMMAND: POST /session/2c26340218390abaea45fe4d98ab669b/execute/async - {"script":"<script> [1562 bytes]","args":[{"selector":{"controlType":"sap.m.GenericTile","properties":{"header":"Manage Sites"}},"wdio_ui5_key":"sapm.GenericTile{\"header\":\"Manage Sites\"}"}]}
RESULT: {"script":"<script> [1562 bytes]","args":[{"selector":{"controlType":"sap.m.GenericTile","properties":{"header":"Manage Sites"}},"wdio_ui5_key":"sapm.GenericTile{\"header\":\"Manage Sites\"}"}]}
RESULT: undefined
COMMAND: POST /session/2c26340218390abaea45fe4d98ab669b/element - {"using":"xpath","value":"//*[@id=\"__tile40\"]"}
RESULT: {"using":"xpath","value":"//*[@id=\"__tile40\"]"}
COMMAND: POST /session/2c26340218390abaea45fe4d98ab669b/element/f.17291DB1E67CD9F3C23A369F0CDF7328.d.5A430F1BFACE93BD8BEB666DA9D0B84C.e.1848/click - {}
RESULT: {}
COMMAND: GET /session/2c26340218390abaea45fe4d98ab669b/screenshot - {}
RESULT: {}
COMMAND: POST /session/2c26340218390abaea45fe4d98ab669b/execute/async - {"script":"<script> [1562 bytes]","args":[{"selector":{"controlType":"sap.ui.core.Icon","viewName":"etm.portal.ui.managesites.view.Master","viewId":"application-managesites-display-component---masterSite","properties":{"src":{"regex":{"source":"add"}}}},"wdio_ui5_key":"etmportal.ui.managesites.view.Mastersap.ui.core.Icon{\"src\":{\"regex\":{\"source\":\"add\"}}}"}]}
RESULT: {"script":"<script> [1562 bytes]","args":[{"selector":{"controlType":"sap.ui.core.Icon","viewName":"etm.portal.ui.managesites.view.Master","viewId":"application-managesites-display-component---masterSite","properties":{"src":{"regex":{"source":"add"}}}},"wdio_ui5_key":"etmportal.ui.managesites.view.Mastersap.ui.core.Icon{\"src\":{\"regex\":{\"source\":\"add\"}}}"}]}
RESULT: undefined
COMMAND: POST /session/2c26340218390abaea45fe4d98ab669b/element - {"using":"xpath","value":"//*[@id=\"__button52-img\"]"}
RESULT: {"using":"xpath","value":"//*[@id=\"__button52-img\"]"}
COMMAND: POST /session/2c26340218390abaea45fe4d98ab669b/element/f.17291DB1E67CD9F3C23A369F0CDF7328.d.5A430F1BFACE93BD8BEB666DA9D0B84C.e.1896/click - {}
RESULT: {}
COMMAND: POST /session/2c26340218390abaea45fe4d98ab669b/execute/async - {"script":"<script> [1562 bytes]","args":[{"selector":{"id":"application-managesites-display-component---NewSite--siteId","interaction":{"idSuffix":"inner"}},"wdio_ui5_key":"applicationmanagesites-display-component---NewSite--siteId"}]}
COMMAND: GET /session/2c26340218390abaea45fe4d98ab669b/screenshot - {}
RESULT: {"script":"<script> [1562 bytes]","args":[{"selector":{"id":"application-managesites-display-component---NewSite--siteId","interaction":{"idSuffix":"inner"}},"wdio_ui5_key":"applicationmanagesites-display-component---NewSite--siteId"}]}
RESULT: undefined
COMMAND: POST /session/2c26340218390abaea45fe4d98ab669b/execute/async - {"script":"<script> [1562 bytes]","args":[{"selector":{"id":"application-managesites-display-component---NewSite--addressDetailDetailsName1","interaction":{"idSuffix":"inner"}},"wdio_ui5_key":"applicationmanagesites-display-component---NewSite--addressDetailDetailsName1"}]}
RESULT: {}
RESULT: {"script":"<script> [1562 bytes]","args":[{"selector":{"id":"application-managesites-display-component---NewSite--addressDetailDetailsName1","interaction":{"idSuffix":"inner"}},"wdio_ui5_key":"applicationmanagesites-display-component---NewSite--addressDetailDetailsName1"}]}
RESULT: undefined
COMMAND: POST /session/2c26340218390abaea45fe4d98ab669b/execute/async - {"script":"<script> [776 bytes]","args":[{"enterText":"WebdriverSitez7ij4","selector":{"id":"application-managesites-display-component---NewSite--addressDetailDetailsName1","interaction":{"idSuffix":"inner"}},"clearTextFirst":true,"interactionType":"ENTER_TEXT"}]}
RESULT: {"script":"<script> [776 bytes]","args":[{"enterText":"WebdriverSitez7ij4","selector":{"id":"application-managesites-display-component---NewSite--addressDetailDetailsName1","interaction":{"idSuffix":"inner"}},"clearTextFirst":true,"interactionType":"ENTER_TEXT"}]}
COMMAND: POST /session/2c26340218390abaea45fe4d98ab669b/execute/async - {"script":"<script> [1562 bytes]","args":[{"selector":{"id":"application-managesites-display-component---NewSite--addressDetailDetailsLanguage","interaction":{"idSuffix":"inner"}},"wdio_ui5_key":"applicationmanagesites-display-component---NewSite--addressDetailDetailsLanguage"}]}
RESULT: {"script":"<script> [1562 bytes]","args":[{"selector":{"id":"application-managesites-display-component---NewSite--addressDetailDetailsLanguage","interaction":{"idSuffix":"inner"}},"wdio_ui5_key":"applicationmanagesites-display-component---NewSite--addressDetailDetailsLanguage"}]}
RESULT: undefined
COMMAND: POST /session/2c26340218390abaea45fe4d98ab669b/execute/async - {"script":"<script> [776 bytes]","args":[{"enterText":"Romanian","selector":{"id":"application-managesites-display-component---NewSite--addressDetailDetailsLanguage","interaction":{"idSuffix":"inner"}},"clearTextFirst":true,"interactionType":"ENTER_TEXT"}]}
RESULT: {"script":"<script> [776 bytes]","args":[{"enterText":"Romanian","selector":{"id":"application-managesites-display-component---NewSite--addressDetailDetailsLanguage","interaction":{"idSuffix":"inner"}},"clearTextFirst":true,"interactionType":"ENTER_TEXT"}]}
COMMAND: POST /session/2c26340218390abaea45fe4d98ab669b/execute/async - {"script":"<script> [1562 bytes]","args":[{"selector":{"id":"application-managesites-display-component---NewSite--addressDetailDetailsCity1","interaction":{"idSuffix":"inner"}},"wdio_ui5_key":"applicationmanagesites-display-component---NewSite--addressDetailDetailsCity1"}]}
RESULT: {"script":"<script> [1562 bytes]","args":[{"selector":{"id":"application-managesites-display-component---NewSite--addressDetailDetailsCity1","interaction":{"idSuffix":"inner"}},"wdio_ui5_key":"applicationmanagesites-display-component---NewSite--addressDetailDetailsCity1"}]}
RESULT: undefined
COMMAND: POST /session/2c26340218390abaea45fe4d98ab669b/execute/async - {"script":"<script> [776 bytes]","args":[{"enterText":"Bucharest","selector":{"id":"application-managesites-display-component---NewSite--addressDetailDetailsCity1","interaction":{"idSuffix":"inner"}},"clearTextFirst":true,"interactionType":"ENTER_TEXT"}]}
RESULT: {"script":"<script> [776 bytes]","args":[{"enterText":"Bucharest","selector":{"id":"application-managesites-display-component---NewSite--addressDetailDetailsCity1","interaction":{"idSuffix":"inner"}},"clearTextFirst":true,"interactionType":"ENTER_TEXT"}]}
COMMAND: POST /session/2c26340218390abaea45fe4d98ab669b/execute/async - {"script":"<script> [1562 bytes]","args":[{"selector":{"id":"application-managesites-display-component---NewSite--addressDetailDetailsCountry","interaction":{"idSuffix":"inner"}},"wdio_ui5_key":"applicationmanagesites-display-component---NewSite--addressDetailDetailsCountry"}]}
RESULT: {"script":"<script> [1562 bytes]","args":[{"selector":{"id":"application-managesites-display-component---NewSite--addressDetailDetailsCountry","interaction":{"idSuffix":"inner"}},"wdio_ui5_key":"applicationmanagesites-display-component---NewSite--addressDetailDetailsCountry"}]}
RESULT: undefined
COMMAND: POST /session/2c26340218390abaea45fe4d98ab669b/execute/async - {"script":"<script> [776 bytes]","args":[{"enterText":"Romania","selector":{"id":"application-managesites-display-component---NewSite--addressDetailDetailsCountry","interaction":{"idSuffix":"inner"}},"clearTextFirst":true,"interactionType":"ENTER_TEXT"}]}
RESULT: {"script":"<script> [776 bytes]","args":[{"enterText":"Romania","selector":{"id":"application-managesites-display-component---NewSite--addressDetailDetailsCountry","interaction":{"idSuffix":"inner"}},"clearTextFirst":true,"interactionType":"ENTER_TEXT"}]}
COMMAND: POST /session/2c26340218390abaea45fe4d98ab669b/element - {"using":"css selector","value":"#application-managesites-display-component---NewSite--addressDetailDetailsCalendar-inner"}
RESULT: {"using":"css selector","value":"#application-managesites-display-component---NewSite--addressDetailDetailsCalendar-inner"}
COMMAND: POST /session/2c26340218390abaea45fe4d98ab669b/element/f.17291DB1E67CD9F3C23A369F0CDF7328.d.5A430F1BFACE93BD8BEB666DA9D0B84C.e.2279/clear - {}
RESULT: {}
COMMAND: POST /session/2c26340218390abaea45fe4d98ab669b/element/f.17291DB1E67CD9F3C23A369F0CDF7328.d.5A430F1BFACE93BD8BEB666DA9D0B84C.e.2279/value - {"text":"Germany"}
COMMAND: GET /session/2c26340218390abaea45fe4d98ab669b/screenshot - {}
RESULT: {"text":"Germany"}
COMMAND: POST /session/2c26340218390abaea45fe4d98ab669b/execute/async - {"script":"<script> [1562 bytes]","args":[{"selector":{"id":"application-managesites-display-component---NewSite--addressEditDetailsCostObjectCstType-arrow"},"wdio_ui5_key":"applicationmanagesites-display-component---NewSite--addressEditDetailsCostObjectCstType-arrow"}]}
COMMAND: GET /session/2c26340218390abaea45fe4d98ab669b/screenshot - {}
RESULT: {}
RESULT: {"script":"<script> [1562 bytes]","args":[{"selector":{"id":"application-managesites-display-component---NewSite--addressEditDetailsCostObjectCstType-arrow"},"wdio_ui5_key":"applicationmanagesites-display-component---NewSite--addressEditDetailsCostObjectCstType-arrow"}]}
RESULT: undefined
COMMAND: POST /session/2c26340218390abaea45fe4d98ab669b/element - {"using":"xpath","value":"//*[@id=\"application-managesites-display-component---NewSite--addressEditDetailsCostObjectCstType-arrow\"]"}
RESULT: {}
RESULT: {"using":"xpath","value":"//*[@id=\"application-managesites-display-component---NewSite--addressEditDetailsCostObjectCstType-arrow\"]"}
COMMAND: POST /session/2c26340218390abaea45fe4d98ab669b/element/f.17291DB1E67CD9F3C23A369F0CDF7328.d.5A430F1BFACE93BD8BEB666DA9D0B84C.e.2468/click - {}
RESULT: {}
COMMAND: POST /session/2c26340218390abaea45fe4d98ab669b/element - {"using":"xpath","value":"//span[contains(text(), \"Work Breakdown Structure\")]"}
COMMAND: GET /session/2c26340218390abaea45fe4d98ab669b/screenshot - {}
RESULT: {"using":"xpath","value":"//span[contains(text(), \"Work Breakdown Structure\")]"}
COMMAND: POST /session/2c26340218390abaea45fe4d98ab669b/element/f.17291DB1E67CD9F3C23A369F0CDF7328.d.5A430F1BFACE93BD8BEB666DA9D0B84C.e.2470/click - {}
RESULT: {}
RESULT: {}
COMMAND: GET /session/2c26340218390abaea45fe4d98ab669b/screenshot - {}
RESULT: {}
COMMAND: POST /session/2c26340218390abaea45fe4d98ab669b/execute/async - {"script":"<script> [1562 bytes]","args":[{"selector":{"id":"application-managesites-display-component---NewSite--addressNewCostObjectCstID-vhi"},"wdio_ui5_key":"applicationmanagesites-display-component---NewSite--addressNewCostObjectCstID-vhi"}]}
RESULT: {"script":"<script> [1562 bytes]","args":[{"selector":{"id":"application-managesites-display-component---NewSite--addressNewCostObjectCstID-vhi"},"wdio_ui5_key":"applicationmanagesites-display-component---NewSite--addressNewCostObjectCstID-vhi"}]}
RESULT: undefined
COMMAND: POST /session/2c26340218390abaea45fe4d98ab669b/element - {"using":"xpath","value":"//*[@id=\"application-managesites-display-component---NewSite--addressNewCostObjectCstID-vhi\"]"}
RESULT: {"using":"xpath","value":"//*[@id=\"application-managesites-display-component---NewSite--addressNewCostObjectCstID-vhi\"]"}
COMMAND: POST /session/2c26340218390abaea45fe4d98ab669b/element/f.17291DB1E67CD9F3C23A369F0CDF7328.d.5A430F1BFACE93BD8BEB666DA9D0B84C.e.2473/click - {}
RESULT: {}
COMMAND: GET /session/2c26340218390abaea45fe4d98ab669b/screenshot - {}
RESULT: {}
COMMAND: POST /session/2c26340218390abaea45fe4d98ab669b/execute/async - {"script":"<script> [1562 bytes]","args":[{"selector":{"controlType":"sap.m.SearchField","properties":{"placeholder":"Search"},"searchOpenDialogs":true,"interaction":{"idSuffix":"I"}},"wdio_ui5_key":"sapm.SearchField{\"placeholder\":\"Search\"}"}]}
RESULT: {"script":"<script> [1562 bytes]","args":[{"selector":{"controlType":"sap.m.SearchField","properties":{"placeholder":"Search"},"searchOpenDialogs":true,"interaction":{"idSuffix":"I"}},"wdio_ui5_key":"sapm.SearchField{\"placeholder\":\"Search\"}"}]}
RESULT: undefined
COMMAND: POST /session/2c26340218390abaea45fe4d98ab669b/execute/async - {"script":"<script> [776 bytes]","args":[{"enterText":"A1-000100-01","selector":{"controlType":"sap.m.SearchField","properties":{"placeholder":"Search"},"searchOpenDialogs":true,"interaction":{"idSuffix":"I"}},"clearTextFirst":true,"interactionType":"ENTER_TEXT"}]}
RESULT: {"script":"<script> [776 bytes]","args":[{"enterText":"A1-000100-01","selector":{"controlType":"sap.m.SearchField","properties":{"placeholder":"Search"},"searchOpenDialogs":true,"interaction":{"idSuffix":"I"}},"clearTextFirst":true,"interactionType":"ENTER_TEXT"}]}
COMMAND: POST /session/2c26340218390abaea45fe4d98ab669b/actions - {"actions":[{"id":"action3","type":"key","parameters":{},"actions":[{"type":"keyDown","value":""},{"type":"pause","duration":10},{"type":"keyUp","value":""}]}]}
RESULT: {"actions":[{"id":"action3","type":"key","parameters":{},"actions":[{"type":"keyDown","value":""},{"type":"pause","duration":10},{"type":"keyUp","value":""}]}]}
COMMAND: GET /session/2c26340218390abaea45fe4d98ab669b/screenshot - {}
RESULT: {}
COMMAND: POST /session/2c26340218390abaea45fe4d98ab669b/element - {"using":"xpath","value":"//span[contains(text(), \"Template for ETO-Process\")]"}
RESULT: {"using":"xpath","value":"//span[contains(text(), \"Template for ETO-Process\")]"}
COMMAND: POST /session/2c26340218390abaea45fe4d98ab669b/element/f.17291DB1E67CD9F3C23A369F0CDF7328.d.5A430F1BFACE93BD8BEB666DA9D0B84C.e.2493/click - {}
RESULT: {}
COMMAND: GET /session/2c26340218390abaea45fe4d98ab669b/screenshot - {}
RESULT: {}
COMMAND: POST /session/2c26340218390abaea45fe4d98ab669b/element - {"using":"xpath","value":"//bdi[contains(text(), \"OK\")]"}
RESULT: {"using":"xpath","value":"//bdi[contains(text(), \"OK\")]"}
COMMAND: POST /session/2c26340218390abaea45fe4d98ab669b/element/f.17291DB1E67CD9F3C23A369F0CDF7328.d.5A430F1BFACE93BD8BEB666DA9D0B84C.e.2494/click - {}
RESULT: {}
COMMAND: GET /session/2c26340218390abaea45fe4d98ab669b/screenshot - {}
RESULT: {}
COMMAND: POST /session/2c26340218390abaea45fe4d98ab669b/element - {"using":"xpath","value":"//input[@id=\"application-managesites-display-component---NewSite--addressDetailDetailsYard-inner\"]"}
RESULT: {"using":"xpath","value":"//input[@id=\"application-managesites-display-component---NewSite--addressDetailDetailsYard-inner\"]"}
COMMAND: POST /session/2c26340218390abaea45fe4d98ab669b/element/f.17291DB1E67CD9F3C23A369F0CDF7328.d.5A430F1BFACE93BD8BEB666DA9D0B84C.e.2280/value - {"text":"244"}
RESULT: {"text":"244"}
COMMAND: GET /session/2c26340218390abaea45fe4d98ab669b/screenshot - {}
RESULT: {}
COMMAND: POST /session/2c26340218390abaea45fe4d98ab669b/actions - {"actions":[{"id":"action4","type":"key","parameters":{},"actions":[{"type":"keyDown","value":""},{"type":"pause","duration":10},{"type":"keyUp","value":""}]}]}
RESULT: {"actions":[{"id":"action4","type":"key","parameters":{},"actions":[{"type":"keyDown","value":""},{"type":"pause","duration":10},{"type":"keyUp","value":""}]}]}
COMMAND: GET /session/2c26340218390abaea45fe4d98ab669b/screenshot - {}
RESULT: {}
COMMAND: POST /session/2c26340218390abaea45fe4d98ab669b/element - {"using":"xpath","value":"//input[@id=\"application-managesites-display-component---NewSite--addressDetailDetailsPartner-inner\"]"}
RESULT: {"using":"xpath","value":"//input[@id=\"application-managesites-display-component---NewSite--addressDetailDetailsPartner-inner\"]"}
COMMAND: POST /session/2c26340218390abaea45fe4d98ab669b/elements - {"using":"xpath","value":"//input[@id=\"application-managesites-display-component---NewSite--addressDetailDetailsPartner-inner\"]"}
RESULT: {"using":"xpath","value":"//input[@id=\"application-managesites-display-component---NewSite--addressDetailDetailsPartner-inner\"]"}
COMMAND: POST /session/2c26340218390abaea45fe4d98ab669b/execute/async - {"script":"<script> [1562 bytes]","args":[{"selector":{"controlType":"sap.m.Button","viewName":"etm.portal.ui.managesites.view.NewSmartSite","viewId":"application-managesites-display-component---NewSite","properties":{"text":"Commercial"},"interaction":{"idSuffix":"BDI-content"}},"wdio_ui5_key":"etmportal.ui.managesites.view.NewSmartSitesap.m.Button{\"text\":\"Commercial\"}"}]}
RESULT: {"script":"<script> [1562 bytes]","args":[{"selector":{"controlType":"sap.m.Button","viewName":"etm.portal.ui.managesites.view.NewSmartSite","viewId":"application-managesites-display-component---NewSite","properties":{"text":"Commercial"},"interaction":{"idSuffix":"BDI-content"}},"wdio_ui5_key":"etmportal.ui.managesites.view.NewSmartSitesap.m.Button{\"text\":\"Commercial\"}"}]}
RESULT: undefined
COMMAND: POST /session/2c26340218390abaea45fe4d98ab669b/element - {"using":"xpath","value":"//*[@id=\"application-managesites-display-component---NewSite--ObjectPageLayout-anchBar-__section31-anchor\"]"}
RESULT: {"using":"xpath","value":"//*[@id=\"application-managesites-display-component---NewSite--ObjectPageLayout-anchBar-__section31-anchor\"]"}
COMMAND: POST /session/2c26340218390abaea45fe4d98ab669b/element/f.17291DB1E67CD9F3C23A369F0CDF7328.d.5A430F1BFACE93BD8BEB666DA9D0B84C.e.2501/click - {}
RESULT: {}
COMMAND: POST /session/2c26340218390abaea45fe4d98ab669b/execute/async - {"script":"<script> [1562 bytes]","args":[{"selector":{"controlType":"sap.m.Button","viewName":"etm.portal.ui.managesites.view.NewSmartSite","viewId":"application-managesites-display-component---NewSite","i18NText":{"propertyName":"text","key":"save"},"interaction":{"idSuffix":"BDI-content"}},"wdio_ui5_key":"etmportal.ui.managesites.view.NewSmartSitesap.m.Button{\"propertyName\":\"text\",\"key\":\"save\"}"}]}
COMMAND: GET /session/2c26340218390abaea45fe4d98ab669b/screenshot - {}
RESULT: {"script":"<script> [1562 bytes]","args":[{"selector":{"controlType":"sap.m.Button","viewName":"etm.portal.ui.managesites.view.NewSmartSite","viewId":"application-managesites-display-component---NewSite","i18NText":{"propertyName":"text","key":"save"},"interaction":{"idSuffix":"BDI-content"}},"wdio_ui5_key":"etmportal.ui.managesites.view.NewSmartSitesap.m.Button{\"propertyName\":\"text\",\"key\":\"save\"}"}]}
RESULT: undefined
COMMAND: POST /session/2c26340218390abaea45fe4d98ab669b/element - {"using":"xpath","value":"//*[@id=\"__button64\"]"}
RESULT: {}
RESULT: {"using":"xpath","value":"//*[@id=\"__button64\"]"}
COMMAND: POST /session/2c26340218390abaea45fe4d98ab669b/element/f.17291DB1E67CD9F3C23A369F0CDF7328.d.5A430F1BFACE93BD8BEB666DA9D0B84C.e.2445/click - {}
RESULT: {}
COMMAND: GET /session/2c26340218390abaea45fe4d98ab669b/screenshot - {}
RESULT: {}
COMMAND: POST /session/2c26340218390abaea45fe4d98ab669b/execute/async - {"script":"<script> [1562 bytes]","args":[{"selector":{"id":"application-managesites-display-component---detailSite--addressDetailDetailsYardText"},"wdio_ui5_key":"applicationmanagesites-display-component---detailSite--addressDetailDetailsYardText"}]}
RESULT: {"script":"<script> [1562 bytes]","args":[{"selector":{"id":"application-managesites-display-component---detailSite--addressDetailDetailsYardText"},"wdio_ui5_key":"applicationmanagesites-display-component---detailSite--addressDetailDetailsYardText"}]}
RESULT: undefined
COMMAND: POST /session/2c26340218390abaea45fe4d98ab669b/element - {"using":"xpath","value":"//header/div/div[2]/div[2]/span"}
RESULT: {"using":"xpath","value":"//header/div/div[2]/div[2]/span"}
COMMAND: GET /session/2c26340218390abaea45fe4d98ab669b/element/f.17291DB1E67CD9F3C23A369F0CDF7328.d.5A430F1BFACE93BD8BEB666DA9D0B84C.e.2711/text - {}
RESULT: {}
COMMAND: POST /session/2c26340218390abaea45fe4d98ab669b/element - {"using":"xpath","value":"//header/div/div/div/div/div/div[2]/div/span"}
RESULT: {"using":"xpath","value":"//header/div/div/div/div/div/div[2]/div/span"}
COMMAND: GET /session/2c26340218390abaea45fe4d98ab669b/element/f.17291DB1E67CD9F3C23A369F0CDF7328.d.5A430F1BFACE93BD8BEB666DA9D0B84C.e.2712/text - {}
RESULT: {}
COMMAND: POST /session/2c26340218390abaea45fe4d98ab669b/element - {"using":"css selector","value":"#shell-header-logo"}
RESULT: {"using":"css selector","value":"#shell-header-logo"}
COMMAND: POST /session/2c26340218390abaea45fe4d98ab669b/element/f.17291DB1E67CD9F3C23A369F0CDF7328.d.5A430F1BFACE93BD8BEB666DA9D0B84C.e.1852/click - {}
RESULT: {}
COMMAND: GET /session/2c26340218390abaea45fe4d98ab669b/screenshot - {}
RESULT: {}
]]></system-out>
    </testcase>
    <testcase classname="chrome.135_0_7049_42.windows.E2E_-_Logistical_and_commercial_statuses" name="It should stock increase the resource" time="200.115">
      <system-out><![CDATA[
COMMAND: POST /session/2c26340218390abaea45fe4d98ab669b/execute/async - {"script":"<script> [1562 bytes]","args":[{"selector":{"controlType":"sap.m.GenericTile","properties":{"header":"Manage Resources"}},"wdio_ui5_key":"sapm.GenericTile{\"header\":\"Manage Resources\"}"}]}
RESULT: {"script":"<script> [1562 bytes]","args":[{"selector":{"controlType":"sap.m.GenericTile","properties":{"header":"Manage Resources"}},"wdio_ui5_key":"sapm.GenericTile{\"header\":\"Manage Resources\"}"}]}
RESULT: undefined
COMMAND: POST /session/2c26340218390abaea45fe4d98ab669b/element - {"using":"xpath","value":"//*[@id=\"__tile39\"]"}
RESULT: {"using":"xpath","value":"//*[@id=\"__tile39\"]"}
COMMAND: POST /session/2c26340218390abaea45fe4d98ab669b/element/f.17291DB1E67CD9F3C23A369F0CDF7328.d.5A430F1BFACE93BD8BEB666DA9D0B84C.e.2715/click - {}
RESULT: {}
COMMAND: GET /session/2c26340218390abaea45fe4d98ab669b/screenshot - {}
RESULT: {}
RESULT: undefined
COMMAND: POST /session/2c26340218390abaea45fe4d98ab669b/element - {"using":"xpath","value":"//button[@data-kt=\"addNewRUOverflowToolbarButton\"]"}
RESULT: {"using":"xpath","value":"//button[@data-kt=\"addNewRUOverflowToolbarButton\"]"}
COMMAND: POST /session/2c26340218390abaea45fe4d98ab669b/execute/sync - {"script":"<script> [8489 bytes]","args":[{"element-6066-11e4-a52e-4f735466cecf":"f.17291DB1E67CD9F3C23A369F0CDF7328.d.5A430F1BFACE93BD8BEB666DA9D0B84C.e.2757","ELEMENT":"f.17291DB1E67CD9F3C23A369F0CDF7328.d.5A430F1BFACE93BD8BEB666DA9D0B84C.e.2757"}]}
RESULT: {"script":"<script> [8489 bytes]","args":[{"element-6066-11e4-a52e-4f735466cecf":"f.17291DB1E67CD9F3C23A369F0CDF7328.d.5A430F1BFACE93BD8BEB666DA9D0B84C.e.2757","ELEMENT":"f.17291DB1E67CD9F3C23A369F0CDF7328.d.5A430F1BFACE93BD8BEB666DA9D0B84C.e.2757"}]}
COMMAND: POST /session/2c26340218390abaea45fe4d98ab669b/element/f.17291DB1E67CD9F3C23A369F0CDF7328.d.5A430F1BFACE93BD8BEB666DA9D0B84C.e.2757/click - {}
COMMAND: GET /session/2c26340218390abaea45fe4d98ab669b/screenshot - {}
RESULT: {}
COMMAND: POST /session/2c26340218390abaea45fe4d98ab669b/execute/async - {"script":"<script> [1562 bytes]","args":[{"selector":{"id":"application-manageresources-display-component---newResourceUnit--TYPE-arrow"},"wdio_ui5_key":"applicationmanageresources-display-component---newResourceUnit--TYPE-arrow"}]}
COMMAND: GET /session/2c26340218390abaea45fe4d98ab669b/screenshot - {}
RESULT: {}
RESULT: {"script":"<script> [1562 bytes]","args":[{"selector":{"id":"application-manageresources-display-component---newResourceUnit--TYPE-arrow"},"wdio_ui5_key":"applicationmanageresources-display-component---newResourceUnit--TYPE-arrow"}]}
RESULT: undefined
COMMAND: POST /session/2c26340218390abaea45fe4d98ab669b/element - {"using":"xpath","value":"//*[@id=\"application-manageresources-display-component---newResourceUnit--TYPE-arrow\"]"}
RESULT: {}
RESULT: {"using":"xpath","value":"//*[@id=\"application-manageresources-display-component---newResourceUnit--TYPE-arrow\"]"}
COMMAND: POST /session/2c26340218390abaea45fe4d98ab669b/element/f.17291DB1E67CD9F3C23A369F0CDF7328.d.5A430F1BFACE93BD8BEB666DA9D0B84C.e.3085/click - {}
RESULT: {}
COMMAND: POST /session/2c26340218390abaea45fe4d98ab669b/execute/async - {"script":"<script> [1562 bytes]","args":[{"selector":{"controlType":"sap.m.StandardListItem","viewName":"reusables.view.manageresources.NewResourceUnit","viewId":"application-manageresources-display-component---newResourceUnit","properties":{"title":"Material"},"searchOpenDialogs":true,"interaction":{"idSuffix":"titleText"}},"wdio_ui5_key":"reusablesview.manageresources.NewResourceUnitsap.m.StandardListItem{\"title\":\"Material\"}"}]}
COMMAND: GET /session/2c26340218390abaea45fe4d98ab669b/screenshot - {}
RESULT: {"script":"<script> [1562 bytes]","args":[{"selector":{"controlType":"sap.m.StandardListItem","viewName":"reusables.view.manageresources.NewResourceUnit","viewId":"application-manageresources-display-component---newResourceUnit","properties":{"title":"Material"},"searchOpenDialogs":true,"interaction":{"idSuffix":"titleText"}},"wdio_ui5_key":"reusablesview.manageresources.NewResourceUnitsap.m.StandardListItem{\"title\":\"Material\"}"}]}
RESULT: undefined
COMMAND: POST /session/2c26340218390abaea45fe4d98ab669b/element - {"using":"xpath","value":"//*[@id=\"__item843\"]"}
RESULT: {}
RESULT: {"using":"xpath","value":"//*[@id=\"__item843\"]"}
COMMAND: POST /session/2c26340218390abaea45fe4d98ab669b/element/f.17291DB1E67CD9F3C23A369F0CDF7328.d.5A430F1BFACE93BD8BEB666DA9D0B84C.e.3088/click - {}
RESULT: {}
COMMAND: POST /session/2c26340218390abaea45fe4d98ab669b/execute/async - {"script":"<script> [1562 bytes]","args":[{"selector":{"id":"application-manageresources-display-component---newResourceUnit--SHORT_TEXT","interaction":{"idSuffix":"inner"}},"wdio_ui5_key":"applicationmanageresources-display-component---newResourceUnit--SHORT_TEXT"}]}
COMMAND: GET /session/2c26340218390abaea45fe4d98ab669b/screenshot - {}
RESULT: {"script":"<script> [1562 bytes]","args":[{"selector":{"id":"application-manageresources-display-component---newResourceUnit--SHORT_TEXT","interaction":{"idSuffix":"inner"}},"wdio_ui5_key":"applicationmanageresources-display-component---newResourceUnit--SHORT_TEXT"}]}
RESULT: undefined
COMMAND: POST /session/2c26340218390abaea45fe4d98ab669b/execute/async - {"script":"<script> [776 bytes]","args":[{"enterText":"WebdriverRUR2C75hfr","selector":{"id":"application-manageresources-display-component---newResourceUnit--SHORT_TEXT","interaction":{"idSuffix":"inner"}},"clearTextFirst":true,"interactionType":"ENTER_TEXT"}]}
RESULT: {}
RESULT: {"script":"<script> [776 bytes]","args":[{"enterText":"WebdriverRUR2C75hfr","selector":{"id":"application-manageresources-display-component---newResourceUnit--SHORT_TEXT","interaction":{"idSuffix":"inner"}},"clearTextFirst":true,"interactionType":"ENTER_TEXT"}]}
COMMAND: POST /session/2c26340218390abaea45fe4d98ab669b/execute/async - {"script":"<script> [1562 bytes]","args":[{"selector":{"id":"application-manageresources-display-component---newResourceUnit--BASE_UNIT_OF_MEASURE-arrow"},"wdio_ui5_key":"applicationmanageresources-display-component---newResourceUnit--BASE_UNIT_OF_MEASURE-arrow"}]}
RESULT: {"script":"<script> [1562 bytes]","args":[{"selector":{"id":"application-manageresources-display-component---newResourceUnit--BASE_UNIT_OF_MEASURE-arrow"},"wdio_ui5_key":"applicationmanageresources-display-component---newResourceUnit--BASE_UNIT_OF_MEASURE-arrow"}]}
RESULT: undefined
COMMAND: POST /session/2c26340218390abaea45fe4d98ab669b/element - {"using":"xpath","value":"//*[@id=\"application-manageresources-display-component---newResourceUnit--BASE_UNIT_OF_MEASURE-arrow\"]"}
RESULT: {"using":"xpath","value":"//*[@id=\"application-manageresources-display-component---newResourceUnit--BASE_UNIT_OF_MEASURE-arrow\"]"}
COMMAND: POST /session/2c26340218390abaea45fe4d98ab669b/element/f.17291DB1E67CD9F3C23A369F0CDF7328.d.5A430F1BFACE93BD8BEB666DA9D0B84C.e.3144/click - {}
RESULT: {}
COMMAND: POST /session/2c26340218390abaea45fe4d98ab669b/execute/async - {"script":"<script> [1562 bytes]","args":[{"selector":{"controlType":"sap.m.StandardListItem","viewName":"reusables.view.manageresources.NewResourceUnit","viewId":"application-manageresources-display-component---newResourceUnit","properties":{"title":"Piece"},"searchOpenDialogs":true,"interaction":{"idSuffix":"titleText"}},"wdio_ui5_key":"reusablesview.manageresources.NewResourceUnitsap.m.StandardListItem{\"title\":\"Piece\"}"}]}
COMMAND: GET /session/2c26340218390abaea45fe4d98ab669b/screenshot - {}
RESULT: {"script":"<script> [1562 bytes]","args":[{"selector":{"controlType":"sap.m.StandardListItem","viewName":"reusables.view.manageresources.NewResourceUnit","viewId":"application-manageresources-display-component---newResourceUnit","properties":{"title":"Piece"},"searchOpenDialogs":true,"interaction":{"idSuffix":"titleText"}},"wdio_ui5_key":"reusablesview.manageresources.NewResourceUnitsap.m.StandardListItem{\"title\":\"Piece\"}"}]}
RESULT: undefined
COMMAND: POST /session/2c26340218390abaea45fe4d98ab669b/element - {"using":"xpath","value":"//*[@id=\"__item887\"]"}
RESULT: {}
RESULT: {"using":"xpath","value":"//*[@id=\"__item887\"]"}
COMMAND: POST /session/2c26340218390abaea45fe4d98ab669b/element/f.17291DB1E67CD9F3C23A369F0CDF7328.d.5A430F1BFACE93BD8BEB666DA9D0B84C.e.3146/click - {}
RESULT: {}
COMMAND: POST /session/2c26340218390abaea45fe4d98ab669b/element - {"using":"xpath","value":"//input[contains(@id ,\"application-manageresources-display-component---newResourceUnit--SHORT_TEXT-inner\")]"}
COMMAND: GET /session/2c26340218390abaea45fe4d98ab669b/screenshot - {}
RESULT: {"using":"xpath","value":"//input[contains(@id ,\"application-manageresources-display-component---newResourceUnit--SHORT_TEXT-inner\")]"}
COMMAND: GET /session/2c26340218390abaea45fe4d98ab669b/element/f.17291DB1E67CD9F3C23A369F0CDF7328.d.5A430F1BFACE93BD8BEB666DA9D0B84C.e.3105/property/value - {}
RESULT: {}
RESULT: {}
COMMAND: POST /session/2c26340218390abaea45fe4d98ab669b/execute/async - {"script":"<script> [1562 bytes]","args":[{"selector":{"id":"application-manageresources-display-component---newResourceUnit--WEIGHT_UNIT-arrow"},"wdio_ui5_key":"applicationmanageresources-display-component---newResourceUnit--WEIGHT_UNIT-arrow"}]}
COMMAND: GET /session/2c26340218390abaea45fe4d98ab669b/screenshot - {}
RESULT: {"script":"<script> [1562 bytes]","args":[{"selector":{"id":"application-manageresources-display-component---newResourceUnit--WEIGHT_UNIT-arrow"},"wdio_ui5_key":"applicationmanageresources-display-component---newResourceUnit--WEIGHT_UNIT-arrow"}]}
RESULT: undefined
COMMAND: POST /session/2c26340218390abaea45fe4d98ab669b/element - {"using":"xpath","value":"//*[@id=\"application-manageresources-display-component---newResourceUnit--WEIGHT_UNIT-arrow\"]"}
RESULT: {}
RESULT: {"using":"xpath","value":"//*[@id=\"application-manageresources-display-component---newResourceUnit--WEIGHT_UNIT-arrow\"]"}
COMMAND: POST /session/2c26340218390abaea45fe4d98ab669b/element/f.17291DB1E67CD9F3C23A369F0CDF7328.d.5A430F1BFACE93BD8BEB666DA9D0B84C.e.3147/click - {}
RESULT: {}
COMMAND: POST /session/2c26340218390abaea45fe4d98ab669b/execute/async - {"script":"<script> [1562 bytes]","args":[{"selector":{"controlType":"sap.m.StandardListItem","viewName":"reusables.view.manageresources.NewResourceUnit","viewId":"application-manageresources-display-component---newResourceUnit","properties":{"title":"Gram"},"searchOpenDialogs":true,"interaction":{"idSuffix":"content"}},"wdio_ui5_key":"reusablesview.manageresources.NewResourceUnitsap.m.StandardListItem{\"title\":\"Gram\"}"}]}
COMMAND: GET /session/2c26340218390abaea45fe4d98ab669b/screenshot - {}
RESULT: {"script":"<script> [1562 bytes]","args":[{"selector":{"controlType":"sap.m.StandardListItem","viewName":"reusables.view.manageresources.NewResourceUnit","viewId":"application-manageresources-display-component---newResourceUnit","properties":{"title":"Gram"},"searchOpenDialogs":true,"interaction":{"idSuffix":"content"}},"wdio_ui5_key":"reusablesview.manageresources.NewResourceUnitsap.m.StandardListItem{\"title\":\"Gram\"}"}]}
RESULT: undefined
COMMAND: POST /session/2c26340218390abaea45fe4d98ab669b/element - {"using":"xpath","value":"//*[@id=\"__item952\"]"}
RESULT: {}
RESULT: {"using":"xpath","value":"//*[@id=\"__item952\"]"}
COMMAND: POST /session/2c26340218390abaea45fe4d98ab669b/element/f.17291DB1E67CD9F3C23A369F0CDF7328.d.5A430F1BFACE93BD8BEB666DA9D0B84C.e.3149/click - {}
RESULT: {}
COMMAND: POST /session/2c26340218390abaea45fe4d98ab669b/execute/async - {"script":"<script> [1562 bytes]","args":[{"selector":{"id":"application-manageresources-display-component---newResourceUnit--newRRUPage-OPHeaderContent-collapseBtn-img"},"wdio_ui5_key":"applicationmanageresources-display-component---newResourceUnit--newRRUPage-OPHeaderContent-collapseBtn-img"}]}
COMMAND: GET /session/2c26340218390abaea45fe4d98ab669b/screenshot - {}
RESULT: {"script":"<script> [1562 bytes]","args":[{"selector":{"id":"application-manageresources-display-component---newResourceUnit--newRRUPage-OPHeaderContent-collapseBtn-img"},"wdio_ui5_key":"applicationmanageresources-display-component---newResourceUnit--newRRUPage-OPHeaderContent-collapseBtn-img"}]}
RESULT: undefined
COMMAND: POST /session/2c26340218390abaea45fe4d98ab669b/element - {"using":"xpath","value":"//*[@id=\"application-manageresources-display-component---newResourceUnit--newRRUPage-OPHeaderContent-collapseBtn-img\"]"}
RESULT: {}
RESULT: {"using":"xpath","value":"//*[@id=\"application-manageresources-display-component---newResourceUnit--newRRUPage-OPHeaderContent-collapseBtn-img\"]"}
COMMAND: POST /session/2c26340218390abaea45fe4d98ab669b/element/f.17291DB1E67CD9F3C23A369F0CDF7328.d.5A430F1BFACE93BD8BEB666DA9D0B84C.e.3095/click - {}
RESULT: {}
COMMAND: GET /session/2c26340218390abaea45fe4d98ab669b/screenshot - {}
RESULT: {}
COMMAND: POST /session/2c26340218390abaea45fe4d98ab669b/element - {"using":"xpath","value":"(//span[contains(@id ,\"application-manageresources-display-component---newResourceUnit--DIMENSION_UNIT-arrow\")])[1]"}
RESULT: {"using":"xpath","value":"(//span[contains(@id ,\"application-manageresources-display-component---newResourceUnit--DIMENSION_UNIT-arrow\")])[1]"}
COMMAND: POST /session/2c26340218390abaea45fe4d98ab669b/element/f.17291DB1E67CD9F3C23A369F0CDF7328.d.5A430F1BFACE93BD8BEB666DA9D0B84C.e.3155/click - {}
RESULT: {}
COMMAND: GET /session/2c26340218390abaea45fe4d98ab669b/screenshot - {}
RESULT: {}
COMMAND: POST /session/2c26340218390abaea45fe4d98ab669b/execute/async - {"script":"<script> [1562 bytes]","args":[{"selector":{"controlType":"sap.m.StandardListItem","viewName":"reusables.view.manageresources.NewResourceUnit","viewId":"application-manageresources-display-component---newResourceUnit","properties":{"title":"Centimeter"},"searchOpenDialogs":true,"interaction":{"idSuffix":"titleText"}},"wdio_ui5_key":"reusablesview.manageresources.NewResourceUnitsap.m.StandardListItem{\"title\":\"Centimeter\"}"}]}
RESULT: {"script":"<script> [1562 bytes]","args":[{"selector":{"controlType":"sap.m.StandardListItem","viewName":"reusables.view.manageresources.NewResourceUnit","viewId":"application-manageresources-display-component---newResourceUnit","properties":{"title":"Centimeter"},"searchOpenDialogs":true,"interaction":{"idSuffix":"titleText"}},"wdio_ui5_key":"reusablesview.manageresources.NewResourceUnitsap.m.StandardListItem{\"title\":\"Centimeter\"}"}]}
RESULT: undefined
COMMAND: POST /session/2c26340218390abaea45fe4d98ab669b/element - {"using":"xpath","value":"//*[@id=\"__item955\"]"}
RESULT: {"using":"xpath","value":"//*[@id=\"__item955\"]"}
COMMAND: POST /session/2c26340218390abaea45fe4d98ab669b/element/f.17291DB1E67CD9F3C23A369F0CDF7328.d.5A430F1BFACE93BD8BEB666DA9D0B84C.e.3157/click - {}
RESULT: {}
COMMAND: POST /session/2c26340218390abaea45fe4d98ab669b/execute/async - {"script":"<script> [1562 bytes]","args":[{"selector":{"id":"application-manageresources-display-component---newResourceUnit--newRRUPage-anchBar-application-manageresources-display-component---newResourceUnit--reference-anchor","interaction":{"idSuffix":"BDI-content"}},"wdio_ui5_key":"applicationmanageresources-display-component---newResourceUnit--newRRUPage-anchBar-application-manageresources-display-component---newResourceUnit--reference-anchor"}]}
COMMAND: GET /session/2c26340218390abaea45fe4d98ab669b/screenshot - {}
RESULT: {"script":"<script> [1562 bytes]","args":[{"selector":{"id":"application-manageresources-display-component---newResourceUnit--newRRUPage-anchBar-application-manageresources-display-component---newResourceUnit--reference-anchor","interaction":{"idSuffix":"BDI-content"}},"wdio_ui5_key":"applicationmanageresources-display-component---newResourceUnit--newRRUPage-anchBar-application-manageresources-display-component---newResourceUnit--reference-anchor"}]}
RESULT: undefined
COMMAND: POST /session/2c26340218390abaea45fe4d98ab669b/element - {"using":"xpath","value":"//*[@id=\"application-manageresources-display-component---newResourceUnit--newRRUPage-anchBar-application-manageresources-display-component---newResourceUnit--reference-anchor\"]"}
RESULT: {}
RESULT: {"using":"xpath","value":"//*[@id=\"application-manageresources-display-component---newResourceUnit--newRRUPage-anchBar-application-manageresources-display-component---newResourceUnit--reference-anchor\"]"}
COMMAND: POST /session/2c26340218390abaea45fe4d98ab669b/element/f.17291DB1E67CD9F3C23A369F0CDF7328.d.5A430F1BFACE93BD8BEB666DA9D0B84C.e.3159/click - {}
RESULT: {}
COMMAND: POST /session/2c26340218390abaea45fe4d98ab669b/execute/async - {"script":"<script> [1562 bytes]","args":[{"selector":{"id":"application-manageresources-display-component---newResourceUnit--PLANNING_GROUP-arrow"},"wdio_ui5_key":"applicationmanageresources-display-component---newResourceUnit--PLANNING_GROUP-arrow"}]}
COMMAND: GET /session/2c26340218390abaea45fe4d98ab669b/screenshot - {}
RESULT: {"script":"<script> [1562 bytes]","args":[{"selector":{"id":"application-manageresources-display-component---newResourceUnit--PLANNING_GROUP-arrow"},"wdio_ui5_key":"applicationmanageresources-display-component---newResourceUnit--PLANNING_GROUP-arrow"}]}
RESULT: undefined
COMMAND: POST /session/2c26340218390abaea45fe4d98ab669b/element - {"using":"xpath","value":"//*[@id=\"application-manageresources-display-component---newResourceUnit--PLANNING_GROUP-arrow\"]"}
RESULT: {}
RESULT: {"using":"xpath","value":"//*[@id=\"application-manageresources-display-component---newResourceUnit--PLANNING_GROUP-arrow\"]"}
COMMAND: POST /session/2c26340218390abaea45fe4d98ab669b/element/f.17291DB1E67CD9F3C23A369F0CDF7328.d.5A430F1BFACE93BD8BEB666DA9D0B84C.e.3162/click - {}
RESULT: {}
COMMAND: POST /session/2c26340218390abaea45fe4d98ab669b/execute/async - {"script":"<script> [1562 bytes]","args":[{"selector":{"controlType":"sap.m.StandardListItem","viewName":"reusables.view.manageresources.NewResourceUnit","viewId":"application-manageresources-display-component---newResourceUnit","properties":{"title":"Heavy Equi"},"searchOpenDialogs":true,"interaction":{"idSuffix":"content"}},"wdio_ui5_key":"reusablesview.manageresources.NewResourceUnitsap.m.StandardListItem{\"title\":\"Heavy Equi\"}"}]}
COMMAND: GET /session/2c26340218390abaea45fe4d98ab669b/screenshot - {}
RESULT: {"script":"<script> [1562 bytes]","args":[{"selector":{"controlType":"sap.m.StandardListItem","viewName":"reusables.view.manageresources.NewResourceUnit","viewId":"application-manageresources-display-component---newResourceUnit","properties":{"title":"Heavy Equi"},"searchOpenDialogs":true,"interaction":{"idSuffix":"content"}},"wdio_ui5_key":"reusablesview.manageresources.NewResourceUnitsap.m.StandardListItem{\"title\":\"Heavy Equi\"}"}]}
RESULT: undefined
COMMAND: POST /session/2c26340218390abaea45fe4d98ab669b/element - {"using":"xpath","value":"//*[@id=\"__item963\"]"}
RESULT: {}
RESULT: {"using":"xpath","value":"//*[@id=\"__item963\"]"}
COMMAND: POST /session/2c26340218390abaea45fe4d98ab669b/element/f.17291DB1E67CD9F3C23A369F0CDF7328.d.5A430F1BFACE93BD8BEB666DA9D0B84C.e.3166/click - {}
RESULT: {}
COMMAND: GET /session/2c26340218390abaea45fe4d98ab669b/screenshot - {}
RESULT: {}
COMMAND: POST /session/2c26340218390abaea45fe4d98ab669b/execute/async - {"script":"<script> [1562 bytes]","args":[{"selector":{"id":"application-manageresources-display-component---newResourceUnit--PLANNING_INDICATOR-arrow"},"wdio_ui5_key":"applicationmanageresources-display-component---newResourceUnit--PLANNING_INDICATOR-arrow"}]}
RESULT: {"script":"<script> [1562 bytes]","args":[{"selector":{"id":"application-manageresources-display-component---newResourceUnit--PLANNING_INDICATOR-arrow"},"wdio_ui5_key":"applicationmanageresources-display-component---newResourceUnit--PLANNING_INDICATOR-arrow"}]}
RESULT: undefined
COMMAND: POST /session/2c26340218390abaea45fe4d98ab669b/element - {"using":"xpath","value":"//*[@id=\"application-manageresources-display-component---newResourceUnit--PLANNING_INDICATOR-arrow\"]"}
RESULT: {"using":"xpath","value":"//*[@id=\"application-manageresources-display-component---newResourceUnit--PLANNING_INDICATOR-arrow\"]"}
COMMAND: POST /session/2c26340218390abaea45fe4d98ab669b/element/f.17291DB1E67CD9F3C23A369F0CDF7328.d.5A430F1BFACE93BD8BEB666DA9D0B84C.e.3167/click - {}
RESULT: {}
COMMAND: POST /session/2c26340218390abaea45fe4d98ab669b/execute/async - {"script":"<script> [1562 bytes]","args":[{"selector":{"controlType":"sap.m.StandardListItem","viewName":"reusables.view.manageresources.NewResourceUnit","viewId":"application-manageresources-display-component---newResourceUnit","properties":{"title":"10 - infinite"},"searchOpenDialogs":true,"interaction":{"idSuffix":"content"}},"wdio_ui5_key":"reusablesview.manageresources.NewResourceUnitsap.m.StandardListItem{\"title\":\"10 - infinite\"}"}]}
COMMAND: GET /session/2c26340218390abaea45fe4d98ab669b/screenshot - {}
RESULT: {"script":"<script> [1562 bytes]","args":[{"selector":{"controlType":"sap.m.StandardListItem","viewName":"reusables.view.manageresources.NewResourceUnit","viewId":"application-manageresources-display-component---newResourceUnit","properties":{"title":"10 - infinite"},"searchOpenDialogs":true,"interaction":{"idSuffix":"content"}},"wdio_ui5_key":"reusablesview.manageresources.NewResourceUnitsap.m.StandardListItem{\"title\":\"10 - infinite\"}"}]}
RESULT: undefined
COMMAND: POST /session/2c26340218390abaea45fe4d98ab669b/element - {"using":"xpath","value":"//*[@id=\"__item973\"]"}
RESULT: {}
RESULT: {"using":"xpath","value":"//*[@id=\"__item973\"]"}
COMMAND: POST /session/2c26340218390abaea45fe4d98ab669b/element/f.17291DB1E67CD9F3C23A369F0CDF7328.d.5A430F1BFACE93BD8BEB666DA9D0B84C.e.3169/click - {}
RESULT: {}
COMMAND: GET /session/2c26340218390abaea45fe4d98ab669b/screenshot - {}
RESULT: {}
COMMAND: POST /session/2c26340218390abaea45fe4d98ab669b/element - {"using":"xpath","value":"//bdi[contains(text(), \"Time Segment\")]"}
RESULT: {"using":"xpath","value":"//bdi[contains(text(), \"Time Segment\")]"}
COMMAND: GET /session/2c26340218390abaea45fe4d98ab669b/element/f.17291DB1E67CD9F3C23A369F0CDF7328.d.5A430F1BFACE93BD8BEB666DA9D0B84C.e.3170/rect - {}
RESULT: {}
COMMAND: GET /session/2c26340218390abaea45fe4d98ab669b/window/rect - {}
RESULT: {}
COMMAND: POST /session/2c26340218390abaea45fe4d98ab669b/execute/sync - {"script":"<script> [92 bytes]","args":[]}
RESULT: {"script":"<script> [92 bytes]","args":[]}
COMMAND: POST /session/2c26340218390abaea45fe4d98ab669b/actions - {"actions":[{"id":"action5","type":"wheel","parameters":{},"actions":[{"type":"scroll","x":-1820,"y":-21,"deltaX":0,"deltaY":0,"duration":0,"origin":{"element-6066-11e4-a52e-4f735466cecf":"f.17291DB1E67CD9F3C23A369F0CDF7328.d.5A430F1BFACE93BD8BEB666DA9D0B84C.e.3170"}}]}]}
COMMAND: GET /session/2c26340218390abaea45fe4d98ab669b/screenshot - {}
RESULT: {}
COMMAND: POST /session/2c26340218390abaea45fe4d98ab669b/execute/sync - {"script":"<script> [79 bytes]","args":[{"element-6066-11e4-a52e-4f735466cecf":"f.17291DB1E67CD9F3C23A369F0CDF7328.d.5A430F1BFACE93BD8BEB666DA9D0B84C.e.3170","ELEMENT":"f.17291DB1E67CD9F3C23A369F0CDF7328.d.5A430F1BFACE93BD8BEB666DA9D0B84C.e.3170"},{"block":"start","inline":"nearest"}]}
RESULT: {"script":"<script> [79 bytes]","args":[{"element-6066-11e4-a52e-4f735466cecf":"f.17291DB1E67CD9F3C23A369F0CDF7328.d.5A430F1BFACE93BD8BEB666DA9D0B84C.e.3170","ELEMENT":"f.17291DB1E67CD9F3C23A369F0CDF7328.d.5A430F1BFACE93BD8BEB666DA9D0B84C.e.3170"},{"block":"start","inline":"nearest"}]}
COMMAND: GET /session/2c26340218390abaea45fe4d98ab669b/screenshot - {}
RESULT: {}
COMMAND: POST /session/2c26340218390abaea45fe4d98ab669b/element - {"using":"xpath","value":"//span[@id=\"application-manageresources-display-component---newResourceUnit--btnAddTimeSegment-img\"]"}
RESULT: {"using":"xpath","value":"//span[@id=\"application-manageresources-display-component---newResourceUnit--btnAddTimeSegment-img\"]"}
COMMAND: POST /session/2c26340218390abaea45fe4d98ab669b/execute/sync - {"script":"<script> [8489 bytes]","args":[{"element-6066-11e4-a52e-4f735466cecf":"f.17291DB1E67CD9F3C23A369F0CDF7328.d.5A430F1BFACE93BD8BEB666DA9D0B84C.e.3173","ELEMENT":"f.17291DB1E67CD9F3C23A369F0CDF7328.d.5A430F1BFACE93BD8BEB666DA9D0B84C.e.3173"}]}
RESULT: {"script":"<script> [8489 bytes]","args":[{"element-6066-11e4-a52e-4f735466cecf":"f.17291DB1E67CD9F3C23A369F0CDF7328.d.5A430F1BFACE93BD8BEB666DA9D0B84C.e.3173","ELEMENT":"f.17291DB1E67CD9F3C23A369F0CDF7328.d.5A430F1BFACE93BD8BEB666DA9D0B84C.e.3173"}]}
COMMAND: POST /session/2c26340218390abaea45fe4d98ab669b/element/f.17291DB1E67CD9F3C23A369F0CDF7328.d.5A430F1BFACE93BD8BEB666DA9D0B84C.e.3173/click - {}
COMMAND: GET /session/2c26340218390abaea45fe4d98ab669b/screenshot - {}
RESULT: {}
COMMAND: GET /session/2c26340218390abaea45fe4d98ab669b/screenshot - {}
COMMAND: POST /session/2c26340218390abaea45fe4d98ab669b/element - {"using":"xpath","value":"//input[@id=\"application-manageresources-display-component---newResourceUnit--idRuTSAdmin-application-manageresources-display-component---newResourceUnit--RUTimeSegment-0-inner\"]"}
RESULT: {}
RESULT: {}
RESULT: {"using":"xpath","value":"//input[@id=\"application-manageresources-display-component---newResourceUnit--idRuTSAdmin-application-manageresources-display-component---newResourceUnit--RUTimeSegment-0-inner\"]"}
COMMAND: POST /session/2c26340218390abaea45fe4d98ab669b/element/f.17291DB1E67CD9F3C23A369F0CDF7328.d.5A430F1BFACE93BD8BEB666DA9D0B84C.e.3176/clear - {}
RESULT: {}
COMMAND: POST /session/2c26340218390abaea45fe4d98ab669b/element/f.17291DB1E67CD9F3C23A369F0CDF7328.d.5A430F1BFACE93BD8BEB666DA9D0B84C.e.3176/value - {"text":"WebdriverYardgnnhk"}
COMMAND: GET /session/2c26340218390abaea45fe4d98ab669b/screenshot - {}
RESULT: {"text":"WebdriverYardgnnhk"}
COMMAND: GET /session/2c26340218390abaea45fe4d98ab669b/screenshot - {}
RESULT: {}
RESULT: {}
COMMAND: POST /session/2c26340218390abaea45fe4d98ab669b/actions - {"actions":[{"id":"action6","type":"key","parameters":{},"actions":[{"type":"keyDown","value":""},{"type":"pause","duration":10},{"type":"keyUp","value":""}]}]}
RESULT: {"actions":[{"id":"action6","type":"key","parameters":{},"actions":[{"type":"keyDown","value":""},{"type":"pause","duration":10},{"type":"keyUp","value":""}]}]}
COMMAND: GET /session/2c26340218390abaea45fe4d98ab669b/screenshot - {}
RESULT: {}
COMMAND: POST /session/2c26340218390abaea45fe4d98ab669b/execute/async - {"script":"<script> [1562 bytes]","args":[{"selector":{"controlType":"sap.m.Button","viewName":"reusables.view.manageresources.NewResourceUnit","viewId":"application-manageresources-display-component---newResourceUnit","i18NText":{"propertyName":"tooltip","key":"save"},"interaction":{"idSuffix":"BDI-content"}},"wdio_ui5_key":"reusablesview.manageresources.NewResourceUnitsap.m.Button{\"propertyName\":\"tooltip\",\"key\":\"save\"}"}]}
RESULT: {"script":"<script> [1562 bytes]","args":[{"selector":{"controlType":"sap.m.Button","viewName":"reusables.view.manageresources.NewResourceUnit","viewId":"application-manageresources-display-component---newResourceUnit","i18NText":{"propertyName":"tooltip","key":"save"},"interaction":{"idSuffix":"BDI-content"}},"wdio_ui5_key":"reusablesview.manageresources.NewResourceUnitsap.m.Button{\"propertyName\":\"tooltip\",\"key\":\"save\"}"}]}
RESULT: undefined
COMMAND: POST /session/2c26340218390abaea45fe4d98ab669b/element - {"using":"xpath","value":"//*[@id=\"application-manageresources-display-component---newResourceUnit--createRuButton\"]"}
RESULT: {"using":"xpath","value":"//*[@id=\"application-manageresources-display-component---newResourceUnit--createRuButton\"]"}
COMMAND: POST /session/2c26340218390abaea45fe4d98ab669b/element/f.17291DB1E67CD9F3C23A369F0CDF7328.d.5A430F1BFACE93BD8BEB666DA9D0B84C.e.3101/click - {}
RESULT: {}
COMMAND: GET /session/2c26340218390abaea45fe4d98ab669b/screenshot - {}
RESULT: {}
COMMAND: POST /session/2c26340218390abaea45fe4d98ab669b/execute/async - {"script":"<script> [1562 bytes]","args":[{"selector":{"controlType":"sap.m.Title","properties":{"text":"Success"},"searchOpenDialogs":true},"wdio_ui5_key":"sapm.Title{\"text\":\"Success\"}"}]}
RESULT: {"script":"<script> [1562 bytes]","args":[{"selector":{"controlType":"sap.m.Title","properties":{"text":"Success"},"searchOpenDialogs":true},"wdio_ui5_key":"sapm.Title{\"text\":\"Success\"}"}]}
RESULT: undefined
COMMAND: POST /session/2c26340218390abaea45fe4d98ab669b/execute/async - {"script":"<script> [6424 bytes]","args":[{"element-6066-11e4-a52e-4f735466cecf":"f.17291DB1E67CD9F3C23A369F0CDF7328.d.5A430F1BFACE93BD8BEB666DA9D0B84C.e.3191"},"getText",[]]}
RESULT: {"script":"<script> [6424 bytes]","args":[{"element-6066-11e4-a52e-4f735466cecf":"f.17291DB1E67CD9F3C23A369F0CDF7328.d.5A430F1BFACE93BD8BEB666DA9D0B84C.e.3191"},"getText",[]]}
COMMAND: POST /session/2c26340218390abaea45fe4d98ab669b/element - {"using":"xpath","value":"//*[contains(@id, '__text') and (contains(text(), 'successfully created') or contains(., 'successfully created'))]"}
RESULT: {"using":"xpath","value":"//*[contains(@id, '__text') and (contains(text(), 'successfully created') or contains(., 'successfully created'))]"}
COMMAND: GET /session/2c26340218390abaea45fe4d98ab669b/element/f.17291DB1E67CD9F3C23A369F0CDF7328.d.5A430F1BFACE93BD8BEB666DA9D0B84C.e.3189/text - {}
RESULT: {}
COMMAND: POST /session/2c26340218390abaea45fe4d98ab669b/execute/async - {"script":"<script> [1562 bytes]","args":[{"selector":{"controlType":"sap.m.Button","properties":{"text":"Close"},"searchOpenDialogs":true,"interaction":{"idSuffix":"BDI-content"}},"wdio_ui5_key":"sapm.Button{\"text\":\"Close\"}"}]}
RESULT: {"script":"<script> [1562 bytes]","args":[{"selector":{"controlType":"sap.m.Button","properties":{"text":"Close"},"searchOpenDialogs":true,"interaction":{"idSuffix":"BDI-content"}},"wdio_ui5_key":"sapm.Button{\"text\":\"Close\"}"}]}
RESULT: undefined
COMMAND: POST /session/2c26340218390abaea45fe4d98ab669b/element - {"using":"xpath","value":"//*[@id=\"__mbox-btn-0\"]"}
RESULT: {"using":"xpath","value":"//*[@id=\"__mbox-btn-0\"]"}
COMMAND: POST /session/2c26340218390abaea45fe4d98ab669b/element/f.17291DB1E67CD9F3C23A369F0CDF7328.d.5A430F1BFACE93BD8BEB666DA9D0B84C.e.3188/click - {}
RESULT: {}
COMMAND: GET /session/2c26340218390abaea45fe4d98ab669b/screenshot - {}
RESULT: {}
COMMAND: POST /session/2c26340218390abaea45fe4d98ab669b/execute/async - {"script":"<script> [1562 bytes]","args":[{"selector":{"controlType":"sap.ui.core.Icon","viewName":"etm.portal.ui.manageresources.view.Detail","viewId":"application-manageresources-display-component---detailRU","properties":{"src":{"regex":{"source":"overflow"}}}},"wdio_ui5_key":"etmportal.ui.manageresources.view.Detailsap.ui.core.Icon{\"src\":{\"regex\":{\"source\":\"overflow\"}}}"}]}
RESULT: {"script":"<script> [1562 bytes]","args":[{"selector":{"controlType":"sap.ui.core.Icon","viewName":"etm.portal.ui.manageresources.view.Detail","viewId":"application-manageresources-display-component---detailRU","properties":{"src":{"regex":{"source":"overflow"}}}},"wdio_ui5_key":"etmportal.ui.manageresources.view.Detailsap.ui.core.Icon{\"src\":{\"regex\":{\"source\":\"overflow\"}}}"}]}
RESULT: undefined
COMMAND: POST /session/2c26340218390abaea45fe4d98ab669b/element - {"using":"xpath","value":"//*[@id=\"__title36-_actionsToolbar-overflowButton-img\"]"}
RESULT: {"using":"xpath","value":"//*[@id=\"__title36-_actionsToolbar-overflowButton-img\"]"}
COMMAND: POST /session/2c26340218390abaea45fe4d98ab669b/element/f.17291DB1E67CD9F3C23A369F0CDF7328.d.5A430F1BFACE93BD8BEB666DA9D0B84C.e.3224/click - {}
RESULT: {}
COMMAND: POST /session/2c26340218390abaea45fe4d98ab669b/execute/async - {"script":"<script> [1562 bytes]","args":[{"selector":{"controlType":"sap.m.Button","viewName":"etm.portal.ui.manageresources.view.Detail","viewId":"application-manageresources-display-component---detailRU","i18NText":{"propertyName":"tooltip","key":"closeColumn"},"searchOpenDialogs":true,"interaction":{"idSuffix":"inner"}},"wdio_ui5_key":"etmportal.ui.manageresources.view.Detailsap.m.Button{\"propertyName\":\"tooltip\",\"key\":\"closeColumn\"}"}]}
COMMAND: GET /session/2c26340218390abaea45fe4d98ab669b/screenshot - {}
RESULT: {"script":"<script> [1562 bytes]","args":[{"selector":{"controlType":"sap.m.Button","viewName":"etm.portal.ui.manageresources.view.Detail","viewId":"application-manageresources-display-component---detailRU","i18NText":{"propertyName":"tooltip","key":"closeColumn"},"searchOpenDialogs":true,"interaction":{"idSuffix":"inner"}},"wdio_ui5_key":"etmportal.ui.manageresources.view.Detailsap.m.Button{\"propertyName\":\"tooltip\",\"key\":\"closeColumn\"}"}]}
RESULT: undefined
COMMAND: POST /session/2c26340218390abaea45fe4d98ab669b/element - {"using":"xpath","value":"//*[@id=\"__button147\"]"}
RESULT: {}
RESULT: {"using":"xpath","value":"//*[@id=\"__button147\"]"}
COMMAND: POST /session/2c26340218390abaea45fe4d98ab669b/element/f.17291DB1E67CD9F3C23A369F0CDF7328.d.5A430F1BFACE93BD8BEB666DA9D0B84C.e.3226/click - {}
RESULT: {}
COMMAND: GET /session/2c26340218390abaea45fe4d98ab669b/screenshot - {}
RESULT: {}
COMMAND: POST /session/2c26340218390abaea45fe4d98ab669b/refresh - {}
RESULT: {}
COMMAND: GET /session/2c26340218390abaea45fe4d98ab669b/screenshot - {}
RESULT: {}
COMMAND: POST /session/2c26340218390abaea45fe4d98ab669b/execute/async - {"script":"<script> [189 bytes]","args":[]}
RESULT: {"script":"<script> [189 bytes]","args":[]}
COMMAND: POST /session/2c26340218390abaea45fe4d98ab669b/execute/async - {"script":"<script> [123 bytes]","args":[]}
RESULT: {"script":"<script> [123 bytes]","args":[]}
COMMAND: POST /session/2c26340218390abaea45fe4d98ab669b/timeouts - {"script":"<number>"}
RESULT: {"script":"<number>"}
COMMAND: GET /session/2c26340218390abaea45fe4d98ab669b/timeouts - {}
RESULT: {}
RESULT: undefined
COMMAND: POST /session/2c26340218390abaea45fe4d98ab669b/execute/async - {"script":"<script> [2676 bytes]","args":[]}
RESULT: {"script":"<script> [2676 bytes]","args":[]}
COMMAND: POST /session/2c26340218390abaea45fe4d98ab669b/execute/async - {"script":"<script> [2342 bytes]","args":[{"protocol":"http","hostname":"0.0.0.0","path":"/","capabilities":{"browserName":"chrome","goog:chromeOptions":{"binary":"C:\\Program Files\\Google\\Chrome\\Application\\chrome.exe"}},"logLevel":"warn","connectionRetryTimeout":120000,"connectionRetryCount":3,"logLevels":{},"enableDirectConnect":true,"strictSSL":true,"_":"65 more keys: [\"cacheDir\",\"port\",\"requestedCapabilities\",\"automationProtocol\",\"baseUrl\",\"waitforInterval\",\"waitforTimeout\",\"onReload\",\"beforeCommand\",\"afterCommand\",\"rootDir\",\"specs\",\"suites\",\"exclude\",\"groupLogsByTestSpec\",\"excludeDriverLogs\",\"bail\",\"framework\",\"reporters\",\"services\",\"maxInstances\",\"maxInstancesPerCapability\",\"injectGlobals\",\"filesToWatch\",\"execArgv\",\"runnerEnv\",\"runner\",\"shard\",\"specFileRetries\",\"specFileRetriesDelay\",\"specFileRetriesDeferred\",\"reporterSyncInterval\",\"reporterSyncTimeout\",\"cucumberFeaturesWithLineNumbers\",\"autoCompileOpts\",\"mochaOpts\",\"jasmineOpts\",\"cucumberOpts\",\"onPrepare\",\"onWorkerStart\",\"onWorkerEnd\",\"before\",\"beforeSession\",\"beforeSuite\",\"beforeHook\",\"beforeTest\",\"afterTest\",\"afterHook\",\"afterSuite\",\"afterSession\",\"after\",\"onComplete\",\"beforeAssertion\",\"afterAssertion\",\"beforeFeature\",\"beforeScenario\",\"beforeStep\",\"afterStep\",\"afterScenario\",\"afterFeature\",\"_\",\"suite\",\"$0\",\"ignoredWorkerServices\",\"wdi5\"]"}]}
RESULT: {"script":"<script> [2342 bytes]","args":[{"protocol":"http","hostname":"0.0.0.0","path":"/","capabilities":{"browserName":"chrome","goog:chromeOptions":{"binary":"C:\\Program Files\\Google\\Chrome\\Application\\chrome.exe"}},"logLevel":"warn","connectionRetryTimeout":120000,"connectionRetryCount":3,"logLevels":{},"enableDirectConnect":true,"strictSSL":true,"_":"65 more keys: [\"cacheDir\",\"port\",\"requestedCapabilities\",\"automationProtocol\",\"baseUrl\",\"waitforInterval\",\"waitforTimeout\",\"onReload\",\"beforeCommand\",\"afterCommand\",\"rootDir\",\"specs\",\"suites\",\"exclude\",\"groupLogsByTestSpec\",\"excludeDriverLogs\",\"bail\",\"framework\",\"reporters\",\"services\",\"maxInstances\",\"maxInstancesPerCapability\",\"injectGlobals\",\"filesToWatch\",\"execArgv\",\"runnerEnv\",\"runner\",\"shard\",\"specFileRetries\",\"specFileRetriesDelay\",\"specFileRetriesDeferred\",\"reporterSyncInterval\",\"reporterSyncTimeout\",\"cucumberFeaturesWithLineNumbers\",\"autoCompileOpts\",\"mochaOpts\",\"jasmineOpts\",\"cucumberOpts\",\"onPrepare\",\"onWorkerStart\",\"onWorkerEnd\",\"before\",\"beforeSession\",\"beforeSuite\",\"beforeHook\",\"beforeTest\",\"afterTest\",\"afterHook\",\"afterSuite\",\"afterSession\",\"after\",\"onComplete\",\"beforeAssertion\",\"afterAssertion\",\"beforeFeature\",\"beforeScenario\",\"beforeStep\",\"afterStep\",\"afterScenario\",\"afterFeature\",\"_\",\"suite\",\"$0\",\"ignoredWorkerServices\",\"wdi5\"]"}]}
COMMAND: POST /session/2c26340218390abaea45fe4d98ab669b/execute/async - {"script":"<script> [21126 bytes]","args":[35000]}
RESULT: undefined
RESULT: undefined
RESULT: {"script":"<script> [21126 bytes]","args":[35000]}
COMMAND: POST /session/2c26340218390abaea45fe4d98ab669b/element - {"using":"css selector","value":"#shell-header-logo"}
RESULT: {"using":"css selector","value":"#shell-header-logo"}
COMMAND: POST /session/2c26340218390abaea45fe4d98ab669b/element/f.17291DB1E67CD9F3C23A369F0CDF7328.d.5B0E2E49BF2300B209980B4E24274965.e.3380/click - {}
RESULT: {}
COMMAND: GET /session/2c26340218390abaea45fe4d98ab669b/screenshot - {}
RESULT: {}
COMMAND: POST /session/2c26340218390abaea45fe4d98ab669b/execute/async - {"script":"<script> [1562 bytes]","args":[{"selector":{"controlType":"sap.m.Text","viewName":"etm.portal.ui.managehandoverstile.view.Master","properties":{"text":"Manage Handovers"},"interaction":{"idSuffix":"inner"}},"wdio_ui5_key":"etmportal.ui.managehandoverstile.view.Mastersap.m.Text{\"text\":\"Manage Handovers\"}"}]}
RESULT: {"script":"<script> [1562 bytes]","args":[{"selector":{"controlType":"sap.m.Text","viewName":"etm.portal.ui.managehandoverstile.view.Master","properties":{"text":"Manage Handovers"},"interaction":{"idSuffix":"inner"}},"wdio_ui5_key":"etmportal.ui.managehandoverstile.view.Mastersap.m.Text{\"text\":\"Manage Handovers\"}"}]}
RESULT: undefined
COMMAND: POST /session/2c26340218390abaea45fe4d98ab669b/element - {"using":"xpath","value":"//*[@id=\"__tile130-title\"]"}
RESULT: {"using":"xpath","value":"//*[@id=\"__tile130-title\"]"}
COMMAND: POST /session/2c26340218390abaea45fe4d98ab669b/element/f.17291DB1E67CD9F3C23A369F0CDF7328.d.5B0E2E49BF2300B209980B4E24274965.e.3565/click - {}
RESULT: {}
COMMAND: GET /session/2c26340218390abaea45fe4d98ab669b/screenshot - {}
RESULT: {}
COMMAND: POST /session/2c26340218390abaea45fe4d98ab669b/element - {"using":"xpath","value":"//button[@data-kt=\"masterHOAddButton\"]"}
RESULT: {"using":"xpath","value":"//button[@data-kt=\"masterHOAddButton\"]"}
COMMAND: POST /session/2c26340218390abaea45fe4d98ab669b/execute/sync - {"script":"<script> [8489 bytes]","args":[{"element-6066-11e4-a52e-4f735466cecf":"f.17291DB1E67CD9F3C23A369F0CDF7328.d.5B0E2E49BF2300B209980B4E24274965.e.3607","ELEMENT":"f.17291DB1E67CD9F3C23A369F0CDF7328.d.5B0E2E49BF2300B209980B4E24274965.e.3607"}]}
RESULT: {"script":"<script> [8489 bytes]","args":[{"element-6066-11e4-a52e-4f735466cecf":"f.17291DB1E67CD9F3C23A369F0CDF7328.d.5B0E2E49BF2300B209980B4E24274965.e.3607","ELEMENT":"f.17291DB1E67CD9F3C23A369F0CDF7328.d.5B0E2E49BF2300B209980B4E24274965.e.3607"}]}
COMMAND: POST /session/2c26340218390abaea45fe4d98ab669b/element/f.17291DB1E67CD9F3C23A369F0CDF7328.d.5B0E2E49BF2300B209980B4E24274965.e.3607/click - {}
COMMAND: GET /session/2c26340218390abaea45fe4d98ab669b/screenshot - {}
RESULT: {}
COMMAND: GET /session/2c26340218390abaea45fe4d98ab669b/screenshot - {}
RESULT: {}
RESULT: {}
COMMAND: POST /session/2c26340218390abaea45fe4d98ab669b/element - {"using":"xpath","value":"//span[contains(@id ,\"AddNewHO--typeSelect-arrow\")]"}
RESULT: {"using":"xpath","value":"//span[contains(@id ,\"AddNewHO--typeSelect-arrow\")]"}
COMMAND: POST /session/2c26340218390abaea45fe4d98ab669b/element/f.17291DB1E67CD9F3C23A369F0CDF7328.d.5B0E2E49BF2300B209980B4E24274965.e.3907/click - {}
RESULT: {}
COMMAND: GET /session/2c26340218390abaea45fe4d98ab669b/screenshot - {}
RESULT: {}
COMMAND: POST /session/2c26340218390abaea45fe4d98ab669b/element - {"using":"xpath","value":"(//li[contains(text(), \"stock increase yard\")])[1]"}
RESULT: {"using":"xpath","value":"(//li[contains(text(), \"stock increase yard\")])[1]"}
COMMAND: POST /session/2c26340218390abaea45fe4d98ab669b/element/f.17291DB1E67CD9F3C23A369F0CDF7328.d.5B0E2E49BF2300B209980B4E24274965.e.3908/click - {}
RESULT: {}
COMMAND: GET /session/2c26340218390abaea45fe4d98ab669b/screenshot - {}
RESULT: {}
COMMAND: POST /session/2c26340218390abaea45fe4d98ab669b/execute/async - {"script":"<script> [1562 bytes]","args":[{"selector":{"id":"application-managehandovers-display-component---AddNewHO--dueDate","interaction":{"idSuffix":"inner"}},"wdio_ui5_key":"applicationmanagehandovers-display-component---AddNewHO--dueDate"}]}
RESULT: {"script":"<script> [1562 bytes]","args":[{"selector":{"id":"application-managehandovers-display-component---AddNewHO--dueDate","interaction":{"idSuffix":"inner"}},"wdio_ui5_key":"applicationmanagehandovers-display-component---AddNewHO--dueDate"}]}
RESULT: undefined
COMMAND: POST /session/2c26340218390abaea45fe4d98ab669b/execute/async - {"script":"<script> [6424 bytes]","args":[{"element-6066-11e4-a52e-4f735466cecf":"f.17291DB1E67CD9F3C23A369F0CDF7328.d.5B0E2E49BF2300B209980B4E24274965.e.3910"},"setValue",["04/13/2025"]]}
RESULT: {"script":"<script> [6424 bytes]","args":[{"element-6066-11e4-a52e-4f735466cecf":"f.17291DB1E67CD9F3C23A369F0CDF7328.d.5B0E2E49BF2300B209980B4E24274965.e.3910"},"setValue",["04/13/2025"]]}
COMMAND: POST /session/2c26340218390abaea45fe4d98ab669b/element - {"using":"xpath","value":"//input[@id=\"generalSectionFrg--receiveYard-inner\"]"}
RESULT: {"using":"xpath","value":"//input[@id=\"generalSectionFrg--receiveYard-inner\"]"}
COMMAND: POST /session/2c26340218390abaea45fe4d98ab669b/element/f.17291DB1E67CD9F3C23A369F0CDF7328.d.5B0E2E49BF2300B209980B4E24274965.e.3916/clear - {}
RESULT: {}
COMMAND: POST /session/2c26340218390abaea45fe4d98ab669b/element/f.17291DB1E67CD9F3C23A369F0CDF7328.d.5B0E2E49BF2300B209980B4E24274965.e.3916/value - {"text":"WebdriverYardgnnhk"}
COMMAND: GET /session/2c26340218390abaea45fe4d98ab669b/screenshot - {}
RESULT: {"text":"WebdriverYardgnnhk"}
COMMAND: GET /session/2c26340218390abaea45fe4d98ab669b/screenshot - {}
RESULT: {}
RESULT: {}
COMMAND: POST /session/2c26340218390abaea45fe4d98ab669b/execute/async - {"script":"<script> [1562 bytes]","args":[{"selector":{"id":"application-managehandovers-display-component---AddNewHO--ObjectPageLayout-anchBar-application-managehandovers-display-component---AddNewHO--section4-anchor","interaction":{"idSuffix":"BDI-content"}},"wdio_ui5_key":"applicationmanagehandovers-display-component---AddNewHO--ObjectPageLayout-anchBar-application-managehandovers-display-component---AddNewHO--section4-anchor"}]}
RESULT: {"script":"<script> [1562 bytes]","args":[{"selector":{"id":"application-managehandovers-display-component---AddNewHO--ObjectPageLayout-anchBar-application-managehandovers-display-component---AddNewHO--section4-anchor","interaction":{"idSuffix":"BDI-content"}},"wdio_ui5_key":"applicationmanagehandovers-display-component---AddNewHO--ObjectPageLayout-anchBar-application-managehandovers-display-component---AddNewHO--section4-anchor"}]}
RESULT: undefined
COMMAND: POST /session/2c26340218390abaea45fe4d98ab669b/element - {"using":"xpath","value":"//*[@id=\"application-managehandovers-display-component---AddNewHO--ObjectPageLayout-anchBar-application-managehandovers-display-component---AddNewHO--section4-anchor\"]"}
RESULT: {"using":"xpath","value":"//*[@id=\"application-managehandovers-display-component---AddNewHO--ObjectPageLayout-anchBar-application-managehandovers-display-component---AddNewHO--section4-anchor\"]"}
COMMAND: POST /session/2c26340218390abaea45fe4d98ab669b/element/f.17291DB1E67CD9F3C23A369F0CDF7328.d.5B0E2E49BF2300B209980B4E24274965.e.3935/click - {}
RESULT: {}
COMMAND: GET /session/2c26340218390abaea45fe4d98ab669b/screenshot - {}
RESULT: {}
COMMAND: POST /session/2c26340218390abaea45fe4d98ab669b/element - {"using":"xpath","value":"//button[@aria-label=\"Add\"]"}
RESULT: {"using":"xpath","value":"//button[@aria-label=\"Add\"]"}
COMMAND: POST /session/2c26340218390abaea45fe4d98ab669b/element/f.17291DB1E67CD9F3C23A369F0CDF7328.d.5B0E2E49BF2300B209980B4E24274965.e.3939/click - {}
RESULT: {}
COMMAND: GET /session/2c26340218390abaea45fe4d98ab669b/screenshot - {}
RESULT: {}
COMMAND: POST /session/2c26340218390abaea45fe4d98ab669b/execute/async - {"script":"<script> [1562 bytes]","args":[{"selector":{"id":"application-managehandovers-display-component---AddNewHO--smartFilterBar-btnBasicSearch","searchOpenDialogs":true,"interaction":{"idSuffix":"I"}},"wdio_ui5_key":"applicationmanagehandovers-display-component---AddNewHO--smartFilterBar-btnBasicSearch"}]}
RESULT: {"script":"<script> [1562 bytes]","args":[{"selector":{"id":"application-managehandovers-display-component---AddNewHO--smartFilterBar-btnBasicSearch","searchOpenDialogs":true,"interaction":{"idSuffix":"I"}},"wdio_ui5_key":"applicationmanagehandovers-display-component---AddNewHO--smartFilterBar-btnBasicSearch"}]}
RESULT: undefined
COMMAND: POST /session/2c26340218390abaea45fe4d98ab669b/execute/async - {"script":"<script> [776 bytes]","args":[{"enterText":"WebdriverRUR2C75hfr","selector":{"id":"application-managehandovers-display-component---AddNewHO--smartFilterBar-btnBasicSearch","searchOpenDialogs":true,"interaction":{"idSuffix":"I"}},"clearTextFirst":true,"interactionType":"ENTER_TEXT"}]}
RESULT: {"script":"<script> [776 bytes]","args":[{"enterText":"WebdriverRUR2C75hfr","selector":{"id":"application-managehandovers-display-component---AddNewHO--smartFilterBar-btnBasicSearch","searchOpenDialogs":true,"interaction":{"idSuffix":"I"}},"clearTextFirst":true,"interactionType":"ENTER_TEXT"}]}
COMMAND: POST /session/2c26340218390abaea45fe4d98ab669b/actions - {"actions":[{"id":"action7","type":"key","parameters":{},"actions":[{"type":"keyDown","value":""},{"type":"pause","duration":10},{"type":"keyUp","value":""}]}]}
RESULT: {"actions":[{"id":"action7","type":"key","parameters":{},"actions":[{"type":"keyDown","value":""},{"type":"pause","duration":10},{"type":"keyUp","value":""}]}]}
COMMAND: POST /session/2c26340218390abaea45fe4d98ab669b/execute/async - {"script":"<script> [1562 bytes]","args":[{"selector":{"id":"application-managehandovers-display-component---AddNewHO--popup-sa","searchOpenDialogs":true,"interaction":{"idSuffix":"CbBg"}},"wdio_ui5_key":"applicationmanagehandovers-display-component---AddNewHO--popup-sa"}]}
COMMAND: GET /session/2c26340218390abaea45fe4d98ab669b/screenshot - {}
RESULT: {"script":"<script> [1562 bytes]","args":[{"selector":{"id":"application-managehandovers-display-component---AddNewHO--popup-sa","searchOpenDialogs":true,"interaction":{"idSuffix":"CbBg"}},"wdio_ui5_key":"applicationmanagehandovers-display-component---AddNewHO--popup-sa"}]}
RESULT: undefined
COMMAND: POST /session/2c26340218390abaea45fe4d98ab669b/element - {"using":"xpath","value":"//*[@id=\"application-managehandovers-display-component---AddNewHO--popup-sa\"]"}
RESULT: {}
RESULT: {"using":"xpath","value":"//*[@id=\"application-managehandovers-display-component---AddNewHO--popup-sa\"]"}
COMMAND: POST /session/2c26340218390abaea45fe4d98ab669b/element/f.17291DB1E67CD9F3C23A369F0CDF7328.d.5B0E2E49BF2300B209980B4E24274965.e.4022/click - {}
RESULT: {}
COMMAND: GET /session/2c26340218390abaea45fe4d98ab669b/screenshot - {}
RESULT: {}
COMMAND: POST /session/2c26340218390abaea45fe4d98ab669b/element - {"using":"xpath","value":"//bdi[contains(text(), \"Select\")]"}
RESULT: {"using":"xpath","value":"//bdi[contains(text(), \"Select\")]"}
COMMAND: POST /session/2c26340218390abaea45fe4d98ab669b/element/f.17291DB1E67CD9F3C23A369F0CDF7328.d.5B0E2E49BF2300B209980B4E24274965.e.4023/click - {}
RESULT: {}
COMMAND: GET /session/2c26340218390abaea45fe4d98ab669b/screenshot - {}
RESULT: {}
COMMAND: POST /session/2c26340218390abaea45fe4d98ab669b/execute/async - {"script":"<script> [1562 bytes]","args":[{"selector":{"controlType":"sap.m.Input","viewName":"etm.portal.ui.managehandovers.view.AddNewHO","viewId":"application-managehandovers-display-component---AddNewHO","bindingPath":{"path":"/items/0","propertyPath":"TYPE","modelName":"hoItemsModel"},"interaction":{"idSuffix":"inner"}},"wdio_ui5_key":"etmportal.ui.managehandovers.view.AddNewHOsap.m.Input{\"path\":\"/items/0\",\"propertyPath\":\"TYPE\",\"modelName\":\"hoItemsModel\"}"}]}
RESULT: {"script":"<script> [1562 bytes]","args":[{"selector":{"controlType":"sap.m.Input","viewName":"etm.portal.ui.managehandovers.view.AddNewHO","viewId":"application-managehandovers-display-component---AddNewHO","bindingPath":{"path":"/items/0","propertyPath":"TYPE","modelName":"hoItemsModel"},"interaction":{"idSuffix":"inner"}},"wdio_ui5_key":"etmportal.ui.managehandovers.view.AddNewHOsap.m.Input{\"path\":\"/items/0\",\"propertyPath\":\"TYPE\",\"modelName\":\"hoItemsModel\"}"}]}
RESULT: undefined
COMMAND: POST /session/2c26340218390abaea45fe4d98ab669b/execute/async - {"script":"<script> [776 bytes]","args":[{"enterText":"100","selector":{"controlType":"sap.m.Input","viewName":"etm.portal.ui.managehandovers.view.AddNewHO","viewId":"application-managehandovers-display-component---AddNewHO","bindingPath":{"path":"/items/0","propertyPath":"TYPE","modelName":"hoItemsModel"},"interaction":{"idSuffix":"inner"}},"clearTextFirst":true,"interactionType":"ENTER_TEXT"}]}
RESULT: {"script":"<script> [776 bytes]","args":[{"enterText":"100","selector":{"controlType":"sap.m.Input","viewName":"etm.portal.ui.managehandovers.view.AddNewHO","viewId":"application-managehandovers-display-component---AddNewHO","bindingPath":{"path":"/items/0","propertyPath":"TYPE","modelName":"hoItemsModel"},"interaction":{"idSuffix":"inner"}},"clearTextFirst":true,"interactionType":"ENTER_TEXT"}]}
COMMAND: POST /session/2c26340218390abaea45fe4d98ab669b/element - {"using":"xpath","value":"//button[@data-kt=\"AddNewHOSaveButton\"]"}
RESULT: {"using":"xpath","value":"//button[@data-kt=\"AddNewHOSaveButton\"]"}
COMMAND: POST /session/2c26340218390abaea45fe4d98ab669b/element/f.17291DB1E67CD9F3C23A369F0CDF7328.d.5B0E2E49BF2300B209980B4E24274965.e.4028/click - {}
RESULT: {}
COMMAND: GET /session/2c26340218390abaea45fe4d98ab669b/screenshot - {}
RESULT: {}
COMMAND: POST /session/2c26340218390abaea45fe4d98ab669b/execute/async - {"script":"<script> [1562 bytes]","args":[{"selector":{"id":"receiptDatePicker","viewName":"etm.portal.ui.managehandovers.view.DetailExecuteHO","interaction":{"idSuffix":"inner"}},"wdio_ui5_key":"receiptDatePickeretmportal.ui.managehandovers.view.DetailExecuteHO"}]}
RESULT: {"script":"<script> [1562 bytes]","args":[{"selector":{"id":"receiptDatePicker","viewName":"etm.portal.ui.managehandovers.view.DetailExecuteHO","interaction":{"idSuffix":"inner"}},"wdio_ui5_key":"receiptDatePickeretmportal.ui.managehandovers.view.DetailExecuteHO"}]}
RESULT: undefined
COMMAND: POST /session/2c26340218390abaea45fe4d98ab669b/execute/async - {"script":"<script> [6424 bytes]","args":[{"element-6066-11e4-a52e-4f735466cecf":"f.17291DB1E67CD9F3C23A369F0CDF7328.d.5B0E2E49BF2300B209980B4E24274965.e.4057"},"setValue",["04/13/2025"]]}
RESULT: {"script":"<script> [6424 bytes]","args":[{"element-6066-11e4-a52e-4f735466cecf":"f.17291DB1E67CD9F3C23A369F0CDF7328.d.5B0E2E49BF2300B209980B4E24274965.e.4057"},"setValue",["04/13/2025"]]}
COMMAND: POST /session/2c26340218390abaea45fe4d98ab669b/element - {"using":"xpath","value":"//button[@data-kt=\"PickingTableConfirmAllButton\"]"}
RESULT: {"using":"xpath","value":"//button[@data-kt=\"PickingTableConfirmAllButton\"]"}
COMMAND: POST /session/2c26340218390abaea45fe4d98ab669b/element/f.17291DB1E67CD9F3C23A369F0CDF7328.d.5B0E2E49BF2300B209980B4E24274965.e.4073/click - {}
RESULT: {}
COMMAND: GET /session/2c26340218390abaea45fe4d98ab669b/screenshot - {}
RESULT: {}
COMMAND: POST /session/2c26340218390abaea45fe4d98ab669b/element - {"using":"xpath","value":"//bdi[contains(text(), \"OK\")]"}
RESULT: {"using":"xpath","value":"//bdi[contains(text(), \"OK\")]"}
COMMAND: POST /session/2c26340218390abaea45fe4d98ab669b/element/f.17291DB1E67CD9F3C23A369F0CDF7328.d.5B0E2E49BF2300B209980B4E24274965.e.4075/click - {}
RESULT: {}
COMMAND: GET /session/2c26340218390abaea45fe4d98ab669b/screenshot - {}
RESULT: {}
COMMAND: POST /session/2c26340218390abaea45fe4d98ab669b/element - {"using":"xpath","value":"(//bdi[contains(text(), \"Receive\")])[2]"}
RESULT: {"using":"xpath","value":"(//bdi[contains(text(), \"Receive\")])[2]"}
COMMAND: POST /session/2c26340218390abaea45fe4d98ab669b/element/f.17291DB1E67CD9F3C23A369F0CDF7328.d.5B0E2E49BF2300B209980B4E24274965.e.4077/click - {}
RESULT: {}
COMMAND: GET /session/2c26340218390abaea45fe4d98ab669b/screenshot - {}
RESULT: {}
COMMAND: POST /session/2c26340218390abaea45fe4d98ab669b/element - {"using":"css selector","value":"#shell-header-logo"}
RESULT: {"using":"css selector","value":"#shell-header-logo"}
COMMAND: POST /session/2c26340218390abaea45fe4d98ab669b/element/f.17291DB1E67CD9F3C23A369F0CDF7328.d.5B0E2E49BF2300B209980B4E24274965.e.3568/click - {}
RESULT: {}
]]></system-out>
    </testcase>
    <testcase classname="chrome.135_0_7049_42.windows.E2E_-_Logistical_and_commercial_statuses" name="Should add a pricing rule and a condition to the RU" time="94">
      <system-out><![CDATA[
COMMAND: POST /session/2c26340218390abaea45fe4d98ab669b/execute/async - {"script":"<script> [1562 bytes]","args":[{"selector":{"controlType":"sap.m.GenericTile","properties":{"header":"Manage Pricing Rules"}},"wdio_ui5_key":"sapm.GenericTile{\"header\":\"Manage Pricing Rules\"}"}]}
COMMAND: GET /session/2c26340218390abaea45fe4d98ab669b/screenshot - {}
RESULT: {"script":"<script> [1562 bytes]","args":[{"selector":{"controlType":"sap.m.GenericTile","properties":{"header":"Manage Pricing Rules"}},"wdio_ui5_key":"sapm.GenericTile{\"header\":\"Manage Pricing Rules\"}"}]}
RESULT: undefined
COMMAND: POST /session/2c26340218390abaea45fe4d98ab669b/element - {"using":"xpath","value":"//*[@id=\"__tile55\"]"}
RESULT: {}
RESULT: {"using":"xpath","value":"//*[@id=\"__tile55\"]"}
COMMAND: POST /session/2c26340218390abaea45fe4d98ab669b/element/f.17291DB1E67CD9F3C23A369F0CDF7328.d.5B0E2E49BF2300B209980B4E24274965.e.4229/click - {}
RESULT: {}
COMMAND: GET /session/2c26340218390abaea45fe4d98ab669b/screenshot - {}
RESULT: {}
COMMAND: POST /session/2c26340218390abaea45fe4d98ab669b/execute/async - {"script":"<script> [1562 bytes]","args":[{"selector":{"controlType":"sap.ui.core.Icon","viewName":"etm.portal.ui.managepricingrules.view.MasterHeader","viewId":"application-managepricingrules-display-component---priceInfoHeader","properties":{"src":{"regex":{"source":"activity\\-items"}}}},"wdio_ui5_key":"etmportal.ui.managepricingrules.view.MasterHeadersap.ui.core.Icon{\"src\":{\"regex\":{\"source\":\"activity\\\\-items\"}}}"}]}
RESULT: {"script":"<script> [1562 bytes]","args":[{"selector":{"controlType":"sap.ui.core.Icon","viewName":"etm.portal.ui.managepricingrules.view.MasterHeader","viewId":"application-managepricingrules-display-component---priceInfoHeader","properties":{"src":{"regex":{"source":"activity\\-items"}}}},"wdio_ui5_key":"etmportal.ui.managepricingrules.view.MasterHeadersap.ui.core.Icon{\"src\":{\"regex\":{\"source\":\"activity\\\\-items\"}}}"}]}
RESULT: undefined
COMMAND: POST /session/2c26340218390abaea45fe4d98ab669b/element - {"using":"xpath","value":"//*[@id=\"__filter22-icon\"]"}
RESULT: {"using":"xpath","value":"//*[@id=\"__filter22-icon\"]"}
COMMAND: POST /session/2c26340218390abaea45fe4d98ab669b/element/f.17291DB1E67CD9F3C23A369F0CDF7328.d.5B0E2E49BF2300B209980B4E24274965.e.4278/click - {}
RESULT: {}
COMMAND: GET /session/2c26340218390abaea45fe4d98ab669b/screenshot - {}
RESULT: {}
COMMAND: POST /session/2c26340218390abaea45fe4d98ab669b/execute/async - {"script":"<script> [1562 bytes]","args":[{"selector":{"controlType":"sap.ui.core.Icon","viewName":"etm.portal.ui.managepricingrules.view.MasterItem","viewId":"application-managepricingrules-display-component---priceInfoItem","properties":{"src":{"regex":{"source":"add"}}}},"wdio_ui5_key":"etmportal.ui.managepricingrules.view.MasterItemsap.ui.core.Icon{\"src\":{\"regex\":{\"source\":\"add\"}}}"}]}
RESULT: {"script":"<script> [1562 bytes]","args":[{"selector":{"controlType":"sap.ui.core.Icon","viewName":"etm.portal.ui.managepricingrules.view.MasterItem","viewId":"application-managepricingrules-display-component---priceInfoItem","properties":{"src":{"regex":{"source":"add"}}}},"wdio_ui5_key":"etmportal.ui.managepricingrules.view.MasterItemsap.ui.core.Icon{\"src\":{\"regex\":{\"source\":\"add\"}}}"}]}
RESULT: undefined
COMMAND: POST /session/2c26340218390abaea45fe4d98ab669b/element - {"using":"xpath","value":"//*[@id=\"__button76-img\"]"}
RESULT: {"using":"xpath","value":"//*[@id=\"__button76-img\"]"}
COMMAND: POST /session/2c26340218390abaea45fe4d98ab669b/element/f.17291DB1E67CD9F3C23A369F0CDF7328.d.5B0E2E49BF2300B209980B4E24274965.e.4325/click - {}
RESULT: {}
COMMAND: GET /session/2c26340218390abaea45fe4d98ab669b/screenshot - {}
RESULT: {}
COMMAND: POST /session/2c26340218390abaea45fe4d98ab669b/element - {"using":"xpath","value":"//input[@id=\"application-managepricingrules-display-component---newInfoPriceItem--condRU-inner\"]"}
RESULT: {"using":"xpath","value":"//input[@id=\"application-managepricingrules-display-component---newInfoPriceItem--condRU-inner\"]"}
COMMAND: POST /session/2c26340218390abaea45fe4d98ab669b/element/f.17291DB1E67CD9F3C23A369F0CDF7328.d.5B0E2E49BF2300B209980B4E24274965.e.4539/clear - {}
RESULT: {}
COMMAND: POST /session/2c26340218390abaea45fe4d98ab669b/element/f.17291DB1E67CD9F3C23A369F0CDF7328.d.5B0E2E49BF2300B209980B4E24274965.e.4539/value - {"text":"WebdriverRUR2C75hfr"}
COMMAND: GET /session/2c26340218390abaea45fe4d98ab669b/screenshot - {}
RESULT: {"text":"WebdriverRUR2C75hfr"}
COMMAND: POST /session/2c26340218390abaea45fe4d98ab669b/execute/async - {"script":"<script> [1562 bytes]","args":[{"selector":{"id":"application-managepricingrules-display-component---newInfoPriceItem--condValidTo","interaction":{"idSuffix":"inner"}},"wdio_ui5_key":"applicationmanagepricingrules-display-component---newInfoPriceItem--condValidTo"}]}
COMMAND: GET /session/2c26340218390abaea45fe4d98ab669b/screenshot - {}
RESULT: {}
RESULT: {"script":"<script> [1562 bytes]","args":[{"selector":{"id":"application-managepricingrules-display-component---newInfoPriceItem--condValidTo","interaction":{"idSuffix":"inner"}},"wdio_ui5_key":"applicationmanagepricingrules-display-component---newInfoPriceItem--condValidTo"}]}
RESULT: undefined
COMMAND: POST /session/2c26340218390abaea45fe4d98ab669b/execute/async - {"script":"<script> [776 bytes]","args":[{"enterText":"5/18/33","selector":{"id":"application-managepricingrules-display-component---newInfoPriceItem--condValidTo","interaction":{"idSuffix":"inner"}},"clearTextFirst":true,"interactionType":"ENTER_TEXT"}]}
RESULT: {}
RESULT: {"script":"<script> [776 bytes]","args":[{"enterText":"5/18/33","selector":{"id":"application-managepricingrules-display-component---newInfoPriceItem--condValidTo","interaction":{"idSuffix":"inner"}},"clearTextFirst":true,"interactionType":"ENTER_TEXT"}]}
COMMAND: POST /session/2c26340218390abaea45fe4d98ab669b/execute/async - {"script":"<script> [1562 bytes]","args":[{"selector":{"id":"application-managepricingrules-display-component---newInfoPriceItem--billType-arrow"},"wdio_ui5_key":"applicationmanagepricingrules-display-component---newInfoPriceItem--billType-arrow"}]}
RESULT: {"script":"<script> [1562 bytes]","args":[{"selector":{"id":"application-managepricingrules-display-component---newInfoPriceItem--billType-arrow"},"wdio_ui5_key":"applicationmanagepricingrules-display-component---newInfoPriceItem--billType-arrow"}]}
RESULT: undefined
COMMAND: POST /session/2c26340218390abaea45fe4d98ab669b/element - {"using":"xpath","value":"//*[@id=\"application-managepricingrules-display-component---newInfoPriceItem--billType-arrow\"]"}
RESULT: {"using":"xpath","value":"//*[@id=\"application-managepricingrules-display-component---newInfoPriceItem--billType-arrow\"]"}
COMMAND: POST /session/2c26340218390abaea45fe4d98ab669b/element/f.17291DB1E67CD9F3C23A369F0CDF7328.d.5B0E2E49BF2300B209980B4E24274965.e.4626/click - {}
RESULT: {}
COMMAND: POST /session/2c26340218390abaea45fe4d98ab669b/element - {"using":"xpath","value":"//span[contains(text(), \"TB - Time based\")]"}
COMMAND: GET /session/2c26340218390abaea45fe4d98ab669b/screenshot - {}
RESULT: {"using":"xpath","value":"//span[contains(text(), \"TB - Time based\")]"}
COMMAND: POST /session/2c26340218390abaea45fe4d98ab669b/element/f.17291DB1E67CD9F3C23A369F0CDF7328.d.5B0E2E49BF2300B209980B4E24274965.e.4681/click - {}
RESULT: {}
RESULT: {}
COMMAND: POST /session/2c26340218390abaea45fe4d98ab669b/execute/async - {"script":"<script> [1562 bytes]","args":[{"selector":{"id":"application-managepricingrules-display-component---newInfoPriceItem--priceProc-arrow"},"wdio_ui5_key":"applicationmanagepricingrules-display-component---newInfoPriceItem--priceProc-arrow"}]}
COMMAND: GET /session/2c26340218390abaea45fe4d98ab669b/screenshot - {}
RESULT: {"script":"<script> [1562 bytes]","args":[{"selector":{"id":"application-managepricingrules-display-component---newInfoPriceItem--priceProc-arrow"},"wdio_ui5_key":"applicationmanagepricingrules-display-component---newInfoPriceItem--priceProc-arrow"}]}
RESULT: undefined
COMMAND: POST /session/2c26340218390abaea45fe4d98ab669b/element - {"using":"xpath","value":"//*[@id=\"application-managepricingrules-display-component---newInfoPriceItem--priceProc-arrow\"]"}
RESULT: {}
RESULT: {"using":"xpath","value":"//*[@id=\"application-managepricingrules-display-component---newInfoPriceItem--priceProc-arrow\"]"}
COMMAND: POST /session/2c26340218390abaea45fe4d98ab669b/element/f.17291DB1E67CD9F3C23A369F0CDF7328.d.5B0E2E49BF2300B209980B4E24274965.e.4633/click - {}
RESULT: {}
COMMAND: POST /session/2c26340218390abaea45fe4d98ab669b/element - {"using":"xpath","value":"//span[contains(text(), \"TBS - Time based standard\")]"}
COMMAND: GET /session/2c26340218390abaea45fe4d98ab669b/screenshot - {}
RESULT: {"using":"xpath","value":"//span[contains(text(), \"TBS - Time based standard\")]"}
COMMAND: POST /session/2c26340218390abaea45fe4d98ab669b/element/f.17291DB1E67CD9F3C23A369F0CDF7328.d.5B0E2E49BF2300B209980B4E24274965.e.4682/click - {}
RESULT: {}
RESULT: {}
COMMAND: POST /session/2c26340218390abaea45fe4d98ab669b/execute/async - {"script":"<script> [1562 bytes]","args":[{"selector":{"id":"application-managepricingrules-display-component---newInfoPriceItem--calcBase-arrow"},"wdio_ui5_key":"applicationmanagepricingrules-display-component---newInfoPriceItem--calcBase-arrow"}]}
COMMAND: GET /session/2c26340218390abaea45fe4d98ab669b/screenshot - {}
RESULT: {"script":"<script> [1562 bytes]","args":[{"selector":{"id":"application-managepricingrules-display-component---newInfoPriceItem--calcBase-arrow"},"wdio_ui5_key":"applicationmanagepricingrules-display-component---newInfoPriceItem--calcBase-arrow"}]}
RESULT: undefined
COMMAND: POST /session/2c26340218390abaea45fe4d98ab669b/element - {"using":"xpath","value":"//*[@id=\"application-managepricingrules-display-component---newInfoPriceItem--calcBase-arrow\"]"}
RESULT: {}
RESULT: {"using":"xpath","value":"//*[@id=\"application-managepricingrules-display-component---newInfoPriceItem--calcBase-arrow\"]"}
COMMAND: POST /session/2c26340218390abaea45fe4d98ab669b/element/f.17291DB1E67CD9F3C23A369F0CDF7328.d.5B0E2E49BF2300B209980B4E24274965.e.4640/click - {}
RESULT: {}
COMMAND: GET /session/2c26340218390abaea45fe4d98ab669b/screenshot - {}
RESULT: {}
COMMAND: POST /session/2c26340218390abaea45fe4d98ab669b/element - {"using":"xpath","value":"//span[contains(text(), \"0006 - TB(calendar days)\")]"}
RESULT: {"using":"xpath","value":"//span[contains(text(), \"0006 - TB(calendar days)\")]"}
COMMAND: POST /session/2c26340218390abaea45fe4d98ab669b/element/f.17291DB1E67CD9F3C23A369F0CDF7328.d.5B0E2E49BF2300B209980B4E24274965.e.4683/click - {}
RESULT: {}
COMMAND: POST /session/2c26340218390abaea45fe4d98ab669b/execute/async - {"script":"<script> [1562 bytes]","args":[{"selector":{"id":"application-managepricingrules-display-component---newInfoPriceItem--daysMonth","interaction":{"idSuffix":"inner"}},"wdio_ui5_key":"applicationmanagepricingrules-display-component---newInfoPriceItem--daysMonth"}]}
COMMAND: GET /session/2c26340218390abaea45fe4d98ab669b/screenshot - {}
RESULT: {"script":"<script> [1562 bytes]","args":[{"selector":{"id":"application-managepricingrules-display-component---newInfoPriceItem--daysMonth","interaction":{"idSuffix":"inner"}},"wdio_ui5_key":"applicationmanagepricingrules-display-component---newInfoPriceItem--daysMonth"}]}
RESULT: undefined
COMMAND: POST /session/2c26340218390abaea45fe4d98ab669b/execute/async - {"script":"<script> [776 bytes]","args":[{"enterText":"30","selector":{"id":"application-managepricingrules-display-component---newInfoPriceItem--daysMonth","interaction":{"idSuffix":"inner"}},"clearTextFirst":true,"interactionType":"ENTER_TEXT"}]}
RESULT: {}
RESULT: {"script":"<script> [776 bytes]","args":[{"enterText":"30","selector":{"id":"application-managepricingrules-display-component---newInfoPriceItem--daysMonth","interaction":{"idSuffix":"inner"}},"clearTextFirst":true,"interactionType":"ENTER_TEXT"}]}
COMMAND: POST /session/2c26340218390abaea45fe4d98ab669b/element - {"using":"xpath","value":"//button[@data-kt=\"saveNewRuleButton\"]"}
RESULT: {"using":"xpath","value":"//button[@data-kt=\"saveNewRuleButton\"]"}
COMMAND: POST /session/2c26340218390abaea45fe4d98ab669b/element/f.17291DB1E67CD9F3C23A369F0CDF7328.d.5B0E2E49BF2300B209980B4E24274965.e.4661/click - {}
RESULT: {}
COMMAND: GET /session/2c26340218390abaea45fe4d98ab669b/screenshot - {}
RESULT: {}
COMMAND: POST /session/2c26340218390abaea45fe4d98ab669b/element - {"using":"css selector","value":"#shell-header-logo"}
RESULT: {"using":"css selector","value":"#shell-header-logo"}
COMMAND: POST /session/2c26340218390abaea45fe4d98ab669b/element/f.17291DB1E67CD9F3C23A369F0CDF7328.d.5B0E2E49BF2300B209980B4E24274965.e.4232/click - {}
RESULT: {}
COMMAND: GET /session/2c26340218390abaea45fe4d98ab669b/screenshot - {}
RESULT: {}
COMMAND: POST /session/2c26340218390abaea45fe4d98ab669b/execute/async - {"script":"<script> [1562 bytes]","args":[{"selector":{"controlType":"sap.m.Text","properties":{"text":"Manage Conditions & Prices"},"interaction":{"idSuffix":"inner"}},"wdio_ui5_key":"sapm.Text{\"text\":\"Manage Conditions & Prices\"}"}]}
RESULT: {"script":"<script> [1562 bytes]","args":[{"selector":{"controlType":"sap.m.Text","properties":{"text":"Manage Conditions & Prices"},"interaction":{"idSuffix":"inner"}},"wdio_ui5_key":"sapm.Text{\"text\":\"Manage Conditions & Prices\"}"}]}
RESULT: undefined
COMMAND: POST /session/2c26340218390abaea45fe4d98ab669b/element - {"using":"xpath","value":"//*[@id=\"__tile53-title\"]"}
RESULT: {"using":"xpath","value":"//*[@id=\"__tile53-title\"]"}
COMMAND: POST /session/2c26340218390abaea45fe4d98ab669b/element/f.17291DB1E67CD9F3C23A369F0CDF7328.d.5B0E2E49BF2300B209980B4E24274965.e.4691/click - {}
RESULT: {}
COMMAND: GET /session/2c26340218390abaea45fe4d98ab669b/screenshot - {}
RESULT: {}
COMMAND: POST /session/2c26340218390abaea45fe4d98ab669b/element - {"using":"xpath","value":"//button[@aria-label=\"Create\"]"}
RESULT: {"using":"xpath","value":"//button[@aria-label=\"Create\"]"}
COMMAND: POST /session/2c26340218390abaea45fe4d98ab669b/elements - {"using":"xpath","value":"//button[@aria-label=\"Create\"]"}
RESULT: {"using":"xpath","value":"//button[@aria-label=\"Create\"]"}
COMMAND: POST /session/2c26340218390abaea45fe4d98ab669b/elements - {"using":"xpath","value":"//button[@aria-label=\"Create\"]"}
RESULT: {"using":"xpath","value":"//button[@aria-label=\"Create\"]"}
COMMAND: POST /session/2c26340218390abaea45fe4d98ab669b/element - {"using":"xpath","value":"//button[@aria-label=\"Create\"]"}
RESULT: {"using":"xpath","value":"//button[@aria-label=\"Create\"]"}
COMMAND: POST /session/2c26340218390abaea45fe4d98ab669b/element/f.17291DB1E67CD9F3C23A369F0CDF7328.d.5B0E2E49BF2300B209980B4E24274965.e.4730/click - {}
RESULT: {}
COMMAND: POST /session/2c26340218390abaea45fe4d98ab669b/actions - {"actions":[{"id":"action8","type":"key","parameters":{},"actions":[{"type":"keyDown","value":""},{"type":"pause","duration":10},{"type":"keyUp","value":""}]}]}
COMMAND: GET /session/2c26340218390abaea45fe4d98ab669b/screenshot - {}
RESULT: {"actions":[{"id":"action8","type":"key","parameters":{},"actions":[{"type":"keyDown","value":""},{"type":"pause","duration":10},{"type":"keyUp","value":""}]}]}
COMMAND: GET /session/2c26340218390abaea45fe4d98ab669b/screenshot - {}
RESULT: {}
RESULT: {}
COMMAND: POST /session/2c26340218390abaea45fe4d98ab669b/execute/async - {"script":"<script> [1562 bytes]","args":[{"selector":{"id":"application-manageconditionprice-display-component---newCondition--condBillCond-arrow"},"wdio_ui5_key":"applicationmanageconditionprice-display-component---newCondition--condBillCond-arrow"}]}
RESULT: {"script":"<script> [1562 bytes]","args":[{"selector":{"id":"application-manageconditionprice-display-component---newCondition--condBillCond-arrow"},"wdio_ui5_key":"applicationmanageconditionprice-display-component---newCondition--condBillCond-arrow"}]}
RESULT: undefined
COMMAND: POST /session/2c26340218390abaea45fe4d98ab669b/element - {"using":"xpath","value":"//*[@id=\"application-manageconditionprice-display-component---newCondition--condBillCond-arrow\"]"}
RESULT: {"using":"xpath","value":"//*[@id=\"application-manageconditionprice-display-component---newCondition--condBillCond-arrow\"]"}
COMMAND: POST /session/2c26340218390abaea45fe4d98ab669b/element/f.17291DB1E67CD9F3C23A369F0CDF7328.d.5B0E2E49BF2300B209980B4E24274965.e.5072/click - {}
RESULT: {}
COMMAND: POST /session/2c26340218390abaea45fe4d98ab669b/element - {"using":"xpath","value":"//span[contains(text(), \"DISP - D&I special price\")]"}
COMMAND: GET /session/2c26340218390abaea45fe4d98ab669b/screenshot - {}
RESULT: {"using":"xpath","value":"//span[contains(text(), \"DISP - D&I special price\")]"}
COMMAND: POST /session/2c26340218390abaea45fe4d98ab669b/element/f.17291DB1E67CD9F3C23A369F0CDF7328.d.5B0E2E49BF2300B209980B4E24274965.e.5073/click - {}
RESULT: {}
RESULT: {}
COMMAND: POST /session/2c26340218390abaea45fe4d98ab669b/execute/async - {"script":"<script> [1562 bytes]","args":[{"selector":{"id":"application-manageconditionprice-display-component---newCondition--condValidTo","interaction":{"idSuffix":"inner"}},"wdio_ui5_key":"applicationmanageconditionprice-display-component---newCondition--condValidTo"}]}
COMMAND: GET /session/2c26340218390abaea45fe4d98ab669b/screenshot - {}
RESULT: {"script":"<script> [1562 bytes]","args":[{"selector":{"id":"application-manageconditionprice-display-component---newCondition--condValidTo","interaction":{"idSuffix":"inner"}},"wdio_ui5_key":"applicationmanageconditionprice-display-component---newCondition--condValidTo"}]}
RESULT: undefined
COMMAND: POST /session/2c26340218390abaea45fe4d98ab669b/execute/async - {"script":"<script> [776 bytes]","args":[{"enterText":"5/11/33","selector":{"id":"application-manageconditionprice-display-component---newCondition--condValidTo","interaction":{"idSuffix":"inner"}},"clearTextFirst":true,"interactionType":"ENTER_TEXT"}]}
RESULT: {}
RESULT: {"script":"<script> [776 bytes]","args":[{"enterText":"5/11/33","selector":{"id":"application-manageconditionprice-display-component---newCondition--condValidTo","interaction":{"idSuffix":"inner"}},"clearTextFirst":true,"interactionType":"ENTER_TEXT"}]}
COMMAND: POST /session/2c26340218390abaea45fe4d98ab669b/element - {"using":"xpath","value":"//input[@id=\"application-manageconditionprice-display-component---newCondition--condRU-inner\"]"}
RESULT: {"using":"xpath","value":"//input[@id=\"application-manageconditionprice-display-component---newCondition--condRU-inner\"]"}
COMMAND: POST /session/2c26340218390abaea45fe4d98ab669b/element/f.17291DB1E67CD9F3C23A369F0CDF7328.d.5B0E2E49BF2300B209980B4E24274965.e.4864/clear - {}
RESULT: {}
COMMAND: POST /session/2c26340218390abaea45fe4d98ab669b/element/f.17291DB1E67CD9F3C23A369F0CDF7328.d.5B0E2E49BF2300B209980B4E24274965.e.4864/value - {"text":"WebdriverRUR2C75hfr"}
COMMAND: GET /session/2c26340218390abaea45fe4d98ab669b/screenshot - {}
RESULT: {"text":"WebdriverRUR2C75hfr"}
COMMAND: GET /session/2c26340218390abaea45fe4d98ab669b/screenshot - {}
RESULT: {}
RESULT: {}
COMMAND: POST /session/2c26340218390abaea45fe4d98ab669b/actions - {"actions":[{"id":"action9","type":"key","parameters":{},"actions":[{"type":"keyDown","value":""},{"type":"pause","duration":10},{"type":"keyUp","value":""}]}]}
RESULT: {"actions":[{"id":"action9","type":"key","parameters":{},"actions":[{"type":"keyDown","value":""},{"type":"pause","duration":10},{"type":"keyUp","value":""}]}]}
COMMAND: POST /session/2c26340218390abaea45fe4d98ab669b/execute/async - {"script":"<script> [1562 bytes]","args":[{"selector":{"id":"application-manageconditionprice-display-component---newCondition--condBaseQty","interaction":{"idSuffix":"inner"}},"wdio_ui5_key":"applicationmanageconditionprice-display-component---newCondition--condBaseQty"}]}
COMMAND: GET /session/2c26340218390abaea45fe4d98ab669b/screenshot - {}
RESULT: {"script":"<script> [1562 bytes]","args":[{"selector":{"id":"application-manageconditionprice-display-component---newCondition--condBaseQty","interaction":{"idSuffix":"inner"}},"wdio_ui5_key":"applicationmanageconditionprice-display-component---newCondition--condBaseQty"}]}
RESULT: undefined
COMMAND: POST /session/2c26340218390abaea45fe4d98ab669b/execute/async - {"script":"<script> [776 bytes]","args":[{"enterText":"1","selector":{"id":"application-manageconditionprice-display-component---newCondition--condBaseQty","interaction":{"idSuffix":"inner"}},"clearTextFirst":true,"interactionType":"ENTER_TEXT"}]}
RESULT: {}
RESULT: {"script":"<script> [776 bytes]","args":[{"enterText":"1","selector":{"id":"application-manageconditionprice-display-component---newCondition--condBaseQty","interaction":{"idSuffix":"inner"}},"clearTextFirst":true,"interactionType":"ENTER_TEXT"}]}
COMMAND: POST /session/2c26340218390abaea45fe4d98ab669b/execute/async - {"script":"<script> [1562 bytes]","args":[{"selector":{"id":"application-manageconditionprice-display-component---newCondition--condValue","interaction":{"idSuffix":"inner"}},"wdio_ui5_key":"applicationmanageconditionprice-display-component---newCondition--condValue"}]}
RESULT: {"script":"<script> [1562 bytes]","args":[{"selector":{"id":"application-manageconditionprice-display-component---newCondition--condValue","interaction":{"idSuffix":"inner"}},"wdio_ui5_key":"applicationmanageconditionprice-display-component---newCondition--condValue"}]}
RESULT: undefined
COMMAND: POST /session/2c26340218390abaea45fe4d98ab669b/execute/async - {"script":"<script> [776 bytes]","args":[{"enterText":"100","selector":{"id":"application-manageconditionprice-display-component---newCondition--condValue","interaction":{"idSuffix":"inner"}},"clearTextFirst":true,"interactionType":"ENTER_TEXT"}]}
RESULT: {"script":"<script> [776 bytes]","args":[{"enterText":"100","selector":{"id":"application-manageconditionprice-display-component---newCondition--condValue","interaction":{"idSuffix":"inner"}},"clearTextFirst":true,"interactionType":"ENTER_TEXT"}]}
COMMAND: POST /session/2c26340218390abaea45fe4d98ab669b/execute/async - {"script":"<script> [1562 bytes]","args":[{"selector":{"id":"application-manageconditionprice-display-component---newCondition--condCurr-arrow"},"wdio_ui5_key":"applicationmanageconditionprice-display-component---newCondition--condCurr-arrow"}]}
RESULT: {"script":"<script> [1562 bytes]","args":[{"selector":{"id":"application-manageconditionprice-display-component---newCondition--condCurr-arrow"},"wdio_ui5_key":"applicationmanageconditionprice-display-component---newCondition--condCurr-arrow"}]}
RESULT: undefined
COMMAND: POST /session/2c26340218390abaea45fe4d98ab669b/element - {"using":"xpath","value":"//*[@id=\"application-manageconditionprice-display-component---newCondition--condCurr-arrow\"]"}
RESULT: {"using":"xpath","value":"//*[@id=\"application-manageconditionprice-display-component---newCondition--condCurr-arrow\"]"}
COMMAND: POST /session/2c26340218390abaea45fe4d98ab669b/element/f.17291DB1E67CD9F3C23A369F0CDF7328.d.5B0E2E49BF2300B209980B4E24274965.e.5024/click - {}
RESULT: {}
COMMAND: POST /session/2c26340218390abaea45fe4d98ab669b/element - {"using":"xpath","value":"//span[contains(text(), \"Euro\")]"}
COMMAND: GET /session/2c26340218390abaea45fe4d98ab669b/screenshot - {}
RESULT: {"using":"xpath","value":"//span[contains(text(), \"Euro\")]"}
COMMAND: POST /session/2c26340218390abaea45fe4d98ab669b/element/f.17291DB1E67CD9F3C23A369F0CDF7328.d.5B0E2E49BF2300B209980B4E24274965.e.5111/click - {}
RESULT: {}
RESULT: {}
COMMAND: POST /session/2c26340218390abaea45fe4d98ab669b/element - {"using":"xpath","value":"//button[@data-kt=\"saveButton\"]"}
COMMAND: GET /session/2c26340218390abaea45fe4d98ab669b/screenshot - {}
RESULT: {"using":"xpath","value":"//button[@data-kt=\"saveButton\"]"}
COMMAND: POST /session/2c26340218390abaea45fe4d98ab669b/element/f.17291DB1E67CD9F3C23A369F0CDF7328.d.5B0E2E49BF2300B209980B4E24274965.e.5025/click - {}
RESULT: {}
RESULT: {}
COMMAND: GET /session/2c26340218390abaea45fe4d98ab669b/screenshot - {}
RESULT: {}
COMMAND: POST /session/2c26340218390abaea45fe4d98ab669b/element - {"using":"css selector","value":"#shell-header-logo"}
RESULT: {"using":"css selector","value":"#shell-header-logo"}
COMMAND: POST /session/2c26340218390abaea45fe4d98ab669b/element/f.17291DB1E67CD9F3C23A369F0CDF7328.d.5B0E2E49BF2300B209980B4E24274965.e.4693/click - {}
RESULT: {}
COMMAND: GET /session/2c26340218390abaea45fe4d98ab669b/screenshot - {}
RESULT: {}
]]></system-out>
    </testcase>
    <testcase classname="chrome.135_0_7049_42.windows.E2E_-_Logistical_and_commercial_statuses" name="Should create a new contract" time="53.085">
      <system-out><![CDATA[
COMMAND: POST /session/2c26340218390abaea45fe4d98ab669b/execute/async - {"script":"<script> [1562 bytes]","args":[{"selector":{"controlType":"sap.m.GenericTile","viewName":"etm.portal.ui.managecontractstile.view.Master","i18NText":{"propertyName":"header","key":"manageContractsTileTitle"}},"wdio_ui5_key":"etmportal.ui.managecontractstile.view.Mastersap.m.GenericTile{\"propertyName\":\"header\",\"key\":\"manageContractsTileTitle\"}"}]}
RESULT: {"script":"<script> [1562 bytes]","args":[{"selector":{"controlType":"sap.m.GenericTile","viewName":"etm.portal.ui.managecontractstile.view.Master","i18NText":{"propertyName":"header","key":"manageContractsTileTitle"}},"wdio_ui5_key":"etmportal.ui.managecontractstile.view.Mastersap.m.GenericTile{\"propertyName\":\"header\",\"key\":\"manageContractsTileTitle\"}"}]}
RESULT: undefined
COMMAND: POST /session/2c26340218390abaea45fe4d98ab669b/element - {"using":"xpath","value":"//*[@id=\"__tile133\"]"}
RESULT: {"using":"xpath","value":"//*[@id=\"__tile133\"]"}
COMMAND: POST /session/2c26340218390abaea45fe4d98ab669b/element/f.17291DB1E67CD9F3C23A369F0CDF7328.d.5B0E2E49BF2300B209980B4E24274965.e.5201/click - {}
RESULT: {}
COMMAND: GET /session/2c26340218390abaea45fe4d98ab669b/screenshot - {}
RESULT: {}
RESULT: undefined
RESULT: undefined
COMMAND: POST /session/2c26340218390abaea45fe4d98ab669b/element - {"using":"xpath","value":"//button[@data-kt=\"addButton\"]"}
RESULT: {"using":"xpath","value":"//button[@data-kt=\"addButton\"]"}
COMMAND: POST /session/2c26340218390abaea45fe4d98ab669b/element/f.17291DB1E67CD9F3C23A369F0CDF7328.d.5B0E2E49BF2300B209980B4E24274965.e.5268/click - {}
RESULT: {}
COMMAND: GET /session/2c26340218390abaea45fe4d98ab669b/screenshot - {}
RESULT: {}
COMMAND: POST /session/2c26340218390abaea45fe4d98ab669b/execute/async - {"script":"<script> [1562 bytes]","args":[{"selector":{"id":"application-managecontracts-display-component---AddNewContract--projectDescription","interaction":{"idSuffix":"inner"}},"wdio_ui5_key":"applicationmanagecontracts-display-component---AddNewContract--projectDescription"}]}
RESULT: {"script":"<script> [1562 bytes]","args":[{"selector":{"id":"application-managecontracts-display-component---AddNewContract--projectDescription","interaction":{"idSuffix":"inner"}},"wdio_ui5_key":"applicationmanagecontracts-display-component---AddNewContract--projectDescription"}]}
RESULT: undefined
COMMAND: POST /session/2c26340218390abaea45fe4d98ab669b/execute/async - {"script":"<script> [776 bytes]","args":[{"enterText":"WdIOR2c0rsn","selector":{"id":"application-managecontracts-display-component---AddNewContract--projectDescription","interaction":{"idSuffix":"inner"}},"clearTextFirst":true,"interactionType":"ENTER_TEXT"}]}
RESULT: {"script":"<script> [776 bytes]","args":[{"enterText":"WdIOR2c0rsn","selector":{"id":"application-managecontracts-display-component---AddNewContract--projectDescription","interaction":{"idSuffix":"inner"}},"clearTextFirst":true,"interactionType":"ENTER_TEXT"}]}
COMMAND: POST /session/2c26340218390abaea45fe4d98ab669b/element - {"using":"xpath","value":"//input[@id=\"application-managecontracts-display-component---AddNewContract--yardId-inner\"]"}
RESULT: {"using":"xpath","value":"//input[@id=\"application-managecontracts-display-component---AddNewContract--yardId-inner\"]"}
COMMAND: POST /session/2c26340218390abaea45fe4d98ab669b/element/f.17291DB1E67CD9F3C23A369F0CDF7328.d.5B0E2E49BF2300B209980B4E24274965.e.5566/clear - {}
RESULT: {}
COMMAND: POST /session/2c26340218390abaea45fe4d98ab669b/element/f.17291DB1E67CD9F3C23A369F0CDF7328.d.5B0E2E49BF2300B209980B4E24274965.e.5566/value - {"text":"WebdriverYardgnnhk"}
COMMAND: GET /session/2c26340218390abaea45fe4d98ab669b/screenshot - {}
RESULT: {"text":"WebdriverYardgnnhk"}
COMMAND: GET /session/2c26340218390abaea45fe4d98ab669b/screenshot - {}
RESULT: {}
RESULT: {}
COMMAND: POST /session/2c26340218390abaea45fe4d98ab669b/actions - {"actions":[{"id":"action10","type":"key","parameters":{},"actions":[{"type":"keyDown","value":""},{"type":"pause","duration":10},{"type":"keyUp","value":""}]}]}
RESULT: {"actions":[{"id":"action10","type":"key","parameters":{},"actions":[{"type":"keyDown","value":""},{"type":"pause","duration":10},{"type":"keyUp","value":""}]}]}
COMMAND: GET /session/2c26340218390abaea45fe4d98ab669b/screenshot - {}
RESULT: {}
COMMAND: POST /session/2c26340218390abaea45fe4d98ab669b/element - {"using":"xpath","value":"//input[@id=\"application-managecontracts-display-component---AddNewContract--customerSelect-inner\"]"}
RESULT: {"using":"xpath","value":"//input[@id=\"application-managecontracts-display-component---AddNewContract--customerSelect-inner\"]"}
COMMAND: POST /session/2c26340218390abaea45fe4d98ab669b/element/f.17291DB1E67CD9F3C23A369F0CDF7328.d.5B0E2E49BF2300B209980B4E24274965.e.5564/clear - {}
RESULT: {}
COMMAND: POST /session/2c26340218390abaea45fe4d98ab669b/element/f.17291DB1E67CD9F3C23A369F0CDF7328.d.5B0E2E49BF2300B209980B4E24274965.e.5564/value - {"text":"WebdriverPartneruu6y7i"}
COMMAND: GET /session/2c26340218390abaea45fe4d98ab669b/screenshot - {}
RESULT: {"text":"WebdriverPartneruu6y7i"}
COMMAND: GET /session/2c26340218390abaea45fe4d98ab669b/screenshot - {}
RESULT: {}
RESULT: {}
COMMAND: POST /session/2c26340218390abaea45fe4d98ab669b/actions - {"actions":[{"id":"action11","type":"key","parameters":{},"actions":[{"type":"keyDown","value":""},{"type":"pause","duration":10},{"type":"keyUp","value":""}]}]}
RESULT: {"actions":[{"id":"action11","type":"key","parameters":{},"actions":[{"type":"keyDown","value":""},{"type":"pause","duration":10},{"type":"keyUp","value":""}]}]}
COMMAND: GET /session/2c26340218390abaea45fe4d98ab669b/screenshot - {}
RESULT: {}
COMMAND: POST /session/2c26340218390abaea45fe4d98ab669b/element - {"using":"xpath","value":"//input[@id=\"application-managecontracts-display-component---AddNewContract--site-inner\"]"}
RESULT: {"using":"xpath","value":"//input[@id=\"application-managecontracts-display-component---AddNewContract--site-inner\"]"}
COMMAND: POST /session/2c26340218390abaea45fe4d98ab669b/element/f.17291DB1E67CD9F3C23A369F0CDF7328.d.5B0E2E49BF2300B209980B4E24274965.e.5565/clear - {}
RESULT: {}
COMMAND: POST /session/2c26340218390abaea45fe4d98ab669b/element/f.17291DB1E67CD9F3C23A369F0CDF7328.d.5B0E2E49BF2300B209980B4E24274965.e.5565/value - {"text":"WebdriverSitez7ij4"}
COMMAND: GET /session/2c26340218390abaea45fe4d98ab669b/screenshot - {}
RESULT: {"text":"WebdriverSitez7ij4"}
COMMAND: GET /session/2c26340218390abaea45fe4d98ab669b/screenshot - {}
RESULT: {}
RESULT: {}
COMMAND: POST /session/2c26340218390abaea45fe4d98ab669b/actions - {"actions":[{"id":"action12","type":"key","parameters":{},"actions":[{"type":"keyDown","value":""},{"type":"pause","duration":10},{"type":"keyUp","value":""}]}]}
RESULT: {"actions":[{"id":"action12","type":"key","parameters":{},"actions":[{"type":"keyDown","value":""},{"type":"pause","duration":10},{"type":"keyUp","value":""}]}]}
COMMAND: POST /session/2c26340218390abaea45fe4d98ab669b/element - {"using":"xpath","value":"//button[@data-kt=\"saveButton\"]"}
COMMAND: GET /session/2c26340218390abaea45fe4d98ab669b/screenshot - {}
RESULT: {"using":"xpath","value":"//button[@data-kt=\"saveButton\"]"}
COMMAND: POST /session/2c26340218390abaea45fe4d98ab669b/element/f.17291DB1E67CD9F3C23A369F0CDF7328.d.5B0E2E49BF2300B209980B4E24274965.e.5590/click - {}
RESULT: {}
RESULT: {}
COMMAND: GET /session/2c26340218390abaea45fe4d98ab669b/screenshot - {}
RESULT: {}
COMMAND: POST /session/2c26340218390abaea45fe4d98ab669b/execute/async - {"script":"<script> [1562 bytes]","args":[{"selector":{"id":"contractDetailTitleNoExpanded","viewName":"etm.portal.ui.managecontracts.view.Detail"},"wdio_ui5_key":"contractDetailTitleNoExpandedetmportal.ui.managecontracts.view.Detail"}]}
RESULT: {"script":"<script> [1562 bytes]","args":[{"selector":{"id":"contractDetailTitleNoExpanded","viewName":"etm.portal.ui.managecontracts.view.Detail"},"wdio_ui5_key":"contractDetailTitleNoExpandedetmportal.ui.managecontracts.view.Detail"}]}
RESULT: undefined
COMMAND: POST /session/2c26340218390abaea45fe4d98ab669b/execute/async - {"script":"<script> [6424 bytes]","args":[{"element-6066-11e4-a52e-4f735466cecf":"f.17291DB1E67CD9F3C23A369F0CDF7328.d.5B0E2E49BF2300B209980B4E24274965.e.5669"},"getText",[]]}
RESULT: {"script":"<script> [6424 bytes]","args":[{"element-6066-11e4-a52e-4f735466cecf":"f.17291DB1E67CD9F3C23A369F0CDF7328.d.5B0E2E49BF2300B209980B4E24274965.e.5669"},"getText",[]]}
]]></system-out>
    </testcase>
    <testcase classname="chrome.135_0_7049_42.windows.E2E_-_Logistical_and_commercial_statuses" name="Should add materialID to the contract" time="42.913">
      <system-out><![CDATA[
COMMAND: POST /session/2c26340218390abaea45fe4d98ab669b/element - {"using":"xpath","value":"//button[@data-kt=\"contractDetailEditBtnButton\"]"}
RESULT: {"using":"xpath","value":"//button[@data-kt=\"contractDetailEditBtnButton\"]"}
COMMAND: POST /session/2c26340218390abaea45fe4d98ab669b/element/f.17291DB1E67CD9F3C23A369F0CDF7328.d.5B0E2E49BF2300B209980B4E24274965.e.5670/click - {}
RESULT: {}
COMMAND: GET /session/2c26340218390abaea45fe4d98ab669b/screenshot - {}
RESULT: {}
COMMAND: POST /session/2c26340218390abaea45fe4d98ab669b/element - {"using":"xpath","value":"(//span[contains(text(), \"Additional Addresses\")])[2]"}
RESULT: {"using":"xpath","value":"(//span[contains(text(), \"Additional Addresses\")])[2]"}
COMMAND: POST /session/2c26340218390abaea45fe4d98ab669b/element/f.17291DB1E67CD9F3C23A369F0CDF7328.d.5B0E2E49BF2300B209980B4E24274965.e.5725/click - {}
RESULT: {}
COMMAND: GET /session/2c26340218390abaea45fe4d98ab669b/screenshot - {}
RESULT: {}
COMMAND: POST /session/2c26340218390abaea45fe4d98ab669b/element - {"using":"xpath","value":"//button[@data-kt=\"btnAddTableRowOverflowToolbarButton\"]"}
RESULT: {"using":"xpath","value":"//button[@data-kt=\"btnAddTableRowOverflowToolbarButton\"]"}
COMMAND: POST /session/2c26340218390abaea45fe4d98ab669b/element/f.17291DB1E67CD9F3C23A369F0CDF7328.d.5B0E2E49BF2300B209980B4E24274965.e.5729/click - {}
RESULT: {}
COMMAND: GET /session/2c26340218390abaea45fe4d98ab669b/screenshot - {}
RESULT: {}
COMMAND: POST /session/2c26340218390abaea45fe4d98ab669b/element - {"using":"xpath","value":"//div[(text() = 'Standard Entry' or . = 'Standard Entry')]"}
RESULT: {"using":"xpath","value":"//div[(text() = 'Standard Entry' or . = 'Standard Entry')]"}
COMMAND: POST /session/2c26340218390abaea45fe4d98ab669b/element/f.17291DB1E67CD9F3C23A369F0CDF7328.d.5B0E2E49BF2300B209980B4E24274965.e.5731/click - {}
RESULT: {}
COMMAND: POST /session/2c26340218390abaea45fe4d98ab669b/element - {"using":"xpath","value":"//td[6]/div/div/input[1]"}
COMMAND: GET /session/2c26340218390abaea45fe4d98ab669b/screenshot - {}
RESULT: {"using":"xpath","value":"//td[6]/div/div/input[1]"}
COMMAND: POST /session/2c26340218390abaea45fe4d98ab669b/element/f.17291DB1E67CD9F3C23A369F0CDF7328.d.5B0E2E49BF2300B209980B4E24274965.e.5733/click - {}
RESULT: {}
RESULT: {}
COMMAND: POST /session/2c26340218390abaea45fe4d98ab669b/actions - {"actions":[{"id":"action13","type":"key","parameters":{},"actions":[{"type":"keyDown","value":""},{"type":"pause","duration":10},{"type":"keyUp","value":""}]}]}
COMMAND: GET /session/2c26340218390abaea45fe4d98ab669b/screenshot - {}
RESULT: {"actions":[{"id":"action13","type":"key","parameters":{},"actions":[{"type":"keyDown","value":""},{"type":"pause","duration":10},{"type":"keyUp","value":""}]}]}
COMMAND: POST /session/2c26340218390abaea45fe4d98ab669b/element - {"using":"xpath","value":"//td[6]/div/div/input[1]"}
COMMAND: GET /session/2c26340218390abaea45fe4d98ab669b/screenshot - {}
RESULT: {}
RESULT: {}
RESULT: {"using":"xpath","value":"//td[6]/div/div/input[1]"}
COMMAND: POST /session/2c26340218390abaea45fe4d98ab669b/element/f.17291DB1E67CD9F3C23A369F0CDF7328.d.5B0E2E49BF2300B209980B4E24274965.e.5733/clear - {}
RESULT: {}
COMMAND: POST /session/2c26340218390abaea45fe4d98ab669b/element/f.17291DB1E67CD9F3C23A369F0CDF7328.d.5B0E2E49BF2300B209980B4E24274965.e.5733/value - {"text":"Material"}
COMMAND: GET /session/2c26340218390abaea45fe4d98ab669b/screenshot - {}
RESULT: {"text":"Material"}
COMMAND: GET /session/2c26340218390abaea45fe4d98ab669b/screenshot - {}
RESULT: {}
RESULT: {}
COMMAND: POST /session/2c26340218390abaea45fe4d98ab669b/actions - {"actions":[{"id":"action14","type":"key","parameters":{},"actions":[{"type":"keyDown","value":""},{"type":"pause","duration":10},{"type":"keyUp","value":""}]}]}
RESULT: {"actions":[{"id":"action14","type":"key","parameters":{},"actions":[{"type":"keyDown","value":""},{"type":"pause","duration":10},{"type":"keyUp","value":""}]}]}
COMMAND: GET /session/2c26340218390abaea45fe4d98ab669b/screenshot - {}
RESULT: {}
COMMAND: POST /session/2c26340218390abaea45fe4d98ab669b/actions - {"actions":[{"id":"action15","type":"key","parameters":{},"actions":[{"type":"keyDown","value":""},{"type":"pause","duration":10},{"type":"keyUp","value":""}]}]}
RESULT: {"actions":[{"id":"action15","type":"key","parameters":{},"actions":[{"type":"keyDown","value":""},{"type":"pause","duration":10},{"type":"keyUp","value":""}]}]}
COMMAND: POST /session/2c26340218390abaea45fe4d98ab669b/element - {"using":"xpath","value":"//td[7]/div/div/input"}
COMMAND: GET /session/2c26340218390abaea45fe4d98ab669b/screenshot - {}
RESULT: {"using":"xpath","value":"//td[7]/div/div/input"}
COMMAND: POST /session/2c26340218390abaea45fe4d98ab669b/element/f.17291DB1E67CD9F3C23A369F0CDF7328.d.5B0E2E49BF2300B209980B4E24274965.e.5746/clear - {}
RESULT: {}
RESULT: {}
COMMAND: POST /session/2c26340218390abaea45fe4d98ab669b/element/f.17291DB1E67CD9F3C23A369F0CDF7328.d.5B0E2E49BF2300B209980B4E24274965.e.5746/value - {"text":"WebdriverRUR2C75hfr"}
COMMAND: GET /session/2c26340218390abaea45fe4d98ab669b/screenshot - {}
RESULT: {"text":"WebdriverRUR2C75hfr"}
COMMAND: GET /session/2c26340218390abaea45fe4d98ab669b/screenshot - {}
RESULT: {}
RESULT: {}
COMMAND: POST /session/2c26340218390abaea45fe4d98ab669b/actions - {"actions":[{"id":"action16","type":"key","parameters":{},"actions":[{"type":"keyDown","value":""},{"type":"pause","duration":10},{"type":"keyUp","value":""}]}]}
RESULT: {"actions":[{"id":"action16","type":"key","parameters":{},"actions":[{"type":"keyDown","value":""},{"type":"pause","duration":10},{"type":"keyUp","value":""}]}]}
COMMAND: GET /session/2c26340218390abaea45fe4d98ab669b/screenshot - {}
RESULT: {}
COMMAND: POST /session/2c26340218390abaea45fe4d98ab669b/actions - {"actions":[{"id":"action17","type":"key","parameters":{},"actions":[{"type":"keyDown","value":""},{"type":"pause","duration":10},{"type":"keyUp","value":""}]}]}
RESULT: {"actions":[{"id":"action17","type":"key","parameters":{},"actions":[{"type":"keyDown","value":""},{"type":"pause","duration":10},{"type":"keyUp","value":""}]}]}
COMMAND: GET /session/2c26340218390abaea45fe4d98ab669b/screenshot - {}
RESULT: {}
COMMAND: POST /session/2c26340218390abaea45fe4d98ab669b/element - {"using":"xpath","value":"(//button[@data-kt=\"saveButton\"])[2]"}
RESULT: {"using":"xpath","value":"(//button[@data-kt=\"saveButton\"])[2]"}
COMMAND: POST /session/2c26340218390abaea45fe4d98ab669b/element/f.17291DB1E67CD9F3C23A369F0CDF7328.d.5B0E2E49BF2300B209980B4E24274965.e.5769/click - {}
RESULT: {}
COMMAND: GET /session/2c26340218390abaea45fe4d98ab669b/screenshot - {}
RESULT: {}
]]></system-out>
    </testcase>
    <testcase classname="chrome.135_0_7049_42.windows.E2E_-_Logistical_and_commercial_statuses" name="It should follow the handover steps to the status fully provided" time="292.437">
      <system-out><![CDATA[
COMMAND: POST /session/2c26340218390abaea45fe4d98ab669b/execute/async - {"script":"<script> [1562 bytes]","args":[{"selector":{"id":"contractDetailProvideButton","viewName":"etm.portal.ui.managecontracts.view.Detail","interaction":{"idSuffix":"BDI-content"}},"wdio_ui5_key":"contractDetailProvideButtonetmportal.ui.managecontracts.view.Detail"}]}
RESULT: {"script":"<script> [1562 bytes]","args":[{"selector":{"id":"contractDetailProvideButton","viewName":"etm.portal.ui.managecontracts.view.Detail","interaction":{"idSuffix":"BDI-content"}},"wdio_ui5_key":"contractDetailProvideButtonetmportal.ui.managecontracts.view.Detail"}]}
RESULT: undefined
COMMAND: POST /session/2c26340218390abaea45fe4d98ab669b/element - {"using":"xpath","value":"//*[@id=\"__xmlview61--contractDetailProvideButton\"]"}
RESULT: {"using":"xpath","value":"//*[@id=\"__xmlview61--contractDetailProvideButton\"]"}
COMMAND: POST /session/2c26340218390abaea45fe4d98ab669b/element/f.17291DB1E67CD9F3C23A369F0CDF7328.d.5B0E2E49BF2300B209980B4E24274965.e.5774/click - {}
RESULT: {}
COMMAND: GET /session/2c26340218390abaea45fe4d98ab669b/screenshot - {}
RESULT: {}
COMMAND: POST /session/2c26340218390abaea45fe4d98ab669b/execute/async - {"script":"<script> [1562 bytes]","args":[{"selector":{"id":"application-managehandovers-display-component---AddNewHO--oneStep","interaction":{"idSuffix":"CbBg"}},"wdio_ui5_key":"applicationmanagehandovers-display-component---AddNewHO--oneStep"}]}
RESULT: {"script":"<script> [1562 bytes]","args":[{"selector":{"id":"application-managehandovers-display-component---AddNewHO--oneStep","interaction":{"idSuffix":"CbBg"}},"wdio_ui5_key":"applicationmanagehandovers-display-component---AddNewHO--oneStep"}]}
RESULT: undefined
COMMAND: POST /session/2c26340218390abaea45fe4d98ab669b/element - {"using":"xpath","value":"//*[@id=\"application-managehandovers-display-component---AddNewHO--oneStep\"]"}
RESULT: {"using":"xpath","value":"//*[@id=\"application-managehandovers-display-component---AddNewHO--oneStep\"]"}
COMMAND: POST /session/2c26340218390abaea45fe4d98ab669b/element/f.17291DB1E67CD9F3C23A369F0CDF7328.d.5B0E2E49BF2300B209980B4E24274965.e.5913/click - {}
RESULT: {}
RESULT: undefined
COMMAND: POST /session/2c26340218390abaea45fe4d98ab669b/execute/async - {"script":"<script> [776 bytes]","args":[{"enterText":"04/13/25","selector":{"id":"application-managehandovers-display-component---AddNewHO--dueDate","interaction":{"idSuffix":"inner"}},"clearTextFirst":true,"interactionType":"ENTER_TEXT"}]}
COMMAND: GET /session/2c26340218390abaea45fe4d98ab669b/screenshot - {}
RESULT: {"script":"<script> [776 bytes]","args":[{"enterText":"04/13/25","selector":{"id":"application-managehandovers-display-component---AddNewHO--dueDate","interaction":{"idSuffix":"inner"}},"clearTextFirst":true,"interactionType":"ENTER_TEXT"}]}
RESULT: undefined
COMMAND: POST /session/2c26340218390abaea45fe4d98ab669b/element - {"using":"xpath","value":"//*[@id=\"application-managehandovers-display-component---AddNewHO--ObjectPageLayout-anchBar-application-managehandovers-display-component---AddNewHO--section4-anchor\"]"}
RESULT: {}
RESULT: {"using":"xpath","value":"//*[@id=\"application-managehandovers-display-component---AddNewHO--ObjectPageLayout-anchBar-application-managehandovers-display-component---AddNewHO--section4-anchor\"]"}
COMMAND: POST /session/2c26340218390abaea45fe4d98ab669b/element/f.17291DB1E67CD9F3C23A369F0CDF7328.d.5B0E2E49BF2300B209980B4E24274965.e.5916/click - {}
RESULT: {}
COMMAND: POST /session/2c26340218390abaea45fe4d98ab669b/execute/async - {"script":"<script> [1562 bytes]","args":[{"selector":{"controlType":"sap.ui.core.Icon","viewName":"etm.portal.ui.managehandovers.view.AddNewHO","viewId":"application-managehandovers-display-component---AddNewHO","properties":{"src":{"regex":{"source":"add"}}}},"wdio_ui5_key":"etmportal.ui.managehandovers.view.AddNewHOsap.ui.core.Icon{\"src\":{\"regex\":{\"source\":\"add\"}}}"}]}
COMMAND: GET /session/2c26340218390abaea45fe4d98ab669b/screenshot - {}
RESULT: {"script":"<script> [1562 bytes]","args":[{"selector":{"controlType":"sap.ui.core.Icon","viewName":"etm.portal.ui.managehandovers.view.AddNewHO","viewId":"application-managehandovers-display-component---AddNewHO","properties":{"src":{"regex":{"source":"add"}}}},"wdio_ui5_key":"etmportal.ui.managehandovers.view.AddNewHOsap.ui.core.Icon{\"src\":{\"regex\":{\"source\":\"add\"}}}"}]}
RESULT: undefined
COMMAND: POST /session/2c26340218390abaea45fe4d98ab669b/element - {"using":"xpath","value":"//*[@id=\"__button163-img\"]"}
RESULT: {}
RESULT: {"using":"xpath","value":"//*[@id=\"__button163-img\"]"}
COMMAND: POST /session/2c26340218390abaea45fe4d98ab669b/element/f.17291DB1E67CD9F3C23A369F0CDF7328.d.5B0E2E49BF2300B209980B4E24274965.e.5920/click - {}
RESULT: {}
COMMAND: GET /session/2c26340218390abaea45fe4d98ab669b/screenshot - {}
RESULT: {}
RESULT: undefined
COMMAND: POST /session/2c26340218390abaea45fe4d98ab669b/element - {"using":"xpath","value":"//*[@id=\"application-managehandovers-display-component---AddNewHO--popup-sa\"]"}
RESULT: {"using":"xpath","value":"//*[@id=\"application-managehandovers-display-component---AddNewHO--popup-sa\"]"}
COMMAND: POST /session/2c26340218390abaea45fe4d98ab669b/element/f.17291DB1E67CD9F3C23A369F0CDF7328.d.5B0E2E49BF2300B209980B4E24274965.e.5938/click - {}
RESULT: {}
COMMAND: POST /session/2c26340218390abaea45fe4d98ab669b/execute/async - {"script":"<script> [1562 bytes]","args":[{"selector":{"controlType":"sap.m.Button","viewName":"etm.portal.ui.managehandovers.view.AddNewHO","viewId":"application-managehandovers-display-component---AddNewHO","i18NText":{"propertyName":"text","key":"select"},"searchOpenDialogs":true,"interaction":{"idSuffix":"inner"}},"wdio_ui5_key":"etmportal.ui.managehandovers.view.AddNewHOsap.m.Button{\"propertyName\":\"text\",\"key\":\"select\"}"}]}
COMMAND: GET /session/2c26340218390abaea45fe4d98ab669b/screenshot - {}
RESULT: {"script":"<script> [1562 bytes]","args":[{"selector":{"controlType":"sap.m.Button","viewName":"etm.portal.ui.managehandovers.view.AddNewHO","viewId":"application-managehandovers-display-component---AddNewHO","i18NText":{"propertyName":"text","key":"select"},"searchOpenDialogs":true,"interaction":{"idSuffix":"inner"}},"wdio_ui5_key":"etmportal.ui.managehandovers.view.AddNewHOsap.m.Button{\"propertyName\":\"text\",\"key\":\"select\"}"}]}
RESULT: undefined
COMMAND: POST /session/2c26340218390abaea45fe4d98ab669b/element - {"using":"xpath","value":"//*[@id=\"__button167\"]"}
RESULT: {}
RESULT: {"using":"xpath","value":"//*[@id=\"__button167\"]"}
COMMAND: POST /session/2c26340218390abaea45fe4d98ab669b/element/f.17291DB1E67CD9F3C23A369F0CDF7328.d.5B0E2E49BF2300B209980B4E24274965.e.5940/click - {}
RESULT: {}
COMMAND: POST /session/2c26340218390abaea45fe4d98ab669b/execute/async - {"script":"<script> [1562 bytes]","args":[{"selector":{"id":"application-managehandovers-display-component---AddNewHO--confirmCreationButton","interaction":{"idSuffix":"BDI-content"}},"wdio_ui5_key":"applicationmanagehandovers-display-component---AddNewHO--confirmCreationButton"}]}
COMMAND: GET /session/2c26340218390abaea45fe4d98ab669b/screenshot - {}
RESULT: {"script":"<script> [1562 bytes]","args":[{"selector":{"id":"application-managehandovers-display-component---AddNewHO--confirmCreationButton","interaction":{"idSuffix":"BDI-content"}},"wdio_ui5_key":"applicationmanagehandovers-display-component---AddNewHO--confirmCreationButton"}]}
RESULT: undefined
COMMAND: POST /session/2c26340218390abaea45fe4d98ab669b/element - {"using":"xpath","value":"//*[@id=\"application-managehandovers-display-component---AddNewHO--confirmCreationButton\"]"}
RESULT: {}
RESULT: {"using":"xpath","value":"//*[@id=\"application-managehandovers-display-component---AddNewHO--confirmCreationButton\"]"}
COMMAND: POST /session/2c26340218390abaea45fe4d98ab669b/element/f.17291DB1E67CD9F3C23A369F0CDF7328.d.5B0E2E49BF2300B209980B4E24274965.e.5891/click - {}
RESULT: {}
COMMAND: GET /session/2c26340218390abaea45fe4d98ab669b/screenshot - {}
RESULT: {}
COMMAND: POST /session/2c26340218390abaea45fe4d98ab669b/element - {"using":"xpath","value":"//a[contains(@data-kt ,\"GeneralSectionReceiveContracttLink\")]"}
RESULT: {"using":"xpath","value":"//a[contains(@data-kt ,\"GeneralSectionReceiveContracttLink\")]"}
COMMAND: POST /session/2c26340218390abaea45fe4d98ab669b/element/f.17291DB1E67CD9F3C23A369F0CDF7328.d.5B0E2E49BF2300B209980B4E24274965.e.5991/click - {}
RESULT: {}
COMMAND: GET /session/2c26340218390abaea45fe4d98ab669b/screenshot - {}
RESULT: {}
COMMAND: POST /session/2c26340218390abaea45fe4d98ab669b/element - {"using":"xpath","value":"//a[contains(@data-kt ,\"ContextMenuId2Link\")]"}
RESULT: {"using":"xpath","value":"//a[contains(@data-kt ,\"ContextMenuId2Link\")]"}
COMMAND: POST /session/2c26340218390abaea45fe4d98ab669b/element/f.17291DB1E67CD9F3C23A369F0CDF7328.d.5B0E2E49BF2300B209980B4E24274965.e.5995/click - {}
RESULT: {}
COMMAND: GET /session/2c26340218390abaea45fe4d98ab669b/screenshot - {}
RESULT: undefined
RESULT: undefined
RESULT: {}
COMMAND: POST /session/2c26340218390abaea45fe4d98ab669b/execute/async - {"script":"<script> [1562 bytes]","args":[{"selector":{"controlType":"sap.m.ObjectStatus","viewName":"etm.portal.ui.managecontracts.view.Detail","bindingPath":{"propertyPath":"LINK_TO_LOGISTICAL_STATUS/DESCRIPTION","modelName":"catalogModel"}},"wdio_ui5_key":"etmportal.ui.managecontracts.view.Detailsap.m.ObjectStatus{\"propertyPath\":\"LINK_TO_LOGISTICAL_STATUS/DESCRIPTION\",\"modelName\":\"catalogModel\"}"}]}
RESULT: {"script":"<script> [1562 bytes]","args":[{"selector":{"controlType":"sap.m.ObjectStatus","viewName":"etm.portal.ui.managecontracts.view.Detail","bindingPath":{"propertyPath":"LINK_TO_LOGISTICAL_STATUS/DESCRIPTION","modelName":"catalogModel"}},"wdio_ui5_key":"etmportal.ui.managecontracts.view.Detailsap.m.ObjectStatus{\"propertyPath\":\"LINK_TO_LOGISTICAL_STATUS/DESCRIPTION\",\"modelName\":\"catalogModel\"}"}]}
RESULT: undefined
COMMAND: POST /session/2c26340218390abaea45fe4d98ab669b/execute/async - {"script":"<script> [6424 bytes]","args":[{"element-6066-11e4-a52e-4f735466cecf":"f.17291DB1E67CD9F3C23A369F0CDF7328.d.5B0E2E49BF2300B209980B4E24274965.e.6153"},"getText",[]]}
RESULT: {"script":"<script> [6424 bytes]","args":[{"element-6066-11e4-a52e-4f735466cecf":"f.17291DB1E67CD9F3C23A369F0CDF7328.d.5B0E2E49BF2300B209980B4E24274965.e.6153"},"getText",[]]}
COMMAND: POST /session/2c26340218390abaea45fe4d98ab669b/execute/async - {"script":"<script> [1562 bytes]","args":[{"selector":{"controlType":"sap.m.ObjectStatus","viewName":"etm.portal.ui.managecontracts.view.Detail","bindingPath":{"propertyPath":"LINK_TO_COMMERCIAL_STATUS/DESCRIPTION","modelName":"catalogModel"}},"wdio_ui5_key":"etmportal.ui.managecontracts.view.Detailsap.m.ObjectStatus{\"propertyPath\":\"LINK_TO_COMMERCIAL_STATUS/DESCRIPTION\",\"modelName\":\"catalogModel\"}"}]}
RESULT: {"script":"<script> [1562 bytes]","args":[{"selector":{"controlType":"sap.m.ObjectStatus","viewName":"etm.portal.ui.managecontracts.view.Detail","bindingPath":{"propertyPath":"LINK_TO_COMMERCIAL_STATUS/DESCRIPTION","modelName":"catalogModel"}},"wdio_ui5_key":"etmportal.ui.managecontracts.view.Detailsap.m.ObjectStatus{\"propertyPath\":\"LINK_TO_COMMERCIAL_STATUS/DESCRIPTION\",\"modelName\":\"catalogModel\"}"}]}
RESULT: undefined
COMMAND: POST /session/2c26340218390abaea45fe4d98ab669b/execute/async - {"script":"<script> [6424 bytes]","args":[{"element-6066-11e4-a52e-4f735466cecf":"f.17291DB1E67CD9F3C23A369F0CDF7328.d.5B0E2E49BF2300B209980B4E24274965.e.6154"},"getText",[]]}
RESULT: {"script":"<script> [6424 bytes]","args":[{"element-6066-11e4-a52e-4f735466cecf":"f.17291DB1E67CD9F3C23A369F0CDF7328.d.5B0E2E49BF2300B209980B4E24274965.e.6154"},"getText",[]]}
COMMAND: POST /session/2c26340218390abaea45fe4d98ab669b/execute/async - {"script":"<script> [1562 bytes]","args":[{"selector":{"id":"backBtn"},"wdio_ui5_key":"backBtn"}]}
RESULT: {"script":"<script> [1562 bytes]","args":[{"selector":{"id":"backBtn"},"wdio_ui5_key":"backBtn"}]}
RESULT: undefined
COMMAND: POST /session/2c26340218390abaea45fe4d98ab669b/element - {"using":"xpath","value":"//*[@id=\"backBtn\"]"}
RESULT: {"using":"xpath","value":"//*[@id=\"backBtn\"]"}
COMMAND: POST /session/2c26340218390abaea45fe4d98ab669b/element/f.17291DB1E67CD9F3C23A369F0CDF7328.d.5B0E2E49BF2300B209980B4E24274965.e.6155/click - {}
RESULT: {}
COMMAND: GET /session/2c26340218390abaea45fe4d98ab669b/screenshot - {}
COMMAND: POST /session/2c26340218390abaea45fe4d98ab669b/execute/async - {"script":"<script> [1562 bytes]","args":[{"selector":{"controlType":"sap.m.Text","viewName":"etm.portal.ui.managehandovers.view.DetailExecuteHO","bindingPath":{"propertyPath":"NO","modelName":"catalogModel"}},"wdio_ui5_key":"etmportal.ui.managehandovers.view.DetailExecuteHOsap.m.Text{\"propertyPath\":\"NO\",\"modelName\":\"catalogModel\"}"}]}
RESULT: {}
RESULT: {"script":"<script> [1562 bytes]","args":[{"selector":{"controlType":"sap.m.Text","viewName":"etm.portal.ui.managehandovers.view.DetailExecuteHO","bindingPath":{"propertyPath":"NO","modelName":"catalogModel"}},"wdio_ui5_key":"etmportal.ui.managehandovers.view.DetailExecuteHOsap.m.Text{\"propertyPath\":\"NO\",\"modelName\":\"catalogModel\"}"}]}
RESULT: undefined
COMMAND: POST /session/2c26340218390abaea45fe4d98ab669b/execute/async - {"script":"<script> [6424 bytes]","args":[{"element-6066-11e4-a52e-4f735466cecf":"f.17291DB1E67CD9F3C23A369F0CDF7328.d.5B0E2E49BF2300B209980B4E24274965.e.6310"},"getText",[]]}
RESULT: {"script":"<script> [6424 bytes]","args":[{"element-6066-11e4-a52e-4f735466cecf":"f.17291DB1E67CD9F3C23A369F0CDF7328.d.5B0E2E49BF2300B209980B4E24274965.e.6310"},"getText",[]]}
COMMAND: POST /session/2c26340218390abaea45fe4d98ab669b/execute/async - {"script":"<script> [1562 bytes]","args":[{"selector":{"controlType":"sap.m.Button","viewName":"etm.portal.ui.managehandovers.view.DetailExecuteHO","i18NText":{"propertyName":"text","key":"confirmAll"},"interaction":{"idSuffix":"inner"}},"wdio_ui5_key":"etmportal.ui.managehandovers.view.DetailExecuteHOsap.m.Button{\"propertyName\":\"text\",\"key\":\"confirmAll\"}"}]}
RESULT: {"script":"<script> [1562 bytes]","args":[{"selector":{"controlType":"sap.m.Button","viewName":"etm.portal.ui.managehandovers.view.DetailExecuteHO","i18NText":{"propertyName":"text","key":"confirmAll"},"interaction":{"idSuffix":"inner"}},"wdio_ui5_key":"etmportal.ui.managehandovers.view.DetailExecuteHOsap.m.Button{\"propertyName\":\"text\",\"key\":\"confirmAll\"}"}]}
RESULT: undefined
COMMAND: POST /session/2c26340218390abaea45fe4d98ab669b/element - {"using":"xpath","value":"//*[@id=\"__button250\"]"}
RESULT: {"using":"xpath","value":"//*[@id=\"__button250\"]"}
COMMAND: POST /session/2c26340218390abaea45fe4d98ab669b/element/f.17291DB1E67CD9F3C23A369F0CDF7328.d.5B0E2E49BF2300B209980B4E24274965.e.6312/click - {}
RESULT: {}
COMMAND: GET /session/2c26340218390abaea45fe4d98ab669b/screenshot - {}
RESULT: {}
COMMAND: POST /session/2c26340218390abaea45fe4d98ab669b/execute/async - {"script":"<script> [1562 bytes]","args":[{"selector":{"controlType":"sap.m.Button","properties":{"text":"OK"},"searchOpenDialogs":true,"interaction":{"idSuffix":"content"}},"wdio_ui5_key":"sapm.Button{\"text\":\"OK\"}"}]}
RESULT: {"script":"<script> [1562 bytes]","args":[{"selector":{"controlType":"sap.m.Button","properties":{"text":"OK"},"searchOpenDialogs":true,"interaction":{"idSuffix":"content"}},"wdio_ui5_key":"sapm.Button{\"text\":\"OK\"}"}]}
RESULT: undefined
COMMAND: POST /session/2c26340218390abaea45fe4d98ab669b/element - {"using":"xpath","value":"//*[@id=\"__mbox-btn-2\"]"}
RESULT: {"using":"xpath","value":"//*[@id=\"__mbox-btn-2\"]"}
COMMAND: POST /session/2c26340218390abaea45fe4d98ab669b/element/f.17291DB1E67CD9F3C23A369F0CDF7328.d.5B0E2E49BF2300B209980B4E24274965.e.6313/click - {}
RESULT: {}
COMMAND: GET /session/2c26340218390abaea45fe4d98ab669b/screenshot - {}
RESULT: {}
COMMAND: POST /session/2c26340218390abaea45fe4d98ab669b/element - {"using":"xpath","value":"//button[contains(@data-kt ,\"execHoPickFooterButton\")]"}
RESULT: {"using":"xpath","value":"//button[contains(@data-kt ,\"execHoPickFooterButton\")]"}
COMMAND: POST /session/2c26340218390abaea45fe4d98ab669b/element/f.17291DB1E67CD9F3C23A369F0CDF7328.d.5B0E2E49BF2300B209980B4E24274965.e.6316/click - {}
RESULT: {}
COMMAND: GET /session/2c26340218390abaea45fe4d98ab669b/screenshot - {}
RESULT: {}
COMMAND: POST /session/2c26340218390abaea45fe4d98ab669b/refresh - {}
RESULT: {}
COMMAND: GET /session/2c26340218390abaea45fe4d98ab669b/screenshot - {}
RESULT: {}
COMMAND: POST /session/2c26340218390abaea45fe4d98ab669b/execute/async - {"script":"<script> [189 bytes]","args":[]}
RESULT: {"script":"<script> [189 bytes]","args":[]}
COMMAND: POST /session/2c26340218390abaea45fe4d98ab669b/execute/async - {"script":"<script> [123 bytes]","args":[]}
RESULT: {"script":"<script> [123 bytes]","args":[]}
COMMAND: POST /session/2c26340218390abaea45fe4d98ab669b/timeouts - {"script":"<number>"}
RESULT: {"script":"<number>"}
COMMAND: GET /session/2c26340218390abaea45fe4d98ab669b/timeouts - {}
RESULT: {}
RESULT: undefined
COMMAND: POST /session/2c26340218390abaea45fe4d98ab669b/execute/async - {"script":"<script> [2676 bytes]","args":[]}
RESULT: {"script":"<script> [2676 bytes]","args":[]}
COMMAND: POST /session/2c26340218390abaea45fe4d98ab669b/execute/async - {"script":"<script> [2342 bytes]","args":[{"protocol":"http","hostname":"0.0.0.0","path":"/","capabilities":{"browserName":"chrome","goog:chromeOptions":{"binary":"C:\\Program Files\\Google\\Chrome\\Application\\chrome.exe"}},"logLevel":"warn","connectionRetryTimeout":120000,"connectionRetryCount":3,"logLevels":{},"enableDirectConnect":true,"strictSSL":true,"_":"65 more keys: [\"cacheDir\",\"port\",\"requestedCapabilities\",\"automationProtocol\",\"baseUrl\",\"waitforInterval\",\"waitforTimeout\",\"onReload\",\"beforeCommand\",\"afterCommand\",\"rootDir\",\"specs\",\"suites\",\"exclude\",\"groupLogsByTestSpec\",\"excludeDriverLogs\",\"bail\",\"framework\",\"reporters\",\"services\",\"maxInstances\",\"maxInstancesPerCapability\",\"injectGlobals\",\"filesToWatch\",\"execArgv\",\"runnerEnv\",\"runner\",\"shard\",\"specFileRetries\",\"specFileRetriesDelay\",\"specFileRetriesDeferred\",\"reporterSyncInterval\",\"reporterSyncTimeout\",\"cucumberFeaturesWithLineNumbers\",\"autoCompileOpts\",\"mochaOpts\",\"jasmineOpts\",\"cucumberOpts\",\"onPrepare\",\"onWorkerStart\",\"onWorkerEnd\",\"before\",\"beforeSession\",\"beforeSuite\",\"beforeHook\",\"beforeTest\",\"afterTest\",\"afterHook\",\"afterSuite\",\"afterSession\",\"after\",\"onComplete\",\"beforeAssertion\",\"afterAssertion\",\"beforeFeature\",\"beforeScenario\",\"beforeStep\",\"afterStep\",\"afterScenario\",\"afterFeature\",\"_\",\"suite\",\"$0\",\"ignoredWorkerServices\",\"wdi5\"]"}]}
RESULT: {"script":"<script> [2342 bytes]","args":[{"protocol":"http","hostname":"0.0.0.0","path":"/","capabilities":{"browserName":"chrome","goog:chromeOptions":{"binary":"C:\\Program Files\\Google\\Chrome\\Application\\chrome.exe"}},"logLevel":"warn","connectionRetryTimeout":120000,"connectionRetryCount":3,"logLevels":{},"enableDirectConnect":true,"strictSSL":true,"_":"65 more keys: [\"cacheDir\",\"port\",\"requestedCapabilities\",\"automationProtocol\",\"baseUrl\",\"waitforInterval\",\"waitforTimeout\",\"onReload\",\"beforeCommand\",\"afterCommand\",\"rootDir\",\"specs\",\"suites\",\"exclude\",\"groupLogsByTestSpec\",\"excludeDriverLogs\",\"bail\",\"framework\",\"reporters\",\"services\",\"maxInstances\",\"maxInstancesPerCapability\",\"injectGlobals\",\"filesToWatch\",\"execArgv\",\"runnerEnv\",\"runner\",\"shard\",\"specFileRetries\",\"specFileRetriesDelay\",\"specFileRetriesDeferred\",\"reporterSyncInterval\",\"reporterSyncTimeout\",\"cucumberFeaturesWithLineNumbers\",\"autoCompileOpts\",\"mochaOpts\",\"jasmineOpts\",\"cucumberOpts\",\"onPrepare\",\"onWorkerStart\",\"onWorkerEnd\",\"before\",\"beforeSession\",\"beforeSuite\",\"beforeHook\",\"beforeTest\",\"afterTest\",\"afterHook\",\"afterSuite\",\"afterSession\",\"after\",\"onComplete\",\"beforeAssertion\",\"afterAssertion\",\"beforeFeature\",\"beforeScenario\",\"beforeStep\",\"afterStep\",\"afterScenario\",\"afterFeature\",\"_\",\"suite\",\"$0\",\"ignoredWorkerServices\",\"wdi5\"]"}]}
COMMAND: POST /session/2c26340218390abaea45fe4d98ab669b/execute/async - {"script":"<script> [21126 bytes]","args":[35000]}
RESULT: {"script":"<script> [21126 bytes]","args":[35000]}
COMMAND: POST /session/2c26340218390abaea45fe4d98ab669b/execute/async - {"script":"<script> [1562 bytes]","args":[{"selector":{"controlType":"sap.m.SearchField","viewName":"etm.portal.ui.managehandovers.view.MasterHO","bindingPath":{"path":"","propertyPath":"/_BASIC_SEARCH_FIELD","modelName":"fi1t3rM0d31"},"interaction":{"idSuffix":"I"}},"wdio_ui5_key":"etmportal.ui.managehandovers.view.MasterHOsap.m.SearchField{\"path\":\"\",\"propertyPath\":\"/_BASIC_SEARCH_FIELD\",\"modelName\":\"fi1t3rM0d31\"}"}]}
RESULT: {"script":"<script> [1562 bytes]","args":[{"selector":{"controlType":"sap.m.SearchField","viewName":"etm.portal.ui.managehandovers.view.MasterHO","bindingPath":{"path":"","propertyPath":"/_BASIC_SEARCH_FIELD","modelName":"fi1t3rM0d31"},"interaction":{"idSuffix":"I"}},"wdio_ui5_key":"etmportal.ui.managehandovers.view.MasterHOsap.m.SearchField{\"path\":\"\",\"propertyPath\":\"/_BASIC_SEARCH_FIELD\",\"modelName\":\"fi1t3rM0d31\"}"}]}
RESULT: undefined
COMMAND: POST /session/2c26340218390abaea45fe4d98ab669b/execute/async - {"script":"<script> [776 bytes]","args":[{"enterText":"30324","selector":{"controlType":"sap.m.SearchField","viewName":"etm.portal.ui.managehandovers.view.MasterHO","bindingPath":{"path":"","propertyPath":"/_BASIC_SEARCH_FIELD","modelName":"fi1t3rM0d31"},"interaction":{"idSuffix":"I"}},"clearTextFirst":true,"interactionType":"ENTER_TEXT"}]}
RESULT: {"script":"<script> [776 bytes]","args":[{"enterText":"30324","selector":{"controlType":"sap.m.SearchField","viewName":"etm.portal.ui.managehandovers.view.MasterHO","bindingPath":{"path":"","propertyPath":"/_BASIC_SEARCH_FIELD","modelName":"fi1t3rM0d31"},"interaction":{"idSuffix":"I"}},"clearTextFirst":true,"interactionType":"ENTER_TEXT"}]}
COMMAND: POST /session/2c26340218390abaea45fe4d98ab669b/actions - {"actions":[{"id":"action18","type":"key","parameters":{},"actions":[{"type":"keyDown","value":""},{"type":"pause","duration":10},{"type":"keyUp","value":""}]}]}
RESULT: {"actions":[{"id":"action18","type":"key","parameters":{},"actions":[{"type":"keyDown","value":""},{"type":"pause","duration":10},{"type":"keyUp","value":""}]}]}
COMMAND: GET /session/2c26340218390abaea45fe4d98ab669b/screenshot - {}
RESULT: {}
COMMAND: POST /session/2c26340218390abaea45fe4d98ab669b/execute/async - {"script":"<script> [1562 bytes]","args":[{"selector":{"controlType":"sap.m.Title","viewName":"etm.portal.ui.managehandovers.view.MasterHO","properties":{"text":"Records (1)"}},"wdio_ui5_key":"etmportal.ui.managehandovers.view.MasterHOsap.m.Title{\"text\":\"Records (1)\"}"}]}
RESULT: {"script":"<script> [1562 bytes]","args":[{"selector":{"controlType":"sap.m.Title","viewName":"etm.portal.ui.managehandovers.view.MasterHO","properties":{"text":"Records (1)"}},"wdio_ui5_key":"etmportal.ui.managehandovers.view.MasterHOsap.m.Title{\"text\":\"Records (1)\"}"}]}
RESULT: undefined
COMMAND: POST /session/2c26340218390abaea45fe4d98ab669b/execute/async - {"script":"<script> [6424 bytes]","args":[{"element-6066-11e4-a52e-4f735466cecf":"f.17291DB1E67CD9F3C23A369F0CDF7328.d.3D547E07C5FF0119187C10BCCC3A5174.e.6666"},"getText",[]]}
RESULT: {"script":"<script> [6424 bytes]","args":[{"element-6066-11e4-a52e-4f735466cecf":"f.17291DB1E67CD9F3C23A369F0CDF7328.d.3D547E07C5FF0119187C10BCCC3A5174.e.6666"},"getText",[]]}
COMMAND: POST /session/2c26340218390abaea45fe4d98ab669b/execute/async - {"script":"<script> [1562 bytes]","args":[{"selector":{"controlType":"sap.ui.core.Icon","viewName":"etm.portal.ui.managehandovers.view.MasterHO","properties":{"src":{"regex":{"source":"slim\\-arrow\\-right"}}}},"wdio_ui5_key":"etmportal.ui.managehandovers.view.MasterHOsap.ui.core.Icon{\"src\":{\"regex\":{\"source\":\"slim\\\\-arrow\\\\-right\"}}}"}]}
RESULT: {"script":"<script> [1562 bytes]","args":[{"selector":{"controlType":"sap.ui.core.Icon","viewName":"etm.portal.ui.managehandovers.view.MasterHO","properties":{"src":{"regex":{"source":"slim\\-arrow\\-right"}}}},"wdio_ui5_key":"etmportal.ui.managehandovers.view.MasterHOsap.ui.core.Icon{\"src\":{\"regex\":{\"source\":\"slim\\\\-arrow\\\\-right\"}}}"}]}
RESULT: undefined
COMMAND: POST /session/2c26340218390abaea45fe4d98ab669b/element - {"using":"xpath","value":"//*[@id=\"__item32-__clone16-imgNav\"]"}
RESULT: {"using":"xpath","value":"//*[@id=\"__item32-__clone16-imgNav\"]"}
COMMAND: POST /session/2c26340218390abaea45fe4d98ab669b/element/f.17291DB1E67CD9F3C23A369F0CDF7328.d.3D547E07C5FF0119187C10BCCC3A5174.e.6665/click - {}
RESULT: {}
COMMAND: GET /session/2c26340218390abaea45fe4d98ab669b/screenshot - {}
RESULT: {}
COMMAND: POST /session/2c26340218390abaea45fe4d98ab669b/element - {"using":"xpath","value":"//a[contains(@data-kt ,\"GeneralSectionReceiveContracttLink\")]"}
RESULT: {"using":"xpath","value":"//a[contains(@data-kt ,\"GeneralSectionReceiveContracttLink\")]"}
COMMAND: POST /session/2c26340218390abaea45fe4d98ab669b/element/f.17291DB1E67CD9F3C23A369F0CDF7328.d.3D547E07C5FF0119187C10BCCC3A5174.e.6766/click - {}
RESULT: {}
COMMAND: GET /session/2c26340218390abaea45fe4d98ab669b/screenshot - {}
RESULT: {}
COMMAND: POST /session/2c26340218390abaea45fe4d98ab669b/element - {"using":"xpath","value":"//a[contains(@data-kt ,\"ContextMenuId2Link\")]"}
RESULT: {"using":"xpath","value":"//a[contains(@data-kt ,\"ContextMenuId2Link\")]"}
COMMAND: POST /session/2c26340218390abaea45fe4d98ab669b/element/f.17291DB1E67CD9F3C23A369F0CDF7328.d.3D547E07C5FF0119187C10BCCC3A5174.e.6769/click - {}
RESULT: {}
COMMAND: GET /session/2c26340218390abaea45fe4d98ab669b/screenshot - {}
RESULT: undefined
RESULT: undefined
RESULT: {}
COMMAND: POST /session/2c26340218390abaea45fe4d98ab669b/execute/async - {"script":"<script> [1562 bytes]","args":[{"selector":{"controlType":"sap.m.ObjectStatus","viewName":"etm.portal.ui.managecontracts.view.Detail","bindingPath":{"propertyPath":"LINK_TO_LOGISTICAL_STATUS/DESCRIPTION","modelName":"catalogModel"}},"wdio_ui5_key":"etmportal.ui.managecontracts.view.Detailsap.m.ObjectStatus{\"propertyPath\":\"LINK_TO_LOGISTICAL_STATUS/DESCRIPTION\",\"modelName\":\"catalogModel\"}"}]}
RESULT: {"script":"<script> [1562 bytes]","args":[{"selector":{"controlType":"sap.m.ObjectStatus","viewName":"etm.portal.ui.managecontracts.view.Detail","bindingPath":{"propertyPath":"LINK_TO_LOGISTICAL_STATUS/DESCRIPTION","modelName":"catalogModel"}},"wdio_ui5_key":"etmportal.ui.managecontracts.view.Detailsap.m.ObjectStatus{\"propertyPath\":\"LINK_TO_LOGISTICAL_STATUS/DESCRIPTION\",\"modelName\":\"catalogModel\"}"}]}
RESULT: undefined
COMMAND: POST /session/2c26340218390abaea45fe4d98ab669b/execute/async - {"script":"<script> [6424 bytes]","args":[{"element-6066-11e4-a52e-4f735466cecf":"f.17291DB1E67CD9F3C23A369F0CDF7328.d.3D547E07C5FF0119187C10BCCC3A5174.e.7021"},"getText",[]]}
RESULT: {"script":"<script> [6424 bytes]","args":[{"element-6066-11e4-a52e-4f735466cecf":"f.17291DB1E67CD9F3C23A369F0CDF7328.d.3D547E07C5FF0119187C10BCCC3A5174.e.7021"},"getText",[]]}
COMMAND: POST /session/2c26340218390abaea45fe4d98ab669b/execute/async - {"script":"<script> [1562 bytes]","args":[{"selector":{"controlType":"sap.m.ObjectStatus","viewName":"etm.portal.ui.managecontracts.view.Detail","bindingPath":{"propertyPath":"LINK_TO_COMMERCIAL_STATUS/DESCRIPTION","modelName":"catalogModel"}},"wdio_ui5_key":"etmportal.ui.managecontracts.view.Detailsap.m.ObjectStatus{\"propertyPath\":\"LINK_TO_COMMERCIAL_STATUS/DESCRIPTION\",\"modelName\":\"catalogModel\"}"}]}
RESULT: {"script":"<script> [1562 bytes]","args":[{"selector":{"controlType":"sap.m.ObjectStatus","viewName":"etm.portal.ui.managecontracts.view.Detail","bindingPath":{"propertyPath":"LINK_TO_COMMERCIAL_STATUS/DESCRIPTION","modelName":"catalogModel"}},"wdio_ui5_key":"etmportal.ui.managecontracts.view.Detailsap.m.ObjectStatus{\"propertyPath\":\"LINK_TO_COMMERCIAL_STATUS/DESCRIPTION\",\"modelName\":\"catalogModel\"}"}]}
RESULT: undefined
COMMAND: POST /session/2c26340218390abaea45fe4d98ab669b/execute/async - {"script":"<script> [6424 bytes]","args":[{"element-6066-11e4-a52e-4f735466cecf":"f.17291DB1E67CD9F3C23A369F0CDF7328.d.3D547E07C5FF0119187C10BCCC3A5174.e.7022"},"getText",[]]}
RESULT: {"script":"<script> [6424 bytes]","args":[{"element-6066-11e4-a52e-4f735466cecf":"f.17291DB1E67CD9F3C23A369F0CDF7328.d.3D547E07C5FF0119187C10BCCC3A5174.e.7022"},"getText",[]]}
COMMAND: POST /session/2c26340218390abaea45fe4d98ab669b/execute/async - {"script":"<script> [1562 bytes]","args":[{"selector":{"id":"backBtn"},"wdio_ui5_key":"backBtn"}]}
RESULT: {"script":"<script> [1562 bytes]","args":[{"selector":{"id":"backBtn"},"wdio_ui5_key":"backBtn"}]}
RESULT: undefined
COMMAND: POST /session/2c26340218390abaea45fe4d98ab669b/element - {"using":"xpath","value":"//*[@id=\"backBtn\"]"}
RESULT: {"using":"xpath","value":"//*[@id=\"backBtn\"]"}
COMMAND: POST /session/2c26340218390abaea45fe4d98ab669b/element/f.17291DB1E67CD9F3C23A369F0CDF7328.d.3D547E07C5FF0119187C10BCCC3A5174.e.7023/click - {}
RESULT: {}
COMMAND: GET /session/2c26340218390abaea45fe4d98ab669b/screenshot - {}
RESULT: {}
COMMAND: POST /session/2c26340218390abaea45fe4d98ab669b/execute/async - {"script":"<script> [1562 bytes]","args":[{"selector":{"controlType":"sap.m.Button","viewName":"etm.portal.ui.managehandovers.view.DetailExecuteHO","i18NText":{"propertyName":"text","key":"confirmAll"},"interaction":{"idSuffix":"BDI-content"}},"wdio_ui5_key":"etmportal.ui.managehandovers.view.DetailExecuteHOsap.m.Button{\"propertyName\":\"text\",\"key\":\"confirmAll\"}"}]}
RESULT: {"script":"<script> [1562 bytes]","args":[{"selector":{"controlType":"sap.m.Button","viewName":"etm.portal.ui.managehandovers.view.DetailExecuteHO","i18NText":{"propertyName":"text","key":"confirmAll"},"interaction":{"idSuffix":"BDI-content"}},"wdio_ui5_key":"etmportal.ui.managehandovers.view.DetailExecuteHOsap.m.Button{\"propertyName\":\"text\",\"key\":\"confirmAll\"}"}]}
RESULT: undefined
COMMAND: POST /session/2c26340218390abaea45fe4d98ab669b/element - {"using":"xpath","value":"//*[@id=\"__button84\"]"}
RESULT: {"using":"xpath","value":"//*[@id=\"__button84\"]"}
COMMAND: POST /session/2c26340218390abaea45fe4d98ab669b/element/f.17291DB1E67CD9F3C23A369F0CDF7328.d.3D547E07C5FF0119187C10BCCC3A5174.e.7163/click - {}
RESULT: {}
COMMAND: GET /session/2c26340218390abaea45fe4d98ab669b/screenshot - {}
RESULT: {}
COMMAND: POST /session/2c26340218390abaea45fe4d98ab669b/execute/async - {"script":"<script> [1562 bytes]","args":[{"selector":{"controlType":"sap.m.Button","properties":{"text":"OK"},"searchOpenDialogs":true,"interaction":{"idSuffix":"inner"}},"wdio_ui5_key":"sapm.Button{\"text\":\"OK\"}"}]}
RESULT: {"script":"<script> [1562 bytes]","args":[{"selector":{"controlType":"sap.m.Button","properties":{"text":"OK"},"searchOpenDialogs":true,"interaction":{"idSuffix":"inner"}},"wdio_ui5_key":"sapm.Button{\"text\":\"OK\"}"}]}
RESULT: undefined
COMMAND: POST /session/2c26340218390abaea45fe4d98ab669b/element - {"using":"xpath","value":"//*[@id=\"__mbox-btn-0\"]"}
RESULT: {"using":"xpath","value":"//*[@id=\"__mbox-btn-0\"]"}
COMMAND: POST /session/2c26340218390abaea45fe4d98ab669b/element/f.17291DB1E67CD9F3C23A369F0CDF7328.d.3D547E07C5FF0119187C10BCCC3A5174.e.7169/click - {}
RESULT: {}
COMMAND: GET /session/2c26340218390abaea45fe4d98ab669b/screenshot - {}
RESULT: {}
COMMAND: POST /session/2c26340218390abaea45fe4d98ab669b/element - {"using":"xpath","value":"//button[contains(@data-kt ,\"execHoIssueFooterButton\")]"}
RESULT: {"using":"xpath","value":"//button[contains(@data-kt ,\"execHoIssueFooterButton\")]"}
COMMAND: POST /session/2c26340218390abaea45fe4d98ab669b/element/f.17291DB1E67CD9F3C23A369F0CDF7328.d.3D547E07C5FF0119187C10BCCC3A5174.e.7172/click - {}
RESULT: {}
COMMAND: GET /session/2c26340218390abaea45fe4d98ab669b/screenshot - {}
RESULT: {}
COMMAND: POST /session/2c26340218390abaea45fe4d98ab669b/refresh - {}
RESULT: {}
COMMAND: GET /session/2c26340218390abaea45fe4d98ab669b/screenshot - {}
COMMAND: POST /session/2c26340218390abaea45fe4d98ab669b/execute/async - {"script":"<script> [189 bytes]","args":[]}
RESULT: {}
RESULT: {"script":"<script> [189 bytes]","args":[]}
COMMAND: POST /session/2c26340218390abaea45fe4d98ab669b/execute/async - {"script":"<script> [123 bytes]","args":[]}
RESULT: {"script":"<script> [123 bytes]","args":[]}
COMMAND: POST /session/2c26340218390abaea45fe4d98ab669b/timeouts - {"script":"<number>"}
RESULT: {"script":"<number>"}
COMMAND: GET /session/2c26340218390abaea45fe4d98ab669b/timeouts - {}
RESULT: {}
RESULT: undefined
COMMAND: POST /session/2c26340218390abaea45fe4d98ab669b/execute/async - {"script":"<script> [2676 bytes]","args":[]}
RESULT: {"script":"<script> [2676 bytes]","args":[]}
COMMAND: POST /session/2c26340218390abaea45fe4d98ab669b/execute/async - {"script":"<script> [2342 bytes]","args":[{"protocol":"http","hostname":"0.0.0.0","path":"/","capabilities":{"browserName":"chrome","goog:chromeOptions":{"binary":"C:\\Program Files\\Google\\Chrome\\Application\\chrome.exe"}},"logLevel":"warn","connectionRetryTimeout":120000,"connectionRetryCount":3,"logLevels":{},"enableDirectConnect":true,"strictSSL":true,"_":"65 more keys: [\"cacheDir\",\"port\",\"requestedCapabilities\",\"automationProtocol\",\"baseUrl\",\"waitforInterval\",\"waitforTimeout\",\"onReload\",\"beforeCommand\",\"afterCommand\",\"rootDir\",\"specs\",\"suites\",\"exclude\",\"groupLogsByTestSpec\",\"excludeDriverLogs\",\"bail\",\"framework\",\"reporters\",\"services\",\"maxInstances\",\"maxInstancesPerCapability\",\"injectGlobals\",\"filesToWatch\",\"execArgv\",\"runnerEnv\",\"runner\",\"shard\",\"specFileRetries\",\"specFileRetriesDelay\",\"specFileRetriesDeferred\",\"reporterSyncInterval\",\"reporterSyncTimeout\",\"cucumberFeaturesWithLineNumbers\",\"autoCompileOpts\",\"mochaOpts\",\"jasmineOpts\",\"cucumberOpts\",\"onPrepare\",\"onWorkerStart\",\"onWorkerEnd\",\"before\",\"beforeSession\",\"beforeSuite\",\"beforeHook\",\"beforeTest\",\"afterTest\",\"afterHook\",\"afterSuite\",\"afterSession\",\"after\",\"onComplete\",\"beforeAssertion\",\"afterAssertion\",\"beforeFeature\",\"beforeScenario\",\"beforeStep\",\"afterStep\",\"afterScenario\",\"afterFeature\",\"_\",\"suite\",\"$0\",\"ignoredWorkerServices\",\"wdi5\"]"}]}
RESULT: {"script":"<script> [2342 bytes]","args":[{"protocol":"http","hostname":"0.0.0.0","path":"/","capabilities":{"browserName":"chrome","goog:chromeOptions":{"binary":"C:\\Program Files\\Google\\Chrome\\Application\\chrome.exe"}},"logLevel":"warn","connectionRetryTimeout":120000,"connectionRetryCount":3,"logLevels":{},"enableDirectConnect":true,"strictSSL":true,"_":"65 more keys: [\"cacheDir\",\"port\",\"requestedCapabilities\",\"automationProtocol\",\"baseUrl\",\"waitforInterval\",\"waitforTimeout\",\"onReload\",\"beforeCommand\",\"afterCommand\",\"rootDir\",\"specs\",\"suites\",\"exclude\",\"groupLogsByTestSpec\",\"excludeDriverLogs\",\"bail\",\"framework\",\"reporters\",\"services\",\"maxInstances\",\"maxInstancesPerCapability\",\"injectGlobals\",\"filesToWatch\",\"execArgv\",\"runnerEnv\",\"runner\",\"shard\",\"specFileRetries\",\"specFileRetriesDelay\",\"specFileRetriesDeferred\",\"reporterSyncInterval\",\"reporterSyncTimeout\",\"cucumberFeaturesWithLineNumbers\",\"autoCompileOpts\",\"mochaOpts\",\"jasmineOpts\",\"cucumberOpts\",\"onPrepare\",\"onWorkerStart\",\"onWorkerEnd\",\"before\",\"beforeSession\",\"beforeSuite\",\"beforeHook\",\"beforeTest\",\"afterTest\",\"afterHook\",\"afterSuite\",\"afterSession\",\"after\",\"onComplete\",\"beforeAssertion\",\"afterAssertion\",\"beforeFeature\",\"beforeScenario\",\"beforeStep\",\"afterStep\",\"afterScenario\",\"afterFeature\",\"_\",\"suite\",\"$0\",\"ignoredWorkerServices\",\"wdi5\"]"}]}
COMMAND: POST /session/2c26340218390abaea45fe4d98ab669b/execute/async - {"script":"<script> [21126 bytes]","args":[35000]}
RESULT: {"script":"<script> [21126 bytes]","args":[35000]}
COMMAND: POST /session/2c26340218390abaea45fe4d98ab669b/execute/async - {"script":"<script> [1562 bytes]","args":[{"selector":{"controlType":"sap.m.SearchField","viewName":"etm.portal.ui.managehandovers.view.MasterHO","bindingPath":{"path":"","propertyPath":"/_BASIC_SEARCH_FIELD","modelName":"fi1t3rM0d31"},"interaction":{"idSuffix":"I"}},"wdio_ui5_key":"etmportal.ui.managehandovers.view.MasterHOsap.m.SearchField{\"path\":\"\",\"propertyPath\":\"/_BASIC_SEARCH_FIELD\",\"modelName\":\"fi1t3rM0d31\"}"}]}
RESULT: {"script":"<script> [1562 bytes]","args":[{"selector":{"controlType":"sap.m.SearchField","viewName":"etm.portal.ui.managehandovers.view.MasterHO","bindingPath":{"path":"","propertyPath":"/_BASIC_SEARCH_FIELD","modelName":"fi1t3rM0d31"},"interaction":{"idSuffix":"I"}},"wdio_ui5_key":"etmportal.ui.managehandovers.view.MasterHOsap.m.SearchField{\"path\":\"\",\"propertyPath\":\"/_BASIC_SEARCH_FIELD\",\"modelName\":\"fi1t3rM0d31\"}"}]}
RESULT: undefined
COMMAND: POST /session/2c26340218390abaea45fe4d98ab669b/execute/async - {"script":"<script> [776 bytes]","args":[{"enterText":"30324","selector":{"controlType":"sap.m.SearchField","viewName":"etm.portal.ui.managehandovers.view.MasterHO","bindingPath":{"path":"","propertyPath":"/_BASIC_SEARCH_FIELD","modelName":"fi1t3rM0d31"},"interaction":{"idSuffix":"I"}},"clearTextFirst":true,"interactionType":"ENTER_TEXT"}]}
RESULT: {"script":"<script> [776 bytes]","args":[{"enterText":"30324","selector":{"controlType":"sap.m.SearchField","viewName":"etm.portal.ui.managehandovers.view.MasterHO","bindingPath":{"path":"","propertyPath":"/_BASIC_SEARCH_FIELD","modelName":"fi1t3rM0d31"},"interaction":{"idSuffix":"I"}},"clearTextFirst":true,"interactionType":"ENTER_TEXT"}]}
COMMAND: POST /session/2c26340218390abaea45fe4d98ab669b/actions - {"actions":[{"id":"action19","type":"key","parameters":{},"actions":[{"type":"keyDown","value":""},{"type":"pause","duration":10},{"type":"keyUp","value":""}]}]}
RESULT: {"actions":[{"id":"action19","type":"key","parameters":{},"actions":[{"type":"keyDown","value":""},{"type":"pause","duration":10},{"type":"keyUp","value":""}]}]}
COMMAND: GET /session/2c26340218390abaea45fe4d98ab669b/screenshot - {}
RESULT: {}
COMMAND: POST /session/2c26340218390abaea45fe4d98ab669b/execute/async - {"script":"<script> [1562 bytes]","args":[{"selector":{"controlType":"sap.m.Title","viewName":"etm.portal.ui.managehandovers.view.MasterHO","properties":{"text":"Records (1)"}},"wdio_ui5_key":"etmportal.ui.managehandovers.view.MasterHOsap.m.Title{\"text\":\"Records (1)\"}"}]}
RESULT: {"script":"<script> [1562 bytes]","args":[{"selector":{"controlType":"sap.m.Title","viewName":"etm.portal.ui.managehandovers.view.MasterHO","properties":{"text":"Records (1)"}},"wdio_ui5_key":"etmportal.ui.managehandovers.view.MasterHOsap.m.Title{\"text\":\"Records (1)\"}"}]}
RESULT: undefined
COMMAND: POST /session/2c26340218390abaea45fe4d98ab669b/execute/async - {"script":"<script> [6424 bytes]","args":[{"element-6066-11e4-a52e-4f735466cecf":"f.17291DB1E67CD9F3C23A369F0CDF7328.d.D4055CD75ECC3705F8440C6DA49B889E.e.7514"},"getText",[]]}
RESULT: {"script":"<script> [6424 bytes]","args":[{"element-6066-11e4-a52e-4f735466cecf":"f.17291DB1E67CD9F3C23A369F0CDF7328.d.D4055CD75ECC3705F8440C6DA49B889E.e.7514"},"getText",[]]}
COMMAND: POST /session/2c26340218390abaea45fe4d98ab669b/execute/async - {"script":"<script> [1562 bytes]","args":[{"selector":{"controlType":"sap.ui.core.Icon","viewName":"etm.portal.ui.managehandovers.view.MasterHO","properties":{"src":{"regex":{"source":"slim\\-arrow\\-right"}}}},"wdio_ui5_key":"etmportal.ui.managehandovers.view.MasterHOsap.ui.core.Icon{\"src\":{\"regex\":{\"source\":\"slim\\\\-arrow\\\\-right\"}}}"}]}
RESULT: {"script":"<script> [1562 bytes]","args":[{"selector":{"controlType":"sap.ui.core.Icon","viewName":"etm.portal.ui.managehandovers.view.MasterHO","properties":{"src":{"regex":{"source":"slim\\-arrow\\-right"}}}},"wdio_ui5_key":"etmportal.ui.managehandovers.view.MasterHOsap.ui.core.Icon{\"src\":{\"regex\":{\"source\":\"slim\\\\-arrow\\\\-right\"}}}"}]}
RESULT: undefined
COMMAND: POST /session/2c26340218390abaea45fe4d98ab669b/element - {"using":"xpath","value":"//*[@id=\"__item18-__clone16-imgNav\"]"}
RESULT: {"using":"xpath","value":"//*[@id=\"__item18-__clone16-imgNav\"]"}
COMMAND: POST /session/2c26340218390abaea45fe4d98ab669b/element/f.17291DB1E67CD9F3C23A369F0CDF7328.d.D4055CD75ECC3705F8440C6DA49B889E.e.7513/click - {}
RESULT: {}
COMMAND: GET /session/2c26340218390abaea45fe4d98ab669b/screenshot - {}
RESULT: {}
COMMAND: POST /session/2c26340218390abaea45fe4d98ab669b/execute/async - {"script":"<script> [1562 bytes]","args":[{"selector":{"controlType":"sap.m.ObjectStatus","viewName":"etm.portal.ui.managehandovers.view.DetailExecuteHO","labelFor":{"text":"Status"}},"wdio_ui5_key":"etmportal.ui.managehandovers.view.DetailExecuteHOsap.m.ObjectStatus{\"text\":\"Status\"}"}]}
RESULT: {"script":"<script> [1562 bytes]","args":[{"selector":{"controlType":"sap.m.ObjectStatus","viewName":"etm.portal.ui.managehandovers.view.DetailExecuteHO","labelFor":{"text":"Status"}},"wdio_ui5_key":"etmportal.ui.managehandovers.view.DetailExecuteHOsap.m.ObjectStatus{\"text\":\"Status\"}"}]}
RESULT: undefined
COMMAND: POST /session/2c26340218390abaea45fe4d98ab669b/execute/async - {"script":"<script> [6424 bytes]","args":[{"element-6066-11e4-a52e-4f735466cecf":"f.17291DB1E67CD9F3C23A369F0CDF7328.d.D4055CD75ECC3705F8440C6DA49B889E.e.7609"},"getText",[]]}
RESULT: {"script":"<script> [6424 bytes]","args":[{"element-6066-11e4-a52e-4f735466cecf":"f.17291DB1E67CD9F3C23A369F0CDF7328.d.D4055CD75ECC3705F8440C6DA49B889E.e.7609"},"getText",[]]}
COMMAND: POST /session/2c26340218390abaea45fe4d98ab669b/execute/async - {"script":"<script> [1562 bytes]","args":[{"selector":{"controlType":"sap.m.Button","viewName":"etm.portal.ui.managehandovers.view.DetailExecuteHO","i18NText":{"propertyName":"text","key":"confirmAll"},"interaction":{"idSuffix":"BDI-content"}},"wdio_ui5_key":"etmportal.ui.managehandovers.view.DetailExecuteHOsap.m.Button{\"propertyName\":\"text\",\"key\":\"confirmAll\"}"}]}
RESULT: {"script":"<script> [1562 bytes]","args":[{"selector":{"controlType":"sap.m.Button","viewName":"etm.portal.ui.managehandovers.view.DetailExecuteHO","i18NText":{"propertyName":"text","key":"confirmAll"},"interaction":{"idSuffix":"BDI-content"}},"wdio_ui5_key":"etmportal.ui.managehandovers.view.DetailExecuteHOsap.m.Button{\"propertyName\":\"text\",\"key\":\"confirmAll\"}"}]}
RESULT: undefined
COMMAND: POST /session/2c26340218390abaea45fe4d98ab669b/element - {"using":"xpath","value":"//*[@id=\"__button30\"]"}
RESULT: {"using":"xpath","value":"//*[@id=\"__button30\"]"}
COMMAND: POST /session/2c26340218390abaea45fe4d98ab669b/element/f.17291DB1E67CD9F3C23A369F0CDF7328.d.D4055CD75ECC3705F8440C6DA49B889E.e.7613/click - {}
RESULT: {}
COMMAND: GET /session/2c26340218390abaea45fe4d98ab669b/screenshot - {}
RESULT: {}
COMMAND: POST /session/2c26340218390abaea45fe4d98ab669b/execute/async - {"script":"<script> [1562 bytes]","args":[{"selector":{"controlType":"sap.m.Button","properties":{"text":"OK"},"searchOpenDialogs":true,"interaction":{"idSuffix":"BDI-content"}},"wdio_ui5_key":"sapm.Button{\"text\":\"OK\"}"}]}
RESULT: {"script":"<script> [1562 bytes]","args":[{"selector":{"controlType":"sap.m.Button","properties":{"text":"OK"},"searchOpenDialogs":true,"interaction":{"idSuffix":"BDI-content"}},"wdio_ui5_key":"sapm.Button{\"text\":\"OK\"}"}]}
RESULT: undefined
COMMAND: POST /session/2c26340218390abaea45fe4d98ab669b/element - {"using":"xpath","value":"//*[@id=\"__mbox-btn-0\"]"}
RESULT: {"using":"xpath","value":"//*[@id=\"__mbox-btn-0\"]"}
COMMAND: POST /session/2c26340218390abaea45fe4d98ab669b/element/f.17291DB1E67CD9F3C23A369F0CDF7328.d.D4055CD75ECC3705F8440C6DA49B889E.e.7614/click - {}
RESULT: {}
COMMAND: GET /session/2c26340218390abaea45fe4d98ab669b/screenshot - {}
RESULT: {}
COMMAND: POST /session/2c26340218390abaea45fe4d98ab669b/element - {"using":"xpath","value":"//button[contains(@data-kt ,\"execHoReceiveFooterButton\")]"}
RESULT: {"using":"xpath","value":"//button[contains(@data-kt ,\"execHoReceiveFooterButton\")]"}
COMMAND: POST /session/2c26340218390abaea45fe4d98ab669b/element/f.17291DB1E67CD9F3C23A369F0CDF7328.d.D4055CD75ECC3705F8440C6DA49B889E.e.7572/click - {}
RESULT: {}
COMMAND: GET /session/2c26340218390abaea45fe4d98ab669b/screenshot - {}
RESULT: {}
COMMAND: POST /session/2c26340218390abaea45fe4d98ab669b/refresh - {}
RESULT: {}
COMMAND: GET /session/2c26340218390abaea45fe4d98ab669b/screenshot - {}
RESULT: {}
COMMAND: POST /session/2c26340218390abaea45fe4d98ab669b/execute/async - {"script":"<script> [189 bytes]","args":[]}
RESULT: {"script":"<script> [189 bytes]","args":[]}
COMMAND: POST /session/2c26340218390abaea45fe4d98ab669b/execute/async - {"script":"<script> [123 bytes]","args":[]}
RESULT: {"script":"<script> [123 bytes]","args":[]}
COMMAND: POST /session/2c26340218390abaea45fe4d98ab669b/timeouts - {"script":"<number>"}
RESULT: {"script":"<number>"}
COMMAND: GET /session/2c26340218390abaea45fe4d98ab669b/timeouts - {}
RESULT: {}
RESULT: undefined
COMMAND: POST /session/2c26340218390abaea45fe4d98ab669b/execute/async - {"script":"<script> [2676 bytes]","args":[]}
RESULT: {"script":"<script> [2676 bytes]","args":[]}
COMMAND: POST /session/2c26340218390abaea45fe4d98ab669b/execute/async - {"script":"<script> [2342 bytes]","args":[{"protocol":"http","hostname":"0.0.0.0","path":"/","capabilities":{"browserName":"chrome","goog:chromeOptions":{"binary":"C:\\Program Files\\Google\\Chrome\\Application\\chrome.exe"}},"logLevel":"warn","connectionRetryTimeout":120000,"connectionRetryCount":3,"logLevels":{},"enableDirectConnect":true,"strictSSL":true,"_":"65 more keys: [\"cacheDir\",\"port\",\"requestedCapabilities\",\"automationProtocol\",\"baseUrl\",\"waitforInterval\",\"waitforTimeout\",\"onReload\",\"beforeCommand\",\"afterCommand\",\"rootDir\",\"specs\",\"suites\",\"exclude\",\"groupLogsByTestSpec\",\"excludeDriverLogs\",\"bail\",\"framework\",\"reporters\",\"services\",\"maxInstances\",\"maxInstancesPerCapability\",\"injectGlobals\",\"filesToWatch\",\"execArgv\",\"runnerEnv\",\"runner\",\"shard\",\"specFileRetries\",\"specFileRetriesDelay\",\"specFileRetriesDeferred\",\"reporterSyncInterval\",\"reporterSyncTimeout\",\"cucumberFeaturesWithLineNumbers\",\"autoCompileOpts\",\"mochaOpts\",\"jasmineOpts\",\"cucumberOpts\",\"onPrepare\",\"onWorkerStart\",\"onWorkerEnd\",\"before\",\"beforeSession\",\"beforeSuite\",\"beforeHook\",\"beforeTest\",\"afterTest\",\"afterHook\",\"afterSuite\",\"afterSession\",\"after\",\"onComplete\",\"beforeAssertion\",\"afterAssertion\",\"beforeFeature\",\"beforeScenario\",\"beforeStep\",\"afterStep\",\"afterScenario\",\"afterFeature\",\"_\",\"suite\",\"$0\",\"ignoredWorkerServices\",\"wdi5\"]"}]}
RESULT: {"script":"<script> [2342 bytes]","args":[{"protocol":"http","hostname":"0.0.0.0","path":"/","capabilities":{"browserName":"chrome","goog:chromeOptions":{"binary":"C:\\Program Files\\Google\\Chrome\\Application\\chrome.exe"}},"logLevel":"warn","connectionRetryTimeout":120000,"connectionRetryCount":3,"logLevels":{},"enableDirectConnect":true,"strictSSL":true,"_":"65 more keys: [\"cacheDir\",\"port\",\"requestedCapabilities\",\"automationProtocol\",\"baseUrl\",\"waitforInterval\",\"waitforTimeout\",\"onReload\",\"beforeCommand\",\"afterCommand\",\"rootDir\",\"specs\",\"suites\",\"exclude\",\"groupLogsByTestSpec\",\"excludeDriverLogs\",\"bail\",\"framework\",\"reporters\",\"services\",\"maxInstances\",\"maxInstancesPerCapability\",\"injectGlobals\",\"filesToWatch\",\"execArgv\",\"runnerEnv\",\"runner\",\"shard\",\"specFileRetries\",\"specFileRetriesDelay\",\"specFileRetriesDeferred\",\"reporterSyncInterval\",\"reporterSyncTimeout\",\"cucumberFeaturesWithLineNumbers\",\"autoCompileOpts\",\"mochaOpts\",\"jasmineOpts\",\"cucumberOpts\",\"onPrepare\",\"onWorkerStart\",\"onWorkerEnd\",\"before\",\"beforeSession\",\"beforeSuite\",\"beforeHook\",\"beforeTest\",\"afterTest\",\"afterHook\",\"afterSuite\",\"afterSession\",\"after\",\"onComplete\",\"beforeAssertion\",\"afterAssertion\",\"beforeFeature\",\"beforeScenario\",\"beforeStep\",\"afterStep\",\"afterScenario\",\"afterFeature\",\"_\",\"suite\",\"$0\",\"ignoredWorkerServices\",\"wdi5\"]"}]}
COMMAND: POST /session/2c26340218390abaea45fe4d98ab669b/execute/async - {"script":"<script> [21126 bytes]","args":[35000]}
RESULT: {"script":"<script> [21126 bytes]","args":[35000]}
COMMAND: POST /session/2c26340218390abaea45fe4d98ab669b/execute/async - {"script":"<script> [1562 bytes]","args":[{"selector":{"controlType":"sap.m.SearchField","viewName":"etm.portal.ui.managehandovers.view.MasterHO","bindingPath":{"path":"","propertyPath":"/_BASIC_SEARCH_FIELD","modelName":"fi1t3rM0d31"},"interaction":{"idSuffix":"I"}},"wdio_ui5_key":"etmportal.ui.managehandovers.view.MasterHOsap.m.SearchField{\"path\":\"\",\"propertyPath\":\"/_BASIC_SEARCH_FIELD\",\"modelName\":\"fi1t3rM0d31\"}"}]}
RESULT: {"script":"<script> [1562 bytes]","args":[{"selector":{"controlType":"sap.m.SearchField","viewName":"etm.portal.ui.managehandovers.view.MasterHO","bindingPath":{"path":"","propertyPath":"/_BASIC_SEARCH_FIELD","modelName":"fi1t3rM0d31"},"interaction":{"idSuffix":"I"}},"wdio_ui5_key":"etmportal.ui.managehandovers.view.MasterHOsap.m.SearchField{\"path\":\"\",\"propertyPath\":\"/_BASIC_SEARCH_FIELD\",\"modelName\":\"fi1t3rM0d31\"}"}]}
RESULT: undefined
COMMAND: POST /session/2c26340218390abaea45fe4d98ab669b/execute/async - {"script":"<script> [776 bytes]","args":[{"enterText":"30324","selector":{"controlType":"sap.m.SearchField","viewName":"etm.portal.ui.managehandovers.view.MasterHO","bindingPath":{"path":"","propertyPath":"/_BASIC_SEARCH_FIELD","modelName":"fi1t3rM0d31"},"interaction":{"idSuffix":"I"}},"clearTextFirst":true,"interactionType":"ENTER_TEXT"}]}
RESULT: {"script":"<script> [776 bytes]","args":[{"enterText":"30324","selector":{"controlType":"sap.m.SearchField","viewName":"etm.portal.ui.managehandovers.view.MasterHO","bindingPath":{"path":"","propertyPath":"/_BASIC_SEARCH_FIELD","modelName":"fi1t3rM0d31"},"interaction":{"idSuffix":"I"}},"clearTextFirst":true,"interactionType":"ENTER_TEXT"}]}
COMMAND: POST /session/2c26340218390abaea45fe4d98ab669b/actions - {"actions":[{"id":"action20","type":"key","parameters":{},"actions":[{"type":"keyDown","value":""},{"type":"pause","duration":10},{"type":"keyUp","value":""}]}]}
RESULT: {"actions":[{"id":"action20","type":"key","parameters":{},"actions":[{"type":"keyDown","value":""},{"type":"pause","duration":10},{"type":"keyUp","value":""}]}]}
COMMAND: GET /session/2c26340218390abaea45fe4d98ab669b/screenshot - {}
RESULT: {}
COMMAND: POST /session/2c26340218390abaea45fe4d98ab669b/execute/async - {"script":"<script> [1562 bytes]","args":[{"selector":{"controlType":"sap.m.Title","viewName":"etm.portal.ui.managehandovers.view.MasterHO","properties":{"text":"Records (1)"}},"wdio_ui5_key":"etmportal.ui.managehandovers.view.MasterHOsap.m.Title{\"text\":\"Records (1)\"}"}]}
RESULT: {"script":"<script> [1562 bytes]","args":[{"selector":{"controlType":"sap.m.Title","viewName":"etm.portal.ui.managehandovers.view.MasterHO","properties":{"text":"Records (1)"}},"wdio_ui5_key":"etmportal.ui.managehandovers.view.MasterHOsap.m.Title{\"text\":\"Records (1)\"}"}]}
RESULT: undefined
COMMAND: POST /session/2c26340218390abaea45fe4d98ab669b/execute/async - {"script":"<script> [6424 bytes]","args":[{"element-6066-11e4-a52e-4f735466cecf":"f.17291DB1E67CD9F3C23A369F0CDF7328.d.BDAC72575A51D1EDEFC0B32B86698342.e.7765"},"getText",[]]}
RESULT: {"script":"<script> [6424 bytes]","args":[{"element-6066-11e4-a52e-4f735466cecf":"f.17291DB1E67CD9F3C23A369F0CDF7328.d.BDAC72575A51D1EDEFC0B32B86698342.e.7765"},"getText",[]]}
COMMAND: POST /session/2c26340218390abaea45fe4d98ab669b/execute/async - {"script":"<script> [1562 bytes]","args":[{"selector":{"controlType":"sap.ui.core.Icon","viewName":"etm.portal.ui.managehandovers.view.MasterHO","properties":{"src":{"regex":{"source":"slim\\-arrow\\-right"}}}},"wdio_ui5_key":"etmportal.ui.managehandovers.view.MasterHOsap.ui.core.Icon{\"src\":{\"regex\":{\"source\":\"slim\\\\-arrow\\\\-right\"}}}"}]}
RESULT: {"script":"<script> [1562 bytes]","args":[{"selector":{"controlType":"sap.ui.core.Icon","viewName":"etm.portal.ui.managehandovers.view.MasterHO","properties":{"src":{"regex":{"source":"slim\\-arrow\\-right"}}}},"wdio_ui5_key":"etmportal.ui.managehandovers.view.MasterHOsap.ui.core.Icon{\"src\":{\"regex\":{\"source\":\"slim\\\\-arrow\\\\-right\"}}}"}]}
RESULT: undefined
COMMAND: POST /session/2c26340218390abaea45fe4d98ab669b/element - {"using":"xpath","value":"//*[@id=\"__item32-__clone16-imgNav\"]"}
RESULT: {"using":"xpath","value":"//*[@id=\"__item32-__clone16-imgNav\"]"}
COMMAND: POST /session/2c26340218390abaea45fe4d98ab669b/element/f.17291DB1E67CD9F3C23A369F0CDF7328.d.BDAC72575A51D1EDEFC0B32B86698342.e.7764/click - {}
RESULT: {}
COMMAND: GET /session/2c26340218390abaea45fe4d98ab669b/screenshot - {}
RESULT: {}
COMMAND: POST /session/2c26340218390abaea45fe4d98ab669b/execute/async - {"script":"<script> [1562 bytes]","args":[{"selector":{"controlType":"sap.m.ObjectStatus","viewName":"etm.portal.ui.managehandovers.view.DetailManageHO","viewId":"application-managehandovers-display-component---detailManageHO","labelFor":{"text":"Status"}},"wdio_ui5_key":"etmportal.ui.managehandovers.view.DetailManageHOsap.m.ObjectStatus{\"text\":\"Status\"}"}]}
RESULT: {"script":"<script> [1562 bytes]","args":[{"selector":{"controlType":"sap.m.ObjectStatus","viewName":"etm.portal.ui.managehandovers.view.DetailManageHO","viewId":"application-managehandovers-display-component---detailManageHO","labelFor":{"text":"Status"}},"wdio_ui5_key":"etmportal.ui.managehandovers.view.DetailManageHOsap.m.ObjectStatus{\"text\":\"Status\"}"}]}
RESULT: undefined
COMMAND: POST /session/2c26340218390abaea45fe4d98ab669b/execute/async - {"script":"<script> [6424 bytes]","args":[{"element-6066-11e4-a52e-4f735466cecf":"f.17291DB1E67CD9F3C23A369F0CDF7328.d.BDAC72575A51D1EDEFC0B32B86698342.e.7850"},"getText",[]]}
RESULT: {"script":"<script> [6424 bytes]","args":[{"element-6066-11e4-a52e-4f735466cecf":"f.17291DB1E67CD9F3C23A369F0CDF7328.d.BDAC72575A51D1EDEFC0B32B86698342.e.7850"},"getText",[]]}
COMMAND: POST /session/2c26340218390abaea45fe4d98ab669b/element - {"using":"xpath","value":"//a[contains(@data-kt ,\"GeneralSectionReceiveContracttLink\")]"}
RESULT: {"using":"xpath","value":"//a[contains(@data-kt ,\"GeneralSectionReceiveContracttLink\")]"}
COMMAND: POST /session/2c26340218390abaea45fe4d98ab669b/element/f.17291DB1E67CD9F3C23A369F0CDF7328.d.BDAC72575A51D1EDEFC0B32B86698342.e.7852/click - {}
RESULT: {}
COMMAND: GET /session/2c26340218390abaea45fe4d98ab669b/screenshot - {}
RESULT: {}
COMMAND: POST /session/2c26340218390abaea45fe4d98ab669b/element - {"using":"xpath","value":"//a[contains(@data-kt ,\"ContextMenuId2Link\")]"}
RESULT: {"using":"xpath","value":"//a[contains(@data-kt ,\"ContextMenuId2Link\")]"}
COMMAND: POST /session/2c26340218390abaea45fe4d98ab669b/element/f.17291DB1E67CD9F3C23A369F0CDF7328.d.BDAC72575A51D1EDEFC0B32B86698342.e.7855/click - {}
RESULT: {}
COMMAND: GET /session/2c26340218390abaea45fe4d98ab669b/screenshot - {}
RESULT: {}
RESULT: undefined
COMMAND: POST /session/2c26340218390abaea45fe4d98ab669b/execute/async - {"script":"<script> [1562 bytes]","args":[{"selector":{"controlType":"sap.m.ObjectStatus","viewName":"etm.portal.ui.managecontracts.view.Detail","bindingPath":{"propertyPath":"LINK_TO_LOGISTICAL_STATUS/DESCRIPTION","modelName":"catalogModel"}},"wdio_ui5_key":"etmportal.ui.managecontracts.view.Detailsap.m.ObjectStatus{\"propertyPath\":\"LINK_TO_LOGISTICAL_STATUS/DESCRIPTION\",\"modelName\":\"catalogModel\"}"}]}
RESULT: {"script":"<script> [1562 bytes]","args":[{"selector":{"controlType":"sap.m.ObjectStatus","viewName":"etm.portal.ui.managecontracts.view.Detail","bindingPath":{"propertyPath":"LINK_TO_LOGISTICAL_STATUS/DESCRIPTION","modelName":"catalogModel"}},"wdio_ui5_key":"etmportal.ui.managecontracts.view.Detailsap.m.ObjectStatus{\"propertyPath\":\"LINK_TO_LOGISTICAL_STATUS/DESCRIPTION\",\"modelName\":\"catalogModel\"}"}]}
RESULT: undefined
COMMAND: POST /session/2c26340218390abaea45fe4d98ab669b/execute/async - {"script":"<script> [6424 bytes]","args":[{"element-6066-11e4-a52e-4f735466cecf":"f.17291DB1E67CD9F3C23A369F0CDF7328.d.BDAC72575A51D1EDEFC0B32B86698342.e.8086"},"getText",[]]}
RESULT: {"script":"<script> [6424 bytes]","args":[{"element-6066-11e4-a52e-4f735466cecf":"f.17291DB1E67CD9F3C23A369F0CDF7328.d.BDAC72575A51D1EDEFC0B32B86698342.e.8086"},"getText",[]]}
COMMAND: POST /session/2c26340218390abaea45fe4d98ab669b/execute/async - {"script":"<script> [1562 bytes]","args":[{"selector":{"controlType":"sap.m.ObjectStatus","viewName":"etm.portal.ui.managecontracts.view.Detail","bindingPath":{"propertyPath":"LINK_TO_COMMERCIAL_STATUS/DESCRIPTION","modelName":"catalogModel"}},"wdio_ui5_key":"etmportal.ui.managecontracts.view.Detailsap.m.ObjectStatus{\"propertyPath\":\"LINK_TO_COMMERCIAL_STATUS/DESCRIPTION\",\"modelName\":\"catalogModel\"}"}]}
RESULT: {"script":"<script> [1562 bytes]","args":[{"selector":{"controlType":"sap.m.ObjectStatus","viewName":"etm.portal.ui.managecontracts.view.Detail","bindingPath":{"propertyPath":"LINK_TO_COMMERCIAL_STATUS/DESCRIPTION","modelName":"catalogModel"}},"wdio_ui5_key":"etmportal.ui.managecontracts.view.Detailsap.m.ObjectStatus{\"propertyPath\":\"LINK_TO_COMMERCIAL_STATUS/DESCRIPTION\",\"modelName\":\"catalogModel\"}"}]}
RESULT: undefined
COMMAND: POST /session/2c26340218390abaea45fe4d98ab669b/execute/async - {"script":"<script> [6424 bytes]","args":[{"element-6066-11e4-a52e-4f735466cecf":"f.17291DB1E67CD9F3C23A369F0CDF7328.d.BDAC72575A51D1EDEFC0B32B86698342.e.8087"},"getText",[]]}
RESULT: {"script":"<script> [6424 bytes]","args":[{"element-6066-11e4-a52e-4f735466cecf":"f.17291DB1E67CD9F3C23A369F0CDF7328.d.BDAC72575A51D1EDEFC0B32B86698342.e.8087"},"getText",[]]}
]]></system-out>
    </testcase>
    <testcase classname="chrome.135_0_7049_42.windows.E2E_-_Logistical_and_commercial_statuses" name="It should follow the handover steps to the status fully returned" time="171.227">
      <system-out><![CDATA[
COMMAND: POST /session/2c26340218390abaea45fe4d98ab669b/execute/async - {"script":"<script> [1562 bytes]","args":[{"selector":{"id":"contractDetailReturnButton","viewName":"etm.portal.ui.managecontracts.view.Detail","interaction":{"idSuffix":"BDI-content"}},"wdio_ui5_key":"contractDetailReturnButtonetmportal.ui.managecontracts.view.Detail"}]}
RESULT: {"script":"<script> [1562 bytes]","args":[{"selector":{"id":"contractDetailReturnButton","viewName":"etm.portal.ui.managecontracts.view.Detail","interaction":{"idSuffix":"BDI-content"}},"wdio_ui5_key":"contractDetailReturnButtonetmportal.ui.managecontracts.view.Detail"}]}
RESULT: undefined
COMMAND: POST /session/2c26340218390abaea45fe4d98ab669b/element - {"using":"xpath","value":"//*[@id=\"__xmlview2--contractDetailReturnButton\"]"}
RESULT: {"using":"xpath","value":"//*[@id=\"__xmlview2--contractDetailReturnButton\"]"}
COMMAND: POST /session/2c26340218390abaea45fe4d98ab669b/element/f.17291DB1E67CD9F3C23A369F0CDF7328.d.BDAC72575A51D1EDEFC0B32B86698342.e.7965/click - {}
RESULT: {}
COMMAND: POST /session/2c26340218390abaea45fe4d98ab669b/execute/async - {"script":"<script> [1562 bytes]","args":[{"selector":{"id":"application-managehandovers-display-component---AddNewHO--dueDate","interaction":{"idSuffix":"inner"}},"wdio_ui5_key":"applicationmanagehandovers-display-component---AddNewHO--dueDate"}]}
COMMAND: GET /session/2c26340218390abaea45fe4d98ab669b/screenshot - {}
RESULT: {"script":"<script> [1562 bytes]","args":[{"selector":{"id":"application-managehandovers-display-component---AddNewHO--dueDate","interaction":{"idSuffix":"inner"}},"wdio_ui5_key":"applicationmanagehandovers-display-component---AddNewHO--dueDate"}]}
RESULT: undefined
COMMAND: POST /session/2c26340218390abaea45fe4d98ab669b/execute/async - {"script":"<script> [776 bytes]","args":[{"enterText":"04/13/25","selector":{"id":"application-managehandovers-display-component---AddNewHO--dueDate","interaction":{"idSuffix":"inner"}},"clearTextFirst":true,"interactionType":"ENTER_TEXT"}]}
RESULT: {}
RESULT: {"script":"<script> [776 bytes]","args":[{"enterText":"04/13/25","selector":{"id":"application-managehandovers-display-component---AddNewHO--dueDate","interaction":{"idSuffix":"inner"}},"clearTextFirst":true,"interactionType":"ENTER_TEXT"}]}
COMMAND: POST /session/2c26340218390abaea45fe4d98ab669b/element - {"using":"xpath","value":"//bdi[contains(@id ,\"application-managehandovers-display-component---AddNewHO--ObjectPageLayout-anchBar-application-managehandovers-display-component---AddNewHO--section4-anchor-BDI-content\")]"}
RESULT: {"using":"xpath","value":"//bdi[contains(@id ,\"application-managehandovers-display-component---AddNewHO--ObjectPageLayout-anchBar-application-managehandovers-display-component---AddNewHO--section4-anchor-BDI-content\")]"}
COMMAND: POST /session/2c26340218390abaea45fe4d98ab669b/element/f.17291DB1E67CD9F3C23A369F0CDF7328.d.BDAC72575A51D1EDEFC0B32B86698342.e.8261/click - {}
RESULT: {}
COMMAND: GET /session/2c26340218390abaea45fe4d98ab669b/screenshot - {}
RESULT: {}
COMMAND: POST /session/2c26340218390abaea45fe4d98ab669b/element - {"using":"xpath","value":"//button[contains(@data-kt ,\"AddNewHOProvideAddItemsButton\")]"}
RESULT: {"using":"xpath","value":"//button[contains(@data-kt ,\"AddNewHOProvideAddItemsButton\")]"}
COMMAND: POST /session/2c26340218390abaea45fe4d98ab669b/element/f.17291DB1E67CD9F3C23A369F0CDF7328.d.BDAC72575A51D1EDEFC0B32B86698342.e.8266/click - {}
RESULT: {}
COMMAND: GET /session/2c26340218390abaea45fe4d98ab669b/screenshot - {}
RESULT: {}
COMMAND: POST /session/2c26340218390abaea45fe4d98ab669b/execute/async - {"script":"<script> [1562 bytes]","args":[{"selector":{"id":"application-managehandovers-display-component---AddNewHO--popup-sa","searchOpenDialogs":true,"interaction":{"idSuffix":"CbBg"}},"wdio_ui5_key":"applicationmanagehandovers-display-component---AddNewHO--popup-sa"}]}
RESULT: {"script":"<script> [1562 bytes]","args":[{"selector":{"id":"application-managehandovers-display-component---AddNewHO--popup-sa","searchOpenDialogs":true,"interaction":{"idSuffix":"CbBg"}},"wdio_ui5_key":"applicationmanagehandovers-display-component---AddNewHO--popup-sa"}]}
RESULT: undefined
COMMAND: POST /session/2c26340218390abaea45fe4d98ab669b/element - {"using":"xpath","value":"//*[@id=\"application-managehandovers-display-component---AddNewHO--popup-sa\"]"}
RESULT: {"using":"xpath","value":"//*[@id=\"application-managehandovers-display-component---AddNewHO--popup-sa\"]"}
COMMAND: POST /session/2c26340218390abaea45fe4d98ab669b/element/f.17291DB1E67CD9F3C23A369F0CDF7328.d.BDAC72575A51D1EDEFC0B32B86698342.e.8276/click - {}
RESULT: {}
COMMAND: POST /session/2c26340218390abaea45fe4d98ab669b/execute/async - {"script":"<script> [1562 bytes]","args":[{"selector":{"controlType":"sap.m.Button","viewName":"etm.portal.ui.managehandovers.view.AddNewHO","viewId":"application-managehandovers-display-component---AddNewHO","i18NText":{"propertyName":"text","key":"select"},"searchOpenDialogs":true,"interaction":{"idSuffix":"BDI-content"}},"wdio_ui5_key":"etmportal.ui.managehandovers.view.AddNewHOsap.m.Button{\"propertyName\":\"text\",\"key\":\"select\"}"}]}
COMMAND: GET /session/2c26340218390abaea45fe4d98ab669b/screenshot - {}
RESULT: {"script":"<script> [1562 bytes]","args":[{"selector":{"controlType":"sap.m.Button","viewName":"etm.portal.ui.managehandovers.view.AddNewHO","viewId":"application-managehandovers-display-component---AddNewHO","i18NText":{"propertyName":"text","key":"select"},"searchOpenDialogs":true,"interaction":{"idSuffix":"BDI-content"}},"wdio_ui5_key":"etmportal.ui.managehandovers.view.AddNewHOsap.m.Button{\"propertyName\":\"text\",\"key\":\"select\"}"}]}
RESULT: undefined
COMMAND: POST /session/2c26340218390abaea45fe4d98ab669b/element - {"using":"xpath","value":"//*[@id=\"__button60\"]"}
RESULT: {}
RESULT: {"using":"xpath","value":"//*[@id=\"__button60\"]"}
COMMAND: POST /session/2c26340218390abaea45fe4d98ab669b/element/f.17291DB1E67CD9F3C23A369F0CDF7328.d.BDAC72575A51D1EDEFC0B32B86698342.e.8279/click - {}
RESULT: {}
COMMAND: GET /session/2c26340218390abaea45fe4d98ab669b/screenshot - {}
RESULT: {}
COMMAND: POST /session/2c26340218390abaea45fe4d98ab669b/execute/async - {"script":"<script> [1562 bytes]","args":[{"selector":{"id":"application-managehandovers-display-component---AddNewHO--confirmCreationButton","interaction":{"idSuffix":"BDI-content"}},"wdio_ui5_key":"applicationmanagehandovers-display-component---AddNewHO--confirmCreationButton"}]}
RESULT: {"script":"<script> [1562 bytes]","args":[{"selector":{"id":"application-managehandovers-display-component---AddNewHO--confirmCreationButton","interaction":{"idSuffix":"BDI-content"}},"wdio_ui5_key":"applicationmanagehandovers-display-component---AddNewHO--confirmCreationButton"}]}
RESULT: undefined
COMMAND: POST /session/2c26340218390abaea45fe4d98ab669b/element - {"using":"xpath","value":"//*[@id=\"application-managehandovers-display-component---AddNewHO--confirmCreationButton\"]"}
RESULT: {"using":"xpath","value":"//*[@id=\"application-managehandovers-display-component---AddNewHO--confirmCreationButton\"]"}
COMMAND: POST /session/2c26340218390abaea45fe4d98ab669b/element/f.17291DB1E67CD9F3C23A369F0CDF7328.d.BDAC72575A51D1EDEFC0B32B86698342.e.8218/click - {}
RESULT: {}
COMMAND: GET /session/2c26340218390abaea45fe4d98ab669b/screenshot - {}
RESULT: {}
COMMAND: POST /session/2c26340218390abaea45fe4d98ab669b/execute/async - {"script":"<script> [1562 bytes]","args":[{"selector":{"controlType":"sap.m.Text","viewName":"etm.portal.ui.managehandovers.view.DetailExecuteHO","bindingPath":{"propertyPath":"NO","modelName":"catalogModel"}},"wdio_ui5_key":"etmportal.ui.managehandovers.view.DetailExecuteHOsap.m.Text{\"propertyPath\":\"NO\",\"modelName\":\"catalogModel\"}"}]}
RESULT: {"script":"<script> [1562 bytes]","args":[{"selector":{"controlType":"sap.m.Text","viewName":"etm.portal.ui.managehandovers.view.DetailExecuteHO","bindingPath":{"propertyPath":"NO","modelName":"catalogModel"}},"wdio_ui5_key":"etmportal.ui.managehandovers.view.DetailExecuteHOsap.m.Text{\"propertyPath\":\"NO\",\"modelName\":\"catalogModel\"}"}]}
RESULT: undefined
COMMAND: POST /session/2c26340218390abaea45fe4d98ab669b/execute/async - {"script":"<script> [6424 bytes]","args":[{"element-6066-11e4-a52e-4f735466cecf":"f.17291DB1E67CD9F3C23A369F0CDF7328.d.BDAC72575A51D1EDEFC0B32B86698342.e.8326"},"getText",[]]}
RESULT: {"script":"<script> [6424 bytes]","args":[{"element-6066-11e4-a52e-4f735466cecf":"f.17291DB1E67CD9F3C23A369F0CDF7328.d.BDAC72575A51D1EDEFC0B32B86698342.e.8326"},"getText",[]]}
COMMAND: POST /session/2c26340218390abaea45fe4d98ab669b/element - {"using":"xpath","value":"//a[contains(@data-kt ,\"GeneralSectionSendContractLink\")]"}
RESULT: {"using":"xpath","value":"//a[contains(@data-kt ,\"GeneralSectionSendContractLink\")]"}
COMMAND: POST /session/2c26340218390abaea45fe4d98ab669b/element/f.17291DB1E67CD9F3C23A369F0CDF7328.d.BDAC72575A51D1EDEFC0B32B86698342.e.8327/click - {}
RESULT: {}
COMMAND: GET /session/2c26340218390abaea45fe4d98ab669b/screenshot - {}
RESULT: {}
COMMAND: POST /session/2c26340218390abaea45fe4d98ab669b/element - {"using":"xpath","value":"//a[contains(@data-kt ,\"ContextMenuId2Link\")]"}
RESULT: {"using":"xpath","value":"//a[contains(@data-kt ,\"ContextMenuId2Link\")]"}
COMMAND: POST /session/2c26340218390abaea45fe4d98ab669b/elements - {"using":"xpath","value":"//a[contains(@data-kt ,\"ContextMenuId2Link\")]"}
RESULT: {"using":"xpath","value":"//a[contains(@data-kt ,\"ContextMenuId2Link\")]"}
COMMAND: POST /session/2c26340218390abaea45fe4d98ab669b/element/f.17291DB1E67CD9F3C23A369F0CDF7328.d.BDAC72575A51D1EDEFC0B32B86698342.e.8331/click - {}
RESULT: {}
COMMAND: GET /session/2c26340218390abaea45fe4d98ab669b/screenshot - {}
RESULT: undefined
RESULT: undefined
RESULT: {}
COMMAND: POST /session/2c26340218390abaea45fe4d98ab669b/execute/async - {"script":"<script> [1562 bytes]","args":[{"selector":{"controlType":"sap.m.Link","viewName":"etm.portal.ui.managehandovers.view.DetailExecuteHO","properties":{"text":"Contract Overview"},"searchOpenDialogs":true},"wdio_ui5_key":"etmportal.ui.managehandovers.view.DetailExecuteHOsap.m.Link{\"text\":\"Contract Overview\"}"}]}
RESULT: {"script":"<script> [1562 bytes]","args":[{"selector":{"controlType":"sap.m.Link","viewName":"etm.portal.ui.managehandovers.view.DetailExecuteHO","properties":{"text":"Contract Overview"},"searchOpenDialogs":true},"wdio_ui5_key":"etmportal.ui.managehandovers.view.DetailExecuteHOsap.m.Link{\"text\":\"Contract Overview\"}"}]}
RESULT: undefined
RESULT: undefined
COMMAND: POST /session/2c26340218390abaea45fe4d98ab669b/execute/async - {"script":"<script> [6424 bytes]","args":[{"element-6066-11e4-a52e-4f735466cecf":"f.17291DB1E67CD9F3C23A369F0CDF7328.d.BDAC72575A51D1EDEFC0B32B86698342.e.8086"},"getText",[]]}
COMMAND: POST /session/2c26340218390abaea45fe4d98ab669b/execute/async - {"script":"<script> [1562 bytes]","args":[{"selector":{"controlType":"sap.m.ObjectStatus","viewName":"etm.portal.ui.managecontracts.view.Detail","bindingPath":{"propertyPath":"LINK_TO_LOGISTICAL_STATUS/DESCRIPTION","modelName":"catalogModel"}},"wdio_ui5_key":"etmportal.ui.managecontracts.view.Detailsap.m.ObjectStatus{\"propertyPath\":\"LINK_TO_LOGISTICAL_STATUS/DESCRIPTION\",\"modelName\":\"catalogModel\"}"}]}
RESULT: {"script":"<script> [1562 bytes]","args":[{"selector":{"controlType":"sap.m.ObjectStatus","viewName":"etm.portal.ui.managecontracts.view.Detail","bindingPath":{"propertyPath":"LINK_TO_LOGISTICAL_STATUS/DESCRIPTION","modelName":"catalogModel"}},"wdio_ui5_key":"etmportal.ui.managecontracts.view.Detailsap.m.ObjectStatus{\"propertyPath\":\"LINK_TO_LOGISTICAL_STATUS/DESCRIPTION\",\"modelName\":\"catalogModel\"}"}]}
COMMAND: POST /session/2c26340218390abaea45fe4d98ab669b/execute/async - {"script":"<script> [6424 bytes]","args":[{"element-6066-11e4-a52e-4f735466cecf":"f.17291DB1E67CD9F3C23A369F0CDF7328.d.BDAC72575A51D1EDEFC0B32B86698342.e.8523"},"getText",[]]}
RESULT: {"script":"<script> [6424 bytes]","args":[{"element-6066-11e4-a52e-4f735466cecf":"f.17291DB1E67CD9F3C23A369F0CDF7328.d.BDAC72575A51D1EDEFC0B32B86698342.e.8523"},"getText",[]]}
RESULT: undefined
COMMAND: POST /session/2c26340218390abaea45fe4d98ab669b/execute/async - {"script":"<script> [6424 bytes]","args":[{"element-6066-11e4-a52e-4f735466cecf":"f.17291DB1E67CD9F3C23A369F0CDF7328.d.BDAC72575A51D1EDEFC0B32B86698342.e.8087"},"getText",[]]}
COMMAND: POST /session/2c26340218390abaea45fe4d98ab669b/execute/async - {"script":"<script> [1562 bytes]","args":[{"selector":{"controlType":"sap.m.ObjectStatus","viewName":"etm.portal.ui.managecontracts.view.Detail","bindingPath":{"propertyPath":"LINK_TO_COMMERCIAL_STATUS/DESCRIPTION","modelName":"catalogModel"}},"wdio_ui5_key":"etmportal.ui.managecontracts.view.Detailsap.m.ObjectStatus{\"propertyPath\":\"LINK_TO_COMMERCIAL_STATUS/DESCRIPTION\",\"modelName\":\"catalogModel\"}"}]}
RESULT: {"script":"<script> [1562 bytes]","args":[{"selector":{"controlType":"sap.m.ObjectStatus","viewName":"etm.portal.ui.managecontracts.view.Detail","bindingPath":{"propertyPath":"LINK_TO_COMMERCIAL_STATUS/DESCRIPTION","modelName":"catalogModel"}},"wdio_ui5_key":"etmportal.ui.managecontracts.view.Detailsap.m.ObjectStatus{\"propertyPath\":\"LINK_TO_COMMERCIAL_STATUS/DESCRIPTION\",\"modelName\":\"catalogModel\"}"}]}
COMMAND: POST /session/2c26340218390abaea45fe4d98ab669b/execute/async - {"script":"<script> [6424 bytes]","args":[{"element-6066-11e4-a52e-4f735466cecf":"f.17291DB1E67CD9F3C23A369F0CDF7328.d.BDAC72575A51D1EDEFC0B32B86698342.e.8524"},"getText",[]]}
RESULT: {"script":"<script> [6424 bytes]","args":[{"element-6066-11e4-a52e-4f735466cecf":"f.17291DB1E67CD9F3C23A369F0CDF7328.d.BDAC72575A51D1EDEFC0B32B86698342.e.8524"},"getText",[]]}
COMMAND: POST /session/2c26340218390abaea45fe4d98ab669b/execute/async - {"script":"<script> [1562 bytes]","args":[{"selector":{"id":"backBtn"},"wdio_ui5_key":"backBtn"}]}
RESULT: {"script":"<script> [1562 bytes]","args":[{"selector":{"id":"backBtn"},"wdio_ui5_key":"backBtn"}]}
RESULT: undefined
COMMAND: POST /session/2c26340218390abaea45fe4d98ab669b/element - {"using":"xpath","value":"//*[@id=\"backBtn\"]"}
RESULT: {"using":"xpath","value":"//*[@id=\"backBtn\"]"}
COMMAND: POST /session/2c26340218390abaea45fe4d98ab669b/element/f.17291DB1E67CD9F3C23A369F0CDF7328.d.BDAC72575A51D1EDEFC0B32B86698342.e.8525/click - {}
RESULT: {}
COMMAND: GET /session/2c26340218390abaea45fe4d98ab669b/screenshot - {}
RESULT: {}
COMMAND: POST /session/2c26340218390abaea45fe4d98ab669b/execute/async - {"script":"<script> [1562 bytes]","args":[{"selector":{"controlType":"sap.m.Button","viewName":"etm.portal.ui.managehandovers.view.DetailExecuteHO","i18NText":{"propertyName":"text","key":"confirmAll"},"interaction":{"idSuffix":"BDI-content"}},"wdio_ui5_key":"etmportal.ui.managehandovers.view.DetailExecuteHOsap.m.Button{\"propertyName\":\"text\",\"key\":\"confirmAll\"}"}]}
RESULT: {"script":"<script> [1562 bytes]","args":[{"selector":{"controlType":"sap.m.Button","viewName":"etm.portal.ui.managehandovers.view.DetailExecuteHO","i18NText":{"propertyName":"text","key":"confirmAll"},"interaction":{"idSuffix":"BDI-content"}},"wdio_ui5_key":"etmportal.ui.managehandovers.view.DetailExecuteHOsap.m.Button{\"propertyName\":\"text\",\"key\":\"confirmAll\"}"}]}
RESULT: undefined
COMMAND: POST /session/2c26340218390abaea45fe4d98ab669b/element - {"using":"xpath","value":"//*[@id=\"__button143\"]"}
RESULT: {"using":"xpath","value":"//*[@id=\"__button143\"]"}
COMMAND: POST /session/2c26340218390abaea45fe4d98ab669b/element/f.17291DB1E67CD9F3C23A369F0CDF7328.d.BDAC72575A51D1EDEFC0B32B86698342.e.8688/click - {}
RESULT: {}
COMMAND: POST /session/2c26340218390abaea45fe4d98ab669b/execute/async - {"script":"<script> [1562 bytes]","args":[{"selector":{"controlType":"sap.m.Button","properties":{"text":"OK"},"searchOpenDialogs":true,"interaction":{"idSuffix":"BDI-content"}},"wdio_ui5_key":"sapm.Button{\"text\":\"OK\"}"}]}
COMMAND: GET /session/2c26340218390abaea45fe4d98ab669b/screenshot - {}
RESULT: {"script":"<script> [1562 bytes]","args":[{"selector":{"controlType":"sap.m.Button","properties":{"text":"OK"},"searchOpenDialogs":true,"interaction":{"idSuffix":"BDI-content"}},"wdio_ui5_key":"sapm.Button{\"text\":\"OK\"}"}]}
RESULT: undefined
COMMAND: POST /session/2c26340218390abaea45fe4d98ab669b/element - {"using":"xpath","value":"//*[@id=\"__mbox-btn-0\"]"}
RESULT: {}
RESULT: {"using":"xpath","value":"//*[@id=\"__mbox-btn-0\"]"}
COMMAND: POST /session/2c26340218390abaea45fe4d98ab669b/element/f.17291DB1E67CD9F3C23A369F0CDF7328.d.BDAC72575A51D1EDEFC0B32B86698342.e.8690/click - {}
RESULT: {}
COMMAND: GET /session/2c26340218390abaea45fe4d98ab669b/screenshot - {}
RESULT: {}
COMMAND: POST /session/2c26340218390abaea45fe4d98ab669b/element - {"using":"xpath","value":"//button[contains(@data-kt ,\"execHoIssueFooterButton\")]"}
RESULT: {"using":"xpath","value":"//button[contains(@data-kt ,\"execHoIssueFooterButton\")]"}
COMMAND: POST /session/2c26340218390abaea45fe4d98ab669b/element/f.17291DB1E67CD9F3C23A369F0CDF7328.d.BDAC72575A51D1EDEFC0B32B86698342.e.8694/click - {}
RESULT: {}
COMMAND: GET /session/2c26340218390abaea45fe4d98ab669b/screenshot - {}
RESULT: {}
COMMAND: POST /session/2c26340218390abaea45fe4d98ab669b/refresh - {}
RESULT: {}
COMMAND: GET /session/2c26340218390abaea45fe4d98ab669b/screenshot - {}
RESULT: {}
COMMAND: POST /session/2c26340218390abaea45fe4d98ab669b/execute/async - {"script":"<script> [189 bytes]","args":[]}
RESULT: {"script":"<script> [189 bytes]","args":[]}
COMMAND: POST /session/2c26340218390abaea45fe4d98ab669b/execute/async - {"script":"<script> [123 bytes]","args":[]}
RESULT: {"script":"<script> [123 bytes]","args":[]}
COMMAND: POST /session/2c26340218390abaea45fe4d98ab669b/timeouts - {"script":"<number>"}
RESULT: {"script":"<number>"}
COMMAND: GET /session/2c26340218390abaea45fe4d98ab669b/timeouts - {}
RESULT: {}
RESULT: undefined
COMMAND: POST /session/2c26340218390abaea45fe4d98ab669b/execute/async - {"script":"<script> [2676 bytes]","args":[]}
RESULT: {"script":"<script> [2676 bytes]","args":[]}
COMMAND: POST /session/2c26340218390abaea45fe4d98ab669b/execute/async - {"script":"<script> [2342 bytes]","args":[{"protocol":"http","hostname":"0.0.0.0","path":"/","capabilities":{"browserName":"chrome","goog:chromeOptions":{"binary":"C:\\Program Files\\Google\\Chrome\\Application\\chrome.exe"}},"logLevel":"warn","connectionRetryTimeout":120000,"connectionRetryCount":3,"logLevels":{},"enableDirectConnect":true,"strictSSL":true,"_":"65 more keys: [\"cacheDir\",\"port\",\"requestedCapabilities\",\"automationProtocol\",\"baseUrl\",\"waitforInterval\",\"waitforTimeout\",\"onReload\",\"beforeCommand\",\"afterCommand\",\"rootDir\",\"specs\",\"suites\",\"exclude\",\"groupLogsByTestSpec\",\"excludeDriverLogs\",\"bail\",\"framework\",\"reporters\",\"services\",\"maxInstances\",\"maxInstancesPerCapability\",\"injectGlobals\",\"filesToWatch\",\"execArgv\",\"runnerEnv\",\"runner\",\"shard\",\"specFileRetries\",\"specFileRetriesDelay\",\"specFileRetriesDeferred\",\"reporterSyncInterval\",\"reporterSyncTimeout\",\"cucumberFeaturesWithLineNumbers\",\"autoCompileOpts\",\"mochaOpts\",\"jasmineOpts\",\"cucumberOpts\",\"onPrepare\",\"onWorkerStart\",\"onWorkerEnd\",\"before\",\"beforeSession\",\"beforeSuite\",\"beforeHook\",\"beforeTest\",\"afterTest\",\"afterHook\",\"afterSuite\",\"afterSession\",\"after\",\"onComplete\",\"beforeAssertion\",\"afterAssertion\",\"beforeFeature\",\"beforeScenario\",\"beforeStep\",\"afterStep\",\"afterScenario\",\"afterFeature\",\"_\",\"suite\",\"$0\",\"ignoredWorkerServices\",\"wdi5\"]"}]}
RESULT: {"script":"<script> [2342 bytes]","args":[{"protocol":"http","hostname":"0.0.0.0","path":"/","capabilities":{"browserName":"chrome","goog:chromeOptions":{"binary":"C:\\Program Files\\Google\\Chrome\\Application\\chrome.exe"}},"logLevel":"warn","connectionRetryTimeout":120000,"connectionRetryCount":3,"logLevels":{},"enableDirectConnect":true,"strictSSL":true,"_":"65 more keys: [\"cacheDir\",\"port\",\"requestedCapabilities\",\"automationProtocol\",\"baseUrl\",\"waitforInterval\",\"waitforTimeout\",\"onReload\",\"beforeCommand\",\"afterCommand\",\"rootDir\",\"specs\",\"suites\",\"exclude\",\"groupLogsByTestSpec\",\"excludeDriverLogs\",\"bail\",\"framework\",\"reporters\",\"services\",\"maxInstances\",\"maxInstancesPerCapability\",\"injectGlobals\",\"filesToWatch\",\"execArgv\",\"runnerEnv\",\"runner\",\"shard\",\"specFileRetries\",\"specFileRetriesDelay\",\"specFileRetriesDeferred\",\"reporterSyncInterval\",\"reporterSyncTimeout\",\"cucumberFeaturesWithLineNumbers\",\"autoCompileOpts\",\"mochaOpts\",\"jasmineOpts\",\"cucumberOpts\",\"onPrepare\",\"onWorkerStart\",\"onWorkerEnd\",\"before\",\"beforeSession\",\"beforeSuite\",\"beforeHook\",\"beforeTest\",\"afterTest\",\"afterHook\",\"afterSuite\",\"afterSession\",\"after\",\"onComplete\",\"beforeAssertion\",\"afterAssertion\",\"beforeFeature\",\"beforeScenario\",\"beforeStep\",\"afterStep\",\"afterScenario\",\"afterFeature\",\"_\",\"suite\",\"$0\",\"ignoredWorkerServices\",\"wdi5\"]"}]}
COMMAND: POST /session/2c26340218390abaea45fe4d98ab669b/execute/async - {"script":"<script> [21126 bytes]","args":[35000]}
RESULT: {"script":"<script> [21126 bytes]","args":[35000]}
COMMAND: POST /session/2c26340218390abaea45fe4d98ab669b/execute/async - {"script":"<script> [1562 bytes]","args":[{"selector":{"controlType":"sap.m.SearchField","viewName":"etm.portal.ui.managehandovers.view.MasterHO","bindingPath":{"path":"","propertyPath":"/_BASIC_SEARCH_FIELD","modelName":"fi1t3rM0d31"},"interaction":{"idSuffix":"I"}},"wdio_ui5_key":"etmportal.ui.managehandovers.view.MasterHOsap.m.SearchField{\"path\":\"\",\"propertyPath\":\"/_BASIC_SEARCH_FIELD\",\"modelName\":\"fi1t3rM0d31\"}"}]}
RESULT: {"script":"<script> [1562 bytes]","args":[{"selector":{"controlType":"sap.m.SearchField","viewName":"etm.portal.ui.managehandovers.view.MasterHO","bindingPath":{"path":"","propertyPath":"/_BASIC_SEARCH_FIELD","modelName":"fi1t3rM0d31"},"interaction":{"idSuffix":"I"}},"wdio_ui5_key":"etmportal.ui.managehandovers.view.MasterHOsap.m.SearchField{\"path\":\"\",\"propertyPath\":\"/_BASIC_SEARCH_FIELD\",\"modelName\":\"fi1t3rM0d31\"}"}]}
RESULT: undefined
COMMAND: POST /session/2c26340218390abaea45fe4d98ab669b/execute/async - {"script":"<script> [776 bytes]","args":[{"enterText":"30325","selector":{"controlType":"sap.m.SearchField","viewName":"etm.portal.ui.managehandovers.view.MasterHO","bindingPath":{"path":"","propertyPath":"/_BASIC_SEARCH_FIELD","modelName":"fi1t3rM0d31"},"interaction":{"idSuffix":"I"}},"clearTextFirst":true,"interactionType":"ENTER_TEXT"}]}
RESULT: {"script":"<script> [776 bytes]","args":[{"enterText":"30325","selector":{"controlType":"sap.m.SearchField","viewName":"etm.portal.ui.managehandovers.view.MasterHO","bindingPath":{"path":"","propertyPath":"/_BASIC_SEARCH_FIELD","modelName":"fi1t3rM0d31"},"interaction":{"idSuffix":"I"}},"clearTextFirst":true,"interactionType":"ENTER_TEXT"}]}
COMMAND: POST /session/2c26340218390abaea45fe4d98ab669b/actions - {"actions":[{"id":"action21","type":"key","parameters":{},"actions":[{"type":"keyDown","value":""},{"type":"pause","duration":10},{"type":"keyUp","value":""}]}]}
RESULT: {"actions":[{"id":"action21","type":"key","parameters":{},"actions":[{"type":"keyDown","value":""},{"type":"pause","duration":10},{"type":"keyUp","value":""}]}]}
COMMAND: GET /session/2c26340218390abaea45fe4d98ab669b/screenshot - {}
RESULT: {}
COMMAND: POST /session/2c26340218390abaea45fe4d98ab669b/execute/async - {"script":"<script> [1562 bytes]","args":[{"selector":{"controlType":"sap.m.Title","viewName":"etm.portal.ui.managehandovers.view.MasterHO","properties":{"text":"Records (1)"}},"wdio_ui5_key":"etmportal.ui.managehandovers.view.MasterHOsap.m.Title{\"text\":\"Records (1)\"}"}]}
RESULT: {"script":"<script> [1562 bytes]","args":[{"selector":{"controlType":"sap.m.Title","viewName":"etm.portal.ui.managehandovers.view.MasterHO","properties":{"text":"Records (1)"}},"wdio_ui5_key":"etmportal.ui.managehandovers.view.MasterHOsap.m.Title{\"text\":\"Records (1)\"}"}]}
RESULT: undefined
COMMAND: POST /session/2c26340218390abaea45fe4d98ab669b/execute/async - {"script":"<script> [6424 bytes]","args":[{"element-6066-11e4-a52e-4f735466cecf":"f.17291DB1E67CD9F3C23A369F0CDF7328.d.FEE7D869A5C88C7948B8A32F81AE71D6.e.8947"},"getText",[]]}
RESULT: {"script":"<script> [6424 bytes]","args":[{"element-6066-11e4-a52e-4f735466cecf":"f.17291DB1E67CD9F3C23A369F0CDF7328.d.FEE7D869A5C88C7948B8A32F81AE71D6.e.8947"},"getText",[]]}
COMMAND: POST /session/2c26340218390abaea45fe4d98ab669b/execute/async - {"script":"<script> [1562 bytes]","args":[{"selector":{"controlType":"sap.ui.core.Icon","viewName":"etm.portal.ui.managehandovers.view.MasterHO","properties":{"src":{"regex":{"source":"slim\\-arrow\\-right"}}}},"wdio_ui5_key":"etmportal.ui.managehandovers.view.MasterHOsap.ui.core.Icon{\"src\":{\"regex\":{\"source\":\"slim\\\\-arrow\\\\-right\"}}}"}]}
RESULT: {"script":"<script> [1562 bytes]","args":[{"selector":{"controlType":"sap.ui.core.Icon","viewName":"etm.portal.ui.managehandovers.view.MasterHO","properties":{"src":{"regex":{"source":"slim\\-arrow\\-right"}}}},"wdio_ui5_key":"etmportal.ui.managehandovers.view.MasterHOsap.ui.core.Icon{\"src\":{\"regex\":{\"source\":\"slim\\\\-arrow\\\\-right\"}}}"}]}
RESULT: undefined
COMMAND: POST /session/2c26340218390abaea45fe4d98ab669b/element - {"using":"xpath","value":"//*[@id=\"__item20-__clone16-imgNav\"]"}
RESULT: {"using":"xpath","value":"//*[@id=\"__item20-__clone16-imgNav\"]"}
COMMAND: POST /session/2c26340218390abaea45fe4d98ab669b/element/f.17291DB1E67CD9F3C23A369F0CDF7328.d.FEE7D869A5C88C7948B8A32F81AE71D6.e.8946/click - {}
RESULT: {}
COMMAND: GET /session/2c26340218390abaea45fe4d98ab669b/screenshot - {}
RESULT: {}
COMMAND: POST /session/2c26340218390abaea45fe4d98ab669b/execute/async - {"script":"<script> [1562 bytes]","args":[{"selector":{"controlType":"sap.m.ObjectStatus","viewName":"etm.portal.ui.managehandovers.view.DetailManageHO","viewId":"application-managehandovers-display-component---detailManageHO","labelFor":{"text":"Status"}},"wdio_ui5_key":"etmportal.ui.managehandovers.view.DetailManageHOsap.m.ObjectStatus{\"text\":\"Status\"}"}]}
RESULT: {"script":"<script> [1562 bytes]","args":[{"selector":{"controlType":"sap.m.ObjectStatus","viewName":"etm.portal.ui.managehandovers.view.DetailManageHO","viewId":"application-managehandovers-display-component---detailManageHO","labelFor":{"text":"Status"}},"wdio_ui5_key":"etmportal.ui.managehandovers.view.DetailManageHOsap.m.ObjectStatus{\"text\":\"Status\"}"}]}
RESULT: undefined
COMMAND: POST /session/2c26340218390abaea45fe4d98ab669b/execute/async - {"script":"<script> [6424 bytes]","args":[{"element-6066-11e4-a52e-4f735466cecf":"f.17291DB1E67CD9F3C23A369F0CDF7328.d.FEE7D869A5C88C7948B8A32F81AE71D6.e.9039"},"getText",[]]}
RESULT: {"script":"<script> [6424 bytes]","args":[{"element-6066-11e4-a52e-4f735466cecf":"f.17291DB1E67CD9F3C23A369F0CDF7328.d.FEE7D869A5C88C7948B8A32F81AE71D6.e.9039"},"getText",[]]}
COMMAND: POST /session/2c26340218390abaea45fe4d98ab669b/element - {"using":"xpath","value":"//a[contains(@data-kt ,\"GeneralSectionSendContractLink\")]"}
RESULT: {"using":"xpath","value":"//a[contains(@data-kt ,\"GeneralSectionSendContractLink\")]"}
COMMAND: POST /session/2c26340218390abaea45fe4d98ab669b/element/f.17291DB1E67CD9F3C23A369F0CDF7328.d.FEE7D869A5C88C7948B8A32F81AE71D6.e.9040/click - {}
RESULT: {}
COMMAND: GET /session/2c26340218390abaea45fe4d98ab669b/screenshot - {}
RESULT: {}
COMMAND: POST /session/2c26340218390abaea45fe4d98ab669b/elements - {"using":"xpath","value":"//a[contains(@data-kt ,\"ContextMenuId2Link\")]"}
RESULT: {"using":"xpath","value":"//a[contains(@data-kt ,\"ContextMenuId2Link\")]"}
COMMAND: POST /session/2c26340218390abaea45fe4d98ab669b/element/f.17291DB1E67CD9F3C23A369F0CDF7328.d.BDAC72575A51D1EDEFC0B32B86698342.e.8331/click - {}
COMMAND: POST /session/2c26340218390abaea45fe4d98ab669b/element - {"using":"xpath","value":"//a[contains(@data-kt ,\"ContextMenuId2Link\")]"}
RESULT: {"using":"xpath","value":"//a[contains(@data-kt ,\"ContextMenuId2Link\")]"}
COMMAND: POST /session/2c26340218390abaea45fe4d98ab669b/element/f.17291DB1E67CD9F3C23A369F0CDF7328.d.BDAC72575A51D1EDEFC0B32B86698342.e.8331/click - {}
COMMAND: POST /session/2c26340218390abaea45fe4d98ab669b/element - {"using":"xpath","value":"//a[contains(@data-kt ,\"ContextMenuId2Link\")]"}
RESULT: {"using":"xpath","value":"//a[contains(@data-kt ,\"ContextMenuId2Link\")]"}
COMMAND: POST /session/2c26340218390abaea45fe4d98ab669b/element/f.17291DB1E67CD9F3C23A369F0CDF7328.d.FEE7D869A5C88C7948B8A32F81AE71D6.e.9043/click - {}
RESULT: {}
COMMAND: GET /session/2c26340218390abaea45fe4d98ab669b/screenshot - {}
RESULT: undefined
RESULT: undefined
RESULT: {}
COMMAND: POST /session/2c26340218390abaea45fe4d98ab669b/execute/async - {"script":"<script> [1562 bytes]","args":[{"selector":{"controlType":"sap.m.ObjectStatus","viewName":"etm.portal.ui.managecontracts.view.Detail","bindingPath":{"propertyPath":"LINK_TO_COMMERCIAL_STATUS/DESCRIPTION","modelName":"catalogModel"}},"wdio_ui5_key":"etmportal.ui.managecontracts.view.Detailsap.m.ObjectStatus{\"propertyPath\":\"LINK_TO_COMMERCIAL_STATUS/DESCRIPTION\",\"modelName\":\"catalogModel\"}"}]}
RESULT: {"script":"<script> [1562 bytes]","args":[{"selector":{"controlType":"sap.m.ObjectStatus","viewName":"etm.portal.ui.managecontracts.view.Detail","bindingPath":{"propertyPath":"LINK_TO_COMMERCIAL_STATUS/DESCRIPTION","modelName":"catalogModel"}},"wdio_ui5_key":"etmportal.ui.managecontracts.view.Detailsap.m.ObjectStatus{\"propertyPath\":\"LINK_TO_COMMERCIAL_STATUS/DESCRIPTION\",\"modelName\":\"catalogModel\"}"}]}
RESULT: undefined
COMMAND: POST /session/2c26340218390abaea45fe4d98ab669b/execute/async - {"script":"<script> [6424 bytes]","args":[{"element-6066-11e4-a52e-4f735466cecf":"f.17291DB1E67CD9F3C23A369F0CDF7328.d.FEE7D869A5C88C7948B8A32F81AE71D6.e.9271"},"getText",[]]}
RESULT: {"script":"<script> [6424 bytes]","args":[{"element-6066-11e4-a52e-4f735466cecf":"f.17291DB1E67CD9F3C23A369F0CDF7328.d.FEE7D869A5C88C7948B8A32F81AE71D6.e.9271"},"getText",[]]}
COMMAND: POST /session/2c26340218390abaea45fe4d98ab669b/execute/async - {"script":"<script> [1562 bytes]","args":[{"selector":{"controlType":"sap.m.ObjectStatus","viewName":"etm.portal.ui.managecontracts.view.Detail","bindingPath":{"propertyPath":"LINK_TO_LOGISTICAL_STATUS/DESCRIPTION","modelName":"catalogModel"}},"wdio_ui5_key":"etmportal.ui.managecontracts.view.Detailsap.m.ObjectStatus{\"propertyPath\":\"LINK_TO_LOGISTICAL_STATUS/DESCRIPTION\",\"modelName\":\"catalogModel\"}"}]}
RESULT: {"script":"<script> [1562 bytes]","args":[{"selector":{"controlType":"sap.m.ObjectStatus","viewName":"etm.portal.ui.managecontracts.view.Detail","bindingPath":{"propertyPath":"LINK_TO_LOGISTICAL_STATUS/DESCRIPTION","modelName":"catalogModel"}},"wdio_ui5_key":"etmportal.ui.managecontracts.view.Detailsap.m.ObjectStatus{\"propertyPath\":\"LINK_TO_LOGISTICAL_STATUS/DESCRIPTION\",\"modelName\":\"catalogModel\"}"}]}
RESULT: undefined
COMMAND: POST /session/2c26340218390abaea45fe4d98ab669b/execute/async - {"script":"<script> [6424 bytes]","args":[{"element-6066-11e4-a52e-4f735466cecf":"f.17291DB1E67CD9F3C23A369F0CDF7328.d.FEE7D869A5C88C7948B8A32F81AE71D6.e.9272"},"getText",[]]}
RESULT: {"script":"<script> [6424 bytes]","args":[{"element-6066-11e4-a52e-4f735466cecf":"f.17291DB1E67CD9F3C23A369F0CDF7328.d.FEE7D869A5C88C7948B8A32F81AE71D6.e.9272"},"getText",[]]}
COMMAND: POST /session/2c26340218390abaea45fe4d98ab669b/element - {"using":"xpath","value":"//button[@data-kt=\"contractDetailEditBtnButton\"]"}
RESULT: {"using":"xpath","value":"//button[@data-kt=\"contractDetailEditBtnButton\"]"}
COMMAND: POST /session/2c26340218390abaea45fe4d98ab669b/element/f.17291DB1E67CD9F3C23A369F0CDF7328.d.FEE7D869A5C88C7948B8A32F81AE71D6.e.9106/click - {}
RESULT: {}
COMMAND: GET /session/2c26340218390abaea45fe4d98ab669b/screenshot - {}
RESULT: {}
COMMAND: POST /session/2c26340218390abaea45fe4d98ab669b/element - {"using":"xpath","value":"(//span[contains(text(), \"Additional Addresses\")])[2]"}
RESULT: {"using":"xpath","value":"(//span[contains(text(), \"Additional Addresses\")])[2]"}
COMMAND: POST /session/2c26340218390abaea45fe4d98ab669b/element/f.17291DB1E67CD9F3C23A369F0CDF7328.d.FEE7D869A5C88C7948B8A32F81AE71D6.e.9331/click - {}
RESULT: {}
COMMAND: GET /session/2c26340218390abaea45fe4d98ab669b/screenshot - {}
RESULT: {}
COMMAND: POST /session/2c26340218390abaea45fe4d98ab669b/element - {"using":"xpath","value":"//button[@data-kt=\"btnAddTableRowOverflowToolbarButton\"]"}
RESULT: {"using":"xpath","value":"//button[@data-kt=\"btnAddTableRowOverflowToolbarButton\"]"}
COMMAND: POST /session/2c26340218390abaea45fe4d98ab669b/element/f.17291DB1E67CD9F3C23A369F0CDF7328.d.FEE7D869A5C88C7948B8A32F81AE71D6.e.9335/click - {}
RESULT: {}
COMMAND: GET /session/2c26340218390abaea45fe4d98ab669b/screenshot - {}
RESULT: {}
COMMAND: POST /session/2c26340218390abaea45fe4d98ab669b/element - {"using":"xpath","value":"//div[(text() = 'Standard Entry' or . = 'Standard Entry')]"}
RESULT: {"using":"xpath","value":"//div[(text() = 'Standard Entry' or . = 'Standard Entry')]"}
COMMAND: POST /session/2c26340218390abaea45fe4d98ab669b/element/f.17291DB1E67CD9F3C23A369F0CDF7328.d.FEE7D869A5C88C7948B8A32F81AE71D6.e.9337/click - {}
RESULT: {}
COMMAND: POST /session/2c26340218390abaea45fe4d98ab669b/execute/async - {"script":"<script> [1562 bytes]","args":[{"selector":{"controlType":"sap.ui.core.Icon","viewName":"etm.portal.ui.managecontracts.view.EditContract","properties":{"src":{"regex":{"source":"slim\\-arrow\\-down"}}},"ancestor":{"controlType":"sap.m.ComboBox","viewName":"etm.portal.ui.managecontracts.view.EditContract","bindingPath":{"propertyPath":"RU_TYPE","modelName":"catalogModel"}}},"wdio_ui5_key":"etmportal.ui.managecontracts.view.EditContractsap.ui.core.Icon{\"src\":{\"regex\":{\"source\":\"slim\\\\-arrow\\\\-down\"}}}{\"controlType\":\"sap.m.ComboBox\",\"viewName\":\"etm.portal.ui.managecontracts.view.EditContract\",\"bindingPath\":{\"propertyPath\":\"RU_TYPE\",\"modelName\":\"catalogModel\"}}"}]}
COMMAND: GET /session/2c26340218390abaea45fe4d98ab669b/screenshot - {}
RESULT: {"script":"<script> [1562 bytes]","args":[{"selector":{"controlType":"sap.ui.core.Icon","viewName":"etm.portal.ui.managecontracts.view.EditContract","properties":{"src":{"regex":{"source":"slim\\-arrow\\-down"}}},"ancestor":{"controlType":"sap.m.ComboBox","viewName":"etm.portal.ui.managecontracts.view.EditContract","bindingPath":{"propertyPath":"RU_TYPE","modelName":"catalogModel"}}},"wdio_ui5_key":"etmportal.ui.managecontracts.view.EditContractsap.ui.core.Icon{\"src\":{\"regex\":{\"source\":\"slim\\\\-arrow\\\\-down\"}}}{\"controlType\":\"sap.m.ComboBox\",\"viewName\":\"etm.portal.ui.managecontracts.view.EditContract\",\"bindingPath\":{\"propertyPath\":\"RU_TYPE\",\"modelName\":\"catalogModel\"}}"}]}
RESULT: undefined
COMMAND: POST /session/2c26340218390abaea45fe4d98ab669b/element - {"using":"xpath","value":"//*[@id=\"__box20-arrow\"]"}
RESULT: {}
RESULT: {"using":"xpath","value":"//*[@id=\"__box20-arrow\"]"}
COMMAND: POST /session/2c26340218390abaea45fe4d98ab669b/element/f.17291DB1E67CD9F3C23A369F0CDF7328.d.FEE7D869A5C88C7948B8A32F81AE71D6.e.9352/click - {}
RESULT: {}
COMMAND: POST /session/2c26340218390abaea45fe4d98ab669b/execute/async - {"script":"<script> [1562 bytes]","args":[{"selector":{"controlType":"sap.m.StandardListItem","viewName":"etm.portal.ui.managecontracts.view.EditContract","properties":{"title":"Material"},"searchOpenDialogs":true,"interaction":{"idSuffix":"content"}},"wdio_ui5_key":"etmportal.ui.managecontracts.view.EditContractsap.m.StandardListItem{\"title\":\"Material\"}"}]}
COMMAND: GET /session/2c26340218390abaea45fe4d98ab669b/screenshot - {}
RESULT: {"script":"<script> [1562 bytes]","args":[{"selector":{"controlType":"sap.m.StandardListItem","viewName":"etm.portal.ui.managecontracts.view.EditContract","properties":{"title":"Material"},"searchOpenDialogs":true,"interaction":{"idSuffix":"content"}},"wdio_ui5_key":"etmportal.ui.managecontracts.view.EditContractsap.m.StandardListItem{\"title\":\"Material\"}"}]}
RESULT: undefined
COMMAND: POST /session/2c26340218390abaea45fe4d98ab669b/element - {"using":"xpath","value":"//*[@id=\"__item96\"]"}
RESULT: {}
RESULT: {"using":"xpath","value":"//*[@id=\"__item96\"]"}
COMMAND: POST /session/2c26340218390abaea45fe4d98ab669b/element/f.17291DB1E67CD9F3C23A369F0CDF7328.d.FEE7D869A5C88C7948B8A32F81AE71D6.e.9355/click - {}
RESULT: {}
COMMAND: POST /session/2c26340218390abaea45fe4d98ab669b/element - {"using":"xpath","value":"//td[7]/div/div/input"}
COMMAND: GET /session/2c26340218390abaea45fe4d98ab669b/screenshot - {}
RESULT: {"using":"xpath","value":"//td[7]/div/div/input"}
COMMAND: POST /session/2c26340218390abaea45fe4d98ab669b/element/f.17291DB1E67CD9F3C23A369F0CDF7328.d.FEE7D869A5C88C7948B8A32F81AE71D6.e.9358/clear - {}
RESULT: {}
RESULT: {}
COMMAND: POST /session/2c26340218390abaea45fe4d98ab669b/element/f.17291DB1E67CD9F3C23A369F0CDF7328.d.FEE7D869A5C88C7948B8A32F81AE71D6.e.9358/value - {"text":"WebdriverRUR2C75hfr"}
COMMAND: GET /session/2c26340218390abaea45fe4d98ab669b/screenshot - {}
RESULT: {"text":"WebdriverRUR2C75hfr"}
COMMAND: GET /session/2c26340218390abaea45fe4d98ab669b/screenshot - {}
RESULT: {}
RESULT: {}
COMMAND: POST /session/2c26340218390abaea45fe4d98ab669b/actions - {"actions":[{"id":"action22","type":"key","parameters":{},"actions":[{"type":"keyDown","value":""},{"type":"pause","duration":10},{"type":"keyUp","value":""}]}]}
RESULT: {"actions":[{"id":"action22","type":"key","parameters":{},"actions":[{"type":"keyDown","value":""},{"type":"pause","duration":10},{"type":"keyUp","value":""}]}]}
COMMAND: GET /session/2c26340218390abaea45fe4d98ab669b/screenshot - {}
RESULT: {}
COMMAND: POST /session/2c26340218390abaea45fe4d98ab669b/element - {"using":"xpath","value":"//button[@data-kt=\"saveButton\"]"}
RESULT: {"using":"xpath","value":"//button[@data-kt=\"saveButton\"]"}
COMMAND: POST /session/2c26340218390abaea45fe4d98ab669b/element/f.17291DB1E67CD9F3C23A369F0CDF7328.d.FEE7D869A5C88C7948B8A32F81AE71D6.e.9381/click - {}
RESULT: {}
COMMAND: GET /session/2c26340218390abaea45fe4d98ab669b/screenshot - {}
RESULT: {}
RESULT: undefined
COMMAND: POST /session/2c26340218390abaea45fe4d98ab669b/execute/async - {"script":"<script> [6424 bytes]","args":[{"element-6066-11e4-a52e-4f735466cecf":"f.17291DB1E67CD9F3C23A369F0CDF7328.d.FEE7D869A5C88C7948B8A32F81AE71D6.e.9272"},"getText",[]]}
RESULT: {"script":"<script> [6424 bytes]","args":[{"element-6066-11e4-a52e-4f735466cecf":"f.17291DB1E67CD9F3C23A369F0CDF7328.d.FEE7D869A5C88C7948B8A32F81AE71D6.e.9272"},"getText",[]]}
COMMAND: POST /session/2c26340218390abaea45fe4d98ab669b/element - {"using":"css selector","value":"#j_username"}
COMMAND: POST /session/2c26340218390abaea45fe4d98ab669b/url - {"url":"https://qa-testing-00-live-etm-ui.cfapps.eu10-004.hana.ondemand.com/"}
RESULT: {"url":"https://qa-testing-00-live-etm-ui.cfapps.eu10-004.hana.ondemand.com/"}
RESULT: undefined
COMMAND: GET /session/2c26340218390abaea45fe4d98ab669b/screenshot - {}
RESULT: {"using":"css selector","value":"#j_username"}
COMMAND: POST /session/2c26340218390abaea45fe4d98ab669b/element - {"using":"css selector","value":"#j_username"}
RESULT: {}
RESULT: {"using":"css selector","value":"#j_username"}
COMMAND: POST /session/2c26340218390abaea45fe4d98ab669b/element - {"using":"css selector","value":"#shell-header-logo"}
RESULT: {"using":"css selector","value":"#shell-header-logo"}
COMMAND: POST /session/2c26340218390abaea45fe4d98ab669b/execute/sync - {"script":"<script> [8489 bytes]","args":[{"element-6066-11e4-a52e-4f735466cecf":"f.17291DB1E67CD9F3C23A369F0CDF7328.d.094DAE8725168D5C4D88E27589FC5397.e.9393","ELEMENT":"f.17291DB1E67CD9F3C23A369F0CDF7328.d.094DAE8725168D5C4D88E27589FC5397.e.9393"}]}
RESULT: {"script":"<script> [8489 bytes]","args":[{"element-6066-11e4-a52e-4f735466cecf":"f.17291DB1E67CD9F3C23A369F0CDF7328.d.094DAE8725168D5C4D88E27589FC5397.e.9393","ELEMENT":"f.17291DB1E67CD9F3C23A369F0CDF7328.d.094DAE8725168D5C4D88E27589FC5397.e.9393"}]}
COMMAND: POST /session/2c26340218390abaea45fe4d98ab669b/element - {"using":"css selector","value":"#shell-header-logo"}
COMMAND: GET /session/2c26340218390abaea45fe4d98ab669b/screenshot - {}
RESULT: {"using":"css selector","value":"#shell-header-logo"}
COMMAND: POST /session/2c26340218390abaea45fe4d98ab669b/execute/sync - {"script":"<script> [8489 bytes]","args":[{"element-6066-11e4-a52e-4f735466cecf":"f.17291DB1E67CD9F3C23A369F0CDF7328.d.094DAE8725168D5C4D88E27589FC5397.e.9393","ELEMENT":"f.17291DB1E67CD9F3C23A369F0CDF7328.d.094DAE8725168D5C4D88E27589FC5397.e.9393"}]}
RESULT: {}
RESULT: {"script":"<script> [8489 bytes]","args":[{"element-6066-11e4-a52e-4f735466cecf":"f.17291DB1E67CD9F3C23A369F0CDF7328.d.094DAE8725168D5C4D88E27589FC5397.e.9393","ELEMENT":"f.17291DB1E67CD9F3C23A369F0CDF7328.d.094DAE8725168D5C4D88E27589FC5397.e.9393"}]}
COMMAND: POST /session/2c26340218390abaea45fe4d98ab669b/execute/sync - {"script":"<script> [5351 bytes]","args":[{"element-6066-11e4-a52e-4f735466cecf":"f.17291DB1E67CD9F3C23A369F0CDF7328.d.094DAE8725168D5C4D88E27589FC5397.e.9393","ELEMENT":"f.17291DB1E67CD9F3C23A369F0CDF7328.d.094DAE8725168D5C4D88E27589FC5397.e.9393"}]}
COMMAND: GET /session/2c26340218390abaea45fe4d98ab669b/screenshot - {}
RESULT: {"script":"<script> [5351 bytes]","args":[{"element-6066-11e4-a52e-4f735466cecf":"f.17291DB1E67CD9F3C23A369F0CDF7328.d.094DAE8725168D5C4D88E27589FC5397.e.9393","ELEMENT":"f.17291DB1E67CD9F3C23A369F0CDF7328.d.094DAE8725168D5C4D88E27589FC5397.e.9393"}]}
COMMAND: POST /session/2c26340218390abaea45fe4d98ab669b/element - {"using":"css selector","value":"#shell-header-logo"}
COMMAND: GET /session/2c26340218390abaea45fe4d98ab669b/screenshot - {}
RESULT: {}
RESULT: {"using":"css selector","value":"#shell-header-logo"}
COMMAND: POST /session/2c26340218390abaea45fe4d98ab669b/element/f.17291DB1E67CD9F3C23A369F0CDF7328.d.094DAE8725168D5C4D88E27589FC5397.e.9393/click - {}
RESULT: {}
RESULT: {}
COMMAND: GET /session/2c26340218390abaea45fe4d98ab669b/screenshot - {}
RESULT: {}
COMMAND: POST /session/2c26340218390abaea45fe4d98ab669b/execute/async - {"script":"<script> [189 bytes]","args":[]}
RESULT: {"script":"<script> [189 bytes]","args":[]}
COMMAND: POST /session/2c26340218390abaea45fe4d98ab669b/execute/async - {"script":"<script> [123 bytes]","args":[]}
RESULT: {"script":"<script> [123 bytes]","args":[]}
COMMAND: POST /session/2c26340218390abaea45fe4d98ab669b/timeouts - {"script":"<number>"}
RESULT: {"script":"<number>"}
COMMAND: GET /session/2c26340218390abaea45fe4d98ab669b/timeouts - {}
RESULT: {}
RESULT: undefined
COMMAND: POST /session/2c26340218390abaea45fe4d98ab669b/execute/async - {"script":"<script> [2676 bytes]","args":[]}
RESULT: {"script":"<script> [2676 bytes]","args":[]}
COMMAND: POST /session/2c26340218390abaea45fe4d98ab669b/execute/async - {"script":"<script> [2342 bytes]","args":[{"protocol":"http","hostname":"0.0.0.0","path":"/","capabilities":{"browserName":"chrome","goog:chromeOptions":{"binary":"C:\\Program Files\\Google\\Chrome\\Application\\chrome.exe"}},"logLevel":"warn","connectionRetryTimeout":120000,"connectionRetryCount":3,"logLevels":{},"enableDirectConnect":true,"strictSSL":true,"_":"65 more keys: [\"cacheDir\",\"port\",\"requestedCapabilities\",\"automationProtocol\",\"baseUrl\",\"waitforInterval\",\"waitforTimeout\",\"onReload\",\"beforeCommand\",\"afterCommand\",\"rootDir\",\"specs\",\"suites\",\"exclude\",\"groupLogsByTestSpec\",\"excludeDriverLogs\",\"bail\",\"framework\",\"reporters\",\"services\",\"maxInstances\",\"maxInstancesPerCapability\",\"injectGlobals\",\"filesToWatch\",\"execArgv\",\"runnerEnv\",\"runner\",\"shard\",\"specFileRetries\",\"specFileRetriesDelay\",\"specFileRetriesDeferred\",\"reporterSyncInterval\",\"reporterSyncTimeout\",\"cucumberFeaturesWithLineNumbers\",\"autoCompileOpts\",\"mochaOpts\",\"jasmineOpts\",\"cucumberOpts\",\"onPrepare\",\"onWorkerStart\",\"onWorkerEnd\",\"before\",\"beforeSession\",\"beforeSuite\",\"beforeHook\",\"beforeTest\",\"afterTest\",\"afterHook\",\"afterSuite\",\"afterSession\",\"after\",\"onComplete\",\"beforeAssertion\",\"afterAssertion\",\"beforeFeature\",\"beforeScenario\",\"beforeStep\",\"afterStep\",\"afterScenario\",\"afterFeature\",\"_\",\"suite\",\"$0\",\"ignoredWorkerServices\",\"wdi5\"]"}]}
RESULT: {"script":"<script> [2342 bytes]","args":[{"protocol":"http","hostname":"0.0.0.0","path":"/","capabilities":{"browserName":"chrome","goog:chromeOptions":{"binary":"C:\\Program Files\\Google\\Chrome\\Application\\chrome.exe"}},"logLevel":"warn","connectionRetryTimeout":120000,"connectionRetryCount":3,"logLevels":{},"enableDirectConnect":true,"strictSSL":true,"_":"65 more keys: [\"cacheDir\",\"port\",\"requestedCapabilities\",\"automationProtocol\",\"baseUrl\",\"waitforInterval\",\"waitforTimeout\",\"onReload\",\"beforeCommand\",\"afterCommand\",\"rootDir\",\"specs\",\"suites\",\"exclude\",\"groupLogsByTestSpec\",\"excludeDriverLogs\",\"bail\",\"framework\",\"reporters\",\"services\",\"maxInstances\",\"maxInstancesPerCapability\",\"injectGlobals\",\"filesToWatch\",\"execArgv\",\"runnerEnv\",\"runner\",\"shard\",\"specFileRetries\",\"specFileRetriesDelay\",\"specFileRetriesDeferred\",\"reporterSyncInterval\",\"reporterSyncTimeout\",\"cucumberFeaturesWithLineNumbers\",\"autoCompileOpts\",\"mochaOpts\",\"jasmineOpts\",\"cucumberOpts\",\"onPrepare\",\"onWorkerStart\",\"onWorkerEnd\",\"before\",\"beforeSession\",\"beforeSuite\",\"beforeHook\",\"beforeTest\",\"afterTest\",\"afterHook\",\"afterSuite\",\"afterSession\",\"after\",\"onComplete\",\"beforeAssertion\",\"afterAssertion\",\"beforeFeature\",\"beforeScenario\",\"beforeStep\",\"afterStep\",\"afterScenario\",\"afterFeature\",\"_\",\"suite\",\"$0\",\"ignoredWorkerServices\",\"wdi5\"]"}]}
COMMAND: POST /session/2c26340218390abaea45fe4d98ab669b/execute/async - {"script":"<script> [21126 bytes]","args":[35000]}
RESULT: {"script":"<script> [21126 bytes]","args":[35000]}
COMMAND: POST /session/2c26340218390abaea45fe4d98ab669b/window/maximize - {}
RESULT: {}
COMMAND: POST /session/2c26340218390abaea45fe4d98ab669b/execute/async - {"script":"<script> [1562 bytes]","args":[{"selector":{"id":"shell-header","interaction":{"idSuffix":"icon"}},"wdio_ui5_key":"shellheader"}]}
COMMAND: GET /session/2c26340218390abaea45fe4d98ab669b/screenshot - {}
RESULT: {"script":"<script> [1562 bytes]","args":[{"selector":{"id":"shell-header","interaction":{"idSuffix":"icon"}},"wdio_ui5_key":"shellheader"}]}
RESULT: undefined
RESULT: {}
COMMAND: POST /session/2c26340218390abaea45fe4d98ab669b/execute/async - {"script":"<script> [1562 bytes]","args":[{"selector":{"controlType":"sap.m.GenericTile","properties":{"header":"Manage Sites"}},"wdio_ui5_key":"sapm.GenericTile{\"header\":\"Manage Sites\"}"}]}
RESULT: {"script":"<script> [1562 bytes]","args":[{"selector":{"controlType":"sap.m.GenericTile","properties":{"header":"Manage Sites"}},"wdio_ui5_key":"sapm.GenericTile{\"header\":\"Manage Sites\"}"}]}
RESULT: undefined
COMMAND: POST /session/2c26340218390abaea45fe4d98ab669b/element - {"using":"xpath","value":"//*[@id=\"__tile40\"]"}
RESULT: {"using":"xpath","value":"//*[@id=\"__tile40\"]"}
COMMAND: POST /session/2c26340218390abaea45fe4d98ab669b/element/f.17291DB1E67CD9F3C23A369F0CDF7328.d.094DAE8725168D5C4D88E27589FC5397.e.9397/click - {}
RESULT: {}
COMMAND: GET /session/2c26340218390abaea45fe4d98ab669b/screenshot - {}
]]></system-out>
    </testcase>
  </testsuite>
  <testsuite timestamp="2025-04-13T15:46:10" time="119.643" tests="2" failures="0" errors="0" skipped="0">
    <properties>
      <property name="specId" value="0"/>
      <property name="suiteName" value="Dynamic site option US120073"/>
      <property name="capabilities" value="chrome.135_0_7049_42.windows"/>
      <property name="file" value="file:///D:/a/1/s/test/specs/R2C/dynamic-site-option.spec.js"/>
    </properties>
    <testcase classname="chrome.135_0_7049_42.windows.Dynamic_site_option_US120073" name="Should create new site" time="69.17">
      <system-out><![CDATA[
COMMAND: POST /session/2c26340218390abaea45fe4d98ab669b/execute/async - {"script":"<script> [1562 bytes]","args":[{"selector":{"controlType":"sap.ui.core.Icon","viewName":"etm.portal.ui.managesites.view.Master","viewId":"application-managesites-display-component---masterSite","properties":{"src":{"regex":{"source":"add"}}}},"wdio_ui5_key":"etmportal.ui.managesites.view.Mastersap.ui.core.Icon{\"src\":{\"regex\":{\"source\":\"add\"}}}"}]}
RESULT: {}
RESULT: {"script":"<script> [1562 bytes]","args":[{"selector":{"controlType":"sap.ui.core.Icon","viewName":"etm.portal.ui.managesites.view.Master","viewId":"application-managesites-display-component---masterSite","properties":{"src":{"regex":{"source":"add"}}}},"wdio_ui5_key":"etmportal.ui.managesites.view.Mastersap.ui.core.Icon{\"src\":{\"regex\":{\"source\":\"add\"}}}"}]}
RESULT: undefined
COMMAND: POST /session/2c26340218390abaea45fe4d98ab669b/element - {"using":"xpath","value":"//*[@id=\"__button4-img\"]"}
RESULT: {"using":"xpath","value":"//*[@id=\"__button4-img\"]"}
COMMAND: POST /session/2c26340218390abaea45fe4d98ab669b/element/f.17291DB1E67CD9F3C23A369F0CDF7328.d.094DAE8725168D5C4D88E27589FC5397.e.9444/click - {}
RESULT: {}
COMMAND: POST /session/2c26340218390abaea45fe4d98ab669b/execute/async - {"script":"<script> [1562 bytes]","args":[{"selector":{"id":"application-managesites-display-component---NewSite--siteId","interaction":{"idSuffix":"inner"}},"wdio_ui5_key":"applicationmanagesites-display-component---NewSite--siteId"}]}
COMMAND: GET /session/2c26340218390abaea45fe4d98ab669b/screenshot - {}
RESULT: {"script":"<script> [1562 bytes]","args":[{"selector":{"id":"application-managesites-display-component---NewSite--siteId","interaction":{"idSuffix":"inner"}},"wdio_ui5_key":"applicationmanagesites-display-component---NewSite--siteId"}]}
RESULT: undefined
COMMAND: POST /session/2c26340218390abaea45fe4d98ab669b/execute/async - {"script":"<script> [1562 bytes]","args":[{"selector":{"id":"application-managesites-display-component---NewSite--addressDetailDetailsName1","interaction":{"idSuffix":"inner"}},"wdio_ui5_key":"applicationmanagesites-display-component---NewSite--addressDetailDetailsName1"}]}
RESULT: {}
RESULT: {"script":"<script> [1562 bytes]","args":[{"selector":{"id":"application-managesites-display-component---NewSite--addressDetailDetailsName1","interaction":{"idSuffix":"inner"}},"wdio_ui5_key":"applicationmanagesites-display-component---NewSite--addressDetailDetailsName1"}]}
RESULT: undefined
COMMAND: POST /session/2c26340218390abaea45fe4d98ab669b/execute/async - {"script":"<script> [776 bytes]","args":[{"enterText":"Webdriver Site tl179","selector":{"id":"application-managesites-display-component---NewSite--addressDetailDetailsName1","interaction":{"idSuffix":"inner"}},"clearTextFirst":true,"interactionType":"ENTER_TEXT"}]}
RESULT: {"script":"<script> [776 bytes]","args":[{"enterText":"Webdriver Site tl179","selector":{"id":"application-managesites-display-component---NewSite--addressDetailDetailsName1","interaction":{"idSuffix":"inner"}},"clearTextFirst":true,"interactionType":"ENTER_TEXT"}]}
COMMAND: POST /session/2c26340218390abaea45fe4d98ab669b/execute/async - {"script":"<script> [1562 bytes]","args":[{"selector":{"id":"application-managesites-display-component---NewSite--addressDetailDetailsLanguage","interaction":{"idSuffix":"inner"}},"wdio_ui5_key":"applicationmanagesites-display-component---NewSite--addressDetailDetailsLanguage"}]}
RESULT: {"script":"<script> [1562 bytes]","args":[{"selector":{"id":"application-managesites-display-component---NewSite--addressDetailDetailsLanguage","interaction":{"idSuffix":"inner"}},"wdio_ui5_key":"applicationmanagesites-display-component---NewSite--addressDetailDetailsLanguage"}]}
RESULT: undefined
COMMAND: POST /session/2c26340218390abaea45fe4d98ab669b/execute/async - {"script":"<script> [776 bytes]","args":[{"enterText":"Romanian","selector":{"id":"application-managesites-display-component---NewSite--addressDetailDetailsLanguage","interaction":{"idSuffix":"inner"}},"clearTextFirst":true,"interactionType":"ENTER_TEXT"}]}
RESULT: {"script":"<script> [776 bytes]","args":[{"enterText":"Romanian","selector":{"id":"application-managesites-display-component---NewSite--addressDetailDetailsLanguage","interaction":{"idSuffix":"inner"}},"clearTextFirst":true,"interactionType":"ENTER_TEXT"}]}
COMMAND: POST /session/2c26340218390abaea45fe4d98ab669b/execute/async - {"script":"<script> [1562 bytes]","args":[{"selector":{"id":"application-managesites-display-component---NewSite--addressDetailDetailsCity1","interaction":{"idSuffix":"inner"}},"wdio_ui5_key":"applicationmanagesites-display-component---NewSite--addressDetailDetailsCity1"}]}
RESULT: {"script":"<script> [1562 bytes]","args":[{"selector":{"id":"application-managesites-display-component---NewSite--addressDetailDetailsCity1","interaction":{"idSuffix":"inner"}},"wdio_ui5_key":"applicationmanagesites-display-component---NewSite--addressDetailDetailsCity1"}]}
RESULT: undefined
COMMAND: POST /session/2c26340218390abaea45fe4d98ab669b/execute/async - {"script":"<script> [776 bytes]","args":[{"enterText":"Bucharest","selector":{"id":"application-managesites-display-component---NewSite--addressDetailDetailsCity1","interaction":{"idSuffix":"inner"}},"clearTextFirst":true,"interactionType":"ENTER_TEXT"}]}
RESULT: {"script":"<script> [776 bytes]","args":[{"enterText":"Bucharest","selector":{"id":"application-managesites-display-component---NewSite--addressDetailDetailsCity1","interaction":{"idSuffix":"inner"}},"clearTextFirst":true,"interactionType":"ENTER_TEXT"}]}
COMMAND: POST /session/2c26340218390abaea45fe4d98ab669b/execute/async - {"script":"<script> [1562 bytes]","args":[{"selector":{"id":"application-managesites-display-component---NewSite--addressDetailDetailsCountry","interaction":{"idSuffix":"inner"}},"wdio_ui5_key":"applicationmanagesites-display-component---NewSite--addressDetailDetailsCountry"}]}
RESULT: {"script":"<script> [1562 bytes]","args":[{"selector":{"id":"application-managesites-display-component---NewSite--addressDetailDetailsCountry","interaction":{"idSuffix":"inner"}},"wdio_ui5_key":"applicationmanagesites-display-component---NewSite--addressDetailDetailsCountry"}]}
RESULT: undefined
COMMAND: POST /session/2c26340218390abaea45fe4d98ab669b/execute/async - {"script":"<script> [776 bytes]","args":[{"enterText":"Romania","selector":{"id":"application-managesites-display-component---NewSite--addressDetailDetailsCountry","interaction":{"idSuffix":"inner"}},"clearTextFirst":true,"interactionType":"ENTER_TEXT"}]}
RESULT: {"script":"<script> [776 bytes]","args":[{"enterText":"Romania","selector":{"id":"application-managesites-display-component---NewSite--addressDetailDetailsCountry","interaction":{"idSuffix":"inner"}},"clearTextFirst":true,"interactionType":"ENTER_TEXT"}]}
COMMAND: POST /session/2c26340218390abaea45fe4d98ab669b/execute/async - {"script":"<script> [1562 bytes]","args":[{"selector":{"id":"application-managesites-display-component---NewSite--addressDetailDetailsCalendar","interaction":{"idSuffix":"inner"}},"wdio_ui5_key":"applicationmanagesites-display-component---NewSite--addressDetailDetailsCalendar"}]}
RESULT: {"script":"<script> [1562 bytes]","args":[{"selector":{"id":"application-managesites-display-component---NewSite--addressDetailDetailsCalendar","interaction":{"idSuffix":"inner"}},"wdio_ui5_key":"applicationmanagesites-display-component---NewSite--addressDetailDetailsCalendar"}]}
RESULT: undefined
COMMAND: POST /session/2c26340218390abaea45fe4d98ab669b/execute/async - {"script":"<script> [776 bytes]","args":[{"enterText":"Germany","selector":{"id":"application-managesites-display-component---NewSite--addressDetailDetailsCalendar","interaction":{"idSuffix":"inner"}},"clearTextFirst":true,"interactionType":"ENTER_TEXT"}]}
RESULT: {"script":"<script> [776 bytes]","args":[{"enterText":"Germany","selector":{"id":"application-managesites-display-component---NewSite--addressDetailDetailsCalendar","interaction":{"idSuffix":"inner"}},"clearTextFirst":true,"interactionType":"ENTER_TEXT"}]}
COMMAND: POST /session/2c26340218390abaea45fe4d98ab669b/execute/async - {"script":"<script> [1562 bytes]","args":[{"selector":{"id":"application-managesites-display-component---NewSite--addressEditDetailsCostObjectCstType-arrow"},"wdio_ui5_key":"applicationmanagesites-display-component---NewSite--addressEditDetailsCostObjectCstType-arrow"}]}
RESULT: {"script":"<script> [1562 bytes]","args":[{"selector":{"id":"application-managesites-display-component---NewSite--addressEditDetailsCostObjectCstType-arrow"},"wdio_ui5_key":"applicationmanagesites-display-component---NewSite--addressEditDetailsCostObjectCstType-arrow"}]}
RESULT: undefined
COMMAND: POST /session/2c26340218390abaea45fe4d98ab669b/element - {"using":"xpath","value":"//*[@id=\"application-managesites-display-component---NewSite--addressEditDetailsCostObjectCstType-arrow\"]"}
RESULT: {"using":"xpath","value":"//*[@id=\"application-managesites-display-component---NewSite--addressEditDetailsCostObjectCstType-arrow\"]"}
COMMAND: POST /session/2c26340218390abaea45fe4d98ab669b/element/f.17291DB1E67CD9F3C23A369F0CDF7328.d.094DAE8725168D5C4D88E27589FC5397.e.9816/click - {}
RESULT: {}
COMMAND: POST /session/2c26340218390abaea45fe4d98ab669b/element - {"using":"xpath","value":"//span[contains(text(), \"Work Breakdown Structure\")]"}
COMMAND: GET /session/2c26340218390abaea45fe4d98ab669b/screenshot - {}
RESULT: {"using":"xpath","value":"//span[contains(text(), \"Work Breakdown Structure\")]"}
COMMAND: POST /session/2c26340218390abaea45fe4d98ab669b/element/f.17291DB1E67CD9F3C23A369F0CDF7328.d.094DAE8725168D5C4D88E27589FC5397.e.9817/click - {}
RESULT: {}
RESULT: {}
COMMAND: GET /session/2c26340218390abaea45fe4d98ab669b/screenshot - {}
RESULT: {}
COMMAND: POST /session/2c26340218390abaea45fe4d98ab669b/execute/async - {"script":"<script> [1562 bytes]","args":[{"selector":{"id":"application-managesites-display-component---NewSite--addressNewCostObjectCstID-vhi"},"wdio_ui5_key":"applicationmanagesites-display-component---NewSite--addressNewCostObjectCstID-vhi"}]}
RESULT: {"script":"<script> [1562 bytes]","args":[{"selector":{"id":"application-managesites-display-component---NewSite--addressNewCostObjectCstID-vhi"},"wdio_ui5_key":"applicationmanagesites-display-component---NewSite--addressNewCostObjectCstID-vhi"}]}
RESULT: undefined
COMMAND: POST /session/2c26340218390abaea45fe4d98ab669b/element - {"using":"xpath","value":"//*[@id=\"application-managesites-display-component---NewSite--addressNewCostObjectCstID-vhi\"]"}
RESULT: {"using":"xpath","value":"//*[@id=\"application-managesites-display-component---NewSite--addressNewCostObjectCstID-vhi\"]"}
COMMAND: POST /session/2c26340218390abaea45fe4d98ab669b/element/f.17291DB1E67CD9F3C23A369F0CDF7328.d.094DAE8725168D5C4D88E27589FC5397.e.9821/click - {}
RESULT: {}
COMMAND: GET /session/2c26340218390abaea45fe4d98ab669b/screenshot - {}
RESULT: {}
COMMAND: POST /session/2c26340218390abaea45fe4d98ab669b/execute/async - {"script":"<script> [1562 bytes]","args":[{"selector":{"controlType":"sap.m.SearchField","properties":{"placeholder":"Search"},"searchOpenDialogs":true,"interaction":{"idSuffix":"I"}},"wdio_ui5_key":"sapm.SearchField{\"placeholder\":\"Search\"}"}]}
RESULT: {"script":"<script> [1562 bytes]","args":[{"selector":{"controlType":"sap.m.SearchField","properties":{"placeholder":"Search"},"searchOpenDialogs":true,"interaction":{"idSuffix":"I"}},"wdio_ui5_key":"sapm.SearchField{\"placeholder\":\"Search\"}"}]}
RESULT: undefined
COMMAND: POST /session/2c26340218390abaea45fe4d98ab669b/execute/async - {"script":"<script> [776 bytes]","args":[{"enterText":"A1-000100-01","selector":{"controlType":"sap.m.SearchField","properties":{"placeholder":"Search"},"searchOpenDialogs":true,"interaction":{"idSuffix":"I"}},"clearTextFirst":true,"interactionType":"ENTER_TEXT"}]}
RESULT: {"script":"<script> [776 bytes]","args":[{"enterText":"A1-000100-01","selector":{"controlType":"sap.m.SearchField","properties":{"placeholder":"Search"},"searchOpenDialogs":true,"interaction":{"idSuffix":"I"}},"clearTextFirst":true,"interactionType":"ENTER_TEXT"}]}
COMMAND: POST /session/2c26340218390abaea45fe4d98ab669b/actions - {"actions":[{"id":"action23","type":"key","parameters":{},"actions":[{"type":"keyDown","value":""},{"type":"pause","duration":10},{"type":"keyUp","value":""}]}]}
RESULT: {"actions":[{"id":"action23","type":"key","parameters":{},"actions":[{"type":"keyDown","value":""},{"type":"pause","duration":10},{"type":"keyUp","value":""}]}]}
COMMAND: GET /session/2c26340218390abaea45fe4d98ab669b/screenshot - {}
RESULT: {}
COMMAND: POST /session/2c26340218390abaea45fe4d98ab669b/element - {"using":"xpath","value":"//span[contains(text(), \"Template for ETO-Process\")]"}
RESULT: {"using":"xpath","value":"//span[contains(text(), \"Template for ETO-Process\")]"}
COMMAND: POST /session/2c26340218390abaea45fe4d98ab669b/element/f.17291DB1E67CD9F3C23A369F0CDF7328.d.094DAE8725168D5C4D88E27589FC5397.e.9840/click - {}
RESULT: {}
COMMAND: GET /session/2c26340218390abaea45fe4d98ab669b/screenshot - {}
RESULT: {}
COMMAND: POST /session/2c26340218390abaea45fe4d98ab669b/element - {"using":"xpath","value":"//bdi[contains(text(), \"OK\")]"}
RESULT: {"using":"xpath","value":"//bdi[contains(text(), \"OK\")]"}
COMMAND: POST /session/2c26340218390abaea45fe4d98ab669b/element/f.17291DB1E67CD9F3C23A369F0CDF7328.d.094DAE8725168D5C4D88E27589FC5397.e.9841/click - {}
RESULT: {}
COMMAND: GET /session/2c26340218390abaea45fe4d98ab669b/screenshot - {}
RESULT: {}
COMMAND: POST /session/2c26340218390abaea45fe4d98ab669b/element - {"using":"xpath","value":"//input[@id=\"application-managesites-display-component---NewSite--addressDetailDetailsYard-inner\"]"}
RESULT: {"using":"xpath","value":"//input[@id=\"application-managesites-display-component---NewSite--addressDetailDetailsYard-inner\"]"}
COMMAND: POST /session/2c26340218390abaea45fe4d98ab669b/element/f.17291DB1E67CD9F3C23A369F0CDF7328.d.094DAE8725168D5C4D88E27589FC5397.e.9619/value - {"text":"webdriver"}
RESULT: {"text":"webdriver"}
COMMAND: GET /session/2c26340218390abaea45fe4d98ab669b/screenshot - {}
RESULT: {}
COMMAND: POST /session/2c26340218390abaea45fe4d98ab669b/actions - {"actions":[{"id":"action24","type":"key","parameters":{},"actions":[{"type":"keyDown","value":""},{"type":"pause","duration":10},{"type":"keyUp","value":""}]}]}
RESULT: {"actions":[{"id":"action24","type":"key","parameters":{},"actions":[{"type":"keyDown","value":""},{"type":"pause","duration":10},{"type":"keyUp","value":""}]}]}
COMMAND: GET /session/2c26340218390abaea45fe4d98ab669b/screenshot - {}
RESULT: {}
COMMAND: POST /session/2c26340218390abaea45fe4d98ab669b/element - {"using":"xpath","value":"//input[@id=\"application-managesites-display-component---NewSite--addressDetailDetailsPartner-inner\"]"}
RESULT: {"using":"xpath","value":"//input[@id=\"application-managesites-display-component---NewSite--addressDetailDetailsPartner-inner\"]"}
COMMAND: POST /session/2c26340218390abaea45fe4d98ab669b/elements - {"using":"xpath","value":"//input[@id=\"application-managesites-display-component---NewSite--addressDetailDetailsPartner-inner\"]"}
RESULT: {"using":"xpath","value":"//input[@id=\"application-managesites-display-component---NewSite--addressDetailDetailsPartner-inner\"]"}
COMMAND: POST /session/2c26340218390abaea45fe4d98ab669b/execute/async - {"script":"<script> [1562 bytes]","args":[{"selector":{"controlType":"sap.m.Button","viewName":"etm.portal.ui.managesites.view.NewSmartSite","viewId":"application-managesites-display-component---NewSite","properties":{"text":"Commercial"},"interaction":{"idSuffix":"BDI-content"}},"wdio_ui5_key":"etmportal.ui.managesites.view.NewSmartSitesap.m.Button{\"text\":\"Commercial\"}"}]}
RESULT: {"script":"<script> [1562 bytes]","args":[{"selector":{"controlType":"sap.m.Button","viewName":"etm.portal.ui.managesites.view.NewSmartSite","viewId":"application-managesites-display-component---NewSite","properties":{"text":"Commercial"},"interaction":{"idSuffix":"BDI-content"}},"wdio_ui5_key":"etmportal.ui.managesites.view.NewSmartSitesap.m.Button{\"text\":\"Commercial\"}"}]}
RESULT: undefined
COMMAND: POST /session/2c26340218390abaea45fe4d98ab669b/element - {"using":"xpath","value":"//*[@id=\"application-managesites-display-component---NewSite--ObjectPageLayout-anchBar-__section5-anchor\"]"}
RESULT: {"using":"xpath","value":"//*[@id=\"application-managesites-display-component---NewSite--ObjectPageLayout-anchBar-__section5-anchor\"]"}
COMMAND: POST /session/2c26340218390abaea45fe4d98ab669b/element/f.17291DB1E67CD9F3C23A369F0CDF7328.d.094DAE8725168D5C4D88E27589FC5397.e.9848/click - {}
RESULT: {}
COMMAND: POST /session/2c26340218390abaea45fe4d98ab669b/execute/async - {"script":"<script> [1562 bytes]","args":[{"selector":{"controlType":"sap.m.Button","viewName":"etm.portal.ui.managesites.view.NewSmartSite","viewId":"application-managesites-display-component---NewSite","i18NText":{"propertyName":"text","key":"save"},"interaction":{"idSuffix":"BDI-content"}},"wdio_ui5_key":"etmportal.ui.managesites.view.NewSmartSitesap.m.Button{\"propertyName\":\"text\",\"key\":\"save\"}"}]}
COMMAND: GET /session/2c26340218390abaea45fe4d98ab669b/screenshot - {}
RESULT: {"script":"<script> [1562 bytes]","args":[{"selector":{"controlType":"sap.m.Button","viewName":"etm.portal.ui.managesites.view.NewSmartSite","viewId":"application-managesites-display-component---NewSite","i18NText":{"propertyName":"text","key":"save"},"interaction":{"idSuffix":"BDI-content"}},"wdio_ui5_key":"etmportal.ui.managesites.view.NewSmartSitesap.m.Button{\"propertyName\":\"text\",\"key\":\"save\"}"}]}
RESULT: undefined
COMMAND: POST /session/2c26340218390abaea45fe4d98ab669b/element - {"using":"xpath","value":"//*[@id=\"__button16\"]"}
RESULT: {}
RESULT: {"using":"xpath","value":"//*[@id=\"__button16\"]"}
COMMAND: POST /session/2c26340218390abaea45fe4d98ab669b/element/f.17291DB1E67CD9F3C23A369F0CDF7328.d.094DAE8725168D5C4D88E27589FC5397.e.9792/click - {}
RESULT: {}
COMMAND: GET /session/2c26340218390abaea45fe4d98ab669b/screenshot - {}
RESULT: {}
COMMAND: POST /session/2c26340218390abaea45fe4d98ab669b/execute/async - {"script":"<script> [1562 bytes]","args":[{"selector":{"id":"application-managesites-display-component---detailSite--addressDetailDetailsYardText"},"wdio_ui5_key":"applicationmanagesites-display-component---detailSite--addressDetailDetailsYardText"}]}
RESULT: {"script":"<script> [1562 bytes]","args":[{"selector":{"id":"application-managesites-display-component---detailSite--addressDetailDetailsYardText"},"wdio_ui5_key":"applicationmanagesites-display-component---detailSite--addressDetailDetailsYardText"}]}
RESULT: undefined
COMMAND: POST /session/2c26340218390abaea45fe4d98ab669b/execute/async - {"script":"<script> [1562 bytes]","args":[{"selector":{"controlType":"sap.m.Label","viewName":"etm.portal.ui.managesites.view.Detail","viewId":"application-managesites-display-component---detailSite","i18NText":{"propertyName":"text","key":"status"}},"wdio_ui5_key":"etmportal.ui.managesites.view.Detailsap.m.Label{\"propertyName\":\"text\",\"key\":\"status\"}"}]}
RESULT: {"script":"<script> [1562 bytes]","args":[{"selector":{"controlType":"sap.m.Label","viewName":"etm.portal.ui.managesites.view.Detail","viewId":"application-managesites-display-component---detailSite","i18NText":{"propertyName":"text","key":"status"}},"wdio_ui5_key":"etmportal.ui.managesites.view.Detailsap.m.Label{\"propertyName\":\"text\",\"key\":\"status\"}"}]}
RESULT: undefined
COMMAND: POST /session/2c26340218390abaea45fe4d98ab669b/execute/async - {"script":"<script> [6424 bytes]","args":[{"element-6066-11e4-a52e-4f735466cecf":"f.17291DB1E67CD9F3C23A369F0CDF7328.d.094DAE8725168D5C4D88E27589FC5397.e.10031"},"getText",[]]}
RESULT: {"script":"<script> [6424 bytes]","args":[{"element-6066-11e4-a52e-4f735466cecf":"f.17291DB1E67CD9F3C23A369F0CDF7328.d.094DAE8725168D5C4D88E27589FC5397.e.10031"},"getText",[]]}
]]></system-out>
    </testcase>
    <testcase classname="chrome.135_0_7049_42.windows.Dynamic_site_option_US120073" name="Should edit partner field" time="16.242">
      <system-out><![CDATA[
COMMAND: POST /session/2c26340218390abaea45fe4d98ab669b/execute/async - {"script":"<script> [1562 bytes]","args":[{"selector":{"controlType":"sap.m.Button","viewName":"etm.portal.ui.managesites.view.Detail","viewId":"application-managesites-display-component---detailSite","i18NText":{"propertyName":"text","key":"edit"},"interaction":{"idSuffix":"content"}},"wdio_ui5_key":"etmportal.ui.managesites.view.Detailsap.m.Button{\"propertyName\":\"text\",\"key\":\"edit\"}"}]}
RESULT: {"script":"<script> [1562 bytes]","args":[{"selector":{"controlType":"sap.m.Button","viewName":"etm.portal.ui.managesites.view.Detail","viewId":"application-managesites-display-component---detailSite","i18NText":{"propertyName":"text","key":"edit"},"interaction":{"idSuffix":"content"}},"wdio_ui5_key":"etmportal.ui.managesites.view.Detailsap.m.Button{\"propertyName\":\"text\",\"key\":\"edit\"}"}]}
RESULT: undefined
COMMAND: POST /session/2c26340218390abaea45fe4d98ab669b/element - {"using":"xpath","value":"//*[@id=\"__button35\"]"}
RESULT: {"using":"xpath","value":"//*[@id=\"__button35\"]"}
COMMAND: POST /session/2c26340218390abaea45fe4d98ab669b/element/f.17291DB1E67CD9F3C23A369F0CDF7328.d.094DAE8725168D5C4D88E27589FC5397.e.10043/click - {}
RESULT: {}
COMMAND: GET /session/2c26340218390abaea45fe4d98ab669b/screenshot - {}
RESULT: {}
COMMAND: POST /session/2c26340218390abaea45fe4d98ab669b/element - {"using":"xpath","value":"//bdi[contains(text(), \"Commercial\")]"}
RESULT: {"using":"xpath","value":"//bdi[contains(text(), \"Commercial\")]"}
COMMAND: POST /session/2c26340218390abaea45fe4d98ab669b/element/f.17291DB1E67CD9F3C23A369F0CDF7328.d.094DAE8725168D5C4D88E27589FC5397.e.10230/click - {}
RESULT: {}
COMMAND: POST /session/2c26340218390abaea45fe4d98ab669b/element - {"using":"xpath","value":"//input[@id=\"application-managesites-display-component---NewSite--addressDetailDetailsPartner-inner\"]"}
COMMAND: GET /session/2c26340218390abaea45fe4d98ab669b/screenshot - {}
RESULT: {"using":"xpath","value":"//input[@id=\"application-managesites-display-component---NewSite--addressDetailDetailsPartner-inner\"]"}
COMMAND: POST /session/2c26340218390abaea45fe4d98ab669b/elements - {"using":"xpath","value":"//input[@id=\"application-managesites-display-component---NewSite--addressDetailDetailsPartner-inner\"]"}
RESULT: {}
RESULT: {"using":"xpath","value":"//input[@id=\"application-managesites-display-component---NewSite--addressDetailDetailsPartner-inner\"]"}
COMMAND: POST /session/2c26340218390abaea45fe4d98ab669b/element - {"using":"xpath","value":"//bdi[contains(text(), \"Save\")]"}
RESULT: {"using":"xpath","value":"//bdi[contains(text(), \"Save\")]"}
COMMAND: POST /session/2c26340218390abaea45fe4d98ab669b/element - {"using":"css selector","value":"#j_username"}
COMMAND: POST /session/2c26340218390abaea45fe4d98ab669b/url - {"url":"https://qa-testing-00-live-etm-ui.cfapps.eu10-004.hana.ondemand.com/"}
RESULT: {"url":"https://qa-testing-00-live-etm-ui.cfapps.eu10-004.hana.ondemand.com/"}
RESULT: undefined
COMMAND: GET /session/2c26340218390abaea45fe4d98ab669b/screenshot - {}
RESULT: {"using":"css selector","value":"#j_username"}
COMMAND: POST /session/2c26340218390abaea45fe4d98ab669b/element - {"using":"css selector","value":"#j_username"}
RESULT: {}
RESULT: {"using":"css selector","value":"#j_username"}
COMMAND: POST /session/2c26340218390abaea45fe4d98ab669b/element - {"using":"css selector","value":"#shell-header-logo"}
RESULT: {"using":"css selector","value":"#shell-header-logo"}
COMMAND: POST /session/2c26340218390abaea45fe4d98ab669b/execute/sync - {"script":"<script> [8489 bytes]","args":[{"element-6066-11e4-a52e-4f735466cecf":"f.17291DB1E67CD9F3C23A369F0CDF7328.d.C5010CB1EE21283123275FDD6394DE14.e.10259","ELEMENT":"f.17291DB1E67CD9F3C23A369F0CDF7328.d.C5010CB1EE21283123275FDD6394DE14.e.10259"}]}
RESULT: {"script":"<script> [8489 bytes]","args":[{"element-6066-11e4-a52e-4f735466cecf":"f.17291DB1E67CD9F3C23A369F0CDF7328.d.C5010CB1EE21283123275FDD6394DE14.e.10259","ELEMENT":"f.17291DB1E67CD9F3C23A369F0CDF7328.d.C5010CB1EE21283123275FDD6394DE14.e.10259"}]}
COMMAND: POST /session/2c26340218390abaea45fe4d98ab669b/element - {"using":"css selector","value":"#shell-header-logo"}
COMMAND: GET /session/2c26340218390abaea45fe4d98ab669b/screenshot - {}
RESULT: {"using":"css selector","value":"#shell-header-logo"}
COMMAND: POST /session/2c26340218390abaea45fe4d98ab669b/execute/sync - {"script":"<script> [8489 bytes]","args":[{"element-6066-11e4-a52e-4f735466cecf":"f.17291DB1E67CD9F3C23A369F0CDF7328.d.C5010CB1EE21283123275FDD6394DE14.e.10259","ELEMENT":"f.17291DB1E67CD9F3C23A369F0CDF7328.d.C5010CB1EE21283123275FDD6394DE14.e.10259"}]}
RESULT: {}
RESULT: {"script":"<script> [8489 bytes]","args":[{"element-6066-11e4-a52e-4f735466cecf":"f.17291DB1E67CD9F3C23A369F0CDF7328.d.C5010CB1EE21283123275FDD6394DE14.e.10259","ELEMENT":"f.17291DB1E67CD9F3C23A369F0CDF7328.d.C5010CB1EE21283123275FDD6394DE14.e.10259"}]}
COMMAND: POST /session/2c26340218390abaea45fe4d98ab669b/execute/sync - {"script":"<script> [5351 bytes]","args":[{"element-6066-11e4-a52e-4f735466cecf":"f.17291DB1E67CD9F3C23A369F0CDF7328.d.C5010CB1EE21283123275FDD6394DE14.e.10259","ELEMENT":"f.17291DB1E67CD9F3C23A369F0CDF7328.d.C5010CB1EE21283123275FDD6394DE14.e.10259"}]}
COMMAND: GET /session/2c26340218390abaea45fe4d98ab669b/screenshot - {}
RESULT: {"script":"<script> [5351 bytes]","args":[{"element-6066-11e4-a52e-4f735466cecf":"f.17291DB1E67CD9F3C23A369F0CDF7328.d.C5010CB1EE21283123275FDD6394DE14.e.10259","ELEMENT":"f.17291DB1E67CD9F3C23A369F0CDF7328.d.C5010CB1EE21283123275FDD6394DE14.e.10259"}]}
COMMAND: POST /session/2c26340218390abaea45fe4d98ab669b/element - {"using":"css selector","value":"#shell-header-logo"}
COMMAND: GET /session/2c26340218390abaea45fe4d98ab669b/screenshot - {}
RESULT: {}
RESULT: {"using":"css selector","value":"#shell-header-logo"}
COMMAND: POST /session/2c26340218390abaea45fe4d98ab669b/element/f.17291DB1E67CD9F3C23A369F0CDF7328.d.C5010CB1EE21283123275FDD6394DE14.e.10259/click - {}
RESULT: {}
RESULT: {}
COMMAND: GET /session/2c26340218390abaea45fe4d98ab669b/screenshot - {}
RESULT: {}
COMMAND: POST /session/2c26340218390abaea45fe4d98ab669b/execute/async - {"script":"<script> [189 bytes]","args":[]}
RESULT: {"script":"<script> [189 bytes]","args":[]}
COMMAND: POST /session/2c26340218390abaea45fe4d98ab669b/execute/async - {"script":"<script> [123 bytes]","args":[]}
RESULT: {"script":"<script> [123 bytes]","args":[]}
COMMAND: POST /session/2c26340218390abaea45fe4d98ab669b/timeouts - {"script":"<number>"}
RESULT: {"script":"<number>"}
COMMAND: GET /session/2c26340218390abaea45fe4d98ab669b/timeouts - {}
RESULT: {}
RESULT: undefined
COMMAND: POST /session/2c26340218390abaea45fe4d98ab669b/execute/async - {"script":"<script> [2676 bytes]","args":[]}
RESULT: {"script":"<script> [2676 bytes]","args":[]}
COMMAND: POST /session/2c26340218390abaea45fe4d98ab669b/execute/async - {"script":"<script> [2342 bytes]","args":[{"protocol":"http","hostname":"0.0.0.0","path":"/","capabilities":{"browserName":"chrome","goog:chromeOptions":{"binary":"C:\\Program Files\\Google\\Chrome\\Application\\chrome.exe"}},"logLevel":"warn","connectionRetryTimeout":120000,"connectionRetryCount":3,"logLevels":{},"enableDirectConnect":true,"strictSSL":true,"_":"65 more keys: [\"cacheDir\",\"port\",\"requestedCapabilities\",\"automationProtocol\",\"baseUrl\",\"waitforInterval\",\"waitforTimeout\",\"onReload\",\"beforeCommand\",\"afterCommand\",\"rootDir\",\"specs\",\"suites\",\"exclude\",\"groupLogsByTestSpec\",\"excludeDriverLogs\",\"bail\",\"framework\",\"reporters\",\"services\",\"maxInstances\",\"maxInstancesPerCapability\",\"injectGlobals\",\"filesToWatch\",\"execArgv\",\"runnerEnv\",\"runner\",\"shard\",\"specFileRetries\",\"specFileRetriesDelay\",\"specFileRetriesDeferred\",\"reporterSyncInterval\",\"reporterSyncTimeout\",\"cucumberFeaturesWithLineNumbers\",\"autoCompileOpts\",\"mochaOpts\",\"jasmineOpts\",\"cucumberOpts\",\"onPrepare\",\"onWorkerStart\",\"onWorkerEnd\",\"before\",\"beforeSession\",\"beforeSuite\",\"beforeHook\",\"beforeTest\",\"afterTest\",\"afterHook\",\"afterSuite\",\"afterSession\",\"after\",\"onComplete\",\"beforeAssertion\",\"afterAssertion\",\"beforeFeature\",\"beforeScenario\",\"beforeStep\",\"afterStep\",\"afterScenario\",\"afterFeature\",\"_\",\"suite\",\"$0\",\"ignoredWorkerServices\",\"wdi5\"]"}]}
RESULT: {"script":"<script> [2342 bytes]","args":[{"protocol":"http","hostname":"0.0.0.0","path":"/","capabilities":{"browserName":"chrome","goog:chromeOptions":{"binary":"C:\\Program Files\\Google\\Chrome\\Application\\chrome.exe"}},"logLevel":"warn","connectionRetryTimeout":120000,"connectionRetryCount":3,"logLevels":{},"enableDirectConnect":true,"strictSSL":true,"_":"65 more keys: [\"cacheDir\",\"port\",\"requestedCapabilities\",\"automationProtocol\",\"baseUrl\",\"waitforInterval\",\"waitforTimeout\",\"onReload\",\"beforeCommand\",\"afterCommand\",\"rootDir\",\"specs\",\"suites\",\"exclude\",\"groupLogsByTestSpec\",\"excludeDriverLogs\",\"bail\",\"framework\",\"reporters\",\"services\",\"maxInstances\",\"maxInstancesPerCapability\",\"injectGlobals\",\"filesToWatch\",\"execArgv\",\"runnerEnv\",\"runner\",\"shard\",\"specFileRetries\",\"specFileRetriesDelay\",\"specFileRetriesDeferred\",\"reporterSyncInterval\",\"reporterSyncTimeout\",\"cucumberFeaturesWithLineNumbers\",\"autoCompileOpts\",\"mochaOpts\",\"jasmineOpts\",\"cucumberOpts\",\"onPrepare\",\"onWorkerStart\",\"onWorkerEnd\",\"before\",\"beforeSession\",\"beforeSuite\",\"beforeHook\",\"beforeTest\",\"afterTest\",\"afterHook\",\"afterSuite\",\"afterSession\",\"after\",\"onComplete\",\"beforeAssertion\",\"afterAssertion\",\"beforeFeature\",\"beforeScenario\",\"beforeStep\",\"afterStep\",\"afterScenario\",\"afterFeature\",\"_\",\"suite\",\"$0\",\"ignoredWorkerServices\",\"wdi5\"]"}]}
COMMAND: POST /session/2c26340218390abaea45fe4d98ab669b/execute/async - {"script":"<script> [21126 bytes]","args":[35000]}
RESULT: {"script":"<script> [21126 bytes]","args":[35000]}
COMMAND: POST /session/2c26340218390abaea45fe4d98ab669b/window/maximize - {}
RESULT: {}
COMMAND: POST /session/2c26340218390abaea45fe4d98ab669b/execute/async - {"script":"<script> [1562 bytes]","args":[{"selector":{"id":"shell-header","interaction":{"idSuffix":"icon"}},"wdio_ui5_key":"shellheader"}]}
COMMAND: GET /session/2c26340218390abaea45fe4d98ab669b/screenshot - {}
RESULT: {"script":"<script> [1562 bytes]","args":[{"selector":{"id":"shell-header","interaction":{"idSuffix":"icon"}},"wdio_ui5_key":"shellheader"}]}
RESULT: undefined
RESULT: {}
]]></system-out>
    </testcase>
  </testsuite>
  <testsuite timestamp="2025-04-13T15:48:10" time="453.968" tests="5" failures="0" errors="0" skipped="0">
    <properties>
      <property name="specId" value="0"/>
      <property name="suiteName" value="Warehouse movements inventory test"/>
      <property name="capabilities" value="chrome.135_0_7049_42.windows"/>
      <property name="file" value="file:///D:/a/1/s/test/specs/R2C/create-resource.spec.js"/>
    </properties>
    <testcase classname="chrome.135_0_7049_42.windows.Warehouse_movements_inventory_test" name="Should create a new WHM yard" time="123.903">
      <system-out><![CDATA[
COMMAND: POST /session/2c26340218390abaea45fe4d98ab669b/execute/async - {"script":"<script> [1562 bytes]","args":[{"selector":{"controlType":"sap.m.GenericTile","properties":{"header":"Manage Yards"}},"wdio_ui5_key":"sapm.GenericTile{\"header\":\"Manage Yards\"}"}]}
RESULT: {"script":"<script> [1562 bytes]","args":[{"selector":{"controlType":"sap.m.GenericTile","properties":{"header":"Manage Yards"}},"wdio_ui5_key":"sapm.GenericTile{\"header\":\"Manage Yards\"}"}]}
RESULT: undefined
COMMAND: POST /session/2c26340218390abaea45fe4d98ab669b/element - {"using":"xpath","value":"//*[@id=\"__tile41\"]"}
RESULT: {"using":"xpath","value":"//*[@id=\"__tile41\"]"}
COMMAND: POST /session/2c26340218390abaea45fe4d98ab669b/element/f.17291DB1E67CD9F3C23A369F0CDF7328.d.C5010CB1EE21283123275FDD6394DE14.e.10272/click - {}
RESULT: {}
COMMAND: GET /session/2c26340218390abaea45fe4d98ab669b/screenshot - {}
RESULT: {}
COMMAND: POST /session/2c26340218390abaea45fe4d98ab669b/execute/async - {"script":"<script> [1562 bytes]","args":[{"selector":{"controlType":"sap.ui.core.Icon","viewName":"etm.portal.ui.manageyards.view.Master","viewId":"application-manageyards-display-component---masterYard","properties":{"src":{"regex":{"source":"add"}}}},"wdio_ui5_key":"etmportal.ui.manageyards.view.Mastersap.ui.core.Icon{\"src\":{\"regex\":{\"source\":\"add\"}}}"}]}
RESULT: {"script":"<script> [1562 bytes]","args":[{"selector":{"controlType":"sap.ui.core.Icon","viewName":"etm.portal.ui.manageyards.view.Master","viewId":"application-manageyards-display-component---masterYard","properties":{"src":{"regex":{"source":"add"}}}},"wdio_ui5_key":"etmportal.ui.manageyards.view.Mastersap.ui.core.Icon{\"src\":{\"regex\":{\"source\":\"add\"}}}"}]}
RESULT: undefined
COMMAND: POST /session/2c26340218390abaea45fe4d98ab669b/element - {"using":"xpath","value":"//*[@id=\"__button4-img\"]"}
RESULT: {"using":"xpath","value":"//*[@id=\"__button4-img\"]"}
COMMAND: POST /session/2c26340218390abaea45fe4d98ab669b/element/f.17291DB1E67CD9F3C23A369F0CDF7328.d.C5010CB1EE21283123275FDD6394DE14.e.10318/click - {}
RESULT: {}
COMMAND: GET /session/2c26340218390abaea45fe4d98ab669b/screenshot - {}
RESULT: {}
COMMAND: POST /session/2c26340218390abaea45fe4d98ab669b/execute/async - {"script":"<script> [1562 bytes]","args":[{"selector":{"id":"application-manageyards-display-component---NewYard--yardId","interaction":{"idSuffix":"inner"}},"wdio_ui5_key":"applicationmanageyards-display-component---NewYard--yardId"}]}
RESULT: {"script":"<script> [1562 bytes]","args":[{"selector":{"id":"application-manageyards-display-component---NewYard--yardId","interaction":{"idSuffix":"inner"}},"wdio_ui5_key":"applicationmanageyards-display-component---NewYard--yardId"}]}
RESULT: undefined
COMMAND: POST /session/2c26340218390abaea45fe4d98ab669b/element - {"using":"xpath","value":"//*[@id=\"application-manageyards-display-component---NewYard--addressDetailDetailsName1-inner\"]"}
RESULT: {"using":"xpath","value":"//*[@id=\"application-manageyards-display-component---NewYard--addressDetailDetailsName1-inner\"]"}
COMMAND: POST /session/2c26340218390abaea45fe4d98ab669b/element/f.17291DB1E67CD9F3C23A369F0CDF7328.d.C5010CB1EE21283123275FDD6394DE14.e.10531/clear - {}
RESULT: {}
COMMAND: POST /session/2c26340218390abaea45fe4d98ab669b/element/f.17291DB1E67CD9F3C23A369F0CDF7328.d.C5010CB1EE21283123275FDD6394DE14.e.10531/value - {"text":"WebdriverWHMYardqe52xi"}
COMMAND: GET /session/2c26340218390abaea45fe4d98ab669b/screenshot - {}
RESULT: {"text":"WebdriverWHMYardqe52xi"}
COMMAND: POST /session/2c26340218390abaea45fe4d98ab669b/element - {"using":"xpath","value":"//*[@id=\"application-manageyards-display-component---NewYard--addressDetailDetailsLanguage-inner\"]"}
COMMAND: GET /session/2c26340218390abaea45fe4d98ab669b/screenshot - {}
RESULT: {}
RESULT: {"using":"xpath","value":"//*[@id=\"application-manageyards-display-component---NewYard--addressDetailDetailsLanguage-inner\"]"}
COMMAND: POST /session/2c26340218390abaea45fe4d98ab669b/element/f.17291DB1E67CD9F3C23A369F0CDF7328.d.C5010CB1EE21283123275FDD6394DE14.e.10532/clear - {}
RESULT: {}
RESULT: {}
COMMAND: POST /session/2c26340218390abaea45fe4d98ab669b/element/f.17291DB1E67CD9F3C23A369F0CDF7328.d.C5010CB1EE21283123275FDD6394DE14.e.10532/value - {"text":"Romanian"}
COMMAND: GET /session/2c26340218390abaea45fe4d98ab669b/screenshot - {}
RESULT: {"text":"Romanian"}
COMMAND: POST /session/2c26340218390abaea45fe4d98ab669b/element - {"using":"xpath","value":"//input[contains(@id ,\"application-manageyards-display-component---NewYard--addressDetailDetailsName1-inner\")]"}
COMMAND: GET /session/2c26340218390abaea45fe4d98ab669b/screenshot - {}
RESULT: {}
RESULT: {"using":"xpath","value":"//input[contains(@id ,\"application-manageyards-display-component---NewYard--addressDetailDetailsName1-inner\")]"}
COMMAND: GET /session/2c26340218390abaea45fe4d98ab669b/element/f.17291DB1E67CD9F3C23A369F0CDF7328.d.C5010CB1EE21283123275FDD6394DE14.e.10531/property/value - {}
RESULT: {}
RESULT: {}
COMMAND: GET /session/2c26340218390abaea45fe4d98ab669b/screenshot - {}
RESULT: {}
COMMAND: POST /session/2c26340218390abaea45fe4d98ab669b/element - {"using":"xpath","value":"//*[@id=\"application-manageyards-display-component---NewYard--addressDetailDetailsCity1-inner\"]"}
RESULT: {"using":"xpath","value":"//*[@id=\"application-manageyards-display-component---NewYard--addressDetailDetailsCity1-inner\"]"}
COMMAND: POST /session/2c26340218390abaea45fe4d98ab669b/element/f.17291DB1E67CD9F3C23A369F0CDF7328.d.C5010CB1EE21283123275FDD6394DE14.e.10534/clear - {}
RESULT: {}
COMMAND: POST /session/2c26340218390abaea45fe4d98ab669b/element/f.17291DB1E67CD9F3C23A369F0CDF7328.d.C5010CB1EE21283123275FDD6394DE14.e.10534/value - {"text":"Bucuresti"}
COMMAND: GET /session/2c26340218390abaea45fe4d98ab669b/screenshot - {}
RESULT: {"text":"Bucuresti"}
COMMAND: GET /session/2c26340218390abaea45fe4d98ab669b/screenshot - {}
RESULT: {}
RESULT: {}
COMMAND: POST /session/2c26340218390abaea45fe4d98ab669b/element - {"using":"xpath","value":"//*[@id=\"application-manageyards-display-component---NewYard--addressDetailDetailsCountry-inner\"]"}
RESULT: {"using":"xpath","value":"//*[@id=\"application-manageyards-display-component---NewYard--addressDetailDetailsCountry-inner\"]"}
COMMAND: POST /session/2c26340218390abaea45fe4d98ab669b/element/f.17291DB1E67CD9F3C23A369F0CDF7328.d.C5010CB1EE21283123275FDD6394DE14.e.10538/clear - {}
RESULT: {}
COMMAND: POST /session/2c26340218390abaea45fe4d98ab669b/element/f.17291DB1E67CD9F3C23A369F0CDF7328.d.C5010CB1EE21283123275FDD6394DE14.e.10538/value - {"text":"Romania"}
COMMAND: GET /session/2c26340218390abaea45fe4d98ab669b/screenshot - {}
RESULT: {"text":"Romania"}
COMMAND: GET /session/2c26340218390abaea45fe4d98ab669b/screenshot - {}
RESULT: {}
RESULT: {}
COMMAND: POST /session/2c26340218390abaea45fe4d98ab669b/execute/async - {"script":"<script> [1562 bytes]","args":[{"selector":{"controlType":"sap.m.Button","viewName":"etm.portal.ui.manageyards.view.New","viewId":"application-manageyards-display-component---NewYard","properties":{"text":"Commercial"},"interaction":{"idSuffix":"BDI-content"}},"wdio_ui5_key":"etmportal.ui.manageyards.view.Newsap.m.Button{\"text\":\"Commercial\"}"}]}
RESULT: {"script":"<script> [1562 bytes]","args":[{"selector":{"controlType":"sap.m.Button","viewName":"etm.portal.ui.manageyards.view.New","viewId":"application-manageyards-display-component---NewYard","properties":{"text":"Commercial"},"interaction":{"idSuffix":"BDI-content"}},"wdio_ui5_key":"etmportal.ui.manageyards.view.Newsap.m.Button{\"text\":\"Commercial\"}"}]}
RESULT: undefined
COMMAND: POST /session/2c26340218390abaea45fe4d98ab669b/element - {"using":"xpath","value":"//*[@id=\"application-manageyards-display-component---NewYard--ObjectPageLayout-anchBar-__section5-anchor\"]"}
RESULT: {"using":"xpath","value":"//*[@id=\"application-manageyards-display-component---NewYard--ObjectPageLayout-anchBar-__section5-anchor\"]"}
COMMAND: POST /session/2c26340218390abaea45fe4d98ab669b/element/f.17291DB1E67CD9F3C23A369F0CDF7328.d.C5010CB1EE21283123275FDD6394DE14.e.10732/click - {}
RESULT: {}
COMMAND: GET /session/2c26340218390abaea45fe4d98ab669b/screenshot - {}
RESULT: {}
COMMAND: POST /session/2c26340218390abaea45fe4d98ab669b/element - {"using":"xpath","value":"//div[contains(text(), \"Commercial\")]"}
RESULT: {"using":"xpath","value":"//div[contains(text(), \"Commercial\")]"}
COMMAND: GET /session/2c26340218390abaea45fe4d98ab669b/element/f.17291DB1E67CD9F3C23A369F0CDF7328.d.C5010CB1EE21283123275FDD6394DE14.e.10741/rect - {}
RESULT: {}
COMMAND: GET /session/2c26340218390abaea45fe4d98ab669b/window/rect - {}
RESULT: {}
COMMAND: POST /session/2c26340218390abaea45fe4d98ab669b/execute/sync - {"script":"<script> [92 bytes]","args":[]}
RESULT: {"script":"<script> [92 bytes]","args":[]}
COMMAND: POST /session/2c26340218390abaea45fe4d98ab669b/actions - {"actions":[{"id":"action25","type":"wheel","parameters":{},"actions":[{"type":"scroll","x":-1841,"y":-44,"deltaX":0,"deltaY":0,"duration":0,"origin":{"element-6066-11e4-a52e-4f735466cecf":"f.17291DB1E67CD9F3C23A369F0CDF7328.d.C5010CB1EE21283123275FDD6394DE14.e.10741"}}]}]}
COMMAND: GET /session/2c26340218390abaea45fe4d98ab669b/screenshot - {}
RESULT: {}
COMMAND: POST /session/2c26340218390abaea45fe4d98ab669b/execute/sync - {"script":"<script> [79 bytes]","args":[{"element-6066-11e4-a52e-4f735466cecf":"f.17291DB1E67CD9F3C23A369F0CDF7328.d.C5010CB1EE21283123275FDD6394DE14.e.10741","ELEMENT":"f.17291DB1E67CD9F3C23A369F0CDF7328.d.C5010CB1EE21283123275FDD6394DE14.e.10741"},{"block":"start","inline":"nearest"}]}
RESULT: {"script":"<script> [79 bytes]","args":[{"element-6066-11e4-a52e-4f735466cecf":"f.17291DB1E67CD9F3C23A369F0CDF7328.d.C5010CB1EE21283123275FDD6394DE14.e.10741","ELEMENT":"f.17291DB1E67CD9F3C23A369F0CDF7328.d.C5010CB1EE21283123275FDD6394DE14.e.10741"},{"block":"start","inline":"nearest"}]}
COMMAND: GET /session/2c26340218390abaea45fe4d98ab669b/screenshot - {}
RESULT: {}
COMMAND: POST /session/2c26340218390abaea45fe4d98ab669b/execute/async - {"script":"<script> [1562 bytes]","args":[{"selector":{"id":"application-manageyards-display-component---NewYard--addressEditDetailsCostObjectCstType-arrow"},"wdio_ui5_key":"applicationmanageyards-display-component---NewYard--addressEditDetailsCostObjectCstType-arrow"}]}
RESULT: {"script":"<script> [1562 bytes]","args":[{"selector":{"id":"application-manageyards-display-component---NewYard--addressEditDetailsCostObjectCstType-arrow"},"wdio_ui5_key":"applicationmanageyards-display-component---NewYard--addressEditDetailsCostObjectCstType-arrow"}]}
RESULT: undefined
COMMAND: POST /session/2c26340218390abaea45fe4d98ab669b/element - {"using":"xpath","value":"//*[@id=\"application-manageyards-display-component---NewYard--addressEditDetailsCostObjectCstType-arrow\"]"}
RESULT: {"using":"xpath","value":"//*[@id=\"application-manageyards-display-component---NewYard--addressEditDetailsCostObjectCstType-arrow\"]"}
COMMAND: POST /session/2c26340218390abaea45fe4d98ab669b/element/f.17291DB1E67CD9F3C23A369F0CDF7328.d.C5010CB1EE21283123275FDD6394DE14.e.10742/click - {}
RESULT: {}
COMMAND: POST /session/2c26340218390abaea45fe4d98ab669b/element - {"using":"xpath","value":"//span[contains(text(), \"Cost Center\")]"}
COMMAND: GET /session/2c26340218390abaea45fe4d98ab669b/screenshot - {}
RESULT: {"using":"xpath","value":"//span[contains(text(), \"Cost Center\")]"}
COMMAND: POST /session/2c26340218390abaea45fe4d98ab669b/element/f.17291DB1E67CD9F3C23A369F0CDF7328.d.C5010CB1EE21283123275FDD6394DE14.e.10743/click - {}
RESULT: {}
RESULT: {}
COMMAND: GET /session/2c26340218390abaea45fe4d98ab669b/screenshot - {}
RESULT: {}
COMMAND: POST /session/2c26340218390abaea45fe4d98ab669b/execute/async - {"script":"<script> [1562 bytes]","args":[{"selector":{"id":"application-manageyards-display-component---NewYard--addressNewCostObjectCstID-vhi"},"wdio_ui5_key":"applicationmanageyards-display-component---NewYard--addressNewCostObjectCstID-vhi"}]}
RESULT: {"script":"<script> [1562 bytes]","args":[{"selector":{"id":"application-manageyards-display-component---NewYard--addressNewCostObjectCstID-vhi"},"wdio_ui5_key":"applicationmanageyards-display-component---NewYard--addressNewCostObjectCstID-vhi"}]}
RESULT: undefined
COMMAND: POST /session/2c26340218390abaea45fe4d98ab669b/element - {"using":"xpath","value":"//*[@id=\"application-manageyards-display-component---NewYard--addressNewCostObjectCstID-vhi\"]"}
RESULT: {"using":"xpath","value":"//*[@id=\"application-manageyards-display-component---NewYard--addressNewCostObjectCstID-vhi\"]"}
COMMAND: POST /session/2c26340218390abaea45fe4d98ab669b/element/f.17291DB1E67CD9F3C23A369F0CDF7328.d.C5010CB1EE21283123275FDD6394DE14.e.10746/click - {}
RESULT: {}
COMMAND: GET /session/2c26340218390abaea45fe4d98ab669b/screenshot - {}
RESULT: {}
COMMAND: POST /session/2c26340218390abaea45fe4d98ab669b/execute/async - {"script":"<script> [1562 bytes]","args":[{"selector":{"controlType":"sap.m.SearchField","properties":{"placeholder":"Search"},"searchOpenDialogs":true,"interaction":{"idSuffix":"I"}},"wdio_ui5_key":"sapm.SearchField{\"placeholder\":\"Search\"}"}]}
RESULT: {"script":"<script> [1562 bytes]","args":[{"selector":{"controlType":"sap.m.SearchField","properties":{"placeholder":"Search"},"searchOpenDialogs":true,"interaction":{"idSuffix":"I"}},"wdio_ui5_key":"sapm.SearchField{\"placeholder\":\"Search\"}"}]}
RESULT: undefined
COMMAND: POST /session/2c26340218390abaea45fe4d98ab669b/execute/async - {"script":"<script> [776 bytes]","args":[{"enterText":"10001013","selector":{"controlType":"sap.m.SearchField","properties":{"placeholder":"Search"},"searchOpenDialogs":true,"interaction":{"idSuffix":"I"}},"clearTextFirst":true,"interactionType":"ENTER_TEXT"}]}
RESULT: {"script":"<script> [776 bytes]","args":[{"enterText":"10001013","selector":{"controlType":"sap.m.SearchField","properties":{"placeholder":"Search"},"searchOpenDialogs":true,"interaction":{"idSuffix":"I"}},"clearTextFirst":true,"interactionType":"ENTER_TEXT"}]}
COMMAND: POST /session/2c26340218390abaea45fe4d98ab669b/actions - {"actions":[{"id":"action26","type":"key","parameters":{},"actions":[{"type":"keyDown","value":""},{"type":"pause","duration":10},{"type":"keyUp","value":""}]}]}
RESULT: {"actions":[{"id":"action26","type":"key","parameters":{},"actions":[{"type":"keyDown","value":""},{"type":"pause","duration":10},{"type":"keyUp","value":""}]}]}
COMMAND: GET /session/2c26340218390abaea45fe4d98ab669b/screenshot - {}
RESULT: {}
COMMAND: POST /session/2c26340218390abaea45fe4d98ab669b/element - {"using":"xpath","value":"//span[contains(text(), \"General Management\")]"}
RESULT: {"using":"xpath","value":"//span[contains(text(), \"General Management\")]"}
COMMAND: POST /session/2c26340218390abaea45fe4d98ab669b/element/f.17291DB1E67CD9F3C23A369F0CDF7328.d.C5010CB1EE21283123275FDD6394DE14.e.10787/click - {}
RESULT: {}
COMMAND: GET /session/2c26340218390abaea45fe4d98ab669b/screenshot - {}
RESULT: {}
COMMAND: POST /session/2c26340218390abaea45fe4d98ab669b/element - {"using":"xpath","value":"//bdi[contains(text(), \"OK\")]"}
RESULT: {"using":"xpath","value":"//bdi[contains(text(), \"OK\")]"}
COMMAND: POST /session/2c26340218390abaea45fe4d98ab669b/element/f.17291DB1E67CD9F3C23A369F0CDF7328.d.C5010CB1EE21283123275FDD6394DE14.e.10788/click - {}
RESULT: {}
COMMAND: GET /session/2c26340218390abaea45fe4d98ab669b/screenshot - {}
RESULT: {}
COMMAND: POST /session/2c26340218390abaea45fe4d98ab669b/execute/async - {"script":"<script> [1562 bytes]","args":[{"selector":{"id":"application-manageyards-display-component---NewYard--addressEditDetailsCurrency","interaction":{"idSuffix":"inner"}},"wdio_ui5_key":"applicationmanageyards-display-component---NewYard--addressEditDetailsCurrency"}]}
RESULT: {"script":"<script> [1562 bytes]","args":[{"selector":{"id":"application-manageyards-display-component---NewYard--addressEditDetailsCurrency","interaction":{"idSuffix":"inner"}},"wdio_ui5_key":"applicationmanageyards-display-component---NewYard--addressEditDetailsCurrency"}]}
RESULT: undefined
COMMAND: POST /session/2c26340218390abaea45fe4d98ab669b/execute/async - {"script":"<script> [776 bytes]","args":[{"enterText":"Euro","selector":{"id":"application-manageyards-display-component---NewYard--addressEditDetailsCurrency","interaction":{"idSuffix":"inner"}},"clearTextFirst":true,"interactionType":"ENTER_TEXT"}]}
RESULT: {"script":"<script> [776 bytes]","args":[{"enterText":"Euro","selector":{"id":"application-manageyards-display-component---NewYard--addressEditDetailsCurrency","interaction":{"idSuffix":"inner"}},"clearTextFirst":true,"interactionType":"ENTER_TEXT"}]}
COMMAND: POST /session/2c26340218390abaea45fe4d98ab669b/execute/async - {"script":"<script> [1562 bytes]","args":[{"selector":{"controlType":"sap.m.Input","viewName":"etm.portal.ui.manageyards.view.New","viewId":"application-manageyards-display-component---NewYard","bindingPath":{"path":"","propertyPath":"/CONTROLLING_AREA","modelName":"NewYardModel"},"interaction":{"idSuffix":"inner"}},"wdio_ui5_key":"etmportal.ui.manageyards.view.Newsap.m.Input{\"path\":\"\",\"propertyPath\":\"/CONTROLLING_AREA\",\"modelName\":\"NewYardModel\"}"}]}
RESULT: {"script":"<script> [1562 bytes]","args":[{"selector":{"controlType":"sap.m.Input","viewName":"etm.portal.ui.manageyards.view.New","viewId":"application-manageyards-display-component---NewYard","bindingPath":{"path":"","propertyPath":"/CONTROLLING_AREA","modelName":"NewYardModel"},"interaction":{"idSuffix":"inner"}},"wdio_ui5_key":"etmportal.ui.manageyards.view.Newsap.m.Input{\"path\":\"\",\"propertyPath\":\"/CONTROLLING_AREA\",\"modelName\":\"NewYardModel\"}"}]}
RESULT: undefined
COMMAND: POST /session/2c26340218390abaea45fe4d98ab669b/execute/async - {"script":"<script> [776 bytes]","args":[{"enterText":"Z001","selector":{"controlType":"sap.m.Input","viewName":"etm.portal.ui.manageyards.view.New","viewId":"application-manageyards-display-component---NewYard","bindingPath":{"path":"","propertyPath":"/CONTROLLING_AREA","modelName":"NewYardModel"},"interaction":{"idSuffix":"inner"}},"clearTextFirst":true,"interactionType":"ENTER_TEXT"}]}
RESULT: {"script":"<script> [776 bytes]","args":[{"enterText":"Z001","selector":{"controlType":"sap.m.Input","viewName":"etm.portal.ui.manageyards.view.New","viewId":"application-manageyards-display-component---NewYard","bindingPath":{"path":"","propertyPath":"/CONTROLLING_AREA","modelName":"NewYardModel"},"interaction":{"idSuffix":"inner"}},"clearTextFirst":true,"interactionType":"ENTER_TEXT"}]}
COMMAND: POST /session/2c26340218390abaea45fe4d98ab669b/execute/async - {"script":"<script> [1562 bytes]","args":[{"selector":{"id":"application-manageyards-display-component---NewYard--companyCodeComboBox","interaction":{"idSuffix":"inner"}},"wdio_ui5_key":"applicationmanageyards-display-component---NewYard--companyCodeComboBox"}]}
RESULT: {"script":"<script> [1562 bytes]","args":[{"selector":{"id":"application-manageyards-display-component---NewYard--companyCodeComboBox","interaction":{"idSuffix":"inner"}},"wdio_ui5_key":"applicationmanageyards-display-component---NewYard--companyCodeComboBox"}]}
RESULT: undefined
COMMAND: POST /session/2c26340218390abaea45fe4d98ab669b/execute/async - {"script":"<script> [776 bytes]","args":[{"enterText":"1000","selector":{"id":"application-manageyards-display-component---NewYard--companyCodeComboBox","interaction":{"idSuffix":"inner"}},"clearTextFirst":true,"interactionType":"ENTER_TEXT"}]}
RESULT: {"script":"<script> [776 bytes]","args":[{"enterText":"1000","selector":{"id":"application-manageyards-display-component---NewYard--companyCodeComboBox","interaction":{"idSuffix":"inner"}},"clearTextFirst":true,"interactionType":"ENTER_TEXT"}]}
COMMAND: POST /session/2c26340218390abaea45fe4d98ab669b/actions - {"actions":[{"id":"action27","type":"key","parameters":{},"actions":[{"type":"keyDown","value":""},{"type":"pause","duration":10},{"type":"keyUp","value":""}]}]}
RESULT: {"actions":[{"id":"action27","type":"key","parameters":{},"actions":[{"type":"keyDown","value":""},{"type":"pause","duration":10},{"type":"keyUp","value":""}]}]}
COMMAND: POST /session/2c26340218390abaea45fe4d98ab669b/execute/async - {"script":"<script> [1562 bytes]","args":[{"selector":{"controlType":"sap.m.Input","viewName":"etm.portal.ui.manageyards.view.New","viewId":"application-manageyards-display-component---NewYard","bindingPath":{"path":"","propertyPath":"/PLANT","modelName":"NewYardModel"},"interaction":{"idSuffix":"inner"}},"wdio_ui5_key":"etmportal.ui.manageyards.view.Newsap.m.Input{\"path\":\"\",\"propertyPath\":\"/PLANT\",\"modelName\":\"NewYardModel\"}"}]}
COMMAND: GET /session/2c26340218390abaea45fe4d98ab669b/screenshot - {}
RESULT: {"script":"<script> [1562 bytes]","args":[{"selector":{"controlType":"sap.m.Input","viewName":"etm.portal.ui.manageyards.view.New","viewId":"application-manageyards-display-component---NewYard","bindingPath":{"path":"","propertyPath":"/PLANT","modelName":"NewYardModel"},"interaction":{"idSuffix":"inner"}},"wdio_ui5_key":"etmportal.ui.manageyards.view.Newsap.m.Input{\"path\":\"\",\"propertyPath\":\"/PLANT\",\"modelName\":\"NewYardModel\"}"}]}
RESULT: undefined
COMMAND: POST /session/2c26340218390abaea45fe4d98ab669b/execute/async - {"script":"<script> [776 bytes]","args":[{"enterText":"1001","selector":{"controlType":"sap.m.Input","viewName":"etm.portal.ui.manageyards.view.New","viewId":"application-manageyards-display-component---NewYard","bindingPath":{"path":"","propertyPath":"/PLANT","modelName":"NewYardModel"},"interaction":{"idSuffix":"inner"}},"clearTextFirst":true,"interactionType":"ENTER_TEXT"}]}
RESULT: {}
RESULT: {"script":"<script> [776 bytes]","args":[{"enterText":"1001","selector":{"controlType":"sap.m.Input","viewName":"etm.portal.ui.manageyards.view.New","viewId":"application-manageyards-display-component---NewYard","bindingPath":{"path":"","propertyPath":"/PLANT","modelName":"NewYardModel"},"interaction":{"idSuffix":"inner"}},"clearTextFirst":true,"interactionType":"ENTER_TEXT"}]}
COMMAND: POST /session/2c26340218390abaea45fe4d98ab669b/execute/async - {"script":"<script> [1562 bytes]","args":[{"selector":{"controlType":"sap.m.Input","viewName":"etm.portal.ui.manageyards.view.New","viewId":"application-manageyards-display-component---NewYard","bindingPath":{"path":"","propertyPath":"/SALES_AREA_VKORG","modelName":"NewYardModel"},"interaction":{"idSuffix":"inner"}},"wdio_ui5_key":"etmportal.ui.manageyards.view.Newsap.m.Input{\"path\":\"\",\"propertyPath\":\"/SALES_AREA_VKORG\",\"modelName\":\"NewYardModel\"}"}]}
RESULT: {"script":"<script> [1562 bytes]","args":[{"selector":{"controlType":"sap.m.Input","viewName":"etm.portal.ui.manageyards.view.New","viewId":"application-manageyards-display-component---NewYard","bindingPath":{"path":"","propertyPath":"/SALES_AREA_VKORG","modelName":"NewYardModel"},"interaction":{"idSuffix":"inner"}},"wdio_ui5_key":"etmportal.ui.manageyards.view.Newsap.m.Input{\"path\":\"\",\"propertyPath\":\"/SALES_AREA_VKORG\",\"modelName\":\"NewYardModel\"}"}]}
RESULT: undefined
COMMAND: POST /session/2c26340218390abaea45fe4d98ab669b/execute/async - {"script":"<script> [776 bytes]","args":[{"enterText":"C002","selector":{"controlType":"sap.m.Input","viewName":"etm.portal.ui.manageyards.view.New","viewId":"application-manageyards-display-component---NewYard","bindingPath":{"path":"","propertyPath":"/SALES_AREA_VKORG","modelName":"NewYardModel"},"interaction":{"idSuffix":"inner"}},"clearTextFirst":true,"interactionType":"ENTER_TEXT"}]}
RESULT: {"script":"<script> [776 bytes]","args":[{"enterText":"C002","selector":{"controlType":"sap.m.Input","viewName":"etm.portal.ui.manageyards.view.New","viewId":"application-manageyards-display-component---NewYard","bindingPath":{"path":"","propertyPath":"/SALES_AREA_VKORG","modelName":"NewYardModel"},"interaction":{"idSuffix":"inner"}},"clearTextFirst":true,"interactionType":"ENTER_TEXT"}]}
COMMAND: POST /session/2c26340218390abaea45fe4d98ab669b/execute/async - {"script":"<script> [1562 bytes]","args":[{"selector":{"controlType":"sap.m.Input","viewName":"etm.portal.ui.manageyards.view.New","viewId":"application-manageyards-display-component---NewYard","bindingPath":{"path":"","propertyPath":"/SALES_AREA_VTWEG","modelName":"NewYardModel"},"interaction":{"idSuffix":"inner"}},"wdio_ui5_key":"etmportal.ui.manageyards.view.Newsap.m.Input{\"path\":\"\",\"propertyPath\":\"/SALES_AREA_VTWEG\",\"modelName\":\"NewYardModel\"}"}]}
RESULT: {"script":"<script> [1562 bytes]","args":[{"selector":{"controlType":"sap.m.Input","viewName":"etm.portal.ui.manageyards.view.New","viewId":"application-manageyards-display-component---NewYard","bindingPath":{"path":"","propertyPath":"/SALES_AREA_VTWEG","modelName":"NewYardModel"},"interaction":{"idSuffix":"inner"}},"wdio_ui5_key":"etmportal.ui.manageyards.view.Newsap.m.Input{\"path\":\"\",\"propertyPath\":\"/SALES_AREA_VTWEG\",\"modelName\":\"NewYardModel\"}"}]}
RESULT: undefined
COMMAND: POST /session/2c26340218390abaea45fe4d98ab669b/execute/async - {"script":"<script> [776 bytes]","args":[{"enterText":"C2","selector":{"controlType":"sap.m.Input","viewName":"etm.portal.ui.manageyards.view.New","viewId":"application-manageyards-display-component---NewYard","bindingPath":{"path":"","propertyPath":"/SALES_AREA_VTWEG","modelName":"NewYardModel"},"interaction":{"idSuffix":"inner"}},"clearTextFirst":true,"interactionType":"ENTER_TEXT"}]}
RESULT: {"script":"<script> [776 bytes]","args":[{"enterText":"C2","selector":{"controlType":"sap.m.Input","viewName":"etm.portal.ui.manageyards.view.New","viewId":"application-manageyards-display-component---NewYard","bindingPath":{"path":"","propertyPath":"/SALES_AREA_VTWEG","modelName":"NewYardModel"},"interaction":{"idSuffix":"inner"}},"clearTextFirst":true,"interactionType":"ENTER_TEXT"}]}
COMMAND: POST /session/2c26340218390abaea45fe4d98ab669b/execute/async - {"script":"<script> [1562 bytes]","args":[{"selector":{"controlType":"sap.m.Input","viewName":"etm.portal.ui.manageyards.view.New","viewId":"application-manageyards-display-component---NewYard","bindingPath":{"path":"","propertyPath":"/SALES_AREA_SPART","modelName":"NewYardModel"},"interaction":{"idSuffix":"inner"}},"wdio_ui5_key":"etmportal.ui.manageyards.view.Newsap.m.Input{\"path\":\"\",\"propertyPath\":\"/SALES_AREA_SPART\",\"modelName\":\"NewYardModel\"}"}]}
RESULT: {"script":"<script> [1562 bytes]","args":[{"selector":{"controlType":"sap.m.Input","viewName":"etm.portal.ui.manageyards.view.New","viewId":"application-manageyards-display-component---NewYard","bindingPath":{"path":"","propertyPath":"/SALES_AREA_SPART","modelName":"NewYardModel"},"interaction":{"idSuffix":"inner"}},"wdio_ui5_key":"etmportal.ui.manageyards.view.Newsap.m.Input{\"path\":\"\",\"propertyPath\":\"/SALES_AREA_SPART\",\"modelName\":\"NewYardModel\"}"}]}
RESULT: undefined
COMMAND: POST /session/2c26340218390abaea45fe4d98ab669b/execute/async - {"script":"<script> [776 bytes]","args":[{"enterText":"C2","selector":{"controlType":"sap.m.Input","viewName":"etm.portal.ui.manageyards.view.New","viewId":"application-manageyards-display-component---NewYard","bindingPath":{"path":"","propertyPath":"/SALES_AREA_SPART","modelName":"NewYardModel"},"interaction":{"idSuffix":"inner"}},"clearTextFirst":true,"interactionType":"ENTER_TEXT"}]}
RESULT: {"script":"<script> [776 bytes]","args":[{"enterText":"C2","selector":{"controlType":"sap.m.Input","viewName":"etm.portal.ui.manageyards.view.New","viewId":"application-manageyards-display-component---NewYard","bindingPath":{"path":"","propertyPath":"/SALES_AREA_SPART","modelName":"NewYardModel"},"interaction":{"idSuffix":"inner"}},"clearTextFirst":true,"interactionType":"ENTER_TEXT"}]}
COMMAND: POST /session/2c26340218390abaea45fe4d98ab669b/execute/async - {"script":"<script> [1562 bytes]","args":[{"selector":{"id":"application-manageyards-display-component---NewYard--whmCheckBox","interaction":{"idSuffix":"CbBg"}},"wdio_ui5_key":"applicationmanageyards-display-component---NewYard--whmCheckBox"}]}
RESULT: {"script":"<script> [1562 bytes]","args":[{"selector":{"id":"application-manageyards-display-component---NewYard--whmCheckBox","interaction":{"idSuffix":"CbBg"}},"wdio_ui5_key":"applicationmanageyards-display-component---NewYard--whmCheckBox"}]}
RESULT: undefined
COMMAND: POST /session/2c26340218390abaea45fe4d98ab669b/element - {"using":"xpath","value":"//*[@id=\"application-manageyards-display-component---NewYard--whmCheckBox\"]"}
RESULT: {"using":"xpath","value":"//*[@id=\"application-manageyards-display-component---NewYard--whmCheckBox\"]"}
COMMAND: POST /session/2c26340218390abaea45fe4d98ab669b/element/f.17291DB1E67CD9F3C23A369F0CDF7328.d.C5010CB1EE21283123275FDD6394DE14.e.10799/click - {}
RESULT: {}
COMMAND: POST /session/2c26340218390abaea45fe4d98ab669b/execute/async - {"script":"<script> [1562 bytes]","args":[{"selector":{"controlType":"sap.m.Button","viewName":"etm.portal.ui.manageyards.view.New","viewId":"application-manageyards-display-component---NewYard","i18NText":{"propertyName":"text","key":"save"},"interaction":{"idSuffix":"inner"}},"wdio_ui5_key":"etmportal.ui.manageyards.view.Newsap.m.Button{\"propertyName\":\"text\",\"key\":\"save\"}"}]}
COMMAND: GET /session/2c26340218390abaea45fe4d98ab669b/screenshot - {}
RESULT: {"script":"<script> [1562 bytes]","args":[{"selector":{"controlType":"sap.m.Button","viewName":"etm.portal.ui.manageyards.view.New","viewId":"application-manageyards-display-component---NewYard","i18NText":{"propertyName":"text","key":"save"},"interaction":{"idSuffix":"inner"}},"wdio_ui5_key":"etmportal.ui.manageyards.view.Newsap.m.Button{\"propertyName\":\"text\",\"key\":\"save\"}"}]}
RESULT: undefined
COMMAND: POST /session/2c26340218390abaea45fe4d98ab669b/element - {"using":"xpath","value":"//*[@id=\"__button18\"]"}
RESULT: {}
RESULT: {"using":"xpath","value":"//*[@id=\"__button18\"]"}
COMMAND: POST /session/2c26340218390abaea45fe4d98ab669b/element/f.17291DB1E67CD9F3C23A369F0CDF7328.d.C5010CB1EE21283123275FDD6394DE14.e.10706/click - {}
RESULT: {}
COMMAND: GET /session/2c26340218390abaea45fe4d98ab669b/screenshot - {}
RESULT: {}
COMMAND: POST /session/2c26340218390abaea45fe4d98ab669b/element - {"using":"css selector","value":"#shell-header-logo"}
RESULT: {"using":"css selector","value":"#shell-header-logo"}
COMMAND: POST /session/2c26340218390abaea45fe4d98ab669b/element/f.17291DB1E67CD9F3C23A369F0CDF7328.d.C5010CB1EE21283123275FDD6394DE14.e.10259/click - {}
RESULT: {}
COMMAND: GET /session/2c26340218390abaea45fe4d98ab669b/screenshot - {}
RESULT: {}
COMMAND: POST /session/2c26340218390abaea45fe4d98ab669b/refresh - {}
RESULT: {}
COMMAND: GET /session/2c26340218390abaea45fe4d98ab669b/screenshot - {}
RESULT: {}
COMMAND: POST /session/2c26340218390abaea45fe4d98ab669b/execute/async - {"script":"<script> [189 bytes]","args":[]}
RESULT: {"script":"<script> [189 bytes]","args":[]}
COMMAND: POST /session/2c26340218390abaea45fe4d98ab669b/execute/async - {"script":"<script> [123 bytes]","args":[]}
RESULT: {"script":"<script> [123 bytes]","args":[]}
COMMAND: POST /session/2c26340218390abaea45fe4d98ab669b/timeouts - {"script":"<number>"}
RESULT: {"script":"<number>"}
COMMAND: GET /session/2c26340218390abaea45fe4d98ab669b/timeouts - {}
RESULT: {}
RESULT: undefined
COMMAND: POST /session/2c26340218390abaea45fe4d98ab669b/execute/async - {"script":"<script> [2676 bytes]","args":[]}
RESULT: {"script":"<script> [2676 bytes]","args":[]}
COMMAND: POST /session/2c26340218390abaea45fe4d98ab669b/execute/async - {"script":"<script> [2342 bytes]","args":[{"protocol":"http","hostname":"0.0.0.0","path":"/","capabilities":{"browserName":"chrome","goog:chromeOptions":{"binary":"C:\\Program Files\\Google\\Chrome\\Application\\chrome.exe"}},"logLevel":"warn","connectionRetryTimeout":120000,"connectionRetryCount":3,"logLevels":{},"enableDirectConnect":true,"strictSSL":true,"_":"65 more keys: [\"cacheDir\",\"port\",\"requestedCapabilities\",\"automationProtocol\",\"baseUrl\",\"waitforInterval\",\"waitforTimeout\",\"onReload\",\"beforeCommand\",\"afterCommand\",\"rootDir\",\"specs\",\"suites\",\"exclude\",\"groupLogsByTestSpec\",\"excludeDriverLogs\",\"bail\",\"framework\",\"reporters\",\"services\",\"maxInstances\",\"maxInstancesPerCapability\",\"injectGlobals\",\"filesToWatch\",\"execArgv\",\"runnerEnv\",\"runner\",\"shard\",\"specFileRetries\",\"specFileRetriesDelay\",\"specFileRetriesDeferred\",\"reporterSyncInterval\",\"reporterSyncTimeout\",\"cucumberFeaturesWithLineNumbers\",\"autoCompileOpts\",\"mochaOpts\",\"jasmineOpts\",\"cucumberOpts\",\"onPrepare\",\"onWorkerStart\",\"onWorkerEnd\",\"before\",\"beforeSession\",\"beforeSuite\",\"beforeHook\",\"beforeTest\",\"afterTest\",\"afterHook\",\"afterSuite\",\"afterSession\",\"after\",\"onComplete\",\"beforeAssertion\",\"afterAssertion\",\"beforeFeature\",\"beforeScenario\",\"beforeStep\",\"afterStep\",\"afterScenario\",\"afterFeature\",\"_\",\"suite\",\"$0\",\"ignoredWorkerServices\",\"wdi5\"]"}]}
RESULT: {"script":"<script> [2342 bytes]","args":[{"protocol":"http","hostname":"0.0.0.0","path":"/","capabilities":{"browserName":"chrome","goog:chromeOptions":{"binary":"C:\\Program Files\\Google\\Chrome\\Application\\chrome.exe"}},"logLevel":"warn","connectionRetryTimeout":120000,"connectionRetryCount":3,"logLevels":{},"enableDirectConnect":true,"strictSSL":true,"_":"65 more keys: [\"cacheDir\",\"port\",\"requestedCapabilities\",\"automationProtocol\",\"baseUrl\",\"waitforInterval\",\"waitforTimeout\",\"onReload\",\"beforeCommand\",\"afterCommand\",\"rootDir\",\"specs\",\"suites\",\"exclude\",\"groupLogsByTestSpec\",\"excludeDriverLogs\",\"bail\",\"framework\",\"reporters\",\"services\",\"maxInstances\",\"maxInstancesPerCapability\",\"injectGlobals\",\"filesToWatch\",\"execArgv\",\"runnerEnv\",\"runner\",\"shard\",\"specFileRetries\",\"specFileRetriesDelay\",\"specFileRetriesDeferred\",\"reporterSyncInterval\",\"reporterSyncTimeout\",\"cucumberFeaturesWithLineNumbers\",\"autoCompileOpts\",\"mochaOpts\",\"jasmineOpts\",\"cucumberOpts\",\"onPrepare\",\"onWorkerStart\",\"onWorkerEnd\",\"before\",\"beforeSession\",\"beforeSuite\",\"beforeHook\",\"beforeTest\",\"afterTest\",\"afterHook\",\"afterSuite\",\"afterSession\",\"after\",\"onComplete\",\"beforeAssertion\",\"afterAssertion\",\"beforeFeature\",\"beforeScenario\",\"beforeStep\",\"afterStep\",\"afterScenario\",\"afterFeature\",\"_\",\"suite\",\"$0\",\"ignoredWorkerServices\",\"wdi5\"]"}]}
COMMAND: POST /session/2c26340218390abaea45fe4d98ab669b/execute/async - {"script":"<script> [21126 bytes]","args":[35000]}
RESULT: {"script":"<script> [21126 bytes]","args":[35000]}
]]></system-out>
    </testcase>
    <testcase classname="chrome.135_0_7049_42.windows.Warehouse_movements_inventory_test" name="Should create a new warehouse organization" time="51.129">
      <system-out><![CDATA[
COMMAND: POST /session/2c26340218390abaea45fe4d98ab669b/execute/async - {"script":"<script> [1562 bytes]","args":[{"selector":{"controlType":"sap.m.GenericTile","properties":{"header":"Bin Status Report"}},"wdio_ui5_key":"sapm.GenericTile{\"header\":\"Bin Status Report\"}"}]}
RESULT: {"script":"<script> [1562 bytes]","args":[{"selector":{"controlType":"sap.m.GenericTile","properties":{"header":"Bin Status Report"}},"wdio_ui5_key":"sapm.GenericTile{\"header\":\"Bin Status Report\"}"}]}
RESULT: undefined
COMMAND: POST /session/2c26340218390abaea45fe4d98ab669b/element - {"using":"xpath","value":"//*[@id=\"__tile104\"]"}
RESULT: {"using":"xpath","value":"//*[@id=\"__tile104\"]"}
COMMAND: POST /session/2c26340218390abaea45fe4d98ab669b/element/f.17291DB1E67CD9F3C23A369F0CDF7328.d.68C2B8E50D93BC34F9553E5418FD6F49.e.11011/click - {}
RESULT: {}
COMMAND: GET /session/2c26340218390abaea45fe4d98ab669b/screenshot - {}
RESULT: {}
COMMAND: POST /session/2c26340218390abaea45fe4d98ab669b/execute/async - {"script":"<script> [1562 bytes]","args":[{"selector":{"id":"application-binstatusreport-display-component---warehousing--createOrgBtn","interaction":{"idSuffix":"BDI-content"}},"wdio_ui5_key":"applicationbinstatusreport-display-component---warehousing--createOrgBtn"}]}
RESULT: {"script":"<script> [1562 bytes]","args":[{"selector":{"id":"application-binstatusreport-display-component---warehousing--createOrgBtn","interaction":{"idSuffix":"BDI-content"}},"wdio_ui5_key":"applicationbinstatusreport-display-component---warehousing--createOrgBtn"}]}
RESULT: undefined
COMMAND: POST /session/2c26340218390abaea45fe4d98ab669b/element - {"using":"xpath","value":"//*[@id=\"application-binstatusreport-display-component---warehousing--createOrgBtn\"]"}
RESULT: {"using":"xpath","value":"//*[@id=\"application-binstatusreport-display-component---warehousing--createOrgBtn\"]"}
COMMAND: POST /session/2c26340218390abaea45fe4d98ab669b/element/f.17291DB1E67CD9F3C23A369F0CDF7328.d.68C2B8E50D93BC34F9553E5418FD6F49.e.11057/click - {}
RESULT: {}
COMMAND: GET /session/2c26340218390abaea45fe4d98ab669b/screenshot - {}
RESULT: {}
COMMAND: POST /session/2c26340218390abaea45fe4d98ab669b/execute/async - {"script":"<script> [1562 bytes]","args":[{"selector":{"id":"createOrganizationPop--sectionInput","searchOpenDialogs":true,"interaction":{"idSuffix":"inner"}},"wdio_ui5_key":"createOrganizationPopsectionInput"}]}
RESULT: {"script":"<script> [1562 bytes]","args":[{"selector":{"id":"createOrganizationPop--sectionInput","searchOpenDialogs":true,"interaction":{"idSuffix":"inner"}},"wdio_ui5_key":"createOrganizationPopsectionInput"}]}
RESULT: undefined
COMMAND: POST /session/2c26340218390abaea45fe4d98ab669b/execute/async - {"script":"<script> [776 bytes]","args":[{"enterText":"Secs2x94","selector":{"id":"createOrganizationPop--sectionInput","searchOpenDialogs":true,"interaction":{"idSuffix":"inner"}},"clearTextFirst":true,"interactionType":"ENTER_TEXT"}]}
RESULT: {"script":"<script> [776 bytes]","args":[{"enterText":"Secs2x94","selector":{"id":"createOrganizationPop--sectionInput","searchOpenDialogs":true,"interaction":{"idSuffix":"inner"}},"clearTextFirst":true,"interactionType":"ENTER_TEXT"}]}
COMMAND: POST /session/2c26340218390abaea45fe4d98ab669b/execute/async - {"script":"<script> [1562 bytes]","args":[{"selector":{"id":"createOrganizationPop--descriptionInput","searchOpenDialogs":true,"interaction":{"idSuffix":"inner"}},"wdio_ui5_key":"createOrganizationPopdescriptionInput"}]}
RESULT: {"script":"<script> [1562 bytes]","args":[{"selector":{"id":"createOrganizationPop--descriptionInput","searchOpenDialogs":true,"interaction":{"idSuffix":"inner"}},"wdio_ui5_key":"createOrganizationPopdescriptionInput"}]}
RESULT: undefined
COMMAND: POST /session/2c26340218390abaea45fe4d98ab669b/execute/async - {"script":"<script> [776 bytes]","args":[{"enterText":"OrgNameid55fi","selector":{"id":"createOrganizationPop--descriptionInput","searchOpenDialogs":true,"interaction":{"idSuffix":"inner"}},"clearTextFirst":true,"interactionType":"ENTER_TEXT"}]}
RESULT: {"script":"<script> [776 bytes]","args":[{"enterText":"OrgNameid55fi","selector":{"id":"createOrganizationPop--descriptionInput","searchOpenDialogs":true,"interaction":{"idSuffix":"inner"}},"clearTextFirst":true,"interactionType":"ENTER_TEXT"}]}
COMMAND: POST /session/2c26340218390abaea45fe4d98ab669b/element - {"using":"xpath","value":"//input[contains(@id ,\"createOrganizationPop--yardOrg-inner\")]"}
RESULT: {"using":"xpath","value":"//input[contains(@id ,\"createOrganizationPop--yardOrg-inner\")]"}
COMMAND: POST /session/2c26340218390abaea45fe4d98ab669b/element/f.17291DB1E67CD9F3C23A369F0CDF7328.d.68C2B8E50D93BC34F9553E5418FD6F49.e.11093/clear - {}
RESULT: {}
COMMAND: POST /session/2c26340218390abaea45fe4d98ab669b/element/f.17291DB1E67CD9F3C23A369F0CDF7328.d.68C2B8E50D93BC34F9553E5418FD6F49.e.11093/value - {"text":"WebdriverWHMYardqe52xi"}
COMMAND: GET /session/2c26340218390abaea45fe4d98ab669b/screenshot - {}
RESULT: {"text":"WebdriverWHMYardqe52xi"}
COMMAND: GET /session/2c26340218390abaea45fe4d98ab669b/screenshot - {}
RESULT: {}
RESULT: {}
COMMAND: POST /session/2c26340218390abaea45fe4d98ab669b/actions - {"actions":[{"id":"action28","type":"key","parameters":{},"actions":[{"type":"keyDown","value":""},{"type":"pause","duration":10},{"type":"keyUp","value":""}]}]}
RESULT: {"actions":[{"id":"action28","type":"key","parameters":{},"actions":[{"type":"keyDown","value":""},{"type":"pause","duration":10},{"type":"keyUp","value":""}]}]}
COMMAND: GET /session/2c26340218390abaea45fe4d98ab669b/screenshot - {}
RESULT: {}
COMMAND: POST /session/2c26340218390abaea45fe4d98ab669b/execute/async - {"script":"<script> [1562 bytes]","args":[{"selector":{"id":"createOrganizationPop--grZone","searchOpenDialogs":true,"interaction":{"idSuffix":"CbBg"}},"wdio_ui5_key":"createOrganizationPopgrZone"}]}
RESULT: {"script":"<script> [1562 bytes]","args":[{"selector":{"id":"createOrganizationPop--grZone","searchOpenDialogs":true,"interaction":{"idSuffix":"CbBg"}},"wdio_ui5_key":"createOrganizationPopgrZone"}]}
RESULT: undefined
COMMAND: POST /session/2c26340218390abaea45fe4d98ab669b/element - {"using":"xpath","value":"//*[@id=\"createOrganizationPop--grZone\"]"}
RESULT: {"using":"xpath","value":"//*[@id=\"createOrganizationPop--grZone\"]"}
COMMAND: POST /session/2c26340218390abaea45fe4d98ab669b/element/f.17291DB1E67CD9F3C23A369F0CDF7328.d.68C2B8E50D93BC34F9553E5418FD6F49.e.11115/click - {}
RESULT: {}
COMMAND: POST /session/2c26340218390abaea45fe4d98ab669b/execute/async - {"script":"<script> [1562 bytes]","args":[{"selector":{"id":"createOrganizationPop--giZone","searchOpenDialogs":true,"interaction":{"idSuffix":"CbBg"}},"wdio_ui5_key":"createOrganizationPopgiZone"}]}
COMMAND: GET /session/2c26340218390abaea45fe4d98ab669b/screenshot - {}
RESULT: {"script":"<script> [1562 bytes]","args":[{"selector":{"id":"createOrganizationPop--giZone","searchOpenDialogs":true,"interaction":{"idSuffix":"CbBg"}},"wdio_ui5_key":"createOrganizationPopgiZone"}]}
RESULT: undefined
COMMAND: POST /session/2c26340218390abaea45fe4d98ab669b/element - {"using":"xpath","value":"//*[@id=\"createOrganizationPop--giZone\"]"}
RESULT: {}
RESULT: {"using":"xpath","value":"//*[@id=\"createOrganizationPop--giZone\"]"}
COMMAND: POST /session/2c26340218390abaea45fe4d98ab669b/element/f.17291DB1E67CD9F3C23A369F0CDF7328.d.68C2B8E50D93BC34F9553E5418FD6F49.e.11117/click - {}
RESULT: {}
COMMAND: POST /session/2c26340218390abaea45fe4d98ab669b/execute/async - {"script":"<script> [1562 bytes]","args":[{"selector":{"id":"createOrganizationPop--binNoInput","searchOpenDialogs":true,"interaction":{"idSuffix":"inner"}},"wdio_ui5_key":"createOrganizationPopbinNoInput"}]}
COMMAND: GET /session/2c26340218390abaea45fe4d98ab669b/screenshot - {}
RESULT: {"script":"<script> [1562 bytes]","args":[{"selector":{"id":"createOrganizationPop--binNoInput","searchOpenDialogs":true,"interaction":{"idSuffix":"inner"}},"wdio_ui5_key":"createOrganizationPopbinNoInput"}]}
RESULT: undefined
COMMAND: POST /session/2c26340218390abaea45fe4d98ab669b/execute/async - {"script":"<script> [776 bytes]","args":[{"enterText":"Bin8sadn","selector":{"id":"createOrganizationPop--binNoInput","searchOpenDialogs":true,"interaction":{"idSuffix":"inner"}},"clearTextFirst":true,"interactionType":"ENTER_TEXT"}]}
RESULT: {}
RESULT: {"script":"<script> [776 bytes]","args":[{"enterText":"Bin8sadn","selector":{"id":"createOrganizationPop--binNoInput","searchOpenDialogs":true,"interaction":{"idSuffix":"inner"}},"clearTextFirst":true,"interactionType":"ENTER_TEXT"}]}
COMMAND: POST /session/2c26340218390abaea45fe4d98ab669b/execute/async - {"script":"<script> [1562 bytes]","args":[{"selector":{"id":"createOrganizationPop--descriptionId","searchOpenDialogs":true,"interaction":{"idSuffix":"inner"}},"wdio_ui5_key":"createOrganizationPopdescriptionId"}]}
RESULT: {"script":"<script> [1562 bytes]","args":[{"selector":{"id":"createOrganizationPop--descriptionId","searchOpenDialogs":true,"interaction":{"idSuffix":"inner"}},"wdio_ui5_key":"createOrganizationPopdescriptionId"}]}
RESULT: undefined
COMMAND: POST /session/2c26340218390abaea45fe4d98ab669b/execute/async - {"script":"<script> [776 bytes]","args":[{"enterText":"Bin9vrdaj","selector":{"id":"createOrganizationPop--descriptionId","searchOpenDialogs":true,"interaction":{"idSuffix":"inner"}},"clearTextFirst":true,"interactionType":"ENTER_TEXT"}]}
RESULT: {"script":"<script> [776 bytes]","args":[{"enterText":"Bin9vrdaj","selector":{"id":"createOrganizationPop--descriptionId","searchOpenDialogs":true,"interaction":{"idSuffix":"inner"}},"clearTextFirst":true,"interactionType":"ENTER_TEXT"}]}
COMMAND: POST /session/2c26340218390abaea45fe4d98ab669b/execute/async - {"script":"<script> [1562 bytes]","args":[{"selector":{"controlType":"sap.m.CheckBox","viewName":"etm.portal.ui.binstatusreport.view.MasterWareBins","viewId":"application-binstatusreport-display-component---warehousing","bindingPath":{"path":"","propertyPath":"/ZONE","modelName":"newBin"},"searchOpenDialogs":true,"interaction":{"idSuffix":"CbBg"}},"wdio_ui5_key":"etmportal.ui.binstatusreport.view.MasterWareBinssap.m.CheckBox{\"path\":\"\",\"propertyPath\":\"/ZONE\",\"modelName\":\"newBin\"}"}]}
RESULT: {"script":"<script> [1562 bytes]","args":[{"selector":{"controlType":"sap.m.CheckBox","viewName":"etm.portal.ui.binstatusreport.view.MasterWareBins","viewId":"application-binstatusreport-display-component---warehousing","bindingPath":{"path":"","propertyPath":"/ZONE","modelName":"newBin"},"searchOpenDialogs":true,"interaction":{"idSuffix":"CbBg"}},"wdio_ui5_key":"etmportal.ui.binstatusreport.view.MasterWareBinssap.m.CheckBox{\"path\":\"\",\"propertyPath\":\"/ZONE\",\"modelName\":\"newBin\"}"}]}
RESULT: undefined
COMMAND: POST /session/2c26340218390abaea45fe4d98ab669b/element - {"using":"xpath","value":"//*[@id=\"__box12\"]"}
RESULT: {"using":"xpath","value":"//*[@id=\"__box12\"]"}
COMMAND: POST /session/2c26340218390abaea45fe4d98ab669b/element/f.17291DB1E67CD9F3C23A369F0CDF7328.d.68C2B8E50D93BC34F9553E5418FD6F49.e.11121/click - {}
RESULT: {}
COMMAND: POST /session/2c26340218390abaea45fe4d98ab669b/execute/async - {"script":"<script> [1562 bytes]","args":[{"selector":{"id":"createOrganizationPop--binTypesCB-arrow","searchOpenDialogs":true},"wdio_ui5_key":"createOrganizationPopbinTypesCB-arrow"}]}
COMMAND: GET /session/2c26340218390abaea45fe4d98ab669b/screenshot - {}
RESULT: {"script":"<script> [1562 bytes]","args":[{"selector":{"id":"createOrganizationPop--binTypesCB-arrow","searchOpenDialogs":true},"wdio_ui5_key":"createOrganizationPopbinTypesCB-arrow"}]}
RESULT: undefined
COMMAND: POST /session/2c26340218390abaea45fe4d98ab669b/element - {"using":"xpath","value":"//*[@id=\"createOrganizationPop--binTypesCB-arrow\"]"}
RESULT: {}
RESULT: {"using":"xpath","value":"//*[@id=\"createOrganizationPop--binTypesCB-arrow\"]"}
COMMAND: POST /session/2c26340218390abaea45fe4d98ab669b/element/f.17291DB1E67CD9F3C23A369F0CDF7328.d.68C2B8E50D93BC34F9553E5418FD6F49.e.11122/click - {}
RESULT: {}
COMMAND: POST /session/2c26340218390abaea45fe4d98ab669b/execute/async - {"script":"<script> [1562 bytes]","args":[{"selector":{"controlType":"sap.m.StandardListItem","viewName":"etm.portal.ui.binstatusreport.view.MasterWareBins","viewId":"application-binstatusreport-display-component---warehousing","properties":{"title":"1 - General / No capacity check"},"searchOpenDialogs":true,"interaction":{"idSuffix":"content"}},"wdio_ui5_key":"etmportal.ui.binstatusreport.view.MasterWareBinssap.m.StandardListItem{\"title\":\"1 - General / No capacity check\"}"}]}
COMMAND: GET /session/2c26340218390abaea45fe4d98ab669b/screenshot - {}
RESULT: {"script":"<script> [1562 bytes]","args":[{"selector":{"controlType":"sap.m.StandardListItem","viewName":"etm.portal.ui.binstatusreport.view.MasterWareBins","viewId":"application-binstatusreport-display-component---warehousing","properties":{"title":"1 - General / No capacity check"},"searchOpenDialogs":true,"interaction":{"idSuffix":"content"}},"wdio_ui5_key":"etmportal.ui.binstatusreport.view.MasterWareBinssap.m.StandardListItem{\"title\":\"1 - General / No capacity check\"}"}]}
RESULT: undefined
COMMAND: POST /session/2c26340218390abaea45fe4d98ab669b/element - {"using":"xpath","value":"//*[@id=\"__item89\"]"}
RESULT: {}
RESULT: {"using":"xpath","value":"//*[@id=\"__item89\"]"}
COMMAND: POST /session/2c26340218390abaea45fe4d98ab669b/element/f.17291DB1E67CD9F3C23A369F0CDF7328.d.68C2B8E50D93BC34F9553E5418FD6F49.e.11124/click - {}
RESULT: {}
COMMAND: POST /session/2c26340218390abaea45fe4d98ab669b/execute/async - {"script":"<script> [1562 bytes]","args":[{"selector":{"id":"createOrganizationPop--finishBtn","searchOpenDialogs":true,"interaction":{"idSuffix":"BDI-content"}},"wdio_ui5_key":"createOrganizationPopfinishBtn"}]}
COMMAND: GET /session/2c26340218390abaea45fe4d98ab669b/screenshot - {}
RESULT: {"script":"<script> [1562 bytes]","args":[{"selector":{"id":"createOrganizationPop--finishBtn","searchOpenDialogs":true,"interaction":{"idSuffix":"BDI-content"}},"wdio_ui5_key":"createOrganizationPopfinishBtn"}]}
RESULT: undefined
COMMAND: POST /session/2c26340218390abaea45fe4d98ab669b/element - {"using":"xpath","value":"//*[@id=\"createOrganizationPop--finishBtn\"]"}
RESULT: {}
RESULT: {"using":"xpath","value":"//*[@id=\"createOrganizationPop--finishBtn\"]"}
COMMAND: POST /session/2c26340218390abaea45fe4d98ab669b/element/f.17291DB1E67CD9F3C23A369F0CDF7328.d.68C2B8E50D93BC34F9553E5418FD6F49.e.11126/click - {}
RESULT: {}
COMMAND: GET /session/2c26340218390abaea45fe4d98ab669b/screenshot - {}
RESULT: {}
COMMAND: POST /session/2c26340218390abaea45fe4d98ab669b/element - {"using":"css selector","value":"#shell-header-logo"}
RESULT: {"using":"css selector","value":"#shell-header-logo"}
COMMAND: POST /session/2c26340218390abaea45fe4d98ab669b/element/f.17291DB1E67CD9F3C23A369F0CDF7328.d.68C2B8E50D93BC34F9553E5418FD6F49.e.11016/click - {}
RESULT: {}
COMMAND: GET /session/2c26340218390abaea45fe4d98ab669b/screenshot - {}
RESULT: {}
]]></system-out>
    </testcase>
    <testcase classname="chrome.135_0_7049_42.windows.Warehouse_movements_inventory_test" name="Should Create new material for WHM yard" time="131.628">
      <system-out><![CDATA[
COMMAND: POST /session/2c26340218390abaea45fe4d98ab669b/execute/async - {"script":"<script> [1562 bytes]","args":[{"selector":{"controlType":"sap.m.GenericTile","properties":{"header":"Manage Resources"}},"wdio_ui5_key":"sapm.GenericTile{\"header\":\"Manage Resources\"}"}]}
RESULT: {"script":"<script> [1562 bytes]","args":[{"selector":{"controlType":"sap.m.GenericTile","properties":{"header":"Manage Resources"}},"wdio_ui5_key":"sapm.GenericTile{\"header\":\"Manage Resources\"}"}]}
RESULT: undefined
COMMAND: POST /session/2c26340218390abaea45fe4d98ab669b/element - {"using":"xpath","value":"//*[@id=\"__tile39\"]"}
RESULT: {"using":"xpath","value":"//*[@id=\"__tile39\"]"}
COMMAND: POST /session/2c26340218390abaea45fe4d98ab669b/element/f.17291DB1E67CD9F3C23A369F0CDF7328.d.68C2B8E50D93BC34F9553E5418FD6F49.e.11133/click - {}
RESULT: {}
COMMAND: GET /session/2c26340218390abaea45fe4d98ab669b/screenshot - {}
RESULT: {}
RESULT: undefined
COMMAND: POST /session/2c26340218390abaea45fe4d98ab669b/element - {"using":"xpath","value":"//button[@data-kt=\"addNewRUOverflowToolbarButton\"]"}
RESULT: {"using":"xpath","value":"//button[@data-kt=\"addNewRUOverflowToolbarButton\"]"}
COMMAND: POST /session/2c26340218390abaea45fe4d98ab669b/execute/sync - {"script":"<script> [8489 bytes]","args":[{"element-6066-11e4-a52e-4f735466cecf":"f.17291DB1E67CD9F3C23A369F0CDF7328.d.68C2B8E50D93BC34F9553E5418FD6F49.e.11163","ELEMENT":"f.17291DB1E67CD9F3C23A369F0CDF7328.d.68C2B8E50D93BC34F9553E5418FD6F49.e.11163"}]}
RESULT: {"script":"<script> [8489 bytes]","args":[{"element-6066-11e4-a52e-4f735466cecf":"f.17291DB1E67CD9F3C23A369F0CDF7328.d.68C2B8E50D93BC34F9553E5418FD6F49.e.11163","ELEMENT":"f.17291DB1E67CD9F3C23A369F0CDF7328.d.68C2B8E50D93BC34F9553E5418FD6F49.e.11163"}]}
COMMAND: POST /session/2c26340218390abaea45fe4d98ab669b/element/f.17291DB1E67CD9F3C23A369F0CDF7328.d.68C2B8E50D93BC34F9553E5418FD6F49.e.11163/click - {}
COMMAND: GET /session/2c26340218390abaea45fe4d98ab669b/screenshot - {}
RESULT: {}
RESULT: {}
COMMAND: POST /session/2c26340218390abaea45fe4d98ab669b/execute/async - {"script":"<script> [1562 bytes]","args":[{"selector":{"id":"application-manageresources-display-component---newResourceUnit--TYPE-arrow"},"wdio_ui5_key":"applicationmanageresources-display-component---newResourceUnit--TYPE-arrow"}]}
COMMAND: GET /session/2c26340218390abaea45fe4d98ab669b/screenshot - {}
RESULT: {"script":"<script> [1562 bytes]","args":[{"selector":{"id":"application-manageresources-display-component---newResourceUnit--TYPE-arrow"},"wdio_ui5_key":"applicationmanageresources-display-component---newResourceUnit--TYPE-arrow"}]}
RESULT: undefined
COMMAND: POST /session/2c26340218390abaea45fe4d98ab669b/element - {"using":"xpath","value":"//*[@id=\"application-manageresources-display-component---newResourceUnit--TYPE-arrow\"]"}
RESULT: {}
RESULT: {"using":"xpath","value":"//*[@id=\"application-manageresources-display-component---newResourceUnit--TYPE-arrow\"]"}
COMMAND: POST /session/2c26340218390abaea45fe4d98ab669b/element/f.17291DB1E67CD9F3C23A369F0CDF7328.d.68C2B8E50D93BC34F9553E5418FD6F49.e.11501/click - {}
RESULT: {}
COMMAND: POST /session/2c26340218390abaea45fe4d98ab669b/execute/async - {"script":"<script> [1562 bytes]","args":[{"selector":{"controlType":"sap.m.StandardListItem","viewName":"reusables.view.manageresources.NewResourceUnit","viewId":"application-manageresources-display-component---newResourceUnit","properties":{"title":"Material"},"searchOpenDialogs":true,"interaction":{"idSuffix":"titleText"}},"wdio_ui5_key":"reusablesview.manageresources.NewResourceUnitsap.m.StandardListItem{\"title\":\"Material\"}"}]}
COMMAND: GET /session/2c26340218390abaea45fe4d98ab669b/screenshot - {}
RESULT: {"script":"<script> [1562 bytes]","args":[{"selector":{"controlType":"sap.m.StandardListItem","viewName":"reusables.view.manageresources.NewResourceUnit","viewId":"application-manageresources-display-component---newResourceUnit","properties":{"title":"Material"},"searchOpenDialogs":true,"interaction":{"idSuffix":"titleText"}},"wdio_ui5_key":"reusablesview.manageresources.NewResourceUnitsap.m.StandardListItem{\"title\":\"Material\"}"}]}
RESULT: undefined
COMMAND: POST /session/2c26340218390abaea45fe4d98ab669b/element - {"using":"xpath","value":"//*[@id=\"__item219\"]"}
RESULT: {}
RESULT: {"using":"xpath","value":"//*[@id=\"__item219\"]"}
COMMAND: POST /session/2c26340218390abaea45fe4d98ab669b/element/f.17291DB1E67CD9F3C23A369F0CDF7328.d.68C2B8E50D93BC34F9553E5418FD6F49.e.11504/click - {}
RESULT: {}
COMMAND: POST /session/2c26340218390abaea45fe4d98ab669b/execute/async - {"script":"<script> [1562 bytes]","args":[{"selector":{"id":"application-manageresources-display-component---newResourceUnit--SHORT_TEXT","interaction":{"idSuffix":"inner"}},"wdio_ui5_key":"applicationmanageresources-display-component---newResourceUnit--SHORT_TEXT"}]}
COMMAND: GET /session/2c26340218390abaea45fe4d98ab669b/screenshot - {}
RESULT: {"script":"<script> [1562 bytes]","args":[{"selector":{"id":"application-manageresources-display-component---newResourceUnit--SHORT_TEXT","interaction":{"idSuffix":"inner"}},"wdio_ui5_key":"applicationmanageresources-display-component---newResourceUnit--SHORT_TEXT"}]}
RESULT: undefined
COMMAND: POST /session/2c26340218390abaea45fe4d98ab669b/execute/async - {"script":"<script> [776 bytes]","args":[{"enterText":"WebdriverRUR2Csk0fk","selector":{"id":"application-manageresources-display-component---newResourceUnit--SHORT_TEXT","interaction":{"idSuffix":"inner"}},"clearTextFirst":true,"interactionType":"ENTER_TEXT"}]}
RESULT: {}
RESULT: {"script":"<script> [776 bytes]","args":[{"enterText":"WebdriverRUR2Csk0fk","selector":{"id":"application-manageresources-display-component---newResourceUnit--SHORT_TEXT","interaction":{"idSuffix":"inner"}},"clearTextFirst":true,"interactionType":"ENTER_TEXT"}]}
COMMAND: POST /session/2c26340218390abaea45fe4d98ab669b/execute/async - {"script":"<script> [1562 bytes]","args":[{"selector":{"id":"application-manageresources-display-component---newResourceUnit--BASE_UNIT_OF_MEASURE-arrow"},"wdio_ui5_key":"applicationmanageresources-display-component---newResourceUnit--BASE_UNIT_OF_MEASURE-arrow"}]}
RESULT: {"script":"<script> [1562 bytes]","args":[{"selector":{"id":"application-manageresources-display-component---newResourceUnit--BASE_UNIT_OF_MEASURE-arrow"},"wdio_ui5_key":"applicationmanageresources-display-component---newResourceUnit--BASE_UNIT_OF_MEASURE-arrow"}]}
RESULT: undefined
COMMAND: POST /session/2c26340218390abaea45fe4d98ab669b/element - {"using":"xpath","value":"//*[@id=\"application-manageresources-display-component---newResourceUnit--BASE_UNIT_OF_MEASURE-arrow\"]"}
RESULT: {"using":"xpath","value":"//*[@id=\"application-manageresources-display-component---newResourceUnit--BASE_UNIT_OF_MEASURE-arrow\"]"}
COMMAND: POST /session/2c26340218390abaea45fe4d98ab669b/element/f.17291DB1E67CD9F3C23A369F0CDF7328.d.68C2B8E50D93BC34F9553E5418FD6F49.e.11560/click - {}
RESULT: {}
COMMAND: POST /session/2c26340218390abaea45fe4d98ab669b/execute/async - {"script":"<script> [1562 bytes]","args":[{"selector":{"controlType":"sap.m.StandardListItem","viewName":"reusables.view.manageresources.NewResourceUnit","viewId":"application-manageresources-display-component---newResourceUnit","properties":{"title":"Piece"},"searchOpenDialogs":true,"interaction":{"idSuffix":"titleText"}},"wdio_ui5_key":"reusablesview.manageresources.NewResourceUnitsap.m.StandardListItem{\"title\":\"Piece\"}"}]}
COMMAND: GET /session/2c26340218390abaea45fe4d98ab669b/screenshot - {}
RESULT: {"script":"<script> [1562 bytes]","args":[{"selector":{"controlType":"sap.m.StandardListItem","viewName":"reusables.view.manageresources.NewResourceUnit","viewId":"application-manageresources-display-component---newResourceUnit","properties":{"title":"Piece"},"searchOpenDialogs":true,"interaction":{"idSuffix":"titleText"}},"wdio_ui5_key":"reusablesview.manageresources.NewResourceUnitsap.m.StandardListItem{\"title\":\"Piece\"}"}]}
RESULT: undefined
COMMAND: POST /session/2c26340218390abaea45fe4d98ab669b/element - {"using":"xpath","value":"//*[@id=\"__item263\"]"}
RESULT: {}
RESULT: {"using":"xpath","value":"//*[@id=\"__item263\"]"}
COMMAND: POST /session/2c26340218390abaea45fe4d98ab669b/element/f.17291DB1E67CD9F3C23A369F0CDF7328.d.68C2B8E50D93BC34F9553E5418FD6F49.e.11562/click - {}
RESULT: {}
COMMAND: POST /session/2c26340218390abaea45fe4d98ab669b/element - {"using":"xpath","value":"//input[contains(@id ,\"application-manageresources-display-component---newResourceUnit--SHORT_TEXT-inner\")]"}
COMMAND: GET /session/2c26340218390abaea45fe4d98ab669b/screenshot - {}
RESULT: {"using":"xpath","value":"//input[contains(@id ,\"application-manageresources-display-component---newResourceUnit--SHORT_TEXT-inner\")]"}
COMMAND: GET /session/2c26340218390abaea45fe4d98ab669b/element/f.17291DB1E67CD9F3C23A369F0CDF7328.d.68C2B8E50D93BC34F9553E5418FD6F49.e.11521/property/value - {}
RESULT: {}
RESULT: {}
COMMAND: POST /session/2c26340218390abaea45fe4d98ab669b/execute/async - {"script":"<script> [1562 bytes]","args":[{"selector":{"id":"application-manageresources-display-component---newResourceUnit--WEIGHT_UNIT-arrow"},"wdio_ui5_key":"applicationmanageresources-display-component---newResourceUnit--WEIGHT_UNIT-arrow"}]}
COMMAND: GET /session/2c26340218390abaea45fe4d98ab669b/screenshot - {}
RESULT: {"script":"<script> [1562 bytes]","args":[{"selector":{"id":"application-manageresources-display-component---newResourceUnit--WEIGHT_UNIT-arrow"},"wdio_ui5_key":"applicationmanageresources-display-component---newResourceUnit--WEIGHT_UNIT-arrow"}]}
RESULT: undefined
COMMAND: POST /session/2c26340218390abaea45fe4d98ab669b/element - {"using":"xpath","value":"//*[@id=\"application-manageresources-display-component---newResourceUnit--WEIGHT_UNIT-arrow\"]"}
RESULT: {}
RESULT: {"using":"xpath","value":"//*[@id=\"application-manageresources-display-component---newResourceUnit--WEIGHT_UNIT-arrow\"]"}
COMMAND: POST /session/2c26340218390abaea45fe4d98ab669b/element/f.17291DB1E67CD9F3C23A369F0CDF7328.d.68C2B8E50D93BC34F9553E5418FD6F49.e.11563/click - {}
RESULT: {}
COMMAND: POST /session/2c26340218390abaea45fe4d98ab669b/execute/async - {"script":"<script> [1562 bytes]","args":[{"selector":{"controlType":"sap.m.StandardListItem","viewName":"reusables.view.manageresources.NewResourceUnit","viewId":"application-manageresources-display-component---newResourceUnit","properties":{"title":"Gram"},"searchOpenDialogs":true,"interaction":{"idSuffix":"content"}},"wdio_ui5_key":"reusablesview.manageresources.NewResourceUnitsap.m.StandardListItem{\"title\":\"Gram\"}"}]}
COMMAND: GET /session/2c26340218390abaea45fe4d98ab669b/screenshot - {}
RESULT: {"script":"<script> [1562 bytes]","args":[{"selector":{"controlType":"sap.m.StandardListItem","viewName":"reusables.view.manageresources.NewResourceUnit","viewId":"application-manageresources-display-component---newResourceUnit","properties":{"title":"Gram"},"searchOpenDialogs":true,"interaction":{"idSuffix":"content"}},"wdio_ui5_key":"reusablesview.manageresources.NewResourceUnitsap.m.StandardListItem{\"title\":\"Gram\"}"}]}
RESULT: undefined
COMMAND: POST /session/2c26340218390abaea45fe4d98ab669b/element - {"using":"xpath","value":"//*[@id=\"__item328\"]"}
RESULT: {}
RESULT: {"using":"xpath","value":"//*[@id=\"__item328\"]"}
COMMAND: POST /session/2c26340218390abaea45fe4d98ab669b/element/f.17291DB1E67CD9F3C23A369F0CDF7328.d.68C2B8E50D93BC34F9553E5418FD6F49.e.11565/click - {}
RESULT: {}
COMMAND: POST /session/2c26340218390abaea45fe4d98ab669b/execute/async - {"script":"<script> [1562 bytes]","args":[{"selector":{"id":"application-manageresources-display-component---newResourceUnit--newRRUPage-OPHeaderContent-collapseBtn-img"},"wdio_ui5_key":"applicationmanageresources-display-component---newResourceUnit--newRRUPage-OPHeaderContent-collapseBtn-img"}]}
COMMAND: GET /session/2c26340218390abaea45fe4d98ab669b/screenshot - {}
RESULT: {"script":"<script> [1562 bytes]","args":[{"selector":{"id":"application-manageresources-display-component---newResourceUnit--newRRUPage-OPHeaderContent-collapseBtn-img"},"wdio_ui5_key":"applicationmanageresources-display-component---newResourceUnit--newRRUPage-OPHeaderContent-collapseBtn-img"}]}
RESULT: undefined
COMMAND: POST /session/2c26340218390abaea45fe4d98ab669b/element - {"using":"xpath","value":"//*[@id=\"application-manageresources-display-component---newResourceUnit--newRRUPage-OPHeaderContent-collapseBtn-img\"]"}
RESULT: {}
RESULT: {"using":"xpath","value":"//*[@id=\"application-manageresources-display-component---newResourceUnit--newRRUPage-OPHeaderContent-collapseBtn-img\"]"}
COMMAND: POST /session/2c26340218390abaea45fe4d98ab669b/element/f.17291DB1E67CD9F3C23A369F0CDF7328.d.68C2B8E50D93BC34F9553E5418FD6F49.e.11511/click - {}
RESULT: {}
COMMAND: GET /session/2c26340218390abaea45fe4d98ab669b/screenshot - {}
RESULT: {}
COMMAND: POST /session/2c26340218390abaea45fe4d98ab669b/element - {"using":"xpath","value":"(//span[contains(@id ,\"application-manageresources-display-component---newResourceUnit--DIMENSION_UNIT-arrow\")])[1]"}
RESULT: {"using":"xpath","value":"(//span[contains(@id ,\"application-manageresources-display-component---newResourceUnit--DIMENSION_UNIT-arrow\")])[1]"}
COMMAND: POST /session/2c26340218390abaea45fe4d98ab669b/element/f.17291DB1E67CD9F3C23A369F0CDF7328.d.68C2B8E50D93BC34F9553E5418FD6F49.e.11569/click - {}
RESULT: {}
COMMAND: GET /session/2c26340218390abaea45fe4d98ab669b/screenshot - {}
RESULT: {}
COMMAND: POST /session/2c26340218390abaea45fe4d98ab669b/execute/async - {"script":"<script> [1562 bytes]","args":[{"selector":{"controlType":"sap.m.StandardListItem","viewName":"reusables.view.manageresources.NewResourceUnit","viewId":"application-manageresources-display-component---newResourceUnit","properties":{"title":"Centimeter"},"searchOpenDialogs":true,"interaction":{"idSuffix":"titleText"}},"wdio_ui5_key":"reusablesview.manageresources.NewResourceUnitsap.m.StandardListItem{\"title\":\"Centimeter\"}"}]}
RESULT: {"script":"<script> [1562 bytes]","args":[{"selector":{"controlType":"sap.m.StandardListItem","viewName":"reusables.view.manageresources.NewResourceUnit","viewId":"application-manageresources-display-component---newResourceUnit","properties":{"title":"Centimeter"},"searchOpenDialogs":true,"interaction":{"idSuffix":"titleText"}},"wdio_ui5_key":"reusablesview.manageresources.NewResourceUnitsap.m.StandardListItem{\"title\":\"Centimeter\"}"}]}
RESULT: undefined
COMMAND: POST /session/2c26340218390abaea45fe4d98ab669b/element - {"using":"xpath","value":"//*[@id=\"__item331\"]"}
RESULT: {"using":"xpath","value":"//*[@id=\"__item331\"]"}
COMMAND: POST /session/2c26340218390abaea45fe4d98ab669b/element/f.17291DB1E67CD9F3C23A369F0CDF7328.d.68C2B8E50D93BC34F9553E5418FD6F49.e.11573/click - {}
RESULT: {}
COMMAND: POST /session/2c26340218390abaea45fe4d98ab669b/execute/async - {"script":"<script> [1562 bytes]","args":[{"selector":{"id":"application-manageresources-display-component---newResourceUnit--newRRUPage-anchBar-application-manageresources-display-component---newResourceUnit--reference-anchor","interaction":{"idSuffix":"BDI-content"}},"wdio_ui5_key":"applicationmanageresources-display-component---newResourceUnit--newRRUPage-anchBar-application-manageresources-display-component---newResourceUnit--reference-anchor"}]}
COMMAND: GET /session/2c26340218390abaea45fe4d98ab669b/screenshot - {}
RESULT: {"script":"<script> [1562 bytes]","args":[{"selector":{"id":"application-manageresources-display-component---newResourceUnit--newRRUPage-anchBar-application-manageresources-display-component---newResourceUnit--reference-anchor","interaction":{"idSuffix":"BDI-content"}},"wdio_ui5_key":"applicationmanageresources-display-component---newResourceUnit--newRRUPage-anchBar-application-manageresources-display-component---newResourceUnit--reference-anchor"}]}
RESULT: undefined
COMMAND: POST /session/2c26340218390abaea45fe4d98ab669b/element - {"using":"xpath","value":"//*[@id=\"application-manageresources-display-component---newResourceUnit--newRRUPage-anchBar-application-manageresources-display-component---newResourceUnit--reference-anchor\"]"}
RESULT: {}
RESULT: {"using":"xpath","value":"//*[@id=\"application-manageresources-display-component---newResourceUnit--newRRUPage-anchBar-application-manageresources-display-component---newResourceUnit--reference-anchor\"]"}
COMMAND: POST /session/2c26340218390abaea45fe4d98ab669b/element/f.17291DB1E67CD9F3C23A369F0CDF7328.d.68C2B8E50D93BC34F9553E5418FD6F49.e.11575/click - {}
RESULT: {}
COMMAND: POST /session/2c26340218390abaea45fe4d98ab669b/execute/async - {"script":"<script> [1562 bytes]","args":[{"selector":{"id":"application-manageresources-display-component---newResourceUnit--PLANNING_GROUP-arrow"},"wdio_ui5_key":"applicationmanageresources-display-component---newResourceUnit--PLANNING_GROUP-arrow"}]}
COMMAND: GET /session/2c26340218390abaea45fe4d98ab669b/screenshot - {}
RESULT: {"script":"<script> [1562 bytes]","args":[{"selector":{"id":"application-manageresources-display-component---newResourceUnit--PLANNING_GROUP-arrow"},"wdio_ui5_key":"applicationmanageresources-display-component---newResourceUnit--PLANNING_GROUP-arrow"}]}
RESULT: undefined
COMMAND: POST /session/2c26340218390abaea45fe4d98ab669b/element - {"using":"xpath","value":"//*[@id=\"application-manageresources-display-component---newResourceUnit--PLANNING_GROUP-arrow\"]"}
RESULT: {}
RESULT: {"using":"xpath","value":"//*[@id=\"application-manageresources-display-component---newResourceUnit--PLANNING_GROUP-arrow\"]"}
COMMAND: POST /session/2c26340218390abaea45fe4d98ab669b/element/f.17291DB1E67CD9F3C23A369F0CDF7328.d.68C2B8E50D93BC34F9553E5418FD6F49.e.11579/click - {}
RESULT: {}
COMMAND: POST /session/2c26340218390abaea45fe4d98ab669b/execute/async - {"script":"<script> [1562 bytes]","args":[{"selector":{"controlType":"sap.m.StandardListItem","viewName":"reusables.view.manageresources.NewResourceUnit","viewId":"application-manageresources-display-component---newResourceUnit","properties":{"title":"Heavy Equi"},"searchOpenDialogs":true,"interaction":{"idSuffix":"content"}},"wdio_ui5_key":"reusablesview.manageresources.NewResourceUnitsap.m.StandardListItem{\"title\":\"Heavy Equi\"}"}]}
COMMAND: GET /session/2c26340218390abaea45fe4d98ab669b/screenshot - {}
RESULT: {"script":"<script> [1562 bytes]","args":[{"selector":{"controlType":"sap.m.StandardListItem","viewName":"reusables.view.manageresources.NewResourceUnit","viewId":"application-manageresources-display-component---newResourceUnit","properties":{"title":"Heavy Equi"},"searchOpenDialogs":true,"interaction":{"idSuffix":"content"}},"wdio_ui5_key":"reusablesview.manageresources.NewResourceUnitsap.m.StandardListItem{\"title\":\"Heavy Equi\"}"}]}
RESULT: undefined
COMMAND: POST /session/2c26340218390abaea45fe4d98ab669b/element - {"using":"xpath","value":"//*[@id=\"__item339\"]"}
RESULT: {}
RESULT: {"using":"xpath","value":"//*[@id=\"__item339\"]"}
COMMAND: POST /session/2c26340218390abaea45fe4d98ab669b/element/f.17291DB1E67CD9F3C23A369F0CDF7328.d.68C2B8E50D93BC34F9553E5418FD6F49.e.11582/click - {}
RESULT: {}
COMMAND: GET /session/2c26340218390abaea45fe4d98ab669b/screenshot - {}
RESULT: {}
COMMAND: POST /session/2c26340218390abaea45fe4d98ab669b/execute/async - {"script":"<script> [1562 bytes]","args":[{"selector":{"id":"application-manageresources-display-component---newResourceUnit--PLANNING_INDICATOR-arrow"},"wdio_ui5_key":"applicationmanageresources-display-component---newResourceUnit--PLANNING_INDICATOR-arrow"}]}
RESULT: {"script":"<script> [1562 bytes]","args":[{"selector":{"id":"application-manageresources-display-component---newResourceUnit--PLANNING_INDICATOR-arrow"},"wdio_ui5_key":"applicationmanageresources-display-component---newResourceUnit--PLANNING_INDICATOR-arrow"}]}
RESULT: undefined
COMMAND: POST /session/2c26340218390abaea45fe4d98ab669b/element - {"using":"xpath","value":"//*[@id=\"application-manageresources-display-component---newResourceUnit--PLANNING_INDICATOR-arrow\"]"}
RESULT: {"using":"xpath","value":"//*[@id=\"application-manageresources-display-component---newResourceUnit--PLANNING_INDICATOR-arrow\"]"}
COMMAND: POST /session/2c26340218390abaea45fe4d98ab669b/element/f.17291DB1E67CD9F3C23A369F0CDF7328.d.68C2B8E50D93BC34F9553E5418FD6F49.e.11583/click - {}
RESULT: {}
COMMAND: POST /session/2c26340218390abaea45fe4d98ab669b/execute/async - {"script":"<script> [1562 bytes]","args":[{"selector":{"controlType":"sap.m.StandardListItem","viewName":"reusables.view.manageresources.NewResourceUnit","viewId":"application-manageresources-display-component---newResourceUnit","properties":{"title":"10 - infinite"},"searchOpenDialogs":true,"interaction":{"idSuffix":"content"}},"wdio_ui5_key":"reusablesview.manageresources.NewResourceUnitsap.m.StandardListItem{\"title\":\"10 - infinite\"}"}]}
COMMAND: GET /session/2c26340218390abaea45fe4d98ab669b/screenshot - {}
RESULT: {"script":"<script> [1562 bytes]","args":[{"selector":{"controlType":"sap.m.StandardListItem","viewName":"reusables.view.manageresources.NewResourceUnit","viewId":"application-manageresources-display-component---newResourceUnit","properties":{"title":"10 - infinite"},"searchOpenDialogs":true,"interaction":{"idSuffix":"content"}},"wdio_ui5_key":"reusablesview.manageresources.NewResourceUnitsap.m.StandardListItem{\"title\":\"10 - infinite\"}"}]}
RESULT: undefined
COMMAND: POST /session/2c26340218390abaea45fe4d98ab669b/element - {"using":"xpath","value":"//*[@id=\"__item349\"]"}
RESULT: {}
RESULT: {"using":"xpath","value":"//*[@id=\"__item349\"]"}
COMMAND: POST /session/2c26340218390abaea45fe4d98ab669b/element/f.17291DB1E67CD9F3C23A369F0CDF7328.d.68C2B8E50D93BC34F9553E5418FD6F49.e.11585/click - {}
RESULT: {}
COMMAND: GET /session/2c26340218390abaea45fe4d98ab669b/screenshot - {}
RESULT: {}
COMMAND: POST /session/2c26340218390abaea45fe4d98ab669b/element - {"using":"xpath","value":"//bdi[contains(text(), \"Time Segment\")]"}
RESULT: {"using":"xpath","value":"//bdi[contains(text(), \"Time Segment\")]"}
COMMAND: GET /session/2c26340218390abaea45fe4d98ab669b/element/f.17291DB1E67CD9F3C23A369F0CDF7328.d.68C2B8E50D93BC34F9553E5418FD6F49.e.11586/rect - {}
RESULT: {}
COMMAND: GET /session/2c26340218390abaea45fe4d98ab669b/window/rect - {}
RESULT: {}
COMMAND: POST /session/2c26340218390abaea45fe4d98ab669b/execute/sync - {"script":"<script> [92 bytes]","args":[]}
RESULT: {"script":"<script> [92 bytes]","args":[]}
COMMAND: POST /session/2c26340218390abaea45fe4d98ab669b/actions - {"actions":[{"id":"action29","type":"wheel","parameters":{},"actions":[{"type":"scroll","x":-1820,"y":-21,"deltaX":0,"deltaY":0,"duration":0,"origin":{"element-6066-11e4-a52e-4f735466cecf":"f.17291DB1E67CD9F3C23A369F0CDF7328.d.68C2B8E50D93BC34F9553E5418FD6F49.e.11586"}}]}]}
COMMAND: GET /session/2c26340218390abaea45fe4d98ab669b/screenshot - {}
RESULT: {}
COMMAND: POST /session/2c26340218390abaea45fe4d98ab669b/execute/sync - {"script":"<script> [79 bytes]","args":[{"element-6066-11e4-a52e-4f735466cecf":"f.17291DB1E67CD9F3C23A369F0CDF7328.d.68C2B8E50D93BC34F9553E5418FD6F49.e.11586","ELEMENT":"f.17291DB1E67CD9F3C23A369F0CDF7328.d.68C2B8E50D93BC34F9553E5418FD6F49.e.11586"},{"block":"start","inline":"nearest"}]}
RESULT: {"script":"<script> [79 bytes]","args":[{"element-6066-11e4-a52e-4f735466cecf":"f.17291DB1E67CD9F3C23A369F0CDF7328.d.68C2B8E50D93BC34F9553E5418FD6F49.e.11586","ELEMENT":"f.17291DB1E67CD9F3C23A369F0CDF7328.d.68C2B8E50D93BC34F9553E5418FD6F49.e.11586"},{"block":"start","inline":"nearest"}]}
COMMAND: GET /session/2c26340218390abaea45fe4d98ab669b/screenshot - {}
RESULT: {}
COMMAND: POST /session/2c26340218390abaea45fe4d98ab669b/element - {"using":"xpath","value":"//span[@id=\"application-manageresources-display-component---newResourceUnit--btnAddTimeSegment-img\"]"}
RESULT: {"using":"xpath","value":"//span[@id=\"application-manageresources-display-component---newResourceUnit--btnAddTimeSegment-img\"]"}
COMMAND: POST /session/2c26340218390abaea45fe4d98ab669b/execute/sync - {"script":"<script> [8489 bytes]","args":[{"element-6066-11e4-a52e-4f735466cecf":"f.17291DB1E67CD9F3C23A369F0CDF7328.d.68C2B8E50D93BC34F9553E5418FD6F49.e.11589","ELEMENT":"f.17291DB1E67CD9F3C23A369F0CDF7328.d.68C2B8E50D93BC34F9553E5418FD6F49.e.11589"}]}
RESULT: {"script":"<script> [8489 bytes]","args":[{"element-6066-11e4-a52e-4f735466cecf":"f.17291DB1E67CD9F3C23A369F0CDF7328.d.68C2B8E50D93BC34F9553E5418FD6F49.e.11589","ELEMENT":"f.17291DB1E67CD9F3C23A369F0CDF7328.d.68C2B8E50D93BC34F9553E5418FD6F49.e.11589"}]}
COMMAND: POST /session/2c26340218390abaea45fe4d98ab669b/element/f.17291DB1E67CD9F3C23A369F0CDF7328.d.68C2B8E50D93BC34F9553E5418FD6F49.e.11589/click - {}
COMMAND: GET /session/2c26340218390abaea45fe4d98ab669b/screenshot - {}
RESULT: {}
COMMAND: GET /session/2c26340218390abaea45fe4d98ab669b/screenshot - {}
COMMAND: POST /session/2c26340218390abaea45fe4d98ab669b/element - {"using":"xpath","value":"//input[@id=\"application-manageresources-display-component---newResourceUnit--idRuTSAdmin-application-manageresources-display-component---newResourceUnit--RUTimeSegment-0-inner\"]"}
RESULT: {}
RESULT: {}
RESULT: {"using":"xpath","value":"//input[@id=\"application-manageresources-display-component---newResourceUnit--idRuTSAdmin-application-manageresources-display-component---newResourceUnit--RUTimeSegment-0-inner\"]"}
COMMAND: POST /session/2c26340218390abaea45fe4d98ab669b/element/f.17291DB1E67CD9F3C23A369F0CDF7328.d.68C2B8E50D93BC34F9553E5418FD6F49.e.11592/clear - {}
RESULT: {}
COMMAND: POST /session/2c26340218390abaea45fe4d98ab669b/element/f.17291DB1E67CD9F3C23A369F0CDF7328.d.68C2B8E50D93BC34F9553E5418FD6F49.e.11592/value - {"text":"WebdriverWHMYardqe52xi"}
COMMAND: GET /session/2c26340218390abaea45fe4d98ab669b/screenshot - {}
RESULT: {"text":"WebdriverWHMYardqe52xi"}
COMMAND: GET /session/2c26340218390abaea45fe4d98ab669b/screenshot - {}
RESULT: {}
RESULT: {}
COMMAND: POST /session/2c26340218390abaea45fe4d98ab669b/actions - {"actions":[{"id":"action30","type":"key","parameters":{},"actions":[{"type":"keyDown","value":""},{"type":"pause","duration":10},{"type":"keyUp","value":""}]}]}
RESULT: {"actions":[{"id":"action30","type":"key","parameters":{},"actions":[{"type":"keyDown","value":""},{"type":"pause","duration":10},{"type":"keyUp","value":""}]}]}
COMMAND: GET /session/2c26340218390abaea45fe4d98ab669b/screenshot - {}
RESULT: {}
COMMAND: POST /session/2c26340218390abaea45fe4d98ab669b/execute/async - {"script":"<script> [1562 bytes]","args":[{"selector":{"controlType":"sap.m.Button","viewName":"reusables.view.manageresources.NewResourceUnit","viewId":"application-manageresources-display-component---newResourceUnit","i18NText":{"propertyName":"tooltip","key":"save"},"interaction":{"idSuffix":"BDI-content"}},"wdio_ui5_key":"reusablesview.manageresources.NewResourceUnitsap.m.Button{\"propertyName\":\"tooltip\",\"key\":\"save\"}"}]}
RESULT: {"script":"<script> [1562 bytes]","args":[{"selector":{"controlType":"sap.m.Button","viewName":"reusables.view.manageresources.NewResourceUnit","viewId":"application-manageresources-display-component---newResourceUnit","i18NText":{"propertyName":"tooltip","key":"save"},"interaction":{"idSuffix":"BDI-content"}},"wdio_ui5_key":"reusablesview.manageresources.NewResourceUnitsap.m.Button{\"propertyName\":\"tooltip\",\"key\":\"save\"}"}]}
RESULT: undefined
COMMAND: POST /session/2c26340218390abaea45fe4d98ab669b/element - {"using":"xpath","value":"//*[@id=\"application-manageresources-display-component---newResourceUnit--createRuButton\"]"}
RESULT: {"using":"xpath","value":"//*[@id=\"application-manageresources-display-component---newResourceUnit--createRuButton\"]"}
COMMAND: POST /session/2c26340218390abaea45fe4d98ab669b/element/f.17291DB1E67CD9F3C23A369F0CDF7328.d.68C2B8E50D93BC34F9553E5418FD6F49.e.11517/click - {}
RESULT: {}
COMMAND: GET /session/2c26340218390abaea45fe4d98ab669b/screenshot - {}
RESULT: {}
COMMAND: POST /session/2c26340218390abaea45fe4d98ab669b/execute/async - {"script":"<script> [1562 bytes]","args":[{"selector":{"controlType":"sap.m.Title","properties":{"text":"Success"},"searchOpenDialogs":true},"wdio_ui5_key":"sapm.Title{\"text\":\"Success\"}"}]}
RESULT: {"script":"<script> [1562 bytes]","args":[{"selector":{"controlType":"sap.m.Title","properties":{"text":"Success"},"searchOpenDialogs":true},"wdio_ui5_key":"sapm.Title{\"text\":\"Success\"}"}]}
RESULT: undefined
COMMAND: POST /session/2c26340218390abaea45fe4d98ab669b/execute/async - {"script":"<script> [6424 bytes]","args":[{"element-6066-11e4-a52e-4f735466cecf":"f.17291DB1E67CD9F3C23A369F0CDF7328.d.68C2B8E50D93BC34F9553E5418FD6F49.e.11606"},"getText",[]]}
RESULT: {"script":"<script> [6424 bytes]","args":[{"element-6066-11e4-a52e-4f735466cecf":"f.17291DB1E67CD9F3C23A369F0CDF7328.d.68C2B8E50D93BC34F9553E5418FD6F49.e.11606"},"getText",[]]}
COMMAND: POST /session/2c26340218390abaea45fe4d98ab669b/element - {"using":"xpath","value":"//*[contains(@id, '__text') and (contains(text(), 'successfully created') or contains(., 'successfully created'))]"}
RESULT: {"using":"xpath","value":"//*[contains(@id, '__text') and (contains(text(), 'successfully created') or contains(., 'successfully created'))]"}
COMMAND: GET /session/2c26340218390abaea45fe4d98ab669b/element/f.17291DB1E67CD9F3C23A369F0CDF7328.d.68C2B8E50D93BC34F9553E5418FD6F49.e.11604/text - {}
RESULT: {}
COMMAND: POST /session/2c26340218390abaea45fe4d98ab669b/execute/async - {"script":"<script> [1562 bytes]","args":[{"selector":{"controlType":"sap.m.Button","properties":{"text":"Close"},"searchOpenDialogs":true,"interaction":{"idSuffix":"BDI-content"}},"wdio_ui5_key":"sapm.Button{\"text\":\"Close\"}"}]}
RESULT: {"script":"<script> [1562 bytes]","args":[{"selector":{"controlType":"sap.m.Button","properties":{"text":"Close"},"searchOpenDialogs":true,"interaction":{"idSuffix":"BDI-content"}},"wdio_ui5_key":"sapm.Button{\"text\":\"Close\"}"}]}
RESULT: undefined
COMMAND: POST /session/2c26340218390abaea45fe4d98ab669b/element - {"using":"xpath","value":"//*[@id=\"__mbox-btn-0\"]"}
RESULT: {"using":"xpath","value":"//*[@id=\"__mbox-btn-0\"]"}
COMMAND: POST /session/2c26340218390abaea45fe4d98ab669b/element/f.17291DB1E67CD9F3C23A369F0CDF7328.d.68C2B8E50D93BC34F9553E5418FD6F49.e.11602/click - {}
RESULT: {}
COMMAND: GET /session/2c26340218390abaea45fe4d98ab669b/screenshot - {}
RESULT: {}
COMMAND: POST /session/2c26340218390abaea45fe4d98ab669b/execute/async - {"script":"<script> [1562 bytes]","args":[{"selector":{"controlType":"sap.ui.core.Icon","viewName":"etm.portal.ui.manageresources.view.Detail","viewId":"application-manageresources-display-component---detailRU","properties":{"src":{"regex":{"source":"overflow"}}}},"wdio_ui5_key":"etmportal.ui.manageresources.view.Detailsap.ui.core.Icon{\"src\":{\"regex\":{\"source\":\"overflow\"}}}"}]}
RESULT: {"script":"<script> [1562 bytes]","args":[{"selector":{"controlType":"sap.ui.core.Icon","viewName":"etm.portal.ui.manageresources.view.Detail","viewId":"application-manageresources-display-component---detailRU","properties":{"src":{"regex":{"source":"overflow"}}}},"wdio_ui5_key":"etmportal.ui.manageresources.view.Detailsap.ui.core.Icon{\"src\":{\"regex\":{\"source\":\"overflow\"}}}"}]}
RESULT: undefined
COMMAND: POST /session/2c26340218390abaea45fe4d98ab669b/element - {"using":"xpath","value":"//*[@id=\"__title18-_actionsToolbar-overflowButton-img\"]"}
RESULT: {"using":"xpath","value":"//*[@id=\"__title18-_actionsToolbar-overflowButton-img\"]"}
COMMAND: POST /session/2c26340218390abaea45fe4d98ab669b/element/f.17291DB1E67CD9F3C23A369F0CDF7328.d.68C2B8E50D93BC34F9553E5418FD6F49.e.11637/click - {}
RESULT: {}
COMMAND: POST /session/2c26340218390abaea45fe4d98ab669b/execute/async - {"script":"<script> [1562 bytes]","args":[{"selector":{"controlType":"sap.m.Button","viewName":"etm.portal.ui.manageresources.view.Detail","viewId":"application-manageresources-display-component---detailRU","i18NText":{"propertyName":"tooltip","key":"closeColumn"},"searchOpenDialogs":true,"interaction":{"idSuffix":"inner"}},"wdio_ui5_key":"etmportal.ui.manageresources.view.Detailsap.m.Button{\"propertyName\":\"tooltip\",\"key\":\"closeColumn\"}"}]}
COMMAND: GET /session/2c26340218390abaea45fe4d98ab669b/screenshot - {}
RESULT: {"script":"<script> [1562 bytes]","args":[{"selector":{"controlType":"sap.m.Button","viewName":"etm.portal.ui.manageresources.view.Detail","viewId":"application-manageresources-display-component---detailRU","i18NText":{"propertyName":"tooltip","key":"closeColumn"},"searchOpenDialogs":true,"interaction":{"idSuffix":"inner"}},"wdio_ui5_key":"etmportal.ui.manageresources.view.Detailsap.m.Button{\"propertyName\":\"tooltip\",\"key\":\"closeColumn\"}"}]}
RESULT: undefined
COMMAND: POST /session/2c26340218390abaea45fe4d98ab669b/element - {"using":"xpath","value":"//*[@id=\"__button47\"]"}
RESULT: {}
RESULT: {"using":"xpath","value":"//*[@id=\"__button47\"]"}
COMMAND: POST /session/2c26340218390abaea45fe4d98ab669b/element/f.17291DB1E67CD9F3C23A369F0CDF7328.d.68C2B8E50D93BC34F9553E5418FD6F49.e.11639/click - {}
RESULT: {}
COMMAND: GET /session/2c26340218390abaea45fe4d98ab669b/screenshot - {}
RESULT: {}
COMMAND: POST /session/2c26340218390abaea45fe4d98ab669b/refresh - {}
RESULT: {}
COMMAND: GET /session/2c26340218390abaea45fe4d98ab669b/screenshot - {}
RESULT: {}
COMMAND: POST /session/2c26340218390abaea45fe4d98ab669b/execute/async - {"script":"<script> [189 bytes]","args":[]}
RESULT: {"script":"<script> [189 bytes]","args":[]}
COMMAND: POST /session/2c26340218390abaea45fe4d98ab669b/execute/async - {"script":"<script> [123 bytes]","args":[]}
RESULT: {"script":"<script> [123 bytes]","args":[]}
COMMAND: POST /session/2c26340218390abaea45fe4d98ab669b/timeouts - {"script":"<number>"}
RESULT: {"script":"<number>"}
COMMAND: GET /session/2c26340218390abaea45fe4d98ab669b/timeouts - {}
RESULT: {}
RESULT: undefined
COMMAND: POST /session/2c26340218390abaea45fe4d98ab669b/execute/async - {"script":"<script> [2676 bytes]","args":[]}
RESULT: {"script":"<script> [2676 bytes]","args":[]}
COMMAND: POST /session/2c26340218390abaea45fe4d98ab669b/execute/async - {"script":"<script> [2342 bytes]","args":[{"protocol":"http","hostname":"0.0.0.0","path":"/","capabilities":{"browserName":"chrome","goog:chromeOptions":{"binary":"C:\\Program Files\\Google\\Chrome\\Application\\chrome.exe"}},"logLevel":"warn","connectionRetryTimeout":120000,"connectionRetryCount":3,"logLevels":{},"enableDirectConnect":true,"strictSSL":true,"_":"65 more keys: [\"cacheDir\",\"port\",\"requestedCapabilities\",\"automationProtocol\",\"baseUrl\",\"waitforInterval\",\"waitforTimeout\",\"onReload\",\"beforeCommand\",\"afterCommand\",\"rootDir\",\"specs\",\"suites\",\"exclude\",\"groupLogsByTestSpec\",\"excludeDriverLogs\",\"bail\",\"framework\",\"reporters\",\"services\",\"maxInstances\",\"maxInstancesPerCapability\",\"injectGlobals\",\"filesToWatch\",\"execArgv\",\"runnerEnv\",\"runner\",\"shard\",\"specFileRetries\",\"specFileRetriesDelay\",\"specFileRetriesDeferred\",\"reporterSyncInterval\",\"reporterSyncTimeout\",\"cucumberFeaturesWithLineNumbers\",\"autoCompileOpts\",\"mochaOpts\",\"jasmineOpts\",\"cucumberOpts\",\"onPrepare\",\"onWorkerStart\",\"onWorkerEnd\",\"before\",\"beforeSession\",\"beforeSuite\",\"beforeHook\",\"beforeTest\",\"afterTest\",\"afterHook\",\"afterSuite\",\"afterSession\",\"after\",\"onComplete\",\"beforeAssertion\",\"afterAssertion\",\"beforeFeature\",\"beforeScenario\",\"beforeStep\",\"afterStep\",\"afterScenario\",\"afterFeature\",\"_\",\"suite\",\"$0\",\"ignoredWorkerServices\",\"wdi5\"]"}]}
RESULT: {"script":"<script> [2342 bytes]","args":[{"protocol":"http","hostname":"0.0.0.0","path":"/","capabilities":{"browserName":"chrome","goog:chromeOptions":{"binary":"C:\\Program Files\\Google\\Chrome\\Application\\chrome.exe"}},"logLevel":"warn","connectionRetryTimeout":120000,"connectionRetryCount":3,"logLevels":{},"enableDirectConnect":true,"strictSSL":true,"_":"65 more keys: [\"cacheDir\",\"port\",\"requestedCapabilities\",\"automationProtocol\",\"baseUrl\",\"waitforInterval\",\"waitforTimeout\",\"onReload\",\"beforeCommand\",\"afterCommand\",\"rootDir\",\"specs\",\"suites\",\"exclude\",\"groupLogsByTestSpec\",\"excludeDriverLogs\",\"bail\",\"framework\",\"reporters\",\"services\",\"maxInstances\",\"maxInstancesPerCapability\",\"injectGlobals\",\"filesToWatch\",\"execArgv\",\"runnerEnv\",\"runner\",\"shard\",\"specFileRetries\",\"specFileRetriesDelay\",\"specFileRetriesDeferred\",\"reporterSyncInterval\",\"reporterSyncTimeout\",\"cucumberFeaturesWithLineNumbers\",\"autoCompileOpts\",\"mochaOpts\",\"jasmineOpts\",\"cucumberOpts\",\"onPrepare\",\"onWorkerStart\",\"onWorkerEnd\",\"before\",\"beforeSession\",\"beforeSuite\",\"beforeHook\",\"beforeTest\",\"afterTest\",\"afterHook\",\"afterSuite\",\"afterSession\",\"after\",\"onComplete\",\"beforeAssertion\",\"afterAssertion\",\"beforeFeature\",\"beforeScenario\",\"beforeStep\",\"afterStep\",\"afterScenario\",\"afterFeature\",\"_\",\"suite\",\"$0\",\"ignoredWorkerServices\",\"wdi5\"]"}]}
COMMAND: POST /session/2c26340218390abaea45fe4d98ab669b/execute/async - {"script":"<script> [21126 bytes]","args":[35000]}
RESULT: undefined
RESULT: {"script":"<script> [21126 bytes]","args":[35000]}
COMMAND: POST /session/2c26340218390abaea45fe4d98ab669b/element - {"using":"css selector","value":"#shell-header-logo"}
RESULT: {"using":"css selector","value":"#shell-header-logo"}
COMMAND: POST /session/2c26340218390abaea45fe4d98ab669b/element/f.17291DB1E67CD9F3C23A369F0CDF7328.d.85163702948E63B34457280CF2025BAD.e.11735/click - {}
RESULT: {}
COMMAND: GET /session/2c26340218390abaea45fe4d98ab669b/screenshot - {}
RESULT: {}
COMMAND: POST /session/2c26340218390abaea45fe4d98ab669b/element - {"using":"css selector","value":"#shell-header-logo"}
RESULT: {"using":"css selector","value":"#shell-header-logo"}
COMMAND: POST /session/2c26340218390abaea45fe4d98ab669b/element/f.17291DB1E67CD9F3C23A369F0CDF7328.d.85163702948E63B34457280CF2025BAD.e.11919/click - {}
RESULT: {}
COMMAND: GET /session/2c26340218390abaea45fe4d98ab669b/screenshot - {}
RESULT: {}
]]></system-out>
    </testcase>
    <testcase classname="chrome.135_0_7049_42.windows.Warehouse_movements_inventory_test" name="Should do a stock increase handover" time="79.834">
      <system-out><![CDATA[
COMMAND: POST /session/2c26340218390abaea45fe4d98ab669b/execute/async - {"script":"<script> [1562 bytes]","args":[{"selector":{"controlType":"sap.m.GenericTile","properties":{"header":"Manage Handovers"}},"wdio_ui5_key":"sapm.GenericTile{\"header\":\"Manage Handovers\"}"}]}
RESULT: {"script":"<script> [1562 bytes]","args":[{"selector":{"controlType":"sap.m.GenericTile","properties":{"header":"Manage Handovers"}},"wdio_ui5_key":"sapm.GenericTile{\"header\":\"Manage Handovers\"}"}]}
RESULT: undefined
COMMAND: POST /session/2c26340218390abaea45fe4d98ab669b/element - {"using":"xpath","value":"//*[@id=\"__tile132\"]"}
RESULT: {"using":"xpath","value":"//*[@id=\"__tile132\"]"}
COMMAND: POST /session/2c26340218390abaea45fe4d98ab669b/element/f.17291DB1E67CD9F3C23A369F0CDF7328.d.85163702948E63B34457280CF2025BAD.e.11920/click - {}
RESULT: {}
COMMAND: GET /session/2c26340218390abaea45fe4d98ab669b/screenshot - {}
RESULT: {}
COMMAND: POST /session/2c26340218390abaea45fe4d98ab669b/element - {"using":"xpath","value":"//button[(@data-kt = 'masterHOAddButton')]"}
RESULT: {"using":"xpath","value":"//button[(@data-kt = 'masterHOAddButton')]"}
COMMAND: POST /session/2c26340218390abaea45fe4d98ab669b/element/f.17291DB1E67CD9F3C23A369F0CDF7328.d.85163702948E63B34457280CF2025BAD.e.11961/click - {}
RESULT: {}
COMMAND: GET /session/2c26340218390abaea45fe4d98ab669b/screenshot - {}
RESULT: {}
COMMAND: POST /session/2c26340218390abaea45fe4d98ab669b/element - {"using":"xpath","value":"//span[contains(@id ,\"AddNewHO--typeSelect-arrow\")]"}
RESULT: {"using":"xpath","value":"//span[contains(@id ,\"AddNewHO--typeSelect-arrow\")]"}
COMMAND: POST /session/2c26340218390abaea45fe4d98ab669b/element/f.17291DB1E67CD9F3C23A369F0CDF7328.d.85163702948E63B34457280CF2025BAD.e.12259/click - {}
RESULT: {}
COMMAND: POST /session/2c26340218390abaea45fe4d98ab669b/element - {"using":"xpath","value":"(//li[contains(text(), \"stock increase yard\")])[1]"}
COMMAND: GET /session/2c26340218390abaea45fe4d98ab669b/screenshot - {}
RESULT: {"using":"xpath","value":"(//li[contains(text(), \"stock increase yard\")])[1]"}
COMMAND: POST /session/2c26340218390abaea45fe4d98ab669b/element/f.17291DB1E67CD9F3C23A369F0CDF7328.d.85163702948E63B34457280CF2025BAD.e.12260/click - {}
RESULT: {}
RESULT: {}
COMMAND: GET /session/2c26340218390abaea45fe4d98ab669b/screenshot - {}
RESULT: {}
COMMAND: POST /session/2c26340218390abaea45fe4d98ab669b/execute/async - {"script":"<script> [1562 bytes]","args":[{"selector":{"id":"application-managehandovers-display-component---AddNewHO--dueDate","interaction":{"idSuffix":"inner"}},"wdio_ui5_key":"applicationmanagehandovers-display-component---AddNewHO--dueDate"}]}
RESULT: {"script":"<script> [1562 bytes]","args":[{"selector":{"id":"application-managehandovers-display-component---AddNewHO--dueDate","interaction":{"idSuffix":"inner"}},"wdio_ui5_key":"applicationmanagehandovers-display-component---AddNewHO--dueDate"}]}
RESULT: undefined
COMMAND: POST /session/2c26340218390abaea45fe4d98ab669b/execute/async - {"script":"<script> [6424 bytes]","args":[{"element-6066-11e4-a52e-4f735466cecf":"f.17291DB1E67CD9F3C23A369F0CDF7328.d.85163702948E63B34457280CF2025BAD.e.12264"},"setValue",["04/13/2025"]]}
RESULT: {"script":"<script> [6424 bytes]","args":[{"element-6066-11e4-a52e-4f735466cecf":"f.17291DB1E67CD9F3C23A369F0CDF7328.d.85163702948E63B34457280CF2025BAD.e.12264"},"setValue",["04/13/2025"]]}
COMMAND: POST /session/2c26340218390abaea45fe4d98ab669b/element - {"using":"xpath","value":"//input[@id=\"generalSectionFrg--receiveYard-inner\"]"}
RESULT: {"using":"xpath","value":"//input[@id=\"generalSectionFrg--receiveYard-inner\"]"}
COMMAND: POST /session/2c26340218390abaea45fe4d98ab669b/element/f.17291DB1E67CD9F3C23A369F0CDF7328.d.85163702948E63B34457280CF2025BAD.e.12270/clear - {}
RESULT: {}
COMMAND: POST /session/2c26340218390abaea45fe4d98ab669b/element/f.17291DB1E67CD9F3C23A369F0CDF7328.d.85163702948E63B34457280CF2025BAD.e.12270/value - {"text":"WebdriverWHMYardqe52xi"}
COMMAND: GET /session/2c26340218390abaea45fe4d98ab669b/screenshot - {}
RESULT: {"text":"WebdriverWHMYardqe52xi"}
COMMAND: GET /session/2c26340218390abaea45fe4d98ab669b/screenshot - {}
RESULT: {}
RESULT: {}
COMMAND: POST /session/2c26340218390abaea45fe4d98ab669b/execute/async - {"script":"<script> [1562 bytes]","args":[{"selector":{"id":"application-managehandovers-display-component---AddNewHO--ObjectPageLayout-anchBar-application-managehandovers-display-component---AddNewHO--section4-anchor","interaction":{"idSuffix":"BDI-content"}},"wdio_ui5_key":"applicationmanagehandovers-display-component---AddNewHO--ObjectPageLayout-anchBar-application-managehandovers-display-component---AddNewHO--section4-anchor"}]}
RESULT: {"script":"<script> [1562 bytes]","args":[{"selector":{"id":"application-managehandovers-display-component---AddNewHO--ObjectPageLayout-anchBar-application-managehandovers-display-component---AddNewHO--section4-anchor","interaction":{"idSuffix":"BDI-content"}},"wdio_ui5_key":"applicationmanagehandovers-display-component---AddNewHO--ObjectPageLayout-anchBar-application-managehandovers-display-component---AddNewHO--section4-anchor"}]}
RESULT: undefined
COMMAND: POST /session/2c26340218390abaea45fe4d98ab669b/element - {"using":"xpath","value":"//*[@id=\"application-managehandovers-display-component---AddNewHO--ObjectPageLayout-anchBar-application-managehandovers-display-component---AddNewHO--section4-anchor\"]"}
RESULT: {"using":"xpath","value":"//*[@id=\"application-managehandovers-display-component---AddNewHO--ObjectPageLayout-anchBar-application-managehandovers-display-component---AddNewHO--section4-anchor\"]"}
COMMAND: POST /session/2c26340218390abaea45fe4d98ab669b/element/f.17291DB1E67CD9F3C23A369F0CDF7328.d.85163702948E63B34457280CF2025BAD.e.12287/click - {}
RESULT: {}
COMMAND: GET /session/2c26340218390abaea45fe4d98ab669b/screenshot - {}
RESULT: {}
COMMAND: POST /session/2c26340218390abaea45fe4d98ab669b/element - {"using":"xpath","value":"//button[@aria-label=\"Add\"]"}
RESULT: {"using":"xpath","value":"//button[@aria-label=\"Add\"]"}
COMMAND: POST /session/2c26340218390abaea45fe4d98ab669b/element/f.17291DB1E67CD9F3C23A369F0CDF7328.d.85163702948E63B34457280CF2025BAD.e.12291/click - {}
RESULT: {}
COMMAND: GET /session/2c26340218390abaea45fe4d98ab669b/screenshot - {}
RESULT: {}
COMMAND: POST /session/2c26340218390abaea45fe4d98ab669b/execute/async - {"script":"<script> [1562 bytes]","args":[{"selector":{"id":"application-managehandovers-display-component---AddNewHO--smartFilterBar-btnBasicSearch","searchOpenDialogs":true,"interaction":{"idSuffix":"I"}},"wdio_ui5_key":"applicationmanagehandovers-display-component---AddNewHO--smartFilterBar-btnBasicSearch"}]}
RESULT: {"script":"<script> [1562 bytes]","args":[{"selector":{"id":"application-managehandovers-display-component---AddNewHO--smartFilterBar-btnBasicSearch","searchOpenDialogs":true,"interaction":{"idSuffix":"I"}},"wdio_ui5_key":"applicationmanagehandovers-display-component---AddNewHO--smartFilterBar-btnBasicSearch"}]}
RESULT: undefined
COMMAND: POST /session/2c26340218390abaea45fe4d98ab669b/execute/async - {"script":"<script> [776 bytes]","args":[{"enterText":"WebdriverRUR2Csk0fk","selector":{"id":"application-managehandovers-display-component---AddNewHO--smartFilterBar-btnBasicSearch","searchOpenDialogs":true,"interaction":{"idSuffix":"I"}},"clearTextFirst":true,"interactionType":"ENTER_TEXT"}]}
RESULT: {"script":"<script> [776 bytes]","args":[{"enterText":"WebdriverRUR2Csk0fk","selector":{"id":"application-managehandovers-display-component---AddNewHO--smartFilterBar-btnBasicSearch","searchOpenDialogs":true,"interaction":{"idSuffix":"I"}},"clearTextFirst":true,"interactionType":"ENTER_TEXT"}]}
COMMAND: POST /session/2c26340218390abaea45fe4d98ab669b/actions - {"actions":[{"id":"action31","type":"key","parameters":{},"actions":[{"type":"keyDown","value":""},{"type":"pause","duration":10},{"type":"keyUp","value":""}]}]}
RESULT: {"actions":[{"id":"action31","type":"key","parameters":{},"actions":[{"type":"keyDown","value":""},{"type":"pause","duration":10},{"type":"keyUp","value":""}]}]}
COMMAND: POST /session/2c26340218390abaea45fe4d98ab669b/execute/async - {"script":"<script> [1562 bytes]","args":[{"selector":{"id":"application-managehandovers-display-component---AddNewHO--popup-sa","searchOpenDialogs":true,"interaction":{"idSuffix":"CbBg"}},"wdio_ui5_key":"applicationmanagehandovers-display-component---AddNewHO--popup-sa"}]}
COMMAND: GET /session/2c26340218390abaea45fe4d98ab669b/screenshot - {}
RESULT: {"script":"<script> [1562 bytes]","args":[{"selector":{"id":"application-managehandovers-display-component---AddNewHO--popup-sa","searchOpenDialogs":true,"interaction":{"idSuffix":"CbBg"}},"wdio_ui5_key":"applicationmanagehandovers-display-component---AddNewHO--popup-sa"}]}
RESULT: undefined
COMMAND: POST /session/2c26340218390abaea45fe4d98ab669b/element - {"using":"xpath","value":"//*[@id=\"application-managehandovers-display-component---AddNewHO--popup-sa\"]"}
RESULT: {}
RESULT: {"using":"xpath","value":"//*[@id=\"application-managehandovers-display-component---AddNewHO--popup-sa\"]"}
COMMAND: POST /session/2c26340218390abaea45fe4d98ab669b/element/f.17291DB1E67CD9F3C23A369F0CDF7328.d.85163702948E63B34457280CF2025BAD.e.12444/click - {}
RESULT: {}
COMMAND: GET /session/2c26340218390abaea45fe4d98ab669b/screenshot - {}
RESULT: {}
COMMAND: POST /session/2c26340218390abaea45fe4d98ab669b/element - {"using":"xpath","value":"//bdi[contains(text(), \"Select\")]"}
RESULT: {"using":"xpath","value":"//bdi[contains(text(), \"Select\")]"}
COMMAND: POST /session/2c26340218390abaea45fe4d98ab669b/element/f.17291DB1E67CD9F3C23A369F0CDF7328.d.85163702948E63B34457280CF2025BAD.e.12445/click - {}
RESULT: {}
COMMAND: GET /session/2c26340218390abaea45fe4d98ab669b/screenshot - {}
RESULT: {}
COMMAND: POST /session/2c26340218390abaea45fe4d98ab669b/element - {"using":"xpath","value":"//button[@data-kt=\"AddNewHOSaveButton\"]"}
RESULT: {"using":"xpath","value":"//button[@data-kt=\"AddNewHOSaveButton\"]"}
COMMAND: POST /session/2c26340218390abaea45fe4d98ab669b/element/f.17291DB1E67CD9F3C23A369F0CDF7328.d.85163702948E63B34457280CF2025BAD.e.12449/click - {}
RESULT: {}
COMMAND: GET /session/2c26340218390abaea45fe4d98ab669b/screenshot - {}
COMMAND: POST /session/2c26340218390abaea45fe4d98ab669b/execute/async - {"script":"<script> [1562 bytes]","args":[{"selector":{"id":"receiptDatePicker","viewName":"etm.portal.ui.managehandovers.view.DetailExecuteHO","interaction":{"idSuffix":"inner"}},"wdio_ui5_key":"receiptDatePickeretmportal.ui.managehandovers.view.DetailExecuteHO"}]}
RESULT: {}
RESULT: {"script":"<script> [1562 bytes]","args":[{"selector":{"id":"receiptDatePicker","viewName":"etm.portal.ui.managehandovers.view.DetailExecuteHO","interaction":{"idSuffix":"inner"}},"wdio_ui5_key":"receiptDatePickeretmportal.ui.managehandovers.view.DetailExecuteHO"}]}
RESULT: undefined
COMMAND: POST /session/2c26340218390abaea45fe4d98ab669b/execute/async - {"script":"<script> [6424 bytes]","args":[{"element-6066-11e4-a52e-4f735466cecf":"f.17291DB1E67CD9F3C23A369F0CDF7328.d.85163702948E63B34457280CF2025BAD.e.12462"},"setValue",["04/13/2025"]]}
RESULT: {"script":"<script> [6424 bytes]","args":[{"element-6066-11e4-a52e-4f735466cecf":"f.17291DB1E67CD9F3C23A369F0CDF7328.d.85163702948E63B34457280CF2025BAD.e.12462"},"setValue",["04/13/2025"]]}
COMMAND: POST /session/2c26340218390abaea45fe4d98ab669b/element - {"using":"xpath","value":"//button[@data-kt=\"PickingTableConfirmAllButton\"]"}
RESULT: {"using":"xpath","value":"//button[@data-kt=\"PickingTableConfirmAllButton\"]"}
COMMAND: POST /session/2c26340218390abaea45fe4d98ab669b/element/f.17291DB1E67CD9F3C23A369F0CDF7328.d.85163702948E63B34457280CF2025BAD.e.12492/click - {}
RESULT: {}
COMMAND: GET /session/2c26340218390abaea45fe4d98ab669b/screenshot - {}
RESULT: {}
COMMAND: POST /session/2c26340218390abaea45fe4d98ab669b/element - {"using":"xpath","value":"//bdi[contains(text(), \"OK\")]"}
RESULT: {"using":"xpath","value":"//bdi[contains(text(), \"OK\")]"}
COMMAND: POST /session/2c26340218390abaea45fe4d98ab669b/element/f.17291DB1E67CD9F3C23A369F0CDF7328.d.85163702948E63B34457280CF2025BAD.e.12494/click - {}
RESULT: {}
COMMAND: GET /session/2c26340218390abaea45fe4d98ab669b/screenshot - {}
RESULT: {}
COMMAND: POST /session/2c26340218390abaea45fe4d98ab669b/element - {"using":"xpath","value":"(//bdi[contains(text(), \"Receive\")])[2]"}
RESULT: {"using":"xpath","value":"(//bdi[contains(text(), \"Receive\")])[2]"}
COMMAND: POST /session/2c26340218390abaea45fe4d98ab669b/element/f.17291DB1E67CD9F3C23A369F0CDF7328.d.85163702948E63B34457280CF2025BAD.e.12496/click - {}
RESULT: {}
COMMAND: GET /session/2c26340218390abaea45fe4d98ab669b/screenshot - {}
RESULT: {}
COMMAND: POST /session/2c26340218390abaea45fe4d98ab669b/element - {"using":"css selector","value":"#shell-header-logo"}
RESULT: {"using":"css selector","value":"#shell-header-logo"}
COMMAND: POST /session/2c26340218390abaea45fe4d98ab669b/element/f.17291DB1E67CD9F3C23A369F0CDF7328.d.85163702948E63B34457280CF2025BAD.e.11919/click - {}
RESULT: {}
COMMAND: GET /session/2c26340218390abaea45fe4d98ab669b/screenshot - {}
RESULT: {}
]]></system-out>
    </testcase>
    <testcase classname="chrome.135_0_7049_42.windows.Warehouse_movements_inventory_test" name="Verify the warehouse movement" time="46.27">
      <system-out><![CDATA[
COMMAND: POST /session/2c26340218390abaea45fe4d98ab669b/execute/async - {"script":"<script> [1562 bytes]","args":[{"selector":{"controlType":"sap.m.GenericTile","properties":{"header":"Manage Warehouse Movements"}},"wdio_ui5_key":"sapm.GenericTile{\"header\":\"Manage Warehouse Movements\"}"}]}
RESULT: {"script":"<script> [1562 bytes]","args":[{"selector":{"controlType":"sap.m.GenericTile","properties":{"header":"Manage Warehouse Movements"}},"wdio_ui5_key":"sapm.GenericTile{\"header\":\"Manage Warehouse Movements\"}"}]}
RESULT: undefined
COMMAND: POST /session/2c26340218390abaea45fe4d98ab669b/element - {"using":"xpath","value":"//*[@id=\"__tile105\"]"}
RESULT: {"using":"xpath","value":"//*[@id=\"__tile105\"]"}
COMMAND: POST /session/2c26340218390abaea45fe4d98ab669b/element/f.17291DB1E67CD9F3C23A369F0CDF7328.d.85163702948E63B34457280CF2025BAD.e.12728/click - {}
RESULT: {}
COMMAND: GET /session/2c26340218390abaea45fe4d98ab669b/screenshot - {}
RESULT: {}
COMMAND: POST /session/2c26340218390abaea45fe4d98ab669b/execute/async - {"script":"<script> [1562 bytes]","args":[{"selector":{"id":"application-warehousemovements-display-component---warehouseMovements--smartFilterBar-filterItemControl_BASIC-YARD-vhi"},"wdio_ui5_key":"applicationwarehousemovements-display-component---warehouseMovements--smartFilterBar-filterItemControl_BASIC-YARD-vhi"}]}
RESULT: {"script":"<script> [1562 bytes]","args":[{"selector":{"id":"application-warehousemovements-display-component---warehouseMovements--smartFilterBar-filterItemControl_BASIC-YARD-vhi"},"wdio_ui5_key":"applicationwarehousemovements-display-component---warehouseMovements--smartFilterBar-filterItemControl_BASIC-YARD-vhi"}]}
RESULT: undefined
COMMAND: POST /session/2c26340218390abaea45fe4d98ab669b/element - {"using":"xpath","value":"//*[@id=\"application-warehousemovements-display-component---warehouseMovements--smartFilterBar-filterItemControl_BASIC-YARD-vhi\"]"}
RESULT: {"using":"xpath","value":"//*[@id=\"application-warehousemovements-display-component---warehouseMovements--smartFilterBar-filterItemControl_BASIC-YARD-vhi\"]"}
COMMAND: POST /session/2c26340218390abaea45fe4d98ab669b/element/f.17291DB1E67CD9F3C23A369F0CDF7328.d.85163702948E63B34457280CF2025BAD.e.12811/click - {}
RESULT: {}
COMMAND: GET /session/2c26340218390abaea45fe4d98ab669b/screenshot - {}
RESULT: {}
COMMAND: POST /session/2c26340218390abaea45fe4d98ab669b/execute/async - {"script":"<script> [1562 bytes]","args":[{"selector":{"id":"application-warehousemovements-display-component---warehouseMovements--smartFilterBar-filterItemControl_BASIC-YARD-valueHelpDialog-smartFilterBar-btnBasicSearch","searchOpenDialogs":true,"interaction":{"idSuffix":"I"}},"wdio_ui5_key":"applicationwarehousemovements-display-component---warehouseMovements--smartFilterBar-filterItemControl_BASIC-YARD-valueHelpDialog-smartFilterBar-btnBasicSearch"}]}
RESULT: {"script":"<script> [1562 bytes]","args":[{"selector":{"id":"application-warehousemovements-display-component---warehouseMovements--smartFilterBar-filterItemControl_BASIC-YARD-valueHelpDialog-smartFilterBar-btnBasicSearch","searchOpenDialogs":true,"interaction":{"idSuffix":"I"}},"wdio_ui5_key":"applicationwarehousemovements-display-component---warehouseMovements--smartFilterBar-filterItemControl_BASIC-YARD-valueHelpDialog-smartFilterBar-btnBasicSearch"}]}
RESULT: undefined
COMMAND: POST /session/2c26340218390abaea45fe4d98ab669b/execute/async - {"script":"<script> [776 bytes]","args":[{"enterText":"WebdriverWHMYardqe52xi","selector":{"id":"application-warehousemovements-display-component---warehouseMovements--smartFilterBar-filterItemControl_BASIC-YARD-valueHelpDialog-smartFilterBar-btnBasicSearch","searchOpenDialogs":true,"interaction":{"idSuffix":"I"}},"clearTextFirst":true,"interactionType":"ENTER_TEXT"}]}
RESULT: {"script":"<script> [776 bytes]","args":[{"enterText":"WebdriverWHMYardqe52xi","selector":{"id":"application-warehousemovements-display-component---warehouseMovements--smartFilterBar-filterItemControl_BASIC-YARD-valueHelpDialog-smartFilterBar-btnBasicSearch","searchOpenDialogs":true,"interaction":{"idSuffix":"I"}},"clearTextFirst":true,"interactionType":"ENTER_TEXT"}]}
COMMAND: POST /session/2c26340218390abaea45fe4d98ab669b/actions - {"actions":[{"id":"action32","type":"key","parameters":{},"actions":[{"type":"keyDown","value":""},{"type":"pause","duration":10},{"type":"keyUp","value":""}]}]}
RESULT: {"actions":[{"id":"action32","type":"key","parameters":{},"actions":[{"type":"keyDown","value":""},{"type":"pause","duration":10},{"type":"keyUp","value":""}]}]}
COMMAND: GET /session/2c26340218390abaea45fe4d98ab669b/screenshot - {}
RESULT: {}
COMMAND: POST /session/2c26340218390abaea45fe4d98ab669b/element - {"using":"xpath","value":"//div[@id='application-warehousemovements-display-component---warehouseMovements--smartFilterBar-filterItemControl_BASIC-YARD-valueHelpDialog-table-rowsel0']"}
RESULT: {"using":"xpath","value":"//div[@id='application-warehousemovements-display-component---warehouseMovements--smartFilterBar-filterItemControl_BASIC-YARD-valueHelpDialog-table-rowsel0']"}
COMMAND: POST /session/2c26340218390abaea45fe4d98ab669b/element/f.17291DB1E67CD9F3C23A369F0CDF7328.d.85163702948E63B34457280CF2025BAD.e.12820/click - {}
RESULT: {}
COMMAND: POST /session/2c26340218390abaea45fe4d98ab669b/execute/async - {"script":"<script> [1562 bytes]","args":[{"selector":{"id":"application-warehousemovements-display-component---warehouseMovements--smartFilterBar-filterItemControl_BASIC-YARD-valueHelpDialog-ok","searchOpenDialogs":true,"interaction":{"idSuffix":"BDI-content"}},"wdio_ui5_key":"applicationwarehousemovements-display-component---warehouseMovements--smartFilterBar-filterItemControl_BASIC-YARD-valueHelpDialog-ok"}]}
COMMAND: GET /session/2c26340218390abaea45fe4d98ab669b/screenshot - {}
RESULT: {"script":"<script> [1562 bytes]","args":[{"selector":{"id":"application-warehousemovements-display-component---warehouseMovements--smartFilterBar-filterItemControl_BASIC-YARD-valueHelpDialog-ok","searchOpenDialogs":true,"interaction":{"idSuffix":"BDI-content"}},"wdio_ui5_key":"applicationwarehousemovements-display-component---warehouseMovements--smartFilterBar-filterItemControl_BASIC-YARD-valueHelpDialog-ok"}]}
RESULT: undefined
COMMAND: POST /session/2c26340218390abaea45fe4d98ab669b/element - {"using":"xpath","value":"//*[@id=\"application-warehousemovements-display-component---warehouseMovements--smartFilterBar-filterItemControl_BASIC-YARD-valueHelpDialog-ok\"]"}
RESULT: {}
RESULT: {"using":"xpath","value":"//*[@id=\"application-warehousemovements-display-component---warehouseMovements--smartFilterBar-filterItemControl_BASIC-YARD-valueHelpDialog-ok\"]"}
COMMAND: POST /session/2c26340218390abaea45fe4d98ab669b/element/f.17291DB1E67CD9F3C23A369F0CDF7328.d.85163702948E63B34457280CF2025BAD.e.12823/click - {}
RESULT: {}
COMMAND: POST /session/2c26340218390abaea45fe4d98ab669b/execute/async - {"script":"<script> [1562 bytes]","args":[{"selector":{"controlType":"sap.ui.core.Icon","viewName":"etm.portal.ui.warehousemovements.view.MasterMovement","viewId":"application-warehousemovements-display-component---warehouseMovements","properties":{"src":{"regex":{"source":"add"}}}},"wdio_ui5_key":"etmportal.ui.warehousemovements.view.MasterMovementsap.ui.core.Icon{\"src\":{\"regex\":{\"source\":\"add\"}}}"}]}
COMMAND: GET /session/2c26340218390abaea45fe4d98ab669b/screenshot - {}
RESULT: {"script":"<script> [1562 bytes]","args":[{"selector":{"controlType":"sap.ui.core.Icon","viewName":"etm.portal.ui.warehousemovements.view.MasterMovement","viewId":"application-warehousemovements-display-component---warehouseMovements","properties":{"src":{"regex":{"source":"add"}}}},"wdio_ui5_key":"etmportal.ui.warehousemovements.view.MasterMovementsap.ui.core.Icon{\"src\":{\"regex\":{\"source\":\"add\"}}}"}]}
RESULT: undefined
COMMAND: POST /session/2c26340218390abaea45fe4d98ab669b/element - {"using":"xpath","value":"//*[@id=\"__button73-img\"]"}
RESULT: {}
RESULT: {"using":"xpath","value":"//*[@id=\"__button73-img\"]"}
COMMAND: POST /session/2c26340218390abaea45fe4d98ab669b/element/f.17291DB1E67CD9F3C23A369F0CDF7328.d.85163702948E63B34457280CF2025BAD.e.12766/click - {}
RESULT: {}
COMMAND: POST /session/2c26340218390abaea45fe4d98ab669b/element - {"using":"xpath","value":"//input[contains(@id ,\"application-warehousemovements-display-component---addMovement--sectionsList-inner\")]"}
COMMAND: GET /session/2c26340218390abaea45fe4d98ab669b/screenshot - {}
RESULT: {"using":"xpath","value":"//input[contains(@id ,\"application-warehousemovements-display-component---addMovement--sectionsList-inner\")]"}
COMMAND: POST /session/2c26340218390abaea45fe4d98ab669b/elements - {"using":"xpath","value":"//input[contains(@id ,\"application-warehousemovements-display-component---addMovement--sectionsList-inner\")]"}
RESULT: {}
RESULT: {"using":"xpath","value":"//input[contains(@id ,\"application-warehousemovements-display-component---addMovement--sectionsList-inner\")]"}
COMMAND: POST /session/2c26340218390abaea45fe4d98ab669b/element - {"using":"xpath","value":"//input[contains(@id ,\"application-warehousemovements-display-component---addMovement--sectionsList-inner\")]"}
RESULT: {"using":"xpath","value":"//input[contains(@id ,\"application-warehousemovements-display-component---addMovement--sectionsList-inner\")]"}
COMMAND: POST /session/2c26340218390abaea45fe4d98ab669b/element/f.17291DB1E67CD9F3C23A369F0CDF7328.d.85163702948E63B34457280CF2025BAD.e.12885/clear - {}
RESULT: {}
COMMAND: POST /session/2c26340218390abaea45fe4d98ab669b/element/f.17291DB1E67CD9F3C23A369F0CDF7328.d.85163702948E63B34457280CF2025BAD.e.12885/value - {"text":"Secs2x94"}
COMMAND: GET /session/2c26340218390abaea45fe4d98ab669b/screenshot - {}
RESULT: {}
RESULT: {"text":"Secs2x94"}
COMMAND: GET /session/2c26340218390abaea45fe4d98ab669b/screenshot - {}
RESULT: {}
COMMAND: POST /session/2c26340218390abaea45fe4d98ab669b/actions - {"actions":[{"id":"action33","type":"key","parameters":{},"actions":[{"type":"keyDown","value":""},{"type":"pause","duration":10},{"type":"keyUp","value":""}]}]}
RESULT: {"actions":[{"id":"action33","type":"key","parameters":{},"actions":[{"type":"keyDown","value":""},{"type":"pause","duration":10},{"type":"keyUp","value":""}]}]}
COMMAND: GET /session/2c26340218390abaea45fe4d98ab669b/screenshot - {}
RESULT: {}
COMMAND: POST /session/2c26340218390abaea45fe4d98ab669b/execute/async - {"script":"<script> [1562 bytes]","args":[{"selector":{"id":"application-warehousemovements-display-component---addMovement--addItem-img"},"wdio_ui5_key":"applicationwarehousemovements-display-component---addMovement--addItem-img"}]}
RESULT: {"script":"<script> [1562 bytes]","args":[{"selector":{"id":"application-warehousemovements-display-component---addMovement--addItem-img"},"wdio_ui5_key":"applicationwarehousemovements-display-component---addMovement--addItem-img"}]}
RESULT: undefined
COMMAND: POST /session/2c26340218390abaea45fe4d98ab669b/element - {"using":"xpath","value":"//*[@id=\"application-warehousemovements-display-component---addMovement--addItem-img\"]"}
RESULT: {"using":"xpath","value":"//*[@id=\"application-warehousemovements-display-component---addMovement--addItem-img\"]"}
COMMAND: POST /session/2c26340218390abaea45fe4d98ab669b/element/f.17291DB1E67CD9F3C23A369F0CDF7328.d.85163702948E63B34457280CF2025BAD.e.12869/click - {}
RESULT: {}
COMMAND: POST /session/2c26340218390abaea45fe4d98ab669b/execute/async - {"script":"<script> [1562 bytes]","args":[{"selector":{"id":"movementItemsPopUp--invSearch","searchOpenDialogs":true,"interaction":{"idSuffix":"I"}},"wdio_ui5_key":"movementItemsPopUpinvSearch"}]}
COMMAND: GET /session/2c26340218390abaea45fe4d98ab669b/screenshot - {}
RESULT: {"script":"<script> [1562 bytes]","args":[{"selector":{"id":"movementItemsPopUp--invSearch","searchOpenDialogs":true,"interaction":{"idSuffix":"I"}},"wdio_ui5_key":"movementItemsPopUpinvSearch"}]}
RESULT: undefined
COMMAND: POST /session/2c26340218390abaea45fe4d98ab669b/execute/async - {"script":"<script> [776 bytes]","args":[{"enterText":"WebdriverRUR2Csk0fk","selector":{"id":"movementItemsPopUp--invSearch","searchOpenDialogs":true,"interaction":{"idSuffix":"I"}},"clearTextFirst":true,"interactionType":"ENTER_TEXT"}]}
RESULT: {}
RESULT: {"script":"<script> [776 bytes]","args":[{"enterText":"WebdriverRUR2Csk0fk","selector":{"id":"movementItemsPopUp--invSearch","searchOpenDialogs":true,"interaction":{"idSuffix":"I"}},"clearTextFirst":true,"interactionType":"ENTER_TEXT"}]}
COMMAND: POST /session/2c26340218390abaea45fe4d98ab669b/execute/async - {"script":"<script> [1562 bytes]","args":[{"selector":{"id":"movementItemsPopUp--movementItemsTable-sa","searchOpenDialogs":true,"interaction":{"idSuffix":"CbBg"}},"wdio_ui5_key":"movementItemsPopUpmovementItemsTable-sa"}]}
RESULT: {"script":"<script> [1562 bytes]","args":[{"selector":{"id":"movementItemsPopUp--movementItemsTable-sa","searchOpenDialogs":true,"interaction":{"idSuffix":"CbBg"}},"wdio_ui5_key":"movementItemsPopUpmovementItemsTable-sa"}]}
RESULT: undefined
COMMAND: POST /session/2c26340218390abaea45fe4d98ab669b/element - {"using":"xpath","value":"//*[@id=\"movementItemsPopUp--movementItemsTable-sa\"]"}
RESULT: {"using":"xpath","value":"//*[@id=\"movementItemsPopUp--movementItemsTable-sa\"]"}
COMMAND: POST /session/2c26340218390abaea45fe4d98ab669b/element/f.17291DB1E67CD9F3C23A369F0CDF7328.d.85163702948E63B34457280CF2025BAD.e.12961/click - {}
RESULT: {}
COMMAND: POST /session/2c26340218390abaea45fe4d98ab669b/execute/async - {"script":"<script> [1562 bytes]","args":[{"selector":{"id":"movementItemsPopUp--createBtn","searchOpenDialogs":true,"interaction":{"idSuffix":"BDI-content"}},"wdio_ui5_key":"movementItemsPopUpcreateBtn"}]}
COMMAND: GET /session/2c26340218390abaea45fe4d98ab669b/screenshot - {}
RESULT: {"script":"<script> [1562 bytes]","args":[{"selector":{"id":"movementItemsPopUp--createBtn","searchOpenDialogs":true,"interaction":{"idSuffix":"BDI-content"}},"wdio_ui5_key":"movementItemsPopUpcreateBtn"}]}
RESULT: undefined
COMMAND: POST /session/2c26340218390abaea45fe4d98ab669b/element - {"using":"xpath","value":"//*[@id=\"movementItemsPopUp--createBtn\"]"}
RESULT: {}
RESULT: {"using":"xpath","value":"//*[@id=\"movementItemsPopUp--createBtn\"]"}
COMMAND: POST /session/2c26340218390abaea45fe4d98ab669b/element/f.17291DB1E67CD9F3C23A369F0CDF7328.d.85163702948E63B34457280CF2025BAD.e.12963/click - {}
RESULT: {}
COMMAND: GET /session/2c26340218390abaea45fe4d98ab669b/screenshot - {}
RESULT: {}
COMMAND: POST /session/2c26340218390abaea45fe4d98ab669b/element - {"using":"css selector","value":"#j_username"}
COMMAND: POST /session/2c26340218390abaea45fe4d98ab669b/url - {"url":"https://qa-testing-00-live-etm-ui.cfapps.eu10-004.hana.ondemand.com/"}
RESULT: {"using":"css selector","value":"#j_username"}
COMMAND: POST /session/2c26340218390abaea45fe4d98ab669b/element - {"using":"css selector","value":"#j_username"}
RESULT: {"url":"https://qa-testing-00-live-etm-ui.cfapps.eu10-004.hana.ondemand.com/"}
RESULT: undefined
COMMAND: GET /session/2c26340218390abaea45fe4d98ab669b/screenshot - {}
RESULT: {"using":"css selector","value":"#j_username"}
COMMAND: POST /session/2c26340218390abaea45fe4d98ab669b/element - {"using":"css selector","value":"#shell-header-logo"}
RESULT: {}
RESULT: {"using":"css selector","value":"#shell-header-logo"}
COMMAND: POST /session/2c26340218390abaea45fe4d98ab669b/execute/sync - {"script":"<script> [8489 bytes]","args":[{"element-6066-11e4-a52e-4f735466cecf":"f.17291DB1E67CD9F3C23A369F0CDF7328.d.DE2D6DD462A57D4E63A61DC6911FC6AC.e.12979","ELEMENT":"f.17291DB1E67CD9F3C23A369F0CDF7328.d.DE2D6DD462A57D4E63A61DC6911FC6AC.e.12979"}]}
RESULT: {"script":"<script> [8489 bytes]","args":[{"element-6066-11e4-a52e-4f735466cecf":"f.17291DB1E67CD9F3C23A369F0CDF7328.d.DE2D6DD462A57D4E63A61DC6911FC6AC.e.12979","ELEMENT":"f.17291DB1E67CD9F3C23A369F0CDF7328.d.DE2D6DD462A57D4E63A61DC6911FC6AC.e.12979"}]}
COMMAND: POST /session/2c26340218390abaea45fe4d98ab669b/element - {"using":"css selector","value":"#shell-header-logo"}
COMMAND: GET /session/2c26340218390abaea45fe4d98ab669b/screenshot - {}
RESULT: {"using":"css selector","value":"#shell-header-logo"}
COMMAND: POST /session/2c26340218390abaea45fe4d98ab669b/execute/sync - {"script":"<script> [8489 bytes]","args":[{"element-6066-11e4-a52e-4f735466cecf":"f.17291DB1E67CD9F3C23A369F0CDF7328.d.DE2D6DD462A57D4E63A61DC6911FC6AC.e.12979","ELEMENT":"f.17291DB1E67CD9F3C23A369F0CDF7328.d.DE2D6DD462A57D4E63A61DC6911FC6AC.e.12979"}]}
RESULT: {}
RESULT: {"script":"<script> [8489 bytes]","args":[{"element-6066-11e4-a52e-4f735466cecf":"f.17291DB1E67CD9F3C23A369F0CDF7328.d.DE2D6DD462A57D4E63A61DC6911FC6AC.e.12979","ELEMENT":"f.17291DB1E67CD9F3C23A369F0CDF7328.d.DE2D6DD462A57D4E63A61DC6911FC6AC.e.12979"}]}
COMMAND: POST /session/2c26340218390abaea45fe4d98ab669b/execute/sync - {"script":"<script> [5351 bytes]","args":[{"element-6066-11e4-a52e-4f735466cecf":"f.17291DB1E67CD9F3C23A369F0CDF7328.d.DE2D6DD462A57D4E63A61DC6911FC6AC.e.12979","ELEMENT":"f.17291DB1E67CD9F3C23A369F0CDF7328.d.DE2D6DD462A57D4E63A61DC6911FC6AC.e.12979"}]}
COMMAND: GET /session/2c26340218390abaea45fe4d98ab669b/screenshot - {}
RESULT: {"script":"<script> [5351 bytes]","args":[{"element-6066-11e4-a52e-4f735466cecf":"f.17291DB1E67CD9F3C23A369F0CDF7328.d.DE2D6DD462A57D4E63A61DC6911FC6AC.e.12979","ELEMENT":"f.17291DB1E67CD9F3C23A369F0CDF7328.d.DE2D6DD462A57D4E63A61DC6911FC6AC.e.12979"}]}
COMMAND: POST /session/2c26340218390abaea45fe4d98ab669b/element - {"using":"css selector","value":"#shell-header-logo"}
COMMAND: GET /session/2c26340218390abaea45fe4d98ab669b/screenshot - {}
RESULT: {}
RESULT: {"using":"css selector","value":"#shell-header-logo"}
COMMAND: POST /session/2c26340218390abaea45fe4d98ab669b/element/f.17291DB1E67CD9F3C23A369F0CDF7328.d.DE2D6DD462A57D4E63A61DC6911FC6AC.e.12979/click - {}
RESULT: {}
RESULT: {}
COMMAND: GET /session/2c26340218390abaea45fe4d98ab669b/screenshot - {}
RESULT: {}
COMMAND: POST /session/2c26340218390abaea45fe4d98ab669b/execute/async - {"script":"<script> [189 bytes]","args":[]}
RESULT: {"script":"<script> [189 bytes]","args":[]}
COMMAND: POST /session/2c26340218390abaea45fe4d98ab669b/execute/async - {"script":"<script> [123 bytes]","args":[]}
RESULT: {"script":"<script> [123 bytes]","args":[]}
COMMAND: POST /session/2c26340218390abaea45fe4d98ab669b/timeouts - {"script":"<number>"}
RESULT: {"script":"<number>"}
COMMAND: GET /session/2c26340218390abaea45fe4d98ab669b/timeouts - {}
RESULT: {}
RESULT: undefined
COMMAND: POST /session/2c26340218390abaea45fe4d98ab669b/execute/async - {"script":"<script> [2676 bytes]","args":[]}
RESULT: {"script":"<script> [2676 bytes]","args":[]}
COMMAND: POST /session/2c26340218390abaea45fe4d98ab669b/execute/async - {"script":"<script> [2342 bytes]","args":[{"protocol":"http","hostname":"0.0.0.0","path":"/","capabilities":{"browserName":"chrome","goog:chromeOptions":{"binary":"C:\\Program Files\\Google\\Chrome\\Application\\chrome.exe"}},"logLevel":"warn","connectionRetryTimeout":120000,"connectionRetryCount":3,"logLevels":{},"enableDirectConnect":true,"strictSSL":true,"_":"65 more keys: [\"cacheDir\",\"port\",\"requestedCapabilities\",\"automationProtocol\",\"baseUrl\",\"waitforInterval\",\"waitforTimeout\",\"onReload\",\"beforeCommand\",\"afterCommand\",\"rootDir\",\"specs\",\"suites\",\"exclude\",\"groupLogsByTestSpec\",\"excludeDriverLogs\",\"bail\",\"framework\",\"reporters\",\"services\",\"maxInstances\",\"maxInstancesPerCapability\",\"injectGlobals\",\"filesToWatch\",\"execArgv\",\"runnerEnv\",\"runner\",\"shard\",\"specFileRetries\",\"specFileRetriesDelay\",\"specFileRetriesDeferred\",\"reporterSyncInterval\",\"reporterSyncTimeout\",\"cucumberFeaturesWithLineNumbers\",\"autoCompileOpts\",\"mochaOpts\",\"jasmineOpts\",\"cucumberOpts\",\"onPrepare\",\"onWorkerStart\",\"onWorkerEnd\",\"before\",\"beforeSession\",\"beforeSuite\",\"beforeHook\",\"beforeTest\",\"afterTest\",\"afterHook\",\"afterSuite\",\"afterSession\",\"after\",\"onComplete\",\"beforeAssertion\",\"afterAssertion\",\"beforeFeature\",\"beforeScenario\",\"beforeStep\",\"afterStep\",\"afterScenario\",\"afterFeature\",\"_\",\"suite\",\"$0\",\"ignoredWorkerServices\",\"wdi5\"]"}]}
RESULT: {"script":"<script> [2342 bytes]","args":[{"protocol":"http","hostname":"0.0.0.0","path":"/","capabilities":{"browserName":"chrome","goog:chromeOptions":{"binary":"C:\\Program Files\\Google\\Chrome\\Application\\chrome.exe"}},"logLevel":"warn","connectionRetryTimeout":120000,"connectionRetryCount":3,"logLevels":{},"enableDirectConnect":true,"strictSSL":true,"_":"65 more keys: [\"cacheDir\",\"port\",\"requestedCapabilities\",\"automationProtocol\",\"baseUrl\",\"waitforInterval\",\"waitforTimeout\",\"onReload\",\"beforeCommand\",\"afterCommand\",\"rootDir\",\"specs\",\"suites\",\"exclude\",\"groupLogsByTestSpec\",\"excludeDriverLogs\",\"bail\",\"framework\",\"reporters\",\"services\",\"maxInstances\",\"maxInstancesPerCapability\",\"injectGlobals\",\"filesToWatch\",\"execArgv\",\"runnerEnv\",\"runner\",\"shard\",\"specFileRetries\",\"specFileRetriesDelay\",\"specFileRetriesDeferred\",\"reporterSyncInterval\",\"reporterSyncTimeout\",\"cucumberFeaturesWithLineNumbers\",\"autoCompileOpts\",\"mochaOpts\",\"jasmineOpts\",\"cucumberOpts\",\"onPrepare\",\"onWorkerStart\",\"onWorkerEnd\",\"before\",\"beforeSession\",\"beforeSuite\",\"beforeHook\",\"beforeTest\",\"afterTest\",\"afterHook\",\"afterSuite\",\"afterSession\",\"after\",\"onComplete\",\"beforeAssertion\",\"afterAssertion\",\"beforeFeature\",\"beforeScenario\",\"beforeStep\",\"afterStep\",\"afterScenario\",\"afterFeature\",\"_\",\"suite\",\"$0\",\"ignoredWorkerServices\",\"wdi5\"]"}]}
COMMAND: POST /session/2c26340218390abaea45fe4d98ab669b/execute/async - {"script":"<script> [21126 bytes]","args":[35000]}
RESULT: {"script":"<script> [21126 bytes]","args":[35000]}
COMMAND: POST /session/2c26340218390abaea45fe4d98ab669b/window/maximize - {}
RESULT: {}
COMMAND: POST /session/2c26340218390abaea45fe4d98ab669b/execute/async - {"script":"<script> [1562 bytes]","args":[{"selector":{"id":"shell-header","interaction":{"idSuffix":"icon"}},"wdio_ui5_key":"shellheader"}]}
COMMAND: GET /session/2c26340218390abaea45fe4d98ab669b/screenshot - {}
RESULT: {"script":"<script> [1562 bytes]","args":[{"selector":{"id":"shell-header","interaction":{"idSuffix":"icon"}},"wdio_ui5_key":"shellheader"}]}
RESULT: undefined
RESULT: {}
]]></system-out>
    </testcase>
  </testsuite>
  <testsuite timestamp="2025-04-13T15:55:44" time="710.53" tests="5" failures="0" errors="0" skipped="0">
    <properties>
      <property name="specId" value="0"/>
      <property name="suiteName" value="Create masterdata for Yard Overview - trigger provide US130988"/>
      <property name="capabilities" value="chrome.135_0_7049_42.windows"/>
      <property name="file" value="file:///D:/a/1/s/test/specs/R2C/yard-overview-trigger.spec.js"/>
    </properties>
    <testcase classname="chrome.135_0_7049_42.windows.Create_masterdata_for_Yard_Overview_-_trigger_provide_US130988" name="Should create prerequisites yard partner site material" time="405.016">
      <system-out><![CDATA[
COMMAND: POST /session/2c26340218390abaea45fe4d98ab669b/execute/async - {"script":"<script> [1562 bytes]","args":[{"selector":{"controlType":"sap.m.GenericTile","properties":{"header":"Manage Yards"}},"wdio_ui5_key":"sapm.GenericTile{\"header\":\"Manage Yards\"}"}]}
RESULT: {"script":"<script> [1562 bytes]","args":[{"selector":{"controlType":"sap.m.GenericTile","properties":{"header":"Manage Yards"}},"wdio_ui5_key":"sapm.GenericTile{\"header\":\"Manage Yards\"}"}]}
RESULT: undefined
COMMAND: POST /session/2c26340218390abaea45fe4d98ab669b/element - {"using":"xpath","value":"//*[@id=\"__tile41\"]"}
RESULT: {"using":"xpath","value":"//*[@id=\"__tile41\"]"}
COMMAND: POST /session/2c26340218390abaea45fe4d98ab669b/element/f.17291DB1E67CD9F3C23A369F0CDF7328.d.DE2D6DD462A57D4E63A61DC6911FC6AC.e.12990/click - {}
RESULT: {}
COMMAND: GET /session/2c26340218390abaea45fe4d98ab669b/screenshot - {}
RESULT: {}
COMMAND: POST /session/2c26340218390abaea45fe4d98ab669b/execute/async - {"script":"<script> [1562 bytes]","args":[{"selector":{"controlType":"sap.ui.core.Icon","viewName":"etm.portal.ui.manageyards.view.Master","viewId":"application-manageyards-display-component---masterYard","properties":{"src":{"regex":{"source":"add"}}}},"wdio_ui5_key":"etmportal.ui.manageyards.view.Mastersap.ui.core.Icon{\"src\":{\"regex\":{\"source\":\"add\"}}}"}]}
RESULT: {"script":"<script> [1562 bytes]","args":[{"selector":{"controlType":"sap.ui.core.Icon","viewName":"etm.portal.ui.manageyards.view.Master","viewId":"application-manageyards-display-component---masterYard","properties":{"src":{"regex":{"source":"add"}}}},"wdio_ui5_key":"etmportal.ui.manageyards.view.Mastersap.ui.core.Icon{\"src\":{\"regex\":{\"source\":\"add\"}}}"}]}
RESULT: undefined
COMMAND: POST /session/2c26340218390abaea45fe4d98ab669b/element - {"using":"xpath","value":"//*[@id=\"__button4-img\"]"}
RESULT: {"using":"xpath","value":"//*[@id=\"__button4-img\"]"}
COMMAND: POST /session/2c26340218390abaea45fe4d98ab669b/element/f.17291DB1E67CD9F3C23A369F0CDF7328.d.DE2D6DD462A57D4E63A61DC6911FC6AC.e.13135/click - {}
RESULT: {}
COMMAND: GET /session/2c26340218390abaea45fe4d98ab669b/screenshot - {}
RESULT: {}
COMMAND: POST /session/2c26340218390abaea45fe4d98ab669b/execute/async - {"script":"<script> [1562 bytes]","args":[{"selector":{"id":"application-manageyards-display-component---NewYard--yardId","interaction":{"idSuffix":"inner"}},"wdio_ui5_key":"applicationmanageyards-display-component---NewYard--yardId"}]}
RESULT: {"script":"<script> [1562 bytes]","args":[{"selector":{"id":"application-manageyards-display-component---NewYard--yardId","interaction":{"idSuffix":"inner"}},"wdio_ui5_key":"applicationmanageyards-display-component---NewYard--yardId"}]}
RESULT: undefined
COMMAND: POST /session/2c26340218390abaea45fe4d98ab669b/element - {"using":"xpath","value":"//*[@id=\"application-manageyards-display-component---NewYard--addressDetailDetailsName1-inner\"]"}
RESULT: {"using":"xpath","value":"//*[@id=\"application-manageyards-display-component---NewYard--addressDetailDetailsName1-inner\"]"}
COMMAND: POST /session/2c26340218390abaea45fe4d98ab669b/element/f.17291DB1E67CD9F3C23A369F0CDF7328.d.DE2D6DD462A57D4E63A61DC6911FC6AC.e.13251/clear - {}
RESULT: {}
COMMAND: POST /session/2c26340218390abaea45fe4d98ab669b/element/f.17291DB1E67CD9F3C23A369F0CDF7328.d.DE2D6DD462A57D4E63A61DC6911FC6AC.e.13251/value - {"text":"WebdriverYardbvz4k"}
COMMAND: GET /session/2c26340218390abaea45fe4d98ab669b/screenshot - {}
RESULT: {"text":"WebdriverYardbvz4k"}
COMMAND: POST /session/2c26340218390abaea45fe4d98ab669b/element - {"using":"xpath","value":"//*[@id=\"application-manageyards-display-component---NewYard--addressDetailDetailsLanguage-inner\"]"}
COMMAND: GET /session/2c26340218390abaea45fe4d98ab669b/screenshot - {}
RESULT: {}
RESULT: {"using":"xpath","value":"//*[@id=\"application-manageyards-display-component---NewYard--addressDetailDetailsLanguage-inner\"]"}
COMMAND: POST /session/2c26340218390abaea45fe4d98ab669b/element/f.17291DB1E67CD9F3C23A369F0CDF7328.d.DE2D6DD462A57D4E63A61DC6911FC6AC.e.13252/clear - {}
RESULT: {}
RESULT: {}
COMMAND: POST /session/2c26340218390abaea45fe4d98ab669b/element/f.17291DB1E67CD9F3C23A369F0CDF7328.d.DE2D6DD462A57D4E63A61DC6911FC6AC.e.13252/value - {"text":"Romanian"}
COMMAND: GET /session/2c26340218390abaea45fe4d98ab669b/screenshot - {}
RESULT: {"text":"Romanian"}
COMMAND: POST /session/2c26340218390abaea45fe4d98ab669b/element - {"using":"xpath","value":"//input[contains(@id ,\"application-manageyards-display-component---NewYard--addressDetailDetailsName1-inner\")]"}
COMMAND: GET /session/2c26340218390abaea45fe4d98ab669b/screenshot - {}
RESULT: {}
RESULT: {"using":"xpath","value":"//input[contains(@id ,\"application-manageyards-display-component---NewYard--addressDetailDetailsName1-inner\")]"}
COMMAND: GET /session/2c26340218390abaea45fe4d98ab669b/element/f.17291DB1E67CD9F3C23A369F0CDF7328.d.DE2D6DD462A57D4E63A61DC6911FC6AC.e.13251/property/value - {}
RESULT: {}
RESULT: {}
COMMAND: GET /session/2c26340218390abaea45fe4d98ab669b/screenshot - {}
RESULT: {}
COMMAND: POST /session/2c26340218390abaea45fe4d98ab669b/element - {"using":"xpath","value":"//*[@id=\"application-manageyards-display-component---NewYard--addressDetailDetailsCity1-inner\"]"}
RESULT: {"using":"xpath","value":"//*[@id=\"application-manageyards-display-component---NewYard--addressDetailDetailsCity1-inner\"]"}
COMMAND: POST /session/2c26340218390abaea45fe4d98ab669b/element/f.17291DB1E67CD9F3C23A369F0CDF7328.d.DE2D6DD462A57D4E63A61DC6911FC6AC.e.13254/clear - {}
RESULT: {}
COMMAND: POST /session/2c26340218390abaea45fe4d98ab669b/element/f.17291DB1E67CD9F3C23A369F0CDF7328.d.DE2D6DD462A57D4E63A61DC6911FC6AC.e.13254/value - {"text":"Bucuresti"}
COMMAND: GET /session/2c26340218390abaea45fe4d98ab669b/screenshot - {}
RESULT: {"text":"Bucuresti"}
COMMAND: GET /session/2c26340218390abaea45fe4d98ab669b/screenshot - {}
RESULT: {}
RESULT: {}
COMMAND: POST /session/2c26340218390abaea45fe4d98ab669b/element - {"using":"xpath","value":"//*[@id=\"application-manageyards-display-component---NewYard--addressDetailDetailsCountry-inner\"]"}
RESULT: {"using":"xpath","value":"//*[@id=\"application-manageyards-display-component---NewYard--addressDetailDetailsCountry-inner\"]"}
COMMAND: POST /session/2c26340218390abaea45fe4d98ab669b/element/f.17291DB1E67CD9F3C23A369F0CDF7328.d.DE2D6DD462A57D4E63A61DC6911FC6AC.e.13258/clear - {}
RESULT: {}
COMMAND: POST /session/2c26340218390abaea45fe4d98ab669b/element/f.17291DB1E67CD9F3C23A369F0CDF7328.d.DE2D6DD462A57D4E63A61DC6911FC6AC.e.13258/value - {"text":"Romania"}
COMMAND: GET /session/2c26340218390abaea45fe4d98ab669b/screenshot - {}
RESULT: {"text":"Romania"}
COMMAND: GET /session/2c26340218390abaea45fe4d98ab669b/screenshot - {}
RESULT: {}
RESULT: {}
COMMAND: POST /session/2c26340218390abaea45fe4d98ab669b/element - {"using":"xpath","value":"//div[contains(text(), \"Commercial\")]"}
RESULT: {"using":"xpath","value":"//div[contains(text(), \"Commercial\")]"}
COMMAND: GET /session/2c26340218390abaea45fe4d98ab669b/element/f.17291DB1E67CD9F3C23A369F0CDF7328.d.DE2D6DD462A57D4E63A61DC6911FC6AC.e.13448/rect - {}
RESULT: {}
COMMAND: GET /session/2c26340218390abaea45fe4d98ab669b/window/rect - {}
RESULT: {}
COMMAND: POST /session/2c26340218390abaea45fe4d98ab669b/execute/sync - {"script":"<script> [92 bytes]","args":[]}
RESULT: {"script":"<script> [92 bytes]","args":[]}
COMMAND: POST /session/2c26340218390abaea45fe4d98ab669b/actions - {"actions":[{"id":"action34","type":"wheel","parameters":{},"actions":[{"type":"scroll","x":-1841,"y":-44,"deltaX":0,"deltaY":0,"duration":0,"origin":{"element-6066-11e4-a52e-4f735466cecf":"f.17291DB1E67CD9F3C23A369F0CDF7328.d.DE2D6DD462A57D4E63A61DC6911FC6AC.e.13448"}}]}]}
COMMAND: GET /session/2c26340218390abaea45fe4d98ab669b/screenshot - {}
RESULT: {}
COMMAND: POST /session/2c26340218390abaea45fe4d98ab669b/execute/sync - {"script":"<script> [79 bytes]","args":[{"element-6066-11e4-a52e-4f735466cecf":"f.17291DB1E67CD9F3C23A369F0CDF7328.d.DE2D6DD462A57D4E63A61DC6911FC6AC.e.13448","ELEMENT":"f.17291DB1E67CD9F3C23A369F0CDF7328.d.DE2D6DD462A57D4E63A61DC6911FC6AC.e.13448"},{"block":"start","inline":"nearest"}]}
RESULT: {"script":"<script> [79 bytes]","args":[{"element-6066-11e4-a52e-4f735466cecf":"f.17291DB1E67CD9F3C23A369F0CDF7328.d.DE2D6DD462A57D4E63A61DC6911FC6AC.e.13448","ELEMENT":"f.17291DB1E67CD9F3C23A369F0CDF7328.d.DE2D6DD462A57D4E63A61DC6911FC6AC.e.13448"},{"block":"start","inline":"nearest"}]}
COMMAND: GET /session/2c26340218390abaea45fe4d98ab669b/screenshot - {}
RESULT: {}
COMMAND: POST /session/2c26340218390abaea45fe4d98ab669b/execute/async - {"script":"<script> [1562 bytes]","args":[{"selector":{"id":"application-manageyards-display-component---NewYard--addressEditDetailsCostObjectCstType-arrow"},"wdio_ui5_key":"applicationmanageyards-display-component---NewYard--addressEditDetailsCostObjectCstType-arrow"}]}
RESULT: {"script":"<script> [1562 bytes]","args":[{"selector":{"id":"application-manageyards-display-component---NewYard--addressEditDetailsCostObjectCstType-arrow"},"wdio_ui5_key":"applicationmanageyards-display-component---NewYard--addressEditDetailsCostObjectCstType-arrow"}]}
RESULT: undefined
COMMAND: POST /session/2c26340218390abaea45fe4d98ab669b/element - {"using":"xpath","value":"//*[@id=\"application-manageyards-display-component---NewYard--addressEditDetailsCostObjectCstType-arrow\"]"}
RESULT: {"using":"xpath","value":"//*[@id=\"application-manageyards-display-component---NewYard--addressEditDetailsCostObjectCstType-arrow\"]"}
COMMAND: POST /session/2c26340218390abaea45fe4d98ab669b/element/f.17291DB1E67CD9F3C23A369F0CDF7328.d.DE2D6DD462A57D4E63A61DC6911FC6AC.e.13456/click - {}
RESULT: {}
COMMAND: POST /session/2c26340218390abaea45fe4d98ab669b/element - {"using":"xpath","value":"//span[contains(text(), \"Cost Center\")]"}
COMMAND: GET /session/2c26340218390abaea45fe4d98ab669b/screenshot - {}
RESULT: {"using":"xpath","value":"//span[contains(text(), \"Cost Center\")]"}
COMMAND: POST /session/2c26340218390abaea45fe4d98ab669b/element/f.17291DB1E67CD9F3C23A369F0CDF7328.d.DE2D6DD462A57D4E63A61DC6911FC6AC.e.13457/click - {}
RESULT: {}
RESULT: {}
COMMAND: GET /session/2c26340218390abaea45fe4d98ab669b/screenshot - {}
RESULT: {}
COMMAND: POST /session/2c26340218390abaea45fe4d98ab669b/execute/async - {"script":"<script> [1562 bytes]","args":[{"selector":{"id":"application-manageyards-display-component---NewYard--addressNewCostObjectCstID-vhi"},"wdio_ui5_key":"applicationmanageyards-display-component---NewYard--addressNewCostObjectCstID-vhi"}]}
RESULT: {"script":"<script> [1562 bytes]","args":[{"selector":{"id":"application-manageyards-display-component---NewYard--addressNewCostObjectCstID-vhi"},"wdio_ui5_key":"applicationmanageyards-display-component---NewYard--addressNewCostObjectCstID-vhi"}]}
RESULT: undefined
COMMAND: POST /session/2c26340218390abaea45fe4d98ab669b/element - {"using":"xpath","value":"//*[@id=\"application-manageyards-display-component---NewYard--addressNewCostObjectCstID-vhi\"]"}
RESULT: {"using":"xpath","value":"//*[@id=\"application-manageyards-display-component---NewYard--addressNewCostObjectCstID-vhi\"]"}
COMMAND: POST /session/2c26340218390abaea45fe4d98ab669b/element/f.17291DB1E67CD9F3C23A369F0CDF7328.d.DE2D6DD462A57D4E63A61DC6911FC6AC.e.13460/click - {}
RESULT: {}
COMMAND: GET /session/2c26340218390abaea45fe4d98ab669b/screenshot - {}
RESULT: {}
COMMAND: POST /session/2c26340218390abaea45fe4d98ab669b/execute/async - {"script":"<script> [1562 bytes]","args":[{"selector":{"controlType":"sap.m.SearchField","properties":{"placeholder":"Search"},"searchOpenDialogs":true,"interaction":{"idSuffix":"I"}},"wdio_ui5_key":"sapm.SearchField{\"placeholder\":\"Search\"}"}]}
RESULT: {"script":"<script> [1562 bytes]","args":[{"selector":{"controlType":"sap.m.SearchField","properties":{"placeholder":"Search"},"searchOpenDialogs":true,"interaction":{"idSuffix":"I"}},"wdio_ui5_key":"sapm.SearchField{\"placeholder\":\"Search\"}"}]}
RESULT: undefined
COMMAND: POST /session/2c26340218390abaea45fe4d98ab669b/execute/async - {"script":"<script> [776 bytes]","args":[{"enterText":"10001013","selector":{"controlType":"sap.m.SearchField","properties":{"placeholder":"Search"},"searchOpenDialogs":true,"interaction":{"idSuffix":"I"}},"clearTextFirst":true,"interactionType":"ENTER_TEXT"}]}
RESULT: {"script":"<script> [776 bytes]","args":[{"enterText":"10001013","selector":{"controlType":"sap.m.SearchField","properties":{"placeholder":"Search"},"searchOpenDialogs":true,"interaction":{"idSuffix":"I"}},"clearTextFirst":true,"interactionType":"ENTER_TEXT"}]}
COMMAND: POST /session/2c26340218390abaea45fe4d98ab669b/actions - {"actions":[{"id":"action35","type":"key","parameters":{},"actions":[{"type":"keyDown","value":""},{"type":"pause","duration":10},{"type":"keyUp","value":""}]}]}
RESULT: {"actions":[{"id":"action35","type":"key","parameters":{},"actions":[{"type":"keyDown","value":""},{"type":"pause","duration":10},{"type":"keyUp","value":""}]}]}
COMMAND: GET /session/2c26340218390abaea45fe4d98ab669b/screenshot - {}
RESULT: {}
COMMAND: POST /session/2c26340218390abaea45fe4d98ab669b/element - {"using":"xpath","value":"//span[contains(text(), \"General Management\")]"}
RESULT: {"using":"xpath","value":"//span[contains(text(), \"General Management\")]"}
COMMAND: POST /session/2c26340218390abaea45fe4d98ab669b/element/f.17291DB1E67CD9F3C23A369F0CDF7328.d.DE2D6DD462A57D4E63A61DC6911FC6AC.e.13501/click - {}
RESULT: {}
COMMAND: GET /session/2c26340218390abaea45fe4d98ab669b/screenshot - {}
RESULT: {}
COMMAND: POST /session/2c26340218390abaea45fe4d98ab669b/element - {"using":"xpath","value":"//bdi[contains(text(), \"OK\")]"}
RESULT: {"using":"xpath","value":"//bdi[contains(text(), \"OK\")]"}
COMMAND: POST /session/2c26340218390abaea45fe4d98ab669b/element/f.17291DB1E67CD9F3C23A369F0CDF7328.d.DE2D6DD462A57D4E63A61DC6911FC6AC.e.13502/click - {}
RESULT: {}
COMMAND: GET /session/2c26340218390abaea45fe4d98ab669b/screenshot - {}
RESULT: {}
COMMAND: POST /session/2c26340218390abaea45fe4d98ab669b/execute/async - {"script":"<script> [1562 bytes]","args":[{"selector":{"controlType":"sap.m.Button","viewName":"etm.portal.ui.manageyards.view.New","viewId":"application-manageyards-display-component---NewYard","i18NText":{"propertyName":"text","key":"save"},"interaction":{"idSuffix":"inner"}},"wdio_ui5_key":"etmportal.ui.manageyards.view.Newsap.m.Button{\"propertyName\":\"text\",\"key\":\"save\"}"}]}
RESULT: {"script":"<script> [1562 bytes]","args":[{"selector":{"controlType":"sap.m.Button","viewName":"etm.portal.ui.manageyards.view.New","viewId":"application-manageyards-display-component---NewYard","i18NText":{"propertyName":"text","key":"save"},"interaction":{"idSuffix":"inner"}},"wdio_ui5_key":"etmportal.ui.manageyards.view.Newsap.m.Button{\"propertyName\":\"text\",\"key\":\"save\"}"}]}
RESULT: undefined
COMMAND: POST /session/2c26340218390abaea45fe4d98ab669b/element - {"using":"xpath","value":"//*[@id=\"__button18\"]"}
RESULT: {"using":"xpath","value":"//*[@id=\"__button18\"]"}
COMMAND: POST /session/2c26340218390abaea45fe4d98ab669b/element/f.17291DB1E67CD9F3C23A369F0CDF7328.d.DE2D6DD462A57D4E63A61DC6911FC6AC.e.13426/click - {}
RESULT: {}
COMMAND: GET /session/2c26340218390abaea45fe4d98ab669b/screenshot - {}
RESULT: {}
COMMAND: POST /session/2c26340218390abaea45fe4d98ab669b/element - {"using":"xpath","value":"//header/div/div[2]/div[2]/span"}
RESULT: {"using":"xpath","value":"//header/div/div[2]/div[2]/span"}
COMMAND: GET /session/2c26340218390abaea45fe4d98ab669b/element/f.17291DB1E67CD9F3C23A369F0CDF7328.d.DE2D6DD462A57D4E63A61DC6911FC6AC.e.13700/text - {}
RESULT: {}
COMMAND: POST /session/2c26340218390abaea45fe4d98ab669b/execute/async - {"script":"<script> [1562 bytes]","args":[{"selector":{"controlType":"sap.m.OverflowToolbarButton","viewName":"etm.portal.ui.manageyards.view.Detail","viewId":"application-manageyards-display-component---detailYard","i18NText":{"propertyName":"tooltip","key":"closeColumn"},"interaction":{"idSuffix":"inner"}},"wdio_ui5_key":"etmportal.ui.manageyards.view.Detailsap.m.OverflowToolbarButton{\"propertyName\":\"tooltip\",\"key\":\"closeColumn\"}"}]}
RESULT: {"script":"<script> [1562 bytes]","args":[{"selector":{"controlType":"sap.m.OverflowToolbarButton","viewName":"etm.portal.ui.manageyards.view.Detail","viewId":"application-manageyards-display-component---detailYard","i18NText":{"propertyName":"tooltip","key":"closeColumn"},"interaction":{"idSuffix":"inner"}},"wdio_ui5_key":"etmportal.ui.manageyards.view.Detailsap.m.OverflowToolbarButton{\"propertyName\":\"tooltip\",\"key\":\"closeColumn\"}"}]}
RESULT: undefined
COMMAND: POST /session/2c26340218390abaea45fe4d98ab669b/element - {"using":"xpath","value":"//*[@id=\"__button42\"]"}
RESULT: {"using":"xpath","value":"//*[@id=\"__button42\"]"}
COMMAND: POST /session/2c26340218390abaea45fe4d98ab669b/element/f.17291DB1E67CD9F3C23A369F0CDF7328.d.DE2D6DD462A57D4E63A61DC6911FC6AC.e.13702/click - {}
RESULT: {}
COMMAND: GET /session/2c26340218390abaea45fe4d98ab669b/screenshot - {}
RESULT: {}
COMMAND: POST /session/2c26340218390abaea45fe4d98ab669b/element - {"using":"css selector","value":"#shell-header-logo"}
RESULT: {"using":"css selector","value":"#shell-header-logo"}
COMMAND: POST /session/2c26340218390abaea45fe4d98ab669b/element/f.17291DB1E67CD9F3C23A369F0CDF7328.d.DE2D6DD462A57D4E63A61DC6911FC6AC.e.12979/click - {}
RESULT: {}
COMMAND: GET /session/2c26340218390abaea45fe4d98ab669b/screenshot - {}
RESULT: {}
COMMAND: POST /session/2c26340218390abaea45fe4d98ab669b/refresh - {}
RESULT: {}
COMMAND: GET /session/2c26340218390abaea45fe4d98ab669b/screenshot - {}
RESULT: {}
COMMAND: POST /session/2c26340218390abaea45fe4d98ab669b/execute/async - {"script":"<script> [189 bytes]","args":[]}
RESULT: {"script":"<script> [189 bytes]","args":[]}
COMMAND: POST /session/2c26340218390abaea45fe4d98ab669b/execute/async - {"script":"<script> [123 bytes]","args":[]}
RESULT: {"script":"<script> [123 bytes]","args":[]}
COMMAND: POST /session/2c26340218390abaea45fe4d98ab669b/timeouts - {"script":"<number>"}
RESULT: {"script":"<number>"}
COMMAND: GET /session/2c26340218390abaea45fe4d98ab669b/timeouts - {}
RESULT: {}
RESULT: undefined
COMMAND: POST /session/2c26340218390abaea45fe4d98ab669b/execute/async - {"script":"<script> [2676 bytes]","args":[]}
RESULT: {"script":"<script> [2676 bytes]","args":[]}
COMMAND: POST /session/2c26340218390abaea45fe4d98ab669b/execute/async - {"script":"<script> [2342 bytes]","args":[{"protocol":"http","hostname":"0.0.0.0","path":"/","capabilities":{"browserName":"chrome","goog:chromeOptions":{"binary":"C:\\Program Files\\Google\\Chrome\\Application\\chrome.exe"}},"logLevel":"warn","connectionRetryTimeout":120000,"connectionRetryCount":3,"logLevels":{},"enableDirectConnect":true,"strictSSL":true,"_":"65 more keys: [\"cacheDir\",\"port\",\"requestedCapabilities\",\"automationProtocol\",\"baseUrl\",\"waitforInterval\",\"waitforTimeout\",\"onReload\",\"beforeCommand\",\"afterCommand\",\"rootDir\",\"specs\",\"suites\",\"exclude\",\"groupLogsByTestSpec\",\"excludeDriverLogs\",\"bail\",\"framework\",\"reporters\",\"services\",\"maxInstances\",\"maxInstancesPerCapability\",\"injectGlobals\",\"filesToWatch\",\"execArgv\",\"runnerEnv\",\"runner\",\"shard\",\"specFileRetries\",\"specFileRetriesDelay\",\"specFileRetriesDeferred\",\"reporterSyncInterval\",\"reporterSyncTimeout\",\"cucumberFeaturesWithLineNumbers\",\"autoCompileOpts\",\"mochaOpts\",\"jasmineOpts\",\"cucumberOpts\",\"onPrepare\",\"onWorkerStart\",\"onWorkerEnd\",\"before\",\"beforeSession\",\"beforeSuite\",\"beforeHook\",\"beforeTest\",\"afterTest\",\"afterHook\",\"afterSuite\",\"afterSession\",\"after\",\"onComplete\",\"beforeAssertion\",\"afterAssertion\",\"beforeFeature\",\"beforeScenario\",\"beforeStep\",\"afterStep\",\"afterScenario\",\"afterFeature\",\"_\",\"suite\",\"$0\",\"ignoredWorkerServices\",\"wdi5\"]"}]}
RESULT: {"script":"<script> [2342 bytes]","args":[{"protocol":"http","hostname":"0.0.0.0","path":"/","capabilities":{"browserName":"chrome","goog:chromeOptions":{"binary":"C:\\Program Files\\Google\\Chrome\\Application\\chrome.exe"}},"logLevel":"warn","connectionRetryTimeout":120000,"connectionRetryCount":3,"logLevels":{},"enableDirectConnect":true,"strictSSL":true,"_":"65 more keys: [\"cacheDir\",\"port\",\"requestedCapabilities\",\"automationProtocol\",\"baseUrl\",\"waitforInterval\",\"waitforTimeout\",\"onReload\",\"beforeCommand\",\"afterCommand\",\"rootDir\",\"specs\",\"suites\",\"exclude\",\"groupLogsByTestSpec\",\"excludeDriverLogs\",\"bail\",\"framework\",\"reporters\",\"services\",\"maxInstances\",\"maxInstancesPerCapability\",\"injectGlobals\",\"filesToWatch\",\"execArgv\",\"runnerEnv\",\"runner\",\"shard\",\"specFileRetries\",\"specFileRetriesDelay\",\"specFileRetriesDeferred\",\"reporterSyncInterval\",\"reporterSyncTimeout\",\"cucumberFeaturesWithLineNumbers\",\"autoCompileOpts\",\"mochaOpts\",\"jasmineOpts\",\"cucumberOpts\",\"onPrepare\",\"onWorkerStart\",\"onWorkerEnd\",\"before\",\"beforeSession\",\"beforeSuite\",\"beforeHook\",\"beforeTest\",\"afterTest\",\"afterHook\",\"afterSuite\",\"afterSession\",\"after\",\"onComplete\",\"beforeAssertion\",\"afterAssertion\",\"beforeFeature\",\"beforeScenario\",\"beforeStep\",\"afterStep\",\"afterScenario\",\"afterFeature\",\"_\",\"suite\",\"$0\",\"ignoredWorkerServices\",\"wdi5\"]"}]}
COMMAND: POST /session/2c26340218390abaea45fe4d98ab669b/execute/async - {"script":"<script> [21126 bytes]","args":[35000]}
RESULT: {"script":"<script> [21126 bytes]","args":[35000]}
COMMAND: POST /session/2c26340218390abaea45fe4d98ab669b/execute/async - {"script":"<script> [1562 bytes]","args":[{"selector":{"controlType":"sap.m.GenericTile","properties":{"header":"Manage Partners"}},"wdio_ui5_key":"sapm.GenericTile{\"header\":\"Manage Partners\"}"}]}
RESULT: {"script":"<script> [1562 bytes]","args":[{"selector":{"controlType":"sap.m.GenericTile","properties":{"header":"Manage Partners"}},"wdio_ui5_key":"sapm.GenericTile{\"header\":\"Manage Partners\"}"}]}
RESULT: undefined
COMMAND: POST /session/2c26340218390abaea45fe4d98ab669b/element - {"using":"xpath","value":"//*[@id=\"__tile38\"]"}
RESULT: {"using":"xpath","value":"//*[@id=\"__tile38\"]"}
COMMAND: POST /session/2c26340218390abaea45fe4d98ab669b/element/f.17291DB1E67CD9F3C23A369F0CDF7328.d.88CB7AB96C86051FEC60C3E9C6CCADD8.e.14056/click - {}
RESULT: {}
COMMAND: GET /session/2c26340218390abaea45fe4d98ab669b/screenshot - {}
RESULT: {}
COMMAND: POST /session/2c26340218390abaea45fe4d98ab669b/execute/async - {"script":"<script> [1562 bytes]","args":[{"selector":{"controlType":"sap.ui.core.Icon","viewName":"etm.portal.ui.managepartners.view.Master","viewId":"application-managepartners-display-component---masterPtm","properties":{"src":{"regex":{"source":"add"}}}},"wdio_ui5_key":"etmportal.ui.managepartners.view.Mastersap.ui.core.Icon{\"src\":{\"regex\":{\"source\":\"add\"}}}"}]}
RESULT: {"script":"<script> [1562 bytes]","args":[{"selector":{"controlType":"sap.ui.core.Icon","viewName":"etm.portal.ui.managepartners.view.Master","viewId":"application-managepartners-display-component---masterPtm","properties":{"src":{"regex":{"source":"add"}}}},"wdio_ui5_key":"etmportal.ui.managepartners.view.Mastersap.ui.core.Icon{\"src\":{\"regex\":{\"source\":\"add\"}}}"}]}
RESULT: undefined
COMMAND: POST /session/2c26340218390abaea45fe4d98ab669b/element - {"using":"xpath","value":"//*[@id=\"__button4-img\"]"}
RESULT: {"using":"xpath","value":"//*[@id=\"__button4-img\"]"}
COMMAND: POST /session/2c26340218390abaea45fe4d98ab669b/element/f.17291DB1E67CD9F3C23A369F0CDF7328.d.88CB7AB96C86051FEC60C3E9C6CCADD8.e.14106/click - {}
RESULT: {}
COMMAND: GET /session/2c26340218390abaea45fe4d98ab669b/screenshot - {}
RESULT: {}
COMMAND: POST /session/2c26340218390abaea45fe4d98ab669b/execute/async - {"script":"<script> [1562 bytes]","args":[{"selector":{"id":"application-managepartners-display-component---NewPartner--partnerId","interaction":{"idSuffix":"inner"}},"wdio_ui5_key":"applicationmanagepartners-display-component---NewPartner--partnerId"}]}
RESULT: {"script":"<script> [1562 bytes]","args":[{"selector":{"id":"application-managepartners-display-component---NewPartner--partnerId","interaction":{"idSuffix":"inner"}},"wdio_ui5_key":"applicationmanagepartners-display-component---NewPartner--partnerId"}]}
RESULT: undefined
COMMAND: POST /session/2c26340218390abaea45fe4d98ab669b/execute/async - {"script":"<script> [1562 bytes]","args":[{"selector":{"id":"application-managepartners-display-component---NewPartner--addressDetailDetailsName1","interaction":{"idSuffix":"inner"}},"wdio_ui5_key":"applicationmanagepartners-display-component---NewPartner--addressDetailDetailsName1"}]}
RESULT: {"script":"<script> [1562 bytes]","args":[{"selector":{"id":"application-managepartners-display-component---NewPartner--addressDetailDetailsName1","interaction":{"idSuffix":"inner"}},"wdio_ui5_key":"applicationmanagepartners-display-component---NewPartner--addressDetailDetailsName1"}]}
RESULT: undefined
COMMAND: POST /session/2c26340218390abaea45fe4d98ab669b/execute/async - {"script":"<script> [776 bytes]","args":[{"enterText":"WebdriverPartner6yd5f","selector":{"id":"application-managepartners-display-component---NewPartner--addressDetailDetailsName1","interaction":{"idSuffix":"inner"}},"clearTextFirst":true,"interactionType":"ENTER_TEXT"}]}
RESULT: {"script":"<script> [776 bytes]","args":[{"enterText":"WebdriverPartner6yd5f","selector":{"id":"application-managepartners-display-component---NewPartner--addressDetailDetailsName1","interaction":{"idSuffix":"inner"}},"clearTextFirst":true,"interactionType":"ENTER_TEXT"}]}
COMMAND: POST /session/2c26340218390abaea45fe4d98ab669b/execute/async - {"script":"<script> [1562 bytes]","args":[{"selector":{"id":"application-managepartners-display-component---NewPartner--addressDetailDetailsLanguage","interaction":{"idSuffix":"inner"}},"wdio_ui5_key":"applicationmanagepartners-display-component---NewPartner--addressDetailDetailsLanguage"}]}
RESULT: {"script":"<script> [1562 bytes]","args":[{"selector":{"id":"application-managepartners-display-component---NewPartner--addressDetailDetailsLanguage","interaction":{"idSuffix":"inner"}},"wdio_ui5_key":"applicationmanagepartners-display-component---NewPartner--addressDetailDetailsLanguage"}]}
RESULT: undefined
COMMAND: POST /session/2c26340218390abaea45fe4d98ab669b/execute/async - {"script":"<script> [776 bytes]","args":[{"enterText":"Romanian","selector":{"id":"application-managepartners-display-component---NewPartner--addressDetailDetailsLanguage","interaction":{"idSuffix":"inner"}},"clearTextFirst":true,"interactionType":"ENTER_TEXT"}]}
RESULT: {"script":"<script> [776 bytes]","args":[{"enterText":"Romanian","selector":{"id":"application-managepartners-display-component---NewPartner--addressDetailDetailsLanguage","interaction":{"idSuffix":"inner"}},"clearTextFirst":true,"interactionType":"ENTER_TEXT"}]}
COMMAND: POST /session/2c26340218390abaea45fe4d98ab669b/element - {"using":"xpath","value":"//input[contains(@id ,\"application-managepartners-display-component---NewPartner--addressDetailDetailsName1-inner\")]"}
RESULT: {"using":"xpath","value":"//input[contains(@id ,\"application-managepartners-display-component---NewPartner--addressDetailDetailsName1-inner\")]"}
COMMAND: GET /session/2c26340218390abaea45fe4d98ab669b/element/f.17291DB1E67CD9F3C23A369F0CDF7328.d.88CB7AB96C86051FEC60C3E9C6CCADD8.e.14312/property/value - {}
RESULT: {}
COMMAND: POST /session/2c26340218390abaea45fe4d98ab669b/execute/async - {"script":"<script> [1562 bytes]","args":[{"selector":{"id":"application-managepartners-display-component---NewPartner--addressDetailDetailsCity1","interaction":{"idSuffix":"inner"}},"wdio_ui5_key":"applicationmanagepartners-display-component---NewPartner--addressDetailDetailsCity1"}]}
COMMAND: GET /session/2c26340218390abaea45fe4d98ab669b/screenshot - {}
RESULT: {"script":"<script> [1562 bytes]","args":[{"selector":{"id":"application-managepartners-display-component---NewPartner--addressDetailDetailsCity1","interaction":{"idSuffix":"inner"}},"wdio_ui5_key":"applicationmanagepartners-display-component---NewPartner--addressDetailDetailsCity1"}]}
RESULT: undefined
COMMAND: POST /session/2c26340218390abaea45fe4d98ab669b/execute/async - {"script":"<script> [776 bytes]","args":[{"enterText":"Bucharest","selector":{"id":"application-managepartners-display-component---NewPartner--addressDetailDetailsCity1","interaction":{"idSuffix":"inner"}},"clearTextFirst":true,"interactionType":"ENTER_TEXT"}]}
RESULT: {}
RESULT: {"script":"<script> [776 bytes]","args":[{"enterText":"Bucharest","selector":{"id":"application-managepartners-display-component---NewPartner--addressDetailDetailsCity1","interaction":{"idSuffix":"inner"}},"clearTextFirst":true,"interactionType":"ENTER_TEXT"}]}
COMMAND: POST /session/2c26340218390abaea45fe4d98ab669b/execute/async - {"script":"<script> [1562 bytes]","args":[{"selector":{"id":"application-managepartners-display-component---NewPartner--addressDetailDetailsCountry","interaction":{"idSuffix":"inner"}},"wdio_ui5_key":"applicationmanagepartners-display-component---NewPartner--addressDetailDetailsCountry"}]}
RESULT: {"script":"<script> [1562 bytes]","args":[{"selector":{"id":"application-managepartners-display-component---NewPartner--addressDetailDetailsCountry","interaction":{"idSuffix":"inner"}},"wdio_ui5_key":"applicationmanagepartners-display-component---NewPartner--addressDetailDetailsCountry"}]}
RESULT: undefined
COMMAND: POST /session/2c26340218390abaea45fe4d98ab669b/execute/async - {"script":"<script> [6424 bytes]","args":[{"element-6066-11e4-a52e-4f735466cecf":"f.17291DB1E67CD9F3C23A369F0CDF7328.d.88CB7AB96C86051FEC60C3E9C6CCADD8.e.14319"},"setValue",["Romania"]]}
RESULT: {"script":"<script> [6424 bytes]","args":[{"element-6066-11e4-a52e-4f735466cecf":"f.17291DB1E67CD9F3C23A369F0CDF7328.d.88CB7AB96C86051FEC60C3E9C6CCADD8.e.14319"},"setValue",["Romania"]]}
COMMAND: POST /session/2c26340218390abaea45fe4d98ab669b/execute/async - {"script":"<script> [1562 bytes]","args":[{"selector":{"id":"application-managepartners-display-component---NewPartner--partnerDetailInternal","interaction":{"idSuffix":"inner"}},"wdio_ui5_key":"applicationmanagepartners-display-component---NewPartner--partnerDetailInternal"}]}
RESULT: {"script":"<script> [1562 bytes]","args":[{"selector":{"id":"application-managepartners-display-component---NewPartner--partnerDetailInternal","interaction":{"idSuffix":"inner"}},"wdio_ui5_key":"applicationmanagepartners-display-component---NewPartner--partnerDetailInternal"}]}
RESULT: undefined
COMMAND: POST /session/2c26340218390abaea45fe4d98ab669b/execute/async - {"script":"<script> [776 bytes]","args":[{"enterText":"External partner","selector":{"id":"application-managepartners-display-component---NewPartner--partnerDetailInternal","interaction":{"idSuffix":"inner"}},"clearTextFirst":true,"interactionType":"ENTER_TEXT"}]}
RESULT: {"script":"<script> [776 bytes]","args":[{"enterText":"External partner","selector":{"id":"application-managepartners-display-component---NewPartner--partnerDetailInternal","interaction":{"idSuffix":"inner"}},"clearTextFirst":true,"interactionType":"ENTER_TEXT"}]}
COMMAND: POST /session/2c26340218390abaea45fe4d98ab669b/execute/async - {"script":"<script> [1562 bytes]","args":[{"selector":{"id":"application-managepartners-display-component---NewPartner--partnerDetailsCurrency","interaction":{"idSuffix":"inner"}},"wdio_ui5_key":"applicationmanagepartners-display-component---NewPartner--partnerDetailsCurrency"}]}
RESULT: {"script":"<script> [1562 bytes]","args":[{"selector":{"id":"application-managepartners-display-component---NewPartner--partnerDetailsCurrency","interaction":{"idSuffix":"inner"}},"wdio_ui5_key":"applicationmanagepartners-display-component---NewPartner--partnerDetailsCurrency"}]}
RESULT: undefined
COMMAND: POST /session/2c26340218390abaea45fe4d98ab669b/execute/async - {"script":"<script> [776 bytes]","args":[{"enterText":"Euro","selector":{"id":"application-managepartners-display-component---NewPartner--partnerDetailsCurrency","interaction":{"idSuffix":"inner"}},"clearTextFirst":true,"interactionType":"ENTER_TEXT"}]}
RESULT: {"script":"<script> [776 bytes]","args":[{"enterText":"Euro","selector":{"id":"application-managepartners-display-component---NewPartner--partnerDetailsCurrency","interaction":{"idSuffix":"inner"}},"clearTextFirst":true,"interactionType":"ENTER_TEXT"}]}
COMMAND: POST /session/2c26340218390abaea45fe4d98ab669b/execute/async - {"script":"<script> [1562 bytes]","args":[{"selector":{"controlType":"sap.m.Button","viewName":"etm.portal.ui.managepartners.view.NewPartner","viewId":"application-managepartners-display-component---NewPartner","properties":{"text":"Commercial"},"interaction":{"idSuffix":"BDI-content"}},"wdio_ui5_key":"etmportal.ui.managepartners.view.NewPartnersap.m.Button{\"text\":\"Commercial\"}"}]}
RESULT: {"script":"<script> [1562 bytes]","args":[{"selector":{"controlType":"sap.m.Button","viewName":"etm.portal.ui.managepartners.view.NewPartner","viewId":"application-managepartners-display-component---NewPartner","properties":{"text":"Commercial"},"interaction":{"idSuffix":"BDI-content"}},"wdio_ui5_key":"etmportal.ui.managepartners.view.NewPartnersap.m.Button{\"text\":\"Commercial\"}"}]}
RESULT: undefined
COMMAND: POST /session/2c26340218390abaea45fe4d98ab669b/element - {"using":"xpath","value":"//*[@id=\"application-managepartners-display-component---NewPartner--ObjectPageLayout-anchBar-__section5-anchor\"]"}
RESULT: {"using":"xpath","value":"//*[@id=\"application-managepartners-display-component---NewPartner--ObjectPageLayout-anchBar-__section5-anchor\"]"}
COMMAND: POST /session/2c26340218390abaea45fe4d98ab669b/element/f.17291DB1E67CD9F3C23A369F0CDF7328.d.88CB7AB96C86051FEC60C3E9C6CCADD8.e.14536/click - {}
RESULT: {}
COMMAND: GET /session/2c26340218390abaea45fe4d98ab669b/screenshot - {}
RESULT: {}
COMMAND: POST /session/2c26340218390abaea45fe4d98ab669b/execute/async - {"script":"<script> [1562 bytes]","args":[{"selector":{"id":"application-managepartners-display-component---NewPartner--btnAddTableRow-img"},"wdio_ui5_key":"applicationmanagepartners-display-component---NewPartner--btnAddTableRow-img"}]}
RESULT: {"script":"<script> [1562 bytes]","args":[{"selector":{"id":"application-managepartners-display-component---NewPartner--btnAddTableRow-img"},"wdio_ui5_key":"applicationmanagepartners-display-component---NewPartner--btnAddTableRow-img"}]}
RESULT: undefined
COMMAND: POST /session/2c26340218390abaea45fe4d98ab669b/element - {"using":"xpath","value":"//*[@id=\"application-managepartners-display-component---NewPartner--btnAddTableRow-img\"]"}
RESULT: {"using":"xpath","value":"//*[@id=\"application-managepartners-display-component---NewPartner--btnAddTableRow-img\"]"}
COMMAND: POST /session/2c26340218390abaea45fe4d98ab669b/element/f.17291DB1E67CD9F3C23A369F0CDF7328.d.88CB7AB96C86051FEC60C3E9C6CCADD8.e.14544/click - {}
RESULT: {}
COMMAND: POST /session/2c26340218390abaea45fe4d98ab669b/element - {"using":"xpath","value":"//input[contains(@id ,\"application-managepartners-display-component---NewPartner--assignmentYard-application-managepartners-display-component---NewPartner\")]"}
COMMAND: GET /session/2c26340218390abaea45fe4d98ab669b/screenshot - {}
RESULT: {"using":"xpath","value":"//input[contains(@id ,\"application-managepartners-display-component---NewPartner--assignmentYard-application-managepartners-display-component---NewPartner\")]"}
COMMAND: POST /session/2c26340218390abaea45fe4d98ab669b/element/f.17291DB1E67CD9F3C23A369F0CDF7328.d.88CB7AB96C86051FEC60C3E9C6CCADD8.e.14547/clear - {}
RESULT: {}
RESULT: {}
COMMAND: POST /session/2c26340218390abaea45fe4d98ab669b/element/f.17291DB1E67CD9F3C23A369F0CDF7328.d.88CB7AB96C86051FEC60C3E9C6CCADD8.e.14547/value - {"text":"247"}
COMMAND: GET /session/2c26340218390abaea45fe4d98ab669b/screenshot - {}
RESULT: {"text":"247"}
COMMAND: POST /session/2c26340218390abaea45fe4d98ab669b/execute/async - {"script":"<script> [1562 bytes]","args":[{"selector":{"controlType":"sap.m.Button","viewName":"etm.portal.ui.managepartners.view.NewPartner","viewId":"application-managepartners-display-component---NewPartner","i18NText":{"propertyName":"text","key":"save"},"interaction":{"idSuffix":"BDI-content"}},"wdio_ui5_key":"etmportal.ui.managepartners.view.NewPartnersap.m.Button{\"propertyName\":\"text\",\"key\":\"save\"}"}]}
COMMAND: GET /session/2c26340218390abaea45fe4d98ab669b/screenshot - {}
RESULT: {}
RESULT: {"script":"<script> [1562 bytes]","args":[{"selector":{"controlType":"sap.m.Button","viewName":"etm.portal.ui.managepartners.view.NewPartner","viewId":"application-managepartners-display-component---NewPartner","i18NText":{"propertyName":"text","key":"save"},"interaction":{"idSuffix":"BDI-content"}},"wdio_ui5_key":"etmportal.ui.managepartners.view.NewPartnersap.m.Button{\"propertyName\":\"text\",\"key\":\"save\"}"}]}
RESULT: undefined
COMMAND: POST /session/2c26340218390abaea45fe4d98ab669b/element - {"using":"xpath","value":"//*[@id=\"__button12\"]"}
RESULT: {}
RESULT: {"using":"xpath","value":"//*[@id=\"__button12\"]"}
COMMAND: POST /session/2c26340218390abaea45fe4d98ab669b/element/f.17291DB1E67CD9F3C23A369F0CDF7328.d.88CB7AB96C86051FEC60C3E9C6CCADD8.e.14514/click - {}
RESULT: {}
COMMAND: GET /session/2c26340218390abaea45fe4d98ab669b/screenshot - {}
RESULT: {}
COMMAND: POST /session/2c26340218390abaea45fe4d98ab669b/element - {"using":"xpath","value":"//header/div/div[2]/div[2]/span"}
RESULT: {"using":"xpath","value":"//header/div/div[2]/div[2]/span"}
COMMAND: GET /session/2c26340218390abaea45fe4d98ab669b/element/f.17291DB1E67CD9F3C23A369F0CDF7328.d.88CB7AB96C86051FEC60C3E9C6CCADD8.e.14716/text - {}
RESULT: {}
COMMAND: POST /session/2c26340218390abaea45fe4d98ab669b/element - {"using":"xpath","value":"//header/div/div/div/div/div/div[2]/div/span"}
RESULT: {"using":"xpath","value":"//header/div/div/div/div/div/div[2]/div/span"}
COMMAND: GET /session/2c26340218390abaea45fe4d98ab669b/element/f.17291DB1E67CD9F3C23A369F0CDF7328.d.88CB7AB96C86051FEC60C3E9C6CCADD8.e.14717/text - {}
RESULT: {}
COMMAND: POST /session/2c26340218390abaea45fe4d98ab669b/execute/async - {"script":"<script> [1562 bytes]","args":[{"selector":{"id":"application-managepartners-display-component---detailPtm--partnerType"},"wdio_ui5_key":"applicationmanagepartners-display-component---detailPtm--partnerType"}]}
RESULT: {"script":"<script> [1562 bytes]","args":[{"selector":{"id":"application-managepartners-display-component---detailPtm--partnerType"},"wdio_ui5_key":"applicationmanagepartners-display-component---detailPtm--partnerType"}]}
RESULT: undefined
COMMAND: POST /session/2c26340218390abaea45fe4d98ab669b/execute/async - {"script":"<script> [6424 bytes]","args":[{"element-6066-11e4-a52e-4f735466cecf":"f.17291DB1E67CD9F3C23A369F0CDF7328.d.88CB7AB96C86051FEC60C3E9C6CCADD8.e.14718"},"getText",[]]}
RESULT: {"script":"<script> [6424 bytes]","args":[{"element-6066-11e4-a52e-4f735466cecf":"f.17291DB1E67CD9F3C23A369F0CDF7328.d.88CB7AB96C86051FEC60C3E9C6CCADD8.e.14718"},"getText",[]]}
COMMAND: POST /session/2c26340218390abaea45fe4d98ab669b/element - {"using":"css selector","value":"#shell-header-logo"}
RESULT: {"using":"css selector","value":"#shell-header-logo"}
COMMAND: POST /session/2c26340218390abaea45fe4d98ab669b/element/f.17291DB1E67CD9F3C23A369F0CDF7328.d.88CB7AB96C86051FEC60C3E9C6CCADD8.e.14057/click - {}
RESULT: {}
COMMAND: GET /session/2c26340218390abaea45fe4d98ab669b/screenshot - {}
RESULT: {}
COMMAND: POST /session/2c26340218390abaea45fe4d98ab669b/execute/async - {"script":"<script> [1562 bytes]","args":[{"selector":{"controlType":"sap.m.GenericTile","properties":{"header":"Manage Sites"}},"wdio_ui5_key":"sapm.GenericTile{\"header\":\"Manage Sites\"}"}]}
RESULT: {"script":"<script> [1562 bytes]","args":[{"selector":{"controlType":"sap.m.GenericTile","properties":{"header":"Manage Sites"}},"wdio_ui5_key":"sapm.GenericTile{\"header\":\"Manage Sites\"}"}]}
RESULT: undefined
COMMAND: POST /session/2c26340218390abaea45fe4d98ab669b/element - {"using":"xpath","value":"//*[@id=\"__tile40\"]"}
RESULT: {"using":"xpath","value":"//*[@id=\"__tile40\"]"}
COMMAND: POST /session/2c26340218390abaea45fe4d98ab669b/element/f.17291DB1E67CD9F3C23A369F0CDF7328.d.88CB7AB96C86051FEC60C3E9C6CCADD8.e.14720/click - {}
RESULT: {}
COMMAND: GET /session/2c26340218390abaea45fe4d98ab669b/screenshot - {}
RESULT: {}
COMMAND: POST /session/2c26340218390abaea45fe4d98ab669b/execute/async - {"script":"<script> [1562 bytes]","args":[{"selector":{"controlType":"sap.ui.core.Icon","viewName":"etm.portal.ui.managesites.view.Master","viewId":"application-managesites-display-component---masterSite","properties":{"src":{"regex":{"source":"add"}}}},"wdio_ui5_key":"etmportal.ui.managesites.view.Mastersap.ui.core.Icon{\"src\":{\"regex\":{\"source\":\"add\"}}}"}]}
RESULT: {"script":"<script> [1562 bytes]","args":[{"selector":{"controlType":"sap.ui.core.Icon","viewName":"etm.portal.ui.managesites.view.Master","viewId":"application-managesites-display-component---masterSite","properties":{"src":{"regex":{"source":"add"}}}},"wdio_ui5_key":"etmportal.ui.managesites.view.Mastersap.ui.core.Icon{\"src\":{\"regex\":{\"source\":\"add\"}}}"}]}
RESULT: undefined
COMMAND: POST /session/2c26340218390abaea45fe4d98ab669b/element - {"using":"xpath","value":"//*[@id=\"__button52-img\"]"}
RESULT: {"using":"xpath","value":"//*[@id=\"__button52-img\"]"}
COMMAND: POST /session/2c26340218390abaea45fe4d98ab669b/element/f.17291DB1E67CD9F3C23A369F0CDF7328.d.88CB7AB96C86051FEC60C3E9C6CCADD8.e.14768/click - {}
RESULT: {}
COMMAND: POST /session/2c26340218390abaea45fe4d98ab669b/execute/async - {"script":"<script> [1562 bytes]","args":[{"selector":{"id":"application-managesites-display-component---NewSite--siteId","interaction":{"idSuffix":"inner"}},"wdio_ui5_key":"applicationmanagesites-display-component---NewSite--siteId"}]}
COMMAND: GET /session/2c26340218390abaea45fe4d98ab669b/screenshot - {}
RESULT: {"script":"<script> [1562 bytes]","args":[{"selector":{"id":"application-managesites-display-component---NewSite--siteId","interaction":{"idSuffix":"inner"}},"wdio_ui5_key":"applicationmanagesites-display-component---NewSite--siteId"}]}
RESULT: undefined
COMMAND: POST /session/2c26340218390abaea45fe4d98ab669b/execute/async - {"script":"<script> [1562 bytes]","args":[{"selector":{"id":"application-managesites-display-component---NewSite--addressDetailDetailsName1","interaction":{"idSuffix":"inner"}},"wdio_ui5_key":"applicationmanagesites-display-component---NewSite--addressDetailDetailsName1"}]}
RESULT: {}
RESULT: {"script":"<script> [1562 bytes]","args":[{"selector":{"id":"application-managesites-display-component---NewSite--addressDetailDetailsName1","interaction":{"idSuffix":"inner"}},"wdio_ui5_key":"applicationmanagesites-display-component---NewSite--addressDetailDetailsName1"}]}
RESULT: undefined
COMMAND: POST /session/2c26340218390abaea45fe4d98ab669b/execute/async - {"script":"<script> [776 bytes]","args":[{"enterText":"WebdriverSitesasdlj","selector":{"id":"application-managesites-display-component---NewSite--addressDetailDetailsName1","interaction":{"idSuffix":"inner"}},"clearTextFirst":true,"interactionType":"ENTER_TEXT"}]}
RESULT: {"script":"<script> [776 bytes]","args":[{"enterText":"WebdriverSitesasdlj","selector":{"id":"application-managesites-display-component---NewSite--addressDetailDetailsName1","interaction":{"idSuffix":"inner"}},"clearTextFirst":true,"interactionType":"ENTER_TEXT"}]}
COMMAND: POST /session/2c26340218390abaea45fe4d98ab669b/execute/async - {"script":"<script> [1562 bytes]","args":[{"selector":{"id":"application-managesites-display-component---NewSite--addressDetailDetailsLanguage","interaction":{"idSuffix":"inner"}},"wdio_ui5_key":"applicationmanagesites-display-component---NewSite--addressDetailDetailsLanguage"}]}
RESULT: {"script":"<script> [1562 bytes]","args":[{"selector":{"id":"application-managesites-display-component---NewSite--addressDetailDetailsLanguage","interaction":{"idSuffix":"inner"}},"wdio_ui5_key":"applicationmanagesites-display-component---NewSite--addressDetailDetailsLanguage"}]}
RESULT: undefined
COMMAND: POST /session/2c26340218390abaea45fe4d98ab669b/execute/async - {"script":"<script> [776 bytes]","args":[{"enterText":"Romanian","selector":{"id":"application-managesites-display-component---NewSite--addressDetailDetailsLanguage","interaction":{"idSuffix":"inner"}},"clearTextFirst":true,"interactionType":"ENTER_TEXT"}]}
RESULT: {"script":"<script> [776 bytes]","args":[{"enterText":"Romanian","selector":{"id":"application-managesites-display-component---NewSite--addressDetailDetailsLanguage","interaction":{"idSuffix":"inner"}},"clearTextFirst":true,"interactionType":"ENTER_TEXT"}]}
COMMAND: POST /session/2c26340218390abaea45fe4d98ab669b/execute/async - {"script":"<script> [1562 bytes]","args":[{"selector":{"id":"application-managesites-display-component---NewSite--addressDetailDetailsCity1","interaction":{"idSuffix":"inner"}},"wdio_ui5_key":"applicationmanagesites-display-component---NewSite--addressDetailDetailsCity1"}]}
RESULT: {"script":"<script> [1562 bytes]","args":[{"selector":{"id":"application-managesites-display-component---NewSite--addressDetailDetailsCity1","interaction":{"idSuffix":"inner"}},"wdio_ui5_key":"applicationmanagesites-display-component---NewSite--addressDetailDetailsCity1"}]}
RESULT: undefined
COMMAND: POST /session/2c26340218390abaea45fe4d98ab669b/execute/async - {"script":"<script> [776 bytes]","args":[{"enterText":"Bucharest","selector":{"id":"application-managesites-display-component---NewSite--addressDetailDetailsCity1","interaction":{"idSuffix":"inner"}},"clearTextFirst":true,"interactionType":"ENTER_TEXT"}]}
RESULT: {"script":"<script> [776 bytes]","args":[{"enterText":"Bucharest","selector":{"id":"application-managesites-display-component---NewSite--addressDetailDetailsCity1","interaction":{"idSuffix":"inner"}},"clearTextFirst":true,"interactionType":"ENTER_TEXT"}]}
COMMAND: POST /session/2c26340218390abaea45fe4d98ab669b/execute/async - {"script":"<script> [1562 bytes]","args":[{"selector":{"id":"application-managesites-display-component---NewSite--addressDetailDetailsCountry","interaction":{"idSuffix":"inner"}},"wdio_ui5_key":"applicationmanagesites-display-component---NewSite--addressDetailDetailsCountry"}]}
RESULT: {"script":"<script> [1562 bytes]","args":[{"selector":{"id":"application-managesites-display-component---NewSite--addressDetailDetailsCountry","interaction":{"idSuffix":"inner"}},"wdio_ui5_key":"applicationmanagesites-display-component---NewSite--addressDetailDetailsCountry"}]}
RESULT: undefined
COMMAND: POST /session/2c26340218390abaea45fe4d98ab669b/execute/async - {"script":"<script> [776 bytes]","args":[{"enterText":"Romania","selector":{"id":"application-managesites-display-component---NewSite--addressDetailDetailsCountry","interaction":{"idSuffix":"inner"}},"clearTextFirst":true,"interactionType":"ENTER_TEXT"}]}
RESULT: {"script":"<script> [776 bytes]","args":[{"enterText":"Romania","selector":{"id":"application-managesites-display-component---NewSite--addressDetailDetailsCountry","interaction":{"idSuffix":"inner"}},"clearTextFirst":true,"interactionType":"ENTER_TEXT"}]}
COMMAND: POST /session/2c26340218390abaea45fe4d98ab669b/element - {"using":"css selector","value":"#application-managesites-display-component---NewSite--addressDetailDetailsCalendar-inner"}
RESULT: {"using":"css selector","value":"#application-managesites-display-component---NewSite--addressDetailDetailsCalendar-inner"}
COMMAND: POST /session/2c26340218390abaea45fe4d98ab669b/element/f.17291DB1E67CD9F3C23A369F0CDF7328.d.88CB7AB96C86051FEC60C3E9C6CCADD8.e.15144/clear - {}
RESULT: {}
COMMAND: POST /session/2c26340218390abaea45fe4d98ab669b/element/f.17291DB1E67CD9F3C23A369F0CDF7328.d.88CB7AB96C86051FEC60C3E9C6CCADD8.e.15144/value - {"text":"Germany"}
COMMAND: GET /session/2c26340218390abaea45fe4d98ab669b/screenshot - {}
RESULT: {"text":"Germany"}
COMMAND: POST /session/2c26340218390abaea45fe4d98ab669b/execute/async - {"script":"<script> [1562 bytes]","args":[{"selector":{"id":"application-managesites-display-component---NewSite--addressEditDetailsCostObjectCstType-arrow"},"wdio_ui5_key":"applicationmanagesites-display-component---NewSite--addressEditDetailsCostObjectCstType-arrow"}]}
COMMAND: GET /session/2c26340218390abaea45fe4d98ab669b/screenshot - {}
RESULT: {}
RESULT: {"script":"<script> [1562 bytes]","args":[{"selector":{"id":"application-managesites-display-component---NewSite--addressEditDetailsCostObjectCstType-arrow"},"wdio_ui5_key":"applicationmanagesites-display-component---NewSite--addressEditDetailsCostObjectCstType-arrow"}]}
RESULT: undefined
COMMAND: POST /session/2c26340218390abaea45fe4d98ab669b/element - {"using":"xpath","value":"//*[@id=\"application-managesites-display-component---NewSite--addressEditDetailsCostObjectCstType-arrow\"]"}
RESULT: {}
RESULT: {"using":"xpath","value":"//*[@id=\"application-managesites-display-component---NewSite--addressEditDetailsCostObjectCstType-arrow\"]"}
COMMAND: POST /session/2c26340218390abaea45fe4d98ab669b/element/f.17291DB1E67CD9F3C23A369F0CDF7328.d.88CB7AB96C86051FEC60C3E9C6CCADD8.e.15343/click - {}
RESULT: {}
COMMAND: POST /session/2c26340218390abaea45fe4d98ab669b/element - {"using":"xpath","value":"//span[contains(text(), \"Work Breakdown Structure\")]"}
COMMAND: GET /session/2c26340218390abaea45fe4d98ab669b/screenshot - {}
RESULT: {"using":"xpath","value":"//span[contains(text(), \"Work Breakdown Structure\")]"}
COMMAND: POST /session/2c26340218390abaea45fe4d98ab669b/element/f.17291DB1E67CD9F3C23A369F0CDF7328.d.88CB7AB96C86051FEC60C3E9C6CCADD8.e.15344/click - {}
RESULT: {}
RESULT: {}
COMMAND: GET /session/2c26340218390abaea45fe4d98ab669b/screenshot - {}
RESULT: {}
COMMAND: POST /session/2c26340218390abaea45fe4d98ab669b/execute/async - {"script":"<script> [1562 bytes]","args":[{"selector":{"id":"application-managesites-display-component---NewSite--addressNewCostObjectCstID-vhi"},"wdio_ui5_key":"applicationmanagesites-display-component---NewSite--addressNewCostObjectCstID-vhi"}]}
RESULT: {"script":"<script> [1562 bytes]","args":[{"selector":{"id":"application-managesites-display-component---NewSite--addressNewCostObjectCstID-vhi"},"wdio_ui5_key":"applicationmanagesites-display-component---NewSite--addressNewCostObjectCstID-vhi"}]}
RESULT: undefined
COMMAND: POST /session/2c26340218390abaea45fe4d98ab669b/element - {"using":"xpath","value":"//*[@id=\"application-managesites-display-component---NewSite--addressNewCostObjectCstID-vhi\"]"}
RESULT: {"using":"xpath","value":"//*[@id=\"application-managesites-display-component---NewSite--addressNewCostObjectCstID-vhi\"]"}
COMMAND: POST /session/2c26340218390abaea45fe4d98ab669b/element/f.17291DB1E67CD9F3C23A369F0CDF7328.d.88CB7AB96C86051FEC60C3E9C6CCADD8.e.15347/click - {}
RESULT: {}
COMMAND: GET /session/2c26340218390abaea45fe4d98ab669b/screenshot - {}
RESULT: {}
COMMAND: POST /session/2c26340218390abaea45fe4d98ab669b/execute/async - {"script":"<script> [1562 bytes]","args":[{"selector":{"controlType":"sap.m.SearchField","properties":{"placeholder":"Search"},"searchOpenDialogs":true,"interaction":{"idSuffix":"I"}},"wdio_ui5_key":"sapm.SearchField{\"placeholder\":\"Search\"}"}]}
RESULT: {"script":"<script> [1562 bytes]","args":[{"selector":{"controlType":"sap.m.SearchField","properties":{"placeholder":"Search"},"searchOpenDialogs":true,"interaction":{"idSuffix":"I"}},"wdio_ui5_key":"sapm.SearchField{\"placeholder\":\"Search\"}"}]}
RESULT: undefined
COMMAND: POST /session/2c26340218390abaea45fe4d98ab669b/execute/async - {"script":"<script> [776 bytes]","args":[{"enterText":"A1-000100-01","selector":{"controlType":"sap.m.SearchField","properties":{"placeholder":"Search"},"searchOpenDialogs":true,"interaction":{"idSuffix":"I"}},"clearTextFirst":true,"interactionType":"ENTER_TEXT"}]}
RESULT: {"script":"<script> [776 bytes]","args":[{"enterText":"A1-000100-01","selector":{"controlType":"sap.m.SearchField","properties":{"placeholder":"Search"},"searchOpenDialogs":true,"interaction":{"idSuffix":"I"}},"clearTextFirst":true,"interactionType":"ENTER_TEXT"}]}
COMMAND: POST /session/2c26340218390abaea45fe4d98ab669b/actions - {"actions":[{"id":"action36","type":"key","parameters":{},"actions":[{"type":"keyDown","value":""},{"type":"pause","duration":10},{"type":"keyUp","value":""}]}]}
RESULT: {"actions":[{"id":"action36","type":"key","parameters":{},"actions":[{"type":"keyDown","value":""},{"type":"pause","duration":10},{"type":"keyUp","value":""}]}]}
COMMAND: GET /session/2c26340218390abaea45fe4d98ab669b/screenshot - {}
RESULT: {}
COMMAND: POST /session/2c26340218390abaea45fe4d98ab669b/element - {"using":"xpath","value":"//span[contains(text(), \"Template for ETO-Process\")]"}
RESULT: {"using":"xpath","value":"//span[contains(text(), \"Template for ETO-Process\")]"}
COMMAND: POST /session/2c26340218390abaea45fe4d98ab669b/element/f.17291DB1E67CD9F3C23A369F0CDF7328.d.88CB7AB96C86051FEC60C3E9C6CCADD8.e.15366/click - {}
RESULT: {}
COMMAND: GET /session/2c26340218390abaea45fe4d98ab669b/screenshot - {}
RESULT: {}
COMMAND: POST /session/2c26340218390abaea45fe4d98ab669b/element - {"using":"xpath","value":"//bdi[contains(text(), \"OK\")]"}
RESULT: {"using":"xpath","value":"//bdi[contains(text(), \"OK\")]"}
COMMAND: POST /session/2c26340218390abaea45fe4d98ab669b/element/f.17291DB1E67CD9F3C23A369F0CDF7328.d.88CB7AB96C86051FEC60C3E9C6CCADD8.e.15367/click - {}
RESULT: {}
COMMAND: GET /session/2c26340218390abaea45fe4d98ab669b/screenshot - {}
RESULT: {}
COMMAND: POST /session/2c26340218390abaea45fe4d98ab669b/element - {"using":"xpath","value":"//input[@id=\"application-managesites-display-component---NewSite--addressDetailDetailsYard-inner\"]"}
RESULT: {"using":"xpath","value":"//input[@id=\"application-managesites-display-component---NewSite--addressDetailDetailsYard-inner\"]"}
COMMAND: POST /session/2c26340218390abaea45fe4d98ab669b/element/f.17291DB1E67CD9F3C23A369F0CDF7328.d.88CB7AB96C86051FEC60C3E9C6CCADD8.e.15145/value - {"text":"247"}
RESULT: {"text":"247"}
COMMAND: GET /session/2c26340218390abaea45fe4d98ab669b/screenshot - {}
RESULT: {}
COMMAND: POST /session/2c26340218390abaea45fe4d98ab669b/actions - {"actions":[{"id":"action37","type":"key","parameters":{},"actions":[{"type":"keyDown","value":""},{"type":"pause","duration":10},{"type":"keyUp","value":""}]}]}
RESULT: {"actions":[{"id":"action37","type":"key","parameters":{},"actions":[{"type":"keyDown","value":""},{"type":"pause","duration":10},{"type":"keyUp","value":""}]}]}
COMMAND: GET /session/2c26340218390abaea45fe4d98ab669b/screenshot - {}
RESULT: {}
COMMAND: POST /session/2c26340218390abaea45fe4d98ab669b/element - {"using":"xpath","value":"//input[@id=\"application-managesites-display-component---NewSite--addressDetailDetailsPartner-inner\"]"}
RESULT: {"using":"xpath","value":"//input[@id=\"application-managesites-display-component---NewSite--addressDetailDetailsPartner-inner\"]"}
COMMAND: POST /session/2c26340218390abaea45fe4d98ab669b/elements - {"using":"xpath","value":"//input[@id=\"application-managesites-display-component---NewSite--addressDetailDetailsPartner-inner\"]"}
RESULT: {"using":"xpath","value":"//input[@id=\"application-managesites-display-component---NewSite--addressDetailDetailsPartner-inner\"]"}
COMMAND: POST /session/2c26340218390abaea45fe4d98ab669b/execute/async - {"script":"<script> [1562 bytes]","args":[{"selector":{"controlType":"sap.m.Button","viewName":"etm.portal.ui.managesites.view.NewSmartSite","viewId":"application-managesites-display-component---NewSite","properties":{"text":"Commercial"},"interaction":{"idSuffix":"BDI-content"}},"wdio_ui5_key":"etmportal.ui.managesites.view.NewSmartSitesap.m.Button{\"text\":\"Commercial\"}"}]}
RESULT: {"script":"<script> [1562 bytes]","args":[{"selector":{"controlType":"sap.m.Button","viewName":"etm.portal.ui.managesites.view.NewSmartSite","viewId":"application-managesites-display-component---NewSite","properties":{"text":"Commercial"},"interaction":{"idSuffix":"BDI-content"}},"wdio_ui5_key":"etmportal.ui.managesites.view.NewSmartSitesap.m.Button{\"text\":\"Commercial\"}"}]}
RESULT: undefined
COMMAND: POST /session/2c26340218390abaea45fe4d98ab669b/element - {"using":"xpath","value":"//*[@id=\"application-managesites-display-component---NewSite--ObjectPageLayout-anchBar-__section31-anchor\"]"}
RESULT: {"using":"xpath","value":"//*[@id=\"application-managesites-display-component---NewSite--ObjectPageLayout-anchBar-__section31-anchor\"]"}
COMMAND: POST /session/2c26340218390abaea45fe4d98ab669b/element/f.17291DB1E67CD9F3C23A369F0CDF7328.d.88CB7AB96C86051FEC60C3E9C6CCADD8.e.15374/click - {}
RESULT: {}
COMMAND: POST /session/2c26340218390abaea45fe4d98ab669b/execute/async - {"script":"<script> [1562 bytes]","args":[{"selector":{"controlType":"sap.m.Button","viewName":"etm.portal.ui.managesites.view.NewSmartSite","viewId":"application-managesites-display-component---NewSite","i18NText":{"propertyName":"text","key":"save"},"interaction":{"idSuffix":"BDI-content"}},"wdio_ui5_key":"etmportal.ui.managesites.view.NewSmartSitesap.m.Button{\"propertyName\":\"text\",\"key\":\"save\"}"}]}
COMMAND: GET /session/2c26340218390abaea45fe4d98ab669b/screenshot - {}
RESULT: {"script":"<script> [1562 bytes]","args":[{"selector":{"controlType":"sap.m.Button","viewName":"etm.portal.ui.managesites.view.NewSmartSite","viewId":"application-managesites-display-component---NewSite","i18NText":{"propertyName":"text","key":"save"},"interaction":{"idSuffix":"BDI-content"}},"wdio_ui5_key":"etmportal.ui.managesites.view.NewSmartSitesap.m.Button{\"propertyName\":\"text\",\"key\":\"save\"}"}]}
RESULT: undefined
COMMAND: POST /session/2c26340218390abaea45fe4d98ab669b/element - {"using":"xpath","value":"//*[@id=\"__button64\"]"}
RESULT: {}
RESULT: {"using":"xpath","value":"//*[@id=\"__button64\"]"}
COMMAND: POST /session/2c26340218390abaea45fe4d98ab669b/element/f.17291DB1E67CD9F3C23A369F0CDF7328.d.88CB7AB96C86051FEC60C3E9C6CCADD8.e.15320/click - {}
RESULT: {}
COMMAND: GET /session/2c26340218390abaea45fe4d98ab669b/screenshot - {}
RESULT: {}
COMMAND: POST /session/2c26340218390abaea45fe4d98ab669b/execute/async - {"script":"<script> [1562 bytes]","args":[{"selector":{"id":"application-managesites-display-component---detailSite--addressDetailDetailsYardText"},"wdio_ui5_key":"applicationmanagesites-display-component---detailSite--addressDetailDetailsYardText"}]}
RESULT: {"script":"<script> [1562 bytes]","args":[{"selector":{"id":"application-managesites-display-component---detailSite--addressDetailDetailsYardText"},"wdio_ui5_key":"applicationmanagesites-display-component---detailSite--addressDetailDetailsYardText"}]}
RESULT: undefined
COMMAND: POST /session/2c26340218390abaea45fe4d98ab669b/element - {"using":"xpath","value":"//header/div/div[2]/div[2]/span"}
RESULT: {"using":"xpath","value":"//header/div/div[2]/div[2]/span"}
COMMAND: GET /session/2c26340218390abaea45fe4d98ab669b/element/f.17291DB1E67CD9F3C23A369F0CDF7328.d.88CB7AB96C86051FEC60C3E9C6CCADD8.e.15580/text - {}
RESULT: {}
COMMAND: POST /session/2c26340218390abaea45fe4d98ab669b/element - {"using":"xpath","value":"//header/div/div/div/div/div/div[2]/div/span"}
RESULT: {"using":"xpath","value":"//header/div/div/div/div/div/div[2]/div/span"}
COMMAND: GET /session/2c26340218390abaea45fe4d98ab669b/element/f.17291DB1E67CD9F3C23A369F0CDF7328.d.88CB7AB96C86051FEC60C3E9C6CCADD8.e.15581/text - {}
RESULT: {}
COMMAND: POST /session/2c26340218390abaea45fe4d98ab669b/element - {"using":"css selector","value":"#shell-header-logo"}
RESULT: {"using":"css selector","value":"#shell-header-logo"}
COMMAND: POST /session/2c26340218390abaea45fe4d98ab669b/element/f.17291DB1E67CD9F3C23A369F0CDF7328.d.88CB7AB96C86051FEC60C3E9C6CCADD8.e.14723/click - {}
RESULT: {}
COMMAND: GET /session/2c26340218390abaea45fe4d98ab669b/screenshot - {}
RESULT: {}
COMMAND: POST /session/2c26340218390abaea45fe4d98ab669b/execute/async - {"script":"<script> [1562 bytes]","args":[{"selector":{"controlType":"sap.m.GenericTile","properties":{"header":"Manage Resources"}},"wdio_ui5_key":"sapm.GenericTile{\"header\":\"Manage Resources\"}"}]}
RESULT: {"script":"<script> [1562 bytes]","args":[{"selector":{"controlType":"sap.m.GenericTile","properties":{"header":"Manage Resources"}},"wdio_ui5_key":"sapm.GenericTile{\"header\":\"Manage Resources\"}"}]}
RESULT: undefined
COMMAND: POST /session/2c26340218390abaea45fe4d98ab669b/element - {"using":"xpath","value":"//*[@id=\"__tile39\"]"}
RESULT: {"using":"xpath","value":"//*[@id=\"__tile39\"]"}
COMMAND: POST /session/2c26340218390abaea45fe4d98ab669b/element/f.17291DB1E67CD9F3C23A369F0CDF7328.d.88CB7AB96C86051FEC60C3E9C6CCADD8.e.15583/click - {}
RESULT: {}
COMMAND: GET /session/2c26340218390abaea45fe4d98ab669b/screenshot - {}
RESULT: {}
RESULT: undefined
COMMAND: POST /session/2c26340218390abaea45fe4d98ab669b/element - {"using":"xpath","value":"//button[@data-kt=\"addNewRUOverflowToolbarButton\"]"}
RESULT: {"using":"xpath","value":"//button[@data-kt=\"addNewRUOverflowToolbarButton\"]"}
COMMAND: POST /session/2c26340218390abaea45fe4d98ab669b/execute/sync - {"script":"<script> [8489 bytes]","args":[{"element-6066-11e4-a52e-4f735466cecf":"f.17291DB1E67CD9F3C23A369F0CDF7328.d.88CB7AB96C86051FEC60C3E9C6CCADD8.e.15624","ELEMENT":"f.17291DB1E67CD9F3C23A369F0CDF7328.d.88CB7AB96C86051FEC60C3E9C6CCADD8.e.15624"}]}
RESULT: {"script":"<script> [8489 bytes]","args":[{"element-6066-11e4-a52e-4f735466cecf":"f.17291DB1E67CD9F3C23A369F0CDF7328.d.88CB7AB96C86051FEC60C3E9C6CCADD8.e.15624","ELEMENT":"f.17291DB1E67CD9F3C23A369F0CDF7328.d.88CB7AB96C86051FEC60C3E9C6CCADD8.e.15624"}]}
COMMAND: POST /session/2c26340218390abaea45fe4d98ab669b/element/f.17291DB1E67CD9F3C23A369F0CDF7328.d.88CB7AB96C86051FEC60C3E9C6CCADD8.e.15624/click - {}
COMMAND: GET /session/2c26340218390abaea45fe4d98ab669b/screenshot - {}
RESULT: {}
COMMAND: POST /session/2c26340218390abaea45fe4d98ab669b/execute/async - {"script":"<script> [1562 bytes]","args":[{"selector":{"id":"application-manageresources-display-component---newResourceUnit--TYPE-arrow"},"wdio_ui5_key":"applicationmanageresources-display-component---newResourceUnit--TYPE-arrow"}]}
COMMAND: GET /session/2c26340218390abaea45fe4d98ab669b/screenshot - {}
RESULT: {}
RESULT: {"script":"<script> [1562 bytes]","args":[{"selector":{"id":"application-manageresources-display-component---newResourceUnit--TYPE-arrow"},"wdio_ui5_key":"applicationmanageresources-display-component---newResourceUnit--TYPE-arrow"}]}
RESULT: undefined
COMMAND: POST /session/2c26340218390abaea45fe4d98ab669b/element - {"using":"xpath","value":"//*[@id=\"application-manageresources-display-component---newResourceUnit--TYPE-arrow\"]"}
RESULT: {}
RESULT: {"using":"xpath","value":"//*[@id=\"application-manageresources-display-component---newResourceUnit--TYPE-arrow\"]"}
COMMAND: POST /session/2c26340218390abaea45fe4d98ab669b/element/f.17291DB1E67CD9F3C23A369F0CDF7328.d.88CB7AB96C86051FEC60C3E9C6CCADD8.e.15953/click - {}
RESULT: {}
COMMAND: POST /session/2c26340218390abaea45fe4d98ab669b/execute/async - {"script":"<script> [1562 bytes]","args":[{"selector":{"controlType":"sap.m.StandardListItem","viewName":"reusables.view.manageresources.NewResourceUnit","viewId":"application-manageresources-display-component---newResourceUnit","properties":{"title":"Material"},"searchOpenDialogs":true,"interaction":{"idSuffix":"titleText"}},"wdio_ui5_key":"reusablesview.manageresources.NewResourceUnitsap.m.StandardListItem{\"title\":\"Material\"}"}]}
COMMAND: GET /session/2c26340218390abaea45fe4d98ab669b/screenshot - {}
RESULT: {"script":"<script> [1562 bytes]","args":[{"selector":{"controlType":"sap.m.StandardListItem","viewName":"reusables.view.manageresources.NewResourceUnit","viewId":"application-manageresources-display-component---newResourceUnit","properties":{"title":"Material"},"searchOpenDialogs":true,"interaction":{"idSuffix":"titleText"}},"wdio_ui5_key":"reusablesview.manageresources.NewResourceUnitsap.m.StandardListItem{\"title\":\"Material\"}"}]}
RESULT: undefined
COMMAND: POST /session/2c26340218390abaea45fe4d98ab669b/element - {"using":"xpath","value":"//*[@id=\"__item846\"]"}
RESULT: {}
RESULT: {"using":"xpath","value":"//*[@id=\"__item846\"]"}
COMMAND: POST /session/2c26340218390abaea45fe4d98ab669b/element/f.17291DB1E67CD9F3C23A369F0CDF7328.d.88CB7AB96C86051FEC60C3E9C6CCADD8.e.15956/click - {}
RESULT: {}
COMMAND: POST /session/2c26340218390abaea45fe4d98ab669b/execute/async - {"script":"<script> [1562 bytes]","args":[{"selector":{"id":"application-manageresources-display-component---newResourceUnit--SHORT_TEXT","interaction":{"idSuffix":"inner"}},"wdio_ui5_key":"applicationmanageresources-display-component---newResourceUnit--SHORT_TEXT"}]}
COMMAND: GET /session/2c26340218390abaea45fe4d98ab669b/screenshot - {}
RESULT: {"script":"<script> [1562 bytes]","args":[{"selector":{"id":"application-manageresources-display-component---newResourceUnit--SHORT_TEXT","interaction":{"idSuffix":"inner"}},"wdio_ui5_key":"applicationmanageresources-display-component---newResourceUnit--SHORT_TEXT"}]}
RESULT: undefined
COMMAND: POST /session/2c26340218390abaea45fe4d98ab669b/execute/async - {"script":"<script> [776 bytes]","args":[{"enterText":"WebdriverRUR2C8j4fa","selector":{"id":"application-manageresources-display-component---newResourceUnit--SHORT_TEXT","interaction":{"idSuffix":"inner"}},"clearTextFirst":true,"interactionType":"ENTER_TEXT"}]}
RESULT: {}
RESULT: {"script":"<script> [776 bytes]","args":[{"enterText":"WebdriverRUR2C8j4fa","selector":{"id":"application-manageresources-display-component---newResourceUnit--SHORT_TEXT","interaction":{"idSuffix":"inner"}},"clearTextFirst":true,"interactionType":"ENTER_TEXT"}]}
COMMAND: POST /session/2c26340218390abaea45fe4d98ab669b/execute/async - {"script":"<script> [1562 bytes]","args":[{"selector":{"id":"application-manageresources-display-component---newResourceUnit--BASE_UNIT_OF_MEASURE-arrow"},"wdio_ui5_key":"applicationmanageresources-display-component---newResourceUnit--BASE_UNIT_OF_MEASURE-arrow"}]}
RESULT: {"script":"<script> [1562 bytes]","args":[{"selector":{"id":"application-manageresources-display-component---newResourceUnit--BASE_UNIT_OF_MEASURE-arrow"},"wdio_ui5_key":"applicationmanageresources-display-component---newResourceUnit--BASE_UNIT_OF_MEASURE-arrow"}]}
RESULT: undefined
COMMAND: POST /session/2c26340218390abaea45fe4d98ab669b/element - {"using":"xpath","value":"//*[@id=\"application-manageresources-display-component---newResourceUnit--BASE_UNIT_OF_MEASURE-arrow\"]"}
RESULT: {"using":"xpath","value":"//*[@id=\"application-manageresources-display-component---newResourceUnit--BASE_UNIT_OF_MEASURE-arrow\"]"}
COMMAND: POST /session/2c26340218390abaea45fe4d98ab669b/element/f.17291DB1E67CD9F3C23A369F0CDF7328.d.88CB7AB96C86051FEC60C3E9C6CCADD8.e.16012/click - {}
RESULT: {}
COMMAND: POST /session/2c26340218390abaea45fe4d98ab669b/execute/async - {"script":"<script> [1562 bytes]","args":[{"selector":{"controlType":"sap.m.StandardListItem","viewName":"reusables.view.manageresources.NewResourceUnit","viewId":"application-manageresources-display-component---newResourceUnit","properties":{"title":"Piece"},"searchOpenDialogs":true,"interaction":{"idSuffix":"titleText"}},"wdio_ui5_key":"reusablesview.manageresources.NewResourceUnitsap.m.StandardListItem{\"title\":\"Piece\"}"}]}
COMMAND: GET /session/2c26340218390abaea45fe4d98ab669b/screenshot - {}
RESULT: {"script":"<script> [1562 bytes]","args":[{"selector":{"controlType":"sap.m.StandardListItem","viewName":"reusables.view.manageresources.NewResourceUnit","viewId":"application-manageresources-display-component---newResourceUnit","properties":{"title":"Piece"},"searchOpenDialogs":true,"interaction":{"idSuffix":"titleText"}},"wdio_ui5_key":"reusablesview.manageresources.NewResourceUnitsap.m.StandardListItem{\"title\":\"Piece\"}"}]}
RESULT: undefined
COMMAND: POST /session/2c26340218390abaea45fe4d98ab669b/element - {"using":"xpath","value":"//*[@id=\"__item890\"]"}
RESULT: {}
RESULT: {"using":"xpath","value":"//*[@id=\"__item890\"]"}
COMMAND: POST /session/2c26340218390abaea45fe4d98ab669b/element/f.17291DB1E67CD9F3C23A369F0CDF7328.d.88CB7AB96C86051FEC60C3E9C6CCADD8.e.16014/click - {}
RESULT: {}
COMMAND: POST /session/2c26340218390abaea45fe4d98ab669b/element - {"using":"xpath","value":"//input[contains(@id ,\"application-manageresources-display-component---newResourceUnit--SHORT_TEXT-inner\")]"}
COMMAND: GET /session/2c26340218390abaea45fe4d98ab669b/screenshot - {}
RESULT: {}
RESULT: {"using":"xpath","value":"//input[contains(@id ,\"application-manageresources-display-component---newResourceUnit--SHORT_TEXT-inner\")]"}
COMMAND: GET /session/2c26340218390abaea45fe4d98ab669b/element/f.17291DB1E67CD9F3C23A369F0CDF7328.d.88CB7AB96C86051FEC60C3E9C6CCADD8.e.15973/property/value - {}
RESULT: {}
COMMAND: POST /session/2c26340218390abaea45fe4d98ab669b/execute/async - {"script":"<script> [1562 bytes]","args":[{"selector":{"id":"application-manageresources-display-component---newResourceUnit--WEIGHT_UNIT-arrow"},"wdio_ui5_key":"applicationmanageresources-display-component---newResourceUnit--WEIGHT_UNIT-arrow"}]}
COMMAND: GET /session/2c26340218390abaea45fe4d98ab669b/screenshot - {}
RESULT: {"script":"<script> [1562 bytes]","args":[{"selector":{"id":"application-manageresources-display-component---newResourceUnit--WEIGHT_UNIT-arrow"},"wdio_ui5_key":"applicationmanageresources-display-component---newResourceUnit--WEIGHT_UNIT-arrow"}]}
RESULT: undefined
COMMAND: POST /session/2c26340218390abaea45fe4d98ab669b/element - {"using":"xpath","value":"//*[@id=\"application-manageresources-display-component---newResourceUnit--WEIGHT_UNIT-arrow\"]"}
RESULT: {}
RESULT: {"using":"xpath","value":"//*[@id=\"application-manageresources-display-component---newResourceUnit--WEIGHT_UNIT-arrow\"]"}
COMMAND: POST /session/2c26340218390abaea45fe4d98ab669b/element/f.17291DB1E67CD9F3C23A369F0CDF7328.d.88CB7AB96C86051FEC60C3E9C6CCADD8.e.16015/click - {}
RESULT: {}
COMMAND: POST /session/2c26340218390abaea45fe4d98ab669b/execute/async - {"script":"<script> [1562 bytes]","args":[{"selector":{"controlType":"sap.m.StandardListItem","viewName":"reusables.view.manageresources.NewResourceUnit","viewId":"application-manageresources-display-component---newResourceUnit","properties":{"title":"Gram"},"searchOpenDialogs":true,"interaction":{"idSuffix":"content"}},"wdio_ui5_key":"reusablesview.manageresources.NewResourceUnitsap.m.StandardListItem{\"title\":\"Gram\"}"}]}
COMMAND: GET /session/2c26340218390abaea45fe4d98ab669b/screenshot - {}
RESULT: {"script":"<script> [1562 bytes]","args":[{"selector":{"controlType":"sap.m.StandardListItem","viewName":"reusables.view.manageresources.NewResourceUnit","viewId":"application-manageresources-display-component---newResourceUnit","properties":{"title":"Gram"},"searchOpenDialogs":true,"interaction":{"idSuffix":"content"}},"wdio_ui5_key":"reusablesview.manageresources.NewResourceUnitsap.m.StandardListItem{\"title\":\"Gram\"}"}]}
RESULT: undefined
COMMAND: POST /session/2c26340218390abaea45fe4d98ab669b/element - {"using":"xpath","value":"//*[@id=\"__item955\"]"}
RESULT: {}
RESULT: {"using":"xpath","value":"//*[@id=\"__item955\"]"}
COMMAND: POST /session/2c26340218390abaea45fe4d98ab669b/element/f.17291DB1E67CD9F3C23A369F0CDF7328.d.88CB7AB96C86051FEC60C3E9C6CCADD8.e.16017/click - {}
RESULT: {}
COMMAND: POST /session/2c26340218390abaea45fe4d98ab669b/execute/async - {"script":"<script> [1562 bytes]","args":[{"selector":{"id":"application-manageresources-display-component---newResourceUnit--newRRUPage-OPHeaderContent-collapseBtn-img"},"wdio_ui5_key":"applicationmanageresources-display-component---newResourceUnit--newRRUPage-OPHeaderContent-collapseBtn-img"}]}
COMMAND: GET /session/2c26340218390abaea45fe4d98ab669b/screenshot - {}
RESULT: {"script":"<script> [1562 bytes]","args":[{"selector":{"id":"application-manageresources-display-component---newResourceUnit--newRRUPage-OPHeaderContent-collapseBtn-img"},"wdio_ui5_key":"applicationmanageresources-display-component---newResourceUnit--newRRUPage-OPHeaderContent-collapseBtn-img"}]}
RESULT: undefined
COMMAND: POST /session/2c26340218390abaea45fe4d98ab669b/element - {"using":"xpath","value":"//*[@id=\"application-manageresources-display-component---newResourceUnit--newRRUPage-OPHeaderContent-collapseBtn-img\"]"}
RESULT: {}
RESULT: {"using":"xpath","value":"//*[@id=\"application-manageresources-display-component---newResourceUnit--newRRUPage-OPHeaderContent-collapseBtn-img\"]"}
COMMAND: POST /session/2c26340218390abaea45fe4d98ab669b/element/f.17291DB1E67CD9F3C23A369F0CDF7328.d.88CB7AB96C86051FEC60C3E9C6CCADD8.e.15963/click - {}
RESULT: {}
COMMAND: GET /session/2c26340218390abaea45fe4d98ab669b/screenshot - {}
RESULT: {}
COMMAND: POST /session/2c26340218390abaea45fe4d98ab669b/element - {"using":"xpath","value":"(//span[contains(@id ,\"application-manageresources-display-component---newResourceUnit--DIMENSION_UNIT-arrow\")])[1]"}
RESULT: {"using":"xpath","value":"(//span[contains(@id ,\"application-manageresources-display-component---newResourceUnit--DIMENSION_UNIT-arrow\")])[1]"}
COMMAND: POST /session/2c26340218390abaea45fe4d98ab669b/element/f.17291DB1E67CD9F3C23A369F0CDF7328.d.88CB7AB96C86051FEC60C3E9C6CCADD8.e.16021/click - {}
RESULT: {}
COMMAND: GET /session/2c26340218390abaea45fe4d98ab669b/screenshot - {}
RESULT: {}
COMMAND: POST /session/2c26340218390abaea45fe4d98ab669b/execute/async - {"script":"<script> [1562 bytes]","args":[{"selector":{"controlType":"sap.m.StandardListItem","viewName":"reusables.view.manageresources.NewResourceUnit","viewId":"application-manageresources-display-component---newResourceUnit","properties":{"title":"Centimeter"},"searchOpenDialogs":true,"interaction":{"idSuffix":"titleText"}},"wdio_ui5_key":"reusablesview.manageresources.NewResourceUnitsap.m.StandardListItem{\"title\":\"Centimeter\"}"}]}
RESULT: {"script":"<script> [1562 bytes]","args":[{"selector":{"controlType":"sap.m.StandardListItem","viewName":"reusables.view.manageresources.NewResourceUnit","viewId":"application-manageresources-display-component---newResourceUnit","properties":{"title":"Centimeter"},"searchOpenDialogs":true,"interaction":{"idSuffix":"titleText"}},"wdio_ui5_key":"reusablesview.manageresources.NewResourceUnitsap.m.StandardListItem{\"title\":\"Centimeter\"}"}]}
RESULT: undefined
COMMAND: POST /session/2c26340218390abaea45fe4d98ab669b/element - {"using":"xpath","value":"//*[@id=\"__item958\"]"}
RESULT: {"using":"xpath","value":"//*[@id=\"__item958\"]"}
COMMAND: POST /session/2c26340218390abaea45fe4d98ab669b/element/f.17291DB1E67CD9F3C23A369F0CDF7328.d.88CB7AB96C86051FEC60C3E9C6CCADD8.e.16025/click - {}
RESULT: {}
COMMAND: POST /session/2c26340218390abaea45fe4d98ab669b/execute/async - {"script":"<script> [1562 bytes]","args":[{"selector":{"id":"application-manageresources-display-component---newResourceUnit--newRRUPage-anchBar-application-manageresources-display-component---newResourceUnit--reference-anchor","interaction":{"idSuffix":"BDI-content"}},"wdio_ui5_key":"applicationmanageresources-display-component---newResourceUnit--newRRUPage-anchBar-application-manageresources-display-component---newResourceUnit--reference-anchor"}]}
COMMAND: GET /session/2c26340218390abaea45fe4d98ab669b/screenshot - {}
RESULT: {"script":"<script> [1562 bytes]","args":[{"selector":{"id":"application-manageresources-display-component---newResourceUnit--newRRUPage-anchBar-application-manageresources-display-component---newResourceUnit--reference-anchor","interaction":{"idSuffix":"BDI-content"}},"wdio_ui5_key":"applicationmanageresources-display-component---newResourceUnit--newRRUPage-anchBar-application-manageresources-display-component---newResourceUnit--reference-anchor"}]}
RESULT: undefined
COMMAND: POST /session/2c26340218390abaea45fe4d98ab669b/element - {"using":"xpath","value":"//*[@id=\"application-manageresources-display-component---newResourceUnit--newRRUPage-anchBar-application-manageresources-display-component---newResourceUnit--reference-anchor\"]"}
RESULT: {}
RESULT: {"using":"xpath","value":"//*[@id=\"application-manageresources-display-component---newResourceUnit--newRRUPage-anchBar-application-manageresources-display-component---newResourceUnit--reference-anchor\"]"}
COMMAND: POST /session/2c26340218390abaea45fe4d98ab669b/element/f.17291DB1E67CD9F3C23A369F0CDF7328.d.88CB7AB96C86051FEC60C3E9C6CCADD8.e.16027/click - {}
RESULT: {}
COMMAND: POST /session/2c26340218390abaea45fe4d98ab669b/execute/async - {"script":"<script> [1562 bytes]","args":[{"selector":{"id":"application-manageresources-display-component---newResourceUnit--PLANNING_GROUP-arrow"},"wdio_ui5_key":"applicationmanageresources-display-component---newResourceUnit--PLANNING_GROUP-arrow"}]}
COMMAND: GET /session/2c26340218390abaea45fe4d98ab669b/screenshot - {}
RESULT: {"script":"<script> [1562 bytes]","args":[{"selector":{"id":"application-manageresources-display-component---newResourceUnit--PLANNING_GROUP-arrow"},"wdio_ui5_key":"applicationmanageresources-display-component---newResourceUnit--PLANNING_GROUP-arrow"}]}
RESULT: undefined
COMMAND: POST /session/2c26340218390abaea45fe4d98ab669b/element - {"using":"xpath","value":"//*[@id=\"application-manageresources-display-component---newResourceUnit--PLANNING_GROUP-arrow\"]"}
RESULT: {}
RESULT: {"using":"xpath","value":"//*[@id=\"application-manageresources-display-component---newResourceUnit--PLANNING_GROUP-arrow\"]"}
COMMAND: POST /session/2c26340218390abaea45fe4d98ab669b/element/f.17291DB1E67CD9F3C23A369F0CDF7328.d.88CB7AB96C86051FEC60C3E9C6CCADD8.e.16031/click - {}
RESULT: {}
COMMAND: POST /session/2c26340218390abaea45fe4d98ab669b/execute/async - {"script":"<script> [1562 bytes]","args":[{"selector":{"controlType":"sap.m.StandardListItem","viewName":"reusables.view.manageresources.NewResourceUnit","viewId":"application-manageresources-display-component---newResourceUnit","properties":{"title":"Heavy Equi"},"searchOpenDialogs":true,"interaction":{"idSuffix":"content"}},"wdio_ui5_key":"reusablesview.manageresources.NewResourceUnitsap.m.StandardListItem{\"title\":\"Heavy Equi\"}"}]}
COMMAND: GET /session/2c26340218390abaea45fe4d98ab669b/screenshot - {}
RESULT: {"script":"<script> [1562 bytes]","args":[{"selector":{"controlType":"sap.m.StandardListItem","viewName":"reusables.view.manageresources.NewResourceUnit","viewId":"application-manageresources-display-component---newResourceUnit","properties":{"title":"Heavy Equi"},"searchOpenDialogs":true,"interaction":{"idSuffix":"content"}},"wdio_ui5_key":"reusablesview.manageresources.NewResourceUnitsap.m.StandardListItem{\"title\":\"Heavy Equi\"}"}]}
RESULT: undefined
COMMAND: POST /session/2c26340218390abaea45fe4d98ab669b/element - {"using":"xpath","value":"//*[@id=\"__item966\"]"}
RESULT: {}
RESULT: {"using":"xpath","value":"//*[@id=\"__item966\"]"}
COMMAND: POST /session/2c26340218390abaea45fe4d98ab669b/element/f.17291DB1E67CD9F3C23A369F0CDF7328.d.88CB7AB96C86051FEC60C3E9C6CCADD8.e.16033/click - {}
RESULT: {}
COMMAND: GET /session/2c26340218390abaea45fe4d98ab669b/screenshot - {}
RESULT: {}
COMMAND: POST /session/2c26340218390abaea45fe4d98ab669b/execute/async - {"script":"<script> [1562 bytes]","args":[{"selector":{"id":"application-manageresources-display-component---newResourceUnit--PLANNING_INDICATOR-arrow"},"wdio_ui5_key":"applicationmanageresources-display-component---newResourceUnit--PLANNING_INDICATOR-arrow"}]}
RESULT: {"script":"<script> [1562 bytes]","args":[{"selector":{"id":"application-manageresources-display-component---newResourceUnit--PLANNING_INDICATOR-arrow"},"wdio_ui5_key":"applicationmanageresources-display-component---newResourceUnit--PLANNING_INDICATOR-arrow"}]}
RESULT: undefined
COMMAND: POST /session/2c26340218390abaea45fe4d98ab669b/element - {"using":"xpath","value":"//*[@id=\"application-manageresources-display-component---newResourceUnit--PLANNING_INDICATOR-arrow\"]"}
RESULT: {"using":"xpath","value":"//*[@id=\"application-manageresources-display-component---newResourceUnit--PLANNING_INDICATOR-arrow\"]"}
COMMAND: POST /session/2c26340218390abaea45fe4d98ab669b/element/f.17291DB1E67CD9F3C23A369F0CDF7328.d.88CB7AB96C86051FEC60C3E9C6CCADD8.e.16034/click - {}
RESULT: {}
COMMAND: POST /session/2c26340218390abaea45fe4d98ab669b/execute/async - {"script":"<script> [1562 bytes]","args":[{"selector":{"controlType":"sap.m.StandardListItem","viewName":"reusables.view.manageresources.NewResourceUnit","viewId":"application-manageresources-display-component---newResourceUnit","properties":{"title":"10 - infinite"},"searchOpenDialogs":true,"interaction":{"idSuffix":"content"}},"wdio_ui5_key":"reusablesview.manageresources.NewResourceUnitsap.m.StandardListItem{\"title\":\"10 - infinite\"}"}]}
COMMAND: GET /session/2c26340218390abaea45fe4d98ab669b/screenshot - {}
RESULT: {"script":"<script> [1562 bytes]","args":[{"selector":{"controlType":"sap.m.StandardListItem","viewName":"reusables.view.manageresources.NewResourceUnit","viewId":"application-manageresources-display-component---newResourceUnit","properties":{"title":"10 - infinite"},"searchOpenDialogs":true,"interaction":{"idSuffix":"content"}},"wdio_ui5_key":"reusablesview.manageresources.NewResourceUnitsap.m.StandardListItem{\"title\":\"10 - infinite\"}"}]}
RESULT: undefined
COMMAND: POST /session/2c26340218390abaea45fe4d98ab669b/element - {"using":"xpath","value":"//*[@id=\"__item976\"]"}
RESULT: {}
RESULT: {"using":"xpath","value":"//*[@id=\"__item976\"]"}
COMMAND: POST /session/2c26340218390abaea45fe4d98ab669b/element/f.17291DB1E67CD9F3C23A369F0CDF7328.d.88CB7AB96C86051FEC60C3E9C6CCADD8.e.16036/click - {}
RESULT: {}
COMMAND: GET /session/2c26340218390abaea45fe4d98ab669b/screenshot - {}
RESULT: {}
COMMAND: POST /session/2c26340218390abaea45fe4d98ab669b/element - {"using":"xpath","value":"//bdi[contains(text(), \"Time Segment\")]"}
RESULT: {"using":"xpath","value":"//bdi[contains(text(), \"Time Segment\")]"}
COMMAND: GET /session/2c26340218390abaea45fe4d98ab669b/element/f.17291DB1E67CD9F3C23A369F0CDF7328.d.88CB7AB96C86051FEC60C3E9C6CCADD8.e.16037/rect - {}
RESULT: {}
COMMAND: GET /session/2c26340218390abaea45fe4d98ab669b/window/rect - {}
RESULT: {}
COMMAND: POST /session/2c26340218390abaea45fe4d98ab669b/execute/sync - {"script":"<script> [92 bytes]","args":[]}
RESULT: {"script":"<script> [92 bytes]","args":[]}
COMMAND: POST /session/2c26340218390abaea45fe4d98ab669b/actions - {"actions":[{"id":"action38","type":"wheel","parameters":{},"actions":[{"type":"scroll","x":-1820,"y":-21,"deltaX":0,"deltaY":0,"duration":0,"origin":{"element-6066-11e4-a52e-4f735466cecf":"f.17291DB1E67CD9F3C23A369F0CDF7328.d.88CB7AB96C86051FEC60C3E9C6CCADD8.e.16037"}}]}]}
COMMAND: GET /session/2c26340218390abaea45fe4d98ab669b/screenshot - {}
RESULT: {}
COMMAND: POST /session/2c26340218390abaea45fe4d98ab669b/execute/sync - {"script":"<script> [79 bytes]","args":[{"element-6066-11e4-a52e-4f735466cecf":"f.17291DB1E67CD9F3C23A369F0CDF7328.d.88CB7AB96C86051FEC60C3E9C6CCADD8.e.16037","ELEMENT":"f.17291DB1E67CD9F3C23A369F0CDF7328.d.88CB7AB96C86051FEC60C3E9C6CCADD8.e.16037"},{"block":"start","inline":"nearest"}]}
RESULT: {"script":"<script> [79 bytes]","args":[{"element-6066-11e4-a52e-4f735466cecf":"f.17291DB1E67CD9F3C23A369F0CDF7328.d.88CB7AB96C86051FEC60C3E9C6CCADD8.e.16037","ELEMENT":"f.17291DB1E67CD9F3C23A369F0CDF7328.d.88CB7AB96C86051FEC60C3E9C6CCADD8.e.16037"},{"block":"start","inline":"nearest"}]}
COMMAND: GET /session/2c26340218390abaea45fe4d98ab669b/screenshot - {}
RESULT: {}
COMMAND: POST /session/2c26340218390abaea45fe4d98ab669b/element - {"using":"xpath","value":"//span[@id=\"application-manageresources-display-component---newResourceUnit--btnAddTimeSegment-img\"]"}
RESULT: {"using":"xpath","value":"//span[@id=\"application-manageresources-display-component---newResourceUnit--btnAddTimeSegment-img\"]"}
COMMAND: POST /session/2c26340218390abaea45fe4d98ab669b/execute/sync - {"script":"<script> [8489 bytes]","args":[{"element-6066-11e4-a52e-4f735466cecf":"f.17291DB1E67CD9F3C23A369F0CDF7328.d.88CB7AB96C86051FEC60C3E9C6CCADD8.e.16040","ELEMENT":"f.17291DB1E67CD9F3C23A369F0CDF7328.d.88CB7AB96C86051FEC60C3E9C6CCADD8.e.16040"}]}
RESULT: {"script":"<script> [8489 bytes]","args":[{"element-6066-11e4-a52e-4f735466cecf":"f.17291DB1E67CD9F3C23A369F0CDF7328.d.88CB7AB96C86051FEC60C3E9C6CCADD8.e.16040","ELEMENT":"f.17291DB1E67CD9F3C23A369F0CDF7328.d.88CB7AB96C86051FEC60C3E9C6CCADD8.e.16040"}]}
COMMAND: POST /session/2c26340218390abaea45fe4d98ab669b/element/f.17291DB1E67CD9F3C23A369F0CDF7328.d.88CB7AB96C86051FEC60C3E9C6CCADD8.e.16040/click - {}
COMMAND: GET /session/2c26340218390abaea45fe4d98ab669b/screenshot - {}
RESULT: {}
COMMAND: GET /session/2c26340218390abaea45fe4d98ab669b/screenshot - {}
RESULT: {}
RESULT: {}
COMMAND: POST /session/2c26340218390abaea45fe4d98ab669b/element - {"using":"xpath","value":"//input[@id=\"application-manageresources-display-component---newResourceUnit--idRuTSAdmin-application-manageresources-display-component---newResourceUnit--RUTimeSegment-0-inner\"]"}
RESULT: {"using":"xpath","value":"//input[@id=\"application-manageresources-display-component---newResourceUnit--idRuTSAdmin-application-manageresources-display-component---newResourceUnit--RUTimeSegment-0-inner\"]"}
COMMAND: POST /session/2c26340218390abaea45fe4d98ab669b/element/f.17291DB1E67CD9F3C23A369F0CDF7328.d.88CB7AB96C86051FEC60C3E9C6CCADD8.e.16043/clear - {}
RESULT: {}
COMMAND: POST /session/2c26340218390abaea45fe4d98ab669b/element/f.17291DB1E67CD9F3C23A369F0CDF7328.d.88CB7AB96C86051FEC60C3E9C6CCADD8.e.16043/value - {"text":"WebdriverYardbvz4k"}
COMMAND: GET /session/2c26340218390abaea45fe4d98ab669b/screenshot - {}
RESULT: {"text":"WebdriverYardbvz4k"}
COMMAND: GET /session/2c26340218390abaea45fe4d98ab669b/screenshot - {}
RESULT: {}
RESULT: {}
COMMAND: POST /session/2c26340218390abaea45fe4d98ab669b/actions - {"actions":[{"id":"action39","type":"key","parameters":{},"actions":[{"type":"keyDown","value":""},{"type":"pause","duration":10},{"type":"keyUp","value":""}]}]}
RESULT: {"actions":[{"id":"action39","type":"key","parameters":{},"actions":[{"type":"keyDown","value":""},{"type":"pause","duration":10},{"type":"keyUp","value":""}]}]}
COMMAND: GET /session/2c26340218390abaea45fe4d98ab669b/screenshot - {}
RESULT: {}
COMMAND: POST /session/2c26340218390abaea45fe4d98ab669b/execute/async - {"script":"<script> [1562 bytes]","args":[{"selector":{"controlType":"sap.m.Button","viewName":"reusables.view.manageresources.NewResourceUnit","viewId":"application-manageresources-display-component---newResourceUnit","i18NText":{"propertyName":"tooltip","key":"save"},"interaction":{"idSuffix":"BDI-content"}},"wdio_ui5_key":"reusablesview.manageresources.NewResourceUnitsap.m.Button{\"propertyName\":\"tooltip\",\"key\":\"save\"}"}]}
RESULT: {"script":"<script> [1562 bytes]","args":[{"selector":{"controlType":"sap.m.Button","viewName":"reusables.view.manageresources.NewResourceUnit","viewId":"application-manageresources-display-component---newResourceUnit","i18NText":{"propertyName":"tooltip","key":"save"},"interaction":{"idSuffix":"BDI-content"}},"wdio_ui5_key":"reusablesview.manageresources.NewResourceUnitsap.m.Button{\"propertyName\":\"tooltip\",\"key\":\"save\"}"}]}
RESULT: undefined
COMMAND: POST /session/2c26340218390abaea45fe4d98ab669b/element - {"using":"xpath","value":"//*[@id=\"application-manageresources-display-component---newResourceUnit--createRuButton\"]"}
RESULT: {"using":"xpath","value":"//*[@id=\"application-manageresources-display-component---newResourceUnit--createRuButton\"]"}
COMMAND: POST /session/2c26340218390abaea45fe4d98ab669b/element/f.17291DB1E67CD9F3C23A369F0CDF7328.d.88CB7AB96C86051FEC60C3E9C6CCADD8.e.15969/click - {}
RESULT: {}
COMMAND: GET /session/2c26340218390abaea45fe4d98ab669b/screenshot - {}
RESULT: {}
COMMAND: POST /session/2c26340218390abaea45fe4d98ab669b/execute/async - {"script":"<script> [1562 bytes]","args":[{"selector":{"controlType":"sap.m.Title","properties":{"text":"Success"},"searchOpenDialogs":true},"wdio_ui5_key":"sapm.Title{\"text\":\"Success\"}"}]}
RESULT: {"script":"<script> [1562 bytes]","args":[{"selector":{"controlType":"sap.m.Title","properties":{"text":"Success"},"searchOpenDialogs":true},"wdio_ui5_key":"sapm.Title{\"text\":\"Success\"}"}]}
RESULT: undefined
COMMAND: POST /session/2c26340218390abaea45fe4d98ab669b/execute/async - {"script":"<script> [6424 bytes]","args":[{"element-6066-11e4-a52e-4f735466cecf":"f.17291DB1E67CD9F3C23A369F0CDF7328.d.88CB7AB96C86051FEC60C3E9C6CCADD8.e.16056"},"getText",[]]}
RESULT: {"script":"<script> [6424 bytes]","args":[{"element-6066-11e4-a52e-4f735466cecf":"f.17291DB1E67CD9F3C23A369F0CDF7328.d.88CB7AB96C86051FEC60C3E9C6CCADD8.e.16056"},"getText",[]]}
COMMAND: POST /session/2c26340218390abaea45fe4d98ab669b/element - {"using":"xpath","value":"//*[contains(@id, '__text') and (contains(text(), 'successfully created') or contains(., 'successfully created'))]"}
RESULT: {"using":"xpath","value":"//*[contains(@id, '__text') and (contains(text(), 'successfully created') or contains(., 'successfully created'))]"}
COMMAND: GET /session/2c26340218390abaea45fe4d98ab669b/element/f.17291DB1E67CD9F3C23A369F0CDF7328.d.88CB7AB96C86051FEC60C3E9C6CCADD8.e.16054/text - {}
RESULT: {}
COMMAND: POST /session/2c26340218390abaea45fe4d98ab669b/execute/async - {"script":"<script> [1562 bytes]","args":[{"selector":{"controlType":"sap.m.Button","properties":{"text":"Close"},"searchOpenDialogs":true,"interaction":{"idSuffix":"BDI-content"}},"wdio_ui5_key":"sapm.Button{\"text\":\"Close\"}"}]}
RESULT: {"script":"<script> [1562 bytes]","args":[{"selector":{"controlType":"sap.m.Button","properties":{"text":"Close"},"searchOpenDialogs":true,"interaction":{"idSuffix":"BDI-content"}},"wdio_ui5_key":"sapm.Button{\"text\":\"Close\"}"}]}
RESULT: undefined
COMMAND: POST /session/2c26340218390abaea45fe4d98ab669b/element - {"using":"xpath","value":"//*[@id=\"__mbox-btn-0\"]"}
RESULT: {"using":"xpath","value":"//*[@id=\"__mbox-btn-0\"]"}
COMMAND: POST /session/2c26340218390abaea45fe4d98ab669b/element/f.17291DB1E67CD9F3C23A369F0CDF7328.d.88CB7AB96C86051FEC60C3E9C6CCADD8.e.16053/click - {}
RESULT: {}
COMMAND: GET /session/2c26340218390abaea45fe4d98ab669b/screenshot - {}
RESULT: {}
COMMAND: POST /session/2c26340218390abaea45fe4d98ab669b/execute/async - {"script":"<script> [1562 bytes]","args":[{"selector":{"controlType":"sap.ui.core.Icon","viewName":"etm.portal.ui.manageresources.view.Detail","viewId":"application-manageresources-display-component---detailRU","properties":{"src":{"regex":{"source":"overflow"}}}},"wdio_ui5_key":"etmportal.ui.manageresources.view.Detailsap.ui.core.Icon{\"src\":{\"regex\":{\"source\":\"overflow\"}}}"}]}
RESULT: {"script":"<script> [1562 bytes]","args":[{"selector":{"controlType":"sap.ui.core.Icon","viewName":"etm.portal.ui.manageresources.view.Detail","viewId":"application-manageresources-display-component---detailRU","properties":{"src":{"regex":{"source":"overflow"}}}},"wdio_ui5_key":"etmportal.ui.manageresources.view.Detailsap.ui.core.Icon{\"src\":{\"regex\":{\"source\":\"overflow\"}}}"}]}
RESULT: undefined
COMMAND: POST /session/2c26340218390abaea45fe4d98ab669b/element - {"using":"xpath","value":"//*[@id=\"__title36-_actionsToolbar-overflowButton-img\"]"}
RESULT: {"using":"xpath","value":"//*[@id=\"__title36-_actionsToolbar-overflowButton-img\"]"}
COMMAND: POST /session/2c26340218390abaea45fe4d98ab669b/element/f.17291DB1E67CD9F3C23A369F0CDF7328.d.88CB7AB96C86051FEC60C3E9C6CCADD8.e.16083/click - {}
RESULT: {}
COMMAND: POST /session/2c26340218390abaea45fe4d98ab669b/execute/async - {"script":"<script> [1562 bytes]","args":[{"selector":{"controlType":"sap.m.Button","viewName":"etm.portal.ui.manageresources.view.Detail","viewId":"application-manageresources-display-component---detailRU","i18NText":{"propertyName":"tooltip","key":"closeColumn"},"searchOpenDialogs":true,"interaction":{"idSuffix":"inner"}},"wdio_ui5_key":"etmportal.ui.manageresources.view.Detailsap.m.Button{\"propertyName\":\"tooltip\",\"key\":\"closeColumn\"}"}]}
COMMAND: GET /session/2c26340218390abaea45fe4d98ab669b/screenshot - {}
RESULT: {"script":"<script> [1562 bytes]","args":[{"selector":{"controlType":"sap.m.Button","viewName":"etm.portal.ui.manageresources.view.Detail","viewId":"application-manageresources-display-component---detailRU","i18NText":{"propertyName":"tooltip","key":"closeColumn"},"searchOpenDialogs":true,"interaction":{"idSuffix":"inner"}},"wdio_ui5_key":"etmportal.ui.manageresources.view.Detailsap.m.Button{\"propertyName\":\"tooltip\",\"key\":\"closeColumn\"}"}]}
RESULT: undefined
COMMAND: POST /session/2c26340218390abaea45fe4d98ab669b/element - {"using":"xpath","value":"//*[@id=\"__button147\"]"}
RESULT: {}
RESULT: {"using":"xpath","value":"//*[@id=\"__button147\"]"}
COMMAND: POST /session/2c26340218390abaea45fe4d98ab669b/element/f.17291DB1E67CD9F3C23A369F0CDF7328.d.88CB7AB96C86051FEC60C3E9C6CCADD8.e.16085/click - {}
RESULT: {}
COMMAND: GET /session/2c26340218390abaea45fe4d98ab669b/screenshot - {}
RESULT: {}
COMMAND: POST /session/2c26340218390abaea45fe4d98ab669b/refresh - {}
RESULT: {}
COMMAND: GET /session/2c26340218390abaea45fe4d98ab669b/screenshot - {}
RESULT: {}
COMMAND: POST /session/2c26340218390abaea45fe4d98ab669b/execute/async - {"script":"<script> [189 bytes]","args":[]}
RESULT: {"script":"<script> [189 bytes]","args":[]}
COMMAND: POST /session/2c26340218390abaea45fe4d98ab669b/execute/async - {"script":"<script> [123 bytes]","args":[]}
RESULT: {"script":"<script> [123 bytes]","args":[]}
COMMAND: POST /session/2c26340218390abaea45fe4d98ab669b/timeouts - {"script":"<number>"}
RESULT: {"script":"<number>"}
COMMAND: GET /session/2c26340218390abaea45fe4d98ab669b/timeouts - {}
RESULT: {}
RESULT: undefined
COMMAND: POST /session/2c26340218390abaea45fe4d98ab669b/execute/async - {"script":"<script> [2676 bytes]","args":[]}
RESULT: {"script":"<script> [2676 bytes]","args":[]}
COMMAND: POST /session/2c26340218390abaea45fe4d98ab669b/execute/async - {"script":"<script> [2342 bytes]","args":[{"protocol":"http","hostname":"0.0.0.0","path":"/","capabilities":{"browserName":"chrome","goog:chromeOptions":{"binary":"C:\\Program Files\\Google\\Chrome\\Application\\chrome.exe"}},"logLevel":"warn","connectionRetryTimeout":120000,"connectionRetryCount":3,"logLevels":{},"enableDirectConnect":true,"strictSSL":true,"_":"65 more keys: [\"cacheDir\",\"port\",\"requestedCapabilities\",\"automationProtocol\",\"baseUrl\",\"waitforInterval\",\"waitforTimeout\",\"onReload\",\"beforeCommand\",\"afterCommand\",\"rootDir\",\"specs\",\"suites\",\"exclude\",\"groupLogsByTestSpec\",\"excludeDriverLogs\",\"bail\",\"framework\",\"reporters\",\"services\",\"maxInstances\",\"maxInstancesPerCapability\",\"injectGlobals\",\"filesToWatch\",\"execArgv\",\"runnerEnv\",\"runner\",\"shard\",\"specFileRetries\",\"specFileRetriesDelay\",\"specFileRetriesDeferred\",\"reporterSyncInterval\",\"reporterSyncTimeout\",\"cucumberFeaturesWithLineNumbers\",\"autoCompileOpts\",\"mochaOpts\",\"jasmineOpts\",\"cucumberOpts\",\"onPrepare\",\"onWorkerStart\",\"onWorkerEnd\",\"before\",\"beforeSession\",\"beforeSuite\",\"beforeHook\",\"beforeTest\",\"afterTest\",\"afterHook\",\"afterSuite\",\"afterSession\",\"after\",\"onComplete\",\"beforeAssertion\",\"afterAssertion\",\"beforeFeature\",\"beforeScenario\",\"beforeStep\",\"afterStep\",\"afterScenario\",\"afterFeature\",\"_\",\"suite\",\"$0\",\"ignoredWorkerServices\",\"wdi5\"]"}]}
RESULT: undefined
RESULT: undefined
RESULT: {"script":"<script> [2342 bytes]","args":[{"protocol":"http","hostname":"0.0.0.0","path":"/","capabilities":{"browserName":"chrome","goog:chromeOptions":{"binary":"C:\\Program Files\\Google\\Chrome\\Application\\chrome.exe"}},"logLevel":"warn","connectionRetryTimeout":120000,"connectionRetryCount":3,"logLevels":{},"enableDirectConnect":true,"strictSSL":true,"_":"65 more keys: [\"cacheDir\",\"port\",\"requestedCapabilities\",\"automationProtocol\",\"baseUrl\",\"waitforInterval\",\"waitforTimeout\",\"onReload\",\"beforeCommand\",\"afterCommand\",\"rootDir\",\"specs\",\"suites\",\"exclude\",\"groupLogsByTestSpec\",\"excludeDriverLogs\",\"bail\",\"framework\",\"reporters\",\"services\",\"maxInstances\",\"maxInstancesPerCapability\",\"injectGlobals\",\"filesToWatch\",\"execArgv\",\"runnerEnv\",\"runner\",\"shard\",\"specFileRetries\",\"specFileRetriesDelay\",\"specFileRetriesDeferred\",\"reporterSyncInterval\",\"reporterSyncTimeout\",\"cucumberFeaturesWithLineNumbers\",\"autoCompileOpts\",\"mochaOpts\",\"jasmineOpts\",\"cucumberOpts\",\"onPrepare\",\"onWorkerStart\",\"onWorkerEnd\",\"before\",\"beforeSession\",\"beforeSuite\",\"beforeHook\",\"beforeTest\",\"afterTest\",\"afterHook\",\"afterSuite\",\"afterSession\",\"after\",\"onComplete\",\"beforeAssertion\",\"afterAssertion\",\"beforeFeature\",\"beforeScenario\",\"beforeStep\",\"afterStep\",\"afterScenario\",\"afterFeature\",\"_\",\"suite\",\"$0\",\"ignoredWorkerServices\",\"wdi5\"]"}]}
COMMAND: POST /session/2c26340218390abaea45fe4d98ab669b/execute/async - {"script":"<script> [21126 bytes]","args":[35000]}
RESULT: {"script":"<script> [21126 bytes]","args":[35000]}
COMMAND: POST /session/2c26340218390abaea45fe4d98ab669b/element - {"using":"css selector","value":"#shell-header-logo"}
RESULT: {"using":"css selector","value":"#shell-header-logo"}
COMMAND: POST /session/2c26340218390abaea45fe4d98ab669b/element/f.17291DB1E67CD9F3C23A369F0CDF7328.d.7C721A7A3ECED782C89069F6CC96244A.e.16166/click - {}
RESULT: {}
COMMAND: GET /session/2c26340218390abaea45fe4d98ab669b/screenshot - {}
RESULT: {}
]]></system-out>
    </testcase>
    <testcase classname="chrome.135_0_7049_42.windows.Create_masterdata_for_Yard_Overview_-_trigger_provide_US130988" name="It should stock increase the resource" time="71.336">
      <system-out><![CDATA[
COMMAND: POST /session/2c26340218390abaea45fe4d98ab669b/execute/async - {"script":"<script> [1562 bytes]","args":[{"selector":{"controlType":"sap.m.Text","viewName":"etm.portal.ui.managehandoverstile.view.Master","properties":{"text":"Manage Handovers"},"interaction":{"idSuffix":"inner"}},"wdio_ui5_key":"etmportal.ui.managehandoverstile.view.Mastersap.m.Text{\"text\":\"Manage Handovers\"}"}]}
RESULT: {"script":"<script> [1562 bytes]","args":[{"selector":{"controlType":"sap.m.Text","viewName":"etm.portal.ui.managehandoverstile.view.Master","properties":{"text":"Manage Handovers"},"interaction":{"idSuffix":"inner"}},"wdio_ui5_key":"etmportal.ui.managehandoverstile.view.Mastersap.m.Text{\"text\":\"Manage Handovers\"}"}]}
RESULT: undefined
COMMAND: POST /session/2c26340218390abaea45fe4d98ab669b/element - {"using":"xpath","value":"//*[@id=\"__tile130-title\"]"}
RESULT: {"using":"xpath","value":"//*[@id=\"__tile130-title\"]"}
COMMAND: POST /session/2c26340218390abaea45fe4d98ab669b/element/f.17291DB1E67CD9F3C23A369F0CDF7328.d.7C721A7A3ECED782C89069F6CC96244A.e.16350/click - {}
RESULT: {}
COMMAND: GET /session/2c26340218390abaea45fe4d98ab669b/screenshot - {}
RESULT: {}
COMMAND: POST /session/2c26340218390abaea45fe4d98ab669b/element - {"using":"xpath","value":"//button[@data-kt=\"masterHOAddButton\"]"}
RESULT: {"using":"xpath","value":"//button[@data-kt=\"masterHOAddButton\"]"}
COMMAND: POST /session/2c26340218390abaea45fe4d98ab669b/execute/sync - {"script":"<script> [8489 bytes]","args":[{"element-6066-11e4-a52e-4f735466cecf":"f.17291DB1E67CD9F3C23A369F0CDF7328.d.7C721A7A3ECED782C89069F6CC96244A.e.16385","ELEMENT":"f.17291DB1E67CD9F3C23A369F0CDF7328.d.7C721A7A3ECED782C89069F6CC96244A.e.16385"}]}
RESULT: {"script":"<script> [8489 bytes]","args":[{"element-6066-11e4-a52e-4f735466cecf":"f.17291DB1E67CD9F3C23A369F0CDF7328.d.7C721A7A3ECED782C89069F6CC96244A.e.16385","ELEMENT":"f.17291DB1E67CD9F3C23A369F0CDF7328.d.7C721A7A3ECED782C89069F6CC96244A.e.16385"}]}
COMMAND: POST /session/2c26340218390abaea45fe4d98ab669b/element/f.17291DB1E67CD9F3C23A369F0CDF7328.d.7C721A7A3ECED782C89069F6CC96244A.e.16385/click - {}
COMMAND: GET /session/2c26340218390abaea45fe4d98ab669b/screenshot - {}
RESULT: {}
COMMAND: GET /session/2c26340218390abaea45fe4d98ab669b/screenshot - {}
RESULT: {}
COMMAND: POST /session/2c26340218390abaea45fe4d98ab669b/element - {"using":"xpath","value":"//span[contains(@id ,\"AddNewHO--typeSelect-arrow\")]"}
RESULT: {}
RESULT: {"using":"xpath","value":"//span[contains(@id ,\"AddNewHO--typeSelect-arrow\")]"}
COMMAND: POST /session/2c26340218390abaea45fe4d98ab669b/element/f.17291DB1E67CD9F3C23A369F0CDF7328.d.7C721A7A3ECED782C89069F6CC96244A.e.16692/click - {}
RESULT: {}
COMMAND: GET /session/2c26340218390abaea45fe4d98ab669b/screenshot - {}
RESULT: {}
COMMAND: POST /session/2c26340218390abaea45fe4d98ab669b/element - {"using":"xpath","value":"(//li[contains(text(), \"stock increase yard\")])[1]"}
RESULT: {"using":"xpath","value":"(//li[contains(text(), \"stock increase yard\")])[1]"}
COMMAND: POST /session/2c26340218390abaea45fe4d98ab669b/element/f.17291DB1E67CD9F3C23A369F0CDF7328.d.7C721A7A3ECED782C89069F6CC96244A.e.16693/click - {}
RESULT: {}
COMMAND: GET /session/2c26340218390abaea45fe4d98ab669b/screenshot - {}
RESULT: {}
COMMAND: POST /session/2c26340218390abaea45fe4d98ab669b/execute/async - {"script":"<script> [1562 bytes]","args":[{"selector":{"id":"application-managehandovers-display-component---AddNewHO--dueDate","interaction":{"idSuffix":"inner"}},"wdio_ui5_key":"applicationmanagehandovers-display-component---AddNewHO--dueDate"}]}
RESULT: {"script":"<script> [1562 bytes]","args":[{"selector":{"id":"application-managehandovers-display-component---AddNewHO--dueDate","interaction":{"idSuffix":"inner"}},"wdio_ui5_key":"applicationmanagehandovers-display-component---AddNewHO--dueDate"}]}
RESULT: undefined
COMMAND: POST /session/2c26340218390abaea45fe4d98ab669b/execute/async - {"script":"<script> [6424 bytes]","args":[{"element-6066-11e4-a52e-4f735466cecf":"f.17291DB1E67CD9F3C23A369F0CDF7328.d.7C721A7A3ECED782C89069F6CC96244A.e.16695"},"setValue",["04/13/2025"]]}
RESULT: {"script":"<script> [6424 bytes]","args":[{"element-6066-11e4-a52e-4f735466cecf":"f.17291DB1E67CD9F3C23A369F0CDF7328.d.7C721A7A3ECED782C89069F6CC96244A.e.16695"},"setValue",["04/13/2025"]]}
COMMAND: POST /session/2c26340218390abaea45fe4d98ab669b/element - {"using":"xpath","value":"//input[@id=\"generalSectionFrg--receiveYard-inner\"]"}
RESULT: {"using":"xpath","value":"//input[@id=\"generalSectionFrg--receiveYard-inner\"]"}
COMMAND: POST /session/2c26340218390abaea45fe4d98ab669b/element/f.17291DB1E67CD9F3C23A369F0CDF7328.d.7C721A7A3ECED782C89069F6CC96244A.e.16701/clear - {}
RESULT: {}
COMMAND: POST /session/2c26340218390abaea45fe4d98ab669b/element/f.17291DB1E67CD9F3C23A369F0CDF7328.d.7C721A7A3ECED782C89069F6CC96244A.e.16701/value - {"text":"WebdriverYardbvz4k"}
COMMAND: GET /session/2c26340218390abaea45fe4d98ab669b/screenshot - {}
RESULT: {"text":"WebdriverYardbvz4k"}
COMMAND: GET /session/2c26340218390abaea45fe4d98ab669b/screenshot - {}
RESULT: {}
RESULT: {}
COMMAND: POST /session/2c26340218390abaea45fe4d98ab669b/execute/async - {"script":"<script> [1562 bytes]","args":[{"selector":{"id":"application-managehandovers-display-component---AddNewHO--ObjectPageLayout-anchBar-application-managehandovers-display-component---AddNewHO--section4-anchor","interaction":{"idSuffix":"BDI-content"}},"wdio_ui5_key":"applicationmanagehandovers-display-component---AddNewHO--ObjectPageLayout-anchBar-application-managehandovers-display-component---AddNewHO--section4-anchor"}]}
RESULT: {"script":"<script> [1562 bytes]","args":[{"selector":{"id":"application-managehandovers-display-component---AddNewHO--ObjectPageLayout-anchBar-application-managehandovers-display-component---AddNewHO--section4-anchor","interaction":{"idSuffix":"BDI-content"}},"wdio_ui5_key":"applicationmanagehandovers-display-component---AddNewHO--ObjectPageLayout-anchBar-application-managehandovers-display-component---AddNewHO--section4-anchor"}]}
RESULT: undefined
COMMAND: POST /session/2c26340218390abaea45fe4d98ab669b/element - {"using":"xpath","value":"//*[@id=\"application-managehandovers-display-component---AddNewHO--ObjectPageLayout-anchBar-application-managehandovers-display-component---AddNewHO--section4-anchor\"]"}
RESULT: {"using":"xpath","value":"//*[@id=\"application-managehandovers-display-component---AddNewHO--ObjectPageLayout-anchBar-application-managehandovers-display-component---AddNewHO--section4-anchor\"]"}
COMMAND: POST /session/2c26340218390abaea45fe4d98ab669b/element/f.17291DB1E67CD9F3C23A369F0CDF7328.d.7C721A7A3ECED782C89069F6CC96244A.e.16720/click - {}
RESULT: {}
COMMAND: GET /session/2c26340218390abaea45fe4d98ab669b/screenshot - {}
RESULT: {}
COMMAND: POST /session/2c26340218390abaea45fe4d98ab669b/element - {"using":"xpath","value":"//button[@aria-label=\"Add\"]"}
RESULT: {"using":"xpath","value":"//button[@aria-label=\"Add\"]"}
COMMAND: POST /session/2c26340218390abaea45fe4d98ab669b/element/f.17291DB1E67CD9F3C23A369F0CDF7328.d.7C721A7A3ECED782C89069F6CC96244A.e.16724/click - {}
RESULT: {}
COMMAND: GET /session/2c26340218390abaea45fe4d98ab669b/screenshot - {}
RESULT: {}
COMMAND: POST /session/2c26340218390abaea45fe4d98ab669b/execute/async - {"script":"<script> [1562 bytes]","args":[{"selector":{"id":"application-managehandovers-display-component---AddNewHO--smartFilterBar-btnBasicSearch","searchOpenDialogs":true,"interaction":{"idSuffix":"I"}},"wdio_ui5_key":"applicationmanagehandovers-display-component---AddNewHO--smartFilterBar-btnBasicSearch"}]}
RESULT: {"script":"<script> [1562 bytes]","args":[{"selector":{"id":"application-managehandovers-display-component---AddNewHO--smartFilterBar-btnBasicSearch","searchOpenDialogs":true,"interaction":{"idSuffix":"I"}},"wdio_ui5_key":"applicationmanagehandovers-display-component---AddNewHO--smartFilterBar-btnBasicSearch"}]}
RESULT: undefined
COMMAND: POST /session/2c26340218390abaea45fe4d98ab669b/execute/async - {"script":"<script> [776 bytes]","args":[{"enterText":"WebdriverRUR2C8j4fa","selector":{"id":"application-managehandovers-display-component---AddNewHO--smartFilterBar-btnBasicSearch","searchOpenDialogs":true,"interaction":{"idSuffix":"I"}},"clearTextFirst":true,"interactionType":"ENTER_TEXT"}]}
RESULT: {"script":"<script> [776 bytes]","args":[{"enterText":"WebdriverRUR2C8j4fa","selector":{"id":"application-managehandovers-display-component---AddNewHO--smartFilterBar-btnBasicSearch","searchOpenDialogs":true,"interaction":{"idSuffix":"I"}},"clearTextFirst":true,"interactionType":"ENTER_TEXT"}]}
COMMAND: POST /session/2c26340218390abaea45fe4d98ab669b/actions - {"actions":[{"id":"action40","type":"key","parameters":{},"actions":[{"type":"keyDown","value":""},{"type":"pause","duration":10},{"type":"keyUp","value":""}]}]}
RESULT: {"actions":[{"id":"action40","type":"key","parameters":{},"actions":[{"type":"keyDown","value":""},{"type":"pause","duration":10},{"type":"keyUp","value":""}]}]}
COMMAND: POST /session/2c26340218390abaea45fe4d98ab669b/execute/async - {"script":"<script> [1562 bytes]","args":[{"selector":{"id":"application-managehandovers-display-component---AddNewHO--popup-sa","searchOpenDialogs":true,"interaction":{"idSuffix":"CbBg"}},"wdio_ui5_key":"applicationmanagehandovers-display-component---AddNewHO--popup-sa"}]}
COMMAND: GET /session/2c26340218390abaea45fe4d98ab669b/screenshot - {}
RESULT: {"script":"<script> [1562 bytes]","args":[{"selector":{"id":"application-managehandovers-display-component---AddNewHO--popup-sa","searchOpenDialogs":true,"interaction":{"idSuffix":"CbBg"}},"wdio_ui5_key":"applicationmanagehandovers-display-component---AddNewHO--popup-sa"}]}
RESULT: undefined
COMMAND: POST /session/2c26340218390abaea45fe4d98ab669b/element - {"using":"xpath","value":"//*[@id=\"application-managehandovers-display-component---AddNewHO--popup-sa\"]"}
RESULT: {}
RESULT: {"using":"xpath","value":"//*[@id=\"application-managehandovers-display-component---AddNewHO--popup-sa\"]"}
COMMAND: POST /session/2c26340218390abaea45fe4d98ab669b/element/f.17291DB1E67CD9F3C23A369F0CDF7328.d.7C721A7A3ECED782C89069F6CC96244A.e.16806/click - {}
RESULT: {}
COMMAND: GET /session/2c26340218390abaea45fe4d98ab669b/screenshot - {}
RESULT: {}
COMMAND: POST /session/2c26340218390abaea45fe4d98ab669b/element - {"using":"xpath","value":"//bdi[contains(text(), \"Select\")]"}
RESULT: {"using":"xpath","value":"//bdi[contains(text(), \"Select\")]"}
COMMAND: POST /session/2c26340218390abaea45fe4d98ab669b/element/f.17291DB1E67CD9F3C23A369F0CDF7328.d.7C721A7A3ECED782C89069F6CC96244A.e.16808/click - {}
RESULT: {}
COMMAND: GET /session/2c26340218390abaea45fe4d98ab669b/screenshot - {}
RESULT: {}
COMMAND: POST /session/2c26340218390abaea45fe4d98ab669b/execute/async - {"script":"<script> [1562 bytes]","args":[{"selector":{"controlType":"sap.m.Input","viewName":"etm.portal.ui.managehandovers.view.AddNewHO","viewId":"application-managehandovers-display-component---AddNewHO","bindingPath":{"path":"/items/0","propertyPath":"TYPE","modelName":"hoItemsModel"},"interaction":{"idSuffix":"inner"}},"wdio_ui5_key":"etmportal.ui.managehandovers.view.AddNewHOsap.m.Input{\"path\":\"/items/0\",\"propertyPath\":\"TYPE\",\"modelName\":\"hoItemsModel\"}"}]}
RESULT: {"script":"<script> [1562 bytes]","args":[{"selector":{"controlType":"sap.m.Input","viewName":"etm.portal.ui.managehandovers.view.AddNewHO","viewId":"application-managehandovers-display-component---AddNewHO","bindingPath":{"path":"/items/0","propertyPath":"TYPE","modelName":"hoItemsModel"},"interaction":{"idSuffix":"inner"}},"wdio_ui5_key":"etmportal.ui.managehandovers.view.AddNewHOsap.m.Input{\"path\":\"/items/0\",\"propertyPath\":\"TYPE\",\"modelName\":\"hoItemsModel\"}"}]}
RESULT: undefined
COMMAND: POST /session/2c26340218390abaea45fe4d98ab669b/execute/async - {"script":"<script> [776 bytes]","args":[{"enterText":"100","selector":{"controlType":"sap.m.Input","viewName":"etm.portal.ui.managehandovers.view.AddNewHO","viewId":"application-managehandovers-display-component---AddNewHO","bindingPath":{"path":"/items/0","propertyPath":"TYPE","modelName":"hoItemsModel"},"interaction":{"idSuffix":"inner"}},"clearTextFirst":true,"interactionType":"ENTER_TEXT"}]}
RESULT: {"script":"<script> [776 bytes]","args":[{"enterText":"100","selector":{"controlType":"sap.m.Input","viewName":"etm.portal.ui.managehandovers.view.AddNewHO","viewId":"application-managehandovers-display-component---AddNewHO","bindingPath":{"path":"/items/0","propertyPath":"TYPE","modelName":"hoItemsModel"},"interaction":{"idSuffix":"inner"}},"clearTextFirst":true,"interactionType":"ENTER_TEXT"}]}
COMMAND: POST /session/2c26340218390abaea45fe4d98ab669b/element - {"using":"xpath","value":"//button[@data-kt=\"AddNewHOSaveButton\"]"}
RESULT: {"using":"xpath","value":"//button[@data-kt=\"AddNewHOSaveButton\"]"}
COMMAND: POST /session/2c26340218390abaea45fe4d98ab669b/element/f.17291DB1E67CD9F3C23A369F0CDF7328.d.7C721A7A3ECED782C89069F6CC96244A.e.16813/click - {}
RESULT: {}
COMMAND: GET /session/2c26340218390abaea45fe4d98ab669b/screenshot - {}
RESULT: {}
COMMAND: POST /session/2c26340218390abaea45fe4d98ab669b/execute/async - {"script":"<script> [1562 bytes]","args":[{"selector":{"id":"receiptDatePicker","viewName":"etm.portal.ui.managehandovers.view.DetailExecuteHO","interaction":{"idSuffix":"inner"}},"wdio_ui5_key":"receiptDatePickeretmportal.ui.managehandovers.view.DetailExecuteHO"}]}
RESULT: {"script":"<script> [1562 bytes]","args":[{"selector":{"id":"receiptDatePicker","viewName":"etm.portal.ui.managehandovers.view.DetailExecuteHO","interaction":{"idSuffix":"inner"}},"wdio_ui5_key":"receiptDatePickeretmportal.ui.managehandovers.view.DetailExecuteHO"}]}
RESULT: undefined
COMMAND: POST /session/2c26340218390abaea45fe4d98ab669b/execute/async - {"script":"<script> [6424 bytes]","args":[{"element-6066-11e4-a52e-4f735466cecf":"f.17291DB1E67CD9F3C23A369F0CDF7328.d.7C721A7A3ECED782C89069F6CC96244A.e.16839"},"setValue",["04/13/2025"]]}
RESULT: {"script":"<script> [6424 bytes]","args":[{"element-6066-11e4-a52e-4f735466cecf":"f.17291DB1E67CD9F3C23A369F0CDF7328.d.7C721A7A3ECED782C89069F6CC96244A.e.16839"},"setValue",["04/13/2025"]]}
COMMAND: POST /session/2c26340218390abaea45fe4d98ab669b/element - {"using":"xpath","value":"//button[@data-kt=\"PickingTableConfirmAllButton\"]"}
RESULT: {"using":"xpath","value":"//button[@data-kt=\"PickingTableConfirmAllButton\"]"}
COMMAND: POST /session/2c26340218390abaea45fe4d98ab669b/element/f.17291DB1E67CD9F3C23A369F0CDF7328.d.7C721A7A3ECED782C89069F6CC96244A.e.16854/click - {}
RESULT: {}
COMMAND: GET /session/2c26340218390abaea45fe4d98ab669b/screenshot - {}
RESULT: {}
COMMAND: POST /session/2c26340218390abaea45fe4d98ab669b/element - {"using":"xpath","value":"//bdi[contains(text(), \"OK\")]"}
RESULT: {"using":"xpath","value":"//bdi[contains(text(), \"OK\")]"}
COMMAND: POST /session/2c26340218390abaea45fe4d98ab669b/element/f.17291DB1E67CD9F3C23A369F0CDF7328.d.7C721A7A3ECED782C89069F6CC96244A.e.16857/click - {}
RESULT: {}
COMMAND: GET /session/2c26340218390abaea45fe4d98ab669b/screenshot - {}
RESULT: {}
COMMAND: POST /session/2c26340218390abaea45fe4d98ab669b/element - {"using":"xpath","value":"(//bdi[contains(text(), \"Receive\")])[2]"}
RESULT: {"using":"xpath","value":"(//bdi[contains(text(), \"Receive\")])[2]"}
COMMAND: POST /session/2c26340218390abaea45fe4d98ab669b/element/f.17291DB1E67CD9F3C23A369F0CDF7328.d.7C721A7A3ECED782C89069F6CC96244A.e.16858/click - {}
RESULT: {}
COMMAND: GET /session/2c26340218390abaea45fe4d98ab669b/screenshot - {}
RESULT: {}
COMMAND: POST /session/2c26340218390abaea45fe4d98ab669b/element - {"using":"css selector","value":"#shell-header-logo"}
RESULT: {"using":"css selector","value":"#shell-header-logo"}
COMMAND: POST /session/2c26340218390abaea45fe4d98ab669b/element/f.17291DB1E67CD9F3C23A369F0CDF7328.d.7C721A7A3ECED782C89069F6CC96244A.e.16352/click - {}
RESULT: {}
]]></system-out>
    </testcase>
    <testcase classname="chrome.135_0_7049_42.windows.Create_masterdata_for_Yard_Overview_-_trigger_provide_US130988" name="Should create a new contract" time="53.653">
      <system-out><![CDATA[
COMMAND: POST /session/2c26340218390abaea45fe4d98ab669b/execute/async - {"script":"<script> [1562 bytes]","args":[{"selector":{"controlType":"sap.m.GenericTile","viewName":"etm.portal.ui.managecontractstile.view.Master","i18NText":{"propertyName":"header","key":"manageContractsTileTitle"}},"wdio_ui5_key":"etmportal.ui.managecontractstile.view.Mastersap.m.GenericTile{\"propertyName\":\"header\",\"key\":\"manageContractsTileTitle\"}"}]}
COMMAND: GET /session/2c26340218390abaea45fe4d98ab669b/screenshot - {}
RESULT: {"script":"<script> [1562 bytes]","args":[{"selector":{"controlType":"sap.m.GenericTile","viewName":"etm.portal.ui.managecontractstile.view.Master","i18NText":{"propertyName":"header","key":"manageContractsTileTitle"}},"wdio_ui5_key":"etmportal.ui.managecontractstile.view.Mastersap.m.GenericTile{\"propertyName\":\"header\",\"key\":\"manageContractsTileTitle\"}"}]}
RESULT: undefined
COMMAND: POST /session/2c26340218390abaea45fe4d98ab669b/element - {"using":"xpath","value":"//*[@id=\"__tile132\"]"}
RESULT: {}
RESULT: {"using":"xpath","value":"//*[@id=\"__tile132\"]"}
COMMAND: POST /session/2c26340218390abaea45fe4d98ab669b/element/f.17291DB1E67CD9F3C23A369F0CDF7328.d.7C721A7A3ECED782C89069F6CC96244A.e.17092/click - {}
RESULT: {}
COMMAND: GET /session/2c26340218390abaea45fe4d98ab669b/screenshot - {}
RESULT: undefined
RESULT: undefined
RESULT: {}
COMMAND: POST /session/2c26340218390abaea45fe4d98ab669b/element - {"using":"xpath","value":"//button[@data-kt=\"addButton\"]"}
RESULT: {"using":"xpath","value":"//button[@data-kt=\"addButton\"]"}
COMMAND: POST /session/2c26340218390abaea45fe4d98ab669b/element/f.17291DB1E67CD9F3C23A369F0CDF7328.d.7C721A7A3ECED782C89069F6CC96244A.e.17171/click - {}
RESULT: {}
COMMAND: GET /session/2c26340218390abaea45fe4d98ab669b/screenshot - {}
COMMAND: POST /session/2c26340218390abaea45fe4d98ab669b/execute/async - {"script":"<script> [1562 bytes]","args":[{"selector":{"id":"application-managecontracts-display-component---AddNewContract--projectDescription","interaction":{"idSuffix":"inner"}},"wdio_ui5_key":"applicationmanagecontracts-display-component---AddNewContract--projectDescription"}]}
RESULT: {}
RESULT: {"script":"<script> [1562 bytes]","args":[{"selector":{"id":"application-managecontracts-display-component---AddNewContract--projectDescription","interaction":{"idSuffix":"inner"}},"wdio_ui5_key":"applicationmanagecontracts-display-component---AddNewContract--projectDescription"}]}
RESULT: undefined
COMMAND: POST /session/2c26340218390abaea45fe4d98ab669b/execute/async - {"script":"<script> [776 bytes]","args":[{"enterText":"WdIOOverviewmjc1x","selector":{"id":"application-managecontracts-display-component---AddNewContract--projectDescription","interaction":{"idSuffix":"inner"}},"clearTextFirst":true,"interactionType":"ENTER_TEXT"}]}
RESULT: {"script":"<script> [776 bytes]","args":[{"enterText":"WdIOOverviewmjc1x","selector":{"id":"application-managecontracts-display-component---AddNewContract--projectDescription","interaction":{"idSuffix":"inner"}},"clearTextFirst":true,"interactionType":"ENTER_TEXT"}]}
COMMAND: POST /session/2c26340218390abaea45fe4d98ab669b/element - {"using":"xpath","value":"//input[@id=\"application-managecontracts-display-component---AddNewContract--yardId-inner\"]"}
RESULT: {"using":"xpath","value":"//input[@id=\"application-managecontracts-display-component---AddNewContract--yardId-inner\"]"}
COMMAND: POST /session/2c26340218390abaea45fe4d98ab669b/element/f.17291DB1E67CD9F3C23A369F0CDF7328.d.7C721A7A3ECED782C89069F6CC96244A.e.17444/clear - {}
RESULT: {}
COMMAND: POST /session/2c26340218390abaea45fe4d98ab669b/element/f.17291DB1E67CD9F3C23A369F0CDF7328.d.7C721A7A3ECED782C89069F6CC96244A.e.17444/value - {"text":"WebdriverYardbvz4k"}
COMMAND: GET /session/2c26340218390abaea45fe4d98ab669b/screenshot - {}
RESULT: {"text":"WebdriverYardbvz4k"}
COMMAND: GET /session/2c26340218390abaea45fe4d98ab669b/screenshot - {}
RESULT: {}
RESULT: {}
COMMAND: POST /session/2c26340218390abaea45fe4d98ab669b/actions - {"actions":[{"id":"action41","type":"key","parameters":{},"actions":[{"type":"keyDown","value":""},{"type":"pause","duration":10},{"type":"keyUp","value":""}]}]}
RESULT: {"actions":[{"id":"action41","type":"key","parameters":{},"actions":[{"type":"keyDown","value":""},{"type":"pause","duration":10},{"type":"keyUp","value":""}]}]}
COMMAND: GET /session/2c26340218390abaea45fe4d98ab669b/screenshot - {}
RESULT: {}
COMMAND: POST /session/2c26340218390abaea45fe4d98ab669b/element - {"using":"xpath","value":"//input[@id=\"application-managecontracts-display-component---AddNewContract--customerSelect-inner\"]"}
RESULT: {"using":"xpath","value":"//input[@id=\"application-managecontracts-display-component---AddNewContract--customerSelect-inner\"]"}
COMMAND: POST /session/2c26340218390abaea45fe4d98ab669b/element/f.17291DB1E67CD9F3C23A369F0CDF7328.d.7C721A7A3ECED782C89069F6CC96244A.e.17442/clear - {}
RESULT: {}
COMMAND: POST /session/2c26340218390abaea45fe4d98ab669b/element/f.17291DB1E67CD9F3C23A369F0CDF7328.d.7C721A7A3ECED782C89069F6CC96244A.e.17442/value - {"text":"WebdriverPartner6yd5f"}
COMMAND: GET /session/2c26340218390abaea45fe4d98ab669b/screenshot - {}
RESULT: {"text":"WebdriverPartner6yd5f"}
COMMAND: GET /session/2c26340218390abaea45fe4d98ab669b/screenshot - {}
RESULT: {}
RESULT: {}
COMMAND: POST /session/2c26340218390abaea45fe4d98ab669b/actions - {"actions":[{"id":"action42","type":"key","parameters":{},"actions":[{"type":"keyDown","value":""},{"type":"pause","duration":10},{"type":"keyUp","value":""}]}]}
RESULT: {"actions":[{"id":"action42","type":"key","parameters":{},"actions":[{"type":"keyDown","value":""},{"type":"pause","duration":10},{"type":"keyUp","value":""}]}]}
COMMAND: GET /session/2c26340218390abaea45fe4d98ab669b/screenshot - {}
RESULT: {}
COMMAND: POST /session/2c26340218390abaea45fe4d98ab669b/element - {"using":"xpath","value":"//input[@id=\"application-managecontracts-display-component---AddNewContract--site-inner\"]"}
RESULT: {"using":"xpath","value":"//input[@id=\"application-managecontracts-display-component---AddNewContract--site-inner\"]"}
COMMAND: POST /session/2c26340218390abaea45fe4d98ab669b/element/f.17291DB1E67CD9F3C23A369F0CDF7328.d.7C721A7A3ECED782C89069F6CC96244A.e.17443/clear - {}
RESULT: {}
COMMAND: POST /session/2c26340218390abaea45fe4d98ab669b/element/f.17291DB1E67CD9F3C23A369F0CDF7328.d.7C721A7A3ECED782C89069F6CC96244A.e.17443/value - {"text":"WebdriverSitesasdlj"}
COMMAND: GET /session/2c26340218390abaea45fe4d98ab669b/screenshot - {}
RESULT: {"text":"WebdriverSitesasdlj"}
COMMAND: GET /session/2c26340218390abaea45fe4d98ab669b/screenshot - {}
RESULT: {}
RESULT: {}
COMMAND: POST /session/2c26340218390abaea45fe4d98ab669b/actions - {"actions":[{"id":"action43","type":"key","parameters":{},"actions":[{"type":"keyDown","value":""},{"type":"pause","duration":10},{"type":"keyUp","value":""}]}]}
RESULT: {"actions":[{"id":"action43","type":"key","parameters":{},"actions":[{"type":"keyDown","value":""},{"type":"pause","duration":10},{"type":"keyUp","value":""}]}]}
COMMAND: GET /session/2c26340218390abaea45fe4d98ab669b/screenshot - {}
RESULT: {}
COMMAND: POST /session/2c26340218390abaea45fe4d98ab669b/element - {"using":"xpath","value":"//button[@data-kt=\"saveButton\"]"}
RESULT: {"using":"xpath","value":"//button[@data-kt=\"saveButton\"]"}
COMMAND: POST /session/2c26340218390abaea45fe4d98ab669b/element/f.17291DB1E67CD9F3C23A369F0CDF7328.d.7C721A7A3ECED782C89069F6CC96244A.e.17467/click - {}
RESULT: {}
COMMAND: GET /session/2c26340218390abaea45fe4d98ab669b/screenshot - {}
RESULT: {}
COMMAND: POST /session/2c26340218390abaea45fe4d98ab669b/execute/async - {"script":"<script> [1562 bytes]","args":[{"selector":{"id":"contractDetailTitleNoExpanded","viewName":"etm.portal.ui.managecontracts.view.Detail"},"wdio_ui5_key":"contractDetailTitleNoExpandedetmportal.ui.managecontracts.view.Detail"}]}
RESULT: {"script":"<script> [1562 bytes]","args":[{"selector":{"id":"contractDetailTitleNoExpanded","viewName":"etm.portal.ui.managecontracts.view.Detail"},"wdio_ui5_key":"contractDetailTitleNoExpandedetmportal.ui.managecontracts.view.Detail"}]}
RESULT: undefined
COMMAND: POST /session/2c26340218390abaea45fe4d98ab669b/execute/async - {"script":"<script> [6424 bytes]","args":[{"element-6066-11e4-a52e-4f735466cecf":"f.17291DB1E67CD9F3C23A369F0CDF7328.d.7C721A7A3ECED782C89069F6CC96244A.e.17547"},"getText",[]]}
RESULT: {"script":"<script> [6424 bytes]","args":[{"element-6066-11e4-a52e-4f735466cecf":"f.17291DB1E67CD9F3C23A369F0CDF7328.d.7C721A7A3ECED782C89069F6CC96244A.e.17547"},"getText",[]]}
]]></system-out>
    </testcase>
    <testcase classname="chrome.135_0_7049_42.windows.Create_masterdata_for_Yard_Overview_-_trigger_provide_US130988" name="Should add material to the contract" time="43.722">
      <system-out><![CDATA[
COMMAND: POST /session/2c26340218390abaea45fe4d98ab669b/element - {"using":"xpath","value":"//button[@data-kt=\"contractDetailEditBtnButton\"]"}
RESULT: {"using":"xpath","value":"//button[@data-kt=\"contractDetailEditBtnButton\"]"}
COMMAND: POST /session/2c26340218390abaea45fe4d98ab669b/element/f.17291DB1E67CD9F3C23A369F0CDF7328.d.7C721A7A3ECED782C89069F6CC96244A.e.17548/click - {}
RESULT: {}
COMMAND: GET /session/2c26340218390abaea45fe4d98ab669b/screenshot - {}
RESULT: {}
COMMAND: POST /session/2c26340218390abaea45fe4d98ab669b/element - {"using":"xpath","value":"(//span[contains(text(), \"Additional Addresses\")])[2]"}
RESULT: {"using":"xpath","value":"(//span[contains(text(), \"Additional Addresses\")])[2]"}
COMMAND: POST /session/2c26340218390abaea45fe4d98ab669b/element/f.17291DB1E67CD9F3C23A369F0CDF7328.d.7C721A7A3ECED782C89069F6CC96244A.e.17603/click - {}
RESULT: {}
COMMAND: GET /session/2c26340218390abaea45fe4d98ab669b/screenshot - {}
RESULT: {}
COMMAND: POST /session/2c26340218390abaea45fe4d98ab669b/element - {"using":"xpath","value":"//button[@data-kt=\"btnAddTableRowOverflowToolbarButton\"]"}
RESULT: {"using":"xpath","value":"//button[@data-kt=\"btnAddTableRowOverflowToolbarButton\"]"}
COMMAND: POST /session/2c26340218390abaea45fe4d98ab669b/element/f.17291DB1E67CD9F3C23A369F0CDF7328.d.7C721A7A3ECED782C89069F6CC96244A.e.17607/click - {}
RESULT: {}
COMMAND: GET /session/2c26340218390abaea45fe4d98ab669b/screenshot - {}
RESULT: {}
COMMAND: POST /session/2c26340218390abaea45fe4d98ab669b/element - {"using":"xpath","value":"//div[(text() = 'Standard Entry' or . = 'Standard Entry')]"}
RESULT: {"using":"xpath","value":"//div[(text() = 'Standard Entry' or . = 'Standard Entry')]"}
COMMAND: POST /session/2c26340218390abaea45fe4d98ab669b/element/f.17291DB1E67CD9F3C23A369F0CDF7328.d.7C721A7A3ECED782C89069F6CC96244A.e.17609/click - {}
RESULT: {}
COMMAND: POST /session/2c26340218390abaea45fe4d98ab669b/element - {"using":"xpath","value":"//td[6]/div/div/input[1]"}
COMMAND: GET /session/2c26340218390abaea45fe4d98ab669b/screenshot - {}
RESULT: {"using":"xpath","value":"//td[6]/div/div/input[1]"}
COMMAND: POST /session/2c26340218390abaea45fe4d98ab669b/element/f.17291DB1E67CD9F3C23A369F0CDF7328.d.7C721A7A3ECED782C89069F6CC96244A.e.17611/click - {}
RESULT: {}
RESULT: {}
COMMAND: POST /session/2c26340218390abaea45fe4d98ab669b/actions - {"actions":[{"id":"action44","type":"key","parameters":{},"actions":[{"type":"keyDown","value":""},{"type":"pause","duration":10},{"type":"keyUp","value":""}]}]}
COMMAND: GET /session/2c26340218390abaea45fe4d98ab669b/screenshot - {}
RESULT: {"actions":[{"id":"action44","type":"key","parameters":{},"actions":[{"type":"keyDown","value":""},{"type":"pause","duration":10},{"type":"keyUp","value":""}]}]}
COMMAND: POST /session/2c26340218390abaea45fe4d98ab669b/element - {"using":"xpath","value":"//td[6]/div/div/input[1]"}
COMMAND: GET /session/2c26340218390abaea45fe4d98ab669b/screenshot - {}
RESULT: {}
RESULT: {"using":"xpath","value":"//td[6]/div/div/input[1]"}
COMMAND: POST /session/2c26340218390abaea45fe4d98ab669b/element/f.17291DB1E67CD9F3C23A369F0CDF7328.d.7C721A7A3ECED782C89069F6CC96244A.e.17611/clear - {}
RESULT: {}
RESULT: {}
COMMAND: POST /session/2c26340218390abaea45fe4d98ab669b/element/f.17291DB1E67CD9F3C23A369F0CDF7328.d.7C721A7A3ECED782C89069F6CC96244A.e.17611/value - {"text":"Material"}
COMMAND: GET /session/2c26340218390abaea45fe4d98ab669b/screenshot - {}
RESULT: {"text":"Material"}
COMMAND: GET /session/2c26340218390abaea45fe4d98ab669b/screenshot - {}
RESULT: {}
RESULT: {}
COMMAND: POST /session/2c26340218390abaea45fe4d98ab669b/actions - {"actions":[{"id":"action45","type":"key","parameters":{},"actions":[{"type":"keyDown","value":""},{"type":"pause","duration":10},{"type":"keyUp","value":""}]}]}
RESULT: {"actions":[{"id":"action45","type":"key","parameters":{},"actions":[{"type":"keyDown","value":""},{"type":"pause","duration":10},{"type":"keyUp","value":""}]}]}
COMMAND: GET /session/2c26340218390abaea45fe4d98ab669b/screenshot - {}
RESULT: {}
COMMAND: POST /session/2c26340218390abaea45fe4d98ab669b/actions - {"actions":[{"id":"action46","type":"key","parameters":{},"actions":[{"type":"keyDown","value":""},{"type":"pause","duration":10},{"type":"keyUp","value":""}]}]}
RESULT: {"actions":[{"id":"action46","type":"key","parameters":{},"actions":[{"type":"keyDown","value":""},{"type":"pause","duration":10},{"type":"keyUp","value":""}]}]}
COMMAND: POST /session/2c26340218390abaea45fe4d98ab669b/element - {"using":"xpath","value":"//td[7]/div/div/input"}
COMMAND: GET /session/2c26340218390abaea45fe4d98ab669b/screenshot - {}
RESULT: {"using":"xpath","value":"//td[7]/div/div/input"}
COMMAND: POST /session/2c26340218390abaea45fe4d98ab669b/element/f.17291DB1E67CD9F3C23A369F0CDF7328.d.7C721A7A3ECED782C89069F6CC96244A.e.17624/clear - {}
RESULT: {}
RESULT: {}
COMMAND: POST /session/2c26340218390abaea45fe4d98ab669b/element/f.17291DB1E67CD9F3C23A369F0CDF7328.d.7C721A7A3ECED782C89069F6CC96244A.e.17624/value - {"text":"WebdriverRUR2C8j4fa"}
COMMAND: GET /session/2c26340218390abaea45fe4d98ab669b/screenshot - {}
RESULT: {"text":"WebdriverRUR2C8j4fa"}
COMMAND: GET /session/2c26340218390abaea45fe4d98ab669b/screenshot - {}
RESULT: {}
RESULT: {}
COMMAND: POST /session/2c26340218390abaea45fe4d98ab669b/actions - {"actions":[{"id":"action47","type":"key","parameters":{},"actions":[{"type":"keyDown","value":""},{"type":"pause","duration":10},{"type":"keyUp","value":""}]}]}
RESULT: {"actions":[{"id":"action47","type":"key","parameters":{},"actions":[{"type":"keyDown","value":""},{"type":"pause","duration":10},{"type":"keyUp","value":""}]}]}
COMMAND: GET /session/2c26340218390abaea45fe4d98ab669b/screenshot - {}
RESULT: {}
COMMAND: POST /session/2c26340218390abaea45fe4d98ab669b/actions - {"actions":[{"id":"action48","type":"key","parameters":{},"actions":[{"type":"keyDown","value":""},{"type":"pause","duration":10},{"type":"keyUp","value":""}]}]}
RESULT: {"actions":[{"id":"action48","type":"key","parameters":{},"actions":[{"type":"keyDown","value":""},{"type":"pause","duration":10},{"type":"keyUp","value":""}]}]}
COMMAND: GET /session/2c26340218390abaea45fe4d98ab669b/screenshot - {}
RESULT: {}
COMMAND: POST /session/2c26340218390abaea45fe4d98ab669b/element - {"using":"xpath","value":"(//button[@data-kt=\"saveButton\"])[2]"}
RESULT: {"using":"xpath","value":"(//button[@data-kt=\"saveButton\"])[2]"}
COMMAND: POST /session/2c26340218390abaea45fe4d98ab669b/element/f.17291DB1E67CD9F3C23A369F0CDF7328.d.7C721A7A3ECED782C89069F6CC96244A.e.17650/click - {}
RESULT: {}
COMMAND: GET /session/2c26340218390abaea45fe4d98ab669b/screenshot - {}
RESULT: {}
]]></system-out>
    </testcase>
    <testcase classname="chrome.135_0_7049_42.windows.Create_masterdata_for_Yard_Overview_-_trigger_provide_US130988" name="Navigate to Yard overview and provide the RU" time="116.708">
      <system-out><![CDATA[
COMMAND: POST /session/2c26340218390abaea45fe4d98ab669b/element - {"using":"css selector","value":"#shell-header-logo"}
RESULT: {"using":"css selector","value":"#shell-header-logo"}
COMMAND: POST /session/2c26340218390abaea45fe4d98ab669b/element/f.17291DB1E67CD9F3C23A369F0CDF7328.d.7C721A7A3ECED782C89069F6CC96244A.e.17095/click - {}
RESULT: {}
COMMAND: GET /session/2c26340218390abaea45fe4d98ab669b/screenshot - {}
RESULT: {}
COMMAND: POST /session/2c26340218390abaea45fe4d98ab669b/execute/async - {"script":"<script> [1562 bytes]","args":[{"selector":{"controlType":"sap.m.GenericTile","properties":{"header":"Yard Overview"}},"wdio_ui5_key":"sapm.GenericTile{\"header\":\"Yard Overview\"}"}]}
RESULT: {"script":"<script> [1562 bytes]","args":[{"selector":{"controlType":"sap.m.GenericTile","properties":{"header":"Yard Overview"}},"wdio_ui5_key":"sapm.GenericTile{\"header\":\"Yard Overview\"}"}]}
RESULT: undefined
COMMAND: POST /session/2c26340218390abaea45fe4d98ab669b/element - {"using":"xpath","value":"//*[@id=\"__tile102\"]"}
RESULT: {"using":"xpath","value":"//*[@id=\"__tile102\"]"}
COMMAND: POST /session/2c26340218390abaea45fe4d98ab669b/element/f.17291DB1E67CD9F3C23A369F0CDF7328.d.7C721A7A3ECED782C89069F6CC96244A.e.17654/click - {}
RESULT: {}
COMMAND: GET /session/2c26340218390abaea45fe4d98ab669b/screenshot - {}
RESULT: {}
COMMAND: POST /session/2c26340218390abaea45fe4d98ab669b/execute/async - {"script":"<script> [1562 bytes]","args":[{"selector":{"id":"application-yardoverview-display-component---masterYardInventory--smartFilterBar-btnBasicSearch","interaction":{"idSuffix":"I"}},"wdio_ui5_key":"applicationyardoverview-display-component---masterYardInventory--smartFilterBar-btnBasicSearch"}]}
RESULT: {"script":"<script> [1562 bytes]","args":[{"selector":{"id":"application-yardoverview-display-component---masterYardInventory--smartFilterBar-btnBasicSearch","interaction":{"idSuffix":"I"}},"wdio_ui5_key":"applicationyardoverview-display-component---masterYardInventory--smartFilterBar-btnBasicSearch"}]}
RESULT: undefined
COMMAND: POST /session/2c26340218390abaea45fe4d98ab669b/execute/async - {"script":"<script> [776 bytes]","args":[{"enterText":"WebdriverYardbvz4k","selector":{"id":"application-yardoverview-display-component---masterYardInventory--smartFilterBar-btnBasicSearch","interaction":{"idSuffix":"I"}},"clearTextFirst":true,"interactionType":"ENTER_TEXT"}]}
RESULT: {"script":"<script> [776 bytes]","args":[{"enterText":"WebdriverYardbvz4k","selector":{"id":"application-yardoverview-display-component---masterYardInventory--smartFilterBar-btnBasicSearch","interaction":{"idSuffix":"I"}},"clearTextFirst":true,"interactionType":"ENTER_TEXT"}]}
COMMAND: POST /session/2c26340218390abaea45fe4d98ab669b/actions - {"actions":[{"id":"action49","type":"key","parameters":{},"actions":[{"type":"keyDown","value":""},{"type":"pause","duration":10},{"type":"keyUp","value":""}]}]}
RESULT: {"actions":[{"id":"action49","type":"key","parameters":{},"actions":[{"type":"keyDown","value":""},{"type":"pause","duration":10},{"type":"keyUp","value":""}]}]}
COMMAND: GET /session/2c26340218390abaea45fe4d98ab669b/screenshot - {}
RESULT: {}
COMMAND: POST /session/2c26340218390abaea45fe4d98ab669b/execute/async - {"script":"<script> [1562 bytes]","args":[{"selector":{"controlType":"sap.m.ColumnListItem","viewName":"etm.portal.ui.yardoverview.view.Master","viewId":"application-yardoverview-display-component---masterYardInventory","properties":{"type":"Navigation"},"interaction":{"idSuffix":"TypeCell"}},"wdio_ui5_key":"etmportal.ui.yardoverview.view.Mastersap.m.ColumnListItem{\"type\":\"Navigation\"}"}]}
RESULT: {"script":"<script> [1562 bytes]","args":[{"selector":{"controlType":"sap.m.ColumnListItem","viewName":"etm.portal.ui.yardoverview.view.Master","viewId":"application-yardoverview-display-component---masterYardInventory","properties":{"type":"Navigation"},"interaction":{"idSuffix":"TypeCell"}},"wdio_ui5_key":"etmportal.ui.yardoverview.view.Mastersap.m.ColumnListItem{\"type\":\"Navigation\"}"}]}
RESULT: undefined
COMMAND: POST /session/2c26340218390abaea45fe4d98ab669b/element - {"using":"xpath","value":"//*[@id=\"__item877-__clone2370\"]"}
RESULT: {"using":"xpath","value":"//*[@id=\"__item877-__clone2370\"]"}
COMMAND: POST /session/2c26340218390abaea45fe4d98ab669b/element/f.17291DB1E67CD9F3C23A369F0CDF7328.d.7C721A7A3ECED782C89069F6CC96244A.e.17726/click - {}
RESULT: {}
COMMAND: GET /session/2c26340218390abaea45fe4d98ab669b/screenshot - {}
RESULT: {}
COMMAND: POST /session/2c26340218390abaea45fe4d98ab669b/execute/async - {"script":"<script> [1562 bytes]","args":[{"selector":{"id":"application-yardoverview-display-component---detailYardInventory--openProvides-triggerAction-provideBtn","interaction":{"idSuffix":"BDI-content"}},"wdio_ui5_key":"applicationyardoverview-display-component---detailYardInventory--openProvides-triggerAction-provideBtn"}]}
RESULT: {"script":"<script> [1562 bytes]","args":[{"selector":{"id":"application-yardoverview-display-component---detailYardInventory--openProvides-triggerAction-provideBtn","interaction":{"idSuffix":"BDI-content"}},"wdio_ui5_key":"applicationyardoverview-display-component---detailYardInventory--openProvides-triggerAction-provideBtn"}]}
RESULT: undefined
COMMAND: POST /session/2c26340218390abaea45fe4d98ab669b/element - {"using":"xpath","value":"//*[@id=\"application-yardoverview-display-component---detailYardInventory--openProvides-triggerAction-provideBtn\"]"}
RESULT: {"using":"xpath","value":"//*[@id=\"application-yardoverview-display-component---detailYardInventory--openProvides-triggerAction-provideBtn\"]"}
COMMAND: POST /session/2c26340218390abaea45fe4d98ab669b/element/f.17291DB1E67CD9F3C23A369F0CDF7328.d.7C721A7A3ECED782C89069F6CC96244A.e.17761/click - {}
RESULT: {}
COMMAND: POST /session/2c26340218390abaea45fe4d98ab669b/execute/async - {"script":"<script> [1562 bytes]","args":[{"selector":{"controlType":"sap.m.CheckBox","viewName":"etm.portal.ui.yardoverview.view.Detail","viewId":"application-yardoverview-display-component---detailYardInventory","properties":{"editable":true},"ancestor":{"controlType":"sap.m.ColumnListItem","viewName":"etm.portal.ui.yardoverview.view.Detail","viewId":"application-yardoverview-display-component---detailYardInventory","bindingPath":{"path":"/SmartOpenRUYardInventory(CONTRACT='10173',ITEM=10m,SUB_ITEM=0m)"},"ancestor":{"id":"application-yardoverview-display-component---detailYardInventory--customProvidesTable"}},"interaction":{"idSuffix":"CbBg"}},"wdio_ui5_key":"etmportal.ui.yardoverview.view.Detailsap.m.CheckBox{\"editable\":true}{\"controlType\":\"sap.m.ColumnListItem\",\"viewName\":\"etm.portal.ui.yardoverview.view.Detail\",\"viewId\":\"application-yardoverview-display-component---detailYardInventory\",\"bindingPath\":{\"path\":\"/SmartOpenRUYardInventory(CONTRACT='10173',ITEM=10m,SUB_ITEM=0m)\"},\"ancestor\":{\"id\":\"application-yardoverview-display-component---detailYardInventory--customProvidesTable\"}}"}]}
COMMAND: GET /session/2c26340218390abaea45fe4d98ab669b/screenshot - {}
RESULT: {"script":"<script> [1562 bytes]","args":[{"selector":{"controlType":"sap.m.CheckBox","viewName":"etm.portal.ui.yardoverview.view.Detail","viewId":"application-yardoverview-display-component---detailYardInventory","properties":{"editable":true},"ancestor":{"controlType":"sap.m.ColumnListItem","viewName":"etm.portal.ui.yardoverview.view.Detail","viewId":"application-yardoverview-display-component---detailYardInventory","bindingPath":{"path":"/SmartOpenRUYardInventory(CONTRACT='10173',ITEM=10m,SUB_ITEM=0m)"},"ancestor":{"id":"application-yardoverview-display-component---detailYardInventory--customProvidesTable"}},"interaction":{"idSuffix":"CbBg"}},"wdio_ui5_key":"etmportal.ui.yardoverview.view.Detailsap.m.CheckBox{\"editable\":true}{\"controlType\":\"sap.m.ColumnListItem\",\"viewName\":\"etm.portal.ui.yardoverview.view.Detail\",\"viewId\":\"application-yardoverview-display-component---detailYardInventory\",\"bindingPath\":{\"path\":\"/SmartOpenRUYardInventory(CONTRACT='10173',ITEM=10m,SUB_ITEM=0m)\"},\"ancestor\":{\"id\":\"application-yardoverview-display-component---detailYardInventory--customProvidesTable\"}}"}]}
RESULT: undefined
COMMAND: POST /session/2c26340218390abaea45fe4d98ab669b/element - {"using":"xpath","value":"//*[@id=\"__item907-__clone2470-selectMulti\"]"}
RESULT: {}
RESULT: {"using":"xpath","value":"//*[@id=\"__item907-__clone2470-selectMulti\"]"}
COMMAND: POST /session/2c26340218390abaea45fe4d98ab669b/element/f.17291DB1E67CD9F3C23A369F0CDF7328.d.7C721A7A3ECED782C89069F6CC96244A.e.17840/click - {}
RESULT: {}
COMMAND: GET /session/2c26340218390abaea45fe4d98ab669b/screenshot - {}
RESULT: {}
RESULT: undefined
COMMAND: POST /session/2c26340218390abaea45fe4d98ab669b/element - {"using":"xpath","value":"//*[@id=\"application-yardoverview-display-component---detailYardInventory--openProvides-triggerAction-provideBtn\"]"}
RESULT: {"using":"xpath","value":"//*[@id=\"application-yardoverview-display-component---detailYardInventory--openProvides-triggerAction-provideBtn\"]"}
COMMAND: POST /session/2c26340218390abaea45fe4d98ab669b/element/f.17291DB1E67CD9F3C23A369F0CDF7328.d.7C721A7A3ECED782C89069F6CC96244A.e.17761/click - {}
RESULT: {}
COMMAND: GET /session/2c26340218390abaea45fe4d98ab669b/screenshot - {}
RESULT: {}
COMMAND: POST /session/2c26340218390abaea45fe4d98ab669b/actions - {"actions":[{"id":"action50","type":"key","parameters":{},"actions":[{"type":"keyDown","value":""},{"type":"pause","duration":10},{"type":"keyUp","value":""}]}]}
RESULT: {"actions":[{"id":"action50","type":"key","parameters":{},"actions":[{"type":"keyDown","value":""},{"type":"pause","duration":10},{"type":"keyUp","value":""}]}]}
COMMAND: GET /session/2c26340218390abaea45fe4d98ab669b/screenshot - {}
RESULT: {}
COMMAND: POST /session/2c26340218390abaea45fe4d98ab669b/execute/async - {"script":"<script> [1562 bytes]","args":[{"selector":{"id":"application-yardoverview-display-component---detailYardInventory--smartTableProvides-btnPersonalisation-img"},"wdio_ui5_key":"applicationyardoverview-display-component---detailYardInventory--smartTableProvides-btnPersonalisation-img"}]}
RESULT: {"script":"<script> [1562 bytes]","args":[{"selector":{"id":"application-yardoverview-display-component---detailYardInventory--smartTableProvides-btnPersonalisation-img"},"wdio_ui5_key":"applicationyardoverview-display-component---detailYardInventory--smartTableProvides-btnPersonalisation-img"}]}
RESULT: undefined
COMMAND: POST /session/2c26340218390abaea45fe4d98ab669b/element - {"using":"xpath","value":"//*[@id=\"application-yardoverview-display-component---detailYardInventory--smartTableProvides-btnPersonalisation-img\"]"}
RESULT: {"using":"xpath","value":"//*[@id=\"application-yardoverview-display-component---detailYardInventory--smartTableProvides-btnPersonalisation-img\"]"}
COMMAND: POST /session/2c26340218390abaea45fe4d98ab669b/element/f.17291DB1E67CD9F3C23A369F0CDF7328.d.7C721A7A3ECED782C89069F6CC96244A.e.17773/click - {}
RESULT: {}
COMMAND: POST /session/2c26340218390abaea45fe4d98ab669b/element - {"using":"xpath","value":"//input[contains(@id ,\"searchField-I\")]"}
COMMAND: GET /session/2c26340218390abaea45fe4d98ab669b/screenshot - {}
RESULT: {"using":"xpath","value":"//input[contains(@id ,\"searchField-I\")]"}
COMMAND: POST /session/2c26340218390abaea45fe4d98ab669b/element/f.17291DB1E67CD9F3C23A369F0CDF7328.d.7C721A7A3ECED782C89069F6CC96244A.e.17857/clear - {}
RESULT: {}
RESULT: {}
COMMAND: POST /session/2c26340218390abaea45fe4d98ab669b/element/f.17291DB1E67CD9F3C23A369F0CDF7328.d.7C721A7A3ECED782C89069F6CC96244A.e.17857/value - {"text":"Handover Provided"}
COMMAND: GET /session/2c26340218390abaea45fe4d98ab669b/screenshot - {}
RESULT: {"text":"Handover Provided"}
COMMAND: GET /session/2c26340218390abaea45fe4d98ab669b/screenshot - {}
RESULT: {}
RESULT: {}
COMMAND: POST /session/2c26340218390abaea45fe4d98ab669b/element - {"using":"xpath","value":"//div[contains(@id ,\"innerSelectionPanelTable-sa-CbBg\")]"}
RESULT: {"using":"xpath","value":"//div[contains(@id ,\"innerSelectionPanelTable-sa-CbBg\")]"}
COMMAND: POST /session/2c26340218390abaea45fe4d98ab669b/element/f.17291DB1E67CD9F3C23A369F0CDF7328.d.7C721A7A3ECED782C89069F6CC96244A.e.17893/click - {}
RESULT: {}
COMMAND: POST /session/2c26340218390abaea45fe4d98ab669b/execute/async - {"script":"<script> [1562 bytes]","args":[{"selector":{"controlType":"sap.m.Button","viewName":"etm.portal.ui.yardoverview.view.Detail","viewId":"application-yardoverview-display-component---detailYardInventory","properties":{"text":"OK"},"searchOpenDialogs":true,"interaction":{"idSuffix":"BDI-content"}},"wdio_ui5_key":"etmportal.ui.yardoverview.view.Detailsap.m.Button{\"text\":\"OK\"}"}]}
COMMAND: GET /session/2c26340218390abaea45fe4d98ab669b/screenshot - {}
RESULT: {"script":"<script> [1562 bytes]","args":[{"selector":{"controlType":"sap.m.Button","viewName":"etm.portal.ui.yardoverview.view.Detail","viewId":"application-yardoverview-display-component---detailYardInventory","properties":{"text":"OK"},"searchOpenDialogs":true,"interaction":{"idSuffix":"BDI-content"}},"wdio_ui5_key":"etmportal.ui.yardoverview.view.Detailsap.m.Button{\"text\":\"OK\"}"}]}
RESULT: undefined
COMMAND: POST /session/2c26340218390abaea45fe4d98ab669b/element - {"using":"xpath","value":"//*[@id=\"__popup248-confirmBtn\"]"}
RESULT: {}
RESULT: {"using":"xpath","value":"//*[@id=\"__popup248-confirmBtn\"]"}
COMMAND: POST /session/2c26340218390abaea45fe4d98ab669b/element/f.17291DB1E67CD9F3C23A369F0CDF7328.d.7C721A7A3ECED782C89069F6CC96244A.e.17895/click - {}
RESULT: {}
COMMAND: POST /session/2c26340218390abaea45fe4d98ab669b/element - {"using":"xpath","value":"//a[contains(@data-kt ,\"OpenProvidesHandOverItemLink\")]"}
COMMAND: GET /session/2c26340218390abaea45fe4d98ab669b/screenshot - {}
RESULT: {"using":"xpath","value":"//a[contains(@data-kt ,\"OpenProvidesHandOverItemLink\")]"}
COMMAND: POST /session/2c26340218390abaea45fe4d98ab669b/elements - {"using":"xpath","value":"//a[contains(@data-kt ,\"OpenProvidesHandOverItemLink\")]"}
RESULT: {}
RESULT: {"using":"xpath","value":"//a[contains(@data-kt ,\"OpenProvidesHandOverItemLink\")]"}
COMMAND: POST /session/2c26340218390abaea45fe4d98ab669b/element - {"using":"xpath","value":"//a[contains(@data-kt ,\"OpenProvidesHandOverItemLink\")]"}
RESULT: {"using":"xpath","value":"//a[contains(@data-kt ,\"OpenProvidesHandOverItemLink\")]"}
COMMAND: POST /session/2c26340218390abaea45fe4d98ab669b/element/f.17291DB1E67CD9F3C23A369F0CDF7328.d.7C721A7A3ECED782C89069F6CC96244A.e.17900/click - {}
RESULT: {}
COMMAND: GET /session/2c26340218390abaea45fe4d98ab669b/screenshot - {}
RESULT: {}
COMMAND: POST /session/2c26340218390abaea45fe4d98ab669b/actions - {"actions":[{"id":"action51","type":"key","parameters":{},"actions":[{"type":"keyDown","value":""},{"type":"pause","duration":10},{"type":"keyUp","value":""}]}]}
RESULT: {"actions":[{"id":"action51","type":"key","parameters":{},"actions":[{"type":"keyDown","value":""},{"type":"pause","duration":10},{"type":"keyUp","value":""}]}]}
COMMAND: GET /session/2c26340218390abaea45fe4d98ab669b/screenshot - {}
RESULT: {}
COMMAND: POST /session/2c26340218390abaea45fe4d98ab669b/execute/async - {"script":"<script> [1562 bytes]","args":[{"selector":{"controlType":"sap.m.Button","viewName":"etm.portal.ui.managehandovers.view.DetailExecuteHO","i18NText":{"propertyName":"text","key":"confirmAll"},"interaction":{"idSuffix":"BDI-content"}},"wdio_ui5_key":"etmportal.ui.managehandovers.view.DetailExecuteHOsap.m.Button{\"propertyName\":\"text\",\"key\":\"confirmAll\"}"}]}
RESULT: {"script":"<script> [1562 bytes]","args":[{"selector":{"controlType":"sap.m.Button","viewName":"etm.portal.ui.managehandovers.view.DetailExecuteHO","i18NText":{"propertyName":"text","key":"confirmAll"},"interaction":{"idSuffix":"BDI-content"}},"wdio_ui5_key":"etmportal.ui.managehandovers.view.DetailExecuteHOsap.m.Button{\"propertyName\":\"text\",\"key\":\"confirmAll\"}"}]}
RESULT: undefined
COMMAND: POST /session/2c26340218390abaea45fe4d98ab669b/element - {"using":"xpath","value":"//*[@id=\"__button150\"]"}
RESULT: {"using":"xpath","value":"//*[@id=\"__button150\"]"}
COMMAND: POST /session/2c26340218390abaea45fe4d98ab669b/element/f.17291DB1E67CD9F3C23A369F0CDF7328.d.7C721A7A3ECED782C89069F6CC96244A.e.18069/click - {}
RESULT: {}
COMMAND: GET /session/2c26340218390abaea45fe4d98ab669b/screenshot - {}
RESULT: {}
COMMAND: POST /session/2c26340218390abaea45fe4d98ab669b/execute/async - {"script":"<script> [1562 bytes]","args":[{"selector":{"controlType":"sap.m.Button","properties":{"text":"OK"},"searchOpenDialogs":true,"interaction":{"idSuffix":"BDI-content"}},"wdio_ui5_key":"sapm.Button{\"text\":\"OK\"}"}]}
RESULT: {"script":"<script> [1562 bytes]","args":[{"selector":{"controlType":"sap.m.Button","properties":{"text":"OK"},"searchOpenDialogs":true,"interaction":{"idSuffix":"BDI-content"}},"wdio_ui5_key":"sapm.Button{\"text\":\"OK\"}"}]}
RESULT: undefined
COMMAND: POST /session/2c26340218390abaea45fe4d98ab669b/element - {"using":"xpath","value":"//*[@id=\"__mbox-btn-4\"]"}
RESULT: {"using":"xpath","value":"//*[@id=\"__mbox-btn-4\"]"}
COMMAND: POST /session/2c26340218390abaea45fe4d98ab669b/element/f.17291DB1E67CD9F3C23A369F0CDF7328.d.7C721A7A3ECED782C89069F6CC96244A.e.18070/click - {}
RESULT: {}
COMMAND: GET /session/2c26340218390abaea45fe4d98ab669b/screenshot - {}
RESULT: {}
COMMAND: POST /session/2c26340218390abaea45fe4d98ab669b/execute/async - {"script":"<script> [1562 bytes]","args":[{"selector":{"controlType":"sap.m.Button","viewName":"etm.portal.ui.managehandovers.view.DetailExecuteHO","i18NText":{"propertyName":"text","key":"issue"},"ancestor":{"controlType":"sap.uxap.ObjectPageDynamicHeaderTitle","viewName":"etm.portal.ui.managehandovers.view.DetailExecuteHO","bindingPath":{"path":"","propertyPath":"/layout","modelName":"frontEndModel"}},"interaction":{"idSuffix":"BDI-content"}},"wdio_ui5_key":"etmportal.ui.managehandovers.view.DetailExecuteHOsap.m.Button{\"propertyName\":\"text\",\"key\":\"issue\"}{\"controlType\":\"sap.uxap.ObjectPageDynamicHeaderTitle\",\"viewName\":\"etm.portal.ui.managehandovers.view.DetailExecuteHO\",\"bindingPath\":{\"path\":\"\",\"propertyPath\":\"/layout\",\"modelName\":\"frontEndModel\"}}"}]}
RESULT: {"script":"<script> [1562 bytes]","args":[{"selector":{"controlType":"sap.m.Button","viewName":"etm.portal.ui.managehandovers.view.DetailExecuteHO","i18NText":{"propertyName":"text","key":"issue"},"ancestor":{"controlType":"sap.uxap.ObjectPageDynamicHeaderTitle","viewName":"etm.portal.ui.managehandovers.view.DetailExecuteHO","bindingPath":{"path":"","propertyPath":"/layout","modelName":"frontEndModel"}},"interaction":{"idSuffix":"BDI-content"}},"wdio_ui5_key":"etmportal.ui.managehandovers.view.DetailExecuteHOsap.m.Button{\"propertyName\":\"text\",\"key\":\"issue\"}{\"controlType\":\"sap.uxap.ObjectPageDynamicHeaderTitle\",\"viewName\":\"etm.portal.ui.managehandovers.view.DetailExecuteHO\",\"bindingPath\":{\"path\":\"\",\"propertyPath\":\"/layout\",\"modelName\":\"frontEndModel\"}}"}]}
RESULT: undefined
COMMAND: POST /session/2c26340218390abaea45fe4d98ab669b/element - {"using":"xpath","value":"//*[@id=\"__button125\"]"}
RESULT: {"using":"xpath","value":"//*[@id=\"__button125\"]"}
COMMAND: POST /session/2c26340218390abaea45fe4d98ab669b/element/f.17291DB1E67CD9F3C23A369F0CDF7328.d.7C721A7A3ECED782C89069F6CC96244A.e.18074/click - {}
RESULT: {}
COMMAND: GET /session/2c26340218390abaea45fe4d98ab669b/screenshot - {}
RESULT: {}
COMMAND: POST /session/2c26340218390abaea45fe4d98ab669b/element - {"using":"css selector","value":"#shell-header-logo"}
RESULT: {"using":"css selector","value":"#shell-header-logo"}
COMMAND: POST /session/2c26340218390abaea45fe4d98ab669b/element/f.17291DB1E67CD9F3C23A369F0CDF7328.d.7C721A7A3ECED782C89069F6CC96244A.e.17656/click - {}
RESULT: {}
COMMAND: GET /session/2c26340218390abaea45fe4d98ab669b/screenshot - {}
RESULT: {}
COMMAND: POST /session/2c26340218390abaea45fe4d98ab669b/execute/async - {"script":"<script> [1562 bytes]","args":[{"selector":{"controlType":"sap.m.GenericTile","properties":{"header":"Manage Contracts"}},"wdio_ui5_key":"sapm.GenericTile{\"header\":\"Manage Contracts\"}"}]}
RESULT: {"script":"<script> [1562 bytes]","args":[{"selector":{"controlType":"sap.m.GenericTile","properties":{"header":"Manage Contracts"}},"wdio_ui5_key":"sapm.GenericTile{\"header\":\"Manage Contracts\"}"}]}
RESULT: undefined
COMMAND: POST /session/2c26340218390abaea45fe4d98ab669b/element - {"using":"xpath","value":"//*[@id=\"__tile132\"]"}
RESULT: {"using":"xpath","value":"//*[@id=\"__tile132\"]"}
COMMAND: POST /session/2c26340218390abaea45fe4d98ab669b/element/f.17291DB1E67CD9F3C23A369F0CDF7328.d.7C721A7A3ECED782C89069F6CC96244A.e.17092/click - {}
RESULT: undefined
RESULT: undefined
RESULT: {}
COMMAND: GET /session/2c26340218390abaea45fe4d98ab669b/screenshot - {}
RESULT: {}
COMMAND: POST /session/2c26340218390abaea45fe4d98ab669b/execute/async - {"script":"<script> [1562 bytes]","args":[{"selector":{"controlType":"sap.m.SearchField","viewName":"etm.portal.ui.managecontracts.view.Master","bindingPath":{"path":"","propertyPath":"/_BASIC_SEARCH_FIELD","modelName":"fi1t3rM0d31"},"interaction":{"idSuffix":"I"}},"wdio_ui5_key":"etmportal.ui.managecontracts.view.Mastersap.m.SearchField{\"path\":\"\",\"propertyPath\":\"/_BASIC_SEARCH_FIELD\",\"modelName\":\"fi1t3rM0d31\"}"}]}
RESULT: {"script":"<script> [1562 bytes]","args":[{"selector":{"controlType":"sap.m.SearchField","viewName":"etm.portal.ui.managecontracts.view.Master","bindingPath":{"path":"","propertyPath":"/_BASIC_SEARCH_FIELD","modelName":"fi1t3rM0d31"},"interaction":{"idSuffix":"I"}},"wdio_ui5_key":"etmportal.ui.managecontracts.view.Mastersap.m.SearchField{\"path\":\"\",\"propertyPath\":\"/_BASIC_SEARCH_FIELD\",\"modelName\":\"fi1t3rM0d31\"}"}]}
RESULT: undefined
COMMAND: POST /session/2c26340218390abaea45fe4d98ab669b/execute/async - {"script":"<script> [776 bytes]","args":[{"enterText":"10173","selector":{"controlType":"sap.m.SearchField","viewName":"etm.portal.ui.managecontracts.view.Master","bindingPath":{"path":"","propertyPath":"/_BASIC_SEARCH_FIELD","modelName":"fi1t3rM0d31"},"interaction":{"idSuffix":"I"}},"clearTextFirst":true,"interactionType":"ENTER_TEXT"}]}
RESULT: {"script":"<script> [776 bytes]","args":[{"enterText":"10173","selector":{"controlType":"sap.m.SearchField","viewName":"etm.portal.ui.managecontracts.view.Master","bindingPath":{"path":"","propertyPath":"/_BASIC_SEARCH_FIELD","modelName":"fi1t3rM0d31"},"interaction":{"idSuffix":"I"}},"clearTextFirst":true,"interactionType":"ENTER_TEXT"}]}
COMMAND: POST /session/2c26340218390abaea45fe4d98ab669b/actions - {"actions":[{"id":"action52","type":"key","parameters":{},"actions":[{"type":"keyDown","value":""},{"type":"pause","duration":10},{"type":"keyUp","value":""}]}]}
RESULT: {"actions":[{"id":"action52","type":"key","parameters":{},"actions":[{"type":"keyDown","value":""},{"type":"pause","duration":10},{"type":"keyUp","value":""}]}]}
COMMAND: GET /session/2c26340218390abaea45fe4d98ab669b/screenshot - {}
RESULT: {}
COMMAND: POST /session/2c26340218390abaea45fe4d98ab669b/execute/async - {"script":"<script> [1562 bytes]","args":[{"selector":{"controlType":"sap.ui.core.Icon","viewName":"etm.portal.ui.managecontracts.view.Master","properties":{"src":{"regex":{"source":"slim\\-arrow\\-right"}}}},"wdio_ui5_key":"etmportal.ui.managecontracts.view.Mastersap.ui.core.Icon{\"src\":{\"regex\":{\"source\":\"slim\\\\-arrow\\\\-right\"}}}"}]}
RESULT: {"script":"<script> [1562 bytes]","args":[{"selector":{"controlType":"sap.ui.core.Icon","viewName":"etm.portal.ui.managecontracts.view.Master","properties":{"src":{"regex":{"source":"slim\\-arrow\\-right"}}}},"wdio_ui5_key":"etmportal.ui.managecontracts.view.Mastersap.ui.core.Icon{\"src\":{\"regex\":{\"source\":\"slim\\\\-arrow\\\\-right\"}}}"}]}
RESULT: undefined
COMMAND: POST /session/2c26340218390abaea45fe4d98ab669b/element - {"using":"xpath","value":"//*[@id=\"__item1047-__clone2648-imgNav\"]"}
RESULT: {"using":"xpath","value":"//*[@id=\"__item1047-__clone2648-imgNav\"]"}
COMMAND: POST /session/2c26340218390abaea45fe4d98ab669b/element/f.17291DB1E67CD9F3C23A369F0CDF7328.d.7C721A7A3ECED782C89069F6CC96244A.e.18351/click - {}
RESULT: {}
COMMAND: GET /session/2c26340218390abaea45fe4d98ab669b/screenshot - {}
COMMAND: POST /session/2c26340218390abaea45fe4d98ab669b/execute/async - {"script":"<script> [1562 bytes]","args":[{"selector":{"controlType":"sap.m.ObjectStatus","viewName":"etm.portal.ui.managecontracts.view.Detail","bindingPath":{"path":"/SmartContractItems(CONTRACT='10173',ITEM=10m,SUB_ITEM=0m)","propertyPath":"STATUS"}},"wdio_ui5_key":"etmportal.ui.managecontracts.view.Detailsap.m.ObjectStatus{\"path\":\"/SmartContractItems(CONTRACT='10173',ITEM=10m,SUB_ITEM=0m)\",\"propertyPath\":\"STATUS\"}"}]}
RESULT: {}
RESULT: {"script":"<script> [1562 bytes]","args":[{"selector":{"controlType":"sap.m.ObjectStatus","viewName":"etm.portal.ui.managecontracts.view.Detail","bindingPath":{"path":"/SmartContractItems(CONTRACT='10173',ITEM=10m,SUB_ITEM=0m)","propertyPath":"STATUS"}},"wdio_ui5_key":"etmportal.ui.managecontracts.view.Detailsap.m.ObjectStatus{\"path\":\"/SmartContractItems(CONTRACT='10173',ITEM=10m,SUB_ITEM=0m)\",\"propertyPath\":\"STATUS\"}"}]}
RESULT: undefined
COMMAND: POST /session/2c26340218390abaea45fe4d98ab669b/execute/async - {"script":"<script> [6424 bytes]","args":[{"element-6066-11e4-a52e-4f735466cecf":"f.17291DB1E67CD9F3C23A369F0CDF7328.d.7C721A7A3ECED782C89069F6CC96244A.e.18500"},"getText",[]]}
RESULT: {"script":"<script> [6424 bytes]","args":[{"element-6066-11e4-a52e-4f735466cecf":"f.17291DB1E67CD9F3C23A369F0CDF7328.d.7C721A7A3ECED782C89069F6CC96244A.e.18500"},"getText",[]]}
COMMAND: POST /session/2c26340218390abaea45fe4d98ab669b/element - {"using":"css selector","value":"#j_username"}
COMMAND: POST /session/2c26340218390abaea45fe4d98ab669b/url - {"url":"https://qa-testing-00-live-etm-ui.cfapps.eu10-004.hana.ondemand.com/"}
RESULT: {"using":"css selector","value":"#j_username"}
COMMAND: POST /session/2c26340218390abaea45fe4d98ab669b/element - {"using":"css selector","value":"#j_username"}
RESULT: {"url":"https://qa-testing-00-live-etm-ui.cfapps.eu10-004.hana.ondemand.com/"}
RESULT: undefined
COMMAND: GET /session/2c26340218390abaea45fe4d98ab669b/screenshot - {}
RESULT: {"using":"css selector","value":"#j_username"}
COMMAND: POST /session/2c26340218390abaea45fe4d98ab669b/element - {"using":"css selector","value":"#shell-header-logo"}
RESULT: {}
RESULT: {"using":"css selector","value":"#shell-header-logo"}
COMMAND: POST /session/2c26340218390abaea45fe4d98ab669b/execute/sync - {"script":"<script> [8489 bytes]","args":[{"element-6066-11e4-a52e-4f735466cecf":"f.17291DB1E67CD9F3C23A369F0CDF7328.d.843C490F2DF9066A519FC1F65B99CD4F.e.18512","ELEMENT":"f.17291DB1E67CD9F3C23A369F0CDF7328.d.843C490F2DF9066A519FC1F65B99CD4F.e.18512"}]}
RESULT: {"script":"<script> [8489 bytes]","args":[{"element-6066-11e4-a52e-4f735466cecf":"f.17291DB1E67CD9F3C23A369F0CDF7328.d.843C490F2DF9066A519FC1F65B99CD4F.e.18512","ELEMENT":"f.17291DB1E67CD9F3C23A369F0CDF7328.d.843C490F2DF9066A519FC1F65B99CD4F.e.18512"}]}
COMMAND: POST /session/2c26340218390abaea45fe4d98ab669b/element - {"using":"css selector","value":"#shell-header-logo"}
COMMAND: GET /session/2c26340218390abaea45fe4d98ab669b/screenshot - {}
RESULT: {"using":"css selector","value":"#shell-header-logo"}
COMMAND: POST /session/2c26340218390abaea45fe4d98ab669b/execute/sync - {"script":"<script> [8489 bytes]","args":[{"element-6066-11e4-a52e-4f735466cecf":"f.17291DB1E67CD9F3C23A369F0CDF7328.d.843C490F2DF9066A519FC1F65B99CD4F.e.18512","ELEMENT":"f.17291DB1E67CD9F3C23A369F0CDF7328.d.843C490F2DF9066A519FC1F65B99CD4F.e.18512"}]}
RESULT: {}
RESULT: {"script":"<script> [8489 bytes]","args":[{"element-6066-11e4-a52e-4f735466cecf":"f.17291DB1E67CD9F3C23A369F0CDF7328.d.843C490F2DF9066A519FC1F65B99CD4F.e.18512","ELEMENT":"f.17291DB1E67CD9F3C23A369F0CDF7328.d.843C490F2DF9066A519FC1F65B99CD4F.e.18512"}]}
COMMAND: POST /session/2c26340218390abaea45fe4d98ab669b/execute/sync - {"script":"<script> [5351 bytes]","args":[{"element-6066-11e4-a52e-4f735466cecf":"f.17291DB1E67CD9F3C23A369F0CDF7328.d.843C490F2DF9066A519FC1F65B99CD4F.e.18512","ELEMENT":"f.17291DB1E67CD9F3C23A369F0CDF7328.d.843C490F2DF9066A519FC1F65B99CD4F.e.18512"}]}
COMMAND: GET /session/2c26340218390abaea45fe4d98ab669b/screenshot - {}
RESULT: {"script":"<script> [5351 bytes]","args":[{"element-6066-11e4-a52e-4f735466cecf":"f.17291DB1E67CD9F3C23A369F0CDF7328.d.843C490F2DF9066A519FC1F65B99CD4F.e.18512","ELEMENT":"f.17291DB1E67CD9F3C23A369F0CDF7328.d.843C490F2DF9066A519FC1F65B99CD4F.e.18512"}]}
COMMAND: POST /session/2c26340218390abaea45fe4d98ab669b/element - {"using":"css selector","value":"#shell-header-logo"}
COMMAND: GET /session/2c26340218390abaea45fe4d98ab669b/screenshot - {}
RESULT: {}
RESULT: {"using":"css selector","value":"#shell-header-logo"}
COMMAND: POST /session/2c26340218390abaea45fe4d98ab669b/element/f.17291DB1E67CD9F3C23A369F0CDF7328.d.843C490F2DF9066A519FC1F65B99CD4F.e.18512/click - {}
RESULT: {}
RESULT: {}
COMMAND: GET /session/2c26340218390abaea45fe4d98ab669b/screenshot - {}
RESULT: {}
COMMAND: POST /session/2c26340218390abaea45fe4d98ab669b/execute/async - {"script":"<script> [189 bytes]","args":[]}
RESULT: {"script":"<script> [189 bytes]","args":[]}
COMMAND: POST /session/2c26340218390abaea45fe4d98ab669b/execute/async - {"script":"<script> [123 bytes]","args":[]}
RESULT: {"script":"<script> [123 bytes]","args":[]}
COMMAND: POST /session/2c26340218390abaea45fe4d98ab669b/timeouts - {"script":"<number>"}
RESULT: {"script":"<number>"}
COMMAND: GET /session/2c26340218390abaea45fe4d98ab669b/timeouts - {}
RESULT: {}
RESULT: undefined
COMMAND: POST /session/2c26340218390abaea45fe4d98ab669b/execute/async - {"script":"<script> [2676 bytes]","args":[]}
RESULT: {"script":"<script> [2676 bytes]","args":[]}
COMMAND: POST /session/2c26340218390abaea45fe4d98ab669b/execute/async - {"script":"<script> [2342 bytes]","args":[{"protocol":"http","hostname":"0.0.0.0","path":"/","capabilities":{"browserName":"chrome","goog:chromeOptions":{"binary":"C:\\Program Files\\Google\\Chrome\\Application\\chrome.exe"}},"logLevel":"warn","connectionRetryTimeout":120000,"connectionRetryCount":3,"logLevels":{},"enableDirectConnect":true,"strictSSL":true,"_":"65 more keys: [\"cacheDir\",\"port\",\"requestedCapabilities\",\"automationProtocol\",\"baseUrl\",\"waitforInterval\",\"waitforTimeout\",\"onReload\",\"beforeCommand\",\"afterCommand\",\"rootDir\",\"specs\",\"suites\",\"exclude\",\"groupLogsByTestSpec\",\"excludeDriverLogs\",\"bail\",\"framework\",\"reporters\",\"services\",\"maxInstances\",\"maxInstancesPerCapability\",\"injectGlobals\",\"filesToWatch\",\"execArgv\",\"runnerEnv\",\"runner\",\"shard\",\"specFileRetries\",\"specFileRetriesDelay\",\"specFileRetriesDeferred\",\"reporterSyncInterval\",\"reporterSyncTimeout\",\"cucumberFeaturesWithLineNumbers\",\"autoCompileOpts\",\"mochaOpts\",\"jasmineOpts\",\"cucumberOpts\",\"onPrepare\",\"onWorkerStart\",\"onWorkerEnd\",\"before\",\"beforeSession\",\"beforeSuite\",\"beforeHook\",\"beforeTest\",\"afterTest\",\"afterHook\",\"afterSuite\",\"afterSession\",\"after\",\"onComplete\",\"beforeAssertion\",\"afterAssertion\",\"beforeFeature\",\"beforeScenario\",\"beforeStep\",\"afterStep\",\"afterScenario\",\"afterFeature\",\"_\",\"suite\",\"$0\",\"ignoredWorkerServices\",\"wdi5\"]"}]}
RESULT: {"script":"<script> [2342 bytes]","args":[{"protocol":"http","hostname":"0.0.0.0","path":"/","capabilities":{"browserName":"chrome","goog:chromeOptions":{"binary":"C:\\Program Files\\Google\\Chrome\\Application\\chrome.exe"}},"logLevel":"warn","connectionRetryTimeout":120000,"connectionRetryCount":3,"logLevels":{},"enableDirectConnect":true,"strictSSL":true,"_":"65 more keys: [\"cacheDir\",\"port\",\"requestedCapabilities\",\"automationProtocol\",\"baseUrl\",\"waitforInterval\",\"waitforTimeout\",\"onReload\",\"beforeCommand\",\"afterCommand\",\"rootDir\",\"specs\",\"suites\",\"exclude\",\"groupLogsByTestSpec\",\"excludeDriverLogs\",\"bail\",\"framework\",\"reporters\",\"services\",\"maxInstances\",\"maxInstancesPerCapability\",\"injectGlobals\",\"filesToWatch\",\"execArgv\",\"runnerEnv\",\"runner\",\"shard\",\"specFileRetries\",\"specFileRetriesDelay\",\"specFileRetriesDeferred\",\"reporterSyncInterval\",\"reporterSyncTimeout\",\"cucumberFeaturesWithLineNumbers\",\"autoCompileOpts\",\"mochaOpts\",\"jasmineOpts\",\"cucumberOpts\",\"onPrepare\",\"onWorkerStart\",\"onWorkerEnd\",\"before\",\"beforeSession\",\"beforeSuite\",\"beforeHook\",\"beforeTest\",\"afterTest\",\"afterHook\",\"afterSuite\",\"afterSession\",\"after\",\"onComplete\",\"beforeAssertion\",\"afterAssertion\",\"beforeFeature\",\"beforeScenario\",\"beforeStep\",\"afterStep\",\"afterScenario\",\"afterFeature\",\"_\",\"suite\",\"$0\",\"ignoredWorkerServices\",\"wdi5\"]"}]}
COMMAND: POST /session/2c26340218390abaea45fe4d98ab669b/execute/async - {"script":"<script> [21126 bytes]","args":[35000]}
RESULT: {"script":"<script> [21126 bytes]","args":[35000]}
COMMAND: POST /session/2c26340218390abaea45fe4d98ab669b/window/maximize - {}
RESULT: {}
COMMAND: POST /session/2c26340218390abaea45fe4d98ab669b/execute/async - {"script":"<script> [1562 bytes]","args":[{"selector":{"id":"shell-header","interaction":{"idSuffix":"icon"}},"wdio_ui5_key":"shellheader"}]}
COMMAND: GET /session/2c26340218390abaea45fe4d98ab669b/screenshot - {}
RESULT: {"script":"<script> [1562 bytes]","args":[{"selector":{"id":"shell-header","interaction":{"idSuffix":"icon"}},"wdio_ui5_key":"shellheader"}]}
RESULT: undefined
RESULT: {}
]]></system-out>
    </testcase>
  </testsuite>
  <testsuite timestamp="2025-04-13T16:07:34" time="184.931" tests="1" failures="0" errors="0" skipped="0">
    <properties>
      <property name="specId" value="0"/>
      <property name="suiteName" value="Create masterdata for Yard Overview - trigger provide US130988"/>
      <property name="capabilities" value="chrome.135_0_7049_42.windows"/>
      <property name="file" value="file:///D:/a/1/s/test/specs/R2C/site-overview-return.spec.js"/>
    </properties>
    <testcase classname="chrome.135_0_7049_42.windows.Create_masterdata_for_Yard_Overview_-_trigger_provide_US130988" name="Should navigate to site overview and trigger return" time="163.336">
      <system-out><![CDATA[
COMMAND: POST /session/2c26340218390abaea45fe4d98ab669b/execute/async - {"script":"<script> [1562 bytes]","args":[{"selector":{"controlType":"sap.m.GenericTile","properties":{"header":"Site Overview"}},"wdio_ui5_key":"sapm.GenericTile{\"header\":\"Site Overview\"}"}]}
RESULT: {"script":"<script> [1562 bytes]","args":[{"selector":{"controlType":"sap.m.GenericTile","properties":{"header":"Site Overview"}},"wdio_ui5_key":"sapm.GenericTile{\"header\":\"Site Overview\"}"}]}
RESULT: undefined
COMMAND: POST /session/2c26340218390abaea45fe4d98ab669b/element - {"using":"xpath","value":"//*[@id=\"__tile100\"]"}
RESULT: {"using":"xpath","value":"//*[@id=\"__tile100\"]"}
COMMAND: POST /session/2c26340218390abaea45fe4d98ab669b/element/f.17291DB1E67CD9F3C23A369F0CDF7328.d.843C490F2DF9066A519FC1F65B99CD4F.e.18521/click - {}
RESULT: {}
COMMAND: GET /session/2c26340218390abaea45fe4d98ab669b/screenshot - {}
RESULT: {}
COMMAND: POST /session/2c26340218390abaea45fe4d98ab669b/execute/async - {"script":"<script> [1562 bytes]","args":[{"selector":{"id":"application-siteinventory-display-component---masterSiteInventory--smartFilterBar-btnBasicSearch","interaction":{"idSuffix":"I"}},"wdio_ui5_key":"applicationsiteinventory-display-component---masterSiteInventory--smartFilterBar-btnBasicSearch"}]}
RESULT: {"script":"<script> [1562 bytes]","args":[{"selector":{"id":"application-siteinventory-display-component---masterSiteInventory--smartFilterBar-btnBasicSearch","interaction":{"idSuffix":"I"}},"wdio_ui5_key":"applicationsiteinventory-display-component---masterSiteInventory--smartFilterBar-btnBasicSearch"}]}
RESULT: undefined
COMMAND: POST /session/2c26340218390abaea45fe4d98ab669b/execute/async - {"script":"<script> [776 bytes]","args":[{"enterText":"WebdriverSitesasdlj","selector":{"id":"application-siteinventory-display-component---masterSiteInventory--smartFilterBar-btnBasicSearch","interaction":{"idSuffix":"I"}},"clearTextFirst":true,"interactionType":"ENTER_TEXT"}]}
RESULT: {"script":"<script> [776 bytes]","args":[{"enterText":"WebdriverSitesasdlj","selector":{"id":"application-siteinventory-display-component---masterSiteInventory--smartFilterBar-btnBasicSearch","interaction":{"idSuffix":"I"}},"clearTextFirst":true,"interactionType":"ENTER_TEXT"}]}
COMMAND: POST /session/2c26340218390abaea45fe4d98ab669b/execute/async - {"script":"<script> [1562 bytes]","args":[{"selector":{"controlType":"sap.ui.core.Icon","viewName":"etm.portal.ui.siteinventory.view.Master","viewId":"application-siteinventory-display-component---masterSiteInventory","properties":{"src":{"regex":{"source":"slim\\-arrow\\-right"}}}},"wdio_ui5_key":"etmportal.ui.siteinventory.view.Mastersap.ui.core.Icon{\"src\":{\"regex\":{\"source\":\"slim\\\\-arrow\\\\-right\"}}}"}]}
RESULT: {"script":"<script> [1562 bytes]","args":[{"selector":{"controlType":"sap.ui.core.Icon","viewName":"etm.portal.ui.siteinventory.view.Master","viewId":"application-siteinventory-display-component---masterSiteInventory","properties":{"src":{"regex":{"source":"slim\\-arrow\\-right"}}}},"wdio_ui5_key":"etmportal.ui.siteinventory.view.Mastersap.ui.core.Icon{\"src\":{\"regex\":{\"source\":\"slim\\\\-arrow\\\\-right\"}}}"}]}
RESULT: undefined
COMMAND: POST /session/2c26340218390abaea45fe4d98ab669b/element - {"using":"xpath","value":"//*[@id=\"__item20-__clone98-imgNav\"]"}
RESULT: {"using":"xpath","value":"//*[@id=\"__item20-__clone98-imgNav\"]"}
COMMAND: POST /session/2c26340218390abaea45fe4d98ab669b/element/f.17291DB1E67CD9F3C23A369F0CDF7328.d.843C490F2DF9066A519FC1F65B99CD4F.e.18643/click - {}
RESULT: {}
COMMAND: GET /session/2c26340218390abaea45fe4d98ab669b/screenshot - {}
RESULT: {}
COMMAND: POST /session/2c26340218390abaea45fe4d98ab669b/execute/async - {"script":"<script> [1562 bytes]","args":[{"selector":{"id":"application-siteinventory-display-component---detailSiteInventory--onSite-triggerAction-returnBtn","interaction":{"idSuffix":"BDI-content"}},"wdio_ui5_key":"applicationsiteinventory-display-component---detailSiteInventory--onSite-triggerAction-returnBtn"}]}
RESULT: {"script":"<script> [1562 bytes]","args":[{"selector":{"id":"application-siteinventory-display-component---detailSiteInventory--onSite-triggerAction-returnBtn","interaction":{"idSuffix":"BDI-content"}},"wdio_ui5_key":"applicationsiteinventory-display-component---detailSiteInventory--onSite-triggerAction-returnBtn"}]}
RESULT: undefined
COMMAND: POST /session/2c26340218390abaea45fe4d98ab669b/element - {"using":"xpath","value":"//*[@id=\"application-siteinventory-display-component---detailSiteInventory--onSite-triggerAction-returnBtn\"]"}
RESULT: {"using":"xpath","value":"//*[@id=\"application-siteinventory-display-component---detailSiteInventory--onSite-triggerAction-returnBtn\"]"}
COMMAND: POST /session/2c26340218390abaea45fe4d98ab669b/element/f.17291DB1E67CD9F3C23A369F0CDF7328.d.843C490F2DF9066A519FC1F65B99CD4F.e.18730/click - {}
RESULT: {}
COMMAND: POST /session/2c26340218390abaea45fe4d98ab669b/execute/async - {"script":"<script> [1562 bytes]","args":[{"selector":{"id":"application-siteinventory-display-component---detailSiteInventory--smartSiteHoItemsTable-sa","interaction":{"idSuffix":"CbBg"}},"wdio_ui5_key":"applicationsiteinventory-display-component---detailSiteInventory--smartSiteHoItemsTable-sa"}]}
COMMAND: GET /session/2c26340218390abaea45fe4d98ab669b/screenshot - {}
RESULT: {"script":"<script> [1562 bytes]","args":[{"selector":{"id":"application-siteinventory-display-component---detailSiteInventory--smartSiteHoItemsTable-sa","interaction":{"idSuffix":"CbBg"}},"wdio_ui5_key":"applicationsiteinventory-display-component---detailSiteInventory--smartSiteHoItemsTable-sa"}]}
RESULT: undefined
COMMAND: POST /session/2c26340218390abaea45fe4d98ab669b/element - {"using":"xpath","value":"//*[@id=\"application-siteinventory-display-component---detailSiteInventory--smartSiteHoItemsTable-sa\"]"}
RESULT: {}
RESULT: {"using":"xpath","value":"//*[@id=\"application-siteinventory-display-component---detailSiteInventory--smartSiteHoItemsTable-sa\"]"}
COMMAND: POST /session/2c26340218390abaea45fe4d98ab669b/element/f.17291DB1E67CD9F3C23A369F0CDF7328.d.843C490F2DF9066A519FC1F65B99CD4F.e.18758/click - {}
RESULT: {}
RESULT: undefined
COMMAND: POST /session/2c26340218390abaea45fe4d98ab669b/element - {"using":"xpath","value":"//*[@id=\"application-siteinventory-display-component---detailSiteInventory--onSite-triggerAction-returnBtn\"]"}
COMMAND: GET /session/2c26340218390abaea45fe4d98ab669b/screenshot - {}
RESULT: {"using":"xpath","value":"//*[@id=\"application-siteinventory-display-component---detailSiteInventory--onSite-triggerAction-returnBtn\"]"}
COMMAND: POST /session/2c26340218390abaea45fe4d98ab669b/element/f.17291DB1E67CD9F3C23A369F0CDF7328.d.843C490F2DF9066A519FC1F65B99CD4F.e.18730/click - {}
RESULT: {}
RESULT: {}
COMMAND: GET /session/2c26340218390abaea45fe4d98ab669b/screenshot - {}
RESULT: {}
COMMAND: POST /session/2c26340218390abaea45fe4d98ab669b/actions - {"actions":[{"id":"action53","type":"key","parameters":{},"actions":[{"type":"keyDown","value":""},{"type":"pause","duration":10},{"type":"keyUp","value":""}]}]}
RESULT: {"actions":[{"id":"action53","type":"key","parameters":{},"actions":[{"type":"keyDown","value":""},{"type":"pause","duration":10},{"type":"keyUp","value":""}]}]}
COMMAND: GET /session/2c26340218390abaea45fe4d98ab669b/screenshot - {}
RESULT: {}
COMMAND: POST /session/2c26340218390abaea45fe4d98ab669b/execute/async - {"script":"<script> [1562 bytes]","args":[{"selector":{"id":"application-siteinventory-display-component---detailSiteInventory--hoItemsSmartTable-btnPersonalisation-img"},"wdio_ui5_key":"applicationsiteinventory-display-component---detailSiteInventory--hoItemsSmartTable-btnPersonalisation-img"}]}
RESULT: {"script":"<script> [1562 bytes]","args":[{"selector":{"id":"application-siteinventory-display-component---detailSiteInventory--hoItemsSmartTable-btnPersonalisation-img"},"wdio_ui5_key":"applicationsiteinventory-display-component---detailSiteInventory--hoItemsSmartTable-btnPersonalisation-img"}]}
RESULT: undefined
COMMAND: POST /session/2c26340218390abaea45fe4d98ab669b/element - {"using":"xpath","value":"//*[@id=\"application-siteinventory-display-component---detailSiteInventory--hoItemsSmartTable-btnPersonalisation-img\"]"}
RESULT: {"using":"xpath","value":"//*[@id=\"application-siteinventory-display-component---detailSiteInventory--hoItemsSmartTable-btnPersonalisation-img\"]"}
COMMAND: POST /session/2c26340218390abaea45fe4d98ab669b/element/f.17291DB1E67CD9F3C23A369F0CDF7328.d.843C490F2DF9066A519FC1F65B99CD4F.e.18763/click - {}
RESULT: {}
COMMAND: POST /session/2c26340218390abaea45fe4d98ab669b/element - {"using":"xpath","value":"//input[contains(@id ,\"searchField-I\")]"}
COMMAND: GET /session/2c26340218390abaea45fe4d98ab669b/screenshot - {}
RESULT: {"using":"xpath","value":"//input[contains(@id ,\"searchField-I\")]"}
COMMAND: POST /session/2c26340218390abaea45fe4d98ab669b/element/f.17291DB1E67CD9F3C23A369F0CDF7328.d.843C490F2DF9066A519FC1F65B99CD4F.e.18766/clear - {}
RESULT: {}
RESULT: {}
COMMAND: POST /session/2c26340218390abaea45fe4d98ab669b/element/f.17291DB1E67CD9F3C23A369F0CDF7328.d.843C490F2DF9066A519FC1F65B99CD4F.e.18766/value - {"text":"Handover Returned"}
COMMAND: GET /session/2c26340218390abaea45fe4d98ab669b/screenshot - {}
RESULT: {"text":"Handover Returned"}
COMMAND: GET /session/2c26340218390abaea45fe4d98ab669b/screenshot - {}
RESULT: {}
RESULT: {}
COMMAND: POST /session/2c26340218390abaea45fe4d98ab669b/element - {"using":"xpath","value":"//div[contains(@id ,\"innerSelectionPanelTable-sa-CbBg\")]"}
RESULT: {"using":"xpath","value":"//div[contains(@id ,\"innerSelectionPanelTable-sa-CbBg\")]"}
COMMAND: POST /session/2c26340218390abaea45fe4d98ab669b/element/f.17291DB1E67CD9F3C23A369F0CDF7328.d.843C490F2DF9066A519FC1F65B99CD4F.e.18799/click - {}
RESULT: {}
COMMAND: POST /session/2c26340218390abaea45fe4d98ab669b/execute/async - {"script":"<script> [1562 bytes]","args":[{"selector":{"controlType":"sap.m.Button","viewName":"etm.portal.ui.siteinventory.view.Detail","viewId":"application-siteinventory-display-component---detailSiteInventory","properties":{"text":"OK"},"searchOpenDialogs":true,"interaction":{"idSuffix":"BDI-content"}},"wdio_ui5_key":"etmportal.ui.siteinventory.view.Detailsap.m.Button{\"text\":\"OK\"}"}]}
COMMAND: GET /session/2c26340218390abaea45fe4d98ab669b/screenshot - {}
RESULT: {"script":"<script> [1562 bytes]","args":[{"selector":{"controlType":"sap.m.Button","viewName":"etm.portal.ui.siteinventory.view.Detail","viewId":"application-siteinventory-display-component---detailSiteInventory","properties":{"text":"OK"},"searchOpenDialogs":true,"interaction":{"idSuffix":"BDI-content"}},"wdio_ui5_key":"etmportal.ui.siteinventory.view.Detailsap.m.Button{\"text\":\"OK\"}"}]}
RESULT: undefined
COMMAND: POST /session/2c26340218390abaea45fe4d98ab669b/element - {"using":"xpath","value":"//*[@id=\"__popup40-confirmBtn\"]"}
RESULT: {}
RESULT: {"using":"xpath","value":"//*[@id=\"__popup40-confirmBtn\"]"}
COMMAND: POST /session/2c26340218390abaea45fe4d98ab669b/element/f.17291DB1E67CD9F3C23A369F0CDF7328.d.843C490F2DF9066A519FC1F65B99CD4F.e.18801/click - {}
RESULT: {}
COMMAND: GET /session/2c26340218390abaea45fe4d98ab669b/screenshot - {}
RESULT: {}
COMMAND: POST /session/2c26340218390abaea45fe4d98ab669b/element - {"using":"css selector","value":"#shell-header-logo"}
RESULT: {"using":"css selector","value":"#shell-header-logo"}
COMMAND: POST /session/2c26340218390abaea45fe4d98ab669b/element/f.17291DB1E67CD9F3C23A369F0CDF7328.d.843C490F2DF9066A519FC1F65B99CD4F.e.18512/click - {}
RESULT: {}
COMMAND: GET /session/2c26340218390abaea45fe4d98ab669b/screenshot - {}
RESULT: {}
COMMAND: POST /session/2c26340218390abaea45fe4d98ab669b/execute/async - {"script":"<script> [1562 bytes]","args":[{"selector":{"controlType":"sap.m.GenericTile","properties":{"header":"Manage Handovers"}},"wdio_ui5_key":"sapm.GenericTile{\"header\":\"Manage Handovers\"}"}]}
RESULT: {"script":"<script> [1562 bytes]","args":[{"selector":{"controlType":"sap.m.GenericTile","properties":{"header":"Manage Handovers"}},"wdio_ui5_key":"sapm.GenericTile{\"header\":\"Manage Handovers\"}"}]}
RESULT: undefined
COMMAND: POST /session/2c26340218390abaea45fe4d98ab669b/element - {"using":"xpath","value":"//*[@id=\"__tile133\"]"}
RESULT: {"using":"xpath","value":"//*[@id=\"__tile133\"]"}
COMMAND: POST /session/2c26340218390abaea45fe4d98ab669b/element/f.17291DB1E67CD9F3C23A369F0CDF7328.d.843C490F2DF9066A519FC1F65B99CD4F.e.18817/click - {}
RESULT: {}
COMMAND: GET /session/2c26340218390abaea45fe4d98ab669b/screenshot - {}
RESULT: {}
COMMAND: POST /session/2c26340218390abaea45fe4d98ab669b/execute/async - {"script":"<script> [1562 bytes]","args":[{"selector":{"controlType":"sap.ui.core.Icon","viewName":"etm.portal.ui.managehandovers.view.MasterHO","properties":{"src":{"regex":{"source":"value\\-help"}}},"ancestor":{"controlType":"sap.ui.comp.smartfilterbar.SFBMultiInput","viewName":"etm.portal.ui.managehandovers.view.MasterHO","labelFor":{"text":"Sending Contract"}}},"wdio_ui5_key":"etmportal.ui.managehandovers.view.MasterHOsap.ui.core.Icon{\"src\":{\"regex\":{\"source\":\"value\\\\-help\"}}}{\"controlType\":\"sap.ui.comp.smartfilterbar.SFBMultiInput\",\"viewName\":\"etm.portal.ui.managehandovers.view.MasterHO\",\"labelFor\":{\"text\":\"Sending Contract\"}}"}]}
RESULT: {"script":"<script> [1562 bytes]","args":[{"selector":{"controlType":"sap.ui.core.Icon","viewName":"etm.portal.ui.managehandovers.view.MasterHO","properties":{"src":{"regex":{"source":"value\\-help"}}},"ancestor":{"controlType":"sap.ui.comp.smartfilterbar.SFBMultiInput","viewName":"etm.portal.ui.managehandovers.view.MasterHO","labelFor":{"text":"Sending Contract"}}},"wdio_ui5_key":"etmportal.ui.managehandovers.view.MasterHOsap.ui.core.Icon{\"src\":{\"regex\":{\"source\":\"value\\\\-help\"}}}{\"controlType\":\"sap.ui.comp.smartfilterbar.SFBMultiInput\",\"viewName\":\"etm.portal.ui.managehandovers.view.MasterHO\",\"labelFor\":{\"text\":\"Sending Contract\"}}"}]}
RESULT: undefined
COMMAND: POST /session/2c26340218390abaea45fe4d98ab669b/element - {"using":"xpath","value":"//*[@id=\"__xmlview58--smartFilterBar-filterItemControl_BASIC-SEND_CONTRACT-vhi\"]"}
RESULT: {"using":"xpath","value":"//*[@id=\"__xmlview58--smartFilterBar-filterItemControl_BASIC-SEND_CONTRACT-vhi\"]"}
COMMAND: POST /session/2c26340218390abaea45fe4d98ab669b/element/f.17291DB1E67CD9F3C23A369F0CDF7328.d.843C490F2DF9066A519FC1F65B99CD4F.e.18886/click - {}
RESULT: {}
COMMAND: GET /session/2c26340218390abaea45fe4d98ab669b/screenshot - {}
RESULT: {}
COMMAND: POST /session/2c26340218390abaea45fe4d98ab669b/execute/async - {"script":"<script> [1562 bytes]","args":[{"selector":{"controlType":"sap.m.SearchField","viewName":"etm.portal.ui.managehandovers.view.MasterHO","bindingPath":{"path":"","propertyPath":"/_BASIC_SEARCH_FIELD","modelName":"fi1t3rM0d31"},"searchOpenDialogs":true,"interaction":{"idSuffix":"I"}},"wdio_ui5_key":"etmportal.ui.managehandovers.view.MasterHOsap.m.SearchField{\"path\":\"\",\"propertyPath\":\"/_BASIC_SEARCH_FIELD\",\"modelName\":\"fi1t3rM0d31\"}"}]}
RESULT: {"script":"<script> [1562 bytes]","args":[{"selector":{"controlType":"sap.m.SearchField","viewName":"etm.portal.ui.managehandovers.view.MasterHO","bindingPath":{"path":"","propertyPath":"/_BASIC_SEARCH_FIELD","modelName":"fi1t3rM0d31"},"searchOpenDialogs":true,"interaction":{"idSuffix":"I"}},"wdio_ui5_key":"etmportal.ui.managehandovers.view.MasterHOsap.m.SearchField{\"path\":\"\",\"propertyPath\":\"/_BASIC_SEARCH_FIELD\",\"modelName\":\"fi1t3rM0d31\"}"}]}
RESULT: undefined
COMMAND: POST /session/2c26340218390abaea45fe4d98ab669b/execute/async - {"script":"<script> [776 bytes]","args":[{"enterText":"10173","selector":{"controlType":"sap.m.SearchField","viewName":"etm.portal.ui.managehandovers.view.MasterHO","bindingPath":{"path":"","propertyPath":"/_BASIC_SEARCH_FIELD","modelName":"fi1t3rM0d31"},"searchOpenDialogs":true,"interaction":{"idSuffix":"I"}},"clearTextFirst":true,"interactionType":"ENTER_TEXT"}]}
RESULT: {"script":"<script> [776 bytes]","args":[{"enterText":"10173","selector":{"controlType":"sap.m.SearchField","viewName":"etm.portal.ui.managehandovers.view.MasterHO","bindingPath":{"path":"","propertyPath":"/_BASIC_SEARCH_FIELD","modelName":"fi1t3rM0d31"},"searchOpenDialogs":true,"interaction":{"idSuffix":"I"}},"clearTextFirst":true,"interactionType":"ENTER_TEXT"}]}
COMMAND: POST /session/2c26340218390abaea45fe4d98ab669b/actions - {"actions":[{"id":"action54","type":"key","parameters":{},"actions":[{"type":"keyDown","value":""},{"type":"pause","duration":10},{"type":"keyUp","value":""}]}]}
RESULT: {"actions":[{"id":"action54","type":"key","parameters":{},"actions":[{"type":"keyDown","value":""},{"type":"pause","duration":10},{"type":"keyUp","value":""}]}]}
COMMAND: GET /session/2c26340218390abaea45fe4d98ab669b/screenshot - {}
RESULT: {}
COMMAND: POST /session/2c26340218390abaea45fe4d98ab669b/element - {"using":"xpath","value":"//div[contains(@id ,\"smartFilterBar-filterItemControl_BASIC-SEND_CONTRACT-valueHelpDialog-table-rowsel0\")]"}
RESULT: {"using":"xpath","value":"//div[contains(@id ,\"smartFilterBar-filterItemControl_BASIC-SEND_CONTRACT-valueHelpDialog-table-rowsel0\")]"}
COMMAND: POST /session/2c26340218390abaea45fe4d98ab669b/element/f.17291DB1E67CD9F3C23A369F0CDF7328.d.843C490F2DF9066A519FC1F65B99CD4F.e.18896/click - {}
RESULT: {}
COMMAND: GET /session/2c26340218390abaea45fe4d98ab669b/screenshot - {}
RESULT: {}
COMMAND: POST /session/2c26340218390abaea45fe4d98ab669b/execute/async - {"script":"<script> [1562 bytes]","args":[{"selector":{"controlType":"sap.m.Button","viewName":"etm.portal.ui.managehandovers.view.MasterHO","properties":{"text":"OK"},"searchOpenDialogs":true,"interaction":{"idSuffix":"BDI-content"}},"wdio_ui5_key":"etmportal.ui.managehandovers.view.MasterHOsap.m.Button{\"text\":\"OK\"}"}]}
RESULT: {"script":"<script> [1562 bytes]","args":[{"selector":{"controlType":"sap.m.Button","viewName":"etm.portal.ui.managehandovers.view.MasterHO","properties":{"text":"OK"},"searchOpenDialogs":true,"interaction":{"idSuffix":"BDI-content"}},"wdio_ui5_key":"etmportal.ui.managehandovers.view.MasterHOsap.m.Button{\"text\":\"OK\"}"}]}
RESULT: undefined
COMMAND: POST /session/2c26340218390abaea45fe4d98ab669b/element - {"using":"xpath","value":"//*[@id=\"__xmlview58--smartFilterBar-filterItemControl_BASIC-SEND_CONTRACT-valueHelpDialog-ok\"]"}
RESULT: {"using":"xpath","value":"//*[@id=\"__xmlview58--smartFilterBar-filterItemControl_BASIC-SEND_CONTRACT-valueHelpDialog-ok\"]"}
COMMAND: POST /session/2c26340218390abaea45fe4d98ab669b/element/f.17291DB1E67CD9F3C23A369F0CDF7328.d.843C490F2DF9066A519FC1F65B99CD4F.e.18899/click - {}
RESULT: {}
COMMAND: GET /session/2c26340218390abaea45fe4d98ab669b/screenshot - {}
RESULT: {}
COMMAND: POST /session/2c26340218390abaea45fe4d98ab669b/execute/async - {"script":"<script> [1562 bytes]","args":[{"selector":{"controlType":"sap.ui.core.Icon","viewName":"etm.portal.ui.managehandovers.view.MasterHO","properties":{"src":{"regex":{"source":"slim\\-arrow\\-right"}}}},"wdio_ui5_key":"etmportal.ui.managehandovers.view.MasterHOsap.ui.core.Icon{\"src\":{\"regex\":{\"source\":\"slim\\\\-arrow\\\\-right\"}}}"}]}
RESULT: {"script":"<script> [1562 bytes]","args":[{"selector":{"controlType":"sap.ui.core.Icon","viewName":"etm.portal.ui.managehandovers.view.MasterHO","properties":{"src":{"regex":{"source":"slim\\-arrow\\-right"}}}},"wdio_ui5_key":"etmportal.ui.managehandovers.view.MasterHOsap.ui.core.Icon{\"src\":{\"regex\":{\"source\":\"slim\\\\-arrow\\\\-right\"}}}"}]}
RESULT: undefined
COMMAND: POST /session/2c26340218390abaea45fe4d98ab669b/element - {"using":"xpath","value":"//*[@id=\"__item145-__clone231-imgNav\"]"}
RESULT: {"using":"xpath","value":"//*[@id=\"__item145-__clone231-imgNav\"]"}
COMMAND: POST /session/2c26340218390abaea45fe4d98ab669b/element/f.17291DB1E67CD9F3C23A369F0CDF7328.d.843C490F2DF9066A519FC1F65B99CD4F.e.18936/click - {}
RESULT: {}
COMMAND: GET /session/2c26340218390abaea45fe4d98ab669b/screenshot - {}
RESULT: {}
COMMAND: POST /session/2c26340218390abaea45fe4d98ab669b/execute/async - {"script":"<script> [1562 bytes]","args":[{"selector":{"controlType":"sap.m.Text","viewName":"etm.portal.ui.managehandovers.view.DetailExecuteHO","bindingPath":{"propertyPath":"NO","modelName":"catalogModel"}},"wdio_ui5_key":"etmportal.ui.managehandovers.view.DetailExecuteHOsap.m.Text{\"propertyPath\":\"NO\",\"modelName\":\"catalogModel\"}"}]}
RESULT: {"script":"<script> [1562 bytes]","args":[{"selector":{"controlType":"sap.m.Text","viewName":"etm.portal.ui.managehandovers.view.DetailExecuteHO","bindingPath":{"propertyPath":"NO","modelName":"catalogModel"}},"wdio_ui5_key":"etmportal.ui.managehandovers.view.DetailExecuteHOsap.m.Text{\"propertyPath\":\"NO\",\"modelName\":\"catalogModel\"}"}]}
RESULT: undefined
COMMAND: POST /session/2c26340218390abaea45fe4d98ab669b/execute/async - {"script":"<script> [6424 bytes]","args":[{"element-6066-11e4-a52e-4f735466cecf":"f.17291DB1E67CD9F3C23A369F0CDF7328.d.843C490F2DF9066A519FC1F65B99CD4F.e.19043"},"getText",[]]}
RESULT: {"script":"<script> [6424 bytes]","args":[{"element-6066-11e4-a52e-4f735466cecf":"f.17291DB1E67CD9F3C23A369F0CDF7328.d.843C490F2DF9066A519FC1F65B99CD4F.e.19043"},"getText",[]]}
COMMAND: POST /session/2c26340218390abaea45fe4d98ab669b/element - {"using":"xpath","value":"//bdi[contains(text(), \"Confirm All\")]"}
RESULT: {"using":"xpath","value":"//bdi[contains(text(), \"Confirm All\")]"}
COMMAND: POST /session/2c26340218390abaea45fe4d98ab669b/element/f.17291DB1E67CD9F3C23A369F0CDF7328.d.843C490F2DF9066A519FC1F65B99CD4F.e.19044/click - {}
RESULT: {}
COMMAND: GET /session/2c26340218390abaea45fe4d98ab669b/screenshot - {}
RESULT: {}
COMMAND: POST /session/2c26340218390abaea45fe4d98ab669b/actions - {"actions":[{"id":"action55","type":"key","parameters":{},"actions":[{"type":"keyDown","value":""},{"type":"pause","duration":10},{"type":"keyUp","value":""}]}]}
RESULT: {"actions":[{"id":"action55","type":"key","parameters":{},"actions":[{"type":"keyDown","value":""},{"type":"pause","duration":10},{"type":"keyUp","value":""}]}]}
COMMAND: GET /session/2c26340218390abaea45fe4d98ab669b/screenshot - {}
RESULT: {}
COMMAND: POST /session/2c26340218390abaea45fe4d98ab669b/element - {"using":"xpath","value":"(//bdi[contains(@id ,\"BDI-content\")][contains(text(), \"Issue\")])[2]"}
RESULT: {"using":"xpath","value":"(//bdi[contains(@id ,\"BDI-content\")][contains(text(), \"Issue\")])[2]"}
COMMAND: POST /session/2c26340218390abaea45fe4d98ab669b/element/f.17291DB1E67CD9F3C23A369F0CDF7328.d.843C490F2DF9066A519FC1F65B99CD4F.e.19050/click - {}
RESULT: {}
COMMAND: GET /session/2c26340218390abaea45fe4d98ab669b/screenshot - {}
RESULT: {}
COMMAND: POST /session/2c26340218390abaea45fe4d98ab669b/refresh - {}
RESULT: {}
COMMAND: GET /session/2c26340218390abaea45fe4d98ab669b/screenshot - {}
RESULT: {}
COMMAND: POST /session/2c26340218390abaea45fe4d98ab669b/execute/async - {"script":"<script> [189 bytes]","args":[]}
RESULT: {"script":"<script> [189 bytes]","args":[]}
COMMAND: POST /session/2c26340218390abaea45fe4d98ab669b/execute/async - {"script":"<script> [123 bytes]","args":[]}
RESULT: {"script":"<script> [123 bytes]","args":[]}
COMMAND: POST /session/2c26340218390abaea45fe4d98ab669b/timeouts - {"script":"<number>"}
RESULT: {"script":"<number>"}
COMMAND: GET /session/2c26340218390abaea45fe4d98ab669b/timeouts - {}
RESULT: {}
RESULT: undefined
COMMAND: POST /session/2c26340218390abaea45fe4d98ab669b/execute/async - {"script":"<script> [2676 bytes]","args":[]}
RESULT: {"script":"<script> [2676 bytes]","args":[]}
COMMAND: POST /session/2c26340218390abaea45fe4d98ab669b/execute/async - {"script":"<script> [2342 bytes]","args":[{"protocol":"http","hostname":"0.0.0.0","path":"/","capabilities":{"browserName":"chrome","goog:chromeOptions":{"binary":"C:\\Program Files\\Google\\Chrome\\Application\\chrome.exe"}},"logLevel":"warn","connectionRetryTimeout":120000,"connectionRetryCount":3,"logLevels":{},"enableDirectConnect":true,"strictSSL":true,"_":"65 more keys: [\"cacheDir\",\"port\",\"requestedCapabilities\",\"automationProtocol\",\"baseUrl\",\"waitforInterval\",\"waitforTimeout\",\"onReload\",\"beforeCommand\",\"afterCommand\",\"rootDir\",\"specs\",\"suites\",\"exclude\",\"groupLogsByTestSpec\",\"excludeDriverLogs\",\"bail\",\"framework\",\"reporters\",\"services\",\"maxInstances\",\"maxInstancesPerCapability\",\"injectGlobals\",\"filesToWatch\",\"execArgv\",\"runnerEnv\",\"runner\",\"shard\",\"specFileRetries\",\"specFileRetriesDelay\",\"specFileRetriesDeferred\",\"reporterSyncInterval\",\"reporterSyncTimeout\",\"cucumberFeaturesWithLineNumbers\",\"autoCompileOpts\",\"mochaOpts\",\"jasmineOpts\",\"cucumberOpts\",\"onPrepare\",\"onWorkerStart\",\"onWorkerEnd\",\"before\",\"beforeSession\",\"beforeSuite\",\"beforeHook\",\"beforeTest\",\"afterTest\",\"afterHook\",\"afterSuite\",\"afterSession\",\"after\",\"onComplete\",\"beforeAssertion\",\"afterAssertion\",\"beforeFeature\",\"beforeScenario\",\"beforeStep\",\"afterStep\",\"afterScenario\",\"afterFeature\",\"_\",\"suite\",\"$0\",\"ignoredWorkerServices\",\"wdi5\"]"}]}
RESULT: {"script":"<script> [2342 bytes]","args":[{"protocol":"http","hostname":"0.0.0.0","path":"/","capabilities":{"browserName":"chrome","goog:chromeOptions":{"binary":"C:\\Program Files\\Google\\Chrome\\Application\\chrome.exe"}},"logLevel":"warn","connectionRetryTimeout":120000,"connectionRetryCount":3,"logLevels":{},"enableDirectConnect":true,"strictSSL":true,"_":"65 more keys: [\"cacheDir\",\"port\",\"requestedCapabilities\",\"automationProtocol\",\"baseUrl\",\"waitforInterval\",\"waitforTimeout\",\"onReload\",\"beforeCommand\",\"afterCommand\",\"rootDir\",\"specs\",\"suites\",\"exclude\",\"groupLogsByTestSpec\",\"excludeDriverLogs\",\"bail\",\"framework\",\"reporters\",\"services\",\"maxInstances\",\"maxInstancesPerCapability\",\"injectGlobals\",\"filesToWatch\",\"execArgv\",\"runnerEnv\",\"runner\",\"shard\",\"specFileRetries\",\"specFileRetriesDelay\",\"specFileRetriesDeferred\",\"reporterSyncInterval\",\"reporterSyncTimeout\",\"cucumberFeaturesWithLineNumbers\",\"autoCompileOpts\",\"mochaOpts\",\"jasmineOpts\",\"cucumberOpts\",\"onPrepare\",\"onWorkerStart\",\"onWorkerEnd\",\"before\",\"beforeSession\",\"beforeSuite\",\"beforeHook\",\"beforeTest\",\"afterTest\",\"afterHook\",\"afterSuite\",\"afterSession\",\"after\",\"onComplete\",\"beforeAssertion\",\"afterAssertion\",\"beforeFeature\",\"beforeScenario\",\"beforeStep\",\"afterStep\",\"afterScenario\",\"afterFeature\",\"_\",\"suite\",\"$0\",\"ignoredWorkerServices\",\"wdi5\"]"}]}
COMMAND: POST /session/2c26340218390abaea45fe4d98ab669b/execute/async - {"script":"<script> [21126 bytes]","args":[35000]}
RESULT: {"script":"<script> [21126 bytes]","args":[35000]}
COMMAND: POST /session/2c26340218390abaea45fe4d98ab669b/element - {"using":"xpath","value":"//input[contains(@id ,\"smartFilterBar-btnBasicSearch-I\")]"}
RESULT: {"using":"xpath","value":"//input[contains(@id ,\"smartFilterBar-btnBasicSearch-I\")]"}
COMMAND: POST /session/2c26340218390abaea45fe4d98ab669b/element/f.17291DB1E67CD9F3C23A369F0CDF7328.d.E88E7AD85C7C1B43B8C1EE456ECAA8C8.e.19115/clear - {}
RESULT: {}
COMMAND: POST /session/2c26340218390abaea45fe4d98ab669b/element/f.17291DB1E67CD9F3C23A369F0CDF7328.d.E88E7AD85C7C1B43B8C1EE456ECAA8C8.e.19115/value - {"text":"30330"}
COMMAND: GET /session/2c26340218390abaea45fe4d98ab669b/screenshot - {}
RESULT: {"text":"30330"}
COMMAND: GET /session/2c26340218390abaea45fe4d98ab669b/screenshot - {}
COMMAND: POST /session/2c26340218390abaea45fe4d98ab669b/actions - {"actions":[{"id":"action56","type":"key","parameters":{},"actions":[{"type":"keyDown","value":""},{"type":"pause","duration":10},{"type":"keyUp","value":""}]}]}
RESULT: {}
RESULT: {}
RESULT: {"actions":[{"id":"action56","type":"key","parameters":{},"actions":[{"type":"keyDown","value":""},{"type":"pause","duration":10},{"type":"keyUp","value":""}]}]}
COMMAND: GET /session/2c26340218390abaea45fe4d98ab669b/screenshot - {}
RESULT: {}
COMMAND: POST /session/2c26340218390abaea45fe4d98ab669b/execute/async - {"script":"<script> [1562 bytes]","args":[{"selector":{"controlType":"sap.ui.core.Icon","viewName":"etm.portal.ui.managehandovers.view.MasterHO","properties":{"src":{"regex":{"source":"slim\\-arrow\\-right"}}}},"wdio_ui5_key":"etmportal.ui.managehandovers.view.MasterHOsap.ui.core.Icon{\"src\":{\"regex\":{\"source\":\"slim\\\\-arrow\\\\-right\"}}}"}]}
RESULT: {"script":"<script> [1562 bytes]","args":[{"selector":{"controlType":"sap.ui.core.Icon","viewName":"etm.portal.ui.managehandovers.view.MasterHO","properties":{"src":{"regex":{"source":"slim\\-arrow\\-right"}}}},"wdio_ui5_key":"etmportal.ui.managehandovers.view.MasterHOsap.ui.core.Icon{\"src\":{\"regex\":{\"source\":\"slim\\\\-arrow\\\\-right\"}}}"}]}
RESULT: undefined
COMMAND: POST /session/2c26340218390abaea45fe4d98ab669b/element - {"using":"xpath","value":"//*[@id=\"__item32-__clone16-imgNav\"]"}
RESULT: {"using":"xpath","value":"//*[@id=\"__item32-__clone16-imgNav\"]"}
COMMAND: POST /session/2c26340218390abaea45fe4d98ab669b/element/f.17291DB1E67CD9F3C23A369F0CDF7328.d.E88E7AD85C7C1B43B8C1EE456ECAA8C8.e.19220/click - {}
RESULT: {}
COMMAND: GET /session/2c26340218390abaea45fe4d98ab669b/screenshot - {}
RESULT: {}
COMMAND: POST /session/2c26340218390abaea45fe4d98ab669b/execute/async - {"script":"<script> [1562 bytes]","args":[{"selector":{"controlType":"sap.m.ObjectStatus","viewName":"etm.portal.ui.managehandovers.view.DetailManageHO","viewId":"application-managehandovers-display-component---detailManageHO","labelFor":{"text":"Status"}},"wdio_ui5_key":"etmportal.ui.managehandovers.view.DetailManageHOsap.m.ObjectStatus{\"text\":\"Status\"}"}]}
RESULT: {"script":"<script> [1562 bytes]","args":[{"selector":{"controlType":"sap.m.ObjectStatus","viewName":"etm.portal.ui.managehandovers.view.DetailManageHO","viewId":"application-managehandovers-display-component---detailManageHO","labelFor":{"text":"Status"}},"wdio_ui5_key":"etmportal.ui.managehandovers.view.DetailManageHOsap.m.ObjectStatus{\"text\":\"Status\"}"}]}
RESULT: undefined
COMMAND: POST /session/2c26340218390abaea45fe4d98ab669b/execute/async - {"script":"<script> [6424 bytes]","args":[{"element-6066-11e4-a52e-4f735466cecf":"f.17291DB1E67CD9F3C23A369F0CDF7328.d.E88E7AD85C7C1B43B8C1EE456ECAA8C8.e.19308"},"getText",[]]}
RESULT: {"script":"<script> [6424 bytes]","args":[{"element-6066-11e4-a52e-4f735466cecf":"f.17291DB1E67CD9F3C23A369F0CDF7328.d.E88E7AD85C7C1B43B8C1EE456ECAA8C8.e.19308"},"getText",[]]}
COMMAND: POST /session/2c26340218390abaea45fe4d98ab669b/element - {"using":"xpath","value":"//a[contains(@data-kt ,\"GeneralSectionSendContractLink\")]"}
RESULT: {"using":"xpath","value":"//a[contains(@data-kt ,\"GeneralSectionSendContractLink\")]"}
COMMAND: POST /session/2c26340218390abaea45fe4d98ab669b/element/f.17291DB1E67CD9F3C23A369F0CDF7328.d.E88E7AD85C7C1B43B8C1EE456ECAA8C8.e.19309/click - {}
RESULT: {}
COMMAND: GET /session/2c26340218390abaea45fe4d98ab669b/screenshot - {}
RESULT: {}
COMMAND: POST /session/2c26340218390abaea45fe4d98ab669b/element - {"using":"xpath","value":"//a[contains(@data-kt ,\"ContextMenuId2Link\")]"}
RESULT: {"using":"xpath","value":"//a[contains(@data-kt ,\"ContextMenuId2Link\")]"}
COMMAND: POST /session/2c26340218390abaea45fe4d98ab669b/element/f.17291DB1E67CD9F3C23A369F0CDF7328.d.E88E7AD85C7C1B43B8C1EE456ECAA8C8.e.19311/click - {}
RESULT: {}
COMMAND: GET /session/2c26340218390abaea45fe4d98ab669b/screenshot - {}
RESULT: {}
RESULT: undefined
RESULT: undefined
COMMAND: POST /session/2c26340218390abaea45fe4d98ab669b/execute/async - {"script":"<script> [1562 bytes]","args":[{"selector":{"id":"headerBillingItemsTabFilter","viewName":"etm.portal.ui.managecontracts.view.Detail","interaction":{"idSuffix":"text"}},"wdio_ui5_key":"headerBillingItemsTabFilteretmportal.ui.managecontracts.view.Detail"}]}
RESULT: {"script":"<script> [1562 bytes]","args":[{"selector":{"id":"headerBillingItemsTabFilter","viewName":"etm.portal.ui.managecontracts.view.Detail","interaction":{"idSuffix":"text"}},"wdio_ui5_key":"headerBillingItemsTabFilteretmportal.ui.managecontracts.view.Detail"}]}
RESULT: undefined
COMMAND: POST /session/2c26340218390abaea45fe4d98ab669b/element - {"using":"xpath","value":"//*[@id=\"__xmlview2--headerBillingItemsTabFilter\"]"}
RESULT: {"using":"xpath","value":"//*[@id=\"__xmlview2--headerBillingItemsTabFilter\"]"}
COMMAND: POST /session/2c26340218390abaea45fe4d98ab669b/element/f.17291DB1E67CD9F3C23A369F0CDF7328.d.E88E7AD85C7C1B43B8C1EE456ECAA8C8.e.19529/click - {}
RESULT: {}
COMMAND: GET /session/2c26340218390abaea45fe4d98ab669b/screenshot - {}
RESULT: {}
COMMAND: POST /session/2c26340218390abaea45fe4d98ab669b/execute/async - {"script":"<script> [1562 bytes]","args":[{"selector":{"controlType":"sap.m.ObjectStatus","viewName":"etm.portal.ui.managecontracts.view.Detail","bindingPath":{"path":"/SmartContractItems(CONTRACT='10173',ITEM=10m,SUB_ITEM=0m)","propertyPath":"STATUS"}},"wdio_ui5_key":"etmportal.ui.managecontracts.view.Detailsap.m.ObjectStatus{\"path\":\"/SmartContractItems(CONTRACT='10173',ITEM=10m,SUB_ITEM=0m)\",\"propertyPath\":\"STATUS\"}"}]}
RESULT: {"script":"<script> [1562 bytes]","args":[{"selector":{"controlType":"sap.m.ObjectStatus","viewName":"etm.portal.ui.managecontracts.view.Detail","bindingPath":{"path":"/SmartContractItems(CONTRACT='10173',ITEM=10m,SUB_ITEM=0m)","propertyPath":"STATUS"}},"wdio_ui5_key":"etmportal.ui.managecontracts.view.Detailsap.m.ObjectStatus{\"path\":\"/SmartContractItems(CONTRACT='10173',ITEM=10m,SUB_ITEM=0m)\",\"propertyPath\":\"STATUS\"}"}]}
RESULT: undefined
COMMAND: POST /session/2c26340218390abaea45fe4d98ab669b/execute/async - {"script":"<script> [6424 bytes]","args":[{"element-6066-11e4-a52e-4f735466cecf":"f.17291DB1E67CD9F3C23A369F0CDF7328.d.E88E7AD85C7C1B43B8C1EE456ECAA8C8.e.19533"},"getText",[]]}
RESULT: {"script":"<script> [6424 bytes]","args":[{"element-6066-11e4-a52e-4f735466cecf":"f.17291DB1E67CD9F3C23A369F0CDF7328.d.E88E7AD85C7C1B43B8C1EE456ECAA8C8.e.19533"},"getText",[]]}
COMMAND: DELETE /session/2c26340218390abaea45fe4d98ab669b - {}
RESULT: {}
]]></system-out>
    </testcase>
  </testsuite>
</testsuites>