<?xml version="1.0" encoding="UTF-8"?>
<testsuites tests="82" failures="35" errors="35" skipped="0">
  <testsuite timestamp="2025-05-15T05:44:44" time="904.41" tests="8" failures="0" errors="0" skipped="0">
    <properties>
      <property name="specId" value="0" />
      <property name="suiteName" value="Stock increase - with WHM US125587" />
      <property name="capabilities" value="chrome.136_0_7103_93.windows" />
      <property name="file" value="file:///D:/a/1/s/test/specs/HTR/stock-increase.spec.js" />
    </properties>
    <testcase classname="chrome.136_0_7103_93.windows.Stock_increase_-_with_WHM_US125587" name="Should create a new WHM yard" time="153.759">
      <system-out><![CDATA[
COMMAND: POST /session/c486a9816572bc452379bf0d96c97947/window/fullscreen - {}
RESULT: {}
COMMAND: POST /session/c486a9816572bc452379bf0d96c97947/execute/async - {"script":"<script> [1562 bytes]","args":[{"selector":{"controlType":"sap.m.GenericTile","properties":{"header":"Manage Yards"}},"wdio_ui5_key":"sapm.GenericTile{\"header\":\"Manage Yards\"}"}]}
RESULT: {"script":"<script> [1562 bytes]","args":[{"selector":{"controlType":"sap.m.GenericTile","properties":{"header":"Manage Yards"}},"wdio_ui5_key":"sapm.GenericTile{\"header\":\"Manage Yards\"}"}]}
RESULT: undefined
COMMAND: POST /session/c486a9816572bc452379bf0d96c97947/element - {"using":"xpath","value":"//*[@id=\"__tile41\"]"}
RESULT: {"using":"xpath","value":"//*[@id=\"__tile41\"]"}
COMMAND: POST /session/c486a9816572bc452379bf0d96c97947/element/f.3F9ECC6ADE9C5A6D32036CC41DCDE0D0.d.005962B9F697814C9DCDD7B8FD6D9B2B.e.121/click - {}
RESULT: {}
COMMAND: GET /session/c486a9816572bc452379bf0d96c97947/screenshot - {}
RESULT: {}
COMMAND: POST /session/c486a9816572bc452379bf0d96c97947/elements - {"using":"xpath","value":"//span[text()='Error']"}
RESULT: {"using":"xpath","value":"//span[text()='Error']"}
COMMAND: POST /session/c486a9816572bc452379bf0d96c97947/element - {"using":"xpath","value":"//button[@data-kt=\"addNewYardOverflowToolbarButton\"]"}
RESULT: {"using":"xpath","value":"//button[@data-kt=\"addNewYardOverflowToolbarButton\"]"}
COMMAND: POST /session/c486a9816572bc452379bf0d96c97947/elements - {"using":"xpath","value":"//button[@data-kt=\"addNewYardOverflowToolbarButton\"]"}
RESULT: {"using":"xpath","value":"//button[@data-kt=\"addNewYardOverflowToolbarButton\"]"}
COMMAND: POST /session/c486a9816572bc452379bf0d96c97947/elements - {"using":"xpath","value":"//button[@data-kt=\"addNewYardOverflowToolbarButton\"]"}
RESULT: {"using":"xpath","value":"//button[@data-kt=\"addNewYardOverflowToolbarButton\"]"}
COMMAND: POST /session/c486a9816572bc452379bf0d96c97947/elements - {"using":"xpath","value":"//button[@data-kt=\"addNewYardOverflowToolbarButton\"]"}
RESULT: {"using":"xpath","value":"//button[@data-kt=\"addNewYardOverflowToolbarButton\"]"}
COMMAND: POST /session/c486a9816572bc452379bf0d96c97947/elements - {"using":"xpath","value":"//button[@data-kt=\"addNewYardOverflowToolbarButton\"]"}
RESULT: {"using":"xpath","value":"//button[@data-kt=\"addNewYardOverflowToolbarButton\"]"}
COMMAND: POST /session/c486a9816572bc452379bf0d96c97947/elements - {"using":"xpath","value":"//button[@data-kt=\"addNewYardOverflowToolbarButton\"]"}
RESULT: {"using":"xpath","value":"//button[@data-kt=\"addNewYardOverflowToolbarButton\"]"}
COMMAND: POST /session/c486a9816572bc452379bf0d96c97947/elements - {"using":"xpath","value":"//button[@data-kt=\"addNewYardOverflowToolbarButton\"]"}
RESULT: {"using":"xpath","value":"//button[@data-kt=\"addNewYardOverflowToolbarButton\"]"}
COMMAND: POST /session/c486a9816572bc452379bf0d96c97947/elements - {"using":"xpath","value":"//button[@data-kt=\"addNewYardOverflowToolbarButton\"]"}
RESULT: {"using":"xpath","value":"//button[@data-kt=\"addNewYardOverflowToolbarButton\"]"}
COMMAND: POST /session/c486a9816572bc452379bf0d96c97947/elements - {"using":"xpath","value":"//button[@data-kt=\"addNewYardOverflowToolbarButton\"]"}
RESULT: {"using":"xpath","value":"//button[@data-kt=\"addNewYardOverflowToolbarButton\"]"}
COMMAND: POST /session/c486a9816572bc452379bf0d96c97947/elements - {"using":"xpath","value":"//button[@data-kt=\"addNewYardOverflowToolbarButton\"]"}
RESULT: {"using":"xpath","value":"//button[@data-kt=\"addNewYardOverflowToolbarButton\"]"}
COMMAND: POST /session/c486a9816572bc452379bf0d96c97947/elements - {"using":"xpath","value":"//button[@data-kt=\"addNewYardOverflowToolbarButton\"]"}
RESULT: {"using":"xpath","value":"//button[@data-kt=\"addNewYardOverflowToolbarButton\"]"}
COMMAND: POST /session/c486a9816572bc452379bf0d96c97947/elements - {"using":"xpath","value":"//button[@data-kt=\"addNewYardOverflowToolbarButton\"]"}
RESULT: {"using":"xpath","value":"//button[@data-kt=\"addNewYardOverflowToolbarButton\"]"}
COMMAND: POST /session/c486a9816572bc452379bf0d96c97947/elements - {"using":"xpath","value":"//button[@data-kt=\"addNewYardOverflowToolbarButton\"]"}
RESULT: {"using":"xpath","value":"//button[@data-kt=\"addNewYardOverflowToolbarButton\"]"}
COMMAND: POST /session/c486a9816572bc452379bf0d96c97947/element - {"using":"xpath","value":"//button[@data-kt=\"addNewYardOverflowToolbarButton\"]"}
RESULT: {"using":"xpath","value":"//button[@data-kt=\"addNewYardOverflowToolbarButton\"]"}
COMMAND: POST /session/c486a9816572bc452379bf0d96c97947/execute/sync - {"script":"<script> [8489 bytes]","args":[{"element-6066-11e4-a52e-4f735466cecf":"f.3F9ECC6ADE9C5A6D32036CC41DCDE0D0.d.005962B9F697814C9DCDD7B8FD6D9B2B.e.244","ELEMENT":"f.3F9ECC6ADE9C5A6D32036CC41DCDE0D0.d.005962B9F697814C9DCDD7B8FD6D9B2B.e.244"}]}
RESULT: {"script":"<script> [8489 bytes]","args":[{"element-6066-11e4-a52e-4f735466cecf":"f.3F9ECC6ADE9C5A6D32036CC41DCDE0D0.d.005962B9F697814C9DCDD7B8FD6D9B2B.e.244","ELEMENT":"f.3F9ECC6ADE9C5A6D32036CC41DCDE0D0.d.005962B9F697814C9DCDD7B8FD6D9B2B.e.244"}]}
COMMAND: GET /session/c486a9816572bc452379bf0d96c97947/element/f.3F9ECC6ADE9C5A6D32036CC41DCDE0D0.d.005962B9F697814C9DCDD7B8FD6D9B2B.e.244/enabled - {}
COMMAND: GET /session/c486a9816572bc452379bf0d96c97947/screenshot - {}
RESULT: {}
COMMAND: POST /session/c486a9816572bc452379bf0d96c97947/execute/sync - {"script":"<script> [8489 bytes]","args":[{"element-6066-11e4-a52e-4f735466cecf":"f.3F9ECC6ADE9C5A6D32036CC41DCDE0D0.d.005962B9F697814C9DCDD7B8FD6D9B2B.e.244","ELEMENT":"f.3F9ECC6ADE9C5A6D32036CC41DCDE0D0.d.005962B9F697814C9DCDD7B8FD6D9B2B.e.244"}]}
COMMAND: GET /session/c486a9816572bc452379bf0d96c97947/screenshot - {}
RESULT: {}
RESULT: {"script":"<script> [8489 bytes]","args":[{"element-6066-11e4-a52e-4f735466cecf":"f.3F9ECC6ADE9C5A6D32036CC41DCDE0D0.d.005962B9F697814C9DCDD7B8FD6D9B2B.e.244","ELEMENT":"f.3F9ECC6ADE9C5A6D32036CC41DCDE0D0.d.005962B9F697814C9DCDD7B8FD6D9B2B.e.244"}]}
COMMAND: POST /session/c486a9816572bc452379bf0d96c97947/execute/sync - {"script":"<script> [5351 bytes]","args":[{"element-6066-11e4-a52e-4f735466cecf":"f.3F9ECC6ADE9C5A6D32036CC41DCDE0D0.d.005962B9F697814C9DCDD7B8FD6D9B2B.e.244","ELEMENT":"f.3F9ECC6ADE9C5A6D32036CC41DCDE0D0.d.005962B9F697814C9DCDD7B8FD6D9B2B.e.244"}]}
COMMAND: GET /session/c486a9816572bc452379bf0d96c97947/screenshot - {}
RESULT: {}
RESULT: {"script":"<script> [5351 bytes]","args":[{"element-6066-11e4-a52e-4f735466cecf":"f.3F9ECC6ADE9C5A6D32036CC41DCDE0D0.d.005962B9F697814C9DCDD7B8FD6D9B2B.e.244","ELEMENT":"f.3F9ECC6ADE9C5A6D32036CC41DCDE0D0.d.005962B9F697814C9DCDD7B8FD6D9B2B.e.244"}]}
COMMAND: POST /session/c486a9816572bc452379bf0d96c97947/element/f.3F9ECC6ADE9C5A6D32036CC41DCDE0D0.d.005962B9F697814C9DCDD7B8FD6D9B2B.e.244/click - {}
COMMAND: GET /session/c486a9816572bc452379bf0d96c97947/screenshot - {}
RESULT: {}
RESULT: {}
COMMAND: GET /session/c486a9816572bc452379bf0d96c97947/screenshot - {}
RESULT: {}
COMMAND: POST /session/c486a9816572bc452379bf0d96c97947/element - {"using":"xpath","value":"//input[@id=\"application-manageyards-display-component---NewYard--yardId-inner\"]"}
RESULT: {}
RESULT: {"using":"xpath","value":"//input[@id=\"application-manageyards-display-component---NewYard--yardId-inner\"]"}
COMMAND: POST /session/c486a9816572bc452379bf0d96c97947/element - {"using":"xpath","value":"//input[@id=\"application-manageyards-display-component---NewYard--yardId-inner\"]"}
RESULT: {"using":"xpath","value":"//input[@id=\"application-manageyards-display-component---NewYard--yardId-inner\"]"}
COMMAND: POST /session/c486a9816572bc452379bf0d96c97947/execute/async - {"script":"<script> [1562 bytes]","args":[{"selector":{"id":"application-manageyards-display-component---NewYard--addressDetailDetailsName1","interaction":{"idSuffix":"inner"}},"wdio_ui5_key":"applicationmanageyards-display-component---NewYard--addressDetailDetailsName1"}]}
RESULT: {"script":"<script> [1562 bytes]","args":[{"selector":{"id":"application-manageyards-display-component---NewYard--addressDetailDetailsName1","interaction":{"idSuffix":"inner"}},"wdio_ui5_key":"applicationmanageyards-display-component---NewYard--addressDetailDetailsName1"}]}
RESULT: undefined
COMMAND: POST /session/c486a9816572bc452379bf0d96c97947/execute/async - {"script":"<script> [776 bytes]","args":[{"enterText":"Warehouse Managed WDIO","selector":{"id":"application-manageyards-display-component---NewYard--addressDetailDetailsName1","interaction":{"idSuffix":"inner"}},"clearTextFirst":true,"interactionType":"ENTER_TEXT"}]}
RESULT: {"script":"<script> [776 bytes]","args":[{"enterText":"Warehouse Managed WDIO","selector":{"id":"application-manageyards-display-component---NewYard--addressDetailDetailsName1","interaction":{"idSuffix":"inner"}},"clearTextFirst":true,"interactionType":"ENTER_TEXT"}]}
COMMAND: POST /session/c486a9816572bc452379bf0d96c97947/execute/async - {"script":"<script> [1562 bytes]","args":[{"selector":{"id":"application-manageyards-display-component---NewYard--addressDetailDetailsLanguage-arrow"},"wdio_ui5_key":"applicationmanageyards-display-component---NewYard--addressDetailDetailsLanguage-arrow"}]}
RESULT: {"script":"<script> [1562 bytes]","args":[{"selector":{"id":"application-manageyards-display-component---NewYard--addressDetailDetailsLanguage-arrow"},"wdio_ui5_key":"applicationmanageyards-display-component---NewYard--addressDetailDetailsLanguage-arrow"}]}
RESULT: undefined
COMMAND: POST /session/c486a9816572bc452379bf0d96c97947/element - {"using":"xpath","value":"//*[@id=\"application-manageyards-display-component---NewYard--addressDetailDetailsLanguage-arrow\"]"}
RESULT: {"using":"xpath","value":"//*[@id=\"application-manageyards-display-component---NewYard--addressDetailDetailsLanguage-arrow\"]"}
COMMAND: POST /session/c486a9816572bc452379bf0d96c97947/element/f.3F9ECC6ADE9C5A6D32036CC41DCDE0D0.d.005962B9F697814C9DCDD7B8FD6D9B2B.e.679/click - {}
RESULT: {}
COMMAND: POST /session/c486a9816572bc452379bf0d96c97947/element - {"using":"xpath","value":"//span[contains(text(), \"English\")]"}
COMMAND: GET /session/c486a9816572bc452379bf0d96c97947/screenshot - {}
RESULT: {"using":"xpath","value":"//span[contains(text(), \"English\")]"}
COMMAND: POST /session/c486a9816572bc452379bf0d96c97947/element/f.3F9ECC6ADE9C5A6D32036CC41DCDE0D0.d.005962B9F697814C9DCDD7B8FD6D9B2B.e.680/click - {}
RESULT: {}
RESULT: {}
COMMAND: POST /session/c486a9816572bc452379bf0d96c97947/execute/async - {"script":"<script> [1562 bytes]","args":[{"selector":{"id":"application-manageyards-display-component---NewYard--addressDetailDetailsCity1","interaction":{"idSuffix":"inner"}},"wdio_ui5_key":"applicationmanageyards-display-component---NewYard--addressDetailDetailsCity1"}]}
COMMAND: GET /session/c486a9816572bc452379bf0d96c97947/screenshot - {}
RESULT: {"script":"<script> [1562 bytes]","args":[{"selector":{"id":"application-manageyards-display-component---NewYard--addressDetailDetailsCity1","interaction":{"idSuffix":"inner"}},"wdio_ui5_key":"applicationmanageyards-display-component---NewYard--addressDetailDetailsCity1"}]}
RESULT: undefined
COMMAND: POST /session/c486a9816572bc452379bf0d96c97947/execute/async - {"script":"<script> [776 bytes]","args":[{"enterText":"Rosario","selector":{"id":"application-manageyards-display-component---NewYard--addressDetailDetailsCity1","interaction":{"idSuffix":"inner"}},"clearTextFirst":true,"interactionType":"ENTER_TEXT"}]}
RESULT: {}
RESULT: {"script":"<script> [776 bytes]","args":[{"enterText":"Rosario","selector":{"id":"application-manageyards-display-component---NewYard--addressDetailDetailsCity1","interaction":{"idSuffix":"inner"}},"clearTextFirst":true,"interactionType":"ENTER_TEXT"}]}
COMMAND: POST /session/c486a9816572bc452379bf0d96c97947/execute/async - {"script":"<script> [1562 bytes]","args":[{"selector":{"id":"application-manageyards-display-component---NewYard--addressDetailDetailsCountry-arrow"},"wdio_ui5_key":"applicationmanageyards-display-component---NewYard--addressDetailDetailsCountry-arrow"}]}
RESULT: {"script":"<script> [1562 bytes]","args":[{"selector":{"id":"application-manageyards-display-component---NewYard--addressDetailDetailsCountry-arrow"},"wdio_ui5_key":"applicationmanageyards-display-component---NewYard--addressDetailDetailsCountry-arrow"}]}
RESULT: undefined
COMMAND: POST /session/c486a9816572bc452379bf0d96c97947/element - {"using":"xpath","value":"//*[@id=\"application-manageyards-display-component---NewYard--addressDetailDetailsCountry-arrow\"]"}
RESULT: {"using":"xpath","value":"//*[@id=\"application-manageyards-display-component---NewYard--addressDetailDetailsCountry-arrow\"]"}
COMMAND: POST /session/c486a9816572bc452379bf0d96c97947/element/f.3F9ECC6ADE9C5A6D32036CC41DCDE0D0.d.005962B9F697814C9DCDD7B8FD6D9B2B.e.682/click - {}
RESULT: {}
COMMAND: POST /session/c486a9816572bc452379bf0d96c97947/element - {"using":"xpath","value":"//span[contains(text(), \"Argentina\")]"}
COMMAND: GET /session/c486a9816572bc452379bf0d96c97947/screenshot - {}
RESULT: {"using":"xpath","value":"//span[contains(text(), \"Argentina\")]"}
COMMAND: POST /session/c486a9816572bc452379bf0d96c97947/element/f.3F9ECC6ADE9C5A6D32036CC41DCDE0D0.d.005962B9F697814C9DCDD7B8FD6D9B2B.e.684/click - {}
RESULT: {}
RESULT: {}
COMMAND: POST /session/c486a9816572bc452379bf0d96c97947/execute/async - {"script":"<script> [1562 bytes]","args":[{"selector":{"id":"application-manageyards-display-component---NewYard--addressEditDetailsCostObjectCstType-arrow"},"wdio_ui5_key":"applicationmanageyards-display-component---NewYard--addressEditDetailsCostObjectCstType-arrow"}]}
COMMAND: GET /session/c486a9816572bc452379bf0d96c97947/screenshot - {}
RESULT: {"script":"<script> [1562 bytes]","args":[{"selector":{"id":"application-manageyards-display-component---NewYard--addressEditDetailsCostObjectCstType-arrow"},"wdio_ui5_key":"applicationmanageyards-display-component---NewYard--addressEditDetailsCostObjectCstType-arrow"}]}
RESULT: undefined
COMMAND: POST /session/c486a9816572bc452379bf0d96c97947/element - {"using":"xpath","value":"//*[@id=\"application-manageyards-display-component---NewYard--addressEditDetailsCostObjectCstType-arrow\"]"}
RESULT: {}
RESULT: {"using":"xpath","value":"//*[@id=\"application-manageyards-display-component---NewYard--addressEditDetailsCostObjectCstType-arrow\"]"}
COMMAND: POST /session/c486a9816572bc452379bf0d96c97947/element/f.3F9ECC6ADE9C5A6D32036CC41DCDE0D0.d.005962B9F697814C9DCDD7B8FD6D9B2B.e.685/click - {}
RESULT: {}
COMMAND: POST /session/c486a9816572bc452379bf0d96c97947/element - {"using":"xpath","value":"//span[contains(text(), \"Cost Center\")]"}
COMMAND: GET /session/c486a9816572bc452379bf0d96c97947/screenshot - {}
RESULT: {"using":"xpath","value":"//span[contains(text(), \"Cost Center\")]"}
COMMAND: POST /session/c486a9816572bc452379bf0d96c97947/element/f.3F9ECC6ADE9C5A6D32036CC41DCDE0D0.d.005962B9F697814C9DCDD7B8FD6D9B2B.e.686/click - {}
RESULT: {}
RESULT: {}
COMMAND: GET /session/c486a9816572bc452379bf0d96c97947/screenshot - {}
RESULT: {}
COMMAND: POST /session/c486a9816572bc452379bf0d96c97947/element - {"using":"xpath","value":"//span[@id=\"application-manageyards-display-component---NewYard--addressNewCostObjectCstID-vhi\"]"}
RESULT: {"using":"xpath","value":"//span[@id=\"application-manageyards-display-component---NewYard--addressNewCostObjectCstID-vhi\"]"}
COMMAND: POST /session/c486a9816572bc452379bf0d96c97947/execute/sync - {"script":"<script> [8489 bytes]","args":[{"element-6066-11e4-a52e-4f735466cecf":"f.3F9ECC6ADE9C5A6D32036CC41DCDE0D0.d.005962B9F697814C9DCDD7B8FD6D9B2B.e.690","ELEMENT":"f.3F9ECC6ADE9C5A6D32036CC41DCDE0D0.d.005962B9F697814C9DCDD7B8FD6D9B2B.e.690"}]}
RESULT: {"script":"<script> [8489 bytes]","args":[{"element-6066-11e4-a52e-4f735466cecf":"f.3F9ECC6ADE9C5A6D32036CC41DCDE0D0.d.005962B9F697814C9DCDD7B8FD6D9B2B.e.690","ELEMENT":"f.3F9ECC6ADE9C5A6D32036CC41DCDE0D0.d.005962B9F697814C9DCDD7B8FD6D9B2B.e.690"}]}
COMMAND: POST /session/c486a9816572bc452379bf0d96c97947/execute/async - {"script":"<script> [1562 bytes]","args":[{"selector":{"id":"application-manageyards-display-component---NewYard--addressNewCostObjectCstID-vhi"},"wdio_ui5_key":"applicationmanageyards-display-component---NewYard--addressNewCostObjectCstID-vhi"}]}
COMMAND: GET /session/c486a9816572bc452379bf0d96c97947/screenshot - {}
RESULT: {"script":"<script> [1562 bytes]","args":[{"selector":{"id":"application-manageyards-display-component---NewYard--addressNewCostObjectCstID-vhi"},"wdio_ui5_key":"applicationmanageyards-display-component---NewYard--addressNewCostObjectCstID-vhi"}]}
RESULT: undefined
COMMAND: POST /session/c486a9816572bc452379bf0d96c97947/element - {"using":"xpath","value":"//*[@id=\"application-manageyards-display-component---NewYard--addressNewCostObjectCstID-vhi\"]"}
RESULT: {}
RESULT: {"using":"xpath","value":"//*[@id=\"application-manageyards-display-component---NewYard--addressNewCostObjectCstID-vhi\"]"}
COMMAND: POST /session/c486a9816572bc452379bf0d96c97947/element/f.3F9ECC6ADE9C5A6D32036CC41DCDE0D0.d.005962B9F697814C9DCDD7B8FD6D9B2B.e.690/click - {}
RESULT: {}
COMMAND: GET /session/c486a9816572bc452379bf0d96c97947/screenshot - {}
RESULT: {}
COMMAND: POST /session/c486a9816572bc452379bf0d96c97947/execute/async - {"script":"<script> [1562 bytes]","args":[{"selector":{"controlType":"sap.m.SearchField","properties":{"placeholder":"Search"},"searchOpenDialogs":true,"interaction":{"idSuffix":"I"}},"wdio_ui5_key":"sapm.SearchField{\"placeholder\":\"Search\"}"}]}
RESULT: {"script":"<script> [1562 bytes]","args":[{"selector":{"controlType":"sap.m.SearchField","properties":{"placeholder":"Search"},"searchOpenDialogs":true,"interaction":{"idSuffix":"I"}},"wdio_ui5_key":"sapm.SearchField{\"placeholder\":\"Search\"}"}]}
RESULT: undefined
COMMAND: POST /session/c486a9816572bc452379bf0d96c97947/execute/async - {"script":"<script> [776 bytes]","args":[{"enterText":"bauh_b","selector":{"controlType":"sap.m.SearchField","properties":{"placeholder":"Search"},"searchOpenDialogs":true,"interaction":{"idSuffix":"I"}},"clearTextFirst":true,"interactionType":"ENTER_TEXT"}]}
RESULT: {"script":"<script> [776 bytes]","args":[{"enterText":"bauh_b","selector":{"controlType":"sap.m.SearchField","properties":{"placeholder":"Search"},"searchOpenDialogs":true,"interaction":{"idSuffix":"I"}},"clearTextFirst":true,"interactionType":"ENTER_TEXT"}]}
COMMAND: POST /session/c486a9816572bc452379bf0d96c97947/actions - {"actions":[{"id":"action1","type":"key","parameters":{},"actions":[{"type":"keyDown","value":"î€‡"},{"type":"pause","duration":10},{"type":"keyUp","value":"î€‡"}]}]}
RESULT: {"actions":[{"id":"action1","type":"key","parameters":{},"actions":[{"type":"keyDown","value":"î€‡"},{"type":"pause","duration":10},{"type":"keyUp","value":"î€‡"}]}]}
COMMAND: GET /session/c486a9816572bc452379bf0d96c97947/screenshot - {}
RESULT: {}
COMMAND: POST /session/c486a9816572bc452379bf0d96c97947/element - {"using":"xpath","value":"//span[contains(text(), \"Demo Yard\")]"}
RESULT: {"using":"xpath","value":"//span[contains(text(), \"Demo Yard\")]"}
COMMAND: POST /session/c486a9816572bc452379bf0d96c97947/element/f.3F9ECC6ADE9C5A6D32036CC41DCDE0D0.d.005962B9F697814C9DCDD7B8FD6D9B2B.e.730/click - {}
RESULT: {}
COMMAND: GET /session/c486a9816572bc452379bf0d96c97947/screenshot - {}
RESULT: {}
COMMAND: POST /session/c486a9816572bc452379bf0d96c97947/element - {"using":"xpath","value":"//bdi[contains(text(), \"OK\")]"}
RESULT: {"using":"xpath","value":"//bdi[contains(text(), \"OK\")]"}
COMMAND: POST /session/c486a9816572bc452379bf0d96c97947/element/f.3F9ECC6ADE9C5A6D32036CC41DCDE0D0.d.005962B9F697814C9DCDD7B8FD6D9B2B.e.731/click - {}
RESULT: {}
COMMAND: GET /session/c486a9816572bc452379bf0d96c97947/screenshot - {}
RESULT: {}
COMMAND: POST /session/c486a9816572bc452379bf0d96c97947/execute/async - {"script":"<script> [1562 bytes]","args":[{"selector":{"id":"application-manageyards-display-component---NewYard--addressEditDetailsCurrency-arrow"},"wdio_ui5_key":"applicationmanageyards-display-component---NewYard--addressEditDetailsCurrency-arrow"}]}
RESULT: {"script":"<script> [1562 bytes]","args":[{"selector":{"id":"application-manageyards-display-component---NewYard--addressEditDetailsCurrency-arrow"},"wdio_ui5_key":"applicationmanageyards-display-component---NewYard--addressEditDetailsCurrency-arrow"}]}
RESULT: undefined
COMMAND: POST /session/c486a9816572bc452379bf0d96c97947/element - {"using":"xpath","value":"//*[@id=\"application-manageyards-display-component---NewYard--addressEditDetailsCurrency-arrow\"]"}
RESULT: {"using":"xpath","value":"//*[@id=\"application-manageyards-display-component---NewYard--addressEditDetailsCurrency-arrow\"]"}
COMMAND: POST /session/c486a9816572bc452379bf0d96c97947/element/f.3F9ECC6ADE9C5A6D32036CC41DCDE0D0.d.005962B9F697814C9DCDD7B8FD6D9B2B.e.734/click - {}
RESULT: {}
COMMAND: POST /session/c486a9816572bc452379bf0d96c97947/element - {"using":"xpath","value":"//span[contains(text(), \"Euro\")]"}
COMMAND: GET /session/c486a9816572bc452379bf0d96c97947/screenshot - {}
RESULT: {"using":"xpath","value":"//span[contains(text(), \"Euro\")]"}
COMMAND: POST /session/c486a9816572bc452379bf0d96c97947/element/f.3F9ECC6ADE9C5A6D32036CC41DCDE0D0.d.005962B9F697814C9DCDD7B8FD6D9B2B.e.735/click - {}
RESULT: {}
RESULT: {}
COMMAND: POST /session/c486a9816572bc452379bf0d96c97947/execute/async - {"script":"<script> [1562 bytes]","args":[{"selector":{"controlType":"sap.m.Input","viewName":"etm.portal.ui.manageyards.view.New","viewId":"application-manageyards-display-component---NewYard","bindingPath":{"path":"","propertyPath":"/CONTROLLING_AREA","modelName":"NewYardModel"},"interaction":{"idSuffix":"inner"}},"wdio_ui5_key":"etmportal.ui.manageyards.view.Newsap.m.Input{\"path\":\"\",\"propertyPath\":\"/CONTROLLING_AREA\",\"modelName\":\"NewYardModel\"}"}]}
COMMAND: GET /session/c486a9816572bc452379bf0d96c97947/screenshot - {}
RESULT: {"script":"<script> [1562 bytes]","args":[{"selector":{"controlType":"sap.m.Input","viewName":"etm.portal.ui.manageyards.view.New","viewId":"application-manageyards-display-component---NewYard","bindingPath":{"path":"","propertyPath":"/CONTROLLING_AREA","modelName":"NewYardModel"},"interaction":{"idSuffix":"inner"}},"wdio_ui5_key":"etmportal.ui.manageyards.view.Newsap.m.Input{\"path\":\"\",\"propertyPath\":\"/CONTROLLING_AREA\",\"modelName\":\"NewYardModel\"}"}]}
RESULT: undefined
COMMAND: POST /session/c486a9816572bc452379bf0d96c97947/execute/async - {"script":"<script> [776 bytes]","args":[{"enterText":"Z001","selector":{"controlType":"sap.m.Input","viewName":"etm.portal.ui.manageyards.view.New","viewId":"application-manageyards-display-component---NewYard","bindingPath":{"path":"","propertyPath":"/CONTROLLING_AREA","modelName":"NewYardModel"},"interaction":{"idSuffix":"inner"}},"clearTextFirst":true,"interactionType":"ENTER_TEXT"}]}
RESULT: {}
RESULT: {"script":"<script> [776 bytes]","args":[{"enterText":"Z001","selector":{"controlType":"sap.m.Input","viewName":"etm.portal.ui.manageyards.view.New","viewId":"application-manageyards-display-component---NewYard","bindingPath":{"path":"","propertyPath":"/CONTROLLING_AREA","modelName":"NewYardModel"},"interaction":{"idSuffix":"inner"}},"clearTextFirst":true,"interactionType":"ENTER_TEXT"}]}
COMMAND: POST /session/c486a9816572bc452379bf0d96c97947/execute/async - {"script":"<script> [1562 bytes]","args":[{"selector":{"id":"application-manageyards-display-component---NewYard--companyCodeComboBox","interaction":{"idSuffix":"inner"}},"wdio_ui5_key":"applicationmanageyards-display-component---NewYard--companyCodeComboBox"}]}
RESULT: {"script":"<script> [1562 bytes]","args":[{"selector":{"id":"application-manageyards-display-component---NewYard--companyCodeComboBox","interaction":{"idSuffix":"inner"}},"wdio_ui5_key":"applicationmanageyards-display-component---NewYard--companyCodeComboBox"}]}
RESULT: undefined
COMMAND: POST /session/c486a9816572bc452379bf0d96c97947/execute/async - {"script":"<script> [776 bytes]","args":[{"enterText":"1000","selector":{"id":"application-manageyards-display-component---NewYard--companyCodeComboBox","interaction":{"idSuffix":"inner"}},"clearTextFirst":true,"interactionType":"ENTER_TEXT"}]}
RESULT: {"script":"<script> [776 bytes]","args":[{"enterText":"1000","selector":{"id":"application-manageyards-display-component---NewYard--companyCodeComboBox","interaction":{"idSuffix":"inner"}},"clearTextFirst":true,"interactionType":"ENTER_TEXT"}]}
COMMAND: POST /session/c486a9816572bc452379bf0d96c97947/execute/async - {"script":"<script> [1562 bytes]","args":[{"selector":{"controlType":"sap.m.Input","viewName":"etm.portal.ui.manageyards.view.New","viewId":"application-manageyards-display-component---NewYard","bindingPath":{"path":"","propertyPath":"/PLANT","modelName":"NewYardModel"},"interaction":{"idSuffix":"inner"}},"wdio_ui5_key":"etmportal.ui.manageyards.view.Newsap.m.Input{\"path\":\"\",\"propertyPath\":\"/PLANT\",\"modelName\":\"NewYardModel\"}"}]}
RESULT: {"script":"<script> [1562 bytes]","args":[{"selector":{"controlType":"sap.m.Input","viewName":"etm.portal.ui.manageyards.view.New","viewId":"application-manageyards-display-component---NewYard","bindingPath":{"path":"","propertyPath":"/PLANT","modelName":"NewYardModel"},"interaction":{"idSuffix":"inner"}},"wdio_ui5_key":"etmportal.ui.manageyards.view.Newsap.m.Input{\"path\":\"\",\"propertyPath\":\"/PLANT\",\"modelName\":\"NewYardModel\"}"}]}
RESULT: undefined
COMMAND: POST /session/c486a9816572bc452379bf0d96c97947/execute/async - {"script":"<script> [776 bytes]","args":[{"enterText":"1001","selector":{"controlType":"sap.m.Input","viewName":"etm.portal.ui.manageyards.view.New","viewId":"application-manageyards-display-component---NewYard","bindingPath":{"path":"","propertyPath":"/PLANT","modelName":"NewYardModel"},"interaction":{"idSuffix":"inner"}},"clearTextFirst":true,"interactionType":"ENTER_TEXT"}]}
RESULT: {"script":"<script> [776 bytes]","args":[{"enterText":"1001","selector":{"controlType":"sap.m.Input","viewName":"etm.portal.ui.manageyards.view.New","viewId":"application-manageyards-display-component---NewYard","bindingPath":{"path":"","propertyPath":"/PLANT","modelName":"NewYardModel"},"interaction":{"idSuffix":"inner"}},"clearTextFirst":true,"interactionType":"ENTER_TEXT"}]}
COMMAND: POST /session/c486a9816572bc452379bf0d96c97947/execute/async - {"script":"<script> [1562 bytes]","args":[{"selector":{"controlType":"sap.m.Input","viewName":"etm.portal.ui.manageyards.view.New","viewId":"application-manageyards-display-component---NewYard","bindingPath":{"path":"","propertyPath":"/SALES_AREA_VKORG","modelName":"NewYardModel"},"interaction":{"idSuffix":"inner"}},"wdio_ui5_key":"etmportal.ui.manageyards.view.Newsap.m.Input{\"path\":\"\",\"propertyPath\":\"/SALES_AREA_VKORG\",\"modelName\":\"NewYardModel\"}"}]}
RESULT: {"script":"<script> [1562 bytes]","args":[{"selector":{"controlType":"sap.m.Input","viewName":"etm.portal.ui.manageyards.view.New","viewId":"application-manageyards-display-component---NewYard","bindingPath":{"path":"","propertyPath":"/SALES_AREA_VKORG","modelName":"NewYardModel"},"interaction":{"idSuffix":"inner"}},"wdio_ui5_key":"etmportal.ui.manageyards.view.Newsap.m.Input{\"path\":\"\",\"propertyPath\":\"/SALES_AREA_VKORG\",\"modelName\":\"NewYardModel\"}"}]}
RESULT: undefined
COMMAND: POST /session/c486a9816572bc452379bf0d96c97947/execute/async - {"script":"<script> [776 bytes]","args":[{"enterText":"C002","selector":{"controlType":"sap.m.Input","viewName":"etm.portal.ui.manageyards.view.New","viewId":"application-manageyards-display-component---NewYard","bindingPath":{"path":"","propertyPath":"/SALES_AREA_VKORG","modelName":"NewYardModel"},"interaction":{"idSuffix":"inner"}},"clearTextFirst":true,"interactionType":"ENTER_TEXT"}]}
RESULT: {"script":"<script> [776 bytes]","args":[{"enterText":"C002","selector":{"controlType":"sap.m.Input","viewName":"etm.portal.ui.manageyards.view.New","viewId":"application-manageyards-display-component---NewYard","bindingPath":{"path":"","propertyPath":"/SALES_AREA_VKORG","modelName":"NewYardModel"},"interaction":{"idSuffix":"inner"}},"clearTextFirst":true,"interactionType":"ENTER_TEXT"}]}
COMMAND: POST /session/c486a9816572bc452379bf0d96c97947/execute/async - {"script":"<script> [1562 bytes]","args":[{"selector":{"controlType":"sap.m.Input","viewName":"etm.portal.ui.manageyards.view.New","viewId":"application-manageyards-display-component---NewYard","bindingPath":{"path":"","propertyPath":"/SALES_AREA_VTWEG","modelName":"NewYardModel"},"interaction":{"idSuffix":"inner"}},"wdio_ui5_key":"etmportal.ui.manageyards.view.Newsap.m.Input{\"path\":\"\",\"propertyPath\":\"/SALES_AREA_VTWEG\",\"modelName\":\"NewYardModel\"}"}]}
RESULT: {"script":"<script> [1562 bytes]","args":[{"selector":{"controlType":"sap.m.Input","viewName":"etm.portal.ui.manageyards.view.New","viewId":"application-manageyards-display-component---NewYard","bindingPath":{"path":"","propertyPath":"/SALES_AREA_VTWEG","modelName":"NewYardModel"},"interaction":{"idSuffix":"inner"}},"wdio_ui5_key":"etmportal.ui.manageyards.view.Newsap.m.Input{\"path\":\"\",\"propertyPath\":\"/SALES_AREA_VTWEG\",\"modelName\":\"NewYardModel\"}"}]}
RESULT: undefined
COMMAND: POST /session/c486a9816572bc452379bf0d96c97947/execute/async - {"script":"<script> [776 bytes]","args":[{"enterText":"C2","selector":{"controlType":"sap.m.Input","viewName":"etm.portal.ui.manageyards.view.New","viewId":"application-manageyards-display-component---NewYard","bindingPath":{"path":"","propertyPath":"/SALES_AREA_VTWEG","modelName":"NewYardModel"},"interaction":{"idSuffix":"inner"}},"clearTextFirst":true,"interactionType":"ENTER_TEXT"}]}
RESULT: {"script":"<script> [776 bytes]","args":[{"enterText":"C2","selector":{"controlType":"sap.m.Input","viewName":"etm.portal.ui.manageyards.view.New","viewId":"application-manageyards-display-component---NewYard","bindingPath":{"path":"","propertyPath":"/SALES_AREA_VTWEG","modelName":"NewYardModel"},"interaction":{"idSuffix":"inner"}},"clearTextFirst":true,"interactionType":"ENTER_TEXT"}]}
COMMAND: POST /session/c486a9816572bc452379bf0d96c97947/execute/async - {"script":"<script> [1562 bytes]","args":[{"selector":{"controlType":"sap.m.Input","viewName":"etm.portal.ui.manageyards.view.New","viewId":"application-manageyards-display-component---NewYard","bindingPath":{"path":"","propertyPath":"/SALES_AREA_SPART","modelName":"NewYardModel"},"interaction":{"idSuffix":"inner"}},"wdio_ui5_key":"etmportal.ui.manageyards.view.Newsap.m.Input{\"path\":\"\",\"propertyPath\":\"/SALES_AREA_SPART\",\"modelName\":\"NewYardModel\"}"}]}
RESULT: {"script":"<script> [1562 bytes]","args":[{"selector":{"controlType":"sap.m.Input","viewName":"etm.portal.ui.manageyards.view.New","viewId":"application-manageyards-display-component---NewYard","bindingPath":{"path":"","propertyPath":"/SALES_AREA_SPART","modelName":"NewYardModel"},"interaction":{"idSuffix":"inner"}},"wdio_ui5_key":"etmportal.ui.manageyards.view.Newsap.m.Input{\"path\":\"\",\"propertyPath\":\"/SALES_AREA_SPART\",\"modelName\":\"NewYardModel\"}"}]}
RESULT: undefined
COMMAND: POST /session/c486a9816572bc452379bf0d96c97947/execute/async - {"script":"<script> [776 bytes]","args":[{"enterText":"C2","selector":{"controlType":"sap.m.Input","viewName":"etm.portal.ui.manageyards.view.New","viewId":"application-manageyards-display-component---NewYard","bindingPath":{"path":"","propertyPath":"/SALES_AREA_SPART","modelName":"NewYardModel"},"interaction":{"idSuffix":"inner"}},"clearTextFirst":true,"interactionType":"ENTER_TEXT"}]}
RESULT: {"script":"<script> [776 bytes]","args":[{"enterText":"C2","selector":{"controlType":"sap.m.Input","viewName":"etm.portal.ui.manageyards.view.New","viewId":"application-manageyards-display-component---NewYard","bindingPath":{"path":"","propertyPath":"/SALES_AREA_SPART","modelName":"NewYardModel"},"interaction":{"idSuffix":"inner"}},"clearTextFirst":true,"interactionType":"ENTER_TEXT"}]}
COMMAND: POST /session/c486a9816572bc452379bf0d96c97947/execute/async - {"script":"<script> [1562 bytes]","args":[{"selector":{"controlType":"sap.m.Input","viewName":"etm.portal.ui.manageyards.view.New","viewId":"application-manageyards-display-component---NewYard","bindingPath":{"path":"","propertyPath":"/SHIP_POINT","modelName":"NewYardModel"},"interaction":{"idSuffix":"inner"}},"wdio_ui5_key":"etmportal.ui.manageyards.view.Newsap.m.Input{\"path\":\"\",\"propertyPath\":\"/SHIP_POINT\",\"modelName\":\"NewYardModel\"}"}]}
RESULT: {"script":"<script> [1562 bytes]","args":[{"selector":{"controlType":"sap.m.Input","viewName":"etm.portal.ui.manageyards.view.New","viewId":"application-manageyards-display-component---NewYard","bindingPath":{"path":"","propertyPath":"/SHIP_POINT","modelName":"NewYardModel"},"interaction":{"idSuffix":"inner"}},"wdio_ui5_key":"etmportal.ui.manageyards.view.Newsap.m.Input{\"path\":\"\",\"propertyPath\":\"/SHIP_POINT\",\"modelName\":\"NewYardModel\"}"}]}
RESULT: undefined
COMMAND: POST /session/c486a9816572bc452379bf0d96c97947/execute/async - {"script":"<script> [776 bytes]","args":[{"enterText":"1710","selector":{"controlType":"sap.m.Input","viewName":"etm.portal.ui.manageyards.view.New","viewId":"application-manageyards-display-component---NewYard","bindingPath":{"path":"","propertyPath":"/SHIP_POINT","modelName":"NewYardModel"},"interaction":{"idSuffix":"inner"}},"clearTextFirst":true,"interactionType":"ENTER_TEXT"}]}
RESULT: {"script":"<script> [776 bytes]","args":[{"enterText":"1710","selector":{"controlType":"sap.m.Input","viewName":"etm.portal.ui.manageyards.view.New","viewId":"application-manageyards-display-component---NewYard","bindingPath":{"path":"","propertyPath":"/SHIP_POINT","modelName":"NewYardModel"},"interaction":{"idSuffix":"inner"}},"clearTextFirst":true,"interactionType":"ENTER_TEXT"}]}
COMMAND: POST /session/c486a9816572bc452379bf0d96c97947/execute/async - {"script":"<script> [1562 bytes]","args":[{"selector":{"controlType":"sap.m.Input","viewName":"etm.portal.ui.manageyards.view.New","viewId":"application-manageyards-display-component---NewYard","bindingPath":{"path":"","propertyPath":"/DELIVERY_TYPE","modelName":"NewYardModel"},"interaction":{"idSuffix":"inner"}},"wdio_ui5_key":"etmportal.ui.manageyards.view.Newsap.m.Input{\"path\":\"\",\"propertyPath\":\"/DELIVERY_TYPE\",\"modelName\":\"NewYardModel\"}"}]}
RESULT: {"script":"<script> [1562 bytes]","args":[{"selector":{"controlType":"sap.m.Input","viewName":"etm.portal.ui.manageyards.view.New","viewId":"application-manageyards-display-component---NewYard","bindingPath":{"path":"","propertyPath":"/DELIVERY_TYPE","modelName":"NewYardModel"},"interaction":{"idSuffix":"inner"}},"wdio_ui5_key":"etmportal.ui.manageyards.view.Newsap.m.Input{\"path\":\"\",\"propertyPath\":\"/DELIVERY_TYPE\",\"modelName\":\"NewYardModel\"}"}]}
RESULT: undefined
COMMAND: POST /session/c486a9816572bc452379bf0d96c97947/execute/async - {"script":"<script> [776 bytes]","args":[{"enterText":"ZL01","selector":{"controlType":"sap.m.Input","viewName":"etm.portal.ui.manageyards.view.New","viewId":"application-manageyards-display-component---NewYard","bindingPath":{"path":"","propertyPath":"/DELIVERY_TYPE","modelName":"NewYardModel"},"interaction":{"idSuffix":"inner"}},"clearTextFirst":true,"interactionType":"ENTER_TEXT"}]}
RESULT: {"script":"<script> [776 bytes]","args":[{"enterText":"ZL01","selector":{"controlType":"sap.m.Input","viewName":"etm.portal.ui.manageyards.view.New","viewId":"application-manageyards-display-component---NewYard","bindingPath":{"path":"","propertyPath":"/DELIVERY_TYPE","modelName":"NewYardModel"},"interaction":{"idSuffix":"inner"}},"clearTextFirst":true,"interactionType":"ENTER_TEXT"}]}
COMMAND: POST /session/c486a9816572bc452379bf0d96c97947/execute/async - {"script":"<script> [1562 bytes]","args":[{"selector":{"controlType":"sap.m.Input","viewName":"etm.portal.ui.manageyards.view.New","viewId":"application-manageyards-display-component---NewYard","bindingPath":{"path":"","propertyPath":"/AUART","modelName":"NewYardModel"},"interaction":{"idSuffix":"inner"}},"wdio_ui5_key":"etmportal.ui.manageyards.view.Newsap.m.Input{\"path\":\"\",\"propertyPath\":\"/AUART\",\"modelName\":\"NewYardModel\"}"}]}
RESULT: {"script":"<script> [1562 bytes]","args":[{"selector":{"controlType":"sap.m.Input","viewName":"etm.portal.ui.manageyards.view.New","viewId":"application-manageyards-display-component---NewYard","bindingPath":{"path":"","propertyPath":"/AUART","modelName":"NewYardModel"},"interaction":{"idSuffix":"inner"}},"wdio_ui5_key":"etmportal.ui.manageyards.view.Newsap.m.Input{\"path\":\"\",\"propertyPath\":\"/AUART\",\"modelName\":\"NewYardModel\"}"}]}
RESULT: undefined
COMMAND: POST /session/c486a9816572bc452379bf0d96c97947/execute/async - {"script":"<script> [776 bytes]","args":[{"enterText":"TA","selector":{"controlType":"sap.m.Input","viewName":"etm.portal.ui.manageyards.view.New","viewId":"application-manageyards-display-component---NewYard","bindingPath":{"path":"","propertyPath":"/AUART","modelName":"NewYardModel"},"interaction":{"idSuffix":"inner"}},"clearTextFirst":true,"interactionType":"ENTER_TEXT"}]}
RESULT: {"script":"<script> [776 bytes]","args":[{"enterText":"TA","selector":{"controlType":"sap.m.Input","viewName":"etm.portal.ui.manageyards.view.New","viewId":"application-manageyards-display-component---NewYard","bindingPath":{"path":"","propertyPath":"/AUART","modelName":"NewYardModel"},"interaction":{"idSuffix":"inner"}},"clearTextFirst":true,"interactionType":"ENTER_TEXT"}]}
COMMAND: POST /session/c486a9816572bc452379bf0d96c97947/execute/async - {"script":"<script> [1562 bytes]","args":[{"selector":{"id":"application-manageyards-display-component---NewYard--whmCheckBox","interaction":{"idSuffix":"CbBg"}},"wdio_ui5_key":"applicationmanageyards-display-component---NewYard--whmCheckBox"}]}
RESULT: {"script":"<script> [1562 bytes]","args":[{"selector":{"id":"application-manageyards-display-component---NewYard--whmCheckBox","interaction":{"idSuffix":"CbBg"}},"wdio_ui5_key":"applicationmanageyards-display-component---NewYard--whmCheckBox"}]}
RESULT: undefined
COMMAND: POST /session/c486a9816572bc452379bf0d96c97947/element - {"using":"xpath","value":"//*[@id=\"application-manageyards-display-component---NewYard--whmCheckBox\"]"}
RESULT: {"using":"xpath","value":"//*[@id=\"application-manageyards-display-component---NewYard--whmCheckBox\"]"}
COMMAND: POST /session/c486a9816572bc452379bf0d96c97947/element/f.3F9ECC6ADE9C5A6D32036CC41DCDE0D0.d.005962B9F697814C9DCDD7B8FD6D9B2B.e.755/click - {}
RESULT: {}
COMMAND: GET /session/c486a9816572bc452379bf0d96c97947/screenshot - {}
RESULT: {}
COMMAND: POST /session/c486a9816572bc452379bf0d96c97947/element - {"using":"xpath","value":"//button[@data-kt=\"newYardSaveButton\"]"}
RESULT: {"using":"xpath","value":"//button[@data-kt=\"newYardSaveButton\"]"}
COMMAND: POST /session/c486a9816572bc452379bf0d96c97947/element/f.3F9ECC6ADE9C5A6D32036CC41DCDE0D0.d.005962B9F697814C9DCDD7B8FD6D9B2B.e.643/click - {}
RESULT: {}
COMMAND: GET /session/c486a9816572bc452379bf0d96c97947/screenshot - {}
RESULT: {}
COMMAND: POST /session/c486a9816572bc452379bf0d96c97947/element - {"using":"xpath","value":"//header[contains(@id, 'ObjectPageLayout-headerTitle')]/div[1]/div[2]/div[1]/span[1]"}
RESULT: {"using":"xpath","value":"//header[contains(@id, 'ObjectPageLayout-headerTitle')]/div[1]/div[2]/div[1]/span[1]"}
COMMAND: POST /session/c486a9816572bc452379bf0d96c97947/elements - {"using":"xpath","value":"//header[contains(@id, 'ObjectPageLayout-headerTitle')]/div[1]/div[2]/div[1]/span[1]"}
RESULT: {"using":"xpath","value":"//header[contains(@id, 'ObjectPageLayout-headerTitle')]/div[1]/div[2]/div[1]/span[1]"}
COMMAND: POST /session/c486a9816572bc452379bf0d96c97947/execute/sync - {"script":"<script> [56 bytes]","args":[{"element-6066-11e4-a52e-4f735466cecf":"f.3F9ECC6ADE9C5A6D32036CC41DCDE0D0.d.005962B9F697814C9DCDD7B8FD6D9B2B.e.961","ELEMENT":"f.3F9ECC6ADE9C5A6D32036CC41DCDE0D0.d.005962B9F697814C9DCDD7B8FD6D9B2B.e.961"}]}
RESULT: {"script":"<script> [56 bytes]","args":[{"element-6066-11e4-a52e-4f735466cecf":"f.3F9ECC6ADE9C5A6D32036CC41DCDE0D0.d.005962B9F697814C9DCDD7B8FD6D9B2B.e.961","ELEMENT":"f.3F9ECC6ADE9C5A6D32036CC41DCDE0D0.d.005962B9F697814C9DCDD7B8FD6D9B2B.e.961"}]}
COMMAND: GET /session/c486a9816572bc452379bf0d96c97947/screenshot - {}
RESULT: {}
COMMAND: POST /session/c486a9816572bc452379bf0d96c97947/element - {"using":"css selector","value":"#shell-header-logo"}
RESULT: {"using":"css selector","value":"#shell-header-logo"}
COMMAND: POST /session/c486a9816572bc452379bf0d96c97947/element/f.3F9ECC6ADE9C5A6D32036CC41DCDE0D0.d.005962B9F697814C9DCDD7B8FD6D9B2B.e.213/click - {}
RESULT: {}
COMMAND: GET /session/c486a9816572bc452379bf0d96c97947/screenshot - {}
RESULT: {}
COMMAND: POST /session/c486a9816572bc452379bf0d96c97947/execute/sync - {"script":"<script> [299 bytes]","args":[["getModel","getResource"]]}
RESULT: {"script":"<script> [299 bytes]","args":[["getModel","getResource"]]}
COMMAND: GET /session/c486a9816572bc452379bf0d96c97947/screenshot - {}
]]></system-out>
    </testcase>
    <testcase classname="chrome.136_0_7103_93.windows.Stock_increase_-_with_WHM_US125587" name="Should create a new external WHM partner" time="101.516">
      <system-out><![CDATA[
COMMAND: POST /session/c486a9816572bc452379bf0d96c97947/window/fullscreen - {}
RESULT: {}
COMMAND: POST /session/c486a9816572bc452379bf0d96c97947/execute/async - {"script":"<script> [1562 bytes]","args":[{"selector":{"controlType":"sap.m.GenericTile","properties":{"header":"Manage Partners"}},"wdio_ui5_key":"sapm.GenericTile{\"header\":\"Manage Partners\"}"}]}
RESULT: {}
RESULT: {"script":"<script> [1562 bytes]","args":[{"selector":{"controlType":"sap.m.GenericTile","properties":{"header":"Manage Partners"}},"wdio_ui5_key":"sapm.GenericTile{\"header\":\"Manage Partners\"}"}]}
RESULT: undefined
COMMAND: POST /session/c486a9816572bc452379bf0d96c97947/element - {"using":"xpath","value":"//*[@id=\"__tile38\"]"}
RESULT: {"using":"xpath","value":"//*[@id=\"__tile38\"]"}
COMMAND: POST /session/c486a9816572bc452379bf0d96c97947/element/f.3F9ECC6ADE9C5A6D32036CC41DCDE0D0.d.005962B9F697814C9DCDD7B8FD6D9B2B.e.112/click - {}
RESULT: {}
COMMAND: GET /session/c486a9816572bc452379bf0d96c97947/screenshot - {}
RESULT: {}
COMMAND: POST /session/c486a9816572bc452379bf0d96c97947/elements - {"using":"xpath","value":"//span[text()='Error']"}
RESULT: {"using":"xpath","value":"//span[text()='Error']"}
COMMAND: POST /session/c486a9816572bc452379bf0d96c97947/element - {"using":"xpath","value":"//button[@data-kt=\"addButton\"]"}
RESULT: {"using":"xpath","value":"//button[@data-kt=\"addButton\"]"}
COMMAND: POST /session/c486a9816572bc452379bf0d96c97947/elements - {"using":"xpath","value":"//button[@data-kt=\"addButton\"]"}
RESULT: {"using":"xpath","value":"//button[@data-kt=\"addButton\"]"}
COMMAND: POST /session/c486a9816572bc452379bf0d96c97947/execute/sync - {"script":"<script> [8489 bytes]","args":[{"element-6066-11e4-a52e-4f735466cecf":"f.3F9ECC6ADE9C5A6D32036CC41DCDE0D0.d.005962B9F697814C9DCDD7B8FD6D9B2B.e.997","ELEMENT":"f.3F9ECC6ADE9C5A6D32036CC41DCDE0D0.d.005962B9F697814C9DCDD7B8FD6D9B2B.e.997"}]}
RESULT: {"script":"<script> [8489 bytes]","args":[{"element-6066-11e4-a52e-4f735466cecf":"f.3F9ECC6ADE9C5A6D32036CC41DCDE0D0.d.005962B9F697814C9DCDD7B8FD6D9B2B.e.997","ELEMENT":"f.3F9ECC6ADE9C5A6D32036CC41DCDE0D0.d.005962B9F697814C9DCDD7B8FD6D9B2B.e.997"}]}
COMMAND: GET /session/c486a9816572bc452379bf0d96c97947/element/f.3F9ECC6ADE9C5A6D32036CC41DCDE0D0.d.005962B9F697814C9DCDD7B8FD6D9B2B.e.997/enabled - {}
COMMAND: GET /session/c486a9816572bc452379bf0d96c97947/screenshot - {}
RESULT: {}
COMMAND: POST /session/c486a9816572bc452379bf0d96c97947/execute/sync - {"script":"<script> [8489 bytes]","args":[{"element-6066-11e4-a52e-4f735466cecf":"f.3F9ECC6ADE9C5A6D32036CC41DCDE0D0.d.005962B9F697814C9DCDD7B8FD6D9B2B.e.997","ELEMENT":"f.3F9ECC6ADE9C5A6D32036CC41DCDE0D0.d.005962B9F697814C9DCDD7B8FD6D9B2B.e.997"}]}
COMMAND: GET /session/c486a9816572bc452379bf0d96c97947/screenshot - {}
RESULT: {}
RESULT: {"script":"<script> [8489 bytes]","args":[{"element-6066-11e4-a52e-4f735466cecf":"f.3F9ECC6ADE9C5A6D32036CC41DCDE0D0.d.005962B9F697814C9DCDD7B8FD6D9B2B.e.997","ELEMENT":"f.3F9ECC6ADE9C5A6D32036CC41DCDE0D0.d.005962B9F697814C9DCDD7B8FD6D9B2B.e.997"}]}
COMMAND: POST /session/c486a9816572bc452379bf0d96c97947/execute/sync - {"script":"<script> [5351 bytes]","args":[{"element-6066-11e4-a52e-4f735466cecf":"f.3F9ECC6ADE9C5A6D32036CC41DCDE0D0.d.005962B9F697814C9DCDD7B8FD6D9B2B.e.997","ELEMENT":"f.3F9ECC6ADE9C5A6D32036CC41DCDE0D0.d.005962B9F697814C9DCDD7B8FD6D9B2B.e.997"}]}
COMMAND: GET /session/c486a9816572bc452379bf0d96c97947/screenshot - {}
RESULT: {}
RESULT: {"script":"<script> [5351 bytes]","args":[{"element-6066-11e4-a52e-4f735466cecf":"f.3F9ECC6ADE9C5A6D32036CC41DCDE0D0.d.005962B9F697814C9DCDD7B8FD6D9B2B.e.997","ELEMENT":"f.3F9ECC6ADE9C5A6D32036CC41DCDE0D0.d.005962B9F697814C9DCDD7B8FD6D9B2B.e.997"}]}
COMMAND: POST /session/c486a9816572bc452379bf0d96c97947/element/f.3F9ECC6ADE9C5A6D32036CC41DCDE0D0.d.005962B9F697814C9DCDD7B8FD6D9B2B.e.997/click - {}
COMMAND: GET /session/c486a9816572bc452379bf0d96c97947/screenshot - {}
RESULT: {}
RESULT: {}
COMMAND: GET /session/c486a9816572bc452379bf0d96c97947/screenshot - {}
COMMAND: POST /session/c486a9816572bc452379bf0d96c97947/execute/async - {"script":"<script> [1562 bytes]","args":[{"selector":{"id":"application-managepartners-display-component---NewPartner--addressDetailDetailsName1","interaction":{"idSuffix":"inner"}},"wdio_ui5_key":"applicationmanagepartners-display-component---NewPartner--addressDetailDetailsName1"}]}
RESULT: {}
RESULT: {}
RESULT: {"script":"<script> [1562 bytes]","args":[{"selector":{"id":"application-managepartners-display-component---NewPartner--addressDetailDetailsName1","interaction":{"idSuffix":"inner"}},"wdio_ui5_key":"applicationmanagepartners-display-component---NewPartner--addressDetailDetailsName1"}]}
RESULT: undefined
COMMAND: POST /session/c486a9816572bc452379bf0d96c97947/execute/async - {"script":"<script> [776 bytes]","args":[{"enterText":"External Partner WDIO","selector":{"id":"application-managepartners-display-component---NewPartner--addressDetailDetailsName1","interaction":{"idSuffix":"inner"}},"clearTextFirst":true,"interactionType":"ENTER_TEXT"}]}
RESULT: {"script":"<script> [776 bytes]","args":[{"enterText":"External Partner WDIO","selector":{"id":"application-managepartners-display-component---NewPartner--addressDetailDetailsName1","interaction":{"idSuffix":"inner"}},"clearTextFirst":true,"interactionType":"ENTER_TEXT"}]}
COMMAND: POST /session/c486a9816572bc452379bf0d96c97947/execute/async - {"script":"<script> [1562 bytes]","args":[{"selector":{"id":"application-managepartners-display-component---NewPartner--addressDetailDetailsLanguage-arrow"},"wdio_ui5_key":"applicationmanagepartners-display-component---NewPartner--addressDetailDetailsLanguage-arrow"}]}
RESULT: {"script":"<script> [1562 bytes]","args":[{"selector":{"id":"application-managepartners-display-component---NewPartner--addressDetailDetailsLanguage-arrow"},"wdio_ui5_key":"applicationmanagepartners-display-component---NewPartner--addressDetailDetailsLanguage-arrow"}]}
RESULT: undefined
COMMAND: POST /session/c486a9816572bc452379bf0d96c97947/element - {"using":"xpath","value":"//*[@id=\"application-managepartners-display-component---NewPartner--addressDetailDetailsLanguage-arrow\"]"}
RESULT: {"using":"xpath","value":"//*[@id=\"application-managepartners-display-component---NewPartner--addressDetailDetailsLanguage-arrow\"]"}
COMMAND: POST /session/c486a9816572bc452379bf0d96c97947/element/f.3F9ECC6ADE9C5A6D32036CC41DCDE0D0.d.005962B9F697814C9DCDD7B8FD6D9B2B.e.1439/click - {}
RESULT: {}
COMMAND: POST /session/c486a9816572bc452379bf0d96c97947/element - {"using":"xpath","value":"//span[contains(text(), \"English\")]"}
COMMAND: GET /session/c486a9816572bc452379bf0d96c97947/screenshot - {}
RESULT: {"using":"xpath","value":"//span[contains(text(), \"English\")]"}
COMMAND: POST /session/c486a9816572bc452379bf0d96c97947/element/f.3F9ECC6ADE9C5A6D32036CC41DCDE0D0.d.005962B9F697814C9DCDD7B8FD6D9B2B.e.1440/click - {}
RESULT: {}
RESULT: {}
COMMAND: GET /session/c486a9816572bc452379bf0d96c97947/screenshot - {}
RESULT: {}
COMMAND: POST /session/c486a9816572bc452379bf0d96c97947/execute/async - {"script":"<script> [1562 bytes]","args":[{"selector":{"id":"application-managepartners-display-component---NewPartner--addressDetailDetailsCity1","interaction":{"idSuffix":"inner"}},"wdio_ui5_key":"applicationmanagepartners-display-component---NewPartner--addressDetailDetailsCity1"}]}
RESULT: {"script":"<script> [1562 bytes]","args":[{"selector":{"id":"application-managepartners-display-component---NewPartner--addressDetailDetailsCity1","interaction":{"idSuffix":"inner"}},"wdio_ui5_key":"applicationmanagepartners-display-component---NewPartner--addressDetailDetailsCity1"}]}
RESULT: undefined
COMMAND: POST /session/c486a9816572bc452379bf0d96c97947/execute/async - {"script":"<script> [776 bytes]","args":[{"enterText":"Rosario","selector":{"id":"application-managepartners-display-component---NewPartner--addressDetailDetailsCity1","interaction":{"idSuffix":"inner"}},"clearTextFirst":true,"interactionType":"ENTER_TEXT"}]}
RESULT: {"script":"<script> [776 bytes]","args":[{"enterText":"Rosario","selector":{"id":"application-managepartners-display-component---NewPartner--addressDetailDetailsCity1","interaction":{"idSuffix":"inner"}},"clearTextFirst":true,"interactionType":"ENTER_TEXT"}]}
COMMAND: POST /session/c486a9816572bc452379bf0d96c97947/execute/async - {"script":"<script> [1562 bytes]","args":[{"selector":{"id":"application-managepartners-display-component---NewPartner--addressDetailDetailsCountry-arrow"},"wdio_ui5_key":"applicationmanagepartners-display-component---NewPartner--addressDetailDetailsCountry-arrow"}]}
RESULT: {"script":"<script> [1562 bytes]","args":[{"selector":{"id":"application-managepartners-display-component---NewPartner--addressDetailDetailsCountry-arrow"},"wdio_ui5_key":"applicationmanagepartners-display-component---NewPartner--addressDetailDetailsCountry-arrow"}]}
RESULT: undefined
COMMAND: POST /session/c486a9816572bc452379bf0d96c97947/element - {"using":"xpath","value":"//*[@id=\"application-managepartners-display-component---NewPartner--addressDetailDetailsCountry-arrow\"]"}
RESULT: {"using":"xpath","value":"//*[@id=\"application-managepartners-display-component---NewPartner--addressDetailDetailsCountry-arrow\"]"}
COMMAND: POST /session/c486a9816572bc452379bf0d96c97947/element/f.3F9ECC6ADE9C5A6D32036CC41DCDE0D0.d.005962B9F697814C9DCDD7B8FD6D9B2B.e.1404/click - {}
RESULT: {}
COMMAND: POST /session/c486a9816572bc452379bf0d96c97947/element - {"using":"xpath","value":"//span[contains(text(), \"Argentina\")]"}
COMMAND: GET /session/c486a9816572bc452379bf0d96c97947/screenshot - {}
RESULT: {"using":"xpath","value":"//span[contains(text(), \"Argentina\")]"}
COMMAND: POST /session/c486a9816572bc452379bf0d96c97947/element/f.3F9ECC6ADE9C5A6D32036CC41DCDE0D0.d.005962B9F697814C9DCDD7B8FD6D9B2B.e.1442/click - {}
RESULT: {}
RESULT: {}
COMMAND: GET /session/c486a9816572bc452379bf0d96c97947/screenshot - {}
RESULT: {}
COMMAND: POST /session/c486a9816572bc452379bf0d96c97947/element - {"using":"xpath","value":"//bdi[contains(text(), \"Commercial\")]"}
RESULT: {"using":"xpath","value":"//bdi[contains(text(), \"Commercial\")]"}
COMMAND: POST /session/c486a9816572bc452379bf0d96c97947/element/f.3F9ECC6ADE9C5A6D32036CC41DCDE0D0.d.005962B9F697814C9DCDD7B8FD6D9B2B.e.1443/click - {}
RESULT: {}
COMMAND: GET /session/c486a9816572bc452379bf0d96c97947/screenshot - {}
RESULT: {}
COMMAND: POST /session/c486a9816572bc452379bf0d96c97947/execute/async - {"script":"<script> [1562 bytes]","args":[{"selector":{"id":"application-managepartners-display-component---NewPartner--partnerDetailInternal-arrow"},"wdio_ui5_key":"applicationmanagepartners-display-component---NewPartner--partnerDetailInternal-arrow"}]}
RESULT: {"script":"<script> [1562 bytes]","args":[{"selector":{"id":"application-managepartners-display-component---NewPartner--partnerDetailInternal-arrow"},"wdio_ui5_key":"applicationmanagepartners-display-component---NewPartner--partnerDetailInternal-arrow"}]}
RESULT: undefined
COMMAND: POST /session/c486a9816572bc452379bf0d96c97947/element - {"using":"xpath","value":"//*[@id=\"application-managepartners-display-component---NewPartner--partnerDetailInternal-arrow\"]"}
RESULT: {"using":"xpath","value":"//*[@id=\"application-managepartners-display-component---NewPartner--partnerDetailInternal-arrow\"]"}
COMMAND: POST /session/c486a9816572bc452379bf0d96c97947/element/f.3F9ECC6ADE9C5A6D32036CC41DCDE0D0.d.005962B9F697814C9DCDD7B8FD6D9B2B.e.1449/click - {}
RESULT: {}
COMMAND: POST /session/c486a9816572bc452379bf0d96c97947/element - {"using":"xpath","value":"//span[contains(text(), \"External partner\")]"}
COMMAND: GET /session/c486a9816572bc452379bf0d96c97947/screenshot - {}
RESULT: {"using":"xpath","value":"//span[contains(text(), \"External partner\")]"}
COMMAND: POST /session/c486a9816572bc452379bf0d96c97947/element/f.3F9ECC6ADE9C5A6D32036CC41DCDE0D0.d.005962B9F697814C9DCDD7B8FD6D9B2B.e.1450/click - {}
RESULT: {}
RESULT: {}
COMMAND: POST /session/c486a9816572bc452379bf0d96c97947/execute/async - {"script":"<script> [1562 bytes]","args":[{"selector":{"id":"application-managepartners-display-component---NewPartner--partnerDetailsCurrency-arrow"},"wdio_ui5_key":"applicationmanagepartners-display-component---NewPartner--partnerDetailsCurrency-arrow"}]}
COMMAND: GET /session/c486a9816572bc452379bf0d96c97947/screenshot - {}
RESULT: {"script":"<script> [1562 bytes]","args":[{"selector":{"id":"application-managepartners-display-component---NewPartner--partnerDetailsCurrency-arrow"},"wdio_ui5_key":"applicationmanagepartners-display-component---NewPartner--partnerDetailsCurrency-arrow"}]}
RESULT: undefined
COMMAND: POST /session/c486a9816572bc452379bf0d96c97947/element - {"using":"xpath","value":"//*[@id=\"application-managepartners-display-component---NewPartner--partnerDetailsCurrency-arrow\"]"}
RESULT: {}
RESULT: {"using":"xpath","value":"//*[@id=\"application-managepartners-display-component---NewPartner--partnerDetailsCurrency-arrow\"]"}
COMMAND: POST /session/c486a9816572bc452379bf0d96c97947/element/f.3F9ECC6ADE9C5A6D32036CC41DCDE0D0.d.005962B9F697814C9DCDD7B8FD6D9B2B.e.1455/click - {}
RESULT: {}
COMMAND: POST /session/c486a9816572bc452379bf0d96c97947/element - {"using":"xpath","value":"//span[contains(text(), \"US Dollar\")]"}
COMMAND: GET /session/c486a9816572bc452379bf0d96c97947/screenshot - {}
RESULT: {"using":"xpath","value":"//span[contains(text(), \"US Dollar\")]"}
COMMAND: POST /session/c486a9816572bc452379bf0d96c97947/element/f.3F9ECC6ADE9C5A6D32036CC41DCDE0D0.d.005962B9F697814C9DCDD7B8FD6D9B2B.e.1456/click - {}
RESULT: {}
RESULT: {}
COMMAND: GET /session/c486a9816572bc452379bf0d96c97947/screenshot - {}
RESULT: {}
COMMAND: POST /session/c486a9816572bc452379bf0d96c97947/element - {"using":"xpath","value":"//input[@id=\"application-managepartners-display-component---NewPartner--companyCodeComboBox-inner\"]"}
RESULT: {"using":"xpath","value":"//input[@id=\"application-managepartners-display-component---NewPartner--companyCodeComboBox-inner\"]"}
COMMAND: POST /session/c486a9816572bc452379bf0d96c97947/element/f.3F9ECC6ADE9C5A6D32036CC41DCDE0D0.d.005962B9F697814C9DCDD7B8FD6D9B2B.e.1317/clear - {}
RESULT: {}
COMMAND: POST /session/c486a9816572bc452379bf0d96c97947/element/f.3F9ECC6ADE9C5A6D32036CC41DCDE0D0.d.005962B9F697814C9DCDD7B8FD6D9B2B.e.1317/value - {"text":"C002"}
COMMAND: GET /session/c486a9816572bc452379bf0d96c97947/screenshot - {}
RESULT: {"text":"C002"}
COMMAND: GET /session/c486a9816572bc452379bf0d96c97947/screenshot - {}
RESULT: {}
RESULT: {}
COMMAND: POST /session/c486a9816572bc452379bf0d96c97947/element - {"using":"xpath","value":"//li[.//span[text()= \"C002\"]]"}
RESULT: {"using":"xpath","value":"//li[.//span[text()= \"C002\"]]"}
COMMAND: POST /session/c486a9816572bc452379bf0d96c97947/element/f.3F9ECC6ADE9C5A6D32036CC41DCDE0D0.d.005962B9F697814C9DCDD7B8FD6D9B2B.e.1460/click - {}
RESULT: {}
COMMAND: GET /session/c486a9816572bc452379bf0d96c97947/screenshot - {}
RESULT: {}
COMMAND: POST /session/c486a9816572bc452379bf0d96c97947/execute/async - {"script":"<script> [1562 bytes]","args":[{"selector":{"id":"application-managepartners-display-component---NewPartner--btnAddTableRow-img"},"wdio_ui5_key":"applicationmanagepartners-display-component---NewPartner--btnAddTableRow-img"}]}
RESULT: {"script":"<script> [1562 bytes]","args":[{"selector":{"id":"application-managepartners-display-component---NewPartner--btnAddTableRow-img"},"wdio_ui5_key":"applicationmanagepartners-display-component---NewPartner--btnAddTableRow-img"}]}
RESULT: undefined
COMMAND: POST /session/c486a9816572bc452379bf0d96c97947/element - {"using":"xpath","value":"//*[@id=\"application-managepartners-display-component---NewPartner--btnAddTableRow-img\"]"}
RESULT: {"using":"xpath","value":"//*[@id=\"application-managepartners-display-component---NewPartner--btnAddTableRow-img\"]"}
COMMAND: POST /session/c486a9816572bc452379bf0d96c97947/element/f.3F9ECC6ADE9C5A6D32036CC41DCDE0D0.d.005962B9F697814C9DCDD7B8FD6D9B2B.e.1461/click - {}
RESULT: {}
COMMAND: GET /session/c486a9816572bc452379bf0d96c97947/screenshot - {}
RESULT: {}
COMMAND: POST /session/c486a9816572bc452379bf0d96c97947/element - {"using":"xpath","value":"//input[@id=\"application-managepartners-display-component---NewPartner--assignmentYard-application-managepartners-display-component---NewPartner--assignmentsTable-0-inner\"]"}
RESULT: {"using":"xpath","value":"//input[@id=\"application-managepartners-display-component---NewPartner--assignmentYard-application-managepartners-display-component---NewPartner--assignmentsTable-0-inner\"]"}
COMMAND: POST /session/c486a9816572bc452379bf0d96c97947/element/f.3F9ECC6ADE9C5A6D32036CC41DCDE0D0.d.005962B9F697814C9DCDD7B8FD6D9B2B.e.1464/clear - {}
RESULT: {}
COMMAND: POST /session/c486a9816572bc452379bf0d96c97947/element/f.3F9ECC6ADE9C5A6D32036CC41DCDE0D0.d.005962B9F697814C9DCDD7B8FD6D9B2B.e.1464/value - {"text":"380"}
COMMAND: GET /session/c486a9816572bc452379bf0d96c97947/screenshot - {}
RESULT: {"text":"380"}
COMMAND: GET /session/c486a9816572bc452379bf0d96c97947/screenshot - {}
RESULT: {}
RESULT: {}
COMMAND: POST /session/c486a9816572bc452379bf0d96c97947/element - {"using":"xpath","value":"//li[.//span[text()='380']]"}
RESULT: {"using":"xpath","value":"//li[.//span[text()='380']]"}
COMMAND: POST /session/c486a9816572bc452379bf0d96c97947/element/f.3F9ECC6ADE9C5A6D32036CC41DCDE0D0.d.005962B9F697814C9DCDD7B8FD6D9B2B.e.1472/click - {}
RESULT: {}
COMMAND: GET /session/c486a9816572bc452379bf0d96c97947/screenshot - {}
RESULT: {}
COMMAND: POST /session/c486a9816572bc452379bf0d96c97947/actions - {"actions":[{"id":"action2","type":"key","parameters":{},"actions":[{"type":"keyDown","value":"î€‡"},{"type":"pause","duration":10},{"type":"keyUp","value":"î€‡"}]}]}
RESULT: {"actions":[{"id":"action2","type":"key","parameters":{},"actions":[{"type":"keyDown","value":"î€‡"},{"type":"pause","duration":10},{"type":"keyUp","value":"î€‡"}]}]}
COMMAND: POST /session/c486a9816572bc452379bf0d96c97947/element - {"using":"xpath","value":"//td[contains(@id, \"assignmentsTable-0-cell2\")]/div/div"}
COMMAND: GET /session/c486a9816572bc452379bf0d96c97947/screenshot - {}
RESULT: {"using":"xpath","value":"//td[contains(@id, \"assignmentsTable-0-cell2\")]/div/div"}
COMMAND: POST /session/c486a9816572bc452379bf0d96c97947/element/f.3F9ECC6ADE9C5A6D32036CC41DCDE0D0.d.005962B9F697814C9DCDD7B8FD6D9B2B.e.1475/click - {}
RESULT: {}
RESULT: {}
COMMAND: GET /session/c486a9816572bc452379bf0d96c97947/screenshot - {}
RESULT: {}
COMMAND: POST /session/c486a9816572bc452379bf0d96c97947/element - {"using":"xpath","value":"//button[@data-kt=\"saveButton\"]"}
RESULT: {"using":"xpath","value":"//button[@data-kt=\"saveButton\"]"}
COMMAND: POST /session/c486a9816572bc452379bf0d96c97947/element/f.3F9ECC6ADE9C5A6D32036CC41DCDE0D0.d.005962B9F697814C9DCDD7B8FD6D9B2B.e.1347/click - {}
RESULT: {}
COMMAND: GET /session/c486a9816572bc452379bf0d96c97947/screenshot - {}
RESULT: {}
COMMAND: POST /session/c486a9816572bc452379bf0d96c97947/element - {"using":"xpath","value":"//header[contains(@id, 'ObjectPageLayout-headerTitle')]/div[1]/div[2]/div[2]/span[1]"}
RESULT: {"using":"xpath","value":"//header[contains(@id, 'ObjectPageLayout-headerTitle')]/div[1]/div[2]/div[2]/span[1]"}
COMMAND: POST /session/c486a9816572bc452379bf0d96c97947/elements - {"using":"xpath","value":"//header[contains(@id, 'ObjectPageLayout-headerTitle')]/div[1]/div[2]/div[2]/span[1]"}
RESULT: {"using":"xpath","value":"//header[contains(@id, 'ObjectPageLayout-headerTitle')]/div[1]/div[2]/div[2]/span[1]"}
COMMAND: POST /session/c486a9816572bc452379bf0d96c97947/execute/sync - {"script":"<script> [56 bytes]","args":[{"element-6066-11e4-a52e-4f735466cecf":"f.3F9ECC6ADE9C5A6D32036CC41DCDE0D0.d.005962B9F697814C9DCDD7B8FD6D9B2B.e.1641","ELEMENT":"f.3F9ECC6ADE9C5A6D32036CC41DCDE0D0.d.005962B9F697814C9DCDD7B8FD6D9B2B.e.1641"}]}
RESULT: {"script":"<script> [56 bytes]","args":[{"element-6066-11e4-a52e-4f735466cecf":"f.3F9ECC6ADE9C5A6D32036CC41DCDE0D0.d.005962B9F697814C9DCDD7B8FD6D9B2B.e.1641","ELEMENT":"f.3F9ECC6ADE9C5A6D32036CC41DCDE0D0.d.005962B9F697814C9DCDD7B8FD6D9B2B.e.1641"}]}
COMMAND: POST /session/c486a9816572bc452379bf0d96c97947/element - {"using":"css selector","value":"#shell-header-logo"}
COMMAND: GET /session/c486a9816572bc452379bf0d96c97947/screenshot - {}
RESULT: {"using":"css selector","value":"#shell-header-logo"}
COMMAND: POST /session/c486a9816572bc452379bf0d96c97947/element/f.3F9ECC6ADE9C5A6D32036CC41DCDE0D0.d.005962B9F697814C9DCDD7B8FD6D9B2B.e.964/click - {}
RESULT: {}
RESULT: {}
COMMAND: GET /session/c486a9816572bc452379bf0d96c97947/screenshot - {}
RESULT: {}
COMMAND: POST /session/c486a9816572bc452379bf0d96c97947/execute/sync - {"script":"<script> [299 bytes]","args":[["getModel","getResource"]]}
RESULT: {"script":"<script> [299 bytes]","args":[["getModel","getResource"]]}
]]></system-out>
    </testcase>
    <testcase classname="chrome.136_0_7103_93.windows.Stock_increase_-_with_WHM_US125587" name="Should create a new WHM site" time="174.886">
      <system-out><![CDATA[
COMMAND: POST /session/c486a9816572bc452379bf0d96c97947/execute/async - {"script":"<script> [1562 bytes]","args":[{"selector":{"controlType":"sap.m.GenericTile","properties":{"header":"Manage Sites"}},"wdio_ui5_key":"sapm.GenericTile{\"header\":\"Manage Sites\"}"}]}
COMMAND: GET /session/c486a9816572bc452379bf0d96c97947/screenshot - {}
RESULT: {"script":"<script> [1562 bytes]","args":[{"selector":{"controlType":"sap.m.GenericTile","properties":{"header":"Manage Sites"}},"wdio_ui5_key":"sapm.GenericTile{\"header\":\"Manage Sites\"}"}]}
RESULT: undefined
COMMAND: POST /session/c486a9816572bc452379bf0d96c97947/element - {"using":"xpath","value":"//*[@id=\"__tile40\"]"}
RESULT: {}
RESULT: {"using":"xpath","value":"//*[@id=\"__tile40\"]"}
COMMAND: POST /session/c486a9816572bc452379bf0d96c97947/element/f.3F9ECC6ADE9C5A6D32036CC41DCDE0D0.d.005962B9F697814C9DCDD7B8FD6D9B2B.e.118/click - {}
RESULT: {}
COMMAND: GET /session/c486a9816572bc452379bf0d96c97947/screenshot - {}
RESULT: {}
COMMAND: POST /session/c486a9816572bc452379bf0d96c97947/elements - {"using":"xpath","value":"//span[text()='Error']"}
RESULT: {"using":"xpath","value":"//span[text()='Error']"}
COMMAND: POST /session/c486a9816572bc452379bf0d96c97947/element - {"using":"xpath","value":"//button[@data-kt=\"addOverflowToolbarButton\"]"}
RESULT: {"using":"xpath","value":"//button[@data-kt=\"addOverflowToolbarButton\"]"}
COMMAND: POST /session/c486a9816572bc452379bf0d96c97947/elements - {"using":"xpath","value":"//button[@data-kt=\"addOverflowToolbarButton\"]"}
RESULT: {"using":"xpath","value":"//button[@data-kt=\"addOverflowToolbarButton\"]"}
COMMAND: POST /session/c486a9816572bc452379bf0d96c97947/execute/sync - {"script":"<script> [8489 bytes]","args":[{"element-6066-11e4-a52e-4f735466cecf":"f.3F9ECC6ADE9C5A6D32036CC41DCDE0D0.d.005962B9F697814C9DCDD7B8FD6D9B2B.e.1688","ELEMENT":"f.3F9ECC6ADE9C5A6D32036CC41DCDE0D0.d.005962B9F697814C9DCDD7B8FD6D9B2B.e.1688"}]}
RESULT: {"script":"<script> [8489 bytes]","args":[{"element-6066-11e4-a52e-4f735466cecf":"f.3F9ECC6ADE9C5A6D32036CC41DCDE0D0.d.005962B9F697814C9DCDD7B8FD6D9B2B.e.1688","ELEMENT":"f.3F9ECC6ADE9C5A6D32036CC41DCDE0D0.d.005962B9F697814C9DCDD7B8FD6D9B2B.e.1688"}]}
COMMAND: GET /session/c486a9816572bc452379bf0d96c97947/element/f.3F9ECC6ADE9C5A6D32036CC41DCDE0D0.d.005962B9F697814C9DCDD7B8FD6D9B2B.e.1688/enabled - {}
COMMAND: GET /session/c486a9816572bc452379bf0d96c97947/screenshot - {}
RESULT: {}
COMMAND: POST /session/c486a9816572bc452379bf0d96c97947/execute/sync - {"script":"<script> [8489 bytes]","args":[{"element-6066-11e4-a52e-4f735466cecf":"f.3F9ECC6ADE9C5A6D32036CC41DCDE0D0.d.005962B9F697814C9DCDD7B8FD6D9B2B.e.1688","ELEMENT":"f.3F9ECC6ADE9C5A6D32036CC41DCDE0D0.d.005962B9F697814C9DCDD7B8FD6D9B2B.e.1688"}]}
COMMAND: GET /session/c486a9816572bc452379bf0d96c97947/screenshot - {}
RESULT: {}
RESULT: {"script":"<script> [8489 bytes]","args":[{"element-6066-11e4-a52e-4f735466cecf":"f.3F9ECC6ADE9C5A6D32036CC41DCDE0D0.d.005962B9F697814C9DCDD7B8FD6D9B2B.e.1688","ELEMENT":"f.3F9ECC6ADE9C5A6D32036CC41DCDE0D0.d.005962B9F697814C9DCDD7B8FD6D9B2B.e.1688"}]}
COMMAND: POST /session/c486a9816572bc452379bf0d96c97947/execute/sync - {"script":"<script> [5351 bytes]","args":[{"element-6066-11e4-a52e-4f735466cecf":"f.3F9ECC6ADE9C5A6D32036CC41DCDE0D0.d.005962B9F697814C9DCDD7B8FD6D9B2B.e.1688","ELEMENT":"f.3F9ECC6ADE9C5A6D32036CC41DCDE0D0.d.005962B9F697814C9DCDD7B8FD6D9B2B.e.1688"}]}
COMMAND: GET /session/c486a9816572bc452379bf0d96c97947/screenshot - {}
RESULT: {}
RESULT: {"script":"<script> [5351 bytes]","args":[{"element-6066-11e4-a52e-4f735466cecf":"f.3F9ECC6ADE9C5A6D32036CC41DCDE0D0.d.005962B9F697814C9DCDD7B8FD6D9B2B.e.1688","ELEMENT":"f.3F9ECC6ADE9C5A6D32036CC41DCDE0D0.d.005962B9F697814C9DCDD7B8FD6D9B2B.e.1688"}]}
COMMAND: POST /session/c486a9816572bc452379bf0d96c97947/element/f.3F9ECC6ADE9C5A6D32036CC41DCDE0D0.d.005962B9F697814C9DCDD7B8FD6D9B2B.e.1688/click - {}
COMMAND: GET /session/c486a9816572bc452379bf0d96c97947/screenshot - {}
RESULT: {}
RESULT: {}
COMMAND: GET /session/c486a9816572bc452379bf0d96c97947/screenshot - {}
COMMAND: POST /session/c486a9816572bc452379bf0d96c97947/element - {"using":"xpath","value":"//input[@id=\"application-managesites-display-component---NewSite--siteId-inner\"]"}
RESULT: {}
RESULT: {}
RESULT: {"using":"xpath","value":"//input[@id=\"application-managesites-display-component---NewSite--siteId-inner\"]"}
COMMAND: POST /session/c486a9816572bc452379bf0d96c97947/element - {"using":"xpath","value":"//input[@id=\"application-managesites-display-component---NewSite--siteId-inner\"]"}
RESULT: {"using":"xpath","value":"//input[@id=\"application-managesites-display-component---NewSite--siteId-inner\"]"}
COMMAND: POST /session/c486a9816572bc452379bf0d96c97947/execute/async - {"script":"<script> [1562 bytes]","args":[{"selector":{"id":"application-managesites-display-component---NewSite--addressDetailDetailsName1","interaction":{"idSuffix":"inner"}},"wdio_ui5_key":"applicationmanagesites-display-component---NewSite--addressDetailDetailsName1"}]}
RESULT: {"script":"<script> [1562 bytes]","args":[{"selector":{"id":"application-managesites-display-component---NewSite--addressDetailDetailsName1","interaction":{"idSuffix":"inner"}},"wdio_ui5_key":"applicationmanagesites-display-component---NewSite--addressDetailDetailsName1"}]}
RESULT: undefined
COMMAND: POST /session/c486a9816572bc452379bf0d96c97947/execute/async - {"script":"<script> [776 bytes]","args":[{"enterText":"Warehouse Managed Site WDIO","selector":{"id":"application-managesites-display-component---NewSite--addressDetailDetailsName1","interaction":{"idSuffix":"inner"}},"clearTextFirst":true,"interactionType":"ENTER_TEXT"}]}
RESULT: {"script":"<script> [776 bytes]","args":[{"enterText":"Warehouse Managed Site WDIO","selector":{"id":"application-managesites-display-component---NewSite--addressDetailDetailsName1","interaction":{"idSuffix":"inner"}},"clearTextFirst":true,"interactionType":"ENTER_TEXT"}]}
COMMAND: POST /session/c486a9816572bc452379bf0d96c97947/execute/async - {"script":"<script> [1562 bytes]","args":[{"selector":{"id":"application-managesites-display-component---NewSite--addressDetailDetailsLanguage-arrow"},"wdio_ui5_key":"applicationmanagesites-display-component---NewSite--addressDetailDetailsLanguage-arrow"}]}
RESULT: {"script":"<script> [1562 bytes]","args":[{"selector":{"id":"application-managesites-display-component---NewSite--addressDetailDetailsLanguage-arrow"},"wdio_ui5_key":"applicationmanagesites-display-component---NewSite--addressDetailDetailsLanguage-arrow"}]}
RESULT: undefined
COMMAND: POST /session/c486a9816572bc452379bf0d96c97947/element - {"using":"xpath","value":"//*[@id=\"application-managesites-display-component---NewSite--addressDetailDetailsLanguage-arrow\"]"}
RESULT: {"using":"xpath","value":"//*[@id=\"application-managesites-display-component---NewSite--addressDetailDetailsLanguage-arrow\"]"}
COMMAND: POST /session/c486a9816572bc452379bf0d96c97947/element/f.3F9ECC6ADE9C5A6D32036CC41DCDE0D0.d.005962B9F697814C9DCDD7B8FD6D9B2B.e.2090/click - {}
RESULT: {}
COMMAND: POST /session/c486a9816572bc452379bf0d96c97947/element - {"using":"xpath","value":"//span[contains(text(), \"English\")]"}
COMMAND: GET /session/c486a9816572bc452379bf0d96c97947/screenshot - {}
RESULT: {"using":"xpath","value":"//span[contains(text(), \"English\")]"}
COMMAND: POST /session/c486a9816572bc452379bf0d96c97947/element/f.3F9ECC6ADE9C5A6D32036CC41DCDE0D0.d.005962B9F697814C9DCDD7B8FD6D9B2B.e.2091/click - {}
RESULT: {}
RESULT: {}
COMMAND: POST /session/c486a9816572bc452379bf0d96c97947/execute/async - {"script":"<script> [1562 bytes]","args":[{"selector":{"id":"application-managesites-display-component---NewSite--addressDetailDetailsCity1","interaction":{"idSuffix":"inner"}},"wdio_ui5_key":"applicationmanagesites-display-component---NewSite--addressDetailDetailsCity1"}]}
COMMAND: GET /session/c486a9816572bc452379bf0d96c97947/screenshot - {}
RESULT: {"script":"<script> [1562 bytes]","args":[{"selector":{"id":"application-managesites-display-component---NewSite--addressDetailDetailsCity1","interaction":{"idSuffix":"inner"}},"wdio_ui5_key":"applicationmanagesites-display-component---NewSite--addressDetailDetailsCity1"}]}
RESULT: undefined
COMMAND: POST /session/c486a9816572bc452379bf0d96c97947/execute/async - {"script":"<script> [776 bytes]","args":[{"enterText":"Rosario","selector":{"id":"application-managesites-display-component---NewSite--addressDetailDetailsCity1","interaction":{"idSuffix":"inner"}},"clearTextFirst":true,"interactionType":"ENTER_TEXT"}]}
RESULT: {}
RESULT: {"script":"<script> [776 bytes]","args":[{"enterText":"Rosario","selector":{"id":"application-managesites-display-component---NewSite--addressDetailDetailsCity1","interaction":{"idSuffix":"inner"}},"clearTextFirst":true,"interactionType":"ENTER_TEXT"}]}
COMMAND: POST /session/c486a9816572bc452379bf0d96c97947/execute/async - {"script":"<script> [1562 bytes]","args":[{"selector":{"id":"application-managesites-display-component---NewSite--addressDetailDetailsCountry-arrow"},"wdio_ui5_key":"applicationmanagesites-display-component---NewSite--addressDetailDetailsCountry-arrow"}]}
RESULT: {"script":"<script> [1562 bytes]","args":[{"selector":{"id":"application-managesites-display-component---NewSite--addressDetailDetailsCountry-arrow"},"wdio_ui5_key":"applicationmanagesites-display-component---NewSite--addressDetailDetailsCountry-arrow"}]}
RESULT: undefined
COMMAND: POST /session/c486a9816572bc452379bf0d96c97947/element - {"using":"xpath","value":"//*[@id=\"application-managesites-display-component---NewSite--addressDetailDetailsCountry-arrow\"]"}
RESULT: {"using":"xpath","value":"//*[@id=\"application-managesites-display-component---NewSite--addressDetailDetailsCountry-arrow\"]"}
COMMAND: POST /session/c486a9816572bc452379bf0d96c97947/element/f.3F9ECC6ADE9C5A6D32036CC41DCDE0D0.d.005962B9F697814C9DCDD7B8FD6D9B2B.e.2093/click - {}
RESULT: {}
COMMAND: POST /session/c486a9816572bc452379bf0d96c97947/element - {"using":"xpath","value":"//span[contains(text(), \"Argentina\")]"}
COMMAND: GET /session/c486a9816572bc452379bf0d96c97947/screenshot - {}
RESULT: {"using":"xpath","value":"//span[contains(text(), \"Argentina\")]"}
COMMAND: POST /session/c486a9816572bc452379bf0d96c97947/element/f.3F9ECC6ADE9C5A6D32036CC41DCDE0D0.d.005962B9F697814C9DCDD7B8FD6D9B2B.e.2094/click - {}
RESULT: {}
RESULT: {}
COMMAND: GET /session/c486a9816572bc452379bf0d96c97947/screenshot - {}
RESULT: {}
COMMAND: POST /session/c486a9816572bc452379bf0d96c97947/execute/async - {"script":"<script> [1562 bytes]","args":[{"selector":{"id":"application-managesites-display-component---NewSite--addressEditDetailsCostObjectCstType-arrow"},"wdio_ui5_key":"applicationmanagesites-display-component---NewSite--addressEditDetailsCostObjectCstType-arrow"}]}
RESULT: {"script":"<script> [1562 bytes]","args":[{"selector":{"id":"application-managesites-display-component---NewSite--addressEditDetailsCostObjectCstType-arrow"},"wdio_ui5_key":"applicationmanagesites-display-component---NewSite--addressEditDetailsCostObjectCstType-arrow"}]}
RESULT: undefined
COMMAND: POST /session/c486a9816572bc452379bf0d96c97947/element - {"using":"xpath","value":"//*[@id=\"application-managesites-display-component---NewSite--addressEditDetailsCostObjectCstType-arrow\"]"}
RESULT: {"using":"xpath","value":"//*[@id=\"application-managesites-display-component---NewSite--addressEditDetailsCostObjectCstType-arrow\"]"}
COMMAND: POST /session/c486a9816572bc452379bf0d96c97947/element/f.3F9ECC6ADE9C5A6D32036CC41DCDE0D0.d.005962B9F697814C9DCDD7B8FD6D9B2B.e.2096/click - {}
RESULT: {}
COMMAND: POST /session/c486a9816572bc452379bf0d96c97947/element - {"using":"xpath","value":"//span[contains(text(), \"Cost Center\")]"}
COMMAND: GET /session/c486a9816572bc452379bf0d96c97947/screenshot - {}
RESULT: {"using":"xpath","value":"//span[contains(text(), \"Cost Center\")]"}
COMMAND: POST /session/c486a9816572bc452379bf0d96c97947/element/f.3F9ECC6ADE9C5A6D32036CC41DCDE0D0.d.005962B9F697814C9DCDD7B8FD6D9B2B.e.2098/click - {}
RESULT: {}
RESULT: {}
COMMAND: GET /session/c486a9816572bc452379bf0d96c97947/screenshot - {}
RESULT: {}
COMMAND: POST /session/c486a9816572bc452379bf0d96c97947/element - {"using":"xpath","value":"//span[@id=\"application-managesites-display-component---NewSite--addressNewCostObjectCstID-vhi\"]"}
RESULT: {"using":"xpath","value":"//span[@id=\"application-managesites-display-component---NewSite--addressNewCostObjectCstID-vhi\"]"}
COMMAND: POST /session/c486a9816572bc452379bf0d96c97947/execute/sync - {"script":"<script> [8489 bytes]","args":[{"element-6066-11e4-a52e-4f735466cecf":"f.3F9ECC6ADE9C5A6D32036CC41DCDE0D0.d.005962B9F697814C9DCDD7B8FD6D9B2B.e.2102","ELEMENT":"f.3F9ECC6ADE9C5A6D32036CC41DCDE0D0.d.005962B9F697814C9DCDD7B8FD6D9B2B.e.2102"}]}
RESULT: {"script":"<script> [8489 bytes]","args":[{"element-6066-11e4-a52e-4f735466cecf":"f.3F9ECC6ADE9C5A6D32036CC41DCDE0D0.d.005962B9F697814C9DCDD7B8FD6D9B2B.e.2102","ELEMENT":"f.3F9ECC6ADE9C5A6D32036CC41DCDE0D0.d.005962B9F697814C9DCDD7B8FD6D9B2B.e.2102"}]}
COMMAND: POST /session/c486a9816572bc452379bf0d96c97947/execute/async - {"script":"<script> [1562 bytes]","args":[{"selector":{"id":"application-managesites-display-component---NewSite--addressNewCostObjectCstID-vhi"},"wdio_ui5_key":"applicationmanagesites-display-component---NewSite--addressNewCostObjectCstID-vhi"}]}
COMMAND: GET /session/c486a9816572bc452379bf0d96c97947/screenshot - {}
RESULT: {"script":"<script> [1562 bytes]","args":[{"selector":{"id":"application-managesites-display-component---NewSite--addressNewCostObjectCstID-vhi"},"wdio_ui5_key":"applicationmanagesites-display-component---NewSite--addressNewCostObjectCstID-vhi"}]}
RESULT: undefined
COMMAND: POST /session/c486a9816572bc452379bf0d96c97947/element - {"using":"xpath","value":"//*[@id=\"application-managesites-display-component---NewSite--addressNewCostObjectCstID-vhi\"]"}
RESULT: {}
RESULT: {"using":"xpath","value":"//*[@id=\"application-managesites-display-component---NewSite--addressNewCostObjectCstID-vhi\"]"}
COMMAND: POST /session/c486a9816572bc452379bf0d96c97947/element/f.3F9ECC6ADE9C5A6D32036CC41DCDE0D0.d.005962B9F697814C9DCDD7B8FD6D9B2B.e.2102/click - {}
RESULT: {}
COMMAND: GET /session/c486a9816572bc452379bf0d96c97947/screenshot - {}
RESULT: {}
RESULT: undefined
COMMAND: POST /session/c486a9816572bc452379bf0d96c97947/execute/async - {"script":"<script> [776 bytes]","args":[{"enterText":"10001013","selector":{"controlType":"sap.m.SearchField","properties":{"placeholder":"Search"},"searchOpenDialogs":true,"interaction":{"idSuffix":"I"}},"clearTextFirst":true,"interactionType":"ENTER_TEXT"}]}
RESULT: {"script":"<script> [776 bytes]","args":[{"enterText":"10001013","selector":{"controlType":"sap.m.SearchField","properties":{"placeholder":"Search"},"searchOpenDialogs":true,"interaction":{"idSuffix":"I"}},"clearTextFirst":true,"interactionType":"ENTER_TEXT"}]}
COMMAND: POST /session/c486a9816572bc452379bf0d96c97947/actions - {"actions":[{"id":"action3","type":"key","parameters":{},"actions":[{"type":"keyDown","value":"î€‡"},{"type":"pause","duration":10},{"type":"keyUp","value":"î€‡"}]}]}
RESULT: {"actions":[{"id":"action3","type":"key","parameters":{},"actions":[{"type":"keyDown","value":"î€‡"},{"type":"pause","duration":10},{"type":"keyUp","value":"î€‡"}]}]}
COMMAND: GET /session/c486a9816572bc452379bf0d96c97947/screenshot - {}
RESULT: {}
COMMAND: POST /session/c486a9816572bc452379bf0d96c97947/element - {"using":"xpath","value":"//span[contains(text(), \"General Management\")]"}
RESULT: {"using":"xpath","value":"//span[contains(text(), \"General Management\")]"}
COMMAND: POST /session/c486a9816572bc452379bf0d96c97947/element/f.3F9ECC6ADE9C5A6D32036CC41DCDE0D0.d.005962B9F697814C9DCDD7B8FD6D9B2B.e.2142/click - {}
RESULT: {}
COMMAND: GET /session/c486a9816572bc452379bf0d96c97947/screenshot - {}
RESULT: {}
COMMAND: POST /session/c486a9816572bc452379bf0d96c97947/element - {"using":"xpath","value":"//bdi[contains(text(), \"OK\")]"}
RESULT: {"using":"xpath","value":"//bdi[contains(text(), \"OK\")]"}
COMMAND: POST /session/c486a9816572bc452379bf0d96c97947/element/f.3F9ECC6ADE9C5A6D32036CC41DCDE0D0.d.005962B9F697814C9DCDD7B8FD6D9B2B.e.2143/click - {}
RESULT: {}
COMMAND: GET /session/c486a9816572bc452379bf0d96c97947/screenshot - {}
RESULT: {}
COMMAND: POST /session/c486a9816572bc452379bf0d96c97947/element - {"using":"xpath","value":"//input[@id=\"application-managesites-display-component---NewSite--addressDetailDetailsCalendar-inner\"]"}
RESULT: {"using":"xpath","value":"//input[@id=\"application-managesites-display-component---NewSite--addressDetailDetailsCalendar-inner\"]"}
COMMAND: POST /session/c486a9816572bc452379bf0d96c97947/element/f.3F9ECC6ADE9C5A6D32036CC41DCDE0D0.d.005962B9F697814C9DCDD7B8FD6D9B2B.e.1886/clear - {}
RESULT: {}
COMMAND: POST /session/c486a9816572bc452379bf0d96c97947/element/f.3F9ECC6ADE9C5A6D32036CC41DCDE0D0.d.005962B9F697814C9DCDD7B8FD6D9B2B.e.1886/value - {"text":"Unit"}
COMMAND: GET /session/c486a9816572bc452379bf0d96c97947/screenshot - {}
RESULT: {"text":"Unit"}
COMMAND: GET /session/c486a9816572bc452379bf0d96c97947/screenshot - {}
RESULT: {}
RESULT: {}
COMMAND: POST /session/c486a9816572bc452379bf0d96c97947/actions - {"actions":[{"id":"action4","type":"key","parameters":{},"actions":[{"type":"keyDown","value":"î€‡"},{"type":"pause","duration":10},{"type":"keyUp","value":"î€‡"}]}]}
RESULT: {"actions":[{"id":"action4","type":"key","parameters":{},"actions":[{"type":"keyDown","value":"î€‡"},{"type":"pause","duration":10},{"type":"keyUp","value":"î€‡"}]}]}
COMMAND: POST /session/c486a9816572bc452379bf0d96c97947/element - {"using":"xpath","value":"//input[@id=\"application-managesites-display-component---NewSite--addressDetailDetailsYard-inner\"]"}
COMMAND: GET /session/c486a9816572bc452379bf0d96c97947/screenshot - {}
RESULT: {"using":"xpath","value":"//input[@id=\"application-managesites-display-component---NewSite--addressDetailDetailsYard-inner\"]"}
COMMAND: POST /session/c486a9816572bc452379bf0d96c97947/element/f.3F9ECC6ADE9C5A6D32036CC41DCDE0D0.d.005962B9F697814C9DCDD7B8FD6D9B2B.e.1887/clear - {}
RESULT: {}
RESULT: {}
COMMAND: POST /session/c486a9816572bc452379bf0d96c97947/element/f.3F9ECC6ADE9C5A6D32036CC41DCDE0D0.d.005962B9F697814C9DCDD7B8FD6D9B2B.e.1887/value - {"text":"380"}
COMMAND: GET /session/c486a9816572bc452379bf0d96c97947/screenshot - {}
RESULT: {"text":"380"}
COMMAND: GET /session/c486a9816572bc452379bf0d96c97947/screenshot - {}
RESULT: {}
RESULT: {}
COMMAND: POST /session/c486a9816572bc452379bf0d96c97947/element - {"using":"xpath","value":"//li[.//span[text()='380']]"}
RESULT: {"using":"xpath","value":"//li[.//span[text()='380']]"}
COMMAND: POST /session/c486a9816572bc452379bf0d96c97947/element/f.3F9ECC6ADE9C5A6D32036CC41DCDE0D0.d.005962B9F697814C9DCDD7B8FD6D9B2B.e.2151/click - {}
RESULT: {}
COMMAND: GET /session/c486a9816572bc452379bf0d96c97947/screenshot - {}
RESULT: {}
COMMAND: POST /session/c486a9816572bc452379bf0d96c97947/element - {"using":"xpath","value":"//input[@id=\"application-managesites-display-component---NewSite--addressDetailDetailsPartner-inner\"]"}
RESULT: {"using":"xpath","value":"//input[@id=\"application-managesites-display-component---NewSite--addressDetailDetailsPartner-inner\"]"}
COMMAND: POST /session/c486a9816572bc452379bf0d96c97947/element - {"using":"xpath","value":"//input[@id=\"application-managesites-display-component---NewSite--addressDetailDetailsPartner-inner\"]"}
RESULT: {"using":"xpath","value":"//input[@id=\"application-managesites-display-component---NewSite--addressDetailDetailsPartner-inner\"]"}
COMMAND: POST /session/c486a9816572bc452379bf0d96c97947/execute/async - {"script":"<script> [1562 bytes]","args":[{"selector":{"id":"application-managesites-display-component---NewSite--siteWhmCheckBox-label","interaction":{"idSuffix":"bdi"}},"wdio_ui5_key":"applicationmanagesites-display-component---NewSite--siteWhmCheckBox-label"}]}
RESULT: {"script":"<script> [1562 bytes]","args":[{"selector":{"id":"application-managesites-display-component---NewSite--siteWhmCheckBox-label","interaction":{"idSuffix":"bdi"}},"wdio_ui5_key":"applicationmanagesites-display-component---NewSite--siteWhmCheckBox-label"}]}
RESULT: undefined
COMMAND: POST /session/c486a9816572bc452379bf0d96c97947/element - {"using":"xpath","value":"//*[@id=\"application-managesites-display-component---NewSite--siteWhmCheckBox-label\"]"}
RESULT: {"using":"xpath","value":"//*[@id=\"application-managesites-display-component---NewSite--siteWhmCheckBox-label\"]"}
COMMAND: POST /session/c486a9816572bc452379bf0d96c97947/element/f.3F9ECC6ADE9C5A6D32036CC41DCDE0D0.d.005962B9F697814C9DCDD7B8FD6D9B2B.e.2153/click - {}
RESULT: {}
COMMAND: GET /session/c486a9816572bc452379bf0d96c97947/screenshot - {}
RESULT: {}
COMMAND: POST /session/c486a9816572bc452379bf0d96c97947/element - {"using":"xpath","value":"//button[@data-kt=\"saveButton\"]"}
RESULT: {"using":"xpath","value":"//button[@data-kt=\"saveButton\"]"}
COMMAND: POST /session/c486a9816572bc452379bf0d96c97947/element/f.3F9ECC6ADE9C5A6D32036CC41DCDE0D0.d.005962B9F697814C9DCDD7B8FD6D9B2B.e.2053/click - {}
RESULT: {}
COMMAND: GET /session/c486a9816572bc452379bf0d96c97947/screenshot - {}
RESULT: {}
COMMAND: POST /session/c486a9816572bc452379bf0d96c97947/element - {"using":"xpath","value":"//header[contains(@id, 'ObjectPageLayout-headerTitle')]/div[1]/div[2]/div[2]/span[1]"}
RESULT: {"using":"xpath","value":"//header[contains(@id, 'ObjectPageLayout-headerTitle')]/div[1]/div[2]/div[2]/span[1]"}
COMMAND: POST /session/c486a9816572bc452379bf0d96c97947/elements - {"using":"xpath","value":"//header[contains(@id, 'ObjectPageLayout-headerTitle')]/div[1]/div[2]/div[2]/span[1]"}
RESULT: {"using":"xpath","value":"//header[contains(@id, 'ObjectPageLayout-headerTitle')]/div[1]/div[2]/div[2]/span[1]"}
COMMAND: POST /session/c486a9816572bc452379bf0d96c97947/execute/sync - {"script":"<script> [56 bytes]","args":[{"element-6066-11e4-a52e-4f735466cecf":"f.3F9ECC6ADE9C5A6D32036CC41DCDE0D0.d.005962B9F697814C9DCDD7B8FD6D9B2B.e.2359","ELEMENT":"f.3F9ECC6ADE9C5A6D32036CC41DCDE0D0.d.005962B9F697814C9DCDD7B8FD6D9B2B.e.2359"}]}
RESULT: {"script":"<script> [56 bytes]","args":[{"element-6066-11e4-a52e-4f735466cecf":"f.3F9ECC6ADE9C5A6D32036CC41DCDE0D0.d.005962B9F697814C9DCDD7B8FD6D9B2B.e.2359","ELEMENT":"f.3F9ECC6ADE9C5A6D32036CC41DCDE0D0.d.005962B9F697814C9DCDD7B8FD6D9B2B.e.2359"}]}
COMMAND: POST /session/c486a9816572bc452379bf0d96c97947/element - {"using":"css selector","value":"#shell-header-logo"}
COMMAND: GET /session/c486a9816572bc452379bf0d96c97947/screenshot - {}
RESULT: {"using":"css selector","value":"#shell-header-logo"}
COMMAND: POST /session/c486a9816572bc452379bf0d96c97947/element/f.3F9ECC6ADE9C5A6D32036CC41DCDE0D0.d.005962B9F697814C9DCDD7B8FD6D9B2B.e.1646/click - {}
RESULT: {}
RESULT: {}
COMMAND: GET /session/c486a9816572bc452379bf0d96c97947/screenshot - {}
RESULT: {}
COMMAND: POST /session/c486a9816572bc452379bf0d96c97947/execute/sync - {"script":"<script> [299 bytes]","args":[["getModel","getResource"]]}
RESULT: {"script":"<script> [299 bytes]","args":[["getModel","getResource"]]}
COMMAND: POST /session/c486a9816572bc452379bf0d96c97947/actions - {"actions":[{"id":"action5","type":"key","parameters":{},"actions":[{"type":"keyDown","value":"î€‡"},{"type":"pause","duration":10},{"type":"keyUp","value":"î€‡"}]}]}
COMMAND: GET /session/c486a9816572bc452379bf0d96c97947/screenshot - {}
RESULT: {"actions":[{"id":"action5","type":"key","parameters":{},"actions":[{"type":"keyDown","value":"î€‡"},{"type":"pause","duration":10},{"type":"keyUp","value":"î€‡"}]}]}
COMMAND: GET /session/c486a9816572bc452379bf0d96c97947/screenshot - {}
RESULT: {}
RESULT: {}
COMMAND: POST /session/c486a9816572bc452379bf0d96c97947/refresh - {}
RESULT: {}
COMMAND: GET /session/c486a9816572bc452379bf0d96c97947/screenshot - {}
RESULT: {}
COMMAND: POST /session/c486a9816572bc452379bf0d96c97947/refresh - {}
RESULT: {}
COMMAND: GET /session/c486a9816572bc452379bf0d96c97947/screenshot - {}
RESULT: {}
COMMAND: POST /session/c486a9816572bc452379bf0d96c97947/window/fullscreen - {}
RESULT: {}
COMMAND: POST /session/c486a9816572bc452379bf0d96c97947/execute/async - {"script":"<script> [189 bytes]","args":[]}
RESULT: {"script":"<script> [189 bytes]","args":[]}
COMMAND: POST /session/c486a9816572bc452379bf0d96c97947/execute/async - {"script":"<script> [123 bytes]","args":[]}
RESULT: {"script":"<script> [123 bytes]","args":[]}
COMMAND: POST /session/c486a9816572bc452379bf0d96c97947/timeouts - {"script":"<number>"}
RESULT: {"script":"<number>"}
COMMAND: GET /session/c486a9816572bc452379bf0d96c97947/timeouts - {}
RESULT: {}
RESULT: undefined
COMMAND: POST /session/c486a9816572bc452379bf0d96c97947/execute/async - {"script":"<script> [2676 bytes]","args":[]}
RESULT: {"script":"<script> [2676 bytes]","args":[]}
COMMAND: POST /session/c486a9816572bc452379bf0d96c97947/execute/async - {"script":"<script> [2342 bytes]","args":[{"protocol":"http","hostname":"0.0.0.0","path":"/","capabilities":{"browserName":"chrome","goog:chromeOptions":{"binary":"C:\\Program Files\\Google\\Chrome\\Application\\chrome.exe","args":["--start-maximized"]}},"logLevel":"warn","connectionRetryTimeout":120000,"connectionRetryCount":3,"logLevels":{},"enableDirectConnect":true,"strictSSL":true,"_":"65 more keys: [\"cacheDir\",\"port\",\"requestedCapabilities\",\"automationProtocol\",\"baseUrl\",\"waitforInterval\",\"waitforTimeout\",\"onReload\",\"beforeCommand\",\"afterCommand\",\"rootDir\",\"specs\",\"suites\",\"exclude\",\"groupLogsByTestSpec\",\"excludeDriverLogs\",\"bail\",\"framework\",\"reporters\",\"services\",\"maxInstances\",\"maxInstancesPerCapability\",\"injectGlobals\",\"filesToWatch\",\"execArgv\",\"runnerEnv\",\"runner\",\"shard\",\"specFileRetries\",\"specFileRetriesDelay\",\"specFileRetriesDeferred\",\"reporterSyncInterval\",\"reporterSyncTimeout\",\"cucumberFeaturesWithLineNumbers\",\"autoCompileOpts\",\"mochaOpts\",\"jasmineOpts\",\"cucumberOpts\",\"onPrepare\",\"onWorkerStart\",\"onWorkerEnd\",\"before\",\"beforeSession\",\"beforeSuite\",\"beforeHook\",\"beforeTest\",\"afterTest\",\"afterHook\",\"afterSuite\",\"afterSession\",\"after\",\"onComplete\",\"beforeAssertion\",\"afterAssertion\",\"beforeFeature\",\"beforeScenario\",\"beforeStep\",\"afterStep\",\"afterScenario\",\"afterFeature\",\"_\",\"suite\",\"$0\",\"ignoredWorkerServices\",\"wdi5\"]"}]}
RESULT: {"script":"<script> [2342 bytes]","args":[{"protocol":"http","hostname":"0.0.0.0","path":"/","capabilities":{"browserName":"chrome","goog:chromeOptions":{"binary":"C:\\Program Files\\Google\\Chrome\\Application\\chrome.exe","args":["--start-maximized"]}},"logLevel":"warn","connectionRetryTimeout":120000,"connectionRetryCount":3,"logLevels":{},"enableDirectConnect":true,"strictSSL":true,"_":"65 more keys: [\"cacheDir\",\"port\",\"requestedCapabilities\",\"automationProtocol\",\"baseUrl\",\"waitforInterval\",\"waitforTimeout\",\"onReload\",\"beforeCommand\",\"afterCommand\",\"rootDir\",\"specs\",\"suites\",\"exclude\",\"groupLogsByTestSpec\",\"excludeDriverLogs\",\"bail\",\"framework\",\"reporters\",\"services\",\"maxInstances\",\"maxInstancesPerCapability\",\"injectGlobals\",\"filesToWatch\",\"execArgv\",\"runnerEnv\",\"runner\",\"shard\",\"specFileRetries\",\"specFileRetriesDelay\",\"specFileRetriesDeferred\",\"reporterSyncInterval\",\"reporterSyncTimeout\",\"cucumberFeaturesWithLineNumbers\",\"autoCompileOpts\",\"mochaOpts\",\"jasmineOpts\",\"cucumberOpts\",\"onPrepare\",\"onWorkerStart\",\"onWorkerEnd\",\"before\",\"beforeSession\",\"beforeSuite\",\"beforeHook\",\"beforeTest\",\"afterTest\",\"afterHook\",\"afterSuite\",\"afterSession\",\"after\",\"onComplete\",\"beforeAssertion\",\"afterAssertion\",\"beforeFeature\",\"beforeScenario\",\"beforeStep\",\"afterStep\",\"afterScenario\",\"afterFeature\",\"_\",\"suite\",\"$0\",\"ignoredWorkerServices\",\"wdi5\"]"}]}
COMMAND: POST /session/c486a9816572bc452379bf0d96c97947/execute/async - {"script":"<script> [21126 bytes]","args":[35000]}
RESULT: {"script":"<script> [21126 bytes]","args":[35000]}
COMMAND: POST /session/c486a9816572bc452379bf0d96c97947/window/fullscreen - {}
RESULT: {}
]]></system-out>
    </testcase>
    <testcase classname="chrome.136_0_7103_93.windows.Stock_increase_-_with_WHM_US125587" name="Should create a new material" time="134.074">
      <system-out><![CDATA[
COMMAND: POST /session/c486a9816572bc452379bf0d96c97947/execute/async - {"script":"<script> [1562 bytes]","args":[{"selector":{"controlType":"sap.m.GenericTile","properties":{"header":"Manage Resources"}},"wdio_ui5_key":"sapm.GenericTile{\"header\":\"Manage Resources\"}"}]}
RESULT: {"script":"<script> [1562 bytes]","args":[{"selector":{"controlType":"sap.m.GenericTile","properties":{"header":"Manage Resources"}},"wdio_ui5_key":"sapm.GenericTile{\"header\":\"Manage Resources\"}"}]}
RESULT: undefined
COMMAND: POST /session/c486a9816572bc452379bf0d96c97947/element - {"using":"xpath","value":"//*[@id=\"__tile31\"]"}
RESULT: {"using":"xpath","value":"//*[@id=\"__tile31\"]"}
COMMAND: POST /session/c486a9816572bc452379bf0d96c97947/element/f.3F9ECC6ADE9C5A6D32036CC41DCDE0D0.d.56B7B4387CBE2F02A7FD477DFA80037E.e.2502/click - {}
RESULT: {}
COMMAND: GET /session/c486a9816572bc452379bf0d96c97947/screenshot - {}
RESULT: {}
COMMAND: POST /session/c486a9816572bc452379bf0d96c97947/elements - {"using":"xpath","value":"//span[text()='Error']"}
RESULT: {"using":"xpath","value":"//span[text()='Error']"}
COMMAND: POST /session/c486a9816572bc452379bf0d96c97947/element - {"using":"xpath","value":"//button[@data-kt=\"addNewRUOverflowToolbarButton\"]"}
RESULT: {"using":"xpath","value":"//button[@data-kt=\"addNewRUOverflowToolbarButton\"]"}
COMMAND: POST /session/c486a9816572bc452379bf0d96c97947/elements - {"using":"xpath","value":"//button[@data-kt=\"addNewRUOverflowToolbarButton\"]"}
RESULT: {"using":"xpath","value":"//button[@data-kt=\"addNewRUOverflowToolbarButton\"]"}
COMMAND: POST /session/c486a9816572bc452379bf0d96c97947/elements - {"using":"xpath","value":"//button[@data-kt=\"addNewRUOverflowToolbarButton\"]"}
RESULT: {"using":"xpath","value":"//button[@data-kt=\"addNewRUOverflowToolbarButton\"]"}
COMMAND: POST /session/c486a9816572bc452379bf0d96c97947/elements - {"using":"xpath","value":"//button[@data-kt=\"addNewRUOverflowToolbarButton\"]"}
RESULT: {"using":"xpath","value":"//button[@data-kt=\"addNewRUOverflowToolbarButton\"]"}
COMMAND: POST /session/c486a9816572bc452379bf0d96c97947/elements - {"using":"xpath","value":"//button[@data-kt=\"addNewRUOverflowToolbarButton\"]"}
RESULT: {"using":"xpath","value":"//button[@data-kt=\"addNewRUOverflowToolbarButton\"]"}
COMMAND: POST /session/c486a9816572bc452379bf0d96c97947/elements - {"using":"xpath","value":"//button[@data-kt=\"addNewRUOverflowToolbarButton\"]"}
RESULT: {"using":"xpath","value":"//button[@data-kt=\"addNewRUOverflowToolbarButton\"]"}
COMMAND: POST /session/c486a9816572bc452379bf0d96c97947/elements - {"using":"xpath","value":"//button[@data-kt=\"addNewRUOverflowToolbarButton\"]"}
RESULT: {"using":"xpath","value":"//button[@data-kt=\"addNewRUOverflowToolbarButton\"]"}
COMMAND: POST /session/c486a9816572bc452379bf0d96c97947/elements - {"using":"xpath","value":"//button[@data-kt=\"addNewRUOverflowToolbarButton\"]"}
RESULT: {"using":"xpath","value":"//button[@data-kt=\"addNewRUOverflowToolbarButton\"]"}
COMMAND: POST /session/c486a9816572bc452379bf0d96c97947/elements - {"using":"xpath","value":"//button[@data-kt=\"addNewRUOverflowToolbarButton\"]"}
RESULT: {"using":"xpath","value":"//button[@data-kt=\"addNewRUOverflowToolbarButton\"]"}
COMMAND: POST /session/c486a9816572bc452379bf0d96c97947/elements - {"using":"xpath","value":"//button[@data-kt=\"addNewRUOverflowToolbarButton\"]"}
RESULT: {"using":"xpath","value":"//button[@data-kt=\"addNewRUOverflowToolbarButton\"]"}
COMMAND: POST /session/c486a9816572bc452379bf0d96c97947/elements - {"using":"xpath","value":"//button[@data-kt=\"addNewRUOverflowToolbarButton\"]"}
RESULT: {"using":"xpath","value":"//button[@data-kt=\"addNewRUOverflowToolbarButton\"]"}
COMMAND: POST /session/c486a9816572bc452379bf0d96c97947/elements - {"using":"xpath","value":"//button[@data-kt=\"addNewRUOverflowToolbarButton\"]"}
RESULT: {"using":"xpath","value":"//button[@data-kt=\"addNewRUOverflowToolbarButton\"]"}
COMMAND: POST /session/c486a9816572bc452379bf0d96c97947/element - {"using":"xpath","value":"//button[@data-kt=\"addNewRUOverflowToolbarButton\"]"}
RESULT: {"using":"xpath","value":"//button[@data-kt=\"addNewRUOverflowToolbarButton\"]"}
COMMAND: POST /session/c486a9816572bc452379bf0d96c97947/execute/sync - {"script":"<script> [8489 bytes]","args":[{"element-6066-11e4-a52e-4f735466cecf":"f.3F9ECC6ADE9C5A6D32036CC41DCDE0D0.d.56B7B4387CBE2F02A7FD477DFA80037E.e.2610","ELEMENT":"f.3F9ECC6ADE9C5A6D32036CC41DCDE0D0.d.56B7B4387CBE2F02A7FD477DFA80037E.e.2610"}]}
RESULT: {"script":"<script> [8489 bytes]","args":[{"element-6066-11e4-a52e-4f735466cecf":"f.3F9ECC6ADE9C5A6D32036CC41DCDE0D0.d.56B7B4387CBE2F02A7FD477DFA80037E.e.2610","ELEMENT":"f.3F9ECC6ADE9C5A6D32036CC41DCDE0D0.d.56B7B4387CBE2F02A7FD477DFA80037E.e.2610"}]}
COMMAND: GET /session/c486a9816572bc452379bf0d96c97947/element/f.3F9ECC6ADE9C5A6D32036CC41DCDE0D0.d.56B7B4387CBE2F02A7FD477DFA80037E.e.2610/enabled - {}
COMMAND: GET /session/c486a9816572bc452379bf0d96c97947/screenshot - {}
RESULT: {}
COMMAND: POST /session/c486a9816572bc452379bf0d96c97947/execute/sync - {"script":"<script> [8489 bytes]","args":[{"element-6066-11e4-a52e-4f735466cecf":"f.3F9ECC6ADE9C5A6D32036CC41DCDE0D0.d.56B7B4387CBE2F02A7FD477DFA80037E.e.2610","ELEMENT":"f.3F9ECC6ADE9C5A6D32036CC41DCDE0D0.d.56B7B4387CBE2F02A7FD477DFA80037E.e.2610"}]}
COMMAND: GET /session/c486a9816572bc452379bf0d96c97947/screenshot - {}
RESULT: {}
RESULT: {"script":"<script> [8489 bytes]","args":[{"element-6066-11e4-a52e-4f735466cecf":"f.3F9ECC6ADE9C5A6D32036CC41DCDE0D0.d.56B7B4387CBE2F02A7FD477DFA80037E.e.2610","ELEMENT":"f.3F9ECC6ADE9C5A6D32036CC41DCDE0D0.d.56B7B4387CBE2F02A7FD477DFA80037E.e.2610"}]}
COMMAND: POST /session/c486a9816572bc452379bf0d96c97947/execute/sync - {"script":"<script> [5351 bytes]","args":[{"element-6066-11e4-a52e-4f735466cecf":"f.3F9ECC6ADE9C5A6D32036CC41DCDE0D0.d.56B7B4387CBE2F02A7FD477DFA80037E.e.2610","ELEMENT":"f.3F9ECC6ADE9C5A6D32036CC41DCDE0D0.d.56B7B4387CBE2F02A7FD477DFA80037E.e.2610"}]}
COMMAND: GET /session/c486a9816572bc452379bf0d96c97947/screenshot - {}
RESULT: {}
RESULT: {"script":"<script> [5351 bytes]","args":[{"element-6066-11e4-a52e-4f735466cecf":"f.3F9ECC6ADE9C5A6D32036CC41DCDE0D0.d.56B7B4387CBE2F02A7FD477DFA80037E.e.2610","ELEMENT":"f.3F9ECC6ADE9C5A6D32036CC41DCDE0D0.d.56B7B4387CBE2F02A7FD477DFA80037E.e.2610"}]}
COMMAND: POST /session/c486a9816572bc452379bf0d96c97947/element/f.3F9ECC6ADE9C5A6D32036CC41DCDE0D0.d.56B7B4387CBE2F02A7FD477DFA80037E.e.2610/click - {}
COMMAND: GET /session/c486a9816572bc452379bf0d96c97947/screenshot - {}
RESULT: {}
RESULT: {}
COMMAND: GET /session/c486a9816572bc452379bf0d96c97947/screenshot - {}
COMMAND: POST /session/c486a9816572bc452379bf0d96c97947/execute/async - {"script":"<script> [1562 bytes]","args":[{"selector":{"id":"application-manageresources-display-component---newResourceUnit--TYPE-arrow"},"wdio_ui5_key":"applicationmanageresources-display-component---newResourceUnit--TYPE-arrow"}]}
RESULT: {}
RESULT: {}
RESULT: {"script":"<script> [1562 bytes]","args":[{"selector":{"id":"application-manageresources-display-component---newResourceUnit--TYPE-arrow"},"wdio_ui5_key":"applicationmanageresources-display-component---newResourceUnit--TYPE-arrow"}]}
RESULT: undefined
COMMAND: POST /session/c486a9816572bc452379bf0d96c97947/element - {"using":"xpath","value":"//*[@id=\"application-manageresources-display-component---newResourceUnit--TYPE-arrow\"]"}
RESULT: {"using":"xpath","value":"//*[@id=\"application-manageresources-display-component---newResourceUnit--TYPE-arrow\"]"}
COMMAND: POST /session/c486a9816572bc452379bf0d96c97947/element/f.3F9ECC6ADE9C5A6D32036CC41DCDE0D0.d.56B7B4387CBE2F02A7FD477DFA80037E.e.2966/click - {}
RESULT: {}
COMMAND: POST /session/c486a9816572bc452379bf0d96c97947/element - {"using":"xpath","value":"//input[@id=\"application-manageresources-display-component---newResourceUnit--TYPE-inner\"]"}
COMMAND: GET /session/c486a9816572bc452379bf0d96c97947/screenshot - {}
RESULT: {"using":"xpath","value":"//input[@id=\"application-manageresources-display-component---newResourceUnit--TYPE-inner\"]"}
COMMAND: POST /session/c486a9816572bc452379bf0d96c97947/element/f.3F9ECC6ADE9C5A6D32036CC41DCDE0D0.d.56B7B4387CBE2F02A7FD477DFA80037E.e.2963/clear - {}
RESULT: {}
RESULT: {}
COMMAND: POST /session/c486a9816572bc452379bf0d96c97947/element/f.3F9ECC6ADE9C5A6D32036CC41DCDE0D0.d.56B7B4387CBE2F02A7FD477DFA80037E.e.2963/value - {"text":"Material"}
COMMAND: GET /session/c486a9816572bc452379bf0d96c97947/screenshot - {}
RESULT: {"text":"Material"}
COMMAND: GET /session/c486a9816572bc452379bf0d96c97947/screenshot - {}
RESULT: {}
RESULT: {}
COMMAND: POST /session/c486a9816572bc452379bf0d96c97947/actions - {"actions":[{"id":"action6","type":"key","parameters":{},"actions":[{"type":"keyDown","value":"î€‡"},{"type":"pause","duration":10},{"type":"keyUp","value":"î€‡"}]}]}
RESULT: {"actions":[{"id":"action6","type":"key","parameters":{},"actions":[{"type":"keyDown","value":"î€‡"},{"type":"pause","duration":10},{"type":"keyUp","value":"î€‡"}]}]}
COMMAND: POST /session/c486a9816572bc452379bf0d96c97947/execute/async - {"script":"<script> [1562 bytes]","args":[{"selector":{"id":"application-manageresources-display-component---newResourceUnit--SHORT_TEXT","interaction":{"idSuffix":"inner"}},"wdio_ui5_key":"applicationmanageresources-display-component---newResourceUnit--SHORT_TEXT"}]}
COMMAND: GET /session/c486a9816572bc452379bf0d96c97947/screenshot - {}
RESULT: {"script":"<script> [1562 bytes]","args":[{"selector":{"id":"application-manageresources-display-component---newResourceUnit--SHORT_TEXT","interaction":{"idSuffix":"inner"}},"wdio_ui5_key":"applicationmanageresources-display-component---newResourceUnit--SHORT_TEXT"}]}
RESULT: undefined
COMMAND: POST /session/c486a9816572bc452379bf0d96c97947/execute/async - {"script":"<script> [776 bytes]","args":[{"enterText":"Cement WDIO","selector":{"id":"application-manageresources-display-component---newResourceUnit--SHORT_TEXT","interaction":{"idSuffix":"inner"}},"clearTextFirst":true,"interactionType":"ENTER_TEXT"}]}
RESULT: {}
RESULT: {"script":"<script> [776 bytes]","args":[{"enterText":"Cement WDIO","selector":{"id":"application-manageresources-display-component---newResourceUnit--SHORT_TEXT","interaction":{"idSuffix":"inner"}},"clearTextFirst":true,"interactionType":"ENTER_TEXT"}]}
COMMAND: POST /session/c486a9816572bc452379bf0d96c97947/execute/async - {"script":"<script> [1562 bytes]","args":[{"selector":{"id":"application-manageresources-display-component---newResourceUnit--BASE_UNIT_OF_MEASURE","interaction":{"idSuffix":"inner"}},"wdio_ui5_key":"applicationmanageresources-display-component---newResourceUnit--BASE_UNIT_OF_MEASURE"}]}
RESULT: {"script":"<script> [1562 bytes]","args":[{"selector":{"id":"application-manageresources-display-component---newResourceUnit--BASE_UNIT_OF_MEASURE","interaction":{"idSuffix":"inner"}},"wdio_ui5_key":"applicationmanageresources-display-component---newResourceUnit--BASE_UNIT_OF_MEASURE"}]}
RESULT: undefined
COMMAND: POST /session/c486a9816572bc452379bf0d96c97947/execute/async - {"script":"<script> [776 bytes]","args":[{"enterText":"Piece","selector":{"id":"application-manageresources-display-component---newResourceUnit--BASE_UNIT_OF_MEASURE","interaction":{"idSuffix":"inner"}},"clearTextFirst":true,"interactionType":"ENTER_TEXT"}]}
RESULT: {"script":"<script> [776 bytes]","args":[{"enterText":"Piece","selector":{"id":"application-manageresources-display-component---newResourceUnit--BASE_UNIT_OF_MEASURE","interaction":{"idSuffix":"inner"}},"clearTextFirst":true,"interactionType":"ENTER_TEXT"}]}
COMMAND: POST /session/c486a9816572bc452379bf0d96c97947/execute/async - {"script":"<script> [1562 bytes]","args":[{"selector":{"id":"application-manageresources-display-component---newResourceUnit--WEIGHT_UNIT","interaction":{"idSuffix":"inner"}},"wdio_ui5_key":"applicationmanageresources-display-component---newResourceUnit--WEIGHT_UNIT"}]}
RESULT: {"script":"<script> [1562 bytes]","args":[{"selector":{"id":"application-manageresources-display-component---newResourceUnit--WEIGHT_UNIT","interaction":{"idSuffix":"inner"}},"wdio_ui5_key":"applicationmanageresources-display-component---newResourceUnit--WEIGHT_UNIT"}]}
RESULT: undefined
COMMAND: POST /session/c486a9816572bc452379bf0d96c97947/execute/async - {"script":"<script> [776 bytes]","args":[{"enterText":"Gram","selector":{"id":"application-manageresources-display-component---newResourceUnit--WEIGHT_UNIT","interaction":{"idSuffix":"inner"}},"clearTextFirst":true,"interactionType":"ENTER_TEXT"}]}
RESULT: {"script":"<script> [776 bytes]","args":[{"enterText":"Gram","selector":{"id":"application-manageresources-display-component---newResourceUnit--WEIGHT_UNIT","interaction":{"idSuffix":"inner"}},"clearTextFirst":true,"interactionType":"ENTER_TEXT"}]}
COMMAND: POST /session/c486a9816572bc452379bf0d96c97947/execute/async - {"script":"<script> [1562 bytes]","args":[{"selector":{"id":"application-manageresources-display-component---newResourceUnit--DIMENSION_UNIT","interaction":{"idSuffix":"inner"}},"wdio_ui5_key":"applicationmanageresources-display-component---newResourceUnit--DIMENSION_UNIT"}]}
RESULT: {"script":"<script> [1562 bytes]","args":[{"selector":{"id":"application-manageresources-display-component---newResourceUnit--DIMENSION_UNIT","interaction":{"idSuffix":"inner"}},"wdio_ui5_key":"applicationmanageresources-display-component---newResourceUnit--DIMENSION_UNIT"}]}
RESULT: undefined
COMMAND: POST /session/c486a9816572bc452379bf0d96c97947/execute/async - {"script":"<script> [776 bytes]","args":[{"enterText":"Meter","selector":{"id":"application-manageresources-display-component---newResourceUnit--DIMENSION_UNIT","interaction":{"idSuffix":"inner"}},"clearTextFirst":true,"interactionType":"ENTER_TEXT"}]}
RESULT: {"script":"<script> [776 bytes]","args":[{"enterText":"Meter","selector":{"id":"application-manageresources-display-component---newResourceUnit--DIMENSION_UNIT","interaction":{"idSuffix":"inner"}},"clearTextFirst":true,"interactionType":"ENTER_TEXT"}]}
COMMAND: POST /session/c486a9816572bc452379bf0d96c97947/execute/async - {"script":"<script> [1562 bytes]","args":[{"selector":{"id":"application-manageresources-display-component---newResourceUnit--newRRUPage-anchBar-application-manageresources-display-component---newResourceUnit--control-anchor","interaction":{"idSuffix":"BDI-content"}},"wdio_ui5_key":"applicationmanageresources-display-component---newResourceUnit--newRRUPage-anchBar-application-manageresources-display-component---newResourceUnit--control-anchor"}]}
RESULT: {"script":"<script> [1562 bytes]","args":[{"selector":{"id":"application-manageresources-display-component---newResourceUnit--newRRUPage-anchBar-application-manageresources-display-component---newResourceUnit--control-anchor","interaction":{"idSuffix":"BDI-content"}},"wdio_ui5_key":"applicationmanageresources-display-component---newResourceUnit--newRRUPage-anchBar-application-manageresources-display-component---newResourceUnit--control-anchor"}]}
RESULT: undefined
COMMAND: POST /session/c486a9816572bc452379bf0d96c97947/element - {"using":"xpath","value":"//*[@id=\"application-manageresources-display-component---newResourceUnit--newRRUPage-anchBar-application-manageresources-display-component---newResourceUnit--control-anchor\"]"}
RESULT: {"using":"xpath","value":"//*[@id=\"application-manageresources-display-component---newResourceUnit--newRRUPage-anchBar-application-manageresources-display-component---newResourceUnit--control-anchor\"]"}
COMMAND: POST /session/c486a9816572bc452379bf0d96c97947/element/f.3F9ECC6ADE9C5A6D32036CC41DCDE0D0.d.56B7B4387CBE2F02A7FD477DFA80037E.e.3033/click - {}
RESULT: {}
COMMAND: POST /session/c486a9816572bc452379bf0d96c97947/execute/async - {"script":"<script> [1562 bytes]","args":[{"selector":{"id":"application-manageresources-display-component---newResourceUnit--PLANNING_GROUP","interaction":{"idSuffix":"inner"}},"wdio_ui5_key":"applicationmanageresources-display-component---newResourceUnit--PLANNING_GROUP"}]}
COMMAND: GET /session/c486a9816572bc452379bf0d96c97947/screenshot - {}
RESULT: {"script":"<script> [1562 bytes]","args":[{"selector":{"id":"application-manageresources-display-component---newResourceUnit--PLANNING_GROUP","interaction":{"idSuffix":"inner"}},"wdio_ui5_key":"applicationmanageresources-display-component---newResourceUnit--PLANNING_GROUP"}]}
RESULT: undefined
COMMAND: POST /session/c486a9816572bc452379bf0d96c97947/execute/async - {"script":"<script> [776 bytes]","args":[{"enterText":"Material","selector":{"id":"application-manageresources-display-component---newResourceUnit--PLANNING_GROUP","interaction":{"idSuffix":"inner"}},"clearTextFirst":true,"interactionType":"ENTER_TEXT"}]}
RESULT: {}
RESULT: {"script":"<script> [776 bytes]","args":[{"enterText":"Material","selector":{"id":"application-manageresources-display-component---newResourceUnit--PLANNING_GROUP","interaction":{"idSuffix":"inner"}},"clearTextFirst":true,"interactionType":"ENTER_TEXT"}]}
COMMAND: POST /session/c486a9816572bc452379bf0d96c97947/execute/async - {"script":"<script> [1562 bytes]","args":[{"selector":{"id":"application-manageresources-display-component---newResourceUnit--PLANNING_INDICATOR","interaction":{"idSuffix":"inner"}},"wdio_ui5_key":"applicationmanageresources-display-component---newResourceUnit--PLANNING_INDICATOR"}]}
RESULT: {"script":"<script> [1562 bytes]","args":[{"selector":{"id":"application-manageresources-display-component---newResourceUnit--PLANNING_INDICATOR","interaction":{"idSuffix":"inner"}},"wdio_ui5_key":"applicationmanageresources-display-component---newResourceUnit--PLANNING_INDICATOR"}]}
RESULT: undefined
COMMAND: POST /session/c486a9816572bc452379bf0d96c97947/execute/async - {"script":"<script> [776 bytes]","args":[{"enterText":"10 - infinite","selector":{"id":"application-manageresources-display-component---newResourceUnit--PLANNING_INDICATOR","interaction":{"idSuffix":"inner"}},"clearTextFirst":true,"interactionType":"ENTER_TEXT"}]}
RESULT: {"script":"<script> [776 bytes]","args":[{"enterText":"10 - infinite","selector":{"id":"application-manageresources-display-component---newResourceUnit--PLANNING_INDICATOR","interaction":{"idSuffix":"inner"}},"clearTextFirst":true,"interactionType":"ENTER_TEXT"}]}
COMMAND: POST /session/c486a9816572bc452379bf0d96c97947/element - {"using":"css selector","value":"#application-manageresources-display-component---newResourceUnit--btnAddTimeSegment"}
RESULT: {"using":"css selector","value":"#application-manageresources-display-component---newResourceUnit--btnAddTimeSegment"}
COMMAND: GET /session/c486a9816572bc452379bf0d96c97947/element/f.3F9ECC6ADE9C5A6D32036CC41DCDE0D0.d.56B7B4387CBE2F02A7FD477DFA80037E.e.3041/rect - {}
RESULT: {}
COMMAND: GET /session/c486a9816572bc452379bf0d96c97947/window/rect - {}
RESULT: {}
COMMAND: POST /session/c486a9816572bc452379bf0d96c97947/execute/sync - {"script":"<script> [92 bytes]","args":[]}
RESULT: {"script":"<script> [92 bytes]","args":[]}
COMMAND: POST /session/c486a9816572bc452379bf0d96c97947/actions - {"actions":[{"id":"action7","type":"wheel","parameters":{},"actions":[{"type":"scroll","x":-1888,"y":-32,"deltaX":0,"deltaY":0,"duration":0,"origin":{"element-6066-11e4-a52e-4f735466cecf":"f.3F9ECC6ADE9C5A6D32036CC41DCDE0D0.d.56B7B4387CBE2F02A7FD477DFA80037E.e.3041"}}]}]}
COMMAND: GET /session/c486a9816572bc452379bf0d96c97947/screenshot - {}
RESULT: {}
COMMAND: POST /session/c486a9816572bc452379bf0d96c97947/execute/sync - {"script":"<script> [79 bytes]","args":[{"element-6066-11e4-a52e-4f735466cecf":"f.3F9ECC6ADE9C5A6D32036CC41DCDE0D0.d.56B7B4387CBE2F02A7FD477DFA80037E.e.3041","ELEMENT":"f.3F9ECC6ADE9C5A6D32036CC41DCDE0D0.d.56B7B4387CBE2F02A7FD477DFA80037E.e.3041"},{"block":"start","inline":"nearest"}]}
RESULT: {"script":"<script> [79 bytes]","args":[{"element-6066-11e4-a52e-4f735466cecf":"f.3F9ECC6ADE9C5A6D32036CC41DCDE0D0.d.56B7B4387CBE2F02A7FD477DFA80037E.e.3041","ELEMENT":"f.3F9ECC6ADE9C5A6D32036CC41DCDE0D0.d.56B7B4387CBE2F02A7FD477DFA80037E.e.3041"},{"block":"start","inline":"nearest"}]}
COMMAND: POST /session/c486a9816572bc452379bf0d96c97947/execute/async - {"script":"<script> [1562 bytes]","args":[{"selector":{"id":"application-manageresources-display-component---newResourceUnit--btnAddTimeSegment","interaction":{"idSuffix":"inner"}},"wdio_ui5_key":"applicationmanageresources-display-component---newResourceUnit--btnAddTimeSegment"}]}
COMMAND: GET /session/c486a9816572bc452379bf0d96c97947/screenshot - {}
RESULT: {"script":"<script> [1562 bytes]","args":[{"selector":{"id":"application-manageresources-display-component---newResourceUnit--btnAddTimeSegment","interaction":{"idSuffix":"inner"}},"wdio_ui5_key":"applicationmanageresources-display-component---newResourceUnit--btnAddTimeSegment"}]}
RESULT: undefined
COMMAND: POST /session/c486a9816572bc452379bf0d96c97947/element - {"using":"xpath","value":"//*[@id=\"application-manageresources-display-component---newResourceUnit--btnAddTimeSegment\"]"}
RESULT: {}
RESULT: {"using":"xpath","value":"//*[@id=\"application-manageresources-display-component---newResourceUnit--btnAddTimeSegment\"]"}
COMMAND: POST /session/c486a9816572bc452379bf0d96c97947/element/f.3F9ECC6ADE9C5A6D32036CC41DCDE0D0.d.56B7B4387CBE2F02A7FD477DFA80037E.e.3041/click - {}
RESULT: {}
COMMAND: GET /session/c486a9816572bc452379bf0d96c97947/screenshot - {}
RESULT: {}
COMMAND: POST /session/c486a9816572bc452379bf0d96c97947/element - {"using":"xpath","value":"//input[@id=\"application-manageresources-display-component---newResourceUnit--idRuTSAdmin-application-manageresources-display-component---newResourceUnit--RUTimeSegment-0-inner\"]"}
RESULT: {"using":"xpath","value":"//input[@id=\"application-manageresources-display-component---newResourceUnit--idRuTSAdmin-application-manageresources-display-component---newResourceUnit--RUTimeSegment-0-inner\"]"}
COMMAND: POST /session/c486a9816572bc452379bf0d96c97947/element/f.3F9ECC6ADE9C5A6D32036CC41DCDE0D0.d.56B7B4387CBE2F02A7FD477DFA80037E.e.3046/clear - {}
RESULT: {}
COMMAND: POST /session/c486a9816572bc452379bf0d96c97947/element/f.3F9ECC6ADE9C5A6D32036CC41DCDE0D0.d.56B7B4387CBE2F02A7FD477DFA80037E.e.3046/value - {"text":"380"}
COMMAND: GET /session/c486a9816572bc452379bf0d96c97947/screenshot - {}
RESULT: {"text":"380"}
COMMAND: GET /session/c486a9816572bc452379bf0d96c97947/screenshot - {}
RESULT: {}
RESULT: {}
COMMAND: POST /session/c486a9816572bc452379bf0d96c97947/element - {"using":"xpath","value":"//li[.//span[text()='380']]"}
RESULT: {"using":"xpath","value":"//li[.//span[text()='380']]"}
COMMAND: POST /session/c486a9816572bc452379bf0d96c97947/element/f.3F9ECC6ADE9C5A6D32036CC41DCDE0D0.d.56B7B4387CBE2F02A7FD477DFA80037E.e.3055/click - {}
RESULT: {}
COMMAND: GET /session/c486a9816572bc452379bf0d96c97947/screenshot - {}
RESULT: {}
COMMAND: POST /session/c486a9816572bc452379bf0d96c97947/element - {"using":"xpath","value":"(//span[contains(@id, \"-application-manageresources-display-component---newResourceUnit--RUTimeSegment-0-arrow\")])[2]"}
RESULT: {"using":"xpath","value":"(//span[contains(@id, \"-application-manageresources-display-component---newResourceUnit--RUTimeSegment-0-arrow\")])[2]"}
COMMAND: POST /session/c486a9816572bc452379bf0d96c97947/element/f.3F9ECC6ADE9C5A6D32036CC41DCDE0D0.d.56B7B4387CBE2F02A7FD477DFA80037E.e.3056/click - {}
RESULT: {}
COMMAND: POST /session/c486a9816572bc452379bf0d96c97947/element - {"using":"xpath","value":"//span[contains(text(), \"PM Order\")]"}
COMMAND: GET /session/c486a9816572bc452379bf0d96c97947/screenshot - {}
RESULT: {"using":"xpath","value":"//span[contains(text(), \"PM Order\")]"}
COMMAND: POST /session/c486a9816572bc452379bf0d96c97947/element/f.3F9ECC6ADE9C5A6D32036CC41DCDE0D0.d.56B7B4387CBE2F02A7FD477DFA80037E.e.3057/click - {}
RESULT: {}
RESULT: {}
COMMAND: GET /session/c486a9816572bc452379bf0d96c97947/screenshot - {}
RESULT: {}
COMMAND: POST /session/c486a9816572bc452379bf0d96c97947/element - {"using":"xpath","value":"//td/div/div/div/span[contains(@id, \"newResourceUnit--RUTimeSegment-0-vhi\")][1]"}
RESULT: {"using":"xpath","value":"//td/div/div/div/span[contains(@id, \"newResourceUnit--RUTimeSegment-0-vhi\")][1]"}
COMMAND: GET /session/c486a9816572bc452379bf0d96c97947/element/f.3F9ECC6ADE9C5A6D32036CC41DCDE0D0.d.56B7B4387CBE2F02A7FD477DFA80037E.e.3061/rect - {}
RESULT: {}
COMMAND: GET /session/c486a9816572bc452379bf0d96c97947/window/rect - {}
RESULT: {}
COMMAND: POST /session/c486a9816572bc452379bf0d96c97947/execute/sync - {"script":"<script> [92 bytes]","args":[]}
RESULT: {"script":"<script> [92 bytes]","args":[]}
COMMAND: POST /session/c486a9816572bc452379bf0d96c97947/actions - {"actions":[{"id":"action8","type":"wheel","parameters":{},"actions":[{"type":"scroll","x":-1888,"y":-24,"deltaX":0,"deltaY":0,"duration":0,"origin":{"element-6066-11e4-a52e-4f735466cecf":"f.3F9ECC6ADE9C5A6D32036CC41DCDE0D0.d.56B7B4387CBE2F02A7FD477DFA80037E.e.3061"}}]}]}
COMMAND: GET /session/c486a9816572bc452379bf0d96c97947/screenshot - {}
RESULT: {}
COMMAND: POST /session/c486a9816572bc452379bf0d96c97947/execute/sync - {"script":"<script> [79 bytes]","args":[{"element-6066-11e4-a52e-4f735466cecf":"f.3F9ECC6ADE9C5A6D32036CC41DCDE0D0.d.56B7B4387CBE2F02A7FD477DFA80037E.e.3061","ELEMENT":"f.3F9ECC6ADE9C5A6D32036CC41DCDE0D0.d.56B7B4387CBE2F02A7FD477DFA80037E.e.3061"},{"block":"start","inline":"nearest"}]}
RESULT: {"script":"<script> [79 bytes]","args":[{"element-6066-11e4-a52e-4f735466cecf":"f.3F9ECC6ADE9C5A6D32036CC41DCDE0D0.d.56B7B4387CBE2F02A7FD477DFA80037E.e.3061","ELEMENT":"f.3F9ECC6ADE9C5A6D32036CC41DCDE0D0.d.56B7B4387CBE2F02A7FD477DFA80037E.e.3061"},{"block":"start","inline":"nearest"}]}
COMMAND: GET /session/c486a9816572bc452379bf0d96c97947/screenshot - {}
RESULT: {}
COMMAND: POST /session/c486a9816572bc452379bf0d96c97947/element/f.3F9ECC6ADE9C5A6D32036CC41DCDE0D0.d.56B7B4387CBE2F02A7FD477DFA80037E.e.3061/click - {}
RESULT: {}
COMMAND: GET /session/c486a9816572bc452379bf0d96c97947/screenshot - {}
RESULT: {}
COMMAND: POST /session/c486a9816572bc452379bf0d96c97947/execute/async - {"script":"<script> [1562 bytes]","args":[{"selector":{"controlType":"sap.m.SearchField","properties":{"placeholder":"Search"},"searchOpenDialogs":true,"interaction":{"idSuffix":"I"}},"wdio_ui5_key":"sapm.SearchField{\"placeholder\":\"Search\"}"}]}
RESULT: {"script":"<script> [1562 bytes]","args":[{"selector":{"controlType":"sap.m.SearchField","properties":{"placeholder":"Search"},"searchOpenDialogs":true,"interaction":{"idSuffix":"I"}},"wdio_ui5_key":"sapm.SearchField{\"placeholder\":\"Search\"}"}]}
RESULT: undefined
COMMAND: POST /session/c486a9816572bc452379bf0d96c97947/execute/async - {"script":"<script> [776 bytes]","args":[{"enterText":"4000360","selector":{"controlType":"sap.m.SearchField","properties":{"placeholder":"Search"},"searchOpenDialogs":true,"interaction":{"idSuffix":"I"}},"clearTextFirst":true,"interactionType":"ENTER_TEXT"}]}
RESULT: {"script":"<script> [776 bytes]","args":[{"enterText":"4000360","selector":{"controlType":"sap.m.SearchField","properties":{"placeholder":"Search"},"searchOpenDialogs":true,"interaction":{"idSuffix":"I"}},"clearTextFirst":true,"interactionType":"ENTER_TEXT"}]}
COMMAND: POST /session/c486a9816572bc452379bf0d96c97947/actions - {"actions":[{"id":"action9","type":"key","parameters":{},"actions":[{"type":"keyDown","value":"î€‡"},{"type":"pause","duration":10},{"type":"keyUp","value":"î€‡"}]}]}
RESULT: {"actions":[{"id":"action9","type":"key","parameters":{},"actions":[{"type":"keyDown","value":"î€‡"},{"type":"pause","duration":10},{"type":"keyUp","value":"î€‡"}]}]}
COMMAND: GET /session/c486a9816572bc452379bf0d96c97947/screenshot - {}
RESULT: {}
COMMAND: POST /session/c486a9816572bc452379bf0d96c97947/element - {"using":"xpath","value":"//td/div/span[contains(text(), \"BGL Vehicles\")]"}
RESULT: {"using":"xpath","value":"//td/div/span[contains(text(), \"BGL Vehicles\")]"}
COMMAND: POST /session/c486a9816572bc452379bf0d96c97947/element/f.3F9ECC6ADE9C5A6D32036CC41DCDE0D0.d.56B7B4387CBE2F02A7FD477DFA80037E.e.3082/click - {}
RESULT: {}
COMMAND: GET /session/c486a9816572bc452379bf0d96c97947/screenshot - {}
RESULT: {}
COMMAND: POST /session/c486a9816572bc452379bf0d96c97947/element - {"using":"xpath","value":"//bdi[contains(text(), \"OK\")]"}
RESULT: {"using":"xpath","value":"//bdi[contains(text(), \"OK\")]"}
COMMAND: POST /session/c486a9816572bc452379bf0d96c97947/element/f.3F9ECC6ADE9C5A6D32036CC41DCDE0D0.d.56B7B4387CBE2F02A7FD477DFA80037E.e.3083/click - {}
RESULT: {}
COMMAND: GET /session/c486a9816572bc452379bf0d96c97947/screenshot - {}
RESULT: {}
COMMAND: POST /session/c486a9816572bc452379bf0d96c97947/element - {"using":"xpath","value":"//label[contains(@class, 'sapMLabelRequired') and .//bdi[contains(text(), 'Planned Retirement')]]"}
RESULT: {"using":"xpath","value":"//label[contains(@class, 'sapMLabelRequired') and .//bdi[contains(text(), 'Planned Retirement')]]"}
COMMAND: POST /session/c486a9816572bc452379bf0d96c97947/elements - {"using":"xpath","value":"//label[contains(@class, 'sapMLabelRequired') and .//bdi[contains(text(), 'Planned Retirement')]]"}
RESULT: {"using":"xpath","value":"//label[contains(@class, 'sapMLabelRequired') and .//bdi[contains(text(), 'Planned Retirement')]]"}
COMMAND: POST /session/c486a9816572bc452379bf0d96c97947/element - {"using":"xpath","value":"//button[@data-kt=\"resourceUnitSaveButton\"]"}
RESULT: {"using":"xpath","value":"//button[@data-kt=\"resourceUnitSaveButton\"]"}
COMMAND: POST /session/c486a9816572bc452379bf0d96c97947/element/f.3F9ECC6ADE9C5A6D32036CC41DCDE0D0.d.56B7B4387CBE2F02A7FD477DFA80037E.e.2985/click - {}
RESULT: {}
COMMAND: GET /session/c486a9816572bc452379bf0d96c97947/screenshot - {}
RESULT: {}
COMMAND: POST /session/c486a9816572bc452379bf0d96c97947/element - {"using":"xpath","value":"//bdi[contains(text(), \"Close\")]"}
RESULT: {"using":"xpath","value":"//bdi[contains(text(), \"Close\")]"}
COMMAND: POST /session/c486a9816572bc452379bf0d96c97947/element/f.3F9ECC6ADE9C5A6D32036CC41DCDE0D0.d.56B7B4387CBE2F02A7FD477DFA80037E.e.3090/click - {}
RESULT: {}
COMMAND: GET /session/c486a9816572bc452379bf0d96c97947/screenshot - {}
RESULT: {}
COMMAND: POST /session/c486a9816572bc452379bf0d96c97947/element - {"using":"xpath","value":"//header[contains(@id, 'detailRruPage-headerTitle')]/div[1]/div[2]/div[2]/span[1]"}
RESULT: {"using":"xpath","value":"//header[contains(@id, 'detailRruPage-headerTitle')]/div[1]/div[2]/div[2]/span[1]"}
COMMAND: POST /session/c486a9816572bc452379bf0d96c97947/elements - {"using":"xpath","value":"//header[contains(@id, 'detailRruPage-headerTitle')]/div[1]/div[2]/div[2]/span[1]"}
RESULT: {"using":"xpath","value":"//header[contains(@id, 'detailRruPage-headerTitle')]/div[1]/div[2]/div[2]/span[1]"}
COMMAND: POST /session/c486a9816572bc452379bf0d96c97947/execute/sync - {"script":"<script> [56 bytes]","args":[{"element-6066-11e4-a52e-4f735466cecf":"f.3F9ECC6ADE9C5A6D32036CC41DCDE0D0.d.56B7B4387CBE2F02A7FD477DFA80037E.e.3124","ELEMENT":"f.3F9ECC6ADE9C5A6D32036CC41DCDE0D0.d.56B7B4387CBE2F02A7FD477DFA80037E.e.3124"}]}
RESULT: {"script":"<script> [56 bytes]","args":[{"element-6066-11e4-a52e-4f735466cecf":"f.3F9ECC6ADE9C5A6D32036CC41DCDE0D0.d.56B7B4387CBE2F02A7FD477DFA80037E.e.3124","ELEMENT":"f.3F9ECC6ADE9C5A6D32036CC41DCDE0D0.d.56B7B4387CBE2F02A7FD477DFA80037E.e.3124"}]}
COMMAND: POST /session/c486a9816572bc452379bf0d96c97947/element - {"using":"css selector","value":"#shell-header-logo"}
COMMAND: GET /session/c486a9816572bc452379bf0d96c97947/screenshot - {}
RESULT: {"using":"css selector","value":"#shell-header-logo"}
COMMAND: POST /session/c486a9816572bc452379bf0d96c97947/element/f.3F9ECC6ADE9C5A6D32036CC41DCDE0D0.d.56B7B4387CBE2F02A7FD477DFA80037E.e.2579/click - {}
RESULT: {}
RESULT: {}
COMMAND: GET /session/c486a9816572bc452379bf0d96c97947/screenshot - {}
RESULT: {}
]]></system-out>
    </testcase>
    <testcase classname="chrome.136_0_7103_93.windows.Stock_increase_-_with_WHM_US125587" name="Bin Status Report Should Create New Organization yard" time="87.693">
      <system-out><![CDATA[
COMMAND: POST /session/c486a9816572bc452379bf0d96c97947/execute/async - {"script":"<script> [1562 bytes]","args":[{"selector":{"controlType":"sap.m.GenericTile","properties":{"header":"Bin Status Report"}},"wdio_ui5_key":"sapm.GenericTile{\"header\":\"Bin Status Report\"}"}]}
RESULT: {"script":"<script> [1562 bytes]","args":[{"selector":{"controlType":"sap.m.GenericTile","properties":{"header":"Bin Status Report"}},"wdio_ui5_key":"sapm.GenericTile{\"header\":\"Bin Status Report\"}"}]}
RESULT: undefined
COMMAND: POST /session/c486a9816572bc452379bf0d96c97947/element - {"using":"xpath","value":"//*[@id=\"__tile104\"]"}
RESULT: {"using":"xpath","value":"//*[@id=\"__tile104\"]"}
COMMAND: POST /session/c486a9816572bc452379bf0d96c97947/element/f.3F9ECC6ADE9C5A6D32036CC41DCDE0D0.d.56B7B4387CBE2F02A7FD477DFA80037E.e.3126/click - {}
RESULT: {}
COMMAND: GET /session/c486a9816572bc452379bf0d96c97947/screenshot - {}
RESULT: {}
COMMAND: POST /session/c486a9816572bc452379bf0d96c97947/elements - {"using":"xpath","value":"//span[text()='Error']"}
RESULT: {"using":"xpath","value":"//span[text()='Error']"}
COMMAND: POST /session/c486a9816572bc452379bf0d96c97947/element - {"using":"xpath","value":"//button[@id=\"application-binstatusreport-display-component---warehousing--createOrgBtn\"]"}
RESULT: {"using":"xpath","value":"//button[@id=\"application-binstatusreport-display-component---warehousing--createOrgBtn\"]"}
COMMAND: POST /session/c486a9816572bc452379bf0d96c97947/elements - {"using":"xpath","value":"//button[@id=\"application-binstatusreport-display-component---warehousing--createOrgBtn\"]"}
RESULT: {"using":"xpath","value":"//button[@id=\"application-binstatusreport-display-component---warehousing--createOrgBtn\"]"}
COMMAND: POST /session/c486a9816572bc452379bf0d96c97947/execute/sync - {"script":"<script> [8489 bytes]","args":[{"element-6066-11e4-a52e-4f735466cecf":"f.3F9ECC6ADE9C5A6D32036CC41DCDE0D0.d.56B7B4387CBE2F02A7FD477DFA80037E.e.3185","ELEMENT":"f.3F9ECC6ADE9C5A6D32036CC41DCDE0D0.d.56B7B4387CBE2F02A7FD477DFA80037E.e.3185"}]}
RESULT: {"script":"<script> [8489 bytes]","args":[{"element-6066-11e4-a52e-4f735466cecf":"f.3F9ECC6ADE9C5A6D32036CC41DCDE0D0.d.56B7B4387CBE2F02A7FD477DFA80037E.e.3185","ELEMENT":"f.3F9ECC6ADE9C5A6D32036CC41DCDE0D0.d.56B7B4387CBE2F02A7FD477DFA80037E.e.3185"}]}
COMMAND: GET /session/c486a9816572bc452379bf0d96c97947/element/f.3F9ECC6ADE9C5A6D32036CC41DCDE0D0.d.56B7B4387CBE2F02A7FD477DFA80037E.e.3185/enabled - {}
COMMAND: GET /session/c486a9816572bc452379bf0d96c97947/screenshot - {}
RESULT: {}
COMMAND: POST /session/c486a9816572bc452379bf0d96c97947/execute/sync - {"script":"<script> [8489 bytes]","args":[{"element-6066-11e4-a52e-4f735466cecf":"f.3F9ECC6ADE9C5A6D32036CC41DCDE0D0.d.56B7B4387CBE2F02A7FD477DFA80037E.e.3185","ELEMENT":"f.3F9ECC6ADE9C5A6D32036CC41DCDE0D0.d.56B7B4387CBE2F02A7FD477DFA80037E.e.3185"}]}
COMMAND: GET /session/c486a9816572bc452379bf0d96c97947/screenshot - {}
RESULT: {}
RESULT: {"script":"<script> [8489 bytes]","args":[{"element-6066-11e4-a52e-4f735466cecf":"f.3F9ECC6ADE9C5A6D32036CC41DCDE0D0.d.56B7B4387CBE2F02A7FD477DFA80037E.e.3185","ELEMENT":"f.3F9ECC6ADE9C5A6D32036CC41DCDE0D0.d.56B7B4387CBE2F02A7FD477DFA80037E.e.3185"}]}
COMMAND: POST /session/c486a9816572bc452379bf0d96c97947/execute/sync - {"script":"<script> [5351 bytes]","args":[{"element-6066-11e4-a52e-4f735466cecf":"f.3F9ECC6ADE9C5A6D32036CC41DCDE0D0.d.56B7B4387CBE2F02A7FD477DFA80037E.e.3185","ELEMENT":"f.3F9ECC6ADE9C5A6D32036CC41DCDE0D0.d.56B7B4387CBE2F02A7FD477DFA80037E.e.3185"}]}
COMMAND: GET /session/c486a9816572bc452379bf0d96c97947/screenshot - {}
RESULT: {}
RESULT: {"script":"<script> [5351 bytes]","args":[{"element-6066-11e4-a52e-4f735466cecf":"f.3F9ECC6ADE9C5A6D32036CC41DCDE0D0.d.56B7B4387CBE2F02A7FD477DFA80037E.e.3185","ELEMENT":"f.3F9ECC6ADE9C5A6D32036CC41DCDE0D0.d.56B7B4387CBE2F02A7FD477DFA80037E.e.3185"}]}
COMMAND: GET /session/c486a9816572bc452379bf0d96c97947/screenshot - {}
RESULT: {}
RESULT: {}
COMMAND: POST /session/c486a9816572bc452379bf0d96c97947/element/f.3F9ECC6ADE9C5A6D32036CC41DCDE0D0.d.56B7B4387CBE2F02A7FD477DFA80037E.e.3185/click - {}
RESULT: {}
COMMAND: GET /session/c486a9816572bc452379bf0d96c97947/screenshot - {}
RESULT: {}
COMMAND: POST /session/c486a9816572bc452379bf0d96c97947/execute/async - {"script":"<script> [1562 bytes]","args":[{"selector":{"id":"createOrganizationPop--sectionInput","searchOpenDialogs":true,"interaction":{"idSuffix":"inner"}},"wdio_ui5_key":"createOrganizationPopsectionInput"}]}
RESULT: {"script":"<script> [1562 bytes]","args":[{"selector":{"id":"createOrganizationPop--sectionInput","searchOpenDialogs":true,"interaction":{"idSuffix":"inner"}},"wdio_ui5_key":"createOrganizationPopsectionInput"}]}
RESULT: undefined
COMMAND: POST /session/c486a9816572bc452379bf0d96c97947/execute/async - {"script":"<script> [776 bytes]","args":[{"enterText":"WDIO-380","selector":{"id":"createOrganizationPop--sectionInput","searchOpenDialogs":true,"interaction":{"idSuffix":"inner"}},"clearTextFirst":true,"interactionType":"ENTER_TEXT"}]}
RESULT: {"script":"<script> [776 bytes]","args":[{"enterText":"WDIO-380","selector":{"id":"createOrganizationPop--sectionInput","searchOpenDialogs":true,"interaction":{"idSuffix":"inner"}},"clearTextFirst":true,"interactionType":"ENTER_TEXT"}]}
COMMAND: POST /session/c486a9816572bc452379bf0d96c97947/execute/async - {"script":"<script> [1562 bytes]","args":[{"selector":{"id":"createOrganizationPop--descriptionInput","searchOpenDialogs":true,"interaction":{"idSuffix":"inner"}},"wdio_ui5_key":"createOrganizationPopdescriptionInput"}]}
RESULT: {"script":"<script> [1562 bytes]","args":[{"selector":{"id":"createOrganizationPop--descriptionInput","searchOpenDialogs":true,"interaction":{"idSuffix":"inner"}},"wdio_ui5_key":"createOrganizationPopdescriptionInput"}]}
RESULT: undefined
COMMAND: POST /session/c486a9816572bc452379bf0d96c97947/execute/async - {"script":"<script> [776 bytes]","args":[{"enterText":"Shipping-380","selector":{"id":"createOrganizationPop--descriptionInput","searchOpenDialogs":true,"interaction":{"idSuffix":"inner"}},"clearTextFirst":true,"interactionType":"ENTER_TEXT"}]}
RESULT: {"script":"<script> [776 bytes]","args":[{"enterText":"Shipping-380","selector":{"id":"createOrganizationPop--descriptionInput","searchOpenDialogs":true,"interaction":{"idSuffix":"inner"}},"clearTextFirst":true,"interactionType":"ENTER_TEXT"}]}
COMMAND: POST /session/c486a9816572bc452379bf0d96c97947/element - {"using":"css selector","value":"#createOrganizationPop--yardOrg-inner"}
RESULT: {"using":"css selector","value":"#createOrganizationPop--yardOrg-inner"}
COMMAND: POST /session/c486a9816572bc452379bf0d96c97947/element/f.3F9ECC6ADE9C5A6D32036CC41DCDE0D0.d.56B7B4387CBE2F02A7FD477DFA80037E.e.3493/clear - {}
RESULT: {}
COMMAND: POST /session/c486a9816572bc452379bf0d96c97947/element/f.3F9ECC6ADE9C5A6D32036CC41DCDE0D0.d.56B7B4387CBE2F02A7FD477DFA80037E.e.3493/value - {"text":"380"}
COMMAND: GET /session/c486a9816572bc452379bf0d96c97947/screenshot - {}
RESULT: {"text":"380"}
COMMAND: GET /session/c486a9816572bc452379bf0d96c97947/screenshot - {}
RESULT: {}
RESULT: {}
COMMAND: POST /session/c486a9816572bc452379bf0d96c97947/actions - {"actions":[{"id":"action10","type":"key","parameters":{},"actions":[{"type":"keyDown","value":"î€‡"},{"type":"pause","duration":10},{"type":"keyUp","value":"î€‡"}]}]}
RESULT: {"actions":[{"id":"action10","type":"key","parameters":{},"actions":[{"type":"keyDown","value":"î€‡"},{"type":"pause","duration":10},{"type":"keyUp","value":"î€‡"}]}]}
COMMAND: POST /session/c486a9816572bc452379bf0d96c97947/execute/async - {"script":"<script> [1562 bytes]","args":[{"selector":{"id":"createOrganizationPop--grZone","searchOpenDialogs":true,"interaction":{"idSuffix":"CbBg"}},"wdio_ui5_key":"createOrganizationPopgrZone"}]}
COMMAND: GET /session/c486a9816572bc452379bf0d96c97947/screenshot - {}
RESULT: {"script":"<script> [1562 bytes]","args":[{"selector":{"id":"createOrganizationPop--grZone","searchOpenDialogs":true,"interaction":{"idSuffix":"CbBg"}},"wdio_ui5_key":"createOrganizationPopgrZone"}]}
RESULT: undefined
COMMAND: POST /session/c486a9816572bc452379bf0d96c97947/element - {"using":"xpath","value":"//*[@id=\"createOrganizationPop--grZone\"]"}
RESULT: {}
RESULT: {"using":"xpath","value":"//*[@id=\"createOrganizationPop--grZone\"]"}
COMMAND: POST /session/c486a9816572bc452379bf0d96c97947/element/f.3F9ECC6ADE9C5A6D32036CC41DCDE0D0.d.56B7B4387CBE2F02A7FD477DFA80037E.e.3514/click - {}
RESULT: {}
COMMAND: GET /session/c486a9816572bc452379bf0d96c97947/screenshot - {}
RESULT: {}
COMMAND: POST /session/c486a9816572bc452379bf0d96c97947/execute/async - {"script":"<script> [1562 bytes]","args":[{"selector":{"id":"createOrganizationPop--giZone","searchOpenDialogs":true,"interaction":{"idSuffix":"CbBg"}},"wdio_ui5_key":"createOrganizationPopgiZone"}]}
RESULT: {"script":"<script> [1562 bytes]","args":[{"selector":{"id":"createOrganizationPop--giZone","searchOpenDialogs":true,"interaction":{"idSuffix":"CbBg"}},"wdio_ui5_key":"createOrganizationPopgiZone"}]}
RESULT: undefined
COMMAND: POST /session/c486a9816572bc452379bf0d96c97947/element - {"using":"xpath","value":"//*[@id=\"createOrganizationPop--giZone\"]"}
RESULT: {"using":"xpath","value":"//*[@id=\"createOrganizationPop--giZone\"]"}
COMMAND: POST /session/c486a9816572bc452379bf0d96c97947/element/f.3F9ECC6ADE9C5A6D32036CC41DCDE0D0.d.56B7B4387CBE2F02A7FD477DFA80037E.e.3516/click - {}
RESULT: {}
COMMAND: GET /session/c486a9816572bc452379bf0d96c97947/screenshot - {}
RESULT: {}
COMMAND: POST /session/c486a9816572bc452379bf0d96c97947/execute/async - {"script":"<script> [1562 bytes]","args":[{"selector":{"id":"createOrganizationPop--binNoInput","searchOpenDialogs":true,"interaction":{"idSuffix":"inner"}},"wdio_ui5_key":"createOrganizationPopbinNoInput"}]}
RESULT: {"script":"<script> [1562 bytes]","args":[{"selector":{"id":"createOrganizationPop--binNoInput","searchOpenDialogs":true,"interaction":{"idSuffix":"inner"}},"wdio_ui5_key":"createOrganizationPopbinNoInput"}]}
RESULT: undefined
COMMAND: POST /session/c486a9816572bc452379bf0d96c97947/execute/async - {"script":"<script> [776 bytes]","args":[{"enterText":"Bin-Wd","selector":{"id":"createOrganizationPop--binNoInput","searchOpenDialogs":true,"interaction":{"idSuffix":"inner"}},"clearTextFirst":true,"interactionType":"ENTER_TEXT"}]}
RESULT: {"script":"<script> [776 bytes]","args":[{"enterText":"Bin-Wd","selector":{"id":"createOrganizationPop--binNoInput","searchOpenDialogs":true,"interaction":{"idSuffix":"inner"}},"clearTextFirst":true,"interactionType":"ENTER_TEXT"}]}
COMMAND: POST /session/c486a9816572bc452379bf0d96c97947/execute/async - {"script":"<script> [1562 bytes]","args":[{"selector":{"id":"createOrganizationPop--descriptionId","searchOpenDialogs":true,"interaction":{"idSuffix":"inner"}},"wdio_ui5_key":"createOrganizationPopdescriptionId"}]}
RESULT: {"script":"<script> [1562 bytes]","args":[{"selector":{"id":"createOrganizationPop--descriptionId","searchOpenDialogs":true,"interaction":{"idSuffix":"inner"}},"wdio_ui5_key":"createOrganizationPopdescriptionId"}]}
RESULT: undefined
COMMAND: POST /session/c486a9816572bc452379bf0d96c97947/execute/async - {"script":"<script> [776 bytes]","args":[{"enterText":"Shipping-Wd","selector":{"id":"createOrganizationPop--descriptionId","searchOpenDialogs":true,"interaction":{"idSuffix":"inner"}},"clearTextFirst":true,"interactionType":"ENTER_TEXT"}]}
RESULT: {"script":"<script> [776 bytes]","args":[{"enterText":"Shipping-Wd","selector":{"id":"createOrganizationPop--descriptionId","searchOpenDialogs":true,"interaction":{"idSuffix":"inner"}},"clearTextFirst":true,"interactionType":"ENTER_TEXT"}]}
COMMAND: POST /session/c486a9816572bc452379bf0d96c97947/execute/async - {"script":"<script> [1562 bytes]","args":[{"selector":{"controlType":"sap.m.CheckBox","viewName":"etm.portal.ui.binstatusreport.view.MasterWareBins","viewId":"application-binstatusreport-display-component---warehousing","bindingPath":{"path":"","propertyPath":"/ZONE","modelName":"newBin"},"searchOpenDialogs":true,"interaction":{"idSuffix":"CbBg"}},"wdio_ui5_key":"etmportal.ui.binstatusreport.view.MasterWareBinssap.m.CheckBox{\"path\":\"\",\"propertyPath\":\"/ZONE\",\"modelName\":\"newBin\"}"}]}
RESULT: {"script":"<script> [1562 bytes]","args":[{"selector":{"controlType":"sap.m.CheckBox","viewName":"etm.portal.ui.binstatusreport.view.MasterWareBins","viewId":"application-binstatusreport-display-component---warehousing","bindingPath":{"path":"","propertyPath":"/ZONE","modelName":"newBin"},"searchOpenDialogs":true,"interaction":{"idSuffix":"CbBg"}},"wdio_ui5_key":"etmportal.ui.binstatusreport.view.MasterWareBinssap.m.CheckBox{\"path\":\"\",\"propertyPath\":\"/ZONE\",\"modelName\":\"newBin\"}"}]}
RESULT: undefined
COMMAND: POST /session/c486a9816572bc452379bf0d96c97947/element - {"using":"xpath","value":"//*[@id=\"__box16\"]"}
RESULT: {"using":"xpath","value":"//*[@id=\"__box16\"]"}
COMMAND: POST /session/c486a9816572bc452379bf0d96c97947/element/f.3F9ECC6ADE9C5A6D32036CC41DCDE0D0.d.56B7B4387CBE2F02A7FD477DFA80037E.e.3520/click - {}
RESULT: {}
COMMAND: GET /session/c486a9816572bc452379bf0d96c97947/screenshot - {}
RESULT: {}
COMMAND: POST /session/c486a9816572bc452379bf0d96c97947/execute/async - {"script":"<script> [1562 bytes]","args":[{"selector":{"id":"createOrganizationPop--binTypesCB","searchOpenDialogs":true,"interaction":{"idSuffix":"inner"}},"wdio_ui5_key":"createOrganizationPopbinTypesCB"}]}
RESULT: {"script":"<script> [1562 bytes]","args":[{"selector":{"id":"createOrganizationPop--binTypesCB","searchOpenDialogs":true,"interaction":{"idSuffix":"inner"}},"wdio_ui5_key":"createOrganizationPopbinTypesCB"}]}
RESULT: undefined
COMMAND: POST /session/c486a9816572bc452379bf0d96c97947/execute/async - {"script":"<script> [776 bytes]","args":[{"enterText":"1 - General / No capacity check","selector":{"id":"createOrganizationPop--binTypesCB","searchOpenDialogs":true,"interaction":{"idSuffix":"inner"}},"clearTextFirst":true,"interactionType":"ENTER_TEXT"}]}
RESULT: {"script":"<script> [776 bytes]","args":[{"enterText":"1 - General / No capacity check","selector":{"id":"createOrganizationPop--binTypesCB","searchOpenDialogs":true,"interaction":{"idSuffix":"inner"}},"clearTextFirst":true,"interactionType":"ENTER_TEXT"}]}
COMMAND: POST /session/c486a9816572bc452379bf0d96c97947/actions - {"actions":[{"id":"action11","type":"key","parameters":{},"actions":[{"type":"keyDown","value":"î€‡"},{"type":"pause","duration":10},{"type":"keyUp","value":"î€‡"}]}]}
RESULT: {"actions":[{"id":"action11","type":"key","parameters":{},"actions":[{"type":"keyDown","value":"î€‡"},{"type":"pause","duration":10},{"type":"keyUp","value":"î€‡"}]}]}
COMMAND: GET /session/c486a9816572bc452379bf0d96c97947/screenshot - {}
RESULT: {}
COMMAND: POST /session/c486a9816572bc452379bf0d96c97947/execute/async - {"script":"<script> [1562 bytes]","args":[{"selector":{"id":"createOrganizationPop--finishBtn","searchOpenDialogs":true,"interaction":{"idSuffix":"BDI-content"}},"wdio_ui5_key":"createOrganizationPopfinishBtn"}]}
RESULT: {"script":"<script> [1562 bytes]","args":[{"selector":{"id":"createOrganizationPop--finishBtn","searchOpenDialogs":true,"interaction":{"idSuffix":"BDI-content"}},"wdio_ui5_key":"createOrganizationPopfinishBtn"}]}
RESULT: undefined
COMMAND: POST /session/c486a9816572bc452379bf0d96c97947/element - {"using":"xpath","value":"//*[@id=\"createOrganizationPop--finishBtn\"]"}
RESULT: {"using":"xpath","value":"//*[@id=\"createOrganizationPop--finishBtn\"]"}
COMMAND: POST /session/c486a9816572bc452379bf0d96c97947/element/f.3F9ECC6ADE9C5A6D32036CC41DCDE0D0.d.56B7B4387CBE2F02A7FD477DFA80037E.e.3523/click - {}
RESULT: {}
COMMAND: GET /session/c486a9816572bc452379bf0d96c97947/screenshot - {}
RESULT: {}
COMMAND: POST /session/c486a9816572bc452379bf0d96c97947/element - {"using":"css selector","value":"#shell-header-logo"}
RESULT: {"using":"css selector","value":"#shell-header-logo"}
COMMAND: POST /session/c486a9816572bc452379bf0d96c97947/element/f.3F9ECC6ADE9C5A6D32036CC41DCDE0D0.d.56B7B4387CBE2F02A7FD477DFA80037E.e.3133/click - {}
RESULT: {}
COMMAND: GET /session/c486a9816572bc452379bf0d96c97947/screenshot - {}
RESULT: {}
]]></system-out>
    </testcase>
    <testcase classname="chrome.136_0_7103_93.windows.Stock_increase_-_with_WHM_US125587" name="Bin Status Report Should Create New Organization for Site" time="77.605">
      <system-out><![CDATA[
RESULT: undefined
COMMAND: POST /session/c486a9816572bc452379bf0d96c97947/element - {"using":"xpath","value":"//*[@id=\"__tile104\"]"}
RESULT: {"using":"xpath","value":"//*[@id=\"__tile104\"]"}
COMMAND: POST /session/c486a9816572bc452379bf0d96c97947/element/f.3F9ECC6ADE9C5A6D32036CC41DCDE0D0.d.56B7B4387CBE2F02A7FD477DFA80037E.e.3126/click - {}
RESULT: {}
COMMAND: GET /session/c486a9816572bc452379bf0d96c97947/screenshot - {}
COMMAND: POST /session/c486a9816572bc452379bf0d96c97947/elements - {"using":"xpath","value":"//span[text()='Error']"}
RESULT: {}
RESULT: {"using":"xpath","value":"//span[text()='Error']"}
COMMAND: POST /session/c486a9816572bc452379bf0d96c97947/element - {"using":"xpath","value":"//button[@id=\"application-binstatusreport-display-component---warehousing--createOrgBtn\"]"}
RESULT: {"using":"xpath","value":"//button[@id=\"application-binstatusreport-display-component---warehousing--createOrgBtn\"]"}
COMMAND: POST /session/c486a9816572bc452379bf0d96c97947/elements - {"using":"xpath","value":"//button[@id=\"application-binstatusreport-display-component---warehousing--createOrgBtn\"]"}
RESULT: {"using":"xpath","value":"//button[@id=\"application-binstatusreport-display-component---warehousing--createOrgBtn\"]"}
COMMAND: POST /session/c486a9816572bc452379bf0d96c97947/execute/sync - {"script":"<script> [8489 bytes]","args":[{"element-6066-11e4-a52e-4f735466cecf":"f.3F9ECC6ADE9C5A6D32036CC41DCDE0D0.d.56B7B4387CBE2F02A7FD477DFA80037E.e.3584","ELEMENT":"f.3F9ECC6ADE9C5A6D32036CC41DCDE0D0.d.56B7B4387CBE2F02A7FD477DFA80037E.e.3584"}]}
RESULT: {"script":"<script> [8489 bytes]","args":[{"element-6066-11e4-a52e-4f735466cecf":"f.3F9ECC6ADE9C5A6D32036CC41DCDE0D0.d.56B7B4387CBE2F02A7FD477DFA80037E.e.3584","ELEMENT":"f.3F9ECC6ADE9C5A6D32036CC41DCDE0D0.d.56B7B4387CBE2F02A7FD477DFA80037E.e.3584"}]}
COMMAND: GET /session/c486a9816572bc452379bf0d96c97947/element/f.3F9ECC6ADE9C5A6D32036CC41DCDE0D0.d.56B7B4387CBE2F02A7FD477DFA80037E.e.3584/enabled - {}
COMMAND: GET /session/c486a9816572bc452379bf0d96c97947/screenshot - {}
RESULT: {}
COMMAND: POST /session/c486a9816572bc452379bf0d96c97947/execute/sync - {"script":"<script> [8489 bytes]","args":[{"element-6066-11e4-a52e-4f735466cecf":"f.3F9ECC6ADE9C5A6D32036CC41DCDE0D0.d.56B7B4387CBE2F02A7FD477DFA80037E.e.3584","ELEMENT":"f.3F9ECC6ADE9C5A6D32036CC41DCDE0D0.d.56B7B4387CBE2F02A7FD477DFA80037E.e.3584"}]}
COMMAND: GET /session/c486a9816572bc452379bf0d96c97947/screenshot - {}
RESULT: {}
RESULT: {"script":"<script> [8489 bytes]","args":[{"element-6066-11e4-a52e-4f735466cecf":"f.3F9ECC6ADE9C5A6D32036CC41DCDE0D0.d.56B7B4387CBE2F02A7FD477DFA80037E.e.3584","ELEMENT":"f.3F9ECC6ADE9C5A6D32036CC41DCDE0D0.d.56B7B4387CBE2F02A7FD477DFA80037E.e.3584"}]}
COMMAND: POST /session/c486a9816572bc452379bf0d96c97947/execute/sync - {"script":"<script> [5351 bytes]","args":[{"element-6066-11e4-a52e-4f735466cecf":"f.3F9ECC6ADE9C5A6D32036CC41DCDE0D0.d.56B7B4387CBE2F02A7FD477DFA80037E.e.3584","ELEMENT":"f.3F9ECC6ADE9C5A6D32036CC41DCDE0D0.d.56B7B4387CBE2F02A7FD477DFA80037E.e.3584"}]}
COMMAND: GET /session/c486a9816572bc452379bf0d96c97947/screenshot - {}
RESULT: {}
RESULT: {"script":"<script> [5351 bytes]","args":[{"element-6066-11e4-a52e-4f735466cecf":"f.3F9ECC6ADE9C5A6D32036CC41DCDE0D0.d.56B7B4387CBE2F02A7FD477DFA80037E.e.3584","ELEMENT":"f.3F9ECC6ADE9C5A6D32036CC41DCDE0D0.d.56B7B4387CBE2F02A7FD477DFA80037E.e.3584"}]}
COMMAND: GET /session/c486a9816572bc452379bf0d96c97947/screenshot - {}
RESULT: {}
RESULT: {}
COMMAND: POST /session/c486a9816572bc452379bf0d96c97947/element/f.3F9ECC6ADE9C5A6D32036CC41DCDE0D0.d.56B7B4387CBE2F02A7FD477DFA80037E.e.3584/click - {}
RESULT: {}
COMMAND: GET /session/c486a9816572bc452379bf0d96c97947/screenshot - {}
RESULT: {}
RESULT: undefined
COMMAND: POST /session/c486a9816572bc452379bf0d96c97947/execute/async - {"script":"<script> [776 bytes]","args":[{"enterText":"2159","selector":{"id":"createOrganizationPop--sectionInput","searchOpenDialogs":true,"interaction":{"idSuffix":"inner"}},"clearTextFirst":true,"interactionType":"ENTER_TEXT"}]}
RESULT: {"script":"<script> [776 bytes]","args":[{"enterText":"2159","selector":{"id":"createOrganizationPop--sectionInput","searchOpenDialogs":true,"interaction":{"idSuffix":"inner"}},"clearTextFirst":true,"interactionType":"ENTER_TEXT"}]}
RESULT: undefined
COMMAND: POST /session/c486a9816572bc452379bf0d96c97947/execute/async - {"script":"<script> [776 bytes]","args":[{"enterText":"WDIO-2159","selector":{"id":"createOrganizationPop--descriptionInput","searchOpenDialogs":true,"interaction":{"idSuffix":"inner"}},"clearTextFirst":true,"interactionType":"ENTER_TEXT"}]}
RESULT: {"script":"<script> [776 bytes]","args":[{"enterText":"WDIO-2159","selector":{"id":"createOrganizationPop--descriptionInput","searchOpenDialogs":true,"interaction":{"idSuffix":"inner"}},"clearTextFirst":true,"interactionType":"ENTER_TEXT"}]}
COMMAND: POST /session/c486a9816572bc452379bf0d96c97947/element - {"using":"css selector","value":"#createOrganizationPop--siteOrg-inner"}
RESULT: {"using":"css selector","value":"#createOrganizationPop--siteOrg-inner"}
COMMAND: POST /session/c486a9816572bc452379bf0d96c97947/element/f.3F9ECC6ADE9C5A6D32036CC41DCDE0D0.d.56B7B4387CBE2F02A7FD477DFA80037E.e.3603/clear - {}
RESULT: {}
COMMAND: POST /session/c486a9816572bc452379bf0d96c97947/element/f.3F9ECC6ADE9C5A6D32036CC41DCDE0D0.d.56B7B4387CBE2F02A7FD477DFA80037E.e.3603/value - {"text":"2159"}
COMMAND: GET /session/c486a9816572bc452379bf0d96c97947/screenshot - {}
RESULT: {"text":"2159"}
COMMAND: GET /session/c486a9816572bc452379bf0d96c97947/screenshot - {}
RESULT: {}
RESULT: {}
COMMAND: POST /session/c486a9816572bc452379bf0d96c97947/actions - {"actions":[{"id":"action12","type":"key","parameters":{},"actions":[{"type":"keyDown","value":"î€‡"},{"type":"pause","duration":10},{"type":"keyUp","value":"î€‡"}]}]}
RESULT: {"actions":[{"id":"action12","type":"key","parameters":{},"actions":[{"type":"keyDown","value":"î€‡"},{"type":"pause","duration":10},{"type":"keyUp","value":"î€‡"}]}]}
RESULT: undefined
COMMAND: POST /session/c486a9816572bc452379bf0d96c97947/element - {"using":"xpath","value":"//*[@id=\"createOrganizationPop--giZone\"]"}
COMMAND: GET /session/c486a9816572bc452379bf0d96c97947/screenshot - {}
RESULT: {"using":"xpath","value":"//*[@id=\"createOrganizationPop--giZone\"]"}
COMMAND: POST /session/c486a9816572bc452379bf0d96c97947/element/f.3F9ECC6ADE9C5A6D32036CC41DCDE0D0.d.56B7B4387CBE2F02A7FD477DFA80037E.e.3621/click - {}
RESULT: {}
RESULT: {}
COMMAND: GET /session/c486a9816572bc452379bf0d96c97947/screenshot - {}
RESULT: {}
RESULT: undefined
COMMAND: POST /session/c486a9816572bc452379bf0d96c97947/execute/async - {"script":"<script> [776 bytes]","args":[{"enterText":"WD-BIN","selector":{"id":"createOrganizationPop--binNoInput","searchOpenDialogs":true,"interaction":{"idSuffix":"inner"}},"clearTextFirst":true,"interactionType":"ENTER_TEXT"}]}
RESULT: {"script":"<script> [776 bytes]","args":[{"enterText":"WD-BIN","selector":{"id":"createOrganizationPop--binNoInput","searchOpenDialogs":true,"interaction":{"idSuffix":"inner"}},"clearTextFirst":true,"interactionType":"ENTER_TEXT"}]}
RESULT: undefined
COMMAND: POST /session/c486a9816572bc452379bf0d96c97947/execute/async - {"script":"<script> [776 bytes]","args":[{"enterText":"WD-BIN","selector":{"id":"createOrganizationPop--descriptionId","searchOpenDialogs":true,"interaction":{"idSuffix":"inner"}},"clearTextFirst":true,"interactionType":"ENTER_TEXT"}]}
RESULT: {"script":"<script> [776 bytes]","args":[{"enterText":"WD-BIN","selector":{"id":"createOrganizationPop--descriptionId","searchOpenDialogs":true,"interaction":{"idSuffix":"inner"}},"clearTextFirst":true,"interactionType":"ENTER_TEXT"}]}
COMMAND: POST /session/c486a9816572bc452379bf0d96c97947/execute/async - {"script":"<script> [1562 bytes]","args":[{"selector":{"controlType":"sap.m.CheckBox","viewName":"etm.portal.ui.binstatusreport.view.MasterWareBins","viewId":"application-binstatusreport-display-component---warehousing","bindingPath":{"propertyPath":"/ZONE","modelName":"newBin"},"searchOpenDialogs":true,"interaction":{"idSuffix":"CbBg"}},"wdio_ui5_key":"etmportal.ui.binstatusreport.view.MasterWareBinssap.m.CheckBox{\"propertyPath\":\"/ZONE\",\"modelName\":\"newBin\"}"}]}
RESULT: {"script":"<script> [1562 bytes]","args":[{"selector":{"controlType":"sap.m.CheckBox","viewName":"etm.portal.ui.binstatusreport.view.MasterWareBins","viewId":"application-binstatusreport-display-component---warehousing","bindingPath":{"propertyPath":"/ZONE","modelName":"newBin"},"searchOpenDialogs":true,"interaction":{"idSuffix":"CbBg"}},"wdio_ui5_key":"etmportal.ui.binstatusreport.view.MasterWareBinssap.m.CheckBox{\"propertyPath\":\"/ZONE\",\"modelName\":\"newBin\"}"}]}
RESULT: undefined
COMMAND: POST /session/c486a9816572bc452379bf0d96c97947/element - {"using":"xpath","value":"//*[@id=\"__box28\"]"}
RESULT: {"using":"xpath","value":"//*[@id=\"__box28\"]"}
COMMAND: POST /session/c486a9816572bc452379bf0d96c97947/element/f.3F9ECC6ADE9C5A6D32036CC41DCDE0D0.d.56B7B4387CBE2F02A7FD477DFA80037E.e.3623/click - {}
RESULT: {}
COMMAND: GET /session/c486a9816572bc452379bf0d96c97947/screenshot - {}
RESULT: {}
RESULT: undefined
COMMAND: POST /session/c486a9816572bc452379bf0d96c97947/execute/async - {"script":"<script> [776 bytes]","args":[{"enterText":"1 - General / No capacity check","selector":{"id":"createOrganizationPop--binTypesCB","searchOpenDialogs":true,"interaction":{"idSuffix":"inner"}},"clearTextFirst":true,"interactionType":"ENTER_TEXT"}]}
RESULT: {"script":"<script> [776 bytes]","args":[{"enterText":"1 - General / No capacity check","selector":{"id":"createOrganizationPop--binTypesCB","searchOpenDialogs":true,"interaction":{"idSuffix":"inner"}},"clearTextFirst":true,"interactionType":"ENTER_TEXT"}]}
COMMAND: POST /session/c486a9816572bc452379bf0d96c97947/execute/async - {"script":"<script> [1562 bytes]","args":[{"selector":{"id":"createOrganizationPop--capacityId","searchOpenDialogs":true,"interaction":{"idSuffix":"inner"}},"wdio_ui5_key":"createOrganizationPopcapacityId"}]}
RESULT: {"script":"<script> [1562 bytes]","args":[{"selector":{"id":"createOrganizationPop--capacityId","searchOpenDialogs":true,"interaction":{"idSuffix":"inner"}},"wdio_ui5_key":"createOrganizationPopcapacityId"}]}
RESULT: undefined
COMMAND: POST /session/c486a9816572bc452379bf0d96c97947/actions - {"actions":[{"id":"action13","type":"key","parameters":{},"actions":[{"type":"keyDown","value":"î€‡"},{"type":"pause","duration":10},{"type":"keyUp","value":"î€‡"}]}]}
RESULT: {"actions":[{"id":"action13","type":"key","parameters":{},"actions":[{"type":"keyDown","value":"î€‡"},{"type":"pause","duration":10},{"type":"keyUp","value":"î€‡"}]}]}
COMMAND: GET /session/c486a9816572bc452379bf0d96c97947/screenshot - {}
RESULT: {}
RESULT: undefined
COMMAND: POST /session/c486a9816572bc452379bf0d96c97947/element - {"using":"xpath","value":"//*[@id=\"createOrganizationPop--finishBtn\"]"}
RESULT: {"using":"xpath","value":"//*[@id=\"createOrganizationPop--finishBtn\"]"}
COMMAND: POST /session/c486a9816572bc452379bf0d96c97947/element/f.3F9ECC6ADE9C5A6D32036CC41DCDE0D0.d.56B7B4387CBE2F02A7FD477DFA80037E.e.3624/click - {}
RESULT: {}
COMMAND: GET /session/c486a9816572bc452379bf0d96c97947/screenshot - {}
RESULT: {}
COMMAND: POST /session/c486a9816572bc452379bf0d96c97947/element - {"using":"css selector","value":"#shell-header-logo"}
RESULT: {"using":"css selector","value":"#shell-header-logo"}
COMMAND: POST /session/c486a9816572bc452379bf0d96c97947/element/f.3F9ECC6ADE9C5A6D32036CC41DCDE0D0.d.56B7B4387CBE2F02A7FD477DFA80037E.e.3532/click - {}
RESULT: {}
COMMAND: GET /session/c486a9816572bc452379bf0d96c97947/screenshot - {}
RESULT: {}
]]></system-out>
    </testcase>
    <testcase classname="chrome.136_0_7103_93.windows.Stock_increase_-_with_WHM_US125587" name="Create a Warehouse Movement for created yard" time="48.194">
      <system-out><![CDATA[
COMMAND: POST /session/c486a9816572bc452379bf0d96c97947/execute/async - {"script":"<script> [1562 bytes]","args":[{"selector":{"controlType":"sap.m.GenericTile","properties":{"header":"Manage Warehouse Movements"}},"wdio_ui5_key":"sapm.GenericTile{\"header\":\"Manage Warehouse Movements\"}"}]}
RESULT: {"script":"<script> [1562 bytes]","args":[{"selector":{"controlType":"sap.m.GenericTile","properties":{"header":"Manage Warehouse Movements"}},"wdio_ui5_key":"sapm.GenericTile{\"header\":\"Manage Warehouse Movements\"}"}]}
RESULT: undefined
COMMAND: POST /session/c486a9816572bc452379bf0d96c97947/element - {"using":"xpath","value":"//*[@id=\"__tile105\"]"}
RESULT: {"using":"xpath","value":"//*[@id=\"__tile105\"]"}
COMMAND: POST /session/c486a9816572bc452379bf0d96c97947/element/f.3F9ECC6ADE9C5A6D32036CC41DCDE0D0.d.56B7B4387CBE2F02A7FD477DFA80037E.e.3647/click - {}
RESULT: {}
COMMAND: GET /session/c486a9816572bc452379bf0d96c97947/screenshot - {}
RESULT: {}
COMMAND: POST /session/c486a9816572bc452379bf0d96c97947/elements - {"using":"xpath","value":"//span[text()='Error']"}
RESULT: {"using":"xpath","value":"//span[text()='Error']"}
COMMAND: POST /session/c486a9816572bc452379bf0d96c97947/element - {"using":"xpath","value":"//input[@id='application-warehousemovements-display-component---warehouseMovements--smartFilterBar-filterItemControl_BASIC-YARD-inner']"}
RESULT: {"using":"xpath","value":"//input[@id='application-warehousemovements-display-component---warehouseMovements--smartFilterBar-filterItemControl_BASIC-YARD-inner']"}
COMMAND: POST /session/c486a9816572bc452379bf0d96c97947/elements - {"using":"xpath","value":"//input[@id='application-warehousemovements-display-component---warehouseMovements--smartFilterBar-filterItemControl_BASIC-YARD-inner']"}
RESULT: {"using":"xpath","value":"//input[@id='application-warehousemovements-display-component---warehouseMovements--smartFilterBar-filterItemControl_BASIC-YARD-inner']"}
COMMAND: POST /session/c486a9816572bc452379bf0d96c97947/execute/sync - {"script":"<script> [8489 bytes]","args":[{"element-6066-11e4-a52e-4f735466cecf":"f.3F9ECC6ADE9C5A6D32036CC41DCDE0D0.d.56B7B4387CBE2F02A7FD477DFA80037E.e.3670","ELEMENT":"f.3F9ECC6ADE9C5A6D32036CC41DCDE0D0.d.56B7B4387CBE2F02A7FD477DFA80037E.e.3670"}]}
RESULT: {"script":"<script> [8489 bytes]","args":[{"element-6066-11e4-a52e-4f735466cecf":"f.3F9ECC6ADE9C5A6D32036CC41DCDE0D0.d.56B7B4387CBE2F02A7FD477DFA80037E.e.3670","ELEMENT":"f.3F9ECC6ADE9C5A6D32036CC41DCDE0D0.d.56B7B4387CBE2F02A7FD477DFA80037E.e.3670"}]}
COMMAND: GET /session/c486a9816572bc452379bf0d96c97947/element/f.3F9ECC6ADE9C5A6D32036CC41DCDE0D0.d.56B7B4387CBE2F02A7FD477DFA80037E.e.3670/enabled - {}
COMMAND: GET /session/c486a9816572bc452379bf0d96c97947/screenshot - {}
RESULT: {}
COMMAND: POST /session/c486a9816572bc452379bf0d96c97947/execute/sync - {"script":"<script> [8489 bytes]","args":[{"element-6066-11e4-a52e-4f735466cecf":"f.3F9ECC6ADE9C5A6D32036CC41DCDE0D0.d.56B7B4387CBE2F02A7FD477DFA80037E.e.3670","ELEMENT":"f.3F9ECC6ADE9C5A6D32036CC41DCDE0D0.d.56B7B4387CBE2F02A7FD477DFA80037E.e.3670"}]}
COMMAND: GET /session/c486a9816572bc452379bf0d96c97947/screenshot - {}
RESULT: {}
RESULT: {"script":"<script> [8489 bytes]","args":[{"element-6066-11e4-a52e-4f735466cecf":"f.3F9ECC6ADE9C5A6D32036CC41DCDE0D0.d.56B7B4387CBE2F02A7FD477DFA80037E.e.3670","ELEMENT":"f.3F9ECC6ADE9C5A6D32036CC41DCDE0D0.d.56B7B4387CBE2F02A7FD477DFA80037E.e.3670"}]}
COMMAND: POST /session/c486a9816572bc452379bf0d96c97947/execute/sync - {"script":"<script> [5351 bytes]","args":[{"element-6066-11e4-a52e-4f735466cecf":"f.3F9ECC6ADE9C5A6D32036CC41DCDE0D0.d.56B7B4387CBE2F02A7FD477DFA80037E.e.3670","ELEMENT":"f.3F9ECC6ADE9C5A6D32036CC41DCDE0D0.d.56B7B4387CBE2F02A7FD477DFA80037E.e.3670"}]}
COMMAND: GET /session/c486a9816572bc452379bf0d96c97947/screenshot - {}
RESULT: {}
RESULT: {"script":"<script> [5351 bytes]","args":[{"element-6066-11e4-a52e-4f735466cecf":"f.3F9ECC6ADE9C5A6D32036CC41DCDE0D0.d.56B7B4387CBE2F02A7FD477DFA80037E.e.3670","ELEMENT":"f.3F9ECC6ADE9C5A6D32036CC41DCDE0D0.d.56B7B4387CBE2F02A7FD477DFA80037E.e.3670"}]}
COMMAND: GET /session/c486a9816572bc452379bf0d96c97947/screenshot - {}
RESULT: {}
RESULT: {}
COMMAND: POST /session/c486a9816572bc452379bf0d96c97947/element/f.3F9ECC6ADE9C5A6D32036CC41DCDE0D0.d.56B7B4387CBE2F02A7FD477DFA80037E.e.3670/clear - {}
RESULT: {}
COMMAND: POST /session/c486a9816572bc452379bf0d96c97947/element/f.3F9ECC6ADE9C5A6D32036CC41DCDE0D0.d.56B7B4387CBE2F02A7FD477DFA80037E.e.3670/value - {"text":"380"}
COMMAND: GET /session/c486a9816572bc452379bf0d96c97947/screenshot - {}
RESULT: {"text":"380"}
COMMAND: POST /session/c486a9816572bc452379bf0d96c97947/actions - {"actions":[{"id":"action14","type":"key","parameters":{},"actions":[{"type":"keyDown","value":"î€‡"},{"type":"pause","duration":10},{"type":"keyUp","value":"î€‡"}]}]}
COMMAND: GET /session/c486a9816572bc452379bf0d96c97947/screenshot - {}
RESULT: {}
RESULT: {"actions":[{"id":"action14","type":"key","parameters":{},"actions":[{"type":"keyDown","value":"î€‡"},{"type":"pause","duration":10},{"type":"keyUp","value":"î€‡"}]}]}
COMMAND: GET /session/c486a9816572bc452379bf0d96c97947/screenshot - {}
RESULT: {}
RESULT: {}
COMMAND: POST /session/c486a9816572bc452379bf0d96c97947/element - {"using":"xpath","value":"//button[contains(@data-kt, \"MasterMovementAddOverflowToolbarButton\")]"}
RESULT: {"using":"xpath","value":"//button[contains(@data-kt, \"MasterMovementAddOverflowToolbarButton\")]"}
COMMAND: POST /session/c486a9816572bc452379bf0d96c97947/element/f.3F9ECC6ADE9C5A6D32036CC41DCDE0D0.d.56B7B4387CBE2F02A7FD477DFA80037E.e.3692/click - {}
RESULT: {}
COMMAND: GET /session/c486a9816572bc452379bf0d96c97947/screenshot - {}
RESULT: {}
COMMAND: POST /session/c486a9816572bc452379bf0d96c97947/element - {"using":"xpath","value":"//*[@id=\"application-warehousemovements-display-component---addMovement--sectionsList-arrow\"]"}
RESULT: {"using":"xpath","value":"//*[@id=\"application-warehousemovements-display-component---addMovement--sectionsList-arrow\"]"}
COMMAND: POST /session/c486a9816572bc452379bf0d96c97947/element/f.3F9ECC6ADE9C5A6D32036CC41DCDE0D0.d.56B7B4387CBE2F02A7FD477DFA80037E.e.3842/click - {}
RESULT: {}
COMMAND: POST /session/c486a9816572bc452379bf0d96c97947/actions - {"actions":[{"id":"action15","type":"key","parameters":{},"actions":[{"type":"keyDown","value":"î€•"},{"type":"pause","duration":10},{"type":"keyUp","value":"î€•"}]}]}
COMMAND: GET /session/c486a9816572bc452379bf0d96c97947/screenshot - {}
RESULT: {"actions":[{"id":"action15","type":"key","parameters":{},"actions":[{"type":"keyDown","value":"î€•"},{"type":"pause","duration":10},{"type":"keyUp","value":"î€•"}]}]}
COMMAND: GET /session/c486a9816572bc452379bf0d96c97947/screenshot - {}
RESULT: {}
RESULT: {}
COMMAND: POST /session/c486a9816572bc452379bf0d96c97947/actions - {"actions":[{"id":"action16","type":"key","parameters":{},"actions":[{"type":"keyDown","value":"î€‡"},{"type":"pause","duration":10},{"type":"keyUp","value":"î€‡"}]}]}
RESULT: {"actions":[{"id":"action16","type":"key","parameters":{},"actions":[{"type":"keyDown","value":"î€‡"},{"type":"pause","duration":10},{"type":"keyUp","value":"î€‡"}]}]}
COMMAND: GET /session/c486a9816572bc452379bf0d96c97947/screenshot - {}
RESULT: {}
COMMAND: POST /session/c486a9816572bc452379bf0d96c97947/element - {"using":"xpath","value":"//*[@id=\"application-warehousemovements-display-component---addMovement--saveMovementBtn-BDI-content\" and text()=\"Save\"]"}
RESULT: {"using":"xpath","value":"//*[@id=\"application-warehousemovements-display-component---addMovement--saveMovementBtn-BDI-content\" and text()=\"Save\"]"}
COMMAND: POST /session/c486a9816572bc452379bf0d96c97947/element/f.3F9ECC6ADE9C5A6D32036CC41DCDE0D0.d.56B7B4387CBE2F02A7FD477DFA80037E.e.3843/click - {}
RESULT: {}
COMMAND: GET /session/c486a9816572bc452379bf0d96c97947/screenshot - {}
RESULT: {}
COMMAND: POST /session/c486a9816572bc452379bf0d96c97947/element - {"using":"css selector","value":"#shell-header-logo"}
RESULT: {"using":"css selector","value":"#shell-header-logo"}
COMMAND: POST /session/c486a9816572bc452379bf0d96c97947/element/f.3F9ECC6ADE9C5A6D32036CC41DCDE0D0.d.56B7B4387CBE2F02A7FD477DFA80037E.e.3651/click - {}
RESULT: {}
COMMAND: GET /session/c486a9816572bc452379bf0d96c97947/screenshot - {}
RESULT: {}
]]></system-out>
    </testcase>
    <testcase classname="chrome.136_0_7103_93.windows.Stock_increase_-_with_WHM_US125587" name="Should do a stock increase handover" time="105.315">
      <system-out><![CDATA[
COMMAND: POST /session/c486a9816572bc452379bf0d96c97947/execute/async - {"script":"<script> [1562 bytes]","args":[{"selector":{"controlType":"sap.m.GenericTile","properties":{"header":"Manage Handovers"}},"wdio_ui5_key":"sapm.GenericTile{\"header\":\"Manage Handovers\"}"}]}
RESULT: {"script":"<script> [1562 bytes]","args":[{"selector":{"controlType":"sap.m.GenericTile","properties":{"header":"Manage Handovers"}},"wdio_ui5_key":"sapm.GenericTile{\"header\":\"Manage Handovers\"}"}]}
RESULT: undefined
COMMAND: POST /session/c486a9816572bc452379bf0d96c97947/element - {"using":"xpath","value":"//*[@id=\"__tile130\"]"}
RESULT: {"using":"xpath","value":"//*[@id=\"__tile130\"]"}
COMMAND: POST /session/c486a9816572bc452379bf0d96c97947/element/f.3F9ECC6ADE9C5A6D32036CC41DCDE0D0.d.56B7B4387CBE2F02A7FD477DFA80037E.e.2529/click - {}
RESULT: {}
COMMAND: GET /session/c486a9816572bc452379bf0d96c97947/screenshot - {}
RESULT: {}
COMMAND: POST /session/c486a9816572bc452379bf0d96c97947/elements - {"using":"xpath","value":"//span[text()='Error']"}
RESULT: {"using":"xpath","value":"//span[text()='Error']"}
COMMAND: POST /session/c486a9816572bc452379bf0d96c97947/element - {"using":"xpath","value":"//button[@data-kt=\"masterHOAddButton\"]"}
RESULT: {"using":"xpath","value":"//button[@data-kt=\"masterHOAddButton\"]"}
COMMAND: POST /session/c486a9816572bc452379bf0d96c97947/elements - {"using":"xpath","value":"//button[@data-kt=\"masterHOAddButton\"]"}
RESULT: {"using":"xpath","value":"//button[@data-kt=\"masterHOAddButton\"]"}
COMMAND: POST /session/c486a9816572bc452379bf0d96c97947/elements - {"using":"xpath","value":"//button[@data-kt=\"masterHOAddButton\"]"}
RESULT: {"using":"xpath","value":"//button[@data-kt=\"masterHOAddButton\"]"}
COMMAND: POST /session/c486a9816572bc452379bf0d96c97947/elements - {"using":"xpath","value":"//button[@data-kt=\"masterHOAddButton\"]"}
RESULT: {"using":"xpath","value":"//button[@data-kt=\"masterHOAddButton\"]"}
COMMAND: POST /session/c486a9816572bc452379bf0d96c97947/elements - {"using":"xpath","value":"//button[@data-kt=\"masterHOAddButton\"]"}
RESULT: {"using":"xpath","value":"//button[@data-kt=\"masterHOAddButton\"]"}
COMMAND: POST /session/c486a9816572bc452379bf0d96c97947/elements - {"using":"xpath","value":"//button[@data-kt=\"masterHOAddButton\"]"}
RESULT: {"using":"xpath","value":"//button[@data-kt=\"masterHOAddButton\"]"}
COMMAND: POST /session/c486a9816572bc452379bf0d96c97947/elements - {"using":"xpath","value":"//button[@data-kt=\"masterHOAddButton\"]"}
RESULT: {"using":"xpath","value":"//button[@data-kt=\"masterHOAddButton\"]"}
COMMAND: POST /session/c486a9816572bc452379bf0d96c97947/elements - {"using":"xpath","value":"//button[@data-kt=\"masterHOAddButton\"]"}
RESULT: {"using":"xpath","value":"//button[@data-kt=\"masterHOAddButton\"]"}
COMMAND: POST /session/c486a9816572bc452379bf0d96c97947/elements - {"using":"xpath","value":"//button[@data-kt=\"masterHOAddButton\"]"}
RESULT: {"using":"xpath","value":"//button[@data-kt=\"masterHOAddButton\"]"}
COMMAND: POST /session/c486a9816572bc452379bf0d96c97947/element - {"using":"xpath","value":"//button[@data-kt=\"masterHOAddButton\"]"}
RESULT: {"using":"xpath","value":"//button[@data-kt=\"masterHOAddButton\"]"}
COMMAND: POST /session/c486a9816572bc452379bf0d96c97947/execute/sync - {"script":"<script> [8489 bytes]","args":[{"element-6066-11e4-a52e-4f735466cecf":"f.3F9ECC6ADE9C5A6D32036CC41DCDE0D0.d.56B7B4387CBE2F02A7FD477DFA80037E.e.3939","ELEMENT":"f.3F9ECC6ADE9C5A6D32036CC41DCDE0D0.d.56B7B4387CBE2F02A7FD477DFA80037E.e.3939"}]}
RESULT: {"script":"<script> [8489 bytes]","args":[{"element-6066-11e4-a52e-4f735466cecf":"f.3F9ECC6ADE9C5A6D32036CC41DCDE0D0.d.56B7B4387CBE2F02A7FD477DFA80037E.e.3939","ELEMENT":"f.3F9ECC6ADE9C5A6D32036CC41DCDE0D0.d.56B7B4387CBE2F02A7FD477DFA80037E.e.3939"}]}
COMMAND: GET /session/c486a9816572bc452379bf0d96c97947/element/f.3F9ECC6ADE9C5A6D32036CC41DCDE0D0.d.56B7B4387CBE2F02A7FD477DFA80037E.e.3939/enabled - {}
COMMAND: GET /session/c486a9816572bc452379bf0d96c97947/screenshot - {}
RESULT: {}
COMMAND: POST /session/c486a9816572bc452379bf0d96c97947/execute/sync - {"script":"<script> [8489 bytes]","args":[{"element-6066-11e4-a52e-4f735466cecf":"f.3F9ECC6ADE9C5A6D32036CC41DCDE0D0.d.56B7B4387CBE2F02A7FD477DFA80037E.e.3939","ELEMENT":"f.3F9ECC6ADE9C5A6D32036CC41DCDE0D0.d.56B7B4387CBE2F02A7FD477DFA80037E.e.3939"}]}
COMMAND: GET /session/c486a9816572bc452379bf0d96c97947/screenshot - {}
RESULT: {}
RESULT: {"script":"<script> [8489 bytes]","args":[{"element-6066-11e4-a52e-4f735466cecf":"f.3F9ECC6ADE9C5A6D32036CC41DCDE0D0.d.56B7B4387CBE2F02A7FD477DFA80037E.e.3939","ELEMENT":"f.3F9ECC6ADE9C5A6D32036CC41DCDE0D0.d.56B7B4387CBE2F02A7FD477DFA80037E.e.3939"}]}
COMMAND: POST /session/c486a9816572bc452379bf0d96c97947/execute/sync - {"script":"<script> [5351 bytes]","args":[{"element-6066-11e4-a52e-4f735466cecf":"f.3F9ECC6ADE9C5A6D32036CC41DCDE0D0.d.56B7B4387CBE2F02A7FD477DFA80037E.e.3939","ELEMENT":"f.3F9ECC6ADE9C5A6D32036CC41DCDE0D0.d.56B7B4387CBE2F02A7FD477DFA80037E.e.3939"}]}
COMMAND: GET /session/c486a9816572bc452379bf0d96c97947/screenshot - {}
RESULT: {}
RESULT: {"script":"<script> [5351 bytes]","args":[{"element-6066-11e4-a52e-4f735466cecf":"f.3F9ECC6ADE9C5A6D32036CC41DCDE0D0.d.56B7B4387CBE2F02A7FD477DFA80037E.e.3939","ELEMENT":"f.3F9ECC6ADE9C5A6D32036CC41DCDE0D0.d.56B7B4387CBE2F02A7FD477DFA80037E.e.3939"}]}
COMMAND: POST /session/c486a9816572bc452379bf0d96c97947/element/f.3F9ECC6ADE9C5A6D32036CC41DCDE0D0.d.56B7B4387CBE2F02A7FD477DFA80037E.e.3939/click - {}
COMMAND: GET /session/c486a9816572bc452379bf0d96c97947/screenshot - {}
RESULT: {}
RESULT: {}
COMMAND: GET /session/c486a9816572bc452379bf0d96c97947/screenshot - {}
RESULT: {}
RESULT: {}
COMMAND: POST /session/c486a9816572bc452379bf0d96c97947/element - {"using":"xpath","value":"//span[contains(@id ,\"AddNewHO--typeSelect-arrow\")]"}
RESULT: {"using":"xpath","value":"//span[contains(@id ,\"AddNewHO--typeSelect-arrow\")]"}
COMMAND: POST /session/c486a9816572bc452379bf0d96c97947/element/f.3F9ECC6ADE9C5A6D32036CC41DCDE0D0.d.56B7B4387CBE2F02A7FD477DFA80037E.e.4079/click - {}
RESULT: {}
COMMAND: GET /session/c486a9816572bc452379bf0d96c97947/screenshot - {}
RESULT: {}
COMMAND: POST /session/c486a9816572bc452379bf0d96c97947/element - {"using":"xpath","value":"(//li[contains(text(), \"stock increase yard\")])[1]"}
RESULT: {"using":"xpath","value":"(//li[contains(text(), \"stock increase yard\")])[1]"}
COMMAND: POST /session/c486a9816572bc452379bf0d96c97947/element/f.3F9ECC6ADE9C5A6D32036CC41DCDE0D0.d.56B7B4387CBE2F02A7FD477DFA80037E.e.4080/click - {}
RESULT: {}
COMMAND: GET /session/c486a9816572bc452379bf0d96c97947/screenshot - {}
RESULT: {}
COMMAND: POST /session/c486a9816572bc452379bf0d96c97947/execute/async - {"script":"<script> [1562 bytes]","args":[{"selector":{"id":"application-managehandovers-display-component---AddNewHO--dueDate","interaction":{"idSuffix":"inner"}},"wdio_ui5_key":"applicationmanagehandovers-display-component---AddNewHO--dueDate"}]}
RESULT: {"script":"<script> [1562 bytes]","args":[{"selector":{"id":"application-managehandovers-display-component---AddNewHO--dueDate","interaction":{"idSuffix":"inner"}},"wdio_ui5_key":"applicationmanagehandovers-display-component---AddNewHO--dueDate"}]}
RESULT: undefined
COMMAND: POST /session/c486a9816572bc452379bf0d96c97947/execute/async - {"script":"<script> [6424 bytes]","args":[{"element-6066-11e4-a52e-4f735466cecf":"f.3F9ECC6ADE9C5A6D32036CC41DCDE0D0.d.56B7B4387CBE2F02A7FD477DFA80037E.e.4084"},"setValue",["5/15/25"]]}
RESULT: {"script":"<script> [6424 bytes]","args":[{"element-6066-11e4-a52e-4f735466cecf":"f.3F9ECC6ADE9C5A6D32036CC41DCDE0D0.d.56B7B4387CBE2F02A7FD477DFA80037E.e.4084"},"setValue",["5/15/25"]]}
COMMAND: POST /session/c486a9816572bc452379bf0d96c97947/element - {"using":"xpath","value":"//input[@id=\"generalSectionFrg--receiveYard-inner\"]"}
RESULT: {"using":"xpath","value":"//input[@id=\"generalSectionFrg--receiveYard-inner\"]"}
COMMAND: POST /session/c486a9816572bc452379bf0d96c97947/element/f.3F9ECC6ADE9C5A6D32036CC41DCDE0D0.d.56B7B4387CBE2F02A7FD477DFA80037E.e.4088/clear - {}
RESULT: {}
COMMAND: POST /session/c486a9816572bc452379bf0d96c97947/element/f.3F9ECC6ADE9C5A6D32036CC41DCDE0D0.d.56B7B4387CBE2F02A7FD477DFA80037E.e.4088/value - {"text":"380"}
COMMAND: GET /session/c486a9816572bc452379bf0d96c97947/screenshot - {}
RESULT: {"text":"380"}
COMMAND: GET /session/c486a9816572bc452379bf0d96c97947/screenshot - {}
RESULT: {}
RESULT: {}
COMMAND: POST /session/c486a9816572bc452379bf0d96c97947/element - {"using":"xpath","value":"//li[.//span[text()='380']]"}
RESULT: {"using":"xpath","value":"//li[.//span[text()='380']]"}
COMMAND: POST /session/c486a9816572bc452379bf0d96c97947/element/f.3F9ECC6ADE9C5A6D32036CC41DCDE0D0.d.56B7B4387CBE2F02A7FD477DFA80037E.e.4104/click - {}
RESULT: {}
COMMAND: GET /session/c486a9816572bc452379bf0d96c97947/screenshot - {}
RESULT: {}
COMMAND: POST /session/c486a9816572bc452379bf0d96c97947/execute/async - {"script":"<script> [1562 bytes]","args":[{"selector":{"id":"application-managehandovers-display-component---AddNewHO--ObjectPageLayout-anchBar-application-managehandovers-display-component---AddNewHO--section4-anchor","interaction":{"idSuffix":"BDI-content"}},"wdio_ui5_key":"applicationmanagehandovers-display-component---AddNewHO--ObjectPageLayout-anchBar-application-managehandovers-display-component---AddNewHO--section4-anchor"}]}
RESULT: {"script":"<script> [1562 bytes]","args":[{"selector":{"id":"application-managehandovers-display-component---AddNewHO--ObjectPageLayout-anchBar-application-managehandovers-display-component---AddNewHO--section4-anchor","interaction":{"idSuffix":"BDI-content"}},"wdio_ui5_key":"applicationmanagehandovers-display-component---AddNewHO--ObjectPageLayout-anchBar-application-managehandovers-display-component---AddNewHO--section4-anchor"}]}
RESULT: undefined
COMMAND: POST /session/c486a9816572bc452379bf0d96c97947/element - {"using":"xpath","value":"//*[@id=\"application-managehandovers-display-component---AddNewHO--ObjectPageLayout-anchBar-application-managehandovers-display-component---AddNewHO--section4-anchor\"]"}
RESULT: {"using":"xpath","value":"//*[@id=\"application-managehandovers-display-component---AddNewHO--ObjectPageLayout-anchBar-application-managehandovers-display-component---AddNewHO--section4-anchor\"]"}
COMMAND: POST /session/c486a9816572bc452379bf0d96c97947/element/f.3F9ECC6ADE9C5A6D32036CC41DCDE0D0.d.56B7B4387CBE2F02A7FD477DFA80037E.e.4106/click - {}
RESULT: {}
COMMAND: POST /session/c486a9816572bc452379bf0d96c97947/element - {"using":"xpath","value":"//button[@aria-label=\"Add\"]"}
COMMAND: GET /session/c486a9816572bc452379bf0d96c97947/screenshot - {}
RESULT: {"using":"xpath","value":"//button[@aria-label=\"Add\"]"}
COMMAND: POST /session/c486a9816572bc452379bf0d96c97947/element/f.3F9ECC6ADE9C5A6D32036CC41DCDE0D0.d.56B7B4387CBE2F02A7FD477DFA80037E.e.4109/click - {}
RESULT: {}
RESULT: {}
COMMAND: GET /session/c486a9816572bc452379bf0d96c97947/screenshot - {}
RESULT: {}
COMMAND: POST /session/c486a9816572bc452379bf0d96c97947/execute/async - {"script":"<script> [1562 bytes]","args":[{"selector":{"id":"application-managehandovers-display-component---AddNewHO--smartFilterBar-btnBasicSearch","searchOpenDialogs":true,"interaction":{"idSuffix":"I"}},"wdio_ui5_key":"applicationmanagehandovers-display-component---AddNewHO--smartFilterBar-btnBasicSearch"}]}
RESULT: {"script":"<script> [1562 bytes]","args":[{"selector":{"id":"application-managehandovers-display-component---AddNewHO--smartFilterBar-btnBasicSearch","searchOpenDialogs":true,"interaction":{"idSuffix":"I"}},"wdio_ui5_key":"applicationmanagehandovers-display-component---AddNewHO--smartFilterBar-btnBasicSearch"}]}
RESULT: undefined
COMMAND: POST /session/c486a9816572bc452379bf0d96c97947/execute/async - {"script":"<script> [776 bytes]","args":[{"enterText":"200162","selector":{"id":"application-managehandovers-display-component---AddNewHO--smartFilterBar-btnBasicSearch","searchOpenDialogs":true,"interaction":{"idSuffix":"I"}},"clearTextFirst":true,"interactionType":"ENTER_TEXT"}]}
RESULT: {"script":"<script> [776 bytes]","args":[{"enterText":"200162","selector":{"id":"application-managehandovers-display-component---AddNewHO--smartFilterBar-btnBasicSearch","searchOpenDialogs":true,"interaction":{"idSuffix":"I"}},"clearTextFirst":true,"interactionType":"ENTER_TEXT"}]}
COMMAND: POST /session/c486a9816572bc452379bf0d96c97947/actions - {"actions":[{"id":"action17","type":"key","parameters":{},"actions":[{"type":"keyDown","value":"î€‡"},{"type":"pause","duration":10},{"type":"keyUp","value":"î€‡"}]}]}
RESULT: {"actions":[{"id":"action17","type":"key","parameters":{},"actions":[{"type":"keyDown","value":"î€‡"},{"type":"pause","duration":10},{"type":"keyUp","value":"î€‡"}]}]}
COMMAND: GET /session/c486a9816572bc452379bf0d96c97947/screenshot - {}
RESULT: {}
COMMAND: POST /session/c486a9816572bc452379bf0d96c97947/execute/async - {"script":"<script> [1562 bytes]","args":[{"selector":{"id":"application-managehandovers-display-component---AddNewHO--popup-sa","searchOpenDialogs":true,"interaction":{"idSuffix":"CbBg"}},"wdio_ui5_key":"applicationmanagehandovers-display-component---AddNewHO--popup-sa"}]}
RESULT: {"script":"<script> [1562 bytes]","args":[{"selector":{"id":"application-managehandovers-display-component---AddNewHO--popup-sa","searchOpenDialogs":true,"interaction":{"idSuffix":"CbBg"}},"wdio_ui5_key":"applicationmanagehandovers-display-component---AddNewHO--popup-sa"}]}
RESULT: undefined
COMMAND: POST /session/c486a9816572bc452379bf0d96c97947/element - {"using":"xpath","value":"//*[@id=\"application-managehandovers-display-component---AddNewHO--popup-sa\"]"}
RESULT: {"using":"xpath","value":"//*[@id=\"application-managehandovers-display-component---AddNewHO--popup-sa\"]"}
COMMAND: POST /session/c486a9816572bc452379bf0d96c97947/element/f.3F9ECC6ADE9C5A6D32036CC41DCDE0D0.d.56B7B4387CBE2F02A7FD477DFA80037E.e.4264/click - {}
RESULT: {}
COMMAND: GET /session/c486a9816572bc452379bf0d96c97947/screenshot - {}
RESULT: {}
COMMAND: POST /session/c486a9816572bc452379bf0d96c97947/element - {"using":"xpath","value":"//bdi[contains(text(), \"Select\")]"}
RESULT: {"using":"xpath","value":"//bdi[contains(text(), \"Select\")]"}
COMMAND: POST /session/c486a9816572bc452379bf0d96c97947/element/f.3F9ECC6ADE9C5A6D32036CC41DCDE0D0.d.56B7B4387CBE2F02A7FD477DFA80037E.e.4265/click - {}
RESULT: {}
COMMAND: GET /session/c486a9816572bc452379bf0d96c97947/screenshot - {}
RESULT: {}
COMMAND: POST /session/c486a9816572bc452379bf0d96c97947/element - {"using":"xpath","value":"//button[@data-kt=\"AddNewHOSaveButton\"]"}
RESULT: {"using":"xpath","value":"//button[@data-kt=\"AddNewHOSaveButton\"]"}
COMMAND: POST /session/c486a9816572bc452379bf0d96c97947/element/f.3F9ECC6ADE9C5A6D32036CC41DCDE0D0.d.56B7B4387CBE2F02A7FD477DFA80037E.e.4269/click - {}
RESULT: {}
COMMAND: GET /session/c486a9816572bc452379bf0d96c97947/screenshot - {}
RESULT: {}
COMMAND: POST /session/c486a9816572bc452379bf0d96c97947/execute/async - {"script":"<script> [1562 bytes]","args":[{"selector":{"id":"receiptDatePicker","viewName":"etm.portal.ui.managehandovers.view.DetailExecuteHO","interaction":{"idSuffix":"inner"}},"wdio_ui5_key":"receiptDatePickeretmportal.ui.managehandovers.view.DetailExecuteHO"}]}
RESULT: {"script":"<script> [1562 bytes]","args":[{"selector":{"id":"receiptDatePicker","viewName":"etm.portal.ui.managehandovers.view.DetailExecuteHO","interaction":{"idSuffix":"inner"}},"wdio_ui5_key":"receiptDatePickeretmportal.ui.managehandovers.view.DetailExecuteHO"}]}
RESULT: undefined
COMMAND: POST /session/c486a9816572bc452379bf0d96c97947/execute/async - {"script":"<script> [6424 bytes]","args":[{"element-6066-11e4-a52e-4f735466cecf":"f.3F9ECC6ADE9C5A6D32036CC41DCDE0D0.d.56B7B4387CBE2F02A7FD477DFA80037E.e.4289"},"setValue",["5/15/25"]]}
RESULT: {"script":"<script> [6424 bytes]","args":[{"element-6066-11e4-a52e-4f735466cecf":"f.3F9ECC6ADE9C5A6D32036CC41DCDE0D0.d.56B7B4387CBE2F02A7FD477DFA80037E.e.4289"},"setValue",["5/15/25"]]}
COMMAND: POST /session/c486a9816572bc452379bf0d96c97947/element - {"using":"xpath","value":"//button[@data-kt=\"PickingTableConfirmAllButton\"]"}
RESULT: {"using":"xpath","value":"//button[@data-kt=\"PickingTableConfirmAllButton\"]"}
COMMAND: POST /session/c486a9816572bc452379bf0d96c97947/element/f.3F9ECC6ADE9C5A6D32036CC41DCDE0D0.d.56B7B4387CBE2F02A7FD477DFA80037E.e.4305/click - {}
RESULT: {}
COMMAND: GET /session/c486a9816572bc452379bf0d96c97947/screenshot - {}
RESULT: {}
COMMAND: POST /session/c486a9816572bc452379bf0d96c97947/element - {"using":"xpath","value":"//bdi[contains(text(), \"OK\")]"}
RESULT: {"using":"xpath","value":"//bdi[contains(text(), \"OK\")]"}
COMMAND: POST /session/c486a9816572bc452379bf0d96c97947/element/f.3F9ECC6ADE9C5A6D32036CC41DCDE0D0.d.56B7B4387CBE2F02A7FD477DFA80037E.e.4307/click - {}
RESULT: {}
COMMAND: GET /session/c486a9816572bc452379bf0d96c97947/screenshot - {}
RESULT: {}
COMMAND: POST /session/c486a9816572bc452379bf0d96c97947/element - {"using":"xpath","value":"(//bdi[contains(text(), \"Receive\")])[2]"}
RESULT: {"using":"xpath","value":"(//bdi[contains(text(), \"Receive\")])[2]"}
COMMAND: POST /session/c486a9816572bc452379bf0d96c97947/element/f.3F9ECC6ADE9C5A6D32036CC41DCDE0D0.d.56B7B4387CBE2F02A7FD477DFA80037E.e.4309/click - {}
RESULT: {}
COMMAND: GET /session/c486a9816572bc452379bf0d96c97947/screenshot - {}
RESULT: {}
COMMAND: POST /session/c486a9816572bc452379bf0d96c97947/element - {"using":"css selector","value":"#shell-header-logo"}
RESULT: {"using":"css selector","value":"#shell-header-logo"}
COMMAND: POST /session/c486a9816572bc452379bf0d96c97947/element/f.3F9ECC6ADE9C5A6D32036CC41DCDE0D0.d.56B7B4387CBE2F02A7FD477DFA80037E.e.3910/click - {}
RESULT: {}
COMMAND: GET /session/c486a9816572bc452379bf0d96c97947/screenshot - {}
RESULT: {}
COMMAND: POST /session/c486a9816572bc452379bf0d96c97947/element - {"using":"css selector","value":"#j_username"}
COMMAND: POST /session/c486a9816572bc452379bf0d96c97947/url - {"url":"https://qa-testing-00-live-etm-ui.cfapps.eu10-004.hana.ondemand.com/"}
RESULT: {"using":"css selector","value":"#j_username"}
COMMAND: POST /session/c486a9816572bc452379bf0d96c97947/element - {"using":"css selector","value":"#j_username"}
RESULT: {"url":"https://qa-testing-00-live-etm-ui.cfapps.eu10-004.hana.ondemand.com/"}
RESULT: undefined
COMMAND: GET /session/c486a9816572bc452379bf0d96c97947/screenshot - {}
RESULT: {"using":"css selector","value":"#j_username"}
COMMAND: POST /session/c486a9816572bc452379bf0d96c97947/element - {"using":"css selector","value":"#shell-header-logo"}
RESULT: {}
RESULT: {"using":"css selector","value":"#shell-header-logo"}
COMMAND: POST /session/c486a9816572bc452379bf0d96c97947/execute/sync - {"script":"<script> [8489 bytes]","args":[{"element-6066-11e4-a52e-4f735466cecf":"f.3F9ECC6ADE9C5A6D32036CC41DCDE0D0.d.C884BCCE7EBEDB6C8121D5D50DF4F9A3.e.4487","ELEMENT":"f.3F9ECC6ADE9C5A6D32036CC41DCDE0D0.d.C884BCCE7EBEDB6C8121D5D50DF4F9A3.e.4487"}]}
RESULT: {"script":"<script> [8489 bytes]","args":[{"element-6066-11e4-a52e-4f735466cecf":"f.3F9ECC6ADE9C5A6D32036CC41DCDE0D0.d.C884BCCE7EBEDB6C8121D5D50DF4F9A3.e.4487","ELEMENT":"f.3F9ECC6ADE9C5A6D32036CC41DCDE0D0.d.C884BCCE7EBEDB6C8121D5D50DF4F9A3.e.4487"}]}
COMMAND: POST /session/c486a9816572bc452379bf0d96c97947/element - {"using":"css selector","value":"#shell-header-logo"}
COMMAND: GET /session/c486a9816572bc452379bf0d96c97947/screenshot - {}
RESULT: {"using":"css selector","value":"#shell-header-logo"}
COMMAND: POST /session/c486a9816572bc452379bf0d96c97947/execute/sync - {"script":"<script> [8489 bytes]","args":[{"element-6066-11e4-a52e-4f735466cecf":"f.3F9ECC6ADE9C5A6D32036CC41DCDE0D0.d.C884BCCE7EBEDB6C8121D5D50DF4F9A3.e.4487","ELEMENT":"f.3F9ECC6ADE9C5A6D32036CC41DCDE0D0.d.C884BCCE7EBEDB6C8121D5D50DF4F9A3.e.4487"}]}
RESULT: {}
RESULT: {"script":"<script> [8489 bytes]","args":[{"element-6066-11e4-a52e-4f735466cecf":"f.3F9ECC6ADE9C5A6D32036CC41DCDE0D0.d.C884BCCE7EBEDB6C8121D5D50DF4F9A3.e.4487","ELEMENT":"f.3F9ECC6ADE9C5A6D32036CC41DCDE0D0.d.C884BCCE7EBEDB6C8121D5D50DF4F9A3.e.4487"}]}
COMMAND: POST /session/c486a9816572bc452379bf0d96c97947/execute/sync - {"script":"<script> [5351 bytes]","args":[{"element-6066-11e4-a52e-4f735466cecf":"f.3F9ECC6ADE9C5A6D32036CC41DCDE0D0.d.C884BCCE7EBEDB6C8121D5D50DF4F9A3.e.4487","ELEMENT":"f.3F9ECC6ADE9C5A6D32036CC41DCDE0D0.d.C884BCCE7EBEDB6C8121D5D50DF4F9A3.e.4487"}]}
COMMAND: GET /session/c486a9816572bc452379bf0d96c97947/screenshot - {}
RESULT: {"script":"<script> [5351 bytes]","args":[{"element-6066-11e4-a52e-4f735466cecf":"f.3F9ECC6ADE9C5A6D32036CC41DCDE0D0.d.C884BCCE7EBEDB6C8121D5D50DF4F9A3.e.4487","ELEMENT":"f.3F9ECC6ADE9C5A6D32036CC41DCDE0D0.d.C884BCCE7EBEDB6C8121D5D50DF4F9A3.e.4487"}]}
COMMAND: POST /session/c486a9816572bc452379bf0d96c97947/element - {"using":"css selector","value":"#shell-header-logo"}
COMMAND: GET /session/c486a9816572bc452379bf0d96c97947/screenshot - {}
RESULT: {}
RESULT: {"using":"css selector","value":"#shell-header-logo"}
COMMAND: POST /session/c486a9816572bc452379bf0d96c97947/element/f.3F9ECC6ADE9C5A6D32036CC41DCDE0D0.d.C884BCCE7EBEDB6C8121D5D50DF4F9A3.e.4487/click - {}
RESULT: {}
RESULT: {}
COMMAND: GET /session/c486a9816572bc452379bf0d96c97947/screenshot - {}
RESULT: {}
COMMAND: POST /session/c486a9816572bc452379bf0d96c97947/execute/async - {"script":"<script> [189 bytes]","args":[]}
RESULT: {"script":"<script> [189 bytes]","args":[]}
COMMAND: POST /session/c486a9816572bc452379bf0d96c97947/execute/async - {"script":"<script> [123 bytes]","args":[]}
RESULT: {"script":"<script> [123 bytes]","args":[]}
COMMAND: POST /session/c486a9816572bc452379bf0d96c97947/timeouts - {"script":"<number>"}
RESULT: {"script":"<number>"}
COMMAND: GET /session/c486a9816572bc452379bf0d96c97947/timeouts - {}
RESULT: {}
RESULT: undefined
COMMAND: POST /session/c486a9816572bc452379bf0d96c97947/execute/async - {"script":"<script> [2676 bytes]","args":[]}
RESULT: {"script":"<script> [2676 bytes]","args":[]}
COMMAND: POST /session/c486a9816572bc452379bf0d96c97947/execute/async - {"script":"<script> [2342 bytes]","args":[{"protocol":"http","hostname":"0.0.0.0","path":"/","capabilities":{"browserName":"chrome","goog:chromeOptions":{"binary":"C:\\Program Files\\Google\\Chrome\\Application\\chrome.exe","args":["--start-maximized"]}},"logLevel":"warn","connectionRetryTimeout":120000,"connectionRetryCount":3,"logLevels":{},"enableDirectConnect":true,"strictSSL":true,"_":"65 more keys: [\"cacheDir\",\"port\",\"requestedCapabilities\",\"automationProtocol\",\"baseUrl\",\"waitforInterval\",\"waitforTimeout\",\"onReload\",\"beforeCommand\",\"afterCommand\",\"rootDir\",\"specs\",\"suites\",\"exclude\",\"groupLogsByTestSpec\",\"excludeDriverLogs\",\"bail\",\"framework\",\"reporters\",\"services\",\"maxInstances\",\"maxInstancesPerCapability\",\"injectGlobals\",\"filesToWatch\",\"execArgv\",\"runnerEnv\",\"runner\",\"shard\",\"specFileRetries\",\"specFileRetriesDelay\",\"specFileRetriesDeferred\",\"reporterSyncInterval\",\"reporterSyncTimeout\",\"cucumberFeaturesWithLineNumbers\",\"autoCompileOpts\",\"mochaOpts\",\"jasmineOpts\",\"cucumberOpts\",\"onPrepare\",\"onWorkerStart\",\"onWorkerEnd\",\"before\",\"beforeSession\",\"beforeSuite\",\"beforeHook\",\"beforeTest\",\"afterTest\",\"afterHook\",\"afterSuite\",\"afterSession\",\"after\",\"onComplete\",\"beforeAssertion\",\"afterAssertion\",\"beforeFeature\",\"beforeScenario\",\"beforeStep\",\"afterStep\",\"afterScenario\",\"afterFeature\",\"_\",\"suite\",\"$0\",\"ignoredWorkerServices\",\"wdi5\"]"}]}
RESULT: {"script":"<script> [2342 bytes]","args":[{"protocol":"http","hostname":"0.0.0.0","path":"/","capabilities":{"browserName":"chrome","goog:chromeOptions":{"binary":"C:\\Program Files\\Google\\Chrome\\Application\\chrome.exe","args":["--start-maximized"]}},"logLevel":"warn","connectionRetryTimeout":120000,"connectionRetryCount":3,"logLevels":{},"enableDirectConnect":true,"strictSSL":true,"_":"65 more keys: [\"cacheDir\",\"port\",\"requestedCapabilities\",\"automationProtocol\",\"baseUrl\",\"waitforInterval\",\"waitforTimeout\",\"onReload\",\"beforeCommand\",\"afterCommand\",\"rootDir\",\"specs\",\"suites\",\"exclude\",\"groupLogsByTestSpec\",\"excludeDriverLogs\",\"bail\",\"framework\",\"reporters\",\"services\",\"maxInstances\",\"maxInstancesPerCapability\",\"injectGlobals\",\"filesToWatch\",\"execArgv\",\"runnerEnv\",\"runner\",\"shard\",\"specFileRetries\",\"specFileRetriesDelay\",\"specFileRetriesDeferred\",\"reporterSyncInterval\",\"reporterSyncTimeout\",\"cucumberFeaturesWithLineNumbers\",\"autoCompileOpts\",\"mochaOpts\",\"jasmineOpts\",\"cucumberOpts\",\"onPrepare\",\"onWorkerStart\",\"onWorkerEnd\",\"before\",\"beforeSession\",\"beforeSuite\",\"beforeHook\",\"beforeTest\",\"afterTest\",\"afterHook\",\"afterSuite\",\"afterSession\",\"after\",\"onComplete\",\"beforeAssertion\",\"afterAssertion\",\"beforeFeature\",\"beforeScenario\",\"beforeStep\",\"afterStep\",\"afterScenario\",\"afterFeature\",\"_\",\"suite\",\"$0\",\"ignoredWorkerServices\",\"wdi5\"]"}]}
COMMAND: POST /session/c486a9816572bc452379bf0d96c97947/execute/async - {"script":"<script> [21126 bytes]","args":[35000]}
RESULT: {"script":"<script> [21126 bytes]","args":[35000]}
COMMAND: POST /session/c486a9816572bc452379bf0d96c97947/window/maximize - {}
RESULT: {}
COMMAND: POST /session/c486a9816572bc452379bf0d96c97947/execute/async - {"script":"<script> [1562 bytes]","args":[{"selector":{"id":"shell-header","interaction":{"idSuffix":"icon"}},"wdio_ui5_key":"shellheader"}]}
COMMAND: GET /session/c486a9816572bc452379bf0d96c97947/screenshot - {}
RESULT: {"script":"<script> [1562 bytes]","args":[{"selector":{"id":"shell-header","interaction":{"idSuffix":"icon"}},"wdio_ui5_key":"shellheader"}]}
RESULT: undefined
COMMAND: POST /session/c486a9816572bc452379bf0d96c97947/window/fullscreen - {}
RESULT: {}
RESULT: {}
]]></system-out>
    </testcase>
  </testsuite>
  <testsuite timestamp="2025-05-15T05:59:49" time="154.079" tests="6" failures="0" errors="0" skipped="0">
    <properties>
      <property name="specId" value="0" />
      <property name="suiteName" value="Provide to Site w/ warehouse management w/ clarification US115878" />
      <property name="capabilities" value="chrome.136_0_7103_93.windows" />
      <property name="file" value="file:///D:/a/1/s/test/specs/HTR/provide-to-site-w-warehouse-w-clarification.spec.js" />
    </properties>
    <testcase classname="chrome.136_0_7103_93.windows.Provide_to_Site_w/_warehouse_management_w/_clarification_US115878" name="Should create a new WHM yard" time="0.023">
      <system-out><![CDATA[
COMMAND: POST /session/c486a9816572bc452379bf0d96c97947/window/fullscreen - {}
RESULT: {}
]]></system-out>
    </testcase>
    <testcase classname="chrome.136_0_7103_93.windows.Provide_to_Site_w/_warehouse_management_w/_clarification_US115878" name="Should create a new external WHM partner" time="0.005" />
    <testcase classname="chrome.136_0_7103_93.windows.Provide_to_Site_w/_warehouse_management_w/_clarification_US115878" name="Should create a new WHM site" time="0.004" />
    <testcase classname="chrome.136_0_7103_93.windows.Provide_to_Site_w/_warehouse_management_w/_clarification_US115878" name="Should create a new material" time="133.389">
      <system-out><![CDATA[
COMMAND: POST /session/c486a9816572bc452379bf0d96c97947/execute/async - {"script":"<script> [1562 bytes]","args":[{"selector":{"controlType":"sap.m.GenericTile","properties":{"header":"Manage Resources"}},"wdio_ui5_key":"sapm.GenericTile{\"header\":\"Manage Resources\"}"}]}
RESULT: {"script":"<script> [1562 bytes]","args":[{"selector":{"controlType":"sap.m.GenericTile","properties":{"header":"Manage Resources"}},"wdio_ui5_key":"sapm.GenericTile{\"header\":\"Manage Resources\"}"}]}
RESULT: undefined
COMMAND: POST /session/c486a9816572bc452379bf0d96c97947/element - {"using":"xpath","value":"//*[@id=\"__tile31\"]"}
RESULT: {"using":"xpath","value":"//*[@id=\"__tile31\"]"}
COMMAND: POST /session/c486a9816572bc452379bf0d96c97947/element/f.3F9ECC6ADE9C5A6D32036CC41DCDE0D0.d.C884BCCE7EBEDB6C8121D5D50DF4F9A3.e.4506/click - {}
RESULT: {}
COMMAND: GET /session/c486a9816572bc452379bf0d96c97947/screenshot - {}
RESULT: {}
COMMAND: POST /session/c486a9816572bc452379bf0d96c97947/elements - {"using":"xpath","value":"//span[text()='Error']"}
RESULT: {"using":"xpath","value":"//span[text()='Error']"}
COMMAND: POST /session/c486a9816572bc452379bf0d96c97947/element - {"using":"xpath","value":"//button[@data-kt=\"addNewRUOverflowToolbarButton\"]"}
RESULT: {"using":"xpath","value":"//button[@data-kt=\"addNewRUOverflowToolbarButton\"]"}
COMMAND: POST /session/c486a9816572bc452379bf0d96c97947/elements - {"using":"xpath","value":"//button[@data-kt=\"addNewRUOverflowToolbarButton\"]"}
RESULT: {"using":"xpath","value":"//button[@data-kt=\"addNewRUOverflowToolbarButton\"]"}
COMMAND: POST /session/c486a9816572bc452379bf0d96c97947/execute/sync - {"script":"<script> [8489 bytes]","args":[{"element-6066-11e4-a52e-4f735466cecf":"f.3F9ECC6ADE9C5A6D32036CC41DCDE0D0.d.C884BCCE7EBEDB6C8121D5D50DF4F9A3.e.4637","ELEMENT":"f.3F9ECC6ADE9C5A6D32036CC41DCDE0D0.d.C884BCCE7EBEDB6C8121D5D50DF4F9A3.e.4637"}]}
RESULT: {"script":"<script> [8489 bytes]","args":[{"element-6066-11e4-a52e-4f735466cecf":"f.3F9ECC6ADE9C5A6D32036CC41DCDE0D0.d.C884BCCE7EBEDB6C8121D5D50DF4F9A3.e.4637","ELEMENT":"f.3F9ECC6ADE9C5A6D32036CC41DCDE0D0.d.C884BCCE7EBEDB6C8121D5D50DF4F9A3.e.4637"}]}
COMMAND: GET /session/c486a9816572bc452379bf0d96c97947/element/f.3F9ECC6ADE9C5A6D32036CC41DCDE0D0.d.C884BCCE7EBEDB6C8121D5D50DF4F9A3.e.4637/enabled - {}
COMMAND: GET /session/c486a9816572bc452379bf0d96c97947/screenshot - {}
RESULT: {}
COMMAND: POST /session/c486a9816572bc452379bf0d96c97947/execute/sync - {"script":"<script> [8489 bytes]","args":[{"element-6066-11e4-a52e-4f735466cecf":"f.3F9ECC6ADE9C5A6D32036CC41DCDE0D0.d.C884BCCE7EBEDB6C8121D5D50DF4F9A3.e.4637","ELEMENT":"f.3F9ECC6ADE9C5A6D32036CC41DCDE0D0.d.C884BCCE7EBEDB6C8121D5D50DF4F9A3.e.4637"}]}
COMMAND: GET /session/c486a9816572bc452379bf0d96c97947/screenshot - {}
RESULT: {}
RESULT: {"script":"<script> [8489 bytes]","args":[{"element-6066-11e4-a52e-4f735466cecf":"f.3F9ECC6ADE9C5A6D32036CC41DCDE0D0.d.C884BCCE7EBEDB6C8121D5D50DF4F9A3.e.4637","ELEMENT":"f.3F9ECC6ADE9C5A6D32036CC41DCDE0D0.d.C884BCCE7EBEDB6C8121D5D50DF4F9A3.e.4637"}]}
COMMAND: POST /session/c486a9816572bc452379bf0d96c97947/execute/sync - {"script":"<script> [5351 bytes]","args":[{"element-6066-11e4-a52e-4f735466cecf":"f.3F9ECC6ADE9C5A6D32036CC41DCDE0D0.d.C884BCCE7EBEDB6C8121D5D50DF4F9A3.e.4637","ELEMENT":"f.3F9ECC6ADE9C5A6D32036CC41DCDE0D0.d.C884BCCE7EBEDB6C8121D5D50DF4F9A3.e.4637"}]}
COMMAND: GET /session/c486a9816572bc452379bf0d96c97947/screenshot - {}
RESULT: {}
RESULT: {"script":"<script> [5351 bytes]","args":[{"element-6066-11e4-a52e-4f735466cecf":"f.3F9ECC6ADE9C5A6D32036CC41DCDE0D0.d.C884BCCE7EBEDB6C8121D5D50DF4F9A3.e.4637","ELEMENT":"f.3F9ECC6ADE9C5A6D32036CC41DCDE0D0.d.C884BCCE7EBEDB6C8121D5D50DF4F9A3.e.4637"}]}
COMMAND: POST /session/c486a9816572bc452379bf0d96c97947/element/f.3F9ECC6ADE9C5A6D32036CC41DCDE0D0.d.C884BCCE7EBEDB6C8121D5D50DF4F9A3.e.4637/click - {}
COMMAND: GET /session/c486a9816572bc452379bf0d96c97947/screenshot - {}
RESULT: {}
RESULT: {}
COMMAND: GET /session/c486a9816572bc452379bf0d96c97947/screenshot - {}
COMMAND: POST /session/c486a9816572bc452379bf0d96c97947/execute/async - {"script":"<script> [1562 bytes]","args":[{"selector":{"id":"application-manageresources-display-component---newResourceUnit--TYPE-arrow"},"wdio_ui5_key":"applicationmanageresources-display-component---newResourceUnit--TYPE-arrow"}]}
RESULT: {}
RESULT: {}
RESULT: {"script":"<script> [1562 bytes]","args":[{"selector":{"id":"application-manageresources-display-component---newResourceUnit--TYPE-arrow"},"wdio_ui5_key":"applicationmanageresources-display-component---newResourceUnit--TYPE-arrow"}]}
RESULT: undefined
COMMAND: POST /session/c486a9816572bc452379bf0d96c97947/element - {"using":"xpath","value":"//*[@id=\"application-manageresources-display-component---newResourceUnit--TYPE-arrow\"]"}
RESULT: {"using":"xpath","value":"//*[@id=\"application-manageresources-display-component---newResourceUnit--TYPE-arrow\"]"}
COMMAND: POST /session/c486a9816572bc452379bf0d96c97947/element/f.3F9ECC6ADE9C5A6D32036CC41DCDE0D0.d.C884BCCE7EBEDB6C8121D5D50DF4F9A3.e.4994/click - {}
RESULT: {}
COMMAND: POST /session/c486a9816572bc452379bf0d96c97947/element - {"using":"xpath","value":"//input[@id=\"application-manageresources-display-component---newResourceUnit--TYPE-inner\"]"}
COMMAND: GET /session/c486a9816572bc452379bf0d96c97947/screenshot - {}
RESULT: {"using":"xpath","value":"//input[@id=\"application-manageresources-display-component---newResourceUnit--TYPE-inner\"]"}
COMMAND: POST /session/c486a9816572bc452379bf0d96c97947/element/f.3F9ECC6ADE9C5A6D32036CC41DCDE0D0.d.C884BCCE7EBEDB6C8121D5D50DF4F9A3.e.4990/clear - {}
RESULT: {}
RESULT: {}
COMMAND: POST /session/c486a9816572bc452379bf0d96c97947/element/f.3F9ECC6ADE9C5A6D32036CC41DCDE0D0.d.C884BCCE7EBEDB6C8121D5D50DF4F9A3.e.4990/value - {"text":"Material"}
COMMAND: GET /session/c486a9816572bc452379bf0d96c97947/screenshot - {}
RESULT: {"text":"Material"}
COMMAND: GET /session/c486a9816572bc452379bf0d96c97947/screenshot - {}
RESULT: {}
RESULT: {}
COMMAND: POST /session/c486a9816572bc452379bf0d96c97947/actions - {"actions":[{"id":"action18","type":"key","parameters":{},"actions":[{"type":"keyDown","value":"î€‡"},{"type":"pause","duration":10},{"type":"keyUp","value":"î€‡"}]}]}
RESULT: {"actions":[{"id":"action18","type":"key","parameters":{},"actions":[{"type":"keyDown","value":"î€‡"},{"type":"pause","duration":10},{"type":"keyUp","value":"î€‡"}]}]}
COMMAND: POST /session/c486a9816572bc452379bf0d96c97947/execute/async - {"script":"<script> [1562 bytes]","args":[{"selector":{"id":"application-manageresources-display-component---newResourceUnit--SHORT_TEXT","interaction":{"idSuffix":"inner"}},"wdio_ui5_key":"applicationmanageresources-display-component---newResourceUnit--SHORT_TEXT"}]}
COMMAND: GET /session/c486a9816572bc452379bf0d96c97947/screenshot - {}
RESULT: {"script":"<script> [1562 bytes]","args":[{"selector":{"id":"application-manageresources-display-component---newResourceUnit--SHORT_TEXT","interaction":{"idSuffix":"inner"}},"wdio_ui5_key":"applicationmanageresources-display-component---newResourceUnit--SHORT_TEXT"}]}
RESULT: undefined
COMMAND: POST /session/c486a9816572bc452379bf0d96c97947/execute/async - {"script":"<script> [776 bytes]","args":[{"enterText":"Cement WDIO","selector":{"id":"application-manageresources-display-component---newResourceUnit--SHORT_TEXT","interaction":{"idSuffix":"inner"}},"clearTextFirst":true,"interactionType":"ENTER_TEXT"}]}
RESULT: {}
RESULT: {"script":"<script> [776 bytes]","args":[{"enterText":"Cement WDIO","selector":{"id":"application-manageresources-display-component---newResourceUnit--SHORT_TEXT","interaction":{"idSuffix":"inner"}},"clearTextFirst":true,"interactionType":"ENTER_TEXT"}]}
COMMAND: POST /session/c486a9816572bc452379bf0d96c97947/execute/async - {"script":"<script> [1562 bytes]","args":[{"selector":{"id":"application-manageresources-display-component---newResourceUnit--BASE_UNIT_OF_MEASURE","interaction":{"idSuffix":"inner"}},"wdio_ui5_key":"applicationmanageresources-display-component---newResourceUnit--BASE_UNIT_OF_MEASURE"}]}
RESULT: {"script":"<script> [1562 bytes]","args":[{"selector":{"id":"application-manageresources-display-component---newResourceUnit--BASE_UNIT_OF_MEASURE","interaction":{"idSuffix":"inner"}},"wdio_ui5_key":"applicationmanageresources-display-component---newResourceUnit--BASE_UNIT_OF_MEASURE"}]}
RESULT: undefined
COMMAND: POST /session/c486a9816572bc452379bf0d96c97947/execute/async - {"script":"<script> [776 bytes]","args":[{"enterText":"Piece","selector":{"id":"application-manageresources-display-component---newResourceUnit--BASE_UNIT_OF_MEASURE","interaction":{"idSuffix":"inner"}},"clearTextFirst":true,"interactionType":"ENTER_TEXT"}]}
RESULT: {"script":"<script> [776 bytes]","args":[{"enterText":"Piece","selector":{"id":"application-manageresources-display-component---newResourceUnit--BASE_UNIT_OF_MEASURE","interaction":{"idSuffix":"inner"}},"clearTextFirst":true,"interactionType":"ENTER_TEXT"}]}
COMMAND: POST /session/c486a9816572bc452379bf0d96c97947/execute/async - {"script":"<script> [1562 bytes]","args":[{"selector":{"id":"application-manageresources-display-component---newResourceUnit--WEIGHT_UNIT","interaction":{"idSuffix":"inner"}},"wdio_ui5_key":"applicationmanageresources-display-component---newResourceUnit--WEIGHT_UNIT"}]}
RESULT: {"script":"<script> [1562 bytes]","args":[{"selector":{"id":"application-manageresources-display-component---newResourceUnit--WEIGHT_UNIT","interaction":{"idSuffix":"inner"}},"wdio_ui5_key":"applicationmanageresources-display-component---newResourceUnit--WEIGHT_UNIT"}]}
RESULT: undefined
COMMAND: POST /session/c486a9816572bc452379bf0d96c97947/execute/async - {"script":"<script> [776 bytes]","args":[{"enterText":"Gram","selector":{"id":"application-manageresources-display-component---newResourceUnit--WEIGHT_UNIT","interaction":{"idSuffix":"inner"}},"clearTextFirst":true,"interactionType":"ENTER_TEXT"}]}
RESULT: {"script":"<script> [776 bytes]","args":[{"enterText":"Gram","selector":{"id":"application-manageresources-display-component---newResourceUnit--WEIGHT_UNIT","interaction":{"idSuffix":"inner"}},"clearTextFirst":true,"interactionType":"ENTER_TEXT"}]}
COMMAND: POST /session/c486a9816572bc452379bf0d96c97947/execute/async - {"script":"<script> [1562 bytes]","args":[{"selector":{"id":"application-manageresources-display-component---newResourceUnit--DIMENSION_UNIT","interaction":{"idSuffix":"inner"}},"wdio_ui5_key":"applicationmanageresources-display-component---newResourceUnit--DIMENSION_UNIT"}]}
RESULT: {"script":"<script> [1562 bytes]","args":[{"selector":{"id":"application-manageresources-display-component---newResourceUnit--DIMENSION_UNIT","interaction":{"idSuffix":"inner"}},"wdio_ui5_key":"applicationmanageresources-display-component---newResourceUnit--DIMENSION_UNIT"}]}
RESULT: undefined
COMMAND: POST /session/c486a9816572bc452379bf0d96c97947/execute/async - {"script":"<script> [776 bytes]","args":[{"enterText":"Meter","selector":{"id":"application-manageresources-display-component---newResourceUnit--DIMENSION_UNIT","interaction":{"idSuffix":"inner"}},"clearTextFirst":true,"interactionType":"ENTER_TEXT"}]}
RESULT: {"script":"<script> [776 bytes]","args":[{"enterText":"Meter","selector":{"id":"application-manageresources-display-component---newResourceUnit--DIMENSION_UNIT","interaction":{"idSuffix":"inner"}},"clearTextFirst":true,"interactionType":"ENTER_TEXT"}]}
COMMAND: POST /session/c486a9816572bc452379bf0d96c97947/execute/async - {"script":"<script> [1562 bytes]","args":[{"selector":{"id":"application-manageresources-display-component---newResourceUnit--newRRUPage-anchBar-application-manageresources-display-component---newResourceUnit--control-anchor","interaction":{"idSuffix":"BDI-content"}},"wdio_ui5_key":"applicationmanageresources-display-component---newResourceUnit--newRRUPage-anchBar-application-manageresources-display-component---newResourceUnit--control-anchor"}]}
RESULT: {"script":"<script> [1562 bytes]","args":[{"selector":{"id":"application-manageresources-display-component---newResourceUnit--newRRUPage-anchBar-application-manageresources-display-component---newResourceUnit--control-anchor","interaction":{"idSuffix":"BDI-content"}},"wdio_ui5_key":"applicationmanageresources-display-component---newResourceUnit--newRRUPage-anchBar-application-manageresources-display-component---newResourceUnit--control-anchor"}]}
RESULT: undefined
COMMAND: POST /session/c486a9816572bc452379bf0d96c97947/element - {"using":"xpath","value":"//*[@id=\"application-manageresources-display-component---newResourceUnit--newRRUPage-anchBar-application-manageresources-display-component---newResourceUnit--control-anchor\"]"}
RESULT: {"using":"xpath","value":"//*[@id=\"application-manageresources-display-component---newResourceUnit--newRRUPage-anchBar-application-manageresources-display-component---newResourceUnit--control-anchor\"]"}
COMMAND: POST /session/c486a9816572bc452379bf0d96c97947/element/f.3F9ECC6ADE9C5A6D32036CC41DCDE0D0.d.C884BCCE7EBEDB6C8121D5D50DF4F9A3.e.5059/click - {}
RESULT: {}
COMMAND: POST /session/c486a9816572bc452379bf0d96c97947/execute/async - {"script":"<script> [1562 bytes]","args":[{"selector":{"id":"application-manageresources-display-component---newResourceUnit--PLANNING_GROUP","interaction":{"idSuffix":"inner"}},"wdio_ui5_key":"applicationmanageresources-display-component---newResourceUnit--PLANNING_GROUP"}]}
COMMAND: GET /session/c486a9816572bc452379bf0d96c97947/screenshot - {}
RESULT: {"script":"<script> [1562 bytes]","args":[{"selector":{"id":"application-manageresources-display-component---newResourceUnit--PLANNING_GROUP","interaction":{"idSuffix":"inner"}},"wdio_ui5_key":"applicationmanageresources-display-component---newResourceUnit--PLANNING_GROUP"}]}
RESULT: undefined
COMMAND: POST /session/c486a9816572bc452379bf0d96c97947/execute/async - {"script":"<script> [776 bytes]","args":[{"enterText":"Material","selector":{"id":"application-manageresources-display-component---newResourceUnit--PLANNING_GROUP","interaction":{"idSuffix":"inner"}},"clearTextFirst":true,"interactionType":"ENTER_TEXT"}]}
RESULT: {}
RESULT: {"script":"<script> [776 bytes]","args":[{"enterText":"Material","selector":{"id":"application-manageresources-display-component---newResourceUnit--PLANNING_GROUP","interaction":{"idSuffix":"inner"}},"clearTextFirst":true,"interactionType":"ENTER_TEXT"}]}
COMMAND: POST /session/c486a9816572bc452379bf0d96c97947/execute/async - {"script":"<script> [1562 bytes]","args":[{"selector":{"id":"application-manageresources-display-component---newResourceUnit--PLANNING_INDICATOR","interaction":{"idSuffix":"inner"}},"wdio_ui5_key":"applicationmanageresources-display-component---newResourceUnit--PLANNING_INDICATOR"}]}
RESULT: {"script":"<script> [1562 bytes]","args":[{"selector":{"id":"application-manageresources-display-component---newResourceUnit--PLANNING_INDICATOR","interaction":{"idSuffix":"inner"}},"wdio_ui5_key":"applicationmanageresources-display-component---newResourceUnit--PLANNING_INDICATOR"}]}
RESULT: undefined
COMMAND: POST /session/c486a9816572bc452379bf0d96c97947/execute/async - {"script":"<script> [776 bytes]","args":[{"enterText":"10 - infinite","selector":{"id":"application-manageresources-display-component---newResourceUnit--PLANNING_INDICATOR","interaction":{"idSuffix":"inner"}},"clearTextFirst":true,"interactionType":"ENTER_TEXT"}]}
RESULT: {"script":"<script> [776 bytes]","args":[{"enterText":"10 - infinite","selector":{"id":"application-manageresources-display-component---newResourceUnit--PLANNING_INDICATOR","interaction":{"idSuffix":"inner"}},"clearTextFirst":true,"interactionType":"ENTER_TEXT"}]}
COMMAND: POST /session/c486a9816572bc452379bf0d96c97947/element - {"using":"css selector","value":"#application-manageresources-display-component---newResourceUnit--btnAddTimeSegment"}
RESULT: {"using":"css selector","value":"#application-manageresources-display-component---newResourceUnit--btnAddTimeSegment"}
COMMAND: GET /session/c486a9816572bc452379bf0d96c97947/element/f.3F9ECC6ADE9C5A6D32036CC41DCDE0D0.d.C884BCCE7EBEDB6C8121D5D50DF4F9A3.e.5069/rect - {}
RESULT: {}
COMMAND: GET /session/c486a9816572bc452379bf0d96c97947/window/rect - {}
RESULT: {}
COMMAND: POST /session/c486a9816572bc452379bf0d96c97947/execute/sync - {"script":"<script> [92 bytes]","args":[]}
RESULT: {"script":"<script> [92 bytes]","args":[]}
COMMAND: POST /session/c486a9816572bc452379bf0d96c97947/actions - {"actions":[{"id":"action19","type":"wheel","parameters":{},"actions":[{"type":"scroll","x":-1888,"y":-32,"deltaX":0,"deltaY":0,"duration":0,"origin":{"element-6066-11e4-a52e-4f735466cecf":"f.3F9ECC6ADE9C5A6D32036CC41DCDE0D0.d.C884BCCE7EBEDB6C8121D5D50DF4F9A3.e.5069"}}]}]}
COMMAND: GET /session/c486a9816572bc452379bf0d96c97947/screenshot - {}
RESULT: {}
COMMAND: POST /session/c486a9816572bc452379bf0d96c97947/execute/sync - {"script":"<script> [79 bytes]","args":[{"element-6066-11e4-a52e-4f735466cecf":"f.3F9ECC6ADE9C5A6D32036CC41DCDE0D0.d.C884BCCE7EBEDB6C8121D5D50DF4F9A3.e.5069","ELEMENT":"f.3F9ECC6ADE9C5A6D32036CC41DCDE0D0.d.C884BCCE7EBEDB6C8121D5D50DF4F9A3.e.5069"},{"block":"start","inline":"nearest"}]}
RESULT: {"script":"<script> [79 bytes]","args":[{"element-6066-11e4-a52e-4f735466cecf":"f.3F9ECC6ADE9C5A6D32036CC41DCDE0D0.d.C884BCCE7EBEDB6C8121D5D50DF4F9A3.e.5069","ELEMENT":"f.3F9ECC6ADE9C5A6D32036CC41DCDE0D0.d.C884BCCE7EBEDB6C8121D5D50DF4F9A3.e.5069"},{"block":"start","inline":"nearest"}]}
COMMAND: POST /session/c486a9816572bc452379bf0d96c97947/execute/async - {"script":"<script> [1562 bytes]","args":[{"selector":{"id":"application-manageresources-display-component---newResourceUnit--btnAddTimeSegment","interaction":{"idSuffix":"inner"}},"wdio_ui5_key":"applicationmanageresources-display-component---newResourceUnit--btnAddTimeSegment"}]}
COMMAND: GET /session/c486a9816572bc452379bf0d96c97947/screenshot - {}
RESULT: {"script":"<script> [1562 bytes]","args":[{"selector":{"id":"application-manageresources-display-component---newResourceUnit--btnAddTimeSegment","interaction":{"idSuffix":"inner"}},"wdio_ui5_key":"applicationmanageresources-display-component---newResourceUnit--btnAddTimeSegment"}]}
RESULT: undefined
COMMAND: POST /session/c486a9816572bc452379bf0d96c97947/element - {"using":"xpath","value":"//*[@id=\"application-manageresources-display-component---newResourceUnit--btnAddTimeSegment\"]"}
RESULT: {}
RESULT: {"using":"xpath","value":"//*[@id=\"application-manageresources-display-component---newResourceUnit--btnAddTimeSegment\"]"}
COMMAND: POST /session/c486a9816572bc452379bf0d96c97947/element/f.3F9ECC6ADE9C5A6D32036CC41DCDE0D0.d.C884BCCE7EBEDB6C8121D5D50DF4F9A3.e.5069/click - {}
RESULT: {}
COMMAND: GET /session/c486a9816572bc452379bf0d96c97947/screenshot - {}
RESULT: {}
COMMAND: POST /session/c486a9816572bc452379bf0d96c97947/element - {"using":"xpath","value":"//input[@id=\"application-manageresources-display-component---newResourceUnit--idRuTSAdmin-application-manageresources-display-component---newResourceUnit--RUTimeSegment-0-inner\"]"}
RESULT: {"using":"xpath","value":"//input[@id=\"application-manageresources-display-component---newResourceUnit--idRuTSAdmin-application-manageresources-display-component---newResourceUnit--RUTimeSegment-0-inner\"]"}
COMMAND: POST /session/c486a9816572bc452379bf0d96c97947/element/f.3F9ECC6ADE9C5A6D32036CC41DCDE0D0.d.C884BCCE7EBEDB6C8121D5D50DF4F9A3.e.5074/clear - {}
RESULT: {}
COMMAND: POST /session/c486a9816572bc452379bf0d96c97947/element/f.3F9ECC6ADE9C5A6D32036CC41DCDE0D0.d.C884BCCE7EBEDB6C8121D5D50DF4F9A3.e.5074/value - {"text":"380"}
COMMAND: GET /session/c486a9816572bc452379bf0d96c97947/screenshot - {}
RESULT: {"text":"380"}
COMMAND: GET /session/c486a9816572bc452379bf0d96c97947/screenshot - {}
RESULT: {}
RESULT: {}
COMMAND: POST /session/c486a9816572bc452379bf0d96c97947/element - {"using":"xpath","value":"//li[.//span[text()='380']]"}
RESULT: {"using":"xpath","value":"//li[.//span[text()='380']]"}
COMMAND: POST /session/c486a9816572bc452379bf0d96c97947/element/f.3F9ECC6ADE9C5A6D32036CC41DCDE0D0.d.C884BCCE7EBEDB6C8121D5D50DF4F9A3.e.5083/click - {}
RESULT: {}
COMMAND: GET /session/c486a9816572bc452379bf0d96c97947/screenshot - {}
RESULT: {}
COMMAND: POST /session/c486a9816572bc452379bf0d96c97947/element - {"using":"xpath","value":"(//span[contains(@id, \"-application-manageresources-display-component---newResourceUnit--RUTimeSegment-0-arrow\")])[2]"}
RESULT: {"using":"xpath","value":"(//span[contains(@id, \"-application-manageresources-display-component---newResourceUnit--RUTimeSegment-0-arrow\")])[2]"}
COMMAND: POST /session/c486a9816572bc452379bf0d96c97947/element/f.3F9ECC6ADE9C5A6D32036CC41DCDE0D0.d.C884BCCE7EBEDB6C8121D5D50DF4F9A3.e.5084/click - {}
RESULT: {}
COMMAND: POST /session/c486a9816572bc452379bf0d96c97947/element - {"using":"xpath","value":"//span[contains(text(), \"PM Order\")]"}
COMMAND: GET /session/c486a9816572bc452379bf0d96c97947/screenshot - {}
RESULT: {"using":"xpath","value":"//span[contains(text(), \"PM Order\")]"}
COMMAND: POST /session/c486a9816572bc452379bf0d96c97947/element/f.3F9ECC6ADE9C5A6D32036CC41DCDE0D0.d.C884BCCE7EBEDB6C8121D5D50DF4F9A3.e.5085/click - {}
RESULT: {}
RESULT: {}
COMMAND: GET /session/c486a9816572bc452379bf0d96c97947/screenshot - {}
RESULT: {}
COMMAND: POST /session/c486a9816572bc452379bf0d96c97947/element - {"using":"xpath","value":"//td/div/div/div/span[contains(@id, \"newResourceUnit--RUTimeSegment-0-vhi\")][1]"}
RESULT: {"using":"xpath","value":"//td/div/div/div/span[contains(@id, \"newResourceUnit--RUTimeSegment-0-vhi\")][1]"}
COMMAND: GET /session/c486a9816572bc452379bf0d96c97947/element/f.3F9ECC6ADE9C5A6D32036CC41DCDE0D0.d.C884BCCE7EBEDB6C8121D5D50DF4F9A3.e.5089/rect - {}
RESULT: {}
COMMAND: GET /session/c486a9816572bc452379bf0d96c97947/window/rect - {}
RESULT: {}
COMMAND: POST /session/c486a9816572bc452379bf0d96c97947/execute/sync - {"script":"<script> [92 bytes]","args":[]}
RESULT: {"script":"<script> [92 bytes]","args":[]}
COMMAND: POST /session/c486a9816572bc452379bf0d96c97947/actions - {"actions":[{"id":"action20","type":"wheel","parameters":{},"actions":[{"type":"scroll","x":-1888,"y":-24,"deltaX":0,"deltaY":0,"duration":0,"origin":{"element-6066-11e4-a52e-4f735466cecf":"f.3F9ECC6ADE9C5A6D32036CC41DCDE0D0.d.C884BCCE7EBEDB6C8121D5D50DF4F9A3.e.5089"}}]}]}
COMMAND: GET /session/c486a9816572bc452379bf0d96c97947/screenshot - {}
RESULT: {}
COMMAND: POST /session/c486a9816572bc452379bf0d96c97947/execute/sync - {"script":"<script> [79 bytes]","args":[{"element-6066-11e4-a52e-4f735466cecf":"f.3F9ECC6ADE9C5A6D32036CC41DCDE0D0.d.C884BCCE7EBEDB6C8121D5D50DF4F9A3.e.5089","ELEMENT":"f.3F9ECC6ADE9C5A6D32036CC41DCDE0D0.d.C884BCCE7EBEDB6C8121D5D50DF4F9A3.e.5089"},{"block":"start","inline":"nearest"}]}
RESULT: {"script":"<script> [79 bytes]","args":[{"element-6066-11e4-a52e-4f735466cecf":"f.3F9ECC6ADE9C5A6D32036CC41DCDE0D0.d.C884BCCE7EBEDB6C8121D5D50DF4F9A3.e.5089","ELEMENT":"f.3F9ECC6ADE9C5A6D32036CC41DCDE0D0.d.C884BCCE7EBEDB6C8121D5D50DF4F9A3.e.5089"},{"block":"start","inline":"nearest"}]}
COMMAND: GET /session/c486a9816572bc452379bf0d96c97947/screenshot - {}
RESULT: {}
COMMAND: POST /session/c486a9816572bc452379bf0d96c97947/element/f.3F9ECC6ADE9C5A6D32036CC41DCDE0D0.d.C884BCCE7EBEDB6C8121D5D50DF4F9A3.e.5089/click - {}
RESULT: {}
COMMAND: GET /session/c486a9816572bc452379bf0d96c97947/screenshot - {}
RESULT: {}
COMMAND: POST /session/c486a9816572bc452379bf0d96c97947/execute/async - {"script":"<script> [1562 bytes]","args":[{"selector":{"controlType":"sap.m.SearchField","properties":{"placeholder":"Search"},"searchOpenDialogs":true,"interaction":{"idSuffix":"I"}},"wdio_ui5_key":"sapm.SearchField{\"placeholder\":\"Search\"}"}]}
RESULT: {"script":"<script> [1562 bytes]","args":[{"selector":{"controlType":"sap.m.SearchField","properties":{"placeholder":"Search"},"searchOpenDialogs":true,"interaction":{"idSuffix":"I"}},"wdio_ui5_key":"sapm.SearchField{\"placeholder\":\"Search\"}"}]}
RESULT: undefined
COMMAND: POST /session/c486a9816572bc452379bf0d96c97947/execute/async - {"script":"<script> [776 bytes]","args":[{"enterText":"4000360","selector":{"controlType":"sap.m.SearchField","properties":{"placeholder":"Search"},"searchOpenDialogs":true,"interaction":{"idSuffix":"I"}},"clearTextFirst":true,"interactionType":"ENTER_TEXT"}]}
RESULT: {"script":"<script> [776 bytes]","args":[{"enterText":"4000360","selector":{"controlType":"sap.m.SearchField","properties":{"placeholder":"Search"},"searchOpenDialogs":true,"interaction":{"idSuffix":"I"}},"clearTextFirst":true,"interactionType":"ENTER_TEXT"}]}
COMMAND: POST /session/c486a9816572bc452379bf0d96c97947/actions - {"actions":[{"id":"action21","type":"key","parameters":{},"actions":[{"type":"keyDown","value":"î€‡"},{"type":"pause","duration":10},{"type":"keyUp","value":"î€‡"}]}]}
RESULT: {"actions":[{"id":"action21","type":"key","parameters":{},"actions":[{"type":"keyDown","value":"î€‡"},{"type":"pause","duration":10},{"type":"keyUp","value":"î€‡"}]}]}
COMMAND: GET /session/c486a9816572bc452379bf0d96c97947/screenshot - {}
RESULT: {}
COMMAND: POST /session/c486a9816572bc452379bf0d96c97947/element - {"using":"xpath","value":"//td/div/span[contains(text(), \"BGL Vehicles\")]"}
RESULT: {"using":"xpath","value":"//td/div/span[contains(text(), \"BGL Vehicles\")]"}
COMMAND: POST /session/c486a9816572bc452379bf0d96c97947/element/f.3F9ECC6ADE9C5A6D32036CC41DCDE0D0.d.C884BCCE7EBEDB6C8121D5D50DF4F9A3.e.5111/click - {}
RESULT: {}
COMMAND: GET /session/c486a9816572bc452379bf0d96c97947/screenshot - {}
RESULT: {}
COMMAND: POST /session/c486a9816572bc452379bf0d96c97947/element - {"using":"xpath","value":"//bdi[contains(text(), \"OK\")]"}
RESULT: {"using":"xpath","value":"//bdi[contains(text(), \"OK\")]"}
COMMAND: POST /session/c486a9816572bc452379bf0d96c97947/element/f.3F9ECC6ADE9C5A6D32036CC41DCDE0D0.d.C884BCCE7EBEDB6C8121D5D50DF4F9A3.e.5112/click - {}
RESULT: {}
COMMAND: GET /session/c486a9816572bc452379bf0d96c97947/screenshot - {}
RESULT: {}
COMMAND: POST /session/c486a9816572bc452379bf0d96c97947/element - {"using":"xpath","value":"//label[contains(@class, 'sapMLabelRequired') and .//bdi[contains(text(), 'Planned Retirement')]]"}
RESULT: {"using":"xpath","value":"//label[contains(@class, 'sapMLabelRequired') and .//bdi[contains(text(), 'Planned Retirement')]]"}
COMMAND: POST /session/c486a9816572bc452379bf0d96c97947/elements - {"using":"xpath","value":"//label[contains(@class, 'sapMLabelRequired') and .//bdi[contains(text(), 'Planned Retirement')]]"}
RESULT: {"using":"xpath","value":"//label[contains(@class, 'sapMLabelRequired') and .//bdi[contains(text(), 'Planned Retirement')]]"}
COMMAND: POST /session/c486a9816572bc452379bf0d96c97947/element - {"using":"xpath","value":"//button[@data-kt=\"resourceUnitSaveButton\"]"}
RESULT: {"using":"xpath","value":"//button[@data-kt=\"resourceUnitSaveButton\"]"}
COMMAND: POST /session/c486a9816572bc452379bf0d96c97947/element/f.3F9ECC6ADE9C5A6D32036CC41DCDE0D0.d.C884BCCE7EBEDB6C8121D5D50DF4F9A3.e.5011/click - {}
RESULT: {}
COMMAND: GET /session/c486a9816572bc452379bf0d96c97947/screenshot - {}
RESULT: {}
COMMAND: POST /session/c486a9816572bc452379bf0d96c97947/element - {"using":"xpath","value":"//bdi[contains(text(), \"Close\")]"}
RESULT: {"using":"xpath","value":"//bdi[contains(text(), \"Close\")]"}
COMMAND: POST /session/c486a9816572bc452379bf0d96c97947/element/f.3F9ECC6ADE9C5A6D32036CC41DCDE0D0.d.C884BCCE7EBEDB6C8121D5D50DF4F9A3.e.5119/click - {}
RESULT: {}
COMMAND: GET /session/c486a9816572bc452379bf0d96c97947/screenshot - {}
RESULT: {}
COMMAND: POST /session/c486a9816572bc452379bf0d96c97947/element - {"using":"xpath","value":"//header[contains(@id, 'detailRruPage-headerTitle')]/div[1]/div[2]/div[2]/span[1]"}
RESULT: {"using":"xpath","value":"//header[contains(@id, 'detailRruPage-headerTitle')]/div[1]/div[2]/div[2]/span[1]"}
COMMAND: POST /session/c486a9816572bc452379bf0d96c97947/elements - {"using":"xpath","value":"//header[contains(@id, 'detailRruPage-headerTitle')]/div[1]/div[2]/div[2]/span[1]"}
RESULT: {"using":"xpath","value":"//header[contains(@id, 'detailRruPage-headerTitle')]/div[1]/div[2]/div[2]/span[1]"}
COMMAND: POST /session/c486a9816572bc452379bf0d96c97947/execute/sync - {"script":"<script> [56 bytes]","args":[{"element-6066-11e4-a52e-4f735466cecf":"f.3F9ECC6ADE9C5A6D32036CC41DCDE0D0.d.C884BCCE7EBEDB6C8121D5D50DF4F9A3.e.5147","ELEMENT":"f.3F9ECC6ADE9C5A6D32036CC41DCDE0D0.d.C884BCCE7EBEDB6C8121D5D50DF4F9A3.e.5147"}]}
RESULT: {"script":"<script> [56 bytes]","args":[{"element-6066-11e4-a52e-4f735466cecf":"f.3F9ECC6ADE9C5A6D32036CC41DCDE0D0.d.C884BCCE7EBEDB6C8121D5D50DF4F9A3.e.5147","ELEMENT":"f.3F9ECC6ADE9C5A6D32036CC41DCDE0D0.d.C884BCCE7EBEDB6C8121D5D50DF4F9A3.e.5147"}]}
COMMAND: POST /session/c486a9816572bc452379bf0d96c97947/element - {"using":"css selector","value":"#shell-header-logo"}
COMMAND: GET /session/c486a9816572bc452379bf0d96c97947/screenshot - {}
RESULT: {"using":"css selector","value":"#shell-header-logo"}
COMMAND: POST /session/c486a9816572bc452379bf0d96c97947/element/f.3F9ECC6ADE9C5A6D32036CC41DCDE0D0.d.C884BCCE7EBEDB6C8121D5D50DF4F9A3.e.4487/click - {}
RESULT: {}
RESULT: {}
COMMAND: GET /session/c486a9816572bc452379bf0d96c97947/screenshot - {}
RESULT: {}
]]></system-out>
    </testcase>
    <testcase classname="chrome.136_0_7103_93.windows.Provide_to_Site_w/_warehouse_management_w/_clarification_US115878" name="Bin Status Report Should Create New Organization yard" time="0.018" />
    <testcase classname="chrome.136_0_7103_93.windows.Provide_to_Site_w/_warehouse_management_w/_clarification_US115878" name="Bin Status Report Should Create New Organization for Site" time="0.006" />
  </testsuite>
  <testsuite timestamp="2025-05-15T06:02:23" time="532.899" tests="6" failures="0" errors="0" skipped="0">
    <properties>
      <property name="specId" value="0" />
      <property name="suiteName" value="Provide to Site w/ warehouse management w clarification" />
      <property name="capabilities" value="chrome.136_0_7103_93.windows" />
      <property name="file" value="file:///D:/a/1/s/test/specs/HTR/provide-to-site-w-warehouse-w-clarification.spec.js" />
    </properties>
    <testcase classname="chrome.136_0_7103_93.windows.Provide_to_Site_w/_warehouse_management_w_clarification" name="Should do a stock increase handover" time="98.672">
      <system-out><![CDATA[
COMMAND: POST /session/c486a9816572bc452379bf0d96c97947/execute/async - {"script":"<script> [1562 bytes]","args":[{"selector":{"controlType":"sap.m.GenericTile","properties":{"header":"Manage Handovers"}},"wdio_ui5_key":"sapm.GenericTile{\"header\":\"Manage Handovers\"}"}]}
RESULT: {"script":"<script> [1562 bytes]","args":[{"selector":{"controlType":"sap.m.GenericTile","properties":{"header":"Manage Handovers"}},"wdio_ui5_key":"sapm.GenericTile{\"header\":\"Manage Handovers\"}"}]}
RESULT: undefined
COMMAND: POST /session/c486a9816572bc452379bf0d96c97947/element - {"using":"xpath","value":"//*[@id=\"__tile130\"]"}
RESULT: {"using":"xpath","value":"//*[@id=\"__tile130\"]"}
COMMAND: POST /session/c486a9816572bc452379bf0d96c97947/element/f.3F9ECC6ADE9C5A6D32036CC41DCDE0D0.d.C884BCCE7EBEDB6C8121D5D50DF4F9A3.e.4533/click - {}
RESULT: {}
COMMAND: GET /session/c486a9816572bc452379bf0d96c97947/screenshot - {}
RESULT: {}
COMMAND: POST /session/c486a9816572bc452379bf0d96c97947/elements - {"using":"xpath","value":"//span[text()='Error']"}
RESULT: {"using":"xpath","value":"//span[text()='Error']"}
COMMAND: POST /session/c486a9816572bc452379bf0d96c97947/element - {"using":"xpath","value":"//button[@data-kt=\"masterHOAddButton\"]"}
RESULT: {"using":"xpath","value":"//button[@data-kt=\"masterHOAddButton\"]"}
COMMAND: POST /session/c486a9816572bc452379bf0d96c97947/elements - {"using":"xpath","value":"//button[@data-kt=\"masterHOAddButton\"]"}
RESULT: {"using":"xpath","value":"//button[@data-kt=\"masterHOAddButton\"]"}
COMMAND: POST /session/c486a9816572bc452379bf0d96c97947/execute/sync - {"script":"<script> [8489 bytes]","args":[{"element-6066-11e4-a52e-4f735466cecf":"f.3F9ECC6ADE9C5A6D32036CC41DCDE0D0.d.C884BCCE7EBEDB6C8121D5D50DF4F9A3.e.5187","ELEMENT":"f.3F9ECC6ADE9C5A6D32036CC41DCDE0D0.d.C884BCCE7EBEDB6C8121D5D50DF4F9A3.e.5187"}]}
RESULT: {"script":"<script> [8489 bytes]","args":[{"element-6066-11e4-a52e-4f735466cecf":"f.3F9ECC6ADE9C5A6D32036CC41DCDE0D0.d.C884BCCE7EBEDB6C8121D5D50DF4F9A3.e.5187","ELEMENT":"f.3F9ECC6ADE9C5A6D32036CC41DCDE0D0.d.C884BCCE7EBEDB6C8121D5D50DF4F9A3.e.5187"}]}
COMMAND: GET /session/c486a9816572bc452379bf0d96c97947/element/f.3F9ECC6ADE9C5A6D32036CC41DCDE0D0.d.C884BCCE7EBEDB6C8121D5D50DF4F9A3.e.5187/enabled - {}
COMMAND: GET /session/c486a9816572bc452379bf0d96c97947/screenshot - {}
RESULT: {}
COMMAND: POST /session/c486a9816572bc452379bf0d96c97947/execute/sync - {"script":"<script> [8489 bytes]","args":[{"element-6066-11e4-a52e-4f735466cecf":"f.3F9ECC6ADE9C5A6D32036CC41DCDE0D0.d.C884BCCE7EBEDB6C8121D5D50DF4F9A3.e.5187","ELEMENT":"f.3F9ECC6ADE9C5A6D32036CC41DCDE0D0.d.C884BCCE7EBEDB6C8121D5D50DF4F9A3.e.5187"}]}
COMMAND: GET /session/c486a9816572bc452379bf0d96c97947/screenshot - {}
RESULT: {}
RESULT: {"script":"<script> [8489 bytes]","args":[{"element-6066-11e4-a52e-4f735466cecf":"f.3F9ECC6ADE9C5A6D32036CC41DCDE0D0.d.C884BCCE7EBEDB6C8121D5D50DF4F9A3.e.5187","ELEMENT":"f.3F9ECC6ADE9C5A6D32036CC41DCDE0D0.d.C884BCCE7EBEDB6C8121D5D50DF4F9A3.e.5187"}]}
COMMAND: POST /session/c486a9816572bc452379bf0d96c97947/execute/sync - {"script":"<script> [5351 bytes]","args":[{"element-6066-11e4-a52e-4f735466cecf":"f.3F9ECC6ADE9C5A6D32036CC41DCDE0D0.d.C884BCCE7EBEDB6C8121D5D50DF4F9A3.e.5187","ELEMENT":"f.3F9ECC6ADE9C5A6D32036CC41DCDE0D0.d.C884BCCE7EBEDB6C8121D5D50DF4F9A3.e.5187"}]}
COMMAND: GET /session/c486a9816572bc452379bf0d96c97947/screenshot - {}
RESULT: {}
RESULT: {"script":"<script> [5351 bytes]","args":[{"element-6066-11e4-a52e-4f735466cecf":"f.3F9ECC6ADE9C5A6D32036CC41DCDE0D0.d.C884BCCE7EBEDB6C8121D5D50DF4F9A3.e.5187","ELEMENT":"f.3F9ECC6ADE9C5A6D32036CC41DCDE0D0.d.C884BCCE7EBEDB6C8121D5D50DF4F9A3.e.5187"}]}
COMMAND: POST /session/c486a9816572bc452379bf0d96c97947/element/f.3F9ECC6ADE9C5A6D32036CC41DCDE0D0.d.C884BCCE7EBEDB6C8121D5D50DF4F9A3.e.5187/click - {}
COMMAND: GET /session/c486a9816572bc452379bf0d96c97947/screenshot - {}
RESULT: {}
RESULT: {}
COMMAND: GET /session/c486a9816572bc452379bf0d96c97947/screenshot - {}
COMMAND: POST /session/c486a9816572bc452379bf0d96c97947/element - {"using":"xpath","value":"//span[contains(@id ,\"AddNewHO--typeSelect-arrow\")]"}
RESULT: {}
RESULT: {}
RESULT: {"using":"xpath","value":"//span[contains(@id ,\"AddNewHO--typeSelect-arrow\")]"}
COMMAND: POST /session/c486a9816572bc452379bf0d96c97947/element/f.3F9ECC6ADE9C5A6D32036CC41DCDE0D0.d.C884BCCE7EBEDB6C8121D5D50DF4F9A3.e.5538/click - {}
RESULT: {}
COMMAND: GET /session/c486a9816572bc452379bf0d96c97947/screenshot - {}
RESULT: {}
COMMAND: POST /session/c486a9816572bc452379bf0d96c97947/element - {"using":"xpath","value":"(//li[contains(text(), \"stock increase yard\")])[1]"}
RESULT: {"using":"xpath","value":"(//li[contains(text(), \"stock increase yard\")])[1]"}
COMMAND: POST /session/c486a9816572bc452379bf0d96c97947/element/f.3F9ECC6ADE9C5A6D32036CC41DCDE0D0.d.C884BCCE7EBEDB6C8121D5D50DF4F9A3.e.5539/click - {}
RESULT: {}
COMMAND: GET /session/c486a9816572bc452379bf0d96c97947/screenshot - {}
RESULT: {}
COMMAND: POST /session/c486a9816572bc452379bf0d96c97947/execute/async - {"script":"<script> [1562 bytes]","args":[{"selector":{"id":"application-managehandovers-display-component---AddNewHO--dueDate","interaction":{"idSuffix":"inner"}},"wdio_ui5_key":"applicationmanagehandovers-display-component---AddNewHO--dueDate"}]}
RESULT: {"script":"<script> [1562 bytes]","args":[{"selector":{"id":"application-managehandovers-display-component---AddNewHO--dueDate","interaction":{"idSuffix":"inner"}},"wdio_ui5_key":"applicationmanagehandovers-display-component---AddNewHO--dueDate"}]}
RESULT: undefined
COMMAND: POST /session/c486a9816572bc452379bf0d96c97947/execute/async - {"script":"<script> [6424 bytes]","args":[{"element-6066-11e4-a52e-4f735466cecf":"f.3F9ECC6ADE9C5A6D32036CC41DCDE0D0.d.C884BCCE7EBEDB6C8121D5D50DF4F9A3.e.5541"},"setValue",["5/15/25"]]}
RESULT: {"script":"<script> [6424 bytes]","args":[{"element-6066-11e4-a52e-4f735466cecf":"f.3F9ECC6ADE9C5A6D32036CC41DCDE0D0.d.C884BCCE7EBEDB6C8121D5D50DF4F9A3.e.5541"},"setValue",["5/15/25"]]}
COMMAND: POST /session/c486a9816572bc452379bf0d96c97947/element - {"using":"xpath","value":"//input[@id=\"generalSectionFrg--receiveYard-inner\"]"}
RESULT: {"using":"xpath","value":"//input[@id=\"generalSectionFrg--receiveYard-inner\"]"}
COMMAND: POST /session/c486a9816572bc452379bf0d96c97947/element/f.3F9ECC6ADE9C5A6D32036CC41DCDE0D0.d.C884BCCE7EBEDB6C8121D5D50DF4F9A3.e.5545/clear - {}
RESULT: {}
COMMAND: POST /session/c486a9816572bc452379bf0d96c97947/element/f.3F9ECC6ADE9C5A6D32036CC41DCDE0D0.d.C884BCCE7EBEDB6C8121D5D50DF4F9A3.e.5545/value - {"text":"380"}
COMMAND: GET /session/c486a9816572bc452379bf0d96c97947/screenshot - {}
RESULT: {"text":"380"}
COMMAND: GET /session/c486a9816572bc452379bf0d96c97947/screenshot - {}
RESULT: {}
RESULT: {}
COMMAND: POST /session/c486a9816572bc452379bf0d96c97947/element - {"using":"xpath","value":"//li[.//span[text()='380']]"}
RESULT: {"using":"xpath","value":"//li[.//span[text()='380']]"}
COMMAND: POST /session/c486a9816572bc452379bf0d96c97947/element/f.3F9ECC6ADE9C5A6D32036CC41DCDE0D0.d.C884BCCE7EBEDB6C8121D5D50DF4F9A3.e.5563/click - {}
RESULT: {}
COMMAND: GET /session/c486a9816572bc452379bf0d96c97947/screenshot - {}
RESULT: {}
COMMAND: POST /session/c486a9816572bc452379bf0d96c97947/execute/async - {"script":"<script> [1562 bytes]","args":[{"selector":{"id":"application-managehandovers-display-component---AddNewHO--ObjectPageLayout-anchBar-application-managehandovers-display-component---AddNewHO--section4-anchor","interaction":{"idSuffix":"BDI-content"}},"wdio_ui5_key":"applicationmanagehandovers-display-component---AddNewHO--ObjectPageLayout-anchBar-application-managehandovers-display-component---AddNewHO--section4-anchor"}]}
RESULT: {"script":"<script> [1562 bytes]","args":[{"selector":{"id":"application-managehandovers-display-component---AddNewHO--ObjectPageLayout-anchBar-application-managehandovers-display-component---AddNewHO--section4-anchor","interaction":{"idSuffix":"BDI-content"}},"wdio_ui5_key":"applicationmanagehandovers-display-component---AddNewHO--ObjectPageLayout-anchBar-application-managehandovers-display-component---AddNewHO--section4-anchor"}]}
RESULT: undefined
COMMAND: POST /session/c486a9816572bc452379bf0d96c97947/element - {"using":"xpath","value":"//*[@id=\"application-managehandovers-display-component---AddNewHO--ObjectPageLayout-anchBar-application-managehandovers-display-component---AddNewHO--section4-anchor\"]"}
RESULT: {"using":"xpath","value":"//*[@id=\"application-managehandovers-display-component---AddNewHO--ObjectPageLayout-anchBar-application-managehandovers-display-component---AddNewHO--section4-anchor\"]"}
COMMAND: POST /session/c486a9816572bc452379bf0d96c97947/element/f.3F9ECC6ADE9C5A6D32036CC41DCDE0D0.d.C884BCCE7EBEDB6C8121D5D50DF4F9A3.e.5565/click - {}
RESULT: {}
COMMAND: POST /session/c486a9816572bc452379bf0d96c97947/element - {"using":"xpath","value":"//button[@aria-label=\"Add\"]"}
COMMAND: GET /session/c486a9816572bc452379bf0d96c97947/screenshot - {}
RESULT: {"using":"xpath","value":"//button[@aria-label=\"Add\"]"}
COMMAND: POST /session/c486a9816572bc452379bf0d96c97947/element/f.3F9ECC6ADE9C5A6D32036CC41DCDE0D0.d.C884BCCE7EBEDB6C8121D5D50DF4F9A3.e.5569/click - {}
RESULT: {}
RESULT: {}
COMMAND: GET /session/c486a9816572bc452379bf0d96c97947/screenshot - {}
RESULT: {}
COMMAND: POST /session/c486a9816572bc452379bf0d96c97947/execute/async - {"script":"<script> [1562 bytes]","args":[{"selector":{"id":"application-managehandovers-display-component---AddNewHO--smartFilterBar-btnBasicSearch","searchOpenDialogs":true,"interaction":{"idSuffix":"I"}},"wdio_ui5_key":"applicationmanagehandovers-display-component---AddNewHO--smartFilterBar-btnBasicSearch"}]}
RESULT: {"script":"<script> [1562 bytes]","args":[{"selector":{"id":"application-managehandovers-display-component---AddNewHO--smartFilterBar-btnBasicSearch","searchOpenDialogs":true,"interaction":{"idSuffix":"I"}},"wdio_ui5_key":"applicationmanagehandovers-display-component---AddNewHO--smartFilterBar-btnBasicSearch"}]}
RESULT: undefined
COMMAND: POST /session/c486a9816572bc452379bf0d96c97947/execute/async - {"script":"<script> [776 bytes]","args":[{"enterText":"200163","selector":{"id":"application-managehandovers-display-component---AddNewHO--smartFilterBar-btnBasicSearch","searchOpenDialogs":true,"interaction":{"idSuffix":"I"}},"clearTextFirst":true,"interactionType":"ENTER_TEXT"}]}
RESULT: {"script":"<script> [776 bytes]","args":[{"enterText":"200163","selector":{"id":"application-managehandovers-display-component---AddNewHO--smartFilterBar-btnBasicSearch","searchOpenDialogs":true,"interaction":{"idSuffix":"I"}},"clearTextFirst":true,"interactionType":"ENTER_TEXT"}]}
COMMAND: POST /session/c486a9816572bc452379bf0d96c97947/actions - {"actions":[{"id":"action22","type":"key","parameters":{},"actions":[{"type":"keyDown","value":"î€‡"},{"type":"pause","duration":10},{"type":"keyUp","value":"î€‡"}]}]}
RESULT: {"actions":[{"id":"action22","type":"key","parameters":{},"actions":[{"type":"keyDown","value":"î€‡"},{"type":"pause","duration":10},{"type":"keyUp","value":"î€‡"}]}]}
COMMAND: GET /session/c486a9816572bc452379bf0d96c97947/screenshot - {}
RESULT: {}
COMMAND: POST /session/c486a9816572bc452379bf0d96c97947/execute/async - {"script":"<script> [1562 bytes]","args":[{"selector":{"id":"application-managehandovers-display-component---AddNewHO--popup-sa","searchOpenDialogs":true,"interaction":{"idSuffix":"CbBg"}},"wdio_ui5_key":"applicationmanagehandovers-display-component---AddNewHO--popup-sa"}]}
RESULT: {"script":"<script> [1562 bytes]","args":[{"selector":{"id":"application-managehandovers-display-component---AddNewHO--popup-sa","searchOpenDialogs":true,"interaction":{"idSuffix":"CbBg"}},"wdio_ui5_key":"applicationmanagehandovers-display-component---AddNewHO--popup-sa"}]}
RESULT: undefined
COMMAND: POST /session/c486a9816572bc452379bf0d96c97947/element - {"using":"xpath","value":"//*[@id=\"application-managehandovers-display-component---AddNewHO--popup-sa\"]"}
RESULT: {"using":"xpath","value":"//*[@id=\"application-managehandovers-display-component---AddNewHO--popup-sa\"]"}
COMMAND: POST /session/c486a9816572bc452379bf0d96c97947/element/f.3F9ECC6ADE9C5A6D32036CC41DCDE0D0.d.C884BCCE7EBEDB6C8121D5D50DF4F9A3.e.5722/click - {}
RESULT: {}
COMMAND: GET /session/c486a9816572bc452379bf0d96c97947/screenshot - {}
RESULT: {}
COMMAND: POST /session/c486a9816572bc452379bf0d96c97947/element - {"using":"xpath","value":"//bdi[contains(text(), \"Select\")]"}
RESULT: {"using":"xpath","value":"//bdi[contains(text(), \"Select\")]"}
COMMAND: POST /session/c486a9816572bc452379bf0d96c97947/element/f.3F9ECC6ADE9C5A6D32036CC41DCDE0D0.d.C884BCCE7EBEDB6C8121D5D50DF4F9A3.e.5723/click - {}
RESULT: {}
COMMAND: GET /session/c486a9816572bc452379bf0d96c97947/screenshot - {}
RESULT: {}
COMMAND: POST /session/c486a9816572bc452379bf0d96c97947/element - {"using":"xpath","value":"//button[@data-kt=\"AddNewHOSaveButton\"]"}
RESULT: {"using":"xpath","value":"//button[@data-kt=\"AddNewHOSaveButton\"]"}
COMMAND: POST /session/c486a9816572bc452379bf0d96c97947/element/f.3F9ECC6ADE9C5A6D32036CC41DCDE0D0.d.C884BCCE7EBEDB6C8121D5D50DF4F9A3.e.5727/click - {}
RESULT: {}
COMMAND: GET /session/c486a9816572bc452379bf0d96c97947/screenshot - {}
RESULT: {}
COMMAND: POST /session/c486a9816572bc452379bf0d96c97947/execute/async - {"script":"<script> [1562 bytes]","args":[{"selector":{"id":"receiptDatePicker","viewName":"etm.portal.ui.managehandovers.view.DetailExecuteHO","interaction":{"idSuffix":"inner"}},"wdio_ui5_key":"receiptDatePickeretmportal.ui.managehandovers.view.DetailExecuteHO"}]}
RESULT: {"script":"<script> [1562 bytes]","args":[{"selector":{"id":"receiptDatePicker","viewName":"etm.portal.ui.managehandovers.view.DetailExecuteHO","interaction":{"idSuffix":"inner"}},"wdio_ui5_key":"receiptDatePickeretmportal.ui.managehandovers.view.DetailExecuteHO"}]}
RESULT: undefined
COMMAND: POST /session/c486a9816572bc452379bf0d96c97947/execute/async - {"script":"<script> [6424 bytes]","args":[{"element-6066-11e4-a52e-4f735466cecf":"f.3F9ECC6ADE9C5A6D32036CC41DCDE0D0.d.C884BCCE7EBEDB6C8121D5D50DF4F9A3.e.5748"},"setValue",["5/15/25"]]}
RESULT: {"script":"<script> [6424 bytes]","args":[{"element-6066-11e4-a52e-4f735466cecf":"f.3F9ECC6ADE9C5A6D32036CC41DCDE0D0.d.C884BCCE7EBEDB6C8121D5D50DF4F9A3.e.5748"},"setValue",["5/15/25"]]}
COMMAND: POST /session/c486a9816572bc452379bf0d96c97947/element - {"using":"xpath","value":"//button[@data-kt=\"PickingTableConfirmAllButton\"]"}
RESULT: {"using":"xpath","value":"//button[@data-kt=\"PickingTableConfirmAllButton\"]"}
COMMAND: POST /session/c486a9816572bc452379bf0d96c97947/element/f.3F9ECC6ADE9C5A6D32036CC41DCDE0D0.d.C884BCCE7EBEDB6C8121D5D50DF4F9A3.e.5765/click - {}
RESULT: {}
COMMAND: GET /session/c486a9816572bc452379bf0d96c97947/screenshot - {}
RESULT: {}
COMMAND: POST /session/c486a9816572bc452379bf0d96c97947/element - {"using":"xpath","value":"//bdi[contains(text(), \"OK\")]"}
RESULT: {"using":"xpath","value":"//bdi[contains(text(), \"OK\")]"}
COMMAND: POST /session/c486a9816572bc452379bf0d96c97947/element/f.3F9ECC6ADE9C5A6D32036CC41DCDE0D0.d.C884BCCE7EBEDB6C8121D5D50DF4F9A3.e.5767/click - {}
RESULT: {}
COMMAND: GET /session/c486a9816572bc452379bf0d96c97947/screenshot - {}
RESULT: {}
COMMAND: POST /session/c486a9816572bc452379bf0d96c97947/element - {"using":"xpath","value":"(//bdi[contains(text(), \"Receive\")])[2]"}
RESULT: {"using":"xpath","value":"(//bdi[contains(text(), \"Receive\")])[2]"}
COMMAND: POST /session/c486a9816572bc452379bf0d96c97947/element/f.3F9ECC6ADE9C5A6D32036CC41DCDE0D0.d.C884BCCE7EBEDB6C8121D5D50DF4F9A3.e.5769/click - {}
RESULT: {}
COMMAND: GET /session/c486a9816572bc452379bf0d96c97947/screenshot - {}
RESULT: {}
COMMAND: POST /session/c486a9816572bc452379bf0d96c97947/element - {"using":"css selector","value":"#shell-header-logo"}
RESULT: {"using":"css selector","value":"#shell-header-logo"}
COMMAND: POST /session/c486a9816572bc452379bf0d96c97947/element/f.3F9ECC6ADE9C5A6D32036CC41DCDE0D0.d.C884BCCE7EBEDB6C8121D5D50DF4F9A3.e.5150/click - {}
RESULT: {}
COMMAND: GET /session/c486a9816572bc452379bf0d96c97947/screenshot - {}
RESULT: {}
]]></system-out>
    </testcase>
    <testcase classname="chrome.136_0_7103_93.windows.Provide_to_Site_w/_warehouse_management_w_clarification" name="Should create a new contract" time="97.76">
      <system-out><![CDATA[
COMMAND: POST /session/c486a9816572bc452379bf0d96c97947/execute/async - {"script":"<script> [1562 bytes]","args":[{"selector":{"controlType":"sap.m.GenericTile","properties":{"header":"Manage Contracts"}},"wdio_ui5_key":"sapm.GenericTile{\"header\":\"Manage Contracts\"}"}]}
RESULT: {"script":"<script> [1562 bytes]","args":[{"selector":{"controlType":"sap.m.GenericTile","properties":{"header":"Manage Contracts"}},"wdio_ui5_key":"sapm.GenericTile{\"header\":\"Manage Contracts\"}"}]}
RESULT: undefined
COMMAND: POST /session/c486a9816572bc452379bf0d96c97947/element - {"using":"xpath","value":"//*[@id=\"__tile133\"]"}
RESULT: {"using":"xpath","value":"//*[@id=\"__tile133\"]"}
COMMAND: POST /session/c486a9816572bc452379bf0d96c97947/element/f.3F9ECC6ADE9C5A6D32036CC41DCDE0D0.d.C884BCCE7EBEDB6C8121D5D50DF4F9A3.e.4522/click - {}
RESULT: {}
COMMAND: GET /session/c486a9816572bc452379bf0d96c97947/screenshot - {}
RESULT: {}
COMMAND: POST /session/c486a9816572bc452379bf0d96c97947/elements - {"using":"xpath","value":"//span[text()='Error']"}
RESULT: {"using":"xpath","value":"//span[text()='Error']"}
COMMAND: POST /session/c486a9816572bc452379bf0d96c97947/element - {"using":"xpath","value":"//button[@data-kt=\"addButton\"]"}
RESULT: {"using":"xpath","value":"//button[@data-kt=\"addButton\"]"}
COMMAND: POST /session/c486a9816572bc452379bf0d96c97947/elements - {"using":"xpath","value":"//button[@data-kt=\"addButton\"]"}
RESULT: {"using":"xpath","value":"//button[@data-kt=\"addButton\"]"}
COMMAND: POST /session/c486a9816572bc452379bf0d96c97947/elements - {"using":"xpath","value":"//button[@data-kt=\"addButton\"]"}
RESULT: {"using":"xpath","value":"//button[@data-kt=\"addButton\"]"}
COMMAND: POST /session/c486a9816572bc452379bf0d96c97947/elements - {"using":"xpath","value":"//button[@data-kt=\"addButton\"]"}
RESULT: {"using":"xpath","value":"//button[@data-kt=\"addButton\"]"}
COMMAND: POST /session/c486a9816572bc452379bf0d96c97947/elements - {"using":"xpath","value":"//button[@data-kt=\"addButton\"]"}
RESULT: {"using":"xpath","value":"//button[@data-kt=\"addButton\"]"}
COMMAND: POST /session/c486a9816572bc452379bf0d96c97947/elements - {"using":"xpath","value":"//button[@data-kt=\"addButton\"]"}
RESULT: {"using":"xpath","value":"//button[@data-kt=\"addButton\"]"}
COMMAND: POST /session/c486a9816572bc452379bf0d96c97947/elements - {"using":"xpath","value":"//button[@data-kt=\"addButton\"]"}
RESULT: {"using":"xpath","value":"//button[@data-kt=\"addButton\"]"}
COMMAND: POST /session/c486a9816572bc452379bf0d96c97947/elements - {"using":"xpath","value":"//button[@data-kt=\"addButton\"]"}
RESULT: {"using":"xpath","value":"//button[@data-kt=\"addButton\"]"}
COMMAND: POST /session/c486a9816572bc452379bf0d96c97947/elements - {"using":"xpath","value":"//button[@data-kt=\"addButton\"]"}
RESULT: {"using":"xpath","value":"//button[@data-kt=\"addButton\"]"}
COMMAND: POST /session/c486a9816572bc452379bf0d96c97947/elements - {"using":"xpath","value":"//button[@data-kt=\"addButton\"]"}
RESULT: {"using":"xpath","value":"//button[@data-kt=\"addButton\"]"}
COMMAND: POST /session/c486a9816572bc452379bf0d96c97947/elements - {"using":"xpath","value":"//button[@data-kt=\"addButton\"]"}
RESULT: {"using":"xpath","value":"//button[@data-kt=\"addButton\"]"}
COMMAND: POST /session/c486a9816572bc452379bf0d96c97947/elements - {"using":"xpath","value":"//button[@data-kt=\"addButton\"]"}
RESULT: {"using":"xpath","value":"//button[@data-kt=\"addButton\"]"}
COMMAND: POST /session/c486a9816572bc452379bf0d96c97947/elements - {"using":"xpath","value":"//button[@data-kt=\"addButton\"]"}
RESULT: {"using":"xpath","value":"//button[@data-kt=\"addButton\"]"}
COMMAND: POST /session/c486a9816572bc452379bf0d96c97947/elements - {"using":"xpath","value":"//button[@data-kt=\"addButton\"]"}
RESULT: {"using":"xpath","value":"//button[@data-kt=\"addButton\"]"}
COMMAND: POST /session/c486a9816572bc452379bf0d96c97947/elements - {"using":"xpath","value":"//button[@data-kt=\"addButton\"]"}
RESULT: {"using":"xpath","value":"//button[@data-kt=\"addButton\"]"}
COMMAND: POST /session/c486a9816572bc452379bf0d96c97947/elements - {"using":"xpath","value":"//button[@data-kt=\"addButton\"]"}
RESULT: {"using":"xpath","value":"//button[@data-kt=\"addButton\"]"}
COMMAND: POST /session/c486a9816572bc452379bf0d96c97947/elements - {"using":"xpath","value":"//button[@data-kt=\"addButton\"]"}
RESULT: {"using":"xpath","value":"//button[@data-kt=\"addButton\"]"}
COMMAND: POST /session/c486a9816572bc452379bf0d96c97947/elements - {"using":"xpath","value":"//button[@data-kt=\"addButton\"]"}
RESULT: {"using":"xpath","value":"//button[@data-kt=\"addButton\"]"}
COMMAND: POST /session/c486a9816572bc452379bf0d96c97947/elements - {"using":"xpath","value":"//button[@data-kt=\"addButton\"]"}
RESULT: {"using":"xpath","value":"//button[@data-kt=\"addButton\"]"}
COMMAND: POST /session/c486a9816572bc452379bf0d96c97947/elements - {"using":"xpath","value":"//button[@data-kt=\"addButton\"]"}
RESULT: {"using":"xpath","value":"//button[@data-kt=\"addButton\"]"}
COMMAND: POST /session/c486a9816572bc452379bf0d96c97947/elements - {"using":"xpath","value":"//button[@data-kt=\"addButton\"]"}
RESULT: {"using":"xpath","value":"//button[@data-kt=\"addButton\"]"}
COMMAND: POST /session/c486a9816572bc452379bf0d96c97947/elements - {"using":"xpath","value":"//button[@data-kt=\"addButton\"]"}
RESULT: {"using":"xpath","value":"//button[@data-kt=\"addButton\"]"}
COMMAND: POST /session/c486a9816572bc452379bf0d96c97947/elements - {"using":"xpath","value":"//button[@data-kt=\"addButton\"]"}
RESULT: {"using":"xpath","value":"//button[@data-kt=\"addButton\"]"}
COMMAND: POST /session/c486a9816572bc452379bf0d96c97947/elements - {"using":"xpath","value":"//button[@data-kt=\"addButton\"]"}
RESULT: {"using":"xpath","value":"//button[@data-kt=\"addButton\"]"}
COMMAND: POST /session/c486a9816572bc452379bf0d96c97947/elements - {"using":"xpath","value":"//button[@data-kt=\"addButton\"]"}
RESULT: {"using":"xpath","value":"//button[@data-kt=\"addButton\"]"}
COMMAND: POST /session/c486a9816572bc452379bf0d96c97947/elements - {"using":"xpath","value":"//button[@data-kt=\"addButton\"]"}
RESULT: {"using":"xpath","value":"//button[@data-kt=\"addButton\"]"}
COMMAND: POST /session/c486a9816572bc452379bf0d96c97947/elements - {"using":"xpath","value":"//button[@data-kt=\"addButton\"]"}
RESULT: {"using":"xpath","value":"//button[@data-kt=\"addButton\"]"}
COMMAND: POST /session/c486a9816572bc452379bf0d96c97947/elements - {"using":"xpath","value":"//button[@data-kt=\"addButton\"]"}
RESULT: {"using":"xpath","value":"//button[@data-kt=\"addButton\"]"}
COMMAND: POST /session/c486a9816572bc452379bf0d96c97947/elements - {"using":"xpath","value":"//button[@data-kt=\"addButton\"]"}
RESULT: {"using":"xpath","value":"//button[@data-kt=\"addButton\"]"}
COMMAND: POST /session/c486a9816572bc452379bf0d96c97947/elements - {"using":"xpath","value":"//button[@data-kt=\"addButton\"]"}
RESULT: {"using":"xpath","value":"//button[@data-kt=\"addButton\"]"}
COMMAND: POST /session/c486a9816572bc452379bf0d96c97947/elements - {"using":"xpath","value":"//button[@data-kt=\"addButton\"]"}
RESULT: {"using":"xpath","value":"//button[@data-kt=\"addButton\"]"}
COMMAND: POST /session/c486a9816572bc452379bf0d96c97947/elements - {"using":"xpath","value":"//button[@data-kt=\"addButton\"]"}
RESULT: {"using":"xpath","value":"//button[@data-kt=\"addButton\"]"}
COMMAND: POST /session/c486a9816572bc452379bf0d96c97947/elements - {"using":"xpath","value":"//button[@data-kt=\"addButton\"]"}
RESULT: {"using":"xpath","value":"//button[@data-kt=\"addButton\"]"}
COMMAND: POST /session/c486a9816572bc452379bf0d96c97947/elements - {"using":"xpath","value":"//button[@data-kt=\"addButton\"]"}
RESULT: {"using":"xpath","value":"//button[@data-kt=\"addButton\"]"}
COMMAND: POST /session/c486a9816572bc452379bf0d96c97947/elements - {"using":"xpath","value":"//button[@data-kt=\"addButton\"]"}
RESULT: {"using":"xpath","value":"//button[@data-kt=\"addButton\"]"}
COMMAND: POST /session/c486a9816572bc452379bf0d96c97947/elements - {"using":"xpath","value":"//button[@data-kt=\"addButton\"]"}
RESULT: {"using":"xpath","value":"//button[@data-kt=\"addButton\"]"}
COMMAND: POST /session/c486a9816572bc452379bf0d96c97947/elements - {"using":"xpath","value":"//button[@data-kt=\"addButton\"]"}
RESULT: {"using":"xpath","value":"//button[@data-kt=\"addButton\"]"}
COMMAND: POST /session/c486a9816572bc452379bf0d96c97947/elements - {"using":"xpath","value":"//button[@data-kt=\"addButton\"]"}
RESULT: {"using":"xpath","value":"//button[@data-kt=\"addButton\"]"}
COMMAND: POST /session/c486a9816572bc452379bf0d96c97947/elements - {"using":"xpath","value":"//button[@data-kt=\"addButton\"]"}
RESULT: {"using":"xpath","value":"//button[@data-kt=\"addButton\"]"}
COMMAND: POST /session/c486a9816572bc452379bf0d96c97947/elements - {"using":"xpath","value":"//button[@data-kt=\"addButton\"]"}
RESULT: {"using":"xpath","value":"//button[@data-kt=\"addButton\"]"}
COMMAND: POST /session/c486a9816572bc452379bf0d96c97947/elements - {"using":"xpath","value":"//button[@data-kt=\"addButton\"]"}
RESULT: {"using":"xpath","value":"//button[@data-kt=\"addButton\"]"}
COMMAND: POST /session/c486a9816572bc452379bf0d96c97947/elements - {"using":"xpath","value":"//button[@data-kt=\"addButton\"]"}
RESULT: {"using":"xpath","value":"//button[@data-kt=\"addButton\"]"}
COMMAND: POST /session/c486a9816572bc452379bf0d96c97947/elements - {"using":"xpath","value":"//button[@data-kt=\"addButton\"]"}
RESULT: {"using":"xpath","value":"//button[@data-kt=\"addButton\"]"}
COMMAND: POST /session/c486a9816572bc452379bf0d96c97947/elements - {"using":"xpath","value":"//button[@data-kt=\"addButton\"]"}
RESULT: {"using":"xpath","value":"//button[@data-kt=\"addButton\"]"}
COMMAND: POST /session/c486a9816572bc452379bf0d96c97947/elements - {"using":"xpath","value":"//button[@data-kt=\"addButton\"]"}
RESULT: {"using":"xpath","value":"//button[@data-kt=\"addButton\"]"}
COMMAND: POST /session/c486a9816572bc452379bf0d96c97947/elements - {"using":"xpath","value":"//button[@data-kt=\"addButton\"]"}
RESULT: {"using":"xpath","value":"//button[@data-kt=\"addButton\"]"}
COMMAND: POST /session/c486a9816572bc452379bf0d96c97947/elements - {"using":"xpath","value":"//button[@data-kt=\"addButton\"]"}
RESULT: {"using":"xpath","value":"//button[@data-kt=\"addButton\"]"}
COMMAND: POST /session/c486a9816572bc452379bf0d96c97947/elements - {"using":"xpath","value":"//button[@data-kt=\"addButton\"]"}
RESULT: {"using":"xpath","value":"//button[@data-kt=\"addButton\"]"}
COMMAND: POST /session/c486a9816572bc452379bf0d96c97947/element - {"using":"xpath","value":"//button[@data-kt=\"addButton\"]"}
RESULT: {"using":"xpath","value":"//button[@data-kt=\"addButton\"]"}
COMMAND: POST /session/c486a9816572bc452379bf0d96c97947/execute/sync - {"script":"<script> [8489 bytes]","args":[{"element-6066-11e4-a52e-4f735466cecf":"f.3F9ECC6ADE9C5A6D32036CC41DCDE0D0.d.C884BCCE7EBEDB6C8121D5D50DF4F9A3.e.5983","ELEMENT":"f.3F9ECC6ADE9C5A6D32036CC41DCDE0D0.d.C884BCCE7EBEDB6C8121D5D50DF4F9A3.e.5983"}]}
RESULT: {"script":"<script> [8489 bytes]","args":[{"element-6066-11e4-a52e-4f735466cecf":"f.3F9ECC6ADE9C5A6D32036CC41DCDE0D0.d.C884BCCE7EBEDB6C8121D5D50DF4F9A3.e.5983","ELEMENT":"f.3F9ECC6ADE9C5A6D32036CC41DCDE0D0.d.C884BCCE7EBEDB6C8121D5D50DF4F9A3.e.5983"}]}
COMMAND: GET /session/c486a9816572bc452379bf0d96c97947/element/f.3F9ECC6ADE9C5A6D32036CC41DCDE0D0.d.C884BCCE7EBEDB6C8121D5D50DF4F9A3.e.5983/enabled - {}
COMMAND: GET /session/c486a9816572bc452379bf0d96c97947/screenshot - {}
RESULT: {}
COMMAND: POST /session/c486a9816572bc452379bf0d96c97947/execute/sync - {"script":"<script> [8489 bytes]","args":[{"element-6066-11e4-a52e-4f735466cecf":"f.3F9ECC6ADE9C5A6D32036CC41DCDE0D0.d.C884BCCE7EBEDB6C8121D5D50DF4F9A3.e.5983","ELEMENT":"f.3F9ECC6ADE9C5A6D32036CC41DCDE0D0.d.C884BCCE7EBEDB6C8121D5D50DF4F9A3.e.5983"}]}
COMMAND: GET /session/c486a9816572bc452379bf0d96c97947/screenshot - {}
RESULT: {}
RESULT: {"script":"<script> [8489 bytes]","args":[{"element-6066-11e4-a52e-4f735466cecf":"f.3F9ECC6ADE9C5A6D32036CC41DCDE0D0.d.C884BCCE7EBEDB6C8121D5D50DF4F9A3.e.5983","ELEMENT":"f.3F9ECC6ADE9C5A6D32036CC41DCDE0D0.d.C884BCCE7EBEDB6C8121D5D50DF4F9A3.e.5983"}]}
COMMAND: POST /session/c486a9816572bc452379bf0d96c97947/execute/sync - {"script":"<script> [5351 bytes]","args":[{"element-6066-11e4-a52e-4f735466cecf":"f.3F9ECC6ADE9C5A6D32036CC41DCDE0D0.d.C884BCCE7EBEDB6C8121D5D50DF4F9A3.e.5983","ELEMENT":"f.3F9ECC6ADE9C5A6D32036CC41DCDE0D0.d.C884BCCE7EBEDB6C8121D5D50DF4F9A3.e.5983"}]}
COMMAND: GET /session/c486a9816572bc452379bf0d96c97947/screenshot - {}
RESULT: {}
RESULT: {"script":"<script> [5351 bytes]","args":[{"element-6066-11e4-a52e-4f735466cecf":"f.3F9ECC6ADE9C5A6D32036CC41DCDE0D0.d.C884BCCE7EBEDB6C8121D5D50DF4F9A3.e.5983","ELEMENT":"f.3F9ECC6ADE9C5A6D32036CC41DCDE0D0.d.C884BCCE7EBEDB6C8121D5D50DF4F9A3.e.5983"}]}
COMMAND: GET /session/c486a9816572bc452379bf0d96c97947/screenshot - {}
RESULT: {}
RESULT: {}
COMMAND: POST /session/c486a9816572bc452379bf0d96c97947/element/f.3F9ECC6ADE9C5A6D32036CC41DCDE0D0.d.C884BCCE7EBEDB6C8121D5D50DF4F9A3.e.5983/click - {}
RESULT: {}
COMMAND: GET /session/c486a9816572bc452379bf0d96c97947/screenshot - {}
COMMAND: POST /session/c486a9816572bc452379bf0d96c97947/execute/async - {"script":"<script> [1562 bytes]","args":[{"selector":{"id":"application-managecontracts-display-component---AddNewContract--projectDescription","interaction":{"idSuffix":"inner"}},"wdio_ui5_key":"applicationmanagecontracts-display-component---AddNewContract--projectDescription"}]}
RESULT: {}
RESULT: {"script":"<script> [1562 bytes]","args":[{"selector":{"id":"application-managecontracts-display-component---AddNewContract--projectDescription","interaction":{"idSuffix":"inner"}},"wdio_ui5_key":"applicationmanagecontracts-display-component---AddNewContract--projectDescription"}]}
RESULT: undefined
COMMAND: POST /session/c486a9816572bc452379bf0d96c97947/execute/async - {"script":"<script> [776 bytes]","args":[{"enterText":"Contract WDIO","selector":{"id":"application-managecontracts-display-component---AddNewContract--projectDescription","interaction":{"idSuffix":"inner"}},"clearTextFirst":true,"interactionType":"ENTER_TEXT"}]}
RESULT: {"script":"<script> [776 bytes]","args":[{"enterText":"Contract WDIO","selector":{"id":"application-managecontracts-display-component---AddNewContract--projectDescription","interaction":{"idSuffix":"inner"}},"clearTextFirst":true,"interactionType":"ENTER_TEXT"}]}
COMMAND: POST /session/c486a9816572bc452379bf0d96c97947/element - {"using":"xpath","value":"//input[@id=\"application-managecontracts-display-component---AddNewContract--site-inner\"]"}
RESULT: {"using":"xpath","value":"//input[@id=\"application-managecontracts-display-component---AddNewContract--site-inner\"]"}
COMMAND: POST /session/c486a9816572bc452379bf0d96c97947/element/f.3F9ECC6ADE9C5A6D32036CC41DCDE0D0.d.C884BCCE7EBEDB6C8121D5D50DF4F9A3.e.6467/clear - {}
RESULT: {}
COMMAND: POST /session/c486a9816572bc452379bf0d96c97947/element/f.3F9ECC6ADE9C5A6D32036CC41DCDE0D0.d.C884BCCE7EBEDB6C8121D5D50DF4F9A3.e.6467/value - {"text":"2159"}
COMMAND: GET /session/c486a9816572bc452379bf0d96c97947/screenshot - {}
RESULT: {"text":"2159"}
COMMAND: GET /session/c486a9816572bc452379bf0d96c97947/screenshot - {}
RESULT: {}
RESULT: {}
COMMAND: POST /session/c486a9816572bc452379bf0d96c97947/element - {"using":"xpath","value":"//li[.//span[text()='2159']]"}
RESULT: {"using":"xpath","value":"//li[.//span[text()='2159']]"}
COMMAND: POST /session/c486a9816572bc452379bf0d96c97947/element/f.3F9ECC6ADE9C5A6D32036CC41DCDE0D0.d.C884BCCE7EBEDB6C8121D5D50DF4F9A3.e.6501/click - {}
RESULT: {}
COMMAND: GET /session/c486a9816572bc452379bf0d96c97947/screenshot - {}
RESULT: {}
COMMAND: POST /session/c486a9816572bc452379bf0d96c97947/element - {"using":"xpath","value":"//input[@id=\"application-managecontracts-display-component---AddNewContract--yardId-inner\"]"}
RESULT: {"using":"xpath","value":"//input[@id=\"application-managecontracts-display-component---AddNewContract--yardId-inner\"]"}
COMMAND: GET /session/c486a9816572bc452379bf0d96c97947/element/f.3F9ECC6ADE9C5A6D32036CC41DCDE0D0.d.C884BCCE7EBEDB6C8121D5D50DF4F9A3.e.6468/property/value - {}
RESULT: {}
COMMAND: POST /session/c486a9816572bc452379bf0d96c97947/element - {"using":"xpath","value":"//input[@id=\"application-managecontracts-display-component---AddNewContract--customerSelect-inner\"]"}
COMMAND: GET /session/c486a9816572bc452379bf0d96c97947/screenshot - {}
RESULT: {"using":"xpath","value":"//input[@id=\"application-managecontracts-display-component---AddNewContract--customerSelect-inner\"]"}
COMMAND: POST /session/c486a9816572bc452379bf0d96c97947/element/f.3F9ECC6ADE9C5A6D32036CC41DCDE0D0.d.C884BCCE7EBEDB6C8121D5D50DF4F9A3.e.6466/clear - {}
RESULT: {}
RESULT: {}
COMMAND: POST /session/c486a9816572bc452379bf0d96c97947/element/f.3F9ECC6ADE9C5A6D32036CC41DCDE0D0.d.C884BCCE7EBEDB6C8121D5D50DF4F9A3.e.6466/value - {"text":"1196"}
COMMAND: GET /session/c486a9816572bc452379bf0d96c97947/screenshot - {}
RESULT: {"text":"1196"}
COMMAND: GET /session/c486a9816572bc452379bf0d96c97947/screenshot - {}
RESULT: {}
RESULT: {}
COMMAND: POST /session/c486a9816572bc452379bf0d96c97947/element - {"using":"xpath","value":"//li[.//span[text()='1196']]"}
RESULT: {"using":"xpath","value":"//li[.//span[text()='1196']]"}
COMMAND: POST /session/c486a9816572bc452379bf0d96c97947/element/f.3F9ECC6ADE9C5A6D32036CC41DCDE0D0.d.C884BCCE7EBEDB6C8121D5D50DF4F9A3.e.6504/click - {}
RESULT: {}
COMMAND: GET /session/c486a9816572bc452379bf0d96c97947/screenshot - {}
RESULT: {}
COMMAND: POST /session/c486a9816572bc452379bf0d96c97947/element - {"using":"xpath","value":"//button[@data-kt=\"saveButton\"]"}
RESULT: {"using":"xpath","value":"//button[@data-kt=\"saveButton\"]"}
COMMAND: POST /session/c486a9816572bc452379bf0d96c97947/element/f.3F9ECC6ADE9C5A6D32036CC41DCDE0D0.d.C884BCCE7EBEDB6C8121D5D50DF4F9A3.e.6505/click - {}
RESULT: {}
COMMAND: GET /session/c486a9816572bc452379bf0d96c97947/screenshot - {}
RESULT: {}
COMMAND: POST /session/c486a9816572bc452379bf0d96c97947/element - {"using":"xpath","value":"//span[contains(@id ,\"contractDetailTitleNoExpanded\")]"}
RESULT: {"using":"xpath","value":"//span[contains(@id ,\"contractDetailTitleNoExpanded\")]"}
COMMAND: POST /session/c486a9816572bc452379bf0d96c97947/elements - {"using":"xpath","value":"//span[contains(@id ,\"contractDetailTitleNoExpanded\")]"}
RESULT: {"using":"xpath","value":"//span[contains(@id ,\"contractDetailTitleNoExpanded\")]"}
COMMAND: POST /session/c486a9816572bc452379bf0d96c97947/execute/sync - {"script":"<script> [56 bytes]","args":[{"element-6066-11e4-a52e-4f735466cecf":"f.3F9ECC6ADE9C5A6D32036CC41DCDE0D0.d.C884BCCE7EBEDB6C8121D5D50DF4F9A3.e.6519","ELEMENT":"f.3F9ECC6ADE9C5A6D32036CC41DCDE0D0.d.C884BCCE7EBEDB6C8121D5D50DF4F9A3.e.6519"}]}
RESULT: {"script":"<script> [56 bytes]","args":[{"element-6066-11e4-a52e-4f735466cecf":"f.3F9ECC6ADE9C5A6D32036CC41DCDE0D0.d.C884BCCE7EBEDB6C8121D5D50DF4F9A3.e.6519","ELEMENT":"f.3F9ECC6ADE9C5A6D32036CC41DCDE0D0.d.C884BCCE7EBEDB6C8121D5D50DF4F9A3.e.6519"}]}
COMMAND: GET /session/c486a9816572bc452379bf0d96c97947/screenshot - {}
RESULT: {}
]]></system-out>
    </testcase>
    <testcase classname="chrome.136_0_7103_93.windows.Provide_to_Site_w/_warehouse_management_w_clarification" name="Should add equipment to the contract" time="57.573">
      <system-out><![CDATA[
COMMAND: POST /session/c486a9816572bc452379bf0d96c97947/element - {"using":"xpath","value":"//button[@data-kt=\"contractDetailEditBtnButton\"]"}
RESULT: {"using":"xpath","value":"//button[@data-kt=\"contractDetailEditBtnButton\"]"}
COMMAND: POST /session/c486a9816572bc452379bf0d96c97947/element/f.3F9ECC6ADE9C5A6D32036CC41DCDE0D0.d.C884BCCE7EBEDB6C8121D5D50DF4F9A3.e.6521/click - {}
RESULT: {}
COMMAND: GET /session/c486a9816572bc452379bf0d96c97947/screenshot - {}
RESULT: {}
COMMAND: POST /session/c486a9816572bc452379bf0d96c97947/element - {"using":"xpath","value":"(//span[contains(text(), \"Additional Addresses\")])[2]"}
RESULT: {"using":"xpath","value":"(//span[contains(text(), \"Additional Addresses\")])[2]"}
COMMAND: POST /session/c486a9816572bc452379bf0d96c97947/element/f.3F9ECC6ADE9C5A6D32036CC41DCDE0D0.d.C884BCCE7EBEDB6C8121D5D50DF4F9A3.e.6578/click - {}
RESULT: {}
COMMAND: GET /session/c486a9816572bc452379bf0d96c97947/screenshot - {}
RESULT: {}
COMMAND: POST /session/c486a9816572bc452379bf0d96c97947/element - {"using":"xpath","value":"//button[@data-kt=\"btnAddTableRowOverflowToolbarButton\"]"}
RESULT: {"using":"xpath","value":"//button[@data-kt=\"btnAddTableRowOverflowToolbarButton\"]"}
COMMAND: POST /session/c486a9816572bc452379bf0d96c97947/element/f.3F9ECC6ADE9C5A6D32036CC41DCDE0D0.d.C884BCCE7EBEDB6C8121D5D50DF4F9A3.e.6581/click - {}
RESULT: {}
COMMAND: GET /session/c486a9816572bc452379bf0d96c97947/screenshot - {}
RESULT: {}
COMMAND: POST /session/c486a9816572bc452379bf0d96c97947/element - {"using":"xpath","value":"//div[(text() = 'Standard Entry' or . = 'Standard Entry')]"}
RESULT: {"using":"xpath","value":"//div[(text() = 'Standard Entry' or . = 'Standard Entry')]"}
COMMAND: POST /session/c486a9816572bc452379bf0d96c97947/element/f.3F9ECC6ADE9C5A6D32036CC41DCDE0D0.d.C884BCCE7EBEDB6C8121D5D50DF4F9A3.e.6583/click - {}
RESULT: {}
COMMAND: GET /session/c486a9816572bc452379bf0d96c97947/screenshot - {}
RESULT: {}
COMMAND: POST /session/c486a9816572bc452379bf0d96c97947/element - {"using":"xpath","value":"//td[6]/div/div/div/span"}
RESULT: {"using":"xpath","value":"//td[6]/div/div/div/span"}
COMMAND: POST /session/c486a9816572bc452379bf0d96c97947/element/f.3F9ECC6ADE9C5A6D32036CC41DCDE0D0.d.C884BCCE7EBEDB6C8121D5D50DF4F9A3.e.6595/click - {}
RESULT: {}
COMMAND: GET /session/c486a9816572bc452379bf0d96c97947/screenshot - {}
RESULT: {}
COMMAND: POST /session/c486a9816572bc452379bf0d96c97947/element - {"using":"xpath","value":"(//span[contains(text(), \"Material\")])"}
RESULT: {"using":"xpath","value":"(//span[contains(text(), \"Material\")])"}
COMMAND: POST /session/c486a9816572bc452379bf0d96c97947/element/f.3F9ECC6ADE9C5A6D32036CC41DCDE0D0.d.C884BCCE7EBEDB6C8121D5D50DF4F9A3.e.6596/click - {}
RESULT: {}
COMMAND: GET /session/c486a9816572bc452379bf0d96c97947/screenshot - {}
RESULT: {}
COMMAND: POST /session/c486a9816572bc452379bf0d96c97947/element - {"using":"xpath","value":"//td[7]/div/div/input"}
RESULT: {"using":"xpath","value":"//td[7]/div/div/input"}
COMMAND: POST /session/c486a9816572bc452379bf0d96c97947/element/f.3F9ECC6ADE9C5A6D32036CC41DCDE0D0.d.C884BCCE7EBEDB6C8121D5D50DF4F9A3.e.6600/clear - {}
RESULT: {}
COMMAND: POST /session/c486a9816572bc452379bf0d96c97947/element/f.3F9ECC6ADE9C5A6D32036CC41DCDE0D0.d.C884BCCE7EBEDB6C8121D5D50DF4F9A3.e.6600/value - {"text":"200163"}
COMMAND: GET /session/c486a9816572bc452379bf0d96c97947/screenshot - {}
RESULT: {"text":"200163"}
COMMAND: GET /session/c486a9816572bc452379bf0d96c97947/screenshot - {}
RESULT: {}
RESULT: {}
COMMAND: POST /session/c486a9816572bc452379bf0d96c97947/actions - {"actions":[{"id":"action23","type":"key","parameters":{},"actions":[{"type":"keyDown","value":"î€‡"},{"type":"pause","duration":10},{"type":"keyUp","value":"î€‡"}]}]}
RESULT: {"actions":[{"id":"action23","type":"key","parameters":{},"actions":[{"type":"keyDown","value":"î€‡"},{"type":"pause","duration":10},{"type":"keyUp","value":"î€‡"}]}]}
COMMAND: GET /session/c486a9816572bc452379bf0d96c97947/screenshot - {}
RESULT: {}
COMMAND: POST /session/c486a9816572bc452379bf0d96c97947/execute/sync - {"script":"<script> [276 bytes]","args":["No pricing information was found"]}
RESULT: {"script":"<script> [276 bytes]","args":["No pricing information was found"]}
COMMAND: POST /session/c486a9816572bc452379bf0d96c97947/element - {"using":"xpath","value":"//bdi[contains(text(), \"OK\")]"}
COMMAND: GET /session/c486a9816572bc452379bf0d96c97947/screenshot - {}
RESULT: {"using":"xpath","value":"//bdi[contains(text(), \"OK\")]"}
COMMAND: POST /session/c486a9816572bc452379bf0d96c97947/element/f.3F9ECC6ADE9C5A6D32036CC41DCDE0D0.d.C884BCCE7EBEDB6C8121D5D50DF4F9A3.e.6626/click - {}
RESULT: {}
RESULT: {}
COMMAND: GET /session/c486a9816572bc452379bf0d96c97947/screenshot - {}
RESULT: {}
COMMAND: POST /session/c486a9816572bc452379bf0d96c97947/element - {"using":"xpath","value":"(//button[@data-kt=\"saveButton\"])[2]"}
RESULT: {"using":"xpath","value":"(//button[@data-kt=\"saveButton\"])[2]"}
COMMAND: POST /session/c486a9816572bc452379bf0d96c97947/element/f.3F9ECC6ADE9C5A6D32036CC41DCDE0D0.d.C884BCCE7EBEDB6C8121D5D50DF4F9A3.e.6627/click - {}
RESULT: {}
COMMAND: GET /session/c486a9816572bc452379bf0d96c97947/screenshot - {}
RESULT: {}
COMMAND: POST /session/c486a9816572bc452379bf0d96c97947/execute/sync - {"script":"<script> [276 bytes]","args":["Some contract items are having rental validity exceeding header rental validity"]}
RESULT: {"script":"<script> [276 bytes]","args":["Some contract items are having rental validity exceeding header rental validity"]}
COMMAND: GET /session/c486a9816572bc452379bf0d96c97947/screenshot - {}
RESULT: {}
COMMAND: POST /session/c486a9816572bc452379bf0d96c97947/element - {"using":"xpath","value":"//span[contains(@id ,\"contractItemsSmartTable-header-inner\")]"}
RESULT: {"using":"xpath","value":"//span[contains(@id ,\"contractItemsSmartTable-header-inner\")]"}
COMMAND: POST /session/c486a9816572bc452379bf0d96c97947/elements - {"using":"xpath","value":"//span[contains(@id ,\"contractItemsSmartTable-header-inner\")]"}
RESULT: {"using":"xpath","value":"//span[contains(@id ,\"contractItemsSmartTable-header-inner\")]"}
COMMAND: POST /session/c486a9816572bc452379bf0d96c97947/execute/sync - {"script":"<script> [56 bytes]","args":[{"element-6066-11e4-a52e-4f735466cecf":"f.3F9ECC6ADE9C5A6D32036CC41DCDE0D0.d.C884BCCE7EBEDB6C8121D5D50DF4F9A3.e.6631","ELEMENT":"f.3F9ECC6ADE9C5A6D32036CC41DCDE0D0.d.C884BCCE7EBEDB6C8121D5D50DF4F9A3.e.6631"}]}
RESULT: {"script":"<script> [56 bytes]","args":[{"element-6066-11e4-a52e-4f735466cecf":"f.3F9ECC6ADE9C5A6D32036CC41DCDE0D0.d.C884BCCE7EBEDB6C8121D5D50DF4F9A3.e.6631","ELEMENT":"f.3F9ECC6ADE9C5A6D32036CC41DCDE0D0.d.C884BCCE7EBEDB6C8121D5D50DF4F9A3.e.6631"}]}
]]></system-out>
    </testcase>
    <testcase classname="chrome.136_0_7103_93.windows.Provide_to_Site_w/_warehouse_management_w_clarification" name="Should provide to site" time="51.319">
      <system-out><![CDATA[
COMMAND: POST /session/c486a9816572bc452379bf0d96c97947/element - {"using":"xpath","value":"//button[@data-kt=\"provideButton\"]"}
COMMAND: GET /session/c486a9816572bc452379bf0d96c97947/screenshot - {}
RESULT: {}
RESULT: {"using":"xpath","value":"//button[@data-kt=\"provideButton\"]"}
COMMAND: POST /session/c486a9816572bc452379bf0d96c97947/element/f.3F9ECC6ADE9C5A6D32036CC41DCDE0D0.d.C884BCCE7EBEDB6C8121D5D50DF4F9A3.e.6632/click - {}
RESULT: {}
COMMAND: GET /session/c486a9816572bc452379bf0d96c97947/screenshot - {}
RESULT: undefined
COMMAND: POST /session/c486a9816572bc452379bf0d96c97947/execute/async - {"script":"<script> [6424 bytes]","args":[{"element-6066-11e4-a52e-4f735466cecf":"f.3F9ECC6ADE9C5A6D32036CC41DCDE0D0.d.C884BCCE7EBEDB6C8121D5D50DF4F9A3.e.5541"},"setValue",["05/15/25"]]}
RESULT: {}
COMMAND: POST /session/c486a9816572bc452379bf0d96c97947/execute/async - {"script":"<script> [1562 bytes]","args":[{"selector":{"id":"application-managehandovers-display-component---AddNewHO--dueDate","interaction":{"idSuffix":"inner"}},"wdio_ui5_key":"applicationmanagehandovers-display-component---AddNewHO--dueDate"}]}
RESULT: {"script":"<script> [1562 bytes]","args":[{"selector":{"id":"application-managehandovers-display-component---AddNewHO--dueDate","interaction":{"idSuffix":"inner"}},"wdio_ui5_key":"applicationmanagehandovers-display-component---AddNewHO--dueDate"}]}
COMMAND: POST /session/c486a9816572bc452379bf0d96c97947/execute/async - {"script":"<script> [6424 bytes]","args":[{"element-6066-11e4-a52e-4f735466cecf":"f.3F9ECC6ADE9C5A6D32036CC41DCDE0D0.d.C884BCCE7EBEDB6C8121D5D50DF4F9A3.e.6708"},"setValue",["05/15/25"]]}
RESULT: {"script":"<script> [6424 bytes]","args":[{"element-6066-11e4-a52e-4f735466cecf":"f.3F9ECC6ADE9C5A6D32036CC41DCDE0D0.d.C884BCCE7EBEDB6C8121D5D50DF4F9A3.e.6708"},"setValue",["05/15/25"]]}
COMMAND: POST /session/c486a9816572bc452379bf0d96c97947/element - {"using":"xpath","value":"//bdi[contains(text(), \"Instructions\")]"}
RESULT: {"using":"xpath","value":"//bdi[contains(text(), \"Instructions\")]"}
COMMAND: POST /session/c486a9816572bc452379bf0d96c97947/element/f.3F9ECC6ADE9C5A6D32036CC41DCDE0D0.d.C884BCCE7EBEDB6C8121D5D50DF4F9A3.e.6948/click - {}
RESULT: {}
COMMAND: GET /session/c486a9816572bc452379bf0d96c97947/screenshot - {}
RESULT: {}
COMMAND: POST /session/c486a9816572bc452379bf0d96c97947/element - {"using":"xpath","value":"//button[@data-kt=\"AddNewHOProvideAddItemsButton\"]"}
RESULT: {"using":"xpath","value":"//button[@data-kt=\"AddNewHOProvideAddItemsButton\"]"}
COMMAND: POST /session/c486a9816572bc452379bf0d96c97947/element/f.3F9ECC6ADE9C5A6D32036CC41DCDE0D0.d.C884BCCE7EBEDB6C8121D5D50DF4F9A3.e.6952/click - {}
RESULT: {}
COMMAND: GET /session/c486a9816572bc452379bf0d96c97947/screenshot - {}
RESULT: undefined
COMMAND: POST /session/c486a9816572bc452379bf0d96c97947/element - {"using":"xpath","value":"//*[@id=\"application-managehandovers-display-component---AddNewHO--popup-sa\"]"}
RESULT: {}
RESULT: {"using":"xpath","value":"//*[@id=\"application-managehandovers-display-component---AddNewHO--popup-sa\"]"}
COMMAND: POST /session/c486a9816572bc452379bf0d96c97947/element/f.3F9ECC6ADE9C5A6D32036CC41DCDE0D0.d.C884BCCE7EBEDB6C8121D5D50DF4F9A3.e.6968/click - {}
RESULT: {}
COMMAND: GET /session/c486a9816572bc452379bf0d96c97947/screenshot - {}
RESULT: {}
COMMAND: POST /session/c486a9816572bc452379bf0d96c97947/element - {"using":"xpath","value":"//*[contains(@id ,\"BDI-content\")][contains(text(), \"Select\")]"}
RESULT: {"using":"xpath","value":"//*[contains(@id ,\"BDI-content\")][contains(text(), \"Select\")]"}
COMMAND: POST /session/c486a9816572bc452379bf0d96c97947/element/f.3F9ECC6ADE9C5A6D32036CC41DCDE0D0.d.C884BCCE7EBEDB6C8121D5D50DF4F9A3.e.6969/click - {}
RESULT: {}
COMMAND: GET /session/c486a9816572bc452379bf0d96c97947/screenshot - {}
RESULT: {}
COMMAND: POST /session/c486a9816572bc452379bf0d96c97947/element - {"using":"xpath","value":"//bdi[(text() = 'Save' or . = 'Save')]"}
RESULT: {"using":"xpath","value":"//bdi[(text() = 'Save' or . = 'Save')]"}
COMMAND: POST /session/c486a9816572bc452379bf0d96c97947/element/f.3F9ECC6ADE9C5A6D32036CC41DCDE0D0.d.C884BCCE7EBEDB6C8121D5D50DF4F9A3.e.6972/click - {}
RESULT: {}
COMMAND: GET /session/c486a9816572bc452379bf0d96c97947/screenshot - {}
RESULT: {}
]]></system-out>
    </testcase>
    <testcase classname="chrome.136_0_7103_93.windows.Provide_to_Site_w/_warehouse_management_w_clarification" name="Should test for Handover Execution" time="157.112">
      <system-out><![CDATA[
COMMAND: POST /session/c486a9816572bc452379bf0d96c97947/execute/async - {"script":"<script> [1562 bytes]","args":[{"selector":{"controlType":"sap.m.Link","viewName":"etm.portal.ui.managehandovers.view.DetailExecuteHO","bindingPath":{"path":"","propertyPath":"/wmDoc","modelName":"warehouseMovModel"}},"wdio_ui5_key":"etmportal.ui.managehandovers.view.DetailExecuteHOsap.m.Link{\"path\":\"\",\"propertyPath\":\"/wmDoc\",\"modelName\":\"warehouseMovModel\"}"}]}
RESULT: {"script":"<script> [1562 bytes]","args":[{"selector":{"controlType":"sap.m.Link","viewName":"etm.portal.ui.managehandovers.view.DetailExecuteHO","bindingPath":{"path":"","propertyPath":"/wmDoc","modelName":"warehouseMovModel"}},"wdio_ui5_key":"etmportal.ui.managehandovers.view.DetailExecuteHOsap.m.Link{\"path\":\"\",\"propertyPath\":\"/wmDoc\",\"modelName\":\"warehouseMovModel\"}"}]}
RESULT: undefined
COMMAND: POST /session/c486a9816572bc452379bf0d96c97947/element - {"using":"xpath","value":"//*[@id=\"__link81\"]"}
RESULT: {"using":"xpath","value":"//*[@id=\"__link81\"]"}
COMMAND: POST /session/c486a9816572bc452379bf0d96c97947/element/f.3F9ECC6ADE9C5A6D32036CC41DCDE0D0.d.C884BCCE7EBEDB6C8121D5D50DF4F9A3.e.7004/click - {}
RESULT: {}
COMMAND: GET /session/c486a9816572bc452379bf0d96c97947/screenshot - {}
RESULT: {}
COMMAND: POST /session/c486a9816572bc452379bf0d96c97947/execute/async - {"script":"<script> [1562 bytes]","args":[{"selector":{"controlType":"sap.m.Link","viewName":"etm.portal.ui.managehandovers.view.DetailExecuteHO","properties":{"text":"Warehouse Overview"},"searchOpenDialogs":true},"wdio_ui5_key":"etmportal.ui.managehandovers.view.DetailExecuteHOsap.m.Link{\"text\":\"Warehouse Overview\"}"}]}
RESULT: {"script":"<script> [1562 bytes]","args":[{"selector":{"controlType":"sap.m.Link","viewName":"etm.portal.ui.managehandovers.view.DetailExecuteHO","properties":{"text":"Warehouse Overview"},"searchOpenDialogs":true},"wdio_ui5_key":"etmportal.ui.managehandovers.view.DetailExecuteHOsap.m.Link{\"text\":\"Warehouse Overview\"}"}]}
RESULT: undefined
COMMAND: POST /session/c486a9816572bc452379bf0d96c97947/element - {"using":"xpath","value":"//*[@id=\"__link96\"]"}
RESULT: {"using":"xpath","value":"//*[@id=\"__link96\"]"}
COMMAND: POST /session/c486a9816572bc452379bf0d96c97947/element/f.3F9ECC6ADE9C5A6D32036CC41DCDE0D0.d.C884BCCE7EBEDB6C8121D5D50DF4F9A3.e.7008/click - {}
RESULT: {}
COMMAND: GET /session/c486a9816572bc452379bf0d96c97947/screenshot - {}
RESULT: {}
COMMAND: POST /session/c486a9816572bc452379bf0d96c97947/execute/async - {"script":"<script> [1562 bytes]","args":[{"selector":{"controlType":"sap.m.Button","viewName":"etm.portal.ui.warehousemovements.view.DisplayMovement","viewId":"application-warehousemovements-display-component---displayMovement","i18NText":{"propertyName":"text","key":"execution"},"interaction":{"idSuffix":"BDI-content"}},"wdio_ui5_key":"etmportal.ui.warehousemovements.view.DisplayMovementsap.m.Button{\"propertyName\":\"text\",\"key\":\"execution\"}"}]}
RESULT: {"script":"<script> [1562 bytes]","args":[{"selector":{"controlType":"sap.m.Button","viewName":"etm.portal.ui.warehousemovements.view.DisplayMovement","viewId":"application-warehousemovements-display-component---displayMovement","i18NText":{"propertyName":"text","key":"execution"},"interaction":{"idSuffix":"BDI-content"}},"wdio_ui5_key":"etmportal.ui.warehousemovements.view.DisplayMovementsap.m.Button{\"propertyName\":\"text\",\"key\":\"execution\"}"}]}
RESULT: undefined
COMMAND: POST /session/c486a9816572bc452379bf0d96c97947/element - {"using":"xpath","value":"//*[@id=\"__button219\"]"}
RESULT: {"using":"xpath","value":"//*[@id=\"__button219\"]"}
COMMAND: POST /session/c486a9816572bc452379bf0d96c97947/element/f.3F9ECC6ADE9C5A6D32036CC41DCDE0D0.d.C884BCCE7EBEDB6C8121D5D50DF4F9A3.e.7187/click - {}
RESULT: {}
COMMAND: GET /session/c486a9816572bc452379bf0d96c97947/screenshot - {}
RESULT: {}
COMMAND: POST /session/c486a9816572bc452379bf0d96c97947/execute/async - {"script":"<script> [1562 bytes]","args":[{"selector":{"controlType":"sap.m.Button","viewName":"etm.portal.ui.warehousemovements.view.ExecuteMovement","viewId":"application-warehousemovements-display-component---executeMovement","properties":{"text":"Items"},"interaction":{"idSuffix":"BDI-content"}},"wdio_ui5_key":"etmportal.ui.warehousemovements.view.ExecuteMovementsap.m.Button{\"text\":\"Items\"}"}]}
RESULT: {"script":"<script> [1562 bytes]","args":[{"selector":{"controlType":"sap.m.Button","viewName":"etm.portal.ui.warehousemovements.view.ExecuteMovement","viewId":"application-warehousemovements-display-component---executeMovement","properties":{"text":"Items"},"interaction":{"idSuffix":"BDI-content"}},"wdio_ui5_key":"etmportal.ui.warehousemovements.view.ExecuteMovementsap.m.Button{\"text\":\"Items\"}"}]}
RESULT: undefined
COMMAND: POST /session/c486a9816572bc452379bf0d96c97947/element - {"using":"xpath","value":"//*[@id=\"__layout353-anchBar-application-warehousemovements-display-component---executeMovement--itemsSection-anchor\"]"}
RESULT: {"using":"xpath","value":"//*[@id=\"__layout353-anchBar-application-warehousemovements-display-component---executeMovement--itemsSection-anchor\"]"}
COMMAND: POST /session/c486a9816572bc452379bf0d96c97947/element/f.3F9ECC6ADE9C5A6D32036CC41DCDE0D0.d.C884BCCE7EBEDB6C8121D5D50DF4F9A3.e.7282/click - {}
RESULT: {}
COMMAND: GET /session/c486a9816572bc452379bf0d96c97947/screenshot - {}
RESULT: {}
COMMAND: POST /session/c486a9816572bc452379bf0d96c97947/execute/async - {"script":"<script> [1562 bytes]","args":[{"selector":{"controlType":"sap.m.ToggleButton","viewName":"etm.portal.ui.warehousemovements.view.ExecuteMovement","viewId":"application-warehousemovements-display-component---executeMovement","bindingPath":{"propertyPath":"STATUS","modelName":"catalogModel"},"interaction":{"idSuffix":"BDI-content"}},"wdio_ui5_key":"etmportal.ui.warehousemovements.view.ExecuteMovementsap.m.ToggleButton{\"propertyPath\":\"STATUS\",\"modelName\":\"catalogModel\"}"}]}
RESULT: {"script":"<script> [1562 bytes]","args":[{"selector":{"controlType":"sap.m.ToggleButton","viewName":"etm.portal.ui.warehousemovements.view.ExecuteMovement","viewId":"application-warehousemovements-display-component---executeMovement","bindingPath":{"propertyPath":"STATUS","modelName":"catalogModel"},"interaction":{"idSuffix":"BDI-content"}},"wdio_ui5_key":"etmportal.ui.warehousemovements.view.ExecuteMovementsap.m.ToggleButton{\"propertyPath\":\"STATUS\",\"modelName\":\"catalogModel\"}"}]}
RESULT: undefined
COMMAND: POST /session/c486a9816572bc452379bf0d96c97947/element - {"using":"xpath","value":"//*[@id=\"__button242-__clone2606\"]"}
RESULT: {"using":"xpath","value":"//*[@id=\"__button242-__clone2606\"]"}
COMMAND: POST /session/c486a9816572bc452379bf0d96c97947/element/f.3F9ECC6ADE9C5A6D32036CC41DCDE0D0.d.C884BCCE7EBEDB6C8121D5D50DF4F9A3.e.7287/click - {}
RESULT: {}
RESULT: undefined
COMMAND: POST /session/c486a9816572bc452379bf0d96c97947/element - {"using":"xpath","value":"//*[@id=\"__button242-__clone2606\"]"}
COMMAND: GET /session/c486a9816572bc452379bf0d96c97947/screenshot - {}
RESULT: {"using":"xpath","value":"//*[@id=\"__button242-__clone2606\"]"}
COMMAND: POST /session/c486a9816572bc452379bf0d96c97947/element/f.3F9ECC6ADE9C5A6D32036CC41DCDE0D0.d.C884BCCE7EBEDB6C8121D5D50DF4F9A3.e.7287/click - {}
RESULT: {}
RESULT: {}
COMMAND: GET /session/c486a9816572bc452379bf0d96c97947/screenshot - {}
RESULT: {}
COMMAND: POST /session/c486a9816572bc452379bf0d96c97947/element - {"using":"xpath","value":"//section[contains(@id,\"FC-NoHead\")]/div[1]/div[5]/div[2]/span"}
RESULT: {"using":"xpath","value":"//section[contains(@id,\"FC-NoHead\")]/div[1]/div[5]/div[2]/span"}
COMMAND: POST /session/c486a9816572bc452379bf0d96c97947/elements - {"using":"xpath","value":"//section[contains(@id,\"FC-NoHead\")]/div[1]/div[5]/div[2]/span"}
RESULT: {"using":"xpath","value":"//section[contains(@id,\"FC-NoHead\")]/div[1]/div[5]/div[2]/span"}
COMMAND: POST /session/c486a9816572bc452379bf0d96c97947/execute/sync - {"script":"<script> [56 bytes]","args":[{"element-6066-11e4-a52e-4f735466cecf":"f.3F9ECC6ADE9C5A6D32036CC41DCDE0D0.d.C884BCCE7EBEDB6C8121D5D50DF4F9A3.e.7289","ELEMENT":"f.3F9ECC6ADE9C5A6D32036CC41DCDE0D0.d.C884BCCE7EBEDB6C8121D5D50DF4F9A3.e.7289"}]}
RESULT: {"script":"<script> [56 bytes]","args":[{"element-6066-11e4-a52e-4f735466cecf":"f.3F9ECC6ADE9C5A6D32036CC41DCDE0D0.d.C884BCCE7EBEDB6C8121D5D50DF4F9A3.e.7289","ELEMENT":"f.3F9ECC6ADE9C5A6D32036CC41DCDE0D0.d.C884BCCE7EBEDB6C8121D5D50DF4F9A3.e.7289"}]}
COMMAND: POST /session/c486a9816572bc452379bf0d96c97947/actions - {"actions":[{"id":"action24","type":"key","parameters":{},"actions":[{"type":"keyDown","value":"î€‡"},{"type":"pause","duration":10},{"type":"keyUp","value":"î€‡"}]}]}
COMMAND: GET /session/c486a9816572bc452379bf0d96c97947/screenshot - {}
RESULT: {"actions":[{"id":"action24","type":"key","parameters":{},"actions":[{"type":"keyDown","value":"î€‡"},{"type":"pause","duration":10},{"type":"keyUp","value":"î€‡"}]}]}
COMMAND: POST /session/c486a9816572bc452379bf0d96c97947/execute/async - {"script":"<script> [1562 bytes]","args":[{"selector":{"id":"application-warehousemovements-display-component---executeMovement--executeId","interaction":{"idSuffix":"BDI-content"}},"wdio_ui5_key":"applicationwarehousemovements-display-component---executeMovement--executeId"}]}
COMMAND: GET /session/c486a9816572bc452379bf0d96c97947/screenshot - {}
RESULT: {}
RESULT: {"script":"<script> [1562 bytes]","args":[{"selector":{"id":"application-warehousemovements-display-component---executeMovement--executeId","interaction":{"idSuffix":"BDI-content"}},"wdio_ui5_key":"applicationwarehousemovements-display-component---executeMovement--executeId"}]}
RESULT: undefined
COMMAND: POST /session/c486a9816572bc452379bf0d96c97947/element - {"using":"xpath","value":"//*[@id=\"application-warehousemovements-display-component---executeMovement--executeId\"]"}
RESULT: {}
RESULT: {"using":"xpath","value":"//*[@id=\"application-warehousemovements-display-component---executeMovement--executeId\"]"}
COMMAND: POST /session/c486a9816572bc452379bf0d96c97947/element/f.3F9ECC6ADE9C5A6D32036CC41DCDE0D0.d.C884BCCE7EBEDB6C8121D5D50DF4F9A3.e.7246/click - {}
RESULT: {}
COMMAND: GET /session/c486a9816572bc452379bf0d96c97947/screenshot - {}
RESULT: {}
COMMAND: POST /session/c486a9816572bc452379bf0d96c97947/element - {"using":"css selector","value":"#shell-header-logo"}
RESULT: {"using":"css selector","value":"#shell-header-logo"}
COMMAND: POST /session/c486a9816572bc452379bf0d96c97947/element/f.3F9ECC6ADE9C5A6D32036CC41DCDE0D0.d.C884BCCE7EBEDB6C8121D5D50DF4F9A3.e.5943/click - {}
RESULT: {}
COMMAND: GET /session/c486a9816572bc452379bf0d96c97947/screenshot - {}
RESULT: {}
RESULT: undefined
COMMAND: POST /session/c486a9816572bc452379bf0d96c97947/element - {"using":"xpath","value":"//*[@id=\"__tile130\"]"}
RESULT: {"using":"xpath","value":"//*[@id=\"__tile130\"]"}
COMMAND: POST /session/c486a9816572bc452379bf0d96c97947/element/f.3F9ECC6ADE9C5A6D32036CC41DCDE0D0.d.C884BCCE7EBEDB6C8121D5D50DF4F9A3.e.4533/click - {}
RESULT: {}
COMMAND: GET /session/c486a9816572bc452379bf0d96c97947/screenshot - {}
COMMAND: POST /session/c486a9816572bc452379bf0d96c97947/elements - {"using":"xpath","value":"//span[text()='Error']"}
RESULT: {}
RESULT: {"using":"xpath","value":"//span[text()='Error']"}
COMMAND: POST /session/c486a9816572bc452379bf0d96c97947/execute/async - {"script":"<script> [1562 bytes]","args":[{"selector":{"controlType":"sap.m.SearchField","viewName":"etm.portal.ui.managehandovers.view.MasterHO","bindingPath":{"propertyPath":"/_BASIC_SEARCH_FIELD","modelName":"fi1t3rM0d31"},"interaction":{"idSuffix":"I"}},"wdio_ui5_key":"etmportal.ui.managehandovers.view.MasterHOsap.m.SearchField{\"propertyPath\":\"/_BASIC_SEARCH_FIELD\",\"modelName\":\"fi1t3rM0d31\"}"}]}
RESULT: {"script":"<script> [1562 bytes]","args":[{"selector":{"controlType":"sap.m.SearchField","viewName":"etm.portal.ui.managehandovers.view.MasterHO","bindingPath":{"propertyPath":"/_BASIC_SEARCH_FIELD","modelName":"fi1t3rM0d31"},"interaction":{"idSuffix":"I"}},"wdio_ui5_key":"etmportal.ui.managehandovers.view.MasterHOsap.m.SearchField{\"propertyPath\":\"/_BASIC_SEARCH_FIELD\",\"modelName\":\"fi1t3rM0d31\"}"}]}
RESULT: undefined
COMMAND: POST /session/c486a9816572bc452379bf0d96c97947/execute/async - {"script":"<script> [776 bytes]","args":[{"enterText":"30412","selector":{"controlType":"sap.m.SearchField","viewName":"etm.portal.ui.managehandovers.view.MasterHO","bindingPath":{"propertyPath":"/_BASIC_SEARCH_FIELD","modelName":"fi1t3rM0d31"},"interaction":{"idSuffix":"I"}},"clearTextFirst":true,"interactionType":"ENTER_TEXT"}]}
RESULT: {"script":"<script> [776 bytes]","args":[{"enterText":"30412","selector":{"controlType":"sap.m.SearchField","viewName":"etm.portal.ui.managehandovers.view.MasterHO","bindingPath":{"propertyPath":"/_BASIC_SEARCH_FIELD","modelName":"fi1t3rM0d31"},"interaction":{"idSuffix":"I"}},"clearTextFirst":true,"interactionType":"ENTER_TEXT"}]}
COMMAND: POST /session/c486a9816572bc452379bf0d96c97947/actions - {"actions":[{"id":"action25","type":"key","parameters":{},"actions":[{"type":"keyDown","value":"î€‡"},{"type":"pause","duration":10},{"type":"keyUp","value":"î€‡"}]}]}
RESULT: {"actions":[{"id":"action25","type":"key","parameters":{},"actions":[{"type":"keyDown","value":"î€‡"},{"type":"pause","duration":10},{"type":"keyUp","value":"î€‡"}]}]}
COMMAND: GET /session/c486a9816572bc452379bf0d96c97947/screenshot - {}
RESULT: {}
COMMAND: POST /session/c486a9816572bc452379bf0d96c97947/execute/async - {"script":"<script> [1562 bytes]","args":[{"selector":{"controlType":"sap.ui.core.Icon","viewName":"etm.portal.ui.managehandovers.view.MasterHO","properties":{"src":{"regex":{"source":"slim\\-arrow\\-right"}}}},"wdio_ui5_key":"etmportal.ui.managehandovers.view.MasterHOsap.ui.core.Icon{\"src\":{\"regex\":{\"source\":\"slim\\\\-arrow\\\\-right\"}}}"}]}
RESULT: {"script":"<script> [1562 bytes]","args":[{"selector":{"controlType":"sap.ui.core.Icon","viewName":"etm.portal.ui.managehandovers.view.MasterHO","properties":{"src":{"regex":{"source":"slim\\-arrow\\-right"}}}},"wdio_ui5_key":"etmportal.ui.managehandovers.view.MasterHOsap.ui.core.Icon{\"src\":{\"regex\":{\"source\":\"slim\\\\-arrow\\\\-right\"}}}"}]}
RESULT: undefined
COMMAND: POST /session/c486a9816572bc452379bf0d96c97947/element - {"using":"xpath","value":"//*[@id=\"__item1385-__clone2685-imgNav\"]"}
RESULT: {"using":"xpath","value":"//*[@id=\"__item1385-__clone2685-imgNav\"]"}
COMMAND: POST /session/c486a9816572bc452379bf0d96c97947/element/f.3F9ECC6ADE9C5A6D32036CC41DCDE0D0.d.C884BCCE7EBEDB6C8121D5D50DF4F9A3.e.7483/click - {}
RESULT: {}
COMMAND: GET /session/c486a9816572bc452379bf0d96c97947/screenshot - {}
RESULT: {}
COMMAND: POST /session/c486a9816572bc452379bf0d96c97947/execute/async - {"script":"<script> [1562 bytes]","args":[{"selector":{"controlType":"sap.m.Button","viewName":"etm.portal.ui.managehandovers.view.DetailExecuteHO","i18NText":{"propertyName":"text","key":"confirmAll"},"interaction":{"idSuffix":"BDI-content"}},"wdio_ui5_key":"etmportal.ui.managehandovers.view.DetailExecuteHOsap.m.Button{\"propertyName\":\"text\",\"key\":\"confirmAll\"}"}]}
RESULT: {"script":"<script> [1562 bytes]","args":[{"selector":{"controlType":"sap.m.Button","viewName":"etm.portal.ui.managehandovers.view.DetailExecuteHO","i18NText":{"propertyName":"text","key":"confirmAll"},"interaction":{"idSuffix":"BDI-content"}},"wdio_ui5_key":"etmportal.ui.managehandovers.view.DetailExecuteHOsap.m.Button{\"propertyName\":\"text\",\"key\":\"confirmAll\"}"}]}
RESULT: undefined
COMMAND: POST /session/c486a9816572bc452379bf0d96c97947/element - {"using":"xpath","value":"//*[@id=\"__button280\"]"}
RESULT: {"using":"xpath","value":"//*[@id=\"__button280\"]"}
COMMAND: POST /session/c486a9816572bc452379bf0d96c97947/element/f.3F9ECC6ADE9C5A6D32036CC41DCDE0D0.d.C884BCCE7EBEDB6C8121D5D50DF4F9A3.e.7563/click - {}
RESULT: {}
COMMAND: GET /session/c486a9816572bc452379bf0d96c97947/screenshot - {}
RESULT: {}
COMMAND: POST /session/c486a9816572bc452379bf0d96c97947/actions - {"actions":[{"id":"action26","type":"key","parameters":{},"actions":[{"type":"keyDown","value":"î€‡"},{"type":"pause","duration":10},{"type":"keyUp","value":"î€‡"}]}]}
RESULT: {"actions":[{"id":"action26","type":"key","parameters":{},"actions":[{"type":"keyDown","value":"î€‡"},{"type":"pause","duration":10},{"type":"keyUp","value":"î€‡"}]}]}
COMMAND: GET /session/c486a9816572bc452379bf0d96c97947/screenshot - {}
RESULT: {}
COMMAND: POST /session/c486a9816572bc452379bf0d96c97947/element - {"using":"xpath","value":"//button[@data-kt=\"execHoIssueButton\"]"}
RESULT: {"using":"xpath","value":"//button[@data-kt=\"execHoIssueButton\"]"}
COMMAND: POST /session/c486a9816572bc452379bf0d96c97947/element/f.3F9ECC6ADE9C5A6D32036CC41DCDE0D0.d.C884BCCE7EBEDB6C8121D5D50DF4F9A3.e.7572/click - {}
RESULT: {}
COMMAND: GET /session/c486a9816572bc452379bf0d96c97947/screenshot - {}
RESULT: {}
RESULT: undefined
COMMAND: POST /session/c486a9816572bc452379bf0d96c97947/execute/async - {"script":"<script> [776 bytes]","args":[{"enterText":"30412","selector":{"controlType":"sap.m.SearchField","viewName":"etm.portal.ui.managehandovers.view.MasterHO","bindingPath":{"propertyPath":"/_BASIC_SEARCH_FIELD","modelName":"fi1t3rM0d31"},"interaction":{"idSuffix":"I"}},"clearTextFirst":true,"interactionType":"ENTER_TEXT"}]}
RESULT: {"script":"<script> [776 bytes]","args":[{"enterText":"30412","selector":{"controlType":"sap.m.SearchField","viewName":"etm.portal.ui.managehandovers.view.MasterHO","bindingPath":{"propertyPath":"/_BASIC_SEARCH_FIELD","modelName":"fi1t3rM0d31"},"interaction":{"idSuffix":"I"}},"clearTextFirst":true,"interactionType":"ENTER_TEXT"}]}
COMMAND: POST /session/c486a9816572bc452379bf0d96c97947/actions - {"actions":[{"id":"action27","type":"key","parameters":{},"actions":[{"type":"keyDown","value":"î€‡"},{"type":"pause","duration":10},{"type":"keyUp","value":"î€‡"}]}]}
RESULT: {"actions":[{"id":"action27","type":"key","parameters":{},"actions":[{"type":"keyDown","value":"î€‡"},{"type":"pause","duration":10},{"type":"keyUp","value":"î€‡"}]}]}
COMMAND: GET /session/c486a9816572bc452379bf0d96c97947/screenshot - {}
RESULT: {}
COMMAND: POST /session/c486a9816572bc452379bf0d96c97947/element - {"using":"xpath","value":"//span[(text() = '30412' or . = '30412')]"}
RESULT: {"using":"xpath","value":"//span[(text() = '30412' or . = '30412')]"}
COMMAND: POST /session/c486a9816572bc452379bf0d96c97947/element/f.3F9ECC6ADE9C5A6D32036CC41DCDE0D0.d.C884BCCE7EBEDB6C8121D5D50DF4F9A3.e.7618/click - {}
RESULT: {}
COMMAND: GET /session/c486a9816572bc452379bf0d96c97947/screenshot - {}
RESULT: {}
COMMAND: POST /session/c486a9816572bc452379bf0d96c97947/element - {"using":"xpath","value":"//span[contains(text(), \"Instructions\")]"}
RESULT: {"using":"xpath","value":"//span[contains(text(), \"Instructions\")]"}
COMMAND: POST /session/c486a9816572bc452379bf0d96c97947/element/f.3F9ECC6ADE9C5A6D32036CC41DCDE0D0.d.C884BCCE7EBEDB6C8121D5D50DF4F9A3.e.7658/click - {}
RESULT: {}
COMMAND: GET /session/c486a9816572bc452379bf0d96c97947/screenshot - {}
RESULT: {}
COMMAND: POST /session/c486a9816572bc452379bf0d96c97947/element - {"using":"xpath","value":"//span[contains(text(), \"Instructions\")]"}
RESULT: {"using":"xpath","value":"//span[contains(text(), \"Instructions\")]"}
COMMAND: POST /session/c486a9816572bc452379bf0d96c97947/element/f.3F9ECC6ADE9C5A6D32036CC41DCDE0D0.d.C884BCCE7EBEDB6C8121D5D50DF4F9A3.e.7658/click - {}
RESULT: {}
COMMAND: GET /session/c486a9816572bc452379bf0d96c97947/screenshot - {}
RESULT: {}
COMMAND: POST /session/c486a9816572bc452379bf0d96c97947/execute/async - {"script":"<script> [1562 bytes]","args":[{"selector":{"controlType":"sap.m.ComboBox","viewName":"etm.portal.ui.managehandovers.view.DetailExecuteHO","bindingPath":{"propertyPath":"RECEIVING_SECTION","modelName":"catalogModel"},"interaction":{"idSuffix":"inner"}},"wdio_ui5_key":"etmportal.ui.managehandovers.view.DetailExecuteHOsap.m.ComboBox{\"propertyPath\":\"RECEIVING_SECTION\",\"modelName\":\"catalogModel\"}"}]}
RESULT: {"script":"<script> [1562 bytes]","args":[{"selector":{"controlType":"sap.m.ComboBox","viewName":"etm.portal.ui.managehandovers.view.DetailExecuteHO","bindingPath":{"propertyPath":"RECEIVING_SECTION","modelName":"catalogModel"},"interaction":{"idSuffix":"inner"}},"wdio_ui5_key":"etmportal.ui.managehandovers.view.DetailExecuteHOsap.m.ComboBox{\"propertyPath\":\"RECEIVING_SECTION\",\"modelName\":\"catalogModel\"}"}]}
RESULT: undefined
COMMAND: POST /session/c486a9816572bc452379bf0d96c97947/execute/async - {"script":"<script> [776 bytes]","args":[{"enterText":"WDIO-2159","selector":{"controlType":"sap.m.ComboBox","viewName":"etm.portal.ui.managehandovers.view.DetailExecuteHO","bindingPath":{"propertyPath":"RECEIVING_SECTION","modelName":"catalogModel"},"interaction":{"idSuffix":"inner"}},"clearTextFirst":true,"interactionType":"ENTER_TEXT"}]}
RESULT: {"script":"<script> [776 bytes]","args":[{"enterText":"WDIO-2159","selector":{"controlType":"sap.m.ComboBox","viewName":"etm.portal.ui.managehandovers.view.DetailExecuteHO","bindingPath":{"propertyPath":"RECEIVING_SECTION","modelName":"catalogModel"},"interaction":{"idSuffix":"inner"}},"clearTextFirst":true,"interactionType":"ENTER_TEXT"}]}
COMMAND: POST /session/c486a9816572bc452379bf0d96c97947/actions - {"actions":[{"id":"action28","type":"key","parameters":{},"actions":[{"type":"keyDown","value":"î€‡"},{"type":"pause","duration":10},{"type":"keyUp","value":"î€‡"}]}]}
RESULT: {"actions":[{"id":"action28","type":"key","parameters":{},"actions":[{"type":"keyDown","value":"î€‡"},{"type":"pause","duration":10},{"type":"keyUp","value":"î€‡"}]}]}
COMMAND: GET /session/c486a9816572bc452379bf0d96c97947/screenshot - {}
RESULT: {}
COMMAND: POST /session/c486a9816572bc452379bf0d96c97947/element - {"using":"xpath","value":"//button[@data-kt= \"execHoReceiveButton\"]"}
RESULT: {"using":"xpath","value":"//button[@data-kt= \"execHoReceiveButton\"]"}
COMMAND: POST /session/c486a9816572bc452379bf0d96c97947/element/f.3F9ECC6ADE9C5A6D32036CC41DCDE0D0.d.C884BCCE7EBEDB6C8121D5D50DF4F9A3.e.7663/click - {}
RESULT: {}
COMMAND: GET /session/c486a9816572bc452379bf0d96c97947/screenshot - {}
RESULT: {}
COMMAND: POST /session/c486a9816572bc452379bf0d96c97947/execute/async - {"script":"<script> [1562 bytes]","args":[{"selector":{"controlType":"sap.m.Button","properties":{"text":"Continue"},"searchOpenDialogs":true,"interaction":{"idSuffix":"content"}},"wdio_ui5_key":"sapm.Button{\"text\":\"Continue\"}"}]}
RESULT: {"script":"<script> [1562 bytes]","args":[{"selector":{"controlType":"sap.m.Button","properties":{"text":"Continue"},"searchOpenDialogs":true,"interaction":{"idSuffix":"content"}},"wdio_ui5_key":"sapm.Button{\"text\":\"Continue\"}"}]}
RESULT: undefined
COMMAND: POST /session/c486a9816572bc452379bf0d96c97947/element - {"using":"xpath","value":"//*[@id=\"__mbox-btn-6\"]"}
RESULT: {"using":"xpath","value":"//*[@id=\"__mbox-btn-6\"]"}
COMMAND: POST /session/c486a9816572bc452379bf0d96c97947/element/f.3F9ECC6ADE9C5A6D32036CC41DCDE0D0.d.C884BCCE7EBEDB6C8121D5D50DF4F9A3.e.7664/click - {}
RESULT: {}
COMMAND: GET /session/c486a9816572bc452379bf0d96c97947/screenshot - {}
RESULT: {}
COMMAND: POST /session/c486a9816572bc452379bf0d96c97947/element - {"using":"css selector","value":"#shell-header-logo"}
RESULT: {"using":"css selector","value":"#shell-header-logo"}
COMMAND: POST /session/c486a9816572bc452379bf0d96c97947/element/f.3F9ECC6ADE9C5A6D32036CC41DCDE0D0.d.C884BCCE7EBEDB6C8121D5D50DF4F9A3.e.7354/click - {}
RESULT: {}
COMMAND: GET /session/c486a9816572bc452379bf0d96c97947/screenshot - {}
RESULT: {}
]]></system-out>
    </testcase>
    <testcase classname="chrome.136_0_7103_93.windows.Provide_to_Site_w/_warehouse_management_w_clarification" name="Should test for Clarification" time="70.454">
      <system-out><![CDATA[
RESULT: undefined
COMMAND: POST /session/c486a9816572bc452379bf0d96c97947/element - {"using":"xpath","value":"//*[@id=\"__tile130\"]"}
RESULT: {"using":"xpath","value":"//*[@id=\"__tile130\"]"}
COMMAND: POST /session/c486a9816572bc452379bf0d96c97947/element/f.3F9ECC6ADE9C5A6D32036CC41DCDE0D0.d.C884BCCE7EBEDB6C8121D5D50DF4F9A3.e.4533/click - {}
RESULT: {}
COMMAND: GET /session/c486a9816572bc452379bf0d96c97947/screenshot - {}
COMMAND: POST /session/c486a9816572bc452379bf0d96c97947/elements - {"using":"xpath","value":"//span[text()='Error']"}
RESULT: {}
RESULT: {"using":"xpath","value":"//span[text()='Error']"}
RESULT: undefined
COMMAND: POST /session/c486a9816572bc452379bf0d96c97947/execute/async - {"script":"<script> [776 bytes]","args":[{"enterText":"30412","selector":{"controlType":"sap.m.SearchField","viewName":"etm.portal.ui.managehandovers.view.MasterHO","bindingPath":{"propertyPath":"/_BASIC_SEARCH_FIELD","modelName":"fi1t3rM0d31"},"interaction":{"idSuffix":"I"}},"clearTextFirst":true,"interactionType":"ENTER_TEXT"}]}
RESULT: {"script":"<script> [776 bytes]","args":[{"enterText":"30412","selector":{"controlType":"sap.m.SearchField","viewName":"etm.portal.ui.managehandovers.view.MasterHO","bindingPath":{"propertyPath":"/_BASIC_SEARCH_FIELD","modelName":"fi1t3rM0d31"},"interaction":{"idSuffix":"I"}},"clearTextFirst":true,"interactionType":"ENTER_TEXT"}]}
COMMAND: POST /session/c486a9816572bc452379bf0d96c97947/actions - {"actions":[{"id":"action29","type":"key","parameters":{},"actions":[{"type":"keyDown","value":"î€‡"},{"type":"pause","duration":10},{"type":"keyUp","value":"î€‡"}]}]}
RESULT: {"actions":[{"id":"action29","type":"key","parameters":{},"actions":[{"type":"keyDown","value":"î€‡"},{"type":"pause","duration":10},{"type":"keyUp","value":"î€‡"}]}]}
COMMAND: GET /session/c486a9816572bc452379bf0d96c97947/screenshot - {}
RESULT: {}
COMMAND: POST /session/c486a9816572bc452379bf0d96c97947/element - {"using":"xpath","value":"//span[(text() = '30412' or . = '30412')]"}
RESULT: {"using":"xpath","value":"//span[(text() = '30412' or . = '30412')]"}
COMMAND: POST /session/c486a9816572bc452379bf0d96c97947/element/f.3F9ECC6ADE9C5A6D32036CC41DCDE0D0.d.C884BCCE7EBEDB6C8121D5D50DF4F9A3.e.7985/click - {}
RESULT: {}
COMMAND: GET /session/c486a9816572bc452379bf0d96c97947/screenshot - {}
RESULT: {}
COMMAND: POST /session/c486a9816572bc452379bf0d96c97947/element - {"using":"xpath","value":"//span[contains(text(), \"Instructions\")]"}
RESULT: {"using":"xpath","value":"//span[contains(text(), \"Instructions\")]"}
COMMAND: POST /session/c486a9816572bc452379bf0d96c97947/element/f.3F9ECC6ADE9C5A6D32036CC41DCDE0D0.d.C884BCCE7EBEDB6C8121D5D50DF4F9A3.e.8064/click - {}
RESULT: {}
COMMAND: GET /session/c486a9816572bc452379bf0d96c97947/screenshot - {}
RESULT: {}
COMMAND: POST /session/c486a9816572bc452379bf0d96c97947/element - {"using":"xpath","value":"//span[contains(text(), \"Instructions\")]"}
RESULT: {"using":"xpath","value":"//span[contains(text(), \"Instructions\")]"}
COMMAND: POST /session/c486a9816572bc452379bf0d96c97947/element/f.3F9ECC6ADE9C5A6D32036CC41DCDE0D0.d.C884BCCE7EBEDB6C8121D5D50DF4F9A3.e.8064/click - {}
RESULT: {}
COMMAND: GET /session/c486a9816572bc452379bf0d96c97947/screenshot - {}
RESULT: {}
COMMAND: POST /session/c486a9816572bc452379bf0d96c97947/element - {"using":"xpath","value":"//button[.//bdi[text() = \"Refuse\"]]"}
RESULT: {"using":"xpath","value":"//button[.//bdi[text() = \"Refuse\"]]"}
COMMAND: POST /session/c486a9816572bc452379bf0d96c97947/element/f.3F9ECC6ADE9C5A6D32036CC41DCDE0D0.d.C884BCCE7EBEDB6C8121D5D50DF4F9A3.e.8070/click - {}
RESULT: {}
COMMAND: GET /session/c486a9816572bc452379bf0d96c97947/screenshot - {}
RESULT: {}
COMMAND: POST /session/c486a9816572bc452379bf0d96c97947/element - {"using":"xpath","value":"//button[@data-kt= \"execHoReceiveRefuseButton\"]"}
RESULT: {"using":"xpath","value":"//button[@data-kt= \"execHoReceiveRefuseButton\"]"}
COMMAND: POST /session/c486a9816572bc452379bf0d96c97947/element/f.3F9ECC6ADE9C5A6D32036CC41DCDE0D0.d.C884BCCE7EBEDB6C8121D5D50DF4F9A3.e.8072/click - {}
RESULT: {}
COMMAND: GET /session/c486a9816572bc452379bf0d96c97947/screenshot - {}
RESULT: {}
COMMAND: POST /session/c486a9816572bc452379bf0d96c97947/element - {"using":"css selector","value":"#shell-header-logo"}
RESULT: {"using":"css selector","value":"#shell-header-logo"}
COMMAND: POST /session/c486a9816572bc452379bf0d96c97947/element/f.3F9ECC6ADE9C5A6D32036CC41DCDE0D0.d.C884BCCE7EBEDB6C8121D5D50DF4F9A3.e.7713/click - {}
RESULT: {}
COMMAND: GET /session/c486a9816572bc452379bf0d96c97947/screenshot - {}
RESULT: {}
COMMAND: POST /session/c486a9816572bc452379bf0d96c97947/element - {"using":"css selector","value":"#j_username"}
COMMAND: POST /session/c486a9816572bc452379bf0d96c97947/url - {"url":"https://qa-testing-00-live-etm-ui.cfapps.eu10-004.hana.ondemand.com/"}
RESULT: {"using":"css selector","value":"#j_username"}
COMMAND: POST /session/c486a9816572bc452379bf0d96c97947/element - {"using":"css selector","value":"#j_username"}
RESULT: {"url":"https://qa-testing-00-live-etm-ui.cfapps.eu10-004.hana.ondemand.com/"}
RESULT: undefined
COMMAND: GET /session/c486a9816572bc452379bf0d96c97947/screenshot - {}
RESULT: {"using":"css selector","value":"#j_username"}
COMMAND: POST /session/c486a9816572bc452379bf0d96c97947/element - {"using":"css selector","value":"#shell-header-logo"}
RESULT: {}
RESULT: {"using":"css selector","value":"#shell-header-logo"}
COMMAND: POST /session/c486a9816572bc452379bf0d96c97947/execute/sync - {"script":"<script> [8489 bytes]","args":[{"element-6066-11e4-a52e-4f735466cecf":"f.3F9ECC6ADE9C5A6D32036CC41DCDE0D0.d.FB2996FD335F444EF647CFDD459565C9.e.8118","ELEMENT":"f.3F9ECC6ADE9C5A6D32036CC41DCDE0D0.d.FB2996FD335F444EF647CFDD459565C9.e.8118"}]}
RESULT: {"script":"<script> [8489 bytes]","args":[{"element-6066-11e4-a52e-4f735466cecf":"f.3F9ECC6ADE9C5A6D32036CC41DCDE0D0.d.FB2996FD335F444EF647CFDD459565C9.e.8118","ELEMENT":"f.3F9ECC6ADE9C5A6D32036CC41DCDE0D0.d.FB2996FD335F444EF647CFDD459565C9.e.8118"}]}
COMMAND: POST /session/c486a9816572bc452379bf0d96c97947/element - {"using":"css selector","value":"#shell-header-logo"}
COMMAND: GET /session/c486a9816572bc452379bf0d96c97947/screenshot - {}
RESULT: {"using":"css selector","value":"#shell-header-logo"}
COMMAND: POST /session/c486a9816572bc452379bf0d96c97947/execute/sync - {"script":"<script> [8489 bytes]","args":[{"element-6066-11e4-a52e-4f735466cecf":"f.3F9ECC6ADE9C5A6D32036CC41DCDE0D0.d.FB2996FD335F444EF647CFDD459565C9.e.8118","ELEMENT":"f.3F9ECC6ADE9C5A6D32036CC41DCDE0D0.d.FB2996FD335F444EF647CFDD459565C9.e.8118"}]}
RESULT: {}
RESULT: {"script":"<script> [8489 bytes]","args":[{"element-6066-11e4-a52e-4f735466cecf":"f.3F9ECC6ADE9C5A6D32036CC41DCDE0D0.d.FB2996FD335F444EF647CFDD459565C9.e.8118","ELEMENT":"f.3F9ECC6ADE9C5A6D32036CC41DCDE0D0.d.FB2996FD335F444EF647CFDD459565C9.e.8118"}]}
COMMAND: POST /session/c486a9816572bc452379bf0d96c97947/execute/sync - {"script":"<script> [5351 bytes]","args":[{"element-6066-11e4-a52e-4f735466cecf":"f.3F9ECC6ADE9C5A6D32036CC41DCDE0D0.d.FB2996FD335F444EF647CFDD459565C9.e.8118","ELEMENT":"f.3F9ECC6ADE9C5A6D32036CC41DCDE0D0.d.FB2996FD335F444EF647CFDD459565C9.e.8118"}]}
COMMAND: GET /session/c486a9816572bc452379bf0d96c97947/screenshot - {}
RESULT: {"script":"<script> [5351 bytes]","args":[{"element-6066-11e4-a52e-4f735466cecf":"f.3F9ECC6ADE9C5A6D32036CC41DCDE0D0.d.FB2996FD335F444EF647CFDD459565C9.e.8118","ELEMENT":"f.3F9ECC6ADE9C5A6D32036CC41DCDE0D0.d.FB2996FD335F444EF647CFDD459565C9.e.8118"}]}
COMMAND: POST /session/c486a9816572bc452379bf0d96c97947/element - {"using":"css selector","value":"#shell-header-logo"}
COMMAND: GET /session/c486a9816572bc452379bf0d96c97947/screenshot - {}
RESULT: {}
RESULT: {"using":"css selector","value":"#shell-header-logo"}
COMMAND: POST /session/c486a9816572bc452379bf0d96c97947/element/f.3F9ECC6ADE9C5A6D32036CC41DCDE0D0.d.FB2996FD335F444EF647CFDD459565C9.e.8118/click - {}
RESULT: {}
RESULT: {}
COMMAND: GET /session/c486a9816572bc452379bf0d96c97947/screenshot - {}
RESULT: {}
COMMAND: POST /session/c486a9816572bc452379bf0d96c97947/execute/async - {"script":"<script> [189 bytes]","args":[]}
RESULT: {"script":"<script> [189 bytes]","args":[]}
COMMAND: POST /session/c486a9816572bc452379bf0d96c97947/execute/async - {"script":"<script> [123 bytes]","args":[]}
RESULT: {"script":"<script> [123 bytes]","args":[]}
COMMAND: POST /session/c486a9816572bc452379bf0d96c97947/timeouts - {"script":"<number>"}
RESULT: {"script":"<number>"}
COMMAND: GET /session/c486a9816572bc452379bf0d96c97947/timeouts - {}
RESULT: {}
RESULT: undefined
COMMAND: POST /session/c486a9816572bc452379bf0d96c97947/execute/async - {"script":"<script> [2676 bytes]","args":[]}
RESULT: {"script":"<script> [2676 bytes]","args":[]}
COMMAND: POST /session/c486a9816572bc452379bf0d96c97947/execute/async - {"script":"<script> [2342 bytes]","args":[{"protocol":"http","hostname":"0.0.0.0","path":"/","capabilities":{"browserName":"chrome","goog:chromeOptions":{"binary":"C:\\Program Files\\Google\\Chrome\\Application\\chrome.exe","args":["--start-maximized"]}},"logLevel":"warn","connectionRetryTimeout":120000,"connectionRetryCount":3,"logLevels":{},"enableDirectConnect":true,"strictSSL":true,"_":"65 more keys: [\"cacheDir\",\"port\",\"requestedCapabilities\",\"automationProtocol\",\"baseUrl\",\"waitforInterval\",\"waitforTimeout\",\"onReload\",\"beforeCommand\",\"afterCommand\",\"rootDir\",\"specs\",\"suites\",\"exclude\",\"groupLogsByTestSpec\",\"excludeDriverLogs\",\"bail\",\"framework\",\"reporters\",\"services\",\"maxInstances\",\"maxInstancesPerCapability\",\"injectGlobals\",\"filesToWatch\",\"execArgv\",\"runnerEnv\",\"runner\",\"shard\",\"specFileRetries\",\"specFileRetriesDelay\",\"specFileRetriesDeferred\",\"reporterSyncInterval\",\"reporterSyncTimeout\",\"cucumberFeaturesWithLineNumbers\",\"autoCompileOpts\",\"mochaOpts\",\"jasmineOpts\",\"cucumberOpts\",\"onPrepare\",\"onWorkerStart\",\"onWorkerEnd\",\"before\",\"beforeSession\",\"beforeSuite\",\"beforeHook\",\"beforeTest\",\"afterTest\",\"afterHook\",\"afterSuite\",\"afterSession\",\"after\",\"onComplete\",\"beforeAssertion\",\"afterAssertion\",\"beforeFeature\",\"beforeScenario\",\"beforeStep\",\"afterStep\",\"afterScenario\",\"afterFeature\",\"_\",\"suite\",\"$0\",\"ignoredWorkerServices\",\"wdi5\"]"}]}
RESULT: {"script":"<script> [2342 bytes]","args":[{"protocol":"http","hostname":"0.0.0.0","path":"/","capabilities":{"browserName":"chrome","goog:chromeOptions":{"binary":"C:\\Program Files\\Google\\Chrome\\Application\\chrome.exe","args":["--start-maximized"]}},"logLevel":"warn","connectionRetryTimeout":120000,"connectionRetryCount":3,"logLevels":{},"enableDirectConnect":true,"strictSSL":true,"_":"65 more keys: [\"cacheDir\",\"port\",\"requestedCapabilities\",\"automationProtocol\",\"baseUrl\",\"waitforInterval\",\"waitforTimeout\",\"onReload\",\"beforeCommand\",\"afterCommand\",\"rootDir\",\"specs\",\"suites\",\"exclude\",\"groupLogsByTestSpec\",\"excludeDriverLogs\",\"bail\",\"framework\",\"reporters\",\"services\",\"maxInstances\",\"maxInstancesPerCapability\",\"injectGlobals\",\"filesToWatch\",\"execArgv\",\"runnerEnv\",\"runner\",\"shard\",\"specFileRetries\",\"specFileRetriesDelay\",\"specFileRetriesDeferred\",\"reporterSyncInterval\",\"reporterSyncTimeout\",\"cucumberFeaturesWithLineNumbers\",\"autoCompileOpts\",\"mochaOpts\",\"jasmineOpts\",\"cucumberOpts\",\"onPrepare\",\"onWorkerStart\",\"onWorkerEnd\",\"before\",\"beforeSession\",\"beforeSuite\",\"beforeHook\",\"beforeTest\",\"afterTest\",\"afterHook\",\"afterSuite\",\"afterSession\",\"after\",\"onComplete\",\"beforeAssertion\",\"afterAssertion\",\"beforeFeature\",\"beforeScenario\",\"beforeStep\",\"afterStep\",\"afterScenario\",\"afterFeature\",\"_\",\"suite\",\"$0\",\"ignoredWorkerServices\",\"wdi5\"]"}]}
COMMAND: POST /session/c486a9816572bc452379bf0d96c97947/execute/async - {"script":"<script> [21126 bytes]","args":[35000]}
RESULT: {"script":"<script> [21126 bytes]","args":[35000]}
COMMAND: POST /session/c486a9816572bc452379bf0d96c97947/window/maximize - {}
RESULT: {}
COMMAND: POST /session/c486a9816572bc452379bf0d96c97947/execute/async - {"script":"<script> [1562 bytes]","args":[{"selector":{"id":"shell-header","interaction":{"idSuffix":"icon"}},"wdio_ui5_key":"shellheader"}]}
COMMAND: GET /session/c486a9816572bc452379bf0d96c97947/screenshot - {}
RESULT: {"script":"<script> [1562 bytes]","args":[{"selector":{"id":"shell-header","interaction":{"idSuffix":"icon"}},"wdio_ui5_key":"shellheader"}]}
RESULT: undefined
COMMAND: POST /session/c486a9816572bc452379bf0d96c97947/window/fullscreen - {}
RESULT: {}
RESULT: {}
]]></system-out>
    </testcase>
  </testsuite>
  <testsuite timestamp="2025-05-15T06:11:16" time="151.995" tests="6" failures="1" errors="1" skipped="0">
    <properties>
      <property name="specId" value="0" />
      <property name="suiteName" value="Provide to Site w/ warehouse management w/o clarification US113782 " />
      <property name="capabilities" value="chrome.136_0_7103_93.windows" />
      <property name="file" value="file:///D:/a/1/s/test/specs/HTR/provide-to-site-w-warehouse-wo-clarification.spec.js" />
    </properties>
    <testcase classname="chrome.136_0_7103_93.windows.Provide_to_Site_w/_warehouse_management_w/o_clarification_US113782_" name="Should create a new WHM yard" time="0.073">
      <system-out><![CDATA[
COMMAND: POST /session/c486a9816572bc452379bf0d96c97947/window/fullscreen - {}
RESULT: {}
]]></system-out>
    </testcase>
    <testcase classname="chrome.136_0_7103_93.windows.Provide_to_Site_w/_warehouse_management_w/o_clarification_US113782_" name="Should create a new external WHM partner" time="0.004" />
    <testcase classname="chrome.136_0_7103_93.windows.Provide_to_Site_w/_warehouse_management_w/o_clarification_US113782_" name="Should create a new WHM site" time="0.003" />
    <testcase classname="chrome.136_0_7103_93.windows.Provide_to_Site_w/_warehouse_management_w/o_clarification_US113782_" name="Bin Status Report Should Create New Organization yard" time="0.005" />
    <testcase classname="chrome.136_0_7103_93.windows.Provide_to_Site_w/_warehouse_management_w/o_clarification_US113782_" name="Bin Status Report Should Create New Organization for Site" time="0.005" />
  </testsuite>
  <testsuite timestamp="2025-05-15T06:13:48" time="288.545" tests="5" failures="5" errors="5" skipped="0">
    <properties>
      <property name="specId" value="0" />
      <property name="suiteName" value="Provide to Site w/ warehouse management wo clarification" />
      <property name="capabilities" value="chrome.136_0_7103_93.windows" />
      <property name="file" value="file:///D:/a/1/s/test/specs/HTR/provide-to-site-w-warehouse-wo-clarification.spec.js" />
    </properties>
  </testsuite>
  <testsuite timestamp="2025-05-15T06:18:36" time="504.276" tests="4" failures="0" errors="0" skipped="0">
    <properties>
      <property name="specId" value="0" />
      <property name="suiteName" value="Provide to Site w/o warehouse management w/ clarification US116605" />
      <property name="capabilities" value="chrome.136_0_7103_93.windows" />
      <property name="file" value="file:///D:/a/1/s/test/specs/HTR/provide-to-site-wo-warehouse-w-clarification.spec.js" />
    </properties>
    <testcase classname="chrome.136_0_7103_93.windows.Provide_to_Site_w/o_warehouse_management_w/_clarification_US116605" name="Should create a new yard" time="133.629">
      <system-out><![CDATA[
COMMAND: POST /session/c486a9816572bc452379bf0d96c97947/window/fullscreen - {}
RESULT: {}
COMMAND: POST /session/c486a9816572bc452379bf0d96c97947/execute/async - {"script":"<script> [1562 bytes]","args":[{"selector":{"controlType":"sap.m.GenericTile","properties":{"header":"Manage Yards"}},"wdio_ui5_key":"sapm.GenericTile{\"header\":\"Manage Yards\"}"}]}
RESULT: {"script":"<script> [1562 bytes]","args":[{"selector":{"controlType":"sap.m.GenericTile","properties":{"header":"Manage Yards"}},"wdio_ui5_key":"sapm.GenericTile{\"header\":\"Manage Yards\"}"}]}
RESULT: undefined
COMMAND: POST /session/c486a9816572bc452379bf0d96c97947/element - {"using":"xpath","value":"//*[@id=\"__tile33\"]"}
RESULT: {"using":"xpath","value":"//*[@id=\"__tile33\"]"}
COMMAND: POST /session/c486a9816572bc452379bf0d96c97947/element/f.3F9ECC6ADE9C5A6D32036CC41DCDE0D0.d.189FAE148C67F8C1EA7465F5B56D3C5A.e.8757/click - {}
RESULT: {}
COMMAND: GET /session/c486a9816572bc452379bf0d96c97947/screenshot - {}
RESULT: {}
COMMAND: POST /session/c486a9816572bc452379bf0d96c97947/elements - {"using":"xpath","value":"//span[text()='Error']"}
RESULT: {"using":"xpath","value":"//span[text()='Error']"}
COMMAND: POST /session/c486a9816572bc452379bf0d96c97947/element - {"using":"xpath","value":"//button[@data-kt=\"addNewYardOverflowToolbarButton\"]"}
RESULT: {"using":"xpath","value":"//button[@data-kt=\"addNewYardOverflowToolbarButton\"]"}
COMMAND: POST /session/c486a9816572bc452379bf0d96c97947/elements - {"using":"xpath","value":"//button[@data-kt=\"addNewYardOverflowToolbarButton\"]"}
RESULT: {"using":"xpath","value":"//button[@data-kt=\"addNewYardOverflowToolbarButton\"]"}
COMMAND: POST /session/c486a9816572bc452379bf0d96c97947/execute/sync - {"script":"<script> [8489 bytes]","args":[{"element-6066-11e4-a52e-4f735466cecf":"f.3F9ECC6ADE9C5A6D32036CC41DCDE0D0.d.189FAE148C67F8C1EA7465F5B56D3C5A.e.8892","ELEMENT":"f.3F9ECC6ADE9C5A6D32036CC41DCDE0D0.d.189FAE148C67F8C1EA7465F5B56D3C5A.e.8892"}]}
RESULT: {"script":"<script> [8489 bytes]","args":[{"element-6066-11e4-a52e-4f735466cecf":"f.3F9ECC6ADE9C5A6D32036CC41DCDE0D0.d.189FAE148C67F8C1EA7465F5B56D3C5A.e.8892","ELEMENT":"f.3F9ECC6ADE9C5A6D32036CC41DCDE0D0.d.189FAE148C67F8C1EA7465F5B56D3C5A.e.8892"}]}
COMMAND: GET /session/c486a9816572bc452379bf0d96c97947/element/f.3F9ECC6ADE9C5A6D32036CC41DCDE0D0.d.189FAE148C67F8C1EA7465F5B56D3C5A.e.8892/enabled - {}
COMMAND: GET /session/c486a9816572bc452379bf0d96c97947/screenshot - {}
RESULT: {}
COMMAND: POST /session/c486a9816572bc452379bf0d96c97947/execute/sync - {"script":"<script> [8489 bytes]","args":[{"element-6066-11e4-a52e-4f735466cecf":"f.3F9ECC6ADE9C5A6D32036CC41DCDE0D0.d.189FAE148C67F8C1EA7465F5B56D3C5A.e.8892","ELEMENT":"f.3F9ECC6ADE9C5A6D32036CC41DCDE0D0.d.189FAE148C67F8C1EA7465F5B56D3C5A.e.8892"}]}
COMMAND: GET /session/c486a9816572bc452379bf0d96c97947/screenshot - {}
RESULT: {}
RESULT: {"script":"<script> [8489 bytes]","args":[{"element-6066-11e4-a52e-4f735466cecf":"f.3F9ECC6ADE9C5A6D32036CC41DCDE0D0.d.189FAE148C67F8C1EA7465F5B56D3C5A.e.8892","ELEMENT":"f.3F9ECC6ADE9C5A6D32036CC41DCDE0D0.d.189FAE148C67F8C1EA7465F5B56D3C5A.e.8892"}]}
COMMAND: POST /session/c486a9816572bc452379bf0d96c97947/execute/sync - {"script":"<script> [5351 bytes]","args":[{"element-6066-11e4-a52e-4f735466cecf":"f.3F9ECC6ADE9C5A6D32036CC41DCDE0D0.d.189FAE148C67F8C1EA7465F5B56D3C5A.e.8892","ELEMENT":"f.3F9ECC6ADE9C5A6D32036CC41DCDE0D0.d.189FAE148C67F8C1EA7465F5B56D3C5A.e.8892"}]}
RESULT: {}
COMMAND: GET /session/c486a9816572bc452379bf0d96c97947/screenshot - {}
RESULT: {"script":"<script> [5351 bytes]","args":[{"element-6066-11e4-a52e-4f735466cecf":"f.3F9ECC6ADE9C5A6D32036CC41DCDE0D0.d.189FAE148C67F8C1EA7465F5B56D3C5A.e.8892","ELEMENT":"f.3F9ECC6ADE9C5A6D32036CC41DCDE0D0.d.189FAE148C67F8C1EA7465F5B56D3C5A.e.8892"}]}
COMMAND: POST /session/c486a9816572bc452379bf0d96c97947/element/f.3F9ECC6ADE9C5A6D32036CC41DCDE0D0.d.189FAE148C67F8C1EA7465F5B56D3C5A.e.8892/click - {}
COMMAND: GET /session/c486a9816572bc452379bf0d96c97947/screenshot - {}
RESULT: {}
RESULT: {}
COMMAND: GET /session/c486a9816572bc452379bf0d96c97947/screenshot - {}
RESULT: {}
RESULT: {}
COMMAND: POST /session/c486a9816572bc452379bf0d96c97947/element - {"using":"xpath","value":"//input[@id=\"application-manageyards-display-component---NewYard--yardId-inner\"]"}
RESULT: {"using":"xpath","value":"//input[@id=\"application-manageyards-display-component---NewYard--yardId-inner\"]"}
COMMAND: POST /session/c486a9816572bc452379bf0d96c97947/element - {"using":"xpath","value":"//input[@id=\"application-manageyards-display-component---NewYard--yardId-inner\"]"}
RESULT: {"using":"xpath","value":"//input[@id=\"application-manageyards-display-component---NewYard--yardId-inner\"]"}
COMMAND: POST /session/c486a9816572bc452379bf0d96c97947/execute/async - {"script":"<script> [1562 bytes]","args":[{"selector":{"id":"application-manageyards-display-component---NewYard--addressDetailDetailsName1","interaction":{"idSuffix":"inner"}},"wdio_ui5_key":"applicationmanageyards-display-component---NewYard--addressDetailDetailsName1"}]}
RESULT: {"script":"<script> [1562 bytes]","args":[{"selector":{"id":"application-manageyards-display-component---NewYard--addressDetailDetailsName1","interaction":{"idSuffix":"inner"}},"wdio_ui5_key":"applicationmanageyards-display-component---NewYard--addressDetailDetailsName1"}]}
RESULT: undefined
COMMAND: POST /session/c486a9816572bc452379bf0d96c97947/execute/async - {"script":"<script> [776 bytes]","args":[{"enterText":"Other Yard WDIO","selector":{"id":"application-manageyards-display-component---NewYard--addressDetailDetailsName1","interaction":{"idSuffix":"inner"}},"clearTextFirst":true,"interactionType":"ENTER_TEXT"}]}
RESULT: {"script":"<script> [776 bytes]","args":[{"enterText":"Other Yard WDIO","selector":{"id":"application-manageyards-display-component---NewYard--addressDetailDetailsName1","interaction":{"idSuffix":"inner"}},"clearTextFirst":true,"interactionType":"ENTER_TEXT"}]}
COMMAND: POST /session/c486a9816572bc452379bf0d96c97947/execute/async - {"script":"<script> [1562 bytes]","args":[{"selector":{"id":"application-manageyards-display-component---NewYard--addressDetailDetailsLanguage-arrow"},"wdio_ui5_key":"applicationmanageyards-display-component---NewYard--addressDetailDetailsLanguage-arrow"}]}
RESULT: {"script":"<script> [1562 bytes]","args":[{"selector":{"id":"application-manageyards-display-component---NewYard--addressDetailDetailsLanguage-arrow"},"wdio_ui5_key":"applicationmanageyards-display-component---NewYard--addressDetailDetailsLanguage-arrow"}]}
RESULT: undefined
COMMAND: POST /session/c486a9816572bc452379bf0d96c97947/element - {"using":"xpath","value":"//*[@id=\"application-manageyards-display-component---NewYard--addressDetailDetailsLanguage-arrow\"]"}
RESULT: {"using":"xpath","value":"//*[@id=\"application-manageyards-display-component---NewYard--addressDetailDetailsLanguage-arrow\"]"}
COMMAND: POST /session/c486a9816572bc452379bf0d96c97947/element/f.3F9ECC6ADE9C5A6D32036CC41DCDE0D0.d.189FAE148C67F8C1EA7465F5B56D3C5A.e.9311/click - {}
RESULT: {}
COMMAND: POST /session/c486a9816572bc452379bf0d96c97947/element - {"using":"xpath","value":"//span[contains(text(), \"English\")]"}
COMMAND: GET /session/c486a9816572bc452379bf0d96c97947/screenshot - {}
RESULT: {"using":"xpath","value":"//span[contains(text(), \"English\")]"}
COMMAND: POST /session/c486a9816572bc452379bf0d96c97947/element/f.3F9ECC6ADE9C5A6D32036CC41DCDE0D0.d.189FAE148C67F8C1EA7465F5B56D3C5A.e.9312/click - {}
RESULT: {}
RESULT: {}
COMMAND: POST /session/c486a9816572bc452379bf0d96c97947/execute/async - {"script":"<script> [1562 bytes]","args":[{"selector":{"id":"application-manageyards-display-component---NewYard--addressDetailDetailsCity1","interaction":{"idSuffix":"inner"}},"wdio_ui5_key":"applicationmanageyards-display-component---NewYard--addressDetailDetailsCity1"}]}
COMMAND: GET /session/c486a9816572bc452379bf0d96c97947/screenshot - {}
RESULT: {"script":"<script> [1562 bytes]","args":[{"selector":{"id":"application-manageyards-display-component---NewYard--addressDetailDetailsCity1","interaction":{"idSuffix":"inner"}},"wdio_ui5_key":"applicationmanageyards-display-component---NewYard--addressDetailDetailsCity1"}]}
RESULT: undefined
COMMAND: POST /session/c486a9816572bc452379bf0d96c97947/execute/async - {"script":"<script> [776 bytes]","args":[{"enterText":"Rosario","selector":{"id":"application-manageyards-display-component---NewYard--addressDetailDetailsCity1","interaction":{"idSuffix":"inner"}},"clearTextFirst":true,"interactionType":"ENTER_TEXT"}]}
RESULT: {}
RESULT: {"script":"<script> [776 bytes]","args":[{"enterText":"Rosario","selector":{"id":"application-manageyards-display-component---NewYard--addressDetailDetailsCity1","interaction":{"idSuffix":"inner"}},"clearTextFirst":true,"interactionType":"ENTER_TEXT"}]}
COMMAND: POST /session/c486a9816572bc452379bf0d96c97947/execute/async - {"script":"<script> [1562 bytes]","args":[{"selector":{"id":"application-manageyards-display-component---NewYard--addressDetailDetailsCountry-arrow"},"wdio_ui5_key":"applicationmanageyards-display-component---NewYard--addressDetailDetailsCountry-arrow"}]}
RESULT: {"script":"<script> [1562 bytes]","args":[{"selector":{"id":"application-manageyards-display-component---NewYard--addressDetailDetailsCountry-arrow"},"wdio_ui5_key":"applicationmanageyards-display-component---NewYard--addressDetailDetailsCountry-arrow"}]}
RESULT: undefined
COMMAND: POST /session/c486a9816572bc452379bf0d96c97947/element - {"using":"xpath","value":"//*[@id=\"application-manageyards-display-component---NewYard--addressDetailDetailsCountry-arrow\"]"}
RESULT: {"using":"xpath","value":"//*[@id=\"application-manageyards-display-component---NewYard--addressDetailDetailsCountry-arrow\"]"}
COMMAND: POST /session/c486a9816572bc452379bf0d96c97947/element/f.3F9ECC6ADE9C5A6D32036CC41DCDE0D0.d.189FAE148C67F8C1EA7465F5B56D3C5A.e.9314/click - {}
RESULT: {}
COMMAND: POST /session/c486a9816572bc452379bf0d96c97947/element - {"using":"xpath","value":"//span[contains(text(), \"Argentina\")]"}
COMMAND: GET /session/c486a9816572bc452379bf0d96c97947/screenshot - {}
RESULT: {"using":"xpath","value":"//span[contains(text(), \"Argentina\")]"}
COMMAND: POST /session/c486a9816572bc452379bf0d96c97947/element/f.3F9ECC6ADE9C5A6D32036CC41DCDE0D0.d.189FAE148C67F8C1EA7465F5B56D3C5A.e.9315/click - {}
RESULT: {}
RESULT: {}
COMMAND: POST /session/c486a9816572bc452379bf0d96c97947/execute/async - {"script":"<script> [1562 bytes]","args":[{"selector":{"id":"application-manageyards-display-component---NewYard--addressEditDetailsCostObjectCstType-arrow"},"wdio_ui5_key":"applicationmanageyards-display-component---NewYard--addressEditDetailsCostObjectCstType-arrow"}]}
COMMAND: GET /session/c486a9816572bc452379bf0d96c97947/screenshot - {}
RESULT: {"script":"<script> [1562 bytes]","args":[{"selector":{"id":"application-manageyards-display-component---NewYard--addressEditDetailsCostObjectCstType-arrow"},"wdio_ui5_key":"applicationmanageyards-display-component---NewYard--addressEditDetailsCostObjectCstType-arrow"}]}
RESULT: undefined
COMMAND: POST /session/c486a9816572bc452379bf0d96c97947/element - {"using":"xpath","value":"//*[@id=\"application-manageyards-display-component---NewYard--addressEditDetailsCostObjectCstType-arrow\"]"}
RESULT: {}
RESULT: {"using":"xpath","value":"//*[@id=\"application-manageyards-display-component---NewYard--addressEditDetailsCostObjectCstType-arrow\"]"}
COMMAND: POST /session/c486a9816572bc452379bf0d96c97947/element/f.3F9ECC6ADE9C5A6D32036CC41DCDE0D0.d.189FAE148C67F8C1EA7465F5B56D3C5A.e.9317/click - {}
RESULT: {}
COMMAND: POST /session/c486a9816572bc452379bf0d96c97947/element - {"using":"xpath","value":"//span[contains(text(), \"Cost Center\")]"}
COMMAND: GET /session/c486a9816572bc452379bf0d96c97947/screenshot - {}
RESULT: {"using":"xpath","value":"//span[contains(text(), \"Cost Center\")]"}
COMMAND: POST /session/c486a9816572bc452379bf0d96c97947/element/f.3F9ECC6ADE9C5A6D32036CC41DCDE0D0.d.189FAE148C67F8C1EA7465F5B56D3C5A.e.9318/click - {}
RESULT: {}
RESULT: {}
COMMAND: GET /session/c486a9816572bc452379bf0d96c97947/screenshot - {}
RESULT: {}
COMMAND: POST /session/c486a9816572bc452379bf0d96c97947/element - {"using":"xpath","value":"//span[@id=\"application-manageyards-display-component---NewYard--addressNewCostObjectCstID-vhi\"]"}
RESULT: {"using":"xpath","value":"//span[@id=\"application-manageyards-display-component---NewYard--addressNewCostObjectCstID-vhi\"]"}
COMMAND: POST /session/c486a9816572bc452379bf0d96c97947/execute/sync - {"script":"<script> [8489 bytes]","args":[{"element-6066-11e4-a52e-4f735466cecf":"f.3F9ECC6ADE9C5A6D32036CC41DCDE0D0.d.189FAE148C67F8C1EA7465F5B56D3C5A.e.9322","ELEMENT":"f.3F9ECC6ADE9C5A6D32036CC41DCDE0D0.d.189FAE148C67F8C1EA7465F5B56D3C5A.e.9322"}]}
RESULT: {"script":"<script> [8489 bytes]","args":[{"element-6066-11e4-a52e-4f735466cecf":"f.3F9ECC6ADE9C5A6D32036CC41DCDE0D0.d.189FAE148C67F8C1EA7465F5B56D3C5A.e.9322","ELEMENT":"f.3F9ECC6ADE9C5A6D32036CC41DCDE0D0.d.189FAE148C67F8C1EA7465F5B56D3C5A.e.9322"}]}
COMMAND: POST /session/c486a9816572bc452379bf0d96c97947/execute/async - {"script":"<script> [1562 bytes]","args":[{"selector":{"id":"application-manageyards-display-component---NewYard--addressNewCostObjectCstID-vhi"},"wdio_ui5_key":"applicationmanageyards-display-component---NewYard--addressNewCostObjectCstID-vhi"}]}
COMMAND: GET /session/c486a9816572bc452379bf0d96c97947/screenshot - {}
RESULT: {"script":"<script> [1562 bytes]","args":[{"selector":{"id":"application-manageyards-display-component---NewYard--addressNewCostObjectCstID-vhi"},"wdio_ui5_key":"applicationmanageyards-display-component---NewYard--addressNewCostObjectCstID-vhi"}]}
RESULT: undefined
COMMAND: POST /session/c486a9816572bc452379bf0d96c97947/element - {"using":"xpath","value":"//*[@id=\"application-manageyards-display-component---NewYard--addressNewCostObjectCstID-vhi\"]"}
RESULT: {}
RESULT: {"using":"xpath","value":"//*[@id=\"application-manageyards-display-component---NewYard--addressNewCostObjectCstID-vhi\"]"}
COMMAND: POST /session/c486a9816572bc452379bf0d96c97947/element/f.3F9ECC6ADE9C5A6D32036CC41DCDE0D0.d.189FAE148C67F8C1EA7465F5B56D3C5A.e.9322/click - {}
RESULT: {}
COMMAND: GET /session/c486a9816572bc452379bf0d96c97947/screenshot - {}
RESULT: {}
COMMAND: POST /session/c486a9816572bc452379bf0d96c97947/execute/async - {"script":"<script> [1562 bytes]","args":[{"selector":{"controlType":"sap.m.SearchField","properties":{"placeholder":"Search"},"searchOpenDialogs":true,"interaction":{"idSuffix":"I"}},"wdio_ui5_key":"sapm.SearchField{\"placeholder\":\"Search\"}"}]}
RESULT: {"script":"<script> [1562 bytes]","args":[{"selector":{"controlType":"sap.m.SearchField","properties":{"placeholder":"Search"},"searchOpenDialogs":true,"interaction":{"idSuffix":"I"}},"wdio_ui5_key":"sapm.SearchField{\"placeholder\":\"Search\"}"}]}
RESULT: undefined
COMMAND: POST /session/c486a9816572bc452379bf0d96c97947/execute/async - {"script":"<script> [776 bytes]","args":[{"enterText":"bauh_b","selector":{"controlType":"sap.m.SearchField","properties":{"placeholder":"Search"},"searchOpenDialogs":true,"interaction":{"idSuffix":"I"}},"clearTextFirst":true,"interactionType":"ENTER_TEXT"}]}
RESULT: {"script":"<script> [776 bytes]","args":[{"enterText":"bauh_b","selector":{"controlType":"sap.m.SearchField","properties":{"placeholder":"Search"},"searchOpenDialogs":true,"interaction":{"idSuffix":"I"}},"clearTextFirst":true,"interactionType":"ENTER_TEXT"}]}
COMMAND: POST /session/c486a9816572bc452379bf0d96c97947/actions - {"actions":[{"id":"action32","type":"key","parameters":{},"actions":[{"type":"keyDown","value":"î€‡"},{"type":"pause","duration":10},{"type":"keyUp","value":"î€‡"}]}]}
RESULT: {"actions":[{"id":"action32","type":"key","parameters":{},"actions":[{"type":"keyDown","value":"î€‡"},{"type":"pause","duration":10},{"type":"keyUp","value":"î€‡"}]}]}
COMMAND: GET /session/c486a9816572bc452379bf0d96c97947/screenshot - {}
RESULT: {}
COMMAND: POST /session/c486a9816572bc452379bf0d96c97947/element - {"using":"xpath","value":"//span[contains(text(), \"Demo Yard\")]"}
RESULT: {"using":"xpath","value":"//span[contains(text(), \"Demo Yard\")]"}
COMMAND: POST /session/c486a9816572bc452379bf0d96c97947/element/f.3F9ECC6ADE9C5A6D32036CC41DCDE0D0.d.189FAE148C67F8C1EA7465F5B56D3C5A.e.9330/click - {}
RESULT: {}
COMMAND: GET /session/c486a9816572bc452379bf0d96c97947/screenshot - {}
RESULT: {}
COMMAND: POST /session/c486a9816572bc452379bf0d96c97947/element - {"using":"xpath","value":"//bdi[contains(text(), \"OK\")]"}
RESULT: {"using":"xpath","value":"//bdi[contains(text(), \"OK\")]"}
COMMAND: POST /session/c486a9816572bc452379bf0d96c97947/element/f.3F9ECC6ADE9C5A6D32036CC41DCDE0D0.d.189FAE148C67F8C1EA7465F5B56D3C5A.e.9332/click - {}
RESULT: {}
COMMAND: GET /session/c486a9816572bc452379bf0d96c97947/screenshot - {}
RESULT: {}
COMMAND: POST /session/c486a9816572bc452379bf0d96c97947/execute/async - {"script":"<script> [1562 bytes]","args":[{"selector":{"id":"application-manageyards-display-component---NewYard--addressEditDetailsCurrency-arrow"},"wdio_ui5_key":"applicationmanageyards-display-component---NewYard--addressEditDetailsCurrency-arrow"}]}
RESULT: {"script":"<script> [1562 bytes]","args":[{"selector":{"id":"application-manageyards-display-component---NewYard--addressEditDetailsCurrency-arrow"},"wdio_ui5_key":"applicationmanageyards-display-component---NewYard--addressEditDetailsCurrency-arrow"}]}
RESULT: undefined
COMMAND: POST /session/c486a9816572bc452379bf0d96c97947/element - {"using":"xpath","value":"//*[@id=\"application-manageyards-display-component---NewYard--addressEditDetailsCurrency-arrow\"]"}
RESULT: {"using":"xpath","value":"//*[@id=\"application-manageyards-display-component---NewYard--addressEditDetailsCurrency-arrow\"]"}
COMMAND: POST /session/c486a9816572bc452379bf0d96c97947/element/f.3F9ECC6ADE9C5A6D32036CC41DCDE0D0.d.189FAE148C67F8C1EA7465F5B56D3C5A.e.9335/click - {}
RESULT: {}
COMMAND: POST /session/c486a9816572bc452379bf0d96c97947/element - {"using":"xpath","value":"//span[contains(text(), \"Euro\")]"}
COMMAND: GET /session/c486a9816572bc452379bf0d96c97947/screenshot - {}
RESULT: {"using":"xpath","value":"//span[contains(text(), \"Euro\")]"}
COMMAND: POST /session/c486a9816572bc452379bf0d96c97947/element/f.3F9ECC6ADE9C5A6D32036CC41DCDE0D0.d.189FAE148C67F8C1EA7465F5B56D3C5A.e.9336/click - {}
RESULT: {}
RESULT: {}
COMMAND: POST /session/c486a9816572bc452379bf0d96c97947/execute/async - {"script":"<script> [1562 bytes]","args":[{"selector":{"controlType":"sap.m.Input","viewName":"etm.portal.ui.manageyards.view.New","viewId":"application-manageyards-display-component---NewYard","bindingPath":{"path":"","propertyPath":"/CONTROLLING_AREA","modelName":"NewYardModel"},"interaction":{"idSuffix":"inner"}},"wdio_ui5_key":"etmportal.ui.manageyards.view.Newsap.m.Input{\"path\":\"\",\"propertyPath\":\"/CONTROLLING_AREA\",\"modelName\":\"NewYardModel\"}"}]}
COMMAND: GET /session/c486a9816572bc452379bf0d96c97947/screenshot - {}
RESULT: {"script":"<script> [1562 bytes]","args":[{"selector":{"controlType":"sap.m.Input","viewName":"etm.portal.ui.manageyards.view.New","viewId":"application-manageyards-display-component---NewYard","bindingPath":{"path":"","propertyPath":"/CONTROLLING_AREA","modelName":"NewYardModel"},"interaction":{"idSuffix":"inner"}},"wdio_ui5_key":"etmportal.ui.manageyards.view.Newsap.m.Input{\"path\":\"\",\"propertyPath\":\"/CONTROLLING_AREA\",\"modelName\":\"NewYardModel\"}"}]}
RESULT: undefined
COMMAND: POST /session/c486a9816572bc452379bf0d96c97947/execute/async - {"script":"<script> [776 bytes]","args":[{"enterText":"Z001","selector":{"controlType":"sap.m.Input","viewName":"etm.portal.ui.manageyards.view.New","viewId":"application-manageyards-display-component---NewYard","bindingPath":{"path":"","propertyPath":"/CONTROLLING_AREA","modelName":"NewYardModel"},"interaction":{"idSuffix":"inner"}},"clearTextFirst":true,"interactionType":"ENTER_TEXT"}]}
RESULT: {}
RESULT: {"script":"<script> [776 bytes]","args":[{"enterText":"Z001","selector":{"controlType":"sap.m.Input","viewName":"etm.portal.ui.manageyards.view.New","viewId":"application-manageyards-display-component---NewYard","bindingPath":{"path":"","propertyPath":"/CONTROLLING_AREA","modelName":"NewYardModel"},"interaction":{"idSuffix":"inner"}},"clearTextFirst":true,"interactionType":"ENTER_TEXT"}]}
COMMAND: POST /session/c486a9816572bc452379bf0d96c97947/execute/async - {"script":"<script> [1562 bytes]","args":[{"selector":{"id":"application-manageyards-display-component---NewYard--companyCodeComboBox","interaction":{"idSuffix":"inner"}},"wdio_ui5_key":"applicationmanageyards-display-component---NewYard--companyCodeComboBox"}]}
RESULT: {"script":"<script> [1562 bytes]","args":[{"selector":{"id":"application-manageyards-display-component---NewYard--companyCodeComboBox","interaction":{"idSuffix":"inner"}},"wdio_ui5_key":"applicationmanageyards-display-component---NewYard--companyCodeComboBox"}]}
RESULT: undefined
COMMAND: POST /session/c486a9816572bc452379bf0d96c97947/execute/async - {"script":"<script> [776 bytes]","args":[{"enterText":"1000","selector":{"id":"application-manageyards-display-component---NewYard--companyCodeComboBox","interaction":{"idSuffix":"inner"}},"clearTextFirst":true,"interactionType":"ENTER_TEXT"}]}
RESULT: {"script":"<script> [776 bytes]","args":[{"enterText":"1000","selector":{"id":"application-manageyards-display-component---NewYard--companyCodeComboBox","interaction":{"idSuffix":"inner"}},"clearTextFirst":true,"interactionType":"ENTER_TEXT"}]}
COMMAND: POST /session/c486a9816572bc452379bf0d96c97947/execute/async - {"script":"<script> [1562 bytes]","args":[{"selector":{"controlType":"sap.m.Input","viewName":"etm.portal.ui.manageyards.view.New","viewId":"application-manageyards-display-component---NewYard","bindingPath":{"path":"","propertyPath":"/PLANT","modelName":"NewYardModel"},"interaction":{"idSuffix":"inner"}},"wdio_ui5_key":"etmportal.ui.manageyards.view.Newsap.m.Input{\"path\":\"\",\"propertyPath\":\"/PLANT\",\"modelName\":\"NewYardModel\"}"}]}
RESULT: {"script":"<script> [1562 bytes]","args":[{"selector":{"controlType":"sap.m.Input","viewName":"etm.portal.ui.manageyards.view.New","viewId":"application-manageyards-display-component---NewYard","bindingPath":{"path":"","propertyPath":"/PLANT","modelName":"NewYardModel"},"interaction":{"idSuffix":"inner"}},"wdio_ui5_key":"etmportal.ui.manageyards.view.Newsap.m.Input{\"path\":\"\",\"propertyPath\":\"/PLANT\",\"modelName\":\"NewYardModel\"}"}]}
RESULT: undefined
COMMAND: POST /session/c486a9816572bc452379bf0d96c97947/execute/async - {"script":"<script> [776 bytes]","args":[{"enterText":"1001","selector":{"controlType":"sap.m.Input","viewName":"etm.portal.ui.manageyards.view.New","viewId":"application-manageyards-display-component---NewYard","bindingPath":{"path":"","propertyPath":"/PLANT","modelName":"NewYardModel"},"interaction":{"idSuffix":"inner"}},"clearTextFirst":true,"interactionType":"ENTER_TEXT"}]}
RESULT: {"script":"<script> [776 bytes]","args":[{"enterText":"1001","selector":{"controlType":"sap.m.Input","viewName":"etm.portal.ui.manageyards.view.New","viewId":"application-manageyards-display-component---NewYard","bindingPath":{"path":"","propertyPath":"/PLANT","modelName":"NewYardModel"},"interaction":{"idSuffix":"inner"}},"clearTextFirst":true,"interactionType":"ENTER_TEXT"}]}
COMMAND: POST /session/c486a9816572bc452379bf0d96c97947/execute/async - {"script":"<script> [1562 bytes]","args":[{"selector":{"controlType":"sap.m.Input","viewName":"etm.portal.ui.manageyards.view.New","viewId":"application-manageyards-display-component---NewYard","bindingPath":{"path":"","propertyPath":"/SALES_AREA_VKORG","modelName":"NewYardModel"},"interaction":{"idSuffix":"inner"}},"wdio_ui5_key":"etmportal.ui.manageyards.view.Newsap.m.Input{\"path\":\"\",\"propertyPath\":\"/SALES_AREA_VKORG\",\"modelName\":\"NewYardModel\"}"}]}
RESULT: {"script":"<script> [1562 bytes]","args":[{"selector":{"controlType":"sap.m.Input","viewName":"etm.portal.ui.manageyards.view.New","viewId":"application-manageyards-display-component---NewYard","bindingPath":{"path":"","propertyPath":"/SALES_AREA_VKORG","modelName":"NewYardModel"},"interaction":{"idSuffix":"inner"}},"wdio_ui5_key":"etmportal.ui.manageyards.view.Newsap.m.Input{\"path\":\"\",\"propertyPath\":\"/SALES_AREA_VKORG\",\"modelName\":\"NewYardModel\"}"}]}
RESULT: undefined
COMMAND: POST /session/c486a9816572bc452379bf0d96c97947/execute/async - {"script":"<script> [776 bytes]","args":[{"enterText":"C002","selector":{"controlType":"sap.m.Input","viewName":"etm.portal.ui.manageyards.view.New","viewId":"application-manageyards-display-component---NewYard","bindingPath":{"path":"","propertyPath":"/SALES_AREA_VKORG","modelName":"NewYardModel"},"interaction":{"idSuffix":"inner"}},"clearTextFirst":true,"interactionType":"ENTER_TEXT"}]}
RESULT: {"script":"<script> [776 bytes]","args":[{"enterText":"C002","selector":{"controlType":"sap.m.Input","viewName":"etm.portal.ui.manageyards.view.New","viewId":"application-manageyards-display-component---NewYard","bindingPath":{"path":"","propertyPath":"/SALES_AREA_VKORG","modelName":"NewYardModel"},"interaction":{"idSuffix":"inner"}},"clearTextFirst":true,"interactionType":"ENTER_TEXT"}]}
COMMAND: POST /session/c486a9816572bc452379bf0d96c97947/execute/async - {"script":"<script> [1562 bytes]","args":[{"selector":{"controlType":"sap.m.Input","viewName":"etm.portal.ui.manageyards.view.New","viewId":"application-manageyards-display-component---NewYard","bindingPath":{"path":"","propertyPath":"/SALES_AREA_VTWEG","modelName":"NewYardModel"},"interaction":{"idSuffix":"inner"}},"wdio_ui5_key":"etmportal.ui.manageyards.view.Newsap.m.Input{\"path\":\"\",\"propertyPath\":\"/SALES_AREA_VTWEG\",\"modelName\":\"NewYardModel\"}"}]}
RESULT: {"script":"<script> [1562 bytes]","args":[{"selector":{"controlType":"sap.m.Input","viewName":"etm.portal.ui.manageyards.view.New","viewId":"application-manageyards-display-component---NewYard","bindingPath":{"path":"","propertyPath":"/SALES_AREA_VTWEG","modelName":"NewYardModel"},"interaction":{"idSuffix":"inner"}},"wdio_ui5_key":"etmportal.ui.manageyards.view.Newsap.m.Input{\"path\":\"\",\"propertyPath\":\"/SALES_AREA_VTWEG\",\"modelName\":\"NewYardModel\"}"}]}
RESULT: undefined
COMMAND: POST /session/c486a9816572bc452379bf0d96c97947/execute/async - {"script":"<script> [776 bytes]","args":[{"enterText":"C2","selector":{"controlType":"sap.m.Input","viewName":"etm.portal.ui.manageyards.view.New","viewId":"application-manageyards-display-component---NewYard","bindingPath":{"path":"","propertyPath":"/SALES_AREA_VTWEG","modelName":"NewYardModel"},"interaction":{"idSuffix":"inner"}},"clearTextFirst":true,"interactionType":"ENTER_TEXT"}]}
RESULT: {"script":"<script> [776 bytes]","args":[{"enterText":"C2","selector":{"controlType":"sap.m.Input","viewName":"etm.portal.ui.manageyards.view.New","viewId":"application-manageyards-display-component---NewYard","bindingPath":{"path":"","propertyPath":"/SALES_AREA_VTWEG","modelName":"NewYardModel"},"interaction":{"idSuffix":"inner"}},"clearTextFirst":true,"interactionType":"ENTER_TEXT"}]}
COMMAND: POST /session/c486a9816572bc452379bf0d96c97947/execute/async - {"script":"<script> [1562 bytes]","args":[{"selector":{"controlType":"sap.m.Input","viewName":"etm.portal.ui.manageyards.view.New","viewId":"application-manageyards-display-component---NewYard","bindingPath":{"path":"","propertyPath":"/SALES_AREA_SPART","modelName":"NewYardModel"},"interaction":{"idSuffix":"inner"}},"wdio_ui5_key":"etmportal.ui.manageyards.view.Newsap.m.Input{\"path\":\"\",\"propertyPath\":\"/SALES_AREA_SPART\",\"modelName\":\"NewYardModel\"}"}]}
RESULT: {"script":"<script> [1562 bytes]","args":[{"selector":{"controlType":"sap.m.Input","viewName":"etm.portal.ui.manageyards.view.New","viewId":"application-manageyards-display-component---NewYard","bindingPath":{"path":"","propertyPath":"/SALES_AREA_SPART","modelName":"NewYardModel"},"interaction":{"idSuffix":"inner"}},"wdio_ui5_key":"etmportal.ui.manageyards.view.Newsap.m.Input{\"path\":\"\",\"propertyPath\":\"/SALES_AREA_SPART\",\"modelName\":\"NewYardModel\"}"}]}
RESULT: undefined
COMMAND: POST /session/c486a9816572bc452379bf0d96c97947/execute/async - {"script":"<script> [776 bytes]","args":[{"enterText":"C2","selector":{"controlType":"sap.m.Input","viewName":"etm.portal.ui.manageyards.view.New","viewId":"application-manageyards-display-component---NewYard","bindingPath":{"path":"","propertyPath":"/SALES_AREA_SPART","modelName":"NewYardModel"},"interaction":{"idSuffix":"inner"}},"clearTextFirst":true,"interactionType":"ENTER_TEXT"}]}
RESULT: {"script":"<script> [776 bytes]","args":[{"enterText":"C2","selector":{"controlType":"sap.m.Input","viewName":"etm.portal.ui.manageyards.view.New","viewId":"application-manageyards-display-component---NewYard","bindingPath":{"path":"","propertyPath":"/SALES_AREA_SPART","modelName":"NewYardModel"},"interaction":{"idSuffix":"inner"}},"clearTextFirst":true,"interactionType":"ENTER_TEXT"}]}
COMMAND: POST /session/c486a9816572bc452379bf0d96c97947/execute/async - {"script":"<script> [1562 bytes]","args":[{"selector":{"controlType":"sap.m.Input","viewName":"etm.portal.ui.manageyards.view.New","viewId":"application-manageyards-display-component---NewYard","bindingPath":{"path":"","propertyPath":"/SHIP_POINT","modelName":"NewYardModel"},"interaction":{"idSuffix":"inner"}},"wdio_ui5_key":"etmportal.ui.manageyards.view.Newsap.m.Input{\"path\":\"\",\"propertyPath\":\"/SHIP_POINT\",\"modelName\":\"NewYardModel\"}"}]}
RESULT: {"script":"<script> [1562 bytes]","args":[{"selector":{"controlType":"sap.m.Input","viewName":"etm.portal.ui.manageyards.view.New","viewId":"application-manageyards-display-component---NewYard","bindingPath":{"path":"","propertyPath":"/SHIP_POINT","modelName":"NewYardModel"},"interaction":{"idSuffix":"inner"}},"wdio_ui5_key":"etmportal.ui.manageyards.view.Newsap.m.Input{\"path\":\"\",\"propertyPath\":\"/SHIP_POINT\",\"modelName\":\"NewYardModel\"}"}]}
RESULT: undefined
COMMAND: POST /session/c486a9816572bc452379bf0d96c97947/execute/async - {"script":"<script> [776 bytes]","args":[{"enterText":"1710","selector":{"controlType":"sap.m.Input","viewName":"etm.portal.ui.manageyards.view.New","viewId":"application-manageyards-display-component---NewYard","bindingPath":{"path":"","propertyPath":"/SHIP_POINT","modelName":"NewYardModel"},"interaction":{"idSuffix":"inner"}},"clearTextFirst":true,"interactionType":"ENTER_TEXT"}]}
RESULT: {"script":"<script> [776 bytes]","args":[{"enterText":"1710","selector":{"controlType":"sap.m.Input","viewName":"etm.portal.ui.manageyards.view.New","viewId":"application-manageyards-display-component---NewYard","bindingPath":{"path":"","propertyPath":"/SHIP_POINT","modelName":"NewYardModel"},"interaction":{"idSuffix":"inner"}},"clearTextFirst":true,"interactionType":"ENTER_TEXT"}]}
COMMAND: POST /session/c486a9816572bc452379bf0d96c97947/execute/async - {"script":"<script> [1562 bytes]","args":[{"selector":{"controlType":"sap.m.Input","viewName":"etm.portal.ui.manageyards.view.New","viewId":"application-manageyards-display-component---NewYard","bindingPath":{"path":"","propertyPath":"/DELIVERY_TYPE","modelName":"NewYardModel"},"interaction":{"idSuffix":"inner"}},"wdio_ui5_key":"etmportal.ui.manageyards.view.Newsap.m.Input{\"path\":\"\",\"propertyPath\":\"/DELIVERY_TYPE\",\"modelName\":\"NewYardModel\"}"}]}
RESULT: {"script":"<script> [1562 bytes]","args":[{"selector":{"controlType":"sap.m.Input","viewName":"etm.portal.ui.manageyards.view.New","viewId":"application-manageyards-display-component---NewYard","bindingPath":{"path":"","propertyPath":"/DELIVERY_TYPE","modelName":"NewYardModel"},"interaction":{"idSuffix":"inner"}},"wdio_ui5_key":"etmportal.ui.manageyards.view.Newsap.m.Input{\"path\":\"\",\"propertyPath\":\"/DELIVERY_TYPE\",\"modelName\":\"NewYardModel\"}"}]}
RESULT: undefined
COMMAND: POST /session/c486a9816572bc452379bf0d96c97947/execute/async - {"script":"<script> [776 bytes]","args":[{"enterText":"ZL01","selector":{"controlType":"sap.m.Input","viewName":"etm.portal.ui.manageyards.view.New","viewId":"application-manageyards-display-component---NewYard","bindingPath":{"path":"","propertyPath":"/DELIVERY_TYPE","modelName":"NewYardModel"},"interaction":{"idSuffix":"inner"}},"clearTextFirst":true,"interactionType":"ENTER_TEXT"}]}
RESULT: {"script":"<script> [776 bytes]","args":[{"enterText":"ZL01","selector":{"controlType":"sap.m.Input","viewName":"etm.portal.ui.manageyards.view.New","viewId":"application-manageyards-display-component---NewYard","bindingPath":{"path":"","propertyPath":"/DELIVERY_TYPE","modelName":"NewYardModel"},"interaction":{"idSuffix":"inner"}},"clearTextFirst":true,"interactionType":"ENTER_TEXT"}]}
COMMAND: POST /session/c486a9816572bc452379bf0d96c97947/execute/async - {"script":"<script> [1562 bytes]","args":[{"selector":{"controlType":"sap.m.Input","viewName":"etm.portal.ui.manageyards.view.New","viewId":"application-manageyards-display-component---NewYard","bindingPath":{"path":"","propertyPath":"/AUART","modelName":"NewYardModel"},"interaction":{"idSuffix":"inner"}},"wdio_ui5_key":"etmportal.ui.manageyards.view.Newsap.m.Input{\"path\":\"\",\"propertyPath\":\"/AUART\",\"modelName\":\"NewYardModel\"}"}]}
RESULT: {"script":"<script> [1562 bytes]","args":[{"selector":{"controlType":"sap.m.Input","viewName":"etm.portal.ui.manageyards.view.New","viewId":"application-manageyards-display-component---NewYard","bindingPath":{"path":"","propertyPath":"/AUART","modelName":"NewYardModel"},"interaction":{"idSuffix":"inner"}},"wdio_ui5_key":"etmportal.ui.manageyards.view.Newsap.m.Input{\"path\":\"\",\"propertyPath\":\"/AUART\",\"modelName\":\"NewYardModel\"}"}]}
RESULT: undefined
COMMAND: POST /session/c486a9816572bc452379bf0d96c97947/execute/async - {"script":"<script> [776 bytes]","args":[{"enterText":"TA","selector":{"controlType":"sap.m.Input","viewName":"etm.portal.ui.manageyards.view.New","viewId":"application-manageyards-display-component---NewYard","bindingPath":{"path":"","propertyPath":"/AUART","modelName":"NewYardModel"},"interaction":{"idSuffix":"inner"}},"clearTextFirst":true,"interactionType":"ENTER_TEXT"}]}
RESULT: {"script":"<script> [776 bytes]","args":[{"enterText":"TA","selector":{"controlType":"sap.m.Input","viewName":"etm.portal.ui.manageyards.view.New","viewId":"application-manageyards-display-component---NewYard","bindingPath":{"path":"","propertyPath":"/AUART","modelName":"NewYardModel"},"interaction":{"idSuffix":"inner"}},"clearTextFirst":true,"interactionType":"ENTER_TEXT"}]}
COMMAND: POST /session/c486a9816572bc452379bf0d96c97947/element - {"using":"xpath","value":"//button[@data-kt=\"newYardSaveButton\"]"}
RESULT: {"using":"xpath","value":"//button[@data-kt=\"newYardSaveButton\"]"}
COMMAND: POST /session/c486a9816572bc452379bf0d96c97947/element/f.3F9ECC6ADE9C5A6D32036CC41DCDE0D0.d.189FAE148C67F8C1EA7465F5B56D3C5A.e.9256/click - {}
RESULT: {}
COMMAND: GET /session/c486a9816572bc452379bf0d96c97947/screenshot - {}
RESULT: {}
COMMAND: POST /session/c486a9816572bc452379bf0d96c97947/element - {"using":"xpath","value":"//header[contains(@id, 'ObjectPageLayout-headerTitle')]/div[1]/div[2]/div[1]/span[1]"}
RESULT: {"using":"xpath","value":"//header[contains(@id, 'ObjectPageLayout-headerTitle')]/div[1]/div[2]/div[1]/span[1]"}
COMMAND: POST /session/c486a9816572bc452379bf0d96c97947/elements - {"using":"xpath","value":"//header[contains(@id, 'ObjectPageLayout-headerTitle')]/div[1]/div[2]/div[1]/span[1]"}
RESULT: {"using":"xpath","value":"//header[contains(@id, 'ObjectPageLayout-headerTitle')]/div[1]/div[2]/div[1]/span[1]"}
COMMAND: POST /session/c486a9816572bc452379bf0d96c97947/execute/sync - {"script":"<script> [56 bytes]","args":[{"element-6066-11e4-a52e-4f735466cecf":"f.3F9ECC6ADE9C5A6D32036CC41DCDE0D0.d.189FAE148C67F8C1EA7465F5B56D3C5A.e.9562","ELEMENT":"f.3F9ECC6ADE9C5A6D32036CC41DCDE0D0.d.189FAE148C67F8C1EA7465F5B56D3C5A.e.9562"}]}
RESULT: {"script":"<script> [56 bytes]","args":[{"element-6066-11e4-a52e-4f735466cecf":"f.3F9ECC6ADE9C5A6D32036CC41DCDE0D0.d.189FAE148C67F8C1EA7465F5B56D3C5A.e.9562","ELEMENT":"f.3F9ECC6ADE9C5A6D32036CC41DCDE0D0.d.189FAE148C67F8C1EA7465F5B56D3C5A.e.9562"}]}
COMMAND: GET /session/c486a9816572bc452379bf0d96c97947/screenshot - {}
RESULT: {}
COMMAND: POST /session/c486a9816572bc452379bf0d96c97947/element - {"using":"css selector","value":"#shell-header-logo"}
RESULT: {"using":"css selector","value":"#shell-header-logo"}
COMMAND: POST /session/c486a9816572bc452379bf0d96c97947/element/f.3F9ECC6ADE9C5A6D32036CC41DCDE0D0.d.189FAE148C67F8C1EA7465F5B56D3C5A.e.8729/click - {}
RESULT: {}
COMMAND: GET /session/c486a9816572bc452379bf0d96c97947/screenshot - {}
RESULT: {}
COMMAND: POST /session/c486a9816572bc452379bf0d96c97947/execute/sync - {"script":"<script> [299 bytes]","args":[["getModel","getResource"]]}
RESULT: {"script":"<script> [299 bytes]","args":[["getModel","getResource"]]}
]]></system-out>
    </testcase>
    <testcase classname="chrome.136_0_7103_93.windows.Provide_to_Site_w/o_warehouse_management_w/_clarification_US116605" name="Should create a new external partner" time="108.063">
      <system-out><![CDATA[
COMMAND: POST /session/c486a9816572bc452379bf0d96c97947/window/fullscreen - {}
COMMAND: GET /session/c486a9816572bc452379bf0d96c97947/screenshot - {}
RESULT: {}
COMMAND: POST /session/c486a9816572bc452379bf0d96c97947/execute/async - {"script":"<script> [1562 bytes]","args":[{"selector":{"controlType":"sap.m.GenericTile","properties":{"header":"Manage Partners"}},"wdio_ui5_key":"sapm.GenericTile{\"header\":\"Manage Partners\"}"}]}
RESULT: {}
RESULT: {"script":"<script> [1562 bytes]","args":[{"selector":{"controlType":"sap.m.GenericTile","properties":{"header":"Manage Partners"}},"wdio_ui5_key":"sapm.GenericTile{\"header\":\"Manage Partners\"}"}]}
RESULT: undefined
COMMAND: POST /session/c486a9816572bc452379bf0d96c97947/element - {"using":"xpath","value":"//*[@id=\"__tile30\"]"}
RESULT: {"using":"xpath","value":"//*[@id=\"__tile30\"]"}
COMMAND: POST /session/c486a9816572bc452379bf0d96c97947/element/f.3F9ECC6ADE9C5A6D32036CC41DCDE0D0.d.189FAE148C67F8C1EA7465F5B56D3C5A.e.8748/click - {}
RESULT: {}
COMMAND: GET /session/c486a9816572bc452379bf0d96c97947/screenshot - {}
RESULT: {}
COMMAND: POST /session/c486a9816572bc452379bf0d96c97947/elements - {"using":"xpath","value":"//span[text()='Error']"}
RESULT: {"using":"xpath","value":"//span[text()='Error']"}
COMMAND: POST /session/c486a9816572bc452379bf0d96c97947/element - {"using":"xpath","value":"//button[@data-kt=\"addButton\"]"}
RESULT: {"using":"xpath","value":"//button[@data-kt=\"addButton\"]"}
COMMAND: POST /session/c486a9816572bc452379bf0d96c97947/elements - {"using":"xpath","value":"//button[@data-kt=\"addButton\"]"}
RESULT: {"using":"xpath","value":"//button[@data-kt=\"addButton\"]"}
COMMAND: POST /session/c486a9816572bc452379bf0d96c97947/elements - {"using":"xpath","value":"//button[@data-kt=\"addButton\"]"}
RESULT: {"using":"xpath","value":"//button[@data-kt=\"addButton\"]"}
COMMAND: POST /session/c486a9816572bc452379bf0d96c97947/element - {"using":"xpath","value":"//button[@data-kt=\"addButton\"]"}
RESULT: {"using":"xpath","value":"//button[@data-kt=\"addButton\"]"}
COMMAND: POST /session/c486a9816572bc452379bf0d96c97947/execute/sync - {"script":"<script> [8489 bytes]","args":[{"element-6066-11e4-a52e-4f735466cecf":"f.3F9ECC6ADE9C5A6D32036CC41DCDE0D0.d.189FAE148C67F8C1EA7465F5B56D3C5A.e.9609","ELEMENT":"f.3F9ECC6ADE9C5A6D32036CC41DCDE0D0.d.189FAE148C67F8C1EA7465F5B56D3C5A.e.9609"}]}
RESULT: {"script":"<script> [8489 bytes]","args":[{"element-6066-11e4-a52e-4f735466cecf":"f.3F9ECC6ADE9C5A6D32036CC41DCDE0D0.d.189FAE148C67F8C1EA7465F5B56D3C5A.e.9609","ELEMENT":"f.3F9ECC6ADE9C5A6D32036CC41DCDE0D0.d.189FAE148C67F8C1EA7465F5B56D3C5A.e.9609"}]}
COMMAND: GET /session/c486a9816572bc452379bf0d96c97947/element/f.3F9ECC6ADE9C5A6D32036CC41DCDE0D0.d.189FAE148C67F8C1EA7465F5B56D3C5A.e.9609/enabled - {}
COMMAND: GET /session/c486a9816572bc452379bf0d96c97947/screenshot - {}
RESULT: {}
COMMAND: POST /session/c486a9816572bc452379bf0d96c97947/execute/sync - {"script":"<script> [8489 bytes]","args":[{"element-6066-11e4-a52e-4f735466cecf":"f.3F9ECC6ADE9C5A6D32036CC41DCDE0D0.d.189FAE148C67F8C1EA7465F5B56D3C5A.e.9609","ELEMENT":"f.3F9ECC6ADE9C5A6D32036CC41DCDE0D0.d.189FAE148C67F8C1EA7465F5B56D3C5A.e.9609"}]}
COMMAND: GET /session/c486a9816572bc452379bf0d96c97947/screenshot - {}
RESULT: {}
RESULT: {"script":"<script> [8489 bytes]","args":[{"element-6066-11e4-a52e-4f735466cecf":"f.3F9ECC6ADE9C5A6D32036CC41DCDE0D0.d.189FAE148C67F8C1EA7465F5B56D3C5A.e.9609","ELEMENT":"f.3F9ECC6ADE9C5A6D32036CC41DCDE0D0.d.189FAE148C67F8C1EA7465F5B56D3C5A.e.9609"}]}
COMMAND: POST /session/c486a9816572bc452379bf0d96c97947/execute/sync - {"script":"<script> [5351 bytes]","args":[{"element-6066-11e4-a52e-4f735466cecf":"f.3F9ECC6ADE9C5A6D32036CC41DCDE0D0.d.189FAE148C67F8C1EA7465F5B56D3C5A.e.9609","ELEMENT":"f.3F9ECC6ADE9C5A6D32036CC41DCDE0D0.d.189FAE148C67F8C1EA7465F5B56D3C5A.e.9609"}]}
COMMAND: GET /session/c486a9816572bc452379bf0d96c97947/screenshot - {}
RESULT: {}
RESULT: {"script":"<script> [5351 bytes]","args":[{"element-6066-11e4-a52e-4f735466cecf":"f.3F9ECC6ADE9C5A6D32036CC41DCDE0D0.d.189FAE148C67F8C1EA7465F5B56D3C5A.e.9609","ELEMENT":"f.3F9ECC6ADE9C5A6D32036CC41DCDE0D0.d.189FAE148C67F8C1EA7465F5B56D3C5A.e.9609"}]}
COMMAND: POST /session/c486a9816572bc452379bf0d96c97947/element/f.3F9ECC6ADE9C5A6D32036CC41DCDE0D0.d.189FAE148C67F8C1EA7465F5B56D3C5A.e.9609/click - {}
COMMAND: GET /session/c486a9816572bc452379bf0d96c97947/screenshot - {}
RESULT: {}
RESULT: {}
COMMAND: GET /session/c486a9816572bc452379bf0d96c97947/screenshot - {}
COMMAND: POST /session/c486a9816572bc452379bf0d96c97947/execute/async - {"script":"<script> [1562 bytes]","args":[{"selector":{"id":"application-managepartners-display-component---NewPartner--addressDetailDetailsName1","interaction":{"idSuffix":"inner"}},"wdio_ui5_key":"applicationmanagepartners-display-component---NewPartner--addressDetailDetailsName1"}]}
RESULT: {}
RESULT: {}
RESULT: {"script":"<script> [1562 bytes]","args":[{"selector":{"id":"application-managepartners-display-component---NewPartner--addressDetailDetailsName1","interaction":{"idSuffix":"inner"}},"wdio_ui5_key":"applicationmanagepartners-display-component---NewPartner--addressDetailDetailsName1"}]}
RESULT: undefined
COMMAND: POST /session/c486a9816572bc452379bf0d96c97947/execute/async - {"script":"<script> [776 bytes]","args":[{"enterText":"External Partner WDIO","selector":{"id":"application-managepartners-display-component---NewPartner--addressDetailDetailsName1","interaction":{"idSuffix":"inner"}},"clearTextFirst":true,"interactionType":"ENTER_TEXT"}]}
RESULT: {"script":"<script> [776 bytes]","args":[{"enterText":"External Partner WDIO","selector":{"id":"application-managepartners-display-component---NewPartner--addressDetailDetailsName1","interaction":{"idSuffix":"inner"}},"clearTextFirst":true,"interactionType":"ENTER_TEXT"}]}
COMMAND: POST /session/c486a9816572bc452379bf0d96c97947/execute/async - {"script":"<script> [1562 bytes]","args":[{"selector":{"id":"application-managepartners-display-component---NewPartner--addressDetailDetailsLanguage-arrow"},"wdio_ui5_key":"applicationmanagepartners-display-component---NewPartner--addressDetailDetailsLanguage-arrow"}]}
RESULT: {"script":"<script> [1562 bytes]","args":[{"selector":{"id":"application-managepartners-display-component---NewPartner--addressDetailDetailsLanguage-arrow"},"wdio_ui5_key":"applicationmanagepartners-display-component---NewPartner--addressDetailDetailsLanguage-arrow"}]}
RESULT: undefined
COMMAND: POST /session/c486a9816572bc452379bf0d96c97947/element - {"using":"xpath","value":"//*[@id=\"application-managepartners-display-component---NewPartner--addressDetailDetailsLanguage-arrow\"]"}
RESULT: {"using":"xpath","value":"//*[@id=\"application-managepartners-display-component---NewPartner--addressDetailDetailsLanguage-arrow\"]"}
COMMAND: POST /session/c486a9816572bc452379bf0d96c97947/element/f.3F9ECC6ADE9C5A6D32036CC41DCDE0D0.d.189FAE148C67F8C1EA7465F5B56D3C5A.e.10055/click - {}
RESULT: {}
COMMAND: POST /session/c486a9816572bc452379bf0d96c97947/element - {"using":"xpath","value":"//span[contains(text(), \"English\")]"}
COMMAND: GET /session/c486a9816572bc452379bf0d96c97947/screenshot - {}
RESULT: {"using":"xpath","value":"//span[contains(text(), \"English\")]"}
COMMAND: POST /session/c486a9816572bc452379bf0d96c97947/element/f.3F9ECC6ADE9C5A6D32036CC41DCDE0D0.d.189FAE148C67F8C1EA7465F5B56D3C5A.e.10056/click - {}
RESULT: {}
RESULT: {}
COMMAND: GET /session/c486a9816572bc452379bf0d96c97947/screenshot - {}
RESULT: {}
COMMAND: POST /session/c486a9816572bc452379bf0d96c97947/execute/async - {"script":"<script> [1562 bytes]","args":[{"selector":{"id":"application-managepartners-display-component---NewPartner--addressDetailDetailsCity1","interaction":{"idSuffix":"inner"}},"wdio_ui5_key":"applicationmanagepartners-display-component---NewPartner--addressDetailDetailsCity1"}]}
RESULT: {"script":"<script> [1562 bytes]","args":[{"selector":{"id":"application-managepartners-display-component---NewPartner--addressDetailDetailsCity1","interaction":{"idSuffix":"inner"}},"wdio_ui5_key":"applicationmanagepartners-display-component---NewPartner--addressDetailDetailsCity1"}]}
RESULT: undefined
COMMAND: POST /session/c486a9816572bc452379bf0d96c97947/execute/async - {"script":"<script> [776 bytes]","args":[{"enterText":"Rosario","selector":{"id":"application-managepartners-display-component---NewPartner--addressDetailDetailsCity1","interaction":{"idSuffix":"inner"}},"clearTextFirst":true,"interactionType":"ENTER_TEXT"}]}
RESULT: {"script":"<script> [776 bytes]","args":[{"enterText":"Rosario","selector":{"id":"application-managepartners-display-component---NewPartner--addressDetailDetailsCity1","interaction":{"idSuffix":"inner"}},"clearTextFirst":true,"interactionType":"ENTER_TEXT"}]}
COMMAND: POST /session/c486a9816572bc452379bf0d96c97947/execute/async - {"script":"<script> [1562 bytes]","args":[{"selector":{"id":"application-managepartners-display-component---NewPartner--addressDetailDetailsCountry-arrow"},"wdio_ui5_key":"applicationmanagepartners-display-component---NewPartner--addressDetailDetailsCountry-arrow"}]}
RESULT: {"script":"<script> [1562 bytes]","args":[{"selector":{"id":"application-managepartners-display-component---NewPartner--addressDetailDetailsCountry-arrow"},"wdio_ui5_key":"applicationmanagepartners-display-component---NewPartner--addressDetailDetailsCountry-arrow"}]}
RESULT: undefined
COMMAND: POST /session/c486a9816572bc452379bf0d96c97947/element - {"using":"xpath","value":"//*[@id=\"application-managepartners-display-component---NewPartner--addressDetailDetailsCountry-arrow\"]"}
RESULT: {"using":"xpath","value":"//*[@id=\"application-managepartners-display-component---NewPartner--addressDetailDetailsCountry-arrow\"]"}
COMMAND: POST /session/c486a9816572bc452379bf0d96c97947/element/f.3F9ECC6ADE9C5A6D32036CC41DCDE0D0.d.189FAE148C67F8C1EA7465F5B56D3C5A.e.10042/click - {}
RESULT: {}
COMMAND: POST /session/c486a9816572bc452379bf0d96c97947/element - {"using":"xpath","value":"//span[contains(text(), \"Argentina\")]"}
COMMAND: GET /session/c486a9816572bc452379bf0d96c97947/screenshot - {}
RESULT: {"using":"xpath","value":"//span[contains(text(), \"Argentina\")]"}
COMMAND: POST /session/c486a9816572bc452379bf0d96c97947/element/f.3F9ECC6ADE9C5A6D32036CC41DCDE0D0.d.189FAE148C67F8C1EA7465F5B56D3C5A.e.10058/click - {}
RESULT: {}
RESULT: {}
COMMAND: GET /session/c486a9816572bc452379bf0d96c97947/screenshot - {}
RESULT: {}
COMMAND: POST /session/c486a9816572bc452379bf0d96c97947/element - {"using":"xpath","value":"//bdi[contains(text(), \"Commercial\")]"}
RESULT: {"using":"xpath","value":"//bdi[contains(text(), \"Commercial\")]"}
COMMAND: POST /session/c486a9816572bc452379bf0d96c97947/element/f.3F9ECC6ADE9C5A6D32036CC41DCDE0D0.d.189FAE148C67F8C1EA7465F5B56D3C5A.e.10059/click - {}
RESULT: {}
COMMAND: GET /session/c486a9816572bc452379bf0d96c97947/screenshot - {}
RESULT: {}
COMMAND: POST /session/c486a9816572bc452379bf0d96c97947/execute/async - {"script":"<script> [1562 bytes]","args":[{"selector":{"id":"application-managepartners-display-component---NewPartner--partnerDetailInternal-arrow"},"wdio_ui5_key":"applicationmanagepartners-display-component---NewPartner--partnerDetailInternal-arrow"}]}
RESULT: {"script":"<script> [1562 bytes]","args":[{"selector":{"id":"application-managepartners-display-component---NewPartner--partnerDetailInternal-arrow"},"wdio_ui5_key":"applicationmanagepartners-display-component---NewPartner--partnerDetailInternal-arrow"}]}
RESULT: undefined
COMMAND: POST /session/c486a9816572bc452379bf0d96c97947/element - {"using":"xpath","value":"//*[@id=\"application-managepartners-display-component---NewPartner--partnerDetailInternal-arrow\"]"}
RESULT: {"using":"xpath","value":"//*[@id=\"application-managepartners-display-component---NewPartner--partnerDetailInternal-arrow\"]"}
COMMAND: POST /session/c486a9816572bc452379bf0d96c97947/element/f.3F9ECC6ADE9C5A6D32036CC41DCDE0D0.d.189FAE148C67F8C1EA7465F5B56D3C5A.e.10065/click - {}
RESULT: {}
COMMAND: POST /session/c486a9816572bc452379bf0d96c97947/element - {"using":"xpath","value":"//span[contains(text(), \"External partner\")]"}
COMMAND: GET /session/c486a9816572bc452379bf0d96c97947/screenshot - {}
RESULT: {"using":"xpath","value":"//span[contains(text(), \"External partner\")]"}
COMMAND: POST /session/c486a9816572bc452379bf0d96c97947/element/f.3F9ECC6ADE9C5A6D32036CC41DCDE0D0.d.189FAE148C67F8C1EA7465F5B56D3C5A.e.10066/click - {}
RESULT: {}
RESULT: {}
COMMAND: POST /session/c486a9816572bc452379bf0d96c97947/execute/async - {"script":"<script> [1562 bytes]","args":[{"selector":{"id":"application-managepartners-display-component---NewPartner--partnerDetailsCurrency-arrow"},"wdio_ui5_key":"applicationmanagepartners-display-component---NewPartner--partnerDetailsCurrency-arrow"}]}
COMMAND: GET /session/c486a9816572bc452379bf0d96c97947/screenshot - {}
RESULT: {"script":"<script> [1562 bytes]","args":[{"selector":{"id":"application-managepartners-display-component---NewPartner--partnerDetailsCurrency-arrow"},"wdio_ui5_key":"applicationmanagepartners-display-component---NewPartner--partnerDetailsCurrency-arrow"}]}
RESULT: undefined
COMMAND: POST /session/c486a9816572bc452379bf0d96c97947/element - {"using":"xpath","value":"//*[@id=\"application-managepartners-display-component---NewPartner--partnerDetailsCurrency-arrow\"]"}
RESULT: {}
RESULT: {"using":"xpath","value":"//*[@id=\"application-managepartners-display-component---NewPartner--partnerDetailsCurrency-arrow\"]"}
COMMAND: POST /session/c486a9816572bc452379bf0d96c97947/element/f.3F9ECC6ADE9C5A6D32036CC41DCDE0D0.d.189FAE148C67F8C1EA7465F5B56D3C5A.e.10071/click - {}
RESULT: {}
COMMAND: POST /session/c486a9816572bc452379bf0d96c97947/element - {"using":"xpath","value":"//span[contains(text(), \"US Dollar\")]"}
COMMAND: GET /session/c486a9816572bc452379bf0d96c97947/screenshot - {}
RESULT: {"using":"xpath","value":"//span[contains(text(), \"US Dollar\")]"}
COMMAND: POST /session/c486a9816572bc452379bf0d96c97947/element/f.3F9ECC6ADE9C5A6D32036CC41DCDE0D0.d.189FAE148C67F8C1EA7465F5B56D3C5A.e.10072/click - {}
RESULT: {}
RESULT: {}
COMMAND: GET /session/c486a9816572bc452379bf0d96c97947/screenshot - {}
RESULT: {}
COMMAND: POST /session/c486a9816572bc452379bf0d96c97947/element - {"using":"xpath","value":"//input[@id=\"application-managepartners-display-component---NewPartner--companyCodeComboBox-inner\"]"}
RESULT: {"using":"xpath","value":"//input[@id=\"application-managepartners-display-component---NewPartner--companyCodeComboBox-inner\"]"}
COMMAND: POST /session/c486a9816572bc452379bf0d96c97947/element/f.3F9ECC6ADE9C5A6D32036CC41DCDE0D0.d.189FAE148C67F8C1EA7465F5B56D3C5A.e.9922/clear - {}
RESULT: {}
COMMAND: POST /session/c486a9816572bc452379bf0d96c97947/element/f.3F9ECC6ADE9C5A6D32036CC41DCDE0D0.d.189FAE148C67F8C1EA7465F5B56D3C5A.e.9922/value - {"text":"C002"}
COMMAND: GET /session/c486a9816572bc452379bf0d96c97947/screenshot - {}
RESULT: {"text":"C002"}
COMMAND: GET /session/c486a9816572bc452379bf0d96c97947/screenshot - {}
RESULT: {}
RESULT: {}
COMMAND: POST /session/c486a9816572bc452379bf0d96c97947/element - {"using":"xpath","value":"//li[.//span[text()= \"C002\"]]"}
RESULT: {"using":"xpath","value":"//li[.//span[text()= \"C002\"]]"}
COMMAND: POST /session/c486a9816572bc452379bf0d96c97947/element/f.3F9ECC6ADE9C5A6D32036CC41DCDE0D0.d.189FAE148C67F8C1EA7465F5B56D3C5A.e.10076/click - {}
RESULT: {}
COMMAND: GET /session/c486a9816572bc452379bf0d96c97947/screenshot - {}
RESULT: {}
COMMAND: POST /session/c486a9816572bc452379bf0d96c97947/execute/async - {"script":"<script> [1562 bytes]","args":[{"selector":{"id":"application-managepartners-display-component---NewPartner--btnAddTableRow-img"},"wdio_ui5_key":"applicationmanagepartners-display-component---NewPartner--btnAddTableRow-img"}]}
RESULT: {"script":"<script> [1562 bytes]","args":[{"selector":{"id":"application-managepartners-display-component---NewPartner--btnAddTableRow-img"},"wdio_ui5_key":"applicationmanagepartners-display-component---NewPartner--btnAddTableRow-img"}]}
RESULT: undefined
COMMAND: POST /session/c486a9816572bc452379bf0d96c97947/element - {"using":"xpath","value":"//*[@id=\"application-managepartners-display-component---NewPartner--btnAddTableRow-img\"]"}
RESULT: {"using":"xpath","value":"//*[@id=\"application-managepartners-display-component---NewPartner--btnAddTableRow-img\"]"}
COMMAND: POST /session/c486a9816572bc452379bf0d96c97947/element/f.3F9ECC6ADE9C5A6D32036CC41DCDE0D0.d.189FAE148C67F8C1EA7465F5B56D3C5A.e.10077/click - {}
RESULT: {}
COMMAND: GET /session/c486a9816572bc452379bf0d96c97947/screenshot - {}
RESULT: {}
COMMAND: POST /session/c486a9816572bc452379bf0d96c97947/element - {"using":"xpath","value":"//input[@id=\"application-managepartners-display-component---NewPartner--assignmentYard-application-managepartners-display-component---NewPartner--assignmentsTable-0-inner\"]"}
RESULT: {"using":"xpath","value":"//input[@id=\"application-managepartners-display-component---NewPartner--assignmentYard-application-managepartners-display-component---NewPartner--assignmentsTable-0-inner\"]"}
COMMAND: POST /session/c486a9816572bc452379bf0d96c97947/element/f.3F9ECC6ADE9C5A6D32036CC41DCDE0D0.d.189FAE148C67F8C1EA7465F5B56D3C5A.e.10080/clear - {}
RESULT: {}
COMMAND: POST /session/c486a9816572bc452379bf0d96c97947/element/f.3F9ECC6ADE9C5A6D32036CC41DCDE0D0.d.189FAE148C67F8C1EA7465F5B56D3C5A.e.10080/value - {"text":"381"}
COMMAND: GET /session/c486a9816572bc452379bf0d96c97947/screenshot - {}
RESULT: {"text":"381"}
COMMAND: GET /session/c486a9816572bc452379bf0d96c97947/screenshot - {}
RESULT: {}
RESULT: {}
COMMAND: POST /session/c486a9816572bc452379bf0d96c97947/element - {"using":"xpath","value":"//li[.//span[text()='381']]"}
RESULT: {"using":"xpath","value":"//li[.//span[text()='381']]"}
COMMAND: POST /session/c486a9816572bc452379bf0d96c97947/element/f.3F9ECC6ADE9C5A6D32036CC41DCDE0D0.d.189FAE148C67F8C1EA7465F5B56D3C5A.e.10088/click - {}
RESULT: {}
COMMAND: GET /session/c486a9816572bc452379bf0d96c97947/screenshot - {}
RESULT: {}
COMMAND: POST /session/c486a9816572bc452379bf0d96c97947/actions - {"actions":[{"id":"action33","type":"key","parameters":{},"actions":[{"type":"keyDown","value":"î€‡"},{"type":"pause","duration":10},{"type":"keyUp","value":"î€‡"}]}]}
RESULT: {"actions":[{"id":"action33","type":"key","parameters":{},"actions":[{"type":"keyDown","value":"î€‡"},{"type":"pause","duration":10},{"type":"keyUp","value":"î€‡"}]}]}
COMMAND: POST /session/c486a9816572bc452379bf0d96c97947/element - {"using":"xpath","value":"//td[contains(@id, \"assignmentsTable-0-cell2\")]/div/div"}
COMMAND: GET /session/c486a9816572bc452379bf0d96c97947/screenshot - {}
RESULT: {"using":"xpath","value":"//td[contains(@id, \"assignmentsTable-0-cell2\")]/div/div"}
COMMAND: POST /session/c486a9816572bc452379bf0d96c97947/element/f.3F9ECC6ADE9C5A6D32036CC41DCDE0D0.d.189FAE148C67F8C1EA7465F5B56D3C5A.e.10091/click - {}
RESULT: {}
RESULT: {}
COMMAND: GET /session/c486a9816572bc452379bf0d96c97947/screenshot - {}
RESULT: {}
COMMAND: POST /session/c486a9816572bc452379bf0d96c97947/element - {"using":"xpath","value":"//button[@data-kt=\"saveButton\"]"}
RESULT: {"using":"xpath","value":"//button[@data-kt=\"saveButton\"]"}
COMMAND: POST /session/c486a9816572bc452379bf0d96c97947/element/f.3F9ECC6ADE9C5A6D32036CC41DCDE0D0.d.189FAE148C67F8C1EA7465F5B56D3C5A.e.9933/click - {}
RESULT: {}
COMMAND: GET /session/c486a9816572bc452379bf0d96c97947/screenshot - {}
RESULT: {}
COMMAND: POST /session/c486a9816572bc452379bf0d96c97947/element - {"using":"xpath","value":"//header[contains(@id, 'ObjectPageLayout-headerTitle')]/div[1]/div[2]/div[2]/span[1]"}
RESULT: {"using":"xpath","value":"//header[contains(@id, 'ObjectPageLayout-headerTitle')]/div[1]/div[2]/div[2]/span[1]"}
COMMAND: POST /session/c486a9816572bc452379bf0d96c97947/elements - {"using":"xpath","value":"//header[contains(@id, 'ObjectPageLayout-headerTitle')]/div[1]/div[2]/div[2]/span[1]"}
RESULT: {"using":"xpath","value":"//header[contains(@id, 'ObjectPageLayout-headerTitle')]/div[1]/div[2]/div[2]/span[1]"}
COMMAND: POST /session/c486a9816572bc452379bf0d96c97947/execute/sync - {"script":"<script> [56 bytes]","args":[{"element-6066-11e4-a52e-4f735466cecf":"f.3F9ECC6ADE9C5A6D32036CC41DCDE0D0.d.189FAE148C67F8C1EA7465F5B56D3C5A.e.10254","ELEMENT":"f.3F9ECC6ADE9C5A6D32036CC41DCDE0D0.d.189FAE148C67F8C1EA7465F5B56D3C5A.e.10254"}]}
RESULT: {"script":"<script> [56 bytes]","args":[{"element-6066-11e4-a52e-4f735466cecf":"f.3F9ECC6ADE9C5A6D32036CC41DCDE0D0.d.189FAE148C67F8C1EA7465F5B56D3C5A.e.10254","ELEMENT":"f.3F9ECC6ADE9C5A6D32036CC41DCDE0D0.d.189FAE148C67F8C1EA7465F5B56D3C5A.e.10254"}]}
COMMAND: POST /session/c486a9816572bc452379bf0d96c97947/element - {"using":"css selector","value":"#shell-header-logo"}
COMMAND: GET /session/c486a9816572bc452379bf0d96c97947/screenshot - {}
RESULT: {"using":"css selector","value":"#shell-header-logo"}
COMMAND: POST /session/c486a9816572bc452379bf0d96c97947/element/f.3F9ECC6ADE9C5A6D32036CC41DCDE0D0.d.189FAE148C67F8C1EA7465F5B56D3C5A.e.9565/click - {}
RESULT: {}
RESULT: {}
COMMAND: GET /session/c486a9816572bc452379bf0d96c97947/screenshot - {}
RESULT: {}
COMMAND: POST /session/c486a9816572bc452379bf0d96c97947/execute/sync - {"script":"<script> [299 bytes]","args":[["getModel","getResource"]]}
RESULT: {"script":"<script> [299 bytes]","args":[["getModel","getResource"]]}
]]></system-out>
    </testcase>
    <testcase classname="chrome.136_0_7103_93.windows.Provide_to_Site_w/o_warehouse_management_w/_clarification_US116605" name="Should create a new site" time="113.454">
      <system-out><![CDATA[
COMMAND: GET /session/c486a9816572bc452379bf0d96c97947/screenshot - {}
COMMAND: POST /session/c486a9816572bc452379bf0d96c97947/execute/async - {"script":"<script> [1562 bytes]","args":[{"selector":{"controlType":"sap.m.GenericTile","properties":{"header":"Manage Sites"}},"wdio_ui5_key":"sapm.GenericTile{\"header\":\"Manage Sites\"}"}]}
RESULT: {}
RESULT: {"script":"<script> [1562 bytes]","args":[{"selector":{"controlType":"sap.m.GenericTile","properties":{"header":"Manage Sites"}},"wdio_ui5_key":"sapm.GenericTile{\"header\":\"Manage Sites\"}"}]}
RESULT: undefined
COMMAND: POST /session/c486a9816572bc452379bf0d96c97947/element - {"using":"xpath","value":"//*[@id=\"__tile32\"]"}
RESULT: {"using":"xpath","value":"//*[@id=\"__tile32\"]"}
COMMAND: POST /session/c486a9816572bc452379bf0d96c97947/element/f.3F9ECC6ADE9C5A6D32036CC41DCDE0D0.d.189FAE148C67F8C1EA7465F5B56D3C5A.e.8754/click - {}
RESULT: {}
COMMAND: GET /session/c486a9816572bc452379bf0d96c97947/screenshot - {}
COMMAND: POST /session/c486a9816572bc452379bf0d96c97947/elements - {"using":"xpath","value":"//span[text()='Error']"}
RESULT: {}
RESULT: {"using":"xpath","value":"//span[text()='Error']"}
COMMAND: POST /session/c486a9816572bc452379bf0d96c97947/element - {"using":"xpath","value":"//button[@data-kt=\"addOverflowToolbarButton\"]"}
RESULT: {"using":"xpath","value":"//button[@data-kt=\"addOverflowToolbarButton\"]"}
COMMAND: POST /session/c486a9816572bc452379bf0d96c97947/elements - {"using":"xpath","value":"//button[@data-kt=\"addOverflowToolbarButton\"]"}
RESULT: {"using":"xpath","value":"//button[@data-kt=\"addOverflowToolbarButton\"]"}
COMMAND: POST /session/c486a9816572bc452379bf0d96c97947/execute/sync - {"script":"<script> [8489 bytes]","args":[{"element-6066-11e4-a52e-4f735466cecf":"f.3F9ECC6ADE9C5A6D32036CC41DCDE0D0.d.189FAE148C67F8C1EA7465F5B56D3C5A.e.10303","ELEMENT":"f.3F9ECC6ADE9C5A6D32036CC41DCDE0D0.d.189FAE148C67F8C1EA7465F5B56D3C5A.e.10303"}]}
RESULT: {"script":"<script> [8489 bytes]","args":[{"element-6066-11e4-a52e-4f735466cecf":"f.3F9ECC6ADE9C5A6D32036CC41DCDE0D0.d.189FAE148C67F8C1EA7465F5B56D3C5A.e.10303","ELEMENT":"f.3F9ECC6ADE9C5A6D32036CC41DCDE0D0.d.189FAE148C67F8C1EA7465F5B56D3C5A.e.10303"}]}
COMMAND: GET /session/c486a9816572bc452379bf0d96c97947/element/f.3F9ECC6ADE9C5A6D32036CC41DCDE0D0.d.189FAE148C67F8C1EA7465F5B56D3C5A.e.10303/enabled - {}
COMMAND: GET /session/c486a9816572bc452379bf0d96c97947/screenshot - {}
RESULT: {}
COMMAND: POST /session/c486a9816572bc452379bf0d96c97947/execute/sync - {"script":"<script> [8489 bytes]","args":[{"element-6066-11e4-a52e-4f735466cecf":"f.3F9ECC6ADE9C5A6D32036CC41DCDE0D0.d.189FAE148C67F8C1EA7465F5B56D3C5A.e.10303","ELEMENT":"f.3F9ECC6ADE9C5A6D32036CC41DCDE0D0.d.189FAE148C67F8C1EA7465F5B56D3C5A.e.10303"}]}
COMMAND: GET /session/c486a9816572bc452379bf0d96c97947/screenshot - {}
RESULT: {}
RESULT: {"script":"<script> [8489 bytes]","args":[{"element-6066-11e4-a52e-4f735466cecf":"f.3F9ECC6ADE9C5A6D32036CC41DCDE0D0.d.189FAE148C67F8C1EA7465F5B56D3C5A.e.10303","ELEMENT":"f.3F9ECC6ADE9C5A6D32036CC41DCDE0D0.d.189FAE148C67F8C1EA7465F5B56D3C5A.e.10303"}]}
COMMAND: POST /session/c486a9816572bc452379bf0d96c97947/execute/sync - {"script":"<script> [5351 bytes]","args":[{"element-6066-11e4-a52e-4f735466cecf":"f.3F9ECC6ADE9C5A6D32036CC41DCDE0D0.d.189FAE148C67F8C1EA7465F5B56D3C5A.e.10303","ELEMENT":"f.3F9ECC6ADE9C5A6D32036CC41DCDE0D0.d.189FAE148C67F8C1EA7465F5B56D3C5A.e.10303"}]}
COMMAND: GET /session/c486a9816572bc452379bf0d96c97947/screenshot - {}
RESULT: {}
RESULT: {"script":"<script> [5351 bytes]","args":[{"element-6066-11e4-a52e-4f735466cecf":"f.3F9ECC6ADE9C5A6D32036CC41DCDE0D0.d.189FAE148C67F8C1EA7465F5B56D3C5A.e.10303","ELEMENT":"f.3F9ECC6ADE9C5A6D32036CC41DCDE0D0.d.189FAE148C67F8C1EA7465F5B56D3C5A.e.10303"}]}
COMMAND: POST /session/c486a9816572bc452379bf0d96c97947/element/f.3F9ECC6ADE9C5A6D32036CC41DCDE0D0.d.189FAE148C67F8C1EA7465F5B56D3C5A.e.10303/click - {}
COMMAND: GET /session/c486a9816572bc452379bf0d96c97947/screenshot - {}
RESULT: {}
RESULT: {}
COMMAND: GET /session/c486a9816572bc452379bf0d96c97947/screenshot - {}
RESULT: {}
COMMAND: POST /session/c486a9816572bc452379bf0d96c97947/element - {"using":"xpath","value":"//input[@id=\"application-managesites-display-component---NewSite--siteId-inner\"]"}
RESULT: {}
RESULT: {"using":"xpath","value":"//input[@id=\"application-managesites-display-component---NewSite--siteId-inner\"]"}
COMMAND: POST /session/c486a9816572bc452379bf0d96c97947/element - {"using":"xpath","value":"//input[@id=\"application-managesites-display-component---NewSite--siteId-inner\"]"}
RESULT: {"using":"xpath","value":"//input[@id=\"application-managesites-display-component---NewSite--siteId-inner\"]"}
COMMAND: POST /session/c486a9816572bc452379bf0d96c97947/execute/async - {"script":"<script> [1562 bytes]","args":[{"selector":{"id":"application-managesites-display-component---NewSite--addressDetailDetailsName1","interaction":{"idSuffix":"inner"}},"wdio_ui5_key":"applicationmanagesites-display-component---NewSite--addressDetailDetailsName1"}]}
RESULT: {"script":"<script> [1562 bytes]","args":[{"selector":{"id":"application-managesites-display-component---NewSite--addressDetailDetailsName1","interaction":{"idSuffix":"inner"}},"wdio_ui5_key":"applicationmanagesites-display-component---NewSite--addressDetailDetailsName1"}]}
RESULT: undefined
COMMAND: POST /session/c486a9816572bc452379bf0d96c97947/execute/async - {"script":"<script> [776 bytes]","args":[{"enterText":"Other Type Site WDIO","selector":{"id":"application-managesites-display-component---NewSite--addressDetailDetailsName1","interaction":{"idSuffix":"inner"}},"clearTextFirst":true,"interactionType":"ENTER_TEXT"}]}
RESULT: {"script":"<script> [776 bytes]","args":[{"enterText":"Other Type Site WDIO","selector":{"id":"application-managesites-display-component---NewSite--addressDetailDetailsName1","interaction":{"idSuffix":"inner"}},"clearTextFirst":true,"interactionType":"ENTER_TEXT"}]}
COMMAND: POST /session/c486a9816572bc452379bf0d96c97947/execute/async - {"script":"<script> [1562 bytes]","args":[{"selector":{"id":"application-managesites-display-component---NewSite--addressDetailDetailsLanguage-arrow"},"wdio_ui5_key":"applicationmanagesites-display-component---NewSite--addressDetailDetailsLanguage-arrow"}]}
RESULT: {"script":"<script> [1562 bytes]","args":[{"selector":{"id":"application-managesites-display-component---NewSite--addressDetailDetailsLanguage-arrow"},"wdio_ui5_key":"applicationmanagesites-display-component---NewSite--addressDetailDetailsLanguage-arrow"}]}
RESULT: undefined
COMMAND: POST /session/c486a9816572bc452379bf0d96c97947/element - {"using":"xpath","value":"//*[@id=\"application-managesites-display-component---NewSite--addressDetailDetailsLanguage-arrow\"]"}
RESULT: {"using":"xpath","value":"//*[@id=\"application-managesites-display-component---NewSite--addressDetailDetailsLanguage-arrow\"]"}
COMMAND: POST /session/c486a9816572bc452379bf0d96c97947/element/f.3F9ECC6ADE9C5A6D32036CC41DCDE0D0.d.189FAE148C67F8C1EA7465F5B56D3C5A.e.10696/click - {}
RESULT: {}
COMMAND: POST /session/c486a9816572bc452379bf0d96c97947/element - {"using":"xpath","value":"//span[contains(text(), \"English\")]"}
COMMAND: GET /session/c486a9816572bc452379bf0d96c97947/screenshot - {}
RESULT: {"using":"xpath","value":"//span[contains(text(), \"English\")]"}
COMMAND: POST /session/c486a9816572bc452379bf0d96c97947/element/f.3F9ECC6ADE9C5A6D32036CC41DCDE0D0.d.189FAE148C67F8C1EA7465F5B56D3C5A.e.10697/click - {}
RESULT: {}
RESULT: {}
COMMAND: POST /session/c486a9816572bc452379bf0d96c97947/execute/async - {"script":"<script> [1562 bytes]","args":[{"selector":{"id":"application-managesites-display-component---NewSite--addressDetailDetailsCity1","interaction":{"idSuffix":"inner"}},"wdio_ui5_key":"applicationmanagesites-display-component---NewSite--addressDetailDetailsCity1"}]}
COMMAND: GET /session/c486a9816572bc452379bf0d96c97947/screenshot - {}
RESULT: {"script":"<script> [1562 bytes]","args":[{"selector":{"id":"application-managesites-display-component---NewSite--addressDetailDetailsCity1","interaction":{"idSuffix":"inner"}},"wdio_ui5_key":"applicationmanagesites-display-component---NewSite--addressDetailDetailsCity1"}]}
RESULT: undefined
COMMAND: POST /session/c486a9816572bc452379bf0d96c97947/execute/async - {"script":"<script> [776 bytes]","args":[{"enterText":"Rosario","selector":{"id":"application-managesites-display-component---NewSite--addressDetailDetailsCity1","interaction":{"idSuffix":"inner"}},"clearTextFirst":true,"interactionType":"ENTER_TEXT"}]}
RESULT: {}
RESULT: {"script":"<script> [776 bytes]","args":[{"enterText":"Rosario","selector":{"id":"application-managesites-display-component---NewSite--addressDetailDetailsCity1","interaction":{"idSuffix":"inner"}},"clearTextFirst":true,"interactionType":"ENTER_TEXT"}]}
COMMAND: POST /session/c486a9816572bc452379bf0d96c97947/execute/async - {"script":"<script> [1562 bytes]","args":[{"selector":{"id":"application-managesites-display-component---NewSite--addressDetailDetailsCountry-arrow"},"wdio_ui5_key":"applicationmanagesites-display-component---NewSite--addressDetailDetailsCountry-arrow"}]}
RESULT: {"script":"<script> [1562 bytes]","args":[{"selector":{"id":"application-managesites-display-component---NewSite--addressDetailDetailsCountry-arrow"},"wdio_ui5_key":"applicationmanagesites-display-component---NewSite--addressDetailDetailsCountry-arrow"}]}
RESULT: undefined
COMMAND: POST /session/c486a9816572bc452379bf0d96c97947/element - {"using":"xpath","value":"//*[@id=\"application-managesites-display-component---NewSite--addressDetailDetailsCountry-arrow\"]"}
RESULT: {"using":"xpath","value":"//*[@id=\"application-managesites-display-component---NewSite--addressDetailDetailsCountry-arrow\"]"}
COMMAND: POST /session/c486a9816572bc452379bf0d96c97947/element/f.3F9ECC6ADE9C5A6D32036CC41DCDE0D0.d.189FAE148C67F8C1EA7465F5B56D3C5A.e.10699/click - {}
RESULT: {}
COMMAND: POST /session/c486a9816572bc452379bf0d96c97947/element - {"using":"xpath","value":"//span[contains(text(), \"Argentina\")]"}
COMMAND: GET /session/c486a9816572bc452379bf0d96c97947/screenshot - {}
RESULT: {"using":"xpath","value":"//span[contains(text(), \"Argentina\")]"}
COMMAND: POST /session/c486a9816572bc452379bf0d96c97947/element/f.3F9ECC6ADE9C5A6D32036CC41DCDE0D0.d.189FAE148C67F8C1EA7465F5B56D3C5A.e.10701/click - {}
RESULT: {}
RESULT: {}
COMMAND: GET /session/c486a9816572bc452379bf0d96c97947/screenshot - {}
RESULT: {}
COMMAND: POST /session/c486a9816572bc452379bf0d96c97947/execute/async - {"script":"<script> [1562 bytes]","args":[{"selector":{"id":"application-managesites-display-component---NewSite--addressEditDetailsCostObjectCstType-arrow"},"wdio_ui5_key":"applicationmanagesites-display-component---NewSite--addressEditDetailsCostObjectCstType-arrow"}]}
RESULT: {"script":"<script> [1562 bytes]","args":[{"selector":{"id":"application-managesites-display-component---NewSite--addressEditDetailsCostObjectCstType-arrow"},"wdio_ui5_key":"applicationmanagesites-display-component---NewSite--addressEditDetailsCostObjectCstType-arrow"}]}
RESULT: undefined
COMMAND: POST /session/c486a9816572bc452379bf0d96c97947/element - {"using":"xpath","value":"//*[@id=\"application-managesites-display-component---NewSite--addressEditDetailsCostObjectCstType-arrow\"]"}
RESULT: {"using":"xpath","value":"//*[@id=\"application-managesites-display-component---NewSite--addressEditDetailsCostObjectCstType-arrow\"]"}
COMMAND: POST /session/c486a9816572bc452379bf0d96c97947/element/f.3F9ECC6ADE9C5A6D32036CC41DCDE0D0.d.189FAE148C67F8C1EA7465F5B56D3C5A.e.10702/click - {}
RESULT: {}
COMMAND: POST /session/c486a9816572bc452379bf0d96c97947/element - {"using":"xpath","value":"//span[contains(text(), \"Cost Center\")]"}
COMMAND: GET /session/c486a9816572bc452379bf0d96c97947/screenshot - {}
RESULT: {"using":"xpath","value":"//span[contains(text(), \"Cost Center\")]"}
COMMAND: POST /session/c486a9816572bc452379bf0d96c97947/element/f.3F9ECC6ADE9C5A6D32036CC41DCDE0D0.d.189FAE148C67F8C1EA7465F5B56D3C5A.e.10703/click - {}
RESULT: {}
RESULT: {}
COMMAND: GET /session/c486a9816572bc452379bf0d96c97947/screenshot - {}
RESULT: {}
COMMAND: POST /session/c486a9816572bc452379bf0d96c97947/element - {"using":"xpath","value":"//span[@id=\"application-managesites-display-component---NewSite--addressNewCostObjectCstID-vhi\"]"}
RESULT: {"using":"xpath","value":"//span[@id=\"application-managesites-display-component---NewSite--addressNewCostObjectCstID-vhi\"]"}
COMMAND: POST /session/c486a9816572bc452379bf0d96c97947/execute/sync - {"script":"<script> [8489 bytes]","args":[{"element-6066-11e4-a52e-4f735466cecf":"f.3F9ECC6ADE9C5A6D32036CC41DCDE0D0.d.189FAE148C67F8C1EA7465F5B56D3C5A.e.10708","ELEMENT":"f.3F9ECC6ADE9C5A6D32036CC41DCDE0D0.d.189FAE148C67F8C1EA7465F5B56D3C5A.e.10708"}]}
RESULT: {"script":"<script> [8489 bytes]","args":[{"element-6066-11e4-a52e-4f735466cecf":"f.3F9ECC6ADE9C5A6D32036CC41DCDE0D0.d.189FAE148C67F8C1EA7465F5B56D3C5A.e.10708","ELEMENT":"f.3F9ECC6ADE9C5A6D32036CC41DCDE0D0.d.189FAE148C67F8C1EA7465F5B56D3C5A.e.10708"}]}
COMMAND: POST /session/c486a9816572bc452379bf0d96c97947/execute/async - {"script":"<script> [1562 bytes]","args":[{"selector":{"id":"application-managesites-display-component---NewSite--addressNewCostObjectCstID-vhi"},"wdio_ui5_key":"applicationmanagesites-display-component---NewSite--addressNewCostObjectCstID-vhi"}]}
COMMAND: GET /session/c486a9816572bc452379bf0d96c97947/screenshot - {}
RESULT: {"script":"<script> [1562 bytes]","args":[{"selector":{"id":"application-managesites-display-component---NewSite--addressNewCostObjectCstID-vhi"},"wdio_ui5_key":"applicationmanagesites-display-component---NewSite--addressNewCostObjectCstID-vhi"}]}
RESULT: undefined
COMMAND: POST /session/c486a9816572bc452379bf0d96c97947/element - {"using":"xpath","value":"//*[@id=\"application-managesites-display-component---NewSite--addressNewCostObjectCstID-vhi\"]"}
RESULT: {}
RESULT: {"using":"xpath","value":"//*[@id=\"application-managesites-display-component---NewSite--addressNewCostObjectCstID-vhi\"]"}
COMMAND: POST /session/c486a9816572bc452379bf0d96c97947/element/f.3F9ECC6ADE9C5A6D32036CC41DCDE0D0.d.189FAE148C67F8C1EA7465F5B56D3C5A.e.10708/click - {}
RESULT: {}
COMMAND: GET /session/c486a9816572bc452379bf0d96c97947/screenshot - {}
RESULT: {}
RESULT: undefined
COMMAND: POST /session/c486a9816572bc452379bf0d96c97947/execute/async - {"script":"<script> [776 bytes]","args":[{"enterText":"10001013","selector":{"controlType":"sap.m.SearchField","properties":{"placeholder":"Search"},"searchOpenDialogs":true,"interaction":{"idSuffix":"I"}},"clearTextFirst":true,"interactionType":"ENTER_TEXT"}]}
RESULT: {"script":"<script> [776 bytes]","args":[{"enterText":"10001013","selector":{"controlType":"sap.m.SearchField","properties":{"placeholder":"Search"},"searchOpenDialogs":true,"interaction":{"idSuffix":"I"}},"clearTextFirst":true,"interactionType":"ENTER_TEXT"}]}
COMMAND: POST /session/c486a9816572bc452379bf0d96c97947/actions - {"actions":[{"id":"action34","type":"key","parameters":{},"actions":[{"type":"keyDown","value":"î€‡"},{"type":"pause","duration":10},{"type":"keyUp","value":"î€‡"}]}]}
RESULT: {"actions":[{"id":"action34","type":"key","parameters":{},"actions":[{"type":"keyDown","value":"î€‡"},{"type":"pause","duration":10},{"type":"keyUp","value":"î€‡"}]}]}
COMMAND: GET /session/c486a9816572bc452379bf0d96c97947/screenshot - {}
RESULT: {}
COMMAND: POST /session/c486a9816572bc452379bf0d96c97947/element - {"using":"xpath","value":"//span[contains(text(), \"General Management\")]"}
RESULT: {"using":"xpath","value":"//span[contains(text(), \"General Management\")]"}
COMMAND: POST /session/c486a9816572bc452379bf0d96c97947/element/f.3F9ECC6ADE9C5A6D32036CC41DCDE0D0.d.189FAE148C67F8C1EA7465F5B56D3C5A.e.10747/click - {}
RESULT: {}
COMMAND: GET /session/c486a9816572bc452379bf0d96c97947/screenshot - {}
RESULT: {}
COMMAND: POST /session/c486a9816572bc452379bf0d96c97947/element - {"using":"xpath","value":"//bdi[contains(text(), \"OK\")]"}
RESULT: {"using":"xpath","value":"//bdi[contains(text(), \"OK\")]"}
COMMAND: POST /session/c486a9816572bc452379bf0d96c97947/element/f.3F9ECC6ADE9C5A6D32036CC41DCDE0D0.d.189FAE148C67F8C1EA7465F5B56D3C5A.e.10748/click - {}
RESULT: {}
COMMAND: GET /session/c486a9816572bc452379bf0d96c97947/screenshot - {}
RESULT: {}
COMMAND: POST /session/c486a9816572bc452379bf0d96c97947/element - {"using":"xpath","value":"//input[@id=\"application-managesites-display-component---NewSite--addressDetailDetailsCalendar-inner\"]"}
RESULT: {"using":"xpath","value":"//input[@id=\"application-managesites-display-component---NewSite--addressDetailDetailsCalendar-inner\"]"}
COMMAND: POST /session/c486a9816572bc452379bf0d96c97947/element/f.3F9ECC6ADE9C5A6D32036CC41DCDE0D0.d.189FAE148C67F8C1EA7465F5B56D3C5A.e.10543/clear - {}
RESULT: {}
COMMAND: POST /session/c486a9816572bc452379bf0d96c97947/element/f.3F9ECC6ADE9C5A6D32036CC41DCDE0D0.d.189FAE148C67F8C1EA7465F5B56D3C5A.e.10543/value - {"text":"Unit"}
COMMAND: GET /session/c486a9816572bc452379bf0d96c97947/screenshot - {}
RESULT: {}
RESULT: {"text":"Unit"}
COMMAND: GET /session/c486a9816572bc452379bf0d96c97947/screenshot - {}
RESULT: {}
COMMAND: POST /session/c486a9816572bc452379bf0d96c97947/actions - {"actions":[{"id":"action35","type":"key","parameters":{},"actions":[{"type":"keyDown","value":"î€‡"},{"type":"pause","duration":10},{"type":"keyUp","value":"î€‡"}]}]}
RESULT: {"actions":[{"id":"action35","type":"key","parameters":{},"actions":[{"type":"keyDown","value":"î€‡"},{"type":"pause","duration":10},{"type":"keyUp","value":"î€‡"}]}]}
COMMAND: POST /session/c486a9816572bc452379bf0d96c97947/element - {"using":"xpath","value":"//input[@id=\"application-managesites-display-component---NewSite--addressDetailDetailsYard-inner\"]"}
COMMAND: GET /session/c486a9816572bc452379bf0d96c97947/screenshot - {}
RESULT: {"using":"xpath","value":"//input[@id=\"application-managesites-display-component---NewSite--addressDetailDetailsYard-inner\"]"}
COMMAND: POST /session/c486a9816572bc452379bf0d96c97947/element/f.3F9ECC6ADE9C5A6D32036CC41DCDE0D0.d.189FAE148C67F8C1EA7465F5B56D3C5A.e.10544/clear - {}
RESULT: {}
RESULT: {}
COMMAND: POST /session/c486a9816572bc452379bf0d96c97947/element/f.3F9ECC6ADE9C5A6D32036CC41DCDE0D0.d.189FAE148C67F8C1EA7465F5B56D3C5A.e.10544/value - {"text":"381"}
COMMAND: GET /session/c486a9816572bc452379bf0d96c97947/screenshot - {}
RESULT: {"text":"381"}
COMMAND: GET /session/c486a9816572bc452379bf0d96c97947/screenshot - {}
RESULT: {}
RESULT: {}
COMMAND: POST /session/c486a9816572bc452379bf0d96c97947/element - {"using":"xpath","value":"//li[.//span[text()='381']]"}
RESULT: {"using":"xpath","value":"//li[.//span[text()='381']]"}
COMMAND: POST /session/c486a9816572bc452379bf0d96c97947/element/f.3F9ECC6ADE9C5A6D32036CC41DCDE0D0.d.189FAE148C67F8C1EA7465F5B56D3C5A.e.10756/click - {}
RESULT: {}
COMMAND: GET /session/c486a9816572bc452379bf0d96c97947/screenshot - {}
RESULT: {}
COMMAND: POST /session/c486a9816572bc452379bf0d96c97947/element - {"using":"xpath","value":"//input[@id=\"application-managesites-display-component---NewSite--addressDetailDetailsPartner-inner\"]"}
RESULT: {"using":"xpath","value":"//input[@id=\"application-managesites-display-component---NewSite--addressDetailDetailsPartner-inner\"]"}
COMMAND: POST /session/c486a9816572bc452379bf0d96c97947/element - {"using":"xpath","value":"//input[@id=\"application-managesites-display-component---NewSite--addressDetailDetailsPartner-inner\"]"}
RESULT: {"using":"xpath","value":"//input[@id=\"application-managesites-display-component---NewSite--addressDetailDetailsPartner-inner\"]"}
COMMAND: POST /session/c486a9816572bc452379bf0d96c97947/element - {"using":"xpath","value":"//button[@data-kt=\"saveButton\"]"}
RESULT: {"using":"xpath","value":"//button[@data-kt=\"saveButton\"]"}
COMMAND: POST /session/c486a9816572bc452379bf0d96c97947/element/f.3F9ECC6ADE9C5A6D32036CC41DCDE0D0.d.189FAE148C67F8C1EA7465F5B56D3C5A.e.10653/click - {}
RESULT: {}
COMMAND: GET /session/c486a9816572bc452379bf0d96c97947/screenshot - {}
RESULT: {}
COMMAND: POST /session/c486a9816572bc452379bf0d96c97947/element - {"using":"xpath","value":"//header[contains(@id, 'ObjectPageLayout-headerTitle')]/div[1]/div[2]/div[2]/span[1]"}
RESULT: {"using":"xpath","value":"//header[contains(@id, 'ObjectPageLayout-headerTitle')]/div[1]/div[2]/div[2]/span[1]"}
COMMAND: POST /session/c486a9816572bc452379bf0d96c97947/elements - {"using":"xpath","value":"//header[contains(@id, 'ObjectPageLayout-headerTitle')]/div[1]/div[2]/div[2]/span[1]"}
RESULT: {"using":"xpath","value":"//header[contains(@id, 'ObjectPageLayout-headerTitle')]/div[1]/div[2]/div[2]/span[1]"}
COMMAND: POST /session/c486a9816572bc452379bf0d96c97947/execute/sync - {"script":"<script> [56 bytes]","args":[{"element-6066-11e4-a52e-4f735466cecf":"f.3F9ECC6ADE9C5A6D32036CC41DCDE0D0.d.189FAE148C67F8C1EA7465F5B56D3C5A.e.10976","ELEMENT":"f.3F9ECC6ADE9C5A6D32036CC41DCDE0D0.d.189FAE148C67F8C1EA7465F5B56D3C5A.e.10976"}]}
RESULT: {"script":"<script> [56 bytes]","args":[{"element-6066-11e4-a52e-4f735466cecf":"f.3F9ECC6ADE9C5A6D32036CC41DCDE0D0.d.189FAE148C67F8C1EA7465F5B56D3C5A.e.10976","ELEMENT":"f.3F9ECC6ADE9C5A6D32036CC41DCDE0D0.d.189FAE148C67F8C1EA7465F5B56D3C5A.e.10976"}]}
COMMAND: POST /session/c486a9816572bc452379bf0d96c97947/element - {"using":"css selector","value":"#shell-header-logo"}
COMMAND: GET /session/c486a9816572bc452379bf0d96c97947/screenshot - {}
RESULT: {"using":"css selector","value":"#shell-header-logo"}
COMMAND: POST /session/c486a9816572bc452379bf0d96c97947/element/f.3F9ECC6ADE9C5A6D32036CC41DCDE0D0.d.189FAE148C67F8C1EA7465F5B56D3C5A.e.10259/click - {}
RESULT: {}
RESULT: {}
COMMAND: GET /session/c486a9816572bc452379bf0d96c97947/screenshot - {}
RESULT: {}
COMMAND: POST /session/c486a9816572bc452379bf0d96c97947/execute/sync - {"script":"<script> [299 bytes]","args":[["getModel","getResource"]]}
RESULT: {"script":"<script> [299 bytes]","args":[["getModel","getResource"]]}
]]></system-out>
    </testcase>
    <testcase classname="chrome.136_0_7103_93.windows.Provide_to_Site_w/o_warehouse_management_w/_clarification_US116605" name="Should create a new material" time="127.745">
      <system-out><![CDATA[
COMMAND: POST /session/c486a9816572bc452379bf0d96c97947/execute/async - {"script":"<script> [1562 bytes]","args":[{"selector":{"controlType":"sap.m.GenericTile","properties":{"header":"Manage Resources"}},"wdio_ui5_key":"sapm.GenericTile{\"header\":\"Manage Resources\"}"}]}
COMMAND: GET /session/c486a9816572bc452379bf0d96c97947/screenshot - {}
RESULT: {"script":"<script> [1562 bytes]","args":[{"selector":{"controlType":"sap.m.GenericTile","properties":{"header":"Manage Resources"}},"wdio_ui5_key":"sapm.GenericTile{\"header\":\"Manage Resources\"}"}]}
RESULT: undefined
COMMAND: POST /session/c486a9816572bc452379bf0d96c97947/element - {"using":"xpath","value":"//*[@id=\"__tile31\"]"}
RESULT: {}
RESULT: {"using":"xpath","value":"//*[@id=\"__tile31\"]"}
COMMAND: POST /session/c486a9816572bc452379bf0d96c97947/element/f.3F9ECC6ADE9C5A6D32036CC41DCDE0D0.d.189FAE148C67F8C1EA7465F5B56D3C5A.e.8751/click - {}
RESULT: {}
COMMAND: GET /session/c486a9816572bc452379bf0d96c97947/screenshot - {}
RESULT: {}
COMMAND: POST /session/c486a9816572bc452379bf0d96c97947/elements - {"using":"xpath","value":"//span[text()='Error']"}
RESULT: {"using":"xpath","value":"//span[text()='Error']"}
COMMAND: POST /session/c486a9816572bc452379bf0d96c97947/element - {"using":"xpath","value":"//button[@data-kt=\"addNewRUOverflowToolbarButton\"]"}
RESULT: {"using":"xpath","value":"//button[@data-kt=\"addNewRUOverflowToolbarButton\"]"}
COMMAND: POST /session/c486a9816572bc452379bf0d96c97947/elements - {"using":"xpath","value":"//button[@data-kt=\"addNewRUOverflowToolbarButton\"]"}
RESULT: {"using":"xpath","value":"//button[@data-kt=\"addNewRUOverflowToolbarButton\"]"}
COMMAND: POST /session/c486a9816572bc452379bf0d96c97947/elements - {"using":"xpath","value":"//button[@data-kt=\"addNewRUOverflowToolbarButton\"]"}
RESULT: {"using":"xpath","value":"//button[@data-kt=\"addNewRUOverflowToolbarButton\"]"}
COMMAND: POST /session/c486a9816572bc452379bf0d96c97947/elements - {"using":"xpath","value":"//button[@data-kt=\"addNewRUOverflowToolbarButton\"]"}
RESULT: {"using":"xpath","value":"//button[@data-kt=\"addNewRUOverflowToolbarButton\"]"}
COMMAND: POST /session/c486a9816572bc452379bf0d96c97947/element - {"using":"xpath","value":"//button[@data-kt=\"addNewRUOverflowToolbarButton\"]"}
RESULT: {"using":"xpath","value":"//button[@data-kt=\"addNewRUOverflowToolbarButton\"]"}
COMMAND: POST /session/c486a9816572bc452379bf0d96c97947/execute/sync - {"script":"<script> [8489 bytes]","args":[{"element-6066-11e4-a52e-4f735466cecf":"f.3F9ECC6ADE9C5A6D32036CC41DCDE0D0.d.189FAE148C67F8C1EA7465F5B56D3C5A.e.11008","ELEMENT":"f.3F9ECC6ADE9C5A6D32036CC41DCDE0D0.d.189FAE148C67F8C1EA7465F5B56D3C5A.e.11008"}]}
RESULT: {"script":"<script> [8489 bytes]","args":[{"element-6066-11e4-a52e-4f735466cecf":"f.3F9ECC6ADE9C5A6D32036CC41DCDE0D0.d.189FAE148C67F8C1EA7465F5B56D3C5A.e.11008","ELEMENT":"f.3F9ECC6ADE9C5A6D32036CC41DCDE0D0.d.189FAE148C67F8C1EA7465F5B56D3C5A.e.11008"}]}
COMMAND: GET /session/c486a9816572bc452379bf0d96c97947/element/f.3F9ECC6ADE9C5A6D32036CC41DCDE0D0.d.189FAE148C67F8C1EA7465F5B56D3C5A.e.11008/enabled - {}
COMMAND: GET /session/c486a9816572bc452379bf0d96c97947/screenshot - {}
RESULT: {}
COMMAND: POST /session/c486a9816572bc452379bf0d96c97947/execute/sync - {"script":"<script> [8489 bytes]","args":[{"element-6066-11e4-a52e-4f735466cecf":"f.3F9ECC6ADE9C5A6D32036CC41DCDE0D0.d.189FAE148C67F8C1EA7465F5B56D3C5A.e.11008","ELEMENT":"f.3F9ECC6ADE9C5A6D32036CC41DCDE0D0.d.189FAE148C67F8C1EA7465F5B56D3C5A.e.11008"}]}
COMMAND: GET /session/c486a9816572bc452379bf0d96c97947/screenshot - {}
RESULT: {}
RESULT: {"script":"<script> [8489 bytes]","args":[{"element-6066-11e4-a52e-4f735466cecf":"f.3F9ECC6ADE9C5A6D32036CC41DCDE0D0.d.189FAE148C67F8C1EA7465F5B56D3C5A.e.11008","ELEMENT":"f.3F9ECC6ADE9C5A6D32036CC41DCDE0D0.d.189FAE148C67F8C1EA7465F5B56D3C5A.e.11008"}]}
COMMAND: POST /session/c486a9816572bc452379bf0d96c97947/execute/sync - {"script":"<script> [5351 bytes]","args":[{"element-6066-11e4-a52e-4f735466cecf":"f.3F9ECC6ADE9C5A6D32036CC41DCDE0D0.d.189FAE148C67F8C1EA7465F5B56D3C5A.e.11008","ELEMENT":"f.3F9ECC6ADE9C5A6D32036CC41DCDE0D0.d.189FAE148C67F8C1EA7465F5B56D3C5A.e.11008"}]}
RESULT: {}
RESULT: {"script":"<script> [5351 bytes]","args":[{"element-6066-11e4-a52e-4f735466cecf":"f.3F9ECC6ADE9C5A6D32036CC41DCDE0D0.d.189FAE148C67F8C1EA7465F5B56D3C5A.e.11008","ELEMENT":"f.3F9ECC6ADE9C5A6D32036CC41DCDE0D0.d.189FAE148C67F8C1EA7465F5B56D3C5A.e.11008"}]}
COMMAND: POST /session/c486a9816572bc452379bf0d96c97947/element/f.3F9ECC6ADE9C5A6D32036CC41DCDE0D0.d.189FAE148C67F8C1EA7465F5B56D3C5A.e.11008/click - {}
COMMAND: GET /session/c486a9816572bc452379bf0d96c97947/screenshot - {}
COMMAND: GET /session/c486a9816572bc452379bf0d96c97947/screenshot - {}
RESULT: {}
COMMAND: GET /session/c486a9816572bc452379bf0d96c97947/screenshot - {}
RESULT: {}
COMMAND: POST /session/c486a9816572bc452379bf0d96c97947/execute/async - {"script":"<script> [1562 bytes]","args":[{"selector":{"id":"application-manageresources-display-component---newResourceUnit--TYPE-arrow"},"wdio_ui5_key":"applicationmanageresources-display-component---newResourceUnit--TYPE-arrow"}]}
RESULT: {}
RESULT: {}
RESULT: {"script":"<script> [1562 bytes]","args":[{"selector":{"id":"application-manageresources-display-component---newResourceUnit--TYPE-arrow"},"wdio_ui5_key":"applicationmanageresources-display-component---newResourceUnit--TYPE-arrow"}]}
RESULT: undefined
COMMAND: POST /session/c486a9816572bc452379bf0d96c97947/element - {"using":"xpath","value":"//*[@id=\"application-manageresources-display-component---newResourceUnit--TYPE-arrow\"]"}
RESULT: {"using":"xpath","value":"//*[@id=\"application-manageresources-display-component---newResourceUnit--TYPE-arrow\"]"}
COMMAND: POST /session/c486a9816572bc452379bf0d96c97947/element/f.3F9ECC6ADE9C5A6D32036CC41DCDE0D0.d.189FAE148C67F8C1EA7465F5B56D3C5A.e.11362/click - {}
RESULT: {}
COMMAND: POST /session/c486a9816572bc452379bf0d96c97947/element - {"using":"xpath","value":"//input[@id=\"application-manageresources-display-component---newResourceUnit--TYPE-inner\"]"}
COMMAND: GET /session/c486a9816572bc452379bf0d96c97947/screenshot - {}
RESULT: {"using":"xpath","value":"//input[@id=\"application-manageresources-display-component---newResourceUnit--TYPE-inner\"]"}
COMMAND: POST /session/c486a9816572bc452379bf0d96c97947/element/f.3F9ECC6ADE9C5A6D32036CC41DCDE0D0.d.189FAE148C67F8C1EA7465F5B56D3C5A.e.11359/clear - {}
RESULT: {}
RESULT: {}
COMMAND: POST /session/c486a9816572bc452379bf0d96c97947/element/f.3F9ECC6ADE9C5A6D32036CC41DCDE0D0.d.189FAE148C67F8C1EA7465F5B56D3C5A.e.11359/value - {"text":"Material"}
COMMAND: GET /session/c486a9816572bc452379bf0d96c97947/screenshot - {}
RESULT: {"text":"Material"}
COMMAND: GET /session/c486a9816572bc452379bf0d96c97947/screenshot - {}
RESULT: {}
RESULT: {}
COMMAND: POST /session/c486a9816572bc452379bf0d96c97947/actions - {"actions":[{"id":"action36","type":"key","parameters":{},"actions":[{"type":"keyDown","value":"î€‡"},{"type":"pause","duration":10},{"type":"keyUp","value":"î€‡"}]}]}
RESULT: {"actions":[{"id":"action36","type":"key","parameters":{},"actions":[{"type":"keyDown","value":"î€‡"},{"type":"pause","duration":10},{"type":"keyUp","value":"î€‡"}]}]}
COMMAND: POST /session/c486a9816572bc452379bf0d96c97947/execute/async - {"script":"<script> [1562 bytes]","args":[{"selector":{"id":"application-manageresources-display-component---newResourceUnit--SHORT_TEXT","interaction":{"idSuffix":"inner"}},"wdio_ui5_key":"applicationmanageresources-display-component---newResourceUnit--SHORT_TEXT"}]}
COMMAND: GET /session/c486a9816572bc452379bf0d96c97947/screenshot - {}
RESULT: {"script":"<script> [1562 bytes]","args":[{"selector":{"id":"application-manageresources-display-component---newResourceUnit--SHORT_TEXT","interaction":{"idSuffix":"inner"}},"wdio_ui5_key":"applicationmanageresources-display-component---newResourceUnit--SHORT_TEXT"}]}
RESULT: undefined
COMMAND: POST /session/c486a9816572bc452379bf0d96c97947/execute/async - {"script":"<script> [776 bytes]","args":[{"enterText":"Cement WDIO","selector":{"id":"application-manageresources-display-component---newResourceUnit--SHORT_TEXT","interaction":{"idSuffix":"inner"}},"clearTextFirst":true,"interactionType":"ENTER_TEXT"}]}
RESULT: {}
RESULT: {"script":"<script> [776 bytes]","args":[{"enterText":"Cement WDIO","selector":{"id":"application-manageresources-display-component---newResourceUnit--SHORT_TEXT","interaction":{"idSuffix":"inner"}},"clearTextFirst":true,"interactionType":"ENTER_TEXT"}]}
COMMAND: POST /session/c486a9816572bc452379bf0d96c97947/execute/async - {"script":"<script> [1562 bytes]","args":[{"selector":{"id":"application-manageresources-display-component---newResourceUnit--BASE_UNIT_OF_MEASURE","interaction":{"idSuffix":"inner"}},"wdio_ui5_key":"applicationmanageresources-display-component---newResourceUnit--BASE_UNIT_OF_MEASURE"}]}
RESULT: {"script":"<script> [1562 bytes]","args":[{"selector":{"id":"application-manageresources-display-component---newResourceUnit--BASE_UNIT_OF_MEASURE","interaction":{"idSuffix":"inner"}},"wdio_ui5_key":"applicationmanageresources-display-component---newResourceUnit--BASE_UNIT_OF_MEASURE"}]}
RESULT: undefined
COMMAND: POST /session/c486a9816572bc452379bf0d96c97947/execute/async - {"script":"<script> [776 bytes]","args":[{"enterText":"Piece","selector":{"id":"application-manageresources-display-component---newResourceUnit--BASE_UNIT_OF_MEASURE","interaction":{"idSuffix":"inner"}},"clearTextFirst":true,"interactionType":"ENTER_TEXT"}]}
RESULT: {"script":"<script> [776 bytes]","args":[{"enterText":"Piece","selector":{"id":"application-manageresources-display-component---newResourceUnit--BASE_UNIT_OF_MEASURE","interaction":{"idSuffix":"inner"}},"clearTextFirst":true,"interactionType":"ENTER_TEXT"}]}
COMMAND: POST /session/c486a9816572bc452379bf0d96c97947/execute/async - {"script":"<script> [1562 bytes]","args":[{"selector":{"id":"application-manageresources-display-component---newResourceUnit--WEIGHT_UNIT","interaction":{"idSuffix":"inner"}},"wdio_ui5_key":"applicationmanageresources-display-component---newResourceUnit--WEIGHT_UNIT"}]}
RESULT: {"script":"<script> [1562 bytes]","args":[{"selector":{"id":"application-manageresources-display-component---newResourceUnit--WEIGHT_UNIT","interaction":{"idSuffix":"inner"}},"wdio_ui5_key":"applicationmanageresources-display-component---newResourceUnit--WEIGHT_UNIT"}]}
RESULT: undefined
COMMAND: POST /session/c486a9816572bc452379bf0d96c97947/execute/async - {"script":"<script> [776 bytes]","args":[{"enterText":"Gram","selector":{"id":"application-manageresources-display-component---newResourceUnit--WEIGHT_UNIT","interaction":{"idSuffix":"inner"}},"clearTextFirst":true,"interactionType":"ENTER_TEXT"}]}
RESULT: {"script":"<script> [776 bytes]","args":[{"enterText":"Gram","selector":{"id":"application-manageresources-display-component---newResourceUnit--WEIGHT_UNIT","interaction":{"idSuffix":"inner"}},"clearTextFirst":true,"interactionType":"ENTER_TEXT"}]}
COMMAND: POST /session/c486a9816572bc452379bf0d96c97947/execute/async - {"script":"<script> [1562 bytes]","args":[{"selector":{"id":"application-manageresources-display-component---newResourceUnit--DIMENSION_UNIT","interaction":{"idSuffix":"inner"}},"wdio_ui5_key":"applicationmanageresources-display-component---newResourceUnit--DIMENSION_UNIT"}]}
RESULT: {"script":"<script> [1562 bytes]","args":[{"selector":{"id":"application-manageresources-display-component---newResourceUnit--DIMENSION_UNIT","interaction":{"idSuffix":"inner"}},"wdio_ui5_key":"applicationmanageresources-display-component---newResourceUnit--DIMENSION_UNIT"}]}
RESULT: undefined
COMMAND: POST /session/c486a9816572bc452379bf0d96c97947/execute/async - {"script":"<script> [776 bytes]","args":[{"enterText":"Meter","selector":{"id":"application-manageresources-display-component---newResourceUnit--DIMENSION_UNIT","interaction":{"idSuffix":"inner"}},"clearTextFirst":true,"interactionType":"ENTER_TEXT"}]}
RESULT: {"script":"<script> [776 bytes]","args":[{"enterText":"Meter","selector":{"id":"application-manageresources-display-component---newResourceUnit--DIMENSION_UNIT","interaction":{"idSuffix":"inner"}},"clearTextFirst":true,"interactionType":"ENTER_TEXT"}]}
COMMAND: POST /session/c486a9816572bc452379bf0d96c97947/execute/async - {"script":"<script> [1562 bytes]","args":[{"selector":{"id":"application-manageresources-display-component---newResourceUnit--newRRUPage-anchBar-application-manageresources-display-component---newResourceUnit--control-anchor","interaction":{"idSuffix":"BDI-content"}},"wdio_ui5_key":"applicationmanageresources-display-component---newResourceUnit--newRRUPage-anchBar-application-manageresources-display-component---newResourceUnit--control-anchor"}]}
RESULT: {"script":"<script> [1562 bytes]","args":[{"selector":{"id":"application-manageresources-display-component---newResourceUnit--newRRUPage-anchBar-application-manageresources-display-component---newResourceUnit--control-anchor","interaction":{"idSuffix":"BDI-content"}},"wdio_ui5_key":"applicationmanageresources-display-component---newResourceUnit--newRRUPage-anchBar-application-manageresources-display-component---newResourceUnit--control-anchor"}]}
RESULT: undefined
COMMAND: POST /session/c486a9816572bc452379bf0d96c97947/element - {"using":"xpath","value":"//*[@id=\"application-manageresources-display-component---newResourceUnit--newRRUPage-anchBar-application-manageresources-display-component---newResourceUnit--control-anchor\"]"}
RESULT: {"using":"xpath","value":"//*[@id=\"application-manageresources-display-component---newResourceUnit--newRRUPage-anchBar-application-manageresources-display-component---newResourceUnit--control-anchor\"]"}
COMMAND: POST /session/c486a9816572bc452379bf0d96c97947/element/f.3F9ECC6ADE9C5A6D32036CC41DCDE0D0.d.189FAE148C67F8C1EA7465F5B56D3C5A.e.11425/click - {}
RESULT: {}
COMMAND: POST /session/c486a9816572bc452379bf0d96c97947/execute/async - {"script":"<script> [1562 bytes]","args":[{"selector":{"id":"application-manageresources-display-component---newResourceUnit--PLANNING_GROUP","interaction":{"idSuffix":"inner"}},"wdio_ui5_key":"applicationmanageresources-display-component---newResourceUnit--PLANNING_GROUP"}]}
COMMAND: GET /session/c486a9816572bc452379bf0d96c97947/screenshot - {}
RESULT: {"script":"<script> [1562 bytes]","args":[{"selector":{"id":"application-manageresources-display-component---newResourceUnit--PLANNING_GROUP","interaction":{"idSuffix":"inner"}},"wdio_ui5_key":"applicationmanageresources-display-component---newResourceUnit--PLANNING_GROUP"}]}
RESULT: undefined
COMMAND: POST /session/c486a9816572bc452379bf0d96c97947/execute/async - {"script":"<script> [776 bytes]","args":[{"enterText":"Material","selector":{"id":"application-manageresources-display-component---newResourceUnit--PLANNING_GROUP","interaction":{"idSuffix":"inner"}},"clearTextFirst":true,"interactionType":"ENTER_TEXT"}]}
RESULT: {}
RESULT: {"script":"<script> [776 bytes]","args":[{"enterText":"Material","selector":{"id":"application-manageresources-display-component---newResourceUnit--PLANNING_GROUP","interaction":{"idSuffix":"inner"}},"clearTextFirst":true,"interactionType":"ENTER_TEXT"}]}
COMMAND: POST /session/c486a9816572bc452379bf0d96c97947/execute/async - {"script":"<script> [1562 bytes]","args":[{"selector":{"id":"application-manageresources-display-component---newResourceUnit--PLANNING_INDICATOR","interaction":{"idSuffix":"inner"}},"wdio_ui5_key":"applicationmanageresources-display-component---newResourceUnit--PLANNING_INDICATOR"}]}
RESULT: {"script":"<script> [1562 bytes]","args":[{"selector":{"id":"application-manageresources-display-component---newResourceUnit--PLANNING_INDICATOR","interaction":{"idSuffix":"inner"}},"wdio_ui5_key":"applicationmanageresources-display-component---newResourceUnit--PLANNING_INDICATOR"}]}
RESULT: undefined
COMMAND: POST /session/c486a9816572bc452379bf0d96c97947/execute/async - {"script":"<script> [776 bytes]","args":[{"enterText":"10 - infinite","selector":{"id":"application-manageresources-display-component---newResourceUnit--PLANNING_INDICATOR","interaction":{"idSuffix":"inner"}},"clearTextFirst":true,"interactionType":"ENTER_TEXT"}]}
RESULT: {"script":"<script> [776 bytes]","args":[{"enterText":"10 - infinite","selector":{"id":"application-manageresources-display-component---newResourceUnit--PLANNING_INDICATOR","interaction":{"idSuffix":"inner"}},"clearTextFirst":true,"interactionType":"ENTER_TEXT"}]}
COMMAND: POST /session/c486a9816572bc452379bf0d96c97947/element - {"using":"css selector","value":"#application-manageresources-display-component---newResourceUnit--btnAddTimeSegment"}
RESULT: {"using":"css selector","value":"#application-manageresources-display-component---newResourceUnit--btnAddTimeSegment"}
COMMAND: GET /session/c486a9816572bc452379bf0d96c97947/element/f.3F9ECC6ADE9C5A6D32036CC41DCDE0D0.d.189FAE148C67F8C1EA7465F5B56D3C5A.e.11435/rect - {}
RESULT: {}
COMMAND: GET /session/c486a9816572bc452379bf0d96c97947/window/rect - {}
RESULT: {}
COMMAND: POST /session/c486a9816572bc452379bf0d96c97947/execute/sync - {"script":"<script> [92 bytes]","args":[]}
RESULT: {"script":"<script> [92 bytes]","args":[]}
COMMAND: POST /session/c486a9816572bc452379bf0d96c97947/actions - {"actions":[{"id":"action37","type":"wheel","parameters":{},"actions":[{"type":"scroll","x":-1888,"y":-32,"deltaX":0,"deltaY":0,"duration":0,"origin":{"element-6066-11e4-a52e-4f735466cecf":"f.3F9ECC6ADE9C5A6D32036CC41DCDE0D0.d.189FAE148C67F8C1EA7465F5B56D3C5A.e.11435"}}]}]}
COMMAND: GET /session/c486a9816572bc452379bf0d96c97947/screenshot - {}
RESULT: {}
COMMAND: POST /session/c486a9816572bc452379bf0d96c97947/execute/sync - {"script":"<script> [79 bytes]","args":[{"element-6066-11e4-a52e-4f735466cecf":"f.3F9ECC6ADE9C5A6D32036CC41DCDE0D0.d.189FAE148C67F8C1EA7465F5B56D3C5A.e.11435","ELEMENT":"f.3F9ECC6ADE9C5A6D32036CC41DCDE0D0.d.189FAE148C67F8C1EA7465F5B56D3C5A.e.11435"},{"block":"start","inline":"nearest"}]}
RESULT: {"script":"<script> [79 bytes]","args":[{"element-6066-11e4-a52e-4f735466cecf":"f.3F9ECC6ADE9C5A6D32036CC41DCDE0D0.d.189FAE148C67F8C1EA7465F5B56D3C5A.e.11435","ELEMENT":"f.3F9ECC6ADE9C5A6D32036CC41DCDE0D0.d.189FAE148C67F8C1EA7465F5B56D3C5A.e.11435"},{"block":"start","inline":"nearest"}]}
COMMAND: POST /session/c486a9816572bc452379bf0d96c97947/execute/async - {"script":"<script> [1562 bytes]","args":[{"selector":{"id":"application-manageresources-display-component---newResourceUnit--btnAddTimeSegment","interaction":{"idSuffix":"inner"}},"wdio_ui5_key":"applicationmanageresources-display-component---newResourceUnit--btnAddTimeSegment"}]}
COMMAND: GET /session/c486a9816572bc452379bf0d96c97947/screenshot - {}
RESULT: {"script":"<script> [1562 bytes]","args":[{"selector":{"id":"application-manageresources-display-component---newResourceUnit--btnAddTimeSegment","interaction":{"idSuffix":"inner"}},"wdio_ui5_key":"applicationmanageresources-display-component---newResourceUnit--btnAddTimeSegment"}]}
RESULT: undefined
COMMAND: POST /session/c486a9816572bc452379bf0d96c97947/element - {"using":"xpath","value":"//*[@id=\"application-manageresources-display-component---newResourceUnit--btnAddTimeSegment\"]"}
RESULT: {}
RESULT: {"using":"xpath","value":"//*[@id=\"application-manageresources-display-component---newResourceUnit--btnAddTimeSegment\"]"}
COMMAND: POST /session/c486a9816572bc452379bf0d96c97947/element/f.3F9ECC6ADE9C5A6D32036CC41DCDE0D0.d.189FAE148C67F8C1EA7465F5B56D3C5A.e.11435/click - {}
RESULT: {}
COMMAND: GET /session/c486a9816572bc452379bf0d96c97947/screenshot - {}
RESULT: {}
COMMAND: POST /session/c486a9816572bc452379bf0d96c97947/element - {"using":"xpath","value":"//input[@id=\"application-manageresources-display-component---newResourceUnit--idRuTSAdmin-application-manageresources-display-component---newResourceUnit--RUTimeSegment-0-inner\"]"}
RESULT: {"using":"xpath","value":"//input[@id=\"application-manageresources-display-component---newResourceUnit--idRuTSAdmin-application-manageresources-display-component---newResourceUnit--RUTimeSegment-0-inner\"]"}
COMMAND: POST /session/c486a9816572bc452379bf0d96c97947/element/f.3F9ECC6ADE9C5A6D32036CC41DCDE0D0.d.189FAE148C67F8C1EA7465F5B56D3C5A.e.11440/clear - {}
RESULT: {}
COMMAND: POST /session/c486a9816572bc452379bf0d96c97947/element/f.3F9ECC6ADE9C5A6D32036CC41DCDE0D0.d.189FAE148C67F8C1EA7465F5B56D3C5A.e.11440/value - {"text":"381"}
COMMAND: GET /session/c486a9816572bc452379bf0d96c97947/screenshot - {}
RESULT: {"text":"381"}
COMMAND: GET /session/c486a9816572bc452379bf0d96c97947/screenshot - {}
RESULT: {}
RESULT: {}
COMMAND: POST /session/c486a9816572bc452379bf0d96c97947/element - {"using":"xpath","value":"//li[.//span[text()='381']]"}
RESULT: {"using":"xpath","value":"//li[.//span[text()='381']]"}
COMMAND: POST /session/c486a9816572bc452379bf0d96c97947/element/f.3F9ECC6ADE9C5A6D32036CC41DCDE0D0.d.189FAE148C67F8C1EA7465F5B56D3C5A.e.11449/click - {}
RESULT: {}
COMMAND: GET /session/c486a9816572bc452379bf0d96c97947/screenshot - {}
RESULT: {}
COMMAND: POST /session/c486a9816572bc452379bf0d96c97947/element - {"using":"xpath","value":"(//span[contains(@id, \"-application-manageresources-display-component---newResourceUnit--RUTimeSegment-0-arrow\")])[2]"}
RESULT: {"using":"xpath","value":"(//span[contains(@id, \"-application-manageresources-display-component---newResourceUnit--RUTimeSegment-0-arrow\")])[2]"}
COMMAND: POST /session/c486a9816572bc452379bf0d96c97947/element/f.3F9ECC6ADE9C5A6D32036CC41DCDE0D0.d.189FAE148C67F8C1EA7465F5B56D3C5A.e.11450/click - {}
RESULT: {}
COMMAND: POST /session/c486a9816572bc452379bf0d96c97947/element - {"using":"xpath","value":"//span[contains(text(), \"PM Order\")]"}
COMMAND: GET /session/c486a9816572bc452379bf0d96c97947/screenshot - {}
RESULT: {"using":"xpath","value":"//span[contains(text(), \"PM Order\")]"}
COMMAND: POST /session/c486a9816572bc452379bf0d96c97947/element/f.3F9ECC6ADE9C5A6D32036CC41DCDE0D0.d.189FAE148C67F8C1EA7465F5B56D3C5A.e.11451/click - {}
RESULT: {}
RESULT: {}
COMMAND: GET /session/c486a9816572bc452379bf0d96c97947/screenshot - {}
RESULT: {}
COMMAND: POST /session/c486a9816572bc452379bf0d96c97947/element - {"using":"xpath","value":"//td/div/div/div/span[contains(@id, \"newResourceUnit--RUTimeSegment-0-vhi\")][1]"}
RESULT: {"using":"xpath","value":"//td/div/div/div/span[contains(@id, \"newResourceUnit--RUTimeSegment-0-vhi\")][1]"}
COMMAND: GET /session/c486a9816572bc452379bf0d96c97947/element/f.3F9ECC6ADE9C5A6D32036CC41DCDE0D0.d.189FAE148C67F8C1EA7465F5B56D3C5A.e.11455/rect - {}
RESULT: {}
COMMAND: GET /session/c486a9816572bc452379bf0d96c97947/window/rect - {}
RESULT: {}
COMMAND: POST /session/c486a9816572bc452379bf0d96c97947/execute/sync - {"script":"<script> [92 bytes]","args":[]}
RESULT: {"script":"<script> [92 bytes]","args":[]}
COMMAND: POST /session/c486a9816572bc452379bf0d96c97947/actions - {"actions":[{"id":"action38","type":"wheel","parameters":{},"actions":[{"type":"scroll","x":-1888,"y":-24,"deltaX":0,"deltaY":0,"duration":0,"origin":{"element-6066-11e4-a52e-4f735466cecf":"f.3F9ECC6ADE9C5A6D32036CC41DCDE0D0.d.189FAE148C67F8C1EA7465F5B56D3C5A.e.11455"}}]}]}
COMMAND: GET /session/c486a9816572bc452379bf0d96c97947/screenshot - {}
RESULT: {}
COMMAND: POST /session/c486a9816572bc452379bf0d96c97947/execute/sync - {"script":"<script> [79 bytes]","args":[{"element-6066-11e4-a52e-4f735466cecf":"f.3F9ECC6ADE9C5A6D32036CC41DCDE0D0.d.189FAE148C67F8C1EA7465F5B56D3C5A.e.11455","ELEMENT":"f.3F9ECC6ADE9C5A6D32036CC41DCDE0D0.d.189FAE148C67F8C1EA7465F5B56D3C5A.e.11455"},{"block":"start","inline":"nearest"}]}
RESULT: {"script":"<script> [79 bytes]","args":[{"element-6066-11e4-a52e-4f735466cecf":"f.3F9ECC6ADE9C5A6D32036CC41DCDE0D0.d.189FAE148C67F8C1EA7465F5B56D3C5A.e.11455","ELEMENT":"f.3F9ECC6ADE9C5A6D32036CC41DCDE0D0.d.189FAE148C67F8C1EA7465F5B56D3C5A.e.11455"},{"block":"start","inline":"nearest"}]}
COMMAND: GET /session/c486a9816572bc452379bf0d96c97947/screenshot - {}
RESULT: {}
COMMAND: POST /session/c486a9816572bc452379bf0d96c97947/element/f.3F9ECC6ADE9C5A6D32036CC41DCDE0D0.d.189FAE148C67F8C1EA7465F5B56D3C5A.e.11455/click - {}
RESULT: {}
COMMAND: GET /session/c486a9816572bc452379bf0d96c97947/screenshot - {}
RESULT: {}
RESULT: undefined
COMMAND: POST /session/c486a9816572bc452379bf0d96c97947/execute/async - {"script":"<script> [776 bytes]","args":[{"enterText":"4000360","selector":{"controlType":"sap.m.SearchField","properties":{"placeholder":"Search"},"searchOpenDialogs":true,"interaction":{"idSuffix":"I"}},"clearTextFirst":true,"interactionType":"ENTER_TEXT"}]}
RESULT: {"script":"<script> [776 bytes]","args":[{"enterText":"4000360","selector":{"controlType":"sap.m.SearchField","properties":{"placeholder":"Search"},"searchOpenDialogs":true,"interaction":{"idSuffix":"I"}},"clearTextFirst":true,"interactionType":"ENTER_TEXT"}]}
COMMAND: POST /session/c486a9816572bc452379bf0d96c97947/actions - {"actions":[{"id":"action39","type":"key","parameters":{},"actions":[{"type":"keyDown","value":"î€‡"},{"type":"pause","duration":10},{"type":"keyUp","value":"î€‡"}]}]}
RESULT: {"actions":[{"id":"action39","type":"key","parameters":{},"actions":[{"type":"keyDown","value":"î€‡"},{"type":"pause","duration":10},{"type":"keyUp","value":"î€‡"}]}]}
COMMAND: GET /session/c486a9816572bc452379bf0d96c97947/screenshot - {}
RESULT: {}
COMMAND: POST /session/c486a9816572bc452379bf0d96c97947/element - {"using":"xpath","value":"//td/div/span[contains(text(), \"BGL Vehicles\")]"}
RESULT: {"using":"xpath","value":"//td/div/span[contains(text(), \"BGL Vehicles\")]"}
COMMAND: POST /session/c486a9816572bc452379bf0d96c97947/element/f.3F9ECC6ADE9C5A6D32036CC41DCDE0D0.d.189FAE148C67F8C1EA7465F5B56D3C5A.e.11474/click - {}
RESULT: {}
COMMAND: GET /session/c486a9816572bc452379bf0d96c97947/screenshot - {}
RESULT: {}
COMMAND: POST /session/c486a9816572bc452379bf0d96c97947/element - {"using":"xpath","value":"//bdi[contains(text(), \"OK\")]"}
RESULT: {"using":"xpath","value":"//bdi[contains(text(), \"OK\")]"}
COMMAND: POST /session/c486a9816572bc452379bf0d96c97947/element/f.3F9ECC6ADE9C5A6D32036CC41DCDE0D0.d.189FAE148C67F8C1EA7465F5B56D3C5A.e.11475/click - {}
RESULT: {}
COMMAND: GET /session/c486a9816572bc452379bf0d96c97947/screenshot - {}
RESULT: {}
COMMAND: POST /session/c486a9816572bc452379bf0d96c97947/element - {"using":"xpath","value":"//label[contains(@class, 'sapMLabelRequired') and .//bdi[contains(text(), 'Planned Retirement')]]"}
RESULT: {"using":"xpath","value":"//label[contains(@class, 'sapMLabelRequired') and .//bdi[contains(text(), 'Planned Retirement')]]"}
COMMAND: POST /session/c486a9816572bc452379bf0d96c97947/elements - {"using":"xpath","value":"//label[contains(@class, 'sapMLabelRequired') and .//bdi[contains(text(), 'Planned Retirement')]]"}
RESULT: {"using":"xpath","value":"//label[contains(@class, 'sapMLabelRequired') and .//bdi[contains(text(), 'Planned Retirement')]]"}
COMMAND: POST /session/c486a9816572bc452379bf0d96c97947/element - {"using":"xpath","value":"//button[@data-kt=\"resourceUnitSaveButton\"]"}
RESULT: {"using":"xpath","value":"//button[@data-kt=\"resourceUnitSaveButton\"]"}
COMMAND: POST /session/c486a9816572bc452379bf0d96c97947/element/f.3F9ECC6ADE9C5A6D32036CC41DCDE0D0.d.189FAE148C67F8C1EA7465F5B56D3C5A.e.11378/click - {}
RESULT: {}
COMMAND: GET /session/c486a9816572bc452379bf0d96c97947/screenshot - {}
RESULT: {}
COMMAND: POST /session/c486a9816572bc452379bf0d96c97947/element - {"using":"xpath","value":"//bdi[contains(text(), \"Close\")]"}
RESULT: {"using":"xpath","value":"//bdi[contains(text(), \"Close\")]"}
COMMAND: POST /session/c486a9816572bc452379bf0d96c97947/element/f.3F9ECC6ADE9C5A6D32036CC41DCDE0D0.d.189FAE148C67F8C1EA7465F5B56D3C5A.e.11482/click - {}
RESULT: {}
COMMAND: GET /session/c486a9816572bc452379bf0d96c97947/screenshot - {}
RESULT: {}
COMMAND: POST /session/c486a9816572bc452379bf0d96c97947/element - {"using":"xpath","value":"//header[contains(@id, 'detailRruPage-headerTitle')]/div[1]/div[2]/div[2]/span[1]"}
RESULT: {"using":"xpath","value":"//header[contains(@id, 'detailRruPage-headerTitle')]/div[1]/div[2]/div[2]/span[1]"}
COMMAND: POST /session/c486a9816572bc452379bf0d96c97947/elements - {"using":"xpath","value":"//header[contains(@id, 'detailRruPage-headerTitle')]/div[1]/div[2]/div[2]/span[1]"}
RESULT: {"using":"xpath","value":"//header[contains(@id, 'detailRruPage-headerTitle')]/div[1]/div[2]/div[2]/span[1]"}
COMMAND: POST /session/c486a9816572bc452379bf0d96c97947/execute/sync - {"script":"<script> [56 bytes]","args":[{"element-6066-11e4-a52e-4f735466cecf":"f.3F9ECC6ADE9C5A6D32036CC41DCDE0D0.d.189FAE148C67F8C1EA7465F5B56D3C5A.e.11510","ELEMENT":"f.3F9ECC6ADE9C5A6D32036CC41DCDE0D0.d.189FAE148C67F8C1EA7465F5B56D3C5A.e.11510"}]}
RESULT: {"script":"<script> [56 bytes]","args":[{"element-6066-11e4-a52e-4f735466cecf":"f.3F9ECC6ADE9C5A6D32036CC41DCDE0D0.d.189FAE148C67F8C1EA7465F5B56D3C5A.e.11510","ELEMENT":"f.3F9ECC6ADE9C5A6D32036CC41DCDE0D0.d.189FAE148C67F8C1EA7465F5B56D3C5A.e.11510"}]}
COMMAND: POST /session/c486a9816572bc452379bf0d96c97947/element - {"using":"css selector","value":"#shell-header-logo"}
COMMAND: GET /session/c486a9816572bc452379bf0d96c97947/screenshot - {}
RESULT: {"using":"css selector","value":"#shell-header-logo"}
COMMAND: POST /session/c486a9816572bc452379bf0d96c97947/element/f.3F9ECC6ADE9C5A6D32036CC41DCDE0D0.d.189FAE148C67F8C1EA7465F5B56D3C5A.e.10979/click - {}
RESULT: {}
RESULT: {}
COMMAND: GET /session/c486a9816572bc452379bf0d96c97947/screenshot - {}
RESULT: {}
]]></system-out>
    </testcase>
  </testsuite>
  <testsuite timestamp="2025-05-15T06:27:00" time="365.769" tests="6" failures="2" errors="2" skipped="0">
    <properties>
      <property name="specId" value="0" />
      <property name="suiteName" value="Provide to Site w/o warehouse management w clarification" />
      <property name="capabilities" value="chrome.136_0_7103_93.windows" />
      <property name="file" value="file:///D:/a/1/s/test/specs/HTR/provide-to-site-wo-warehouse-w-clarification.spec.js" />
    </properties>
    <testcase classname="chrome.136_0_7103_93.windows.Provide_to_Site_w/o_warehouse_management_w_clarification" name="Should do a stock increase handover" time="97.576">
      <system-out><![CDATA[
COMMAND: POST /session/c486a9816572bc452379bf0d96c97947/execute/async - {"script":"<script> [1562 bytes]","args":[{"selector":{"controlType":"sap.m.GenericTile","properties":{"header":"Manage Handovers"}},"wdio_ui5_key":"sapm.GenericTile{\"header\":\"Manage Handovers\"}"}]}
RESULT: {"script":"<script> [1562 bytes]","args":[{"selector":{"controlType":"sap.m.GenericTile","properties":{"header":"Manage Handovers"}},"wdio_ui5_key":"sapm.GenericTile{\"header\":\"Manage Handovers\"}"}]}
RESULT: undefined
COMMAND: POST /session/c486a9816572bc452379bf0d96c97947/element - {"using":"xpath","value":"//*[@id=\"__tile133\"]"}
RESULT: {"using":"xpath","value":"//*[@id=\"__tile133\"]"}
COMMAND: POST /session/c486a9816572bc452379bf0d96c97947/element/f.3F9ECC6ADE9C5A6D32036CC41DCDE0D0.d.189FAE148C67F8C1EA7465F5B56D3C5A.e.8778/click - {}
RESULT: {}
COMMAND: GET /session/c486a9816572bc452379bf0d96c97947/screenshot - {}
RESULT: {}
COMMAND: POST /session/c486a9816572bc452379bf0d96c97947/elements - {"using":"xpath","value":"//span[text()='Error']"}
RESULT: {"using":"xpath","value":"//span[text()='Error']"}
COMMAND: POST /session/c486a9816572bc452379bf0d96c97947/element - {"using":"xpath","value":"//button[@data-kt=\"masterHOAddButton\"]"}
RESULT: {"using":"xpath","value":"//button[@data-kt=\"masterHOAddButton\"]"}
COMMAND: POST /session/c486a9816572bc452379bf0d96c97947/elements - {"using":"xpath","value":"//button[@data-kt=\"masterHOAddButton\"]"}
RESULT: {"using":"xpath","value":"//button[@data-kt=\"masterHOAddButton\"]"}
COMMAND: POST /session/c486a9816572bc452379bf0d96c97947/element - {"using":"xpath","value":"//button[@data-kt=\"masterHOAddButton\"]"}
RESULT: {"using":"xpath","value":"//button[@data-kt=\"masterHOAddButton\"]"}
COMMAND: POST /session/c486a9816572bc452379bf0d96c97947/execute/sync - {"script":"<script> [8489 bytes]","args":[{"element-6066-11e4-a52e-4f735466cecf":"f.3F9ECC6ADE9C5A6D32036CC41DCDE0D0.d.189FAE148C67F8C1EA7465F5B56D3C5A.e.11541","ELEMENT":"f.3F9ECC6ADE9C5A6D32036CC41DCDE0D0.d.189FAE148C67F8C1EA7465F5B56D3C5A.e.11541"}]}
RESULT: {"script":"<script> [8489 bytes]","args":[{"element-6066-11e4-a52e-4f735466cecf":"f.3F9ECC6ADE9C5A6D32036CC41DCDE0D0.d.189FAE148C67F8C1EA7465F5B56D3C5A.e.11541","ELEMENT":"f.3F9ECC6ADE9C5A6D32036CC41DCDE0D0.d.189FAE148C67F8C1EA7465F5B56D3C5A.e.11541"}]}
COMMAND: GET /session/c486a9816572bc452379bf0d96c97947/element/f.3F9ECC6ADE9C5A6D32036CC41DCDE0D0.d.189FAE148C67F8C1EA7465F5B56D3C5A.e.11541/enabled - {}
COMMAND: GET /session/c486a9816572bc452379bf0d96c97947/screenshot - {}
RESULT: {}
COMMAND: POST /session/c486a9816572bc452379bf0d96c97947/execute/sync - {"script":"<script> [8489 bytes]","args":[{"element-6066-11e4-a52e-4f735466cecf":"f.3F9ECC6ADE9C5A6D32036CC41DCDE0D0.d.189FAE148C67F8C1EA7465F5B56D3C5A.e.11541","ELEMENT":"f.3F9ECC6ADE9C5A6D32036CC41DCDE0D0.d.189FAE148C67F8C1EA7465F5B56D3C5A.e.11541"}]}
COMMAND: GET /session/c486a9816572bc452379bf0d96c97947/screenshot - {}
RESULT: {}
RESULT: {"script":"<script> [8489 bytes]","args":[{"element-6066-11e4-a52e-4f735466cecf":"f.3F9ECC6ADE9C5A6D32036CC41DCDE0D0.d.189FAE148C67F8C1EA7465F5B56D3C5A.e.11541","ELEMENT":"f.3F9ECC6ADE9C5A6D32036CC41DCDE0D0.d.189FAE148C67F8C1EA7465F5B56D3C5A.e.11541"}]}
COMMAND: POST /session/c486a9816572bc452379bf0d96c97947/execute/sync - {"script":"<script> [5351 bytes]","args":[{"element-6066-11e4-a52e-4f735466cecf":"f.3F9ECC6ADE9C5A6D32036CC41DCDE0D0.d.189FAE148C67F8C1EA7465F5B56D3C5A.e.11541","ELEMENT":"f.3F9ECC6ADE9C5A6D32036CC41DCDE0D0.d.189FAE148C67F8C1EA7465F5B56D3C5A.e.11541"}]}
COMMAND: GET /session/c486a9816572bc452379bf0d96c97947/screenshot - {}
RESULT: {}
RESULT: {"script":"<script> [5351 bytes]","args":[{"element-6066-11e4-a52e-4f735466cecf":"f.3F9ECC6ADE9C5A6D32036CC41DCDE0D0.d.189FAE148C67F8C1EA7465F5B56D3C5A.e.11541","ELEMENT":"f.3F9ECC6ADE9C5A6D32036CC41DCDE0D0.d.189FAE148C67F8C1EA7465F5B56D3C5A.e.11541"}]}
COMMAND: POST /session/c486a9816572bc452379bf0d96c97947/element/f.3F9ECC6ADE9C5A6D32036CC41DCDE0D0.d.189FAE148C67F8C1EA7465F5B56D3C5A.e.11541/click - {}
COMMAND: GET /session/c486a9816572bc452379bf0d96c97947/screenshot - {}
RESULT: {}
RESULT: {}
COMMAND: GET /session/c486a9816572bc452379bf0d96c97947/screenshot - {}
RESULT: {}
COMMAND: POST /session/c486a9816572bc452379bf0d96c97947/element - {"using":"xpath","value":"//span[contains(@id ,\"AddNewHO--typeSelect-arrow\")]"}
RESULT: {}
RESULT: {"using":"xpath","value":"//span[contains(@id ,\"AddNewHO--typeSelect-arrow\")]"}
COMMAND: POST /session/c486a9816572bc452379bf0d96c97947/element/f.3F9ECC6ADE9C5A6D32036CC41DCDE0D0.d.189FAE148C67F8C1EA7465F5B56D3C5A.e.11901/click - {}
RESULT: {}
COMMAND: GET /session/c486a9816572bc452379bf0d96c97947/screenshot - {}
RESULT: {}
COMMAND: POST /session/c486a9816572bc452379bf0d96c97947/element - {"using":"xpath","value":"(//li[contains(text(), \"stock increase yard\")])[1]"}
RESULT: {"using":"xpath","value":"(//li[contains(text(), \"stock increase yard\")])[1]"}
COMMAND: POST /session/c486a9816572bc452379bf0d96c97947/element/f.3F9ECC6ADE9C5A6D32036CC41DCDE0D0.d.189FAE148C67F8C1EA7465F5B56D3C5A.e.11902/click - {}
RESULT: {}
COMMAND: GET /session/c486a9816572bc452379bf0d96c97947/screenshot - {}
RESULT: {}
COMMAND: POST /session/c486a9816572bc452379bf0d96c97947/execute/async - {"script":"<script> [1562 bytes]","args":[{"selector":{"id":"application-managehandovers-display-component---AddNewHO--dueDate","interaction":{"idSuffix":"inner"}},"wdio_ui5_key":"applicationmanagehandovers-display-component---AddNewHO--dueDate"}]}
RESULT: {"script":"<script> [1562 bytes]","args":[{"selector":{"id":"application-managehandovers-display-component---AddNewHO--dueDate","interaction":{"idSuffix":"inner"}},"wdio_ui5_key":"applicationmanagehandovers-display-component---AddNewHO--dueDate"}]}
RESULT: undefined
COMMAND: POST /session/c486a9816572bc452379bf0d96c97947/execute/async - {"script":"<script> [6424 bytes]","args":[{"element-6066-11e4-a52e-4f735466cecf":"f.3F9ECC6ADE9C5A6D32036CC41DCDE0D0.d.189FAE148C67F8C1EA7465F5B56D3C5A.e.11904"},"setValue",["5/15/25"]]}
RESULT: {"script":"<script> [6424 bytes]","args":[{"element-6066-11e4-a52e-4f735466cecf":"f.3F9ECC6ADE9C5A6D32036CC41DCDE0D0.d.189FAE148C67F8C1EA7465F5B56D3C5A.e.11904"},"setValue",["5/15/25"]]}
COMMAND: POST /session/c486a9816572bc452379bf0d96c97947/element - {"using":"xpath","value":"//input[@id=\"generalSectionFrg--receiveYard-inner\"]"}
RESULT: {"using":"xpath","value":"//input[@id=\"generalSectionFrg--receiveYard-inner\"]"}
COMMAND: POST /session/c486a9816572bc452379bf0d96c97947/element/f.3F9ECC6ADE9C5A6D32036CC41DCDE0D0.d.189FAE148C67F8C1EA7465F5B56D3C5A.e.11908/clear - {}
RESULT: {}
COMMAND: POST /session/c486a9816572bc452379bf0d96c97947/element/f.3F9ECC6ADE9C5A6D32036CC41DCDE0D0.d.189FAE148C67F8C1EA7465F5B56D3C5A.e.11908/value - {"text":"381"}
COMMAND: GET /session/c486a9816572bc452379bf0d96c97947/screenshot - {}
RESULT: {"text":"381"}
COMMAND: GET /session/c486a9816572bc452379bf0d96c97947/screenshot - {}
RESULT: {}
RESULT: {}
COMMAND: POST /session/c486a9816572bc452379bf0d96c97947/element - {"using":"xpath","value":"//li[.//span[text()='381']]"}
RESULT: {"using":"xpath","value":"//li[.//span[text()='381']]"}
COMMAND: POST /session/c486a9816572bc452379bf0d96c97947/element/f.3F9ECC6ADE9C5A6D32036CC41DCDE0D0.d.189FAE148C67F8C1EA7465F5B56D3C5A.e.11924/click - {}
RESULT: {}
COMMAND: GET /session/c486a9816572bc452379bf0d96c97947/screenshot - {}
RESULT: {}
COMMAND: POST /session/c486a9816572bc452379bf0d96c97947/execute/async - {"script":"<script> [1562 bytes]","args":[{"selector":{"id":"application-managehandovers-display-component---AddNewHO--ObjectPageLayout-anchBar-application-managehandovers-display-component---AddNewHO--section4-anchor","interaction":{"idSuffix":"BDI-content"}},"wdio_ui5_key":"applicationmanagehandovers-display-component---AddNewHO--ObjectPageLayout-anchBar-application-managehandovers-display-component---AddNewHO--section4-anchor"}]}
RESULT: {"script":"<script> [1562 bytes]","args":[{"selector":{"id":"application-managehandovers-display-component---AddNewHO--ObjectPageLayout-anchBar-application-managehandovers-display-component---AddNewHO--section4-anchor","interaction":{"idSuffix":"BDI-content"}},"wdio_ui5_key":"applicationmanagehandovers-display-component---AddNewHO--ObjectPageLayout-anchBar-application-managehandovers-display-component---AddNewHO--section4-anchor"}]}
RESULT: undefined
COMMAND: POST /session/c486a9816572bc452379bf0d96c97947/element - {"using":"xpath","value":"//*[@id=\"application-managehandovers-display-component---AddNewHO--ObjectPageLayout-anchBar-application-managehandovers-display-component---AddNewHO--section4-anchor\"]"}
RESULT: {"using":"xpath","value":"//*[@id=\"application-managehandovers-display-component---AddNewHO--ObjectPageLayout-anchBar-application-managehandovers-display-component---AddNewHO--section4-anchor\"]"}
COMMAND: POST /session/c486a9816572bc452379bf0d96c97947/element/f.3F9ECC6ADE9C5A6D32036CC41DCDE0D0.d.189FAE148C67F8C1EA7465F5B56D3C5A.e.11926/click - {}
RESULT: {}
COMMAND: POST /session/c486a9816572bc452379bf0d96c97947/element - {"using":"xpath","value":"//button[@aria-label=\"Add\"]"}
COMMAND: GET /session/c486a9816572bc452379bf0d96c97947/screenshot - {}
RESULT: {"using":"xpath","value":"//button[@aria-label=\"Add\"]"}
COMMAND: POST /session/c486a9816572bc452379bf0d96c97947/element/f.3F9ECC6ADE9C5A6D32036CC41DCDE0D0.d.189FAE148C67F8C1EA7465F5B56D3C5A.e.11929/click - {}
RESULT: {}
RESULT: {}
COMMAND: GET /session/c486a9816572bc452379bf0d96c97947/screenshot - {}
RESULT: {}
COMMAND: POST /session/c486a9816572bc452379bf0d96c97947/execute/async - {"script":"<script> [1562 bytes]","args":[{"selector":{"id":"application-managehandovers-display-component---AddNewHO--smartFilterBar-btnBasicSearch","searchOpenDialogs":true,"interaction":{"idSuffix":"I"}},"wdio_ui5_key":"applicationmanagehandovers-display-component---AddNewHO--smartFilterBar-btnBasicSearch"}]}
RESULT: {"script":"<script> [1562 bytes]","args":[{"selector":{"id":"application-managehandovers-display-component---AddNewHO--smartFilterBar-btnBasicSearch","searchOpenDialogs":true,"interaction":{"idSuffix":"I"}},"wdio_ui5_key":"applicationmanagehandovers-display-component---AddNewHO--smartFilterBar-btnBasicSearch"}]}
RESULT: undefined
COMMAND: POST /session/c486a9816572bc452379bf0d96c97947/execute/async - {"script":"<script> [776 bytes]","args":[{"enterText":"200164","selector":{"id":"application-managehandovers-display-component---AddNewHO--smartFilterBar-btnBasicSearch","searchOpenDialogs":true,"interaction":{"idSuffix":"I"}},"clearTextFirst":true,"interactionType":"ENTER_TEXT"}]}
RESULT: {"script":"<script> [776 bytes]","args":[{"enterText":"200164","selector":{"id":"application-managehandovers-display-component---AddNewHO--smartFilterBar-btnBasicSearch","searchOpenDialogs":true,"interaction":{"idSuffix":"I"}},"clearTextFirst":true,"interactionType":"ENTER_TEXT"}]}
COMMAND: POST /session/c486a9816572bc452379bf0d96c97947/actions - {"actions":[{"id":"action40","type":"key","parameters":{},"actions":[{"type":"keyDown","value":"î€‡"},{"type":"pause","duration":10},{"type":"keyUp","value":"î€‡"}]}]}
RESULT: {"actions":[{"id":"action40","type":"key","parameters":{},"actions":[{"type":"keyDown","value":"î€‡"},{"type":"pause","duration":10},{"type":"keyUp","value":"î€‡"}]}]}
COMMAND: GET /session/c486a9816572bc452379bf0d96c97947/screenshot - {}
RESULT: {}
COMMAND: POST /session/c486a9816572bc452379bf0d96c97947/execute/async - {"script":"<script> [1562 bytes]","args":[{"selector":{"id":"application-managehandovers-display-component---AddNewHO--popup-sa","searchOpenDialogs":true,"interaction":{"idSuffix":"CbBg"}},"wdio_ui5_key":"applicationmanagehandovers-display-component---AddNewHO--popup-sa"}]}
RESULT: {"script":"<script> [1562 bytes]","args":[{"selector":{"id":"application-managehandovers-display-component---AddNewHO--popup-sa","searchOpenDialogs":true,"interaction":{"idSuffix":"CbBg"}},"wdio_ui5_key":"applicationmanagehandovers-display-component---AddNewHO--popup-sa"}]}
RESULT: undefined
COMMAND: POST /session/c486a9816572bc452379bf0d96c97947/element - {"using":"xpath","value":"//*[@id=\"application-managehandovers-display-component---AddNewHO--popup-sa\"]"}
RESULT: {"using":"xpath","value":"//*[@id=\"application-managehandovers-display-component---AddNewHO--popup-sa\"]"}
COMMAND: POST /session/c486a9816572bc452379bf0d96c97947/element/f.3F9ECC6ADE9C5A6D32036CC41DCDE0D0.d.189FAE148C67F8C1EA7465F5B56D3C5A.e.12082/click - {}
RESULT: {}
COMMAND: GET /session/c486a9816572bc452379bf0d96c97947/screenshot - {}
RESULT: {}
COMMAND: POST /session/c486a9816572bc452379bf0d96c97947/element - {"using":"xpath","value":"//bdi[contains(text(), \"Select\")]"}
RESULT: {"using":"xpath","value":"//bdi[contains(text(), \"Select\")]"}
COMMAND: POST /session/c486a9816572bc452379bf0d96c97947/element/f.3F9ECC6ADE9C5A6D32036CC41DCDE0D0.d.189FAE148C67F8C1EA7465F5B56D3C5A.e.12083/click - {}
RESULT: {}
COMMAND: GET /session/c486a9816572bc452379bf0d96c97947/screenshot - {}
RESULT: {}
COMMAND: POST /session/c486a9816572bc452379bf0d96c97947/element - {"using":"xpath","value":"//button[@data-kt=\"AddNewHOSaveButton\"]"}
RESULT: {"using":"xpath","value":"//button[@data-kt=\"AddNewHOSaveButton\"]"}
COMMAND: POST /session/c486a9816572bc452379bf0d96c97947/element/f.3F9ECC6ADE9C5A6D32036CC41DCDE0D0.d.189FAE148C67F8C1EA7465F5B56D3C5A.e.12087/click - {}
RESULT: {}
COMMAND: GET /session/c486a9816572bc452379bf0d96c97947/screenshot - {}
COMMAND: POST /session/c486a9816572bc452379bf0d96c97947/execute/async - {"script":"<script> [1562 bytes]","args":[{"selector":{"id":"receiptDatePicker","viewName":"etm.portal.ui.managehandovers.view.DetailExecuteHO","interaction":{"idSuffix":"inner"}},"wdio_ui5_key":"receiptDatePickeretmportal.ui.managehandovers.view.DetailExecuteHO"}]}
RESULT: {}
RESULT: {"script":"<script> [1562 bytes]","args":[{"selector":{"id":"receiptDatePicker","viewName":"etm.portal.ui.managehandovers.view.DetailExecuteHO","interaction":{"idSuffix":"inner"}},"wdio_ui5_key":"receiptDatePickeretmportal.ui.managehandovers.view.DetailExecuteHO"}]}
RESULT: undefined
COMMAND: POST /session/c486a9816572bc452379bf0d96c97947/execute/async - {"script":"<script> [6424 bytes]","args":[{"element-6066-11e4-a52e-4f735466cecf":"f.3F9ECC6ADE9C5A6D32036CC41DCDE0D0.d.189FAE148C67F8C1EA7465F5B56D3C5A.e.12107"},"setValue",["5/15/25"]]}
RESULT: {"script":"<script> [6424 bytes]","args":[{"element-6066-11e4-a52e-4f735466cecf":"f.3F9ECC6ADE9C5A6D32036CC41DCDE0D0.d.189FAE148C67F8C1EA7465F5B56D3C5A.e.12107"},"setValue",["5/15/25"]]}
COMMAND: POST /session/c486a9816572bc452379bf0d96c97947/element - {"using":"xpath","value":"//button[@data-kt=\"PickingTableConfirmAllButton\"]"}
RESULT: {"using":"xpath","value":"//button[@data-kt=\"PickingTableConfirmAllButton\"]"}
COMMAND: POST /session/c486a9816572bc452379bf0d96c97947/element/f.3F9ECC6ADE9C5A6D32036CC41DCDE0D0.d.189FAE148C67F8C1EA7465F5B56D3C5A.e.12120/click - {}
RESULT: {}
COMMAND: GET /session/c486a9816572bc452379bf0d96c97947/screenshot - {}
RESULT: {}
COMMAND: POST /session/c486a9816572bc452379bf0d96c97947/element - {"using":"xpath","value":"//bdi[contains(text(), \"OK\")]"}
RESULT: {"using":"xpath","value":"//bdi[contains(text(), \"OK\")]"}
COMMAND: POST /session/c486a9816572bc452379bf0d96c97947/element/f.3F9ECC6ADE9C5A6D32036CC41DCDE0D0.d.189FAE148C67F8C1EA7465F5B56D3C5A.e.12122/click - {}
RESULT: {}
COMMAND: GET /session/c486a9816572bc452379bf0d96c97947/screenshot - {}
RESULT: {}
COMMAND: POST /session/c486a9816572bc452379bf0d96c97947/element - {"using":"xpath","value":"(//bdi[contains(text(), \"Receive\")])[2]"}
RESULT: {"using":"xpath","value":"(//bdi[contains(text(), \"Receive\")])[2]"}
COMMAND: POST /session/c486a9816572bc452379bf0d96c97947/element/f.3F9ECC6ADE9C5A6D32036CC41DCDE0D0.d.189FAE148C67F8C1EA7465F5B56D3C5A.e.12124/click - {}
RESULT: {}
COMMAND: GET /session/c486a9816572bc452379bf0d96c97947/screenshot - {}
RESULT: {}
COMMAND: POST /session/c486a9816572bc452379bf0d96c97947/element - {"using":"css selector","value":"#shell-header-logo"}
RESULT: {"using":"css selector","value":"#shell-header-logo"}
COMMAND: POST /session/c486a9816572bc452379bf0d96c97947/element/f.3F9ECC6ADE9C5A6D32036CC41DCDE0D0.d.189FAE148C67F8C1EA7465F5B56D3C5A.e.11513/click - {}
RESULT: {}
COMMAND: GET /session/c486a9816572bc452379bf0d96c97947/screenshot - {}
RESULT: {}
]]></system-out>
    </testcase>
    <testcase classname="chrome.136_0_7103_93.windows.Provide_to_Site_w/o_warehouse_management_w_clarification" name="Should create a new contract" time="73.494">
      <system-out><![CDATA[
COMMAND: POST /session/c486a9816572bc452379bf0d96c97947/execute/async - {"script":"<script> [1562 bytes]","args":[{"selector":{"controlType":"sap.m.GenericTile","properties":{"header":"Manage Contracts"}},"wdio_ui5_key":"sapm.GenericTile{\"header\":\"Manage Contracts\"}"}]}
RESULT: {"script":"<script> [1562 bytes]","args":[{"selector":{"controlType":"sap.m.GenericTile","properties":{"header":"Manage Contracts"}},"wdio_ui5_key":"sapm.GenericTile{\"header\":\"Manage Contracts\"}"}]}
RESULT: undefined
COMMAND: POST /session/c486a9816572bc452379bf0d96c97947/element - {"using":"xpath","value":"//*[@id=\"__tile131\"]"}
RESULT: {"using":"xpath","value":"//*[@id=\"__tile131\"]"}
COMMAND: POST /session/c486a9816572bc452379bf0d96c97947/element/f.3F9ECC6ADE9C5A6D32036CC41DCDE0D0.d.189FAE148C67F8C1EA7465F5B56D3C5A.e.8767/click - {}
RESULT: {}
COMMAND: GET /session/c486a9816572bc452379bf0d96c97947/screenshot - {}
COMMAND: POST /session/c486a9816572bc452379bf0d96c97947/elements - {"using":"xpath","value":"//span[text()='Error']"}
RESULT: {}
RESULT: {"using":"xpath","value":"//span[text()='Error']"}
COMMAND: POST /session/c486a9816572bc452379bf0d96c97947/element - {"using":"xpath","value":"//button[@data-kt=\"addButton\"]"}
RESULT: {"using":"xpath","value":"//button[@data-kt=\"addButton\"]"}
COMMAND: POST /session/c486a9816572bc452379bf0d96c97947/elements - {"using":"xpath","value":"//button[@data-kt=\"addButton\"]"}
RESULT: {"using":"xpath","value":"//button[@data-kt=\"addButton\"]"}
COMMAND: POST /session/c486a9816572bc452379bf0d96c97947/execute/sync - {"script":"<script> [8489 bytes]","args":[{"element-6066-11e4-a52e-4f735466cecf":"f.3F9ECC6ADE9C5A6D32036CC41DCDE0D0.d.189FAE148C67F8C1EA7465F5B56D3C5A.e.12345","ELEMENT":"f.3F9ECC6ADE9C5A6D32036CC41DCDE0D0.d.189FAE148C67F8C1EA7465F5B56D3C5A.e.12345"}]}
RESULT: {"script":"<script> [8489 bytes]","args":[{"element-6066-11e4-a52e-4f735466cecf":"f.3F9ECC6ADE9C5A6D32036CC41DCDE0D0.d.189FAE148C67F8C1EA7465F5B56D3C5A.e.12345","ELEMENT":"f.3F9ECC6ADE9C5A6D32036CC41DCDE0D0.d.189FAE148C67F8C1EA7465F5B56D3C5A.e.12345"}]}
COMMAND: GET /session/c486a9816572bc452379bf0d96c97947/element/f.3F9ECC6ADE9C5A6D32036CC41DCDE0D0.d.189FAE148C67F8C1EA7465F5B56D3C5A.e.12345/enabled - {}
COMMAND: GET /session/c486a9816572bc452379bf0d96c97947/screenshot - {}
RESULT: {}
COMMAND: POST /session/c486a9816572bc452379bf0d96c97947/execute/sync - {"script":"<script> [8489 bytes]","args":[{"element-6066-11e4-a52e-4f735466cecf":"f.3F9ECC6ADE9C5A6D32036CC41DCDE0D0.d.189FAE148C67F8C1EA7465F5B56D3C5A.e.12345","ELEMENT":"f.3F9ECC6ADE9C5A6D32036CC41DCDE0D0.d.189FAE148C67F8C1EA7465F5B56D3C5A.e.12345"}]}
COMMAND: GET /session/c486a9816572bc452379bf0d96c97947/screenshot - {}
RESULT: {}
RESULT: {"script":"<script> [8489 bytes]","args":[{"element-6066-11e4-a52e-4f735466cecf":"f.3F9ECC6ADE9C5A6D32036CC41DCDE0D0.d.189FAE148C67F8C1EA7465F5B56D3C5A.e.12345","ELEMENT":"f.3F9ECC6ADE9C5A6D32036CC41DCDE0D0.d.189FAE148C67F8C1EA7465F5B56D3C5A.e.12345"}]}
COMMAND: POST /session/c486a9816572bc452379bf0d96c97947/execute/sync - {"script":"<script> [5351 bytes]","args":[{"element-6066-11e4-a52e-4f735466cecf":"f.3F9ECC6ADE9C5A6D32036CC41DCDE0D0.d.189FAE148C67F8C1EA7465F5B56D3C5A.e.12345","ELEMENT":"f.3F9ECC6ADE9C5A6D32036CC41DCDE0D0.d.189FAE148C67F8C1EA7465F5B56D3C5A.e.12345"}]}
COMMAND: GET /session/c486a9816572bc452379bf0d96c97947/screenshot - {}
RESULT: {}
RESULT: {"script":"<script> [5351 bytes]","args":[{"element-6066-11e4-a52e-4f735466cecf":"f.3F9ECC6ADE9C5A6D32036CC41DCDE0D0.d.189FAE148C67F8C1EA7465F5B56D3C5A.e.12345","ELEMENT":"f.3F9ECC6ADE9C5A6D32036CC41DCDE0D0.d.189FAE148C67F8C1EA7465F5B56D3C5A.e.12345"}]}
COMMAND: GET /session/c486a9816572bc452379bf0d96c97947/screenshot - {}
RESULT: {}
RESULT: {}
COMMAND: POST /session/c486a9816572bc452379bf0d96c97947/element/f.3F9ECC6ADE9C5A6D32036CC41DCDE0D0.d.189FAE148C67F8C1EA7465F5B56D3C5A.e.12345/click - {}
RESULT: {}
COMMAND: GET /session/c486a9816572bc452379bf0d96c97947/screenshot - {}
COMMAND: POST /session/c486a9816572bc452379bf0d96c97947/execute/async - {"script":"<script> [1562 bytes]","args":[{"selector":{"id":"application-managecontracts-display-component---AddNewContract--projectDescription","interaction":{"idSuffix":"inner"}},"wdio_ui5_key":"applicationmanagecontracts-display-component---AddNewContract--projectDescription"}]}
RESULT: {}
RESULT: {"script":"<script> [1562 bytes]","args":[{"selector":{"id":"application-managecontracts-display-component---AddNewContract--projectDescription","interaction":{"idSuffix":"inner"}},"wdio_ui5_key":"applicationmanagecontracts-display-component---AddNewContract--projectDescription"}]}
RESULT: undefined
COMMAND: POST /session/c486a9816572bc452379bf0d96c97947/execute/async - {"script":"<script> [776 bytes]","args":[{"enterText":"Contract WDIO","selector":{"id":"application-managecontracts-display-component---AddNewContract--projectDescription","interaction":{"idSuffix":"inner"}},"clearTextFirst":true,"interactionType":"ENTER_TEXT"}]}
RESULT: {"script":"<script> [776 bytes]","args":[{"enterText":"Contract WDIO","selector":{"id":"application-managecontracts-display-component---AddNewContract--projectDescription","interaction":{"idSuffix":"inner"}},"clearTextFirst":true,"interactionType":"ENTER_TEXT"}]}
COMMAND: POST /session/c486a9816572bc452379bf0d96c97947/element - {"using":"xpath","value":"//input[@id=\"application-managecontracts-display-component---AddNewContract--site-inner\"]"}
RESULT: {"using":"xpath","value":"//input[@id=\"application-managecontracts-display-component---AddNewContract--site-inner\"]"}
COMMAND: POST /session/c486a9816572bc452379bf0d96c97947/element/f.3F9ECC6ADE9C5A6D32036CC41DCDE0D0.d.189FAE148C67F8C1EA7465F5B56D3C5A.e.12707/clear - {}
RESULT: {}
COMMAND: POST /session/c486a9816572bc452379bf0d96c97947/element/f.3F9ECC6ADE9C5A6D32036CC41DCDE0D0.d.189FAE148C67F8C1EA7465F5B56D3C5A.e.12707/value - {"text":"2160"}
COMMAND: GET /session/c486a9816572bc452379bf0d96c97947/screenshot - {}
RESULT: {"text":"2160"}
COMMAND: GET /session/c486a9816572bc452379bf0d96c97947/screenshot - {}
RESULT: {}
RESULT: {}
COMMAND: POST /session/c486a9816572bc452379bf0d96c97947/element - {"using":"xpath","value":"//li[.//span[text()='2160']]"}
RESULT: {"using":"xpath","value":"//li[.//span[text()='2160']]"}
COMMAND: POST /session/c486a9816572bc452379bf0d96c97947/element/f.3F9ECC6ADE9C5A6D32036CC41DCDE0D0.d.189FAE148C67F8C1EA7465F5B56D3C5A.e.12734/click - {}
RESULT: {}
COMMAND: GET /session/c486a9816572bc452379bf0d96c97947/screenshot - {}
RESULT: {}
COMMAND: POST /session/c486a9816572bc452379bf0d96c97947/element - {"using":"xpath","value":"//input[@id=\"application-managecontracts-display-component---AddNewContract--yardId-inner\"]"}
RESULT: {"using":"xpath","value":"//input[@id=\"application-managecontracts-display-component---AddNewContract--yardId-inner\"]"}
COMMAND: GET /session/c486a9816572bc452379bf0d96c97947/element/f.3F9ECC6ADE9C5A6D32036CC41DCDE0D0.d.189FAE148C67F8C1EA7465F5B56D3C5A.e.12708/property/value - {}
RESULT: {}
COMMAND: POST /session/c486a9816572bc452379bf0d96c97947/element - {"using":"xpath","value":"//input[@id=\"application-managecontracts-display-component---AddNewContract--customerSelect-inner\"]"}
COMMAND: GET /session/c486a9816572bc452379bf0d96c97947/screenshot - {}
RESULT: {"using":"xpath","value":"//input[@id=\"application-managecontracts-display-component---AddNewContract--customerSelect-inner\"]"}
COMMAND: POST /session/c486a9816572bc452379bf0d96c97947/element/f.3F9ECC6ADE9C5A6D32036CC41DCDE0D0.d.189FAE148C67F8C1EA7465F5B56D3C5A.e.12706/clear - {}
RESULT: {}
RESULT: {}
COMMAND: POST /session/c486a9816572bc452379bf0d96c97947/element/f.3F9ECC6ADE9C5A6D32036CC41DCDE0D0.d.189FAE148C67F8C1EA7465F5B56D3C5A.e.12706/value - {"text":"1197"}
COMMAND: GET /session/c486a9816572bc452379bf0d96c97947/screenshot - {}
RESULT: {"text":"1197"}
COMMAND: GET /session/c486a9816572bc452379bf0d96c97947/screenshot - {}
RESULT: {}
RESULT: {}
COMMAND: POST /session/c486a9816572bc452379bf0d96c97947/element - {"using":"xpath","value":"//li[.//span[text()='1197']]"}
RESULT: {"using":"xpath","value":"//li[.//span[text()='1197']]"}
COMMAND: POST /session/c486a9816572bc452379bf0d96c97947/element/f.3F9ECC6ADE9C5A6D32036CC41DCDE0D0.d.189FAE148C67F8C1EA7465F5B56D3C5A.e.12737/click - {}
RESULT: {}
COMMAND: GET /session/c486a9816572bc452379bf0d96c97947/screenshot - {}
RESULT: {}
COMMAND: POST /session/c486a9816572bc452379bf0d96c97947/element - {"using":"xpath","value":"//button[@data-kt=\"saveButton\"]"}
RESULT: {"using":"xpath","value":"//button[@data-kt=\"saveButton\"]"}
COMMAND: POST /session/c486a9816572bc452379bf0d96c97947/element/f.3F9ECC6ADE9C5A6D32036CC41DCDE0D0.d.189FAE148C67F8C1EA7465F5B56D3C5A.e.12738/click - {}
RESULT: {}
COMMAND: GET /session/c486a9816572bc452379bf0d96c97947/screenshot - {}
RESULT: {}
COMMAND: POST /session/c486a9816572bc452379bf0d96c97947/element - {"using":"xpath","value":"//span[contains(@id ,\"contractDetailTitleNoExpanded\")]"}
RESULT: {"using":"xpath","value":"//span[contains(@id ,\"contractDetailTitleNoExpanded\")]"}
COMMAND: POST /session/c486a9816572bc452379bf0d96c97947/elements - {"using":"xpath","value":"//span[contains(@id ,\"contractDetailTitleNoExpanded\")]"}
RESULT: {"using":"xpath","value":"//span[contains(@id ,\"contractDetailTitleNoExpanded\")]"}
COMMAND: POST /session/c486a9816572bc452379bf0d96c97947/execute/sync - {"script":"<script> [56 bytes]","args":[{"element-6066-11e4-a52e-4f735466cecf":"f.3F9ECC6ADE9C5A6D32036CC41DCDE0D0.d.189FAE148C67F8C1EA7465F5B56D3C5A.e.12751","ELEMENT":"f.3F9ECC6ADE9C5A6D32036CC41DCDE0D0.d.189FAE148C67F8C1EA7465F5B56D3C5A.e.12751"}]}
RESULT: {"script":"<script> [56 bytes]","args":[{"element-6066-11e4-a52e-4f735466cecf":"f.3F9ECC6ADE9C5A6D32036CC41DCDE0D0.d.189FAE148C67F8C1EA7465F5B56D3C5A.e.12751","ELEMENT":"f.3F9ECC6ADE9C5A6D32036CC41DCDE0D0.d.189FAE148C67F8C1EA7465F5B56D3C5A.e.12751"}]}
COMMAND: GET /session/c486a9816572bc452379bf0d96c97947/screenshot - {}
RESULT: {}
]]></system-out>
    </testcase>
    <testcase classname="chrome.136_0_7103_93.windows.Provide_to_Site_w/o_warehouse_management_w_clarification" name="Should add equipment to the contract" time="60.241">
      <system-out><![CDATA[
COMMAND: POST /session/c486a9816572bc452379bf0d96c97947/element - {"using":"xpath","value":"//button[@data-kt=\"contractDetailEditBtnButton\"]"}
RESULT: {"using":"xpath","value":"//button[@data-kt=\"contractDetailEditBtnButton\"]"}
COMMAND: POST /session/c486a9816572bc452379bf0d96c97947/element/f.3F9ECC6ADE9C5A6D32036CC41DCDE0D0.d.189FAE148C67F8C1EA7465F5B56D3C5A.e.12754/click - {}
RESULT: {}
COMMAND: GET /session/c486a9816572bc452379bf0d96c97947/screenshot - {}
RESULT: {}
COMMAND: POST /session/c486a9816572bc452379bf0d96c97947/element - {"using":"xpath","value":"(//span[contains(text(), \"Additional Addresses\")])[2]"}
RESULT: {"using":"xpath","value":"(//span[contains(text(), \"Additional Addresses\")])[2]"}
COMMAND: POST /session/c486a9816572bc452379bf0d96c97947/element/f.3F9ECC6ADE9C5A6D32036CC41DCDE0D0.d.189FAE148C67F8C1EA7465F5B56D3C5A.e.12809/click - {}
RESULT: {}
COMMAND: GET /session/c486a9816572bc452379bf0d96c97947/screenshot - {}
RESULT: {}
COMMAND: POST /session/c486a9816572bc452379bf0d96c97947/element - {"using":"xpath","value":"//button[@data-kt=\"btnAddTableRowOverflowToolbarButton\"]"}
RESULT: {"using":"xpath","value":"//button[@data-kt=\"btnAddTableRowOverflowToolbarButton\"]"}
COMMAND: POST /session/c486a9816572bc452379bf0d96c97947/element/f.3F9ECC6ADE9C5A6D32036CC41DCDE0D0.d.189FAE148C67F8C1EA7465F5B56D3C5A.e.12813/click - {}
RESULT: {}
COMMAND: GET /session/c486a9816572bc452379bf0d96c97947/screenshot - {}
RESULT: {}
COMMAND: POST /session/c486a9816572bc452379bf0d96c97947/element - {"using":"xpath","value":"//div[(text() = 'Standard Entry' or . = 'Standard Entry')]"}
RESULT: {"using":"xpath","value":"//div[(text() = 'Standard Entry' or . = 'Standard Entry')]"}
COMMAND: POST /session/c486a9816572bc452379bf0d96c97947/element/f.3F9ECC6ADE9C5A6D32036CC41DCDE0D0.d.189FAE148C67F8C1EA7465F5B56D3C5A.e.12815/click - {}
RESULT: {}
COMMAND: GET /session/c486a9816572bc452379bf0d96c97947/screenshot - {}
RESULT: {}
COMMAND: POST /session/c486a9816572bc452379bf0d96c97947/element - {"using":"xpath","value":"//td[6]/div/div/div/span"}
RESULT: {"using":"xpath","value":"//td[6]/div/div/div/span"}
COMMAND: POST /session/c486a9816572bc452379bf0d96c97947/element/f.3F9ECC6ADE9C5A6D32036CC41DCDE0D0.d.189FAE148C67F8C1EA7465F5B56D3C5A.e.12827/click - {}
RESULT: {}
COMMAND: GET /session/c486a9816572bc452379bf0d96c97947/screenshot - {}
RESULT: {}
COMMAND: POST /session/c486a9816572bc452379bf0d96c97947/element - {"using":"xpath","value":"(//span[contains(text(), \"Material\")])"}
RESULT: {"using":"xpath","value":"(//span[contains(text(), \"Material\")])"}
COMMAND: POST /session/c486a9816572bc452379bf0d96c97947/element/f.3F9ECC6ADE9C5A6D32036CC41DCDE0D0.d.189FAE148C67F8C1EA7465F5B56D3C5A.e.12828/click - {}
RESULT: {}
COMMAND: GET /session/c486a9816572bc452379bf0d96c97947/screenshot - {}
RESULT: {}
COMMAND: POST /session/c486a9816572bc452379bf0d96c97947/element - {"using":"xpath","value":"//td[7]/div/div/input"}
RESULT: {"using":"xpath","value":"//td[7]/div/div/input"}
COMMAND: POST /session/c486a9816572bc452379bf0d96c97947/element/f.3F9ECC6ADE9C5A6D32036CC41DCDE0D0.d.189FAE148C67F8C1EA7465F5B56D3C5A.e.12832/clear - {}
RESULT: {}
COMMAND: POST /session/c486a9816572bc452379bf0d96c97947/element/f.3F9ECC6ADE9C5A6D32036CC41DCDE0D0.d.189FAE148C67F8C1EA7465F5B56D3C5A.e.12832/value - {"text":"200164"}
COMMAND: GET /session/c486a9816572bc452379bf0d96c97947/screenshot - {}
RESULT: {"text":"200164"}
COMMAND: GET /session/c486a9816572bc452379bf0d96c97947/screenshot - {}
RESULT: {}
RESULT: {}
COMMAND: POST /session/c486a9816572bc452379bf0d96c97947/actions - {"actions":[{"id":"action41","type":"key","parameters":{},"actions":[{"type":"keyDown","value":"î€‡"},{"type":"pause","duration":10},{"type":"keyUp","value":"î€‡"}]}]}
RESULT: {"actions":[{"id":"action41","type":"key","parameters":{},"actions":[{"type":"keyDown","value":"î€‡"},{"type":"pause","duration":10},{"type":"keyUp","value":"î€‡"}]}]}
COMMAND: GET /session/c486a9816572bc452379bf0d96c97947/screenshot - {}
RESULT: {}
COMMAND: POST /session/c486a9816572bc452379bf0d96c97947/execute/sync - {"script":"<script> [276 bytes]","args":["No pricing information was found"]}
RESULT: {"script":"<script> [276 bytes]","args":["No pricing information was found"]}
COMMAND: POST /session/c486a9816572bc452379bf0d96c97947/element - {"using":"xpath","value":"//bdi[contains(text(), \"OK\")]"}
COMMAND: GET /session/c486a9816572bc452379bf0d96c97947/screenshot - {}
RESULT: {"using":"xpath","value":"//bdi[contains(text(), \"OK\")]"}
COMMAND: POST /session/c486a9816572bc452379bf0d96c97947/element/f.3F9ECC6ADE9C5A6D32036CC41DCDE0D0.d.189FAE148C67F8C1EA7465F5B56D3C5A.e.12858/click - {}
RESULT: {}
RESULT: {}
COMMAND: GET /session/c486a9816572bc452379bf0d96c97947/screenshot - {}
RESULT: {}
COMMAND: POST /session/c486a9816572bc452379bf0d96c97947/element - {"using":"xpath","value":"(//button[@data-kt=\"saveButton\"])[2]"}
RESULT: {"using":"xpath","value":"(//button[@data-kt=\"saveButton\"])[2]"}
COMMAND: POST /session/c486a9816572bc452379bf0d96c97947/element/f.3F9ECC6ADE9C5A6D32036CC41DCDE0D0.d.189FAE148C67F8C1EA7465F5B56D3C5A.e.12859/click - {}
RESULT: {}
COMMAND: GET /session/c486a9816572bc452379bf0d96c97947/screenshot - {}
RESULT: {}
COMMAND: POST /session/c486a9816572bc452379bf0d96c97947/execute/sync - {"script":"<script> [276 bytes]","args":["Some contract items are having rental validity exceeding header rental validity"]}
RESULT: {"script":"<script> [276 bytes]","args":["Some contract items are having rental validity exceeding header rental validity"]}
COMMAND: GET /session/c486a9816572bc452379bf0d96c97947/screenshot - {}
RESULT: {}
COMMAND: POST /session/c486a9816572bc452379bf0d96c97947/element - {"using":"xpath","value":"//span[contains(@id ,\"contractItemsSmartTable-header-inner\")]"}
RESULT: {"using":"xpath","value":"//span[contains(@id ,\"contractItemsSmartTable-header-inner\")]"}
COMMAND: POST /session/c486a9816572bc452379bf0d96c97947/elements - {"using":"xpath","value":"//span[contains(@id ,\"contractItemsSmartTable-header-inner\")]"}
RESULT: {"using":"xpath","value":"//span[contains(@id ,\"contractItemsSmartTable-header-inner\")]"}
COMMAND: POST /session/c486a9816572bc452379bf0d96c97947/execute/sync - {"script":"<script> [56 bytes]","args":[{"element-6066-11e4-a52e-4f735466cecf":"f.3F9ECC6ADE9C5A6D32036CC41DCDE0D0.d.189FAE148C67F8C1EA7465F5B56D3C5A.e.12863","ELEMENT":"f.3F9ECC6ADE9C5A6D32036CC41DCDE0D0.d.189FAE148C67F8C1EA7465F5B56D3C5A.e.12863"}]}
RESULT: {"script":"<script> [56 bytes]","args":[{"element-6066-11e4-a52e-4f735466cecf":"f.3F9ECC6ADE9C5A6D32036CC41DCDE0D0.d.189FAE148C67F8C1EA7465F5B56D3C5A.e.12863","ELEMENT":"f.3F9ECC6ADE9C5A6D32036CC41DCDE0D0.d.189FAE148C67F8C1EA7465F5B56D3C5A.e.12863"}]}
]]></system-out>
    </testcase>
    <testcase classname="chrome.136_0_7103_93.windows.Provide_to_Site_w/o_warehouse_management_w_clarification" name="Should test for Clarification" time="0.006">
      <system-out><![CDATA[
COMMAND: GET /session/c486a9816572bc452379bf0d96c97947/screenshot - {}
COMMAND: POST /session/c486a9816572bc452379bf0d96c97947/element - {"using":"css selector","value":"#j_username"}
COMMAND: POST /session/c486a9816572bc452379bf0d96c97947/url - {"url":"https://qa-testing-00-live-etm-ui.cfapps.eu10-004.hana.ondemand.com/"}
COMMAND: GET /session/c486a9816572bc452379bf0d96c97947/screenshot - {}
RESULT: {}
RESULT: {"using":"css selector","value":"#j_username"}
COMMAND: POST /session/c486a9816572bc452379bf0d96c97947/element - {"using":"css selector","value":"#j_username"}
RESULT: {"url":"https://qa-testing-00-live-etm-ui.cfapps.eu10-004.hana.ondemand.com/"}
RESULT: undefined
COMMAND: GET /session/c486a9816572bc452379bf0d96c97947/screenshot - {}
RESULT: {}
RESULT: {"using":"css selector","value":"#j_username"}
COMMAND: POST /session/c486a9816572bc452379bf0d96c97947/element - {"using":"css selector","value":"#shell-header-logo"}
RESULT: {}
RESULT: {"using":"css selector","value":"#shell-header-logo"}
COMMAND: POST /session/c486a9816572bc452379bf0d96c97947/execute/sync - {"script":"<script> [8489 bytes]","args":[{"element-6066-11e4-a52e-4f735466cecf":"f.3F9ECC6ADE9C5A6D32036CC41DCDE0D0.d.EC0E079BEC870DAB388BAD9CFF880AEC.e.13264","ELEMENT":"f.3F9ECC6ADE9C5A6D32036CC41DCDE0D0.d.EC0E079BEC870DAB388BAD9CFF880AEC.e.13264"}]}
RESULT: {"script":"<script> [8489 bytes]","args":[{"element-6066-11e4-a52e-4f735466cecf":"f.3F9ECC6ADE9C5A6D32036CC41DCDE0D0.d.EC0E079BEC870DAB388BAD9CFF880AEC.e.13264","ELEMENT":"f.3F9ECC6ADE9C5A6D32036CC41DCDE0D0.d.EC0E079BEC870DAB388BAD9CFF880AEC.e.13264"}]}
COMMAND: POST /session/c486a9816572bc452379bf0d96c97947/element - {"using":"css selector","value":"#shell-header-logo"}
COMMAND: GET /session/c486a9816572bc452379bf0d96c97947/screenshot - {}
RESULT: {"using":"css selector","value":"#shell-header-logo"}
COMMAND: POST /session/c486a9816572bc452379bf0d96c97947/execute/sync - {"script":"<script> [8489 bytes]","args":[{"element-6066-11e4-a52e-4f735466cecf":"f.3F9ECC6ADE9C5A6D32036CC41DCDE0D0.d.EC0E079BEC870DAB388BAD9CFF880AEC.e.13264","ELEMENT":"f.3F9ECC6ADE9C5A6D32036CC41DCDE0D0.d.EC0E079BEC870DAB388BAD9CFF880AEC.e.13264"}]}
RESULT: {}
RESULT: {"script":"<script> [8489 bytes]","args":[{"element-6066-11e4-a52e-4f735466cecf":"f.3F9ECC6ADE9C5A6D32036CC41DCDE0D0.d.EC0E079BEC870DAB388BAD9CFF880AEC.e.13264","ELEMENT":"f.3F9ECC6ADE9C5A6D32036CC41DCDE0D0.d.EC0E079BEC870DAB388BAD9CFF880AEC.e.13264"}]}
COMMAND: POST /session/c486a9816572bc452379bf0d96c97947/execute/sync - {"script":"<script> [5351 bytes]","args":[{"element-6066-11e4-a52e-4f735466cecf":"f.3F9ECC6ADE9C5A6D32036CC41DCDE0D0.d.EC0E079BEC870DAB388BAD9CFF880AEC.e.13264","ELEMENT":"f.3F9ECC6ADE9C5A6D32036CC41DCDE0D0.d.EC0E079BEC870DAB388BAD9CFF880AEC.e.13264"}]}
COMMAND: GET /session/c486a9816572bc452379bf0d96c97947/screenshot - {}
RESULT: {"script":"<script> [5351 bytes]","args":[{"element-6066-11e4-a52e-4f735466cecf":"f.3F9ECC6ADE9C5A6D32036CC41DCDE0D0.d.EC0E079BEC870DAB388BAD9CFF880AEC.e.13264","ELEMENT":"f.3F9ECC6ADE9C5A6D32036CC41DCDE0D0.d.EC0E079BEC870DAB388BAD9CFF880AEC.e.13264"}]}
COMMAND: POST /session/c486a9816572bc452379bf0d96c97947/element - {"using":"css selector","value":"#shell-header-logo"}
COMMAND: GET /session/c486a9816572bc452379bf0d96c97947/screenshot - {}
RESULT: {}
RESULT: {"using":"css selector","value":"#shell-header-logo"}
COMMAND: POST /session/c486a9816572bc452379bf0d96c97947/element/f.3F9ECC6ADE9C5A6D32036CC41DCDE0D0.d.EC0E079BEC870DAB388BAD9CFF880AEC.e.13264/click - {}
RESULT: {}
RESULT: {}
COMMAND: GET /session/c486a9816572bc452379bf0d96c97947/screenshot - {}
RESULT: {}
COMMAND: POST /session/c486a9816572bc452379bf0d96c97947/execute/async - {"script":"<script> [189 bytes]","args":[]}
RESULT: {"script":"<script> [189 bytes]","args":[]}
COMMAND: POST /session/c486a9816572bc452379bf0d96c97947/execute/async - {"script":"<script> [123 bytes]","args":[]}
RESULT: {"script":"<script> [123 bytes]","args":[]}
COMMAND: POST /session/c486a9816572bc452379bf0d96c97947/timeouts - {"script":"<number>"}
RESULT: {"script":"<number>"}
COMMAND: GET /session/c486a9816572bc452379bf0d96c97947/timeouts - {}
RESULT: {}
RESULT: undefined
COMMAND: POST /session/c486a9816572bc452379bf0d96c97947/execute/async - {"script":"<script> [2676 bytes]","args":[]}
RESULT: {"script":"<script> [2676 bytes]","args":[]}
COMMAND: POST /session/c486a9816572bc452379bf0d96c97947/execute/async - {"script":"<script> [2342 bytes]","args":[{"protocol":"http","hostname":"0.0.0.0","path":"/","capabilities":{"browserName":"chrome","goog:chromeOptions":{"binary":"C:\\Program Files\\Google\\Chrome\\Application\\chrome.exe","args":["--start-maximized"]}},"logLevel":"warn","connectionRetryTimeout":120000,"connectionRetryCount":3,"logLevels":{},"enableDirectConnect":true,"strictSSL":true,"_":"65 more keys: [\"cacheDir\",\"port\",\"requestedCapabilities\",\"automationProtocol\",\"baseUrl\",\"waitforInterval\",\"waitforTimeout\",\"onReload\",\"beforeCommand\",\"afterCommand\",\"rootDir\",\"specs\",\"suites\",\"exclude\",\"groupLogsByTestSpec\",\"excludeDriverLogs\",\"bail\",\"framework\",\"reporters\",\"services\",\"maxInstances\",\"maxInstancesPerCapability\",\"injectGlobals\",\"filesToWatch\",\"execArgv\",\"runnerEnv\",\"runner\",\"shard\",\"specFileRetries\",\"specFileRetriesDelay\",\"specFileRetriesDeferred\",\"reporterSyncInterval\",\"reporterSyncTimeout\",\"cucumberFeaturesWithLineNumbers\",\"autoCompileOpts\",\"mochaOpts\",\"jasmineOpts\",\"cucumberOpts\",\"onPrepare\",\"onWorkerStart\",\"onWorkerEnd\",\"before\",\"beforeSession\",\"beforeSuite\",\"beforeHook\",\"beforeTest\",\"afterTest\",\"afterHook\",\"afterSuite\",\"afterSession\",\"after\",\"onComplete\",\"beforeAssertion\",\"afterAssertion\",\"beforeFeature\",\"beforeScenario\",\"beforeStep\",\"afterStep\",\"afterScenario\",\"afterFeature\",\"_\",\"suite\",\"$0\",\"ignoredWorkerServices\",\"wdi5\"]"}]}
RESULT: {"script":"<script> [2342 bytes]","args":[{"protocol":"http","hostname":"0.0.0.0","path":"/","capabilities":{"browserName":"chrome","goog:chromeOptions":{"binary":"C:\\Program Files\\Google\\Chrome\\Application\\chrome.exe","args":["--start-maximized"]}},"logLevel":"warn","connectionRetryTimeout":120000,"connectionRetryCount":3,"logLevels":{},"enableDirectConnect":true,"strictSSL":true,"_":"65 more keys: [\"cacheDir\",\"port\",\"requestedCapabilities\",\"automationProtocol\",\"baseUrl\",\"waitforInterval\",\"waitforTimeout\",\"onReload\",\"beforeCommand\",\"afterCommand\",\"rootDir\",\"specs\",\"suites\",\"exclude\",\"groupLogsByTestSpec\",\"excludeDriverLogs\",\"bail\",\"framework\",\"reporters\",\"services\",\"maxInstances\",\"maxInstancesPerCapability\",\"injectGlobals\",\"filesToWatch\",\"execArgv\",\"runnerEnv\",\"runner\",\"shard\",\"specFileRetries\",\"specFileRetriesDelay\",\"specFileRetriesDeferred\",\"reporterSyncInterval\",\"reporterSyncTimeout\",\"cucumberFeaturesWithLineNumbers\",\"autoCompileOpts\",\"mochaOpts\",\"jasmineOpts\",\"cucumberOpts\",\"onPrepare\",\"onWorkerStart\",\"onWorkerEnd\",\"before\",\"beforeSession\",\"beforeSuite\",\"beforeHook\",\"beforeTest\",\"afterTest\",\"afterHook\",\"afterSuite\",\"afterSession\",\"after\",\"onComplete\",\"beforeAssertion\",\"afterAssertion\",\"beforeFeature\",\"beforeScenario\",\"beforeStep\",\"afterStep\",\"afterScenario\",\"afterFeature\",\"_\",\"suite\",\"$0\",\"ignoredWorkerServices\",\"wdi5\"]"}]}
COMMAND: POST /session/c486a9816572bc452379bf0d96c97947/execute/async - {"script":"<script> [21126 bytes]","args":[35000]}
RESULT: {"script":"<script> [21126 bytes]","args":[35000]}
COMMAND: POST /session/c486a9816572bc452379bf0d96c97947/window/maximize - {}
RESULT: {}
COMMAND: POST /session/c486a9816572bc452379bf0d96c97947/execute/async - {"script":"<script> [1562 bytes]","args":[{"selector":{"id":"shell-header","interaction":{"idSuffix":"icon"}},"wdio_ui5_key":"shellheader"}]}
COMMAND: GET /session/c486a9816572bc452379bf0d96c97947/screenshot - {}
RESULT: {"script":"<script> [1562 bytes]","args":[{"selector":{"id":"shell-header","interaction":{"idSuffix":"icon"}},"wdio_ui5_key":"shellheader"}]}
RESULT: undefined
COMMAND: POST /session/c486a9816572bc452379bf0d96c97947/window/fullscreen - {}
RESULT: {}
RESULT: {}
]]></system-out>
    </testcase>
  </testsuite>
  <testsuite timestamp="2025-05-15T06:33:06" time="176.036" tests="4" failures="1" errors="1" skipped="0">
    <properties>
      <property name="specId" value="0" />
      <property name="suiteName" value="Provide to Site w/o warehouse management w/o clarification US116612" />
      <property name="capabilities" value="chrome.136_0_7103_93.windows" />
      <property name="file" value="file:///D:/a/1/s/test/specs/HTR/provide-to-site-wo-warehouse-wo-clarification.spec.js" />
    </properties>
    <testcase classname="chrome.136_0_7103_93.windows.Provide_to_Site_w/o_warehouse_management_w/o_clarification_US116612" name="Should create a new yard" time="0.022">
      <system-out><![CDATA[
COMMAND: POST /session/c486a9816572bc452379bf0d96c97947/window/fullscreen - {}
RESULT: {}
]]></system-out>
    </testcase>
    <testcase classname="chrome.136_0_7103_93.windows.Provide_to_Site_w/o_warehouse_management_w/o_clarification_US116612" name="Should create a new external partner" time="0.004" />
    <testcase classname="chrome.136_0_7103_93.windows.Provide_to_Site_w/o_warehouse_management_w/o_clarification_US116612" name="Should create a new site" time="0.005" />
  </testsuite>
  <testsuite timestamp="2025-05-15T06:36:02" time="267.091" tests="6" failures="4" errors="4" skipped="0">
    <properties>
      <property name="specId" value="0" />
      <property name="suiteName" value="Provide to Site w/o warehouse management w/o clarification" />
      <property name="capabilities" value="chrome.136_0_7103_93.windows" />
      <property name="file" value="file:///D:/a/1/s/test/specs/HTR/provide-to-site-wo-warehouse-wo-clarification.spec.js" />
    </properties>
    <testcase classname="chrome.136_0_7103_93.windows.Provide_to_Site_w/o_warehouse_management_w/o_clarification" name="Should Test for Handover Execution" time="20.494">
      <system-out><![CDATA[
COMMAND: POST /session/c486a9816572bc452379bf0d96c97947/element - {"using":"xpath","value":"(//span[contains(@id, \"imgNav\")])[1]"}
COMMAND: GET /session/c486a9816572bc452379bf0d96c97947/screenshot - {}
RESULT: {"using":"xpath","value":"(//span[contains(@id, \"imgNav\")])[1]"}
COMMAND: POST /session/c486a9816572bc452379bf0d96c97947/element/f.3F9ECC6ADE9C5A6D32036CC41DCDE0D0.d.EC0E079BEC870DAB388BAD9CFF880AEC.e.13575/click - {}
RESULT: {}
RESULT: {}
COMMAND: GET /session/c486a9816572bc452379bf0d96c97947/screenshot - {}
COMMAND: POST /session/c486a9816572bc452379bf0d96c97947/element - {"using":"css selector","value":"#shell-header-logo"}
RESULT: {}
RESULT: {"using":"css selector","value":"#shell-header-logo"}
COMMAND: POST /session/c486a9816572bc452379bf0d96c97947/element/f.3F9ECC6ADE9C5A6D32036CC41DCDE0D0.d.EC0E079BEC870DAB388BAD9CFF880AEC.e.13264/click - {}
RESULT: {}
COMMAND: GET /session/c486a9816572bc452379bf0d96c97947/screenshot - {}
RESULT: {}
]]></system-out>
    </testcase>
    <testcase classname="chrome.136_0_7103_93.windows.Provide_to_Site_w/o_warehouse_management_w/o_clarification" name="Should test for Clarification" time="0.005">
      <system-out><![CDATA[
COMMAND: POST /session/c486a9816572bc452379bf0d96c97947/element - {"using":"css selector","value":"#j_username"}
COMMAND: POST /session/c486a9816572bc452379bf0d96c97947/url - {"url":"https://qa-testing-00-live-etm-ui.cfapps.eu10-004.hana.ondemand.com/"}
COMMAND: GET /session/c486a9816572bc452379bf0d96c97947/screenshot - {}
RESULT: {"using":"css selector","value":"#j_username"}
COMMAND: POST /session/c486a9816572bc452379bf0d96c97947/element - {"using":"css selector","value":"#j_username"}
RESULT: {"url":"https://qa-testing-00-live-etm-ui.cfapps.eu10-004.hana.ondemand.com/"}
RESULT: undefined
COMMAND: GET /session/c486a9816572bc452379bf0d96c97947/screenshot - {}
RESULT: {}
RESULT: {"using":"css selector","value":"#j_username"}
COMMAND: POST /session/c486a9816572bc452379bf0d96c97947/element - {"using":"css selector","value":"#shell-header-logo"}
RESULT: {}
RESULT: {"using":"css selector","value":"#shell-header-logo"}
COMMAND: POST /session/c486a9816572bc452379bf0d96c97947/execute/sync - {"script":"<script> [8489 bytes]","args":[{"element-6066-11e4-a52e-4f735466cecf":"f.3F9ECC6ADE9C5A6D32036CC41DCDE0D0.d.40E065D0C9A4B2E7D8DD4CFF8462839D.e.13992","ELEMENT":"f.3F9ECC6ADE9C5A6D32036CC41DCDE0D0.d.40E065D0C9A4B2E7D8DD4CFF8462839D.e.13992"}]}
RESULT: {"script":"<script> [8489 bytes]","args":[{"element-6066-11e4-a52e-4f735466cecf":"f.3F9ECC6ADE9C5A6D32036CC41DCDE0D0.d.40E065D0C9A4B2E7D8DD4CFF8462839D.e.13992","ELEMENT":"f.3F9ECC6ADE9C5A6D32036CC41DCDE0D0.d.40E065D0C9A4B2E7D8DD4CFF8462839D.e.13992"}]}
COMMAND: POST /session/c486a9816572bc452379bf0d96c97947/element - {"using":"css selector","value":"#shell-header-logo"}
COMMAND: GET /session/c486a9816572bc452379bf0d96c97947/screenshot - {}
RESULT: {"using":"css selector","value":"#shell-header-logo"}
COMMAND: POST /session/c486a9816572bc452379bf0d96c97947/execute/sync - {"script":"<script> [8489 bytes]","args":[{"element-6066-11e4-a52e-4f735466cecf":"f.3F9ECC6ADE9C5A6D32036CC41DCDE0D0.d.40E065D0C9A4B2E7D8DD4CFF8462839D.e.13992","ELEMENT":"f.3F9ECC6ADE9C5A6D32036CC41DCDE0D0.d.40E065D0C9A4B2E7D8DD4CFF8462839D.e.13992"}]}
RESULT: {}
RESULT: {"script":"<script> [8489 bytes]","args":[{"element-6066-11e4-a52e-4f735466cecf":"f.3F9ECC6ADE9C5A6D32036CC41DCDE0D0.d.40E065D0C9A4B2E7D8DD4CFF8462839D.e.13992","ELEMENT":"f.3F9ECC6ADE9C5A6D32036CC41DCDE0D0.d.40E065D0C9A4B2E7D8DD4CFF8462839D.e.13992"}]}
COMMAND: POST /session/c486a9816572bc452379bf0d96c97947/execute/sync - {"script":"<script> [5351 bytes]","args":[{"element-6066-11e4-a52e-4f735466cecf":"f.3F9ECC6ADE9C5A6D32036CC41DCDE0D0.d.40E065D0C9A4B2E7D8DD4CFF8462839D.e.13992","ELEMENT":"f.3F9ECC6ADE9C5A6D32036CC41DCDE0D0.d.40E065D0C9A4B2E7D8DD4CFF8462839D.e.13992"}]}
COMMAND: GET /session/c486a9816572bc452379bf0d96c97947/screenshot - {}
RESULT: {"script":"<script> [5351 bytes]","args":[{"element-6066-11e4-a52e-4f735466cecf":"f.3F9ECC6ADE9C5A6D32036CC41DCDE0D0.d.40E065D0C9A4B2E7D8DD4CFF8462839D.e.13992","ELEMENT":"f.3F9ECC6ADE9C5A6D32036CC41DCDE0D0.d.40E065D0C9A4B2E7D8DD4CFF8462839D.e.13992"}]}
COMMAND: POST /session/c486a9816572bc452379bf0d96c97947/element - {"using":"css selector","value":"#shell-header-logo"}
COMMAND: GET /session/c486a9816572bc452379bf0d96c97947/screenshot - {}
RESULT: {}
RESULT: {"using":"css selector","value":"#shell-header-logo"}
COMMAND: POST /session/c486a9816572bc452379bf0d96c97947/element/f.3F9ECC6ADE9C5A6D32036CC41DCDE0D0.d.40E065D0C9A4B2E7D8DD4CFF8462839D.e.13992/click - {}
RESULT: {}
RESULT: {}
COMMAND: GET /session/c486a9816572bc452379bf0d96c97947/screenshot - {}
RESULT: {}
COMMAND: POST /session/c486a9816572bc452379bf0d96c97947/execute/async - {"script":"<script> [189 bytes]","args":[]}
RESULT: {"script":"<script> [189 bytes]","args":[]}
COMMAND: POST /session/c486a9816572bc452379bf0d96c97947/execute/async - {"script":"<script> [123 bytes]","args":[]}
RESULT: {"script":"<script> [123 bytes]","args":[]}
COMMAND: POST /session/c486a9816572bc452379bf0d96c97947/timeouts - {"script":"<number>"}
RESULT: {"script":"<number>"}
COMMAND: GET /session/c486a9816572bc452379bf0d96c97947/timeouts - {}
RESULT: {}
RESULT: undefined
COMMAND: POST /session/c486a9816572bc452379bf0d96c97947/execute/async - {"script":"<script> [2676 bytes]","args":[]}
RESULT: {"script":"<script> [2676 bytes]","args":[]}
COMMAND: POST /session/c486a9816572bc452379bf0d96c97947/execute/async - {"script":"<script> [2342 bytes]","args":[{"protocol":"http","hostname":"0.0.0.0","path":"/","capabilities":{"browserName":"chrome","goog:chromeOptions":{"binary":"C:\\Program Files\\Google\\Chrome\\Application\\chrome.exe","args":["--start-maximized"]}},"logLevel":"warn","connectionRetryTimeout":120000,"connectionRetryCount":3,"logLevels":{},"enableDirectConnect":true,"strictSSL":true,"_":"65 more keys: [\"cacheDir\",\"port\",\"requestedCapabilities\",\"automationProtocol\",\"baseUrl\",\"waitforInterval\",\"waitforTimeout\",\"onReload\",\"beforeCommand\",\"afterCommand\",\"rootDir\",\"specs\",\"suites\",\"exclude\",\"groupLogsByTestSpec\",\"excludeDriverLogs\",\"bail\",\"framework\",\"reporters\",\"services\",\"maxInstances\",\"maxInstancesPerCapability\",\"injectGlobals\",\"filesToWatch\",\"execArgv\",\"runnerEnv\",\"runner\",\"shard\",\"specFileRetries\",\"specFileRetriesDelay\",\"specFileRetriesDeferred\",\"reporterSyncInterval\",\"reporterSyncTimeout\",\"cucumberFeaturesWithLineNumbers\",\"autoCompileOpts\",\"mochaOpts\",\"jasmineOpts\",\"cucumberOpts\",\"onPrepare\",\"onWorkerStart\",\"onWorkerEnd\",\"before\",\"beforeSession\",\"beforeSuite\",\"beforeHook\",\"beforeTest\",\"afterTest\",\"afterHook\",\"afterSuite\",\"afterSession\",\"after\",\"onComplete\",\"beforeAssertion\",\"afterAssertion\",\"beforeFeature\",\"beforeScenario\",\"beforeStep\",\"afterStep\",\"afterScenario\",\"afterFeature\",\"_\",\"suite\",\"$0\",\"ignoredWorkerServices\",\"wdi5\"]"}]}
RESULT: {"script":"<script> [2342 bytes]","args":[{"protocol":"http","hostname":"0.0.0.0","path":"/","capabilities":{"browserName":"chrome","goog:chromeOptions":{"binary":"C:\\Program Files\\Google\\Chrome\\Application\\chrome.exe","args":["--start-maximized"]}},"logLevel":"warn","connectionRetryTimeout":120000,"connectionRetryCount":3,"logLevels":{},"enableDirectConnect":true,"strictSSL":true,"_":"65 more keys: [\"cacheDir\",\"port\",\"requestedCapabilities\",\"automationProtocol\",\"baseUrl\",\"waitforInterval\",\"waitforTimeout\",\"onReload\",\"beforeCommand\",\"afterCommand\",\"rootDir\",\"specs\",\"suites\",\"exclude\",\"groupLogsByTestSpec\",\"excludeDriverLogs\",\"bail\",\"framework\",\"reporters\",\"services\",\"maxInstances\",\"maxInstancesPerCapability\",\"injectGlobals\",\"filesToWatch\",\"execArgv\",\"runnerEnv\",\"runner\",\"shard\",\"specFileRetries\",\"specFileRetriesDelay\",\"specFileRetriesDeferred\",\"reporterSyncInterval\",\"reporterSyncTimeout\",\"cucumberFeaturesWithLineNumbers\",\"autoCompileOpts\",\"mochaOpts\",\"jasmineOpts\",\"cucumberOpts\",\"onPrepare\",\"onWorkerStart\",\"onWorkerEnd\",\"before\",\"beforeSession\",\"beforeSuite\",\"beforeHook\",\"beforeTest\",\"afterTest\",\"afterHook\",\"afterSuite\",\"afterSession\",\"after\",\"onComplete\",\"beforeAssertion\",\"afterAssertion\",\"beforeFeature\",\"beforeScenario\",\"beforeStep\",\"afterStep\",\"afterScenario\",\"afterFeature\",\"_\",\"suite\",\"$0\",\"ignoredWorkerServices\",\"wdi5\"]"}]}
COMMAND: POST /session/c486a9816572bc452379bf0d96c97947/execute/async - {"script":"<script> [21126 bytes]","args":[35000]}
RESULT: {"script":"<script> [21126 bytes]","args":[35000]}
COMMAND: POST /session/c486a9816572bc452379bf0d96c97947/window/maximize - {}
RESULT: {}
COMMAND: POST /session/c486a9816572bc452379bf0d96c97947/execute/async - {"script":"<script> [1562 bytes]","args":[{"selector":{"id":"shell-header","interaction":{"idSuffix":"icon"}},"wdio_ui5_key":"shellheader"}]}
COMMAND: GET /session/c486a9816572bc452379bf0d96c97947/screenshot - {}
RESULT: {"script":"<script> [1562 bytes]","args":[{"selector":{"id":"shell-header","interaction":{"idSuffix":"icon"}},"wdio_ui5_key":"shellheader"}]}
RESULT: undefined
COMMAND: POST /session/c486a9816572bc452379bf0d96c97947/refresh - {}
RESULT: {}
RESULT: {}
COMMAND: GET /session/c486a9816572bc452379bf0d96c97947/screenshot - {}
RESULT: {}
COMMAND: POST /session/c486a9816572bc452379bf0d96c97947/refresh - {}
RESULT: {}
COMMAND: GET /session/c486a9816572bc452379bf0d96c97947/screenshot - {}
RESULT: {}
COMMAND: POST /session/c486a9816572bc452379bf0d96c97947/window/fullscreen - {}
RESULT: {}
COMMAND: POST /session/c486a9816572bc452379bf0d96c97947/execute/async - {"script":"<script> [189 bytes]","args":[]}
RESULT: {"script":"<script> [189 bytes]","args":[]}
COMMAND: POST /session/c486a9816572bc452379bf0d96c97947/execute/async - {"script":"<script> [123 bytes]","args":[]}
RESULT: {"script":"<script> [123 bytes]","args":[]}
COMMAND: POST /session/c486a9816572bc452379bf0d96c97947/timeouts - {"script":"<number>"}
RESULT: {"script":"<number>"}
COMMAND: GET /session/c486a9816572bc452379bf0d96c97947/timeouts - {}
RESULT: {}
RESULT: undefined
COMMAND: POST /session/c486a9816572bc452379bf0d96c97947/execute/async - {"script":"<script> [2676 bytes]","args":[]}
RESULT: {"script":"<script> [2676 bytes]","args":[]}
COMMAND: POST /session/c486a9816572bc452379bf0d96c97947/execute/async - {"script":"<script> [2342 bytes]","args":[{"protocol":"http","hostname":"0.0.0.0","path":"/","capabilities":{"browserName":"chrome","goog:chromeOptions":{"binary":"C:\\Program Files\\Google\\Chrome\\Application\\chrome.exe","args":["--start-maximized"]}},"logLevel":"warn","connectionRetryTimeout":120000,"connectionRetryCount":3,"logLevels":{},"enableDirectConnect":true,"strictSSL":true,"_":"65 more keys: [\"cacheDir\",\"port\",\"requestedCapabilities\",\"automationProtocol\",\"baseUrl\",\"waitforInterval\",\"waitforTimeout\",\"onReload\",\"beforeCommand\",\"afterCommand\",\"rootDir\",\"specs\",\"suites\",\"exclude\",\"groupLogsByTestSpec\",\"excludeDriverLogs\",\"bail\",\"framework\",\"reporters\",\"services\",\"maxInstances\",\"maxInstancesPerCapability\",\"injectGlobals\",\"filesToWatch\",\"execArgv\",\"runnerEnv\",\"runner\",\"shard\",\"specFileRetries\",\"specFileRetriesDelay\",\"specFileRetriesDeferred\",\"reporterSyncInterval\",\"reporterSyncTimeout\",\"cucumberFeaturesWithLineNumbers\",\"autoCompileOpts\",\"mochaOpts\",\"jasmineOpts\",\"cucumberOpts\",\"onPrepare\",\"onWorkerStart\",\"onWorkerEnd\",\"before\",\"beforeSession\",\"beforeSuite\",\"beforeHook\",\"beforeTest\",\"afterTest\",\"afterHook\",\"afterSuite\",\"afterSession\",\"after\",\"onComplete\",\"beforeAssertion\",\"afterAssertion\",\"beforeFeature\",\"beforeScenario\",\"beforeStep\",\"afterStep\",\"afterScenario\",\"afterFeature\",\"_\",\"suite\",\"$0\",\"ignoredWorkerServices\",\"wdi5\"]"}]}
RESULT: {"script":"<script> [2342 bytes]","args":[{"protocol":"http","hostname":"0.0.0.0","path":"/","capabilities":{"browserName":"chrome","goog:chromeOptions":{"binary":"C:\\Program Files\\Google\\Chrome\\Application\\chrome.exe","args":["--start-maximized"]}},"logLevel":"warn","connectionRetryTimeout":120000,"connectionRetryCount":3,"logLevels":{},"enableDirectConnect":true,"strictSSL":true,"_":"65 more keys: [\"cacheDir\",\"port\",\"requestedCapabilities\",\"automationProtocol\",\"baseUrl\",\"waitforInterval\",\"waitforTimeout\",\"onReload\",\"beforeCommand\",\"afterCommand\",\"rootDir\",\"specs\",\"suites\",\"exclude\",\"groupLogsByTestSpec\",\"excludeDriverLogs\",\"bail\",\"framework\",\"reporters\",\"services\",\"maxInstances\",\"maxInstancesPerCapability\",\"injectGlobals\",\"filesToWatch\",\"execArgv\",\"runnerEnv\",\"runner\",\"shard\",\"specFileRetries\",\"specFileRetriesDelay\",\"specFileRetriesDeferred\",\"reporterSyncInterval\",\"reporterSyncTimeout\",\"cucumberFeaturesWithLineNumbers\",\"autoCompileOpts\",\"mochaOpts\",\"jasmineOpts\",\"cucumberOpts\",\"onPrepare\",\"onWorkerStart\",\"onWorkerEnd\",\"before\",\"beforeSession\",\"beforeSuite\",\"beforeHook\",\"beforeTest\",\"afterTest\",\"afterHook\",\"afterSuite\",\"afterSession\",\"after\",\"onComplete\",\"beforeAssertion\",\"afterAssertion\",\"beforeFeature\",\"beforeScenario\",\"beforeStep\",\"afterStep\",\"afterScenario\",\"afterFeature\",\"_\",\"suite\",\"$0\",\"ignoredWorkerServices\",\"wdi5\"]"}]}
COMMAND: POST /session/c486a9816572bc452379bf0d96c97947/execute/async - {"script":"<script> [21126 bytes]","args":[35000]}
RESULT: {"script":"<script> [21126 bytes]","args":[35000]}
]]></system-out>
    </testcase>
  </testsuite>
  <testsuite timestamp="2025-05-15T06:40:29" time="421.588" tests="8" failures="5" errors="5" skipped="0">
    <properties>
      <property name="specId" value="0" />
      <property name="suiteName" value="Return from Site w/ warehouse management w/ clarification US125588" />
      <property name="capabilities" value="chrome.136_0_7103_93.windows" />
      <property name="file" value="file:///D:/a/1/s/test/specs/HTR/return-from-site-w-warehouse-management-w-clarification.spec.js" />
    </properties>
    <testcase classname="chrome.136_0_7103_93.windows.Return_from_Site_w/_warehouse_management_w/_clarification_US125588" name="Should create a new WHM yard" time="0.034">
      <system-out><![CDATA[
COMMAND: POST /session/c486a9816572bc452379bf0d96c97947/window/fullscreen - {}
RESULT: {}
]]></system-out>
    </testcase>
    <testcase classname="chrome.136_0_7103_93.windows.Return_from_Site_w/_warehouse_management_w/_clarification_US125588" name="Should create a new external WHM partner" time="0.005" />
    <testcase classname="chrome.136_0_7103_93.windows.Return_from_Site_w/_warehouse_management_w/_clarification_US125588" name="Should create a new WHM site" time="0.005" />
  </testsuite>
  <testsuite timestamp="2025-05-15T06:47:31" time="450.503" tests="7" failures="7" errors="7" skipped="0">
    <properties>
      <property name="specId" value="0" />
      <property name="suiteName" value="Provide to Site w/ warehouse management w clarification" />
      <property name="capabilities" value="chrome.136_0_7103_93.windows" />
      <property name="file" value="file:///D:/a/1/s/test/specs/HTR/return-from-site-w-warehouse-management-w-clarification.spec.js" />
    </properties>
  </testsuite>
  <testsuite timestamp="2025-05-15T06:55:01" time="421.32" tests="9" failures="4" errors="4" skipped="0">
    <properties>
      <property name="specId" value="0" />
      <property name="suiteName" value="Create masterdata for Yard Overview - trigger provide US130988" />
      <property name="capabilities" value="chrome.136_0_7103_93.windows" />
      <property name="file" value="file:///D:/a/1/s/test/specs/HTR/stock-decrease.spec.js" />
    </properties>
    <testcase classname="chrome.136_0_7103_93.windows.Create_masterdata_for_Yard_Overview_-_trigger_provide_US130988" name="Should create a new WHM yard" time="0.016">
      <system-out><![CDATA[
COMMAND: POST /session/c486a9816572bc452379bf0d96c97947/window/fullscreen - {}
RESULT: {}
]]></system-out>
    </testcase>
    <testcase classname="chrome.136_0_7103_93.windows.Create_masterdata_for_Yard_Overview_-_trigger_provide_US130988" name="Should create a new partner" time="0.005" />
    <testcase classname="chrome.136_0_7103_93.windows.Create_masterdata_for_Yard_Overview_-_trigger_provide_US130988" name="Should create a new site" time="0.004" />
    <testcase classname="chrome.136_0_7103_93.windows.Create_masterdata_for_Yard_Overview_-_trigger_provide_US130988" name="Bin Status Report Should Create New Organization yard" time="0.02" />
    <testcase classname="chrome.136_0_7103_93.windows.Create_masterdata_for_Yard_Overview_-_trigger_provide_US130988" name="Set status to defect" time="42.728">
      <system-out><![CDATA[
COMMAND: POST /session/c486a9816572bc452379bf0d96c97947/execute/async - {"script":"<script> [1562 bytes]","args":[{"selector":{"controlType":"sap.ushell.ui.launchpad.AnchorItem","bindingPath":{"path":"/groups/3","propertyPath":"index"},"interaction":{"idSuffix":"inner"}},"wdio_ui5_key":"sapushell.ui.launchpad.AnchorItem{\"path\":\"/groups/3\",\"propertyPath\":\"index\"}"}]}
COMMAND: GET /session/c486a9816572bc452379bf0d96c97947/screenshot - {}
RESULT: {"script":"<script> [1562 bytes]","args":[{"selector":{"controlType":"sap.ushell.ui.launchpad.AnchorItem","bindingPath":{"path":"/groups/3","propertyPath":"index"},"interaction":{"idSuffix":"inner"}},"wdio_ui5_key":"sapushell.ui.launchpad.AnchorItem{\"path\":\"/groups/3\",\"propertyPath\":\"index\"}"}]}
RESULT: undefined
RESULT: {}
COMMAND: POST /session/c486a9816572bc452379bf0d96c97947/execute/async - {"script":"<script> [1562 bytes]","args":[{"selector":{"controlType":"sap.m.GenericTile","properties":{"header":"Manage States & Performance"}},"wdio_ui5_key":"sapm.GenericTile{\"header\":\"Manage States & Performance\"}"}]}
RESULT: {"script":"<script> [1562 bytes]","args":[{"selector":{"controlType":"sap.m.GenericTile","properties":{"header":"Manage States & Performance"}},"wdio_ui5_key":"sapm.GenericTile{\"header\":\"Manage States & Performance\"}"}]}
RESULT: undefined
COMMAND: POST /session/c486a9816572bc452379bf0d96c97947/elements - {"using":"xpath","value":"//span[text()='Error']"}
RESULT: {"using":"xpath","value":"//span[text()='Error']"}
COMMAND: POST /session/c486a9816572bc452379bf0d96c97947/execute/async - {"script":"<script> [1562 bytes]","args":[{"selector":{"controlType":"sap.ui.core.Icon","viewName":"etm.portal.ui.managestatesandperformance.view.Master","viewId":"application-managestatesandperformance-display-component---stateAndPerform","properties":{"src":{"regex":{"source":"inventory"}}}},"wdio_ui5_key":"etmportal.ui.managestatesandperformance.view.Mastersap.ui.core.Icon{\"src\":{\"regex\":{\"source\":\"inventory\"}}}"}]}
RESULT: {"script":"<script> [1562 bytes]","args":[{"selector":{"controlType":"sap.ui.core.Icon","viewName":"etm.portal.ui.managestatesandperformance.view.Master","viewId":"application-managestatesandperformance-display-component---stateAndPerform","properties":{"src":{"regex":{"source":"inventory"}}}},"wdio_ui5_key":"etmportal.ui.managestatesandperformance.view.Mastersap.ui.core.Icon{\"src\":{\"regex\":{\"source\":\"inventory\"}}}"}]}
RESULT: undefined
COMMAND: POST /session/c486a9816572bc452379bf0d96c97947/execute/async - {"script":"<script> [1562 bytes]","args":[{"selector":{"id":"application-managestatesandperformance-display-component---stateAndPerform--smartFilterBarYard-btnBasicSearch","interaction":{"idSuffix":"I"}},"wdio_ui5_key":"applicationmanagestatesandperformance-display-component---stateAndPerform--smartFilterBarYard-btnBasicSearch"}]}
RESULT: {"script":"<script> [1562 bytes]","args":[{"selector":{"id":"application-managestatesandperformance-display-component---stateAndPerform--smartFilterBarYard-btnBasicSearch","interaction":{"idSuffix":"I"}},"wdio_ui5_key":"applicationmanagestatesandperformance-display-component---stateAndPerform--smartFilterBarYard-btnBasicSearch"}]}
RESULT: undefined
COMMAND: POST /session/c486a9816572bc452379bf0d96c97947/execute/async - {"script":"<script> [1562 bytes]","args":[{"selector":{"controlType":"sap.m.ColumnListItem","viewName":"etm.portal.ui.managestatesandperformance.view.Master","viewId":"application-managestatesandperformance-display-component---stateAndPerform","properties":{"type":"Navigation"},"interaction":{"idSuffix":"cell0"}},"wdio_ui5_key":"etmportal.ui.managestatesandperformance.view.Mastersap.m.ColumnListItem{\"type\":\"Navigation\"}"}]}
RESULT: {"script":"<script> [1562 bytes]","args":[{"selector":{"controlType":"sap.m.ColumnListItem","viewName":"etm.portal.ui.managestatesandperformance.view.Master","viewId":"application-managestatesandperformance-display-component---stateAndPerform","properties":{"type":"Navigation"},"interaction":{"idSuffix":"cell0"}},"wdio_ui5_key":"etmportal.ui.managestatesandperformance.view.Mastersap.m.ColumnListItem{\"type\":\"Navigation\"}"}]}
RESULT: undefined
COMMAND: POST /session/c486a9816572bc452379bf0d96c97947/execute/async - {"script":"<script> [1562 bytes]","args":[{"selector":{"controlType":"sap.m.Button","viewName":"etm.portal.ui.managestatesandperformance.view.Detail","viewId":"application-managestatesandperformance-display-component---detailStateAndPerform","i18NText":{"propertyName":"text","key":"createStateChange"},"interaction":{"idSuffix":"content"}},"wdio_ui5_key":"etmportal.ui.managestatesandperformance.view.Detailsap.m.Button{\"propertyName\":\"text\",\"key\":\"createStateChange\"}"}]}
RESULT: {"script":"<script> [1562 bytes]","args":[{"selector":{"controlType":"sap.m.Button","viewName":"etm.portal.ui.managestatesandperformance.view.Detail","viewId":"application-managestatesandperformance-display-component---detailStateAndPerform","i18NText":{"propertyName":"text","key":"createStateChange"},"interaction":{"idSuffix":"content"}},"wdio_ui5_key":"etmportal.ui.managestatesandperformance.view.Detailsap.m.Button{\"propertyName\":\"text\",\"key\":\"createStateChange\"}"}]}
RESULT: undefined
COMMAND: POST /session/c486a9816572bc452379bf0d96c97947/execute/async - {"script":"<script> [1562 bytes]","args":[{"selector":{"id":"addStateDialog--stateSelect","searchOpenDialogs":true,"interaction":{"idSuffix":"arrow"}},"wdio_ui5_key":"addStateDialogstateSelect"}]}
RESULT: {"script":"<script> [1562 bytes]","args":[{"selector":{"id":"addStateDialog--stateSelect","searchOpenDialogs":true,"interaction":{"idSuffix":"arrow"}},"wdio_ui5_key":"addStateDialogstateSelect"}]}
RESULT: undefined
COMMAND: POST /session/c486a9816572bc452379bf0d96c97947/execute/async - {"script":"<script> [1562 bytes]","args":[{"selector":{"controlType":"sap.ui.core.Item","viewName":"etm.portal.ui.managestatesandperformance.view.Detail","viewId":"application-managestatesandperformance-display-component---detailStateAndPerform","bindingPath":{"path":"/StateTypes(70)","propertyPath":"STATE","modelName":"catalogModel"},"searchOpenDialogs":true},"wdio_ui5_key":"etmportal.ui.managestatesandperformance.view.Detailsap.ui.core.Item{\"path\":\"/StateTypes(70)\",\"propertyPath\":\"STATE\",\"modelName\":\"catalogModel\"}"}]}
RESULT: {"script":"<script> [1562 bytes]","args":[{"selector":{"controlType":"sap.ui.core.Item","viewName":"etm.portal.ui.managestatesandperformance.view.Detail","viewId":"application-managestatesandperformance-display-component---detailStateAndPerform","bindingPath":{"path":"/StateTypes(70)","propertyPath":"STATE","modelName":"catalogModel"},"searchOpenDialogs":true},"wdio_ui5_key":"etmportal.ui.managestatesandperformance.view.Detailsap.ui.core.Item{\"path\":\"/StateTypes(70)\",\"propertyPath\":\"STATE\",\"modelName\":\"catalogModel\"}"}]}
RESULT: undefined
COMMAND: POST /session/c486a9816572bc452379bf0d96c97947/execute/async - {"script":"<script> [1562 bytes]","args":[{"selector":{"controlType":"sap.m.NumericInput","viewName":"etm.portal.ui.managestatesandperformance.view.Detail","viewId":"application-managestatesandperformance-display-component---detailStateAndPerform","properties":{"value":"0"},"searchOpenDialogs":true,"interaction":{"idSuffix":"inner"}},"wdio_ui5_key":"etmportal.ui.managestatesandperformance.view.Detailsap.m.NumericInput{\"value\":\"0\"}"}]}
RESULT: {"script":"<script> [1562 bytes]","args":[{"selector":{"controlType":"sap.m.NumericInput","viewName":"etm.portal.ui.managestatesandperformance.view.Detail","viewId":"application-managestatesandperformance-display-component---detailStateAndPerform","properties":{"value":"0"},"searchOpenDialogs":true,"interaction":{"idSuffix":"inner"}},"wdio_ui5_key":"etmportal.ui.managestatesandperformance.view.Detailsap.m.NumericInput{\"value\":\"0\"}"}]}
RESULT: undefined
COMMAND: POST /session/c486a9816572bc452379bf0d96c97947/execute/async - {"script":"<script> [1562 bytes]","args":[{"selector":{"controlType":"sap.m.Button","viewName":"etm.portal.ui.managestatesandperformance.view.Detail","viewId":"application-managestatesandperformance-display-component---detailStateAndPerform","i18NText":{"propertyName":"text","key":"save"},"searchOpenDialogs":true,"interaction":{"idSuffix":"BDI-content"}},"wdio_ui5_key":"etmportal.ui.managestatesandperformance.view.Detailsap.m.Button{\"propertyName\":\"text\",\"key\":\"save\"}"}]}
RESULT: {"script":"<script> [1562 bytes]","args":[{"selector":{"controlType":"sap.m.Button","viewName":"etm.portal.ui.managestatesandperformance.view.Detail","viewId":"application-managestatesandperformance-display-component---detailStateAndPerform","i18NText":{"propertyName":"text","key":"save"},"searchOpenDialogs":true,"interaction":{"idSuffix":"BDI-content"}},"wdio_ui5_key":"etmportal.ui.managestatesandperformance.view.Detailsap.m.Button{\"propertyName\":\"text\",\"key\":\"save\"}"}]}
RESULT: undefined
COMMAND: POST /session/c486a9816572bc452379bf0d96c97947/element - {"using":"css selector","value":"#shell-header-logo"}
RESULT: {"using":"css selector","value":"#shell-header-logo"}
COMMAND: POST /session/c486a9816572bc452379bf0d96c97947/element/f.3F9ECC6ADE9C5A6D32036CC41DCDE0D0.d.2F6A7A6D0B82A16A41F56CA71DD2EEFC.e.14903/click - {}
RESULT: {}
COMMAND: GET /session/c486a9816572bc452379bf0d96c97947/screenshot - {}
RESULT: {}
]]></system-out>
    </testcase>
  </testsuite>
  <testsuite timestamp="2025-05-15T07:02:03" time="356.871" tests="7" failures="6" errors="6" skipped="0">
    <properties>
      <property name="specId" value="0" />
      <property name="suiteName" value="Transfer Yard to Yard US131076" />
      <property name="capabilities" value="chrome.136_0_7103_93.windows" />
      <property name="file" value="file:///D:/a/1/s/test/specs/HTR/transfer-yard-to-yard.spec.js" />
    </properties>
    <testcase classname="chrome.136_0_7103_93.windows.Transfer_Yard_to_Yard_US131076" name="Should create a new yard" time="0.019">
      <system-out><![CDATA[
COMMAND: POST /session/c486a9816572bc452379bf0d96c97947/window/fullscreen - {}
RESULT: {}
]]></system-out>
    </testcase>
  </testsuite>
</testsuites>