<?xml version="1.0" encoding="UTF-8"?>
<testsuites tests="15" failures="5" errors="5" skipped="0">
  <testsuite timestamp="2025-05-13T06:59:28" time="779.472" tests="9" failures="5" errors="5" skipped="0">
    <properties>
      <property name="specId" value="0" />
      <property name="suiteName" value="Prerequisites &amp; test for yard mass return on Yard Overview US131057" />
      <property name="capabilities" value="chrome.136_0_7103_49.windows" />
      <property name="file" value="file:///D:/a/1/s/test/specs/HTR/yard-mass-return.spec.js" />
    </properties>
    <testcase classname="chrome.136_0_7103_49.windows.Prerequisites_&amp;_test_for_yard_mass_return_on_Yard_Overview_US131057" name="Prereq Should create a new yard used for all following tests" time="112.604">
      <system-out><![CDATA[
COMMAND: POST /session/f07c5c959d0d14348fa4bc6d2271ab1f/window/fullscreen - {}
RESULT: {}
COMMAND: POST /session/f07c5c959d0d14348fa4bc6d2271ab1f/execute/async - {"script":"<script> [1562 bytes]","args":[{"selector":{"controlType":"sap.m.GenericTile","properties":{"header":"Manage Yards"}},"wdio_ui5_key":"sapm.GenericTile{\"header\":\"Manage Yards\"}"}]}
RESULT: {"script":"<script> [1562 bytes]","args":[{"selector":{"controlType":"sap.m.GenericTile","properties":{"header":"Manage Yards"}},"wdio_ui5_key":"sapm.GenericTile{\"header\":\"Manage Yards\"}"}]}
RESULT: undefined
COMMAND: POST /session/f07c5c959d0d14348fa4bc6d2271ab1f/element - {"using":"xpath","value":"//*[@id=\"__tile41\"]"}
RESULT: {"using":"xpath","value":"//*[@id=\"__tile41\"]"}
COMMAND: POST /session/f07c5c959d0d14348fa4bc6d2271ab1f/element/f.02E6C5F2549FB1A482A4D12844538C67.d.D1C5EC031FF716555784535D28B5E464.e.164/click - {}
RESULT: {}
COMMAND: POST /session/f07c5c959d0d14348fa4bc6d2271ab1f/element - {"using":"xpath","value":"//button[@data-kt=\"addNewYardOverflowToolbarButton\"]"}
COMMAND: GET /session/f07c5c959d0d14348fa4bc6d2271ab1f/screenshot - {}
RESULT: {"using":"xpath","value":"//button[@data-kt=\"addNewYardOverflowToolbarButton\"]"}
COMMAND: POST /session/f07c5c959d0d14348fa4bc6d2271ab1f/elements - {"using":"xpath","value":"//button[@data-kt=\"addNewYardOverflowToolbarButton\"]"}
RESULT: {}
RESULT: {"using":"xpath","value":"//button[@data-kt=\"addNewYardOverflowToolbarButton\"]"}
COMMAND: POST /session/f07c5c959d0d14348fa4bc6d2271ab1f/elements - {"using":"xpath","value":"//button[@data-kt=\"addNewYardOverflowToolbarButton\"]"}
RESULT: {"using":"xpath","value":"//button[@data-kt=\"addNewYardOverflowToolbarButton\"]"}
COMMAND: POST /session/f07c5c959d0d14348fa4bc6d2271ab1f/elements - {"using":"xpath","value":"//button[@data-kt=\"addNewYardOverflowToolbarButton\"]"}
RESULT: {"using":"xpath","value":"//button[@data-kt=\"addNewYardOverflowToolbarButton\"]"}
COMMAND: POST /session/f07c5c959d0d14348fa4bc6d2271ab1f/elements - {"using":"xpath","value":"//button[@data-kt=\"addNewYardOverflowToolbarButton\"]"}
RESULT: {"using":"xpath","value":"//button[@data-kt=\"addNewYardOverflowToolbarButton\"]"}
COMMAND: POST /session/f07c5c959d0d14348fa4bc6d2271ab1f/elements - {"using":"xpath","value":"//button[@data-kt=\"addNewYardOverflowToolbarButton\"]"}
RESULT: {"using":"xpath","value":"//button[@data-kt=\"addNewYardOverflowToolbarButton\"]"}
COMMAND: POST /session/f07c5c959d0d14348fa4bc6d2271ab1f/elements - {"using":"xpath","value":"//button[@data-kt=\"addNewYardOverflowToolbarButton\"]"}
RESULT: {"using":"xpath","value":"//button[@data-kt=\"addNewYardOverflowToolbarButton\"]"}
COMMAND: POST /session/f07c5c959d0d14348fa4bc6d2271ab1f/elements - {"using":"xpath","value":"//button[@data-kt=\"addNewYardOverflowToolbarButton\"]"}
RESULT: {"using":"xpath","value":"//button[@data-kt=\"addNewYardOverflowToolbarButton\"]"}
COMMAND: POST /session/f07c5c959d0d14348fa4bc6d2271ab1f/elements - {"using":"xpath","value":"//button[@data-kt=\"addNewYardOverflowToolbarButton\"]"}
RESULT: {"using":"xpath","value":"//button[@data-kt=\"addNewYardOverflowToolbarButton\"]"}
COMMAND: POST /session/f07c5c959d0d14348fa4bc6d2271ab1f/elements - {"using":"xpath","value":"//button[@data-kt=\"addNewYardOverflowToolbarButton\"]"}
RESULT: {"using":"xpath","value":"//button[@data-kt=\"addNewYardOverflowToolbarButton\"]"}
COMMAND: POST /session/f07c5c959d0d14348fa4bc6d2271ab1f/elements - {"using":"xpath","value":"//button[@data-kt=\"addNewYardOverflowToolbarButton\"]"}
RESULT: {"using":"xpath","value":"//button[@data-kt=\"addNewYardOverflowToolbarButton\"]"}
COMMAND: POST /session/f07c5c959d0d14348fa4bc6d2271ab1f/elements - {"using":"xpath","value":"//button[@data-kt=\"addNewYardOverflowToolbarButton\"]"}
RESULT: {"using":"xpath","value":"//button[@data-kt=\"addNewYardOverflowToolbarButton\"]"}
COMMAND: POST /session/f07c5c959d0d14348fa4bc6d2271ab1f/elements - {"using":"xpath","value":"//button[@data-kt=\"addNewYardOverflowToolbarButton\"]"}
RESULT: {"using":"xpath","value":"//button[@data-kt=\"addNewYardOverflowToolbarButton\"]"}
COMMAND: POST /session/f07c5c959d0d14348fa4bc6d2271ab1f/elements - {"using":"xpath","value":"//button[@data-kt=\"addNewYardOverflowToolbarButton\"]"}
RESULT: {"using":"xpath","value":"//button[@data-kt=\"addNewYardOverflowToolbarButton\"]"}
COMMAND: POST /session/f07c5c959d0d14348fa4bc6d2271ab1f/elements - {"using":"xpath","value":"//button[@data-kt=\"addNewYardOverflowToolbarButton\"]"}
RESULT: {"using":"xpath","value":"//button[@data-kt=\"addNewYardOverflowToolbarButton\"]"}
COMMAND: POST /session/f07c5c959d0d14348fa4bc6d2271ab1f/elements - {"using":"xpath","value":"//button[@data-kt=\"addNewYardOverflowToolbarButton\"]"}
RESULT: {"using":"xpath","value":"//button[@data-kt=\"addNewYardOverflowToolbarButton\"]"}
COMMAND: POST /session/f07c5c959d0d14348fa4bc6d2271ab1f/elements - {"using":"xpath","value":"//button[@data-kt=\"addNewYardOverflowToolbarButton\"]"}
RESULT: {"using":"xpath","value":"//button[@data-kt=\"addNewYardOverflowToolbarButton\"]"}
COMMAND: POST /session/f07c5c959d0d14348fa4bc6d2271ab1f/elements - {"using":"xpath","value":"//button[@data-kt=\"addNewYardOverflowToolbarButton\"]"}
RESULT: {"using":"xpath","value":"//button[@data-kt=\"addNewYardOverflowToolbarButton\"]"}
COMMAND: POST /session/f07c5c959d0d14348fa4bc6d2271ab1f/elements - {"using":"xpath","value":"//button[@data-kt=\"addNewYardOverflowToolbarButton\"]"}
RESULT: {"using":"xpath","value":"//button[@data-kt=\"addNewYardOverflowToolbarButton\"]"}
COMMAND: POST /session/f07c5c959d0d14348fa4bc6d2271ab1f/elements - {"using":"xpath","value":"//button[@data-kt=\"addNewYardOverflowToolbarButton\"]"}
RESULT: {"using":"xpath","value":"//button[@data-kt=\"addNewYardOverflowToolbarButton\"]"}
COMMAND: POST /session/f07c5c959d0d14348fa4bc6d2271ab1f/elements - {"using":"xpath","value":"//button[@data-kt=\"addNewYardOverflowToolbarButton\"]"}
RESULT: {"using":"xpath","value":"//button[@data-kt=\"addNewYardOverflowToolbarButton\"]"}
COMMAND: POST /session/f07c5c959d0d14348fa4bc6d2271ab1f/elements - {"using":"xpath","value":"//button[@data-kt=\"addNewYardOverflowToolbarButton\"]"}
RESULT: {"using":"xpath","value":"//button[@data-kt=\"addNewYardOverflowToolbarButton\"]"}
COMMAND: POST /session/f07c5c959d0d14348fa4bc6d2271ab1f/elements - {"using":"xpath","value":"//button[@data-kt=\"addNewYardOverflowToolbarButton\"]"}
RESULT: {"using":"xpath","value":"//button[@data-kt=\"addNewYardOverflowToolbarButton\"]"}
COMMAND: POST /session/f07c5c959d0d14348fa4bc6d2271ab1f/elements - {"using":"xpath","value":"//button[@data-kt=\"addNewYardOverflowToolbarButton\"]"}
RESULT: {"using":"xpath","value":"//button[@data-kt=\"addNewYardOverflowToolbarButton\"]"}
COMMAND: POST /session/f07c5c959d0d14348fa4bc6d2271ab1f/elements - {"using":"xpath","value":"//button[@data-kt=\"addNewYardOverflowToolbarButton\"]"}
RESULT: {"using":"xpath","value":"//button[@data-kt=\"addNewYardOverflowToolbarButton\"]"}
COMMAND: POST /session/f07c5c959d0d14348fa4bc6d2271ab1f/elements - {"using":"xpath","value":"//button[@data-kt=\"addNewYardOverflowToolbarButton\"]"}
RESULT: {"using":"xpath","value":"//button[@data-kt=\"addNewYardOverflowToolbarButton\"]"}
COMMAND: POST /session/f07c5c959d0d14348fa4bc6d2271ab1f/element - {"using":"xpath","value":"//button[@data-kt=\"addNewYardOverflowToolbarButton\"]"}
RESULT: {"using":"xpath","value":"//button[@data-kt=\"addNewYardOverflowToolbarButton\"]"}
COMMAND: POST /session/f07c5c959d0d14348fa4bc6d2271ab1f/execute/sync - {"script":"<script> [8489 bytes]","args":[{"element-6066-11e4-a52e-4f735466cecf":"f.02E6C5F2549FB1A482A4D12844538C67.d.D1C5EC031FF716555784535D28B5E464.e.302","ELEMENT":"f.02E6C5F2549FB1A482A4D12844538C67.d.D1C5EC031FF716555784535D28B5E464.e.302"}]}
RESULT: {"script":"<script> [8489 bytes]","args":[{"element-6066-11e4-a52e-4f735466cecf":"f.02E6C5F2549FB1A482A4D12844538C67.d.D1C5EC031FF716555784535D28B5E464.e.302","ELEMENT":"f.02E6C5F2549FB1A482A4D12844538C67.d.D1C5EC031FF716555784535D28B5E464.e.302"}]}
COMMAND: GET /session/f07c5c959d0d14348fa4bc6d2271ab1f/element/f.02E6C5F2549FB1A482A4D12844538C67.d.D1C5EC031FF716555784535D28B5E464.e.302/enabled - {}
COMMAND: GET /session/f07c5c959d0d14348fa4bc6d2271ab1f/screenshot - {}
RESULT: {}
COMMAND: POST /session/f07c5c959d0d14348fa4bc6d2271ab1f/execute/sync - {"script":"<script> [8489 bytes]","args":[{"element-6066-11e4-a52e-4f735466cecf":"f.02E6C5F2549FB1A482A4D12844538C67.d.D1C5EC031FF716555784535D28B5E464.e.302","ELEMENT":"f.02E6C5F2549FB1A482A4D12844538C67.d.D1C5EC031FF716555784535D28B5E464.e.302"}]}
COMMAND: GET /session/f07c5c959d0d14348fa4bc6d2271ab1f/screenshot - {}
RESULT: {}
RESULT: {"script":"<script> [8489 bytes]","args":[{"element-6066-11e4-a52e-4f735466cecf":"f.02E6C5F2549FB1A482A4D12844538C67.d.D1C5EC031FF716555784535D28B5E464.e.302","ELEMENT":"f.02E6C5F2549FB1A482A4D12844538C67.d.D1C5EC031FF716555784535D28B5E464.e.302"}]}
COMMAND: POST /session/f07c5c959d0d14348fa4bc6d2271ab1f/execute/sync - {"script":"<script> [5351 bytes]","args":[{"element-6066-11e4-a52e-4f735466cecf":"f.02E6C5F2549FB1A482A4D12844538C67.d.D1C5EC031FF716555784535D28B5E464.e.302","ELEMENT":"f.02E6C5F2549FB1A482A4D12844538C67.d.D1C5EC031FF716555784535D28B5E464.e.302"}]}
COMMAND: GET /session/f07c5c959d0d14348fa4bc6d2271ab1f/screenshot - {}
RESULT: {}
RESULT: {"script":"<script> [5351 bytes]","args":[{"element-6066-11e4-a52e-4f735466cecf":"f.02E6C5F2549FB1A482A4D12844538C67.d.D1C5EC031FF716555784535D28B5E464.e.302","ELEMENT":"f.02E6C5F2549FB1A482A4D12844538C67.d.D1C5EC031FF716555784535D28B5E464.e.302"}]}
COMMAND: POST /session/f07c5c959d0d14348fa4bc6d2271ab1f/element/f.02E6C5F2549FB1A482A4D12844538C67.d.D1C5EC031FF716555784535D28B5E464.e.302/click - {}
COMMAND: GET /session/f07c5c959d0d14348fa4bc6d2271ab1f/screenshot - {}
RESULT: {}
RESULT: {}
COMMAND: GET /session/f07c5c959d0d14348fa4bc6d2271ab1f/screenshot - {}
COMMAND: POST /session/f07c5c959d0d14348fa4bc6d2271ab1f/element - {"using":"xpath","value":"//input[@id=\"application-manageyards-display-component---NewYard--yardId-inner\"]"}
RESULT: {}
RESULT: {}
RESULT: {"using":"xpath","value":"//input[@id=\"application-manageyards-display-component---NewYard--yardId-inner\"]"}
COMMAND: POST /session/f07c5c959d0d14348fa4bc6d2271ab1f/element - {"using":"xpath","value":"//input[@id=\"application-manageyards-display-component---NewYard--yardId-inner\"]"}
RESULT: {"using":"xpath","value":"//input[@id=\"application-manageyards-display-component---NewYard--yardId-inner\"]"}
COMMAND: POST /session/f07c5c959d0d14348fa4bc6d2271ab1f/execute/async - {"script":"<script> [1562 bytes]","args":[{"selector":{"id":"application-manageyards-display-component---NewYard--addressDetailDetailsName1","interaction":{"idSuffix":"inner"}},"wdio_ui5_key":"applicationmanageyards-display-component---NewYard--addressDetailDetailsName1"}]}
RESULT: {"script":"<script> [1562 bytes]","args":[{"selector":{"id":"application-manageyards-display-component---NewYard--addressDetailDetailsName1","interaction":{"idSuffix":"inner"}},"wdio_ui5_key":"applicationmanageyards-display-component---NewYard--addressDetailDetailsName1"}]}
RESULT: undefined
COMMAND: POST /session/f07c5c959d0d14348fa4bc6d2271ab1f/execute/async - {"script":"<script> [776 bytes]","args":[{"enterText":"Other Yard WDIO","selector":{"id":"application-manageyards-display-component---NewYard--addressDetailDetailsName1","interaction":{"idSuffix":"inner"}},"clearTextFirst":true,"interactionType":"ENTER_TEXT"}]}
RESULT: {"script":"<script> [776 bytes]","args":[{"enterText":"Other Yard WDIO","selector":{"id":"application-manageyards-display-component---NewYard--addressDetailDetailsName1","interaction":{"idSuffix":"inner"}},"clearTextFirst":true,"interactionType":"ENTER_TEXT"}]}
COMMAND: POST /session/f07c5c959d0d14348fa4bc6d2271ab1f/execute/async - {"script":"<script> [1562 bytes]","args":[{"selector":{"id":"application-manageyards-display-component---NewYard--addressDetailDetailsLanguage-arrow"},"wdio_ui5_key":"applicationmanageyards-display-component---NewYard--addressDetailDetailsLanguage-arrow"}]}
RESULT: {"script":"<script> [1562 bytes]","args":[{"selector":{"id":"application-manageyards-display-component---NewYard--addressDetailDetailsLanguage-arrow"},"wdio_ui5_key":"applicationmanageyards-display-component---NewYard--addressDetailDetailsLanguage-arrow"}]}
RESULT: undefined
COMMAND: POST /session/f07c5c959d0d14348fa4bc6d2271ab1f/element - {"using":"xpath","value":"//*[@id=\"application-manageyards-display-component---NewYard--addressDetailDetailsLanguage-arrow\"]"}
RESULT: {"using":"xpath","value":"//*[@id=\"application-manageyards-display-component---NewYard--addressDetailDetailsLanguage-arrow\"]"}
COMMAND: POST /session/f07c5c959d0d14348fa4bc6d2271ab1f/element/f.02E6C5F2549FB1A482A4D12844538C67.d.D1C5EC031FF716555784535D28B5E464.e.701/click - {}
RESULT: {}
COMMAND: POST /session/f07c5c959d0d14348fa4bc6d2271ab1f/element - {"using":"xpath","value":"//span[contains(text(), \"English\")]"}
COMMAND: GET /session/f07c5c959d0d14348fa4bc6d2271ab1f/screenshot - {}
RESULT: {"using":"xpath","value":"//span[contains(text(), \"English\")]"}
COMMAND: POST /session/f07c5c959d0d14348fa4bc6d2271ab1f/element/f.02E6C5F2549FB1A482A4D12844538C67.d.D1C5EC031FF716555784535D28B5E464.e.702/click - {}
RESULT: {}
RESULT: {}
COMMAND: POST /session/f07c5c959d0d14348fa4bc6d2271ab1f/execute/async - {"script":"<script> [1562 bytes]","args":[{"selector":{"id":"application-manageyards-display-component---NewYard--addressDetailDetailsCity1","interaction":{"idSuffix":"inner"}},"wdio_ui5_key":"applicationmanageyards-display-component---NewYard--addressDetailDetailsCity1"}]}
COMMAND: GET /session/f07c5c959d0d14348fa4bc6d2271ab1f/screenshot - {}
RESULT: {"script":"<script> [1562 bytes]","args":[{"selector":{"id":"application-manageyards-display-component---NewYard--addressDetailDetailsCity1","interaction":{"idSuffix":"inner"}},"wdio_ui5_key":"applicationmanageyards-display-component---NewYard--addressDetailDetailsCity1"}]}
RESULT: undefined
COMMAND: POST /session/f07c5c959d0d14348fa4bc6d2271ab1f/execute/async - {"script":"<script> [776 bytes]","args":[{"enterText":"Rosario","selector":{"id":"application-manageyards-display-component---NewYard--addressDetailDetailsCity1","interaction":{"idSuffix":"inner"}},"clearTextFirst":true,"interactionType":"ENTER_TEXT"}]}
RESULT: {}
RESULT: {"script":"<script> [776 bytes]","args":[{"enterText":"Rosario","selector":{"id":"application-manageyards-display-component---NewYard--addressDetailDetailsCity1","interaction":{"idSuffix":"inner"}},"clearTextFirst":true,"interactionType":"ENTER_TEXT"}]}
COMMAND: POST /session/f07c5c959d0d14348fa4bc6d2271ab1f/execute/async - {"script":"<script> [1562 bytes]","args":[{"selector":{"id":"application-manageyards-display-component---NewYard--addressDetailDetailsCountry-arrow"},"wdio_ui5_key":"applicationmanageyards-display-component---NewYard--addressDetailDetailsCountry-arrow"}]}
RESULT: {"script":"<script> [1562 bytes]","args":[{"selector":{"id":"application-manageyards-display-component---NewYard--addressDetailDetailsCountry-arrow"},"wdio_ui5_key":"applicationmanageyards-display-component---NewYard--addressDetailDetailsCountry-arrow"}]}
RESULT: undefined
COMMAND: POST /session/f07c5c959d0d14348fa4bc6d2271ab1f/element - {"using":"xpath","value":"//*[@id=\"application-manageyards-display-component---NewYard--addressDetailDetailsCountry-arrow\"]"}
RESULT: {"using":"xpath","value":"//*[@id=\"application-manageyards-display-component---NewYard--addressDetailDetailsCountry-arrow\"]"}
COMMAND: POST /session/f07c5c959d0d14348fa4bc6d2271ab1f/element/f.02E6C5F2549FB1A482A4D12844538C67.d.D1C5EC031FF716555784535D28B5E464.e.704/click - {}
RESULT: {}
COMMAND: POST /session/f07c5c959d0d14348fa4bc6d2271ab1f/element - {"using":"xpath","value":"//span[contains(text(), \"Argentina\")]"}
COMMAND: GET /session/f07c5c959d0d14348fa4bc6d2271ab1f/screenshot - {}
RESULT: {"using":"xpath","value":"//span[contains(text(), \"Argentina\")]"}
COMMAND: POST /session/f07c5c959d0d14348fa4bc6d2271ab1f/element/f.02E6C5F2549FB1A482A4D12844538C67.d.D1C5EC031FF716555784535D28B5E464.e.705/click - {}
RESULT: {}
RESULT: {}
COMMAND: POST /session/f07c5c959d0d14348fa4bc6d2271ab1f/execute/async - {"script":"<script> [1562 bytes]","args":[{"selector":{"id":"application-manageyards-display-component---NewYard--addressEditDetailsCostObjectCstType-arrow"},"wdio_ui5_key":"applicationmanageyards-display-component---NewYard--addressEditDetailsCostObjectCstType-arrow"}]}
COMMAND: GET /session/f07c5c959d0d14348fa4bc6d2271ab1f/screenshot - {}
RESULT: {"script":"<script> [1562 bytes]","args":[{"selector":{"id":"application-manageyards-display-component---NewYard--addressEditDetailsCostObjectCstType-arrow"},"wdio_ui5_key":"applicationmanageyards-display-component---NewYard--addressEditDetailsCostObjectCstType-arrow"}]}
RESULT: undefined
COMMAND: POST /session/f07c5c959d0d14348fa4bc6d2271ab1f/element - {"using":"xpath","value":"//*[@id=\"application-manageyards-display-component---NewYard--addressEditDetailsCostObjectCstType-arrow\"]"}
RESULT: {}
RESULT: {"using":"xpath","value":"//*[@id=\"application-manageyards-display-component---NewYard--addressEditDetailsCostObjectCstType-arrow\"]"}
COMMAND: POST /session/f07c5c959d0d14348fa4bc6d2271ab1f/element/f.02E6C5F2549FB1A482A4D12844538C67.d.D1C5EC031FF716555784535D28B5E464.e.706/click - {}
RESULT: {}
COMMAND: POST /session/f07c5c959d0d14348fa4bc6d2271ab1f/element - {"using":"xpath","value":"//span[contains(text(), \"Cost Center\")]"}
COMMAND: GET /session/f07c5c959d0d14348fa4bc6d2271ab1f/screenshot - {}
RESULT: {"using":"xpath","value":"//span[contains(text(), \"Cost Center\")]"}
COMMAND: POST /session/f07c5c959d0d14348fa4bc6d2271ab1f/element/f.02E6C5F2549FB1A482A4D12844538C67.d.D1C5EC031FF716555784535D28B5E464.e.707/click - {}
RESULT: {}
RESULT: {}
COMMAND: GET /session/f07c5c959d0d14348fa4bc6d2271ab1f/screenshot - {}
RESULT: {}
COMMAND: POST /session/f07c5c959d0d14348fa4bc6d2271ab1f/element - {"using":"xpath","value":"//span[@id=\"application-manageyards-display-component---NewYard--addressNewCostObjectCstID-vhi\"]"}
RESULT: {"using":"xpath","value":"//span[@id=\"application-manageyards-display-component---NewYard--addressNewCostObjectCstID-vhi\"]"}
COMMAND: POST /session/f07c5c959d0d14348fa4bc6d2271ab1f/execute/sync - {"script":"<script> [8489 bytes]","args":[{"element-6066-11e4-a52e-4f735466cecf":"f.02E6C5F2549FB1A482A4D12844538C67.d.D1C5EC031FF716555784535D28B5E464.e.711","ELEMENT":"f.02E6C5F2549FB1A482A4D12844538C67.d.D1C5EC031FF716555784535D28B5E464.e.711"}]}
RESULT: {"script":"<script> [8489 bytes]","args":[{"element-6066-11e4-a52e-4f735466cecf":"f.02E6C5F2549FB1A482A4D12844538C67.d.D1C5EC031FF716555784535D28B5E464.e.711","ELEMENT":"f.02E6C5F2549FB1A482A4D12844538C67.d.D1C5EC031FF716555784535D28B5E464.e.711"}]}
COMMAND: POST /session/f07c5c959d0d14348fa4bc6d2271ab1f/execute/async - {"script":"<script> [1562 bytes]","args":[{"selector":{"id":"application-manageyards-display-component---NewYard--addressNewCostObjectCstID-vhi"},"wdio_ui5_key":"applicationmanageyards-display-component---NewYard--addressNewCostObjectCstID-vhi"}]}
COMMAND: GET /session/f07c5c959d0d14348fa4bc6d2271ab1f/screenshot - {}
RESULT: {"script":"<script> [1562 bytes]","args":[{"selector":{"id":"application-manageyards-display-component---NewYard--addressNewCostObjectCstID-vhi"},"wdio_ui5_key":"applicationmanageyards-display-component---NewYard--addressNewCostObjectCstID-vhi"}]}
RESULT: undefined
COMMAND: POST /session/f07c5c959d0d14348fa4bc6d2271ab1f/element - {"using":"xpath","value":"//*[@id=\"application-manageyards-display-component---NewYard--addressNewCostObjectCstID-vhi\"]"}
RESULT: {}
RESULT: {"using":"xpath","value":"//*[@id=\"application-manageyards-display-component---NewYard--addressNewCostObjectCstID-vhi\"]"}
COMMAND: POST /session/f07c5c959d0d14348fa4bc6d2271ab1f/element/f.02E6C5F2549FB1A482A4D12844538C67.d.D1C5EC031FF716555784535D28B5E464.e.711/click - {}
RESULT: {}
COMMAND: GET /session/f07c5c959d0d14348fa4bc6d2271ab1f/screenshot - {}
RESULT: {}
COMMAND: POST /session/f07c5c959d0d14348fa4bc6d2271ab1f/execute/async - {"script":"<script> [1562 bytes]","args":[{"selector":{"controlType":"sap.m.SearchField","properties":{"placeholder":"Search"},"searchOpenDialogs":true,"interaction":{"idSuffix":"I"}},"wdio_ui5_key":"sapm.SearchField{\"placeholder\":\"Search\"}"}]}
RESULT: {"script":"<script> [1562 bytes]","args":[{"selector":{"controlType":"sap.m.SearchField","properties":{"placeholder":"Search"},"searchOpenDialogs":true,"interaction":{"idSuffix":"I"}},"wdio_ui5_key":"sapm.SearchField{\"placeholder\":\"Search\"}"}]}
RESULT: undefined
COMMAND: POST /session/f07c5c959d0d14348fa4bc6d2271ab1f/execute/async - {"script":"<script> [776 bytes]","args":[{"enterText":"10001013","selector":{"controlType":"sap.m.SearchField","properties":{"placeholder":"Search"},"searchOpenDialogs":true,"interaction":{"idSuffix":"I"}},"clearTextFirst":true,"interactionType":"ENTER_TEXT"}]}
RESULT: {"script":"<script> [776 bytes]","args":[{"enterText":"10001013","selector":{"controlType":"sap.m.SearchField","properties":{"placeholder":"Search"},"searchOpenDialogs":true,"interaction":{"idSuffix":"I"}},"clearTextFirst":true,"interactionType":"ENTER_TEXT"}]}
COMMAND: POST /session/f07c5c959d0d14348fa4bc6d2271ab1f/actions - {"actions":[{"id":"action1","type":"key","parameters":{},"actions":[{"type":"keyDown","value":"î€‡"},{"type":"pause","duration":10},{"type":"keyUp","value":"î€‡"}]}]}
RESULT: {"actions":[{"id":"action1","type":"key","parameters":{},"actions":[{"type":"keyDown","value":"î€‡"},{"type":"pause","duration":10},{"type":"keyUp","value":"î€‡"}]}]}
COMMAND: GET /session/f07c5c959d0d14348fa4bc6d2271ab1f/screenshot - {}
RESULT: {}
COMMAND: POST /session/f07c5c959d0d14348fa4bc6d2271ab1f/element - {"using":"xpath","value":"//span[contains(text(), \"General Management\")]"}
RESULT: {"using":"xpath","value":"//span[contains(text(), \"General Management\")]"}
COMMAND: POST /session/f07c5c959d0d14348fa4bc6d2271ab1f/element/f.02E6C5F2549FB1A482A4D12844538C67.d.D1C5EC031FF716555784535D28B5E464.e.752/click - {}
RESULT: {}
COMMAND: GET /session/f07c5c959d0d14348fa4bc6d2271ab1f/screenshot - {}
RESULT: {}
COMMAND: POST /session/f07c5c959d0d14348fa4bc6d2271ab1f/element - {"using":"xpath","value":"//bdi[contains(text(), \"OK\")]"}
RESULT: {"using":"xpath","value":"//bdi[contains(text(), \"OK\")]"}
COMMAND: POST /session/f07c5c959d0d14348fa4bc6d2271ab1f/element/f.02E6C5F2549FB1A482A4D12844538C67.d.D1C5EC031FF716555784535D28B5E464.e.753/click - {}
RESULT: {}
COMMAND: GET /session/f07c5c959d0d14348fa4bc6d2271ab1f/screenshot - {}
RESULT: {}
COMMAND: POST /session/f07c5c959d0d14348fa4bc6d2271ab1f/execute/async - {"script":"<script> [1562 bytes]","args":[{"selector":{"id":"application-manageyards-display-component---NewYard--addressEditDetailsCurrency-arrow"},"wdio_ui5_key":"applicationmanageyards-display-component---NewYard--addressEditDetailsCurrency-arrow"}]}
RESULT: {"script":"<script> [1562 bytes]","args":[{"selector":{"id":"application-manageyards-display-component---NewYard--addressEditDetailsCurrency-arrow"},"wdio_ui5_key":"applicationmanageyards-display-component---NewYard--addressEditDetailsCurrency-arrow"}]}
RESULT: undefined
COMMAND: POST /session/f07c5c959d0d14348fa4bc6d2271ab1f/element - {"using":"xpath","value":"//*[@id=\"application-manageyards-display-component---NewYard--addressEditDetailsCurrency-arrow\"]"}
RESULT: {"using":"xpath","value":"//*[@id=\"application-manageyards-display-component---NewYard--addressEditDetailsCurrency-arrow\"]"}
COMMAND: POST /session/f07c5c959d0d14348fa4bc6d2271ab1f/element/f.02E6C5F2549FB1A482A4D12844538C67.d.D1C5EC031FF716555784535D28B5E464.e.756/click - {}
RESULT: {}
COMMAND: POST /session/f07c5c959d0d14348fa4bc6d2271ab1f/element - {"using":"xpath","value":"//span[contains(text(), \"Euro\")]"}
COMMAND: GET /session/f07c5c959d0d14348fa4bc6d2271ab1f/screenshot - {}
RESULT: {"using":"xpath","value":"//span[contains(text(), \"Euro\")]"}
COMMAND: POST /session/f07c5c959d0d14348fa4bc6d2271ab1f/element/f.02E6C5F2549FB1A482A4D12844538C67.d.D1C5EC031FF716555784535D28B5E464.e.757/click - {}
RESULT: {}
RESULT: {}
COMMAND: POST /session/f07c5c959d0d14348fa4bc6d2271ab1f/execute/async - {"script":"<script> [1562 bytes]","args":[{"selector":{"controlType":"sap.m.Input","viewName":"etm.portal.ui.manageyards.view.New","viewId":"application-manageyards-display-component---NewYard","bindingPath":{"path":"","propertyPath":"/CONTROLLING_AREA","modelName":"NewYardModel"},"interaction":{"idSuffix":"inner"}},"wdio_ui5_key":"etmportal.ui.manageyards.view.Newsap.m.Input{\"path\":\"\",\"propertyPath\":\"/CONTROLLING_AREA\",\"modelName\":\"NewYardModel\"}"}]}
COMMAND: GET /session/f07c5c959d0d14348fa4bc6d2271ab1f/screenshot - {}
RESULT: {"script":"<script> [1562 bytes]","args":[{"selector":{"controlType":"sap.m.Input","viewName":"etm.portal.ui.manageyards.view.New","viewId":"application-manageyards-display-component---NewYard","bindingPath":{"path":"","propertyPath":"/CONTROLLING_AREA","modelName":"NewYardModel"},"interaction":{"idSuffix":"inner"}},"wdio_ui5_key":"etmportal.ui.manageyards.view.Newsap.m.Input{\"path\":\"\",\"propertyPath\":\"/CONTROLLING_AREA\",\"modelName\":\"NewYardModel\"}"}]}
RESULT: undefined
COMMAND: POST /session/f07c5c959d0d14348fa4bc6d2271ab1f/execute/async - {"script":"<script> [776 bytes]","args":[{"enterText":"Z001","selector":{"controlType":"sap.m.Input","viewName":"etm.portal.ui.manageyards.view.New","viewId":"application-manageyards-display-component---NewYard","bindingPath":{"path":"","propertyPath":"/CONTROLLING_AREA","modelName":"NewYardModel"},"interaction":{"idSuffix":"inner"}},"clearTextFirst":true,"interactionType":"ENTER_TEXT"}]}
RESULT: {}
RESULT: {"script":"<script> [776 bytes]","args":[{"enterText":"Z001","selector":{"controlType":"sap.m.Input","viewName":"etm.portal.ui.manageyards.view.New","viewId":"application-manageyards-display-component---NewYard","bindingPath":{"path":"","propertyPath":"/CONTROLLING_AREA","modelName":"NewYardModel"},"interaction":{"idSuffix":"inner"}},"clearTextFirst":true,"interactionType":"ENTER_TEXT"}]}
COMMAND: POST /session/f07c5c959d0d14348fa4bc6d2271ab1f/execute/async - {"script":"<script> [1562 bytes]","args":[{"selector":{"id":"application-manageyards-display-component---NewYard--companyCodeComboBox","interaction":{"idSuffix":"inner"}},"wdio_ui5_key":"applicationmanageyards-display-component---NewYard--companyCodeComboBox"}]}
RESULT: {"script":"<script> [1562 bytes]","args":[{"selector":{"id":"application-manageyards-display-component---NewYard--companyCodeComboBox","interaction":{"idSuffix":"inner"}},"wdio_ui5_key":"applicationmanageyards-display-component---NewYard--companyCodeComboBox"}]}
RESULT: undefined
COMMAND: POST /session/f07c5c959d0d14348fa4bc6d2271ab1f/execute/async - {"script":"<script> [776 bytes]","args":[{"enterText":"1000","selector":{"id":"application-manageyards-display-component---NewYard--companyCodeComboBox","interaction":{"idSuffix":"inner"}},"clearTextFirst":true,"interactionType":"ENTER_TEXT"}]}
RESULT: {"script":"<script> [776 bytes]","args":[{"enterText":"1000","selector":{"id":"application-manageyards-display-component---NewYard--companyCodeComboBox","interaction":{"idSuffix":"inner"}},"clearTextFirst":true,"interactionType":"ENTER_TEXT"}]}
RESULT: undefined
COMMAND: POST /session/f07c5c959d0d14348fa4bc6d2271ab1f/execute/async - {"script":"<script> [1562 bytes]","args":[{"selector":{"controlType":"sap.m.Input","viewName":"etm.portal.ui.manageyards.view.New","viewId":"application-manageyards-display-component---NewYard","bindingPath":{"path":"","propertyPath":"/PLANT","modelName":"NewYardModel"},"interaction":{"idSuffix":"inner"}},"wdio_ui5_key":"etmportal.ui.manageyards.view.Newsap.m.Input{\"path\":\"\",\"propertyPath\":\"/PLANT\",\"modelName\":\"NewYardModel\"}"}]}
RESULT: {"script":"<script> [1562 bytes]","args":[{"selector":{"controlType":"sap.m.Input","viewName":"etm.portal.ui.manageyards.view.New","viewId":"application-manageyards-display-component---NewYard","bindingPath":{"path":"","propertyPath":"/PLANT","modelName":"NewYardModel"},"interaction":{"idSuffix":"inner"}},"wdio_ui5_key":"etmportal.ui.manageyards.view.Newsap.m.Input{\"path\":\"\",\"propertyPath\":\"/PLANT\",\"modelName\":\"NewYardModel\"}"}]}
RESULT: undefined
COMMAND: POST /session/f07c5c959d0d14348fa4bc6d2271ab1f/execute/async - {"script":"<script> [776 bytes]","args":[{"enterText":"1001","selector":{"controlType":"sap.m.Input","viewName":"etm.portal.ui.manageyards.view.New","viewId":"application-manageyards-display-component---NewYard","bindingPath":{"path":"","propertyPath":"/PLANT","modelName":"NewYardModel"},"interaction":{"idSuffix":"inner"}},"clearTextFirst":true,"interactionType":"ENTER_TEXT"}]}
RESULT: {"script":"<script> [776 bytes]","args":[{"enterText":"1001","selector":{"controlType":"sap.m.Input","viewName":"etm.portal.ui.manageyards.view.New","viewId":"application-manageyards-display-component---NewYard","bindingPath":{"path":"","propertyPath":"/PLANT","modelName":"NewYardModel"},"interaction":{"idSuffix":"inner"}},"clearTextFirst":true,"interactionType":"ENTER_TEXT"}]}
COMMAND: POST /session/f07c5c959d0d14348fa4bc6d2271ab1f/execute/async - {"script":"<script> [1562 bytes]","args":[{"selector":{"controlType":"sap.m.Input","viewName":"etm.portal.ui.manageyards.view.New","viewId":"application-manageyards-display-component---NewYard","bindingPath":{"path":"","propertyPath":"/SALES_AREA_VKORG","modelName":"NewYardModel"},"interaction":{"idSuffix":"inner"}},"wdio_ui5_key":"etmportal.ui.manageyards.view.Newsap.m.Input{\"path\":\"\",\"propertyPath\":\"/SALES_AREA_VKORG\",\"modelName\":\"NewYardModel\"}"}]}
RESULT: {"script":"<script> [1562 bytes]","args":[{"selector":{"controlType":"sap.m.Input","viewName":"etm.portal.ui.manageyards.view.New","viewId":"application-manageyards-display-component---NewYard","bindingPath":{"path":"","propertyPath":"/SALES_AREA_VKORG","modelName":"NewYardModel"},"interaction":{"idSuffix":"inner"}},"wdio_ui5_key":"etmportal.ui.manageyards.view.Newsap.m.Input{\"path\":\"\",\"propertyPath\":\"/SALES_AREA_VKORG\",\"modelName\":\"NewYardModel\"}"}]}
RESULT: undefined
COMMAND: POST /session/f07c5c959d0d14348fa4bc6d2271ab1f/execute/async - {"script":"<script> [776 bytes]","args":[{"enterText":"C002","selector":{"controlType":"sap.m.Input","viewName":"etm.portal.ui.manageyards.view.New","viewId":"application-manageyards-display-component---NewYard","bindingPath":{"path":"","propertyPath":"/SALES_AREA_VKORG","modelName":"NewYardModel"},"interaction":{"idSuffix":"inner"}},"clearTextFirst":true,"interactionType":"ENTER_TEXT"}]}
RESULT: {"script":"<script> [776 bytes]","args":[{"enterText":"C002","selector":{"controlType":"sap.m.Input","viewName":"etm.portal.ui.manageyards.view.New","viewId":"application-manageyards-display-component---NewYard","bindingPath":{"path":"","propertyPath":"/SALES_AREA_VKORG","modelName":"NewYardModel"},"interaction":{"idSuffix":"inner"}},"clearTextFirst":true,"interactionType":"ENTER_TEXT"}]}
COMMAND: POST /session/f07c5c959d0d14348fa4bc6d2271ab1f/execute/async - {"script":"<script> [1562 bytes]","args":[{"selector":{"controlType":"sap.m.Input","viewName":"etm.portal.ui.manageyards.view.New","viewId":"application-manageyards-display-component---NewYard","bindingPath":{"path":"","propertyPath":"/SALES_AREA_VTWEG","modelName":"NewYardModel"},"interaction":{"idSuffix":"inner"}},"wdio_ui5_key":"etmportal.ui.manageyards.view.Newsap.m.Input{\"path\":\"\",\"propertyPath\":\"/SALES_AREA_VTWEG\",\"modelName\":\"NewYardModel\"}"}]}
RESULT: {"script":"<script> [1562 bytes]","args":[{"selector":{"controlType":"sap.m.Input","viewName":"etm.portal.ui.manageyards.view.New","viewId":"application-manageyards-display-component---NewYard","bindingPath":{"path":"","propertyPath":"/SALES_AREA_VTWEG","modelName":"NewYardModel"},"interaction":{"idSuffix":"inner"}},"wdio_ui5_key":"etmportal.ui.manageyards.view.Newsap.m.Input{\"path\":\"\",\"propertyPath\":\"/SALES_AREA_VTWEG\",\"modelName\":\"NewYardModel\"}"}]}
RESULT: undefined
COMMAND: POST /session/f07c5c959d0d14348fa4bc6d2271ab1f/execute/async - {"script":"<script> [776 bytes]","args":[{"enterText":"C2","selector":{"controlType":"sap.m.Input","viewName":"etm.portal.ui.manageyards.view.New","viewId":"application-manageyards-display-component---NewYard","bindingPath":{"path":"","propertyPath":"/SALES_AREA_VTWEG","modelName":"NewYardModel"},"interaction":{"idSuffix":"inner"}},"clearTextFirst":true,"interactionType":"ENTER_TEXT"}]}
RESULT: {"script":"<script> [776 bytes]","args":[{"enterText":"C2","selector":{"controlType":"sap.m.Input","viewName":"etm.portal.ui.manageyards.view.New","viewId":"application-manageyards-display-component---NewYard","bindingPath":{"path":"","propertyPath":"/SALES_AREA_VTWEG","modelName":"NewYardModel"},"interaction":{"idSuffix":"inner"}},"clearTextFirst":true,"interactionType":"ENTER_TEXT"}]}
COMMAND: POST /session/f07c5c959d0d14348fa4bc6d2271ab1f/execute/async - {"script":"<script> [1562 bytes]","args":[{"selector":{"controlType":"sap.m.Input","viewName":"etm.portal.ui.manageyards.view.New","viewId":"application-manageyards-display-component---NewYard","bindingPath":{"path":"","propertyPath":"/SALES_AREA_SPART","modelName":"NewYardModel"},"interaction":{"idSuffix":"inner"}},"wdio_ui5_key":"etmportal.ui.manageyards.view.Newsap.m.Input{\"path\":\"\",\"propertyPath\":\"/SALES_AREA_SPART\",\"modelName\":\"NewYardModel\"}"}]}
RESULT: {"script":"<script> [1562 bytes]","args":[{"selector":{"controlType":"sap.m.Input","viewName":"etm.portal.ui.manageyards.view.New","viewId":"application-manageyards-display-component---NewYard","bindingPath":{"path":"","propertyPath":"/SALES_AREA_SPART","modelName":"NewYardModel"},"interaction":{"idSuffix":"inner"}},"wdio_ui5_key":"etmportal.ui.manageyards.view.Newsap.m.Input{\"path\":\"\",\"propertyPath\":\"/SALES_AREA_SPART\",\"modelName\":\"NewYardModel\"}"}]}
RESULT: undefined
COMMAND: POST /session/f07c5c959d0d14348fa4bc6d2271ab1f/execute/async - {"script":"<script> [776 bytes]","args":[{"enterText":"C2","selector":{"controlType":"sap.m.Input","viewName":"etm.portal.ui.manageyards.view.New","viewId":"application-manageyards-display-component---NewYard","bindingPath":{"path":"","propertyPath":"/SALES_AREA_SPART","modelName":"NewYardModel"},"interaction":{"idSuffix":"inner"}},"clearTextFirst":true,"interactionType":"ENTER_TEXT"}]}
RESULT: {"script":"<script> [776 bytes]","args":[{"enterText":"C2","selector":{"controlType":"sap.m.Input","viewName":"etm.portal.ui.manageyards.view.New","viewId":"application-manageyards-display-component---NewYard","bindingPath":{"path":"","propertyPath":"/SALES_AREA_SPART","modelName":"NewYardModel"},"interaction":{"idSuffix":"inner"}},"clearTextFirst":true,"interactionType":"ENTER_TEXT"}]}
COMMAND: POST /session/f07c5c959d0d14348fa4bc6d2271ab1f/execute/async - {"script":"<script> [1562 bytes]","args":[{"selector":{"controlType":"sap.m.Input","viewName":"etm.portal.ui.manageyards.view.New","viewId":"application-manageyards-display-component---NewYard","bindingPath":{"path":"","propertyPath":"/SHIP_POINT","modelName":"NewYardModel"},"interaction":{"idSuffix":"inner"}},"wdio_ui5_key":"etmportal.ui.manageyards.view.Newsap.m.Input{\"path\":\"\",\"propertyPath\":\"/SHIP_POINT\",\"modelName\":\"NewYardModel\"}"}]}
RESULT: {"script":"<script> [1562 bytes]","args":[{"selector":{"controlType":"sap.m.Input","viewName":"etm.portal.ui.manageyards.view.New","viewId":"application-manageyards-display-component---NewYard","bindingPath":{"path":"","propertyPath":"/SHIP_POINT","modelName":"NewYardModel"},"interaction":{"idSuffix":"inner"}},"wdio_ui5_key":"etmportal.ui.manageyards.view.Newsap.m.Input{\"path\":\"\",\"propertyPath\":\"/SHIP_POINT\",\"modelName\":\"NewYardModel\"}"}]}
RESULT: undefined
COMMAND: POST /session/f07c5c959d0d14348fa4bc6d2271ab1f/execute/async - {"script":"<script> [776 bytes]","args":[{"enterText":"1710","selector":{"controlType":"sap.m.Input","viewName":"etm.portal.ui.manageyards.view.New","viewId":"application-manageyards-display-component---NewYard","bindingPath":{"path":"","propertyPath":"/SHIP_POINT","modelName":"NewYardModel"},"interaction":{"idSuffix":"inner"}},"clearTextFirst":true,"interactionType":"ENTER_TEXT"}]}
RESULT: {"script":"<script> [776 bytes]","args":[{"enterText":"1710","selector":{"controlType":"sap.m.Input","viewName":"etm.portal.ui.manageyards.view.New","viewId":"application-manageyards-display-component---NewYard","bindingPath":{"path":"","propertyPath":"/SHIP_POINT","modelName":"NewYardModel"},"interaction":{"idSuffix":"inner"}},"clearTextFirst":true,"interactionType":"ENTER_TEXT"}]}
COMMAND: POST /session/f07c5c959d0d14348fa4bc6d2271ab1f/execute/async - {"script":"<script> [1562 bytes]","args":[{"selector":{"controlType":"sap.m.Input","viewName":"etm.portal.ui.manageyards.view.New","viewId":"application-manageyards-display-component---NewYard","bindingPath":{"path":"","propertyPath":"/DELIVERY_TYPE","modelName":"NewYardModel"},"interaction":{"idSuffix":"inner"}},"wdio_ui5_key":"etmportal.ui.manageyards.view.Newsap.m.Input{\"path\":\"\",\"propertyPath\":\"/DELIVERY_TYPE\",\"modelName\":\"NewYardModel\"}"}]}
RESULT: {"script":"<script> [1562 bytes]","args":[{"selector":{"controlType":"sap.m.Input","viewName":"etm.portal.ui.manageyards.view.New","viewId":"application-manageyards-display-component---NewYard","bindingPath":{"path":"","propertyPath":"/DELIVERY_TYPE","modelName":"NewYardModel"},"interaction":{"idSuffix":"inner"}},"wdio_ui5_key":"etmportal.ui.manageyards.view.Newsap.m.Input{\"path\":\"\",\"propertyPath\":\"/DELIVERY_TYPE\",\"modelName\":\"NewYardModel\"}"}]}
RESULT: undefined
COMMAND: POST /session/f07c5c959d0d14348fa4bc6d2271ab1f/execute/async - {"script":"<script> [776 bytes]","args":[{"enterText":"ZL01","selector":{"controlType":"sap.m.Input","viewName":"etm.portal.ui.manageyards.view.New","viewId":"application-manageyards-display-component---NewYard","bindingPath":{"path":"","propertyPath":"/DELIVERY_TYPE","modelName":"NewYardModel"},"interaction":{"idSuffix":"inner"}},"clearTextFirst":true,"interactionType":"ENTER_TEXT"}]}
RESULT: {"script":"<script> [776 bytes]","args":[{"enterText":"ZL01","selector":{"controlType":"sap.m.Input","viewName":"etm.portal.ui.manageyards.view.New","viewId":"application-manageyards-display-component---NewYard","bindingPath":{"path":"","propertyPath":"/DELIVERY_TYPE","modelName":"NewYardModel"},"interaction":{"idSuffix":"inner"}},"clearTextFirst":true,"interactionType":"ENTER_TEXT"}]}
COMMAND: POST /session/f07c5c959d0d14348fa4bc6d2271ab1f/execute/async - {"script":"<script> [1562 bytes]","args":[{"selector":{"controlType":"sap.m.Input","viewName":"etm.portal.ui.manageyards.view.New","viewId":"application-manageyards-display-component---NewYard","bindingPath":{"path":"","propertyPath":"/AUART","modelName":"NewYardModel"},"interaction":{"idSuffix":"inner"}},"wdio_ui5_key":"etmportal.ui.manageyards.view.Newsap.m.Input{\"path\":\"\",\"propertyPath\":\"/AUART\",\"modelName\":\"NewYardModel\"}"}]}
RESULT: {"script":"<script> [1562 bytes]","args":[{"selector":{"controlType":"sap.m.Input","viewName":"etm.portal.ui.manageyards.view.New","viewId":"application-manageyards-display-component---NewYard","bindingPath":{"path":"","propertyPath":"/AUART","modelName":"NewYardModel"},"interaction":{"idSuffix":"inner"}},"wdio_ui5_key":"etmportal.ui.manageyards.view.Newsap.m.Input{\"path\":\"\",\"propertyPath\":\"/AUART\",\"modelName\":\"NewYardModel\"}"}]}
RESULT: undefined
COMMAND: POST /session/f07c5c959d0d14348fa4bc6d2271ab1f/execute/async - {"script":"<script> [776 bytes]","args":[{"enterText":"TA","selector":{"controlType":"sap.m.Input","viewName":"etm.portal.ui.manageyards.view.New","viewId":"application-manageyards-display-component---NewYard","bindingPath":{"path":"","propertyPath":"/AUART","modelName":"NewYardModel"},"interaction":{"idSuffix":"inner"}},"clearTextFirst":true,"interactionType":"ENTER_TEXT"}]}
RESULT: {"script":"<script> [776 bytes]","args":[{"enterText":"TA","selector":{"controlType":"sap.m.Input","viewName":"etm.portal.ui.manageyards.view.New","viewId":"application-manageyards-display-component---NewYard","bindingPath":{"path":"","propertyPath":"/AUART","modelName":"NewYardModel"},"interaction":{"idSuffix":"inner"}},"clearTextFirst":true,"interactionType":"ENTER_TEXT"}]}
COMMAND: POST /session/f07c5c959d0d14348fa4bc6d2271ab1f/element - {"using":"xpath","value":"//button[@data-kt=\"newYardSaveButton\"]"}
RESULT: {"using":"xpath","value":"//button[@data-kt=\"newYardSaveButton\"]"}
COMMAND: POST /session/f07c5c959d0d14348fa4bc6d2271ab1f/element/f.02E6C5F2549FB1A482A4D12844538C67.d.D1C5EC031FF716555784535D28B5E464.e.663/click - {}
RESULT: {}
COMMAND: GET /session/f07c5c959d0d14348fa4bc6d2271ab1f/screenshot - {}
RESULT: {}
COMMAND: POST /session/f07c5c959d0d14348fa4bc6d2271ab1f/element - {"using":"xpath","value":"//header[contains(@id, 'ObjectPageLayout-headerTitle')]/div[1]/div[2]/div[1]/span[1]"}
RESULT: {"using":"xpath","value":"//header[contains(@id, 'ObjectPageLayout-headerTitle')]/div[1]/div[2]/div[1]/span[1]"}
COMMAND: POST /session/f07c5c959d0d14348fa4bc6d2271ab1f/elements - {"using":"xpath","value":"//header[contains(@id, 'ObjectPageLayout-headerTitle')]/div[1]/div[2]/div[1]/span[1]"}
RESULT: {"using":"xpath","value":"//header[contains(@id, 'ObjectPageLayout-headerTitle')]/div[1]/div[2]/div[1]/span[1]"}
COMMAND: POST /session/f07c5c959d0d14348fa4bc6d2271ab1f/execute/sync - {"script":"<script> [56 bytes]","args":[{"element-6066-11e4-a52e-4f735466cecf":"f.02E6C5F2549FB1A482A4D12844538C67.d.D1C5EC031FF716555784535D28B5E464.e.965","ELEMENT":"f.02E6C5F2549FB1A482A4D12844538C67.d.D1C5EC031FF716555784535D28B5E464.e.965"}]}
RESULT: {"script":"<script> [56 bytes]","args":[{"element-6066-11e4-a52e-4f735466cecf":"f.02E6C5F2549FB1A482A4D12844538C67.d.D1C5EC031FF716555784535D28B5E464.e.965","ELEMENT":"f.02E6C5F2549FB1A482A4D12844538C67.d.D1C5EC031FF716555784535D28B5E464.e.965"}]}
COMMAND: GET /session/f07c5c959d0d14348fa4bc6d2271ab1f/screenshot - {}
RESULT: {}
COMMAND: POST /session/f07c5c959d0d14348fa4bc6d2271ab1f/element - {"using":"css selector","value":"#shell-header-logo"}
RESULT: {"using":"css selector","value":"#shell-header-logo"}
COMMAND: POST /session/f07c5c959d0d14348fa4bc6d2271ab1f/element/f.02E6C5F2549FB1A482A4D12844538C67.d.D1C5EC031FF716555784535D28B5E464.e.271/click - {}
RESULT: {}
COMMAND: GET /session/f07c5c959d0d14348fa4bc6d2271ab1f/screenshot - {}
RESULT: {}
COMMAND: POST /session/f07c5c959d0d14348fa4bc6d2271ab1f/execute/sync - {"script":"<script> [299 bytes]","args":[["getModel","getResource"]]}
RESULT: {"script":"<script> [299 bytes]","args":[["getModel","getResource"]]}
COMMAND: GET /session/f07c5c959d0d14348fa4bc6d2271ab1f/screenshot - {}
]]></system-out>
    </testcase>
    <testcase classname="chrome.136_0_7103_49.windows.Prerequisites_&amp;_test_for_yard_mass_return_on_Yard_Overview_US131057" name="Prereq Should create a new partner" time="123.567">
      <system-out><![CDATA[
COMMAND: POST /session/f07c5c959d0d14348fa4bc6d2271ab1f/window/fullscreen - {}
RESULT: {}
RESULT: {}
COMMAND: POST /session/f07c5c959d0d14348fa4bc6d2271ab1f/execute/async - {"script":"<script> [1562 bytes]","args":[{"selector":{"controlType":"sap.m.GenericTile","properties":{"header":"Manage Partners"}},"wdio_ui5_key":"sapm.GenericTile{\"header\":\"Manage Partners\"}"}]}
RESULT: {"script":"<script> [1562 bytes]","args":[{"selector":{"controlType":"sap.m.GenericTile","properties":{"header":"Manage Partners"}},"wdio_ui5_key":"sapm.GenericTile{\"header\":\"Manage Partners\"}"}]}
RESULT: undefined
COMMAND: POST /session/f07c5c959d0d14348fa4bc6d2271ab1f/element - {"using":"xpath","value":"//*[@id=\"__tile38\"]"}
RESULT: {"using":"xpath","value":"//*[@id=\"__tile38\"]"}
COMMAND: POST /session/f07c5c959d0d14348fa4bc6d2271ab1f/element/f.02E6C5F2549FB1A482A4D12844538C67.d.D1C5EC031FF716555784535D28B5E464.e.155/click - {}
RESULT: {}
COMMAND: POST /session/f07c5c959d0d14348fa4bc6d2271ab1f/element - {"using":"xpath","value":"//button[@data-kt=\"addButton\"]"}
COMMAND: GET /session/f07c5c959d0d14348fa4bc6d2271ab1f/screenshot - {}
RESULT: {"using":"xpath","value":"//button[@data-kt=\"addButton\"]"}
COMMAND: POST /session/f07c5c959d0d14348fa4bc6d2271ab1f/elements - {"using":"xpath","value":"//button[@data-kt=\"addButton\"]"}
RESULT: {}
RESULT: {"using":"xpath","value":"//button[@data-kt=\"addButton\"]"}
COMMAND: POST /session/f07c5c959d0d14348fa4bc6d2271ab1f/elements - {"using":"xpath","value":"//button[@data-kt=\"addButton\"]"}
RESULT: {"using":"xpath","value":"//button[@data-kt=\"addButton\"]"}
COMMAND: POST /session/f07c5c959d0d14348fa4bc6d2271ab1f/elements - {"using":"xpath","value":"//button[@data-kt=\"addButton\"]"}
RESULT: {"using":"xpath","value":"//button[@data-kt=\"addButton\"]"}
COMMAND: POST /session/f07c5c959d0d14348fa4bc6d2271ab1f/elements - {"using":"xpath","value":"//button[@data-kt=\"addButton\"]"}
RESULT: {"using":"xpath","value":"//button[@data-kt=\"addButton\"]"}
COMMAND: POST /session/f07c5c959d0d14348fa4bc6d2271ab1f/elements - {"using":"xpath","value":"//button[@data-kt=\"addButton\"]"}
RESULT: {"using":"xpath","value":"//button[@data-kt=\"addButton\"]"}
COMMAND: POST /session/f07c5c959d0d14348fa4bc6d2271ab1f/elements - {"using":"xpath","value":"//button[@data-kt=\"addButton\"]"}
RESULT: {"using":"xpath","value":"//button[@data-kt=\"addButton\"]"}
COMMAND: POST /session/f07c5c959d0d14348fa4bc6d2271ab1f/elements - {"using":"xpath","value":"//button[@data-kt=\"addButton\"]"}
RESULT: {"using":"xpath","value":"//button[@data-kt=\"addButton\"]"}
COMMAND: POST /session/f07c5c959d0d14348fa4bc6d2271ab1f/elements - {"using":"xpath","value":"//button[@data-kt=\"addButton\"]"}
RESULT: {"using":"xpath","value":"//button[@data-kt=\"addButton\"]"}
COMMAND: POST /session/f07c5c959d0d14348fa4bc6d2271ab1f/elements - {"using":"xpath","value":"//button[@data-kt=\"addButton\"]"}
RESULT: {"using":"xpath","value":"//button[@data-kt=\"addButton\"]"}
COMMAND: POST /session/f07c5c959d0d14348fa4bc6d2271ab1f/elements - {"using":"xpath","value":"//button[@data-kt=\"addButton\"]"}
RESULT: {"using":"xpath","value":"//button[@data-kt=\"addButton\"]"}
COMMAND: POST /session/f07c5c959d0d14348fa4bc6d2271ab1f/elements - {"using":"xpath","value":"//button[@data-kt=\"addButton\"]"}
RESULT: {"using":"xpath","value":"//button[@data-kt=\"addButton\"]"}
COMMAND: POST /session/f07c5c959d0d14348fa4bc6d2271ab1f/elements - {"using":"xpath","value":"//button[@data-kt=\"addButton\"]"}
RESULT: {"using":"xpath","value":"//button[@data-kt=\"addButton\"]"}
COMMAND: POST /session/f07c5c959d0d14348fa4bc6d2271ab1f/elements - {"using":"xpath","value":"//button[@data-kt=\"addButton\"]"}
RESULT: {"using":"xpath","value":"//button[@data-kt=\"addButton\"]"}
COMMAND: POST /session/f07c5c959d0d14348fa4bc6d2271ab1f/elements - {"using":"xpath","value":"//button[@data-kt=\"addButton\"]"}
RESULT: {"using":"xpath","value":"//button[@data-kt=\"addButton\"]"}
COMMAND: POST /session/f07c5c959d0d14348fa4bc6d2271ab1f/elements - {"using":"xpath","value":"//button[@data-kt=\"addButton\"]"}
RESULT: {"using":"xpath","value":"//button[@data-kt=\"addButton\"]"}
COMMAND: POST /session/f07c5c959d0d14348fa4bc6d2271ab1f/elements - {"using":"xpath","value":"//button[@data-kt=\"addButton\"]"}
RESULT: {"using":"xpath","value":"//button[@data-kt=\"addButton\"]"}
COMMAND: POST /session/f07c5c959d0d14348fa4bc6d2271ab1f/elements - {"using":"xpath","value":"//button[@data-kt=\"addButton\"]"}
RESULT: {"using":"xpath","value":"//button[@data-kt=\"addButton\"]"}
COMMAND: POST /session/f07c5c959d0d14348fa4bc6d2271ab1f/elements - {"using":"xpath","value":"//button[@data-kt=\"addButton\"]"}
RESULT: {"using":"xpath","value":"//button[@data-kt=\"addButton\"]"}
COMMAND: POST /session/f07c5c959d0d14348fa4bc6d2271ab1f/elements - {"using":"xpath","value":"//button[@data-kt=\"addButton\"]"}
RESULT: {"using":"xpath","value":"//button[@data-kt=\"addButton\"]"}
COMMAND: POST /session/f07c5c959d0d14348fa4bc6d2271ab1f/elements - {"using":"xpath","value":"//button[@data-kt=\"addButton\"]"}
RESULT: {"using":"xpath","value":"//button[@data-kt=\"addButton\"]"}
COMMAND: POST /session/f07c5c959d0d14348fa4bc6d2271ab1f/elements - {"using":"xpath","value":"//button[@data-kt=\"addButton\"]"}
RESULT: {"using":"xpath","value":"//button[@data-kt=\"addButton\"]"}
COMMAND: POST /session/f07c5c959d0d14348fa4bc6d2271ab1f/element - {"using":"xpath","value":"//button[@data-kt=\"addButton\"]"}
RESULT: {"using":"xpath","value":"//button[@data-kt=\"addButton\"]"}
COMMAND: POST /session/f07c5c959d0d14348fa4bc6d2271ab1f/execute/sync - {"script":"<script> [8489 bytes]","args":[{"element-6066-11e4-a52e-4f735466cecf":"f.02E6C5F2549FB1A482A4D12844538C67.d.D1C5EC031FF716555784535D28B5E464.e.1005","ELEMENT":"f.02E6C5F2549FB1A482A4D12844538C67.d.D1C5EC031FF716555784535D28B5E464.e.1005"}]}
RESULT: {"script":"<script> [8489 bytes]","args":[{"element-6066-11e4-a52e-4f735466cecf":"f.02E6C5F2549FB1A482A4D12844538C67.d.D1C5EC031FF716555784535D28B5E464.e.1005","ELEMENT":"f.02E6C5F2549FB1A482A4D12844538C67.d.D1C5EC031FF716555784535D28B5E464.e.1005"}]}
COMMAND: GET /session/f07c5c959d0d14348fa4bc6d2271ab1f/element/f.02E6C5F2549FB1A482A4D12844538C67.d.D1C5EC031FF716555784535D28B5E464.e.1005/enabled - {}
COMMAND: GET /session/f07c5c959d0d14348fa4bc6d2271ab1f/screenshot - {}
RESULT: {}
COMMAND: POST /session/f07c5c959d0d14348fa4bc6d2271ab1f/execute/sync - {"script":"<script> [8489 bytes]","args":[{"element-6066-11e4-a52e-4f735466cecf":"f.02E6C5F2549FB1A482A4D12844538C67.d.D1C5EC031FF716555784535D28B5E464.e.1005","ELEMENT":"f.02E6C5F2549FB1A482A4D12844538C67.d.D1C5EC031FF716555784535D28B5E464.e.1005"}]}
COMMAND: GET /session/f07c5c959d0d14348fa4bc6d2271ab1f/screenshot - {}
RESULT: {}
RESULT: {"script":"<script> [8489 bytes]","args":[{"element-6066-11e4-a52e-4f735466cecf":"f.02E6C5F2549FB1A482A4D12844538C67.d.D1C5EC031FF716555784535D28B5E464.e.1005","ELEMENT":"f.02E6C5F2549FB1A482A4D12844538C67.d.D1C5EC031FF716555784535D28B5E464.e.1005"}]}
COMMAND: POST /session/f07c5c959d0d14348fa4bc6d2271ab1f/execute/sync - {"script":"<script> [5351 bytes]","args":[{"element-6066-11e4-a52e-4f735466cecf":"f.02E6C5F2549FB1A482A4D12844538C67.d.D1C5EC031FF716555784535D28B5E464.e.1005","ELEMENT":"f.02E6C5F2549FB1A482A4D12844538C67.d.D1C5EC031FF716555784535D28B5E464.e.1005"}]}
COMMAND: GET /session/f07c5c959d0d14348fa4bc6d2271ab1f/screenshot - {}
RESULT: {}
RESULT: {"script":"<script> [5351 bytes]","args":[{"element-6066-11e4-a52e-4f735466cecf":"f.02E6C5F2549FB1A482A4D12844538C67.d.D1C5EC031FF716555784535D28B5E464.e.1005","ELEMENT":"f.02E6C5F2549FB1A482A4D12844538C67.d.D1C5EC031FF716555784535D28B5E464.e.1005"}]}
COMMAND: POST /session/f07c5c959d0d14348fa4bc6d2271ab1f/element/f.02E6C5F2549FB1A482A4D12844538C67.d.D1C5EC031FF716555784535D28B5E464.e.1005/click - {}
COMMAND: GET /session/f07c5c959d0d14348fa4bc6d2271ab1f/screenshot - {}
RESULT: {}
RESULT: {}
COMMAND: GET /session/f07c5c959d0d14348fa4bc6d2271ab1f/screenshot - {}
COMMAND: POST /session/f07c5c959d0d14348fa4bc6d2271ab1f/execute/async - {"script":"<script> [1562 bytes]","args":[{"selector":{"id":"application-managepartners-display-component---NewPartner--addressDetailDetailsName1","interaction":{"idSuffix":"inner"}},"wdio_ui5_key":"applicationmanagepartners-display-component---NewPartner--addressDetailDetailsName1"}]}
RESULT: {}
RESULT: {}
RESULT: {"script":"<script> [1562 bytes]","args":[{"selector":{"id":"application-managepartners-display-component---NewPartner--addressDetailDetailsName1","interaction":{"idSuffix":"inner"}},"wdio_ui5_key":"applicationmanagepartners-display-component---NewPartner--addressDetailDetailsName1"}]}
RESULT: undefined
COMMAND: POST /session/f07c5c959d0d14348fa4bc6d2271ab1f/execute/async - {"script":"<script> [776 bytes]","args":[{"enterText":"Intracompany Partner WDIO","selector":{"id":"application-managepartners-display-component---NewPartner--addressDetailDetailsName1","interaction":{"idSuffix":"inner"}},"clearTextFirst":true,"interactionType":"ENTER_TEXT"}]}
RESULT: {"script":"<script> [776 bytes]","args":[{"enterText":"Intracompany Partner WDIO","selector":{"id":"application-managepartners-display-component---NewPartner--addressDetailDetailsName1","interaction":{"idSuffix":"inner"}},"clearTextFirst":true,"interactionType":"ENTER_TEXT"}]}
COMMAND: POST /session/f07c5c959d0d14348fa4bc6d2271ab1f/execute/async - {"script":"<script> [1562 bytes]","args":[{"selector":{"id":"application-managepartners-display-component---NewPartner--addressDetailDetailsLanguage-arrow"},"wdio_ui5_key":"applicationmanagepartners-display-component---NewPartner--addressDetailDetailsLanguage-arrow"}]}
RESULT: {"script":"<script> [1562 bytes]","args":[{"selector":{"id":"application-managepartners-display-component---NewPartner--addressDetailDetailsLanguage-arrow"},"wdio_ui5_key":"applicationmanagepartners-display-component---NewPartner--addressDetailDetailsLanguage-arrow"}]}
RESULT: undefined
COMMAND: POST /session/f07c5c959d0d14348fa4bc6d2271ab1f/element - {"using":"xpath","value":"//*[@id=\"application-managepartners-display-component---NewPartner--addressDetailDetailsLanguage-arrow\"]"}
RESULT: {"using":"xpath","value":"//*[@id=\"application-managepartners-display-component---NewPartner--addressDetailDetailsLanguage-arrow\"]"}
COMMAND: POST /session/f07c5c959d0d14348fa4bc6d2271ab1f/element/f.02E6C5F2549FB1A482A4D12844538C67.d.D1C5EC031FF716555784535D28B5E464.e.1318/click - {}
RESULT: {}
COMMAND: POST /session/f07c5c959d0d14348fa4bc6d2271ab1f/element - {"using":"xpath","value":"//span[contains(text(), \"English\")]"}
COMMAND: GET /session/f07c5c959d0d14348fa4bc6d2271ab1f/screenshot - {}
RESULT: {"using":"xpath","value":"//span[contains(text(), \"English\")]"}
COMMAND: POST /session/f07c5c959d0d14348fa4bc6d2271ab1f/element/f.02E6C5F2549FB1A482A4D12844538C67.d.D1C5EC031FF716555784535D28B5E464.e.1319/click - {}
RESULT: {}
RESULT: {}
COMMAND: GET /session/f07c5c959d0d14348fa4bc6d2271ab1f/screenshot - {}
RESULT: {}
COMMAND: POST /session/f07c5c959d0d14348fa4bc6d2271ab1f/execute/async - {"script":"<script> [1562 bytes]","args":[{"selector":{"id":"application-managepartners-display-component---NewPartner--addressDetailDetailsCity1","interaction":{"idSuffix":"inner"}},"wdio_ui5_key":"applicationmanagepartners-display-component---NewPartner--addressDetailDetailsCity1"}]}
RESULT: {"script":"<script> [1562 bytes]","args":[{"selector":{"id":"application-managepartners-display-component---NewPartner--addressDetailDetailsCity1","interaction":{"idSuffix":"inner"}},"wdio_ui5_key":"applicationmanagepartners-display-component---NewPartner--addressDetailDetailsCity1"}]}
RESULT: undefined
COMMAND: POST /session/f07c5c959d0d14348fa4bc6d2271ab1f/execute/async - {"script":"<script> [776 bytes]","args":[{"enterText":"Rosario","selector":{"id":"application-managepartners-display-component---NewPartner--addressDetailDetailsCity1","interaction":{"idSuffix":"inner"}},"clearTextFirst":true,"interactionType":"ENTER_TEXT"}]}
RESULT: {"script":"<script> [776 bytes]","args":[{"enterText":"Rosario","selector":{"id":"application-managepartners-display-component---NewPartner--addressDetailDetailsCity1","interaction":{"idSuffix":"inner"}},"clearTextFirst":true,"interactionType":"ENTER_TEXT"}]}
COMMAND: POST /session/f07c5c959d0d14348fa4bc6d2271ab1f/execute/async - {"script":"<script> [1562 bytes]","args":[{"selector":{"id":"application-managepartners-display-component---NewPartner--addressDetailDetailsCountry-arrow"},"wdio_ui5_key":"applicationmanagepartners-display-component---NewPartner--addressDetailDetailsCountry-arrow"}]}
RESULT: {"script":"<script> [1562 bytes]","args":[{"selector":{"id":"application-managepartners-display-component---NewPartner--addressDetailDetailsCountry-arrow"},"wdio_ui5_key":"applicationmanagepartners-display-component---NewPartner--addressDetailDetailsCountry-arrow"}]}
RESULT: undefined
COMMAND: POST /session/f07c5c959d0d14348fa4bc6d2271ab1f/element - {"using":"xpath","value":"//*[@id=\"application-managepartners-display-component---NewPartner--addressDetailDetailsCountry-arrow\"]"}
RESULT: {"using":"xpath","value":"//*[@id=\"application-managepartners-display-component---NewPartner--addressDetailDetailsCountry-arrow\"]"}
COMMAND: POST /session/f07c5c959d0d14348fa4bc6d2271ab1f/element/f.02E6C5F2549FB1A482A4D12844538C67.d.D1C5EC031FF716555784535D28B5E464.e.1276/click - {}
RESULT: {}
COMMAND: POST /session/f07c5c959d0d14348fa4bc6d2271ab1f/element - {"using":"xpath","value":"//span[contains(text(), \"Argentina\")]"}
COMMAND: GET /session/f07c5c959d0d14348fa4bc6d2271ab1f/screenshot - {}
RESULT: {"using":"xpath","value":"//span[contains(text(), \"Argentina\")]"}
COMMAND: POST /session/f07c5c959d0d14348fa4bc6d2271ab1f/element/f.02E6C5F2549FB1A482A4D12844538C67.d.D1C5EC031FF716555784535D28B5E464.e.1321/click - {}
RESULT: {}
RESULT: {}
COMMAND: GET /session/f07c5c959d0d14348fa4bc6d2271ab1f/screenshot - {}
RESULT: {}
COMMAND: POST /session/f07c5c959d0d14348fa4bc6d2271ab1f/element - {"using":"xpath","value":"//bdi[contains(text(), \"Commercial\")]"}
RESULT: {"using":"xpath","value":"//bdi[contains(text(), \"Commercial\")]"}
COMMAND: POST /session/f07c5c959d0d14348fa4bc6d2271ab1f/element/f.02E6C5F2549FB1A482A4D12844538C67.d.D1C5EC031FF716555784535D28B5E464.e.1322/click - {}
RESULT: {}
COMMAND: GET /session/f07c5c959d0d14348fa4bc6d2271ab1f/screenshot - {}
RESULT: {}
COMMAND: POST /session/f07c5c959d0d14348fa4bc6d2271ab1f/execute/async - {"script":"<script> [1562 bytes]","args":[{"selector":{"id":"application-managepartners-display-component---NewPartner--partnerDetailInternal-arrow"},"wdio_ui5_key":"applicationmanagepartners-display-component---NewPartner--partnerDetailInternal-arrow"}]}
RESULT: {"script":"<script> [1562 bytes]","args":[{"selector":{"id":"application-managepartners-display-component---NewPartner--partnerDetailInternal-arrow"},"wdio_ui5_key":"applicationmanagepartners-display-component---NewPartner--partnerDetailInternal-arrow"}]}
RESULT: undefined
COMMAND: POST /session/f07c5c959d0d14348fa4bc6d2271ab1f/element - {"using":"xpath","value":"//*[@id=\"application-managepartners-display-component---NewPartner--partnerDetailInternal-arrow\"]"}
RESULT: {"using":"xpath","value":"//*[@id=\"application-managepartners-display-component---NewPartner--partnerDetailInternal-arrow\"]"}
COMMAND: POST /session/f07c5c959d0d14348fa4bc6d2271ab1f/element/f.02E6C5F2549FB1A482A4D12844538C67.d.D1C5EC031FF716555784535D28B5E464.e.1328/click - {}
RESULT: {}
COMMAND: POST /session/f07c5c959d0d14348fa4bc6d2271ab1f/element - {"using":"xpath","value":"//span[contains(text(), \"Affiliated company\")]"}
COMMAND: GET /session/f07c5c959d0d14348fa4bc6d2271ab1f/screenshot - {}
RESULT: {"using":"xpath","value":"//span[contains(text(), \"Affiliated company\")]"}
COMMAND: POST /session/f07c5c959d0d14348fa4bc6d2271ab1f/element/f.02E6C5F2549FB1A482A4D12844538C67.d.D1C5EC031FF716555784535D28B5E464.e.1329/click - {}
RESULT: {}
RESULT: {}
COMMAND: POST /session/f07c5c959d0d14348fa4bc6d2271ab1f/execute/async - {"script":"<script> [1562 bytes]","args":[{"selector":{"id":"application-managepartners-display-component---NewPartner--partnerDetailsCurrency-arrow"},"wdio_ui5_key":"applicationmanagepartners-display-component---NewPartner--partnerDetailsCurrency-arrow"}]}
COMMAND: GET /session/f07c5c959d0d14348fa4bc6d2271ab1f/screenshot - {}
RESULT: {"script":"<script> [1562 bytes]","args":[{"selector":{"id":"application-managepartners-display-component---NewPartner--partnerDetailsCurrency-arrow"},"wdio_ui5_key":"applicationmanagepartners-display-component---NewPartner--partnerDetailsCurrency-arrow"}]}
RESULT: undefined
COMMAND: POST /session/f07c5c959d0d14348fa4bc6d2271ab1f/element - {"using":"xpath","value":"//*[@id=\"application-managepartners-display-component---NewPartner--partnerDetailsCurrency-arrow\"]"}
RESULT: {}
RESULT: {"using":"xpath","value":"//*[@id=\"application-managepartners-display-component---NewPartner--partnerDetailsCurrency-arrow\"]"}
COMMAND: POST /session/f07c5c959d0d14348fa4bc6d2271ab1f/element/f.02E6C5F2549FB1A482A4D12844538C67.d.D1C5EC031FF716555784535D28B5E464.e.1336/click - {}
RESULT: {}
COMMAND: POST /session/f07c5c959d0d14348fa4bc6d2271ab1f/element - {"using":"xpath","value":"//span[contains(text(), \"Euro\")]"}
COMMAND: GET /session/f07c5c959d0d14348fa4bc6d2271ab1f/screenshot - {}
RESULT: {"using":"xpath","value":"//span[contains(text(), \"Euro\")]"}
COMMAND: POST /session/f07c5c959d0d14348fa4bc6d2271ab1f/element/f.02E6C5F2549FB1A482A4D12844538C67.d.D1C5EC031FF716555784535D28B5E464.e.1337/click - {}
RESULT: {}
RESULT: {}
COMMAND: POST /session/f07c5c959d0d14348fa4bc6d2271ab1f/execute/async - {"script":"<script> [1562 bytes]","args":[{"selector":{"id":"application-managepartners-display-component---NewPartner--addressEditDetailsCostObjectCstType-arrow"},"wdio_ui5_key":"applicationmanagepartners-display-component---NewPartner--addressEditDetailsCostObjectCstType-arrow"}]}
COMMAND: GET /session/f07c5c959d0d14348fa4bc6d2271ab1f/screenshot - {}
RESULT: {"script":"<script> [1562 bytes]","args":[{"selector":{"id":"application-managepartners-display-component---NewPartner--addressEditDetailsCostObjectCstType-arrow"},"wdio_ui5_key":"applicationmanagepartners-display-component---NewPartner--addressEditDetailsCostObjectCstType-arrow"}]}
RESULT: undefined
COMMAND: POST /session/f07c5c959d0d14348fa4bc6d2271ab1f/element - {"using":"xpath","value":"//*[@id=\"application-managepartners-display-component---NewPartner--addressEditDetailsCostObjectCstType-arrow\"]"}
RESULT: {}
RESULT: {"using":"xpath","value":"//*[@id=\"application-managepartners-display-component---NewPartner--addressEditDetailsCostObjectCstType-arrow\"]"}
COMMAND: POST /session/f07c5c959d0d14348fa4bc6d2271ab1f/element/f.02E6C5F2549FB1A482A4D12844538C67.d.D1C5EC031FF716555784535D28B5E464.e.1338/click - {}
RESULT: {}
COMMAND: POST /session/f07c5c959d0d14348fa4bc6d2271ab1f/element - {"using":"xpath","value":"//span[contains(text(), \"Cost Center\")]"}
COMMAND: GET /session/f07c5c959d0d14348fa4bc6d2271ab1f/screenshot - {}
RESULT: {"using":"xpath","value":"//span[contains(text(), \"Cost Center\")]"}
COMMAND: POST /session/f07c5c959d0d14348fa4bc6d2271ab1f/element/f.02E6C5F2549FB1A482A4D12844538C67.d.D1C5EC031FF716555784535D28B5E464.e.1339/click - {}
RESULT: {}
RESULT: {}
COMMAND: GET /session/f07c5c959d0d14348fa4bc6d2271ab1f/screenshot - {}
RESULT: {}
COMMAND: POST /session/f07c5c959d0d14348fa4bc6d2271ab1f/element - {"using":"xpath","value":"//span[@id=\"application-managepartners-display-component---NewPartner--addressNewCostObjectCstID-vhi\"]"}
RESULT: {"using":"xpath","value":"//span[@id=\"application-managepartners-display-component---NewPartner--addressNewCostObjectCstID-vhi\"]"}
COMMAND: POST /session/f07c5c959d0d14348fa4bc6d2271ab1f/execute/sync - {"script":"<script> [8489 bytes]","args":[{"element-6066-11e4-a52e-4f735466cecf":"f.02E6C5F2549FB1A482A4D12844538C67.d.D1C5EC031FF716555784535D28B5E464.e.1343","ELEMENT":"f.02E6C5F2549FB1A482A4D12844538C67.d.D1C5EC031FF716555784535D28B5E464.e.1343"}]}
RESULT: {"script":"<script> [8489 bytes]","args":[{"element-6066-11e4-a52e-4f735466cecf":"f.02E6C5F2549FB1A482A4D12844538C67.d.D1C5EC031FF716555784535D28B5E464.e.1343","ELEMENT":"f.02E6C5F2549FB1A482A4D12844538C67.d.D1C5EC031FF716555784535D28B5E464.e.1343"}]}
COMMAND: POST /session/f07c5c959d0d14348fa4bc6d2271ab1f/execute/async - {"script":"<script> [1562 bytes]","args":[{"selector":{"id":"application-managepartners-display-component---NewPartner--addressNewCostObjectCstID-vhi"},"wdio_ui5_key":"applicationmanagepartners-display-component---NewPartner--addressNewCostObjectCstID-vhi"}]}
COMMAND: GET /session/f07c5c959d0d14348fa4bc6d2271ab1f/screenshot - {}
RESULT: {"script":"<script> [1562 bytes]","args":[{"selector":{"id":"application-managepartners-display-component---NewPartner--addressNewCostObjectCstID-vhi"},"wdio_ui5_key":"applicationmanagepartners-display-component---NewPartner--addressNewCostObjectCstID-vhi"}]}
RESULT: undefined
COMMAND: POST /session/f07c5c959d0d14348fa4bc6d2271ab1f/element - {"using":"xpath","value":"//*[@id=\"application-managepartners-display-component---NewPartner--addressNewCostObjectCstID-vhi\"]"}
RESULT: {}
RESULT: {"using":"xpath","value":"//*[@id=\"application-managepartners-display-component---NewPartner--addressNewCostObjectCstID-vhi\"]"}
COMMAND: POST /session/f07c5c959d0d14348fa4bc6d2271ab1f/element/f.02E6C5F2549FB1A482A4D12844538C67.d.D1C5EC031FF716555784535D28B5E464.e.1343/click - {}
RESULT: {}
COMMAND: GET /session/f07c5c959d0d14348fa4bc6d2271ab1f/screenshot - {}
RESULT: {}
RESULT: undefined
COMMAND: POST /session/f07c5c959d0d14348fa4bc6d2271ab1f/execute/async - {"script":"<script> [776 bytes]","args":[{"enterText":"10001013","selector":{"controlType":"sap.m.SearchField","properties":{"placeholder":"Search"},"searchOpenDialogs":true,"interaction":{"idSuffix":"I"}},"clearTextFirst":true,"interactionType":"ENTER_TEXT"}]}
RESULT: {"script":"<script> [776 bytes]","args":[{"enterText":"10001013","selector":{"controlType":"sap.m.SearchField","properties":{"placeholder":"Search"},"searchOpenDialogs":true,"interaction":{"idSuffix":"I"}},"clearTextFirst":true,"interactionType":"ENTER_TEXT"}]}
COMMAND: POST /session/f07c5c959d0d14348fa4bc6d2271ab1f/actions - {"actions":[{"id":"action2","type":"key","parameters":{},"actions":[{"type":"keyDown","value":"î€‡"},{"type":"pause","duration":10},{"type":"keyUp","value":"î€‡"}]}]}
RESULT: {"actions":[{"id":"action2","type":"key","parameters":{},"actions":[{"type":"keyDown","value":"î€‡"},{"type":"pause","duration":10},{"type":"keyUp","value":"î€‡"}]}]}
COMMAND: GET /session/f07c5c959d0d14348fa4bc6d2271ab1f/screenshot - {}
RESULT: {}
COMMAND: POST /session/f07c5c959d0d14348fa4bc6d2271ab1f/element - {"using":"xpath","value":"//span[contains(text(), \"General Management\")]"}
RESULT: {"using":"xpath","value":"//span[contains(text(), \"General Management\")]"}
COMMAND: POST /session/f07c5c959d0d14348fa4bc6d2271ab1f/element/f.02E6C5F2549FB1A482A4D12844538C67.d.D1C5EC031FF716555784535D28B5E464.e.1382/click - {}
RESULT: {}
COMMAND: GET /session/f07c5c959d0d14348fa4bc6d2271ab1f/screenshot - {}
RESULT: {}
COMMAND: POST /session/f07c5c959d0d14348fa4bc6d2271ab1f/element - {"using":"xpath","value":"//bdi[contains(text(), \"OK\")]"}
RESULT: {"using":"xpath","value":"//bdi[contains(text(), \"OK\")]"}
COMMAND: POST /session/f07c5c959d0d14348fa4bc6d2271ab1f/element/f.02E6C5F2549FB1A482A4D12844538C67.d.D1C5EC031FF716555784535D28B5E464.e.1383/click - {}
RESULT: {}
COMMAND: GET /session/f07c5c959d0d14348fa4bc6d2271ab1f/screenshot - {}
RESULT: {}
COMMAND: POST /session/f07c5c959d0d14348fa4bc6d2271ab1f/element - {"using":"xpath","value":"//input[@id=\"application-managepartners-display-component---NewPartner--companyCodeComboBox-inner\"]"}
RESULT: {"using":"xpath","value":"//input[@id=\"application-managepartners-display-component---NewPartner--companyCodeComboBox-inner\"]"}
COMMAND: POST /session/f07c5c959d0d14348fa4bc6d2271ab1f/element/f.02E6C5F2549FB1A482A4D12844538C67.d.D1C5EC031FF716555784535D28B5E464.e.1206/clear - {}
RESULT: {}
COMMAND: POST /session/f07c5c959d0d14348fa4bc6d2271ab1f/element/f.02E6C5F2549FB1A482A4D12844538C67.d.D1C5EC031FF716555784535D28B5E464.e.1206/value - {"text":"1000"}
COMMAND: GET /session/f07c5c959d0d14348fa4bc6d2271ab1f/screenshot - {}
RESULT: {"text":"1000"}
COMMAND: GET /session/f07c5c959d0d14348fa4bc6d2271ab1f/screenshot - {}
RESULT: {}
RESULT: {}
COMMAND: POST /session/f07c5c959d0d14348fa4bc6d2271ab1f/element - {"using":"xpath","value":"//li[.//span[text()= \"1000\"]]"}
RESULT: {"using":"xpath","value":"//li[.//span[text()= \"1000\"]]"}
COMMAND: POST /session/f07c5c959d0d14348fa4bc6d2271ab1f/element/f.02E6C5F2549FB1A482A4D12844538C67.d.D1C5EC031FF716555784535D28B5E464.e.1389/click - {}
RESULT: {}
COMMAND: GET /session/f07c5c959d0d14348fa4bc6d2271ab1f/screenshot - {}
RESULT: {}
COMMAND: POST /session/f07c5c959d0d14348fa4bc6d2271ab1f/execute/async - {"script":"<script> [1562 bytes]","args":[{"selector":{"id":"application-managepartners-display-component---NewPartner--btnAddTableRow-img"},"wdio_ui5_key":"applicationmanagepartners-display-component---NewPartner--btnAddTableRow-img"}]}
RESULT: {"script":"<script> [1562 bytes]","args":[{"selector":{"id":"application-managepartners-display-component---NewPartner--btnAddTableRow-img"},"wdio_ui5_key":"applicationmanagepartners-display-component---NewPartner--btnAddTableRow-img"}]}
RESULT: undefined
COMMAND: POST /session/f07c5c959d0d14348fa4bc6d2271ab1f/element - {"using":"xpath","value":"//*[@id=\"application-managepartners-display-component---NewPartner--btnAddTableRow-img\"]"}
RESULT: {"using":"xpath","value":"//*[@id=\"application-managepartners-display-component---NewPartner--btnAddTableRow-img\"]"}
COMMAND: POST /session/f07c5c959d0d14348fa4bc6d2271ab1f/element/f.02E6C5F2549FB1A482A4D12844538C67.d.D1C5EC031FF716555784535D28B5E464.e.1390/click - {}
RESULT: {}
COMMAND: GET /session/f07c5c959d0d14348fa4bc6d2271ab1f/screenshot - {}
RESULT: {}
COMMAND: POST /session/f07c5c959d0d14348fa4bc6d2271ab1f/element - {"using":"xpath","value":"//input[@id=\"application-managepartners-display-component---NewPartner--assignmentYard-application-managepartners-display-component---NewPartner--assignmentsTable-0-inner\"]"}
RESULT: {"using":"xpath","value":"//input[@id=\"application-managepartners-display-component---NewPartner--assignmentYard-application-managepartners-display-component---NewPartner--assignmentsTable-0-inner\"]"}
COMMAND: POST /session/f07c5c959d0d14348fa4bc6d2271ab1f/element/f.02E6C5F2549FB1A482A4D12844538C67.d.D1C5EC031FF716555784535D28B5E464.e.1393/clear - {}
RESULT: {}
COMMAND: POST /session/f07c5c959d0d14348fa4bc6d2271ab1f/element/f.02E6C5F2549FB1A482A4D12844538C67.d.D1C5EC031FF716555784535D28B5E464.e.1393/value - {"text":"185"}
COMMAND: GET /session/f07c5c959d0d14348fa4bc6d2271ab1f/screenshot - {}
RESULT: {"text":"185"}
COMMAND: GET /session/f07c5c959d0d14348fa4bc6d2271ab1f/screenshot - {}
RESULT: {}
RESULT: {}
COMMAND: POST /session/f07c5c959d0d14348fa4bc6d2271ab1f/element - {"using":"xpath","value":"//li[.//span[text()='185']]"}
RESULT: {"using":"xpath","value":"//li[.//span[text()='185']]"}
COMMAND: POST /session/f07c5c959d0d14348fa4bc6d2271ab1f/element/f.02E6C5F2549FB1A482A4D12844538C67.d.D1C5EC031FF716555784535D28B5E464.e.1402/click - {}
RESULT: {}
COMMAND: GET /session/f07c5c959d0d14348fa4bc6d2271ab1f/screenshot - {}
RESULT: {}
COMMAND: POST /session/f07c5c959d0d14348fa4bc6d2271ab1f/actions - {"actions":[{"id":"action3","type":"key","parameters":{},"actions":[{"type":"keyDown","value":"î€‡"},{"type":"pause","duration":10},{"type":"keyUp","value":"î€‡"}]}]}
RESULT: {"actions":[{"id":"action3","type":"key","parameters":{},"actions":[{"type":"keyDown","value":"î€‡"},{"type":"pause","duration":10},{"type":"keyUp","value":"î€‡"}]}]}
COMMAND: POST /session/f07c5c959d0d14348fa4bc6d2271ab1f/execute/async - {"script":"<script> [1562 bytes]","args":[{"selector":{"id":"application-managepartners-display-component---NewPartner--externalCustomerComboBox-application-managepartners-display-component---NewPartner--assignmentsTable-0-vhi"},"wdio_ui5_key":"applicationmanagepartners-display-component---NewPartner--externalCustomerComboBox-application-managepartners-display-component---NewPartner--assignmentsTable-0-vhi"}]}
COMMAND: GET /session/f07c5c959d0d14348fa4bc6d2271ab1f/screenshot - {}
RESULT: {"script":"<script> [1562 bytes]","args":[{"selector":{"id":"application-managepartners-display-component---NewPartner--externalCustomerComboBox-application-managepartners-display-component---NewPartner--assignmentsTable-0-vhi"},"wdio_ui5_key":"applicationmanagepartners-display-component---NewPartner--externalCustomerComboBox-application-managepartners-display-component---NewPartner--assignmentsTable-0-vhi"}]}
RESULT: undefined
COMMAND: POST /session/f07c5c959d0d14348fa4bc6d2271ab1f/element - {"using":"xpath","value":"//*[@id=\"application-managepartners-display-component---NewPartner--externalCustomerComboBox-application-managepartners-display-component---NewPartner--assignmentsTable-0-vhi\"]"}
RESULT: {}
RESULT: {"using":"xpath","value":"//*[@id=\"application-managepartners-display-component---NewPartner--externalCustomerComboBox-application-managepartners-display-component---NewPartner--assignmentsTable-0-vhi\"]"}
COMMAND: POST /session/f07c5c959d0d14348fa4bc6d2271ab1f/element/f.02E6C5F2549FB1A482A4D12844538C67.d.D1C5EC031FF716555784535D28B5E464.e.1406/click - {}
RESULT: {}
RESULT: undefined
COMMAND: POST /session/f07c5c959d0d14348fa4bc6d2271ab1f/execute/async - {"script":"<script> [776 bytes]","args":[{"enterText":"300003","selector":{"controlType":"sap.m.SearchField","properties":{"placeholder":"Search"},"searchOpenDialogs":true,"interaction":{"idSuffix":"I"}},"clearTextFirst":true,"interactionType":"ENTER_TEXT"}]}
COMMAND: GET /session/f07c5c959d0d14348fa4bc6d2271ab1f/screenshot - {}
RESULT: {"script":"<script> [776 bytes]","args":[{"enterText":"300003","selector":{"controlType":"sap.m.SearchField","properties":{"placeholder":"Search"},"searchOpenDialogs":true,"interaction":{"idSuffix":"I"}},"clearTextFirst":true,"interactionType":"ENTER_TEXT"}]}
COMMAND: POST /session/f07c5c959d0d14348fa4bc6d2271ab1f/actions - {"actions":[{"id":"action4","type":"key","parameters":{},"actions":[{"type":"keyDown","value":"î€‡"},{"type":"pause","duration":10},{"type":"keyUp","value":"î€‡"}]}]}
RESULT: {}
RESULT: {"actions":[{"id":"action4","type":"key","parameters":{},"actions":[{"type":"keyDown","value":"î€‡"},{"type":"pause","duration":10},{"type":"keyUp","value":"î€‡"}]}]}
COMMAND: GET /session/f07c5c959d0d14348fa4bc6d2271ab1f/screenshot - {}
RESULT: {}
COMMAND: POST /session/f07c5c959d0d14348fa4bc6d2271ab1f/element - {"using":"xpath","value":"//span[contains(text(), \"300003\")]"}
RESULT: {"using":"xpath","value":"//span[contains(text(), \"300003\")]"}
COMMAND: POST /session/f07c5c959d0d14348fa4bc6d2271ab1f/element/f.02E6C5F2549FB1A482A4D12844538C67.d.D1C5EC031FF716555784535D28B5E464.e.1424/click - {}
RESULT: {}
COMMAND: GET /session/f07c5c959d0d14348fa4bc6d2271ab1f/screenshot - {}
RESULT: {}
COMMAND: POST /session/f07c5c959d0d14348fa4bc6d2271ab1f/element - {"using":"xpath","value":"//bdi[contains(text(), \"OK\")]"}
RESULT: {"using":"xpath","value":"//bdi[contains(text(), \"OK\")]"}
COMMAND: POST /session/f07c5c959d0d14348fa4bc6d2271ab1f/element/f.02E6C5F2549FB1A482A4D12844538C67.d.D1C5EC031FF716555784535D28B5E464.e.1426/click - {}
RESULT: {}
COMMAND: GET /session/f07c5c959d0d14348fa4bc6d2271ab1f/screenshot - {}
RESULT: {}
COMMAND: POST /session/f07c5c959d0d14348fa4bc6d2271ab1f/execute/async - {"script":"<script> [1562 bytes]","args":[{"selector":{"id":"application-managepartners-display-component---NewPartner--intercompVendorComboBox-application-managepartners-display-component---NewPartner--assignmentsTable-0-vhi"},"wdio_ui5_key":"applicationmanagepartners-display-component---NewPartner--intercompVendorComboBox-application-managepartners-display-component---NewPartner--assignmentsTable-0-vhi"}]}
RESULT: {"script":"<script> [1562 bytes]","args":[{"selector":{"id":"application-managepartners-display-component---NewPartner--intercompVendorComboBox-application-managepartners-display-component---NewPartner--assignmentsTable-0-vhi"},"wdio_ui5_key":"applicationmanagepartners-display-component---NewPartner--intercompVendorComboBox-application-managepartners-display-component---NewPartner--assignmentsTable-0-vhi"}]}
RESULT: undefined
COMMAND: POST /session/f07c5c959d0d14348fa4bc6d2271ab1f/element - {"using":"xpath","value":"//*[@id=\"application-managepartners-display-component---NewPartner--intercompVendorComboBox-application-managepartners-display-component---NewPartner--assignmentsTable-0-vhi\"]"}
RESULT: {"using":"xpath","value":"//*[@id=\"application-managepartners-display-component---NewPartner--intercompVendorComboBox-application-managepartners-display-component---NewPartner--assignmentsTable-0-vhi\"]"}
COMMAND: POST /session/f07c5c959d0d14348fa4bc6d2271ab1f/element/f.02E6C5F2549FB1A482A4D12844538C67.d.D1C5EC031FF716555784535D28B5E464.e.1429/click - {}
RESULT: {}
RESULT: undefined
COMMAND: POST /session/f07c5c959d0d14348fa4bc6d2271ab1f/execute/async - {"script":"<script> [776 bytes]","args":[{"enterText":"100005","selector":{"controlType":"sap.m.SearchField","properties":{"placeholder":"Search"},"searchOpenDialogs":true,"interaction":{"idSuffix":"I"}},"clearTextFirst":true,"interactionType":"ENTER_TEXT"}]}
COMMAND: GET /session/f07c5c959d0d14348fa4bc6d2271ab1f/screenshot - {}
RESULT: {"script":"<script> [776 bytes]","args":[{"enterText":"100005","selector":{"controlType":"sap.m.SearchField","properties":{"placeholder":"Search"},"searchOpenDialogs":true,"interaction":{"idSuffix":"I"}},"clearTextFirst":true,"interactionType":"ENTER_TEXT"}]}
COMMAND: POST /session/f07c5c959d0d14348fa4bc6d2271ab1f/actions - {"actions":[{"id":"action5","type":"key","parameters":{},"actions":[{"type":"keyDown","value":"î€‡"},{"type":"pause","duration":10},{"type":"keyUp","value":"î€‡"}]}]}
RESULT: {}
RESULT: {"actions":[{"id":"action5","type":"key","parameters":{},"actions":[{"type":"keyDown","value":"î€‡"},{"type":"pause","duration":10},{"type":"keyUp","value":"î€‡"}]}]}
COMMAND: GET /session/f07c5c959d0d14348fa4bc6d2271ab1f/screenshot - {}
RESULT: {}
COMMAND: POST /session/f07c5c959d0d14348fa4bc6d2271ab1f/element - {"using":"xpath","value":"//span[contains(text(), \"Penguins - Field/12345 Berlin\")]"}
RESULT: {"using":"xpath","value":"//span[contains(text(), \"Penguins - Field/12345 Berlin\")]"}
COMMAND: POST /session/f07c5c959d0d14348fa4bc6d2271ab1f/element/f.02E6C5F2549FB1A482A4D12844538C67.d.D1C5EC031FF716555784535D28B5E464.e.1448/click - {}
RESULT: {}
COMMAND: GET /session/f07c5c959d0d14348fa4bc6d2271ab1f/screenshot - {}
RESULT: {}
COMMAND: POST /session/f07c5c959d0d14348fa4bc6d2271ab1f/element - {"using":"xpath","value":"//bdi[contains(text(), \"OK\")]"}
RESULT: {"using":"xpath","value":"//bdi[contains(text(), \"OK\")]"}
COMMAND: POST /session/f07c5c959d0d14348fa4bc6d2271ab1f/element/f.02E6C5F2549FB1A482A4D12844538C67.d.D1C5EC031FF716555784535D28B5E464.e.1449/click - {}
RESULT: {}
COMMAND: GET /session/f07c5c959d0d14348fa4bc6d2271ab1f/screenshot - {}
RESULT: {}
COMMAND: POST /session/f07c5c959d0d14348fa4bc6d2271ab1f/element - {"using":"xpath","value":"//button[@data-kt=\"saveButton\"]"}
RESULT: {"using":"xpath","value":"//button[@data-kt=\"saveButton\"]"}
COMMAND: POST /session/f07c5c959d0d14348fa4bc6d2271ab1f/element/f.02E6C5F2549FB1A482A4D12844538C67.d.D1C5EC031FF716555784535D28B5E464.e.1217/click - {}
RESULT: {}
COMMAND: GET /session/f07c5c959d0d14348fa4bc6d2271ab1f/screenshot - {}
RESULT: {}
COMMAND: POST /session/f07c5c959d0d14348fa4bc6d2271ab1f/element - {"using":"xpath","value":"//header[contains(@id, 'ObjectPageLayout-headerTitle')]/div[1]/div[2]/div[2]/span[1]"}
RESULT: {"using":"xpath","value":"//header[contains(@id, 'ObjectPageLayout-headerTitle')]/div[1]/div[2]/div[2]/span[1]"}
COMMAND: POST /session/f07c5c959d0d14348fa4bc6d2271ab1f/elements - {"using":"xpath","value":"//header[contains(@id, 'ObjectPageLayout-headerTitle')]/div[1]/div[2]/div[2]/span[1]"}
RESULT: {"using":"xpath","value":"//header[contains(@id, 'ObjectPageLayout-headerTitle')]/div[1]/div[2]/div[2]/span[1]"}
COMMAND: POST /session/f07c5c959d0d14348fa4bc6d2271ab1f/execute/sync - {"script":"<script> [56 bytes]","args":[{"element-6066-11e4-a52e-4f735466cecf":"f.02E6C5F2549FB1A482A4D12844538C67.d.D1C5EC031FF716555784535D28B5E464.e.1547","ELEMENT":"f.02E6C5F2549FB1A482A4D12844538C67.d.D1C5EC031FF716555784535D28B5E464.e.1547"}]}
RESULT: {"script":"<script> [56 bytes]","args":[{"element-6066-11e4-a52e-4f735466cecf":"f.02E6C5F2549FB1A482A4D12844538C67.d.D1C5EC031FF716555784535D28B5E464.e.1547","ELEMENT":"f.02E6C5F2549FB1A482A4D12844538C67.d.D1C5EC031FF716555784535D28B5E464.e.1547"}]}
COMMAND: POST /session/f07c5c959d0d14348fa4bc6d2271ab1f/element - {"using":"css selector","value":"#shell-header-logo"}
COMMAND: GET /session/f07c5c959d0d14348fa4bc6d2271ab1f/screenshot - {}
RESULT: {"using":"css selector","value":"#shell-header-logo"}
COMMAND: POST /session/f07c5c959d0d14348fa4bc6d2271ab1f/element/f.02E6C5F2549FB1A482A4D12844538C67.d.D1C5EC031FF716555784535D28B5E464.e.971/click - {}
RESULT: {}
RESULT: {}
COMMAND: GET /session/f07c5c959d0d14348fa4bc6d2271ab1f/screenshot - {}
RESULT: {}
COMMAND: POST /session/f07c5c959d0d14348fa4bc6d2271ab1f/execute/sync - {"script":"<script> [299 bytes]","args":[["getModel","getResource"]]}
RESULT: {"script":"<script> [299 bytes]","args":[["getModel","getResource"]]}
COMMAND: GET /session/f07c5c959d0d14348fa4bc6d2271ab1f/screenshot - {}
]]></system-out>
    </testcase>
    <testcase classname="chrome.136_0_7103_49.windows.Prerequisites_&amp;_test_for_yard_mass_return_on_Yard_Overview_US131057" name="Prereq Should create a new site" time="91.224">
      <system-out><![CDATA[
COMMAND: POST /session/f07c5c959d0d14348fa4bc6d2271ab1f/execute/async - {"script":"<script> [1562 bytes]","args":[{"selector":{"controlType":"sap.m.TileContent","bindingPath":{"path":"","propertyPath":"/properties/info"},"ancestor":{"controlType":"sap.m.GenericTile","properties":{"header":"Manage Sites"}}},"wdio_ui5_key":"sapm.TileContent{\"path\":\"\",\"propertyPath\":\"/properties/info\"}{\"controlType\":\"sap.m.GenericTile\",\"properties\":{\"header\":\"Manage Sites\"}}"}]}
RESULT: {"script":"<script> [1562 bytes]","args":[{"selector":{"controlType":"sap.m.TileContent","bindingPath":{"path":"","propertyPath":"/properties/info"},"ancestor":{"controlType":"sap.m.GenericTile","properties":{"header":"Manage Sites"}}},"wdio_ui5_key":"sapm.TileContent{\"path\":\"\",\"propertyPath\":\"/properties/info\"}{\"controlType\":\"sap.m.GenericTile\",\"properties\":{\"header\":\"Manage Sites\"}}"}]}
RESULT: undefined
COMMAND: POST /session/f07c5c959d0d14348fa4bc6d2271ab1f/element - {"using":"xpath","value":"//*[@id=\"__xmlview7--numericTileContent\"]"}
RESULT: {}
RESULT: {"using":"xpath","value":"//*[@id=\"__xmlview7--numericTileContent\"]"}
COMMAND: POST /session/f07c5c959d0d14348fa4bc6d2271ab1f/element/f.02E6C5F2549FB1A482A4D12844538C67.d.D1C5EC031FF716555784535D28B5E464.e.1549/click - {}
RESULT: {}
COMMAND: POST /session/f07c5c959d0d14348fa4bc6d2271ab1f/element - {"using":"xpath","value":"//button[@data-kt=\"addOverflowToolbarButton\"]"}
COMMAND: GET /session/f07c5c959d0d14348fa4bc6d2271ab1f/screenshot - {}
RESULT: {"using":"xpath","value":"//button[@data-kt=\"addOverflowToolbarButton\"]"}
COMMAND: POST /session/f07c5c959d0d14348fa4bc6d2271ab1f/elements - {"using":"xpath","value":"//button[@data-kt=\"addOverflowToolbarButton\"]"}
RESULT: {}
RESULT: {"using":"xpath","value":"//button[@data-kt=\"addOverflowToolbarButton\"]"}
COMMAND: POST /session/f07c5c959d0d14348fa4bc6d2271ab1f/elements - {"using":"xpath","value":"//button[@data-kt=\"addOverflowToolbarButton\"]"}
RESULT: {"using":"xpath","value":"//button[@data-kt=\"addOverflowToolbarButton\"]"}
COMMAND: POST /session/f07c5c959d0d14348fa4bc6d2271ab1f/elements - {"using":"xpath","value":"//button[@data-kt=\"addOverflowToolbarButton\"]"}
RESULT: {"using":"xpath","value":"//button[@data-kt=\"addOverflowToolbarButton\"]"}
COMMAND: POST /session/f07c5c959d0d14348fa4bc6d2271ab1f/element - {"using":"xpath","value":"//button[@data-kt=\"addOverflowToolbarButton\"]"}
RESULT: {"using":"xpath","value":"//button[@data-kt=\"addOverflowToolbarButton\"]"}
COMMAND: POST /session/f07c5c959d0d14348fa4bc6d2271ab1f/execute/sync - {"script":"<script> [8489 bytes]","args":[{"element-6066-11e4-a52e-4f735466cecf":"f.02E6C5F2549FB1A482A4D12844538C67.d.D1C5EC031FF716555784535D28B5E464.e.1595","ELEMENT":"f.02E6C5F2549FB1A482A4D12844538C67.d.D1C5EC031FF716555784535D28B5E464.e.1595"}]}
RESULT: {"script":"<script> [8489 bytes]","args":[{"element-6066-11e4-a52e-4f735466cecf":"f.02E6C5F2549FB1A482A4D12844538C67.d.D1C5EC031FF716555784535D28B5E464.e.1595","ELEMENT":"f.02E6C5F2549FB1A482A4D12844538C67.d.D1C5EC031FF716555784535D28B5E464.e.1595"}]}
COMMAND: GET /session/f07c5c959d0d14348fa4bc6d2271ab1f/element/f.02E6C5F2549FB1A482A4D12844538C67.d.D1C5EC031FF716555784535D28B5E464.e.1595/enabled - {}
COMMAND: GET /session/f07c5c959d0d14348fa4bc6d2271ab1f/screenshot - {}
RESULT: {}
COMMAND: POST /session/f07c5c959d0d14348fa4bc6d2271ab1f/execute/sync - {"script":"<script> [8489 bytes]","args":[{"element-6066-11e4-a52e-4f735466cecf":"f.02E6C5F2549FB1A482A4D12844538C67.d.D1C5EC031FF716555784535D28B5E464.e.1595","ELEMENT":"f.02E6C5F2549FB1A482A4D12844538C67.d.D1C5EC031FF716555784535D28B5E464.e.1595"}]}
COMMAND: GET /session/f07c5c959d0d14348fa4bc6d2271ab1f/screenshot - {}
RESULT: {}
RESULT: {"script":"<script> [8489 bytes]","args":[{"element-6066-11e4-a52e-4f735466cecf":"f.02E6C5F2549FB1A482A4D12844538C67.d.D1C5EC031FF716555784535D28B5E464.e.1595","ELEMENT":"f.02E6C5F2549FB1A482A4D12844538C67.d.D1C5EC031FF716555784535D28B5E464.e.1595"}]}
COMMAND: POST /session/f07c5c959d0d14348fa4bc6d2271ab1f/execute/sync - {"script":"<script> [5351 bytes]","args":[{"element-6066-11e4-a52e-4f735466cecf":"f.02E6C5F2549FB1A482A4D12844538C67.d.D1C5EC031FF716555784535D28B5E464.e.1595","ELEMENT":"f.02E6C5F2549FB1A482A4D12844538C67.d.D1C5EC031FF716555784535D28B5E464.e.1595"}]}
COMMAND: GET /session/f07c5c959d0d14348fa4bc6d2271ab1f/screenshot - {}
RESULT: {}
RESULT: {"script":"<script> [5351 bytes]","args":[{"element-6066-11e4-a52e-4f735466cecf":"f.02E6C5F2549FB1A482A4D12844538C67.d.D1C5EC031FF716555784535D28B5E464.e.1595","ELEMENT":"f.02E6C5F2549FB1A482A4D12844538C67.d.D1C5EC031FF716555784535D28B5E464.e.1595"}]}
COMMAND: POST /session/f07c5c959d0d14348fa4bc6d2271ab1f/element/f.02E6C5F2549FB1A482A4D12844538C67.d.D1C5EC031FF716555784535D28B5E464.e.1595/click - {}
COMMAND: GET /session/f07c5c959d0d14348fa4bc6d2271ab1f/screenshot - {}
RESULT: {}
RESULT: {}
COMMAND: GET /session/f07c5c959d0d14348fa4bc6d2271ab1f/screenshot - {}
RESULT: {}
RESULT: {}
COMMAND: POST /session/f07c5c959d0d14348fa4bc6d2271ab1f/element - {"using":"xpath","value":"//input[@id=\"application-managesites-display-component---NewSite--siteId-inner\"]"}
RESULT: {"using":"xpath","value":"//input[@id=\"application-managesites-display-component---NewSite--siteId-inner\"]"}
COMMAND: POST /session/f07c5c959d0d14348fa4bc6d2271ab1f/element - {"using":"xpath","value":"//input[@id=\"application-managesites-display-component---NewSite--siteId-inner\"]"}
RESULT: {"using":"xpath","value":"//input[@id=\"application-managesites-display-component---NewSite--siteId-inner\"]"}
COMMAND: POST /session/f07c5c959d0d14348fa4bc6d2271ab1f/execute/async - {"script":"<script> [1562 bytes]","args":[{"selector":{"id":"application-managesites-display-component---NewSite--addressDetailDetailsName1","interaction":{"idSuffix":"inner"}},"wdio_ui5_key":"applicationmanagesites-display-component---NewSite--addressDetailDetailsName1"}]}
RESULT: {"script":"<script> [1562 bytes]","args":[{"selector":{"id":"application-managesites-display-component---NewSite--addressDetailDetailsName1","interaction":{"idSuffix":"inner"}},"wdio_ui5_key":"applicationmanagesites-display-component---NewSite--addressDetailDetailsName1"}]}
RESULT: undefined
COMMAND: POST /session/f07c5c959d0d14348fa4bc6d2271ab1f/execute/async - {"script":"<script> [776 bytes]","args":[{"enterText":"Intracompany Site wdIO","selector":{"id":"application-managesites-display-component---NewSite--addressDetailDetailsName1","interaction":{"idSuffix":"inner"}},"clearTextFirst":true,"interactionType":"ENTER_TEXT"}]}
RESULT: {"script":"<script> [776 bytes]","args":[{"enterText":"Intracompany Site wdIO","selector":{"id":"application-managesites-display-component---NewSite--addressDetailDetailsName1","interaction":{"idSuffix":"inner"}},"clearTextFirst":true,"interactionType":"ENTER_TEXT"}]}
COMMAND: POST /session/f07c5c959d0d14348fa4bc6d2271ab1f/execute/async - {"script":"<script> [1562 bytes]","args":[{"selector":{"id":"application-managesites-display-component---NewSite--addressDetailDetailsLanguage-arrow"},"wdio_ui5_key":"applicationmanagesites-display-component---NewSite--addressDetailDetailsLanguage-arrow"}]}
RESULT: {"script":"<script> [1562 bytes]","args":[{"selector":{"id":"application-managesites-display-component---NewSite--addressDetailDetailsLanguage-arrow"},"wdio_ui5_key":"applicationmanagesites-display-component---NewSite--addressDetailDetailsLanguage-arrow"}]}
RESULT: undefined
COMMAND: POST /session/f07c5c959d0d14348fa4bc6d2271ab1f/element - {"using":"xpath","value":"//*[@id=\"application-managesites-display-component---NewSite--addressDetailDetailsLanguage-arrow\"]"}
RESULT: {"using":"xpath","value":"//*[@id=\"application-managesites-display-component---NewSite--addressDetailDetailsLanguage-arrow\"]"}
COMMAND: POST /session/f07c5c959d0d14348fa4bc6d2271ab1f/element/f.02E6C5F2549FB1A482A4D12844538C67.d.D1C5EC031FF716555784535D28B5E464.e.1873/click - {}
RESULT: {}
COMMAND: POST /session/f07c5c959d0d14348fa4bc6d2271ab1f/element - {"using":"xpath","value":"//span[contains(text(), \"English\")]"}
COMMAND: GET /session/f07c5c959d0d14348fa4bc6d2271ab1f/screenshot - {}
RESULT: {"using":"xpath","value":"//span[contains(text(), \"English\")]"}
COMMAND: POST /session/f07c5c959d0d14348fa4bc6d2271ab1f/element/f.02E6C5F2549FB1A482A4D12844538C67.d.D1C5EC031FF716555784535D28B5E464.e.1874/click - {}
RESULT: {}
RESULT: {}
COMMAND: POST /session/f07c5c959d0d14348fa4bc6d2271ab1f/execute/async - {"script":"<script> [1562 bytes]","args":[{"selector":{"id":"application-managesites-display-component---NewSite--addressDetailDetailsCity1","interaction":{"idSuffix":"inner"}},"wdio_ui5_key":"applicationmanagesites-display-component---NewSite--addressDetailDetailsCity1"}]}
COMMAND: GET /session/f07c5c959d0d14348fa4bc6d2271ab1f/screenshot - {}
RESULT: {"script":"<script> [1562 bytes]","args":[{"selector":{"id":"application-managesites-display-component---NewSite--addressDetailDetailsCity1","interaction":{"idSuffix":"inner"}},"wdio_ui5_key":"applicationmanagesites-display-component---NewSite--addressDetailDetailsCity1"}]}
RESULT: undefined
COMMAND: POST /session/f07c5c959d0d14348fa4bc6d2271ab1f/execute/async - {"script":"<script> [776 bytes]","args":[{"enterText":"Rosario","selector":{"id":"application-managesites-display-component---NewSite--addressDetailDetailsCity1","interaction":{"idSuffix":"inner"}},"clearTextFirst":true,"interactionType":"ENTER_TEXT"}]}
RESULT: {}
RESULT: {"script":"<script> [776 bytes]","args":[{"enterText":"Rosario","selector":{"id":"application-managesites-display-component---NewSite--addressDetailDetailsCity1","interaction":{"idSuffix":"inner"}},"clearTextFirst":true,"interactionType":"ENTER_TEXT"}]}
COMMAND: POST /session/f07c5c959d0d14348fa4bc6d2271ab1f/execute/async - {"script":"<script> [1562 bytes]","args":[{"selector":{"id":"application-managesites-display-component---NewSite--addressDetailDetailsCountry-arrow"},"wdio_ui5_key":"applicationmanagesites-display-component---NewSite--addressDetailDetailsCountry-arrow"}]}
RESULT: {"script":"<script> [1562 bytes]","args":[{"selector":{"id":"application-managesites-display-component---NewSite--addressDetailDetailsCountry-arrow"},"wdio_ui5_key":"applicationmanagesites-display-component---NewSite--addressDetailDetailsCountry-arrow"}]}
RESULT: undefined
COMMAND: POST /session/f07c5c959d0d14348fa4bc6d2271ab1f/element - {"using":"xpath","value":"//*[@id=\"application-managesites-display-component---NewSite--addressDetailDetailsCountry-arrow\"]"}
RESULT: {"using":"xpath","value":"//*[@id=\"application-managesites-display-component---NewSite--addressDetailDetailsCountry-arrow\"]"}
COMMAND: POST /session/f07c5c959d0d14348fa4bc6d2271ab1f/element/f.02E6C5F2549FB1A482A4D12844538C67.d.D1C5EC031FF716555784535D28B5E464.e.1876/click - {}
RESULT: {}
COMMAND: POST /session/f07c5c959d0d14348fa4bc6d2271ab1f/element - {"using":"xpath","value":"//span[contains(text(), \"Argentina\")]"}
COMMAND: GET /session/f07c5c959d0d14348fa4bc6d2271ab1f/screenshot - {}
RESULT: {"using":"xpath","value":"//span[contains(text(), \"Argentina\")]"}
COMMAND: POST /session/f07c5c959d0d14348fa4bc6d2271ab1f/element/f.02E6C5F2549FB1A482A4D12844538C67.d.D1C5EC031FF716555784535D28B5E464.e.1877/click - {}
RESULT: {}
RESULT: {}
COMMAND: GET /session/f07c5c959d0d14348fa4bc6d2271ab1f/screenshot - {}
RESULT: {}
COMMAND: POST /session/f07c5c959d0d14348fa4bc6d2271ab1f/execute/async - {"script":"<script> [1562 bytes]","args":[{"selector":{"id":"application-managesites-display-component---NewSite--addressEditDetailsCostObjectCstType-arrow"},"wdio_ui5_key":"applicationmanagesites-display-component---NewSite--addressEditDetailsCostObjectCstType-arrow"}]}
RESULT: {"script":"<script> [1562 bytes]","args":[{"selector":{"id":"application-managesites-display-component---NewSite--addressEditDetailsCostObjectCstType-arrow"},"wdio_ui5_key":"applicationmanagesites-display-component---NewSite--addressEditDetailsCostObjectCstType-arrow"}]}
RESULT: undefined
COMMAND: POST /session/f07c5c959d0d14348fa4bc6d2271ab1f/element - {"using":"xpath","value":"//*[@id=\"application-managesites-display-component---NewSite--addressEditDetailsCostObjectCstType-arrow\"]"}
RESULT: {"using":"xpath","value":"//*[@id=\"application-managesites-display-component---NewSite--addressEditDetailsCostObjectCstType-arrow\"]"}
COMMAND: POST /session/f07c5c959d0d14348fa4bc6d2271ab1f/element/f.02E6C5F2549FB1A482A4D12844538C67.d.D1C5EC031FF716555784535D28B5E464.e.1880/click - {}
RESULT: {}
COMMAND: POST /session/f07c5c959d0d14348fa4bc6d2271ab1f/element - {"using":"xpath","value":"//span[contains(text(), \"Cost Center\")]"}
COMMAND: GET /session/f07c5c959d0d14348fa4bc6d2271ab1f/screenshot - {}
RESULT: {"using":"xpath","value":"//span[contains(text(), \"Cost Center\")]"}
COMMAND: POST /session/f07c5c959d0d14348fa4bc6d2271ab1f/element/f.02E6C5F2549FB1A482A4D12844538C67.d.D1C5EC031FF716555784535D28B5E464.e.1882/click - {}
RESULT: {}
RESULT: {}
COMMAND: GET /session/f07c5c959d0d14348fa4bc6d2271ab1f/screenshot - {}
RESULT: {}
COMMAND: POST /session/f07c5c959d0d14348fa4bc6d2271ab1f/element - {"using":"xpath","value":"//span[@id=\"application-managesites-display-component---NewSite--addressNewCostObjectCstID-vhi\"]"}
RESULT: {"using":"xpath","value":"//span[@id=\"application-managesites-display-component---NewSite--addressNewCostObjectCstID-vhi\"]"}
COMMAND: POST /session/f07c5c959d0d14348fa4bc6d2271ab1f/execute/sync - {"script":"<script> [8489 bytes]","args":[{"element-6066-11e4-a52e-4f735466cecf":"f.02E6C5F2549FB1A482A4D12844538C67.d.D1C5EC031FF716555784535D28B5E464.e.1886","ELEMENT":"f.02E6C5F2549FB1A482A4D12844538C67.d.D1C5EC031FF716555784535D28B5E464.e.1886"}]}
RESULT: {"script":"<script> [8489 bytes]","args":[{"element-6066-11e4-a52e-4f735466cecf":"f.02E6C5F2549FB1A482A4D12844538C67.d.D1C5EC031FF716555784535D28B5E464.e.1886","ELEMENT":"f.02E6C5F2549FB1A482A4D12844538C67.d.D1C5EC031FF716555784535D28B5E464.e.1886"}]}
COMMAND: POST /session/f07c5c959d0d14348fa4bc6d2271ab1f/execute/async - {"script":"<script> [1562 bytes]","args":[{"selector":{"id":"application-managesites-display-component---NewSite--addressNewCostObjectCstID-vhi"},"wdio_ui5_key":"applicationmanagesites-display-component---NewSite--addressNewCostObjectCstID-vhi"}]}
COMMAND: GET /session/f07c5c959d0d14348fa4bc6d2271ab1f/screenshot - {}
RESULT: {"script":"<script> [1562 bytes]","args":[{"selector":{"id":"application-managesites-display-component---NewSite--addressNewCostObjectCstID-vhi"},"wdio_ui5_key":"applicationmanagesites-display-component---NewSite--addressNewCostObjectCstID-vhi"}]}
RESULT: undefined
COMMAND: POST /session/f07c5c959d0d14348fa4bc6d2271ab1f/element - {"using":"xpath","value":"//*[@id=\"application-managesites-display-component---NewSite--addressNewCostObjectCstID-vhi\"]"}
RESULT: {}
RESULT: {"using":"xpath","value":"//*[@id=\"application-managesites-display-component---NewSite--addressNewCostObjectCstID-vhi\"]"}
COMMAND: POST /session/f07c5c959d0d14348fa4bc6d2271ab1f/element/f.02E6C5F2549FB1A482A4D12844538C67.d.D1C5EC031FF716555784535D28B5E464.e.1886/click - {}
RESULT: {}
COMMAND: GET /session/f07c5c959d0d14348fa4bc6d2271ab1f/screenshot - {}
RESULT: {}
RESULT: undefined
COMMAND: POST /session/f07c5c959d0d14348fa4bc6d2271ab1f/execute/async - {"script":"<script> [776 bytes]","args":[{"enterText":"10001013","selector":{"controlType":"sap.m.SearchField","properties":{"placeholder":"Search"},"searchOpenDialogs":true,"interaction":{"idSuffix":"I"}},"clearTextFirst":true,"interactionType":"ENTER_TEXT"}]}
RESULT: {"script":"<script> [776 bytes]","args":[{"enterText":"10001013","selector":{"controlType":"sap.m.SearchField","properties":{"placeholder":"Search"},"searchOpenDialogs":true,"interaction":{"idSuffix":"I"}},"clearTextFirst":true,"interactionType":"ENTER_TEXT"}]}
COMMAND: POST /session/f07c5c959d0d14348fa4bc6d2271ab1f/actions - {"actions":[{"id":"action6","type":"key","parameters":{},"actions":[{"type":"keyDown","value":"î€‡"},{"type":"pause","duration":10},{"type":"keyUp","value":"î€‡"}]}]}
RESULT: {"actions":[{"id":"action6","type":"key","parameters":{},"actions":[{"type":"keyDown","value":"î€‡"},{"type":"pause","duration":10},{"type":"keyUp","value":"î€‡"}]}]}
COMMAND: GET /session/f07c5c959d0d14348fa4bc6d2271ab1f/screenshot - {}
RESULT: {}
COMMAND: POST /session/f07c5c959d0d14348fa4bc6d2271ab1f/element - {"using":"xpath","value":"//span[contains(text(), \"General Management\")]"}
RESULT: {"using":"xpath","value":"//span[contains(text(), \"General Management\")]"}
COMMAND: POST /session/f07c5c959d0d14348fa4bc6d2271ab1f/element/f.02E6C5F2549FB1A482A4D12844538C67.d.D1C5EC031FF716555784535D28B5E464.e.1924/click - {}
RESULT: {}
COMMAND: GET /session/f07c5c959d0d14348fa4bc6d2271ab1f/screenshot - {}
RESULT: {}
COMMAND: POST /session/f07c5c959d0d14348fa4bc6d2271ab1f/element - {"using":"xpath","value":"//bdi[contains(text(), \"OK\")]"}
RESULT: {"using":"xpath","value":"//bdi[contains(text(), \"OK\")]"}
COMMAND: POST /session/f07c5c959d0d14348fa4bc6d2271ab1f/element/f.02E6C5F2549FB1A482A4D12844538C67.d.D1C5EC031FF716555784535D28B5E464.e.1925/click - {}
RESULT: {}
COMMAND: GET /session/f07c5c959d0d14348fa4bc6d2271ab1f/screenshot - {}
RESULT: {}
COMMAND: POST /session/f07c5c959d0d14348fa4bc6d2271ab1f/element - {"using":"xpath","value":"//input[@id=\"application-managesites-display-component---NewSite--addressDetailDetailsCalendar-inner\"]"}
RESULT: {"using":"xpath","value":"//input[@id=\"application-managesites-display-component---NewSite--addressDetailDetailsCalendar-inner\"]"}
COMMAND: POST /session/f07c5c959d0d14348fa4bc6d2271ab1f/element/f.02E6C5F2549FB1A482A4D12844538C67.d.D1C5EC031FF716555784535D28B5E464.e.1739/clear - {}
RESULT: {}
COMMAND: POST /session/f07c5c959d0d14348fa4bc6d2271ab1f/element/f.02E6C5F2549FB1A482A4D12844538C67.d.D1C5EC031FF716555784535D28B5E464.e.1739/value - {"text":"Unit"}
COMMAND: GET /session/f07c5c959d0d14348fa4bc6d2271ab1f/screenshot - {}
RESULT: {"text":"Unit"}
COMMAND: GET /session/f07c5c959d0d14348fa4bc6d2271ab1f/screenshot - {}
RESULT: {}
RESULT: {}
COMMAND: POST /session/f07c5c959d0d14348fa4bc6d2271ab1f/actions - {"actions":[{"id":"action7","type":"key","parameters":{},"actions":[{"type":"keyDown","value":"î€‡"},{"type":"pause","duration":10},{"type":"keyUp","value":"î€‡"}]}]}
RESULT: {"actions":[{"id":"action7","type":"key","parameters":{},"actions":[{"type":"keyDown","value":"î€‡"},{"type":"pause","duration":10},{"type":"keyUp","value":"î€‡"}]}]}
COMMAND: POST /session/f07c5c959d0d14348fa4bc6d2271ab1f/element - {"using":"xpath","value":"//input[@id=\"application-managesites-display-component---NewSite--addressDetailDetailsYard-inner\"]"}
COMMAND: GET /session/f07c5c959d0d14348fa4bc6d2271ab1f/screenshot - {}
RESULT: {"using":"xpath","value":"//input[@id=\"application-managesites-display-component---NewSite--addressDetailDetailsYard-inner\"]"}
COMMAND: POST /session/f07c5c959d0d14348fa4bc6d2271ab1f/element/f.02E6C5F2549FB1A482A4D12844538C67.d.D1C5EC031FF716555784535D28B5E464.e.1740/clear - {}
RESULT: {}
RESULT: {}
COMMAND: POST /session/f07c5c959d0d14348fa4bc6d2271ab1f/element/f.02E6C5F2549FB1A482A4D12844538C67.d.D1C5EC031FF716555784535D28B5E464.e.1740/value - {"text":"185"}
COMMAND: GET /session/f07c5c959d0d14348fa4bc6d2271ab1f/screenshot - {}
RESULT: {"text":"185"}
COMMAND: GET /session/f07c5c959d0d14348fa4bc6d2271ab1f/screenshot - {}
RESULT: {}
RESULT: {}
COMMAND: POST /session/f07c5c959d0d14348fa4bc6d2271ab1f/element - {"using":"xpath","value":"//li[.//span[text()='185']]"}
RESULT: {"using":"xpath","value":"//li[.//span[text()='185']]"}
COMMAND: POST /session/f07c5c959d0d14348fa4bc6d2271ab1f/element/f.02E6C5F2549FB1A482A4D12844538C67.d.D1C5EC031FF716555784535D28B5E464.e.1933/click - {}
RESULT: {}
COMMAND: GET /session/f07c5c959d0d14348fa4bc6d2271ab1f/screenshot - {}
RESULT: {}
COMMAND: POST /session/f07c5c959d0d14348fa4bc6d2271ab1f/element - {"using":"xpath","value":"//input[@id=\"application-managesites-display-component---NewSite--addressDetailDetailsPartner-inner\"]"}
RESULT: {"using":"xpath","value":"//input[@id=\"application-managesites-display-component---NewSite--addressDetailDetailsPartner-inner\"]"}
COMMAND: POST /session/f07c5c959d0d14348fa4bc6d2271ab1f/element - {"using":"xpath","value":"//input[@id=\"application-managesites-display-component---NewSite--addressDetailDetailsPartner-inner\"]"}
RESULT: {"using":"xpath","value":"//input[@id=\"application-managesites-display-component---NewSite--addressDetailDetailsPartner-inner\"]"}
COMMAND: POST /session/f07c5c959d0d14348fa4bc6d2271ab1f/element - {"using":"xpath","value":"//button[@data-kt=\"saveButton\"]"}
RESULT: {"using":"xpath","value":"//button[@data-kt=\"saveButton\"]"}
COMMAND: POST /session/f07c5c959d0d14348fa4bc6d2271ab1f/element/f.02E6C5F2549FB1A482A4D12844538C67.d.D1C5EC031FF716555784535D28B5E464.e.1805/click - {}
RESULT: {}
COMMAND: GET /session/f07c5c959d0d14348fa4bc6d2271ab1f/screenshot - {}
RESULT: {}
COMMAND: POST /session/f07c5c959d0d14348fa4bc6d2271ab1f/element - {"using":"xpath","value":"//header[contains(@id, 'ObjectPageLayout-headerTitle')]/div[1]/div[2]/div[2]/span[1]"}
RESULT: {"using":"xpath","value":"//header[contains(@id, 'ObjectPageLayout-headerTitle')]/div[1]/div[2]/div[2]/span[1]"}
COMMAND: POST /session/f07c5c959d0d14348fa4bc6d2271ab1f/elements - {"using":"xpath","value":"//header[contains(@id, 'ObjectPageLayout-headerTitle')]/div[1]/div[2]/div[2]/span[1]"}
RESULT: {"using":"xpath","value":"//header[contains(@id, 'ObjectPageLayout-headerTitle')]/div[1]/div[2]/div[2]/span[1]"}
COMMAND: POST /session/f07c5c959d0d14348fa4bc6d2271ab1f/execute/sync - {"script":"<script> [56 bytes]","args":[{"element-6066-11e4-a52e-4f735466cecf":"f.02E6C5F2549FB1A482A4D12844538C67.d.D1C5EC031FF716555784535D28B5E464.e.2075","ELEMENT":"f.02E6C5F2549FB1A482A4D12844538C67.d.D1C5EC031FF716555784535D28B5E464.e.2075"}]}
RESULT: {"script":"<script> [56 bytes]","args":[{"element-6066-11e4-a52e-4f735466cecf":"f.02E6C5F2549FB1A482A4D12844538C67.d.D1C5EC031FF716555784535D28B5E464.e.2075","ELEMENT":"f.02E6C5F2549FB1A482A4D12844538C67.d.D1C5EC031FF716555784535D28B5E464.e.2075"}]}
COMMAND: POST /session/f07c5c959d0d14348fa4bc6d2271ab1f/element - {"using":"css selector","value":"#shell-header-logo"}
COMMAND: GET /session/f07c5c959d0d14348fa4bc6d2271ab1f/screenshot - {}
RESULT: {"using":"css selector","value":"#shell-header-logo"}
COMMAND: POST /session/f07c5c959d0d14348fa4bc6d2271ab1f/element/f.02E6C5F2549FB1A482A4D12844538C67.d.D1C5EC031FF716555784535D28B5E464.e.1553/click - {}
RESULT: {}
RESULT: {}
COMMAND: GET /session/f07c5c959d0d14348fa4bc6d2271ab1f/screenshot - {}
RESULT: {}
COMMAND: POST /session/f07c5c959d0d14348fa4bc6d2271ab1f/execute/sync - {"script":"<script> [299 bytes]","args":[["getModel","getResource"]]}
RESULT: {"script":"<script> [299 bytes]","args":[["getModel","getResource"]]}
]]></system-out>
    </testcase>
    <testcase classname="chrome.136_0_7103_49.windows.Prerequisites_&amp;_test_for_yard_mass_return_on_Yard_Overview_US131057" name="Prereq Should create a new material" time="112.804">
      <system-out><![CDATA[
COMMAND: POST /session/f07c5c959d0d14348fa4bc6d2271ab1f/execute/async - {"script":"<script> [1562 bytes]","args":[{"selector":{"controlType":"sap.m.GenericTile","properties":{"header":"Manage Resources"}},"wdio_ui5_key":"sapm.GenericTile{\"header\":\"Manage Resources\"}"}]}
COMMAND: GET /session/f07c5c959d0d14348fa4bc6d2271ab1f/screenshot - {}
RESULT: {"script":"<script> [1562 bytes]","args":[{"selector":{"controlType":"sap.m.GenericTile","properties":{"header":"Manage Resources"}},"wdio_ui5_key":"sapm.GenericTile{\"header\":\"Manage Resources\"}"}]}
RESULT: undefined
COMMAND: POST /session/f07c5c959d0d14348fa4bc6d2271ab1f/element - {"using":"xpath","value":"//*[@id=\"__tile39\"]"}
RESULT: {}
RESULT: {"using":"xpath","value":"//*[@id=\"__tile39\"]"}
COMMAND: POST /session/f07c5c959d0d14348fa4bc6d2271ab1f/element/f.02E6C5F2549FB1A482A4D12844538C67.d.D1C5EC031FF716555784535D28B5E464.e.158/click - {}
RESULT: {}
COMMAND: POST /session/f07c5c959d0d14348fa4bc6d2271ab1f/element - {"using":"xpath","value":"//button[@data-kt=\"addNewRUOverflowToolbarButton\"]"}
COMMAND: GET /session/f07c5c959d0d14348fa4bc6d2271ab1f/screenshot - {}
RESULT: {"using":"xpath","value":"//button[@data-kt=\"addNewRUOverflowToolbarButton\"]"}
COMMAND: POST /session/f07c5c959d0d14348fa4bc6d2271ab1f/elements - {"using":"xpath","value":"//button[@data-kt=\"addNewRUOverflowToolbarButton\"]"}
RESULT: {}
RESULT: {"using":"xpath","value":"//button[@data-kt=\"addNewRUOverflowToolbarButton\"]"}
COMMAND: POST /session/f07c5c959d0d14348fa4bc6d2271ab1f/elements - {"using":"xpath","value":"//button[@data-kt=\"addNewRUOverflowToolbarButton\"]"}
RESULT: {"using":"xpath","value":"//button[@data-kt=\"addNewRUOverflowToolbarButton\"]"}
COMMAND: POST /session/f07c5c959d0d14348fa4bc6d2271ab1f/elements - {"using":"xpath","value":"//button[@data-kt=\"addNewRUOverflowToolbarButton\"]"}
RESULT: {"using":"xpath","value":"//button[@data-kt=\"addNewRUOverflowToolbarButton\"]"}
COMMAND: POST /session/f07c5c959d0d14348fa4bc6d2271ab1f/elements - {"using":"xpath","value":"//button[@data-kt=\"addNewRUOverflowToolbarButton\"]"}
RESULT: {"using":"xpath","value":"//button[@data-kt=\"addNewRUOverflowToolbarButton\"]"}
COMMAND: POST /session/f07c5c959d0d14348fa4bc6d2271ab1f/elements - {"using":"xpath","value":"//button[@data-kt=\"addNewRUOverflowToolbarButton\"]"}
RESULT: {"using":"xpath","value":"//button[@data-kt=\"addNewRUOverflowToolbarButton\"]"}
COMMAND: POST /session/f07c5c959d0d14348fa4bc6d2271ab1f/elements - {"using":"xpath","value":"//button[@data-kt=\"addNewRUOverflowToolbarButton\"]"}
RESULT: {"using":"xpath","value":"//button[@data-kt=\"addNewRUOverflowToolbarButton\"]"}
COMMAND: POST /session/f07c5c959d0d14348fa4bc6d2271ab1f/elements - {"using":"xpath","value":"//button[@data-kt=\"addNewRUOverflowToolbarButton\"]"}
RESULT: {"using":"xpath","value":"//button[@data-kt=\"addNewRUOverflowToolbarButton\"]"}
COMMAND: POST /session/f07c5c959d0d14348fa4bc6d2271ab1f/elements - {"using":"xpath","value":"//button[@data-kt=\"addNewRUOverflowToolbarButton\"]"}
RESULT: {"using":"xpath","value":"//button[@data-kt=\"addNewRUOverflowToolbarButton\"]"}
COMMAND: POST /session/f07c5c959d0d14348fa4bc6d2271ab1f/elements - {"using":"xpath","value":"//button[@data-kt=\"addNewRUOverflowToolbarButton\"]"}
RESULT: {"using":"xpath","value":"//button[@data-kt=\"addNewRUOverflowToolbarButton\"]"}
COMMAND: POST /session/f07c5c959d0d14348fa4bc6d2271ab1f/elements - {"using":"xpath","value":"//button[@data-kt=\"addNewRUOverflowToolbarButton\"]"}
RESULT: {"using":"xpath","value":"//button[@data-kt=\"addNewRUOverflowToolbarButton\"]"}
COMMAND: POST /session/f07c5c959d0d14348fa4bc6d2271ab1f/elements - {"using":"xpath","value":"//button[@data-kt=\"addNewRUOverflowToolbarButton\"]"}
RESULT: {"using":"xpath","value":"//button[@data-kt=\"addNewRUOverflowToolbarButton\"]"}
COMMAND: POST /session/f07c5c959d0d14348fa4bc6d2271ab1f/elements - {"using":"xpath","value":"//button[@data-kt=\"addNewRUOverflowToolbarButton\"]"}
RESULT: {"using":"xpath","value":"//button[@data-kt=\"addNewRUOverflowToolbarButton\"]"}
COMMAND: POST /session/f07c5c959d0d14348fa4bc6d2271ab1f/elements - {"using":"xpath","value":"//button[@data-kt=\"addNewRUOverflowToolbarButton\"]"}
RESULT: {"using":"xpath","value":"//button[@data-kt=\"addNewRUOverflowToolbarButton\"]"}
COMMAND: POST /session/f07c5c959d0d14348fa4bc6d2271ab1f/elements - {"using":"xpath","value":"//button[@data-kt=\"addNewRUOverflowToolbarButton\"]"}
RESULT: {"using":"xpath","value":"//button[@data-kt=\"addNewRUOverflowToolbarButton\"]"}
COMMAND: POST /session/f07c5c959d0d14348fa4bc6d2271ab1f/elements - {"using":"xpath","value":"//button[@data-kt=\"addNewRUOverflowToolbarButton\"]"}
RESULT: {"using":"xpath","value":"//button[@data-kt=\"addNewRUOverflowToolbarButton\"]"}
COMMAND: POST /session/f07c5c959d0d14348fa4bc6d2271ab1f/elements - {"using":"xpath","value":"//button[@data-kt=\"addNewRUOverflowToolbarButton\"]"}
RESULT: {"using":"xpath","value":"//button[@data-kt=\"addNewRUOverflowToolbarButton\"]"}
COMMAND: POST /session/f07c5c959d0d14348fa4bc6d2271ab1f/elements - {"using":"xpath","value":"//button[@data-kt=\"addNewRUOverflowToolbarButton\"]"}
RESULT: {"using":"xpath","value":"//button[@data-kt=\"addNewRUOverflowToolbarButton\"]"}
COMMAND: POST /session/f07c5c959d0d14348fa4bc6d2271ab1f/elements - {"using":"xpath","value":"//button[@data-kt=\"addNewRUOverflowToolbarButton\"]"}
RESULT: {"using":"xpath","value":"//button[@data-kt=\"addNewRUOverflowToolbarButton\"]"}
COMMAND: POST /session/f07c5c959d0d14348fa4bc6d2271ab1f/elements - {"using":"xpath","value":"//button[@data-kt=\"addNewRUOverflowToolbarButton\"]"}
RESULT: {"using":"xpath","value":"//button[@data-kt=\"addNewRUOverflowToolbarButton\"]"}
COMMAND: POST /session/f07c5c959d0d14348fa4bc6d2271ab1f/elements - {"using":"xpath","value":"//button[@data-kt=\"addNewRUOverflowToolbarButton\"]"}
RESULT: {"using":"xpath","value":"//button[@data-kt=\"addNewRUOverflowToolbarButton\"]"}
COMMAND: POST /session/f07c5c959d0d14348fa4bc6d2271ab1f/elements - {"using":"xpath","value":"//button[@data-kt=\"addNewRUOverflowToolbarButton\"]"}
RESULT: {"using":"xpath","value":"//button[@data-kt=\"addNewRUOverflowToolbarButton\"]"}
COMMAND: POST /session/f07c5c959d0d14348fa4bc6d2271ab1f/elements - {"using":"xpath","value":"//button[@data-kt=\"addNewRUOverflowToolbarButton\"]"}
RESULT: {"using":"xpath","value":"//button[@data-kt=\"addNewRUOverflowToolbarButton\"]"}
COMMAND: POST /session/f07c5c959d0d14348fa4bc6d2271ab1f/elements - {"using":"xpath","value":"//button[@data-kt=\"addNewRUOverflowToolbarButton\"]"}
RESULT: {"using":"xpath","value":"//button[@data-kt=\"addNewRUOverflowToolbarButton\"]"}
COMMAND: POST /session/f07c5c959d0d14348fa4bc6d2271ab1f/elements - {"using":"xpath","value":"//button[@data-kt=\"addNewRUOverflowToolbarButton\"]"}
RESULT: {"using":"xpath","value":"//button[@data-kt=\"addNewRUOverflowToolbarButton\"]"}
COMMAND: POST /session/f07c5c959d0d14348fa4bc6d2271ab1f/element - {"using":"xpath","value":"//button[@data-kt=\"addNewRUOverflowToolbarButton\"]"}
RESULT: {"using":"xpath","value":"//button[@data-kt=\"addNewRUOverflowToolbarButton\"]"}
COMMAND: POST /session/f07c5c959d0d14348fa4bc6d2271ab1f/execute/sync - {"script":"<script> [8489 bytes]","args":[{"element-6066-11e4-a52e-4f735466cecf":"f.02E6C5F2549FB1A482A4D12844538C67.d.D1C5EC031FF716555784535D28B5E464.e.2106","ELEMENT":"f.02E6C5F2549FB1A482A4D12844538C67.d.D1C5EC031FF716555784535D28B5E464.e.2106"}]}
RESULT: {"script":"<script> [8489 bytes]","args":[{"element-6066-11e4-a52e-4f735466cecf":"f.02E6C5F2549FB1A482A4D12844538C67.d.D1C5EC031FF716555784535D28B5E464.e.2106","ELEMENT":"f.02E6C5F2549FB1A482A4D12844538C67.d.D1C5EC031FF716555784535D28B5E464.e.2106"}]}
COMMAND: GET /session/f07c5c959d0d14348fa4bc6d2271ab1f/element/f.02E6C5F2549FB1A482A4D12844538C67.d.D1C5EC031FF716555784535D28B5E464.e.2106/enabled - {}
COMMAND: GET /session/f07c5c959d0d14348fa4bc6d2271ab1f/screenshot - {}
RESULT: {}
COMMAND: POST /session/f07c5c959d0d14348fa4bc6d2271ab1f/execute/sync - {"script":"<script> [8489 bytes]","args":[{"element-6066-11e4-a52e-4f735466cecf":"f.02E6C5F2549FB1A482A4D12844538C67.d.D1C5EC031FF716555784535D28B5E464.e.2106","ELEMENT":"f.02E6C5F2549FB1A482A4D12844538C67.d.D1C5EC031FF716555784535D28B5E464.e.2106"}]}
COMMAND: GET /session/f07c5c959d0d14348fa4bc6d2271ab1f/screenshot - {}
RESULT: {}
RESULT: {"script":"<script> [8489 bytes]","args":[{"element-6066-11e4-a52e-4f735466cecf":"f.02E6C5F2549FB1A482A4D12844538C67.d.D1C5EC031FF716555784535D28B5E464.e.2106","ELEMENT":"f.02E6C5F2549FB1A482A4D12844538C67.d.D1C5EC031FF716555784535D28B5E464.e.2106"}]}
COMMAND: POST /session/f07c5c959d0d14348fa4bc6d2271ab1f/execute/sync - {"script":"<script> [5351 bytes]","args":[{"element-6066-11e4-a52e-4f735466cecf":"f.02E6C5F2549FB1A482A4D12844538C67.d.D1C5EC031FF716555784535D28B5E464.e.2106","ELEMENT":"f.02E6C5F2549FB1A482A4D12844538C67.d.D1C5EC031FF716555784535D28B5E464.e.2106"}]}
COMMAND: GET /session/f07c5c959d0d14348fa4bc6d2271ab1f/screenshot - {}
RESULT: {}
RESULT: {"script":"<script> [5351 bytes]","args":[{"element-6066-11e4-a52e-4f735466cecf":"f.02E6C5F2549FB1A482A4D12844538C67.d.D1C5EC031FF716555784535D28B5E464.e.2106","ELEMENT":"f.02E6C5F2549FB1A482A4D12844538C67.d.D1C5EC031FF716555784535D28B5E464.e.2106"}]}
COMMAND: POST /session/f07c5c959d0d14348fa4bc6d2271ab1f/element/f.02E6C5F2549FB1A482A4D12844538C67.d.D1C5EC031FF716555784535D28B5E464.e.2106/click - {}
COMMAND: GET /session/f07c5c959d0d14348fa4bc6d2271ab1f/screenshot - {}
RESULT: {}
RESULT: {}
COMMAND: GET /session/f07c5c959d0d14348fa4bc6d2271ab1f/screenshot - {}
COMMAND: POST /session/f07c5c959d0d14348fa4bc6d2271ab1f/execute/async - {"script":"<script> [1562 bytes]","args":[{"selector":{"id":"application-manageresources-display-component---newResourceUnit--TYPE-arrow"},"wdio_ui5_key":"applicationmanageresources-display-component---newResourceUnit--TYPE-arrow"}]}
RESULT: {}
RESULT: {}
RESULT: {"script":"<script> [1562 bytes]","args":[{"selector":{"id":"application-manageresources-display-component---newResourceUnit--TYPE-arrow"},"wdio_ui5_key":"applicationmanageresources-display-component---newResourceUnit--TYPE-arrow"}]}
RESULT: undefined
COMMAND: POST /session/f07c5c959d0d14348fa4bc6d2271ab1f/element - {"using":"xpath","value":"//*[@id=\"application-manageresources-display-component---newResourceUnit--TYPE-arrow\"]"}
RESULT: {"using":"xpath","value":"//*[@id=\"application-manageresources-display-component---newResourceUnit--TYPE-arrow\"]"}
COMMAND: POST /session/f07c5c959d0d14348fa4bc6d2271ab1f/element/f.02E6C5F2549FB1A482A4D12844538C67.d.D1C5EC031FF716555784535D28B5E464.e.2274/click - {}
RESULT: {}
COMMAND: POST /session/f07c5c959d0d14348fa4bc6d2271ab1f/element - {"using":"xpath","value":"//input[@id=\"application-manageresources-display-component---newResourceUnit--TYPE-inner\"]"}
COMMAND: GET /session/f07c5c959d0d14348fa4bc6d2271ab1f/screenshot - {}
RESULT: {"using":"xpath","value":"//input[@id=\"application-manageresources-display-component---newResourceUnit--TYPE-inner\"]"}
COMMAND: POST /session/f07c5c959d0d14348fa4bc6d2271ab1f/element/f.02E6C5F2549FB1A482A4D12844538C67.d.D1C5EC031FF716555784535D28B5E464.e.2161/clear - {}
RESULT: {}
RESULT: {}
COMMAND: POST /session/f07c5c959d0d14348fa4bc6d2271ab1f/element/f.02E6C5F2549FB1A482A4D12844538C67.d.D1C5EC031FF716555784535D28B5E464.e.2161/value - {"text":"Material"}
COMMAND: GET /session/f07c5c959d0d14348fa4bc6d2271ab1f/screenshot - {}
RESULT: {"text":"Material"}
COMMAND: GET /session/f07c5c959d0d14348fa4bc6d2271ab1f/screenshot - {}
RESULT: {}
RESULT: {}
COMMAND: POST /session/f07c5c959d0d14348fa4bc6d2271ab1f/actions - {"actions":[{"id":"action8","type":"key","parameters":{},"actions":[{"type":"keyDown","value":"î€‡"},{"type":"pause","duration":10},{"type":"keyUp","value":"î€‡"}]}]}
RESULT: {"actions":[{"id":"action8","type":"key","parameters":{},"actions":[{"type":"keyDown","value":"î€‡"},{"type":"pause","duration":10},{"type":"keyUp","value":"î€‡"}]}]}
COMMAND: POST /session/f07c5c959d0d14348fa4bc6d2271ab1f/execute/async - {"script":"<script> [1562 bytes]","args":[{"selector":{"id":"application-manageresources-display-component---newResourceUnit--SHORT_TEXT","interaction":{"idSuffix":"inner"}},"wdio_ui5_key":"applicationmanageresources-display-component---newResourceUnit--SHORT_TEXT"}]}
COMMAND: GET /session/f07c5c959d0d14348fa4bc6d2271ab1f/screenshot - {}
RESULT: {"script":"<script> [1562 bytes]","args":[{"selector":{"id":"application-manageresources-display-component---newResourceUnit--SHORT_TEXT","interaction":{"idSuffix":"inner"}},"wdio_ui5_key":"applicationmanageresources-display-component---newResourceUnit--SHORT_TEXT"}]}
RESULT: undefined
COMMAND: POST /session/f07c5c959d0d14348fa4bc6d2271ab1f/execute/async - {"script":"<script> [776 bytes]","args":[{"enterText":"Cement WDIO","selector":{"id":"application-manageresources-display-component---newResourceUnit--SHORT_TEXT","interaction":{"idSuffix":"inner"}},"clearTextFirst":true,"interactionType":"ENTER_TEXT"}]}
RESULT: {}
RESULT: {"script":"<script> [776 bytes]","args":[{"enterText":"Cement WDIO","selector":{"id":"application-manageresources-display-component---newResourceUnit--SHORT_TEXT","interaction":{"idSuffix":"inner"}},"clearTextFirst":true,"interactionType":"ENTER_TEXT"}]}
COMMAND: POST /session/f07c5c959d0d14348fa4bc6d2271ab1f/execute/async - {"script":"<script> [1562 bytes]","args":[{"selector":{"id":"application-manageresources-display-component---newResourceUnit--BASE_UNIT_OF_MEASURE","interaction":{"idSuffix":"inner"}},"wdio_ui5_key":"applicationmanageresources-display-component---newResourceUnit--BASE_UNIT_OF_MEASURE"}]}
RESULT: {"script":"<script> [1562 bytes]","args":[{"selector":{"id":"application-manageresources-display-component---newResourceUnit--BASE_UNIT_OF_MEASURE","interaction":{"idSuffix":"inner"}},"wdio_ui5_key":"applicationmanageresources-display-component---newResourceUnit--BASE_UNIT_OF_MEASURE"}]}
RESULT: undefined
COMMAND: POST /session/f07c5c959d0d14348fa4bc6d2271ab1f/execute/async - {"script":"<script> [776 bytes]","args":[{"enterText":"Piece","selector":{"id":"application-manageresources-display-component---newResourceUnit--BASE_UNIT_OF_MEASURE","interaction":{"idSuffix":"inner"}},"clearTextFirst":true,"interactionType":"ENTER_TEXT"}]}
RESULT: {"script":"<script> [776 bytes]","args":[{"enterText":"Piece","selector":{"id":"application-manageresources-display-component---newResourceUnit--BASE_UNIT_OF_MEASURE","interaction":{"idSuffix":"inner"}},"clearTextFirst":true,"interactionType":"ENTER_TEXT"}]}
COMMAND: POST /session/f07c5c959d0d14348fa4bc6d2271ab1f/execute/async - {"script":"<script> [1562 bytes]","args":[{"selector":{"id":"application-manageresources-display-component---newResourceUnit--WEIGHT_UNIT","interaction":{"idSuffix":"inner"}},"wdio_ui5_key":"applicationmanageresources-display-component---newResourceUnit--WEIGHT_UNIT"}]}
RESULT: {"script":"<script> [1562 bytes]","args":[{"selector":{"id":"application-manageresources-display-component---newResourceUnit--WEIGHT_UNIT","interaction":{"idSuffix":"inner"}},"wdio_ui5_key":"applicationmanageresources-display-component---newResourceUnit--WEIGHT_UNIT"}]}
RESULT: undefined
COMMAND: POST /session/f07c5c959d0d14348fa4bc6d2271ab1f/execute/async - {"script":"<script> [776 bytes]","args":[{"enterText":"Gram","selector":{"id":"application-manageresources-display-component---newResourceUnit--WEIGHT_UNIT","interaction":{"idSuffix":"inner"}},"clearTextFirst":true,"interactionType":"ENTER_TEXT"}]}
RESULT: {"script":"<script> [776 bytes]","args":[{"enterText":"Gram","selector":{"id":"application-manageresources-display-component---newResourceUnit--WEIGHT_UNIT","interaction":{"idSuffix":"inner"}},"clearTextFirst":true,"interactionType":"ENTER_TEXT"}]}
COMMAND: POST /session/f07c5c959d0d14348fa4bc6d2271ab1f/execute/async - {"script":"<script> [1562 bytes]","args":[{"selector":{"id":"application-manageresources-display-component---newResourceUnit--DIMENSION_UNIT","interaction":{"idSuffix":"inner"}},"wdio_ui5_key":"applicationmanageresources-display-component---newResourceUnit--DIMENSION_UNIT"}]}
RESULT: {"script":"<script> [1562 bytes]","args":[{"selector":{"id":"application-manageresources-display-component---newResourceUnit--DIMENSION_UNIT","interaction":{"idSuffix":"inner"}},"wdio_ui5_key":"applicationmanageresources-display-component---newResourceUnit--DIMENSION_UNIT"}]}
RESULT: undefined
COMMAND: POST /session/f07c5c959d0d14348fa4bc6d2271ab1f/execute/async - {"script":"<script> [776 bytes]","args":[{"enterText":"Meter","selector":{"id":"application-manageresources-display-component---newResourceUnit--DIMENSION_UNIT","interaction":{"idSuffix":"inner"}},"clearTextFirst":true,"interactionType":"ENTER_TEXT"}]}
RESULT: {"script":"<script> [776 bytes]","args":[{"enterText":"Meter","selector":{"id":"application-manageresources-display-component---newResourceUnit--DIMENSION_UNIT","interaction":{"idSuffix":"inner"}},"clearTextFirst":true,"interactionType":"ENTER_TEXT"}]}
COMMAND: POST /session/f07c5c959d0d14348fa4bc6d2271ab1f/execute/async - {"script":"<script> [1562 bytes]","args":[{"selector":{"id":"application-manageresources-display-component---newResourceUnit--newRRUPage-anchBar-application-manageresources-display-component---newResourceUnit--control-anchor","interaction":{"idSuffix":"BDI-content"}},"wdio_ui5_key":"applicationmanageresources-display-component---newResourceUnit--newRRUPage-anchBar-application-manageresources-display-component---newResourceUnit--control-anchor"}]}
RESULT: {"script":"<script> [1562 bytes]","args":[{"selector":{"id":"application-manageresources-display-component---newResourceUnit--newRRUPage-anchBar-application-manageresources-display-component---newResourceUnit--control-anchor","interaction":{"idSuffix":"BDI-content"}},"wdio_ui5_key":"applicationmanageresources-display-component---newResourceUnit--newRRUPage-anchBar-application-manageresources-display-component---newResourceUnit--control-anchor"}]}
RESULT: undefined
COMMAND: POST /session/f07c5c959d0d14348fa4bc6d2271ab1f/element - {"using":"xpath","value":"//*[@id=\"application-manageresources-display-component---newResourceUnit--newRRUPage-anchBar-application-manageresources-display-component---newResourceUnit--control-anchor\"]"}
RESULT: {"using":"xpath","value":"//*[@id=\"application-manageresources-display-component---newResourceUnit--newRRUPage-anchBar-application-manageresources-display-component---newResourceUnit--control-anchor\"]"}
COMMAND: POST /session/f07c5c959d0d14348fa4bc6d2271ab1f/element/f.02E6C5F2549FB1A482A4D12844538C67.d.D1C5EC031FF716555784535D28B5E464.e.2339/click - {}
RESULT: {}
COMMAND: POST /session/f07c5c959d0d14348fa4bc6d2271ab1f/execute/async - {"script":"<script> [1562 bytes]","args":[{"selector":{"id":"application-manageresources-display-component---newResourceUnit--PLANNING_GROUP","interaction":{"idSuffix":"inner"}},"wdio_ui5_key":"applicationmanageresources-display-component---newResourceUnit--PLANNING_GROUP"}]}
COMMAND: GET /session/f07c5c959d0d14348fa4bc6d2271ab1f/screenshot - {}
RESULT: {"script":"<script> [1562 bytes]","args":[{"selector":{"id":"application-manageresources-display-component---newResourceUnit--PLANNING_GROUP","interaction":{"idSuffix":"inner"}},"wdio_ui5_key":"applicationmanageresources-display-component---newResourceUnit--PLANNING_GROUP"}]}
RESULT: undefined
COMMAND: POST /session/f07c5c959d0d14348fa4bc6d2271ab1f/execute/async - {"script":"<script> [776 bytes]","args":[{"enterText":"Material","selector":{"id":"application-manageresources-display-component---newResourceUnit--PLANNING_GROUP","interaction":{"idSuffix":"inner"}},"clearTextFirst":true,"interactionType":"ENTER_TEXT"}]}
RESULT: {}
RESULT: {"script":"<script> [776 bytes]","args":[{"enterText":"Material","selector":{"id":"application-manageresources-display-component---newResourceUnit--PLANNING_GROUP","interaction":{"idSuffix":"inner"}},"clearTextFirst":true,"interactionType":"ENTER_TEXT"}]}
COMMAND: POST /session/f07c5c959d0d14348fa4bc6d2271ab1f/execute/async - {"script":"<script> [1562 bytes]","args":[{"selector":{"id":"application-manageresources-display-component---newResourceUnit--PLANNING_INDICATOR","interaction":{"idSuffix":"inner"}},"wdio_ui5_key":"applicationmanageresources-display-component---newResourceUnit--PLANNING_INDICATOR"}]}
RESULT: {"script":"<script> [1562 bytes]","args":[{"selector":{"id":"application-manageresources-display-component---newResourceUnit--PLANNING_INDICATOR","interaction":{"idSuffix":"inner"}},"wdio_ui5_key":"applicationmanageresources-display-component---newResourceUnit--PLANNING_INDICATOR"}]}
RESULT: undefined
COMMAND: POST /session/f07c5c959d0d14348fa4bc6d2271ab1f/execute/async - {"script":"<script> [776 bytes]","args":[{"enterText":"10 - infinite","selector":{"id":"application-manageresources-display-component---newResourceUnit--PLANNING_INDICATOR","interaction":{"idSuffix":"inner"}},"clearTextFirst":true,"interactionType":"ENTER_TEXT"}]}
RESULT: {"script":"<script> [776 bytes]","args":[{"enterText":"10 - infinite","selector":{"id":"application-manageresources-display-component---newResourceUnit--PLANNING_INDICATOR","interaction":{"idSuffix":"inner"}},"clearTextFirst":true,"interactionType":"ENTER_TEXT"}]}
COMMAND: POST /session/f07c5c959d0d14348fa4bc6d2271ab1f/element - {"using":"css selector","value":"#application-manageresources-display-component---newResourceUnit--btnAddTimeSegment"}
RESULT: {"using":"css selector","value":"#application-manageresources-display-component---newResourceUnit--btnAddTimeSegment"}
COMMAND: GET /session/f07c5c959d0d14348fa4bc6d2271ab1f/element/f.02E6C5F2549FB1A482A4D12844538C67.d.D1C5EC031FF716555784535D28B5E464.e.2348/rect - {}
RESULT: {}
COMMAND: GET /session/f07c5c959d0d14348fa4bc6d2271ab1f/window/rect - {}
RESULT: {}
COMMAND: POST /session/f07c5c959d0d14348fa4bc6d2271ab1f/execute/sync - {"script":"<script> [92 bytes]","args":[]}
RESULT: {"script":"<script> [92 bytes]","args":[]}
COMMAND: POST /session/f07c5c959d0d14348fa4bc6d2271ab1f/actions - {"actions":[{"id":"action9","type":"wheel","parameters":{},"actions":[{"type":"scroll","x":-1888,"y":-32,"deltaX":0,"deltaY":0,"duration":0,"origin":{"element-6066-11e4-a52e-4f735466cecf":"f.02E6C5F2549FB1A482A4D12844538C67.d.D1C5EC031FF716555784535D28B5E464.e.2348"}}]}]}
COMMAND: GET /session/f07c5c959d0d14348fa4bc6d2271ab1f/screenshot - {}
RESULT: {}
COMMAND: POST /session/f07c5c959d0d14348fa4bc6d2271ab1f/execute/sync - {"script":"<script> [79 bytes]","args":[{"element-6066-11e4-a52e-4f735466cecf":"f.02E6C5F2549FB1A482A4D12844538C67.d.D1C5EC031FF716555784535D28B5E464.e.2348","ELEMENT":"f.02E6C5F2549FB1A482A4D12844538C67.d.D1C5EC031FF716555784535D28B5E464.e.2348"},{"block":"start","inline":"nearest"}]}
RESULT: {"script":"<script> [79 bytes]","args":[{"element-6066-11e4-a52e-4f735466cecf":"f.02E6C5F2549FB1A482A4D12844538C67.d.D1C5EC031FF716555784535D28B5E464.e.2348","ELEMENT":"f.02E6C5F2549FB1A482A4D12844538C67.d.D1C5EC031FF716555784535D28B5E464.e.2348"},{"block":"start","inline":"nearest"}]}
COMMAND: POST /session/f07c5c959d0d14348fa4bc6d2271ab1f/execute/async - {"script":"<script> [1562 bytes]","args":[{"selector":{"id":"application-manageresources-display-component---newResourceUnit--btnAddTimeSegment","interaction":{"idSuffix":"inner"}},"wdio_ui5_key":"applicationmanageresources-display-component---newResourceUnit--btnAddTimeSegment"}]}
COMMAND: GET /session/f07c5c959d0d14348fa4bc6d2271ab1f/screenshot - {}
RESULT: {"script":"<script> [1562 bytes]","args":[{"selector":{"id":"application-manageresources-display-component---newResourceUnit--btnAddTimeSegment","interaction":{"idSuffix":"inner"}},"wdio_ui5_key":"applicationmanageresources-display-component---newResourceUnit--btnAddTimeSegment"}]}
RESULT: undefined
COMMAND: POST /session/f07c5c959d0d14348fa4bc6d2271ab1f/element - {"using":"xpath","value":"//*[@id=\"application-manageresources-display-component---newResourceUnit--btnAddTimeSegment\"]"}
RESULT: {}
RESULT: {"using":"xpath","value":"//*[@id=\"application-manageresources-display-component---newResourceUnit--btnAddTimeSegment\"]"}
COMMAND: POST /session/f07c5c959d0d14348fa4bc6d2271ab1f/element/f.02E6C5F2549FB1A482A4D12844538C67.d.D1C5EC031FF716555784535D28B5E464.e.2348/click - {}
RESULT: {}
COMMAND: GET /session/f07c5c959d0d14348fa4bc6d2271ab1f/screenshot - {}
RESULT: {}
COMMAND: POST /session/f07c5c959d0d14348fa4bc6d2271ab1f/element - {"using":"xpath","value":"//input[@id=\"application-manageresources-display-component---newResourceUnit--idRuTSAdmin-application-manageresources-display-component---newResourceUnit--RUTimeSegment-0-inner\"]"}
RESULT: {"using":"xpath","value":"//input[@id=\"application-manageresources-display-component---newResourceUnit--idRuTSAdmin-application-manageresources-display-component---newResourceUnit--RUTimeSegment-0-inner\"]"}
COMMAND: POST /session/f07c5c959d0d14348fa4bc6d2271ab1f/element/f.02E6C5F2549FB1A482A4D12844538C67.d.D1C5EC031FF716555784535D28B5E464.e.2353/clear - {}
RESULT: {}
COMMAND: POST /session/f07c5c959d0d14348fa4bc6d2271ab1f/element/f.02E6C5F2549FB1A482A4D12844538C67.d.D1C5EC031FF716555784535D28B5E464.e.2353/value - {"text":"185"}
COMMAND: GET /session/f07c5c959d0d14348fa4bc6d2271ab1f/screenshot - {}
RESULT: {}
RESULT: {"text":"185"}
COMMAND: GET /session/f07c5c959d0d14348fa4bc6d2271ab1f/screenshot - {}
RESULT: {}
COMMAND: POST /session/f07c5c959d0d14348fa4bc6d2271ab1f/element - {"using":"xpath","value":"//li[.//span[text()='185']]"}
RESULT: {"using":"xpath","value":"//li[.//span[text()='185']]"}
COMMAND: POST /session/f07c5c959d0d14348fa4bc6d2271ab1f/element/f.02E6C5F2549FB1A482A4D12844538C67.d.D1C5EC031FF716555784535D28B5E464.e.2362/click - {}
RESULT: {}
COMMAND: GET /session/f07c5c959d0d14348fa4bc6d2271ab1f/screenshot - {}
RESULT: {}
COMMAND: POST /session/f07c5c959d0d14348fa4bc6d2271ab1f/element - {"using":"xpath","value":"(//span[contains(@id, \"-application-manageresources-display-component---newResourceUnit--RUTimeSegment-0-arrow\")])[2]"}
RESULT: {"using":"xpath","value":"(//span[contains(@id, \"-application-manageresources-display-component---newResourceUnit--RUTimeSegment-0-arrow\")])[2]"}
COMMAND: POST /session/f07c5c959d0d14348fa4bc6d2271ab1f/element/f.02E6C5F2549FB1A482A4D12844538C67.d.D1C5EC031FF716555784535D28B5E464.e.2363/click - {}
RESULT: {}
COMMAND: POST /session/f07c5c959d0d14348fa4bc6d2271ab1f/element - {"using":"xpath","value":"//span[contains(text(), \"PM Order\")]"}
COMMAND: GET /session/f07c5c959d0d14348fa4bc6d2271ab1f/screenshot - {}
RESULT: {"using":"xpath","value":"//span[contains(text(), \"PM Order\")]"}
COMMAND: POST /session/f07c5c959d0d14348fa4bc6d2271ab1f/element/f.02E6C5F2549FB1A482A4D12844538C67.d.D1C5EC031FF716555784535D28B5E464.e.2364/click - {}
RESULT: {}
RESULT: {}
COMMAND: GET /session/f07c5c959d0d14348fa4bc6d2271ab1f/screenshot - {}
RESULT: {}
COMMAND: POST /session/f07c5c959d0d14348fa4bc6d2271ab1f/element - {"using":"xpath","value":"//td/div/div/div/span[contains(@id, \"newResourceUnit--RUTimeSegment-0-vhi\")][1]"}
RESULT: {"using":"xpath","value":"//td/div/div/div/span[contains(@id, \"newResourceUnit--RUTimeSegment-0-vhi\")][1]"}
COMMAND: GET /session/f07c5c959d0d14348fa4bc6d2271ab1f/element/f.02E6C5F2549FB1A482A4D12844538C67.d.D1C5EC031FF716555784535D28B5E464.e.2368/rect - {}
RESULT: {}
COMMAND: GET /session/f07c5c959d0d14348fa4bc6d2271ab1f/window/rect - {}
RESULT: {}
COMMAND: POST /session/f07c5c959d0d14348fa4bc6d2271ab1f/execute/sync - {"script":"<script> [92 bytes]","args":[]}
RESULT: {"script":"<script> [92 bytes]","args":[]}
COMMAND: POST /session/f07c5c959d0d14348fa4bc6d2271ab1f/actions - {"actions":[{"id":"action10","type":"wheel","parameters":{},"actions":[{"type":"scroll","x":-1888,"y":-24,"deltaX":0,"deltaY":0,"duration":0,"origin":{"element-6066-11e4-a52e-4f735466cecf":"f.02E6C5F2549FB1A482A4D12844538C67.d.D1C5EC031FF716555784535D28B5E464.e.2368"}}]}]}
COMMAND: GET /session/f07c5c959d0d14348fa4bc6d2271ab1f/screenshot - {}
RESULT: {}
COMMAND: POST /session/f07c5c959d0d14348fa4bc6d2271ab1f/execute/sync - {"script":"<script> [79 bytes]","args":[{"element-6066-11e4-a52e-4f735466cecf":"f.02E6C5F2549FB1A482A4D12844538C67.d.D1C5EC031FF716555784535D28B5E464.e.2368","ELEMENT":"f.02E6C5F2549FB1A482A4D12844538C67.d.D1C5EC031FF716555784535D28B5E464.e.2368"},{"block":"start","inline":"nearest"}]}
RESULT: {"script":"<script> [79 bytes]","args":[{"element-6066-11e4-a52e-4f735466cecf":"f.02E6C5F2549FB1A482A4D12844538C67.d.D1C5EC031FF716555784535D28B5E464.e.2368","ELEMENT":"f.02E6C5F2549FB1A482A4D12844538C67.d.D1C5EC031FF716555784535D28B5E464.e.2368"},{"block":"start","inline":"nearest"}]}
COMMAND: GET /session/f07c5c959d0d14348fa4bc6d2271ab1f/screenshot - {}
RESULT: {}
COMMAND: POST /session/f07c5c959d0d14348fa4bc6d2271ab1f/element/f.02E6C5F2549FB1A482A4D12844538C67.d.D1C5EC031FF716555784535D28B5E464.e.2368/click - {}
RESULT: {}
COMMAND: GET /session/f07c5c959d0d14348fa4bc6d2271ab1f/screenshot - {}
RESULT: {}
RESULT: undefined
COMMAND: POST /session/f07c5c959d0d14348fa4bc6d2271ab1f/execute/async - {"script":"<script> [776 bytes]","args":[{"enterText":"4000360","selector":{"controlType":"sap.m.SearchField","properties":{"placeholder":"Search"},"searchOpenDialogs":true,"interaction":{"idSuffix":"I"}},"clearTextFirst":true,"interactionType":"ENTER_TEXT"}]}
RESULT: {"script":"<script> [776 bytes]","args":[{"enterText":"4000360","selector":{"controlType":"sap.m.SearchField","properties":{"placeholder":"Search"},"searchOpenDialogs":true,"interaction":{"idSuffix":"I"}},"clearTextFirst":true,"interactionType":"ENTER_TEXT"}]}
COMMAND: POST /session/f07c5c959d0d14348fa4bc6d2271ab1f/actions - {"actions":[{"id":"action11","type":"key","parameters":{},"actions":[{"type":"keyDown","value":"î€‡"},{"type":"pause","duration":10},{"type":"keyUp","value":"î€‡"}]}]}
RESULT: {"actions":[{"id":"action11","type":"key","parameters":{},"actions":[{"type":"keyDown","value":"î€‡"},{"type":"pause","duration":10},{"type":"keyUp","value":"î€‡"}]}]}
COMMAND: GET /session/f07c5c959d0d14348fa4bc6d2271ab1f/screenshot - {}
RESULT: {}
COMMAND: POST /session/f07c5c959d0d14348fa4bc6d2271ab1f/element - {"using":"xpath","value":"//td/div/span[contains(text(), \"BGL Vehicles\")]"}
RESULT: {"using":"xpath","value":"//td/div/span[contains(text(), \"BGL Vehicles\")]"}
COMMAND: POST /session/f07c5c959d0d14348fa4bc6d2271ab1f/element/f.02E6C5F2549FB1A482A4D12844538C67.d.D1C5EC031FF716555784535D28B5E464.e.2386/click - {}
RESULT: {}
COMMAND: GET /session/f07c5c959d0d14348fa4bc6d2271ab1f/screenshot - {}
RESULT: {}
COMMAND: POST /session/f07c5c959d0d14348fa4bc6d2271ab1f/element - {"using":"xpath","value":"//bdi[contains(text(), \"OK\")]"}
RESULT: {"using":"xpath","value":"//bdi[contains(text(), \"OK\")]"}
COMMAND: POST /session/f07c5c959d0d14348fa4bc6d2271ab1f/element/f.02E6C5F2549FB1A482A4D12844538C67.d.D1C5EC031FF716555784535D28B5E464.e.2387/click - {}
RESULT: {}
COMMAND: GET /session/f07c5c959d0d14348fa4bc6d2271ab1f/screenshot - {}
RESULT: {}
COMMAND: POST /session/f07c5c959d0d14348fa4bc6d2271ab1f/element - {"using":"xpath","value":"//label[contains(@class, 'sapMLabelRequired') and .//bdi[contains(text(), 'Planned Retirement')]]"}
RESULT: {"using":"xpath","value":"//label[contains(@class, 'sapMLabelRequired') and .//bdi[contains(text(), 'Planned Retirement')]]"}
COMMAND: POST /session/f07c5c959d0d14348fa4bc6d2271ab1f/elements - {"using":"xpath","value":"//label[contains(@class, 'sapMLabelRequired') and .//bdi[contains(text(), 'Planned Retirement')]]"}
RESULT: {"using":"xpath","value":"//label[contains(@class, 'sapMLabelRequired') and .//bdi[contains(text(), 'Planned Retirement')]]"}
COMMAND: POST /session/f07c5c959d0d14348fa4bc6d2271ab1f/element - {"using":"xpath","value":"//button[@data-kt=\"resourceUnitSaveButton\"]"}
RESULT: {"using":"xpath","value":"//button[@data-kt=\"resourceUnitSaveButton\"]"}
COMMAND: POST /session/f07c5c959d0d14348fa4bc6d2271ab1f/element/f.02E6C5F2549FB1A482A4D12844538C67.d.D1C5EC031FF716555784535D28B5E464.e.2292/click - {}
RESULT: {}
COMMAND: GET /session/f07c5c959d0d14348fa4bc6d2271ab1f/screenshot - {}
RESULT: {}
COMMAND: POST /session/f07c5c959d0d14348fa4bc6d2271ab1f/element - {"using":"xpath","value":"//bdi[contains(text(), \"Close\")]"}
RESULT: {"using":"xpath","value":"//bdi[contains(text(), \"Close\")]"}
COMMAND: POST /session/f07c5c959d0d14348fa4bc6d2271ab1f/element/f.02E6C5F2549FB1A482A4D12844538C67.d.D1C5EC031FF716555784535D28B5E464.e.2394/click - {}
RESULT: {}
COMMAND: GET /session/f07c5c959d0d14348fa4bc6d2271ab1f/screenshot - {}
RESULT: {}
COMMAND: POST /session/f07c5c959d0d14348fa4bc6d2271ab1f/element - {"using":"xpath","value":"//header[contains(@id, 'detailRruPage-headerTitle')]/div[1]/div[2]/div[2]/span[1]"}
RESULT: {"using":"xpath","value":"//header[contains(@id, 'detailRruPage-headerTitle')]/div[1]/div[2]/div[2]/span[1]"}
COMMAND: POST /session/f07c5c959d0d14348fa4bc6d2271ab1f/elements - {"using":"xpath","value":"//header[contains(@id, 'detailRruPage-headerTitle')]/div[1]/div[2]/div[2]/span[1]"}
RESULT: {"using":"xpath","value":"//header[contains(@id, 'detailRruPage-headerTitle')]/div[1]/div[2]/div[2]/span[1]"}
COMMAND: POST /session/f07c5c959d0d14348fa4bc6d2271ab1f/execute/sync - {"script":"<script> [56 bytes]","args":[{"element-6066-11e4-a52e-4f735466cecf":"f.02E6C5F2549FB1A482A4D12844538C67.d.D1C5EC031FF716555784535D28B5E464.e.2430","ELEMENT":"f.02E6C5F2549FB1A482A4D12844538C67.d.D1C5EC031FF716555784535D28B5E464.e.2430"}]}
RESULT: {"script":"<script> [56 bytes]","args":[{"element-6066-11e4-a52e-4f735466cecf":"f.02E6C5F2549FB1A482A4D12844538C67.d.D1C5EC031FF716555784535D28B5E464.e.2430","ELEMENT":"f.02E6C5F2549FB1A482A4D12844538C67.d.D1C5EC031FF716555784535D28B5E464.e.2430"}]}
COMMAND: POST /session/f07c5c959d0d14348fa4bc6d2271ab1f/element - {"using":"css selector","value":"#shell-header-logo"}
COMMAND: GET /session/f07c5c959d0d14348fa4bc6d2271ab1f/screenshot - {}
RESULT: {"using":"css selector","value":"#shell-header-logo"}
COMMAND: POST /session/f07c5c959d0d14348fa4bc6d2271ab1f/element/f.02E6C5F2549FB1A482A4D12844538C67.d.D1C5EC031FF716555784535D28B5E464.e.2078/click - {}
RESULT: {}
RESULT: {}
COMMAND: GET /session/f07c5c959d0d14348fa4bc6d2271ab1f/screenshot - {}
RESULT: {}
]]></system-out>
    </testcase>
  </testsuite>
  <testsuite timestamp="2025-05-13T07:12:28" time="375.416" tests="6" failures="0" errors="0" skipped="0">
    <properties>
      <property name="specId" value="0" />
      <property name="suiteName" value="Yard Overview Autoplanning US130989" />
      <property name="capabilities" value="chrome.136_0_7103_49.windows" />
      <property name="file" value="file:///D:/a/1/s/test/specs/HTR/yard-overview-autoplanning.spec.js" />
    </properties>
    <testcase classname="chrome.136_0_7103_49.windows.Yard_Overview_Autoplanning_US130989" name="Prereq Should create a new yard used for all following tests" time="0.016">
      <system-out><![CDATA[
COMMAND: POST /session/f07c5c959d0d14348fa4bc6d2271ab1f/window/fullscreen - {}
RESULT: {}
]]></system-out>
    </testcase>
    <testcase classname="chrome.136_0_7103_49.windows.Yard_Overview_Autoplanning_US130989" name="Prereq Should create a new partner" time="0.005" />
    <testcase classname="chrome.136_0_7103_49.windows.Yard_Overview_Autoplanning_US130989" name="Prereq Should create a new site" time="0.004" />
    <testcase classname="chrome.136_0_7103_49.windows.Yard_Overview_Autoplanning_US130989" name="Prereq Should create a new material with catalog selection" time="126.136">
      <system-out><![CDATA[
COMMAND: POST /session/f07c5c959d0d14348fa4bc6d2271ab1f/execute/async - {"script":"<script> [1562 bytes]","args":[{"selector":{"controlType":"sap.m.GenericTile","properties":{"header":"Manage Resources"}},"wdio_ui5_key":"sapm.GenericTile{\"header\":\"Manage Resources\"}"}]}
RESULT: {"script":"<script> [1562 bytes]","args":[{"selector":{"controlType":"sap.m.GenericTile","properties":{"header":"Manage Resources"}},"wdio_ui5_key":"sapm.GenericTile{\"header\":\"Manage Resources\"}"}]}
RESULT: undefined
COMMAND: POST /session/f07c5c959d0d14348fa4bc6d2271ab1f/element - {"using":"xpath","value":"//*[@id=\"__tile39\"]"}
RESULT: {"using":"xpath","value":"//*[@id=\"__tile39\"]"}
COMMAND: POST /session/f07c5c959d0d14348fa4bc6d2271ab1f/element/f.02E6C5F2549FB1A482A4D12844538C67.d.78779EA4A2508910361C93B1C8AA2F9C.e.3166/click - {}
RESULT: {}
COMMAND: POST /session/f07c5c959d0d14348fa4bc6d2271ab1f/element - {"using":"xpath","value":"//button[@data-kt=\"addNewRUOverflowToolbarButton\"]"}
COMMAND: GET /session/f07c5c959d0d14348fa4bc6d2271ab1f/screenshot - {}
RESULT: {"using":"xpath","value":"//button[@data-kt=\"addNewRUOverflowToolbarButton\"]"}
COMMAND: POST /session/f07c5c959d0d14348fa4bc6d2271ab1f/elements - {"using":"xpath","value":"//button[@data-kt=\"addNewRUOverflowToolbarButton\"]"}
RESULT: {}
RESULT: {"using":"xpath","value":"//button[@data-kt=\"addNewRUOverflowToolbarButton\"]"}
COMMAND: POST /session/f07c5c959d0d14348fa4bc6d2271ab1f/elements - {"using":"xpath","value":"//button[@data-kt=\"addNewRUOverflowToolbarButton\"]"}
RESULT: {"using":"xpath","value":"//button[@data-kt=\"addNewRUOverflowToolbarButton\"]"}
COMMAND: POST /session/f07c5c959d0d14348fa4bc6d2271ab1f/elements - {"using":"xpath","value":"//button[@data-kt=\"addNewRUOverflowToolbarButton\"]"}
RESULT: {"using":"xpath","value":"//button[@data-kt=\"addNewRUOverflowToolbarButton\"]"}
COMMAND: POST /session/f07c5c959d0d14348fa4bc6d2271ab1f/elements - {"using":"xpath","value":"//button[@data-kt=\"addNewRUOverflowToolbarButton\"]"}
RESULT: {"using":"xpath","value":"//button[@data-kt=\"addNewRUOverflowToolbarButton\"]"}
COMMAND: POST /session/f07c5c959d0d14348fa4bc6d2271ab1f/elements - {"using":"xpath","value":"//button[@data-kt=\"addNewRUOverflowToolbarButton\"]"}
RESULT: {"using":"xpath","value":"//button[@data-kt=\"addNewRUOverflowToolbarButton\"]"}
COMMAND: POST /session/f07c5c959d0d14348fa4bc6d2271ab1f/elements - {"using":"xpath","value":"//button[@data-kt=\"addNewRUOverflowToolbarButton\"]"}
RESULT: {"using":"xpath","value":"//button[@data-kt=\"addNewRUOverflowToolbarButton\"]"}
COMMAND: POST /session/f07c5c959d0d14348fa4bc6d2271ab1f/elements - {"using":"xpath","value":"//button[@data-kt=\"addNewRUOverflowToolbarButton\"]"}
RESULT: {"using":"xpath","value":"//button[@data-kt=\"addNewRUOverflowToolbarButton\"]"}
COMMAND: POST /session/f07c5c959d0d14348fa4bc6d2271ab1f/elements - {"using":"xpath","value":"//button[@data-kt=\"addNewRUOverflowToolbarButton\"]"}
RESULT: {"using":"xpath","value":"//button[@data-kt=\"addNewRUOverflowToolbarButton\"]"}
COMMAND: POST /session/f07c5c959d0d14348fa4bc6d2271ab1f/elements - {"using":"xpath","value":"//button[@data-kt=\"addNewRUOverflowToolbarButton\"]"}
RESULT: {"using":"xpath","value":"//button[@data-kt=\"addNewRUOverflowToolbarButton\"]"}
COMMAND: POST /session/f07c5c959d0d14348fa4bc6d2271ab1f/elements - {"using":"xpath","value":"//button[@data-kt=\"addNewRUOverflowToolbarButton\"]"}
RESULT: {"using":"xpath","value":"//button[@data-kt=\"addNewRUOverflowToolbarButton\"]"}
COMMAND: POST /session/f07c5c959d0d14348fa4bc6d2271ab1f/elements - {"using":"xpath","value":"//button[@data-kt=\"addNewRUOverflowToolbarButton\"]"}
RESULT: {"using":"xpath","value":"//button[@data-kt=\"addNewRUOverflowToolbarButton\"]"}
COMMAND: POST /session/f07c5c959d0d14348fa4bc6d2271ab1f/elements - {"using":"xpath","value":"//button[@data-kt=\"addNewRUOverflowToolbarButton\"]"}
RESULT: {"using":"xpath","value":"//button[@data-kt=\"addNewRUOverflowToolbarButton\"]"}
COMMAND: POST /session/f07c5c959d0d14348fa4bc6d2271ab1f/elements - {"using":"xpath","value":"//button[@data-kt=\"addNewRUOverflowToolbarButton\"]"}
RESULT: {"using":"xpath","value":"//button[@data-kt=\"addNewRUOverflowToolbarButton\"]"}
COMMAND: POST /session/f07c5c959d0d14348fa4bc6d2271ab1f/elements - {"using":"xpath","value":"//button[@data-kt=\"addNewRUOverflowToolbarButton\"]"}
RESULT: {"using":"xpath","value":"//button[@data-kt=\"addNewRUOverflowToolbarButton\"]"}
COMMAND: POST /session/f07c5c959d0d14348fa4bc6d2271ab1f/elements - {"using":"xpath","value":"//button[@data-kt=\"addNewRUOverflowToolbarButton\"]"}
RESULT: {"using":"xpath","value":"//button[@data-kt=\"addNewRUOverflowToolbarButton\"]"}
COMMAND: POST /session/f07c5c959d0d14348fa4bc6d2271ab1f/elements - {"using":"xpath","value":"//button[@data-kt=\"addNewRUOverflowToolbarButton\"]"}
RESULT: {"using":"xpath","value":"//button[@data-kt=\"addNewRUOverflowToolbarButton\"]"}
COMMAND: POST /session/f07c5c959d0d14348fa4bc6d2271ab1f/elements - {"using":"xpath","value":"//button[@data-kt=\"addNewRUOverflowToolbarButton\"]"}
RESULT: {"using":"xpath","value":"//button[@data-kt=\"addNewRUOverflowToolbarButton\"]"}
COMMAND: POST /session/f07c5c959d0d14348fa4bc6d2271ab1f/elements - {"using":"xpath","value":"//button[@data-kt=\"addNewRUOverflowToolbarButton\"]"}
RESULT: {"using":"xpath","value":"//button[@data-kt=\"addNewRUOverflowToolbarButton\"]"}
COMMAND: POST /session/f07c5c959d0d14348fa4bc6d2271ab1f/elements - {"using":"xpath","value":"//button[@data-kt=\"addNewRUOverflowToolbarButton\"]"}
RESULT: {"using":"xpath","value":"//button[@data-kt=\"addNewRUOverflowToolbarButton\"]"}
COMMAND: POST /session/f07c5c959d0d14348fa4bc6d2271ab1f/elements - {"using":"xpath","value":"//button[@data-kt=\"addNewRUOverflowToolbarButton\"]"}
RESULT: {"using":"xpath","value":"//button[@data-kt=\"addNewRUOverflowToolbarButton\"]"}
COMMAND: POST /session/f07c5c959d0d14348fa4bc6d2271ab1f/elements - {"using":"xpath","value":"//button[@data-kt=\"addNewRUOverflowToolbarButton\"]"}
RESULT: {"using":"xpath","value":"//button[@data-kt=\"addNewRUOverflowToolbarButton\"]"}
COMMAND: POST /session/f07c5c959d0d14348fa4bc6d2271ab1f/elements - {"using":"xpath","value":"//button[@data-kt=\"addNewRUOverflowToolbarButton\"]"}
RESULT: {"using":"xpath","value":"//button[@data-kt=\"addNewRUOverflowToolbarButton\"]"}
COMMAND: POST /session/f07c5c959d0d14348fa4bc6d2271ab1f/elements - {"using":"xpath","value":"//button[@data-kt=\"addNewRUOverflowToolbarButton\"]"}
RESULT: {"using":"xpath","value":"//button[@data-kt=\"addNewRUOverflowToolbarButton\"]"}
COMMAND: POST /session/f07c5c959d0d14348fa4bc6d2271ab1f/elements - {"using":"xpath","value":"//button[@data-kt=\"addNewRUOverflowToolbarButton\"]"}
RESULT: {"using":"xpath","value":"//button[@data-kt=\"addNewRUOverflowToolbarButton\"]"}
COMMAND: POST /session/f07c5c959d0d14348fa4bc6d2271ab1f/elements - {"using":"xpath","value":"//button[@data-kt=\"addNewRUOverflowToolbarButton\"]"}
RESULT: {"using":"xpath","value":"//button[@data-kt=\"addNewRUOverflowToolbarButton\"]"}
COMMAND: POST /session/f07c5c959d0d14348fa4bc6d2271ab1f/elements - {"using":"xpath","value":"//button[@data-kt=\"addNewRUOverflowToolbarButton\"]"}
RESULT: {"using":"xpath","value":"//button[@data-kt=\"addNewRUOverflowToolbarButton\"]"}
COMMAND: POST /session/f07c5c959d0d14348fa4bc6d2271ab1f/elements - {"using":"xpath","value":"//button[@data-kt=\"addNewRUOverflowToolbarButton\"]"}
RESULT: {"using":"xpath","value":"//button[@data-kt=\"addNewRUOverflowToolbarButton\"]"}
COMMAND: POST /session/f07c5c959d0d14348fa4bc6d2271ab1f/elements - {"using":"xpath","value":"//button[@data-kt=\"addNewRUOverflowToolbarButton\"]"}
RESULT: {"using":"xpath","value":"//button[@data-kt=\"addNewRUOverflowToolbarButton\"]"}
COMMAND: POST /session/f07c5c959d0d14348fa4bc6d2271ab1f/elements - {"using":"xpath","value":"//button[@data-kt=\"addNewRUOverflowToolbarButton\"]"}
RESULT: {"using":"xpath","value":"//button[@data-kt=\"addNewRUOverflowToolbarButton\"]"}
COMMAND: POST /session/f07c5c959d0d14348fa4bc6d2271ab1f/elements - {"using":"xpath","value":"//button[@data-kt=\"addNewRUOverflowToolbarButton\"]"}
RESULT: {"using":"xpath","value":"//button[@data-kt=\"addNewRUOverflowToolbarButton\"]"}
COMMAND: POST /session/f07c5c959d0d14348fa4bc6d2271ab1f/element - {"using":"xpath","value":"//button[@data-kt=\"addNewRUOverflowToolbarButton\"]"}
RESULT: {"using":"xpath","value":"//button[@data-kt=\"addNewRUOverflowToolbarButton\"]"}
COMMAND: POST /session/f07c5c959d0d14348fa4bc6d2271ab1f/execute/sync - {"script":"<script> [8489 bytes]","args":[{"element-6066-11e4-a52e-4f735466cecf":"f.02E6C5F2549FB1A482A4D12844538C67.d.78779EA4A2508910361C93B1C8AA2F9C.e.3317","ELEMENT":"f.02E6C5F2549FB1A482A4D12844538C67.d.78779EA4A2508910361C93B1C8AA2F9C.e.3317"}]}
RESULT: {"script":"<script> [8489 bytes]","args":[{"element-6066-11e4-a52e-4f735466cecf":"f.02E6C5F2549FB1A482A4D12844538C67.d.78779EA4A2508910361C93B1C8AA2F9C.e.3317","ELEMENT":"f.02E6C5F2549FB1A482A4D12844538C67.d.78779EA4A2508910361C93B1C8AA2F9C.e.3317"}]}
COMMAND: GET /session/f07c5c959d0d14348fa4bc6d2271ab1f/element/f.02E6C5F2549FB1A482A4D12844538C67.d.78779EA4A2508910361C93B1C8AA2F9C.e.3317/enabled - {}
COMMAND: GET /session/f07c5c959d0d14348fa4bc6d2271ab1f/screenshot - {}
RESULT: {}
COMMAND: POST /session/f07c5c959d0d14348fa4bc6d2271ab1f/execute/sync - {"script":"<script> [8489 bytes]","args":[{"element-6066-11e4-a52e-4f735466cecf":"f.02E6C5F2549FB1A482A4D12844538C67.d.78779EA4A2508910361C93B1C8AA2F9C.e.3317","ELEMENT":"f.02E6C5F2549FB1A482A4D12844538C67.d.78779EA4A2508910361C93B1C8AA2F9C.e.3317"}]}
COMMAND: GET /session/f07c5c959d0d14348fa4bc6d2271ab1f/screenshot - {}
RESULT: {}
RESULT: {"script":"<script> [8489 bytes]","args":[{"element-6066-11e4-a52e-4f735466cecf":"f.02E6C5F2549FB1A482A4D12844538C67.d.78779EA4A2508910361C93B1C8AA2F9C.e.3317","ELEMENT":"f.02E6C5F2549FB1A482A4D12844538C67.d.78779EA4A2508910361C93B1C8AA2F9C.e.3317"}]}
COMMAND: POST /session/f07c5c959d0d14348fa4bc6d2271ab1f/execute/sync - {"script":"<script> [5351 bytes]","args":[{"element-6066-11e4-a52e-4f735466cecf":"f.02E6C5F2549FB1A482A4D12844538C67.d.78779EA4A2508910361C93B1C8AA2F9C.e.3317","ELEMENT":"f.02E6C5F2549FB1A482A4D12844538C67.d.78779EA4A2508910361C93B1C8AA2F9C.e.3317"}]}
COMMAND: GET /session/f07c5c959d0d14348fa4bc6d2271ab1f/screenshot - {}
RESULT: {}
RESULT: {"script":"<script> [5351 bytes]","args":[{"element-6066-11e4-a52e-4f735466cecf":"f.02E6C5F2549FB1A482A4D12844538C67.d.78779EA4A2508910361C93B1C8AA2F9C.e.3317","ELEMENT":"f.02E6C5F2549FB1A482A4D12844538C67.d.78779EA4A2508910361C93B1C8AA2F9C.e.3317"}]}
COMMAND: POST /session/f07c5c959d0d14348fa4bc6d2271ab1f/element/f.02E6C5F2549FB1A482A4D12844538C67.d.78779EA4A2508910361C93B1C8AA2F9C.e.3317/click - {}
COMMAND: GET /session/f07c5c959d0d14348fa4bc6d2271ab1f/screenshot - {}
RESULT: {}
RESULT: {}
COMMAND: GET /session/f07c5c959d0d14348fa4bc6d2271ab1f/screenshot - {}
RESULT: {}
RESULT: {}
COMMAND: POST /session/f07c5c959d0d14348fa4bc6d2271ab1f/execute/async - {"script":"<script> [1562 bytes]","args":[{"selector":{"id":"application-manageresources-display-component---newResourceUnit--TYPE-arrow"},"wdio_ui5_key":"applicationmanageresources-display-component---newResourceUnit--TYPE-arrow"}]}
RESULT: {"script":"<script> [1562 bytes]","args":[{"selector":{"id":"application-manageresources-display-component---newResourceUnit--TYPE-arrow"},"wdio_ui5_key":"applicationmanageresources-display-component---newResourceUnit--TYPE-arrow"}]}
RESULT: undefined
COMMAND: POST /session/f07c5c959d0d14348fa4bc6d2271ab1f/element - {"using":"xpath","value":"//*[@id=\"application-manageresources-display-component---newResourceUnit--TYPE-arrow\"]"}
RESULT: {"using":"xpath","value":"//*[@id=\"application-manageresources-display-component---newResourceUnit--TYPE-arrow\"]"}
COMMAND: POST /session/f07c5c959d0d14348fa4bc6d2271ab1f/element/f.02E6C5F2549FB1A482A4D12844538C67.d.78779EA4A2508910361C93B1C8AA2F9C.e.3661/click - {}
RESULT: {}
COMMAND: POST /session/f07c5c959d0d14348fa4bc6d2271ab1f/element - {"using":"xpath","value":"//input[@id=\"application-manageresources-display-component---newResourceUnit--TYPE-inner\"]"}
COMMAND: GET /session/f07c5c959d0d14348fa4bc6d2271ab1f/screenshot - {}
RESULT: {"using":"xpath","value":"//input[@id=\"application-manageresources-display-component---newResourceUnit--TYPE-inner\"]"}
COMMAND: POST /session/f07c5c959d0d14348fa4bc6d2271ab1f/element/f.02E6C5F2549FB1A482A4D12844538C67.d.78779EA4A2508910361C93B1C8AA2F9C.e.3657/clear - {}
RESULT: {}
RESULT: {}
COMMAND: POST /session/f07c5c959d0d14348fa4bc6d2271ab1f/element/f.02E6C5F2549FB1A482A4D12844538C67.d.78779EA4A2508910361C93B1C8AA2F9C.e.3657/value - {"text":"Material"}
COMMAND: GET /session/f07c5c959d0d14348fa4bc6d2271ab1f/screenshot - {}
RESULT: {"text":"Material"}
COMMAND: GET /session/f07c5c959d0d14348fa4bc6d2271ab1f/screenshot - {}
RESULT: {}
RESULT: {}
COMMAND: POST /session/f07c5c959d0d14348fa4bc6d2271ab1f/actions - {"actions":[{"id":"action13","type":"key","parameters":{},"actions":[{"type":"keyDown","value":"î€‡"},{"type":"pause","duration":10},{"type":"keyUp","value":"î€‡"}]}]}
RESULT: {"actions":[{"id":"action13","type":"key","parameters":{},"actions":[{"type":"keyDown","value":"î€‡"},{"type":"pause","duration":10},{"type":"keyUp","value":"î€‡"}]}]}
COMMAND: POST /session/f07c5c959d0d14348fa4bc6d2271ab1f/execute/async - {"script":"<script> [1562 bytes]","args":[{"selector":{"id":"application-manageresources-display-component---newResourceUnit--SHORT_TEXT","interaction":{"idSuffix":"inner"}},"wdio_ui5_key":"applicationmanageresources-display-component---newResourceUnit--SHORT_TEXT"}]}
COMMAND: GET /session/f07c5c959d0d14348fa4bc6d2271ab1f/screenshot - {}
RESULT: {"script":"<script> [1562 bytes]","args":[{"selector":{"id":"application-manageresources-display-component---newResourceUnit--SHORT_TEXT","interaction":{"idSuffix":"inner"}},"wdio_ui5_key":"applicationmanageresources-display-component---newResourceUnit--SHORT_TEXT"}]}
RESULT: undefined
COMMAND: POST /session/f07c5c959d0d14348fa4bc6d2271ab1f/execute/async - {"script":"<script> [776 bytes]","args":[{"enterText":"Cement WDIO","selector":{"id":"application-manageresources-display-component---newResourceUnit--SHORT_TEXT","interaction":{"idSuffix":"inner"}},"clearTextFirst":true,"interactionType":"ENTER_TEXT"}]}
RESULT: {}
RESULT: {"script":"<script> [776 bytes]","args":[{"enterText":"Cement WDIO","selector":{"id":"application-manageresources-display-component---newResourceUnit--SHORT_TEXT","interaction":{"idSuffix":"inner"}},"clearTextFirst":true,"interactionType":"ENTER_TEXT"}]}
COMMAND: POST /session/f07c5c959d0d14348fa4bc6d2271ab1f/execute/async - {"script":"<script> [1562 bytes]","args":[{"selector":{"id":"application-manageresources-display-component---newResourceUnit--BASE_UNIT_OF_MEASURE","interaction":{"idSuffix":"inner"}},"wdio_ui5_key":"applicationmanageresources-display-component---newResourceUnit--BASE_UNIT_OF_MEASURE"}]}
RESULT: {"script":"<script> [1562 bytes]","args":[{"selector":{"id":"application-manageresources-display-component---newResourceUnit--BASE_UNIT_OF_MEASURE","interaction":{"idSuffix":"inner"}},"wdio_ui5_key":"applicationmanageresources-display-component---newResourceUnit--BASE_UNIT_OF_MEASURE"}]}
RESULT: undefined
COMMAND: POST /session/f07c5c959d0d14348fa4bc6d2271ab1f/execute/async - {"script":"<script> [776 bytes]","args":[{"enterText":"Piece","selector":{"id":"application-manageresources-display-component---newResourceUnit--BASE_UNIT_OF_MEASURE","interaction":{"idSuffix":"inner"}},"clearTextFirst":true,"interactionType":"ENTER_TEXT"}]}
RESULT: {"script":"<script> [776 bytes]","args":[{"enterText":"Piece","selector":{"id":"application-manageresources-display-component---newResourceUnit--BASE_UNIT_OF_MEASURE","interaction":{"idSuffix":"inner"}},"clearTextFirst":true,"interactionType":"ENTER_TEXT"}]}
COMMAND: POST /session/f07c5c959d0d14348fa4bc6d2271ab1f/execute/async - {"script":"<script> [1562 bytes]","args":[{"selector":{"id":"application-manageresources-display-component---newResourceUnit--WEIGHT_UNIT","interaction":{"idSuffix":"inner"}},"wdio_ui5_key":"applicationmanageresources-display-component---newResourceUnit--WEIGHT_UNIT"}]}
RESULT: {"script":"<script> [1562 bytes]","args":[{"selector":{"id":"application-manageresources-display-component---newResourceUnit--WEIGHT_UNIT","interaction":{"idSuffix":"inner"}},"wdio_ui5_key":"applicationmanageresources-display-component---newResourceUnit--WEIGHT_UNIT"}]}
RESULT: undefined
COMMAND: POST /session/f07c5c959d0d14348fa4bc6d2271ab1f/execute/async - {"script":"<script> [776 bytes]","args":[{"enterText":"Gram","selector":{"id":"application-manageresources-display-component---newResourceUnit--WEIGHT_UNIT","interaction":{"idSuffix":"inner"}},"clearTextFirst":true,"interactionType":"ENTER_TEXT"}]}
RESULT: {"script":"<script> [776 bytes]","args":[{"enterText":"Gram","selector":{"id":"application-manageresources-display-component---newResourceUnit--WEIGHT_UNIT","interaction":{"idSuffix":"inner"}},"clearTextFirst":true,"interactionType":"ENTER_TEXT"}]}
COMMAND: POST /session/f07c5c959d0d14348fa4bc6d2271ab1f/execute/async - {"script":"<script> [1562 bytes]","args":[{"selector":{"id":"application-manageresources-display-component---newResourceUnit--DIMENSION_UNIT","interaction":{"idSuffix":"inner"}},"wdio_ui5_key":"applicationmanageresources-display-component---newResourceUnit--DIMENSION_UNIT"}]}
RESULT: {"script":"<script> [1562 bytes]","args":[{"selector":{"id":"application-manageresources-display-component---newResourceUnit--DIMENSION_UNIT","interaction":{"idSuffix":"inner"}},"wdio_ui5_key":"applicationmanageresources-display-component---newResourceUnit--DIMENSION_UNIT"}]}
RESULT: undefined
COMMAND: POST /session/f07c5c959d0d14348fa4bc6d2271ab1f/execute/async - {"script":"<script> [776 bytes]","args":[{"enterText":"Meter","selector":{"id":"application-manageresources-display-component---newResourceUnit--DIMENSION_UNIT","interaction":{"idSuffix":"inner"}},"clearTextFirst":true,"interactionType":"ENTER_TEXT"}]}
RESULT: {"script":"<script> [776 bytes]","args":[{"enterText":"Meter","selector":{"id":"application-manageresources-display-component---newResourceUnit--DIMENSION_UNIT","interaction":{"idSuffix":"inner"}},"clearTextFirst":true,"interactionType":"ENTER_TEXT"}]}
COMMAND: POST /session/f07c5c959d0d14348fa4bc6d2271ab1f/execute/async - {"script":"<script> [1562 bytes]","args":[{"selector":{"id":"application-manageresources-display-component---newResourceUnit--newRRUPage-anchBar-application-manageresources-display-component---newResourceUnit--control-anchor","interaction":{"idSuffix":"BDI-content"}},"wdio_ui5_key":"applicationmanageresources-display-component---newResourceUnit--newRRUPage-anchBar-application-manageresources-display-component---newResourceUnit--control-anchor"}]}
RESULT: {"script":"<script> [1562 bytes]","args":[{"selector":{"id":"application-manageresources-display-component---newResourceUnit--newRRUPage-anchBar-application-manageresources-display-component---newResourceUnit--control-anchor","interaction":{"idSuffix":"BDI-content"}},"wdio_ui5_key":"applicationmanageresources-display-component---newResourceUnit--newRRUPage-anchBar-application-manageresources-display-component---newResourceUnit--control-anchor"}]}
RESULT: undefined
COMMAND: POST /session/f07c5c959d0d14348fa4bc6d2271ab1f/element - {"using":"xpath","value":"//*[@id=\"application-manageresources-display-component---newResourceUnit--newRRUPage-anchBar-application-manageresources-display-component---newResourceUnit--control-anchor\"]"}
RESULT: {"using":"xpath","value":"//*[@id=\"application-manageresources-display-component---newResourceUnit--newRRUPage-anchBar-application-manageresources-display-component---newResourceUnit--control-anchor\"]"}
COMMAND: POST /session/f07c5c959d0d14348fa4bc6d2271ab1f/element/f.02E6C5F2549FB1A482A4D12844538C67.d.78779EA4A2508910361C93B1C8AA2F9C.e.3728/click - {}
RESULT: {}
COMMAND: POST /session/f07c5c959d0d14348fa4bc6d2271ab1f/execute/async - {"script":"<script> [1562 bytes]","args":[{"selector":{"id":"application-manageresources-display-component---newResourceUnit--PLANNING_GROUP","interaction":{"idSuffix":"inner"}},"wdio_ui5_key":"applicationmanageresources-display-component---newResourceUnit--PLANNING_GROUP"}]}
COMMAND: GET /session/f07c5c959d0d14348fa4bc6d2271ab1f/screenshot - {}
RESULT: {"script":"<script> [1562 bytes]","args":[{"selector":{"id":"application-manageresources-display-component---newResourceUnit--PLANNING_GROUP","interaction":{"idSuffix":"inner"}},"wdio_ui5_key":"applicationmanageresources-display-component---newResourceUnit--PLANNING_GROUP"}]}
RESULT: undefined
COMMAND: POST /session/f07c5c959d0d14348fa4bc6d2271ab1f/execute/async - {"script":"<script> [776 bytes]","args":[{"enterText":"Material","selector":{"id":"application-manageresources-display-component---newResourceUnit--PLANNING_GROUP","interaction":{"idSuffix":"inner"}},"clearTextFirst":true,"interactionType":"ENTER_TEXT"}]}
RESULT: {}
RESULT: {"script":"<script> [776 bytes]","args":[{"enterText":"Material","selector":{"id":"application-manageresources-display-component---newResourceUnit--PLANNING_GROUP","interaction":{"idSuffix":"inner"}},"clearTextFirst":true,"interactionType":"ENTER_TEXT"}]}
COMMAND: POST /session/f07c5c959d0d14348fa4bc6d2271ab1f/execute/async - {"script":"<script> [1562 bytes]","args":[{"selector":{"id":"application-manageresources-display-component---newResourceUnit--PLANNING_INDICATOR","interaction":{"idSuffix":"inner"}},"wdio_ui5_key":"applicationmanageresources-display-component---newResourceUnit--PLANNING_INDICATOR"}]}
RESULT: {"script":"<script> [1562 bytes]","args":[{"selector":{"id":"application-manageresources-display-component---newResourceUnit--PLANNING_INDICATOR","interaction":{"idSuffix":"inner"}},"wdio_ui5_key":"applicationmanageresources-display-component---newResourceUnit--PLANNING_INDICATOR"}]}
RESULT: undefined
COMMAND: POST /session/f07c5c959d0d14348fa4bc6d2271ab1f/execute/async - {"script":"<script> [776 bytes]","args":[{"enterText":"10 - infinite","selector":{"id":"application-manageresources-display-component---newResourceUnit--PLANNING_INDICATOR","interaction":{"idSuffix":"inner"}},"clearTextFirst":true,"interactionType":"ENTER_TEXT"}]}
RESULT: {"script":"<script> [776 bytes]","args":[{"enterText":"10 - infinite","selector":{"id":"application-manageresources-display-component---newResourceUnit--PLANNING_INDICATOR","interaction":{"idSuffix":"inner"}},"clearTextFirst":true,"interactionType":"ENTER_TEXT"}]}
COMMAND: POST /session/f07c5c959d0d14348fa4bc6d2271ab1f/element - {"using":"css selector","value":"#application-manageresources-display-component---newResourceUnit--btnAddTimeSegment"}
RESULT: {"using":"css selector","value":"#application-manageresources-display-component---newResourceUnit--btnAddTimeSegment"}
COMMAND: GET /session/f07c5c959d0d14348fa4bc6d2271ab1f/element/f.02E6C5F2549FB1A482A4D12844538C67.d.78779EA4A2508910361C93B1C8AA2F9C.e.3736/rect - {}
RESULT: {}
COMMAND: GET /session/f07c5c959d0d14348fa4bc6d2271ab1f/window/rect - {}
RESULT: {}
COMMAND: POST /session/f07c5c959d0d14348fa4bc6d2271ab1f/execute/sync - {"script":"<script> [92 bytes]","args":[]}
RESULT: {"script":"<script> [92 bytes]","args":[]}
COMMAND: POST /session/f07c5c959d0d14348fa4bc6d2271ab1f/actions - {"actions":[{"id":"action14","type":"wheel","parameters":{},"actions":[{"type":"scroll","x":-1888,"y":-32,"deltaX":0,"deltaY":0,"duration":0,"origin":{"element-6066-11e4-a52e-4f735466cecf":"f.02E6C5F2549FB1A482A4D12844538C67.d.78779EA4A2508910361C93B1C8AA2F9C.e.3736"}}]}]}
COMMAND: GET /session/f07c5c959d0d14348fa4bc6d2271ab1f/screenshot - {}
RESULT: {}
COMMAND: POST /session/f07c5c959d0d14348fa4bc6d2271ab1f/execute/sync - {"script":"<script> [79 bytes]","args":[{"element-6066-11e4-a52e-4f735466cecf":"f.02E6C5F2549FB1A482A4D12844538C67.d.78779EA4A2508910361C93B1C8AA2F9C.e.3736","ELEMENT":"f.02E6C5F2549FB1A482A4D12844538C67.d.78779EA4A2508910361C93B1C8AA2F9C.e.3736"},{"block":"start","inline":"nearest"}]}
RESULT: {"script":"<script> [79 bytes]","args":[{"element-6066-11e4-a52e-4f735466cecf":"f.02E6C5F2549FB1A482A4D12844538C67.d.78779EA4A2508910361C93B1C8AA2F9C.e.3736","ELEMENT":"f.02E6C5F2549FB1A482A4D12844538C67.d.78779EA4A2508910361C93B1C8AA2F9C.e.3736"},{"block":"start","inline":"nearest"}]}
COMMAND: POST /session/f07c5c959d0d14348fa4bc6d2271ab1f/execute/async - {"script":"<script> [1562 bytes]","args":[{"selector":{"id":"application-manageresources-display-component---newResourceUnit--btnAddTimeSegment","interaction":{"idSuffix":"inner"}},"wdio_ui5_key":"applicationmanageresources-display-component---newResourceUnit--btnAddTimeSegment"}]}
COMMAND: GET /session/f07c5c959d0d14348fa4bc6d2271ab1f/screenshot - {}
RESULT: {"script":"<script> [1562 bytes]","args":[{"selector":{"id":"application-manageresources-display-component---newResourceUnit--btnAddTimeSegment","interaction":{"idSuffix":"inner"}},"wdio_ui5_key":"applicationmanageresources-display-component---newResourceUnit--btnAddTimeSegment"}]}
RESULT: undefined
COMMAND: POST /session/f07c5c959d0d14348fa4bc6d2271ab1f/element - {"using":"xpath","value":"//*[@id=\"application-manageresources-display-component---newResourceUnit--btnAddTimeSegment\"]"}
RESULT: {}
RESULT: {"using":"xpath","value":"//*[@id=\"application-manageresources-display-component---newResourceUnit--btnAddTimeSegment\"]"}
COMMAND: POST /session/f07c5c959d0d14348fa4bc6d2271ab1f/element/f.02E6C5F2549FB1A482A4D12844538C67.d.78779EA4A2508910361C93B1C8AA2F9C.e.3736/click - {}
RESULT: {}
COMMAND: GET /session/f07c5c959d0d14348fa4bc6d2271ab1f/screenshot - {}
RESULT: {}
COMMAND: POST /session/f07c5c959d0d14348fa4bc6d2271ab1f/element - {"using":"xpath","value":"//input[@id=\"application-manageresources-display-component---newResourceUnit--idRuTSAdmin-application-manageresources-display-component---newResourceUnit--RUTimeSegment-0-inner\"]"}
RESULT: {"using":"xpath","value":"//input[@id=\"application-manageresources-display-component---newResourceUnit--idRuTSAdmin-application-manageresources-display-component---newResourceUnit--RUTimeSegment-0-inner\"]"}
COMMAND: POST /session/f07c5c959d0d14348fa4bc6d2271ab1f/element/f.02E6C5F2549FB1A482A4D12844538C67.d.78779EA4A2508910361C93B1C8AA2F9C.e.3741/clear - {}
RESULT: {}
COMMAND: POST /session/f07c5c959d0d14348fa4bc6d2271ab1f/element/f.02E6C5F2549FB1A482A4D12844538C67.d.78779EA4A2508910361C93B1C8AA2F9C.e.3741/value - {"text":"185"}
COMMAND: GET /session/f07c5c959d0d14348fa4bc6d2271ab1f/screenshot - {}
RESULT: {"text":"185"}
COMMAND: GET /session/f07c5c959d0d14348fa4bc6d2271ab1f/screenshot - {}
RESULT: {}
RESULT: {}
COMMAND: POST /session/f07c5c959d0d14348fa4bc6d2271ab1f/element - {"using":"xpath","value":"//li[.//span[text()='185']]"}
RESULT: {"using":"xpath","value":"//li[.//span[text()='185']]"}
COMMAND: POST /session/f07c5c959d0d14348fa4bc6d2271ab1f/element/f.02E6C5F2549FB1A482A4D12844538C67.d.78779EA4A2508910361C93B1C8AA2F9C.e.3749/click - {}
RESULT: {}
COMMAND: GET /session/f07c5c959d0d14348fa4bc6d2271ab1f/screenshot - {}
RESULT: {}
COMMAND: POST /session/f07c5c959d0d14348fa4bc6d2271ab1f/element - {"using":"xpath","value":"//*[contains(text(), \"Catalogs\")][contains(@id ,\"application-manageresources-display-component---newResourceUnit--newRRUPage-anchBar\")]"}
RESULT: {"using":"xpath","value":"//*[contains(text(), \"Catalogs\")][contains(@id ,\"application-manageresources-display-component---newResourceUnit--newRRUPage-anchBar\")]"}
COMMAND: POST /session/f07c5c959d0d14348fa4bc6d2271ab1f/element/f.02E6C5F2549FB1A482A4D12844538C67.d.78779EA4A2508910361C93B1C8AA2F9C.e.3750/click - {}
RESULT: {}
COMMAND: GET /session/f07c5c959d0d14348fa4bc6d2271ab1f/screenshot - {}
RESULT: {}
COMMAND: POST /session/f07c5c959d0d14348fa4bc6d2271ab1f/element - {"using":"xpath","value":"//*[contains(text(), \"Assign\")][contains(@id ,\"button\")]"}
RESULT: {"using":"xpath","value":"//*[contains(text(), \"Assign\")][contains(@id ,\"button\")]"}
COMMAND: POST /session/f07c5c959d0d14348fa4bc6d2271ab1f/element/f.02E6C5F2549FB1A482A4D12844538C67.d.78779EA4A2508910361C93B1C8AA2F9C.e.3753/click - {}
RESULT: {}
COMMAND: GET /session/f07c5c959d0d14348fa4bc6d2271ab1f/screenshot - {}
RESULT: {}
COMMAND: POST /session/f07c5c959d0d14348fa4bc6d2271ab1f/element - {"using":"xpath","value":"//span[@id = \"application-manageresources-display-component---newResourceUnit--catalogSelect-arrow\"]"}
RESULT: {"using":"xpath","value":"//span[@id = \"application-manageresources-display-component---newResourceUnit--catalogSelect-arrow\"]"}
COMMAND: POST /session/f07c5c959d0d14348fa4bc6d2271ab1f/element/f.02E6C5F2549FB1A482A4D12844538C67.d.78779EA4A2508910361C93B1C8AA2F9C.e.3761/click - {}
RESULT: {}
COMMAND: GET /session/f07c5c959d0d14348fa4bc6d2271ab1f/screenshot - {}
RESULT: {}
COMMAND: POST /session/f07c5c959d0d14348fa4bc6d2271ab1f/element - {"using":"xpath","value":"//li[.//span[text()=\"Webshop Catalog\"]]"}
RESULT: {"using":"xpath","value":"//li[.//span[text()=\"Webshop Catalog\"]]"}
COMMAND: POST /session/f07c5c959d0d14348fa4bc6d2271ab1f/element/f.02E6C5F2549FB1A482A4D12844538C67.d.78779EA4A2508910361C93B1C8AA2F9C.e.3762/click - {}
RESULT: {}
COMMAND: GET /session/f07c5c959d0d14348fa4bc6d2271ab1f/screenshot - {}
RESULT: {}
COMMAND: POST /session/f07c5c959d0d14348fa4bc6d2271ab1f/element - {"using":"xpath","value":"//span[@id = \"application-manageresources-display-component---newResourceUnit--catalogItemSelect-arrow\"]"}
RESULT: {"using":"xpath","value":"//span[@id = \"application-manageresources-display-component---newResourceUnit--catalogItemSelect-arrow\"]"}
COMMAND: POST /session/f07c5c959d0d14348fa4bc6d2271ab1f/element/f.02E6C5F2549FB1A482A4D12844538C67.d.78779EA4A2508910361C93B1C8AA2F9C.e.3763/click - {}
RESULT: {}
COMMAND: GET /session/f07c5c959d0d14348fa4bc6d2271ab1f/screenshot - {}
RESULT: {}
COMMAND: POST /session/f07c5c959d0d14348fa4bc6d2271ab1f/element - {"using":"xpath","value":"//li[.//span[text()=\"Concert - Concert \"]]"}
RESULT: {"using":"xpath","value":"//li[.//span[text()=\"Concert - Concert \"]]"}
COMMAND: POST /session/f07c5c959d0d14348fa4bc6d2271ab1f/element/f.02E6C5F2549FB1A482A4D12844538C67.d.78779EA4A2508910361C93B1C8AA2F9C.e.3764/click - {}
RESULT: {}
COMMAND: GET /session/f07c5c959d0d14348fa4bc6d2271ab1f/screenshot - {}
RESULT: {}
COMMAND: POST /session/f07c5c959d0d14348fa4bc6d2271ab1f/execute/async - {"script":"<script> [1562 bytes]","args":[{"selector":{"id":"application-manageresources-display-component---newResourceUnit--RUAssignmentSaveButton","searchOpenDialogs":true,"interaction":{"idSuffix":"BDI-content"}},"wdio_ui5_key":"applicationmanageresources-display-component---newResourceUnit--RUAssignmentSaveButton"}]}
RESULT: {"script":"<script> [1562 bytes]","args":[{"selector":{"id":"application-manageresources-display-component---newResourceUnit--RUAssignmentSaveButton","searchOpenDialogs":true,"interaction":{"idSuffix":"BDI-content"}},"wdio_ui5_key":"applicationmanageresources-display-component---newResourceUnit--RUAssignmentSaveButton"}]}
RESULT: undefined
COMMAND: POST /session/f07c5c959d0d14348fa4bc6d2271ab1f/element - {"using":"xpath","value":"//*[@id=\"application-manageresources-display-component---newResourceUnit--RUAssignmentSaveButton\"]"}
RESULT: {"using":"xpath","value":"//*[@id=\"application-manageresources-display-component---newResourceUnit--RUAssignmentSaveButton\"]"}
COMMAND: POST /session/f07c5c959d0d14348fa4bc6d2271ab1f/element/f.02E6C5F2549FB1A482A4D12844538C67.d.78779EA4A2508910361C93B1C8AA2F9C.e.3780/click - {}
RESULT: {}
COMMAND: GET /session/f07c5c959d0d14348fa4bc6d2271ab1f/screenshot - {}
RESULT: {}
COMMAND: POST /session/f07c5c959d0d14348fa4bc6d2271ab1f/element - {"using":"xpath","value":"//button[@data-kt=\"resourceUnitSaveButton\"]"}
RESULT: {"using":"xpath","value":"//button[@data-kt=\"resourceUnitSaveButton\"]"}
COMMAND: POST /session/f07c5c959d0d14348fa4bc6d2271ab1f/element/f.02E6C5F2549FB1A482A4D12844538C67.d.78779EA4A2508910361C93B1C8AA2F9C.e.3680/click - {}
RESULT: {}
COMMAND: GET /session/f07c5c959d0d14348fa4bc6d2271ab1f/screenshot - {}
RESULT: {}
COMMAND: POST /session/f07c5c959d0d14348fa4bc6d2271ab1f/element - {"using":"xpath","value":"//bdi[contains(text(), \"Close\")]"}
RESULT: {"using":"xpath","value":"//bdi[contains(text(), \"Close\")]"}
COMMAND: POST /session/f07c5c959d0d14348fa4bc6d2271ab1f/element/f.02E6C5F2549FB1A482A4D12844538C67.d.78779EA4A2508910361C93B1C8AA2F9C.e.3784/click - {}
RESULT: {}
COMMAND: GET /session/f07c5c959d0d14348fa4bc6d2271ab1f/screenshot - {}
RESULT: {}
COMMAND: POST /session/f07c5c959d0d14348fa4bc6d2271ab1f/element - {"using":"xpath","value":"//header[contains(@id, 'detailRruPage-headerTitle')]/div[1]/div[2]/div[2]/span[1]"}
RESULT: {"using":"xpath","value":"//header[contains(@id, 'detailRruPage-headerTitle')]/div[1]/div[2]/div[2]/span[1]"}
COMMAND: POST /session/f07c5c959d0d14348fa4bc6d2271ab1f/elements - {"using":"xpath","value":"//header[contains(@id, 'detailRruPage-headerTitle')]/div[1]/div[2]/div[2]/span[1]"}
RESULT: {"using":"xpath","value":"//header[contains(@id, 'detailRruPage-headerTitle')]/div[1]/div[2]/div[2]/span[1]"}
COMMAND: POST /session/f07c5c959d0d14348fa4bc6d2271ab1f/execute/sync - {"script":"<script> [56 bytes]","args":[{"element-6066-11e4-a52e-4f735466cecf":"f.02E6C5F2549FB1A482A4D12844538C67.d.78779EA4A2508910361C93B1C8AA2F9C.e.3812","ELEMENT":"f.02E6C5F2549FB1A482A4D12844538C67.d.78779EA4A2508910361C93B1C8AA2F9C.e.3812"}]}
RESULT: {"script":"<script> [56 bytes]","args":[{"element-6066-11e4-a52e-4f735466cecf":"f.02E6C5F2549FB1A482A4D12844538C67.d.78779EA4A2508910361C93B1C8AA2F9C.e.3812","ELEMENT":"f.02E6C5F2549FB1A482A4D12844538C67.d.78779EA4A2508910361C93B1C8AA2F9C.e.3812"}]}
COMMAND: POST /session/f07c5c959d0d14348fa4bc6d2271ab1f/element - {"using":"css selector","value":"#shell-header-logo"}
COMMAND: GET /session/f07c5c959d0d14348fa4bc6d2271ab1f/screenshot - {}
RESULT: {"using":"css selector","value":"#shell-header-logo"}
COMMAND: POST /session/f07c5c959d0d14348fa4bc6d2271ab1f/element/f.02E6C5F2549FB1A482A4D12844538C67.d.78779EA4A2508910361C93B1C8AA2F9C.e.3274/click - {}
RESULT: {}
RESULT: {}
COMMAND: GET /session/f07c5c959d0d14348fa4bc6d2271ab1f/screenshot - {}
RESULT: {}
]]></system-out>
    </testcase>
    <testcase classname="chrome.136_0_7103_49.windows.Yard_Overview_Autoplanning_US130989" name="Should create a new request and add the material" time="82.968">
      <system-out><![CDATA[
COMMAND: POST /session/f07c5c959d0d14348fa4bc6d2271ab1f/execute/async - {"script":"<script> [1562 bytes]","args":[{"selector":{"controlType":"sap.m.Text","properties":{"text":"Manage Requests"},"interaction":{"idSuffix":"inner"}},"wdio_ui5_key":"sapm.Text{\"text\":\"Manage Requests\"}"}]}
RESULT: {"script":"<script> [1562 bytes]","args":[{"selector":{"controlType":"sap.m.Text","properties":{"text":"Manage Requests"},"interaction":{"idSuffix":"inner"}},"wdio_ui5_key":"sapm.Text{\"text\":\"Manage Requests\"}"}]}
RESULT: undefined
COMMAND: POST /session/f07c5c959d0d14348fa4bc6d2271ab1f/element - {"using":"xpath","value":"//*[@id=\"__tile47-title\"]"}
RESULT: {"using":"xpath","value":"//*[@id=\"__tile47-title\"]"}
COMMAND: POST /session/f07c5c959d0d14348fa4bc6d2271ab1f/element/f.02E6C5F2549FB1A482A4D12844538C67.d.78779EA4A2508910361C93B1C8AA2F9C.e.3815/click - {}
RESULT: {}
COMMAND: GET /session/f07c5c959d0d14348fa4bc6d2271ab1f/screenshot - {}
RESULT: {}
COMMAND: POST /session/f07c5c959d0d14348fa4bc6d2271ab1f/execute/async - {"script":"<script> [1562 bytes]","args":[{"selector":{"id":"btnCreateNew","viewName":"etm.portal.ui.managerequests.view.Master","interaction":{"idSuffix":"inner"}},"wdio_ui5_key":"btnCreateNewetmportal.ui.managerequests.view.Master"}]}
RESULT: {"script":"<script> [1562 bytes]","args":[{"selector":{"id":"btnCreateNew","viewName":"etm.portal.ui.managerequests.view.Master","interaction":{"idSuffix":"inner"}},"wdio_ui5_key":"btnCreateNewetmportal.ui.managerequests.view.Master"}]}
RESULT: undefined
COMMAND: POST /session/f07c5c959d0d14348fa4bc6d2271ab1f/element - {"using":"xpath","value":"//*[@id=\"__xmlview58--btnCreateNew\"]"}
RESULT: {"using":"xpath","value":"//*[@id=\"__xmlview58--btnCreateNew\"]"}
COMMAND: POST /session/f07c5c959d0d14348fa4bc6d2271ab1f/element/f.02E6C5F2549FB1A482A4D12844538C67.d.78779EA4A2508910361C93B1C8AA2F9C.e.3871/click - {}
RESULT: {}
COMMAND: GET /session/f07c5c959d0d14348fa4bc6d2271ab1f/screenshot - {}
RESULT: {}
COMMAND: POST /session/f07c5c959d0d14348fa4bc6d2271ab1f/execute/async - {"script":"<script> [1562 bytes]","args":[{"selector":{"controlType":"sap.ui.core.Icon","viewName":"etm.portal.ui.managerequests.view.NewRequest","properties":{"src":{"regex":{"source":"full\\-screen"}}}},"wdio_ui5_key":"etmportal.ui.managerequests.view.NewRequestsap.ui.core.Icon{\"src\":{\"regex\":{\"source\":\"full\\\\-screen\"}}}"}]}
RESULT: {"script":"<script> [1562 bytes]","args":[{"selector":{"controlType":"sap.ui.core.Icon","viewName":"etm.portal.ui.managerequests.view.NewRequest","properties":{"src":{"regex":{"source":"full\\-screen"}}}},"wdio_ui5_key":"etmportal.ui.managerequests.view.NewRequestsap.ui.core.Icon{\"src\":{\"regex\":{\"source\":\"full\\\\-screen\"}}}"}]}
RESULT: undefined
COMMAND: POST /session/f07c5c959d0d14348fa4bc6d2271ab1f/element - {"using":"xpath","value":"//*[@id=\"__button71-img\"]"}
RESULT: {"using":"xpath","value":"//*[@id=\"__button71-img\"]"}
COMMAND: POST /session/f07c5c959d0d14348fa4bc6d2271ab1f/element/f.02E6C5F2549FB1A482A4D12844538C67.d.78779EA4A2508910361C93B1C8AA2F9C.e.3974/click - {}
RESULT: {}
COMMAND: GET /session/f07c5c959d0d14348fa4bc6d2271ab1f/screenshot - {}
RESULT: {}
COMMAND: POST /session/f07c5c959d0d14348fa4bc6d2271ab1f/element - {"using":"xpath","value":"//input[contains(@id ,\"yardId-inner\")]"}
RESULT: {"using":"xpath","value":"//input[contains(@id ,\"yardId-inner\")]"}
COMMAND: POST /session/f07c5c959d0d14348fa4bc6d2271ab1f/element/f.02E6C5F2549FB1A482A4D12844538C67.d.78779EA4A2508910361C93B1C8AA2F9C.e.3998/value - {"text":"185"}
RESULT: {"text":"185"}
COMMAND: GET /session/f07c5c959d0d14348fa4bc6d2271ab1f/screenshot - {}
RESULT: {}
COMMAND: POST /session/f07c5c959d0d14348fa4bc6d2271ab1f/element - {"using":"xpath","value":"//li[.//span[text()='185']]"}
RESULT: {"using":"xpath","value":"//li[.//span[text()='185']]"}
COMMAND: POST /session/f07c5c959d0d14348fa4bc6d2271ab1f/element/f.02E6C5F2549FB1A482A4D12844538C67.d.78779EA4A2508910361C93B1C8AA2F9C.e.4325/click - {}
RESULT: {}
COMMAND: GET /session/f07c5c959d0d14348fa4bc6d2271ab1f/screenshot - {}
RESULT: {}
COMMAND: POST /session/f07c5c959d0d14348fa4bc6d2271ab1f/element - {"using":"xpath","value":"//input[contains(@id ,\"customerNumber-inner\")]"}
RESULT: {"using":"xpath","value":"//input[contains(@id ,\"customerNumber-inner\")]"}
COMMAND: POST /session/f07c5c959d0d14348fa4bc6d2271ab1f/element/f.02E6C5F2549FB1A482A4D12844538C67.d.78779EA4A2508910361C93B1C8AA2F9C.e.3994/clear - {}
RESULT: {}
COMMAND: POST /session/f07c5c959d0d14348fa4bc6d2271ab1f/element/f.02E6C5F2549FB1A482A4D12844538C67.d.78779EA4A2508910361C93B1C8AA2F9C.e.3994/value - {"text":"1043"}
COMMAND: GET /session/f07c5c959d0d14348fa4bc6d2271ab1f/screenshot - {}
RESULT: {}
RESULT: {"text":"1043"}
COMMAND: GET /session/f07c5c959d0d14348fa4bc6d2271ab1f/screenshot - {}
RESULT: {}
COMMAND: POST /session/f07c5c959d0d14348fa4bc6d2271ab1f/element - {"using":"xpath","value":"//li[.//span[text()='1043']]"}
RESULT: {"using":"xpath","value":"//li[.//span[text()='1043']]"}
COMMAND: POST /session/f07c5c959d0d14348fa4bc6d2271ab1f/element/f.02E6C5F2549FB1A482A4D12844538C67.d.78779EA4A2508910361C93B1C8AA2F9C.e.4327/click - {}
RESULT: {}
COMMAND: GET /session/f07c5c959d0d14348fa4bc6d2271ab1f/screenshot - {}
RESULT: {}
COMMAND: POST /session/f07c5c959d0d14348fa4bc6d2271ab1f/element - {"using":"xpath","value":"//button[contains(@id ,\"btnAddTableRow\")]"}
RESULT: {"using":"xpath","value":"//button[contains(@id ,\"btnAddTableRow\")]"}
COMMAND: POST /session/f07c5c959d0d14348fa4bc6d2271ab1f/element/f.02E6C5F2549FB1A482A4D12844538C67.d.78779EA4A2508910361C93B1C8AA2F9C.e.4207/click - {}
RESULT: {}
COMMAND: GET /session/f07c5c959d0d14348fa4bc6d2271ab1f/screenshot - {}
RESULT: {}
COMMAND: POST /session/f07c5c959d0d14348fa4bc6d2271ab1f/actions - {"actions":[{"id":"action15","type":"key","parameters":{},"actions":[{"type":"keyDown","value":"î€•"},{"type":"pause","duration":10},{"type":"keyUp","value":"î€•"}]}]}
RESULT: {"actions":[{"id":"action15","type":"key","parameters":{},"actions":[{"type":"keyDown","value":"î€•"},{"type":"pause","duration":10},{"type":"keyUp","value":"î€•"}]}]}
COMMAND: POST /session/f07c5c959d0d14348fa4bc6d2271ab1f/actions - {"actions":[{"id":"action16","type":"key","parameters":{},"actions":[{"type":"keyDown","value":"î€‡"},{"type":"pause","duration":10},{"type":"keyUp","value":"î€‡"}]}]}
COMMAND: GET /session/f07c5c959d0d14348fa4bc6d2271ab1f/screenshot - {}
RESULT: {"actions":[{"id":"action16","type":"key","parameters":{},"actions":[{"type":"keyDown","value":"î€‡"},{"type":"pause","duration":10},{"type":"keyUp","value":"î€‡"}]}]}
COMMAND: GET /session/f07c5c959d0d14348fa4bc6d2271ab1f/screenshot - {}
RESULT: {}
RESULT: {}
COMMAND: POST /session/f07c5c959d0d14348fa4bc6d2271ab1f/element - {"using":"xpath","value":"//table[contains(@id, \"requestItemsTable-listUl\")]//tbody/tr[1]/td[3]/div/div/input"}
RESULT: {"using":"xpath","value":"//table[contains(@id, \"requestItemsTable-listUl\")]//tbody/tr[1]/td[3]/div/div/input"}
COMMAND: POST /session/f07c5c959d0d14348fa4bc6d2271ab1f/element/f.02E6C5F2549FB1A482A4D12844538C67.d.78779EA4A2508910361C93B1C8AA2F9C.e.4331/clear - {}
RESULT: {}
COMMAND: POST /session/f07c5c959d0d14348fa4bc6d2271ab1f/element/f.02E6C5F2549FB1A482A4D12844538C67.d.78779EA4A2508910361C93B1C8AA2F9C.e.4331/value - {"text":"Concert"}
COMMAND: GET /session/f07c5c959d0d14348fa4bc6d2271ab1f/screenshot - {}
RESULT: {"text":"Concert"}
COMMAND: GET /session/f07c5c959d0d14348fa4bc6d2271ab1f/screenshot - {}
RESULT: {}
RESULT: {}
COMMAND: POST /session/f07c5c959d0d14348fa4bc6d2271ab1f/element - {"using":"xpath","value":"//li[.//span[contains(text(), \"Concert\")]]"}
RESULT: {"using":"xpath","value":"//li[.//span[contains(text(), \"Concert\")]]"}
COMMAND: POST /session/f07c5c959d0d14348fa4bc6d2271ab1f/element/f.02E6C5F2549FB1A482A4D12844538C67.d.78779EA4A2508910361C93B1C8AA2F9C.e.4342/click - {}
RESULT: {}
COMMAND: GET /session/f07c5c959d0d14348fa4bc6d2271ab1f/screenshot - {}
RESULT: {}
COMMAND: POST /session/f07c5c959d0d14348fa4bc6d2271ab1f/execute/async - {"script":"<script> [1562 bytes]","args":[{"selector":{"controlType":"sap.ui.core.Icon","viewName":"etm.portal.ui.managerequests.view.NewRequest","properties":{"src":{"regex":{"source":"message\\-error"}}},"ancestor":{"controlType":"sap.m.ColumnListItem","viewName":"etm.portal.ui.managerequests.view.NewRequest","bindingPath":{"modelName":"newRequestItems","path":"/RequestItems/0"},"ancestor":{"id":"requestItemsTable","viewName":"etm.portal.ui.managerequests.view.NewRequest"}}},"wdio_ui5_key":"etmportal.ui.managerequests.view.NewRequestsap.ui.core.Icon{\"src\":{\"regex\":{\"source\":\"message\\\\-error\"}}}{\"controlType\":\"sap.m.ColumnListItem\",\"viewName\":\"etm.portal.ui.managerequests.view.NewRequest\",\"bindingPath\":{\"modelName\":\"newRequestItems\",\"path\":\"/RequestItems/0\"},\"ancestor\":{\"id\":\"requestItemsTable\",\"viewName\":\"etm.portal.ui.managerequests.view.NewRequest\"}}"}]}
RESULT: {"script":"<script> [1562 bytes]","args":[{"selector":{"controlType":"sap.ui.core.Icon","viewName":"etm.portal.ui.managerequests.view.NewRequest","properties":{"src":{"regex":{"source":"message\\-error"}}},"ancestor":{"controlType":"sap.m.ColumnListItem","viewName":"etm.portal.ui.managerequests.view.NewRequest","bindingPath":{"modelName":"newRequestItems","path":"/RequestItems/0"},"ancestor":{"id":"requestItemsTable","viewName":"etm.portal.ui.managerequests.view.NewRequest"}}},"wdio_ui5_key":"etmportal.ui.managerequests.view.NewRequestsap.ui.core.Icon{\"src\":{\"regex\":{\"source\":\"message\\\\-error\"}}}{\"controlType\":\"sap.m.ColumnListItem\",\"viewName\":\"etm.portal.ui.managerequests.view.NewRequest\",\"bindingPath\":{\"modelName\":\"newRequestItems\",\"path\":\"/RequestItems/0\"},\"ancestor\":{\"id\":\"requestItemsTable\",\"viewName\":\"etm.portal.ui.managerequests.view.NewRequest\"}}"}]}
RESULT: undefined
COMMAND: POST /session/f07c5c959d0d14348fa4bc6d2271ab1f/element - {"using":"xpath","value":"//*[@id=\"__status10-__xmlview59--requestItemsTable-0-icon\"]"}
RESULT: {"using":"xpath","value":"//*[@id=\"__status10-__xmlview59--requestItemsTable-0-icon\"]"}
COMMAND: POST /session/f07c5c959d0d14348fa4bc6d2271ab1f/element/f.02E6C5F2549FB1A482A4D12844538C67.d.78779EA4A2508910361C93B1C8AA2F9C.e.4343/click - {}
RESULT: {}
COMMAND: POST /session/f07c5c959d0d14348fa4bc6d2271ab1f/execute/async - {"script":"<script> [1562 bytes]","args":[{"selector":{"controlType":"sap.ui.core.Icon","viewName":"etm.portal.ui.managerequests.view.NewRequest","properties":{"src":{"regex":{"source":"slim\\-arrow\\-down"}}},"searchOpenDialogs":true,"ancestor":{"id":"costObjectAdminTypeComboBox","viewName":"etm.portal.ui.managerequests.view.NewRequest","searchOpenDialogs":true}},"wdio_ui5_key":"etmportal.ui.managerequests.view.NewRequestsap.ui.core.Icon{\"src\":{\"regex\":{\"source\":\"slim\\\\-arrow\\\\-down\"}}}{\"id\":\"costObjectAdminTypeComboBox\",\"viewName\":\"etm.portal.ui.managerequests.view.NewRequest\",\"searchOpenDialogs\":true}"}]}
COMMAND: GET /session/f07c5c959d0d14348fa4bc6d2271ab1f/screenshot - {}
RESULT: {"script":"<script> [1562 bytes]","args":[{"selector":{"controlType":"sap.ui.core.Icon","viewName":"etm.portal.ui.managerequests.view.NewRequest","properties":{"src":{"regex":{"source":"slim\\-arrow\\-down"}}},"searchOpenDialogs":true,"ancestor":{"id":"costObjectAdminTypeComboBox","viewName":"etm.portal.ui.managerequests.view.NewRequest","searchOpenDialogs":true}},"wdio_ui5_key":"etmportal.ui.managerequests.view.NewRequestsap.ui.core.Icon{\"src\":{\"regex\":{\"source\":\"slim\\\\-arrow\\\\-down\"}}}{\"id\":\"costObjectAdminTypeComboBox\",\"viewName\":\"etm.portal.ui.managerequests.view.NewRequest\",\"searchOpenDialogs\":true}"}]}
RESULT: undefined
COMMAND: POST /session/f07c5c959d0d14348fa4bc6d2271ab1f/element - {"using":"xpath","value":"//*[@id=\"__xmlview59--costObjectAdminTypeComboBox-arrow\"]"}
RESULT: {}
RESULT: {"using":"xpath","value":"//*[@id=\"__xmlview59--costObjectAdminTypeComboBox-arrow\"]"}
COMMAND: POST /session/f07c5c959d0d14348fa4bc6d2271ab1f/element/f.02E6C5F2549FB1A482A4D12844538C67.d.78779EA4A2508910361C93B1C8AA2F9C.e.4348/click - {}
RESULT: {}
COMMAND: GET /session/f07c5c959d0d14348fa4bc6d2271ab1f/screenshot - {}
RESULT: {}
COMMAND: POST /session/f07c5c959d0d14348fa4bc6d2271ab1f/execute/async - {"script":"<script> [1562 bytes]","args":[{"selector":{"controlType":"sap.m.StandardListItem","viewName":"etm.portal.ui.managerequests.view.NewRequest","properties":{"title":"Cost Center"},"searchOpenDialogs":true,"interaction":{"idSuffix":"content"}},"wdio_ui5_key":"etmportal.ui.managerequests.view.NewRequestsap.m.StandardListItem{\"title\":\"Cost Center\"}"}]}
RESULT: {"script":"<script> [1562 bytes]","args":[{"selector":{"controlType":"sap.m.StandardListItem","viewName":"etm.portal.ui.managerequests.view.NewRequest","properties":{"title":"Cost Center"},"searchOpenDialogs":true,"interaction":{"idSuffix":"content"}},"wdio_ui5_key":"etmportal.ui.managerequests.view.NewRequestsap.m.StandardListItem{\"title\":\"Cost Center\"}"}]}
RESULT: undefined
COMMAND: POST /session/f07c5c959d0d14348fa4bc6d2271ab1f/element - {"using":"xpath","value":"//*[@id=\"__item784\"]"}
RESULT: {"using":"xpath","value":"//*[@id=\"__item784\"]"}
COMMAND: POST /session/f07c5c959d0d14348fa4bc6d2271ab1f/element/f.02E6C5F2549FB1A482A4D12844538C67.d.78779EA4A2508910361C93B1C8AA2F9C.e.4351/click - {}
RESULT: {}
COMMAND: GET /session/f07c5c959d0d14348fa4bc6d2271ab1f/screenshot - {}
RESULT: {}
COMMAND: POST /session/f07c5c959d0d14348fa4bc6d2271ab1f/execute/async - {"script":"<script> [1562 bytes]","args":[{"selector":{"controlType":"sap.m.Button","viewName":"etm.portal.ui.managerequests.view.NewRequest","i18NText":{"propertyName":"text","key":"save"},"searchOpenDialogs":true,"interaction":{"idSuffix":"inner"}},"wdio_ui5_key":"etmportal.ui.managerequests.view.NewRequestsap.m.Button{\"propertyName\":\"text\",\"key\":\"save\"}"}]}
RESULT: {"script":"<script> [1562 bytes]","args":[{"selector":{"controlType":"sap.m.Button","viewName":"etm.portal.ui.managerequests.view.NewRequest","i18NText":{"propertyName":"text","key":"save"},"searchOpenDialogs":true,"interaction":{"idSuffix":"inner"}},"wdio_ui5_key":"etmportal.ui.managerequests.view.NewRequestsap.m.Button{\"propertyName\":\"text\",\"key\":\"save\"}"}]}
RESULT: undefined
COMMAND: POST /session/f07c5c959d0d14348fa4bc6d2271ab1f/element - {"using":"xpath","value":"//*[@id=\"__button87\"]"}
RESULT: {"using":"xpath","value":"//*[@id=\"__button87\"]"}
COMMAND: POST /session/f07c5c959d0d14348fa4bc6d2271ab1f/element/f.02E6C5F2549FB1A482A4D12844538C67.d.78779EA4A2508910361C93B1C8AA2F9C.e.4358/click - {}
RESULT: {}
COMMAND: GET /session/f07c5c959d0d14348fa4bc6d2271ab1f/screenshot - {}
RESULT: {}
COMMAND: POST /session/f07c5c959d0d14348fa4bc6d2271ab1f/execute/async - {"script":"<script> [1562 bytes]","args":[{"selector":{"controlType":"sap.m.Button","viewName":"etm.portal.ui.managerequests.view.NewRequest","i18NText":{"propertyName":"tooltip","key":"save"},"interaction":{"idSuffix":"BDI-content"}},"wdio_ui5_key":"etmportal.ui.managerequests.view.NewRequestsap.m.Button{\"propertyName\":\"tooltip\",\"key\":\"save\"}"}]}
RESULT: {"script":"<script> [1562 bytes]","args":[{"selector":{"controlType":"sap.m.Button","viewName":"etm.portal.ui.managerequests.view.NewRequest","i18NText":{"propertyName":"tooltip","key":"save"},"interaction":{"idSuffix":"BDI-content"}},"wdio_ui5_key":"etmportal.ui.managerequests.view.NewRequestsap.m.Button{\"propertyName\":\"tooltip\",\"key\":\"save\"}"}]}
RESULT: undefined
COMMAND: POST /session/f07c5c959d0d14348fa4bc6d2271ab1f/element - {"using":"xpath","value":"//*[@id=\"__button78\"]"}
RESULT: {"using":"xpath","value":"//*[@id=\"__button78\"]"}
COMMAND: POST /session/f07c5c959d0d14348fa4bc6d2271ab1f/element/f.02E6C5F2549FB1A482A4D12844538C67.d.78779EA4A2508910361C93B1C8AA2F9C.e.4213/click - {}
RESULT: {}
COMMAND: POST /session/f07c5c959d0d14348fa4bc6d2271ab1f/execute/async - {"script":"<script> [1562 bytes]","args":[{"selector":{"controlType":"sap.m.Button","properties":{"text":"Close"},"searchOpenDialogs":true,"interaction":{"idSuffix":"inner"}},"wdio_ui5_key":"sapm.Button{\"text\":\"Close\"}"}]}
COMMAND: GET /session/f07c5c959d0d14348fa4bc6d2271ab1f/screenshot - {}
RESULT: {"script":"<script> [1562 bytes]","args":[{"selector":{"controlType":"sap.m.Button","properties":{"text":"Close"},"searchOpenDialogs":true,"interaction":{"idSuffix":"inner"}},"wdio_ui5_key":"sapm.Button{\"text\":\"Close\"}"}]}
RESULT: undefined
COMMAND: POST /session/f07c5c959d0d14348fa4bc6d2271ab1f/element - {"using":"xpath","value":"//*[@id=\"__mbox-btn-1\"]"}
RESULT: {}
RESULT: {"using":"xpath","value":"//*[@id=\"__mbox-btn-1\"]"}
COMMAND: POST /session/f07c5c959d0d14348fa4bc6d2271ab1f/element/f.02E6C5F2549FB1A482A4D12844538C67.d.78779EA4A2508910361C93B1C8AA2F9C.e.4362/click - {}
RESULT: {}
COMMAND: GET /session/f07c5c959d0d14348fa4bc6d2271ab1f/screenshot - {}
RESULT: {}
COMMAND: POST /session/f07c5c959d0d14348fa4bc6d2271ab1f/execute/async - {"script":"<script> [1562 bytes]","args":[{"selector":{"controlType":"sap.m.Text","viewName":"etm.portal.ui.managerequests.view.Detail","bindingPath":{"propertyPath":"NO","modelName":"catalogModel"}},"wdio_ui5_key":"etmportal.ui.managerequests.view.Detailsap.m.Text{\"propertyPath\":\"NO\",\"modelName\":\"catalogModel\"}"}]}
RESULT: {"script":"<script> [1562 bytes]","args":[{"selector":{"controlType":"sap.m.Text","viewName":"etm.portal.ui.managerequests.view.Detail","bindingPath":{"propertyPath":"NO","modelName":"catalogModel"}},"wdio_ui5_key":"etmportal.ui.managerequests.view.Detailsap.m.Text{\"propertyPath\":\"NO\",\"modelName\":\"catalogModel\"}"}]}
RESULT: undefined
COMMAND: POST /session/f07c5c959d0d14348fa4bc6d2271ab1f/execute/async - {"script":"<script> [6424 bytes]","args":[{"element-6066-11e4-a52e-4f735466cecf":"f.02E6C5F2549FB1A482A4D12844538C67.d.78779EA4A2508910361C93B1C8AA2F9C.e.4651"},"getText",[]]}
RESULT: {"script":"<script> [6424 bytes]","args":[{"element-6066-11e4-a52e-4f735466cecf":"f.02E6C5F2549FB1A482A4D12844538C67.d.78779EA4A2508910361C93B1C8AA2F9C.e.4651"},"getText",[]]}
COMMAND: POST /session/f07c5c959d0d14348fa4bc6d2271ab1f/element - {"using":"css selector","value":"#shell-header-logo"}
RESULT: {"using":"css selector","value":"#shell-header-logo"}
COMMAND: POST /session/f07c5c959d0d14348fa4bc6d2271ab1f/element/f.02E6C5F2549FB1A482A4D12844538C67.d.78779EA4A2508910361C93B1C8AA2F9C.e.3818/click - {}
RESULT: {}
COMMAND: GET /session/f07c5c959d0d14348fa4bc6d2271ab1f/screenshot - {}
RESULT: {}
]]></system-out>
    </testcase>
    <testcase classname="chrome.136_0_7103_49.windows.Yard_Overview_Autoplanning_US130989" name="Should navigate to Yard overview and plan the request" time="114.432">
      <system-out><![CDATA[
COMMAND: POST /session/f07c5c959d0d14348fa4bc6d2271ab1f/execute/async - {"script":"<script> [1562 bytes]","args":[{"selector":{"controlType":"sap.m.GenericTile","properties":{"header":"Yard Overview"}},"wdio_ui5_key":"sapm.GenericTile{\"header\":\"Yard Overview\"}"}]}
RESULT: {"script":"<script> [1562 bytes]","args":[{"selector":{"controlType":"sap.m.GenericTile","properties":{"header":"Yard Overview"}},"wdio_ui5_key":"sapm.GenericTile{\"header\":\"Yard Overview\"}"}]}
RESULT: undefined
COMMAND: POST /session/f07c5c959d0d14348fa4bc6d2271ab1f/element - {"using":"xpath","value":"//*[@id=\"__tile102\"]"}
RESULT: {"using":"xpath","value":"//*[@id=\"__tile102\"]"}
COMMAND: POST /session/f07c5c959d0d14348fa4bc6d2271ab1f/element/f.02E6C5F2549FB1A482A4D12844538C67.d.78779EA4A2508910361C93B1C8AA2F9C.e.4656/click - {}
RESULT: {}
COMMAND: GET /session/f07c5c959d0d14348fa4bc6d2271ab1f/screenshot - {}
RESULT: {}
COMMAND: POST /session/f07c5c959d0d14348fa4bc6d2271ab1f/execute/async - {"script":"<script> [1562 bytes]","args":[{"selector":{"id":"application-yardoverview-display-component---masterYardInventory--smartFilterBar-btnBasicSearch","interaction":{"idSuffix":"I"}},"wdio_ui5_key":"applicationyardoverview-display-component---masterYardInventory--smartFilterBar-btnBasicSearch"}]}
RESULT: {"script":"<script> [1562 bytes]","args":[{"selector":{"id":"application-yardoverview-display-component---masterYardInventory--smartFilterBar-btnBasicSearch","interaction":{"idSuffix":"I"}},"wdio_ui5_key":"applicationyardoverview-display-component---masterYardInventory--smartFilterBar-btnBasicSearch"}]}
RESULT: undefined
COMMAND: POST /session/f07c5c959d0d14348fa4bc6d2271ab1f/execute/async - {"script":"<script> [776 bytes]","args":[{"enterText":"185","selector":{"id":"application-yardoverview-display-component---masterYardInventory--smartFilterBar-btnBasicSearch","interaction":{"idSuffix":"I"}},"clearTextFirst":true,"interactionType":"ENTER_TEXT"}]}
RESULT: {"script":"<script> [776 bytes]","args":[{"enterText":"185","selector":{"id":"application-yardoverview-display-component---masterYardInventory--smartFilterBar-btnBasicSearch","interaction":{"idSuffix":"I"}},"clearTextFirst":true,"interactionType":"ENTER_TEXT"}]}
COMMAND: POST /session/f07c5c959d0d14348fa4bc6d2271ab1f/actions - {"actions":[{"id":"action17","type":"key","parameters":{},"actions":[{"type":"keyDown","value":"î€‡"},{"type":"pause","duration":10},{"type":"keyUp","value":"î€‡"}]}]}
RESULT: {"actions":[{"id":"action17","type":"key","parameters":{},"actions":[{"type":"keyDown","value":"î€‡"},{"type":"pause","duration":10},{"type":"keyUp","value":"î€‡"}]}]}
COMMAND: GET /session/f07c5c959d0d14348fa4bc6d2271ab1f/screenshot - {}
RESULT: {}
COMMAND: POST /session/f07c5c959d0d14348fa4bc6d2271ab1f/execute/async - {"script":"<script> [1562 bytes]","args":[{"selector":{"controlType":"sap.m.Text","viewName":"etm.portal.ui.yardoverview.view.Master","viewId":"application-yardoverview-display-component---masterYardInventory","bindingPath":{"propertyPath":"ID"}},"wdio_ui5_key":"etmportal.ui.yardoverview.view.Mastersap.m.Text{\"propertyPath\":\"ID\"}"}]}
RESULT: {"script":"<script> [1562 bytes]","args":[{"selector":{"controlType":"sap.m.Text","viewName":"etm.portal.ui.yardoverview.view.Master","viewId":"application-yardoverview-display-component---masterYardInventory","bindingPath":{"propertyPath":"ID"}},"wdio_ui5_key":"etmportal.ui.yardoverview.view.Mastersap.m.Text{\"propertyPath\":\"ID\"}"}]}
RESULT: undefined
COMMAND: POST /session/f07c5c959d0d14348fa4bc6d2271ab1f/element - {"using":"xpath","value":"//*[@id=\"__text882-__clone1349\"]"}
RESULT: {"using":"xpath","value":"//*[@id=\"__text882-__clone1349\"]"}
COMMAND: POST /session/f07c5c959d0d14348fa4bc6d2271ab1f/element/f.02E6C5F2549FB1A482A4D12844538C67.d.78779EA4A2508910361C93B1C8AA2F9C.e.4728/click - {}
RESULT: {}
COMMAND: GET /session/f07c5c959d0d14348fa4bc6d2271ab1f/screenshot - {}
RESULT: {}
COMMAND: POST /session/f07c5c959d0d14348fa4bc6d2271ab1f/execute/async - {"script":"<script> [1562 bytes]","args":[{"selector":{"id":"application-yardoverview-display-component---detailYardInventory--ObjectPageLayout-anchBar-application-yardoverview-display-component---detailYardInventory--openRequestsSection-anchor","interaction":{"idSuffix":"BDI-content"}},"wdio_ui5_key":"applicationyardoverview-display-component---detailYardInventory--ObjectPageLayout-anchBar-application-yardoverview-display-component---detailYardInventory--openRequestsSection-anchor"}]}
RESULT: {"script":"<script> [1562 bytes]","args":[{"selector":{"id":"application-yardoverview-display-component---detailYardInventory--ObjectPageLayout-anchBar-application-yardoverview-display-component---detailYardInventory--openRequestsSection-anchor","interaction":{"idSuffix":"BDI-content"}},"wdio_ui5_key":"applicationyardoverview-display-component---detailYardInventory--ObjectPageLayout-anchBar-application-yardoverview-display-component---detailYardInventory--openRequestsSection-anchor"}]}
RESULT: undefined
COMMAND: POST /session/f07c5c959d0d14348fa4bc6d2271ab1f/element - {"using":"xpath","value":"//*[@id=\"application-yardoverview-display-component---detailYardInventory--ObjectPageLayout-anchBar-application-yardoverview-display-component---detailYardInventory--openRequestsSection-anchor\"]"}
RESULT: {"using":"xpath","value":"//*[@id=\"application-yardoverview-display-component---detailYardInventory--ObjectPageLayout-anchBar-application-yardoverview-display-component---detailYardInventory--openRequestsSection-anchor\"]"}
COMMAND: POST /session/f07c5c959d0d14348fa4bc6d2271ab1f/element/f.02E6C5F2549FB1A482A4D12844538C67.d.78779EA4A2508910361C93B1C8AA2F9C.e.4818/click - {}
RESULT: {}
COMMAND: GET /session/f07c5c959d0d14348fa4bc6d2271ab1f/screenshot - {}
RESULT: {}
COMMAND: POST /session/f07c5c959d0d14348fa4bc6d2271ab1f/element - {"using":"xpath","value":"//input[contains(@aria-labelledby ,\"INTERNAL_GROUP-request\")]"}
RESULT: {"using":"xpath","value":"//input[contains(@aria-labelledby ,\"INTERNAL_GROUP-request\")]"}
COMMAND: POST /session/f07c5c959d0d14348fa4bc6d2271ab1f/element/f.02E6C5F2549FB1A482A4D12844538C67.d.78779EA4A2508910361C93B1C8AA2F9C.e.4829/clear - {}
RESULT: {}
COMMAND: POST /session/f07c5c959d0d14348fa4bc6d2271ab1f/element/f.02E6C5F2549FB1A482A4D12844538C67.d.78779EA4A2508910361C93B1C8AA2F9C.e.4829/value - {"text":"20063"}
COMMAND: GET /session/f07c5c959d0d14348fa4bc6d2271ab1f/screenshot - {}
RESULT: {"text":"20063"}
COMMAND: GET /session/f07c5c959d0d14348fa4bc6d2271ab1f/screenshot - {}
RESULT: {}
RESULT: {}
COMMAND: POST /session/f07c5c959d0d14348fa4bc6d2271ab1f/actions - {"actions":[{"id":"action18","type":"key","parameters":{},"actions":[{"type":"keyDown","value":"î€‡"},{"type":"pause","duration":10},{"type":"keyUp","value":"î€‡"}]}]}
RESULT: {"actions":[{"id":"action18","type":"key","parameters":{},"actions":[{"type":"keyDown","value":"î€‡"},{"type":"pause","duration":10},{"type":"keyUp","value":"î€‡"}]}]}
COMMAND: POST /session/f07c5c959d0d14348fa4bc6d2271ab1f/element - {"using":"xpath","value":"//button[contains(@id,\"openRequests-triggerAction-autoplanBtn\")]"}
COMMAND: GET /session/f07c5c959d0d14348fa4bc6d2271ab1f/screenshot - {}
RESULT: {"using":"xpath","value":"//button[contains(@id,\"openRequests-triggerAction-autoplanBtn\")]"}
COMMAND: POST /session/f07c5c959d0d14348fa4bc6d2271ab1f/element/f.02E6C5F2549FB1A482A4D12844538C67.d.78779EA4A2508910361C93B1C8AA2F9C.e.4850/click - {}
RESULT: {}
RESULT: {}
COMMAND: GET /session/f07c5c959d0d14348fa4bc6d2271ab1f/screenshot - {}
RESULT: {}
COMMAND: POST /session/f07c5c959d0d14348fa4bc6d2271ab1f/execute/async - {"script":"<script> [1562 bytes]","args":[{"selector":{"id":"application-yardoverview-display-component---detailYardInventory--customRequestsTable-sa","interaction":{"idSuffix":"CbBg"}},"wdio_ui5_key":"applicationyardoverview-display-component---detailYardInventory--customRequestsTable-sa"}]}
RESULT: {"script":"<script> [1562 bytes]","args":[{"selector":{"id":"application-yardoverview-display-component---detailYardInventory--customRequestsTable-sa","interaction":{"idSuffix":"CbBg"}},"wdio_ui5_key":"applicationyardoverview-display-component---detailYardInventory--customRequestsTable-sa"}]}
RESULT: undefined
COMMAND: POST /session/f07c5c959d0d14348fa4bc6d2271ab1f/element - {"using":"xpath","value":"//*[@id=\"application-yardoverview-display-component---detailYardInventory--customRequestsTable-sa\"]"}
RESULT: {"using":"xpath","value":"//*[@id=\"application-yardoverview-display-component---detailYardInventory--customRequestsTable-sa\"]"}
COMMAND: POST /session/f07c5c959d0d14348fa4bc6d2271ab1f/element/f.02E6C5F2549FB1A482A4D12844538C67.d.78779EA4A2508910361C93B1C8AA2F9C.e.4873/click - {}
RESULT: {}
COMMAND: GET /session/f07c5c959d0d14348fa4bc6d2271ab1f/screenshot - {}
RESULT: {}
COMMAND: POST /session/f07c5c959d0d14348fa4bc6d2271ab1f/element - {"using":"xpath","value":"//button[contains(@id,\"openRequests-triggerAction-autoplanBtn\")]"}
RESULT: {"using":"xpath","value":"//button[contains(@id,\"openRequests-triggerAction-autoplanBtn\")]"}
COMMAND: POST /session/f07c5c959d0d14348fa4bc6d2271ab1f/element/f.02E6C5F2549FB1A482A4D12844538C67.d.78779EA4A2508910361C93B1C8AA2F9C.e.4850/click - {}
RESULT: {}
COMMAND: GET /session/f07c5c959d0d14348fa4bc6d2271ab1f/screenshot - {}
RESULT: {}
COMMAND: POST /session/f07c5c959d0d14348fa4bc6d2271ab1f/element - {"using":"xpath","value":"//button[.//bdi[contains(text(),\"OK\")]]"}
RESULT: {"using":"xpath","value":"//button[.//bdi[contains(text(),\"OK\")]]"}
COMMAND: POST /session/f07c5c959d0d14348fa4bc6d2271ab1f/element/f.02E6C5F2549FB1A482A4D12844538C67.d.78779EA4A2508910361C93B1C8AA2F9C.e.4874/click - {}
RESULT: {}
COMMAND: GET /session/f07c5c959d0d14348fa4bc6d2271ab1f/screenshot - {}
RESULT: {}
COMMAND: POST /session/f07c5c959d0d14348fa4bc6d2271ab1f/execute/async - {"script":"<script> [1562 bytes]","args":[{"selector":{"id":"application-yardoverview-display-component---detailYardInventory--refreshOpenRequests-img"},"wdio_ui5_key":"applicationyardoverview-display-component---detailYardInventory--refreshOpenRequests-img"}]}
RESULT: {"script":"<script> [1562 bytes]","args":[{"selector":{"id":"application-yardoverview-display-component---detailYardInventory--refreshOpenRequests-img"},"wdio_ui5_key":"applicationyardoverview-display-component---detailYardInventory--refreshOpenRequests-img"}]}
RESULT: undefined
COMMAND: POST /session/f07c5c959d0d14348fa4bc6d2271ab1f/element - {"using":"xpath","value":"//*[@id=\"application-yardoverview-display-component---detailYardInventory--refreshOpenRequests-img\"]"}
RESULT: {"using":"xpath","value":"//*[@id=\"application-yardoverview-display-component---detailYardInventory--refreshOpenRequests-img\"]"}
COMMAND: POST /session/f07c5c959d0d14348fa4bc6d2271ab1f/element/f.02E6C5F2549FB1A482A4D12844538C67.d.78779EA4A2508910361C93B1C8AA2F9C.e.4876/click - {}
RESULT: {}
COMMAND: GET /session/f07c5c959d0d14348fa4bc6d2271ab1f/screenshot - {}
RESULT: {}
COMMAND: POST /session/f07c5c959d0d14348fa4bc6d2271ab1f/execute/async - {"script":"<script> [1562 bytes]","args":[{"selector":{"id":"application-yardoverview-display-component---detailYardInventory--ObjectPageLayout-anchBar-application-yardoverview-display-component---detailYardInventory--openProvidesSection-anchor","interaction":{"idSuffix":"BDI-content"}},"wdio_ui5_key":"applicationyardoverview-display-component---detailYardInventory--ObjectPageLayout-anchBar-application-yardoverview-display-component---detailYardInventory--openProvidesSection-anchor"}]}
RESULT: {"script":"<script> [1562 bytes]","args":[{"selector":{"id":"application-yardoverview-display-component---detailYardInventory--ObjectPageLayout-anchBar-application-yardoverview-display-component---detailYardInventory--openProvidesSection-anchor","interaction":{"idSuffix":"BDI-content"}},"wdio_ui5_key":"applicationyardoverview-display-component---detailYardInventory--ObjectPageLayout-anchBar-application-yardoverview-display-component---detailYardInventory--openProvidesSection-anchor"}]}
RESULT: undefined
COMMAND: POST /session/f07c5c959d0d14348fa4bc6d2271ab1f/element - {"using":"xpath","value":"//*[@id=\"application-yardoverview-display-component---detailYardInventory--ObjectPageLayout-anchBar-application-yardoverview-display-component---detailYardInventory--openProvidesSection-anchor\"]"}
RESULT: {"using":"xpath","value":"//*[@id=\"application-yardoverview-display-component---detailYardInventory--ObjectPageLayout-anchBar-application-yardoverview-display-component---detailYardInventory--openProvidesSection-anchor\"]"}
COMMAND: POST /session/f07c5c959d0d14348fa4bc6d2271ab1f/element/f.02E6C5F2549FB1A482A4D12844538C67.d.78779EA4A2508910361C93B1C8AA2F9C.e.4880/click - {}
RESULT: {}
COMMAND: GET /session/f07c5c959d0d14348fa4bc6d2271ab1f/screenshot - {}
RESULT: {}
COMMAND: POST /session/f07c5c959d0d14348fa4bc6d2271ab1f/element - {"using":"css selector","value":"#shell-header-logo"}
RESULT: {"using":"css selector","value":"#shell-header-logo"}
COMMAND: POST /session/f07c5c959d0d14348fa4bc6d2271ab1f/element/f.02E6C5F2549FB1A482A4D12844538C67.d.78779EA4A2508910361C93B1C8AA2F9C.e.4658/click - {}
RESULT: {}
COMMAND: GET /session/f07c5c959d0d14348fa4bc6d2271ab1f/screenshot - {}
RESULT: {}
RESULT: undefined
COMMAND: POST /session/f07c5c959d0d14348fa4bc6d2271ab1f/element - {"using":"xpath","value":"//*[@id=\"__tile47-title\"]"}
RESULT: {"using":"xpath","value":"//*[@id=\"__tile47-title\"]"}
COMMAND: POST /session/f07c5c959d0d14348fa4bc6d2271ab1f/element/f.02E6C5F2549FB1A482A4D12844538C67.d.78779EA4A2508910361C93B1C8AA2F9C.e.3815/click - {}
RESULT: {}
COMMAND: GET /session/f07c5c959d0d14348fa4bc6d2271ab1f/screenshot - {}
RESULT: {}
COMMAND: POST /session/f07c5c959d0d14348fa4bc6d2271ab1f/execute/async - {"script":"<script> [1562 bytes]","args":[{"selector":{"controlType":"sap.m.SearchField","viewName":"etm.portal.ui.managerequests.view.Master","bindingPath":{"path":"","propertyPath":"/_BASIC_SEARCH_FIELD","modelName":"fi1t3rM0d31"},"interaction":{"idSuffix":"I"}},"wdio_ui5_key":"etmportal.ui.managerequests.view.Mastersap.m.SearchField{\"path\":\"\",\"propertyPath\":\"/_BASIC_SEARCH_FIELD\",\"modelName\":\"fi1t3rM0d31\"}"}]}
RESULT: {"script":"<script> [1562 bytes]","args":[{"selector":{"controlType":"sap.m.SearchField","viewName":"etm.portal.ui.managerequests.view.Master","bindingPath":{"path":"","propertyPath":"/_BASIC_SEARCH_FIELD","modelName":"fi1t3rM0d31"},"interaction":{"idSuffix":"I"}},"wdio_ui5_key":"etmportal.ui.managerequests.view.Mastersap.m.SearchField{\"path\":\"\",\"propertyPath\":\"/_BASIC_SEARCH_FIELD\",\"modelName\":\"fi1t3rM0d31\"}"}]}
RESULT: undefined
COMMAND: POST /session/f07c5c959d0d14348fa4bc6d2271ab1f/execute/async - {"script":"<script> [776 bytes]","args":[{"enterText":"20063","selector":{"controlType":"sap.m.SearchField","viewName":"etm.portal.ui.managerequests.view.Master","bindingPath":{"path":"","propertyPath":"/_BASIC_SEARCH_FIELD","modelName":"fi1t3rM0d31"},"interaction":{"idSuffix":"I"}},"clearTextFirst":true,"interactionType":"ENTER_TEXT"}]}
RESULT: {"script":"<script> [776 bytes]","args":[{"enterText":"20063","selector":{"controlType":"sap.m.SearchField","viewName":"etm.portal.ui.managerequests.view.Master","bindingPath":{"path":"","propertyPath":"/_BASIC_SEARCH_FIELD","modelName":"fi1t3rM0d31"},"interaction":{"idSuffix":"I"}},"clearTextFirst":true,"interactionType":"ENTER_TEXT"}]}
COMMAND: POST /session/f07c5c959d0d14348fa4bc6d2271ab1f/actions - {"actions":[{"id":"action19","type":"key","parameters":{},"actions":[{"type":"keyDown","value":"î€‡"},{"type":"pause","duration":10},{"type":"keyUp","value":"î€‡"}]}]}
RESULT: {"actions":[{"id":"action19","type":"key","parameters":{},"actions":[{"type":"keyDown","value":"î€‡"},{"type":"pause","duration":10},{"type":"keyUp","value":"î€‡"}]}]}
COMMAND: GET /session/f07c5c959d0d14348fa4bc6d2271ab1f/screenshot - {}
RESULT: {}
COMMAND: POST /session/f07c5c959d0d14348fa4bc6d2271ab1f/execute/async - {"script":"<script> [1562 bytes]","args":[{"selector":{"controlType":"sap.m.ObjectNumber","viewName":"etm.portal.ui.managerequests.view.Master","bindingPath":{"propertyPath":"IN_USE_FOR"},"interaction":{"idSuffix":"number"}},"wdio_ui5_key":"etmportal.ui.managerequests.view.Mastersap.m.ObjectNumber{\"propertyPath\":\"IN_USE_FOR\"}"}]}
RESULT: {"script":"<script> [1562 bytes]","args":[{"selector":{"controlType":"sap.m.ObjectNumber","viewName":"etm.portal.ui.managerequests.view.Master","bindingPath":{"propertyPath":"IN_USE_FOR"},"interaction":{"idSuffix":"number"}},"wdio_ui5_key":"etmportal.ui.managerequests.view.Mastersap.m.ObjectNumber{\"propertyPath\":\"IN_USE_FOR\"}"}]}
RESULT: undefined
COMMAND: POST /session/f07c5c959d0d14348fa4bc6d2271ab1f/element - {"using":"xpath","value":"//*[@id=\"__number8-__clone1463\"]"}
RESULT: {"using":"xpath","value":"//*[@id=\"__number8-__clone1463\"]"}
COMMAND: POST /session/f07c5c959d0d14348fa4bc6d2271ab1f/element/f.02E6C5F2549FB1A482A4D12844538C67.d.78779EA4A2508910361C93B1C8AA2F9C.e.5022/click - {}
RESULT: {}
COMMAND: POST /session/f07c5c959d0d14348fa4bc6d2271ab1f/execute/async - {"script":"<script> [1562 bytes]","args":[{"selector":{"controlType":"sap.m.ObjectStatus","viewName":"etm.portal.ui.managerequests.view.Detail","bindingPath":{"propertyPath":"LINK_TO_STATUS/DESCRIPTION","modelName":"catalogModel"}},"wdio_ui5_key":"etmportal.ui.managerequests.view.Detailsap.m.ObjectStatus{\"propertyPath\":\"LINK_TO_STATUS/DESCRIPTION\",\"modelName\":\"catalogModel\"}"}]}
COMMAND: GET /session/f07c5c959d0d14348fa4bc6d2271ab1f/screenshot - {}
RESULT: {"script":"<script> [1562 bytes]","args":[{"selector":{"controlType":"sap.m.ObjectStatus","viewName":"etm.portal.ui.managerequests.view.Detail","bindingPath":{"propertyPath":"LINK_TO_STATUS/DESCRIPTION","modelName":"catalogModel"}},"wdio_ui5_key":"etmportal.ui.managerequests.view.Detailsap.m.ObjectStatus{\"propertyPath\":\"LINK_TO_STATUS/DESCRIPTION\",\"modelName\":\"catalogModel\"}"}]}
RESULT: undefined
COMMAND: POST /session/f07c5c959d0d14348fa4bc6d2271ab1f/execute/async - {"script":"<script> [6424 bytes]","args":[{"element-6066-11e4-a52e-4f735466cecf":"f.02E6C5F2549FB1A482A4D12844538C67.d.78779EA4A2508910361C93B1C8AA2F9C.e.5252"},"getText",[]]}
RESULT: {}
RESULT: {"script":"<script> [6424 bytes]","args":[{"element-6066-11e4-a52e-4f735466cecf":"f.02E6C5F2549FB1A482A4D12844538C67.d.78779EA4A2508910361C93B1C8AA2F9C.e.5252"},"getText",[]]}
COMMAND: POST /session/f07c5c959d0d14348fa4bc6d2271ab1f/element - {"using":"css selector","value":"#shell-header-logo"}
RESULT: {"using":"css selector","value":"#shell-header-logo"}
COMMAND: POST /session/f07c5c959d0d14348fa4bc6d2271ab1f/element/f.02E6C5F2549FB1A482A4D12844538C67.d.78779EA4A2508910361C93B1C8AA2F9C.e.4897/click - {}
RESULT: {}
COMMAND: GET /session/f07c5c959d0d14348fa4bc6d2271ab1f/screenshot - {}
RESULT: {}
COMMAND: DELETE /session/f07c5c959d0d14348fa4bc6d2271ab1f - {}
RESULT: {}
]]></system-out>
    </testcase>
  </testsuite>
</testsuites>