<?xml version="1.0" encoding="UTF-8"?>
<testsuites tests="58" failures="31" errors="31" skipped="0">
  <testsuite timestamp="2025-06-12T17:08:01" time="907.559" tests="11" failures="5" errors="5" skipped="0">
    <properties>
      <property name="specId" value="0" />
      <property name="suiteName" value="Billing confirm US117289" />
      <property name="capabilities" value="chrome.137_0_7151_69.windows" />
      <property name="file" value="file:///D:/a/1/s/test/specs/BTS/billing-confirm.spec.js" />
    </properties>
    <testcase classname="chrome.137_0_7151_69.windows.Billing_confirm_US117289" name="Should create a new yard" time="124.088">
      <system-out><![CDATA[
COMMAND: POST /session/d392767a950b32be403e8af6fd22bfea/window/fullscreen - {}
RESULT: {}
COMMAND: POST /session/d392767a950b32be403e8af6fd22bfea/execute/async - {"script":"<script> [1562 bytes]","args":[{"selector":{"controlType":"sap.m.GenericTile","properties":{"header":"Manage Yards"}},"wdio_ui5_key":"sapm.GenericTile{\"header\":\"Manage Yards\"}"}]}
RESULT: {"script":"<script> [1562 bytes]","args":[{"selector":{"controlType":"sap.m.GenericTile","properties":{"header":"Manage Yards"}},"wdio_ui5_key":"sapm.GenericTile{\"header\":\"Manage Yards\"}"}]}
RESULT: undefined
COMMAND: POST /session/d392767a950b32be403e8af6fd22bfea/element - {"using":"xpath","value":"//*[@id=\"__tile42\"]"}
RESULT: {"using":"xpath","value":"//*[@id=\"__tile42\"]"}
COMMAND: POST /session/d392767a950b32be403e8af6fd22bfea/element/f.609CE4280A85363DBD46210BE265599D.d.0A30A9B5C97E4AE0A316A59C06D9C5FA.e.168/click - {}
RESULT: {}
COMMAND: GET /session/d392767a950b32be403e8af6fd22bfea/screenshot - {}
RESULT: {}
COMMAND: POST /session/d392767a950b32be403e8af6fd22bfea/elements - {"using":"xpath","value":"//span[text()='Error']"}
RESULT: {"using":"xpath","value":"//span[text()='Error']"}
COMMAND: POST /session/d392767a950b32be403e8af6fd22bfea/element - {"using":"xpath","value":"//button[@data-kt=\"addNewYardOverflowToolbarButton\"]"}
RESULT: {"using":"xpath","value":"//button[@data-kt=\"addNewYardOverflowToolbarButton\"]"}
COMMAND: POST /session/d392767a950b32be403e8af6fd22bfea/elements - {"using":"xpath","value":"//button[@data-kt=\"addNewYardOverflowToolbarButton\"]"}
RESULT: {"using":"xpath","value":"//button[@data-kt=\"addNewYardOverflowToolbarButton\"]"}
COMMAND: POST /session/d392767a950b32be403e8af6fd22bfea/elements - {"using":"xpath","value":"//button[@data-kt=\"addNewYardOverflowToolbarButton\"]"}
RESULT: {"using":"xpath","value":"//button[@data-kt=\"addNewYardOverflowToolbarButton\"]"}
COMMAND: POST /session/d392767a950b32be403e8af6fd22bfea/elements - {"using":"xpath","value":"//button[@data-kt=\"addNewYardOverflowToolbarButton\"]"}
RESULT: {"using":"xpath","value":"//button[@data-kt=\"addNewYardOverflowToolbarButton\"]"}
COMMAND: POST /session/d392767a950b32be403e8af6fd22bfea/elements - {"using":"xpath","value":"//button[@data-kt=\"addNewYardOverflowToolbarButton\"]"}
RESULT: {"using":"xpath","value":"//button[@data-kt=\"addNewYardOverflowToolbarButton\"]"}
COMMAND: POST /session/d392767a950b32be403e8af6fd22bfea/elements - {"using":"xpath","value":"//button[@data-kt=\"addNewYardOverflowToolbarButton\"]"}
RESULT: {"using":"xpath","value":"//button[@data-kt=\"addNewYardOverflowToolbarButton\"]"}
COMMAND: POST /session/d392767a950b32be403e8af6fd22bfea/elements - {"using":"xpath","value":"//button[@data-kt=\"addNewYardOverflowToolbarButton\"]"}
RESULT: {"using":"xpath","value":"//button[@data-kt=\"addNewYardOverflowToolbarButton\"]"}
COMMAND: POST /session/d392767a950b32be403e8af6fd22bfea/elements - {"using":"xpath","value":"//button[@data-kt=\"addNewYardOverflowToolbarButton\"]"}
RESULT: {"using":"xpath","value":"//button[@data-kt=\"addNewYardOverflowToolbarButton\"]"}
COMMAND: POST /session/d392767a950b32be403e8af6fd22bfea/elements - {"using":"xpath","value":"//button[@data-kt=\"addNewYardOverflowToolbarButton\"]"}
RESULT: {"using":"xpath","value":"//button[@data-kt=\"addNewYardOverflowToolbarButton\"]"}
COMMAND: POST /session/d392767a950b32be403e8af6fd22bfea/elements - {"using":"xpath","value":"//button[@data-kt=\"addNewYardOverflowToolbarButton\"]"}
RESULT: {"using":"xpath","value":"//button[@data-kt=\"addNewYardOverflowToolbarButton\"]"}
COMMAND: POST /session/d392767a950b32be403e8af6fd22bfea/elements - {"using":"xpath","value":"//button[@data-kt=\"addNewYardOverflowToolbarButton\"]"}
RESULT: {"using":"xpath","value":"//button[@data-kt=\"addNewYardOverflowToolbarButton\"]"}
COMMAND: POST /session/d392767a950b32be403e8af6fd22bfea/elements - {"using":"xpath","value":"//button[@data-kt=\"addNewYardOverflowToolbarButton\"]"}
RESULT: {"using":"xpath","value":"//button[@data-kt=\"addNewYardOverflowToolbarButton\"]"}
COMMAND: POST /session/d392767a950b32be403e8af6fd22bfea/elements - {"using":"xpath","value":"//button[@data-kt=\"addNewYardOverflowToolbarButton\"]"}
RESULT: {"using":"xpath","value":"//button[@data-kt=\"addNewYardOverflowToolbarButton\"]"}
COMMAND: POST /session/d392767a950b32be403e8af6fd22bfea/elements - {"using":"xpath","value":"//button[@data-kt=\"addNewYardOverflowToolbarButton\"]"}
RESULT: {"using":"xpath","value":"//button[@data-kt=\"addNewYardOverflowToolbarButton\"]"}
COMMAND: POST /session/d392767a950b32be403e8af6fd22bfea/elements - {"using":"xpath","value":"//button[@data-kt=\"addNewYardOverflowToolbarButton\"]"}
RESULT: {"using":"xpath","value":"//button[@data-kt=\"addNewYardOverflowToolbarButton\"]"}
COMMAND: POST /session/d392767a950b32be403e8af6fd22bfea/elements - {"using":"xpath","value":"//button[@data-kt=\"addNewYardOverflowToolbarButton\"]"}
RESULT: {"using":"xpath","value":"//button[@data-kt=\"addNewYardOverflowToolbarButton\"]"}
COMMAND: POST /session/d392767a950b32be403e8af6fd22bfea/element - {"using":"xpath","value":"//button[@data-kt=\"addNewYardOverflowToolbarButton\"]"}
RESULT: {"using":"xpath","value":"//button[@data-kt=\"addNewYardOverflowToolbarButton\"]"}
COMMAND: POST /session/d392767a950b32be403e8af6fd22bfea/execute/sync - {"script":"<script> [8489 bytes]","args":[{"element-6066-11e4-a52e-4f735466cecf":"f.609CE4280A85363DBD46210BE265599D.d.0A30A9B5C97E4AE0A316A59C06D9C5FA.e.299","ELEMENT":"f.609CE4280A85363DBD46210BE265599D.d.0A30A9B5C97E4AE0A316A59C06D9C5FA.e.299"}]}
RESULT: {"script":"<script> [8489 bytes]","args":[{"element-6066-11e4-a52e-4f735466cecf":"f.609CE4280A85363DBD46210BE265599D.d.0A30A9B5C97E4AE0A316A59C06D9C5FA.e.299","ELEMENT":"f.609CE4280A85363DBD46210BE265599D.d.0A30A9B5C97E4AE0A316A59C06D9C5FA.e.299"}]}
COMMAND: GET /session/d392767a950b32be403e8af6fd22bfea/element/f.609CE4280A85363DBD46210BE265599D.d.0A30A9B5C97E4AE0A316A59C06D9C5FA.e.299/enabled - {}
COMMAND: GET /session/d392767a950b32be403e8af6fd22bfea/screenshot - {}
RESULT: {}
COMMAND: POST /session/d392767a950b32be403e8af6fd22bfea/execute/sync - {"script":"<script> [8489 bytes]","args":[{"element-6066-11e4-a52e-4f735466cecf":"f.609CE4280A85363DBD46210BE265599D.d.0A30A9B5C97E4AE0A316A59C06D9C5FA.e.299","ELEMENT":"f.609CE4280A85363DBD46210BE265599D.d.0A30A9B5C97E4AE0A316A59C06D9C5FA.e.299"}]}
COMMAND: GET /session/d392767a950b32be403e8af6fd22bfea/screenshot - {}
RESULT: {}
RESULT: {"script":"<script> [8489 bytes]","args":[{"element-6066-11e4-a52e-4f735466cecf":"f.609CE4280A85363DBD46210BE265599D.d.0A30A9B5C97E4AE0A316A59C06D9C5FA.e.299","ELEMENT":"f.609CE4280A85363DBD46210BE265599D.d.0A30A9B5C97E4AE0A316A59C06D9C5FA.e.299"}]}
COMMAND: POST /session/d392767a950b32be403e8af6fd22bfea/execute/sync - {"script":"<script> [5351 bytes]","args":[{"element-6066-11e4-a52e-4f735466cecf":"f.609CE4280A85363DBD46210BE265599D.d.0A30A9B5C97E4AE0A316A59C06D9C5FA.e.299","ELEMENT":"f.609CE4280A85363DBD46210BE265599D.d.0A30A9B5C97E4AE0A316A59C06D9C5FA.e.299"}]}
COMMAND: GET /session/d392767a950b32be403e8af6fd22bfea/screenshot - {}
RESULT: {}
RESULT: {"script":"<script> [5351 bytes]","args":[{"element-6066-11e4-a52e-4f735466cecf":"f.609CE4280A85363DBD46210BE265599D.d.0A30A9B5C97E4AE0A316A59C06D9C5FA.e.299","ELEMENT":"f.609CE4280A85363DBD46210BE265599D.d.0A30A9B5C97E4AE0A316A59C06D9C5FA.e.299"}]}
COMMAND: POST /session/d392767a950b32be403e8af6fd22bfea/element/f.609CE4280A85363DBD46210BE265599D.d.0A30A9B5C97E4AE0A316A59C06D9C5FA.e.299/click - {}
COMMAND: GET /session/d392767a950b32be403e8af6fd22bfea/screenshot - {}
RESULT: {}
RESULT: {}
COMMAND: GET /session/d392767a950b32be403e8af6fd22bfea/screenshot - {}
RESULT: {}
RESULT: {}
COMMAND: POST /session/d392767a950b32be403e8af6fd22bfea/element - {"using":"xpath","value":"//input[@id=\"application-manageyards-display-component---NewYard--yardId-inner\"]"}
RESULT: {"using":"xpath","value":"//input[@id=\"application-manageyards-display-component---NewYard--yardId-inner\"]"}
COMMAND: POST /session/d392767a950b32be403e8af6fd22bfea/element - {"using":"xpath","value":"//input[@id=\"application-manageyards-display-component---NewYard--yardId-inner\"]"}
RESULT: {"using":"xpath","value":"//input[@id=\"application-manageyards-display-component---NewYard--yardId-inner\"]"}
COMMAND: POST /session/d392767a950b32be403e8af6fd22bfea/execute/async - {"script":"<script> [1562 bytes]","args":[{"selector":{"id":"application-manageyards-display-component---NewYard--addressDetailDetailsName1","interaction":{"idSuffix":"inner"}},"wdio_ui5_key":"applicationmanageyards-display-component---NewYard--addressDetailDetailsName1"}]}
RESULT: {"script":"<script> [1562 bytes]","args":[{"selector":{"id":"application-manageyards-display-component---NewYard--addressDetailDetailsName1","interaction":{"idSuffix":"inner"}},"wdio_ui5_key":"applicationmanageyards-display-component---NewYard--addressDetailDetailsName1"}]}
RESULT: undefined
COMMAND: POST /session/d392767a950b32be403e8af6fd22bfea/execute/async - {"script":"<script> [776 bytes]","args":[{"enterText":"Intracompany Yard wdIO","selector":{"id":"application-manageyards-display-component---NewYard--addressDetailDetailsName1","interaction":{"idSuffix":"inner"}},"clearTextFirst":true,"interactionType":"ENTER_TEXT"}]}
RESULT: {"script":"<script> [776 bytes]","args":[{"enterText":"Intracompany Yard wdIO","selector":{"id":"application-manageyards-display-component---NewYard--addressDetailDetailsName1","interaction":{"idSuffix":"inner"}},"clearTextFirst":true,"interactionType":"ENTER_TEXT"}]}
COMMAND: POST /session/d392767a950b32be403e8af6fd22bfea/execute/async - {"script":"<script> [1562 bytes]","args":[{"selector":{"id":"application-manageyards-display-component---NewYard--addressDetailDetailsLanguage-arrow"},"wdio_ui5_key":"applicationmanageyards-display-component---NewYard--addressDetailDetailsLanguage-arrow"}]}
RESULT: {"script":"<script> [1562 bytes]","args":[{"selector":{"id":"application-manageyards-display-component---NewYard--addressDetailDetailsLanguage-arrow"},"wdio_ui5_key":"applicationmanageyards-display-component---NewYard--addressDetailDetailsLanguage-arrow"}]}
RESULT: undefined
COMMAND: POST /session/d392767a950b32be403e8af6fd22bfea/element - {"using":"xpath","value":"//*[@id=\"application-manageyards-display-component---NewYard--addressDetailDetailsLanguage-arrow\"]"}
RESULT: {"using":"xpath","value":"//*[@id=\"application-manageyards-display-component---NewYard--addressDetailDetailsLanguage-arrow\"]"}
COMMAND: POST /session/d392767a950b32be403e8af6fd22bfea/element/f.609CE4280A85363DBD46210BE265599D.d.0A30A9B5C97E4AE0A316A59C06D9C5FA.e.719/click - {}
RESULT: {}
COMMAND: POST /session/d392767a950b32be403e8af6fd22bfea/element - {"using":"xpath","value":"//span[contains(text(), \"English\")]"}
COMMAND: GET /session/d392767a950b32be403e8af6fd22bfea/screenshot - {}
RESULT: {"using":"xpath","value":"//span[contains(text(), \"English\")]"}
COMMAND: POST /session/d392767a950b32be403e8af6fd22bfea/element/f.609CE4280A85363DBD46210BE265599D.d.0A30A9B5C97E4AE0A316A59C06D9C5FA.e.720/click - {}
RESULT: {}
RESULT: {}
COMMAND: POST /session/d392767a950b32be403e8af6fd22bfea/execute/async - {"script":"<script> [1562 bytes]","args":[{"selector":{"id":"application-manageyards-display-component---NewYard--addressDetailDetailsCity1","interaction":{"idSuffix":"inner"}},"wdio_ui5_key":"applicationmanageyards-display-component---NewYard--addressDetailDetailsCity1"}]}
COMMAND: GET /session/d392767a950b32be403e8af6fd22bfea/screenshot - {}
RESULT: {"script":"<script> [1562 bytes]","args":[{"selector":{"id":"application-manageyards-display-component---NewYard--addressDetailDetailsCity1","interaction":{"idSuffix":"inner"}},"wdio_ui5_key":"applicationmanageyards-display-component---NewYard--addressDetailDetailsCity1"}]}
RESULT: undefined
COMMAND: POST /session/d392767a950b32be403e8af6fd22bfea/execute/async - {"script":"<script> [776 bytes]","args":[{"enterText":"Rosario","selector":{"id":"application-manageyards-display-component---NewYard--addressDetailDetailsCity1","interaction":{"idSuffix":"inner"}},"clearTextFirst":true,"interactionType":"ENTER_TEXT"}]}
RESULT: {}
RESULT: {"script":"<script> [776 bytes]","args":[{"enterText":"Rosario","selector":{"id":"application-manageyards-display-component---NewYard--addressDetailDetailsCity1","interaction":{"idSuffix":"inner"}},"clearTextFirst":true,"interactionType":"ENTER_TEXT"}]}
COMMAND: POST /session/d392767a950b32be403e8af6fd22bfea/execute/async - {"script":"<script> [1562 bytes]","args":[{"selector":{"id":"application-manageyards-display-component---NewYard--addressDetailDetailsCountry-arrow"},"wdio_ui5_key":"applicationmanageyards-display-component---NewYard--addressDetailDetailsCountry-arrow"}]}
RESULT: {"script":"<script> [1562 bytes]","args":[{"selector":{"id":"application-manageyards-display-component---NewYard--addressDetailDetailsCountry-arrow"},"wdio_ui5_key":"applicationmanageyards-display-component---NewYard--addressDetailDetailsCountry-arrow"}]}
RESULT: undefined
COMMAND: POST /session/d392767a950b32be403e8af6fd22bfea/element - {"using":"xpath","value":"//*[@id=\"application-manageyards-display-component---NewYard--addressDetailDetailsCountry-arrow\"]"}
RESULT: {"using":"xpath","value":"//*[@id=\"application-manageyards-display-component---NewYard--addressDetailDetailsCountry-arrow\"]"}
COMMAND: POST /session/d392767a950b32be403e8af6fd22bfea/element/f.609CE4280A85363DBD46210BE265599D.d.0A30A9B5C97E4AE0A316A59C06D9C5FA.e.722/click - {}
RESULT: {}
COMMAND: POST /session/d392767a950b32be403e8af6fd22bfea/element - {"using":"xpath","value":"//span[contains(text(), \"Argentina\")]"}
COMMAND: GET /session/d392767a950b32be403e8af6fd22bfea/screenshot - {}
RESULT: {"using":"xpath","value":"//span[contains(text(), \"Argentina\")]"}
COMMAND: POST /session/d392767a950b32be403e8af6fd22bfea/element/f.609CE4280A85363DBD46210BE265599D.d.0A30A9B5C97E4AE0A316A59C06D9C5FA.e.723/click - {}
RESULT: {}
RESULT: {}
COMMAND: POST /session/d392767a950b32be403e8af6fd22bfea/execute/async - {"script":"<script> [1562 bytes]","args":[{"selector":{"id":"application-manageyards-display-component---NewYard--addressEditDetailsCostObjectCstType-arrow"},"wdio_ui5_key":"applicationmanageyards-display-component---NewYard--addressEditDetailsCostObjectCstType-arrow"}]}
COMMAND: GET /session/d392767a950b32be403e8af6fd22bfea/screenshot - {}
RESULT: {"script":"<script> [1562 bytes]","args":[{"selector":{"id":"application-manageyards-display-component---NewYard--addressEditDetailsCostObjectCstType-arrow"},"wdio_ui5_key":"applicationmanageyards-display-component---NewYard--addressEditDetailsCostObjectCstType-arrow"}]}
RESULT: undefined
COMMAND: POST /session/d392767a950b32be403e8af6fd22bfea/element - {"using":"xpath","value":"//*[@id=\"application-manageyards-display-component---NewYard--addressEditDetailsCostObjectCstType-arrow\"]"}
RESULT: {}
RESULT: {"using":"xpath","value":"//*[@id=\"application-manageyards-display-component---NewYard--addressEditDetailsCostObjectCstType-arrow\"]"}
COMMAND: POST /session/d392767a950b32be403e8af6fd22bfea/element/f.609CE4280A85363DBD46210BE265599D.d.0A30A9B5C97E4AE0A316A59C06D9C5FA.e.725/click - {}
RESULT: {}
COMMAND: POST /session/d392767a950b32be403e8af6fd22bfea/element - {"using":"xpath","value":"//span[contains(text(), \"Cost Center\")]"}
COMMAND: GET /session/d392767a950b32be403e8af6fd22bfea/screenshot - {}
RESULT: {"using":"xpath","value":"//span[contains(text(), \"Cost Center\")]"}
COMMAND: POST /session/d392767a950b32be403e8af6fd22bfea/element/f.609CE4280A85363DBD46210BE265599D.d.0A30A9B5C97E4AE0A316A59C06D9C5FA.e.726/click - {}
RESULT: {}
RESULT: {}
COMMAND: GET /session/d392767a950b32be403e8af6fd22bfea/screenshot - {}
RESULT: {}
COMMAND: POST /session/d392767a950b32be403e8af6fd22bfea/element - {"using":"xpath","value":"//span[@id=\"application-manageyards-display-component---NewYard--addressNewCostObjectCstID-vhi\"]"}
RESULT: {"using":"xpath","value":"//span[@id=\"application-manageyards-display-component---NewYard--addressNewCostObjectCstID-vhi\"]"}
COMMAND: POST /session/d392767a950b32be403e8af6fd22bfea/execute/sync - {"script":"<script> [8489 bytes]","args":[{"element-6066-11e4-a52e-4f735466cecf":"f.609CE4280A85363DBD46210BE265599D.d.0A30A9B5C97E4AE0A316A59C06D9C5FA.e.730","ELEMENT":"f.609CE4280A85363DBD46210BE265599D.d.0A30A9B5C97E4AE0A316A59C06D9C5FA.e.730"}]}
RESULT: {"script":"<script> [8489 bytes]","args":[{"element-6066-11e4-a52e-4f735466cecf":"f.609CE4280A85363DBD46210BE265599D.d.0A30A9B5C97E4AE0A316A59C06D9C5FA.e.730","ELEMENT":"f.609CE4280A85363DBD46210BE265599D.d.0A30A9B5C97E4AE0A316A59C06D9C5FA.e.730"}]}
COMMAND: POST /session/d392767a950b32be403e8af6fd22bfea/execute/async - {"script":"<script> [1562 bytes]","args":[{"selector":{"id":"application-manageyards-display-component---NewYard--addressNewCostObjectCstID-vhi"},"wdio_ui5_key":"applicationmanageyards-display-component---NewYard--addressNewCostObjectCstID-vhi"}]}
COMMAND: GET /session/d392767a950b32be403e8af6fd22bfea/screenshot - {}
RESULT: {"script":"<script> [1562 bytes]","args":[{"selector":{"id":"application-manageyards-display-component---NewYard--addressNewCostObjectCstID-vhi"},"wdio_ui5_key":"applicationmanageyards-display-component---NewYard--addressNewCostObjectCstID-vhi"}]}
RESULT: undefined
COMMAND: POST /session/d392767a950b32be403e8af6fd22bfea/element - {"using":"xpath","value":"//*[@id=\"application-manageyards-display-component---NewYard--addressNewCostObjectCstID-vhi\"]"}
RESULT: {}
RESULT: {"using":"xpath","value":"//*[@id=\"application-manageyards-display-component---NewYard--addressNewCostObjectCstID-vhi\"]"}
COMMAND: POST /session/d392767a950b32be403e8af6fd22bfea/element/f.609CE4280A85363DBD46210BE265599D.d.0A30A9B5C97E4AE0A316A59C06D9C5FA.e.730/click - {}
RESULT: {}
COMMAND: GET /session/d392767a950b32be403e8af6fd22bfea/screenshot - {}
RESULT: {}
COMMAND: POST /session/d392767a950b32be403e8af6fd22bfea/execute/async - {"script":"<script> [1562 bytes]","args":[{"selector":{"controlType":"sap.m.SearchField","properties":{"placeholder":"Search"},"searchOpenDialogs":true,"interaction":{"idSuffix":"I"}},"wdio_ui5_key":"sapm.SearchField{\"placeholder\":\"Search\"}"}]}
RESULT: {"script":"<script> [1562 bytes]","args":[{"selector":{"controlType":"sap.m.SearchField","properties":{"placeholder":"Search"},"searchOpenDialogs":true,"interaction":{"idSuffix":"I"}},"wdio_ui5_key":"sapm.SearchField{\"placeholder\":\"Search\"}"}]}
RESULT: undefined
COMMAND: POST /session/d392767a950b32be403e8af6fd22bfea/execute/async - {"script":"<script> [776 bytes]","args":[{"enterText":"bauh_b","selector":{"controlType":"sap.m.SearchField","properties":{"placeholder":"Search"},"searchOpenDialogs":true,"interaction":{"idSuffix":"I"}},"clearTextFirst":true,"interactionType":"ENTER_TEXT"}]}
RESULT: {"script":"<script> [776 bytes]","args":[{"enterText":"bauh_b","selector":{"controlType":"sap.m.SearchField","properties":{"placeholder":"Search"},"searchOpenDialogs":true,"interaction":{"idSuffix":"I"}},"clearTextFirst":true,"interactionType":"ENTER_TEXT"}]}
COMMAND: POST /session/d392767a950b32be403e8af6fd22bfea/actions - {"actions":[{"id":"action1","type":"key","parameters":{},"actions":[{"type":"keyDown","value":"î€‡"},{"type":"pause","duration":10},{"type":"keyUp","value":"î€‡"}]}]}
RESULT: {"actions":[{"id":"action1","type":"key","parameters":{},"actions":[{"type":"keyDown","value":"î€‡"},{"type":"pause","duration":10},{"type":"keyUp","value":"î€‡"}]}]}
COMMAND: GET /session/d392767a950b32be403e8af6fd22bfea/screenshot - {}
RESULT: {}
COMMAND: POST /session/d392767a950b32be403e8af6fd22bfea/element - {"using":"xpath","value":"//span[contains(text(), \"Demo Yard\")]"}
RESULT: {"using":"xpath","value":"//span[contains(text(), \"Demo Yard\")]"}
COMMAND: POST /session/d392767a950b32be403e8af6fd22bfea/element/f.609CE4280A85363DBD46210BE265599D.d.0A30A9B5C97E4AE0A316A59C06D9C5FA.e.770/click - {}
RESULT: {}
COMMAND: GET /session/d392767a950b32be403e8af6fd22bfea/screenshot - {}
RESULT: {}
COMMAND: POST /session/d392767a950b32be403e8af6fd22bfea/element - {"using":"xpath","value":"//bdi[contains(text(), \"OK\")]"}
RESULT: {"using":"xpath","value":"//bdi[contains(text(), \"OK\")]"}
COMMAND: POST /session/d392767a950b32be403e8af6fd22bfea/element/f.609CE4280A85363DBD46210BE265599D.d.0A30A9B5C97E4AE0A316A59C06D9C5FA.e.771/click - {}
RESULT: {}
COMMAND: GET /session/d392767a950b32be403e8af6fd22bfea/screenshot - {}
RESULT: {}
COMMAND: POST /session/d392767a950b32be403e8af6fd22bfea/execute/async - {"script":"<script> [1562 bytes]","args":[{"selector":{"id":"application-manageyards-display-component---NewYard--addressEditDetailsCurrency-arrow"},"wdio_ui5_key":"applicationmanageyards-display-component---NewYard--addressEditDetailsCurrency-arrow"}]}
RESULT: {"script":"<script> [1562 bytes]","args":[{"selector":{"id":"application-manageyards-display-component---NewYard--addressEditDetailsCurrency-arrow"},"wdio_ui5_key":"applicationmanageyards-display-component---NewYard--addressEditDetailsCurrency-arrow"}]}
RESULT: undefined
COMMAND: POST /session/d392767a950b32be403e8af6fd22bfea/element - {"using":"xpath","value":"//*[@id=\"application-manageyards-display-component---NewYard--addressEditDetailsCurrency-arrow\"]"}
RESULT: {"using":"xpath","value":"//*[@id=\"application-manageyards-display-component---NewYard--addressEditDetailsCurrency-arrow\"]"}
COMMAND: POST /session/d392767a950b32be403e8af6fd22bfea/element/f.609CE4280A85363DBD46210BE265599D.d.0A30A9B5C97E4AE0A316A59C06D9C5FA.e.774/click - {}
RESULT: {}
COMMAND: POST /session/d392767a950b32be403e8af6fd22bfea/element - {"using":"xpath","value":"//span[contains(text(), \"Euro\")]"}
COMMAND: GET /session/d392767a950b32be403e8af6fd22bfea/screenshot - {}
RESULT: {"using":"xpath","value":"//span[contains(text(), \"Euro\")]"}
COMMAND: POST /session/d392767a950b32be403e8af6fd22bfea/element/f.609CE4280A85363DBD46210BE265599D.d.0A30A9B5C97E4AE0A316A59C06D9C5FA.e.775/click - {}
RESULT: {}
RESULT: {}
COMMAND: POST /session/d392767a950b32be403e8af6fd22bfea/execute/async - {"script":"<script> [1562 bytes]","args":[{"selector":{"controlType":"sap.m.Input","viewName":"etm.portal.ui.manageyards.view.New","viewId":"application-manageyards-display-component---NewYard","bindingPath":{"path":"","propertyPath":"/CONTROLLING_AREA","modelName":"NewYardModel"},"interaction":{"idSuffix":"inner"}},"wdio_ui5_key":"etmportal.ui.manageyards.view.Newsap.m.Input{\"path\":\"\",\"propertyPath\":\"/CONTROLLING_AREA\",\"modelName\":\"NewYardModel\"}"}]}
COMMAND: GET /session/d392767a950b32be403e8af6fd22bfea/screenshot - {}
RESULT: {"script":"<script> [1562 bytes]","args":[{"selector":{"controlType":"sap.m.Input","viewName":"etm.portal.ui.manageyards.view.New","viewId":"application-manageyards-display-component---NewYard","bindingPath":{"path":"","propertyPath":"/CONTROLLING_AREA","modelName":"NewYardModel"},"interaction":{"idSuffix":"inner"}},"wdio_ui5_key":"etmportal.ui.manageyards.view.Newsap.m.Input{\"path\":\"\",\"propertyPath\":\"/CONTROLLING_AREA\",\"modelName\":\"NewYardModel\"}"}]}
RESULT: undefined
COMMAND: POST /session/d392767a950b32be403e8af6fd22bfea/execute/async - {"script":"<script> [776 bytes]","args":[{"enterText":"Z001","selector":{"controlType":"sap.m.Input","viewName":"etm.portal.ui.manageyards.view.New","viewId":"application-manageyards-display-component---NewYard","bindingPath":{"path":"","propertyPath":"/CONTROLLING_AREA","modelName":"NewYardModel"},"interaction":{"idSuffix":"inner"}},"clearTextFirst":true,"interactionType":"ENTER_TEXT"}]}
RESULT: {}
RESULT: {"script":"<script> [776 bytes]","args":[{"enterText":"Z001","selector":{"controlType":"sap.m.Input","viewName":"etm.portal.ui.manageyards.view.New","viewId":"application-manageyards-display-component---NewYard","bindingPath":{"path":"","propertyPath":"/CONTROLLING_AREA","modelName":"NewYardModel"},"interaction":{"idSuffix":"inner"}},"clearTextFirst":true,"interactionType":"ENTER_TEXT"}]}
COMMAND: POST /session/d392767a950b32be403e8af6fd22bfea/execute/async - {"script":"<script> [1562 bytes]","args":[{"selector":{"id":"application-manageyards-display-component---NewYard--companyCodeComboBox","interaction":{"idSuffix":"inner"}},"wdio_ui5_key":"applicationmanageyards-display-component---NewYard--companyCodeComboBox"}]}
RESULT: {"script":"<script> [1562 bytes]","args":[{"selector":{"id":"application-manageyards-display-component---NewYard--companyCodeComboBox","interaction":{"idSuffix":"inner"}},"wdio_ui5_key":"applicationmanageyards-display-component---NewYard--companyCodeComboBox"}]}
RESULT: undefined
COMMAND: POST /session/d392767a950b32be403e8af6fd22bfea/execute/async - {"script":"<script> [776 bytes]","args":[{"enterText":"1000","selector":{"id":"application-manageyards-display-component---NewYard--companyCodeComboBox","interaction":{"idSuffix":"inner"}},"clearTextFirst":true,"interactionType":"ENTER_TEXT"}]}
RESULT: {"script":"<script> [776 bytes]","args":[{"enterText":"1000","selector":{"id":"application-manageyards-display-component---NewYard--companyCodeComboBox","interaction":{"idSuffix":"inner"}},"clearTextFirst":true,"interactionType":"ENTER_TEXT"}]}
COMMAND: POST /session/d392767a950b32be403e8af6fd22bfea/execute/async - {"script":"<script> [1562 bytes]","args":[{"selector":{"controlType":"sap.m.Input","viewName":"etm.portal.ui.manageyards.view.New","viewId":"application-manageyards-display-component---NewYard","bindingPath":{"path":"","propertyPath":"/PLANT","modelName":"NewYardModel"},"interaction":{"idSuffix":"inner"}},"wdio_ui5_key":"etmportal.ui.manageyards.view.Newsap.m.Input{\"path\":\"\",\"propertyPath\":\"/PLANT\",\"modelName\":\"NewYardModel\"}"}]}
RESULT: {"script":"<script> [1562 bytes]","args":[{"selector":{"controlType":"sap.m.Input","viewName":"etm.portal.ui.manageyards.view.New","viewId":"application-manageyards-display-component---NewYard","bindingPath":{"path":"","propertyPath":"/PLANT","modelName":"NewYardModel"},"interaction":{"idSuffix":"inner"}},"wdio_ui5_key":"etmportal.ui.manageyards.view.Newsap.m.Input{\"path\":\"\",\"propertyPath\":\"/PLANT\",\"modelName\":\"NewYardModel\"}"}]}
RESULT: undefined
COMMAND: POST /session/d392767a950b32be403e8af6fd22bfea/execute/async - {"script":"<script> [776 bytes]","args":[{"enterText":"1001","selector":{"controlType":"sap.m.Input","viewName":"etm.portal.ui.manageyards.view.New","viewId":"application-manageyards-display-component---NewYard","bindingPath":{"path":"","propertyPath":"/PLANT","modelName":"NewYardModel"},"interaction":{"idSuffix":"inner"}},"clearTextFirst":true,"interactionType":"ENTER_TEXT"}]}
RESULT: {"script":"<script> [776 bytes]","args":[{"enterText":"1001","selector":{"controlType":"sap.m.Input","viewName":"etm.portal.ui.manageyards.view.New","viewId":"application-manageyards-display-component---NewYard","bindingPath":{"path":"","propertyPath":"/PLANT","modelName":"NewYardModel"},"interaction":{"idSuffix":"inner"}},"clearTextFirst":true,"interactionType":"ENTER_TEXT"}]}
COMMAND: POST /session/d392767a950b32be403e8af6fd22bfea/execute/async - {"script":"<script> [1562 bytes]","args":[{"selector":{"controlType":"sap.m.Input","viewName":"etm.portal.ui.manageyards.view.New","viewId":"application-manageyards-display-component---NewYard","bindingPath":{"path":"","propertyPath":"/SALES_AREA_VKORG","modelName":"NewYardModel"},"interaction":{"idSuffix":"inner"}},"wdio_ui5_key":"etmportal.ui.manageyards.view.Newsap.m.Input{\"path\":\"\",\"propertyPath\":\"/SALES_AREA_VKORG\",\"modelName\":\"NewYardModel\"}"}]}
RESULT: {"script":"<script> [1562 bytes]","args":[{"selector":{"controlType":"sap.m.Input","viewName":"etm.portal.ui.manageyards.view.New","viewId":"application-manageyards-display-component---NewYard","bindingPath":{"path":"","propertyPath":"/SALES_AREA_VKORG","modelName":"NewYardModel"},"interaction":{"idSuffix":"inner"}},"wdio_ui5_key":"etmportal.ui.manageyards.view.Newsap.m.Input{\"path\":\"\",\"propertyPath\":\"/SALES_AREA_VKORG\",\"modelName\":\"NewYardModel\"}"}]}
RESULT: undefined
COMMAND: POST /session/d392767a950b32be403e8af6fd22bfea/execute/async - {"script":"<script> [776 bytes]","args":[{"enterText":"C002","selector":{"controlType":"sap.m.Input","viewName":"etm.portal.ui.manageyards.view.New","viewId":"application-manageyards-display-component---NewYard","bindingPath":{"path":"","propertyPath":"/SALES_AREA_VKORG","modelName":"NewYardModel"},"interaction":{"idSuffix":"inner"}},"clearTextFirst":true,"interactionType":"ENTER_TEXT"}]}
RESULT: {"script":"<script> [776 bytes]","args":[{"enterText":"C002","selector":{"controlType":"sap.m.Input","viewName":"etm.portal.ui.manageyards.view.New","viewId":"application-manageyards-display-component---NewYard","bindingPath":{"path":"","propertyPath":"/SALES_AREA_VKORG","modelName":"NewYardModel"},"interaction":{"idSuffix":"inner"}},"clearTextFirst":true,"interactionType":"ENTER_TEXT"}]}
COMMAND: POST /session/d392767a950b32be403e8af6fd22bfea/execute/async - {"script":"<script> [1562 bytes]","args":[{"selector":{"controlType":"sap.m.Input","viewName":"etm.portal.ui.manageyards.view.New","viewId":"application-manageyards-display-component---NewYard","bindingPath":{"path":"","propertyPath":"/SALES_AREA_VTWEG","modelName":"NewYardModel"},"interaction":{"idSuffix":"inner"}},"wdio_ui5_key":"etmportal.ui.manageyards.view.Newsap.m.Input{\"path\":\"\",\"propertyPath\":\"/SALES_AREA_VTWEG\",\"modelName\":\"NewYardModel\"}"}]}
RESULT: {"script":"<script> [1562 bytes]","args":[{"selector":{"controlType":"sap.m.Input","viewName":"etm.portal.ui.manageyards.view.New","viewId":"application-manageyards-display-component---NewYard","bindingPath":{"path":"","propertyPath":"/SALES_AREA_VTWEG","modelName":"NewYardModel"},"interaction":{"idSuffix":"inner"}},"wdio_ui5_key":"etmportal.ui.manageyards.view.Newsap.m.Input{\"path\":\"\",\"propertyPath\":\"/SALES_AREA_VTWEG\",\"modelName\":\"NewYardModel\"}"}]}
RESULT: undefined
COMMAND: POST /session/d392767a950b32be403e8af6fd22bfea/execute/async - {"script":"<script> [776 bytes]","args":[{"enterText":"C2","selector":{"controlType":"sap.m.Input","viewName":"etm.portal.ui.manageyards.view.New","viewId":"application-manageyards-display-component---NewYard","bindingPath":{"path":"","propertyPath":"/SALES_AREA_VTWEG","modelName":"NewYardModel"},"interaction":{"idSuffix":"inner"}},"clearTextFirst":true,"interactionType":"ENTER_TEXT"}]}
RESULT: {"script":"<script> [776 bytes]","args":[{"enterText":"C2","selector":{"controlType":"sap.m.Input","viewName":"etm.portal.ui.manageyards.view.New","viewId":"application-manageyards-display-component---NewYard","bindingPath":{"path":"","propertyPath":"/SALES_AREA_VTWEG","modelName":"NewYardModel"},"interaction":{"idSuffix":"inner"}},"clearTextFirst":true,"interactionType":"ENTER_TEXT"}]}
COMMAND: POST /session/d392767a950b32be403e8af6fd22bfea/execute/async - {"script":"<script> [1562 bytes]","args":[{"selector":{"controlType":"sap.m.Input","viewName":"etm.portal.ui.manageyards.view.New","viewId":"application-manageyards-display-component---NewYard","bindingPath":{"path":"","propertyPath":"/SALES_AREA_SPART","modelName":"NewYardModel"},"interaction":{"idSuffix":"inner"}},"wdio_ui5_key":"etmportal.ui.manageyards.view.Newsap.m.Input{\"path\":\"\",\"propertyPath\":\"/SALES_AREA_SPART\",\"modelName\":\"NewYardModel\"}"}]}
RESULT: {"script":"<script> [1562 bytes]","args":[{"selector":{"controlType":"sap.m.Input","viewName":"etm.portal.ui.manageyards.view.New","viewId":"application-manageyards-display-component---NewYard","bindingPath":{"path":"","propertyPath":"/SALES_AREA_SPART","modelName":"NewYardModel"},"interaction":{"idSuffix":"inner"}},"wdio_ui5_key":"etmportal.ui.manageyards.view.Newsap.m.Input{\"path\":\"\",\"propertyPath\":\"/SALES_AREA_SPART\",\"modelName\":\"NewYardModel\"}"}]}
RESULT: undefined
COMMAND: POST /session/d392767a950b32be403e8af6fd22bfea/execute/async - {"script":"<script> [776 bytes]","args":[{"enterText":"C2","selector":{"controlType":"sap.m.Input","viewName":"etm.portal.ui.manageyards.view.New","viewId":"application-manageyards-display-component---NewYard","bindingPath":{"path":"","propertyPath":"/SALES_AREA_SPART","modelName":"NewYardModel"},"interaction":{"idSuffix":"inner"}},"clearTextFirst":true,"interactionType":"ENTER_TEXT"}]}
RESULT: {"script":"<script> [776 bytes]","args":[{"enterText":"C2","selector":{"controlType":"sap.m.Input","viewName":"etm.portal.ui.manageyards.view.New","viewId":"application-manageyards-display-component---NewYard","bindingPath":{"path":"","propertyPath":"/SALES_AREA_SPART","modelName":"NewYardModel"},"interaction":{"idSuffix":"inner"}},"clearTextFirst":true,"interactionType":"ENTER_TEXT"}]}
COMMAND: POST /session/d392767a950b32be403e8af6fd22bfea/execute/async - {"script":"<script> [1562 bytes]","args":[{"selector":{"controlType":"sap.m.Input","viewName":"etm.portal.ui.manageyards.view.New","viewId":"application-manageyards-display-component---NewYard","bindingPath":{"path":"","propertyPath":"/SHIP_POINT","modelName":"NewYardModel"},"interaction":{"idSuffix":"inner"}},"wdio_ui5_key":"etmportal.ui.manageyards.view.Newsap.m.Input{\"path\":\"\",\"propertyPath\":\"/SHIP_POINT\",\"modelName\":\"NewYardModel\"}"}]}
RESULT: {"script":"<script> [1562 bytes]","args":[{"selector":{"controlType":"sap.m.Input","viewName":"etm.portal.ui.manageyards.view.New","viewId":"application-manageyards-display-component---NewYard","bindingPath":{"path":"","propertyPath":"/SHIP_POINT","modelName":"NewYardModel"},"interaction":{"idSuffix":"inner"}},"wdio_ui5_key":"etmportal.ui.manageyards.view.Newsap.m.Input{\"path\":\"\",\"propertyPath\":\"/SHIP_POINT\",\"modelName\":\"NewYardModel\"}"}]}
RESULT: undefined
COMMAND: POST /session/d392767a950b32be403e8af6fd22bfea/execute/async - {"script":"<script> [776 bytes]","args":[{"enterText":"1710","selector":{"controlType":"sap.m.Input","viewName":"etm.portal.ui.manageyards.view.New","viewId":"application-manageyards-display-component---NewYard","bindingPath":{"path":"","propertyPath":"/SHIP_POINT","modelName":"NewYardModel"},"interaction":{"idSuffix":"inner"}},"clearTextFirst":true,"interactionType":"ENTER_TEXT"}]}
RESULT: {"script":"<script> [776 bytes]","args":[{"enterText":"1710","selector":{"controlType":"sap.m.Input","viewName":"etm.portal.ui.manageyards.view.New","viewId":"application-manageyards-display-component---NewYard","bindingPath":{"path":"","propertyPath":"/SHIP_POINT","modelName":"NewYardModel"},"interaction":{"idSuffix":"inner"}},"clearTextFirst":true,"interactionType":"ENTER_TEXT"}]}
COMMAND: POST /session/d392767a950b32be403e8af6fd22bfea/execute/async - {"script":"<script> [1562 bytes]","args":[{"selector":{"controlType":"sap.m.Input","viewName":"etm.portal.ui.manageyards.view.New","viewId":"application-manageyards-display-component---NewYard","bindingPath":{"path":"","propertyPath":"/DELIVERY_TYPE","modelName":"NewYardModel"},"interaction":{"idSuffix":"inner"}},"wdio_ui5_key":"etmportal.ui.manageyards.view.Newsap.m.Input{\"path\":\"\",\"propertyPath\":\"/DELIVERY_TYPE\",\"modelName\":\"NewYardModel\"}"}]}
RESULT: {"script":"<script> [1562 bytes]","args":[{"selector":{"controlType":"sap.m.Input","viewName":"etm.portal.ui.manageyards.view.New","viewId":"application-manageyards-display-component---NewYard","bindingPath":{"path":"","propertyPath":"/DELIVERY_TYPE","modelName":"NewYardModel"},"interaction":{"idSuffix":"inner"}},"wdio_ui5_key":"etmportal.ui.manageyards.view.Newsap.m.Input{\"path\":\"\",\"propertyPath\":\"/DELIVERY_TYPE\",\"modelName\":\"NewYardModel\"}"}]}
RESULT: undefined
COMMAND: POST /session/d392767a950b32be403e8af6fd22bfea/execute/async - {"script":"<script> [776 bytes]","args":[{"enterText":"ZL01","selector":{"controlType":"sap.m.Input","viewName":"etm.portal.ui.manageyards.view.New","viewId":"application-manageyards-display-component---NewYard","bindingPath":{"path":"","propertyPath":"/DELIVERY_TYPE","modelName":"NewYardModel"},"interaction":{"idSuffix":"inner"}},"clearTextFirst":true,"interactionType":"ENTER_TEXT"}]}
RESULT: {"script":"<script> [776 bytes]","args":[{"enterText":"ZL01","selector":{"controlType":"sap.m.Input","viewName":"etm.portal.ui.manageyards.view.New","viewId":"application-manageyards-display-component---NewYard","bindingPath":{"path":"","propertyPath":"/DELIVERY_TYPE","modelName":"NewYardModel"},"interaction":{"idSuffix":"inner"}},"clearTextFirst":true,"interactionType":"ENTER_TEXT"}]}
COMMAND: POST /session/d392767a950b32be403e8af6fd22bfea/execute/async - {"script":"<script> [1562 bytes]","args":[{"selector":{"controlType":"sap.m.Input","viewName":"etm.portal.ui.manageyards.view.New","viewId":"application-manageyards-display-component---NewYard","bindingPath":{"path":"","propertyPath":"/AUART","modelName":"NewYardModel"},"interaction":{"idSuffix":"inner"}},"wdio_ui5_key":"etmportal.ui.manageyards.view.Newsap.m.Input{\"path\":\"\",\"propertyPath\":\"/AUART\",\"modelName\":\"NewYardModel\"}"}]}
RESULT: {"script":"<script> [1562 bytes]","args":[{"selector":{"controlType":"sap.m.Input","viewName":"etm.portal.ui.manageyards.view.New","viewId":"application-manageyards-display-component---NewYard","bindingPath":{"path":"","propertyPath":"/AUART","modelName":"NewYardModel"},"interaction":{"idSuffix":"inner"}},"wdio_ui5_key":"etmportal.ui.manageyards.view.Newsap.m.Input{\"path\":\"\",\"propertyPath\":\"/AUART\",\"modelName\":\"NewYardModel\"}"}]}
RESULT: undefined
COMMAND: POST /session/d392767a950b32be403e8af6fd22bfea/execute/async - {"script":"<script> [776 bytes]","args":[{"enterText":"TA","selector":{"controlType":"sap.m.Input","viewName":"etm.portal.ui.manageyards.view.New","viewId":"application-manageyards-display-component---NewYard","bindingPath":{"path":"","propertyPath":"/AUART","modelName":"NewYardModel"},"interaction":{"idSuffix":"inner"}},"clearTextFirst":true,"interactionType":"ENTER_TEXT"}]}
RESULT: {"script":"<script> [776 bytes]","args":[{"enterText":"TA","selector":{"controlType":"sap.m.Input","viewName":"etm.portal.ui.manageyards.view.New","viewId":"application-manageyards-display-component---NewYard","bindingPath":{"path":"","propertyPath":"/AUART","modelName":"NewYardModel"},"interaction":{"idSuffix":"inner"}},"clearTextFirst":true,"interactionType":"ENTER_TEXT"}]}
COMMAND: POST /session/d392767a950b32be403e8af6fd22bfea/element - {"using":"xpath","value":"//button[@data-kt=\"newYardSaveButton\"]"}
RESULT: {"using":"xpath","value":"//button[@data-kt=\"newYardSaveButton\"]"}
COMMAND: POST /session/d392767a950b32be403e8af6fd22bfea/element/f.609CE4280A85363DBD46210BE265599D.d.0A30A9B5C97E4AE0A316A59C06D9C5FA.e.700/click - {}
RESULT: {}
COMMAND: GET /session/d392767a950b32be403e8af6fd22bfea/screenshot - {}
RESULT: {}
COMMAND: POST /session/d392767a950b32be403e8af6fd22bfea/element - {"using":"xpath","value":"//header[contains(@id, 'ObjectPageLayout-headerTitle')]/div[1]/div[2]/div[1]/span[1]"}
RESULT: {"using":"xpath","value":"//header[contains(@id, 'ObjectPageLayout-headerTitle')]/div[1]/div[2]/div[1]/span[1]"}
COMMAND: POST /session/d392767a950b32be403e8af6fd22bfea/elements - {"using":"xpath","value":"//header[contains(@id, 'ObjectPageLayout-headerTitle')]/div[1]/div[2]/div[1]/span[1]"}
RESULT: {"using":"xpath","value":"//header[contains(@id, 'ObjectPageLayout-headerTitle')]/div[1]/div[2]/div[1]/span[1]"}
COMMAND: POST /session/d392767a950b32be403e8af6fd22bfea/execute/sync - {"script":"<script> [56 bytes]","args":[{"element-6066-11e4-a52e-4f735466cecf":"f.609CE4280A85363DBD46210BE265599D.d.0A30A9B5C97E4AE0A316A59C06D9C5FA.e.989","ELEMENT":"f.609CE4280A85363DBD46210BE265599D.d.0A30A9B5C97E4AE0A316A59C06D9C5FA.e.989"}]}
RESULT: {"script":"<script> [56 bytes]","args":[{"element-6066-11e4-a52e-4f735466cecf":"f.609CE4280A85363DBD46210BE265599D.d.0A30A9B5C97E4AE0A316A59C06D9C5FA.e.989","ELEMENT":"f.609CE4280A85363DBD46210BE265599D.d.0A30A9B5C97E4AE0A316A59C06D9C5FA.e.989"}]}
COMMAND: GET /session/d392767a950b32be403e8af6fd22bfea/screenshot - {}
RESULT: {}
COMMAND: POST /session/d392767a950b32be403e8af6fd22bfea/element - {"using":"css selector","value":"#shell-header-logo"}
RESULT: {"using":"css selector","value":"#shell-header-logo"}
COMMAND: POST /session/d392767a950b32be403e8af6fd22bfea/element/f.609CE4280A85363DBD46210BE265599D.d.0A30A9B5C97E4AE0A316A59C06D9C5FA.e.268/click - {}
RESULT: {}
COMMAND: GET /session/d392767a950b32be403e8af6fd22bfea/screenshot - {}
RESULT: {}
COMMAND: POST /session/d392767a950b32be403e8af6fd22bfea/execute/sync - {"script":"<script> [299 bytes]","args":[["getModel","getResource"]]}
RESULT: {"script":"<script> [299 bytes]","args":[["getModel","getResource"]]}
]]></system-out>
    </testcase>
    <testcase classname="chrome.137_0_7151_69.windows.Billing_confirm_US117289" name="Should create a new partner" time="127.942">
      <system-out><![CDATA[
COMMAND: POST /session/d392767a950b32be403e8af6fd22bfea/window/fullscreen - {}
COMMAND: GET /session/d392767a950b32be403e8af6fd22bfea/screenshot - {}
RESULT: {}
COMMAND: POST /session/d392767a950b32be403e8af6fd22bfea/execute/async - {"script":"<script> [1562 bytes]","args":[{"selector":{"controlType":"sap.m.GenericTile","properties":{"header":"Manage Partners"}},"wdio_ui5_key":"sapm.GenericTile{\"header\":\"Manage Partners\"}"}]}
RESULT: {}
RESULT: {"script":"<script> [1562 bytes]","args":[{"selector":{"controlType":"sap.m.GenericTile","properties":{"header":"Manage Partners"}},"wdio_ui5_key":"sapm.GenericTile{\"header\":\"Manage Partners\"}"}]}
RESULT: undefined
COMMAND: POST /session/d392767a950b32be403e8af6fd22bfea/element - {"using":"xpath","value":"//*[@id=\"__tile39\"]"}
RESULT: {"using":"xpath","value":"//*[@id=\"__tile39\"]"}
COMMAND: POST /session/d392767a950b32be403e8af6fd22bfea/element/f.609CE4280A85363DBD46210BE265599D.d.0A30A9B5C97E4AE0A316A59C06D9C5FA.e.159/click - {}
RESULT: {}
COMMAND: GET /session/d392767a950b32be403e8af6fd22bfea/screenshot - {}
RESULT: {}
COMMAND: POST /session/d392767a950b32be403e8af6fd22bfea/elements - {"using":"xpath","value":"//span[text()='Error']"}
RESULT: {"using":"xpath","value":"//span[text()='Error']"}
COMMAND: POST /session/d392767a950b32be403e8af6fd22bfea/element - {"using":"xpath","value":"//button[@data-kt=\"addButton\"]"}
RESULT: {"using":"xpath","value":"//button[@data-kt=\"addButton\"]"}
COMMAND: POST /session/d392767a950b32be403e8af6fd22bfea/elements - {"using":"xpath","value":"//button[@data-kt=\"addButton\"]"}
RESULT: {"using":"xpath","value":"//button[@data-kt=\"addButton\"]"}
COMMAND: POST /session/d392767a950b32be403e8af6fd22bfea/execute/sync - {"script":"<script> [8489 bytes]","args":[{"element-6066-11e4-a52e-4f735466cecf":"f.609CE4280A85363DBD46210BE265599D.d.0A30A9B5C97E4AE0A316A59C06D9C5FA.e.1038","ELEMENT":"f.609CE4280A85363DBD46210BE265599D.d.0A30A9B5C97E4AE0A316A59C06D9C5FA.e.1038"}]}
RESULT: {"script":"<script> [8489 bytes]","args":[{"element-6066-11e4-a52e-4f735466cecf":"f.609CE4280A85363DBD46210BE265599D.d.0A30A9B5C97E4AE0A316A59C06D9C5FA.e.1038","ELEMENT":"f.609CE4280A85363DBD46210BE265599D.d.0A30A9B5C97E4AE0A316A59C06D9C5FA.e.1038"}]}
COMMAND: GET /session/d392767a950b32be403e8af6fd22bfea/element/f.609CE4280A85363DBD46210BE265599D.d.0A30A9B5C97E4AE0A316A59C06D9C5FA.e.1038/enabled - {}
COMMAND: GET /session/d392767a950b32be403e8af6fd22bfea/screenshot - {}
RESULT: {}
COMMAND: POST /session/d392767a950b32be403e8af6fd22bfea/execute/sync - {"script":"<script> [8489 bytes]","args":[{"element-6066-11e4-a52e-4f735466cecf":"f.609CE4280A85363DBD46210BE265599D.d.0A30A9B5C97E4AE0A316A59C06D9C5FA.e.1038","ELEMENT":"f.609CE4280A85363DBD46210BE265599D.d.0A30A9B5C97E4AE0A316A59C06D9C5FA.e.1038"}]}
COMMAND: GET /session/d392767a950b32be403e8af6fd22bfea/screenshot - {}
RESULT: {}
RESULT: {"script":"<script> [8489 bytes]","args":[{"element-6066-11e4-a52e-4f735466cecf":"f.609CE4280A85363DBD46210BE265599D.d.0A30A9B5C97E4AE0A316A59C06D9C5FA.e.1038","ELEMENT":"f.609CE4280A85363DBD46210BE265599D.d.0A30A9B5C97E4AE0A316A59C06D9C5FA.e.1038"}]}
COMMAND: POST /session/d392767a950b32be403e8af6fd22bfea/execute/sync - {"script":"<script> [5351 bytes]","args":[{"element-6066-11e4-a52e-4f735466cecf":"f.609CE4280A85363DBD46210BE265599D.d.0A30A9B5C97E4AE0A316A59C06D9C5FA.e.1038","ELEMENT":"f.609CE4280A85363DBD46210BE265599D.d.0A30A9B5C97E4AE0A316A59C06D9C5FA.e.1038"}]}
COMMAND: GET /session/d392767a950b32be403e8af6fd22bfea/screenshot - {}
RESULT: {}
RESULT: {"script":"<script> [5351 bytes]","args":[{"element-6066-11e4-a52e-4f735466cecf":"f.609CE4280A85363DBD46210BE265599D.d.0A30A9B5C97E4AE0A316A59C06D9C5FA.e.1038","ELEMENT":"f.609CE4280A85363DBD46210BE265599D.d.0A30A9B5C97E4AE0A316A59C06D9C5FA.e.1038"}]}
COMMAND: POST /session/d392767a950b32be403e8af6fd22bfea/element/f.609CE4280A85363DBD46210BE265599D.d.0A30A9B5C97E4AE0A316A59C06D9C5FA.e.1038/click - {}
COMMAND: GET /session/d392767a950b32be403e8af6fd22bfea/screenshot - {}
RESULT: {}
RESULT: {}
COMMAND: GET /session/d392767a950b32be403e8af6fd22bfea/screenshot - {}
RESULT: {}
COMMAND: POST /session/d392767a950b32be403e8af6fd22bfea/execute/async - {"script":"<script> [1562 bytes]","args":[{"selector":{"id":"application-managepartners-display-component---NewPartner--addressDetailDetailsName1","interaction":{"idSuffix":"inner"}},"wdio_ui5_key":"applicationmanagepartners-display-component---NewPartner--addressDetailDetailsName1"}]}
RESULT: {}
RESULT: {"script":"<script> [1562 bytes]","args":[{"selector":{"id":"application-managepartners-display-component---NewPartner--addressDetailDetailsName1","interaction":{"idSuffix":"inner"}},"wdio_ui5_key":"applicationmanagepartners-display-component---NewPartner--addressDetailDetailsName1"}]}
RESULT: undefined
COMMAND: POST /session/d392767a950b32be403e8af6fd22bfea/execute/async - {"script":"<script> [776 bytes]","args":[{"enterText":"Intracompany Partner WDIO","selector":{"id":"application-managepartners-display-component---NewPartner--addressDetailDetailsName1","interaction":{"idSuffix":"inner"}},"clearTextFirst":true,"interactionType":"ENTER_TEXT"}]}
RESULT: {"script":"<script> [776 bytes]","args":[{"enterText":"Intracompany Partner WDIO","selector":{"id":"application-managepartners-display-component---NewPartner--addressDetailDetailsName1","interaction":{"idSuffix":"inner"}},"clearTextFirst":true,"interactionType":"ENTER_TEXT"}]}
COMMAND: POST /session/d392767a950b32be403e8af6fd22bfea/execute/async - {"script":"<script> [1562 bytes]","args":[{"selector":{"id":"application-managepartners-display-component---NewPartner--addressDetailDetailsLanguage-arrow"},"wdio_ui5_key":"applicationmanagepartners-display-component---NewPartner--addressDetailDetailsLanguage-arrow"}]}
RESULT: {"script":"<script> [1562 bytes]","args":[{"selector":{"id":"application-managepartners-display-component---NewPartner--addressDetailDetailsLanguage-arrow"},"wdio_ui5_key":"applicationmanagepartners-display-component---NewPartner--addressDetailDetailsLanguage-arrow"}]}
RESULT: undefined
COMMAND: POST /session/d392767a950b32be403e8af6fd22bfea/element - {"using":"xpath","value":"//*[@id=\"application-managepartners-display-component---NewPartner--addressDetailDetailsLanguage-arrow\"]"}
RESULT: {"using":"xpath","value":"//*[@id=\"application-managepartners-display-component---NewPartner--addressDetailDetailsLanguage-arrow\"]"}
COMMAND: POST /session/d392767a950b32be403e8af6fd22bfea/element/f.609CE4280A85363DBD46210BE265599D.d.0A30A9B5C97E4AE0A316A59C06D9C5FA.e.1369/click - {}
RESULT: {}
COMMAND: POST /session/d392767a950b32be403e8af6fd22bfea/element - {"using":"xpath","value":"//span[contains(text(), \"English\")]"}
COMMAND: GET /session/d392767a950b32be403e8af6fd22bfea/screenshot - {}
RESULT: {"using":"xpath","value":"//span[contains(text(), \"English\")]"}
COMMAND: POST /session/d392767a950b32be403e8af6fd22bfea/element/f.609CE4280A85363DBD46210BE265599D.d.0A30A9B5C97E4AE0A316A59C06D9C5FA.e.1370/click - {}
RESULT: {}
RESULT: {}
COMMAND: GET /session/d392767a950b32be403e8af6fd22bfea/screenshot - {}
RESULT: {}
COMMAND: POST /session/d392767a950b32be403e8af6fd22bfea/execute/async - {"script":"<script> [1562 bytes]","args":[{"selector":{"id":"application-managepartners-display-component---NewPartner--addressDetailDetailsCity1","interaction":{"idSuffix":"inner"}},"wdio_ui5_key":"applicationmanagepartners-display-component---NewPartner--addressDetailDetailsCity1"}]}
RESULT: {"script":"<script> [1562 bytes]","args":[{"selector":{"id":"application-managepartners-display-component---NewPartner--addressDetailDetailsCity1","interaction":{"idSuffix":"inner"}},"wdio_ui5_key":"applicationmanagepartners-display-component---NewPartner--addressDetailDetailsCity1"}]}
RESULT: undefined
COMMAND: POST /session/d392767a950b32be403e8af6fd22bfea/execute/async - {"script":"<script> [776 bytes]","args":[{"enterText":"Rosario","selector":{"id":"application-managepartners-display-component---NewPartner--addressDetailDetailsCity1","interaction":{"idSuffix":"inner"}},"clearTextFirst":true,"interactionType":"ENTER_TEXT"}]}
RESULT: {"script":"<script> [776 bytes]","args":[{"enterText":"Rosario","selector":{"id":"application-managepartners-display-component---NewPartner--addressDetailDetailsCity1","interaction":{"idSuffix":"inner"}},"clearTextFirst":true,"interactionType":"ENTER_TEXT"}]}
COMMAND: POST /session/d392767a950b32be403e8af6fd22bfea/execute/async - {"script":"<script> [1562 bytes]","args":[{"selector":{"id":"application-managepartners-display-component---NewPartner--addressDetailDetailsCountry-arrow"},"wdio_ui5_key":"applicationmanagepartners-display-component---NewPartner--addressDetailDetailsCountry-arrow"}]}
RESULT: {"script":"<script> [1562 bytes]","args":[{"selector":{"id":"application-managepartners-display-component---NewPartner--addressDetailDetailsCountry-arrow"},"wdio_ui5_key":"applicationmanagepartners-display-component---NewPartner--addressDetailDetailsCountry-arrow"}]}
RESULT: undefined
COMMAND: POST /session/d392767a950b32be403e8af6fd22bfea/element - {"using":"xpath","value":"//*[@id=\"application-managepartners-display-component---NewPartner--addressDetailDetailsCountry-arrow\"]"}
RESULT: {"using":"xpath","value":"//*[@id=\"application-managepartners-display-component---NewPartner--addressDetailDetailsCountry-arrow\"]"}
COMMAND: POST /session/d392767a950b32be403e8af6fd22bfea/element/f.609CE4280A85363DBD46210BE265599D.d.0A30A9B5C97E4AE0A316A59C06D9C5FA.e.1363/click - {}
RESULT: {}
COMMAND: POST /session/d392767a950b32be403e8af6fd22bfea/element - {"using":"xpath","value":"//span[contains(text(), \"Argentina\")]"}
COMMAND: GET /session/d392767a950b32be403e8af6fd22bfea/screenshot - {}
RESULT: {"using":"xpath","value":"//span[contains(text(), \"Argentina\")]"}
COMMAND: POST /session/d392767a950b32be403e8af6fd22bfea/element/f.609CE4280A85363DBD46210BE265599D.d.0A30A9B5C97E4AE0A316A59C06D9C5FA.e.1372/click - {}
RESULT: {}
RESULT: {}
COMMAND: GET /session/d392767a950b32be403e8af6fd22bfea/screenshot - {}
RESULT: {}
COMMAND: POST /session/d392767a950b32be403e8af6fd22bfea/element - {"using":"xpath","value":"//bdi[contains(text(), \"Commercial\")]"}
RESULT: {"using":"xpath","value":"//bdi[contains(text(), \"Commercial\")]"}
COMMAND: POST /session/d392767a950b32be403e8af6fd22bfea/element/f.609CE4280A85363DBD46210BE265599D.d.0A30A9B5C97E4AE0A316A59C06D9C5FA.e.1373/click - {}
RESULT: {}
COMMAND: GET /session/d392767a950b32be403e8af6fd22bfea/screenshot - {}
RESULT: {}
COMMAND: POST /session/d392767a950b32be403e8af6fd22bfea/execute/async - {"script":"<script> [1562 bytes]","args":[{"selector":{"id":"application-managepartners-display-component---NewPartner--partnerDetailInternal-arrow"},"wdio_ui5_key":"applicationmanagepartners-display-component---NewPartner--partnerDetailInternal-arrow"}]}
RESULT: {"script":"<script> [1562 bytes]","args":[{"selector":{"id":"application-managepartners-display-component---NewPartner--partnerDetailInternal-arrow"},"wdio_ui5_key":"applicationmanagepartners-display-component---NewPartner--partnerDetailInternal-arrow"}]}
RESULT: undefined
COMMAND: POST /session/d392767a950b32be403e8af6fd22bfea/element - {"using":"xpath","value":"//*[@id=\"application-managepartners-display-component---NewPartner--partnerDetailInternal-arrow\"]"}
RESULT: {"using":"xpath","value":"//*[@id=\"application-managepartners-display-component---NewPartner--partnerDetailInternal-arrow\"]"}
COMMAND: POST /session/d392767a950b32be403e8af6fd22bfea/element/f.609CE4280A85363DBD46210BE265599D.d.0A30A9B5C97E4AE0A316A59C06D9C5FA.e.1379/click - {}
RESULT: {}
COMMAND: POST /session/d392767a950b32be403e8af6fd22bfea/element - {"using":"xpath","value":"//span[contains(text(), \"Affiliated company\")]"}
COMMAND: GET /session/d392767a950b32be403e8af6fd22bfea/screenshot - {}
RESULT: {"using":"xpath","value":"//span[contains(text(), \"Affiliated company\")]"}
COMMAND: POST /session/d392767a950b32be403e8af6fd22bfea/element/f.609CE4280A85363DBD46210BE265599D.d.0A30A9B5C97E4AE0A316A59C06D9C5FA.e.1380/click - {}
RESULT: {}
RESULT: {}
COMMAND: POST /session/d392767a950b32be403e8af6fd22bfea/execute/async - {"script":"<script> [1562 bytes]","args":[{"selector":{"id":"application-managepartners-display-component---NewPartner--partnerDetailsCurrency-arrow"},"wdio_ui5_key":"applicationmanagepartners-display-component---NewPartner--partnerDetailsCurrency-arrow"}]}
COMMAND: GET /session/d392767a950b32be403e8af6fd22bfea/screenshot - {}
RESULT: {"script":"<script> [1562 bytes]","args":[{"selector":{"id":"application-managepartners-display-component---NewPartner--partnerDetailsCurrency-arrow"},"wdio_ui5_key":"applicationmanagepartners-display-component---NewPartner--partnerDetailsCurrency-arrow"}]}
RESULT: undefined
COMMAND: POST /session/d392767a950b32be403e8af6fd22bfea/element - {"using":"xpath","value":"//*[@id=\"application-managepartners-display-component---NewPartner--partnerDetailsCurrency-arrow\"]"}
RESULT: {}
RESULT: {"using":"xpath","value":"//*[@id=\"application-managepartners-display-component---NewPartner--partnerDetailsCurrency-arrow\"]"}
COMMAND: POST /session/d392767a950b32be403e8af6fd22bfea/element/f.609CE4280A85363DBD46210BE265599D.d.0A30A9B5C97E4AE0A316A59C06D9C5FA.e.1387/click - {}
RESULT: {}
COMMAND: POST /session/d392767a950b32be403e8af6fd22bfea/element - {"using":"xpath","value":"//span[contains(text(), \"Euro\")]"}
COMMAND: GET /session/d392767a950b32be403e8af6fd22bfea/screenshot - {}
RESULT: {"using":"xpath","value":"//span[contains(text(), \"Euro\")]"}
COMMAND: POST /session/d392767a950b32be403e8af6fd22bfea/element/f.609CE4280A85363DBD46210BE265599D.d.0A30A9B5C97E4AE0A316A59C06D9C5FA.e.1388/click - {}
RESULT: {}
RESULT: {}
COMMAND: POST /session/d392767a950b32be403e8af6fd22bfea/execute/async - {"script":"<script> [1562 bytes]","args":[{"selector":{"id":"application-managepartners-display-component---NewPartner--addressEditDetailsCostObjectCstType-arrow"},"wdio_ui5_key":"applicationmanagepartners-display-component---NewPartner--addressEditDetailsCostObjectCstType-arrow"}]}
COMMAND: GET /session/d392767a950b32be403e8af6fd22bfea/screenshot - {}
RESULT: {"script":"<script> [1562 bytes]","args":[{"selector":{"id":"application-managepartners-display-component---NewPartner--addressEditDetailsCostObjectCstType-arrow"},"wdio_ui5_key":"applicationmanagepartners-display-component---NewPartner--addressEditDetailsCostObjectCstType-arrow"}]}
RESULT: undefined
COMMAND: POST /session/d392767a950b32be403e8af6fd22bfea/element - {"using":"xpath","value":"//*[@id=\"application-managepartners-display-component---NewPartner--addressEditDetailsCostObjectCstType-arrow\"]"}
RESULT: {}
RESULT: {"using":"xpath","value":"//*[@id=\"application-managepartners-display-component---NewPartner--addressEditDetailsCostObjectCstType-arrow\"]"}
COMMAND: POST /session/d392767a950b32be403e8af6fd22bfea/element/f.609CE4280A85363DBD46210BE265599D.d.0A30A9B5C97E4AE0A316A59C06D9C5FA.e.1389/click - {}
RESULT: {}
COMMAND: POST /session/d392767a950b32be403e8af6fd22bfea/element - {"using":"xpath","value":"//span[contains(text(), \"Cost Center\")]"}
COMMAND: GET /session/d392767a950b32be403e8af6fd22bfea/screenshot - {}
RESULT: {"using":"xpath","value":"//span[contains(text(), \"Cost Center\")]"}
COMMAND: POST /session/d392767a950b32be403e8af6fd22bfea/element/f.609CE4280A85363DBD46210BE265599D.d.0A30A9B5C97E4AE0A316A59C06D9C5FA.e.1390/click - {}
RESULT: {}
RESULT: {}
COMMAND: GET /session/d392767a950b32be403e8af6fd22bfea/screenshot - {}
RESULT: {}
COMMAND: POST /session/d392767a950b32be403e8af6fd22bfea/element - {"using":"xpath","value":"//span[@id=\"application-managepartners-display-component---NewPartner--addressNewCostObjectCstID-vhi\"]"}
RESULT: {"using":"xpath","value":"//span[@id=\"application-managepartners-display-component---NewPartner--addressNewCostObjectCstID-vhi\"]"}
COMMAND: POST /session/d392767a950b32be403e8af6fd22bfea/execute/sync - {"script":"<script> [8489 bytes]","args":[{"element-6066-11e4-a52e-4f735466cecf":"f.609CE4280A85363DBD46210BE265599D.d.0A30A9B5C97E4AE0A316A59C06D9C5FA.e.1394","ELEMENT":"f.609CE4280A85363DBD46210BE265599D.d.0A30A9B5C97E4AE0A316A59C06D9C5FA.e.1394"}]}
RESULT: {"script":"<script> [8489 bytes]","args":[{"element-6066-11e4-a52e-4f735466cecf":"f.609CE4280A85363DBD46210BE265599D.d.0A30A9B5C97E4AE0A316A59C06D9C5FA.e.1394","ELEMENT":"f.609CE4280A85363DBD46210BE265599D.d.0A30A9B5C97E4AE0A316A59C06D9C5FA.e.1394"}]}
COMMAND: POST /session/d392767a950b32be403e8af6fd22bfea/execute/async - {"script":"<script> [1562 bytes]","args":[{"selector":{"id":"application-managepartners-display-component---NewPartner--addressNewCostObjectCstID-vhi"},"wdio_ui5_key":"applicationmanagepartners-display-component---NewPartner--addressNewCostObjectCstID-vhi"}]}
COMMAND: GET /session/d392767a950b32be403e8af6fd22bfea/screenshot - {}
RESULT: {"script":"<script> [1562 bytes]","args":[{"selector":{"id":"application-managepartners-display-component---NewPartner--addressNewCostObjectCstID-vhi"},"wdio_ui5_key":"applicationmanagepartners-display-component---NewPartner--addressNewCostObjectCstID-vhi"}]}
RESULT: undefined
COMMAND: POST /session/d392767a950b32be403e8af6fd22bfea/element - {"using":"xpath","value":"//*[@id=\"application-managepartners-display-component---NewPartner--addressNewCostObjectCstID-vhi\"]"}
RESULT: {}
RESULT: {"using":"xpath","value":"//*[@id=\"application-managepartners-display-component---NewPartner--addressNewCostObjectCstID-vhi\"]"}
COMMAND: POST /session/d392767a950b32be403e8af6fd22bfea/element/f.609CE4280A85363DBD46210BE265599D.d.0A30A9B5C97E4AE0A316A59C06D9C5FA.e.1394/click - {}
RESULT: {}
COMMAND: GET /session/d392767a950b32be403e8af6fd22bfea/screenshot - {}
RESULT: {}
RESULT: undefined
COMMAND: POST /session/d392767a950b32be403e8af6fd22bfea/execute/async - {"script":"<script> [776 bytes]","args":[{"enterText":"10001013","selector":{"controlType":"sap.m.SearchField","properties":{"placeholder":"Search"},"searchOpenDialogs":true,"interaction":{"idSuffix":"I"}},"clearTextFirst":true,"interactionType":"ENTER_TEXT"}]}
RESULT: {"script":"<script> [776 bytes]","args":[{"enterText":"10001013","selector":{"controlType":"sap.m.SearchField","properties":{"placeholder":"Search"},"searchOpenDialogs":true,"interaction":{"idSuffix":"I"}},"clearTextFirst":true,"interactionType":"ENTER_TEXT"}]}
COMMAND: POST /session/d392767a950b32be403e8af6fd22bfea/actions - {"actions":[{"id":"action2","type":"key","parameters":{},"actions":[{"type":"keyDown","value":"î€‡"},{"type":"pause","duration":10},{"type":"keyUp","value":"î€‡"}]}]}
RESULT: {"actions":[{"id":"action2","type":"key","parameters":{},"actions":[{"type":"keyDown","value":"î€‡"},{"type":"pause","duration":10},{"type":"keyUp","value":"î€‡"}]}]}
COMMAND: GET /session/d392767a950b32be403e8af6fd22bfea/screenshot - {}
RESULT: {}
COMMAND: POST /session/d392767a950b32be403e8af6fd22bfea/element - {"using":"xpath","value":"//span[contains(text(), \"General Management\")]"}
RESULT: {"using":"xpath","value":"//span[contains(text(), \"General Management\")]"}
COMMAND: POST /session/d392767a950b32be403e8af6fd22bfea/element/f.609CE4280A85363DBD46210BE265599D.d.0A30A9B5C97E4AE0A316A59C06D9C5FA.e.1432/click - {}
RESULT: {}
COMMAND: GET /session/d392767a950b32be403e8af6fd22bfea/screenshot - {}
RESULT: {}
COMMAND: POST /session/d392767a950b32be403e8af6fd22bfea/element - {"using":"xpath","value":"//bdi[contains(text(), \"OK\")]"}
RESULT: {"using":"xpath","value":"//bdi[contains(text(), \"OK\")]"}
COMMAND: POST /session/d392767a950b32be403e8af6fd22bfea/element/f.609CE4280A85363DBD46210BE265599D.d.0A30A9B5C97E4AE0A316A59C06D9C5FA.e.1433/click - {}
RESULT: {}
COMMAND: GET /session/d392767a950b32be403e8af6fd22bfea/screenshot - {}
RESULT: {}
COMMAND: POST /session/d392767a950b32be403e8af6fd22bfea/element - {"using":"xpath","value":"//input[@id=\"application-managepartners-display-component---NewPartner--companyCodeComboBox-inner\"]"}
RESULT: {"using":"xpath","value":"//input[@id=\"application-managepartners-display-component---NewPartner--companyCodeComboBox-inner\"]"}
COMMAND: POST /session/d392767a950b32be403e8af6fd22bfea/element/f.609CE4280A85363DBD46210BE265599D.d.0A30A9B5C97E4AE0A316A59C06D9C5FA.e.1224/clear - {}
RESULT: {}
COMMAND: POST /session/d392767a950b32be403e8af6fd22bfea/element/f.609CE4280A85363DBD46210BE265599D.d.0A30A9B5C97E4AE0A316A59C06D9C5FA.e.1224/value - {"text":"1000"}
COMMAND: GET /session/d392767a950b32be403e8af6fd22bfea/screenshot - {}
RESULT: {"text":"1000"}
COMMAND: GET /session/d392767a950b32be403e8af6fd22bfea/screenshot - {}
RESULT: {}
RESULT: {}
COMMAND: POST /session/d392767a950b32be403e8af6fd22bfea/element - {"using":"xpath","value":"//li[.//span[text()= \"1000\"]]"}
RESULT: {"using":"xpath","value":"//li[.//span[text()= \"1000\"]]"}
COMMAND: POST /session/d392767a950b32be403e8af6fd22bfea/element/f.609CE4280A85363DBD46210BE265599D.d.0A30A9B5C97E4AE0A316A59C06D9C5FA.e.1439/click - {}
RESULT: {}
COMMAND: GET /session/d392767a950b32be403e8af6fd22bfea/screenshot - {}
RESULT: {}
COMMAND: POST /session/d392767a950b32be403e8af6fd22bfea/execute/async - {"script":"<script> [1562 bytes]","args":[{"selector":{"id":"application-managepartners-display-component---NewPartner--btnAddTableRow-img"},"wdio_ui5_key":"applicationmanagepartners-display-component---NewPartner--btnAddTableRow-img"}]}
RESULT: {"script":"<script> [1562 bytes]","args":[{"selector":{"id":"application-managepartners-display-component---NewPartner--btnAddTableRow-img"},"wdio_ui5_key":"applicationmanagepartners-display-component---NewPartner--btnAddTableRow-img"}]}
RESULT: undefined
COMMAND: POST /session/d392767a950b32be403e8af6fd22bfea/element - {"using":"xpath","value":"//*[@id=\"application-managepartners-display-component---NewPartner--btnAddTableRow-img\"]"}
RESULT: {"using":"xpath","value":"//*[@id=\"application-managepartners-display-component---NewPartner--btnAddTableRow-img\"]"}
COMMAND: POST /session/d392767a950b32be403e8af6fd22bfea/element/f.609CE4280A85363DBD46210BE265599D.d.0A30A9B5C97E4AE0A316A59C06D9C5FA.e.1440/click - {}
RESULT: {}
COMMAND: GET /session/d392767a950b32be403e8af6fd22bfea/screenshot - {}
RESULT: {}
COMMAND: POST /session/d392767a950b32be403e8af6fd22bfea/element - {"using":"xpath","value":"//input[@id=\"application-managepartners-display-component---NewPartner--assignmentYard-application-managepartners-display-component---NewPartner--assignmentsTable-0-inner\"]"}
RESULT: {"using":"xpath","value":"//input[@id=\"application-managepartners-display-component---NewPartner--assignmentYard-application-managepartners-display-component---NewPartner--assignmentsTable-0-inner\"]"}
COMMAND: POST /session/d392767a950b32be403e8af6fd22bfea/element/f.609CE4280A85363DBD46210BE265599D.d.0A30A9B5C97E4AE0A316A59C06D9C5FA.e.1443/clear - {}
RESULT: {}
COMMAND: POST /session/d392767a950b32be403e8af6fd22bfea/element/f.609CE4280A85363DBD46210BE265599D.d.0A30A9B5C97E4AE0A316A59C06D9C5FA.e.1443/value - {"text":"192"}
COMMAND: GET /session/d392767a950b32be403e8af6fd22bfea/screenshot - {}
RESULT: {"text":"192"}
COMMAND: GET /session/d392767a950b32be403e8af6fd22bfea/screenshot - {}
RESULT: {}
RESULT: {}
COMMAND: POST /session/d392767a950b32be403e8af6fd22bfea/element - {"using":"xpath","value":"//li[.//span[text()='192']]"}
RESULT: {"using":"xpath","value":"//li[.//span[text()='192']]"}
COMMAND: POST /session/d392767a950b32be403e8af6fd22bfea/element/f.609CE4280A85363DBD46210BE265599D.d.0A30A9B5C97E4AE0A316A59C06D9C5FA.e.1452/click - {}
RESULT: {}
COMMAND: GET /session/d392767a950b32be403e8af6fd22bfea/screenshot - {}
RESULT: {}
COMMAND: POST /session/d392767a950b32be403e8af6fd22bfea/actions - {"actions":[{"id":"action3","type":"key","parameters":{},"actions":[{"type":"keyDown","value":"î€‡"},{"type":"pause","duration":10},{"type":"keyUp","value":"î€‡"}]}]}
RESULT: {"actions":[{"id":"action3","type":"key","parameters":{},"actions":[{"type":"keyDown","value":"î€‡"},{"type":"pause","duration":10},{"type":"keyUp","value":"î€‡"}]}]}
COMMAND: POST /session/d392767a950b32be403e8af6fd22bfea/execute/async - {"script":"<script> [1562 bytes]","args":[{"selector":{"id":"application-managepartners-display-component---NewPartner--externalCustomerComboBox-application-managepartners-display-component---NewPartner--assignmentsTable-0-vhi"},"wdio_ui5_key":"applicationmanagepartners-display-component---NewPartner--externalCustomerComboBox-application-managepartners-display-component---NewPartner--assignmentsTable-0-vhi"}]}
COMMAND: GET /session/d392767a950b32be403e8af6fd22bfea/screenshot - {}
RESULT: {"script":"<script> [1562 bytes]","args":[{"selector":{"id":"application-managepartners-display-component---NewPartner--externalCustomerComboBox-application-managepartners-display-component---NewPartner--assignmentsTable-0-vhi"},"wdio_ui5_key":"applicationmanagepartners-display-component---NewPartner--externalCustomerComboBox-application-managepartners-display-component---NewPartner--assignmentsTable-0-vhi"}]}
RESULT: undefined
COMMAND: POST /session/d392767a950b32be403e8af6fd22bfea/element - {"using":"xpath","value":"//*[@id=\"application-managepartners-display-component---NewPartner--externalCustomerComboBox-application-managepartners-display-component---NewPartner--assignmentsTable-0-vhi\"]"}
RESULT: {}
RESULT: {"using":"xpath","value":"//*[@id=\"application-managepartners-display-component---NewPartner--externalCustomerComboBox-application-managepartners-display-component---NewPartner--assignmentsTable-0-vhi\"]"}
COMMAND: POST /session/d392767a950b32be403e8af6fd22bfea/element/f.609CE4280A85363DBD46210BE265599D.d.0A30A9B5C97E4AE0A316A59C06D9C5FA.e.1456/click - {}
RESULT: {}
RESULT: undefined
COMMAND: POST /session/d392767a950b32be403e8af6fd22bfea/execute/async - {"script":"<script> [776 bytes]","args":[{"enterText":"300003","selector":{"controlType":"sap.m.SearchField","properties":{"placeholder":"Search"},"searchOpenDialogs":true,"interaction":{"idSuffix":"I"}},"clearTextFirst":true,"interactionType":"ENTER_TEXT"}]}
COMMAND: GET /session/d392767a950b32be403e8af6fd22bfea/screenshot - {}
RESULT: {"script":"<script> [776 bytes]","args":[{"enterText":"300003","selector":{"controlType":"sap.m.SearchField","properties":{"placeholder":"Search"},"searchOpenDialogs":true,"interaction":{"idSuffix":"I"}},"clearTextFirst":true,"interactionType":"ENTER_TEXT"}]}
COMMAND: POST /session/d392767a950b32be403e8af6fd22bfea/actions - {"actions":[{"id":"action4","type":"key","parameters":{},"actions":[{"type":"keyDown","value":"î€‡"},{"type":"pause","duration":10},{"type":"keyUp","value":"î€‡"}]}]}
RESULT: {}
RESULT: {"actions":[{"id":"action4","type":"key","parameters":{},"actions":[{"type":"keyDown","value":"î€‡"},{"type":"pause","duration":10},{"type":"keyUp","value":"î€‡"}]}]}
COMMAND: GET /session/d392767a950b32be403e8af6fd22bfea/screenshot - {}
RESULT: {}
COMMAND: POST /session/d392767a950b32be403e8af6fd22bfea/element - {"using":"xpath","value":"//span[contains(text(), \"300003\")]"}
RESULT: {"using":"xpath","value":"//span[contains(text(), \"300003\")]"}
COMMAND: POST /session/d392767a950b32be403e8af6fd22bfea/element/f.609CE4280A85363DBD46210BE265599D.d.0A30A9B5C97E4AE0A316A59C06D9C5FA.e.1505/click - {}
RESULT: {}
COMMAND: GET /session/d392767a950b32be403e8af6fd22bfea/screenshot - {}
RESULT: {}
COMMAND: POST /session/d392767a950b32be403e8af6fd22bfea/element - {"using":"xpath","value":"//bdi[contains(text(), \"OK\")]"}
RESULT: {"using":"xpath","value":"//bdi[contains(text(), \"OK\")]"}
COMMAND: POST /session/d392767a950b32be403e8af6fd22bfea/element/f.609CE4280A85363DBD46210BE265599D.d.0A30A9B5C97E4AE0A316A59C06D9C5FA.e.1507/click - {}
RESULT: {}
COMMAND: GET /session/d392767a950b32be403e8af6fd22bfea/screenshot - {}
RESULT: {}
COMMAND: POST /session/d392767a950b32be403e8af6fd22bfea/execute/async - {"script":"<script> [1562 bytes]","args":[{"selector":{"id":"application-managepartners-display-component---NewPartner--intercompVendorComboBox-application-managepartners-display-component---NewPartner--assignmentsTable-0-vhi"},"wdio_ui5_key":"applicationmanagepartners-display-component---NewPartner--intercompVendorComboBox-application-managepartners-display-component---NewPartner--assignmentsTable-0-vhi"}]}
RESULT: {"script":"<script> [1562 bytes]","args":[{"selector":{"id":"application-managepartners-display-component---NewPartner--intercompVendorComboBox-application-managepartners-display-component---NewPartner--assignmentsTable-0-vhi"},"wdio_ui5_key":"applicationmanagepartners-display-component---NewPartner--intercompVendorComboBox-application-managepartners-display-component---NewPartner--assignmentsTable-0-vhi"}]}
RESULT: undefined
COMMAND: POST /session/d392767a950b32be403e8af6fd22bfea/element - {"using":"xpath","value":"//*[@id=\"application-managepartners-display-component---NewPartner--intercompVendorComboBox-application-managepartners-display-component---NewPartner--assignmentsTable-0-vhi\"]"}
RESULT: {"using":"xpath","value":"//*[@id=\"application-managepartners-display-component---NewPartner--intercompVendorComboBox-application-managepartners-display-component---NewPartner--assignmentsTable-0-vhi\"]"}
COMMAND: POST /session/d392767a950b32be403e8af6fd22bfea/element/f.609CE4280A85363DBD46210BE265599D.d.0A30A9B5C97E4AE0A316A59C06D9C5FA.e.1510/click - {}
RESULT: {}
RESULT: undefined
COMMAND: POST /session/d392767a950b32be403e8af6fd22bfea/execute/async - {"script":"<script> [776 bytes]","args":[{"enterText":"100005","selector":{"controlType":"sap.m.SearchField","properties":{"placeholder":"Search"},"searchOpenDialogs":true,"interaction":{"idSuffix":"I"}},"clearTextFirst":true,"interactionType":"ENTER_TEXT"}]}
COMMAND: GET /session/d392767a950b32be403e8af6fd22bfea/screenshot - {}
RESULT: {"script":"<script> [776 bytes]","args":[{"enterText":"100005","selector":{"controlType":"sap.m.SearchField","properties":{"placeholder":"Search"},"searchOpenDialogs":true,"interaction":{"idSuffix":"I"}},"clearTextFirst":true,"interactionType":"ENTER_TEXT"}]}
COMMAND: POST /session/d392767a950b32be403e8af6fd22bfea/actions - {"actions":[{"id":"action5","type":"key","parameters":{},"actions":[{"type":"keyDown","value":"î€‡"},{"type":"pause","duration":10},{"type":"keyUp","value":"î€‡"}]}]}
RESULT: {}
RESULT: {"actions":[{"id":"action5","type":"key","parameters":{},"actions":[{"type":"keyDown","value":"î€‡"},{"type":"pause","duration":10},{"type":"keyUp","value":"î€‡"}]}]}
COMMAND: GET /session/d392767a950b32be403e8af6fd22bfea/screenshot - {}
RESULT: {}
COMMAND: POST /session/d392767a950b32be403e8af6fd22bfea/element - {"using":"xpath","value":"//span[contains(text(), \"Penguins - Field/12345 Berlin\")]"}
RESULT: {"using":"xpath","value":"//span[contains(text(), \"Penguins - Field/12345 Berlin\")]"}
COMMAND: POST /session/d392767a950b32be403e8af6fd22bfea/element/f.609CE4280A85363DBD46210BE265599D.d.0A30A9B5C97E4AE0A316A59C06D9C5FA.e.1529/click - {}
RESULT: {}
COMMAND: GET /session/d392767a950b32be403e8af6fd22bfea/screenshot - {}
RESULT: {}
COMMAND: POST /session/d392767a950b32be403e8af6fd22bfea/element - {"using":"xpath","value":"//bdi[contains(text(), \"OK\")]"}
RESULT: {"using":"xpath","value":"//bdi[contains(text(), \"OK\")]"}
COMMAND: POST /session/d392767a950b32be403e8af6fd22bfea/element/f.609CE4280A85363DBD46210BE265599D.d.0A30A9B5C97E4AE0A316A59C06D9C5FA.e.1530/click - {}
RESULT: {}
COMMAND: GET /session/d392767a950b32be403e8af6fd22bfea/screenshot - {}
RESULT: {}
COMMAND: POST /session/d392767a950b32be403e8af6fd22bfea/element - {"using":"xpath","value":"//button[@data-kt=\"saveButton\"]"}
RESULT: {"using":"xpath","value":"//button[@data-kt=\"saveButton\"]"}
COMMAND: POST /session/d392767a950b32be403e8af6fd22bfea/element/f.609CE4280A85363DBD46210BE265599D.d.0A30A9B5C97E4AE0A316A59C06D9C5FA.e.1306/click - {}
RESULT: {}
COMMAND: GET /session/d392767a950b32be403e8af6fd22bfea/screenshot - {}
RESULT: {}
COMMAND: POST /session/d392767a950b32be403e8af6fd22bfea/element - {"using":"xpath","value":"//header[contains(@id, 'ObjectPageLayout-headerTitle')]/div[1]/div[2]/div[2]/span[1]"}
RESULT: {"using":"xpath","value":"//header[contains(@id, 'ObjectPageLayout-headerTitle')]/div[1]/div[2]/div[2]/span[1]"}
COMMAND: POST /session/d392767a950b32be403e8af6fd22bfea/elements - {"using":"xpath","value":"//header[contains(@id, 'ObjectPageLayout-headerTitle')]/div[1]/div[2]/div[2]/span[1]"}
RESULT: {"using":"xpath","value":"//header[contains(@id, 'ObjectPageLayout-headerTitle')]/div[1]/div[2]/div[2]/span[1]"}
COMMAND: POST /session/d392767a950b32be403e8af6fd22bfea/execute/sync - {"script":"<script> [56 bytes]","args":[{"element-6066-11e4-a52e-4f735466cecf":"f.609CE4280A85363DBD46210BE265599D.d.0A30A9B5C97E4AE0A316A59C06D9C5FA.e.1636","ELEMENT":"f.609CE4280A85363DBD46210BE265599D.d.0A30A9B5C97E4AE0A316A59C06D9C5FA.e.1636"}]}
RESULT: {"script":"<script> [56 bytes]","args":[{"element-6066-11e4-a52e-4f735466cecf":"f.609CE4280A85363DBD46210BE265599D.d.0A30A9B5C97E4AE0A316A59C06D9C5FA.e.1636","ELEMENT":"f.609CE4280A85363DBD46210BE265599D.d.0A30A9B5C97E4AE0A316A59C06D9C5FA.e.1636"}]}
COMMAND: POST /session/d392767a950b32be403e8af6fd22bfea/element - {"using":"css selector","value":"#shell-header-logo"}
COMMAND: GET /session/d392767a950b32be403e8af6fd22bfea/screenshot - {}
RESULT: {"using":"css selector","value":"#shell-header-logo"}
COMMAND: POST /session/d392767a950b32be403e8af6fd22bfea/element/f.609CE4280A85363DBD46210BE265599D.d.0A30A9B5C97E4AE0A316A59C06D9C5FA.e.993/click - {}
RESULT: {}
RESULT: {}
COMMAND: GET /session/d392767a950b32be403e8af6fd22bfea/screenshot - {}
RESULT: {}
COMMAND: POST /session/d392767a950b32be403e8af6fd22bfea/execute/sync - {"script":"<script> [299 bytes]","args":[["getModel","getResource"]]}
RESULT: {"script":"<script> [299 bytes]","args":[["getModel","getResource"]]}
]]></system-out>
    </testcase>
    <testcase classname="chrome.137_0_7151_69.windows.Billing_confirm_US117289" name="Should create a new site" time="90.354">
      <system-out><![CDATA[
COMMAND: GET /session/d392767a950b32be403e8af6fd22bfea/screenshot - {}
COMMAND: POST /session/d392767a950b32be403e8af6fd22bfea/execute/async - {"script":"<script> [1562 bytes]","args":[{"selector":{"controlType":"sap.m.GenericTile","properties":{"header":"Manage Sites"}},"wdio_ui5_key":"sapm.GenericTile{\"header\":\"Manage Sites\"}"}]}
RESULT: {}
RESULT: {"script":"<script> [1562 bytes]","args":[{"selector":{"controlType":"sap.m.GenericTile","properties":{"header":"Manage Sites"}},"wdio_ui5_key":"sapm.GenericTile{\"header\":\"Manage Sites\"}"}]}
RESULT: undefined
COMMAND: POST /session/d392767a950b32be403e8af6fd22bfea/element - {"using":"xpath","value":"//*[@id=\"__tile41\"]"}
RESULT: {"using":"xpath","value":"//*[@id=\"__tile41\"]"}
COMMAND: POST /session/d392767a950b32be403e8af6fd22bfea/element/f.609CE4280A85363DBD46210BE265599D.d.0A30A9B5C97E4AE0A316A59C06D9C5FA.e.165/click - {}
RESULT: {}
COMMAND: GET /session/d392767a950b32be403e8af6fd22bfea/screenshot - {}
RESULT: {}
COMMAND: POST /session/d392767a950b32be403e8af6fd22bfea/elements - {"using":"xpath","value":"//span[text()='Error']"}
RESULT: {"using":"xpath","value":"//span[text()='Error']"}
COMMAND: POST /session/d392767a950b32be403e8af6fd22bfea/element - {"using":"xpath","value":"//button[@data-kt=\"addOverflowToolbarButton\"]"}
RESULT: {"using":"xpath","value":"//button[@data-kt=\"addOverflowToolbarButton\"]"}
COMMAND: POST /session/d392767a950b32be403e8af6fd22bfea/elements - {"using":"xpath","value":"//button[@data-kt=\"addOverflowToolbarButton\"]"}
RESULT: {"using":"xpath","value":"//button[@data-kt=\"addOverflowToolbarButton\"]"}
COMMAND: POST /session/d392767a950b32be403e8af6fd22bfea/execute/sync - {"script":"<script> [8489 bytes]","args":[{"element-6066-11e4-a52e-4f735466cecf":"f.609CE4280A85363DBD46210BE265599D.d.0A30A9B5C97E4AE0A316A59C06D9C5FA.e.1682","ELEMENT":"f.609CE4280A85363DBD46210BE265599D.d.0A30A9B5C97E4AE0A316A59C06D9C5FA.e.1682"}]}
RESULT: {"script":"<script> [8489 bytes]","args":[{"element-6066-11e4-a52e-4f735466cecf":"f.609CE4280A85363DBD46210BE265599D.d.0A30A9B5C97E4AE0A316A59C06D9C5FA.e.1682","ELEMENT":"f.609CE4280A85363DBD46210BE265599D.d.0A30A9B5C97E4AE0A316A59C06D9C5FA.e.1682"}]}
COMMAND: GET /session/d392767a950b32be403e8af6fd22bfea/element/f.609CE4280A85363DBD46210BE265599D.d.0A30A9B5C97E4AE0A316A59C06D9C5FA.e.1682/enabled - {}
COMMAND: GET /session/d392767a950b32be403e8af6fd22bfea/screenshot - {}
RESULT: {}
COMMAND: POST /session/d392767a950b32be403e8af6fd22bfea/execute/sync - {"script":"<script> [8489 bytes]","args":[{"element-6066-11e4-a52e-4f735466cecf":"f.609CE4280A85363DBD46210BE265599D.d.0A30A9B5C97E4AE0A316A59C06D9C5FA.e.1682","ELEMENT":"f.609CE4280A85363DBD46210BE265599D.d.0A30A9B5C97E4AE0A316A59C06D9C5FA.e.1682"}]}
COMMAND: GET /session/d392767a950b32be403e8af6fd22bfea/screenshot - {}
RESULT: {}
RESULT: {"script":"<script> [8489 bytes]","args":[{"element-6066-11e4-a52e-4f735466cecf":"f.609CE4280A85363DBD46210BE265599D.d.0A30A9B5C97E4AE0A316A59C06D9C5FA.e.1682","ELEMENT":"f.609CE4280A85363DBD46210BE265599D.d.0A30A9B5C97E4AE0A316A59C06D9C5FA.e.1682"}]}
COMMAND: POST /session/d392767a950b32be403e8af6fd22bfea/execute/sync - {"script":"<script> [5351 bytes]","args":[{"element-6066-11e4-a52e-4f735466cecf":"f.609CE4280A85363DBD46210BE265599D.d.0A30A9B5C97E4AE0A316A59C06D9C5FA.e.1682","ELEMENT":"f.609CE4280A85363DBD46210BE265599D.d.0A30A9B5C97E4AE0A316A59C06D9C5FA.e.1682"}]}
COMMAND: GET /session/d392767a950b32be403e8af6fd22bfea/screenshot - {}
RESULT: {}
RESULT: {"script":"<script> [5351 bytes]","args":[{"element-6066-11e4-a52e-4f735466cecf":"f.609CE4280A85363DBD46210BE265599D.d.0A30A9B5C97E4AE0A316A59C06D9C5FA.e.1682","ELEMENT":"f.609CE4280A85363DBD46210BE265599D.d.0A30A9B5C97E4AE0A316A59C06D9C5FA.e.1682"}]}
COMMAND: POST /session/d392767a950b32be403e8af6fd22bfea/element/f.609CE4280A85363DBD46210BE265599D.d.0A30A9B5C97E4AE0A316A59C06D9C5FA.e.1682/click - {}
COMMAND: GET /session/d392767a950b32be403e8af6fd22bfea/screenshot - {}
RESULT: {}
RESULT: {}
COMMAND: GET /session/d392767a950b32be403e8af6fd22bfea/screenshot - {}
RESULT: {}
RESULT: {}
COMMAND: POST /session/d392767a950b32be403e8af6fd22bfea/element - {"using":"xpath","value":"//input[@id=\"application-managesites-display-component---NewSite--siteId-inner\"]"}
RESULT: {"using":"xpath","value":"//input[@id=\"application-managesites-display-component---NewSite--siteId-inner\"]"}
COMMAND: POST /session/d392767a950b32be403e8af6fd22bfea/element - {"using":"xpath","value":"//input[@id=\"application-managesites-display-component---NewSite--siteId-inner\"]"}
RESULT: {"using":"xpath","value":"//input[@id=\"application-managesites-display-component---NewSite--siteId-inner\"]"}
COMMAND: POST /session/d392767a950b32be403e8af6fd22bfea/execute/async - {"script":"<script> [1562 bytes]","args":[{"selector":{"id":"application-managesites-display-component---NewSite--addressDetailDetailsName1","interaction":{"idSuffix":"inner"}},"wdio_ui5_key":"applicationmanagesites-display-component---NewSite--addressDetailDetailsName1"}]}
RESULT: {"script":"<script> [1562 bytes]","args":[{"selector":{"id":"application-managesites-display-component---NewSite--addressDetailDetailsName1","interaction":{"idSuffix":"inner"}},"wdio_ui5_key":"applicationmanagesites-display-component---NewSite--addressDetailDetailsName1"}]}
RESULT: undefined
COMMAND: POST /session/d392767a950b32be403e8af6fd22bfea/execute/async - {"script":"<script> [776 bytes]","args":[{"enterText":"Intracompany Site wdIO","selector":{"id":"application-managesites-display-component---NewSite--addressDetailDetailsName1","interaction":{"idSuffix":"inner"}},"clearTextFirst":true,"interactionType":"ENTER_TEXT"}]}
RESULT: {"script":"<script> [776 bytes]","args":[{"enterText":"Intracompany Site wdIO","selector":{"id":"application-managesites-display-component---NewSite--addressDetailDetailsName1","interaction":{"idSuffix":"inner"}},"clearTextFirst":true,"interactionType":"ENTER_TEXT"}]}
COMMAND: POST /session/d392767a950b32be403e8af6fd22bfea/execute/async - {"script":"<script> [1562 bytes]","args":[{"selector":{"id":"application-managesites-display-component---NewSite--addressDetailDetailsLanguage-arrow"},"wdio_ui5_key":"applicationmanagesites-display-component---NewSite--addressDetailDetailsLanguage-arrow"}]}
RESULT: {"script":"<script> [1562 bytes]","args":[{"selector":{"id":"application-managesites-display-component---NewSite--addressDetailDetailsLanguage-arrow"},"wdio_ui5_key":"applicationmanagesites-display-component---NewSite--addressDetailDetailsLanguage-arrow"}]}
RESULT: undefined
COMMAND: POST /session/d392767a950b32be403e8af6fd22bfea/element - {"using":"xpath","value":"//*[@id=\"application-managesites-display-component---NewSite--addressDetailDetailsLanguage-arrow\"]"}
RESULT: {"using":"xpath","value":"//*[@id=\"application-managesites-display-component---NewSite--addressDetailDetailsLanguage-arrow\"]"}
COMMAND: POST /session/d392767a950b32be403e8af6fd22bfea/element/f.609CE4280A85363DBD46210BE265599D.d.0A30A9B5C97E4AE0A316A59C06D9C5FA.e.2204/click - {}
RESULT: {}
COMMAND: POST /session/d392767a950b32be403e8af6fd22bfea/element - {"using":"xpath","value":"//span[contains(text(), \"English\")]"}
COMMAND: GET /session/d392767a950b32be403e8af6fd22bfea/screenshot - {}
RESULT: {"using":"xpath","value":"//span[contains(text(), \"English\")]"}
COMMAND: POST /session/d392767a950b32be403e8af6fd22bfea/element/f.609CE4280A85363DBD46210BE265599D.d.0A30A9B5C97E4AE0A316A59C06D9C5FA.e.2205/click - {}
RESULT: {}
RESULT: {}
COMMAND: POST /session/d392767a950b32be403e8af6fd22bfea/execute/async - {"script":"<script> [1562 bytes]","args":[{"selector":{"id":"application-managesites-display-component---NewSite--addressDetailDetailsCity1","interaction":{"idSuffix":"inner"}},"wdio_ui5_key":"applicationmanagesites-display-component---NewSite--addressDetailDetailsCity1"}]}
COMMAND: GET /session/d392767a950b32be403e8af6fd22bfea/screenshot - {}
RESULT: {"script":"<script> [1562 bytes]","args":[{"selector":{"id":"application-managesites-display-component---NewSite--addressDetailDetailsCity1","interaction":{"idSuffix":"inner"}},"wdio_ui5_key":"applicationmanagesites-display-component---NewSite--addressDetailDetailsCity1"}]}
RESULT: undefined
COMMAND: POST /session/d392767a950b32be403e8af6fd22bfea/execute/async - {"script":"<script> [776 bytes]","args":[{"enterText":"Rosario","selector":{"id":"application-managesites-display-component---NewSite--addressDetailDetailsCity1","interaction":{"idSuffix":"inner"}},"clearTextFirst":true,"interactionType":"ENTER_TEXT"}]}
RESULT: {}
RESULT: {"script":"<script> [776 bytes]","args":[{"enterText":"Rosario","selector":{"id":"application-managesites-display-component---NewSite--addressDetailDetailsCity1","interaction":{"idSuffix":"inner"}},"clearTextFirst":true,"interactionType":"ENTER_TEXT"}]}
COMMAND: POST /session/d392767a950b32be403e8af6fd22bfea/execute/async - {"script":"<script> [1562 bytes]","args":[{"selector":{"id":"application-managesites-display-component---NewSite--addressDetailDetailsCountry-arrow"},"wdio_ui5_key":"applicationmanagesites-display-component---NewSite--addressDetailDetailsCountry-arrow"}]}
RESULT: {"script":"<script> [1562 bytes]","args":[{"selector":{"id":"application-managesites-display-component---NewSite--addressDetailDetailsCountry-arrow"},"wdio_ui5_key":"applicationmanagesites-display-component---NewSite--addressDetailDetailsCountry-arrow"}]}
RESULT: undefined
COMMAND: POST /session/d392767a950b32be403e8af6fd22bfea/element - {"using":"xpath","value":"//*[@id=\"application-managesites-display-component---NewSite--addressDetailDetailsCountry-arrow\"]"}
RESULT: {"using":"xpath","value":"//*[@id=\"application-managesites-display-component---NewSite--addressDetailDetailsCountry-arrow\"]"}
COMMAND: POST /session/d392767a950b32be403e8af6fd22bfea/element/f.609CE4280A85363DBD46210BE265599D.d.0A30A9B5C97E4AE0A316A59C06D9C5FA.e.2207/click - {}
RESULT: {}
COMMAND: POST /session/d392767a950b32be403e8af6fd22bfea/element - {"using":"xpath","value":"//span[contains(text(), \"Argentina\")]"}
COMMAND: GET /session/d392767a950b32be403e8af6fd22bfea/screenshot - {}
RESULT: {"using":"xpath","value":"//span[contains(text(), \"Argentina\")]"}
COMMAND: POST /session/d392767a950b32be403e8af6fd22bfea/element/f.609CE4280A85363DBD46210BE265599D.d.0A30A9B5C97E4AE0A316A59C06D9C5FA.e.2208/click - {}
RESULT: {}
RESULT: {}
COMMAND: GET /session/d392767a950b32be403e8af6fd22bfea/screenshot - {}
RESULT: {}
COMMAND: POST /session/d392767a950b32be403e8af6fd22bfea/execute/async - {"script":"<script> [1562 bytes]","args":[{"selector":{"id":"application-managesites-display-component---NewSite--addressEditDetailsCostObjectCstType-arrow"},"wdio_ui5_key":"applicationmanagesites-display-component---NewSite--addressEditDetailsCostObjectCstType-arrow"}]}
RESULT: {"script":"<script> [1562 bytes]","args":[{"selector":{"id":"application-managesites-display-component---NewSite--addressEditDetailsCostObjectCstType-arrow"},"wdio_ui5_key":"applicationmanagesites-display-component---NewSite--addressEditDetailsCostObjectCstType-arrow"}]}
RESULT: undefined
COMMAND: POST /session/d392767a950b32be403e8af6fd22bfea/element - {"using":"xpath","value":"//*[@id=\"application-managesites-display-component---NewSite--addressEditDetailsCostObjectCstType-arrow\"]"}
RESULT: {"using":"xpath","value":"//*[@id=\"application-managesites-display-component---NewSite--addressEditDetailsCostObjectCstType-arrow\"]"}
COMMAND: POST /session/d392767a950b32be403e8af6fd22bfea/element/f.609CE4280A85363DBD46210BE265599D.d.0A30A9B5C97E4AE0A316A59C06D9C5FA.e.2210/click - {}
RESULT: {}
COMMAND: POST /session/d392767a950b32be403e8af6fd22bfea/element - {"using":"xpath","value":"//span[contains(text(), \"Cost Center\")]"}
COMMAND: GET /session/d392767a950b32be403e8af6fd22bfea/screenshot - {}
RESULT: {"using":"xpath","value":"//span[contains(text(), \"Cost Center\")]"}
COMMAND: POST /session/d392767a950b32be403e8af6fd22bfea/element/f.609CE4280A85363DBD46210BE265599D.d.0A30A9B5C97E4AE0A316A59C06D9C5FA.e.2211/click - {}
RESULT: {}
RESULT: {}
COMMAND: GET /session/d392767a950b32be403e8af6fd22bfea/screenshot - {}
RESULT: {}
COMMAND: POST /session/d392767a950b32be403e8af6fd22bfea/element - {"using":"xpath","value":"//span[@id=\"application-managesites-display-component---NewSite--addressNewCostObjectCstID-vhi\"]"}
RESULT: {"using":"xpath","value":"//span[@id=\"application-managesites-display-component---NewSite--addressNewCostObjectCstID-vhi\"]"}
COMMAND: POST /session/d392767a950b32be403e8af6fd22bfea/execute/sync - {"script":"<script> [8489 bytes]","args":[{"element-6066-11e4-a52e-4f735466cecf":"f.609CE4280A85363DBD46210BE265599D.d.0A30A9B5C97E4AE0A316A59C06D9C5FA.e.2216","ELEMENT":"f.609CE4280A85363DBD46210BE265599D.d.0A30A9B5C97E4AE0A316A59C06D9C5FA.e.2216"}]}
RESULT: {"script":"<script> [8489 bytes]","args":[{"element-6066-11e4-a52e-4f735466cecf":"f.609CE4280A85363DBD46210BE265599D.d.0A30A9B5C97E4AE0A316A59C06D9C5FA.e.2216","ELEMENT":"f.609CE4280A85363DBD46210BE265599D.d.0A30A9B5C97E4AE0A316A59C06D9C5FA.e.2216"}]}
COMMAND: POST /session/d392767a950b32be403e8af6fd22bfea/execute/async - {"script":"<script> [1562 bytes]","args":[{"selector":{"id":"application-managesites-display-component---NewSite--addressNewCostObjectCstID-vhi"},"wdio_ui5_key":"applicationmanagesites-display-component---NewSite--addressNewCostObjectCstID-vhi"}]}
COMMAND: GET /session/d392767a950b32be403e8af6fd22bfea/screenshot - {}
RESULT: {"script":"<script> [1562 bytes]","args":[{"selector":{"id":"application-managesites-display-component---NewSite--addressNewCostObjectCstID-vhi"},"wdio_ui5_key":"applicationmanagesites-display-component---NewSite--addressNewCostObjectCstID-vhi"}]}
RESULT: undefined
COMMAND: POST /session/d392767a950b32be403e8af6fd22bfea/element - {"using":"xpath","value":"//*[@id=\"application-managesites-display-component---NewSite--addressNewCostObjectCstID-vhi\"]"}
RESULT: {}
RESULT: {"using":"xpath","value":"//*[@id=\"application-managesites-display-component---NewSite--addressNewCostObjectCstID-vhi\"]"}
COMMAND: POST /session/d392767a950b32be403e8af6fd22bfea/element/f.609CE4280A85363DBD46210BE265599D.d.0A30A9B5C97E4AE0A316A59C06D9C5FA.e.2216/click - {}
RESULT: {}
COMMAND: GET /session/d392767a950b32be403e8af6fd22bfea/screenshot - {}
RESULT: {}
RESULT: undefined
COMMAND: POST /session/d392767a950b32be403e8af6fd22bfea/execute/async - {"script":"<script> [776 bytes]","args":[{"enterText":"10001013","selector":{"controlType":"sap.m.SearchField","properties":{"placeholder":"Search"},"searchOpenDialogs":true,"interaction":{"idSuffix":"I"}},"clearTextFirst":true,"interactionType":"ENTER_TEXT"}]}
RESULT: {"script":"<script> [776 bytes]","args":[{"enterText":"10001013","selector":{"controlType":"sap.m.SearchField","properties":{"placeholder":"Search"},"searchOpenDialogs":true,"interaction":{"idSuffix":"I"}},"clearTextFirst":true,"interactionType":"ENTER_TEXT"}]}
COMMAND: POST /session/d392767a950b32be403e8af6fd22bfea/actions - {"actions":[{"id":"action6","type":"key","parameters":{},"actions":[{"type":"keyDown","value":"î€‡"},{"type":"pause","duration":10},{"type":"keyUp","value":"î€‡"}]}]}
RESULT: {"actions":[{"id":"action6","type":"key","parameters":{},"actions":[{"type":"keyDown","value":"î€‡"},{"type":"pause","duration":10},{"type":"keyUp","value":"î€‡"}]}]}
COMMAND: GET /session/d392767a950b32be403e8af6fd22bfea/screenshot - {}
RESULT: {}
COMMAND: POST /session/d392767a950b32be403e8af6fd22bfea/element - {"using":"xpath","value":"//span[contains(text(), \"General Management\")]"}
RESULT: {"using":"xpath","value":"//span[contains(text(), \"General Management\")]"}
COMMAND: POST /session/d392767a950b32be403e8af6fd22bfea/element/f.609CE4280A85363DBD46210BE265599D.d.0A30A9B5C97E4AE0A316A59C06D9C5FA.e.2256/click - {}
RESULT: {}
COMMAND: GET /session/d392767a950b32be403e8af6fd22bfea/screenshot - {}
RESULT: {}
COMMAND: POST /session/d392767a950b32be403e8af6fd22bfea/element - {"using":"xpath","value":"//bdi[contains(text(), \"OK\")]"}
RESULT: {"using":"xpath","value":"//bdi[contains(text(), \"OK\")]"}
COMMAND: POST /session/d392767a950b32be403e8af6fd22bfea/element/f.609CE4280A85363DBD46210BE265599D.d.0A30A9B5C97E4AE0A316A59C06D9C5FA.e.2257/click - {}
RESULT: {}
COMMAND: GET /session/d392767a950b32be403e8af6fd22bfea/screenshot - {}
RESULT: {}
COMMAND: POST /session/d392767a950b32be403e8af6fd22bfea/element - {"using":"xpath","value":"//input[@id=\"application-managesites-display-component---NewSite--addressDetailDetailsCalendar-inner\"]"}
RESULT: {"using":"xpath","value":"//input[@id=\"application-managesites-display-component---NewSite--addressDetailDetailsCalendar-inner\"]"}
COMMAND: POST /session/d392767a950b32be403e8af6fd22bfea/element/f.609CE4280A85363DBD46210BE265599D.d.0A30A9B5C97E4AE0A316A59C06D9C5FA.e.2040/clear - {}
RESULT: {}
COMMAND: POST /session/d392767a950b32be403e8af6fd22bfea/element/f.609CE4280A85363DBD46210BE265599D.d.0A30A9B5C97E4AE0A316A59C06D9C5FA.e.2040/value - {"text":"Unit"}
COMMAND: GET /session/d392767a950b32be403e8af6fd22bfea/screenshot - {}
RESULT: {"text":"Unit"}
COMMAND: GET /session/d392767a950b32be403e8af6fd22bfea/screenshot - {}
RESULT: {}
RESULT: {}
COMMAND: POST /session/d392767a950b32be403e8af6fd22bfea/actions - {"actions":[{"id":"action7","type":"key","parameters":{},"actions":[{"type":"keyDown","value":"î€‡"},{"type":"pause","duration":10},{"type":"keyUp","value":"î€‡"}]}]}
RESULT: {"actions":[{"id":"action7","type":"key","parameters":{},"actions":[{"type":"keyDown","value":"î€‡"},{"type":"pause","duration":10},{"type":"keyUp","value":"î€‡"}]}]}
COMMAND: POST /session/d392767a950b32be403e8af6fd22bfea/element - {"using":"xpath","value":"//input[@id=\"application-managesites-display-component---NewSite--addressDetailDetailsYard-inner\"]"}
COMMAND: GET /session/d392767a950b32be403e8af6fd22bfea/screenshot - {}
RESULT: {"using":"xpath","value":"//input[@id=\"application-managesites-display-component---NewSite--addressDetailDetailsYard-inner\"]"}
COMMAND: POST /session/d392767a950b32be403e8af6fd22bfea/element/f.609CE4280A85363DBD46210BE265599D.d.0A30A9B5C97E4AE0A316A59C06D9C5FA.e.2041/clear - {}
RESULT: {}
RESULT: {}
COMMAND: POST /session/d392767a950b32be403e8af6fd22bfea/element/f.609CE4280A85363DBD46210BE265599D.d.0A30A9B5C97E4AE0A316A59C06D9C5FA.e.2041/value - {"text":"192"}
COMMAND: GET /session/d392767a950b32be403e8af6fd22bfea/screenshot - {}
RESULT: {"text":"192"}
COMMAND: GET /session/d392767a950b32be403e8af6fd22bfea/screenshot - {}
RESULT: {}
RESULT: {}
COMMAND: POST /session/d392767a950b32be403e8af6fd22bfea/element - {"using":"xpath","value":"//li[.//span[text()='192']]"}
RESULT: {"using":"xpath","value":"//li[.//span[text()='192']]"}
COMMAND: POST /session/d392767a950b32be403e8af6fd22bfea/element/f.609CE4280A85363DBD46210BE265599D.d.0A30A9B5C97E4AE0A316A59C06D9C5FA.e.2265/click - {}
RESULT: {}
COMMAND: GET /session/d392767a950b32be403e8af6fd22bfea/screenshot - {}
RESULT: {}
COMMAND: POST /session/d392767a950b32be403e8af6fd22bfea/element - {"using":"xpath","value":"//input[@id=\"application-managesites-display-component---NewSite--addressDetailDetailsPartner-inner\"]"}
RESULT: {"using":"xpath","value":"//input[@id=\"application-managesites-display-component---NewSite--addressDetailDetailsPartner-inner\"]"}
COMMAND: POST /session/d392767a950b32be403e8af6fd22bfea/element - {"using":"xpath","value":"//input[@id=\"application-managesites-display-component---NewSite--addressDetailDetailsPartner-inner\"]"}
RESULT: {"using":"xpath","value":"//input[@id=\"application-managesites-display-component---NewSite--addressDetailDetailsPartner-inner\"]"}
COMMAND: POST /session/d392767a950b32be403e8af6fd22bfea/element - {"using":"xpath","value":"//button[@data-kt=\"saveButton\"]"}
RESULT: {"using":"xpath","value":"//button[@data-kt=\"saveButton\"]"}
COMMAND: POST /session/d392767a950b32be403e8af6fd22bfea/element/f.609CE4280A85363DBD46210BE265599D.d.0A30A9B5C97E4AE0A316A59C06D9C5FA.e.2199/click - {}
RESULT: {}
COMMAND: GET /session/d392767a950b32be403e8af6fd22bfea/screenshot - {}
RESULT: {}
COMMAND: POST /session/d392767a950b32be403e8af6fd22bfea/element - {"using":"xpath","value":"//header[contains(@id, 'ObjectPageLayout-headerTitle')]/div[1]/div[2]/div[2]/span[1]"}
RESULT: {"using":"xpath","value":"//header[contains(@id, 'ObjectPageLayout-headerTitle')]/div[1]/div[2]/div[2]/span[1]"}
COMMAND: POST /session/d392767a950b32be403e8af6fd22bfea/elements - {"using":"xpath","value":"//header[contains(@id, 'ObjectPageLayout-headerTitle')]/div[1]/div[2]/div[2]/span[1]"}
RESULT: {"using":"xpath","value":"//header[contains(@id, 'ObjectPageLayout-headerTitle')]/div[1]/div[2]/div[2]/span[1]"}
COMMAND: POST /session/d392767a950b32be403e8af6fd22bfea/execute/sync - {"script":"<script> [56 bytes]","args":[{"element-6066-11e4-a52e-4f735466cecf":"f.609CE4280A85363DBD46210BE265599D.d.0A30A9B5C97E4AE0A316A59C06D9C5FA.e.2415","ELEMENT":"f.609CE4280A85363DBD46210BE265599D.d.0A30A9B5C97E4AE0A316A59C06D9C5FA.e.2415"}]}
RESULT: {"script":"<script> [56 bytes]","args":[{"element-6066-11e4-a52e-4f735466cecf":"f.609CE4280A85363DBD46210BE265599D.d.0A30A9B5C97E4AE0A316A59C06D9C5FA.e.2415","ELEMENT":"f.609CE4280A85363DBD46210BE265599D.d.0A30A9B5C97E4AE0A316A59C06D9C5FA.e.2415"}]}
COMMAND: POST /session/d392767a950b32be403e8af6fd22bfea/element - {"using":"css selector","value":"#shell-header-logo"}
COMMAND: GET /session/d392767a950b32be403e8af6fd22bfea/screenshot - {}
RESULT: {"using":"css selector","value":"#shell-header-logo"}
COMMAND: POST /session/d392767a950b32be403e8af6fd22bfea/element/f.609CE4280A85363DBD46210BE265599D.d.0A30A9B5C97E4AE0A316A59C06D9C5FA.e.1640/click - {}
RESULT: {}
RESULT: {}
COMMAND: GET /session/d392767a950b32be403e8af6fd22bfea/screenshot - {}
RESULT: {}
COMMAND: POST /session/d392767a950b32be403e8af6fd22bfea/execute/sync - {"script":"<script> [299 bytes]","args":[["getModel","getResource"]]}
RESULT: {"script":"<script> [299 bytes]","args":[["getModel","getResource"]]}
COMMAND: GET /session/d392767a950b32be403e8af6fd22bfea/screenshot - {}
]]></system-out>
    </testcase>
    <testcase classname="chrome.137_0_7151_69.windows.Billing_confirm_US117289" name="Should create a new equipment" time="127.02">
      <system-out><![CDATA[
COMMAND: POST /session/d392767a950b32be403e8af6fd22bfea/execute/async - {"script":"<script> [1562 bytes]","args":[{"selector":{"controlType":"sap.m.GenericTile","properties":{"header":"Manage Resources"}},"wdio_ui5_key":"sapm.GenericTile{\"header\":\"Manage Resources\"}"}]}
RESULT: {}
RESULT: {"script":"<script> [1562 bytes]","args":[{"selector":{"controlType":"sap.m.GenericTile","properties":{"header":"Manage Resources"}},"wdio_ui5_key":"sapm.GenericTile{\"header\":\"Manage Resources\"}"}]}
RESULT: undefined
COMMAND: POST /session/d392767a950b32be403e8af6fd22bfea/element - {"using":"xpath","value":"//*[@id=\"__tile40\"]"}
RESULT: {"using":"xpath","value":"//*[@id=\"__tile40\"]"}
COMMAND: POST /session/d392767a950b32be403e8af6fd22bfea/element/f.609CE4280A85363DBD46210BE265599D.d.0A30A9B5C97E4AE0A316A59C06D9C5FA.e.162/click - {}
RESULT: {}
COMMAND: GET /session/d392767a950b32be403e8af6fd22bfea/screenshot - {}
RESULT: {}
COMMAND: POST /session/d392767a950b32be403e8af6fd22bfea/elements - {"using":"xpath","value":"//span[text()='Error']"}
RESULT: {"using":"xpath","value":"//span[text()='Error']"}
COMMAND: POST /session/d392767a950b32be403e8af6fd22bfea/element - {"using":"xpath","value":"//button[@data-kt=\"addNewRUOverflowToolbarButton\"]"}
RESULT: {"using":"xpath","value":"//button[@data-kt=\"addNewRUOverflowToolbarButton\"]"}
COMMAND: POST /session/d392767a950b32be403e8af6fd22bfea/elements - {"using":"xpath","value":"//button[@data-kt=\"addNewRUOverflowToolbarButton\"]"}
RESULT: {"using":"xpath","value":"//button[@data-kt=\"addNewRUOverflowToolbarButton\"]"}
COMMAND: POST /session/d392767a950b32be403e8af6fd22bfea/execute/sync - {"script":"<script> [8489 bytes]","args":[{"element-6066-11e4-a52e-4f735466cecf":"f.609CE4280A85363DBD46210BE265599D.d.0A30A9B5C97E4AE0A316A59C06D9C5FA.e.2459","ELEMENT":"f.609CE4280A85363DBD46210BE265599D.d.0A30A9B5C97E4AE0A316A59C06D9C5FA.e.2459"}]}
RESULT: {"script":"<script> [8489 bytes]","args":[{"element-6066-11e4-a52e-4f735466cecf":"f.609CE4280A85363DBD46210BE265599D.d.0A30A9B5C97E4AE0A316A59C06D9C5FA.e.2459","ELEMENT":"f.609CE4280A85363DBD46210BE265599D.d.0A30A9B5C97E4AE0A316A59C06D9C5FA.e.2459"}]}
COMMAND: GET /session/d392767a950b32be403e8af6fd22bfea/element/f.609CE4280A85363DBD46210BE265599D.d.0A30A9B5C97E4AE0A316A59C06D9C5FA.e.2459/enabled - {}
COMMAND: GET /session/d392767a950b32be403e8af6fd22bfea/screenshot - {}
RESULT: {}
COMMAND: POST /session/d392767a950b32be403e8af6fd22bfea/execute/sync - {"script":"<script> [8489 bytes]","args":[{"element-6066-11e4-a52e-4f735466cecf":"f.609CE4280A85363DBD46210BE265599D.d.0A30A9B5C97E4AE0A316A59C06D9C5FA.e.2459","ELEMENT":"f.609CE4280A85363DBD46210BE265599D.d.0A30A9B5C97E4AE0A316A59C06D9C5FA.e.2459"}]}
COMMAND: GET /session/d392767a950b32be403e8af6fd22bfea/screenshot - {}
RESULT: {}
RESULT: {"script":"<script> [8489 bytes]","args":[{"element-6066-11e4-a52e-4f735466cecf":"f.609CE4280A85363DBD46210BE265599D.d.0A30A9B5C97E4AE0A316A59C06D9C5FA.e.2459","ELEMENT":"f.609CE4280A85363DBD46210BE265599D.d.0A30A9B5C97E4AE0A316A59C06D9C5FA.e.2459"}]}
COMMAND: POST /session/d392767a950b32be403e8af6fd22bfea/execute/sync - {"script":"<script> [5351 bytes]","args":[{"element-6066-11e4-a52e-4f735466cecf":"f.609CE4280A85363DBD46210BE265599D.d.0A30A9B5C97E4AE0A316A59C06D9C5FA.e.2459","ELEMENT":"f.609CE4280A85363DBD46210BE265599D.d.0A30A9B5C97E4AE0A316A59C06D9C5FA.e.2459"}]}
COMMAND: GET /session/d392767a950b32be403e8af6fd22bfea/screenshot - {}
RESULT: {}
RESULT: {"script":"<script> [5351 bytes]","args":[{"element-6066-11e4-a52e-4f735466cecf":"f.609CE4280A85363DBD46210BE265599D.d.0A30A9B5C97E4AE0A316A59C06D9C5FA.e.2459","ELEMENT":"f.609CE4280A85363DBD46210BE265599D.d.0A30A9B5C97E4AE0A316A59C06D9C5FA.e.2459"}]}
COMMAND: POST /session/d392767a950b32be403e8af6fd22bfea/element/f.609CE4280A85363DBD46210BE265599D.d.0A30A9B5C97E4AE0A316A59C06D9C5FA.e.2459/click - {}
COMMAND: GET /session/d392767a950b32be403e8af6fd22bfea/screenshot - {}
RESULT: {}
RESULT: {}
COMMAND: GET /session/d392767a950b32be403e8af6fd22bfea/screenshot - {}
COMMAND: POST /session/d392767a950b32be403e8af6fd22bfea/execute/async - {"script":"<script> [1562 bytes]","args":[{"selector":{"id":"application-manageresources-display-component---newResourceUnit--TYPE-arrow"},"wdio_ui5_key":"applicationmanageresources-display-component---newResourceUnit--TYPE-arrow"}]}
RESULT: {}
RESULT: {}
RESULT: {"script":"<script> [1562 bytes]","args":[{"selector":{"id":"application-manageresources-display-component---newResourceUnit--TYPE-arrow"},"wdio_ui5_key":"applicationmanageresources-display-component---newResourceUnit--TYPE-arrow"}]}
RESULT: undefined
COMMAND: POST /session/d392767a950b32be403e8af6fd22bfea/element - {"using":"xpath","value":"//*[@id=\"application-manageresources-display-component---newResourceUnit--TYPE-arrow\"]"}
RESULT: {"using":"xpath","value":"//*[@id=\"application-manageresources-display-component---newResourceUnit--TYPE-arrow\"]"}
COMMAND: POST /session/d392767a950b32be403e8af6fd22bfea/element/f.609CE4280A85363DBD46210BE265599D.d.0A30A9B5C97E4AE0A316A59C06D9C5FA.e.2815/click - {}
RESULT: {}
COMMAND: POST /session/d392767a950b32be403e8af6fd22bfea/element - {"using":"xpath","value":"//input[@id=\"application-manageresources-display-component---newResourceUnit--TYPE-inner\"]"}
COMMAND: GET /session/d392767a950b32be403e8af6fd22bfea/screenshot - {}
RESULT: {"using":"xpath","value":"//input[@id=\"application-manageresources-display-component---newResourceUnit--TYPE-inner\"]"}
COMMAND: POST /session/d392767a950b32be403e8af6fd22bfea/element/f.609CE4280A85363DBD46210BE265599D.d.0A30A9B5C97E4AE0A316A59C06D9C5FA.e.2798/clear - {}
RESULT: {}
RESULT: {}
COMMAND: POST /session/d392767a950b32be403e8af6fd22bfea/element/f.609CE4280A85363DBD46210BE265599D.d.0A30A9B5C97E4AE0A316A59C06D9C5FA.e.2798/value - {"text":"Equipment"}
COMMAND: GET /session/d392767a950b32be403e8af6fd22bfea/screenshot - {}
RESULT: {"text":"Equipment"}
COMMAND: GET /session/d392767a950b32be403e8af6fd22bfea/screenshot - {}
RESULT: {}
RESULT: {}
COMMAND: POST /session/d392767a950b32be403e8af6fd22bfea/actions - {"actions":[{"id":"action8","type":"key","parameters":{},"actions":[{"type":"keyDown","value":"î€‡"},{"type":"pause","duration":10},{"type":"keyUp","value":"î€‡"}]}]}
RESULT: {"actions":[{"id":"action8","type":"key","parameters":{},"actions":[{"type":"keyDown","value":"î€‡"},{"type":"pause","duration":10},{"type":"keyUp","value":"î€‡"}]}]}
COMMAND: POST /session/d392767a950b32be403e8af6fd22bfea/execute/async - {"script":"<script> [1562 bytes]","args":[{"selector":{"id":"application-manageresources-display-component---newResourceUnit--resourceId","interaction":{"idSuffix":"inner"}},"wdio_ui5_key":"applicationmanageresources-display-component---newResourceUnit--resourceId"}]}
COMMAND: GET /session/d392767a950b32be403e8af6fd22bfea/screenshot - {}
RESULT: {"script":"<script> [1562 bytes]","args":[{"selector":{"id":"application-manageresources-display-component---newResourceUnit--resourceId","interaction":{"idSuffix":"inner"}},"wdio_ui5_key":"applicationmanageresources-display-component---newResourceUnit--resourceId"}]}
RESULT: undefined
COMMAND: POST /session/d392767a950b32be403e8af6fd22bfea/execute/async - {"script":"<script> [776 bytes]","args":[{"enterText":"lusTAxfTIA","selector":{"id":"application-manageresources-display-component---newResourceUnit--resourceId","interaction":{"idSuffix":"inner"}},"clearTextFirst":true,"interactionType":"ENTER_TEXT"}]}
RESULT: {}
RESULT: {"script":"<script> [776 bytes]","args":[{"enterText":"lusTAxfTIA","selector":{"id":"application-manageresources-display-component---newResourceUnit--resourceId","interaction":{"idSuffix":"inner"}},"clearTextFirst":true,"interactionType":"ENTER_TEXT"}]}
COMMAND: POST /session/d392767a950b32be403e8af6fd22bfea/execute/async - {"script":"<script> [1562 bytes]","args":[{"selector":{"id":"application-manageresources-display-component---newResourceUnit--SHORT_TEXT","interaction":{"idSuffix":"inner"}},"wdio_ui5_key":"applicationmanageresources-display-component---newResourceUnit--SHORT_TEXT"}]}
RESULT: {"script":"<script> [1562 bytes]","args":[{"selector":{"id":"application-manageresources-display-component---newResourceUnit--SHORT_TEXT","interaction":{"idSuffix":"inner"}},"wdio_ui5_key":"applicationmanageresources-display-component---newResourceUnit--SHORT_TEXT"}]}
RESULT: undefined
COMMAND: POST /session/d392767a950b32be403e8af6fd22bfea/execute/async - {"script":"<script> [776 bytes]","args":[{"enterText":"Intercompany Equipment WDIO","selector":{"id":"application-manageresources-display-component---newResourceUnit--SHORT_TEXT","interaction":{"idSuffix":"inner"}},"clearTextFirst":true,"interactionType":"ENTER_TEXT"}]}
RESULT: {"script":"<script> [776 bytes]","args":[{"enterText":"Intercompany Equipment WDIO","selector":{"id":"application-manageresources-display-component---newResourceUnit--SHORT_TEXT","interaction":{"idSuffix":"inner"}},"clearTextFirst":true,"interactionType":"ENTER_TEXT"}]}
COMMAND: POST /session/d392767a950b32be403e8af6fd22bfea/execute/async - {"script":"<script> [1562 bytes]","args":[{"selector":{"id":"application-manageresources-display-component---newResourceUnit--BASE_UNIT_OF_MEASURE","interaction":{"idSuffix":"inner"}},"wdio_ui5_key":"applicationmanageresources-display-component---newResourceUnit--BASE_UNIT_OF_MEASURE"}]}
RESULT: {"script":"<script> [1562 bytes]","args":[{"selector":{"id":"application-manageresources-display-component---newResourceUnit--BASE_UNIT_OF_MEASURE","interaction":{"idSuffix":"inner"}},"wdio_ui5_key":"applicationmanageresources-display-component---newResourceUnit--BASE_UNIT_OF_MEASURE"}]}
RESULT: undefined
COMMAND: POST /session/d392767a950b32be403e8af6fd22bfea/execute/async - {"script":"<script> [776 bytes]","args":[{"enterText":"Piece","selector":{"id":"application-manageresources-display-component---newResourceUnit--BASE_UNIT_OF_MEASURE","interaction":{"idSuffix":"inner"}},"clearTextFirst":true,"interactionType":"ENTER_TEXT"}]}
RESULT: {"script":"<script> [776 bytes]","args":[{"enterText":"Piece","selector":{"id":"application-manageresources-display-component---newResourceUnit--BASE_UNIT_OF_MEASURE","interaction":{"idSuffix":"inner"}},"clearTextFirst":true,"interactionType":"ENTER_TEXT"}]}
COMMAND: POST /session/d392767a950b32be403e8af6fd22bfea/execute/async - {"script":"<script> [1562 bytes]","args":[{"selector":{"id":"application-manageresources-display-component---newResourceUnit--WEIGHT_UNIT","interaction":{"idSuffix":"inner"}},"wdio_ui5_key":"applicationmanageresources-display-component---newResourceUnit--WEIGHT_UNIT"}]}
RESULT: {"script":"<script> [1562 bytes]","args":[{"selector":{"id":"application-manageresources-display-component---newResourceUnit--WEIGHT_UNIT","interaction":{"idSuffix":"inner"}},"wdio_ui5_key":"applicationmanageresources-display-component---newResourceUnit--WEIGHT_UNIT"}]}
RESULT: undefined
COMMAND: POST /session/d392767a950b32be403e8af6fd22bfea/execute/async - {"script":"<script> [776 bytes]","args":[{"enterText":"Gram","selector":{"id":"application-manageresources-display-component---newResourceUnit--WEIGHT_UNIT","interaction":{"idSuffix":"inner"}},"clearTextFirst":true,"interactionType":"ENTER_TEXT"}]}
RESULT: {"script":"<script> [776 bytes]","args":[{"enterText":"Gram","selector":{"id":"application-manageresources-display-component---newResourceUnit--WEIGHT_UNIT","interaction":{"idSuffix":"inner"}},"clearTextFirst":true,"interactionType":"ENTER_TEXT"}]}
COMMAND: POST /session/d392767a950b32be403e8af6fd22bfea/execute/async - {"script":"<script> [1562 bytes]","args":[{"selector":{"id":"application-manageresources-display-component---newResourceUnit--DIMENSION_UNIT","interaction":{"idSuffix":"inner"}},"wdio_ui5_key":"applicationmanageresources-display-component---newResourceUnit--DIMENSION_UNIT"}]}
RESULT: {"script":"<script> [1562 bytes]","args":[{"selector":{"id":"application-manageresources-display-component---newResourceUnit--DIMENSION_UNIT","interaction":{"idSuffix":"inner"}},"wdio_ui5_key":"applicationmanageresources-display-component---newResourceUnit--DIMENSION_UNIT"}]}
RESULT: undefined
COMMAND: POST /session/d392767a950b32be403e8af6fd22bfea/execute/async - {"script":"<script> [776 bytes]","args":[{"enterText":"Meter","selector":{"id":"application-manageresources-display-component---newResourceUnit--DIMENSION_UNIT","interaction":{"idSuffix":"inner"}},"clearTextFirst":true,"interactionType":"ENTER_TEXT"}]}
RESULT: {"script":"<script> [776 bytes]","args":[{"enterText":"Meter","selector":{"id":"application-manageresources-display-component---newResourceUnit--DIMENSION_UNIT","interaction":{"idSuffix":"inner"}},"clearTextFirst":true,"interactionType":"ENTER_TEXT"}]}
COMMAND: POST /session/d392767a950b32be403e8af6fd22bfea/execute/async - {"script":"<script> [1562 bytes]","args":[{"selector":{"id":"application-manageresources-display-component---newResourceUnit--newRRUPage-anchBar-application-manageresources-display-component---newResourceUnit--control-anchor","interaction":{"idSuffix":"BDI-content"}},"wdio_ui5_key":"applicationmanageresources-display-component---newResourceUnit--newRRUPage-anchBar-application-manageresources-display-component---newResourceUnit--control-anchor"}]}
RESULT: {"script":"<script> [1562 bytes]","args":[{"selector":{"id":"application-manageresources-display-component---newResourceUnit--newRRUPage-anchBar-application-manageresources-display-component---newResourceUnit--control-anchor","interaction":{"idSuffix":"BDI-content"}},"wdio_ui5_key":"applicationmanageresources-display-component---newResourceUnit--newRRUPage-anchBar-application-manageresources-display-component---newResourceUnit--control-anchor"}]}
RESULT: undefined
COMMAND: POST /session/d392767a950b32be403e8af6fd22bfea/element - {"using":"xpath","value":"//*[@id=\"application-manageresources-display-component---newResourceUnit--newRRUPage-anchBar-application-manageresources-display-component---newResourceUnit--control-anchor\"]"}
RESULT: {"using":"xpath","value":"//*[@id=\"application-manageresources-display-component---newResourceUnit--newRRUPage-anchBar-application-manageresources-display-component---newResourceUnit--control-anchor\"]"}
COMMAND: POST /session/d392767a950b32be403e8af6fd22bfea/element/f.609CE4280A85363DBD46210BE265599D.d.0A30A9B5C97E4AE0A316A59C06D9C5FA.e.2971/click - {}
RESULT: {}
COMMAND: POST /session/d392767a950b32be403e8af6fd22bfea/execute/async - {"script":"<script> [1562 bytes]","args":[{"selector":{"id":"application-manageresources-display-component---newResourceUnit--PLANNING_GROUP","interaction":{"idSuffix":"inner"}},"wdio_ui5_key":"applicationmanageresources-display-component---newResourceUnit--PLANNING_GROUP"}]}
COMMAND: GET /session/d392767a950b32be403e8af6fd22bfea/screenshot - {}
RESULT: {"script":"<script> [1562 bytes]","args":[{"selector":{"id":"application-manageresources-display-component---newResourceUnit--PLANNING_GROUP","interaction":{"idSuffix":"inner"}},"wdio_ui5_key":"applicationmanageresources-display-component---newResourceUnit--PLANNING_GROUP"}]}
RESULT: undefined
COMMAND: POST /session/d392767a950b32be403e8af6fd22bfea/execute/async - {"script":"<script> [776 bytes]","args":[{"enterText":"Heavy Equi","selector":{"id":"application-manageresources-display-component---newResourceUnit--PLANNING_GROUP","interaction":{"idSuffix":"inner"}},"clearTextFirst":true,"interactionType":"ENTER_TEXT"}]}
RESULT: {}
RESULT: {"script":"<script> [776 bytes]","args":[{"enterText":"Heavy Equi","selector":{"id":"application-manageresources-display-component---newResourceUnit--PLANNING_GROUP","interaction":{"idSuffix":"inner"}},"clearTextFirst":true,"interactionType":"ENTER_TEXT"}]}
COMMAND: POST /session/d392767a950b32be403e8af6fd22bfea/execute/async - {"script":"<script> [1562 bytes]","args":[{"selector":{"id":"application-manageresources-display-component---newResourceUnit--ITEM_TYPE-arrow"},"wdio_ui5_key":"applicationmanageresources-display-component---newResourceUnit--ITEM_TYPE-arrow"}]}
RESULT: {"script":"<script> [1562 bytes]","args":[{"selector":{"id":"application-manageresources-display-component---newResourceUnit--ITEM_TYPE-arrow"},"wdio_ui5_key":"applicationmanageresources-display-component---newResourceUnit--ITEM_TYPE-arrow"}]}
RESULT: undefined
COMMAND: POST /session/d392767a950b32be403e8af6fd22bfea/element - {"using":"xpath","value":"//*[@id=\"application-manageresources-display-component---newResourceUnit--ITEM_TYPE-arrow\"]"}
RESULT: {"using":"xpath","value":"//*[@id=\"application-manageresources-display-component---newResourceUnit--ITEM_TYPE-arrow\"]"}
COMMAND: POST /session/d392767a950b32be403e8af6fd22bfea/element/f.609CE4280A85363DBD46210BE265599D.d.0A30A9B5C97E4AE0A316A59C06D9C5FA.e.2980/click - {}
RESULT: {}
COMMAND: POST /session/d392767a950b32be403e8af6fd22bfea/element - {"using":"xpath","value":"//ul[contains(@id,\"ITEM_TYPE-popup-list-listUl\")]//li[.//span[contains(text(),\"Resource Unit\")]]"}
COMMAND: GET /session/d392767a950b32be403e8af6fd22bfea/screenshot - {}
RESULT: {"using":"xpath","value":"//ul[contains(@id,\"ITEM_TYPE-popup-list-listUl\")]//li[.//span[contains(text(),\"Resource Unit\")]]"}
COMMAND: POST /session/d392767a950b32be403e8af6fd22bfea/element/f.609CE4280A85363DBD46210BE265599D.d.0A30A9B5C97E4AE0A316A59C06D9C5FA.e.2981/click - {}
RESULT: {}
RESULT: {}
COMMAND: GET /session/d392767a950b32be403e8af6fd22bfea/screenshot - {}
RESULT: {}
COMMAND: POST /session/d392767a950b32be403e8af6fd22bfea/element - {"using":"css selector","value":"#application-manageresources-display-component---newResourceUnit--btnAddTimeSegment"}
RESULT: {"using":"css selector","value":"#application-manageresources-display-component---newResourceUnit--btnAddTimeSegment"}
COMMAND: GET /session/d392767a950b32be403e8af6fd22bfea/element/f.609CE4280A85363DBD46210BE265599D.d.0A30A9B5C97E4AE0A316A59C06D9C5FA.e.2989/rect - {}
RESULT: {}
COMMAND: GET /session/d392767a950b32be403e8af6fd22bfea/window/rect - {}
RESULT: {}
COMMAND: POST /session/d392767a950b32be403e8af6fd22bfea/execute/sync - {"script":"<script> [92 bytes]","args":[]}
RESULT: {"script":"<script> [92 bytes]","args":[]}
COMMAND: POST /session/d392767a950b32be403e8af6fd22bfea/actions - {"actions":[{"id":"action9","type":"wheel","parameters":{},"actions":[{"type":"scroll","x":-1888,"y":-32,"deltaX":0,"deltaY":0,"duration":0,"origin":{"element-6066-11e4-a52e-4f735466cecf":"f.609CE4280A85363DBD46210BE265599D.d.0A30A9B5C97E4AE0A316A59C06D9C5FA.e.2989"}}]}]}
COMMAND: GET /session/d392767a950b32be403e8af6fd22bfea/screenshot - {}
RESULT: {}
COMMAND: POST /session/d392767a950b32be403e8af6fd22bfea/execute/sync - {"script":"<script> [79 bytes]","args":[{"element-6066-11e4-a52e-4f735466cecf":"f.609CE4280A85363DBD46210BE265599D.d.0A30A9B5C97E4AE0A316A59C06D9C5FA.e.2989","ELEMENT":"f.609CE4280A85363DBD46210BE265599D.d.0A30A9B5C97E4AE0A316A59C06D9C5FA.e.2989"},{"block":"start","inline":"nearest"}]}
RESULT: {"script":"<script> [79 bytes]","args":[{"element-6066-11e4-a52e-4f735466cecf":"f.609CE4280A85363DBD46210BE265599D.d.0A30A9B5C97E4AE0A316A59C06D9C5FA.e.2989","ELEMENT":"f.609CE4280A85363DBD46210BE265599D.d.0A30A9B5C97E4AE0A316A59C06D9C5FA.e.2989"},{"block":"start","inline":"nearest"}]}
COMMAND: POST /session/d392767a950b32be403e8af6fd22bfea/execute/async - {"script":"<script> [1562 bytes]","args":[{"selector":{"id":"application-manageresources-display-component---newResourceUnit--btnAddTimeSegment","interaction":{"idSuffix":"inner"}},"wdio_ui5_key":"applicationmanageresources-display-component---newResourceUnit--btnAddTimeSegment"}]}
COMMAND: GET /session/d392767a950b32be403e8af6fd22bfea/screenshot - {}
RESULT: {"script":"<script> [1562 bytes]","args":[{"selector":{"id":"application-manageresources-display-component---newResourceUnit--btnAddTimeSegment","interaction":{"idSuffix":"inner"}},"wdio_ui5_key":"applicationmanageresources-display-component---newResourceUnit--btnAddTimeSegment"}]}
RESULT: undefined
COMMAND: POST /session/d392767a950b32be403e8af6fd22bfea/element - {"using":"xpath","value":"//*[@id=\"application-manageresources-display-component---newResourceUnit--btnAddTimeSegment\"]"}
RESULT: {}
RESULT: {"using":"xpath","value":"//*[@id=\"application-manageresources-display-component---newResourceUnit--btnAddTimeSegment\"]"}
COMMAND: POST /session/d392767a950b32be403e8af6fd22bfea/element/f.609CE4280A85363DBD46210BE265599D.d.0A30A9B5C97E4AE0A316A59C06D9C5FA.e.2989/click - {}
RESULT: {}
COMMAND: GET /session/d392767a950b32be403e8af6fd22bfea/screenshot - {}
RESULT: {}
COMMAND: POST /session/d392767a950b32be403e8af6fd22bfea/element - {"using":"xpath","value":"//input[@id=\"application-manageresources-display-component---newResourceUnit--idRuTSAdmin-application-manageresources-display-component---newResourceUnit--RUTimeSegment-0-inner\"]"}
RESULT: {"using":"xpath","value":"//input[@id=\"application-manageresources-display-component---newResourceUnit--idRuTSAdmin-application-manageresources-display-component---newResourceUnit--RUTimeSegment-0-inner\"]"}
COMMAND: POST /session/d392767a950b32be403e8af6fd22bfea/element/f.609CE4280A85363DBD46210BE265599D.d.0A30A9B5C97E4AE0A316A59C06D9C5FA.e.2995/clear - {}
RESULT: {}
COMMAND: POST /session/d392767a950b32be403e8af6fd22bfea/element/f.609CE4280A85363DBD46210BE265599D.d.0A30A9B5C97E4AE0A316A59C06D9C5FA.e.2995/value - {"text":"192"}
COMMAND: GET /session/d392767a950b32be403e8af6fd22bfea/screenshot - {}
RESULT: {"text":"192"}
COMMAND: GET /session/d392767a950b32be403e8af6fd22bfea/screenshot - {}
RESULT: {}
RESULT: {}
COMMAND: POST /session/d392767a950b32be403e8af6fd22bfea/element - {"using":"xpath","value":"//li[.//span[text()='192']]"}
RESULT: {"using":"xpath","value":"//li[.//span[text()='192']]"}
COMMAND: POST /session/d392767a950b32be403e8af6fd22bfea/element/f.609CE4280A85363DBD46210BE265599D.d.0A30A9B5C97E4AE0A316A59C06D9C5FA.e.3007/click - {}
RESULT: {}
COMMAND: GET /session/d392767a950b32be403e8af6fd22bfea/screenshot - {}
RESULT: {}
COMMAND: POST /session/d392767a950b32be403e8af6fd22bfea/element - {"using":"xpath","value":"(//span[contains(@id, \"-application-manageresources-display-component---newResourceUnit--RUTimeSegment-0-arrow\")])[6]"}
RESULT: {"using":"xpath","value":"(//span[contains(@id, \"-application-manageresources-display-component---newResourceUnit--RUTimeSegment-0-arrow\")])[6]"}
COMMAND: POST /session/d392767a950b32be403e8af6fd22bfea/element/f.609CE4280A85363DBD46210BE265599D.d.0A30A9B5C97E4AE0A316A59C06D9C5FA.e.3008/click - {}
RESULT: {}
COMMAND: GET /session/d392767a950b32be403e8af6fd22bfea/screenshot - {}
RESULT: {}
COMMAND: POST /session/d392767a950b32be403e8af6fd22bfea/element - {"using":"xpath","value":"//span[contains(text(), \"PM Order\")]"}
RESULT: {"using":"xpath","value":"//span[contains(text(), \"PM Order\")]"}
COMMAND: POST /session/d392767a950b32be403e8af6fd22bfea/element/f.609CE4280A85363DBD46210BE265599D.d.0A30A9B5C97E4AE0A316A59C06D9C5FA.e.3011/click - {}
RESULT: {}
COMMAND: GET /session/d392767a950b32be403e8af6fd22bfea/screenshot - {}
RESULT: {}
COMMAND: POST /session/d392767a950b32be403e8af6fd22bfea/element - {"using":"xpath","value":"(//span[contains(@id ,\"manageresources-display-component---newResourceUnit--RUTimeSegment-0-vhi\")])[1]"}
RESULT: {"using":"xpath","value":"(//span[contains(@id ,\"manageresources-display-component---newResourceUnit--RUTimeSegment-0-vhi\")])[1]"}
COMMAND: GET /session/d392767a950b32be403e8af6fd22bfea/element/f.609CE4280A85363DBD46210BE265599D.d.0A30A9B5C97E4AE0A316A59C06D9C5FA.e.3015/rect - {}
RESULT: {}
COMMAND: GET /session/d392767a950b32be403e8af6fd22bfea/window/rect - {}
RESULT: {}
COMMAND: POST /session/d392767a950b32be403e8af6fd22bfea/execute/sync - {"script":"<script> [92 bytes]","args":[]}
RESULT: {"script":"<script> [92 bytes]","args":[]}
COMMAND: POST /session/d392767a950b32be403e8af6fd22bfea/actions - {"actions":[{"id":"action10","type":"wheel","parameters":{},"actions":[{"type":"scroll","x":-869,"y":-24,"deltaX":0,"deltaY":0,"duration":0,"origin":{"element-6066-11e4-a52e-4f735466cecf":"f.609CE4280A85363DBD46210BE265599D.d.0A30A9B5C97E4AE0A316A59C06D9C5FA.e.3015"}}]}]}
COMMAND: GET /session/d392767a950b32be403e8af6fd22bfea/screenshot - {}
RESULT: {"actions":[{"id":"action10","type":"wheel","parameters":{},"actions":[{"type":"scroll","x":-869,"y":-24,"deltaX":0,"deltaY":0,"duration":0,"origin":{"element-6066-11e4-a52e-4f735466cecf":"f.609CE4280A85363DBD46210BE265599D.d.0A30A9B5C97E4AE0A316A59C06D9C5FA.e.3015"}}]}]}
COMMAND: DELETE /session/d392767a950b32be403e8af6fd22bfea/actions - {}
COMMAND: GET /session/d392767a950b32be403e8af6fd22bfea/screenshot - {}
RESULT: {}
RESULT: {}
COMMAND: GET /session/d392767a950b32be403e8af6fd22bfea/screenshot - {}
RESULT: {}
RESULT: {}
COMMAND: POST /session/d392767a950b32be403e8af6fd22bfea/element/f.609CE4280A85363DBD46210BE265599D.d.0A30A9B5C97E4AE0A316A59C06D9C5FA.e.3015/click - {}
RESULT: {}
COMMAND: GET /session/d392767a950b32be403e8af6fd22bfea/screenshot - {}
RESULT: {}
RESULT: undefined
COMMAND: POST /session/d392767a950b32be403e8af6fd22bfea/execute/async - {"script":"<script> [776 bytes]","args":[{"enterText":"4000360","selector":{"controlType":"sap.m.SearchField","properties":{"placeholder":"Search"},"searchOpenDialogs":true,"interaction":{"idSuffix":"I"}},"clearTextFirst":true,"interactionType":"ENTER_TEXT"}]}
RESULT: {"script":"<script> [776 bytes]","args":[{"enterText":"4000360","selector":{"controlType":"sap.m.SearchField","properties":{"placeholder":"Search"},"searchOpenDialogs":true,"interaction":{"idSuffix":"I"}},"clearTextFirst":true,"interactionType":"ENTER_TEXT"}]}
COMMAND: POST /session/d392767a950b32be403e8af6fd22bfea/actions - {"actions":[{"id":"action11","type":"key","parameters":{},"actions":[{"type":"keyDown","value":"î€‡"},{"type":"pause","duration":10},{"type":"keyUp","value":"î€‡"}]}]}
RESULT: {"actions":[{"id":"action11","type":"key","parameters":{},"actions":[{"type":"keyDown","value":"î€‡"},{"type":"pause","duration":10},{"type":"keyUp","value":"î€‡"}]}]}
COMMAND: GET /session/d392767a950b32be403e8af6fd22bfea/screenshot - {}
RESULT: {}
COMMAND: POST /session/d392767a950b32be403e8af6fd22bfea/element - {"using":"xpath","value":"//td/div/span[contains(text(), \"BGL Vehicles\")]"}
RESULT: {"using":"xpath","value":"//td/div/span[contains(text(), \"BGL Vehicles\")]"}
COMMAND: POST /session/d392767a950b32be403e8af6fd22bfea/element/f.609CE4280A85363DBD46210BE265599D.d.0A30A9B5C97E4AE0A316A59C06D9C5FA.e.3035/click - {}
RESULT: {}
COMMAND: GET /session/d392767a950b32be403e8af6fd22bfea/screenshot - {}
RESULT: {}
COMMAND: POST /session/d392767a950b32be403e8af6fd22bfea/element - {"using":"xpath","value":"//bdi[contains(text(), \"OK\")]"}
RESULT: {"using":"xpath","value":"//bdi[contains(text(), \"OK\")]"}
COMMAND: POST /session/d392767a950b32be403e8af6fd22bfea/element/f.609CE4280A85363DBD46210BE265599D.d.0A30A9B5C97E4AE0A316A59C06D9C5FA.e.3036/click - {}
RESULT: {}
COMMAND: GET /session/d392767a950b32be403e8af6fd22bfea/screenshot - {}
RESULT: {}
COMMAND: POST /session/d392767a950b32be403e8af6fd22bfea/execute/async - {"script":"<script> [1562 bytes]","args":[{"selector":{"id":"application-manageresources-display-component---newResourceUnit--newRRUPage-anchBar-application-manageresources-display-component---newResourceUnit--resource-anchor","interaction":{"idSuffix":"BDI-content"}},"wdio_ui5_key":"applicationmanageresources-display-component---newResourceUnit--newRRUPage-anchBar-application-manageresources-display-component---newResourceUnit--resource-anchor"}]}
RESULT: {"script":"<script> [1562 bytes]","args":[{"selector":{"id":"application-manageresources-display-component---newResourceUnit--newRRUPage-anchBar-application-manageresources-display-component---newResourceUnit--resource-anchor","interaction":{"idSuffix":"BDI-content"}},"wdio_ui5_key":"applicationmanageresources-display-component---newResourceUnit--newRRUPage-anchBar-application-manageresources-display-component---newResourceUnit--resource-anchor"}]}
RESULT: undefined
COMMAND: POST /session/d392767a950b32be403e8af6fd22bfea/element - {"using":"xpath","value":"//*[@id=\"application-manageresources-display-component---newResourceUnit--newRRUPage-anchBar-application-manageresources-display-component---newResourceUnit--resource-anchor\"]"}
RESULT: {"using":"xpath","value":"//*[@id=\"application-manageresources-display-component---newResourceUnit--newRRUPage-anchBar-application-manageresources-display-component---newResourceUnit--resource-anchor\"]"}
COMMAND: POST /session/d392767a950b32be403e8af6fd22bfea/element/f.609CE4280A85363DBD46210BE265599D.d.0A30A9B5C97E4AE0A316A59C06D9C5FA.e.3040/click - {}
RESULT: {}
COMMAND: POST /session/d392767a950b32be403e8af6fd22bfea/execute/async - {"script":"<script> [1562 bytes]","args":[{"selector":{"id":"application-manageresources-display-component---newResourceUnit--PLANNED_DELIVERY_DATE","interaction":{"idSuffix":"inner"}},"wdio_ui5_key":"applicationmanageresources-display-component---newResourceUnit--PLANNED_DELIVERY_DATE"}]}
COMMAND: GET /session/d392767a950b32be403e8af6fd22bfea/screenshot - {}
RESULT: {"script":"<script> [1562 bytes]","args":[{"selector":{"id":"application-manageresources-display-component---newResourceUnit--PLANNED_DELIVERY_DATE","interaction":{"idSuffix":"inner"}},"wdio_ui5_key":"applicationmanageresources-display-component---newResourceUnit--PLANNED_DELIVERY_DATE"}]}
RESULT: undefined
COMMAND: POST /session/d392767a950b32be403e8af6fd22bfea/execute/async - {"script":"<script> [6424 bytes]","args":[{"element-6066-11e4-a52e-4f735466cecf":"f.609CE4280A85363DBD46210BE265599D.d.0A30A9B5C97E4AE0A316A59C06D9C5FA.e.2871"},"setValue",["6/12/25"]]}
RESULT: {}
RESULT: {"script":"<script> [6424 bytes]","args":[{"element-6066-11e4-a52e-4f735466cecf":"f.609CE4280A85363DBD46210BE265599D.d.0A30A9B5C97E4AE0A316A59C06D9C5FA.e.2871"},"setValue",["6/12/25"]]}
COMMAND: POST /session/d392767a950b32be403e8af6fd22bfea/element - {"using":"xpath","value":"//label[contains(@class, 'sapMLabelRequired') and .//bdi[contains(text(), 'Planned Retirement')]]"}
RESULT: {"using":"xpath","value":"//label[contains(@class, 'sapMLabelRequired') and .//bdi[contains(text(), 'Planned Retirement')]]"}
COMMAND: POST /session/d392767a950b32be403e8af6fd22bfea/elements - {"using":"xpath","value":"//label[contains(@class, 'sapMLabelRequired') and .//bdi[contains(text(), 'Planned Retirement')]]"}
RESULT: {"using":"xpath","value":"//label[contains(@class, 'sapMLabelRequired') and .//bdi[contains(text(), 'Planned Retirement')]]"}
COMMAND: POST /session/d392767a950b32be403e8af6fd22bfea/element - {"using":"xpath","value":"//button[@data-kt=\"resourceUnitSaveButton\"]"}
RESULT: {"using":"xpath","value":"//button[@data-kt=\"resourceUnitSaveButton\"]"}
COMMAND: POST /session/d392767a950b32be403e8af6fd22bfea/element/f.609CE4280A85363DBD46210BE265599D.d.0A30A9B5C97E4AE0A316A59C06D9C5FA.e.2831/click - {}
RESULT: {}
COMMAND: GET /session/d392767a950b32be403e8af6fd22bfea/screenshot - {}
RESULT: {}
COMMAND: POST /session/d392767a950b32be403e8af6fd22bfea/element - {"using":"xpath","value":"//bdi[contains(text(), \"Close\")]"}
RESULT: {"using":"xpath","value":"//bdi[contains(text(), \"Close\")]"}
COMMAND: POST /session/d392767a950b32be403e8af6fd22bfea/element/f.609CE4280A85363DBD46210BE265599D.d.0A30A9B5C97E4AE0A316A59C06D9C5FA.e.3050/click - {}
RESULT: {}
COMMAND: GET /session/d392767a950b32be403e8af6fd22bfea/screenshot - {}
RESULT: {}
COMMAND: POST /session/d392767a950b32be403e8af6fd22bfea/element - {"using":"xpath","value":"(//button[contains(@id ,\"actionsToolbar-overflowButton\")])[1]"}
RESULT: {"using":"xpath","value":"(//button[contains(@id ,\"actionsToolbar-overflowButton\")])[1]"}
COMMAND: POST /session/d392767a950b32be403e8af6fd22bfea/element/f.609CE4280A85363DBD46210BE265599D.d.0A30A9B5C97E4AE0A316A59C06D9C5FA.e.3082/click - {}
RESULT: {}
COMMAND: GET /session/d392767a950b32be403e8af6fd22bfea/screenshot - {}
RESULT: {}
COMMAND: POST /session/d392767a950b32be403e8af6fd22bfea/element - {"using":"xpath","value":"//button[@data-kt=\"priceInfoButton\"]"}
RESULT: {"using":"xpath","value":"//button[@data-kt=\"priceInfoButton\"]"}
COMMAND: POST /session/d392767a950b32be403e8af6fd22bfea/element/f.609CE4280A85363DBD46210BE265599D.d.0A30A9B5C97E4AE0A316A59C06D9C5FA.e.3084/click - {}
RESULT: {}
COMMAND: GET /session/d392767a950b32be403e8af6fd22bfea/screenshot - {}
RESULT: {}
]]></system-out>
    </testcase>
    <testcase classname="chrome.137_0_7151_69.windows.Billing_confirm_US117289" name="Should create new pricing rule" time="50.549">
      <system-out><![CDATA[
COMMAND: POST /session/d392767a950b32be403e8af6fd22bfea/element - {"using":"xpath","value":"//button[@data-kt=\"addButton\"]"}
RESULT: {"using":"xpath","value":"//button[@data-kt=\"addButton\"]"}
COMMAND: POST /session/d392767a950b32be403e8af6fd22bfea/elements - {"using":"xpath","value":"//button[@data-kt=\"addButton\"]"}
RESULT: {"using":"xpath","value":"//button[@data-kt=\"addButton\"]"}
COMMAND: POST /session/d392767a950b32be403e8af6fd22bfea/elements - {"using":"xpath","value":"//button[@data-kt=\"addButton\"]"}
RESULT: {"using":"xpath","value":"//button[@data-kt=\"addButton\"]"}
COMMAND: POST /session/d392767a950b32be403e8af6fd22bfea/element - {"using":"xpath","value":"//button[@data-kt=\"addButton\"]"}
RESULT: {"using":"xpath","value":"//button[@data-kt=\"addButton\"]"}
COMMAND: POST /session/d392767a950b32be403e8af6fd22bfea/execute/sync - {"script":"<script> [8489 bytes]","args":[{"element-6066-11e4-a52e-4f735466cecf":"f.609CE4280A85363DBD46210BE265599D.d.0A30A9B5C97E4AE0A316A59C06D9C5FA.e.3130","ELEMENT":"f.609CE4280A85363DBD46210BE265599D.d.0A30A9B5C97E4AE0A316A59C06D9C5FA.e.3130"}]}
RESULT: {"script":"<script> [8489 bytes]","args":[{"element-6066-11e4-a52e-4f735466cecf":"f.609CE4280A85363DBD46210BE265599D.d.0A30A9B5C97E4AE0A316A59C06D9C5FA.e.3130","ELEMENT":"f.609CE4280A85363DBD46210BE265599D.d.0A30A9B5C97E4AE0A316A59C06D9C5FA.e.3130"}]}
COMMAND: GET /session/d392767a950b32be403e8af6fd22bfea/element/f.609CE4280A85363DBD46210BE265599D.d.0A30A9B5C97E4AE0A316A59C06D9C5FA.e.3130/enabled - {}
COMMAND: GET /session/d392767a950b32be403e8af6fd22bfea/screenshot - {}
RESULT: {}
COMMAND: POST /session/d392767a950b32be403e8af6fd22bfea/execute/sync - {"script":"<script> [8489 bytes]","args":[{"element-6066-11e4-a52e-4f735466cecf":"f.609CE4280A85363DBD46210BE265599D.d.0A30A9B5C97E4AE0A316A59C06D9C5FA.e.3130","ELEMENT":"f.609CE4280A85363DBD46210BE265599D.d.0A30A9B5C97E4AE0A316A59C06D9C5FA.e.3130"}]}
COMMAND: GET /session/d392767a950b32be403e8af6fd22bfea/screenshot - {}
RESULT: {}
RESULT: {"script":"<script> [8489 bytes]","args":[{"element-6066-11e4-a52e-4f735466cecf":"f.609CE4280A85363DBD46210BE265599D.d.0A30A9B5C97E4AE0A316A59C06D9C5FA.e.3130","ELEMENT":"f.609CE4280A85363DBD46210BE265599D.d.0A30A9B5C97E4AE0A316A59C06D9C5FA.e.3130"}]}
COMMAND: POST /session/d392767a950b32be403e8af6fd22bfea/execute/sync - {"script":"<script> [5351 bytes]","args":[{"element-6066-11e4-a52e-4f735466cecf":"f.609CE4280A85363DBD46210BE265599D.d.0A30A9B5C97E4AE0A316A59C06D9C5FA.e.3130","ELEMENT":"f.609CE4280A85363DBD46210BE265599D.d.0A30A9B5C97E4AE0A316A59C06D9C5FA.e.3130"}]}
COMMAND: GET /session/d392767a950b32be403e8af6fd22bfea/screenshot - {}
RESULT: {}
RESULT: {"script":"<script> [5351 bytes]","args":[{"element-6066-11e4-a52e-4f735466cecf":"f.609CE4280A85363DBD46210BE265599D.d.0A30A9B5C97E4AE0A316A59C06D9C5FA.e.3130","ELEMENT":"f.609CE4280A85363DBD46210BE265599D.d.0A30A9B5C97E4AE0A316A59C06D9C5FA.e.3130"}]}
COMMAND: POST /session/d392767a950b32be403e8af6fd22bfea/element/f.609CE4280A85363DBD46210BE265599D.d.0A30A9B5C97E4AE0A316A59C06D9C5FA.e.3130/click - {}
COMMAND: GET /session/d392767a950b32be403e8af6fd22bfea/screenshot - {}
RESULT: {}
RESULT: {}
COMMAND: GET /session/d392767a950b32be403e8af6fd22bfea/screenshot - {}
RESULT: {}
RESULT: {}
COMMAND: POST /session/d392767a950b32be403e8af6fd22bfea/execute/async - {"script":"<script> [1562 bytes]","args":[{"selector":{"controlType":"sap.m.Title","viewName":"etm.portal.ui.managepricingrules.view.NewItem","viewId":"application-managepricingrules-display-component---newInfoPriceItem","properties":{"text":"New Pricing Rules - Item Level"}},"wdio_ui5_key":"etmportal.ui.managepricingrules.view.NewItemsap.m.Title{\"text\":\"New Pricing Rules - Item Level\"}"}]}
RESULT: {"script":"<script> [1562 bytes]","args":[{"selector":{"controlType":"sap.m.Title","viewName":"etm.portal.ui.managepricingrules.view.NewItem","viewId":"application-managepricingrules-display-component---newInfoPriceItem","properties":{"text":"New Pricing Rules - Item Level"}},"wdio_ui5_key":"etmportal.ui.managepricingrules.view.NewItemsap.m.Title{\"text\":\"New Pricing Rules - Item Level\"}"}]}
RESULT: undefined
COMMAND: POST /session/d392767a950b32be403e8af6fd22bfea/execute/async - {"script":"<script> [6424 bytes]","args":[{"element-6066-11e4-a52e-4f735466cecf":"f.609CE4280A85363DBD46210BE265599D.d.0A30A9B5C97E4AE0A316A59C06D9C5FA.e.3313"},"getText",[]]}
RESULT: {"script":"<script> [6424 bytes]","args":[{"element-6066-11e4-a52e-4f735466cecf":"f.609CE4280A85363DBD46210BE265599D.d.0A30A9B5C97E4AE0A316A59C06D9C5FA.e.3313"},"getText",[]]}
COMMAND: POST /session/d392767a950b32be403e8af6fd22bfea/execute/async - {"script":"<script> [1562 bytes]","args":[{"selector":{"id":"application-managepricingrules-display-component---newInfoPriceItem--condValidTo","interaction":{"idSuffix":"inner"}},"wdio_ui5_key":"applicationmanagepricingrules-display-component---newInfoPriceItem--condValidTo"}]}
RESULT: {"script":"<script> [1562 bytes]","args":[{"selector":{"id":"application-managepricingrules-display-component---newInfoPriceItem--condValidTo","interaction":{"idSuffix":"inner"}},"wdio_ui5_key":"applicationmanagepricingrules-display-component---newInfoPriceItem--condValidTo"}]}
RESULT: undefined
COMMAND: POST /session/d392767a950b32be403e8af6fd22bfea/execute/async - {"script":"<script> [776 bytes]","args":[{"enterText":"2/12/26","selector":{"id":"application-managepricingrules-display-component---newInfoPriceItem--condValidTo","interaction":{"idSuffix":"inner"}},"clearTextFirst":true,"interactionType":"ENTER_TEXT"}]}
RESULT: {"script":"<script> [776 bytes]","args":[{"enterText":"2/12/26","selector":{"id":"application-managepricingrules-display-component---newInfoPriceItem--condValidTo","interaction":{"idSuffix":"inner"}},"clearTextFirst":true,"interactionType":"ENTER_TEXT"}]}
COMMAND: POST /session/d392767a950b32be403e8af6fd22bfea/execute/async - {"script":"<script> [1562 bytes]","args":[{"selector":{"id":"application-managepricingrules-display-component---newInfoPriceItem--billType-arrow"},"wdio_ui5_key":"applicationmanagepricingrules-display-component---newInfoPriceItem--billType-arrow"}]}
RESULT: {"script":"<script> [1562 bytes]","args":[{"selector":{"id":"application-managepricingrules-display-component---newInfoPriceItem--billType-arrow"},"wdio_ui5_key":"applicationmanagepricingrules-display-component---newInfoPriceItem--billType-arrow"}]}
RESULT: undefined
COMMAND: POST /session/d392767a950b32be403e8af6fd22bfea/element - {"using":"xpath","value":"//*[@id=\"application-managepricingrules-display-component---newInfoPriceItem--billType-arrow\"]"}
RESULT: {"using":"xpath","value":"//*[@id=\"application-managepricingrules-display-component---newInfoPriceItem--billType-arrow\"]"}
COMMAND: POST /session/d392767a950b32be403e8af6fd22bfea/element/f.609CE4280A85363DBD46210BE265599D.d.0A30A9B5C97E4AE0A316A59C06D9C5FA.e.3272/click - {}
RESULT: {}
COMMAND: POST /session/d392767a950b32be403e8af6fd22bfea/element - {"using":"xpath","value":"//span[contains(text(), \"TB - Time based\")]"}
COMMAND: GET /session/d392767a950b32be403e8af6fd22bfea/screenshot - {}
RESULT: {"using":"xpath","value":"//span[contains(text(), \"TB - Time based\")]"}
COMMAND: POST /session/d392767a950b32be403e8af6fd22bfea/element/f.609CE4280A85363DBD46210BE265599D.d.0A30A9B5C97E4AE0A316A59C06D9C5FA.e.3315/click - {}
RESULT: {}
RESULT: {}
COMMAND: POST /session/d392767a950b32be403e8af6fd22bfea/execute/async - {"script":"<script> [1562 bytes]","args":[{"selector":{"id":"application-managepricingrules-display-component---newInfoPriceItem--priceProc-arrow"},"wdio_ui5_key":"applicationmanagepricingrules-display-component---newInfoPriceItem--priceProc-arrow"}]}
COMMAND: GET /session/d392767a950b32be403e8af6fd22bfea/screenshot - {}
RESULT: {"script":"<script> [1562 bytes]","args":[{"selector":{"id":"application-managepricingrules-display-component---newInfoPriceItem--priceProc-arrow"},"wdio_ui5_key":"applicationmanagepricingrules-display-component---newInfoPriceItem--priceProc-arrow"}]}
RESULT: undefined
COMMAND: POST /session/d392767a950b32be403e8af6fd22bfea/element - {"using":"xpath","value":"//*[@id=\"application-managepricingrules-display-component---newInfoPriceItem--priceProc-arrow\"]"}
RESULT: {}
RESULT: {"using":"xpath","value":"//*[@id=\"application-managepricingrules-display-component---newInfoPriceItem--priceProc-arrow\"]"}
COMMAND: POST /session/d392767a950b32be403e8af6fd22bfea/element/f.609CE4280A85363DBD46210BE265599D.d.0A30A9B5C97E4AE0A316A59C06D9C5FA.e.3279/click - {}
RESULT: {}
COMMAND: POST /session/d392767a950b32be403e8af6fd22bfea/element - {"using":"xpath","value":"//span[contains(text(), \"TBS - Time based standard\")]"}
COMMAND: GET /session/d392767a950b32be403e8af6fd22bfea/screenshot - {}
RESULT: {"using":"xpath","value":"//span[contains(text(), \"TBS - Time based standard\")]"}
COMMAND: POST /session/d392767a950b32be403e8af6fd22bfea/element/f.609CE4280A85363DBD46210BE265599D.d.0A30A9B5C97E4AE0A316A59C06D9C5FA.e.3316/click - {}
RESULT: {}
RESULT: {}
COMMAND: POST /session/d392767a950b32be403e8af6fd22bfea/execute/async - {"script":"<script> [1562 bytes]","args":[{"selector":{"id":"application-managepricingrules-display-component---newInfoPriceItem--calcBase-arrow"},"wdio_ui5_key":"applicationmanagepricingrules-display-component---newInfoPriceItem--calcBase-arrow"}]}
COMMAND: GET /session/d392767a950b32be403e8af6fd22bfea/screenshot - {}
RESULT: {"script":"<script> [1562 bytes]","args":[{"selector":{"id":"application-managepricingrules-display-component---newInfoPriceItem--calcBase-arrow"},"wdio_ui5_key":"applicationmanagepricingrules-display-component---newInfoPriceItem--calcBase-arrow"}]}
RESULT: undefined
COMMAND: POST /session/d392767a950b32be403e8af6fd22bfea/element - {"using":"xpath","value":"//*[@id=\"application-managepricingrules-display-component---newInfoPriceItem--calcBase-arrow\"]"}
RESULT: {}
RESULT: {"using":"xpath","value":"//*[@id=\"application-managepricingrules-display-component---newInfoPriceItem--calcBase-arrow\"]"}
COMMAND: POST /session/d392767a950b32be403e8af6fd22bfea/element/f.609CE4280A85363DBD46210BE265599D.d.0A30A9B5C97E4AE0A316A59C06D9C5FA.e.3286/click - {}
RESULT: {}
COMMAND: GET /session/d392767a950b32be403e8af6fd22bfea/screenshot - {}
RESULT: {}
COMMAND: POST /session/d392767a950b32be403e8af6fd22bfea/element - {"using":"xpath","value":"//span[contains(text(), \"0006 - TB(calendar days)\")]"}
RESULT: {"using":"xpath","value":"//span[contains(text(), \"0006 - TB(calendar days)\")]"}
COMMAND: POST /session/d392767a950b32be403e8af6fd22bfea/element/f.609CE4280A85363DBD46210BE265599D.d.0A30A9B5C97E4AE0A316A59C06D9C5FA.e.3317/click - {}
RESULT: {}
COMMAND: GET /session/d392767a950b32be403e8af6fd22bfea/screenshot - {}
RESULT: {}
COMMAND: POST /session/d392767a950b32be403e8af6fd22bfea/execute/async - {"script":"<script> [1562 bytes]","args":[{"selector":{"id":"application-managepricingrules-display-component---newInfoPriceItem--daysMonth","interaction":{"idSuffix":"inner"}},"wdio_ui5_key":"applicationmanagepricingrules-display-component---newInfoPriceItem--daysMonth"}]}
RESULT: {"script":"<script> [1562 bytes]","args":[{"selector":{"id":"application-managepricingrules-display-component---newInfoPriceItem--daysMonth","interaction":{"idSuffix":"inner"}},"wdio_ui5_key":"applicationmanagepricingrules-display-component---newInfoPriceItem--daysMonth"}]}
RESULT: undefined
COMMAND: POST /session/d392767a950b32be403e8af6fd22bfea/execute/async - {"script":"<script> [776 bytes]","args":[{"enterText":"30","selector":{"id":"application-managepricingrules-display-component---newInfoPriceItem--daysMonth","interaction":{"idSuffix":"inner"}},"clearTextFirst":true,"interactionType":"ENTER_TEXT"}]}
RESULT: {"script":"<script> [776 bytes]","args":[{"enterText":"30","selector":{"id":"application-managepricingrules-display-component---newInfoPriceItem--daysMonth","interaction":{"idSuffix":"inner"}},"clearTextFirst":true,"interactionType":"ENTER_TEXT"}]}
COMMAND: POST /session/d392767a950b32be403e8af6fd22bfea/element - {"using":"xpath","value":"//button[@data-kt=\"saveNewRuleButton\"]"}
RESULT: {"using":"xpath","value":"//button[@data-kt=\"saveNewRuleButton\"]"}
COMMAND: POST /session/d392767a950b32be403e8af6fd22bfea/element/f.609CE4280A85363DBD46210BE265599D.d.0A30A9B5C97E4AE0A316A59C06D9C5FA.e.3306/click - {}
RESULT: {}
COMMAND: GET /session/d392767a950b32be403e8af6fd22bfea/screenshot - {}
RESULT: {}
COMMAND: POST /session/d392767a950b32be403e8af6fd22bfea/execute/async - {"script":"<script> [1562 bytes]","args":[{"selector":{"id":"application-managepricingrules-display-component---priceInfoItem--smartFilterBar-btnBasicSearch","interaction":{"idSuffix":"I"}},"wdio_ui5_key":"applicationmanagepricingrules-display-component---priceInfoItem--smartFilterBar-btnBasicSearch"}]}
RESULT: {"script":"<script> [1562 bytes]","args":[{"selector":{"id":"application-managepricingrules-display-component---priceInfoItem--smartFilterBar-btnBasicSearch","interaction":{"idSuffix":"I"}},"wdio_ui5_key":"applicationmanagepricingrules-display-component---priceInfoItem--smartFilterBar-btnBasicSearch"}]}
RESULT: undefined
COMMAND: POST /session/d392767a950b32be403e8af6fd22bfea/execute/async - {"script":"<script> [776 bytes]","args":[{"enterText":"lusTAxfTIA","selector":{"id":"application-managepricingrules-display-component---priceInfoItem--smartFilterBar-btnBasicSearch","interaction":{"idSuffix":"I"}},"clearTextFirst":true,"interactionType":"ENTER_TEXT"}]}
RESULT: {"script":"<script> [776 bytes]","args":[{"enterText":"lusTAxfTIA","selector":{"id":"application-managepricingrules-display-component---priceInfoItem--smartFilterBar-btnBasicSearch","interaction":{"idSuffix":"I"}},"clearTextFirst":true,"interactionType":"ENTER_TEXT"}]}
COMMAND: POST /session/d392767a950b32be403e8af6fd22bfea/actions - {"actions":[{"id":"action12","type":"key","parameters":{},"actions":[{"type":"keyDown","value":"î€‡"},{"type":"pause","duration":10},{"type":"keyUp","value":"î€‡"}]}]}
RESULT: {"actions":[{"id":"action12","type":"key","parameters":{},"actions":[{"type":"keyDown","value":"î€‡"},{"type":"pause","duration":10},{"type":"keyUp","value":"î€‡"}]}]}
COMMAND: GET /session/d392767a950b32be403e8af6fd22bfea/screenshot - {}
RESULT: {}
COMMAND: POST /session/d392767a950b32be403e8af6fd22bfea/element - {"using":"xpath","value":"//span[@id=\"application-managepricingrules-display-component---priceInfoItem--smartTable-header-inner\"]"}
RESULT: {"using":"xpath","value":"//span[@id=\"application-managepricingrules-display-component---priceInfoItem--smartTable-header-inner\"]"}
COMMAND: POST /session/d392767a950b32be403e8af6fd22bfea/elements - {"using":"xpath","value":"//span[@id=\"application-managepricingrules-display-component---priceInfoItem--smartTable-header-inner\"]"}
RESULT: {"using":"xpath","value":"//span[@id=\"application-managepricingrules-display-component---priceInfoItem--smartTable-header-inner\"]"}
COMMAND: POST /session/d392767a950b32be403e8af6fd22bfea/execute/sync - {"script":"<script> [56 bytes]","args":[{"element-6066-11e4-a52e-4f735466cecf":"f.609CE4280A85363DBD46210BE265599D.d.0A30A9B5C97E4AE0A316A59C06D9C5FA.e.3335","ELEMENT":"f.609CE4280A85363DBD46210BE265599D.d.0A30A9B5C97E4AE0A316A59C06D9C5FA.e.3335"}]}
RESULT: {"script":"<script> [56 bytes]","args":[{"element-6066-11e4-a52e-4f735466cecf":"f.609CE4280A85363DBD46210BE265599D.d.0A30A9B5C97E4AE0A316A59C06D9C5FA.e.3335","ELEMENT":"f.609CE4280A85363DBD46210BE265599D.d.0A30A9B5C97E4AE0A316A59C06D9C5FA.e.3335"}]}
COMMAND: POST /session/d392767a950b32be403e8af6fd22bfea/element - {"using":"css selector","value":"#shell-header-logo"}
COMMAND: GET /session/d392767a950b32be403e8af6fd22bfea/screenshot - {}
RESULT: {"using":"css selector","value":"#shell-header-logo"}
COMMAND: POST /session/d392767a950b32be403e8af6fd22bfea/element/f.609CE4280A85363DBD46210BE265599D.d.0A30A9B5C97E4AE0A316A59C06D9C5FA.e.2420/click - {}
RESULT: {}
RESULT: {}
COMMAND: GET /session/d392767a950b32be403e8af6fd22bfea/screenshot - {}
RESULT: {}
]]></system-out>
    </testcase>
    <testcase classname="chrome.137_0_7151_69.windows.Billing_confirm_US117289" name="Should create new condition for equipment" time="65.679">
      <system-out><![CDATA[
COMMAND: POST /session/d392767a950b32be403e8af6fd22bfea/execute/async - {"script":"<script> [1562 bytes]","args":[{"selector":{"controlType":"sap.m.GenericTile","properties":{"header":"Manage Conditions & Prices"}},"wdio_ui5_key":"sapm.GenericTile{\"header\":\"Manage Conditions & Prices\"}"}]}
RESULT: {"script":"<script> [1562 bytes]","args":[{"selector":{"controlType":"sap.m.GenericTile","properties":{"header":"Manage Conditions & Prices"}},"wdio_ui5_key":"sapm.GenericTile{\"header\":\"Manage Conditions & Prices\"}"}]}
RESULT: undefined
COMMAND: POST /session/d392767a950b32be403e8af6fd22bfea/element - {"using":"xpath","value":"//*[@id=\"__tile55\"]"}
RESULT: {"using":"xpath","value":"//*[@id=\"__tile55\"]"}
COMMAND: POST /session/d392767a950b32be403e8af6fd22bfea/element/f.609CE4280A85363DBD46210BE265599D.d.0A30A9B5C97E4AE0A316A59C06D9C5FA.e.212/click - {}
RESULT: {}
COMMAND: GET /session/d392767a950b32be403e8af6fd22bfea/screenshot - {}
RESULT: {}
COMMAND: POST /session/d392767a950b32be403e8af6fd22bfea/elements - {"using":"xpath","value":"//span[text()='Error']"}
RESULT: {"using":"xpath","value":"//span[text()='Error']"}
COMMAND: POST /session/d392767a950b32be403e8af6fd22bfea/element - {"using":"xpath","value":"//button[@aria-label=\"Create\"]"}
RESULT: {"using":"xpath","value":"//button[@aria-label=\"Create\"]"}
COMMAND: POST /session/d392767a950b32be403e8af6fd22bfea/elements - {"using":"xpath","value":"//button[@aria-label=\"Create\"]"}
RESULT: {"using":"xpath","value":"//button[@aria-label=\"Create\"]"}
COMMAND: POST /session/d392767a950b32be403e8af6fd22bfea/execute/sync - {"script":"<script> [8489 bytes]","args":[{"element-6066-11e4-a52e-4f735466cecf":"f.609CE4280A85363DBD46210BE265599D.d.0A30A9B5C97E4AE0A316A59C06D9C5FA.e.3375","ELEMENT":"f.609CE4280A85363DBD46210BE265599D.d.0A30A9B5C97E4AE0A316A59C06D9C5FA.e.3375"}]}
RESULT: {"script":"<script> [8489 bytes]","args":[{"element-6066-11e4-a52e-4f735466cecf":"f.609CE4280A85363DBD46210BE265599D.d.0A30A9B5C97E4AE0A316A59C06D9C5FA.e.3375","ELEMENT":"f.609CE4280A85363DBD46210BE265599D.d.0A30A9B5C97E4AE0A316A59C06D9C5FA.e.3375"}]}
COMMAND: GET /session/d392767a950b32be403e8af6fd22bfea/element/f.609CE4280A85363DBD46210BE265599D.d.0A30A9B5C97E4AE0A316A59C06D9C5FA.e.3375/enabled - {}
COMMAND: GET /session/d392767a950b32be403e8af6fd22bfea/screenshot - {}
RESULT: {}
COMMAND: POST /session/d392767a950b32be403e8af6fd22bfea/execute/sync - {"script":"<script> [8489 bytes]","args":[{"element-6066-11e4-a52e-4f735466cecf":"f.609CE4280A85363DBD46210BE265599D.d.0A30A9B5C97E4AE0A316A59C06D9C5FA.e.3375","ELEMENT":"f.609CE4280A85363DBD46210BE265599D.d.0A30A9B5C97E4AE0A316A59C06D9C5FA.e.3375"}]}
COMMAND: GET /session/d392767a950b32be403e8af6fd22bfea/screenshot - {}
RESULT: {}
RESULT: {"script":"<script> [8489 bytes]","args":[{"element-6066-11e4-a52e-4f735466cecf":"f.609CE4280A85363DBD46210BE265599D.d.0A30A9B5C97E4AE0A316A59C06D9C5FA.e.3375","ELEMENT":"f.609CE4280A85363DBD46210BE265599D.d.0A30A9B5C97E4AE0A316A59C06D9C5FA.e.3375"}]}
COMMAND: POST /session/d392767a950b32be403e8af6fd22bfea/execute/sync - {"script":"<script> [5351 bytes]","args":[{"element-6066-11e4-a52e-4f735466cecf":"f.609CE4280A85363DBD46210BE265599D.d.0A30A9B5C97E4AE0A316A59C06D9C5FA.e.3375","ELEMENT":"f.609CE4280A85363DBD46210BE265599D.d.0A30A9B5C97E4AE0A316A59C06D9C5FA.e.3375"}]}
COMMAND: GET /session/d392767a950b32be403e8af6fd22bfea/screenshot - {}
RESULT: {}
RESULT: {"script":"<script> [5351 bytes]","args":[{"element-6066-11e4-a52e-4f735466cecf":"f.609CE4280A85363DBD46210BE265599D.d.0A30A9B5C97E4AE0A316A59C06D9C5FA.e.3375","ELEMENT":"f.609CE4280A85363DBD46210BE265599D.d.0A30A9B5C97E4AE0A316A59C06D9C5FA.e.3375"}]}
COMMAND: POST /session/d392767a950b32be403e8af6fd22bfea/element/f.609CE4280A85363DBD46210BE265599D.d.0A30A9B5C97E4AE0A316A59C06D9C5FA.e.3375/click - {}
COMMAND: GET /session/d392767a950b32be403e8af6fd22bfea/screenshot - {}
RESULT: {}
RESULT: {}
COMMAND: GET /session/d392767a950b32be403e8af6fd22bfea/screenshot - {}
RESULT: {}
RESULT: {}
COMMAND: POST /session/d392767a950b32be403e8af6fd22bfea/actions - {"actions":[{"id":"action13","type":"key","parameters":{},"actions":[{"type":"keyDown","value":"î€‡"},{"type":"pause","duration":10},{"type":"keyUp","value":"î€‡"}]}]}
RESULT: {"actions":[{"id":"action13","type":"key","parameters":{},"actions":[{"type":"keyDown","value":"î€‡"},{"type":"pause","duration":10},{"type":"keyUp","value":"î€‡"}]}]}
COMMAND: GET /session/d392767a950b32be403e8af6fd22bfea/screenshot - {}
RESULT: {}
COMMAND: POST /session/d392767a950b32be403e8af6fd22bfea/execute/async - {"script":"<script> [1562 bytes]","args":[{"selector":{"id":"application-manageconditionprice-display-component---newCondition--condBillCond-arrow"},"wdio_ui5_key":"applicationmanageconditionprice-display-component---newCondition--condBillCond-arrow"}]}
RESULT: {"script":"<script> [1562 bytes]","args":[{"selector":{"id":"application-manageconditionprice-display-component---newCondition--condBillCond-arrow"},"wdio_ui5_key":"applicationmanageconditionprice-display-component---newCondition--condBillCond-arrow"}]}
RESULT: undefined
COMMAND: POST /session/d392767a950b32be403e8af6fd22bfea/element - {"using":"xpath","value":"//*[@id=\"application-manageconditionprice-display-component---newCondition--condBillCond-arrow\"]"}
RESULT: {"using":"xpath","value":"//*[@id=\"application-manageconditionprice-display-component---newCondition--condBillCond-arrow\"]"}
COMMAND: POST /session/d392767a950b32be403e8af6fd22bfea/element/f.609CE4280A85363DBD46210BE265599D.d.0A30A9B5C97E4AE0A316A59C06D9C5FA.e.3572/click - {}
RESULT: {}
COMMAND: GET /session/d392767a950b32be403e8af6fd22bfea/screenshot - {}
RESULT: {}
COMMAND: POST /session/d392767a950b32be403e8af6fd22bfea/element - {"using":"xpath","value":"//li[.//span[contains(text(), \"DISP - D&I special price\")]]"}
RESULT: {"using":"xpath","value":"//li[.//span[contains(text(), \"DISP - D&I special price\")]]"}
COMMAND: POST /session/d392767a950b32be403e8af6fd22bfea/element/f.609CE4280A85363DBD46210BE265599D.d.0A30A9B5C97E4AE0A316A59C06D9C5FA.e.3575/click - {}
RESULT: {}
COMMAND: GET /session/d392767a950b32be403e8af6fd22bfea/screenshot - {}
RESULT: {}
COMMAND: POST /session/d392767a950b32be403e8af6fd22bfea/execute/async - {"script":"<script> [1562 bytes]","args":[{"selector":{"id":"application-manageconditionprice-display-component---newCondition--condValidTo","interaction":{"idSuffix":"inner"}},"wdio_ui5_key":"applicationmanageconditionprice-display-component---newCondition--condValidTo"}]}
RESULT: {"script":"<script> [1562 bytes]","args":[{"selector":{"id":"application-manageconditionprice-display-component---newCondition--condValidTo","interaction":{"idSuffix":"inner"}},"wdio_ui5_key":"applicationmanageconditionprice-display-component---newCondition--condValidTo"}]}
RESULT: undefined
COMMAND: POST /session/d392767a950b32be403e8af6fd22bfea/execute/async - {"script":"<script> [776 bytes]","args":[{"enterText":"2/12/26","selector":{"id":"application-manageconditionprice-display-component---newCondition--condValidTo","interaction":{"idSuffix":"inner"}},"clearTextFirst":true,"interactionType":"ENTER_TEXT"}]}
RESULT: {"script":"<script> [776 bytes]","args":[{"enterText":"2/12/26","selector":{"id":"application-manageconditionprice-display-component---newCondition--condValidTo","interaction":{"idSuffix":"inner"}},"clearTextFirst":true,"interactionType":"ENTER_TEXT"}]}
COMMAND: POST /session/d392767a950b32be403e8af6fd22bfea/element - {"using":"xpath","value":"//input[@id=\"application-manageconditionprice-display-component---newCondition--condRU-inner\"]"}
RESULT: {"using":"xpath","value":"//input[@id=\"application-manageconditionprice-display-component---newCondition--condRU-inner\"]"}
COMMAND: POST /session/d392767a950b32be403e8af6fd22bfea/element/f.609CE4280A85363DBD46210BE265599D.d.0A30A9B5C97E4AE0A316A59C06D9C5FA.e.3408/clear - {}
RESULT: {}
COMMAND: POST /session/d392767a950b32be403e8af6fd22bfea/element/f.609CE4280A85363DBD46210BE265599D.d.0A30A9B5C97E4AE0A316A59C06D9C5FA.e.3408/value - {"text":"lusTAxfTIA"}
COMMAND: GET /session/d392767a950b32be403e8af6fd22bfea/screenshot - {}
RESULT: {"text":"lusTAxfTIA"}
COMMAND: GET /session/d392767a950b32be403e8af6fd22bfea/screenshot - {}
RESULT: {}
RESULT: {}
COMMAND: POST /session/d392767a950b32be403e8af6fd22bfea/actions - {"actions":[{"id":"action14","type":"key","parameters":{},"actions":[{"type":"keyDown","value":"î€‡"},{"type":"pause","duration":10},{"type":"keyUp","value":"î€‡"}]}]}
RESULT: {"actions":[{"id":"action14","type":"key","parameters":{},"actions":[{"type":"keyDown","value":"î€‡"},{"type":"pause","duration":10},{"type":"keyUp","value":"î€‡"}]}]}
COMMAND: POST /session/d392767a950b32be403e8af6fd22bfea/execute/async - {"script":"<script> [1562 bytes]","args":[{"selector":{"id":"application-manageconditionprice-display-component---newCondition--condBaseQty","interaction":{"idSuffix":"inner"}},"wdio_ui5_key":"applicationmanageconditionprice-display-component---newCondition--condBaseQty"}]}
COMMAND: GET /session/d392767a950b32be403e8af6fd22bfea/screenshot - {}
RESULT: {"script":"<script> [1562 bytes]","args":[{"selector":{"id":"application-manageconditionprice-display-component---newCondition--condBaseQty","interaction":{"idSuffix":"inner"}},"wdio_ui5_key":"applicationmanageconditionprice-display-component---newCondition--condBaseQty"}]}
RESULT: undefined
COMMAND: POST /session/d392767a950b32be403e8af6fd22bfea/execute/async - {"script":"<script> [776 bytes]","args":[{"enterText":"1","selector":{"id":"application-manageconditionprice-display-component---newCondition--condBaseQty","interaction":{"idSuffix":"inner"}},"clearTextFirst":true,"interactionType":"ENTER_TEXT"}]}
RESULT: {}
RESULT: {"script":"<script> [776 bytes]","args":[{"enterText":"1","selector":{"id":"application-manageconditionprice-display-component---newCondition--condBaseQty","interaction":{"idSuffix":"inner"}},"clearTextFirst":true,"interactionType":"ENTER_TEXT"}]}
COMMAND: POST /session/d392767a950b32be403e8af6fd22bfea/execute/async - {"script":"<script> [1562 bytes]","args":[{"selector":{"id":"application-manageconditionprice-display-component---newCondition--condValue","interaction":{"idSuffix":"inner"}},"wdio_ui5_key":"applicationmanageconditionprice-display-component---newCondition--condValue"}]}
RESULT: {"script":"<script> [1562 bytes]","args":[{"selector":{"id":"application-manageconditionprice-display-component---newCondition--condValue","interaction":{"idSuffix":"inner"}},"wdio_ui5_key":"applicationmanageconditionprice-display-component---newCondition--condValue"}]}
RESULT: undefined
COMMAND: POST /session/d392767a950b32be403e8af6fd22bfea/execute/async - {"script":"<script> [776 bytes]","args":[{"enterText":"100","selector":{"id":"application-manageconditionprice-display-component---newCondition--condValue","interaction":{"idSuffix":"inner"}},"clearTextFirst":true,"interactionType":"ENTER_TEXT"}]}
RESULT: {"script":"<script> [776 bytes]","args":[{"enterText":"100","selector":{"id":"application-manageconditionprice-display-component---newCondition--condValue","interaction":{"idSuffix":"inner"}},"clearTextFirst":true,"interactionType":"ENTER_TEXT"}]}
COMMAND: POST /session/d392767a950b32be403e8af6fd22bfea/execute/async - {"script":"<script> [1562 bytes]","args":[{"selector":{"id":"application-manageconditionprice-display-component---newCondition--condCurr-arrow"},"wdio_ui5_key":"applicationmanageconditionprice-display-component---newCondition--condCurr-arrow"}]}
RESULT: {"script":"<script> [1562 bytes]","args":[{"selector":{"id":"application-manageconditionprice-display-component---newCondition--condCurr-arrow"},"wdio_ui5_key":"applicationmanageconditionprice-display-component---newCondition--condCurr-arrow"}]}
RESULT: undefined
COMMAND: POST /session/d392767a950b32be403e8af6fd22bfea/element - {"using":"xpath","value":"//*[@id=\"application-manageconditionprice-display-component---newCondition--condCurr-arrow\"]"}
RESULT: {"using":"xpath","value":"//*[@id=\"application-manageconditionprice-display-component---newCondition--condCurr-arrow\"]"}
COMMAND: POST /session/d392767a950b32be403e8af6fd22bfea/element/f.609CE4280A85363DBD46210BE265599D.d.0A30A9B5C97E4AE0A316A59C06D9C5FA.e.3554/click - {}
RESULT: {}
COMMAND: POST /session/d392767a950b32be403e8af6fd22bfea/element - {"using":"xpath","value":"//span[contains(text(), \"Euro\")]"}
COMMAND: GET /session/d392767a950b32be403e8af6fd22bfea/screenshot - {}
RESULT: {"using":"xpath","value":"//span[contains(text(), \"Euro\")]"}
COMMAND: POST /session/d392767a950b32be403e8af6fd22bfea/element/f.609CE4280A85363DBD46210BE265599D.d.0A30A9B5C97E4AE0A316A59C06D9C5FA.e.3613/click - {}
RESULT: {}
RESULT: {}
COMMAND: POST /session/d392767a950b32be403e8af6fd22bfea/element - {"using":"xpath","value":"//button[@data-kt=\"saveButton\"]"}
COMMAND: GET /session/d392767a950b32be403e8af6fd22bfea/screenshot - {}
RESULT: {"using":"xpath","value":"//button[@data-kt=\"saveButton\"]"}
COMMAND: POST /session/d392767a950b32be403e8af6fd22bfea/element/f.609CE4280A85363DBD46210BE265599D.d.0A30A9B5C97E4AE0A316A59C06D9C5FA.e.3555/click - {}
RESULT: {}
RESULT: {}
COMMAND: GET /session/d392767a950b32be403e8af6fd22bfea/screenshot - {}
RESULT: {}
COMMAND: POST /session/d392767a950b32be403e8af6fd22bfea/execute/async - {"script":"<script> [1562 bytes]","args":[{"selector":{"id":"application-manageconditionprice-display-component---conditions--smartFilterBar-btnBasicSearch","interaction":{"idSuffix":"I"}},"wdio_ui5_key":"applicationmanageconditionprice-display-component---conditions--smartFilterBar-btnBasicSearch"}]}
RESULT: {"script":"<script> [1562 bytes]","args":[{"selector":{"id":"application-manageconditionprice-display-component---conditions--smartFilterBar-btnBasicSearch","interaction":{"idSuffix":"I"}},"wdio_ui5_key":"applicationmanageconditionprice-display-component---conditions--smartFilterBar-btnBasicSearch"}]}
RESULT: undefined
COMMAND: POST /session/d392767a950b32be403e8af6fd22bfea/execute/async - {"script":"<script> [776 bytes]","args":[{"enterText":"lusTAxfTIA","selector":{"id":"application-manageconditionprice-display-component---conditions--smartFilterBar-btnBasicSearch","interaction":{"idSuffix":"I"}},"clearTextFirst":true,"interactionType":"ENTER_TEXT"}]}
RESULT: {"script":"<script> [776 bytes]","args":[{"enterText":"lusTAxfTIA","selector":{"id":"application-manageconditionprice-display-component---conditions--smartFilterBar-btnBasicSearch","interaction":{"idSuffix":"I"}},"clearTextFirst":true,"interactionType":"ENTER_TEXT"}]}
COMMAND: POST /session/d392767a950b32be403e8af6fd22bfea/actions - {"actions":[{"id":"action15","type":"key","parameters":{},"actions":[{"type":"keyDown","value":"î€‡"},{"type":"pause","duration":10},{"type":"keyUp","value":"î€‡"}]}]}
RESULT: {"actions":[{"id":"action15","type":"key","parameters":{},"actions":[{"type":"keyDown","value":"î€‡"},{"type":"pause","duration":10},{"type":"keyUp","value":"î€‡"}]}]}
COMMAND: GET /session/d392767a950b32be403e8af6fd22bfea/screenshot - {}
RESULT: {}
COMMAND: POST /session/d392767a950b32be403e8af6fd22bfea/execute/async - {"script":"<script> [1562 bytes]","args":[{"selector":{"id":"application-manageconditionprice-display-component---conditions--smartFilterBar-filterItemControl_BASIC-BILL_TYPES-vhi"},"wdio_ui5_key":"applicationmanageconditionprice-display-component---conditions--smartFilterBar-filterItemControl_BASIC-BILL_TYPES-vhi"}]}
RESULT: {"script":"<script> [1562 bytes]","args":[{"selector":{"id":"application-manageconditionprice-display-component---conditions--smartFilterBar-filterItemControl_BASIC-BILL_TYPES-vhi"},"wdio_ui5_key":"applicationmanageconditionprice-display-component---conditions--smartFilterBar-filterItemControl_BASIC-BILL_TYPES-vhi"}]}
RESULT: undefined
COMMAND: POST /session/d392767a950b32be403e8af6fd22bfea/element - {"using":"xpath","value":"//*[@id=\"application-manageconditionprice-display-component---conditions--smartFilterBar-filterItemControl_BASIC-BILL_TYPES-vhi\"]"}
RESULT: {"using":"xpath","value":"//*[@id=\"application-manageconditionprice-display-component---conditions--smartFilterBar-filterItemControl_BASIC-BILL_TYPES-vhi\"]"}
COMMAND: POST /session/d392767a950b32be403e8af6fd22bfea/element/f.609CE4280A85363DBD46210BE265599D.d.0A30A9B5C97E4AE0A316A59C06D9C5FA.e.3720/click - {}
RESULT: {}
COMMAND: POST /session/d392767a950b32be403e8af6fd22bfea/execute/async - {"script":"<script> [1562 bytes]","args":[{"selector":{"id":"application-manageconditionprice-display-component---conditions--smartFilterBar-filterItemControl_BASIC-BILL_TYPES-valueHelpDialog-smartFilterBar-btnBasicSearch","searchOpenDialogs":true,"interaction":{"idSuffix":"I"}},"wdio_ui5_key":"applicationmanageconditionprice-display-component---conditions--smartFilterBar-filterItemControl_BASIC-BILL_TYPES-valueHelpDialog-smartFilterBar-btnBasicSearch"}]}
COMMAND: GET /session/d392767a950b32be403e8af6fd22bfea/screenshot - {}
RESULT: {"script":"<script> [1562 bytes]","args":[{"selector":{"id":"application-manageconditionprice-display-component---conditions--smartFilterBar-filterItemControl_BASIC-BILL_TYPES-valueHelpDialog-smartFilterBar-btnBasicSearch","searchOpenDialogs":true,"interaction":{"idSuffix":"I"}},"wdio_ui5_key":"applicationmanageconditionprice-display-component---conditions--smartFilterBar-filterItemControl_BASIC-BILL_TYPES-valueHelpDialog-smartFilterBar-btnBasicSearch"}]}
RESULT: undefined
COMMAND: POST /session/d392767a950b32be403e8af6fd22bfea/execute/async - {"script":"<script> [776 bytes]","args":[{"enterText":"TB","selector":{"id":"application-manageconditionprice-display-component---conditions--smartFilterBar-filterItemControl_BASIC-BILL_TYPES-valueHelpDialog-smartFilterBar-btnBasicSearch","searchOpenDialogs":true,"interaction":{"idSuffix":"I"}},"clearTextFirst":true,"interactionType":"ENTER_TEXT"}]}
RESULT: {}
RESULT: {"script":"<script> [776 bytes]","args":[{"enterText":"TB","selector":{"id":"application-manageconditionprice-display-component---conditions--smartFilterBar-filterItemControl_BASIC-BILL_TYPES-valueHelpDialog-smartFilterBar-btnBasicSearch","searchOpenDialogs":true,"interaction":{"idSuffix":"I"}},"clearTextFirst":true,"interactionType":"ENTER_TEXT"}]}
COMMAND: POST /session/d392767a950b32be403e8af6fd22bfea/actions - {"actions":[{"id":"action16","type":"key","parameters":{},"actions":[{"type":"keyDown","value":"î€‡"},{"type":"pause","duration":10},{"type":"keyUp","value":"î€‡"}]}]}
RESULT: {"actions":[{"id":"action16","type":"key","parameters":{},"actions":[{"type":"keyDown","value":"î€‡"},{"type":"pause","duration":10},{"type":"keyUp","value":"î€‡"}]}]}
COMMAND: GET /session/d392767a950b32be403e8af6fd22bfea/screenshot - {}
RESULT: {}
COMMAND: POST /session/d392767a950b32be403e8af6fd22bfea/element - {"using":"xpath","value":"//div[contains(@id, 'application-manageconditionprice-display-component---conditions--smartFilterBar-filterItemControl_BASIC-BILL_TYPES-valueHelpDialog-table-rowsel0')]"}
RESULT: {"using":"xpath","value":"//div[contains(@id, 'application-manageconditionprice-display-component---conditions--smartFilterBar-filterItemControl_BASIC-BILL_TYPES-valueHelpDialog-table-rowsel0')]"}
COMMAND: POST /session/d392767a950b32be403e8af6fd22bfea/element/f.609CE4280A85363DBD46210BE265599D.d.0A30A9B5C97E4AE0A316A59C06D9C5FA.e.3729/click - {}
RESULT: {}
COMMAND: GET /session/d392767a950b32be403e8af6fd22bfea/screenshot - {}
RESULT: {}
COMMAND: POST /session/d392767a950b32be403e8af6fd22bfea/element - {"using":"xpath","value":"//bdi[contains(text(), \"OK\")]"}
RESULT: {"using":"xpath","value":"//bdi[contains(text(), \"OK\")]"}
COMMAND: POST /session/d392767a950b32be403e8af6fd22bfea/element/f.609CE4280A85363DBD46210BE265599D.d.0A30A9B5C97E4AE0A316A59C06D9C5FA.e.3731/click - {}
RESULT: {}
COMMAND: GET /session/d392767a950b32be403e8af6fd22bfea/screenshot - {}
RESULT: {}
COMMAND: POST /session/d392767a950b32be403e8af6fd22bfea/element - {"using":"xpath","value":"//span[@id=\"application-manageconditionprice-display-component---conditions--smartTable-header-inner\"]"}
RESULT: {"using":"xpath","value":"//span[@id=\"application-manageconditionprice-display-component---conditions--smartTable-header-inner\"]"}
COMMAND: POST /session/d392767a950b32be403e8af6fd22bfea/elements - {"using":"xpath","value":"//span[@id=\"application-manageconditionprice-display-component---conditions--smartTable-header-inner\"]"}
RESULT: {"using":"xpath","value":"//span[@id=\"application-manageconditionprice-display-component---conditions--smartTable-header-inner\"]"}
COMMAND: POST /session/d392767a950b32be403e8af6fd22bfea/execute/sync - {"script":"<script> [56 bytes]","args":[{"element-6066-11e4-a52e-4f735466cecf":"f.609CE4280A85363DBD46210BE265599D.d.0A30A9B5C97E4AE0A316A59C06D9C5FA.e.3734","ELEMENT":"f.609CE4280A85363DBD46210BE265599D.d.0A30A9B5C97E4AE0A316A59C06D9C5FA.e.3734"}]}
RESULT: {"script":"<script> [56 bytes]","args":[{"element-6066-11e4-a52e-4f735466cecf":"f.609CE4280A85363DBD46210BE265599D.d.0A30A9B5C97E4AE0A316A59C06D9C5FA.e.3734","ELEMENT":"f.609CE4280A85363DBD46210BE265599D.d.0A30A9B5C97E4AE0A316A59C06D9C5FA.e.3734"}]}
COMMAND: POST /session/d392767a950b32be403e8af6fd22bfea/element - {"using":"css selector","value":"#shell-header-logo"}
COMMAND: GET /session/d392767a950b32be403e8af6fd22bfea/screenshot - {}
RESULT: {"using":"css selector","value":"#shell-header-logo"}
COMMAND: POST /session/d392767a950b32be403e8af6fd22bfea/element/f.609CE4280A85363DBD46210BE265599D.d.0A30A9B5C97E4AE0A316A59C06D9C5FA.e.3339/click - {}
RESULT: {}
RESULT: {}
COMMAND: GET /session/d392767a950b32be403e8af6fd22bfea/screenshot - {}
RESULT: {}
]]></system-out>
    </testcase>
  </testsuite>
  <testsuite timestamp="2025-06-12T17:23:09" time="1079.723" tests="14" failures="6" errors="6" skipped="0">
    <properties>
      <property name="specId" value="0" />
      <property name="suiteName" value="Create master data for mixed billing &amp; do billing calculation US151661" />
      <property name="capabilities" value="chrome.137_0_7151_69.windows" />
      <property name="file" value="file:///D:/a/1/s/test/specs/BTS/billing-calculation-mixed.spec.js" />
    </properties>
    <testcase classname="chrome.137_0_7151_69.windows.Create_master_data_for_mixed_billing_&amp;_do_billing_calculation_US151661" name="Should create a new yard" time="122.323">
      <system-out><![CDATA[
COMMAND: POST /session/d392767a950b32be403e8af6fd22bfea/window/fullscreen - {}
RESULT: {}
COMMAND: POST /session/d392767a950b32be403e8af6fd22bfea/execute/async - {"script":"<script> [1562 bytes]","args":[{"selector":{"controlType":"sap.m.GenericTile","properties":{"header":"Manage Yards"}},"wdio_ui5_key":"sapm.GenericTile{\"header\":\"Manage Yards\"}"}]}
RESULT: {"script":"<script> [1562 bytes]","args":[{"selector":{"controlType":"sap.m.GenericTile","properties":{"header":"Manage Yards"}},"wdio_ui5_key":"sapm.GenericTile{\"header\":\"Manage Yards\"}"}]}
RESULT: undefined
COMMAND: POST /session/d392767a950b32be403e8af6fd22bfea/element - {"using":"xpath","value":"//*[@id=\"__tile42\"]"}
RESULT: {"using":"xpath","value":"//*[@id=\"__tile42\"]"}
COMMAND: POST /session/d392767a950b32be403e8af6fd22bfea/element/f.609CE4280A85363DBD46210BE265599D.d.182108A472CF7C5B6B5774445E6797A7.e.4520/click - {}
RESULT: {}
COMMAND: GET /session/d392767a950b32be403e8af6fd22bfea/screenshot - {}
RESULT: {}
COMMAND: POST /session/d392767a950b32be403e8af6fd22bfea/elements - {"using":"xpath","value":"//span[text()='Error']"}
RESULT: {"using":"xpath","value":"//span[text()='Error']"}
COMMAND: POST /session/d392767a950b32be403e8af6fd22bfea/element - {"using":"xpath","value":"//button[@data-kt=\"addNewYardOverflowToolbarButton\"]"}
RESULT: {"using":"xpath","value":"//button[@data-kt=\"addNewYardOverflowToolbarButton\"]"}
COMMAND: POST /session/d392767a950b32be403e8af6fd22bfea/elements - {"using":"xpath","value":"//button[@data-kt=\"addNewYardOverflowToolbarButton\"]"}
RESULT: {"using":"xpath","value":"//button[@data-kt=\"addNewYardOverflowToolbarButton\"]"}
COMMAND: POST /session/d392767a950b32be403e8af6fd22bfea/elements - {"using":"xpath","value":"//button[@data-kt=\"addNewYardOverflowToolbarButton\"]"}
RESULT: {"using":"xpath","value":"//button[@data-kt=\"addNewYardOverflowToolbarButton\"]"}
COMMAND: POST /session/d392767a950b32be403e8af6fd22bfea/elements - {"using":"xpath","value":"//button[@data-kt=\"addNewYardOverflowToolbarButton\"]"}
RESULT: {"using":"xpath","value":"//button[@data-kt=\"addNewYardOverflowToolbarButton\"]"}
COMMAND: POST /session/d392767a950b32be403e8af6fd22bfea/elements - {"using":"xpath","value":"//button[@data-kt=\"addNewYardOverflowToolbarButton\"]"}
RESULT: {"using":"xpath","value":"//button[@data-kt=\"addNewYardOverflowToolbarButton\"]"}
COMMAND: POST /session/d392767a950b32be403e8af6fd22bfea/element - {"using":"xpath","value":"//button[@data-kt=\"addNewYardOverflowToolbarButton\"]"}
RESULT: {"using":"xpath","value":"//button[@data-kt=\"addNewYardOverflowToolbarButton\"]"}
COMMAND: POST /session/d392767a950b32be403e8af6fd22bfea/execute/sync - {"script":"<script> [8489 bytes]","args":[{"element-6066-11e4-a52e-4f735466cecf":"f.609CE4280A85363DBD46210BE265599D.d.182108A472CF7C5B6B5774445E6797A7.e.4666","ELEMENT":"f.609CE4280A85363DBD46210BE265599D.d.182108A472CF7C5B6B5774445E6797A7.e.4666"}]}
RESULT: {"script":"<script> [8489 bytes]","args":[{"element-6066-11e4-a52e-4f735466cecf":"f.609CE4280A85363DBD46210BE265599D.d.182108A472CF7C5B6B5774445E6797A7.e.4666","ELEMENT":"f.609CE4280A85363DBD46210BE265599D.d.182108A472CF7C5B6B5774445E6797A7.e.4666"}]}
COMMAND: GET /session/d392767a950b32be403e8af6fd22bfea/element/f.609CE4280A85363DBD46210BE265599D.d.182108A472CF7C5B6B5774445E6797A7.e.4666/enabled - {}
COMMAND: GET /session/d392767a950b32be403e8af6fd22bfea/screenshot - {}
RESULT: {}
COMMAND: POST /session/d392767a950b32be403e8af6fd22bfea/execute/sync - {"script":"<script> [8489 bytes]","args":[{"element-6066-11e4-a52e-4f735466cecf":"f.609CE4280A85363DBD46210BE265599D.d.182108A472CF7C5B6B5774445E6797A7.e.4666","ELEMENT":"f.609CE4280A85363DBD46210BE265599D.d.182108A472CF7C5B6B5774445E6797A7.e.4666"}]}
COMMAND: GET /session/d392767a950b32be403e8af6fd22bfea/screenshot - {}
RESULT: {}
RESULT: {"script":"<script> [8489 bytes]","args":[{"element-6066-11e4-a52e-4f735466cecf":"f.609CE4280A85363DBD46210BE265599D.d.182108A472CF7C5B6B5774445E6797A7.e.4666","ELEMENT":"f.609CE4280A85363DBD46210BE265599D.d.182108A472CF7C5B6B5774445E6797A7.e.4666"}]}
COMMAND: POST /session/d392767a950b32be403e8af6fd22bfea/execute/sync - {"script":"<script> [5351 bytes]","args":[{"element-6066-11e4-a52e-4f735466cecf":"f.609CE4280A85363DBD46210BE265599D.d.182108A472CF7C5B6B5774445E6797A7.e.4666","ELEMENT":"f.609CE4280A85363DBD46210BE265599D.d.182108A472CF7C5B6B5774445E6797A7.e.4666"}]}
COMMAND: GET /session/d392767a950b32be403e8af6fd22bfea/screenshot - {}
RESULT: {}
RESULT: {"script":"<script> [5351 bytes]","args":[{"element-6066-11e4-a52e-4f735466cecf":"f.609CE4280A85363DBD46210BE265599D.d.182108A472CF7C5B6B5774445E6797A7.e.4666","ELEMENT":"f.609CE4280A85363DBD46210BE265599D.d.182108A472CF7C5B6B5774445E6797A7.e.4666"}]}
COMMAND: POST /session/d392767a950b32be403e8af6fd22bfea/element/f.609CE4280A85363DBD46210BE265599D.d.182108A472CF7C5B6B5774445E6797A7.e.4666/click - {}
COMMAND: GET /session/d392767a950b32be403e8af6fd22bfea/screenshot - {}
RESULT: {}
RESULT: {}
COMMAND: GET /session/d392767a950b32be403e8af6fd22bfea/screenshot - {}
RESULT: {}
RESULT: {}
COMMAND: POST /session/d392767a950b32be403e8af6fd22bfea/element - {"using":"xpath","value":"//input[@id=\"application-manageyards-display-component---NewYard--yardId-inner\"]"}
RESULT: {"using":"xpath","value":"//input[@id=\"application-manageyards-display-component---NewYard--yardId-inner\"]"}
COMMAND: POST /session/d392767a950b32be403e8af6fd22bfea/element - {"using":"xpath","value":"//input[@id=\"application-manageyards-display-component---NewYard--yardId-inner\"]"}
RESULT: {"using":"xpath","value":"//input[@id=\"application-manageyards-display-component---NewYard--yardId-inner\"]"}
COMMAND: POST /session/d392767a950b32be403e8af6fd22bfea/execute/async - {"script":"<script> [1562 bytes]","args":[{"selector":{"id":"application-manageyards-display-component---NewYard--addressDetailDetailsName1","interaction":{"idSuffix":"inner"}},"wdio_ui5_key":"applicationmanageyards-display-component---NewYard--addressDetailDetailsName1"}]}
RESULT: {"script":"<script> [1562 bytes]","args":[{"selector":{"id":"application-manageyards-display-component---NewYard--addressDetailDetailsName1","interaction":{"idSuffix":"inner"}},"wdio_ui5_key":"applicationmanageyards-display-component---NewYard--addressDetailDetailsName1"}]}
RESULT: undefined
COMMAND: POST /session/d392767a950b32be403e8af6fd22bfea/execute/async - {"script":"<script> [776 bytes]","args":[{"enterText":"Intercompany Yard wdIO","selector":{"id":"application-manageyards-display-component---NewYard--addressDetailDetailsName1","interaction":{"idSuffix":"inner"}},"clearTextFirst":true,"interactionType":"ENTER_TEXT"}]}
RESULT: {"script":"<script> [776 bytes]","args":[{"enterText":"Intercompany Yard wdIO","selector":{"id":"application-manageyards-display-component---NewYard--addressDetailDetailsName1","interaction":{"idSuffix":"inner"}},"clearTextFirst":true,"interactionType":"ENTER_TEXT"}]}
COMMAND: POST /session/d392767a950b32be403e8af6fd22bfea/execute/async - {"script":"<script> [1562 bytes]","args":[{"selector":{"id":"application-manageyards-display-component---NewYard--addressDetailDetailsLanguage-arrow"},"wdio_ui5_key":"applicationmanageyards-display-component---NewYard--addressDetailDetailsLanguage-arrow"}]}
RESULT: {"script":"<script> [1562 bytes]","args":[{"selector":{"id":"application-manageyards-display-component---NewYard--addressDetailDetailsLanguage-arrow"},"wdio_ui5_key":"applicationmanageyards-display-component---NewYard--addressDetailDetailsLanguage-arrow"}]}
RESULT: undefined
COMMAND: POST /session/d392767a950b32be403e8af6fd22bfea/element - {"using":"xpath","value":"//*[@id=\"application-manageyards-display-component---NewYard--addressDetailDetailsLanguage-arrow\"]"}
RESULT: {"using":"xpath","value":"//*[@id=\"application-manageyards-display-component---NewYard--addressDetailDetailsLanguage-arrow\"]"}
COMMAND: POST /session/d392767a950b32be403e8af6fd22bfea/element/f.609CE4280A85363DBD46210BE265599D.d.182108A472CF7C5B6B5774445E6797A7.e.5078/click - {}
RESULT: {}
COMMAND: POST /session/d392767a950b32be403e8af6fd22bfea/element - {"using":"xpath","value":"//span[contains(text(), \"English\")]"}
COMMAND: GET /session/d392767a950b32be403e8af6fd22bfea/screenshot - {}
RESULT: {"using":"xpath","value":"//span[contains(text(), \"English\")]"}
COMMAND: POST /session/d392767a950b32be403e8af6fd22bfea/element/f.609CE4280A85363DBD46210BE265599D.d.182108A472CF7C5B6B5774445E6797A7.e.5079/click - {}
RESULT: {}
RESULT: {}
COMMAND: POST /session/d392767a950b32be403e8af6fd22bfea/execute/async - {"script":"<script> [1562 bytes]","args":[{"selector":{"id":"application-manageyards-display-component---NewYard--addressDetailDetailsCity1","interaction":{"idSuffix":"inner"}},"wdio_ui5_key":"applicationmanageyards-display-component---NewYard--addressDetailDetailsCity1"}]}
COMMAND: GET /session/d392767a950b32be403e8af6fd22bfea/screenshot - {}
RESULT: {"script":"<script> [1562 bytes]","args":[{"selector":{"id":"application-manageyards-display-component---NewYard--addressDetailDetailsCity1","interaction":{"idSuffix":"inner"}},"wdio_ui5_key":"applicationmanageyards-display-component---NewYard--addressDetailDetailsCity1"}]}
RESULT: undefined
COMMAND: POST /session/d392767a950b32be403e8af6fd22bfea/execute/async - {"script":"<script> [776 bytes]","args":[{"enterText":"Rosario","selector":{"id":"application-manageyards-display-component---NewYard--addressDetailDetailsCity1","interaction":{"idSuffix":"inner"}},"clearTextFirst":true,"interactionType":"ENTER_TEXT"}]}
RESULT: {}
RESULT: {"script":"<script> [776 bytes]","args":[{"enterText":"Rosario","selector":{"id":"application-manageyards-display-component---NewYard--addressDetailDetailsCity1","interaction":{"idSuffix":"inner"}},"clearTextFirst":true,"interactionType":"ENTER_TEXT"}]}
COMMAND: POST /session/d392767a950b32be403e8af6fd22bfea/execute/async - {"script":"<script> [1562 bytes]","args":[{"selector":{"id":"application-manageyards-display-component---NewYard--addressDetailDetailsCountry-arrow"},"wdio_ui5_key":"applicationmanageyards-display-component---NewYard--addressDetailDetailsCountry-arrow"}]}
RESULT: {"script":"<script> [1562 bytes]","args":[{"selector":{"id":"application-manageyards-display-component---NewYard--addressDetailDetailsCountry-arrow"},"wdio_ui5_key":"applicationmanageyards-display-component---NewYard--addressDetailDetailsCountry-arrow"}]}
RESULT: undefined
COMMAND: POST /session/d392767a950b32be403e8af6fd22bfea/element - {"using":"xpath","value":"//*[@id=\"application-manageyards-display-component---NewYard--addressDetailDetailsCountry-arrow\"]"}
RESULT: {"using":"xpath","value":"//*[@id=\"application-manageyards-display-component---NewYard--addressDetailDetailsCountry-arrow\"]"}
COMMAND: POST /session/d392767a950b32be403e8af6fd22bfea/element/f.609CE4280A85363DBD46210BE265599D.d.182108A472CF7C5B6B5774445E6797A7.e.5081/click - {}
RESULT: {}
COMMAND: POST /session/d392767a950b32be403e8af6fd22bfea/element - {"using":"xpath","value":"//span[contains(text(), \"Argentina\")]"}
COMMAND: GET /session/d392767a950b32be403e8af6fd22bfea/screenshot - {}
RESULT: {"using":"xpath","value":"//span[contains(text(), \"Argentina\")]"}
COMMAND: POST /session/d392767a950b32be403e8af6fd22bfea/element/f.609CE4280A85363DBD46210BE265599D.d.182108A472CF7C5B6B5774445E6797A7.e.5082/click - {}
RESULT: {}
RESULT: {}
COMMAND: POST /session/d392767a950b32be403e8af6fd22bfea/execute/async - {"script":"<script> [1562 bytes]","args":[{"selector":{"id":"application-manageyards-display-component---NewYard--addressEditDetailsCostObjectCstType-arrow"},"wdio_ui5_key":"applicationmanageyards-display-component---NewYard--addressEditDetailsCostObjectCstType-arrow"}]}
COMMAND: GET /session/d392767a950b32be403e8af6fd22bfea/screenshot - {}
RESULT: {"script":"<script> [1562 bytes]","args":[{"selector":{"id":"application-manageyards-display-component---NewYard--addressEditDetailsCostObjectCstType-arrow"},"wdio_ui5_key":"applicationmanageyards-display-component---NewYard--addressEditDetailsCostObjectCstType-arrow"}]}
RESULT: undefined
COMMAND: POST /session/d392767a950b32be403e8af6fd22bfea/element - {"using":"xpath","value":"//*[@id=\"application-manageyards-display-component---NewYard--addressEditDetailsCostObjectCstType-arrow\"]"}
RESULT: {}
RESULT: {"using":"xpath","value":"//*[@id=\"application-manageyards-display-component---NewYard--addressEditDetailsCostObjectCstType-arrow\"]"}
COMMAND: POST /session/d392767a950b32be403e8af6fd22bfea/element/f.609CE4280A85363DBD46210BE265599D.d.182108A472CF7C5B6B5774445E6797A7.e.5084/click - {}
RESULT: {}
COMMAND: POST /session/d392767a950b32be403e8af6fd22bfea/element - {"using":"xpath","value":"//span[contains(text(), \"Cost Center\")]"}
COMMAND: GET /session/d392767a950b32be403e8af6fd22bfea/screenshot - {}
RESULT: {"using":"xpath","value":"//span[contains(text(), \"Cost Center\")]"}
COMMAND: POST /session/d392767a950b32be403e8af6fd22bfea/element/f.609CE4280A85363DBD46210BE265599D.d.182108A472CF7C5B6B5774445E6797A7.e.5085/click - {}
RESULT: {}
RESULT: {}
COMMAND: GET /session/d392767a950b32be403e8af6fd22bfea/screenshot - {}
RESULT: {}
COMMAND: POST /session/d392767a950b32be403e8af6fd22bfea/element - {"using":"xpath","value":"//span[@id=\"application-manageyards-display-component---NewYard--addressNewCostObjectCstID-vhi\"]"}
RESULT: {"using":"xpath","value":"//span[@id=\"application-manageyards-display-component---NewYard--addressNewCostObjectCstID-vhi\"]"}
COMMAND: POST /session/d392767a950b32be403e8af6fd22bfea/execute/sync - {"script":"<script> [8489 bytes]","args":[{"element-6066-11e4-a52e-4f735466cecf":"f.609CE4280A85363DBD46210BE265599D.d.182108A472CF7C5B6B5774445E6797A7.e.5089","ELEMENT":"f.609CE4280A85363DBD46210BE265599D.d.182108A472CF7C5B6B5774445E6797A7.e.5089"}]}
RESULT: {"script":"<script> [8489 bytes]","args":[{"element-6066-11e4-a52e-4f735466cecf":"f.609CE4280A85363DBD46210BE265599D.d.182108A472CF7C5B6B5774445E6797A7.e.5089","ELEMENT":"f.609CE4280A85363DBD46210BE265599D.d.182108A472CF7C5B6B5774445E6797A7.e.5089"}]}
COMMAND: POST /session/d392767a950b32be403e8af6fd22bfea/execute/async - {"script":"<script> [1562 bytes]","args":[{"selector":{"id":"application-manageyards-display-component---NewYard--addressNewCostObjectCstID-vhi"},"wdio_ui5_key":"applicationmanageyards-display-component---NewYard--addressNewCostObjectCstID-vhi"}]}
COMMAND: GET /session/d392767a950b32be403e8af6fd22bfea/screenshot - {}
RESULT: {"script":"<script> [1562 bytes]","args":[{"selector":{"id":"application-manageyards-display-component---NewYard--addressNewCostObjectCstID-vhi"},"wdio_ui5_key":"applicationmanageyards-display-component---NewYard--addressNewCostObjectCstID-vhi"}]}
RESULT: undefined
COMMAND: POST /session/d392767a950b32be403e8af6fd22bfea/element - {"using":"xpath","value":"//*[@id=\"application-manageyards-display-component---NewYard--addressNewCostObjectCstID-vhi\"]"}
RESULT: {}
RESULT: {"using":"xpath","value":"//*[@id=\"application-manageyards-display-component---NewYard--addressNewCostObjectCstID-vhi\"]"}
COMMAND: POST /session/d392767a950b32be403e8af6fd22bfea/element/f.609CE4280A85363DBD46210BE265599D.d.182108A472CF7C5B6B5774445E6797A7.e.5089/click - {}
RESULT: {}
COMMAND: GET /session/d392767a950b32be403e8af6fd22bfea/screenshot - {}
RESULT: {}
COMMAND: POST /session/d392767a950b32be403e8af6fd22bfea/execute/async - {"script":"<script> [1562 bytes]","args":[{"selector":{"controlType":"sap.m.SearchField","properties":{"placeholder":"Search"},"searchOpenDialogs":true,"interaction":{"idSuffix":"I"}},"wdio_ui5_key":"sapm.SearchField{\"placeholder\":\"Search\"}"}]}
RESULT: {"script":"<script> [1562 bytes]","args":[{"selector":{"controlType":"sap.m.SearchField","properties":{"placeholder":"Search"},"searchOpenDialogs":true,"interaction":{"idSuffix":"I"}},"wdio_ui5_key":"sapm.SearchField{\"placeholder\":\"Search\"}"}]}
RESULT: undefined
COMMAND: POST /session/d392767a950b32be403e8af6fd22bfea/execute/async - {"script":"<script> [776 bytes]","args":[{"enterText":"bauh_b","selector":{"controlType":"sap.m.SearchField","properties":{"placeholder":"Search"},"searchOpenDialogs":true,"interaction":{"idSuffix":"I"}},"clearTextFirst":true,"interactionType":"ENTER_TEXT"}]}
RESULT: {"script":"<script> [776 bytes]","args":[{"enterText":"bauh_b","selector":{"controlType":"sap.m.SearchField","properties":{"placeholder":"Search"},"searchOpenDialogs":true,"interaction":{"idSuffix":"I"}},"clearTextFirst":true,"interactionType":"ENTER_TEXT"}]}
COMMAND: POST /session/d392767a950b32be403e8af6fd22bfea/actions - {"actions":[{"id":"action19","type":"key","parameters":{},"actions":[{"type":"keyDown","value":"î€‡"},{"type":"pause","duration":10},{"type":"keyUp","value":"î€‡"}]}]}
RESULT: {"actions":[{"id":"action19","type":"key","parameters":{},"actions":[{"type":"keyDown","value":"î€‡"},{"type":"pause","duration":10},{"type":"keyUp","value":"î€‡"}]}]}
COMMAND: GET /session/d392767a950b32be403e8af6fd22bfea/screenshot - {}
RESULT: {}
COMMAND: POST /session/d392767a950b32be403e8af6fd22bfea/element - {"using":"xpath","value":"//span[contains(text(), \"Demo Yard\")]"}
RESULT: {"using":"xpath","value":"//span[contains(text(), \"Demo Yard\")]"}
COMMAND: POST /session/d392767a950b32be403e8af6fd22bfea/element/f.609CE4280A85363DBD46210BE265599D.d.182108A472CF7C5B6B5774445E6797A7.e.5130/click - {}
RESULT: {}
COMMAND: GET /session/d392767a950b32be403e8af6fd22bfea/screenshot - {}
RESULT: {}
COMMAND: POST /session/d392767a950b32be403e8af6fd22bfea/element - {"using":"xpath","value":"//bdi[contains(text(), \"OK\")]"}
RESULT: {"using":"xpath","value":"//bdi[contains(text(), \"OK\")]"}
COMMAND: POST /session/d392767a950b32be403e8af6fd22bfea/element/f.609CE4280A85363DBD46210BE265599D.d.182108A472CF7C5B6B5774445E6797A7.e.5131/click - {}
RESULT: {}
COMMAND: GET /session/d392767a950b32be403e8af6fd22bfea/screenshot - {}
RESULT: {}
COMMAND: POST /session/d392767a950b32be403e8af6fd22bfea/execute/async - {"script":"<script> [1562 bytes]","args":[{"selector":{"id":"application-manageyards-display-component---NewYard--addressEditDetailsCurrency-arrow"},"wdio_ui5_key":"applicationmanageyards-display-component---NewYard--addressEditDetailsCurrency-arrow"}]}
RESULT: {"script":"<script> [1562 bytes]","args":[{"selector":{"id":"application-manageyards-display-component---NewYard--addressEditDetailsCurrency-arrow"},"wdio_ui5_key":"applicationmanageyards-display-component---NewYard--addressEditDetailsCurrency-arrow"}]}
RESULT: undefined
COMMAND: POST /session/d392767a950b32be403e8af6fd22bfea/element - {"using":"xpath","value":"//*[@id=\"application-manageyards-display-component---NewYard--addressEditDetailsCurrency-arrow\"]"}
RESULT: {"using":"xpath","value":"//*[@id=\"application-manageyards-display-component---NewYard--addressEditDetailsCurrency-arrow\"]"}
COMMAND: POST /session/d392767a950b32be403e8af6fd22bfea/element/f.609CE4280A85363DBD46210BE265599D.d.182108A472CF7C5B6B5774445E6797A7.e.5134/click - {}
RESULT: {}
COMMAND: POST /session/d392767a950b32be403e8af6fd22bfea/element - {"using":"xpath","value":"//span[contains(text(), \"Euro\")]"}
COMMAND: GET /session/d392767a950b32be403e8af6fd22bfea/screenshot - {}
RESULT: {"using":"xpath","value":"//span[contains(text(), \"Euro\")]"}
COMMAND: POST /session/d392767a950b32be403e8af6fd22bfea/element/f.609CE4280A85363DBD46210BE265599D.d.182108A472CF7C5B6B5774445E6797A7.e.5135/click - {}
RESULT: {}
RESULT: {}
COMMAND: POST /session/d392767a950b32be403e8af6fd22bfea/execute/async - {"script":"<script> [1562 bytes]","args":[{"selector":{"controlType":"sap.m.Input","viewName":"etm.portal.ui.manageyards.view.New","viewId":"application-manageyards-display-component---NewYard","bindingPath":{"path":"","propertyPath":"/CONTROLLING_AREA","modelName":"NewYardModel"},"interaction":{"idSuffix":"inner"}},"wdio_ui5_key":"etmportal.ui.manageyards.view.Newsap.m.Input{\"path\":\"\",\"propertyPath\":\"/CONTROLLING_AREA\",\"modelName\":\"NewYardModel\"}"}]}
COMMAND: GET /session/d392767a950b32be403e8af6fd22bfea/screenshot - {}
RESULT: {"script":"<script> [1562 bytes]","args":[{"selector":{"controlType":"sap.m.Input","viewName":"etm.portal.ui.manageyards.view.New","viewId":"application-manageyards-display-component---NewYard","bindingPath":{"path":"","propertyPath":"/CONTROLLING_AREA","modelName":"NewYardModel"},"interaction":{"idSuffix":"inner"}},"wdio_ui5_key":"etmportal.ui.manageyards.view.Newsap.m.Input{\"path\":\"\",\"propertyPath\":\"/CONTROLLING_AREA\",\"modelName\":\"NewYardModel\"}"}]}
RESULT: undefined
COMMAND: POST /session/d392767a950b32be403e8af6fd22bfea/execute/async - {"script":"<script> [776 bytes]","args":[{"enterText":"Z001","selector":{"controlType":"sap.m.Input","viewName":"etm.portal.ui.manageyards.view.New","viewId":"application-manageyards-display-component---NewYard","bindingPath":{"path":"","propertyPath":"/CONTROLLING_AREA","modelName":"NewYardModel"},"interaction":{"idSuffix":"inner"}},"clearTextFirst":true,"interactionType":"ENTER_TEXT"}]}
RESULT: {}
RESULT: {"script":"<script> [776 bytes]","args":[{"enterText":"Z001","selector":{"controlType":"sap.m.Input","viewName":"etm.portal.ui.manageyards.view.New","viewId":"application-manageyards-display-component---NewYard","bindingPath":{"path":"","propertyPath":"/CONTROLLING_AREA","modelName":"NewYardModel"},"interaction":{"idSuffix":"inner"}},"clearTextFirst":true,"interactionType":"ENTER_TEXT"}]}
COMMAND: POST /session/d392767a950b32be403e8af6fd22bfea/execute/async - {"script":"<script> [1562 bytes]","args":[{"selector":{"id":"application-manageyards-display-component---NewYard--companyCodeComboBox","interaction":{"idSuffix":"inner"}},"wdio_ui5_key":"applicationmanageyards-display-component---NewYard--companyCodeComboBox"}]}
RESULT: {"script":"<script> [1562 bytes]","args":[{"selector":{"id":"application-manageyards-display-component---NewYard--companyCodeComboBox","interaction":{"idSuffix":"inner"}},"wdio_ui5_key":"applicationmanageyards-display-component---NewYard--companyCodeComboBox"}]}
RESULT: undefined
COMMAND: POST /session/d392767a950b32be403e8af6fd22bfea/execute/async - {"script":"<script> [776 bytes]","args":[{"enterText":"1000","selector":{"id":"application-manageyards-display-component---NewYard--companyCodeComboBox","interaction":{"idSuffix":"inner"}},"clearTextFirst":true,"interactionType":"ENTER_TEXT"}]}
RESULT: {"script":"<script> [776 bytes]","args":[{"enterText":"1000","selector":{"id":"application-manageyards-display-component---NewYard--companyCodeComboBox","interaction":{"idSuffix":"inner"}},"clearTextFirst":true,"interactionType":"ENTER_TEXT"}]}
COMMAND: POST /session/d392767a950b32be403e8af6fd22bfea/execute/async - {"script":"<script> [1562 bytes]","args":[{"selector":{"controlType":"sap.m.Input","viewName":"etm.portal.ui.manageyards.view.New","viewId":"application-manageyards-display-component---NewYard","bindingPath":{"path":"","propertyPath":"/PLANT","modelName":"NewYardModel"},"interaction":{"idSuffix":"inner"}},"wdio_ui5_key":"etmportal.ui.manageyards.view.Newsap.m.Input{\"path\":\"\",\"propertyPath\":\"/PLANT\",\"modelName\":\"NewYardModel\"}"}]}
RESULT: {"script":"<script> [1562 bytes]","args":[{"selector":{"controlType":"sap.m.Input","viewName":"etm.portal.ui.manageyards.view.New","viewId":"application-manageyards-display-component---NewYard","bindingPath":{"path":"","propertyPath":"/PLANT","modelName":"NewYardModel"},"interaction":{"idSuffix":"inner"}},"wdio_ui5_key":"etmportal.ui.manageyards.view.Newsap.m.Input{\"path\":\"\",\"propertyPath\":\"/PLANT\",\"modelName\":\"NewYardModel\"}"}]}
RESULT: undefined
COMMAND: POST /session/d392767a950b32be403e8af6fd22bfea/execute/async - {"script":"<script> [776 bytes]","args":[{"enterText":"1001","selector":{"controlType":"sap.m.Input","viewName":"etm.portal.ui.manageyards.view.New","viewId":"application-manageyards-display-component---NewYard","bindingPath":{"path":"","propertyPath":"/PLANT","modelName":"NewYardModel"},"interaction":{"idSuffix":"inner"}},"clearTextFirst":true,"interactionType":"ENTER_TEXT"}]}
RESULT: {"script":"<script> [776 bytes]","args":[{"enterText":"1001","selector":{"controlType":"sap.m.Input","viewName":"etm.portal.ui.manageyards.view.New","viewId":"application-manageyards-display-component---NewYard","bindingPath":{"path":"","propertyPath":"/PLANT","modelName":"NewYardModel"},"interaction":{"idSuffix":"inner"}},"clearTextFirst":true,"interactionType":"ENTER_TEXT"}]}
COMMAND: POST /session/d392767a950b32be403e8af6fd22bfea/execute/async - {"script":"<script> [1562 bytes]","args":[{"selector":{"controlType":"sap.m.Input","viewName":"etm.portal.ui.manageyards.view.New","viewId":"application-manageyards-display-component---NewYard","bindingPath":{"path":"","propertyPath":"/SALES_AREA_VKORG","modelName":"NewYardModel"},"interaction":{"idSuffix":"inner"}},"wdio_ui5_key":"etmportal.ui.manageyards.view.Newsap.m.Input{\"path\":\"\",\"propertyPath\":\"/SALES_AREA_VKORG\",\"modelName\":\"NewYardModel\"}"}]}
RESULT: {"script":"<script> [1562 bytes]","args":[{"selector":{"controlType":"sap.m.Input","viewName":"etm.portal.ui.manageyards.view.New","viewId":"application-manageyards-display-component---NewYard","bindingPath":{"path":"","propertyPath":"/SALES_AREA_VKORG","modelName":"NewYardModel"},"interaction":{"idSuffix":"inner"}},"wdio_ui5_key":"etmportal.ui.manageyards.view.Newsap.m.Input{\"path\":\"\",\"propertyPath\":\"/SALES_AREA_VKORG\",\"modelName\":\"NewYardModel\"}"}]}
RESULT: undefined
COMMAND: POST /session/d392767a950b32be403e8af6fd22bfea/execute/async - {"script":"<script> [776 bytes]","args":[{"enterText":"C002","selector":{"controlType":"sap.m.Input","viewName":"etm.portal.ui.manageyards.view.New","viewId":"application-manageyards-display-component---NewYard","bindingPath":{"path":"","propertyPath":"/SALES_AREA_VKORG","modelName":"NewYardModel"},"interaction":{"idSuffix":"inner"}},"clearTextFirst":true,"interactionType":"ENTER_TEXT"}]}
RESULT: {"script":"<script> [776 bytes]","args":[{"enterText":"C002","selector":{"controlType":"sap.m.Input","viewName":"etm.portal.ui.manageyards.view.New","viewId":"application-manageyards-display-component---NewYard","bindingPath":{"path":"","propertyPath":"/SALES_AREA_VKORG","modelName":"NewYardModel"},"interaction":{"idSuffix":"inner"}},"clearTextFirst":true,"interactionType":"ENTER_TEXT"}]}
COMMAND: POST /session/d392767a950b32be403e8af6fd22bfea/execute/async - {"script":"<script> [1562 bytes]","args":[{"selector":{"controlType":"sap.m.Input","viewName":"etm.portal.ui.manageyards.view.New","viewId":"application-manageyards-display-component---NewYard","bindingPath":{"path":"","propertyPath":"/SALES_AREA_VTWEG","modelName":"NewYardModel"},"interaction":{"idSuffix":"inner"}},"wdio_ui5_key":"etmportal.ui.manageyards.view.Newsap.m.Input{\"path\":\"\",\"propertyPath\":\"/SALES_AREA_VTWEG\",\"modelName\":\"NewYardModel\"}"}]}
RESULT: {"script":"<script> [1562 bytes]","args":[{"selector":{"controlType":"sap.m.Input","viewName":"etm.portal.ui.manageyards.view.New","viewId":"application-manageyards-display-component---NewYard","bindingPath":{"path":"","propertyPath":"/SALES_AREA_VTWEG","modelName":"NewYardModel"},"interaction":{"idSuffix":"inner"}},"wdio_ui5_key":"etmportal.ui.manageyards.view.Newsap.m.Input{\"path\":\"\",\"propertyPath\":\"/SALES_AREA_VTWEG\",\"modelName\":\"NewYardModel\"}"}]}
RESULT: undefined
COMMAND: POST /session/d392767a950b32be403e8af6fd22bfea/execute/async - {"script":"<script> [776 bytes]","args":[{"enterText":"C2","selector":{"controlType":"sap.m.Input","viewName":"etm.portal.ui.manageyards.view.New","viewId":"application-manageyards-display-component---NewYard","bindingPath":{"path":"","propertyPath":"/SALES_AREA_VTWEG","modelName":"NewYardModel"},"interaction":{"idSuffix":"inner"}},"clearTextFirst":true,"interactionType":"ENTER_TEXT"}]}
RESULT: {"script":"<script> [776 bytes]","args":[{"enterText":"C2","selector":{"controlType":"sap.m.Input","viewName":"etm.portal.ui.manageyards.view.New","viewId":"application-manageyards-display-component---NewYard","bindingPath":{"path":"","propertyPath":"/SALES_AREA_VTWEG","modelName":"NewYardModel"},"interaction":{"idSuffix":"inner"}},"clearTextFirst":true,"interactionType":"ENTER_TEXT"}]}
COMMAND: POST /session/d392767a950b32be403e8af6fd22bfea/execute/async - {"script":"<script> [1562 bytes]","args":[{"selector":{"controlType":"sap.m.Input","viewName":"etm.portal.ui.manageyards.view.New","viewId":"application-manageyards-display-component---NewYard","bindingPath":{"path":"","propertyPath":"/SALES_AREA_SPART","modelName":"NewYardModel"},"interaction":{"idSuffix":"inner"}},"wdio_ui5_key":"etmportal.ui.manageyards.view.Newsap.m.Input{\"path\":\"\",\"propertyPath\":\"/SALES_AREA_SPART\",\"modelName\":\"NewYardModel\"}"}]}
RESULT: {"script":"<script> [1562 bytes]","args":[{"selector":{"controlType":"sap.m.Input","viewName":"etm.portal.ui.manageyards.view.New","viewId":"application-manageyards-display-component---NewYard","bindingPath":{"path":"","propertyPath":"/SALES_AREA_SPART","modelName":"NewYardModel"},"interaction":{"idSuffix":"inner"}},"wdio_ui5_key":"etmportal.ui.manageyards.view.Newsap.m.Input{\"path\":\"\",\"propertyPath\":\"/SALES_AREA_SPART\",\"modelName\":\"NewYardModel\"}"}]}
RESULT: undefined
COMMAND: POST /session/d392767a950b32be403e8af6fd22bfea/execute/async - {"script":"<script> [776 bytes]","args":[{"enterText":"C2","selector":{"controlType":"sap.m.Input","viewName":"etm.portal.ui.manageyards.view.New","viewId":"application-manageyards-display-component---NewYard","bindingPath":{"path":"","propertyPath":"/SALES_AREA_SPART","modelName":"NewYardModel"},"interaction":{"idSuffix":"inner"}},"clearTextFirst":true,"interactionType":"ENTER_TEXT"}]}
RESULT: {"script":"<script> [776 bytes]","args":[{"enterText":"C2","selector":{"controlType":"sap.m.Input","viewName":"etm.portal.ui.manageyards.view.New","viewId":"application-manageyards-display-component---NewYard","bindingPath":{"path":"","propertyPath":"/SALES_AREA_SPART","modelName":"NewYardModel"},"interaction":{"idSuffix":"inner"}},"clearTextFirst":true,"interactionType":"ENTER_TEXT"}]}
COMMAND: POST /session/d392767a950b32be403e8af6fd22bfea/execute/async - {"script":"<script> [1562 bytes]","args":[{"selector":{"controlType":"sap.m.Input","viewName":"etm.portal.ui.manageyards.view.New","viewId":"application-manageyards-display-component---NewYard","bindingPath":{"path":"","propertyPath":"/SHIP_POINT","modelName":"NewYardModel"},"interaction":{"idSuffix":"inner"}},"wdio_ui5_key":"etmportal.ui.manageyards.view.Newsap.m.Input{\"path\":\"\",\"propertyPath\":\"/SHIP_POINT\",\"modelName\":\"NewYardModel\"}"}]}
RESULT: {"script":"<script> [1562 bytes]","args":[{"selector":{"controlType":"sap.m.Input","viewName":"etm.portal.ui.manageyards.view.New","viewId":"application-manageyards-display-component---NewYard","bindingPath":{"path":"","propertyPath":"/SHIP_POINT","modelName":"NewYardModel"},"interaction":{"idSuffix":"inner"}},"wdio_ui5_key":"etmportal.ui.manageyards.view.Newsap.m.Input{\"path\":\"\",\"propertyPath\":\"/SHIP_POINT\",\"modelName\":\"NewYardModel\"}"}]}
RESULT: undefined
COMMAND: POST /session/d392767a950b32be403e8af6fd22bfea/execute/async - {"script":"<script> [776 bytes]","args":[{"enterText":"1710","selector":{"controlType":"sap.m.Input","viewName":"etm.portal.ui.manageyards.view.New","viewId":"application-manageyards-display-component---NewYard","bindingPath":{"path":"","propertyPath":"/SHIP_POINT","modelName":"NewYardModel"},"interaction":{"idSuffix":"inner"}},"clearTextFirst":true,"interactionType":"ENTER_TEXT"}]}
RESULT: {"script":"<script> [776 bytes]","args":[{"enterText":"1710","selector":{"controlType":"sap.m.Input","viewName":"etm.portal.ui.manageyards.view.New","viewId":"application-manageyards-display-component---NewYard","bindingPath":{"path":"","propertyPath":"/SHIP_POINT","modelName":"NewYardModel"},"interaction":{"idSuffix":"inner"}},"clearTextFirst":true,"interactionType":"ENTER_TEXT"}]}
COMMAND: POST /session/d392767a950b32be403e8af6fd22bfea/execute/async - {"script":"<script> [1562 bytes]","args":[{"selector":{"controlType":"sap.m.Input","viewName":"etm.portal.ui.manageyards.view.New","viewId":"application-manageyards-display-component---NewYard","bindingPath":{"path":"","propertyPath":"/DELIVERY_TYPE","modelName":"NewYardModel"},"interaction":{"idSuffix":"inner"}},"wdio_ui5_key":"etmportal.ui.manageyards.view.Newsap.m.Input{\"path\":\"\",\"propertyPath\":\"/DELIVERY_TYPE\",\"modelName\":\"NewYardModel\"}"}]}
RESULT: {"script":"<script> [1562 bytes]","args":[{"selector":{"controlType":"sap.m.Input","viewName":"etm.portal.ui.manageyards.view.New","viewId":"application-manageyards-display-component---NewYard","bindingPath":{"path":"","propertyPath":"/DELIVERY_TYPE","modelName":"NewYardModel"},"interaction":{"idSuffix":"inner"}},"wdio_ui5_key":"etmportal.ui.manageyards.view.Newsap.m.Input{\"path\":\"\",\"propertyPath\":\"/DELIVERY_TYPE\",\"modelName\":\"NewYardModel\"}"}]}
RESULT: undefined
COMMAND: POST /session/d392767a950b32be403e8af6fd22bfea/execute/async - {"script":"<script> [776 bytes]","args":[{"enterText":"ZL01","selector":{"controlType":"sap.m.Input","viewName":"etm.portal.ui.manageyards.view.New","viewId":"application-manageyards-display-component---NewYard","bindingPath":{"path":"","propertyPath":"/DELIVERY_TYPE","modelName":"NewYardModel"},"interaction":{"idSuffix":"inner"}},"clearTextFirst":true,"interactionType":"ENTER_TEXT"}]}
RESULT: {"script":"<script> [776 bytes]","args":[{"enterText":"ZL01","selector":{"controlType":"sap.m.Input","viewName":"etm.portal.ui.manageyards.view.New","viewId":"application-manageyards-display-component---NewYard","bindingPath":{"path":"","propertyPath":"/DELIVERY_TYPE","modelName":"NewYardModel"},"interaction":{"idSuffix":"inner"}},"clearTextFirst":true,"interactionType":"ENTER_TEXT"}]}
COMMAND: POST /session/d392767a950b32be403e8af6fd22bfea/execute/async - {"script":"<script> [1562 bytes]","args":[{"selector":{"controlType":"sap.m.Input","viewName":"etm.portal.ui.manageyards.view.New","viewId":"application-manageyards-display-component---NewYard","bindingPath":{"path":"","propertyPath":"/AUART","modelName":"NewYardModel"},"interaction":{"idSuffix":"inner"}},"wdio_ui5_key":"etmportal.ui.manageyards.view.Newsap.m.Input{\"path\":\"\",\"propertyPath\":\"/AUART\",\"modelName\":\"NewYardModel\"}"}]}
RESULT: {"script":"<script> [1562 bytes]","args":[{"selector":{"controlType":"sap.m.Input","viewName":"etm.portal.ui.manageyards.view.New","viewId":"application-manageyards-display-component---NewYard","bindingPath":{"path":"","propertyPath":"/AUART","modelName":"NewYardModel"},"interaction":{"idSuffix":"inner"}},"wdio_ui5_key":"etmportal.ui.manageyards.view.Newsap.m.Input{\"path\":\"\",\"propertyPath\":\"/AUART\",\"modelName\":\"NewYardModel\"}"}]}
RESULT: undefined
COMMAND: POST /session/d392767a950b32be403e8af6fd22bfea/execute/async - {"script":"<script> [776 bytes]","args":[{"enterText":"TA","selector":{"controlType":"sap.m.Input","viewName":"etm.portal.ui.manageyards.view.New","viewId":"application-manageyards-display-component---NewYard","bindingPath":{"path":"","propertyPath":"/AUART","modelName":"NewYardModel"},"interaction":{"idSuffix":"inner"}},"clearTextFirst":true,"interactionType":"ENTER_TEXT"}]}
RESULT: {"script":"<script> [776 bytes]","args":[{"enterText":"TA","selector":{"controlType":"sap.m.Input","viewName":"etm.portal.ui.manageyards.view.New","viewId":"application-manageyards-display-component---NewYard","bindingPath":{"path":"","propertyPath":"/AUART","modelName":"NewYardModel"},"interaction":{"idSuffix":"inner"}},"clearTextFirst":true,"interactionType":"ENTER_TEXT"}]}
COMMAND: POST /session/d392767a950b32be403e8af6fd22bfea/element - {"using":"xpath","value":"//button[@data-kt=\"newYardSaveButton\"]"}
RESULT: {"using":"xpath","value":"//button[@data-kt=\"newYardSaveButton\"]"}
COMMAND: POST /session/d392767a950b32be403e8af6fd22bfea/element/f.609CE4280A85363DBD46210BE265599D.d.182108A472CF7C5B6B5774445E6797A7.e.5062/click - {}
RESULT: {}
COMMAND: GET /session/d392767a950b32be403e8af6fd22bfea/screenshot - {}
RESULT: {}
COMMAND: POST /session/d392767a950b32be403e8af6fd22bfea/element - {"using":"xpath","value":"//header[contains(@id, 'ObjectPageLayout-headerTitle')]/div[1]/div[2]/div[1]/span[1]"}
RESULT: {"using":"xpath","value":"//header[contains(@id, 'ObjectPageLayout-headerTitle')]/div[1]/div[2]/div[1]/span[1]"}
COMMAND: POST /session/d392767a950b32be403e8af6fd22bfea/elements - {"using":"xpath","value":"//header[contains(@id, 'ObjectPageLayout-headerTitle')]/div[1]/div[2]/div[1]/span[1]"}
RESULT: {"using":"xpath","value":"//header[contains(@id, 'ObjectPageLayout-headerTitle')]/div[1]/div[2]/div[1]/span[1]"}
COMMAND: POST /session/d392767a950b32be403e8af6fd22bfea/execute/sync - {"script":"<script> [56 bytes]","args":[{"element-6066-11e4-a52e-4f735466cecf":"f.609CE4280A85363DBD46210BE265599D.d.182108A472CF7C5B6B5774445E6797A7.e.5351","ELEMENT":"f.609CE4280A85363DBD46210BE265599D.d.182108A472CF7C5B6B5774445E6797A7.e.5351"}]}
RESULT: {"script":"<script> [56 bytes]","args":[{"element-6066-11e4-a52e-4f735466cecf":"f.609CE4280A85363DBD46210BE265599D.d.182108A472CF7C5B6B5774445E6797A7.e.5351","ELEMENT":"f.609CE4280A85363DBD46210BE265599D.d.182108A472CF7C5B6B5774445E6797A7.e.5351"}]}
COMMAND: GET /session/d392767a950b32be403e8af6fd22bfea/screenshot - {}
RESULT: {}
COMMAND: POST /session/d392767a950b32be403e8af6fd22bfea/element - {"using":"css selector","value":"#shell-header-logo"}
RESULT: {"using":"css selector","value":"#shell-header-logo"}
COMMAND: POST /session/d392767a950b32be403e8af6fd22bfea/element/f.609CE4280A85363DBD46210BE265599D.d.182108A472CF7C5B6B5774445E6797A7.e.4623/click - {}
RESULT: {}
COMMAND: GET /session/d392767a950b32be403e8af6fd22bfea/screenshot - {}
RESULT: {}
COMMAND: POST /session/d392767a950b32be403e8af6fd22bfea/execute/sync - {"script":"<script> [299 bytes]","args":[["getModel","getResource"]]}
RESULT: {"script":"<script> [299 bytes]","args":[["getModel","getResource"]]}
]]></system-out>
    </testcase>
    <testcase classname="chrome.137_0_7151_69.windows.Create_master_data_for_mixed_billing_&amp;_do_billing_calculation_US151661" name="Should create a new partner" time="131.31">
      <system-out><![CDATA[
COMMAND: POST /session/d392767a950b32be403e8af6fd22bfea/window/fullscreen - {}
COMMAND: GET /session/d392767a950b32be403e8af6fd22bfea/screenshot - {}
RESULT: {}
COMMAND: POST /session/d392767a950b32be403e8af6fd22bfea/execute/async - {"script":"<script> [1562 bytes]","args":[{"selector":{"controlType":"sap.m.GenericTile","properties":{"header":"Manage Partners"}},"wdio_ui5_key":"sapm.GenericTile{\"header\":\"Manage Partners\"}"}]}
RESULT: {}
RESULT: {"script":"<script> [1562 bytes]","args":[{"selector":{"controlType":"sap.m.GenericTile","properties":{"header":"Manage Partners"}},"wdio_ui5_key":"sapm.GenericTile{\"header\":\"Manage Partners\"}"}]}
RESULT: undefined
COMMAND: POST /session/d392767a950b32be403e8af6fd22bfea/element - {"using":"xpath","value":"//*[@id=\"__tile39\"]"}
RESULT: {"using":"xpath","value":"//*[@id=\"__tile39\"]"}
COMMAND: POST /session/d392767a950b32be403e8af6fd22bfea/element/f.609CE4280A85363DBD46210BE265599D.d.182108A472CF7C5B6B5774445E6797A7.e.4511/click - {}
RESULT: {}
COMMAND: GET /session/d392767a950b32be403e8af6fd22bfea/screenshot - {}
RESULT: {}
COMMAND: POST /session/d392767a950b32be403e8af6fd22bfea/elements - {"using":"xpath","value":"//span[text()='Error']"}
RESULT: {"using":"xpath","value":"//span[text()='Error']"}
COMMAND: POST /session/d392767a950b32be403e8af6fd22bfea/element - {"using":"xpath","value":"//button[@data-kt=\"addButton\"]"}
RESULT: {"using":"xpath","value":"//button[@data-kt=\"addButton\"]"}
COMMAND: POST /session/d392767a950b32be403e8af6fd22bfea/elements - {"using":"xpath","value":"//button[@data-kt=\"addButton\"]"}
RESULT: {"using":"xpath","value":"//button[@data-kt=\"addButton\"]"}
COMMAND: POST /session/d392767a950b32be403e8af6fd22bfea/execute/sync - {"script":"<script> [8489 bytes]","args":[{"element-6066-11e4-a52e-4f735466cecf":"f.609CE4280A85363DBD46210BE265599D.d.182108A472CF7C5B6B5774445E6797A7.e.5399","ELEMENT":"f.609CE4280A85363DBD46210BE265599D.d.182108A472CF7C5B6B5774445E6797A7.e.5399"}]}
RESULT: {"script":"<script> [8489 bytes]","args":[{"element-6066-11e4-a52e-4f735466cecf":"f.609CE4280A85363DBD46210BE265599D.d.182108A472CF7C5B6B5774445E6797A7.e.5399","ELEMENT":"f.609CE4280A85363DBD46210BE265599D.d.182108A472CF7C5B6B5774445E6797A7.e.5399"}]}
COMMAND: GET /session/d392767a950b32be403e8af6fd22bfea/element/f.609CE4280A85363DBD46210BE265599D.d.182108A472CF7C5B6B5774445E6797A7.e.5399/enabled - {}
COMMAND: GET /session/d392767a950b32be403e8af6fd22bfea/screenshot - {}
RESULT: {}
COMMAND: POST /session/d392767a950b32be403e8af6fd22bfea/execute/sync - {"script":"<script> [8489 bytes]","args":[{"element-6066-11e4-a52e-4f735466cecf":"f.609CE4280A85363DBD46210BE265599D.d.182108A472CF7C5B6B5774445E6797A7.e.5399","ELEMENT":"f.609CE4280A85363DBD46210BE265599D.d.182108A472CF7C5B6B5774445E6797A7.e.5399"}]}
COMMAND: GET /session/d392767a950b32be403e8af6fd22bfea/screenshot - {}
RESULT: {}
RESULT: {"script":"<script> [8489 bytes]","args":[{"element-6066-11e4-a52e-4f735466cecf":"f.609CE4280A85363DBD46210BE265599D.d.182108A472CF7C5B6B5774445E6797A7.e.5399","ELEMENT":"f.609CE4280A85363DBD46210BE265599D.d.182108A472CF7C5B6B5774445E6797A7.e.5399"}]}
COMMAND: POST /session/d392767a950b32be403e8af6fd22bfea/execute/sync - {"script":"<script> [5351 bytes]","args":[{"element-6066-11e4-a52e-4f735466cecf":"f.609CE4280A85363DBD46210BE265599D.d.182108A472CF7C5B6B5774445E6797A7.e.5399","ELEMENT":"f.609CE4280A85363DBD46210BE265599D.d.182108A472CF7C5B6B5774445E6797A7.e.5399"}]}
COMMAND: GET /session/d392767a950b32be403e8af6fd22bfea/screenshot - {}
RESULT: {}
RESULT: {"script":"<script> [5351 bytes]","args":[{"element-6066-11e4-a52e-4f735466cecf":"f.609CE4280A85363DBD46210BE265599D.d.182108A472CF7C5B6B5774445E6797A7.e.5399","ELEMENT":"f.609CE4280A85363DBD46210BE265599D.d.182108A472CF7C5B6B5774445E6797A7.e.5399"}]}
COMMAND: POST /session/d392767a950b32be403e8af6fd22bfea/element/f.609CE4280A85363DBD46210BE265599D.d.182108A472CF7C5B6B5774445E6797A7.e.5399/click - {}
COMMAND: GET /session/d392767a950b32be403e8af6fd22bfea/screenshot - {}
RESULT: {}
RESULT: {}
COMMAND: GET /session/d392767a950b32be403e8af6fd22bfea/screenshot - {}
RESULT: {}
RESULT: {}
COMMAND: POST /session/d392767a950b32be403e8af6fd22bfea/execute/async - {"script":"<script> [1562 bytes]","args":[{"selector":{"id":"application-managepartners-display-component---NewPartner--addressDetailDetailsName1","interaction":{"idSuffix":"inner"}},"wdio_ui5_key":"applicationmanagepartners-display-component---NewPartner--addressDetailDetailsName1"}]}
RESULT: {"script":"<script> [1562 bytes]","args":[{"selector":{"id":"application-managepartners-display-component---NewPartner--addressDetailDetailsName1","interaction":{"idSuffix":"inner"}},"wdio_ui5_key":"applicationmanagepartners-display-component---NewPartner--addressDetailDetailsName1"}]}
RESULT: undefined
COMMAND: POST /session/d392767a950b32be403e8af6fd22bfea/execute/async - {"script":"<script> [776 bytes]","args":[{"enterText":"Intercompany Partner WDIO","selector":{"id":"application-managepartners-display-component---NewPartner--addressDetailDetailsName1","interaction":{"idSuffix":"inner"}},"clearTextFirst":true,"interactionType":"ENTER_TEXT"}]}
RESULT: {"script":"<script> [776 bytes]","args":[{"enterText":"Intercompany Partner WDIO","selector":{"id":"application-managepartners-display-component---NewPartner--addressDetailDetailsName1","interaction":{"idSuffix":"inner"}},"clearTextFirst":true,"interactionType":"ENTER_TEXT"}]}
COMMAND: POST /session/d392767a950b32be403e8af6fd22bfea/execute/async - {"script":"<script> [1562 bytes]","args":[{"selector":{"id":"application-managepartners-display-component---NewPartner--addressDetailDetailsLanguage-arrow"},"wdio_ui5_key":"applicationmanagepartners-display-component---NewPartner--addressDetailDetailsLanguage-arrow"}]}
RESULT: {"script":"<script> [1562 bytes]","args":[{"selector":{"id":"application-managepartners-display-component---NewPartner--addressDetailDetailsLanguage-arrow"},"wdio_ui5_key":"applicationmanagepartners-display-component---NewPartner--addressDetailDetailsLanguage-arrow"}]}
RESULT: undefined
COMMAND: POST /session/d392767a950b32be403e8af6fd22bfea/element - {"using":"xpath","value":"//*[@id=\"application-managepartners-display-component---NewPartner--addressDetailDetailsLanguage-arrow\"]"}
RESULT: {"using":"xpath","value":"//*[@id=\"application-managepartners-display-component---NewPartner--addressDetailDetailsLanguage-arrow\"]"}
COMMAND: POST /session/d392767a950b32be403e8af6fd22bfea/element/f.609CE4280A85363DBD46210BE265599D.d.182108A472CF7C5B6B5774445E6797A7.e.5729/click - {}
RESULT: {}
COMMAND: POST /session/d392767a950b32be403e8af6fd22bfea/element - {"using":"xpath","value":"//span[contains(text(), \"English\")]"}
COMMAND: GET /session/d392767a950b32be403e8af6fd22bfea/screenshot - {}
RESULT: {"using":"xpath","value":"//span[contains(text(), \"English\")]"}
COMMAND: POST /session/d392767a950b32be403e8af6fd22bfea/element/f.609CE4280A85363DBD46210BE265599D.d.182108A472CF7C5B6B5774445E6797A7.e.5730/click - {}
RESULT: {}
RESULT: {}
COMMAND: GET /session/d392767a950b32be403e8af6fd22bfea/screenshot - {}
RESULT: {}
COMMAND: POST /session/d392767a950b32be403e8af6fd22bfea/execute/async - {"script":"<script> [1562 bytes]","args":[{"selector":{"id":"application-managepartners-display-component---NewPartner--addressDetailDetailsCity1","interaction":{"idSuffix":"inner"}},"wdio_ui5_key":"applicationmanagepartners-display-component---NewPartner--addressDetailDetailsCity1"}]}
RESULT: {"script":"<script> [1562 bytes]","args":[{"selector":{"id":"application-managepartners-display-component---NewPartner--addressDetailDetailsCity1","interaction":{"idSuffix":"inner"}},"wdio_ui5_key":"applicationmanagepartners-display-component---NewPartner--addressDetailDetailsCity1"}]}
RESULT: undefined
COMMAND: POST /session/d392767a950b32be403e8af6fd22bfea/execute/async - {"script":"<script> [776 bytes]","args":[{"enterText":"Rosario","selector":{"id":"application-managepartners-display-component---NewPartner--addressDetailDetailsCity1","interaction":{"idSuffix":"inner"}},"clearTextFirst":true,"interactionType":"ENTER_TEXT"}]}
RESULT: {"script":"<script> [776 bytes]","args":[{"enterText":"Rosario","selector":{"id":"application-managepartners-display-component---NewPartner--addressDetailDetailsCity1","interaction":{"idSuffix":"inner"}},"clearTextFirst":true,"interactionType":"ENTER_TEXT"}]}
COMMAND: POST /session/d392767a950b32be403e8af6fd22bfea/execute/async - {"script":"<script> [1562 bytes]","args":[{"selector":{"id":"application-managepartners-display-component---NewPartner--addressDetailDetailsCountry-arrow"},"wdio_ui5_key":"applicationmanagepartners-display-component---NewPartner--addressDetailDetailsCountry-arrow"}]}
RESULT: {"script":"<script> [1562 bytes]","args":[{"selector":{"id":"application-managepartners-display-component---NewPartner--addressDetailDetailsCountry-arrow"},"wdio_ui5_key":"applicationmanagepartners-display-component---NewPartner--addressDetailDetailsCountry-arrow"}]}
RESULT: undefined
COMMAND: POST /session/d392767a950b32be403e8af6fd22bfea/element - {"using":"xpath","value":"//*[@id=\"application-managepartners-display-component---NewPartner--addressDetailDetailsCountry-arrow\"]"}
RESULT: {"using":"xpath","value":"//*[@id=\"application-managepartners-display-component---NewPartner--addressDetailDetailsCountry-arrow\"]"}
COMMAND: POST /session/d392767a950b32be403e8af6fd22bfea/element/f.609CE4280A85363DBD46210BE265599D.d.182108A472CF7C5B6B5774445E6797A7.e.5716/click - {}
RESULT: {}
COMMAND: POST /session/d392767a950b32be403e8af6fd22bfea/element - {"using":"xpath","value":"//span[contains(text(), \"Argentina\")]"}
COMMAND: GET /session/d392767a950b32be403e8af6fd22bfea/screenshot - {}
RESULT: {"using":"xpath","value":"//span[contains(text(), \"Argentina\")]"}
COMMAND: POST /session/d392767a950b32be403e8af6fd22bfea/element/f.609CE4280A85363DBD46210BE265599D.d.182108A472CF7C5B6B5774445E6797A7.e.5732/click - {}
RESULT: {}
RESULT: {}
COMMAND: GET /session/d392767a950b32be403e8af6fd22bfea/screenshot - {}
RESULT: {}
COMMAND: POST /session/d392767a950b32be403e8af6fd22bfea/element - {"using":"xpath","value":"//bdi[contains(text(), \"Commercial\")]"}
RESULT: {"using":"xpath","value":"//bdi[contains(text(), \"Commercial\")]"}
COMMAND: POST /session/d392767a950b32be403e8af6fd22bfea/element/f.609CE4280A85363DBD46210BE265599D.d.182108A472CF7C5B6B5774445E6797A7.e.5733/click - {}
RESULT: {}
COMMAND: GET /session/d392767a950b32be403e8af6fd22bfea/screenshot - {}
RESULT: {}
COMMAND: POST /session/d392767a950b32be403e8af6fd22bfea/execute/async - {"script":"<script> [1562 bytes]","args":[{"selector":{"id":"application-managepartners-display-component---NewPartner--partnerDetailInternal-arrow"},"wdio_ui5_key":"applicationmanagepartners-display-component---NewPartner--partnerDetailInternal-arrow"}]}
RESULT: {"script":"<script> [1562 bytes]","args":[{"selector":{"id":"application-managepartners-display-component---NewPartner--partnerDetailInternal-arrow"},"wdio_ui5_key":"applicationmanagepartners-display-component---NewPartner--partnerDetailInternal-arrow"}]}
RESULT: undefined
COMMAND: POST /session/d392767a950b32be403e8af6fd22bfea/element - {"using":"xpath","value":"//*[@id=\"application-managepartners-display-component---NewPartner--partnerDetailInternal-arrow\"]"}
RESULT: {"using":"xpath","value":"//*[@id=\"application-managepartners-display-component---NewPartner--partnerDetailInternal-arrow\"]"}
COMMAND: POST /session/d392767a950b32be403e8af6fd22bfea/element/f.609CE4280A85363DBD46210BE265599D.d.182108A472CF7C5B6B5774445E6797A7.e.5738/click - {}
RESULT: {}
COMMAND: POST /session/d392767a950b32be403e8af6fd22bfea/element - {"using":"xpath","value":"//span[contains(text(), \"Affiliated company\")]"}
COMMAND: GET /session/d392767a950b32be403e8af6fd22bfea/screenshot - {}
RESULT: {"using":"xpath","value":"//span[contains(text(), \"Affiliated company\")]"}
COMMAND: POST /session/d392767a950b32be403e8af6fd22bfea/element/f.609CE4280A85363DBD46210BE265599D.d.182108A472CF7C5B6B5774445E6797A7.e.5741/click - {}
RESULT: {}
RESULT: {}
COMMAND: POST /session/d392767a950b32be403e8af6fd22bfea/execute/async - {"script":"<script> [1562 bytes]","args":[{"selector":{"id":"application-managepartners-display-component---NewPartner--partnerDetailsCurrency-arrow"},"wdio_ui5_key":"applicationmanagepartners-display-component---NewPartner--partnerDetailsCurrency-arrow"}]}
COMMAND: GET /session/d392767a950b32be403e8af6fd22bfea/screenshot - {}
RESULT: {"script":"<script> [1562 bytes]","args":[{"selector":{"id":"application-managepartners-display-component---NewPartner--partnerDetailsCurrency-arrow"},"wdio_ui5_key":"applicationmanagepartners-display-component---NewPartner--partnerDetailsCurrency-arrow"}]}
RESULT: undefined
COMMAND: POST /session/d392767a950b32be403e8af6fd22bfea/element - {"using":"xpath","value":"//*[@id=\"application-managepartners-display-component---NewPartner--partnerDetailsCurrency-arrow\"]"}
RESULT: {}
RESULT: {"using":"xpath","value":"//*[@id=\"application-managepartners-display-component---NewPartner--partnerDetailsCurrency-arrow\"]"}
COMMAND: POST /session/d392767a950b32be403e8af6fd22bfea/element/f.609CE4280A85363DBD46210BE265599D.d.182108A472CF7C5B6B5774445E6797A7.e.5748/click - {}
RESULT: {}
COMMAND: POST /session/d392767a950b32be403e8af6fd22bfea/element - {"using":"xpath","value":"//span[contains(text(), \"Euro\")]"}
COMMAND: GET /session/d392767a950b32be403e8af6fd22bfea/screenshot - {}
RESULT: {"using":"xpath","value":"//span[contains(text(), \"Euro\")]"}
COMMAND: POST /session/d392767a950b32be403e8af6fd22bfea/element/f.609CE4280A85363DBD46210BE265599D.d.182108A472CF7C5B6B5774445E6797A7.e.5749/click - {}
RESULT: {}
RESULT: {}
COMMAND: POST /session/d392767a950b32be403e8af6fd22bfea/execute/async - {"script":"<script> [1562 bytes]","args":[{"selector":{"id":"application-managepartners-display-component---NewPartner--addressEditDetailsCostObjectCstType-arrow"},"wdio_ui5_key":"applicationmanagepartners-display-component---NewPartner--addressEditDetailsCostObjectCstType-arrow"}]}
COMMAND: GET /session/d392767a950b32be403e8af6fd22bfea/screenshot - {}
RESULT: {"script":"<script> [1562 bytes]","args":[{"selector":{"id":"application-managepartners-display-component---NewPartner--addressEditDetailsCostObjectCstType-arrow"},"wdio_ui5_key":"applicationmanagepartners-display-component---NewPartner--addressEditDetailsCostObjectCstType-arrow"}]}
RESULT: undefined
COMMAND: POST /session/d392767a950b32be403e8af6fd22bfea/element - {"using":"xpath","value":"//*[@id=\"application-managepartners-display-component---NewPartner--addressEditDetailsCostObjectCstType-arrow\"]"}
RESULT: {}
RESULT: {"using":"xpath","value":"//*[@id=\"application-managepartners-display-component---NewPartner--addressEditDetailsCostObjectCstType-arrow\"]"}
COMMAND: POST /session/d392767a950b32be403e8af6fd22bfea/element/f.609CE4280A85363DBD46210BE265599D.d.182108A472CF7C5B6B5774445E6797A7.e.5750/click - {}
RESULT: {}
COMMAND: POST /session/d392767a950b32be403e8af6fd22bfea/element - {"using":"xpath","value":"//span[contains(text(), \"Cost Center\")]"}
COMMAND: GET /session/d392767a950b32be403e8af6fd22bfea/screenshot - {}
RESULT: {"using":"xpath","value":"//span[contains(text(), \"Cost Center\")]"}
COMMAND: POST /session/d392767a950b32be403e8af6fd22bfea/element/f.609CE4280A85363DBD46210BE265599D.d.182108A472CF7C5B6B5774445E6797A7.e.5751/click - {}
RESULT: {}
RESULT: {}
COMMAND: GET /session/d392767a950b32be403e8af6fd22bfea/screenshot - {}
RESULT: {}
COMMAND: POST /session/d392767a950b32be403e8af6fd22bfea/element - {"using":"xpath","value":"//span[@id=\"application-managepartners-display-component---NewPartner--addressNewCostObjectCstID-vhi\"]"}
RESULT: {"using":"xpath","value":"//span[@id=\"application-managepartners-display-component---NewPartner--addressNewCostObjectCstID-vhi\"]"}
COMMAND: POST /session/d392767a950b32be403e8af6fd22bfea/execute/sync - {"script":"<script> [8489 bytes]","args":[{"element-6066-11e4-a52e-4f735466cecf":"f.609CE4280A85363DBD46210BE265599D.d.182108A472CF7C5B6B5774445E6797A7.e.5755","ELEMENT":"f.609CE4280A85363DBD46210BE265599D.d.182108A472CF7C5B6B5774445E6797A7.e.5755"}]}
RESULT: {"script":"<script> [8489 bytes]","args":[{"element-6066-11e4-a52e-4f735466cecf":"f.609CE4280A85363DBD46210BE265599D.d.182108A472CF7C5B6B5774445E6797A7.e.5755","ELEMENT":"f.609CE4280A85363DBD46210BE265599D.d.182108A472CF7C5B6B5774445E6797A7.e.5755"}]}
COMMAND: POST /session/d392767a950b32be403e8af6fd22bfea/execute/async - {"script":"<script> [1562 bytes]","args":[{"selector":{"id":"application-managepartners-display-component---NewPartner--addressNewCostObjectCstID-vhi"},"wdio_ui5_key":"applicationmanagepartners-display-component---NewPartner--addressNewCostObjectCstID-vhi"}]}
COMMAND: GET /session/d392767a950b32be403e8af6fd22bfea/screenshot - {}
RESULT: {"script":"<script> [1562 bytes]","args":[{"selector":{"id":"application-managepartners-display-component---NewPartner--addressNewCostObjectCstID-vhi"},"wdio_ui5_key":"applicationmanagepartners-display-component---NewPartner--addressNewCostObjectCstID-vhi"}]}
RESULT: undefined
COMMAND: POST /session/d392767a950b32be403e8af6fd22bfea/element - {"using":"xpath","value":"//*[@id=\"application-managepartners-display-component---NewPartner--addressNewCostObjectCstID-vhi\"]"}
RESULT: {}
RESULT: {"using":"xpath","value":"//*[@id=\"application-managepartners-display-component---NewPartner--addressNewCostObjectCstID-vhi\"]"}
COMMAND: POST /session/d392767a950b32be403e8af6fd22bfea/element/f.609CE4280A85363DBD46210BE265599D.d.182108A472CF7C5B6B5774445E6797A7.e.5755/click - {}
RESULT: {}
COMMAND: GET /session/d392767a950b32be403e8af6fd22bfea/screenshot - {}
RESULT: {}
RESULT: undefined
COMMAND: POST /session/d392767a950b32be403e8af6fd22bfea/execute/async - {"script":"<script> [776 bytes]","args":[{"enterText":"10001013","selector":{"controlType":"sap.m.SearchField","properties":{"placeholder":"Search"},"searchOpenDialogs":true,"interaction":{"idSuffix":"I"}},"clearTextFirst":true,"interactionType":"ENTER_TEXT"}]}
RESULT: {"script":"<script> [776 bytes]","args":[{"enterText":"10001013","selector":{"controlType":"sap.m.SearchField","properties":{"placeholder":"Search"},"searchOpenDialogs":true,"interaction":{"idSuffix":"I"}},"clearTextFirst":true,"interactionType":"ENTER_TEXT"}]}
COMMAND: POST /session/d392767a950b32be403e8af6fd22bfea/actions - {"actions":[{"id":"action20","type":"key","parameters":{},"actions":[{"type":"keyDown","value":"î€‡"},{"type":"pause","duration":10},{"type":"keyUp","value":"î€‡"}]}]}
RESULT: {"actions":[{"id":"action20","type":"key","parameters":{},"actions":[{"type":"keyDown","value":"î€‡"},{"type":"pause","duration":10},{"type":"keyUp","value":"î€‡"}]}]}
COMMAND: GET /session/d392767a950b32be403e8af6fd22bfea/screenshot - {}
RESULT: {}
COMMAND: POST /session/d392767a950b32be403e8af6fd22bfea/element - {"using":"xpath","value":"//span[contains(text(), \"General Management\")]"}
RESULT: {"using":"xpath","value":"//span[contains(text(), \"General Management\")]"}
COMMAND: POST /session/d392767a950b32be403e8af6fd22bfea/element/f.609CE4280A85363DBD46210BE265599D.d.182108A472CF7C5B6B5774445E6797A7.e.5793/click - {}
RESULT: {}
COMMAND: GET /session/d392767a950b32be403e8af6fd22bfea/screenshot - {}
RESULT: {}
COMMAND: POST /session/d392767a950b32be403e8af6fd22bfea/element - {"using":"xpath","value":"//bdi[contains(text(), \"OK\")]"}
RESULT: {"using":"xpath","value":"//bdi[contains(text(), \"OK\")]"}
COMMAND: POST /session/d392767a950b32be403e8af6fd22bfea/element/f.609CE4280A85363DBD46210BE265599D.d.182108A472CF7C5B6B5774445E6797A7.e.5794/click - {}
RESULT: {}
COMMAND: GET /session/d392767a950b32be403e8af6fd22bfea/screenshot - {}
RESULT: {}
COMMAND: POST /session/d392767a950b32be403e8af6fd22bfea/element - {"using":"xpath","value":"//input[@id=\"application-managepartners-display-component---NewPartner--companyCodeComboBox-inner\"]"}
RESULT: {"using":"xpath","value":"//input[@id=\"application-managepartners-display-component---NewPartner--companyCodeComboBox-inner\"]"}
COMMAND: POST /session/d392767a950b32be403e8af6fd22bfea/element/f.609CE4280A85363DBD46210BE265599D.d.182108A472CF7C5B6B5774445E6797A7.e.5590/clear - {}
RESULT: {}
COMMAND: POST /session/d392767a950b32be403e8af6fd22bfea/element/f.609CE4280A85363DBD46210BE265599D.d.182108A472CF7C5B6B5774445E6797A7.e.5590/value - {"text":"C002"}
COMMAND: GET /session/d392767a950b32be403e8af6fd22bfea/screenshot - {}
RESULT: {"text":"C002"}
COMMAND: GET /session/d392767a950b32be403e8af6fd22bfea/screenshot - {}
RESULT: {}
RESULT: {}
COMMAND: POST /session/d392767a950b32be403e8af6fd22bfea/element - {"using":"xpath","value":"//li[.//span[text()= \"C002\"]]"}
RESULT: {"using":"xpath","value":"//li[.//span[text()= \"C002\"]]"}
COMMAND: POST /session/d392767a950b32be403e8af6fd22bfea/element/f.609CE4280A85363DBD46210BE265599D.d.182108A472CF7C5B6B5774445E6797A7.e.5800/click - {}
RESULT: {}
COMMAND: GET /session/d392767a950b32be403e8af6fd22bfea/screenshot - {}
RESULT: {}
COMMAND: POST /session/d392767a950b32be403e8af6fd22bfea/execute/async - {"script":"<script> [1562 bytes]","args":[{"selector":{"id":"application-managepartners-display-component---NewPartner--btnAddTableRow-img"},"wdio_ui5_key":"applicationmanagepartners-display-component---NewPartner--btnAddTableRow-img"}]}
RESULT: {"script":"<script> [1562 bytes]","args":[{"selector":{"id":"application-managepartners-display-component---NewPartner--btnAddTableRow-img"},"wdio_ui5_key":"applicationmanagepartners-display-component---NewPartner--btnAddTableRow-img"}]}
RESULT: undefined
COMMAND: POST /session/d392767a950b32be403e8af6fd22bfea/element - {"using":"xpath","value":"//*[@id=\"application-managepartners-display-component---NewPartner--btnAddTableRow-img\"]"}
RESULT: {"using":"xpath","value":"//*[@id=\"application-managepartners-display-component---NewPartner--btnAddTableRow-img\"]"}
COMMAND: POST /session/d392767a950b32be403e8af6fd22bfea/element/f.609CE4280A85363DBD46210BE265599D.d.182108A472CF7C5B6B5774445E6797A7.e.5801/click - {}
RESULT: {}
COMMAND: GET /session/d392767a950b32be403e8af6fd22bfea/screenshot - {}
RESULT: {}
COMMAND: POST /session/d392767a950b32be403e8af6fd22bfea/element - {"using":"xpath","value":"//input[@id=\"application-managepartners-display-component---NewPartner--assignmentYard-application-managepartners-display-component---NewPartner--assignmentsTable-0-inner\"]"}
RESULT: {"using":"xpath","value":"//input[@id=\"application-managepartners-display-component---NewPartner--assignmentYard-application-managepartners-display-component---NewPartner--assignmentsTable-0-inner\"]"}
COMMAND: POST /session/d392767a950b32be403e8af6fd22bfea/element/f.609CE4280A85363DBD46210BE265599D.d.182108A472CF7C5B6B5774445E6797A7.e.5804/clear - {}
RESULT: {}
COMMAND: POST /session/d392767a950b32be403e8af6fd22bfea/element/f.609CE4280A85363DBD46210BE265599D.d.182108A472CF7C5B6B5774445E6797A7.e.5804/value - {"text":"193"}
COMMAND: GET /session/d392767a950b32be403e8af6fd22bfea/screenshot - {}
RESULT: {"text":"193"}
COMMAND: GET /session/d392767a950b32be403e8af6fd22bfea/screenshot - {}
RESULT: {}
RESULT: {}
COMMAND: POST /session/d392767a950b32be403e8af6fd22bfea/element - {"using":"xpath","value":"//li[.//span[text()='193']]"}
RESULT: {"using":"xpath","value":"//li[.//span[text()='193']]"}
COMMAND: POST /session/d392767a950b32be403e8af6fd22bfea/element/f.609CE4280A85363DBD46210BE265599D.d.182108A472CF7C5B6B5774445E6797A7.e.5813/click - {}
RESULT: {}
COMMAND: GET /session/d392767a950b32be403e8af6fd22bfea/screenshot - {}
RESULT: {}
COMMAND: POST /session/d392767a950b32be403e8af6fd22bfea/actions - {"actions":[{"id":"action21","type":"key","parameters":{},"actions":[{"type":"keyDown","value":"î€‡"},{"type":"pause","duration":10},{"type":"keyUp","value":"î€‡"}]}]}
RESULT: {"actions":[{"id":"action21","type":"key","parameters":{},"actions":[{"type":"keyDown","value":"î€‡"},{"type":"pause","duration":10},{"type":"keyUp","value":"î€‡"}]}]}
COMMAND: POST /session/d392767a950b32be403e8af6fd22bfea/execute/async - {"script":"<script> [1562 bytes]","args":[{"selector":{"id":"application-managepartners-display-component---NewPartner--externalCustomerComboBox-application-managepartners-display-component---NewPartner--assignmentsTable-0-vhi"},"wdio_ui5_key":"applicationmanagepartners-display-component---NewPartner--externalCustomerComboBox-application-managepartners-display-component---NewPartner--assignmentsTable-0-vhi"}]}
COMMAND: GET /session/d392767a950b32be403e8af6fd22bfea/screenshot - {}
RESULT: {"script":"<script> [1562 bytes]","args":[{"selector":{"id":"application-managepartners-display-component---NewPartner--externalCustomerComboBox-application-managepartners-display-component---NewPartner--assignmentsTable-0-vhi"},"wdio_ui5_key":"applicationmanagepartners-display-component---NewPartner--externalCustomerComboBox-application-managepartners-display-component---NewPartner--assignmentsTable-0-vhi"}]}
RESULT: undefined
COMMAND: POST /session/d392767a950b32be403e8af6fd22bfea/element - {"using":"xpath","value":"//*[@id=\"application-managepartners-display-component---NewPartner--externalCustomerComboBox-application-managepartners-display-component---NewPartner--assignmentsTable-0-vhi\"]"}
RESULT: {}
RESULT: {"using":"xpath","value":"//*[@id=\"application-managepartners-display-component---NewPartner--externalCustomerComboBox-application-managepartners-display-component---NewPartner--assignmentsTable-0-vhi\"]"}
COMMAND: POST /session/d392767a950b32be403e8af6fd22bfea/element/f.609CE4280A85363DBD46210BE265599D.d.182108A472CF7C5B6B5774445E6797A7.e.5817/click - {}
RESULT: {}
RESULT: undefined
COMMAND: POST /session/d392767a950b32be403e8af6fd22bfea/execute/async - {"script":"<script> [776 bytes]","args":[{"enterText":"300003","selector":{"controlType":"sap.m.SearchField","properties":{"placeholder":"Search"},"searchOpenDialogs":true,"interaction":{"idSuffix":"I"}},"clearTextFirst":true,"interactionType":"ENTER_TEXT"}]}
COMMAND: GET /session/d392767a950b32be403e8af6fd22bfea/screenshot - {}
RESULT: {"script":"<script> [776 bytes]","args":[{"enterText":"300003","selector":{"controlType":"sap.m.SearchField","properties":{"placeholder":"Search"},"searchOpenDialogs":true,"interaction":{"idSuffix":"I"}},"clearTextFirst":true,"interactionType":"ENTER_TEXT"}]}
COMMAND: POST /session/d392767a950b32be403e8af6fd22bfea/actions - {"actions":[{"id":"action22","type":"key","parameters":{},"actions":[{"type":"keyDown","value":"î€‡"},{"type":"pause","duration":10},{"type":"keyUp","value":"î€‡"}]}]}
RESULT: {}
RESULT: {"actions":[{"id":"action22","type":"key","parameters":{},"actions":[{"type":"keyDown","value":"î€‡"},{"type":"pause","duration":10},{"type":"keyUp","value":"î€‡"}]}]}
COMMAND: GET /session/d392767a950b32be403e8af6fd22bfea/screenshot - {}
RESULT: {}
COMMAND: POST /session/d392767a950b32be403e8af6fd22bfea/element - {"using":"xpath","value":"//span[contains(text(), \"300003\")]"}
RESULT: {"using":"xpath","value":"//span[contains(text(), \"300003\")]"}
COMMAND: POST /session/d392767a950b32be403e8af6fd22bfea/element/f.609CE4280A85363DBD46210BE265599D.d.182108A472CF7C5B6B5774445E6797A7.e.5868/click - {}
RESULT: {}
COMMAND: GET /session/d392767a950b32be403e8af6fd22bfea/screenshot - {}
RESULT: {}
COMMAND: POST /session/d392767a950b32be403e8af6fd22bfea/element - {"using":"xpath","value":"//bdi[contains(text(), \"OK\")]"}
RESULT: {"using":"xpath","value":"//bdi[contains(text(), \"OK\")]"}
COMMAND: POST /session/d392767a950b32be403e8af6fd22bfea/element/f.609CE4280A85363DBD46210BE265599D.d.182108A472CF7C5B6B5774445E6797A7.e.5870/click - {}
RESULT: {}
COMMAND: GET /session/d392767a950b32be403e8af6fd22bfea/screenshot - {}
RESULT: {}
COMMAND: POST /session/d392767a950b32be403e8af6fd22bfea/execute/async - {"script":"<script> [1562 bytes]","args":[{"selector":{"id":"application-managepartners-display-component---NewPartner--intercompVendorComboBox-application-managepartners-display-component---NewPartner--assignmentsTable-0-vhi"},"wdio_ui5_key":"applicationmanagepartners-display-component---NewPartner--intercompVendorComboBox-application-managepartners-display-component---NewPartner--assignmentsTable-0-vhi"}]}
RESULT: {"script":"<script> [1562 bytes]","args":[{"selector":{"id":"application-managepartners-display-component---NewPartner--intercompVendorComboBox-application-managepartners-display-component---NewPartner--assignmentsTable-0-vhi"},"wdio_ui5_key":"applicationmanagepartners-display-component---NewPartner--intercompVendorComboBox-application-managepartners-display-component---NewPartner--assignmentsTable-0-vhi"}]}
RESULT: undefined
COMMAND: POST /session/d392767a950b32be403e8af6fd22bfea/element - {"using":"xpath","value":"//*[@id=\"application-managepartners-display-component---NewPartner--intercompVendorComboBox-application-managepartners-display-component---NewPartner--assignmentsTable-0-vhi\"]"}
RESULT: {"using":"xpath","value":"//*[@id=\"application-managepartners-display-component---NewPartner--intercompVendorComboBox-application-managepartners-display-component---NewPartner--assignmentsTable-0-vhi\"]"}
COMMAND: POST /session/d392767a950b32be403e8af6fd22bfea/element/f.609CE4280A85363DBD46210BE265599D.d.182108A472CF7C5B6B5774445E6797A7.e.5873/click - {}
RESULT: {}
RESULT: undefined
COMMAND: POST /session/d392767a950b32be403e8af6fd22bfea/execute/async - {"script":"<script> [776 bytes]","args":[{"enterText":"100005","selector":{"controlType":"sap.m.SearchField","properties":{"placeholder":"Search"},"searchOpenDialogs":true,"interaction":{"idSuffix":"I"}},"clearTextFirst":true,"interactionType":"ENTER_TEXT"}]}
COMMAND: GET /session/d392767a950b32be403e8af6fd22bfea/screenshot - {}
RESULT: {"script":"<script> [776 bytes]","args":[{"enterText":"100005","selector":{"controlType":"sap.m.SearchField","properties":{"placeholder":"Search"},"searchOpenDialogs":true,"interaction":{"idSuffix":"I"}},"clearTextFirst":true,"interactionType":"ENTER_TEXT"}]}
COMMAND: POST /session/d392767a950b32be403e8af6fd22bfea/actions - {"actions":[{"id":"action23","type":"key","parameters":{},"actions":[{"type":"keyDown","value":"î€‡"},{"type":"pause","duration":10},{"type":"keyUp","value":"î€‡"}]}]}
RESULT: {}
RESULT: {"actions":[{"id":"action23","type":"key","parameters":{},"actions":[{"type":"keyDown","value":"î€‡"},{"type":"pause","duration":10},{"type":"keyUp","value":"î€‡"}]}]}
COMMAND: GET /session/d392767a950b32be403e8af6fd22bfea/screenshot - {}
RESULT: {}
COMMAND: POST /session/d392767a950b32be403e8af6fd22bfea/element - {"using":"xpath","value":"//span[contains(text(), \"Penguins - Field/12345 Berlin\")]"}
RESULT: {"using":"xpath","value":"//span[contains(text(), \"Penguins - Field/12345 Berlin\")]"}
COMMAND: POST /session/d392767a950b32be403e8af6fd22bfea/element/f.609CE4280A85363DBD46210BE265599D.d.182108A472CF7C5B6B5774445E6797A7.e.5892/click - {}
RESULT: {}
COMMAND: GET /session/d392767a950b32be403e8af6fd22bfea/screenshot - {}
RESULT: {}
COMMAND: POST /session/d392767a950b32be403e8af6fd22bfea/element - {"using":"xpath","value":"//bdi[contains(text(), \"OK\")]"}
RESULT: {"using":"xpath","value":"//bdi[contains(text(), \"OK\")]"}
COMMAND: POST /session/d392767a950b32be403e8af6fd22bfea/element/f.609CE4280A85363DBD46210BE265599D.d.182108A472CF7C5B6B5774445E6797A7.e.5893/click - {}
RESULT: {}
COMMAND: GET /session/d392767a950b32be403e8af6fd22bfea/screenshot - {}
RESULT: {}
COMMAND: POST /session/d392767a950b32be403e8af6fd22bfea/element - {"using":"xpath","value":"//button[@data-kt=\"saveButton\"]"}
RESULT: {"using":"xpath","value":"//button[@data-kt=\"saveButton\"]"}
COMMAND: POST /session/d392767a950b32be403e8af6fd22bfea/element/f.609CE4280A85363DBD46210BE265599D.d.182108A472CF7C5B6B5774445E6797A7.e.5712/click - {}
RESULT: {}
COMMAND: GET /session/d392767a950b32be403e8af6fd22bfea/screenshot - {}
RESULT: {}
COMMAND: POST /session/d392767a950b32be403e8af6fd22bfea/element - {"using":"xpath","value":"//header[contains(@id, 'ObjectPageLayout-headerTitle')]/div[1]/div[2]/div[2]/span[1]"}
RESULT: {"using":"xpath","value":"//header[contains(@id, 'ObjectPageLayout-headerTitle')]/div[1]/div[2]/div[2]/span[1]"}
COMMAND: POST /session/d392767a950b32be403e8af6fd22bfea/elements - {"using":"xpath","value":"//header[contains(@id, 'ObjectPageLayout-headerTitle')]/div[1]/div[2]/div[2]/span[1]"}
RESULT: {"using":"xpath","value":"//header[contains(@id, 'ObjectPageLayout-headerTitle')]/div[1]/div[2]/div[2]/span[1]"}
COMMAND: POST /session/d392767a950b32be403e8af6fd22bfea/execute/sync - {"script":"<script> [56 bytes]","args":[{"element-6066-11e4-a52e-4f735466cecf":"f.609CE4280A85363DBD46210BE265599D.d.182108A472CF7C5B6B5774445E6797A7.e.6002","ELEMENT":"f.609CE4280A85363DBD46210BE265599D.d.182108A472CF7C5B6B5774445E6797A7.e.6002"}]}
RESULT: {"script":"<script> [56 bytes]","args":[{"element-6066-11e4-a52e-4f735466cecf":"f.609CE4280A85363DBD46210BE265599D.d.182108A472CF7C5B6B5774445E6797A7.e.6002","ELEMENT":"f.609CE4280A85363DBD46210BE265599D.d.182108A472CF7C5B6B5774445E6797A7.e.6002"}]}
COMMAND: POST /session/d392767a950b32be403e8af6fd22bfea/element - {"using":"css selector","value":"#shell-header-logo"}
COMMAND: GET /session/d392767a950b32be403e8af6fd22bfea/screenshot - {}
RESULT: {"using":"css selector","value":"#shell-header-logo"}
COMMAND: POST /session/d392767a950b32be403e8af6fd22bfea/element/f.609CE4280A85363DBD46210BE265599D.d.182108A472CF7C5B6B5774445E6797A7.e.5355/click - {}
RESULT: {}
RESULT: {}
COMMAND: GET /session/d392767a950b32be403e8af6fd22bfea/screenshot - {}
RESULT: {}
COMMAND: POST /session/d392767a950b32be403e8af6fd22bfea/execute/sync - {"script":"<script> [299 bytes]","args":[["getModel","getResource"]]}
RESULT: {"script":"<script> [299 bytes]","args":[["getModel","getResource"]]}
]]></system-out>
    </testcase>
    <testcase classname="chrome.137_0_7151_69.windows.Create_master_data_for_mixed_billing_&amp;_do_billing_calculation_US151661" name="Should create a new site" time="91.282">
      <system-out><![CDATA[
COMMAND: POST /session/d392767a950b32be403e8af6fd22bfea/execute/async - {"script":"<script> [1562 bytes]","args":[{"selector":{"controlType":"sap.m.GenericTile","properties":{"header":"Manage Sites"}},"wdio_ui5_key":"sapm.GenericTile{\"header\":\"Manage Sites\"}"}]}
COMMAND: GET /session/d392767a950b32be403e8af6fd22bfea/screenshot - {}
RESULT: {"script":"<script> [1562 bytes]","args":[{"selector":{"controlType":"sap.m.GenericTile","properties":{"header":"Manage Sites"}},"wdio_ui5_key":"sapm.GenericTile{\"header\":\"Manage Sites\"}"}]}
RESULT: undefined
COMMAND: POST /session/d392767a950b32be403e8af6fd22bfea/element - {"using":"xpath","value":"//*[@id=\"__tile41\"]"}
RESULT: {}
RESULT: {"using":"xpath","value":"//*[@id=\"__tile41\"]"}
COMMAND: POST /session/d392767a950b32be403e8af6fd22bfea/element/f.609CE4280A85363DBD46210BE265599D.d.182108A472CF7C5B6B5774445E6797A7.e.4517/click - {}
RESULT: {}
COMMAND: GET /session/d392767a950b32be403e8af6fd22bfea/screenshot - {}
RESULT: {}
COMMAND: POST /session/d392767a950b32be403e8af6fd22bfea/elements - {"using":"xpath","value":"//span[text()='Error']"}
RESULT: {"using":"xpath","value":"//span[text()='Error']"}
COMMAND: POST /session/d392767a950b32be403e8af6fd22bfea/element - {"using":"xpath","value":"//button[@data-kt=\"addOverflowToolbarButton\"]"}
RESULT: {"using":"xpath","value":"//button[@data-kt=\"addOverflowToolbarButton\"]"}
COMMAND: POST /session/d392767a950b32be403e8af6fd22bfea/elements - {"using":"xpath","value":"//button[@data-kt=\"addOverflowToolbarButton\"]"}
RESULT: {"using":"xpath","value":"//button[@data-kt=\"addOverflowToolbarButton\"]"}
COMMAND: POST /session/d392767a950b32be403e8af6fd22bfea/execute/sync - {"script":"<script> [8489 bytes]","args":[{"element-6066-11e4-a52e-4f735466cecf":"f.609CE4280A85363DBD46210BE265599D.d.182108A472CF7C5B6B5774445E6797A7.e.6059","ELEMENT":"f.609CE4280A85363DBD46210BE265599D.d.182108A472CF7C5B6B5774445E6797A7.e.6059"}]}
RESULT: {"script":"<script> [8489 bytes]","args":[{"element-6066-11e4-a52e-4f735466cecf":"f.609CE4280A85363DBD46210BE265599D.d.182108A472CF7C5B6B5774445E6797A7.e.6059","ELEMENT":"f.609CE4280A85363DBD46210BE265599D.d.182108A472CF7C5B6B5774445E6797A7.e.6059"}]}
COMMAND: GET /session/d392767a950b32be403e8af6fd22bfea/element/f.609CE4280A85363DBD46210BE265599D.d.182108A472CF7C5B6B5774445E6797A7.e.6059/enabled - {}
COMMAND: GET /session/d392767a950b32be403e8af6fd22bfea/screenshot - {}
RESULT: {}
COMMAND: POST /session/d392767a950b32be403e8af6fd22bfea/execute/sync - {"script":"<script> [8489 bytes]","args":[{"element-6066-11e4-a52e-4f735466cecf":"f.609CE4280A85363DBD46210BE265599D.d.182108A472CF7C5B6B5774445E6797A7.e.6059","ELEMENT":"f.609CE4280A85363DBD46210BE265599D.d.182108A472CF7C5B6B5774445E6797A7.e.6059"}]}
COMMAND: GET /session/d392767a950b32be403e8af6fd22bfea/screenshot - {}
RESULT: {}
RESULT: {"script":"<script> [8489 bytes]","args":[{"element-6066-11e4-a52e-4f735466cecf":"f.609CE4280A85363DBD46210BE265599D.d.182108A472CF7C5B6B5774445E6797A7.e.6059","ELEMENT":"f.609CE4280A85363DBD46210BE265599D.d.182108A472CF7C5B6B5774445E6797A7.e.6059"}]}
COMMAND: POST /session/d392767a950b32be403e8af6fd22bfea/execute/sync - {"script":"<script> [5351 bytes]","args":[{"element-6066-11e4-a52e-4f735466cecf":"f.609CE4280A85363DBD46210BE265599D.d.182108A472CF7C5B6B5774445E6797A7.e.6059","ELEMENT":"f.609CE4280A85363DBD46210BE265599D.d.182108A472CF7C5B6B5774445E6797A7.e.6059"}]}
COMMAND: GET /session/d392767a950b32be403e8af6fd22bfea/screenshot - {}
RESULT: {}
RESULT: {"script":"<script> [5351 bytes]","args":[{"element-6066-11e4-a52e-4f735466cecf":"f.609CE4280A85363DBD46210BE265599D.d.182108A472CF7C5B6B5774445E6797A7.e.6059","ELEMENT":"f.609CE4280A85363DBD46210BE265599D.d.182108A472CF7C5B6B5774445E6797A7.e.6059"}]}
COMMAND: POST /session/d392767a950b32be403e8af6fd22bfea/element/f.609CE4280A85363DBD46210BE265599D.d.182108A472CF7C5B6B5774445E6797A7.e.6059/click - {}
COMMAND: GET /session/d392767a950b32be403e8af6fd22bfea/screenshot - {}
RESULT: {}
RESULT: {}
COMMAND: GET /session/d392767a950b32be403e8af6fd22bfea/screenshot - {}
RESULT: {}
RESULT: {}
COMMAND: POST /session/d392767a950b32be403e8af6fd22bfea/element - {"using":"xpath","value":"//input[@id=\"application-managesites-display-component---NewSite--siteId-inner\"]"}
RESULT: {"using":"xpath","value":"//input[@id=\"application-managesites-display-component---NewSite--siteId-inner\"]"}
COMMAND: POST /session/d392767a950b32be403e8af6fd22bfea/element - {"using":"xpath","value":"//input[@id=\"application-managesites-display-component---NewSite--siteId-inner\"]"}
RESULT: {"using":"xpath","value":"//input[@id=\"application-managesites-display-component---NewSite--siteId-inner\"]"}
COMMAND: POST /session/d392767a950b32be403e8af6fd22bfea/execute/async - {"script":"<script> [1562 bytes]","args":[{"selector":{"id":"application-managesites-display-component---NewSite--addressDetailDetailsName1","interaction":{"idSuffix":"inner"}},"wdio_ui5_key":"applicationmanagesites-display-component---NewSite--addressDetailDetailsName1"}]}
RESULT: {"script":"<script> [1562 bytes]","args":[{"selector":{"id":"application-managesites-display-component---NewSite--addressDetailDetailsName1","interaction":{"idSuffix":"inner"}},"wdio_ui5_key":"applicationmanagesites-display-component---NewSite--addressDetailDetailsName1"}]}
RESULT: undefined
COMMAND: POST /session/d392767a950b32be403e8af6fd22bfea/execute/async - {"script":"<script> [776 bytes]","args":[{"enterText":"Intercompany Site wdIO","selector":{"id":"application-managesites-display-component---NewSite--addressDetailDetailsName1","interaction":{"idSuffix":"inner"}},"clearTextFirst":true,"interactionType":"ENTER_TEXT"}]}
RESULT: {"script":"<script> [776 bytes]","args":[{"enterText":"Intercompany Site wdIO","selector":{"id":"application-managesites-display-component---NewSite--addressDetailDetailsName1","interaction":{"idSuffix":"inner"}},"clearTextFirst":true,"interactionType":"ENTER_TEXT"}]}
COMMAND: POST /session/d392767a950b32be403e8af6fd22bfea/execute/async - {"script":"<script> [1562 bytes]","args":[{"selector":{"id":"application-managesites-display-component---NewSite--addressDetailDetailsLanguage-arrow"},"wdio_ui5_key":"applicationmanagesites-display-component---NewSite--addressDetailDetailsLanguage-arrow"}]}
RESULT: {"script":"<script> [1562 bytes]","args":[{"selector":{"id":"application-managesites-display-component---NewSite--addressDetailDetailsLanguage-arrow"},"wdio_ui5_key":"applicationmanagesites-display-component---NewSite--addressDetailDetailsLanguage-arrow"}]}
RESULT: undefined
COMMAND: POST /session/d392767a950b32be403e8af6fd22bfea/element - {"using":"xpath","value":"//*[@id=\"application-managesites-display-component---NewSite--addressDetailDetailsLanguage-arrow\"]"}
RESULT: {"using":"xpath","value":"//*[@id=\"application-managesites-display-component---NewSite--addressDetailDetailsLanguage-arrow\"]"}
COMMAND: POST /session/d392767a950b32be403e8af6fd22bfea/element/f.609CE4280A85363DBD46210BE265599D.d.182108A472CF7C5B6B5774445E6797A7.e.6517/click - {}
RESULT: {}
COMMAND: POST /session/d392767a950b32be403e8af6fd22bfea/element - {"using":"xpath","value":"//span[contains(text(), \"English\")]"}
COMMAND: GET /session/d392767a950b32be403e8af6fd22bfea/screenshot - {}
RESULT: {"using":"xpath","value":"//span[contains(text(), \"English\")]"}
COMMAND: POST /session/d392767a950b32be403e8af6fd22bfea/element/f.609CE4280A85363DBD46210BE265599D.d.182108A472CF7C5B6B5774445E6797A7.e.6518/click - {}
RESULT: {}
RESULT: {}
COMMAND: POST /session/d392767a950b32be403e8af6fd22bfea/execute/async - {"script":"<script> [1562 bytes]","args":[{"selector":{"id":"application-managesites-display-component---NewSite--addressDetailDetailsCity1","interaction":{"idSuffix":"inner"}},"wdio_ui5_key":"applicationmanagesites-display-component---NewSite--addressDetailDetailsCity1"}]}
COMMAND: GET /session/d392767a950b32be403e8af6fd22bfea/screenshot - {}
RESULT: {"script":"<script> [1562 bytes]","args":[{"selector":{"id":"application-managesites-display-component---NewSite--addressDetailDetailsCity1","interaction":{"idSuffix":"inner"}},"wdio_ui5_key":"applicationmanagesites-display-component---NewSite--addressDetailDetailsCity1"}]}
RESULT: undefined
COMMAND: POST /session/d392767a950b32be403e8af6fd22bfea/execute/async - {"script":"<script> [776 bytes]","args":[{"enterText":"Rosario","selector":{"id":"application-managesites-display-component---NewSite--addressDetailDetailsCity1","interaction":{"idSuffix":"inner"}},"clearTextFirst":true,"interactionType":"ENTER_TEXT"}]}
RESULT: {}
RESULT: {"script":"<script> [776 bytes]","args":[{"enterText":"Rosario","selector":{"id":"application-managesites-display-component---NewSite--addressDetailDetailsCity1","interaction":{"idSuffix":"inner"}},"clearTextFirst":true,"interactionType":"ENTER_TEXT"}]}
COMMAND: POST /session/d392767a950b32be403e8af6fd22bfea/execute/async - {"script":"<script> [1562 bytes]","args":[{"selector":{"id":"application-managesites-display-component---NewSite--addressDetailDetailsCountry-arrow"},"wdio_ui5_key":"applicationmanagesites-display-component---NewSite--addressDetailDetailsCountry-arrow"}]}
RESULT: {"script":"<script> [1562 bytes]","args":[{"selector":{"id":"application-managesites-display-component---NewSite--addressDetailDetailsCountry-arrow"},"wdio_ui5_key":"applicationmanagesites-display-component---NewSite--addressDetailDetailsCountry-arrow"}]}
RESULT: undefined
COMMAND: POST /session/d392767a950b32be403e8af6fd22bfea/element - {"using":"xpath","value":"//*[@id=\"application-managesites-display-component---NewSite--addressDetailDetailsCountry-arrow\"]"}
RESULT: {"using":"xpath","value":"//*[@id=\"application-managesites-display-component---NewSite--addressDetailDetailsCountry-arrow\"]"}
COMMAND: POST /session/d392767a950b32be403e8af6fd22bfea/element/f.609CE4280A85363DBD46210BE265599D.d.182108A472CF7C5B6B5774445E6797A7.e.6520/click - {}
RESULT: {}
COMMAND: POST /session/d392767a950b32be403e8af6fd22bfea/element - {"using":"xpath","value":"//span[contains(text(), \"Argentina\")]"}
COMMAND: GET /session/d392767a950b32be403e8af6fd22bfea/screenshot - {}
RESULT: {"using":"xpath","value":"//span[contains(text(), \"Argentina\")]"}
COMMAND: POST /session/d392767a950b32be403e8af6fd22bfea/element/f.609CE4280A85363DBD46210BE265599D.d.182108A472CF7C5B6B5774445E6797A7.e.6521/click - {}
RESULT: {}
RESULT: {}
COMMAND: GET /session/d392767a950b32be403e8af6fd22bfea/screenshot - {}
RESULT: {}
COMMAND: POST /session/d392767a950b32be403e8af6fd22bfea/execute/async - {"script":"<script> [1562 bytes]","args":[{"selector":{"id":"application-managesites-display-component---NewSite--addressEditDetailsCostObjectCstType-arrow"},"wdio_ui5_key":"applicationmanagesites-display-component---NewSite--addressEditDetailsCostObjectCstType-arrow"}]}
RESULT: {"script":"<script> [1562 bytes]","args":[{"selector":{"id":"application-managesites-display-component---NewSite--addressEditDetailsCostObjectCstType-arrow"},"wdio_ui5_key":"applicationmanagesites-display-component---NewSite--addressEditDetailsCostObjectCstType-arrow"}]}
RESULT: undefined
COMMAND: POST /session/d392767a950b32be403e8af6fd22bfea/element - {"using":"xpath","value":"//*[@id=\"application-managesites-display-component---NewSite--addressEditDetailsCostObjectCstType-arrow\"]"}
RESULT: {"using":"xpath","value":"//*[@id=\"application-managesites-display-component---NewSite--addressEditDetailsCostObjectCstType-arrow\"]"}
COMMAND: POST /session/d392767a950b32be403e8af6fd22bfea/element/f.609CE4280A85363DBD46210BE265599D.d.182108A472CF7C5B6B5774445E6797A7.e.6523/click - {}
RESULT: {}
COMMAND: POST /session/d392767a950b32be403e8af6fd22bfea/element - {"using":"xpath","value":"//span[contains(text(), \"Cost Center\")]"}
COMMAND: GET /session/d392767a950b32be403e8af6fd22bfea/screenshot - {}
RESULT: {"using":"xpath","value":"//span[contains(text(), \"Cost Center\")]"}
COMMAND: POST /session/d392767a950b32be403e8af6fd22bfea/element/f.609CE4280A85363DBD46210BE265599D.d.182108A472CF7C5B6B5774445E6797A7.e.6524/click - {}
RESULT: {}
RESULT: {}
COMMAND: GET /session/d392767a950b32be403e8af6fd22bfea/screenshot - {}
RESULT: {}
COMMAND: POST /session/d392767a950b32be403e8af6fd22bfea/element - {"using":"xpath","value":"//span[@id=\"application-managesites-display-component---NewSite--addressNewCostObjectCstID-vhi\"]"}
RESULT: {"using":"xpath","value":"//span[@id=\"application-managesites-display-component---NewSite--addressNewCostObjectCstID-vhi\"]"}
COMMAND: POST /session/d392767a950b32be403e8af6fd22bfea/execute/sync - {"script":"<script> [8489 bytes]","args":[{"element-6066-11e4-a52e-4f735466cecf":"f.609CE4280A85363DBD46210BE265599D.d.182108A472CF7C5B6B5774445E6797A7.e.6529","ELEMENT":"f.609CE4280A85363DBD46210BE265599D.d.182108A472CF7C5B6B5774445E6797A7.e.6529"}]}
RESULT: {"script":"<script> [8489 bytes]","args":[{"element-6066-11e4-a52e-4f735466cecf":"f.609CE4280A85363DBD46210BE265599D.d.182108A472CF7C5B6B5774445E6797A7.e.6529","ELEMENT":"f.609CE4280A85363DBD46210BE265599D.d.182108A472CF7C5B6B5774445E6797A7.e.6529"}]}
COMMAND: POST /session/d392767a950b32be403e8af6fd22bfea/execute/async - {"script":"<script> [1562 bytes]","args":[{"selector":{"id":"application-managesites-display-component---NewSite--addressNewCostObjectCstID-vhi"},"wdio_ui5_key":"applicationmanagesites-display-component---NewSite--addressNewCostObjectCstID-vhi"}]}
COMMAND: GET /session/d392767a950b32be403e8af6fd22bfea/screenshot - {}
RESULT: {"script":"<script> [1562 bytes]","args":[{"selector":{"id":"application-managesites-display-component---NewSite--addressNewCostObjectCstID-vhi"},"wdio_ui5_key":"applicationmanagesites-display-component---NewSite--addressNewCostObjectCstID-vhi"}]}
RESULT: undefined
COMMAND: POST /session/d392767a950b32be403e8af6fd22bfea/element - {"using":"xpath","value":"//*[@id=\"application-managesites-display-component---NewSite--addressNewCostObjectCstID-vhi\"]"}
RESULT: {}
RESULT: {"using":"xpath","value":"//*[@id=\"application-managesites-display-component---NewSite--addressNewCostObjectCstID-vhi\"]"}
COMMAND: POST /session/d392767a950b32be403e8af6fd22bfea/element/f.609CE4280A85363DBD46210BE265599D.d.182108A472CF7C5B6B5774445E6797A7.e.6529/click - {}
RESULT: {}
COMMAND: GET /session/d392767a950b32be403e8af6fd22bfea/screenshot - {}
RESULT: {}
RESULT: undefined
COMMAND: POST /session/d392767a950b32be403e8af6fd22bfea/execute/async - {"script":"<script> [776 bytes]","args":[{"enterText":"10001013","selector":{"controlType":"sap.m.SearchField","properties":{"placeholder":"Search"},"searchOpenDialogs":true,"interaction":{"idSuffix":"I"}},"clearTextFirst":true,"interactionType":"ENTER_TEXT"}]}
RESULT: {"script":"<script> [776 bytes]","args":[{"enterText":"10001013","selector":{"controlType":"sap.m.SearchField","properties":{"placeholder":"Search"},"searchOpenDialogs":true,"interaction":{"idSuffix":"I"}},"clearTextFirst":true,"interactionType":"ENTER_TEXT"}]}
COMMAND: POST /session/d392767a950b32be403e8af6fd22bfea/actions - {"actions":[{"id":"action24","type":"key","parameters":{},"actions":[{"type":"keyDown","value":"î€‡"},{"type":"pause","duration":10},{"type":"keyUp","value":"î€‡"}]}]}
RESULT: {"actions":[{"id":"action24","type":"key","parameters":{},"actions":[{"type":"keyDown","value":"î€‡"},{"type":"pause","duration":10},{"type":"keyUp","value":"î€‡"}]}]}
COMMAND: GET /session/d392767a950b32be403e8af6fd22bfea/screenshot - {}
RESULT: {}
COMMAND: POST /session/d392767a950b32be403e8af6fd22bfea/element - {"using":"xpath","value":"//span[contains(text(), \"General Management\")]"}
RESULT: {"using":"xpath","value":"//span[contains(text(), \"General Management\")]"}
COMMAND: POST /session/d392767a950b32be403e8af6fd22bfea/element/f.609CE4280A85363DBD46210BE265599D.d.182108A472CF7C5B6B5774445E6797A7.e.6567/click - {}
RESULT: {}
COMMAND: GET /session/d392767a950b32be403e8af6fd22bfea/screenshot - {}
RESULT: {}
COMMAND: POST /session/d392767a950b32be403e8af6fd22bfea/element - {"using":"xpath","value":"//bdi[contains(text(), \"OK\")]"}
RESULT: {"using":"xpath","value":"//bdi[contains(text(), \"OK\")]"}
COMMAND: POST /session/d392767a950b32be403e8af6fd22bfea/element/f.609CE4280A85363DBD46210BE265599D.d.182108A472CF7C5B6B5774445E6797A7.e.6568/click - {}
RESULT: {}
COMMAND: GET /session/d392767a950b32be403e8af6fd22bfea/screenshot - {}
RESULT: {}
COMMAND: POST /session/d392767a950b32be403e8af6fd22bfea/element - {"using":"xpath","value":"//input[@id=\"application-managesites-display-component---NewSite--addressDetailDetailsCalendar-inner\"]"}
RESULT: {"using":"xpath","value":"//input[@id=\"application-managesites-display-component---NewSite--addressDetailDetailsCalendar-inner\"]"}
COMMAND: POST /session/d392767a950b32be403e8af6fd22bfea/element/f.609CE4280A85363DBD46210BE265599D.d.182108A472CF7C5B6B5774445E6797A7.e.6357/clear - {}
RESULT: {}
COMMAND: POST /session/d392767a950b32be403e8af6fd22bfea/element/f.609CE4280A85363DBD46210BE265599D.d.182108A472CF7C5B6B5774445E6797A7.e.6357/value - {"text":"Unit"}
COMMAND: GET /session/d392767a950b32be403e8af6fd22bfea/screenshot - {}
RESULT: {"text":"Unit"}
COMMAND: GET /session/d392767a950b32be403e8af6fd22bfea/screenshot - {}
RESULT: {}
RESULT: {}
COMMAND: POST /session/d392767a950b32be403e8af6fd22bfea/actions - {"actions":[{"id":"action25","type":"key","parameters":{},"actions":[{"type":"keyDown","value":"î€‡"},{"type":"pause","duration":10},{"type":"keyUp","value":"î€‡"}]}]}
RESULT: {"actions":[{"id":"action25","type":"key","parameters":{},"actions":[{"type":"keyDown","value":"î€‡"},{"type":"pause","duration":10},{"type":"keyUp","value":"î€‡"}]}]}
COMMAND: POST /session/d392767a950b32be403e8af6fd22bfea/element - {"using":"xpath","value":"//input[@id=\"application-managesites-display-component---NewSite--addressDetailDetailsYard-inner\"]"}
COMMAND: GET /session/d392767a950b32be403e8af6fd22bfea/screenshot - {}
RESULT: {}
RESULT: {"using":"xpath","value":"//input[@id=\"application-managesites-display-component---NewSite--addressDetailDetailsYard-inner\"]"}
COMMAND: POST /session/d392767a950b32be403e8af6fd22bfea/element/f.609CE4280A85363DBD46210BE265599D.d.182108A472CF7C5B6B5774445E6797A7.e.6358/clear - {}
RESULT: {}
COMMAND: POST /session/d392767a950b32be403e8af6fd22bfea/element/f.609CE4280A85363DBD46210BE265599D.d.182108A472CF7C5B6B5774445E6797A7.e.6358/value - {"text":"193"}
COMMAND: GET /session/d392767a950b32be403e8af6fd22bfea/screenshot - {}
RESULT: {"text":"193"}
COMMAND: GET /session/d392767a950b32be403e8af6fd22bfea/screenshot - {}
RESULT: {}
RESULT: {}
COMMAND: POST /session/d392767a950b32be403e8af6fd22bfea/element - {"using":"xpath","value":"//li[.//span[text()='193']]"}
RESULT: {"using":"xpath","value":"//li[.//span[text()='193']]"}
COMMAND: POST /session/d392767a950b32be403e8af6fd22bfea/element/f.609CE4280A85363DBD46210BE265599D.d.182108A472CF7C5B6B5774445E6797A7.e.6576/click - {}
RESULT: {}
COMMAND: GET /session/d392767a950b32be403e8af6fd22bfea/screenshot - {}
RESULT: {}
COMMAND: POST /session/d392767a950b32be403e8af6fd22bfea/element - {"using":"xpath","value":"//input[@id=\"application-managesites-display-component---NewSite--addressDetailDetailsPartner-inner\"]"}
RESULT: {"using":"xpath","value":"//input[@id=\"application-managesites-display-component---NewSite--addressDetailDetailsPartner-inner\"]"}
COMMAND: POST /session/d392767a950b32be403e8af6fd22bfea/element - {"using":"xpath","value":"//input[@id=\"application-managesites-display-component---NewSite--addressDetailDetailsPartner-inner\"]"}
RESULT: {"using":"xpath","value":"//input[@id=\"application-managesites-display-component---NewSite--addressDetailDetailsPartner-inner\"]"}
COMMAND: POST /session/d392767a950b32be403e8af6fd22bfea/element - {"using":"xpath","value":"//button[@data-kt=\"saveButton\"]"}
RESULT: {"using":"xpath","value":"//button[@data-kt=\"saveButton\"]"}
COMMAND: POST /session/d392767a950b32be403e8af6fd22bfea/element/f.609CE4280A85363DBD46210BE265599D.d.182108A472CF7C5B6B5774445E6797A7.e.6470/click - {}
RESULT: {}
COMMAND: GET /session/d392767a950b32be403e8af6fd22bfea/screenshot - {}
RESULT: {}
COMMAND: POST /session/d392767a950b32be403e8af6fd22bfea/element - {"using":"xpath","value":"//header[contains(@id, 'ObjectPageLayout-headerTitle')]/div[1]/div[2]/div[2]/span[1]"}
RESULT: {"using":"xpath","value":"//header[contains(@id, 'ObjectPageLayout-headerTitle')]/div[1]/div[2]/div[2]/span[1]"}
COMMAND: POST /session/d392767a950b32be403e8af6fd22bfea/elements - {"using":"xpath","value":"//header[contains(@id, 'ObjectPageLayout-headerTitle')]/div[1]/div[2]/div[2]/span[1]"}
RESULT: {"using":"xpath","value":"//header[contains(@id, 'ObjectPageLayout-headerTitle')]/div[1]/div[2]/div[2]/span[1]"}
COMMAND: POST /session/d392767a950b32be403e8af6fd22bfea/execute/sync - {"script":"<script> [56 bytes]","args":[{"element-6066-11e4-a52e-4f735466cecf":"f.609CE4280A85363DBD46210BE265599D.d.182108A472CF7C5B6B5774445E6797A7.e.6728","ELEMENT":"f.609CE4280A85363DBD46210BE265599D.d.182108A472CF7C5B6B5774445E6797A7.e.6728"}]}
RESULT: {"script":"<script> [56 bytes]","args":[{"element-6066-11e4-a52e-4f735466cecf":"f.609CE4280A85363DBD46210BE265599D.d.182108A472CF7C5B6B5774445E6797A7.e.6728","ELEMENT":"f.609CE4280A85363DBD46210BE265599D.d.182108A472CF7C5B6B5774445E6797A7.e.6728"}]}
COMMAND: POST /session/d392767a950b32be403e8af6fd22bfea/element - {"using":"css selector","value":"#shell-header-logo"}
COMMAND: GET /session/d392767a950b32be403e8af6fd22bfea/screenshot - {}
RESULT: {"using":"css selector","value":"#shell-header-logo"}
COMMAND: POST /session/d392767a950b32be403e8af6fd22bfea/element/f.609CE4280A85363DBD46210BE265599D.d.182108A472CF7C5B6B5774445E6797A7.e.6006/click - {}
RESULT: {}
RESULT: {}
COMMAND: GET /session/d392767a950b32be403e8af6fd22bfea/screenshot - {}
RESULT: {}
COMMAND: POST /session/d392767a950b32be403e8af6fd22bfea/execute/sync - {"script":"<script> [299 bytes]","args":[["getModel","getResource"]]}
RESULT: {"script":"<script> [299 bytes]","args":[["getModel","getResource"]]}
COMMAND: GET /session/d392767a950b32be403e8af6fd22bfea/screenshot - {}
]]></system-out>
    </testcase>
    <testcase classname="chrome.137_0_7151_69.windows.Create_master_data_for_mixed_billing_&amp;_do_billing_calculation_US151661" name="Should create a new equipment and add a counter to it" time="161.047">
      <system-out><![CDATA[
COMMAND: POST /session/d392767a950b32be403e8af6fd22bfea/execute/async - {"script":"<script> [1562 bytes]","args":[{"selector":{"controlType":"sap.m.GenericTile","properties":{"header":"Manage Resources"}},"wdio_ui5_key":"sapm.GenericTile{\"header\":\"Manage Resources\"}"}]}
RESULT: {}
RESULT: {"script":"<script> [1562 bytes]","args":[{"selector":{"controlType":"sap.m.GenericTile","properties":{"header":"Manage Resources"}},"wdio_ui5_key":"sapm.GenericTile{\"header\":\"Manage Resources\"}"}]}
RESULT: undefined
COMMAND: POST /session/d392767a950b32be403e8af6fd22bfea/element - {"using":"xpath","value":"//*[@id=\"__tile40\"]"}
RESULT: {"using":"xpath","value":"//*[@id=\"__tile40\"]"}
COMMAND: POST /session/d392767a950b32be403e8af6fd22bfea/element/f.609CE4280A85363DBD46210BE265599D.d.182108A472CF7C5B6B5774445E6797A7.e.4514/click - {}
RESULT: {}
COMMAND: GET /session/d392767a950b32be403e8af6fd22bfea/screenshot - {}
RESULT: {}
COMMAND: POST /session/d392767a950b32be403e8af6fd22bfea/elements - {"using":"xpath","value":"//span[text()='Error']"}
RESULT: {"using":"xpath","value":"//span[text()='Error']"}
COMMAND: POST /session/d392767a950b32be403e8af6fd22bfea/element - {"using":"xpath","value":"//button[@data-kt=\"addNewRUOverflowToolbarButton\"]"}
RESULT: {"using":"xpath","value":"//button[@data-kt=\"addNewRUOverflowToolbarButton\"]"}
COMMAND: POST /session/d392767a950b32be403e8af6fd22bfea/elements - {"using":"xpath","value":"//button[@data-kt=\"addNewRUOverflowToolbarButton\"]"}
RESULT: {"using":"xpath","value":"//button[@data-kt=\"addNewRUOverflowToolbarButton\"]"}
COMMAND: POST /session/d392767a950b32be403e8af6fd22bfea/execute/sync - {"script":"<script> [8489 bytes]","args":[{"element-6066-11e4-a52e-4f735466cecf":"f.609CE4280A85363DBD46210BE265599D.d.182108A472CF7C5B6B5774445E6797A7.e.6770","ELEMENT":"f.609CE4280A85363DBD46210BE265599D.d.182108A472CF7C5B6B5774445E6797A7.e.6770"}]}
RESULT: {"script":"<script> [8489 bytes]","args":[{"element-6066-11e4-a52e-4f735466cecf":"f.609CE4280A85363DBD46210BE265599D.d.182108A472CF7C5B6B5774445E6797A7.e.6770","ELEMENT":"f.609CE4280A85363DBD46210BE265599D.d.182108A472CF7C5B6B5774445E6797A7.e.6770"}]}
COMMAND: GET /session/d392767a950b32be403e8af6fd22bfea/element/f.609CE4280A85363DBD46210BE265599D.d.182108A472CF7C5B6B5774445E6797A7.e.6770/enabled - {}
COMMAND: GET /session/d392767a950b32be403e8af6fd22bfea/screenshot - {}
RESULT: {}
COMMAND: POST /session/d392767a950b32be403e8af6fd22bfea/execute/sync - {"script":"<script> [8489 bytes]","args":[{"element-6066-11e4-a52e-4f735466cecf":"f.609CE4280A85363DBD46210BE265599D.d.182108A472CF7C5B6B5774445E6797A7.e.6770","ELEMENT":"f.609CE4280A85363DBD46210BE265599D.d.182108A472CF7C5B6B5774445E6797A7.e.6770"}]}
COMMAND: GET /session/d392767a950b32be403e8af6fd22bfea/screenshot - {}
RESULT: {}
RESULT: {"script":"<script> [8489 bytes]","args":[{"element-6066-11e4-a52e-4f735466cecf":"f.609CE4280A85363DBD46210BE265599D.d.182108A472CF7C5B6B5774445E6797A7.e.6770","ELEMENT":"f.609CE4280A85363DBD46210BE265599D.d.182108A472CF7C5B6B5774445E6797A7.e.6770"}]}
COMMAND: POST /session/d392767a950b32be403e8af6fd22bfea/execute/sync - {"script":"<script> [5351 bytes]","args":[{"element-6066-11e4-a52e-4f735466cecf":"f.609CE4280A85363DBD46210BE265599D.d.182108A472CF7C5B6B5774445E6797A7.e.6770","ELEMENT":"f.609CE4280A85363DBD46210BE265599D.d.182108A472CF7C5B6B5774445E6797A7.e.6770"}]}
COMMAND: GET /session/d392767a950b32be403e8af6fd22bfea/screenshot - {}
RESULT: {}
RESULT: {"script":"<script> [5351 bytes]","args":[{"element-6066-11e4-a52e-4f735466cecf":"f.609CE4280A85363DBD46210BE265599D.d.182108A472CF7C5B6B5774445E6797A7.e.6770","ELEMENT":"f.609CE4280A85363DBD46210BE265599D.d.182108A472CF7C5B6B5774445E6797A7.e.6770"}]}
COMMAND: POST /session/d392767a950b32be403e8af6fd22bfea/element/f.609CE4280A85363DBD46210BE265599D.d.182108A472CF7C5B6B5774445E6797A7.e.6770/click - {}
COMMAND: GET /session/d392767a950b32be403e8af6fd22bfea/screenshot - {}
RESULT: {}
RESULT: {}
COMMAND: GET /session/d392767a950b32be403e8af6fd22bfea/screenshot - {}
RESULT: {}
RESULT: {}
COMMAND: POST /session/d392767a950b32be403e8af6fd22bfea/execute/async - {"script":"<script> [1562 bytes]","args":[{"selector":{"id":"application-manageresources-display-component---newResourceUnit--TYPE-arrow"},"wdio_ui5_key":"applicationmanageresources-display-component---newResourceUnit--TYPE-arrow"}]}
RESULT: {"script":"<script> [1562 bytes]","args":[{"selector":{"id":"application-manageresources-display-component---newResourceUnit--TYPE-arrow"},"wdio_ui5_key":"applicationmanageresources-display-component---newResourceUnit--TYPE-arrow"}]}
RESULT: undefined
COMMAND: POST /session/d392767a950b32be403e8af6fd22bfea/element - {"using":"xpath","value":"//*[@id=\"application-manageresources-display-component---newResourceUnit--TYPE-arrow\"]"}
RESULT: {"using":"xpath","value":"//*[@id=\"application-manageresources-display-component---newResourceUnit--TYPE-arrow\"]"}
COMMAND: POST /session/d392767a950b32be403e8af6fd22bfea/element/f.609CE4280A85363DBD46210BE265599D.d.182108A472CF7C5B6B5774445E6797A7.e.7128/click - {}
RESULT: {}
COMMAND: POST /session/d392767a950b32be403e8af6fd22bfea/element - {"using":"xpath","value":"//input[@id=\"application-manageresources-display-component---newResourceUnit--TYPE-inner\"]"}
COMMAND: GET /session/d392767a950b32be403e8af6fd22bfea/screenshot - {}
RESULT: {"using":"xpath","value":"//input[@id=\"application-manageresources-display-component---newResourceUnit--TYPE-inner\"]"}
COMMAND: POST /session/d392767a950b32be403e8af6fd22bfea/element/f.609CE4280A85363DBD46210BE265599D.d.182108A472CF7C5B6B5774445E6797A7.e.7112/clear - {}
RESULT: {}
RESULT: {}
COMMAND: POST /session/d392767a950b32be403e8af6fd22bfea/element/f.609CE4280A85363DBD46210BE265599D.d.182108A472CF7C5B6B5774445E6797A7.e.7112/value - {"text":"Equipment"}
COMMAND: GET /session/d392767a950b32be403e8af6fd22bfea/screenshot - {}
RESULT: {"text":"Equipment"}
COMMAND: GET /session/d392767a950b32be403e8af6fd22bfea/screenshot - {}
RESULT: {}
RESULT: {}
COMMAND: POST /session/d392767a950b32be403e8af6fd22bfea/actions - {"actions":[{"id":"action26","type":"key","parameters":{},"actions":[{"type":"keyDown","value":"î€‡"},{"type":"pause","duration":10},{"type":"keyUp","value":"î€‡"}]}]}
RESULT: {"actions":[{"id":"action26","type":"key","parameters":{},"actions":[{"type":"keyDown","value":"î€‡"},{"type":"pause","duration":10},{"type":"keyUp","value":"î€‡"}]}]}
COMMAND: POST /session/d392767a950b32be403e8af6fd22bfea/execute/async - {"script":"<script> [1562 bytes]","args":[{"selector":{"id":"application-manageresources-display-component---newResourceUnit--resourceId","interaction":{"idSuffix":"inner"}},"wdio_ui5_key":"applicationmanageresources-display-component---newResourceUnit--resourceId"}]}
COMMAND: GET /session/d392767a950b32be403e8af6fd22bfea/screenshot - {}
RESULT: {"script":"<script> [1562 bytes]","args":[{"selector":{"id":"application-manageresources-display-component---newResourceUnit--resourceId","interaction":{"idSuffix":"inner"}},"wdio_ui5_key":"applicationmanageresources-display-component---newResourceUnit--resourceId"}]}
RESULT: undefined
COMMAND: POST /session/d392767a950b32be403e8af6fd22bfea/execute/async - {"script":"<script> [776 bytes]","args":[{"enterText":"1l7xGqGhyI","selector":{"id":"application-manageresources-display-component---newResourceUnit--resourceId","interaction":{"idSuffix":"inner"}},"clearTextFirst":true,"interactionType":"ENTER_TEXT"}]}
RESULT: {}
RESULT: {"script":"<script> [776 bytes]","args":[{"enterText":"1l7xGqGhyI","selector":{"id":"application-manageresources-display-component---newResourceUnit--resourceId","interaction":{"idSuffix":"inner"}},"clearTextFirst":true,"interactionType":"ENTER_TEXT"}]}
COMMAND: POST /session/d392767a950b32be403e8af6fd22bfea/execute/async - {"script":"<script> [1562 bytes]","args":[{"selector":{"id":"application-manageresources-display-component---newResourceUnit--SHORT_TEXT","interaction":{"idSuffix":"inner"}},"wdio_ui5_key":"applicationmanageresources-display-component---newResourceUnit--SHORT_TEXT"}]}
RESULT: {"script":"<script> [1562 bytes]","args":[{"selector":{"id":"application-manageresources-display-component---newResourceUnit--SHORT_TEXT","interaction":{"idSuffix":"inner"}},"wdio_ui5_key":"applicationmanageresources-display-component---newResourceUnit--SHORT_TEXT"}]}
RESULT: undefined
COMMAND: POST /session/d392767a950b32be403e8af6fd22bfea/execute/async - {"script":"<script> [776 bytes]","args":[{"enterText":"Intercompany Equipment WDIO","selector":{"id":"application-manageresources-display-component---newResourceUnit--SHORT_TEXT","interaction":{"idSuffix":"inner"}},"clearTextFirst":true,"interactionType":"ENTER_TEXT"}]}
RESULT: {"script":"<script> [776 bytes]","args":[{"enterText":"Intercompany Equipment WDIO","selector":{"id":"application-manageresources-display-component---newResourceUnit--SHORT_TEXT","interaction":{"idSuffix":"inner"}},"clearTextFirst":true,"interactionType":"ENTER_TEXT"}]}
COMMAND: POST /session/d392767a950b32be403e8af6fd22bfea/execute/async - {"script":"<script> [1562 bytes]","args":[{"selector":{"id":"application-manageresources-display-component---newResourceUnit--BASE_UNIT_OF_MEASURE","interaction":{"idSuffix":"inner"}},"wdio_ui5_key":"applicationmanageresources-display-component---newResourceUnit--BASE_UNIT_OF_MEASURE"}]}
RESULT: {"script":"<script> [1562 bytes]","args":[{"selector":{"id":"application-manageresources-display-component---newResourceUnit--BASE_UNIT_OF_MEASURE","interaction":{"idSuffix":"inner"}},"wdio_ui5_key":"applicationmanageresources-display-component---newResourceUnit--BASE_UNIT_OF_MEASURE"}]}
RESULT: undefined
COMMAND: POST /session/d392767a950b32be403e8af6fd22bfea/execute/async - {"script":"<script> [776 bytes]","args":[{"enterText":"Piece","selector":{"id":"application-manageresources-display-component---newResourceUnit--BASE_UNIT_OF_MEASURE","interaction":{"idSuffix":"inner"}},"clearTextFirst":true,"interactionType":"ENTER_TEXT"}]}
RESULT: {"script":"<script> [776 bytes]","args":[{"enterText":"Piece","selector":{"id":"application-manageresources-display-component---newResourceUnit--BASE_UNIT_OF_MEASURE","interaction":{"idSuffix":"inner"}},"clearTextFirst":true,"interactionType":"ENTER_TEXT"}]}
COMMAND: POST /session/d392767a950b32be403e8af6fd22bfea/execute/async - {"script":"<script> [1562 bytes]","args":[{"selector":{"id":"application-manageresources-display-component---newResourceUnit--WEIGHT_UNIT","interaction":{"idSuffix":"inner"}},"wdio_ui5_key":"applicationmanageresources-display-component---newResourceUnit--WEIGHT_UNIT"}]}
RESULT: {"script":"<script> [1562 bytes]","args":[{"selector":{"id":"application-manageresources-display-component---newResourceUnit--WEIGHT_UNIT","interaction":{"idSuffix":"inner"}},"wdio_ui5_key":"applicationmanageresources-display-component---newResourceUnit--WEIGHT_UNIT"}]}
RESULT: undefined
COMMAND: POST /session/d392767a950b32be403e8af6fd22bfea/execute/async - {"script":"<script> [776 bytes]","args":[{"enterText":"Gram","selector":{"id":"application-manageresources-display-component---newResourceUnit--WEIGHT_UNIT","interaction":{"idSuffix":"inner"}},"clearTextFirst":true,"interactionType":"ENTER_TEXT"}]}
RESULT: {"script":"<script> [776 bytes]","args":[{"enterText":"Gram","selector":{"id":"application-manageresources-display-component---newResourceUnit--WEIGHT_UNIT","interaction":{"idSuffix":"inner"}},"clearTextFirst":true,"interactionType":"ENTER_TEXT"}]}
COMMAND: POST /session/d392767a950b32be403e8af6fd22bfea/execute/async - {"script":"<script> [1562 bytes]","args":[{"selector":{"id":"application-manageresources-display-component---newResourceUnit--DIMENSION_UNIT","interaction":{"idSuffix":"inner"}},"wdio_ui5_key":"applicationmanageresources-display-component---newResourceUnit--DIMENSION_UNIT"}]}
RESULT: {"script":"<script> [1562 bytes]","args":[{"selector":{"id":"application-manageresources-display-component---newResourceUnit--DIMENSION_UNIT","interaction":{"idSuffix":"inner"}},"wdio_ui5_key":"applicationmanageresources-display-component---newResourceUnit--DIMENSION_UNIT"}]}
RESULT: undefined
COMMAND: POST /session/d392767a950b32be403e8af6fd22bfea/execute/async - {"script":"<script> [776 bytes]","args":[{"enterText":"Meter","selector":{"id":"application-manageresources-display-component---newResourceUnit--DIMENSION_UNIT","interaction":{"idSuffix":"inner"}},"clearTextFirst":true,"interactionType":"ENTER_TEXT"}]}
RESULT: {"script":"<script> [776 bytes]","args":[{"enterText":"Meter","selector":{"id":"application-manageresources-display-component---newResourceUnit--DIMENSION_UNIT","interaction":{"idSuffix":"inner"}},"clearTextFirst":true,"interactionType":"ENTER_TEXT"}]}
COMMAND: POST /session/d392767a950b32be403e8af6fd22bfea/execute/async - {"script":"<script> [1562 bytes]","args":[{"selector":{"id":"application-manageresources-display-component---newResourceUnit--newRRUPage-anchBar-application-manageresources-display-component---newResourceUnit--control-anchor","interaction":{"idSuffix":"BDI-content"}},"wdio_ui5_key":"applicationmanageresources-display-component---newResourceUnit--newRRUPage-anchBar-application-manageresources-display-component---newResourceUnit--control-anchor"}]}
RESULT: {"script":"<script> [1562 bytes]","args":[{"selector":{"id":"application-manageresources-display-component---newResourceUnit--newRRUPage-anchBar-application-manageresources-display-component---newResourceUnit--control-anchor","interaction":{"idSuffix":"BDI-content"}},"wdio_ui5_key":"applicationmanageresources-display-component---newResourceUnit--newRRUPage-anchBar-application-manageresources-display-component---newResourceUnit--control-anchor"}]}
RESULT: undefined
COMMAND: POST /session/d392767a950b32be403e8af6fd22bfea/element - {"using":"xpath","value":"//*[@id=\"application-manageresources-display-component---newResourceUnit--newRRUPage-anchBar-application-manageresources-display-component---newResourceUnit--control-anchor\"]"}
RESULT: {"using":"xpath","value":"//*[@id=\"application-manageresources-display-component---newResourceUnit--newRRUPage-anchBar-application-manageresources-display-component---newResourceUnit--control-anchor\"]"}
COMMAND: POST /session/d392767a950b32be403e8af6fd22bfea/element/f.609CE4280A85363DBD46210BE265599D.d.182108A472CF7C5B6B5774445E6797A7.e.7284/click - {}
RESULT: {}
COMMAND: POST /session/d392767a950b32be403e8af6fd22bfea/execute/async - {"script":"<script> [1562 bytes]","args":[{"selector":{"id":"application-manageresources-display-component---newResourceUnit--PLANNING_GROUP","interaction":{"idSuffix":"inner"}},"wdio_ui5_key":"applicationmanageresources-display-component---newResourceUnit--PLANNING_GROUP"}]}
COMMAND: GET /session/d392767a950b32be403e8af6fd22bfea/screenshot - {}
RESULT: {"script":"<script> [1562 bytes]","args":[{"selector":{"id":"application-manageresources-display-component---newResourceUnit--PLANNING_GROUP","interaction":{"idSuffix":"inner"}},"wdio_ui5_key":"applicationmanageresources-display-component---newResourceUnit--PLANNING_GROUP"}]}
RESULT: undefined
COMMAND: POST /session/d392767a950b32be403e8af6fd22bfea/execute/async - {"script":"<script> [776 bytes]","args":[{"enterText":"Heavy Equi","selector":{"id":"application-manageresources-display-component---newResourceUnit--PLANNING_GROUP","interaction":{"idSuffix":"inner"}},"clearTextFirst":true,"interactionType":"ENTER_TEXT"}]}
RESULT: {}
RESULT: {"script":"<script> [776 bytes]","args":[{"enterText":"Heavy Equi","selector":{"id":"application-manageresources-display-component---newResourceUnit--PLANNING_GROUP","interaction":{"idSuffix":"inner"}},"clearTextFirst":true,"interactionType":"ENTER_TEXT"}]}
COMMAND: POST /session/d392767a950b32be403e8af6fd22bfea/execute/async - {"script":"<script> [1562 bytes]","args":[{"selector":{"id":"application-manageresources-display-component---newResourceUnit--ITEM_TYPE-arrow"},"wdio_ui5_key":"applicationmanageresources-display-component---newResourceUnit--ITEM_TYPE-arrow"}]}
RESULT: {"script":"<script> [1562 bytes]","args":[{"selector":{"id":"application-manageresources-display-component---newResourceUnit--ITEM_TYPE-arrow"},"wdio_ui5_key":"applicationmanageresources-display-component---newResourceUnit--ITEM_TYPE-arrow"}]}
RESULT: undefined
COMMAND: POST /session/d392767a950b32be403e8af6fd22bfea/element - {"using":"xpath","value":"//*[@id=\"application-manageresources-display-component---newResourceUnit--ITEM_TYPE-arrow\"]"}
RESULT: {"using":"xpath","value":"//*[@id=\"application-manageresources-display-component---newResourceUnit--ITEM_TYPE-arrow\"]"}
COMMAND: POST /session/d392767a950b32be403e8af6fd22bfea/element/f.609CE4280A85363DBD46210BE265599D.d.182108A472CF7C5B6B5774445E6797A7.e.7293/click - {}
RESULT: {}
COMMAND: POST /session/d392767a950b32be403e8af6fd22bfea/element - {"using":"xpath","value":"//ul[contains(@id,\"ITEM_TYPE-popup-list-listUl\")]//li[.//span[contains(text(),\"Resource Unit\")]]"}
COMMAND: GET /session/d392767a950b32be403e8af6fd22bfea/screenshot - {}
RESULT: {"using":"xpath","value":"//ul[contains(@id,\"ITEM_TYPE-popup-list-listUl\")]//li[.//span[contains(text(),\"Resource Unit\")]]"}
COMMAND: POST /session/d392767a950b32be403e8af6fd22bfea/element/f.609CE4280A85363DBD46210BE265599D.d.182108A472CF7C5B6B5774445E6797A7.e.7294/click - {}
RESULT: {}
RESULT: {}
COMMAND: GET /session/d392767a950b32be403e8af6fd22bfea/screenshot - {}
RESULT: {}
COMMAND: POST /session/d392767a950b32be403e8af6fd22bfea/element - {"using":"css selector","value":"#application-manageresources-display-component---newResourceUnit--btnAddTimeSegment"}
RESULT: {"using":"css selector","value":"#application-manageresources-display-component---newResourceUnit--btnAddTimeSegment"}
COMMAND: GET /session/d392767a950b32be403e8af6fd22bfea/element/f.609CE4280A85363DBD46210BE265599D.d.182108A472CF7C5B6B5774445E6797A7.e.7302/rect - {}
RESULT: {}
COMMAND: GET /session/d392767a950b32be403e8af6fd22bfea/window/rect - {}
RESULT: {}
COMMAND: POST /session/d392767a950b32be403e8af6fd22bfea/execute/sync - {"script":"<script> [92 bytes]","args":[]}
RESULT: {"script":"<script> [92 bytes]","args":[]}
COMMAND: POST /session/d392767a950b32be403e8af6fd22bfea/actions - {"actions":[{"id":"action27","type":"wheel","parameters":{},"actions":[{"type":"scroll","x":-1888,"y":-32,"deltaX":0,"deltaY":0,"duration":0,"origin":{"element-6066-11e4-a52e-4f735466cecf":"f.609CE4280A85363DBD46210BE265599D.d.182108A472CF7C5B6B5774445E6797A7.e.7302"}}]}]}
COMMAND: GET /session/d392767a950b32be403e8af6fd22bfea/screenshot - {}
RESULT: {}
COMMAND: POST /session/d392767a950b32be403e8af6fd22bfea/execute/sync - {"script":"<script> [79 bytes]","args":[{"element-6066-11e4-a52e-4f735466cecf":"f.609CE4280A85363DBD46210BE265599D.d.182108A472CF7C5B6B5774445E6797A7.e.7302","ELEMENT":"f.609CE4280A85363DBD46210BE265599D.d.182108A472CF7C5B6B5774445E6797A7.e.7302"},{"block":"start","inline":"nearest"}]}
RESULT: {"script":"<script> [79 bytes]","args":[{"element-6066-11e4-a52e-4f735466cecf":"f.609CE4280A85363DBD46210BE265599D.d.182108A472CF7C5B6B5774445E6797A7.e.7302","ELEMENT":"f.609CE4280A85363DBD46210BE265599D.d.182108A472CF7C5B6B5774445E6797A7.e.7302"},{"block":"start","inline":"nearest"}]}
COMMAND: POST /session/d392767a950b32be403e8af6fd22bfea/execute/async - {"script":"<script> [1562 bytes]","args":[{"selector":{"id":"application-manageresources-display-component---newResourceUnit--btnAddTimeSegment","interaction":{"idSuffix":"inner"}},"wdio_ui5_key":"applicationmanageresources-display-component---newResourceUnit--btnAddTimeSegment"}]}
COMMAND: GET /session/d392767a950b32be403e8af6fd22bfea/screenshot - {}
RESULT: {"script":"<script> [1562 bytes]","args":[{"selector":{"id":"application-manageresources-display-component---newResourceUnit--btnAddTimeSegment","interaction":{"idSuffix":"inner"}},"wdio_ui5_key":"applicationmanageresources-display-component---newResourceUnit--btnAddTimeSegment"}]}
RESULT: undefined
COMMAND: POST /session/d392767a950b32be403e8af6fd22bfea/element - {"using":"xpath","value":"//*[@id=\"application-manageresources-display-component---newResourceUnit--btnAddTimeSegment\"]"}
RESULT: {}
RESULT: {"using":"xpath","value":"//*[@id=\"application-manageresources-display-component---newResourceUnit--btnAddTimeSegment\"]"}
COMMAND: POST /session/d392767a950b32be403e8af6fd22bfea/element/f.609CE4280A85363DBD46210BE265599D.d.182108A472CF7C5B6B5774445E6797A7.e.7302/click - {}
RESULT: {}
COMMAND: GET /session/d392767a950b32be403e8af6fd22bfea/screenshot - {}
RESULT: {}
COMMAND: POST /session/d392767a950b32be403e8af6fd22bfea/element - {"using":"xpath","value":"//input[@id=\"application-manageresources-display-component---newResourceUnit--idRuTSAdmin-application-manageresources-display-component---newResourceUnit--RUTimeSegment-0-inner\"]"}
RESULT: {"using":"xpath","value":"//input[@id=\"application-manageresources-display-component---newResourceUnit--idRuTSAdmin-application-manageresources-display-component---newResourceUnit--RUTimeSegment-0-inner\"]"}
COMMAND: POST /session/d392767a950b32be403e8af6fd22bfea/element/f.609CE4280A85363DBD46210BE265599D.d.182108A472CF7C5B6B5774445E6797A7.e.7308/clear - {}
RESULT: {}
COMMAND: POST /session/d392767a950b32be403e8af6fd22bfea/element/f.609CE4280A85363DBD46210BE265599D.d.182108A472CF7C5B6B5774445E6797A7.e.7308/value - {"text":"193"}
COMMAND: GET /session/d392767a950b32be403e8af6fd22bfea/screenshot - {}
RESULT: {"text":"193"}
COMMAND: GET /session/d392767a950b32be403e8af6fd22bfea/screenshot - {}
RESULT: {}
RESULT: {}
COMMAND: POST /session/d392767a950b32be403e8af6fd22bfea/element - {"using":"xpath","value":"//li[.//span[text()='193']]"}
RESULT: {"using":"xpath","value":"//li[.//span[text()='193']]"}
COMMAND: POST /session/d392767a950b32be403e8af6fd22bfea/element/f.609CE4280A85363DBD46210BE265599D.d.182108A472CF7C5B6B5774445E6797A7.e.7320/click - {}
RESULT: {}
COMMAND: GET /session/d392767a950b32be403e8af6fd22bfea/screenshot - {}
RESULT: {}
COMMAND: POST /session/d392767a950b32be403e8af6fd22bfea/element - {"using":"xpath","value":"(//span[contains(@id, \"-application-manageresources-display-component---newResourceUnit--RUTimeSegment-0-arrow\")])[6]"}
RESULT: {"using":"xpath","value":"(//span[contains(@id, \"-application-manageresources-display-component---newResourceUnit--RUTimeSegment-0-arrow\")])[6]"}
COMMAND: POST /session/d392767a950b32be403e8af6fd22bfea/element/f.609CE4280A85363DBD46210BE265599D.d.182108A472CF7C5B6B5774445E6797A7.e.7321/click - {}
RESULT: {}
COMMAND: GET /session/d392767a950b32be403e8af6fd22bfea/screenshot - {}
RESULT: {}
COMMAND: POST /session/d392767a950b32be403e8af6fd22bfea/element - {"using":"xpath","value":"//span[contains(text(), \"PM Order\")]"}
RESULT: {"using":"xpath","value":"//span[contains(text(), \"PM Order\")]"}
COMMAND: POST /session/d392767a950b32be403e8af6fd22bfea/element/f.609CE4280A85363DBD46210BE265599D.d.182108A472CF7C5B6B5774445E6797A7.e.7324/click - {}
RESULT: {}
COMMAND: GET /session/d392767a950b32be403e8af6fd22bfea/screenshot - {}
RESULT: {}
COMMAND: POST /session/d392767a950b32be403e8af6fd22bfea/element - {"using":"xpath","value":"(//span[contains(@id ,\"manageresources-display-component---newResourceUnit--RUTimeSegment-0-vhi\")])[1]"}
RESULT: {"using":"xpath","value":"(//span[contains(@id ,\"manageresources-display-component---newResourceUnit--RUTimeSegment-0-vhi\")])[1]"}
COMMAND: GET /session/d392767a950b32be403e8af6fd22bfea/element/f.609CE4280A85363DBD46210BE265599D.d.182108A472CF7C5B6B5774445E6797A7.e.7328/rect - {}
RESULT: {}
COMMAND: GET /session/d392767a950b32be403e8af6fd22bfea/window/rect - {}
RESULT: {}
COMMAND: POST /session/d392767a950b32be403e8af6fd22bfea/execute/sync - {"script":"<script> [92 bytes]","args":[]}
RESULT: {"script":"<script> [92 bytes]","args":[]}
COMMAND: POST /session/d392767a950b32be403e8af6fd22bfea/actions - {"actions":[{"id":"action28","type":"wheel","parameters":{},"actions":[{"type":"scroll","x":-869,"y":-24,"deltaX":0,"deltaY":0,"duration":0,"origin":{"element-6066-11e4-a52e-4f735466cecf":"f.609CE4280A85363DBD46210BE265599D.d.182108A472CF7C5B6B5774445E6797A7.e.7328"}}]}]}
COMMAND: GET /session/d392767a950b32be403e8af6fd22bfea/screenshot - {}
RESULT: {"actions":[{"id":"action28","type":"wheel","parameters":{},"actions":[{"type":"scroll","x":-869,"y":-24,"deltaX":0,"deltaY":0,"duration":0,"origin":{"element-6066-11e4-a52e-4f735466cecf":"f.609CE4280A85363DBD46210BE265599D.d.182108A472CF7C5B6B5774445E6797A7.e.7328"}}]}]}
COMMAND: DELETE /session/d392767a950b32be403e8af6fd22bfea/actions - {}
COMMAND: GET /session/d392767a950b32be403e8af6fd22bfea/screenshot - {}
RESULT: {}
RESULT: {}
COMMAND: GET /session/d392767a950b32be403e8af6fd22bfea/screenshot - {}
RESULT: {}
RESULT: {}
COMMAND: POST /session/d392767a950b32be403e8af6fd22bfea/element/f.609CE4280A85363DBD46210BE265599D.d.182108A472CF7C5B6B5774445E6797A7.e.7328/click - {}
RESULT: {}
COMMAND: GET /session/d392767a950b32be403e8af6fd22bfea/screenshot - {}
RESULT: {}
RESULT: undefined
COMMAND: POST /session/d392767a950b32be403e8af6fd22bfea/execute/async - {"script":"<script> [776 bytes]","args":[{"enterText":"4000360","selector":{"controlType":"sap.m.SearchField","properties":{"placeholder":"Search"},"searchOpenDialogs":true,"interaction":{"idSuffix":"I"}},"clearTextFirst":true,"interactionType":"ENTER_TEXT"}]}
RESULT: {"script":"<script> [776 bytes]","args":[{"enterText":"4000360","selector":{"controlType":"sap.m.SearchField","properties":{"placeholder":"Search"},"searchOpenDialogs":true,"interaction":{"idSuffix":"I"}},"clearTextFirst":true,"interactionType":"ENTER_TEXT"}]}
COMMAND: POST /session/d392767a950b32be403e8af6fd22bfea/actions - {"actions":[{"id":"action29","type":"key","parameters":{},"actions":[{"type":"keyDown","value":"î€‡"},{"type":"pause","duration":10},{"type":"keyUp","value":"î€‡"}]}]}
RESULT: {"actions":[{"id":"action29","type":"key","parameters":{},"actions":[{"type":"keyDown","value":"î€‡"},{"type":"pause","duration":10},{"type":"keyUp","value":"î€‡"}]}]}
COMMAND: GET /session/d392767a950b32be403e8af6fd22bfea/screenshot - {}
RESULT: {}
COMMAND: POST /session/d392767a950b32be403e8af6fd22bfea/element - {"using":"xpath","value":"//td/div/span[contains(text(), \"BGL Vehicles\")]"}
RESULT: {"using":"xpath","value":"//td/div/span[contains(text(), \"BGL Vehicles\")]"}
COMMAND: POST /session/d392767a950b32be403e8af6fd22bfea/element/f.609CE4280A85363DBD46210BE265599D.d.182108A472CF7C5B6B5774445E6797A7.e.7348/click - {}
RESULT: {}
COMMAND: GET /session/d392767a950b32be403e8af6fd22bfea/screenshot - {}
RESULT: {}
COMMAND: POST /session/d392767a950b32be403e8af6fd22bfea/element - {"using":"xpath","value":"//bdi[contains(text(), \"OK\")]"}
RESULT: {"using":"xpath","value":"//bdi[contains(text(), \"OK\")]"}
COMMAND: POST /session/d392767a950b32be403e8af6fd22bfea/element/f.609CE4280A85363DBD46210BE265599D.d.182108A472CF7C5B6B5774445E6797A7.e.7349/click - {}
RESULT: {}
COMMAND: GET /session/d392767a950b32be403e8af6fd22bfea/screenshot - {}
RESULT: {}
COMMAND: POST /session/d392767a950b32be403e8af6fd22bfea/execute/async - {"script":"<script> [1562 bytes]","args":[{"selector":{"id":"application-manageresources-display-component---newResourceUnit--newRRUPage-anchBar-application-manageresources-display-component---newResourceUnit--resource-anchor","interaction":{"idSuffix":"BDI-content"}},"wdio_ui5_key":"applicationmanageresources-display-component---newResourceUnit--newRRUPage-anchBar-application-manageresources-display-component---newResourceUnit--resource-anchor"}]}
RESULT: {"script":"<script> [1562 bytes]","args":[{"selector":{"id":"application-manageresources-display-component---newResourceUnit--newRRUPage-anchBar-application-manageresources-display-component---newResourceUnit--resource-anchor","interaction":{"idSuffix":"BDI-content"}},"wdio_ui5_key":"applicationmanageresources-display-component---newResourceUnit--newRRUPage-anchBar-application-manageresources-display-component---newResourceUnit--resource-anchor"}]}
RESULT: undefined
COMMAND: POST /session/d392767a950b32be403e8af6fd22bfea/element - {"using":"xpath","value":"//*[@id=\"application-manageresources-display-component---newResourceUnit--newRRUPage-anchBar-application-manageresources-display-component---newResourceUnit--resource-anchor\"]"}
RESULT: {"using":"xpath","value":"//*[@id=\"application-manageresources-display-component---newResourceUnit--newRRUPage-anchBar-application-manageresources-display-component---newResourceUnit--resource-anchor\"]"}
COMMAND: POST /session/d392767a950b32be403e8af6fd22bfea/element/f.609CE4280A85363DBD46210BE265599D.d.182108A472CF7C5B6B5774445E6797A7.e.7353/click - {}
RESULT: {}
COMMAND: POST /session/d392767a950b32be403e8af6fd22bfea/execute/async - {"script":"<script> [1562 bytes]","args":[{"selector":{"id":"application-manageresources-display-component---newResourceUnit--PLANNED_DELIVERY_DATE","interaction":{"idSuffix":"inner"}},"wdio_ui5_key":"applicationmanageresources-display-component---newResourceUnit--PLANNED_DELIVERY_DATE"}]}
COMMAND: GET /session/d392767a950b32be403e8af6fd22bfea/screenshot - {}
RESULT: {"script":"<script> [1562 bytes]","args":[{"selector":{"id":"application-manageresources-display-component---newResourceUnit--PLANNED_DELIVERY_DATE","interaction":{"idSuffix":"inner"}},"wdio_ui5_key":"applicationmanageresources-display-component---newResourceUnit--PLANNED_DELIVERY_DATE"}]}
RESULT: undefined
COMMAND: POST /session/d392767a950b32be403e8af6fd22bfea/execute/async - {"script":"<script> [6424 bytes]","args":[{"element-6066-11e4-a52e-4f735466cecf":"f.609CE4280A85363DBD46210BE265599D.d.182108A472CF7C5B6B5774445E6797A7.e.7184"},"setValue",["6/12/25"]]}
RESULT: {}
RESULT: {"script":"<script> [6424 bytes]","args":[{"element-6066-11e4-a52e-4f735466cecf":"f.609CE4280A85363DBD46210BE265599D.d.182108A472CF7C5B6B5774445E6797A7.e.7184"},"setValue",["6/12/25"]]}
COMMAND: POST /session/d392767a950b32be403e8af6fd22bfea/element - {"using":"xpath","value":"//label[contains(@class, 'sapMLabelRequired') and .//bdi[contains(text(), 'Planned Retirement')]]"}
RESULT: {"using":"xpath","value":"//label[contains(@class, 'sapMLabelRequired') and .//bdi[contains(text(), 'Planned Retirement')]]"}
COMMAND: POST /session/d392767a950b32be403e8af6fd22bfea/elements - {"using":"xpath","value":"//label[contains(@class, 'sapMLabelRequired') and .//bdi[contains(text(), 'Planned Retirement')]]"}
RESULT: {"using":"xpath","value":"//label[contains(@class, 'sapMLabelRequired') and .//bdi[contains(text(), 'Planned Retirement')]]"}
COMMAND: POST /session/d392767a950b32be403e8af6fd22bfea/element - {"using":"xpath","value":"//button[@data-kt=\"resourceUnitSaveButton\"]"}
RESULT: {"using":"xpath","value":"//button[@data-kt=\"resourceUnitSaveButton\"]"}
COMMAND: POST /session/d392767a950b32be403e8af6fd22bfea/element/f.609CE4280A85363DBD46210BE265599D.d.182108A472CF7C5B6B5774445E6797A7.e.7144/click - {}
RESULT: {}
COMMAND: GET /session/d392767a950b32be403e8af6fd22bfea/screenshot - {}
RESULT: {}
COMMAND: POST /session/d392767a950b32be403e8af6fd22bfea/element - {"using":"xpath","value":"//bdi[contains(text(), \"Close\")]"}
RESULT: {"using":"xpath","value":"//bdi[contains(text(), \"Close\")]"}
COMMAND: POST /session/d392767a950b32be403e8af6fd22bfea/element/f.609CE4280A85363DBD46210BE265599D.d.182108A472CF7C5B6B5774445E6797A7.e.7362/click - {}
RESULT: {}
COMMAND: GET /session/d392767a950b32be403e8af6fd22bfea/screenshot - {}
RESULT: {}
COMMAND: POST /session/d392767a950b32be403e8af6fd22bfea/element - {"using":"xpath","value":"//bdi[contains(text(), \"Edit\")]"}
RESULT: {"using":"xpath","value":"//bdi[contains(text(), \"Edit\")]"}
COMMAND: POST /session/d392767a950b32be403e8af6fd22bfea/execute/sync - {"script":"<script> [8489 bytes]","args":[{"element-6066-11e4-a52e-4f735466cecf":"f.609CE4280A85363DBD46210BE265599D.d.182108A472CF7C5B6B5774445E6797A7.e.7395","ELEMENT":"f.609CE4280A85363DBD46210BE265599D.d.182108A472CF7C5B6B5774445E6797A7.e.7395"}]}
RESULT: {"script":"<script> [8489 bytes]","args":[{"element-6066-11e4-a52e-4f735466cecf":"f.609CE4280A85363DBD46210BE265599D.d.182108A472CF7C5B6B5774445E6797A7.e.7395","ELEMENT":"f.609CE4280A85363DBD46210BE265599D.d.182108A472CF7C5B6B5774445E6797A7.e.7395"}]}
COMMAND: POST /session/d392767a950b32be403e8af6fd22bfea/element/f.609CE4280A85363DBD46210BE265599D.d.182108A472CF7C5B6B5774445E6797A7.e.7395/click - {}
COMMAND: GET /session/d392767a950b32be403e8af6fd22bfea/screenshot - {}
RESULT: {}
COMMAND: GET /session/d392767a950b32be403e8af6fd22bfea/screenshot - {}
RESULT: {}
RESULT: {}
COMMAND: POST /session/d392767a950b32be403e8af6fd22bfea/execute/async - {"script":"<script> [1562 bytes]","args":[{"selector":{"id":"application-manageresources-display-component---editResource--editRruPage-anchBar-application-manageresources-display-component---editResource--counters-anchor","interaction":{"idSuffix":"BDI-content"}},"wdio_ui5_key":"applicationmanageresources-display-component---editResource--editRruPage-anchBar-application-manageresources-display-component---editResource--counters-anchor"}]}
RESULT: {"script":"<script> [1562 bytes]","args":[{"selector":{"id":"application-manageresources-display-component---editResource--editRruPage-anchBar-application-manageresources-display-component---editResource--counters-anchor","interaction":{"idSuffix":"BDI-content"}},"wdio_ui5_key":"applicationmanageresources-display-component---editResource--editRruPage-anchBar-application-manageresources-display-component---editResource--counters-anchor"}]}
RESULT: undefined
COMMAND: POST /session/d392767a950b32be403e8af6fd22bfea/element - {"using":"xpath","value":"//*[@id=\"application-manageresources-display-component---editResource--editRruPage-anchBar-application-manageresources-display-component---editResource--counters-anchor\"]"}
RESULT: {"using":"xpath","value":"//*[@id=\"application-manageresources-display-component---editResource--editRruPage-anchBar-application-manageresources-display-component---editResource--counters-anchor\"]"}
COMMAND: POST /session/d392767a950b32be403e8af6fd22bfea/element/f.609CE4280A85363DBD46210BE265599D.d.182108A472CF7C5B6B5774445E6797A7.e.7538/click - {}
RESULT: {}
COMMAND: GET /session/d392767a950b32be403e8af6fd22bfea/screenshot - {}
RESULT: {}
COMMAND: POST /session/d392767a950b32be403e8af6fd22bfea/execute/async - {"script":"<script> [1562 bytes]","args":[{"selector":{"id":"application-manageresources-display-component---editResource--btnAddCounter-img"},"wdio_ui5_key":"applicationmanageresources-display-component---editResource--btnAddCounter-img"}]}
RESULT: {"script":"<script> [1562 bytes]","args":[{"selector":{"id":"application-manageresources-display-component---editResource--btnAddCounter-img"},"wdio_ui5_key":"applicationmanageresources-display-component---editResource--btnAddCounter-img"}]}
RESULT: undefined
COMMAND: POST /session/d392767a950b32be403e8af6fd22bfea/element - {"using":"xpath","value":"//*[@id=\"application-manageresources-display-component---editResource--btnAddCounter-img\"]"}
RESULT: {"using":"xpath","value":"//*[@id=\"application-manageresources-display-component---editResource--btnAddCounter-img\"]"}
COMMAND: POST /session/d392767a950b32be403e8af6fd22bfea/element/f.609CE4280A85363DBD46210BE265599D.d.182108A472CF7C5B6B5774445E6797A7.e.7543/click - {}
RESULT: {}
COMMAND: POST /session/d392767a950b32be403e8af6fd22bfea/execute/async - {"script":"<script> [1562 bytes]","args":[{"selector":{"id":"application-manageresources-display-component---editResource--COUNTER_ID-application-manageresources-display-component---editResource--RUCounters-0-arrow"},"wdio_ui5_key":"applicationmanageresources-display-component---editResource--COUNTER_ID-application-manageresources-display-component---editResource--RUCounters-0-arrow"}]}
COMMAND: GET /session/d392767a950b32be403e8af6fd22bfea/screenshot - {}
RESULT: {"script":"<script> [1562 bytes]","args":[{"selector":{"id":"application-manageresources-display-component---editResource--COUNTER_ID-application-manageresources-display-component---editResource--RUCounters-0-arrow"},"wdio_ui5_key":"applicationmanageresources-display-component---editResource--COUNTER_ID-application-manageresources-display-component---editResource--RUCounters-0-arrow"}]}
RESULT: undefined
COMMAND: POST /session/d392767a950b32be403e8af6fd22bfea/element - {"using":"xpath","value":"//*[@id=\"application-manageresources-display-component---editResource--COUNTER_ID-application-manageresources-display-component---editResource--RUCounters-0-arrow\"]"}
RESULT: {}
RESULT: {"using":"xpath","value":"//*[@id=\"application-manageresources-display-component---editResource--COUNTER_ID-application-manageresources-display-component---editResource--RUCounters-0-arrow\"]"}
COMMAND: POST /session/d392767a950b32be403e8af6fd22bfea/element/f.609CE4280A85363DBD46210BE265599D.d.182108A472CF7C5B6B5774445E6797A7.e.7548/click - {}
RESULT: {}
COMMAND: POST /session/d392767a950b32be403e8af6fd22bfea/execute/async - {"script":"<script> [1562 bytes]","args":[{"selector":{"controlType":"sap.m.StandardListItem","viewName":"etm.portal.ui.manageresources.view.EditResource","viewId":"application-manageresources-display-component---editResource","properties":{"title":"fuel"},"searchOpenDialogs":true,"interaction":{"idSuffix":"content"}},"wdio_ui5_key":"etmportal.ui.manageresources.view.EditResourcesap.m.StandardListItem{\"title\":\"fuel\"}"}]}
COMMAND: GET /session/d392767a950b32be403e8af6fd22bfea/screenshot - {}
RESULT: {"script":"<script> [1562 bytes]","args":[{"selector":{"controlType":"sap.m.StandardListItem","viewName":"etm.portal.ui.manageresources.view.EditResource","viewId":"application-manageresources-display-component---editResource","properties":{"title":"fuel"},"searchOpenDialogs":true,"interaction":{"idSuffix":"content"}},"wdio_ui5_key":"etmportal.ui.manageresources.view.EditResourcesap.m.StandardListItem{\"title\":\"fuel\"}"}]}
RESULT: undefined
COMMAND: POST /session/d392767a950b32be403e8af6fd22bfea/element - {"using":"xpath","value":"//*[@id=\"__item1937\"]"}
RESULT: {}
RESULT: {"using":"xpath","value":"//*[@id=\"__item1937\"]"}
COMMAND: POST /session/d392767a950b32be403e8af6fd22bfea/element/f.609CE4280A85363DBD46210BE265599D.d.182108A472CF7C5B6B5774445E6797A7.e.7550/click - {}
RESULT: {}
COMMAND: GET /session/d392767a950b32be403e8af6fd22bfea/screenshot - {}
RESULT: {}
COMMAND: POST /session/d392767a950b32be403e8af6fd22bfea/element - {"using":"xpath","value":"//button[@data-kt=\"saveButton\"]"}
RESULT: {"using":"xpath","value":"//button[@data-kt=\"saveButton\"]"}
COMMAND: POST /session/d392767a950b32be403e8af6fd22bfea/element/f.609CE4280A85363DBD46210BE265599D.d.182108A472CF7C5B6B5774445E6797A7.e.7551/click - {}
RESULT: {}
COMMAND: GET /session/d392767a950b32be403e8af6fd22bfea/screenshot - {}
RESULT: {}
COMMAND: POST /session/d392767a950b32be403e8af6fd22bfea/element - {"using":"xpath","value":"(//button[contains(@id ,\"actionsToolbar-overflowButton\")])[1]"}
RESULT: {"using":"xpath","value":"(//button[contains(@id ,\"actionsToolbar-overflowButton\")])[1]"}
COMMAND: POST /session/d392767a950b32be403e8af6fd22bfea/element/f.609CE4280A85363DBD46210BE265599D.d.182108A472CF7C5B6B5774445E6797A7.e.7564/click - {}
RESULT: {}
COMMAND: GET /session/d392767a950b32be403e8af6fd22bfea/screenshot - {}
RESULT: {}
COMMAND: POST /session/d392767a950b32be403e8af6fd22bfea/element - {"using":"xpath","value":"//button[@data-kt=\"priceInfoButton\"]"}
RESULT: {"using":"xpath","value":"//button[@data-kt=\"priceInfoButton\"]"}
COMMAND: POST /session/d392767a950b32be403e8af6fd22bfea/element/f.609CE4280A85363DBD46210BE265599D.d.182108A472CF7C5B6B5774445E6797A7.e.7566/click - {}
RESULT: {}
COMMAND: GET /session/d392767a950b32be403e8af6fd22bfea/screenshot - {}
RESULT: {}
]]></system-out>
    </testcase>
    <testcase classname="chrome.137_0_7151_69.windows.Create_master_data_for_mixed_billing_&amp;_do_billing_calculation_US151661" name="Should create a TB pricing procedure" time="53.094">
      <system-out><![CDATA[
COMMAND: POST /session/d392767a950b32be403e8af6fd22bfea/element - {"using":"xpath","value":"//button[@data-kt=\"addButton\"]"}
RESULT: {"using":"xpath","value":"//button[@data-kt=\"addButton\"]"}
COMMAND: POST /session/d392767a950b32be403e8af6fd22bfea/elements - {"using":"xpath","value":"//button[@data-kt=\"addButton\"]"}
RESULT: {"using":"xpath","value":"//button[@data-kt=\"addButton\"]"}
COMMAND: POST /session/d392767a950b32be403e8af6fd22bfea/elements - {"using":"xpath","value":"//button[@data-kt=\"addButton\"]"}
RESULT: {"using":"xpath","value":"//button[@data-kt=\"addButton\"]"}
COMMAND: POST /session/d392767a950b32be403e8af6fd22bfea/element - {"using":"xpath","value":"//button[@data-kt=\"addButton\"]"}
RESULT: {"using":"xpath","value":"//button[@data-kt=\"addButton\"]"}
COMMAND: POST /session/d392767a950b32be403e8af6fd22bfea/execute/sync - {"script":"<script> [8489 bytes]","args":[{"element-6066-11e4-a52e-4f735466cecf":"f.609CE4280A85363DBD46210BE265599D.d.182108A472CF7C5B6B5774445E6797A7.e.7612","ELEMENT":"f.609CE4280A85363DBD46210BE265599D.d.182108A472CF7C5B6B5774445E6797A7.e.7612"}]}
RESULT: {"script":"<script> [8489 bytes]","args":[{"element-6066-11e4-a52e-4f735466cecf":"f.609CE4280A85363DBD46210BE265599D.d.182108A472CF7C5B6B5774445E6797A7.e.7612","ELEMENT":"f.609CE4280A85363DBD46210BE265599D.d.182108A472CF7C5B6B5774445E6797A7.e.7612"}]}
COMMAND: GET /session/d392767a950b32be403e8af6fd22bfea/element/f.609CE4280A85363DBD46210BE265599D.d.182108A472CF7C5B6B5774445E6797A7.e.7612/enabled - {}
COMMAND: GET /session/d392767a950b32be403e8af6fd22bfea/screenshot - {}
RESULT: {}
COMMAND: POST /session/d392767a950b32be403e8af6fd22bfea/execute/sync - {"script":"<script> [8489 bytes]","args":[{"element-6066-11e4-a52e-4f735466cecf":"f.609CE4280A85363DBD46210BE265599D.d.182108A472CF7C5B6B5774445E6797A7.e.7612","ELEMENT":"f.609CE4280A85363DBD46210BE265599D.d.182108A472CF7C5B6B5774445E6797A7.e.7612"}]}
COMMAND: GET /session/d392767a950b32be403e8af6fd22bfea/screenshot - {}
RESULT: {}
RESULT: {"script":"<script> [8489 bytes]","args":[{"element-6066-11e4-a52e-4f735466cecf":"f.609CE4280A85363DBD46210BE265599D.d.182108A472CF7C5B6B5774445E6797A7.e.7612","ELEMENT":"f.609CE4280A85363DBD46210BE265599D.d.182108A472CF7C5B6B5774445E6797A7.e.7612"}]}
COMMAND: POST /session/d392767a950b32be403e8af6fd22bfea/execute/sync - {"script":"<script> [5351 bytes]","args":[{"element-6066-11e4-a52e-4f735466cecf":"f.609CE4280A85363DBD46210BE265599D.d.182108A472CF7C5B6B5774445E6797A7.e.7612","ELEMENT":"f.609CE4280A85363DBD46210BE265599D.d.182108A472CF7C5B6B5774445E6797A7.e.7612"}]}
COMMAND: GET /session/d392767a950b32be403e8af6fd22bfea/screenshot - {}
RESULT: {}
RESULT: {"script":"<script> [5351 bytes]","args":[{"element-6066-11e4-a52e-4f735466cecf":"f.609CE4280A85363DBD46210BE265599D.d.182108A472CF7C5B6B5774445E6797A7.e.7612","ELEMENT":"f.609CE4280A85363DBD46210BE265599D.d.182108A472CF7C5B6B5774445E6797A7.e.7612"}]}
COMMAND: POST /session/d392767a950b32be403e8af6fd22bfea/element/f.609CE4280A85363DBD46210BE265599D.d.182108A472CF7C5B6B5774445E6797A7.e.7612/click - {}
COMMAND: GET /session/d392767a950b32be403e8af6fd22bfea/screenshot - {}
RESULT: {}
RESULT: {}
COMMAND: GET /session/d392767a950b32be403e8af6fd22bfea/screenshot - {}
RESULT: {}
RESULT: {}
COMMAND: POST /session/d392767a950b32be403e8af6fd22bfea/execute/async - {"script":"<script> [1562 bytes]","args":[{"selector":{"controlType":"sap.m.Title","viewName":"etm.portal.ui.managepricingrules.view.NewItem","viewId":"application-managepricingrules-display-component---newInfoPriceItem","properties":{"text":"New Pricing Rules - Item Level"}},"wdio_ui5_key":"etmportal.ui.managepricingrules.view.NewItemsap.m.Title{\"text\":\"New Pricing Rules - Item Level\"}"}]}
RESULT: {"script":"<script> [1562 bytes]","args":[{"selector":{"controlType":"sap.m.Title","viewName":"etm.portal.ui.managepricingrules.view.NewItem","viewId":"application-managepricingrules-display-component---newInfoPriceItem","properties":{"text":"New Pricing Rules - Item Level"}},"wdio_ui5_key":"etmportal.ui.managepricingrules.view.NewItemsap.m.Title{\"text\":\"New Pricing Rules - Item Level\"}"}]}
RESULT: undefined
COMMAND: POST /session/d392767a950b32be403e8af6fd22bfea/execute/async - {"script":"<script> [6424 bytes]","args":[{"element-6066-11e4-a52e-4f735466cecf":"f.609CE4280A85363DBD46210BE265599D.d.182108A472CF7C5B6B5774445E6797A7.e.7795"},"getText",[]]}
RESULT: {"script":"<script> [6424 bytes]","args":[{"element-6066-11e4-a52e-4f735466cecf":"f.609CE4280A85363DBD46210BE265599D.d.182108A472CF7C5B6B5774445E6797A7.e.7795"},"getText",[]]}
COMMAND: POST /session/d392767a950b32be403e8af6fd22bfea/execute/async - {"script":"<script> [1562 bytes]","args":[{"selector":{"id":"application-managepricingrules-display-component---newInfoPriceItem--condValidTo","interaction":{"idSuffix":"inner"}},"wdio_ui5_key":"applicationmanagepricingrules-display-component---newInfoPriceItem--condValidTo"}]}
RESULT: {"script":"<script> [1562 bytes]","args":[{"selector":{"id":"application-managepricingrules-display-component---newInfoPriceItem--condValidTo","interaction":{"idSuffix":"inner"}},"wdio_ui5_key":"applicationmanagepricingrules-display-component---newInfoPriceItem--condValidTo"}]}
RESULT: undefined
COMMAND: POST /session/d392767a950b32be403e8af6fd22bfea/execute/async - {"script":"<script> [776 bytes]","args":[{"enterText":"2/12/26","selector":{"id":"application-managepricingrules-display-component---newInfoPriceItem--condValidTo","interaction":{"idSuffix":"inner"}},"clearTextFirst":true,"interactionType":"ENTER_TEXT"}]}
RESULT: {"script":"<script> [776 bytes]","args":[{"enterText":"2/12/26","selector":{"id":"application-managepricingrules-display-component---newInfoPriceItem--condValidTo","interaction":{"idSuffix":"inner"}},"clearTextFirst":true,"interactionType":"ENTER_TEXT"}]}
COMMAND: POST /session/d392767a950b32be403e8af6fd22bfea/execute/async - {"script":"<script> [1562 bytes]","args":[{"selector":{"id":"application-managepricingrules-display-component---newInfoPriceItem--billType-arrow"},"wdio_ui5_key":"applicationmanagepricingrules-display-component---newInfoPriceItem--billType-arrow"}]}
RESULT: {"script":"<script> [1562 bytes]","args":[{"selector":{"id":"application-managepricingrules-display-component---newInfoPriceItem--billType-arrow"},"wdio_ui5_key":"applicationmanagepricingrules-display-component---newInfoPriceItem--billType-arrow"}]}
RESULT: undefined
COMMAND: POST /session/d392767a950b32be403e8af6fd22bfea/element - {"using":"xpath","value":"//*[@id=\"application-managepricingrules-display-component---newInfoPriceItem--billType-arrow\"]"}
RESULT: {"using":"xpath","value":"//*[@id=\"application-managepricingrules-display-component---newInfoPriceItem--billType-arrow\"]"}
COMMAND: POST /session/d392767a950b32be403e8af6fd22bfea/element/f.609CE4280A85363DBD46210BE265599D.d.182108A472CF7C5B6B5774445E6797A7.e.7755/click - {}
RESULT: {}
COMMAND: POST /session/d392767a950b32be403e8af6fd22bfea/element - {"using":"xpath","value":"//span[contains(text(), \"TB - Time based\")]"}
COMMAND: GET /session/d392767a950b32be403e8af6fd22bfea/screenshot - {}
RESULT: {"using":"xpath","value":"//span[contains(text(), \"TB - Time based\")]"}
COMMAND: POST /session/d392767a950b32be403e8af6fd22bfea/element/f.609CE4280A85363DBD46210BE265599D.d.182108A472CF7C5B6B5774445E6797A7.e.7797/click - {}
RESULT: {}
RESULT: {}
COMMAND: POST /session/d392767a950b32be403e8af6fd22bfea/execute/async - {"script":"<script> [1562 bytes]","args":[{"selector":{"id":"application-managepricingrules-display-component---newInfoPriceItem--priceProc-arrow"},"wdio_ui5_key":"applicationmanagepricingrules-display-component---newInfoPriceItem--priceProc-arrow"}]}
COMMAND: GET /session/d392767a950b32be403e8af6fd22bfea/screenshot - {}
RESULT: {"script":"<script> [1562 bytes]","args":[{"selector":{"id":"application-managepricingrules-display-component---newInfoPriceItem--priceProc-arrow"},"wdio_ui5_key":"applicationmanagepricingrules-display-component---newInfoPriceItem--priceProc-arrow"}]}
RESULT: undefined
COMMAND: POST /session/d392767a950b32be403e8af6fd22bfea/element - {"using":"xpath","value":"//*[@id=\"application-managepricingrules-display-component---newInfoPriceItem--priceProc-arrow\"]"}
RESULT: {}
RESULT: {"using":"xpath","value":"//*[@id=\"application-managepricingrules-display-component---newInfoPriceItem--priceProc-arrow\"]"}
COMMAND: POST /session/d392767a950b32be403e8af6fd22bfea/element/f.609CE4280A85363DBD46210BE265599D.d.182108A472CF7C5B6B5774445E6797A7.e.7762/click - {}
RESULT: {}
COMMAND: POST /session/d392767a950b32be403e8af6fd22bfea/element - {"using":"xpath","value":"//span[contains(text(), \"TB - Time based BGL\")]"}
COMMAND: GET /session/d392767a950b32be403e8af6fd22bfea/screenshot - {}
RESULT: {"using":"xpath","value":"//span[contains(text(), \"TB - Time based BGL\")]"}
COMMAND: POST /session/d392767a950b32be403e8af6fd22bfea/element/f.609CE4280A85363DBD46210BE265599D.d.182108A472CF7C5B6B5774445E6797A7.e.7798/click - {}
RESULT: {}
RESULT: {}
COMMAND: POST /session/d392767a950b32be403e8af6fd22bfea/execute/async - {"script":"<script> [1562 bytes]","args":[{"selector":{"id":"application-managepricingrules-display-component---newInfoPriceItem--calcBase-arrow"},"wdio_ui5_key":"applicationmanagepricingrules-display-component---newInfoPriceItem--calcBase-arrow"}]}
COMMAND: GET /session/d392767a950b32be403e8af6fd22bfea/screenshot - {}
RESULT: {"script":"<script> [1562 bytes]","args":[{"selector":{"id":"application-managepricingrules-display-component---newInfoPriceItem--calcBase-arrow"},"wdio_ui5_key":"applicationmanagepricingrules-display-component---newInfoPriceItem--calcBase-arrow"}]}
RESULT: undefined
COMMAND: POST /session/d392767a950b32be403e8af6fd22bfea/element - {"using":"xpath","value":"//*[@id=\"application-managepricingrules-display-component---newInfoPriceItem--calcBase-arrow\"]"}
RESULT: {}
RESULT: {"using":"xpath","value":"//*[@id=\"application-managepricingrules-display-component---newInfoPriceItem--calcBase-arrow\"]"}
COMMAND: POST /session/d392767a950b32be403e8af6fd22bfea/element/f.609CE4280A85363DBD46210BE265599D.d.182108A472CF7C5B6B5774445E6797A7.e.7769/click - {}
RESULT: {}
COMMAND: GET /session/d392767a950b32be403e8af6fd22bfea/screenshot - {}
RESULT: {}
COMMAND: POST /session/d392767a950b32be403e8af6fd22bfea/element - {"using":"xpath","value":"//span[contains(text(), \"0006 - TB(calendar days)\")]"}
RESULT: {"using":"xpath","value":"//span[contains(text(), \"0006 - TB(calendar days)\")]"}
COMMAND: POST /session/d392767a950b32be403e8af6fd22bfea/element/f.609CE4280A85363DBD46210BE265599D.d.182108A472CF7C5B6B5774445E6797A7.e.7799/click - {}
RESULT: {}
COMMAND: GET /session/d392767a950b32be403e8af6fd22bfea/screenshot - {}
RESULT: {}
COMMAND: POST /session/d392767a950b32be403e8af6fd22bfea/execute/async - {"script":"<script> [1562 bytes]","args":[{"selector":{"id":"application-managepricingrules-display-component---newInfoPriceItem--hoursMonth","interaction":{"idSuffix":"inner"}},"wdio_ui5_key":"applicationmanagepricingrules-display-component---newInfoPriceItem--hoursMonth"}]}
RESULT: {"script":"<script> [1562 bytes]","args":[{"selector":{"id":"application-managepricingrules-display-component---newInfoPriceItem--hoursMonth","interaction":{"idSuffix":"inner"}},"wdio_ui5_key":"applicationmanagepricingrules-display-component---newInfoPriceItem--hoursMonth"}]}
RESULT: undefined
COMMAND: POST /session/d392767a950b32be403e8af6fd22bfea/execute/async - {"script":"<script> [776 bytes]","args":[{"enterText":"160","selector":{"id":"application-managepricingrules-display-component---newInfoPriceItem--hoursMonth","interaction":{"idSuffix":"inner"}},"clearTextFirst":true,"interactionType":"ENTER_TEXT"}]}
RESULT: {"script":"<script> [776 bytes]","args":[{"enterText":"160","selector":{"id":"application-managepricingrules-display-component---newInfoPriceItem--hoursMonth","interaction":{"idSuffix":"inner"}},"clearTextFirst":true,"interactionType":"ENTER_TEXT"}]}
COMMAND: POST /session/d392767a950b32be403e8af6fd22bfea/execute/async - {"script":"<script> [1562 bytes]","args":[{"selector":{"id":"application-managepricingrules-display-component---newInfoPriceItem--daysMonth","interaction":{"idSuffix":"inner"}},"wdio_ui5_key":"applicationmanagepricingrules-display-component---newInfoPriceItem--daysMonth"}]}
RESULT: {"script":"<script> [1562 bytes]","args":[{"selector":{"id":"application-managepricingrules-display-component---newInfoPriceItem--daysMonth","interaction":{"idSuffix":"inner"}},"wdio_ui5_key":"applicationmanagepricingrules-display-component---newInfoPriceItem--daysMonth"}]}
RESULT: undefined
COMMAND: POST /session/d392767a950b32be403e8af6fd22bfea/execute/async - {"script":"<script> [776 bytes]","args":[{"enterText":"30","selector":{"id":"application-managepricingrules-display-component---newInfoPriceItem--daysMonth","interaction":{"idSuffix":"inner"}},"clearTextFirst":true,"interactionType":"ENTER_TEXT"}]}
RESULT: {"script":"<script> [776 bytes]","args":[{"enterText":"30","selector":{"id":"application-managepricingrules-display-component---newInfoPriceItem--daysMonth","interaction":{"idSuffix":"inner"}},"clearTextFirst":true,"interactionType":"ENTER_TEXT"}]}
COMMAND: POST /session/d392767a950b32be403e8af6fd22bfea/element - {"using":"xpath","value":"//button[@data-kt=\"saveNewRuleButton\"]"}
RESULT: {"using":"xpath","value":"//button[@data-kt=\"saveNewRuleButton\"]"}
COMMAND: POST /session/d392767a950b32be403e8af6fd22bfea/element/f.609CE4280A85363DBD46210BE265599D.d.182108A472CF7C5B6B5774445E6797A7.e.7789/click - {}
RESULT: {}
COMMAND: GET /session/d392767a950b32be403e8af6fd22bfea/screenshot - {}
RESULT: {}
COMMAND: POST /session/d392767a950b32be403e8af6fd22bfea/execute/async - {"script":"<script> [1562 bytes]","args":[{"selector":{"id":"application-managepricingrules-display-component---priceInfoItem--smartFilterBar-btnBasicSearch","interaction":{"idSuffix":"I"}},"wdio_ui5_key":"applicationmanagepricingrules-display-component---priceInfoItem--smartFilterBar-btnBasicSearch"}]}
RESULT: {"script":"<script> [1562 bytes]","args":[{"selector":{"id":"application-managepricingrules-display-component---priceInfoItem--smartFilterBar-btnBasicSearch","interaction":{"idSuffix":"I"}},"wdio_ui5_key":"applicationmanagepricingrules-display-component---priceInfoItem--smartFilterBar-btnBasicSearch"}]}
RESULT: undefined
COMMAND: POST /session/d392767a950b32be403e8af6fd22bfea/execute/async - {"script":"<script> [776 bytes]","args":[{"enterText":"1l7xGqGhyI","selector":{"id":"application-managepricingrules-display-component---priceInfoItem--smartFilterBar-btnBasicSearch","interaction":{"idSuffix":"I"}},"clearTextFirst":true,"interactionType":"ENTER_TEXT"}]}
RESULT: {"script":"<script> [776 bytes]","args":[{"enterText":"1l7xGqGhyI","selector":{"id":"application-managepricingrules-display-component---priceInfoItem--smartFilterBar-btnBasicSearch","interaction":{"idSuffix":"I"}},"clearTextFirst":true,"interactionType":"ENTER_TEXT"}]}
COMMAND: POST /session/d392767a950b32be403e8af6fd22bfea/actions - {"actions":[{"id":"action30","type":"key","parameters":{},"actions":[{"type":"keyDown","value":"î€‡"},{"type":"pause","duration":10},{"type":"keyUp","value":"î€‡"}]}]}
RESULT: {"actions":[{"id":"action30","type":"key","parameters":{},"actions":[{"type":"keyDown","value":"î€‡"},{"type":"pause","duration":10},{"type":"keyUp","value":"î€‡"}]}]}
COMMAND: GET /session/d392767a950b32be403e8af6fd22bfea/screenshot - {}
RESULT: {}
COMMAND: POST /session/d392767a950b32be403e8af6fd22bfea/element - {"using":"xpath","value":"//span[@id=\"application-managepricingrules-display-component---priceInfoItem--smartTable-header-inner\"]"}
RESULT: {"using":"xpath","value":"//span[@id=\"application-managepricingrules-display-component---priceInfoItem--smartTable-header-inner\"]"}
COMMAND: POST /session/d392767a950b32be403e8af6fd22bfea/elements - {"using":"xpath","value":"//span[@id=\"application-managepricingrules-display-component---priceInfoItem--smartTable-header-inner\"]"}
RESULT: {"using":"xpath","value":"//span[@id=\"application-managepricingrules-display-component---priceInfoItem--smartTable-header-inner\"]"}
COMMAND: POST /session/d392767a950b32be403e8af6fd22bfea/execute/sync - {"script":"<script> [56 bytes]","args":[{"element-6066-11e4-a52e-4f735466cecf":"f.609CE4280A85363DBD46210BE265599D.d.182108A472CF7C5B6B5774445E6797A7.e.7827","ELEMENT":"f.609CE4280A85363DBD46210BE265599D.d.182108A472CF7C5B6B5774445E6797A7.e.7827"}]}
RESULT: {"script":"<script> [56 bytes]","args":[{"element-6066-11e4-a52e-4f735466cecf":"f.609CE4280A85363DBD46210BE265599D.d.182108A472CF7C5B6B5774445E6797A7.e.7827","ELEMENT":"f.609CE4280A85363DBD46210BE265599D.d.182108A472CF7C5B6B5774445E6797A7.e.7827"}]}
COMMAND: POST /session/d392767a950b32be403e8af6fd22bfea/element - {"using":"css selector","value":"#shell-header-logo"}
COMMAND: GET /session/d392767a950b32be403e8af6fd22bfea/screenshot - {}
RESULT: {"using":"css selector","value":"#shell-header-logo"}
COMMAND: POST /session/d392767a950b32be403e8af6fd22bfea/element/f.609CE4280A85363DBD46210BE265599D.d.182108A472CF7C5B6B5774445E6797A7.e.6732/click - {}
RESULT: {}
RESULT: {}
COMMAND: GET /session/d392767a950b32be403e8af6fd22bfea/screenshot - {}
RESULT: {}
]]></system-out>
    </testcase>
    <testcase classname="chrome.137_0_7151_69.windows.Create_master_data_for_mixed_billing_&amp;_do_billing_calculation_US151661" name="Should add one time condition" time="63.704">
      <system-out><![CDATA[
COMMAND: POST /session/d392767a950b32be403e8af6fd22bfea/execute/async - {"script":"<script> [1562 bytes]","args":[{"selector":{"controlType":"sap.m.GenericTile","properties":{"header":"Manage Conditions & Prices"}},"wdio_ui5_key":"sapm.GenericTile{\"header\":\"Manage Conditions & Prices\"}"}]}
RESULT: {"script":"<script> [1562 bytes]","args":[{"selector":{"controlType":"sap.m.GenericTile","properties":{"header":"Manage Conditions & Prices"}},"wdio_ui5_key":"sapm.GenericTile{\"header\":\"Manage Conditions & Prices\"}"}]}
RESULT: undefined
COMMAND: POST /session/d392767a950b32be403e8af6fd22bfea/element - {"using":"xpath","value":"//*[@id=\"__tile55\"]"}
RESULT: {"using":"xpath","value":"//*[@id=\"__tile55\"]"}
COMMAND: POST /session/d392767a950b32be403e8af6fd22bfea/element/f.609CE4280A85363DBD46210BE265599D.d.182108A472CF7C5B6B5774445E6797A7.e.4563/click - {}
RESULT: {}
COMMAND: GET /session/d392767a950b32be403e8af6fd22bfea/screenshot - {}
RESULT: {}
COMMAND: POST /session/d392767a950b32be403e8af6fd22bfea/elements - {"using":"xpath","value":"//span[text()='Error']"}
RESULT: {"using":"xpath","value":"//span[text()='Error']"}
COMMAND: POST /session/d392767a950b32be403e8af6fd22bfea/element - {"using":"xpath","value":"//button[@aria-label=\"Create\"]"}
RESULT: {"using":"xpath","value":"//button[@aria-label=\"Create\"]"}
COMMAND: POST /session/d392767a950b32be403e8af6fd22bfea/elements - {"using":"xpath","value":"//button[@aria-label=\"Create\"]"}
RESULT: {"using":"xpath","value":"//button[@aria-label=\"Create\"]"}
COMMAND: POST /session/d392767a950b32be403e8af6fd22bfea/execute/sync - {"script":"<script> [8489 bytes]","args":[{"element-6066-11e4-a52e-4f735466cecf":"f.609CE4280A85363DBD46210BE265599D.d.182108A472CF7C5B6B5774445E6797A7.e.7862","ELEMENT":"f.609CE4280A85363DBD46210BE265599D.d.182108A472CF7C5B6B5774445E6797A7.e.7862"}]}
RESULT: {"script":"<script> [8489 bytes]","args":[{"element-6066-11e4-a52e-4f735466cecf":"f.609CE4280A85363DBD46210BE265599D.d.182108A472CF7C5B6B5774445E6797A7.e.7862","ELEMENT":"f.609CE4280A85363DBD46210BE265599D.d.182108A472CF7C5B6B5774445E6797A7.e.7862"}]}
COMMAND: GET /session/d392767a950b32be403e8af6fd22bfea/element/f.609CE4280A85363DBD46210BE265599D.d.182108A472CF7C5B6B5774445E6797A7.e.7862/enabled - {}
COMMAND: GET /session/d392767a950b32be403e8af6fd22bfea/screenshot - {}
RESULT: {}
COMMAND: POST /session/d392767a950b32be403e8af6fd22bfea/execute/sync - {"script":"<script> [8489 bytes]","args":[{"element-6066-11e4-a52e-4f735466cecf":"f.609CE4280A85363DBD46210BE265599D.d.182108A472CF7C5B6B5774445E6797A7.e.7862","ELEMENT":"f.609CE4280A85363DBD46210BE265599D.d.182108A472CF7C5B6B5774445E6797A7.e.7862"}]}
COMMAND: GET /session/d392767a950b32be403e8af6fd22bfea/screenshot - {}
RESULT: {}
RESULT: {"script":"<script> [8489 bytes]","args":[{"element-6066-11e4-a52e-4f735466cecf":"f.609CE4280A85363DBD46210BE265599D.d.182108A472CF7C5B6B5774445E6797A7.e.7862","ELEMENT":"f.609CE4280A85363DBD46210BE265599D.d.182108A472CF7C5B6B5774445E6797A7.e.7862"}]}
COMMAND: POST /session/d392767a950b32be403e8af6fd22bfea/execute/sync - {"script":"<script> [5351 bytes]","args":[{"element-6066-11e4-a52e-4f735466cecf":"f.609CE4280A85363DBD46210BE265599D.d.182108A472CF7C5B6B5774445E6797A7.e.7862","ELEMENT":"f.609CE4280A85363DBD46210BE265599D.d.182108A472CF7C5B6B5774445E6797A7.e.7862"}]}
COMMAND: GET /session/d392767a950b32be403e8af6fd22bfea/screenshot - {}
RESULT: {}
RESULT: {"script":"<script> [5351 bytes]","args":[{"element-6066-11e4-a52e-4f735466cecf":"f.609CE4280A85363DBD46210BE265599D.d.182108A472CF7C5B6B5774445E6797A7.e.7862","ELEMENT":"f.609CE4280A85363DBD46210BE265599D.d.182108A472CF7C5B6B5774445E6797A7.e.7862"}]}
COMMAND: POST /session/d392767a950b32be403e8af6fd22bfea/element/f.609CE4280A85363DBD46210BE265599D.d.182108A472CF7C5B6B5774445E6797A7.e.7862/click - {}
COMMAND: GET /session/d392767a950b32be403e8af6fd22bfea/screenshot - {}
RESULT: {}
RESULT: {}
COMMAND: GET /session/d392767a950b32be403e8af6fd22bfea/screenshot - {}
RESULT: {}
RESULT: {}
COMMAND: POST /session/d392767a950b32be403e8af6fd22bfea/actions - {"actions":[{"id":"action31","type":"key","parameters":{},"actions":[{"type":"keyDown","value":"î€‡"},{"type":"pause","duration":10},{"type":"keyUp","value":"î€‡"}]}]}
RESULT: {"actions":[{"id":"action31","type":"key","parameters":{},"actions":[{"type":"keyDown","value":"î€‡"},{"type":"pause","duration":10},{"type":"keyUp","value":"î€‡"}]}]}
COMMAND: GET /session/d392767a950b32be403e8af6fd22bfea/screenshot - {}
RESULT: {}
COMMAND: POST /session/d392767a950b32be403e8af6fd22bfea/execute/async - {"script":"<script> [1562 bytes]","args":[{"selector":{"id":"application-manageconditionprice-display-component---newCondition--condBillCond-arrow"},"wdio_ui5_key":"applicationmanageconditionprice-display-component---newCondition--condBillCond-arrow"}]}
RESULT: {"script":"<script> [1562 bytes]","args":[{"selector":{"id":"application-manageconditionprice-display-component---newCondition--condBillCond-arrow"},"wdio_ui5_key":"applicationmanageconditionprice-display-component---newCondition--condBillCond-arrow"}]}
RESULT: undefined
COMMAND: POST /session/d392767a950b32be403e8af6fd22bfea/element - {"using":"xpath","value":"//*[@id=\"application-manageconditionprice-display-component---newCondition--condBillCond-arrow\"]"}
RESULT: {"using":"xpath","value":"//*[@id=\"application-manageconditionprice-display-component---newCondition--condBillCond-arrow\"]"}
COMMAND: POST /session/d392767a950b32be403e8af6fd22bfea/element/f.609CE4280A85363DBD46210BE265599D.d.182108A472CF7C5B6B5774445E6797A7.e.8042/click - {}
RESULT: {}
COMMAND: GET /session/d392767a950b32be403e8af6fd22bfea/screenshot - {}
RESULT: {}
COMMAND: POST /session/d392767a950b32be403e8af6fd22bfea/element - {"using":"xpath","value":"//li[.//span[contains(text(), \"SAPR - Sales price\")]]"}
RESULT: {"using":"xpath","value":"//li[.//span[contains(text(), \"SAPR - Sales price\")]]"}
COMMAND: POST /session/d392767a950b32be403e8af6fd22bfea/element/f.609CE4280A85363DBD46210BE265599D.d.182108A472CF7C5B6B5774445E6797A7.e.8045/click - {}
RESULT: {}
COMMAND: GET /session/d392767a950b32be403e8af6fd22bfea/screenshot - {}
RESULT: {}
COMMAND: POST /session/d392767a950b32be403e8af6fd22bfea/execute/async - {"script":"<script> [1562 bytes]","args":[{"selector":{"id":"application-manageconditionprice-display-component---newCondition--condValidTo","interaction":{"idSuffix":"inner"}},"wdio_ui5_key":"applicationmanageconditionprice-display-component---newCondition--condValidTo"}]}
RESULT: {"script":"<script> [1562 bytes]","args":[{"selector":{"id":"application-manageconditionprice-display-component---newCondition--condValidTo","interaction":{"idSuffix":"inner"}},"wdio_ui5_key":"applicationmanageconditionprice-display-component---newCondition--condValidTo"}]}
RESULT: undefined
COMMAND: POST /session/d392767a950b32be403e8af6fd22bfea/execute/async - {"script":"<script> [776 bytes]","args":[{"enterText":"2/12/26","selector":{"id":"application-manageconditionprice-display-component---newCondition--condValidTo","interaction":{"idSuffix":"inner"}},"clearTextFirst":true,"interactionType":"ENTER_TEXT"}]}
RESULT: {"script":"<script> [776 bytes]","args":[{"enterText":"2/12/26","selector":{"id":"application-manageconditionprice-display-component---newCondition--condValidTo","interaction":{"idSuffix":"inner"}},"clearTextFirst":true,"interactionType":"ENTER_TEXT"}]}
COMMAND: POST /session/d392767a950b32be403e8af6fd22bfea/element - {"using":"xpath","value":"//input[@id=\"application-manageconditionprice-display-component---newCondition--condRU-inner\"]"}
RESULT: {"using":"xpath","value":"//input[@id=\"application-manageconditionprice-display-component---newCondition--condRU-inner\"]"}
COMMAND: POST /session/d392767a950b32be403e8af6fd22bfea/element/f.609CE4280A85363DBD46210BE265599D.d.182108A472CF7C5B6B5774445E6797A7.e.7878/clear - {}
RESULT: {}
COMMAND: POST /session/d392767a950b32be403e8af6fd22bfea/element/f.609CE4280A85363DBD46210BE265599D.d.182108A472CF7C5B6B5774445E6797A7.e.7878/value - {"text":"1l7xGqGhyI"}
COMMAND: GET /session/d392767a950b32be403e8af6fd22bfea/screenshot - {}
RESULT: {"text":"1l7xGqGhyI"}
COMMAND: GET /session/d392767a950b32be403e8af6fd22bfea/screenshot - {}
RESULT: {}
RESULT: {}
COMMAND: POST /session/d392767a950b32be403e8af6fd22bfea/actions - {"actions":[{"id":"action32","type":"key","parameters":{},"actions":[{"type":"keyDown","value":"î€‡"},{"type":"pause","duration":10},{"type":"keyUp","value":"î€‡"}]}]}
RESULT: {"actions":[{"id":"action32","type":"key","parameters":{},"actions":[{"type":"keyDown","value":"î€‡"},{"type":"pause","duration":10},{"type":"keyUp","value":"î€‡"}]}]}
COMMAND: POST /session/d392767a950b32be403e8af6fd22bfea/execute/async - {"script":"<script> [1562 bytes]","args":[{"selector":{"id":"application-manageconditionprice-display-component---newCondition--condBaseQty","interaction":{"idSuffix":"inner"}},"wdio_ui5_key":"applicationmanageconditionprice-display-component---newCondition--condBaseQty"}]}
COMMAND: GET /session/d392767a950b32be403e8af6fd22bfea/screenshot - {}
RESULT: {"script":"<script> [1562 bytes]","args":[{"selector":{"id":"application-manageconditionprice-display-component---newCondition--condBaseQty","interaction":{"idSuffix":"inner"}},"wdio_ui5_key":"applicationmanageconditionprice-display-component---newCondition--condBaseQty"}]}
RESULT: undefined
COMMAND: POST /session/d392767a950b32be403e8af6fd22bfea/execute/async - {"script":"<script> [776 bytes]","args":[{"enterText":"1","selector":{"id":"application-manageconditionprice-display-component---newCondition--condBaseQty","interaction":{"idSuffix":"inner"}},"clearTextFirst":true,"interactionType":"ENTER_TEXT"}]}
RESULT: {}
RESULT: {"script":"<script> [776 bytes]","args":[{"enterText":"1","selector":{"id":"application-manageconditionprice-display-component---newCondition--condBaseQty","interaction":{"idSuffix":"inner"}},"clearTextFirst":true,"interactionType":"ENTER_TEXT"}]}
COMMAND: POST /session/d392767a950b32be403e8af6fd22bfea/execute/async - {"script":"<script> [1562 bytes]","args":[{"selector":{"id":"application-manageconditionprice-display-component---newCondition--condValue","interaction":{"idSuffix":"inner"}},"wdio_ui5_key":"applicationmanageconditionprice-display-component---newCondition--condValue"}]}
RESULT: {"script":"<script> [1562 bytes]","args":[{"selector":{"id":"application-manageconditionprice-display-component---newCondition--condValue","interaction":{"idSuffix":"inner"}},"wdio_ui5_key":"applicationmanageconditionprice-display-component---newCondition--condValue"}]}
RESULT: undefined
COMMAND: POST /session/d392767a950b32be403e8af6fd22bfea/execute/async - {"script":"<script> [776 bytes]","args":[{"enterText":"200","selector":{"id":"application-manageconditionprice-display-component---newCondition--condValue","interaction":{"idSuffix":"inner"}},"clearTextFirst":true,"interactionType":"ENTER_TEXT"}]}
RESULT: {"script":"<script> [776 bytes]","args":[{"enterText":"200","selector":{"id":"application-manageconditionprice-display-component---newCondition--condValue","interaction":{"idSuffix":"inner"}},"clearTextFirst":true,"interactionType":"ENTER_TEXT"}]}
COMMAND: POST /session/d392767a950b32be403e8af6fd22bfea/execute/async - {"script":"<script> [1562 bytes]","args":[{"selector":{"id":"application-manageconditionprice-display-component---newCondition--condCurr-arrow"},"wdio_ui5_key":"applicationmanageconditionprice-display-component---newCondition--condCurr-arrow"}]}
RESULT: {"script":"<script> [1562 bytes]","args":[{"selector":{"id":"application-manageconditionprice-display-component---newCondition--condCurr-arrow"},"wdio_ui5_key":"applicationmanageconditionprice-display-component---newCondition--condCurr-arrow"}]}
RESULT: undefined
COMMAND: POST /session/d392767a950b32be403e8af6fd22bfea/element - {"using":"xpath","value":"//*[@id=\"application-manageconditionprice-display-component---newCondition--condCurr-arrow\"]"}
RESULT: {"using":"xpath","value":"//*[@id=\"application-manageconditionprice-display-component---newCondition--condCurr-arrow\"]"}
COMMAND: POST /session/d392767a950b32be403e8af6fd22bfea/element/f.609CE4280A85363DBD46210BE265599D.d.182108A472CF7C5B6B5774445E6797A7.e.8004/click - {}
RESULT: {}
COMMAND: POST /session/d392767a950b32be403e8af6fd22bfea/element - {"using":"xpath","value":"//span[contains(text(), \"Euro\")]"}
COMMAND: GET /session/d392767a950b32be403e8af6fd22bfea/screenshot - {}
RESULT: {"using":"xpath","value":"//span[contains(text(), \"Euro\")]"}
COMMAND: POST /session/d392767a950b32be403e8af6fd22bfea/element/f.609CE4280A85363DBD46210BE265599D.d.182108A472CF7C5B6B5774445E6797A7.e.8083/click - {}
RESULT: {}
RESULT: {}
COMMAND: POST /session/d392767a950b32be403e8af6fd22bfea/element - {"using":"xpath","value":"//button[@data-kt=\"saveButton\"]"}
COMMAND: GET /session/d392767a950b32be403e8af6fd22bfea/screenshot - {}
RESULT: {"using":"xpath","value":"//button[@data-kt=\"saveButton\"]"}
COMMAND: POST /session/d392767a950b32be403e8af6fd22bfea/element/f.609CE4280A85363DBD46210BE265599D.d.182108A472CF7C5B6B5774445E6797A7.e.8005/click - {}
RESULT: {}
RESULT: {}
COMMAND: GET /session/d392767a950b32be403e8af6fd22bfea/screenshot - {}
RESULT: {}
COMMAND: POST /session/d392767a950b32be403e8af6fd22bfea/execute/async - {"script":"<script> [1562 bytes]","args":[{"selector":{"id":"application-manageconditionprice-display-component---conditions--smartFilterBar-btnBasicSearch","interaction":{"idSuffix":"I"}},"wdio_ui5_key":"applicationmanageconditionprice-display-component---conditions--smartFilterBar-btnBasicSearch"}]}
RESULT: {"script":"<script> [1562 bytes]","args":[{"selector":{"id":"application-manageconditionprice-display-component---conditions--smartFilterBar-btnBasicSearch","interaction":{"idSuffix":"I"}},"wdio_ui5_key":"applicationmanageconditionprice-display-component---conditions--smartFilterBar-btnBasicSearch"}]}
RESULT: undefined
COMMAND: POST /session/d392767a950b32be403e8af6fd22bfea/execute/async - {"script":"<script> [776 bytes]","args":[{"enterText":"1l7xGqGhyI","selector":{"id":"application-manageconditionprice-display-component---conditions--smartFilterBar-btnBasicSearch","interaction":{"idSuffix":"I"}},"clearTextFirst":true,"interactionType":"ENTER_TEXT"}]}
RESULT: {"script":"<script> [776 bytes]","args":[{"enterText":"1l7xGqGhyI","selector":{"id":"application-manageconditionprice-display-component---conditions--smartFilterBar-btnBasicSearch","interaction":{"idSuffix":"I"}},"clearTextFirst":true,"interactionType":"ENTER_TEXT"}]}
COMMAND: POST /session/d392767a950b32be403e8af6fd22bfea/actions - {"actions":[{"id":"action33","type":"key","parameters":{},"actions":[{"type":"keyDown","value":"î€‡"},{"type":"pause","duration":10},{"type":"keyUp","value":"î€‡"}]}]}
RESULT: {"actions":[{"id":"action33","type":"key","parameters":{},"actions":[{"type":"keyDown","value":"î€‡"},{"type":"pause","duration":10},{"type":"keyUp","value":"î€‡"}]}]}
COMMAND: GET /session/d392767a950b32be403e8af6fd22bfea/screenshot - {}
RESULT: {}
COMMAND: POST /session/d392767a950b32be403e8af6fd22bfea/execute/async - {"script":"<script> [1562 bytes]","args":[{"selector":{"id":"application-manageconditionprice-display-component---conditions--smartFilterBar-filterItemControl_BASIC-BILL_TYPES-vhi"},"wdio_ui5_key":"applicationmanageconditionprice-display-component---conditions--smartFilterBar-filterItemControl_BASIC-BILL_TYPES-vhi"}]}
RESULT: {"script":"<script> [1562 bytes]","args":[{"selector":{"id":"application-manageconditionprice-display-component---conditions--smartFilterBar-filterItemControl_BASIC-BILL_TYPES-vhi"},"wdio_ui5_key":"applicationmanageconditionprice-display-component---conditions--smartFilterBar-filterItemControl_BASIC-BILL_TYPES-vhi"}]}
RESULT: undefined
COMMAND: POST /session/d392767a950b32be403e8af6fd22bfea/element - {"using":"xpath","value":"//*[@id=\"application-manageconditionprice-display-component---conditions--smartFilterBar-filterItemControl_BASIC-BILL_TYPES-vhi\"]"}
RESULT: {"using":"xpath","value":"//*[@id=\"application-manageconditionprice-display-component---conditions--smartFilterBar-filterItemControl_BASIC-BILL_TYPES-vhi\"]"}
COMMAND: POST /session/d392767a950b32be403e8af6fd22bfea/element/f.609CE4280A85363DBD46210BE265599D.d.182108A472CF7C5B6B5774445E6797A7.e.8183/click - {}
RESULT: {}
COMMAND: POST /session/d392767a950b32be403e8af6fd22bfea/execute/async - {"script":"<script> [1562 bytes]","args":[{"selector":{"id":"application-manageconditionprice-display-component---conditions--smartFilterBar-filterItemControl_BASIC-BILL_TYPES-valueHelpDialog-smartFilterBar-btnBasicSearch","searchOpenDialogs":true,"interaction":{"idSuffix":"I"}},"wdio_ui5_key":"applicationmanageconditionprice-display-component---conditions--smartFilterBar-filterItemControl_BASIC-BILL_TYPES-valueHelpDialog-smartFilterBar-btnBasicSearch"}]}
COMMAND: GET /session/d392767a950b32be403e8af6fd22bfea/screenshot - {}
RESULT: {"script":"<script> [1562 bytes]","args":[{"selector":{"id":"application-manageconditionprice-display-component---conditions--smartFilterBar-filterItemControl_BASIC-BILL_TYPES-valueHelpDialog-smartFilterBar-btnBasicSearch","searchOpenDialogs":true,"interaction":{"idSuffix":"I"}},"wdio_ui5_key":"applicationmanageconditionprice-display-component---conditions--smartFilterBar-filterItemControl_BASIC-BILL_TYPES-valueHelpDialog-smartFilterBar-btnBasicSearch"}]}
RESULT: undefined
COMMAND: POST /session/d392767a950b32be403e8af6fd22bfea/execute/async - {"script":"<script> [776 bytes]","args":[{"enterText":"one","selector":{"id":"application-manageconditionprice-display-component---conditions--smartFilterBar-filterItemControl_BASIC-BILL_TYPES-valueHelpDialog-smartFilterBar-btnBasicSearch","searchOpenDialogs":true,"interaction":{"idSuffix":"I"}},"clearTextFirst":true,"interactionType":"ENTER_TEXT"}]}
RESULT: {}
RESULT: {"script":"<script> [776 bytes]","args":[{"enterText":"one","selector":{"id":"application-manageconditionprice-display-component---conditions--smartFilterBar-filterItemControl_BASIC-BILL_TYPES-valueHelpDialog-smartFilterBar-btnBasicSearch","searchOpenDialogs":true,"interaction":{"idSuffix":"I"}},"clearTextFirst":true,"interactionType":"ENTER_TEXT"}]}
COMMAND: POST /session/d392767a950b32be403e8af6fd22bfea/actions - {"actions":[{"id":"action34","type":"key","parameters":{},"actions":[{"type":"keyDown","value":"î€‡"},{"type":"pause","duration":10},{"type":"keyUp","value":"î€‡"}]}]}
RESULT: {"actions":[{"id":"action34","type":"key","parameters":{},"actions":[{"type":"keyDown","value":"î€‡"},{"type":"pause","duration":10},{"type":"keyUp","value":"î€‡"}]}]}
COMMAND: GET /session/d392767a950b32be403e8af6fd22bfea/screenshot - {}
RESULT: {}
COMMAND: POST /session/d392767a950b32be403e8af6fd22bfea/element - {"using":"xpath","value":"//div[contains(@id, 'application-manageconditionprice-display-component---conditions--smartFilterBar-filterItemControl_BASIC-BILL_TYPES-valueHelpDialog-table-rowsel0')]"}
RESULT: {"using":"xpath","value":"//div[contains(@id, 'application-manageconditionprice-display-component---conditions--smartFilterBar-filterItemControl_BASIC-BILL_TYPES-valueHelpDialog-table-rowsel0')]"}
COMMAND: POST /session/d392767a950b32be403e8af6fd22bfea/element/f.609CE4280A85363DBD46210BE265599D.d.182108A472CF7C5B6B5774445E6797A7.e.8192/click - {}
RESULT: {}
COMMAND: GET /session/d392767a950b32be403e8af6fd22bfea/screenshot - {}
RESULT: {}
COMMAND: POST /session/d392767a950b32be403e8af6fd22bfea/element - {"using":"xpath","value":"//bdi[contains(text(), \"OK\")]"}
RESULT: {"using":"xpath","value":"//bdi[contains(text(), \"OK\")]"}
COMMAND: POST /session/d392767a950b32be403e8af6fd22bfea/element/f.609CE4280A85363DBD46210BE265599D.d.182108A472CF7C5B6B5774445E6797A7.e.8194/click - {}
RESULT: {}
COMMAND: GET /session/d392767a950b32be403e8af6fd22bfea/screenshot - {}
RESULT: {}
COMMAND: POST /session/d392767a950b32be403e8af6fd22bfea/element - {"using":"xpath","value":"//span[@id=\"application-manageconditionprice-display-component---conditions--smartTable-header-inner\"]"}
RESULT: {"using":"xpath","value":"//span[@id=\"application-manageconditionprice-display-component---conditions--smartTable-header-inner\"]"}
COMMAND: POST /session/d392767a950b32be403e8af6fd22bfea/elements - {"using":"xpath","value":"//span[@id=\"application-manageconditionprice-display-component---conditions--smartTable-header-inner\"]"}
RESULT: {"using":"xpath","value":"//span[@id=\"application-manageconditionprice-display-component---conditions--smartTable-header-inner\"]"}
COMMAND: POST /session/d392767a950b32be403e8af6fd22bfea/execute/sync - {"script":"<script> [56 bytes]","args":[{"element-6066-11e4-a52e-4f735466cecf":"f.609CE4280A85363DBD46210BE265599D.d.182108A472CF7C5B6B5774445E6797A7.e.8197","ELEMENT":"f.609CE4280A85363DBD46210BE265599D.d.182108A472CF7C5B6B5774445E6797A7.e.8197"}]}
RESULT: {"script":"<script> [56 bytes]","args":[{"element-6066-11e4-a52e-4f735466cecf":"f.609CE4280A85363DBD46210BE265599D.d.182108A472CF7C5B6B5774445E6797A7.e.8197","ELEMENT":"f.609CE4280A85363DBD46210BE265599D.d.182108A472CF7C5B6B5774445E6797A7.e.8197"}]}
COMMAND: POST /session/d392767a950b32be403e8af6fd22bfea/element - {"using":"css selector","value":"#shell-header-logo"}
COMMAND: GET /session/d392767a950b32be403e8af6fd22bfea/screenshot - {}
RESULT: {"using":"css selector","value":"#shell-header-logo"}
COMMAND: POST /session/d392767a950b32be403e8af6fd22bfea/element/f.609CE4280A85363DBD46210BE265599D.d.182108A472CF7C5B6B5774445E6797A7.e.7830/click - {}
RESULT: {}
RESULT: {}
COMMAND: GET /session/d392767a950b32be403e8af6fd22bfea/screenshot - {}
RESULT: {}
]]></system-out>
    </testcase>
    <testcase classname="chrome.137_0_7151_69.windows.Create_master_data_for_mixed_billing_&amp;_do_billing_calculation_US151661" name="Should add performance based condition" time="59.637">
      <system-out><![CDATA[
RESULT: undefined
COMMAND: POST /session/d392767a950b32be403e8af6fd22bfea/element - {"using":"xpath","value":"//*[@id=\"__tile55\"]"}
RESULT: {"using":"xpath","value":"//*[@id=\"__tile55\"]"}
COMMAND: POST /session/d392767a950b32be403e8af6fd22bfea/element/f.609CE4280A85363DBD46210BE265599D.d.182108A472CF7C5B6B5774445E6797A7.e.4563/click - {}
RESULT: {}
COMMAND: GET /session/d392767a950b32be403e8af6fd22bfea/screenshot - {}
RESULT: {}
COMMAND: POST /session/d392767a950b32be403e8af6fd22bfea/elements - {"using":"xpath","value":"//span[text()='Error']"}
RESULT: {"using":"xpath","value":"//span[text()='Error']"}
COMMAND: POST /session/d392767a950b32be403e8af6fd22bfea/element - {"using":"xpath","value":"//button[@aria-label=\"Create\"]"}
RESULT: {"using":"xpath","value":"//button[@aria-label=\"Create\"]"}
COMMAND: POST /session/d392767a950b32be403e8af6fd22bfea/elements - {"using":"xpath","value":"//button[@aria-label=\"Create\"]"}
RESULT: {"using":"xpath","value":"//button[@aria-label=\"Create\"]"}
COMMAND: POST /session/d392767a950b32be403e8af6fd22bfea/execute/sync - {"script":"<script> [8489 bytes]","args":[{"element-6066-11e4-a52e-4f735466cecf":"f.609CE4280A85363DBD46210BE265599D.d.182108A472CF7C5B6B5774445E6797A7.e.8248","ELEMENT":"f.609CE4280A85363DBD46210BE265599D.d.182108A472CF7C5B6B5774445E6797A7.e.8248"}]}
RESULT: {"script":"<script> [8489 bytes]","args":[{"element-6066-11e4-a52e-4f735466cecf":"f.609CE4280A85363DBD46210BE265599D.d.182108A472CF7C5B6B5774445E6797A7.e.8248","ELEMENT":"f.609CE4280A85363DBD46210BE265599D.d.182108A472CF7C5B6B5774445E6797A7.e.8248"}]}
COMMAND: GET /session/d392767a950b32be403e8af6fd22bfea/element/f.609CE4280A85363DBD46210BE265599D.d.182108A472CF7C5B6B5774445E6797A7.e.8248/enabled - {}
COMMAND: GET /session/d392767a950b32be403e8af6fd22bfea/screenshot - {}
RESULT: {}
COMMAND: POST /session/d392767a950b32be403e8af6fd22bfea/execute/sync - {"script":"<script> [8489 bytes]","args":[{"element-6066-11e4-a52e-4f735466cecf":"f.609CE4280A85363DBD46210BE265599D.d.182108A472CF7C5B6B5774445E6797A7.e.8248","ELEMENT":"f.609CE4280A85363DBD46210BE265599D.d.182108A472CF7C5B6B5774445E6797A7.e.8248"}]}
COMMAND: GET /session/d392767a950b32be403e8af6fd22bfea/screenshot - {}
RESULT: {}
RESULT: {"script":"<script> [8489 bytes]","args":[{"element-6066-11e4-a52e-4f735466cecf":"f.609CE4280A85363DBD46210BE265599D.d.182108A472CF7C5B6B5774445E6797A7.e.8248","ELEMENT":"f.609CE4280A85363DBD46210BE265599D.d.182108A472CF7C5B6B5774445E6797A7.e.8248"}]}
COMMAND: POST /session/d392767a950b32be403e8af6fd22bfea/execute/sync - {"script":"<script> [5351 bytes]","args":[{"element-6066-11e4-a52e-4f735466cecf":"f.609CE4280A85363DBD46210BE265599D.d.182108A472CF7C5B6B5774445E6797A7.e.8248","ELEMENT":"f.609CE4280A85363DBD46210BE265599D.d.182108A472CF7C5B6B5774445E6797A7.e.8248"}]}
COMMAND: GET /session/d392767a950b32be403e8af6fd22bfea/screenshot - {}
RESULT: {}
RESULT: {"script":"<script> [5351 bytes]","args":[{"element-6066-11e4-a52e-4f735466cecf":"f.609CE4280A85363DBD46210BE265599D.d.182108A472CF7C5B6B5774445E6797A7.e.8248","ELEMENT":"f.609CE4280A85363DBD46210BE265599D.d.182108A472CF7C5B6B5774445E6797A7.e.8248"}]}
COMMAND: POST /session/d392767a950b32be403e8af6fd22bfea/element/f.609CE4280A85363DBD46210BE265599D.d.182108A472CF7C5B6B5774445E6797A7.e.8248/click - {}
COMMAND: GET /session/d392767a950b32be403e8af6fd22bfea/screenshot - {}
RESULT: {}
RESULT: {}
COMMAND: GET /session/d392767a950b32be403e8af6fd22bfea/screenshot - {}
RESULT: {}
RESULT: {}
COMMAND: POST /session/d392767a950b32be403e8af6fd22bfea/actions - {"actions":[{"id":"action35","type":"key","parameters":{},"actions":[{"type":"keyDown","value":"î€‡"},{"type":"pause","duration":10},{"type":"keyUp","value":"î€‡"}]}]}
RESULT: {"actions":[{"id":"action35","type":"key","parameters":{},"actions":[{"type":"keyDown","value":"î€‡"},{"type":"pause","duration":10},{"type":"keyUp","value":"î€‡"}]}]}
COMMAND: GET /session/d392767a950b32be403e8af6fd22bfea/screenshot - {}
RESULT: {}
RESULT: undefined
COMMAND: POST /session/d392767a950b32be403e8af6fd22bfea/element - {"using":"xpath","value":"//*[@id=\"application-manageconditionprice-display-component---newCondition--condBillCond-arrow\"]"}
RESULT: {"using":"xpath","value":"//*[@id=\"application-manageconditionprice-display-component---newCondition--condBillCond-arrow\"]"}
COMMAND: POST /session/d392767a950b32be403e8af6fd22bfea/element/f.609CE4280A85363DBD46210BE265599D.d.182108A472CF7C5B6B5774445E6797A7.e.8501/click - {}
RESULT: {}
COMMAND: GET /session/d392767a950b32be403e8af6fd22bfea/screenshot - {}
RESULT: {}
COMMAND: POST /session/d392767a950b32be403e8af6fd22bfea/element - {"using":"xpath","value":"//li[.//span[contains(text(), \"PC06 - Performance Price - fuel\")]]"}
RESULT: {"using":"xpath","value":"//li[.//span[contains(text(), \"PC06 - Performance Price - fuel\")]]"}
COMMAND: POST /session/d392767a950b32be403e8af6fd22bfea/element/f.609CE4280A85363DBD46210BE265599D.d.182108A472CF7C5B6B5774445E6797A7.e.8504/click - {}
RESULT: {}
COMMAND: GET /session/d392767a950b32be403e8af6fd22bfea/screenshot - {}
RESULT: {}
RESULT: undefined
COMMAND: POST /session/d392767a950b32be403e8af6fd22bfea/execute/async - {"script":"<script> [776 bytes]","args":[{"enterText":"2/12/26","selector":{"id":"application-manageconditionprice-display-component---newCondition--condValidTo","interaction":{"idSuffix":"inner"}},"clearTextFirst":true,"interactionType":"ENTER_TEXT"}]}
RESULT: {"script":"<script> [776 bytes]","args":[{"enterText":"2/12/26","selector":{"id":"application-manageconditionprice-display-component---newCondition--condValidTo","interaction":{"idSuffix":"inner"}},"clearTextFirst":true,"interactionType":"ENTER_TEXT"}]}
COMMAND: POST /session/d392767a950b32be403e8af6fd22bfea/element - {"using":"xpath","value":"//input[@id=\"application-manageconditionprice-display-component---newCondition--condRU-inner\"]"}
RESULT: {"using":"xpath","value":"//input[@id=\"application-manageconditionprice-display-component---newCondition--condRU-inner\"]"}
COMMAND: POST /session/d392767a950b32be403e8af6fd22bfea/element/f.609CE4280A85363DBD46210BE265599D.d.182108A472CF7C5B6B5774445E6797A7.e.8323/clear - {}
RESULT: {}
COMMAND: POST /session/d392767a950b32be403e8af6fd22bfea/element/f.609CE4280A85363DBD46210BE265599D.d.182108A472CF7C5B6B5774445E6797A7.e.8323/value - {"text":"1l7xGqGhyI"}
COMMAND: GET /session/d392767a950b32be403e8af6fd22bfea/screenshot - {}
RESULT: {"text":"1l7xGqGhyI"}
COMMAND: GET /session/d392767a950b32be403e8af6fd22bfea/screenshot - {}
RESULT: {}
RESULT: {}
COMMAND: POST /session/d392767a950b32be403e8af6fd22bfea/actions - {"actions":[{"id":"action36","type":"key","parameters":{},"actions":[{"type":"keyDown","value":"î€‡"},{"type":"pause","duration":10},{"type":"keyUp","value":"î€‡"}]}]}
RESULT: {"actions":[{"id":"action36","type":"key","parameters":{},"actions":[{"type":"keyDown","value":"î€‡"},{"type":"pause","duration":10},{"type":"keyUp","value":"î€‡"}]}]}
RESULT: undefined
COMMAND: POST /session/d392767a950b32be403e8af6fd22bfea/execute/async - {"script":"<script> [776 bytes]","args":[{"enterText":"1","selector":{"id":"application-manageconditionprice-display-component---newCondition--condBaseQty","interaction":{"idSuffix":"inner"}},"clearTextFirst":true,"interactionType":"ENTER_TEXT"}]}
COMMAND: GET /session/d392767a950b32be403e8af6fd22bfea/screenshot - {}
RESULT: {"script":"<script> [776 bytes]","args":[{"enterText":"1","selector":{"id":"application-manageconditionprice-display-component---newCondition--condBaseQty","interaction":{"idSuffix":"inner"}},"clearTextFirst":true,"interactionType":"ENTER_TEXT"}]}
RESULT: undefined
COMMAND: POST /session/d392767a950b32be403e8af6fd22bfea/execute/async - {"script":"<script> [776 bytes]","args":[{"enterText":"10","selector":{"id":"application-manageconditionprice-display-component---newCondition--condValue","interaction":{"idSuffix":"inner"}},"clearTextFirst":true,"interactionType":"ENTER_TEXT"}]}
RESULT: {}
RESULT: {"script":"<script> [776 bytes]","args":[{"enterText":"10","selector":{"id":"application-manageconditionprice-display-component---newCondition--condValue","interaction":{"idSuffix":"inner"}},"clearTextFirst":true,"interactionType":"ENTER_TEXT"}]}
RESULT: undefined
COMMAND: POST /session/d392767a950b32be403e8af6fd22bfea/element - {"using":"xpath","value":"//*[@id=\"application-manageconditionprice-display-component---newCondition--condCurr-arrow\"]"}
RESULT: {"using":"xpath","value":"//*[@id=\"application-manageconditionprice-display-component---newCondition--condCurr-arrow\"]"}
COMMAND: POST /session/d392767a950b32be403e8af6fd22bfea/element/f.609CE4280A85363DBD46210BE265599D.d.182108A472CF7C5B6B5774445E6797A7.e.8462/click - {}
RESULT: {}
COMMAND: POST /session/d392767a950b32be403e8af6fd22bfea/element - {"using":"xpath","value":"//span[contains(text(), \"Euro\")]"}
COMMAND: GET /session/d392767a950b32be403e8af6fd22bfea/screenshot - {}
RESULT: {"using":"xpath","value":"//span[contains(text(), \"Euro\")]"}
COMMAND: POST /session/d392767a950b32be403e8af6fd22bfea/element/f.609CE4280A85363DBD46210BE265599D.d.182108A472CF7C5B6B5774445E6797A7.e.8538/click - {}
RESULT: {}
RESULT: {}
COMMAND: POST /session/d392767a950b32be403e8af6fd22bfea/element - {"using":"xpath","value":"//button[@data-kt=\"saveButton\"]"}
COMMAND: GET /session/d392767a950b32be403e8af6fd22bfea/screenshot - {}
RESULT: {"using":"xpath","value":"//button[@data-kt=\"saveButton\"]"}
COMMAND: POST /session/d392767a950b32be403e8af6fd22bfea/element/f.609CE4280A85363DBD46210BE265599D.d.182108A472CF7C5B6B5774445E6797A7.e.8463/click - {}
RESULT: {}
RESULT: {}
COMMAND: GET /session/d392767a950b32be403e8af6fd22bfea/screenshot - {}
RESULT: {}
RESULT: undefined
COMMAND: POST /session/d392767a950b32be403e8af6fd22bfea/execute/async - {"script":"<script> [776 bytes]","args":[{"enterText":"1l7xGqGhyI","selector":{"id":"application-manageconditionprice-display-component---conditions--smartFilterBar-btnBasicSearch","interaction":{"idSuffix":"I"}},"clearTextFirst":true,"interactionType":"ENTER_TEXT"}]}
RESULT: {"script":"<script> [776 bytes]","args":[{"enterText":"1l7xGqGhyI","selector":{"id":"application-manageconditionprice-display-component---conditions--smartFilterBar-btnBasicSearch","interaction":{"idSuffix":"I"}},"clearTextFirst":true,"interactionType":"ENTER_TEXT"}]}
COMMAND: POST /session/d392767a950b32be403e8af6fd22bfea/actions - {"actions":[{"id":"action37","type":"key","parameters":{},"actions":[{"type":"keyDown","value":"î€‡"},{"type":"pause","duration":10},{"type":"keyUp","value":"î€‡"}]}]}
RESULT: {"actions":[{"id":"action37","type":"key","parameters":{},"actions":[{"type":"keyDown","value":"î€‡"},{"type":"pause","duration":10},{"type":"keyUp","value":"î€‡"}]}]}
COMMAND: GET /session/d392767a950b32be403e8af6fd22bfea/screenshot - {}
RESULT: {}
RESULT: undefined
COMMAND: POST /session/d392767a950b32be403e8af6fd22bfea/element - {"using":"xpath","value":"//*[@id=\"application-manageconditionprice-display-component---conditions--smartFilterBar-filterItemControl_BASIC-BILL_TYPES-vhi\"]"}
RESULT: {"using":"xpath","value":"//*[@id=\"application-manageconditionprice-display-component---conditions--smartFilterBar-filterItemControl_BASIC-BILL_TYPES-vhi\"]"}
COMMAND: POST /session/d392767a950b32be403e8af6fd22bfea/element/f.609CE4280A85363DBD46210BE265599D.d.182108A472CF7C5B6B5774445E6797A7.e.8574/click - {}
RESULT: {}
RESULT: undefined
COMMAND: POST /session/d392767a950b32be403e8af6fd22bfea/execute/async - {"script":"<script> [776 bytes]","args":[{"enterText":"PB","selector":{"id":"application-manageconditionprice-display-component---conditions--smartFilterBar-filterItemControl_BASIC-BILL_TYPES-valueHelpDialog-smartFilterBar-btnBasicSearch","searchOpenDialogs":true,"interaction":{"idSuffix":"I"}},"clearTextFirst":true,"interactionType":"ENTER_TEXT"}]}
COMMAND: GET /session/d392767a950b32be403e8af6fd22bfea/screenshot - {}
RESULT: {"script":"<script> [776 bytes]","args":[{"enterText":"PB","selector":{"id":"application-manageconditionprice-display-component---conditions--smartFilterBar-filterItemControl_BASIC-BILL_TYPES-valueHelpDialog-smartFilterBar-btnBasicSearch","searchOpenDialogs":true,"interaction":{"idSuffix":"I"}},"clearTextFirst":true,"interactionType":"ENTER_TEXT"}]}
COMMAND: POST /session/d392767a950b32be403e8af6fd22bfea/actions - {"actions":[{"id":"action38","type":"key","parameters":{},"actions":[{"type":"keyDown","value":"î€‡"},{"type":"pause","duration":10},{"type":"keyUp","value":"î€‡"}]}]}
RESULT: {}
RESULT: {"actions":[{"id":"action38","type":"key","parameters":{},"actions":[{"type":"keyDown","value":"î€‡"},{"type":"pause","duration":10},{"type":"keyUp","value":"î€‡"}]}]}
COMMAND: GET /session/d392767a950b32be403e8af6fd22bfea/screenshot - {}
RESULT: {}
COMMAND: POST /session/d392767a950b32be403e8af6fd22bfea/element - {"using":"xpath","value":"//div[contains(@id, 'application-manageconditionprice-display-component---conditions--smartFilterBar-filterItemControl_BASIC-BILL_TYPES-valueHelpDialog-table-rowsel0')]"}
RESULT: {"using":"xpath","value":"//div[contains(@id, 'application-manageconditionprice-display-component---conditions--smartFilterBar-filterItemControl_BASIC-BILL_TYPES-valueHelpDialog-table-rowsel0')]"}
COMMAND: POST /session/d392767a950b32be403e8af6fd22bfea/element/f.609CE4280A85363DBD46210BE265599D.d.182108A472CF7C5B6B5774445E6797A7.e.8582/click - {}
RESULT: {}
COMMAND: GET /session/d392767a950b32be403e8af6fd22bfea/screenshot - {}
RESULT: {}
COMMAND: POST /session/d392767a950b32be403e8af6fd22bfea/element - {"using":"xpath","value":"//bdi[contains(text(), \"OK\")]"}
RESULT: {"using":"xpath","value":"//bdi[contains(text(), \"OK\")]"}
COMMAND: POST /session/d392767a950b32be403e8af6fd22bfea/element/f.609CE4280A85363DBD46210BE265599D.d.182108A472CF7C5B6B5774445E6797A7.e.8584/click - {}
RESULT: {}
COMMAND: GET /session/d392767a950b32be403e8af6fd22bfea/screenshot - {}
RESULT: {}
COMMAND: POST /session/d392767a950b32be403e8af6fd22bfea/element - {"using":"xpath","value":"//span[@id=\"application-manageconditionprice-display-component---conditions--smartTable-header-inner\"]"}
RESULT: {"using":"xpath","value":"//span[@id=\"application-manageconditionprice-display-component---conditions--smartTable-header-inner\"]"}
COMMAND: POST /session/d392767a950b32be403e8af6fd22bfea/elements - {"using":"xpath","value":"//span[@id=\"application-manageconditionprice-display-component---conditions--smartTable-header-inner\"]"}
RESULT: {"using":"xpath","value":"//span[@id=\"application-manageconditionprice-display-component---conditions--smartTable-header-inner\"]"}
COMMAND: POST /session/d392767a950b32be403e8af6fd22bfea/execute/sync - {"script":"<script> [56 bytes]","args":[{"element-6066-11e4-a52e-4f735466cecf":"f.609CE4280A85363DBD46210BE265599D.d.182108A472CF7C5B6B5774445E6797A7.e.8587","ELEMENT":"f.609CE4280A85363DBD46210BE265599D.d.182108A472CF7C5B6B5774445E6797A7.e.8587"}]}
RESULT: {"script":"<script> [56 bytes]","args":[{"element-6066-11e4-a52e-4f735466cecf":"f.609CE4280A85363DBD46210BE265599D.d.182108A472CF7C5B6B5774445E6797A7.e.8587","ELEMENT":"f.609CE4280A85363DBD46210BE265599D.d.182108A472CF7C5B6B5774445E6797A7.e.8587"}]}
COMMAND: POST /session/d392767a950b32be403e8af6fd22bfea/element - {"using":"css selector","value":"#shell-header-logo"}
COMMAND: GET /session/d392767a950b32be403e8af6fd22bfea/screenshot - {}
RESULT: {}
RESULT: {"using":"css selector","value":"#shell-header-logo"}
COMMAND: POST /session/d392767a950b32be403e8af6fd22bfea/element/f.609CE4280A85363DBD46210BE265599D.d.182108A472CF7C5B6B5774445E6797A7.e.8205/click - {}
RESULT: {}
COMMAND: GET /session/d392767a950b32be403e8af6fd22bfea/screenshot - {}
RESULT: {}
]]></system-out>
    </testcase>
    <testcase classname="chrome.137_0_7151_69.windows.Create_master_data_for_mixed_billing_&amp;_do_billing_calculation_US151661" name="Should add time based condition" time="60.847">
      <system-out><![CDATA[
RESULT: undefined
COMMAND: POST /session/d392767a950b32be403e8af6fd22bfea/element - {"using":"xpath","value":"//*[@id=\"__tile55\"]"}
RESULT: {"using":"xpath","value":"//*[@id=\"__tile55\"]"}
COMMAND: POST /session/d392767a950b32be403e8af6fd22bfea/element/f.609CE4280A85363DBD46210BE265599D.d.182108A472CF7C5B6B5774445E6797A7.e.4563/click - {}
RESULT: {}
COMMAND: GET /session/d392767a950b32be403e8af6fd22bfea/screenshot - {}
COMMAND: POST /session/d392767a950b32be403e8af6fd22bfea/elements - {"using":"xpath","value":"//span[text()='Error']"}
RESULT: {}
RESULT: {"using":"xpath","value":"//span[text()='Error']"}
COMMAND: POST /session/d392767a950b32be403e8af6fd22bfea/element - {"using":"xpath","value":"//button[@aria-label=\"Create\"]"}
RESULT: {"using":"xpath","value":"//button[@aria-label=\"Create\"]"}
COMMAND: POST /session/d392767a950b32be403e8af6fd22bfea/elements - {"using":"xpath","value":"//button[@aria-label=\"Create\"]"}
RESULT: {"using":"xpath","value":"//button[@aria-label=\"Create\"]"}
COMMAND: POST /session/d392767a950b32be403e8af6fd22bfea/execute/sync - {"script":"<script> [8489 bytes]","args":[{"element-6066-11e4-a52e-4f735466cecf":"f.609CE4280A85363DBD46210BE265599D.d.182108A472CF7C5B6B5774445E6797A7.e.8624","ELEMENT":"f.609CE4280A85363DBD46210BE265599D.d.182108A472CF7C5B6B5774445E6797A7.e.8624"}]}
RESULT: {"script":"<script> [8489 bytes]","args":[{"element-6066-11e4-a52e-4f735466cecf":"f.609CE4280A85363DBD46210BE265599D.d.182108A472CF7C5B6B5774445E6797A7.e.8624","ELEMENT":"f.609CE4280A85363DBD46210BE265599D.d.182108A472CF7C5B6B5774445E6797A7.e.8624"}]}
COMMAND: GET /session/d392767a950b32be403e8af6fd22bfea/element/f.609CE4280A85363DBD46210BE265599D.d.182108A472CF7C5B6B5774445E6797A7.e.8624/enabled - {}
COMMAND: GET /session/d392767a950b32be403e8af6fd22bfea/screenshot - {}
RESULT: {}
COMMAND: POST /session/d392767a950b32be403e8af6fd22bfea/execute/sync - {"script":"<script> [8489 bytes]","args":[{"element-6066-11e4-a52e-4f735466cecf":"f.609CE4280A85363DBD46210BE265599D.d.182108A472CF7C5B6B5774445E6797A7.e.8624","ELEMENT":"f.609CE4280A85363DBD46210BE265599D.d.182108A472CF7C5B6B5774445E6797A7.e.8624"}]}
COMMAND: GET /session/d392767a950b32be403e8af6fd22bfea/screenshot - {}
RESULT: {}
RESULT: {"script":"<script> [8489 bytes]","args":[{"element-6066-11e4-a52e-4f735466cecf":"f.609CE4280A85363DBD46210BE265599D.d.182108A472CF7C5B6B5774445E6797A7.e.8624","ELEMENT":"f.609CE4280A85363DBD46210BE265599D.d.182108A472CF7C5B6B5774445E6797A7.e.8624"}]}
COMMAND: POST /session/d392767a950b32be403e8af6fd22bfea/execute/sync - {"script":"<script> [5351 bytes]","args":[{"element-6066-11e4-a52e-4f735466cecf":"f.609CE4280A85363DBD46210BE265599D.d.182108A472CF7C5B6B5774445E6797A7.e.8624","ELEMENT":"f.609CE4280A85363DBD46210BE265599D.d.182108A472CF7C5B6B5774445E6797A7.e.8624"}]}
COMMAND: GET /session/d392767a950b32be403e8af6fd22bfea/screenshot - {}
RESULT: {}
RESULT: {"script":"<script> [5351 bytes]","args":[{"element-6066-11e4-a52e-4f735466cecf":"f.609CE4280A85363DBD46210BE265599D.d.182108A472CF7C5B6B5774445E6797A7.e.8624","ELEMENT":"f.609CE4280A85363DBD46210BE265599D.d.182108A472CF7C5B6B5774445E6797A7.e.8624"}]}
COMMAND: POST /session/d392767a950b32be403e8af6fd22bfea/element/f.609CE4280A85363DBD46210BE265599D.d.182108A472CF7C5B6B5774445E6797A7.e.8624/click - {}
COMMAND: GET /session/d392767a950b32be403e8af6fd22bfea/screenshot - {}
RESULT: {}
RESULT: {}
COMMAND: GET /session/d392767a950b32be403e8af6fd22bfea/screenshot - {}
RESULT: {}
RESULT: {}
COMMAND: POST /session/d392767a950b32be403e8af6fd22bfea/actions - {"actions":[{"id":"action39","type":"key","parameters":{},"actions":[{"type":"keyDown","value":"î€‡"},{"type":"pause","duration":10},{"type":"keyUp","value":"î€‡"}]}]}
RESULT: {"actions":[{"id":"action39","type":"key","parameters":{},"actions":[{"type":"keyDown","value":"î€‡"},{"type":"pause","duration":10},{"type":"keyUp","value":"î€‡"}]}]}
COMMAND: GET /session/d392767a950b32be403e8af6fd22bfea/screenshot - {}
RESULT: {}
RESULT: undefined
COMMAND: POST /session/d392767a950b32be403e8af6fd22bfea/element - {"using":"xpath","value":"//*[@id=\"application-manageconditionprice-display-component---newCondition--condBillCond-arrow\"]"}
RESULT: {"using":"xpath","value":"//*[@id=\"application-manageconditionprice-display-component---newCondition--condBillCond-arrow\"]"}
COMMAND: POST /session/d392767a950b32be403e8af6fd22bfea/element/f.609CE4280A85363DBD46210BE265599D.d.182108A472CF7C5B6B5774445E6797A7.e.8917/click - {}
RESULT: {}
COMMAND: GET /session/d392767a950b32be403e8af6fd22bfea/screenshot - {}
RESULT: {}
COMMAND: POST /session/d392767a950b32be403e8af6fd22bfea/element - {"using":"xpath","value":"//li[.//span[contains(text(), \"DISP - D&I special price\")]]"}
RESULT: {"using":"xpath","value":"//li[.//span[contains(text(), \"DISP - D&I special price\")]]"}
COMMAND: POST /session/d392767a950b32be403e8af6fd22bfea/element/f.609CE4280A85363DBD46210BE265599D.d.182108A472CF7C5B6B5774445E6797A7.e.8920/click - {}
RESULT: {}
COMMAND: GET /session/d392767a950b32be403e8af6fd22bfea/screenshot - {}
RESULT: {}
RESULT: undefined
COMMAND: POST /session/d392767a950b32be403e8af6fd22bfea/execute/async - {"script":"<script> [776 bytes]","args":[{"enterText":"2/12/26","selector":{"id":"application-manageconditionprice-display-component---newCondition--condValidTo","interaction":{"idSuffix":"inner"}},"clearTextFirst":true,"interactionType":"ENTER_TEXT"}]}
RESULT: {"script":"<script> [776 bytes]","args":[{"enterText":"2/12/26","selector":{"id":"application-manageconditionprice-display-component---newCondition--condValidTo","interaction":{"idSuffix":"inner"}},"clearTextFirst":true,"interactionType":"ENTER_TEXT"}]}
COMMAND: POST /session/d392767a950b32be403e8af6fd22bfea/element - {"using":"xpath","value":"//input[@id=\"application-manageconditionprice-display-component---newCondition--condRU-inner\"]"}
RESULT: {"using":"xpath","value":"//input[@id=\"application-manageconditionprice-display-component---newCondition--condRU-inner\"]"}
COMMAND: POST /session/d392767a950b32be403e8af6fd22bfea/element/f.609CE4280A85363DBD46210BE265599D.d.182108A472CF7C5B6B5774445E6797A7.e.8697/clear - {}
RESULT: {}
COMMAND: POST /session/d392767a950b32be403e8af6fd22bfea/element/f.609CE4280A85363DBD46210BE265599D.d.182108A472CF7C5B6B5774445E6797A7.e.8697/value - {"text":"1l7xGqGhyI"}
COMMAND: GET /session/d392767a950b32be403e8af6fd22bfea/screenshot - {}
RESULT: {"text":"1l7xGqGhyI"}
COMMAND: GET /session/d392767a950b32be403e8af6fd22bfea/screenshot - {}
RESULT: {}
RESULT: {}
COMMAND: POST /session/d392767a950b32be403e8af6fd22bfea/actions - {"actions":[{"id":"action40","type":"key","parameters":{},"actions":[{"type":"keyDown","value":"î€‡"},{"type":"pause","duration":10},{"type":"keyUp","value":"î€‡"}]}]}
RESULT: {"actions":[{"id":"action40","type":"key","parameters":{},"actions":[{"type":"keyDown","value":"î€‡"},{"type":"pause","duration":10},{"type":"keyUp","value":"î€‡"}]}]}
RESULT: undefined
COMMAND: POST /session/d392767a950b32be403e8af6fd22bfea/execute/async - {"script":"<script> [776 bytes]","args":[{"enterText":"1","selector":{"id":"application-manageconditionprice-display-component---newCondition--condBaseQty","interaction":{"idSuffix":"inner"}},"clearTextFirst":true,"interactionType":"ENTER_TEXT"}]}
COMMAND: GET /session/d392767a950b32be403e8af6fd22bfea/screenshot - {}
RESULT: {"script":"<script> [776 bytes]","args":[{"enterText":"1","selector":{"id":"application-manageconditionprice-display-component---newCondition--condBaseQty","interaction":{"idSuffix":"inner"}},"clearTextFirst":true,"interactionType":"ENTER_TEXT"}]}
RESULT: undefined
COMMAND: POST /session/d392767a950b32be403e8af6fd22bfea/execute/async - {"script":"<script> [776 bytes]","args":[{"enterText":"100","selector":{"id":"application-manageconditionprice-display-component---newCondition--condValue","interaction":{"idSuffix":"inner"}},"clearTextFirst":true,"interactionType":"ENTER_TEXT"}]}
RESULT: {}
RESULT: {"script":"<script> [776 bytes]","args":[{"enterText":"100","selector":{"id":"application-manageconditionprice-display-component---newCondition--condValue","interaction":{"idSuffix":"inner"}},"clearTextFirst":true,"interactionType":"ENTER_TEXT"}]}
RESULT: undefined
COMMAND: POST /session/d392767a950b32be403e8af6fd22bfea/element - {"using":"xpath","value":"//*[@id=\"application-manageconditionprice-display-component---newCondition--condCurr-arrow\"]"}
RESULT: {"using":"xpath","value":"//*[@id=\"application-manageconditionprice-display-component---newCondition--condCurr-arrow\"]"}
COMMAND: POST /session/d392767a950b32be403e8af6fd22bfea/element/f.609CE4280A85363DBD46210BE265599D.d.182108A472CF7C5B6B5774445E6797A7.e.8884/click - {}
RESULT: {}
COMMAND: POST /session/d392767a950b32be403e8af6fd22bfea/element - {"using":"xpath","value":"//span[contains(text(), \"Euro\")]"}
COMMAND: GET /session/d392767a950b32be403e8af6fd22bfea/screenshot - {}
RESULT: {"using":"xpath","value":"//span[contains(text(), \"Euro\")]"}
COMMAND: POST /session/d392767a950b32be403e8af6fd22bfea/element/f.609CE4280A85363DBD46210BE265599D.d.182108A472CF7C5B6B5774445E6797A7.e.8955/click - {}
RESULT: {}
RESULT: {}
COMMAND: POST /session/d392767a950b32be403e8af6fd22bfea/element - {"using":"xpath","value":"//button[@data-kt=\"saveButton\"]"}
COMMAND: GET /session/d392767a950b32be403e8af6fd22bfea/screenshot - {}
RESULT: {"using":"xpath","value":"//button[@data-kt=\"saveButton\"]"}
COMMAND: POST /session/d392767a950b32be403e8af6fd22bfea/element/f.609CE4280A85363DBD46210BE265599D.d.182108A472CF7C5B6B5774445E6797A7.e.8885/click - {}
RESULT: {}
RESULT: {}
COMMAND: GET /session/d392767a950b32be403e8af6fd22bfea/screenshot - {}
RESULT: {}
RESULT: undefined
COMMAND: POST /session/d392767a950b32be403e8af6fd22bfea/execute/async - {"script":"<script> [776 bytes]","args":[{"enterText":"1l7xGqGhyI","selector":{"id":"application-manageconditionprice-display-component---conditions--smartFilterBar-btnBasicSearch","interaction":{"idSuffix":"I"}},"clearTextFirst":true,"interactionType":"ENTER_TEXT"}]}
RESULT: {"script":"<script> [776 bytes]","args":[{"enterText":"1l7xGqGhyI","selector":{"id":"application-manageconditionprice-display-component---conditions--smartFilterBar-btnBasicSearch","interaction":{"idSuffix":"I"}},"clearTextFirst":true,"interactionType":"ENTER_TEXT"}]}
COMMAND: POST /session/d392767a950b32be403e8af6fd22bfea/actions - {"actions":[{"id":"action41","type":"key","parameters":{},"actions":[{"type":"keyDown","value":"î€‡"},{"type":"pause","duration":10},{"type":"keyUp","value":"î€‡"}]}]}
RESULT: {"actions":[{"id":"action41","type":"key","parameters":{},"actions":[{"type":"keyDown","value":"î€‡"},{"type":"pause","duration":10},{"type":"keyUp","value":"î€‡"}]}]}
COMMAND: GET /session/d392767a950b32be403e8af6fd22bfea/screenshot - {}
RESULT: {}
RESULT: undefined
COMMAND: POST /session/d392767a950b32be403e8af6fd22bfea/element - {"using":"xpath","value":"//*[@id=\"application-manageconditionprice-display-component---conditions--smartFilterBar-filterItemControl_BASIC-BILL_TYPES-vhi\"]"}
RESULT: {"using":"xpath","value":"//*[@id=\"application-manageconditionprice-display-component---conditions--smartFilterBar-filterItemControl_BASIC-BILL_TYPES-vhi\"]"}
COMMAND: POST /session/d392767a950b32be403e8af6fd22bfea/element/f.609CE4280A85363DBD46210BE265599D.d.182108A472CF7C5B6B5774445E6797A7.e.8981/click - {}
RESULT: {}
RESULT: undefined
COMMAND: POST /session/d392767a950b32be403e8af6fd22bfea/execute/async - {"script":"<script> [776 bytes]","args":[{"enterText":"TB","selector":{"id":"application-manageconditionprice-display-component---conditions--smartFilterBar-filterItemControl_BASIC-BILL_TYPES-valueHelpDialog-smartFilterBar-btnBasicSearch","searchOpenDialogs":true,"interaction":{"idSuffix":"I"}},"clearTextFirst":true,"interactionType":"ENTER_TEXT"}]}
COMMAND: GET /session/d392767a950b32be403e8af6fd22bfea/screenshot - {}
RESULT: {"script":"<script> [776 bytes]","args":[{"enterText":"TB","selector":{"id":"application-manageconditionprice-display-component---conditions--smartFilterBar-filterItemControl_BASIC-BILL_TYPES-valueHelpDialog-smartFilterBar-btnBasicSearch","searchOpenDialogs":true,"interaction":{"idSuffix":"I"}},"clearTextFirst":true,"interactionType":"ENTER_TEXT"}]}
COMMAND: POST /session/d392767a950b32be403e8af6fd22bfea/actions - {"actions":[{"id":"action42","type":"key","parameters":{},"actions":[{"type":"keyDown","value":"î€‡"},{"type":"pause","duration":10},{"type":"keyUp","value":"î€‡"}]}]}
RESULT: {}
RESULT: {"actions":[{"id":"action42","type":"key","parameters":{},"actions":[{"type":"keyDown","value":"î€‡"},{"type":"pause","duration":10},{"type":"keyUp","value":"î€‡"}]}]}
COMMAND: GET /session/d392767a950b32be403e8af6fd22bfea/screenshot - {}
RESULT: {}
COMMAND: POST /session/d392767a950b32be403e8af6fd22bfea/element - {"using":"xpath","value":"//div[contains(@id, 'application-manageconditionprice-display-component---conditions--smartFilterBar-filterItemControl_BASIC-BILL_TYPES-valueHelpDialog-table-rowsel0')]"}
RESULT: {"using":"xpath","value":"//div[contains(@id, 'application-manageconditionprice-display-component---conditions--smartFilterBar-filterItemControl_BASIC-BILL_TYPES-valueHelpDialog-table-rowsel0')]"}
COMMAND: POST /session/d392767a950b32be403e8af6fd22bfea/element/f.609CE4280A85363DBD46210BE265599D.d.182108A472CF7C5B6B5774445E6797A7.e.8989/click - {}
RESULT: {}
COMMAND: GET /session/d392767a950b32be403e8af6fd22bfea/screenshot - {}
RESULT: {}
COMMAND: POST /session/d392767a950b32be403e8af6fd22bfea/element - {"using":"xpath","value":"//bdi[contains(text(), \"OK\")]"}
RESULT: {"using":"xpath","value":"//bdi[contains(text(), \"OK\")]"}
COMMAND: POST /session/d392767a950b32be403e8af6fd22bfea/element/f.609CE4280A85363DBD46210BE265599D.d.182108A472CF7C5B6B5774445E6797A7.e.8991/click - {}
RESULT: {}
COMMAND: GET /session/d392767a950b32be403e8af6fd22bfea/screenshot - {}
RESULT: {}
COMMAND: POST /session/d392767a950b32be403e8af6fd22bfea/element - {"using":"xpath","value":"//span[@id=\"application-manageconditionprice-display-component---conditions--smartTable-header-inner\"]"}
RESULT: {"using":"xpath","value":"//span[@id=\"application-manageconditionprice-display-component---conditions--smartTable-header-inner\"]"}
COMMAND: POST /session/d392767a950b32be403e8af6fd22bfea/elements - {"using":"xpath","value":"//span[@id=\"application-manageconditionprice-display-component---conditions--smartTable-header-inner\"]"}
RESULT: {"using":"xpath","value":"//span[@id=\"application-manageconditionprice-display-component---conditions--smartTable-header-inner\"]"}
COMMAND: POST /session/d392767a950b32be403e8af6fd22bfea/execute/sync - {"script":"<script> [56 bytes]","args":[{"element-6066-11e4-a52e-4f735466cecf":"f.609CE4280A85363DBD46210BE265599D.d.182108A472CF7C5B6B5774445E6797A7.e.8999","ELEMENT":"f.609CE4280A85363DBD46210BE265599D.d.182108A472CF7C5B6B5774445E6797A7.e.8999"}]}
RESULT: {"script":"<script> [56 bytes]","args":[{"element-6066-11e4-a52e-4f735466cecf":"f.609CE4280A85363DBD46210BE265599D.d.182108A472CF7C5B6B5774445E6797A7.e.8999","ELEMENT":"f.609CE4280A85363DBD46210BE265599D.d.182108A472CF7C5B6B5774445E6797A7.e.8999"}]}
COMMAND: POST /session/d392767a950b32be403e8af6fd22bfea/element - {"using":"css selector","value":"#shell-header-logo"}
COMMAND: GET /session/d392767a950b32be403e8af6fd22bfea/screenshot - {}
RESULT: {"using":"css selector","value":"#shell-header-logo"}
COMMAND: POST /session/d392767a950b32be403e8af6fd22bfea/element/f.609CE4280A85363DBD46210BE265599D.d.182108A472CF7C5B6B5774445E6797A7.e.8592/click - {}
RESULT: {}
RESULT: {}
COMMAND: GET /session/d392767a950b32be403e8af6fd22bfea/screenshot - {}
RESULT: {}
]]></system-out>
    </testcase>
  </testsuite>
  <testsuite timestamp="2025-06-12T17:41:08" time="658.846" tests="13" failures="6" errors="6" skipped="0">
    <properties>
      <property name="specId" value="0" />
      <property name="suiteName" value="Performance based billing (work days) US139742" />
      <property name="capabilities" value="chrome.137_0_7151_69.windows" />
      <property name="file" value="file:///D:/a/1/s/test/specs/BTS/billing-performance-workdays.spec.js" />
    </properties>
    <testcase classname="chrome.137_0_7151_69.windows.Performance_based_billing_(work_days)_US139742" name="Should create a new yard" time="0.008">
      <system-out><![CDATA[
COMMAND: POST /session/d392767a950b32be403e8af6fd22bfea/window/fullscreen - {}
RESULT: {}
]]></system-out>
    </testcase>
    <testcase classname="chrome.137_0_7151_69.windows.Performance_based_billing_(work_days)_US139742" name="Should create a new partner" time="0.001" />
    <testcase classname="chrome.137_0_7151_69.windows.Performance_based_billing_(work_days)_US139742" name="Should create a new site" time="0.001" />
    <testcase classname="chrome.137_0_7151_69.windows.Performance_based_billing_(work_days)_US139742" name="Should do prerequisite steps add equipment" time="127.992">
      <system-out><![CDATA[
COMMAND: POST /session/d392767a950b32be403e8af6fd22bfea/execute/async - {"script":"<script> [1562 bytes]","args":[{"selector":{"controlType":"sap.m.GenericTile","properties":{"header":"Manage Resources"}},"wdio_ui5_key":"sapm.GenericTile{\"header\":\"Manage Resources\"}"}]}
RESULT: {"script":"<script> [1562 bytes]","args":[{"selector":{"controlType":"sap.m.GenericTile","properties":{"header":"Manage Resources"}},"wdio_ui5_key":"sapm.GenericTile{\"header\":\"Manage Resources\"}"}]}
RESULT: undefined
COMMAND: POST /session/d392767a950b32be403e8af6fd22bfea/element - {"using":"xpath","value":"//*[@id=\"__tile40\"]"}
RESULT: {"using":"xpath","value":"//*[@id=\"__tile40\"]"}
COMMAND: POST /session/d392767a950b32be403e8af6fd22bfea/element/f.609CE4280A85363DBD46210BE265599D.d.3D3B53DC033C4ADB81E3A6FDB9399BBA.e.9781/click - {}
RESULT: {}
COMMAND: GET /session/d392767a950b32be403e8af6fd22bfea/screenshot - {}
RESULT: {}
COMMAND: POST /session/d392767a950b32be403e8af6fd22bfea/elements - {"using":"xpath","value":"//span[text()='Error']"}
RESULT: {"using":"xpath","value":"//span[text()='Error']"}
COMMAND: POST /session/d392767a950b32be403e8af6fd22bfea/element - {"using":"xpath","value":"//button[@data-kt=\"addNewRUOverflowToolbarButton\"]"}
RESULT: {"using":"xpath","value":"//button[@data-kt=\"addNewRUOverflowToolbarButton\"]"}
COMMAND: POST /session/d392767a950b32be403e8af6fd22bfea/elements - {"using":"xpath","value":"//button[@data-kt=\"addNewRUOverflowToolbarButton\"]"}
RESULT: {"using":"xpath","value":"//button[@data-kt=\"addNewRUOverflowToolbarButton\"]"}
COMMAND: POST /session/d392767a950b32be403e8af6fd22bfea/execute/sync - {"script":"<script> [8489 bytes]","args":[{"element-6066-11e4-a52e-4f735466cecf":"f.609CE4280A85363DBD46210BE265599D.d.3D3B53DC033C4ADB81E3A6FDB9399BBA.e.9913","ELEMENT":"f.609CE4280A85363DBD46210BE265599D.d.3D3B53DC033C4ADB81E3A6FDB9399BBA.e.9913"}]}
RESULT: {"script":"<script> [8489 bytes]","args":[{"element-6066-11e4-a52e-4f735466cecf":"f.609CE4280A85363DBD46210BE265599D.d.3D3B53DC033C4ADB81E3A6FDB9399BBA.e.9913","ELEMENT":"f.609CE4280A85363DBD46210BE265599D.d.3D3B53DC033C4ADB81E3A6FDB9399BBA.e.9913"}]}
COMMAND: GET /session/d392767a950b32be403e8af6fd22bfea/element/f.609CE4280A85363DBD46210BE265599D.d.3D3B53DC033C4ADB81E3A6FDB9399BBA.e.9913/enabled - {}
COMMAND: GET /session/d392767a950b32be403e8af6fd22bfea/screenshot - {}
RESULT: {}
COMMAND: POST /session/d392767a950b32be403e8af6fd22bfea/execute/sync - {"script":"<script> [8489 bytes]","args":[{"element-6066-11e4-a52e-4f735466cecf":"f.609CE4280A85363DBD46210BE265599D.d.3D3B53DC033C4ADB81E3A6FDB9399BBA.e.9913","ELEMENT":"f.609CE4280A85363DBD46210BE265599D.d.3D3B53DC033C4ADB81E3A6FDB9399BBA.e.9913"}]}
COMMAND: GET /session/d392767a950b32be403e8af6fd22bfea/screenshot - {}
RESULT: {}
RESULT: {"script":"<script> [8489 bytes]","args":[{"element-6066-11e4-a52e-4f735466cecf":"f.609CE4280A85363DBD46210BE265599D.d.3D3B53DC033C4ADB81E3A6FDB9399BBA.e.9913","ELEMENT":"f.609CE4280A85363DBD46210BE265599D.d.3D3B53DC033C4ADB81E3A6FDB9399BBA.e.9913"}]}
COMMAND: POST /session/d392767a950b32be403e8af6fd22bfea/execute/sync - {"script":"<script> [5351 bytes]","args":[{"element-6066-11e4-a52e-4f735466cecf":"f.609CE4280A85363DBD46210BE265599D.d.3D3B53DC033C4ADB81E3A6FDB9399BBA.e.9913","ELEMENT":"f.609CE4280A85363DBD46210BE265599D.d.3D3B53DC033C4ADB81E3A6FDB9399BBA.e.9913"}]}
COMMAND: GET /session/d392767a950b32be403e8af6fd22bfea/screenshot - {}
RESULT: {}
RESULT: {"script":"<script> [5351 bytes]","args":[{"element-6066-11e4-a52e-4f735466cecf":"f.609CE4280A85363DBD46210BE265599D.d.3D3B53DC033C4ADB81E3A6FDB9399BBA.e.9913","ELEMENT":"f.609CE4280A85363DBD46210BE265599D.d.3D3B53DC033C4ADB81E3A6FDB9399BBA.e.9913"}]}
COMMAND: POST /session/d392767a950b32be403e8af6fd22bfea/element/f.609CE4280A85363DBD46210BE265599D.d.3D3B53DC033C4ADB81E3A6FDB9399BBA.e.9913/click - {}
COMMAND: GET /session/d392767a950b32be403e8af6fd22bfea/screenshot - {}
RESULT: {}
RESULT: {}
COMMAND: GET /session/d392767a950b32be403e8af6fd22bfea/screenshot - {}
RESULT: {}
RESULT: {}
COMMAND: POST /session/d392767a950b32be403e8af6fd22bfea/execute/async - {"script":"<script> [1562 bytes]","args":[{"selector":{"id":"application-manageresources-display-component---newResourceUnit--TYPE-arrow"},"wdio_ui5_key":"applicationmanageresources-display-component---newResourceUnit--TYPE-arrow"}]}
RESULT: {"script":"<script> [1562 bytes]","args":[{"selector":{"id":"application-manageresources-display-component---newResourceUnit--TYPE-arrow"},"wdio_ui5_key":"applicationmanageresources-display-component---newResourceUnit--TYPE-arrow"}]}
RESULT: undefined
COMMAND: POST /session/d392767a950b32be403e8af6fd22bfea/element - {"using":"xpath","value":"//*[@id=\"application-manageresources-display-component---newResourceUnit--TYPE-arrow\"]"}
RESULT: {"using":"xpath","value":"//*[@id=\"application-manageresources-display-component---newResourceUnit--TYPE-arrow\"]"}
COMMAND: POST /session/d392767a950b32be403e8af6fd22bfea/element/f.609CE4280A85363DBD46210BE265599D.d.3D3B53DC033C4ADB81E3A6FDB9399BBA.e.10272/click - {}
RESULT: {}
COMMAND: POST /session/d392767a950b32be403e8af6fd22bfea/element - {"using":"xpath","value":"//input[@id=\"application-manageresources-display-component---newResourceUnit--TYPE-inner\"]"}
COMMAND: GET /session/d392767a950b32be403e8af6fd22bfea/screenshot - {}
RESULT: {"using":"xpath","value":"//input[@id=\"application-manageresources-display-component---newResourceUnit--TYPE-inner\"]"}
COMMAND: POST /session/d392767a950b32be403e8af6fd22bfea/element/f.609CE4280A85363DBD46210BE265599D.d.3D3B53DC033C4ADB81E3A6FDB9399BBA.e.10263/clear - {}
RESULT: {}
RESULT: {}
COMMAND: POST /session/d392767a950b32be403e8af6fd22bfea/element/f.609CE4280A85363DBD46210BE265599D.d.3D3B53DC033C4ADB81E3A6FDB9399BBA.e.10263/value - {"text":"Equipment"}
COMMAND: GET /session/d392767a950b32be403e8af6fd22bfea/screenshot - {}
RESULT: {"text":"Equipment"}
COMMAND: GET /session/d392767a950b32be403e8af6fd22bfea/screenshot - {}
RESULT: {}
RESULT: {}
COMMAND: POST /session/d392767a950b32be403e8af6fd22bfea/actions - {"actions":[{"id":"action46","type":"key","parameters":{},"actions":[{"type":"keyDown","value":"î€‡"},{"type":"pause","duration":10},{"type":"keyUp","value":"î€‡"}]}]}
RESULT: {"actions":[{"id":"action46","type":"key","parameters":{},"actions":[{"type":"keyDown","value":"î€‡"},{"type":"pause","duration":10},{"type":"keyUp","value":"î€‡"}]}]}
COMMAND: POST /session/d392767a950b32be403e8af6fd22bfea/execute/async - {"script":"<script> [1562 bytes]","args":[{"selector":{"id":"application-manageresources-display-component---newResourceUnit--resourceId","interaction":{"idSuffix":"inner"}},"wdio_ui5_key":"applicationmanageresources-display-component---newResourceUnit--resourceId"}]}
COMMAND: GET /session/d392767a950b32be403e8af6fd22bfea/screenshot - {}
RESULT: {"script":"<script> [1562 bytes]","args":[{"selector":{"id":"application-manageresources-display-component---newResourceUnit--resourceId","interaction":{"idSuffix":"inner"}},"wdio_ui5_key":"applicationmanageresources-display-component---newResourceUnit--resourceId"}]}
RESULT: undefined
COMMAND: POST /session/d392767a950b32be403e8af6fd22bfea/execute/async - {"script":"<script> [776 bytes]","args":[{"enterText":"S4sm6N6iv0","selector":{"id":"application-manageresources-display-component---newResourceUnit--resourceId","interaction":{"idSuffix":"inner"}},"clearTextFirst":true,"interactionType":"ENTER_TEXT"}]}
RESULT: {}
RESULT: {"script":"<script> [776 bytes]","args":[{"enterText":"S4sm6N6iv0","selector":{"id":"application-manageresources-display-component---newResourceUnit--resourceId","interaction":{"idSuffix":"inner"}},"clearTextFirst":true,"interactionType":"ENTER_TEXT"}]}
COMMAND: POST /session/d392767a950b32be403e8af6fd22bfea/execute/async - {"script":"<script> [1562 bytes]","args":[{"selector":{"id":"application-manageresources-display-component---newResourceUnit--SHORT_TEXT","interaction":{"idSuffix":"inner"}},"wdio_ui5_key":"applicationmanageresources-display-component---newResourceUnit--SHORT_TEXT"}]}
RESULT: {"script":"<script> [1562 bytes]","args":[{"selector":{"id":"application-manageresources-display-component---newResourceUnit--SHORT_TEXT","interaction":{"idSuffix":"inner"}},"wdio_ui5_key":"applicationmanageresources-display-component---newResourceUnit--SHORT_TEXT"}]}
RESULT: undefined
COMMAND: POST /session/d392767a950b32be403e8af6fd22bfea/execute/async - {"script":"<script> [776 bytes]","args":[{"enterText":"Intercompany Equipment WDIO","selector":{"id":"application-manageresources-display-component---newResourceUnit--SHORT_TEXT","interaction":{"idSuffix":"inner"}},"clearTextFirst":true,"interactionType":"ENTER_TEXT"}]}
RESULT: {"script":"<script> [776 bytes]","args":[{"enterText":"Intercompany Equipment WDIO","selector":{"id":"application-manageresources-display-component---newResourceUnit--SHORT_TEXT","interaction":{"idSuffix":"inner"}},"clearTextFirst":true,"interactionType":"ENTER_TEXT"}]}
COMMAND: POST /session/d392767a950b32be403e8af6fd22bfea/execute/async - {"script":"<script> [1562 bytes]","args":[{"selector":{"id":"application-manageresources-display-component---newResourceUnit--BASE_UNIT_OF_MEASURE","interaction":{"idSuffix":"inner"}},"wdio_ui5_key":"applicationmanageresources-display-component---newResourceUnit--BASE_UNIT_OF_MEASURE"}]}
RESULT: {"script":"<script> [1562 bytes]","args":[{"selector":{"id":"application-manageresources-display-component---newResourceUnit--BASE_UNIT_OF_MEASURE","interaction":{"idSuffix":"inner"}},"wdio_ui5_key":"applicationmanageresources-display-component---newResourceUnit--BASE_UNIT_OF_MEASURE"}]}
RESULT: undefined
COMMAND: POST /session/d392767a950b32be403e8af6fd22bfea/execute/async - {"script":"<script> [776 bytes]","args":[{"enterText":"Piece","selector":{"id":"application-manageresources-display-component---newResourceUnit--BASE_UNIT_OF_MEASURE","interaction":{"idSuffix":"inner"}},"clearTextFirst":true,"interactionType":"ENTER_TEXT"}]}
RESULT: {"script":"<script> [776 bytes]","args":[{"enterText":"Piece","selector":{"id":"application-manageresources-display-component---newResourceUnit--BASE_UNIT_OF_MEASURE","interaction":{"idSuffix":"inner"}},"clearTextFirst":true,"interactionType":"ENTER_TEXT"}]}
COMMAND: POST /session/d392767a950b32be403e8af6fd22bfea/execute/async - {"script":"<script> [1562 bytes]","args":[{"selector":{"id":"application-manageresources-display-component---newResourceUnit--WEIGHT_UNIT","interaction":{"idSuffix":"inner"}},"wdio_ui5_key":"applicationmanageresources-display-component---newResourceUnit--WEIGHT_UNIT"}]}
RESULT: {"script":"<script> [1562 bytes]","args":[{"selector":{"id":"application-manageresources-display-component---newResourceUnit--WEIGHT_UNIT","interaction":{"idSuffix":"inner"}},"wdio_ui5_key":"applicationmanageresources-display-component---newResourceUnit--WEIGHT_UNIT"}]}
RESULT: undefined
COMMAND: POST /session/d392767a950b32be403e8af6fd22bfea/execute/async - {"script":"<script> [776 bytes]","args":[{"enterText":"Gram","selector":{"id":"application-manageresources-display-component---newResourceUnit--WEIGHT_UNIT","interaction":{"idSuffix":"inner"}},"clearTextFirst":true,"interactionType":"ENTER_TEXT"}]}
RESULT: {"script":"<script> [776 bytes]","args":[{"enterText":"Gram","selector":{"id":"application-manageresources-display-component---newResourceUnit--WEIGHT_UNIT","interaction":{"idSuffix":"inner"}},"clearTextFirst":true,"interactionType":"ENTER_TEXT"}]}
COMMAND: POST /session/d392767a950b32be403e8af6fd22bfea/execute/async - {"script":"<script> [1562 bytes]","args":[{"selector":{"id":"application-manageresources-display-component---newResourceUnit--DIMENSION_UNIT","interaction":{"idSuffix":"inner"}},"wdio_ui5_key":"applicationmanageresources-display-component---newResourceUnit--DIMENSION_UNIT"}]}
RESULT: {"script":"<script> [1562 bytes]","args":[{"selector":{"id":"application-manageresources-display-component---newResourceUnit--DIMENSION_UNIT","interaction":{"idSuffix":"inner"}},"wdio_ui5_key":"applicationmanageresources-display-component---newResourceUnit--DIMENSION_UNIT"}]}
RESULT: undefined
COMMAND: POST /session/d392767a950b32be403e8af6fd22bfea/execute/async - {"script":"<script> [776 bytes]","args":[{"enterText":"Meter","selector":{"id":"application-manageresources-display-component---newResourceUnit--DIMENSION_UNIT","interaction":{"idSuffix":"inner"}},"clearTextFirst":true,"interactionType":"ENTER_TEXT"}]}
RESULT: {"script":"<script> [776 bytes]","args":[{"enterText":"Meter","selector":{"id":"application-manageresources-display-component---newResourceUnit--DIMENSION_UNIT","interaction":{"idSuffix":"inner"}},"clearTextFirst":true,"interactionType":"ENTER_TEXT"}]}
COMMAND: POST /session/d392767a950b32be403e8af6fd22bfea/execute/async - {"script":"<script> [1562 bytes]","args":[{"selector":{"id":"application-manageresources-display-component---newResourceUnit--newRRUPage-anchBar-application-manageresources-display-component---newResourceUnit--control-anchor","interaction":{"idSuffix":"BDI-content"}},"wdio_ui5_key":"applicationmanageresources-display-component---newResourceUnit--newRRUPage-anchBar-application-manageresources-display-component---newResourceUnit--control-anchor"}]}
RESULT: {"script":"<script> [1562 bytes]","args":[{"selector":{"id":"application-manageresources-display-component---newResourceUnit--newRRUPage-anchBar-application-manageresources-display-component---newResourceUnit--control-anchor","interaction":{"idSuffix":"BDI-content"}},"wdio_ui5_key":"applicationmanageresources-display-component---newResourceUnit--newRRUPage-anchBar-application-manageresources-display-component---newResourceUnit--control-anchor"}]}
RESULT: undefined
COMMAND: POST /session/d392767a950b32be403e8af6fd22bfea/element - {"using":"xpath","value":"//*[@id=\"application-manageresources-display-component---newResourceUnit--newRRUPage-anchBar-application-manageresources-display-component---newResourceUnit--control-anchor\"]"}
RESULT: {"using":"xpath","value":"//*[@id=\"application-manageresources-display-component---newResourceUnit--newRRUPage-anchBar-application-manageresources-display-component---newResourceUnit--control-anchor\"]"}
COMMAND: POST /session/d392767a950b32be403e8af6fd22bfea/element/f.609CE4280A85363DBD46210BE265599D.d.3D3B53DC033C4ADB81E3A6FDB9399BBA.e.10432/click - {}
RESULT: {}
COMMAND: POST /session/d392767a950b32be403e8af6fd22bfea/execute/async - {"script":"<script> [1562 bytes]","args":[{"selector":{"id":"application-manageresources-display-component---newResourceUnit--PLANNING_GROUP","interaction":{"idSuffix":"inner"}},"wdio_ui5_key":"applicationmanageresources-display-component---newResourceUnit--PLANNING_GROUP"}]}
COMMAND: GET /session/d392767a950b32be403e8af6fd22bfea/screenshot - {}
RESULT: {"script":"<script> [1562 bytes]","args":[{"selector":{"id":"application-manageresources-display-component---newResourceUnit--PLANNING_GROUP","interaction":{"idSuffix":"inner"}},"wdio_ui5_key":"applicationmanageresources-display-component---newResourceUnit--PLANNING_GROUP"}]}
RESULT: undefined
COMMAND: POST /session/d392767a950b32be403e8af6fd22bfea/execute/async - {"script":"<script> [776 bytes]","args":[{"enterText":"Heavy Equi","selector":{"id":"application-manageresources-display-component---newResourceUnit--PLANNING_GROUP","interaction":{"idSuffix":"inner"}},"clearTextFirst":true,"interactionType":"ENTER_TEXT"}]}
RESULT: {}
RESULT: {"script":"<script> [776 bytes]","args":[{"enterText":"Heavy Equi","selector":{"id":"application-manageresources-display-component---newResourceUnit--PLANNING_GROUP","interaction":{"idSuffix":"inner"}},"clearTextFirst":true,"interactionType":"ENTER_TEXT"}]}
COMMAND: POST /session/d392767a950b32be403e8af6fd22bfea/execute/async - {"script":"<script> [1562 bytes]","args":[{"selector":{"id":"application-manageresources-display-component---newResourceUnit--ITEM_TYPE-arrow"},"wdio_ui5_key":"applicationmanageresources-display-component---newResourceUnit--ITEM_TYPE-arrow"}]}
RESULT: {"script":"<script> [1562 bytes]","args":[{"selector":{"id":"application-manageresources-display-component---newResourceUnit--ITEM_TYPE-arrow"},"wdio_ui5_key":"applicationmanageresources-display-component---newResourceUnit--ITEM_TYPE-arrow"}]}
RESULT: undefined
COMMAND: POST /session/d392767a950b32be403e8af6fd22bfea/element - {"using":"xpath","value":"//*[@id=\"application-manageresources-display-component---newResourceUnit--ITEM_TYPE-arrow\"]"}
RESULT: {"using":"xpath","value":"//*[@id=\"application-manageresources-display-component---newResourceUnit--ITEM_TYPE-arrow\"]"}
COMMAND: POST /session/d392767a950b32be403e8af6fd22bfea/element/f.609CE4280A85363DBD46210BE265599D.d.3D3B53DC033C4ADB81E3A6FDB9399BBA.e.10439/click - {}
RESULT: {}
COMMAND: POST /session/d392767a950b32be403e8af6fd22bfea/element - {"using":"xpath","value":"//ul[contains(@id,\"ITEM_TYPE-popup-list-listUl\")]//li[.//span[contains(text(),\"Resource Unit\")]]"}
COMMAND: GET /session/d392767a950b32be403e8af6fd22bfea/screenshot - {}
RESULT: {"using":"xpath","value":"//ul[contains(@id,\"ITEM_TYPE-popup-list-listUl\")]//li[.//span[contains(text(),\"Resource Unit\")]]"}
COMMAND: POST /session/d392767a950b32be403e8af6fd22bfea/element/f.609CE4280A85363DBD46210BE265599D.d.3D3B53DC033C4ADB81E3A6FDB9399BBA.e.10440/click - {}
RESULT: {}
RESULT: {}
COMMAND: GET /session/d392767a950b32be403e8af6fd22bfea/screenshot - {}
RESULT: {}
COMMAND: POST /session/d392767a950b32be403e8af6fd22bfea/element - {"using":"css selector","value":"#application-manageresources-display-component---newResourceUnit--btnAddTimeSegment"}
RESULT: {"using":"css selector","value":"#application-manageresources-display-component---newResourceUnit--btnAddTimeSegment"}
COMMAND: GET /session/d392767a950b32be403e8af6fd22bfea/element/f.609CE4280A85363DBD46210BE265599D.d.3D3B53DC033C4ADB81E3A6FDB9399BBA.e.10448/rect - {}
RESULT: {}
COMMAND: GET /session/d392767a950b32be403e8af6fd22bfea/window/rect - {}
RESULT: {}
COMMAND: POST /session/d392767a950b32be403e8af6fd22bfea/execute/sync - {"script":"<script> [92 bytes]","args":[]}
RESULT: {"script":"<script> [92 bytes]","args":[]}
COMMAND: POST /session/d392767a950b32be403e8af6fd22bfea/actions - {"actions":[{"id":"action47","type":"wheel","parameters":{},"actions":[{"type":"scroll","x":-1888,"y":-32,"deltaX":0,"deltaY":0,"duration":0,"origin":{"element-6066-11e4-a52e-4f735466cecf":"f.609CE4280A85363DBD46210BE265599D.d.3D3B53DC033C4ADB81E3A6FDB9399BBA.e.10448"}}]}]}
COMMAND: GET /session/d392767a950b32be403e8af6fd22bfea/screenshot - {}
RESULT: {}
COMMAND: POST /session/d392767a950b32be403e8af6fd22bfea/execute/sync - {"script":"<script> [79 bytes]","args":[{"element-6066-11e4-a52e-4f735466cecf":"f.609CE4280A85363DBD46210BE265599D.d.3D3B53DC033C4ADB81E3A6FDB9399BBA.e.10448","ELEMENT":"f.609CE4280A85363DBD46210BE265599D.d.3D3B53DC033C4ADB81E3A6FDB9399BBA.e.10448"},{"block":"start","inline":"nearest"}]}
RESULT: {"script":"<script> [79 bytes]","args":[{"element-6066-11e4-a52e-4f735466cecf":"f.609CE4280A85363DBD46210BE265599D.d.3D3B53DC033C4ADB81E3A6FDB9399BBA.e.10448","ELEMENT":"f.609CE4280A85363DBD46210BE265599D.d.3D3B53DC033C4ADB81E3A6FDB9399BBA.e.10448"},{"block":"start","inline":"nearest"}]}
COMMAND: POST /session/d392767a950b32be403e8af6fd22bfea/execute/async - {"script":"<script> [1562 bytes]","args":[{"selector":{"id":"application-manageresources-display-component---newResourceUnit--btnAddTimeSegment","interaction":{"idSuffix":"inner"}},"wdio_ui5_key":"applicationmanageresources-display-component---newResourceUnit--btnAddTimeSegment"}]}
COMMAND: GET /session/d392767a950b32be403e8af6fd22bfea/screenshot - {}
RESULT: {"script":"<script> [1562 bytes]","args":[{"selector":{"id":"application-manageresources-display-component---newResourceUnit--btnAddTimeSegment","interaction":{"idSuffix":"inner"}},"wdio_ui5_key":"applicationmanageresources-display-component---newResourceUnit--btnAddTimeSegment"}]}
RESULT: undefined
COMMAND: POST /session/d392767a950b32be403e8af6fd22bfea/element - {"using":"xpath","value":"//*[@id=\"application-manageresources-display-component---newResourceUnit--btnAddTimeSegment\"]"}
RESULT: {}
RESULT: {"using":"xpath","value":"//*[@id=\"application-manageresources-display-component---newResourceUnit--btnAddTimeSegment\"]"}
COMMAND: POST /session/d392767a950b32be403e8af6fd22bfea/element/f.609CE4280A85363DBD46210BE265599D.d.3D3B53DC033C4ADB81E3A6FDB9399BBA.e.10448/click - {}
RESULT: {}
COMMAND: GET /session/d392767a950b32be403e8af6fd22bfea/screenshot - {}
RESULT: {}
COMMAND: POST /session/d392767a950b32be403e8af6fd22bfea/element - {"using":"xpath","value":"//input[@id=\"application-manageresources-display-component---newResourceUnit--idRuTSAdmin-application-manageresources-display-component---newResourceUnit--RUTimeSegment-0-inner\"]"}
RESULT: {"using":"xpath","value":"//input[@id=\"application-manageresources-display-component---newResourceUnit--idRuTSAdmin-application-manageresources-display-component---newResourceUnit--RUTimeSegment-0-inner\"]"}
COMMAND: POST /session/d392767a950b32be403e8af6fd22bfea/element/f.609CE4280A85363DBD46210BE265599D.d.3D3B53DC033C4ADB81E3A6FDB9399BBA.e.10454/clear - {}
RESULT: {}
COMMAND: POST /session/d392767a950b32be403e8af6fd22bfea/element/f.609CE4280A85363DBD46210BE265599D.d.3D3B53DC033C4ADB81E3A6FDB9399BBA.e.10454/value - {"text":"193"}
COMMAND: GET /session/d392767a950b32be403e8af6fd22bfea/screenshot - {}
RESULT: {"text":"193"}
COMMAND: GET /session/d392767a950b32be403e8af6fd22bfea/screenshot - {}
RESULT: {}
RESULT: {}
COMMAND: POST /session/d392767a950b32be403e8af6fd22bfea/element - {"using":"xpath","value":"//li[.//span[text()='193']]"}
RESULT: {"using":"xpath","value":"//li[.//span[text()='193']]"}
COMMAND: POST /session/d392767a950b32be403e8af6fd22bfea/element/f.609CE4280A85363DBD46210BE265599D.d.3D3B53DC033C4ADB81E3A6FDB9399BBA.e.10466/click - {}
RESULT: {}
COMMAND: GET /session/d392767a950b32be403e8af6fd22bfea/screenshot - {}
RESULT: {}
COMMAND: POST /session/d392767a950b32be403e8af6fd22bfea/element - {"using":"xpath","value":"(//span[contains(@id, \"-application-manageresources-display-component---newResourceUnit--RUTimeSegment-0-arrow\")])[6]"}
RESULT: {"using":"xpath","value":"(//span[contains(@id, \"-application-manageresources-display-component---newResourceUnit--RUTimeSegment-0-arrow\")])[6]"}
COMMAND: POST /session/d392767a950b32be403e8af6fd22bfea/element/f.609CE4280A85363DBD46210BE265599D.d.3D3B53DC033C4ADB81E3A6FDB9399BBA.e.10467/click - {}
RESULT: {}
COMMAND: GET /session/d392767a950b32be403e8af6fd22bfea/screenshot - {}
RESULT: {}
COMMAND: POST /session/d392767a950b32be403e8af6fd22bfea/element - {"using":"xpath","value":"//span[contains(text(), \"PM Order\")]"}
RESULT: {"using":"xpath","value":"//span[contains(text(), \"PM Order\")]"}
COMMAND: POST /session/d392767a950b32be403e8af6fd22bfea/element/f.609CE4280A85363DBD46210BE265599D.d.3D3B53DC033C4ADB81E3A6FDB9399BBA.e.10470/click - {}
RESULT: {}
COMMAND: GET /session/d392767a950b32be403e8af6fd22bfea/screenshot - {}
RESULT: {}
COMMAND: POST /session/d392767a950b32be403e8af6fd22bfea/element - {"using":"xpath","value":"(//span[contains(@id ,\"manageresources-display-component---newResourceUnit--RUTimeSegment-0-vhi\")])[1]"}
RESULT: {"using":"xpath","value":"(//span[contains(@id ,\"manageresources-display-component---newResourceUnit--RUTimeSegment-0-vhi\")])[1]"}
COMMAND: GET /session/d392767a950b32be403e8af6fd22bfea/element/f.609CE4280A85363DBD46210BE265599D.d.3D3B53DC033C4ADB81E3A6FDB9399BBA.e.10474/rect - {}
RESULT: {}
COMMAND: GET /session/d392767a950b32be403e8af6fd22bfea/window/rect - {}
RESULT: {}
COMMAND: POST /session/d392767a950b32be403e8af6fd22bfea/execute/sync - {"script":"<script> [92 bytes]","args":[]}
RESULT: {"script":"<script> [92 bytes]","args":[]}
COMMAND: POST /session/d392767a950b32be403e8af6fd22bfea/actions - {"actions":[{"id":"action48","type":"wheel","parameters":{},"actions":[{"type":"scroll","x":-869,"y":-24,"deltaX":0,"deltaY":0,"duration":0,"origin":{"element-6066-11e4-a52e-4f735466cecf":"f.609CE4280A85363DBD46210BE265599D.d.3D3B53DC033C4ADB81E3A6FDB9399BBA.e.10474"}}]}]}
COMMAND: GET /session/d392767a950b32be403e8af6fd22bfea/screenshot - {}
RESULT: {"actions":[{"id":"action48","type":"wheel","parameters":{},"actions":[{"type":"scroll","x":-869,"y":-24,"deltaX":0,"deltaY":0,"duration":0,"origin":{"element-6066-11e4-a52e-4f735466cecf":"f.609CE4280A85363DBD46210BE265599D.d.3D3B53DC033C4ADB81E3A6FDB9399BBA.e.10474"}}]}]}
COMMAND: DELETE /session/d392767a950b32be403e8af6fd22bfea/actions - {}
COMMAND: GET /session/d392767a950b32be403e8af6fd22bfea/screenshot - {}
RESULT: {}
RESULT: {}
COMMAND: GET /session/d392767a950b32be403e8af6fd22bfea/screenshot - {}
RESULT: {}
RESULT: {}
COMMAND: POST /session/d392767a950b32be403e8af6fd22bfea/element/f.609CE4280A85363DBD46210BE265599D.d.3D3B53DC033C4ADB81E3A6FDB9399BBA.e.10474/click - {}
RESULT: {}
COMMAND: GET /session/d392767a950b32be403e8af6fd22bfea/screenshot - {}
RESULT: {}
COMMAND: POST /session/d392767a950b32be403e8af6fd22bfea/execute/async - {"script":"<script> [1562 bytes]","args":[{"selector":{"controlType":"sap.m.SearchField","properties":{"placeholder":"Search"},"searchOpenDialogs":true,"interaction":{"idSuffix":"I"}},"wdio_ui5_key":"sapm.SearchField{\"placeholder\":\"Search\"}"}]}
RESULT: {"script":"<script> [1562 bytes]","args":[{"selector":{"controlType":"sap.m.SearchField","properties":{"placeholder":"Search"},"searchOpenDialogs":true,"interaction":{"idSuffix":"I"}},"wdio_ui5_key":"sapm.SearchField{\"placeholder\":\"Search\"}"}]}
RESULT: undefined
COMMAND: POST /session/d392767a950b32be403e8af6fd22bfea/execute/async - {"script":"<script> [776 bytes]","args":[{"enterText":"4000360","selector":{"controlType":"sap.m.SearchField","properties":{"placeholder":"Search"},"searchOpenDialogs":true,"interaction":{"idSuffix":"I"}},"clearTextFirst":true,"interactionType":"ENTER_TEXT"}]}
RESULT: {"script":"<script> [776 bytes]","args":[{"enterText":"4000360","selector":{"controlType":"sap.m.SearchField","properties":{"placeholder":"Search"},"searchOpenDialogs":true,"interaction":{"idSuffix":"I"}},"clearTextFirst":true,"interactionType":"ENTER_TEXT"}]}
COMMAND: POST /session/d392767a950b32be403e8af6fd22bfea/actions - {"actions":[{"id":"action49","type":"key","parameters":{},"actions":[{"type":"keyDown","value":"î€‡"},{"type":"pause","duration":10},{"type":"keyUp","value":"î€‡"}]}]}
RESULT: {"actions":[{"id":"action49","type":"key","parameters":{},"actions":[{"type":"keyDown","value":"î€‡"},{"type":"pause","duration":10},{"type":"keyUp","value":"î€‡"}]}]}
COMMAND: GET /session/d392767a950b32be403e8af6fd22bfea/screenshot - {}
RESULT: {}
COMMAND: POST /session/d392767a950b32be403e8af6fd22bfea/element - {"using":"xpath","value":"//td/div/span[contains(text(), \"BGL Vehicles\")]"}
RESULT: {"using":"xpath","value":"//td/div/span[contains(text(), \"BGL Vehicles\")]"}
COMMAND: POST /session/d392767a950b32be403e8af6fd22bfea/element/f.609CE4280A85363DBD46210BE265599D.d.3D3B53DC033C4ADB81E3A6FDB9399BBA.e.10496/click - {}
RESULT: {}
COMMAND: GET /session/d392767a950b32be403e8af6fd22bfea/screenshot - {}
RESULT: {}
COMMAND: POST /session/d392767a950b32be403e8af6fd22bfea/element - {"using":"xpath","value":"//bdi[contains(text(), \"OK\")]"}
RESULT: {"using":"xpath","value":"//bdi[contains(text(), \"OK\")]"}
COMMAND: POST /session/d392767a950b32be403e8af6fd22bfea/element/f.609CE4280A85363DBD46210BE265599D.d.3D3B53DC033C4ADB81E3A6FDB9399BBA.e.10497/click - {}
RESULT: {}
COMMAND: GET /session/d392767a950b32be403e8af6fd22bfea/screenshot - {}
RESULT: {}
COMMAND: POST /session/d392767a950b32be403e8af6fd22bfea/execute/async - {"script":"<script> [1562 bytes]","args":[{"selector":{"id":"application-manageresources-display-component---newResourceUnit--newRRUPage-anchBar-application-manageresources-display-component---newResourceUnit--resource-anchor","interaction":{"idSuffix":"BDI-content"}},"wdio_ui5_key":"applicationmanageresources-display-component---newResourceUnit--newRRUPage-anchBar-application-manageresources-display-component---newResourceUnit--resource-anchor"}]}
RESULT: {"script":"<script> [1562 bytes]","args":[{"selector":{"id":"application-manageresources-display-component---newResourceUnit--newRRUPage-anchBar-application-manageresources-display-component---newResourceUnit--resource-anchor","interaction":{"idSuffix":"BDI-content"}},"wdio_ui5_key":"applicationmanageresources-display-component---newResourceUnit--newRRUPage-anchBar-application-manageresources-display-component---newResourceUnit--resource-anchor"}]}
RESULT: undefined
COMMAND: POST /session/d392767a950b32be403e8af6fd22bfea/element - {"using":"xpath","value":"//*[@id=\"application-manageresources-display-component---newResourceUnit--newRRUPage-anchBar-application-manageresources-display-component---newResourceUnit--resource-anchor\"]"}
RESULT: {"using":"xpath","value":"//*[@id=\"application-manageresources-display-component---newResourceUnit--newRRUPage-anchBar-application-manageresources-display-component---newResourceUnit--resource-anchor\"]"}
COMMAND: POST /session/d392767a950b32be403e8af6fd22bfea/element/f.609CE4280A85363DBD46210BE265599D.d.3D3B53DC033C4ADB81E3A6FDB9399BBA.e.10501/click - {}
RESULT: {}
COMMAND: POST /session/d392767a950b32be403e8af6fd22bfea/execute/async - {"script":"<script> [1562 bytes]","args":[{"selector":{"id":"application-manageresources-display-component---newResourceUnit--PLANNED_DELIVERY_DATE","interaction":{"idSuffix":"inner"}},"wdio_ui5_key":"applicationmanageresources-display-component---newResourceUnit--PLANNED_DELIVERY_DATE"}]}
COMMAND: GET /session/d392767a950b32be403e8af6fd22bfea/screenshot - {}
RESULT: {"script":"<script> [1562 bytes]","args":[{"selector":{"id":"application-manageresources-display-component---newResourceUnit--PLANNED_DELIVERY_DATE","interaction":{"idSuffix":"inner"}},"wdio_ui5_key":"applicationmanageresources-display-component---newResourceUnit--PLANNED_DELIVERY_DATE"}]}
RESULT: undefined
COMMAND: POST /session/d392767a950b32be403e8af6fd22bfea/execute/async - {"script":"<script> [6424 bytes]","args":[{"element-6066-11e4-a52e-4f735466cecf":"f.609CE4280A85363DBD46210BE265599D.d.3D3B53DC033C4ADB81E3A6FDB9399BBA.e.10331"},"setValue",["6/12/25"]]}
RESULT: {}
RESULT: {"script":"<script> [6424 bytes]","args":[{"element-6066-11e4-a52e-4f735466cecf":"f.609CE4280A85363DBD46210BE265599D.d.3D3B53DC033C4ADB81E3A6FDB9399BBA.e.10331"},"setValue",["6/12/25"]]}
COMMAND: POST /session/d392767a950b32be403e8af6fd22bfea/element - {"using":"xpath","value":"//label[contains(@class, 'sapMLabelRequired') and .//bdi[contains(text(), 'Planned Retirement')]]"}
RESULT: {"using":"xpath","value":"//label[contains(@class, 'sapMLabelRequired') and .//bdi[contains(text(), 'Planned Retirement')]]"}
COMMAND: POST /session/d392767a950b32be403e8af6fd22bfea/elements - {"using":"xpath","value":"//label[contains(@class, 'sapMLabelRequired') and .//bdi[contains(text(), 'Planned Retirement')]]"}
RESULT: {"using":"xpath","value":"//label[contains(@class, 'sapMLabelRequired') and .//bdi[contains(text(), 'Planned Retirement')]]"}
COMMAND: POST /session/d392767a950b32be403e8af6fd22bfea/element - {"using":"xpath","value":"//button[@data-kt=\"resourceUnitSaveButton\"]"}
RESULT: {"using":"xpath","value":"//button[@data-kt=\"resourceUnitSaveButton\"]"}
COMMAND: POST /session/d392767a950b32be403e8af6fd22bfea/element/f.609CE4280A85363DBD46210BE265599D.d.3D3B53DC033C4ADB81E3A6FDB9399BBA.e.10290/click - {}
RESULT: {}
COMMAND: GET /session/d392767a950b32be403e8af6fd22bfea/screenshot - {}
RESULT: {}
COMMAND: POST /session/d392767a950b32be403e8af6fd22bfea/element - {"using":"xpath","value":"//bdi[contains(text(), \"Close\")]"}
RESULT: {"using":"xpath","value":"//bdi[contains(text(), \"Close\")]"}
COMMAND: POST /session/d392767a950b32be403e8af6fd22bfea/element/f.609CE4280A85363DBD46210BE265599D.d.3D3B53DC033C4ADB81E3A6FDB9399BBA.e.10511/click - {}
RESULT: {}
COMMAND: GET /session/d392767a950b32be403e8af6fd22bfea/screenshot - {}
RESULT: {}
COMMAND: POST /session/d392767a950b32be403e8af6fd22bfea/element - {"using":"xpath","value":"(//button[contains(@id ,\"actionsToolbar-overflowButton\")])[1]"}
RESULT: {"using":"xpath","value":"(//button[contains(@id ,\"actionsToolbar-overflowButton\")])[1]"}
COMMAND: POST /session/d392767a950b32be403e8af6fd22bfea/element/f.609CE4280A85363DBD46210BE265599D.d.3D3B53DC033C4ADB81E3A6FDB9399BBA.e.10579/click - {}
RESULT: {}
COMMAND: GET /session/d392767a950b32be403e8af6fd22bfea/screenshot - {}
RESULT: {}
COMMAND: POST /session/d392767a950b32be403e8af6fd22bfea/element - {"using":"xpath","value":"//button[@data-kt=\"priceInfoButton\"]"}
RESULT: {"using":"xpath","value":"//button[@data-kt=\"priceInfoButton\"]"}
COMMAND: POST /session/d392767a950b32be403e8af6fd22bfea/element/f.609CE4280A85363DBD46210BE265599D.d.3D3B53DC033C4ADB81E3A6FDB9399BBA.e.10581/click - {}
RESULT: {}
COMMAND: GET /session/d392767a950b32be403e8af6fd22bfea/screenshot - {}
RESULT: {}
]]></system-out>
    </testcase>
    <testcase classname="chrome.137_0_7151_69.windows.Performance_based_billing_(work_days)_US139742" name="Should create a pricing rule perf based on the equipment" time="49.409">
      <system-out><![CDATA[
COMMAND: POST /session/d392767a950b32be403e8af6fd22bfea/element - {"using":"xpath","value":"//button[@data-kt=\"addButton\"]"}
RESULT: {"using":"xpath","value":"//button[@data-kt=\"addButton\"]"}
COMMAND: POST /session/d392767a950b32be403e8af6fd22bfea/elements - {"using":"xpath","value":"//button[@data-kt=\"addButton\"]"}
RESULT: {"using":"xpath","value":"//button[@data-kt=\"addButton\"]"}
COMMAND: POST /session/d392767a950b32be403e8af6fd22bfea/elements - {"using":"xpath","value":"//button[@data-kt=\"addButton\"]"}
RESULT: {"using":"xpath","value":"//button[@data-kt=\"addButton\"]"}
COMMAND: POST /session/d392767a950b32be403e8af6fd22bfea/element - {"using":"xpath","value":"//button[@data-kt=\"addButton\"]"}
RESULT: {"using":"xpath","value":"//button[@data-kt=\"addButton\"]"}
COMMAND: POST /session/d392767a950b32be403e8af6fd22bfea/execute/sync - {"script":"<script> [8489 bytes]","args":[{"element-6066-11e4-a52e-4f735466cecf":"f.609CE4280A85363DBD46210BE265599D.d.3D3B53DC033C4ADB81E3A6FDB9399BBA.e.10627","ELEMENT":"f.609CE4280A85363DBD46210BE265599D.d.3D3B53DC033C4ADB81E3A6FDB9399BBA.e.10627"}]}
RESULT: {"script":"<script> [8489 bytes]","args":[{"element-6066-11e4-a52e-4f735466cecf":"f.609CE4280A85363DBD46210BE265599D.d.3D3B53DC033C4ADB81E3A6FDB9399BBA.e.10627","ELEMENT":"f.609CE4280A85363DBD46210BE265599D.d.3D3B53DC033C4ADB81E3A6FDB9399BBA.e.10627"}]}
COMMAND: GET /session/d392767a950b32be403e8af6fd22bfea/element/f.609CE4280A85363DBD46210BE265599D.d.3D3B53DC033C4ADB81E3A6FDB9399BBA.e.10627/enabled - {}
COMMAND: GET /session/d392767a950b32be403e8af6fd22bfea/screenshot - {}
RESULT: {}
COMMAND: POST /session/d392767a950b32be403e8af6fd22bfea/execute/sync - {"script":"<script> [8489 bytes]","args":[{"element-6066-11e4-a52e-4f735466cecf":"f.609CE4280A85363DBD46210BE265599D.d.3D3B53DC033C4ADB81E3A6FDB9399BBA.e.10627","ELEMENT":"f.609CE4280A85363DBD46210BE265599D.d.3D3B53DC033C4ADB81E3A6FDB9399BBA.e.10627"}]}
COMMAND: GET /session/d392767a950b32be403e8af6fd22bfea/screenshot - {}
RESULT: {}
RESULT: {"script":"<script> [8489 bytes]","args":[{"element-6066-11e4-a52e-4f735466cecf":"f.609CE4280A85363DBD46210BE265599D.d.3D3B53DC033C4ADB81E3A6FDB9399BBA.e.10627","ELEMENT":"f.609CE4280A85363DBD46210BE265599D.d.3D3B53DC033C4ADB81E3A6FDB9399BBA.e.10627"}]}
COMMAND: POST /session/d392767a950b32be403e8af6fd22bfea/execute/sync - {"script":"<script> [5351 bytes]","args":[{"element-6066-11e4-a52e-4f735466cecf":"f.609CE4280A85363DBD46210BE265599D.d.3D3B53DC033C4ADB81E3A6FDB9399BBA.e.10627","ELEMENT":"f.609CE4280A85363DBD46210BE265599D.d.3D3B53DC033C4ADB81E3A6FDB9399BBA.e.10627"}]}
COMMAND: GET /session/d392767a950b32be403e8af6fd22bfea/screenshot - {}
RESULT: {}
RESULT: {"script":"<script> [5351 bytes]","args":[{"element-6066-11e4-a52e-4f735466cecf":"f.609CE4280A85363DBD46210BE265599D.d.3D3B53DC033C4ADB81E3A6FDB9399BBA.e.10627","ELEMENT":"f.609CE4280A85363DBD46210BE265599D.d.3D3B53DC033C4ADB81E3A6FDB9399BBA.e.10627"}]}
COMMAND: POST /session/d392767a950b32be403e8af6fd22bfea/element/f.609CE4280A85363DBD46210BE265599D.d.3D3B53DC033C4ADB81E3A6FDB9399BBA.e.10627/click - {}
COMMAND: GET /session/d392767a950b32be403e8af6fd22bfea/screenshot - {}
RESULT: {}
RESULT: {}
COMMAND: GET /session/d392767a950b32be403e8af6fd22bfea/screenshot - {}
RESULT: {}
RESULT: {}
COMMAND: POST /session/d392767a950b32be403e8af6fd22bfea/execute/async - {"script":"<script> [1562 bytes]","args":[{"selector":{"controlType":"sap.m.Title","viewName":"etm.portal.ui.managepricingrules.view.NewItem","viewId":"application-managepricingrules-display-component---newInfoPriceItem","properties":{"text":"New Pricing Rules - Item Level"}},"wdio_ui5_key":"etmportal.ui.managepricingrules.view.NewItemsap.m.Title{\"text\":\"New Pricing Rules - Item Level\"}"}]}
RESULT: {"script":"<script> [1562 bytes]","args":[{"selector":{"controlType":"sap.m.Title","viewName":"etm.portal.ui.managepricingrules.view.NewItem","viewId":"application-managepricingrules-display-component---newInfoPriceItem","properties":{"text":"New Pricing Rules - Item Level"}},"wdio_ui5_key":"etmportal.ui.managepricingrules.view.NewItemsap.m.Title{\"text\":\"New Pricing Rules - Item Level\"}"}]}
RESULT: undefined
COMMAND: POST /session/d392767a950b32be403e8af6fd22bfea/execute/async - {"script":"<script> [6424 bytes]","args":[{"element-6066-11e4-a52e-4f735466cecf":"f.609CE4280A85363DBD46210BE265599D.d.3D3B53DC033C4ADB81E3A6FDB9399BBA.e.10765"},"getText",[]]}
RESULT: {"script":"<script> [6424 bytes]","args":[{"element-6066-11e4-a52e-4f735466cecf":"f.609CE4280A85363DBD46210BE265599D.d.3D3B53DC033C4ADB81E3A6FDB9399BBA.e.10765"},"getText",[]]}
COMMAND: POST /session/d392767a950b32be403e8af6fd22bfea/execute/async - {"script":"<script> [1562 bytes]","args":[{"selector":{"id":"application-managepricingrules-display-component---newInfoPriceItem--condValidTo","interaction":{"idSuffix":"inner"}},"wdio_ui5_key":"applicationmanagepricingrules-display-component---newInfoPriceItem--condValidTo"}]}
RESULT: {"script":"<script> [1562 bytes]","args":[{"selector":{"id":"application-managepricingrules-display-component---newInfoPriceItem--condValidTo","interaction":{"idSuffix":"inner"}},"wdio_ui5_key":"applicationmanagepricingrules-display-component---newInfoPriceItem--condValidTo"}]}
RESULT: undefined
COMMAND: POST /session/d392767a950b32be403e8af6fd22bfea/execute/async - {"script":"<script> [776 bytes]","args":[{"enterText":"2/12/26","selector":{"id":"application-managepricingrules-display-component---newInfoPriceItem--condValidTo","interaction":{"idSuffix":"inner"}},"clearTextFirst":true,"interactionType":"ENTER_TEXT"}]}
RESULT: {"script":"<script> [776 bytes]","args":[{"enterText":"2/12/26","selector":{"id":"application-managepricingrules-display-component---newInfoPriceItem--condValidTo","interaction":{"idSuffix":"inner"}},"clearTextFirst":true,"interactionType":"ENTER_TEXT"}]}
COMMAND: POST /session/d392767a950b32be403e8af6fd22bfea/execute/async - {"script":"<script> [1562 bytes]","args":[{"selector":{"id":"application-managepricingrules-display-component---newInfoPriceItem--billType-arrow"},"wdio_ui5_key":"applicationmanagepricingrules-display-component---newInfoPriceItem--billType-arrow"}]}
RESULT: {"script":"<script> [1562 bytes]","args":[{"selector":{"id":"application-managepricingrules-display-component---newInfoPriceItem--billType-arrow"},"wdio_ui5_key":"applicationmanagepricingrules-display-component---newInfoPriceItem--billType-arrow"}]}
RESULT: undefined
COMMAND: POST /session/d392767a950b32be403e8af6fd22bfea/element - {"using":"xpath","value":"//*[@id=\"application-managepricingrules-display-component---newInfoPriceItem--billType-arrow\"]"}
RESULT: {"using":"xpath","value":"//*[@id=\"application-managepricingrules-display-component---newInfoPriceItem--billType-arrow\"]"}
COMMAND: POST /session/d392767a950b32be403e8af6fd22bfea/element/f.609CE4280A85363DBD46210BE265599D.d.3D3B53DC033C4ADB81E3A6FDB9399BBA.e.10767/click - {}
RESULT: {}
COMMAND: POST /session/d392767a950b32be403e8af6fd22bfea/element - {"using":"xpath","value":"//span[contains(text(), \"PB - Performance based\")]"}
COMMAND: GET /session/d392767a950b32be403e8af6fd22bfea/screenshot - {}
RESULT: {"using":"xpath","value":"//span[contains(text(), \"PB - Performance based\")]"}
COMMAND: POST /session/d392767a950b32be403e8af6fd22bfea/element/f.609CE4280A85363DBD46210BE265599D.d.3D3B53DC033C4ADB81E3A6FDB9399BBA.e.10768/click - {}
RESULT: {}
RESULT: {}
COMMAND: POST /session/d392767a950b32be403e8af6fd22bfea/execute/async - {"script":"<script> [1562 bytes]","args":[{"selector":{"id":"application-managepricingrules-display-component---newInfoPriceItem--priceProc-arrow"},"wdio_ui5_key":"applicationmanagepricingrules-display-component---newInfoPriceItem--priceProc-arrow"}]}
COMMAND: GET /session/d392767a950b32be403e8af6fd22bfea/screenshot - {}
RESULT: {"script":"<script> [1562 bytes]","args":[{"selector":{"id":"application-managepricingrules-display-component---newInfoPriceItem--priceProc-arrow"},"wdio_ui5_key":"applicationmanagepricingrules-display-component---newInfoPriceItem--priceProc-arrow"}]}
RESULT: undefined
COMMAND: POST /session/d392767a950b32be403e8af6fd22bfea/element - {"using":"xpath","value":"//*[@id=\"application-managepricingrules-display-component---newInfoPriceItem--priceProc-arrow\"]"}
RESULT: {}
RESULT: {"using":"xpath","value":"//*[@id=\"application-managepricingrules-display-component---newInfoPriceItem--priceProc-arrow\"]"}
COMMAND: POST /session/d392767a950b32be403e8af6fd22bfea/element/f.609CE4280A85363DBD46210BE265599D.d.3D3B53DC033C4ADB81E3A6FDB9399BBA.e.10769/click - {}
RESULT: {}
COMMAND: POST /session/d392767a950b32be403e8af6fd22bfea/element - {"using":"xpath","value":"//span[contains(text(), \"PRF - Performance based\")]"}
COMMAND: GET /session/d392767a950b32be403e8af6fd22bfea/screenshot - {}
RESULT: {"using":"xpath","value":"//span[contains(text(), \"PRF - Performance based\")]"}
COMMAND: POST /session/d392767a950b32be403e8af6fd22bfea/element/f.609CE4280A85363DBD46210BE265599D.d.3D3B53DC033C4ADB81E3A6FDB9399BBA.e.10770/click - {}
RESULT: {}
RESULT: {}
COMMAND: POST /session/d392767a950b32be403e8af6fd22bfea/execute/async - {"script":"<script> [1562 bytes]","args":[{"selector":{"id":"application-managepricingrules-display-component---newInfoPriceItem--calcBase-arrow"},"wdio_ui5_key":"applicationmanagepricingrules-display-component---newInfoPriceItem--calcBase-arrow"}]}
COMMAND: GET /session/d392767a950b32be403e8af6fd22bfea/screenshot - {}
RESULT: {"script":"<script> [1562 bytes]","args":[{"selector":{"id":"application-managepricingrules-display-component---newInfoPriceItem--calcBase-arrow"},"wdio_ui5_key":"applicationmanagepricingrules-display-component---newInfoPriceItem--calcBase-arrow"}]}
RESULT: undefined
COMMAND: POST /session/d392767a950b32be403e8af6fd22bfea/element - {"using":"xpath","value":"//*[@id=\"application-managepricingrules-display-component---newInfoPriceItem--calcBase-arrow\"]"}
RESULT: {}
RESULT: {"using":"xpath","value":"//*[@id=\"application-managepricingrules-display-component---newInfoPriceItem--calcBase-arrow\"]"}
COMMAND: POST /session/d392767a950b32be403e8af6fd22bfea/element/f.609CE4280A85363DBD46210BE265599D.d.3D3B53DC033C4ADB81E3A6FDB9399BBA.e.10740/click - {}
RESULT: {}
COMMAND: GET /session/d392767a950b32be403e8af6fd22bfea/screenshot - {}
RESULT: {}
COMMAND: POST /session/d392767a950b32be403e8af6fd22bfea/element - {"using":"xpath","value":"//span[contains(text(), \"0007 - PB(work days)\")]"}
RESULT: {"using":"xpath","value":"//span[contains(text(), \"0007 - PB(work days)\")]"}
COMMAND: POST /session/d392767a950b32be403e8af6fd22bfea/element/f.609CE4280A85363DBD46210BE265599D.d.3D3B53DC033C4ADB81E3A6FDB9399BBA.e.10771/click - {}
RESULT: {}
COMMAND: GET /session/d392767a950b32be403e8af6fd22bfea/screenshot - {}
RESULT: {}
COMMAND: POST /session/d392767a950b32be403e8af6fd22bfea/execute/async - {"script":"<script> [1562 bytes]","args":[{"selector":{"id":"application-managepricingrules-display-component---newInfoPriceItem--hoursMonth","interaction":{"idSuffix":"inner"}},"wdio_ui5_key":"applicationmanagepricingrules-display-component---newInfoPriceItem--hoursMonth"}]}
RESULT: {"script":"<script> [1562 bytes]","args":[{"selector":{"id":"application-managepricingrules-display-component---newInfoPriceItem--hoursMonth","interaction":{"idSuffix":"inner"}},"wdio_ui5_key":"applicationmanagepricingrules-display-component---newInfoPriceItem--hoursMonth"}]}
RESULT: undefined
COMMAND: POST /session/d392767a950b32be403e8af6fd22bfea/execute/async - {"script":"<script> [776 bytes]","args":[{"enterText":"160","selector":{"id":"application-managepricingrules-display-component---newInfoPriceItem--hoursMonth","interaction":{"idSuffix":"inner"}},"clearTextFirst":true,"interactionType":"ENTER_TEXT"}]}
RESULT: {"script":"<script> [776 bytes]","args":[{"enterText":"160","selector":{"id":"application-managepricingrules-display-component---newInfoPriceItem--hoursMonth","interaction":{"idSuffix":"inner"}},"clearTextFirst":true,"interactionType":"ENTER_TEXT"}]}
COMMAND: POST /session/d392767a950b32be403e8af6fd22bfea/element - {"using":"xpath","value":"//button[@data-kt=\"saveNewRuleButton\"]"}
RESULT: {"using":"xpath","value":"//button[@data-kt=\"saveNewRuleButton\"]"}
COMMAND: POST /session/d392767a950b32be403e8af6fd22bfea/element/f.609CE4280A85363DBD46210BE265599D.d.3D3B53DC033C4ADB81E3A6FDB9399BBA.e.10752/click - {}
RESULT: {}
COMMAND: GET /session/d392767a950b32be403e8af6fd22bfea/screenshot - {}
RESULT: {}
COMMAND: POST /session/d392767a950b32be403e8af6fd22bfea/execute/async - {"script":"<script> [1562 bytes]","args":[{"selector":{"id":"application-managepricingrules-display-component---priceInfoItem--smartFilterBar-btnBasicSearch","interaction":{"idSuffix":"I"}},"wdio_ui5_key":"applicationmanagepricingrules-display-component---priceInfoItem--smartFilterBar-btnBasicSearch"}]}
RESULT: {"script":"<script> [1562 bytes]","args":[{"selector":{"id":"application-managepricingrules-display-component---priceInfoItem--smartFilterBar-btnBasicSearch","interaction":{"idSuffix":"I"}},"wdio_ui5_key":"applicationmanagepricingrules-display-component---priceInfoItem--smartFilterBar-btnBasicSearch"}]}
RESULT: undefined
COMMAND: POST /session/d392767a950b32be403e8af6fd22bfea/execute/async - {"script":"<script> [776 bytes]","args":[{"enterText":"S4sm6N6iv0","selector":{"id":"application-managepricingrules-display-component---priceInfoItem--smartFilterBar-btnBasicSearch","interaction":{"idSuffix":"I"}},"clearTextFirst":true,"interactionType":"ENTER_TEXT"}]}
RESULT: {"script":"<script> [776 bytes]","args":[{"enterText":"S4sm6N6iv0","selector":{"id":"application-managepricingrules-display-component---priceInfoItem--smartFilterBar-btnBasicSearch","interaction":{"idSuffix":"I"}},"clearTextFirst":true,"interactionType":"ENTER_TEXT"}]}
COMMAND: POST /session/d392767a950b32be403e8af6fd22bfea/actions - {"actions":[{"id":"action50","type":"key","parameters":{},"actions":[{"type":"keyDown","value":"î€‡"},{"type":"pause","duration":10},{"type":"keyUp","value":"î€‡"}]}]}
RESULT: {"actions":[{"id":"action50","type":"key","parameters":{},"actions":[{"type":"keyDown","value":"î€‡"},{"type":"pause","duration":10},{"type":"keyUp","value":"î€‡"}]}]}
COMMAND: GET /session/d392767a950b32be403e8af6fd22bfea/screenshot - {}
RESULT: {}
COMMAND: POST /session/d392767a950b32be403e8af6fd22bfea/element - {"using":"xpath","value":"//span[@id=\"application-managepricingrules-display-component---priceInfoItem--smartTable-header-inner\"]"}
RESULT: {"using":"xpath","value":"//span[@id=\"application-managepricingrules-display-component---priceInfoItem--smartTable-header-inner\"]"}
COMMAND: POST /session/d392767a950b32be403e8af6fd22bfea/elements - {"using":"xpath","value":"//span[@id=\"application-managepricingrules-display-component---priceInfoItem--smartTable-header-inner\"]"}
RESULT: {"using":"xpath","value":"//span[@id=\"application-managepricingrules-display-component---priceInfoItem--smartTable-header-inner\"]"}
COMMAND: POST /session/d392767a950b32be403e8af6fd22bfea/execute/sync - {"script":"<script> [56 bytes]","args":[{"element-6066-11e4-a52e-4f735466cecf":"f.609CE4280A85363DBD46210BE265599D.d.3D3B53DC033C4ADB81E3A6FDB9399BBA.e.10798","ELEMENT":"f.609CE4280A85363DBD46210BE265599D.d.3D3B53DC033C4ADB81E3A6FDB9399BBA.e.10798"}]}
RESULT: {"script":"<script> [56 bytes]","args":[{"element-6066-11e4-a52e-4f735466cecf":"f.609CE4280A85363DBD46210BE265599D.d.3D3B53DC033C4ADB81E3A6FDB9399BBA.e.10798","ELEMENT":"f.609CE4280A85363DBD46210BE265599D.d.3D3B53DC033C4ADB81E3A6FDB9399BBA.e.10798"}]}
COMMAND: POST /session/d392767a950b32be403e8af6fd22bfea/element - {"using":"css selector","value":"#shell-header-logo"}
COMMAND: GET /session/d392767a950b32be403e8af6fd22bfea/screenshot - {}
RESULT: {"using":"css selector","value":"#shell-header-logo"}
COMMAND: POST /session/d392767a950b32be403e8af6fd22bfea/element/f.609CE4280A85363DBD46210BE265599D.d.3D3B53DC033C4ADB81E3A6FDB9399BBA.e.9883/click - {}
RESULT: {}
RESULT: {}
COMMAND: GET /session/d392767a950b32be403e8af6fd22bfea/screenshot - {}
RESULT: {}
]]></system-out>
    </testcase>
    <testcase classname="chrome.137_0_7151_69.windows.Performance_based_billing_(work_days)_US139742" name="Should create a performance based billing condition on the equipment" time="66.324">
      <system-out><![CDATA[
COMMAND: POST /session/d392767a950b32be403e8af6fd22bfea/execute/async - {"script":"<script> [1562 bytes]","args":[{"selector":{"controlType":"sap.m.GenericTile","properties":{"header":"Manage Conditions & Prices"}},"wdio_ui5_key":"sapm.GenericTile{\"header\":\"Manage Conditions & Prices\"}"}]}
RESULT: {"script":"<script> [1562 bytes]","args":[{"selector":{"controlType":"sap.m.GenericTile","properties":{"header":"Manage Conditions & Prices"}},"wdio_ui5_key":"sapm.GenericTile{\"header\":\"Manage Conditions & Prices\"}"}]}
RESULT: undefined
COMMAND: POST /session/d392767a950b32be403e8af6fd22bfea/element - {"using":"xpath","value":"//*[@id=\"__tile55\"]"}
RESULT: {"using":"xpath","value":"//*[@id=\"__tile55\"]"}
COMMAND: POST /session/d392767a950b32be403e8af6fd22bfea/element/f.609CE4280A85363DBD46210BE265599D.d.3D3B53DC033C4ADB81E3A6FDB9399BBA.e.9831/click - {}
RESULT: {}
COMMAND: GET /session/d392767a950b32be403e8af6fd22bfea/screenshot - {}
RESULT: {}
COMMAND: POST /session/d392767a950b32be403e8af6fd22bfea/elements - {"using":"xpath","value":"//span[text()='Error']"}
RESULT: {"using":"xpath","value":"//span[text()='Error']"}
COMMAND: POST /session/d392767a950b32be403e8af6fd22bfea/element - {"using":"xpath","value":"//button[@aria-label=\"Create\"]"}
RESULT: {"using":"xpath","value":"//button[@aria-label=\"Create\"]"}
COMMAND: POST /session/d392767a950b32be403e8af6fd22bfea/elements - {"using":"xpath","value":"//button[@aria-label=\"Create\"]"}
RESULT: {"using":"xpath","value":"//button[@aria-label=\"Create\"]"}
COMMAND: POST /session/d392767a950b32be403e8af6fd22bfea/elements - {"using":"xpath","value":"//button[@aria-label=\"Create\"]"}
RESULT: {"using":"xpath","value":"//button[@aria-label=\"Create\"]"}
COMMAND: POST /session/d392767a950b32be403e8af6fd22bfea/element - {"using":"xpath","value":"//button[@aria-label=\"Create\"]"}
RESULT: {"using":"xpath","value":"//button[@aria-label=\"Create\"]"}
COMMAND: POST /session/d392767a950b32be403e8af6fd22bfea/execute/sync - {"script":"<script> [8489 bytes]","args":[{"element-6066-11e4-a52e-4f735466cecf":"f.609CE4280A85363DBD46210BE265599D.d.3D3B53DC033C4ADB81E3A6FDB9399BBA.e.10833","ELEMENT":"f.609CE4280A85363DBD46210BE265599D.d.3D3B53DC033C4ADB81E3A6FDB9399BBA.e.10833"}]}
RESULT: {"script":"<script> [8489 bytes]","args":[{"element-6066-11e4-a52e-4f735466cecf":"f.609CE4280A85363DBD46210BE265599D.d.3D3B53DC033C4ADB81E3A6FDB9399BBA.e.10833","ELEMENT":"f.609CE4280A85363DBD46210BE265599D.d.3D3B53DC033C4ADB81E3A6FDB9399BBA.e.10833"}]}
COMMAND: GET /session/d392767a950b32be403e8af6fd22bfea/element/f.609CE4280A85363DBD46210BE265599D.d.3D3B53DC033C4ADB81E3A6FDB9399BBA.e.10833/enabled - {}
COMMAND: GET /session/d392767a950b32be403e8af6fd22bfea/screenshot - {}
RESULT: {}
COMMAND: POST /session/d392767a950b32be403e8af6fd22bfea/execute/sync - {"script":"<script> [8489 bytes]","args":[{"element-6066-11e4-a52e-4f735466cecf":"f.609CE4280A85363DBD46210BE265599D.d.3D3B53DC033C4ADB81E3A6FDB9399BBA.e.10833","ELEMENT":"f.609CE4280A85363DBD46210BE265599D.d.3D3B53DC033C4ADB81E3A6FDB9399BBA.e.10833"}]}
COMMAND: GET /session/d392767a950b32be403e8af6fd22bfea/screenshot - {}
RESULT: {}
RESULT: {"script":"<script> [8489 bytes]","args":[{"element-6066-11e4-a52e-4f735466cecf":"f.609CE4280A85363DBD46210BE265599D.d.3D3B53DC033C4ADB81E3A6FDB9399BBA.e.10833","ELEMENT":"f.609CE4280A85363DBD46210BE265599D.d.3D3B53DC033C4ADB81E3A6FDB9399BBA.e.10833"}]}
COMMAND: POST /session/d392767a950b32be403e8af6fd22bfea/execute/sync - {"script":"<script> [5351 bytes]","args":[{"element-6066-11e4-a52e-4f735466cecf":"f.609CE4280A85363DBD46210BE265599D.d.3D3B53DC033C4ADB81E3A6FDB9399BBA.e.10833","ELEMENT":"f.609CE4280A85363DBD46210BE265599D.d.3D3B53DC033C4ADB81E3A6FDB9399BBA.e.10833"}]}
COMMAND: GET /session/d392767a950b32be403e8af6fd22bfea/screenshot - {}
RESULT: {}
RESULT: {"script":"<script> [5351 bytes]","args":[{"element-6066-11e4-a52e-4f735466cecf":"f.609CE4280A85363DBD46210BE265599D.d.3D3B53DC033C4ADB81E3A6FDB9399BBA.e.10833","ELEMENT":"f.609CE4280A85363DBD46210BE265599D.d.3D3B53DC033C4ADB81E3A6FDB9399BBA.e.10833"}]}
COMMAND: POST /session/d392767a950b32be403e8af6fd22bfea/element/f.609CE4280A85363DBD46210BE265599D.d.3D3B53DC033C4ADB81E3A6FDB9399BBA.e.10833/click - {}
COMMAND: GET /session/d392767a950b32be403e8af6fd22bfea/screenshot - {}
RESULT: {}
RESULT: {}
COMMAND: GET /session/d392767a950b32be403e8af6fd22bfea/screenshot - {}
RESULT: {}
RESULT: {}
COMMAND: POST /session/d392767a950b32be403e8af6fd22bfea/actions - {"actions":[{"id":"action51","type":"key","parameters":{},"actions":[{"type":"keyDown","value":"î€‡"},{"type":"pause","duration":10},{"type":"keyUp","value":"î€‡"}]}]}
RESULT: {"actions":[{"id":"action51","type":"key","parameters":{},"actions":[{"type":"keyDown","value":"î€‡"},{"type":"pause","duration":10},{"type":"keyUp","value":"î€‡"}]}]}
COMMAND: GET /session/d392767a950b32be403e8af6fd22bfea/screenshot - {}
RESULT: {}
COMMAND: POST /session/d392767a950b32be403e8af6fd22bfea/execute/async - {"script":"<script> [1562 bytes]","args":[{"selector":{"id":"application-manageconditionprice-display-component---newCondition--condBillCond-arrow"},"wdio_ui5_key":"applicationmanageconditionprice-display-component---newCondition--condBillCond-arrow"}]}
RESULT: {"script":"<script> [1562 bytes]","args":[{"selector":{"id":"application-manageconditionprice-display-component---newCondition--condBillCond-arrow"},"wdio_ui5_key":"applicationmanageconditionprice-display-component---newCondition--condBillCond-arrow"}]}
RESULT: undefined
COMMAND: POST /session/d392767a950b32be403e8af6fd22bfea/element - {"using":"xpath","value":"//*[@id=\"application-manageconditionprice-display-component---newCondition--condBillCond-arrow\"]"}
RESULT: {"using":"xpath","value":"//*[@id=\"application-manageconditionprice-display-component---newCondition--condBillCond-arrow\"]"}
COMMAND: POST /session/d392767a950b32be403e8af6fd22bfea/element/f.609CE4280A85363DBD46210BE265599D.d.3D3B53DC033C4ADB81E3A6FDB9399BBA.e.11010/click - {}
RESULT: {}
COMMAND: GET /session/d392767a950b32be403e8af6fd22bfea/screenshot - {}
RESULT: {}
COMMAND: POST /session/d392767a950b32be403e8af6fd22bfea/element - {"using":"xpath","value":"//li[.//span[contains(text(), \"PC06 - Performance Price - fuel\")]]"}
RESULT: {"using":"xpath","value":"//li[.//span[contains(text(), \"PC06 - Performance Price - fuel\")]]"}
COMMAND: POST /session/d392767a950b32be403e8af6fd22bfea/element/f.609CE4280A85363DBD46210BE265599D.d.3D3B53DC033C4ADB81E3A6FDB9399BBA.e.11013/click - {}
RESULT: {}
COMMAND: GET /session/d392767a950b32be403e8af6fd22bfea/screenshot - {}
RESULT: {}
COMMAND: POST /session/d392767a950b32be403e8af6fd22bfea/execute/async - {"script":"<script> [1562 bytes]","args":[{"selector":{"id":"application-manageconditionprice-display-component---newCondition--condValidTo","interaction":{"idSuffix":"inner"}},"wdio_ui5_key":"applicationmanageconditionprice-display-component---newCondition--condValidTo"}]}
RESULT: {"script":"<script> [1562 bytes]","args":[{"selector":{"id":"application-manageconditionprice-display-component---newCondition--condValidTo","interaction":{"idSuffix":"inner"}},"wdio_ui5_key":"applicationmanageconditionprice-display-component---newCondition--condValidTo"}]}
RESULT: undefined
COMMAND: POST /session/d392767a950b32be403e8af6fd22bfea/execute/async - {"script":"<script> [776 bytes]","args":[{"enterText":"2/12/26","selector":{"id":"application-manageconditionprice-display-component---newCondition--condValidTo","interaction":{"idSuffix":"inner"}},"clearTextFirst":true,"interactionType":"ENTER_TEXT"}]}
RESULT: {"script":"<script> [776 bytes]","args":[{"enterText":"2/12/26","selector":{"id":"application-manageconditionprice-display-component---newCondition--condValidTo","interaction":{"idSuffix":"inner"}},"clearTextFirst":true,"interactionType":"ENTER_TEXT"}]}
COMMAND: POST /session/d392767a950b32be403e8af6fd22bfea/element - {"using":"xpath","value":"//input[@id=\"application-manageconditionprice-display-component---newCondition--condRU-inner\"]"}
RESULT: {"using":"xpath","value":"//input[@id=\"application-manageconditionprice-display-component---newCondition--condRU-inner\"]"}
COMMAND: POST /session/d392767a950b32be403e8af6fd22bfea/element/f.609CE4280A85363DBD46210BE265599D.d.3D3B53DC033C4ADB81E3A6FDB9399BBA.e.10875/clear - {}
RESULT: {}
COMMAND: POST /session/d392767a950b32be403e8af6fd22bfea/element/f.609CE4280A85363DBD46210BE265599D.d.3D3B53DC033C4ADB81E3A6FDB9399BBA.e.10875/value - {"text":"S4sm6N6iv0"}
COMMAND: GET /session/d392767a950b32be403e8af6fd22bfea/screenshot - {}
RESULT: {"text":"S4sm6N6iv0"}
COMMAND: GET /session/d392767a950b32be403e8af6fd22bfea/screenshot - {}
RESULT: {}
RESULT: {}
COMMAND: POST /session/d392767a950b32be403e8af6fd22bfea/actions - {"actions":[{"id":"action52","type":"key","parameters":{},"actions":[{"type":"keyDown","value":"î€‡"},{"type":"pause","duration":10},{"type":"keyUp","value":"î€‡"}]}]}
RESULT: {"actions":[{"id":"action52","type":"key","parameters":{},"actions":[{"type":"keyDown","value":"î€‡"},{"type":"pause","duration":10},{"type":"keyUp","value":"î€‡"}]}]}
COMMAND: POST /session/d392767a950b32be403e8af6fd22bfea/execute/async - {"script":"<script> [1562 bytes]","args":[{"selector":{"id":"application-manageconditionprice-display-component---newCondition--condBaseQty","interaction":{"idSuffix":"inner"}},"wdio_ui5_key":"applicationmanageconditionprice-display-component---newCondition--condBaseQty"}]}
COMMAND: GET /session/d392767a950b32be403e8af6fd22bfea/screenshot - {}
RESULT: {"script":"<script> [1562 bytes]","args":[{"selector":{"id":"application-manageconditionprice-display-component---newCondition--condBaseQty","interaction":{"idSuffix":"inner"}},"wdio_ui5_key":"applicationmanageconditionprice-display-component---newCondition--condBaseQty"}]}
RESULT: undefined
COMMAND: POST /session/d392767a950b32be403e8af6fd22bfea/execute/async - {"script":"<script> [776 bytes]","args":[{"enterText":"1","selector":{"id":"application-manageconditionprice-display-component---newCondition--condBaseQty","interaction":{"idSuffix":"inner"}},"clearTextFirst":true,"interactionType":"ENTER_TEXT"}]}
RESULT: {}
RESULT: {"script":"<script> [776 bytes]","args":[{"enterText":"1","selector":{"id":"application-manageconditionprice-display-component---newCondition--condBaseQty","interaction":{"idSuffix":"inner"}},"clearTextFirst":true,"interactionType":"ENTER_TEXT"}]}
COMMAND: POST /session/d392767a950b32be403e8af6fd22bfea/execute/async - {"script":"<script> [1562 bytes]","args":[{"selector":{"id":"application-manageconditionprice-display-component---newCondition--condValue","interaction":{"idSuffix":"inner"}},"wdio_ui5_key":"applicationmanageconditionprice-display-component---newCondition--condValue"}]}
RESULT: {"script":"<script> [1562 bytes]","args":[{"selector":{"id":"application-manageconditionprice-display-component---newCondition--condValue","interaction":{"idSuffix":"inner"}},"wdio_ui5_key":"applicationmanageconditionprice-display-component---newCondition--condValue"}]}
RESULT: undefined
COMMAND: POST /session/d392767a950b32be403e8af6fd22bfea/execute/async - {"script":"<script> [776 bytes]","args":[{"enterText":"10","selector":{"id":"application-manageconditionprice-display-component---newCondition--condValue","interaction":{"idSuffix":"inner"}},"clearTextFirst":true,"interactionType":"ENTER_TEXT"}]}
RESULT: {"script":"<script> [776 bytes]","args":[{"enterText":"10","selector":{"id":"application-manageconditionprice-display-component---newCondition--condValue","interaction":{"idSuffix":"inner"}},"clearTextFirst":true,"interactionType":"ENTER_TEXT"}]}
COMMAND: POST /session/d392767a950b32be403e8af6fd22bfea/execute/async - {"script":"<script> [1562 bytes]","args":[{"selector":{"id":"application-manageconditionprice-display-component---newCondition--condCurr-arrow"},"wdio_ui5_key":"applicationmanageconditionprice-display-component---newCondition--condCurr-arrow"}]}
RESULT: {"script":"<script> [1562 bytes]","args":[{"selector":{"id":"application-manageconditionprice-display-component---newCondition--condCurr-arrow"},"wdio_ui5_key":"applicationmanageconditionprice-display-component---newCondition--condCurr-arrow"}]}
RESULT: undefined
COMMAND: POST /session/d392767a950b32be403e8af6fd22bfea/element - {"using":"xpath","value":"//*[@id=\"application-manageconditionprice-display-component---newCondition--condCurr-arrow\"]"}
RESULT: {"using":"xpath","value":"//*[@id=\"application-manageconditionprice-display-component---newCondition--condCurr-arrow\"]"}
COMMAND: POST /session/d392767a950b32be403e8af6fd22bfea/element/f.609CE4280A85363DBD46210BE265599D.d.3D3B53DC033C4ADB81E3A6FDB9399BBA.e.10991/click - {}
RESULT: {}
COMMAND: POST /session/d392767a950b32be403e8af6fd22bfea/element - {"using":"xpath","value":"//span[contains(text(), \"Euro\")]"}
COMMAND: GET /session/d392767a950b32be403e8af6fd22bfea/screenshot - {}
RESULT: {"using":"xpath","value":"//span[contains(text(), \"Euro\")]"}
COMMAND: POST /session/d392767a950b32be403e8af6fd22bfea/element/f.609CE4280A85363DBD46210BE265599D.d.3D3B53DC033C4ADB81E3A6FDB9399BBA.e.11048/click - {}
RESULT: {}
RESULT: {}
COMMAND: POST /session/d392767a950b32be403e8af6fd22bfea/element - {"using":"xpath","value":"//button[@data-kt=\"saveButton\"]"}
COMMAND: GET /session/d392767a950b32be403e8af6fd22bfea/screenshot - {}
RESULT: {"using":"xpath","value":"//button[@data-kt=\"saveButton\"]"}
COMMAND: POST /session/d392767a950b32be403e8af6fd22bfea/element/f.609CE4280A85363DBD46210BE265599D.d.3D3B53DC033C4ADB81E3A6FDB9399BBA.e.10992/click - {}
RESULT: {}
RESULT: {}
COMMAND: GET /session/d392767a950b32be403e8af6fd22bfea/screenshot - {}
RESULT: {}
COMMAND: POST /session/d392767a950b32be403e8af6fd22bfea/execute/async - {"script":"<script> [1562 bytes]","args":[{"selector":{"id":"application-manageconditionprice-display-component---conditions--smartFilterBar-btnBasicSearch","interaction":{"idSuffix":"I"}},"wdio_ui5_key":"applicationmanageconditionprice-display-component---conditions--smartFilterBar-btnBasicSearch"}]}
RESULT: {"script":"<script> [1562 bytes]","args":[{"selector":{"id":"application-manageconditionprice-display-component---conditions--smartFilterBar-btnBasicSearch","interaction":{"idSuffix":"I"}},"wdio_ui5_key":"applicationmanageconditionprice-display-component---conditions--smartFilterBar-btnBasicSearch"}]}
RESULT: undefined
COMMAND: POST /session/d392767a950b32be403e8af6fd22bfea/execute/async - {"script":"<script> [776 bytes]","args":[{"enterText":"S4sm6N6iv0","selector":{"id":"application-manageconditionprice-display-component---conditions--smartFilterBar-btnBasicSearch","interaction":{"idSuffix":"I"}},"clearTextFirst":true,"interactionType":"ENTER_TEXT"}]}
RESULT: {"script":"<script> [776 bytes]","args":[{"enterText":"S4sm6N6iv0","selector":{"id":"application-manageconditionprice-display-component---conditions--smartFilterBar-btnBasicSearch","interaction":{"idSuffix":"I"}},"clearTextFirst":true,"interactionType":"ENTER_TEXT"}]}
COMMAND: POST /session/d392767a950b32be403e8af6fd22bfea/actions - {"actions":[{"id":"action53","type":"key","parameters":{},"actions":[{"type":"keyDown","value":"î€‡"},{"type":"pause","duration":10},{"type":"keyUp","value":"î€‡"}]}]}
RESULT: {"actions":[{"id":"action53","type":"key","parameters":{},"actions":[{"type":"keyDown","value":"î€‡"},{"type":"pause","duration":10},{"type":"keyUp","value":"î€‡"}]}]}
COMMAND: GET /session/d392767a950b32be403e8af6fd22bfea/screenshot - {}
RESULT: {}
COMMAND: POST /session/d392767a950b32be403e8af6fd22bfea/execute/async - {"script":"<script> [1562 bytes]","args":[{"selector":{"id":"application-manageconditionprice-display-component---conditions--smartFilterBar-filterItemControl_BASIC-BILL_TYPES-vhi"},"wdio_ui5_key":"applicationmanageconditionprice-display-component---conditions--smartFilterBar-filterItemControl_BASIC-BILL_TYPES-vhi"}]}
RESULT: {"script":"<script> [1562 bytes]","args":[{"selector":{"id":"application-manageconditionprice-display-component---conditions--smartFilterBar-filterItemControl_BASIC-BILL_TYPES-vhi"},"wdio_ui5_key":"applicationmanageconditionprice-display-component---conditions--smartFilterBar-filterItemControl_BASIC-BILL_TYPES-vhi"}]}
RESULT: undefined
COMMAND: POST /session/d392767a950b32be403e8af6fd22bfea/element - {"using":"xpath","value":"//*[@id=\"application-manageconditionprice-display-component---conditions--smartFilterBar-filterItemControl_BASIC-BILL_TYPES-vhi\"]"}
RESULT: {"using":"xpath","value":"//*[@id=\"application-manageconditionprice-display-component---conditions--smartFilterBar-filterItemControl_BASIC-BILL_TYPES-vhi\"]"}
COMMAND: POST /session/d392767a950b32be403e8af6fd22bfea/element/f.609CE4280A85363DBD46210BE265599D.d.3D3B53DC033C4ADB81E3A6FDB9399BBA.e.11064/click - {}
RESULT: {}
COMMAND: POST /session/d392767a950b32be403e8af6fd22bfea/execute/async - {"script":"<script> [1562 bytes]","args":[{"selector":{"id":"application-manageconditionprice-display-component---conditions--smartFilterBar-filterItemControl_BASIC-BILL_TYPES-valueHelpDialog-smartFilterBar-btnBasicSearch","searchOpenDialogs":true,"interaction":{"idSuffix":"I"}},"wdio_ui5_key":"applicationmanageconditionprice-display-component---conditions--smartFilterBar-filterItemControl_BASIC-BILL_TYPES-valueHelpDialog-smartFilterBar-btnBasicSearch"}]}
COMMAND: GET /session/d392767a950b32be403e8af6fd22bfea/screenshot - {}
RESULT: {"script":"<script> [1562 bytes]","args":[{"selector":{"id":"application-manageconditionprice-display-component---conditions--smartFilterBar-filterItemControl_BASIC-BILL_TYPES-valueHelpDialog-smartFilterBar-btnBasicSearch","searchOpenDialogs":true,"interaction":{"idSuffix":"I"}},"wdio_ui5_key":"applicationmanageconditionprice-display-component---conditions--smartFilterBar-filterItemControl_BASIC-BILL_TYPES-valueHelpDialog-smartFilterBar-btnBasicSearch"}]}
RESULT: undefined
COMMAND: POST /session/d392767a950b32be403e8af6fd22bfea/execute/async - {"script":"<script> [776 bytes]","args":[{"enterText":"PB","selector":{"id":"application-manageconditionprice-display-component---conditions--smartFilterBar-filterItemControl_BASIC-BILL_TYPES-valueHelpDialog-smartFilterBar-btnBasicSearch","searchOpenDialogs":true,"interaction":{"idSuffix":"I"}},"clearTextFirst":true,"interactionType":"ENTER_TEXT"}]}
RESULT: {}
RESULT: {"script":"<script> [776 bytes]","args":[{"enterText":"PB","selector":{"id":"application-manageconditionprice-display-component---conditions--smartFilterBar-filterItemControl_BASIC-BILL_TYPES-valueHelpDialog-smartFilterBar-btnBasicSearch","searchOpenDialogs":true,"interaction":{"idSuffix":"I"}},"clearTextFirst":true,"interactionType":"ENTER_TEXT"}]}
COMMAND: POST /session/d392767a950b32be403e8af6fd22bfea/actions - {"actions":[{"id":"action54","type":"key","parameters":{},"actions":[{"type":"keyDown","value":"î€‡"},{"type":"pause","duration":10},{"type":"keyUp","value":"î€‡"}]}]}
RESULT: {"actions":[{"id":"action54","type":"key","parameters":{},"actions":[{"type":"keyDown","value":"î€‡"},{"type":"pause","duration":10},{"type":"keyUp","value":"î€‡"}]}]}
COMMAND: GET /session/d392767a950b32be403e8af6fd22bfea/screenshot - {}
RESULT: {}
COMMAND: POST /session/d392767a950b32be403e8af6fd22bfea/element - {"using":"xpath","value":"//div[contains(@id, 'application-manageconditionprice-display-component---conditions--smartFilterBar-filterItemControl_BASIC-BILL_TYPES-valueHelpDialog-table-rowsel0')]"}
RESULT: {"using":"xpath","value":"//div[contains(@id, 'application-manageconditionprice-display-component---conditions--smartFilterBar-filterItemControl_BASIC-BILL_TYPES-valueHelpDialog-table-rowsel0')]"}
COMMAND: POST /session/d392767a950b32be403e8af6fd22bfea/element/f.609CE4280A85363DBD46210BE265599D.d.3D3B53DC033C4ADB81E3A6FDB9399BBA.e.11073/click - {}
RESULT: {}
COMMAND: GET /session/d392767a950b32be403e8af6fd22bfea/screenshot - {}
RESULT: {}
COMMAND: POST /session/d392767a950b32be403e8af6fd22bfea/element - {"using":"xpath","value":"//bdi[contains(text(), \"OK\")]"}
RESULT: {"using":"xpath","value":"//bdi[contains(text(), \"OK\")]"}
COMMAND: POST /session/d392767a950b32be403e8af6fd22bfea/element/f.609CE4280A85363DBD46210BE265599D.d.3D3B53DC033C4ADB81E3A6FDB9399BBA.e.11075/click - {}
RESULT: {}
COMMAND: GET /session/d392767a950b32be403e8af6fd22bfea/screenshot - {}
RESULT: {}
COMMAND: POST /session/d392767a950b32be403e8af6fd22bfea/element - {"using":"xpath","value":"//span[@id=\"application-manageconditionprice-display-component---conditions--smartTable-header-inner\"]"}
RESULT: {"using":"xpath","value":"//span[@id=\"application-manageconditionprice-display-component---conditions--smartTable-header-inner\"]"}
COMMAND: POST /session/d392767a950b32be403e8af6fd22bfea/elements - {"using":"xpath","value":"//span[@id=\"application-manageconditionprice-display-component---conditions--smartTable-header-inner\"]"}
RESULT: {"using":"xpath","value":"//span[@id=\"application-manageconditionprice-display-component---conditions--smartTable-header-inner\"]"}
COMMAND: POST /session/d392767a950b32be403e8af6fd22bfea/execute/sync - {"script":"<script> [56 bytes]","args":[{"element-6066-11e4-a52e-4f735466cecf":"f.609CE4280A85363DBD46210BE265599D.d.3D3B53DC033C4ADB81E3A6FDB9399BBA.e.11078","ELEMENT":"f.609CE4280A85363DBD46210BE265599D.d.3D3B53DC033C4ADB81E3A6FDB9399BBA.e.11078"}]}
RESULT: {"script":"<script> [56 bytes]","args":[{"element-6066-11e4-a52e-4f735466cecf":"f.609CE4280A85363DBD46210BE265599D.d.3D3B53DC033C4ADB81E3A6FDB9399BBA.e.11078","ELEMENT":"f.609CE4280A85363DBD46210BE265599D.d.3D3B53DC033C4ADB81E3A6FDB9399BBA.e.11078"}]}
COMMAND: POST /session/d392767a950b32be403e8af6fd22bfea/element - {"using":"css selector","value":"#shell-header-logo"}
COMMAND: GET /session/d392767a950b32be403e8af6fd22bfea/screenshot - {}
RESULT: {"using":"css selector","value":"#shell-header-logo"}
COMMAND: POST /session/d392767a950b32be403e8af6fd22bfea/element/f.609CE4280A85363DBD46210BE265599D.d.3D3B53DC033C4ADB81E3A6FDB9399BBA.e.10801/click - {}
RESULT: {}
RESULT: {}
COMMAND: GET /session/d392767a950b32be403e8af6fd22bfea/screenshot - {}
RESULT: {}
]]></system-out>
    </testcase>
    <testcase classname="chrome.137_0_7151_69.windows.Performance_based_billing_(work_days)_US139742" name="Should add a counter to the equipment" time="54.286">
      <system-out><![CDATA[
RESULT: undefined
COMMAND: POST /session/d392767a950b32be403e8af6fd22bfea/element - {"using":"xpath","value":"//*[@id=\"__tile40\"]"}
RESULT: {"using":"xpath","value":"//*[@id=\"__tile40\"]"}
COMMAND: POST /session/d392767a950b32be403e8af6fd22bfea/element/f.609CE4280A85363DBD46210BE265599D.d.3D3B53DC033C4ADB81E3A6FDB9399BBA.e.9781/click - {}
RESULT: {}
COMMAND: GET /session/d392767a950b32be403e8af6fd22bfea/screenshot - {}
RESULT: {}
COMMAND: POST /session/d392767a950b32be403e8af6fd22bfea/elements - {"using":"xpath","value":"//span[text()='Error']"}
RESULT: {"using":"xpath","value":"//span[text()='Error']"}
COMMAND: POST /session/d392767a950b32be403e8af6fd22bfea/execute/async - {"script":"<script> [1562 bytes]","args":[{"selector":{"id":"application-manageresources-display-component---masterRU--smartFilterBar-btnBasicSearch","interaction":{"idSuffix":"I"}},"wdio_ui5_key":"applicationmanageresources-display-component---masterRU--smartFilterBar-btnBasicSearch"}]}
RESULT: {"script":"<script> [1562 bytes]","args":[{"selector":{"id":"application-manageresources-display-component---masterRU--smartFilterBar-btnBasicSearch","interaction":{"idSuffix":"I"}},"wdio_ui5_key":"applicationmanageresources-display-component---masterRU--smartFilterBar-btnBasicSearch"}]}
RESULT: undefined
COMMAND: POST /session/d392767a950b32be403e8af6fd22bfea/execute/async - {"script":"<script> [776 bytes]","args":[{"enterText":"S4sm6N6iv0","selector":{"id":"application-manageresources-display-component---masterRU--smartFilterBar-btnBasicSearch","interaction":{"idSuffix":"I"}},"clearTextFirst":true,"interactionType":"ENTER_TEXT"}]}
RESULT: {"script":"<script> [776 bytes]","args":[{"enterText":"S4sm6N6iv0","selector":{"id":"application-manageresources-display-component---masterRU--smartFilterBar-btnBasicSearch","interaction":{"idSuffix":"I"}},"clearTextFirst":true,"interactionType":"ENTER_TEXT"}]}
COMMAND: POST /session/d392767a950b32be403e8af6fd22bfea/actions - {"actions":[{"id":"action55","type":"key","parameters":{},"actions":[{"type":"keyDown","value":"î€‡"},{"type":"pause","duration":10},{"type":"keyUp","value":"î€‡"}]}]}
RESULT: {"actions":[{"id":"action55","type":"key","parameters":{},"actions":[{"type":"keyDown","value":"î€‡"},{"type":"pause","duration":10},{"type":"keyUp","value":"î€‡"}]}]}
COMMAND: GET /session/d392767a950b32be403e8af6fd22bfea/screenshot - {}
RESULT: {}
COMMAND: POST /session/d392767a950b32be403e8af6fd22bfea/execute/async - {"script":"<script> [1562 bytes]","args":[{"selector":{"id":"application-manageresources-display-component---masterRU--smartTable-header"},"wdio_ui5_key":"applicationmanageresources-display-component---masterRU--smartTable-header"}]}
RESULT: {"script":"<script> [1562 bytes]","args":[{"selector":{"id":"application-manageresources-display-component---masterRU--smartTable-header"},"wdio_ui5_key":"applicationmanageresources-display-component---masterRU--smartTable-header"}]}
RESULT: undefined
COMMAND: POST /session/d392767a950b32be403e8af6fd22bfea/execute/async - {"script":"<script> [6424 bytes]","args":[{"element-6066-11e4-a52e-4f735466cecf":"f.609CE4280A85363DBD46210BE265599D.d.3D3B53DC033C4ADB81E3A6FDB9399BBA.e.11264"},"getText",[]]}
RESULT: {"script":"<script> [6424 bytes]","args":[{"element-6066-11e4-a52e-4f735466cecf":"f.609CE4280A85363DBD46210BE265599D.d.3D3B53DC033C4ADB81E3A6FDB9399BBA.e.11264"},"getText",[]]}
COMMAND: POST /session/d392767a950b32be403e8af6fd22bfea/execute/async - {"script":"<script> [1562 bytes]","args":[{"selector":{"controlType":"sap.ui.core.Icon","viewName":"etm.portal.ui.manageresources.view.Master","viewId":"application-manageresources-display-component---masterRU","properties":{"src":{"regex":{"source":"slim\\-arrow\\-right"}}}},"wdio_ui5_key":"etmportal.ui.manageresources.view.Mastersap.ui.core.Icon{\"src\":{\"regex\":{\"source\":\"slim\\\\-arrow\\\\-right\"}}}"}]}
RESULT: {"script":"<script> [1562 bytes]","args":[{"selector":{"controlType":"sap.ui.core.Icon","viewName":"etm.portal.ui.manageresources.view.Master","viewId":"application-manageresources-display-component---masterRU","properties":{"src":{"regex":{"source":"slim\\-arrow\\-right"}}}},"wdio_ui5_key":"etmportal.ui.manageresources.view.Mastersap.ui.core.Icon{\"src\":{\"regex\":{\"source\":\"slim\\\\-arrow\\\\-right\"}}}"}]}
RESULT: undefined
COMMAND: POST /session/d392767a950b32be403e8af6fd22bfea/element - {"using":"xpath","value":"//*[@id=\"__item758-__clone1811-imgNav\"]"}
RESULT: {"using":"xpath","value":"//*[@id=\"__item758-__clone1811-imgNav\"]"}
COMMAND: POST /session/d392767a950b32be403e8af6fd22bfea/element/f.609CE4280A85363DBD46210BE265599D.d.3D3B53DC033C4ADB81E3A6FDB9399BBA.e.11263/click - {}
RESULT: {}
COMMAND: GET /session/d392767a950b32be403e8af6fd22bfea/screenshot - {}
RESULT: {}
COMMAND: POST /session/d392767a950b32be403e8af6fd22bfea/element - {"using":"xpath","value":"//bdi[contains(text(), \"Edit\")]"}
RESULT: {"using":"xpath","value":"//bdi[contains(text(), \"Edit\")]"}
COMMAND: POST /session/d392767a950b32be403e8af6fd22bfea/execute/sync - {"script":"<script> [8489 bytes]","args":[{"element-6066-11e4-a52e-4f735466cecf":"f.609CE4280A85363DBD46210BE265599D.d.3D3B53DC033C4ADB81E3A6FDB9399BBA.e.11374","ELEMENT":"f.609CE4280A85363DBD46210BE265599D.d.3D3B53DC033C4ADB81E3A6FDB9399BBA.e.11374"}]}
RESULT: {"script":"<script> [8489 bytes]","args":[{"element-6066-11e4-a52e-4f735466cecf":"f.609CE4280A85363DBD46210BE265599D.d.3D3B53DC033C4ADB81E3A6FDB9399BBA.e.11374","ELEMENT":"f.609CE4280A85363DBD46210BE265599D.d.3D3B53DC033C4ADB81E3A6FDB9399BBA.e.11374"}]}
COMMAND: POST /session/d392767a950b32be403e8af6fd22bfea/element/f.609CE4280A85363DBD46210BE265599D.d.3D3B53DC033C4ADB81E3A6FDB9399BBA.e.11374/click - {}
COMMAND: GET /session/d392767a950b32be403e8af6fd22bfea/screenshot - {}
RESULT: {}
COMMAND: GET /session/d392767a950b32be403e8af6fd22bfea/screenshot - {}
RESULT: {}
RESULT: {}
COMMAND: POST /session/d392767a950b32be403e8af6fd22bfea/execute/async - {"script":"<script> [1562 bytes]","args":[{"selector":{"id":"application-manageresources-display-component---editResource--editRruPage-anchBar-application-manageresources-display-component---editResource--counters-anchor","interaction":{"idSuffix":"BDI-content"}},"wdio_ui5_key":"applicationmanageresources-display-component---editResource--editRruPage-anchBar-application-manageresources-display-component---editResource--counters-anchor"}]}
RESULT: {"script":"<script> [1562 bytes]","args":[{"selector":{"id":"application-manageresources-display-component---editResource--editRruPage-anchBar-application-manageresources-display-component---editResource--counters-anchor","interaction":{"idSuffix":"BDI-content"}},"wdio_ui5_key":"applicationmanageresources-display-component---editResource--editRruPage-anchBar-application-manageresources-display-component---editResource--counters-anchor"}]}
RESULT: undefined
COMMAND: POST /session/d392767a950b32be403e8af6fd22bfea/element - {"using":"xpath","value":"//*[@id=\"application-manageresources-display-component---editResource--editRruPage-anchBar-application-manageresources-display-component---editResource--counters-anchor\"]"}
RESULT: {"using":"xpath","value":"//*[@id=\"application-manageresources-display-component---editResource--editRruPage-anchBar-application-manageresources-display-component---editResource--counters-anchor\"]"}
COMMAND: POST /session/d392767a950b32be403e8af6fd22bfea/element/f.609CE4280A85363DBD46210BE265599D.d.3D3B53DC033C4ADB81E3A6FDB9399BBA.e.11631/click - {}
RESULT: {}
COMMAND: GET /session/d392767a950b32be403e8af6fd22bfea/screenshot - {}
RESULT: {}
COMMAND: POST /session/d392767a950b32be403e8af6fd22bfea/execute/async - {"script":"<script> [1562 bytes]","args":[{"selector":{"id":"application-manageresources-display-component---editResource--btnAddCounter-img"},"wdio_ui5_key":"applicationmanageresources-display-component---editResource--btnAddCounter-img"}]}
RESULT: {"script":"<script> [1562 bytes]","args":[{"selector":{"id":"application-manageresources-display-component---editResource--btnAddCounter-img"},"wdio_ui5_key":"applicationmanageresources-display-component---editResource--btnAddCounter-img"}]}
RESULT: undefined
COMMAND: POST /session/d392767a950b32be403e8af6fd22bfea/element - {"using":"xpath","value":"//*[@id=\"application-manageresources-display-component---editResource--btnAddCounter-img\"]"}
RESULT: {"using":"xpath","value":"//*[@id=\"application-manageresources-display-component---editResource--btnAddCounter-img\"]"}
COMMAND: POST /session/d392767a950b32be403e8af6fd22bfea/element/f.609CE4280A85363DBD46210BE265599D.d.3D3B53DC033C4ADB81E3A6FDB9399BBA.e.11638/click - {}
RESULT: {}
COMMAND: POST /session/d392767a950b32be403e8af6fd22bfea/execute/async - {"script":"<script> [1562 bytes]","args":[{"selector":{"id":"application-manageresources-display-component---editResource--COUNTER_ID-application-manageresources-display-component---editResource--RUCounters-0-arrow"},"wdio_ui5_key":"applicationmanageresources-display-component---editResource--COUNTER_ID-application-manageresources-display-component---editResource--RUCounters-0-arrow"}]}
COMMAND: GET /session/d392767a950b32be403e8af6fd22bfea/screenshot - {}
RESULT: {"script":"<script> [1562 bytes]","args":[{"selector":{"id":"application-manageresources-display-component---editResource--COUNTER_ID-application-manageresources-display-component---editResource--RUCounters-0-arrow"},"wdio_ui5_key":"applicationmanageresources-display-component---editResource--COUNTER_ID-application-manageresources-display-component---editResource--RUCounters-0-arrow"}]}
RESULT: undefined
COMMAND: POST /session/d392767a950b32be403e8af6fd22bfea/element - {"using":"xpath","value":"//*[@id=\"application-manageresources-display-component---editResource--COUNTER_ID-application-manageresources-display-component---editResource--RUCounters-0-arrow\"]"}
RESULT: {}
RESULT: {"using":"xpath","value":"//*[@id=\"application-manageresources-display-component---editResource--COUNTER_ID-application-manageresources-display-component---editResource--RUCounters-0-arrow\"]"}
COMMAND: POST /session/d392767a950b32be403e8af6fd22bfea/element/f.609CE4280A85363DBD46210BE265599D.d.3D3B53DC033C4ADB81E3A6FDB9399BBA.e.11651/click - {}
RESULT: {}
COMMAND: POST /session/d392767a950b32be403e8af6fd22bfea/execute/async - {"script":"<script> [1562 bytes]","args":[{"selector":{"controlType":"sap.m.StandardListItem","viewName":"etm.portal.ui.manageresources.view.EditResource","viewId":"application-manageresources-display-component---editResource","properties":{"title":"fuel"},"searchOpenDialogs":true,"interaction":{"idSuffix":"content"}},"wdio_ui5_key":"etmportal.ui.manageresources.view.EditResourcesap.m.StandardListItem{\"title\":\"fuel\"}"}]}
COMMAND: GET /session/d392767a950b32be403e8af6fd22bfea/screenshot - {}
RESULT: {"script":"<script> [1562 bytes]","args":[{"selector":{"controlType":"sap.m.StandardListItem","viewName":"etm.portal.ui.manageresources.view.EditResource","viewId":"application-manageresources-display-component---editResource","properties":{"title":"fuel"},"searchOpenDialogs":true,"interaction":{"idSuffix":"content"}},"wdio_ui5_key":"etmportal.ui.manageresources.view.EditResourcesap.m.StandardListItem{\"title\":\"fuel\"}"}]}
RESULT: undefined
COMMAND: POST /session/d392767a950b32be403e8af6fd22bfea/element - {"using":"xpath","value":"//*[@id=\"__item1111\"]"}
RESULT: {}
RESULT: {"using":"xpath","value":"//*[@id=\"__item1111\"]"}
COMMAND: POST /session/d392767a950b32be403e8af6fd22bfea/element/f.609CE4280A85363DBD46210BE265599D.d.3D3B53DC033C4ADB81E3A6FDB9399BBA.e.11653/click - {}
RESULT: {}
COMMAND: POST /session/d392767a950b32be403e8af6fd22bfea/execute/async - {"script":"<script> [1562 bytes]","args":[{"selector":{"controlType":"sap.m.Button","viewName":"etm.portal.ui.manageresources.view.EditResource","viewId":"application-manageresources-display-component---editResource","i18NText":{"propertyName":"text","key":"save"},"interaction":{"idSuffix":"BDI-content"}},"wdio_ui5_key":"etmportal.ui.manageresources.view.EditResourcesap.m.Button{\"propertyName\":\"text\",\"key\":\"save\"}"}]}
COMMAND: GET /session/d392767a950b32be403e8af6fd22bfea/screenshot - {}
RESULT: {"script":"<script> [1562 bytes]","args":[{"selector":{"controlType":"sap.m.Button","viewName":"etm.portal.ui.manageresources.view.EditResource","viewId":"application-manageresources-display-component---editResource","i18NText":{"propertyName":"text","key":"save"},"interaction":{"idSuffix":"BDI-content"}},"wdio_ui5_key":"etmportal.ui.manageresources.view.EditResourcesap.m.Button{\"propertyName\":\"text\",\"key\":\"save\"}"}]}
RESULT: undefined
COMMAND: POST /session/d392767a950b32be403e8af6fd22bfea/element - {"using":"xpath","value":"//*[@id=\"__button198\"]"}
RESULT: {}
RESULT: {"using":"xpath","value":"//*[@id=\"__button198\"]"}
COMMAND: POST /session/d392767a950b32be403e8af6fd22bfea/element/f.609CE4280A85363DBD46210BE265599D.d.3D3B53DC033C4ADB81E3A6FDB9399BBA.e.11655/click - {}
RESULT: {}
COMMAND: GET /session/d392767a950b32be403e8af6fd22bfea/screenshot - {}
RESULT: {}
COMMAND: POST /session/d392767a950b32be403e8af6fd22bfea/element - {"using":"css selector","value":"#shell-header-logo"}
RESULT: {"using":"css selector","value":"#shell-header-logo"}
COMMAND: POST /session/d392767a950b32be403e8af6fd22bfea/element/f.609CE4280A85363DBD46210BE265599D.d.3D3B53DC033C4ADB81E3A6FDB9399BBA.e.11083/click - {}
RESULT: {}
COMMAND: GET /session/d392767a950b32be403e8af6fd22bfea/screenshot - {}
RESULT: {}
]]></system-out>
    </testcase>
  </testsuite>
  <testsuite timestamp="2025-06-12T17:52:07" time="1133.305" tests="20" failures="14" errors="14" skipped="0">
    <properties>
      <property name="specId" value="0" />
      <property name="suiteName" value="Billing Calculation - Time based (considering transport times) US139738" />
      <property name="capabilities" value="chrome.137_0_7151_69.windows" />
      <property name="file" value="file:///D:/a/1/s/test/specs/BTS/billing-calculation-transp-times.spec.js" />
    </properties>
    <testcase classname="chrome.137_0_7151_69.windows.Billing_Calculation_-_Time_based_(considering_transport_times)_US139738" name="Should create a new yard" time="0.011">
      <system-out><![CDATA[
COMMAND: POST /session/d392767a950b32be403e8af6fd22bfea/window/fullscreen - {}
RESULT: {}
]]></system-out>
    </testcase>
    <testcase classname="chrome.137_0_7151_69.windows.Billing_Calculation_-_Time_based_(considering_transport_times)_US139738" name="Should create a new partner" time="0.001" />
    <testcase classname="chrome.137_0_7151_69.windows.Billing_Calculation_-_Time_based_(considering_transport_times)_US139738" name="Should create a new site" time="0.001" />
    <testcase classname="chrome.137_0_7151_69.windows.Billing_Calculation_-_Time_based_(considering_transport_times)_US139738" name="Should create the equipment" time="129.577">
      <system-out><![CDATA[
COMMAND: POST /session/d392767a950b32be403e8af6fd22bfea/execute/async - {"script":"<script> [1562 bytes]","args":[{"selector":{"controlType":"sap.m.GenericTile","properties":{"header":"Manage Resources"}},"wdio_ui5_key":"sapm.GenericTile{\"header\":\"Manage Resources\"}"}]}
RESULT: {"script":"<script> [1562 bytes]","args":[{"selector":{"controlType":"sap.m.GenericTile","properties":{"header":"Manage Resources"}},"wdio_ui5_key":"sapm.GenericTile{\"header\":\"Manage Resources\"}"}]}
RESULT: undefined
COMMAND: POST /session/d392767a950b32be403e8af6fd22bfea/element - {"using":"xpath","value":"//*[@id=\"__tile40\"]"}
RESULT: {"using":"xpath","value":"//*[@id=\"__tile40\"]"}
COMMAND: POST /session/d392767a950b32be403e8af6fd22bfea/element/f.609CE4280A85363DBD46210BE265599D.d.655351C17B513A5FFEE3A4588D97A3A4.e.12461/click - {}
RESULT: {}
COMMAND: GET /session/d392767a950b32be403e8af6fd22bfea/screenshot - {}
RESULT: {}
COMMAND: POST /session/d392767a950b32be403e8af6fd22bfea/elements - {"using":"xpath","value":"//span[text()='Error']"}
RESULT: {"using":"xpath","value":"//span[text()='Error']"}
COMMAND: POST /session/d392767a950b32be403e8af6fd22bfea/element - {"using":"xpath","value":"//button[@data-kt=\"addNewRUOverflowToolbarButton\"]"}
RESULT: {"using":"xpath","value":"//button[@data-kt=\"addNewRUOverflowToolbarButton\"]"}
COMMAND: POST /session/d392767a950b32be403e8af6fd22bfea/elements - {"using":"xpath","value":"//button[@data-kt=\"addNewRUOverflowToolbarButton\"]"}
RESULT: {"using":"xpath","value":"//button[@data-kt=\"addNewRUOverflowToolbarButton\"]"}
COMMAND: POST /session/d392767a950b32be403e8af6fd22bfea/elements - {"using":"xpath","value":"//button[@data-kt=\"addNewRUOverflowToolbarButton\"]"}
RESULT: {"using":"xpath","value":"//button[@data-kt=\"addNewRUOverflowToolbarButton\"]"}
COMMAND: POST /session/d392767a950b32be403e8af6fd22bfea/element - {"using":"xpath","value":"//button[@data-kt=\"addNewRUOverflowToolbarButton\"]"}
RESULT: {"using":"xpath","value":"//button[@data-kt=\"addNewRUOverflowToolbarButton\"]"}
COMMAND: POST /session/d392767a950b32be403e8af6fd22bfea/execute/sync - {"script":"<script> [8489 bytes]","args":[{"element-6066-11e4-a52e-4f735466cecf":"f.609CE4280A85363DBD46210BE265599D.d.655351C17B513A5FFEE3A4588D97A3A4.e.12603","ELEMENT":"f.609CE4280A85363DBD46210BE265599D.d.655351C17B513A5FFEE3A4588D97A3A4.e.12603"}]}
RESULT: {"script":"<script> [8489 bytes]","args":[{"element-6066-11e4-a52e-4f735466cecf":"f.609CE4280A85363DBD46210BE265599D.d.655351C17B513A5FFEE3A4588D97A3A4.e.12603","ELEMENT":"f.609CE4280A85363DBD46210BE265599D.d.655351C17B513A5FFEE3A4588D97A3A4.e.12603"}]}
COMMAND: GET /session/d392767a950b32be403e8af6fd22bfea/element/f.609CE4280A85363DBD46210BE265599D.d.655351C17B513A5FFEE3A4588D97A3A4.e.12603/enabled - {}
COMMAND: GET /session/d392767a950b32be403e8af6fd22bfea/screenshot - {}
RESULT: {}
RESULT: {}
COMMAND: POST /session/d392767a950b32be403e8af6fd22bfea/execute/sync - {"script":"<script> [8489 bytes]","args":[{"element-6066-11e4-a52e-4f735466cecf":"f.609CE4280A85363DBD46210BE265599D.d.655351C17B513A5FFEE3A4588D97A3A4.e.12603","ELEMENT":"f.609CE4280A85363DBD46210BE265599D.d.655351C17B513A5FFEE3A4588D97A3A4.e.12603"}]}
COMMAND: GET /session/d392767a950b32be403e8af6fd22bfea/screenshot - {}
RESULT: {"script":"<script> [8489 bytes]","args":[{"element-6066-11e4-a52e-4f735466cecf":"f.609CE4280A85363DBD46210BE265599D.d.655351C17B513A5FFEE3A4588D97A3A4.e.12603","ELEMENT":"f.609CE4280A85363DBD46210BE265599D.d.655351C17B513A5FFEE3A4588D97A3A4.e.12603"}]}
COMMAND: POST /session/d392767a950b32be403e8af6fd22bfea/execute/sync - {"script":"<script> [5351 bytes]","args":[{"element-6066-11e4-a52e-4f735466cecf":"f.609CE4280A85363DBD46210BE265599D.d.655351C17B513A5FFEE3A4588D97A3A4.e.12603","ELEMENT":"f.609CE4280A85363DBD46210BE265599D.d.655351C17B513A5FFEE3A4588D97A3A4.e.12603"}]}
COMMAND: GET /session/d392767a950b32be403e8af6fd22bfea/screenshot - {}
RESULT: {}
RESULT: {"script":"<script> [5351 bytes]","args":[{"element-6066-11e4-a52e-4f735466cecf":"f.609CE4280A85363DBD46210BE265599D.d.655351C17B513A5FFEE3A4588D97A3A4.e.12603","ELEMENT":"f.609CE4280A85363DBD46210BE265599D.d.655351C17B513A5FFEE3A4588D97A3A4.e.12603"}]}
COMMAND: POST /session/d392767a950b32be403e8af6fd22bfea/element/f.609CE4280A85363DBD46210BE265599D.d.655351C17B513A5FFEE3A4588D97A3A4.e.12603/click - {}
COMMAND: GET /session/d392767a950b32be403e8af6fd22bfea/screenshot - {}
RESULT: {}
RESULT: {}
COMMAND: GET /session/d392767a950b32be403e8af6fd22bfea/screenshot - {}
RESULT: {}
RESULT: {}
COMMAND: POST /session/d392767a950b32be403e8af6fd22bfea/execute/async - {"script":"<script> [1562 bytes]","args":[{"selector":{"id":"application-manageresources-display-component---newResourceUnit--TYPE-arrow"},"wdio_ui5_key":"applicationmanageresources-display-component---newResourceUnit--TYPE-arrow"}]}
RESULT: {"script":"<script> [1562 bytes]","args":[{"selector":{"id":"application-manageresources-display-component---newResourceUnit--TYPE-arrow"},"wdio_ui5_key":"applicationmanageresources-display-component---newResourceUnit--TYPE-arrow"}]}
RESULT: undefined
COMMAND: POST /session/d392767a950b32be403e8af6fd22bfea/element - {"using":"xpath","value":"//*[@id=\"application-manageresources-display-component---newResourceUnit--TYPE-arrow\"]"}
RESULT: {"using":"xpath","value":"//*[@id=\"application-manageresources-display-component---newResourceUnit--TYPE-arrow\"]"}
COMMAND: POST /session/d392767a950b32be403e8af6fd22bfea/element/f.609CE4280A85363DBD46210BE265599D.d.655351C17B513A5FFEE3A4588D97A3A4.e.12970/click - {}
RESULT: {}
COMMAND: POST /session/d392767a950b32be403e8af6fd22bfea/element - {"using":"xpath","value":"//input[@id=\"application-manageresources-display-component---newResourceUnit--TYPE-inner\"]"}
COMMAND: GET /session/d392767a950b32be403e8af6fd22bfea/screenshot - {}
RESULT: {"using":"xpath","value":"//input[@id=\"application-manageresources-display-component---newResourceUnit--TYPE-inner\"]"}
COMMAND: POST /session/d392767a950b32be403e8af6fd22bfea/element/f.609CE4280A85363DBD46210BE265599D.d.655351C17B513A5FFEE3A4588D97A3A4.e.12953/clear - {}
RESULT: {}
RESULT: {}
COMMAND: POST /session/d392767a950b32be403e8af6fd22bfea/element/f.609CE4280A85363DBD46210BE265599D.d.655351C17B513A5FFEE3A4588D97A3A4.e.12953/value - {"text":"Equipment"}
COMMAND: GET /session/d392767a950b32be403e8af6fd22bfea/screenshot - {}
RESULT: {"text":"Equipment"}
COMMAND: GET /session/d392767a950b32be403e8af6fd22bfea/screenshot - {}
RESULT: {}
RESULT: {}
COMMAND: POST /session/d392767a950b32be403e8af6fd22bfea/actions - {"actions":[{"id":"action58","type":"key","parameters":{},"actions":[{"type":"keyDown","value":"î€‡"},{"type":"pause","duration":10},{"type":"keyUp","value":"î€‡"}]}]}
RESULT: {"actions":[{"id":"action58","type":"key","parameters":{},"actions":[{"type":"keyDown","value":"î€‡"},{"type":"pause","duration":10},{"type":"keyUp","value":"î€‡"}]}]}
COMMAND: POST /session/d392767a950b32be403e8af6fd22bfea/execute/async - {"script":"<script> [1562 bytes]","args":[{"selector":{"id":"application-manageresources-display-component---newResourceUnit--resourceId","interaction":{"idSuffix":"inner"}},"wdio_ui5_key":"applicationmanageresources-display-component---newResourceUnit--resourceId"}]}
COMMAND: GET /session/d392767a950b32be403e8af6fd22bfea/screenshot - {}
RESULT: {"script":"<script> [1562 bytes]","args":[{"selector":{"id":"application-manageresources-display-component---newResourceUnit--resourceId","interaction":{"idSuffix":"inner"}},"wdio_ui5_key":"applicationmanageresources-display-component---newResourceUnit--resourceId"}]}
RESULT: undefined
COMMAND: POST /session/d392767a950b32be403e8af6fd22bfea/execute/async - {"script":"<script> [776 bytes]","args":[{"enterText":"U8vQLU9xpD","selector":{"id":"application-manageresources-display-component---newResourceUnit--resourceId","interaction":{"idSuffix":"inner"}},"clearTextFirst":true,"interactionType":"ENTER_TEXT"}]}
RESULT: {}
RESULT: {"script":"<script> [776 bytes]","args":[{"enterText":"U8vQLU9xpD","selector":{"id":"application-manageresources-display-component---newResourceUnit--resourceId","interaction":{"idSuffix":"inner"}},"clearTextFirst":true,"interactionType":"ENTER_TEXT"}]}
COMMAND: POST /session/d392767a950b32be403e8af6fd22bfea/execute/async - {"script":"<script> [1562 bytes]","args":[{"selector":{"id":"application-manageresources-display-component---newResourceUnit--SHORT_TEXT","interaction":{"idSuffix":"inner"}},"wdio_ui5_key":"applicationmanageresources-display-component---newResourceUnit--SHORT_TEXT"}]}
RESULT: {"script":"<script> [1562 bytes]","args":[{"selector":{"id":"application-manageresources-display-component---newResourceUnit--SHORT_TEXT","interaction":{"idSuffix":"inner"}},"wdio_ui5_key":"applicationmanageresources-display-component---newResourceUnit--SHORT_TEXT"}]}
RESULT: undefined
COMMAND: POST /session/d392767a950b32be403e8af6fd22bfea/execute/async - {"script":"<script> [776 bytes]","args":[{"enterText":"Intercompany Equipment WDIO","selector":{"id":"application-manageresources-display-component---newResourceUnit--SHORT_TEXT","interaction":{"idSuffix":"inner"}},"clearTextFirst":true,"interactionType":"ENTER_TEXT"}]}
RESULT: {"script":"<script> [776 bytes]","args":[{"enterText":"Intercompany Equipment WDIO","selector":{"id":"application-manageresources-display-component---newResourceUnit--SHORT_TEXT","interaction":{"idSuffix":"inner"}},"clearTextFirst":true,"interactionType":"ENTER_TEXT"}]}
COMMAND: POST /session/d392767a950b32be403e8af6fd22bfea/execute/async - {"script":"<script> [1562 bytes]","args":[{"selector":{"id":"application-manageresources-display-component---newResourceUnit--BASE_UNIT_OF_MEASURE","interaction":{"idSuffix":"inner"}},"wdio_ui5_key":"applicationmanageresources-display-component---newResourceUnit--BASE_UNIT_OF_MEASURE"}]}
RESULT: {"script":"<script> [1562 bytes]","args":[{"selector":{"id":"application-manageresources-display-component---newResourceUnit--BASE_UNIT_OF_MEASURE","interaction":{"idSuffix":"inner"}},"wdio_ui5_key":"applicationmanageresources-display-component---newResourceUnit--BASE_UNIT_OF_MEASURE"}]}
RESULT: undefined
COMMAND: POST /session/d392767a950b32be403e8af6fd22bfea/execute/async - {"script":"<script> [776 bytes]","args":[{"enterText":"Piece","selector":{"id":"application-manageresources-display-component---newResourceUnit--BASE_UNIT_OF_MEASURE","interaction":{"idSuffix":"inner"}},"clearTextFirst":true,"interactionType":"ENTER_TEXT"}]}
RESULT: {"script":"<script> [776 bytes]","args":[{"enterText":"Piece","selector":{"id":"application-manageresources-display-component---newResourceUnit--BASE_UNIT_OF_MEASURE","interaction":{"idSuffix":"inner"}},"clearTextFirst":true,"interactionType":"ENTER_TEXT"}]}
COMMAND: POST /session/d392767a950b32be403e8af6fd22bfea/execute/async - {"script":"<script> [1562 bytes]","args":[{"selector":{"id":"application-manageresources-display-component---newResourceUnit--WEIGHT_UNIT","interaction":{"idSuffix":"inner"}},"wdio_ui5_key":"applicationmanageresources-display-component---newResourceUnit--WEIGHT_UNIT"}]}
RESULT: {"script":"<script> [1562 bytes]","args":[{"selector":{"id":"application-manageresources-display-component---newResourceUnit--WEIGHT_UNIT","interaction":{"idSuffix":"inner"}},"wdio_ui5_key":"applicationmanageresources-display-component---newResourceUnit--WEIGHT_UNIT"}]}
RESULT: undefined
COMMAND: POST /session/d392767a950b32be403e8af6fd22bfea/execute/async - {"script":"<script> [776 bytes]","args":[{"enterText":"Gram","selector":{"id":"application-manageresources-display-component---newResourceUnit--WEIGHT_UNIT","interaction":{"idSuffix":"inner"}},"clearTextFirst":true,"interactionType":"ENTER_TEXT"}]}
RESULT: {"script":"<script> [776 bytes]","args":[{"enterText":"Gram","selector":{"id":"application-manageresources-display-component---newResourceUnit--WEIGHT_UNIT","interaction":{"idSuffix":"inner"}},"clearTextFirst":true,"interactionType":"ENTER_TEXT"}]}
COMMAND: POST /session/d392767a950b32be403e8af6fd22bfea/execute/async - {"script":"<script> [1562 bytes]","args":[{"selector":{"id":"application-manageresources-display-component---newResourceUnit--DIMENSION_UNIT","interaction":{"idSuffix":"inner"}},"wdio_ui5_key":"applicationmanageresources-display-component---newResourceUnit--DIMENSION_UNIT"}]}
RESULT: {"script":"<script> [1562 bytes]","args":[{"selector":{"id":"application-manageresources-display-component---newResourceUnit--DIMENSION_UNIT","interaction":{"idSuffix":"inner"}},"wdio_ui5_key":"applicationmanageresources-display-component---newResourceUnit--DIMENSION_UNIT"}]}
RESULT: undefined
COMMAND: POST /session/d392767a950b32be403e8af6fd22bfea/execute/async - {"script":"<script> [776 bytes]","args":[{"enterText":"Meter","selector":{"id":"application-manageresources-display-component---newResourceUnit--DIMENSION_UNIT","interaction":{"idSuffix":"inner"}},"clearTextFirst":true,"interactionType":"ENTER_TEXT"}]}
RESULT: {"script":"<script> [776 bytes]","args":[{"enterText":"Meter","selector":{"id":"application-manageresources-display-component---newResourceUnit--DIMENSION_UNIT","interaction":{"idSuffix":"inner"}},"clearTextFirst":true,"interactionType":"ENTER_TEXT"}]}
COMMAND: POST /session/d392767a950b32be403e8af6fd22bfea/execute/async - {"script":"<script> [1562 bytes]","args":[{"selector":{"id":"application-manageresources-display-component---newResourceUnit--newRRUPage-anchBar-application-manageresources-display-component---newResourceUnit--control-anchor","interaction":{"idSuffix":"BDI-content"}},"wdio_ui5_key":"applicationmanageresources-display-component---newResourceUnit--newRRUPage-anchBar-application-manageresources-display-component---newResourceUnit--control-anchor"}]}
RESULT: {"script":"<script> [1562 bytes]","args":[{"selector":{"id":"application-manageresources-display-component---newResourceUnit--newRRUPage-anchBar-application-manageresources-display-component---newResourceUnit--control-anchor","interaction":{"idSuffix":"BDI-content"}},"wdio_ui5_key":"applicationmanageresources-display-component---newResourceUnit--newRRUPage-anchBar-application-manageresources-display-component---newResourceUnit--control-anchor"}]}
RESULT: undefined
COMMAND: POST /session/d392767a950b32be403e8af6fd22bfea/element - {"using":"xpath","value":"//*[@id=\"application-manageresources-display-component---newResourceUnit--newRRUPage-anchBar-application-manageresources-display-component---newResourceUnit--control-anchor\"]"}
RESULT: {"using":"xpath","value":"//*[@id=\"application-manageresources-display-component---newResourceUnit--newRRUPage-anchBar-application-manageresources-display-component---newResourceUnit--control-anchor\"]"}
COMMAND: POST /session/d392767a950b32be403e8af6fd22bfea/element/f.609CE4280A85363DBD46210BE265599D.d.655351C17B513A5FFEE3A4588D97A3A4.e.13129/click - {}
RESULT: {}
COMMAND: POST /session/d392767a950b32be403e8af6fd22bfea/execute/async - {"script":"<script> [1562 bytes]","args":[{"selector":{"id":"application-manageresources-display-component---newResourceUnit--PLANNING_GROUP","interaction":{"idSuffix":"inner"}},"wdio_ui5_key":"applicationmanageresources-display-component---newResourceUnit--PLANNING_GROUP"}]}
COMMAND: GET /session/d392767a950b32be403e8af6fd22bfea/screenshot - {}
RESULT: {"script":"<script> [1562 bytes]","args":[{"selector":{"id":"application-manageresources-display-component---newResourceUnit--PLANNING_GROUP","interaction":{"idSuffix":"inner"}},"wdio_ui5_key":"applicationmanageresources-display-component---newResourceUnit--PLANNING_GROUP"}]}
RESULT: undefined
COMMAND: POST /session/d392767a950b32be403e8af6fd22bfea/execute/async - {"script":"<script> [776 bytes]","args":[{"enterText":"Heavy Equi","selector":{"id":"application-manageresources-display-component---newResourceUnit--PLANNING_GROUP","interaction":{"idSuffix":"inner"}},"clearTextFirst":true,"interactionType":"ENTER_TEXT"}]}
RESULT: {}
RESULT: {"script":"<script> [776 bytes]","args":[{"enterText":"Heavy Equi","selector":{"id":"application-manageresources-display-component---newResourceUnit--PLANNING_GROUP","interaction":{"idSuffix":"inner"}},"clearTextFirst":true,"interactionType":"ENTER_TEXT"}]}
COMMAND: POST /session/d392767a950b32be403e8af6fd22bfea/execute/async - {"script":"<script> [1562 bytes]","args":[{"selector":{"id":"application-manageresources-display-component---newResourceUnit--ITEM_TYPE-arrow"},"wdio_ui5_key":"applicationmanageresources-display-component---newResourceUnit--ITEM_TYPE-arrow"}]}
RESULT: {"script":"<script> [1562 bytes]","args":[{"selector":{"id":"application-manageresources-display-component---newResourceUnit--ITEM_TYPE-arrow"},"wdio_ui5_key":"applicationmanageresources-display-component---newResourceUnit--ITEM_TYPE-arrow"}]}
RESULT: undefined
COMMAND: POST /session/d392767a950b32be403e8af6fd22bfea/element - {"using":"xpath","value":"//*[@id=\"application-manageresources-display-component---newResourceUnit--ITEM_TYPE-arrow\"]"}
RESULT: {"using":"xpath","value":"//*[@id=\"application-manageresources-display-component---newResourceUnit--ITEM_TYPE-arrow\"]"}
COMMAND: POST /session/d392767a950b32be403e8af6fd22bfea/element/f.609CE4280A85363DBD46210BE265599D.d.655351C17B513A5FFEE3A4588D97A3A4.e.13136/click - {}
RESULT: {}
COMMAND: POST /session/d392767a950b32be403e8af6fd22bfea/element - {"using":"xpath","value":"//ul[contains(@id,\"ITEM_TYPE-popup-list-listUl\")]//li[.//span[contains(text(),\"Resource Unit\")]]"}
COMMAND: GET /session/d392767a950b32be403e8af6fd22bfea/screenshot - {}
RESULT: {"using":"xpath","value":"//ul[contains(@id,\"ITEM_TYPE-popup-list-listUl\")]//li[.//span[contains(text(),\"Resource Unit\")]]"}
COMMAND: POST /session/d392767a950b32be403e8af6fd22bfea/element/f.609CE4280A85363DBD46210BE265599D.d.655351C17B513A5FFEE3A4588D97A3A4.e.13137/click - {}
RESULT: {}
RESULT: {}
COMMAND: GET /session/d392767a950b32be403e8af6fd22bfea/screenshot - {}
RESULT: {}
COMMAND: POST /session/d392767a950b32be403e8af6fd22bfea/element - {"using":"css selector","value":"#application-manageresources-display-component---newResourceUnit--btnAddTimeSegment"}
RESULT: {"using":"css selector","value":"#application-manageresources-display-component---newResourceUnit--btnAddTimeSegment"}
COMMAND: GET /session/d392767a950b32be403e8af6fd22bfea/element/f.609CE4280A85363DBD46210BE265599D.d.655351C17B513A5FFEE3A4588D97A3A4.e.13145/rect - {}
RESULT: {}
COMMAND: GET /session/d392767a950b32be403e8af6fd22bfea/window/rect - {}
RESULT: {}
COMMAND: POST /session/d392767a950b32be403e8af6fd22bfea/execute/sync - {"script":"<script> [92 bytes]","args":[]}
RESULT: {"script":"<script> [92 bytes]","args":[]}
COMMAND: POST /session/d392767a950b32be403e8af6fd22bfea/actions - {"actions":[{"id":"action59","type":"wheel","parameters":{},"actions":[{"type":"scroll","x":-1888,"y":-32,"deltaX":0,"deltaY":0,"duration":0,"origin":{"element-6066-11e4-a52e-4f735466cecf":"f.609CE4280A85363DBD46210BE265599D.d.655351C17B513A5FFEE3A4588D97A3A4.e.13145"}}]}]}
COMMAND: GET /session/d392767a950b32be403e8af6fd22bfea/screenshot - {}
RESULT: {}
COMMAND: POST /session/d392767a950b32be403e8af6fd22bfea/execute/sync - {"script":"<script> [79 bytes]","args":[{"element-6066-11e4-a52e-4f735466cecf":"f.609CE4280A85363DBD46210BE265599D.d.655351C17B513A5FFEE3A4588D97A3A4.e.13145","ELEMENT":"f.609CE4280A85363DBD46210BE265599D.d.655351C17B513A5FFEE3A4588D97A3A4.e.13145"},{"block":"start","inline":"nearest"}]}
RESULT: {"script":"<script> [79 bytes]","args":[{"element-6066-11e4-a52e-4f735466cecf":"f.609CE4280A85363DBD46210BE265599D.d.655351C17B513A5FFEE3A4588D97A3A4.e.13145","ELEMENT":"f.609CE4280A85363DBD46210BE265599D.d.655351C17B513A5FFEE3A4588D97A3A4.e.13145"},{"block":"start","inline":"nearest"}]}
COMMAND: POST /session/d392767a950b32be403e8af6fd22bfea/execute/async - {"script":"<script> [1562 bytes]","args":[{"selector":{"id":"application-manageresources-display-component---newResourceUnit--btnAddTimeSegment","interaction":{"idSuffix":"inner"}},"wdio_ui5_key":"applicationmanageresources-display-component---newResourceUnit--btnAddTimeSegment"}]}
COMMAND: GET /session/d392767a950b32be403e8af6fd22bfea/screenshot - {}
RESULT: {"script":"<script> [1562 bytes]","args":[{"selector":{"id":"application-manageresources-display-component---newResourceUnit--btnAddTimeSegment","interaction":{"idSuffix":"inner"}},"wdio_ui5_key":"applicationmanageresources-display-component---newResourceUnit--btnAddTimeSegment"}]}
RESULT: undefined
COMMAND: POST /session/d392767a950b32be403e8af6fd22bfea/element - {"using":"xpath","value":"//*[@id=\"application-manageresources-display-component---newResourceUnit--btnAddTimeSegment\"]"}
RESULT: {}
RESULT: {"using":"xpath","value":"//*[@id=\"application-manageresources-display-component---newResourceUnit--btnAddTimeSegment\"]"}
COMMAND: POST /session/d392767a950b32be403e8af6fd22bfea/element/f.609CE4280A85363DBD46210BE265599D.d.655351C17B513A5FFEE3A4588D97A3A4.e.13145/click - {}
RESULT: {}
COMMAND: GET /session/d392767a950b32be403e8af6fd22bfea/screenshot - {}
RESULT: {}
COMMAND: POST /session/d392767a950b32be403e8af6fd22bfea/element - {"using":"xpath","value":"//input[@id=\"application-manageresources-display-component---newResourceUnit--idRuTSAdmin-application-manageresources-display-component---newResourceUnit--RUTimeSegment-0-inner\"]"}
RESULT: {"using":"xpath","value":"//input[@id=\"application-manageresources-display-component---newResourceUnit--idRuTSAdmin-application-manageresources-display-component---newResourceUnit--RUTimeSegment-0-inner\"]"}
COMMAND: POST /session/d392767a950b32be403e8af6fd22bfea/element/f.609CE4280A85363DBD46210BE265599D.d.655351C17B513A5FFEE3A4588D97A3A4.e.13151/clear - {}
RESULT: {}
COMMAND: POST /session/d392767a950b32be403e8af6fd22bfea/element/f.609CE4280A85363DBD46210BE265599D.d.655351C17B513A5FFEE3A4588D97A3A4.e.13151/value - {"text":"192"}
COMMAND: GET /session/d392767a950b32be403e8af6fd22bfea/screenshot - {}
RESULT: {"text":"192"}
COMMAND: GET /session/d392767a950b32be403e8af6fd22bfea/screenshot - {}
RESULT: {}
RESULT: {}
COMMAND: POST /session/d392767a950b32be403e8af6fd22bfea/element - {"using":"xpath","value":"//li[.//span[text()='192']]"}
RESULT: {"using":"xpath","value":"//li[.//span[text()='192']]"}
COMMAND: POST /session/d392767a950b32be403e8af6fd22bfea/element/f.609CE4280A85363DBD46210BE265599D.d.655351C17B513A5FFEE3A4588D97A3A4.e.13163/click - {}
RESULT: {}
COMMAND: GET /session/d392767a950b32be403e8af6fd22bfea/screenshot - {}
RESULT: {}
COMMAND: POST /session/d392767a950b32be403e8af6fd22bfea/element - {"using":"xpath","value":"(//span[contains(@id, \"-application-manageresources-display-component---newResourceUnit--RUTimeSegment-0-arrow\")])[6]"}
RESULT: {"using":"xpath","value":"(//span[contains(@id, \"-application-manageresources-display-component---newResourceUnit--RUTimeSegment-0-arrow\")])[6]"}
COMMAND: POST /session/d392767a950b32be403e8af6fd22bfea/element/f.609CE4280A85363DBD46210BE265599D.d.655351C17B513A5FFEE3A4588D97A3A4.e.13164/click - {}
RESULT: {}
COMMAND: GET /session/d392767a950b32be403e8af6fd22bfea/screenshot - {}
RESULT: {}
COMMAND: POST /session/d392767a950b32be403e8af6fd22bfea/element - {"using":"xpath","value":"//span[contains(text(), \"PM Order\")]"}
RESULT: {"using":"xpath","value":"//span[contains(text(), \"PM Order\")]"}
COMMAND: POST /session/d392767a950b32be403e8af6fd22bfea/element/f.609CE4280A85363DBD46210BE265599D.d.655351C17B513A5FFEE3A4588D97A3A4.e.13167/click - {}
RESULT: {}
COMMAND: GET /session/d392767a950b32be403e8af6fd22bfea/screenshot - {}
RESULT: {}
COMMAND: POST /session/d392767a950b32be403e8af6fd22bfea/element - {"using":"xpath","value":"(//span[contains(@id ,\"manageresources-display-component---newResourceUnit--RUTimeSegment-0-vhi\")])[1]"}
RESULT: {"using":"xpath","value":"(//span[contains(@id ,\"manageresources-display-component---newResourceUnit--RUTimeSegment-0-vhi\")])[1]"}
COMMAND: GET /session/d392767a950b32be403e8af6fd22bfea/element/f.609CE4280A85363DBD46210BE265599D.d.655351C17B513A5FFEE3A4588D97A3A4.e.13171/rect - {}
RESULT: {}
COMMAND: GET /session/d392767a950b32be403e8af6fd22bfea/window/rect - {}
RESULT: {}
COMMAND: POST /session/d392767a950b32be403e8af6fd22bfea/execute/sync - {"script":"<script> [92 bytes]","args":[]}
RESULT: {"script":"<script> [92 bytes]","args":[]}
COMMAND: POST /session/d392767a950b32be403e8af6fd22bfea/actions - {"actions":[{"id":"action60","type":"wheel","parameters":{},"actions":[{"type":"scroll","x":-869,"y":-24,"deltaX":0,"deltaY":0,"duration":0,"origin":{"element-6066-11e4-a52e-4f735466cecf":"f.609CE4280A85363DBD46210BE265599D.d.655351C17B513A5FFEE3A4588D97A3A4.e.13171"}}]}]}
COMMAND: GET /session/d392767a950b32be403e8af6fd22bfea/screenshot - {}
RESULT: {"actions":[{"id":"action60","type":"wheel","parameters":{},"actions":[{"type":"scroll","x":-869,"y":-24,"deltaX":0,"deltaY":0,"duration":0,"origin":{"element-6066-11e4-a52e-4f735466cecf":"f.609CE4280A85363DBD46210BE265599D.d.655351C17B513A5FFEE3A4588D97A3A4.e.13171"}}]}]}
COMMAND: DELETE /session/d392767a950b32be403e8af6fd22bfea/actions - {}
COMMAND: GET /session/d392767a950b32be403e8af6fd22bfea/screenshot - {}
RESULT: {}
RESULT: {}
COMMAND: GET /session/d392767a950b32be403e8af6fd22bfea/screenshot - {}
RESULT: {}
RESULT: {}
COMMAND: POST /session/d392767a950b32be403e8af6fd22bfea/element/f.609CE4280A85363DBD46210BE265599D.d.655351C17B513A5FFEE3A4588D97A3A4.e.13171/click - {}
RESULT: {}
COMMAND: GET /session/d392767a950b32be403e8af6fd22bfea/screenshot - {}
RESULT: {}
COMMAND: POST /session/d392767a950b32be403e8af6fd22bfea/execute/async - {"script":"<script> [1562 bytes]","args":[{"selector":{"controlType":"sap.m.SearchField","properties":{"placeholder":"Search"},"searchOpenDialogs":true,"interaction":{"idSuffix":"I"}},"wdio_ui5_key":"sapm.SearchField{\"placeholder\":\"Search\"}"}]}
RESULT: {"script":"<script> [1562 bytes]","args":[{"selector":{"controlType":"sap.m.SearchField","properties":{"placeholder":"Search"},"searchOpenDialogs":true,"interaction":{"idSuffix":"I"}},"wdio_ui5_key":"sapm.SearchField{\"placeholder\":\"Search\"}"}]}
RESULT: undefined
COMMAND: POST /session/d392767a950b32be403e8af6fd22bfea/execute/async - {"script":"<script> [776 bytes]","args":[{"enterText":"4000360","selector":{"controlType":"sap.m.SearchField","properties":{"placeholder":"Search"},"searchOpenDialogs":true,"interaction":{"idSuffix":"I"}},"clearTextFirst":true,"interactionType":"ENTER_TEXT"}]}
RESULT: {"script":"<script> [776 bytes]","args":[{"enterText":"4000360","selector":{"controlType":"sap.m.SearchField","properties":{"placeholder":"Search"},"searchOpenDialogs":true,"interaction":{"idSuffix":"I"}},"clearTextFirst":true,"interactionType":"ENTER_TEXT"}]}
COMMAND: POST /session/d392767a950b32be403e8af6fd22bfea/actions - {"actions":[{"id":"action61","type":"key","parameters":{},"actions":[{"type":"keyDown","value":"î€‡"},{"type":"pause","duration":10},{"type":"keyUp","value":"î€‡"}]}]}
RESULT: {"actions":[{"id":"action61","type":"key","parameters":{},"actions":[{"type":"keyDown","value":"î€‡"},{"type":"pause","duration":10},{"type":"keyUp","value":"î€‡"}]}]}
COMMAND: GET /session/d392767a950b32be403e8af6fd22bfea/screenshot - {}
RESULT: {}
COMMAND: POST /session/d392767a950b32be403e8af6fd22bfea/element - {"using":"xpath","value":"//td/div/span[contains(text(), \"BGL Vehicles\")]"}
RESULT: {"using":"xpath","value":"//td/div/span[contains(text(), \"BGL Vehicles\")]"}
COMMAND: POST /session/d392767a950b32be403e8af6fd22bfea/element/f.609CE4280A85363DBD46210BE265599D.d.655351C17B513A5FFEE3A4588D97A3A4.e.13193/click - {}
RESULT: {}
COMMAND: GET /session/d392767a950b32be403e8af6fd22bfea/screenshot - {}
RESULT: {}
COMMAND: POST /session/d392767a950b32be403e8af6fd22bfea/element - {"using":"xpath","value":"//bdi[contains(text(), \"OK\")]"}
RESULT: {"using":"xpath","value":"//bdi[contains(text(), \"OK\")]"}
COMMAND: POST /session/d392767a950b32be403e8af6fd22bfea/element/f.609CE4280A85363DBD46210BE265599D.d.655351C17B513A5FFEE3A4588D97A3A4.e.13194/click - {}
RESULT: {}
COMMAND: GET /session/d392767a950b32be403e8af6fd22bfea/screenshot - {}
RESULT: {}
COMMAND: POST /session/d392767a950b32be403e8af6fd22bfea/execute/async - {"script":"<script> [1562 bytes]","args":[{"selector":{"id":"application-manageresources-display-component---newResourceUnit--newRRUPage-anchBar-application-manageresources-display-component---newResourceUnit--resource-anchor","interaction":{"idSuffix":"BDI-content"}},"wdio_ui5_key":"applicationmanageresources-display-component---newResourceUnit--newRRUPage-anchBar-application-manageresources-display-component---newResourceUnit--resource-anchor"}]}
RESULT: {"script":"<script> [1562 bytes]","args":[{"selector":{"id":"application-manageresources-display-component---newResourceUnit--newRRUPage-anchBar-application-manageresources-display-component---newResourceUnit--resource-anchor","interaction":{"idSuffix":"BDI-content"}},"wdio_ui5_key":"applicationmanageresources-display-component---newResourceUnit--newRRUPage-anchBar-application-manageresources-display-component---newResourceUnit--resource-anchor"}]}
RESULT: undefined
COMMAND: POST /session/d392767a950b32be403e8af6fd22bfea/element - {"using":"xpath","value":"//*[@id=\"application-manageresources-display-component---newResourceUnit--newRRUPage-anchBar-application-manageresources-display-component---newResourceUnit--resource-anchor\"]"}
RESULT: {"using":"xpath","value":"//*[@id=\"application-manageresources-display-component---newResourceUnit--newRRUPage-anchBar-application-manageresources-display-component---newResourceUnit--resource-anchor\"]"}
COMMAND: POST /session/d392767a950b32be403e8af6fd22bfea/element/f.609CE4280A85363DBD46210BE265599D.d.655351C17B513A5FFEE3A4588D97A3A4.e.13198/click - {}
RESULT: {}
COMMAND: POST /session/d392767a950b32be403e8af6fd22bfea/execute/async - {"script":"<script> [1562 bytes]","args":[{"selector":{"id":"application-manageresources-display-component---newResourceUnit--PLANNED_DELIVERY_DATE","interaction":{"idSuffix":"inner"}},"wdio_ui5_key":"applicationmanageresources-display-component---newResourceUnit--PLANNED_DELIVERY_DATE"}]}
COMMAND: GET /session/d392767a950b32be403e8af6fd22bfea/screenshot - {}
RESULT: {"script":"<script> [1562 bytes]","args":[{"selector":{"id":"application-manageresources-display-component---newResourceUnit--PLANNED_DELIVERY_DATE","interaction":{"idSuffix":"inner"}},"wdio_ui5_key":"applicationmanageresources-display-component---newResourceUnit--PLANNED_DELIVERY_DATE"}]}
RESULT: undefined
COMMAND: POST /session/d392767a950b32be403e8af6fd22bfea/execute/async - {"script":"<script> [6424 bytes]","args":[{"element-6066-11e4-a52e-4f735466cecf":"f.609CE4280A85363DBD46210BE265599D.d.655351C17B513A5FFEE3A4588D97A3A4.e.13029"},"setValue",["6/12/25"]]}
RESULT: {}
RESULT: {"script":"<script> [6424 bytes]","args":[{"element-6066-11e4-a52e-4f735466cecf":"f.609CE4280A85363DBD46210BE265599D.d.655351C17B513A5FFEE3A4588D97A3A4.e.13029"},"setValue",["6/12/25"]]}
COMMAND: POST /session/d392767a950b32be403e8af6fd22bfea/element - {"using":"xpath","value":"//label[contains(@class, 'sapMLabelRequired') and .//bdi[contains(text(), 'Planned Retirement')]]"}
RESULT: {"using":"xpath","value":"//label[contains(@class, 'sapMLabelRequired') and .//bdi[contains(text(), 'Planned Retirement')]]"}
COMMAND: POST /session/d392767a950b32be403e8af6fd22bfea/elements - {"using":"xpath","value":"//label[contains(@class, 'sapMLabelRequired') and .//bdi[contains(text(), 'Planned Retirement')]]"}
RESULT: {"using":"xpath","value":"//label[contains(@class, 'sapMLabelRequired') and .//bdi[contains(text(), 'Planned Retirement')]]"}
COMMAND: POST /session/d392767a950b32be403e8af6fd22bfea/element - {"using":"xpath","value":"//button[@data-kt=\"resourceUnitSaveButton\"]"}
RESULT: {"using":"xpath","value":"//button[@data-kt=\"resourceUnitSaveButton\"]"}
COMMAND: POST /session/d392767a950b32be403e8af6fd22bfea/element/f.609CE4280A85363DBD46210BE265599D.d.655351C17B513A5FFEE3A4588D97A3A4.e.12989/click - {}
RESULT: {}
COMMAND: GET /session/d392767a950b32be403e8af6fd22bfea/screenshot - {}
RESULT: {}
COMMAND: POST /session/d392767a950b32be403e8af6fd22bfea/element - {"using":"xpath","value":"//bdi[contains(text(), \"Close\")]"}
RESULT: {"using":"xpath","value":"//bdi[contains(text(), \"Close\")]"}
COMMAND: POST /session/d392767a950b32be403e8af6fd22bfea/element/f.609CE4280A85363DBD46210BE265599D.d.655351C17B513A5FFEE3A4588D97A3A4.e.13207/click - {}
RESULT: {}
COMMAND: GET /session/d392767a950b32be403e8af6fd22bfea/screenshot - {}
RESULT: {}
COMMAND: POST /session/d392767a950b32be403e8af6fd22bfea/element - {"using":"xpath","value":"(//button[contains(@id ,\"actionsToolbar-overflowButton\")])[1]"}
RESULT: {"using":"xpath","value":"(//button[contains(@id ,\"actionsToolbar-overflowButton\")])[1]"}
COMMAND: POST /session/d392767a950b32be403e8af6fd22bfea/element/f.609CE4280A85363DBD46210BE265599D.d.655351C17B513A5FFEE3A4588D97A3A4.e.13240/click - {}
RESULT: {}
COMMAND: GET /session/d392767a950b32be403e8af6fd22bfea/screenshot - {}
RESULT: {}
COMMAND: POST /session/d392767a950b32be403e8af6fd22bfea/element - {"using":"xpath","value":"//button[@data-kt=\"priceInfoButton\"]"}
RESULT: {"using":"xpath","value":"//button[@data-kt=\"priceInfoButton\"]"}
COMMAND: POST /session/d392767a950b32be403e8af6fd22bfea/element/f.609CE4280A85363DBD46210BE265599D.d.655351C17B513A5FFEE3A4588D97A3A4.e.13242/click - {}
RESULT: {}
COMMAND: GET /session/d392767a950b32be403e8af6fd22bfea/screenshot - {}
RESULT: {}
]]></system-out>
    </testcase>
    <testcase classname="chrome.137_0_7151_69.windows.Billing_Calculation_-_Time_based_(considering_transport_times)_US139738" name="Should create new pricing rule for the equipment" time="47.655">
      <system-out><![CDATA[
COMMAND: POST /session/d392767a950b32be403e8af6fd22bfea/element - {"using":"xpath","value":"//button[@data-kt=\"addButton\"]"}
RESULT: {"using":"xpath","value":"//button[@data-kt=\"addButton\"]"}
COMMAND: POST /session/d392767a950b32be403e8af6fd22bfea/elements - {"using":"xpath","value":"//button[@data-kt=\"addButton\"]"}
RESULT: {"using":"xpath","value":"//button[@data-kt=\"addButton\"]"}
COMMAND: POST /session/d392767a950b32be403e8af6fd22bfea/elements - {"using":"xpath","value":"//button[@data-kt=\"addButton\"]"}
RESULT: {"using":"xpath","value":"//button[@data-kt=\"addButton\"]"}
COMMAND: POST /session/d392767a950b32be403e8af6fd22bfea/element - {"using":"xpath","value":"//button[@data-kt=\"addButton\"]"}
RESULT: {"using":"xpath","value":"//button[@data-kt=\"addButton\"]"}
COMMAND: POST /session/d392767a950b32be403e8af6fd22bfea/execute/sync - {"script":"<script> [8489 bytes]","args":[{"element-6066-11e4-a52e-4f735466cecf":"f.609CE4280A85363DBD46210BE265599D.d.655351C17B513A5FFEE3A4588D97A3A4.e.13288","ELEMENT":"f.609CE4280A85363DBD46210BE265599D.d.655351C17B513A5FFEE3A4588D97A3A4.e.13288"}]}
RESULT: {"script":"<script> [8489 bytes]","args":[{"element-6066-11e4-a52e-4f735466cecf":"f.609CE4280A85363DBD46210BE265599D.d.655351C17B513A5FFEE3A4588D97A3A4.e.13288","ELEMENT":"f.609CE4280A85363DBD46210BE265599D.d.655351C17B513A5FFEE3A4588D97A3A4.e.13288"}]}
COMMAND: GET /session/d392767a950b32be403e8af6fd22bfea/element/f.609CE4280A85363DBD46210BE265599D.d.655351C17B513A5FFEE3A4588D97A3A4.e.13288/enabled - {}
COMMAND: GET /session/d392767a950b32be403e8af6fd22bfea/screenshot - {}
RESULT: {}
COMMAND: POST /session/d392767a950b32be403e8af6fd22bfea/execute/sync - {"script":"<script> [8489 bytes]","args":[{"element-6066-11e4-a52e-4f735466cecf":"f.609CE4280A85363DBD46210BE265599D.d.655351C17B513A5FFEE3A4588D97A3A4.e.13288","ELEMENT":"f.609CE4280A85363DBD46210BE265599D.d.655351C17B513A5FFEE3A4588D97A3A4.e.13288"}]}
COMMAND: GET /session/d392767a950b32be403e8af6fd22bfea/screenshot - {}
RESULT: {}
RESULT: {"script":"<script> [8489 bytes]","args":[{"element-6066-11e4-a52e-4f735466cecf":"f.609CE4280A85363DBD46210BE265599D.d.655351C17B513A5FFEE3A4588D97A3A4.e.13288","ELEMENT":"f.609CE4280A85363DBD46210BE265599D.d.655351C17B513A5FFEE3A4588D97A3A4.e.13288"}]}
COMMAND: POST /session/d392767a950b32be403e8af6fd22bfea/execute/sync - {"script":"<script> [5351 bytes]","args":[{"element-6066-11e4-a52e-4f735466cecf":"f.609CE4280A85363DBD46210BE265599D.d.655351C17B513A5FFEE3A4588D97A3A4.e.13288","ELEMENT":"f.609CE4280A85363DBD46210BE265599D.d.655351C17B513A5FFEE3A4588D97A3A4.e.13288"}]}
COMMAND: GET /session/d392767a950b32be403e8af6fd22bfea/screenshot - {}
RESULT: {}
RESULT: {"script":"<script> [5351 bytes]","args":[{"element-6066-11e4-a52e-4f735466cecf":"f.609CE4280A85363DBD46210BE265599D.d.655351C17B513A5FFEE3A4588D97A3A4.e.13288","ELEMENT":"f.609CE4280A85363DBD46210BE265599D.d.655351C17B513A5FFEE3A4588D97A3A4.e.13288"}]}
COMMAND: POST /session/d392767a950b32be403e8af6fd22bfea/element/f.609CE4280A85363DBD46210BE265599D.d.655351C17B513A5FFEE3A4588D97A3A4.e.13288/click - {}
COMMAND: GET /session/d392767a950b32be403e8af6fd22bfea/screenshot - {}
RESULT: {}
RESULT: {}
COMMAND: GET /session/d392767a950b32be403e8af6fd22bfea/screenshot - {}
RESULT: {}
RESULT: {}
COMMAND: POST /session/d392767a950b32be403e8af6fd22bfea/execute/async - {"script":"<script> [1562 bytes]","args":[{"selector":{"controlType":"sap.m.Title","viewName":"etm.portal.ui.managepricingrules.view.NewItem","viewId":"application-managepricingrules-display-component---newInfoPriceItem","properties":{"text":"New Pricing Rules - Item Level"}},"wdio_ui5_key":"etmportal.ui.managepricingrules.view.NewItemsap.m.Title{\"text\":\"New Pricing Rules - Item Level\"}"}]}
RESULT: {"script":"<script> [1562 bytes]","args":[{"selector":{"controlType":"sap.m.Title","viewName":"etm.portal.ui.managepricingrules.view.NewItem","viewId":"application-managepricingrules-display-component---newInfoPriceItem","properties":{"text":"New Pricing Rules - Item Level"}},"wdio_ui5_key":"etmportal.ui.managepricingrules.view.NewItemsap.m.Title{\"text\":\"New Pricing Rules - Item Level\"}"}]}
RESULT: undefined
COMMAND: POST /session/d392767a950b32be403e8af6fd22bfea/execute/async - {"script":"<script> [6424 bytes]","args":[{"element-6066-11e4-a52e-4f735466cecf":"f.609CE4280A85363DBD46210BE265599D.d.655351C17B513A5FFEE3A4588D97A3A4.e.13455"},"getText",[]]}
RESULT: {"script":"<script> [6424 bytes]","args":[{"element-6066-11e4-a52e-4f735466cecf":"f.609CE4280A85363DBD46210BE265599D.d.655351C17B513A5FFEE3A4588D97A3A4.e.13455"},"getText",[]]}
COMMAND: POST /session/d392767a950b32be403e8af6fd22bfea/execute/async - {"script":"<script> [1562 bytes]","args":[{"selector":{"id":"application-managepricingrules-display-component---newInfoPriceItem--condValidTo","interaction":{"idSuffix":"inner"}},"wdio_ui5_key":"applicationmanagepricingrules-display-component---newInfoPriceItem--condValidTo"}]}
RESULT: {"script":"<script> [1562 bytes]","args":[{"selector":{"id":"application-managepricingrules-display-component---newInfoPriceItem--condValidTo","interaction":{"idSuffix":"inner"}},"wdio_ui5_key":"applicationmanagepricingrules-display-component---newInfoPriceItem--condValidTo"}]}
RESULT: undefined
COMMAND: POST /session/d392767a950b32be403e8af6fd22bfea/execute/async - {"script":"<script> [776 bytes]","args":[{"enterText":"2/12/26","selector":{"id":"application-managepricingrules-display-component---newInfoPriceItem--condValidTo","interaction":{"idSuffix":"inner"}},"clearTextFirst":true,"interactionType":"ENTER_TEXT"}]}
RESULT: {"script":"<script> [776 bytes]","args":[{"enterText":"2/12/26","selector":{"id":"application-managepricingrules-display-component---newInfoPriceItem--condValidTo","interaction":{"idSuffix":"inner"}},"clearTextFirst":true,"interactionType":"ENTER_TEXT"}]}
COMMAND: POST /session/d392767a950b32be403e8af6fd22bfea/execute/async - {"script":"<script> [1562 bytes]","args":[{"selector":{"id":"application-managepricingrules-display-component---newInfoPriceItem--billType-arrow"},"wdio_ui5_key":"applicationmanagepricingrules-display-component---newInfoPriceItem--billType-arrow"}]}
RESULT: {"script":"<script> [1562 bytes]","args":[{"selector":{"id":"application-managepricingrules-display-component---newInfoPriceItem--billType-arrow"},"wdio_ui5_key":"applicationmanagepricingrules-display-component---newInfoPriceItem--billType-arrow"}]}
RESULT: undefined
COMMAND: POST /session/d392767a950b32be403e8af6fd22bfea/element - {"using":"xpath","value":"//*[@id=\"application-managepricingrules-display-component---newInfoPriceItem--billType-arrow\"]"}
RESULT: {"using":"xpath","value":"//*[@id=\"application-managepricingrules-display-component---newInfoPriceItem--billType-arrow\"]"}
COMMAND: POST /session/d392767a950b32be403e8af6fd22bfea/element/f.609CE4280A85363DBD46210BE265599D.d.655351C17B513A5FFEE3A4588D97A3A4.e.13457/click - {}
RESULT: {}
COMMAND: POST /session/d392767a950b32be403e8af6fd22bfea/element - {"using":"xpath","value":"//span[contains(text(), \"TB - Time based\")]"}
COMMAND: GET /session/d392767a950b32be403e8af6fd22bfea/screenshot - {}
RESULT: {"using":"xpath","value":"//span[contains(text(), \"TB - Time based\")]"}
COMMAND: POST /session/d392767a950b32be403e8af6fd22bfea/element/f.609CE4280A85363DBD46210BE265599D.d.655351C17B513A5FFEE3A4588D97A3A4.e.13458/click - {}
RESULT: {}
RESULT: {}
COMMAND: POST /session/d392767a950b32be403e8af6fd22bfea/execute/async - {"script":"<script> [1562 bytes]","args":[{"selector":{"id":"application-managepricingrules-display-component---newInfoPriceItem--priceProc-arrow"},"wdio_ui5_key":"applicationmanagepricingrules-display-component---newInfoPriceItem--priceProc-arrow"}]}
COMMAND: GET /session/d392767a950b32be403e8af6fd22bfea/screenshot - {}
RESULT: {"script":"<script> [1562 bytes]","args":[{"selector":{"id":"application-managepricingrules-display-component---newInfoPriceItem--priceProc-arrow"},"wdio_ui5_key":"applicationmanagepricingrules-display-component---newInfoPriceItem--priceProc-arrow"}]}
RESULT: undefined
COMMAND: POST /session/d392767a950b32be403e8af6fd22bfea/element - {"using":"xpath","value":"//*[@id=\"application-managepricingrules-display-component---newInfoPriceItem--priceProc-arrow\"]"}
RESULT: {}
RESULT: {"using":"xpath","value":"//*[@id=\"application-managepricingrules-display-component---newInfoPriceItem--priceProc-arrow\"]"}
COMMAND: POST /session/d392767a950b32be403e8af6fd22bfea/element/f.609CE4280A85363DBD46210BE265599D.d.655351C17B513A5FFEE3A4588D97A3A4.e.13424/click - {}
RESULT: {}
COMMAND: POST /session/d392767a950b32be403e8af6fd22bfea/element - {"using":"xpath","value":"//span[contains(text(), \"TBS - Time based standard\")]"}
COMMAND: GET /session/d392767a950b32be403e8af6fd22bfea/screenshot - {}
RESULT: {"using":"xpath","value":"//span[contains(text(), \"TBS - Time based standard\")]"}
COMMAND: POST /session/d392767a950b32be403e8af6fd22bfea/element/f.609CE4280A85363DBD46210BE265599D.d.655351C17B513A5FFEE3A4588D97A3A4.e.13459/click - {}
RESULT: {}
RESULT: {}
COMMAND: POST /session/d392767a950b32be403e8af6fd22bfea/execute/async - {"script":"<script> [1562 bytes]","args":[{"selector":{"id":"application-managepricingrules-display-component---newInfoPriceItem--calcBase-arrow"},"wdio_ui5_key":"applicationmanagepricingrules-display-component---newInfoPriceItem--calcBase-arrow"}]}
COMMAND: GET /session/d392767a950b32be403e8af6fd22bfea/screenshot - {}
RESULT: {"script":"<script> [1562 bytes]","args":[{"selector":{"id":"application-managepricingrules-display-component---newInfoPriceItem--calcBase-arrow"},"wdio_ui5_key":"applicationmanagepricingrules-display-component---newInfoPriceItem--calcBase-arrow"}]}
RESULT: undefined
COMMAND: POST /session/d392767a950b32be403e8af6fd22bfea/element - {"using":"xpath","value":"//*[@id=\"application-managepricingrules-display-component---newInfoPriceItem--calcBase-arrow\"]"}
RESULT: {}
RESULT: {"using":"xpath","value":"//*[@id=\"application-managepricingrules-display-component---newInfoPriceItem--calcBase-arrow\"]"}
COMMAND: POST /session/d392767a950b32be403e8af6fd22bfea/element/f.609CE4280A85363DBD46210BE265599D.d.655351C17B513A5FFEE3A4588D97A3A4.e.13431/click - {}
RESULT: {}
COMMAND: GET /session/d392767a950b32be403e8af6fd22bfea/screenshot - {}
RESULT: {}
COMMAND: POST /session/d392767a950b32be403e8af6fd22bfea/element - {"using":"xpath","value":"//span[contains(text(), \"0006 - TB(calendar days)\")]"}
RESULT: {"using":"xpath","value":"//span[contains(text(), \"0006 - TB(calendar days)\")]"}
COMMAND: POST /session/d392767a950b32be403e8af6fd22bfea/element/f.609CE4280A85363DBD46210BE265599D.d.655351C17B513A5FFEE3A4588D97A3A4.e.13460/click - {}
RESULT: {}
COMMAND: GET /session/d392767a950b32be403e8af6fd22bfea/screenshot - {}
RESULT: {}
COMMAND: POST /session/d392767a950b32be403e8af6fd22bfea/execute/async - {"script":"<script> [1562 bytes]","args":[{"selector":{"id":"application-managepricingrules-display-component---newInfoPriceItem--daysMonth","interaction":{"idSuffix":"inner"}},"wdio_ui5_key":"applicationmanagepricingrules-display-component---newInfoPriceItem--daysMonth"}]}
RESULT: {"script":"<script> [1562 bytes]","args":[{"selector":{"id":"application-managepricingrules-display-component---newInfoPriceItem--daysMonth","interaction":{"idSuffix":"inner"}},"wdio_ui5_key":"applicationmanagepricingrules-display-component---newInfoPriceItem--daysMonth"}]}
RESULT: undefined
COMMAND: POST /session/d392767a950b32be403e8af6fd22bfea/execute/async - {"script":"<script> [776 bytes]","args":[{"enterText":"30","selector":{"id":"application-managepricingrules-display-component---newInfoPriceItem--daysMonth","interaction":{"idSuffix":"inner"}},"clearTextFirst":true,"interactionType":"ENTER_TEXT"}]}
RESULT: {"script":"<script> [776 bytes]","args":[{"enterText":"30","selector":{"id":"application-managepricingrules-display-component---newInfoPriceItem--daysMonth","interaction":{"idSuffix":"inner"}},"clearTextFirst":true,"interactionType":"ENTER_TEXT"}]}
COMMAND: POST /session/d392767a950b32be403e8af6fd22bfea/element - {"using":"xpath","value":"//button[@data-kt=\"saveNewRuleButton\"]"}
RESULT: {"using":"xpath","value":"//button[@data-kt=\"saveNewRuleButton\"]"}
COMMAND: POST /session/d392767a950b32be403e8af6fd22bfea/element/f.609CE4280A85363DBD46210BE265599D.d.655351C17B513A5FFEE3A4588D97A3A4.e.13447/click - {}
RESULT: {}
COMMAND: GET /session/d392767a950b32be403e8af6fd22bfea/screenshot - {}
RESULT: {}
COMMAND: POST /session/d392767a950b32be403e8af6fd22bfea/execute/async - {"script":"<script> [1562 bytes]","args":[{"selector":{"id":"application-managepricingrules-display-component---priceInfoItem--smartFilterBar-btnBasicSearch","interaction":{"idSuffix":"I"}},"wdio_ui5_key":"applicationmanagepricingrules-display-component---priceInfoItem--smartFilterBar-btnBasicSearch"}]}
RESULT: {"script":"<script> [1562 bytes]","args":[{"selector":{"id":"application-managepricingrules-display-component---priceInfoItem--smartFilterBar-btnBasicSearch","interaction":{"idSuffix":"I"}},"wdio_ui5_key":"applicationmanagepricingrules-display-component---priceInfoItem--smartFilterBar-btnBasicSearch"}]}
RESULT: undefined
COMMAND: POST /session/d392767a950b32be403e8af6fd22bfea/execute/async - {"script":"<script> [776 bytes]","args":[{"enterText":"U8vQLU9xpD","selector":{"id":"application-managepricingrules-display-component---priceInfoItem--smartFilterBar-btnBasicSearch","interaction":{"idSuffix":"I"}},"clearTextFirst":true,"interactionType":"ENTER_TEXT"}]}
RESULT: {"script":"<script> [776 bytes]","args":[{"enterText":"U8vQLU9xpD","selector":{"id":"application-managepricingrules-display-component---priceInfoItem--smartFilterBar-btnBasicSearch","interaction":{"idSuffix":"I"}},"clearTextFirst":true,"interactionType":"ENTER_TEXT"}]}
COMMAND: POST /session/d392767a950b32be403e8af6fd22bfea/actions - {"actions":[{"id":"action62","type":"key","parameters":{},"actions":[{"type":"keyDown","value":"î€‡"},{"type":"pause","duration":10},{"type":"keyUp","value":"î€‡"}]}]}
RESULT: {"actions":[{"id":"action62","type":"key","parameters":{},"actions":[{"type":"keyDown","value":"î€‡"},{"type":"pause","duration":10},{"type":"keyUp","value":"î€‡"}]}]}
COMMAND: GET /session/d392767a950b32be403e8af6fd22bfea/screenshot - {}
RESULT: {}
COMMAND: POST /session/d392767a950b32be403e8af6fd22bfea/element - {"using":"xpath","value":"//span[@id=\"application-managepricingrules-display-component---priceInfoItem--smartTable-header-inner\"]"}
RESULT: {"using":"xpath","value":"//span[@id=\"application-managepricingrules-display-component---priceInfoItem--smartTable-header-inner\"]"}
COMMAND: POST /session/d392767a950b32be403e8af6fd22bfea/elements - {"using":"xpath","value":"//span[@id=\"application-managepricingrules-display-component---priceInfoItem--smartTable-header-inner\"]"}
RESULT: {"using":"xpath","value":"//span[@id=\"application-managepricingrules-display-component---priceInfoItem--smartTable-header-inner\"]"}
COMMAND: POST /session/d392767a950b32be403e8af6fd22bfea/execute/sync - {"script":"<script> [56 bytes]","args":[{"element-6066-11e4-a52e-4f735466cecf":"f.609CE4280A85363DBD46210BE265599D.d.655351C17B513A5FFEE3A4588D97A3A4.e.13477","ELEMENT":"f.609CE4280A85363DBD46210BE265599D.d.655351C17B513A5FFEE3A4588D97A3A4.e.13477"}]}
RESULT: {"script":"<script> [56 bytes]","args":[{"element-6066-11e4-a52e-4f735466cecf":"f.609CE4280A85363DBD46210BE265599D.d.655351C17B513A5FFEE3A4588D97A3A4.e.13477","ELEMENT":"f.609CE4280A85363DBD46210BE265599D.d.655351C17B513A5FFEE3A4588D97A3A4.e.13477"}]}
COMMAND: POST /session/d392767a950b32be403e8af6fd22bfea/element - {"using":"css selector","value":"#shell-header-logo"}
COMMAND: GET /session/d392767a950b32be403e8af6fd22bfea/screenshot - {}
RESULT: {"using":"css selector","value":"#shell-header-logo"}
COMMAND: POST /session/d392767a950b32be403e8af6fd22bfea/element/f.609CE4280A85363DBD46210BE265599D.d.655351C17B513A5FFEE3A4588D97A3A4.e.12573/click - {}
RESULT: {}
RESULT: {}
COMMAND: GET /session/d392767a950b32be403e8af6fd22bfea/screenshot - {}
RESULT: {}
]]></system-out>
    </testcase>
    <testcase classname="chrome.137_0_7151_69.windows.Billing_Calculation_-_Time_based_(considering_transport_times)_US139738" name="Should create new pricing condition for the equipment" time="64.391">
      <system-out><![CDATA[
COMMAND: POST /session/d392767a950b32be403e8af6fd22bfea/execute/async - {"script":"<script> [1562 bytes]","args":[{"selector":{"controlType":"sap.m.GenericTile","properties":{"header":"Manage Conditions & Prices"}},"wdio_ui5_key":"sapm.GenericTile{\"header\":\"Manage Conditions & Prices\"}"}]}
RESULT: {"script":"<script> [1562 bytes]","args":[{"selector":{"controlType":"sap.m.GenericTile","properties":{"header":"Manage Conditions & Prices"}},"wdio_ui5_key":"sapm.GenericTile{\"header\":\"Manage Conditions & Prices\"}"}]}
RESULT: undefined
COMMAND: POST /session/d392767a950b32be403e8af6fd22bfea/element - {"using":"xpath","value":"//*[@id=\"__tile55\"]"}
RESULT: {"using":"xpath","value":"//*[@id=\"__tile55\"]"}
COMMAND: POST /session/d392767a950b32be403e8af6fd22bfea/element/f.609CE4280A85363DBD46210BE265599D.d.655351C17B513A5FFEE3A4588D97A3A4.e.12511/click - {}
RESULT: {}
COMMAND: GET /session/d392767a950b32be403e8af6fd22bfea/screenshot - {}
RESULT: {}
COMMAND: POST /session/d392767a950b32be403e8af6fd22bfea/elements - {"using":"xpath","value":"//span[text()='Error']"}
RESULT: {"using":"xpath","value":"//span[text()='Error']"}
COMMAND: POST /session/d392767a950b32be403e8af6fd22bfea/element - {"using":"xpath","value":"//button[@aria-label=\"Create\"]"}
RESULT: {"using":"xpath","value":"//button[@aria-label=\"Create\"]"}
COMMAND: POST /session/d392767a950b32be403e8af6fd22bfea/elements - {"using":"xpath","value":"//button[@aria-label=\"Create\"]"}
RESULT: {"using":"xpath","value":"//button[@aria-label=\"Create\"]"}
COMMAND: POST /session/d392767a950b32be403e8af6fd22bfea/execute/sync - {"script":"<script> [8489 bytes]","args":[{"element-6066-11e4-a52e-4f735466cecf":"f.609CE4280A85363DBD46210BE265599D.d.655351C17B513A5FFEE3A4588D97A3A4.e.13512","ELEMENT":"f.609CE4280A85363DBD46210BE265599D.d.655351C17B513A5FFEE3A4588D97A3A4.e.13512"}]}
RESULT: {"script":"<script> [8489 bytes]","args":[{"element-6066-11e4-a52e-4f735466cecf":"f.609CE4280A85363DBD46210BE265599D.d.655351C17B513A5FFEE3A4588D97A3A4.e.13512","ELEMENT":"f.609CE4280A85363DBD46210BE265599D.d.655351C17B513A5FFEE3A4588D97A3A4.e.13512"}]}
COMMAND: GET /session/d392767a950b32be403e8af6fd22bfea/element/f.609CE4280A85363DBD46210BE265599D.d.655351C17B513A5FFEE3A4588D97A3A4.e.13512/enabled - {}
COMMAND: GET /session/d392767a950b32be403e8af6fd22bfea/screenshot - {}
RESULT: {}
COMMAND: POST /session/d392767a950b32be403e8af6fd22bfea/execute/sync - {"script":"<script> [8489 bytes]","args":[{"element-6066-11e4-a52e-4f735466cecf":"f.609CE4280A85363DBD46210BE265599D.d.655351C17B513A5FFEE3A4588D97A3A4.e.13512","ELEMENT":"f.609CE4280A85363DBD46210BE265599D.d.655351C17B513A5FFEE3A4588D97A3A4.e.13512"}]}
COMMAND: GET /session/d392767a950b32be403e8af6fd22bfea/screenshot - {}
RESULT: {}
RESULT: {"script":"<script> [8489 bytes]","args":[{"element-6066-11e4-a52e-4f735466cecf":"f.609CE4280A85363DBD46210BE265599D.d.655351C17B513A5FFEE3A4588D97A3A4.e.13512","ELEMENT":"f.609CE4280A85363DBD46210BE265599D.d.655351C17B513A5FFEE3A4588D97A3A4.e.13512"}]}
COMMAND: POST /session/d392767a950b32be403e8af6fd22bfea/execute/sync - {"script":"<script> [5351 bytes]","args":[{"element-6066-11e4-a52e-4f735466cecf":"f.609CE4280A85363DBD46210BE265599D.d.655351C17B513A5FFEE3A4588D97A3A4.e.13512","ELEMENT":"f.609CE4280A85363DBD46210BE265599D.d.655351C17B513A5FFEE3A4588D97A3A4.e.13512"}]}
COMMAND: GET /session/d392767a950b32be403e8af6fd22bfea/screenshot - {}
RESULT: {}
RESULT: {"script":"<script> [5351 bytes]","args":[{"element-6066-11e4-a52e-4f735466cecf":"f.609CE4280A85363DBD46210BE265599D.d.655351C17B513A5FFEE3A4588D97A3A4.e.13512","ELEMENT":"f.609CE4280A85363DBD46210BE265599D.d.655351C17B513A5FFEE3A4588D97A3A4.e.13512"}]}
COMMAND: POST /session/d392767a950b32be403e8af6fd22bfea/element/f.609CE4280A85363DBD46210BE265599D.d.655351C17B513A5FFEE3A4588D97A3A4.e.13512/click - {}
COMMAND: GET /session/d392767a950b32be403e8af6fd22bfea/screenshot - {}
RESULT: {}
RESULT: {}
COMMAND: GET /session/d392767a950b32be403e8af6fd22bfea/screenshot - {}
RESULT: {}
RESULT: {}
COMMAND: POST /session/d392767a950b32be403e8af6fd22bfea/actions - {"actions":[{"id":"action63","type":"key","parameters":{},"actions":[{"type":"keyDown","value":"î€‡"},{"type":"pause","duration":10},{"type":"keyUp","value":"î€‡"}]}]}
RESULT: {"actions":[{"id":"action63","type":"key","parameters":{},"actions":[{"type":"keyDown","value":"î€‡"},{"type":"pause","duration":10},{"type":"keyUp","value":"î€‡"}]}]}
COMMAND: GET /session/d392767a950b32be403e8af6fd22bfea/screenshot - {}
RESULT: {}
COMMAND: POST /session/d392767a950b32be403e8af6fd22bfea/execute/async - {"script":"<script> [1562 bytes]","args":[{"selector":{"id":"application-manageconditionprice-display-component---newCondition--condBillCond-arrow"},"wdio_ui5_key":"applicationmanageconditionprice-display-component---newCondition--condBillCond-arrow"}]}
RESULT: {"script":"<script> [1562 bytes]","args":[{"selector":{"id":"application-manageconditionprice-display-component---newCondition--condBillCond-arrow"},"wdio_ui5_key":"applicationmanageconditionprice-display-component---newCondition--condBillCond-arrow"}]}
RESULT: undefined
COMMAND: POST /session/d392767a950b32be403e8af6fd22bfea/element - {"using":"xpath","value":"//*[@id=\"application-manageconditionprice-display-component---newCondition--condBillCond-arrow\"]"}
RESULT: {"using":"xpath","value":"//*[@id=\"application-manageconditionprice-display-component---newCondition--condBillCond-arrow\"]"}
COMMAND: POST /session/d392767a950b32be403e8af6fd22bfea/element/f.609CE4280A85363DBD46210BE265599D.d.655351C17B513A5FFEE3A4588D97A3A4.e.13689/click - {}
RESULT: {}
COMMAND: GET /session/d392767a950b32be403e8af6fd22bfea/screenshot - {}
RESULT: {}
COMMAND: POST /session/d392767a950b32be403e8af6fd22bfea/element - {"using":"xpath","value":"//li[.//span[contains(text(), \"DISP - D&I special price\")]]"}
RESULT: {"using":"xpath","value":"//li[.//span[contains(text(), \"DISP - D&I special price\")]]"}
COMMAND: POST /session/d392767a950b32be403e8af6fd22bfea/element/f.609CE4280A85363DBD46210BE265599D.d.655351C17B513A5FFEE3A4588D97A3A4.e.13692/click - {}
RESULT: {}
COMMAND: GET /session/d392767a950b32be403e8af6fd22bfea/screenshot - {}
RESULT: {}
COMMAND: POST /session/d392767a950b32be403e8af6fd22bfea/execute/async - {"script":"<script> [1562 bytes]","args":[{"selector":{"id":"application-manageconditionprice-display-component---newCondition--condValidTo","interaction":{"idSuffix":"inner"}},"wdio_ui5_key":"applicationmanageconditionprice-display-component---newCondition--condValidTo"}]}
RESULT: {"script":"<script> [1562 bytes]","args":[{"selector":{"id":"application-manageconditionprice-display-component---newCondition--condValidTo","interaction":{"idSuffix":"inner"}},"wdio_ui5_key":"applicationmanageconditionprice-display-component---newCondition--condValidTo"}]}
RESULT: undefined
COMMAND: POST /session/d392767a950b32be403e8af6fd22bfea/execute/async - {"script":"<script> [776 bytes]","args":[{"enterText":"2/12/26","selector":{"id":"application-manageconditionprice-display-component---newCondition--condValidTo","interaction":{"idSuffix":"inner"}},"clearTextFirst":true,"interactionType":"ENTER_TEXT"}]}
RESULT: {"script":"<script> [776 bytes]","args":[{"enterText":"2/12/26","selector":{"id":"application-manageconditionprice-display-component---newCondition--condValidTo","interaction":{"idSuffix":"inner"}},"clearTextFirst":true,"interactionType":"ENTER_TEXT"}]}
COMMAND: POST /session/d392767a950b32be403e8af6fd22bfea/element - {"using":"xpath","value":"//input[@id=\"application-manageconditionprice-display-component---newCondition--condRU-inner\"]"}
RESULT: {"using":"xpath","value":"//input[@id=\"application-manageconditionprice-display-component---newCondition--condRU-inner\"]"}
COMMAND: POST /session/d392767a950b32be403e8af6fd22bfea/element/f.609CE4280A85363DBD46210BE265599D.d.655351C17B513A5FFEE3A4588D97A3A4.e.13554/clear - {}
RESULT: {}
COMMAND: POST /session/d392767a950b32be403e8af6fd22bfea/element/f.609CE4280A85363DBD46210BE265599D.d.655351C17B513A5FFEE3A4588D97A3A4.e.13554/value - {"text":"U8vQLU9xpD"}
COMMAND: GET /session/d392767a950b32be403e8af6fd22bfea/screenshot - {}
RESULT: {"text":"U8vQLU9xpD"}
COMMAND: GET /session/d392767a950b32be403e8af6fd22bfea/screenshot - {}
RESULT: {}
COMMAND: POST /session/d392767a950b32be403e8af6fd22bfea/actions - {"actions":[{"id":"action64","type":"key","parameters":{},"actions":[{"type":"keyDown","value":"î€‡"},{"type":"pause","duration":10},{"type":"keyUp","value":"î€‡"}]}]}
RESULT: {}
RESULT: {"actions":[{"id":"action64","type":"key","parameters":{},"actions":[{"type":"keyDown","value":"î€‡"},{"type":"pause","duration":10},{"type":"keyUp","value":"î€‡"}]}]}
COMMAND: POST /session/d392767a950b32be403e8af6fd22bfea/execute/async - {"script":"<script> [1562 bytes]","args":[{"selector":{"id":"application-manageconditionprice-display-component---newCondition--condBaseQty","interaction":{"idSuffix":"inner"}},"wdio_ui5_key":"applicationmanageconditionprice-display-component---newCondition--condBaseQty"}]}
COMMAND: GET /session/d392767a950b32be403e8af6fd22bfea/screenshot - {}
RESULT: {"script":"<script> [1562 bytes]","args":[{"selector":{"id":"application-manageconditionprice-display-component---newCondition--condBaseQty","interaction":{"idSuffix":"inner"}},"wdio_ui5_key":"applicationmanageconditionprice-display-component---newCondition--condBaseQty"}]}
RESULT: undefined
COMMAND: POST /session/d392767a950b32be403e8af6fd22bfea/execute/async - {"script":"<script> [776 bytes]","args":[{"enterText":"1","selector":{"id":"application-manageconditionprice-display-component---newCondition--condBaseQty","interaction":{"idSuffix":"inner"}},"clearTextFirst":true,"interactionType":"ENTER_TEXT"}]}
RESULT: {}
RESULT: {"script":"<script> [776 bytes]","args":[{"enterText":"1","selector":{"id":"application-manageconditionprice-display-component---newCondition--condBaseQty","interaction":{"idSuffix":"inner"}},"clearTextFirst":true,"interactionType":"ENTER_TEXT"}]}
COMMAND: POST /session/d392767a950b32be403e8af6fd22bfea/execute/async - {"script":"<script> [1562 bytes]","args":[{"selector":{"id":"application-manageconditionprice-display-component---newCondition--condValue","interaction":{"idSuffix":"inner"}},"wdio_ui5_key":"applicationmanageconditionprice-display-component---newCondition--condValue"}]}
RESULT: {"script":"<script> [1562 bytes]","args":[{"selector":{"id":"application-manageconditionprice-display-component---newCondition--condValue","interaction":{"idSuffix":"inner"}},"wdio_ui5_key":"applicationmanageconditionprice-display-component---newCondition--condValue"}]}
RESULT: undefined
COMMAND: POST /session/d392767a950b32be403e8af6fd22bfea/execute/async - {"script":"<script> [776 bytes]","args":[{"enterText":"100","selector":{"id":"application-manageconditionprice-display-component---newCondition--condValue","interaction":{"idSuffix":"inner"}},"clearTextFirst":true,"interactionType":"ENTER_TEXT"}]}
RESULT: {"script":"<script> [776 bytes]","args":[{"enterText":"100","selector":{"id":"application-manageconditionprice-display-component---newCondition--condValue","interaction":{"idSuffix":"inner"}},"clearTextFirst":true,"interactionType":"ENTER_TEXT"}]}
COMMAND: POST /session/d392767a950b32be403e8af6fd22bfea/execute/async - {"script":"<script> [1562 bytes]","args":[{"selector":{"id":"application-manageconditionprice-display-component---newCondition--condCurr-arrow"},"wdio_ui5_key":"applicationmanageconditionprice-display-component---newCondition--condCurr-arrow"}]}
RESULT: {"script":"<script> [1562 bytes]","args":[{"selector":{"id":"application-manageconditionprice-display-component---newCondition--condCurr-arrow"},"wdio_ui5_key":"applicationmanageconditionprice-display-component---newCondition--condCurr-arrow"}]}
RESULT: undefined
COMMAND: POST /session/d392767a950b32be403e8af6fd22bfea/element - {"using":"xpath","value":"//*[@id=\"application-manageconditionprice-display-component---newCondition--condCurr-arrow\"]"}
RESULT: {"using":"xpath","value":"//*[@id=\"application-manageconditionprice-display-component---newCondition--condCurr-arrow\"]"}
COMMAND: POST /session/d392767a950b32be403e8af6fd22bfea/element/f.609CE4280A85363DBD46210BE265599D.d.655351C17B513A5FFEE3A4588D97A3A4.e.13670/click - {}
RESULT: {}
COMMAND: POST /session/d392767a950b32be403e8af6fd22bfea/element - {"using":"xpath","value":"//span[contains(text(), \"Euro\")]"}
COMMAND: GET /session/d392767a950b32be403e8af6fd22bfea/screenshot - {}
RESULT: {"using":"xpath","value":"//span[contains(text(), \"Euro\")]"}
COMMAND: POST /session/d392767a950b32be403e8af6fd22bfea/element/f.609CE4280A85363DBD46210BE265599D.d.655351C17B513A5FFEE3A4588D97A3A4.e.13729/click - {}
RESULT: {}
RESULT: {}
COMMAND: POST /session/d392767a950b32be403e8af6fd22bfea/element - {"using":"xpath","value":"//button[@data-kt=\"saveButton\"]"}
COMMAND: GET /session/d392767a950b32be403e8af6fd22bfea/screenshot - {}
RESULT: {"using":"xpath","value":"//button[@data-kt=\"saveButton\"]"}
COMMAND: POST /session/d392767a950b32be403e8af6fd22bfea/element/f.609CE4280A85363DBD46210BE265599D.d.655351C17B513A5FFEE3A4588D97A3A4.e.13671/click - {}
RESULT: {}
RESULT: {}
COMMAND: GET /session/d392767a950b32be403e8af6fd22bfea/screenshot - {}
RESULT: {}
COMMAND: POST /session/d392767a950b32be403e8af6fd22bfea/execute/async - {"script":"<script> [1562 bytes]","args":[{"selector":{"id":"application-manageconditionprice-display-component---conditions--smartFilterBar-btnBasicSearch","interaction":{"idSuffix":"I"}},"wdio_ui5_key":"applicationmanageconditionprice-display-component---conditions--smartFilterBar-btnBasicSearch"}]}
RESULT: {"script":"<script> [1562 bytes]","args":[{"selector":{"id":"application-manageconditionprice-display-component---conditions--smartFilterBar-btnBasicSearch","interaction":{"idSuffix":"I"}},"wdio_ui5_key":"applicationmanageconditionprice-display-component---conditions--smartFilterBar-btnBasicSearch"}]}
RESULT: undefined
COMMAND: POST /session/d392767a950b32be403e8af6fd22bfea/execute/async - {"script":"<script> [776 bytes]","args":[{"enterText":"U8vQLU9xpD","selector":{"id":"application-manageconditionprice-display-component---conditions--smartFilterBar-btnBasicSearch","interaction":{"idSuffix":"I"}},"clearTextFirst":true,"interactionType":"ENTER_TEXT"}]}
RESULT: {"script":"<script> [776 bytes]","args":[{"enterText":"U8vQLU9xpD","selector":{"id":"application-manageconditionprice-display-component---conditions--smartFilterBar-btnBasicSearch","interaction":{"idSuffix":"I"}},"clearTextFirst":true,"interactionType":"ENTER_TEXT"}]}
COMMAND: POST /session/d392767a950b32be403e8af6fd22bfea/actions - {"actions":[{"id":"action65","type":"key","parameters":{},"actions":[{"type":"keyDown","value":"î€‡"},{"type":"pause","duration":10},{"type":"keyUp","value":"î€‡"}]}]}
RESULT: {"actions":[{"id":"action65","type":"key","parameters":{},"actions":[{"type":"keyDown","value":"î€‡"},{"type":"pause","duration":10},{"type":"keyUp","value":"î€‡"}]}]}
COMMAND: GET /session/d392767a950b32be403e8af6fd22bfea/screenshot - {}
RESULT: {}
COMMAND: POST /session/d392767a950b32be403e8af6fd22bfea/execute/async - {"script":"<script> [1562 bytes]","args":[{"selector":{"id":"application-manageconditionprice-display-component---conditions--smartFilterBar-filterItemControl_BASIC-BILL_TYPES-vhi"},"wdio_ui5_key":"applicationmanageconditionprice-display-component---conditions--smartFilterBar-filterItemControl_BASIC-BILL_TYPES-vhi"}]}
RESULT: {"script":"<script> [1562 bytes]","args":[{"selector":{"id":"application-manageconditionprice-display-component---conditions--smartFilterBar-filterItemControl_BASIC-BILL_TYPES-vhi"},"wdio_ui5_key":"applicationmanageconditionprice-display-component---conditions--smartFilterBar-filterItemControl_BASIC-BILL_TYPES-vhi"}]}
RESULT: undefined
COMMAND: POST /session/d392767a950b32be403e8af6fd22bfea/element - {"using":"xpath","value":"//*[@id=\"application-manageconditionprice-display-component---conditions--smartFilterBar-filterItemControl_BASIC-BILL_TYPES-vhi\"]"}
RESULT: {"using":"xpath","value":"//*[@id=\"application-manageconditionprice-display-component---conditions--smartFilterBar-filterItemControl_BASIC-BILL_TYPES-vhi\"]"}
COMMAND: POST /session/d392767a950b32be403e8af6fd22bfea/element/f.609CE4280A85363DBD46210BE265599D.d.655351C17B513A5FFEE3A4588D97A3A4.e.13745/click - {}
RESULT: {}
COMMAND: POST /session/d392767a950b32be403e8af6fd22bfea/execute/async - {"script":"<script> [1562 bytes]","args":[{"selector":{"id":"application-manageconditionprice-display-component---conditions--smartFilterBar-filterItemControl_BASIC-BILL_TYPES-valueHelpDialog-smartFilterBar-btnBasicSearch","searchOpenDialogs":true,"interaction":{"idSuffix":"I"}},"wdio_ui5_key":"applicationmanageconditionprice-display-component---conditions--smartFilterBar-filterItemControl_BASIC-BILL_TYPES-valueHelpDialog-smartFilterBar-btnBasicSearch"}]}
COMMAND: GET /session/d392767a950b32be403e8af6fd22bfea/screenshot - {}
RESULT: {"script":"<script> [1562 bytes]","args":[{"selector":{"id":"application-manageconditionprice-display-component---conditions--smartFilterBar-filterItemControl_BASIC-BILL_TYPES-valueHelpDialog-smartFilterBar-btnBasicSearch","searchOpenDialogs":true,"interaction":{"idSuffix":"I"}},"wdio_ui5_key":"applicationmanageconditionprice-display-component---conditions--smartFilterBar-filterItemControl_BASIC-BILL_TYPES-valueHelpDialog-smartFilterBar-btnBasicSearch"}]}
RESULT: undefined
COMMAND: POST /session/d392767a950b32be403e8af6fd22bfea/execute/async - {"script":"<script> [776 bytes]","args":[{"enterText":"TB","selector":{"id":"application-manageconditionprice-display-component---conditions--smartFilterBar-filterItemControl_BASIC-BILL_TYPES-valueHelpDialog-smartFilterBar-btnBasicSearch","searchOpenDialogs":true,"interaction":{"idSuffix":"I"}},"clearTextFirst":true,"interactionType":"ENTER_TEXT"}]}
RESULT: {}
RESULT: {"script":"<script> [776 bytes]","args":[{"enterText":"TB","selector":{"id":"application-manageconditionprice-display-component---conditions--smartFilterBar-filterItemControl_BASIC-BILL_TYPES-valueHelpDialog-smartFilterBar-btnBasicSearch","searchOpenDialogs":true,"interaction":{"idSuffix":"I"}},"clearTextFirst":true,"interactionType":"ENTER_TEXT"}]}
COMMAND: POST /session/d392767a950b32be403e8af6fd22bfea/actions - {"actions":[{"id":"action66","type":"key","parameters":{},"actions":[{"type":"keyDown","value":"î€‡"},{"type":"pause","duration":10},{"type":"keyUp","value":"î€‡"}]}]}
RESULT: {"actions":[{"id":"action66","type":"key","parameters":{},"actions":[{"type":"keyDown","value":"î€‡"},{"type":"pause","duration":10},{"type":"keyUp","value":"î€‡"}]}]}
COMMAND: GET /session/d392767a950b32be403e8af6fd22bfea/screenshot - {}
RESULT: {}
COMMAND: POST /session/d392767a950b32be403e8af6fd22bfea/element - {"using":"xpath","value":"//div[contains(@id, 'application-manageconditionprice-display-component---conditions--smartFilterBar-filterItemControl_BASIC-BILL_TYPES-valueHelpDialog-table-rowsel0')]"}
RESULT: {"using":"xpath","value":"//div[contains(@id, 'application-manageconditionprice-display-component---conditions--smartFilterBar-filterItemControl_BASIC-BILL_TYPES-valueHelpDialog-table-rowsel0')]"}
COMMAND: POST /session/d392767a950b32be403e8af6fd22bfea/element/f.609CE4280A85363DBD46210BE265599D.d.655351C17B513A5FFEE3A4588D97A3A4.e.13755/click - {}
RESULT: {}
COMMAND: GET /session/d392767a950b32be403e8af6fd22bfea/screenshot - {}
RESULT: {}
COMMAND: POST /session/d392767a950b32be403e8af6fd22bfea/element - {"using":"xpath","value":"//bdi[contains(text(), \"OK\")]"}
RESULT: {"using":"xpath","value":"//bdi[contains(text(), \"OK\")]"}
COMMAND: POST /session/d392767a950b32be403e8af6fd22bfea/element/f.609CE4280A85363DBD46210BE265599D.d.655351C17B513A5FFEE3A4588D97A3A4.e.13757/click - {}
RESULT: {}
COMMAND: GET /session/d392767a950b32be403e8af6fd22bfea/screenshot - {}
RESULT: {}
COMMAND: POST /session/d392767a950b32be403e8af6fd22bfea/element - {"using":"xpath","value":"//span[@id=\"application-manageconditionprice-display-component---conditions--smartTable-header-inner\"]"}
RESULT: {"using":"xpath","value":"//span[@id=\"application-manageconditionprice-display-component---conditions--smartTable-header-inner\"]"}
COMMAND: POST /session/d392767a950b32be403e8af6fd22bfea/elements - {"using":"xpath","value":"//span[@id=\"application-manageconditionprice-display-component---conditions--smartTable-header-inner\"]"}
RESULT: {"using":"xpath","value":"//span[@id=\"application-manageconditionprice-display-component---conditions--smartTable-header-inner\"]"}
COMMAND: POST /session/d392767a950b32be403e8af6fd22bfea/execute/sync - {"script":"<script> [56 bytes]","args":[{"element-6066-11e4-a52e-4f735466cecf":"f.609CE4280A85363DBD46210BE265599D.d.655351C17B513A5FFEE3A4588D97A3A4.e.13760","ELEMENT":"f.609CE4280A85363DBD46210BE265599D.d.655351C17B513A5FFEE3A4588D97A3A4.e.13760"}]}
RESULT: {"script":"<script> [56 bytes]","args":[{"element-6066-11e4-a52e-4f735466cecf":"f.609CE4280A85363DBD46210BE265599D.d.655351C17B513A5FFEE3A4588D97A3A4.e.13760","ELEMENT":"f.609CE4280A85363DBD46210BE265599D.d.655351C17B513A5FFEE3A4588D97A3A4.e.13760"}]}
COMMAND: POST /session/d392767a950b32be403e8af6fd22bfea/element - {"using":"css selector","value":"#shell-header-logo"}
COMMAND: GET /session/d392767a950b32be403e8af6fd22bfea/screenshot - {}
RESULT: {"using":"css selector","value":"#shell-header-logo"}
COMMAND: POST /session/d392767a950b32be403e8af6fd22bfea/element/f.609CE4280A85363DBD46210BE265599D.d.655351C17B513A5FFEE3A4588D97A3A4.e.13480/click - {}
RESULT: {}
RESULT: {}
COMMAND: GET /session/d392767a950b32be403e8af6fd22bfea/screenshot - {}
RESULT: {}
]]></system-out>
    </testcase>
  </testsuite>
</testsuites>