<?xml version="1.0" encoding="UTF-8"?>
<testsuites tests="17" failures="15" errors="15" skipped="0">
  <testsuite timestamp="2025-05-12T15:23:29" time="67.657" tests="2" failures="0" errors="0" skipped="0">
    <properties>
      <property name="specId" value="0" />
      <property name="suiteName" value="Assign the user test user id to an address" />
      <property name="capabilities" value="chrome.136_0_7103_49.windows" />
      <property name="file" value="file:///D:/a/1/s/test/specs/R2C/assign-user-id-to-an-address.spec.js" />
    </properties>
    <testcase classname="chrome.136_0_7103_49.windows.Assign_the_user_test_user_id_to_an_address" name="Should search for test1ETM create only if not present" time="9.398">
      <system-out><![CDATA[
COMMAND: POST /session/79feb9f5a5e8091086d599055d0e95ef/execute/async - {"script":"<script> [1562 bytes]","args":[{"selector":{"id":"application-addressmanagement-display-component---masterAdm--smartFilterBar-filterItemControl_BASIC-NAME-vhi"},"wdio_ui5_key":"applicationaddressmanagement-display-component---masterAdm--smartFilterBar-filterItemControl_BASIC-NAME-vhi"}]}
RESULT: {"script":"<script> [1562 bytes]","args":[{"selector":{"id":"application-addressmanagement-display-component---masterAdm--smartFilterBar-filterItemControl_BASIC-NAME-vhi"},"wdio_ui5_key":"applicationaddressmanagement-display-component---masterAdm--smartFilterBar-filterItemControl_BASIC-NAME-vhi"}]}
RESULT: undefined
COMMAND: POST /session/79feb9f5a5e8091086d599055d0e95ef/element - {"using":"xpath","value":"//*[@id=\"application-addressmanagement-display-component---masterAdm--smartFilterBar-filterItemControl_BASIC-NAME-vhi\"]"}
RESULT: {"using":"xpath","value":"//*[@id=\"application-addressmanagement-display-component---masterAdm--smartFilterBar-filterItemControl_BASIC-NAME-vhi\"]"}
COMMAND: POST /session/79feb9f5a5e8091086d599055d0e95ef/element/f.5B6736DD95B8D8CBF044C2F7CCDB741A.d.A7DDB95B0BFC75A08C721560D68370FB.e.295/click - {}
RESULT: {}
COMMAND: POST /session/79feb9f5a5e8091086d599055d0e95ef/execute/async - {"script":"<script> [1562 bytes]","args":[{"selector":{"controlType":"sap.m.Input","viewName":"etm.portal.ui.addressmanagement.view.Master","viewId":"application-addressmanagement-display-component---masterAdm","properties":{"valueState":"None"},"searchOpenDialogs":true,"interaction":{"idSuffix":"inner"}},"wdio_ui5_key":"etmportal.ui.addressmanagement.view.Mastersap.m.Input{\"valueState\":\"None\"}"}]}
COMMAND: GET /session/79feb9f5a5e8091086d599055d0e95ef/screenshot - {}
RESULT: {"script":"<script> [1562 bytes]","args":[{"selector":{"controlType":"sap.m.Input","viewName":"etm.portal.ui.addressmanagement.view.Master","viewId":"application-addressmanagement-display-component---masterAdm","properties":{"valueState":"None"},"searchOpenDialogs":true,"interaction":{"idSuffix":"inner"}},"wdio_ui5_key":"etmportal.ui.addressmanagement.view.Mastersap.m.Input{\"valueState\":\"None\"}"}]}
RESULT: undefined
COMMAND: POST /session/79feb9f5a5e8091086d599055d0e95ef/execute/async - {"script":"<script> [776 bytes]","args":[{"enterText":"Test1ETM","selector":{"controlType":"sap.m.Input","viewName":"etm.portal.ui.addressmanagement.view.Master","viewId":"application-addressmanagement-display-component---masterAdm","properties":{"valueState":"None"},"searchOpenDialogs":true,"interaction":{"idSuffix":"inner"}},"clearTextFirst":true,"interactionType":"ENTER_TEXT"}]}
RESULT: {}
RESULT: {"script":"<script> [776 bytes]","args":[{"enterText":"Test1ETM","selector":{"controlType":"sap.m.Input","viewName":"etm.portal.ui.addressmanagement.view.Master","viewId":"application-addressmanagement-display-component---masterAdm","properties":{"valueState":"None"},"searchOpenDialogs":true,"interaction":{"idSuffix":"inner"}},"clearTextFirst":true,"interactionType":"ENTER_TEXT"}]}
COMMAND: POST /session/79feb9f5a5e8091086d599055d0e95ef/actions - {"actions":[{"id":"action1","type":"key","parameters":{},"actions":[{"type":"keyDown","value":"î€‡"},{"type":"pause","duration":10},{"type":"keyUp","value":"î€‡"}]}]}
RESULT: {"actions":[{"id":"action1","type":"key","parameters":{},"actions":[{"type":"keyDown","value":"î€‡"},{"type":"pause","duration":10},{"type":"keyUp","value":"î€‡"}]}]}
COMMAND: POST /session/79feb9f5a5e8091086d599055d0e95ef/execute/async - {"script":"<script> [1562 bytes]","args":[{"selector":{"id":"application-addressmanagement-display-component---masterAdm--smartFilterBar-filterItemControl_BASIC-NAME-valueHelpDialog-ok","searchOpenDialogs":true,"interaction":{"idSuffix":"BDI-content"}},"wdio_ui5_key":"applicationaddressmanagement-display-component---masterAdm--smartFilterBar-filterItemControl_BASIC-NAME-valueHelpDialog-ok"}]}
COMMAND: GET /session/79feb9f5a5e8091086d599055d0e95ef/screenshot - {}
RESULT: {"script":"<script> [1562 bytes]","args":[{"selector":{"id":"application-addressmanagement-display-component---masterAdm--smartFilterBar-filterItemControl_BASIC-NAME-valueHelpDialog-ok","searchOpenDialogs":true,"interaction":{"idSuffix":"BDI-content"}},"wdio_ui5_key":"applicationaddressmanagement-display-component---masterAdm--smartFilterBar-filterItemControl_BASIC-NAME-valueHelpDialog-ok"}]}
RESULT: undefined
COMMAND: POST /session/79feb9f5a5e8091086d599055d0e95ef/element - {"using":"xpath","value":"//*[@id=\"application-addressmanagement-display-component---masterAdm--smartFilterBar-filterItemControl_BASIC-NAME-valueHelpDialog-ok\"]"}
RESULT: {}
RESULT: {"using":"xpath","value":"//*[@id=\"application-addressmanagement-display-component---masterAdm--smartFilterBar-filterItemControl_BASIC-NAME-valueHelpDialog-ok\"]"}
COMMAND: POST /session/79feb9f5a5e8091086d599055d0e95ef/element/f.5B6736DD95B8D8CBF044C2F7CCDB741A.d.A7DDB95B0BFC75A08C721560D68370FB.e.303/click - {}
RESULT: {}
COMMAND: GET /session/79feb9f5a5e8091086d599055d0e95ef/screenshot - {}
RESULT: {}
COMMAND: POST /session/79feb9f5a5e8091086d599055d0e95ef/element - {"using":"xpath","value":"(//span[text()=\"Active\"])[1]"}
RESULT: {"using":"xpath","value":"(//span[text()=\"Active\"])[1]"}
COMMAND: POST /session/79feb9f5a5e8091086d599055d0e95ef/elements - {"using":"xpath","value":"(//span[text()=\"Active\"])[1]"}
RESULT: {"using":"xpath","value":"(//span[text()=\"Active\"])[1]"}
COMMAND: POST /session/79feb9f5a5e8091086d599055d0e95ef/execute/sync - {"script":"<script> [8489 bytes]","args":[{"element-6066-11e4-a52e-4f735466cecf":"f.5B6736DD95B8D8CBF044C2F7CCDB741A.d.A7DDB95B0BFC75A08C721560D68370FB.e.323","ELEMENT":"f.5B6736DD95B8D8CBF044C2F7CCDB741A.d.A7DDB95B0BFC75A08C721560D68370FB.e.323"}]}
RESULT: {"script":"<script> [8489 bytes]","args":[{"element-6066-11e4-a52e-4f735466cecf":"f.5B6736DD95B8D8CBF044C2F7CCDB741A.d.A7DDB95B0BFC75A08C721560D68370FB.e.323","ELEMENT":"f.5B6736DD95B8D8CBF044C2F7CCDB741A.d.A7DDB95B0BFC75A08C721560D68370FB.e.323"}]}
COMMAND: POST /session/79feb9f5a5e8091086d599055d0e95ef/execute/sync - {"script":"<script> [5351 bytes]","args":[{"element-6066-11e4-a52e-4f735466cecf":"f.5B6736DD95B8D8CBF044C2F7CCDB741A.d.A7DDB95B0BFC75A08C721560D68370FB.e.323","ELEMENT":"f.5B6736DD95B8D8CBF044C2F7CCDB741A.d.A7DDB95B0BFC75A08C721560D68370FB.e.323"}]}
COMMAND: GET /session/79feb9f5a5e8091086d599055d0e95ef/screenshot - {}
RESULT: {"script":"<script> [5351 bytes]","args":[{"element-6066-11e4-a52e-4f735466cecf":"f.5B6736DD95B8D8CBF044C2F7CCDB741A.d.A7DDB95B0BFC75A08C721560D68370FB.e.323","ELEMENT":"f.5B6736DD95B8D8CBF044C2F7CCDB741A.d.A7DDB95B0BFC75A08C721560D68370FB.e.323"}]}
COMMAND: POST /session/79feb9f5a5e8091086d599055d0e95ef/element/f.5B6736DD95B8D8CBF044C2F7CCDB741A.d.A7DDB95B0BFC75A08C721560D68370FB.e.323/click - {}
COMMAND: GET /session/79feb9f5a5e8091086d599055d0e95ef/screenshot - {}
RESULT: {}
RESULT: {}
COMMAND: POST /session/79feb9f5a5e8091086d599055d0e95ef/element - {"using":"xpath","value":"//span[@id=\"application-addressmanagement-display-component---detailAdm--addressDetailDetailsName1\"]"}
COMMAND: GET /session/79feb9f5a5e8091086d599055d0e95ef/screenshot - {}
RESULT: {}
RESULT: {"using":"xpath","value":"//span[@id=\"application-addressmanagement-display-component---detailAdm--addressDetailDetailsName1\"]"}
COMMAND: POST /session/79feb9f5a5e8091086d599055d0e95ef/execute/sync - {"script":"<script> [8489 bytes]","args":[{"element-6066-11e4-a52e-4f735466cecf":"f.5B6736DD95B8D8CBF044C2F7CCDB741A.d.A7DDB95B0BFC75A08C721560D68370FB.e.404","ELEMENT":"f.5B6736DD95B8D8CBF044C2F7CCDB741A.d.A7DDB95B0BFC75A08C721560D68370FB.e.404"}]}
RESULT: {}
RESULT: {"script":"<script> [8489 bytes]","args":[{"element-6066-11e4-a52e-4f735466cecf":"f.5B6736DD95B8D8CBF044C2F7CCDB741A.d.A7DDB95B0BFC75A08C721560D68370FB.e.404","ELEMENT":"f.5B6736DD95B8D8CBF044C2F7CCDB741A.d.A7DDB95B0BFC75A08C721560D68370FB.e.404"}]}
]]></system-out>
    </testcase>
    <testcase classname="chrome.136_0_7103_49.windows.Assign_the_user_test_user_id_to_an_address" name="Should edit the title of the created found address" time="11.433">
      <system-out><![CDATA[
COMMAND: POST /session/79feb9f5a5e8091086d599055d0e95ef/execute/async - {"script":"<script> [1562 bytes]","args":[{"selector":{"controlType":"sap.m.Button","viewName":"etm.portal.ui.addressmanagement.view.Detail","viewId":"application-addressmanagement-display-component---detailAdm","i18NText":{"propertyName":"text","key":"edit"}},"wdio_ui5_key":"etmportal.ui.addressmanagement.view.Detailsap.m.Button{\"propertyName\":\"text\",\"key\":\"edit\"}"}]}
COMMAND: GET /session/79feb9f5a5e8091086d599055d0e95ef/screenshot - {}
RESULT: {"script":"<script> [1562 bytes]","args":[{"selector":{"controlType":"sap.m.Button","viewName":"etm.portal.ui.addressmanagement.view.Detail","viewId":"application-addressmanagement-display-component---detailAdm","i18NText":{"propertyName":"text","key":"edit"}},"wdio_ui5_key":"etmportal.ui.addressmanagement.view.Detailsap.m.Button{\"propertyName\":\"text\",\"key\":\"edit\"}"}]}
RESULT: undefined
COMMAND: POST /session/79feb9f5a5e8091086d599055d0e95ef/element - {"using":"xpath","value":"//*[@id=\"__button16\"]"}
RESULT: {}
RESULT: {"using":"xpath","value":"//*[@id=\"__button16\"]"}
COMMAND: POST /session/79feb9f5a5e8091086d599055d0e95ef/element/f.5B6736DD95B8D8CBF044C2F7CCDB741A.d.A7DDB95B0BFC75A08C721560D68370FB.e.412/click - {}
RESULT: {}
COMMAND: POST /session/79feb9f5a5e8091086d599055d0e95ef/execute/async - {"script":"<script> [1562 bytes]","args":[{"selector":{"controlType":"sap.ui.core.Icon","viewName":"etm.portal.ui.addressmanagement.view.EditDetail","properties":{"src":{"regex":{"source":"slim\\-arrow\\-down"}}},"ancestor":{"id":"addressTitle","viewName":"etm.portal.ui.addressmanagement.view.EditDetail"}},"wdio_ui5_key":"etmportal.ui.addressmanagement.view.EditDetailsap.ui.core.Icon{\"src\":{\"regex\":{\"source\":\"slim\\\\-arrow\\\\-down\"}}}{\"id\":\"addressTitle\",\"viewName\":\"etm.portal.ui.addressmanagement.view.EditDetail\"}"}]}
COMMAND: GET /session/79feb9f5a5e8091086d599055d0e95ef/screenshot - {}
RESULT: {"script":"<script> [1562 bytes]","args":[{"selector":{"controlType":"sap.ui.core.Icon","viewName":"etm.portal.ui.addressmanagement.view.EditDetail","properties":{"src":{"regex":{"source":"slim\\-arrow\\-down"}}},"ancestor":{"id":"addressTitle","viewName":"etm.portal.ui.addressmanagement.view.EditDetail"}},"wdio_ui5_key":"etmportal.ui.addressmanagement.view.EditDetailsap.ui.core.Icon{\"src\":{\"regex\":{\"source\":\"slim\\\\-arrow\\\\-down\"}}}{\"id\":\"addressTitle\",\"viewName\":\"etm.portal.ui.addressmanagement.view.EditDetail\"}"}]}
RESULT: undefined
COMMAND: POST /session/79feb9f5a5e8091086d599055d0e95ef/element - {"using":"xpath","value":"//*[@id=\"__xmlview58--addressTitle-arrow\"]"}
RESULT: {}
RESULT: {"using":"xpath","value":"//*[@id=\"__xmlview58--addressTitle-arrow\"]"}
COMMAND: POST /session/79feb9f5a5e8091086d599055d0e95ef/element/f.5B6736DD95B8D8CBF044C2F7CCDB741A.d.A7DDB95B0BFC75A08C721560D68370FB.e.456/click - {}
RESULT: {}
COMMAND: POST /session/79feb9f5a5e8091086d599055d0e95ef/execute/async - {"script":"<script> [1562 bytes]","args":[{"selector":{"controlType":"sap.m.StandardListItem","viewName":"etm.portal.ui.addressmanagement.view.EditDetail","properties":{"title":"Dr."},"searchOpenDialogs":true},"wdio_ui5_key":"etmportal.ui.addressmanagement.view.EditDetailsap.m.StandardListItem{\"title\":\"Dr.\"}"}]}
COMMAND: GET /session/79feb9f5a5e8091086d599055d0e95ef/screenshot - {}
RESULT: {"script":"<script> [1562 bytes]","args":[{"selector":{"controlType":"sap.m.StandardListItem","viewName":"etm.portal.ui.addressmanagement.view.EditDetail","properties":{"title":"Dr."},"searchOpenDialogs":true},"wdio_ui5_key":"etmportal.ui.addressmanagement.view.EditDetailsap.m.StandardListItem{\"title\":\"Dr.\"}"}]}
RESULT: undefined
COMMAND: POST /session/79feb9f5a5e8091086d599055d0e95ef/element - {"using":"xpath","value":"//*[@id=\"__item219\"]"}
RESULT: {}
RESULT: {"using":"xpath","value":"//*[@id=\"__item219\"]"}
COMMAND: POST /session/79feb9f5a5e8091086d599055d0e95ef/element/f.5B6736DD95B8D8CBF044C2F7CCDB741A.d.A7DDB95B0BFC75A08C721560D68370FB.e.458/click - {}
RESULT: {}
COMMAND: POST /session/79feb9f5a5e8091086d599055d0e95ef/execute/async - {"script":"<script> [1562 bytes]","args":[{"selector":{"controlType":"sap.m.Button","viewName":"etm.portal.ui.addressmanagement.view.EditDetail","i18NText":{"propertyName":"text","key":"save"}},"wdio_ui5_key":"etmportal.ui.addressmanagement.view.EditDetailsap.m.Button{\"propertyName\":\"text\",\"key\":\"save\"}"}]}
COMMAND: GET /session/79feb9f5a5e8091086d599055d0e95ef/screenshot - {}
RESULT: {"script":"<script> [1562 bytes]","args":[{"selector":{"controlType":"sap.m.Button","viewName":"etm.portal.ui.addressmanagement.view.EditDetail","i18NText":{"propertyName":"text","key":"save"}},"wdio_ui5_key":"etmportal.ui.addressmanagement.view.EditDetailsap.m.Button{\"propertyName\":\"text\",\"key\":\"save\"}"}]}
RESULT: undefined
COMMAND: POST /session/79feb9f5a5e8091086d599055d0e95ef/element - {"using":"xpath","value":"//*[@id=\"__button37\"]"}
RESULT: {}
RESULT: {"using":"xpath","value":"//*[@id=\"__button37\"]"}
COMMAND: POST /session/79feb9f5a5e8091086d599055d0e95ef/element/f.5B6736DD95B8D8CBF044C2F7CCDB741A.d.A7DDB95B0BFC75A08C721560D68370FB.e.459/click - {}
RESULT: {}
COMMAND: GET /session/79feb9f5a5e8091086d599055d0e95ef/screenshot - {}
RESULT: {}
COMMAND: POST /session/79feb9f5a5e8091086d599055d0e95ef/element - {"using":"xpath","value":"//span[@id=\"application-addressmanagement-display-component---detailAdm--addressTitle\"]"}
RESULT: {"using":"xpath","value":"//span[@id=\"application-addressmanagement-display-component---detailAdm--addressTitle\"]"}
COMMAND: GET /session/79feb9f5a5e8091086d599055d0e95ef/element/f.5B6736DD95B8D8CBF044C2F7CCDB741A.d.A7DDB95B0BFC75A08C721560D68370FB.e.471/text - {}
RESULT: {}
COMMAND: POST /session/79feb9f5a5e8091086d599055d0e95ef/element - {"using":"xpath","value":"//span[@id=\"application-addressmanagement-display-component---detailAdm--addressDetailDetailsName1\"]"}
RESULT: {"using":"xpath","value":"//span[@id=\"application-addressmanagement-display-component---detailAdm--addressDetailDetailsName1\"]"}
COMMAND: GET /session/79feb9f5a5e8091086d599055d0e95ef/element/f.5B6736DD95B8D8CBF044C2F7CCDB741A.d.A7DDB95B0BFC75A08C721560D68370FB.e.404/text - {}
RESULT: {}
COMMAND: POST /session/79feb9f5a5e8091086d599055d0e95ef/refresh - {}
RESULT: {}
COMMAND: GET /session/79feb9f5a5e8091086d599055d0e95ef/screenshot - {}
RESULT: {}
COMMAND: POST /session/79feb9f5a5e8091086d599055d0e95ef/refresh - {}
RESULT: {}
COMMAND: GET /session/79feb9f5a5e8091086d599055d0e95ef/screenshot - {}
RESULT: {}
COMMAND: POST /session/79feb9f5a5e8091086d599055d0e95ef/window/fullscreen - {}
RESULT: {}
COMMAND: POST /session/79feb9f5a5e8091086d599055d0e95ef/execute/async - {"script":"<script> [189 bytes]","args":[]}
RESULT: {"script":"<script> [189 bytes]","args":[]}
COMMAND: POST /session/79feb9f5a5e8091086d599055d0e95ef/execute/async - {"script":"<script> [123 bytes]","args":[]}
RESULT: {"script":"<script> [123 bytes]","args":[]}
COMMAND: POST /session/79feb9f5a5e8091086d599055d0e95ef/timeouts - {"script":"<number>"}
RESULT: {"script":"<number>"}
COMMAND: GET /session/79feb9f5a5e8091086d599055d0e95ef/timeouts - {}
RESULT: {}
RESULT: undefined
COMMAND: POST /session/79feb9f5a5e8091086d599055d0e95ef/execute/async - {"script":"<script> [2676 bytes]","args":[]}
RESULT: {"script":"<script> [2676 bytes]","args":[]}
COMMAND: POST /session/79feb9f5a5e8091086d599055d0e95ef/execute/async - {"script":"<script> [2342 bytes]","args":[{"protocol":"http","hostname":"0.0.0.0","path":"/","capabilities":{"browserName":"chrome","goog:chromeOptions":{"binary":"C:\\Program Files\\Google\\Chrome\\Application\\chrome.exe","args":["--start-maximized"]}},"logLevel":"warn","connectionRetryTimeout":120000,"connectionRetryCount":3,"logLevels":{},"enableDirectConnect":true,"strictSSL":true,"_":"65 more keys: [\"cacheDir\",\"port\",\"requestedCapabilities\",\"automationProtocol\",\"baseUrl\",\"waitforInterval\",\"waitforTimeout\",\"onReload\",\"beforeCommand\",\"afterCommand\",\"rootDir\",\"specs\",\"suites\",\"exclude\",\"groupLogsByTestSpec\",\"excludeDriverLogs\",\"bail\",\"framework\",\"reporters\",\"services\",\"maxInstances\",\"maxInstancesPerCapability\",\"injectGlobals\",\"filesToWatch\",\"execArgv\",\"runnerEnv\",\"runner\",\"shard\",\"specFileRetries\",\"specFileRetriesDelay\",\"specFileRetriesDeferred\",\"reporterSyncInterval\",\"reporterSyncTimeout\",\"cucumberFeaturesWithLineNumbers\",\"autoCompileOpts\",\"mochaOpts\",\"jasmineOpts\",\"cucumberOpts\",\"onPrepare\",\"onWorkerStart\",\"onWorkerEnd\",\"before\",\"beforeSession\",\"beforeSuite\",\"beforeHook\",\"beforeTest\",\"afterTest\",\"afterHook\",\"afterSuite\",\"afterSession\",\"after\",\"onComplete\",\"beforeAssertion\",\"afterAssertion\",\"beforeFeature\",\"beforeScenario\",\"beforeStep\",\"afterStep\",\"afterScenario\",\"afterFeature\",\"_\",\"suite\",\"$0\",\"ignoredWorkerServices\",\"wdi5\"]"}]}
RESULT: {"script":"<script> [2342 bytes]","args":[{"protocol":"http","hostname":"0.0.0.0","path":"/","capabilities":{"browserName":"chrome","goog:chromeOptions":{"binary":"C:\\Program Files\\Google\\Chrome\\Application\\chrome.exe","args":["--start-maximized"]}},"logLevel":"warn","connectionRetryTimeout":120000,"connectionRetryCount":3,"logLevels":{},"enableDirectConnect":true,"strictSSL":true,"_":"65 more keys: [\"cacheDir\",\"port\",\"requestedCapabilities\",\"automationProtocol\",\"baseUrl\",\"waitforInterval\",\"waitforTimeout\",\"onReload\",\"beforeCommand\",\"afterCommand\",\"rootDir\",\"specs\",\"suites\",\"exclude\",\"groupLogsByTestSpec\",\"excludeDriverLogs\",\"bail\",\"framework\",\"reporters\",\"services\",\"maxInstances\",\"maxInstancesPerCapability\",\"injectGlobals\",\"filesToWatch\",\"execArgv\",\"runnerEnv\",\"runner\",\"shard\",\"specFileRetries\",\"specFileRetriesDelay\",\"specFileRetriesDeferred\",\"reporterSyncInterval\",\"reporterSyncTimeout\",\"cucumberFeaturesWithLineNumbers\",\"autoCompileOpts\",\"mochaOpts\",\"jasmineOpts\",\"cucumberOpts\",\"onPrepare\",\"onWorkerStart\",\"onWorkerEnd\",\"before\",\"beforeSession\",\"beforeSuite\",\"beforeHook\",\"beforeTest\",\"afterTest\",\"afterHook\",\"afterSuite\",\"afterSession\",\"after\",\"onComplete\",\"beforeAssertion\",\"afterAssertion\",\"beforeFeature\",\"beforeScenario\",\"beforeStep\",\"afterStep\",\"afterScenario\",\"afterFeature\",\"_\",\"suite\",\"$0\",\"ignoredWorkerServices\",\"wdi5\"]"}]}
COMMAND: POST /session/79feb9f5a5e8091086d599055d0e95ef/execute/async - {"script":"<script> [21126 bytes]","args":[35000]}
RESULT: {"script":"<script> [21126 bytes]","args":[35000]}
COMMAND: POST /session/79feb9f5a5e8091086d599055d0e95ef/element - {"using":"css selector","value":"#shell-header-logo"}
RESULT: {"using":"css selector","value":"#shell-header-logo"}
COMMAND: POST /session/79feb9f5a5e8091086d599055d0e95ef/element/f.5B6736DD95B8D8CBF044C2F7CCDB741A.d.B117A31951D957D1A2E04EF49DD862CF.e.887/click - {}
COMMAND: POST /session/79feb9f5a5e8091086d599055d0e95ef/element - {"using":"css selector","value":"#j_username"}
COMMAND: POST /session/79feb9f5a5e8091086d599055d0e95ef/url - {"url":"https://qa-testing-00-live-etm-ui.cfapps.eu10-004.hana.ondemand.com/"}
RESULT: {"using":"css selector","value":"#j_username"}
COMMAND: POST /session/79feb9f5a5e8091086d599055d0e95ef/element - {"using":"css selector","value":"#j_username"}
RESULT: {"url":"https://qa-testing-00-live-etm-ui.cfapps.eu10-004.hana.ondemand.com/"}
RESULT: undefined
COMMAND: GET /session/79feb9f5a5e8091086d599055d0e95ef/screenshot - {}
RESULT: {"using":"css selector","value":"#j_username"}
COMMAND: POST /session/79feb9f5a5e8091086d599055d0e95ef/element - {"using":"css selector","value":"#shell-header-logo"}
RESULT: {}
RESULT: {"using":"css selector","value":"#shell-header-logo"}
COMMAND: POST /session/79feb9f5a5e8091086d599055d0e95ef/execute/sync - {"script":"<script> [8489 bytes]","args":[{"element-6066-11e4-a52e-4f735466cecf":"f.5B6736DD95B8D8CBF044C2F7CCDB741A.d.C022749E5368EE3AA1B3F898804A987A.e.1075","ELEMENT":"f.5B6736DD95B8D8CBF044C2F7CCDB741A.d.C022749E5368EE3AA1B3F898804A987A.e.1075"}]}
RESULT: {"script":"<script> [8489 bytes]","args":[{"element-6066-11e4-a52e-4f735466cecf":"f.5B6736DD95B8D8CBF044C2F7CCDB741A.d.C022749E5368EE3AA1B3F898804A987A.e.1075","ELEMENT":"f.5B6736DD95B8D8CBF044C2F7CCDB741A.d.C022749E5368EE3AA1B3F898804A987A.e.1075"}]}
COMMAND: POST /session/79feb9f5a5e8091086d599055d0e95ef/element - {"using":"css selector","value":"#shell-header-logo"}
COMMAND: GET /session/79feb9f5a5e8091086d599055d0e95ef/screenshot - {}
RESULT: {"using":"css selector","value":"#shell-header-logo"}
COMMAND: POST /session/79feb9f5a5e8091086d599055d0e95ef/execute/sync - {"script":"<script> [8489 bytes]","args":[{"element-6066-11e4-a52e-4f735466cecf":"f.5B6736DD95B8D8CBF044C2F7CCDB741A.d.C022749E5368EE3AA1B3F898804A987A.e.1075","ELEMENT":"f.5B6736DD95B8D8CBF044C2F7CCDB741A.d.C022749E5368EE3AA1B3F898804A987A.e.1075"}]}
RESULT: {}
RESULT: {"script":"<script> [8489 bytes]","args":[{"element-6066-11e4-a52e-4f735466cecf":"f.5B6736DD95B8D8CBF044C2F7CCDB741A.d.C022749E5368EE3AA1B3F898804A987A.e.1075","ELEMENT":"f.5B6736DD95B8D8CBF044C2F7CCDB741A.d.C022749E5368EE3AA1B3F898804A987A.e.1075"}]}
COMMAND: POST /session/79feb9f5a5e8091086d599055d0e95ef/execute/sync - {"script":"<script> [5351 bytes]","args":[{"element-6066-11e4-a52e-4f735466cecf":"f.5B6736DD95B8D8CBF044C2F7CCDB741A.d.C022749E5368EE3AA1B3F898804A987A.e.1075","ELEMENT":"f.5B6736DD95B8D8CBF044C2F7CCDB741A.d.C022749E5368EE3AA1B3F898804A987A.e.1075"}]}
COMMAND: GET /session/79feb9f5a5e8091086d599055d0e95ef/screenshot - {}
RESULT: {"script":"<script> [5351 bytes]","args":[{"element-6066-11e4-a52e-4f735466cecf":"f.5B6736DD95B8D8CBF044C2F7CCDB741A.d.C022749E5368EE3AA1B3F898804A987A.e.1075","ELEMENT":"f.5B6736DD95B8D8CBF044C2F7CCDB741A.d.C022749E5368EE3AA1B3F898804A987A.e.1075"}]}
COMMAND: POST /session/79feb9f5a5e8091086d599055d0e95ef/element - {"using":"css selector","value":"#shell-header-logo"}
COMMAND: GET /session/79feb9f5a5e8091086d599055d0e95ef/screenshot - {}
RESULT: {}
RESULT: {"using":"css selector","value":"#shell-header-logo"}
COMMAND: POST /session/79feb9f5a5e8091086d599055d0e95ef/element/f.5B6736DD95B8D8CBF044C2F7CCDB741A.d.C022749E5368EE3AA1B3F898804A987A.e.1075/click - {}
RESULT: {}
RESULT: {}
COMMAND: GET /session/79feb9f5a5e8091086d599055d0e95ef/screenshot - {}
RESULT: {}
COMMAND: POST /session/79feb9f5a5e8091086d599055d0e95ef/execute/async - {"script":"<script> [189 bytes]","args":[]}
RESULT: {"script":"<script> [189 bytes]","args":[]}
COMMAND: POST /session/79feb9f5a5e8091086d599055d0e95ef/execute/async - {"script":"<script> [123 bytes]","args":[]}
RESULT: {"script":"<script> [123 bytes]","args":[]}
COMMAND: POST /session/79feb9f5a5e8091086d599055d0e95ef/timeouts - {"script":"<number>"}
RESULT: {"script":"<number>"}
COMMAND: GET /session/79feb9f5a5e8091086d599055d0e95ef/timeouts - {}
RESULT: {}
RESULT: undefined
COMMAND: POST /session/79feb9f5a5e8091086d599055d0e95ef/execute/async - {"script":"<script> [2676 bytes]","args":[]}
RESULT: {"script":"<script> [2676 bytes]","args":[]}
COMMAND: POST /session/79feb9f5a5e8091086d599055d0e95ef/execute/async - {"script":"<script> [2342 bytes]","args":[{"protocol":"http","hostname":"0.0.0.0","path":"/","capabilities":{"browserName":"chrome","goog:chromeOptions":{"binary":"C:\\Program Files\\Google\\Chrome\\Application\\chrome.exe","args":["--start-maximized"]}},"logLevel":"warn","connectionRetryTimeout":120000,"connectionRetryCount":3,"logLevels":{},"enableDirectConnect":true,"strictSSL":true,"_":"65 more keys: [\"cacheDir\",\"port\",\"requestedCapabilities\",\"automationProtocol\",\"baseUrl\",\"waitforInterval\",\"waitforTimeout\",\"onReload\",\"beforeCommand\",\"afterCommand\",\"rootDir\",\"specs\",\"suites\",\"exclude\",\"groupLogsByTestSpec\",\"excludeDriverLogs\",\"bail\",\"framework\",\"reporters\",\"services\",\"maxInstances\",\"maxInstancesPerCapability\",\"injectGlobals\",\"filesToWatch\",\"execArgv\",\"runnerEnv\",\"runner\",\"shard\",\"specFileRetries\",\"specFileRetriesDelay\",\"specFileRetriesDeferred\",\"reporterSyncInterval\",\"reporterSyncTimeout\",\"cucumberFeaturesWithLineNumbers\",\"autoCompileOpts\",\"mochaOpts\",\"jasmineOpts\",\"cucumberOpts\",\"onPrepare\",\"onWorkerStart\",\"onWorkerEnd\",\"before\",\"beforeSession\",\"beforeSuite\",\"beforeHook\",\"beforeTest\",\"afterTest\",\"afterHook\",\"afterSuite\",\"afterSession\",\"after\",\"onComplete\",\"beforeAssertion\",\"afterAssertion\",\"beforeFeature\",\"beforeScenario\",\"beforeStep\",\"afterStep\",\"afterScenario\",\"afterFeature\",\"_\",\"suite\",\"$0\",\"ignoredWorkerServices\",\"wdi5\"]"}]}
RESULT: {"script":"<script> [2342 bytes]","args":[{"protocol":"http","hostname":"0.0.0.0","path":"/","capabilities":{"browserName":"chrome","goog:chromeOptions":{"binary":"C:\\Program Files\\Google\\Chrome\\Application\\chrome.exe","args":["--start-maximized"]}},"logLevel":"warn","connectionRetryTimeout":120000,"connectionRetryCount":3,"logLevels":{},"enableDirectConnect":true,"strictSSL":true,"_":"65 more keys: [\"cacheDir\",\"port\",\"requestedCapabilities\",\"automationProtocol\",\"baseUrl\",\"waitforInterval\",\"waitforTimeout\",\"onReload\",\"beforeCommand\",\"afterCommand\",\"rootDir\",\"specs\",\"suites\",\"exclude\",\"groupLogsByTestSpec\",\"excludeDriverLogs\",\"bail\",\"framework\",\"reporters\",\"services\",\"maxInstances\",\"maxInstancesPerCapability\",\"injectGlobals\",\"filesToWatch\",\"execArgv\",\"runnerEnv\",\"runner\",\"shard\",\"specFileRetries\",\"specFileRetriesDelay\",\"specFileRetriesDeferred\",\"reporterSyncInterval\",\"reporterSyncTimeout\",\"cucumberFeaturesWithLineNumbers\",\"autoCompileOpts\",\"mochaOpts\",\"jasmineOpts\",\"cucumberOpts\",\"onPrepare\",\"onWorkerStart\",\"onWorkerEnd\",\"before\",\"beforeSession\",\"beforeSuite\",\"beforeHook\",\"beforeTest\",\"afterTest\",\"afterHook\",\"afterSuite\",\"afterSession\",\"after\",\"onComplete\",\"beforeAssertion\",\"afterAssertion\",\"beforeFeature\",\"beforeScenario\",\"beforeStep\",\"afterStep\",\"afterScenario\",\"afterFeature\",\"_\",\"suite\",\"$0\",\"ignoredWorkerServices\",\"wdi5\"]"}]}
COMMAND: POST /session/79feb9f5a5e8091086d599055d0e95ef/execute/async - {"script":"<script> [21126 bytes]","args":[35000]}
RESULT: {"script":"<script> [21126 bytes]","args":[35000]}
COMMAND: POST /session/79feb9f5a5e8091086d599055d0e95ef/window/maximize - {}
RESULT: {}
COMMAND: POST /session/79feb9f5a5e8091086d599055d0e95ef/execute/async - {"script":"<script> [1562 bytes]","args":[{"selector":{"id":"shell-header","interaction":{"idSuffix":"icon"}},"wdio_ui5_key":"shellheader"}]}
COMMAND: GET /session/79feb9f5a5e8091086d599055d0e95ef/screenshot - {}
RESULT: {"script":"<script> [1562 bytes]","args":[{"selector":{"id":"shell-header","interaction":{"idSuffix":"icon"}},"wdio_ui5_key":"shellheader"}]}
RESULT: undefined
COMMAND: POST /session/79feb9f5a5e8091086d599055d0e95ef/refresh - {}
RESULT: {}
RESULT: {}
COMMAND: GET /session/79feb9f5a5e8091086d599055d0e95ef/screenshot - {}
RESULT: {}
COMMAND: POST /session/79feb9f5a5e8091086d599055d0e95ef/refresh - {}
RESULT: {}
COMMAND: GET /session/79feb9f5a5e8091086d599055d0e95ef/screenshot - {}
RESULT: {}
COMMAND: POST /session/79feb9f5a5e8091086d599055d0e95ef/window/fullscreen - {}
RESULT: {}
COMMAND: POST /session/79feb9f5a5e8091086d599055d0e95ef/execute/async - {"script":"<script> [189 bytes]","args":[]}
RESULT: {"script":"<script> [189 bytes]","args":[]}
COMMAND: POST /session/79feb9f5a5e8091086d599055d0e95ef/execute/async - {"script":"<script> [123 bytes]","args":[]}
RESULT: {"script":"<script> [123 bytes]","args":[]}
COMMAND: POST /session/79feb9f5a5e8091086d599055d0e95ef/timeouts - {"script":"<number>"}
RESULT: {"script":"<number>"}
COMMAND: GET /session/79feb9f5a5e8091086d599055d0e95ef/timeouts - {}
RESULT: {}
RESULT: undefined
COMMAND: POST /session/79feb9f5a5e8091086d599055d0e95ef/execute/async - {"script":"<script> [2676 bytes]","args":[]}
RESULT: {"script":"<script> [2676 bytes]","args":[]}
COMMAND: POST /session/79feb9f5a5e8091086d599055d0e95ef/execute/async - {"script":"<script> [2342 bytes]","args":[{"protocol":"http","hostname":"0.0.0.0","path":"/","capabilities":{"browserName":"chrome","goog:chromeOptions":{"binary":"C:\\Program Files\\Google\\Chrome\\Application\\chrome.exe","args":["--start-maximized"]}},"logLevel":"warn","connectionRetryTimeout":120000,"connectionRetryCount":3,"logLevels":{},"enableDirectConnect":true,"strictSSL":true,"_":"65 more keys: [\"cacheDir\",\"port\",\"requestedCapabilities\",\"automationProtocol\",\"baseUrl\",\"waitforInterval\",\"waitforTimeout\",\"onReload\",\"beforeCommand\",\"afterCommand\",\"rootDir\",\"specs\",\"suites\",\"exclude\",\"groupLogsByTestSpec\",\"excludeDriverLogs\",\"bail\",\"framework\",\"reporters\",\"services\",\"maxInstances\",\"maxInstancesPerCapability\",\"injectGlobals\",\"filesToWatch\",\"execArgv\",\"runnerEnv\",\"runner\",\"shard\",\"specFileRetries\",\"specFileRetriesDelay\",\"specFileRetriesDeferred\",\"reporterSyncInterval\",\"reporterSyncTimeout\",\"cucumberFeaturesWithLineNumbers\",\"autoCompileOpts\",\"mochaOpts\",\"jasmineOpts\",\"cucumberOpts\",\"onPrepare\",\"onWorkerStart\",\"onWorkerEnd\",\"before\",\"beforeSession\",\"beforeSuite\",\"beforeHook\",\"beforeTest\",\"afterTest\",\"afterHook\",\"afterSuite\",\"afterSession\",\"after\",\"onComplete\",\"beforeAssertion\",\"afterAssertion\",\"beforeFeature\",\"beforeScenario\",\"beforeStep\",\"afterStep\",\"afterScenario\",\"afterFeature\",\"_\",\"suite\",\"$0\",\"ignoredWorkerServices\",\"wdi5\"]"}]}
RESULT: {"script":"<script> [2342 bytes]","args":[{"protocol":"http","hostname":"0.0.0.0","path":"/","capabilities":{"browserName":"chrome","goog:chromeOptions":{"binary":"C:\\Program Files\\Google\\Chrome\\Application\\chrome.exe","args":["--start-maximized"]}},"logLevel":"warn","connectionRetryTimeout":120000,"connectionRetryCount":3,"logLevels":{},"enableDirectConnect":true,"strictSSL":true,"_":"65 more keys: [\"cacheDir\",\"port\",\"requestedCapabilities\",\"automationProtocol\",\"baseUrl\",\"waitforInterval\",\"waitforTimeout\",\"onReload\",\"beforeCommand\",\"afterCommand\",\"rootDir\",\"specs\",\"suites\",\"exclude\",\"groupLogsByTestSpec\",\"excludeDriverLogs\",\"bail\",\"framework\",\"reporters\",\"services\",\"maxInstances\",\"maxInstancesPerCapability\",\"injectGlobals\",\"filesToWatch\",\"execArgv\",\"runnerEnv\",\"runner\",\"shard\",\"specFileRetries\",\"specFileRetriesDelay\",\"specFileRetriesDeferred\",\"reporterSyncInterval\",\"reporterSyncTimeout\",\"cucumberFeaturesWithLineNumbers\",\"autoCompileOpts\",\"mochaOpts\",\"jasmineOpts\",\"cucumberOpts\",\"onPrepare\",\"onWorkerStart\",\"onWorkerEnd\",\"before\",\"beforeSession\",\"beforeSuite\",\"beforeHook\",\"beforeTest\",\"afterTest\",\"afterHook\",\"afterSuite\",\"afterSession\",\"after\",\"onComplete\",\"beforeAssertion\",\"afterAssertion\",\"beforeFeature\",\"beforeScenario\",\"beforeStep\",\"afterStep\",\"afterScenario\",\"afterFeature\",\"_\",\"suite\",\"$0\",\"ignoredWorkerServices\",\"wdi5\"]"}]}
COMMAND: POST /session/79feb9f5a5e8091086d599055d0e95ef/execute/async - {"script":"<script> [21126 bytes]","args":[35000]}
RESULT: {"script":"<script> [21126 bytes]","args":[35000]}
]]></system-out>
    </testcase>
  </testsuite>
  <testsuite timestamp="2025-05-12T15:24:36" time="60.513" tests="1" failures="1" errors="1" skipped="0">
    <properties>
      <property name="specId" value="0" />
      <property name="suiteName" value="Create 2 Yards US112496" />
      <property name="capabilities" value="chrome.136_0_7103_49.windows" />
      <property name="file" value="file:///D:/a/1/s/test/specs/R2C/create-yard.spec.js" />
    </properties>
  </testsuite>
  <testsuite timestamp="2025-05-12T15:25:37" time="245.086" tests="4" failures="4" errors="4" skipped="0">
    <properties>
      <property name="specId" value="0" />
      <property name="suiteName" value="Create partner US118246" />
      <property name="capabilities" value="chrome.136_0_7103_49.windows" />
      <property name="file" value="file:///D:/a/1/s/test/specs/BTS/create-partner.spec.js" />
    </properties>
  </testsuite>
  <testsuite timestamp="2025-05-12T15:29:42" time="46.107" tests="1" failures="1" errors="1" skipped="0">
    <properties>
      <property name="specId" value="0" />
      <property name="suiteName" value="Create 2 sites US118246" />
      <property name="capabilities" value="chrome.136_0_7103_49.windows" />
      <property name="file" value="file:///D:/a/1/s/test/specs/R2C/create-site.spec.js" />
    </properties>
  </testsuite>
  <testsuite timestamp="2025-05-12T15:30:28" time="427.473" tests="2" failures="2" errors="2" skipped="0">
    <properties>
      <property name="specId" value="0" />
      <property name="suiteName" value="Create 2 RU material US118246" />
      <property name="capabilities" value="chrome.136_0_7103_49.windows" />
      <property name="file" value="file:///D:/a/1/s/test/specs/R2C/create-material.spec.js" />
    </properties>
  </testsuite>
  <testsuite timestamp="2025-05-12T15:37:35" time="208.996" tests="1" failures="1" errors="1" skipped="0">
    <properties>
      <property name="specId" value="0" />
      <property name="suiteName" value="create-equipment" />
      <property name="capabilities" value="chrome.136_0_7103_49.windows" />
      <property name="file" value="file:///D:/a/1/s/test/specs/R2C/create-equipment.spec.js" />
    </properties>
  </testsuite>
  <testsuite timestamp="2025-05-12T15:41:04" time="5.205" tests="1" failures="1" errors="1" skipped="0">
    <properties>
      <property name="specId" value="0" />
      <property name="suiteName" value="Personnel creation and reference material verification  US120163" />
      <property name="capabilities" value="chrome.136_0_7103_49.windows" />
      <property name="file" value="file:///D:/a/1/s/test/specs/R2C/create-personnel-no-material-reference.spec.js" />
    </properties>
  </testsuite>
  <testsuite timestamp="2025-05-12T15:41:10" time="528.784" tests="5" failures="5" errors="5" skipped="0">
    <properties>
      <property name="specId" value="0" />
      <property name="suiteName" value="Warehouse movements inventory test" />
      <property name="capabilities" value="chrome.136_0_7103_49.windows" />
      <property name="file" value="file:///D:/a/1/s/test/specs/R2C/create-resource.spec.js" />
    </properties>
  </testsuite>
</testsuites>