<?xml version="1.0" encoding="UTF-8"?>
<testsuites tests="6" failures="0" errors="0" skipped="0">
  <testsuite timestamp="2025-05-24T16:30:47" time="1162.457" tests="6" failures="0" errors="0" skipped="0">
    <properties>
      <property name="specId" value="0"/>
      <property name="suiteName" value="RU Inventory Mass State Change Multiple Items US151066"/>
      <property name="capabilities" value="chrome.136_0_7103_93.windows"/>
      <property name="file" value="file:///D:/a/1/s/test/specs/HTR/ru-inv-list-mass-state-change.spec.js"/>
    </properties>
    <testcase classname="chrome.136_0_7103_93.windows.RU_Inventory_Mass_State_Change_Multiple_Items_US151066" name="Step 1 Should do a RU inventory mass state change on chosen yard 109 with the resources available one equipment multipart one tool pool" time="310.342">
      <system-out><![CDATA[
COMMAND: POST /session/a04e8b17cccf81c307ac8c5bdd3012da/execute/async - {"script":"<script> [1562 bytes]","args":[{"selector":{"controlType":"sap.m.GenericTile","properties":{"header":"RU Inventory List"}},"wdio_ui5_key":"sapm.GenericTile{\"header\":\"RU Inventory List\"}"}]}
RESULT: {"script":"<script> [1562 bytes]","args":[{"selector":{"controlType":"sap.m.GenericTile","properties":{"header":"RU Inventory List"}},"wdio_ui5_key":"sapm.GenericTile{\"header\":\"RU Inventory List\"}"}]}
RESULT: undefined
COMMAND: POST /session/a04e8b17cccf81c307ac8c5bdd3012da/element - {"using":"xpath","value":"//*[@id=\"__tile99\"]"}
RESULT: {"using":"xpath","value":"//*[@id=\"__tile99\"]"}
COMMAND: POST /session/a04e8b17cccf81c307ac8c5bdd3012da/element/f.ABFAD7D56B06A6D2CA676A1F0455247C.d.9BD13AE519DEB927D0C848A88E09BC3F.e.258/click - {}
RESULT: {}
COMMAND: GET /session/a04e8b17cccf81c307ac8c5bdd3012da/screenshot - {}
RESULT: {}
COMMAND: POST /session/a04e8b17cccf81c307ac8c5bdd3012da/elements - {"using":"xpath","value":"//span[text()='Error']"}
RESULT: {"using":"xpath","value":"//span[text()='Error']"}
COMMAND: POST /session/a04e8b17cccf81c307ac8c5bdd3012da/element - {"using":"xpath","value":"//button[contains(@id, \"massStateBtn\")]"}
RESULT: {"using":"xpath","value":"//button[contains(@id, \"massStateBtn\")]"}
COMMAND: POST /session/a04e8b17cccf81c307ac8c5bdd3012da/elements - {"using":"xpath","value":"//button[contains(@id, \"massStateBtn\")]"}
RESULT: {"using":"xpath","value":"//button[contains(@id, \"massStateBtn\")]"}
COMMAND: POST /session/a04e8b17cccf81c307ac8c5bdd3012da/elements - {"using":"xpath","value":"//button[contains(@id, \"massStateBtn\")]"}
RESULT: {"using":"xpath","value":"//button[contains(@id, \"massStateBtn\")]"}
COMMAND: POST /session/a04e8b17cccf81c307ac8c5bdd3012da/elements - {"using":"xpath","value":"//button[contains(@id, \"massStateBtn\")]"}
RESULT: {"using":"xpath","value":"//button[contains(@id, \"massStateBtn\")]"}
COMMAND: POST /session/a04e8b17cccf81c307ac8c5bdd3012da/elements - {"using":"xpath","value":"//button[contains(@id, \"massStateBtn\")]"}
RESULT: {"using":"xpath","value":"//button[contains(@id, \"massStateBtn\")]"}
COMMAND: POST /session/a04e8b17cccf81c307ac8c5bdd3012da/elements - {"using":"xpath","value":"//button[contains(@id, \"massStateBtn\")]"}
RESULT: {"using":"xpath","value":"//button[contains(@id, \"massStateBtn\")]"}
COMMAND: POST /session/a04e8b17cccf81c307ac8c5bdd3012da/elements - {"using":"xpath","value":"//button[contains(@id, \"massStateBtn\")]"}
RESULT: {"using":"xpath","value":"//button[contains(@id, \"massStateBtn\")]"}
COMMAND: POST /session/a04e8b17cccf81c307ac8c5bdd3012da/elements - {"using":"xpath","value":"//button[contains(@id, \"massStateBtn\")]"}
RESULT: {"using":"xpath","value":"//button[contains(@id, \"massStateBtn\")]"}
COMMAND: POST /session/a04e8b17cccf81c307ac8c5bdd3012da/elements - {"using":"xpath","value":"//button[contains(@id, \"massStateBtn\")]"}
RESULT: {"using":"xpath","value":"//button[contains(@id, \"massStateBtn\")]"}
COMMAND: POST /session/a04e8b17cccf81c307ac8c5bdd3012da/elements - {"using":"xpath","value":"//button[contains(@id, \"massStateBtn\")]"}
RESULT: {"using":"xpath","value":"//button[contains(@id, \"massStateBtn\")]"}
COMMAND: POST /session/a04e8b17cccf81c307ac8c5bdd3012da/elements - {"using":"xpath","value":"//button[contains(@id, \"massStateBtn\")]"}
RESULT: {"using":"xpath","value":"//button[contains(@id, \"massStateBtn\")]"}
COMMAND: POST /session/a04e8b17cccf81c307ac8c5bdd3012da/elements - {"using":"xpath","value":"//button[contains(@id, \"massStateBtn\")]"}
RESULT: {"using":"xpath","value":"//button[contains(@id, \"massStateBtn\")]"}
COMMAND: POST /session/a04e8b17cccf81c307ac8c5bdd3012da/elements - {"using":"xpath","value":"//button[contains(@id, \"massStateBtn\")]"}
RESULT: {"using":"xpath","value":"//button[contains(@id, \"massStateBtn\")]"}
COMMAND: POST /session/a04e8b17cccf81c307ac8c5bdd3012da/elements - {"using":"xpath","value":"//button[contains(@id, \"massStateBtn\")]"}
RESULT: {"using":"xpath","value":"//button[contains(@id, \"massStateBtn\")]"}
COMMAND: POST /session/a04e8b17cccf81c307ac8c5bdd3012da/elements - {"using":"xpath","value":"//button[contains(@id, \"massStateBtn\")]"}
RESULT: {"using":"xpath","value":"//button[contains(@id, \"massStateBtn\")]"}
COMMAND: POST /session/a04e8b17cccf81c307ac8c5bdd3012da/elements - {"using":"xpath","value":"//button[contains(@id, \"massStateBtn\")]"}
RESULT: {"using":"xpath","value":"//button[contains(@id, \"massStateBtn\")]"}
COMMAND: POST /session/a04e8b17cccf81c307ac8c5bdd3012da/elements - {"using":"xpath","value":"//button[contains(@id, \"massStateBtn\")]"}
RESULT: {"using":"xpath","value":"//button[contains(@id, \"massStateBtn\")]"}
COMMAND: POST /session/a04e8b17cccf81c307ac8c5bdd3012da/element - {"using":"xpath","value":"//button[contains(@id, \"massStateBtn\")]"}
RESULT: {"using":"xpath","value":"//button[contains(@id, \"massStateBtn\")]"}
COMMAND: POST /session/a04e8b17cccf81c307ac8c5bdd3012da/execute/sync - {"script":"<script> [8489 bytes]","args":[{"element-6066-11e4-a52e-4f735466cecf":"f.ABFAD7D56B06A6D2CA676A1F0455247C.d.9BD13AE519DEB927D0C848A88E09BC3F.e.294","ELEMENT":"f.ABFAD7D56B06A6D2CA676A1F0455247C.d.9BD13AE519DEB927D0C848A88E09BC3F.e.294"}]}
RESULT: {"script":"<script> [8489 bytes]","args":[{"element-6066-11e4-a52e-4f735466cecf":"f.ABFAD7D56B06A6D2CA676A1F0455247C.d.9BD13AE519DEB927D0C848A88E09BC3F.e.294","ELEMENT":"f.ABFAD7D56B06A6D2CA676A1F0455247C.d.9BD13AE519DEB927D0C848A88E09BC3F.e.294"}]}
COMMAND: GET /session/a04e8b17cccf81c307ac8c5bdd3012da/element/f.ABFAD7D56B06A6D2CA676A1F0455247C.d.9BD13AE519DEB927D0C848A88E09BC3F.e.294/enabled - {}
COMMAND: GET /session/a04e8b17cccf81c307ac8c5bdd3012da/screenshot - {}
RESULT: {}
COMMAND: POST /session/a04e8b17cccf81c307ac8c5bdd3012da/execute/sync - {"script":"<script> [8489 bytes]","args":[{"element-6066-11e4-a52e-4f735466cecf":"f.ABFAD7D56B06A6D2CA676A1F0455247C.d.9BD13AE519DEB927D0C848A88E09BC3F.e.294","ELEMENT":"f.ABFAD7D56B06A6D2CA676A1F0455247C.d.9BD13AE519DEB927D0C848A88E09BC3F.e.294"}]}
COMMAND: GET /session/a04e8b17cccf81c307ac8c5bdd3012da/screenshot - {}
RESULT: {}
RESULT: {"script":"<script> [8489 bytes]","args":[{"element-6066-11e4-a52e-4f735466cecf":"f.ABFAD7D56B06A6D2CA676A1F0455247C.d.9BD13AE519DEB927D0C848A88E09BC3F.e.294","ELEMENT":"f.ABFAD7D56B06A6D2CA676A1F0455247C.d.9BD13AE519DEB927D0C848A88E09BC3F.e.294"}]}
COMMAND: POST /session/a04e8b17cccf81c307ac8c5bdd3012da/execute/sync - {"script":"<script> [5351 bytes]","args":[{"element-6066-11e4-a52e-4f735466cecf":"f.ABFAD7D56B06A6D2CA676A1F0455247C.d.9BD13AE519DEB927D0C848A88E09BC3F.e.294","ELEMENT":"f.ABFAD7D56B06A6D2CA676A1F0455247C.d.9BD13AE519DEB927D0C848A88E09BC3F.e.294"}]}
COMMAND: GET /session/a04e8b17cccf81c307ac8c5bdd3012da/screenshot - {}
RESULT: {}
RESULT: {"script":"<script> [5351 bytes]","args":[{"element-6066-11e4-a52e-4f735466cecf":"f.ABFAD7D56B06A6D2CA676A1F0455247C.d.9BD13AE519DEB927D0C848A88E09BC3F.e.294","ELEMENT":"f.ABFAD7D56B06A6D2CA676A1F0455247C.d.9BD13AE519DEB927D0C848A88E09BC3F.e.294"}]}
COMMAND: POST /session/a04e8b17cccf81c307ac8c5bdd3012da/element/f.ABFAD7D56B06A6D2CA676A1F0455247C.d.9BD13AE519DEB927D0C848A88E09BC3F.e.294/click - {}
COMMAND: GET /session/a04e8b17cccf81c307ac8c5bdd3012da/screenshot - {}
RESULT: {}
RESULT: {}
COMMAND: GET /session/a04e8b17cccf81c307ac8c5bdd3012da/screenshot - {}
RESULT: {}
RESULT: {}
COMMAND: POST /session/a04e8b17cccf81c307ac8c5bdd3012da/execute/async - {"script":"<script> [1562 bytes]","args":[{"selector":{"id":"application-ruinventorylist-display-component---Master--ruLocationTypeComboBox-arrow"},"wdio_ui5_key":"applicationruinventorylist-display-component---Master--ruLocationTypeComboBox-arrow"}]}
RESULT: {"script":"<script> [1562 bytes]","args":[{"selector":{"id":"application-ruinventorylist-display-component---Master--ruLocationTypeComboBox-arrow"},"wdio_ui5_key":"applicationruinventorylist-display-component---Master--ruLocationTypeComboBox-arrow"}]}
RESULT: undefined
COMMAND: POST /session/a04e8b17cccf81c307ac8c5bdd3012da/element - {"using":"xpath","value":"//*[@id=\"application-ruinventorylist-display-component---Master--ruLocationTypeComboBox-arrow\"]"}
RESULT: {"using":"xpath","value":"//*[@id=\"application-ruinventorylist-display-component---Master--ruLocationTypeComboBox-arrow\"]"}
COMMAND: POST /session/a04e8b17cccf81c307ac8c5bdd3012da/element/f.ABFAD7D56B06A6D2CA676A1F0455247C.d.9BD13AE519DEB927D0C848A88E09BC3F.e.648/click - {}
RESULT: {}
COMMAND: GET /session/a04e8b17cccf81c307ac8c5bdd3012da/screenshot - {}
RESULT: {}
COMMAND: POST /session/a04e8b17cccf81c307ac8c5bdd3012da/element - {"using":"xpath","value":"//li[.//span[text()='Yard']]"}
RESULT: {"using":"xpath","value":"//li[.//span[text()='Yard']]"}
COMMAND: POST /session/a04e8b17cccf81c307ac8c5bdd3012da/element/f.ABFAD7D56B06A6D2CA676A1F0455247C.d.9BD13AE519DEB927D0C848A88E09BC3F.e.649/click - {}
RESULT: {}
COMMAND: GET /session/a04e8b17cccf81c307ac8c5bdd3012da/screenshot - {}
RESULT: {}
COMMAND: POST /session/a04e8b17cccf81c307ac8c5bdd3012da/execute/async - {"script":"<script> [1562 bytes]","args":[{"selector":{"id":"application-ruinventorylist-display-component---Master--smartFilterBar-filterItemControl_BASIC-YARD-vhi"},"wdio_ui5_key":"applicationruinventorylist-display-component---Master--smartFilterBar-filterItemControl_BASIC-YARD-vhi"}]}
RESULT: {"script":"<script> [1562 bytes]","args":[{"selector":{"id":"application-ruinventorylist-display-component---Master--smartFilterBar-filterItemControl_BASIC-YARD-vhi"},"wdio_ui5_key":"applicationruinventorylist-display-component---Master--smartFilterBar-filterItemControl_BASIC-YARD-vhi"}]}
RESULT: undefined
COMMAND: POST /session/a04e8b17cccf81c307ac8c5bdd3012da/element - {"using":"xpath","value":"//*[@id=\"application-ruinventorylist-display-component---Master--smartFilterBar-filterItemControl_BASIC-YARD-vhi\"]"}
RESULT: {"using":"xpath","value":"//*[@id=\"application-ruinventorylist-display-component---Master--smartFilterBar-filterItemControl_BASIC-YARD-vhi\"]"}
COMMAND: POST /session/a04e8b17cccf81c307ac8c5bdd3012da/element/f.ABFAD7D56B06A6D2CA676A1F0455247C.d.9BD13AE519DEB927D0C848A88E09BC3F.e.683/click - {}
RESULT: {}
COMMAND: GET /session/a04e8b17cccf81c307ac8c5bdd3012da/screenshot - {}
RESULT: {}
COMMAND: POST /session/a04e8b17cccf81c307ac8c5bdd3012da/execute/async - {"script":"<script> [1562 bytes]","args":[{"selector":{"id":"application-ruinventorylist-display-component---Master--smartFilterBar-filterItemControl_BASIC-YARD-valueHelpDialog-smartFilterBar-btnBasicSearch","searchOpenDialogs":true,"interaction":{"idSuffix":"I"}},"wdio_ui5_key":"applicationruinventorylist-display-component---Master--smartFilterBar-filterItemControl_BASIC-YARD-valueHelpDialog-smartFilterBar-btnBasicSearch"}]}
RESULT: {"script":"<script> [1562 bytes]","args":[{"selector":{"id":"application-ruinventorylist-display-component---Master--smartFilterBar-filterItemControl_BASIC-YARD-valueHelpDialog-smartFilterBar-btnBasicSearch","searchOpenDialogs":true,"interaction":{"idSuffix":"I"}},"wdio_ui5_key":"applicationruinventorylist-display-component---Master--smartFilterBar-filterItemControl_BASIC-YARD-valueHelpDialog-smartFilterBar-btnBasicSearch"}]}
RESULT: undefined
COMMAND: POST /session/a04e8b17cccf81c307ac8c5bdd3012da/execute/async - {"script":"<script> [776 bytes]","args":[{"enterText":"109","selector":{"id":"application-ruinventorylist-display-component---Master--smartFilterBar-filterItemControl_BASIC-YARD-valueHelpDialog-smartFilterBar-btnBasicSearch","searchOpenDialogs":true,"interaction":{"idSuffix":"I"}},"clearTextFirst":true,"interactionType":"ENTER_TEXT"}]}
RESULT: {"script":"<script> [776 bytes]","args":[{"enterText":"109","selector":{"id":"application-ruinventorylist-display-component---Master--smartFilterBar-filterItemControl_BASIC-YARD-valueHelpDialog-smartFilterBar-btnBasicSearch","searchOpenDialogs":true,"interaction":{"idSuffix":"I"}},"clearTextFirst":true,"interactionType":"ENTER_TEXT"}]}
COMMAND: POST /session/a04e8b17cccf81c307ac8c5bdd3012da/actions - {"actions":[{"id":"action1","type":"key","parameters":{},"actions":[{"type":"keyDown","value":""},{"type":"pause","duration":10},{"type":"keyUp","value":""}]}]}
RESULT: {"actions":[{"id":"action1","type":"key","parameters":{},"actions":[{"type":"keyDown","value":""},{"type":"pause","duration":10},{"type":"keyUp","value":""}]}]}
COMMAND: GET /session/a04e8b17cccf81c307ac8c5bdd3012da/screenshot - {}
RESULT: {}
COMMAND: POST /session/a04e8b17cccf81c307ac8c5bdd3012da/elements - {"using":"xpath","value":"//table[contains(@id, \"filterItemControl_BASIC-YARD-valueHelpDialog-table-table\")]/tbody/tr"}
RESULT: {"using":"xpath","value":"//table[contains(@id, \"filterItemControl_BASIC-YARD-valueHelpDialog-table-table\")]/tbody/tr"}
COMMAND: POST /session/a04e8b17cccf81c307ac8c5bdd3012da/element - {"using":"xpath","value":"//table[contains(@id, \"filterItemControl_BASIC-YARD-valueHelpDialog-table-table\")]/tbody/tr[1]/td[1]/div/span"}
RESULT: {"using":"xpath","value":"//table[contains(@id, \"filterItemControl_BASIC-YARD-valueHelpDialog-table-table\")]/tbody/tr[1]/td[1]/div/span"}
COMMAND: POST /session/a04e8b17cccf81c307ac8c5bdd3012da/elements - {"using":"xpath","value":"//table[contains(@id, \"filterItemControl_BASIC-YARD-valueHelpDialog-table-table\")]/tbody/tr[1]/td[1]/div/span"}
RESULT: {"using":"xpath","value":"//table[contains(@id, \"filterItemControl_BASIC-YARD-valueHelpDialog-table-table\")]/tbody/tr[1]/td[1]/div/span"}
COMMAND: POST /session/a04e8b17cccf81c307ac8c5bdd3012da/execute/sync - {"script":"<script> [56 bytes]","args":[{"element-6066-11e4-a52e-4f735466cecf":"f.ABFAD7D56B06A6D2CA676A1F0455247C.d.9BD13AE519DEB927D0C848A88E09BC3F.e.705","ELEMENT":"f.ABFAD7D56B06A6D2CA676A1F0455247C.d.9BD13AE519DEB927D0C848A88E09BC3F.e.705"}]}
RESULT: {"script":"<script> [56 bytes]","args":[{"element-6066-11e4-a52e-4f735466cecf":"f.ABFAD7D56B06A6D2CA676A1F0455247C.d.9BD13AE519DEB927D0C848A88E09BC3F.e.705","ELEMENT":"f.ABFAD7D56B06A6D2CA676A1F0455247C.d.9BD13AE519DEB927D0C848A88E09BC3F.e.705"}]}
COMMAND: POST /session/a04e8b17cccf81c307ac8c5bdd3012da/element - {"using":"xpath","value":"//div[contains(@id, \"filterItemControl_BASIC-YARD-valueHelpDialog-table-rowsel0\")]"}
COMMAND: GET /session/a04e8b17cccf81c307ac8c5bdd3012da/screenshot - {}
RESULT: {"using":"xpath","value":"//div[contains(@id, \"filterItemControl_BASIC-YARD-valueHelpDialog-table-rowsel0\")]"}
COMMAND: POST /session/a04e8b17cccf81c307ac8c5bdd3012da/element/f.ABFAD7D56B06A6D2CA676A1F0455247C.d.9BD13AE519DEB927D0C848A88E09BC3F.e.706/click - {}
RESULT: {}
RESULT: {}
COMMAND: GET /session/a04e8b17cccf81c307ac8c5bdd3012da/screenshot - {}
RESULT: {}
COMMAND: POST /session/a04e8b17cccf81c307ac8c5bdd3012da/element - {"using":"xpath","value":"//div[contains(@id, \"smartFilterBar-filterItemControl_BASIC-YARD-valueHelpDialog-smartFilterBar-btnBasicSearch-reset\")]"}
RESULT: {"using":"xpath","value":"//div[contains(@id, \"smartFilterBar-filterItemControl_BASIC-YARD-valueHelpDialog-smartFilterBar-btnBasicSearch-reset\")]"}
COMMAND: POST /session/a04e8b17cccf81c307ac8c5bdd3012da/element/f.ABFAD7D56B06A6D2CA676A1F0455247C.d.9BD13AE519DEB927D0C848A88E09BC3F.e.708/click - {}
RESULT: {}
RESULT: undefined
COMMAND: POST /session/a04e8b17cccf81c307ac8c5bdd3012da/execute/async - {"script":"<script> [776 bytes]","args":[{"enterText":"OPA5_BST01_YARD1","selector":{"id":"application-ruinventorylist-display-component---Master--smartFilterBar-filterItemControl_BASIC-YARD-valueHelpDialog-smartFilterBar-btnBasicSearch","searchOpenDialogs":true,"interaction":{"idSuffix":"I"}},"clearTextFirst":true,"interactionType":"ENTER_TEXT"}]}
COMMAND: GET /session/a04e8b17cccf81c307ac8c5bdd3012da/screenshot - {}
RESULT: {"script":"<script> [776 bytes]","args":[{"enterText":"OPA5_BST01_YARD1","selector":{"id":"application-ruinventorylist-display-component---Master--smartFilterBar-filterItemControl_BASIC-YARD-valueHelpDialog-smartFilterBar-btnBasicSearch","searchOpenDialogs":true,"interaction":{"idSuffix":"I"}},"clearTextFirst":true,"interactionType":"ENTER_TEXT"}]}
COMMAND: POST /session/a04e8b17cccf81c307ac8c5bdd3012da/actions - {"actions":[{"id":"action2","type":"key","parameters":{},"actions":[{"type":"keyDown","value":""},{"type":"pause","duration":10},{"type":"keyUp","value":""}]}]}
RESULT: {}
RESULT: {"actions":[{"id":"action2","type":"key","parameters":{},"actions":[{"type":"keyDown","value":""},{"type":"pause","duration":10},{"type":"keyUp","value":""}]}]}
COMMAND: GET /session/a04e8b17cccf81c307ac8c5bdd3012da/screenshot - {}
RESULT: {}
COMMAND: POST /session/a04e8b17cccf81c307ac8c5bdd3012da/elements - {"using":"xpath","value":"//table[contains(@id, \"filterItemControl_BASIC-YARD-valueHelpDialog-table-table\")]/tbody/tr"}
RESULT: {"using":"xpath","value":"//table[contains(@id, \"filterItemControl_BASIC-YARD-valueHelpDialog-table-table\")]/tbody/tr"}
COMMAND: POST /session/a04e8b17cccf81c307ac8c5bdd3012da/element - {"using":"xpath","value":"//table[contains(@id, \"filterItemControl_BASIC-YARD-valueHelpDialog-table-table\")]/tbody/tr[1]/td[1]/div/span"}
RESULT: {"using":"xpath","value":"//table[contains(@id, \"filterItemControl_BASIC-YARD-valueHelpDialog-table-table\")]/tbody/tr[1]/td[1]/div/span"}
COMMAND: POST /session/a04e8b17cccf81c307ac8c5bdd3012da/elements - {"using":"xpath","value":"//table[contains(@id, \"filterItemControl_BASIC-YARD-valueHelpDialog-table-table\")]/tbody/tr[1]/td[1]/div/span"}
RESULT: {"using":"xpath","value":"//table[contains(@id, \"filterItemControl_BASIC-YARD-valueHelpDialog-table-table\")]/tbody/tr[1]/td[1]/div/span"}
COMMAND: POST /session/a04e8b17cccf81c307ac8c5bdd3012da/execute/sync - {"script":"<script> [56 bytes]","args":[{"element-6066-11e4-a52e-4f735466cecf":"f.ABFAD7D56B06A6D2CA676A1F0455247C.d.9BD13AE519DEB927D0C848A88E09BC3F.e.705","ELEMENT":"f.ABFAD7D56B06A6D2CA676A1F0455247C.d.9BD13AE519DEB927D0C848A88E09BC3F.e.705"}]}
RESULT: {"script":"<script> [56 bytes]","args":[{"element-6066-11e4-a52e-4f735466cecf":"f.ABFAD7D56B06A6D2CA676A1F0455247C.d.9BD13AE519DEB927D0C848A88E09BC3F.e.705","ELEMENT":"f.ABFAD7D56B06A6D2CA676A1F0455247C.d.9BD13AE519DEB927D0C848A88E09BC3F.e.705"}]}
COMMAND: POST /session/a04e8b17cccf81c307ac8c5bdd3012da/element - {"using":"xpath","value":"//div[contains(@id, \"filterItemControl_BASIC-YARD-valueHelpDialog-table-rowsel0\")]"}
COMMAND: GET /session/a04e8b17cccf81c307ac8c5bdd3012da/screenshot - {}
RESULT: {"using":"xpath","value":"//div[contains(@id, \"filterItemControl_BASIC-YARD-valueHelpDialog-table-rowsel0\")]"}
COMMAND: POST /session/a04e8b17cccf81c307ac8c5bdd3012da/element/f.ABFAD7D56B06A6D2CA676A1F0455247C.d.9BD13AE519DEB927D0C848A88E09BC3F.e.706/click - {}
RESULT: {}
RESULT: {}
COMMAND: GET /session/a04e8b17cccf81c307ac8c5bdd3012da/screenshot - {}
RESULT: {}
COMMAND: POST /session/a04e8b17cccf81c307ac8c5bdd3012da/element - {"using":"xpath","value":"(//bdi[contains(text(), \"OK\")])[1]"}
RESULT: {"using":"xpath","value":"(//bdi[contains(text(), \"OK\")])[1]"}
COMMAND: POST /session/a04e8b17cccf81c307ac8c5bdd3012da/element/f.ABFAD7D56B06A6D2CA676A1F0455247C.d.9BD13AE519DEB927D0C848A88E09BC3F.e.709/click - {}
RESULT: {}
COMMAND: GET /session/a04e8b17cccf81c307ac8c5bdd3012da/screenshot - {}
RESULT: {}
COMMAND: POST /session/a04e8b17cccf81c307ac8c5bdd3012da/element - {"using":"xpath","value":"//span[@id=\"application-ruinventorylist-display-component---Master--smartTableRuInventoryList-header-inner\"]"}
RESULT: {"using":"xpath","value":"//span[@id=\"application-ruinventorylist-display-component---Master--smartTableRuInventoryList-header-inner\"]"}
COMMAND: POST /session/a04e8b17cccf81c307ac8c5bdd3012da/elements - {"using":"xpath","value":"//span[@id=\"application-ruinventorylist-display-component---Master--smartTableRuInventoryList-header-inner\"]"}
RESULT: {"using":"xpath","value":"//span[@id=\"application-ruinventorylist-display-component---Master--smartTableRuInventoryList-header-inner\"]"}
COMMAND: POST /session/a04e8b17cccf81c307ac8c5bdd3012da/execute/sync - {"script":"<script> [56 bytes]","args":[{"element-6066-11e4-a52e-4f735466cecf":"f.ABFAD7D56B06A6D2CA676A1F0455247C.d.9BD13AE519DEB927D0C848A88E09BC3F.e.840","ELEMENT":"f.ABFAD7D56B06A6D2CA676A1F0455247C.d.9BD13AE519DEB927D0C848A88E09BC3F.e.840"}]}
RESULT: {"script":"<script> [56 bytes]","args":[{"element-6066-11e4-a52e-4f735466cecf":"f.ABFAD7D56B06A6D2CA676A1F0455247C.d.9BD13AE519DEB927D0C848A88E09BC3F.e.840","ELEMENT":"f.ABFAD7D56B06A6D2CA676A1F0455247C.d.9BD13AE519DEB927D0C848A88E09BC3F.e.840"}]}
COMMAND: POST /session/a04e8b17cccf81c307ac8c5bdd3012da/execute/async - {"script":"<script> [1562 bytes]","args":[{"selector":{"id":"application-ruinventorylist-display-component---Master--smartFilterBar-btnBasicSearch","interaction":{"idSuffix":"I"}},"wdio_ui5_key":"applicationruinventorylist-display-component---Master--smartFilterBar-btnBasicSearch"}]}
COMMAND: GET /session/a04e8b17cccf81c307ac8c5bdd3012da/screenshot - {}
RESULT: {"script":"<script> [1562 bytes]","args":[{"selector":{"id":"application-ruinventorylist-display-component---Master--smartFilterBar-btnBasicSearch","interaction":{"idSuffix":"I"}},"wdio_ui5_key":"applicationruinventorylist-display-component---Master--smartFilterBar-btnBasicSearch"}]}
RESULT: undefined
COMMAND: POST /session/a04e8b17cccf81c307ac8c5bdd3012da/execute/async - {"script":"<script> [776 bytes]","args":[{"enterText":"600002","selector":{"id":"application-ruinventorylist-display-component---Master--smartFilterBar-btnBasicSearch","interaction":{"idSuffix":"I"}},"clearTextFirst":true,"interactionType":"ENTER_TEXT"}]}
RESULT: {}
RESULT: {"script":"<script> [776 bytes]","args":[{"enterText":"600002","selector":{"id":"application-ruinventorylist-display-component---Master--smartFilterBar-btnBasicSearch","interaction":{"idSuffix":"I"}},"clearTextFirst":true,"interactionType":"ENTER_TEXT"}]}
COMMAND: POST /session/a04e8b17cccf81c307ac8c5bdd3012da/actions - {"actions":[{"id":"action3","type":"key","parameters":{},"actions":[{"type":"keyDown","value":""},{"type":"pause","duration":10},{"type":"keyUp","value":""}]}]}
RESULT: {"actions":[{"id":"action3","type":"key","parameters":{},"actions":[{"type":"keyDown","value":""},{"type":"pause","duration":10},{"type":"keyUp","value":""}]}]}
COMMAND: GET /session/a04e8b17cccf81c307ac8c5bdd3012da/screenshot - {}
RESULT: {}
COMMAND: POST /session/a04e8b17cccf81c307ac8c5bdd3012da/element - {"using":"xpath","value":"//span[@id=\"application-ruinventorylist-display-component---Master--smartTableRuInventoryList-header-inner\"]"}
RESULT: {"using":"xpath","value":"//span[@id=\"application-ruinventorylist-display-component---Master--smartTableRuInventoryList-header-inner\"]"}
COMMAND: POST /session/a04e8b17cccf81c307ac8c5bdd3012da/elements - {"using":"xpath","value":"//span[@id=\"application-ruinventorylist-display-component---Master--smartTableRuInventoryList-header-inner\"]"}
RESULT: {"using":"xpath","value":"//span[@id=\"application-ruinventorylist-display-component---Master--smartTableRuInventoryList-header-inner\"]"}
COMMAND: POST /session/a04e8b17cccf81c307ac8c5bdd3012da/execute/sync - {"script":"<script> [56 bytes]","args":[{"element-6066-11e4-a52e-4f735466cecf":"f.ABFAD7D56B06A6D2CA676A1F0455247C.d.9BD13AE519DEB927D0C848A88E09BC3F.e.840","ELEMENT":"f.ABFAD7D56B06A6D2CA676A1F0455247C.d.9BD13AE519DEB927D0C848A88E09BC3F.e.840"}]}
RESULT: {"script":"<script> [56 bytes]","args":[{"element-6066-11e4-a52e-4f735466cecf":"f.ABFAD7D56B06A6D2CA676A1F0455247C.d.9BD13AE519DEB927D0C848A88E09BC3F.e.840","ELEMENT":"f.ABFAD7D56B06A6D2CA676A1F0455247C.d.9BD13AE519DEB927D0C848A88E09BC3F.e.840"}]}
COMMAND: POST /session/a04e8b17cccf81c307ac8c5bdd3012da/element - {"using":"xpath","value":"//table[contains(@id, \"application-ruinventorylist-display-component---Master--tableRuInventoryList-listUl\")]/tbody/tr[1]/td[2]/div/div"}
COMMAND: GET /session/a04e8b17cccf81c307ac8c5bdd3012da/screenshot - {}
RESULT: {"using":"xpath","value":"//table[contains(@id, \"application-ruinventorylist-display-component---Master--tableRuInventoryList-listUl\")]/tbody/tr[1]/td[2]/div/div"}
COMMAND: POST /session/a04e8b17cccf81c307ac8c5bdd3012da/element/f.ABFAD7D56B06A6D2CA676A1F0455247C.d.9BD13AE519DEB927D0C848A88E09BC3F.e.848/click - {}
RESULT: {}
RESULT: {}
COMMAND: GET /session/a04e8b17cccf81c307ac8c5bdd3012da/screenshot - {}
RESULT: {}
COMMAND: POST /session/a04e8b17cccf81c307ac8c5bdd3012da/element - {"using":"xpath","value":"//div[contains(@id, \"smartFilterBar-btnBasicSearch-reset\")]"}
RESULT: {"using":"xpath","value":"//div[contains(@id, \"smartFilterBar-btnBasicSearch-reset\")]"}
COMMAND: POST /session/a04e8b17cccf81c307ac8c5bdd3012da/element/f.ABFAD7D56B06A6D2CA676A1F0455247C.d.9BD13AE519DEB927D0C848A88E09BC3F.e.858/click - {}
RESULT: {}
COMMAND: GET /session/a04e8b17cccf81c307ac8c5bdd3012da/screenshot - {}
RESULT: {}
RESULT: undefined
COMMAND: POST /session/a04e8b17cccf81c307ac8c5bdd3012da/execute/async - {"script":"<script> [776 bytes]","args":[{"enterText":"401002","selector":{"id":"application-ruinventorylist-display-component---Master--smartFilterBar-btnBasicSearch","interaction":{"idSuffix":"I"}},"clearTextFirst":true,"interactionType":"ENTER_TEXT"}]}
RESULT: {"script":"<script> [776 bytes]","args":[{"enterText":"401002","selector":{"id":"application-ruinventorylist-display-component---Master--smartFilterBar-btnBasicSearch","interaction":{"idSuffix":"I"}},"clearTextFirst":true,"interactionType":"ENTER_TEXT"}]}
COMMAND: POST /session/a04e8b17cccf81c307ac8c5bdd3012da/actions - {"actions":[{"id":"action4","type":"key","parameters":{},"actions":[{"type":"keyDown","value":""},{"type":"pause","duration":10},{"type":"keyUp","value":""}]}]}
RESULT: {"actions":[{"id":"action4","type":"key","parameters":{},"actions":[{"type":"keyDown","value":""},{"type":"pause","duration":10},{"type":"keyUp","value":""}]}]}
COMMAND: GET /session/a04e8b17cccf81c307ac8c5bdd3012da/screenshot - {}
RESULT: {}
COMMAND: POST /session/a04e8b17cccf81c307ac8c5bdd3012da/element - {"using":"xpath","value":"//span[@id=\"application-ruinventorylist-display-component---Master--smartTableRuInventoryList-header-inner\"]"}
RESULT: {"using":"xpath","value":"//span[@id=\"application-ruinventorylist-display-component---Master--smartTableRuInventoryList-header-inner\"]"}
COMMAND: POST /session/a04e8b17cccf81c307ac8c5bdd3012da/elements - {"using":"xpath","value":"//span[@id=\"application-ruinventorylist-display-component---Master--smartTableRuInventoryList-header-inner\"]"}
RESULT: {"using":"xpath","value":"//span[@id=\"application-ruinventorylist-display-component---Master--smartTableRuInventoryList-header-inner\"]"}
COMMAND: POST /session/a04e8b17cccf81c307ac8c5bdd3012da/execute/sync - {"script":"<script> [56 bytes]","args":[{"element-6066-11e4-a52e-4f735466cecf":"f.ABFAD7D56B06A6D2CA676A1F0455247C.d.9BD13AE519DEB927D0C848A88E09BC3F.e.840","ELEMENT":"f.ABFAD7D56B06A6D2CA676A1F0455247C.d.9BD13AE519DEB927D0C848A88E09BC3F.e.840"}]}
RESULT: {"script":"<script> [56 bytes]","args":[{"element-6066-11e4-a52e-4f735466cecf":"f.ABFAD7D56B06A6D2CA676A1F0455247C.d.9BD13AE519DEB927D0C848A88E09BC3F.e.840","ELEMENT":"f.ABFAD7D56B06A6D2CA676A1F0455247C.d.9BD13AE519DEB927D0C848A88E09BC3F.e.840"}]}
COMMAND: POST /session/a04e8b17cccf81c307ac8c5bdd3012da/element - {"using":"xpath","value":"//table[contains(@id, \"application-ruinventorylist-display-component---Master--tableRuInventoryList-listUl\")]/tbody/tr[1]/td[2]/div/div"}
COMMAND: GET /session/a04e8b17cccf81c307ac8c5bdd3012da/screenshot - {}
RESULT: {"using":"xpath","value":"//table[contains(@id, \"application-ruinventorylist-display-component---Master--tableRuInventoryList-listUl\")]/tbody/tr[1]/td[2]/div/div"}
COMMAND: POST /session/a04e8b17cccf81c307ac8c5bdd3012da/element/f.ABFAD7D56B06A6D2CA676A1F0455247C.d.9BD13AE519DEB927D0C848A88E09BC3F.e.983/click - {}
RESULT: {}
RESULT: {}
COMMAND: GET /session/a04e8b17cccf81c307ac8c5bdd3012da/screenshot - {}
RESULT: {}
COMMAND: POST /session/a04e8b17cccf81c307ac8c5bdd3012da/element - {"using":"xpath","value":"//div[contains(@id, \"smartFilterBar-btnBasicSearch-reset\")]"}
RESULT: {"using":"xpath","value":"//div[contains(@id, \"smartFilterBar-btnBasicSearch-reset\")]"}
COMMAND: POST /session/a04e8b17cccf81c307ac8c5bdd3012da/element/f.ABFAD7D56B06A6D2CA676A1F0455247C.d.9BD13AE519DEB927D0C848A88E09BC3F.e.858/click - {}
RESULT: {}
COMMAND: GET /session/a04e8b17cccf81c307ac8c5bdd3012da/screenshot - {}
COMMAND: POST /session/a04e8b17cccf81c307ac8c5bdd3012da/element/f.ABFAD7D56B06A6D2CA676A1F0455247C.d.9BD13AE519DEB927D0C848A88E09BC3F.e.294/click - {}
RESULT: {}
RESULT: {}
COMMAND: GET /session/a04e8b17cccf81c307ac8c5bdd3012da/screenshot - {}
RESULT: {}
COMMAND: POST /session/a04e8b17cccf81c307ac8c5bdd3012da/execute/async - {"script":"<script> [1562 bytes]","args":[{"selector":{"controlType":"sap.m.Title","viewName":"etm.portal.ui.ruinventorylist.view.Master","viewId":"application-ruinventorylist-display-component---Master","properties":{"text":"Mass State Change"},"searchOpenDialogs":true},"wdio_ui5_key":"etmportal.ui.ruinventorylist.view.Mastersap.m.Title{\"text\":\"Mass State Change\"}"}]}
RESULT: {"script":"<script> [1562 bytes]","args":[{"selector":{"controlType":"sap.m.Title","viewName":"etm.portal.ui.ruinventorylist.view.Master","viewId":"application-ruinventorylist-display-component---Master","properties":{"text":"Mass State Change"},"searchOpenDialogs":true},"wdio_ui5_key":"etmportal.ui.ruinventorylist.view.Mastersap.m.Title{\"text\":\"Mass State Change\"}"}]}
RESULT: undefined
COMMAND: POST /session/a04e8b17cccf81c307ac8c5bdd3012da/execute/async - {"script":"<script> [6424 bytes]","args":[{"element-6066-11e4-a52e-4f735466cecf":"f.ABFAD7D56B06A6D2CA676A1F0455247C.d.9BD13AE519DEB927D0C848A88E09BC3F.e.1129"},"getText",[]]}
RESULT: {"script":"<script> [6424 bytes]","args":[{"element-6066-11e4-a52e-4f735466cecf":"f.ABFAD7D56B06A6D2CA676A1F0455247C.d.9BD13AE519DEB927D0C848A88E09BC3F.e.1129"},"getText",[]]}
COMMAND: POST /session/a04e8b17cccf81c307ac8c5bdd3012da/element - {"using":"xpath","value":"(//bdi[contains(text(), \"OK\")])[1]"}
RESULT: {"using":"xpath","value":"(//bdi[contains(text(), \"OK\")])[1]"}
COMMAND: POST /session/a04e8b17cccf81c307ac8c5bdd3012da/element/f.ABFAD7D56B06A6D2CA676A1F0455247C.d.9BD13AE519DEB927D0C848A88E09BC3F.e.1130/click - {}
RESULT: {}
COMMAND: GET /session/a04e8b17cccf81c307ac8c5bdd3012da/screenshot - {}
RESULT: {}
COMMAND: POST /session/a04e8b17cccf81c307ac8c5bdd3012da/element - {"using":"css selector","value":"div.sapMMessageBoxError"}
RESULT: {"using":"css selector","value":"div.sapMMessageBoxError"}
COMMAND: POST /session/a04e8b17cccf81c307ac8c5bdd3012da/elements - {"using":"css selector","value":"div.sapMMessageBoxError"}
RESULT: {"using":"css selector","value":"div.sapMMessageBoxError"}
COMMAND: POST /session/a04e8b17cccf81c307ac8c5bdd3012da/element - {"using":"xpath","value":"(//bdi[contains(text(), \"Close\")])[1]"}
RESULT: {"using":"xpath","value":"(//bdi[contains(text(), \"Close\")])[1]"}
COMMAND: POST /session/a04e8b17cccf81c307ac8c5bdd3012da/element/f.ABFAD7D56B06A6D2CA676A1F0455247C.d.9BD13AE519DEB927D0C848A88E09BC3F.e.1135/click - {}
RESULT: {}
COMMAND: GET /session/a04e8b17cccf81c307ac8c5bdd3012da/screenshot - {}
RESULT: {}
COMMAND: POST /session/a04e8b17cccf81c307ac8c5bdd3012da/execute/async - {"script":"<script> [1562 bytes]","args":[{"selector":{"id":"application-ruinventorylist-display-component---Master--ruStateTypes-arrow","searchOpenDialogs":true},"wdio_ui5_key":"applicationruinventorylist-display-component---Master--ruStateTypes-arrow"}]}
RESULT: {"script":"<script> [1562 bytes]","args":[{"selector":{"id":"application-ruinventorylist-display-component---Master--ruStateTypes-arrow","searchOpenDialogs":true},"wdio_ui5_key":"applicationruinventorylist-display-component---Master--ruStateTypes-arrow"}]}
RESULT: undefined
COMMAND: POST /session/a04e8b17cccf81c307ac8c5bdd3012da/element - {"using":"xpath","value":"//*[@id=\"application-ruinventorylist-display-component---Master--ruStateTypes-arrow\"]"}
RESULT: {"using":"xpath","value":"//*[@id=\"application-ruinventorylist-display-component---Master--ruStateTypes-arrow\"]"}
COMMAND: POST /session/a04e8b17cccf81c307ac8c5bdd3012da/element/f.ABFAD7D56B06A6D2CA676A1F0455247C.d.9BD13AE519DEB927D0C848A88E09BC3F.e.1136/click - {}
RESULT: {}
COMMAND: GET /session/a04e8b17cccf81c307ac8c5bdd3012da/screenshot - {}
RESULT: {}
COMMAND: POST /session/a04e8b17cccf81c307ac8c5bdd3012da/element - {"using":"xpath","value":"//li[.//span[text()=\"defect\"]]"}
RESULT: {"using":"xpath","value":"//li[.//span[text()=\"defect\"]]"}
COMMAND: POST /session/a04e8b17cccf81c307ac8c5bdd3012da/element/f.ABFAD7D56B06A6D2CA676A1F0455247C.d.9BD13AE519DEB927D0C848A88E09BC3F.e.1137/click - {}
RESULT: {}
COMMAND: GET /session/a04e8b17cccf81c307ac8c5bdd3012da/screenshot - {}
RESULT: {}
COMMAND: POST /session/a04e8b17cccf81c307ac8c5bdd3012da/element - {"using":"xpath","value":"(//span[@data-kt=\"trashMassStateChangeIcon\"])[1]"}
RESULT: {"using":"xpath","value":"(//span[@data-kt=\"trashMassStateChangeIcon\"])[1]"}
COMMAND: POST /session/a04e8b17cccf81c307ac8c5bdd3012da/element/f.ABFAD7D56B06A6D2CA676A1F0455247C.d.9BD13AE519DEB927D0C848A88E09BC3F.e.1138/click - {}
RESULT: {}
COMMAND: GET /session/a04e8b17cccf81c307ac8c5bdd3012da/screenshot - {}
RESULT: {}
COMMAND: POST /session/a04e8b17cccf81c307ac8c5bdd3012da/element - {"using":"xpath","value":"//table[contains(@id, \"massStateChangeTable-listUl\")]/tbody/tr[1]/td[11]/div/div/div/input"}
RESULT: {"using":"xpath","value":"//table[contains(@id, \"massStateChangeTable-listUl\")]/tbody/tr[1]/td[11]/div/div/div/input"}
COMMAND: GET /session/a04e8b17cccf81c307ac8c5bdd3012da/element/f.ABFAD7D56B06A6D2CA676A1F0455247C.d.9BD13AE519DEB927D0C848A88E09BC3F.e.1122/property/value - {}
RESULT: {}
COMMAND: POST /session/a04e8b17cccf81c307ac8c5bdd3012da/element - {"using":"xpath","value":"(//span[@data-kt=\"trashMassStateChangeIcon\"])[2]"}
COMMAND: GET /session/a04e8b17cccf81c307ac8c5bdd3012da/screenshot - {}
RESULT: {"using":"xpath","value":"(//span[@data-kt=\"trashMassStateChangeIcon\"])[2]"}
COMMAND: POST /session/a04e8b17cccf81c307ac8c5bdd3012da/element/f.ABFAD7D56B06A6D2CA676A1F0455247C.d.9BD13AE519DEB927D0C848A88E09BC3F.e.1140/click - {}
RESULT: {}
RESULT: {}
COMMAND: GET /session/a04e8b17cccf81c307ac8c5bdd3012da/screenshot - {}
RESULT: {}
COMMAND: POST /session/a04e8b17cccf81c307ac8c5bdd3012da/element - {"using":"xpath","value":"//table[contains(@id, \"massStateChangeTable-listUl\")]/tbody/tr[2]/td[11]/div/div/div/input"}
RESULT: {"using":"xpath","value":"//table[contains(@id, \"massStateChangeTable-listUl\")]/tbody/tr[2]/td[11]/div/div/div/input"}
COMMAND: GET /session/a04e8b17cccf81c307ac8c5bdd3012da/element/f.ABFAD7D56B06A6D2CA676A1F0455247C.d.9BD13AE519DEB927D0C848A88E09BC3F.e.1126/property/value - {}
RESULT: {}
COMMAND: POST /session/a04e8b17cccf81c307ac8c5bdd3012da/element - {"using":"xpath","value":"//table[contains(@id, \"massStateChangeTable-listUl\")]/tbody/tr[1]/td[10]/div/span/span[1]"}
COMMAND: GET /session/a04e8b17cccf81c307ac8c5bdd3012da/screenshot - {}
RESULT: {"using":"xpath","value":"//table[contains(@id, \"massStateChangeTable-listUl\")]/tbody/tr[1]/td[10]/div/span/span[1]"}
COMMAND: POST /session/a04e8b17cccf81c307ac8c5bdd3012da/execute/sync - {"script":"<script> [56 bytes]","args":[{"element-6066-11e4-a52e-4f735466cecf":"f.ABFAD7D56B06A6D2CA676A1F0455247C.d.9BD13AE519DEB927D0C848A88E09BC3F.e.1142","ELEMENT":"f.ABFAD7D56B06A6D2CA676A1F0455247C.d.9BD13AE519DEB927D0C848A88E09BC3F.e.1142"}]}
RESULT: {}
RESULT: {"script":"<script> [56 bytes]","args":[{"element-6066-11e4-a52e-4f735466cecf":"f.ABFAD7D56B06A6D2CA676A1F0455247C.d.9BD13AE519DEB927D0C848A88E09BC3F.e.1142","ELEMENT":"f.ABFAD7D56B06A6D2CA676A1F0455247C.d.9BD13AE519DEB927D0C848A88E09BC3F.e.1142"}]}
COMMAND: POST /session/a04e8b17cccf81c307ac8c5bdd3012da/element - {"using":"xpath","value":"//table[contains(@id, \"massStateChangeTable-listUl\")]/tbody/tr[1]/td[11]/div/div/div/div[2]/span"}
COMMAND: GET /session/a04e8b17cccf81c307ac8c5bdd3012da/screenshot - {}
RESULT: {}
RESULT: {"using":"xpath","value":"//table[contains(@id, \"massStateChangeTable-listUl\")]/tbody/tr[1]/td[11]/div/div/div/div[2]/span"}
COMMAND: POST /session/a04e8b17cccf81c307ac8c5bdd3012da/element/f.ABFAD7D56B06A6D2CA676A1F0455247C.d.9BD13AE519DEB927D0C848A88E09BC3F.e.1143/click - {}
RESULT: {}
COMMAND: GET /session/a04e8b17cccf81c307ac8c5bdd3012da/screenshot - {}
RESULT: {}
COMMAND: POST /session/a04e8b17cccf81c307ac8c5bdd3012da/element - {"using":"xpath","value":"//table[contains(@id, \"massStateChangeTable-listUl\")]/tbody/tr[1]/td[11]/div/div/div/div[2]/span"}
RESULT: {"using":"xpath","value":"//table[contains(@id, \"massStateChangeTable-listUl\")]/tbody/tr[1]/td[11]/div/div/div/div[2]/span"}
COMMAND: POST /session/a04e8b17cccf81c307ac8c5bdd3012da/element/f.ABFAD7D56B06A6D2CA676A1F0455247C.d.9BD13AE519DEB927D0C848A88E09BC3F.e.1143/click - {}
RESULT: {}
COMMAND: GET /session/a04e8b17cccf81c307ac8c5bdd3012da/screenshot - {}
RESULT: {}
COMMAND: POST /session/a04e8b17cccf81c307ac8c5bdd3012da/element - {"using":"xpath","value":"//table[contains(@id, \"massStateChangeTable-listUl\")]/tbody/tr[1]/td[11]/div/div/div/div[2]/span"}
RESULT: {"using":"xpath","value":"//table[contains(@id, \"massStateChangeTable-listUl\")]/tbody/tr[1]/td[11]/div/div/div/div[2]/span"}
COMMAND: POST /session/a04e8b17cccf81c307ac8c5bdd3012da/element/f.ABFAD7D56B06A6D2CA676A1F0455247C.d.9BD13AE519DEB927D0C848A88E09BC3F.e.1143/click - {}
RESULT: {}
COMMAND: GET /session/a04e8b17cccf81c307ac8c5bdd3012da/screenshot - {}
RESULT: {}
COMMAND: POST /session/a04e8b17cccf81c307ac8c5bdd3012da/element - {"using":"xpath","value":"//table[contains(@id, \"massStateChangeTable-listUl\")]/tbody/tr[1]/td[11]/div/div/div/div[2]/span"}
RESULT: {"using":"xpath","value":"//table[contains(@id, \"massStateChangeTable-listUl\")]/tbody/tr[1]/td[11]/div/div/div/div[2]/span"}
COMMAND: POST /session/a04e8b17cccf81c307ac8c5bdd3012da/element/f.ABFAD7D56B06A6D2CA676A1F0455247C.d.9BD13AE519DEB927D0C848A88E09BC3F.e.1143/click - {}
RESULT: {}
COMMAND: GET /session/a04e8b17cccf81c307ac8c5bdd3012da/screenshot - {}
RESULT: {}
COMMAND: POST /session/a04e8b17cccf81c307ac8c5bdd3012da/element - {"using":"xpath","value":"//table[contains(@id, \"massStateChangeTable-listUl\")]/tbody/tr[1]/td[11]/div/div/div/div[2]/span"}
RESULT: {"using":"xpath","value":"//table[contains(@id, \"massStateChangeTable-listUl\")]/tbody/tr[1]/td[11]/div/div/div/div[2]/span"}
COMMAND: POST /session/a04e8b17cccf81c307ac8c5bdd3012da/element/f.ABFAD7D56B06A6D2CA676A1F0455247C.d.9BD13AE519DEB927D0C848A88E09BC3F.e.1143/click - {}
RESULT: {}
COMMAND: GET /session/a04e8b17cccf81c307ac8c5bdd3012da/screenshot - {}
RESULT: {}
COMMAND: POST /session/a04e8b17cccf81c307ac8c5bdd3012da/element - {"using":"xpath","value":"//table[contains(@id, \"massStateChangeTable-listUl\")]/tbody/tr[1]/td[11]/div/div/div/div[2]/span"}
RESULT: {"using":"xpath","value":"//table[contains(@id, \"massStateChangeTable-listUl\")]/tbody/tr[1]/td[11]/div/div/div/div[2]/span"}
COMMAND: POST /session/a04e8b17cccf81c307ac8c5bdd3012da/element/f.ABFAD7D56B06A6D2CA676A1F0455247C.d.9BD13AE519DEB927D0C848A88E09BC3F.e.1143/click - {}
RESULT: {}
COMMAND: GET /session/a04e8b17cccf81c307ac8c5bdd3012da/screenshot - {}
RESULT: {}
COMMAND: POST /session/a04e8b17cccf81c307ac8c5bdd3012da/element - {"using":"xpath","value":"//table[contains(@id, \"massStateChangeTable-listUl\")]/tbody/tr[1]/td[11]/div/div/div/div[2]/span"}
RESULT: {"using":"xpath","value":"//table[contains(@id, \"massStateChangeTable-listUl\")]/tbody/tr[1]/td[11]/div/div/div/div[2]/span"}
COMMAND: POST /session/a04e8b17cccf81c307ac8c5bdd3012da/element/f.ABFAD7D56B06A6D2CA676A1F0455247C.d.9BD13AE519DEB927D0C848A88E09BC3F.e.1143/click - {}
RESULT: {}
COMMAND: GET /session/a04e8b17cccf81c307ac8c5bdd3012da/screenshot - {}
RESULT: {}
COMMAND: POST /session/a04e8b17cccf81c307ac8c5bdd3012da/element - {"using":"xpath","value":"//table[contains(@id, \"massStateChangeTable-listUl\")]/tbody/tr[1]/td[11]/div/div/div/div[2]/span"}
RESULT: {"using":"xpath","value":"//table[contains(@id, \"massStateChangeTable-listUl\")]/tbody/tr[1]/td[11]/div/div/div/div[2]/span"}
COMMAND: POST /session/a04e8b17cccf81c307ac8c5bdd3012da/element/f.ABFAD7D56B06A6D2CA676A1F0455247C.d.9BD13AE519DEB927D0C848A88E09BC3F.e.1143/click - {}
RESULT: {}
COMMAND: GET /session/a04e8b17cccf81c307ac8c5bdd3012da/screenshot - {}
RESULT: {}
COMMAND: POST /session/a04e8b17cccf81c307ac8c5bdd3012da/element - {"using":"xpath","value":"//table[contains(@id, \"massStateChangeTable-listUl\")]/tbody/tr[1]/td[11]/div/div/div/div[2]/span"}
RESULT: {"using":"xpath","value":"//table[contains(@id, \"massStateChangeTable-listUl\")]/tbody/tr[1]/td[11]/div/div/div/div[2]/span"}
COMMAND: POST /session/a04e8b17cccf81c307ac8c5bdd3012da/element/f.ABFAD7D56B06A6D2CA676A1F0455247C.d.9BD13AE519DEB927D0C848A88E09BC3F.e.1143/click - {}
RESULT: {}
COMMAND: GET /session/a04e8b17cccf81c307ac8c5bdd3012da/screenshot - {}
RESULT: {}
COMMAND: POST /session/a04e8b17cccf81c307ac8c5bdd3012da/element - {"using":"xpath","value":"//table[contains(@id, \"massStateChangeTable-listUl\")]/tbody/tr[1]/td[11]/div/div/div/div[2]/span"}
RESULT: {"using":"xpath","value":"//table[contains(@id, \"massStateChangeTable-listUl\")]/tbody/tr[1]/td[11]/div/div/div/div[2]/span"}
COMMAND: POST /session/a04e8b17cccf81c307ac8c5bdd3012da/element/f.ABFAD7D56B06A6D2CA676A1F0455247C.d.9BD13AE519DEB927D0C848A88E09BC3F.e.1143/click - {}
RESULT: {}
COMMAND: GET /session/a04e8b17cccf81c307ac8c5bdd3012da/screenshot - {}
RESULT: {}
COMMAND: POST /session/a04e8b17cccf81c307ac8c5bdd3012da/element - {"using":"xpath","value":"//table[contains(@id, \"massStateChangeTable-listUl\")]/tbody/tr[1]/td[11]/div/div/div/div[2]/span"}
RESULT: {"using":"xpath","value":"//table[contains(@id, \"massStateChangeTable-listUl\")]/tbody/tr[1]/td[11]/div/div/div/div[2]/span"}
COMMAND: POST /session/a04e8b17cccf81c307ac8c5bdd3012da/element/f.ABFAD7D56B06A6D2CA676A1F0455247C.d.9BD13AE519DEB927D0C848A88E09BC3F.e.1143/click - {}
RESULT: {}
COMMAND: GET /session/a04e8b17cccf81c307ac8c5bdd3012da/screenshot - {}
RESULT: {}
COMMAND: POST /session/a04e8b17cccf81c307ac8c5bdd3012da/element - {"using":"xpath","value":"//table[contains(@id, \"massStateChangeTable-listUl\")]/tbody/tr[1]/td[11]/div/div/div/div[2]/span"}
RESULT: {"using":"xpath","value":"//table[contains(@id, \"massStateChangeTable-listUl\")]/tbody/tr[1]/td[11]/div/div/div/div[2]/span"}
COMMAND: POST /session/a04e8b17cccf81c307ac8c5bdd3012da/element/f.ABFAD7D56B06A6D2CA676A1F0455247C.d.9BD13AE519DEB927D0C848A88E09BC3F.e.1143/click - {}
RESULT: {}
COMMAND: GET /session/a04e8b17cccf81c307ac8c5bdd3012da/screenshot - {}
RESULT: {}
COMMAND: POST /session/a04e8b17cccf81c307ac8c5bdd3012da/element - {"using":"xpath","value":"//table[contains(@id, \"massStateChangeTable-listUl\")]/tbody/tr[1]/td[11]/div/div/div/div[2]/span"}
RESULT: {"using":"xpath","value":"//table[contains(@id, \"massStateChangeTable-listUl\")]/tbody/tr[1]/td[11]/div/div/div/div[2]/span"}
COMMAND: POST /session/a04e8b17cccf81c307ac8c5bdd3012da/element/f.ABFAD7D56B06A6D2CA676A1F0455247C.d.9BD13AE519DEB927D0C848A88E09BC3F.e.1143/click - {}
RESULT: {}
COMMAND: GET /session/a04e8b17cccf81c307ac8c5bdd3012da/screenshot - {}
RESULT: {}
COMMAND: POST /session/a04e8b17cccf81c307ac8c5bdd3012da/element - {"using":"xpath","value":"//table[contains(@id, \"massStateChangeTable-listUl\")]/tbody/tr[1]/td[11]/div/div/div/div[2]/span"}
RESULT: {"using":"xpath","value":"//table[contains(@id, \"massStateChangeTable-listUl\")]/tbody/tr[1]/td[11]/div/div/div/div[2]/span"}
COMMAND: POST /session/a04e8b17cccf81c307ac8c5bdd3012da/element/f.ABFAD7D56B06A6D2CA676A1F0455247C.d.9BD13AE519DEB927D0C848A88E09BC3F.e.1143/click - {}
RESULT: {}
COMMAND: GET /session/a04e8b17cccf81c307ac8c5bdd3012da/screenshot - {}
RESULT: {}
COMMAND: POST /session/a04e8b17cccf81c307ac8c5bdd3012da/element - {"using":"xpath","value":"//table[contains(@id, \"massStateChangeTable-listUl\")]/tbody/tr[1]/td[11]/div/div/div/div[2]/span"}
RESULT: {"using":"xpath","value":"//table[contains(@id, \"massStateChangeTable-listUl\")]/tbody/tr[1]/td[11]/div/div/div/div[2]/span"}
COMMAND: POST /session/a04e8b17cccf81c307ac8c5bdd3012da/element/f.ABFAD7D56B06A6D2CA676A1F0455247C.d.9BD13AE519DEB927D0C848A88E09BC3F.e.1143/click - {}
RESULT: {}
COMMAND: GET /session/a04e8b17cccf81c307ac8c5bdd3012da/screenshot - {}
RESULT: {}
COMMAND: POST /session/a04e8b17cccf81c307ac8c5bdd3012da/element - {"using":"xpath","value":"//table[contains(@id, \"massStateChangeTable-listUl\")]/tbody/tr[1]/td[11]/div/div/div/div[2]/span"}
RESULT: {"using":"xpath","value":"//table[contains(@id, \"massStateChangeTable-listUl\")]/tbody/tr[1]/td[11]/div/div/div/div[2]/span"}
COMMAND: POST /session/a04e8b17cccf81c307ac8c5bdd3012da/element/f.ABFAD7D56B06A6D2CA676A1F0455247C.d.9BD13AE519DEB927D0C848A88E09BC3F.e.1143/click - {}
RESULT: {}
COMMAND: GET /session/a04e8b17cccf81c307ac8c5bdd3012da/screenshot - {}
RESULT: {}
COMMAND: POST /session/a04e8b17cccf81c307ac8c5bdd3012da/element - {"using":"xpath","value":"//table[contains(@id, \"massStateChangeTable-listUl\")]/tbody/tr[1]/td[11]/div/div/div/div[2]/span"}
RESULT: {"using":"xpath","value":"//table[contains(@id, \"massStateChangeTable-listUl\")]/tbody/tr[1]/td[11]/div/div/div/div[2]/span"}
COMMAND: POST /session/a04e8b17cccf81c307ac8c5bdd3012da/element/f.ABFAD7D56B06A6D2CA676A1F0455247C.d.9BD13AE519DEB927D0C848A88E09BC3F.e.1143/click - {}
RESULT: {}
COMMAND: GET /session/a04e8b17cccf81c307ac8c5bdd3012da/screenshot - {}
RESULT: {}
COMMAND: POST /session/a04e8b17cccf81c307ac8c5bdd3012da/element - {"using":"xpath","value":"//table[contains(@id, \"massStateChangeTable-listUl\")]/tbody/tr[1]/td[11]/div/div/div/div[2]/span"}
RESULT: {"using":"xpath","value":"//table[contains(@id, \"massStateChangeTable-listUl\")]/tbody/tr[1]/td[11]/div/div/div/div[2]/span"}
COMMAND: POST /session/a04e8b17cccf81c307ac8c5bdd3012da/element/f.ABFAD7D56B06A6D2CA676A1F0455247C.d.9BD13AE519DEB927D0C848A88E09BC3F.e.1143/click - {}
RESULT: {}
COMMAND: GET /session/a04e8b17cccf81c307ac8c5bdd3012da/screenshot - {}
RESULT: {}
COMMAND: POST /session/a04e8b17cccf81c307ac8c5bdd3012da/element - {"using":"xpath","value":"//table[contains(@id, \"massStateChangeTable-listUl\")]/tbody/tr[1]/td[11]/div/div/div/div[2]/span"}
RESULT: {"using":"xpath","value":"//table[contains(@id, \"massStateChangeTable-listUl\")]/tbody/tr[1]/td[11]/div/div/div/div[2]/span"}
COMMAND: POST /session/a04e8b17cccf81c307ac8c5bdd3012da/element/f.ABFAD7D56B06A6D2CA676A1F0455247C.d.9BD13AE519DEB927D0C848A88E09BC3F.e.1143/click - {}
RESULT: {}
COMMAND: GET /session/a04e8b17cccf81c307ac8c5bdd3012da/screenshot - {}
RESULT: {}
COMMAND: POST /session/a04e8b17cccf81c307ac8c5bdd3012da/element - {"using":"xpath","value":"//table[contains(@id, \"massStateChangeTable-listUl\")]/tbody/tr[1]/td[11]/div/div/div/div[2]/span"}
RESULT: {"using":"xpath","value":"//table[contains(@id, \"massStateChangeTable-listUl\")]/tbody/tr[1]/td[11]/div/div/div/div[2]/span"}
COMMAND: POST /session/a04e8b17cccf81c307ac8c5bdd3012da/element/f.ABFAD7D56B06A6D2CA676A1F0455247C.d.9BD13AE519DEB927D0C848A88E09BC3F.e.1143/click - {}
RESULT: {}
COMMAND: GET /session/a04e8b17cccf81c307ac8c5bdd3012da/screenshot - {}
RESULT: {}
COMMAND: POST /session/a04e8b17cccf81c307ac8c5bdd3012da/element - {"using":"xpath","value":"//table[contains(@id, \"massStateChangeTable-listUl\")]/tbody/tr[1]/td[11]/div/div/div/div[2]/span"}
RESULT: {"using":"xpath","value":"//table[contains(@id, \"massStateChangeTable-listUl\")]/tbody/tr[1]/td[11]/div/div/div/div[2]/span"}
COMMAND: POST /session/a04e8b17cccf81c307ac8c5bdd3012da/element/f.ABFAD7D56B06A6D2CA676A1F0455247C.d.9BD13AE519DEB927D0C848A88E09BC3F.e.1143/click - {}
RESULT: {}
COMMAND: GET /session/a04e8b17cccf81c307ac8c5bdd3012da/screenshot - {}
RESULT: {}
COMMAND: POST /session/a04e8b17cccf81c307ac8c5bdd3012da/element - {"using":"xpath","value":"//table[contains(@id, \"massStateChangeTable-listUl\")]/tbody/tr[1]/td[11]/div/div/div/div[2]/span"}
RESULT: {"using":"xpath","value":"//table[contains(@id, \"massStateChangeTable-listUl\")]/tbody/tr[1]/td[11]/div/div/div/div[2]/span"}
COMMAND: POST /session/a04e8b17cccf81c307ac8c5bdd3012da/element/f.ABFAD7D56B06A6D2CA676A1F0455247C.d.9BD13AE519DEB927D0C848A88E09BC3F.e.1143/click - {}
RESULT: {}
COMMAND: GET /session/a04e8b17cccf81c307ac8c5bdd3012da/screenshot - {}
RESULT: {}
COMMAND: POST /session/a04e8b17cccf81c307ac8c5bdd3012da/element - {"using":"xpath","value":"//table[contains(@id, \"massStateChangeTable-listUl\")]/tbody/tr[1]/td[11]/div/div/div/div[2]/span"}
RESULT: {"using":"xpath","value":"//table[contains(@id, \"massStateChangeTable-listUl\")]/tbody/tr[1]/td[11]/div/div/div/div[2]/span"}
COMMAND: POST /session/a04e8b17cccf81c307ac8c5bdd3012da/element/f.ABFAD7D56B06A6D2CA676A1F0455247C.d.9BD13AE519DEB927D0C848A88E09BC3F.e.1143/click - {}
RESULT: {}
COMMAND: GET /session/a04e8b17cccf81c307ac8c5bdd3012da/screenshot - {}
RESULT: {}
COMMAND: POST /session/a04e8b17cccf81c307ac8c5bdd3012da/element - {"using":"xpath","value":"//table[contains(@id, \"massStateChangeTable-listUl\")]/tbody/tr[1]/td[11]/div/div/div/div[2]/span"}
RESULT: {"using":"xpath","value":"//table[contains(@id, \"massStateChangeTable-listUl\")]/tbody/tr[1]/td[11]/div/div/div/div[2]/span"}
COMMAND: POST /session/a04e8b17cccf81c307ac8c5bdd3012da/element/f.ABFAD7D56B06A6D2CA676A1F0455247C.d.9BD13AE519DEB927D0C848A88E09BC3F.e.1143/click - {}
RESULT: {}
COMMAND: GET /session/a04e8b17cccf81c307ac8c5bdd3012da/screenshot - {}
RESULT: {}
COMMAND: POST /session/a04e8b17cccf81c307ac8c5bdd3012da/element - {"using":"xpath","value":"//table[contains(@id, \"massStateChangeTable-listUl\")]/tbody/tr[1]/td[11]/div/div/div/div[2]/span"}
RESULT: {"using":"xpath","value":"//table[contains(@id, \"massStateChangeTable-listUl\")]/tbody/tr[1]/td[11]/div/div/div/div[2]/span"}
COMMAND: POST /session/a04e8b17cccf81c307ac8c5bdd3012da/element/f.ABFAD7D56B06A6D2CA676A1F0455247C.d.9BD13AE519DEB927D0C848A88E09BC3F.e.1143/click - {}
RESULT: {}
COMMAND: GET /session/a04e8b17cccf81c307ac8c5bdd3012da/screenshot - {}
RESULT: {}
COMMAND: POST /session/a04e8b17cccf81c307ac8c5bdd3012da/element - {"using":"xpath","value":"//table[contains(@id, \"massStateChangeTable-listUl\")]/tbody/tr[1]/td[11]/div/div/div/div[2]/span"}
RESULT: {"using":"xpath","value":"//table[contains(@id, \"massStateChangeTable-listUl\")]/tbody/tr[1]/td[11]/div/div/div/div[2]/span"}
COMMAND: POST /session/a04e8b17cccf81c307ac8c5bdd3012da/element/f.ABFAD7D56B06A6D2CA676A1F0455247C.d.9BD13AE519DEB927D0C848A88E09BC3F.e.1143/click - {}
RESULT: {}
COMMAND: GET /session/a04e8b17cccf81c307ac8c5bdd3012da/screenshot - {}
RESULT: {}
COMMAND: POST /session/a04e8b17cccf81c307ac8c5bdd3012da/element - {"using":"xpath","value":"//table[contains(@id, \"massStateChangeTable-listUl\")]/tbody/tr[1]/td[11]/div/div/div/div[2]/span"}
RESULT: {"using":"xpath","value":"//table[contains(@id, \"massStateChangeTable-listUl\")]/tbody/tr[1]/td[11]/div/div/div/div[2]/span"}
COMMAND: POST /session/a04e8b17cccf81c307ac8c5bdd3012da/element/f.ABFAD7D56B06A6D2CA676A1F0455247C.d.9BD13AE519DEB927D0C848A88E09BC3F.e.1143/click - {}
RESULT: {}
COMMAND: GET /session/a04e8b17cccf81c307ac8c5bdd3012da/screenshot - {}
RESULT: {}
COMMAND: POST /session/a04e8b17cccf81c307ac8c5bdd3012da/element - {"using":"xpath","value":"//table[contains(@id, \"massStateChangeTable-listUl\")]/tbody/tr[1]/td[11]/div/div/div/div[2]/span"}
RESULT: {"using":"xpath","value":"//table[contains(@id, \"massStateChangeTable-listUl\")]/tbody/tr[1]/td[11]/div/div/div/div[2]/span"}
COMMAND: POST /session/a04e8b17cccf81c307ac8c5bdd3012da/element/f.ABFAD7D56B06A6D2CA676A1F0455247C.d.9BD13AE519DEB927D0C848A88E09BC3F.e.1143/click - {}
RESULT: {}
COMMAND: GET /session/a04e8b17cccf81c307ac8c5bdd3012da/screenshot - {}
RESULT: {}
COMMAND: POST /session/a04e8b17cccf81c307ac8c5bdd3012da/element - {"using":"xpath","value":"//table[contains(@id, \"massStateChangeTable-listUl\")]/tbody/tr[1]/td[11]/div/div/div/div[2]/span"}
RESULT: {"using":"xpath","value":"//table[contains(@id, \"massStateChangeTable-listUl\")]/tbody/tr[1]/td[11]/div/div/div/div[2]/span"}
COMMAND: POST /session/a04e8b17cccf81c307ac8c5bdd3012da/element/f.ABFAD7D56B06A6D2CA676A1F0455247C.d.9BD13AE519DEB927D0C848A88E09BC3F.e.1143/click - {}
RESULT: {}
COMMAND: GET /session/a04e8b17cccf81c307ac8c5bdd3012da/screenshot - {}
RESULT: {}
COMMAND: POST /session/a04e8b17cccf81c307ac8c5bdd3012da/element - {"using":"xpath","value":"//table[contains(@id, \"massStateChangeTable-listUl\")]/tbody/tr[1]/td[11]/div/div/div/div[2]/span"}
RESULT: {"using":"xpath","value":"//table[contains(@id, \"massStateChangeTable-listUl\")]/tbody/tr[1]/td[11]/div/div/div/div[2]/span"}
COMMAND: POST /session/a04e8b17cccf81c307ac8c5bdd3012da/element/f.ABFAD7D56B06A6D2CA676A1F0455247C.d.9BD13AE519DEB927D0C848A88E09BC3F.e.1143/click - {}
RESULT: {}
COMMAND: GET /session/a04e8b17cccf81c307ac8c5bdd3012da/screenshot - {}
RESULT: {}
COMMAND: POST /session/a04e8b17cccf81c307ac8c5bdd3012da/element - {"using":"xpath","value":"//table[contains(@id, \"massStateChangeTable-listUl\")]/tbody/tr[1]/td[11]/div/div/div/div[2]/span"}
RESULT: {"using":"xpath","value":"//table[contains(@id, \"massStateChangeTable-listUl\")]/tbody/tr[1]/td[11]/div/div/div/div[2]/span"}
COMMAND: POST /session/a04e8b17cccf81c307ac8c5bdd3012da/element/f.ABFAD7D56B06A6D2CA676A1F0455247C.d.9BD13AE519DEB927D0C848A88E09BC3F.e.1143/click - {}
RESULT: {}
COMMAND: GET /session/a04e8b17cccf81c307ac8c5bdd3012da/screenshot - {}
RESULT: {}
COMMAND: POST /session/a04e8b17cccf81c307ac8c5bdd3012da/element - {"using":"xpath","value":"//table[contains(@id, \"massStateChangeTable-listUl\")]/tbody/tr[1]/td[11]/div/div/div/div[2]/span"}
RESULT: {"using":"xpath","value":"//table[contains(@id, \"massStateChangeTable-listUl\")]/tbody/tr[1]/td[11]/div/div/div/div[2]/span"}
COMMAND: POST /session/a04e8b17cccf81c307ac8c5bdd3012da/element/f.ABFAD7D56B06A6D2CA676A1F0455247C.d.9BD13AE519DEB927D0C848A88E09BC3F.e.1143/click - {}
RESULT: {}
COMMAND: GET /session/a04e8b17cccf81c307ac8c5bdd3012da/screenshot - {}
RESULT: {}
COMMAND: POST /session/a04e8b17cccf81c307ac8c5bdd3012da/element - {"using":"xpath","value":"//table[contains(@id, \"massStateChangeTable-listUl\")]/tbody/tr[1]/td[11]/div/div/div/div[2]/span"}
RESULT: {"using":"xpath","value":"//table[contains(@id, \"massStateChangeTable-listUl\")]/tbody/tr[1]/td[11]/div/div/div/div[2]/span"}
COMMAND: POST /session/a04e8b17cccf81c307ac8c5bdd3012da/element/f.ABFAD7D56B06A6D2CA676A1F0455247C.d.9BD13AE519DEB927D0C848A88E09BC3F.e.1143/click - {}
RESULT: {}
COMMAND: GET /session/a04e8b17cccf81c307ac8c5bdd3012da/screenshot - {}
RESULT: {}
COMMAND: POST /session/a04e8b17cccf81c307ac8c5bdd3012da/element - {"using":"xpath","value":"//table[contains(@id, \"massStateChangeTable-listUl\")]/tbody/tr[1]/td[11]/div/div/div/div[2]/span"}
RESULT: {"using":"xpath","value":"//table[contains(@id, \"massStateChangeTable-listUl\")]/tbody/tr[1]/td[11]/div/div/div/div[2]/span"}
COMMAND: POST /session/a04e8b17cccf81c307ac8c5bdd3012da/element/f.ABFAD7D56B06A6D2CA676A1F0455247C.d.9BD13AE519DEB927D0C848A88E09BC3F.e.1143/click - {}
RESULT: {}
COMMAND: GET /session/a04e8b17cccf81c307ac8c5bdd3012da/screenshot - {}
RESULT: {}
COMMAND: POST /session/a04e8b17cccf81c307ac8c5bdd3012da/element - {"using":"xpath","value":"//table[contains(@id, \"massStateChangeTable-listUl\")]/tbody/tr[1]/td[11]/div/div/div/div[2]/span"}
RESULT: {"using":"xpath","value":"//table[contains(@id, \"massStateChangeTable-listUl\")]/tbody/tr[1]/td[11]/div/div/div/div[2]/span"}
COMMAND: POST /session/a04e8b17cccf81c307ac8c5bdd3012da/element/f.ABFAD7D56B06A6D2CA676A1F0455247C.d.9BD13AE519DEB927D0C848A88E09BC3F.e.1143/click - {}
RESULT: {}
COMMAND: GET /session/a04e8b17cccf81c307ac8c5bdd3012da/screenshot - {}
RESULT: {}
COMMAND: POST /session/a04e8b17cccf81c307ac8c5bdd3012da/element - {"using":"xpath","value":"//table[contains(@id, \"massStateChangeTable-listUl\")]/tbody/tr[1]/td[11]/div/div/div/div[2]/span"}
RESULT: {"using":"xpath","value":"//table[contains(@id, \"massStateChangeTable-listUl\")]/tbody/tr[1]/td[11]/div/div/div/div[2]/span"}
COMMAND: POST /session/a04e8b17cccf81c307ac8c5bdd3012da/element/f.ABFAD7D56B06A6D2CA676A1F0455247C.d.9BD13AE519DEB927D0C848A88E09BC3F.e.1143/click - {}
RESULT: {}
COMMAND: GET /session/a04e8b17cccf81c307ac8c5bdd3012da/screenshot - {}
RESULT: {}
COMMAND: POST /session/a04e8b17cccf81c307ac8c5bdd3012da/element - {"using":"xpath","value":"//table[contains(@id, \"massStateChangeTable-listUl\")]/tbody/tr[1]/td[11]/div/div/div/div[2]/span"}
RESULT: {"using":"xpath","value":"//table[contains(@id, \"massStateChangeTable-listUl\")]/tbody/tr[1]/td[11]/div/div/div/div[2]/span"}
COMMAND: POST /session/a04e8b17cccf81c307ac8c5bdd3012da/element/f.ABFAD7D56B06A6D2CA676A1F0455247C.d.9BD13AE519DEB927D0C848A88E09BC3F.e.1143/click - {}
RESULT: {}
COMMAND: GET /session/a04e8b17cccf81c307ac8c5bdd3012da/screenshot - {}
RESULT: {}
COMMAND: POST /session/a04e8b17cccf81c307ac8c5bdd3012da/element - {"using":"xpath","value":"//table[contains(@id, \"massStateChangeTable-listUl\")]/tbody/tr[1]/td[11]/div/div/div/div[2]/span"}
RESULT: {"using":"xpath","value":"//table[contains(@id, \"massStateChangeTable-listUl\")]/tbody/tr[1]/td[11]/div/div/div/div[2]/span"}
COMMAND: POST /session/a04e8b17cccf81c307ac8c5bdd3012da/element/f.ABFAD7D56B06A6D2CA676A1F0455247C.d.9BD13AE519DEB927D0C848A88E09BC3F.e.1143/click - {}
RESULT: {}
COMMAND: GET /session/a04e8b17cccf81c307ac8c5bdd3012da/screenshot - {}
RESULT: {}
COMMAND: POST /session/a04e8b17cccf81c307ac8c5bdd3012da/element - {"using":"xpath","value":"//table[contains(@id, \"massStateChangeTable-listUl\")]/tbody/tr[1]/td[11]/div/div/div/div[2]/span"}
RESULT: {"using":"xpath","value":"//table[contains(@id, \"massStateChangeTable-listUl\")]/tbody/tr[1]/td[11]/div/div/div/div[2]/span"}
COMMAND: POST /session/a04e8b17cccf81c307ac8c5bdd3012da/element/f.ABFAD7D56B06A6D2CA676A1F0455247C.d.9BD13AE519DEB927D0C848A88E09BC3F.e.1143/click - {}
RESULT: {}
COMMAND: GET /session/a04e8b17cccf81c307ac8c5bdd3012da/screenshot - {}
RESULT: {}
COMMAND: POST /session/a04e8b17cccf81c307ac8c5bdd3012da/element - {"using":"xpath","value":"//table[contains(@id, \"massStateChangeTable-listUl\")]/tbody/tr[1]/td[11]/div/div/div/div[2]/span"}
RESULT: {"using":"xpath","value":"//table[contains(@id, \"massStateChangeTable-listUl\")]/tbody/tr[1]/td[11]/div/div/div/div[2]/span"}
COMMAND: POST /session/a04e8b17cccf81c307ac8c5bdd3012da/element/f.ABFAD7D56B06A6D2CA676A1F0455247C.d.9BD13AE519DEB927D0C848A88E09BC3F.e.1143/click - {}
RESULT: {}
COMMAND: GET /session/a04e8b17cccf81c307ac8c5bdd3012da/screenshot - {}
RESULT: {}
COMMAND: POST /session/a04e8b17cccf81c307ac8c5bdd3012da/element - {"using":"xpath","value":"//table[contains(@id, \"massStateChangeTable-listUl\")]/tbody/tr[1]/td[11]/div/div/div/div[2]/span"}
RESULT: {"using":"xpath","value":"//table[contains(@id, \"massStateChangeTable-listUl\")]/tbody/tr[1]/td[11]/div/div/div/div[2]/span"}
COMMAND: POST /session/a04e8b17cccf81c307ac8c5bdd3012da/element/f.ABFAD7D56B06A6D2CA676A1F0455247C.d.9BD13AE519DEB927D0C848A88E09BC3F.e.1143/click - {}
RESULT: {}
COMMAND: GET /session/a04e8b17cccf81c307ac8c5bdd3012da/screenshot - {}
RESULT: {}
COMMAND: POST /session/a04e8b17cccf81c307ac8c5bdd3012da/element - {"using":"xpath","value":"//table[contains(@id, \"massStateChangeTable-listUl\")]/tbody/tr[1]/td[11]/div/div/div/div[2]/span"}
RESULT: {"using":"xpath","value":"//table[contains(@id, \"massStateChangeTable-listUl\")]/tbody/tr[1]/td[11]/div/div/div/div[2]/span"}
COMMAND: POST /session/a04e8b17cccf81c307ac8c5bdd3012da/element/f.ABFAD7D56B06A6D2CA676A1F0455247C.d.9BD13AE519DEB927D0C848A88E09BC3F.e.1143/click - {}
RESULT: {}
COMMAND: GET /session/a04e8b17cccf81c307ac8c5bdd3012da/screenshot - {}
RESULT: {}
COMMAND: POST /session/a04e8b17cccf81c307ac8c5bdd3012da/element - {"using":"xpath","value":"//table[contains(@id, \"massStateChangeTable-listUl\")]/tbody/tr[1]/td[11]/div/div/div/div[2]/span"}
RESULT: {"using":"xpath","value":"//table[contains(@id, \"massStateChangeTable-listUl\")]/tbody/tr[1]/td[11]/div/div/div/div[2]/span"}
COMMAND: POST /session/a04e8b17cccf81c307ac8c5bdd3012da/element/f.ABFAD7D56B06A6D2CA676A1F0455247C.d.9BD13AE519DEB927D0C848A88E09BC3F.e.1143/click - {}
RESULT: {}
COMMAND: GET /session/a04e8b17cccf81c307ac8c5bdd3012da/screenshot - {}
RESULT: {}
COMMAND: POST /session/a04e8b17cccf81c307ac8c5bdd3012da/element - {"using":"xpath","value":"//table[contains(@id, \"massStateChangeTable-listUl\")]/tbody/tr[1]/td[11]/div/div/div/div[2]/span"}
RESULT: {"using":"xpath","value":"//table[contains(@id, \"massStateChangeTable-listUl\")]/tbody/tr[1]/td[11]/div/div/div/div[2]/span"}
COMMAND: POST /session/a04e8b17cccf81c307ac8c5bdd3012da/element/f.ABFAD7D56B06A6D2CA676A1F0455247C.d.9BD13AE519DEB927D0C848A88E09BC3F.e.1143/click - {}
RESULT: {}
COMMAND: GET /session/a04e8b17cccf81c307ac8c5bdd3012da/screenshot - {}
RESULT: {}
COMMAND: POST /session/a04e8b17cccf81c307ac8c5bdd3012da/element - {"using":"xpath","value":"//table[contains(@id, \"massStateChangeTable-listUl\")]/tbody/tr[1]/td[11]/div/div/div/div[2]/span"}
RESULT: {"using":"xpath","value":"//table[contains(@id, \"massStateChangeTable-listUl\")]/tbody/tr[1]/td[11]/div/div/div/div[2]/span"}
COMMAND: POST /session/a04e8b17cccf81c307ac8c5bdd3012da/element/f.ABFAD7D56B06A6D2CA676A1F0455247C.d.9BD13AE519DEB927D0C848A88E09BC3F.e.1143/click - {}
RESULT: {}
COMMAND: GET /session/a04e8b17cccf81c307ac8c5bdd3012da/screenshot - {}
RESULT: {}
COMMAND: POST /session/a04e8b17cccf81c307ac8c5bdd3012da/element - {"using":"xpath","value":"//table[contains(@id, \"massStateChangeTable-listUl\")]/tbody/tr[1]/td[11]/div/div/div/div[2]/span"}
RESULT: {"using":"xpath","value":"//table[contains(@id, \"massStateChangeTable-listUl\")]/tbody/tr[1]/td[11]/div/div/div/div[2]/span"}
COMMAND: POST /session/a04e8b17cccf81c307ac8c5bdd3012da/element/f.ABFAD7D56B06A6D2CA676A1F0455247C.d.9BD13AE519DEB927D0C848A88E09BC3F.e.1143/click - {}
RESULT: {}
COMMAND: GET /session/a04e8b17cccf81c307ac8c5bdd3012da/screenshot - {}
RESULT: {}
COMMAND: POST /session/a04e8b17cccf81c307ac8c5bdd3012da/element - {"using":"xpath","value":"//table[contains(@id, \"massStateChangeTable-listUl\")]/tbody/tr[1]/td[11]/div/div/div/div[2]/span"}
RESULT: {"using":"xpath","value":"//table[contains(@id, \"massStateChangeTable-listUl\")]/tbody/tr[1]/td[11]/div/div/div/div[2]/span"}
COMMAND: POST /session/a04e8b17cccf81c307ac8c5bdd3012da/element/f.ABFAD7D56B06A6D2CA676A1F0455247C.d.9BD13AE519DEB927D0C848A88E09BC3F.e.1143/click - {}
RESULT: {}
COMMAND: GET /session/a04e8b17cccf81c307ac8c5bdd3012da/screenshot - {}
RESULT: {}
COMMAND: POST /session/a04e8b17cccf81c307ac8c5bdd3012da/element - {"using":"xpath","value":"//table[contains(@id, \"massStateChangeTable-listUl\")]/tbody/tr[1]/td[11]/div/div/div/div[2]/span"}
RESULT: {"using":"xpath","value":"//table[contains(@id, \"massStateChangeTable-listUl\")]/tbody/tr[1]/td[11]/div/div/div/div[2]/span"}
COMMAND: POST /session/a04e8b17cccf81c307ac8c5bdd3012da/element/f.ABFAD7D56B06A6D2CA676A1F0455247C.d.9BD13AE519DEB927D0C848A88E09BC3F.e.1143/click - {}
RESULT: {}
COMMAND: GET /session/a04e8b17cccf81c307ac8c5bdd3012da/screenshot - {}
RESULT: {}
COMMAND: POST /session/a04e8b17cccf81c307ac8c5bdd3012da/element - {"using":"xpath","value":"//table[contains(@id, \"massStateChangeTable-listUl\")]/tbody/tr[1]/td[11]/div/div/div/div[2]/span"}
RESULT: {"using":"xpath","value":"//table[contains(@id, \"massStateChangeTable-listUl\")]/tbody/tr[1]/td[11]/div/div/div/div[2]/span"}
COMMAND: POST /session/a04e8b17cccf81c307ac8c5bdd3012da/element/f.ABFAD7D56B06A6D2CA676A1F0455247C.d.9BD13AE519DEB927D0C848A88E09BC3F.e.1143/click - {}
RESULT: {}
COMMAND: GET /session/a04e8b17cccf81c307ac8c5bdd3012da/screenshot - {}
RESULT: {}
COMMAND: POST /session/a04e8b17cccf81c307ac8c5bdd3012da/element - {"using":"xpath","value":"//table[contains(@id, \"massStateChangeTable-listUl\")]/tbody/tr[1]/td[11]/div/div/div/div[2]/span"}
RESULT: {"using":"xpath","value":"//table[contains(@id, \"massStateChangeTable-listUl\")]/tbody/tr[1]/td[11]/div/div/div/div[2]/span"}
COMMAND: POST /session/a04e8b17cccf81c307ac8c5bdd3012da/element/f.ABFAD7D56B06A6D2CA676A1F0455247C.d.9BD13AE519DEB927D0C848A88E09BC3F.e.1143/click - {}
RESULT: {}
COMMAND: GET /session/a04e8b17cccf81c307ac8c5bdd3012da/screenshot - {}
RESULT: {}
COMMAND: POST /session/a04e8b17cccf81c307ac8c5bdd3012da/element - {"using":"xpath","value":"//table[contains(@id, \"massStateChangeTable-listUl\")]/tbody/tr[2]/td[11]/div/div/div/div[2]/span"}
RESULT: {"using":"xpath","value":"//table[contains(@id, \"massStateChangeTable-listUl\")]/tbody/tr[2]/td[11]/div/div/div/div[2]/span"}
COMMAND: POST /session/a04e8b17cccf81c307ac8c5bdd3012da/element/f.ABFAD7D56B06A6D2CA676A1F0455247C.d.9BD13AE519DEB927D0C848A88E09BC3F.e.1144/click - {}
RESULT: {}
COMMAND: GET /session/a04e8b17cccf81c307ac8c5bdd3012da/screenshot - {}
RESULT: {}
COMMAND: POST /session/a04e8b17cccf81c307ac8c5bdd3012da/element - {"using":"xpath","value":"//table[contains(@id, \"massStateChangeTable-listUl\")]/tbody/tr[1]/td[11]/div/div/div/input"}
RESULT: {"using":"xpath","value":"//table[contains(@id, \"massStateChangeTable-listUl\")]/tbody/tr[1]/td[11]/div/div/div/input"}
COMMAND: GET /session/a04e8b17cccf81c307ac8c5bdd3012da/element/f.ABFAD7D56B06A6D2CA676A1F0455247C.d.9BD13AE519DEB927D0C848A88E09BC3F.e.1122/property/value - {}
RESULT: {}
COMMAND: POST /session/a04e8b17cccf81c307ac8c5bdd3012da/element - {"using":"xpath","value":"//table[contains(@id, \"massStateChangeTable-listUl\")]/tbody/tr[2]/td[11]/div/div/div/input"}
COMMAND: GET /session/a04e8b17cccf81c307ac8c5bdd3012da/screenshot - {}
RESULT: {"using":"xpath","value":"//table[contains(@id, \"massStateChangeTable-listUl\")]/tbody/tr[2]/td[11]/div/div/div/input"}
COMMAND: GET /session/a04e8b17cccf81c307ac8c5bdd3012da/element/f.ABFAD7D56B06A6D2CA676A1F0455247C.d.9BD13AE519DEB927D0C848A88E09BC3F.e.1126/property/value - {}
RESULT: {}
RESULT: {}
COMMAND: POST /session/a04e8b17cccf81c307ac8c5bdd3012da/element - {"using":"xpath","value":"(//bdi[contains(text(), \"OK\")])[1]"}
COMMAND: GET /session/a04e8b17cccf81c307ac8c5bdd3012da/screenshot - {}
RESULT: {"using":"xpath","value":"(//bdi[contains(text(), \"OK\")])[1]"}
COMMAND: POST /session/a04e8b17cccf81c307ac8c5bdd3012da/element/f.ABFAD7D56B06A6D2CA676A1F0455247C.d.9BD13AE519DEB927D0C848A88E09BC3F.e.1130/click - {}
RESULT: {}
RESULT: {}
COMMAND: GET /session/a04e8b17cccf81c307ac8c5bdd3012da/screenshot - {}
RESULT: {}
COMMAND: POST /session/a04e8b17cccf81c307ac8c5bdd3012da/element - {"using":"xpath","value":"(//bdi[contains(text(), \"OK\")])[2]"}
RESULT: {"using":"xpath","value":"(//bdi[contains(text(), \"OK\")])[2]"}
COMMAND: POST /session/a04e8b17cccf81c307ac8c5bdd3012da/element/f.ABFAD7D56B06A6D2CA676A1F0455247C.d.9BD13AE519DEB927D0C848A88E09BC3F.e.1147/click - {}
RESULT: {}
COMMAND: GET /session/a04e8b17cccf81c307ac8c5bdd3012da/screenshot - {}
RESULT: {}
RESULT: undefined
COMMAND: POST /session/a04e8b17cccf81c307ac8c5bdd3012da/execute/async - {"script":"<script> [776 bytes]","args":[{"enterText":"600002","selector":{"id":"application-ruinventorylist-display-component---Master--smartFilterBar-btnBasicSearch","interaction":{"idSuffix":"I"}},"clearTextFirst":true,"interactionType":"ENTER_TEXT"}]}
RESULT: {"script":"<script> [776 bytes]","args":[{"enterText":"600002","selector":{"id":"application-ruinventorylist-display-component---Master--smartFilterBar-btnBasicSearch","interaction":{"idSuffix":"I"}},"clearTextFirst":true,"interactionType":"ENTER_TEXT"}]}
COMMAND: POST /session/a04e8b17cccf81c307ac8c5bdd3012da/actions - {"actions":[{"id":"action5","type":"key","parameters":{},"actions":[{"type":"keyDown","value":""},{"type":"pause","duration":10},{"type":"keyUp","value":""}]}]}
RESULT: {"actions":[{"id":"action5","type":"key","parameters":{},"actions":[{"type":"keyDown","value":""},{"type":"pause","duration":10},{"type":"keyUp","value":""}]}]}
COMMAND: GET /session/a04e8b17cccf81c307ac8c5bdd3012da/screenshot - {}
RESULT: {}
COMMAND: POST /session/a04e8b17cccf81c307ac8c5bdd3012da/element - {"using":"xpath","value":"//span[@id=\"application-ruinventorylist-display-component---Master--smartTableRuInventoryList-header-inner\"]"}
RESULT: {"using":"xpath","value":"//span[@id=\"application-ruinventorylist-display-component---Master--smartTableRuInventoryList-header-inner\"]"}
COMMAND: POST /session/a04e8b17cccf81c307ac8c5bdd3012da/elements - {"using":"xpath","value":"//span[@id=\"application-ruinventorylist-display-component---Master--smartTableRuInventoryList-header-inner\"]"}
RESULT: {"using":"xpath","value":"//span[@id=\"application-ruinventorylist-display-component---Master--smartTableRuInventoryList-header-inner\"]"}
COMMAND: POST /session/a04e8b17cccf81c307ac8c5bdd3012da/execute/sync - {"script":"<script> [56 bytes]","args":[{"element-6066-11e4-a52e-4f735466cecf":"f.ABFAD7D56B06A6D2CA676A1F0455247C.d.9BD13AE519DEB927D0C848A88E09BC3F.e.840","ELEMENT":"f.ABFAD7D56B06A6D2CA676A1F0455247C.d.9BD13AE519DEB927D0C848A88E09BC3F.e.840"}]}
RESULT: {"script":"<script> [56 bytes]","args":[{"element-6066-11e4-a52e-4f735466cecf":"f.ABFAD7D56B06A6D2CA676A1F0455247C.d.9BD13AE519DEB927D0C848A88E09BC3F.e.840","ELEMENT":"f.ABFAD7D56B06A6D2CA676A1F0455247C.d.9BD13AE519DEB927D0C848A88E09BC3F.e.840"}]}
COMMAND: POST /session/a04e8b17cccf81c307ac8c5bdd3012da/element - {"using":"xpath","value":"//table[contains(@id, \"application-ruinventorylist-display-component---Master--tableRuInventoryList-listUl\")]/tbody/tr[1]/td[6]/div/span"}
COMMAND: GET /session/a04e8b17cccf81c307ac8c5bdd3012da/screenshot - {}
RESULT: {"using":"xpath","value":"//table[contains(@id, \"application-ruinventorylist-display-component---Master--tableRuInventoryList-listUl\")]/tbody/tr[1]/td[6]/div/span"}
COMMAND: POST /session/a04e8b17cccf81c307ac8c5bdd3012da/execute/sync - {"script":"<script> [56 bytes]","args":[{"element-6066-11e4-a52e-4f735466cecf":"f.ABFAD7D56B06A6D2CA676A1F0455247C.d.9BD13AE519DEB927D0C848A88E09BC3F.e.1170","ELEMENT":"f.ABFAD7D56B06A6D2CA676A1F0455247C.d.9BD13AE519DEB927D0C848A88E09BC3F.e.1170"}]}
RESULT: {}
RESULT: {"script":"<script> [56 bytes]","args":[{"element-6066-11e4-a52e-4f735466cecf":"f.ABFAD7D56B06A6D2CA676A1F0455247C.d.9BD13AE519DEB927D0C848A88E09BC3F.e.1170","ELEMENT":"f.ABFAD7D56B06A6D2CA676A1F0455247C.d.9BD13AE519DEB927D0C848A88E09BC3F.e.1170"}]}
COMMAND: POST /session/a04e8b17cccf81c307ac8c5bdd3012da/element - {"using":"xpath","value":"//div[contains(@id, \"smartFilterBar-btnBasicSearch-reset\")]"}
COMMAND: GET /session/a04e8b17cccf81c307ac8c5bdd3012da/screenshot - {}
RESULT: {"using":"xpath","value":"//div[contains(@id, \"smartFilterBar-btnBasicSearch-reset\")]"}
COMMAND: POST /session/a04e8b17cccf81c307ac8c5bdd3012da/element/f.ABFAD7D56B06A6D2CA676A1F0455247C.d.9BD13AE519DEB927D0C848A88E09BC3F.e.858/click - {}
RESULT: {}
RESULT: {}
COMMAND: GET /session/a04e8b17cccf81c307ac8c5bdd3012da/screenshot - {}
RESULT: {}
RESULT: undefined
COMMAND: POST /session/a04e8b17cccf81c307ac8c5bdd3012da/execute/async - {"script":"<script> [776 bytes]","args":[{"enterText":"401002","selector":{"id":"application-ruinventorylist-display-component---Master--smartFilterBar-btnBasicSearch","interaction":{"idSuffix":"I"}},"clearTextFirst":true,"interactionType":"ENTER_TEXT"}]}
RESULT: {"script":"<script> [776 bytes]","args":[{"enterText":"401002","selector":{"id":"application-ruinventorylist-display-component---Master--smartFilterBar-btnBasicSearch","interaction":{"idSuffix":"I"}},"clearTextFirst":true,"interactionType":"ENTER_TEXT"}]}
COMMAND: POST /session/a04e8b17cccf81c307ac8c5bdd3012da/actions - {"actions":[{"id":"action6","type":"key","parameters":{},"actions":[{"type":"keyDown","value":""},{"type":"pause","duration":10},{"type":"keyUp","value":""}]}]}
RESULT: {"actions":[{"id":"action6","type":"key","parameters":{},"actions":[{"type":"keyDown","value":""},{"type":"pause","duration":10},{"type":"keyUp","value":""}]}]}
COMMAND: GET /session/a04e8b17cccf81c307ac8c5bdd3012da/screenshot - {}
RESULT: {}
COMMAND: POST /session/a04e8b17cccf81c307ac8c5bdd3012da/element - {"using":"xpath","value":"//span[@id=\"application-ruinventorylist-display-component---Master--smartTableRuInventoryList-header-inner\"]"}
RESULT: {"using":"xpath","value":"//span[@id=\"application-ruinventorylist-display-component---Master--smartTableRuInventoryList-header-inner\"]"}
COMMAND: POST /session/a04e8b17cccf81c307ac8c5bdd3012da/elements - {"using":"xpath","value":"//span[@id=\"application-ruinventorylist-display-component---Master--smartTableRuInventoryList-header-inner\"]"}
RESULT: {"using":"xpath","value":"//span[@id=\"application-ruinventorylist-display-component---Master--smartTableRuInventoryList-header-inner\"]"}
COMMAND: POST /session/a04e8b17cccf81c307ac8c5bdd3012da/execute/sync - {"script":"<script> [56 bytes]","args":[{"element-6066-11e4-a52e-4f735466cecf":"f.ABFAD7D56B06A6D2CA676A1F0455247C.d.9BD13AE519DEB927D0C848A88E09BC3F.e.840","ELEMENT":"f.ABFAD7D56B06A6D2CA676A1F0455247C.d.9BD13AE519DEB927D0C848A88E09BC3F.e.840"}]}
RESULT: {"script":"<script> [56 bytes]","args":[{"element-6066-11e4-a52e-4f735466cecf":"f.ABFAD7D56B06A6D2CA676A1F0455247C.d.9BD13AE519DEB927D0C848A88E09BC3F.e.840","ELEMENT":"f.ABFAD7D56B06A6D2CA676A1F0455247C.d.9BD13AE519DEB927D0C848A88E09BC3F.e.840"}]}
COMMAND: POST /session/a04e8b17cccf81c307ac8c5bdd3012da/element - {"using":"xpath","value":"//table[contains(@id, \"application-ruinventorylist-display-component---Master--tableRuInventoryList-listUl\")]/tbody/tr[1]/td[6]/div/span"}
COMMAND: GET /session/a04e8b17cccf81c307ac8c5bdd3012da/screenshot - {}
RESULT: {"using":"xpath","value":"//table[contains(@id, \"application-ruinventorylist-display-component---Master--tableRuInventoryList-listUl\")]/tbody/tr[1]/td[6]/div/span"}
COMMAND: POST /session/a04e8b17cccf81c307ac8c5bdd3012da/execute/sync - {"script":"<script> [56 bytes]","args":[{"element-6066-11e4-a52e-4f735466cecf":"f.ABFAD7D56B06A6D2CA676A1F0455247C.d.9BD13AE519DEB927D0C848A88E09BC3F.e.1245","ELEMENT":"f.ABFAD7D56B06A6D2CA676A1F0455247C.d.9BD13AE519DEB927D0C848A88E09BC3F.e.1245"}]}
RESULT: {}
RESULT: {"script":"<script> [56 bytes]","args":[{"element-6066-11e4-a52e-4f735466cecf":"f.ABFAD7D56B06A6D2CA676A1F0455247C.d.9BD13AE519DEB927D0C848A88E09BC3F.e.1245","ELEMENT":"f.ABFAD7D56B06A6D2CA676A1F0455247C.d.9BD13AE519DEB927D0C848A88E09BC3F.e.1245"}]}
COMMAND: POST /session/a04e8b17cccf81c307ac8c5bdd3012da/element - {"using":"xpath","value":"//div[contains(@id, \"smartFilterBar-btnBasicSearch-reset\")]"}
COMMAND: GET /session/a04e8b17cccf81c307ac8c5bdd3012da/screenshot - {}
RESULT: {"using":"xpath","value":"//div[contains(@id, \"smartFilterBar-btnBasicSearch-reset\")]"}
COMMAND: POST /session/a04e8b17cccf81c307ac8c5bdd3012da/element/f.ABFAD7D56B06A6D2CA676A1F0455247C.d.9BD13AE519DEB927D0C848A88E09BC3F.e.858/click - {}
RESULT: {}
RESULT: {}
COMMAND: GET /session/a04e8b17cccf81c307ac8c5bdd3012da/screenshot - {}
RESULT: {}
COMMAND: POST /session/a04e8b17cccf81c307ac8c5bdd3012da/element/f.ABFAD7D56B06A6D2CA676A1F0455247C.d.9BD13AE519DEB927D0C848A88E09BC3F.e.294/click - {}
RESULT: {}
COMMAND: GET /session/a04e8b17cccf81c307ac8c5bdd3012da/screenshot - {}
RESULT: {}
RESULT: undefined
COMMAND: POST /session/a04e8b17cccf81c307ac8c5bdd3012da/execute/async - {"script":"<script> [776 bytes]","args":[{"enterText":"600002","selector":{"id":"application-ruinventorylist-display-component---Master--smartFilterBar-btnBasicSearch","interaction":{"idSuffix":"I"}},"clearTextFirst":true,"interactionType":"ENTER_TEXT"}]}
RESULT: {"script":"<script> [776 bytes]","args":[{"enterText":"600002","selector":{"id":"application-ruinventorylist-display-component---Master--smartFilterBar-btnBasicSearch","interaction":{"idSuffix":"I"}},"clearTextFirst":true,"interactionType":"ENTER_TEXT"}]}
COMMAND: POST /session/a04e8b17cccf81c307ac8c5bdd3012da/actions - {"actions":[{"id":"action7","type":"key","parameters":{},"actions":[{"type":"keyDown","value":""},{"type":"pause","duration":10},{"type":"keyUp","value":""}]}]}
RESULT: {"actions":[{"id":"action7","type":"key","parameters":{},"actions":[{"type":"keyDown","value":""},{"type":"pause","duration":10},{"type":"keyUp","value":""}]}]}
COMMAND: GET /session/a04e8b17cccf81c307ac8c5bdd3012da/screenshot - {}
RESULT: {}
COMMAND: POST /session/a04e8b17cccf81c307ac8c5bdd3012da/element - {"using":"xpath","value":"//span[@id=\"application-ruinventorylist-display-component---Master--smartTableRuInventoryList-header-inner\"]"}
RESULT: {"using":"xpath","value":"//span[@id=\"application-ruinventorylist-display-component---Master--smartTableRuInventoryList-header-inner\"]"}
COMMAND: POST /session/a04e8b17cccf81c307ac8c5bdd3012da/elements - {"using":"xpath","value":"//span[@id=\"application-ruinventorylist-display-component---Master--smartTableRuInventoryList-header-inner\"]"}
RESULT: {"using":"xpath","value":"//span[@id=\"application-ruinventorylist-display-component---Master--smartTableRuInventoryList-header-inner\"]"}
COMMAND: POST /session/a04e8b17cccf81c307ac8c5bdd3012da/execute/sync - {"script":"<script> [56 bytes]","args":[{"element-6066-11e4-a52e-4f735466cecf":"f.ABFAD7D56B06A6D2CA676A1F0455247C.d.9BD13AE519DEB927D0C848A88E09BC3F.e.840","ELEMENT":"f.ABFAD7D56B06A6D2CA676A1F0455247C.d.9BD13AE519DEB927D0C848A88E09BC3F.e.840"}]}
RESULT: {"script":"<script> [56 bytes]","args":[{"element-6066-11e4-a52e-4f735466cecf":"f.ABFAD7D56B06A6D2CA676A1F0455247C.d.9BD13AE519DEB927D0C848A88E09BC3F.e.840","ELEMENT":"f.ABFAD7D56B06A6D2CA676A1F0455247C.d.9BD13AE519DEB927D0C848A88E09BC3F.e.840"}]}
COMMAND: POST /session/a04e8b17cccf81c307ac8c5bdd3012da/element - {"using":"xpath","value":"//table[contains(@id, \"application-ruinventorylist-display-component---Master--tableRuInventoryList-listUl\")]/tbody/tr[1]/td[2]/div/div"}
COMMAND: GET /session/a04e8b17cccf81c307ac8c5bdd3012da/screenshot - {}
RESULT: {"using":"xpath","value":"//table[contains(@id, \"application-ruinventorylist-display-component---Master--tableRuInventoryList-listUl\")]/tbody/tr[1]/td[2]/div/div"}
COMMAND: POST /session/a04e8b17cccf81c307ac8c5bdd3012da/element/f.ABFAD7D56B06A6D2CA676A1F0455247C.d.9BD13AE519DEB927D0C848A88E09BC3F.e.1485/click - {}
RESULT: {}
RESULT: {}
COMMAND: GET /session/a04e8b17cccf81c307ac8c5bdd3012da/screenshot - {}
RESULT: {}
COMMAND: POST /session/a04e8b17cccf81c307ac8c5bdd3012da/element - {"using":"xpath","value":"//div[contains(@id, \"smartFilterBar-btnBasicSearch-reset\")]"}
RESULT: {"using":"xpath","value":"//div[contains(@id, \"smartFilterBar-btnBasicSearch-reset\")]"}
COMMAND: POST /session/a04e8b17cccf81c307ac8c5bdd3012da/element/f.ABFAD7D56B06A6D2CA676A1F0455247C.d.9BD13AE519DEB927D0C848A88E09BC3F.e.858/click - {}
RESULT: {}
COMMAND: GET /session/a04e8b17cccf81c307ac8c5bdd3012da/screenshot - {}
RESULT: {}
RESULT: undefined
COMMAND: POST /session/a04e8b17cccf81c307ac8c5bdd3012da/execute/async - {"script":"<script> [776 bytes]","args":[{"enterText":"401002","selector":{"id":"application-ruinventorylist-display-component---Master--smartFilterBar-btnBasicSearch","interaction":{"idSuffix":"I"}},"clearTextFirst":true,"interactionType":"ENTER_TEXT"}]}
RESULT: {"script":"<script> [776 bytes]","args":[{"enterText":"401002","selector":{"id":"application-ruinventorylist-display-component---Master--smartFilterBar-btnBasicSearch","interaction":{"idSuffix":"I"}},"clearTextFirst":true,"interactionType":"ENTER_TEXT"}]}
COMMAND: POST /session/a04e8b17cccf81c307ac8c5bdd3012da/actions - {"actions":[{"id":"action8","type":"key","parameters":{},"actions":[{"type":"keyDown","value":""},{"type":"pause","duration":10},{"type":"keyUp","value":""}]}]}
RESULT: {"actions":[{"id":"action8","type":"key","parameters":{},"actions":[{"type":"keyDown","value":""},{"type":"pause","duration":10},{"type":"keyUp","value":""}]}]}
COMMAND: GET /session/a04e8b17cccf81c307ac8c5bdd3012da/screenshot - {}
RESULT: {}
COMMAND: POST /session/a04e8b17cccf81c307ac8c5bdd3012da/element - {"using":"xpath","value":"//span[@id=\"application-ruinventorylist-display-component---Master--smartTableRuInventoryList-header-inner\"]"}
RESULT: {"using":"xpath","value":"//span[@id=\"application-ruinventorylist-display-component---Master--smartTableRuInventoryList-header-inner\"]"}
COMMAND: POST /session/a04e8b17cccf81c307ac8c5bdd3012da/elements - {"using":"xpath","value":"//span[@id=\"application-ruinventorylist-display-component---Master--smartTableRuInventoryList-header-inner\"]"}
RESULT: {"using":"xpath","value":"//span[@id=\"application-ruinventorylist-display-component---Master--smartTableRuInventoryList-header-inner\"]"}
COMMAND: POST /session/a04e8b17cccf81c307ac8c5bdd3012da/execute/sync - {"script":"<script> [56 bytes]","args":[{"element-6066-11e4-a52e-4f735466cecf":"f.ABFAD7D56B06A6D2CA676A1F0455247C.d.9BD13AE519DEB927D0C848A88E09BC3F.e.840","ELEMENT":"f.ABFAD7D56B06A6D2CA676A1F0455247C.d.9BD13AE519DEB927D0C848A88E09BC3F.e.840"}]}
RESULT: {"script":"<script> [56 bytes]","args":[{"element-6066-11e4-a52e-4f735466cecf":"f.ABFAD7D56B06A6D2CA676A1F0455247C.d.9BD13AE519DEB927D0C848A88E09BC3F.e.840","ELEMENT":"f.ABFAD7D56B06A6D2CA676A1F0455247C.d.9BD13AE519DEB927D0C848A88E09BC3F.e.840"}]}
COMMAND: POST /session/a04e8b17cccf81c307ac8c5bdd3012da/element - {"using":"xpath","value":"//table[contains(@id, \"application-ruinventorylist-display-component---Master--tableRuInventoryList-listUl\")]/tbody/tr[1]/td[2]/div/div"}
COMMAND: GET /session/a04e8b17cccf81c307ac8c5bdd3012da/screenshot - {}
RESULT: {"using":"xpath","value":"//table[contains(@id, \"application-ruinventorylist-display-component---Master--tableRuInventoryList-listUl\")]/tbody/tr[1]/td[2]/div/div"}
COMMAND: POST /session/a04e8b17cccf81c307ac8c5bdd3012da/element/f.ABFAD7D56B06A6D2CA676A1F0455247C.d.9BD13AE519DEB927D0C848A88E09BC3F.e.1621/click - {}
RESULT: {}
RESULT: {}
COMMAND: GET /session/a04e8b17cccf81c307ac8c5bdd3012da/screenshot - {}
RESULT: {}
COMMAND: POST /session/a04e8b17cccf81c307ac8c5bdd3012da/element - {"using":"xpath","value":"//div[contains(@id, \"smartFilterBar-btnBasicSearch-reset\")]"}
RESULT: {"using":"xpath","value":"//div[contains(@id, \"smartFilterBar-btnBasicSearch-reset\")]"}
COMMAND: POST /session/a04e8b17cccf81c307ac8c5bdd3012da/element/f.ABFAD7D56B06A6D2CA676A1F0455247C.d.9BD13AE519DEB927D0C848A88E09BC3F.e.858/click - {}
RESULT: {}
COMMAND: GET /session/a04e8b17cccf81c307ac8c5bdd3012da/screenshot - {}
RESULT: {}
COMMAND: POST /session/a04e8b17cccf81c307ac8c5bdd3012da/element/f.ABFAD7D56B06A6D2CA676A1F0455247C.d.9BD13AE519DEB927D0C848A88E09BC3F.e.294/click - {}
RESULT: {}
COMMAND: GET /session/a04e8b17cccf81c307ac8c5bdd3012da/screenshot - {}
RESULT: {}
RESULT: undefined
COMMAND: POST /session/a04e8b17cccf81c307ac8c5bdd3012da/element - {"using":"xpath","value":"//*[@id=\"application-ruinventorylist-display-component---Master--ruStateTypes-arrow\"]"}
RESULT: {"using":"xpath","value":"//*[@id=\"application-ruinventorylist-display-component---Master--ruStateTypes-arrow\"]"}
COMMAND: POST /session/a04e8b17cccf81c307ac8c5bdd3012da/element/f.ABFAD7D56B06A6D2CA676A1F0455247C.d.9BD13AE519DEB927D0C848A88E09BC3F.e.1767/click - {}
RESULT: {}
COMMAND: GET /session/a04e8b17cccf81c307ac8c5bdd3012da/screenshot - {}
RESULT: {}
COMMAND: POST /session/a04e8b17cccf81c307ac8c5bdd3012da/element - {"using":"xpath","value":"//li[.//span[text()=\"available\"]]"}
RESULT: {"using":"xpath","value":"//li[.//span[text()=\"available\"]]"}
COMMAND: POST /session/a04e8b17cccf81c307ac8c5bdd3012da/element/f.ABFAD7D56B06A6D2CA676A1F0455247C.d.9BD13AE519DEB927D0C848A88E09BC3F.e.1768/click - {}
RESULT: {}
COMMAND: GET /session/a04e8b17cccf81c307ac8c5bdd3012da/screenshot - {}
RESULT: {}
COMMAND: POST /session/a04e8b17cccf81c307ac8c5bdd3012da/element - {"using":"xpath","value":"(//bdi[contains(text(), \"OK\")])[1]"}
RESULT: {"using":"xpath","value":"(//bdi[contains(text(), \"OK\")])[1]"}
COMMAND: POST /session/a04e8b17cccf81c307ac8c5bdd3012da/element/f.ABFAD7D56B06A6D2CA676A1F0455247C.d.9BD13AE519DEB927D0C848A88E09BC3F.e.1769/click - {}
RESULT: {}
COMMAND: GET /session/a04e8b17cccf81c307ac8c5bdd3012da/screenshot - {}
RESULT: {}
COMMAND: POST /session/a04e8b17cccf81c307ac8c5bdd3012da/element - {"using":"xpath","value":"(//bdi[contains(text(), \"OK\")])[2]"}
RESULT: {"using":"xpath","value":"(//bdi[contains(text(), \"OK\")])[2]"}
COMMAND: POST /session/a04e8b17cccf81c307ac8c5bdd3012da/element/f.ABFAD7D56B06A6D2CA676A1F0455247C.d.9BD13AE519DEB927D0C848A88E09BC3F.e.1774/click - {}
RESULT: {}
COMMAND: GET /session/a04e8b17cccf81c307ac8c5bdd3012da/screenshot - {}
RESULT: {}
RESULT: undefined
COMMAND: POST /session/a04e8b17cccf81c307ac8c5bdd3012da/execute/async - {"script":"<script> [776 bytes]","args":[{"enterText":"600002","selector":{"id":"application-ruinventorylist-display-component---Master--smartFilterBar-btnBasicSearch","interaction":{"idSuffix":"I"}},"clearTextFirst":true,"interactionType":"ENTER_TEXT"}]}
RESULT: {"script":"<script> [776 bytes]","args":[{"enterText":"600002","selector":{"id":"application-ruinventorylist-display-component---Master--smartFilterBar-btnBasicSearch","interaction":{"idSuffix":"I"}},"clearTextFirst":true,"interactionType":"ENTER_TEXT"}]}
COMMAND: POST /session/a04e8b17cccf81c307ac8c5bdd3012da/actions - {"actions":[{"id":"action9","type":"key","parameters":{},"actions":[{"type":"keyDown","value":""},{"type":"pause","duration":10},{"type":"keyUp","value":""}]}]}
RESULT: {"actions":[{"id":"action9","type":"key","parameters":{},"actions":[{"type":"keyDown","value":""},{"type":"pause","duration":10},{"type":"keyUp","value":""}]}]}
COMMAND: GET /session/a04e8b17cccf81c307ac8c5bdd3012da/screenshot - {}
RESULT: {}
COMMAND: POST /session/a04e8b17cccf81c307ac8c5bdd3012da/element - {"using":"xpath","value":"//span[@id=\"application-ruinventorylist-display-component---Master--smartTableRuInventoryList-header-inner\"]"}
RESULT: {"using":"xpath","value":"//span[@id=\"application-ruinventorylist-display-component---Master--smartTableRuInventoryList-header-inner\"]"}
COMMAND: POST /session/a04e8b17cccf81c307ac8c5bdd3012da/elements - {"using":"xpath","value":"//span[@id=\"application-ruinventorylist-display-component---Master--smartTableRuInventoryList-header-inner\"]"}
RESULT: {"using":"xpath","value":"//span[@id=\"application-ruinventorylist-display-component---Master--smartTableRuInventoryList-header-inner\"]"}
COMMAND: POST /session/a04e8b17cccf81c307ac8c5bdd3012da/execute/sync - {"script":"<script> [56 bytes]","args":[{"element-6066-11e4-a52e-4f735466cecf":"f.ABFAD7D56B06A6D2CA676A1F0455247C.d.9BD13AE519DEB927D0C848A88E09BC3F.e.840","ELEMENT":"f.ABFAD7D56B06A6D2CA676A1F0455247C.d.9BD13AE519DEB927D0C848A88E09BC3F.e.840"}]}
RESULT: {"script":"<script> [56 bytes]","args":[{"element-6066-11e4-a52e-4f735466cecf":"f.ABFAD7D56B06A6D2CA676A1F0455247C.d.9BD13AE519DEB927D0C848A88E09BC3F.e.840","ELEMENT":"f.ABFAD7D56B06A6D2CA676A1F0455247C.d.9BD13AE519DEB927D0C848A88E09BC3F.e.840"}]}
COMMAND: POST /session/a04e8b17cccf81c307ac8c5bdd3012da/element - {"using":"xpath","value":"//table[contains(@id, \"application-ruinventorylist-display-component---Master--tableRuInventoryList-listUl\")]/tbody/tr[1]/td[6]/div/span"}
COMMAND: GET /session/a04e8b17cccf81c307ac8c5bdd3012da/screenshot - {}
RESULT: {"using":"xpath","value":"//table[contains(@id, \"application-ruinventorylist-display-component---Master--tableRuInventoryList-listUl\")]/tbody/tr[1]/td[6]/div/span"}
COMMAND: POST /session/a04e8b17cccf81c307ac8c5bdd3012da/execute/sync - {"script":"<script> [56 bytes]","args":[{"element-6066-11e4-a52e-4f735466cecf":"f.ABFAD7D56B06A6D2CA676A1F0455247C.d.9BD13AE519DEB927D0C848A88E09BC3F.e.1793","ELEMENT":"f.ABFAD7D56B06A6D2CA676A1F0455247C.d.9BD13AE519DEB927D0C848A88E09BC3F.e.1793"}]}
RESULT: {}
RESULT: {"script":"<script> [56 bytes]","args":[{"element-6066-11e4-a52e-4f735466cecf":"f.ABFAD7D56B06A6D2CA676A1F0455247C.d.9BD13AE519DEB927D0C848A88E09BC3F.e.1793","ELEMENT":"f.ABFAD7D56B06A6D2CA676A1F0455247C.d.9BD13AE519DEB927D0C848A88E09BC3F.e.1793"}]}
COMMAND: POST /session/a04e8b17cccf81c307ac8c5bdd3012da/element - {"using":"xpath","value":"//div[contains(@id, \"smartFilterBar-btnBasicSearch-reset\")]"}
COMMAND: GET /session/a04e8b17cccf81c307ac8c5bdd3012da/screenshot - {}
RESULT: {"using":"xpath","value":"//div[contains(@id, \"smartFilterBar-btnBasicSearch-reset\")]"}
COMMAND: POST /session/a04e8b17cccf81c307ac8c5bdd3012da/element/f.ABFAD7D56B06A6D2CA676A1F0455247C.d.9BD13AE519DEB927D0C848A88E09BC3F.e.858/click - {}
RESULT: {}
RESULT: {}
COMMAND: GET /session/a04e8b17cccf81c307ac8c5bdd3012da/screenshot - {}
RESULT: {}
RESULT: undefined
COMMAND: POST /session/a04e8b17cccf81c307ac8c5bdd3012da/execute/async - {"script":"<script> [776 bytes]","args":[{"enterText":"401002","selector":{"id":"application-ruinventorylist-display-component---Master--smartFilterBar-btnBasicSearch","interaction":{"idSuffix":"I"}},"clearTextFirst":true,"interactionType":"ENTER_TEXT"}]}
RESULT: {"script":"<script> [776 bytes]","args":[{"enterText":"401002","selector":{"id":"application-ruinventorylist-display-component---Master--smartFilterBar-btnBasicSearch","interaction":{"idSuffix":"I"}},"clearTextFirst":true,"interactionType":"ENTER_TEXT"}]}
COMMAND: POST /session/a04e8b17cccf81c307ac8c5bdd3012da/actions - {"actions":[{"id":"action10","type":"key","parameters":{},"actions":[{"type":"keyDown","value":""},{"type":"pause","duration":10},{"type":"keyUp","value":""}]}]}
RESULT: {"actions":[{"id":"action10","type":"key","parameters":{},"actions":[{"type":"keyDown","value":""},{"type":"pause","duration":10},{"type":"keyUp","value":""}]}]}
COMMAND: GET /session/a04e8b17cccf81c307ac8c5bdd3012da/screenshot - {}
RESULT: {}
COMMAND: POST /session/a04e8b17cccf81c307ac8c5bdd3012da/element - {"using":"xpath","value":"//span[@id=\"application-ruinventorylist-display-component---Master--smartTableRuInventoryList-header-inner\"]"}
RESULT: {"using":"xpath","value":"//span[@id=\"application-ruinventorylist-display-component---Master--smartTableRuInventoryList-header-inner\"]"}
COMMAND: POST /session/a04e8b17cccf81c307ac8c5bdd3012da/elements - {"using":"xpath","value":"//span[@id=\"application-ruinventorylist-display-component---Master--smartTableRuInventoryList-header-inner\"]"}
RESULT: {"using":"xpath","value":"//span[@id=\"application-ruinventorylist-display-component---Master--smartTableRuInventoryList-header-inner\"]"}
COMMAND: POST /session/a04e8b17cccf81c307ac8c5bdd3012da/execute/sync - {"script":"<script> [56 bytes]","args":[{"element-6066-11e4-a52e-4f735466cecf":"f.ABFAD7D56B06A6D2CA676A1F0455247C.d.9BD13AE519DEB927D0C848A88E09BC3F.e.840","ELEMENT":"f.ABFAD7D56B06A6D2CA676A1F0455247C.d.9BD13AE519DEB927D0C848A88E09BC3F.e.840"}]}
RESULT: {"script":"<script> [56 bytes]","args":[{"element-6066-11e4-a52e-4f735466cecf":"f.ABFAD7D56B06A6D2CA676A1F0455247C.d.9BD13AE519DEB927D0C848A88E09BC3F.e.840","ELEMENT":"f.ABFAD7D56B06A6D2CA676A1F0455247C.d.9BD13AE519DEB927D0C848A88E09BC3F.e.840"}]}
COMMAND: POST /session/a04e8b17cccf81c307ac8c5bdd3012da/element - {"using":"xpath","value":"//table[contains(@id, \"application-ruinventorylist-display-component---Master--tableRuInventoryList-listUl\")]/tbody/tr[1]/td[6]/div/span"}
COMMAND: GET /session/a04e8b17cccf81c307ac8c5bdd3012da/screenshot - {}
RESULT: {"using":"xpath","value":"//table[contains(@id, \"application-ruinventorylist-display-component---Master--tableRuInventoryList-listUl\")]/tbody/tr[1]/td[6]/div/span"}
COMMAND: POST /session/a04e8b17cccf81c307ac8c5bdd3012da/execute/sync - {"script":"<script> [56 bytes]","args":[{"element-6066-11e4-a52e-4f735466cecf":"f.ABFAD7D56B06A6D2CA676A1F0455247C.d.9BD13AE519DEB927D0C848A88E09BC3F.e.1870","ELEMENT":"f.ABFAD7D56B06A6D2CA676A1F0455247C.d.9BD13AE519DEB927D0C848A88E09BC3F.e.1870"}]}
RESULT: {}
RESULT: {"script":"<script> [56 bytes]","args":[{"element-6066-11e4-a52e-4f735466cecf":"f.ABFAD7D56B06A6D2CA676A1F0455247C.d.9BD13AE519DEB927D0C848A88E09BC3F.e.1870","ELEMENT":"f.ABFAD7D56B06A6D2CA676A1F0455247C.d.9BD13AE519DEB927D0C848A88E09BC3F.e.1870"}]}
COMMAND: POST /session/a04e8b17cccf81c307ac8c5bdd3012da/element - {"using":"xpath","value":"//div[contains(@id, \"smartFilterBar-btnBasicSearch-reset\")]"}
COMMAND: GET /session/a04e8b17cccf81c307ac8c5bdd3012da/screenshot - {}
RESULT: {"using":"xpath","value":"//div[contains(@id, \"smartFilterBar-btnBasicSearch-reset\")]"}
COMMAND: POST /session/a04e8b17cccf81c307ac8c5bdd3012da/element/f.ABFAD7D56B06A6D2CA676A1F0455247C.d.9BD13AE519DEB927D0C848A88E09BC3F.e.858/click - {}
RESULT: {}
RESULT: {}
COMMAND: GET /session/a04e8b17cccf81c307ac8c5bdd3012da/screenshot - {}
RESULT: {}
COMMAND: POST /session/a04e8b17cccf81c307ac8c5bdd3012da/element - {"using":"css selector","value":"#shell-header-logo"}
RESULT: {"using":"css selector","value":"#shell-header-logo"}
COMMAND: POST /session/a04e8b17cccf81c307ac8c5bdd3012da/element/f.ABFAD7D56B06A6D2CA676A1F0455247C.d.9BD13AE519DEB927D0C848A88E09BC3F.e.262/click - {}
RESULT: {}
COMMAND: GET /session/a04e8b17cccf81c307ac8c5bdd3012da/screenshot - {}
RESULT: {}
]]></system-out>
    </testcase>
    <testcase classname="chrome.136_0_7103_93.windows.RU_Inventory_Mass_State_Change_Multiple_Items_US151066" name="Prerequisite Step 2 Should create a new equipment" time="159.496">
      <system-out><![CDATA[
COMMAND: POST /session/a04e8b17cccf81c307ac8c5bdd3012da/execute/async - {"script":"<script> [1562 bytes]","args":[{"selector":{"controlType":"sap.m.GenericTile","properties":{"header":"Manage Resources"}},"wdio_ui5_key":"sapm.GenericTile{\"header\":\"Manage Resources\"}"}]}
RESULT: {"script":"<script> [1562 bytes]","args":[{"selector":{"controlType":"sap.m.GenericTile","properties":{"header":"Manage Resources"}},"wdio_ui5_key":"sapm.GenericTile{\"header\":\"Manage Resources\"}"}]}
RESULT: undefined
COMMAND: POST /session/a04e8b17cccf81c307ac8c5bdd3012da/element - {"using":"xpath","value":"//*[@id=\"__tile39\"]"}
RESULT: {"using":"xpath","value":"//*[@id=\"__tile39\"]"}
COMMAND: POST /session/a04e8b17cccf81c307ac8c5bdd3012da/element/f.ABFAD7D56B06A6D2CA676A1F0455247C.d.9BD13AE519DEB927D0C848A88E09BC3F.e.149/click - {}
RESULT: {}
COMMAND: GET /session/a04e8b17cccf81c307ac8c5bdd3012da/screenshot - {}
RESULT: {}
COMMAND: POST /session/a04e8b17cccf81c307ac8c5bdd3012da/elements - {"using":"xpath","value":"//span[text()='Error']"}
RESULT: {"using":"xpath","value":"//span[text()='Error']"}
COMMAND: POST /session/a04e8b17cccf81c307ac8c5bdd3012da/element - {"using":"xpath","value":"//button[@data-kt=\"addNewRUOverflowToolbarButton\"]"}
RESULT: {"using":"xpath","value":"//button[@data-kt=\"addNewRUOverflowToolbarButton\"]"}
COMMAND: POST /session/a04e8b17cccf81c307ac8c5bdd3012da/elements - {"using":"xpath","value":"//button[@data-kt=\"addNewRUOverflowToolbarButton\"]"}
RESULT: {"using":"xpath","value":"//button[@data-kt=\"addNewRUOverflowToolbarButton\"]"}
COMMAND: POST /session/a04e8b17cccf81c307ac8c5bdd3012da/elements - {"using":"xpath","value":"//button[@data-kt=\"addNewRUOverflowToolbarButton\"]"}
RESULT: {"using":"xpath","value":"//button[@data-kt=\"addNewRUOverflowToolbarButton\"]"}
COMMAND: POST /session/a04e8b17cccf81c307ac8c5bdd3012da/element - {"using":"xpath","value":"//button[@data-kt=\"addNewRUOverflowToolbarButton\"]"}
RESULT: {"using":"xpath","value":"//button[@data-kt=\"addNewRUOverflowToolbarButton\"]"}
COMMAND: POST /session/a04e8b17cccf81c307ac8c5bdd3012da/execute/sync - {"script":"<script> [8489 bytes]","args":[{"element-6066-11e4-a52e-4f735466cecf":"f.ABFAD7D56B06A6D2CA676A1F0455247C.d.9BD13AE519DEB927D0C848A88E09BC3F.e.1964","ELEMENT":"f.ABFAD7D56B06A6D2CA676A1F0455247C.d.9BD13AE519DEB927D0C848A88E09BC3F.e.1964"}]}
RESULT: {"script":"<script> [8489 bytes]","args":[{"element-6066-11e4-a52e-4f735466cecf":"f.ABFAD7D56B06A6D2CA676A1F0455247C.d.9BD13AE519DEB927D0C848A88E09BC3F.e.1964","ELEMENT":"f.ABFAD7D56B06A6D2CA676A1F0455247C.d.9BD13AE519DEB927D0C848A88E09BC3F.e.1964"}]}
COMMAND: GET /session/a04e8b17cccf81c307ac8c5bdd3012da/element/f.ABFAD7D56B06A6D2CA676A1F0455247C.d.9BD13AE519DEB927D0C848A88E09BC3F.e.1964/enabled - {}
COMMAND: GET /session/a04e8b17cccf81c307ac8c5bdd3012da/screenshot - {}
RESULT: {}
COMMAND: POST /session/a04e8b17cccf81c307ac8c5bdd3012da/execute/sync - {"script":"<script> [8489 bytes]","args":[{"element-6066-11e4-a52e-4f735466cecf":"f.ABFAD7D56B06A6D2CA676A1F0455247C.d.9BD13AE519DEB927D0C848A88E09BC3F.e.1964","ELEMENT":"f.ABFAD7D56B06A6D2CA676A1F0455247C.d.9BD13AE519DEB927D0C848A88E09BC3F.e.1964"}]}
COMMAND: GET /session/a04e8b17cccf81c307ac8c5bdd3012da/screenshot - {}
RESULT: {}
RESULT: {"script":"<script> [8489 bytes]","args":[{"element-6066-11e4-a52e-4f735466cecf":"f.ABFAD7D56B06A6D2CA676A1F0455247C.d.9BD13AE519DEB927D0C848A88E09BC3F.e.1964","ELEMENT":"f.ABFAD7D56B06A6D2CA676A1F0455247C.d.9BD13AE519DEB927D0C848A88E09BC3F.e.1964"}]}
COMMAND: POST /session/a04e8b17cccf81c307ac8c5bdd3012da/execute/sync - {"script":"<script> [5351 bytes]","args":[{"element-6066-11e4-a52e-4f735466cecf":"f.ABFAD7D56B06A6D2CA676A1F0455247C.d.9BD13AE519DEB927D0C848A88E09BC3F.e.1964","ELEMENT":"f.ABFAD7D56B06A6D2CA676A1F0455247C.d.9BD13AE519DEB927D0C848A88E09BC3F.e.1964"}]}
COMMAND: GET /session/a04e8b17cccf81c307ac8c5bdd3012da/screenshot - {}
RESULT: {}
RESULT: {"script":"<script> [5351 bytes]","args":[{"element-6066-11e4-a52e-4f735466cecf":"f.ABFAD7D56B06A6D2CA676A1F0455247C.d.9BD13AE519DEB927D0C848A88E09BC3F.e.1964","ELEMENT":"f.ABFAD7D56B06A6D2CA676A1F0455247C.d.9BD13AE519DEB927D0C848A88E09BC3F.e.1964"}]}
COMMAND: POST /session/a04e8b17cccf81c307ac8c5bdd3012da/element/f.ABFAD7D56B06A6D2CA676A1F0455247C.d.9BD13AE519DEB927D0C848A88E09BC3F.e.1964/click - {}
COMMAND: GET /session/a04e8b17cccf81c307ac8c5bdd3012da/screenshot - {}
RESULT: {}
RESULT: {}
COMMAND: GET /session/a04e8b17cccf81c307ac8c5bdd3012da/screenshot - {}
COMMAND: POST /session/a04e8b17cccf81c307ac8c5bdd3012da/execute/async - {"script":"<script> [1562 bytes]","args":[{"selector":{"id":"application-manageresources-display-component---newResourceUnit--TYPE-arrow"},"wdio_ui5_key":"applicationmanageresources-display-component---newResourceUnit--TYPE-arrow"}]}
RESULT: {}
RESULT: {}
RESULT: {"script":"<script> [1562 bytes]","args":[{"selector":{"id":"application-manageresources-display-component---newResourceUnit--TYPE-arrow"},"wdio_ui5_key":"applicationmanageresources-display-component---newResourceUnit--TYPE-arrow"}]}
RESULT: undefined
COMMAND: POST /session/a04e8b17cccf81c307ac8c5bdd3012da/element - {"using":"xpath","value":"//*[@id=\"application-manageresources-display-component---newResourceUnit--TYPE-arrow\"]"}
RESULT: {"using":"xpath","value":"//*[@id=\"application-manageresources-display-component---newResourceUnit--TYPE-arrow\"]"}
COMMAND: POST /session/a04e8b17cccf81c307ac8c5bdd3012da/element/f.ABFAD7D56B06A6D2CA676A1F0455247C.d.9BD13AE519DEB927D0C848A88E09BC3F.e.2327/click - {}
RESULT: {}
COMMAND: POST /session/a04e8b17cccf81c307ac8c5bdd3012da/element - {"using":"xpath","value":"//input[@id=\"application-manageresources-display-component---newResourceUnit--TYPE-inner\"]"}
COMMAND: GET /session/a04e8b17cccf81c307ac8c5bdd3012da/screenshot - {}
RESULT: {"using":"xpath","value":"//input[@id=\"application-manageresources-display-component---newResourceUnit--TYPE-inner\"]"}
COMMAND: POST /session/a04e8b17cccf81c307ac8c5bdd3012da/element/f.ABFAD7D56B06A6D2CA676A1F0455247C.d.9BD13AE519DEB927D0C848A88E09BC3F.e.2323/clear - {}
RESULT: {}
RESULT: {}
COMMAND: POST /session/a04e8b17cccf81c307ac8c5bdd3012da/element/f.ABFAD7D56B06A6D2CA676A1F0455247C.d.9BD13AE519DEB927D0C848A88E09BC3F.e.2323/value - {"text":"Equipment"}
COMMAND: GET /session/a04e8b17cccf81c307ac8c5bdd3012da/screenshot - {}
RESULT: {"text":"Equipment"}
COMMAND: GET /session/a04e8b17cccf81c307ac8c5bdd3012da/screenshot - {}
RESULT: {}
RESULT: {}
COMMAND: POST /session/a04e8b17cccf81c307ac8c5bdd3012da/actions - {"actions":[{"id":"action11","type":"key","parameters":{},"actions":[{"type":"keyDown","value":""},{"type":"pause","duration":10},{"type":"keyUp","value":""}]}]}
RESULT: {"actions":[{"id":"action11","type":"key","parameters":{},"actions":[{"type":"keyDown","value":""},{"type":"pause","duration":10},{"type":"keyUp","value":""}]}]}
COMMAND: POST /session/a04e8b17cccf81c307ac8c5bdd3012da/execute/async - {"script":"<script> [1562 bytes]","args":[{"selector":{"id":"application-manageresources-display-component---newResourceUnit--resourceId","interaction":{"idSuffix":"inner"}},"wdio_ui5_key":"applicationmanageresources-display-component---newResourceUnit--resourceId"}]}
COMMAND: GET /session/a04e8b17cccf81c307ac8c5bdd3012da/screenshot - {}
RESULT: {"script":"<script> [1562 bytes]","args":[{"selector":{"id":"application-manageresources-display-component---newResourceUnit--resourceId","interaction":{"idSuffix":"inner"}},"wdio_ui5_key":"applicationmanageresources-display-component---newResourceUnit--resourceId"}]}
RESULT: undefined
COMMAND: POST /session/a04e8b17cccf81c307ac8c5bdd3012da/execute/async - {"script":"<script> [776 bytes]","args":[{"enterText":"Y4zz2NoZop","selector":{"id":"application-manageresources-display-component---newResourceUnit--resourceId","interaction":{"idSuffix":"inner"}},"clearTextFirst":true,"interactionType":"ENTER_TEXT"}]}
RESULT: {}
RESULT: {"script":"<script> [776 bytes]","args":[{"enterText":"Y4zz2NoZop","selector":{"id":"application-manageresources-display-component---newResourceUnit--resourceId","interaction":{"idSuffix":"inner"}},"clearTextFirst":true,"interactionType":"ENTER_TEXT"}]}
COMMAND: POST /session/a04e8b17cccf81c307ac8c5bdd3012da/execute/async - {"script":"<script> [1562 bytes]","args":[{"selector":{"id":"application-manageresources-display-component---newResourceUnit--SHORT_TEXT","interaction":{"idSuffix":"inner"}},"wdio_ui5_key":"applicationmanageresources-display-component---newResourceUnit--SHORT_TEXT"}]}
RESULT: {"script":"<script> [1562 bytes]","args":[{"selector":{"id":"application-manageresources-display-component---newResourceUnit--SHORT_TEXT","interaction":{"idSuffix":"inner"}},"wdio_ui5_key":"applicationmanageresources-display-component---newResourceUnit--SHORT_TEXT"}]}
RESULT: undefined
COMMAND: POST /session/a04e8b17cccf81c307ac8c5bdd3012da/execute/async - {"script":"<script> [776 bytes]","args":[{"enterText":"Intercompany Equipment WDIO","selector":{"id":"application-manageresources-display-component---newResourceUnit--SHORT_TEXT","interaction":{"idSuffix":"inner"}},"clearTextFirst":true,"interactionType":"ENTER_TEXT"}]}
RESULT: {"script":"<script> [776 bytes]","args":[{"enterText":"Intercompany Equipment WDIO","selector":{"id":"application-manageresources-display-component---newResourceUnit--SHORT_TEXT","interaction":{"idSuffix":"inner"}},"clearTextFirst":true,"interactionType":"ENTER_TEXT"}]}
COMMAND: POST /session/a04e8b17cccf81c307ac8c5bdd3012da/execute/async - {"script":"<script> [1562 bytes]","args":[{"selector":{"id":"application-manageresources-display-component---newResourceUnit--BASE_UNIT_OF_MEASURE","interaction":{"idSuffix":"inner"}},"wdio_ui5_key":"applicationmanageresources-display-component---newResourceUnit--BASE_UNIT_OF_MEASURE"}]}
RESULT: {"script":"<script> [1562 bytes]","args":[{"selector":{"id":"application-manageresources-display-component---newResourceUnit--BASE_UNIT_OF_MEASURE","interaction":{"idSuffix":"inner"}},"wdio_ui5_key":"applicationmanageresources-display-component---newResourceUnit--BASE_UNIT_OF_MEASURE"}]}
RESULT: undefined
COMMAND: POST /session/a04e8b17cccf81c307ac8c5bdd3012da/execute/async - {"script":"<script> [776 bytes]","args":[{"enterText":"Piece","selector":{"id":"application-manageresources-display-component---newResourceUnit--BASE_UNIT_OF_MEASURE","interaction":{"idSuffix":"inner"}},"clearTextFirst":true,"interactionType":"ENTER_TEXT"}]}
RESULT: {"script":"<script> [776 bytes]","args":[{"enterText":"Piece","selector":{"id":"application-manageresources-display-component---newResourceUnit--BASE_UNIT_OF_MEASURE","interaction":{"idSuffix":"inner"}},"clearTextFirst":true,"interactionType":"ENTER_TEXT"}]}
COMMAND: POST /session/a04e8b17cccf81c307ac8c5bdd3012da/execute/async - {"script":"<script> [1562 bytes]","args":[{"selector":{"id":"application-manageresources-display-component---newResourceUnit--WEIGHT_UNIT","interaction":{"idSuffix":"inner"}},"wdio_ui5_key":"applicationmanageresources-display-component---newResourceUnit--WEIGHT_UNIT"}]}
RESULT: {"script":"<script> [1562 bytes]","args":[{"selector":{"id":"application-manageresources-display-component---newResourceUnit--WEIGHT_UNIT","interaction":{"idSuffix":"inner"}},"wdio_ui5_key":"applicationmanageresources-display-component---newResourceUnit--WEIGHT_UNIT"}]}
RESULT: undefined
COMMAND: POST /session/a04e8b17cccf81c307ac8c5bdd3012da/execute/async - {"script":"<script> [776 bytes]","args":[{"enterText":"Gram","selector":{"id":"application-manageresources-display-component---newResourceUnit--WEIGHT_UNIT","interaction":{"idSuffix":"inner"}},"clearTextFirst":true,"interactionType":"ENTER_TEXT"}]}
RESULT: {"script":"<script> [776 bytes]","args":[{"enterText":"Gram","selector":{"id":"application-manageresources-display-component---newResourceUnit--WEIGHT_UNIT","interaction":{"idSuffix":"inner"}},"clearTextFirst":true,"interactionType":"ENTER_TEXT"}]}
COMMAND: POST /session/a04e8b17cccf81c307ac8c5bdd3012da/execute/async - {"script":"<script> [1562 bytes]","args":[{"selector":{"id":"application-manageresources-display-component---newResourceUnit--DIMENSION_UNIT","interaction":{"idSuffix":"inner"}},"wdio_ui5_key":"applicationmanageresources-display-component---newResourceUnit--DIMENSION_UNIT"}]}
RESULT: {"script":"<script> [1562 bytes]","args":[{"selector":{"id":"application-manageresources-display-component---newResourceUnit--DIMENSION_UNIT","interaction":{"idSuffix":"inner"}},"wdio_ui5_key":"applicationmanageresources-display-component---newResourceUnit--DIMENSION_UNIT"}]}
RESULT: undefined
COMMAND: POST /session/a04e8b17cccf81c307ac8c5bdd3012da/execute/async - {"script":"<script> [776 bytes]","args":[{"enterText":"Meter","selector":{"id":"application-manageresources-display-component---newResourceUnit--DIMENSION_UNIT","interaction":{"idSuffix":"inner"}},"clearTextFirst":true,"interactionType":"ENTER_TEXT"}]}
RESULT: {"script":"<script> [776 bytes]","args":[{"enterText":"Meter","selector":{"id":"application-manageresources-display-component---newResourceUnit--DIMENSION_UNIT","interaction":{"idSuffix":"inner"}},"clearTextFirst":true,"interactionType":"ENTER_TEXT"}]}
COMMAND: POST /session/a04e8b17cccf81c307ac8c5bdd3012da/execute/async - {"script":"<script> [1562 bytes]","args":[{"selector":{"id":"application-manageresources-display-component---newResourceUnit--newRRUPage-anchBar-application-manageresources-display-component---newResourceUnit--control-anchor","interaction":{"idSuffix":"BDI-content"}},"wdio_ui5_key":"applicationmanageresources-display-component---newResourceUnit--newRRUPage-anchBar-application-manageresources-display-component---newResourceUnit--control-anchor"}]}
RESULT: {"script":"<script> [1562 bytes]","args":[{"selector":{"id":"application-manageresources-display-component---newResourceUnit--newRRUPage-anchBar-application-manageresources-display-component---newResourceUnit--control-anchor","interaction":{"idSuffix":"BDI-content"}},"wdio_ui5_key":"applicationmanageresources-display-component---newResourceUnit--newRRUPage-anchBar-application-manageresources-display-component---newResourceUnit--control-anchor"}]}
RESULT: undefined
COMMAND: POST /session/a04e8b17cccf81c307ac8c5bdd3012da/element - {"using":"xpath","value":"//*[@id=\"application-manageresources-display-component---newResourceUnit--newRRUPage-anchBar-application-manageresources-display-component---newResourceUnit--control-anchor\"]"}
RESULT: {"using":"xpath","value":"//*[@id=\"application-manageresources-display-component---newResourceUnit--newRRUPage-anchBar-application-manageresources-display-component---newResourceUnit--control-anchor\"]"}
COMMAND: POST /session/a04e8b17cccf81c307ac8c5bdd3012da/element/f.ABFAD7D56B06A6D2CA676A1F0455247C.d.9BD13AE519DEB927D0C848A88E09BC3F.e.2485/click - {}
RESULT: {}
COMMAND: POST /session/a04e8b17cccf81c307ac8c5bdd3012da/execute/async - {"script":"<script> [1562 bytes]","args":[{"selector":{"id":"application-manageresources-display-component---newResourceUnit--PLANNING_GROUP","interaction":{"idSuffix":"inner"}},"wdio_ui5_key":"applicationmanageresources-display-component---newResourceUnit--PLANNING_GROUP"}]}
COMMAND: GET /session/a04e8b17cccf81c307ac8c5bdd3012da/screenshot - {}
RESULT: {"script":"<script> [1562 bytes]","args":[{"selector":{"id":"application-manageresources-display-component---newResourceUnit--PLANNING_GROUP","interaction":{"idSuffix":"inner"}},"wdio_ui5_key":"applicationmanageresources-display-component---newResourceUnit--PLANNING_GROUP"}]}
RESULT: undefined
COMMAND: POST /session/a04e8b17cccf81c307ac8c5bdd3012da/execute/async - {"script":"<script> [776 bytes]","args":[{"enterText":"Heavy Equi","selector":{"id":"application-manageresources-display-component---newResourceUnit--PLANNING_GROUP","interaction":{"idSuffix":"inner"}},"clearTextFirst":true,"interactionType":"ENTER_TEXT"}]}
RESULT: {}
RESULT: {"script":"<script> [776 bytes]","args":[{"enterText":"Heavy Equi","selector":{"id":"application-manageresources-display-component---newResourceUnit--PLANNING_GROUP","interaction":{"idSuffix":"inner"}},"clearTextFirst":true,"interactionType":"ENTER_TEXT"}]}
COMMAND: POST /session/a04e8b17cccf81c307ac8c5bdd3012da/execute/async - {"script":"<script> [1562 bytes]","args":[{"selector":{"id":"application-manageresources-display-component---newResourceUnit--ITEM_TYPE-arrow"},"wdio_ui5_key":"applicationmanageresources-display-component---newResourceUnit--ITEM_TYPE-arrow"}]}
RESULT: {"script":"<script> [1562 bytes]","args":[{"selector":{"id":"application-manageresources-display-component---newResourceUnit--ITEM_TYPE-arrow"},"wdio_ui5_key":"applicationmanageresources-display-component---newResourceUnit--ITEM_TYPE-arrow"}]}
RESULT: undefined
COMMAND: POST /session/a04e8b17cccf81c307ac8c5bdd3012da/element - {"using":"xpath","value":"//*[@id=\"application-manageresources-display-component---newResourceUnit--ITEM_TYPE-arrow\"]"}
RESULT: {"using":"xpath","value":"//*[@id=\"application-manageresources-display-component---newResourceUnit--ITEM_TYPE-arrow\"]"}
COMMAND: POST /session/a04e8b17cccf81c307ac8c5bdd3012da/element/f.ABFAD7D56B06A6D2CA676A1F0455247C.d.9BD13AE519DEB927D0C848A88E09BC3F.e.2494/click - {}
RESULT: {}
COMMAND: POST /session/a04e8b17cccf81c307ac8c5bdd3012da/element - {"using":"xpath","value":"(//span[contains(text(), \"Resource Unit\")])[2]"}
COMMAND: GET /session/a04e8b17cccf81c307ac8c5bdd3012da/screenshot - {}
RESULT: {"using":"xpath","value":"(//span[contains(text(), \"Resource Unit\")])[2]"}
COMMAND: POST /session/a04e8b17cccf81c307ac8c5bdd3012da/element/f.ABFAD7D56B06A6D2CA676A1F0455247C.d.9BD13AE519DEB927D0C848A88E09BC3F.e.2495/click - {}
RESULT: {}
RESULT: {}
COMMAND: GET /session/a04e8b17cccf81c307ac8c5bdd3012da/screenshot - {}
RESULT: {}
COMMAND: POST /session/a04e8b17cccf81c307ac8c5bdd3012da/element - {"using":"css selector","value":"#application-manageresources-display-component---newResourceUnit--btnAddTimeSegment"}
RESULT: {"using":"css selector","value":"#application-manageresources-display-component---newResourceUnit--btnAddTimeSegment"}
COMMAND: GET /session/a04e8b17cccf81c307ac8c5bdd3012da/element/f.ABFAD7D56B06A6D2CA676A1F0455247C.d.9BD13AE519DEB927D0C848A88E09BC3F.e.2502/rect - {}
RESULT: {}
COMMAND: GET /session/a04e8b17cccf81c307ac8c5bdd3012da/window/rect - {}
RESULT: {}
COMMAND: POST /session/a04e8b17cccf81c307ac8c5bdd3012da/execute/sync - {"script":"<script> [92 bytes]","args":[]}
RESULT: {"script":"<script> [92 bytes]","args":[]}
COMMAND: POST /session/a04e8b17cccf81c307ac8c5bdd3012da/actions - {"actions":[{"id":"action12","type":"wheel","parameters":{},"actions":[{"type":"scroll","x":-1888,"y":-32,"deltaX":0,"deltaY":0,"duration":0,"origin":{"element-6066-11e4-a52e-4f735466cecf":"f.ABFAD7D56B06A6D2CA676A1F0455247C.d.9BD13AE519DEB927D0C848A88E09BC3F.e.2502"}}]}]}
COMMAND: GET /session/a04e8b17cccf81c307ac8c5bdd3012da/screenshot - {}
RESULT: {}
COMMAND: POST /session/a04e8b17cccf81c307ac8c5bdd3012da/execute/sync - {"script":"<script> [79 bytes]","args":[{"element-6066-11e4-a52e-4f735466cecf":"f.ABFAD7D56B06A6D2CA676A1F0455247C.d.9BD13AE519DEB927D0C848A88E09BC3F.e.2502","ELEMENT":"f.ABFAD7D56B06A6D2CA676A1F0455247C.d.9BD13AE519DEB927D0C848A88E09BC3F.e.2502"},{"block":"start","inline":"nearest"}]}
RESULT: {"script":"<script> [79 bytes]","args":[{"element-6066-11e4-a52e-4f735466cecf":"f.ABFAD7D56B06A6D2CA676A1F0455247C.d.9BD13AE519DEB927D0C848A88E09BC3F.e.2502","ELEMENT":"f.ABFAD7D56B06A6D2CA676A1F0455247C.d.9BD13AE519DEB927D0C848A88E09BC3F.e.2502"},{"block":"start","inline":"nearest"}]}
COMMAND: POST /session/a04e8b17cccf81c307ac8c5bdd3012da/execute/async - {"script":"<script> [1562 bytes]","args":[{"selector":{"id":"application-manageresources-display-component---newResourceUnit--btnAddTimeSegment","interaction":{"idSuffix":"inner"}},"wdio_ui5_key":"applicationmanageresources-display-component---newResourceUnit--btnAddTimeSegment"}]}
COMMAND: GET /session/a04e8b17cccf81c307ac8c5bdd3012da/screenshot - {}
RESULT: {"script":"<script> [1562 bytes]","args":[{"selector":{"id":"application-manageresources-display-component---newResourceUnit--btnAddTimeSegment","interaction":{"idSuffix":"inner"}},"wdio_ui5_key":"applicationmanageresources-display-component---newResourceUnit--btnAddTimeSegment"}]}
RESULT: undefined
COMMAND: POST /session/a04e8b17cccf81c307ac8c5bdd3012da/element - {"using":"xpath","value":"//*[@id=\"application-manageresources-display-component---newResourceUnit--btnAddTimeSegment\"]"}
RESULT: {}
RESULT: {"using":"xpath","value":"//*[@id=\"application-manageresources-display-component---newResourceUnit--btnAddTimeSegment\"]"}
COMMAND: POST /session/a04e8b17cccf81c307ac8c5bdd3012da/element/f.ABFAD7D56B06A6D2CA676A1F0455247C.d.9BD13AE519DEB927D0C848A88E09BC3F.e.2502/click - {}
RESULT: {}
COMMAND: GET /session/a04e8b17cccf81c307ac8c5bdd3012da/screenshot - {}
RESULT: {}
COMMAND: POST /session/a04e8b17cccf81c307ac8c5bdd3012da/element - {"using":"xpath","value":"//input[@id=\"application-manageresources-display-component---newResourceUnit--idRuTSAdmin-application-manageresources-display-component---newResourceUnit--RUTimeSegment-0-inner\"]"}
RESULT: {"using":"xpath","value":"//input[@id=\"application-manageresources-display-component---newResourceUnit--idRuTSAdmin-application-manageresources-display-component---newResourceUnit--RUTimeSegment-0-inner\"]"}
COMMAND: POST /session/a04e8b17cccf81c307ac8c5bdd3012da/element/f.ABFAD7D56B06A6D2CA676A1F0455247C.d.9BD13AE519DEB927D0C848A88E09BC3F.e.2508/clear - {}
RESULT: {}
COMMAND: POST /session/a04e8b17cccf81c307ac8c5bdd3012da/element/f.ABFAD7D56B06A6D2CA676A1F0455247C.d.9BD13AE519DEB927D0C848A88E09BC3F.e.2508/value - {"text":"109"}
COMMAND: GET /session/a04e8b17cccf81c307ac8c5bdd3012da/screenshot - {}
RESULT: {"text":"109"}
COMMAND: GET /session/a04e8b17cccf81c307ac8c5bdd3012da/screenshot - {}
RESULT: {}
RESULT: {}
COMMAND: POST /session/a04e8b17cccf81c307ac8c5bdd3012da/element - {"using":"xpath","value":"//li[.//span[text()='109']]"}
RESULT: {"using":"xpath","value":"//li[.//span[text()='109']]"}
COMMAND: POST /session/a04e8b17cccf81c307ac8c5bdd3012da/element/f.ABFAD7D56B06A6D2CA676A1F0455247C.d.9BD13AE519DEB927D0C848A88E09BC3F.e.2520/click - {}
RESULT: {}
COMMAND: GET /session/a04e8b17cccf81c307ac8c5bdd3012da/screenshot - {}
RESULT: {}
COMMAND: POST /session/a04e8b17cccf81c307ac8c5bdd3012da/element - {"using":"xpath","value":"(//span[contains(@id, \"-application-manageresources-display-component---newResourceUnit--RUTimeSegment-0-arrow\")])[6]"}
RESULT: {"using":"xpath","value":"(//span[contains(@id, \"-application-manageresources-display-component---newResourceUnit--RUTimeSegment-0-arrow\")])[6]"}
COMMAND: POST /session/a04e8b17cccf81c307ac8c5bdd3012da/element/f.ABFAD7D56B06A6D2CA676A1F0455247C.d.9BD13AE519DEB927D0C848A88E09BC3F.e.2521/click - {}
RESULT: {}
COMMAND: GET /session/a04e8b17cccf81c307ac8c5bdd3012da/screenshot - {}
RESULT: {}
COMMAND: POST /session/a04e8b17cccf81c307ac8c5bdd3012da/element - {"using":"xpath","value":"//span[contains(text(), \"PM Order\")]"}
RESULT: {"using":"xpath","value":"//span[contains(text(), \"PM Order\")]"}
COMMAND: POST /session/a04e8b17cccf81c307ac8c5bdd3012da/element/f.ABFAD7D56B06A6D2CA676A1F0455247C.d.9BD13AE519DEB927D0C848A88E09BC3F.e.2524/click - {}
RESULT: {}
COMMAND: GET /session/a04e8b17cccf81c307ac8c5bdd3012da/screenshot - {}
RESULT: {}
COMMAND: POST /session/a04e8b17cccf81c307ac8c5bdd3012da/element - {"using":"xpath","value":"(//span[contains(@id ,\"manageresources-display-component---newResourceUnit--RUTimeSegment-0-vhi\")])[1]"}
RESULT: {"using":"xpath","value":"(//span[contains(@id ,\"manageresources-display-component---newResourceUnit--RUTimeSegment-0-vhi\")])[1]"}
COMMAND: GET /session/a04e8b17cccf81c307ac8c5bdd3012da/element/f.ABFAD7D56B06A6D2CA676A1F0455247C.d.9BD13AE519DEB927D0C848A88E09BC3F.e.2528/rect - {}
RESULT: {}
COMMAND: GET /session/a04e8b17cccf81c307ac8c5bdd3012da/window/rect - {}
RESULT: {}
COMMAND: POST /session/a04e8b17cccf81c307ac8c5bdd3012da/execute/sync - {"script":"<script> [92 bytes]","args":[]}
RESULT: {"script":"<script> [92 bytes]","args":[]}
COMMAND: POST /session/a04e8b17cccf81c307ac8c5bdd3012da/actions - {"actions":[{"id":"action13","type":"wheel","parameters":{},"actions":[{"type":"scroll","x":-869,"y":-24,"deltaX":0,"deltaY":0,"duration":0,"origin":{"element-6066-11e4-a52e-4f735466cecf":"f.ABFAD7D56B06A6D2CA676A1F0455247C.d.9BD13AE519DEB927D0C848A88E09BC3F.e.2528"}}]}]}
COMMAND: GET /session/a04e8b17cccf81c307ac8c5bdd3012da/screenshot - {}
RESULT: {"actions":[{"id":"action13","type":"wheel","parameters":{},"actions":[{"type":"scroll","x":-869,"y":-24,"deltaX":0,"deltaY":0,"duration":0,"origin":{"element-6066-11e4-a52e-4f735466cecf":"f.ABFAD7D56B06A6D2CA676A1F0455247C.d.9BD13AE519DEB927D0C848A88E09BC3F.e.2528"}}]}]}
COMMAND: DELETE /session/a04e8b17cccf81c307ac8c5bdd3012da/actions - {}
COMMAND: GET /session/a04e8b17cccf81c307ac8c5bdd3012da/screenshot - {}
RESULT: {}
RESULT: {}
COMMAND: GET /session/a04e8b17cccf81c307ac8c5bdd3012da/screenshot - {}
RESULT: {}
RESULT: {}
COMMAND: POST /session/a04e8b17cccf81c307ac8c5bdd3012da/element/f.ABFAD7D56B06A6D2CA676A1F0455247C.d.9BD13AE519DEB927D0C848A88E09BC3F.e.2528/click - {}
RESULT: {}
COMMAND: GET /session/a04e8b17cccf81c307ac8c5bdd3012da/screenshot - {}
RESULT: {}
COMMAND: POST /session/a04e8b17cccf81c307ac8c5bdd3012da/execute/async - {"script":"<script> [1562 bytes]","args":[{"selector":{"controlType":"sap.m.SearchField","properties":{"placeholder":"Search"},"searchOpenDialogs":true,"interaction":{"idSuffix":"I"}},"wdio_ui5_key":"sapm.SearchField{\"placeholder\":\"Search\"}"}]}
RESULT: {"script":"<script> [1562 bytes]","args":[{"selector":{"controlType":"sap.m.SearchField","properties":{"placeholder":"Search"},"searchOpenDialogs":true,"interaction":{"idSuffix":"I"}},"wdio_ui5_key":"sapm.SearchField{\"placeholder\":\"Search\"}"}]}
RESULT: undefined
COMMAND: POST /session/a04e8b17cccf81c307ac8c5bdd3012da/execute/async - {"script":"<script> [776 bytes]","args":[{"enterText":"4000360","selector":{"controlType":"sap.m.SearchField","properties":{"placeholder":"Search"},"searchOpenDialogs":true,"interaction":{"idSuffix":"I"}},"clearTextFirst":true,"interactionType":"ENTER_TEXT"}]}
RESULT: {"script":"<script> [776 bytes]","args":[{"enterText":"4000360","selector":{"controlType":"sap.m.SearchField","properties":{"placeholder":"Search"},"searchOpenDialogs":true,"interaction":{"idSuffix":"I"}},"clearTextFirst":true,"interactionType":"ENTER_TEXT"}]}
COMMAND: POST /session/a04e8b17cccf81c307ac8c5bdd3012da/actions - {"actions":[{"id":"action14","type":"key","parameters":{},"actions":[{"type":"keyDown","value":""},{"type":"pause","duration":10},{"type":"keyUp","value":""}]}]}
RESULT: {"actions":[{"id":"action14","type":"key","parameters":{},"actions":[{"type":"keyDown","value":""},{"type":"pause","duration":10},{"type":"keyUp","value":""}]}]}
COMMAND: GET /session/a04e8b17cccf81c307ac8c5bdd3012da/screenshot - {}
RESULT: {}
COMMAND: POST /session/a04e8b17cccf81c307ac8c5bdd3012da/element - {"using":"xpath","value":"//td/div/span[contains(text(), \"BGL Vehicles\")]"}
RESULT: {"using":"xpath","value":"//td/div/span[contains(text(), \"BGL Vehicles\")]"}
COMMAND: POST /session/a04e8b17cccf81c307ac8c5bdd3012da/element/f.ABFAD7D56B06A6D2CA676A1F0455247C.d.9BD13AE519DEB927D0C848A88E09BC3F.e.2551/click - {}
RESULT: {}
COMMAND: GET /session/a04e8b17cccf81c307ac8c5bdd3012da/screenshot - {}
RESULT: {}
COMMAND: POST /session/a04e8b17cccf81c307ac8c5bdd3012da/element - {"using":"xpath","value":"//bdi[contains(text(), \"OK\")]"}
RESULT: {"using":"xpath","value":"//bdi[contains(text(), \"OK\")]"}
COMMAND: POST /session/a04e8b17cccf81c307ac8c5bdd3012da/element/f.ABFAD7D56B06A6D2CA676A1F0455247C.d.9BD13AE519DEB927D0C848A88E09BC3F.e.2552/click - {}
RESULT: {}
COMMAND: GET /session/a04e8b17cccf81c307ac8c5bdd3012da/screenshot - {}
RESULT: {}
COMMAND: POST /session/a04e8b17cccf81c307ac8c5bdd3012da/execute/async - {"script":"<script> [1562 bytes]","args":[{"selector":{"id":"application-manageresources-display-component---newResourceUnit--newRRUPage-anchBar-application-manageresources-display-component---newResourceUnit--resource-anchor","interaction":{"idSuffix":"BDI-content"}},"wdio_ui5_key":"applicationmanageresources-display-component---newResourceUnit--newRRUPage-anchBar-application-manageresources-display-component---newResourceUnit--resource-anchor"}]}
RESULT: {"script":"<script> [1562 bytes]","args":[{"selector":{"id":"application-manageresources-display-component---newResourceUnit--newRRUPage-anchBar-application-manageresources-display-component---newResourceUnit--resource-anchor","interaction":{"idSuffix":"BDI-content"}},"wdio_ui5_key":"applicationmanageresources-display-component---newResourceUnit--newRRUPage-anchBar-application-manageresources-display-component---newResourceUnit--resource-anchor"}]}
RESULT: undefined
COMMAND: POST /session/a04e8b17cccf81c307ac8c5bdd3012da/element - {"using":"xpath","value":"//*[@id=\"application-manageresources-display-component---newResourceUnit--newRRUPage-anchBar-application-manageresources-display-component---newResourceUnit--resource-anchor\"]"}
RESULT: {"using":"xpath","value":"//*[@id=\"application-manageresources-display-component---newResourceUnit--newRRUPage-anchBar-application-manageresources-display-component---newResourceUnit--resource-anchor\"]"}
COMMAND: POST /session/a04e8b17cccf81c307ac8c5bdd3012da/element/f.ABFAD7D56B06A6D2CA676A1F0455247C.d.9BD13AE519DEB927D0C848A88E09BC3F.e.2556/click - {}
RESULT: {}
COMMAND: POST /session/a04e8b17cccf81c307ac8c5bdd3012da/execute/async - {"script":"<script> [1562 bytes]","args":[{"selector":{"id":"application-manageresources-display-component---newResourceUnit--PLANNED_DELIVERY_DATE","interaction":{"idSuffix":"inner"}},"wdio_ui5_key":"applicationmanageresources-display-component---newResourceUnit--PLANNED_DELIVERY_DATE"}]}
COMMAND: GET /session/a04e8b17cccf81c307ac8c5bdd3012da/screenshot - {}
RESULT: {"script":"<script> [1562 bytes]","args":[{"selector":{"id":"application-manageresources-display-component---newResourceUnit--PLANNED_DELIVERY_DATE","interaction":{"idSuffix":"inner"}},"wdio_ui5_key":"applicationmanageresources-display-component---newResourceUnit--PLANNED_DELIVERY_DATE"}]}
RESULT: undefined
COMMAND: POST /session/a04e8b17cccf81c307ac8c5bdd3012da/execute/async - {"script":"<script> [6424 bytes]","args":[{"element-6066-11e4-a52e-4f735466cecf":"f.ABFAD7D56B06A6D2CA676A1F0455247C.d.9BD13AE519DEB927D0C848A88E09BC3F.e.2384"},"setValue",["5/24/25"]]}
RESULT: {}
RESULT: {"script":"<script> [6424 bytes]","args":[{"element-6066-11e4-a52e-4f735466cecf":"f.ABFAD7D56B06A6D2CA676A1F0455247C.d.9BD13AE519DEB927D0C848A88E09BC3F.e.2384"},"setValue",["5/24/25"]]}
COMMAND: POST /session/a04e8b17cccf81c307ac8c5bdd3012da/element - {"using":"xpath","value":"//label[contains(@class, 'sapMLabelRequired') and .//bdi[contains(text(), 'Planned Retirement')]]"}
RESULT: {"using":"xpath","value":"//label[contains(@class, 'sapMLabelRequired') and .//bdi[contains(text(), 'Planned Retirement')]]"}
COMMAND: POST /session/a04e8b17cccf81c307ac8c5bdd3012da/elements - {"using":"xpath","value":"//label[contains(@class, 'sapMLabelRequired') and .//bdi[contains(text(), 'Planned Retirement')]]"}
RESULT: {"using":"xpath","value":"//label[contains(@class, 'sapMLabelRequired') and .//bdi[contains(text(), 'Planned Retirement')]]"}
COMMAND: POST /session/a04e8b17cccf81c307ac8c5bdd3012da/element - {"using":"xpath","value":"//button[@data-kt=\"resourceUnitSaveButton\"]"}
RESULT: {"using":"xpath","value":"//button[@data-kt=\"resourceUnitSaveButton\"]"}
COMMAND: POST /session/a04e8b17cccf81c307ac8c5bdd3012da/element/f.ABFAD7D56B06A6D2CA676A1F0455247C.d.9BD13AE519DEB927D0C848A88E09BC3F.e.2343/click - {}
RESULT: {}
COMMAND: GET /session/a04e8b17cccf81c307ac8c5bdd3012da/screenshot - {}
RESULT: {}
COMMAND: POST /session/a04e8b17cccf81c307ac8c5bdd3012da/element - {"using":"xpath","value":"//bdi[contains(text(), \"Close\")]"}
RESULT: {"using":"xpath","value":"//bdi[contains(text(), \"Close\")]"}
COMMAND: POST /session/a04e8b17cccf81c307ac8c5bdd3012da/element/f.ABFAD7D56B06A6D2CA676A1F0455247C.d.9BD13AE519DEB927D0C848A88E09BC3F.e.2564/click - {}
RESULT: {}
COMMAND: GET /session/a04e8b17cccf81c307ac8c5bdd3012da/screenshot - {}
RESULT: {}
COMMAND: POST /session/a04e8b17cccf81c307ac8c5bdd3012da/element - {"using":"xpath","value":"(//button[contains(@id ,\"actionsToolbar-overflowButton\")])[1]"}
RESULT: {"using":"xpath","value":"(//button[contains(@id ,\"actionsToolbar-overflowButton\")])[1]"}
COMMAND: POST /session/a04e8b17cccf81c307ac8c5bdd3012da/element/f.ABFAD7D56B06A6D2CA676A1F0455247C.d.9BD13AE519DEB927D0C848A88E09BC3F.e.2625/click - {}
RESULT: {}
COMMAND: GET /session/a04e8b17cccf81c307ac8c5bdd3012da/screenshot - {}
RESULT: {}
COMMAND: POST /session/a04e8b17cccf81c307ac8c5bdd3012da/element - {"using":"xpath","value":"//button[@data-kt=\"priceInfoButton\"]"}
RESULT: {"using":"xpath","value":"//button[@data-kt=\"priceInfoButton\"]"}
COMMAND: POST /session/a04e8b17cccf81c307ac8c5bdd3012da/element/f.ABFAD7D56B06A6D2CA676A1F0455247C.d.9BD13AE519DEB927D0C848A88E09BC3F.e.2627/click - {}
RESULT: {}
COMMAND: GET /session/a04e8b17cccf81c307ac8c5bdd3012da/screenshot - {}
RESULT: {}
COMMAND: POST /session/a04e8b17cccf81c307ac8c5bdd3012da/element - {"using":"css selector","value":"#shell-header-logo"}
RESULT: {"using":"css selector","value":"#shell-header-logo"}
COMMAND: POST /session/a04e8b17cccf81c307ac8c5bdd3012da/element/f.ABFAD7D56B06A6D2CA676A1F0455247C.d.9BD13AE519DEB927D0C848A88E09BC3F.e.1939/click - {}
RESULT: {}
COMMAND: GET /session/a04e8b17cccf81c307ac8c5bdd3012da/screenshot - {}
RESULT: {}
]]></system-out>
    </testcase>
    <testcase classname="chrome.136_0_7103_93.windows.RU_Inventory_Mass_State_Change_Multiple_Items_US151066" name="Prerequisite Step 2 Should create a new material" time="119.442">
      <system-out><![CDATA[
RESULT: undefined
COMMAND: POST /session/a04e8b17cccf81c307ac8c5bdd3012da/element - {"using":"xpath","value":"//*[@id=\"__tile39\"]"}
RESULT: {"using":"xpath","value":"//*[@id=\"__tile39\"]"}
COMMAND: POST /session/a04e8b17cccf81c307ac8c5bdd3012da/element/f.ABFAD7D56B06A6D2CA676A1F0455247C.d.9BD13AE519DEB927D0C848A88E09BC3F.e.149/click - {}
RESULT: {}
COMMAND: GET /session/a04e8b17cccf81c307ac8c5bdd3012da/screenshot - {}
RESULT: {}
COMMAND: POST /session/a04e8b17cccf81c307ac8c5bdd3012da/elements - {"using":"xpath","value":"//span[text()='Error']"}
RESULT: {"using":"xpath","value":"//span[text()='Error']"}
COMMAND: POST /session/a04e8b17cccf81c307ac8c5bdd3012da/element - {"using":"xpath","value":"//button[@data-kt=\"addNewRUOverflowToolbarButton\"]"}
RESULT: {"using":"xpath","value":"//button[@data-kt=\"addNewRUOverflowToolbarButton\"]"}
COMMAND: POST /session/a04e8b17cccf81c307ac8c5bdd3012da/elements - {"using":"xpath","value":"//button[@data-kt=\"addNewRUOverflowToolbarButton\"]"}
RESULT: {"using":"xpath","value":"//button[@data-kt=\"addNewRUOverflowToolbarButton\"]"}
COMMAND: POST /session/a04e8b17cccf81c307ac8c5bdd3012da/execute/sync - {"script":"<script> [8489 bytes]","args":[{"element-6066-11e4-a52e-4f735466cecf":"f.ABFAD7D56B06A6D2CA676A1F0455247C.d.9BD13AE519DEB927D0C848A88E09BC3F.e.2704","ELEMENT":"f.ABFAD7D56B06A6D2CA676A1F0455247C.d.9BD13AE519DEB927D0C848A88E09BC3F.e.2704"}]}
RESULT: {"script":"<script> [8489 bytes]","args":[{"element-6066-11e4-a52e-4f735466cecf":"f.ABFAD7D56B06A6D2CA676A1F0455247C.d.9BD13AE519DEB927D0C848A88E09BC3F.e.2704","ELEMENT":"f.ABFAD7D56B06A6D2CA676A1F0455247C.d.9BD13AE519DEB927D0C848A88E09BC3F.e.2704"}]}
COMMAND: GET /session/a04e8b17cccf81c307ac8c5bdd3012da/element/f.ABFAD7D56B06A6D2CA676A1F0455247C.d.9BD13AE519DEB927D0C848A88E09BC3F.e.2704/enabled - {}
COMMAND: GET /session/a04e8b17cccf81c307ac8c5bdd3012da/screenshot - {}
RESULT: {}
COMMAND: POST /session/a04e8b17cccf81c307ac8c5bdd3012da/execute/sync - {"script":"<script> [8489 bytes]","args":[{"element-6066-11e4-a52e-4f735466cecf":"f.ABFAD7D56B06A6D2CA676A1F0455247C.d.9BD13AE519DEB927D0C848A88E09BC3F.e.2704","ELEMENT":"f.ABFAD7D56B06A6D2CA676A1F0455247C.d.9BD13AE519DEB927D0C848A88E09BC3F.e.2704"}]}
COMMAND: GET /session/a04e8b17cccf81c307ac8c5bdd3012da/screenshot - {}
RESULT: {}
RESULT: {"script":"<script> [8489 bytes]","args":[{"element-6066-11e4-a52e-4f735466cecf":"f.ABFAD7D56B06A6D2CA676A1F0455247C.d.9BD13AE519DEB927D0C848A88E09BC3F.e.2704","ELEMENT":"f.ABFAD7D56B06A6D2CA676A1F0455247C.d.9BD13AE519DEB927D0C848A88E09BC3F.e.2704"}]}
COMMAND: POST /session/a04e8b17cccf81c307ac8c5bdd3012da/execute/sync - {"script":"<script> [5351 bytes]","args":[{"element-6066-11e4-a52e-4f735466cecf":"f.ABFAD7D56B06A6D2CA676A1F0455247C.d.9BD13AE519DEB927D0C848A88E09BC3F.e.2704","ELEMENT":"f.ABFAD7D56B06A6D2CA676A1F0455247C.d.9BD13AE519DEB927D0C848A88E09BC3F.e.2704"}]}
COMMAND: GET /session/a04e8b17cccf81c307ac8c5bdd3012da/screenshot - {}
RESULT: {}
RESULT: {"script":"<script> [5351 bytes]","args":[{"element-6066-11e4-a52e-4f735466cecf":"f.ABFAD7D56B06A6D2CA676A1F0455247C.d.9BD13AE519DEB927D0C848A88E09BC3F.e.2704","ELEMENT":"f.ABFAD7D56B06A6D2CA676A1F0455247C.d.9BD13AE519DEB927D0C848A88E09BC3F.e.2704"}]}
COMMAND: POST /session/a04e8b17cccf81c307ac8c5bdd3012da/element/f.ABFAD7D56B06A6D2CA676A1F0455247C.d.9BD13AE519DEB927D0C848A88E09BC3F.e.2704/click - {}
COMMAND: GET /session/a04e8b17cccf81c307ac8c5bdd3012da/screenshot - {}
RESULT: {}
RESULT: {}
COMMAND: GET /session/a04e8b17cccf81c307ac8c5bdd3012da/screenshot - {}
RESULT: {}
RESULT: {}
RESULT: undefined
COMMAND: POST /session/a04e8b17cccf81c307ac8c5bdd3012da/element - {"using":"xpath","value":"//*[@id=\"application-manageresources-display-component---newResourceUnit--TYPE-arrow\"]"}
RESULT: {"using":"xpath","value":"//*[@id=\"application-manageresources-display-component---newResourceUnit--TYPE-arrow\"]"}
COMMAND: POST /session/a04e8b17cccf81c307ac8c5bdd3012da/element/f.ABFAD7D56B06A6D2CA676A1F0455247C.d.9BD13AE519DEB927D0C848A88E09BC3F.e.3052/click - {}
RESULT: {}
COMMAND: POST /session/a04e8b17cccf81c307ac8c5bdd3012da/element - {"using":"xpath","value":"//input[@id=\"application-manageresources-display-component---newResourceUnit--TYPE-inner\"]"}
COMMAND: GET /session/a04e8b17cccf81c307ac8c5bdd3012da/screenshot - {}
RESULT: {"using":"xpath","value":"//input[@id=\"application-manageresources-display-component---newResourceUnit--TYPE-inner\"]"}
COMMAND: POST /session/a04e8b17cccf81c307ac8c5bdd3012da/element/f.ABFAD7D56B06A6D2CA676A1F0455247C.d.9BD13AE519DEB927D0C848A88E09BC3F.e.3048/clear - {}
RESULT: {}
RESULT: {}
COMMAND: POST /session/a04e8b17cccf81c307ac8c5bdd3012da/element/f.ABFAD7D56B06A6D2CA676A1F0455247C.d.9BD13AE519DEB927D0C848A88E09BC3F.e.3048/value - {"text":"Material"}
COMMAND: GET /session/a04e8b17cccf81c307ac8c5bdd3012da/screenshot - {}
RESULT: {"text":"Material"}
COMMAND: GET /session/a04e8b17cccf81c307ac8c5bdd3012da/screenshot - {}
RESULT: {}
RESULT: {}
COMMAND: POST /session/a04e8b17cccf81c307ac8c5bdd3012da/actions - {"actions":[{"id":"action15","type":"key","parameters":{},"actions":[{"type":"keyDown","value":""},{"type":"pause","duration":10},{"type":"keyUp","value":""}]}]}
RESULT: {"actions":[{"id":"action15","type":"key","parameters":{},"actions":[{"type":"keyDown","value":""},{"type":"pause","duration":10},{"type":"keyUp","value":""}]}]}
RESULT: undefined
COMMAND: POST /session/a04e8b17cccf81c307ac8c5bdd3012da/execute/async - {"script":"<script> [776 bytes]","args":[{"enterText":"Cement WDIO","selector":{"id":"application-manageresources-display-component---newResourceUnit--SHORT_TEXT","interaction":{"idSuffix":"inner"}},"clearTextFirst":true,"interactionType":"ENTER_TEXT"}]}
COMMAND: GET /session/a04e8b17cccf81c307ac8c5bdd3012da/screenshot - {}
RESULT: {"script":"<script> [776 bytes]","args":[{"enterText":"Cement WDIO","selector":{"id":"application-manageresources-display-component---newResourceUnit--SHORT_TEXT","interaction":{"idSuffix":"inner"}},"clearTextFirst":true,"interactionType":"ENTER_TEXT"}]}
RESULT: undefined
COMMAND: POST /session/a04e8b17cccf81c307ac8c5bdd3012da/execute/async - {"script":"<script> [776 bytes]","args":[{"enterText":"Piece","selector":{"id":"application-manageresources-display-component---newResourceUnit--BASE_UNIT_OF_MEASURE","interaction":{"idSuffix":"inner"}},"clearTextFirst":true,"interactionType":"ENTER_TEXT"}]}
RESULT: {}
RESULT: {"script":"<script> [776 bytes]","args":[{"enterText":"Piece","selector":{"id":"application-manageresources-display-component---newResourceUnit--BASE_UNIT_OF_MEASURE","interaction":{"idSuffix":"inner"}},"clearTextFirst":true,"interactionType":"ENTER_TEXT"}]}
RESULT: undefined
COMMAND: POST /session/a04e8b17cccf81c307ac8c5bdd3012da/execute/async - {"script":"<script> [776 bytes]","args":[{"enterText":"Gram","selector":{"id":"application-manageresources-display-component---newResourceUnit--WEIGHT_UNIT","interaction":{"idSuffix":"inner"}},"clearTextFirst":true,"interactionType":"ENTER_TEXT"}]}
RESULT: {"script":"<script> [776 bytes]","args":[{"enterText":"Gram","selector":{"id":"application-manageresources-display-component---newResourceUnit--WEIGHT_UNIT","interaction":{"idSuffix":"inner"}},"clearTextFirst":true,"interactionType":"ENTER_TEXT"}]}
RESULT: undefined
COMMAND: POST /session/a04e8b17cccf81c307ac8c5bdd3012da/execute/async - {"script":"<script> [776 bytes]","args":[{"enterText":"Meter","selector":{"id":"application-manageresources-display-component---newResourceUnit--DIMENSION_UNIT","interaction":{"idSuffix":"inner"}},"clearTextFirst":true,"interactionType":"ENTER_TEXT"}]}
RESULT: {"script":"<script> [776 bytes]","args":[{"enterText":"Meter","selector":{"id":"application-manageresources-display-component---newResourceUnit--DIMENSION_UNIT","interaction":{"idSuffix":"inner"}},"clearTextFirst":true,"interactionType":"ENTER_TEXT"}]}
RESULT: undefined
COMMAND: POST /session/a04e8b17cccf81c307ac8c5bdd3012da/element - {"using":"xpath","value":"//*[@id=\"application-manageresources-display-component---newResourceUnit--newRRUPage-anchBar-application-manageresources-display-component---newResourceUnit--control-anchor\"]"}
RESULT: {"using":"xpath","value":"//*[@id=\"application-manageresources-display-component---newResourceUnit--newRRUPage-anchBar-application-manageresources-display-component---newResourceUnit--control-anchor\"]"}
COMMAND: POST /session/a04e8b17cccf81c307ac8c5bdd3012da/element/f.ABFAD7D56B06A6D2CA676A1F0455247C.d.9BD13AE519DEB927D0C848A88E09BC3F.e.3176/click - {}
RESULT: {}
RESULT: undefined
COMMAND: POST /session/a04e8b17cccf81c307ac8c5bdd3012da/execute/async - {"script":"<script> [776 bytes]","args":[{"enterText":"Material","selector":{"id":"application-manageresources-display-component---newResourceUnit--PLANNING_GROUP","interaction":{"idSuffix":"inner"}},"clearTextFirst":true,"interactionType":"ENTER_TEXT"}]}
COMMAND: GET /session/a04e8b17cccf81c307ac8c5bdd3012da/screenshot - {}
RESULT: {"script":"<script> [776 bytes]","args":[{"enterText":"Material","selector":{"id":"application-manageresources-display-component---newResourceUnit--PLANNING_GROUP","interaction":{"idSuffix":"inner"}},"clearTextFirst":true,"interactionType":"ENTER_TEXT"}]}
RESULT: {}
COMMAND: POST /session/a04e8b17cccf81c307ac8c5bdd3012da/execute/async - {"script":"<script> [1562 bytes]","args":[{"selector":{"id":"application-manageresources-display-component---newResourceUnit--PLANNING_INDICATOR","interaction":{"idSuffix":"inner"}},"wdio_ui5_key":"applicationmanageresources-display-component---newResourceUnit--PLANNING_INDICATOR"}]}
RESULT: {"script":"<script> [1562 bytes]","args":[{"selector":{"id":"application-manageresources-display-component---newResourceUnit--PLANNING_INDICATOR","interaction":{"idSuffix":"inner"}},"wdio_ui5_key":"applicationmanageresources-display-component---newResourceUnit--PLANNING_INDICATOR"}]}
RESULT: undefined
COMMAND: POST /session/a04e8b17cccf81c307ac8c5bdd3012da/execute/async - {"script":"<script> [776 bytes]","args":[{"enterText":"10 - infinite","selector":{"id":"application-manageresources-display-component---newResourceUnit--PLANNING_INDICATOR","interaction":{"idSuffix":"inner"}},"clearTextFirst":true,"interactionType":"ENTER_TEXT"}]}
RESULT: {"script":"<script> [776 bytes]","args":[{"enterText":"10 - infinite","selector":{"id":"application-manageresources-display-component---newResourceUnit--PLANNING_INDICATOR","interaction":{"idSuffix":"inner"}},"clearTextFirst":true,"interactionType":"ENTER_TEXT"}]}
COMMAND: POST /session/a04e8b17cccf81c307ac8c5bdd3012da/element - {"using":"css selector","value":"#application-manageresources-display-component---newResourceUnit--btnAddTimeSegment"}
RESULT: {"using":"css selector","value":"#application-manageresources-display-component---newResourceUnit--btnAddTimeSegment"}
COMMAND: GET /session/a04e8b17cccf81c307ac8c5bdd3012da/element/f.ABFAD7D56B06A6D2CA676A1F0455247C.d.9BD13AE519DEB927D0C848A88E09BC3F.e.3185/rect - {}
RESULT: {}
COMMAND: GET /session/a04e8b17cccf81c307ac8c5bdd3012da/window/rect - {}
RESULT: {}
COMMAND: POST /session/a04e8b17cccf81c307ac8c5bdd3012da/execute/sync - {"script":"<script> [92 bytes]","args":[]}
RESULT: {"script":"<script> [92 bytes]","args":[]}
COMMAND: POST /session/a04e8b17cccf81c307ac8c5bdd3012da/actions - {"actions":[{"id":"action16","type":"wheel","parameters":{},"actions":[{"type":"scroll","x":-1888,"y":-32,"deltaX":0,"deltaY":0,"duration":0,"origin":{"element-6066-11e4-a52e-4f735466cecf":"f.ABFAD7D56B06A6D2CA676A1F0455247C.d.9BD13AE519DEB927D0C848A88E09BC3F.e.3185"}}]}]}
COMMAND: GET /session/a04e8b17cccf81c307ac8c5bdd3012da/screenshot - {}
RESULT: {}
COMMAND: POST /session/a04e8b17cccf81c307ac8c5bdd3012da/execute/sync - {"script":"<script> [79 bytes]","args":[{"element-6066-11e4-a52e-4f735466cecf":"f.ABFAD7D56B06A6D2CA676A1F0455247C.d.9BD13AE519DEB927D0C848A88E09BC3F.e.3185","ELEMENT":"f.ABFAD7D56B06A6D2CA676A1F0455247C.d.9BD13AE519DEB927D0C848A88E09BC3F.e.3185"},{"block":"start","inline":"nearest"}]}
RESULT: {"script":"<script> [79 bytes]","args":[{"element-6066-11e4-a52e-4f735466cecf":"f.ABFAD7D56B06A6D2CA676A1F0455247C.d.9BD13AE519DEB927D0C848A88E09BC3F.e.3185","ELEMENT":"f.ABFAD7D56B06A6D2CA676A1F0455247C.d.9BD13AE519DEB927D0C848A88E09BC3F.e.3185"},{"block":"start","inline":"nearest"}]}
RESULT: undefined
COMMAND: POST /session/a04e8b17cccf81c307ac8c5bdd3012da/element - {"using":"xpath","value":"//*[@id=\"application-manageresources-display-component---newResourceUnit--btnAddTimeSegment\"]"}
COMMAND: GET /session/a04e8b17cccf81c307ac8c5bdd3012da/screenshot - {}
RESULT: {"using":"xpath","value":"//*[@id=\"application-manageresources-display-component---newResourceUnit--btnAddTimeSegment\"]"}
COMMAND: POST /session/a04e8b17cccf81c307ac8c5bdd3012da/element/f.ABFAD7D56B06A6D2CA676A1F0455247C.d.9BD13AE519DEB927D0C848A88E09BC3F.e.3185/click - {}
RESULT: {}
RESULT: {}
COMMAND: GET /session/a04e8b17cccf81c307ac8c5bdd3012da/screenshot - {}
RESULT: {}
COMMAND: POST /session/a04e8b17cccf81c307ac8c5bdd3012da/element - {"using":"xpath","value":"//input[@id=\"application-manageresources-display-component---newResourceUnit--idRuTSAdmin-application-manageresources-display-component---newResourceUnit--RUTimeSegment-0-inner\"]"}
RESULT: {"using":"xpath","value":"//input[@id=\"application-manageresources-display-component---newResourceUnit--idRuTSAdmin-application-manageresources-display-component---newResourceUnit--RUTimeSegment-0-inner\"]"}
COMMAND: POST /session/a04e8b17cccf81c307ac8c5bdd3012da/element/f.ABFAD7D56B06A6D2CA676A1F0455247C.d.9BD13AE519DEB927D0C848A88E09BC3F.e.3189/clear - {}
RESULT: {}
COMMAND: POST /session/a04e8b17cccf81c307ac8c5bdd3012da/element/f.ABFAD7D56B06A6D2CA676A1F0455247C.d.9BD13AE519DEB927D0C848A88E09BC3F.e.3189/value - {"text":"109"}
COMMAND: GET /session/a04e8b17cccf81c307ac8c5bdd3012da/screenshot - {}
RESULT: {"text":"109"}
COMMAND: GET /session/a04e8b17cccf81c307ac8c5bdd3012da/screenshot - {}
RESULT: {}
RESULT: {}
COMMAND: POST /session/a04e8b17cccf81c307ac8c5bdd3012da/element - {"using":"xpath","value":"//li[.//span[text()='109']]"}
RESULT: {"using":"xpath","value":"//li[.//span[text()='109']]"}
COMMAND: POST /session/a04e8b17cccf81c307ac8c5bdd3012da/element/f.ABFAD7D56B06A6D2CA676A1F0455247C.d.9BD13AE519DEB927D0C848A88E09BC3F.e.3196/click - {}
RESULT: {}
COMMAND: GET /session/a04e8b17cccf81c307ac8c5bdd3012da/screenshot - {}
RESULT: {}
COMMAND: POST /session/a04e8b17cccf81c307ac8c5bdd3012da/element - {"using":"xpath","value":"(//span[contains(@id, \"-application-manageresources-display-component---newResourceUnit--RUTimeSegment-0-arrow\")])[2]"}
RESULT: {"using":"xpath","value":"(//span[contains(@id, \"-application-manageresources-display-component---newResourceUnit--RUTimeSegment-0-arrow\")])[2]"}
COMMAND: POST /session/a04e8b17cccf81c307ac8c5bdd3012da/element/f.ABFAD7D56B06A6D2CA676A1F0455247C.d.9BD13AE519DEB927D0C848A88E09BC3F.e.3197/click - {}
RESULT: {}
COMMAND: POST /session/a04e8b17cccf81c307ac8c5bdd3012da/element - {"using":"xpath","value":"//span[contains(text(), \"PM Order\")]"}
COMMAND: GET /session/a04e8b17cccf81c307ac8c5bdd3012da/screenshot - {}
RESULT: {"using":"xpath","value":"//span[contains(text(), \"PM Order\")]"}
COMMAND: POST /session/a04e8b17cccf81c307ac8c5bdd3012da/element/f.ABFAD7D56B06A6D2CA676A1F0455247C.d.9BD13AE519DEB927D0C848A88E09BC3F.e.3198/click - {}
RESULT: {}
RESULT: {}
COMMAND: GET /session/a04e8b17cccf81c307ac8c5bdd3012da/screenshot - {}
RESULT: {}
COMMAND: POST /session/a04e8b17cccf81c307ac8c5bdd3012da/element - {"using":"xpath","value":"//td/div/div/div/span[contains(@id, \"newResourceUnit--RUTimeSegment-0-vhi\")][1]"}
RESULT: {"using":"xpath","value":"//td/div/div/div/span[contains(@id, \"newResourceUnit--RUTimeSegment-0-vhi\")][1]"}
COMMAND: GET /session/a04e8b17cccf81c307ac8c5bdd3012da/element/f.ABFAD7D56B06A6D2CA676A1F0455247C.d.9BD13AE519DEB927D0C848A88E09BC3F.e.3202/rect - {}
RESULT: {}
COMMAND: GET /session/a04e8b17cccf81c307ac8c5bdd3012da/window/rect - {}
RESULT: {}
COMMAND: POST /session/a04e8b17cccf81c307ac8c5bdd3012da/execute/sync - {"script":"<script> [92 bytes]","args":[]}
RESULT: {"script":"<script> [92 bytes]","args":[]}
COMMAND: POST /session/a04e8b17cccf81c307ac8c5bdd3012da/actions - {"actions":[{"id":"action17","type":"wheel","parameters":{},"actions":[{"type":"scroll","x":-1888,"y":-24,"deltaX":0,"deltaY":0,"duration":0,"origin":{"element-6066-11e4-a52e-4f735466cecf":"f.ABFAD7D56B06A6D2CA676A1F0455247C.d.9BD13AE519DEB927D0C848A88E09BC3F.e.3202"}}]}]}
COMMAND: GET /session/a04e8b17cccf81c307ac8c5bdd3012da/screenshot - {}
RESULT: {}
COMMAND: POST /session/a04e8b17cccf81c307ac8c5bdd3012da/execute/sync - {"script":"<script> [79 bytes]","args":[{"element-6066-11e4-a52e-4f735466cecf":"f.ABFAD7D56B06A6D2CA676A1F0455247C.d.9BD13AE519DEB927D0C848A88E09BC3F.e.3202","ELEMENT":"f.ABFAD7D56B06A6D2CA676A1F0455247C.d.9BD13AE519DEB927D0C848A88E09BC3F.e.3202"},{"block":"start","inline":"nearest"}]}
RESULT: {"script":"<script> [79 bytes]","args":[{"element-6066-11e4-a52e-4f735466cecf":"f.ABFAD7D56B06A6D2CA676A1F0455247C.d.9BD13AE519DEB927D0C848A88E09BC3F.e.3202","ELEMENT":"f.ABFAD7D56B06A6D2CA676A1F0455247C.d.9BD13AE519DEB927D0C848A88E09BC3F.e.3202"},{"block":"start","inline":"nearest"}]}
COMMAND: GET /session/a04e8b17cccf81c307ac8c5bdd3012da/screenshot - {}
RESULT: {}
COMMAND: POST /session/a04e8b17cccf81c307ac8c5bdd3012da/element/f.ABFAD7D56B06A6D2CA676A1F0455247C.d.9BD13AE519DEB927D0C848A88E09BC3F.e.3202/click - {}
RESULT: {}
COMMAND: GET /session/a04e8b17cccf81c307ac8c5bdd3012da/screenshot - {}
RESULT: {}
RESULT: undefined
COMMAND: POST /session/a04e8b17cccf81c307ac8c5bdd3012da/execute/async - {"script":"<script> [776 bytes]","args":[{"enterText":"4000360","selector":{"controlType":"sap.m.SearchField","properties":{"placeholder":"Search"},"searchOpenDialogs":true,"interaction":{"idSuffix":"I"}},"clearTextFirst":true,"interactionType":"ENTER_TEXT"}]}
RESULT: {"script":"<script> [776 bytes]","args":[{"enterText":"4000360","selector":{"controlType":"sap.m.SearchField","properties":{"placeholder":"Search"},"searchOpenDialogs":true,"interaction":{"idSuffix":"I"}},"clearTextFirst":true,"interactionType":"ENTER_TEXT"}]}
COMMAND: POST /session/a04e8b17cccf81c307ac8c5bdd3012da/actions - {"actions":[{"id":"action18","type":"key","parameters":{},"actions":[{"type":"keyDown","value":""},{"type":"pause","duration":10},{"type":"keyUp","value":""}]}]}
RESULT: {"actions":[{"id":"action18","type":"key","parameters":{},"actions":[{"type":"keyDown","value":""},{"type":"pause","duration":10},{"type":"keyUp","value":""}]}]}
COMMAND: GET /session/a04e8b17cccf81c307ac8c5bdd3012da/screenshot - {}
RESULT: {}
COMMAND: POST /session/a04e8b17cccf81c307ac8c5bdd3012da/element - {"using":"xpath","value":"//td/div/span[contains(text(), \"BGL Vehicles\")]"}
RESULT: {"using":"xpath","value":"//td/div/span[contains(text(), \"BGL Vehicles\")]"}
COMMAND: POST /session/a04e8b17cccf81c307ac8c5bdd3012da/element/f.ABFAD7D56B06A6D2CA676A1F0455247C.d.9BD13AE519DEB927D0C848A88E09BC3F.e.3223/click - {}
RESULT: {}
COMMAND: GET /session/a04e8b17cccf81c307ac8c5bdd3012da/screenshot - {}
RESULT: {}
COMMAND: POST /session/a04e8b17cccf81c307ac8c5bdd3012da/element - {"using":"xpath","value":"//bdi[contains(text(), \"OK\")]"}
RESULT: {"using":"xpath","value":"//bdi[contains(text(), \"OK\")]"}
COMMAND: POST /session/a04e8b17cccf81c307ac8c5bdd3012da/element/f.ABFAD7D56B06A6D2CA676A1F0455247C.d.9BD13AE519DEB927D0C848A88E09BC3F.e.3224/click - {}
RESULT: {}
COMMAND: GET /session/a04e8b17cccf81c307ac8c5bdd3012da/screenshot - {}
RESULT: {}
COMMAND: POST /session/a04e8b17cccf81c307ac8c5bdd3012da/element - {"using":"xpath","value":"//label[contains(@class, 'sapMLabelRequired') and .//bdi[contains(text(), 'Planned Retirement')]]"}
RESULT: {"using":"xpath","value":"//label[contains(@class, 'sapMLabelRequired') and .//bdi[contains(text(), 'Planned Retirement')]]"}
COMMAND: POST /session/a04e8b17cccf81c307ac8c5bdd3012da/elements - {"using":"xpath","value":"//label[contains(@class, 'sapMLabelRequired') and .//bdi[contains(text(), 'Planned Retirement')]]"}
RESULT: {"using":"xpath","value":"//label[contains(@class, 'sapMLabelRequired') and .//bdi[contains(text(), 'Planned Retirement')]]"}
COMMAND: POST /session/a04e8b17cccf81c307ac8c5bdd3012da/element - {"using":"xpath","value":"//button[@data-kt=\"resourceUnitSaveButton\"]"}
RESULT: {"using":"xpath","value":"//button[@data-kt=\"resourceUnitSaveButton\"]"}
COMMAND: POST /session/a04e8b17cccf81c307ac8c5bdd3012da/element/f.ABFAD7D56B06A6D2CA676A1F0455247C.d.9BD13AE519DEB927D0C848A88E09BC3F.e.3068/click - {}
RESULT: {}
COMMAND: GET /session/a04e8b17cccf81c307ac8c5bdd3012da/screenshot - {}
RESULT: {}
COMMAND: POST /session/a04e8b17cccf81c307ac8c5bdd3012da/element - {"using":"xpath","value":"//bdi[contains(text(), \"Close\")]"}
RESULT: {"using":"xpath","value":"//bdi[contains(text(), \"Close\")]"}
COMMAND: POST /session/a04e8b17cccf81c307ac8c5bdd3012da/element/f.ABFAD7D56B06A6D2CA676A1F0455247C.d.9BD13AE519DEB927D0C848A88E09BC3F.e.3230/click - {}
RESULT: {}
COMMAND: GET /session/a04e8b17cccf81c307ac8c5bdd3012da/screenshot - {}
RESULT: {}
COMMAND: POST /session/a04e8b17cccf81c307ac8c5bdd3012da/element - {"using":"xpath","value":"//header[contains(@id, 'detailRruPage-headerTitle')]/div[1]/div[2]/div[2]/span[1]"}
RESULT: {"using":"xpath","value":"//header[contains(@id, 'detailRruPage-headerTitle')]/div[1]/div[2]/div[2]/span[1]"}
COMMAND: POST /session/a04e8b17cccf81c307ac8c5bdd3012da/elements - {"using":"xpath","value":"//header[contains(@id, 'detailRruPage-headerTitle')]/div[1]/div[2]/div[2]/span[1]"}
RESULT: {"using":"xpath","value":"//header[contains(@id, 'detailRruPage-headerTitle')]/div[1]/div[2]/div[2]/span[1]"}
COMMAND: POST /session/a04e8b17cccf81c307ac8c5bdd3012da/execute/sync - {"script":"<script> [56 bytes]","args":[{"element-6066-11e4-a52e-4f735466cecf":"f.ABFAD7D56B06A6D2CA676A1F0455247C.d.9BD13AE519DEB927D0C848A88E09BC3F.e.3263","ELEMENT":"f.ABFAD7D56B06A6D2CA676A1F0455247C.d.9BD13AE519DEB927D0C848A88E09BC3F.e.3263"}]}
RESULT: {"script":"<script> [56 bytes]","args":[{"element-6066-11e4-a52e-4f735466cecf":"f.ABFAD7D56B06A6D2CA676A1F0455247C.d.9BD13AE519DEB927D0C848A88E09BC3F.e.3263","ELEMENT":"f.ABFAD7D56B06A6D2CA676A1F0455247C.d.9BD13AE519DEB927D0C848A88E09BC3F.e.3263"}]}
COMMAND: POST /session/a04e8b17cccf81c307ac8c5bdd3012da/element - {"using":"css selector","value":"#shell-header-logo"}
COMMAND: GET /session/a04e8b17cccf81c307ac8c5bdd3012da/screenshot - {}
RESULT: {"using":"css selector","value":"#shell-header-logo"}
COMMAND: POST /session/a04e8b17cccf81c307ac8c5bdd3012da/element/f.ABFAD7D56B06A6D2CA676A1F0455247C.d.9BD13AE519DEB927D0C848A88E09BC3F.e.2666/click - {}
RESULT: {}
RESULT: {}
COMMAND: GET /session/a04e8b17cccf81c307ac8c5bdd3012da/screenshot - {}
RESULT: {}
]]></system-out>
    </testcase>
    <testcase classname="chrome.136_0_7103_93.windows.RU_Inventory_Mass_State_Change_Multiple_Items_US151066" name="Prerequisite Step 2 Should do a stock increase handover for the equipment" time="108.424">
      <system-out><![CDATA[
COMMAND: POST /session/a04e8b17cccf81c307ac8c5bdd3012da/execute/async - {"script":"<script> [1562 bytes]","args":[{"selector":{"controlType":"sap.m.GenericTile","properties":{"header":"Manage Handovers"}},"wdio_ui5_key":"sapm.GenericTile{\"header\":\"Manage Handovers\"}"}]}
RESULT: {"script":"<script> [1562 bytes]","args":[{"selector":{"controlType":"sap.m.GenericTile","properties":{"header":"Manage Handovers"}},"wdio_ui5_key":"sapm.GenericTile{\"header\":\"Manage Handovers\"}"}]}
RESULT: undefined
COMMAND: POST /session/a04e8b17cccf81c307ac8c5bdd3012da/element - {"using":"xpath","value":"//*[@id=\"__tile132\"]"}
RESULT: {"using":"xpath","value":"//*[@id=\"__tile132\"]"}
COMMAND: POST /session/a04e8b17cccf81c307ac8c5bdd3012da/element/f.ABFAD7D56B06A6D2CA676A1F0455247C.d.9BD13AE519DEB927D0C848A88E09BC3F.e.234/click - {}
RESULT: {}
COMMAND: GET /session/a04e8b17cccf81c307ac8c5bdd3012da/screenshot - {}
RESULT: {}
COMMAND: POST /session/a04e8b17cccf81c307ac8c5bdd3012da/elements - {"using":"xpath","value":"//span[text()='Error']"}
RESULT: {"using":"xpath","value":"//span[text()='Error']"}
COMMAND: POST /session/a04e8b17cccf81c307ac8c5bdd3012da/element - {"using":"xpath","value":"//button[@data-kt=\"masterHOAddButton\"]"}
RESULT: {"using":"xpath","value":"//button[@data-kt=\"masterHOAddButton\"]"}
COMMAND: POST /session/a04e8b17cccf81c307ac8c5bdd3012da/elements - {"using":"xpath","value":"//button[@data-kt=\"masterHOAddButton\"]"}
RESULT: {"using":"xpath","value":"//button[@data-kt=\"masterHOAddButton\"]"}
COMMAND: POST /session/a04e8b17cccf81c307ac8c5bdd3012da/execute/sync - {"script":"<script> [8489 bytes]","args":[{"element-6066-11e4-a52e-4f735466cecf":"f.ABFAD7D56B06A6D2CA676A1F0455247C.d.9BD13AE519DEB927D0C848A88E09BC3F.e.3297","ELEMENT":"f.ABFAD7D56B06A6D2CA676A1F0455247C.d.9BD13AE519DEB927D0C848A88E09BC3F.e.3297"}]}
RESULT: {"script":"<script> [8489 bytes]","args":[{"element-6066-11e4-a52e-4f735466cecf":"f.ABFAD7D56B06A6D2CA676A1F0455247C.d.9BD13AE519DEB927D0C848A88E09BC3F.e.3297","ELEMENT":"f.ABFAD7D56B06A6D2CA676A1F0455247C.d.9BD13AE519DEB927D0C848A88E09BC3F.e.3297"}]}
COMMAND: GET /session/a04e8b17cccf81c307ac8c5bdd3012da/element/f.ABFAD7D56B06A6D2CA676A1F0455247C.d.9BD13AE519DEB927D0C848A88E09BC3F.e.3297/enabled - {}
COMMAND: GET /session/a04e8b17cccf81c307ac8c5bdd3012da/screenshot - {}
RESULT: {}
COMMAND: POST /session/a04e8b17cccf81c307ac8c5bdd3012da/execute/sync - {"script":"<script> [8489 bytes]","args":[{"element-6066-11e4-a52e-4f735466cecf":"f.ABFAD7D56B06A6D2CA676A1F0455247C.d.9BD13AE519DEB927D0C848A88E09BC3F.e.3297","ELEMENT":"f.ABFAD7D56B06A6D2CA676A1F0455247C.d.9BD13AE519DEB927D0C848A88E09BC3F.e.3297"}]}
COMMAND: GET /session/a04e8b17cccf81c307ac8c5bdd3012da/screenshot - {}
RESULT: {}
RESULT: {"script":"<script> [8489 bytes]","args":[{"element-6066-11e4-a52e-4f735466cecf":"f.ABFAD7D56B06A6D2CA676A1F0455247C.d.9BD13AE519DEB927D0C848A88E09BC3F.e.3297","ELEMENT":"f.ABFAD7D56B06A6D2CA676A1F0455247C.d.9BD13AE519DEB927D0C848A88E09BC3F.e.3297"}]}
COMMAND: POST /session/a04e8b17cccf81c307ac8c5bdd3012da/execute/sync - {"script":"<script> [5351 bytes]","args":[{"element-6066-11e4-a52e-4f735466cecf":"f.ABFAD7D56B06A6D2CA676A1F0455247C.d.9BD13AE519DEB927D0C848A88E09BC3F.e.3297","ELEMENT":"f.ABFAD7D56B06A6D2CA676A1F0455247C.d.9BD13AE519DEB927D0C848A88E09BC3F.e.3297"}]}
COMMAND: GET /session/a04e8b17cccf81c307ac8c5bdd3012da/screenshot - {}
RESULT: {}
RESULT: {"script":"<script> [5351 bytes]","args":[{"element-6066-11e4-a52e-4f735466cecf":"f.ABFAD7D56B06A6D2CA676A1F0455247C.d.9BD13AE519DEB927D0C848A88E09BC3F.e.3297","ELEMENT":"f.ABFAD7D56B06A6D2CA676A1F0455247C.d.9BD13AE519DEB927D0C848A88E09BC3F.e.3297"}]}
COMMAND: POST /session/a04e8b17cccf81c307ac8c5bdd3012da/element/f.ABFAD7D56B06A6D2CA676A1F0455247C.d.9BD13AE519DEB927D0C848A88E09BC3F.e.3297/click - {}
COMMAND: GET /session/a04e8b17cccf81c307ac8c5bdd3012da/screenshot - {}
RESULT: {}
RESULT: {}
COMMAND: GET /session/a04e8b17cccf81c307ac8c5bdd3012da/screenshot - {}
COMMAND: POST /session/a04e8b17cccf81c307ac8c5bdd3012da/element - {"using":"xpath","value":"//span[contains(@id ,\"AddNewHO--typeSelect-arrow\")]"}
RESULT: {}
RESULT: {}
RESULT: {"using":"xpath","value":"//span[contains(@id ,\"AddNewHO--typeSelect-arrow\")]"}
COMMAND: POST /session/a04e8b17cccf81c307ac8c5bdd3012da/element/f.ABFAD7D56B06A6D2CA676A1F0455247C.d.9BD13AE519DEB927D0C848A88E09BC3F.e.3642/click - {}
RESULT: {}
COMMAND: GET /session/a04e8b17cccf81c307ac8c5bdd3012da/screenshot - {}
RESULT: {}
COMMAND: POST /session/a04e8b17cccf81c307ac8c5bdd3012da/element - {"using":"xpath","value":"(//li[contains(text(), \"stock increase yard\")])[1]"}
RESULT: {"using":"xpath","value":"(//li[contains(text(), \"stock increase yard\")])[1]"}
COMMAND: POST /session/a04e8b17cccf81c307ac8c5bdd3012da/element/f.ABFAD7D56B06A6D2CA676A1F0455247C.d.9BD13AE519DEB927D0C848A88E09BC3F.e.3643/click - {}
RESULT: {}
COMMAND: GET /session/a04e8b17cccf81c307ac8c5bdd3012da/screenshot - {}
RESULT: {}
COMMAND: POST /session/a04e8b17cccf81c307ac8c5bdd3012da/execute/async - {"script":"<script> [1562 bytes]","args":[{"selector":{"id":"application-managehandovers-display-component---AddNewHO--dueDate","interaction":{"idSuffix":"inner"}},"wdio_ui5_key":"applicationmanagehandovers-display-component---AddNewHO--dueDate"}]}
RESULT: {"script":"<script> [1562 bytes]","args":[{"selector":{"id":"application-managehandovers-display-component---AddNewHO--dueDate","interaction":{"idSuffix":"inner"}},"wdio_ui5_key":"applicationmanagehandovers-display-component---AddNewHO--dueDate"}]}
RESULT: undefined
COMMAND: POST /session/a04e8b17cccf81c307ac8c5bdd3012da/execute/async - {"script":"<script> [6424 bytes]","args":[{"element-6066-11e4-a52e-4f735466cecf":"f.ABFAD7D56B06A6D2CA676A1F0455247C.d.9BD13AE519DEB927D0C848A88E09BC3F.e.3645"},"setValue",["5/24/25"]]}
RESULT: {"script":"<script> [6424 bytes]","args":[{"element-6066-11e4-a52e-4f735466cecf":"f.ABFAD7D56B06A6D2CA676A1F0455247C.d.9BD13AE519DEB927D0C848A88E09BC3F.e.3645"},"setValue",["5/24/25"]]}
COMMAND: POST /session/a04e8b17cccf81c307ac8c5bdd3012da/element - {"using":"xpath","value":"//input[@id=\"generalSectionFrg--receiveYard-inner\"]"}
RESULT: {"using":"xpath","value":"//input[@id=\"generalSectionFrg--receiveYard-inner\"]"}
COMMAND: POST /session/a04e8b17cccf81c307ac8c5bdd3012da/element/f.ABFAD7D56B06A6D2CA676A1F0455247C.d.9BD13AE519DEB927D0C848A88E09BC3F.e.3651/clear - {}
RESULT: {}
COMMAND: POST /session/a04e8b17cccf81c307ac8c5bdd3012da/element/f.ABFAD7D56B06A6D2CA676A1F0455247C.d.9BD13AE519DEB927D0C848A88E09BC3F.e.3651/value - {"text":"109"}
COMMAND: GET /session/a04e8b17cccf81c307ac8c5bdd3012da/screenshot - {}
RESULT: {"text":"109"}
COMMAND: GET /session/a04e8b17cccf81c307ac8c5bdd3012da/screenshot - {}
RESULT: {}
RESULT: {}
COMMAND: POST /session/a04e8b17cccf81c307ac8c5bdd3012da/element - {"using":"xpath","value":"//li[.//span[text()='109']]"}
RESULT: {"using":"xpath","value":"//li[.//span[text()='109']]"}
COMMAND: POST /session/a04e8b17cccf81c307ac8c5bdd3012da/element/f.ABFAD7D56B06A6D2CA676A1F0455247C.d.9BD13AE519DEB927D0C848A88E09BC3F.e.3669/click - {}
RESULT: {}
COMMAND: GET /session/a04e8b17cccf81c307ac8c5bdd3012da/screenshot - {}
RESULT: {}
COMMAND: POST /session/a04e8b17cccf81c307ac8c5bdd3012da/execute/async - {"script":"<script> [1562 bytes]","args":[{"selector":{"id":"application-managehandovers-display-component---AddNewHO--ObjectPageLayout-anchBar-application-managehandovers-display-component---AddNewHO--section4-anchor","interaction":{"idSuffix":"BDI-content"}},"wdio_ui5_key":"applicationmanagehandovers-display-component---AddNewHO--ObjectPageLayout-anchBar-application-managehandovers-display-component---AddNewHO--section4-anchor"}]}
RESULT: {"script":"<script> [1562 bytes]","args":[{"selector":{"id":"application-managehandovers-display-component---AddNewHO--ObjectPageLayout-anchBar-application-managehandovers-display-component---AddNewHO--section4-anchor","interaction":{"idSuffix":"BDI-content"}},"wdio_ui5_key":"applicationmanagehandovers-display-component---AddNewHO--ObjectPageLayout-anchBar-application-managehandovers-display-component---AddNewHO--section4-anchor"}]}
RESULT: undefined
COMMAND: POST /session/a04e8b17cccf81c307ac8c5bdd3012da/element - {"using":"xpath","value":"//*[@id=\"application-managehandovers-display-component---AddNewHO--ObjectPageLayout-anchBar-application-managehandovers-display-component---AddNewHO--section4-anchor\"]"}
RESULT: {"using":"xpath","value":"//*[@id=\"application-managehandovers-display-component---AddNewHO--ObjectPageLayout-anchBar-application-managehandovers-display-component---AddNewHO--section4-anchor\"]"}
COMMAND: POST /session/a04e8b17cccf81c307ac8c5bdd3012da/element/f.ABFAD7D56B06A6D2CA676A1F0455247C.d.9BD13AE519DEB927D0C848A88E09BC3F.e.3671/click - {}
RESULT: {}
COMMAND: POST /session/a04e8b17cccf81c307ac8c5bdd3012da/element - {"using":"xpath","value":"//button[@aria-label=\"Add\"]"}
COMMAND: GET /session/a04e8b17cccf81c307ac8c5bdd3012da/screenshot - {}
RESULT: {"using":"xpath","value":"//button[@aria-label=\"Add\"]"}
COMMAND: POST /session/a04e8b17cccf81c307ac8c5bdd3012da/element/f.ABFAD7D56B06A6D2CA676A1F0455247C.d.9BD13AE519DEB927D0C848A88E09BC3F.e.3673/click - {}
RESULT: {}
RESULT: {}
COMMAND: GET /session/a04e8b17cccf81c307ac8c5bdd3012da/screenshot - {}
RESULT: {}
COMMAND: POST /session/a04e8b17cccf81c307ac8c5bdd3012da/execute/async - {"script":"<script> [1562 bytes]","args":[{"selector":{"id":"application-managehandovers-display-component---AddNewHO--smartFilterBar-btnBasicSearch","searchOpenDialogs":true,"interaction":{"idSuffix":"I"}},"wdio_ui5_key":"applicationmanagehandovers-display-component---AddNewHO--smartFilterBar-btnBasicSearch"}]}
RESULT: {"script":"<script> [1562 bytes]","args":[{"selector":{"id":"application-managehandovers-display-component---AddNewHO--smartFilterBar-btnBasicSearch","searchOpenDialogs":true,"interaction":{"idSuffix":"I"}},"wdio_ui5_key":"applicationmanagehandovers-display-component---AddNewHO--smartFilterBar-btnBasicSearch"}]}
RESULT: undefined
COMMAND: POST /session/a04e8b17cccf81c307ac8c5bdd3012da/execute/async - {"script":"<script> [776 bytes]","args":[{"enterText":"Y4zz2NoZop","selector":{"id":"application-managehandovers-display-component---AddNewHO--smartFilterBar-btnBasicSearch","searchOpenDialogs":true,"interaction":{"idSuffix":"I"}},"clearTextFirst":true,"interactionType":"ENTER_TEXT"}]}
RESULT: {"script":"<script> [776 bytes]","args":[{"enterText":"Y4zz2NoZop","selector":{"id":"application-managehandovers-display-component---AddNewHO--smartFilterBar-btnBasicSearch","searchOpenDialogs":true,"interaction":{"idSuffix":"I"}},"clearTextFirst":true,"interactionType":"ENTER_TEXT"}]}
COMMAND: POST /session/a04e8b17cccf81c307ac8c5bdd3012da/actions - {"actions":[{"id":"action19","type":"key","parameters":{},"actions":[{"type":"keyDown","value":""},{"type":"pause","duration":10},{"type":"keyUp","value":""}]}]}
RESULT: {"actions":[{"id":"action19","type":"key","parameters":{},"actions":[{"type":"keyDown","value":""},{"type":"pause","duration":10},{"type":"keyUp","value":""}]}]}
COMMAND: GET /session/a04e8b17cccf81c307ac8c5bdd3012da/screenshot - {}
RESULT: {}
COMMAND: POST /session/a04e8b17cccf81c307ac8c5bdd3012da/execute/async - {"script":"<script> [1562 bytes]","args":[{"selector":{"id":"application-managehandovers-display-component---AddNewHO--popup-sa","searchOpenDialogs":true,"interaction":{"idSuffix":"CbBg"}},"wdio_ui5_key":"applicationmanagehandovers-display-component---AddNewHO--popup-sa"}]}
RESULT: {"script":"<script> [1562 bytes]","args":[{"selector":{"id":"application-managehandovers-display-component---AddNewHO--popup-sa","searchOpenDialogs":true,"interaction":{"idSuffix":"CbBg"}},"wdio_ui5_key":"applicationmanagehandovers-display-component---AddNewHO--popup-sa"}]}
RESULT: undefined
COMMAND: POST /session/a04e8b17cccf81c307ac8c5bdd3012da/element - {"using":"xpath","value":"//*[@id=\"application-managehandovers-display-component---AddNewHO--popup-sa\"]"}
RESULT: {"using":"xpath","value":"//*[@id=\"application-managehandovers-display-component---AddNewHO--popup-sa\"]"}
COMMAND: POST /session/a04e8b17cccf81c307ac8c5bdd3012da/element/f.ABFAD7D56B06A6D2CA676A1F0455247C.d.9BD13AE519DEB927D0C848A88E09BC3F.e.3828/click - {}
RESULT: {}
COMMAND: GET /session/a04e8b17cccf81c307ac8c5bdd3012da/screenshot - {}
RESULT: {}
COMMAND: POST /session/a04e8b17cccf81c307ac8c5bdd3012da/element - {"using":"xpath","value":"//bdi[contains(text(), \"Select\")]"}
RESULT: {"using":"xpath","value":"//bdi[contains(text(), \"Select\")]"}
COMMAND: POST /session/a04e8b17cccf81c307ac8c5bdd3012da/element/f.ABFAD7D56B06A6D2CA676A1F0455247C.d.9BD13AE519DEB927D0C848A88E09BC3F.e.3829/click - {}
RESULT: {}
COMMAND: GET /session/a04e8b17cccf81c307ac8c5bdd3012da/screenshot - {}
RESULT: {}
COMMAND: POST /session/a04e8b17cccf81c307ac8c5bdd3012da/element - {"using":"xpath","value":"//button[@data-kt=\"AddNewHOSaveButton\"]"}
RESULT: {"using":"xpath","value":"//button[@data-kt=\"AddNewHOSaveButton\"]"}
COMMAND: POST /session/a04e8b17cccf81c307ac8c5bdd3012da/element/f.ABFAD7D56B06A6D2CA676A1F0455247C.d.9BD13AE519DEB927D0C848A88E09BC3F.e.3833/click - {}
RESULT: {}
COMMAND: GET /session/a04e8b17cccf81c307ac8c5bdd3012da/screenshot - {}
COMMAND: POST /session/a04e8b17cccf81c307ac8c5bdd3012da/execute/async - {"script":"<script> [1562 bytes]","args":[{"selector":{"id":"receiptDatePicker","viewName":"etm.portal.ui.managehandovers.view.DetailExecuteHO","interaction":{"idSuffix":"inner"}},"wdio_ui5_key":"receiptDatePickeretmportal.ui.managehandovers.view.DetailExecuteHO"}]}
RESULT: {}
RESULT: {"script":"<script> [1562 bytes]","args":[{"selector":{"id":"receiptDatePicker","viewName":"etm.portal.ui.managehandovers.view.DetailExecuteHO","interaction":{"idSuffix":"inner"}},"wdio_ui5_key":"receiptDatePickeretmportal.ui.managehandovers.view.DetailExecuteHO"}]}
RESULT: undefined
COMMAND: POST /session/a04e8b17cccf81c307ac8c5bdd3012da/execute/async - {"script":"<script> [6424 bytes]","args":[{"element-6066-11e4-a52e-4f735466cecf":"f.ABFAD7D56B06A6D2CA676A1F0455247C.d.9BD13AE519DEB927D0C848A88E09BC3F.e.3863"},"setValue",["5/24/25"]]}
RESULT: {"script":"<script> [6424 bytes]","args":[{"element-6066-11e4-a52e-4f735466cecf":"f.ABFAD7D56B06A6D2CA676A1F0455247C.d.9BD13AE519DEB927D0C848A88E09BC3F.e.3863"},"setValue",["5/24/25"]]}
COMMAND: POST /session/a04e8b17cccf81c307ac8c5bdd3012da/element - {"using":"xpath","value":"//button[@data-kt=\"ReceivingTableConfirmAllButton\"]"}
RESULT: {"using":"xpath","value":"//button[@data-kt=\"ReceivingTableConfirmAllButton\"]"}
COMMAND: POST /session/a04e8b17cccf81c307ac8c5bdd3012da/element/f.ABFAD7D56B06A6D2CA676A1F0455247C.d.9BD13AE519DEB927D0C848A88E09BC3F.e.3880/click - {}
RESULT: {}
COMMAND: GET /session/a04e8b17cccf81c307ac8c5bdd3012da/screenshot - {}
RESULT: {}
COMMAND: POST /session/a04e8b17cccf81c307ac8c5bdd3012da/element - {"using":"xpath","value":"//bdi[contains(text(), \"OK\")]"}
RESULT: {"using":"xpath","value":"//bdi[contains(text(), \"OK\")]"}
COMMAND: POST /session/a04e8b17cccf81c307ac8c5bdd3012da/element/f.ABFAD7D56B06A6D2CA676A1F0455247C.d.9BD13AE519DEB927D0C848A88E09BC3F.e.3883/click - {}
RESULT: {}
COMMAND: GET /session/a04e8b17cccf81c307ac8c5bdd3012da/screenshot - {}
RESULT: {}
COMMAND: POST /session/a04e8b17cccf81c307ac8c5bdd3012da/element - {"using":"xpath","value":"(//bdi[contains(text(), \"Receive\")])[2]"}
RESULT: {"using":"xpath","value":"(//bdi[contains(text(), \"Receive\")])[2]"}
COMMAND: POST /session/a04e8b17cccf81c307ac8c5bdd3012da/element/f.ABFAD7D56B06A6D2CA676A1F0455247C.d.9BD13AE519DEB927D0C848A88E09BC3F.e.3884/click - {}
RESULT: {}
COMMAND: GET /session/a04e8b17cccf81c307ac8c5bdd3012da/screenshot - {}
RESULT: {}
COMMAND: POST /session/a04e8b17cccf81c307ac8c5bdd3012da/element - {"using":"css selector","value":"#shell-header-logo"}
RESULT: {"using":"css selector","value":"#shell-header-logo"}
COMMAND: POST /session/a04e8b17cccf81c307ac8c5bdd3012da/element/f.ABFAD7D56B06A6D2CA676A1F0455247C.d.9BD13AE519DEB927D0C848A88E09BC3F.e.3269/click - {}
RESULT: {}
COMMAND: GET /session/a04e8b17cccf81c307ac8c5bdd3012da/screenshot - {}
RESULT: {}
]]></system-out>
    </testcase>
    <testcase classname="chrome.136_0_7103_93.windows.RU_Inventory_Mass_State_Change_Multiple_Items_US151066" name="Prerequisite Step 2 Should do a stock increase handover for the material" time="95.198">
      <system-out><![CDATA[
RESULT: undefined
COMMAND: POST /session/a04e8b17cccf81c307ac8c5bdd3012da/element - {"using":"xpath","value":"//*[@id=\"__tile132\"]"}
RESULT: {"using":"xpath","value":"//*[@id=\"__tile132\"]"}
COMMAND: POST /session/a04e8b17cccf81c307ac8c5bdd3012da/element/f.ABFAD7D56B06A6D2CA676A1F0455247C.d.9BD13AE519DEB927D0C848A88E09BC3F.e.234/click - {}
RESULT: {}
COMMAND: GET /session/a04e8b17cccf81c307ac8c5bdd3012da/screenshot - {}
RESULT: {}
COMMAND: POST /session/a04e8b17cccf81c307ac8c5bdd3012da/elements - {"using":"xpath","value":"//span[text()='Error']"}
RESULT: {"using":"xpath","value":"//span[text()='Error']"}
COMMAND: POST /session/a04e8b17cccf81c307ac8c5bdd3012da/element - {"using":"xpath","value":"//button[@data-kt=\"masterHOAddButton\"]"}
RESULT: {"using":"xpath","value":"//button[@data-kt=\"masterHOAddButton\"]"}
COMMAND: POST /session/a04e8b17cccf81c307ac8c5bdd3012da/elements - {"using":"xpath","value":"//button[@data-kt=\"masterHOAddButton\"]"}
RESULT: {"using":"xpath","value":"//button[@data-kt=\"masterHOAddButton\"]"}
COMMAND: POST /session/a04e8b17cccf81c307ac8c5bdd3012da/execute/sync - {"script":"<script> [8489 bytes]","args":[{"element-6066-11e4-a52e-4f735466cecf":"f.ABFAD7D56B06A6D2CA676A1F0455247C.d.9BD13AE519DEB927D0C848A88E09BC3F.e.4222","ELEMENT":"f.ABFAD7D56B06A6D2CA676A1F0455247C.d.9BD13AE519DEB927D0C848A88E09BC3F.e.4222"}]}
RESULT: {"script":"<script> [8489 bytes]","args":[{"element-6066-11e4-a52e-4f735466cecf":"f.ABFAD7D56B06A6D2CA676A1F0455247C.d.9BD13AE519DEB927D0C848A88E09BC3F.e.4222","ELEMENT":"f.ABFAD7D56B06A6D2CA676A1F0455247C.d.9BD13AE519DEB927D0C848A88E09BC3F.e.4222"}]}
COMMAND: GET /session/a04e8b17cccf81c307ac8c5bdd3012da/element/f.ABFAD7D56B06A6D2CA676A1F0455247C.d.9BD13AE519DEB927D0C848A88E09BC3F.e.4222/enabled - {}
COMMAND: GET /session/a04e8b17cccf81c307ac8c5bdd3012da/screenshot - {}
RESULT: {}
COMMAND: POST /session/a04e8b17cccf81c307ac8c5bdd3012da/execute/sync - {"script":"<script> [8489 bytes]","args":[{"element-6066-11e4-a52e-4f735466cecf":"f.ABFAD7D56B06A6D2CA676A1F0455247C.d.9BD13AE519DEB927D0C848A88E09BC3F.e.4222","ELEMENT":"f.ABFAD7D56B06A6D2CA676A1F0455247C.d.9BD13AE519DEB927D0C848A88E09BC3F.e.4222"}]}
COMMAND: GET /session/a04e8b17cccf81c307ac8c5bdd3012da/screenshot - {}
RESULT: {}
RESULT: {"script":"<script> [8489 bytes]","args":[{"element-6066-11e4-a52e-4f735466cecf":"f.ABFAD7D56B06A6D2CA676A1F0455247C.d.9BD13AE519DEB927D0C848A88E09BC3F.e.4222","ELEMENT":"f.ABFAD7D56B06A6D2CA676A1F0455247C.d.9BD13AE519DEB927D0C848A88E09BC3F.e.4222"}]}
COMMAND: POST /session/a04e8b17cccf81c307ac8c5bdd3012da/execute/sync - {"script":"<script> [5351 bytes]","args":[{"element-6066-11e4-a52e-4f735466cecf":"f.ABFAD7D56B06A6D2CA676A1F0455247C.d.9BD13AE519DEB927D0C848A88E09BC3F.e.4222","ELEMENT":"f.ABFAD7D56B06A6D2CA676A1F0455247C.d.9BD13AE519DEB927D0C848A88E09BC3F.e.4222"}]}
COMMAND: GET /session/a04e8b17cccf81c307ac8c5bdd3012da/screenshot - {}
RESULT: {}
RESULT: {"script":"<script> [5351 bytes]","args":[{"element-6066-11e4-a52e-4f735466cecf":"f.ABFAD7D56B06A6D2CA676A1F0455247C.d.9BD13AE519DEB927D0C848A88E09BC3F.e.4222","ELEMENT":"f.ABFAD7D56B06A6D2CA676A1F0455247C.d.9BD13AE519DEB927D0C848A88E09BC3F.e.4222"}]}
COMMAND: POST /session/a04e8b17cccf81c307ac8c5bdd3012da/element/f.ABFAD7D56B06A6D2CA676A1F0455247C.d.9BD13AE519DEB927D0C848A88E09BC3F.e.4222/click - {}
COMMAND: GET /session/a04e8b17cccf81c307ac8c5bdd3012da/screenshot - {}
RESULT: {}
RESULT: {}
COMMAND: GET /session/a04e8b17cccf81c307ac8c5bdd3012da/screenshot - {}
RESULT: {}
RESULT: {}
COMMAND: POST /session/a04e8b17cccf81c307ac8c5bdd3012da/element - {"using":"xpath","value":"//span[contains(@id ,\"AddNewHO--typeSelect-arrow\")]"}
RESULT: {"using":"xpath","value":"//span[contains(@id ,\"AddNewHO--typeSelect-arrow\")]"}
COMMAND: POST /session/a04e8b17cccf81c307ac8c5bdd3012da/element/f.ABFAD7D56B06A6D2CA676A1F0455247C.d.9BD13AE519DEB927D0C848A88E09BC3F.e.4619/click - {}
RESULT: {}
COMMAND: GET /session/a04e8b17cccf81c307ac8c5bdd3012da/screenshot - {}
RESULT: {}
COMMAND: POST /session/a04e8b17cccf81c307ac8c5bdd3012da/element - {"using":"xpath","value":"(//li[contains(text(), \"stock increase yard\")])[1]"}
RESULT: {"using":"xpath","value":"(//li[contains(text(), \"stock increase yard\")])[1]"}
COMMAND: POST /session/a04e8b17cccf81c307ac8c5bdd3012da/element/f.ABFAD7D56B06A6D2CA676A1F0455247C.d.9BD13AE519DEB927D0C848A88E09BC3F.e.4620/click - {}
RESULT: {}
COMMAND: GET /session/a04e8b17cccf81c307ac8c5bdd3012da/screenshot - {}
RESULT: {}
RESULT: undefined
COMMAND: POST /session/a04e8b17cccf81c307ac8c5bdd3012da/execute/async - {"script":"<script> [6424 bytes]","args":[{"element-6066-11e4-a52e-4f735466cecf":"f.ABFAD7D56B06A6D2CA676A1F0455247C.d.9BD13AE519DEB927D0C848A88E09BC3F.e.3645"},"setValue",["5/24/25"]]}
COMMAND: POST /session/a04e8b17cccf81c307ac8c5bdd3012da/execute/async - {"script":"<script> [1562 bytes]","args":[{"selector":{"id":"application-managehandovers-display-component---AddNewHO--dueDate","interaction":{"idSuffix":"inner"}},"wdio_ui5_key":"applicationmanagehandovers-display-component---AddNewHO--dueDate"}]}
RESULT: {"script":"<script> [1562 bytes]","args":[{"selector":{"id":"application-managehandovers-display-component---AddNewHO--dueDate","interaction":{"idSuffix":"inner"}},"wdio_ui5_key":"applicationmanagehandovers-display-component---AddNewHO--dueDate"}]}
COMMAND: POST /session/a04e8b17cccf81c307ac8c5bdd3012da/execute/async - {"script":"<script> [6424 bytes]","args":[{"element-6066-11e4-a52e-4f735466cecf":"f.ABFAD7D56B06A6D2CA676A1F0455247C.d.9BD13AE519DEB927D0C848A88E09BC3F.e.4624"},"setValue",["5/24/25"]]}
RESULT: {"script":"<script> [6424 bytes]","args":[{"element-6066-11e4-a52e-4f735466cecf":"f.ABFAD7D56B06A6D2CA676A1F0455247C.d.9BD13AE519DEB927D0C848A88E09BC3F.e.4624"},"setValue",["5/24/25"]]}
COMMAND: POST /session/a04e8b17cccf81c307ac8c5bdd3012da/element - {"using":"xpath","value":"//input[@id=\"generalSectionFrg--receiveYard-inner\"]"}
RESULT: {"using":"xpath","value":"//input[@id=\"generalSectionFrg--receiveYard-inner\"]"}
COMMAND: POST /session/a04e8b17cccf81c307ac8c5bdd3012da/element/f.ABFAD7D56B06A6D2CA676A1F0455247C.d.9BD13AE519DEB927D0C848A88E09BC3F.e.4630/clear - {}
RESULT: {}
COMMAND: POST /session/a04e8b17cccf81c307ac8c5bdd3012da/element/f.ABFAD7D56B06A6D2CA676A1F0455247C.d.9BD13AE519DEB927D0C848A88E09BC3F.e.4630/value - {"text":"109"}
COMMAND: GET /session/a04e8b17cccf81c307ac8c5bdd3012da/screenshot - {}
RESULT: {"text":"109"}
COMMAND: GET /session/a04e8b17cccf81c307ac8c5bdd3012da/screenshot - {}
RESULT: {}
RESULT: {}
COMMAND: POST /session/a04e8b17cccf81c307ac8c5bdd3012da/element - {"using":"xpath","value":"//li[.//span[text()='109']]"}
RESULT: {"using":"xpath","value":"//li[.//span[text()='109']]"}
COMMAND: POST /session/a04e8b17cccf81c307ac8c5bdd3012da/element/f.ABFAD7D56B06A6D2CA676A1F0455247C.d.9BD13AE519DEB927D0C848A88E09BC3F.e.4644/click - {}
RESULT: {}
COMMAND: GET /session/a04e8b17cccf81c307ac8c5bdd3012da/screenshot - {}
RESULT: {}
RESULT: undefined
COMMAND: POST /session/a04e8b17cccf81c307ac8c5bdd3012da/element - {"using":"xpath","value":"//*[@id=\"application-managehandovers-display-component---AddNewHO--ObjectPageLayout-anchBar-application-managehandovers-display-component---AddNewHO--section4-anchor\"]"}
RESULT: {"using":"xpath","value":"//*[@id=\"application-managehandovers-display-component---AddNewHO--ObjectPageLayout-anchBar-application-managehandovers-display-component---AddNewHO--section4-anchor\"]"}
COMMAND: POST /session/a04e8b17cccf81c307ac8c5bdd3012da/element/f.ABFAD7D56B06A6D2CA676A1F0455247C.d.9BD13AE519DEB927D0C848A88E09BC3F.e.4645/click - {}
RESULT: {}
COMMAND: POST /session/a04e8b17cccf81c307ac8c5bdd3012da/element - {"using":"xpath","value":"//button[@aria-label=\"Add\"]"}
COMMAND: GET /session/a04e8b17cccf81c307ac8c5bdd3012da/screenshot - {}
RESULT: {"using":"xpath","value":"//button[@aria-label=\"Add\"]"}
COMMAND: POST /session/a04e8b17cccf81c307ac8c5bdd3012da/element/f.ABFAD7D56B06A6D2CA676A1F0455247C.d.9BD13AE519DEB927D0C848A88E09BC3F.e.4649/click - {}
RESULT: {}
RESULT: {}
COMMAND: GET /session/a04e8b17cccf81c307ac8c5bdd3012da/screenshot - {}
RESULT: {}
RESULT: undefined
COMMAND: POST /session/a04e8b17cccf81c307ac8c5bdd3012da/execute/async - {"script":"<script> [776 bytes]","args":[{"enterText":"200109","selector":{"id":"application-managehandovers-display-component---AddNewHO--smartFilterBar-btnBasicSearch","searchOpenDialogs":true,"interaction":{"idSuffix":"I"}},"clearTextFirst":true,"interactionType":"ENTER_TEXT"}]}
RESULT: {"script":"<script> [776 bytes]","args":[{"enterText":"200109","selector":{"id":"application-managehandovers-display-component---AddNewHO--smartFilterBar-btnBasicSearch","searchOpenDialogs":true,"interaction":{"idSuffix":"I"}},"clearTextFirst":true,"interactionType":"ENTER_TEXT"}]}
COMMAND: POST /session/a04e8b17cccf81c307ac8c5bdd3012da/actions - {"actions":[{"id":"action20","type":"key","parameters":{},"actions":[{"type":"keyDown","value":""},{"type":"pause","duration":10},{"type":"keyUp","value":""}]}]}
RESULT: {"actions":[{"id":"action20","type":"key","parameters":{},"actions":[{"type":"keyDown","value":""},{"type":"pause","duration":10},{"type":"keyUp","value":""}]}]}
COMMAND: GET /session/a04e8b17cccf81c307ac8c5bdd3012da/screenshot - {}
RESULT: {}
RESULT: undefined
COMMAND: POST /session/a04e8b17cccf81c307ac8c5bdd3012da/element - {"using":"xpath","value":"//*[@id=\"application-managehandovers-display-component---AddNewHO--popup-sa\"]"}
RESULT: {"using":"xpath","value":"//*[@id=\"application-managehandovers-display-component---AddNewHO--popup-sa\"]"}
COMMAND: POST /session/a04e8b17cccf81c307ac8c5bdd3012da/element/f.ABFAD7D56B06A6D2CA676A1F0455247C.d.9BD13AE519DEB927D0C848A88E09BC3F.e.4800/click - {}
RESULT: {}
COMMAND: GET /session/a04e8b17cccf81c307ac8c5bdd3012da/screenshot - {}
RESULT: {}
COMMAND: POST /session/a04e8b17cccf81c307ac8c5bdd3012da/element - {"using":"xpath","value":"//bdi[contains(text(), \"Select\")]"}
RESULT: {"using":"xpath","value":"//bdi[contains(text(), \"Select\")]"}
COMMAND: POST /session/a04e8b17cccf81c307ac8c5bdd3012da/element/f.ABFAD7D56B06A6D2CA676A1F0455247C.d.9BD13AE519DEB927D0C848A88E09BC3F.e.4801/click - {}
RESULT: {}
COMMAND: GET /session/a04e8b17cccf81c307ac8c5bdd3012da/screenshot - {}
RESULT: {}
COMMAND: POST /session/a04e8b17cccf81c307ac8c5bdd3012da/element - {"using":"xpath","value":"//button[@data-kt=\"AddNewHOSaveButton\"]"}
RESULT: {"using":"xpath","value":"//button[@data-kt=\"AddNewHOSaveButton\"]"}
COMMAND: POST /session/a04e8b17cccf81c307ac8c5bdd3012da/element/f.ABFAD7D56B06A6D2CA676A1F0455247C.d.9BD13AE519DEB927D0C848A88E09BC3F.e.4805/click - {}
RESULT: {}
COMMAND: GET /session/a04e8b17cccf81c307ac8c5bdd3012da/screenshot - {}
RESULT: {}
RESULT: undefined
COMMAND: POST /session/a04e8b17cccf81c307ac8c5bdd3012da/execute/async - {"script":"<script> [6424 bytes]","args":[{"element-6066-11e4-a52e-4f735466cecf":"f.ABFAD7D56B06A6D2CA676A1F0455247C.d.9BD13AE519DEB927D0C848A88E09BC3F.e.3863"},"setValue",["5/24/25"]]}
COMMAND: POST /session/a04e8b17cccf81c307ac8c5bdd3012da/execute/async - {"script":"<script> [1562 bytes]","args":[{"selector":{"id":"receiptDatePicker","viewName":"etm.portal.ui.managehandovers.view.DetailExecuteHO","interaction":{"idSuffix":"inner"}},"wdio_ui5_key":"receiptDatePickeretmportal.ui.managehandovers.view.DetailExecuteHO"}]}
RESULT: {"script":"<script> [1562 bytes]","args":[{"selector":{"id":"receiptDatePicker","viewName":"etm.portal.ui.managehandovers.view.DetailExecuteHO","interaction":{"idSuffix":"inner"}},"wdio_ui5_key":"receiptDatePickeretmportal.ui.managehandovers.view.DetailExecuteHO"}]}
COMMAND: POST /session/a04e8b17cccf81c307ac8c5bdd3012da/execute/async - {"script":"<script> [6424 bytes]","args":[{"element-6066-11e4-a52e-4f735466cecf":"f.ABFAD7D56B06A6D2CA676A1F0455247C.d.9BD13AE519DEB927D0C848A88E09BC3F.e.4833"},"setValue",["5/24/25"]]}
RESULT: {"script":"<script> [6424 bytes]","args":[{"element-6066-11e4-a52e-4f735466cecf":"f.ABFAD7D56B06A6D2CA676A1F0455247C.d.9BD13AE519DEB927D0C848A88E09BC3F.e.4833"},"setValue",["5/24/25"]]}
COMMAND: POST /session/a04e8b17cccf81c307ac8c5bdd3012da/element - {"using":"xpath","value":"//button[@data-kt=\"ReceivingTableConfirmAllButton\"]"}
RESULT: {"using":"xpath","value":"//button[@data-kt=\"ReceivingTableConfirmAllButton\"]"}
COMMAND: POST /session/a04e8b17cccf81c307ac8c5bdd3012da/element/f.ABFAD7D56B06A6D2CA676A1F0455247C.d.9BD13AE519DEB927D0C848A88E09BC3F.e.4847/click - {}
RESULT: {}
COMMAND: GET /session/a04e8b17cccf81c307ac8c5bdd3012da/screenshot - {}
RESULT: {}
COMMAND: POST /session/a04e8b17cccf81c307ac8c5bdd3012da/element - {"using":"xpath","value":"//bdi[contains(text(), \"OK\")]"}
RESULT: {"using":"xpath","value":"//bdi[contains(text(), \"OK\")]"}
COMMAND: POST /session/a04e8b17cccf81c307ac8c5bdd3012da/element/f.ABFAD7D56B06A6D2CA676A1F0455247C.d.9BD13AE519DEB927D0C848A88E09BC3F.e.4849/click - {}
RESULT: {}
COMMAND: GET /session/a04e8b17cccf81c307ac8c5bdd3012da/screenshot - {}
RESULT: {}
COMMAND: POST /session/a04e8b17cccf81c307ac8c5bdd3012da/element - {"using":"xpath","value":"(//bdi[contains(text(), \"Receive\")])[2]"}
RESULT: {"using":"xpath","value":"(//bdi[contains(text(), \"Receive\")])[2]"}
COMMAND: POST /session/a04e8b17cccf81c307ac8c5bdd3012da/element/f.ABFAD7D56B06A6D2CA676A1F0455247C.d.9BD13AE519DEB927D0C848A88E09BC3F.e.4851/click - {}
RESULT: {}
COMMAND: GET /session/a04e8b17cccf81c307ac8c5bdd3012da/screenshot - {}
RESULT: {}
COMMAND: POST /session/a04e8b17cccf81c307ac8c5bdd3012da/element - {"using":"css selector","value":"#shell-header-logo"}
RESULT: {"using":"css selector","value":"#shell-header-logo"}
COMMAND: POST /session/a04e8b17cccf81c307ac8c5bdd3012da/element/f.ABFAD7D56B06A6D2CA676A1F0455247C.d.9BD13AE519DEB927D0C848A88E09BC3F.e.4172/click - {}
RESULT: {}
COMMAND: GET /session/a04e8b17cccf81c307ac8c5bdd3012da/screenshot - {}
RESULT: {}
]]></system-out>
    </testcase>
    <testcase classname="chrome.136_0_7103_93.windows.RU_Inventory_Mass_State_Change_Multiple_Items_US151066" name="Step 2 Should do a RU inventory mass state change on chosen yard 109 with the resources created one equipment one material the existing ones too" time="303.921">
      <system-out><![CDATA[
RESULT: undefined
COMMAND: POST /session/a04e8b17cccf81c307ac8c5bdd3012da/element - {"using":"xpath","value":"//*[@id=\"__tile99\"]"}
RESULT: {"using":"xpath","value":"//*[@id=\"__tile99\"]"}
COMMAND: POST /session/a04e8b17cccf81c307ac8c5bdd3012da/element/f.ABFAD7D56B06A6D2CA676A1F0455247C.d.9BD13AE519DEB927D0C848A88E09BC3F.e.258/click - {}
RESULT: {}
COMMAND: GET /session/a04e8b17cccf81c307ac8c5bdd3012da/screenshot - {}
RESULT: {}
COMMAND: POST /session/a04e8b17cccf81c307ac8c5bdd3012da/elements - {"using":"xpath","value":"//span[text()='Error']"}
RESULT: {"using":"xpath","value":"//span[text()='Error']"}
COMMAND: POST /session/a04e8b17cccf81c307ac8c5bdd3012da/element - {"using":"xpath","value":"//button[contains(@id, \"massStateBtn\")]"}
RESULT: {"using":"xpath","value":"//button[contains(@id, \"massStateBtn\")]"}
COMMAND: POST /session/a04e8b17cccf81c307ac8c5bdd3012da/elements - {"using":"xpath","value":"//button[contains(@id, \"massStateBtn\")]"}
RESULT: {"using":"xpath","value":"//button[contains(@id, \"massStateBtn\")]"}
COMMAND: POST /session/a04e8b17cccf81c307ac8c5bdd3012da/execute/sync - {"script":"<script> [8489 bytes]","args":[{"element-6066-11e4-a52e-4f735466cecf":"f.ABFAD7D56B06A6D2CA676A1F0455247C.d.9BD13AE519DEB927D0C848A88E09BC3F.e.5072","ELEMENT":"f.ABFAD7D56B06A6D2CA676A1F0455247C.d.9BD13AE519DEB927D0C848A88E09BC3F.e.5072"}]}
RESULT: {"script":"<script> [8489 bytes]","args":[{"element-6066-11e4-a52e-4f735466cecf":"f.ABFAD7D56B06A6D2CA676A1F0455247C.d.9BD13AE519DEB927D0C848A88E09BC3F.e.5072","ELEMENT":"f.ABFAD7D56B06A6D2CA676A1F0455247C.d.9BD13AE519DEB927D0C848A88E09BC3F.e.5072"}]}
COMMAND: GET /session/a04e8b17cccf81c307ac8c5bdd3012da/element/f.ABFAD7D56B06A6D2CA676A1F0455247C.d.9BD13AE519DEB927D0C848A88E09BC3F.e.5072/enabled - {}
COMMAND: GET /session/a04e8b17cccf81c307ac8c5bdd3012da/screenshot - {}
RESULT: {}
COMMAND: POST /session/a04e8b17cccf81c307ac8c5bdd3012da/execute/sync - {"script":"<script> [8489 bytes]","args":[{"element-6066-11e4-a52e-4f735466cecf":"f.ABFAD7D56B06A6D2CA676A1F0455247C.d.9BD13AE519DEB927D0C848A88E09BC3F.e.5072","ELEMENT":"f.ABFAD7D56B06A6D2CA676A1F0455247C.d.9BD13AE519DEB927D0C848A88E09BC3F.e.5072"}]}
COMMAND: GET /session/a04e8b17cccf81c307ac8c5bdd3012da/screenshot - {}
RESULT: {}
RESULT: {}
RESULT: {"script":"<script> [8489 bytes]","args":[{"element-6066-11e4-a52e-4f735466cecf":"f.ABFAD7D56B06A6D2CA676A1F0455247C.d.9BD13AE519DEB927D0C848A88E09BC3F.e.5072","ELEMENT":"f.ABFAD7D56B06A6D2CA676A1F0455247C.d.9BD13AE519DEB927D0C848A88E09BC3F.e.5072"}]}
COMMAND: POST /session/a04e8b17cccf81c307ac8c5bdd3012da/execute/sync - {"script":"<script> [5351 bytes]","args":[{"element-6066-11e4-a52e-4f735466cecf":"f.ABFAD7D56B06A6D2CA676A1F0455247C.d.9BD13AE519DEB927D0C848A88E09BC3F.e.5072","ELEMENT":"f.ABFAD7D56B06A6D2CA676A1F0455247C.d.9BD13AE519DEB927D0C848A88E09BC3F.e.5072"}]}
COMMAND: GET /session/a04e8b17cccf81c307ac8c5bdd3012da/screenshot - {}
RESULT: {"script":"<script> [5351 bytes]","args":[{"element-6066-11e4-a52e-4f735466cecf":"f.ABFAD7D56B06A6D2CA676A1F0455247C.d.9BD13AE519DEB927D0C848A88E09BC3F.e.5072","ELEMENT":"f.ABFAD7D56B06A6D2CA676A1F0455247C.d.9BD13AE519DEB927D0C848A88E09BC3F.e.5072"}]}
COMMAND: POST /session/a04e8b17cccf81c307ac8c5bdd3012da/element/f.ABFAD7D56B06A6D2CA676A1F0455247C.d.9BD13AE519DEB927D0C848A88E09BC3F.e.5072/click - {}
COMMAND: GET /session/a04e8b17cccf81c307ac8c5bdd3012da/screenshot - {}
RESULT: {}
RESULT: {}
COMMAND: GET /session/a04e8b17cccf81c307ac8c5bdd3012da/screenshot - {}
RESULT: {}
RESULT: {}
RESULT: undefined
COMMAND: POST /session/a04e8b17cccf81c307ac8c5bdd3012da/element - {"using":"xpath","value":"//*[@id=\"application-ruinventorylist-display-component---Master--ruLocationTypeComboBox-arrow\"]"}
RESULT: {"using":"xpath","value":"//*[@id=\"application-ruinventorylist-display-component---Master--ruLocationTypeComboBox-arrow\"]"}
COMMAND: POST /session/a04e8b17cccf81c307ac8c5bdd3012da/element/f.ABFAD7D56B06A6D2CA676A1F0455247C.d.9BD13AE519DEB927D0C848A88E09BC3F.e.5423/click - {}
RESULT: {}
COMMAND: GET /session/a04e8b17cccf81c307ac8c5bdd3012da/screenshot - {}
RESULT: {}
COMMAND: POST /session/a04e8b17cccf81c307ac8c5bdd3012da/element - {"using":"xpath","value":"//li[.//span[text()='Yard']]"}
RESULT: {"using":"xpath","value":"//li[.//span[text()='Yard']]"}
COMMAND: POST /session/a04e8b17cccf81c307ac8c5bdd3012da/element/f.ABFAD7D56B06A6D2CA676A1F0455247C.d.9BD13AE519DEB927D0C848A88E09BC3F.e.5424/click - {}
RESULT: {}
COMMAND: GET /session/a04e8b17cccf81c307ac8c5bdd3012da/screenshot - {}
RESULT: {}
RESULT: undefined
COMMAND: POST /session/a04e8b17cccf81c307ac8c5bdd3012da/element - {"using":"xpath","value":"//*[@id=\"application-ruinventorylist-display-component---Master--smartFilterBar-filterItemControl_BASIC-YARD-vhi\"]"}
RESULT: {"using":"xpath","value":"//*[@id=\"application-ruinventorylist-display-component---Master--smartFilterBar-filterItemControl_BASIC-YARD-vhi\"]"}
COMMAND: POST /session/a04e8b17cccf81c307ac8c5bdd3012da/element/f.ABFAD7D56B06A6D2CA676A1F0455247C.d.9BD13AE519DEB927D0C848A88E09BC3F.e.5458/click - {}
RESULT: {}
COMMAND: GET /session/a04e8b17cccf81c307ac8c5bdd3012da/screenshot - {}
RESULT: {}
RESULT: undefined
COMMAND: POST /session/a04e8b17cccf81c307ac8c5bdd3012da/execute/async - {"script":"<script> [776 bytes]","args":[{"enterText":"109","selector":{"id":"application-ruinventorylist-display-component---Master--smartFilterBar-filterItemControl_BASIC-YARD-valueHelpDialog-smartFilterBar-btnBasicSearch","searchOpenDialogs":true,"interaction":{"idSuffix":"I"}},"clearTextFirst":true,"interactionType":"ENTER_TEXT"}]}
RESULT: {"script":"<script> [776 bytes]","args":[{"enterText":"109","selector":{"id":"application-ruinventorylist-display-component---Master--smartFilterBar-filterItemControl_BASIC-YARD-valueHelpDialog-smartFilterBar-btnBasicSearch","searchOpenDialogs":true,"interaction":{"idSuffix":"I"}},"clearTextFirst":true,"interactionType":"ENTER_TEXT"}]}
COMMAND: POST /session/a04e8b17cccf81c307ac8c5bdd3012da/actions - {"actions":[{"id":"action21","type":"key","parameters":{},"actions":[{"type":"keyDown","value":""},{"type":"pause","duration":10},{"type":"keyUp","value":""}]}]}
RESULT: {"actions":[{"id":"action21","type":"key","parameters":{},"actions":[{"type":"keyDown","value":""},{"type":"pause","duration":10},{"type":"keyUp","value":""}]}]}
COMMAND: GET /session/a04e8b17cccf81c307ac8c5bdd3012da/screenshot - {}
RESULT: {}
COMMAND: POST /session/a04e8b17cccf81c307ac8c5bdd3012da/elements - {"using":"xpath","value":"//table[contains(@id, \"filterItemControl_BASIC-YARD-valueHelpDialog-table-table\")]/tbody/tr"}
RESULT: {"using":"xpath","value":"//table[contains(@id, \"filterItemControl_BASIC-YARD-valueHelpDialog-table-table\")]/tbody/tr"}
COMMAND: POST /session/a04e8b17cccf81c307ac8c5bdd3012da/element - {"using":"xpath","value":"//table[contains(@id, \"filterItemControl_BASIC-YARD-valueHelpDialog-table-table\")]/tbody/tr[1]/td[1]/div/span"}
RESULT: {"using":"xpath","value":"//table[contains(@id, \"filterItemControl_BASIC-YARD-valueHelpDialog-table-table\")]/tbody/tr[1]/td[1]/div/span"}
COMMAND: POST /session/a04e8b17cccf81c307ac8c5bdd3012da/elements - {"using":"xpath","value":"//table[contains(@id, \"filterItemControl_BASIC-YARD-valueHelpDialog-table-table\")]/tbody/tr[1]/td[1]/div/span"}
RESULT: {"using":"xpath","value":"//table[contains(@id, \"filterItemControl_BASIC-YARD-valueHelpDialog-table-table\")]/tbody/tr[1]/td[1]/div/span"}
COMMAND: POST /session/a04e8b17cccf81c307ac8c5bdd3012da/execute/sync - {"script":"<script> [56 bytes]","args":[{"element-6066-11e4-a52e-4f735466cecf":"f.ABFAD7D56B06A6D2CA676A1F0455247C.d.9BD13AE519DEB927D0C848A88E09BC3F.e.5477","ELEMENT":"f.ABFAD7D56B06A6D2CA676A1F0455247C.d.9BD13AE519DEB927D0C848A88E09BC3F.e.5477"}]}
RESULT: {"script":"<script> [56 bytes]","args":[{"element-6066-11e4-a52e-4f735466cecf":"f.ABFAD7D56B06A6D2CA676A1F0455247C.d.9BD13AE519DEB927D0C848A88E09BC3F.e.5477","ELEMENT":"f.ABFAD7D56B06A6D2CA676A1F0455247C.d.9BD13AE519DEB927D0C848A88E09BC3F.e.5477"}]}
COMMAND: POST /session/a04e8b17cccf81c307ac8c5bdd3012da/element - {"using":"xpath","value":"//div[contains(@id, \"filterItemControl_BASIC-YARD-valueHelpDialog-table-rowsel0\")]"}
COMMAND: GET /session/a04e8b17cccf81c307ac8c5bdd3012da/screenshot - {}
RESULT: {"using":"xpath","value":"//div[contains(@id, \"filterItemControl_BASIC-YARD-valueHelpDialog-table-rowsel0\")]"}
COMMAND: POST /session/a04e8b17cccf81c307ac8c5bdd3012da/element/f.ABFAD7D56B06A6D2CA676A1F0455247C.d.9BD13AE519DEB927D0C848A88E09BC3F.e.5478/click - {}
RESULT: {}
RESULT: {}
COMMAND: GET /session/a04e8b17cccf81c307ac8c5bdd3012da/screenshot - {}
RESULT: {}
COMMAND: POST /session/a04e8b17cccf81c307ac8c5bdd3012da/element - {"using":"xpath","value":"//div[contains(@id, \"smartFilterBar-filterItemControl_BASIC-YARD-valueHelpDialog-smartFilterBar-btnBasicSearch-reset\")]"}
RESULT: {"using":"xpath","value":"//div[contains(@id, \"smartFilterBar-filterItemControl_BASIC-YARD-valueHelpDialog-smartFilterBar-btnBasicSearch-reset\")]"}
COMMAND: POST /session/a04e8b17cccf81c307ac8c5bdd3012da/element/f.ABFAD7D56B06A6D2CA676A1F0455247C.d.9BD13AE519DEB927D0C848A88E09BC3F.e.5480/click - {}
RESULT: {}
RESULT: undefined
COMMAND: POST /session/a04e8b17cccf81c307ac8c5bdd3012da/execute/async - {"script":"<script> [776 bytes]","args":[{"enterText":"OPA5_BST01_YARD1","selector":{"id":"application-ruinventorylist-display-component---Master--smartFilterBar-filterItemControl_BASIC-YARD-valueHelpDialog-smartFilterBar-btnBasicSearch","searchOpenDialogs":true,"interaction":{"idSuffix":"I"}},"clearTextFirst":true,"interactionType":"ENTER_TEXT"}]}
COMMAND: GET /session/a04e8b17cccf81c307ac8c5bdd3012da/screenshot - {}
RESULT: {"script":"<script> [776 bytes]","args":[{"enterText":"OPA5_BST01_YARD1","selector":{"id":"application-ruinventorylist-display-component---Master--smartFilterBar-filterItemControl_BASIC-YARD-valueHelpDialog-smartFilterBar-btnBasicSearch","searchOpenDialogs":true,"interaction":{"idSuffix":"I"}},"clearTextFirst":true,"interactionType":"ENTER_TEXT"}]}
COMMAND: POST /session/a04e8b17cccf81c307ac8c5bdd3012da/actions - {"actions":[{"id":"action22","type":"key","parameters":{},"actions":[{"type":"keyDown","value":""},{"type":"pause","duration":10},{"type":"keyUp","value":""}]}]}
RESULT: {}
RESULT: {"actions":[{"id":"action22","type":"key","parameters":{},"actions":[{"type":"keyDown","value":""},{"type":"pause","duration":10},{"type":"keyUp","value":""}]}]}
COMMAND: GET /session/a04e8b17cccf81c307ac8c5bdd3012da/screenshot - {}
RESULT: {}
COMMAND: POST /session/a04e8b17cccf81c307ac8c5bdd3012da/elements - {"using":"xpath","value":"//table[contains(@id, \"filterItemControl_BASIC-YARD-valueHelpDialog-table-table\")]/tbody/tr"}
RESULT: {"using":"xpath","value":"//table[contains(@id, \"filterItemControl_BASIC-YARD-valueHelpDialog-table-table\")]/tbody/tr"}
COMMAND: POST /session/a04e8b17cccf81c307ac8c5bdd3012da/element - {"using":"xpath","value":"//table[contains(@id, \"filterItemControl_BASIC-YARD-valueHelpDialog-table-table\")]/tbody/tr[1]/td[1]/div/span"}
RESULT: {"using":"xpath","value":"//table[contains(@id, \"filterItemControl_BASIC-YARD-valueHelpDialog-table-table\")]/tbody/tr[1]/td[1]/div/span"}
COMMAND: POST /session/a04e8b17cccf81c307ac8c5bdd3012da/elements - {"using":"xpath","value":"//table[contains(@id, \"filterItemControl_BASIC-YARD-valueHelpDialog-table-table\")]/tbody/tr[1]/td[1]/div/span"}
RESULT: {"using":"xpath","value":"//table[contains(@id, \"filterItemControl_BASIC-YARD-valueHelpDialog-table-table\")]/tbody/tr[1]/td[1]/div/span"}
COMMAND: POST /session/a04e8b17cccf81c307ac8c5bdd3012da/execute/sync - {"script":"<script> [56 bytes]","args":[{"element-6066-11e4-a52e-4f735466cecf":"f.ABFAD7D56B06A6D2CA676A1F0455247C.d.9BD13AE519DEB927D0C848A88E09BC3F.e.5477","ELEMENT":"f.ABFAD7D56B06A6D2CA676A1F0455247C.d.9BD13AE519DEB927D0C848A88E09BC3F.e.5477"}]}
RESULT: {"script":"<script> [56 bytes]","args":[{"element-6066-11e4-a52e-4f735466cecf":"f.ABFAD7D56B06A6D2CA676A1F0455247C.d.9BD13AE519DEB927D0C848A88E09BC3F.e.5477","ELEMENT":"f.ABFAD7D56B06A6D2CA676A1F0455247C.d.9BD13AE519DEB927D0C848A88E09BC3F.e.5477"}]}
COMMAND: POST /session/a04e8b17cccf81c307ac8c5bdd3012da/element - {"using":"xpath","value":"//div[contains(@id, \"filterItemControl_BASIC-YARD-valueHelpDialog-table-rowsel0\")]"}
COMMAND: GET /session/a04e8b17cccf81c307ac8c5bdd3012da/screenshot - {}
RESULT: {"using":"xpath","value":"//div[contains(@id, \"filterItemControl_BASIC-YARD-valueHelpDialog-table-rowsel0\")]"}
COMMAND: POST /session/a04e8b17cccf81c307ac8c5bdd3012da/element/f.ABFAD7D56B06A6D2CA676A1F0455247C.d.9BD13AE519DEB927D0C848A88E09BC3F.e.5478/click - {}
RESULT: {}
RESULT: {}
COMMAND: GET /session/a04e8b17cccf81c307ac8c5bdd3012da/screenshot - {}
RESULT: {}
COMMAND: POST /session/a04e8b17cccf81c307ac8c5bdd3012da/element - {"using":"xpath","value":"(//bdi[contains(text(), \"OK\")])[1]"}
RESULT: {"using":"xpath","value":"(//bdi[contains(text(), \"OK\")])[1]"}
COMMAND: POST /session/a04e8b17cccf81c307ac8c5bdd3012da/element/f.ABFAD7D56B06A6D2CA676A1F0455247C.d.9BD13AE519DEB927D0C848A88E09BC3F.e.5481/click - {}
RESULT: {}
COMMAND: GET /session/a04e8b17cccf81c307ac8c5bdd3012da/screenshot - {}
RESULT: {}
COMMAND: POST /session/a04e8b17cccf81c307ac8c5bdd3012da/element - {"using":"xpath","value":"//span[@id=\"application-ruinventorylist-display-component---Master--smartTableRuInventoryList-header-inner\"]"}
RESULT: {"using":"xpath","value":"//span[@id=\"application-ruinventorylist-display-component---Master--smartTableRuInventoryList-header-inner\"]"}
COMMAND: POST /session/a04e8b17cccf81c307ac8c5bdd3012da/elements - {"using":"xpath","value":"//span[@id=\"application-ruinventorylist-display-component---Master--smartTableRuInventoryList-header-inner\"]"}
RESULT: {"using":"xpath","value":"//span[@id=\"application-ruinventorylist-display-component---Master--smartTableRuInventoryList-header-inner\"]"}
COMMAND: POST /session/a04e8b17cccf81c307ac8c5bdd3012da/execute/sync - {"script":"<script> [56 bytes]","args":[{"element-6066-11e4-a52e-4f735466cecf":"f.ABFAD7D56B06A6D2CA676A1F0455247C.d.9BD13AE519DEB927D0C848A88E09BC3F.e.5618","ELEMENT":"f.ABFAD7D56B06A6D2CA676A1F0455247C.d.9BD13AE519DEB927D0C848A88E09BC3F.e.5618"}]}
RESULT: {"script":"<script> [56 bytes]","args":[{"element-6066-11e4-a52e-4f735466cecf":"f.ABFAD7D56B06A6D2CA676A1F0455247C.d.9BD13AE519DEB927D0C848A88E09BC3F.e.5618","ELEMENT":"f.ABFAD7D56B06A6D2CA676A1F0455247C.d.9BD13AE519DEB927D0C848A88E09BC3F.e.5618"}]}
RESULT: undefined
COMMAND: POST /session/a04e8b17cccf81c307ac8c5bdd3012da/execute/async - {"script":"<script> [776 bytes]","args":[{"enterText":"600002","selector":{"id":"application-ruinventorylist-display-component---Master--smartFilterBar-btnBasicSearch","interaction":{"idSuffix":"I"}},"clearTextFirst":true,"interactionType":"ENTER_TEXT"}]}
COMMAND: GET /session/a04e8b17cccf81c307ac8c5bdd3012da/screenshot - {}
RESULT: {"script":"<script> [776 bytes]","args":[{"enterText":"600002","selector":{"id":"application-ruinventorylist-display-component---Master--smartFilterBar-btnBasicSearch","interaction":{"idSuffix":"I"}},"clearTextFirst":true,"interactionType":"ENTER_TEXT"}]}
COMMAND: POST /session/a04e8b17cccf81c307ac8c5bdd3012da/actions - {"actions":[{"id":"action23","type":"key","parameters":{},"actions":[{"type":"keyDown","value":""},{"type":"pause","duration":10},{"type":"keyUp","value":""}]}]}
RESULT: {}
RESULT: {"actions":[{"id":"action23","type":"key","parameters":{},"actions":[{"type":"keyDown","value":""},{"type":"pause","duration":10},{"type":"keyUp","value":""}]}]}
COMMAND: GET /session/a04e8b17cccf81c307ac8c5bdd3012da/screenshot - {}
RESULT: {}
COMMAND: POST /session/a04e8b17cccf81c307ac8c5bdd3012da/element - {"using":"xpath","value":"//span[@id=\"application-ruinventorylist-display-component---Master--smartTableRuInventoryList-header-inner\"]"}
RESULT: {"using":"xpath","value":"//span[@id=\"application-ruinventorylist-display-component---Master--smartTableRuInventoryList-header-inner\"]"}
COMMAND: POST /session/a04e8b17cccf81c307ac8c5bdd3012da/elements - {"using":"xpath","value":"//span[@id=\"application-ruinventorylist-display-component---Master--smartTableRuInventoryList-header-inner\"]"}
RESULT: {"using":"xpath","value":"//span[@id=\"application-ruinventorylist-display-component---Master--smartTableRuInventoryList-header-inner\"]"}
COMMAND: POST /session/a04e8b17cccf81c307ac8c5bdd3012da/execute/sync - {"script":"<script> [56 bytes]","args":[{"element-6066-11e4-a52e-4f735466cecf":"f.ABFAD7D56B06A6D2CA676A1F0455247C.d.9BD13AE519DEB927D0C848A88E09BC3F.e.5618","ELEMENT":"f.ABFAD7D56B06A6D2CA676A1F0455247C.d.9BD13AE519DEB927D0C848A88E09BC3F.e.5618"}]}
RESULT: {"script":"<script> [56 bytes]","args":[{"element-6066-11e4-a52e-4f735466cecf":"f.ABFAD7D56B06A6D2CA676A1F0455247C.d.9BD13AE519DEB927D0C848A88E09BC3F.e.5618","ELEMENT":"f.ABFAD7D56B06A6D2CA676A1F0455247C.d.9BD13AE519DEB927D0C848A88E09BC3F.e.5618"}]}
COMMAND: POST /session/a04e8b17cccf81c307ac8c5bdd3012da/element - {"using":"xpath","value":"//table[contains(@id, \"application-ruinventorylist-display-component---Master--tableRuInventoryList-listUl\")]/tbody/tr[1]/td[2]/div/div"}
RESULT: {"using":"xpath","value":"//table[contains(@id, \"application-ruinventorylist-display-component---Master--tableRuInventoryList-listUl\")]/tbody/tr[1]/td[2]/div/div"}
COMMAND: POST /session/a04e8b17cccf81c307ac8c5bdd3012da/element/f.ABFAD7D56B06A6D2CA676A1F0455247C.d.9BD13AE519DEB927D0C848A88E09BC3F.e.5623/click - {}
RESULT: {}
COMMAND: GET /session/a04e8b17cccf81c307ac8c5bdd3012da/screenshot - {}
COMMAND: GET /session/a04e8b17cccf81c307ac8c5bdd3012da/screenshot - {}
RESULT: {}
RESULT: {}
COMMAND: POST /session/a04e8b17cccf81c307ac8c5bdd3012da/element - {"using":"xpath","value":"//div[contains(@id, \"smartFilterBar-btnBasicSearch-reset\")]"}
RESULT: {"using":"xpath","value":"//div[contains(@id, \"smartFilterBar-btnBasicSearch-reset\")]"}
COMMAND: POST /session/a04e8b17cccf81c307ac8c5bdd3012da/element/f.ABFAD7D56B06A6D2CA676A1F0455247C.d.9BD13AE519DEB927D0C848A88E09BC3F.e.5634/click - {}
RESULT: {}
COMMAND: GET /session/a04e8b17cccf81c307ac8c5bdd3012da/screenshot - {}
RESULT: {}
RESULT: undefined
COMMAND: POST /session/a04e8b17cccf81c307ac8c5bdd3012da/execute/async - {"script":"<script> [776 bytes]","args":[{"enterText":"401002","selector":{"id":"application-ruinventorylist-display-component---Master--smartFilterBar-btnBasicSearch","interaction":{"idSuffix":"I"}},"clearTextFirst":true,"interactionType":"ENTER_TEXT"}]}
RESULT: {"script":"<script> [776 bytes]","args":[{"enterText":"401002","selector":{"id":"application-ruinventorylist-display-component---Master--smartFilterBar-btnBasicSearch","interaction":{"idSuffix":"I"}},"clearTextFirst":true,"interactionType":"ENTER_TEXT"}]}
COMMAND: POST /session/a04e8b17cccf81c307ac8c5bdd3012da/actions - {"actions":[{"id":"action24","type":"key","parameters":{},"actions":[{"type":"keyDown","value":""},{"type":"pause","duration":10},{"type":"keyUp","value":""}]}]}
RESULT: {"actions":[{"id":"action24","type":"key","parameters":{},"actions":[{"type":"keyDown","value":""},{"type":"pause","duration":10},{"type":"keyUp","value":""}]}]}
COMMAND: GET /session/a04e8b17cccf81c307ac8c5bdd3012da/screenshot - {}
RESULT: {}
COMMAND: POST /session/a04e8b17cccf81c307ac8c5bdd3012da/element - {"using":"xpath","value":"//span[@id=\"application-ruinventorylist-display-component---Master--smartTableRuInventoryList-header-inner\"]"}
RESULT: {"using":"xpath","value":"//span[@id=\"application-ruinventorylist-display-component---Master--smartTableRuInventoryList-header-inner\"]"}
COMMAND: POST /session/a04e8b17cccf81c307ac8c5bdd3012da/elements - {"using":"xpath","value":"//span[@id=\"application-ruinventorylist-display-component---Master--smartTableRuInventoryList-header-inner\"]"}
RESULT: {"using":"xpath","value":"//span[@id=\"application-ruinventorylist-display-component---Master--smartTableRuInventoryList-header-inner\"]"}
COMMAND: POST /session/a04e8b17cccf81c307ac8c5bdd3012da/execute/sync - {"script":"<script> [56 bytes]","args":[{"element-6066-11e4-a52e-4f735466cecf":"f.ABFAD7D56B06A6D2CA676A1F0455247C.d.9BD13AE519DEB927D0C848A88E09BC3F.e.5618","ELEMENT":"f.ABFAD7D56B06A6D2CA676A1F0455247C.d.9BD13AE519DEB927D0C848A88E09BC3F.e.5618"}]}
RESULT: {"script":"<script> [56 bytes]","args":[{"element-6066-11e4-a52e-4f735466cecf":"f.ABFAD7D56B06A6D2CA676A1F0455247C.d.9BD13AE519DEB927D0C848A88E09BC3F.e.5618","ELEMENT":"f.ABFAD7D56B06A6D2CA676A1F0455247C.d.9BD13AE519DEB927D0C848A88E09BC3F.e.5618"}]}
COMMAND: POST /session/a04e8b17cccf81c307ac8c5bdd3012da/element - {"using":"xpath","value":"//table[contains(@id, \"application-ruinventorylist-display-component---Master--tableRuInventoryList-listUl\")]/tbody/tr[1]/td[2]/div/div"}
COMMAND: GET /session/a04e8b17cccf81c307ac8c5bdd3012da/screenshot - {}
RESULT: {"using":"xpath","value":"//table[contains(@id, \"application-ruinventorylist-display-component---Master--tableRuInventoryList-listUl\")]/tbody/tr[1]/td[2]/div/div"}
COMMAND: POST /session/a04e8b17cccf81c307ac8c5bdd3012da/element/f.ABFAD7D56B06A6D2CA676A1F0455247C.d.9BD13AE519DEB927D0C848A88E09BC3F.e.5765/click - {}
RESULT: {}
RESULT: {}
COMMAND: GET /session/a04e8b17cccf81c307ac8c5bdd3012da/screenshot - {}
RESULT: {}
COMMAND: POST /session/a04e8b17cccf81c307ac8c5bdd3012da/element - {"using":"xpath","value":"//div[contains(@id, \"smartFilterBar-btnBasicSearch-reset\")]"}
RESULT: {"using":"xpath","value":"//div[contains(@id, \"smartFilterBar-btnBasicSearch-reset\")]"}
COMMAND: POST /session/a04e8b17cccf81c307ac8c5bdd3012da/element/f.ABFAD7D56B06A6D2CA676A1F0455247C.d.9BD13AE519DEB927D0C848A88E09BC3F.e.5634/click - {}
RESULT: {}
COMMAND: GET /session/a04e8b17cccf81c307ac8c5bdd3012da/screenshot - {}
RESULT: {}
RESULT: undefined
COMMAND: POST /session/a04e8b17cccf81c307ac8c5bdd3012da/execute/async - {"script":"<script> [776 bytes]","args":[{"enterText":"Y4zz2NoZop","selector":{"id":"application-ruinventorylist-display-component---Master--smartFilterBar-btnBasicSearch","interaction":{"idSuffix":"I"}},"clearTextFirst":true,"interactionType":"ENTER_TEXT"}]}
RESULT: {"script":"<script> [776 bytes]","args":[{"enterText":"Y4zz2NoZop","selector":{"id":"application-ruinventorylist-display-component---Master--smartFilterBar-btnBasicSearch","interaction":{"idSuffix":"I"}},"clearTextFirst":true,"interactionType":"ENTER_TEXT"}]}
COMMAND: POST /session/a04e8b17cccf81c307ac8c5bdd3012da/actions - {"actions":[{"id":"action25","type":"key","parameters":{},"actions":[{"type":"keyDown","value":""},{"type":"pause","duration":10},{"type":"keyUp","value":""}]}]}
RESULT: {"actions":[{"id":"action25","type":"key","parameters":{},"actions":[{"type":"keyDown","value":""},{"type":"pause","duration":10},{"type":"keyUp","value":""}]}]}
COMMAND: GET /session/a04e8b17cccf81c307ac8c5bdd3012da/screenshot - {}
RESULT: {}
COMMAND: POST /session/a04e8b17cccf81c307ac8c5bdd3012da/element - {"using":"xpath","value":"//span[@id=\"application-ruinventorylist-display-component---Master--smartTableRuInventoryList-header-inner\"]"}
RESULT: {"using":"xpath","value":"//span[@id=\"application-ruinventorylist-display-component---Master--smartTableRuInventoryList-header-inner\"]"}
COMMAND: POST /session/a04e8b17cccf81c307ac8c5bdd3012da/elements - {"using":"xpath","value":"//span[@id=\"application-ruinventorylist-display-component---Master--smartTableRuInventoryList-header-inner\"]"}
RESULT: {"using":"xpath","value":"//span[@id=\"application-ruinventorylist-display-component---Master--smartTableRuInventoryList-header-inner\"]"}
COMMAND: POST /session/a04e8b17cccf81c307ac8c5bdd3012da/execute/sync - {"script":"<script> [56 bytes]","args":[{"element-6066-11e4-a52e-4f735466cecf":"f.ABFAD7D56B06A6D2CA676A1F0455247C.d.9BD13AE519DEB927D0C848A88E09BC3F.e.5618","ELEMENT":"f.ABFAD7D56B06A6D2CA676A1F0455247C.d.9BD13AE519DEB927D0C848A88E09BC3F.e.5618"}]}
RESULT: {"script":"<script> [56 bytes]","args":[{"element-6066-11e4-a52e-4f735466cecf":"f.ABFAD7D56B06A6D2CA676A1F0455247C.d.9BD13AE519DEB927D0C848A88E09BC3F.e.5618","ELEMENT":"f.ABFAD7D56B06A6D2CA676A1F0455247C.d.9BD13AE519DEB927D0C848A88E09BC3F.e.5618"}]}
COMMAND: POST /session/a04e8b17cccf81c307ac8c5bdd3012da/element - {"using":"xpath","value":"//table[contains(@id, \"application-ruinventorylist-display-component---Master--tableRuInventoryList-listUl\")]/tbody/tr[1]/td[2]/div/div"}
COMMAND: GET /session/a04e8b17cccf81c307ac8c5bdd3012da/screenshot - {}
RESULT: {"using":"xpath","value":"//table[contains(@id, \"application-ruinventorylist-display-component---Master--tableRuInventoryList-listUl\")]/tbody/tr[1]/td[2]/div/div"}
COMMAND: POST /session/a04e8b17cccf81c307ac8c5bdd3012da/element/f.ABFAD7D56B06A6D2CA676A1F0455247C.d.9BD13AE519DEB927D0C848A88E09BC3F.e.5905/click - {}
RESULT: {}
RESULT: {}
COMMAND: GET /session/a04e8b17cccf81c307ac8c5bdd3012da/screenshot - {}
RESULT: {}
COMMAND: POST /session/a04e8b17cccf81c307ac8c5bdd3012da/element - {"using":"xpath","value":"//div[contains(@id, \"smartFilterBar-btnBasicSearch-reset\")]"}
RESULT: {"using":"xpath","value":"//div[contains(@id, \"smartFilterBar-btnBasicSearch-reset\")]"}
COMMAND: POST /session/a04e8b17cccf81c307ac8c5bdd3012da/element/f.ABFAD7D56B06A6D2CA676A1F0455247C.d.9BD13AE519DEB927D0C848A88E09BC3F.e.5634/click - {}
RESULT: {}
COMMAND: GET /session/a04e8b17cccf81c307ac8c5bdd3012da/screenshot - {}
RESULT: {}
RESULT: undefined
COMMAND: POST /session/a04e8b17cccf81c307ac8c5bdd3012da/execute/async - {"script":"<script> [776 bytes]","args":[{"enterText":"200109","selector":{"id":"application-ruinventorylist-display-component---Master--smartFilterBar-btnBasicSearch","interaction":{"idSuffix":"I"}},"clearTextFirst":true,"interactionType":"ENTER_TEXT"}]}
RESULT: {"script":"<script> [776 bytes]","args":[{"enterText":"200109","selector":{"id":"application-ruinventorylist-display-component---Master--smartFilterBar-btnBasicSearch","interaction":{"idSuffix":"I"}},"clearTextFirst":true,"interactionType":"ENTER_TEXT"}]}
COMMAND: POST /session/a04e8b17cccf81c307ac8c5bdd3012da/actions - {"actions":[{"id":"action26","type":"key","parameters":{},"actions":[{"type":"keyDown","value":""},{"type":"pause","duration":10},{"type":"keyUp","value":""}]}]}
RESULT: {"actions":[{"id":"action26","type":"key","parameters":{},"actions":[{"type":"keyDown","value":""},{"type":"pause","duration":10},{"type":"keyUp","value":""}]}]}
COMMAND: GET /session/a04e8b17cccf81c307ac8c5bdd3012da/screenshot - {}
RESULT: {}
COMMAND: POST /session/a04e8b17cccf81c307ac8c5bdd3012da/element - {"using":"xpath","value":"//span[@id=\"application-ruinventorylist-display-component---Master--smartTableRuInventoryList-header-inner\"]"}
RESULT: {"using":"xpath","value":"//span[@id=\"application-ruinventorylist-display-component---Master--smartTableRuInventoryList-header-inner\"]"}
COMMAND: POST /session/a04e8b17cccf81c307ac8c5bdd3012da/elements - {"using":"xpath","value":"//span[@id=\"application-ruinventorylist-display-component---Master--smartTableRuInventoryList-header-inner\"]"}
RESULT: {"using":"xpath","value":"//span[@id=\"application-ruinventorylist-display-component---Master--smartTableRuInventoryList-header-inner\"]"}
COMMAND: POST /session/a04e8b17cccf81c307ac8c5bdd3012da/execute/sync - {"script":"<script> [56 bytes]","args":[{"element-6066-11e4-a52e-4f735466cecf":"f.ABFAD7D56B06A6D2CA676A1F0455247C.d.9BD13AE519DEB927D0C848A88E09BC3F.e.5618","ELEMENT":"f.ABFAD7D56B06A6D2CA676A1F0455247C.d.9BD13AE519DEB927D0C848A88E09BC3F.e.5618"}]}
RESULT: {"script":"<script> [56 bytes]","args":[{"element-6066-11e4-a52e-4f735466cecf":"f.ABFAD7D56B06A6D2CA676A1F0455247C.d.9BD13AE519DEB927D0C848A88E09BC3F.e.5618","ELEMENT":"f.ABFAD7D56B06A6D2CA676A1F0455247C.d.9BD13AE519DEB927D0C848A88E09BC3F.e.5618"}]}
COMMAND: POST /session/a04e8b17cccf81c307ac8c5bdd3012da/element - {"using":"xpath","value":"//table[contains(@id, \"application-ruinventorylist-display-component---Master--tableRuInventoryList-listUl\")]/tbody/tr[1]/td[2]/div/div"}
COMMAND: GET /session/a04e8b17cccf81c307ac8c5bdd3012da/screenshot - {}
RESULT: {"using":"xpath","value":"//table[contains(@id, \"application-ruinventorylist-display-component---Master--tableRuInventoryList-listUl\")]/tbody/tr[1]/td[2]/div/div"}
COMMAND: POST /session/a04e8b17cccf81c307ac8c5bdd3012da/element/f.ABFAD7D56B06A6D2CA676A1F0455247C.d.9BD13AE519DEB927D0C848A88E09BC3F.e.6045/click - {}
RESULT: {}
RESULT: {}
COMMAND: GET /session/a04e8b17cccf81c307ac8c5bdd3012da/screenshot - {}
RESULT: {}
COMMAND: POST /session/a04e8b17cccf81c307ac8c5bdd3012da/element - {"using":"xpath","value":"//div[contains(@id, \"smartFilterBar-btnBasicSearch-reset\")]"}
RESULT: {"using":"xpath","value":"//div[contains(@id, \"smartFilterBar-btnBasicSearch-reset\")]"}
COMMAND: POST /session/a04e8b17cccf81c307ac8c5bdd3012da/element/f.ABFAD7D56B06A6D2CA676A1F0455247C.d.9BD13AE519DEB927D0C848A88E09BC3F.e.5634/click - {}
RESULT: {}
COMMAND: GET /session/a04e8b17cccf81c307ac8c5bdd3012da/screenshot - {}
RESULT: {}
COMMAND: POST /session/a04e8b17cccf81c307ac8c5bdd3012da/element/f.ABFAD7D56B06A6D2CA676A1F0455247C.d.9BD13AE519DEB927D0C848A88E09BC3F.e.5072/click - {}
RESULT: {}
COMMAND: GET /session/a04e8b17cccf81c307ac8c5bdd3012da/screenshot - {}
RESULT: {}
COMMAND: POST /session/a04e8b17cccf81c307ac8c5bdd3012da/execute/async - {"script":"<script> [1562 bytes]","args":[{"selector":{"id":"application-ruinventorylist-display-component---Master--effectiveDate","searchOpenDialogs":true,"interaction":{"idSuffix":"inner"}},"wdio_ui5_key":"applicationruinventorylist-display-component---Master--effectiveDate"}]}
RESULT: {"script":"<script> [1562 bytes]","args":[{"selector":{"id":"application-ruinventorylist-display-component---Master--effectiveDate","searchOpenDialogs":true,"interaction":{"idSuffix":"inner"}},"wdio_ui5_key":"applicationruinventorylist-display-component---Master--effectiveDate"}]}
RESULT: undefined
COMMAND: POST /session/a04e8b17cccf81c307ac8c5bdd3012da/execute/async - {"script":"<script> [776 bytes]","args":[{"enterText":"05/23/25","selector":{"id":"application-ruinventorylist-display-component---Master--effectiveDate","searchOpenDialogs":true,"interaction":{"idSuffix":"inner"}},"clearTextFirst":true,"interactionType":"ENTER_TEXT"}]}
RESULT: {"script":"<script> [776 bytes]","args":[{"enterText":"05/23/25","selector":{"id":"application-ruinventorylist-display-component---Master--effectiveDate","searchOpenDialogs":true,"interaction":{"idSuffix":"inner"}},"clearTextFirst":true,"interactionType":"ENTER_TEXT"}]}
COMMAND: POST /session/a04e8b17cccf81c307ac8c5bdd3012da/element - {"using":"xpath","value":"//span[contains(@data-kt,\"correctionMassStateChangeIcon\")]"}
RESULT: {"using":"xpath","value":"//span[contains(@data-kt,\"correctionMassStateChangeIcon\")]"}
COMMAND: POST /session/a04e8b17cccf81c307ac8c5bdd3012da/elements - {"using":"xpath","value":"//span[contains(@data-kt,\"correctionMassStateChangeIcon\")]"}
RESULT: {"using":"xpath","value":"//span[contains(@data-kt,\"correctionMassStateChangeIcon\")]"}
COMMAND: POST /session/a04e8b17cccf81c307ac8c5bdd3012da/elements - {"using":"xpath","value":"//span[contains(@data-kt,\"correctionMassStateChangeIcon\")]"}
RESULT: {"using":"xpath","value":"//span[contains(@data-kt,\"correctionMassStateChangeIcon\")]"}
RESULT: undefined
COMMAND: POST /session/a04e8b17cccf81c307ac8c5bdd3012da/element - {"using":"xpath","value":"//*[@id=\"application-ruinventorylist-display-component---Master--ruStateTypes-arrow\"]"}
RESULT: {"using":"xpath","value":"//*[@id=\"application-ruinventorylist-display-component---Master--ruStateTypes-arrow\"]"}
COMMAND: POST /session/a04e8b17cccf81c307ac8c5bdd3012da/element/f.ABFAD7D56B06A6D2CA676A1F0455247C.d.9BD13AE519DEB927D0C848A88E09BC3F.e.6223/click - {}
RESULT: {}
COMMAND: GET /session/a04e8b17cccf81c307ac8c5bdd3012da/screenshot - {}
RESULT: {}
COMMAND: POST /session/a04e8b17cccf81c307ac8c5bdd3012da/element - {"using":"xpath","value":"//li[.//span[text()=\"defect\"]]"}
RESULT: {"using":"xpath","value":"//li[.//span[text()=\"defect\"]]"}
COMMAND: POST /session/a04e8b17cccf81c307ac8c5bdd3012da/element/f.ABFAD7D56B06A6D2CA676A1F0455247C.d.9BD13AE519DEB927D0C848A88E09BC3F.e.6224/click - {}
RESULT: {}
COMMAND: GET /session/a04e8b17cccf81c307ac8c5bdd3012da/screenshot - {}
RESULT: {}
COMMAND: POST /session/a04e8b17cccf81c307ac8c5bdd3012da/element - {"using":"xpath","value":"(//bdi[contains(text(), \"OK\")])[1]"}
RESULT: {"using":"xpath","value":"(//bdi[contains(text(), \"OK\")])[1]"}
COMMAND: POST /session/a04e8b17cccf81c307ac8c5bdd3012da/element/f.ABFAD7D56B06A6D2CA676A1F0455247C.d.9BD13AE519DEB927D0C848A88E09BC3F.e.6225/click - {}
RESULT: {}
COMMAND: GET /session/a04e8b17cccf81c307ac8c5bdd3012da/screenshot - {}
RESULT: {}
COMMAND: POST /session/a04e8b17cccf81c307ac8c5bdd3012da/element - {"using":"css selector","value":"div.sapMMessageBoxError"}
RESULT: {"using":"css selector","value":"div.sapMMessageBoxError"}
COMMAND: POST /session/a04e8b17cccf81c307ac8c5bdd3012da/elements - {"using":"css selector","value":"div.sapMMessageBoxError"}
RESULT: {"using":"css selector","value":"div.sapMMessageBoxError"}
COMMAND: POST /session/a04e8b17cccf81c307ac8c5bdd3012da/element - {"using":"xpath","value":"//div[contains(@class, \"sapMMessageBoxError\")]/section/div/div/span"}
RESULT: {"using":"xpath","value":"//div[contains(@class, \"sapMMessageBoxError\")]/section/div/div/span"}
COMMAND: POST /session/a04e8b17cccf81c307ac8c5bdd3012da/execute/sync - {"script":"<script> [56 bytes]","args":[{"element-6066-11e4-a52e-4f735466cecf":"f.ABFAD7D56B06A6D2CA676A1F0455247C.d.9BD13AE519DEB927D0C848A88E09BC3F.e.6229","ELEMENT":"f.ABFAD7D56B06A6D2CA676A1F0455247C.d.9BD13AE519DEB927D0C848A88E09BC3F.e.6229"}]}
RESULT: {"script":"<script> [56 bytes]","args":[{"element-6066-11e4-a52e-4f735466cecf":"f.ABFAD7D56B06A6D2CA676A1F0455247C.d.9BD13AE519DEB927D0C848A88E09BC3F.e.6229","ELEMENT":"f.ABFAD7D56B06A6D2CA676A1F0455247C.d.9BD13AE519DEB927D0C848A88E09BC3F.e.6229"}]}
COMMAND: POST /session/a04e8b17cccf81c307ac8c5bdd3012da/element - {"using":"xpath","value":"(//bdi[contains(text(), \"Close\")])[1]"}
COMMAND: GET /session/a04e8b17cccf81c307ac8c5bdd3012da/screenshot - {}
RESULT: {"using":"xpath","value":"(//bdi[contains(text(), \"Close\")])[1]"}
COMMAND: POST /session/a04e8b17cccf81c307ac8c5bdd3012da/element/f.ABFAD7D56B06A6D2CA676A1F0455247C.d.9BD13AE519DEB927D0C848A88E09BC3F.e.6230/click - {}
RESULT: {}
RESULT: {}
COMMAND: GET /session/a04e8b17cccf81c307ac8c5bdd3012da/screenshot - {}
RESULT: {}
RESULT: undefined
COMMAND: POST /session/a04e8b17cccf81c307ac8c5bdd3012da/execute/async - {"script":"<script> [776 bytes]","args":[{"enterText":"05/24/25","selector":{"id":"application-ruinventorylist-display-component---Master--effectiveDate","searchOpenDialogs":true,"interaction":{"idSuffix":"inner"}},"clearTextFirst":true,"interactionType":"ENTER_TEXT"}]}
RESULT: {"script":"<script> [776 bytes]","args":[{"enterText":"05/24/25","selector":{"id":"application-ruinventorylist-display-component---Master--effectiveDate","searchOpenDialogs":true,"interaction":{"idSuffix":"inner"}},"clearTextFirst":true,"interactionType":"ENTER_TEXT"}]}
COMMAND: POST /session/a04e8b17cccf81c307ac8c5bdd3012da/element - {"using":"xpath","value":"(//bdi[contains(text(), \"OK\")])[1]"}
RESULT: {"using":"xpath","value":"(//bdi[contains(text(), \"OK\")])[1]"}
COMMAND: POST /session/a04e8b17cccf81c307ac8c5bdd3012da/element/f.ABFAD7D56B06A6D2CA676A1F0455247C.d.9BD13AE519DEB927D0C848A88E09BC3F.e.6225/click - {}
RESULT: {}
COMMAND: GET /session/a04e8b17cccf81c307ac8c5bdd3012da/screenshot - {}
RESULT: {}
COMMAND: POST /session/a04e8b17cccf81c307ac8c5bdd3012da/element - {"using":"xpath","value":"(//bdi[contains(text(), \"OK\")])[2]"}
RESULT: {"using":"xpath","value":"(//bdi[contains(text(), \"OK\")])[2]"}
COMMAND: POST /session/a04e8b17cccf81c307ac8c5bdd3012da/element/f.ABFAD7D56B06A6D2CA676A1F0455247C.d.9BD13AE519DEB927D0C848A88E09BC3F.e.6279/click - {}
RESULT: {}
COMMAND: GET /session/a04e8b17cccf81c307ac8c5bdd3012da/screenshot - {}
RESULT: {}
RESULT: undefined
COMMAND: POST /session/a04e8b17cccf81c307ac8c5bdd3012da/execute/async - {"script":"<script> [776 bytes]","args":[{"enterText":"600002","selector":{"id":"application-ruinventorylist-display-component---Master--smartFilterBar-btnBasicSearch","interaction":{"idSuffix":"I"}},"clearTextFirst":true,"interactionType":"ENTER_TEXT"}]}
RESULT: {"script":"<script> [776 bytes]","args":[{"enterText":"600002","selector":{"id":"application-ruinventorylist-display-component---Master--smartFilterBar-btnBasicSearch","interaction":{"idSuffix":"I"}},"clearTextFirst":true,"interactionType":"ENTER_TEXT"}]}
COMMAND: POST /session/a04e8b17cccf81c307ac8c5bdd3012da/actions - {"actions":[{"id":"action27","type":"key","parameters":{},"actions":[{"type":"keyDown","value":""},{"type":"pause","duration":10},{"type":"keyUp","value":""}]}]}
RESULT: {"actions":[{"id":"action27","type":"key","parameters":{},"actions":[{"type":"keyDown","value":""},{"type":"pause","duration":10},{"type":"keyUp","value":""}]}]}
COMMAND: GET /session/a04e8b17cccf81c307ac8c5bdd3012da/screenshot - {}
RESULT: {}
COMMAND: POST /session/a04e8b17cccf81c307ac8c5bdd3012da/element - {"using":"xpath","value":"//span[@id=\"application-ruinventorylist-display-component---Master--smartTableRuInventoryList-header-inner\"]"}
RESULT: {"using":"xpath","value":"//span[@id=\"application-ruinventorylist-display-component---Master--smartTableRuInventoryList-header-inner\"]"}
COMMAND: POST /session/a04e8b17cccf81c307ac8c5bdd3012da/elements - {"using":"xpath","value":"//span[@id=\"application-ruinventorylist-display-component---Master--smartTableRuInventoryList-header-inner\"]"}
RESULT: {"using":"xpath","value":"//span[@id=\"application-ruinventorylist-display-component---Master--smartTableRuInventoryList-header-inner\"]"}
COMMAND: POST /session/a04e8b17cccf81c307ac8c5bdd3012da/execute/sync - {"script":"<script> [56 bytes]","args":[{"element-6066-11e4-a52e-4f735466cecf":"f.ABFAD7D56B06A6D2CA676A1F0455247C.d.9BD13AE519DEB927D0C848A88E09BC3F.e.5618","ELEMENT":"f.ABFAD7D56B06A6D2CA676A1F0455247C.d.9BD13AE519DEB927D0C848A88E09BC3F.e.5618"}]}
RESULT: {"script":"<script> [56 bytes]","args":[{"element-6066-11e4-a52e-4f735466cecf":"f.ABFAD7D56B06A6D2CA676A1F0455247C.d.9BD13AE519DEB927D0C848A88E09BC3F.e.5618","ELEMENT":"f.ABFAD7D56B06A6D2CA676A1F0455247C.d.9BD13AE519DEB927D0C848A88E09BC3F.e.5618"}]}
COMMAND: POST /session/a04e8b17cccf81c307ac8c5bdd3012da/element - {"using":"xpath","value":"//table[contains(@id, \"application-ruinventorylist-display-component---Master--tableRuInventoryList-listUl\")]/tbody/tr[1]/td[6]/div/span"}
COMMAND: GET /session/a04e8b17cccf81c307ac8c5bdd3012da/screenshot - {}
RESULT: {"using":"xpath","value":"//table[contains(@id, \"application-ruinventorylist-display-component---Master--tableRuInventoryList-listUl\")]/tbody/tr[1]/td[6]/div/span"}
COMMAND: POST /session/a04e8b17cccf81c307ac8c5bdd3012da/execute/sync - {"script":"<script> [56 bytes]","args":[{"element-6066-11e4-a52e-4f735466cecf":"f.ABFAD7D56B06A6D2CA676A1F0455247C.d.9BD13AE519DEB927D0C848A88E09BC3F.e.6299","ELEMENT":"f.ABFAD7D56B06A6D2CA676A1F0455247C.d.9BD13AE519DEB927D0C848A88E09BC3F.e.6299"}]}
RESULT: {}
RESULT: {"script":"<script> [56 bytes]","args":[{"element-6066-11e4-a52e-4f735466cecf":"f.ABFAD7D56B06A6D2CA676A1F0455247C.d.9BD13AE519DEB927D0C848A88E09BC3F.e.6299","ELEMENT":"f.ABFAD7D56B06A6D2CA676A1F0455247C.d.9BD13AE519DEB927D0C848A88E09BC3F.e.6299"}]}
COMMAND: POST /session/a04e8b17cccf81c307ac8c5bdd3012da/element - {"using":"xpath","value":"//div[contains(@id, \"smartFilterBar-btnBasicSearch-reset\")]"}
COMMAND: GET /session/a04e8b17cccf81c307ac8c5bdd3012da/screenshot - {}
RESULT: {"using":"xpath","value":"//div[contains(@id, \"smartFilterBar-btnBasicSearch-reset\")]"}
COMMAND: POST /session/a04e8b17cccf81c307ac8c5bdd3012da/element/f.ABFAD7D56B06A6D2CA676A1F0455247C.d.9BD13AE519DEB927D0C848A88E09BC3F.e.5634/click - {}
RESULT: {}
RESULT: {}
COMMAND: GET /session/a04e8b17cccf81c307ac8c5bdd3012da/screenshot - {}
RESULT: {}
RESULT: undefined
COMMAND: POST /session/a04e8b17cccf81c307ac8c5bdd3012da/execute/async - {"script":"<script> [776 bytes]","args":[{"enterText":"401002","selector":{"id":"application-ruinventorylist-display-component---Master--smartFilterBar-btnBasicSearch","interaction":{"idSuffix":"I"}},"clearTextFirst":true,"interactionType":"ENTER_TEXT"}]}
RESULT: {"script":"<script> [776 bytes]","args":[{"enterText":"401002","selector":{"id":"application-ruinventorylist-display-component---Master--smartFilterBar-btnBasicSearch","interaction":{"idSuffix":"I"}},"clearTextFirst":true,"interactionType":"ENTER_TEXT"}]}
COMMAND: POST /session/a04e8b17cccf81c307ac8c5bdd3012da/actions - {"actions":[{"id":"action28","type":"key","parameters":{},"actions":[{"type":"keyDown","value":""},{"type":"pause","duration":10},{"type":"keyUp","value":""}]}]}
RESULT: {"actions":[{"id":"action28","type":"key","parameters":{},"actions":[{"type":"keyDown","value":""},{"type":"pause","duration":10},{"type":"keyUp","value":""}]}]}
COMMAND: GET /session/a04e8b17cccf81c307ac8c5bdd3012da/screenshot - {}
RESULT: {}
COMMAND: POST /session/a04e8b17cccf81c307ac8c5bdd3012da/element - {"using":"xpath","value":"//span[@id=\"application-ruinventorylist-display-component---Master--smartTableRuInventoryList-header-inner\"]"}
RESULT: {"using":"xpath","value":"//span[@id=\"application-ruinventorylist-display-component---Master--smartTableRuInventoryList-header-inner\"]"}
COMMAND: POST /session/a04e8b17cccf81c307ac8c5bdd3012da/elements - {"using":"xpath","value":"//span[@id=\"application-ruinventorylist-display-component---Master--smartTableRuInventoryList-header-inner\"]"}
RESULT: {"using":"xpath","value":"//span[@id=\"application-ruinventorylist-display-component---Master--smartTableRuInventoryList-header-inner\"]"}
COMMAND: POST /session/a04e8b17cccf81c307ac8c5bdd3012da/execute/sync - {"script":"<script> [56 bytes]","args":[{"element-6066-11e4-a52e-4f735466cecf":"f.ABFAD7D56B06A6D2CA676A1F0455247C.d.9BD13AE519DEB927D0C848A88E09BC3F.e.5618","ELEMENT":"f.ABFAD7D56B06A6D2CA676A1F0455247C.d.9BD13AE519DEB927D0C848A88E09BC3F.e.5618"}]}
RESULT: {"script":"<script> [56 bytes]","args":[{"element-6066-11e4-a52e-4f735466cecf":"f.ABFAD7D56B06A6D2CA676A1F0455247C.d.9BD13AE519DEB927D0C848A88E09BC3F.e.5618","ELEMENT":"f.ABFAD7D56B06A6D2CA676A1F0455247C.d.9BD13AE519DEB927D0C848A88E09BC3F.e.5618"}]}
COMMAND: POST /session/a04e8b17cccf81c307ac8c5bdd3012da/element - {"using":"xpath","value":"//table[contains(@id, \"application-ruinventorylist-display-component---Master--tableRuInventoryList-listUl\")]/tbody/tr[1]/td[6]/div/span"}
COMMAND: GET /session/a04e8b17cccf81c307ac8c5bdd3012da/screenshot - {}
RESULT: {"using":"xpath","value":"//table[contains(@id, \"application-ruinventorylist-display-component---Master--tableRuInventoryList-listUl\")]/tbody/tr[1]/td[6]/div/span"}
COMMAND: POST /session/a04e8b17cccf81c307ac8c5bdd3012da/execute/sync - {"script":"<script> [56 bytes]","args":[{"element-6066-11e4-a52e-4f735466cecf":"f.ABFAD7D56B06A6D2CA676A1F0455247C.d.9BD13AE519DEB927D0C848A88E09BC3F.e.6376","ELEMENT":"f.ABFAD7D56B06A6D2CA676A1F0455247C.d.9BD13AE519DEB927D0C848A88E09BC3F.e.6376"}]}
RESULT: {}
RESULT: {"script":"<script> [56 bytes]","args":[{"element-6066-11e4-a52e-4f735466cecf":"f.ABFAD7D56B06A6D2CA676A1F0455247C.d.9BD13AE519DEB927D0C848A88E09BC3F.e.6376","ELEMENT":"f.ABFAD7D56B06A6D2CA676A1F0455247C.d.9BD13AE519DEB927D0C848A88E09BC3F.e.6376"}]}
COMMAND: POST /session/a04e8b17cccf81c307ac8c5bdd3012da/element - {"using":"xpath","value":"//div[contains(@id, \"smartFilterBar-btnBasicSearch-reset\")]"}
COMMAND: GET /session/a04e8b17cccf81c307ac8c5bdd3012da/screenshot - {}
RESULT: {"using":"xpath","value":"//div[contains(@id, \"smartFilterBar-btnBasicSearch-reset\")]"}
COMMAND: POST /session/a04e8b17cccf81c307ac8c5bdd3012da/element/f.ABFAD7D56B06A6D2CA676A1F0455247C.d.9BD13AE519DEB927D0C848A88E09BC3F.e.5634/click - {}
RESULT: {}
RESULT: {}
COMMAND: GET /session/a04e8b17cccf81c307ac8c5bdd3012da/screenshot - {}
RESULT: {}
RESULT: undefined
COMMAND: POST /session/a04e8b17cccf81c307ac8c5bdd3012da/execute/async - {"script":"<script> [776 bytes]","args":[{"enterText":"Y4zz2NoZop","selector":{"id":"application-ruinventorylist-display-component---Master--smartFilterBar-btnBasicSearch","interaction":{"idSuffix":"I"}},"clearTextFirst":true,"interactionType":"ENTER_TEXT"}]}
RESULT: {"script":"<script> [776 bytes]","args":[{"enterText":"Y4zz2NoZop","selector":{"id":"application-ruinventorylist-display-component---Master--smartFilterBar-btnBasicSearch","interaction":{"idSuffix":"I"}},"clearTextFirst":true,"interactionType":"ENTER_TEXT"}]}
COMMAND: POST /session/a04e8b17cccf81c307ac8c5bdd3012da/actions - {"actions":[{"id":"action29","type":"key","parameters":{},"actions":[{"type":"keyDown","value":""},{"type":"pause","duration":10},{"type":"keyUp","value":""}]}]}
RESULT: {"actions":[{"id":"action29","type":"key","parameters":{},"actions":[{"type":"keyDown","value":""},{"type":"pause","duration":10},{"type":"keyUp","value":""}]}]}
COMMAND: GET /session/a04e8b17cccf81c307ac8c5bdd3012da/screenshot - {}
RESULT: {}
COMMAND: POST /session/a04e8b17cccf81c307ac8c5bdd3012da/element - {"using":"xpath","value":"//span[@id=\"application-ruinventorylist-display-component---Master--smartTableRuInventoryList-header-inner\"]"}
RESULT: {"using":"xpath","value":"//span[@id=\"application-ruinventorylist-display-component---Master--smartTableRuInventoryList-header-inner\"]"}
COMMAND: POST /session/a04e8b17cccf81c307ac8c5bdd3012da/elements - {"using":"xpath","value":"//span[@id=\"application-ruinventorylist-display-component---Master--smartTableRuInventoryList-header-inner\"]"}
RESULT: {"using":"xpath","value":"//span[@id=\"application-ruinventorylist-display-component---Master--smartTableRuInventoryList-header-inner\"]"}
COMMAND: POST /session/a04e8b17cccf81c307ac8c5bdd3012da/execute/sync - {"script":"<script> [56 bytes]","args":[{"element-6066-11e4-a52e-4f735466cecf":"f.ABFAD7D56B06A6D2CA676A1F0455247C.d.9BD13AE519DEB927D0C848A88E09BC3F.e.5618","ELEMENT":"f.ABFAD7D56B06A6D2CA676A1F0455247C.d.9BD13AE519DEB927D0C848A88E09BC3F.e.5618"}]}
RESULT: {"script":"<script> [56 bytes]","args":[{"element-6066-11e4-a52e-4f735466cecf":"f.ABFAD7D56B06A6D2CA676A1F0455247C.d.9BD13AE519DEB927D0C848A88E09BC3F.e.5618","ELEMENT":"f.ABFAD7D56B06A6D2CA676A1F0455247C.d.9BD13AE519DEB927D0C848A88E09BC3F.e.5618"}]}
COMMAND: POST /session/a04e8b17cccf81c307ac8c5bdd3012da/element - {"using":"xpath","value":"//table[contains(@id, \"application-ruinventorylist-display-component---Master--tableRuInventoryList-listUl\")]/tbody/tr[1]/td[6]/div/span"}
COMMAND: GET /session/a04e8b17cccf81c307ac8c5bdd3012da/screenshot - {}
RESULT: {"using":"xpath","value":"//table[contains(@id, \"application-ruinventorylist-display-component---Master--tableRuInventoryList-listUl\")]/tbody/tr[1]/td[6]/div/span"}
COMMAND: POST /session/a04e8b17cccf81c307ac8c5bdd3012da/execute/sync - {"script":"<script> [56 bytes]","args":[{"element-6066-11e4-a52e-4f735466cecf":"f.ABFAD7D56B06A6D2CA676A1F0455247C.d.9BD13AE519DEB927D0C848A88E09BC3F.e.6455","ELEMENT":"f.ABFAD7D56B06A6D2CA676A1F0455247C.d.9BD13AE519DEB927D0C848A88E09BC3F.e.6455"}]}
RESULT: {}
RESULT: {"script":"<script> [56 bytes]","args":[{"element-6066-11e4-a52e-4f735466cecf":"f.ABFAD7D56B06A6D2CA676A1F0455247C.d.9BD13AE519DEB927D0C848A88E09BC3F.e.6455","ELEMENT":"f.ABFAD7D56B06A6D2CA676A1F0455247C.d.9BD13AE519DEB927D0C848A88E09BC3F.e.6455"}]}
COMMAND: POST /session/a04e8b17cccf81c307ac8c5bdd3012da/element - {"using":"xpath","value":"//div[contains(@id, \"smartFilterBar-btnBasicSearch-reset\")]"}
COMMAND: GET /session/a04e8b17cccf81c307ac8c5bdd3012da/screenshot - {}
RESULT: {"using":"xpath","value":"//div[contains(@id, \"smartFilterBar-btnBasicSearch-reset\")]"}
COMMAND: POST /session/a04e8b17cccf81c307ac8c5bdd3012da/element/f.ABFAD7D56B06A6D2CA676A1F0455247C.d.9BD13AE519DEB927D0C848A88E09BC3F.e.5634/click - {}
RESULT: {}
RESULT: {}
COMMAND: GET /session/a04e8b17cccf81c307ac8c5bdd3012da/screenshot - {}
RESULT: {}
RESULT: undefined
COMMAND: POST /session/a04e8b17cccf81c307ac8c5bdd3012da/execute/async - {"script":"<script> [776 bytes]","args":[{"enterText":"200109","selector":{"id":"application-ruinventorylist-display-component---Master--smartFilterBar-btnBasicSearch","interaction":{"idSuffix":"I"}},"clearTextFirst":true,"interactionType":"ENTER_TEXT"}]}
RESULT: {"script":"<script> [776 bytes]","args":[{"enterText":"200109","selector":{"id":"application-ruinventorylist-display-component---Master--smartFilterBar-btnBasicSearch","interaction":{"idSuffix":"I"}},"clearTextFirst":true,"interactionType":"ENTER_TEXT"}]}
COMMAND: POST /session/a04e8b17cccf81c307ac8c5bdd3012da/actions - {"actions":[{"id":"action30","type":"key","parameters":{},"actions":[{"type":"keyDown","value":""},{"type":"pause","duration":10},{"type":"keyUp","value":""}]}]}
RESULT: {"actions":[{"id":"action30","type":"key","parameters":{},"actions":[{"type":"keyDown","value":""},{"type":"pause","duration":10},{"type":"keyUp","value":""}]}]}
COMMAND: GET /session/a04e8b17cccf81c307ac8c5bdd3012da/screenshot - {}
RESULT: {}
COMMAND: POST /session/a04e8b17cccf81c307ac8c5bdd3012da/element - {"using":"xpath","value":"//span[@id=\"application-ruinventorylist-display-component---Master--smartTableRuInventoryList-header-inner\"]"}
RESULT: {"using":"xpath","value":"//span[@id=\"application-ruinventorylist-display-component---Master--smartTableRuInventoryList-header-inner\"]"}
COMMAND: POST /session/a04e8b17cccf81c307ac8c5bdd3012da/elements - {"using":"xpath","value":"//span[@id=\"application-ruinventorylist-display-component---Master--smartTableRuInventoryList-header-inner\"]"}
RESULT: {"using":"xpath","value":"//span[@id=\"application-ruinventorylist-display-component---Master--smartTableRuInventoryList-header-inner\"]"}
COMMAND: POST /session/a04e8b17cccf81c307ac8c5bdd3012da/execute/sync - {"script":"<script> [56 bytes]","args":[{"element-6066-11e4-a52e-4f735466cecf":"f.ABFAD7D56B06A6D2CA676A1F0455247C.d.9BD13AE519DEB927D0C848A88E09BC3F.e.5618","ELEMENT":"f.ABFAD7D56B06A6D2CA676A1F0455247C.d.9BD13AE519DEB927D0C848A88E09BC3F.e.5618"}]}
RESULT: {"script":"<script> [56 bytes]","args":[{"element-6066-11e4-a52e-4f735466cecf":"f.ABFAD7D56B06A6D2CA676A1F0455247C.d.9BD13AE519DEB927D0C848A88E09BC3F.e.5618","ELEMENT":"f.ABFAD7D56B06A6D2CA676A1F0455247C.d.9BD13AE519DEB927D0C848A88E09BC3F.e.5618"}]}
COMMAND: POST /session/a04e8b17cccf81c307ac8c5bdd3012da/element - {"using":"xpath","value":"//table[contains(@id, \"application-ruinventorylist-display-component---Master--tableRuInventoryList-listUl\")]/tbody/tr[1]/td[6]/div/span"}
COMMAND: GET /session/a04e8b17cccf81c307ac8c5bdd3012da/screenshot - {}
RESULT: {"using":"xpath","value":"//table[contains(@id, \"application-ruinventorylist-display-component---Master--tableRuInventoryList-listUl\")]/tbody/tr[1]/td[6]/div/span"}
COMMAND: POST /session/a04e8b17cccf81c307ac8c5bdd3012da/execute/sync - {"script":"<script> [56 bytes]","args":[{"element-6066-11e4-a52e-4f735466cecf":"f.ABFAD7D56B06A6D2CA676A1F0455247C.d.9BD13AE519DEB927D0C848A88E09BC3F.e.6534","ELEMENT":"f.ABFAD7D56B06A6D2CA676A1F0455247C.d.9BD13AE519DEB927D0C848A88E09BC3F.e.6534"}]}
RESULT: {}
RESULT: {"script":"<script> [56 bytes]","args":[{"element-6066-11e4-a52e-4f735466cecf":"f.ABFAD7D56B06A6D2CA676A1F0455247C.d.9BD13AE519DEB927D0C848A88E09BC3F.e.6534","ELEMENT":"f.ABFAD7D56B06A6D2CA676A1F0455247C.d.9BD13AE519DEB927D0C848A88E09BC3F.e.6534"}]}
COMMAND: POST /session/a04e8b17cccf81c307ac8c5bdd3012da/element - {"using":"xpath","value":"//div[contains(@id, \"smartFilterBar-btnBasicSearch-reset\")]"}
COMMAND: GET /session/a04e8b17cccf81c307ac8c5bdd3012da/screenshot - {}
RESULT: {"using":"xpath","value":"//div[contains(@id, \"smartFilterBar-btnBasicSearch-reset\")]"}
COMMAND: POST /session/a04e8b17cccf81c307ac8c5bdd3012da/element/f.ABFAD7D56B06A6D2CA676A1F0455247C.d.9BD13AE519DEB927D0C848A88E09BC3F.e.5634/click - {}
RESULT: {}
RESULT: {}
COMMAND: GET /session/a04e8b17cccf81c307ac8c5bdd3012da/screenshot - {}
RESULT: {}
COMMAND: POST /session/a04e8b17cccf81c307ac8c5bdd3012da/element/f.ABFAD7D56B06A6D2CA676A1F0455247C.d.9BD13AE519DEB927D0C848A88E09BC3F.e.5072/click - {}
RESULT: {}
COMMAND: GET /session/a04e8b17cccf81c307ac8c5bdd3012da/screenshot - {}
RESULT: {}
RESULT: undefined
COMMAND: POST /session/a04e8b17cccf81c307ac8c5bdd3012da/execute/async - {"script":"<script> [776 bytes]","args":[{"enterText":"600002","selector":{"id":"application-ruinventorylist-display-component---Master--smartFilterBar-btnBasicSearch","interaction":{"idSuffix":"I"}},"clearTextFirst":true,"interactionType":"ENTER_TEXT"}]}
RESULT: {"script":"<script> [776 bytes]","args":[{"enterText":"600002","selector":{"id":"application-ruinventorylist-display-component---Master--smartFilterBar-btnBasicSearch","interaction":{"idSuffix":"I"}},"clearTextFirst":true,"interactionType":"ENTER_TEXT"}]}
COMMAND: POST /session/a04e8b17cccf81c307ac8c5bdd3012da/actions - {"actions":[{"id":"action31","type":"key","parameters":{},"actions":[{"type":"keyDown","value":""},{"type":"pause","duration":10},{"type":"keyUp","value":""}]}]}
RESULT: {"actions":[{"id":"action31","type":"key","parameters":{},"actions":[{"type":"keyDown","value":""},{"type":"pause","duration":10},{"type":"keyUp","value":""}]}]}
COMMAND: GET /session/a04e8b17cccf81c307ac8c5bdd3012da/screenshot - {}
RESULT: {}
COMMAND: POST /session/a04e8b17cccf81c307ac8c5bdd3012da/element - {"using":"xpath","value":"//span[@id=\"application-ruinventorylist-display-component---Master--smartTableRuInventoryList-header-inner\"]"}
RESULT: {"using":"xpath","value":"//span[@id=\"application-ruinventorylist-display-component---Master--smartTableRuInventoryList-header-inner\"]"}
COMMAND: POST /session/a04e8b17cccf81c307ac8c5bdd3012da/elements - {"using":"xpath","value":"//span[@id=\"application-ruinventorylist-display-component---Master--smartTableRuInventoryList-header-inner\"]"}
RESULT: {"using":"xpath","value":"//span[@id=\"application-ruinventorylist-display-component---Master--smartTableRuInventoryList-header-inner\"]"}
COMMAND: POST /session/a04e8b17cccf81c307ac8c5bdd3012da/execute/sync - {"script":"<script> [56 bytes]","args":[{"element-6066-11e4-a52e-4f735466cecf":"f.ABFAD7D56B06A6D2CA676A1F0455247C.d.9BD13AE519DEB927D0C848A88E09BC3F.e.5618","ELEMENT":"f.ABFAD7D56B06A6D2CA676A1F0455247C.d.9BD13AE519DEB927D0C848A88E09BC3F.e.5618"}]}
RESULT: {"script":"<script> [56 bytes]","args":[{"element-6066-11e4-a52e-4f735466cecf":"f.ABFAD7D56B06A6D2CA676A1F0455247C.d.9BD13AE519DEB927D0C848A88E09BC3F.e.5618","ELEMENT":"f.ABFAD7D56B06A6D2CA676A1F0455247C.d.9BD13AE519DEB927D0C848A88E09BC3F.e.5618"}]}
COMMAND: POST /session/a04e8b17cccf81c307ac8c5bdd3012da/element - {"using":"xpath","value":"//table[contains(@id, \"application-ruinventorylist-display-component---Master--tableRuInventoryList-listUl\")]/tbody/tr[1]/td[2]/div/div"}
COMMAND: GET /session/a04e8b17cccf81c307ac8c5bdd3012da/screenshot - {}
RESULT: {"using":"xpath","value":"//table[contains(@id, \"application-ruinventorylist-display-component---Master--tableRuInventoryList-listUl\")]/tbody/tr[1]/td[2]/div/div"}
COMMAND: POST /session/a04e8b17cccf81c307ac8c5bdd3012da/element/f.ABFAD7D56B06A6D2CA676A1F0455247C.d.9BD13AE519DEB927D0C848A88E09BC3F.e.6778/click - {}
RESULT: {}
RESULT: {}
COMMAND: GET /session/a04e8b17cccf81c307ac8c5bdd3012da/screenshot - {}
RESULT: {}
COMMAND: POST /session/a04e8b17cccf81c307ac8c5bdd3012da/element - {"using":"xpath","value":"//div[contains(@id, \"smartFilterBar-btnBasicSearch-reset\")]"}
RESULT: {"using":"xpath","value":"//div[contains(@id, \"smartFilterBar-btnBasicSearch-reset\")]"}
COMMAND: POST /session/a04e8b17cccf81c307ac8c5bdd3012da/element/f.ABFAD7D56B06A6D2CA676A1F0455247C.d.9BD13AE519DEB927D0C848A88E09BC3F.e.5634/click - {}
RESULT: {}
COMMAND: GET /session/a04e8b17cccf81c307ac8c5bdd3012da/screenshot - {}
RESULT: {}
RESULT: undefined
COMMAND: POST /session/a04e8b17cccf81c307ac8c5bdd3012da/execute/async - {"script":"<script> [776 bytes]","args":[{"enterText":"401002","selector":{"id":"application-ruinventorylist-display-component---Master--smartFilterBar-btnBasicSearch","interaction":{"idSuffix":"I"}},"clearTextFirst":true,"interactionType":"ENTER_TEXT"}]}
RESULT: {"script":"<script> [776 bytes]","args":[{"enterText":"401002","selector":{"id":"application-ruinventorylist-display-component---Master--smartFilterBar-btnBasicSearch","interaction":{"idSuffix":"I"}},"clearTextFirst":true,"interactionType":"ENTER_TEXT"}]}
COMMAND: POST /session/a04e8b17cccf81c307ac8c5bdd3012da/actions - {"actions":[{"id":"action32","type":"key","parameters":{},"actions":[{"type":"keyDown","value":""},{"type":"pause","duration":10},{"type":"keyUp","value":""}]}]}
RESULT: {"actions":[{"id":"action32","type":"key","parameters":{},"actions":[{"type":"keyDown","value":""},{"type":"pause","duration":10},{"type":"keyUp","value":""}]}]}
COMMAND: GET /session/a04e8b17cccf81c307ac8c5bdd3012da/screenshot - {}
RESULT: {}
COMMAND: POST /session/a04e8b17cccf81c307ac8c5bdd3012da/element - {"using":"xpath","value":"//span[@id=\"application-ruinventorylist-display-component---Master--smartTableRuInventoryList-header-inner\"]"}
RESULT: {"using":"xpath","value":"//span[@id=\"application-ruinventorylist-display-component---Master--smartTableRuInventoryList-header-inner\"]"}
COMMAND: POST /session/a04e8b17cccf81c307ac8c5bdd3012da/elements - {"using":"xpath","value":"//span[@id=\"application-ruinventorylist-display-component---Master--smartTableRuInventoryList-header-inner\"]"}
RESULT: {"using":"xpath","value":"//span[@id=\"application-ruinventorylist-display-component---Master--smartTableRuInventoryList-header-inner\"]"}
COMMAND: POST /session/a04e8b17cccf81c307ac8c5bdd3012da/execute/sync - {"script":"<script> [56 bytes]","args":[{"element-6066-11e4-a52e-4f735466cecf":"f.ABFAD7D56B06A6D2CA676A1F0455247C.d.9BD13AE519DEB927D0C848A88E09BC3F.e.5618","ELEMENT":"f.ABFAD7D56B06A6D2CA676A1F0455247C.d.9BD13AE519DEB927D0C848A88E09BC3F.e.5618"}]}
RESULT: {"script":"<script> [56 bytes]","args":[{"element-6066-11e4-a52e-4f735466cecf":"f.ABFAD7D56B06A6D2CA676A1F0455247C.d.9BD13AE519DEB927D0C848A88E09BC3F.e.5618","ELEMENT":"f.ABFAD7D56B06A6D2CA676A1F0455247C.d.9BD13AE519DEB927D0C848A88E09BC3F.e.5618"}]}
COMMAND: POST /session/a04e8b17cccf81c307ac8c5bdd3012da/element - {"using":"xpath","value":"//table[contains(@id, \"application-ruinventorylist-display-component---Master--tableRuInventoryList-listUl\")]/tbody/tr[1]/td[2]/div/div"}
COMMAND: GET /session/a04e8b17cccf81c307ac8c5bdd3012da/screenshot - {}
RESULT: {"using":"xpath","value":"//table[contains(@id, \"application-ruinventorylist-display-component---Master--tableRuInventoryList-listUl\")]/tbody/tr[1]/td[2]/div/div"}
COMMAND: POST /session/a04e8b17cccf81c307ac8c5bdd3012da/element/f.ABFAD7D56B06A6D2CA676A1F0455247C.d.9BD13AE519DEB927D0C848A88E09BC3F.e.6917/click - {}
RESULT: {}
RESULT: {}
COMMAND: GET /session/a04e8b17cccf81c307ac8c5bdd3012da/screenshot - {}
RESULT: {}
COMMAND: POST /session/a04e8b17cccf81c307ac8c5bdd3012da/element - {"using":"xpath","value":"//div[contains(@id, \"smartFilterBar-btnBasicSearch-reset\")]"}
RESULT: {"using":"xpath","value":"//div[contains(@id, \"smartFilterBar-btnBasicSearch-reset\")]"}
COMMAND: POST /session/a04e8b17cccf81c307ac8c5bdd3012da/element/f.ABFAD7D56B06A6D2CA676A1F0455247C.d.9BD13AE519DEB927D0C848A88E09BC3F.e.5634/click - {}
RESULT: {}
COMMAND: GET /session/a04e8b17cccf81c307ac8c5bdd3012da/screenshot - {}
RESULT: {}
RESULT: undefined
COMMAND: POST /session/a04e8b17cccf81c307ac8c5bdd3012da/execute/async - {"script":"<script> [776 bytes]","args":[{"enterText":"Y4zz2NoZop","selector":{"id":"application-ruinventorylist-display-component---Master--smartFilterBar-btnBasicSearch","interaction":{"idSuffix":"I"}},"clearTextFirst":true,"interactionType":"ENTER_TEXT"}]}
RESULT: {"script":"<script> [776 bytes]","args":[{"enterText":"Y4zz2NoZop","selector":{"id":"application-ruinventorylist-display-component---Master--smartFilterBar-btnBasicSearch","interaction":{"idSuffix":"I"}},"clearTextFirst":true,"interactionType":"ENTER_TEXT"}]}
COMMAND: POST /session/a04e8b17cccf81c307ac8c5bdd3012da/actions - {"actions":[{"id":"action33","type":"key","parameters":{},"actions":[{"type":"keyDown","value":""},{"type":"pause","duration":10},{"type":"keyUp","value":""}]}]}
RESULT: {"actions":[{"id":"action33","type":"key","parameters":{},"actions":[{"type":"keyDown","value":""},{"type":"pause","duration":10},{"type":"keyUp","value":""}]}]}
COMMAND: GET /session/a04e8b17cccf81c307ac8c5bdd3012da/screenshot - {}
RESULT: {}
COMMAND: POST /session/a04e8b17cccf81c307ac8c5bdd3012da/element - {"using":"xpath","value":"//span[@id=\"application-ruinventorylist-display-component---Master--smartTableRuInventoryList-header-inner\"]"}
RESULT: {"using":"xpath","value":"//span[@id=\"application-ruinventorylist-display-component---Master--smartTableRuInventoryList-header-inner\"]"}
COMMAND: POST /session/a04e8b17cccf81c307ac8c5bdd3012da/elements - {"using":"xpath","value":"//span[@id=\"application-ruinventorylist-display-component---Master--smartTableRuInventoryList-header-inner\"]"}
RESULT: {"using":"xpath","value":"//span[@id=\"application-ruinventorylist-display-component---Master--smartTableRuInventoryList-header-inner\"]"}
COMMAND: POST /session/a04e8b17cccf81c307ac8c5bdd3012da/execute/sync - {"script":"<script> [56 bytes]","args":[{"element-6066-11e4-a52e-4f735466cecf":"f.ABFAD7D56B06A6D2CA676A1F0455247C.d.9BD13AE519DEB927D0C848A88E09BC3F.e.5618","ELEMENT":"f.ABFAD7D56B06A6D2CA676A1F0455247C.d.9BD13AE519DEB927D0C848A88E09BC3F.e.5618"}]}
RESULT: {"script":"<script> [56 bytes]","args":[{"element-6066-11e4-a52e-4f735466cecf":"f.ABFAD7D56B06A6D2CA676A1F0455247C.d.9BD13AE519DEB927D0C848A88E09BC3F.e.5618","ELEMENT":"f.ABFAD7D56B06A6D2CA676A1F0455247C.d.9BD13AE519DEB927D0C848A88E09BC3F.e.5618"}]}
COMMAND: POST /session/a04e8b17cccf81c307ac8c5bdd3012da/element - {"using":"xpath","value":"//table[contains(@id, \"application-ruinventorylist-display-component---Master--tableRuInventoryList-listUl\")]/tbody/tr[1]/td[2]/div/div"}
COMMAND: GET /session/a04e8b17cccf81c307ac8c5bdd3012da/screenshot - {}
RESULT: {"using":"xpath","value":"//table[contains(@id, \"application-ruinventorylist-display-component---Master--tableRuInventoryList-listUl\")]/tbody/tr[1]/td[2]/div/div"}
COMMAND: POST /session/a04e8b17cccf81c307ac8c5bdd3012da/element/f.ABFAD7D56B06A6D2CA676A1F0455247C.d.9BD13AE519DEB927D0C848A88E09BC3F.e.7060/click - {}
RESULT: {}
RESULT: {}
COMMAND: GET /session/a04e8b17cccf81c307ac8c5bdd3012da/screenshot - {}
RESULT: {}
COMMAND: POST /session/a04e8b17cccf81c307ac8c5bdd3012da/element - {"using":"xpath","value":"//div[contains(@id, \"smartFilterBar-btnBasicSearch-reset\")]"}
RESULT: {"using":"xpath","value":"//div[contains(@id, \"smartFilterBar-btnBasicSearch-reset\")]"}
COMMAND: POST /session/a04e8b17cccf81c307ac8c5bdd3012da/element/f.ABFAD7D56B06A6D2CA676A1F0455247C.d.9BD13AE519DEB927D0C848A88E09BC3F.e.5634/click - {}
RESULT: {}
COMMAND: GET /session/a04e8b17cccf81c307ac8c5bdd3012da/screenshot - {}
RESULT: {}
RESULT: undefined
COMMAND: POST /session/a04e8b17cccf81c307ac8c5bdd3012da/execute/async - {"script":"<script> [776 bytes]","args":[{"enterText":"200109","selector":{"id":"application-ruinventorylist-display-component---Master--smartFilterBar-btnBasicSearch","interaction":{"idSuffix":"I"}},"clearTextFirst":true,"interactionType":"ENTER_TEXT"}]}
RESULT: {"script":"<script> [776 bytes]","args":[{"enterText":"200109","selector":{"id":"application-ruinventorylist-display-component---Master--smartFilterBar-btnBasicSearch","interaction":{"idSuffix":"I"}},"clearTextFirst":true,"interactionType":"ENTER_TEXT"}]}
COMMAND: POST /session/a04e8b17cccf81c307ac8c5bdd3012da/actions - {"actions":[{"id":"action34","type":"key","parameters":{},"actions":[{"type":"keyDown","value":""},{"type":"pause","duration":10},{"type":"keyUp","value":""}]}]}
RESULT: {"actions":[{"id":"action34","type":"key","parameters":{},"actions":[{"type":"keyDown","value":""},{"type":"pause","duration":10},{"type":"keyUp","value":""}]}]}
COMMAND: GET /session/a04e8b17cccf81c307ac8c5bdd3012da/screenshot - {}
RESULT: {}
COMMAND: POST /session/a04e8b17cccf81c307ac8c5bdd3012da/element - {"using":"xpath","value":"//span[@id=\"application-ruinventorylist-display-component---Master--smartTableRuInventoryList-header-inner\"]"}
RESULT: {"using":"xpath","value":"//span[@id=\"application-ruinventorylist-display-component---Master--smartTableRuInventoryList-header-inner\"]"}
COMMAND: POST /session/a04e8b17cccf81c307ac8c5bdd3012da/elements - {"using":"xpath","value":"//span[@id=\"application-ruinventorylist-display-component---Master--smartTableRuInventoryList-header-inner\"]"}
RESULT: {"using":"xpath","value":"//span[@id=\"application-ruinventorylist-display-component---Master--smartTableRuInventoryList-header-inner\"]"}
COMMAND: POST /session/a04e8b17cccf81c307ac8c5bdd3012da/execute/sync - {"script":"<script> [56 bytes]","args":[{"element-6066-11e4-a52e-4f735466cecf":"f.ABFAD7D56B06A6D2CA676A1F0455247C.d.9BD13AE519DEB927D0C848A88E09BC3F.e.5618","ELEMENT":"f.ABFAD7D56B06A6D2CA676A1F0455247C.d.9BD13AE519DEB927D0C848A88E09BC3F.e.5618"}]}
RESULT: {"script":"<script> [56 bytes]","args":[{"element-6066-11e4-a52e-4f735466cecf":"f.ABFAD7D56B06A6D2CA676A1F0455247C.d.9BD13AE519DEB927D0C848A88E09BC3F.e.5618","ELEMENT":"f.ABFAD7D56B06A6D2CA676A1F0455247C.d.9BD13AE519DEB927D0C848A88E09BC3F.e.5618"}]}
COMMAND: POST /session/a04e8b17cccf81c307ac8c5bdd3012da/element - {"using":"xpath","value":"//table[contains(@id, \"application-ruinventorylist-display-component---Master--tableRuInventoryList-listUl\")]/tbody/tr[1]/td[2]/div/div"}
COMMAND: GET /session/a04e8b17cccf81c307ac8c5bdd3012da/screenshot - {}
RESULT: {"using":"xpath","value":"//table[contains(@id, \"application-ruinventorylist-display-component---Master--tableRuInventoryList-listUl\")]/tbody/tr[1]/td[2]/div/div"}
COMMAND: POST /session/a04e8b17cccf81c307ac8c5bdd3012da/element/f.ABFAD7D56B06A6D2CA676A1F0455247C.d.9BD13AE519DEB927D0C848A88E09BC3F.e.7199/click - {}
RESULT: {}
RESULT: {}
COMMAND: GET /session/a04e8b17cccf81c307ac8c5bdd3012da/screenshot - {}
RESULT: {}
COMMAND: POST /session/a04e8b17cccf81c307ac8c5bdd3012da/element - {"using":"xpath","value":"//div[contains(@id, \"smartFilterBar-btnBasicSearch-reset\")]"}
RESULT: {"using":"xpath","value":"//div[contains(@id, \"smartFilterBar-btnBasicSearch-reset\")]"}
COMMAND: POST /session/a04e8b17cccf81c307ac8c5bdd3012da/element/f.ABFAD7D56B06A6D2CA676A1F0455247C.d.9BD13AE519DEB927D0C848A88E09BC3F.e.5634/click - {}
RESULT: {}
COMMAND: GET /session/a04e8b17cccf81c307ac8c5bdd3012da/screenshot - {}
RESULT: {}
COMMAND: POST /session/a04e8b17cccf81c307ac8c5bdd3012da/element/f.ABFAD7D56B06A6D2CA676A1F0455247C.d.9BD13AE519DEB927D0C848A88E09BC3F.e.5072/click - {}
RESULT: {}
COMMAND: GET /session/a04e8b17cccf81c307ac8c5bdd3012da/screenshot - {}
RESULT: {}
RESULT: undefined
COMMAND: POST /session/a04e8b17cccf81c307ac8c5bdd3012da/element - {"using":"xpath","value":"//*[@id=\"application-ruinventorylist-display-component---Master--ruStateTypes-arrow\"]"}
RESULT: {"using":"xpath","value":"//*[@id=\"application-ruinventorylist-display-component---Master--ruStateTypes-arrow\"]"}
COMMAND: POST /session/a04e8b17cccf81c307ac8c5bdd3012da/element/f.ABFAD7D56B06A6D2CA676A1F0455247C.d.9BD13AE519DEB927D0C848A88E09BC3F.e.7357/click - {}
RESULT: {}
COMMAND: GET /session/a04e8b17cccf81c307ac8c5bdd3012da/screenshot - {}
RESULT: {}
COMMAND: POST /session/a04e8b17cccf81c307ac8c5bdd3012da/element - {"using":"xpath","value":"//li[.//span[text()=\"available\"]]"}
RESULT: {"using":"xpath","value":"//li[.//span[text()=\"available\"]]"}
COMMAND: POST /session/a04e8b17cccf81c307ac8c5bdd3012da/element/f.ABFAD7D56B06A6D2CA676A1F0455247C.d.9BD13AE519DEB927D0C848A88E09BC3F.e.7358/click - {}
RESULT: {}
COMMAND: GET /session/a04e8b17cccf81c307ac8c5bdd3012da/screenshot - {}
RESULT: {}
COMMAND: POST /session/a04e8b17cccf81c307ac8c5bdd3012da/element - {"using":"xpath","value":"(//bdi[contains(text(), \"OK\")])[1]"}
RESULT: {"using":"xpath","value":"(//bdi[contains(text(), \"OK\")])[1]"}
COMMAND: POST /session/a04e8b17cccf81c307ac8c5bdd3012da/element/f.ABFAD7D56B06A6D2CA676A1F0455247C.d.9BD13AE519DEB927D0C848A88E09BC3F.e.7359/click - {}
RESULT: {}
COMMAND: GET /session/a04e8b17cccf81c307ac8c5bdd3012da/screenshot - {}
RESULT: {}
COMMAND: POST /session/a04e8b17cccf81c307ac8c5bdd3012da/element - {"using":"xpath","value":"(//bdi[contains(text(), \"OK\")])[2]"}
RESULT: {"using":"xpath","value":"(//bdi[contains(text(), \"OK\")])[2]"}
COMMAND: POST /session/a04e8b17cccf81c307ac8c5bdd3012da/element/f.ABFAD7D56B06A6D2CA676A1F0455247C.d.9BD13AE519DEB927D0C848A88E09BC3F.e.7364/click - {}
RESULT: {}
COMMAND: GET /session/a04e8b17cccf81c307ac8c5bdd3012da/screenshot - {}
RESULT: {}
RESULT: undefined
COMMAND: POST /session/a04e8b17cccf81c307ac8c5bdd3012da/execute/async - {"script":"<script> [776 bytes]","args":[{"enterText":"600002","selector":{"id":"application-ruinventorylist-display-component---Master--smartFilterBar-btnBasicSearch","interaction":{"idSuffix":"I"}},"clearTextFirst":true,"interactionType":"ENTER_TEXT"}]}
RESULT: {"script":"<script> [776 bytes]","args":[{"enterText":"600002","selector":{"id":"application-ruinventorylist-display-component---Master--smartFilterBar-btnBasicSearch","interaction":{"idSuffix":"I"}},"clearTextFirst":true,"interactionType":"ENTER_TEXT"}]}
COMMAND: POST /session/a04e8b17cccf81c307ac8c5bdd3012da/actions - {"actions":[{"id":"action35","type":"key","parameters":{},"actions":[{"type":"keyDown","value":""},{"type":"pause","duration":10},{"type":"keyUp","value":""}]}]}
RESULT: {"actions":[{"id":"action35","type":"key","parameters":{},"actions":[{"type":"keyDown","value":""},{"type":"pause","duration":10},{"type":"keyUp","value":""}]}]}
COMMAND: GET /session/a04e8b17cccf81c307ac8c5bdd3012da/screenshot - {}
RESULT: {}
COMMAND: POST /session/a04e8b17cccf81c307ac8c5bdd3012da/element - {"using":"xpath","value":"//span[@id=\"application-ruinventorylist-display-component---Master--smartTableRuInventoryList-header-inner\"]"}
RESULT: {"using":"xpath","value":"//span[@id=\"application-ruinventorylist-display-component---Master--smartTableRuInventoryList-header-inner\"]"}
COMMAND: POST /session/a04e8b17cccf81c307ac8c5bdd3012da/elements - {"using":"xpath","value":"//span[@id=\"application-ruinventorylist-display-component---Master--smartTableRuInventoryList-header-inner\"]"}
RESULT: {"using":"xpath","value":"//span[@id=\"application-ruinventorylist-display-component---Master--smartTableRuInventoryList-header-inner\"]"}
COMMAND: POST /session/a04e8b17cccf81c307ac8c5bdd3012da/execute/sync - {"script":"<script> [56 bytes]","args":[{"element-6066-11e4-a52e-4f735466cecf":"f.ABFAD7D56B06A6D2CA676A1F0455247C.d.9BD13AE519DEB927D0C848A88E09BC3F.e.5618","ELEMENT":"f.ABFAD7D56B06A6D2CA676A1F0455247C.d.9BD13AE519DEB927D0C848A88E09BC3F.e.5618"}]}
RESULT: {"script":"<script> [56 bytes]","args":[{"element-6066-11e4-a52e-4f735466cecf":"f.ABFAD7D56B06A6D2CA676A1F0455247C.d.9BD13AE519DEB927D0C848A88E09BC3F.e.5618","ELEMENT":"f.ABFAD7D56B06A6D2CA676A1F0455247C.d.9BD13AE519DEB927D0C848A88E09BC3F.e.5618"}]}
COMMAND: POST /session/a04e8b17cccf81c307ac8c5bdd3012da/element - {"using":"xpath","value":"//table[contains(@id, \"application-ruinventorylist-display-component---Master--tableRuInventoryList-listUl\")]/tbody/tr[1]/td[6]/div/span"}
COMMAND: GET /session/a04e8b17cccf81c307ac8c5bdd3012da/screenshot - {}
RESULT: {"using":"xpath","value":"//table[contains(@id, \"application-ruinventorylist-display-component---Master--tableRuInventoryList-listUl\")]/tbody/tr[1]/td[6]/div/span"}
COMMAND: POST /session/a04e8b17cccf81c307ac8c5bdd3012da/execute/sync - {"script":"<script> [56 bytes]","args":[{"element-6066-11e4-a52e-4f735466cecf":"f.ABFAD7D56B06A6D2CA676A1F0455247C.d.9BD13AE519DEB927D0C848A88E09BC3F.e.7384","ELEMENT":"f.ABFAD7D56B06A6D2CA676A1F0455247C.d.9BD13AE519DEB927D0C848A88E09BC3F.e.7384"}]}
RESULT: {}
RESULT: {"script":"<script> [56 bytes]","args":[{"element-6066-11e4-a52e-4f735466cecf":"f.ABFAD7D56B06A6D2CA676A1F0455247C.d.9BD13AE519DEB927D0C848A88E09BC3F.e.7384","ELEMENT":"f.ABFAD7D56B06A6D2CA676A1F0455247C.d.9BD13AE519DEB927D0C848A88E09BC3F.e.7384"}]}
COMMAND: POST /session/a04e8b17cccf81c307ac8c5bdd3012da/element - {"using":"xpath","value":"//div[contains(@id, \"smartFilterBar-btnBasicSearch-reset\")]"}
COMMAND: GET /session/a04e8b17cccf81c307ac8c5bdd3012da/screenshot - {}
RESULT: {"using":"xpath","value":"//div[contains(@id, \"smartFilterBar-btnBasicSearch-reset\")]"}
COMMAND: POST /session/a04e8b17cccf81c307ac8c5bdd3012da/element/f.ABFAD7D56B06A6D2CA676A1F0455247C.d.9BD13AE519DEB927D0C848A88E09BC3F.e.5634/click - {}
RESULT: {}
RESULT: {}
COMMAND: GET /session/a04e8b17cccf81c307ac8c5bdd3012da/screenshot - {}
RESULT: {}
RESULT: undefined
COMMAND: POST /session/a04e8b17cccf81c307ac8c5bdd3012da/execute/async - {"script":"<script> [776 bytes]","args":[{"enterText":"401002","selector":{"id":"application-ruinventorylist-display-component---Master--smartFilterBar-btnBasicSearch","interaction":{"idSuffix":"I"}},"clearTextFirst":true,"interactionType":"ENTER_TEXT"}]}
RESULT: {"script":"<script> [776 bytes]","args":[{"enterText":"401002","selector":{"id":"application-ruinventorylist-display-component---Master--smartFilterBar-btnBasicSearch","interaction":{"idSuffix":"I"}},"clearTextFirst":true,"interactionType":"ENTER_TEXT"}]}
COMMAND: POST /session/a04e8b17cccf81c307ac8c5bdd3012da/actions - {"actions":[{"id":"action36","type":"key","parameters":{},"actions":[{"type":"keyDown","value":""},{"type":"pause","duration":10},{"type":"keyUp","value":""}]}]}
RESULT: {"actions":[{"id":"action36","type":"key","parameters":{},"actions":[{"type":"keyDown","value":""},{"type":"pause","duration":10},{"type":"keyUp","value":""}]}]}
COMMAND: GET /session/a04e8b17cccf81c307ac8c5bdd3012da/screenshot - {}
RESULT: {}
COMMAND: POST /session/a04e8b17cccf81c307ac8c5bdd3012da/element - {"using":"xpath","value":"//span[@id=\"application-ruinventorylist-display-component---Master--smartTableRuInventoryList-header-inner\"]"}
RESULT: {"using":"xpath","value":"//span[@id=\"application-ruinventorylist-display-component---Master--smartTableRuInventoryList-header-inner\"]"}
COMMAND: POST /session/a04e8b17cccf81c307ac8c5bdd3012da/elements - {"using":"xpath","value":"//span[@id=\"application-ruinventorylist-display-component---Master--smartTableRuInventoryList-header-inner\"]"}
RESULT: {"using":"xpath","value":"//span[@id=\"application-ruinventorylist-display-component---Master--smartTableRuInventoryList-header-inner\"]"}
COMMAND: POST /session/a04e8b17cccf81c307ac8c5bdd3012da/execute/sync - {"script":"<script> [56 bytes]","args":[{"element-6066-11e4-a52e-4f735466cecf":"f.ABFAD7D56B06A6D2CA676A1F0455247C.d.9BD13AE519DEB927D0C848A88E09BC3F.e.5618","ELEMENT":"f.ABFAD7D56B06A6D2CA676A1F0455247C.d.9BD13AE519DEB927D0C848A88E09BC3F.e.5618"}]}
RESULT: {"script":"<script> [56 bytes]","args":[{"element-6066-11e4-a52e-4f735466cecf":"f.ABFAD7D56B06A6D2CA676A1F0455247C.d.9BD13AE519DEB927D0C848A88E09BC3F.e.5618","ELEMENT":"f.ABFAD7D56B06A6D2CA676A1F0455247C.d.9BD13AE519DEB927D0C848A88E09BC3F.e.5618"}]}
COMMAND: POST /session/a04e8b17cccf81c307ac8c5bdd3012da/element - {"using":"xpath","value":"//table[contains(@id, \"application-ruinventorylist-display-component---Master--tableRuInventoryList-listUl\")]/tbody/tr[1]/td[6]/div/span"}
COMMAND: GET /session/a04e8b17cccf81c307ac8c5bdd3012da/screenshot - {}
RESULT: {"using":"xpath","value":"//table[contains(@id, \"application-ruinventorylist-display-component---Master--tableRuInventoryList-listUl\")]/tbody/tr[1]/td[6]/div/span"}
COMMAND: POST /session/a04e8b17cccf81c307ac8c5bdd3012da/execute/sync - {"script":"<script> [56 bytes]","args":[{"element-6066-11e4-a52e-4f735466cecf":"f.ABFAD7D56B06A6D2CA676A1F0455247C.d.9BD13AE519DEB927D0C848A88E09BC3F.e.7466","ELEMENT":"f.ABFAD7D56B06A6D2CA676A1F0455247C.d.9BD13AE519DEB927D0C848A88E09BC3F.e.7466"}]}
RESULT: {}
RESULT: {"script":"<script> [56 bytes]","args":[{"element-6066-11e4-a52e-4f735466cecf":"f.ABFAD7D56B06A6D2CA676A1F0455247C.d.9BD13AE519DEB927D0C848A88E09BC3F.e.7466","ELEMENT":"f.ABFAD7D56B06A6D2CA676A1F0455247C.d.9BD13AE519DEB927D0C848A88E09BC3F.e.7466"}]}
COMMAND: POST /session/a04e8b17cccf81c307ac8c5bdd3012da/element - {"using":"xpath","value":"//div[contains(@id, \"smartFilterBar-btnBasicSearch-reset\")]"}
COMMAND: GET /session/a04e8b17cccf81c307ac8c5bdd3012da/screenshot - {}
RESULT: {"using":"xpath","value":"//div[contains(@id, \"smartFilterBar-btnBasicSearch-reset\")]"}
COMMAND: POST /session/a04e8b17cccf81c307ac8c5bdd3012da/element/f.ABFAD7D56B06A6D2CA676A1F0455247C.d.9BD13AE519DEB927D0C848A88E09BC3F.e.5634/click - {}
RESULT: {}
RESULT: {}
COMMAND: GET /session/a04e8b17cccf81c307ac8c5bdd3012da/screenshot - {}
RESULT: {}
RESULT: undefined
COMMAND: POST /session/a04e8b17cccf81c307ac8c5bdd3012da/execute/async - {"script":"<script> [776 bytes]","args":[{"enterText":"Y4zz2NoZop","selector":{"id":"application-ruinventorylist-display-component---Master--smartFilterBar-btnBasicSearch","interaction":{"idSuffix":"I"}},"clearTextFirst":true,"interactionType":"ENTER_TEXT"}]}
RESULT: {"script":"<script> [776 bytes]","args":[{"enterText":"Y4zz2NoZop","selector":{"id":"application-ruinventorylist-display-component---Master--smartFilterBar-btnBasicSearch","interaction":{"idSuffix":"I"}},"clearTextFirst":true,"interactionType":"ENTER_TEXT"}]}
COMMAND: POST /session/a04e8b17cccf81c307ac8c5bdd3012da/actions - {"actions":[{"id":"action37","type":"key","parameters":{},"actions":[{"type":"keyDown","value":""},{"type":"pause","duration":10},{"type":"keyUp","value":""}]}]}
RESULT: {"actions":[{"id":"action37","type":"key","parameters":{},"actions":[{"type":"keyDown","value":""},{"type":"pause","duration":10},{"type":"keyUp","value":""}]}]}
COMMAND: GET /session/a04e8b17cccf81c307ac8c5bdd3012da/screenshot - {}
RESULT: {}
COMMAND: POST /session/a04e8b17cccf81c307ac8c5bdd3012da/element - {"using":"xpath","value":"//span[@id=\"application-ruinventorylist-display-component---Master--smartTableRuInventoryList-header-inner\"]"}
RESULT: {"using":"xpath","value":"//span[@id=\"application-ruinventorylist-display-component---Master--smartTableRuInventoryList-header-inner\"]"}
COMMAND: POST /session/a04e8b17cccf81c307ac8c5bdd3012da/elements - {"using":"xpath","value":"//span[@id=\"application-ruinventorylist-display-component---Master--smartTableRuInventoryList-header-inner\"]"}
RESULT: {"using":"xpath","value":"//span[@id=\"application-ruinventorylist-display-component---Master--smartTableRuInventoryList-header-inner\"]"}
COMMAND: POST /session/a04e8b17cccf81c307ac8c5bdd3012da/execute/sync - {"script":"<script> [56 bytes]","args":[{"element-6066-11e4-a52e-4f735466cecf":"f.ABFAD7D56B06A6D2CA676A1F0455247C.d.9BD13AE519DEB927D0C848A88E09BC3F.e.5618","ELEMENT":"f.ABFAD7D56B06A6D2CA676A1F0455247C.d.9BD13AE519DEB927D0C848A88E09BC3F.e.5618"}]}
RESULT: {"script":"<script> [56 bytes]","args":[{"element-6066-11e4-a52e-4f735466cecf":"f.ABFAD7D56B06A6D2CA676A1F0455247C.d.9BD13AE519DEB927D0C848A88E09BC3F.e.5618","ELEMENT":"f.ABFAD7D56B06A6D2CA676A1F0455247C.d.9BD13AE519DEB927D0C848A88E09BC3F.e.5618"}]}
COMMAND: POST /session/a04e8b17cccf81c307ac8c5bdd3012da/element - {"using":"xpath","value":"//table[contains(@id, \"application-ruinventorylist-display-component---Master--tableRuInventoryList-listUl\")]/tbody/tr[1]/td[6]/div/span"}
COMMAND: GET /session/a04e8b17cccf81c307ac8c5bdd3012da/screenshot - {}
RESULT: {"using":"xpath","value":"//table[contains(@id, \"application-ruinventorylist-display-component---Master--tableRuInventoryList-listUl\")]/tbody/tr[1]/td[6]/div/span"}
COMMAND: POST /session/a04e8b17cccf81c307ac8c5bdd3012da/execute/sync - {"script":"<script> [56 bytes]","args":[{"element-6066-11e4-a52e-4f735466cecf":"f.ABFAD7D56B06A6D2CA676A1F0455247C.d.9BD13AE519DEB927D0C848A88E09BC3F.e.7545","ELEMENT":"f.ABFAD7D56B06A6D2CA676A1F0455247C.d.9BD13AE519DEB927D0C848A88E09BC3F.e.7545"}]}
RESULT: {}
RESULT: {"script":"<script> [56 bytes]","args":[{"element-6066-11e4-a52e-4f735466cecf":"f.ABFAD7D56B06A6D2CA676A1F0455247C.d.9BD13AE519DEB927D0C848A88E09BC3F.e.7545","ELEMENT":"f.ABFAD7D56B06A6D2CA676A1F0455247C.d.9BD13AE519DEB927D0C848A88E09BC3F.e.7545"}]}
COMMAND: POST /session/a04e8b17cccf81c307ac8c5bdd3012da/element - {"using":"xpath","value":"//div[contains(@id, \"smartFilterBar-btnBasicSearch-reset\")]"}
COMMAND: GET /session/a04e8b17cccf81c307ac8c5bdd3012da/screenshot - {}
RESULT: {"using":"xpath","value":"//div[contains(@id, \"smartFilterBar-btnBasicSearch-reset\")]"}
COMMAND: POST /session/a04e8b17cccf81c307ac8c5bdd3012da/element/f.ABFAD7D56B06A6D2CA676A1F0455247C.d.9BD13AE519DEB927D0C848A88E09BC3F.e.5634/click - {}
RESULT: {}
RESULT: {}
COMMAND: GET /session/a04e8b17cccf81c307ac8c5bdd3012da/screenshot - {}
RESULT: {}
RESULT: undefined
COMMAND: POST /session/a04e8b17cccf81c307ac8c5bdd3012da/execute/async - {"script":"<script> [776 bytes]","args":[{"enterText":"200109","selector":{"id":"application-ruinventorylist-display-component---Master--smartFilterBar-btnBasicSearch","interaction":{"idSuffix":"I"}},"clearTextFirst":true,"interactionType":"ENTER_TEXT"}]}
RESULT: {"script":"<script> [776 bytes]","args":[{"enterText":"200109","selector":{"id":"application-ruinventorylist-display-component---Master--smartFilterBar-btnBasicSearch","interaction":{"idSuffix":"I"}},"clearTextFirst":true,"interactionType":"ENTER_TEXT"}]}
COMMAND: POST /session/a04e8b17cccf81c307ac8c5bdd3012da/actions - {"actions":[{"id":"action38","type":"key","parameters":{},"actions":[{"type":"keyDown","value":""},{"type":"pause","duration":10},{"type":"keyUp","value":""}]}]}
RESULT: {"actions":[{"id":"action38","type":"key","parameters":{},"actions":[{"type":"keyDown","value":""},{"type":"pause","duration":10},{"type":"keyUp","value":""}]}]}
COMMAND: GET /session/a04e8b17cccf81c307ac8c5bdd3012da/screenshot - {}
RESULT: {}
COMMAND: POST /session/a04e8b17cccf81c307ac8c5bdd3012da/element - {"using":"xpath","value":"//span[@id=\"application-ruinventorylist-display-component---Master--smartTableRuInventoryList-header-inner\"]"}
RESULT: {"using":"xpath","value":"//span[@id=\"application-ruinventorylist-display-component---Master--smartTableRuInventoryList-header-inner\"]"}
COMMAND: POST /session/a04e8b17cccf81c307ac8c5bdd3012da/elements - {"using":"xpath","value":"//span[@id=\"application-ruinventorylist-display-component---Master--smartTableRuInventoryList-header-inner\"]"}
RESULT: {"using":"xpath","value":"//span[@id=\"application-ruinventorylist-display-component---Master--smartTableRuInventoryList-header-inner\"]"}
COMMAND: POST /session/a04e8b17cccf81c307ac8c5bdd3012da/execute/sync - {"script":"<script> [56 bytes]","args":[{"element-6066-11e4-a52e-4f735466cecf":"f.ABFAD7D56B06A6D2CA676A1F0455247C.d.9BD13AE519DEB927D0C848A88E09BC3F.e.5618","ELEMENT":"f.ABFAD7D56B06A6D2CA676A1F0455247C.d.9BD13AE519DEB927D0C848A88E09BC3F.e.5618"}]}
RESULT: {"script":"<script> [56 bytes]","args":[{"element-6066-11e4-a52e-4f735466cecf":"f.ABFAD7D56B06A6D2CA676A1F0455247C.d.9BD13AE519DEB927D0C848A88E09BC3F.e.5618","ELEMENT":"f.ABFAD7D56B06A6D2CA676A1F0455247C.d.9BD13AE519DEB927D0C848A88E09BC3F.e.5618"}]}
COMMAND: POST /session/a04e8b17cccf81c307ac8c5bdd3012da/element - {"using":"xpath","value":"//table[contains(@id, \"application-ruinventorylist-display-component---Master--tableRuInventoryList-listUl\")]/tbody/tr[1]/td[6]/div/span"}
COMMAND: GET /session/a04e8b17cccf81c307ac8c5bdd3012da/screenshot - {}
RESULT: {"using":"xpath","value":"//table[contains(@id, \"application-ruinventorylist-display-component---Master--tableRuInventoryList-listUl\")]/tbody/tr[1]/td[6]/div/span"}
COMMAND: POST /session/a04e8b17cccf81c307ac8c5bdd3012da/execute/sync - {"script":"<script> [56 bytes]","args":[{"element-6066-11e4-a52e-4f735466cecf":"f.ABFAD7D56B06A6D2CA676A1F0455247C.d.9BD13AE519DEB927D0C848A88E09BC3F.e.7625","ELEMENT":"f.ABFAD7D56B06A6D2CA676A1F0455247C.d.9BD13AE519DEB927D0C848A88E09BC3F.e.7625"}]}
RESULT: {}
RESULT: {"script":"<script> [56 bytes]","args":[{"element-6066-11e4-a52e-4f735466cecf":"f.ABFAD7D56B06A6D2CA676A1F0455247C.d.9BD13AE519DEB927D0C848A88E09BC3F.e.7625","ELEMENT":"f.ABFAD7D56B06A6D2CA676A1F0455247C.d.9BD13AE519DEB927D0C848A88E09BC3F.e.7625"}]}
COMMAND: POST /session/a04e8b17cccf81c307ac8c5bdd3012da/element - {"using":"xpath","value":"//div[contains(@id, \"smartFilterBar-btnBasicSearch-reset\")]"}
COMMAND: GET /session/a04e8b17cccf81c307ac8c5bdd3012da/screenshot - {}
RESULT: {"using":"xpath","value":"//div[contains(@id, \"smartFilterBar-btnBasicSearch-reset\")]"}
COMMAND: POST /session/a04e8b17cccf81c307ac8c5bdd3012da/element/f.ABFAD7D56B06A6D2CA676A1F0455247C.d.9BD13AE519DEB927D0C848A88E09BC3F.e.5634/click - {}
RESULT: {}
RESULT: {}
COMMAND: GET /session/a04e8b17cccf81c307ac8c5bdd3012da/screenshot - {}
RESULT: {}
COMMAND: POST /session/a04e8b17cccf81c307ac8c5bdd3012da/element - {"using":"css selector","value":"#shell-header-logo"}
RESULT: {"using":"css selector","value":"#shell-header-logo"}
COMMAND: POST /session/a04e8b17cccf81c307ac8c5bdd3012da/element/f.ABFAD7D56B06A6D2CA676A1F0455247C.d.9BD13AE519DEB927D0C848A88E09BC3F.e.5022/click - {}
RESULT: {}
COMMAND: GET /session/a04e8b17cccf81c307ac8c5bdd3012da/screenshot - {}
RESULT: {}
COMMAND: DELETE /session/a04e8b17cccf81c307ac8c5bdd3012da - {}
RESULT: {}
]]></system-out>
    </testcase>
  </testsuite>
</testsuites>