<?xml version="1.0" encoding="UTF-8"?>
<testsuites tests="48" failures="10" errors="10" skipped="0">
  <testsuite timestamp="2025-04-24T17:20:13" time="893.961" tests="12" failures="10" errors="10" skipped="0">
    <properties>
      <property name="specId" value="0" />
      <property name="suiteName" value="Billing Transfer - Master data &amp; Intercompany US127250" />
      <property name="capabilities" value="chrome.135_0_7049_96.windows" />
      <property name="file" value="file:///D:/a/1/s/test/specs/BTS/billing-transfer-intercompany.spec.js" />
    </properties>
    <testcase classname="chrome.135_0_7049_96.windows.Billing_Transfer_-_Master_data_&amp;_Intercompany_US127250" name="Should create a new yard" time="113.614">
      <system-out><![CDATA[
COMMAND: POST /session/fd95c45ccda87168f56760c12bc05b9d/window/fullscreen - {}
RESULT: {}
COMMAND: POST /session/fd95c45ccda87168f56760c12bc05b9d/execute/async - {"script":"<script> [1562 bytes]","args":[{"selector":{"controlType":"sap.m.GenericTile","properties":{"header":"Manage Yards"}},"wdio_ui5_key":"sapm.GenericTile{\"header\":\"Manage Yards\"}"}]}
RESULT: {"script":"<script> [1562 bytes]","args":[{"selector":{"controlType":"sap.m.GenericTile","properties":{"header":"Manage Yards"}},"wdio_ui5_key":"sapm.GenericTile{\"header\":\"Manage Yards\"}"}]}
RESULT: undefined
COMMAND: POST /session/fd95c45ccda87168f56760c12bc05b9d/element - {"using":"xpath","value":"//*[@id=\"__tile41\"]"}
RESULT: {"using":"xpath","value":"//*[@id=\"__tile41\"]"}
COMMAND: POST /session/fd95c45ccda87168f56760c12bc05b9d/element/f.1202D19FA9159A4DFC5EAE9C490348A6.d.69BF4D50BBA5E31CCCD217F7BC44179F.e.159/click - {}
RESULT: {}
COMMAND: POST /session/fd95c45ccda87168f56760c12bc05b9d/element - {"using":"xpath","value":"//button[@data-kt=\"addNewYardOverflowToolbarButton\"]"}
COMMAND: GET /session/fd95c45ccda87168f56760c12bc05b9d/screenshot - {}
RESULT: {"using":"xpath","value":"//button[@data-kt=\"addNewYardOverflowToolbarButton\"]"}
COMMAND: POST /session/fd95c45ccda87168f56760c12bc05b9d/elements - {"using":"xpath","value":"//button[@data-kt=\"addNewYardOverflowToolbarButton\"]"}
RESULT: {}
RESULT: {"using":"xpath","value":"//button[@data-kt=\"addNewYardOverflowToolbarButton\"]"}
COMMAND: POST /session/fd95c45ccda87168f56760c12bc05b9d/elements - {"using":"xpath","value":"//button[@data-kt=\"addNewYardOverflowToolbarButton\"]"}
RESULT: {"using":"xpath","value":"//button[@data-kt=\"addNewYardOverflowToolbarButton\"]"}
COMMAND: POST /session/fd95c45ccda87168f56760c12bc05b9d/elements - {"using":"xpath","value":"//button[@data-kt=\"addNewYardOverflowToolbarButton\"]"}
RESULT: {"using":"xpath","value":"//button[@data-kt=\"addNewYardOverflowToolbarButton\"]"}
COMMAND: POST /session/fd95c45ccda87168f56760c12bc05b9d/elements - {"using":"xpath","value":"//button[@data-kt=\"addNewYardOverflowToolbarButton\"]"}
RESULT: {"using":"xpath","value":"//button[@data-kt=\"addNewYardOverflowToolbarButton\"]"}
COMMAND: POST /session/fd95c45ccda87168f56760c12bc05b9d/elements - {"using":"xpath","value":"//button[@data-kt=\"addNewYardOverflowToolbarButton\"]"}
RESULT: {"using":"xpath","value":"//button[@data-kt=\"addNewYardOverflowToolbarButton\"]"}
COMMAND: POST /session/fd95c45ccda87168f56760c12bc05b9d/elements - {"using":"xpath","value":"//button[@data-kt=\"addNewYardOverflowToolbarButton\"]"}
RESULT: {"using":"xpath","value":"//button[@data-kt=\"addNewYardOverflowToolbarButton\"]"}
COMMAND: POST /session/fd95c45ccda87168f56760c12bc05b9d/elements - {"using":"xpath","value":"//button[@data-kt=\"addNewYardOverflowToolbarButton\"]"}
RESULT: {"using":"xpath","value":"//button[@data-kt=\"addNewYardOverflowToolbarButton\"]"}
COMMAND: POST /session/fd95c45ccda87168f56760c12bc05b9d/elements - {"using":"xpath","value":"//button[@data-kt=\"addNewYardOverflowToolbarButton\"]"}
RESULT: {"using":"xpath","value":"//button[@data-kt=\"addNewYardOverflowToolbarButton\"]"}
COMMAND: POST /session/fd95c45ccda87168f56760c12bc05b9d/elements - {"using":"xpath","value":"//button[@data-kt=\"addNewYardOverflowToolbarButton\"]"}
RESULT: {"using":"xpath","value":"//button[@data-kt=\"addNewYardOverflowToolbarButton\"]"}
COMMAND: POST /session/fd95c45ccda87168f56760c12bc05b9d/elements - {"using":"xpath","value":"//button[@data-kt=\"addNewYardOverflowToolbarButton\"]"}
RESULT: {"using":"xpath","value":"//button[@data-kt=\"addNewYardOverflowToolbarButton\"]"}
COMMAND: POST /session/fd95c45ccda87168f56760c12bc05b9d/elements - {"using":"xpath","value":"//button[@data-kt=\"addNewYardOverflowToolbarButton\"]"}
RESULT: {"using":"xpath","value":"//button[@data-kt=\"addNewYardOverflowToolbarButton\"]"}
COMMAND: POST /session/fd95c45ccda87168f56760c12bc05b9d/elements - {"using":"xpath","value":"//button[@data-kt=\"addNewYardOverflowToolbarButton\"]"}
RESULT: {"using":"xpath","value":"//button[@data-kt=\"addNewYardOverflowToolbarButton\"]"}
COMMAND: POST /session/fd95c45ccda87168f56760c12bc05b9d/elements - {"using":"xpath","value":"//button[@data-kt=\"addNewYardOverflowToolbarButton\"]"}
RESULT: {"using":"xpath","value":"//button[@data-kt=\"addNewYardOverflowToolbarButton\"]"}
COMMAND: POST /session/fd95c45ccda87168f56760c12bc05b9d/elements - {"using":"xpath","value":"//button[@data-kt=\"addNewYardOverflowToolbarButton\"]"}
RESULT: {"using":"xpath","value":"//button[@data-kt=\"addNewYardOverflowToolbarButton\"]"}
COMMAND: POST /session/fd95c45ccda87168f56760c12bc05b9d/elements - {"using":"xpath","value":"//button[@data-kt=\"addNewYardOverflowToolbarButton\"]"}
RESULT: {"using":"xpath","value":"//button[@data-kt=\"addNewYardOverflowToolbarButton\"]"}
COMMAND: POST /session/fd95c45ccda87168f56760c12bc05b9d/elements - {"using":"xpath","value":"//button[@data-kt=\"addNewYardOverflowToolbarButton\"]"}
RESULT: {"using":"xpath","value":"//button[@data-kt=\"addNewYardOverflowToolbarButton\"]"}
COMMAND: POST /session/fd95c45ccda87168f56760c12bc05b9d/elements - {"using":"xpath","value":"//button[@data-kt=\"addNewYardOverflowToolbarButton\"]"}
RESULT: {"using":"xpath","value":"//button[@data-kt=\"addNewYardOverflowToolbarButton\"]"}
COMMAND: POST /session/fd95c45ccda87168f56760c12bc05b9d/elements - {"using":"xpath","value":"//button[@data-kt=\"addNewYardOverflowToolbarButton\"]"}
RESULT: {"using":"xpath","value":"//button[@data-kt=\"addNewYardOverflowToolbarButton\"]"}
COMMAND: POST /session/fd95c45ccda87168f56760c12bc05b9d/elements - {"using":"xpath","value":"//button[@data-kt=\"addNewYardOverflowToolbarButton\"]"}
RESULT: {"using":"xpath","value":"//button[@data-kt=\"addNewYardOverflowToolbarButton\"]"}
COMMAND: POST /session/fd95c45ccda87168f56760c12bc05b9d/elements - {"using":"xpath","value":"//button[@data-kt=\"addNewYardOverflowToolbarButton\"]"}
RESULT: {"using":"xpath","value":"//button[@data-kt=\"addNewYardOverflowToolbarButton\"]"}
COMMAND: POST /session/fd95c45ccda87168f56760c12bc05b9d/elements - {"using":"xpath","value":"//button[@data-kt=\"addNewYardOverflowToolbarButton\"]"}
RESULT: {"using":"xpath","value":"//button[@data-kt=\"addNewYardOverflowToolbarButton\"]"}
COMMAND: POST /session/fd95c45ccda87168f56760c12bc05b9d/elements - {"using":"xpath","value":"//button[@data-kt=\"addNewYardOverflowToolbarButton\"]"}
RESULT: {"using":"xpath","value":"//button[@data-kt=\"addNewYardOverflowToolbarButton\"]"}
COMMAND: POST /session/fd95c45ccda87168f56760c12bc05b9d/elements - {"using":"xpath","value":"//button[@data-kt=\"addNewYardOverflowToolbarButton\"]"}
RESULT: {"using":"xpath","value":"//button[@data-kt=\"addNewYardOverflowToolbarButton\"]"}
COMMAND: POST /session/fd95c45ccda87168f56760c12bc05b9d/elements - {"using":"xpath","value":"//button[@data-kt=\"addNewYardOverflowToolbarButton\"]"}
RESULT: {"using":"xpath","value":"//button[@data-kt=\"addNewYardOverflowToolbarButton\"]"}
COMMAND: POST /session/fd95c45ccda87168f56760c12bc05b9d/elements - {"using":"xpath","value":"//button[@data-kt=\"addNewYardOverflowToolbarButton\"]"}
RESULT: {"using":"xpath","value":"//button[@data-kt=\"addNewYardOverflowToolbarButton\"]"}
COMMAND: POST /session/fd95c45ccda87168f56760c12bc05b9d/elements - {"using":"xpath","value":"//button[@data-kt=\"addNewYardOverflowToolbarButton\"]"}
RESULT: {"using":"xpath","value":"//button[@data-kt=\"addNewYardOverflowToolbarButton\"]"}
COMMAND: POST /session/fd95c45ccda87168f56760c12bc05b9d/elements - {"using":"xpath","value":"//button[@data-kt=\"addNewYardOverflowToolbarButton\"]"}
RESULT: {"using":"xpath","value":"//button[@data-kt=\"addNewYardOverflowToolbarButton\"]"}
COMMAND: POST /session/fd95c45ccda87168f56760c12bc05b9d/elements - {"using":"xpath","value":"//button[@data-kt=\"addNewYardOverflowToolbarButton\"]"}
RESULT: {"using":"xpath","value":"//button[@data-kt=\"addNewYardOverflowToolbarButton\"]"}
COMMAND: POST /session/fd95c45ccda87168f56760c12bc05b9d/elements - {"using":"xpath","value":"//button[@data-kt=\"addNewYardOverflowToolbarButton\"]"}
RESULT: {"using":"xpath","value":"//button[@data-kt=\"addNewYardOverflowToolbarButton\"]"}
COMMAND: POST /session/fd95c45ccda87168f56760c12bc05b9d/elements - {"using":"xpath","value":"//button[@data-kt=\"addNewYardOverflowToolbarButton\"]"}
RESULT: {"using":"xpath","value":"//button[@data-kt=\"addNewYardOverflowToolbarButton\"]"}
COMMAND: POST /session/fd95c45ccda87168f56760c12bc05b9d/elements - {"using":"xpath","value":"//button[@data-kt=\"addNewYardOverflowToolbarButton\"]"}
RESULT: {"using":"xpath","value":"//button[@data-kt=\"addNewYardOverflowToolbarButton\"]"}
COMMAND: POST /session/fd95c45ccda87168f56760c12bc05b9d/elements - {"using":"xpath","value":"//button[@data-kt=\"addNewYardOverflowToolbarButton\"]"}
RESULT: {"using":"xpath","value":"//button[@data-kt=\"addNewYardOverflowToolbarButton\"]"}
COMMAND: POST /session/fd95c45ccda87168f56760c12bc05b9d/element - {"using":"xpath","value":"//button[@data-kt=\"addNewYardOverflowToolbarButton\"]"}
RESULT: {"using":"xpath","value":"//button[@data-kt=\"addNewYardOverflowToolbarButton\"]"}
COMMAND: POST /session/fd95c45ccda87168f56760c12bc05b9d/execute/sync - {"script":"<script> [8489 bytes]","args":[{"element-6066-11e4-a52e-4f735466cecf":"f.1202D19FA9159A4DFC5EAE9C490348A6.d.69BF4D50BBA5E31CCCD217F7BC44179F.e.293","ELEMENT":"f.1202D19FA9159A4DFC5EAE9C490348A6.d.69BF4D50BBA5E31CCCD217F7BC44179F.e.293"}]}
RESULT: {"script":"<script> [8489 bytes]","args":[{"element-6066-11e4-a52e-4f735466cecf":"f.1202D19FA9159A4DFC5EAE9C490348A6.d.69BF4D50BBA5E31CCCD217F7BC44179F.e.293","ELEMENT":"f.1202D19FA9159A4DFC5EAE9C490348A6.d.69BF4D50BBA5E31CCCD217F7BC44179F.e.293"}]}
COMMAND: GET /session/fd95c45ccda87168f56760c12bc05b9d/element/f.1202D19FA9159A4DFC5EAE9C490348A6.d.69BF4D50BBA5E31CCCD217F7BC44179F.e.293/enabled - {}
COMMAND: GET /session/fd95c45ccda87168f56760c12bc05b9d/screenshot - {}
RESULT: {}
RESULT: {}
COMMAND: POST /session/fd95c45ccda87168f56760c12bc05b9d/execute/sync - {"script":"<script> [8489 bytes]","args":[{"element-6066-11e4-a52e-4f735466cecf":"f.1202D19FA9159A4DFC5EAE9C490348A6.d.69BF4D50BBA5E31CCCD217F7BC44179F.e.293","ELEMENT":"f.1202D19FA9159A4DFC5EAE9C490348A6.d.69BF4D50BBA5E31CCCD217F7BC44179F.e.293"}]}
COMMAND: GET /session/fd95c45ccda87168f56760c12bc05b9d/screenshot - {}
RESULT: {"script":"<script> [8489 bytes]","args":[{"element-6066-11e4-a52e-4f735466cecf":"f.1202D19FA9159A4DFC5EAE9C490348A6.d.69BF4D50BBA5E31CCCD217F7BC44179F.e.293","ELEMENT":"f.1202D19FA9159A4DFC5EAE9C490348A6.d.69BF4D50BBA5E31CCCD217F7BC44179F.e.293"}]}
COMMAND: POST /session/fd95c45ccda87168f56760c12bc05b9d/execute/sync - {"script":"<script> [5351 bytes]","args":[{"element-6066-11e4-a52e-4f735466cecf":"f.1202D19FA9159A4DFC5EAE9C490348A6.d.69BF4D50BBA5E31CCCD217F7BC44179F.e.293","ELEMENT":"f.1202D19FA9159A4DFC5EAE9C490348A6.d.69BF4D50BBA5E31CCCD217F7BC44179F.e.293"}]}
COMMAND: GET /session/fd95c45ccda87168f56760c12bc05b9d/screenshot - {}
RESULT: {}
RESULT: {"script":"<script> [5351 bytes]","args":[{"element-6066-11e4-a52e-4f735466cecf":"f.1202D19FA9159A4DFC5EAE9C490348A6.d.69BF4D50BBA5E31CCCD217F7BC44179F.e.293","ELEMENT":"f.1202D19FA9159A4DFC5EAE9C490348A6.d.69BF4D50BBA5E31CCCD217F7BC44179F.e.293"}]}
COMMAND: POST /session/fd95c45ccda87168f56760c12bc05b9d/element/f.1202D19FA9159A4DFC5EAE9C490348A6.d.69BF4D50BBA5E31CCCD217F7BC44179F.e.293/click - {}
COMMAND: GET /session/fd95c45ccda87168f56760c12bc05b9d/screenshot - {}
RESULT: {}
RESULT: {}
COMMAND: GET /session/fd95c45ccda87168f56760c12bc05b9d/screenshot - {}
COMMAND: POST /session/fd95c45ccda87168f56760c12bc05b9d/element - {"using":"xpath","value":"//input[@id=\"application-manageyards-display-component---NewYard--yardId-inner\"]"}
RESULT: {}
RESULT: {}
RESULT: {"using":"xpath","value":"//input[@id=\"application-manageyards-display-component---NewYard--yardId-inner\"]"}
COMMAND: POST /session/fd95c45ccda87168f56760c12bc05b9d/element - {"using":"xpath","value":"//input[@id=\"application-manageyards-display-component---NewYard--yardId-inner\"]"}
RESULT: {"using":"xpath","value":"//input[@id=\"application-manageyards-display-component---NewYard--yardId-inner\"]"}
COMMAND: POST /session/fd95c45ccda87168f56760c12bc05b9d/execute/async - {"script":"<script> [1562 bytes]","args":[{"selector":{"id":"application-manageyards-display-component---NewYard--addressDetailDetailsName1","interaction":{"idSuffix":"inner"}},"wdio_ui5_key":"applicationmanageyards-display-component---NewYard--addressDetailDetailsName1"}]}
RESULT: {"script":"<script> [1562 bytes]","args":[{"selector":{"id":"application-manageyards-display-component---NewYard--addressDetailDetailsName1","interaction":{"idSuffix":"inner"}},"wdio_ui5_key":"applicationmanageyards-display-component---NewYard--addressDetailDetailsName1"}]}
RESULT: undefined
COMMAND: POST /session/fd95c45ccda87168f56760c12bc05b9d/execute/async - {"script":"<script> [776 bytes]","args":[{"enterText":"Intercompany Yard wdIO","selector":{"id":"application-manageyards-display-component---NewYard--addressDetailDetailsName1","interaction":{"idSuffix":"inner"}},"clearTextFirst":true,"interactionType":"ENTER_TEXT"}]}
RESULT: {"script":"<script> [776 bytes]","args":[{"enterText":"Intercompany Yard wdIO","selector":{"id":"application-manageyards-display-component---NewYard--addressDetailDetailsName1","interaction":{"idSuffix":"inner"}},"clearTextFirst":true,"interactionType":"ENTER_TEXT"}]}
COMMAND: POST /session/fd95c45ccda87168f56760c12bc05b9d/execute/async - {"script":"<script> [1562 bytes]","args":[{"selector":{"id":"application-manageyards-display-component---NewYard--addressDetailDetailsLanguage-arrow"},"wdio_ui5_key":"applicationmanageyards-display-component---NewYard--addressDetailDetailsLanguage-arrow"}]}
RESULT: {"script":"<script> [1562 bytes]","args":[{"selector":{"id":"application-manageyards-display-component---NewYard--addressDetailDetailsLanguage-arrow"},"wdio_ui5_key":"applicationmanageyards-display-component---NewYard--addressDetailDetailsLanguage-arrow"}]}
RESULT: undefined
COMMAND: POST /session/fd95c45ccda87168f56760c12bc05b9d/element - {"using":"xpath","value":"//*[@id=\"application-manageyards-display-component---NewYard--addressDetailDetailsLanguage-arrow\"]"}
RESULT: {"using":"xpath","value":"//*[@id=\"application-manageyards-display-component---NewYard--addressDetailDetailsLanguage-arrow\"]"}
COMMAND: POST /session/fd95c45ccda87168f56760c12bc05b9d/element/f.1202D19FA9159A4DFC5EAE9C490348A6.d.69BF4D50BBA5E31CCCD217F7BC44179F.e.716/click - {}
RESULT: {}
COMMAND: POST /session/fd95c45ccda87168f56760c12bc05b9d/element - {"using":"xpath","value":"//span[contains(text(), \"English\")]"}
COMMAND: GET /session/fd95c45ccda87168f56760c12bc05b9d/screenshot - {}
RESULT: {"using":"xpath","value":"//span[contains(text(), \"English\")]"}
COMMAND: POST /session/fd95c45ccda87168f56760c12bc05b9d/element/f.1202D19FA9159A4DFC5EAE9C490348A6.d.69BF4D50BBA5E31CCCD217F7BC44179F.e.717/click - {}
RESULT: {}
RESULT: {}
COMMAND: POST /session/fd95c45ccda87168f56760c12bc05b9d/execute/async - {"script":"<script> [1562 bytes]","args":[{"selector":{"id":"application-manageyards-display-component---NewYard--addressDetailDetailsCity1","interaction":{"idSuffix":"inner"}},"wdio_ui5_key":"applicationmanageyards-display-component---NewYard--addressDetailDetailsCity1"}]}
COMMAND: GET /session/fd95c45ccda87168f56760c12bc05b9d/screenshot - {}
RESULT: {"script":"<script> [1562 bytes]","args":[{"selector":{"id":"application-manageyards-display-component---NewYard--addressDetailDetailsCity1","interaction":{"idSuffix":"inner"}},"wdio_ui5_key":"applicationmanageyards-display-component---NewYard--addressDetailDetailsCity1"}]}
RESULT: undefined
COMMAND: POST /session/fd95c45ccda87168f56760c12bc05b9d/execute/async - {"script":"<script> [776 bytes]","args":[{"enterText":"Rosario","selector":{"id":"application-manageyards-display-component---NewYard--addressDetailDetailsCity1","interaction":{"idSuffix":"inner"}},"clearTextFirst":true,"interactionType":"ENTER_TEXT"}]}
RESULT: {}
RESULT: {"script":"<script> [776 bytes]","args":[{"enterText":"Rosario","selector":{"id":"application-manageyards-display-component---NewYard--addressDetailDetailsCity1","interaction":{"idSuffix":"inner"}},"clearTextFirst":true,"interactionType":"ENTER_TEXT"}]}
COMMAND: POST /session/fd95c45ccda87168f56760c12bc05b9d/execute/async - {"script":"<script> [1562 bytes]","args":[{"selector":{"id":"application-manageyards-display-component---NewYard--addressDetailDetailsCountry-arrow"},"wdio_ui5_key":"applicationmanageyards-display-component---NewYard--addressDetailDetailsCountry-arrow"}]}
RESULT: {"script":"<script> [1562 bytes]","args":[{"selector":{"id":"application-manageyards-display-component---NewYard--addressDetailDetailsCountry-arrow"},"wdio_ui5_key":"applicationmanageyards-display-component---NewYard--addressDetailDetailsCountry-arrow"}]}
RESULT: undefined
COMMAND: POST /session/fd95c45ccda87168f56760c12bc05b9d/element - {"using":"xpath","value":"//*[@id=\"application-manageyards-display-component---NewYard--addressDetailDetailsCountry-arrow\"]"}
RESULT: {"using":"xpath","value":"//*[@id=\"application-manageyards-display-component---NewYard--addressDetailDetailsCountry-arrow\"]"}
COMMAND: POST /session/fd95c45ccda87168f56760c12bc05b9d/element/f.1202D19FA9159A4DFC5EAE9C490348A6.d.69BF4D50BBA5E31CCCD217F7BC44179F.e.719/click - {}
RESULT: {}
COMMAND: POST /session/fd95c45ccda87168f56760c12bc05b9d/element - {"using":"xpath","value":"//span[contains(text(), \"Argentina\")]"}
COMMAND: GET /session/fd95c45ccda87168f56760c12bc05b9d/screenshot - {}
RESULT: {"using":"xpath","value":"//span[contains(text(), \"Argentina\")]"}
COMMAND: POST /session/fd95c45ccda87168f56760c12bc05b9d/element/f.1202D19FA9159A4DFC5EAE9C490348A6.d.69BF4D50BBA5E31CCCD217F7BC44179F.e.720/click - {}
RESULT: {}
RESULT: {}
COMMAND: POST /session/fd95c45ccda87168f56760c12bc05b9d/execute/async - {"script":"<script> [1562 bytes]","args":[{"selector":{"id":"application-manageyards-display-component---NewYard--addressEditDetailsCostObjectCstType-arrow"},"wdio_ui5_key":"applicationmanageyards-display-component---NewYard--addressEditDetailsCostObjectCstType-arrow"}]}
COMMAND: GET /session/fd95c45ccda87168f56760c12bc05b9d/screenshot - {}
RESULT: {"script":"<script> [1562 bytes]","args":[{"selector":{"id":"application-manageyards-display-component---NewYard--addressEditDetailsCostObjectCstType-arrow"},"wdio_ui5_key":"applicationmanageyards-display-component---NewYard--addressEditDetailsCostObjectCstType-arrow"}]}
RESULT: undefined
COMMAND: POST /session/fd95c45ccda87168f56760c12bc05b9d/element - {"using":"xpath","value":"//*[@id=\"application-manageyards-display-component---NewYard--addressEditDetailsCostObjectCstType-arrow\"]"}
RESULT: {}
RESULT: {"using":"xpath","value":"//*[@id=\"application-manageyards-display-component---NewYard--addressEditDetailsCostObjectCstType-arrow\"]"}
COMMAND: POST /session/fd95c45ccda87168f56760c12bc05b9d/element/f.1202D19FA9159A4DFC5EAE9C490348A6.d.69BF4D50BBA5E31CCCD217F7BC44179F.e.722/click - {}
RESULT: {}
COMMAND: POST /session/fd95c45ccda87168f56760c12bc05b9d/element - {"using":"xpath","value":"//span[contains(text(), \"Cost Center\")]"}
COMMAND: GET /session/fd95c45ccda87168f56760c12bc05b9d/screenshot - {}
RESULT: {"using":"xpath","value":"//span[contains(text(), \"Cost Center\")]"}
COMMAND: POST /session/fd95c45ccda87168f56760c12bc05b9d/element/f.1202D19FA9159A4DFC5EAE9C490348A6.d.69BF4D50BBA5E31CCCD217F7BC44179F.e.723/click - {}
RESULT: {}
RESULT: {}
COMMAND: GET /session/fd95c45ccda87168f56760c12bc05b9d/screenshot - {}
RESULT: {}
COMMAND: POST /session/fd95c45ccda87168f56760c12bc05b9d/element - {"using":"xpath","value":"//span[@id=\"application-manageyards-display-component---NewYard--addressNewCostObjectCstID-vhi\"]"}
RESULT: {"using":"xpath","value":"//span[@id=\"application-manageyards-display-component---NewYard--addressNewCostObjectCstID-vhi\"]"}
COMMAND: POST /session/fd95c45ccda87168f56760c12bc05b9d/execute/sync - {"script":"<script> [8489 bytes]","args":[{"element-6066-11e4-a52e-4f735466cecf":"f.1202D19FA9159A4DFC5EAE9C490348A6.d.69BF4D50BBA5E31CCCD217F7BC44179F.e.726","ELEMENT":"f.1202D19FA9159A4DFC5EAE9C490348A6.d.69BF4D50BBA5E31CCCD217F7BC44179F.e.726"}]}
RESULT: {"script":"<script> [8489 bytes]","args":[{"element-6066-11e4-a52e-4f735466cecf":"f.1202D19FA9159A4DFC5EAE9C490348A6.d.69BF4D50BBA5E31CCCD217F7BC44179F.e.726","ELEMENT":"f.1202D19FA9159A4DFC5EAE9C490348A6.d.69BF4D50BBA5E31CCCD217F7BC44179F.e.726"}]}
COMMAND: POST /session/fd95c45ccda87168f56760c12bc05b9d/execute/async - {"script":"<script> [1562 bytes]","args":[{"selector":{"id":"application-manageyards-display-component---NewYard--addressNewCostObjectCstID-vhi"},"wdio_ui5_key":"applicationmanageyards-display-component---NewYard--addressNewCostObjectCstID-vhi"}]}
COMMAND: GET /session/fd95c45ccda87168f56760c12bc05b9d/screenshot - {}
RESULT: {"script":"<script> [1562 bytes]","args":[{"selector":{"id":"application-manageyards-display-component---NewYard--addressNewCostObjectCstID-vhi"},"wdio_ui5_key":"applicationmanageyards-display-component---NewYard--addressNewCostObjectCstID-vhi"}]}
RESULT: undefined
COMMAND: POST /session/fd95c45ccda87168f56760c12bc05b9d/element - {"using":"xpath","value":"//*[@id=\"application-manageyards-display-component---NewYard--addressNewCostObjectCstID-vhi\"]"}
RESULT: {}
RESULT: {"using":"xpath","value":"//*[@id=\"application-manageyards-display-component---NewYard--addressNewCostObjectCstID-vhi\"]"}
COMMAND: POST /session/fd95c45ccda87168f56760c12bc05b9d/element/f.1202D19FA9159A4DFC5EAE9C490348A6.d.69BF4D50BBA5E31CCCD217F7BC44179F.e.726/click - {}
RESULT: {}
COMMAND: GET /session/fd95c45ccda87168f56760c12bc05b9d/screenshot - {}
RESULT: {}
COMMAND: POST /session/fd95c45ccda87168f56760c12bc05b9d/execute/async - {"script":"<script> [1562 bytes]","args":[{"selector":{"controlType":"sap.m.SearchField","properties":{"placeholder":"Search"},"searchOpenDialogs":true,"interaction":{"idSuffix":"I"}},"wdio_ui5_key":"sapm.SearchField{\"placeholder\":\"Search\"}"}]}
RESULT: {"script":"<script> [1562 bytes]","args":[{"selector":{"controlType":"sap.m.SearchField","properties":{"placeholder":"Search"},"searchOpenDialogs":true,"interaction":{"idSuffix":"I"}},"wdio_ui5_key":"sapm.SearchField{\"placeholder\":\"Search\"}"}]}
RESULT: undefined
COMMAND: POST /session/fd95c45ccda87168f56760c12bc05b9d/execute/async - {"script":"<script> [776 bytes]","args":[{"enterText":"10001013","selector":{"controlType":"sap.m.SearchField","properties":{"placeholder":"Search"},"searchOpenDialogs":true,"interaction":{"idSuffix":"I"}},"clearTextFirst":true,"interactionType":"ENTER_TEXT"}]}
RESULT: {"script":"<script> [776 bytes]","args":[{"enterText":"10001013","selector":{"controlType":"sap.m.SearchField","properties":{"placeholder":"Search"},"searchOpenDialogs":true,"interaction":{"idSuffix":"I"}},"clearTextFirst":true,"interactionType":"ENTER_TEXT"}]}
COMMAND: POST /session/fd95c45ccda87168f56760c12bc05b9d/actions - {"actions":[{"id":"action1","type":"key","parameters":{},"actions":[{"type":"keyDown","value":"î€‡"},{"type":"pause","duration":10},{"type":"keyUp","value":"î€‡"}]}]}
RESULT: {"actions":[{"id":"action1","type":"key","parameters":{},"actions":[{"type":"keyDown","value":"î€‡"},{"type":"pause","duration":10},{"type":"keyUp","value":"î€‡"}]}]}
COMMAND: GET /session/fd95c45ccda87168f56760c12bc05b9d/screenshot - {}
RESULT: {}
COMMAND: POST /session/fd95c45ccda87168f56760c12bc05b9d/element - {"using":"xpath","value":"//span[contains(text(), \"General Management\")]"}
RESULT: {"using":"xpath","value":"//span[contains(text(), \"General Management\")]"}
COMMAND: POST /session/fd95c45ccda87168f56760c12bc05b9d/element/f.1202D19FA9159A4DFC5EAE9C490348A6.d.69BF4D50BBA5E31CCCD217F7BC44179F.e.767/click - {}
RESULT: {}
COMMAND: GET /session/fd95c45ccda87168f56760c12bc05b9d/screenshot - {}
RESULT: {}
COMMAND: POST /session/fd95c45ccda87168f56760c12bc05b9d/element - {"using":"xpath","value":"//bdi[contains(text(), \"OK\")]"}
RESULT: {"using":"xpath","value":"//bdi[contains(text(), \"OK\")]"}
COMMAND: POST /session/fd95c45ccda87168f56760c12bc05b9d/element/f.1202D19FA9159A4DFC5EAE9C490348A6.d.69BF4D50BBA5E31CCCD217F7BC44179F.e.768/click - {}
RESULT: {}
COMMAND: GET /session/fd95c45ccda87168f56760c12bc05b9d/screenshot - {}
RESULT: {}
COMMAND: POST /session/fd95c45ccda87168f56760c12bc05b9d/execute/async - {"script":"<script> [1562 bytes]","args":[{"selector":{"id":"application-manageyards-display-component---NewYard--addressEditDetailsCurrency-arrow"},"wdio_ui5_key":"applicationmanageyards-display-component---NewYard--addressEditDetailsCurrency-arrow"}]}
RESULT: {"script":"<script> [1562 bytes]","args":[{"selector":{"id":"application-manageyards-display-component---NewYard--addressEditDetailsCurrency-arrow"},"wdio_ui5_key":"applicationmanageyards-display-component---NewYard--addressEditDetailsCurrency-arrow"}]}
RESULT: undefined
COMMAND: POST /session/fd95c45ccda87168f56760c12bc05b9d/element - {"using":"xpath","value":"//*[@id=\"application-manageyards-display-component---NewYard--addressEditDetailsCurrency-arrow\"]"}
RESULT: {"using":"xpath","value":"//*[@id=\"application-manageyards-display-component---NewYard--addressEditDetailsCurrency-arrow\"]"}
COMMAND: POST /session/fd95c45ccda87168f56760c12bc05b9d/element/f.1202D19FA9159A4DFC5EAE9C490348A6.d.69BF4D50BBA5E31CCCD217F7BC44179F.e.771/click - {}
RESULT: {}
COMMAND: POST /session/fd95c45ccda87168f56760c12bc05b9d/element - {"using":"xpath","value":"//span[contains(text(), \"Euro\")]"}
COMMAND: GET /session/fd95c45ccda87168f56760c12bc05b9d/screenshot - {}
RESULT: {"using":"xpath","value":"//span[contains(text(), \"Euro\")]"}
COMMAND: POST /session/fd95c45ccda87168f56760c12bc05b9d/element/f.1202D19FA9159A4DFC5EAE9C490348A6.d.69BF4D50BBA5E31CCCD217F7BC44179F.e.772/click - {}
RESULT: {}
RESULT: {}
COMMAND: POST /session/fd95c45ccda87168f56760c12bc05b9d/execute/async - {"script":"<script> [1562 bytes]","args":[{"selector":{"controlType":"sap.m.Input","viewName":"etm.portal.ui.manageyards.view.New","viewId":"application-manageyards-display-component---NewYard","bindingPath":{"path":"","propertyPath":"/CONTROLLING_AREA","modelName":"NewYardModel"},"interaction":{"idSuffix":"inner"}},"wdio_ui5_key":"etmportal.ui.manageyards.view.Newsap.m.Input{\"path\":\"\",\"propertyPath\":\"/CONTROLLING_AREA\",\"modelName\":\"NewYardModel\"}"}]}
COMMAND: GET /session/fd95c45ccda87168f56760c12bc05b9d/screenshot - {}
RESULT: {"script":"<script> [1562 bytes]","args":[{"selector":{"controlType":"sap.m.Input","viewName":"etm.portal.ui.manageyards.view.New","viewId":"application-manageyards-display-component---NewYard","bindingPath":{"path":"","propertyPath":"/CONTROLLING_AREA","modelName":"NewYardModel"},"interaction":{"idSuffix":"inner"}},"wdio_ui5_key":"etmportal.ui.manageyards.view.Newsap.m.Input{\"path\":\"\",\"propertyPath\":\"/CONTROLLING_AREA\",\"modelName\":\"NewYardModel\"}"}]}
RESULT: undefined
COMMAND: POST /session/fd95c45ccda87168f56760c12bc05b9d/execute/async - {"script":"<script> [776 bytes]","args":[{"enterText":"Z001","selector":{"controlType":"sap.m.Input","viewName":"etm.portal.ui.manageyards.view.New","viewId":"application-manageyards-display-component---NewYard","bindingPath":{"path":"","propertyPath":"/CONTROLLING_AREA","modelName":"NewYardModel"},"interaction":{"idSuffix":"inner"}},"clearTextFirst":true,"interactionType":"ENTER_TEXT"}]}
RESULT: {}
RESULT: {"script":"<script> [776 bytes]","args":[{"enterText":"Z001","selector":{"controlType":"sap.m.Input","viewName":"etm.portal.ui.manageyards.view.New","viewId":"application-manageyards-display-component---NewYard","bindingPath":{"path":"","propertyPath":"/CONTROLLING_AREA","modelName":"NewYardModel"},"interaction":{"idSuffix":"inner"}},"clearTextFirst":true,"interactionType":"ENTER_TEXT"}]}
COMMAND: POST /session/fd95c45ccda87168f56760c12bc05b9d/execute/async - {"script":"<script> [1562 bytes]","args":[{"selector":{"id":"application-manageyards-display-component---NewYard--companyCodeComboBox","interaction":{"idSuffix":"inner"}},"wdio_ui5_key":"applicationmanageyards-display-component---NewYard--companyCodeComboBox"}]}
RESULT: {"script":"<script> [1562 bytes]","args":[{"selector":{"id":"application-manageyards-display-component---NewYard--companyCodeComboBox","interaction":{"idSuffix":"inner"}},"wdio_ui5_key":"applicationmanageyards-display-component---NewYard--companyCodeComboBox"}]}
RESULT: undefined
COMMAND: POST /session/fd95c45ccda87168f56760c12bc05b9d/execute/async - {"script":"<script> [776 bytes]","args":[{"enterText":"1000","selector":{"id":"application-manageyards-display-component---NewYard--companyCodeComboBox","interaction":{"idSuffix":"inner"}},"clearTextFirst":true,"interactionType":"ENTER_TEXT"}]}
RESULT: {"script":"<script> [776 bytes]","args":[{"enterText":"1000","selector":{"id":"application-manageyards-display-component---NewYard--companyCodeComboBox","interaction":{"idSuffix":"inner"}},"clearTextFirst":true,"interactionType":"ENTER_TEXT"}]}
COMMAND: POST /session/fd95c45ccda87168f56760c12bc05b9d/execute/async - {"script":"<script> [1562 bytes]","args":[{"selector":{"controlType":"sap.m.Input","viewName":"etm.portal.ui.manageyards.view.New","viewId":"application-manageyards-display-component---NewYard","bindingPath":{"path":"","propertyPath":"/PLANT","modelName":"NewYardModel"},"interaction":{"idSuffix":"inner"}},"wdio_ui5_key":"etmportal.ui.manageyards.view.Newsap.m.Input{\"path\":\"\",\"propertyPath\":\"/PLANT\",\"modelName\":\"NewYardModel\"}"}]}
RESULT: {"script":"<script> [1562 bytes]","args":[{"selector":{"controlType":"sap.m.Input","viewName":"etm.portal.ui.manageyards.view.New","viewId":"application-manageyards-display-component---NewYard","bindingPath":{"path":"","propertyPath":"/PLANT","modelName":"NewYardModel"},"interaction":{"idSuffix":"inner"}},"wdio_ui5_key":"etmportal.ui.manageyards.view.Newsap.m.Input{\"path\":\"\",\"propertyPath\":\"/PLANT\",\"modelName\":\"NewYardModel\"}"}]}
RESULT: undefined
COMMAND: POST /session/fd95c45ccda87168f56760c12bc05b9d/execute/async - {"script":"<script> [776 bytes]","args":[{"enterText":"1001","selector":{"controlType":"sap.m.Input","viewName":"etm.portal.ui.manageyards.view.New","viewId":"application-manageyards-display-component---NewYard","bindingPath":{"path":"","propertyPath":"/PLANT","modelName":"NewYardModel"},"interaction":{"idSuffix":"inner"}},"clearTextFirst":true,"interactionType":"ENTER_TEXT"}]}
RESULT: {"script":"<script> [776 bytes]","args":[{"enterText":"1001","selector":{"controlType":"sap.m.Input","viewName":"etm.portal.ui.manageyards.view.New","viewId":"application-manageyards-display-component---NewYard","bindingPath":{"path":"","propertyPath":"/PLANT","modelName":"NewYardModel"},"interaction":{"idSuffix":"inner"}},"clearTextFirst":true,"interactionType":"ENTER_TEXT"}]}
COMMAND: POST /session/fd95c45ccda87168f56760c12bc05b9d/execute/async - {"script":"<script> [1562 bytes]","args":[{"selector":{"controlType":"sap.m.Input","viewName":"etm.portal.ui.manageyards.view.New","viewId":"application-manageyards-display-component---NewYard","bindingPath":{"path":"","propertyPath":"/SALES_AREA_VKORG","modelName":"NewYardModel"},"interaction":{"idSuffix":"inner"}},"wdio_ui5_key":"etmportal.ui.manageyards.view.Newsap.m.Input{\"path\":\"\",\"propertyPath\":\"/SALES_AREA_VKORG\",\"modelName\":\"NewYardModel\"}"}]}
RESULT: {"script":"<script> [1562 bytes]","args":[{"selector":{"controlType":"sap.m.Input","viewName":"etm.portal.ui.manageyards.view.New","viewId":"application-manageyards-display-component---NewYard","bindingPath":{"path":"","propertyPath":"/SALES_AREA_VKORG","modelName":"NewYardModel"},"interaction":{"idSuffix":"inner"}},"wdio_ui5_key":"etmportal.ui.manageyards.view.Newsap.m.Input{\"path\":\"\",\"propertyPath\":\"/SALES_AREA_VKORG\",\"modelName\":\"NewYardModel\"}"}]}
RESULT: undefined
COMMAND: POST /session/fd95c45ccda87168f56760c12bc05b9d/execute/async - {"script":"<script> [776 bytes]","args":[{"enterText":"C002","selector":{"controlType":"sap.m.Input","viewName":"etm.portal.ui.manageyards.view.New","viewId":"application-manageyards-display-component---NewYard","bindingPath":{"path":"","propertyPath":"/SALES_AREA_VKORG","modelName":"NewYardModel"},"interaction":{"idSuffix":"inner"}},"clearTextFirst":true,"interactionType":"ENTER_TEXT"}]}
RESULT: {"script":"<script> [776 bytes]","args":[{"enterText":"C002","selector":{"controlType":"sap.m.Input","viewName":"etm.portal.ui.manageyards.view.New","viewId":"application-manageyards-display-component---NewYard","bindingPath":{"path":"","propertyPath":"/SALES_AREA_VKORG","modelName":"NewYardModel"},"interaction":{"idSuffix":"inner"}},"clearTextFirst":true,"interactionType":"ENTER_TEXT"}]}
COMMAND: POST /session/fd95c45ccda87168f56760c12bc05b9d/execute/async - {"script":"<script> [1562 bytes]","args":[{"selector":{"controlType":"sap.m.Input","viewName":"etm.portal.ui.manageyards.view.New","viewId":"application-manageyards-display-component---NewYard","bindingPath":{"path":"","propertyPath":"/SALES_AREA_VTWEG","modelName":"NewYardModel"},"interaction":{"idSuffix":"inner"}},"wdio_ui5_key":"etmportal.ui.manageyards.view.Newsap.m.Input{\"path\":\"\",\"propertyPath\":\"/SALES_AREA_VTWEG\",\"modelName\":\"NewYardModel\"}"}]}
RESULT: {"script":"<script> [1562 bytes]","args":[{"selector":{"controlType":"sap.m.Input","viewName":"etm.portal.ui.manageyards.view.New","viewId":"application-manageyards-display-component---NewYard","bindingPath":{"path":"","propertyPath":"/SALES_AREA_VTWEG","modelName":"NewYardModel"},"interaction":{"idSuffix":"inner"}},"wdio_ui5_key":"etmportal.ui.manageyards.view.Newsap.m.Input{\"path\":\"\",\"propertyPath\":\"/SALES_AREA_VTWEG\",\"modelName\":\"NewYardModel\"}"}]}
RESULT: undefined
COMMAND: POST /session/fd95c45ccda87168f56760c12bc05b9d/execute/async - {"script":"<script> [776 bytes]","args":[{"enterText":"C2","selector":{"controlType":"sap.m.Input","viewName":"etm.portal.ui.manageyards.view.New","viewId":"application-manageyards-display-component---NewYard","bindingPath":{"path":"","propertyPath":"/SALES_AREA_VTWEG","modelName":"NewYardModel"},"interaction":{"idSuffix":"inner"}},"clearTextFirst":true,"interactionType":"ENTER_TEXT"}]}
RESULT: {"script":"<script> [776 bytes]","args":[{"enterText":"C2","selector":{"controlType":"sap.m.Input","viewName":"etm.portal.ui.manageyards.view.New","viewId":"application-manageyards-display-component---NewYard","bindingPath":{"path":"","propertyPath":"/SALES_AREA_VTWEG","modelName":"NewYardModel"},"interaction":{"idSuffix":"inner"}},"clearTextFirst":true,"interactionType":"ENTER_TEXT"}]}
COMMAND: POST /session/fd95c45ccda87168f56760c12bc05b9d/execute/async - {"script":"<script> [1562 bytes]","args":[{"selector":{"controlType":"sap.m.Input","viewName":"etm.portal.ui.manageyards.view.New","viewId":"application-manageyards-display-component---NewYard","bindingPath":{"path":"","propertyPath":"/SALES_AREA_SPART","modelName":"NewYardModel"},"interaction":{"idSuffix":"inner"}},"wdio_ui5_key":"etmportal.ui.manageyards.view.Newsap.m.Input{\"path\":\"\",\"propertyPath\":\"/SALES_AREA_SPART\",\"modelName\":\"NewYardModel\"}"}]}
RESULT: {"script":"<script> [1562 bytes]","args":[{"selector":{"controlType":"sap.m.Input","viewName":"etm.portal.ui.manageyards.view.New","viewId":"application-manageyards-display-component---NewYard","bindingPath":{"path":"","propertyPath":"/SALES_AREA_SPART","modelName":"NewYardModel"},"interaction":{"idSuffix":"inner"}},"wdio_ui5_key":"etmportal.ui.manageyards.view.Newsap.m.Input{\"path\":\"\",\"propertyPath\":\"/SALES_AREA_SPART\",\"modelName\":\"NewYardModel\"}"}]}
RESULT: undefined
COMMAND: POST /session/fd95c45ccda87168f56760c12bc05b9d/execute/async - {"script":"<script> [776 bytes]","args":[{"enterText":"C2","selector":{"controlType":"sap.m.Input","viewName":"etm.portal.ui.manageyards.view.New","viewId":"application-manageyards-display-component---NewYard","bindingPath":{"path":"","propertyPath":"/SALES_AREA_SPART","modelName":"NewYardModel"},"interaction":{"idSuffix":"inner"}},"clearTextFirst":true,"interactionType":"ENTER_TEXT"}]}
RESULT: {"script":"<script> [776 bytes]","args":[{"enterText":"C2","selector":{"controlType":"sap.m.Input","viewName":"etm.portal.ui.manageyards.view.New","viewId":"application-manageyards-display-component---NewYard","bindingPath":{"path":"","propertyPath":"/SALES_AREA_SPART","modelName":"NewYardModel"},"interaction":{"idSuffix":"inner"}},"clearTextFirst":true,"interactionType":"ENTER_TEXT"}]}
COMMAND: POST /session/fd95c45ccda87168f56760c12bc05b9d/execute/async - {"script":"<script> [1562 bytes]","args":[{"selector":{"controlType":"sap.m.Input","viewName":"etm.portal.ui.manageyards.view.New","viewId":"application-manageyards-display-component---NewYard","bindingPath":{"path":"","propertyPath":"/SHIP_POINT","modelName":"NewYardModel"},"interaction":{"idSuffix":"inner"}},"wdio_ui5_key":"etmportal.ui.manageyards.view.Newsap.m.Input{\"path\":\"\",\"propertyPath\":\"/SHIP_POINT\",\"modelName\":\"NewYardModel\"}"}]}
RESULT: {"script":"<script> [1562 bytes]","args":[{"selector":{"controlType":"sap.m.Input","viewName":"etm.portal.ui.manageyards.view.New","viewId":"application-manageyards-display-component---NewYard","bindingPath":{"path":"","propertyPath":"/SHIP_POINT","modelName":"NewYardModel"},"interaction":{"idSuffix":"inner"}},"wdio_ui5_key":"etmportal.ui.manageyards.view.Newsap.m.Input{\"path\":\"\",\"propertyPath\":\"/SHIP_POINT\",\"modelName\":\"NewYardModel\"}"}]}
RESULT: undefined
COMMAND: POST /session/fd95c45ccda87168f56760c12bc05b9d/execute/async - {"script":"<script> [776 bytes]","args":[{"enterText":"1710","selector":{"controlType":"sap.m.Input","viewName":"etm.portal.ui.manageyards.view.New","viewId":"application-manageyards-display-component---NewYard","bindingPath":{"path":"","propertyPath":"/SHIP_POINT","modelName":"NewYardModel"},"interaction":{"idSuffix":"inner"}},"clearTextFirst":true,"interactionType":"ENTER_TEXT"}]}
RESULT: {"script":"<script> [776 bytes]","args":[{"enterText":"1710","selector":{"controlType":"sap.m.Input","viewName":"etm.portal.ui.manageyards.view.New","viewId":"application-manageyards-display-component---NewYard","bindingPath":{"path":"","propertyPath":"/SHIP_POINT","modelName":"NewYardModel"},"interaction":{"idSuffix":"inner"}},"clearTextFirst":true,"interactionType":"ENTER_TEXT"}]}
COMMAND: POST /session/fd95c45ccda87168f56760c12bc05b9d/execute/async - {"script":"<script> [1562 bytes]","args":[{"selector":{"controlType":"sap.m.Input","viewName":"etm.portal.ui.manageyards.view.New","viewId":"application-manageyards-display-component---NewYard","bindingPath":{"path":"","propertyPath":"/DELIVERY_TYPE","modelName":"NewYardModel"},"interaction":{"idSuffix":"inner"}},"wdio_ui5_key":"etmportal.ui.manageyards.view.Newsap.m.Input{\"path\":\"\",\"propertyPath\":\"/DELIVERY_TYPE\",\"modelName\":\"NewYardModel\"}"}]}
RESULT: {"script":"<script> [1562 bytes]","args":[{"selector":{"controlType":"sap.m.Input","viewName":"etm.portal.ui.manageyards.view.New","viewId":"application-manageyards-display-component---NewYard","bindingPath":{"path":"","propertyPath":"/DELIVERY_TYPE","modelName":"NewYardModel"},"interaction":{"idSuffix":"inner"}},"wdio_ui5_key":"etmportal.ui.manageyards.view.Newsap.m.Input{\"path\":\"\",\"propertyPath\":\"/DELIVERY_TYPE\",\"modelName\":\"NewYardModel\"}"}]}
RESULT: undefined
COMMAND: POST /session/fd95c45ccda87168f56760c12bc05b9d/execute/async - {"script":"<script> [776 bytes]","args":[{"enterText":"ZL01","selector":{"controlType":"sap.m.Input","viewName":"etm.portal.ui.manageyards.view.New","viewId":"application-manageyards-display-component---NewYard","bindingPath":{"path":"","propertyPath":"/DELIVERY_TYPE","modelName":"NewYardModel"},"interaction":{"idSuffix":"inner"}},"clearTextFirst":true,"interactionType":"ENTER_TEXT"}]}
RESULT: {"script":"<script> [776 bytes]","args":[{"enterText":"ZL01","selector":{"controlType":"sap.m.Input","viewName":"etm.portal.ui.manageyards.view.New","viewId":"application-manageyards-display-component---NewYard","bindingPath":{"path":"","propertyPath":"/DELIVERY_TYPE","modelName":"NewYardModel"},"interaction":{"idSuffix":"inner"}},"clearTextFirst":true,"interactionType":"ENTER_TEXT"}]}
COMMAND: POST /session/fd95c45ccda87168f56760c12bc05b9d/execute/async - {"script":"<script> [1562 bytes]","args":[{"selector":{"controlType":"sap.m.Input","viewName":"etm.portal.ui.manageyards.view.New","viewId":"application-manageyards-display-component---NewYard","bindingPath":{"path":"","propertyPath":"/AUART","modelName":"NewYardModel"},"interaction":{"idSuffix":"inner"}},"wdio_ui5_key":"etmportal.ui.manageyards.view.Newsap.m.Input{\"path\":\"\",\"propertyPath\":\"/AUART\",\"modelName\":\"NewYardModel\"}"}]}
RESULT: {"script":"<script> [1562 bytes]","args":[{"selector":{"controlType":"sap.m.Input","viewName":"etm.portal.ui.manageyards.view.New","viewId":"application-manageyards-display-component---NewYard","bindingPath":{"path":"","propertyPath":"/AUART","modelName":"NewYardModel"},"interaction":{"idSuffix":"inner"}},"wdio_ui5_key":"etmportal.ui.manageyards.view.Newsap.m.Input{\"path\":\"\",\"propertyPath\":\"/AUART\",\"modelName\":\"NewYardModel\"}"}]}
RESULT: undefined
COMMAND: POST /session/fd95c45ccda87168f56760c12bc05b9d/execute/async - {"script":"<script> [776 bytes]","args":[{"enterText":"TA","selector":{"controlType":"sap.m.Input","viewName":"etm.portal.ui.manageyards.view.New","viewId":"application-manageyards-display-component---NewYard","bindingPath":{"path":"","propertyPath":"/AUART","modelName":"NewYardModel"},"interaction":{"idSuffix":"inner"}},"clearTextFirst":true,"interactionType":"ENTER_TEXT"}]}
RESULT: {"script":"<script> [776 bytes]","args":[{"enterText":"TA","selector":{"controlType":"sap.m.Input","viewName":"etm.portal.ui.manageyards.view.New","viewId":"application-manageyards-display-component---NewYard","bindingPath":{"path":"","propertyPath":"/AUART","modelName":"NewYardModel"},"interaction":{"idSuffix":"inner"}},"clearTextFirst":true,"interactionType":"ENTER_TEXT"}]}
COMMAND: POST /session/fd95c45ccda87168f56760c12bc05b9d/element - {"using":"xpath","value":"//button[@data-kt=\"newYardSaveButton\"]"}
RESULT: {"using":"xpath","value":"//button[@data-kt=\"newYardSaveButton\"]"}
COMMAND: POST /session/fd95c45ccda87168f56760c12bc05b9d/element/f.1202D19FA9159A4DFC5EAE9C490348A6.d.69BF4D50BBA5E31CCCD217F7BC44179F.e.699/click - {}
RESULT: {}
COMMAND: GET /session/fd95c45ccda87168f56760c12bc05b9d/screenshot - {}
RESULT: {}
COMMAND: POST /session/fd95c45ccda87168f56760c12bc05b9d/element - {"using":"xpath","value":"//header[contains(@id, 'ObjectPageLayout-headerTitle')]/div[1]/div[2]/div[1]/span[1]"}
RESULT: {"using":"xpath","value":"//header[contains(@id, 'ObjectPageLayout-headerTitle')]/div[1]/div[2]/div[1]/span[1]"}
COMMAND: POST /session/fd95c45ccda87168f56760c12bc05b9d/elements - {"using":"xpath","value":"//header[contains(@id, 'ObjectPageLayout-headerTitle')]/div[1]/div[2]/div[1]/span[1]"}
RESULT: {"using":"xpath","value":"//header[contains(@id, 'ObjectPageLayout-headerTitle')]/div[1]/div[2]/div[1]/span[1]"}
COMMAND: POST /session/fd95c45ccda87168f56760c12bc05b9d/execute/sync - {"script":"<script> [56 bytes]","args":[{"element-6066-11e4-a52e-4f735466cecf":"f.1202D19FA9159A4DFC5EAE9C490348A6.d.69BF4D50BBA5E31CCCD217F7BC44179F.e.997","ELEMENT":"f.1202D19FA9159A4DFC5EAE9C490348A6.d.69BF4D50BBA5E31CCCD217F7BC44179F.e.997"}]}
RESULT: {"script":"<script> [56 bytes]","args":[{"element-6066-11e4-a52e-4f735466cecf":"f.1202D19FA9159A4DFC5EAE9C490348A6.d.69BF4D50BBA5E31CCCD217F7BC44179F.e.997","ELEMENT":"f.1202D19FA9159A4DFC5EAE9C490348A6.d.69BF4D50BBA5E31CCCD217F7BC44179F.e.997"}]}
COMMAND: GET /session/fd95c45ccda87168f56760c12bc05b9d/screenshot - {}
RESULT: {}
COMMAND: POST /session/fd95c45ccda87168f56760c12bc05b9d/element - {"using":"css selector","value":"#shell-header-logo"}
RESULT: {"using":"css selector","value":"#shell-header-logo"}
COMMAND: POST /session/fd95c45ccda87168f56760c12bc05b9d/element/f.1202D19FA9159A4DFC5EAE9C490348A6.d.69BF4D50BBA5E31CCCD217F7BC44179F.e.262/click - {}
RESULT: {}
COMMAND: GET /session/fd95c45ccda87168f56760c12bc05b9d/screenshot - {}
RESULT: {}
COMMAND: POST /session/fd95c45ccda87168f56760c12bc05b9d/execute/sync - {"script":"<script> [299 bytes]","args":[["getModel","getResource"]]}
RESULT: {"script":"<script> [299 bytes]","args":[["getModel","getResource"]]}
]]></system-out>
    </testcase>
    <testcase classname="chrome.135_0_7049_96.windows.Billing_Transfer_-_Master_data_&amp;_Intercompany_US127250" name="Should create a new partner" time="123.489">
      <system-out><![CDATA[
COMMAND: POST /session/fd95c45ccda87168f56760c12bc05b9d/window/fullscreen - {}
COMMAND: GET /session/fd95c45ccda87168f56760c12bc05b9d/screenshot - {}
RESULT: {}
COMMAND: POST /session/fd95c45ccda87168f56760c12bc05b9d/execute/async - {"script":"<script> [1562 bytes]","args":[{"selector":{"controlType":"sap.m.GenericTile","properties":{"header":"Manage Partners"}},"wdio_ui5_key":"sapm.GenericTile{\"header\":\"Manage Partners\"}"}]}
RESULT: {}
RESULT: {"script":"<script> [1562 bytes]","args":[{"selector":{"controlType":"sap.m.GenericTile","properties":{"header":"Manage Partners"}},"wdio_ui5_key":"sapm.GenericTile{\"header\":\"Manage Partners\"}"}]}
RESULT: undefined
COMMAND: POST /session/fd95c45ccda87168f56760c12bc05b9d/element - {"using":"xpath","value":"//*[@id=\"__tile38\"]"}
RESULT: {"using":"xpath","value":"//*[@id=\"__tile38\"]"}
COMMAND: POST /session/fd95c45ccda87168f56760c12bc05b9d/element/f.1202D19FA9159A4DFC5EAE9C490348A6.d.69BF4D50BBA5E31CCCD217F7BC44179F.e.150/click - {}
RESULT: {}
COMMAND: POST /session/fd95c45ccda87168f56760c12bc05b9d/element - {"using":"xpath","value":"//button[@data-kt=\"addButton\"]"}
COMMAND: GET /session/fd95c45ccda87168f56760c12bc05b9d/screenshot - {}
RESULT: {"using":"xpath","value":"//button[@data-kt=\"addButton\"]"}
COMMAND: POST /session/fd95c45ccda87168f56760c12bc05b9d/elements - {"using":"xpath","value":"//button[@data-kt=\"addButton\"]"}
RESULT: {}
RESULT: {"using":"xpath","value":"//button[@data-kt=\"addButton\"]"}
COMMAND: POST /session/fd95c45ccda87168f56760c12bc05b9d/elements - {"using":"xpath","value":"//button[@data-kt=\"addButton\"]"}
RESULT: {"using":"xpath","value":"//button[@data-kt=\"addButton\"]"}
COMMAND: POST /session/fd95c45ccda87168f56760c12bc05b9d/elements - {"using":"xpath","value":"//button[@data-kt=\"addButton\"]"}
RESULT: {"using":"xpath","value":"//button[@data-kt=\"addButton\"]"}
COMMAND: POST /session/fd95c45ccda87168f56760c12bc05b9d/elements - {"using":"xpath","value":"//button[@data-kt=\"addButton\"]"}
RESULT: {"using":"xpath","value":"//button[@data-kt=\"addButton\"]"}
COMMAND: POST /session/fd95c45ccda87168f56760c12bc05b9d/elements - {"using":"xpath","value":"//button[@data-kt=\"addButton\"]"}
RESULT: {"using":"xpath","value":"//button[@data-kt=\"addButton\"]"}
COMMAND: POST /session/fd95c45ccda87168f56760c12bc05b9d/elements - {"using":"xpath","value":"//button[@data-kt=\"addButton\"]"}
RESULT: {"using":"xpath","value":"//button[@data-kt=\"addButton\"]"}
COMMAND: POST /session/fd95c45ccda87168f56760c12bc05b9d/elements - {"using":"xpath","value":"//button[@data-kt=\"addButton\"]"}
RESULT: {"using":"xpath","value":"//button[@data-kt=\"addButton\"]"}
COMMAND: POST /session/fd95c45ccda87168f56760c12bc05b9d/elements - {"using":"xpath","value":"//button[@data-kt=\"addButton\"]"}
RESULT: {"using":"xpath","value":"//button[@data-kt=\"addButton\"]"}
COMMAND: POST /session/fd95c45ccda87168f56760c12bc05b9d/elements - {"using":"xpath","value":"//button[@data-kt=\"addButton\"]"}
RESULT: {"using":"xpath","value":"//button[@data-kt=\"addButton\"]"}
COMMAND: POST /session/fd95c45ccda87168f56760c12bc05b9d/elements - {"using":"xpath","value":"//button[@data-kt=\"addButton\"]"}
RESULT: {"using":"xpath","value":"//button[@data-kt=\"addButton\"]"}
COMMAND: POST /session/fd95c45ccda87168f56760c12bc05b9d/elements - {"using":"xpath","value":"//button[@data-kt=\"addButton\"]"}
RESULT: {"using":"xpath","value":"//button[@data-kt=\"addButton\"]"}
COMMAND: POST /session/fd95c45ccda87168f56760c12bc05b9d/elements - {"using":"xpath","value":"//button[@data-kt=\"addButton\"]"}
RESULT: {"using":"xpath","value":"//button[@data-kt=\"addButton\"]"}
COMMAND: POST /session/fd95c45ccda87168f56760c12bc05b9d/elements - {"using":"xpath","value":"//button[@data-kt=\"addButton\"]"}
RESULT: {"using":"xpath","value":"//button[@data-kt=\"addButton\"]"}
COMMAND: POST /session/fd95c45ccda87168f56760c12bc05b9d/elements - {"using":"xpath","value":"//button[@data-kt=\"addButton\"]"}
RESULT: {"using":"xpath","value":"//button[@data-kt=\"addButton\"]"}
COMMAND: POST /session/fd95c45ccda87168f56760c12bc05b9d/elements - {"using":"xpath","value":"//button[@data-kt=\"addButton\"]"}
RESULT: {"using":"xpath","value":"//button[@data-kt=\"addButton\"]"}
COMMAND: POST /session/fd95c45ccda87168f56760c12bc05b9d/elements - {"using":"xpath","value":"//button[@data-kt=\"addButton\"]"}
RESULT: {"using":"xpath","value":"//button[@data-kt=\"addButton\"]"}
COMMAND: POST /session/fd95c45ccda87168f56760c12bc05b9d/elements - {"using":"xpath","value":"//button[@data-kt=\"addButton\"]"}
RESULT: {"using":"xpath","value":"//button[@data-kt=\"addButton\"]"}
COMMAND: POST /session/fd95c45ccda87168f56760c12bc05b9d/elements - {"using":"xpath","value":"//button[@data-kt=\"addButton\"]"}
RESULT: {"using":"xpath","value":"//button[@data-kt=\"addButton\"]"}
COMMAND: POST /session/fd95c45ccda87168f56760c12bc05b9d/element - {"using":"xpath","value":"//button[@data-kt=\"addButton\"]"}
RESULT: {"using":"xpath","value":"//button[@data-kt=\"addButton\"]"}
COMMAND: POST /session/fd95c45ccda87168f56760c12bc05b9d/execute/sync - {"script":"<script> [8489 bytes]","args":[{"element-6066-11e4-a52e-4f735466cecf":"f.1202D19FA9159A4DFC5EAE9C490348A6.d.69BF4D50BBA5E31CCCD217F7BC44179F.e.1037","ELEMENT":"f.1202D19FA9159A4DFC5EAE9C490348A6.d.69BF4D50BBA5E31CCCD217F7BC44179F.e.1037"}]}
RESULT: {"script":"<script> [8489 bytes]","args":[{"element-6066-11e4-a52e-4f735466cecf":"f.1202D19FA9159A4DFC5EAE9C490348A6.d.69BF4D50BBA5E31CCCD217F7BC44179F.e.1037","ELEMENT":"f.1202D19FA9159A4DFC5EAE9C490348A6.d.69BF4D50BBA5E31CCCD217F7BC44179F.e.1037"}]}
COMMAND: GET /session/fd95c45ccda87168f56760c12bc05b9d/element/f.1202D19FA9159A4DFC5EAE9C490348A6.d.69BF4D50BBA5E31CCCD217F7BC44179F.e.1037/enabled - {}
COMMAND: GET /session/fd95c45ccda87168f56760c12bc05b9d/screenshot - {}
RESULT: {}
COMMAND: POST /session/fd95c45ccda87168f56760c12bc05b9d/execute/sync - {"script":"<script> [8489 bytes]","args":[{"element-6066-11e4-a52e-4f735466cecf":"f.1202D19FA9159A4DFC5EAE9C490348A6.d.69BF4D50BBA5E31CCCD217F7BC44179F.e.1037","ELEMENT":"f.1202D19FA9159A4DFC5EAE9C490348A6.d.69BF4D50BBA5E31CCCD217F7BC44179F.e.1037"}]}
COMMAND: GET /session/fd95c45ccda87168f56760c12bc05b9d/screenshot - {}
RESULT: {}
RESULT: {"script":"<script> [8489 bytes]","args":[{"element-6066-11e4-a52e-4f735466cecf":"f.1202D19FA9159A4DFC5EAE9C490348A6.d.69BF4D50BBA5E31CCCD217F7BC44179F.e.1037","ELEMENT":"f.1202D19FA9159A4DFC5EAE9C490348A6.d.69BF4D50BBA5E31CCCD217F7BC44179F.e.1037"}]}
COMMAND: POST /session/fd95c45ccda87168f56760c12bc05b9d/execute/sync - {"script":"<script> [5351 bytes]","args":[{"element-6066-11e4-a52e-4f735466cecf":"f.1202D19FA9159A4DFC5EAE9C490348A6.d.69BF4D50BBA5E31CCCD217F7BC44179F.e.1037","ELEMENT":"f.1202D19FA9159A4DFC5EAE9C490348A6.d.69BF4D50BBA5E31CCCD217F7BC44179F.e.1037"}]}
COMMAND: GET /session/fd95c45ccda87168f56760c12bc05b9d/screenshot - {}
RESULT: {}
RESULT: {"script":"<script> [5351 bytes]","args":[{"element-6066-11e4-a52e-4f735466cecf":"f.1202D19FA9159A4DFC5EAE9C490348A6.d.69BF4D50BBA5E31CCCD217F7BC44179F.e.1037","ELEMENT":"f.1202D19FA9159A4DFC5EAE9C490348A6.d.69BF4D50BBA5E31CCCD217F7BC44179F.e.1037"}]}
COMMAND: POST /session/fd95c45ccda87168f56760c12bc05b9d/element/f.1202D19FA9159A4DFC5EAE9C490348A6.d.69BF4D50BBA5E31CCCD217F7BC44179F.e.1037/click - {}
COMMAND: GET /session/fd95c45ccda87168f56760c12bc05b9d/screenshot - {}
RESULT: {}
RESULT: {}
COMMAND: GET /session/fd95c45ccda87168f56760c12bc05b9d/screenshot - {}
RESULT: {}
COMMAND: POST /session/fd95c45ccda87168f56760c12bc05b9d/execute/async - {"script":"<script> [1562 bytes]","args":[{"selector":{"id":"application-managepartners-display-component---NewPartner--addressDetailDetailsName1","interaction":{"idSuffix":"inner"}},"wdio_ui5_key":"applicationmanagepartners-display-component---NewPartner--addressDetailDetailsName1"}]}
RESULT: {}
RESULT: {"script":"<script> [1562 bytes]","args":[{"selector":{"id":"application-managepartners-display-component---NewPartner--addressDetailDetailsName1","interaction":{"idSuffix":"inner"}},"wdio_ui5_key":"applicationmanagepartners-display-component---NewPartner--addressDetailDetailsName1"}]}
RESULT: undefined
COMMAND: POST /session/fd95c45ccda87168f56760c12bc05b9d/execute/async - {"script":"<script> [776 bytes]","args":[{"enterText":"Intercompany Partner WDIO","selector":{"id":"application-managepartners-display-component---NewPartner--addressDetailDetailsName1","interaction":{"idSuffix":"inner"}},"clearTextFirst":true,"interactionType":"ENTER_TEXT"}]}
RESULT: {"script":"<script> [776 bytes]","args":[{"enterText":"Intercompany Partner WDIO","selector":{"id":"application-managepartners-display-component---NewPartner--addressDetailDetailsName1","interaction":{"idSuffix":"inner"}},"clearTextFirst":true,"interactionType":"ENTER_TEXT"}]}
COMMAND: POST /session/fd95c45ccda87168f56760c12bc05b9d/execute/async - {"script":"<script> [1562 bytes]","args":[{"selector":{"id":"application-managepartners-display-component---NewPartner--addressDetailDetailsLanguage-arrow"},"wdio_ui5_key":"applicationmanagepartners-display-component---NewPartner--addressDetailDetailsLanguage-arrow"}]}
RESULT: {"script":"<script> [1562 bytes]","args":[{"selector":{"id":"application-managepartners-display-component---NewPartner--addressDetailDetailsLanguage-arrow"},"wdio_ui5_key":"applicationmanagepartners-display-component---NewPartner--addressDetailDetailsLanguage-arrow"}]}
RESULT: undefined
COMMAND: POST /session/fd95c45ccda87168f56760c12bc05b9d/element - {"using":"xpath","value":"//*[@id=\"application-managepartners-display-component---NewPartner--addressDetailDetailsLanguage-arrow\"]"}
RESULT: {"using":"xpath","value":"//*[@id=\"application-managepartners-display-component---NewPartner--addressDetailDetailsLanguage-arrow\"]"}
COMMAND: POST /session/fd95c45ccda87168f56760c12bc05b9d/element/f.1202D19FA9159A4DFC5EAE9C490348A6.d.69BF4D50BBA5E31CCCD217F7BC44179F.e.1489/click - {}
RESULT: {}
COMMAND: POST /session/fd95c45ccda87168f56760c12bc05b9d/element - {"using":"xpath","value":"//span[contains(text(), \"English\")]"}
COMMAND: GET /session/fd95c45ccda87168f56760c12bc05b9d/screenshot - {}
RESULT: {"using":"xpath","value":"//span[contains(text(), \"English\")]"}
COMMAND: POST /session/fd95c45ccda87168f56760c12bc05b9d/element/f.1202D19FA9159A4DFC5EAE9C490348A6.d.69BF4D50BBA5E31CCCD217F7BC44179F.e.1490/click - {}
RESULT: {}
RESULT: {}
COMMAND: GET /session/fd95c45ccda87168f56760c12bc05b9d/screenshot - {}
RESULT: {}
COMMAND: POST /session/fd95c45ccda87168f56760c12bc05b9d/execute/async - {"script":"<script> [1562 bytes]","args":[{"selector":{"id":"application-managepartners-display-component---NewPartner--addressDetailDetailsCity1","interaction":{"idSuffix":"inner"}},"wdio_ui5_key":"applicationmanagepartners-display-component---NewPartner--addressDetailDetailsCity1"}]}
RESULT: {"script":"<script> [1562 bytes]","args":[{"selector":{"id":"application-managepartners-display-component---NewPartner--addressDetailDetailsCity1","interaction":{"idSuffix":"inner"}},"wdio_ui5_key":"applicationmanagepartners-display-component---NewPartner--addressDetailDetailsCity1"}]}
RESULT: undefined
COMMAND: POST /session/fd95c45ccda87168f56760c12bc05b9d/execute/async - {"script":"<script> [776 bytes]","args":[{"enterText":"Rosario","selector":{"id":"application-managepartners-display-component---NewPartner--addressDetailDetailsCity1","interaction":{"idSuffix":"inner"}},"clearTextFirst":true,"interactionType":"ENTER_TEXT"}]}
RESULT: {"script":"<script> [776 bytes]","args":[{"enterText":"Rosario","selector":{"id":"application-managepartners-display-component---NewPartner--addressDetailDetailsCity1","interaction":{"idSuffix":"inner"}},"clearTextFirst":true,"interactionType":"ENTER_TEXT"}]}
COMMAND: POST /session/fd95c45ccda87168f56760c12bc05b9d/execute/async - {"script":"<script> [1562 bytes]","args":[{"selector":{"id":"application-managepartners-display-component---NewPartner--addressDetailDetailsCountry-arrow"},"wdio_ui5_key":"applicationmanagepartners-display-component---NewPartner--addressDetailDetailsCountry-arrow"}]}
RESULT: {"script":"<script> [1562 bytes]","args":[{"selector":{"id":"application-managepartners-display-component---NewPartner--addressDetailDetailsCountry-arrow"},"wdio_ui5_key":"applicationmanagepartners-display-component---NewPartner--addressDetailDetailsCountry-arrow"}]}
RESULT: undefined
COMMAND: POST /session/fd95c45ccda87168f56760c12bc05b9d/element - {"using":"xpath","value":"//*[@id=\"application-managepartners-display-component---NewPartner--addressDetailDetailsCountry-arrow\"]"}
RESULT: {"using":"xpath","value":"//*[@id=\"application-managepartners-display-component---NewPartner--addressDetailDetailsCountry-arrow\"]"}
COMMAND: POST /session/fd95c45ccda87168f56760c12bc05b9d/element/f.1202D19FA9159A4DFC5EAE9C490348A6.d.69BF4D50BBA5E31CCCD217F7BC44179F.e.1474/click - {}
RESULT: {}
COMMAND: POST /session/fd95c45ccda87168f56760c12bc05b9d/element - {"using":"xpath","value":"//span[contains(text(), \"Argentina\")]"}
COMMAND: GET /session/fd95c45ccda87168f56760c12bc05b9d/screenshot - {}
RESULT: {"using":"xpath","value":"//span[contains(text(), \"Argentina\")]"}
COMMAND: POST /session/fd95c45ccda87168f56760c12bc05b9d/element/f.1202D19FA9159A4DFC5EAE9C490348A6.d.69BF4D50BBA5E31CCCD217F7BC44179F.e.1492/click - {}
RESULT: {}
RESULT: {}
COMMAND: GET /session/fd95c45ccda87168f56760c12bc05b9d/screenshot - {}
RESULT: {}
COMMAND: POST /session/fd95c45ccda87168f56760c12bc05b9d/element - {"using":"xpath","value":"//bdi[contains(text(), \"Commercial\")]"}
RESULT: {"using":"xpath","value":"//bdi[contains(text(), \"Commercial\")]"}
COMMAND: POST /session/fd95c45ccda87168f56760c12bc05b9d/element/f.1202D19FA9159A4DFC5EAE9C490348A6.d.69BF4D50BBA5E31CCCD217F7BC44179F.e.1493/click - {}
RESULT: {}
COMMAND: GET /session/fd95c45ccda87168f56760c12bc05b9d/screenshot - {}
RESULT: {}
COMMAND: POST /session/fd95c45ccda87168f56760c12bc05b9d/execute/async - {"script":"<script> [1562 bytes]","args":[{"selector":{"id":"application-managepartners-display-component---NewPartner--partnerDetailInternal-arrow"},"wdio_ui5_key":"applicationmanagepartners-display-component---NewPartner--partnerDetailInternal-arrow"}]}
RESULT: {"script":"<script> [1562 bytes]","args":[{"selector":{"id":"application-managepartners-display-component---NewPartner--partnerDetailInternal-arrow"},"wdio_ui5_key":"applicationmanagepartners-display-component---NewPartner--partnerDetailInternal-arrow"}]}
RESULT: undefined
COMMAND: POST /session/fd95c45ccda87168f56760c12bc05b9d/element - {"using":"xpath","value":"//*[@id=\"application-managepartners-display-component---NewPartner--partnerDetailInternal-arrow\"]"}
RESULT: {"using":"xpath","value":"//*[@id=\"application-managepartners-display-component---NewPartner--partnerDetailInternal-arrow\"]"}
COMMAND: POST /session/fd95c45ccda87168f56760c12bc05b9d/element/f.1202D19FA9159A4DFC5EAE9C490348A6.d.69BF4D50BBA5E31CCCD217F7BC44179F.e.1499/click - {}
RESULT: {}
COMMAND: POST /session/fd95c45ccda87168f56760c12bc05b9d/element - {"using":"xpath","value":"//span[contains(text(), \"Affiliated company\")]"}
COMMAND: GET /session/fd95c45ccda87168f56760c12bc05b9d/screenshot - {}
RESULT: {"using":"xpath","value":"//span[contains(text(), \"Affiliated company\")]"}
COMMAND: POST /session/fd95c45ccda87168f56760c12bc05b9d/element/f.1202D19FA9159A4DFC5EAE9C490348A6.d.69BF4D50BBA5E31CCCD217F7BC44179F.e.1502/click - {}
RESULT: {}
RESULT: {}
COMMAND: POST /session/fd95c45ccda87168f56760c12bc05b9d/execute/async - {"script":"<script> [1562 bytes]","args":[{"selector":{"id":"application-managepartners-display-component---NewPartner--partnerDetailsCurrency-arrow"},"wdio_ui5_key":"applicationmanagepartners-display-component---NewPartner--partnerDetailsCurrency-arrow"}]}
COMMAND: GET /session/fd95c45ccda87168f56760c12bc05b9d/screenshot - {}
RESULT: {"script":"<script> [1562 bytes]","args":[{"selector":{"id":"application-managepartners-display-component---NewPartner--partnerDetailsCurrency-arrow"},"wdio_ui5_key":"applicationmanagepartners-display-component---NewPartner--partnerDetailsCurrency-arrow"}]}
RESULT: undefined
COMMAND: POST /session/fd95c45ccda87168f56760c12bc05b9d/element - {"using":"xpath","value":"//*[@id=\"application-managepartners-display-component---NewPartner--partnerDetailsCurrency-arrow\"]"}
RESULT: {}
RESULT: {"using":"xpath","value":"//*[@id=\"application-managepartners-display-component---NewPartner--partnerDetailsCurrency-arrow\"]"}
COMMAND: POST /session/fd95c45ccda87168f56760c12bc05b9d/element/f.1202D19FA9159A4DFC5EAE9C490348A6.d.69BF4D50BBA5E31CCCD217F7BC44179F.e.1509/click - {}
RESULT: {}
COMMAND: POST /session/fd95c45ccda87168f56760c12bc05b9d/element - {"using":"xpath","value":"//span[contains(text(), \"Euro\")]"}
COMMAND: GET /session/fd95c45ccda87168f56760c12bc05b9d/screenshot - {}
RESULT: {"using":"xpath","value":"//span[contains(text(), \"Euro\")]"}
COMMAND: POST /session/fd95c45ccda87168f56760c12bc05b9d/element/f.1202D19FA9159A4DFC5EAE9C490348A6.d.69BF4D50BBA5E31CCCD217F7BC44179F.e.1510/click - {}
RESULT: {}
RESULT: {}
COMMAND: POST /session/fd95c45ccda87168f56760c12bc05b9d/execute/async - {"script":"<script> [1562 bytes]","args":[{"selector":{"id":"application-managepartners-display-component---NewPartner--addressEditDetailsCostObjectCstType-arrow"},"wdio_ui5_key":"applicationmanagepartners-display-component---NewPartner--addressEditDetailsCostObjectCstType-arrow"}]}
COMMAND: GET /session/fd95c45ccda87168f56760c12bc05b9d/screenshot - {}
RESULT: {"script":"<script> [1562 bytes]","args":[{"selector":{"id":"application-managepartners-display-component---NewPartner--addressEditDetailsCostObjectCstType-arrow"},"wdio_ui5_key":"applicationmanagepartners-display-component---NewPartner--addressEditDetailsCostObjectCstType-arrow"}]}
RESULT: undefined
COMMAND: POST /session/fd95c45ccda87168f56760c12bc05b9d/element - {"using":"xpath","value":"//*[@id=\"application-managepartners-display-component---NewPartner--addressEditDetailsCostObjectCstType-arrow\"]"}
RESULT: {}
RESULT: {"using":"xpath","value":"//*[@id=\"application-managepartners-display-component---NewPartner--addressEditDetailsCostObjectCstType-arrow\"]"}
COMMAND: POST /session/fd95c45ccda87168f56760c12bc05b9d/element/f.1202D19FA9159A4DFC5EAE9C490348A6.d.69BF4D50BBA5E31CCCD217F7BC44179F.e.1511/click - {}
RESULT: {}
COMMAND: POST /session/fd95c45ccda87168f56760c12bc05b9d/element - {"using":"xpath","value":"//span[contains(text(), \"Cost Center\")]"}
COMMAND: GET /session/fd95c45ccda87168f56760c12bc05b9d/screenshot - {}
RESULT: {"using":"xpath","value":"//span[contains(text(), \"Cost Center\")]"}
COMMAND: POST /session/fd95c45ccda87168f56760c12bc05b9d/element/f.1202D19FA9159A4DFC5EAE9C490348A6.d.69BF4D50BBA5E31CCCD217F7BC44179F.e.1512/click - {}
RESULT: {}
RESULT: {}
COMMAND: GET /session/fd95c45ccda87168f56760c12bc05b9d/screenshot - {}
RESULT: {}
COMMAND: POST /session/fd95c45ccda87168f56760c12bc05b9d/element - {"using":"xpath","value":"//span[@id=\"application-managepartners-display-component---NewPartner--addressNewCostObjectCstID-vhi\"]"}
RESULT: {"using":"xpath","value":"//span[@id=\"application-managepartners-display-component---NewPartner--addressNewCostObjectCstID-vhi\"]"}
COMMAND: POST /session/fd95c45ccda87168f56760c12bc05b9d/execute/sync - {"script":"<script> [8489 bytes]","args":[{"element-6066-11e4-a52e-4f735466cecf":"f.1202D19FA9159A4DFC5EAE9C490348A6.d.69BF4D50BBA5E31CCCD217F7BC44179F.e.1515","ELEMENT":"f.1202D19FA9159A4DFC5EAE9C490348A6.d.69BF4D50BBA5E31CCCD217F7BC44179F.e.1515"}]}
RESULT: {"script":"<script> [8489 bytes]","args":[{"element-6066-11e4-a52e-4f735466cecf":"f.1202D19FA9159A4DFC5EAE9C490348A6.d.69BF4D50BBA5E31CCCD217F7BC44179F.e.1515","ELEMENT":"f.1202D19FA9159A4DFC5EAE9C490348A6.d.69BF4D50BBA5E31CCCD217F7BC44179F.e.1515"}]}
COMMAND: POST /session/fd95c45ccda87168f56760c12bc05b9d/execute/async - {"script":"<script> [1562 bytes]","args":[{"selector":{"id":"application-managepartners-display-component---NewPartner--addressNewCostObjectCstID-vhi"},"wdio_ui5_key":"applicationmanagepartners-display-component---NewPartner--addressNewCostObjectCstID-vhi"}]}
COMMAND: GET /session/fd95c45ccda87168f56760c12bc05b9d/screenshot - {}
RESULT: {"script":"<script> [1562 bytes]","args":[{"selector":{"id":"application-managepartners-display-component---NewPartner--addressNewCostObjectCstID-vhi"},"wdio_ui5_key":"applicationmanagepartners-display-component---NewPartner--addressNewCostObjectCstID-vhi"}]}
RESULT: undefined
COMMAND: POST /session/fd95c45ccda87168f56760c12bc05b9d/element - {"using":"xpath","value":"//*[@id=\"application-managepartners-display-component---NewPartner--addressNewCostObjectCstID-vhi\"]"}
RESULT: {}
RESULT: {"using":"xpath","value":"//*[@id=\"application-managepartners-display-component---NewPartner--addressNewCostObjectCstID-vhi\"]"}
COMMAND: POST /session/fd95c45ccda87168f56760c12bc05b9d/element/f.1202D19FA9159A4DFC5EAE9C490348A6.d.69BF4D50BBA5E31CCCD217F7BC44179F.e.1515/click - {}
RESULT: {}
COMMAND: GET /session/fd95c45ccda87168f56760c12bc05b9d/screenshot - {}
RESULT: {}
RESULT: undefined
COMMAND: POST /session/fd95c45ccda87168f56760c12bc05b9d/execute/async - {"script":"<script> [776 bytes]","args":[{"enterText":"10001013","selector":{"controlType":"sap.m.SearchField","properties":{"placeholder":"Search"},"searchOpenDialogs":true,"interaction":{"idSuffix":"I"}},"clearTextFirst":true,"interactionType":"ENTER_TEXT"}]}
RESULT: {"script":"<script> [776 bytes]","args":[{"enterText":"10001013","selector":{"controlType":"sap.m.SearchField","properties":{"placeholder":"Search"},"searchOpenDialogs":true,"interaction":{"idSuffix":"I"}},"clearTextFirst":true,"interactionType":"ENTER_TEXT"}]}
COMMAND: POST /session/fd95c45ccda87168f56760c12bc05b9d/actions - {"actions":[{"id":"action2","type":"key","parameters":{},"actions":[{"type":"keyDown","value":"î€‡"},{"type":"pause","duration":10},{"type":"keyUp","value":"î€‡"}]}]}
RESULT: {"actions":[{"id":"action2","type":"key","parameters":{},"actions":[{"type":"keyDown","value":"î€‡"},{"type":"pause","duration":10},{"type":"keyUp","value":"î€‡"}]}]}
COMMAND: GET /session/fd95c45ccda87168f56760c12bc05b9d/screenshot - {}
RESULT: {}
COMMAND: POST /session/fd95c45ccda87168f56760c12bc05b9d/element - {"using":"xpath","value":"//span[contains(text(), \"General Management\")]"}
RESULT: {"using":"xpath","value":"//span[contains(text(), \"General Management\")]"}
COMMAND: POST /session/fd95c45ccda87168f56760c12bc05b9d/element/f.1202D19FA9159A4DFC5EAE9C490348A6.d.69BF4D50BBA5E31CCCD217F7BC44179F.e.1555/click - {}
RESULT: {}
COMMAND: GET /session/fd95c45ccda87168f56760c12bc05b9d/screenshot - {}
RESULT: {}
COMMAND: POST /session/fd95c45ccda87168f56760c12bc05b9d/element - {"using":"xpath","value":"//bdi[contains(text(), \"OK\")]"}
RESULT: {"using":"xpath","value":"//bdi[contains(text(), \"OK\")]"}
COMMAND: POST /session/fd95c45ccda87168f56760c12bc05b9d/element/f.1202D19FA9159A4DFC5EAE9C490348A6.d.69BF4D50BBA5E31CCCD217F7BC44179F.e.1556/click - {}
RESULT: {}
COMMAND: GET /session/fd95c45ccda87168f56760c12bc05b9d/screenshot - {}
RESULT: {}
COMMAND: POST /session/fd95c45ccda87168f56760c12bc05b9d/element - {"using":"xpath","value":"//input[@id=\"application-managepartners-display-component---NewPartner--companyCodeComboBox-inner\"]"}
RESULT: {"using":"xpath","value":"//input[@id=\"application-managepartners-display-component---NewPartner--companyCodeComboBox-inner\"]"}
COMMAND: POST /session/fd95c45ccda87168f56760c12bc05b9d/element/f.1202D19FA9159A4DFC5EAE9C490348A6.d.69BF4D50BBA5E31CCCD217F7BC44179F.e.1349/clear - {}
RESULT: {}
COMMAND: POST /session/fd95c45ccda87168f56760c12bc05b9d/element/f.1202D19FA9159A4DFC5EAE9C490348A6.d.69BF4D50BBA5E31CCCD217F7BC44179F.e.1349/value - {"text":"C002"}
COMMAND: GET /session/fd95c45ccda87168f56760c12bc05b9d/screenshot - {}
RESULT: {"text":"C002"}
COMMAND: GET /session/fd95c45ccda87168f56760c12bc05b9d/screenshot - {}
RESULT: {}
RESULT: {}
COMMAND: POST /session/fd95c45ccda87168f56760c12bc05b9d/element - {"using":"xpath","value":"//span[contains(text(), \"C002\")]"}
RESULT: {"using":"xpath","value":"//span[contains(text(), \"C002\")]"}
COMMAND: POST /session/fd95c45ccda87168f56760c12bc05b9d/element/f.1202D19FA9159A4DFC5EAE9C490348A6.d.69BF4D50BBA5E31CCCD217F7BC44179F.e.1562/click - {}
RESULT: {}
COMMAND: GET /session/fd95c45ccda87168f56760c12bc05b9d/screenshot - {}
RESULT: {}
COMMAND: POST /session/fd95c45ccda87168f56760c12bc05b9d/execute/async - {"script":"<script> [1562 bytes]","args":[{"selector":{"id":"application-managepartners-display-component---NewPartner--btnAddTableRow-img"},"wdio_ui5_key":"applicationmanagepartners-display-component---NewPartner--btnAddTableRow-img"}]}
RESULT: {"script":"<script> [1562 bytes]","args":[{"selector":{"id":"application-managepartners-display-component---NewPartner--btnAddTableRow-img"},"wdio_ui5_key":"applicationmanagepartners-display-component---NewPartner--btnAddTableRow-img"}]}
RESULT: undefined
COMMAND: POST /session/fd95c45ccda87168f56760c12bc05b9d/element - {"using":"xpath","value":"//*[@id=\"application-managepartners-display-component---NewPartner--btnAddTableRow-img\"]"}
RESULT: {"using":"xpath","value":"//*[@id=\"application-managepartners-display-component---NewPartner--btnAddTableRow-img\"]"}
COMMAND: POST /session/fd95c45ccda87168f56760c12bc05b9d/element/f.1202D19FA9159A4DFC5EAE9C490348A6.d.69BF4D50BBA5E31CCCD217F7BC44179F.e.1563/click - {}
RESULT: {}
COMMAND: GET /session/fd95c45ccda87168f56760c12bc05b9d/screenshot - {}
RESULT: {}
COMMAND: POST /session/fd95c45ccda87168f56760c12bc05b9d/element - {"using":"xpath","value":"//input[@id=\"application-managepartners-display-component---NewPartner--assignmentYard-application-managepartners-display-component---NewPartner--assignmentsTable-0-inner\"]"}
RESULT: {"using":"xpath","value":"//input[@id=\"application-managepartners-display-component---NewPartner--assignmentYard-application-managepartners-display-component---NewPartner--assignmentsTable-0-inner\"]"}
COMMAND: POST /session/fd95c45ccda87168f56760c12bc05b9d/element/f.1202D19FA9159A4DFC5EAE9C490348A6.d.69BF4D50BBA5E31CCCD217F7BC44179F.e.1566/clear - {}
RESULT: {}
COMMAND: POST /session/fd95c45ccda87168f56760c12bc05b9d/element/f.1202D19FA9159A4DFC5EAE9C490348A6.d.69BF4D50BBA5E31CCCD217F7BC44179F.e.1566/value - {"text":"801"}
COMMAND: GET /session/fd95c45ccda87168f56760c12bc05b9d/screenshot - {}
RESULT: {"text":"801"}
COMMAND: GET /session/fd95c45ccda87168f56760c12bc05b9d/screenshot - {}
RESULT: {}
RESULT: {}
COMMAND: POST /session/fd95c45ccda87168f56760c12bc05b9d/element - {"using":"xpath","value":"//li[.//span[text()='801']]"}
RESULT: {"using":"xpath","value":"//li[.//span[text()='801']]"}
COMMAND: POST /session/fd95c45ccda87168f56760c12bc05b9d/element/f.1202D19FA9159A4DFC5EAE9C490348A6.d.69BF4D50BBA5E31CCCD217F7BC44179F.e.1575/click - {}
RESULT: {}
COMMAND: GET /session/fd95c45ccda87168f56760c12bc05b9d/screenshot - {}
RESULT: {}
COMMAND: POST /session/fd95c45ccda87168f56760c12bc05b9d/actions - {"actions":[{"id":"action3","type":"key","parameters":{},"actions":[{"type":"keyDown","value":"î€‡"},{"type":"pause","duration":10},{"type":"keyUp","value":"î€‡"}]}]}
RESULT: {"actions":[{"id":"action3","type":"key","parameters":{},"actions":[{"type":"keyDown","value":"î€‡"},{"type":"pause","duration":10},{"type":"keyUp","value":"î€‡"}]}]}
COMMAND: POST /session/fd95c45ccda87168f56760c12bc05b9d/execute/async - {"script":"<script> [1562 bytes]","args":[{"selector":{"id":"application-managepartners-display-component---NewPartner--externalCustomerComboBox-application-managepartners-display-component---NewPartner--assignmentsTable-0-vhi"},"wdio_ui5_key":"applicationmanagepartners-display-component---NewPartner--externalCustomerComboBox-application-managepartners-display-component---NewPartner--assignmentsTable-0-vhi"}]}
COMMAND: GET /session/fd95c45ccda87168f56760c12bc05b9d/screenshot - {}
RESULT: {"script":"<script> [1562 bytes]","args":[{"selector":{"id":"application-managepartners-display-component---NewPartner--externalCustomerComboBox-application-managepartners-display-component---NewPartner--assignmentsTable-0-vhi"},"wdio_ui5_key":"applicationmanagepartners-display-component---NewPartner--externalCustomerComboBox-application-managepartners-display-component---NewPartner--assignmentsTable-0-vhi"}]}
RESULT: undefined
COMMAND: POST /session/fd95c45ccda87168f56760c12bc05b9d/element - {"using":"xpath","value":"//*[@id=\"application-managepartners-display-component---NewPartner--externalCustomerComboBox-application-managepartners-display-component---NewPartner--assignmentsTable-0-vhi\"]"}
RESULT: {}
RESULT: {"using":"xpath","value":"//*[@id=\"application-managepartners-display-component---NewPartner--externalCustomerComboBox-application-managepartners-display-component---NewPartner--assignmentsTable-0-vhi\"]"}
COMMAND: POST /session/fd95c45ccda87168f56760c12bc05b9d/element/f.1202D19FA9159A4DFC5EAE9C490348A6.d.69BF4D50BBA5E31CCCD217F7BC44179F.e.1579/click - {}
RESULT: {}
RESULT: undefined
COMMAND: POST /session/fd95c45ccda87168f56760c12bc05b9d/execute/async - {"script":"<script> [776 bytes]","args":[{"enterText":"300003","selector":{"controlType":"sap.m.SearchField","properties":{"placeholder":"Search"},"searchOpenDialogs":true,"interaction":{"idSuffix":"I"}},"clearTextFirst":true,"interactionType":"ENTER_TEXT"}]}
COMMAND: GET /session/fd95c45ccda87168f56760c12bc05b9d/screenshot - {}
RESULT: {"script":"<script> [776 bytes]","args":[{"enterText":"300003","selector":{"controlType":"sap.m.SearchField","properties":{"placeholder":"Search"},"searchOpenDialogs":true,"interaction":{"idSuffix":"I"}},"clearTextFirst":true,"interactionType":"ENTER_TEXT"}]}
COMMAND: POST /session/fd95c45ccda87168f56760c12bc05b9d/actions - {"actions":[{"id":"action4","type":"key","parameters":{},"actions":[{"type":"keyDown","value":"î€‡"},{"type":"pause","duration":10},{"type":"keyUp","value":"î€‡"}]}]}
RESULT: {}
RESULT: {"actions":[{"id":"action4","type":"key","parameters":{},"actions":[{"type":"keyDown","value":"î€‡"},{"type":"pause","duration":10},{"type":"keyUp","value":"î€‡"}]}]}
COMMAND: GET /session/fd95c45ccda87168f56760c12bc05b9d/screenshot - {}
RESULT: {}
COMMAND: POST /session/fd95c45ccda87168f56760c12bc05b9d/element - {"using":"xpath","value":"//span[contains(text(), \"300003\")]"}
RESULT: {"using":"xpath","value":"//span[contains(text(), \"300003\")]"}
COMMAND: POST /session/fd95c45ccda87168f56760c12bc05b9d/element/f.1202D19FA9159A4DFC5EAE9C490348A6.d.69BF4D50BBA5E31CCCD217F7BC44179F.e.1598/click - {}
RESULT: {}
COMMAND: GET /session/fd95c45ccda87168f56760c12bc05b9d/screenshot - {}
RESULT: {}
COMMAND: POST /session/fd95c45ccda87168f56760c12bc05b9d/element - {"using":"xpath","value":"//bdi[contains(text(), \"OK\")]"}
RESULT: {"using":"xpath","value":"//bdi[contains(text(), \"OK\")]"}
COMMAND: POST /session/fd95c45ccda87168f56760c12bc05b9d/element/f.1202D19FA9159A4DFC5EAE9C490348A6.d.69BF4D50BBA5E31CCCD217F7BC44179F.e.1600/click - {}
RESULT: {}
COMMAND: GET /session/fd95c45ccda87168f56760c12bc05b9d/screenshot - {}
RESULT: {}
COMMAND: POST /session/fd95c45ccda87168f56760c12bc05b9d/execute/async - {"script":"<script> [1562 bytes]","args":[{"selector":{"id":"application-managepartners-display-component---NewPartner--intercompVendorComboBox-application-managepartners-display-component---NewPartner--assignmentsTable-0-vhi"},"wdio_ui5_key":"applicationmanagepartners-display-component---NewPartner--intercompVendorComboBox-application-managepartners-display-component---NewPartner--assignmentsTable-0-vhi"}]}
RESULT: {"script":"<script> [1562 bytes]","args":[{"selector":{"id":"application-managepartners-display-component---NewPartner--intercompVendorComboBox-application-managepartners-display-component---NewPartner--assignmentsTable-0-vhi"},"wdio_ui5_key":"applicationmanagepartners-display-component---NewPartner--intercompVendorComboBox-application-managepartners-display-component---NewPartner--assignmentsTable-0-vhi"}]}
RESULT: undefined
COMMAND: POST /session/fd95c45ccda87168f56760c12bc05b9d/element - {"using":"xpath","value":"//*[@id=\"application-managepartners-display-component---NewPartner--intercompVendorComboBox-application-managepartners-display-component---NewPartner--assignmentsTable-0-vhi\"]"}
RESULT: {"using":"xpath","value":"//*[@id=\"application-managepartners-display-component---NewPartner--intercompVendorComboBox-application-managepartners-display-component---NewPartner--assignmentsTable-0-vhi\"]"}
COMMAND: POST /session/fd95c45ccda87168f56760c12bc05b9d/element/f.1202D19FA9159A4DFC5EAE9C490348A6.d.69BF4D50BBA5E31CCCD217F7BC44179F.e.1603/click - {}
RESULT: {}
RESULT: undefined
COMMAND: POST /session/fd95c45ccda87168f56760c12bc05b9d/execute/async - {"script":"<script> [776 bytes]","args":[{"enterText":"100005","selector":{"controlType":"sap.m.SearchField","properties":{"placeholder":"Search"},"searchOpenDialogs":true,"interaction":{"idSuffix":"I"}},"clearTextFirst":true,"interactionType":"ENTER_TEXT"}]}
COMMAND: GET /session/fd95c45ccda87168f56760c12bc05b9d/screenshot - {}
RESULT: {"script":"<script> [776 bytes]","args":[{"enterText":"100005","selector":{"controlType":"sap.m.SearchField","properties":{"placeholder":"Search"},"searchOpenDialogs":true,"interaction":{"idSuffix":"I"}},"clearTextFirst":true,"interactionType":"ENTER_TEXT"}]}
COMMAND: POST /session/fd95c45ccda87168f56760c12bc05b9d/actions - {"actions":[{"id":"action5","type":"key","parameters":{},"actions":[{"type":"keyDown","value":"î€‡"},{"type":"pause","duration":10},{"type":"keyUp","value":"î€‡"}]}]}
RESULT: {}
RESULT: {"actions":[{"id":"action5","type":"key","parameters":{},"actions":[{"type":"keyDown","value":"î€‡"},{"type":"pause","duration":10},{"type":"keyUp","value":"î€‡"}]}]}
COMMAND: GET /session/fd95c45ccda87168f56760c12bc05b9d/screenshot - {}
RESULT: {}
COMMAND: POST /session/fd95c45ccda87168f56760c12bc05b9d/element - {"using":"xpath","value":"//span[contains(text(), \"Penguins - Field/12345 Berlin\")]"}
RESULT: {"using":"xpath","value":"//span[contains(text(), \"Penguins - Field/12345 Berlin\")]"}
COMMAND: POST /session/fd95c45ccda87168f56760c12bc05b9d/element/f.1202D19FA9159A4DFC5EAE9C490348A6.d.69BF4D50BBA5E31CCCD217F7BC44179F.e.1622/click - {}
RESULT: {}
COMMAND: GET /session/fd95c45ccda87168f56760c12bc05b9d/screenshot - {}
RESULT: {}
COMMAND: POST /session/fd95c45ccda87168f56760c12bc05b9d/element - {"using":"xpath","value":"//bdi[contains(text(), \"OK\")]"}
RESULT: {"using":"xpath","value":"//bdi[contains(text(), \"OK\")]"}
COMMAND: POST /session/fd95c45ccda87168f56760c12bc05b9d/element/f.1202D19FA9159A4DFC5EAE9C490348A6.d.69BF4D50BBA5E31CCCD217F7BC44179F.e.1623/click - {}
RESULT: {}
COMMAND: GET /session/fd95c45ccda87168f56760c12bc05b9d/screenshot - {}
RESULT: {}
COMMAND: POST /session/fd95c45ccda87168f56760c12bc05b9d/element - {"using":"xpath","value":"//button[@data-kt=\"saveButton\"]"}
RESULT: {"using":"xpath","value":"//button[@data-kt=\"saveButton\"]"}
COMMAND: POST /session/fd95c45ccda87168f56760c12bc05b9d/element/f.1202D19FA9159A4DFC5EAE9C490348A6.d.69BF4D50BBA5E31CCCD217F7BC44179F.e.1403/click - {}
RESULT: {}
COMMAND: GET /session/fd95c45ccda87168f56760c12bc05b9d/screenshot - {}
RESULT: {}
COMMAND: POST /session/fd95c45ccda87168f56760c12bc05b9d/element - {"using":"xpath","value":"//header[contains(@id, 'ObjectPageLayout-headerTitle')]/div[1]/div[2]/div[2]/span[1]"}
RESULT: {"using":"xpath","value":"//header[contains(@id, 'ObjectPageLayout-headerTitle')]/div[1]/div[2]/div[2]/span[1]"}
COMMAND: POST /session/fd95c45ccda87168f56760c12bc05b9d/elements - {"using":"xpath","value":"//header[contains(@id, 'ObjectPageLayout-headerTitle')]/div[1]/div[2]/div[2]/span[1]"}
RESULT: {"using":"xpath","value":"//header[contains(@id, 'ObjectPageLayout-headerTitle')]/div[1]/div[2]/div[2]/span[1]"}
COMMAND: POST /session/fd95c45ccda87168f56760c12bc05b9d/execute/sync - {"script":"<script> [56 bytes]","args":[{"element-6066-11e4-a52e-4f735466cecf":"f.1202D19FA9159A4DFC5EAE9C490348A6.d.69BF4D50BBA5E31CCCD217F7BC44179F.e.1788","ELEMENT":"f.1202D19FA9159A4DFC5EAE9C490348A6.d.69BF4D50BBA5E31CCCD217F7BC44179F.e.1788"}]}
RESULT: {"script":"<script> [56 bytes]","args":[{"element-6066-11e4-a52e-4f735466cecf":"f.1202D19FA9159A4DFC5EAE9C490348A6.d.69BF4D50BBA5E31CCCD217F7BC44179F.e.1788","ELEMENT":"f.1202D19FA9159A4DFC5EAE9C490348A6.d.69BF4D50BBA5E31CCCD217F7BC44179F.e.1788"}]}
COMMAND: POST /session/fd95c45ccda87168f56760c12bc05b9d/element - {"using":"css selector","value":"#shell-header-logo"}
COMMAND: GET /session/fd95c45ccda87168f56760c12bc05b9d/screenshot - {}
RESULT: {"using":"css selector","value":"#shell-header-logo"}
COMMAND: POST /session/fd95c45ccda87168f56760c12bc05b9d/element/f.1202D19FA9159A4DFC5EAE9C490348A6.d.69BF4D50BBA5E31CCCD217F7BC44179F.e.1003/click - {}
RESULT: {}
RESULT: {}
COMMAND: GET /session/fd95c45ccda87168f56760c12bc05b9d/screenshot - {}
RESULT: {}
COMMAND: POST /session/fd95c45ccda87168f56760c12bc05b9d/execute/sync - {"script":"<script> [299 bytes]","args":[["getModel","getResource"]]}
RESULT: {"script":"<script> [299 bytes]","args":[["getModel","getResource"]]}
COMMAND: GET /session/fd95c45ccda87168f56760c12bc05b9d/screenshot - {}
]]></system-out>
    </testcase>
  </testsuite>
  <testsuite timestamp="2025-04-24T17:35:07" time="1079.497" tests="12" failures="0" errors="0" skipped="0">
    <properties>
      <property name="specId" value="0" />
      <property name="suiteName" value="Billing Transfer - Intracompany US127249" />
      <property name="capabilities" value="chrome.135_0_7049_96.windows" />
      <property name="file" value="file:///D:/a/1/s/test/specs/BTS/billing-transfer-intracompany.spec.js" />
    </properties>
    <testcase classname="chrome.135_0_7049_96.windows.Billing_Transfer_-_Intracompany_US127249" name="Should create a new yard" time="116.895">
      <system-out><![CDATA[
COMMAND: POST /session/fd95c45ccda87168f56760c12bc05b9d/window/fullscreen - {}
RESULT: {}
COMMAND: POST /session/fd95c45ccda87168f56760c12bc05b9d/execute/async - {"script":"<script> [1562 bytes]","args":[{"selector":{"controlType":"sap.m.GenericTile","properties":{"header":"Manage Yards"}},"wdio_ui5_key":"sapm.GenericTile{\"header\":\"Manage Yards\"}"}]}
RESULT: {"script":"<script> [1562 bytes]","args":[{"selector":{"controlType":"sap.m.GenericTile","properties":{"header":"Manage Yards"}},"wdio_ui5_key":"sapm.GenericTile{\"header\":\"Manage Yards\"}"}]}
RESULT: undefined
COMMAND: POST /session/fd95c45ccda87168f56760c12bc05b9d/element - {"using":"xpath","value":"//*[@id=\"__tile41\"]"}
RESULT: {"using":"xpath","value":"//*[@id=\"__tile41\"]"}
COMMAND: POST /session/fd95c45ccda87168f56760c12bc05b9d/element/f.1202D19FA9159A4DFC5EAE9C490348A6.d.B52CF8B0466A6F828B9660DA66596875.e.2690/click - {}
RESULT: {}
COMMAND: POST /session/fd95c45ccda87168f56760c12bc05b9d/element - {"using":"xpath","value":"//button[@data-kt=\"addNewYardOverflowToolbarButton\"]"}
COMMAND: GET /session/fd95c45ccda87168f56760c12bc05b9d/screenshot - {}
RESULT: {"using":"xpath","value":"//button[@data-kt=\"addNewYardOverflowToolbarButton\"]"}
COMMAND: POST /session/fd95c45ccda87168f56760c12bc05b9d/elements - {"using":"xpath","value":"//button[@data-kt=\"addNewYardOverflowToolbarButton\"]"}
RESULT: {}
RESULT: {"using":"xpath","value":"//button[@data-kt=\"addNewYardOverflowToolbarButton\"]"}
COMMAND: POST /session/fd95c45ccda87168f56760c12bc05b9d/elements - {"using":"xpath","value":"//button[@data-kt=\"addNewYardOverflowToolbarButton\"]"}
RESULT: {"using":"xpath","value":"//button[@data-kt=\"addNewYardOverflowToolbarButton\"]"}
COMMAND: POST /session/fd95c45ccda87168f56760c12bc05b9d/elements - {"using":"xpath","value":"//button[@data-kt=\"addNewYardOverflowToolbarButton\"]"}
RESULT: {"using":"xpath","value":"//button[@data-kt=\"addNewYardOverflowToolbarButton\"]"}
COMMAND: POST /session/fd95c45ccda87168f56760c12bc05b9d/elements - {"using":"xpath","value":"//button[@data-kt=\"addNewYardOverflowToolbarButton\"]"}
RESULT: {"using":"xpath","value":"//button[@data-kt=\"addNewYardOverflowToolbarButton\"]"}
COMMAND: POST /session/fd95c45ccda87168f56760c12bc05b9d/elements - {"using":"xpath","value":"//button[@data-kt=\"addNewYardOverflowToolbarButton\"]"}
RESULT: {"using":"xpath","value":"//button[@data-kt=\"addNewYardOverflowToolbarButton\"]"}
COMMAND: POST /session/fd95c45ccda87168f56760c12bc05b9d/elements - {"using":"xpath","value":"//button[@data-kt=\"addNewYardOverflowToolbarButton\"]"}
RESULT: {"using":"xpath","value":"//button[@data-kt=\"addNewYardOverflowToolbarButton\"]"}
COMMAND: POST /session/fd95c45ccda87168f56760c12bc05b9d/elements - {"using":"xpath","value":"//button[@data-kt=\"addNewYardOverflowToolbarButton\"]"}
RESULT: {"using":"xpath","value":"//button[@data-kt=\"addNewYardOverflowToolbarButton\"]"}
COMMAND: POST /session/fd95c45ccda87168f56760c12bc05b9d/elements - {"using":"xpath","value":"//button[@data-kt=\"addNewYardOverflowToolbarButton\"]"}
RESULT: {"using":"xpath","value":"//button[@data-kt=\"addNewYardOverflowToolbarButton\"]"}
COMMAND: POST /session/fd95c45ccda87168f56760c12bc05b9d/elements - {"using":"xpath","value":"//button[@data-kt=\"addNewYardOverflowToolbarButton\"]"}
RESULT: {"using":"xpath","value":"//button[@data-kt=\"addNewYardOverflowToolbarButton\"]"}
COMMAND: POST /session/fd95c45ccda87168f56760c12bc05b9d/elements - {"using":"xpath","value":"//button[@data-kt=\"addNewYardOverflowToolbarButton\"]"}
RESULT: {"using":"xpath","value":"//button[@data-kt=\"addNewYardOverflowToolbarButton\"]"}
COMMAND: POST /session/fd95c45ccda87168f56760c12bc05b9d/elements - {"using":"xpath","value":"//button[@data-kt=\"addNewYardOverflowToolbarButton\"]"}
RESULT: {"using":"xpath","value":"//button[@data-kt=\"addNewYardOverflowToolbarButton\"]"}
COMMAND: POST /session/fd95c45ccda87168f56760c12bc05b9d/elements - {"using":"xpath","value":"//button[@data-kt=\"addNewYardOverflowToolbarButton\"]"}
RESULT: {"using":"xpath","value":"//button[@data-kt=\"addNewYardOverflowToolbarButton\"]"}
COMMAND: POST /session/fd95c45ccda87168f56760c12bc05b9d/elements - {"using":"xpath","value":"//button[@data-kt=\"addNewYardOverflowToolbarButton\"]"}
RESULT: {"using":"xpath","value":"//button[@data-kt=\"addNewYardOverflowToolbarButton\"]"}
COMMAND: POST /session/fd95c45ccda87168f56760c12bc05b9d/elements - {"using":"xpath","value":"//button[@data-kt=\"addNewYardOverflowToolbarButton\"]"}
RESULT: {"using":"xpath","value":"//button[@data-kt=\"addNewYardOverflowToolbarButton\"]"}
COMMAND: POST /session/fd95c45ccda87168f56760c12bc05b9d/elements - {"using":"xpath","value":"//button[@data-kt=\"addNewYardOverflowToolbarButton\"]"}
RESULT: {"using":"xpath","value":"//button[@data-kt=\"addNewYardOverflowToolbarButton\"]"}
COMMAND: POST /session/fd95c45ccda87168f56760c12bc05b9d/elements - {"using":"xpath","value":"//button[@data-kt=\"addNewYardOverflowToolbarButton\"]"}
RESULT: {"using":"xpath","value":"//button[@data-kt=\"addNewYardOverflowToolbarButton\"]"}
COMMAND: POST /session/fd95c45ccda87168f56760c12bc05b9d/elements - {"using":"xpath","value":"//button[@data-kt=\"addNewYardOverflowToolbarButton\"]"}
RESULT: {"using":"xpath","value":"//button[@data-kt=\"addNewYardOverflowToolbarButton\"]"}
COMMAND: POST /session/fd95c45ccda87168f56760c12bc05b9d/elements - {"using":"xpath","value":"//button[@data-kt=\"addNewYardOverflowToolbarButton\"]"}
RESULT: {"using":"xpath","value":"//button[@data-kt=\"addNewYardOverflowToolbarButton\"]"}
COMMAND: POST /session/fd95c45ccda87168f56760c12bc05b9d/elements - {"using":"xpath","value":"//button[@data-kt=\"addNewYardOverflowToolbarButton\"]"}
RESULT: {"using":"xpath","value":"//button[@data-kt=\"addNewYardOverflowToolbarButton\"]"}
COMMAND: POST /session/fd95c45ccda87168f56760c12bc05b9d/elements - {"using":"xpath","value":"//button[@data-kt=\"addNewYardOverflowToolbarButton\"]"}
RESULT: {"using":"xpath","value":"//button[@data-kt=\"addNewYardOverflowToolbarButton\"]"}
COMMAND: POST /session/fd95c45ccda87168f56760c12bc05b9d/elements - {"using":"xpath","value":"//button[@data-kt=\"addNewYardOverflowToolbarButton\"]"}
RESULT: {"using":"xpath","value":"//button[@data-kt=\"addNewYardOverflowToolbarButton\"]"}
COMMAND: POST /session/fd95c45ccda87168f56760c12bc05b9d/elements - {"using":"xpath","value":"//button[@data-kt=\"addNewYardOverflowToolbarButton\"]"}
RESULT: {"using":"xpath","value":"//button[@data-kt=\"addNewYardOverflowToolbarButton\"]"}
COMMAND: POST /session/fd95c45ccda87168f56760c12bc05b9d/elements - {"using":"xpath","value":"//button[@data-kt=\"addNewYardOverflowToolbarButton\"]"}
RESULT: {"using":"xpath","value":"//button[@data-kt=\"addNewYardOverflowToolbarButton\"]"}
COMMAND: POST /session/fd95c45ccda87168f56760c12bc05b9d/elements - {"using":"xpath","value":"//button[@data-kt=\"addNewYardOverflowToolbarButton\"]"}
RESULT: {"using":"xpath","value":"//button[@data-kt=\"addNewYardOverflowToolbarButton\"]"}
COMMAND: POST /session/fd95c45ccda87168f56760c12bc05b9d/elements - {"using":"xpath","value":"//button[@data-kt=\"addNewYardOverflowToolbarButton\"]"}
RESULT: {"using":"xpath","value":"//button[@data-kt=\"addNewYardOverflowToolbarButton\"]"}
COMMAND: POST /session/fd95c45ccda87168f56760c12bc05b9d/elements - {"using":"xpath","value":"//button[@data-kt=\"addNewYardOverflowToolbarButton\"]"}
RESULT: {"using":"xpath","value":"//button[@data-kt=\"addNewYardOverflowToolbarButton\"]"}
COMMAND: POST /session/fd95c45ccda87168f56760c12bc05b9d/elements - {"using":"xpath","value":"//button[@data-kt=\"addNewYardOverflowToolbarButton\"]"}
RESULT: {"using":"xpath","value":"//button[@data-kt=\"addNewYardOverflowToolbarButton\"]"}
COMMAND: POST /session/fd95c45ccda87168f56760c12bc05b9d/elements - {"using":"xpath","value":"//button[@data-kt=\"addNewYardOverflowToolbarButton\"]"}
RESULT: {"using":"xpath","value":"//button[@data-kt=\"addNewYardOverflowToolbarButton\"]"}
COMMAND: POST /session/fd95c45ccda87168f56760c12bc05b9d/elements - {"using":"xpath","value":"//button[@data-kt=\"addNewYardOverflowToolbarButton\"]"}
RESULT: {"using":"xpath","value":"//button[@data-kt=\"addNewYardOverflowToolbarButton\"]"}
COMMAND: POST /session/fd95c45ccda87168f56760c12bc05b9d/elements - {"using":"xpath","value":"//button[@data-kt=\"addNewYardOverflowToolbarButton\"]"}
RESULT: {"using":"xpath","value":"//button[@data-kt=\"addNewYardOverflowToolbarButton\"]"}
COMMAND: POST /session/fd95c45ccda87168f56760c12bc05b9d/elements - {"using":"xpath","value":"//button[@data-kt=\"addNewYardOverflowToolbarButton\"]"}
RESULT: {"using":"xpath","value":"//button[@data-kt=\"addNewYardOverflowToolbarButton\"]"}
COMMAND: POST /session/fd95c45ccda87168f56760c12bc05b9d/elements - {"using":"xpath","value":"//button[@data-kt=\"addNewYardOverflowToolbarButton\"]"}
RESULT: {"using":"xpath","value":"//button[@data-kt=\"addNewYardOverflowToolbarButton\"]"}
COMMAND: POST /session/fd95c45ccda87168f56760c12bc05b9d/elements - {"using":"xpath","value":"//button[@data-kt=\"addNewYardOverflowToolbarButton\"]"}
RESULT: {"using":"xpath","value":"//button[@data-kt=\"addNewYardOverflowToolbarButton\"]"}
COMMAND: POST /session/fd95c45ccda87168f56760c12bc05b9d/elements - {"using":"xpath","value":"//button[@data-kt=\"addNewYardOverflowToolbarButton\"]"}
RESULT: {"using":"xpath","value":"//button[@data-kt=\"addNewYardOverflowToolbarButton\"]"}
COMMAND: POST /session/fd95c45ccda87168f56760c12bc05b9d/element - {"using":"xpath","value":"//button[@data-kt=\"addNewYardOverflowToolbarButton\"]"}
RESULT: {"using":"xpath","value":"//button[@data-kt=\"addNewYardOverflowToolbarButton\"]"}
COMMAND: POST /session/fd95c45ccda87168f56760c12bc05b9d/execute/sync - {"script":"<script> [8489 bytes]","args":[{"element-6066-11e4-a52e-4f735466cecf":"f.1202D19FA9159A4DFC5EAE9C490348A6.d.B52CF8B0466A6F828B9660DA66596875.e.2826","ELEMENT":"f.1202D19FA9159A4DFC5EAE9C490348A6.d.B52CF8B0466A6F828B9660DA66596875.e.2826"}]}
RESULT: {"script":"<script> [8489 bytes]","args":[{"element-6066-11e4-a52e-4f735466cecf":"f.1202D19FA9159A4DFC5EAE9C490348A6.d.B52CF8B0466A6F828B9660DA66596875.e.2826","ELEMENT":"f.1202D19FA9159A4DFC5EAE9C490348A6.d.B52CF8B0466A6F828B9660DA66596875.e.2826"}]}
COMMAND: GET /session/fd95c45ccda87168f56760c12bc05b9d/element/f.1202D19FA9159A4DFC5EAE9C490348A6.d.B52CF8B0466A6F828B9660DA66596875.e.2826/enabled - {}
COMMAND: GET /session/fd95c45ccda87168f56760c12bc05b9d/screenshot - {}
RESULT: {}
COMMAND: POST /session/fd95c45ccda87168f56760c12bc05b9d/execute/sync - {"script":"<script> [8489 bytes]","args":[{"element-6066-11e4-a52e-4f735466cecf":"f.1202D19FA9159A4DFC5EAE9C490348A6.d.B52CF8B0466A6F828B9660DA66596875.e.2826","ELEMENT":"f.1202D19FA9159A4DFC5EAE9C490348A6.d.B52CF8B0466A6F828B9660DA66596875.e.2826"}]}
RESULT: {}
COMMAND: GET /session/fd95c45ccda87168f56760c12bc05b9d/screenshot - {}
RESULT: {"script":"<script> [8489 bytes]","args":[{"element-6066-11e4-a52e-4f735466cecf":"f.1202D19FA9159A4DFC5EAE9C490348A6.d.B52CF8B0466A6F828B9660DA66596875.e.2826","ELEMENT":"f.1202D19FA9159A4DFC5EAE9C490348A6.d.B52CF8B0466A6F828B9660DA66596875.e.2826"}]}
COMMAND: POST /session/fd95c45ccda87168f56760c12bc05b9d/execute/sync - {"script":"<script> [5351 bytes]","args":[{"element-6066-11e4-a52e-4f735466cecf":"f.1202D19FA9159A4DFC5EAE9C490348A6.d.B52CF8B0466A6F828B9660DA66596875.e.2826","ELEMENT":"f.1202D19FA9159A4DFC5EAE9C490348A6.d.B52CF8B0466A6F828B9660DA66596875.e.2826"}]}
COMMAND: GET /session/fd95c45ccda87168f56760c12bc05b9d/screenshot - {}
RESULT: {}
RESULT: {"script":"<script> [5351 bytes]","args":[{"element-6066-11e4-a52e-4f735466cecf":"f.1202D19FA9159A4DFC5EAE9C490348A6.d.B52CF8B0466A6F828B9660DA66596875.e.2826","ELEMENT":"f.1202D19FA9159A4DFC5EAE9C490348A6.d.B52CF8B0466A6F828B9660DA66596875.e.2826"}]}
COMMAND: POST /session/fd95c45ccda87168f56760c12bc05b9d/element/f.1202D19FA9159A4DFC5EAE9C490348A6.d.B52CF8B0466A6F828B9660DA66596875.e.2826/click - {}
COMMAND: GET /session/fd95c45ccda87168f56760c12bc05b9d/screenshot - {}
RESULT: {}
RESULT: {}
COMMAND: GET /session/fd95c45ccda87168f56760c12bc05b9d/screenshot - {}
COMMAND: POST /session/fd95c45ccda87168f56760c12bc05b9d/element - {"using":"xpath","value":"//input[@id=\"application-manageyards-display-component---NewYard--yardId-inner\"]"}
RESULT: {}
RESULT: {}
RESULT: {"using":"xpath","value":"//input[@id=\"application-manageyards-display-component---NewYard--yardId-inner\"]"}
COMMAND: POST /session/fd95c45ccda87168f56760c12bc05b9d/element - {"using":"xpath","value":"//input[@id=\"application-manageyards-display-component---NewYard--yardId-inner\"]"}
RESULT: {"using":"xpath","value":"//input[@id=\"application-manageyards-display-component---NewYard--yardId-inner\"]"}
COMMAND: POST /session/fd95c45ccda87168f56760c12bc05b9d/execute/async - {"script":"<script> [1562 bytes]","args":[{"selector":{"id":"application-manageyards-display-component---NewYard--addressDetailDetailsName1","interaction":{"idSuffix":"inner"}},"wdio_ui5_key":"applicationmanageyards-display-component---NewYard--addressDetailDetailsName1"}]}
RESULT: {"script":"<script> [1562 bytes]","args":[{"selector":{"id":"application-manageyards-display-component---NewYard--addressDetailDetailsName1","interaction":{"idSuffix":"inner"}},"wdio_ui5_key":"applicationmanageyards-display-component---NewYard--addressDetailDetailsName1"}]}
RESULT: undefined
COMMAND: POST /session/fd95c45ccda87168f56760c12bc05b9d/execute/async - {"script":"<script> [776 bytes]","args":[{"enterText":"Intracompany Yard wdIO","selector":{"id":"application-manageyards-display-component---NewYard--addressDetailDetailsName1","interaction":{"idSuffix":"inner"}},"clearTextFirst":true,"interactionType":"ENTER_TEXT"}]}
RESULT: {"script":"<script> [776 bytes]","args":[{"enterText":"Intracompany Yard wdIO","selector":{"id":"application-manageyards-display-component---NewYard--addressDetailDetailsName1","interaction":{"idSuffix":"inner"}},"clearTextFirst":true,"interactionType":"ENTER_TEXT"}]}
COMMAND: POST /session/fd95c45ccda87168f56760c12bc05b9d/execute/async - {"script":"<script> [1562 bytes]","args":[{"selector":{"id":"application-manageyards-display-component---NewYard--addressDetailDetailsLanguage-arrow"},"wdio_ui5_key":"applicationmanageyards-display-component---NewYard--addressDetailDetailsLanguage-arrow"}]}
RESULT: {"script":"<script> [1562 bytes]","args":[{"selector":{"id":"application-manageyards-display-component---NewYard--addressDetailDetailsLanguage-arrow"},"wdio_ui5_key":"applicationmanageyards-display-component---NewYard--addressDetailDetailsLanguage-arrow"}]}
RESULT: undefined
COMMAND: POST /session/fd95c45ccda87168f56760c12bc05b9d/element - {"using":"xpath","value":"//*[@id=\"application-manageyards-display-component---NewYard--addressDetailDetailsLanguage-arrow\"]"}
RESULT: {"using":"xpath","value":"//*[@id=\"application-manageyards-display-component---NewYard--addressDetailDetailsLanguage-arrow\"]"}
COMMAND: POST /session/fd95c45ccda87168f56760c12bc05b9d/element/f.1202D19FA9159A4DFC5EAE9C490348A6.d.B52CF8B0466A6F828B9660DA66596875.e.3259/click - {}
RESULT: {}
COMMAND: POST /session/fd95c45ccda87168f56760c12bc05b9d/element - {"using":"xpath","value":"//span[contains(text(), \"English\")]"}
COMMAND: GET /session/fd95c45ccda87168f56760c12bc05b9d/screenshot - {}
RESULT: {"using":"xpath","value":"//span[contains(text(), \"English\")]"}
COMMAND: POST /session/fd95c45ccda87168f56760c12bc05b9d/element/f.1202D19FA9159A4DFC5EAE9C490348A6.d.B52CF8B0466A6F828B9660DA66596875.e.3260/click - {}
RESULT: {}
RESULT: {}
COMMAND: POST /session/fd95c45ccda87168f56760c12bc05b9d/execute/async - {"script":"<script> [1562 bytes]","args":[{"selector":{"id":"application-manageyards-display-component---NewYard--addressDetailDetailsCity1","interaction":{"idSuffix":"inner"}},"wdio_ui5_key":"applicationmanageyards-display-component---NewYard--addressDetailDetailsCity1"}]}
COMMAND: GET /session/fd95c45ccda87168f56760c12bc05b9d/screenshot - {}
RESULT: {"script":"<script> [1562 bytes]","args":[{"selector":{"id":"application-manageyards-display-component---NewYard--addressDetailDetailsCity1","interaction":{"idSuffix":"inner"}},"wdio_ui5_key":"applicationmanageyards-display-component---NewYard--addressDetailDetailsCity1"}]}
RESULT: undefined
COMMAND: POST /session/fd95c45ccda87168f56760c12bc05b9d/execute/async - {"script":"<script> [776 bytes]","args":[{"enterText":"Rosario","selector":{"id":"application-manageyards-display-component---NewYard--addressDetailDetailsCity1","interaction":{"idSuffix":"inner"}},"clearTextFirst":true,"interactionType":"ENTER_TEXT"}]}
RESULT: {}
RESULT: {"script":"<script> [776 bytes]","args":[{"enterText":"Rosario","selector":{"id":"application-manageyards-display-component---NewYard--addressDetailDetailsCity1","interaction":{"idSuffix":"inner"}},"clearTextFirst":true,"interactionType":"ENTER_TEXT"}]}
COMMAND: POST /session/fd95c45ccda87168f56760c12bc05b9d/execute/async - {"script":"<script> [1562 bytes]","args":[{"selector":{"id":"application-manageyards-display-component---NewYard--addressDetailDetailsCountry-arrow"},"wdio_ui5_key":"applicationmanageyards-display-component---NewYard--addressDetailDetailsCountry-arrow"}]}
RESULT: {"script":"<script> [1562 bytes]","args":[{"selector":{"id":"application-manageyards-display-component---NewYard--addressDetailDetailsCountry-arrow"},"wdio_ui5_key":"applicationmanageyards-display-component---NewYard--addressDetailDetailsCountry-arrow"}]}
RESULT: undefined
COMMAND: POST /session/fd95c45ccda87168f56760c12bc05b9d/element - {"using":"xpath","value":"//*[@id=\"application-manageyards-display-component---NewYard--addressDetailDetailsCountry-arrow\"]"}
RESULT: {"using":"xpath","value":"//*[@id=\"application-manageyards-display-component---NewYard--addressDetailDetailsCountry-arrow\"]"}
COMMAND: POST /session/fd95c45ccda87168f56760c12bc05b9d/element/f.1202D19FA9159A4DFC5EAE9C490348A6.d.B52CF8B0466A6F828B9660DA66596875.e.3262/click - {}
RESULT: {}
COMMAND: POST /session/fd95c45ccda87168f56760c12bc05b9d/element - {"using":"xpath","value":"//span[contains(text(), \"Argentina\")]"}
COMMAND: GET /session/fd95c45ccda87168f56760c12bc05b9d/screenshot - {}
RESULT: {"using":"xpath","value":"//span[contains(text(), \"Argentina\")]"}
COMMAND: POST /session/fd95c45ccda87168f56760c12bc05b9d/element/f.1202D19FA9159A4DFC5EAE9C490348A6.d.B52CF8B0466A6F828B9660DA66596875.e.3263/click - {}
RESULT: {}
RESULT: {}
COMMAND: POST /session/fd95c45ccda87168f56760c12bc05b9d/execute/async - {"script":"<script> [1562 bytes]","args":[{"selector":{"id":"application-manageyards-display-component---NewYard--addressEditDetailsCostObjectCstType-arrow"},"wdio_ui5_key":"applicationmanageyards-display-component---NewYard--addressEditDetailsCostObjectCstType-arrow"}]}
COMMAND: GET /session/fd95c45ccda87168f56760c12bc05b9d/screenshot - {}
RESULT: {"script":"<script> [1562 bytes]","args":[{"selector":{"id":"application-manageyards-display-component---NewYard--addressEditDetailsCostObjectCstType-arrow"},"wdio_ui5_key":"applicationmanageyards-display-component---NewYard--addressEditDetailsCostObjectCstType-arrow"}]}
RESULT: undefined
COMMAND: POST /session/fd95c45ccda87168f56760c12bc05b9d/element - {"using":"xpath","value":"//*[@id=\"application-manageyards-display-component---NewYard--addressEditDetailsCostObjectCstType-arrow\"]"}
RESULT: {}
RESULT: {"using":"xpath","value":"//*[@id=\"application-manageyards-display-component---NewYard--addressEditDetailsCostObjectCstType-arrow\"]"}
COMMAND: POST /session/fd95c45ccda87168f56760c12bc05b9d/element/f.1202D19FA9159A4DFC5EAE9C490348A6.d.B52CF8B0466A6F828B9660DA66596875.e.3265/click - {}
RESULT: {}
COMMAND: POST /session/fd95c45ccda87168f56760c12bc05b9d/element - {"using":"xpath","value":"//span[contains(text(), \"Cost Center\")]"}
COMMAND: GET /session/fd95c45ccda87168f56760c12bc05b9d/screenshot - {}
RESULT: {"using":"xpath","value":"//span[contains(text(), \"Cost Center\")]"}
COMMAND: POST /session/fd95c45ccda87168f56760c12bc05b9d/element/f.1202D19FA9159A4DFC5EAE9C490348A6.d.B52CF8B0466A6F828B9660DA66596875.e.3266/click - {}
RESULT: {}
RESULT: {}
COMMAND: GET /session/fd95c45ccda87168f56760c12bc05b9d/screenshot - {}
RESULT: {}
COMMAND: POST /session/fd95c45ccda87168f56760c12bc05b9d/element - {"using":"xpath","value":"//span[@id=\"application-manageyards-display-component---NewYard--addressNewCostObjectCstID-vhi\"]"}
RESULT: {"using":"xpath","value":"//span[@id=\"application-manageyards-display-component---NewYard--addressNewCostObjectCstID-vhi\"]"}
COMMAND: POST /session/fd95c45ccda87168f56760c12bc05b9d/execute/sync - {"script":"<script> [8489 bytes]","args":[{"element-6066-11e4-a52e-4f735466cecf":"f.1202D19FA9159A4DFC5EAE9C490348A6.d.B52CF8B0466A6F828B9660DA66596875.e.3269","ELEMENT":"f.1202D19FA9159A4DFC5EAE9C490348A6.d.B52CF8B0466A6F828B9660DA66596875.e.3269"}]}
RESULT: {"script":"<script> [8489 bytes]","args":[{"element-6066-11e4-a52e-4f735466cecf":"f.1202D19FA9159A4DFC5EAE9C490348A6.d.B52CF8B0466A6F828B9660DA66596875.e.3269","ELEMENT":"f.1202D19FA9159A4DFC5EAE9C490348A6.d.B52CF8B0466A6F828B9660DA66596875.e.3269"}]}
COMMAND: POST /session/fd95c45ccda87168f56760c12bc05b9d/execute/async - {"script":"<script> [1562 bytes]","args":[{"selector":{"id":"application-manageyards-display-component---NewYard--addressNewCostObjectCstID-vhi"},"wdio_ui5_key":"applicationmanageyards-display-component---NewYard--addressNewCostObjectCstID-vhi"}]}
COMMAND: GET /session/fd95c45ccda87168f56760c12bc05b9d/screenshot - {}
RESULT: {"script":"<script> [1562 bytes]","args":[{"selector":{"id":"application-manageyards-display-component---NewYard--addressNewCostObjectCstID-vhi"},"wdio_ui5_key":"applicationmanageyards-display-component---NewYard--addressNewCostObjectCstID-vhi"}]}
RESULT: undefined
COMMAND: POST /session/fd95c45ccda87168f56760c12bc05b9d/element - {"using":"xpath","value":"//*[@id=\"application-manageyards-display-component---NewYard--addressNewCostObjectCstID-vhi\"]"}
RESULT: {}
RESULT: {"using":"xpath","value":"//*[@id=\"application-manageyards-display-component---NewYard--addressNewCostObjectCstID-vhi\"]"}
COMMAND: POST /session/fd95c45ccda87168f56760c12bc05b9d/element/f.1202D19FA9159A4DFC5EAE9C490348A6.d.B52CF8B0466A6F828B9660DA66596875.e.3269/click - {}
RESULT: {}
COMMAND: GET /session/fd95c45ccda87168f56760c12bc05b9d/screenshot - {}
RESULT: {}
COMMAND: POST /session/fd95c45ccda87168f56760c12bc05b9d/execute/async - {"script":"<script> [1562 bytes]","args":[{"selector":{"controlType":"sap.m.SearchField","properties":{"placeholder":"Search"},"searchOpenDialogs":true,"interaction":{"idSuffix":"I"}},"wdio_ui5_key":"sapm.SearchField{\"placeholder\":\"Search\"}"}]}
RESULT: {"script":"<script> [1562 bytes]","args":[{"selector":{"controlType":"sap.m.SearchField","properties":{"placeholder":"Search"},"searchOpenDialogs":true,"interaction":{"idSuffix":"I"}},"wdio_ui5_key":"sapm.SearchField{\"placeholder\":\"Search\"}"}]}
RESULT: undefined
COMMAND: POST /session/fd95c45ccda87168f56760c12bc05b9d/execute/async - {"script":"<script> [776 bytes]","args":[{"enterText":"10001013","selector":{"controlType":"sap.m.SearchField","properties":{"placeholder":"Search"},"searchOpenDialogs":true,"interaction":{"idSuffix":"I"}},"clearTextFirst":true,"interactionType":"ENTER_TEXT"}]}
RESULT: {"script":"<script> [776 bytes]","args":[{"enterText":"10001013","selector":{"controlType":"sap.m.SearchField","properties":{"placeholder":"Search"},"searchOpenDialogs":true,"interaction":{"idSuffix":"I"}},"clearTextFirst":true,"interactionType":"ENTER_TEXT"}]}
COMMAND: POST /session/fd95c45ccda87168f56760c12bc05b9d/actions - {"actions":[{"id":"action9","type":"key","parameters":{},"actions":[{"type":"keyDown","value":"î€‡"},{"type":"pause","duration":10},{"type":"keyUp","value":"î€‡"}]}]}
RESULT: {"actions":[{"id":"action9","type":"key","parameters":{},"actions":[{"type":"keyDown","value":"î€‡"},{"type":"pause","duration":10},{"type":"keyUp","value":"î€‡"}]}]}
COMMAND: GET /session/fd95c45ccda87168f56760c12bc05b9d/screenshot - {}
RESULT: {}
COMMAND: POST /session/fd95c45ccda87168f56760c12bc05b9d/element - {"using":"xpath","value":"//span[contains(text(), \"General Management\")]"}
RESULT: {"using":"xpath","value":"//span[contains(text(), \"General Management\")]"}
COMMAND: POST /session/fd95c45ccda87168f56760c12bc05b9d/element/f.1202D19FA9159A4DFC5EAE9C490348A6.d.B52CF8B0466A6F828B9660DA66596875.e.3310/click - {}
RESULT: {}
COMMAND: GET /session/fd95c45ccda87168f56760c12bc05b9d/screenshot - {}
RESULT: {}
COMMAND: POST /session/fd95c45ccda87168f56760c12bc05b9d/element - {"using":"xpath","value":"//bdi[contains(text(), \"OK\")]"}
RESULT: {"using":"xpath","value":"//bdi[contains(text(), \"OK\")]"}
COMMAND: POST /session/fd95c45ccda87168f56760c12bc05b9d/element/f.1202D19FA9159A4DFC5EAE9C490348A6.d.B52CF8B0466A6F828B9660DA66596875.e.3311/click - {}
RESULT: {}
COMMAND: GET /session/fd95c45ccda87168f56760c12bc05b9d/screenshot - {}
RESULT: {}
COMMAND: POST /session/fd95c45ccda87168f56760c12bc05b9d/execute/async - {"script":"<script> [1562 bytes]","args":[{"selector":{"id":"application-manageyards-display-component---NewYard--addressEditDetailsCurrency-arrow"},"wdio_ui5_key":"applicationmanageyards-display-component---NewYard--addressEditDetailsCurrency-arrow"}]}
RESULT: {"script":"<script> [1562 bytes]","args":[{"selector":{"id":"application-manageyards-display-component---NewYard--addressEditDetailsCurrency-arrow"},"wdio_ui5_key":"applicationmanageyards-display-component---NewYard--addressEditDetailsCurrency-arrow"}]}
RESULT: undefined
COMMAND: POST /session/fd95c45ccda87168f56760c12bc05b9d/element - {"using":"xpath","value":"//*[@id=\"application-manageyards-display-component---NewYard--addressEditDetailsCurrency-arrow\"]"}
RESULT: {"using":"xpath","value":"//*[@id=\"application-manageyards-display-component---NewYard--addressEditDetailsCurrency-arrow\"]"}
COMMAND: POST /session/fd95c45ccda87168f56760c12bc05b9d/element/f.1202D19FA9159A4DFC5EAE9C490348A6.d.B52CF8B0466A6F828B9660DA66596875.e.3314/click - {}
RESULT: {}
COMMAND: POST /session/fd95c45ccda87168f56760c12bc05b9d/element - {"using":"xpath","value":"//span[contains(text(), \"Euro\")]"}
COMMAND: GET /session/fd95c45ccda87168f56760c12bc05b9d/screenshot - {}
RESULT: {"using":"xpath","value":"//span[contains(text(), \"Euro\")]"}
COMMAND: POST /session/fd95c45ccda87168f56760c12bc05b9d/element/f.1202D19FA9159A4DFC5EAE9C490348A6.d.B52CF8B0466A6F828B9660DA66596875.e.3315/click - {}
RESULT: {}
RESULT: {}
COMMAND: POST /session/fd95c45ccda87168f56760c12bc05b9d/execute/async - {"script":"<script> [1562 bytes]","args":[{"selector":{"controlType":"sap.m.Input","viewName":"etm.portal.ui.manageyards.view.New","viewId":"application-manageyards-display-component---NewYard","bindingPath":{"path":"","propertyPath":"/CONTROLLING_AREA","modelName":"NewYardModel"},"interaction":{"idSuffix":"inner"}},"wdio_ui5_key":"etmportal.ui.manageyards.view.Newsap.m.Input{\"path\":\"\",\"propertyPath\":\"/CONTROLLING_AREA\",\"modelName\":\"NewYardModel\"}"}]}
COMMAND: GET /session/fd95c45ccda87168f56760c12bc05b9d/screenshot - {}
RESULT: {"script":"<script> [1562 bytes]","args":[{"selector":{"controlType":"sap.m.Input","viewName":"etm.portal.ui.manageyards.view.New","viewId":"application-manageyards-display-component---NewYard","bindingPath":{"path":"","propertyPath":"/CONTROLLING_AREA","modelName":"NewYardModel"},"interaction":{"idSuffix":"inner"}},"wdio_ui5_key":"etmportal.ui.manageyards.view.Newsap.m.Input{\"path\":\"\",\"propertyPath\":\"/CONTROLLING_AREA\",\"modelName\":\"NewYardModel\"}"}]}
RESULT: undefined
COMMAND: POST /session/fd95c45ccda87168f56760c12bc05b9d/execute/async - {"script":"<script> [776 bytes]","args":[{"enterText":"Z001","selector":{"controlType":"sap.m.Input","viewName":"etm.portal.ui.manageyards.view.New","viewId":"application-manageyards-display-component---NewYard","bindingPath":{"path":"","propertyPath":"/CONTROLLING_AREA","modelName":"NewYardModel"},"interaction":{"idSuffix":"inner"}},"clearTextFirst":true,"interactionType":"ENTER_TEXT"}]}
RESULT: {}
RESULT: {"script":"<script> [776 bytes]","args":[{"enterText":"Z001","selector":{"controlType":"sap.m.Input","viewName":"etm.portal.ui.manageyards.view.New","viewId":"application-manageyards-display-component---NewYard","bindingPath":{"path":"","propertyPath":"/CONTROLLING_AREA","modelName":"NewYardModel"},"interaction":{"idSuffix":"inner"}},"clearTextFirst":true,"interactionType":"ENTER_TEXT"}]}
COMMAND: POST /session/fd95c45ccda87168f56760c12bc05b9d/execute/async - {"script":"<script> [1562 bytes]","args":[{"selector":{"id":"application-manageyards-display-component---NewYard--companyCodeComboBox","interaction":{"idSuffix":"inner"}},"wdio_ui5_key":"applicationmanageyards-display-component---NewYard--companyCodeComboBox"}]}
RESULT: {"script":"<script> [1562 bytes]","args":[{"selector":{"id":"application-manageyards-display-component---NewYard--companyCodeComboBox","interaction":{"idSuffix":"inner"}},"wdio_ui5_key":"applicationmanageyards-display-component---NewYard--companyCodeComboBox"}]}
RESULT: undefined
COMMAND: POST /session/fd95c45ccda87168f56760c12bc05b9d/execute/async - {"script":"<script> [776 bytes]","args":[{"enterText":"1000","selector":{"id":"application-manageyards-display-component---NewYard--companyCodeComboBox","interaction":{"idSuffix":"inner"}},"clearTextFirst":true,"interactionType":"ENTER_TEXT"}]}
RESULT: {"script":"<script> [776 bytes]","args":[{"enterText":"1000","selector":{"id":"application-manageyards-display-component---NewYard--companyCodeComboBox","interaction":{"idSuffix":"inner"}},"clearTextFirst":true,"interactionType":"ENTER_TEXT"}]}
COMMAND: POST /session/fd95c45ccda87168f56760c12bc05b9d/execute/async - {"script":"<script> [1562 bytes]","args":[{"selector":{"controlType":"sap.m.Input","viewName":"etm.portal.ui.manageyards.view.New","viewId":"application-manageyards-display-component---NewYard","bindingPath":{"path":"","propertyPath":"/PLANT","modelName":"NewYardModel"},"interaction":{"idSuffix":"inner"}},"wdio_ui5_key":"etmportal.ui.manageyards.view.Newsap.m.Input{\"path\":\"\",\"propertyPath\":\"/PLANT\",\"modelName\":\"NewYardModel\"}"}]}
RESULT: {"script":"<script> [1562 bytes]","args":[{"selector":{"controlType":"sap.m.Input","viewName":"etm.portal.ui.manageyards.view.New","viewId":"application-manageyards-display-component---NewYard","bindingPath":{"path":"","propertyPath":"/PLANT","modelName":"NewYardModel"},"interaction":{"idSuffix":"inner"}},"wdio_ui5_key":"etmportal.ui.manageyards.view.Newsap.m.Input{\"path\":\"\",\"propertyPath\":\"/PLANT\",\"modelName\":\"NewYardModel\"}"}]}
RESULT: undefined
COMMAND: POST /session/fd95c45ccda87168f56760c12bc05b9d/execute/async - {"script":"<script> [776 bytes]","args":[{"enterText":"1001","selector":{"controlType":"sap.m.Input","viewName":"etm.portal.ui.manageyards.view.New","viewId":"application-manageyards-display-component---NewYard","bindingPath":{"path":"","propertyPath":"/PLANT","modelName":"NewYardModel"},"interaction":{"idSuffix":"inner"}},"clearTextFirst":true,"interactionType":"ENTER_TEXT"}]}
RESULT: {"script":"<script> [776 bytes]","args":[{"enterText":"1001","selector":{"controlType":"sap.m.Input","viewName":"etm.portal.ui.manageyards.view.New","viewId":"application-manageyards-display-component---NewYard","bindingPath":{"path":"","propertyPath":"/PLANT","modelName":"NewYardModel"},"interaction":{"idSuffix":"inner"}},"clearTextFirst":true,"interactionType":"ENTER_TEXT"}]}
COMMAND: POST /session/fd95c45ccda87168f56760c12bc05b9d/execute/async - {"script":"<script> [1562 bytes]","args":[{"selector":{"controlType":"sap.m.Input","viewName":"etm.portal.ui.manageyards.view.New","viewId":"application-manageyards-display-component---NewYard","bindingPath":{"path":"","propertyPath":"/SALES_AREA_VKORG","modelName":"NewYardModel"},"interaction":{"idSuffix":"inner"}},"wdio_ui5_key":"etmportal.ui.manageyards.view.Newsap.m.Input{\"path\":\"\",\"propertyPath\":\"/SALES_AREA_VKORG\",\"modelName\":\"NewYardModel\"}"}]}
RESULT: {"script":"<script> [1562 bytes]","args":[{"selector":{"controlType":"sap.m.Input","viewName":"etm.portal.ui.manageyards.view.New","viewId":"application-manageyards-display-component---NewYard","bindingPath":{"path":"","propertyPath":"/SALES_AREA_VKORG","modelName":"NewYardModel"},"interaction":{"idSuffix":"inner"}},"wdio_ui5_key":"etmportal.ui.manageyards.view.Newsap.m.Input{\"path\":\"\",\"propertyPath\":\"/SALES_AREA_VKORG\",\"modelName\":\"NewYardModel\"}"}]}
RESULT: undefined
COMMAND: POST /session/fd95c45ccda87168f56760c12bc05b9d/execute/async - {"script":"<script> [776 bytes]","args":[{"enterText":"C002","selector":{"controlType":"sap.m.Input","viewName":"etm.portal.ui.manageyards.view.New","viewId":"application-manageyards-display-component---NewYard","bindingPath":{"path":"","propertyPath":"/SALES_AREA_VKORG","modelName":"NewYardModel"},"interaction":{"idSuffix":"inner"}},"clearTextFirst":true,"interactionType":"ENTER_TEXT"}]}
RESULT: {"script":"<script> [776 bytes]","args":[{"enterText":"C002","selector":{"controlType":"sap.m.Input","viewName":"etm.portal.ui.manageyards.view.New","viewId":"application-manageyards-display-component---NewYard","bindingPath":{"path":"","propertyPath":"/SALES_AREA_VKORG","modelName":"NewYardModel"},"interaction":{"idSuffix":"inner"}},"clearTextFirst":true,"interactionType":"ENTER_TEXT"}]}
COMMAND: POST /session/fd95c45ccda87168f56760c12bc05b9d/execute/async - {"script":"<script> [1562 bytes]","args":[{"selector":{"controlType":"sap.m.Input","viewName":"etm.portal.ui.manageyards.view.New","viewId":"application-manageyards-display-component---NewYard","bindingPath":{"path":"","propertyPath":"/SALES_AREA_VTWEG","modelName":"NewYardModel"},"interaction":{"idSuffix":"inner"}},"wdio_ui5_key":"etmportal.ui.manageyards.view.Newsap.m.Input{\"path\":\"\",\"propertyPath\":\"/SALES_AREA_VTWEG\",\"modelName\":\"NewYardModel\"}"}]}
RESULT: {"script":"<script> [1562 bytes]","args":[{"selector":{"controlType":"sap.m.Input","viewName":"etm.portal.ui.manageyards.view.New","viewId":"application-manageyards-display-component---NewYard","bindingPath":{"path":"","propertyPath":"/SALES_AREA_VTWEG","modelName":"NewYardModel"},"interaction":{"idSuffix":"inner"}},"wdio_ui5_key":"etmportal.ui.manageyards.view.Newsap.m.Input{\"path\":\"\",\"propertyPath\":\"/SALES_AREA_VTWEG\",\"modelName\":\"NewYardModel\"}"}]}
RESULT: undefined
COMMAND: POST /session/fd95c45ccda87168f56760c12bc05b9d/execute/async - {"script":"<script> [776 bytes]","args":[{"enterText":"C2","selector":{"controlType":"sap.m.Input","viewName":"etm.portal.ui.manageyards.view.New","viewId":"application-manageyards-display-component---NewYard","bindingPath":{"path":"","propertyPath":"/SALES_AREA_VTWEG","modelName":"NewYardModel"},"interaction":{"idSuffix":"inner"}},"clearTextFirst":true,"interactionType":"ENTER_TEXT"}]}
RESULT: {"script":"<script> [776 bytes]","args":[{"enterText":"C2","selector":{"controlType":"sap.m.Input","viewName":"etm.portal.ui.manageyards.view.New","viewId":"application-manageyards-display-component---NewYard","bindingPath":{"path":"","propertyPath":"/SALES_AREA_VTWEG","modelName":"NewYardModel"},"interaction":{"idSuffix":"inner"}},"clearTextFirst":true,"interactionType":"ENTER_TEXT"}]}
COMMAND: POST /session/fd95c45ccda87168f56760c12bc05b9d/execute/async - {"script":"<script> [1562 bytes]","args":[{"selector":{"controlType":"sap.m.Input","viewName":"etm.portal.ui.manageyards.view.New","viewId":"application-manageyards-display-component---NewYard","bindingPath":{"path":"","propertyPath":"/SALES_AREA_SPART","modelName":"NewYardModel"},"interaction":{"idSuffix":"inner"}},"wdio_ui5_key":"etmportal.ui.manageyards.view.Newsap.m.Input{\"path\":\"\",\"propertyPath\":\"/SALES_AREA_SPART\",\"modelName\":\"NewYardModel\"}"}]}
RESULT: {"script":"<script> [1562 bytes]","args":[{"selector":{"controlType":"sap.m.Input","viewName":"etm.portal.ui.manageyards.view.New","viewId":"application-manageyards-display-component---NewYard","bindingPath":{"path":"","propertyPath":"/SALES_AREA_SPART","modelName":"NewYardModel"},"interaction":{"idSuffix":"inner"}},"wdio_ui5_key":"etmportal.ui.manageyards.view.Newsap.m.Input{\"path\":\"\",\"propertyPath\":\"/SALES_AREA_SPART\",\"modelName\":\"NewYardModel\"}"}]}
RESULT: undefined
COMMAND: POST /session/fd95c45ccda87168f56760c12bc05b9d/execute/async - {"script":"<script> [776 bytes]","args":[{"enterText":"C2","selector":{"controlType":"sap.m.Input","viewName":"etm.portal.ui.manageyards.view.New","viewId":"application-manageyards-display-component---NewYard","bindingPath":{"path":"","propertyPath":"/SALES_AREA_SPART","modelName":"NewYardModel"},"interaction":{"idSuffix":"inner"}},"clearTextFirst":true,"interactionType":"ENTER_TEXT"}]}
RESULT: {"script":"<script> [776 bytes]","args":[{"enterText":"C2","selector":{"controlType":"sap.m.Input","viewName":"etm.portal.ui.manageyards.view.New","viewId":"application-manageyards-display-component---NewYard","bindingPath":{"path":"","propertyPath":"/SALES_AREA_SPART","modelName":"NewYardModel"},"interaction":{"idSuffix":"inner"}},"clearTextFirst":true,"interactionType":"ENTER_TEXT"}]}
COMMAND: POST /session/fd95c45ccda87168f56760c12bc05b9d/execute/async - {"script":"<script> [1562 bytes]","args":[{"selector":{"controlType":"sap.m.Input","viewName":"etm.portal.ui.manageyards.view.New","viewId":"application-manageyards-display-component---NewYard","bindingPath":{"path":"","propertyPath":"/SHIP_POINT","modelName":"NewYardModel"},"interaction":{"idSuffix":"inner"}},"wdio_ui5_key":"etmportal.ui.manageyards.view.Newsap.m.Input{\"path\":\"\",\"propertyPath\":\"/SHIP_POINT\",\"modelName\":\"NewYardModel\"}"}]}
RESULT: {"script":"<script> [1562 bytes]","args":[{"selector":{"controlType":"sap.m.Input","viewName":"etm.portal.ui.manageyards.view.New","viewId":"application-manageyards-display-component---NewYard","bindingPath":{"path":"","propertyPath":"/SHIP_POINT","modelName":"NewYardModel"},"interaction":{"idSuffix":"inner"}},"wdio_ui5_key":"etmportal.ui.manageyards.view.Newsap.m.Input{\"path\":\"\",\"propertyPath\":\"/SHIP_POINT\",\"modelName\":\"NewYardModel\"}"}]}
RESULT: undefined
COMMAND: POST /session/fd95c45ccda87168f56760c12bc05b9d/execute/async - {"script":"<script> [776 bytes]","args":[{"enterText":"1710","selector":{"controlType":"sap.m.Input","viewName":"etm.portal.ui.manageyards.view.New","viewId":"application-manageyards-display-component---NewYard","bindingPath":{"path":"","propertyPath":"/SHIP_POINT","modelName":"NewYardModel"},"interaction":{"idSuffix":"inner"}},"clearTextFirst":true,"interactionType":"ENTER_TEXT"}]}
RESULT: {"script":"<script> [776 bytes]","args":[{"enterText":"1710","selector":{"controlType":"sap.m.Input","viewName":"etm.portal.ui.manageyards.view.New","viewId":"application-manageyards-display-component---NewYard","bindingPath":{"path":"","propertyPath":"/SHIP_POINT","modelName":"NewYardModel"},"interaction":{"idSuffix":"inner"}},"clearTextFirst":true,"interactionType":"ENTER_TEXT"}]}
COMMAND: POST /session/fd95c45ccda87168f56760c12bc05b9d/execute/async - {"script":"<script> [1562 bytes]","args":[{"selector":{"controlType":"sap.m.Input","viewName":"etm.portal.ui.manageyards.view.New","viewId":"application-manageyards-display-component---NewYard","bindingPath":{"path":"","propertyPath":"/DELIVERY_TYPE","modelName":"NewYardModel"},"interaction":{"idSuffix":"inner"}},"wdio_ui5_key":"etmportal.ui.manageyards.view.Newsap.m.Input{\"path\":\"\",\"propertyPath\":\"/DELIVERY_TYPE\",\"modelName\":\"NewYardModel\"}"}]}
RESULT: {"script":"<script> [1562 bytes]","args":[{"selector":{"controlType":"sap.m.Input","viewName":"etm.portal.ui.manageyards.view.New","viewId":"application-manageyards-display-component---NewYard","bindingPath":{"path":"","propertyPath":"/DELIVERY_TYPE","modelName":"NewYardModel"},"interaction":{"idSuffix":"inner"}},"wdio_ui5_key":"etmportal.ui.manageyards.view.Newsap.m.Input{\"path\":\"\",\"propertyPath\":\"/DELIVERY_TYPE\",\"modelName\":\"NewYardModel\"}"}]}
RESULT: undefined
COMMAND: POST /session/fd95c45ccda87168f56760c12bc05b9d/execute/async - {"script":"<script> [776 bytes]","args":[{"enterText":"ZL01","selector":{"controlType":"sap.m.Input","viewName":"etm.portal.ui.manageyards.view.New","viewId":"application-manageyards-display-component---NewYard","bindingPath":{"path":"","propertyPath":"/DELIVERY_TYPE","modelName":"NewYardModel"},"interaction":{"idSuffix":"inner"}},"clearTextFirst":true,"interactionType":"ENTER_TEXT"}]}
RESULT: {"script":"<script> [776 bytes]","args":[{"enterText":"ZL01","selector":{"controlType":"sap.m.Input","viewName":"etm.portal.ui.manageyards.view.New","viewId":"application-manageyards-display-component---NewYard","bindingPath":{"path":"","propertyPath":"/DELIVERY_TYPE","modelName":"NewYardModel"},"interaction":{"idSuffix":"inner"}},"clearTextFirst":true,"interactionType":"ENTER_TEXT"}]}
COMMAND: POST /session/fd95c45ccda87168f56760c12bc05b9d/execute/async - {"script":"<script> [1562 bytes]","args":[{"selector":{"controlType":"sap.m.Input","viewName":"etm.portal.ui.manageyards.view.New","viewId":"application-manageyards-display-component---NewYard","bindingPath":{"path":"","propertyPath":"/AUART","modelName":"NewYardModel"},"interaction":{"idSuffix":"inner"}},"wdio_ui5_key":"etmportal.ui.manageyards.view.Newsap.m.Input{\"path\":\"\",\"propertyPath\":\"/AUART\",\"modelName\":\"NewYardModel\"}"}]}
RESULT: {"script":"<script> [1562 bytes]","args":[{"selector":{"controlType":"sap.m.Input","viewName":"etm.portal.ui.manageyards.view.New","viewId":"application-manageyards-display-component---NewYard","bindingPath":{"path":"","propertyPath":"/AUART","modelName":"NewYardModel"},"interaction":{"idSuffix":"inner"}},"wdio_ui5_key":"etmportal.ui.manageyards.view.Newsap.m.Input{\"path\":\"\",\"propertyPath\":\"/AUART\",\"modelName\":\"NewYardModel\"}"}]}
RESULT: undefined
COMMAND: POST /session/fd95c45ccda87168f56760c12bc05b9d/execute/async - {"script":"<script> [776 bytes]","args":[{"enterText":"TA","selector":{"controlType":"sap.m.Input","viewName":"etm.portal.ui.manageyards.view.New","viewId":"application-manageyards-display-component---NewYard","bindingPath":{"path":"","propertyPath":"/AUART","modelName":"NewYardModel"},"interaction":{"idSuffix":"inner"}},"clearTextFirst":true,"interactionType":"ENTER_TEXT"}]}
RESULT: {"script":"<script> [776 bytes]","args":[{"enterText":"TA","selector":{"controlType":"sap.m.Input","viewName":"etm.portal.ui.manageyards.view.New","viewId":"application-manageyards-display-component---NewYard","bindingPath":{"path":"","propertyPath":"/AUART","modelName":"NewYardModel"},"interaction":{"idSuffix":"inner"}},"clearTextFirst":true,"interactionType":"ENTER_TEXT"}]}
COMMAND: POST /session/fd95c45ccda87168f56760c12bc05b9d/element - {"using":"xpath","value":"//button[@data-kt=\"newYardSaveButton\"]"}
RESULT: {"using":"xpath","value":"//button[@data-kt=\"newYardSaveButton\"]"}
COMMAND: POST /session/fd95c45ccda87168f56760c12bc05b9d/element/f.1202D19FA9159A4DFC5EAE9C490348A6.d.B52CF8B0466A6F828B9660DA66596875.e.3244/click - {}
RESULT: {}
COMMAND: GET /session/fd95c45ccda87168f56760c12bc05b9d/screenshot - {}
RESULT: {}
COMMAND: POST /session/fd95c45ccda87168f56760c12bc05b9d/element - {"using":"xpath","value":"//header[contains(@id, 'ObjectPageLayout-headerTitle')]/div[1]/div[2]/div[1]/span[1]"}
RESULT: {"using":"xpath","value":"//header[contains(@id, 'ObjectPageLayout-headerTitle')]/div[1]/div[2]/div[1]/span[1]"}
COMMAND: POST /session/fd95c45ccda87168f56760c12bc05b9d/elements - {"using":"xpath","value":"//header[contains(@id, 'ObjectPageLayout-headerTitle')]/div[1]/div[2]/div[1]/span[1]"}
RESULT: {"using":"xpath","value":"//header[contains(@id, 'ObjectPageLayout-headerTitle')]/div[1]/div[2]/div[1]/span[1]"}
COMMAND: POST /session/fd95c45ccda87168f56760c12bc05b9d/execute/sync - {"script":"<script> [56 bytes]","args":[{"element-6066-11e4-a52e-4f735466cecf":"f.1202D19FA9159A4DFC5EAE9C490348A6.d.B52CF8B0466A6F828B9660DA66596875.e.3540","ELEMENT":"f.1202D19FA9159A4DFC5EAE9C490348A6.d.B52CF8B0466A6F828B9660DA66596875.e.3540"}]}
RESULT: {"script":"<script> [56 bytes]","args":[{"element-6066-11e4-a52e-4f735466cecf":"f.1202D19FA9159A4DFC5EAE9C490348A6.d.B52CF8B0466A6F828B9660DA66596875.e.3540","ELEMENT":"f.1202D19FA9159A4DFC5EAE9C490348A6.d.B52CF8B0466A6F828B9660DA66596875.e.3540"}]}
COMMAND: GET /session/fd95c45ccda87168f56760c12bc05b9d/screenshot - {}
RESULT: {}
COMMAND: POST /session/fd95c45ccda87168f56760c12bc05b9d/element - {"using":"css selector","value":"#shell-header-logo"}
RESULT: {"using":"css selector","value":"#shell-header-logo"}
COMMAND: POST /session/fd95c45ccda87168f56760c12bc05b9d/element/f.1202D19FA9159A4DFC5EAE9C490348A6.d.B52CF8B0466A6F828B9660DA66596875.e.2793/click - {}
RESULT: {}
COMMAND: GET /session/fd95c45ccda87168f56760c12bc05b9d/screenshot - {}
RESULT: {}
COMMAND: POST /session/fd95c45ccda87168f56760c12bc05b9d/execute/sync - {"script":"<script> [299 bytes]","args":[["getModel","getResource"]]}
RESULT: {"script":"<script> [299 bytes]","args":[["getModel","getResource"]]}
COMMAND: GET /session/fd95c45ccda87168f56760c12bc05b9d/screenshot - {}
]]></system-out>
    </testcase>
    <testcase classname="chrome.135_0_7049_96.windows.Billing_Transfer_-_Intracompany_US127249" name="Should create a new partner" time="130.438">
      <system-out><![CDATA[
COMMAND: POST /session/fd95c45ccda87168f56760c12bc05b9d/window/fullscreen - {}
RESULT: {}
RESULT: {}
COMMAND: POST /session/fd95c45ccda87168f56760c12bc05b9d/execute/async - {"script":"<script> [1562 bytes]","args":[{"selector":{"controlType":"sap.m.GenericTile","properties":{"header":"Manage Partners"}},"wdio_ui5_key":"sapm.GenericTile{\"header\":\"Manage Partners\"}"}]}
RESULT: {"script":"<script> [1562 bytes]","args":[{"selector":{"controlType":"sap.m.GenericTile","properties":{"header":"Manage Partners"}},"wdio_ui5_key":"sapm.GenericTile{\"header\":\"Manage Partners\"}"}]}
RESULT: undefined
COMMAND: POST /session/fd95c45ccda87168f56760c12bc05b9d/element - {"using":"xpath","value":"//*[@id=\"__tile38\"]"}
RESULT: {"using":"xpath","value":"//*[@id=\"__tile38\"]"}
COMMAND: POST /session/fd95c45ccda87168f56760c12bc05b9d/element/f.1202D19FA9159A4DFC5EAE9C490348A6.d.B52CF8B0466A6F828B9660DA66596875.e.2681/click - {}
RESULT: {}
COMMAND: POST /session/fd95c45ccda87168f56760c12bc05b9d/element - {"using":"xpath","value":"//button[@data-kt=\"addButton\"]"}
COMMAND: GET /session/fd95c45ccda87168f56760c12bc05b9d/screenshot - {}
RESULT: {"using":"xpath","value":"//button[@data-kt=\"addButton\"]"}
COMMAND: POST /session/fd95c45ccda87168f56760c12bc05b9d/elements - {"using":"xpath","value":"//button[@data-kt=\"addButton\"]"}
RESULT: {}
RESULT: {"using":"xpath","value":"//button[@data-kt=\"addButton\"]"}
COMMAND: POST /session/fd95c45ccda87168f56760c12bc05b9d/elements - {"using":"xpath","value":"//button[@data-kt=\"addButton\"]"}
RESULT: {"using":"xpath","value":"//button[@data-kt=\"addButton\"]"}
COMMAND: POST /session/fd95c45ccda87168f56760c12bc05b9d/elements - {"using":"xpath","value":"//button[@data-kt=\"addButton\"]"}
RESULT: {"using":"xpath","value":"//button[@data-kt=\"addButton\"]"}
COMMAND: POST /session/fd95c45ccda87168f56760c12bc05b9d/elements - {"using":"xpath","value":"//button[@data-kt=\"addButton\"]"}
RESULT: {"using":"xpath","value":"//button[@data-kt=\"addButton\"]"}
COMMAND: POST /session/fd95c45ccda87168f56760c12bc05b9d/elements - {"using":"xpath","value":"//button[@data-kt=\"addButton\"]"}
RESULT: {"using":"xpath","value":"//button[@data-kt=\"addButton\"]"}
COMMAND: POST /session/fd95c45ccda87168f56760c12bc05b9d/elements - {"using":"xpath","value":"//button[@data-kt=\"addButton\"]"}
RESULT: {"using":"xpath","value":"//button[@data-kt=\"addButton\"]"}
COMMAND: POST /session/fd95c45ccda87168f56760c12bc05b9d/elements - {"using":"xpath","value":"//button[@data-kt=\"addButton\"]"}
RESULT: {"using":"xpath","value":"//button[@data-kt=\"addButton\"]"}
COMMAND: POST /session/fd95c45ccda87168f56760c12bc05b9d/elements - {"using":"xpath","value":"//button[@data-kt=\"addButton\"]"}
RESULT: {"using":"xpath","value":"//button[@data-kt=\"addButton\"]"}
COMMAND: POST /session/fd95c45ccda87168f56760c12bc05b9d/elements - {"using":"xpath","value":"//button[@data-kt=\"addButton\"]"}
RESULT: {"using":"xpath","value":"//button[@data-kt=\"addButton\"]"}
COMMAND: POST /session/fd95c45ccda87168f56760c12bc05b9d/element - {"using":"xpath","value":"//button[@data-kt=\"addButton\"]"}
RESULT: {"using":"xpath","value":"//button[@data-kt=\"addButton\"]"}
COMMAND: POST /session/fd95c45ccda87168f56760c12bc05b9d/execute/sync - {"script":"<script> [8489 bytes]","args":[{"element-6066-11e4-a52e-4f735466cecf":"f.1202D19FA9159A4DFC5EAE9C490348A6.d.B52CF8B0466A6F828B9660DA66596875.e.3588","ELEMENT":"f.1202D19FA9159A4DFC5EAE9C490348A6.d.B52CF8B0466A6F828B9660DA66596875.e.3588"}]}
RESULT: {"script":"<script> [8489 bytes]","args":[{"element-6066-11e4-a52e-4f735466cecf":"f.1202D19FA9159A4DFC5EAE9C490348A6.d.B52CF8B0466A6F828B9660DA66596875.e.3588","ELEMENT":"f.1202D19FA9159A4DFC5EAE9C490348A6.d.B52CF8B0466A6F828B9660DA66596875.e.3588"}]}
COMMAND: GET /session/fd95c45ccda87168f56760c12bc05b9d/element/f.1202D19FA9159A4DFC5EAE9C490348A6.d.B52CF8B0466A6F828B9660DA66596875.e.3588/enabled - {}
COMMAND: GET /session/fd95c45ccda87168f56760c12bc05b9d/screenshot - {}
RESULT: {}
COMMAND: POST /session/fd95c45ccda87168f56760c12bc05b9d/execute/sync - {"script":"<script> [8489 bytes]","args":[{"element-6066-11e4-a52e-4f735466cecf":"f.1202D19FA9159A4DFC5EAE9C490348A6.d.B52CF8B0466A6F828B9660DA66596875.e.3588","ELEMENT":"f.1202D19FA9159A4DFC5EAE9C490348A6.d.B52CF8B0466A6F828B9660DA66596875.e.3588"}]}
COMMAND: GET /session/fd95c45ccda87168f56760c12bc05b9d/screenshot - {}
RESULT: {}
RESULT: {"script":"<script> [8489 bytes]","args":[{"element-6066-11e4-a52e-4f735466cecf":"f.1202D19FA9159A4DFC5EAE9C490348A6.d.B52CF8B0466A6F828B9660DA66596875.e.3588","ELEMENT":"f.1202D19FA9159A4DFC5EAE9C490348A6.d.B52CF8B0466A6F828B9660DA66596875.e.3588"}]}
COMMAND: POST /session/fd95c45ccda87168f56760c12bc05b9d/execute/sync - {"script":"<script> [5351 bytes]","args":[{"element-6066-11e4-a52e-4f735466cecf":"f.1202D19FA9159A4DFC5EAE9C490348A6.d.B52CF8B0466A6F828B9660DA66596875.e.3588","ELEMENT":"f.1202D19FA9159A4DFC5EAE9C490348A6.d.B52CF8B0466A6F828B9660DA66596875.e.3588"}]}
COMMAND: GET /session/fd95c45ccda87168f56760c12bc05b9d/screenshot - {}
RESULT: {}
RESULT: {}
RESULT: {"script":"<script> [5351 bytes]","args":[{"element-6066-11e4-a52e-4f735466cecf":"f.1202D19FA9159A4DFC5EAE9C490348A6.d.B52CF8B0466A6F828B9660DA66596875.e.3588","ELEMENT":"f.1202D19FA9159A4DFC5EAE9C490348A6.d.B52CF8B0466A6F828B9660DA66596875.e.3588"}]}
COMMAND: POST /session/fd95c45ccda87168f56760c12bc05b9d/element/f.1202D19FA9159A4DFC5EAE9C490348A6.d.B52CF8B0466A6F828B9660DA66596875.e.3588/click - {}
COMMAND: GET /session/fd95c45ccda87168f56760c12bc05b9d/screenshot - {}
RESULT: {}
COMMAND: GET /session/fd95c45ccda87168f56760c12bc05b9d/screenshot - {}
COMMAND: POST /session/fd95c45ccda87168f56760c12bc05b9d/execute/async - {"script":"<script> [1562 bytes]","args":[{"selector":{"id":"application-managepartners-display-component---NewPartner--addressDetailDetailsName1","interaction":{"idSuffix":"inner"}},"wdio_ui5_key":"applicationmanagepartners-display-component---NewPartner--addressDetailDetailsName1"}]}
RESULT: {}
RESULT: {}
RESULT: {"script":"<script> [1562 bytes]","args":[{"selector":{"id":"application-managepartners-display-component---NewPartner--addressDetailDetailsName1","interaction":{"idSuffix":"inner"}},"wdio_ui5_key":"applicationmanagepartners-display-component---NewPartner--addressDetailDetailsName1"}]}
RESULT: undefined
COMMAND: POST /session/fd95c45ccda87168f56760c12bc05b9d/execute/async - {"script":"<script> [776 bytes]","args":[{"enterText":"Intracompany Partner WDIO","selector":{"id":"application-managepartners-display-component---NewPartner--addressDetailDetailsName1","interaction":{"idSuffix":"inner"}},"clearTextFirst":true,"interactionType":"ENTER_TEXT"}]}
RESULT: {"script":"<script> [776 bytes]","args":[{"enterText":"Intracompany Partner WDIO","selector":{"id":"application-managepartners-display-component---NewPartner--addressDetailDetailsName1","interaction":{"idSuffix":"inner"}},"clearTextFirst":true,"interactionType":"ENTER_TEXT"}]}
COMMAND: POST /session/fd95c45ccda87168f56760c12bc05b9d/execute/async - {"script":"<script> [1562 bytes]","args":[{"selector":{"id":"application-managepartners-display-component---NewPartner--addressDetailDetailsLanguage-arrow"},"wdio_ui5_key":"applicationmanagepartners-display-component---NewPartner--addressDetailDetailsLanguage-arrow"}]}
RESULT: {"script":"<script> [1562 bytes]","args":[{"selector":{"id":"application-managepartners-display-component---NewPartner--addressDetailDetailsLanguage-arrow"},"wdio_ui5_key":"applicationmanagepartners-display-component---NewPartner--addressDetailDetailsLanguage-arrow"}]}
RESULT: undefined
COMMAND: POST /session/fd95c45ccda87168f56760c12bc05b9d/element - {"using":"xpath","value":"//*[@id=\"application-managepartners-display-component---NewPartner--addressDetailDetailsLanguage-arrow\"]"}
RESULT: {"using":"xpath","value":"//*[@id=\"application-managepartners-display-component---NewPartner--addressDetailDetailsLanguage-arrow\"]"}
COMMAND: POST /session/fd95c45ccda87168f56760c12bc05b9d/element/f.1202D19FA9159A4DFC5EAE9C490348A6.d.B52CF8B0466A6F828B9660DA66596875.e.4026/click - {}
RESULT: {}
COMMAND: POST /session/fd95c45ccda87168f56760c12bc05b9d/element - {"using":"xpath","value":"//span[contains(text(), \"English\")]"}
COMMAND: GET /session/fd95c45ccda87168f56760c12bc05b9d/screenshot - {}
RESULT: {"using":"xpath","value":"//span[contains(text(), \"English\")]"}
COMMAND: POST /session/fd95c45ccda87168f56760c12bc05b9d/element/f.1202D19FA9159A4DFC5EAE9C490348A6.d.B52CF8B0466A6F828B9660DA66596875.e.4027/click - {}
RESULT: {}
RESULT: {}
COMMAND: GET /session/fd95c45ccda87168f56760c12bc05b9d/screenshot - {}
RESULT: {}
COMMAND: POST /session/fd95c45ccda87168f56760c12bc05b9d/execute/async - {"script":"<script> [1562 bytes]","args":[{"selector":{"id":"application-managepartners-display-component---NewPartner--addressDetailDetailsCity1","interaction":{"idSuffix":"inner"}},"wdio_ui5_key":"applicationmanagepartners-display-component---NewPartner--addressDetailDetailsCity1"}]}
RESULT: {"script":"<script> [1562 bytes]","args":[{"selector":{"id":"application-managepartners-display-component---NewPartner--addressDetailDetailsCity1","interaction":{"idSuffix":"inner"}},"wdio_ui5_key":"applicationmanagepartners-display-component---NewPartner--addressDetailDetailsCity1"}]}
RESULT: undefined
COMMAND: POST /session/fd95c45ccda87168f56760c12bc05b9d/execute/async - {"script":"<script> [776 bytes]","args":[{"enterText":"Rosario","selector":{"id":"application-managepartners-display-component---NewPartner--addressDetailDetailsCity1","interaction":{"idSuffix":"inner"}},"clearTextFirst":true,"interactionType":"ENTER_TEXT"}]}
RESULT: {"script":"<script> [776 bytes]","args":[{"enterText":"Rosario","selector":{"id":"application-managepartners-display-component---NewPartner--addressDetailDetailsCity1","interaction":{"idSuffix":"inner"}},"clearTextFirst":true,"interactionType":"ENTER_TEXT"}]}
COMMAND: POST /session/fd95c45ccda87168f56760c12bc05b9d/execute/async - {"script":"<script> [1562 bytes]","args":[{"selector":{"id":"application-managepartners-display-component---NewPartner--addressDetailDetailsCountry-arrow"},"wdio_ui5_key":"applicationmanagepartners-display-component---NewPartner--addressDetailDetailsCountry-arrow"}]}
RESULT: {"script":"<script> [1562 bytes]","args":[{"selector":{"id":"application-managepartners-display-component---NewPartner--addressDetailDetailsCountry-arrow"},"wdio_ui5_key":"applicationmanagepartners-display-component---NewPartner--addressDetailDetailsCountry-arrow"}]}
RESULT: undefined
COMMAND: POST /session/fd95c45ccda87168f56760c12bc05b9d/element - {"using":"xpath","value":"//*[@id=\"application-managepartners-display-component---NewPartner--addressDetailDetailsCountry-arrow\"]"}
RESULT: {"using":"xpath","value":"//*[@id=\"application-managepartners-display-component---NewPartner--addressDetailDetailsCountry-arrow\"]"}
COMMAND: POST /session/fd95c45ccda87168f56760c12bc05b9d/element/f.1202D19FA9159A4DFC5EAE9C490348A6.d.B52CF8B0466A6F828B9660DA66596875.e.3990/click - {}
RESULT: {}
COMMAND: POST /session/fd95c45ccda87168f56760c12bc05b9d/element - {"using":"xpath","value":"//span[contains(text(), \"Argentina\")]"}
COMMAND: GET /session/fd95c45ccda87168f56760c12bc05b9d/screenshot - {}
RESULT: {"using":"xpath","value":"//span[contains(text(), \"Argentina\")]"}
COMMAND: POST /session/fd95c45ccda87168f56760c12bc05b9d/element/f.1202D19FA9159A4DFC5EAE9C490348A6.d.B52CF8B0466A6F828B9660DA66596875.e.4029/click - {}
RESULT: {}
RESULT: {}
COMMAND: GET /session/fd95c45ccda87168f56760c12bc05b9d/screenshot - {}
RESULT: {}
COMMAND: POST /session/fd95c45ccda87168f56760c12bc05b9d/element - {"using":"xpath","value":"//bdi[contains(text(), \"Commercial\")]"}
RESULT: {"using":"xpath","value":"//bdi[contains(text(), \"Commercial\")]"}
COMMAND: POST /session/fd95c45ccda87168f56760c12bc05b9d/element/f.1202D19FA9159A4DFC5EAE9C490348A6.d.B52CF8B0466A6F828B9660DA66596875.e.4030/click - {}
RESULT: {}
COMMAND: GET /session/fd95c45ccda87168f56760c12bc05b9d/screenshot - {}
RESULT: {}
COMMAND: POST /session/fd95c45ccda87168f56760c12bc05b9d/execute/async - {"script":"<script> [1562 bytes]","args":[{"selector":{"id":"application-managepartners-display-component---NewPartner--partnerDetailInternal-arrow"},"wdio_ui5_key":"applicationmanagepartners-display-component---NewPartner--partnerDetailInternal-arrow"}]}
RESULT: {"script":"<script> [1562 bytes]","args":[{"selector":{"id":"application-managepartners-display-component---NewPartner--partnerDetailInternal-arrow"},"wdio_ui5_key":"applicationmanagepartners-display-component---NewPartner--partnerDetailInternal-arrow"}]}
RESULT: undefined
COMMAND: POST /session/fd95c45ccda87168f56760c12bc05b9d/element - {"using":"xpath","value":"//*[@id=\"application-managepartners-display-component---NewPartner--partnerDetailInternal-arrow\"]"}
RESULT: {"using":"xpath","value":"//*[@id=\"application-managepartners-display-component---NewPartner--partnerDetailInternal-arrow\"]"}
COMMAND: POST /session/fd95c45ccda87168f56760c12bc05b9d/element/f.1202D19FA9159A4DFC5EAE9C490348A6.d.B52CF8B0466A6F828B9660DA66596875.e.4036/click - {}
RESULT: {}
COMMAND: POST /session/fd95c45ccda87168f56760c12bc05b9d/element - {"using":"xpath","value":"//span[contains(text(), \"Affiliated company\")]"}
COMMAND: GET /session/fd95c45ccda87168f56760c12bc05b9d/screenshot - {}
RESULT: {"using":"xpath","value":"//span[contains(text(), \"Affiliated company\")]"}
COMMAND: POST /session/fd95c45ccda87168f56760c12bc05b9d/element/f.1202D19FA9159A4DFC5EAE9C490348A6.d.B52CF8B0466A6F828B9660DA66596875.e.4039/click - {}
RESULT: {}
RESULT: {}
COMMAND: POST /session/fd95c45ccda87168f56760c12bc05b9d/execute/async - {"script":"<script> [1562 bytes]","args":[{"selector":{"id":"application-managepartners-display-component---NewPartner--partnerDetailsCurrency-arrow"},"wdio_ui5_key":"applicationmanagepartners-display-component---NewPartner--partnerDetailsCurrency-arrow"}]}
COMMAND: GET /session/fd95c45ccda87168f56760c12bc05b9d/screenshot - {}
RESULT: {"script":"<script> [1562 bytes]","args":[{"selector":{"id":"application-managepartners-display-component---NewPartner--partnerDetailsCurrency-arrow"},"wdio_ui5_key":"applicationmanagepartners-display-component---NewPartner--partnerDetailsCurrency-arrow"}]}
RESULT: undefined
COMMAND: POST /session/fd95c45ccda87168f56760c12bc05b9d/element - {"using":"xpath","value":"//*[@id=\"application-managepartners-display-component---NewPartner--partnerDetailsCurrency-arrow\"]"}
RESULT: {}
RESULT: {"using":"xpath","value":"//*[@id=\"application-managepartners-display-component---NewPartner--partnerDetailsCurrency-arrow\"]"}
COMMAND: POST /session/fd95c45ccda87168f56760c12bc05b9d/element/f.1202D19FA9159A4DFC5EAE9C490348A6.d.B52CF8B0466A6F828B9660DA66596875.e.4046/click - {}
RESULT: {}
COMMAND: POST /session/fd95c45ccda87168f56760c12bc05b9d/element - {"using":"xpath","value":"//span[contains(text(), \"Euro\")]"}
COMMAND: GET /session/fd95c45ccda87168f56760c12bc05b9d/screenshot - {}
RESULT: {"using":"xpath","value":"//span[contains(text(), \"Euro\")]"}
COMMAND: POST /session/fd95c45ccda87168f56760c12bc05b9d/element/f.1202D19FA9159A4DFC5EAE9C490348A6.d.B52CF8B0466A6F828B9660DA66596875.e.4047/click - {}
RESULT: {}
RESULT: {}
COMMAND: POST /session/fd95c45ccda87168f56760c12bc05b9d/execute/async - {"script":"<script> [1562 bytes]","args":[{"selector":{"id":"application-managepartners-display-component---NewPartner--addressEditDetailsCostObjectCstType-arrow"},"wdio_ui5_key":"applicationmanagepartners-display-component---NewPartner--addressEditDetailsCostObjectCstType-arrow"}]}
COMMAND: GET /session/fd95c45ccda87168f56760c12bc05b9d/screenshot - {}
RESULT: {"script":"<script> [1562 bytes]","args":[{"selector":{"id":"application-managepartners-display-component---NewPartner--addressEditDetailsCostObjectCstType-arrow"},"wdio_ui5_key":"applicationmanagepartners-display-component---NewPartner--addressEditDetailsCostObjectCstType-arrow"}]}
RESULT: undefined
COMMAND: POST /session/fd95c45ccda87168f56760c12bc05b9d/element - {"using":"xpath","value":"//*[@id=\"application-managepartners-display-component---NewPartner--addressEditDetailsCostObjectCstType-arrow\"]"}
RESULT: {}
RESULT: {"using":"xpath","value":"//*[@id=\"application-managepartners-display-component---NewPartner--addressEditDetailsCostObjectCstType-arrow\"]"}
COMMAND: POST /session/fd95c45ccda87168f56760c12bc05b9d/element/f.1202D19FA9159A4DFC5EAE9C490348A6.d.B52CF8B0466A6F828B9660DA66596875.e.4048/click - {}
RESULT: {}
COMMAND: POST /session/fd95c45ccda87168f56760c12bc05b9d/element - {"using":"xpath","value":"//span[contains(text(), \"Cost Center\")]"}
COMMAND: GET /session/fd95c45ccda87168f56760c12bc05b9d/screenshot - {}
RESULT: {"using":"xpath","value":"//span[contains(text(), \"Cost Center\")]"}
COMMAND: POST /session/fd95c45ccda87168f56760c12bc05b9d/element/f.1202D19FA9159A4DFC5EAE9C490348A6.d.B52CF8B0466A6F828B9660DA66596875.e.4049/click - {}
RESULT: {}
RESULT: {}
COMMAND: GET /session/fd95c45ccda87168f56760c12bc05b9d/screenshot - {}
RESULT: {}
COMMAND: POST /session/fd95c45ccda87168f56760c12bc05b9d/element - {"using":"xpath","value":"//span[@id=\"application-managepartners-display-component---NewPartner--addressNewCostObjectCstID-vhi\"]"}
RESULT: {"using":"xpath","value":"//span[@id=\"application-managepartners-display-component---NewPartner--addressNewCostObjectCstID-vhi\"]"}
COMMAND: POST /session/fd95c45ccda87168f56760c12bc05b9d/execute/sync - {"script":"<script> [8489 bytes]","args":[{"element-6066-11e4-a52e-4f735466cecf":"f.1202D19FA9159A4DFC5EAE9C490348A6.d.B52CF8B0466A6F828B9660DA66596875.e.4052","ELEMENT":"f.1202D19FA9159A4DFC5EAE9C490348A6.d.B52CF8B0466A6F828B9660DA66596875.e.4052"}]}
RESULT: {"script":"<script> [8489 bytes]","args":[{"element-6066-11e4-a52e-4f735466cecf":"f.1202D19FA9159A4DFC5EAE9C490348A6.d.B52CF8B0466A6F828B9660DA66596875.e.4052","ELEMENT":"f.1202D19FA9159A4DFC5EAE9C490348A6.d.B52CF8B0466A6F828B9660DA66596875.e.4052"}]}
COMMAND: POST /session/fd95c45ccda87168f56760c12bc05b9d/execute/async - {"script":"<script> [1562 bytes]","args":[{"selector":{"id":"application-managepartners-display-component---NewPartner--addressNewCostObjectCstID-vhi"},"wdio_ui5_key":"applicationmanagepartners-display-component---NewPartner--addressNewCostObjectCstID-vhi"}]}
COMMAND: GET /session/fd95c45ccda87168f56760c12bc05b9d/screenshot - {}
RESULT: {"script":"<script> [1562 bytes]","args":[{"selector":{"id":"application-managepartners-display-component---NewPartner--addressNewCostObjectCstID-vhi"},"wdio_ui5_key":"applicationmanagepartners-display-component---NewPartner--addressNewCostObjectCstID-vhi"}]}
RESULT: undefined
COMMAND: POST /session/fd95c45ccda87168f56760c12bc05b9d/element - {"using":"xpath","value":"//*[@id=\"application-managepartners-display-component---NewPartner--addressNewCostObjectCstID-vhi\"]"}
RESULT: {}
RESULT: {"using":"xpath","value":"//*[@id=\"application-managepartners-display-component---NewPartner--addressNewCostObjectCstID-vhi\"]"}
COMMAND: POST /session/fd95c45ccda87168f56760c12bc05b9d/element/f.1202D19FA9159A4DFC5EAE9C490348A6.d.B52CF8B0466A6F828B9660DA66596875.e.4052/click - {}
RESULT: {}
COMMAND: GET /session/fd95c45ccda87168f56760c12bc05b9d/screenshot - {}
RESULT: {}
RESULT: undefined
COMMAND: POST /session/fd95c45ccda87168f56760c12bc05b9d/execute/async - {"script":"<script> [776 bytes]","args":[{"enterText":"10001013","selector":{"controlType":"sap.m.SearchField","properties":{"placeholder":"Search"},"searchOpenDialogs":true,"interaction":{"idSuffix":"I"}},"clearTextFirst":true,"interactionType":"ENTER_TEXT"}]}
RESULT: {"script":"<script> [776 bytes]","args":[{"enterText":"10001013","selector":{"controlType":"sap.m.SearchField","properties":{"placeholder":"Search"},"searchOpenDialogs":true,"interaction":{"idSuffix":"I"}},"clearTextFirst":true,"interactionType":"ENTER_TEXT"}]}
COMMAND: POST /session/fd95c45ccda87168f56760c12bc05b9d/actions - {"actions":[{"id":"action10","type":"key","parameters":{},"actions":[{"type":"keyDown","value":"î€‡"},{"type":"pause","duration":10},{"type":"keyUp","value":"î€‡"}]}]}
RESULT: {"actions":[{"id":"action10","type":"key","parameters":{},"actions":[{"type":"keyDown","value":"î€‡"},{"type":"pause","duration":10},{"type":"keyUp","value":"î€‡"}]}]}
COMMAND: GET /session/fd95c45ccda87168f56760c12bc05b9d/screenshot - {}
RESULT: {}
COMMAND: POST /session/fd95c45ccda87168f56760c12bc05b9d/element - {"using":"xpath","value":"//span[contains(text(), \"General Management\")]"}
RESULT: {"using":"xpath","value":"//span[contains(text(), \"General Management\")]"}
COMMAND: POST /session/fd95c45ccda87168f56760c12bc05b9d/element/f.1202D19FA9159A4DFC5EAE9C490348A6.d.B52CF8B0466A6F828B9660DA66596875.e.4092/click - {}
RESULT: {}
COMMAND: GET /session/fd95c45ccda87168f56760c12bc05b9d/screenshot - {}
RESULT: {}
COMMAND: POST /session/fd95c45ccda87168f56760c12bc05b9d/element - {"using":"xpath","value":"//bdi[contains(text(), \"OK\")]"}
RESULT: {"using":"xpath","value":"//bdi[contains(text(), \"OK\")]"}
COMMAND: POST /session/fd95c45ccda87168f56760c12bc05b9d/element/f.1202D19FA9159A4DFC5EAE9C490348A6.d.B52CF8B0466A6F828B9660DA66596875.e.4093/click - {}
RESULT: {}
COMMAND: GET /session/fd95c45ccda87168f56760c12bc05b9d/screenshot - {}
RESULT: {}
COMMAND: POST /session/fd95c45ccda87168f56760c12bc05b9d/element - {"using":"xpath","value":"//input[@id=\"application-managepartners-display-component---NewPartner--companyCodeComboBox-inner\"]"}
RESULT: {"using":"xpath","value":"//input[@id=\"application-managepartners-display-component---NewPartner--companyCodeComboBox-inner\"]"}
COMMAND: POST /session/fd95c45ccda87168f56760c12bc05b9d/element/f.1202D19FA9159A4DFC5EAE9C490348A6.d.B52CF8B0466A6F828B9660DA66596875.e.3932/clear - {}
RESULT: {}
COMMAND: POST /session/fd95c45ccda87168f56760c12bc05b9d/element/f.1202D19FA9159A4DFC5EAE9C490348A6.d.B52CF8B0466A6F828B9660DA66596875.e.3932/value - {"text":"1000"}
COMMAND: GET /session/fd95c45ccda87168f56760c12bc05b9d/screenshot - {}
RESULT: {"text":"1000"}
COMMAND: GET /session/fd95c45ccda87168f56760c12bc05b9d/screenshot - {}
RESULT: {}
RESULT: {}
COMMAND: POST /session/fd95c45ccda87168f56760c12bc05b9d/element - {"using":"xpath","value":"//span[contains(text(), \"1000\")]"}
RESULT: {"using":"xpath","value":"//span[contains(text(), \"1000\")]"}
COMMAND: POST /session/fd95c45ccda87168f56760c12bc05b9d/element/f.1202D19FA9159A4DFC5EAE9C490348A6.d.B52CF8B0466A6F828B9660DA66596875.e.4099/click - {}
RESULT: {}
COMMAND: GET /session/fd95c45ccda87168f56760c12bc05b9d/screenshot - {}
RESULT: {}
COMMAND: POST /session/fd95c45ccda87168f56760c12bc05b9d/execute/async - {"script":"<script> [1562 bytes]","args":[{"selector":{"id":"application-managepartners-display-component---NewPartner--btnAddTableRow-img"},"wdio_ui5_key":"applicationmanagepartners-display-component---NewPartner--btnAddTableRow-img"}]}
RESULT: {"script":"<script> [1562 bytes]","args":[{"selector":{"id":"application-managepartners-display-component---NewPartner--btnAddTableRow-img"},"wdio_ui5_key":"applicationmanagepartners-display-component---NewPartner--btnAddTableRow-img"}]}
RESULT: undefined
COMMAND: POST /session/fd95c45ccda87168f56760c12bc05b9d/element - {"using":"xpath","value":"//*[@id=\"application-managepartners-display-component---NewPartner--btnAddTableRow-img\"]"}
RESULT: {"using":"xpath","value":"//*[@id=\"application-managepartners-display-component---NewPartner--btnAddTableRow-img\"]"}
COMMAND: POST /session/fd95c45ccda87168f56760c12bc05b9d/element/f.1202D19FA9159A4DFC5EAE9C490348A6.d.B52CF8B0466A6F828B9660DA66596875.e.4100/click - {}
RESULT: {}
COMMAND: GET /session/fd95c45ccda87168f56760c12bc05b9d/screenshot - {}
RESULT: {}
COMMAND: POST /session/fd95c45ccda87168f56760c12bc05b9d/element - {"using":"xpath","value":"//input[@id=\"application-managepartners-display-component---NewPartner--assignmentYard-application-managepartners-display-component---NewPartner--assignmentsTable-0-inner\"]"}
RESULT: {"using":"xpath","value":"//input[@id=\"application-managepartners-display-component---NewPartner--assignmentYard-application-managepartners-display-component---NewPartner--assignmentsTable-0-inner\"]"}
COMMAND: POST /session/fd95c45ccda87168f56760c12bc05b9d/element/f.1202D19FA9159A4DFC5EAE9C490348A6.d.B52CF8B0466A6F828B9660DA66596875.e.4103/clear - {}
RESULT: {}
COMMAND: POST /session/fd95c45ccda87168f56760c12bc05b9d/element/f.1202D19FA9159A4DFC5EAE9C490348A6.d.B52CF8B0466A6F828B9660DA66596875.e.4103/value - {"text":"804"}
COMMAND: GET /session/fd95c45ccda87168f56760c12bc05b9d/screenshot - {}
RESULT: {"text":"804"}
COMMAND: GET /session/fd95c45ccda87168f56760c12bc05b9d/screenshot - {}
RESULT: {}
RESULT: {}
COMMAND: POST /session/fd95c45ccda87168f56760c12bc05b9d/element - {"using":"xpath","value":"//li[.//span[text()='804']]"}
RESULT: {"using":"xpath","value":"//li[.//span[text()='804']]"}
COMMAND: POST /session/fd95c45ccda87168f56760c12bc05b9d/element/f.1202D19FA9159A4DFC5EAE9C490348A6.d.B52CF8B0466A6F828B9660DA66596875.e.4112/click - {}
RESULT: {}
COMMAND: GET /session/fd95c45ccda87168f56760c12bc05b9d/screenshot - {}
RESULT: {}
COMMAND: POST /session/fd95c45ccda87168f56760c12bc05b9d/actions - {"actions":[{"id":"action11","type":"key","parameters":{},"actions":[{"type":"keyDown","value":"î€‡"},{"type":"pause","duration":10},{"type":"keyUp","value":"î€‡"}]}]}
RESULT: {"actions":[{"id":"action11","type":"key","parameters":{},"actions":[{"type":"keyDown","value":"î€‡"},{"type":"pause","duration":10},{"type":"keyUp","value":"î€‡"}]}]}
COMMAND: POST /session/fd95c45ccda87168f56760c12bc05b9d/execute/async - {"script":"<script> [1562 bytes]","args":[{"selector":{"id":"application-managepartners-display-component---NewPartner--externalCustomerComboBox-application-managepartners-display-component---NewPartner--assignmentsTable-0-vhi"},"wdio_ui5_key":"applicationmanagepartners-display-component---NewPartner--externalCustomerComboBox-application-managepartners-display-component---NewPartner--assignmentsTable-0-vhi"}]}
COMMAND: GET /session/fd95c45ccda87168f56760c12bc05b9d/screenshot - {}
RESULT: {"script":"<script> [1562 bytes]","args":[{"selector":{"id":"application-managepartners-display-component---NewPartner--externalCustomerComboBox-application-managepartners-display-component---NewPartner--assignmentsTable-0-vhi"},"wdio_ui5_key":"applicationmanagepartners-display-component---NewPartner--externalCustomerComboBox-application-managepartners-display-component---NewPartner--assignmentsTable-0-vhi"}]}
RESULT: undefined
COMMAND: POST /session/fd95c45ccda87168f56760c12bc05b9d/element - {"using":"xpath","value":"//*[@id=\"application-managepartners-display-component---NewPartner--externalCustomerComboBox-application-managepartners-display-component---NewPartner--assignmentsTable-0-vhi\"]"}
RESULT: {}
RESULT: {"using":"xpath","value":"//*[@id=\"application-managepartners-display-component---NewPartner--externalCustomerComboBox-application-managepartners-display-component---NewPartner--assignmentsTable-0-vhi\"]"}
COMMAND: POST /session/fd95c45ccda87168f56760c12bc05b9d/element/f.1202D19FA9159A4DFC5EAE9C490348A6.d.B52CF8B0466A6F828B9660DA66596875.e.4116/click - {}
RESULT: {}
RESULT: undefined
COMMAND: POST /session/fd95c45ccda87168f56760c12bc05b9d/execute/async - {"script":"<script> [776 bytes]","args":[{"enterText":"300003","selector":{"controlType":"sap.m.SearchField","properties":{"placeholder":"Search"},"searchOpenDialogs":true,"interaction":{"idSuffix":"I"}},"clearTextFirst":true,"interactionType":"ENTER_TEXT"}]}
COMMAND: GET /session/fd95c45ccda87168f56760c12bc05b9d/screenshot - {}
RESULT: {"script":"<script> [776 bytes]","args":[{"enterText":"300003","selector":{"controlType":"sap.m.SearchField","properties":{"placeholder":"Search"},"searchOpenDialogs":true,"interaction":{"idSuffix":"I"}},"clearTextFirst":true,"interactionType":"ENTER_TEXT"}]}
COMMAND: POST /session/fd95c45ccda87168f56760c12bc05b9d/actions - {"actions":[{"id":"action12","type":"key","parameters":{},"actions":[{"type":"keyDown","value":"î€‡"},{"type":"pause","duration":10},{"type":"keyUp","value":"î€‡"}]}]}
RESULT: {}
RESULT: {"actions":[{"id":"action12","type":"key","parameters":{},"actions":[{"type":"keyDown","value":"î€‡"},{"type":"pause","duration":10},{"type":"keyUp","value":"î€‡"}]}]}
COMMAND: GET /session/fd95c45ccda87168f56760c12bc05b9d/screenshot - {}
RESULT: {}
COMMAND: POST /session/fd95c45ccda87168f56760c12bc05b9d/element - {"using":"xpath","value":"//span[contains(text(), \"300003\")]"}
RESULT: {"using":"xpath","value":"//span[contains(text(), \"300003\")]"}
COMMAND: POST /session/fd95c45ccda87168f56760c12bc05b9d/element/f.1202D19FA9159A4DFC5EAE9C490348A6.d.B52CF8B0466A6F828B9660DA66596875.e.4135/click - {}
RESULT: {}
COMMAND: GET /session/fd95c45ccda87168f56760c12bc05b9d/screenshot - {}
RESULT: {}
COMMAND: POST /session/fd95c45ccda87168f56760c12bc05b9d/element - {"using":"xpath","value":"//bdi[contains(text(), \"OK\")]"}
RESULT: {"using":"xpath","value":"//bdi[contains(text(), \"OK\")]"}
COMMAND: POST /session/fd95c45ccda87168f56760c12bc05b9d/element/f.1202D19FA9159A4DFC5EAE9C490348A6.d.B52CF8B0466A6F828B9660DA66596875.e.4137/click - {}
RESULT: {}
COMMAND: GET /session/fd95c45ccda87168f56760c12bc05b9d/screenshot - {}
RESULT: {}
COMMAND: POST /session/fd95c45ccda87168f56760c12bc05b9d/execute/async - {"script":"<script> [1562 bytes]","args":[{"selector":{"id":"application-managepartners-display-component---NewPartner--intercompVendorComboBox-application-managepartners-display-component---NewPartner--assignmentsTable-0-vhi"},"wdio_ui5_key":"applicationmanagepartners-display-component---NewPartner--intercompVendorComboBox-application-managepartners-display-component---NewPartner--assignmentsTable-0-vhi"}]}
RESULT: {"script":"<script> [1562 bytes]","args":[{"selector":{"id":"application-managepartners-display-component---NewPartner--intercompVendorComboBox-application-managepartners-display-component---NewPartner--assignmentsTable-0-vhi"},"wdio_ui5_key":"applicationmanagepartners-display-component---NewPartner--intercompVendorComboBox-application-managepartners-display-component---NewPartner--assignmentsTable-0-vhi"}]}
RESULT: undefined
COMMAND: POST /session/fd95c45ccda87168f56760c12bc05b9d/element - {"using":"xpath","value":"//*[@id=\"application-managepartners-display-component---NewPartner--intercompVendorComboBox-application-managepartners-display-component---NewPartner--assignmentsTable-0-vhi\"]"}
RESULT: {"using":"xpath","value":"//*[@id=\"application-managepartners-display-component---NewPartner--intercompVendorComboBox-application-managepartners-display-component---NewPartner--assignmentsTable-0-vhi\"]"}
COMMAND: POST /session/fd95c45ccda87168f56760c12bc05b9d/element/f.1202D19FA9159A4DFC5EAE9C490348A6.d.B52CF8B0466A6F828B9660DA66596875.e.4140/click - {}
RESULT: {}
RESULT: undefined
COMMAND: POST /session/fd95c45ccda87168f56760c12bc05b9d/execute/async - {"script":"<script> [776 bytes]","args":[{"enterText":"100005","selector":{"controlType":"sap.m.SearchField","properties":{"placeholder":"Search"},"searchOpenDialogs":true,"interaction":{"idSuffix":"I"}},"clearTextFirst":true,"interactionType":"ENTER_TEXT"}]}
COMMAND: GET /session/fd95c45ccda87168f56760c12bc05b9d/screenshot - {}
RESULT: {"script":"<script> [776 bytes]","args":[{"enterText":"100005","selector":{"controlType":"sap.m.SearchField","properties":{"placeholder":"Search"},"searchOpenDialogs":true,"interaction":{"idSuffix":"I"}},"clearTextFirst":true,"interactionType":"ENTER_TEXT"}]}
COMMAND: POST /session/fd95c45ccda87168f56760c12bc05b9d/actions - {"actions":[{"id":"action13","type":"key","parameters":{},"actions":[{"type":"keyDown","value":"î€‡"},{"type":"pause","duration":10},{"type":"keyUp","value":"î€‡"}]}]}
RESULT: {}
RESULT: {"actions":[{"id":"action13","type":"key","parameters":{},"actions":[{"type":"keyDown","value":"î€‡"},{"type":"pause","duration":10},{"type":"keyUp","value":"î€‡"}]}]}
COMMAND: GET /session/fd95c45ccda87168f56760c12bc05b9d/screenshot - {}
RESULT: {}
COMMAND: POST /session/fd95c45ccda87168f56760c12bc05b9d/element - {"using":"xpath","value":"//span[contains(text(), \"Penguins - Field/12345 Berlin\")]"}
RESULT: {"using":"xpath","value":"//span[contains(text(), \"Penguins - Field/12345 Berlin\")]"}
COMMAND: POST /session/fd95c45ccda87168f56760c12bc05b9d/element/f.1202D19FA9159A4DFC5EAE9C490348A6.d.B52CF8B0466A6F828B9660DA66596875.e.4159/click - {}
RESULT: {}
COMMAND: GET /session/fd95c45ccda87168f56760c12bc05b9d/screenshot - {}
RESULT: {}
COMMAND: POST /session/fd95c45ccda87168f56760c12bc05b9d/element - {"using":"xpath","value":"//bdi[contains(text(), \"OK\")]"}
RESULT: {"using":"xpath","value":"//bdi[contains(text(), \"OK\")]"}
COMMAND: POST /session/fd95c45ccda87168f56760c12bc05b9d/element/f.1202D19FA9159A4DFC5EAE9C490348A6.d.B52CF8B0466A6F828B9660DA66596875.e.4160/click - {}
RESULT: {}
COMMAND: GET /session/fd95c45ccda87168f56760c12bc05b9d/screenshot - {}
RESULT: {}
COMMAND: POST /session/fd95c45ccda87168f56760c12bc05b9d/element - {"using":"xpath","value":"//button[@data-kt=\"saveButton\"]"}
RESULT: {"using":"xpath","value":"//button[@data-kt=\"saveButton\"]"}
COMMAND: POST /session/fd95c45ccda87168f56760c12bc05b9d/element/f.1202D19FA9159A4DFC5EAE9C490348A6.d.B52CF8B0466A6F828B9660DA66596875.e.4011/click - {}
RESULT: {}
COMMAND: GET /session/fd95c45ccda87168f56760c12bc05b9d/screenshot - {}
RESULT: {}
COMMAND: POST /session/fd95c45ccda87168f56760c12bc05b9d/element - {"using":"xpath","value":"//header[contains(@id, 'ObjectPageLayout-headerTitle')]/div[1]/div[2]/div[2]/span[1]"}
RESULT: {"using":"xpath","value":"//header[contains(@id, 'ObjectPageLayout-headerTitle')]/div[1]/div[2]/div[2]/span[1]"}
COMMAND: POST /session/fd95c45ccda87168f56760c12bc05b9d/elements - {"using":"xpath","value":"//header[contains(@id, 'ObjectPageLayout-headerTitle')]/div[1]/div[2]/div[2]/span[1]"}
RESULT: {"using":"xpath","value":"//header[contains(@id, 'ObjectPageLayout-headerTitle')]/div[1]/div[2]/div[2]/span[1]"}
COMMAND: POST /session/fd95c45ccda87168f56760c12bc05b9d/execute/sync - {"script":"<script> [56 bytes]","args":[{"element-6066-11e4-a52e-4f735466cecf":"f.1202D19FA9159A4DFC5EAE9C490348A6.d.B52CF8B0466A6F828B9660DA66596875.e.4324","ELEMENT":"f.1202D19FA9159A4DFC5EAE9C490348A6.d.B52CF8B0466A6F828B9660DA66596875.e.4324"}]}
RESULT: {"script":"<script> [56 bytes]","args":[{"element-6066-11e4-a52e-4f735466cecf":"f.1202D19FA9159A4DFC5EAE9C490348A6.d.B52CF8B0466A6F828B9660DA66596875.e.4324","ELEMENT":"f.1202D19FA9159A4DFC5EAE9C490348A6.d.B52CF8B0466A6F828B9660DA66596875.e.4324"}]}
COMMAND: POST /session/fd95c45ccda87168f56760c12bc05b9d/element - {"using":"css selector","value":"#shell-header-logo"}
COMMAND: GET /session/fd95c45ccda87168f56760c12bc05b9d/screenshot - {}
RESULT: {"using":"css selector","value":"#shell-header-logo"}
COMMAND: POST /session/fd95c45ccda87168f56760c12bc05b9d/element/f.1202D19FA9159A4DFC5EAE9C490348A6.d.B52CF8B0466A6F828B9660DA66596875.e.3544/click - {}
RESULT: {}
RESULT: {}
COMMAND: GET /session/fd95c45ccda87168f56760c12bc05b9d/screenshot - {}
RESULT: {}
COMMAND: POST /session/fd95c45ccda87168f56760c12bc05b9d/execute/sync - {"script":"<script> [299 bytes]","args":[["getModel","getResource"]]}
RESULT: {"script":"<script> [299 bytes]","args":[["getModel","getResource"]]}
]]></system-out>
    </testcase>
    <testcase classname="chrome.135_0_7049_96.windows.Billing_Transfer_-_Intracompany_US127249" name="Should create a new site" time="96.872">
      <system-out><![CDATA[
COMMAND: POST /session/fd95c45ccda87168f56760c12bc05b9d/execute/async - {"script":"<script> [1562 bytes]","args":[{"selector":{"controlType":"sap.m.TileContent","bindingPath":{"path":"","propertyPath":"/properties/info"},"ancestor":{"controlType":"sap.m.GenericTile","properties":{"header":"Manage Sites"}}},"wdio_ui5_key":"sapm.TileContent{\"path\":\"\",\"propertyPath\":\"/properties/info\"}{\"controlType\":\"sap.m.GenericTile\",\"properties\":{\"header\":\"Manage Sites\"}}"}]}
COMMAND: GET /session/fd95c45ccda87168f56760c12bc05b9d/screenshot - {}
RESULT: {"script":"<script> [1562 bytes]","args":[{"selector":{"controlType":"sap.m.TileContent","bindingPath":{"path":"","propertyPath":"/properties/info"},"ancestor":{"controlType":"sap.m.GenericTile","properties":{"header":"Manage Sites"}}},"wdio_ui5_key":"sapm.TileContent{\"path\":\"\",\"propertyPath\":\"/properties/info\"}{\"controlType\":\"sap.m.GenericTile\",\"properties\":{\"header\":\"Manage Sites\"}}"}]}
RESULT: undefined
COMMAND: POST /session/fd95c45ccda87168f56760c12bc05b9d/element - {"using":"xpath","value":"//*[@id=\"__xmlview7--numericTileContent\"]"}
RESULT: {}
RESULT: {"using":"xpath","value":"//*[@id=\"__xmlview7--numericTileContent\"]"}
COMMAND: POST /session/fd95c45ccda87168f56760c12bc05b9d/element/f.1202D19FA9159A4DFC5EAE9C490348A6.d.B52CF8B0466A6F828B9660DA66596875.e.4326/click - {}
RESULT: {}
COMMAND: POST /session/fd95c45ccda87168f56760c12bc05b9d/element - {"using":"xpath","value":"//button[@data-kt=\"addOverflowToolbarButton\"]"}
COMMAND: GET /session/fd95c45ccda87168f56760c12bc05b9d/screenshot - {}
RESULT: {"using":"xpath","value":"//button[@data-kt=\"addOverflowToolbarButton\"]"}
COMMAND: POST /session/fd95c45ccda87168f56760c12bc05b9d/elements - {"using":"xpath","value":"//button[@data-kt=\"addOverflowToolbarButton\"]"}
RESULT: {}
RESULT: {"using":"xpath","value":"//button[@data-kt=\"addOverflowToolbarButton\"]"}
COMMAND: POST /session/fd95c45ccda87168f56760c12bc05b9d/element - {"using":"xpath","value":"//button[@data-kt=\"addOverflowToolbarButton\"]"}
RESULT: {"using":"xpath","value":"//button[@data-kt=\"addOverflowToolbarButton\"]"}
COMMAND: POST /session/fd95c45ccda87168f56760c12bc05b9d/execute/sync - {"script":"<script> [8489 bytes]","args":[{"element-6066-11e4-a52e-4f735466cecf":"f.1202D19FA9159A4DFC5EAE9C490348A6.d.B52CF8B0466A6F828B9660DA66596875.e.4372","ELEMENT":"f.1202D19FA9159A4DFC5EAE9C490348A6.d.B52CF8B0466A6F828B9660DA66596875.e.4372"}]}
RESULT: {"script":"<script> [8489 bytes]","args":[{"element-6066-11e4-a52e-4f735466cecf":"f.1202D19FA9159A4DFC5EAE9C490348A6.d.B52CF8B0466A6F828B9660DA66596875.e.4372","ELEMENT":"f.1202D19FA9159A4DFC5EAE9C490348A6.d.B52CF8B0466A6F828B9660DA66596875.e.4372"}]}
COMMAND: GET /session/fd95c45ccda87168f56760c12bc05b9d/element/f.1202D19FA9159A4DFC5EAE9C490348A6.d.B52CF8B0466A6F828B9660DA66596875.e.4372/enabled - {}
COMMAND: GET /session/fd95c45ccda87168f56760c12bc05b9d/screenshot - {}
RESULT: {}
COMMAND: POST /session/fd95c45ccda87168f56760c12bc05b9d/execute/sync - {"script":"<script> [8489 bytes]","args":[{"element-6066-11e4-a52e-4f735466cecf":"f.1202D19FA9159A4DFC5EAE9C490348A6.d.B52CF8B0466A6F828B9660DA66596875.e.4372","ELEMENT":"f.1202D19FA9159A4DFC5EAE9C490348A6.d.B52CF8B0466A6F828B9660DA66596875.e.4372"}]}
COMMAND: GET /session/fd95c45ccda87168f56760c12bc05b9d/screenshot - {}
RESULT: {}
RESULT: {"script":"<script> [8489 bytes]","args":[{"element-6066-11e4-a52e-4f735466cecf":"f.1202D19FA9159A4DFC5EAE9C490348A6.d.B52CF8B0466A6F828B9660DA66596875.e.4372","ELEMENT":"f.1202D19FA9159A4DFC5EAE9C490348A6.d.B52CF8B0466A6F828B9660DA66596875.e.4372"}]}
COMMAND: POST /session/fd95c45ccda87168f56760c12bc05b9d/execute/sync - {"script":"<script> [5351 bytes]","args":[{"element-6066-11e4-a52e-4f735466cecf":"f.1202D19FA9159A4DFC5EAE9C490348A6.d.B52CF8B0466A6F828B9660DA66596875.e.4372","ELEMENT":"f.1202D19FA9159A4DFC5EAE9C490348A6.d.B52CF8B0466A6F828B9660DA66596875.e.4372"}]}
COMMAND: GET /session/fd95c45ccda87168f56760c12bc05b9d/screenshot - {}
RESULT: {}
RESULT: {"script":"<script> [5351 bytes]","args":[{"element-6066-11e4-a52e-4f735466cecf":"f.1202D19FA9159A4DFC5EAE9C490348A6.d.B52CF8B0466A6F828B9660DA66596875.e.4372","ELEMENT":"f.1202D19FA9159A4DFC5EAE9C490348A6.d.B52CF8B0466A6F828B9660DA66596875.e.4372"}]}
COMMAND: POST /session/fd95c45ccda87168f56760c12bc05b9d/element/f.1202D19FA9159A4DFC5EAE9C490348A6.d.B52CF8B0466A6F828B9660DA66596875.e.4372/click - {}
COMMAND: GET /session/fd95c45ccda87168f56760c12bc05b9d/screenshot - {}
RESULT: {}
RESULT: {}
COMMAND: GET /session/fd95c45ccda87168f56760c12bc05b9d/screenshot - {}
COMMAND: POST /session/fd95c45ccda87168f56760c12bc05b9d/execute/async - {"script":"<script> [1562 bytes]","args":[{"selector":{"id":"application-managesites-display-component---NewSite--addressDetailDetailsName1","interaction":{"idSuffix":"inner"}},"wdio_ui5_key":"applicationmanagesites-display-component---NewSite--addressDetailDetailsName1"}]}
RESULT: {}
RESULT: {}
RESULT: {"script":"<script> [1562 bytes]","args":[{"selector":{"id":"application-managesites-display-component---NewSite--addressDetailDetailsName1","interaction":{"idSuffix":"inner"}},"wdio_ui5_key":"applicationmanagesites-display-component---NewSite--addressDetailDetailsName1"}]}
RESULT: undefined
COMMAND: POST /session/fd95c45ccda87168f56760c12bc05b9d/execute/async - {"script":"<script> [776 bytes]","args":[{"enterText":"Intracompany Site wdIO","selector":{"id":"application-managesites-display-component---NewSite--addressDetailDetailsName1","interaction":{"idSuffix":"inner"}},"clearTextFirst":true,"interactionType":"ENTER_TEXT"}]}
RESULT: {"script":"<script> [776 bytes]","args":[{"enterText":"Intracompany Site wdIO","selector":{"id":"application-managesites-display-component---NewSite--addressDetailDetailsName1","interaction":{"idSuffix":"inner"}},"clearTextFirst":true,"interactionType":"ENTER_TEXT"}]}
COMMAND: POST /session/fd95c45ccda87168f56760c12bc05b9d/execute/async - {"script":"<script> [1562 bytes]","args":[{"selector":{"id":"application-managesites-display-component---NewSite--addressDetailDetailsLanguage-arrow"},"wdio_ui5_key":"applicationmanagesites-display-component---NewSite--addressDetailDetailsLanguage-arrow"}]}
RESULT: {"script":"<script> [1562 bytes]","args":[{"selector":{"id":"application-managesites-display-component---NewSite--addressDetailDetailsLanguage-arrow"},"wdio_ui5_key":"applicationmanagesites-display-component---NewSite--addressDetailDetailsLanguage-arrow"}]}
RESULT: undefined
COMMAND: POST /session/fd95c45ccda87168f56760c12bc05b9d/element - {"using":"xpath","value":"//*[@id=\"application-managesites-display-component---NewSite--addressDetailDetailsLanguage-arrow\"]"}
RESULT: {"using":"xpath","value":"//*[@id=\"application-managesites-display-component---NewSite--addressDetailDetailsLanguage-arrow\"]"}
COMMAND: POST /session/fd95c45ccda87168f56760c12bc05b9d/element/f.1202D19FA9159A4DFC5EAE9C490348A6.d.B52CF8B0466A6F828B9660DA66596875.e.4769/click - {}
RESULT: {}
COMMAND: POST /session/fd95c45ccda87168f56760c12bc05b9d/element - {"using":"xpath","value":"//span[contains(text(), \"English\")]"}
COMMAND: GET /session/fd95c45ccda87168f56760c12bc05b9d/screenshot - {}
RESULT: {"using":"xpath","value":"//span[contains(text(), \"English\")]"}
COMMAND: POST /session/fd95c45ccda87168f56760c12bc05b9d/element/f.1202D19FA9159A4DFC5EAE9C490348A6.d.B52CF8B0466A6F828B9660DA66596875.e.4770/click - {}
RESULT: {}
RESULT: {}
COMMAND: POST /session/fd95c45ccda87168f56760c12bc05b9d/execute/async - {"script":"<script> [1562 bytes]","args":[{"selector":{"id":"application-managesites-display-component---NewSite--addressDetailDetailsCity1","interaction":{"idSuffix":"inner"}},"wdio_ui5_key":"applicationmanagesites-display-component---NewSite--addressDetailDetailsCity1"}]}
COMMAND: GET /session/fd95c45ccda87168f56760c12bc05b9d/screenshot - {}
RESULT: {"script":"<script> [1562 bytes]","args":[{"selector":{"id":"application-managesites-display-component---NewSite--addressDetailDetailsCity1","interaction":{"idSuffix":"inner"}},"wdio_ui5_key":"applicationmanagesites-display-component---NewSite--addressDetailDetailsCity1"}]}
RESULT: undefined
COMMAND: POST /session/fd95c45ccda87168f56760c12bc05b9d/execute/async - {"script":"<script> [776 bytes]","args":[{"enterText":"Rosario","selector":{"id":"application-managesites-display-component---NewSite--addressDetailDetailsCity1","interaction":{"idSuffix":"inner"}},"clearTextFirst":true,"interactionType":"ENTER_TEXT"}]}
RESULT: {}
RESULT: {"script":"<script> [776 bytes]","args":[{"enterText":"Rosario","selector":{"id":"application-managesites-display-component---NewSite--addressDetailDetailsCity1","interaction":{"idSuffix":"inner"}},"clearTextFirst":true,"interactionType":"ENTER_TEXT"}]}
COMMAND: POST /session/fd95c45ccda87168f56760c12bc05b9d/execute/async - {"script":"<script> [1562 bytes]","args":[{"selector":{"id":"application-managesites-display-component---NewSite--addressDetailDetailsCountry-arrow"},"wdio_ui5_key":"applicationmanagesites-display-component---NewSite--addressDetailDetailsCountry-arrow"}]}
RESULT: {"script":"<script> [1562 bytes]","args":[{"selector":{"id":"application-managesites-display-component---NewSite--addressDetailDetailsCountry-arrow"},"wdio_ui5_key":"applicationmanagesites-display-component---NewSite--addressDetailDetailsCountry-arrow"}]}
RESULT: undefined
COMMAND: POST /session/fd95c45ccda87168f56760c12bc05b9d/element - {"using":"xpath","value":"//*[@id=\"application-managesites-display-component---NewSite--addressDetailDetailsCountry-arrow\"]"}
RESULT: {"using":"xpath","value":"//*[@id=\"application-managesites-display-component---NewSite--addressDetailDetailsCountry-arrow\"]"}
COMMAND: POST /session/fd95c45ccda87168f56760c12bc05b9d/element/f.1202D19FA9159A4DFC5EAE9C490348A6.d.B52CF8B0466A6F828B9660DA66596875.e.4772/click - {}
RESULT: {}
COMMAND: POST /session/fd95c45ccda87168f56760c12bc05b9d/element - {"using":"xpath","value":"//span[contains(text(), \"Argentina\")]"}
COMMAND: GET /session/fd95c45ccda87168f56760c12bc05b9d/screenshot - {}
RESULT: {"using":"xpath","value":"//span[contains(text(), \"Argentina\")]"}
COMMAND: POST /session/fd95c45ccda87168f56760c12bc05b9d/element/f.1202D19FA9159A4DFC5EAE9C490348A6.d.B52CF8B0466A6F828B9660DA66596875.e.4773/click - {}
RESULT: {}
RESULT: {}
COMMAND: GET /session/fd95c45ccda87168f56760c12bc05b9d/screenshot - {}
RESULT: {}
COMMAND: POST /session/fd95c45ccda87168f56760c12bc05b9d/execute/async - {"script":"<script> [1562 bytes]","args":[{"selector":{"id":"application-managesites-display-component---NewSite--addressEditDetailsCostObjectCstType-arrow"},"wdio_ui5_key":"applicationmanagesites-display-component---NewSite--addressEditDetailsCostObjectCstType-arrow"}]}
RESULT: {"script":"<script> [1562 bytes]","args":[{"selector":{"id":"application-managesites-display-component---NewSite--addressEditDetailsCostObjectCstType-arrow"},"wdio_ui5_key":"applicationmanagesites-display-component---NewSite--addressEditDetailsCostObjectCstType-arrow"}]}
RESULT: undefined
COMMAND: POST /session/fd95c45ccda87168f56760c12bc05b9d/element - {"using":"xpath","value":"//*[@id=\"application-managesites-display-component---NewSite--addressEditDetailsCostObjectCstType-arrow\"]"}
RESULT: {"using":"xpath","value":"//*[@id=\"application-managesites-display-component---NewSite--addressEditDetailsCostObjectCstType-arrow\"]"}
COMMAND: POST /session/fd95c45ccda87168f56760c12bc05b9d/element/f.1202D19FA9159A4DFC5EAE9C490348A6.d.B52CF8B0466A6F828B9660DA66596875.e.4775/click - {}
RESULT: {}
COMMAND: POST /session/fd95c45ccda87168f56760c12bc05b9d/element - {"using":"xpath","value":"//span[contains(text(), \"Cost Center\")]"}
COMMAND: GET /session/fd95c45ccda87168f56760c12bc05b9d/screenshot - {}
RESULT: {"using":"xpath","value":"//span[contains(text(), \"Cost Center\")]"}
COMMAND: POST /session/fd95c45ccda87168f56760c12bc05b9d/element/f.1202D19FA9159A4DFC5EAE9C490348A6.d.B52CF8B0466A6F828B9660DA66596875.e.4776/click - {}
RESULT: {}
RESULT: {}
COMMAND: GET /session/fd95c45ccda87168f56760c12bc05b9d/screenshot - {}
RESULT: {}
COMMAND: POST /session/fd95c45ccda87168f56760c12bc05b9d/element - {"using":"xpath","value":"//span[@id=\"application-managesites-display-component---NewSite--addressNewCostObjectCstID-vhi\"]"}
RESULT: {"using":"xpath","value":"//span[@id=\"application-managesites-display-component---NewSite--addressNewCostObjectCstID-vhi\"]"}
COMMAND: POST /session/fd95c45ccda87168f56760c12bc05b9d/execute/sync - {"script":"<script> [8489 bytes]","args":[{"element-6066-11e4-a52e-4f735466cecf":"f.1202D19FA9159A4DFC5EAE9C490348A6.d.B52CF8B0466A6F828B9660DA66596875.e.4780","ELEMENT":"f.1202D19FA9159A4DFC5EAE9C490348A6.d.B52CF8B0466A6F828B9660DA66596875.e.4780"}]}
RESULT: {"script":"<script> [8489 bytes]","args":[{"element-6066-11e4-a52e-4f735466cecf":"f.1202D19FA9159A4DFC5EAE9C490348A6.d.B52CF8B0466A6F828B9660DA66596875.e.4780","ELEMENT":"f.1202D19FA9159A4DFC5EAE9C490348A6.d.B52CF8B0466A6F828B9660DA66596875.e.4780"}]}
COMMAND: POST /session/fd95c45ccda87168f56760c12bc05b9d/execute/async - {"script":"<script> [1562 bytes]","args":[{"selector":{"id":"application-managesites-display-component---NewSite--addressNewCostObjectCstID-vhi"},"wdio_ui5_key":"applicationmanagesites-display-component---NewSite--addressNewCostObjectCstID-vhi"}]}
COMMAND: GET /session/fd95c45ccda87168f56760c12bc05b9d/screenshot - {}
RESULT: {"script":"<script> [1562 bytes]","args":[{"selector":{"id":"application-managesites-display-component---NewSite--addressNewCostObjectCstID-vhi"},"wdio_ui5_key":"applicationmanagesites-display-component---NewSite--addressNewCostObjectCstID-vhi"}]}
RESULT: undefined
COMMAND: POST /session/fd95c45ccda87168f56760c12bc05b9d/element - {"using":"xpath","value":"//*[@id=\"application-managesites-display-component---NewSite--addressNewCostObjectCstID-vhi\"]"}
RESULT: {}
RESULT: {"using":"xpath","value":"//*[@id=\"application-managesites-display-component---NewSite--addressNewCostObjectCstID-vhi\"]"}
COMMAND: POST /session/fd95c45ccda87168f56760c12bc05b9d/element/f.1202D19FA9159A4DFC5EAE9C490348A6.d.B52CF8B0466A6F828B9660DA66596875.e.4780/click - {}
RESULT: {}
COMMAND: GET /session/fd95c45ccda87168f56760c12bc05b9d/screenshot - {}
RESULT: {}
RESULT: undefined
COMMAND: POST /session/fd95c45ccda87168f56760c12bc05b9d/execute/async - {"script":"<script> [776 bytes]","args":[{"enterText":"10001013","selector":{"controlType":"sap.m.SearchField","properties":{"placeholder":"Search"},"searchOpenDialogs":true,"interaction":{"idSuffix":"I"}},"clearTextFirst":true,"interactionType":"ENTER_TEXT"}]}
RESULT: {"script":"<script> [776 bytes]","args":[{"enterText":"10001013","selector":{"controlType":"sap.m.SearchField","properties":{"placeholder":"Search"},"searchOpenDialogs":true,"interaction":{"idSuffix":"I"}},"clearTextFirst":true,"interactionType":"ENTER_TEXT"}]}
COMMAND: POST /session/fd95c45ccda87168f56760c12bc05b9d/actions - {"actions":[{"id":"action14","type":"key","parameters":{},"actions":[{"type":"keyDown","value":"î€‡"},{"type":"pause","duration":10},{"type":"keyUp","value":"î€‡"}]}]}
RESULT: {"actions":[{"id":"action14","type":"key","parameters":{},"actions":[{"type":"keyDown","value":"î€‡"},{"type":"pause","duration":10},{"type":"keyUp","value":"î€‡"}]}]}
COMMAND: GET /session/fd95c45ccda87168f56760c12bc05b9d/screenshot - {}
RESULT: {}
COMMAND: POST /session/fd95c45ccda87168f56760c12bc05b9d/element - {"using":"xpath","value":"//span[contains(text(), \"General Management\")]"}
RESULT: {"using":"xpath","value":"//span[contains(text(), \"General Management\")]"}
COMMAND: POST /session/fd95c45ccda87168f56760c12bc05b9d/element/f.1202D19FA9159A4DFC5EAE9C490348A6.d.B52CF8B0466A6F828B9660DA66596875.e.4820/click - {}
RESULT: {}
COMMAND: GET /session/fd95c45ccda87168f56760c12bc05b9d/screenshot - {}
RESULT: {}
COMMAND: POST /session/fd95c45ccda87168f56760c12bc05b9d/element - {"using":"xpath","value":"//bdi[contains(text(), \"OK\")]"}
RESULT: {"using":"xpath","value":"//bdi[contains(text(), \"OK\")]"}
COMMAND: POST /session/fd95c45ccda87168f56760c12bc05b9d/element/f.1202D19FA9159A4DFC5EAE9C490348A6.d.B52CF8B0466A6F828B9660DA66596875.e.4821/click - {}
RESULT: {}
COMMAND: GET /session/fd95c45ccda87168f56760c12bc05b9d/screenshot - {}
RESULT: {}
COMMAND: POST /session/fd95c45ccda87168f56760c12bc05b9d/element - {"using":"xpath","value":"//input[@id=\"application-managesites-display-component---NewSite--addressDetailDetailsCalendar-inner\"]"}
RESULT: {"using":"xpath","value":"//input[@id=\"application-managesites-display-component---NewSite--addressDetailDetailsCalendar-inner\"]"}
COMMAND: POST /session/fd95c45ccda87168f56760c12bc05b9d/element/f.1202D19FA9159A4DFC5EAE9C490348A6.d.B52CF8B0466A6F828B9660DA66596875.e.4618/clear - {}
RESULT: {}
COMMAND: POST /session/fd95c45ccda87168f56760c12bc05b9d/element/f.1202D19FA9159A4DFC5EAE9C490348A6.d.B52CF8B0466A6F828B9660DA66596875.e.4618/value - {"text":"Unit"}
COMMAND: GET /session/fd95c45ccda87168f56760c12bc05b9d/screenshot - {}
RESULT: {"text":"Unit"}
COMMAND: GET /session/fd95c45ccda87168f56760c12bc05b9d/screenshot - {}
RESULT: {}
RESULT: {}
COMMAND: POST /session/fd95c45ccda87168f56760c12bc05b9d/actions - {"actions":[{"id":"action15","type":"key","parameters":{},"actions":[{"type":"keyDown","value":"î€‡"},{"type":"pause","duration":10},{"type":"keyUp","value":"î€‡"}]}]}
RESULT: {"actions":[{"id":"action15","type":"key","parameters":{},"actions":[{"type":"keyDown","value":"î€‡"},{"type":"pause","duration":10},{"type":"keyUp","value":"î€‡"}]}]}
COMMAND: POST /session/fd95c45ccda87168f56760c12bc05b9d/element - {"using":"xpath","value":"//input[@id=\"application-managesites-display-component---NewSite--addressDetailDetailsYard-inner\"]"}
COMMAND: GET /session/fd95c45ccda87168f56760c12bc05b9d/screenshot - {}
RESULT: {"using":"xpath","value":"//input[@id=\"application-managesites-display-component---NewSite--addressDetailDetailsYard-inner\"]"}
COMMAND: POST /session/fd95c45ccda87168f56760c12bc05b9d/element/f.1202D19FA9159A4DFC5EAE9C490348A6.d.B52CF8B0466A6F828B9660DA66596875.e.4619/clear - {}
RESULT: {}
RESULT: {}
COMMAND: POST /session/fd95c45ccda87168f56760c12bc05b9d/element/f.1202D19FA9159A4DFC5EAE9C490348A6.d.B52CF8B0466A6F828B9660DA66596875.e.4619/value - {"text":"804"}
COMMAND: GET /session/fd95c45ccda87168f56760c12bc05b9d/screenshot - {}
RESULT: {"text":"804"}
COMMAND: GET /session/fd95c45ccda87168f56760c12bc05b9d/screenshot - {}
RESULT: {}
RESULT: {}
COMMAND: POST /session/fd95c45ccda87168f56760c12bc05b9d/element - {"using":"xpath","value":"//li[.//span[text()='804']]"}
RESULT: {"using":"xpath","value":"//li[.//span[text()='804']]"}
COMMAND: POST /session/fd95c45ccda87168f56760c12bc05b9d/element/f.1202D19FA9159A4DFC5EAE9C490348A6.d.B52CF8B0466A6F828B9660DA66596875.e.4829/click - {}
RESULT: {}
COMMAND: GET /session/fd95c45ccda87168f56760c12bc05b9d/screenshot - {}
RESULT: {}
COMMAND: POST /session/fd95c45ccda87168f56760c12bc05b9d/element - {"using":"xpath","value":"//input[@id=\"application-managesites-display-component---NewSite--addressDetailDetailsPartner-inner\"]"}
RESULT: {"using":"xpath","value":"//input[@id=\"application-managesites-display-component---NewSite--addressDetailDetailsPartner-inner\"]"}
COMMAND: POST /session/fd95c45ccda87168f56760c12bc05b9d/element - {"using":"xpath","value":"//input[@id=\"application-managesites-display-component---NewSite--addressDetailDetailsPartner-inner\"]"}
RESULT: {"using":"xpath","value":"//input[@id=\"application-managesites-display-component---NewSite--addressDetailDetailsPartner-inner\"]"}
COMMAND: POST /session/fd95c45ccda87168f56760c12bc05b9d/element - {"using":"xpath","value":"//button[@data-kt=\"saveButton\"]"}
RESULT: {"using":"xpath","value":"//button[@data-kt=\"saveButton\"]"}
COMMAND: POST /session/fd95c45ccda87168f56760c12bc05b9d/element/f.1202D19FA9159A4DFC5EAE9C490348A6.d.B52CF8B0466A6F828B9660DA66596875.e.4762/click - {}
RESULT: {}
COMMAND: GET /session/fd95c45ccda87168f56760c12bc05b9d/screenshot - {}
RESULT: {}
COMMAND: POST /session/fd95c45ccda87168f56760c12bc05b9d/element - {"using":"xpath","value":"//header[contains(@id, 'ObjectPageLayout-headerTitle')]/div[1]/div[2]/div[2]/span[1]"}
RESULT: {"using":"xpath","value":"//header[contains(@id, 'ObjectPageLayout-headerTitle')]/div[1]/div[2]/div[2]/span[1]"}
COMMAND: POST /session/fd95c45ccda87168f56760c12bc05b9d/elements - {"using":"xpath","value":"//header[contains(@id, 'ObjectPageLayout-headerTitle')]/div[1]/div[2]/div[2]/span[1]"}
RESULT: {"using":"xpath","value":"//header[contains(@id, 'ObjectPageLayout-headerTitle')]/div[1]/div[2]/div[2]/span[1]"}
COMMAND: POST /session/fd95c45ccda87168f56760c12bc05b9d/execute/sync - {"script":"<script> [56 bytes]","args":[{"element-6066-11e4-a52e-4f735466cecf":"f.1202D19FA9159A4DFC5EAE9C490348A6.d.B52CF8B0466A6F828B9660DA66596875.e.5030","ELEMENT":"f.1202D19FA9159A4DFC5EAE9C490348A6.d.B52CF8B0466A6F828B9660DA66596875.e.5030"}]}
RESULT: {"script":"<script> [56 bytes]","args":[{"element-6066-11e4-a52e-4f735466cecf":"f.1202D19FA9159A4DFC5EAE9C490348A6.d.B52CF8B0466A6F828B9660DA66596875.e.5030","ELEMENT":"f.1202D19FA9159A4DFC5EAE9C490348A6.d.B52CF8B0466A6F828B9660DA66596875.e.5030"}]}
COMMAND: POST /session/fd95c45ccda87168f56760c12bc05b9d/element - {"using":"css selector","value":"#shell-header-logo"}
COMMAND: GET /session/fd95c45ccda87168f56760c12bc05b9d/screenshot - {}
RESULT: {"using":"css selector","value":"#shell-header-logo"}
COMMAND: POST /session/fd95c45ccda87168f56760c12bc05b9d/element/f.1202D19FA9159A4DFC5EAE9C490348A6.d.B52CF8B0466A6F828B9660DA66596875.e.4329/click - {}
RESULT: {}
RESULT: {}
COMMAND: GET /session/fd95c45ccda87168f56760c12bc05b9d/screenshot - {}
RESULT: {}
COMMAND: POST /session/fd95c45ccda87168f56760c12bc05b9d/execute/sync - {"script":"<script> [299 bytes]","args":[["getModel","getResource"]]}
RESULT: {"script":"<script> [299 bytes]","args":[["getModel","getResource"]]}
]]></system-out>
    </testcase>
    <testcase classname="chrome.135_0_7049_96.windows.Billing_Transfer_-_Intracompany_US127249" name="Should create a new equipment" time="132.265">
      <system-out><![CDATA[
COMMAND: GET /session/fd95c45ccda87168f56760c12bc05b9d/screenshot - {}
COMMAND: POST /session/fd95c45ccda87168f56760c12bc05b9d/execute/async - {"script":"<script> [1562 bytes]","args":[{"selector":{"controlType":"sap.m.GenericTile","properties":{"header":"Manage Resources"}},"wdio_ui5_key":"sapm.GenericTile{\"header\":\"Manage Resources\"}"}]}
RESULT: {}
RESULT: {"script":"<script> [1562 bytes]","args":[{"selector":{"controlType":"sap.m.GenericTile","properties":{"header":"Manage Resources"}},"wdio_ui5_key":"sapm.GenericTile{\"header\":\"Manage Resources\"}"}]}
RESULT: undefined
COMMAND: POST /session/fd95c45ccda87168f56760c12bc05b9d/element - {"using":"xpath","value":"//*[@id=\"__tile39\"]"}
RESULT: {"using":"xpath","value":"//*[@id=\"__tile39\"]"}
COMMAND: POST /session/fd95c45ccda87168f56760c12bc05b9d/element/f.1202D19FA9159A4DFC5EAE9C490348A6.d.B52CF8B0466A6F828B9660DA66596875.e.2684/click - {}
RESULT: {}
COMMAND: POST /session/fd95c45ccda87168f56760c12bc05b9d/element - {"using":"xpath","value":"//button[@data-kt=\"addNewRUOverflowToolbarButton\"]"}
COMMAND: GET /session/fd95c45ccda87168f56760c12bc05b9d/screenshot - {}
RESULT: {"using":"xpath","value":"//button[@data-kt=\"addNewRUOverflowToolbarButton\"]"}
COMMAND: POST /session/fd95c45ccda87168f56760c12bc05b9d/elements - {"using":"xpath","value":"//button[@data-kt=\"addNewRUOverflowToolbarButton\"]"}
RESULT: {}
RESULT: {"using":"xpath","value":"//button[@data-kt=\"addNewRUOverflowToolbarButton\"]"}
COMMAND: POST /session/fd95c45ccda87168f56760c12bc05b9d/elements - {"using":"xpath","value":"//button[@data-kt=\"addNewRUOverflowToolbarButton\"]"}
RESULT: {"using":"xpath","value":"//button[@data-kt=\"addNewRUOverflowToolbarButton\"]"}
COMMAND: POST /session/fd95c45ccda87168f56760c12bc05b9d/elements - {"using":"xpath","value":"//button[@data-kt=\"addNewRUOverflowToolbarButton\"]"}
RESULT: {"using":"xpath","value":"//button[@data-kt=\"addNewRUOverflowToolbarButton\"]"}
COMMAND: POST /session/fd95c45ccda87168f56760c12bc05b9d/elements - {"using":"xpath","value":"//button[@data-kt=\"addNewRUOverflowToolbarButton\"]"}
RESULT: {"using":"xpath","value":"//button[@data-kt=\"addNewRUOverflowToolbarButton\"]"}
COMMAND: POST /session/fd95c45ccda87168f56760c12bc05b9d/elements - {"using":"xpath","value":"//button[@data-kt=\"addNewRUOverflowToolbarButton\"]"}
RESULT: undefined
RESULT: undefined
RESULT: {"using":"xpath","value":"//button[@data-kt=\"addNewRUOverflowToolbarButton\"]"}
COMMAND: POST /session/fd95c45ccda87168f56760c12bc05b9d/element - {"using":"xpath","value":"//button[@data-kt=\"addNewRUOverflowToolbarButton\"]"}
RESULT: {"using":"xpath","value":"//button[@data-kt=\"addNewRUOverflowToolbarButton\"]"}
COMMAND: POST /session/fd95c45ccda87168f56760c12bc05b9d/execute/sync - {"script":"<script> [8489 bytes]","args":[{"element-6066-11e4-a52e-4f735466cecf":"f.1202D19FA9159A4DFC5EAE9C490348A6.d.B52CF8B0466A6F828B9660DA66596875.e.5063","ELEMENT":"f.1202D19FA9159A4DFC5EAE9C490348A6.d.B52CF8B0466A6F828B9660DA66596875.e.5063"}]}
RESULT: {"script":"<script> [8489 bytes]","args":[{"element-6066-11e4-a52e-4f735466cecf":"f.1202D19FA9159A4DFC5EAE9C490348A6.d.B52CF8B0466A6F828B9660DA66596875.e.5063","ELEMENT":"f.1202D19FA9159A4DFC5EAE9C490348A6.d.B52CF8B0466A6F828B9660DA66596875.e.5063"}]}
COMMAND: GET /session/fd95c45ccda87168f56760c12bc05b9d/element/f.1202D19FA9159A4DFC5EAE9C490348A6.d.B52CF8B0466A6F828B9660DA66596875.e.5063/enabled - {}
COMMAND: GET /session/fd95c45ccda87168f56760c12bc05b9d/screenshot - {}
RESULT: {}
COMMAND: POST /session/fd95c45ccda87168f56760c12bc05b9d/execute/sync - {"script":"<script> [8489 bytes]","args":[{"element-6066-11e4-a52e-4f735466cecf":"f.1202D19FA9159A4DFC5EAE9C490348A6.d.B52CF8B0466A6F828B9660DA66596875.e.5063","ELEMENT":"f.1202D19FA9159A4DFC5EAE9C490348A6.d.B52CF8B0466A6F828B9660DA66596875.e.5063"}]}
COMMAND: GET /session/fd95c45ccda87168f56760c12bc05b9d/screenshot - {}
RESULT: {}
RESULT: {"script":"<script> [8489 bytes]","args":[{"element-6066-11e4-a52e-4f735466cecf":"f.1202D19FA9159A4DFC5EAE9C490348A6.d.B52CF8B0466A6F828B9660DA66596875.e.5063","ELEMENT":"f.1202D19FA9159A4DFC5EAE9C490348A6.d.B52CF8B0466A6F828B9660DA66596875.e.5063"}]}
COMMAND: POST /session/fd95c45ccda87168f56760c12bc05b9d/execute/sync - {"script":"<script> [5351 bytes]","args":[{"element-6066-11e4-a52e-4f735466cecf":"f.1202D19FA9159A4DFC5EAE9C490348A6.d.B52CF8B0466A6F828B9660DA66596875.e.5063","ELEMENT":"f.1202D19FA9159A4DFC5EAE9C490348A6.d.B52CF8B0466A6F828B9660DA66596875.e.5063"}]}
COMMAND: GET /session/fd95c45ccda87168f56760c12bc05b9d/screenshot - {}
RESULT: {}
RESULT: {"script":"<script> [5351 bytes]","args":[{"element-6066-11e4-a52e-4f735466cecf":"f.1202D19FA9159A4DFC5EAE9C490348A6.d.B52CF8B0466A6F828B9660DA66596875.e.5063","ELEMENT":"f.1202D19FA9159A4DFC5EAE9C490348A6.d.B52CF8B0466A6F828B9660DA66596875.e.5063"}]}
COMMAND: POST /session/fd95c45ccda87168f56760c12bc05b9d/element/f.1202D19FA9159A4DFC5EAE9C490348A6.d.B52CF8B0466A6F828B9660DA66596875.e.5063/click - {}
COMMAND: GET /session/fd95c45ccda87168f56760c12bc05b9d/screenshot - {}
RESULT: {}
RESULT: {}
COMMAND: GET /session/fd95c45ccda87168f56760c12bc05b9d/screenshot - {}
COMMAND: POST /session/fd95c45ccda87168f56760c12bc05b9d/execute/async - {"script":"<script> [1562 bytes]","args":[{"selector":{"id":"application-manageresources-display-component---newResourceUnit--TYPE-arrow"},"wdio_ui5_key":"applicationmanageresources-display-component---newResourceUnit--TYPE-arrow"}]}
RESULT: {}
RESULT: {}
RESULT: {"script":"<script> [1562 bytes]","args":[{"selector":{"id":"application-manageresources-display-component---newResourceUnit--TYPE-arrow"},"wdio_ui5_key":"applicationmanageresources-display-component---newResourceUnit--TYPE-arrow"}]}
RESULT: undefined
COMMAND: POST /session/fd95c45ccda87168f56760c12bc05b9d/element - {"using":"xpath","value":"//*[@id=\"application-manageresources-display-component---newResourceUnit--TYPE-arrow\"]"}
RESULT: {"using":"xpath","value":"//*[@id=\"application-manageresources-display-component---newResourceUnit--TYPE-arrow\"]"}
COMMAND: POST /session/fd95c45ccda87168f56760c12bc05b9d/element/f.1202D19FA9159A4DFC5EAE9C490348A6.d.B52CF8B0466A6F828B9660DA66596875.e.5416/click - {}
RESULT: {}
COMMAND: POST /session/fd95c45ccda87168f56760c12bc05b9d/element - {"using":"xpath","value":"//input[@id=\"application-manageresources-display-component---newResourceUnit--TYPE-inner\"]"}
COMMAND: GET /session/fd95c45ccda87168f56760c12bc05b9d/screenshot - {}
RESULT: {"using":"xpath","value":"//input[@id=\"application-manageresources-display-component---newResourceUnit--TYPE-inner\"]"}
COMMAND: POST /session/fd95c45ccda87168f56760c12bc05b9d/element/f.1202D19FA9159A4DFC5EAE9C490348A6.d.B52CF8B0466A6F828B9660DA66596875.e.5411/clear - {}
RESULT: {}
RESULT: {}
COMMAND: POST /session/fd95c45ccda87168f56760c12bc05b9d/element/f.1202D19FA9159A4DFC5EAE9C490348A6.d.B52CF8B0466A6F828B9660DA66596875.e.5411/value - {"text":"Equipment"}
COMMAND: GET /session/fd95c45ccda87168f56760c12bc05b9d/screenshot - {}
RESULT: {"text":"Equipment"}
COMMAND: GET /session/fd95c45ccda87168f56760c12bc05b9d/screenshot - {}
RESULT: {}
RESULT: {}
COMMAND: POST /session/fd95c45ccda87168f56760c12bc05b9d/actions - {"actions":[{"id":"action16","type":"key","parameters":{},"actions":[{"type":"keyDown","value":"î€‡"},{"type":"pause","duration":10},{"type":"keyUp","value":"î€‡"}]}]}
RESULT: {"actions":[{"id":"action16","type":"key","parameters":{},"actions":[{"type":"keyDown","value":"î€‡"},{"type":"pause","duration":10},{"type":"keyUp","value":"î€‡"}]}]}
COMMAND: POST /session/fd95c45ccda87168f56760c12bc05b9d/execute/async - {"script":"<script> [1562 bytes]","args":[{"selector":{"id":"application-manageresources-display-component---newResourceUnit--resourceId","interaction":{"idSuffix":"inner"}},"wdio_ui5_key":"applicationmanageresources-display-component---newResourceUnit--resourceId"}]}
COMMAND: GET /session/fd95c45ccda87168f56760c12bc05b9d/screenshot - {}
RESULT: {"script":"<script> [1562 bytes]","args":[{"selector":{"id":"application-manageresources-display-component---newResourceUnit--resourceId","interaction":{"idSuffix":"inner"}},"wdio_ui5_key":"applicationmanageresources-display-component---newResourceUnit--resourceId"}]}
RESULT: undefined
COMMAND: POST /session/fd95c45ccda87168f56760c12bc05b9d/execute/async - {"script":"<script> [776 bytes]","args":[{"enterText":"nKHPGkN1dO","selector":{"id":"application-manageresources-display-component---newResourceUnit--resourceId","interaction":{"idSuffix":"inner"}},"clearTextFirst":true,"interactionType":"ENTER_TEXT"}]}
RESULT: {}
RESULT: {"script":"<script> [776 bytes]","args":[{"enterText":"nKHPGkN1dO","selector":{"id":"application-manageresources-display-component---newResourceUnit--resourceId","interaction":{"idSuffix":"inner"}},"clearTextFirst":true,"interactionType":"ENTER_TEXT"}]}
COMMAND: POST /session/fd95c45ccda87168f56760c12bc05b9d/execute/async - {"script":"<script> [1562 bytes]","args":[{"selector":{"id":"application-manageresources-display-component---newResourceUnit--SHORT_TEXT","interaction":{"idSuffix":"inner"}},"wdio_ui5_key":"applicationmanageresources-display-component---newResourceUnit--SHORT_TEXT"}]}
RESULT: {"script":"<script> [1562 bytes]","args":[{"selector":{"id":"application-manageresources-display-component---newResourceUnit--SHORT_TEXT","interaction":{"idSuffix":"inner"}},"wdio_ui5_key":"applicationmanageresources-display-component---newResourceUnit--SHORT_TEXT"}]}
RESULT: undefined
COMMAND: POST /session/fd95c45ccda87168f56760c12bc05b9d/execute/async - {"script":"<script> [776 bytes]","args":[{"enterText":"Intercompany Equipment WDIO","selector":{"id":"application-manageresources-display-component---newResourceUnit--SHORT_TEXT","interaction":{"idSuffix":"inner"}},"clearTextFirst":true,"interactionType":"ENTER_TEXT"}]}
RESULT: {"script":"<script> [776 bytes]","args":[{"enterText":"Intercompany Equipment WDIO","selector":{"id":"application-manageresources-display-component---newResourceUnit--SHORT_TEXT","interaction":{"idSuffix":"inner"}},"clearTextFirst":true,"interactionType":"ENTER_TEXT"}]}
COMMAND: POST /session/fd95c45ccda87168f56760c12bc05b9d/execute/async - {"script":"<script> [1562 bytes]","args":[{"selector":{"id":"application-manageresources-display-component---newResourceUnit--BASE_UNIT_OF_MEASURE","interaction":{"idSuffix":"inner"}},"wdio_ui5_key":"applicationmanageresources-display-component---newResourceUnit--BASE_UNIT_OF_MEASURE"}]}
RESULT: {"script":"<script> [1562 bytes]","args":[{"selector":{"id":"application-manageresources-display-component---newResourceUnit--BASE_UNIT_OF_MEASURE","interaction":{"idSuffix":"inner"}},"wdio_ui5_key":"applicationmanageresources-display-component---newResourceUnit--BASE_UNIT_OF_MEASURE"}]}
RESULT: undefined
COMMAND: POST /session/fd95c45ccda87168f56760c12bc05b9d/execute/async - {"script":"<script> [776 bytes]","args":[{"enterText":"Piece","selector":{"id":"application-manageresources-display-component---newResourceUnit--BASE_UNIT_OF_MEASURE","interaction":{"idSuffix":"inner"}},"clearTextFirst":true,"interactionType":"ENTER_TEXT"}]}
RESULT: {"script":"<script> [776 bytes]","args":[{"enterText":"Piece","selector":{"id":"application-manageresources-display-component---newResourceUnit--BASE_UNIT_OF_MEASURE","interaction":{"idSuffix":"inner"}},"clearTextFirst":true,"interactionType":"ENTER_TEXT"}]}
COMMAND: POST /session/fd95c45ccda87168f56760c12bc05b9d/execute/async - {"script":"<script> [1562 bytes]","args":[{"selector":{"id":"application-manageresources-display-component---newResourceUnit--WEIGHT_UNIT","interaction":{"idSuffix":"inner"}},"wdio_ui5_key":"applicationmanageresources-display-component---newResourceUnit--WEIGHT_UNIT"}]}
RESULT: {"script":"<script> [1562 bytes]","args":[{"selector":{"id":"application-manageresources-display-component---newResourceUnit--WEIGHT_UNIT","interaction":{"idSuffix":"inner"}},"wdio_ui5_key":"applicationmanageresources-display-component---newResourceUnit--WEIGHT_UNIT"}]}
RESULT: undefined
COMMAND: POST /session/fd95c45ccda87168f56760c12bc05b9d/execute/async - {"script":"<script> [776 bytes]","args":[{"enterText":"Gram","selector":{"id":"application-manageresources-display-component---newResourceUnit--WEIGHT_UNIT","interaction":{"idSuffix":"inner"}},"clearTextFirst":true,"interactionType":"ENTER_TEXT"}]}
RESULT: {"script":"<script> [776 bytes]","args":[{"enterText":"Gram","selector":{"id":"application-manageresources-display-component---newResourceUnit--WEIGHT_UNIT","interaction":{"idSuffix":"inner"}},"clearTextFirst":true,"interactionType":"ENTER_TEXT"}]}
COMMAND: POST /session/fd95c45ccda87168f56760c12bc05b9d/execute/async - {"script":"<script> [1562 bytes]","args":[{"selector":{"id":"application-manageresources-display-component---newResourceUnit--DIMENSION_UNIT","interaction":{"idSuffix":"inner"}},"wdio_ui5_key":"applicationmanageresources-display-component---newResourceUnit--DIMENSION_UNIT"}]}
RESULT: {"script":"<script> [1562 bytes]","args":[{"selector":{"id":"application-manageresources-display-component---newResourceUnit--DIMENSION_UNIT","interaction":{"idSuffix":"inner"}},"wdio_ui5_key":"applicationmanageresources-display-component---newResourceUnit--DIMENSION_UNIT"}]}
RESULT: undefined
COMMAND: POST /session/fd95c45ccda87168f56760c12bc05b9d/execute/async - {"script":"<script> [776 bytes]","args":[{"enterText":"Meter","selector":{"id":"application-manageresources-display-component---newResourceUnit--DIMENSION_UNIT","interaction":{"idSuffix":"inner"}},"clearTextFirst":true,"interactionType":"ENTER_TEXT"}]}
RESULT: {"script":"<script> [776 bytes]","args":[{"enterText":"Meter","selector":{"id":"application-manageresources-display-component---newResourceUnit--DIMENSION_UNIT","interaction":{"idSuffix":"inner"}},"clearTextFirst":true,"interactionType":"ENTER_TEXT"}]}
COMMAND: POST /session/fd95c45ccda87168f56760c12bc05b9d/execute/async - {"script":"<script> [1562 bytes]","args":[{"selector":{"id":"application-manageresources-display-component---newResourceUnit--newRRUPage-anchBar-application-manageresources-display-component---newResourceUnit--control-anchor","interaction":{"idSuffix":"BDI-content"}},"wdio_ui5_key":"applicationmanageresources-display-component---newResourceUnit--newRRUPage-anchBar-application-manageresources-display-component---newResourceUnit--control-anchor"}]}
RESULT: {"script":"<script> [1562 bytes]","args":[{"selector":{"id":"application-manageresources-display-component---newResourceUnit--newRRUPage-anchBar-application-manageresources-display-component---newResourceUnit--control-anchor","interaction":{"idSuffix":"BDI-content"}},"wdio_ui5_key":"applicationmanageresources-display-component---newResourceUnit--newRRUPage-anchBar-application-manageresources-display-component---newResourceUnit--control-anchor"}]}
RESULT: undefined
COMMAND: POST /session/fd95c45ccda87168f56760c12bc05b9d/element - {"using":"xpath","value":"//*[@id=\"application-manageresources-display-component---newResourceUnit--newRRUPage-anchBar-application-manageresources-display-component---newResourceUnit--control-anchor\"]"}
RESULT: {"using":"xpath","value":"//*[@id=\"application-manageresources-display-component---newResourceUnit--newRRUPage-anchBar-application-manageresources-display-component---newResourceUnit--control-anchor\"]"}
COMMAND: POST /session/fd95c45ccda87168f56760c12bc05b9d/element/f.1202D19FA9159A4DFC5EAE9C490348A6.d.B52CF8B0466A6F828B9660DA66596875.e.5548/click - {}
RESULT: {}
COMMAND: POST /session/fd95c45ccda87168f56760c12bc05b9d/execute/async - {"script":"<script> [1562 bytes]","args":[{"selector":{"id":"application-manageresources-display-component---newResourceUnit--PLANNING_GROUP","interaction":{"idSuffix":"inner"}},"wdio_ui5_key":"applicationmanageresources-display-component---newResourceUnit--PLANNING_GROUP"}]}
COMMAND: GET /session/fd95c45ccda87168f56760c12bc05b9d/screenshot - {}
RESULT: {"script":"<script> [1562 bytes]","args":[{"selector":{"id":"application-manageresources-display-component---newResourceUnit--PLANNING_GROUP","interaction":{"idSuffix":"inner"}},"wdio_ui5_key":"applicationmanageresources-display-component---newResourceUnit--PLANNING_GROUP"}]}
RESULT: undefined
COMMAND: POST /session/fd95c45ccda87168f56760c12bc05b9d/execute/async - {"script":"<script> [776 bytes]","args":[{"enterText":"Heavy Equi","selector":{"id":"application-manageresources-display-component---newResourceUnit--PLANNING_GROUP","interaction":{"idSuffix":"inner"}},"clearTextFirst":true,"interactionType":"ENTER_TEXT"}]}
RESULT: {}
RESULT: {"script":"<script> [776 bytes]","args":[{"enterText":"Heavy Equi","selector":{"id":"application-manageresources-display-component---newResourceUnit--PLANNING_GROUP","interaction":{"idSuffix":"inner"}},"clearTextFirst":true,"interactionType":"ENTER_TEXT"}]}
COMMAND: POST /session/fd95c45ccda87168f56760c12bc05b9d/execute/async - {"script":"<script> [1562 bytes]","args":[{"selector":{"id":"application-manageresources-display-component---newResourceUnit--ITEM_TYPE-arrow"},"wdio_ui5_key":"applicationmanageresources-display-component---newResourceUnit--ITEM_TYPE-arrow"}]}
RESULT: {"script":"<script> [1562 bytes]","args":[{"selector":{"id":"application-manageresources-display-component---newResourceUnit--ITEM_TYPE-arrow"},"wdio_ui5_key":"applicationmanageresources-display-component---newResourceUnit--ITEM_TYPE-arrow"}]}
RESULT: undefined
COMMAND: POST /session/fd95c45ccda87168f56760c12bc05b9d/element - {"using":"xpath","value":"//*[@id=\"application-manageresources-display-component---newResourceUnit--ITEM_TYPE-arrow\"]"}
RESULT: {"using":"xpath","value":"//*[@id=\"application-manageresources-display-component---newResourceUnit--ITEM_TYPE-arrow\"]"}
COMMAND: POST /session/fd95c45ccda87168f56760c12bc05b9d/element/f.1202D19FA9159A4DFC5EAE9C490348A6.d.B52CF8B0466A6F828B9660DA66596875.e.5557/click - {}
RESULT: {}
COMMAND: POST /session/fd95c45ccda87168f56760c12bc05b9d/element - {"using":"xpath","value":"(//span[contains(text(), \"Resource Unit\")])[2]"}
COMMAND: GET /session/fd95c45ccda87168f56760c12bc05b9d/screenshot - {}
RESULT: {"using":"xpath","value":"(//span[contains(text(), \"Resource Unit\")])[2]"}
COMMAND: POST /session/fd95c45ccda87168f56760c12bc05b9d/element/f.1202D19FA9159A4DFC5EAE9C490348A6.d.B52CF8B0466A6F828B9660DA66596875.e.5558/click - {}
RESULT: {}
RESULT: {}
COMMAND: GET /session/fd95c45ccda87168f56760c12bc05b9d/screenshot - {}
RESULT: {}
COMMAND: POST /session/fd95c45ccda87168f56760c12bc05b9d/element - {"using":"css selector","value":"#application-manageresources-display-component---newResourceUnit--btnAddTimeSegment"}
RESULT: {"using":"css selector","value":"#application-manageresources-display-component---newResourceUnit--btnAddTimeSegment"}
COMMAND: GET /session/fd95c45ccda87168f56760c12bc05b9d/element/f.1202D19FA9159A4DFC5EAE9C490348A6.d.B52CF8B0466A6F828B9660DA66596875.e.5559/rect - {}
RESULT: {}
COMMAND: GET /session/fd95c45ccda87168f56760c12bc05b9d/window/rect - {}
RESULT: {}
COMMAND: POST /session/fd95c45ccda87168f56760c12bc05b9d/execute/sync - {"script":"<script> [92 bytes]","args":[]}
RESULT: {"script":"<script> [92 bytes]","args":[]}
COMMAND: POST /session/fd95c45ccda87168f56760c12bc05b9d/actions - {"actions":[{"id":"action17","type":"wheel","parameters":{},"actions":[{"type":"scroll","x":-1888,"y":-32,"deltaX":0,"deltaY":0,"duration":0,"origin":{"element-6066-11e4-a52e-4f735466cecf":"f.1202D19FA9159A4DFC5EAE9C490348A6.d.B52CF8B0466A6F828B9660DA66596875.e.5559"}}]}]}
COMMAND: GET /session/fd95c45ccda87168f56760c12bc05b9d/screenshot - {}
RESULT: {}
COMMAND: POST /session/fd95c45ccda87168f56760c12bc05b9d/execute/sync - {"script":"<script> [79 bytes]","args":[{"element-6066-11e4-a52e-4f735466cecf":"f.1202D19FA9159A4DFC5EAE9C490348A6.d.B52CF8B0466A6F828B9660DA66596875.e.5559","ELEMENT":"f.1202D19FA9159A4DFC5EAE9C490348A6.d.B52CF8B0466A6F828B9660DA66596875.e.5559"},{"block":"start","inline":"nearest"}]}
RESULT: {"script":"<script> [79 bytes]","args":[{"element-6066-11e4-a52e-4f735466cecf":"f.1202D19FA9159A4DFC5EAE9C490348A6.d.B52CF8B0466A6F828B9660DA66596875.e.5559","ELEMENT":"f.1202D19FA9159A4DFC5EAE9C490348A6.d.B52CF8B0466A6F828B9660DA66596875.e.5559"},{"block":"start","inline":"nearest"}]}
COMMAND: POST /session/fd95c45ccda87168f56760c12bc05b9d/execute/async - {"script":"<script> [1562 bytes]","args":[{"selector":{"id":"application-manageresources-display-component---newResourceUnit--btnAddTimeSegment","interaction":{"idSuffix":"inner"}},"wdio_ui5_key":"applicationmanageresources-display-component---newResourceUnit--btnAddTimeSegment"}]}
COMMAND: GET /session/fd95c45ccda87168f56760c12bc05b9d/screenshot - {}
RESULT: {"script":"<script> [1562 bytes]","args":[{"selector":{"id":"application-manageresources-display-component---newResourceUnit--btnAddTimeSegment","interaction":{"idSuffix":"inner"}},"wdio_ui5_key":"applicationmanageresources-display-component---newResourceUnit--btnAddTimeSegment"}]}
RESULT: undefined
COMMAND: POST /session/fd95c45ccda87168f56760c12bc05b9d/element - {"using":"xpath","value":"//*[@id=\"application-manageresources-display-component---newResourceUnit--btnAddTimeSegment\"]"}
RESULT: {}
RESULT: {"using":"xpath","value":"//*[@id=\"application-manageresources-display-component---newResourceUnit--btnAddTimeSegment\"]"}
COMMAND: POST /session/fd95c45ccda87168f56760c12bc05b9d/element/f.1202D19FA9159A4DFC5EAE9C490348A6.d.B52CF8B0466A6F828B9660DA66596875.e.5559/click - {}
RESULT: {}
COMMAND: GET /session/fd95c45ccda87168f56760c12bc05b9d/screenshot - {}
RESULT: {}
COMMAND: POST /session/fd95c45ccda87168f56760c12bc05b9d/element - {"using":"xpath","value":"//input[@id=\"application-manageresources-display-component---newResourceUnit--idRuTSAdmin-application-manageresources-display-component---newResourceUnit--RUTimeSegment-0-inner\"]"}
RESULT: {"using":"xpath","value":"//input[@id=\"application-manageresources-display-component---newResourceUnit--idRuTSAdmin-application-manageresources-display-component---newResourceUnit--RUTimeSegment-0-inner\"]"}
COMMAND: POST /session/fd95c45ccda87168f56760c12bc05b9d/element/f.1202D19FA9159A4DFC5EAE9C490348A6.d.B52CF8B0466A6F828B9660DA66596875.e.5565/clear - {}
RESULT: {}
COMMAND: POST /session/fd95c45ccda87168f56760c12bc05b9d/element/f.1202D19FA9159A4DFC5EAE9C490348A6.d.B52CF8B0466A6F828B9660DA66596875.e.5565/value - {"text":"804"}
COMMAND: GET /session/fd95c45ccda87168f56760c12bc05b9d/screenshot - {}
RESULT: {"text":"804"}
COMMAND: GET /session/fd95c45ccda87168f56760c12bc05b9d/screenshot - {}
RESULT: {}
RESULT: {}
COMMAND: POST /session/fd95c45ccda87168f56760c12bc05b9d/element - {"using":"xpath","value":"//li[.//span[text()='804']]"}
RESULT: {"using":"xpath","value":"//li[.//span[text()='804']]"}
COMMAND: POST /session/fd95c45ccda87168f56760c12bc05b9d/element/f.1202D19FA9159A4DFC5EAE9C490348A6.d.B52CF8B0466A6F828B9660DA66596875.e.5577/click - {}
RESULT: {}
COMMAND: GET /session/fd95c45ccda87168f56760c12bc05b9d/screenshot - {}
RESULT: {}
COMMAND: POST /session/fd95c45ccda87168f56760c12bc05b9d/element - {"using":"xpath","value":"(//span[contains(@id, \"-application-manageresources-display-component---newResourceUnit--RUTimeSegment-0-arrow\")])[6]"}
RESULT: {"using":"xpath","value":"(//span[contains(@id, \"-application-manageresources-display-component---newResourceUnit--RUTimeSegment-0-arrow\")])[6]"}
COMMAND: POST /session/fd95c45ccda87168f56760c12bc05b9d/element/f.1202D19FA9159A4DFC5EAE9C490348A6.d.B52CF8B0466A6F828B9660DA66596875.e.5578/click - {}
RESULT: {}
COMMAND: POST /session/fd95c45ccda87168f56760c12bc05b9d/element - {"using":"xpath","value":"//span[contains(text(), \"PM Order\")]"}
COMMAND: GET /session/fd95c45ccda87168f56760c12bc05b9d/screenshot - {}
RESULT: {"using":"xpath","value":"//span[contains(text(), \"PM Order\")]"}
COMMAND: POST /session/fd95c45ccda87168f56760c12bc05b9d/element/f.1202D19FA9159A4DFC5EAE9C490348A6.d.B52CF8B0466A6F828B9660DA66596875.e.5581/click - {}
RESULT: {}
RESULT: {}
COMMAND: GET /session/fd95c45ccda87168f56760c12bc05b9d/screenshot - {}
RESULT: {}
COMMAND: POST /session/fd95c45ccda87168f56760c12bc05b9d/element - {"using":"xpath","value":"(//span[contains(@id ,\"manageresources-display-component---newResourceUnit--RUTimeSegment-0-vhi\")])[2]"}
RESULT: {"using":"xpath","value":"(//span[contains(@id ,\"manageresources-display-component---newResourceUnit--RUTimeSegment-0-vhi\")])[2]"}
COMMAND: POST /session/fd95c45ccda87168f56760c12bc05b9d/element/f.1202D19FA9159A4DFC5EAE9C490348A6.d.B52CF8B0466A6F828B9660DA66596875.e.5584/click - {}
RESULT: {}
COMMAND: GET /session/fd95c45ccda87168f56760c12bc05b9d/screenshot - {}
RESULT: {}
RESULT: undefined
COMMAND: POST /session/fd95c45ccda87168f56760c12bc05b9d/execute/async - {"script":"<script> [776 bytes]","args":[{"enterText":"4000360","selector":{"controlType":"sap.m.SearchField","properties":{"placeholder":"Search"},"searchOpenDialogs":true,"interaction":{"idSuffix":"I"}},"clearTextFirst":true,"interactionType":"ENTER_TEXT"}]}
RESULT: {"script":"<script> [776 bytes]","args":[{"enterText":"4000360","selector":{"controlType":"sap.m.SearchField","properties":{"placeholder":"Search"},"searchOpenDialogs":true,"interaction":{"idSuffix":"I"}},"clearTextFirst":true,"interactionType":"ENTER_TEXT"}]}
COMMAND: POST /session/fd95c45ccda87168f56760c12bc05b9d/actions - {"actions":[{"id":"action18","type":"key","parameters":{},"actions":[{"type":"keyDown","value":"î€‡"},{"type":"pause","duration":10},{"type":"keyUp","value":"î€‡"}]}]}
RESULT: {"actions":[{"id":"action18","type":"key","parameters":{},"actions":[{"type":"keyDown","value":"î€‡"},{"type":"pause","duration":10},{"type":"keyUp","value":"î€‡"}]}]}
COMMAND: GET /session/fd95c45ccda87168f56760c12bc05b9d/screenshot - {}
RESULT: {}
COMMAND: POST /session/fd95c45ccda87168f56760c12bc05b9d/element - {"using":"xpath","value":"//td/div/span[contains(text(), \"BGL Vehicles\")]"}
RESULT: {"using":"xpath","value":"//td/div/span[contains(text(), \"BGL Vehicles\")]"}
COMMAND: POST /session/fd95c45ccda87168f56760c12bc05b9d/element/f.1202D19FA9159A4DFC5EAE9C490348A6.d.B52CF8B0466A6F828B9660DA66596875.e.5602/click - {}
RESULT: {}
COMMAND: GET /session/fd95c45ccda87168f56760c12bc05b9d/screenshot - {}
RESULT: {}
COMMAND: POST /session/fd95c45ccda87168f56760c12bc05b9d/element - {"using":"xpath","value":"//bdi[contains(text(), \"OK\")]"}
RESULT: {"using":"xpath","value":"//bdi[contains(text(), \"OK\")]"}
COMMAND: POST /session/fd95c45ccda87168f56760c12bc05b9d/element/f.1202D19FA9159A4DFC5EAE9C490348A6.d.B52CF8B0466A6F828B9660DA66596875.e.5603/click - {}
RESULT: {}
COMMAND: GET /session/fd95c45ccda87168f56760c12bc05b9d/screenshot - {}
RESULT: {}
COMMAND: POST /session/fd95c45ccda87168f56760c12bc05b9d/execute/async - {"script":"<script> [1562 bytes]","args":[{"selector":{"id":"application-manageresources-display-component---newResourceUnit--newRRUPage-anchBar-application-manageresources-display-component---newResourceUnit--resource-anchor","interaction":{"idSuffix":"BDI-content"}},"wdio_ui5_key":"applicationmanageresources-display-component---newResourceUnit--newRRUPage-anchBar-application-manageresources-display-component---newResourceUnit--resource-anchor"}]}
RESULT: {"script":"<script> [1562 bytes]","args":[{"selector":{"id":"application-manageresources-display-component---newResourceUnit--newRRUPage-anchBar-application-manageresources-display-component---newResourceUnit--resource-anchor","interaction":{"idSuffix":"BDI-content"}},"wdio_ui5_key":"applicationmanageresources-display-component---newResourceUnit--newRRUPage-anchBar-application-manageresources-display-component---newResourceUnit--resource-anchor"}]}
RESULT: undefined
COMMAND: POST /session/fd95c45ccda87168f56760c12bc05b9d/element - {"using":"xpath","value":"//*[@id=\"application-manageresources-display-component---newResourceUnit--newRRUPage-anchBar-application-manageresources-display-component---newResourceUnit--resource-anchor\"]"}
RESULT: {"using":"xpath","value":"//*[@id=\"application-manageresources-display-component---newResourceUnit--newRRUPage-anchBar-application-manageresources-display-component---newResourceUnit--resource-anchor\"]"}
COMMAND: POST /session/fd95c45ccda87168f56760c12bc05b9d/element/f.1202D19FA9159A4DFC5EAE9C490348A6.d.B52CF8B0466A6F828B9660DA66596875.e.5607/click - {}
RESULT: {}
COMMAND: POST /session/fd95c45ccda87168f56760c12bc05b9d/execute/async - {"script":"<script> [1562 bytes]","args":[{"selector":{"id":"application-manageresources-display-component---newResourceUnit--PLANNED_DELIVERY_DATE","interaction":{"idSuffix":"inner"}},"wdio_ui5_key":"applicationmanageresources-display-component---newResourceUnit--PLANNED_DELIVERY_DATE"}]}
COMMAND: GET /session/fd95c45ccda87168f56760c12bc05b9d/screenshot - {}
RESULT: {"script":"<script> [1562 bytes]","args":[{"selector":{"id":"application-manageresources-display-component---newResourceUnit--PLANNED_DELIVERY_DATE","interaction":{"idSuffix":"inner"}},"wdio_ui5_key":"applicationmanageresources-display-component---newResourceUnit--PLANNED_DELIVERY_DATE"}]}
RESULT: undefined
COMMAND: POST /session/fd95c45ccda87168f56760c12bc05b9d/execute/async - {"script":"<script> [6424 bytes]","args":[{"element-6066-11e4-a52e-4f735466cecf":"f.1202D19FA9159A4DFC5EAE9C490348A6.d.B52CF8B0466A6F828B9660DA66596875.e.5471"},"setValue",["4/24/25"]]}
RESULT: {}
RESULT: {"script":"<script> [6424 bytes]","args":[{"element-6066-11e4-a52e-4f735466cecf":"f.1202D19FA9159A4DFC5EAE9C490348A6.d.B52CF8B0466A6F828B9660DA66596875.e.5471"},"setValue",["4/24/25"]]}
COMMAND: POST /session/fd95c45ccda87168f56760c12bc05b9d/element - {"using":"xpath","value":"//button[@data-kt=\"resourceUnitSaveButton\"]"}
RESULT: {"using":"xpath","value":"//button[@data-kt=\"resourceUnitSaveButton\"]"}
COMMAND: POST /session/fd95c45ccda87168f56760c12bc05b9d/element/f.1202D19FA9159A4DFC5EAE9C490348A6.d.B52CF8B0466A6F828B9660DA66596875.e.5432/click - {}
RESULT: {}
COMMAND: GET /session/fd95c45ccda87168f56760c12bc05b9d/screenshot - {}
RESULT: {}
COMMAND: POST /session/fd95c45ccda87168f56760c12bc05b9d/element - {"using":"xpath","value":"//bdi[contains(text(), \"Close\")]"}
RESULT: {"using":"xpath","value":"//bdi[contains(text(), \"Close\")]"}
COMMAND: POST /session/fd95c45ccda87168f56760c12bc05b9d/element/f.1202D19FA9159A4DFC5EAE9C490348A6.d.B52CF8B0466A6F828B9660DA66596875.e.5615/click - {}
RESULT: {}
COMMAND: GET /session/fd95c45ccda87168f56760c12bc05b9d/screenshot - {}
RESULT: {}
COMMAND: POST /session/fd95c45ccda87168f56760c12bc05b9d/element - {"using":"xpath","value":"(//button[contains(@id ,\"actionsToolbar-overflowButton\")])[1]"}
RESULT: {"using":"xpath","value":"(//button[contains(@id ,\"actionsToolbar-overflowButton\")])[1]"}
COMMAND: POST /session/fd95c45ccda87168f56760c12bc05b9d/element/f.1202D19FA9159A4DFC5EAE9C490348A6.d.B52CF8B0466A6F828B9660DA66596875.e.5628/click - {}
COMMAND: POST /session/fd95c45ccda87168f56760c12bc05b9d/element - {"using":"xpath","value":"(//button[contains(@id ,\"actionsToolbar-overflowButton\")])[1]"}
RESULT: {"using":"xpath","value":"(//button[contains(@id ,\"actionsToolbar-overflowButton\")])[1]"}
COMMAND: POST /session/fd95c45ccda87168f56760c12bc05b9d/element/f.1202D19FA9159A4DFC5EAE9C490348A6.d.B52CF8B0466A6F828B9660DA66596875.e.5628/click - {}
COMMAND: POST /session/fd95c45ccda87168f56760c12bc05b9d/element - {"using":"xpath","value":"(//button[contains(@id ,\"actionsToolbar-overflowButton\")])[1]"}
RESULT: {"using":"xpath","value":"(//button[contains(@id ,\"actionsToolbar-overflowButton\")])[1]"}
COMMAND: POST /session/fd95c45ccda87168f56760c12bc05b9d/element/f.1202D19FA9159A4DFC5EAE9C490348A6.d.B52CF8B0466A6F828B9660DA66596875.e.5677/click - {}
RESULT: {}
COMMAND: GET /session/fd95c45ccda87168f56760c12bc05b9d/screenshot - {}
RESULT: {}
COMMAND: POST /session/fd95c45ccda87168f56760c12bc05b9d/element - {"using":"xpath","value":"//button[@data-kt=\"priceInfoButton\"]"}
RESULT: {"using":"xpath","value":"//button[@data-kt=\"priceInfoButton\"]"}
COMMAND: POST /session/fd95c45ccda87168f56760c12bc05b9d/element/f.1202D19FA9159A4DFC5EAE9C490348A6.d.B52CF8B0466A6F828B9660DA66596875.e.5679/click - {}
RESULT: {}
COMMAND: GET /session/fd95c45ccda87168f56760c12bc05b9d/screenshot - {}
RESULT: {}
]]></system-out>
    </testcase>
    <testcase classname="chrome.135_0_7049_96.windows.Billing_Transfer_-_Intracompany_US127249" name="Should create a pricing procedure" time="54.695">
      <system-out><![CDATA[
COMMAND: POST /session/fd95c45ccda87168f56760c12bc05b9d/element - {"using":"xpath","value":"//button[@data-kt=\"addButton\"]"}
RESULT: {"using":"xpath","value":"//button[@data-kt=\"addButton\"]"}
COMMAND: POST /session/fd95c45ccda87168f56760c12bc05b9d/elements - {"using":"xpath","value":"//button[@data-kt=\"addButton\"]"}
RESULT: {"using":"xpath","value":"//button[@data-kt=\"addButton\"]"}
COMMAND: POST /session/fd95c45ccda87168f56760c12bc05b9d/elements - {"using":"xpath","value":"//button[@data-kt=\"addButton\"]"}
RESULT: {"using":"xpath","value":"//button[@data-kt=\"addButton\"]"}
COMMAND: POST /session/fd95c45ccda87168f56760c12bc05b9d/element - {"using":"xpath","value":"//button[@data-kt=\"addButton\"]"}
RESULT: {"using":"xpath","value":"//button[@data-kt=\"addButton\"]"}
COMMAND: POST /session/fd95c45ccda87168f56760c12bc05b9d/execute/sync - {"script":"<script> [8489 bytes]","args":[{"element-6066-11e4-a52e-4f735466cecf":"f.1202D19FA9159A4DFC5EAE9C490348A6.d.B52CF8B0466A6F828B9660DA66596875.e.5716","ELEMENT":"f.1202D19FA9159A4DFC5EAE9C490348A6.d.B52CF8B0466A6F828B9660DA66596875.e.5716"}]}
RESULT: {"script":"<script> [8489 bytes]","args":[{"element-6066-11e4-a52e-4f735466cecf":"f.1202D19FA9159A4DFC5EAE9C490348A6.d.B52CF8B0466A6F828B9660DA66596875.e.5716","ELEMENT":"f.1202D19FA9159A4DFC5EAE9C490348A6.d.B52CF8B0466A6F828B9660DA66596875.e.5716"}]}
COMMAND: GET /session/fd95c45ccda87168f56760c12bc05b9d/element/f.1202D19FA9159A4DFC5EAE9C490348A6.d.B52CF8B0466A6F828B9660DA66596875.e.5716/enabled - {}
COMMAND: GET /session/fd95c45ccda87168f56760c12bc05b9d/screenshot - {}
RESULT: {}
COMMAND: POST /session/fd95c45ccda87168f56760c12bc05b9d/execute/sync - {"script":"<script> [8489 bytes]","args":[{"element-6066-11e4-a52e-4f735466cecf":"f.1202D19FA9159A4DFC5EAE9C490348A6.d.B52CF8B0466A6F828B9660DA66596875.e.5716","ELEMENT":"f.1202D19FA9159A4DFC5EAE9C490348A6.d.B52CF8B0466A6F828B9660DA66596875.e.5716"}]}
COMMAND: GET /session/fd95c45ccda87168f56760c12bc05b9d/screenshot - {}
RESULT: {}
RESULT: {"script":"<script> [8489 bytes]","args":[{"element-6066-11e4-a52e-4f735466cecf":"f.1202D19FA9159A4DFC5EAE9C490348A6.d.B52CF8B0466A6F828B9660DA66596875.e.5716","ELEMENT":"f.1202D19FA9159A4DFC5EAE9C490348A6.d.B52CF8B0466A6F828B9660DA66596875.e.5716"}]}
COMMAND: POST /session/fd95c45ccda87168f56760c12bc05b9d/execute/sync - {"script":"<script> [5351 bytes]","args":[{"element-6066-11e4-a52e-4f735466cecf":"f.1202D19FA9159A4DFC5EAE9C490348A6.d.B52CF8B0466A6F828B9660DA66596875.e.5716","ELEMENT":"f.1202D19FA9159A4DFC5EAE9C490348A6.d.B52CF8B0466A6F828B9660DA66596875.e.5716"}]}
COMMAND: GET /session/fd95c45ccda87168f56760c12bc05b9d/screenshot - {}
RESULT: {}
RESULT: {"script":"<script> [5351 bytes]","args":[{"element-6066-11e4-a52e-4f735466cecf":"f.1202D19FA9159A4DFC5EAE9C490348A6.d.B52CF8B0466A6F828B9660DA66596875.e.5716","ELEMENT":"f.1202D19FA9159A4DFC5EAE9C490348A6.d.B52CF8B0466A6F828B9660DA66596875.e.5716"}]}
COMMAND: POST /session/fd95c45ccda87168f56760c12bc05b9d/element/f.1202D19FA9159A4DFC5EAE9C490348A6.d.B52CF8B0466A6F828B9660DA66596875.e.5716/click - {}
COMMAND: GET /session/fd95c45ccda87168f56760c12bc05b9d/screenshot - {}
RESULT: {}
RESULT: {}
COMMAND: GET /session/fd95c45ccda87168f56760c12bc05b9d/screenshot - {}
RESULT: {}
RESULT: {}
COMMAND: POST /session/fd95c45ccda87168f56760c12bc05b9d/execute/async - {"script":"<script> [1562 bytes]","args":[{"selector":{"controlType":"sap.m.Title","viewName":"etm.portal.ui.managepricingrules.view.NewItem","viewId":"application-managepricingrules-display-component---newInfoPriceItem","properties":{"text":"New Pricing Rules - Item Level"}},"wdio_ui5_key":"etmportal.ui.managepricingrules.view.NewItemsap.m.Title{\"text\":\"New Pricing Rules - Item Level\"}"}]}
RESULT: {"script":"<script> [1562 bytes]","args":[{"selector":{"controlType":"sap.m.Title","viewName":"etm.portal.ui.managepricingrules.view.NewItem","viewId":"application-managepricingrules-display-component---newInfoPriceItem","properties":{"text":"New Pricing Rules - Item Level"}},"wdio_ui5_key":"etmportal.ui.managepricingrules.view.NewItemsap.m.Title{\"text\":\"New Pricing Rules - Item Level\"}"}]}
RESULT: undefined
COMMAND: POST /session/fd95c45ccda87168f56760c12bc05b9d/execute/async - {"script":"<script> [6424 bytes]","args":[{"element-6066-11e4-a52e-4f735466cecf":"f.1202D19FA9159A4DFC5EAE9C490348A6.d.B52CF8B0466A6F828B9660DA66596875.e.5877"},"getText",[]]}
RESULT: {"script":"<script> [6424 bytes]","args":[{"element-6066-11e4-a52e-4f735466cecf":"f.1202D19FA9159A4DFC5EAE9C490348A6.d.B52CF8B0466A6F828B9660DA66596875.e.5877"},"getText",[]]}
COMMAND: POST /session/fd95c45ccda87168f56760c12bc05b9d/execute/async - {"script":"<script> [1562 bytes]","args":[{"selector":{"id":"application-managepricingrules-display-component---newInfoPriceItem--condValidTo","interaction":{"idSuffix":"inner"}},"wdio_ui5_key":"applicationmanagepricingrules-display-component---newInfoPriceItem--condValidTo"}]}
RESULT: {"script":"<script> [1562 bytes]","args":[{"selector":{"id":"application-managepricingrules-display-component---newInfoPriceItem--condValidTo","interaction":{"idSuffix":"inner"}},"wdio_ui5_key":"applicationmanagepricingrules-display-component---newInfoPriceItem--condValidTo"}]}
RESULT: undefined
COMMAND: POST /session/fd95c45ccda87168f56760c12bc05b9d/execute/async - {"script":"<script> [776 bytes]","args":[{"enterText":"12/24/25","selector":{"id":"application-managepricingrules-display-component---newInfoPriceItem--condValidTo","interaction":{"idSuffix":"inner"}},"clearTextFirst":true,"interactionType":"ENTER_TEXT"}]}
RESULT: {"script":"<script> [776 bytes]","args":[{"enterText":"12/24/25","selector":{"id":"application-managepricingrules-display-component---newInfoPriceItem--condValidTo","interaction":{"idSuffix":"inner"}},"clearTextFirst":true,"interactionType":"ENTER_TEXT"}]}
COMMAND: POST /session/fd95c45ccda87168f56760c12bc05b9d/execute/async - {"script":"<script> [1562 bytes]","args":[{"selector":{"id":"application-managepricingrules-display-component---newInfoPriceItem--billType-arrow"},"wdio_ui5_key":"applicationmanagepricingrules-display-component---newInfoPriceItem--billType-arrow"}]}
RESULT: {"script":"<script> [1562 bytes]","args":[{"selector":{"id":"application-managepricingrules-display-component---newInfoPriceItem--billType-arrow"},"wdio_ui5_key":"applicationmanagepricingrules-display-component---newInfoPriceItem--billType-arrow"}]}
RESULT: undefined
COMMAND: POST /session/fd95c45ccda87168f56760c12bc05b9d/element - {"using":"xpath","value":"//*[@id=\"application-managepricingrules-display-component---newInfoPriceItem--billType-arrow\"]"}
RESULT: {"using":"xpath","value":"//*[@id=\"application-managepricingrules-display-component---newInfoPriceItem--billType-arrow\"]"}
COMMAND: POST /session/fd95c45ccda87168f56760c12bc05b9d/element/f.1202D19FA9159A4DFC5EAE9C490348A6.d.B52CF8B0466A6F828B9660DA66596875.e.5879/click - {}
RESULT: {}
COMMAND: POST /session/fd95c45ccda87168f56760c12bc05b9d/element - {"using":"xpath","value":"//span[contains(text(), \"TB - Time based\")]"}
COMMAND: GET /session/fd95c45ccda87168f56760c12bc05b9d/screenshot - {}
RESULT: {"using":"xpath","value":"//span[contains(text(), \"TB - Time based\")]"}
COMMAND: POST /session/fd95c45ccda87168f56760c12bc05b9d/element/f.1202D19FA9159A4DFC5EAE9C490348A6.d.B52CF8B0466A6F828B9660DA66596875.e.5880/click - {}
RESULT: {}
RESULT: {}
COMMAND: POST /session/fd95c45ccda87168f56760c12bc05b9d/execute/async - {"script":"<script> [1562 bytes]","args":[{"selector":{"id":"application-managepricingrules-display-component---newInfoPriceItem--priceProc-arrow"},"wdio_ui5_key":"applicationmanagepricingrules-display-component---newInfoPriceItem--priceProc-arrow"}]}
COMMAND: GET /session/fd95c45ccda87168f56760c12bc05b9d/screenshot - {}
RESULT: {"script":"<script> [1562 bytes]","args":[{"selector":{"id":"application-managepricingrules-display-component---newInfoPriceItem--priceProc-arrow"},"wdio_ui5_key":"applicationmanagepricingrules-display-component---newInfoPriceItem--priceProc-arrow"}]}
RESULT: undefined
COMMAND: POST /session/fd95c45ccda87168f56760c12bc05b9d/element - {"using":"xpath","value":"//*[@id=\"application-managepricingrules-display-component---newInfoPriceItem--priceProc-arrow\"]"}
RESULT: {}
RESULT: {"using":"xpath","value":"//*[@id=\"application-managepricingrules-display-component---newInfoPriceItem--priceProc-arrow\"]"}
COMMAND: POST /session/fd95c45ccda87168f56760c12bc05b9d/element/f.1202D19FA9159A4DFC5EAE9C490348A6.d.B52CF8B0466A6F828B9660DA66596875.e.5843/click - {}
RESULT: {}
COMMAND: POST /session/fd95c45ccda87168f56760c12bc05b9d/element - {"using":"xpath","value":"//span[contains(text(), \"TBS - Time based standard\")]"}
COMMAND: GET /session/fd95c45ccda87168f56760c12bc05b9d/screenshot - {}
RESULT: {"using":"xpath","value":"//span[contains(text(), \"TBS - Time based standard\")]"}
COMMAND: POST /session/fd95c45ccda87168f56760c12bc05b9d/element/f.1202D19FA9159A4DFC5EAE9C490348A6.d.B52CF8B0466A6F828B9660DA66596875.e.5881/click - {}
RESULT: {}
RESULT: {}
COMMAND: POST /session/fd95c45ccda87168f56760c12bc05b9d/execute/async - {"script":"<script> [1562 bytes]","args":[{"selector":{"id":"application-managepricingrules-display-component---newInfoPriceItem--calcBase-arrow"},"wdio_ui5_key":"applicationmanagepricingrules-display-component---newInfoPriceItem--calcBase-arrow"}]}
COMMAND: GET /session/fd95c45ccda87168f56760c12bc05b9d/screenshot - {}
RESULT: {"script":"<script> [1562 bytes]","args":[{"selector":{"id":"application-managepricingrules-display-component---newInfoPriceItem--calcBase-arrow"},"wdio_ui5_key":"applicationmanagepricingrules-display-component---newInfoPriceItem--calcBase-arrow"}]}
RESULT: undefined
COMMAND: POST /session/fd95c45ccda87168f56760c12bc05b9d/element - {"using":"xpath","value":"//*[@id=\"application-managepricingrules-display-component---newInfoPriceItem--calcBase-arrow\"]"}
RESULT: {}
RESULT: {"using":"xpath","value":"//*[@id=\"application-managepricingrules-display-component---newInfoPriceItem--calcBase-arrow\"]"}
COMMAND: POST /session/fd95c45ccda87168f56760c12bc05b9d/element/f.1202D19FA9159A4DFC5EAE9C490348A6.d.B52CF8B0466A6F828B9660DA66596875.e.5850/click - {}
RESULT: {}
COMMAND: GET /session/fd95c45ccda87168f56760c12bc05b9d/screenshot - {}
RESULT: {}
COMMAND: POST /session/fd95c45ccda87168f56760c12bc05b9d/element - {"using":"xpath","value":"//span[contains(text(), \"0006 - TB(calendar days)\")]"}
RESULT: {"using":"xpath","value":"//span[contains(text(), \"0006 - TB(calendar days)\")]"}
COMMAND: POST /session/fd95c45ccda87168f56760c12bc05b9d/element/f.1202D19FA9159A4DFC5EAE9C490348A6.d.B52CF8B0466A6F828B9660DA66596875.e.5882/click - {}
RESULT: {}
COMMAND: GET /session/fd95c45ccda87168f56760c12bc05b9d/screenshot - {}
RESULT: {}
COMMAND: POST /session/fd95c45ccda87168f56760c12bc05b9d/execute/async - {"script":"<script> [1562 bytes]","args":[{"selector":{"id":"application-managepricingrules-display-component---newInfoPriceItem--daysMonth","interaction":{"idSuffix":"inner"}},"wdio_ui5_key":"applicationmanagepricingrules-display-component---newInfoPriceItem--daysMonth"}]}
RESULT: {"script":"<script> [1562 bytes]","args":[{"selector":{"id":"application-managepricingrules-display-component---newInfoPriceItem--daysMonth","interaction":{"idSuffix":"inner"}},"wdio_ui5_key":"applicationmanagepricingrules-display-component---newInfoPriceItem--daysMonth"}]}
RESULT: undefined
COMMAND: POST /session/fd95c45ccda87168f56760c12bc05b9d/execute/async - {"script":"<script> [776 bytes]","args":[{"enterText":"30","selector":{"id":"application-managepricingrules-display-component---newInfoPriceItem--daysMonth","interaction":{"idSuffix":"inner"}},"clearTextFirst":true,"interactionType":"ENTER_TEXT"}]}
RESULT: {"script":"<script> [776 bytes]","args":[{"enterText":"30","selector":{"id":"application-managepricingrules-display-component---newInfoPriceItem--daysMonth","interaction":{"idSuffix":"inner"}},"clearTextFirst":true,"interactionType":"ENTER_TEXT"}]}
COMMAND: POST /session/fd95c45ccda87168f56760c12bc05b9d/element - {"using":"xpath","value":"//button[@data-kt=\"saveNewRuleButton\"]"}
RESULT: {"using":"xpath","value":"//button[@data-kt=\"saveNewRuleButton\"]"}
COMMAND: POST /session/fd95c45ccda87168f56760c12bc05b9d/element/f.1202D19FA9159A4DFC5EAE9C490348A6.d.B52CF8B0466A6F828B9660DA66596875.e.5867/click - {}
RESULT: {}
COMMAND: GET /session/fd95c45ccda87168f56760c12bc05b9d/screenshot - {}
RESULT: {}
COMMAND: POST /session/fd95c45ccda87168f56760c12bc05b9d/execute/async - {"script":"<script> [1562 bytes]","args":[{"selector":{"id":"application-managepricingrules-display-component---priceInfoItem--smartFilterBar-btnBasicSearch","interaction":{"idSuffix":"I"}},"wdio_ui5_key":"applicationmanagepricingrules-display-component---priceInfoItem--smartFilterBar-btnBasicSearch"}]}
RESULT: {"script":"<script> [1562 bytes]","args":[{"selector":{"id":"application-managepricingrules-display-component---priceInfoItem--smartFilterBar-btnBasicSearch","interaction":{"idSuffix":"I"}},"wdio_ui5_key":"applicationmanagepricingrules-display-component---priceInfoItem--smartFilterBar-btnBasicSearch"}]}
RESULT: undefined
COMMAND: POST /session/fd95c45ccda87168f56760c12bc05b9d/execute/async - {"script":"<script> [776 bytes]","args":[{"enterText":"nKHPGkN1dO","selector":{"id":"application-managepricingrules-display-component---priceInfoItem--smartFilterBar-btnBasicSearch","interaction":{"idSuffix":"I"}},"clearTextFirst":true,"interactionType":"ENTER_TEXT"}]}
RESULT: {"script":"<script> [776 bytes]","args":[{"enterText":"nKHPGkN1dO","selector":{"id":"application-managepricingrules-display-component---priceInfoItem--smartFilterBar-btnBasicSearch","interaction":{"idSuffix":"I"}},"clearTextFirst":true,"interactionType":"ENTER_TEXT"}]}
COMMAND: POST /session/fd95c45ccda87168f56760c12bc05b9d/actions - {"actions":[{"id":"action19","type":"key","parameters":{},"actions":[{"type":"keyDown","value":"î€‡"},{"type":"pause","duration":10},{"type":"keyUp","value":"î€‡"}]}]}
RESULT: {"actions":[{"id":"action19","type":"key","parameters":{},"actions":[{"type":"keyDown","value":"î€‡"},{"type":"pause","duration":10},{"type":"keyUp","value":"î€‡"}]}]}
COMMAND: GET /session/fd95c45ccda87168f56760c12bc05b9d/screenshot - {}
RESULT: {}
COMMAND: POST /session/fd95c45ccda87168f56760c12bc05b9d/element - {"using":"xpath","value":"//span[@id=\"application-managepricingrules-display-component---priceInfoItem--smartTable-header-inner\"]"}
RESULT: {"using":"xpath","value":"//span[@id=\"application-managepricingrules-display-component---priceInfoItem--smartTable-header-inner\"]"}
COMMAND: POST /session/fd95c45ccda87168f56760c12bc05b9d/elements - {"using":"xpath","value":"//span[@id=\"application-managepricingrules-display-component---priceInfoItem--smartTable-header-inner\"]"}
RESULT: {"using":"xpath","value":"//span[@id=\"application-managepricingrules-display-component---priceInfoItem--smartTable-header-inner\"]"}
COMMAND: POST /session/fd95c45ccda87168f56760c12bc05b9d/execute/sync - {"script":"<script> [56 bytes]","args":[{"element-6066-11e4-a52e-4f735466cecf":"f.1202D19FA9159A4DFC5EAE9C490348A6.d.B52CF8B0466A6F828B9660DA66596875.e.5907","ELEMENT":"f.1202D19FA9159A4DFC5EAE9C490348A6.d.B52CF8B0466A6F828B9660DA66596875.e.5907"}]}
RESULT: {"script":"<script> [56 bytes]","args":[{"element-6066-11e4-a52e-4f735466cecf":"f.1202D19FA9159A4DFC5EAE9C490348A6.d.B52CF8B0466A6F828B9660DA66596875.e.5907","ELEMENT":"f.1202D19FA9159A4DFC5EAE9C490348A6.d.B52CF8B0466A6F828B9660DA66596875.e.5907"}]}
COMMAND: POST /session/fd95c45ccda87168f56760c12bc05b9d/element - {"using":"css selector","value":"#shell-header-logo"}
COMMAND: GET /session/fd95c45ccda87168f56760c12bc05b9d/screenshot - {}
RESULT: {"using":"css selector","value":"#shell-header-logo"}
COMMAND: POST /session/fd95c45ccda87168f56760c12bc05b9d/element/f.1202D19FA9159A4DFC5EAE9C490348A6.d.B52CF8B0466A6F828B9660DA66596875.e.5035/click - {}
RESULT: {}
RESULT: {}
COMMAND: GET /session/fd95c45ccda87168f56760c12bc05b9d/screenshot - {}
RESULT: {}
]]></system-out>
    </testcase>
    <testcase classname="chrome.135_0_7049_96.windows.Billing_Transfer_-_Intracompany_US127249" name="Should manage conditions" time="71.68">
      <system-out><![CDATA[
COMMAND: POST /session/fd95c45ccda87168f56760c12bc05b9d/execute/async - {"script":"<script> [1562 bytes]","args":[{"selector":{"controlType":"sap.m.Text","properties":{"text":"Manage Conditions & Prices"},"interaction":{"idSuffix":"inner"}},"wdio_ui5_key":"sapm.Text{\"text\":\"Manage Conditions & Prices\"}"}]}
RESULT: {"script":"<script> [1562 bytes]","args":[{"selector":{"controlType":"sap.m.Text","properties":{"text":"Manage Conditions & Prices"},"interaction":{"idSuffix":"inner"}},"wdio_ui5_key":"sapm.Text{\"text\":\"Manage Conditions & Prices\"}"}]}
RESULT: undefined
COMMAND: POST /session/fd95c45ccda87168f56760c12bc05b9d/element - {"using":"xpath","value":"//*[@id=\"__tile53-title\"]"}
RESULT: {"using":"xpath","value":"//*[@id=\"__tile53-title\"]"}
COMMAND: POST /session/fd95c45ccda87168f56760c12bc05b9d/element/f.1202D19FA9159A4DFC5EAE9C490348A6.d.B52CF8B0466A6F828B9660DA66596875.e.5910/click - {}
RESULT: {}
COMMAND: POST /session/fd95c45ccda87168f56760c12bc05b9d/element - {"using":"xpath","value":"//button[@aria-label=\"Create\"]"}
COMMAND: GET /session/fd95c45ccda87168f56760c12bc05b9d/screenshot - {}
RESULT: {"using":"xpath","value":"//button[@aria-label=\"Create\"]"}
COMMAND: POST /session/fd95c45ccda87168f56760c12bc05b9d/elements - {"using":"xpath","value":"//button[@aria-label=\"Create\"]"}
RESULT: {}
RESULT: {"using":"xpath","value":"//button[@aria-label=\"Create\"]"}
COMMAND: POST /session/fd95c45ccda87168f56760c12bc05b9d/elements - {"using":"xpath","value":"//button[@aria-label=\"Create\"]"}
RESULT: {"using":"xpath","value":"//button[@aria-label=\"Create\"]"}
COMMAND: POST /session/fd95c45ccda87168f56760c12bc05b9d/elements - {"using":"xpath","value":"//button[@aria-label=\"Create\"]"}
RESULT: {"using":"xpath","value":"//button[@aria-label=\"Create\"]"}
COMMAND: POST /session/fd95c45ccda87168f56760c12bc05b9d/elements - {"using":"xpath","value":"//button[@aria-label=\"Create\"]"}
RESULT: {"using":"xpath","value":"//button[@aria-label=\"Create\"]"}
COMMAND: POST /session/fd95c45ccda87168f56760c12bc05b9d/element - {"using":"xpath","value":"//button[@aria-label=\"Create\"]"}
RESULT: {"using":"xpath","value":"//button[@aria-label=\"Create\"]"}
COMMAND: POST /session/fd95c45ccda87168f56760c12bc05b9d/execute/sync - {"script":"<script> [8489 bytes]","args":[{"element-6066-11e4-a52e-4f735466cecf":"f.1202D19FA9159A4DFC5EAE9C490348A6.d.B52CF8B0466A6F828B9660DA66596875.e.5946","ELEMENT":"f.1202D19FA9159A4DFC5EAE9C490348A6.d.B52CF8B0466A6F828B9660DA66596875.e.5946"}]}
RESULT: {"script":"<script> [8489 bytes]","args":[{"element-6066-11e4-a52e-4f735466cecf":"f.1202D19FA9159A4DFC5EAE9C490348A6.d.B52CF8B0466A6F828B9660DA66596875.e.5946","ELEMENT":"f.1202D19FA9159A4DFC5EAE9C490348A6.d.B52CF8B0466A6F828B9660DA66596875.e.5946"}]}
COMMAND: GET /session/fd95c45ccda87168f56760c12bc05b9d/element/f.1202D19FA9159A4DFC5EAE9C490348A6.d.B52CF8B0466A6F828B9660DA66596875.e.5946/enabled - {}
COMMAND: GET /session/fd95c45ccda87168f56760c12bc05b9d/screenshot - {}
RESULT: {}
COMMAND: POST /session/fd95c45ccda87168f56760c12bc05b9d/execute/sync - {"script":"<script> [8489 bytes]","args":[{"element-6066-11e4-a52e-4f735466cecf":"f.1202D19FA9159A4DFC5EAE9C490348A6.d.B52CF8B0466A6F828B9660DA66596875.e.5946","ELEMENT":"f.1202D19FA9159A4DFC5EAE9C490348A6.d.B52CF8B0466A6F828B9660DA66596875.e.5946"}]}
COMMAND: GET /session/fd95c45ccda87168f56760c12bc05b9d/screenshot - {}
RESULT: {}
RESULT: {"script":"<script> [8489 bytes]","args":[{"element-6066-11e4-a52e-4f735466cecf":"f.1202D19FA9159A4DFC5EAE9C490348A6.d.B52CF8B0466A6F828B9660DA66596875.e.5946","ELEMENT":"f.1202D19FA9159A4DFC5EAE9C490348A6.d.B52CF8B0466A6F828B9660DA66596875.e.5946"}]}
COMMAND: POST /session/fd95c45ccda87168f56760c12bc05b9d/execute/sync - {"script":"<script> [5351 bytes]","args":[{"element-6066-11e4-a52e-4f735466cecf":"f.1202D19FA9159A4DFC5EAE9C490348A6.d.B52CF8B0466A6F828B9660DA66596875.e.5946","ELEMENT":"f.1202D19FA9159A4DFC5EAE9C490348A6.d.B52CF8B0466A6F828B9660DA66596875.e.5946"}]}
COMMAND: GET /session/fd95c45ccda87168f56760c12bc05b9d/screenshot - {}
RESULT: {}
RESULT: {"script":"<script> [5351 bytes]","args":[{"element-6066-11e4-a52e-4f735466cecf":"f.1202D19FA9159A4DFC5EAE9C490348A6.d.B52CF8B0466A6F828B9660DA66596875.e.5946","ELEMENT":"f.1202D19FA9159A4DFC5EAE9C490348A6.d.B52CF8B0466A6F828B9660DA66596875.e.5946"}]}
COMMAND: POST /session/fd95c45ccda87168f56760c12bc05b9d/element/f.1202D19FA9159A4DFC5EAE9C490348A6.d.B52CF8B0466A6F828B9660DA66596875.e.5946/click - {}
COMMAND: GET /session/fd95c45ccda87168f56760c12bc05b9d/screenshot - {}
RESULT: {}
RESULT: {}
COMMAND: GET /session/fd95c45ccda87168f56760c12bc05b9d/screenshot - {}
RESULT: {}
RESULT: {}
COMMAND: POST /session/fd95c45ccda87168f56760c12bc05b9d/actions - {"actions":[{"id":"action20","type":"key","parameters":{},"actions":[{"type":"keyDown","value":"î€‡"},{"type":"pause","duration":10},{"type":"keyUp","value":"î€‡"}]}]}
RESULT: {"actions":[{"id":"action20","type":"key","parameters":{},"actions":[{"type":"keyDown","value":"î€‡"},{"type":"pause","duration":10},{"type":"keyUp","value":"î€‡"}]}]}
COMMAND: GET /session/fd95c45ccda87168f56760c12bc05b9d/screenshot - {}
RESULT: {}
COMMAND: POST /session/fd95c45ccda87168f56760c12bc05b9d/execute/async - {"script":"<script> [1562 bytes]","args":[{"selector":{"id":"application-manageconditionprice-display-component---newCondition--condBillCond-arrow"},"wdio_ui5_key":"applicationmanageconditionprice-display-component---newCondition--condBillCond-arrow"}]}
RESULT: {"script":"<script> [1562 bytes]","args":[{"selector":{"id":"application-manageconditionprice-display-component---newCondition--condBillCond-arrow"},"wdio_ui5_key":"applicationmanageconditionprice-display-component---newCondition--condBillCond-arrow"}]}
RESULT: undefined
COMMAND: POST /session/fd95c45ccda87168f56760c12bc05b9d/element - {"using":"xpath","value":"//*[@id=\"application-manageconditionprice-display-component---newCondition--condBillCond-arrow\"]"}
RESULT: {"using":"xpath","value":"//*[@id=\"application-manageconditionprice-display-component---newCondition--condBillCond-arrow\"]"}
COMMAND: POST /session/fd95c45ccda87168f56760c12bc05b9d/element/f.1202D19FA9159A4DFC5EAE9C490348A6.d.B52CF8B0466A6F828B9660DA66596875.e.6159/click - {}
RESULT: {}
COMMAND: GET /session/fd95c45ccda87168f56760c12bc05b9d/screenshot - {}
RESULT: {}
COMMAND: POST /session/fd95c45ccda87168f56760c12bc05b9d/element - {"using":"xpath","value":"//li[.//span[contains(text(), \"DISP - D&I special price\")]]"}
RESULT: {"using":"xpath","value":"//li[.//span[contains(text(), \"DISP - D&I special price\")]]"}
COMMAND: POST /session/fd95c45ccda87168f56760c12bc05b9d/element/f.1202D19FA9159A4DFC5EAE9C490348A6.d.B52CF8B0466A6F828B9660DA66596875.e.6162/click - {}
RESULT: {}
COMMAND: GET /session/fd95c45ccda87168f56760c12bc05b9d/screenshot - {}
RESULT: {}
COMMAND: POST /session/fd95c45ccda87168f56760c12bc05b9d/execute/async - {"script":"<script> [1562 bytes]","args":[{"selector":{"id":"application-manageconditionprice-display-component---newCondition--condValidTo","interaction":{"idSuffix":"inner"}},"wdio_ui5_key":"applicationmanageconditionprice-display-component---newCondition--condValidTo"}]}
RESULT: {"script":"<script> [1562 bytes]","args":[{"selector":{"id":"application-manageconditionprice-display-component---newCondition--condValidTo","interaction":{"idSuffix":"inner"}},"wdio_ui5_key":"applicationmanageconditionprice-display-component---newCondition--condValidTo"}]}
RESULT: undefined
COMMAND: POST /session/fd95c45ccda87168f56760c12bc05b9d/execute/async - {"script":"<script> [776 bytes]","args":[{"enterText":"12/24/25","selector":{"id":"application-manageconditionprice-display-component---newCondition--condValidTo","interaction":{"idSuffix":"inner"}},"clearTextFirst":true,"interactionType":"ENTER_TEXT"}]}
RESULT: {"script":"<script> [776 bytes]","args":[{"enterText":"12/24/25","selector":{"id":"application-manageconditionprice-display-component---newCondition--condValidTo","interaction":{"idSuffix":"inner"}},"clearTextFirst":true,"interactionType":"ENTER_TEXT"}]}
COMMAND: POST /session/fd95c45ccda87168f56760c12bc05b9d/element - {"using":"xpath","value":"//input[@id=\"application-manageconditionprice-display-component---newCondition--condRU-inner\"]"}
RESULT: {"using":"xpath","value":"//input[@id=\"application-manageconditionprice-display-component---newCondition--condRU-inner\"]"}
COMMAND: POST /session/fd95c45ccda87168f56760c12bc05b9d/element/f.1202D19FA9159A4DFC5EAE9C490348A6.d.B52CF8B0466A6F828B9660DA66596875.e.6024/clear - {}
RESULT: {}
COMMAND: POST /session/fd95c45ccda87168f56760c12bc05b9d/element/f.1202D19FA9159A4DFC5EAE9C490348A6.d.B52CF8B0466A6F828B9660DA66596875.e.6024/value - {"text":"nKHPGkN1dO"}
COMMAND: GET /session/fd95c45ccda87168f56760c12bc05b9d/screenshot - {}
RESULT: {"text":"nKHPGkN1dO"}
COMMAND: GET /session/fd95c45ccda87168f56760c12bc05b9d/screenshot - {}
RESULT: {}
RESULT: {}
COMMAND: POST /session/fd95c45ccda87168f56760c12bc05b9d/actions - {"actions":[{"id":"action21","type":"key","parameters":{},"actions":[{"type":"keyDown","value":"î€‡"},{"type":"pause","duration":10},{"type":"keyUp","value":"î€‡"}]}]}
RESULT: {"actions":[{"id":"action21","type":"key","parameters":{},"actions":[{"type":"keyDown","value":"î€‡"},{"type":"pause","duration":10},{"type":"keyUp","value":"î€‡"}]}]}
COMMAND: POST /session/fd95c45ccda87168f56760c12bc05b9d/execute/async - {"script":"<script> [1562 bytes]","args":[{"selector":{"id":"application-manageconditionprice-display-component---newCondition--condBaseQty","interaction":{"idSuffix":"inner"}},"wdio_ui5_key":"applicationmanageconditionprice-display-component---newCondition--condBaseQty"}]}
COMMAND: GET /session/fd95c45ccda87168f56760c12bc05b9d/screenshot - {}
RESULT: {"script":"<script> [1562 bytes]","args":[{"selector":{"id":"application-manageconditionprice-display-component---newCondition--condBaseQty","interaction":{"idSuffix":"inner"}},"wdio_ui5_key":"applicationmanageconditionprice-display-component---newCondition--condBaseQty"}]}
RESULT: undefined
COMMAND: POST /session/fd95c45ccda87168f56760c12bc05b9d/execute/async - {"script":"<script> [776 bytes]","args":[{"enterText":"1","selector":{"id":"application-manageconditionprice-display-component---newCondition--condBaseQty","interaction":{"idSuffix":"inner"}},"clearTextFirst":true,"interactionType":"ENTER_TEXT"}]}
RESULT: {}
RESULT: {"script":"<script> [776 bytes]","args":[{"enterText":"1","selector":{"id":"application-manageconditionprice-display-component---newCondition--condBaseQty","interaction":{"idSuffix":"inner"}},"clearTextFirst":true,"interactionType":"ENTER_TEXT"}]}
COMMAND: POST /session/fd95c45ccda87168f56760c12bc05b9d/execute/async - {"script":"<script> [1562 bytes]","args":[{"selector":{"id":"application-manageconditionprice-display-component---newCondition--condValue","interaction":{"idSuffix":"inner"}},"wdio_ui5_key":"applicationmanageconditionprice-display-component---newCondition--condValue"}]}
RESULT: {"script":"<script> [1562 bytes]","args":[{"selector":{"id":"application-manageconditionprice-display-component---newCondition--condValue","interaction":{"idSuffix":"inner"}},"wdio_ui5_key":"applicationmanageconditionprice-display-component---newCondition--condValue"}]}
RESULT: undefined
COMMAND: POST /session/fd95c45ccda87168f56760c12bc05b9d/execute/async - {"script":"<script> [776 bytes]","args":[{"enterText":"200","selector":{"id":"application-manageconditionprice-display-component---newCondition--condValue","interaction":{"idSuffix":"inner"}},"clearTextFirst":true,"interactionType":"ENTER_TEXT"}]}
RESULT: {"script":"<script> [776 bytes]","args":[{"enterText":"200","selector":{"id":"application-manageconditionprice-display-component---newCondition--condValue","interaction":{"idSuffix":"inner"}},"clearTextFirst":true,"interactionType":"ENTER_TEXT"}]}
COMMAND: POST /session/fd95c45ccda87168f56760c12bc05b9d/execute/async - {"script":"<script> [1562 bytes]","args":[{"selector":{"id":"application-manageconditionprice-display-component---newCondition--condCurr-arrow"},"wdio_ui5_key":"applicationmanageconditionprice-display-component---newCondition--condCurr-arrow"}]}
RESULT: {"script":"<script> [1562 bytes]","args":[{"selector":{"id":"application-manageconditionprice-display-component---newCondition--condCurr-arrow"},"wdio_ui5_key":"applicationmanageconditionprice-display-component---newCondition--condCurr-arrow"}]}
RESULT: undefined
COMMAND: POST /session/fd95c45ccda87168f56760c12bc05b9d/element - {"using":"xpath","value":"//*[@id=\"application-manageconditionprice-display-component---newCondition--condCurr-arrow\"]"}
RESULT: {"using":"xpath","value":"//*[@id=\"application-manageconditionprice-display-component---newCondition--condCurr-arrow\"]"}
COMMAND: POST /session/fd95c45ccda87168f56760c12bc05b9d/element/f.1202D19FA9159A4DFC5EAE9C490348A6.d.B52CF8B0466A6F828B9660DA66596875.e.6131/click - {}
RESULT: {}
COMMAND: POST /session/fd95c45ccda87168f56760c12bc05b9d/element - {"using":"xpath","value":"//span[contains(text(), \"Euro\")]"}
COMMAND: GET /session/fd95c45ccda87168f56760c12bc05b9d/screenshot - {}
RESULT: {"using":"xpath","value":"//span[contains(text(), \"Euro\")]"}
COMMAND: POST /session/fd95c45ccda87168f56760c12bc05b9d/element/f.1202D19FA9159A4DFC5EAE9C490348A6.d.B52CF8B0466A6F828B9660DA66596875.e.6197/click - {}
RESULT: {}
RESULT: {}
COMMAND: POST /session/fd95c45ccda87168f56760c12bc05b9d/element - {"using":"xpath","value":"//button[@data-kt=\"saveButton\"]"}
RESULT: {"using":"xpath","value":"//button[@data-kt=\"saveButton\"]"}
COMMAND: POST /session/fd95c45ccda87168f56760c12bc05b9d/element/f.1202D19FA9159A4DFC5EAE9C490348A6.d.B52CF8B0466A6F828B9660DA66596875.e.6132/click - {}
RESULT: {}
COMMAND: GET /session/fd95c45ccda87168f56760c12bc05b9d/screenshot - {}
COMMAND: GET /session/fd95c45ccda87168f56760c12bc05b9d/screenshot - {}
RESULT: {}
RESULT: {}
COMMAND: POST /session/fd95c45ccda87168f56760c12bc05b9d/execute/async - {"script":"<script> [1562 bytes]","args":[{"selector":{"id":"application-manageconditionprice-display-component---conditions--smartFilterBar-btnBasicSearch","interaction":{"idSuffix":"I"}},"wdio_ui5_key":"applicationmanageconditionprice-display-component---conditions--smartFilterBar-btnBasicSearch"}]}
RESULT: {"script":"<script> [1562 bytes]","args":[{"selector":{"id":"application-manageconditionprice-display-component---conditions--smartFilterBar-btnBasicSearch","interaction":{"idSuffix":"I"}},"wdio_ui5_key":"applicationmanageconditionprice-display-component---conditions--smartFilterBar-btnBasicSearch"}]}
RESULT: undefined
COMMAND: POST /session/fd95c45ccda87168f56760c12bc05b9d/execute/async - {"script":"<script> [776 bytes]","args":[{"enterText":"nKHPGkN1dO","selector":{"id":"application-manageconditionprice-display-component---conditions--smartFilterBar-btnBasicSearch","interaction":{"idSuffix":"I"}},"clearTextFirst":true,"interactionType":"ENTER_TEXT"}]}
RESULT: {"script":"<script> [776 bytes]","args":[{"enterText":"nKHPGkN1dO","selector":{"id":"application-manageconditionprice-display-component---conditions--smartFilterBar-btnBasicSearch","interaction":{"idSuffix":"I"}},"clearTextFirst":true,"interactionType":"ENTER_TEXT"}]}
COMMAND: POST /session/fd95c45ccda87168f56760c12bc05b9d/actions - {"actions":[{"id":"action22","type":"key","parameters":{},"actions":[{"type":"keyDown","value":"î€‡"},{"type":"pause","duration":10},{"type":"keyUp","value":"î€‡"}]}]}
RESULT: {"actions":[{"id":"action22","type":"key","parameters":{},"actions":[{"type":"keyDown","value":"î€‡"},{"type":"pause","duration":10},{"type":"keyUp","value":"î€‡"}]}]}
COMMAND: GET /session/fd95c45ccda87168f56760c12bc05b9d/screenshot - {}
RESULT: {}
COMMAND: POST /session/fd95c45ccda87168f56760c12bc05b9d/execute/async - {"script":"<script> [1562 bytes]","args":[{"selector":{"id":"application-manageconditionprice-display-component---conditions--smartFilterBar-filterItemControl_BASIC-BILL_TYPES-vhi"},"wdio_ui5_key":"applicationmanageconditionprice-display-component---conditions--smartFilterBar-filterItemControl_BASIC-BILL_TYPES-vhi"}]}
RESULT: {"script":"<script> [1562 bytes]","args":[{"selector":{"id":"application-manageconditionprice-display-component---conditions--smartFilterBar-filterItemControl_BASIC-BILL_TYPES-vhi"},"wdio_ui5_key":"applicationmanageconditionprice-display-component---conditions--smartFilterBar-filterItemControl_BASIC-BILL_TYPES-vhi"}]}
RESULT: undefined
COMMAND: POST /session/fd95c45ccda87168f56760c12bc05b9d/element - {"using":"xpath","value":"//*[@id=\"application-manageconditionprice-display-component---conditions--smartFilterBar-filterItemControl_BASIC-BILL_TYPES-vhi\"]"}
RESULT: {"using":"xpath","value":"//*[@id=\"application-manageconditionprice-display-component---conditions--smartFilterBar-filterItemControl_BASIC-BILL_TYPES-vhi\"]"}
COMMAND: POST /session/fd95c45ccda87168f56760c12bc05b9d/element/f.1202D19FA9159A4DFC5EAE9C490348A6.d.B52CF8B0466A6F828B9660DA66596875.e.6303/click - {}
RESULT: {}
COMMAND: POST /session/fd95c45ccda87168f56760c12bc05b9d/execute/async - {"script":"<script> [1562 bytes]","args":[{"selector":{"id":"application-manageconditionprice-display-component---conditions--smartFilterBar-filterItemControl_BASIC-BILL_TYPES-valueHelpDialog-smartFilterBar-btnBasicSearch","searchOpenDialogs":true,"interaction":{"idSuffix":"I"}},"wdio_ui5_key":"applicationmanageconditionprice-display-component---conditions--smartFilterBar-filterItemControl_BASIC-BILL_TYPES-valueHelpDialog-smartFilterBar-btnBasicSearch"}]}
COMMAND: GET /session/fd95c45ccda87168f56760c12bc05b9d/screenshot - {}
RESULT: {"script":"<script> [1562 bytes]","args":[{"selector":{"id":"application-manageconditionprice-display-component---conditions--smartFilterBar-filterItemControl_BASIC-BILL_TYPES-valueHelpDialog-smartFilterBar-btnBasicSearch","searchOpenDialogs":true,"interaction":{"idSuffix":"I"}},"wdio_ui5_key":"applicationmanageconditionprice-display-component---conditions--smartFilterBar-filterItemControl_BASIC-BILL_TYPES-valueHelpDialog-smartFilterBar-btnBasicSearch"}]}
RESULT: undefined
COMMAND: POST /session/fd95c45ccda87168f56760c12bc05b9d/execute/async - {"script":"<script> [776 bytes]","args":[{"enterText":"TB","selector":{"id":"application-manageconditionprice-display-component---conditions--smartFilterBar-filterItemControl_BASIC-BILL_TYPES-valueHelpDialog-smartFilterBar-btnBasicSearch","searchOpenDialogs":true,"interaction":{"idSuffix":"I"}},"clearTextFirst":true,"interactionType":"ENTER_TEXT"}]}
RESULT: {}
RESULT: {"script":"<script> [776 bytes]","args":[{"enterText":"TB","selector":{"id":"application-manageconditionprice-display-component---conditions--smartFilterBar-filterItemControl_BASIC-BILL_TYPES-valueHelpDialog-smartFilterBar-btnBasicSearch","searchOpenDialogs":true,"interaction":{"idSuffix":"I"}},"clearTextFirst":true,"interactionType":"ENTER_TEXT"}]}
COMMAND: POST /session/fd95c45ccda87168f56760c12bc05b9d/actions - {"actions":[{"id":"action23","type":"key","parameters":{},"actions":[{"type":"keyDown","value":"î€‡"},{"type":"pause","duration":10},{"type":"keyUp","value":"î€‡"}]}]}
RESULT: {"actions":[{"id":"action23","type":"key","parameters":{},"actions":[{"type":"keyDown","value":"î€‡"},{"type":"pause","duration":10},{"type":"keyUp","value":"î€‡"}]}]}
COMMAND: GET /session/fd95c45ccda87168f56760c12bc05b9d/screenshot - {}
RESULT: {}
COMMAND: POST /session/fd95c45ccda87168f56760c12bc05b9d/element - {"using":"xpath","value":"//div[contains(@id, 'application-manageconditionprice-display-component---conditions--smartFilterBar-filterItemControl_BASIC-BILL_TYPES-valueHelpDialog-table-rowsel0')]"}
RESULT: {"using":"xpath","value":"//div[contains(@id, 'application-manageconditionprice-display-component---conditions--smartFilterBar-filterItemControl_BASIC-BILL_TYPES-valueHelpDialog-table-rowsel0')]"}
COMMAND: POST /session/fd95c45ccda87168f56760c12bc05b9d/element/f.1202D19FA9159A4DFC5EAE9C490348A6.d.B52CF8B0466A6F828B9660DA66596875.e.6312/click - {}
RESULT: {}
COMMAND: GET /session/fd95c45ccda87168f56760c12bc05b9d/screenshot - {}
RESULT: {}
COMMAND: POST /session/fd95c45ccda87168f56760c12bc05b9d/element - {"using":"xpath","value":"//bdi[contains(text(), \"OK\")]"}
RESULT: {"using":"xpath","value":"//bdi[contains(text(), \"OK\")]"}
COMMAND: POST /session/fd95c45ccda87168f56760c12bc05b9d/element/f.1202D19FA9159A4DFC5EAE9C490348A6.d.B52CF8B0466A6F828B9660DA66596875.e.6314/click - {}
RESULT: {}
COMMAND: GET /session/fd95c45ccda87168f56760c12bc05b9d/screenshot - {}
RESULT: {}
COMMAND: POST /session/fd95c45ccda87168f56760c12bc05b9d/element - {"using":"xpath","value":"//span[@id=\"application-manageconditionprice-display-component---conditions--smartTable-header-inner\"]"}
RESULT: {"using":"xpath","value":"//span[@id=\"application-manageconditionprice-display-component---conditions--smartTable-header-inner\"]"}
COMMAND: POST /session/fd95c45ccda87168f56760c12bc05b9d/elements - {"using":"xpath","value":"//span[@id=\"application-manageconditionprice-display-component---conditions--smartTable-header-inner\"]"}
RESULT: {"using":"xpath","value":"//span[@id=\"application-manageconditionprice-display-component---conditions--smartTable-header-inner\"]"}
COMMAND: POST /session/fd95c45ccda87168f56760c12bc05b9d/execute/sync - {"script":"<script> [56 bytes]","args":[{"element-6066-11e4-a52e-4f735466cecf":"f.1202D19FA9159A4DFC5EAE9C490348A6.d.B52CF8B0466A6F828B9660DA66596875.e.6317","ELEMENT":"f.1202D19FA9159A4DFC5EAE9C490348A6.d.B52CF8B0466A6F828B9660DA66596875.e.6317"}]}
RESULT: {"script":"<script> [56 bytes]","args":[{"element-6066-11e4-a52e-4f735466cecf":"f.1202D19FA9159A4DFC5EAE9C490348A6.d.B52CF8B0466A6F828B9660DA66596875.e.6317","ELEMENT":"f.1202D19FA9159A4DFC5EAE9C490348A6.d.B52CF8B0466A6F828B9660DA66596875.e.6317"}]}
COMMAND: POST /session/fd95c45ccda87168f56760c12bc05b9d/element - {"using":"css selector","value":"#shell-header-logo"}
COMMAND: GET /session/fd95c45ccda87168f56760c12bc05b9d/screenshot - {}
RESULT: {"using":"css selector","value":"#shell-header-logo"}
COMMAND: POST /session/fd95c45ccda87168f56760c12bc05b9d/element/f.1202D19FA9159A4DFC5EAE9C490348A6.d.B52CF8B0466A6F828B9660DA66596875.e.5913/click - {}
RESULT: {}
RESULT: {}
COMMAND: GET /session/fd95c45ccda87168f56760c12bc05b9d/screenshot - {}
RESULT: {}
]]></system-out>
    </testcase>
    <testcase classname="chrome.135_0_7049_96.windows.Billing_Transfer_-_Intracompany_US127249" name="Should do a stock increase handover" time="93.08">
      <system-out><![CDATA[
COMMAND: POST /session/fd95c45ccda87168f56760c12bc05b9d/execute/async - {"script":"<script> [1562 bytes]","args":[{"selector":{"controlType":"sap.m.Text","viewName":"etm.portal.ui.managehandoverstile.view.Master","properties":{"text":"Manage Handovers"},"interaction":{"idSuffix":"inner"}},"wdio_ui5_key":"etmportal.ui.managehandoverstile.view.Mastersap.m.Text{\"text\":\"Manage Handovers\"}"}]}
RESULT: {"script":"<script> [1562 bytes]","args":[{"selector":{"controlType":"sap.m.Text","viewName":"etm.portal.ui.managehandoverstile.view.Master","properties":{"text":"Manage Handovers"},"interaction":{"idSuffix":"inner"}},"wdio_ui5_key":"etmportal.ui.managehandoverstile.view.Mastersap.m.Text{\"text\":\"Manage Handovers\"}"}]}
RESULT: undefined
COMMAND: POST /session/fd95c45ccda87168f56760c12bc05b9d/element - {"using":"xpath","value":"//*[@id=\"__tile132-title\"]"}
RESULT: {"using":"xpath","value":"//*[@id=\"__tile132-title\"]"}
COMMAND: POST /session/fd95c45ccda87168f56760c12bc05b9d/element/f.1202D19FA9159A4DFC5EAE9C490348A6.d.B52CF8B0466A6F828B9660DA66596875.e.6322/click - {}
RESULT: {}
COMMAND: POST /session/fd95c45ccda87168f56760c12bc05b9d/element - {"using":"xpath","value":"//button[@data-kt=\"masterHOAddButton\"]"}
COMMAND: GET /session/fd95c45ccda87168f56760c12bc05b9d/screenshot - {}
RESULT: {"using":"xpath","value":"//button[@data-kt=\"masterHOAddButton\"]"}
COMMAND: POST /session/fd95c45ccda87168f56760c12bc05b9d/elements - {"using":"xpath","value":"//button[@data-kt=\"masterHOAddButton\"]"}
RESULT: {}
RESULT: {"using":"xpath","value":"//button[@data-kt=\"masterHOAddButton\"]"}
COMMAND: POST /session/fd95c45ccda87168f56760c12bc05b9d/elements - {"using":"xpath","value":"//button[@data-kt=\"masterHOAddButton\"]"}
RESULT: {"using":"xpath","value":"//button[@data-kt=\"masterHOAddButton\"]"}
COMMAND: POST /session/fd95c45ccda87168f56760c12bc05b9d/elements - {"using":"xpath","value":"//button[@data-kt=\"masterHOAddButton\"]"}
RESULT: {"using":"xpath","value":"//button[@data-kt=\"masterHOAddButton\"]"}
COMMAND: POST /session/fd95c45ccda87168f56760c12bc05b9d/elements - {"using":"xpath","value":"//button[@data-kt=\"masterHOAddButton\"]"}
RESULT: {"using":"xpath","value":"//button[@data-kt=\"masterHOAddButton\"]"}
COMMAND: POST /session/fd95c45ccda87168f56760c12bc05b9d/element - {"using":"xpath","value":"//button[@data-kt=\"masterHOAddButton\"]"}
RESULT: {"using":"xpath","value":"//button[@data-kt=\"masterHOAddButton\"]"}
COMMAND: POST /session/fd95c45ccda87168f56760c12bc05b9d/execute/sync - {"script":"<script> [8489 bytes]","args":[{"element-6066-11e4-a52e-4f735466cecf":"f.1202D19FA9159A4DFC5EAE9C490348A6.d.B52CF8B0466A6F828B9660DA66596875.e.6360","ELEMENT":"f.1202D19FA9159A4DFC5EAE9C490348A6.d.B52CF8B0466A6F828B9660DA66596875.e.6360"}]}
RESULT: {"script":"<script> [8489 bytes]","args":[{"element-6066-11e4-a52e-4f735466cecf":"f.1202D19FA9159A4DFC5EAE9C490348A6.d.B52CF8B0466A6F828B9660DA66596875.e.6360","ELEMENT":"f.1202D19FA9159A4DFC5EAE9C490348A6.d.B52CF8B0466A6F828B9660DA66596875.e.6360"}]}
COMMAND: GET /session/fd95c45ccda87168f56760c12bc05b9d/element/f.1202D19FA9159A4DFC5EAE9C490348A6.d.B52CF8B0466A6F828B9660DA66596875.e.6360/enabled - {}
COMMAND: GET /session/fd95c45ccda87168f56760c12bc05b9d/screenshot - {}
RESULT: {}
COMMAND: POST /session/fd95c45ccda87168f56760c12bc05b9d/execute/sync - {"script":"<script> [8489 bytes]","args":[{"element-6066-11e4-a52e-4f735466cecf":"f.1202D19FA9159A4DFC5EAE9C490348A6.d.B52CF8B0466A6F828B9660DA66596875.e.6360","ELEMENT":"f.1202D19FA9159A4DFC5EAE9C490348A6.d.B52CF8B0466A6F828B9660DA66596875.e.6360"}]}
COMMAND: GET /session/fd95c45ccda87168f56760c12bc05b9d/screenshot - {}
RESULT: {}
RESULT: {"script":"<script> [8489 bytes]","args":[{"element-6066-11e4-a52e-4f735466cecf":"f.1202D19FA9159A4DFC5EAE9C490348A6.d.B52CF8B0466A6F828B9660DA66596875.e.6360","ELEMENT":"f.1202D19FA9159A4DFC5EAE9C490348A6.d.B52CF8B0466A6F828B9660DA66596875.e.6360"}]}
COMMAND: POST /session/fd95c45ccda87168f56760c12bc05b9d/execute/sync - {"script":"<script> [5351 bytes]","args":[{"element-6066-11e4-a52e-4f735466cecf":"f.1202D19FA9159A4DFC5EAE9C490348A6.d.B52CF8B0466A6F828B9660DA66596875.e.6360","ELEMENT":"f.1202D19FA9159A4DFC5EAE9C490348A6.d.B52CF8B0466A6F828B9660DA66596875.e.6360"}]}
COMMAND: GET /session/fd95c45ccda87168f56760c12bc05b9d/screenshot - {}
RESULT: {}
RESULT: {"script":"<script> [5351 bytes]","args":[{"element-6066-11e4-a52e-4f735466cecf":"f.1202D19FA9159A4DFC5EAE9C490348A6.d.B52CF8B0466A6F828B9660DA66596875.e.6360","ELEMENT":"f.1202D19FA9159A4DFC5EAE9C490348A6.d.B52CF8B0466A6F828B9660DA66596875.e.6360"}]}
COMMAND: POST /session/fd95c45ccda87168f56760c12bc05b9d/element/f.1202D19FA9159A4DFC5EAE9C490348A6.d.B52CF8B0466A6F828B9660DA66596875.e.6360/click - {}
COMMAND: GET /session/fd95c45ccda87168f56760c12bc05b9d/screenshot - {}
RESULT: {}
RESULT: {}
COMMAND: GET /session/fd95c45ccda87168f56760c12bc05b9d/screenshot - {}
COMMAND: POST /session/fd95c45ccda87168f56760c12bc05b9d/element - {"using":"xpath","value":"//span[contains(@id ,\"AddNewHO--typeSelect-arrow\")]"}
RESULT: {}
RESULT: {}
RESULT: {"using":"xpath","value":"//span[contains(@id ,\"AddNewHO--typeSelect-arrow\")]"}
COMMAND: POST /session/fd95c45ccda87168f56760c12bc05b9d/element/f.1202D19FA9159A4DFC5EAE9C490348A6.d.B52CF8B0466A6F828B9660DA66596875.e.6687/click - {}
RESULT: {}
COMMAND: GET /session/fd95c45ccda87168f56760c12bc05b9d/screenshot - {}
RESULT: {}
COMMAND: POST /session/fd95c45ccda87168f56760c12bc05b9d/element - {"using":"xpath","value":"(//li[contains(text(), \"stock increase yard\")])[1]"}
RESULT: {"using":"xpath","value":"(//li[contains(text(), \"stock increase yard\")])[1]"}
COMMAND: POST /session/fd95c45ccda87168f56760c12bc05b9d/element/f.1202D19FA9159A4DFC5EAE9C490348A6.d.B52CF8B0466A6F828B9660DA66596875.e.6688/click - {}
RESULT: {}
COMMAND: GET /session/fd95c45ccda87168f56760c12bc05b9d/screenshot - {}
RESULT: {}
COMMAND: POST /session/fd95c45ccda87168f56760c12bc05b9d/execute/async - {"script":"<script> [1562 bytes]","args":[{"selector":{"id":"application-managehandovers-display-component---AddNewHO--dueDate","interaction":{"idSuffix":"inner"}},"wdio_ui5_key":"applicationmanagehandovers-display-component---AddNewHO--dueDate"}]}
RESULT: {"script":"<script> [1562 bytes]","args":[{"selector":{"id":"application-managehandovers-display-component---AddNewHO--dueDate","interaction":{"idSuffix":"inner"}},"wdio_ui5_key":"applicationmanagehandovers-display-component---AddNewHO--dueDate"}]}
RESULT: undefined
COMMAND: POST /session/fd95c45ccda87168f56760c12bc05b9d/execute/async - {"script":"<script> [6424 bytes]","args":[{"element-6066-11e4-a52e-4f735466cecf":"f.1202D19FA9159A4DFC5EAE9C490348A6.d.B52CF8B0466A6F828B9660DA66596875.e.6692"},"setValue",["04/24/2025"]]}
RESULT: {"script":"<script> [6424 bytes]","args":[{"element-6066-11e4-a52e-4f735466cecf":"f.1202D19FA9159A4DFC5EAE9C490348A6.d.B52CF8B0466A6F828B9660DA66596875.e.6692"},"setValue",["04/24/2025"]]}
COMMAND: POST /session/fd95c45ccda87168f56760c12bc05b9d/element - {"using":"xpath","value":"//input[@id=\"generalSectionFrg--receiveYard-inner\"]"}
RESULT: {"using":"xpath","value":"//input[@id=\"generalSectionFrg--receiveYard-inner\"]"}
COMMAND: POST /session/fd95c45ccda87168f56760c12bc05b9d/element/f.1202D19FA9159A4DFC5EAE9C490348A6.d.B52CF8B0466A6F828B9660DA66596875.e.6698/clear - {}
RESULT: {}
COMMAND: POST /session/fd95c45ccda87168f56760c12bc05b9d/element/f.1202D19FA9159A4DFC5EAE9C490348A6.d.B52CF8B0466A6F828B9660DA66596875.e.6698/value - {"text":"804"}
COMMAND: GET /session/fd95c45ccda87168f56760c12bc05b9d/screenshot - {}
RESULT: {"text":"804"}
COMMAND: GET /session/fd95c45ccda87168f56760c12bc05b9d/screenshot - {}
RESULT: {}
RESULT: {}
COMMAND: POST /session/fd95c45ccda87168f56760c12bc05b9d/element - {"using":"xpath","value":"//li[.//span[text()='804']]"}
RESULT: {"using":"xpath","value":"//li[.//span[text()='804']]"}
COMMAND: POST /session/fd95c45ccda87168f56760c12bc05b9d/element/f.1202D19FA9159A4DFC5EAE9C490348A6.d.B52CF8B0466A6F828B9660DA66596875.e.6712/click - {}
RESULT: {}
COMMAND: GET /session/fd95c45ccda87168f56760c12bc05b9d/screenshot - {}
RESULT: {}
COMMAND: POST /session/fd95c45ccda87168f56760c12bc05b9d/execute/async - {"script":"<script> [1562 bytes]","args":[{"selector":{"id":"application-managehandovers-display-component---AddNewHO--ObjectPageLayout-anchBar-application-managehandovers-display-component---AddNewHO--section4-anchor","interaction":{"idSuffix":"BDI-content"}},"wdio_ui5_key":"applicationmanagehandovers-display-component---AddNewHO--ObjectPageLayout-anchBar-application-managehandovers-display-component---AddNewHO--section4-anchor"}]}
RESULT: {"script":"<script> [1562 bytes]","args":[{"selector":{"id":"application-managehandovers-display-component---AddNewHO--ObjectPageLayout-anchBar-application-managehandovers-display-component---AddNewHO--section4-anchor","interaction":{"idSuffix":"BDI-content"}},"wdio_ui5_key":"applicationmanagehandovers-display-component---AddNewHO--ObjectPageLayout-anchBar-application-managehandovers-display-component---AddNewHO--section4-anchor"}]}
RESULT: undefined
COMMAND: POST /session/fd95c45ccda87168f56760c12bc05b9d/element - {"using":"xpath","value":"//*[@id=\"application-managehandovers-display-component---AddNewHO--ObjectPageLayout-anchBar-application-managehandovers-display-component---AddNewHO--section4-anchor\"]"}
RESULT: {"using":"xpath","value":"//*[@id=\"application-managehandovers-display-component---AddNewHO--ObjectPageLayout-anchBar-application-managehandovers-display-component---AddNewHO--section4-anchor\"]"}
COMMAND: POST /session/fd95c45ccda87168f56760c12bc05b9d/element/f.1202D19FA9159A4DFC5EAE9C490348A6.d.B52CF8B0466A6F828B9660DA66596875.e.6714/click - {}
RESULT: {}
COMMAND: POST /session/fd95c45ccda87168f56760c12bc05b9d/element - {"using":"xpath","value":"//button[@aria-label=\"Add\"]"}
COMMAND: GET /session/fd95c45ccda87168f56760c12bc05b9d/screenshot - {}
RESULT: {"using":"xpath","value":"//button[@aria-label=\"Add\"]"}
COMMAND: POST /session/fd95c45ccda87168f56760c12bc05b9d/element/f.1202D19FA9159A4DFC5EAE9C490348A6.d.B52CF8B0466A6F828B9660DA66596875.e.6716/click - {}
RESULT: {}
RESULT: {}
COMMAND: GET /session/fd95c45ccda87168f56760c12bc05b9d/screenshot - {}
RESULT: {}
COMMAND: POST /session/fd95c45ccda87168f56760c12bc05b9d/execute/async - {"script":"<script> [1562 bytes]","args":[{"selector":{"id":"application-managehandovers-display-component---AddNewHO--smartFilterBar-btnBasicSearch","searchOpenDialogs":true,"interaction":{"idSuffix":"I"}},"wdio_ui5_key":"applicationmanagehandovers-display-component---AddNewHO--smartFilterBar-btnBasicSearch"}]}
RESULT: {"script":"<script> [1562 bytes]","args":[{"selector":{"id":"application-managehandovers-display-component---AddNewHO--smartFilterBar-btnBasicSearch","searchOpenDialogs":true,"interaction":{"idSuffix":"I"}},"wdio_ui5_key":"applicationmanagehandovers-display-component---AddNewHO--smartFilterBar-btnBasicSearch"}]}
RESULT: undefined
COMMAND: POST /session/fd95c45ccda87168f56760c12bc05b9d/execute/async - {"script":"<script> [776 bytes]","args":[{"enterText":"nKHPGkN1dO","selector":{"id":"application-managehandovers-display-component---AddNewHO--smartFilterBar-btnBasicSearch","searchOpenDialogs":true,"interaction":{"idSuffix":"I"}},"clearTextFirst":true,"interactionType":"ENTER_TEXT"}]}
RESULT: {"script":"<script> [776 bytes]","args":[{"enterText":"nKHPGkN1dO","selector":{"id":"application-managehandovers-display-component---AddNewHO--smartFilterBar-btnBasicSearch","searchOpenDialogs":true,"interaction":{"idSuffix":"I"}},"clearTextFirst":true,"interactionType":"ENTER_TEXT"}]}
COMMAND: POST /session/fd95c45ccda87168f56760c12bc05b9d/actions - {"actions":[{"id":"action24","type":"key","parameters":{},"actions":[{"type":"keyDown","value":"î€‡"},{"type":"pause","duration":10},{"type":"keyUp","value":"î€‡"}]}]}
RESULT: {"actions":[{"id":"action24","type":"key","parameters":{},"actions":[{"type":"keyDown","value":"î€‡"},{"type":"pause","duration":10},{"type":"keyUp","value":"î€‡"}]}]}
COMMAND: GET /session/fd95c45ccda87168f56760c12bc05b9d/screenshot - {}
RESULT: {}
COMMAND: POST /session/fd95c45ccda87168f56760c12bc05b9d/execute/async - {"script":"<script> [1562 bytes]","args":[{"selector":{"id":"application-managehandovers-display-component---AddNewHO--popup-sa","searchOpenDialogs":true,"interaction":{"idSuffix":"CbBg"}},"wdio_ui5_key":"applicationmanagehandovers-display-component---AddNewHO--popup-sa"}]}
RESULT: {"script":"<script> [1562 bytes]","args":[{"selector":{"id":"application-managehandovers-display-component---AddNewHO--popup-sa","searchOpenDialogs":true,"interaction":{"idSuffix":"CbBg"}},"wdio_ui5_key":"applicationmanagehandovers-display-component---AddNewHO--popup-sa"}]}
RESULT: undefined
COMMAND: POST /session/fd95c45ccda87168f56760c12bc05b9d/element - {"using":"xpath","value":"//*[@id=\"application-managehandovers-display-component---AddNewHO--popup-sa\"]"}
RESULT: {"using":"xpath","value":"//*[@id=\"application-managehandovers-display-component---AddNewHO--popup-sa\"]"}
COMMAND: POST /session/fd95c45ccda87168f56760c12bc05b9d/element/f.1202D19FA9159A4DFC5EAE9C490348A6.d.B52CF8B0466A6F828B9660DA66596875.e.6870/click - {}
RESULT: {}
COMMAND: GET /session/fd95c45ccda87168f56760c12bc05b9d/screenshot - {}
RESULT: {}
COMMAND: POST /session/fd95c45ccda87168f56760c12bc05b9d/element - {"using":"xpath","value":"//bdi[contains(text(), \"Select\")]"}
RESULT: {"using":"xpath","value":"//bdi[contains(text(), \"Select\")]"}
COMMAND: POST /session/fd95c45ccda87168f56760c12bc05b9d/element/f.1202D19FA9159A4DFC5EAE9C490348A6.d.B52CF8B0466A6F828B9660DA66596875.e.6871/click - {}
RESULT: {}
COMMAND: GET /session/fd95c45ccda87168f56760c12bc05b9d/screenshot - {}
RESULT: {}
COMMAND: POST /session/fd95c45ccda87168f56760c12bc05b9d/element - {"using":"xpath","value":"//button[@data-kt=\"AddNewHOSaveButton\"]"}
RESULT: {"using":"xpath","value":"//button[@data-kt=\"AddNewHOSaveButton\"]"}
COMMAND: POST /session/fd95c45ccda87168f56760c12bc05b9d/element/f.1202D19FA9159A4DFC5EAE9C490348A6.d.B52CF8B0466A6F828B9660DA66596875.e.6875/click - {}
RESULT: {}
COMMAND: GET /session/fd95c45ccda87168f56760c12bc05b9d/screenshot - {}
RESULT: {}
COMMAND: POST /session/fd95c45ccda87168f56760c12bc05b9d/execute/async - {"script":"<script> [1562 bytes]","args":[{"selector":{"id":"receiptDatePicker","viewName":"etm.portal.ui.managehandovers.view.DetailExecuteHO","interaction":{"idSuffix":"inner"}},"wdio_ui5_key":"receiptDatePickeretmportal.ui.managehandovers.view.DetailExecuteHO"}]}
RESULT: {"script":"<script> [1562 bytes]","args":[{"selector":{"id":"receiptDatePicker","viewName":"etm.portal.ui.managehandovers.view.DetailExecuteHO","interaction":{"idSuffix":"inner"}},"wdio_ui5_key":"receiptDatePickeretmportal.ui.managehandovers.view.DetailExecuteHO"}]}
RESULT: undefined
COMMAND: POST /session/fd95c45ccda87168f56760c12bc05b9d/execute/async - {"script":"<script> [6424 bytes]","args":[{"element-6066-11e4-a52e-4f735466cecf":"f.1202D19FA9159A4DFC5EAE9C490348A6.d.B52CF8B0466A6F828B9660DA66596875.e.6907"},"setValue",["04/24/2025"]]}
RESULT: {"script":"<script> [6424 bytes]","args":[{"element-6066-11e4-a52e-4f735466cecf":"f.1202D19FA9159A4DFC5EAE9C490348A6.d.B52CF8B0466A6F828B9660DA66596875.e.6907"},"setValue",["04/24/2025"]]}
COMMAND: POST /session/fd95c45ccda87168f56760c12bc05b9d/element - {"using":"xpath","value":"//button[@data-kt=\"PickingTableConfirmAllButton\"]"}
RESULT: {"using":"xpath","value":"//button[@data-kt=\"PickingTableConfirmAllButton\"]"}
COMMAND: POST /session/fd95c45ccda87168f56760c12bc05b9d/element/f.1202D19FA9159A4DFC5EAE9C490348A6.d.B52CF8B0466A6F828B9660DA66596875.e.6922/click - {}
RESULT: {}
COMMAND: GET /session/fd95c45ccda87168f56760c12bc05b9d/screenshot - {}
RESULT: {}
COMMAND: POST /session/fd95c45ccda87168f56760c12bc05b9d/element - {"using":"xpath","value":"//bdi[contains(text(), \"OK\")]"}
RESULT: {"using":"xpath","value":"//bdi[contains(text(), \"OK\")]"}
COMMAND: POST /session/fd95c45ccda87168f56760c12bc05b9d/element/f.1202D19FA9159A4DFC5EAE9C490348A6.d.B52CF8B0466A6F828B9660DA66596875.e.6925/click - {}
RESULT: {}
COMMAND: GET /session/fd95c45ccda87168f56760c12bc05b9d/screenshot - {}
RESULT: {}
COMMAND: POST /session/fd95c45ccda87168f56760c12bc05b9d/element - {"using":"xpath","value":"(//bdi[contains(text(), \"Receive\")])[2]"}
RESULT: {"using":"xpath","value":"(//bdi[contains(text(), \"Receive\")])[2]"}
COMMAND: POST /session/fd95c45ccda87168f56760c12bc05b9d/element/f.1202D19FA9159A4DFC5EAE9C490348A6.d.B52CF8B0466A6F828B9660DA66596875.e.6926/click - {}
RESULT: {}
COMMAND: GET /session/fd95c45ccda87168f56760c12bc05b9d/screenshot - {}
RESULT: {}
COMMAND: POST /session/fd95c45ccda87168f56760c12bc05b9d/element - {"using":"css selector","value":"#shell-header-logo"}
RESULT: {"using":"css selector","value":"#shell-header-logo"}
COMMAND: POST /session/fd95c45ccda87168f56760c12bc05b9d/element/f.1202D19FA9159A4DFC5EAE9C490348A6.d.B52CF8B0466A6F828B9660DA66596875.e.6325/click - {}
RESULT: {}
COMMAND: GET /session/fd95c45ccda87168f56760c12bc05b9d/screenshot - {}
RESULT: {}
]]></system-out>
    </testcase>
    <testcase classname="chrome.135_0_7049_96.windows.Billing_Transfer_-_Intracompany_US127249" name="Should create a new contract" time="71.955">
      <system-out><![CDATA[
COMMAND: POST /session/fd95c45ccda87168f56760c12bc05b9d/execute/async - {"script":"<script> [1562 bytes]","args":[{"selector":{"controlType":"sap.m.Text","viewName":"etm.portal.ui.managecontractstile.view.Master","properties":{"text":"Manage Contracts"},"interaction":{"idSuffix":"inner"}},"wdio_ui5_key":"etmportal.ui.managecontractstile.view.Mastersap.m.Text{\"text\":\"Manage Contracts\"}"}]}
RESULT: {"script":"<script> [1562 bytes]","args":[{"selector":{"controlType":"sap.m.Text","viewName":"etm.portal.ui.managecontractstile.view.Master","properties":{"text":"Manage Contracts"},"interaction":{"idSuffix":"inner"}},"wdio_ui5_key":"etmportal.ui.managecontractstile.view.Mastersap.m.Text{\"text\":\"Manage Contracts\"}"}]}
RESULT: undefined
COMMAND: POST /session/fd95c45ccda87168f56760c12bc05b9d/element - {"using":"xpath","value":"//*[@id=\"__tile131-title\"]"}
RESULT: {"using":"xpath","value":"//*[@id=\"__tile131-title\"]"}
COMMAND: POST /session/fd95c45ccda87168f56760c12bc05b9d/element/f.1202D19FA9159A4DFC5EAE9C490348A6.d.B52CF8B0466A6F828B9660DA66596875.e.7195/click - {}
RESULT: {}
COMMAND: GET /session/fd95c45ccda87168f56760c12bc05b9d/screenshot - {}
RESULT: {}
COMMAND: POST /session/fd95c45ccda87168f56760c12bc05b9d/element - {"using":"xpath","value":"//button[@data-kt=\"addButton\"]"}
RESULT: undefined
RESULT: undefined
RESULT: {"using":"xpath","value":"//button[@data-kt=\"addButton\"]"}
COMMAND: POST /session/fd95c45ccda87168f56760c12bc05b9d/elements - {"using":"xpath","value":"//button[@data-kt=\"addButton\"]"}
RESULT: {"using":"xpath","value":"//button[@data-kt=\"addButton\"]"}
COMMAND: POST /session/fd95c45ccda87168f56760c12bc05b9d/element - {"using":"xpath","value":"//button[@data-kt=\"addButton\"]"}
RESULT: {"using":"xpath","value":"//button[@data-kt=\"addButton\"]"}
COMMAND: POST /session/fd95c45ccda87168f56760c12bc05b9d/execute/sync - {"script":"<script> [8489 bytes]","args":[{"element-6066-11e4-a52e-4f735466cecf":"f.1202D19FA9159A4DFC5EAE9C490348A6.d.B52CF8B0466A6F828B9660DA66596875.e.7251","ELEMENT":"f.1202D19FA9159A4DFC5EAE9C490348A6.d.B52CF8B0466A6F828B9660DA66596875.e.7251"}]}
RESULT: {"script":"<script> [8489 bytes]","args":[{"element-6066-11e4-a52e-4f735466cecf":"f.1202D19FA9159A4DFC5EAE9C490348A6.d.B52CF8B0466A6F828B9660DA66596875.e.7251","ELEMENT":"f.1202D19FA9159A4DFC5EAE9C490348A6.d.B52CF8B0466A6F828B9660DA66596875.e.7251"}]}
COMMAND: GET /session/fd95c45ccda87168f56760c12bc05b9d/element/f.1202D19FA9159A4DFC5EAE9C490348A6.d.B52CF8B0466A6F828B9660DA66596875.e.7251/enabled - {}
COMMAND: GET /session/fd95c45ccda87168f56760c12bc05b9d/screenshot - {}
RESULT: {}
COMMAND: POST /session/fd95c45ccda87168f56760c12bc05b9d/execute/sync - {"script":"<script> [8489 bytes]","args":[{"element-6066-11e4-a52e-4f735466cecf":"f.1202D19FA9159A4DFC5EAE9C490348A6.d.B52CF8B0466A6F828B9660DA66596875.e.7251","ELEMENT":"f.1202D19FA9159A4DFC5EAE9C490348A6.d.B52CF8B0466A6F828B9660DA66596875.e.7251"}]}
COMMAND: GET /session/fd95c45ccda87168f56760c12bc05b9d/screenshot - {}
RESULT: {}
RESULT: {"script":"<script> [8489 bytes]","args":[{"element-6066-11e4-a52e-4f735466cecf":"f.1202D19FA9159A4DFC5EAE9C490348A6.d.B52CF8B0466A6F828B9660DA66596875.e.7251","ELEMENT":"f.1202D19FA9159A4DFC5EAE9C490348A6.d.B52CF8B0466A6F828B9660DA66596875.e.7251"}]}
COMMAND: POST /session/fd95c45ccda87168f56760c12bc05b9d/execute/sync - {"script":"<script> [5351 bytes]","args":[{"element-6066-11e4-a52e-4f735466cecf":"f.1202D19FA9159A4DFC5EAE9C490348A6.d.B52CF8B0466A6F828B9660DA66596875.e.7251","ELEMENT":"f.1202D19FA9159A4DFC5EAE9C490348A6.d.B52CF8B0466A6F828B9660DA66596875.e.7251"}]}
COMMAND: GET /session/fd95c45ccda87168f56760c12bc05b9d/screenshot - {}
RESULT: {}
RESULT: {"script":"<script> [5351 bytes]","args":[{"element-6066-11e4-a52e-4f735466cecf":"f.1202D19FA9159A4DFC5EAE9C490348A6.d.B52CF8B0466A6F828B9660DA66596875.e.7251","ELEMENT":"f.1202D19FA9159A4DFC5EAE9C490348A6.d.B52CF8B0466A6F828B9660DA66596875.e.7251"}]}
COMMAND: GET /session/fd95c45ccda87168f56760c12bc05b9d/screenshot - {}
RESULT: {}
RESULT: {}
COMMAND: POST /session/fd95c45ccda87168f56760c12bc05b9d/element/f.1202D19FA9159A4DFC5EAE9C490348A6.d.B52CF8B0466A6F828B9660DA66596875.e.7251/click - {}
RESULT: {}
COMMAND: GET /session/fd95c45ccda87168f56760c12bc05b9d/screenshot - {}
COMMAND: POST /session/fd95c45ccda87168f56760c12bc05b9d/execute/async - {"script":"<script> [1562 bytes]","args":[{"selector":{"id":"application-managecontracts-display-component---AddNewContract--projectDescription","interaction":{"idSuffix":"inner"}},"wdio_ui5_key":"applicationmanagecontracts-display-component---AddNewContract--projectDescription"}]}
RESULT: {}
RESULT: {"script":"<script> [1562 bytes]","args":[{"selector":{"id":"application-managecontracts-display-component---AddNewContract--projectDescription","interaction":{"idSuffix":"inner"}},"wdio_ui5_key":"applicationmanagecontracts-display-component---AddNewContract--projectDescription"}]}
RESULT: undefined
COMMAND: POST /session/fd95c45ccda87168f56760c12bc05b9d/execute/async - {"script":"<script> [776 bytes]","args":[{"enterText":"Contract WDIO","selector":{"id":"application-managecontracts-display-component---AddNewContract--projectDescription","interaction":{"idSuffix":"inner"}},"clearTextFirst":true,"interactionType":"ENTER_TEXT"}]}
RESULT: {"script":"<script> [776 bytes]","args":[{"enterText":"Contract WDIO","selector":{"id":"application-managecontracts-display-component---AddNewContract--projectDescription","interaction":{"idSuffix":"inner"}},"clearTextFirst":true,"interactionType":"ENTER_TEXT"}]}
COMMAND: POST /session/fd95c45ccda87168f56760c12bc05b9d/element - {"using":"xpath","value":"//input[@id=\"application-managecontracts-display-component---AddNewContract--site-inner\"]"}
RESULT: {"using":"xpath","value":"//input[@id=\"application-managecontracts-display-component---AddNewContract--site-inner\"]"}
COMMAND: POST /session/fd95c45ccda87168f56760c12bc05b9d/element/f.1202D19FA9159A4DFC5EAE9C490348A6.d.B52CF8B0466A6F828B9660DA66596875.e.7582/clear - {}
RESULT: {}
COMMAND: POST /session/fd95c45ccda87168f56760c12bc05b9d/element/f.1202D19FA9159A4DFC5EAE9C490348A6.d.B52CF8B0466A6F828B9660DA66596875.e.7582/value - {"text":"2604"}
COMMAND: GET /session/fd95c45ccda87168f56760c12bc05b9d/screenshot - {}
RESULT: {"text":"2604"}
COMMAND: GET /session/fd95c45ccda87168f56760c12bc05b9d/screenshot - {}
RESULT: {}
RESULT: {}
COMMAND: POST /session/fd95c45ccda87168f56760c12bc05b9d/element - {"using":"xpath","value":"//li[.//span[text()='2604']]"}
RESULT: {"using":"xpath","value":"//li[.//span[text()='2604']]"}
COMMAND: POST /session/fd95c45ccda87168f56760c12bc05b9d/element/f.1202D19FA9159A4DFC5EAE9C490348A6.d.B52CF8B0466A6F828B9660DA66596875.e.7604/click - {}
RESULT: {}
COMMAND: GET /session/fd95c45ccda87168f56760c12bc05b9d/screenshot - {}
RESULT: {}
COMMAND: POST /session/fd95c45ccda87168f56760c12bc05b9d/element - {"using":"xpath","value":"//input[@id=\"application-managecontracts-display-component---AddNewContract--yardId-inner\"]"}
RESULT: {"using":"xpath","value":"//input[@id=\"application-managecontracts-display-component---AddNewContract--yardId-inner\"]"}
COMMAND: GET /session/fd95c45ccda87168f56760c12bc05b9d/element/f.1202D19FA9159A4DFC5EAE9C490348A6.d.B52CF8B0466A6F828B9660DA66596875.e.7583/property/value - {}
RESULT: {}
COMMAND: POST /session/fd95c45ccda87168f56760c12bc05b9d/element - {"using":"xpath","value":"//input[@id=\"application-managecontracts-display-component---AddNewContract--customerSelect-inner\"]"}
COMMAND: GET /session/fd95c45ccda87168f56760c12bc05b9d/screenshot - {}
RESULT: {"using":"xpath","value":"//input[@id=\"application-managecontracts-display-component---AddNewContract--customerSelect-inner\"]"}
COMMAND: POST /session/fd95c45ccda87168f56760c12bc05b9d/element/f.1202D19FA9159A4DFC5EAE9C490348A6.d.B52CF8B0466A6F828B9660DA66596875.e.7581/clear - {}
RESULT: {}
RESULT: {}
COMMAND: POST /session/fd95c45ccda87168f56760c12bc05b9d/element/f.1202D19FA9159A4DFC5EAE9C490348A6.d.B52CF8B0466A6F828B9660DA66596875.e.7581/value - {"text":"1644"}
COMMAND: GET /session/fd95c45ccda87168f56760c12bc05b9d/screenshot - {}
RESULT: {"text":"1644"}
COMMAND: GET /session/fd95c45ccda87168f56760c12bc05b9d/screenshot - {}
RESULT: {}
RESULT: {}
COMMAND: POST /session/fd95c45ccda87168f56760c12bc05b9d/element - {"using":"xpath","value":"//li[.//span[text()='1644']]"}
RESULT: {"using":"xpath","value":"//li[.//span[text()='1644']]"}
COMMAND: POST /session/fd95c45ccda87168f56760c12bc05b9d/element/f.1202D19FA9159A4DFC5EAE9C490348A6.d.B52CF8B0466A6F828B9660DA66596875.e.7607/click - {}
RESULT: {}
COMMAND: GET /session/fd95c45ccda87168f56760c12bc05b9d/screenshot - {}
RESULT: {}
COMMAND: POST /session/fd95c45ccda87168f56760c12bc05b9d/element - {"using":"xpath","value":"//button[@data-kt=\"saveButton\"]"}
RESULT: {"using":"xpath","value":"//button[@data-kt=\"saveButton\"]"}
COMMAND: POST /session/fd95c45ccda87168f56760c12bc05b9d/element/f.1202D19FA9159A4DFC5EAE9C490348A6.d.B52CF8B0466A6F828B9660DA66596875.e.7597/click - {}
RESULT: {}
COMMAND: GET /session/fd95c45ccda87168f56760c12bc05b9d/screenshot - {}
RESULT: {}
COMMAND: POST /session/fd95c45ccda87168f56760c12bc05b9d/element - {"using":"xpath","value":"//span[contains(@id ,\"contractDetailTitleNoExpanded\")]"}
RESULT: {"using":"xpath","value":"//span[contains(@id ,\"contractDetailTitleNoExpanded\")]"}
COMMAND: POST /session/fd95c45ccda87168f56760c12bc05b9d/elements - {"using":"xpath","value":"//span[contains(@id ,\"contractDetailTitleNoExpanded\")]"}
RESULT: {"using":"xpath","value":"//span[contains(@id ,\"contractDetailTitleNoExpanded\")]"}
COMMAND: POST /session/fd95c45ccda87168f56760c12bc05b9d/execute/sync - {"script":"<script> [56 bytes]","args":[{"element-6066-11e4-a52e-4f735466cecf":"f.1202D19FA9159A4DFC5EAE9C490348A6.d.B52CF8B0466A6F828B9660DA66596875.e.7679","ELEMENT":"f.1202D19FA9159A4DFC5EAE9C490348A6.d.B52CF8B0466A6F828B9660DA66596875.e.7679"}]}
RESULT: {"script":"<script> [56 bytes]","args":[{"element-6066-11e4-a52e-4f735466cecf":"f.1202D19FA9159A4DFC5EAE9C490348A6.d.B52CF8B0466A6F828B9660DA66596875.e.7679","ELEMENT":"f.1202D19FA9159A4DFC5EAE9C490348A6.d.B52CF8B0466A6F828B9660DA66596875.e.7679"}]}
COMMAND: GET /session/fd95c45ccda87168f56760c12bc05b9d/screenshot - {}
RESULT: {}
]]></system-out>
    </testcase>
    <testcase classname="chrome.135_0_7049_96.windows.Billing_Transfer_-_Intracompany_US127249" name="Should add equipment to the contract" time="46.707">
      <system-out><![CDATA[
COMMAND: POST /session/fd95c45ccda87168f56760c12bc05b9d/element - {"using":"xpath","value":"//button[@data-kt=\"contractDetailEditBtnButton\"]"}
RESULT: {"using":"xpath","value":"//button[@data-kt=\"contractDetailEditBtnButton\"]"}
COMMAND: POST /session/fd95c45ccda87168f56760c12bc05b9d/element/f.1202D19FA9159A4DFC5EAE9C490348A6.d.B52CF8B0466A6F828B9660DA66596875.e.7681/click - {}
RESULT: {}
COMMAND: GET /session/fd95c45ccda87168f56760c12bc05b9d/screenshot - {}
RESULT: {}
COMMAND: POST /session/fd95c45ccda87168f56760c12bc05b9d/element - {"using":"xpath","value":"(//span[contains(text(), \"Additional Addresses\")])[2]"}
RESULT: {"using":"xpath","value":"(//span[contains(text(), \"Additional Addresses\")])[2]"}
COMMAND: POST /session/fd95c45ccda87168f56760c12bc05b9d/element/f.1202D19FA9159A4DFC5EAE9C490348A6.d.B52CF8B0466A6F828B9660DA66596875.e.7737/click - {}
RESULT: {}
COMMAND: GET /session/fd95c45ccda87168f56760c12bc05b9d/screenshot - {}
RESULT: {}
COMMAND: POST /session/fd95c45ccda87168f56760c12bc05b9d/element - {"using":"xpath","value":"//button[@data-kt=\"btnAddTableRowOverflowToolbarButton\"]"}
RESULT: {"using":"xpath","value":"//button[@data-kt=\"btnAddTableRowOverflowToolbarButton\"]"}
COMMAND: POST /session/fd95c45ccda87168f56760c12bc05b9d/element/f.1202D19FA9159A4DFC5EAE9C490348A6.d.B52CF8B0466A6F828B9660DA66596875.e.7742/click - {}
RESULT: {}
COMMAND: GET /session/fd95c45ccda87168f56760c12bc05b9d/screenshot - {}
RESULT: {}
COMMAND: POST /session/fd95c45ccda87168f56760c12bc05b9d/element - {"using":"xpath","value":"//div[(text() = 'Standard Entry' or . = 'Standard Entry')]"}
RESULT: {"using":"xpath","value":"//div[(text() = 'Standard Entry' or . = 'Standard Entry')]"}
COMMAND: POST /session/fd95c45ccda87168f56760c12bc05b9d/element/f.1202D19FA9159A4DFC5EAE9C490348A6.d.B52CF8B0466A6F828B9660DA66596875.e.7743/click - {}
RESULT: {}
COMMAND: GET /session/fd95c45ccda87168f56760c12bc05b9d/screenshot - {}
RESULT: {}
COMMAND: POST /session/fd95c45ccda87168f56760c12bc05b9d/element - {"using":"xpath","value":"//td[7]/div/div/input"}
RESULT: {"using":"xpath","value":"//td[7]/div/div/input"}
COMMAND: POST /session/fd95c45ccda87168f56760c12bc05b9d/element/f.1202D19FA9159A4DFC5EAE9C490348A6.d.B52CF8B0466A6F828B9660DA66596875.e.7752/clear - {}
RESULT: {}
COMMAND: POST /session/fd95c45ccda87168f56760c12bc05b9d/element/f.1202D19FA9159A4DFC5EAE9C490348A6.d.B52CF8B0466A6F828B9660DA66596875.e.7752/value - {"text":"nKHPGkN1dO"}
RESULT: {"text":"nKHPGkN1dO"}
COMMAND: GET /session/fd95c45ccda87168f56760c12bc05b9d/screenshot - {}
COMMAND: GET /session/fd95c45ccda87168f56760c12bc05b9d/screenshot - {}
RESULT: {}
RESULT: {}
COMMAND: POST /session/fd95c45ccda87168f56760c12bc05b9d/actions - {"actions":[{"id":"action25","type":"key","parameters":{},"actions":[{"type":"keyDown","value":"î€‡"},{"type":"pause","duration":10},{"type":"keyUp","value":"î€‡"}]}]}
RESULT: {"actions":[{"id":"action25","type":"key","parameters":{},"actions":[{"type":"keyDown","value":"î€‡"},{"type":"pause","duration":10},{"type":"keyUp","value":"î€‡"}]}]}
COMMAND: GET /session/fd95c45ccda87168f56760c12bc05b9d/screenshot - {}
RESULT: {}
COMMAND: POST /session/fd95c45ccda87168f56760c12bc05b9d/element - {"using":"xpath","value":"(//button[@data-kt=\"saveButton\"])[2]"}
RESULT: {"using":"xpath","value":"(//button[@data-kt=\"saveButton\"])[2]"}
COMMAND: POST /session/fd95c45ccda87168f56760c12bc05b9d/element/f.1202D19FA9159A4DFC5EAE9C490348A6.d.B52CF8B0466A6F828B9660DA66596875.e.7767/click - {}
RESULT: {}
COMMAND: GET /session/fd95c45ccda87168f56760c12bc05b9d/screenshot - {}
RESULT: {}
COMMAND: POST /session/fd95c45ccda87168f56760c12bc05b9d/element - {"using":"xpath","value":"//span[contains(@id ,\"contractItemsSmartTable-header-inner\")]"}
RESULT: {"using":"xpath","value":"//span[contains(@id ,\"contractItemsSmartTable-header-inner\")]"}
COMMAND: POST /session/fd95c45ccda87168f56760c12bc05b9d/elements - {"using":"xpath","value":"//span[contains(@id ,\"contractItemsSmartTable-header-inner\")]"}
RESULT: {"using":"xpath","value":"//span[contains(@id ,\"contractItemsSmartTable-header-inner\")]"}
COMMAND: POST /session/fd95c45ccda87168f56760c12bc05b9d/execute/sync - {"script":"<script> [56 bytes]","args":[{"element-6066-11e4-a52e-4f735466cecf":"f.1202D19FA9159A4DFC5EAE9C490348A6.d.B52CF8B0466A6F828B9660DA66596875.e.7774","ELEMENT":"f.1202D19FA9159A4DFC5EAE9C490348A6.d.B52CF8B0466A6F828B9660DA66596875.e.7774"}]}
RESULT: {"script":"<script> [56 bytes]","args":[{"element-6066-11e4-a52e-4f735466cecf":"f.1202D19FA9159A4DFC5EAE9C490348A6.d.B52CF8B0466A6F828B9660DA66596875.e.7774","ELEMENT":"f.1202D19FA9159A4DFC5EAE9C490348A6.d.B52CF8B0466A6F828B9660DA66596875.e.7774"}]}
]]></system-out>
    </testcase>
    <testcase classname="chrome.135_0_7049_96.windows.Billing_Transfer_-_Intracompany_US127249" name="Should do a provide to site handover" time="62.822">
      <system-out><![CDATA[
COMMAND: POST /session/fd95c45ccda87168f56760c12bc05b9d/element - {"using":"xpath","value":"//button[@data-kt=\"provideButton\"]"}
COMMAND: GET /session/fd95c45ccda87168f56760c12bc05b9d/screenshot - {}
RESULT: {"using":"xpath","value":"//button[@data-kt=\"provideButton\"]"}
COMMAND: POST /session/fd95c45ccda87168f56760c12bc05b9d/element/f.1202D19FA9159A4DFC5EAE9C490348A6.d.B52CF8B0466A6F828B9660DA66596875.e.7775/click - {}
RESULT: {}
RESULT: {}
COMMAND: GET /session/fd95c45ccda87168f56760c12bc05b9d/screenshot - {}
RESULT: {}
RESULT: undefined
COMMAND: POST /session/fd95c45ccda87168f56760c12bc05b9d/execute/async - {"script":"<script> [6424 bytes]","args":[{"element-6066-11e4-a52e-4f735466cecf":"f.1202D19FA9159A4DFC5EAE9C490348A6.d.B52CF8B0466A6F828B9660DA66596875.e.6692"},"setValue",["04/24/2025"]]}
COMMAND: POST /session/fd95c45ccda87168f56760c12bc05b9d/execute/async - {"script":"<script> [1562 bytes]","args":[{"selector":{"id":"application-managehandovers-display-component---AddNewHO--dueDate","interaction":{"idSuffix":"inner"}},"wdio_ui5_key":"applicationmanagehandovers-display-component---AddNewHO--dueDate"}]}
RESULT: {"script":"<script> [1562 bytes]","args":[{"selector":{"id":"application-managehandovers-display-component---AddNewHO--dueDate","interaction":{"idSuffix":"inner"}},"wdio_ui5_key":"applicationmanagehandovers-display-component---AddNewHO--dueDate"}]}
COMMAND: POST /session/fd95c45ccda87168f56760c12bc05b9d/execute/async - {"script":"<script> [6424 bytes]","args":[{"element-6066-11e4-a52e-4f735466cecf":"f.1202D19FA9159A4DFC5EAE9C490348A6.d.B52CF8B0466A6F828B9660DA66596875.e.7847"},"setValue",["04/24/2025"]]}
RESULT: {"script":"<script> [6424 bytes]","args":[{"element-6066-11e4-a52e-4f735466cecf":"f.1202D19FA9159A4DFC5EAE9C490348A6.d.B52CF8B0466A6F828B9660DA66596875.e.7847"},"setValue",["04/24/2025"]]}
COMMAND: POST /session/fd95c45ccda87168f56760c12bc05b9d/element - {"using":"xpath","value":"//bdi[contains(text(), \"Instructions\")]"}
RESULT: {"using":"xpath","value":"//bdi[contains(text(), \"Instructions\")]"}
COMMAND: POST /session/fd95c45ccda87168f56760c12bc05b9d/element/f.1202D19FA9159A4DFC5EAE9C490348A6.d.B52CF8B0466A6F828B9660DA66596875.e.7944/click - {}
RESULT: {}
COMMAND: GET /session/fd95c45ccda87168f56760c12bc05b9d/screenshot - {}
RESULT: {}
COMMAND: POST /session/fd95c45ccda87168f56760c12bc05b9d/element - {"using":"xpath","value":"//button[@data-kt=\"AddNewHOProvideAddItemsButton\"]"}
RESULT: {"using":"xpath","value":"//button[@data-kt=\"AddNewHOProvideAddItemsButton\"]"}
COMMAND: POST /session/fd95c45ccda87168f56760c12bc05b9d/element/f.1202D19FA9159A4DFC5EAE9C490348A6.d.B52CF8B0466A6F828B9660DA66596875.e.7948/click - {}
RESULT: {}
COMMAND: GET /session/fd95c45ccda87168f56760c12bc05b9d/screenshot - {}
RESULT: {}
RESULT: undefined
COMMAND: POST /session/fd95c45ccda87168f56760c12bc05b9d/element - {"using":"xpath","value":"//*[@id=\"application-managehandovers-display-component---AddNewHO--popup-sa\"]"}
RESULT: {"using":"xpath","value":"//*[@id=\"application-managehandovers-display-component---AddNewHO--popup-sa\"]"}
COMMAND: POST /session/fd95c45ccda87168f56760c12bc05b9d/element/f.1202D19FA9159A4DFC5EAE9C490348A6.d.B52CF8B0466A6F828B9660DA66596875.e.7952/click - {}
RESULT: {}
COMMAND: GET /session/fd95c45ccda87168f56760c12bc05b9d/screenshot - {}
RESULT: {}
COMMAND: POST /session/fd95c45ccda87168f56760c12bc05b9d/element - {"using":"xpath","value":"//*[contains(@id ,\"BDI-content\")][contains(text(), \"Select\")]"}
RESULT: {"using":"xpath","value":"//*[contains(@id ,\"BDI-content\")][contains(text(), \"Select\")]"}
COMMAND: POST /session/fd95c45ccda87168f56760c12bc05b9d/element/f.1202D19FA9159A4DFC5EAE9C490348A6.d.B52CF8B0466A6F828B9660DA66596875.e.7954/click - {}
RESULT: {}
COMMAND: GET /session/fd95c45ccda87168f56760c12bc05b9d/screenshot - {}
RESULT: {}
COMMAND: POST /session/fd95c45ccda87168f56760c12bc05b9d/execute/async - {"script":"<script> [1562 bytes]","args":[{"selector":{"id":"application-managehandovers-display-component---AddNewHO--confirmCreationButton","interaction":{"idSuffix":"BDI-content"}},"wdio_ui5_key":"applicationmanagehandovers-display-component---AddNewHO--confirmCreationButton"}]}
RESULT: {"script":"<script> [1562 bytes]","args":[{"selector":{"id":"application-managehandovers-display-component---AddNewHO--confirmCreationButton","interaction":{"idSuffix":"BDI-content"}},"wdio_ui5_key":"applicationmanagehandovers-display-component---AddNewHO--confirmCreationButton"}]}
RESULT: undefined
COMMAND: POST /session/fd95c45ccda87168f56760c12bc05b9d/element - {"using":"xpath","value":"//*[@id=\"application-managehandovers-display-component---AddNewHO--confirmCreationButton\"]"}
RESULT: {"using":"xpath","value":"//*[@id=\"application-managehandovers-display-component---AddNewHO--confirmCreationButton\"]"}
COMMAND: POST /session/fd95c45ccda87168f56760c12bc05b9d/element/f.1202D19FA9159A4DFC5EAE9C490348A6.d.B52CF8B0466A6F828B9660DA66596875.e.7894/click - {}
RESULT: {}
COMMAND: GET /session/fd95c45ccda87168f56760c12bc05b9d/screenshot - {}
COMMAND: POST /session/fd95c45ccda87168f56760c12bc05b9d/element - {"using":"xpath","value":"//button[@data-kt=\"PickingTableConfirmAllButton\"]"}
RESULT: {}
RESULT: {"using":"xpath","value":"//button[@data-kt=\"PickingTableConfirmAllButton\"]"}
COMMAND: POST /session/fd95c45ccda87168f56760c12bc05b9d/element/f.1202D19FA9159A4DFC5EAE9C490348A6.d.B52CF8B0466A6F828B9660DA66596875.e.8013/click - {}
RESULT: {}
COMMAND: GET /session/fd95c45ccda87168f56760c12bc05b9d/screenshot - {}
RESULT: {}
COMMAND: POST /session/fd95c45ccda87168f56760c12bc05b9d/element - {"using":"xpath","value":"//bdi[contains(text(), \"OK\")]"}
RESULT: {"using":"xpath","value":"//bdi[contains(text(), \"OK\")]"}
COMMAND: POST /session/fd95c45ccda87168f56760c12bc05b9d/element/f.1202D19FA9159A4DFC5EAE9C490348A6.d.B52CF8B0466A6F828B9660DA66596875.e.8015/click - {}
RESULT: {}
COMMAND: GET /session/fd95c45ccda87168f56760c12bc05b9d/screenshot - {}
RESULT: {}
COMMAND: POST /session/fd95c45ccda87168f56760c12bc05b9d/element - {"using":"xpath","value":"//bdi[contains(text(), \"Issue\")]"}
RESULT: {"using":"xpath","value":"//bdi[contains(text(), \"Issue\")]"}
COMMAND: POST /session/fd95c45ccda87168f56760c12bc05b9d/element/f.1202D19FA9159A4DFC5EAE9C490348A6.d.B52CF8B0466A6F828B9660DA66596875.e.8017/click - {}
RESULT: {}
COMMAND: GET /session/fd95c45ccda87168f56760c12bc05b9d/screenshot - {}
RESULT: {}
COMMAND: POST /session/fd95c45ccda87168f56760c12bc05b9d/element - {"using":"css selector","value":"#shell-header-logo"}
RESULT: {"using":"css selector","value":"#shell-header-logo"}
COMMAND: POST /session/fd95c45ccda87168f56760c12bc05b9d/element/f.1202D19FA9159A4DFC5EAE9C490348A6.d.B52CF8B0466A6F828B9660DA66596875.e.7199/click - {}
RESULT: {}
COMMAND: GET /session/fd95c45ccda87168f56760c12bc05b9d/screenshot - {}
RESULT: {}
]]></system-out>
    </testcase>
    <testcase classname="chrome.135_0_7049_96.windows.Billing_Transfer_-_Intracompany_US127249" name="Should go navigate to Manage Billings and trigger contract calculation check result" time="63.354">
      <system-out><![CDATA[
COMMAND: POST /session/fd95c45ccda87168f56760c12bc05b9d/execute/async - {"script":"<script> [1562 bytes]","args":[{"selector":{"controlType":"sap.m.GenericTile","properties":{"header":"Manage Billings"}},"wdio_ui5_key":"sapm.GenericTile{\"header\":\"Manage Billings\"}"}]}
RESULT: {"script":"<script> [1562 bytes]","args":[{"selector":{"controlType":"sap.m.GenericTile","properties":{"header":"Manage Billings"}},"wdio_ui5_key":"sapm.GenericTile{\"header\":\"Manage Billings\"}"}]}
RESULT: undefined
COMMAND: POST /session/fd95c45ccda87168f56760c12bc05b9d/element - {"using":"xpath","value":"//*[@id=\"__tile51\"]"}
RESULT: {"using":"xpath","value":"//*[@id=\"__tile51\"]"}
COMMAND: POST /session/fd95c45ccda87168f56760c12bc05b9d/element/f.1202D19FA9159A4DFC5EAE9C490348A6.d.B52CF8B0466A6F828B9660DA66596875.e.2727/click - {}
RESULT: {}
COMMAND: GET /session/fd95c45ccda87168f56760c12bc05b9d/screenshot - {}
RESULT: {}
COMMAND: POST /session/fd95c45ccda87168f56760c12bc05b9d/execute/async - {"script":"<script> [1562 bytes]","args":[{"selector":{"id":"application-managebillings-display-component---billRunCalcResult--smartFilterBar-btnBasicSearch","interaction":{"idSuffix":"I"}},"wdio_ui5_key":"applicationmanagebillings-display-component---billRunCalcResult--smartFilterBar-btnBasicSearch"}]}
RESULT: {"script":"<script> [1562 bytes]","args":[{"selector":{"id":"application-managebillings-display-component---billRunCalcResult--smartFilterBar-btnBasicSearch","interaction":{"idSuffix":"I"}},"wdio_ui5_key":"applicationmanagebillings-display-component---billRunCalcResult--smartFilterBar-btnBasicSearch"}]}
RESULT: undefined
COMMAND: POST /session/fd95c45ccda87168f56760c12bc05b9d/execute/async - {"script":"<script> [776 bytes]","args":[{"enterText":"10687","selector":{"id":"application-managebillings-display-component---billRunCalcResult--smartFilterBar-btnBasicSearch","interaction":{"idSuffix":"I"}},"clearTextFirst":true,"interactionType":"ENTER_TEXT"}]}
RESULT: {"script":"<script> [776 bytes]","args":[{"enterText":"10687","selector":{"id":"application-managebillings-display-component---billRunCalcResult--smartFilterBar-btnBasicSearch","interaction":{"idSuffix":"I"}},"clearTextFirst":true,"interactionType":"ENTER_TEXT"}]}
COMMAND: POST /session/fd95c45ccda87168f56760c12bc05b9d/actions - {"actions":[{"id":"action26","type":"key","parameters":{},"actions":[{"type":"keyDown","value":"î€‡"},{"type":"pause","duration":10},{"type":"keyUp","value":"î€‡"}]}]}
RESULT: {"actions":[{"id":"action26","type":"key","parameters":{},"actions":[{"type":"keyDown","value":"î€‡"},{"type":"pause","duration":10},{"type":"keyUp","value":"î€‡"}]}]}
COMMAND: GET /session/fd95c45ccda87168f56760c12bc05b9d/screenshot - {}
RESULT: {}
COMMAND: POST /session/fd95c45ccda87168f56760c12bc05b9d/element - {"using":"xpath","value":"//td[@aria-colindex=\"1\"]/div/div[contains(@class, \"sapMCbBg\")]"}
RESULT: {"using":"xpath","value":"//td[@aria-colindex=\"1\"]/div/div[contains(@class, \"sapMCbBg\")]"}
COMMAND: POST /session/fd95c45ccda87168f56760c12bc05b9d/element/f.1202D19FA9159A4DFC5EAE9C490348A6.d.B52CF8B0466A6F828B9660DA66596875.e.8413/click - {}
RESULT: {}
COMMAND: GET /session/fd95c45ccda87168f56760c12bc05b9d/screenshot - {}
RESULT: {}
COMMAND: POST /session/fd95c45ccda87168f56760c12bc05b9d/execute/async - {"script":"<script> [1562 bytes]","args":[{"selector":{"id":"application-managebillings-display-component---billRunCalcResult--contractBillRunDate","interaction":{"idSuffix":"inner"}},"wdio_ui5_key":"applicationmanagebillings-display-component---billRunCalcResult--contractBillRunDate"}]}
RESULT: {"script":"<script> [1562 bytes]","args":[{"selector":{"id":"application-managebillings-display-component---billRunCalcResult--contractBillRunDate","interaction":{"idSuffix":"inner"}},"wdio_ui5_key":"applicationmanagebillings-display-component---billRunCalcResult--contractBillRunDate"}]}
RESULT: undefined
COMMAND: POST /session/fd95c45ccda87168f56760c12bc05b9d/execute/async - {"script":"<script> [776 bytes]","args":[{"enterText":"04/24/25","selector":{"id":"application-managebillings-display-component---billRunCalcResult--contractBillRunDate","interaction":{"idSuffix":"inner"}},"clearTextFirst":true,"interactionType":"ENTER_TEXT"}]}
RESULT: {"script":"<script> [776 bytes]","args":[{"enterText":"04/24/25","selector":{"id":"application-managebillings-display-component---billRunCalcResult--contractBillRunDate","interaction":{"idSuffix":"inner"}},"clearTextFirst":true,"interactionType":"ENTER_TEXT"}]}
COMMAND: POST /session/fd95c45ccda87168f56760c12bc05b9d/element - {"using":"xpath","value":"//bdi[contains(text(), \"Trigger Calculation\")]"}
RESULT: {"using":"xpath","value":"//bdi[contains(text(), \"Trigger Calculation\")]"}
COMMAND: POST /session/fd95c45ccda87168f56760c12bc05b9d/element/f.1202D19FA9159A4DFC5EAE9C490348A6.d.B52CF8B0466A6F828B9660DA66596875.e.8465/click - {}
RESULT: {}
COMMAND: GET /session/fd95c45ccda87168f56760c12bc05b9d/screenshot - {}
RESULT: {}
COMMAND: POST /session/fd95c45ccda87168f56760c12bc05b9d/element - {"using":"xpath","value":"(//span[contains(@id, \"imgNav\")])[1]"}
RESULT: {"using":"xpath","value":"(//span[contains(@id, \"imgNav\")])[1]"}
COMMAND: POST /session/fd95c45ccda87168f56760c12bc05b9d/element/f.1202D19FA9159A4DFC5EAE9C490348A6.d.B52CF8B0466A6F828B9660DA66596875.e.8414/click - {}
RESULT: {}
COMMAND: GET /session/fd95c45ccda87168f56760c12bc05b9d/screenshot - {}
RESULT: {}
COMMAND: POST /session/fd95c45ccda87168f56760c12bc05b9d/element - {"using":"xpath","value":"//tr/td[6]/div[1]/span[1]/span[1]"}
RESULT: {"using":"xpath","value":"//tr/td[6]/div[1]/span[1]/span[1]"}
COMMAND: GET /session/fd95c45ccda87168f56760c12bc05b9d/element/f.1202D19FA9159A4DFC5EAE9C490348A6.d.B52CF8B0466A6F828B9660DA66596875.e.8470/text - {}
RESULT: {}
COMMAND: POST /session/fd95c45ccda87168f56760c12bc05b9d/element - {"using":"xpath","value":"(//span[contains(@id, \"imgNav\")])[2]"}
RESULT: {"using":"xpath","value":"(//span[contains(@id, \"imgNav\")])[2]"}
COMMAND: POST /session/fd95c45ccda87168f56760c12bc05b9d/element/f.1202D19FA9159A4DFC5EAE9C490348A6.d.B52CF8B0466A6F828B9660DA66596875.e.8471/click - {}
RESULT: {}
COMMAND: POST /session/fd95c45ccda87168f56760c12bc05b9d/element - {"using":"xpath","value":"//bdi[contains(text(), \"Business Confirm\")]"}
COMMAND: GET /session/fd95c45ccda87168f56760c12bc05b9d/screenshot - {}
RESULT: {"using":"xpath","value":"//bdi[contains(text(), \"Business Confirm\")]"}
COMMAND: POST /session/fd95c45ccda87168f56760c12bc05b9d/elements - {"using":"xpath","value":"//bdi[contains(text(), \"Business Confirm\")]"}
RESULT: {}
RESULT: {"using":"xpath","value":"//bdi[contains(text(), \"Business Confirm\")]"}
COMMAND: POST /session/fd95c45ccda87168f56760c12bc05b9d/elements - {"using":"xpath","value":"//bdi[contains(text(), \"Business Confirm\")]"}
RESULT: {"using":"xpath","value":"//bdi[contains(text(), \"Business Confirm\")]"}
COMMAND: POST /session/fd95c45ccda87168f56760c12bc05b9d/element - {"using":"xpath","value":"//bdi[contains(text(), \"Business Confirm\")]"}
RESULT: {"using":"xpath","value":"//bdi[contains(text(), \"Business Confirm\")]"}
COMMAND: POST /session/fd95c45ccda87168f56760c12bc05b9d/element/f.1202D19FA9159A4DFC5EAE9C490348A6.d.B52CF8B0466A6F828B9660DA66596875.e.8503/click - {}
RESULT: {}
COMMAND: POST /session/fd95c45ccda87168f56760c12bc05b9d/element - {"using":"css selector","value":"#shell-header-logo"}
COMMAND: GET /session/fd95c45ccda87168f56760c12bc05b9d/screenshot - {}
RESULT: {"using":"css selector","value":"#shell-header-logo"}
COMMAND: POST /session/fd95c45ccda87168f56760c12bc05b9d/element/f.1202D19FA9159A4DFC5EAE9C490348A6.d.B52CF8B0466A6F828B9660DA66596875.e.8201/click - {}
RESULT: {}
RESULT: {}
COMMAND: GET /session/fd95c45ccda87168f56760c12bc05b9d/screenshot - {}
RESULT: {}
]]></system-out>
    </testcase>
    <testcase classname="chrome.135_0_7049_96.windows.Billing_Transfer_-_Intracompany_US127249" name="Should navigate to billing transfer and invoice the contract" time="76.883">
      <system-out><![CDATA[
COMMAND: POST /session/fd95c45ccda87168f56760c12bc05b9d/execute/async - {"script":"<script> [1562 bytes]","args":[{"selector":{"controlType":"sap.m.GenericTile","properties":{"header":"Billing Transfer"}},"wdio_ui5_key":"sapm.GenericTile{\"header\":\"Billing Transfer\"}"}]}
RESULT: {"script":"<script> [1562 bytes]","args":[{"selector":{"controlType":"sap.m.GenericTile","properties":{"header":"Billing Transfer"}},"wdio_ui5_key":"sapm.GenericTile{\"header\":\"Billing Transfer\"}"}]}
RESULT: undefined
COMMAND: POST /session/fd95c45ccda87168f56760c12bc05b9d/element - {"using":"xpath","value":"//*[@id=\"__tile50\"]"}
RESULT: {"using":"xpath","value":"//*[@id=\"__tile50\"]"}
COMMAND: POST /session/fd95c45ccda87168f56760c12bc05b9d/element/f.1202D19FA9159A4DFC5EAE9C490348A6.d.B52CF8B0466A6F828B9660DA66596875.e.2725/click - {}
RESULT: {}
COMMAND: POST /session/fd95c45ccda87168f56760c12bc05b9d/element - {"using":"xpath","value":"//input[contains(@id ,\"application-billingtransfer-display-component---billingWorkbench--smartFilterBar-btnBasicSearch\")]"}
COMMAND: GET /session/fd95c45ccda87168f56760c12bc05b9d/screenshot - {}
RESULT: {"using":"xpath","value":"//input[contains(@id ,\"application-billingtransfer-display-component---billingWorkbench--smartFilterBar-btnBasicSearch\")]"}
COMMAND: POST /session/fd95c45ccda87168f56760c12bc05b9d/elements - {"using":"xpath","value":"//input[contains(@id ,\"application-billingtransfer-display-component---billingWorkbench--smartFilterBar-btnBasicSearch\")]"}
RESULT: {}
RESULT: {"using":"xpath","value":"//input[contains(@id ,\"application-billingtransfer-display-component---billingWorkbench--smartFilterBar-btnBasicSearch\")]"}
COMMAND: POST /session/fd95c45ccda87168f56760c12bc05b9d/elements - {"using":"xpath","value":"//input[contains(@id ,\"application-billingtransfer-display-component---billingWorkbench--smartFilterBar-btnBasicSearch\")]"}
RESULT: {"using":"xpath","value":"//input[contains(@id ,\"application-billingtransfer-display-component---billingWorkbench--smartFilterBar-btnBasicSearch\")]"}
COMMAND: POST /session/fd95c45ccda87168f56760c12bc05b9d/elements - {"using":"xpath","value":"//input[contains(@id ,\"application-billingtransfer-display-component---billingWorkbench--smartFilterBar-btnBasicSearch\")]"}
RESULT: {"using":"xpath","value":"//input[contains(@id ,\"application-billingtransfer-display-component---billingWorkbench--smartFilterBar-btnBasicSearch\")]"}
COMMAND: POST /session/fd95c45ccda87168f56760c12bc05b9d/elements - {"using":"xpath","value":"//input[contains(@id ,\"application-billingtransfer-display-component---billingWorkbench--smartFilterBar-btnBasicSearch\")]"}
RESULT: {"using":"xpath","value":"//input[contains(@id ,\"application-billingtransfer-display-component---billingWorkbench--smartFilterBar-btnBasicSearch\")]"}
COMMAND: POST /session/fd95c45ccda87168f56760c12bc05b9d/element - {"using":"xpath","value":"//input[contains(@id ,\"application-billingtransfer-display-component---billingWorkbench--smartFilterBar-btnBasicSearch\")]"}
RESULT: {"using":"xpath","value":"//input[contains(@id ,\"application-billingtransfer-display-component---billingWorkbench--smartFilterBar-btnBasicSearch\")]"}
COMMAND: POST /session/fd95c45ccda87168f56760c12bc05b9d/execute/sync - {"script":"<script> [8489 bytes]","args":[{"element-6066-11e4-a52e-4f735466cecf":"f.1202D19FA9159A4DFC5EAE9C490348A6.d.B52CF8B0466A6F828B9660DA66596875.e.8546","ELEMENT":"f.1202D19FA9159A4DFC5EAE9C490348A6.d.B52CF8B0466A6F828B9660DA66596875.e.8546"}]}
RESULT: {"script":"<script> [8489 bytes]","args":[{"element-6066-11e4-a52e-4f735466cecf":"f.1202D19FA9159A4DFC5EAE9C490348A6.d.B52CF8B0466A6F828B9660DA66596875.e.8546","ELEMENT":"f.1202D19FA9159A4DFC5EAE9C490348A6.d.B52CF8B0466A6F828B9660DA66596875.e.8546"}]}
COMMAND: GET /session/fd95c45ccda87168f56760c12bc05b9d/element/f.1202D19FA9159A4DFC5EAE9C490348A6.d.B52CF8B0466A6F828B9660DA66596875.e.8546/enabled - {}
COMMAND: GET /session/fd95c45ccda87168f56760c12bc05b9d/screenshot - {}
RESULT: {}
COMMAND: POST /session/fd95c45ccda87168f56760c12bc05b9d/element/f.1202D19FA9159A4DFC5EAE9C490348A6.d.B52CF8B0466A6F828B9660DA66596875.e.8546/click - {}
COMMAND: GET /session/fd95c45ccda87168f56760c12bc05b9d/screenshot - {}
RESULT: {}
RESULT: {}
COMMAND: GET /session/fd95c45ccda87168f56760c12bc05b9d/screenshot - {}
RESULT: {}
RESULT: {}
COMMAND: POST /session/fd95c45ccda87168f56760c12bc05b9d/element/f.1202D19FA9159A4DFC5EAE9C490348A6.d.B52CF8B0466A6F828B9660DA66596875.e.8546/clear - {}
RESULT: {}
COMMAND: POST /session/fd95c45ccda87168f56760c12bc05b9d/element/f.1202D19FA9159A4DFC5EAE9C490348A6.d.B52CF8B0466A6F828B9660DA66596875.e.8546/value - {"text":"10687"}
COMMAND: GET /session/fd95c45ccda87168f56760c12bc05b9d/screenshot - {}
RESULT: {"text":"10687"}
COMMAND: POST /session/fd95c45ccda87168f56760c12bc05b9d/actions - {"actions":[{"id":"action27","type":"key","parameters":{},"actions":[{"type":"keyDown","value":"î€‡"},{"type":"pause","duration":10},{"type":"keyUp","value":"î€‡"}]}]}
COMMAND: GET /session/fd95c45ccda87168f56760c12bc05b9d/screenshot - {}
RESULT: {}
RESULT: {"actions":[{"id":"action27","type":"key","parameters":{},"actions":[{"type":"keyDown","value":"î€‡"},{"type":"pause","duration":10},{"type":"keyUp","value":"î€‡"}]}]}
COMMAND: GET /session/fd95c45ccda87168f56760c12bc05b9d/screenshot - {}
RESULT: {}
RESULT: {}
COMMAND: POST /session/fd95c45ccda87168f56760c12bc05b9d/element - {"using":"xpath","value":"//span[contains(@id ,\"application-billingtransfer-display-component---billingWorkbench--smartTableBillingRuns-header-inner\")]"}
RESULT: {"using":"xpath","value":"//span[contains(@id ,\"application-billingtransfer-display-component---billingWorkbench--smartTableBillingRuns-header-inner\")]"}
COMMAND: POST /session/fd95c45ccda87168f56760c12bc05b9d/elements - {"using":"xpath","value":"//span[contains(@id ,\"application-billingtransfer-display-component---billingWorkbench--smartTableBillingRuns-header-inner\")]"}
RESULT: {"using":"xpath","value":"//span[contains(@id ,\"application-billingtransfer-display-component---billingWorkbench--smartTableBillingRuns-header-inner\")]"}
COMMAND: POST /session/fd95c45ccda87168f56760c12bc05b9d/execute/sync - {"script":"<script> [56 bytes]","args":[{"element-6066-11e4-a52e-4f735466cecf":"f.1202D19FA9159A4DFC5EAE9C490348A6.d.B52CF8B0466A6F828B9660DA66596875.e.8878","ELEMENT":"f.1202D19FA9159A4DFC5EAE9C490348A6.d.B52CF8B0466A6F828B9660DA66596875.e.8878"}]}
RESULT: {"script":"<script> [56 bytes]","args":[{"element-6066-11e4-a52e-4f735466cecf":"f.1202D19FA9159A4DFC5EAE9C490348A6.d.B52CF8B0466A6F828B9660DA66596875.e.8878","ELEMENT":"f.1202D19FA9159A4DFC5EAE9C490348A6.d.B52CF8B0466A6F828B9660DA66596875.e.8878"}]}
COMMAND: POST /session/fd95c45ccda87168f56760c12bc05b9d/element - {"using":"xpath","value":"//td[@aria-colindex=\"1\"]/div/div[contains(@class, \"sapMCbBg\")]"}
COMMAND: GET /session/fd95c45ccda87168f56760c12bc05b9d/screenshot - {}
RESULT: {"using":"xpath","value":"//td[@aria-colindex=\"1\"]/div/div[contains(@class, \"sapMCbBg\")]"}
COMMAND: POST /session/fd95c45ccda87168f56760c12bc05b9d/element/f.1202D19FA9159A4DFC5EAE9C490348A6.d.B52CF8B0466A6F828B9660DA66596875.e.8802/click - {}
RESULT: {}
RESULT: {}
COMMAND: GET /session/fd95c45ccda87168f56760c12bc05b9d/screenshot - {}
RESULT: {}
COMMAND: POST /session/fd95c45ccda87168f56760c12bc05b9d/element - {"using":"xpath","value":"//bdi[contains(text(), \"Check\")]"}
RESULT: {"using":"xpath","value":"//bdi[contains(text(), \"Check\")]"}
COMMAND: POST /session/fd95c45ccda87168f56760c12bc05b9d/element/f.1202D19FA9159A4DFC5EAE9C490348A6.d.B52CF8B0466A6F828B9660DA66596875.e.8880/click - {}
RESULT: {}
COMMAND: GET /session/fd95c45ccda87168f56760c12bc05b9d/screenshot - {}
RESULT: {}
COMMAND: POST /session/fd95c45ccda87168f56760c12bc05b9d/element - {"using":"xpath","value":"//bdi[contains(text(), \"OK\")]"}
RESULT: {"using":"xpath","value":"//bdi[contains(text(), \"OK\")]"}
COMMAND: POST /session/fd95c45ccda87168f56760c12bc05b9d/element/f.1202D19FA9159A4DFC5EAE9C490348A6.d.B52CF8B0466A6F828B9660DA66596875.e.8883/click - {}
RESULT: {}
COMMAND: GET /session/fd95c45ccda87168f56760c12bc05b9d/screenshot - {}
RESULT: {}
COMMAND: POST /session/fd95c45ccda87168f56760c12bc05b9d/element - {"using":"xpath","value":"(//span[contains(text(), \"CO/SD checked\")]/parent::div/preceding-sibling::div/span)[1]"}
RESULT: {"using":"xpath","value":"(//span[contains(text(), \"CO/SD checked\")]/parent::div/preceding-sibling::div/span)[1]"}
COMMAND: POST /session/fd95c45ccda87168f56760c12bc05b9d/element/f.1202D19FA9159A4DFC5EAE9C490348A6.d.B52CF8B0466A6F828B9660DA66596875.e.8892/click - {}
RESULT: {}
COMMAND: GET /session/fd95c45ccda87168f56760c12bc05b9d/screenshot - {}
RESULT: {}
COMMAND: POST /session/fd95c45ccda87168f56760c12bc05b9d/element - {"using":"xpath","value":"//input[contains(@id ,\"application-billingtransfer-display-component---billingWorkbench--smartFilterBar-btnBasicSearch\")]"}
RESULT: {"using":"xpath","value":"//input[contains(@id ,\"application-billingtransfer-display-component---billingWorkbench--smartFilterBar-btnBasicSearch\")]"}
COMMAND: POST /session/fd95c45ccda87168f56760c12bc05b9d/elements - {"using":"xpath","value":"//input[contains(@id ,\"application-billingtransfer-display-component---billingWorkbench--smartFilterBar-btnBasicSearch\")]"}
RESULT: {"using":"xpath","value":"//input[contains(@id ,\"application-billingtransfer-display-component---billingWorkbench--smartFilterBar-btnBasicSearch\")]"}
COMMAND: POST /session/fd95c45ccda87168f56760c12bc05b9d/execute/sync - {"script":"<script> [8489 bytes]","args":[{"element-6066-11e4-a52e-4f735466cecf":"f.1202D19FA9159A4DFC5EAE9C490348A6.d.B52CF8B0466A6F828B9660DA66596875.e.8546","ELEMENT":"f.1202D19FA9159A4DFC5EAE9C490348A6.d.B52CF8B0466A6F828B9660DA66596875.e.8546"}]}
RESULT: {"script":"<script> [8489 bytes]","args":[{"element-6066-11e4-a52e-4f735466cecf":"f.1202D19FA9159A4DFC5EAE9C490348A6.d.B52CF8B0466A6F828B9660DA66596875.e.8546","ELEMENT":"f.1202D19FA9159A4DFC5EAE9C490348A6.d.B52CF8B0466A6F828B9660DA66596875.e.8546"}]}
COMMAND: GET /session/fd95c45ccda87168f56760c12bc05b9d/element/f.1202D19FA9159A4DFC5EAE9C490348A6.d.B52CF8B0466A6F828B9660DA66596875.e.8546/enabled - {}
COMMAND: GET /session/fd95c45ccda87168f56760c12bc05b9d/screenshot - {}
RESULT: {}
COMMAND: POST /session/fd95c45ccda87168f56760c12bc05b9d/element/f.1202D19FA9159A4DFC5EAE9C490348A6.d.B52CF8B0466A6F828B9660DA66596875.e.8546/click - {}
COMMAND: GET /session/fd95c45ccda87168f56760c12bc05b9d/screenshot - {}
RESULT: {}
RESULT: {}
COMMAND: GET /session/fd95c45ccda87168f56760c12bc05b9d/screenshot - {}
RESULT: {}
RESULT: {}
COMMAND: POST /session/fd95c45ccda87168f56760c12bc05b9d/element/f.1202D19FA9159A4DFC5EAE9C490348A6.d.B52CF8B0466A6F828B9660DA66596875.e.8546/clear - {}
RESULT: {}
COMMAND: POST /session/fd95c45ccda87168f56760c12bc05b9d/element/f.1202D19FA9159A4DFC5EAE9C490348A6.d.B52CF8B0466A6F828B9660DA66596875.e.8546/value - {"text":"10687"}
COMMAND: GET /session/fd95c45ccda87168f56760c12bc05b9d/screenshot - {}
RESULT: {"text":"10687"}
COMMAND: POST /session/fd95c45ccda87168f56760c12bc05b9d/actions - {"actions":[{"id":"action28","type":"key","parameters":{},"actions":[{"type":"keyDown","value":"î€‡"},{"type":"pause","duration":10},{"type":"keyUp","value":"î€‡"}]}]}
COMMAND: GET /session/fd95c45ccda87168f56760c12bc05b9d/screenshot - {}
RESULT: {}
RESULT: {"actions":[{"id":"action28","type":"key","parameters":{},"actions":[{"type":"keyDown","value":"î€‡"},{"type":"pause","duration":10},{"type":"keyUp","value":"î€‡"}]}]}
COMMAND: GET /session/fd95c45ccda87168f56760c12bc05b9d/screenshot - {}
RESULT: {}
RESULT: {}
COMMAND: POST /session/fd95c45ccda87168f56760c12bc05b9d/element - {"using":"xpath","value":"//span[contains(@id ,\"application-billingtransfer-display-component---billingWorkbench--smartTableBillingRuns-header-inner\")]"}
RESULT: {"using":"xpath","value":"//span[contains(@id ,\"application-billingtransfer-display-component---billingWorkbench--smartTableBillingRuns-header-inner\")]"}
COMMAND: POST /session/fd95c45ccda87168f56760c12bc05b9d/elements - {"using":"xpath","value":"//span[contains(@id ,\"application-billingtransfer-display-component---billingWorkbench--smartTableBillingRuns-header-inner\")]"}
RESULT: {"using":"xpath","value":"//span[contains(@id ,\"application-billingtransfer-display-component---billingWorkbench--smartTableBillingRuns-header-inner\")]"}
COMMAND: POST /session/fd95c45ccda87168f56760c12bc05b9d/execute/sync - {"script":"<script> [56 bytes]","args":[{"element-6066-11e4-a52e-4f735466cecf":"f.1202D19FA9159A4DFC5EAE9C490348A6.d.B52CF8B0466A6F828B9660DA66596875.e.8878","ELEMENT":"f.1202D19FA9159A4DFC5EAE9C490348A6.d.B52CF8B0466A6F828B9660DA66596875.e.8878"}]}
RESULT: {"script":"<script> [56 bytes]","args":[{"element-6066-11e4-a52e-4f735466cecf":"f.1202D19FA9159A4DFC5EAE9C490348A6.d.B52CF8B0466A6F828B9660DA66596875.e.8878","ELEMENT":"f.1202D19FA9159A4DFC5EAE9C490348A6.d.B52CF8B0466A6F828B9660DA66596875.e.8878"}]}
COMMAND: POST /session/fd95c45ccda87168f56760c12bc05b9d/element - {"using":"xpath","value":"//td[@aria-colindex=\"1\"]/div/div[contains(@class, \"sapMCbBg\")]"}
COMMAND: GET /session/fd95c45ccda87168f56760c12bc05b9d/screenshot - {}
RESULT: {"using":"xpath","value":"//td[@aria-colindex=\"1\"]/div/div[contains(@class, \"sapMCbBg\")]"}
COMMAND: POST /session/fd95c45ccda87168f56760c12bc05b9d/element/f.1202D19FA9159A4DFC5EAE9C490348A6.d.B52CF8B0466A6F828B9660DA66596875.e.8896/click - {}
RESULT: {}
RESULT: {}
COMMAND: GET /session/fd95c45ccda87168f56760c12bc05b9d/screenshot - {}
RESULT: {}
COMMAND: POST /session/fd95c45ccda87168f56760c12bc05b9d/element - {"using":"xpath","value":"//bdi[text()=\"Transfer\"]"}
RESULT: {"using":"xpath","value":"//bdi[text()=\"Transfer\"]"}
COMMAND: POST /session/fd95c45ccda87168f56760c12bc05b9d/element/f.1202D19FA9159A4DFC5EAE9C490348A6.d.B52CF8B0466A6F828B9660DA66596875.e.8897/click - {}
RESULT: {}
COMMAND: GET /session/fd95c45ccda87168f56760c12bc05b9d/screenshot - {}
RESULT: {}
COMMAND: POST /session/fd95c45ccda87168f56760c12bc05b9d/element - {"using":"xpath","value":"//bdi[contains(text(), \"OK\")]"}
RESULT: {"using":"xpath","value":"//bdi[contains(text(), \"OK\")]"}
COMMAND: POST /session/fd95c45ccda87168f56760c12bc05b9d/element/f.1202D19FA9159A4DFC5EAE9C490348A6.d.B52CF8B0466A6F828B9660DA66596875.e.8900/click - {}
RESULT: {}
COMMAND: GET /session/fd95c45ccda87168f56760c12bc05b9d/screenshot - {}
RESULT: {}
COMMAND: POST /session/fd95c45ccda87168f56760c12bc05b9d/element - {"using":"xpath","value":"(//span[contains(text(), \"Completed\")]/parent::div/preceding-sibling::div/span)[1]"}
RESULT: {"using":"xpath","value":"(//span[contains(text(), \"Completed\")]/parent::div/preceding-sibling::div/span)[1]"}
COMMAND: POST /session/fd95c45ccda87168f56760c12bc05b9d/element/f.1202D19FA9159A4DFC5EAE9C490348A6.d.B52CF8B0466A6F828B9660DA66596875.e.8908/click - {}
RESULT: {}
COMMAND: POST /session/fd95c45ccda87168f56760c12bc05b9d/element - {"using":"xpath","value":"//input[contains(@id ,\"application-billingtransfer-display-component---billingWorkbench--smartFilterBar-btnBasicSearch\")]"}
COMMAND: GET /session/fd95c45ccda87168f56760c12bc05b9d/screenshot - {}
RESULT: {}
RESULT: {"using":"xpath","value":"//input[contains(@id ,\"application-billingtransfer-display-component---billingWorkbench--smartFilterBar-btnBasicSearch\")]"}
COMMAND: POST /session/fd95c45ccda87168f56760c12bc05b9d/elements - {"using":"xpath","value":"//input[contains(@id ,\"application-billingtransfer-display-component---billingWorkbench--smartFilterBar-btnBasicSearch\")]"}
RESULT: {"using":"xpath","value":"//input[contains(@id ,\"application-billingtransfer-display-component---billingWorkbench--smartFilterBar-btnBasicSearch\")]"}
COMMAND: POST /session/fd95c45ccda87168f56760c12bc05b9d/execute/sync - {"script":"<script> [8489 bytes]","args":[{"element-6066-11e4-a52e-4f735466cecf":"f.1202D19FA9159A4DFC5EAE9C490348A6.d.B52CF8B0466A6F828B9660DA66596875.e.8546","ELEMENT":"f.1202D19FA9159A4DFC5EAE9C490348A6.d.B52CF8B0466A6F828B9660DA66596875.e.8546"}]}
RESULT: {"script":"<script> [8489 bytes]","args":[{"element-6066-11e4-a52e-4f735466cecf":"f.1202D19FA9159A4DFC5EAE9C490348A6.d.B52CF8B0466A6F828B9660DA66596875.e.8546","ELEMENT":"f.1202D19FA9159A4DFC5EAE9C490348A6.d.B52CF8B0466A6F828B9660DA66596875.e.8546"}]}
COMMAND: GET /session/fd95c45ccda87168f56760c12bc05b9d/element/f.1202D19FA9159A4DFC5EAE9C490348A6.d.B52CF8B0466A6F828B9660DA66596875.e.8546/enabled - {}
COMMAND: GET /session/fd95c45ccda87168f56760c12bc05b9d/screenshot - {}
RESULT: {}
COMMAND: POST /session/fd95c45ccda87168f56760c12bc05b9d/element/f.1202D19FA9159A4DFC5EAE9C490348A6.d.B52CF8B0466A6F828B9660DA66596875.e.8546/click - {}
COMMAND: GET /session/fd95c45ccda87168f56760c12bc05b9d/screenshot - {}
RESULT: {}
RESULT: {}
COMMAND: GET /session/fd95c45ccda87168f56760c12bc05b9d/screenshot - {}
RESULT: {}
RESULT: {}
COMMAND: POST /session/fd95c45ccda87168f56760c12bc05b9d/element/f.1202D19FA9159A4DFC5EAE9C490348A6.d.B52CF8B0466A6F828B9660DA66596875.e.8546/clear - {}
RESULT: {}
COMMAND: POST /session/fd95c45ccda87168f56760c12bc05b9d/element/f.1202D19FA9159A4DFC5EAE9C490348A6.d.B52CF8B0466A6F828B9660DA66596875.e.8546/value - {"text":"10687"}
COMMAND: GET /session/fd95c45ccda87168f56760c12bc05b9d/screenshot - {}
RESULT: {"text":"10687"}
COMMAND: POST /session/fd95c45ccda87168f56760c12bc05b9d/actions - {"actions":[{"id":"action29","type":"key","parameters":{},"actions":[{"type":"keyDown","value":"î€‡"},{"type":"pause","duration":10},{"type":"keyUp","value":"î€‡"}]}]}
COMMAND: GET /session/fd95c45ccda87168f56760c12bc05b9d/screenshot - {}
RESULT: {}
RESULT: {"actions":[{"id":"action29","type":"key","parameters":{},"actions":[{"type":"keyDown","value":"î€‡"},{"type":"pause","duration":10},{"type":"keyUp","value":"î€‡"}]}]}
COMMAND: GET /session/fd95c45ccda87168f56760c12bc05b9d/screenshot - {}
RESULT: {}
RESULT: {}
COMMAND: POST /session/fd95c45ccda87168f56760c12bc05b9d/element - {"using":"xpath","value":"//span[contains(@id ,\"application-billingtransfer-display-component---billingWorkbench--smartTableBillingRuns-header-inner\")]"}
RESULT: {"using":"xpath","value":"//span[contains(@id ,\"application-billingtransfer-display-component---billingWorkbench--smartTableBillingRuns-header-inner\")]"}
COMMAND: POST /session/fd95c45ccda87168f56760c12bc05b9d/elements - {"using":"xpath","value":"//span[contains(@id ,\"application-billingtransfer-display-component---billingWorkbench--smartTableBillingRuns-header-inner\")]"}
RESULT: {"using":"xpath","value":"//span[contains(@id ,\"application-billingtransfer-display-component---billingWorkbench--smartTableBillingRuns-header-inner\")]"}
COMMAND: POST /session/fd95c45ccda87168f56760c12bc05b9d/execute/sync - {"script":"<script> [56 bytes]","args":[{"element-6066-11e4-a52e-4f735466cecf":"f.1202D19FA9159A4DFC5EAE9C490348A6.d.B52CF8B0466A6F828B9660DA66596875.e.8878","ELEMENT":"f.1202D19FA9159A4DFC5EAE9C490348A6.d.B52CF8B0466A6F828B9660DA66596875.e.8878"}]}
RESULT: {"script":"<script> [56 bytes]","args":[{"element-6066-11e4-a52e-4f735466cecf":"f.1202D19FA9159A4DFC5EAE9C490348A6.d.B52CF8B0466A6F828B9660DA66596875.e.8878","ELEMENT":"f.1202D19FA9159A4DFC5EAE9C490348A6.d.B52CF8B0466A6F828B9660DA66596875.e.8878"}]}
COMMAND: POST /session/fd95c45ccda87168f56760c12bc05b9d/element - {"using":"css selector","value":"#shell-header-logo"}
COMMAND: GET /session/fd95c45ccda87168f56760c12bc05b9d/screenshot - {}
RESULT: {"using":"css selector","value":"#shell-header-logo"}
COMMAND: POST /session/fd95c45ccda87168f56760c12bc05b9d/element/f.1202D19FA9159A4DFC5EAE9C490348A6.d.B52CF8B0466A6F828B9660DA66596875.e.8544/click - {}
RESULT: {}
RESULT: {}
COMMAND: GET /session/fd95c45ccda87168f56760c12bc05b9d/screenshot - {}
RESULT: {}
COMMAND: POST /session/fd95c45ccda87168f56760c12bc05b9d/element - {"using":"css selector","value":"#j_username"}
COMMAND: POST /session/fd95c45ccda87168f56760c12bc05b9d/url - {"url":"https://qa-testing-00-live-etm-ui.cfapps.eu10-004.hana.ondemand.com/"}
RESULT: {"using":"css selector","value":"#j_username"}
COMMAND: POST /session/fd95c45ccda87168f56760c12bc05b9d/element - {"using":"css selector","value":"#j_username"}
RESULT: {"url":"https://qa-testing-00-live-etm-ui.cfapps.eu10-004.hana.ondemand.com/"}
RESULT: undefined
COMMAND: GET /session/fd95c45ccda87168f56760c12bc05b9d/screenshot - {}
RESULT: {"using":"css selector","value":"#j_username"}
COMMAND: POST /session/fd95c45ccda87168f56760c12bc05b9d/element - {"using":"css selector","value":"#shell-header-logo"}
RESULT: {}
RESULT: {"using":"css selector","value":"#shell-header-logo"}
COMMAND: POST /session/fd95c45ccda87168f56760c12bc05b9d/execute/sync - {"script":"<script> [8489 bytes]","args":[{"element-6066-11e4-a52e-4f735466cecf":"f.1202D19FA9159A4DFC5EAE9C490348A6.d.E7077E8E1AD48DF07A6EFE36438B607C.e.8927","ELEMENT":"f.1202D19FA9159A4DFC5EAE9C490348A6.d.E7077E8E1AD48DF07A6EFE36438B607C.e.8927"}]}
RESULT: {"script":"<script> [8489 bytes]","args":[{"element-6066-11e4-a52e-4f735466cecf":"f.1202D19FA9159A4DFC5EAE9C490348A6.d.E7077E8E1AD48DF07A6EFE36438B607C.e.8927","ELEMENT":"f.1202D19FA9159A4DFC5EAE9C490348A6.d.E7077E8E1AD48DF07A6EFE36438B607C.e.8927"}]}
COMMAND: POST /session/fd95c45ccda87168f56760c12bc05b9d/element - {"using":"css selector","value":"#shell-header-logo"}
COMMAND: GET /session/fd95c45ccda87168f56760c12bc05b9d/screenshot - {}
RESULT: {"using":"css selector","value":"#shell-header-logo"}
COMMAND: POST /session/fd95c45ccda87168f56760c12bc05b9d/execute/sync - {"script":"<script> [8489 bytes]","args":[{"element-6066-11e4-a52e-4f735466cecf":"f.1202D19FA9159A4DFC5EAE9C490348A6.d.E7077E8E1AD48DF07A6EFE36438B607C.e.8927","ELEMENT":"f.1202D19FA9159A4DFC5EAE9C490348A6.d.E7077E8E1AD48DF07A6EFE36438B607C.e.8927"}]}
RESULT: {}
RESULT: {"script":"<script> [8489 bytes]","args":[{"element-6066-11e4-a52e-4f735466cecf":"f.1202D19FA9159A4DFC5EAE9C490348A6.d.E7077E8E1AD48DF07A6EFE36438B607C.e.8927","ELEMENT":"f.1202D19FA9159A4DFC5EAE9C490348A6.d.E7077E8E1AD48DF07A6EFE36438B607C.e.8927"}]}
COMMAND: POST /session/fd95c45ccda87168f56760c12bc05b9d/execute/sync - {"script":"<script> [5351 bytes]","args":[{"element-6066-11e4-a52e-4f735466cecf":"f.1202D19FA9159A4DFC5EAE9C490348A6.d.E7077E8E1AD48DF07A6EFE36438B607C.e.8927","ELEMENT":"f.1202D19FA9159A4DFC5EAE9C490348A6.d.E7077E8E1AD48DF07A6EFE36438B607C.e.8927"}]}
COMMAND: GET /session/fd95c45ccda87168f56760c12bc05b9d/screenshot - {}
RESULT: {"script":"<script> [5351 bytes]","args":[{"element-6066-11e4-a52e-4f735466cecf":"f.1202D19FA9159A4DFC5EAE9C490348A6.d.E7077E8E1AD48DF07A6EFE36438B607C.e.8927","ELEMENT":"f.1202D19FA9159A4DFC5EAE9C490348A6.d.E7077E8E1AD48DF07A6EFE36438B607C.e.8927"}]}
COMMAND: POST /session/fd95c45ccda87168f56760c12bc05b9d/element - {"using":"css selector","value":"#shell-header-logo"}
COMMAND: GET /session/fd95c45ccda87168f56760c12bc05b9d/screenshot - {}
RESULT: {}
RESULT: {"using":"css selector","value":"#shell-header-logo"}
COMMAND: POST /session/fd95c45ccda87168f56760c12bc05b9d/element/f.1202D19FA9159A4DFC5EAE9C490348A6.d.E7077E8E1AD48DF07A6EFE36438B607C.e.8927/click - {}
RESULT: {}
RESULT: {}
COMMAND: GET /session/fd95c45ccda87168f56760c12bc05b9d/screenshot - {}
RESULT: {}
COMMAND: POST /session/fd95c45ccda87168f56760c12bc05b9d/execute/async - {"script":"<script> [189 bytes]","args":[]}
RESULT: {"script":"<script> [189 bytes]","args":[]}
COMMAND: POST /session/fd95c45ccda87168f56760c12bc05b9d/execute/async - {"script":"<script> [123 bytes]","args":[]}
RESULT: {"script":"<script> [123 bytes]","args":[]}
COMMAND: POST /session/fd95c45ccda87168f56760c12bc05b9d/timeouts - {"script":"<number>"}
RESULT: {"script":"<number>"}
COMMAND: GET /session/fd95c45ccda87168f56760c12bc05b9d/timeouts - {}
RESULT: {}
RESULT: undefined
COMMAND: POST /session/fd95c45ccda87168f56760c12bc05b9d/execute/async - {"script":"<script> [2676 bytes]","args":[]}
RESULT: {"script":"<script> [2676 bytes]","args":[]}
COMMAND: POST /session/fd95c45ccda87168f56760c12bc05b9d/execute/async - {"script":"<script> [2342 bytes]","args":[{"protocol":"http","hostname":"0.0.0.0","path":"/","capabilities":{"browserName":"chrome","goog:chromeOptions":{"binary":"C:\\Program Files\\Google\\Chrome\\Application\\chrome.exe","args":["--start-maximized"]}},"logLevel":"warn","connectionRetryTimeout":120000,"connectionRetryCount":3,"logLevels":{},"enableDirectConnect":true,"strictSSL":true,"_":"65 more keys: [\"cacheDir\",\"port\",\"requestedCapabilities\",\"automationProtocol\",\"baseUrl\",\"waitforInterval\",\"waitforTimeout\",\"onReload\",\"beforeCommand\",\"afterCommand\",\"rootDir\",\"specs\",\"suites\",\"exclude\",\"groupLogsByTestSpec\",\"excludeDriverLogs\",\"bail\",\"framework\",\"reporters\",\"services\",\"maxInstances\",\"maxInstancesPerCapability\",\"injectGlobals\",\"filesToWatch\",\"execArgv\",\"runnerEnv\",\"runner\",\"shard\",\"specFileRetries\",\"specFileRetriesDelay\",\"specFileRetriesDeferred\",\"reporterSyncInterval\",\"reporterSyncTimeout\",\"cucumberFeaturesWithLineNumbers\",\"autoCompileOpts\",\"mochaOpts\",\"jasmineOpts\",\"cucumberOpts\",\"onPrepare\",\"onWorkerStart\",\"onWorkerEnd\",\"before\",\"beforeSession\",\"beforeSuite\",\"beforeHook\",\"beforeTest\",\"afterTest\",\"afterHook\",\"afterSuite\",\"afterSession\",\"after\",\"onComplete\",\"beforeAssertion\",\"afterAssertion\",\"beforeFeature\",\"beforeScenario\",\"beforeStep\",\"afterStep\",\"afterScenario\",\"afterFeature\",\"_\",\"suite\",\"$0\",\"ignoredWorkerServices\",\"wdi5\"]"}]}
RESULT: {"script":"<script> [2342 bytes]","args":[{"protocol":"http","hostname":"0.0.0.0","path":"/","capabilities":{"browserName":"chrome","goog:chromeOptions":{"binary":"C:\\Program Files\\Google\\Chrome\\Application\\chrome.exe","args":["--start-maximized"]}},"logLevel":"warn","connectionRetryTimeout":120000,"connectionRetryCount":3,"logLevels":{},"enableDirectConnect":true,"strictSSL":true,"_":"65 more keys: [\"cacheDir\",\"port\",\"requestedCapabilities\",\"automationProtocol\",\"baseUrl\",\"waitforInterval\",\"waitforTimeout\",\"onReload\",\"beforeCommand\",\"afterCommand\",\"rootDir\",\"specs\",\"suites\",\"exclude\",\"groupLogsByTestSpec\",\"excludeDriverLogs\",\"bail\",\"framework\",\"reporters\",\"services\",\"maxInstances\",\"maxInstancesPerCapability\",\"injectGlobals\",\"filesToWatch\",\"execArgv\",\"runnerEnv\",\"runner\",\"shard\",\"specFileRetries\",\"specFileRetriesDelay\",\"specFileRetriesDeferred\",\"reporterSyncInterval\",\"reporterSyncTimeout\",\"cucumberFeaturesWithLineNumbers\",\"autoCompileOpts\",\"mochaOpts\",\"jasmineOpts\",\"cucumberOpts\",\"onPrepare\",\"onWorkerStart\",\"onWorkerEnd\",\"before\",\"beforeSession\",\"beforeSuite\",\"beforeHook\",\"beforeTest\",\"afterTest\",\"afterHook\",\"afterSuite\",\"afterSession\",\"after\",\"onComplete\",\"beforeAssertion\",\"afterAssertion\",\"beforeFeature\",\"beforeScenario\",\"beforeStep\",\"afterStep\",\"afterScenario\",\"afterFeature\",\"_\",\"suite\",\"$0\",\"ignoredWorkerServices\",\"wdi5\"]"}]}
COMMAND: POST /session/fd95c45ccda87168f56760c12bc05b9d/execute/async - {"script":"<script> [21126 bytes]","args":[35000]}
RESULT: {"script":"<script> [21126 bytes]","args":[35000]}
COMMAND: POST /session/fd95c45ccda87168f56760c12bc05b9d/window/maximize - {}
RESULT: {}
COMMAND: POST /session/fd95c45ccda87168f56760c12bc05b9d/execute/async - {"script":"<script> [1562 bytes]","args":[{"selector":{"id":"shell-header","interaction":{"idSuffix":"icon"}},"wdio_ui5_key":"shellheader"}]}
COMMAND: GET /session/fd95c45ccda87168f56760c12bc05b9d/screenshot - {}
RESULT: {"script":"<script> [1562 bytes]","args":[{"selector":{"id":"shell-header","interaction":{"idSuffix":"icon"}},"wdio_ui5_key":"shellheader"}]}
RESULT: undefined
COMMAND: POST /session/fd95c45ccda87168f56760c12bc05b9d/refresh - {}
RESULT: {}
RESULT: {}
COMMAND: GET /session/fd95c45ccda87168f56760c12bc05b9d/screenshot - {}
RESULT: {}
COMMAND: POST /session/fd95c45ccda87168f56760c12bc05b9d/refresh - {}
RESULT: {}
COMMAND: GET /session/fd95c45ccda87168f56760c12bc05b9d/screenshot - {}
RESULT: {}
COMMAND: POST /session/fd95c45ccda87168f56760c12bc05b9d/window/fullscreen - {}
RESULT: {}
COMMAND: POST /session/fd95c45ccda87168f56760c12bc05b9d/execute/async - {"script":"<script> [189 bytes]","args":[]}
RESULT: {"script":"<script> [189 bytes]","args":[]}
COMMAND: POST /session/fd95c45ccda87168f56760c12bc05b9d/execute/async - {"script":"<script> [123 bytes]","args":[]}
RESULT: {"script":"<script> [123 bytes]","args":[]}
COMMAND: POST /session/fd95c45ccda87168f56760c12bc05b9d/timeouts - {"script":"<number>"}
RESULT: {"script":"<number>"}
COMMAND: GET /session/fd95c45ccda87168f56760c12bc05b9d/timeouts - {}
RESULT: {}
RESULT: undefined
COMMAND: POST /session/fd95c45ccda87168f56760c12bc05b9d/execute/async - {"script":"<script> [2676 bytes]","args":[]}
RESULT: {"script":"<script> [2676 bytes]","args":[]}
COMMAND: POST /session/fd95c45ccda87168f56760c12bc05b9d/execute/async - {"script":"<script> [2342 bytes]","args":[{"protocol":"http","hostname":"0.0.0.0","path":"/","capabilities":{"browserName":"chrome","goog:chromeOptions":{"binary":"C:\\Program Files\\Google\\Chrome\\Application\\chrome.exe","args":["--start-maximized"]}},"logLevel":"warn","connectionRetryTimeout":120000,"connectionRetryCount":3,"logLevels":{},"enableDirectConnect":true,"strictSSL":true,"_":"65 more keys: [\"cacheDir\",\"port\",\"requestedCapabilities\",\"automationProtocol\",\"baseUrl\",\"waitforInterval\",\"waitforTimeout\",\"onReload\",\"beforeCommand\",\"afterCommand\",\"rootDir\",\"specs\",\"suites\",\"exclude\",\"groupLogsByTestSpec\",\"excludeDriverLogs\",\"bail\",\"framework\",\"reporters\",\"services\",\"maxInstances\",\"maxInstancesPerCapability\",\"injectGlobals\",\"filesToWatch\",\"execArgv\",\"runnerEnv\",\"runner\",\"shard\",\"specFileRetries\",\"specFileRetriesDelay\",\"specFileRetriesDeferred\",\"reporterSyncInterval\",\"reporterSyncTimeout\",\"cucumberFeaturesWithLineNumbers\",\"autoCompileOpts\",\"mochaOpts\",\"jasmineOpts\",\"cucumberOpts\",\"onPrepare\",\"onWorkerStart\",\"onWorkerEnd\",\"before\",\"beforeSession\",\"beforeSuite\",\"beforeHook\",\"beforeTest\",\"afterTest\",\"afterHook\",\"afterSuite\",\"afterSession\",\"after\",\"onComplete\",\"beforeAssertion\",\"afterAssertion\",\"beforeFeature\",\"beforeScenario\",\"beforeStep\",\"afterStep\",\"afterScenario\",\"afterFeature\",\"_\",\"suite\",\"$0\",\"ignoredWorkerServices\",\"wdi5\"]"}]}
RESULT: {"script":"<script> [2342 bytes]","args":[{"protocol":"http","hostname":"0.0.0.0","path":"/","capabilities":{"browserName":"chrome","goog:chromeOptions":{"binary":"C:\\Program Files\\Google\\Chrome\\Application\\chrome.exe","args":["--start-maximized"]}},"logLevel":"warn","connectionRetryTimeout":120000,"connectionRetryCount":3,"logLevels":{},"enableDirectConnect":true,"strictSSL":true,"_":"65 more keys: [\"cacheDir\",\"port\",\"requestedCapabilities\",\"automationProtocol\",\"baseUrl\",\"waitforInterval\",\"waitforTimeout\",\"onReload\",\"beforeCommand\",\"afterCommand\",\"rootDir\",\"specs\",\"suites\",\"exclude\",\"groupLogsByTestSpec\",\"excludeDriverLogs\",\"bail\",\"framework\",\"reporters\",\"services\",\"maxInstances\",\"maxInstancesPerCapability\",\"injectGlobals\",\"filesToWatch\",\"execArgv\",\"runnerEnv\",\"runner\",\"shard\",\"specFileRetries\",\"specFileRetriesDelay\",\"specFileRetriesDeferred\",\"reporterSyncInterval\",\"reporterSyncTimeout\",\"cucumberFeaturesWithLineNumbers\",\"autoCompileOpts\",\"mochaOpts\",\"jasmineOpts\",\"cucumberOpts\",\"onPrepare\",\"onWorkerStart\",\"onWorkerEnd\",\"before\",\"beforeSession\",\"beforeSuite\",\"beforeHook\",\"beforeTest\",\"afterTest\",\"afterHook\",\"afterSuite\",\"afterSession\",\"after\",\"onComplete\",\"beforeAssertion\",\"afterAssertion\",\"beforeFeature\",\"beforeScenario\",\"beforeStep\",\"afterStep\",\"afterScenario\",\"afterFeature\",\"_\",\"suite\",\"$0\",\"ignoredWorkerServices\",\"wdi5\"]"}]}
COMMAND: POST /session/fd95c45ccda87168f56760c12bc05b9d/execute/async - {"script":"<script> [21126 bytes]","args":[35000]}
RESULT: {"script":"<script> [21126 bytes]","args":[35000]}
]]></system-out>
    </testcase>
  </testsuite>
  <testsuite timestamp="2025-04-24T17:53:06" time="722.179" tests="12" failures="0" errors="0" skipped="0">
    <properties>
      <property name="specId" value="0" />
      <property name="suiteName" value="Billing transfer US117289" />
      <property name="capabilities" value="chrome.135_0_7049_96.windows" />
      <property name="file" value="file:///D:/a/1/s/test/specs/BTS/billing-transfer.spec.js" />
    </properties>
    <testcase classname="chrome.135_0_7049_96.windows.Billing_transfer_US117289" name="Should create a new yard" time="0.036">
      <system-out><![CDATA[
COMMAND: POST /session/fd95c45ccda87168f56760c12bc05b9d/window/fullscreen - {}
RESULT: {}
]]></system-out>
    </testcase>
    <testcase classname="chrome.135_0_7049_96.windows.Billing_transfer_US117289" name="Should create a new partner" time="0.004" />
    <testcase classname="chrome.135_0_7049_96.windows.Billing_transfer_US117289" name="Should create a new site" time="0.004" />
    <testcase classname="chrome.135_0_7049_96.windows.Billing_transfer_US117289" name="Should create a new equipment" time="135.784">
      <system-out><![CDATA[
COMMAND: POST /session/fd95c45ccda87168f56760c12bc05b9d/execute/async - {"script":"<script> [1562 bytes]","args":[{"selector":{"controlType":"sap.m.GenericTile","properties":{"header":"Manage Resources"}},"wdio_ui5_key":"sapm.GenericTile{\"header\":\"Manage Resources\"}"}]}
RESULT: {"script":"<script> [1562 bytes]","args":[{"selector":{"controlType":"sap.m.GenericTile","properties":{"header":"Manage Resources"}},"wdio_ui5_key":"sapm.GenericTile{\"header\":\"Manage Resources\"}"}]}
RESULT: undefined
COMMAND: POST /session/fd95c45ccda87168f56760c12bc05b9d/element - {"using":"xpath","value":"//*[@id=\"__tile39\"]"}
RESULT: {"using":"xpath","value":"//*[@id=\"__tile39\"]"}
COMMAND: POST /session/fd95c45ccda87168f56760c12bc05b9d/element/f.1202D19FA9159A4DFC5EAE9C490348A6.d.F99A1832C11C713039E356BAE2F2DD85.e.9092/click - {}
RESULT: {}
COMMAND: POST /session/fd95c45ccda87168f56760c12bc05b9d/element - {"using":"xpath","value":"//button[@data-kt=\"addNewRUOverflowToolbarButton\"]"}
COMMAND: GET /session/fd95c45ccda87168f56760c12bc05b9d/screenshot - {}
RESULT: {"using":"xpath","value":"//button[@data-kt=\"addNewRUOverflowToolbarButton\"]"}
COMMAND: POST /session/fd95c45ccda87168f56760c12bc05b9d/elements - {"using":"xpath","value":"//button[@data-kt=\"addNewRUOverflowToolbarButton\"]"}
RESULT: {}
RESULT: {"using":"xpath","value":"//button[@data-kt=\"addNewRUOverflowToolbarButton\"]"}
COMMAND: POST /session/fd95c45ccda87168f56760c12bc05b9d/elements - {"using":"xpath","value":"//button[@data-kt=\"addNewRUOverflowToolbarButton\"]"}
RESULT: {"using":"xpath","value":"//button[@data-kt=\"addNewRUOverflowToolbarButton\"]"}
COMMAND: POST /session/fd95c45ccda87168f56760c12bc05b9d/elements - {"using":"xpath","value":"//button[@data-kt=\"addNewRUOverflowToolbarButton\"]"}
RESULT: undefined
RESULT: {"using":"xpath","value":"//button[@data-kt=\"addNewRUOverflowToolbarButton\"]"}
COMMAND: POST /session/fd95c45ccda87168f56760c12bc05b9d/elements - {"using":"xpath","value":"//button[@data-kt=\"addNewRUOverflowToolbarButton\"]"}
RESULT: {"using":"xpath","value":"//button[@data-kt=\"addNewRUOverflowToolbarButton\"]"}
COMMAND: POST /session/fd95c45ccda87168f56760c12bc05b9d/elements - {"using":"xpath","value":"//button[@data-kt=\"addNewRUOverflowToolbarButton\"]"}
RESULT: {"using":"xpath","value":"//button[@data-kt=\"addNewRUOverflowToolbarButton\"]"}
COMMAND: POST /session/fd95c45ccda87168f56760c12bc05b9d/elements - {"using":"xpath","value":"//button[@data-kt=\"addNewRUOverflowToolbarButton\"]"}
RESULT: {"using":"xpath","value":"//button[@data-kt=\"addNewRUOverflowToolbarButton\"]"}
COMMAND: POST /session/fd95c45ccda87168f56760c12bc05b9d/elements - {"using":"xpath","value":"//button[@data-kt=\"addNewRUOverflowToolbarButton\"]"}
RESULT: {"using":"xpath","value":"//button[@data-kt=\"addNewRUOverflowToolbarButton\"]"}
COMMAND: POST /session/fd95c45ccda87168f56760c12bc05b9d/elements - {"using":"xpath","value":"//button[@data-kt=\"addNewRUOverflowToolbarButton\"]"}
RESULT: {"using":"xpath","value":"//button[@data-kt=\"addNewRUOverflowToolbarButton\"]"}
COMMAND: POST /session/fd95c45ccda87168f56760c12bc05b9d/elements - {"using":"xpath","value":"//button[@data-kt=\"addNewRUOverflowToolbarButton\"]"}
RESULT: {"using":"xpath","value":"//button[@data-kt=\"addNewRUOverflowToolbarButton\"]"}
COMMAND: POST /session/fd95c45ccda87168f56760c12bc05b9d/elements - {"using":"xpath","value":"//button[@data-kt=\"addNewRUOverflowToolbarButton\"]"}
RESULT: {"using":"xpath","value":"//button[@data-kt=\"addNewRUOverflowToolbarButton\"]"}
COMMAND: POST /session/fd95c45ccda87168f56760c12bc05b9d/elements - {"using":"xpath","value":"//button[@data-kt=\"addNewRUOverflowToolbarButton\"]"}
RESULT: {"using":"xpath","value":"//button[@data-kt=\"addNewRUOverflowToolbarButton\"]"}
COMMAND: POST /session/fd95c45ccda87168f56760c12bc05b9d/elements - {"using":"xpath","value":"//button[@data-kt=\"addNewRUOverflowToolbarButton\"]"}
RESULT: {"using":"xpath","value":"//button[@data-kt=\"addNewRUOverflowToolbarButton\"]"}
COMMAND: POST /session/fd95c45ccda87168f56760c12bc05b9d/elements - {"using":"xpath","value":"//button[@data-kt=\"addNewRUOverflowToolbarButton\"]"}
RESULT: {"using":"xpath","value":"//button[@data-kt=\"addNewRUOverflowToolbarButton\"]"}
COMMAND: POST /session/fd95c45ccda87168f56760c12bc05b9d/elements - {"using":"xpath","value":"//button[@data-kt=\"addNewRUOverflowToolbarButton\"]"}
RESULT: {"using":"xpath","value":"//button[@data-kt=\"addNewRUOverflowToolbarButton\"]"}
COMMAND: POST /session/fd95c45ccda87168f56760c12bc05b9d/elements - {"using":"xpath","value":"//button[@data-kt=\"addNewRUOverflowToolbarButton\"]"}
RESULT: {"using":"xpath","value":"//button[@data-kt=\"addNewRUOverflowToolbarButton\"]"}
COMMAND: POST /session/fd95c45ccda87168f56760c12bc05b9d/elements - {"using":"xpath","value":"//button[@data-kt=\"addNewRUOverflowToolbarButton\"]"}
RESULT: {"using":"xpath","value":"//button[@data-kt=\"addNewRUOverflowToolbarButton\"]"}
COMMAND: POST /session/fd95c45ccda87168f56760c12bc05b9d/elements - {"using":"xpath","value":"//button[@data-kt=\"addNewRUOverflowToolbarButton\"]"}
RESULT: {"using":"xpath","value":"//button[@data-kt=\"addNewRUOverflowToolbarButton\"]"}
COMMAND: POST /session/fd95c45ccda87168f56760c12bc05b9d/elements - {"using":"xpath","value":"//button[@data-kt=\"addNewRUOverflowToolbarButton\"]"}
RESULT: {"using":"xpath","value":"//button[@data-kt=\"addNewRUOverflowToolbarButton\"]"}
COMMAND: POST /session/fd95c45ccda87168f56760c12bc05b9d/elements - {"using":"xpath","value":"//button[@data-kt=\"addNewRUOverflowToolbarButton\"]"}
RESULT: {"using":"xpath","value":"//button[@data-kt=\"addNewRUOverflowToolbarButton\"]"}
COMMAND: POST /session/fd95c45ccda87168f56760c12bc05b9d/elements - {"using":"xpath","value":"//button[@data-kt=\"addNewRUOverflowToolbarButton\"]"}
RESULT: {"using":"xpath","value":"//button[@data-kt=\"addNewRUOverflowToolbarButton\"]"}
COMMAND: POST /session/fd95c45ccda87168f56760c12bc05b9d/elements - {"using":"xpath","value":"//button[@data-kt=\"addNewRUOverflowToolbarButton\"]"}
RESULT: {"using":"xpath","value":"//button[@data-kt=\"addNewRUOverflowToolbarButton\"]"}
COMMAND: POST /session/fd95c45ccda87168f56760c12bc05b9d/elements - {"using":"xpath","value":"//button[@data-kt=\"addNewRUOverflowToolbarButton\"]"}
RESULT: {"using":"xpath","value":"//button[@data-kt=\"addNewRUOverflowToolbarButton\"]"}
COMMAND: POST /session/fd95c45ccda87168f56760c12bc05b9d/elements - {"using":"xpath","value":"//button[@data-kt=\"addNewRUOverflowToolbarButton\"]"}
RESULT: {"using":"xpath","value":"//button[@data-kt=\"addNewRUOverflowToolbarButton\"]"}
COMMAND: POST /session/fd95c45ccda87168f56760c12bc05b9d/elements - {"using":"xpath","value":"//button[@data-kt=\"addNewRUOverflowToolbarButton\"]"}
RESULT: {"using":"xpath","value":"//button[@data-kt=\"addNewRUOverflowToolbarButton\"]"}
COMMAND: POST /session/fd95c45ccda87168f56760c12bc05b9d/elements - {"using":"xpath","value":"//button[@data-kt=\"addNewRUOverflowToolbarButton\"]"}
RESULT: {"using":"xpath","value":"//button[@data-kt=\"addNewRUOverflowToolbarButton\"]"}
COMMAND: POST /session/fd95c45ccda87168f56760c12bc05b9d/elements - {"using":"xpath","value":"//button[@data-kt=\"addNewRUOverflowToolbarButton\"]"}
RESULT: {"using":"xpath","value":"//button[@data-kt=\"addNewRUOverflowToolbarButton\"]"}
COMMAND: POST /session/fd95c45ccda87168f56760c12bc05b9d/elements - {"using":"xpath","value":"//button[@data-kt=\"addNewRUOverflowToolbarButton\"]"}
RESULT: {"using":"xpath","value":"//button[@data-kt=\"addNewRUOverflowToolbarButton\"]"}
COMMAND: POST /session/fd95c45ccda87168f56760c12bc05b9d/elements - {"using":"xpath","value":"//button[@data-kt=\"addNewRUOverflowToolbarButton\"]"}
RESULT: {"using":"xpath","value":"//button[@data-kt=\"addNewRUOverflowToolbarButton\"]"}
COMMAND: POST /session/fd95c45ccda87168f56760c12bc05b9d/elements - {"using":"xpath","value":"//button[@data-kt=\"addNewRUOverflowToolbarButton\"]"}
RESULT: {"using":"xpath","value":"//button[@data-kt=\"addNewRUOverflowToolbarButton\"]"}
COMMAND: POST /session/fd95c45ccda87168f56760c12bc05b9d/elements - {"using":"xpath","value":"//button[@data-kt=\"addNewRUOverflowToolbarButton\"]"}
RESULT: {"using":"xpath","value":"//button[@data-kt=\"addNewRUOverflowToolbarButton\"]"}
COMMAND: POST /session/fd95c45ccda87168f56760c12bc05b9d/elements - {"using":"xpath","value":"//button[@data-kt=\"addNewRUOverflowToolbarButton\"]"}
RESULT: {"using":"xpath","value":"//button[@data-kt=\"addNewRUOverflowToolbarButton\"]"}
COMMAND: POST /session/fd95c45ccda87168f56760c12bc05b9d/elements - {"using":"xpath","value":"//button[@data-kt=\"addNewRUOverflowToolbarButton\"]"}
RESULT: {"using":"xpath","value":"//button[@data-kt=\"addNewRUOverflowToolbarButton\"]"}
COMMAND: POST /session/fd95c45ccda87168f56760c12bc05b9d/elements - {"using":"xpath","value":"//button[@data-kt=\"addNewRUOverflowToolbarButton\"]"}
RESULT: {"using":"xpath","value":"//button[@data-kt=\"addNewRUOverflowToolbarButton\"]"}
COMMAND: POST /session/fd95c45ccda87168f56760c12bc05b9d/elements - {"using":"xpath","value":"//button[@data-kt=\"addNewRUOverflowToolbarButton\"]"}
RESULT: {"using":"xpath","value":"//button[@data-kt=\"addNewRUOverflowToolbarButton\"]"}
COMMAND: POST /session/fd95c45ccda87168f56760c12bc05b9d/elements - {"using":"xpath","value":"//button[@data-kt=\"addNewRUOverflowToolbarButton\"]"}
RESULT: {"using":"xpath","value":"//button[@data-kt=\"addNewRUOverflowToolbarButton\"]"}
COMMAND: POST /session/fd95c45ccda87168f56760c12bc05b9d/elements - {"using":"xpath","value":"//button[@data-kt=\"addNewRUOverflowToolbarButton\"]"}
RESULT: {"using":"xpath","value":"//button[@data-kt=\"addNewRUOverflowToolbarButton\"]"}
COMMAND: POST /session/fd95c45ccda87168f56760c12bc05b9d/elements - {"using":"xpath","value":"//button[@data-kt=\"addNewRUOverflowToolbarButton\"]"}
RESULT: {"using":"xpath","value":"//button[@data-kt=\"addNewRUOverflowToolbarButton\"]"}
COMMAND: POST /session/fd95c45ccda87168f56760c12bc05b9d/elements - {"using":"xpath","value":"//button[@data-kt=\"addNewRUOverflowToolbarButton\"]"}
RESULT: {"using":"xpath","value":"//button[@data-kt=\"addNewRUOverflowToolbarButton\"]"}
COMMAND: POST /session/fd95c45ccda87168f56760c12bc05b9d/elements - {"using":"xpath","value":"//button[@data-kt=\"addNewRUOverflowToolbarButton\"]"}
RESULT: {"using":"xpath","value":"//button[@data-kt=\"addNewRUOverflowToolbarButton\"]"}
COMMAND: POST /session/fd95c45ccda87168f56760c12bc05b9d/elements - {"using":"xpath","value":"//button[@data-kt=\"addNewRUOverflowToolbarButton\"]"}
RESULT: {"using":"xpath","value":"//button[@data-kt=\"addNewRUOverflowToolbarButton\"]"}
COMMAND: POST /session/fd95c45ccda87168f56760c12bc05b9d/elements - {"using":"xpath","value":"//button[@data-kt=\"addNewRUOverflowToolbarButton\"]"}
RESULT: {"using":"xpath","value":"//button[@data-kt=\"addNewRUOverflowToolbarButton\"]"}
COMMAND: POST /session/fd95c45ccda87168f56760c12bc05b9d/elements - {"using":"xpath","value":"//button[@data-kt=\"addNewRUOverflowToolbarButton\"]"}
RESULT: {"using":"xpath","value":"//button[@data-kt=\"addNewRUOverflowToolbarButton\"]"}
COMMAND: POST /session/fd95c45ccda87168f56760c12bc05b9d/elements - {"using":"xpath","value":"//button[@data-kt=\"addNewRUOverflowToolbarButton\"]"}
RESULT: {"using":"xpath","value":"//button[@data-kt=\"addNewRUOverflowToolbarButton\"]"}
COMMAND: POST /session/fd95c45ccda87168f56760c12bc05b9d/elements - {"using":"xpath","value":"//button[@data-kt=\"addNewRUOverflowToolbarButton\"]"}
RESULT: {"using":"xpath","value":"//button[@data-kt=\"addNewRUOverflowToolbarButton\"]"}
COMMAND: POST /session/fd95c45ccda87168f56760c12bc05b9d/elements - {"using":"xpath","value":"//button[@data-kt=\"addNewRUOverflowToolbarButton\"]"}
RESULT: {"using":"xpath","value":"//button[@data-kt=\"addNewRUOverflowToolbarButton\"]"}
COMMAND: POST /session/fd95c45ccda87168f56760c12bc05b9d/elements - {"using":"xpath","value":"//button[@data-kt=\"addNewRUOverflowToolbarButton\"]"}
RESULT: {"using":"xpath","value":"//button[@data-kt=\"addNewRUOverflowToolbarButton\"]"}
COMMAND: POST /session/fd95c45ccda87168f56760c12bc05b9d/elements - {"using":"xpath","value":"//button[@data-kt=\"addNewRUOverflowToolbarButton\"]"}
RESULT: {"using":"xpath","value":"//button[@data-kt=\"addNewRUOverflowToolbarButton\"]"}
COMMAND: POST /session/fd95c45ccda87168f56760c12bc05b9d/elements - {"using":"xpath","value":"//button[@data-kt=\"addNewRUOverflowToolbarButton\"]"}
RESULT: {"using":"xpath","value":"//button[@data-kt=\"addNewRUOverflowToolbarButton\"]"}
COMMAND: POST /session/fd95c45ccda87168f56760c12bc05b9d/elements - {"using":"xpath","value":"//button[@data-kt=\"addNewRUOverflowToolbarButton\"]"}
RESULT: {"using":"xpath","value":"//button[@data-kt=\"addNewRUOverflowToolbarButton\"]"}
COMMAND: POST /session/fd95c45ccda87168f56760c12bc05b9d/elements - {"using":"xpath","value":"//button[@data-kt=\"addNewRUOverflowToolbarButton\"]"}
RESULT: {"using":"xpath","value":"//button[@data-kt=\"addNewRUOverflowToolbarButton\"]"}
COMMAND: POST /session/fd95c45ccda87168f56760c12bc05b9d/element - {"using":"xpath","value":"//button[@data-kt=\"addNewRUOverflowToolbarButton\"]"}
RESULT: {"using":"xpath","value":"//button[@data-kt=\"addNewRUOverflowToolbarButton\"]"}
COMMAND: POST /session/fd95c45ccda87168f56760c12bc05b9d/execute/sync - {"script":"<script> [8489 bytes]","args":[{"element-6066-11e4-a52e-4f735466cecf":"f.1202D19FA9159A4DFC5EAE9C490348A6.d.F99A1832C11C713039E356BAE2F2DD85.e.9229","ELEMENT":"f.1202D19FA9159A4DFC5EAE9C490348A6.d.F99A1832C11C713039E356BAE2F2DD85.e.9229"}]}
RESULT: {"script":"<script> [8489 bytes]","args":[{"element-6066-11e4-a52e-4f735466cecf":"f.1202D19FA9159A4DFC5EAE9C490348A6.d.F99A1832C11C713039E356BAE2F2DD85.e.9229","ELEMENT":"f.1202D19FA9159A4DFC5EAE9C490348A6.d.F99A1832C11C713039E356BAE2F2DD85.e.9229"}]}
COMMAND: GET /session/fd95c45ccda87168f56760c12bc05b9d/element/f.1202D19FA9159A4DFC5EAE9C490348A6.d.F99A1832C11C713039E356BAE2F2DD85.e.9229/enabled - {}
COMMAND: GET /session/fd95c45ccda87168f56760c12bc05b9d/screenshot - {}
RESULT: {}
COMMAND: POST /session/fd95c45ccda87168f56760c12bc05b9d/execute/sync - {"script":"<script> [8489 bytes]","args":[{"element-6066-11e4-a52e-4f735466cecf":"f.1202D19FA9159A4DFC5EAE9C490348A6.d.F99A1832C11C713039E356BAE2F2DD85.e.9229","ELEMENT":"f.1202D19FA9159A4DFC5EAE9C490348A6.d.F99A1832C11C713039E356BAE2F2DD85.e.9229"}]}
COMMAND: GET /session/fd95c45ccda87168f56760c12bc05b9d/screenshot - {}
RESULT: {}
RESULT: {"script":"<script> [8489 bytes]","args":[{"element-6066-11e4-a52e-4f735466cecf":"f.1202D19FA9159A4DFC5EAE9C490348A6.d.F99A1832C11C713039E356BAE2F2DD85.e.9229","ELEMENT":"f.1202D19FA9159A4DFC5EAE9C490348A6.d.F99A1832C11C713039E356BAE2F2DD85.e.9229"}]}
COMMAND: POST /session/fd95c45ccda87168f56760c12bc05b9d/execute/sync - {"script":"<script> [5351 bytes]","args":[{"element-6066-11e4-a52e-4f735466cecf":"f.1202D19FA9159A4DFC5EAE9C490348A6.d.F99A1832C11C713039E356BAE2F2DD85.e.9229","ELEMENT":"f.1202D19FA9159A4DFC5EAE9C490348A6.d.F99A1832C11C713039E356BAE2F2DD85.e.9229"}]}
COMMAND: GET /session/fd95c45ccda87168f56760c12bc05b9d/screenshot - {}
RESULT: {}
RESULT: {"script":"<script> [5351 bytes]","args":[{"element-6066-11e4-a52e-4f735466cecf":"f.1202D19FA9159A4DFC5EAE9C490348A6.d.F99A1832C11C713039E356BAE2F2DD85.e.9229","ELEMENT":"f.1202D19FA9159A4DFC5EAE9C490348A6.d.F99A1832C11C713039E356BAE2F2DD85.e.9229"}]}
COMMAND: POST /session/fd95c45ccda87168f56760c12bc05b9d/element/f.1202D19FA9159A4DFC5EAE9C490348A6.d.F99A1832C11C713039E356BAE2F2DD85.e.9229/click - {}
COMMAND: GET /session/fd95c45ccda87168f56760c12bc05b9d/screenshot - {}
RESULT: {}
RESULT: {}
COMMAND: GET /session/fd95c45ccda87168f56760c12bc05b9d/screenshot - {}
RESULT: {}
COMMAND: POST /session/fd95c45ccda87168f56760c12bc05b9d/execute/async - {"script":"<script> [1562 bytes]","args":[{"selector":{"id":"application-manageresources-display-component---newResourceUnit--TYPE-arrow"},"wdio_ui5_key":"applicationmanageresources-display-component---newResourceUnit--TYPE-arrow"}]}
RESULT: {}
RESULT: {"script":"<script> [1562 bytes]","args":[{"selector":{"id":"application-manageresources-display-component---newResourceUnit--TYPE-arrow"},"wdio_ui5_key":"applicationmanageresources-display-component---newResourceUnit--TYPE-arrow"}]}
RESULT: undefined
COMMAND: POST /session/fd95c45ccda87168f56760c12bc05b9d/element - {"using":"xpath","value":"//*[@id=\"application-manageresources-display-component---newResourceUnit--TYPE-arrow\"]"}
RESULT: {"using":"xpath","value":"//*[@id=\"application-manageresources-display-component---newResourceUnit--TYPE-arrow\"]"}
COMMAND: POST /session/fd95c45ccda87168f56760c12bc05b9d/element/f.1202D19FA9159A4DFC5EAE9C490348A6.d.F99A1832C11C713039E356BAE2F2DD85.e.9582/click - {}
RESULT: {}
COMMAND: POST /session/fd95c45ccda87168f56760c12bc05b9d/element - {"using":"xpath","value":"//input[@id=\"application-manageresources-display-component---newResourceUnit--TYPE-inner\"]"}
COMMAND: GET /session/fd95c45ccda87168f56760c12bc05b9d/screenshot - {}
RESULT: {"using":"xpath","value":"//input[@id=\"application-manageresources-display-component---newResourceUnit--TYPE-inner\"]"}
COMMAND: POST /session/fd95c45ccda87168f56760c12bc05b9d/element/f.1202D19FA9159A4DFC5EAE9C490348A6.d.F99A1832C11C713039E356BAE2F2DD85.e.9577/clear - {}
RESULT: {}
RESULT: {}
COMMAND: POST /session/fd95c45ccda87168f56760c12bc05b9d/element/f.1202D19FA9159A4DFC5EAE9C490348A6.d.F99A1832C11C713039E356BAE2F2DD85.e.9577/value - {"text":"Equipment"}
COMMAND: GET /session/fd95c45ccda87168f56760c12bc05b9d/screenshot - {}
RESULT: {"text":"Equipment"}
COMMAND: GET /session/fd95c45ccda87168f56760c12bc05b9d/screenshot - {}
RESULT: {}
RESULT: {}
COMMAND: POST /session/fd95c45ccda87168f56760c12bc05b9d/actions - {"actions":[{"id":"action30","type":"key","parameters":{},"actions":[{"type":"keyDown","value":"î€‡"},{"type":"pause","duration":10},{"type":"keyUp","value":"î€‡"}]}]}
RESULT: {"actions":[{"id":"action30","type":"key","parameters":{},"actions":[{"type":"keyDown","value":"î€‡"},{"type":"pause","duration":10},{"type":"keyUp","value":"î€‡"}]}]}
COMMAND: POST /session/fd95c45ccda87168f56760c12bc05b9d/execute/async - {"script":"<script> [1562 bytes]","args":[{"selector":{"id":"application-manageresources-display-component---newResourceUnit--resourceId","interaction":{"idSuffix":"inner"}},"wdio_ui5_key":"applicationmanageresources-display-component---newResourceUnit--resourceId"}]}
COMMAND: GET /session/fd95c45ccda87168f56760c12bc05b9d/screenshot - {}
RESULT: {"script":"<script> [1562 bytes]","args":[{"selector":{"id":"application-manageresources-display-component---newResourceUnit--resourceId","interaction":{"idSuffix":"inner"}},"wdio_ui5_key":"applicationmanageresources-display-component---newResourceUnit--resourceId"}]}
RESULT: undefined
COMMAND: POST /session/fd95c45ccda87168f56760c12bc05b9d/execute/async - {"script":"<script> [776 bytes]","args":[{"enterText":"9kPpYomHsm","selector":{"id":"application-manageresources-display-component---newResourceUnit--resourceId","interaction":{"idSuffix":"inner"}},"clearTextFirst":true,"interactionType":"ENTER_TEXT"}]}
RESULT: {}
RESULT: {"script":"<script> [776 bytes]","args":[{"enterText":"9kPpYomHsm","selector":{"id":"application-manageresources-display-component---newResourceUnit--resourceId","interaction":{"idSuffix":"inner"}},"clearTextFirst":true,"interactionType":"ENTER_TEXT"}]}
COMMAND: POST /session/fd95c45ccda87168f56760c12bc05b9d/execute/async - {"script":"<script> [1562 bytes]","args":[{"selector":{"id":"application-manageresources-display-component---newResourceUnit--SHORT_TEXT","interaction":{"idSuffix":"inner"}},"wdio_ui5_key":"applicationmanageresources-display-component---newResourceUnit--SHORT_TEXT"}]}
RESULT: {"script":"<script> [1562 bytes]","args":[{"selector":{"id":"application-manageresources-display-component---newResourceUnit--SHORT_TEXT","interaction":{"idSuffix":"inner"}},"wdio_ui5_key":"applicationmanageresources-display-component---newResourceUnit--SHORT_TEXT"}]}
RESULT: undefined
COMMAND: POST /session/fd95c45ccda87168f56760c12bc05b9d/execute/async - {"script":"<script> [776 bytes]","args":[{"enterText":"Intercompany Equipment WDIO","selector":{"id":"application-manageresources-display-component---newResourceUnit--SHORT_TEXT","interaction":{"idSuffix":"inner"}},"clearTextFirst":true,"interactionType":"ENTER_TEXT"}]}
RESULT: {"script":"<script> [776 bytes]","args":[{"enterText":"Intercompany Equipment WDIO","selector":{"id":"application-manageresources-display-component---newResourceUnit--SHORT_TEXT","interaction":{"idSuffix":"inner"}},"clearTextFirst":true,"interactionType":"ENTER_TEXT"}]}
COMMAND: POST /session/fd95c45ccda87168f56760c12bc05b9d/execute/async - {"script":"<script> [1562 bytes]","args":[{"selector":{"id":"application-manageresources-display-component---newResourceUnit--BASE_UNIT_OF_MEASURE","interaction":{"idSuffix":"inner"}},"wdio_ui5_key":"applicationmanageresources-display-component---newResourceUnit--BASE_UNIT_OF_MEASURE"}]}
RESULT: {"script":"<script> [1562 bytes]","args":[{"selector":{"id":"application-manageresources-display-component---newResourceUnit--BASE_UNIT_OF_MEASURE","interaction":{"idSuffix":"inner"}},"wdio_ui5_key":"applicationmanageresources-display-component---newResourceUnit--BASE_UNIT_OF_MEASURE"}]}
RESULT: undefined
COMMAND: POST /session/fd95c45ccda87168f56760c12bc05b9d/execute/async - {"script":"<script> [776 bytes]","args":[{"enterText":"Piece","selector":{"id":"application-manageresources-display-component---newResourceUnit--BASE_UNIT_OF_MEASURE","interaction":{"idSuffix":"inner"}},"clearTextFirst":true,"interactionType":"ENTER_TEXT"}]}
RESULT: {"script":"<script> [776 bytes]","args":[{"enterText":"Piece","selector":{"id":"application-manageresources-display-component---newResourceUnit--BASE_UNIT_OF_MEASURE","interaction":{"idSuffix":"inner"}},"clearTextFirst":true,"interactionType":"ENTER_TEXT"}]}
COMMAND: POST /session/fd95c45ccda87168f56760c12bc05b9d/execute/async - {"script":"<script> [1562 bytes]","args":[{"selector":{"id":"application-manageresources-display-component---newResourceUnit--WEIGHT_UNIT","interaction":{"idSuffix":"inner"}},"wdio_ui5_key":"applicationmanageresources-display-component---newResourceUnit--WEIGHT_UNIT"}]}
RESULT: {"script":"<script> [1562 bytes]","args":[{"selector":{"id":"application-manageresources-display-component---newResourceUnit--WEIGHT_UNIT","interaction":{"idSuffix":"inner"}},"wdio_ui5_key":"applicationmanageresources-display-component---newResourceUnit--WEIGHT_UNIT"}]}
RESULT: undefined
COMMAND: POST /session/fd95c45ccda87168f56760c12bc05b9d/execute/async - {"script":"<script> [776 bytes]","args":[{"enterText":"Gram","selector":{"id":"application-manageresources-display-component---newResourceUnit--WEIGHT_UNIT","interaction":{"idSuffix":"inner"}},"clearTextFirst":true,"interactionType":"ENTER_TEXT"}]}
RESULT: {"script":"<script> [776 bytes]","args":[{"enterText":"Gram","selector":{"id":"application-manageresources-display-component---newResourceUnit--WEIGHT_UNIT","interaction":{"idSuffix":"inner"}},"clearTextFirst":true,"interactionType":"ENTER_TEXT"}]}
COMMAND: POST /session/fd95c45ccda87168f56760c12bc05b9d/execute/async - {"script":"<script> [1562 bytes]","args":[{"selector":{"id":"application-manageresources-display-component---newResourceUnit--DIMENSION_UNIT","interaction":{"idSuffix":"inner"}},"wdio_ui5_key":"applicationmanageresources-display-component---newResourceUnit--DIMENSION_UNIT"}]}
RESULT: {"script":"<script> [1562 bytes]","args":[{"selector":{"id":"application-manageresources-display-component---newResourceUnit--DIMENSION_UNIT","interaction":{"idSuffix":"inner"}},"wdio_ui5_key":"applicationmanageresources-display-component---newResourceUnit--DIMENSION_UNIT"}]}
RESULT: undefined
COMMAND: POST /session/fd95c45ccda87168f56760c12bc05b9d/execute/async - {"script":"<script> [776 bytes]","args":[{"enterText":"Meter","selector":{"id":"application-manageresources-display-component---newResourceUnit--DIMENSION_UNIT","interaction":{"idSuffix":"inner"}},"clearTextFirst":true,"interactionType":"ENTER_TEXT"}]}
RESULT: {"script":"<script> [776 bytes]","args":[{"enterText":"Meter","selector":{"id":"application-manageresources-display-component---newResourceUnit--DIMENSION_UNIT","interaction":{"idSuffix":"inner"}},"clearTextFirst":true,"interactionType":"ENTER_TEXT"}]}
COMMAND: POST /session/fd95c45ccda87168f56760c12bc05b9d/execute/async - {"script":"<script> [1562 bytes]","args":[{"selector":{"id":"application-manageresources-display-component---newResourceUnit--newRRUPage-anchBar-application-manageresources-display-component---newResourceUnit--control-anchor","interaction":{"idSuffix":"BDI-content"}},"wdio_ui5_key":"applicationmanageresources-display-component---newResourceUnit--newRRUPage-anchBar-application-manageresources-display-component---newResourceUnit--control-anchor"}]}
RESULT: {"script":"<script> [1562 bytes]","args":[{"selector":{"id":"application-manageresources-display-component---newResourceUnit--newRRUPage-anchBar-application-manageresources-display-component---newResourceUnit--control-anchor","interaction":{"idSuffix":"BDI-content"}},"wdio_ui5_key":"applicationmanageresources-display-component---newResourceUnit--newRRUPage-anchBar-application-manageresources-display-component---newResourceUnit--control-anchor"}]}
RESULT: undefined
COMMAND: POST /session/fd95c45ccda87168f56760c12bc05b9d/element - {"using":"xpath","value":"//*[@id=\"application-manageresources-display-component---newResourceUnit--newRRUPage-anchBar-application-manageresources-display-component---newResourceUnit--control-anchor\"]"}
RESULT: {"using":"xpath","value":"//*[@id=\"application-manageresources-display-component---newResourceUnit--newRRUPage-anchBar-application-manageresources-display-component---newResourceUnit--control-anchor\"]"}
COMMAND: POST /session/fd95c45ccda87168f56760c12bc05b9d/element/f.1202D19FA9159A4DFC5EAE9C490348A6.d.F99A1832C11C713039E356BAE2F2DD85.e.9716/click - {}
RESULT: {}
COMMAND: POST /session/fd95c45ccda87168f56760c12bc05b9d/execute/async - {"script":"<script> [1562 bytes]","args":[{"selector":{"id":"application-manageresources-display-component---newResourceUnit--PLANNING_GROUP","interaction":{"idSuffix":"inner"}},"wdio_ui5_key":"applicationmanageresources-display-component---newResourceUnit--PLANNING_GROUP"}]}
COMMAND: GET /session/fd95c45ccda87168f56760c12bc05b9d/screenshot - {}
RESULT: {"script":"<script> [1562 bytes]","args":[{"selector":{"id":"application-manageresources-display-component---newResourceUnit--PLANNING_GROUP","interaction":{"idSuffix":"inner"}},"wdio_ui5_key":"applicationmanageresources-display-component---newResourceUnit--PLANNING_GROUP"}]}
RESULT: undefined
COMMAND: POST /session/fd95c45ccda87168f56760c12bc05b9d/execute/async - {"script":"<script> [776 bytes]","args":[{"enterText":"Heavy Equi","selector":{"id":"application-manageresources-display-component---newResourceUnit--PLANNING_GROUP","interaction":{"idSuffix":"inner"}},"clearTextFirst":true,"interactionType":"ENTER_TEXT"}]}
RESULT: {}
RESULT: {"script":"<script> [776 bytes]","args":[{"enterText":"Heavy Equi","selector":{"id":"application-manageresources-display-component---newResourceUnit--PLANNING_GROUP","interaction":{"idSuffix":"inner"}},"clearTextFirst":true,"interactionType":"ENTER_TEXT"}]}
COMMAND: POST /session/fd95c45ccda87168f56760c12bc05b9d/execute/async - {"script":"<script> [1562 bytes]","args":[{"selector":{"id":"application-manageresources-display-component---newResourceUnit--ITEM_TYPE-arrow"},"wdio_ui5_key":"applicationmanageresources-display-component---newResourceUnit--ITEM_TYPE-arrow"}]}
RESULT: {"script":"<script> [1562 bytes]","args":[{"selector":{"id":"application-manageresources-display-component---newResourceUnit--ITEM_TYPE-arrow"},"wdio_ui5_key":"applicationmanageresources-display-component---newResourceUnit--ITEM_TYPE-arrow"}]}
RESULT: undefined
COMMAND: POST /session/fd95c45ccda87168f56760c12bc05b9d/element - {"using":"xpath","value":"//*[@id=\"application-manageresources-display-component---newResourceUnit--ITEM_TYPE-arrow\"]"}
RESULT: {"using":"xpath","value":"//*[@id=\"application-manageresources-display-component---newResourceUnit--ITEM_TYPE-arrow\"]"}
COMMAND: POST /session/fd95c45ccda87168f56760c12bc05b9d/element/f.1202D19FA9159A4DFC5EAE9C490348A6.d.F99A1832C11C713039E356BAE2F2DD85.e.9725/click - {}
RESULT: {}
COMMAND: POST /session/fd95c45ccda87168f56760c12bc05b9d/element - {"using":"xpath","value":"(//span[contains(text(), \"Resource Unit\")])[2]"}
COMMAND: GET /session/fd95c45ccda87168f56760c12bc05b9d/screenshot - {}
RESULT: {"using":"xpath","value":"(//span[contains(text(), \"Resource Unit\")])[2]"}
COMMAND: POST /session/fd95c45ccda87168f56760c12bc05b9d/element/f.1202D19FA9159A4DFC5EAE9C490348A6.d.F99A1832C11C713039E356BAE2F2DD85.e.9726/click - {}
RESULT: {}
RESULT: {}
COMMAND: GET /session/fd95c45ccda87168f56760c12bc05b9d/screenshot - {}
RESULT: {}
COMMAND: POST /session/fd95c45ccda87168f56760c12bc05b9d/element - {"using":"css selector","value":"#application-manageresources-display-component---newResourceUnit--btnAddTimeSegment"}
RESULT: {"using":"css selector","value":"#application-manageresources-display-component---newResourceUnit--btnAddTimeSegment"}
COMMAND: GET /session/fd95c45ccda87168f56760c12bc05b9d/element/f.1202D19FA9159A4DFC5EAE9C490348A6.d.F99A1832C11C713039E356BAE2F2DD85.e.9727/rect - {}
RESULT: {}
COMMAND: GET /session/fd95c45ccda87168f56760c12bc05b9d/window/rect - {}
RESULT: {}
COMMAND: POST /session/fd95c45ccda87168f56760c12bc05b9d/execute/sync - {"script":"<script> [92 bytes]","args":[]}
RESULT: {"script":"<script> [92 bytes]","args":[]}
COMMAND: POST /session/fd95c45ccda87168f56760c12bc05b9d/actions - {"actions":[{"id":"action31","type":"wheel","parameters":{},"actions":[{"type":"scroll","x":-1888,"y":-32,"deltaX":0,"deltaY":0,"duration":0,"origin":{"element-6066-11e4-a52e-4f735466cecf":"f.1202D19FA9159A4DFC5EAE9C490348A6.d.F99A1832C11C713039E356BAE2F2DD85.e.9727"}}]}]}
COMMAND: GET /session/fd95c45ccda87168f56760c12bc05b9d/screenshot - {}
RESULT: {}
COMMAND: POST /session/fd95c45ccda87168f56760c12bc05b9d/execute/sync - {"script":"<script> [79 bytes]","args":[{"element-6066-11e4-a52e-4f735466cecf":"f.1202D19FA9159A4DFC5EAE9C490348A6.d.F99A1832C11C713039E356BAE2F2DD85.e.9727","ELEMENT":"f.1202D19FA9159A4DFC5EAE9C490348A6.d.F99A1832C11C713039E356BAE2F2DD85.e.9727"},{"block":"start","inline":"nearest"}]}
RESULT: {"script":"<script> [79 bytes]","args":[{"element-6066-11e4-a52e-4f735466cecf":"f.1202D19FA9159A4DFC5EAE9C490348A6.d.F99A1832C11C713039E356BAE2F2DD85.e.9727","ELEMENT":"f.1202D19FA9159A4DFC5EAE9C490348A6.d.F99A1832C11C713039E356BAE2F2DD85.e.9727"},{"block":"start","inline":"nearest"}]}
COMMAND: POST /session/fd95c45ccda87168f56760c12bc05b9d/execute/async - {"script":"<script> [1562 bytes]","args":[{"selector":{"id":"application-manageresources-display-component---newResourceUnit--btnAddTimeSegment","interaction":{"idSuffix":"inner"}},"wdio_ui5_key":"applicationmanageresources-display-component---newResourceUnit--btnAddTimeSegment"}]}
COMMAND: GET /session/fd95c45ccda87168f56760c12bc05b9d/screenshot - {}
RESULT: {"script":"<script> [1562 bytes]","args":[{"selector":{"id":"application-manageresources-display-component---newResourceUnit--btnAddTimeSegment","interaction":{"idSuffix":"inner"}},"wdio_ui5_key":"applicationmanageresources-display-component---newResourceUnit--btnAddTimeSegment"}]}
RESULT: undefined
COMMAND: POST /session/fd95c45ccda87168f56760c12bc05b9d/element - {"using":"xpath","value":"//*[@id=\"application-manageresources-display-component---newResourceUnit--btnAddTimeSegment\"]"}
RESULT: {}
RESULT: {"using":"xpath","value":"//*[@id=\"application-manageresources-display-component---newResourceUnit--btnAddTimeSegment\"]"}
COMMAND: POST /session/fd95c45ccda87168f56760c12bc05b9d/element/f.1202D19FA9159A4DFC5EAE9C490348A6.d.F99A1832C11C713039E356BAE2F2DD85.e.9727/click - {}
RESULT: {}
COMMAND: GET /session/fd95c45ccda87168f56760c12bc05b9d/screenshot - {}
RESULT: {}
COMMAND: POST /session/fd95c45ccda87168f56760c12bc05b9d/element - {"using":"xpath","value":"//input[@id=\"application-manageresources-display-component---newResourceUnit--idRuTSAdmin-application-manageresources-display-component---newResourceUnit--RUTimeSegment-0-inner\"]"}
RESULT: {"using":"xpath","value":"//input[@id=\"application-manageresources-display-component---newResourceUnit--idRuTSAdmin-application-manageresources-display-component---newResourceUnit--RUTimeSegment-0-inner\"]"}
COMMAND: POST /session/fd95c45ccda87168f56760c12bc05b9d/element/f.1202D19FA9159A4DFC5EAE9C490348A6.d.F99A1832C11C713039E356BAE2F2DD85.e.9733/clear - {}
RESULT: {}
COMMAND: POST /session/fd95c45ccda87168f56760c12bc05b9d/element/f.1202D19FA9159A4DFC5EAE9C490348A6.d.F99A1832C11C713039E356BAE2F2DD85.e.9733/value - {"text":"804"}
COMMAND: GET /session/fd95c45ccda87168f56760c12bc05b9d/screenshot - {}
RESULT: {"text":"804"}
COMMAND: GET /session/fd95c45ccda87168f56760c12bc05b9d/screenshot - {}
RESULT: {}
RESULT: {}
COMMAND: POST /session/fd95c45ccda87168f56760c12bc05b9d/element - {"using":"xpath","value":"//li[.//span[text()='804']]"}
RESULT: {"using":"xpath","value":"//li[.//span[text()='804']]"}
COMMAND: POST /session/fd95c45ccda87168f56760c12bc05b9d/element/f.1202D19FA9159A4DFC5EAE9C490348A6.d.F99A1832C11C713039E356BAE2F2DD85.e.9745/click - {}
RESULT: {}
COMMAND: GET /session/fd95c45ccda87168f56760c12bc05b9d/screenshot - {}
RESULT: {}
COMMAND: POST /session/fd95c45ccda87168f56760c12bc05b9d/element - {"using":"xpath","value":"(//span[contains(@id, \"-application-manageresources-display-component---newResourceUnit--RUTimeSegment-0-arrow\")])[6]"}
RESULT: {"using":"xpath","value":"(//span[contains(@id, \"-application-manageresources-display-component---newResourceUnit--RUTimeSegment-0-arrow\")])[6]"}
COMMAND: POST /session/fd95c45ccda87168f56760c12bc05b9d/element/f.1202D19FA9159A4DFC5EAE9C490348A6.d.F99A1832C11C713039E356BAE2F2DD85.e.9746/click - {}
RESULT: {}
COMMAND: POST /session/fd95c45ccda87168f56760c12bc05b9d/element - {"using":"xpath","value":"//span[contains(text(), \"PM Order\")]"}
COMMAND: GET /session/fd95c45ccda87168f56760c12bc05b9d/screenshot - {}
RESULT: {}
RESULT: {"using":"xpath","value":"//span[contains(text(), \"PM Order\")]"}
COMMAND: POST /session/fd95c45ccda87168f56760c12bc05b9d/element/f.1202D19FA9159A4DFC5EAE9C490348A6.d.F99A1832C11C713039E356BAE2F2DD85.e.9749/click - {}
RESULT: {}
COMMAND: GET /session/fd95c45ccda87168f56760c12bc05b9d/screenshot - {}
RESULT: {}
COMMAND: POST /session/fd95c45ccda87168f56760c12bc05b9d/element - {"using":"xpath","value":"(//span[contains(@id ,\"manageresources-display-component---newResourceUnit--RUTimeSegment-0-vhi\")])[2]"}
RESULT: {"using":"xpath","value":"(//span[contains(@id ,\"manageresources-display-component---newResourceUnit--RUTimeSegment-0-vhi\")])[2]"}
COMMAND: POST /session/fd95c45ccda87168f56760c12bc05b9d/element/f.1202D19FA9159A4DFC5EAE9C490348A6.d.F99A1832C11C713039E356BAE2F2DD85.e.9752/click - {}
RESULT: {}
COMMAND: GET /session/fd95c45ccda87168f56760c12bc05b9d/screenshot - {}
RESULT: {}
COMMAND: POST /session/fd95c45ccda87168f56760c12bc05b9d/execute/async - {"script":"<script> [1562 bytes]","args":[{"selector":{"controlType":"sap.m.SearchField","properties":{"placeholder":"Search"},"searchOpenDialogs":true,"interaction":{"idSuffix":"I"}},"wdio_ui5_key":"sapm.SearchField{\"placeholder\":\"Search\"}"}]}
RESULT: {"script":"<script> [1562 bytes]","args":[{"selector":{"controlType":"sap.m.SearchField","properties":{"placeholder":"Search"},"searchOpenDialogs":true,"interaction":{"idSuffix":"I"}},"wdio_ui5_key":"sapm.SearchField{\"placeholder\":\"Search\"}"}]}
RESULT: undefined
COMMAND: POST /session/fd95c45ccda87168f56760c12bc05b9d/execute/async - {"script":"<script> [776 bytes]","args":[{"enterText":"4000360","selector":{"controlType":"sap.m.SearchField","properties":{"placeholder":"Search"},"searchOpenDialogs":true,"interaction":{"idSuffix":"I"}},"clearTextFirst":true,"interactionType":"ENTER_TEXT"}]}
RESULT: {"script":"<script> [776 bytes]","args":[{"enterText":"4000360","selector":{"controlType":"sap.m.SearchField","properties":{"placeholder":"Search"},"searchOpenDialogs":true,"interaction":{"idSuffix":"I"}},"clearTextFirst":true,"interactionType":"ENTER_TEXT"}]}
COMMAND: POST /session/fd95c45ccda87168f56760c12bc05b9d/actions - {"actions":[{"id":"action32","type":"key","parameters":{},"actions":[{"type":"keyDown","value":"î€‡"},{"type":"pause","duration":10},{"type":"keyUp","value":"î€‡"}]}]}
RESULT: {"actions":[{"id":"action32","type":"key","parameters":{},"actions":[{"type":"keyDown","value":"î€‡"},{"type":"pause","duration":10},{"type":"keyUp","value":"î€‡"}]}]}
COMMAND: GET /session/fd95c45ccda87168f56760c12bc05b9d/screenshot - {}
RESULT: {}
COMMAND: POST /session/fd95c45ccda87168f56760c12bc05b9d/element - {"using":"xpath","value":"//td/div/span[contains(text(), \"BGL Vehicles\")]"}
RESULT: {"using":"xpath","value":"//td/div/span[contains(text(), \"BGL Vehicles\")]"}
COMMAND: POST /session/fd95c45ccda87168f56760c12bc05b9d/element/f.1202D19FA9159A4DFC5EAE9C490348A6.d.F99A1832C11C713039E356BAE2F2DD85.e.9771/click - {}
RESULT: {}
COMMAND: GET /session/fd95c45ccda87168f56760c12bc05b9d/screenshot - {}
RESULT: {}
COMMAND: POST /session/fd95c45ccda87168f56760c12bc05b9d/element - {"using":"xpath","value":"//bdi[contains(text(), \"OK\")]"}
RESULT: {"using":"xpath","value":"//bdi[contains(text(), \"OK\")]"}
COMMAND: POST /session/fd95c45ccda87168f56760c12bc05b9d/element/f.1202D19FA9159A4DFC5EAE9C490348A6.d.F99A1832C11C713039E356BAE2F2DD85.e.9772/click - {}
RESULT: {}
COMMAND: GET /session/fd95c45ccda87168f56760c12bc05b9d/screenshot - {}
RESULT: {}
COMMAND: POST /session/fd95c45ccda87168f56760c12bc05b9d/execute/async - {"script":"<script> [1562 bytes]","args":[{"selector":{"id":"application-manageresources-display-component---newResourceUnit--newRRUPage-anchBar-application-manageresources-display-component---newResourceUnit--resource-anchor","interaction":{"idSuffix":"BDI-content"}},"wdio_ui5_key":"applicationmanageresources-display-component---newResourceUnit--newRRUPage-anchBar-application-manageresources-display-component---newResourceUnit--resource-anchor"}]}
RESULT: {"script":"<script> [1562 bytes]","args":[{"selector":{"id":"application-manageresources-display-component---newResourceUnit--newRRUPage-anchBar-application-manageresources-display-component---newResourceUnit--resource-anchor","interaction":{"idSuffix":"BDI-content"}},"wdio_ui5_key":"applicationmanageresources-display-component---newResourceUnit--newRRUPage-anchBar-application-manageresources-display-component---newResourceUnit--resource-anchor"}]}
RESULT: undefined
COMMAND: POST /session/fd95c45ccda87168f56760c12bc05b9d/element - {"using":"xpath","value":"//*[@id=\"application-manageresources-display-component---newResourceUnit--newRRUPage-anchBar-application-manageresources-display-component---newResourceUnit--resource-anchor\"]"}
RESULT: {"using":"xpath","value":"//*[@id=\"application-manageresources-display-component---newResourceUnit--newRRUPage-anchBar-application-manageresources-display-component---newResourceUnit--resource-anchor\"]"}
COMMAND: POST /session/fd95c45ccda87168f56760c12bc05b9d/element/f.1202D19FA9159A4DFC5EAE9C490348A6.d.F99A1832C11C713039E356BAE2F2DD85.e.9776/click - {}
RESULT: {}
COMMAND: POST /session/fd95c45ccda87168f56760c12bc05b9d/execute/async - {"script":"<script> [1562 bytes]","args":[{"selector":{"id":"application-manageresources-display-component---newResourceUnit--PLANNED_DELIVERY_DATE","interaction":{"idSuffix":"inner"}},"wdio_ui5_key":"applicationmanageresources-display-component---newResourceUnit--PLANNED_DELIVERY_DATE"}]}
COMMAND: GET /session/fd95c45ccda87168f56760c12bc05b9d/screenshot - {}
RESULT: {"script":"<script> [1562 bytes]","args":[{"selector":{"id":"application-manageresources-display-component---newResourceUnit--PLANNED_DELIVERY_DATE","interaction":{"idSuffix":"inner"}},"wdio_ui5_key":"applicationmanageresources-display-component---newResourceUnit--PLANNED_DELIVERY_DATE"}]}
RESULT: undefined
COMMAND: POST /session/fd95c45ccda87168f56760c12bc05b9d/execute/async - {"script":"<script> [6424 bytes]","args":[{"element-6066-11e4-a52e-4f735466cecf":"f.1202D19FA9159A4DFC5EAE9C490348A6.d.F99A1832C11C713039E356BAE2F2DD85.e.9639"},"setValue",["4/24/25"]]}
RESULT: {}
RESULT: {"script":"<script> [6424 bytes]","args":[{"element-6066-11e4-a52e-4f735466cecf":"f.1202D19FA9159A4DFC5EAE9C490348A6.d.F99A1832C11C713039E356BAE2F2DD85.e.9639"},"setValue",["4/24/25"]]}
COMMAND: POST /session/fd95c45ccda87168f56760c12bc05b9d/element - {"using":"xpath","value":"//button[@data-kt=\"resourceUnitSaveButton\"]"}
RESULT: {"using":"xpath","value":"//button[@data-kt=\"resourceUnitSaveButton\"]"}
COMMAND: POST /session/fd95c45ccda87168f56760c12bc05b9d/element/f.1202D19FA9159A4DFC5EAE9C490348A6.d.F99A1832C11C713039E356BAE2F2DD85.e.9600/click - {}
RESULT: {}
COMMAND: GET /session/fd95c45ccda87168f56760c12bc05b9d/screenshot - {}
RESULT: {}
COMMAND: POST /session/fd95c45ccda87168f56760c12bc05b9d/element - {"using":"xpath","value":"//bdi[contains(text(), \"Close\")]"}
RESULT: {"using":"xpath","value":"//bdi[contains(text(), \"Close\")]"}
COMMAND: POST /session/fd95c45ccda87168f56760c12bc05b9d/element/f.1202D19FA9159A4DFC5EAE9C490348A6.d.F99A1832C11C713039E356BAE2F2DD85.e.9785/click - {}
RESULT: {}
COMMAND: GET /session/fd95c45ccda87168f56760c12bc05b9d/screenshot - {}
RESULT: {}
COMMAND: POST /session/fd95c45ccda87168f56760c12bc05b9d/element - {"using":"xpath","value":"(//button[contains(@id ,\"actionsToolbar-overflowButton\")])[1]"}
RESULT: {"using":"xpath","value":"(//button[contains(@id ,\"actionsToolbar-overflowButton\")])[1]"}
COMMAND: POST /session/fd95c45ccda87168f56760c12bc05b9d/element/f.1202D19FA9159A4DFC5EAE9C490348A6.d.F99A1832C11C713039E356BAE2F2DD85.e.9817/click - {}
RESULT: {}
COMMAND: GET /session/fd95c45ccda87168f56760c12bc05b9d/screenshot - {}
RESULT: {}
COMMAND: POST /session/fd95c45ccda87168f56760c12bc05b9d/element - {"using":"xpath","value":"//button[@data-kt=\"priceInfoButton\"]"}
RESULT: {"using":"xpath","value":"//button[@data-kt=\"priceInfoButton\"]"}
COMMAND: POST /session/fd95c45ccda87168f56760c12bc05b9d/element/f.1202D19FA9159A4DFC5EAE9C490348A6.d.F99A1832C11C713039E356BAE2F2DD85.e.9819/click - {}
RESULT: {}
COMMAND: GET /session/fd95c45ccda87168f56760c12bc05b9d/screenshot - {}
RESULT: {}
]]></system-out>
    </testcase>
    <testcase classname="chrome.135_0_7049_96.windows.Billing_transfer_US117289" name="Should create new pricing rule" time="55.36">
      <system-out><![CDATA[
COMMAND: POST /session/fd95c45ccda87168f56760c12bc05b9d/element - {"using":"xpath","value":"//button[@data-kt=\"addButton\"]"}
RESULT: {"using":"xpath","value":"//button[@data-kt=\"addButton\"]"}
COMMAND: POST /session/fd95c45ccda87168f56760c12bc05b9d/elements - {"using":"xpath","value":"//button[@data-kt=\"addButton\"]"}
RESULT: {"using":"xpath","value":"//button[@data-kt=\"addButton\"]"}
COMMAND: POST /session/fd95c45ccda87168f56760c12bc05b9d/elements - {"using":"xpath","value":"//button[@data-kt=\"addButton\"]"}
RESULT: {"using":"xpath","value":"//button[@data-kt=\"addButton\"]"}
COMMAND: POST /session/fd95c45ccda87168f56760c12bc05b9d/elements - {"using":"xpath","value":"//button[@data-kt=\"addButton\"]"}
RESULT: {"using":"xpath","value":"//button[@data-kt=\"addButton\"]"}
COMMAND: POST /session/fd95c45ccda87168f56760c12bc05b9d/element - {"using":"xpath","value":"//button[@data-kt=\"addButton\"]"}
RESULT: {"using":"xpath","value":"//button[@data-kt=\"addButton\"]"}
COMMAND: POST /session/fd95c45ccda87168f56760c12bc05b9d/execute/sync - {"script":"<script> [8489 bytes]","args":[{"element-6066-11e4-a52e-4f735466cecf":"f.1202D19FA9159A4DFC5EAE9C490348A6.d.F99A1832C11C713039E356BAE2F2DD85.e.9856","ELEMENT":"f.1202D19FA9159A4DFC5EAE9C490348A6.d.F99A1832C11C713039E356BAE2F2DD85.e.9856"}]}
RESULT: {"script":"<script> [8489 bytes]","args":[{"element-6066-11e4-a52e-4f735466cecf":"f.1202D19FA9159A4DFC5EAE9C490348A6.d.F99A1832C11C713039E356BAE2F2DD85.e.9856","ELEMENT":"f.1202D19FA9159A4DFC5EAE9C490348A6.d.F99A1832C11C713039E356BAE2F2DD85.e.9856"}]}
COMMAND: GET /session/fd95c45ccda87168f56760c12bc05b9d/element/f.1202D19FA9159A4DFC5EAE9C490348A6.d.F99A1832C11C713039E356BAE2F2DD85.e.9856/enabled - {}
COMMAND: GET /session/fd95c45ccda87168f56760c12bc05b9d/screenshot - {}
RESULT: {}
COMMAND: POST /session/fd95c45ccda87168f56760c12bc05b9d/execute/sync - {"script":"<script> [8489 bytes]","args":[{"element-6066-11e4-a52e-4f735466cecf":"f.1202D19FA9159A4DFC5EAE9C490348A6.d.F99A1832C11C713039E356BAE2F2DD85.e.9856","ELEMENT":"f.1202D19FA9159A4DFC5EAE9C490348A6.d.F99A1832C11C713039E356BAE2F2DD85.e.9856"}]}
COMMAND: GET /session/fd95c45ccda87168f56760c12bc05b9d/screenshot - {}
RESULT: {}
RESULT: {"script":"<script> [8489 bytes]","args":[{"element-6066-11e4-a52e-4f735466cecf":"f.1202D19FA9159A4DFC5EAE9C490348A6.d.F99A1832C11C713039E356BAE2F2DD85.e.9856","ELEMENT":"f.1202D19FA9159A4DFC5EAE9C490348A6.d.F99A1832C11C713039E356BAE2F2DD85.e.9856"}]}
COMMAND: POST /session/fd95c45ccda87168f56760c12bc05b9d/execute/sync - {"script":"<script> [5351 bytes]","args":[{"element-6066-11e4-a52e-4f735466cecf":"f.1202D19FA9159A4DFC5EAE9C490348A6.d.F99A1832C11C713039E356BAE2F2DD85.e.9856","ELEMENT":"f.1202D19FA9159A4DFC5EAE9C490348A6.d.F99A1832C11C713039E356BAE2F2DD85.e.9856"}]}
COMMAND: GET /session/fd95c45ccda87168f56760c12bc05b9d/screenshot - {}
RESULT: {}
RESULT: {"script":"<script> [5351 bytes]","args":[{"element-6066-11e4-a52e-4f735466cecf":"f.1202D19FA9159A4DFC5EAE9C490348A6.d.F99A1832C11C713039E356BAE2F2DD85.e.9856","ELEMENT":"f.1202D19FA9159A4DFC5EAE9C490348A6.d.F99A1832C11C713039E356BAE2F2DD85.e.9856"}]}
COMMAND: POST /session/fd95c45ccda87168f56760c12bc05b9d/element/f.1202D19FA9159A4DFC5EAE9C490348A6.d.F99A1832C11C713039E356BAE2F2DD85.e.9856/click - {}
COMMAND: GET /session/fd95c45ccda87168f56760c12bc05b9d/screenshot - {}
RESULT: {}
RESULT: {}
COMMAND: GET /session/fd95c45ccda87168f56760c12bc05b9d/screenshot - {}
RESULT: {}
RESULT: {}
COMMAND: POST /session/fd95c45ccda87168f56760c12bc05b9d/execute/async - {"script":"<script> [1562 bytes]","args":[{"selector":{"controlType":"sap.m.Title","viewName":"etm.portal.ui.managepricingrules.view.NewItem","viewId":"application-managepricingrules-display-component---newInfoPriceItem","properties":{"text":"New Pricing Rules - Item Level"}},"wdio_ui5_key":"etmportal.ui.managepricingrules.view.NewItemsap.m.Title{\"text\":\"New Pricing Rules - Item Level\"}"}]}
RESULT: {"script":"<script> [1562 bytes]","args":[{"selector":{"controlType":"sap.m.Title","viewName":"etm.portal.ui.managepricingrules.view.NewItem","viewId":"application-managepricingrules-display-component---newInfoPriceItem","properties":{"text":"New Pricing Rules - Item Level"}},"wdio_ui5_key":"etmportal.ui.managepricingrules.view.NewItemsap.m.Title{\"text\":\"New Pricing Rules - Item Level\"}"}]}
RESULT: undefined
COMMAND: POST /session/fd95c45ccda87168f56760c12bc05b9d/execute/async - {"script":"<script> [6424 bytes]","args":[{"element-6066-11e4-a52e-4f735466cecf":"f.1202D19FA9159A4DFC5EAE9C490348A6.d.F99A1832C11C713039E356BAE2F2DD85.e.9984"},"getText",[]]}
RESULT: {"script":"<script> [6424 bytes]","args":[{"element-6066-11e4-a52e-4f735466cecf":"f.1202D19FA9159A4DFC5EAE9C490348A6.d.F99A1832C11C713039E356BAE2F2DD85.e.9984"},"getText",[]]}
COMMAND: POST /session/fd95c45ccda87168f56760c12bc05b9d/execute/async - {"script":"<script> [1562 bytes]","args":[{"selector":{"id":"application-managepricingrules-display-component---newInfoPriceItem--condValidTo","interaction":{"idSuffix":"inner"}},"wdio_ui5_key":"applicationmanagepricingrules-display-component---newInfoPriceItem--condValidTo"}]}
RESULT: {"script":"<script> [1562 bytes]","args":[{"selector":{"id":"application-managepricingrules-display-component---newInfoPriceItem--condValidTo","interaction":{"idSuffix":"inner"}},"wdio_ui5_key":"applicationmanagepricingrules-display-component---newInfoPriceItem--condValidTo"}]}
RESULT: undefined
COMMAND: POST /session/fd95c45ccda87168f56760c12bc05b9d/execute/async - {"script":"<script> [776 bytes]","args":[{"enterText":"12/24/25","selector":{"id":"application-managepricingrules-display-component---newInfoPriceItem--condValidTo","interaction":{"idSuffix":"inner"}},"clearTextFirst":true,"interactionType":"ENTER_TEXT"}]}
RESULT: {"script":"<script> [776 bytes]","args":[{"enterText":"12/24/25","selector":{"id":"application-managepricingrules-display-component---newInfoPriceItem--condValidTo","interaction":{"idSuffix":"inner"}},"clearTextFirst":true,"interactionType":"ENTER_TEXT"}]}
COMMAND: POST /session/fd95c45ccda87168f56760c12bc05b9d/execute/async - {"script":"<script> [1562 bytes]","args":[{"selector":{"id":"application-managepricingrules-display-component---newInfoPriceItem--billType-arrow"},"wdio_ui5_key":"applicationmanagepricingrules-display-component---newInfoPriceItem--billType-arrow"}]}
RESULT: {"script":"<script> [1562 bytes]","args":[{"selector":{"id":"application-managepricingrules-display-component---newInfoPriceItem--billType-arrow"},"wdio_ui5_key":"applicationmanagepricingrules-display-component---newInfoPriceItem--billType-arrow"}]}
RESULT: undefined
COMMAND: POST /session/fd95c45ccda87168f56760c12bc05b9d/element - {"using":"xpath","value":"//*[@id=\"application-managepricingrules-display-component---newInfoPriceItem--billType-arrow\"]"}
RESULT: {"using":"xpath","value":"//*[@id=\"application-managepricingrules-display-component---newInfoPriceItem--billType-arrow\"]"}
COMMAND: POST /session/fd95c45ccda87168f56760c12bc05b9d/element/f.1202D19FA9159A4DFC5EAE9C490348A6.d.F99A1832C11C713039E356BAE2F2DD85.e.9986/click - {}
RESULT: {}
COMMAND: POST /session/fd95c45ccda87168f56760c12bc05b9d/element - {"using":"xpath","value":"//span[contains(text(), \"TB - Time based\")]"}
COMMAND: GET /session/fd95c45ccda87168f56760c12bc05b9d/screenshot - {}
RESULT: {"using":"xpath","value":"//span[contains(text(), \"TB - Time based\")]"}
COMMAND: POST /session/fd95c45ccda87168f56760c12bc05b9d/element/f.1202D19FA9159A4DFC5EAE9C490348A6.d.F99A1832C11C713039E356BAE2F2DD85.e.9987/click - {}
RESULT: {}
RESULT: {}
COMMAND: POST /session/fd95c45ccda87168f56760c12bc05b9d/execute/async - {"script":"<script> [1562 bytes]","args":[{"selector":{"id":"application-managepricingrules-display-component---newInfoPriceItem--priceProc-arrow"},"wdio_ui5_key":"applicationmanagepricingrules-display-component---newInfoPriceItem--priceProc-arrow"}]}
COMMAND: GET /session/fd95c45ccda87168f56760c12bc05b9d/screenshot - {}
RESULT: {"script":"<script> [1562 bytes]","args":[{"selector":{"id":"application-managepricingrules-display-component---newInfoPriceItem--priceProc-arrow"},"wdio_ui5_key":"applicationmanagepricingrules-display-component---newInfoPriceItem--priceProc-arrow"}]}
RESULT: undefined
COMMAND: POST /session/fd95c45ccda87168f56760c12bc05b9d/element - {"using":"xpath","value":"//*[@id=\"application-managepricingrules-display-component---newInfoPriceItem--priceProc-arrow\"]"}
RESULT: {}
RESULT: {"using":"xpath","value":"//*[@id=\"application-managepricingrules-display-component---newInfoPriceItem--priceProc-arrow\"]"}
COMMAND: POST /session/fd95c45ccda87168f56760c12bc05b9d/element/f.1202D19FA9159A4DFC5EAE9C490348A6.d.F99A1832C11C713039E356BAE2F2DD85.e.9988/click - {}
RESULT: {}
COMMAND: POST /session/fd95c45ccda87168f56760c12bc05b9d/element - {"using":"xpath","value":"//span[contains(text(), \"TBS - Time based standard\")]"}
COMMAND: GET /session/fd95c45ccda87168f56760c12bc05b9d/screenshot - {}
RESULT: {"using":"xpath","value":"//span[contains(text(), \"TBS - Time based standard\")]"}
COMMAND: POST /session/fd95c45ccda87168f56760c12bc05b9d/element/f.1202D19FA9159A4DFC5EAE9C490348A6.d.F99A1832C11C713039E356BAE2F2DD85.e.9989/click - {}
RESULT: {}
RESULT: {}
COMMAND: POST /session/fd95c45ccda87168f56760c12bc05b9d/execute/async - {"script":"<script> [1562 bytes]","args":[{"selector":{"id":"application-managepricingrules-display-component---newInfoPriceItem--calcBase-arrow"},"wdio_ui5_key":"applicationmanagepricingrules-display-component---newInfoPriceItem--calcBase-arrow"}]}
COMMAND: GET /session/fd95c45ccda87168f56760c12bc05b9d/screenshot - {}
RESULT: {"script":"<script> [1562 bytes]","args":[{"selector":{"id":"application-managepricingrules-display-component---newInfoPriceItem--calcBase-arrow"},"wdio_ui5_key":"applicationmanagepricingrules-display-component---newInfoPriceItem--calcBase-arrow"}]}
RESULT: undefined
COMMAND: POST /session/fd95c45ccda87168f56760c12bc05b9d/element - {"using":"xpath","value":"//*[@id=\"application-managepricingrules-display-component---newInfoPriceItem--calcBase-arrow\"]"}
RESULT: {}
RESULT: {"using":"xpath","value":"//*[@id=\"application-managepricingrules-display-component---newInfoPriceItem--calcBase-arrow\"]"}
COMMAND: POST /session/fd95c45ccda87168f56760c12bc05b9d/element/f.1202D19FA9159A4DFC5EAE9C490348A6.d.F99A1832C11C713039E356BAE2F2DD85.e.9960/click - {}
RESULT: {}
COMMAND: GET /session/fd95c45ccda87168f56760c12bc05b9d/screenshot - {}
RESULT: {}
COMMAND: POST /session/fd95c45ccda87168f56760c12bc05b9d/element - {"using":"xpath","value":"//span[contains(text(), \"0006 - TB(calendar days)\")]"}
RESULT: {"using":"xpath","value":"//span[contains(text(), \"0006 - TB(calendar days)\")]"}
COMMAND: POST /session/fd95c45ccda87168f56760c12bc05b9d/element/f.1202D19FA9159A4DFC5EAE9C490348A6.d.F99A1832C11C713039E356BAE2F2DD85.e.9990/click - {}
RESULT: {}
COMMAND: GET /session/fd95c45ccda87168f56760c12bc05b9d/screenshot - {}
RESULT: {}
COMMAND: POST /session/fd95c45ccda87168f56760c12bc05b9d/execute/async - {"script":"<script> [1562 bytes]","args":[{"selector":{"id":"application-managepricingrules-display-component---newInfoPriceItem--daysMonth","interaction":{"idSuffix":"inner"}},"wdio_ui5_key":"applicationmanagepricingrules-display-component---newInfoPriceItem--daysMonth"}]}
RESULT: {"script":"<script> [1562 bytes]","args":[{"selector":{"id":"application-managepricingrules-display-component---newInfoPriceItem--daysMonth","interaction":{"idSuffix":"inner"}},"wdio_ui5_key":"applicationmanagepricingrules-display-component---newInfoPriceItem--daysMonth"}]}
RESULT: undefined
COMMAND: POST /session/fd95c45ccda87168f56760c12bc05b9d/execute/async - {"script":"<script> [776 bytes]","args":[{"enterText":"30","selector":{"id":"application-managepricingrules-display-component---newInfoPriceItem--daysMonth","interaction":{"idSuffix":"inner"}},"clearTextFirst":true,"interactionType":"ENTER_TEXT"}]}
RESULT: {"script":"<script> [776 bytes]","args":[{"enterText":"30","selector":{"id":"application-managepricingrules-display-component---newInfoPriceItem--daysMonth","interaction":{"idSuffix":"inner"}},"clearTextFirst":true,"interactionType":"ENTER_TEXT"}]}
COMMAND: POST /session/fd95c45ccda87168f56760c12bc05b9d/element - {"using":"xpath","value":"//button[@data-kt=\"saveNewRuleButton\"]"}
RESULT: {"using":"xpath","value":"//button[@data-kt=\"saveNewRuleButton\"]"}
COMMAND: POST /session/fd95c45ccda87168f56760c12bc05b9d/element/f.1202D19FA9159A4DFC5EAE9C490348A6.d.F99A1832C11C713039E356BAE2F2DD85.e.9972/click - {}
RESULT: {}
COMMAND: GET /session/fd95c45ccda87168f56760c12bc05b9d/screenshot - {}
RESULT: {}
COMMAND: POST /session/fd95c45ccda87168f56760c12bc05b9d/execute/async - {"script":"<script> [1562 bytes]","args":[{"selector":{"id":"application-managepricingrules-display-component---priceInfoItem--smartFilterBar-btnBasicSearch","interaction":{"idSuffix":"I"}},"wdio_ui5_key":"applicationmanagepricingrules-display-component---priceInfoItem--smartFilterBar-btnBasicSearch"}]}
RESULT: {"script":"<script> [1562 bytes]","args":[{"selector":{"id":"application-managepricingrules-display-component---priceInfoItem--smartFilterBar-btnBasicSearch","interaction":{"idSuffix":"I"}},"wdio_ui5_key":"applicationmanagepricingrules-display-component---priceInfoItem--smartFilterBar-btnBasicSearch"}]}
RESULT: undefined
COMMAND: POST /session/fd95c45ccda87168f56760c12bc05b9d/execute/async - {"script":"<script> [776 bytes]","args":[{"enterText":"9kPpYomHsm","selector":{"id":"application-managepricingrules-display-component---priceInfoItem--smartFilterBar-btnBasicSearch","interaction":{"idSuffix":"I"}},"clearTextFirst":true,"interactionType":"ENTER_TEXT"}]}
RESULT: {"script":"<script> [776 bytes]","args":[{"enterText":"9kPpYomHsm","selector":{"id":"application-managepricingrules-display-component---priceInfoItem--smartFilterBar-btnBasicSearch","interaction":{"idSuffix":"I"}},"clearTextFirst":true,"interactionType":"ENTER_TEXT"}]}
COMMAND: POST /session/fd95c45ccda87168f56760c12bc05b9d/actions - {"actions":[{"id":"action33","type":"key","parameters":{},"actions":[{"type":"keyDown","value":"î€‡"},{"type":"pause","duration":10},{"type":"keyUp","value":"î€‡"}]}]}
RESULT: {"actions":[{"id":"action33","type":"key","parameters":{},"actions":[{"type":"keyDown","value":"î€‡"},{"type":"pause","duration":10},{"type":"keyUp","value":"î€‡"}]}]}
COMMAND: GET /session/fd95c45ccda87168f56760c12bc05b9d/screenshot - {}
RESULT: {}
COMMAND: POST /session/fd95c45ccda87168f56760c12bc05b9d/element - {"using":"xpath","value":"//span[@id=\"application-managepricingrules-display-component---priceInfoItem--smartTable-header-inner\"]"}
RESULT: {"using":"xpath","value":"//span[@id=\"application-managepricingrules-display-component---priceInfoItem--smartTable-header-inner\"]"}
COMMAND: POST /session/fd95c45ccda87168f56760c12bc05b9d/elements - {"using":"xpath","value":"//span[@id=\"application-managepricingrules-display-component---priceInfoItem--smartTable-header-inner\"]"}
RESULT: {"using":"xpath","value":"//span[@id=\"application-managepricingrules-display-component---priceInfoItem--smartTable-header-inner\"]"}
COMMAND: POST /session/fd95c45ccda87168f56760c12bc05b9d/execute/sync - {"script":"<script> [56 bytes]","args":[{"element-6066-11e4-a52e-4f735466cecf":"f.1202D19FA9159A4DFC5EAE9C490348A6.d.F99A1832C11C713039E356BAE2F2DD85.e.10014","ELEMENT":"f.1202D19FA9159A4DFC5EAE9C490348A6.d.F99A1832C11C713039E356BAE2F2DD85.e.10014"}]}
RESULT: {"script":"<script> [56 bytes]","args":[{"element-6066-11e4-a52e-4f735466cecf":"f.1202D19FA9159A4DFC5EAE9C490348A6.d.F99A1832C11C713039E356BAE2F2DD85.e.10014","ELEMENT":"f.1202D19FA9159A4DFC5EAE9C490348A6.d.F99A1832C11C713039E356BAE2F2DD85.e.10014"}]}
COMMAND: POST /session/fd95c45ccda87168f56760c12bc05b9d/element - {"using":"css selector","value":"#shell-header-logo"}
COMMAND: GET /session/fd95c45ccda87168f56760c12bc05b9d/screenshot - {}
RESULT: {"using":"css selector","value":"#shell-header-logo"}
COMMAND: POST /session/fd95c45ccda87168f56760c12bc05b9d/element/f.1202D19FA9159A4DFC5EAE9C490348A6.d.F99A1832C11C713039E356BAE2F2DD85.e.9199/click - {}
RESULT: {}
RESULT: {}
COMMAND: GET /session/fd95c45ccda87168f56760c12bc05b9d/screenshot - {}
RESULT: {}
]]></system-out>
    </testcase>
    <testcase classname="chrome.135_0_7049_96.windows.Billing_transfer_US117289" name="Should create new condition for equipment" time="70.22">
      <system-out><![CDATA[
COMMAND: POST /session/fd95c45ccda87168f56760c12bc05b9d/execute/async - {"script":"<script> [1562 bytes]","args":[{"selector":{"controlType":"sap.m.Text","properties":{"text":"Manage Conditions & Prices"},"interaction":{"idSuffix":"inner"}},"wdio_ui5_key":"sapm.Text{\"text\":\"Manage Conditions & Prices\"}"}]}
RESULT: {"script":"<script> [1562 bytes]","args":[{"selector":{"controlType":"sap.m.Text","properties":{"text":"Manage Conditions & Prices"},"interaction":{"idSuffix":"inner"}},"wdio_ui5_key":"sapm.Text{\"text\":\"Manage Conditions & Prices\"}"}]}
RESULT: undefined
COMMAND: POST /session/fd95c45ccda87168f56760c12bc05b9d/element - {"using":"xpath","value":"//*[@id=\"__tile53-title\"]"}
RESULT: {"using":"xpath","value":"//*[@id=\"__tile53-title\"]"}
COMMAND: POST /session/fd95c45ccda87168f56760c12bc05b9d/element/f.1202D19FA9159A4DFC5EAE9C490348A6.d.F99A1832C11C713039E356BAE2F2DD85.e.10017/click - {}
RESULT: {}
COMMAND: POST /session/fd95c45ccda87168f56760c12bc05b9d/element - {"using":"xpath","value":"//button[@aria-label=\"Create\"]"}
COMMAND: GET /session/fd95c45ccda87168f56760c12bc05b9d/screenshot - {}
RESULT: {"using":"xpath","value":"//button[@aria-label=\"Create\"]"}
COMMAND: POST /session/fd95c45ccda87168f56760c12bc05b9d/elements - {"using":"xpath","value":"//button[@aria-label=\"Create\"]"}
RESULT: {}
RESULT: {"using":"xpath","value":"//button[@aria-label=\"Create\"]"}
COMMAND: POST /session/fd95c45ccda87168f56760c12bc05b9d/elements - {"using":"xpath","value":"//button[@aria-label=\"Create\"]"}
RESULT: {"using":"xpath","value":"//button[@aria-label=\"Create\"]"}
COMMAND: POST /session/fd95c45ccda87168f56760c12bc05b9d/elements - {"using":"xpath","value":"//button[@aria-label=\"Create\"]"}
RESULT: {"using":"xpath","value":"//button[@aria-label=\"Create\"]"}
COMMAND: POST /session/fd95c45ccda87168f56760c12bc05b9d/elements - {"using":"xpath","value":"//button[@aria-label=\"Create\"]"}
RESULT: {"using":"xpath","value":"//button[@aria-label=\"Create\"]"}
COMMAND: POST /session/fd95c45ccda87168f56760c12bc05b9d/elements - {"using":"xpath","value":"//button[@aria-label=\"Create\"]"}
RESULT: {"using":"xpath","value":"//button[@aria-label=\"Create\"]"}
COMMAND: POST /session/fd95c45ccda87168f56760c12bc05b9d/elements - {"using":"xpath","value":"//button[@aria-label=\"Create\"]"}
RESULT: {"using":"xpath","value":"//button[@aria-label=\"Create\"]"}
COMMAND: POST /session/fd95c45ccda87168f56760c12bc05b9d/elements - {"using":"xpath","value":"//button[@aria-label=\"Create\"]"}
RESULT: {"using":"xpath","value":"//button[@aria-label=\"Create\"]"}
COMMAND: POST /session/fd95c45ccda87168f56760c12bc05b9d/elements - {"using":"xpath","value":"//button[@aria-label=\"Create\"]"}
RESULT: {"using":"xpath","value":"//button[@aria-label=\"Create\"]"}
COMMAND: POST /session/fd95c45ccda87168f56760c12bc05b9d/elements - {"using":"xpath","value":"//button[@aria-label=\"Create\"]"}
RESULT: {"using":"xpath","value":"//button[@aria-label=\"Create\"]"}
COMMAND: POST /session/fd95c45ccda87168f56760c12bc05b9d/elements - {"using":"xpath","value":"//button[@aria-label=\"Create\"]"}
RESULT: {"using":"xpath","value":"//button[@aria-label=\"Create\"]"}
COMMAND: POST /session/fd95c45ccda87168f56760c12bc05b9d/elements - {"using":"xpath","value":"//button[@aria-label=\"Create\"]"}
RESULT: {"using":"xpath","value":"//button[@aria-label=\"Create\"]"}
COMMAND: POST /session/fd95c45ccda87168f56760c12bc05b9d/elements - {"using":"xpath","value":"//button[@aria-label=\"Create\"]"}
RESULT: {"using":"xpath","value":"//button[@aria-label=\"Create\"]"}
COMMAND: POST /session/fd95c45ccda87168f56760c12bc05b9d/element - {"using":"xpath","value":"//button[@aria-label=\"Create\"]"}
RESULT: {"using":"xpath","value":"//button[@aria-label=\"Create\"]"}
COMMAND: POST /session/fd95c45ccda87168f56760c12bc05b9d/execute/sync - {"script":"<script> [8489 bytes]","args":[{"element-6066-11e4-a52e-4f735466cecf":"f.1202D19FA9159A4DFC5EAE9C490348A6.d.F99A1832C11C713039E356BAE2F2DD85.e.10052","ELEMENT":"f.1202D19FA9159A4DFC5EAE9C490348A6.d.F99A1832C11C713039E356BAE2F2DD85.e.10052"}]}
RESULT: {"script":"<script> [8489 bytes]","args":[{"element-6066-11e4-a52e-4f735466cecf":"f.1202D19FA9159A4DFC5EAE9C490348A6.d.F99A1832C11C713039E356BAE2F2DD85.e.10052","ELEMENT":"f.1202D19FA9159A4DFC5EAE9C490348A6.d.F99A1832C11C713039E356BAE2F2DD85.e.10052"}]}
COMMAND: GET /session/fd95c45ccda87168f56760c12bc05b9d/element/f.1202D19FA9159A4DFC5EAE9C490348A6.d.F99A1832C11C713039E356BAE2F2DD85.e.10052/enabled - {}
COMMAND: GET /session/fd95c45ccda87168f56760c12bc05b9d/screenshot - {}
RESULT: {}
COMMAND: POST /session/fd95c45ccda87168f56760c12bc05b9d/execute/sync - {"script":"<script> [8489 bytes]","args":[{"element-6066-11e4-a52e-4f735466cecf":"f.1202D19FA9159A4DFC5EAE9C490348A6.d.F99A1832C11C713039E356BAE2F2DD85.e.10052","ELEMENT":"f.1202D19FA9159A4DFC5EAE9C490348A6.d.F99A1832C11C713039E356BAE2F2DD85.e.10052"}]}
COMMAND: GET /session/fd95c45ccda87168f56760c12bc05b9d/screenshot - {}
RESULT: {}
RESULT: {"script":"<script> [8489 bytes]","args":[{"element-6066-11e4-a52e-4f735466cecf":"f.1202D19FA9159A4DFC5EAE9C490348A6.d.F99A1832C11C713039E356BAE2F2DD85.e.10052","ELEMENT":"f.1202D19FA9159A4DFC5EAE9C490348A6.d.F99A1832C11C713039E356BAE2F2DD85.e.10052"}]}
COMMAND: POST /session/fd95c45ccda87168f56760c12bc05b9d/execute/sync - {"script":"<script> [5351 bytes]","args":[{"element-6066-11e4-a52e-4f735466cecf":"f.1202D19FA9159A4DFC5EAE9C490348A6.d.F99A1832C11C713039E356BAE2F2DD85.e.10052","ELEMENT":"f.1202D19FA9159A4DFC5EAE9C490348A6.d.F99A1832C11C713039E356BAE2F2DD85.e.10052"}]}
COMMAND: GET /session/fd95c45ccda87168f56760c12bc05b9d/screenshot - {}
RESULT: {}
RESULT: {"script":"<script> [5351 bytes]","args":[{"element-6066-11e4-a52e-4f735466cecf":"f.1202D19FA9159A4DFC5EAE9C490348A6.d.F99A1832C11C713039E356BAE2F2DD85.e.10052","ELEMENT":"f.1202D19FA9159A4DFC5EAE9C490348A6.d.F99A1832C11C713039E356BAE2F2DD85.e.10052"}]}
COMMAND: POST /session/fd95c45ccda87168f56760c12bc05b9d/element/f.1202D19FA9159A4DFC5EAE9C490348A6.d.F99A1832C11C713039E356BAE2F2DD85.e.10052/click - {}
COMMAND: GET /session/fd95c45ccda87168f56760c12bc05b9d/screenshot - {}
RESULT: {}
RESULT: {}
COMMAND: GET /session/fd95c45ccda87168f56760c12bc05b9d/screenshot - {}
RESULT: {}
RESULT: {}
COMMAND: POST /session/fd95c45ccda87168f56760c12bc05b9d/actions - {"actions":[{"id":"action34","type":"key","parameters":{},"actions":[{"type":"keyDown","value":"î€‡"},{"type":"pause","duration":10},{"type":"keyUp","value":"î€‡"}]}]}
RESULT: {"actions":[{"id":"action34","type":"key","parameters":{},"actions":[{"type":"keyDown","value":"î€‡"},{"type":"pause","duration":10},{"type":"keyUp","value":"î€‡"}]}]}
COMMAND: GET /session/fd95c45ccda87168f56760c12bc05b9d/screenshot - {}
RESULT: {}
COMMAND: POST /session/fd95c45ccda87168f56760c12bc05b9d/execute/async - {"script":"<script> [1562 bytes]","args":[{"selector":{"id":"application-manageconditionprice-display-component---newCondition--condBillCond-arrow"},"wdio_ui5_key":"applicationmanageconditionprice-display-component---newCondition--condBillCond-arrow"}]}
RESULT: {"script":"<script> [1562 bytes]","args":[{"selector":{"id":"application-manageconditionprice-display-component---newCondition--condBillCond-arrow"},"wdio_ui5_key":"applicationmanageconditionprice-display-component---newCondition--condBillCond-arrow"}]}
RESULT: undefined
COMMAND: POST /session/fd95c45ccda87168f56760c12bc05b9d/element - {"using":"xpath","value":"//*[@id=\"application-manageconditionprice-display-component---newCondition--condBillCond-arrow\"]"}
RESULT: {"using":"xpath","value":"//*[@id=\"application-manageconditionprice-display-component---newCondition--condBillCond-arrow\"]"}
COMMAND: POST /session/fd95c45ccda87168f56760c12bc05b9d/element/f.1202D19FA9159A4DFC5EAE9C490348A6.d.F99A1832C11C713039E356BAE2F2DD85.e.10232/click - {}
RESULT: {}
COMMAND: GET /session/fd95c45ccda87168f56760c12bc05b9d/screenshot - {}
RESULT: {}
COMMAND: POST /session/fd95c45ccda87168f56760c12bc05b9d/element - {"using":"xpath","value":"//li[.//span[contains(text(), \"DISP - D&I special price\")]]"}
RESULT: {"using":"xpath","value":"//li[.//span[contains(text(), \"DISP - D&I special price\")]]"}
COMMAND: POST /session/fd95c45ccda87168f56760c12bc05b9d/element/f.1202D19FA9159A4DFC5EAE9C490348A6.d.F99A1832C11C713039E356BAE2F2DD85.e.10235/click - {}
RESULT: {}
COMMAND: GET /session/fd95c45ccda87168f56760c12bc05b9d/screenshot - {}
RESULT: {}
COMMAND: POST /session/fd95c45ccda87168f56760c12bc05b9d/execute/async - {"script":"<script> [1562 bytes]","args":[{"selector":{"id":"application-manageconditionprice-display-component---newCondition--condValidTo","interaction":{"idSuffix":"inner"}},"wdio_ui5_key":"applicationmanageconditionprice-display-component---newCondition--condValidTo"}]}
RESULT: {"script":"<script> [1562 bytes]","args":[{"selector":{"id":"application-manageconditionprice-display-component---newCondition--condValidTo","interaction":{"idSuffix":"inner"}},"wdio_ui5_key":"applicationmanageconditionprice-display-component---newCondition--condValidTo"}]}
RESULT: undefined
COMMAND: POST /session/fd95c45ccda87168f56760c12bc05b9d/execute/async - {"script":"<script> [776 bytes]","args":[{"enterText":"12/24/25","selector":{"id":"application-manageconditionprice-display-component---newCondition--condValidTo","interaction":{"idSuffix":"inner"}},"clearTextFirst":true,"interactionType":"ENTER_TEXT"}]}
RESULT: {"script":"<script> [776 bytes]","args":[{"enterText":"12/24/25","selector":{"id":"application-manageconditionprice-display-component---newCondition--condValidTo","interaction":{"idSuffix":"inner"}},"clearTextFirst":true,"interactionType":"ENTER_TEXT"}]}
COMMAND: POST /session/fd95c45ccda87168f56760c12bc05b9d/element - {"using":"xpath","value":"//input[@id=\"application-manageconditionprice-display-component---newCondition--condRU-inner\"]"}
RESULT: {"using":"xpath","value":"//input[@id=\"application-manageconditionprice-display-component---newCondition--condRU-inner\"]"}
COMMAND: POST /session/fd95c45ccda87168f56760c12bc05b9d/element/f.1202D19FA9159A4DFC5EAE9C490348A6.d.F99A1832C11C713039E356BAE2F2DD85.e.10068/clear - {}
RESULT: {}
COMMAND: POST /session/fd95c45ccda87168f56760c12bc05b9d/element/f.1202D19FA9159A4DFC5EAE9C490348A6.d.F99A1832C11C713039E356BAE2F2DD85.e.10068/value - {"text":"9kPpYomHsm"}
COMMAND: GET /session/fd95c45ccda87168f56760c12bc05b9d/screenshot - {}
RESULT: {"text":"9kPpYomHsm"}
COMMAND: GET /session/fd95c45ccda87168f56760c12bc05b9d/screenshot - {}
RESULT: {}
RESULT: {}
COMMAND: POST /session/fd95c45ccda87168f56760c12bc05b9d/actions - {"actions":[{"id":"action35","type":"key","parameters":{},"actions":[{"type":"keyDown","value":"î€‡"},{"type":"pause","duration":10},{"type":"keyUp","value":"î€‡"}]}]}
RESULT: {"actions":[{"id":"action35","type":"key","parameters":{},"actions":[{"type":"keyDown","value":"î€‡"},{"type":"pause","duration":10},{"type":"keyUp","value":"î€‡"}]}]}
COMMAND: POST /session/fd95c45ccda87168f56760c12bc05b9d/execute/async - {"script":"<script> [1562 bytes]","args":[{"selector":{"id":"application-manageconditionprice-display-component---newCondition--condBaseQty","interaction":{"idSuffix":"inner"}},"wdio_ui5_key":"applicationmanageconditionprice-display-component---newCondition--condBaseQty"}]}
COMMAND: GET /session/fd95c45ccda87168f56760c12bc05b9d/screenshot - {}
RESULT: {"script":"<script> [1562 bytes]","args":[{"selector":{"id":"application-manageconditionprice-display-component---newCondition--condBaseQty","interaction":{"idSuffix":"inner"}},"wdio_ui5_key":"applicationmanageconditionprice-display-component---newCondition--condBaseQty"}]}
RESULT: undefined
COMMAND: POST /session/fd95c45ccda87168f56760c12bc05b9d/execute/async - {"script":"<script> [776 bytes]","args":[{"enterText":"1","selector":{"id":"application-manageconditionprice-display-component---newCondition--condBaseQty","interaction":{"idSuffix":"inner"}},"clearTextFirst":true,"interactionType":"ENTER_TEXT"}]}
RESULT: {}
RESULT: {"script":"<script> [776 bytes]","args":[{"enterText":"1","selector":{"id":"application-manageconditionprice-display-component---newCondition--condBaseQty","interaction":{"idSuffix":"inner"}},"clearTextFirst":true,"interactionType":"ENTER_TEXT"}]}
COMMAND: POST /session/fd95c45ccda87168f56760c12bc05b9d/execute/async - {"script":"<script> [1562 bytes]","args":[{"selector":{"id":"application-manageconditionprice-display-component---newCondition--condValue","interaction":{"idSuffix":"inner"}},"wdio_ui5_key":"applicationmanageconditionprice-display-component---newCondition--condValue"}]}
RESULT: {"script":"<script> [1562 bytes]","args":[{"selector":{"id":"application-manageconditionprice-display-component---newCondition--condValue","interaction":{"idSuffix":"inner"}},"wdio_ui5_key":"applicationmanageconditionprice-display-component---newCondition--condValue"}]}
RESULT: undefined
COMMAND: POST /session/fd95c45ccda87168f56760c12bc05b9d/execute/async - {"script":"<script> [776 bytes]","args":[{"enterText":"100","selector":{"id":"application-manageconditionprice-display-component---newCondition--condValue","interaction":{"idSuffix":"inner"}},"clearTextFirst":true,"interactionType":"ENTER_TEXT"}]}
RESULT: {"script":"<script> [776 bytes]","args":[{"enterText":"100","selector":{"id":"application-manageconditionprice-display-component---newCondition--condValue","interaction":{"idSuffix":"inner"}},"clearTextFirst":true,"interactionType":"ENTER_TEXT"}]}
COMMAND: POST /session/fd95c45ccda87168f56760c12bc05b9d/execute/async - {"script":"<script> [1562 bytes]","args":[{"selector":{"id":"application-manageconditionprice-display-component---newCondition--condCurr-arrow"},"wdio_ui5_key":"applicationmanageconditionprice-display-component---newCondition--condCurr-arrow"}]}
RESULT: {"script":"<script> [1562 bytes]","args":[{"selector":{"id":"application-manageconditionprice-display-component---newCondition--condCurr-arrow"},"wdio_ui5_key":"applicationmanageconditionprice-display-component---newCondition--condCurr-arrow"}]}
RESULT: undefined
COMMAND: POST /session/fd95c45ccda87168f56760c12bc05b9d/element - {"using":"xpath","value":"//*[@id=\"application-manageconditionprice-display-component---newCondition--condCurr-arrow\"]"}
RESULT: {"using":"xpath","value":"//*[@id=\"application-manageconditionprice-display-component---newCondition--condCurr-arrow\"]"}
COMMAND: POST /session/fd95c45ccda87168f56760c12bc05b9d/element/f.1202D19FA9159A4DFC5EAE9C490348A6.d.F99A1832C11C713039E356BAE2F2DD85.e.10213/click - {}
RESULT: {}
COMMAND: POST /session/fd95c45ccda87168f56760c12bc05b9d/element - {"using":"xpath","value":"//span[contains(text(), \"Euro\")]"}
COMMAND: GET /session/fd95c45ccda87168f56760c12bc05b9d/screenshot - {}
RESULT: {"using":"xpath","value":"//span[contains(text(), \"Euro\")]"}
COMMAND: POST /session/fd95c45ccda87168f56760c12bc05b9d/element/f.1202D19FA9159A4DFC5EAE9C490348A6.d.F99A1832C11C713039E356BAE2F2DD85.e.10272/click - {}
RESULT: {}
RESULT: {}
COMMAND: POST /session/fd95c45ccda87168f56760c12bc05b9d/element - {"using":"xpath","value":"//button[@data-kt=\"saveButton\"]"}
COMMAND: GET /session/fd95c45ccda87168f56760c12bc05b9d/screenshot - {}
RESULT: {"using":"xpath","value":"//button[@data-kt=\"saveButton\"]"}
COMMAND: POST /session/fd95c45ccda87168f56760c12bc05b9d/element/f.1202D19FA9159A4DFC5EAE9C490348A6.d.F99A1832C11C713039E356BAE2F2DD85.e.10214/click - {}
RESULT: {}
RESULT: {}
COMMAND: GET /session/fd95c45ccda87168f56760c12bc05b9d/screenshot - {}
RESULT: {}
COMMAND: POST /session/fd95c45ccda87168f56760c12bc05b9d/execute/async - {"script":"<script> [1562 bytes]","args":[{"selector":{"id":"application-manageconditionprice-display-component---conditions--smartFilterBar-btnBasicSearch","interaction":{"idSuffix":"I"}},"wdio_ui5_key":"applicationmanageconditionprice-display-component---conditions--smartFilterBar-btnBasicSearch"}]}
RESULT: {"script":"<script> [1562 bytes]","args":[{"selector":{"id":"application-manageconditionprice-display-component---conditions--smartFilterBar-btnBasicSearch","interaction":{"idSuffix":"I"}},"wdio_ui5_key":"applicationmanageconditionprice-display-component---conditions--smartFilterBar-btnBasicSearch"}]}
RESULT: undefined
COMMAND: POST /session/fd95c45ccda87168f56760c12bc05b9d/execute/async - {"script":"<script> [776 bytes]","args":[{"enterText":"9kPpYomHsm","selector":{"id":"application-manageconditionprice-display-component---conditions--smartFilterBar-btnBasicSearch","interaction":{"idSuffix":"I"}},"clearTextFirst":true,"interactionType":"ENTER_TEXT"}]}
RESULT: {"script":"<script> [776 bytes]","args":[{"enterText":"9kPpYomHsm","selector":{"id":"application-manageconditionprice-display-component---conditions--smartFilterBar-btnBasicSearch","interaction":{"idSuffix":"I"}},"clearTextFirst":true,"interactionType":"ENTER_TEXT"}]}
COMMAND: POST /session/fd95c45ccda87168f56760c12bc05b9d/actions - {"actions":[{"id":"action36","type":"key","parameters":{},"actions":[{"type":"keyDown","value":"î€‡"},{"type":"pause","duration":10},{"type":"keyUp","value":"î€‡"}]}]}
RESULT: {"actions":[{"id":"action36","type":"key","parameters":{},"actions":[{"type":"keyDown","value":"î€‡"},{"type":"pause","duration":10},{"type":"keyUp","value":"î€‡"}]}]}
COMMAND: GET /session/fd95c45ccda87168f56760c12bc05b9d/screenshot - {}
RESULT: {}
COMMAND: POST /session/fd95c45ccda87168f56760c12bc05b9d/execute/async - {"script":"<script> [1562 bytes]","args":[{"selector":{"id":"application-manageconditionprice-display-component---conditions--smartFilterBar-filterItemControl_BASIC-BILL_TYPES-vhi"},"wdio_ui5_key":"applicationmanageconditionprice-display-component---conditions--smartFilterBar-filterItemControl_BASIC-BILL_TYPES-vhi"}]}
RESULT: {"script":"<script> [1562 bytes]","args":[{"selector":{"id":"application-manageconditionprice-display-component---conditions--smartFilterBar-filterItemControl_BASIC-BILL_TYPES-vhi"},"wdio_ui5_key":"applicationmanageconditionprice-display-component---conditions--smartFilterBar-filterItemControl_BASIC-BILL_TYPES-vhi"}]}
RESULT: undefined
COMMAND: POST /session/fd95c45ccda87168f56760c12bc05b9d/element - {"using":"xpath","value":"//*[@id=\"application-manageconditionprice-display-component---conditions--smartFilterBar-filterItemControl_BASIC-BILL_TYPES-vhi\"]"}
RESULT: {"using":"xpath","value":"//*[@id=\"application-manageconditionprice-display-component---conditions--smartFilterBar-filterItemControl_BASIC-BILL_TYPES-vhi\"]"}
COMMAND: POST /session/fd95c45ccda87168f56760c12bc05b9d/element/f.1202D19FA9159A4DFC5EAE9C490348A6.d.F99A1832C11C713039E356BAE2F2DD85.e.10288/click - {}
RESULT: {}
COMMAND: POST /session/fd95c45ccda87168f56760c12bc05b9d/execute/async - {"script":"<script> [1562 bytes]","args":[{"selector":{"id":"application-manageconditionprice-display-component---conditions--smartFilterBar-filterItemControl_BASIC-BILL_TYPES-valueHelpDialog-smartFilterBar-btnBasicSearch","searchOpenDialogs":true,"interaction":{"idSuffix":"I"}},"wdio_ui5_key":"applicationmanageconditionprice-display-component---conditions--smartFilterBar-filterItemControl_BASIC-BILL_TYPES-valueHelpDialog-smartFilterBar-btnBasicSearch"}]}
COMMAND: GET /session/fd95c45ccda87168f56760c12bc05b9d/screenshot - {}
RESULT: {}
RESULT: {"script":"<script> [1562 bytes]","args":[{"selector":{"id":"application-manageconditionprice-display-component---conditions--smartFilterBar-filterItemControl_BASIC-BILL_TYPES-valueHelpDialog-smartFilterBar-btnBasicSearch","searchOpenDialogs":true,"interaction":{"idSuffix":"I"}},"wdio_ui5_key":"applicationmanageconditionprice-display-component---conditions--smartFilterBar-filterItemControl_BASIC-BILL_TYPES-valueHelpDialog-smartFilterBar-btnBasicSearch"}]}
RESULT: undefined
COMMAND: POST /session/fd95c45ccda87168f56760c12bc05b9d/execute/async - {"script":"<script> [776 bytes]","args":[{"enterText":"TB","selector":{"id":"application-manageconditionprice-display-component---conditions--smartFilterBar-filterItemControl_BASIC-BILL_TYPES-valueHelpDialog-smartFilterBar-btnBasicSearch","searchOpenDialogs":true,"interaction":{"idSuffix":"I"}},"clearTextFirst":true,"interactionType":"ENTER_TEXT"}]}
RESULT: {"script":"<script> [776 bytes]","args":[{"enterText":"TB","selector":{"id":"application-manageconditionprice-display-component---conditions--smartFilterBar-filterItemControl_BASIC-BILL_TYPES-valueHelpDialog-smartFilterBar-btnBasicSearch","searchOpenDialogs":true,"interaction":{"idSuffix":"I"}},"clearTextFirst":true,"interactionType":"ENTER_TEXT"}]}
COMMAND: POST /session/fd95c45ccda87168f56760c12bc05b9d/actions - {"actions":[{"id":"action37","type":"key","parameters":{},"actions":[{"type":"keyDown","value":"î€‡"},{"type":"pause","duration":10},{"type":"keyUp","value":"î€‡"}]}]}
RESULT: {"actions":[{"id":"action37","type":"key","parameters":{},"actions":[{"type":"keyDown","value":"î€‡"},{"type":"pause","duration":10},{"type":"keyUp","value":"î€‡"}]}]}
COMMAND: GET /session/fd95c45ccda87168f56760c12bc05b9d/screenshot - {}
RESULT: {}
COMMAND: POST /session/fd95c45ccda87168f56760c12bc05b9d/element - {"using":"xpath","value":"//div[contains(@id, 'application-manageconditionprice-display-component---conditions--smartFilterBar-filterItemControl_BASIC-BILL_TYPES-valueHelpDialog-table-rowsel0')]"}
RESULT: {"using":"xpath","value":"//div[contains(@id, 'application-manageconditionprice-display-component---conditions--smartFilterBar-filterItemControl_BASIC-BILL_TYPES-valueHelpDialog-table-rowsel0')]"}
COMMAND: POST /session/fd95c45ccda87168f56760c12bc05b9d/element/f.1202D19FA9159A4DFC5EAE9C490348A6.d.F99A1832C11C713039E356BAE2F2DD85.e.10298/click - {}
RESULT: {}
COMMAND: GET /session/fd95c45ccda87168f56760c12bc05b9d/screenshot - {}
RESULT: {}
COMMAND: POST /session/fd95c45ccda87168f56760c12bc05b9d/element - {"using":"xpath","value":"//bdi[contains(text(), \"OK\")]"}
RESULT: {"using":"xpath","value":"//bdi[contains(text(), \"OK\")]"}
COMMAND: POST /session/fd95c45ccda87168f56760c12bc05b9d/element/f.1202D19FA9159A4DFC5EAE9C490348A6.d.F99A1832C11C713039E356BAE2F2DD85.e.10300/click - {}
RESULT: {}
COMMAND: GET /session/fd95c45ccda87168f56760c12bc05b9d/screenshot - {}
RESULT: {}
COMMAND: POST /session/fd95c45ccda87168f56760c12bc05b9d/element - {"using":"xpath","value":"//span[@id=\"application-manageconditionprice-display-component---conditions--smartTable-header-inner\"]"}
RESULT: {"using":"xpath","value":"//span[@id=\"application-manageconditionprice-display-component---conditions--smartTable-header-inner\"]"}
COMMAND: POST /session/fd95c45ccda87168f56760c12bc05b9d/elements - {"using":"xpath","value":"//span[@id=\"application-manageconditionprice-display-component---conditions--smartTable-header-inner\"]"}
RESULT: {"using":"xpath","value":"//span[@id=\"application-manageconditionprice-display-component---conditions--smartTable-header-inner\"]"}
COMMAND: POST /session/fd95c45ccda87168f56760c12bc05b9d/execute/sync - {"script":"<script> [56 bytes]","args":[{"element-6066-11e4-a52e-4f735466cecf":"f.1202D19FA9159A4DFC5EAE9C490348A6.d.F99A1832C11C713039E356BAE2F2DD85.e.10303","ELEMENT":"f.1202D19FA9159A4DFC5EAE9C490348A6.d.F99A1832C11C713039E356BAE2F2DD85.e.10303"}]}
RESULT: {"script":"<script> [56 bytes]","args":[{"element-6066-11e4-a52e-4f735466cecf":"f.1202D19FA9159A4DFC5EAE9C490348A6.d.F99A1832C11C713039E356BAE2F2DD85.e.10303","ELEMENT":"f.1202D19FA9159A4DFC5EAE9C490348A6.d.F99A1832C11C713039E356BAE2F2DD85.e.10303"}]}
COMMAND: POST /session/fd95c45ccda87168f56760c12bc05b9d/element - {"using":"css selector","value":"#shell-header-logo"}
COMMAND: GET /session/fd95c45ccda87168f56760c12bc05b9d/screenshot - {}
RESULT: {"using":"css selector","value":"#shell-header-logo"}
COMMAND: POST /session/fd95c45ccda87168f56760c12bc05b9d/element/f.1202D19FA9159A4DFC5EAE9C490348A6.d.F99A1832C11C713039E356BAE2F2DD85.e.10019/click - {}
RESULT: {}
RESULT: {}
COMMAND: GET /session/fd95c45ccda87168f56760c12bc05b9d/screenshot - {}
RESULT: {}
]]></system-out>
    </testcase>
    <testcase classname="chrome.135_0_7049_96.windows.Billing_transfer_US117289" name="Should do a stock increase" time="94.08">
      <system-out><![CDATA[
COMMAND: POST /session/fd95c45ccda87168f56760c12bc05b9d/execute/async - {"script":"<script> [1562 bytes]","args":[{"selector":{"controlType":"sap.m.Text","viewName":"etm.portal.ui.managehandoverstile.view.Master","properties":{"text":"Manage Handovers"},"interaction":{"idSuffix":"inner"}},"wdio_ui5_key":"etmportal.ui.managehandoverstile.view.Mastersap.m.Text{\"text\":\"Manage Handovers\"}"}]}
RESULT: {"script":"<script> [1562 bytes]","args":[{"selector":{"controlType":"sap.m.Text","viewName":"etm.portal.ui.managehandoverstile.view.Master","properties":{"text":"Manage Handovers"},"interaction":{"idSuffix":"inner"}},"wdio_ui5_key":"etmportal.ui.managehandoverstile.view.Mastersap.m.Text{\"text\":\"Manage Handovers\"}"}]}
RESULT: undefined
COMMAND: POST /session/fd95c45ccda87168f56760c12bc05b9d/element - {"using":"xpath","value":"//*[@id=\"__tile132-title\"]"}
RESULT: {"using":"xpath","value":"//*[@id=\"__tile132-title\"]"}
COMMAND: POST /session/fd95c45ccda87168f56760c12bc05b9d/element/f.1202D19FA9159A4DFC5EAE9C490348A6.d.F99A1832C11C713039E356BAE2F2DD85.e.10308/click - {}
RESULT: {}
COMMAND: POST /session/fd95c45ccda87168f56760c12bc05b9d/element - {"using":"xpath","value":"//button[@data-kt=\"masterHOAddButton\"]"}
COMMAND: GET /session/fd95c45ccda87168f56760c12bc05b9d/screenshot - {}
RESULT: {"using":"xpath","value":"//button[@data-kt=\"masterHOAddButton\"]"}
COMMAND: POST /session/fd95c45ccda87168f56760c12bc05b9d/elements - {"using":"xpath","value":"//button[@data-kt=\"masterHOAddButton\"]"}
RESULT: {}
RESULT: {"using":"xpath","value":"//button[@data-kt=\"masterHOAddButton\"]"}
COMMAND: POST /session/fd95c45ccda87168f56760c12bc05b9d/elements - {"using":"xpath","value":"//button[@data-kt=\"masterHOAddButton\"]"}
RESULT: {"using":"xpath","value":"//button[@data-kt=\"masterHOAddButton\"]"}
COMMAND: POST /session/fd95c45ccda87168f56760c12bc05b9d/elements - {"using":"xpath","value":"//button[@data-kt=\"masterHOAddButton\"]"}
RESULT: {"using":"xpath","value":"//button[@data-kt=\"masterHOAddButton\"]"}
COMMAND: POST /session/fd95c45ccda87168f56760c12bc05b9d/elements - {"using":"xpath","value":"//button[@data-kt=\"masterHOAddButton\"]"}
RESULT: {"using":"xpath","value":"//button[@data-kt=\"masterHOAddButton\"]"}
COMMAND: POST /session/fd95c45ccda87168f56760c12bc05b9d/elements - {"using":"xpath","value":"//button[@data-kt=\"masterHOAddButton\"]"}
RESULT: {"using":"xpath","value":"//button[@data-kt=\"masterHOAddButton\"]"}
COMMAND: POST /session/fd95c45ccda87168f56760c12bc05b9d/elements - {"using":"xpath","value":"//button[@data-kt=\"masterHOAddButton\"]"}
RESULT: {"using":"xpath","value":"//button[@data-kt=\"masterHOAddButton\"]"}
COMMAND: POST /session/fd95c45ccda87168f56760c12bc05b9d/elements - {"using":"xpath","value":"//button[@data-kt=\"masterHOAddButton\"]"}
RESULT: {"using":"xpath","value":"//button[@data-kt=\"masterHOAddButton\"]"}
COMMAND: POST /session/fd95c45ccda87168f56760c12bc05b9d/elements - {"using":"xpath","value":"//button[@data-kt=\"masterHOAddButton\"]"}
RESULT: {"using":"xpath","value":"//button[@data-kt=\"masterHOAddButton\"]"}
COMMAND: POST /session/fd95c45ccda87168f56760c12bc05b9d/elements - {"using":"xpath","value":"//button[@data-kt=\"masterHOAddButton\"]"}
RESULT: {"using":"xpath","value":"//button[@data-kt=\"masterHOAddButton\"]"}
COMMAND: POST /session/fd95c45ccda87168f56760c12bc05b9d/elements - {"using":"xpath","value":"//button[@data-kt=\"masterHOAddButton\"]"}
RESULT: {"using":"xpath","value":"//button[@data-kt=\"masterHOAddButton\"]"}
COMMAND: POST /session/fd95c45ccda87168f56760c12bc05b9d/elements - {"using":"xpath","value":"//button[@data-kt=\"masterHOAddButton\"]"}
RESULT: {"using":"xpath","value":"//button[@data-kt=\"masterHOAddButton\"]"}
COMMAND: POST /session/fd95c45ccda87168f56760c12bc05b9d/elements - {"using":"xpath","value":"//button[@data-kt=\"masterHOAddButton\"]"}
RESULT: {"using":"xpath","value":"//button[@data-kt=\"masterHOAddButton\"]"}
COMMAND: POST /session/fd95c45ccda87168f56760c12bc05b9d/elements - {"using":"xpath","value":"//button[@data-kt=\"masterHOAddButton\"]"}
RESULT: {"using":"xpath","value":"//button[@data-kt=\"masterHOAddButton\"]"}
COMMAND: POST /session/fd95c45ccda87168f56760c12bc05b9d/element - {"using":"xpath","value":"//button[@data-kt=\"masterHOAddButton\"]"}
RESULT: {"using":"xpath","value":"//button[@data-kt=\"masterHOAddButton\"]"}
COMMAND: POST /session/fd95c45ccda87168f56760c12bc05b9d/execute/sync - {"script":"<script> [8489 bytes]","args":[{"element-6066-11e4-a52e-4f735466cecf":"f.1202D19FA9159A4DFC5EAE9C490348A6.d.F99A1832C11C713039E356BAE2F2DD85.e.10345","ELEMENT":"f.1202D19FA9159A4DFC5EAE9C490348A6.d.F99A1832C11C713039E356BAE2F2DD85.e.10345"}]}
RESULT: {"script":"<script> [8489 bytes]","args":[{"element-6066-11e4-a52e-4f735466cecf":"f.1202D19FA9159A4DFC5EAE9C490348A6.d.F99A1832C11C713039E356BAE2F2DD85.e.10345","ELEMENT":"f.1202D19FA9159A4DFC5EAE9C490348A6.d.F99A1832C11C713039E356BAE2F2DD85.e.10345"}]}
COMMAND: GET /session/fd95c45ccda87168f56760c12bc05b9d/element/f.1202D19FA9159A4DFC5EAE9C490348A6.d.F99A1832C11C713039E356BAE2F2DD85.e.10345/enabled - {}
COMMAND: GET /session/fd95c45ccda87168f56760c12bc05b9d/screenshot - {}
RESULT: {}
COMMAND: POST /session/fd95c45ccda87168f56760c12bc05b9d/execute/sync - {"script":"<script> [8489 bytes]","args":[{"element-6066-11e4-a52e-4f735466cecf":"f.1202D19FA9159A4DFC5EAE9C490348A6.d.F99A1832C11C713039E356BAE2F2DD85.e.10345","ELEMENT":"f.1202D19FA9159A4DFC5EAE9C490348A6.d.F99A1832C11C713039E356BAE2F2DD85.e.10345"}]}
COMMAND: GET /session/fd95c45ccda87168f56760c12bc05b9d/screenshot - {}
RESULT: {}
RESULT: {"script":"<script> [8489 bytes]","args":[{"element-6066-11e4-a52e-4f735466cecf":"f.1202D19FA9159A4DFC5EAE9C490348A6.d.F99A1832C11C713039E356BAE2F2DD85.e.10345","ELEMENT":"f.1202D19FA9159A4DFC5EAE9C490348A6.d.F99A1832C11C713039E356BAE2F2DD85.e.10345"}]}
COMMAND: POST /session/fd95c45ccda87168f56760c12bc05b9d/execute/sync - {"script":"<script> [5351 bytes]","args":[{"element-6066-11e4-a52e-4f735466cecf":"f.1202D19FA9159A4DFC5EAE9C490348A6.d.F99A1832C11C713039E356BAE2F2DD85.e.10345","ELEMENT":"f.1202D19FA9159A4DFC5EAE9C490348A6.d.F99A1832C11C713039E356BAE2F2DD85.e.10345"}]}
COMMAND: GET /session/fd95c45ccda87168f56760c12bc05b9d/screenshot - {}
RESULT: {}
RESULT: {"script":"<script> [5351 bytes]","args":[{"element-6066-11e4-a52e-4f735466cecf":"f.1202D19FA9159A4DFC5EAE9C490348A6.d.F99A1832C11C713039E356BAE2F2DD85.e.10345","ELEMENT":"f.1202D19FA9159A4DFC5EAE9C490348A6.d.F99A1832C11C713039E356BAE2F2DD85.e.10345"}]}
COMMAND: POST /session/fd95c45ccda87168f56760c12bc05b9d/element/f.1202D19FA9159A4DFC5EAE9C490348A6.d.F99A1832C11C713039E356BAE2F2DD85.e.10345/click - {}
COMMAND: GET /session/fd95c45ccda87168f56760c12bc05b9d/screenshot - {}
RESULT: {}
RESULT: {}
COMMAND: GET /session/fd95c45ccda87168f56760c12bc05b9d/screenshot - {}
RESULT: {}
RESULT: {}
COMMAND: POST /session/fd95c45ccda87168f56760c12bc05b9d/element - {"using":"xpath","value":"//span[contains(@id ,\"AddNewHO--typeSelect-arrow\")]"}
RESULT: {"using":"xpath","value":"//span[contains(@id ,\"AddNewHO--typeSelect-arrow\")]"}
COMMAND: POST /session/fd95c45ccda87168f56760c12bc05b9d/element/f.1202D19FA9159A4DFC5EAE9C490348A6.d.F99A1832C11C713039E356BAE2F2DD85.e.10701/click - {}
RESULT: {}
COMMAND: GET /session/fd95c45ccda87168f56760c12bc05b9d/screenshot - {}
RESULT: {}
COMMAND: POST /session/fd95c45ccda87168f56760c12bc05b9d/element - {"using":"xpath","value":"(//li[contains(text(), \"stock increase yard\")])[1]"}
RESULT: {"using":"xpath","value":"(//li[contains(text(), \"stock increase yard\")])[1]"}
COMMAND: POST /session/fd95c45ccda87168f56760c12bc05b9d/element/f.1202D19FA9159A4DFC5EAE9C490348A6.d.F99A1832C11C713039E356BAE2F2DD85.e.10702/click - {}
RESULT: {}
COMMAND: GET /session/fd95c45ccda87168f56760c12bc05b9d/screenshot - {}
RESULT: {}
COMMAND: POST /session/fd95c45ccda87168f56760c12bc05b9d/execute/async - {"script":"<script> [1562 bytes]","args":[{"selector":{"id":"application-managehandovers-display-component---AddNewHO--dueDate","interaction":{"idSuffix":"inner"}},"wdio_ui5_key":"applicationmanagehandovers-display-component---AddNewHO--dueDate"}]}
RESULT: {"script":"<script> [1562 bytes]","args":[{"selector":{"id":"application-managehandovers-display-component---AddNewHO--dueDate","interaction":{"idSuffix":"inner"}},"wdio_ui5_key":"applicationmanagehandovers-display-component---AddNewHO--dueDate"}]}
RESULT: undefined
COMMAND: POST /session/fd95c45ccda87168f56760c12bc05b9d/execute/async - {"script":"<script> [6424 bytes]","args":[{"element-6066-11e4-a52e-4f735466cecf":"f.1202D19FA9159A4DFC5EAE9C490348A6.d.F99A1832C11C713039E356BAE2F2DD85.e.10706"},"setValue",["04/24/2025"]]}
RESULT: {"script":"<script> [6424 bytes]","args":[{"element-6066-11e4-a52e-4f735466cecf":"f.1202D19FA9159A4DFC5EAE9C490348A6.d.F99A1832C11C713039E356BAE2F2DD85.e.10706"},"setValue",["04/24/2025"]]}
COMMAND: POST /session/fd95c45ccda87168f56760c12bc05b9d/element - {"using":"xpath","value":"//input[@id=\"generalSectionFrg--receiveYard-inner\"]"}
RESULT: {"using":"xpath","value":"//input[@id=\"generalSectionFrg--receiveYard-inner\"]"}
COMMAND: POST /session/fd95c45ccda87168f56760c12bc05b9d/element/f.1202D19FA9159A4DFC5EAE9C490348A6.d.F99A1832C11C713039E356BAE2F2DD85.e.10712/clear - {}
RESULT: {}
COMMAND: POST /session/fd95c45ccda87168f56760c12bc05b9d/element/f.1202D19FA9159A4DFC5EAE9C490348A6.d.F99A1832C11C713039E356BAE2F2DD85.e.10712/value - {"text":"804"}
COMMAND: GET /session/fd95c45ccda87168f56760c12bc05b9d/screenshot - {}
RESULT: {"text":"804"}
COMMAND: GET /session/fd95c45ccda87168f56760c12bc05b9d/screenshot - {}
RESULT: {}
RESULT: {}
COMMAND: POST /session/fd95c45ccda87168f56760c12bc05b9d/element - {"using":"xpath","value":"//li[.//span[text()='804']]"}
RESULT: {"using":"xpath","value":"//li[.//span[text()='804']]"}
COMMAND: POST /session/fd95c45ccda87168f56760c12bc05b9d/element/f.1202D19FA9159A4DFC5EAE9C490348A6.d.F99A1832C11C713039E356BAE2F2DD85.e.10727/click - {}
RESULT: {}
COMMAND: GET /session/fd95c45ccda87168f56760c12bc05b9d/screenshot - {}
RESULT: {}
COMMAND: POST /session/fd95c45ccda87168f56760c12bc05b9d/execute/async - {"script":"<script> [1562 bytes]","args":[{"selector":{"id":"application-managehandovers-display-component---AddNewHO--ObjectPageLayout-anchBar-application-managehandovers-display-component---AddNewHO--section4-anchor","interaction":{"idSuffix":"BDI-content"}},"wdio_ui5_key":"applicationmanagehandovers-display-component---AddNewHO--ObjectPageLayout-anchBar-application-managehandovers-display-component---AddNewHO--section4-anchor"}]}
RESULT: {"script":"<script> [1562 bytes]","args":[{"selector":{"id":"application-managehandovers-display-component---AddNewHO--ObjectPageLayout-anchBar-application-managehandovers-display-component---AddNewHO--section4-anchor","interaction":{"idSuffix":"BDI-content"}},"wdio_ui5_key":"applicationmanagehandovers-display-component---AddNewHO--ObjectPageLayout-anchBar-application-managehandovers-display-component---AddNewHO--section4-anchor"}]}
RESULT: undefined
COMMAND: POST /session/fd95c45ccda87168f56760c12bc05b9d/element - {"using":"xpath","value":"//*[@id=\"application-managehandovers-display-component---AddNewHO--ObjectPageLayout-anchBar-application-managehandovers-display-component---AddNewHO--section4-anchor\"]"}
RESULT: {"using":"xpath","value":"//*[@id=\"application-managehandovers-display-component---AddNewHO--ObjectPageLayout-anchBar-application-managehandovers-display-component---AddNewHO--section4-anchor\"]"}
COMMAND: POST /session/fd95c45ccda87168f56760c12bc05b9d/element/f.1202D19FA9159A4DFC5EAE9C490348A6.d.F99A1832C11C713039E356BAE2F2DD85.e.10729/click - {}
RESULT: {}
COMMAND: POST /session/fd95c45ccda87168f56760c12bc05b9d/element - {"using":"xpath","value":"//button[@aria-label=\"Add\"]"}
COMMAND: GET /session/fd95c45ccda87168f56760c12bc05b9d/screenshot - {}
RESULT: {"using":"xpath","value":"//button[@aria-label=\"Add\"]"}
COMMAND: POST /session/fd95c45ccda87168f56760c12bc05b9d/element/f.1202D19FA9159A4DFC5EAE9C490348A6.d.F99A1832C11C713039E356BAE2F2DD85.e.10733/click - {}
RESULT: {}
RESULT: {}
COMMAND: GET /session/fd95c45ccda87168f56760c12bc05b9d/screenshot - {}
RESULT: {}
COMMAND: POST /session/fd95c45ccda87168f56760c12bc05b9d/execute/async - {"script":"<script> [1562 bytes]","args":[{"selector":{"id":"application-managehandovers-display-component---AddNewHO--smartFilterBar-btnBasicSearch","searchOpenDialogs":true,"interaction":{"idSuffix":"I"}},"wdio_ui5_key":"applicationmanagehandovers-display-component---AddNewHO--smartFilterBar-btnBasicSearch"}]}
RESULT: {"script":"<script> [1562 bytes]","args":[{"selector":{"id":"application-managehandovers-display-component---AddNewHO--smartFilterBar-btnBasicSearch","searchOpenDialogs":true,"interaction":{"idSuffix":"I"}},"wdio_ui5_key":"applicationmanagehandovers-display-component---AddNewHO--smartFilterBar-btnBasicSearch"}]}
RESULT: undefined
COMMAND: POST /session/fd95c45ccda87168f56760c12bc05b9d/execute/async - {"script":"<script> [776 bytes]","args":[{"enterText":"9kPpYomHsm","selector":{"id":"application-managehandovers-display-component---AddNewHO--smartFilterBar-btnBasicSearch","searchOpenDialogs":true,"interaction":{"idSuffix":"I"}},"clearTextFirst":true,"interactionType":"ENTER_TEXT"}]}
RESULT: {"script":"<script> [776 bytes]","args":[{"enterText":"9kPpYomHsm","selector":{"id":"application-managehandovers-display-component---AddNewHO--smartFilterBar-btnBasicSearch","searchOpenDialogs":true,"interaction":{"idSuffix":"I"}},"clearTextFirst":true,"interactionType":"ENTER_TEXT"}]}
COMMAND: POST /session/fd95c45ccda87168f56760c12bc05b9d/actions - {"actions":[{"id":"action38","type":"key","parameters":{},"actions":[{"type":"keyDown","value":"î€‡"},{"type":"pause","duration":10},{"type":"keyUp","value":"î€‡"}]}]}
RESULT: {"actions":[{"id":"action38","type":"key","parameters":{},"actions":[{"type":"keyDown","value":"î€‡"},{"type":"pause","duration":10},{"type":"keyUp","value":"î€‡"}]}]}
COMMAND: GET /session/fd95c45ccda87168f56760c12bc05b9d/screenshot - {}
RESULT: {}
COMMAND: POST /session/fd95c45ccda87168f56760c12bc05b9d/execute/async - {"script":"<script> [1562 bytes]","args":[{"selector":{"id":"application-managehandovers-display-component---AddNewHO--popup-sa","searchOpenDialogs":true,"interaction":{"idSuffix":"CbBg"}},"wdio_ui5_key":"applicationmanagehandovers-display-component---AddNewHO--popup-sa"}]}
RESULT: {"script":"<script> [1562 bytes]","args":[{"selector":{"id":"application-managehandovers-display-component---AddNewHO--popup-sa","searchOpenDialogs":true,"interaction":{"idSuffix":"CbBg"}},"wdio_ui5_key":"applicationmanagehandovers-display-component---AddNewHO--popup-sa"}]}
RESULT: undefined
COMMAND: POST /session/fd95c45ccda87168f56760c12bc05b9d/element - {"using":"xpath","value":"//*[@id=\"application-managehandovers-display-component---AddNewHO--popup-sa\"]"}
RESULT: {"using":"xpath","value":"//*[@id=\"application-managehandovers-display-component---AddNewHO--popup-sa\"]"}
COMMAND: POST /session/fd95c45ccda87168f56760c12bc05b9d/element/f.1202D19FA9159A4DFC5EAE9C490348A6.d.F99A1832C11C713039E356BAE2F2DD85.e.10887/click - {}
RESULT: {}
COMMAND: GET /session/fd95c45ccda87168f56760c12bc05b9d/screenshot - {}
RESULT: {}
COMMAND: POST /session/fd95c45ccda87168f56760c12bc05b9d/element - {"using":"xpath","value":"//bdi[contains(text(), \"Select\")]"}
RESULT: {"using":"xpath","value":"//bdi[contains(text(), \"Select\")]"}
COMMAND: POST /session/fd95c45ccda87168f56760c12bc05b9d/element/f.1202D19FA9159A4DFC5EAE9C490348A6.d.F99A1832C11C713039E356BAE2F2DD85.e.10888/click - {}
RESULT: {}
COMMAND: GET /session/fd95c45ccda87168f56760c12bc05b9d/screenshot - {}
RESULT: {}
COMMAND: POST /session/fd95c45ccda87168f56760c12bc05b9d/element - {"using":"xpath","value":"//button[@data-kt=\"AddNewHOSaveButton\"]"}
RESULT: {"using":"xpath","value":"//button[@data-kt=\"AddNewHOSaveButton\"]"}
COMMAND: POST /session/fd95c45ccda87168f56760c12bc05b9d/element/f.1202D19FA9159A4DFC5EAE9C490348A6.d.F99A1832C11C713039E356BAE2F2DD85.e.10892/click - {}
RESULT: {}
COMMAND: GET /session/fd95c45ccda87168f56760c12bc05b9d/screenshot - {}
COMMAND: POST /session/fd95c45ccda87168f56760c12bc05b9d/execute/async - {"script":"<script> [1562 bytes]","args":[{"selector":{"id":"receiptDatePicker","viewName":"etm.portal.ui.managehandovers.view.DetailExecuteHO","interaction":{"idSuffix":"inner"}},"wdio_ui5_key":"receiptDatePickeretmportal.ui.managehandovers.view.DetailExecuteHO"}]}
RESULT: {}
RESULT: {"script":"<script> [1562 bytes]","args":[{"selector":{"id":"receiptDatePicker","viewName":"etm.portal.ui.managehandovers.view.DetailExecuteHO","interaction":{"idSuffix":"inner"}},"wdio_ui5_key":"receiptDatePickeretmportal.ui.managehandovers.view.DetailExecuteHO"}]}
RESULT: undefined
COMMAND: POST /session/fd95c45ccda87168f56760c12bc05b9d/execute/async - {"script":"<script> [6424 bytes]","args":[{"element-6066-11e4-a52e-4f735466cecf":"f.1202D19FA9159A4DFC5EAE9C490348A6.d.F99A1832C11C713039E356BAE2F2DD85.e.10924"},"setValue",["04/24/2025"]]}
RESULT: {"script":"<script> [6424 bytes]","args":[{"element-6066-11e4-a52e-4f735466cecf":"f.1202D19FA9159A4DFC5EAE9C490348A6.d.F99A1832C11C713039E356BAE2F2DD85.e.10924"},"setValue",["04/24/2025"]]}
COMMAND: POST /session/fd95c45ccda87168f56760c12bc05b9d/element - {"using":"xpath","value":"//button[@data-kt=\"PickingTableConfirmAllButton\"]"}
RESULT: {"using":"xpath","value":"//button[@data-kt=\"PickingTableConfirmAllButton\"]"}
COMMAND: POST /session/fd95c45ccda87168f56760c12bc05b9d/element/f.1202D19FA9159A4DFC5EAE9C490348A6.d.F99A1832C11C713039E356BAE2F2DD85.e.10939/click - {}
RESULT: {}
COMMAND: GET /session/fd95c45ccda87168f56760c12bc05b9d/screenshot - {}
RESULT: {}
COMMAND: POST /session/fd95c45ccda87168f56760c12bc05b9d/element - {"using":"xpath","value":"//bdi[contains(text(), \"OK\")]"}
RESULT: {"using":"xpath","value":"//bdi[contains(text(), \"OK\")]"}
COMMAND: POST /session/fd95c45ccda87168f56760c12bc05b9d/element/f.1202D19FA9159A4DFC5EAE9C490348A6.d.F99A1832C11C713039E356BAE2F2DD85.e.10942/click - {}
RESULT: {}
COMMAND: GET /session/fd95c45ccda87168f56760c12bc05b9d/screenshot - {}
RESULT: {}
COMMAND: POST /session/fd95c45ccda87168f56760c12bc05b9d/element - {"using":"xpath","value":"(//bdi[contains(text(), \"Receive\")])[2]"}
RESULT: {"using":"xpath","value":"(//bdi[contains(text(), \"Receive\")])[2]"}
COMMAND: POST /session/fd95c45ccda87168f56760c12bc05b9d/element/f.1202D19FA9159A4DFC5EAE9C490348A6.d.F99A1832C11C713039E356BAE2F2DD85.e.10943/click - {}
RESULT: {}
COMMAND: GET /session/fd95c45ccda87168f56760c12bc05b9d/screenshot - {}
RESULT: {}
COMMAND: POST /session/fd95c45ccda87168f56760c12bc05b9d/element - {"using":"css selector","value":"#shell-header-logo"}
RESULT: {"using":"css selector","value":"#shell-header-logo"}
COMMAND: POST /session/fd95c45ccda87168f56760c12bc05b9d/element/f.1202D19FA9159A4DFC5EAE9C490348A6.d.F99A1832C11C713039E356BAE2F2DD85.e.10310/click - {}
RESULT: {}
COMMAND: GET /session/fd95c45ccda87168f56760c12bc05b9d/screenshot - {}
RESULT: {}
]]></system-out>
    </testcase>
    <testcase classname="chrome.135_0_7049_96.windows.Billing_transfer_US117289" name="Should create a new contract" time="62.58">
      <system-out><![CDATA[
COMMAND: POST /session/fd95c45ccda87168f56760c12bc05b9d/execute/async - {"script":"<script> [1562 bytes]","args":[{"selector":{"controlType":"sap.m.Text","viewName":"etm.portal.ui.managecontractstile.view.Master","properties":{"text":"Manage Contracts"},"interaction":{"idSuffix":"inner"}},"wdio_ui5_key":"etmportal.ui.managecontractstile.view.Mastersap.m.Text{\"text\":\"Manage Contracts\"}"}]}
RESULT: {"script":"<script> [1562 bytes]","args":[{"selector":{"controlType":"sap.m.Text","viewName":"etm.portal.ui.managecontractstile.view.Master","properties":{"text":"Manage Contracts"},"interaction":{"idSuffix":"inner"}},"wdio_ui5_key":"etmportal.ui.managecontractstile.view.Mastersap.m.Text{\"text\":\"Manage Contracts\"}"}]}
RESULT: undefined
COMMAND: POST /session/fd95c45ccda87168f56760c12bc05b9d/element - {"using":"xpath","value":"//*[@id=\"__tile131-title\"]"}
RESULT: {"using":"xpath","value":"//*[@id=\"__tile131-title\"]"}
COMMAND: POST /session/fd95c45ccda87168f56760c12bc05b9d/element/f.1202D19FA9159A4DFC5EAE9C490348A6.d.F99A1832C11C713039E356BAE2F2DD85.e.11103/click - {}
RESULT: {}
COMMAND: GET /session/fd95c45ccda87168f56760c12bc05b9d/screenshot - {}
RESULT: {}
COMMAND: POST /session/fd95c45ccda87168f56760c12bc05b9d/element - {"using":"xpath","value":"//button[@data-kt=\"addButton\"]"}
RESULT: {"using":"xpath","value":"//button[@data-kt=\"addButton\"]"}
COMMAND: POST /session/fd95c45ccda87168f56760c12bc05b9d/elements - {"using":"xpath","value":"//button[@data-kt=\"addButton\"]"}
RESULT: {"using":"xpath","value":"//button[@data-kt=\"addButton\"]"}
COMMAND: POST /session/fd95c45ccda87168f56760c12bc05b9d/elements - {"using":"xpath","value":"//button[@data-kt=\"addButton\"]"}
RESULT: {"using":"xpath","value":"//button[@data-kt=\"addButton\"]"}
RESULT: undefined
COMMAND: POST /session/fd95c45ccda87168f56760c12bc05b9d/elements - {"using":"xpath","value":"//button[@data-kt=\"addButton\"]"}
RESULT: {"using":"xpath","value":"//button[@data-kt=\"addButton\"]"}
COMMAND: POST /session/fd95c45ccda87168f56760c12bc05b9d/element - {"using":"xpath","value":"//button[@data-kt=\"addButton\"]"}
RESULT: {"using":"xpath","value":"//button[@data-kt=\"addButton\"]"}
COMMAND: POST /session/fd95c45ccda87168f56760c12bc05b9d/execute/sync - {"script":"<script> [8489 bytes]","args":[{"element-6066-11e4-a52e-4f735466cecf":"f.1202D19FA9159A4DFC5EAE9C490348A6.d.F99A1832C11C713039E356BAE2F2DD85.e.11143","ELEMENT":"f.1202D19FA9159A4DFC5EAE9C490348A6.d.F99A1832C11C713039E356BAE2F2DD85.e.11143"}]}
RESULT: {"script":"<script> [8489 bytes]","args":[{"element-6066-11e4-a52e-4f735466cecf":"f.1202D19FA9159A4DFC5EAE9C490348A6.d.F99A1832C11C713039E356BAE2F2DD85.e.11143","ELEMENT":"f.1202D19FA9159A4DFC5EAE9C490348A6.d.F99A1832C11C713039E356BAE2F2DD85.e.11143"}]}
COMMAND: GET /session/fd95c45ccda87168f56760c12bc05b9d/element/f.1202D19FA9159A4DFC5EAE9C490348A6.d.F99A1832C11C713039E356BAE2F2DD85.e.11143/enabled - {}
COMMAND: GET /session/fd95c45ccda87168f56760c12bc05b9d/screenshot - {}
RESULT: {}
COMMAND: POST /session/fd95c45ccda87168f56760c12bc05b9d/execute/sync - {"script":"<script> [8489 bytes]","args":[{"element-6066-11e4-a52e-4f735466cecf":"f.1202D19FA9159A4DFC5EAE9C490348A6.d.F99A1832C11C713039E356BAE2F2DD85.e.11143","ELEMENT":"f.1202D19FA9159A4DFC5EAE9C490348A6.d.F99A1832C11C713039E356BAE2F2DD85.e.11143"}]}
COMMAND: GET /session/fd95c45ccda87168f56760c12bc05b9d/screenshot - {}
RESULT: {}
RESULT: {}
RESULT: {"script":"<script> [8489 bytes]","args":[{"element-6066-11e4-a52e-4f735466cecf":"f.1202D19FA9159A4DFC5EAE9C490348A6.d.F99A1832C11C713039E356BAE2F2DD85.e.11143","ELEMENT":"f.1202D19FA9159A4DFC5EAE9C490348A6.d.F99A1832C11C713039E356BAE2F2DD85.e.11143"}]}
COMMAND: POST /session/fd95c45ccda87168f56760c12bc05b9d/execute/sync - {"script":"<script> [5351 bytes]","args":[{"element-6066-11e4-a52e-4f735466cecf":"f.1202D19FA9159A4DFC5EAE9C490348A6.d.F99A1832C11C713039E356BAE2F2DD85.e.11143","ELEMENT":"f.1202D19FA9159A4DFC5EAE9C490348A6.d.F99A1832C11C713039E356BAE2F2DD85.e.11143"}]}
COMMAND: GET /session/fd95c45ccda87168f56760c12bc05b9d/screenshot - {}
RESULT: {"script":"<script> [5351 bytes]","args":[{"element-6066-11e4-a52e-4f735466cecf":"f.1202D19FA9159A4DFC5EAE9C490348A6.d.F99A1832C11C713039E356BAE2F2DD85.e.11143","ELEMENT":"f.1202D19FA9159A4DFC5EAE9C490348A6.d.F99A1832C11C713039E356BAE2F2DD85.e.11143"}]}
COMMAND: GET /session/fd95c45ccda87168f56760c12bc05b9d/screenshot - {}
RESULT: {}
RESULT: {}
COMMAND: POST /session/fd95c45ccda87168f56760c12bc05b9d/element/f.1202D19FA9159A4DFC5EAE9C490348A6.d.F99A1832C11C713039E356BAE2F2DD85.e.11143/click - {}
RESULT: {}
COMMAND: GET /session/fd95c45ccda87168f56760c12bc05b9d/screenshot - {}
COMMAND: POST /session/fd95c45ccda87168f56760c12bc05b9d/execute/async - {"script":"<script> [1562 bytes]","args":[{"selector":{"id":"application-managecontracts-display-component---AddNewContract--projectDescription","interaction":{"idSuffix":"inner"}},"wdio_ui5_key":"applicationmanagecontracts-display-component---AddNewContract--projectDescription"}]}
RESULT: {}
RESULT: {"script":"<script> [1562 bytes]","args":[{"selector":{"id":"application-managecontracts-display-component---AddNewContract--projectDescription","interaction":{"idSuffix":"inner"}},"wdio_ui5_key":"applicationmanagecontracts-display-component---AddNewContract--projectDescription"}]}
RESULT: undefined
COMMAND: POST /session/fd95c45ccda87168f56760c12bc05b9d/execute/async - {"script":"<script> [776 bytes]","args":[{"enterText":"Contract WDIO","selector":{"id":"application-managecontracts-display-component---AddNewContract--projectDescription","interaction":{"idSuffix":"inner"}},"clearTextFirst":true,"interactionType":"ENTER_TEXT"}]}
RESULT: {"script":"<script> [776 bytes]","args":[{"enterText":"Contract WDIO","selector":{"id":"application-managecontracts-display-component---AddNewContract--projectDescription","interaction":{"idSuffix":"inner"}},"clearTextFirst":true,"interactionType":"ENTER_TEXT"}]}
COMMAND: POST /session/fd95c45ccda87168f56760c12bc05b9d/element - {"using":"xpath","value":"//input[@id=\"application-managecontracts-display-component---AddNewContract--site-inner\"]"}
RESULT: {"using":"xpath","value":"//input[@id=\"application-managecontracts-display-component---AddNewContract--site-inner\"]"}
COMMAND: POST /session/fd95c45ccda87168f56760c12bc05b9d/element/f.1202D19FA9159A4DFC5EAE9C490348A6.d.F99A1832C11C713039E356BAE2F2DD85.e.11485/clear - {}
RESULT: {}
COMMAND: POST /session/fd95c45ccda87168f56760c12bc05b9d/element/f.1202D19FA9159A4DFC5EAE9C490348A6.d.F99A1832C11C713039E356BAE2F2DD85.e.11485/value - {"text":"2604"}
COMMAND: GET /session/fd95c45ccda87168f56760c12bc05b9d/screenshot - {}
RESULT: {"text":"2604"}
COMMAND: GET /session/fd95c45ccda87168f56760c12bc05b9d/screenshot - {}
RESULT: {}
RESULT: {}
COMMAND: POST /session/fd95c45ccda87168f56760c12bc05b9d/element - {"using":"xpath","value":"//li[.//span[text()='2604']]"}
RESULT: {"using":"xpath","value":"//li[.//span[text()='2604']]"}
COMMAND: POST /session/fd95c45ccda87168f56760c12bc05b9d/element/f.1202D19FA9159A4DFC5EAE9C490348A6.d.F99A1832C11C713039E356BAE2F2DD85.e.11508/click - {}
RESULT: {}
COMMAND: GET /session/fd95c45ccda87168f56760c12bc05b9d/screenshot - {}
RESULT: {}
COMMAND: POST /session/fd95c45ccda87168f56760c12bc05b9d/element - {"using":"xpath","value":"//input[@id=\"application-managecontracts-display-component---AddNewContract--yardId-inner\"]"}
RESULT: {"using":"xpath","value":"//input[@id=\"application-managecontracts-display-component---AddNewContract--yardId-inner\"]"}
COMMAND: GET /session/fd95c45ccda87168f56760c12bc05b9d/element/f.1202D19FA9159A4DFC5EAE9C490348A6.d.F99A1832C11C713039E356BAE2F2DD85.e.11486/property/value - {}
RESULT: {}
COMMAND: POST /session/fd95c45ccda87168f56760c12bc05b9d/element - {"using":"xpath","value":"//input[@id=\"application-managecontracts-display-component---AddNewContract--customerSelect-inner\"]"}
COMMAND: GET /session/fd95c45ccda87168f56760c12bc05b9d/screenshot - {}
RESULT: {"using":"xpath","value":"//input[@id=\"application-managecontracts-display-component---AddNewContract--customerSelect-inner\"]"}
COMMAND: POST /session/fd95c45ccda87168f56760c12bc05b9d/element/f.1202D19FA9159A4DFC5EAE9C490348A6.d.F99A1832C11C713039E356BAE2F2DD85.e.11484/clear - {}
RESULT: {}
RESULT: {}
COMMAND: POST /session/fd95c45ccda87168f56760c12bc05b9d/element/f.1202D19FA9159A4DFC5EAE9C490348A6.d.F99A1832C11C713039E356BAE2F2DD85.e.11484/value - {"text":"1644"}
COMMAND: GET /session/fd95c45ccda87168f56760c12bc05b9d/screenshot - {}
RESULT: {"text":"1644"}
COMMAND: GET /session/fd95c45ccda87168f56760c12bc05b9d/screenshot - {}
RESULT: {}
RESULT: {}
COMMAND: POST /session/fd95c45ccda87168f56760c12bc05b9d/element - {"using":"xpath","value":"//li[.//span[text()='1644']]"}
RESULT: {"using":"xpath","value":"//li[.//span[text()='1644']]"}
COMMAND: POST /session/fd95c45ccda87168f56760c12bc05b9d/element/f.1202D19FA9159A4DFC5EAE9C490348A6.d.F99A1832C11C713039E356BAE2F2DD85.e.11511/click - {}
RESULT: {}
COMMAND: GET /session/fd95c45ccda87168f56760c12bc05b9d/screenshot - {}
RESULT: {}
COMMAND: POST /session/fd95c45ccda87168f56760c12bc05b9d/element - {"using":"xpath","value":"//button[@data-kt=\"saveButton\"]"}
RESULT: {"using":"xpath","value":"//button[@data-kt=\"saveButton\"]"}
COMMAND: POST /session/fd95c45ccda87168f56760c12bc05b9d/element/f.1202D19FA9159A4DFC5EAE9C490348A6.d.F99A1832C11C713039E356BAE2F2DD85.e.11501/click - {}
RESULT: {}
COMMAND: GET /session/fd95c45ccda87168f56760c12bc05b9d/screenshot - {}
RESULT: {}
COMMAND: POST /session/fd95c45ccda87168f56760c12bc05b9d/element - {"using":"xpath","value":"//span[contains(@id ,\"contractDetailTitleNoExpanded\")]"}
RESULT: {"using":"xpath","value":"//span[contains(@id ,\"contractDetailTitleNoExpanded\")]"}
COMMAND: POST /session/fd95c45ccda87168f56760c12bc05b9d/elements - {"using":"xpath","value":"//span[contains(@id ,\"contractDetailTitleNoExpanded\")]"}
RESULT: {"using":"xpath","value":"//span[contains(@id ,\"contractDetailTitleNoExpanded\")]"}
COMMAND: POST /session/fd95c45ccda87168f56760c12bc05b9d/execute/sync - {"script":"<script> [56 bytes]","args":[{"element-6066-11e4-a52e-4f735466cecf":"f.1202D19FA9159A4DFC5EAE9C490348A6.d.F99A1832C11C713039E356BAE2F2DD85.e.11527","ELEMENT":"f.1202D19FA9159A4DFC5EAE9C490348A6.d.F99A1832C11C713039E356BAE2F2DD85.e.11527"}]}
RESULT: {"script":"<script> [56 bytes]","args":[{"element-6066-11e4-a52e-4f735466cecf":"f.1202D19FA9159A4DFC5EAE9C490348A6.d.F99A1832C11C713039E356BAE2F2DD85.e.11527","ELEMENT":"f.1202D19FA9159A4DFC5EAE9C490348A6.d.F99A1832C11C713039E356BAE2F2DD85.e.11527"}]}
COMMAND: GET /session/fd95c45ccda87168f56760c12bc05b9d/screenshot - {}
RESULT: {}
]]></system-out>
    </testcase>
    <testcase classname="chrome.135_0_7049_96.windows.Billing_transfer_US117289" name="Should add created equipment to contract" time="42.393">
      <system-out><![CDATA[
COMMAND: POST /session/fd95c45ccda87168f56760c12bc05b9d/element - {"using":"xpath","value":"//button[@data-kt=\"contractDetailEditBtnButton\"]"}
RESULT: {"using":"xpath","value":"//button[@data-kt=\"contractDetailEditBtnButton\"]"}
COMMAND: POST /session/fd95c45ccda87168f56760c12bc05b9d/element/f.1202D19FA9159A4DFC5EAE9C490348A6.d.F99A1832C11C713039E356BAE2F2DD85.e.11529/click - {}
RESULT: {}
COMMAND: GET /session/fd95c45ccda87168f56760c12bc05b9d/screenshot - {}
RESULT: {}
COMMAND: POST /session/fd95c45ccda87168f56760c12bc05b9d/element - {"using":"xpath","value":"(//span[contains(text(), \"Additional Addresses\")])[2]"}
RESULT: {"using":"xpath","value":"(//span[contains(text(), \"Additional Addresses\")])[2]"}
COMMAND: POST /session/fd95c45ccda87168f56760c12bc05b9d/element/f.1202D19FA9159A4DFC5EAE9C490348A6.d.F99A1832C11C713039E356BAE2F2DD85.e.11583/click - {}
RESULT: {}
COMMAND: GET /session/fd95c45ccda87168f56760c12bc05b9d/screenshot - {}
RESULT: {}
COMMAND: POST /session/fd95c45ccda87168f56760c12bc05b9d/element - {"using":"xpath","value":"//button[@data-kt=\"btnAddTableRowOverflowToolbarButton\"]"}
RESULT: {"using":"xpath","value":"//button[@data-kt=\"btnAddTableRowOverflowToolbarButton\"]"}
COMMAND: POST /session/fd95c45ccda87168f56760c12bc05b9d/element/f.1202D19FA9159A4DFC5EAE9C490348A6.d.F99A1832C11C713039E356BAE2F2DD85.e.11585/click - {}
RESULT: {}
COMMAND: GET /session/fd95c45ccda87168f56760c12bc05b9d/screenshot - {}
RESULT: {}
COMMAND: POST /session/fd95c45ccda87168f56760c12bc05b9d/element - {"using":"xpath","value":"//div[(text() = 'Standard Entry' or . = 'Standard Entry')]"}
RESULT: {"using":"xpath","value":"//div[(text() = 'Standard Entry' or . = 'Standard Entry')]"}
COMMAND: POST /session/fd95c45ccda87168f56760c12bc05b9d/element/f.1202D19FA9159A4DFC5EAE9C490348A6.d.F99A1832C11C713039E356BAE2F2DD85.e.11587/click - {}
RESULT: {}
COMMAND: GET /session/fd95c45ccda87168f56760c12bc05b9d/screenshot - {}
RESULT: {}
COMMAND: POST /session/fd95c45ccda87168f56760c12bc05b9d/element - {"using":"xpath","value":"//td[7]/div/div/input"}
RESULT: {"using":"xpath","value":"//td[7]/div/div/input"}
COMMAND: POST /session/fd95c45ccda87168f56760c12bc05b9d/element/f.1202D19FA9159A4DFC5EAE9C490348A6.d.F99A1832C11C713039E356BAE2F2DD85.e.11596/clear - {}
RESULT: {}
COMMAND: POST /session/fd95c45ccda87168f56760c12bc05b9d/element/f.1202D19FA9159A4DFC5EAE9C490348A6.d.F99A1832C11C713039E356BAE2F2DD85.e.11596/value - {"text":"9kPpYomHsm"}
COMMAND: GET /session/fd95c45ccda87168f56760c12bc05b9d/screenshot - {}
RESULT: {"text":"9kPpYomHsm"}
COMMAND: GET /session/fd95c45ccda87168f56760c12bc05b9d/screenshot - {}
RESULT: {}
RESULT: {}
COMMAND: POST /session/fd95c45ccda87168f56760c12bc05b9d/actions - {"actions":[{"id":"action39","type":"key","parameters":{},"actions":[{"type":"keyDown","value":"î€‡"},{"type":"pause","duration":10},{"type":"keyUp","value":"î€‡"}]}]}
RESULT: {"actions":[{"id":"action39","type":"key","parameters":{},"actions":[{"type":"keyDown","value":"î€‡"},{"type":"pause","duration":10},{"type":"keyUp","value":"î€‡"}]}]}
COMMAND: GET /session/fd95c45ccda87168f56760c12bc05b9d/screenshot - {}
COMMAND: POST /session/fd95c45ccda87168f56760c12bc05b9d/element - {"using":"xpath","value":"(//button[@data-kt=\"saveButton\"])[2]"}
RESULT: {}
RESULT: {"using":"xpath","value":"(//button[@data-kt=\"saveButton\"])[2]"}
COMMAND: POST /session/fd95c45ccda87168f56760c12bc05b9d/element/f.1202D19FA9159A4DFC5EAE9C490348A6.d.F99A1832C11C713039E356BAE2F2DD85.e.11611/click - {}
RESULT: {}
COMMAND: GET /session/fd95c45ccda87168f56760c12bc05b9d/screenshot - {}
RESULT: {}
COMMAND: POST /session/fd95c45ccda87168f56760c12bc05b9d/element - {"using":"xpath","value":"//span[contains(@id ,\"contractItemsSmartTable-header-inner\")]"}
RESULT: {"using":"xpath","value":"//span[contains(@id ,\"contractItemsSmartTable-header-inner\")]"}
COMMAND: POST /session/fd95c45ccda87168f56760c12bc05b9d/elements - {"using":"xpath","value":"//span[contains(@id ,\"contractItemsSmartTable-header-inner\")]"}
RESULT: {"using":"xpath","value":"//span[contains(@id ,\"contractItemsSmartTable-header-inner\")]"}
COMMAND: POST /session/fd95c45ccda87168f56760c12bc05b9d/execute/sync - {"script":"<script> [56 bytes]","args":[{"element-6066-11e4-a52e-4f735466cecf":"f.1202D19FA9159A4DFC5EAE9C490348A6.d.F99A1832C11C713039E356BAE2F2DD85.e.11619","ELEMENT":"f.1202D19FA9159A4DFC5EAE9C490348A6.d.F99A1832C11C713039E356BAE2F2DD85.e.11619"}]}
RESULT: {"script":"<script> [56 bytes]","args":[{"element-6066-11e4-a52e-4f735466cecf":"f.1202D19FA9159A4DFC5EAE9C490348A6.d.F99A1832C11C713039E356BAE2F2DD85.e.11619","ELEMENT":"f.1202D19FA9159A4DFC5EAE9C490348A6.d.F99A1832C11C713039E356BAE2F2DD85.e.11619"}]}
]]></system-out>
    </testcase>
    <testcase classname="chrome.135_0_7049_96.windows.Billing_transfer_US117289" name="Should do a provide to site handover" time="65.734">
      <system-out><![CDATA[
COMMAND: GET /session/fd95c45ccda87168f56760c12bc05b9d/screenshot - {}
COMMAND: POST /session/fd95c45ccda87168f56760c12bc05b9d/element - {"using":"xpath","value":"//button[@data-kt=\"provideButton\"]"}
RESULT: {"using":"xpath","value":"//button[@data-kt=\"provideButton\"]"}
COMMAND: POST /session/fd95c45ccda87168f56760c12bc05b9d/element/f.1202D19FA9159A4DFC5EAE9C490348A6.d.F99A1832C11C713039E356BAE2F2DD85.e.11620/click - {}
RESULT: {}
RESULT: {}
COMMAND: GET /session/fd95c45ccda87168f56760c12bc05b9d/screenshot - {}
RESULT: {}
RESULT: undefined
COMMAND: POST /session/fd95c45ccda87168f56760c12bc05b9d/execute/async - {"script":"<script> [6424 bytes]","args":[{"element-6066-11e4-a52e-4f735466cecf":"f.1202D19FA9159A4DFC5EAE9C490348A6.d.F99A1832C11C713039E356BAE2F2DD85.e.10706"},"setValue",["04/24/2025"]]}
COMMAND: POST /session/fd95c45ccda87168f56760c12bc05b9d/execute/async - {"script":"<script> [1562 bytes]","args":[{"selector":{"id":"application-managehandovers-display-component---AddNewHO--dueDate","interaction":{"idSuffix":"inner"}},"wdio_ui5_key":"applicationmanagehandovers-display-component---AddNewHO--dueDate"}]}
RESULT: {"script":"<script> [1562 bytes]","args":[{"selector":{"id":"application-managehandovers-display-component---AddNewHO--dueDate","interaction":{"idSuffix":"inner"}},"wdio_ui5_key":"applicationmanagehandovers-display-component---AddNewHO--dueDate"}]}
COMMAND: POST /session/fd95c45ccda87168f56760c12bc05b9d/execute/async - {"script":"<script> [6424 bytes]","args":[{"element-6066-11e4-a52e-4f735466cecf":"f.1202D19FA9159A4DFC5EAE9C490348A6.d.F99A1832C11C713039E356BAE2F2DD85.e.11693"},"setValue",["04/24/2025"]]}
RESULT: {"script":"<script> [6424 bytes]","args":[{"element-6066-11e4-a52e-4f735466cecf":"f.1202D19FA9159A4DFC5EAE9C490348A6.d.F99A1832C11C713039E356BAE2F2DD85.e.11693"},"setValue",["04/24/2025"]]}
COMMAND: POST /session/fd95c45ccda87168f56760c12bc05b9d/element - {"using":"xpath","value":"//bdi[contains(text(), \"Instructions\")]"}
RESULT: {"using":"xpath","value":"//bdi[contains(text(), \"Instructions\")]"}
COMMAND: POST /session/fd95c45ccda87168f56760c12bc05b9d/element/f.1202D19FA9159A4DFC5EAE9C490348A6.d.F99A1832C11C713039E356BAE2F2DD85.e.11961/click - {}
RESULT: {}
COMMAND: GET /session/fd95c45ccda87168f56760c12bc05b9d/screenshot - {}
RESULT: {}
COMMAND: POST /session/fd95c45ccda87168f56760c12bc05b9d/element - {"using":"xpath","value":"//button[@data-kt=\"AddNewHOProvideAddItemsButton\"]"}
RESULT: {"using":"xpath","value":"//button[@data-kt=\"AddNewHOProvideAddItemsButton\"]"}
COMMAND: POST /session/fd95c45ccda87168f56760c12bc05b9d/element/f.1202D19FA9159A4DFC5EAE9C490348A6.d.F99A1832C11C713039E356BAE2F2DD85.e.11965/click - {}
RESULT: {}
COMMAND: GET /session/fd95c45ccda87168f56760c12bc05b9d/screenshot - {}
RESULT: {}
RESULT: undefined
COMMAND: POST /session/fd95c45ccda87168f56760c12bc05b9d/element - {"using":"xpath","value":"//*[@id=\"application-managehandovers-display-component---AddNewHO--popup-sa\"]"}
RESULT: {"using":"xpath","value":"//*[@id=\"application-managehandovers-display-component---AddNewHO--popup-sa\"]"}
COMMAND: POST /session/fd95c45ccda87168f56760c12bc05b9d/element/f.1202D19FA9159A4DFC5EAE9C490348A6.d.F99A1832C11C713039E356BAE2F2DD85.e.11981/click - {}
RESULT: {}
COMMAND: GET /session/fd95c45ccda87168f56760c12bc05b9d/screenshot - {}
RESULT: {}
COMMAND: POST /session/fd95c45ccda87168f56760c12bc05b9d/element - {"using":"xpath","value":"//*[contains(@id ,\"BDI-content\")][contains(text(), \"Select\")]"}
RESULT: {"using":"xpath","value":"//*[contains(@id ,\"BDI-content\")][contains(text(), \"Select\")]"}
COMMAND: POST /session/fd95c45ccda87168f56760c12bc05b9d/element/f.1202D19FA9159A4DFC5EAE9C490348A6.d.F99A1832C11C713039E356BAE2F2DD85.e.11982/click - {}
RESULT: {}
COMMAND: GET /session/fd95c45ccda87168f56760c12bc05b9d/screenshot - {}
RESULT: {}
COMMAND: POST /session/fd95c45ccda87168f56760c12bc05b9d/execute/async - {"script":"<script> [1562 bytes]","args":[{"selector":{"id":"application-managehandovers-display-component---AddNewHO--confirmCreationButton","interaction":{"idSuffix":"BDI-content"}},"wdio_ui5_key":"applicationmanagehandovers-display-component---AddNewHO--confirmCreationButton"}]}
RESULT: {"script":"<script> [1562 bytes]","args":[{"selector":{"id":"application-managehandovers-display-component---AddNewHO--confirmCreationButton","interaction":{"idSuffix":"BDI-content"}},"wdio_ui5_key":"applicationmanagehandovers-display-component---AddNewHO--confirmCreationButton"}]}
RESULT: undefined
COMMAND: POST /session/fd95c45ccda87168f56760c12bc05b9d/element - {"using":"xpath","value":"//*[@id=\"application-managehandovers-display-component---AddNewHO--confirmCreationButton\"]"}
RESULT: {"using":"xpath","value":"//*[@id=\"application-managehandovers-display-component---AddNewHO--confirmCreationButton\"]"}
COMMAND: POST /session/fd95c45ccda87168f56760c12bc05b9d/element/f.1202D19FA9159A4DFC5EAE9C490348A6.d.F99A1832C11C713039E356BAE2F2DD85.e.11740/click - {}
RESULT: {}
COMMAND: GET /session/fd95c45ccda87168f56760c12bc05b9d/screenshot - {}
RESULT: {}
COMMAND: POST /session/fd95c45ccda87168f56760c12bc05b9d/element - {"using":"xpath","value":"//button[@data-kt=\"PickingTableConfirmAllButton\"]"}
RESULT: {"using":"xpath","value":"//button[@data-kt=\"PickingTableConfirmAllButton\"]"}
COMMAND: POST /session/fd95c45ccda87168f56760c12bc05b9d/elements - {"using":"xpath","value":"//button[@data-kt=\"PickingTableConfirmAllButton\"]"}
RESULT: {"using":"xpath","value":"//button[@data-kt=\"PickingTableConfirmAllButton\"]"}
COMMAND: POST /session/fd95c45ccda87168f56760c12bc05b9d/elements - {"using":"xpath","value":"//button[@data-kt=\"PickingTableConfirmAllButton\"]"}
RESULT: {"using":"xpath","value":"//button[@data-kt=\"PickingTableConfirmAllButton\"]"}
COMMAND: POST /session/fd95c45ccda87168f56760c12bc05b9d/elements - {"using":"xpath","value":"//button[@data-kt=\"PickingTableConfirmAllButton\"]"}
RESULT: {"using":"xpath","value":"//button[@data-kt=\"PickingTableConfirmAllButton\"]"}
COMMAND: POST /session/fd95c45ccda87168f56760c12bc05b9d/element - {"using":"xpath","value":"//button[@data-kt=\"PickingTableConfirmAllButton\"]"}
RESULT: {"using":"xpath","value":"//button[@data-kt=\"PickingTableConfirmAllButton\"]"}
COMMAND: POST /session/fd95c45ccda87168f56760c12bc05b9d/element/f.1202D19FA9159A4DFC5EAE9C490348A6.d.F99A1832C11C713039E356BAE2F2DD85.e.12029/click - {}
COMMAND: POST /session/fd95c45ccda87168f56760c12bc05b9d/element - {"using":"xpath","value":"//button[@data-kt=\"PickingTableConfirmAllButton\"]"}
RESULT: {"using":"xpath","value":"//button[@data-kt=\"PickingTableConfirmAllButton\"]"}
COMMAND: POST /session/fd95c45ccda87168f56760c12bc05b9d/element/f.1202D19FA9159A4DFC5EAE9C490348A6.d.F99A1832C11C713039E356BAE2F2DD85.e.12029/click - {}
COMMAND: POST /session/fd95c45ccda87168f56760c12bc05b9d/element - {"using":"xpath","value":"//button[@data-kt=\"PickingTableConfirmAllButton\"]"}
RESULT: {"using":"xpath","value":"//button[@data-kt=\"PickingTableConfirmAllButton\"]"}
COMMAND: POST /session/fd95c45ccda87168f56760c12bc05b9d/element/f.1202D19FA9159A4DFC5EAE9C490348A6.d.F99A1832C11C713039E356BAE2F2DD85.e.12043/click - {}
RESULT: {}
COMMAND: GET /session/fd95c45ccda87168f56760c12bc05b9d/screenshot - {}
RESULT: {}
COMMAND: POST /session/fd95c45ccda87168f56760c12bc05b9d/element - {"using":"xpath","value":"//bdi[contains(text(), \"OK\")]"}
RESULT: {"using":"xpath","value":"//bdi[contains(text(), \"OK\")]"}
COMMAND: POST /session/fd95c45ccda87168f56760c12bc05b9d/element/f.1202D19FA9159A4DFC5EAE9C490348A6.d.F99A1832C11C713039E356BAE2F2DD85.e.12045/click - {}
RESULT: {}
COMMAND: GET /session/fd95c45ccda87168f56760c12bc05b9d/screenshot - {}
RESULT: {}
COMMAND: POST /session/fd95c45ccda87168f56760c12bc05b9d/element - {"using":"xpath","value":"//bdi[contains(text(), \"Issue\")]"}
RESULT: {"using":"xpath","value":"//bdi[contains(text(), \"Issue\")]"}
COMMAND: POST /session/fd95c45ccda87168f56760c12bc05b9d/element/f.1202D19FA9159A4DFC5EAE9C490348A6.d.F99A1832C11C713039E356BAE2F2DD85.e.12047/click - {}
RESULT: {}
COMMAND: GET /session/fd95c45ccda87168f56760c12bc05b9d/screenshot - {}
RESULT: {}
COMMAND: POST /session/fd95c45ccda87168f56760c12bc05b9d/element - {"using":"css selector","value":"#shell-header-logo"}
RESULT: {"using":"css selector","value":"#shell-header-logo"}
COMMAND: POST /session/fd95c45ccda87168f56760c12bc05b9d/element/f.1202D19FA9159A4DFC5EAE9C490348A6.d.F99A1832C11C713039E356BAE2F2DD85.e.11105/click - {}
RESULT: {}
COMMAND: GET /session/fd95c45ccda87168f56760c12bc05b9d/screenshot - {}
RESULT: {}
]]></system-out>
    </testcase>
    <testcase classname="chrome.135_0_7049_96.windows.Billing_transfer_US117289" name="Should navigate to Manage Billings and trigger contract calculation business confirm it" time="61.858">
      <system-out><![CDATA[
COMMAND: POST /session/fd95c45ccda87168f56760c12bc05b9d/execute/async - {"script":"<script> [1562 bytes]","args":[{"selector":{"controlType":"sap.m.GenericTile","properties":{"header":"Manage Billings"}},"wdio_ui5_key":"sapm.GenericTile{\"header\":\"Manage Billings\"}"}]}
RESULT: {"script":"<script> [1562 bytes]","args":[{"selector":{"controlType":"sap.m.GenericTile","properties":{"header":"Manage Billings"}},"wdio_ui5_key":"sapm.GenericTile{\"header\":\"Manage Billings\"}"}]}
RESULT: undefined
COMMAND: POST /session/fd95c45ccda87168f56760c12bc05b9d/element - {"using":"xpath","value":"//*[@id=\"__tile51\"]"}
RESULT: {"using":"xpath","value":"//*[@id=\"__tile51\"]"}
COMMAND: POST /session/fd95c45ccda87168f56760c12bc05b9d/element/f.1202D19FA9159A4DFC5EAE9C490348A6.d.F99A1832C11C713039E356BAE2F2DD85.e.9135/click - {}
RESULT: {}
COMMAND: GET /session/fd95c45ccda87168f56760c12bc05b9d/screenshot - {}
RESULT: {}
COMMAND: POST /session/fd95c45ccda87168f56760c12bc05b9d/execute/async - {"script":"<script> [1562 bytes]","args":[{"selector":{"id":"application-managebillings-display-component---billRunCalcResult--smartFilterBar-btnBasicSearch","interaction":{"idSuffix":"I"}},"wdio_ui5_key":"applicationmanagebillings-display-component---billRunCalcResult--smartFilterBar-btnBasicSearch"}]}
RESULT: {"script":"<script> [1562 bytes]","args":[{"selector":{"id":"application-managebillings-display-component---billRunCalcResult--smartFilterBar-btnBasicSearch","interaction":{"idSuffix":"I"}},"wdio_ui5_key":"applicationmanagebillings-display-component---billRunCalcResult--smartFilterBar-btnBasicSearch"}]}
RESULT: undefined
COMMAND: POST /session/fd95c45ccda87168f56760c12bc05b9d/execute/async - {"script":"<script> [776 bytes]","args":[{"enterText":"10689","selector":{"id":"application-managebillings-display-component---billRunCalcResult--smartFilterBar-btnBasicSearch","interaction":{"idSuffix":"I"}},"clearTextFirst":true,"interactionType":"ENTER_TEXT"}]}
RESULT: {"script":"<script> [776 bytes]","args":[{"enterText":"10689","selector":{"id":"application-managebillings-display-component---billRunCalcResult--smartFilterBar-btnBasicSearch","interaction":{"idSuffix":"I"}},"clearTextFirst":true,"interactionType":"ENTER_TEXT"}]}
COMMAND: POST /session/fd95c45ccda87168f56760c12bc05b9d/actions - {"actions":[{"id":"action40","type":"key","parameters":{},"actions":[{"type":"keyDown","value":"î€‡"},{"type":"pause","duration":10},{"type":"keyUp","value":"î€‡"}]}]}
RESULT: {"actions":[{"id":"action40","type":"key","parameters":{},"actions":[{"type":"keyDown","value":"î€‡"},{"type":"pause","duration":10},{"type":"keyUp","value":"î€‡"}]}]}
COMMAND: GET /session/fd95c45ccda87168f56760c12bc05b9d/screenshot - {}
RESULT: {}
COMMAND: POST /session/fd95c45ccda87168f56760c12bc05b9d/element - {"using":"xpath","value":"//td[@aria-colindex=\"1\"]/div/div[contains(@class, \"sapMCbBg\")]"}
RESULT: {"using":"xpath","value":"//td[@aria-colindex=\"1\"]/div/div[contains(@class, \"sapMCbBg\")]"}
COMMAND: POST /session/fd95c45ccda87168f56760c12bc05b9d/element/f.1202D19FA9159A4DFC5EAE9C490348A6.d.F99A1832C11C713039E356BAE2F2DD85.e.12431/click - {}
RESULT: {}
COMMAND: GET /session/fd95c45ccda87168f56760c12bc05b9d/screenshot - {}
RESULT: {}
COMMAND: POST /session/fd95c45ccda87168f56760c12bc05b9d/execute/async - {"script":"<script> [1562 bytes]","args":[{"selector":{"id":"application-managebillings-display-component---billRunCalcResult--contractBillRunDate","interaction":{"idSuffix":"inner"}},"wdio_ui5_key":"applicationmanagebillings-display-component---billRunCalcResult--contractBillRunDate"}]}
RESULT: {"script":"<script> [1562 bytes]","args":[{"selector":{"id":"application-managebillings-display-component---billRunCalcResult--contractBillRunDate","interaction":{"idSuffix":"inner"}},"wdio_ui5_key":"applicationmanagebillings-display-component---billRunCalcResult--contractBillRunDate"}]}
RESULT: undefined
COMMAND: POST /session/fd95c45ccda87168f56760c12bc05b9d/execute/async - {"script":"<script> [776 bytes]","args":[{"enterText":"05/24/25","selector":{"id":"application-managebillings-display-component---billRunCalcResult--contractBillRunDate","interaction":{"idSuffix":"inner"}},"clearTextFirst":true,"interactionType":"ENTER_TEXT"}]}
RESULT: {"script":"<script> [776 bytes]","args":[{"enterText":"05/24/25","selector":{"id":"application-managebillings-display-component---billRunCalcResult--contractBillRunDate","interaction":{"idSuffix":"inner"}},"clearTextFirst":true,"interactionType":"ENTER_TEXT"}]}
COMMAND: POST /session/fd95c45ccda87168f56760c12bc05b9d/element - {"using":"xpath","value":"//bdi[contains(text(), \"Trigger Calculation\")]"}
RESULT: {"using":"xpath","value":"//bdi[contains(text(), \"Trigger Calculation\")]"}
COMMAND: POST /session/fd95c45ccda87168f56760c12bc05b9d/element/f.1202D19FA9159A4DFC5EAE9C490348A6.d.F99A1832C11C713039E356BAE2F2DD85.e.12483/click - {}
RESULT: {}
COMMAND: GET /session/fd95c45ccda87168f56760c12bc05b9d/screenshot - {}
RESULT: {}
COMMAND: POST /session/fd95c45ccda87168f56760c12bc05b9d/element - {"using":"xpath","value":"(//span[contains(@id, \"imgNav\")])[1]"}
RESULT: {"using":"xpath","value":"(//span[contains(@id, \"imgNav\")])[1]"}
COMMAND: POST /session/fd95c45ccda87168f56760c12bc05b9d/element/f.1202D19FA9159A4DFC5EAE9C490348A6.d.F99A1832C11C713039E356BAE2F2DD85.e.12432/click - {}
RESULT: {}
COMMAND: GET /session/fd95c45ccda87168f56760c12bc05b9d/screenshot - {}
RESULT: {}
COMMAND: POST /session/fd95c45ccda87168f56760c12bc05b9d/execute/async - {"script":"<script> [1562 bytes]","args":[{"selector":{"controlType":"sap.ui.core.Icon","viewName":"etm.portal.ui.managebillings.view.Master","viewId":"application-managebillings-display-component---billRunCalcResult","properties":{"src":{"regex":{"source":"slim\\-arrow\\-right"}}}},"wdio_ui5_key":"etmportal.ui.managebillings.view.Mastersap.ui.core.Icon{\"src\":{\"regex\":{\"source\":\"slim\\\\-arrow\\\\-right\"}}}"}]}
RESULT: {"script":"<script> [1562 bytes]","args":[{"selector":{"controlType":"sap.ui.core.Icon","viewName":"etm.portal.ui.managebillings.view.Master","viewId":"application-managebillings-display-component---billRunCalcResult","properties":{"src":{"regex":{"source":"slim\\-arrow\\-right"}}}},"wdio_ui5_key":"etmportal.ui.managebillings.view.Mastersap.ui.core.Icon{\"src\":{\"regex\":{\"source\":\"slim\\\\-arrow\\\\-right\"}}}"}]}
RESULT: undefined
COMMAND: POST /session/fd95c45ccda87168f56760c12bc05b9d/element - {"using":"xpath","value":"//*[@id=\"__item2941-application-managebillings-display-component---billRunCalcResult--billingRunsTable-0-imgNav\"]"}
RESULT: {"using":"xpath","value":"//*[@id=\"__item2941-application-managebillings-display-component---billRunCalcResult--billingRunsTable-0-imgNav\"]"}
COMMAND: POST /session/fd95c45ccda87168f56760c12bc05b9d/element/f.1202D19FA9159A4DFC5EAE9C490348A6.d.F99A1832C11C713039E356BAE2F2DD85.e.12487/click - {}
RESULT: {}
COMMAND: POST /session/fd95c45ccda87168f56760c12bc05b9d/execute/async - {"script":"<script> [1562 bytes]","args":[{"selector":{"id":"application-managebillings-display-component---billRunCalcResult--btnConf","interaction":{"idSuffix":"BDI-content"}},"wdio_ui5_key":"applicationmanagebillings-display-component---billRunCalcResult--btnConf"}]}
COMMAND: GET /session/fd95c45ccda87168f56760c12bc05b9d/screenshot - {}
RESULT: {"script":"<script> [1562 bytes]","args":[{"selector":{"id":"application-managebillings-display-component---billRunCalcResult--btnConf","interaction":{"idSuffix":"BDI-content"}},"wdio_ui5_key":"applicationmanagebillings-display-component---billRunCalcResult--btnConf"}]}
RESULT: undefined
COMMAND: POST /session/fd95c45ccda87168f56760c12bc05b9d/element - {"using":"xpath","value":"//*[@id=\"application-managebillings-display-component---billRunCalcResult--btnConf\"]"}
RESULT: {}
RESULT: {"using":"xpath","value":"//*[@id=\"application-managebillings-display-component---billRunCalcResult--btnConf\"]"}
COMMAND: POST /session/fd95c45ccda87168f56760c12bc05b9d/element/f.1202D19FA9159A4DFC5EAE9C490348A6.d.F99A1832C11C713039E356BAE2F2DD85.e.12516/click - {}
RESULT: {}
COMMAND: POST /session/fd95c45ccda87168f56760c12bc05b9d/element - {"using":"css selector","value":"#shell-header-logo"}
COMMAND: GET /session/fd95c45ccda87168f56760c12bc05b9d/screenshot - {}
RESULT: {"using":"css selector","value":"#shell-header-logo"}
COMMAND: POST /session/fd95c45ccda87168f56760c12bc05b9d/element/f.1202D19FA9159A4DFC5EAE9C490348A6.d.F99A1832C11C713039E356BAE2F2DD85.e.12220/click - {}
RESULT: {}
RESULT: {}
COMMAND: GET /session/fd95c45ccda87168f56760c12bc05b9d/screenshot - {}
RESULT: {}
]]></system-out>
    </testcase>
    <testcase classname="chrome.135_0_7049_96.windows.Billing_transfer_US117289" name="Should trigger Billing Transfer process all the way to completion" time="76.995">
      <system-out><![CDATA[
COMMAND: POST /session/fd95c45ccda87168f56760c12bc05b9d/execute/async - {"script":"<script> [1562 bytes]","args":[{"selector":{"controlType":"sap.m.GenericTile","properties":{"header":"Billing Transfer"}},"wdio_ui5_key":"sapm.GenericTile{\"header\":\"Billing Transfer\"}"}]}
RESULT: {"script":"<script> [1562 bytes]","args":[{"selector":{"controlType":"sap.m.GenericTile","properties":{"header":"Billing Transfer"}},"wdio_ui5_key":"sapm.GenericTile{\"header\":\"Billing Transfer\"}"}]}
RESULT: undefined
COMMAND: POST /session/fd95c45ccda87168f56760c12bc05b9d/element - {"using":"xpath","value":"//*[@id=\"__tile50\"]"}
RESULT: {"using":"xpath","value":"//*[@id=\"__tile50\"]"}
COMMAND: POST /session/fd95c45ccda87168f56760c12bc05b9d/element/f.1202D19FA9159A4DFC5EAE9C490348A6.d.F99A1832C11C713039E356BAE2F2DD85.e.9133/click - {}
RESULT: {}
COMMAND: POST /session/fd95c45ccda87168f56760c12bc05b9d/element - {"using":"xpath","value":"//input[contains(@id ,\"application-billingtransfer-display-component---billingWorkbench--smartFilterBar-btnBasicSearch\")]"}
COMMAND: GET /session/fd95c45ccda87168f56760c12bc05b9d/screenshot - {}
RESULT: {"using":"xpath","value":"//input[contains(@id ,\"application-billingtransfer-display-component---billingWorkbench--smartFilterBar-btnBasicSearch\")]"}
COMMAND: POST /session/fd95c45ccda87168f56760c12bc05b9d/elements - {"using":"xpath","value":"//input[contains(@id ,\"application-billingtransfer-display-component---billingWorkbench--smartFilterBar-btnBasicSearch\")]"}
RESULT: {}
RESULT: {"using":"xpath","value":"//input[contains(@id ,\"application-billingtransfer-display-component---billingWorkbench--smartFilterBar-btnBasicSearch\")]"}
COMMAND: POST /session/fd95c45ccda87168f56760c12bc05b9d/execute/sync - {"script":"<script> [8489 bytes]","args":[{"element-6066-11e4-a52e-4f735466cecf":"f.1202D19FA9159A4DFC5EAE9C490348A6.d.F99A1832C11C713039E356BAE2F2DD85.e.12552","ELEMENT":"f.1202D19FA9159A4DFC5EAE9C490348A6.d.F99A1832C11C713039E356BAE2F2DD85.e.12552"}]}
RESULT: {"script":"<script> [8489 bytes]","args":[{"element-6066-11e4-a52e-4f735466cecf":"f.1202D19FA9159A4DFC5EAE9C490348A6.d.F99A1832C11C713039E356BAE2F2DD85.e.12552","ELEMENT":"f.1202D19FA9159A4DFC5EAE9C490348A6.d.F99A1832C11C713039E356BAE2F2DD85.e.12552"}]}
COMMAND: GET /session/fd95c45ccda87168f56760c12bc05b9d/element/f.1202D19FA9159A4DFC5EAE9C490348A6.d.F99A1832C11C713039E356BAE2F2DD85.e.12552/enabled - {}
COMMAND: GET /session/fd95c45ccda87168f56760c12bc05b9d/screenshot - {}
RESULT: {}
COMMAND: POST /session/fd95c45ccda87168f56760c12bc05b9d/element/f.1202D19FA9159A4DFC5EAE9C490348A6.d.F99A1832C11C713039E356BAE2F2DD85.e.12552/click - {}
COMMAND: GET /session/fd95c45ccda87168f56760c12bc05b9d/screenshot - {}
RESULT: {}
RESULT: {}
COMMAND: GET /session/fd95c45ccda87168f56760c12bc05b9d/screenshot - {}
RESULT: {}
RESULT: {}
COMMAND: POST /session/fd95c45ccda87168f56760c12bc05b9d/element/f.1202D19FA9159A4DFC5EAE9C490348A6.d.F99A1832C11C713039E356BAE2F2DD85.e.12552/clear - {}
RESULT: {}
COMMAND: POST /session/fd95c45ccda87168f56760c12bc05b9d/element/f.1202D19FA9159A4DFC5EAE9C490348A6.d.F99A1832C11C713039E356BAE2F2DD85.e.12552/value - {"text":"10689"}
COMMAND: GET /session/fd95c45ccda87168f56760c12bc05b9d/screenshot - {}
RESULT: {"text":"10689"}
COMMAND: POST /session/fd95c45ccda87168f56760c12bc05b9d/actions - {"actions":[{"id":"action41","type":"key","parameters":{},"actions":[{"type":"keyDown","value":"î€‡"},{"type":"pause","duration":10},{"type":"keyUp","value":"î€‡"}]}]}
COMMAND: GET /session/fd95c45ccda87168f56760c12bc05b9d/screenshot - {}
RESULT: {}
RESULT: {"actions":[{"id":"action41","type":"key","parameters":{},"actions":[{"type":"keyDown","value":"î€‡"},{"type":"pause","duration":10},{"type":"keyUp","value":"î€‡"}]}]}
COMMAND: GET /session/fd95c45ccda87168f56760c12bc05b9d/screenshot - {}
RESULT: {}
RESULT: {}
COMMAND: POST /session/fd95c45ccda87168f56760c12bc05b9d/element - {"using":"xpath","value":"//span[contains(@id ,\"application-billingtransfer-display-component---billingWorkbench--smartTableBillingRuns-header-inner\")]"}
RESULT: {"using":"xpath","value":"//span[contains(@id ,\"application-billingtransfer-display-component---billingWorkbench--smartTableBillingRuns-header-inner\")]"}
COMMAND: POST /session/fd95c45ccda87168f56760c12bc05b9d/elements - {"using":"xpath","value":"//span[contains(@id ,\"application-billingtransfer-display-component---billingWorkbench--smartTableBillingRuns-header-inner\")]"}
RESULT: {"using":"xpath","value":"//span[contains(@id ,\"application-billingtransfer-display-component---billingWorkbench--smartTableBillingRuns-header-inner\")]"}
COMMAND: POST /session/fd95c45ccda87168f56760c12bc05b9d/execute/sync - {"script":"<script> [56 bytes]","args":[{"element-6066-11e4-a52e-4f735466cecf":"f.1202D19FA9159A4DFC5EAE9C490348A6.d.F99A1832C11C713039E356BAE2F2DD85.e.12695","ELEMENT":"f.1202D19FA9159A4DFC5EAE9C490348A6.d.F99A1832C11C713039E356BAE2F2DD85.e.12695"}]}
RESULT: {"script":"<script> [56 bytes]","args":[{"element-6066-11e4-a52e-4f735466cecf":"f.1202D19FA9159A4DFC5EAE9C490348A6.d.F99A1832C11C713039E356BAE2F2DD85.e.12695","ELEMENT":"f.1202D19FA9159A4DFC5EAE9C490348A6.d.F99A1832C11C713039E356BAE2F2DD85.e.12695"}]}
COMMAND: POST /session/fd95c45ccda87168f56760c12bc05b9d/element - {"using":"xpath","value":"//td[@aria-colindex=\"1\"]/div/div[contains(@class, \"sapMCbBg\")]"}
RESULT: {"using":"xpath","value":"//td[@aria-colindex=\"1\"]/div/div[contains(@class, \"sapMCbBg\")]"}
COMMAND: POST /session/fd95c45ccda87168f56760c12bc05b9d/element/f.1202D19FA9159A4DFC5EAE9C490348A6.d.F99A1832C11C713039E356BAE2F2DD85.e.12688/click - {}
COMMAND: GET /session/fd95c45ccda87168f56760c12bc05b9d/screenshot - {}
RESULT: {}
COMMAND: GET /session/fd95c45ccda87168f56760c12bc05b9d/screenshot - {}
RESULT: {}
RESULT: {}
COMMAND: POST /session/fd95c45ccda87168f56760c12bc05b9d/element - {"using":"xpath","value":"//bdi[contains(text(), \"Check\")]"}
RESULT: {"using":"xpath","value":"//bdi[contains(text(), \"Check\")]"}
COMMAND: POST /session/fd95c45ccda87168f56760c12bc05b9d/element/f.1202D19FA9159A4DFC5EAE9C490348A6.d.F99A1832C11C713039E356BAE2F2DD85.e.12696/click - {}
RESULT: {}
COMMAND: GET /session/fd95c45ccda87168f56760c12bc05b9d/screenshot - {}
RESULT: {}
COMMAND: POST /session/fd95c45ccda87168f56760c12bc05b9d/element - {"using":"xpath","value":"//bdi[contains(text(), \"OK\")]"}
RESULT: {"using":"xpath","value":"//bdi[contains(text(), \"OK\")]"}
COMMAND: POST /session/fd95c45ccda87168f56760c12bc05b9d/element/f.1202D19FA9159A4DFC5EAE9C490348A6.d.F99A1832C11C713039E356BAE2F2DD85.e.12700/click - {}
RESULT: {}
COMMAND: GET /session/fd95c45ccda87168f56760c12bc05b9d/screenshot - {}
RESULT: {}
COMMAND: POST /session/fd95c45ccda87168f56760c12bc05b9d/element - {"using":"xpath","value":"(//span[contains(text(), \"CO/SD checked\")]/parent::div/preceding-sibling::div/span)[1]"}
RESULT: {"using":"xpath","value":"(//span[contains(text(), \"CO/SD checked\")]/parent::div/preceding-sibling::div/span)[1]"}
COMMAND: POST /session/fd95c45ccda87168f56760c12bc05b9d/element/f.1202D19FA9159A4DFC5EAE9C490348A6.d.F99A1832C11C713039E356BAE2F2DD85.e.12709/click - {}
RESULT: {}
COMMAND: GET /session/fd95c45ccda87168f56760c12bc05b9d/screenshot - {}
RESULT: {}
COMMAND: POST /session/fd95c45ccda87168f56760c12bc05b9d/element - {"using":"xpath","value":"//input[contains(@id ,\"application-billingtransfer-display-component---billingWorkbench--smartFilterBar-btnBasicSearch\")]"}
RESULT: {"using":"xpath","value":"//input[contains(@id ,\"application-billingtransfer-display-component---billingWorkbench--smartFilterBar-btnBasicSearch\")]"}
COMMAND: POST /session/fd95c45ccda87168f56760c12bc05b9d/elements - {"using":"xpath","value":"//input[contains(@id ,\"application-billingtransfer-display-component---billingWorkbench--smartFilterBar-btnBasicSearch\")]"}
RESULT: {"using":"xpath","value":"//input[contains(@id ,\"application-billingtransfer-display-component---billingWorkbench--smartFilterBar-btnBasicSearch\")]"}
COMMAND: POST /session/fd95c45ccda87168f56760c12bc05b9d/execute/sync - {"script":"<script> [8489 bytes]","args":[{"element-6066-11e4-a52e-4f735466cecf":"f.1202D19FA9159A4DFC5EAE9C490348A6.d.F99A1832C11C713039E356BAE2F2DD85.e.12552","ELEMENT":"f.1202D19FA9159A4DFC5EAE9C490348A6.d.F99A1832C11C713039E356BAE2F2DD85.e.12552"}]}
RESULT: {"script":"<script> [8489 bytes]","args":[{"element-6066-11e4-a52e-4f735466cecf":"f.1202D19FA9159A4DFC5EAE9C490348A6.d.F99A1832C11C713039E356BAE2F2DD85.e.12552","ELEMENT":"f.1202D19FA9159A4DFC5EAE9C490348A6.d.F99A1832C11C713039E356BAE2F2DD85.e.12552"}]}
COMMAND: GET /session/fd95c45ccda87168f56760c12bc05b9d/element/f.1202D19FA9159A4DFC5EAE9C490348A6.d.F99A1832C11C713039E356BAE2F2DD85.e.12552/enabled - {}
COMMAND: GET /session/fd95c45ccda87168f56760c12bc05b9d/screenshot - {}
RESULT: {}
COMMAND: POST /session/fd95c45ccda87168f56760c12bc05b9d/element/f.1202D19FA9159A4DFC5EAE9C490348A6.d.F99A1832C11C713039E356BAE2F2DD85.e.12552/click - {}
COMMAND: GET /session/fd95c45ccda87168f56760c12bc05b9d/screenshot - {}
RESULT: {}
RESULT: {}
COMMAND: GET /session/fd95c45ccda87168f56760c12bc05b9d/screenshot - {}
RESULT: {}
RESULT: {}
COMMAND: POST /session/fd95c45ccda87168f56760c12bc05b9d/element/f.1202D19FA9159A4DFC5EAE9C490348A6.d.F99A1832C11C713039E356BAE2F2DD85.e.12552/clear - {}
RESULT: {}
COMMAND: POST /session/fd95c45ccda87168f56760c12bc05b9d/element/f.1202D19FA9159A4DFC5EAE9C490348A6.d.F99A1832C11C713039E356BAE2F2DD85.e.12552/value - {"text":"10689"}
COMMAND: GET /session/fd95c45ccda87168f56760c12bc05b9d/screenshot - {}
RESULT: {"text":"10689"}
COMMAND: POST /session/fd95c45ccda87168f56760c12bc05b9d/actions - {"actions":[{"id":"action42","type":"key","parameters":{},"actions":[{"type":"keyDown","value":"î€‡"},{"type":"pause","duration":10},{"type":"keyUp","value":"î€‡"}]}]}
COMMAND: GET /session/fd95c45ccda87168f56760c12bc05b9d/screenshot - {}
RESULT: {}
RESULT: {"actions":[{"id":"action42","type":"key","parameters":{},"actions":[{"type":"keyDown","value":"î€‡"},{"type":"pause","duration":10},{"type":"keyUp","value":"î€‡"}]}]}
COMMAND: GET /session/fd95c45ccda87168f56760c12bc05b9d/screenshot - {}
RESULT: {}
RESULT: {}
COMMAND: POST /session/fd95c45ccda87168f56760c12bc05b9d/element - {"using":"xpath","value":"//span[contains(@id ,\"application-billingtransfer-display-component---billingWorkbench--smartTableBillingRuns-header-inner\")]"}
RESULT: {"using":"xpath","value":"//span[contains(@id ,\"application-billingtransfer-display-component---billingWorkbench--smartTableBillingRuns-header-inner\")]"}
COMMAND: POST /session/fd95c45ccda87168f56760c12bc05b9d/elements - {"using":"xpath","value":"//span[contains(@id ,\"application-billingtransfer-display-component---billingWorkbench--smartTableBillingRuns-header-inner\")]"}
RESULT: {"using":"xpath","value":"//span[contains(@id ,\"application-billingtransfer-display-component---billingWorkbench--smartTableBillingRuns-header-inner\")]"}
COMMAND: POST /session/fd95c45ccda87168f56760c12bc05b9d/execute/sync - {"script":"<script> [56 bytes]","args":[{"element-6066-11e4-a52e-4f735466cecf":"f.1202D19FA9159A4DFC5EAE9C490348A6.d.F99A1832C11C713039E356BAE2F2DD85.e.12695","ELEMENT":"f.1202D19FA9159A4DFC5EAE9C490348A6.d.F99A1832C11C713039E356BAE2F2DD85.e.12695"}]}
RESULT: {"script":"<script> [56 bytes]","args":[{"element-6066-11e4-a52e-4f735466cecf":"f.1202D19FA9159A4DFC5EAE9C490348A6.d.F99A1832C11C713039E356BAE2F2DD85.e.12695","ELEMENT":"f.1202D19FA9159A4DFC5EAE9C490348A6.d.F99A1832C11C713039E356BAE2F2DD85.e.12695"}]}
COMMAND: POST /session/fd95c45ccda87168f56760c12bc05b9d/element - {"using":"xpath","value":"//td[@aria-colindex=\"1\"]/div/div[contains(@class, \"sapMCbBg\")]"}
COMMAND: GET /session/fd95c45ccda87168f56760c12bc05b9d/screenshot - {}
RESULT: {"using":"xpath","value":"//td[@aria-colindex=\"1\"]/div/div[contains(@class, \"sapMCbBg\")]"}
COMMAND: POST /session/fd95c45ccda87168f56760c12bc05b9d/element/f.1202D19FA9159A4DFC5EAE9C490348A6.d.F99A1832C11C713039E356BAE2F2DD85.e.12714/click - {}
RESULT: {}
RESULT: {}
COMMAND: GET /session/fd95c45ccda87168f56760c12bc05b9d/screenshot - {}
RESULT: {}
COMMAND: POST /session/fd95c45ccda87168f56760c12bc05b9d/element - {"using":"xpath","value":"//bdi[text()=\"Transfer\"]"}
RESULT: {"using":"xpath","value":"//bdi[text()=\"Transfer\"]"}
COMMAND: POST /session/fd95c45ccda87168f56760c12bc05b9d/element/f.1202D19FA9159A4DFC5EAE9C490348A6.d.F99A1832C11C713039E356BAE2F2DD85.e.12715/click - {}
RESULT: {}
COMMAND: GET /session/fd95c45ccda87168f56760c12bc05b9d/screenshot - {}
RESULT: {}
COMMAND: POST /session/fd95c45ccda87168f56760c12bc05b9d/element - {"using":"xpath","value":"//bdi[contains(text(), \"OK\")]"}
RESULT: {"using":"xpath","value":"//bdi[contains(text(), \"OK\")]"}
COMMAND: POST /session/fd95c45ccda87168f56760c12bc05b9d/element/f.1202D19FA9159A4DFC5EAE9C490348A6.d.F99A1832C11C713039E356BAE2F2DD85.e.12718/click - {}
RESULT: {}
COMMAND: GET /session/fd95c45ccda87168f56760c12bc05b9d/screenshot - {}
RESULT: {}
COMMAND: POST /session/fd95c45ccda87168f56760c12bc05b9d/element - {"using":"xpath","value":"(//span[contains(text(), \"Completed\")]/parent::div/preceding-sibling::div/span)[1]"}
RESULT: {"using":"xpath","value":"(//span[contains(text(), \"Completed\")]/parent::div/preceding-sibling::div/span)[1]"}
COMMAND: POST /session/fd95c45ccda87168f56760c12bc05b9d/element/f.1202D19FA9159A4DFC5EAE9C490348A6.d.F99A1832C11C713039E356BAE2F2DD85.e.12726/click - {}
RESULT: {}
COMMAND: POST /session/fd95c45ccda87168f56760c12bc05b9d/element - {"using":"xpath","value":"//input[contains(@id ,\"application-billingtransfer-display-component---billingWorkbench--smartFilterBar-btnBasicSearch\")]"}
COMMAND: GET /session/fd95c45ccda87168f56760c12bc05b9d/screenshot - {}
RESULT: {"using":"xpath","value":"//input[contains(@id ,\"application-billingtransfer-display-component---billingWorkbench--smartFilterBar-btnBasicSearch\")]"}
COMMAND: POST /session/fd95c45ccda87168f56760c12bc05b9d/elements - {"using":"xpath","value":"//input[contains(@id ,\"application-billingtransfer-display-component---billingWorkbench--smartFilterBar-btnBasicSearch\")]"}
RESULT: {}
RESULT: {"using":"xpath","value":"//input[contains(@id ,\"application-billingtransfer-display-component---billingWorkbench--smartFilterBar-btnBasicSearch\")]"}
COMMAND: POST /session/fd95c45ccda87168f56760c12bc05b9d/execute/sync - {"script":"<script> [8489 bytes]","args":[{"element-6066-11e4-a52e-4f735466cecf":"f.1202D19FA9159A4DFC5EAE9C490348A6.d.F99A1832C11C713039E356BAE2F2DD85.e.12552","ELEMENT":"f.1202D19FA9159A4DFC5EAE9C490348A6.d.F99A1832C11C713039E356BAE2F2DD85.e.12552"}]}
RESULT: {"script":"<script> [8489 bytes]","args":[{"element-6066-11e4-a52e-4f735466cecf":"f.1202D19FA9159A4DFC5EAE9C490348A6.d.F99A1832C11C713039E356BAE2F2DD85.e.12552","ELEMENT":"f.1202D19FA9159A4DFC5EAE9C490348A6.d.F99A1832C11C713039E356BAE2F2DD85.e.12552"}]}
COMMAND: GET /session/fd95c45ccda87168f56760c12bc05b9d/element/f.1202D19FA9159A4DFC5EAE9C490348A6.d.F99A1832C11C713039E356BAE2F2DD85.e.12552/enabled - {}
COMMAND: GET /session/fd95c45ccda87168f56760c12bc05b9d/screenshot - {}
RESULT: {}
COMMAND: POST /session/fd95c45ccda87168f56760c12bc05b9d/element/f.1202D19FA9159A4DFC5EAE9C490348A6.d.F99A1832C11C713039E356BAE2F2DD85.e.12552/click - {}
COMMAND: GET /session/fd95c45ccda87168f56760c12bc05b9d/screenshot - {}
RESULT: {}
RESULT: {}
COMMAND: GET /session/fd95c45ccda87168f56760c12bc05b9d/screenshot - {}
RESULT: {}
RESULT: {}
COMMAND: POST /session/fd95c45ccda87168f56760c12bc05b9d/element/f.1202D19FA9159A4DFC5EAE9C490348A6.d.F99A1832C11C713039E356BAE2F2DD85.e.12552/clear - {}
RESULT: {}
COMMAND: POST /session/fd95c45ccda87168f56760c12bc05b9d/element/f.1202D19FA9159A4DFC5EAE9C490348A6.d.F99A1832C11C713039E356BAE2F2DD85.e.12552/value - {"text":"10689"}
COMMAND: GET /session/fd95c45ccda87168f56760c12bc05b9d/screenshot - {}
RESULT: {"text":"10689"}
COMMAND: POST /session/fd95c45ccda87168f56760c12bc05b9d/actions - {"actions":[{"id":"action43","type":"key","parameters":{},"actions":[{"type":"keyDown","value":"î€‡"},{"type":"pause","duration":10},{"type":"keyUp","value":"î€‡"}]}]}
COMMAND: GET /session/fd95c45ccda87168f56760c12bc05b9d/screenshot - {}
RESULT: {}
RESULT: {"actions":[{"id":"action43","type":"key","parameters":{},"actions":[{"type":"keyDown","value":"î€‡"},{"type":"pause","duration":10},{"type":"keyUp","value":"î€‡"}]}]}
COMMAND: GET /session/fd95c45ccda87168f56760c12bc05b9d/screenshot - {}
RESULT: {}
RESULT: {}
COMMAND: POST /session/fd95c45ccda87168f56760c12bc05b9d/element - {"using":"xpath","value":"//span[contains(@id ,\"application-billingtransfer-display-component---billingWorkbench--smartTableBillingRuns-header-inner\")]"}
RESULT: {"using":"xpath","value":"//span[contains(@id ,\"application-billingtransfer-display-component---billingWorkbench--smartTableBillingRuns-header-inner\")]"}
COMMAND: POST /session/fd95c45ccda87168f56760c12bc05b9d/elements - {"using":"xpath","value":"//span[contains(@id ,\"application-billingtransfer-display-component---billingWorkbench--smartTableBillingRuns-header-inner\")]"}
RESULT: {"using":"xpath","value":"//span[contains(@id ,\"application-billingtransfer-display-component---billingWorkbench--smartTableBillingRuns-header-inner\")]"}
COMMAND: POST /session/fd95c45ccda87168f56760c12bc05b9d/execute/sync - {"script":"<script> [56 bytes]","args":[{"element-6066-11e4-a52e-4f735466cecf":"f.1202D19FA9159A4DFC5EAE9C490348A6.d.F99A1832C11C713039E356BAE2F2DD85.e.12695","ELEMENT":"f.1202D19FA9159A4DFC5EAE9C490348A6.d.F99A1832C11C713039E356BAE2F2DD85.e.12695"}]}
RESULT: {"script":"<script> [56 bytes]","args":[{"element-6066-11e4-a52e-4f735466cecf":"f.1202D19FA9159A4DFC5EAE9C490348A6.d.F99A1832C11C713039E356BAE2F2DD85.e.12695","ELEMENT":"f.1202D19FA9159A4DFC5EAE9C490348A6.d.F99A1832C11C713039E356BAE2F2DD85.e.12695"}]}
COMMAND: POST /session/fd95c45ccda87168f56760c12bc05b9d/element - {"using":"css selector","value":"#shell-header-logo"}
COMMAND: GET /session/fd95c45ccda87168f56760c12bc05b9d/screenshot - {}
RESULT: {"using":"css selector","value":"#shell-header-logo"}
COMMAND: POST /session/fd95c45ccda87168f56760c12bc05b9d/element/f.1202D19FA9159A4DFC5EAE9C490348A6.d.F99A1832C11C713039E356BAE2F2DD85.e.12550/click - {}
RESULT: {}
RESULT: {}
COMMAND: GET /session/fd95c45ccda87168f56760c12bc05b9d/screenshot - {}
RESULT: {}
COMMAND: POST /session/fd95c45ccda87168f56760c12bc05b9d/element - {"using":"css selector","value":"#j_username"}
COMMAND: POST /session/fd95c45ccda87168f56760c12bc05b9d/url - {"url":"https://qa-testing-00-live-etm-ui.cfapps.eu10-004.hana.ondemand.com/"}
RESULT: {"using":"css selector","value":"#j_username"}
COMMAND: POST /session/fd95c45ccda87168f56760c12bc05b9d/element - {"using":"css selector","value":"#j_username"}
RESULT: {"url":"https://qa-testing-00-live-etm-ui.cfapps.eu10-004.hana.ondemand.com/"}
RESULT: undefined
COMMAND: GET /session/fd95c45ccda87168f56760c12bc05b9d/screenshot - {}
RESULT: {"using":"css selector","value":"#j_username"}
COMMAND: POST /session/fd95c45ccda87168f56760c12bc05b9d/element - {"using":"css selector","value":"#shell-header-logo"}
RESULT: {}
RESULT: {"using":"css selector","value":"#shell-header-logo"}
COMMAND: POST /session/fd95c45ccda87168f56760c12bc05b9d/execute/sync - {"script":"<script> [8489 bytes]","args":[{"element-6066-11e4-a52e-4f735466cecf":"f.1202D19FA9159A4DFC5EAE9C490348A6.d.2A6BAD6991DA3367B8CDED487A1B3B2C.e.12742","ELEMENT":"f.1202D19FA9159A4DFC5EAE9C490348A6.d.2A6BAD6991DA3367B8CDED487A1B3B2C.e.12742"}]}
RESULT: {"script":"<script> [8489 bytes]","args":[{"element-6066-11e4-a52e-4f735466cecf":"f.1202D19FA9159A4DFC5EAE9C490348A6.d.2A6BAD6991DA3367B8CDED487A1B3B2C.e.12742","ELEMENT":"f.1202D19FA9159A4DFC5EAE9C490348A6.d.2A6BAD6991DA3367B8CDED487A1B3B2C.e.12742"}]}
COMMAND: POST /session/fd95c45ccda87168f56760c12bc05b9d/element - {"using":"css selector","value":"#shell-header-logo"}
COMMAND: GET /session/fd95c45ccda87168f56760c12bc05b9d/screenshot - {}
RESULT: {"using":"css selector","value":"#shell-header-logo"}
COMMAND: POST /session/fd95c45ccda87168f56760c12bc05b9d/execute/sync - {"script":"<script> [8489 bytes]","args":[{"element-6066-11e4-a52e-4f735466cecf":"f.1202D19FA9159A4DFC5EAE9C490348A6.d.2A6BAD6991DA3367B8CDED487A1B3B2C.e.12742","ELEMENT":"f.1202D19FA9159A4DFC5EAE9C490348A6.d.2A6BAD6991DA3367B8CDED487A1B3B2C.e.12742"}]}
RESULT: {}
RESULT: {"script":"<script> [8489 bytes]","args":[{"element-6066-11e4-a52e-4f735466cecf":"f.1202D19FA9159A4DFC5EAE9C490348A6.d.2A6BAD6991DA3367B8CDED487A1B3B2C.e.12742","ELEMENT":"f.1202D19FA9159A4DFC5EAE9C490348A6.d.2A6BAD6991DA3367B8CDED487A1B3B2C.e.12742"}]}
COMMAND: POST /session/fd95c45ccda87168f56760c12bc05b9d/execute/sync - {"script":"<script> [5351 bytes]","args":[{"element-6066-11e4-a52e-4f735466cecf":"f.1202D19FA9159A4DFC5EAE9C490348A6.d.2A6BAD6991DA3367B8CDED487A1B3B2C.e.12742","ELEMENT":"f.1202D19FA9159A4DFC5EAE9C490348A6.d.2A6BAD6991DA3367B8CDED487A1B3B2C.e.12742"}]}
COMMAND: GET /session/fd95c45ccda87168f56760c12bc05b9d/screenshot - {}
RESULT: {"script":"<script> [5351 bytes]","args":[{"element-6066-11e4-a52e-4f735466cecf":"f.1202D19FA9159A4DFC5EAE9C490348A6.d.2A6BAD6991DA3367B8CDED487A1B3B2C.e.12742","ELEMENT":"f.1202D19FA9159A4DFC5EAE9C490348A6.d.2A6BAD6991DA3367B8CDED487A1B3B2C.e.12742"}]}
COMMAND: POST /session/fd95c45ccda87168f56760c12bc05b9d/element - {"using":"css selector","value":"#shell-header-logo"}
COMMAND: GET /session/fd95c45ccda87168f56760c12bc05b9d/screenshot - {}
RESULT: {}
RESULT: {"using":"css selector","value":"#shell-header-logo"}
COMMAND: POST /session/fd95c45ccda87168f56760c12bc05b9d/element/f.1202D19FA9159A4DFC5EAE9C490348A6.d.2A6BAD6991DA3367B8CDED487A1B3B2C.e.12742/click - {}
RESULT: {}
RESULT: {}
COMMAND: GET /session/fd95c45ccda87168f56760c12bc05b9d/screenshot - {}
RESULT: {}
COMMAND: POST /session/fd95c45ccda87168f56760c12bc05b9d/execute/async - {"script":"<script> [189 bytes]","args":[]}
RESULT: {"script":"<script> [189 bytes]","args":[]}
COMMAND: POST /session/fd95c45ccda87168f56760c12bc05b9d/execute/async - {"script":"<script> [123 bytes]","args":[]}
RESULT: {"script":"<script> [123 bytes]","args":[]}
COMMAND: POST /session/fd95c45ccda87168f56760c12bc05b9d/timeouts - {"script":"<number>"}
RESULT: {"script":"<number>"}
COMMAND: GET /session/fd95c45ccda87168f56760c12bc05b9d/timeouts - {}
RESULT: {}
RESULT: undefined
COMMAND: POST /session/fd95c45ccda87168f56760c12bc05b9d/execute/async - {"script":"<script> [2676 bytes]","args":[]}
RESULT: {"script":"<script> [2676 bytes]","args":[]}
COMMAND: POST /session/fd95c45ccda87168f56760c12bc05b9d/execute/async - {"script":"<script> [2342 bytes]","args":[{"protocol":"http","hostname":"0.0.0.0","path":"/","capabilities":{"browserName":"chrome","goog:chromeOptions":{"binary":"C:\\Program Files\\Google\\Chrome\\Application\\chrome.exe","args":["--start-maximized"]}},"logLevel":"warn","connectionRetryTimeout":120000,"connectionRetryCount":3,"logLevels":{},"enableDirectConnect":true,"strictSSL":true,"_":"65 more keys: [\"cacheDir\",\"port\",\"requestedCapabilities\",\"automationProtocol\",\"baseUrl\",\"waitforInterval\",\"waitforTimeout\",\"onReload\",\"beforeCommand\",\"afterCommand\",\"rootDir\",\"specs\",\"suites\",\"exclude\",\"groupLogsByTestSpec\",\"excludeDriverLogs\",\"bail\",\"framework\",\"reporters\",\"services\",\"maxInstances\",\"maxInstancesPerCapability\",\"injectGlobals\",\"filesToWatch\",\"execArgv\",\"runnerEnv\",\"runner\",\"shard\",\"specFileRetries\",\"specFileRetriesDelay\",\"specFileRetriesDeferred\",\"reporterSyncInterval\",\"reporterSyncTimeout\",\"cucumberFeaturesWithLineNumbers\",\"autoCompileOpts\",\"mochaOpts\",\"jasmineOpts\",\"cucumberOpts\",\"onPrepare\",\"onWorkerStart\",\"onWorkerEnd\",\"before\",\"beforeSession\",\"beforeSuite\",\"beforeHook\",\"beforeTest\",\"afterTest\",\"afterHook\",\"afterSuite\",\"afterSession\",\"after\",\"onComplete\",\"beforeAssertion\",\"afterAssertion\",\"beforeFeature\",\"beforeScenario\",\"beforeStep\",\"afterStep\",\"afterScenario\",\"afterFeature\",\"_\",\"suite\",\"$0\",\"ignoredWorkerServices\",\"wdi5\"]"}]}
RESULT: {"script":"<script> [2342 bytes]","args":[{"protocol":"http","hostname":"0.0.0.0","path":"/","capabilities":{"browserName":"chrome","goog:chromeOptions":{"binary":"C:\\Program Files\\Google\\Chrome\\Application\\chrome.exe","args":["--start-maximized"]}},"logLevel":"warn","connectionRetryTimeout":120000,"connectionRetryCount":3,"logLevels":{},"enableDirectConnect":true,"strictSSL":true,"_":"65 more keys: [\"cacheDir\",\"port\",\"requestedCapabilities\",\"automationProtocol\",\"baseUrl\",\"waitforInterval\",\"waitforTimeout\",\"onReload\",\"beforeCommand\",\"afterCommand\",\"rootDir\",\"specs\",\"suites\",\"exclude\",\"groupLogsByTestSpec\",\"excludeDriverLogs\",\"bail\",\"framework\",\"reporters\",\"services\",\"maxInstances\",\"maxInstancesPerCapability\",\"injectGlobals\",\"filesToWatch\",\"execArgv\",\"runnerEnv\",\"runner\",\"shard\",\"specFileRetries\",\"specFileRetriesDelay\",\"specFileRetriesDeferred\",\"reporterSyncInterval\",\"reporterSyncTimeout\",\"cucumberFeaturesWithLineNumbers\",\"autoCompileOpts\",\"mochaOpts\",\"jasmineOpts\",\"cucumberOpts\",\"onPrepare\",\"onWorkerStart\",\"onWorkerEnd\",\"before\",\"beforeSession\",\"beforeSuite\",\"beforeHook\",\"beforeTest\",\"afterTest\",\"afterHook\",\"afterSuite\",\"afterSession\",\"after\",\"onComplete\",\"beforeAssertion\",\"afterAssertion\",\"beforeFeature\",\"beforeScenario\",\"beforeStep\",\"afterStep\",\"afterScenario\",\"afterFeature\",\"_\",\"suite\",\"$0\",\"ignoredWorkerServices\",\"wdi5\"]"}]}
COMMAND: POST /session/fd95c45ccda87168f56760c12bc05b9d/execute/async - {"script":"<script> [21126 bytes]","args":[35000]}
RESULT: {"script":"<script> [21126 bytes]","args":[35000]}
COMMAND: POST /session/fd95c45ccda87168f56760c12bc05b9d/window/maximize - {}
RESULT: {}
COMMAND: POST /session/fd95c45ccda87168f56760c12bc05b9d/execute/async - {"script":"<script> [1562 bytes]","args":[{"selector":{"id":"shell-header","interaction":{"idSuffix":"icon"}},"wdio_ui5_key":"shellheader"}]}
COMMAND: GET /session/fd95c45ccda87168f56760c12bc05b9d/screenshot - {}
RESULT: {"script":"<script> [1562 bytes]","args":[{"selector":{"id":"shell-header","interaction":{"idSuffix":"icon"}},"wdio_ui5_key":"shellheader"}]}
RESULT: undefined
COMMAND: POST /session/fd95c45ccda87168f56760c12bc05b9d/refresh - {}
RESULT: {}
RESULT: {}
COMMAND: GET /session/fd95c45ccda87168f56760c12bc05b9d/screenshot - {}
RESULT: {}
COMMAND: POST /session/fd95c45ccda87168f56760c12bc05b9d/refresh - {}
RESULT: {}
COMMAND: GET /session/fd95c45ccda87168f56760c12bc05b9d/screenshot - {}
RESULT: {}
COMMAND: POST /session/fd95c45ccda87168f56760c12bc05b9d/window/fullscreen - {}
RESULT: {}
COMMAND: POST /session/fd95c45ccda87168f56760c12bc05b9d/execute/async - {"script":"<script> [189 bytes]","args":[]}
RESULT: {"script":"<script> [189 bytes]","args":[]}
COMMAND: POST /session/fd95c45ccda87168f56760c12bc05b9d/execute/async - {"script":"<script> [123 bytes]","args":[]}
RESULT: {"script":"<script> [123 bytes]","args":[]}
COMMAND: POST /session/fd95c45ccda87168f56760c12bc05b9d/timeouts - {"script":"<number>"}
RESULT: {"script":"<number>"}
COMMAND: GET /session/fd95c45ccda87168f56760c12bc05b9d/timeouts - {}
RESULT: {}
RESULT: undefined
COMMAND: POST /session/fd95c45ccda87168f56760c12bc05b9d/execute/async - {"script":"<script> [2676 bytes]","args":[]}
RESULT: {"script":"<script> [2676 bytes]","args":[]}
COMMAND: POST /session/fd95c45ccda87168f56760c12bc05b9d/execute/async - {"script":"<script> [2342 bytes]","args":[{"protocol":"http","hostname":"0.0.0.0","path":"/","capabilities":{"browserName":"chrome","goog:chromeOptions":{"binary":"C:\\Program Files\\Google\\Chrome\\Application\\chrome.exe","args":["--start-maximized"]}},"logLevel":"warn","connectionRetryTimeout":120000,"connectionRetryCount":3,"logLevels":{},"enableDirectConnect":true,"strictSSL":true,"_":"65 more keys: [\"cacheDir\",\"port\",\"requestedCapabilities\",\"automationProtocol\",\"baseUrl\",\"waitforInterval\",\"waitforTimeout\",\"onReload\",\"beforeCommand\",\"afterCommand\",\"rootDir\",\"specs\",\"suites\",\"exclude\",\"groupLogsByTestSpec\",\"excludeDriverLogs\",\"bail\",\"framework\",\"reporters\",\"services\",\"maxInstances\",\"maxInstancesPerCapability\",\"injectGlobals\",\"filesToWatch\",\"execArgv\",\"runnerEnv\",\"runner\",\"shard\",\"specFileRetries\",\"specFileRetriesDelay\",\"specFileRetriesDeferred\",\"reporterSyncInterval\",\"reporterSyncTimeout\",\"cucumberFeaturesWithLineNumbers\",\"autoCompileOpts\",\"mochaOpts\",\"jasmineOpts\",\"cucumberOpts\",\"onPrepare\",\"onWorkerStart\",\"onWorkerEnd\",\"before\",\"beforeSession\",\"beforeSuite\",\"beforeHook\",\"beforeTest\",\"afterTest\",\"afterHook\",\"afterSuite\",\"afterSession\",\"after\",\"onComplete\",\"beforeAssertion\",\"afterAssertion\",\"beforeFeature\",\"beforeScenario\",\"beforeStep\",\"afterStep\",\"afterScenario\",\"afterFeature\",\"_\",\"suite\",\"$0\",\"ignoredWorkerServices\",\"wdi5\"]"}]}
RESULT: {"script":"<script> [2342 bytes]","args":[{"protocol":"http","hostname":"0.0.0.0","path":"/","capabilities":{"browserName":"chrome","goog:chromeOptions":{"binary":"C:\\Program Files\\Google\\Chrome\\Application\\chrome.exe","args":["--start-maximized"]}},"logLevel":"warn","connectionRetryTimeout":120000,"connectionRetryCount":3,"logLevels":{},"enableDirectConnect":true,"strictSSL":true,"_":"65 more keys: [\"cacheDir\",\"port\",\"requestedCapabilities\",\"automationProtocol\",\"baseUrl\",\"waitforInterval\",\"waitforTimeout\",\"onReload\",\"beforeCommand\",\"afterCommand\",\"rootDir\",\"specs\",\"suites\",\"exclude\",\"groupLogsByTestSpec\",\"excludeDriverLogs\",\"bail\",\"framework\",\"reporters\",\"services\",\"maxInstances\",\"maxInstancesPerCapability\",\"injectGlobals\",\"filesToWatch\",\"execArgv\",\"runnerEnv\",\"runner\",\"shard\",\"specFileRetries\",\"specFileRetriesDelay\",\"specFileRetriesDeferred\",\"reporterSyncInterval\",\"reporterSyncTimeout\",\"cucumberFeaturesWithLineNumbers\",\"autoCompileOpts\",\"mochaOpts\",\"jasmineOpts\",\"cucumberOpts\",\"onPrepare\",\"onWorkerStart\",\"onWorkerEnd\",\"before\",\"beforeSession\",\"beforeSuite\",\"beforeHook\",\"beforeTest\",\"afterTest\",\"afterHook\",\"afterSuite\",\"afterSession\",\"after\",\"onComplete\",\"beforeAssertion\",\"afterAssertion\",\"beforeFeature\",\"beforeScenario\",\"beforeStep\",\"afterStep\",\"afterScenario\",\"afterFeature\",\"_\",\"suite\",\"$0\",\"ignoredWorkerServices\",\"wdi5\"]"}]}
COMMAND: POST /session/fd95c45ccda87168f56760c12bc05b9d/execute/async - {"script":"<script> [21126 bytes]","args":[35000]}
RESULT: {"script":"<script> [21126 bytes]","args":[35000]}
]]></system-out>
    </testcase>
  </testsuite>
  <testsuite timestamp="2025-04-24T18:05:08" time="662.478" tests="12" failures="0" errors="0" skipped="0">
    <properties>
      <property name="specId" value="0" />
      <property name="suiteName" value="Create Reverse Billing US127248" />
      <property name="capabilities" value="chrome.135_0_7049_96.windows" />
      <property name="file" value="file:///D:/a/1/s/test/specs/BTS/reverse-billing.spec.js" />
    </properties>
    <testcase classname="chrome.135_0_7049_96.windows.Create_Reverse_Billing_US127248" name="Should create a new yard" time="0.016">
      <system-out><![CDATA[
COMMAND: POST /session/fd95c45ccda87168f56760c12bc05b9d/window/fullscreen - {}
RESULT: {}
]]></system-out>
    </testcase>
    <testcase classname="chrome.135_0_7049_96.windows.Create_Reverse_Billing_US127248" name="Should create a new partner" time="0.007" />
    <testcase classname="chrome.135_0_7049_96.windows.Create_Reverse_Billing_US127248" name="Should create a new site" time="0.005" />
    <testcase classname="chrome.135_0_7049_96.windows.Create_Reverse_Billing_US127248" name="Should create a resource" time="149.347">
      <system-out><![CDATA[
COMMAND: POST /session/fd95c45ccda87168f56760c12bc05b9d/execute/async - {"script":"<script> [1562 bytes]","args":[{"selector":{"controlType":"sap.m.GenericTile","properties":{"header":"Manage Resources"}},"wdio_ui5_key":"sapm.GenericTile{\"header\":\"Manage Resources\"}"}]}
RESULT: {"script":"<script> [1562 bytes]","args":[{"selector":{"controlType":"sap.m.GenericTile","properties":{"header":"Manage Resources"}},"wdio_ui5_key":"sapm.GenericTile{\"header\":\"Manage Resources\"}"}]}
RESULT: undefined
COMMAND: POST /session/fd95c45ccda87168f56760c12bc05b9d/element - {"using":"xpath","value":"//*[@id=\"__tile39\"]"}
RESULT: {"using":"xpath","value":"//*[@id=\"__tile39\"]"}
COMMAND: POST /session/fd95c45ccda87168f56760c12bc05b9d/element/f.1202D19FA9159A4DFC5EAE9C490348A6.d.230E2F81C740F6AC1838C8CCB19B8A42.e.12894/click - {}
RESULT: {}
COMMAND: POST /session/fd95c45ccda87168f56760c12bc05b9d/element - {"using":"xpath","value":"//button[@data-kt=\"addNewRUOverflowToolbarButton\"]"}
COMMAND: GET /session/fd95c45ccda87168f56760c12bc05b9d/screenshot - {}
RESULT: {}
RESULT: {"using":"xpath","value":"//button[@data-kt=\"addNewRUOverflowToolbarButton\"]"}
COMMAND: POST /session/fd95c45ccda87168f56760c12bc05b9d/elements - {"using":"xpath","value":"//button[@data-kt=\"addNewRUOverflowToolbarButton\"]"}
RESULT: {"using":"xpath","value":"//button[@data-kt=\"addNewRUOverflowToolbarButton\"]"}
COMMAND: POST /session/fd95c45ccda87168f56760c12bc05b9d/elements - {"using":"xpath","value":"//button[@data-kt=\"addNewRUOverflowToolbarButton\"]"}
RESULT: {"using":"xpath","value":"//button[@data-kt=\"addNewRUOverflowToolbarButton\"]"}
RESULT: undefined
RESULT: undefined
COMMAND: POST /session/fd95c45ccda87168f56760c12bc05b9d/elements - {"using":"xpath","value":"//button[@data-kt=\"addNewRUOverflowToolbarButton\"]"}
RESULT: {"using":"xpath","value":"//button[@data-kt=\"addNewRUOverflowToolbarButton\"]"}
COMMAND: POST /session/fd95c45ccda87168f56760c12bc05b9d/elements - {"using":"xpath","value":"//button[@data-kt=\"addNewRUOverflowToolbarButton\"]"}
RESULT: {"using":"xpath","value":"//button[@data-kt=\"addNewRUOverflowToolbarButton\"]"}
COMMAND: POST /session/fd95c45ccda87168f56760c12bc05b9d/elements - {"using":"xpath","value":"//button[@data-kt=\"addNewRUOverflowToolbarButton\"]"}
RESULT: {"using":"xpath","value":"//button[@data-kt=\"addNewRUOverflowToolbarButton\"]"}
COMMAND: POST /session/fd95c45ccda87168f56760c12bc05b9d/elements - {"using":"xpath","value":"//button[@data-kt=\"addNewRUOverflowToolbarButton\"]"}
RESULT: {"using":"xpath","value":"//button[@data-kt=\"addNewRUOverflowToolbarButton\"]"}
COMMAND: POST /session/fd95c45ccda87168f56760c12bc05b9d/elements - {"using":"xpath","value":"//button[@data-kt=\"addNewRUOverflowToolbarButton\"]"}
RESULT: {"using":"xpath","value":"//button[@data-kt=\"addNewRUOverflowToolbarButton\"]"}
COMMAND: POST /session/fd95c45ccda87168f56760c12bc05b9d/elements - {"using":"xpath","value":"//button[@data-kt=\"addNewRUOverflowToolbarButton\"]"}
RESULT: {"using":"xpath","value":"//button[@data-kt=\"addNewRUOverflowToolbarButton\"]"}
COMMAND: POST /session/fd95c45ccda87168f56760c12bc05b9d/elements - {"using":"xpath","value":"//button[@data-kt=\"addNewRUOverflowToolbarButton\"]"}
RESULT: {"using":"xpath","value":"//button[@data-kt=\"addNewRUOverflowToolbarButton\"]"}
COMMAND: POST /session/fd95c45ccda87168f56760c12bc05b9d/elements - {"using":"xpath","value":"//button[@data-kt=\"addNewRUOverflowToolbarButton\"]"}
RESULT: {"using":"xpath","value":"//button[@data-kt=\"addNewRUOverflowToolbarButton\"]"}
COMMAND: POST /session/fd95c45ccda87168f56760c12bc05b9d/elements - {"using":"xpath","value":"//button[@data-kt=\"addNewRUOverflowToolbarButton\"]"}
RESULT: {"using":"xpath","value":"//button[@data-kt=\"addNewRUOverflowToolbarButton\"]"}
COMMAND: POST /session/fd95c45ccda87168f56760c12bc05b9d/elements - {"using":"xpath","value":"//button[@data-kt=\"addNewRUOverflowToolbarButton\"]"}
RESULT: {"using":"xpath","value":"//button[@data-kt=\"addNewRUOverflowToolbarButton\"]"}
COMMAND: POST /session/fd95c45ccda87168f56760c12bc05b9d/elements - {"using":"xpath","value":"//button[@data-kt=\"addNewRUOverflowToolbarButton\"]"}
RESULT: {"using":"xpath","value":"//button[@data-kt=\"addNewRUOverflowToolbarButton\"]"}
COMMAND: POST /session/fd95c45ccda87168f56760c12bc05b9d/elements - {"using":"xpath","value":"//button[@data-kt=\"addNewRUOverflowToolbarButton\"]"}
RESULT: {"using":"xpath","value":"//button[@data-kt=\"addNewRUOverflowToolbarButton\"]"}
COMMAND: POST /session/fd95c45ccda87168f56760c12bc05b9d/elements - {"using":"xpath","value":"//button[@data-kt=\"addNewRUOverflowToolbarButton\"]"}
RESULT: {"using":"xpath","value":"//button[@data-kt=\"addNewRUOverflowToolbarButton\"]"}
COMMAND: POST /session/fd95c45ccda87168f56760c12bc05b9d/elements - {"using":"xpath","value":"//button[@data-kt=\"addNewRUOverflowToolbarButton\"]"}
RESULT: {"using":"xpath","value":"//button[@data-kt=\"addNewRUOverflowToolbarButton\"]"}
COMMAND: POST /session/fd95c45ccda87168f56760c12bc05b9d/elements - {"using":"xpath","value":"//button[@data-kt=\"addNewRUOverflowToolbarButton\"]"}
RESULT: {"using":"xpath","value":"//button[@data-kt=\"addNewRUOverflowToolbarButton\"]"}
COMMAND: POST /session/fd95c45ccda87168f56760c12bc05b9d/elements - {"using":"xpath","value":"//button[@data-kt=\"addNewRUOverflowToolbarButton\"]"}
RESULT: {"using":"xpath","value":"//button[@data-kt=\"addNewRUOverflowToolbarButton\"]"}
COMMAND: POST /session/fd95c45ccda87168f56760c12bc05b9d/elements - {"using":"xpath","value":"//button[@data-kt=\"addNewRUOverflowToolbarButton\"]"}
RESULT: {"using":"xpath","value":"//button[@data-kt=\"addNewRUOverflowToolbarButton\"]"}
COMMAND: POST /session/fd95c45ccda87168f56760c12bc05b9d/elements - {"using":"xpath","value":"//button[@data-kt=\"addNewRUOverflowToolbarButton\"]"}
RESULT: {"using":"xpath","value":"//button[@data-kt=\"addNewRUOverflowToolbarButton\"]"}
COMMAND: POST /session/fd95c45ccda87168f56760c12bc05b9d/elements - {"using":"xpath","value":"//button[@data-kt=\"addNewRUOverflowToolbarButton\"]"}
RESULT: {"using":"xpath","value":"//button[@data-kt=\"addNewRUOverflowToolbarButton\"]"}
COMMAND: POST /session/fd95c45ccda87168f56760c12bc05b9d/elements - {"using":"xpath","value":"//button[@data-kt=\"addNewRUOverflowToolbarButton\"]"}
RESULT: {"using":"xpath","value":"//button[@data-kt=\"addNewRUOverflowToolbarButton\"]"}
COMMAND: POST /session/fd95c45ccda87168f56760c12bc05b9d/elements - {"using":"xpath","value":"//button[@data-kt=\"addNewRUOverflowToolbarButton\"]"}
RESULT: {"using":"xpath","value":"//button[@data-kt=\"addNewRUOverflowToolbarButton\"]"}
COMMAND: POST /session/fd95c45ccda87168f56760c12bc05b9d/elements - {"using":"xpath","value":"//button[@data-kt=\"addNewRUOverflowToolbarButton\"]"}
RESULT: {"using":"xpath","value":"//button[@data-kt=\"addNewRUOverflowToolbarButton\"]"}
COMMAND: POST /session/fd95c45ccda87168f56760c12bc05b9d/elements - {"using":"xpath","value":"//button[@data-kt=\"addNewRUOverflowToolbarButton\"]"}
RESULT: {"using":"xpath","value":"//button[@data-kt=\"addNewRUOverflowToolbarButton\"]"}
COMMAND: POST /session/fd95c45ccda87168f56760c12bc05b9d/elements - {"using":"xpath","value":"//button[@data-kt=\"addNewRUOverflowToolbarButton\"]"}
RESULT: {"using":"xpath","value":"//button[@data-kt=\"addNewRUOverflowToolbarButton\"]"}
COMMAND: POST /session/fd95c45ccda87168f56760c12bc05b9d/elements - {"using":"xpath","value":"//button[@data-kt=\"addNewRUOverflowToolbarButton\"]"}
RESULT: {"using":"xpath","value":"//button[@data-kt=\"addNewRUOverflowToolbarButton\"]"}
COMMAND: POST /session/fd95c45ccda87168f56760c12bc05b9d/elements - {"using":"xpath","value":"//button[@data-kt=\"addNewRUOverflowToolbarButton\"]"}
RESULT: {"using":"xpath","value":"//button[@data-kt=\"addNewRUOverflowToolbarButton\"]"}
COMMAND: POST /session/fd95c45ccda87168f56760c12bc05b9d/elements - {"using":"xpath","value":"//button[@data-kt=\"addNewRUOverflowToolbarButton\"]"}
RESULT: {"using":"xpath","value":"//button[@data-kt=\"addNewRUOverflowToolbarButton\"]"}
COMMAND: POST /session/fd95c45ccda87168f56760c12bc05b9d/elements - {"using":"xpath","value":"//button[@data-kt=\"addNewRUOverflowToolbarButton\"]"}
RESULT: {"using":"xpath","value":"//button[@data-kt=\"addNewRUOverflowToolbarButton\"]"}
COMMAND: POST /session/fd95c45ccda87168f56760c12bc05b9d/elements - {"using":"xpath","value":"//button[@data-kt=\"addNewRUOverflowToolbarButton\"]"}
RESULT: {"using":"xpath","value":"//button[@data-kt=\"addNewRUOverflowToolbarButton\"]"}
COMMAND: POST /session/fd95c45ccda87168f56760c12bc05b9d/elements - {"using":"xpath","value":"//button[@data-kt=\"addNewRUOverflowToolbarButton\"]"}
RESULT: {"using":"xpath","value":"//button[@data-kt=\"addNewRUOverflowToolbarButton\"]"}
COMMAND: POST /session/fd95c45ccda87168f56760c12bc05b9d/elements - {"using":"xpath","value":"//button[@data-kt=\"addNewRUOverflowToolbarButton\"]"}
RESULT: {"using":"xpath","value":"//button[@data-kt=\"addNewRUOverflowToolbarButton\"]"}
COMMAND: POST /session/fd95c45ccda87168f56760c12bc05b9d/elements - {"using":"xpath","value":"//button[@data-kt=\"addNewRUOverflowToolbarButton\"]"}
RESULT: {"using":"xpath","value":"//button[@data-kt=\"addNewRUOverflowToolbarButton\"]"}
COMMAND: POST /session/fd95c45ccda87168f56760c12bc05b9d/elements - {"using":"xpath","value":"//button[@data-kt=\"addNewRUOverflowToolbarButton\"]"}
RESULT: {"using":"xpath","value":"//button[@data-kt=\"addNewRUOverflowToolbarButton\"]"}
COMMAND: POST /session/fd95c45ccda87168f56760c12bc05b9d/elements - {"using":"xpath","value":"//button[@data-kt=\"addNewRUOverflowToolbarButton\"]"}
RESULT: {"using":"xpath","value":"//button[@data-kt=\"addNewRUOverflowToolbarButton\"]"}
COMMAND: POST /session/fd95c45ccda87168f56760c12bc05b9d/elements - {"using":"xpath","value":"//button[@data-kt=\"addNewRUOverflowToolbarButton\"]"}
RESULT: {"using":"xpath","value":"//button[@data-kt=\"addNewRUOverflowToolbarButton\"]"}
COMMAND: POST /session/fd95c45ccda87168f56760c12bc05b9d/elements - {"using":"xpath","value":"//button[@data-kt=\"addNewRUOverflowToolbarButton\"]"}
RESULT: {"using":"xpath","value":"//button[@data-kt=\"addNewRUOverflowToolbarButton\"]"}
COMMAND: POST /session/fd95c45ccda87168f56760c12bc05b9d/elements - {"using":"xpath","value":"//button[@data-kt=\"addNewRUOverflowToolbarButton\"]"}
RESULT: {"using":"xpath","value":"//button[@data-kt=\"addNewRUOverflowToolbarButton\"]"}
COMMAND: POST /session/fd95c45ccda87168f56760c12bc05b9d/elements - {"using":"xpath","value":"//button[@data-kt=\"addNewRUOverflowToolbarButton\"]"}
RESULT: {"using":"xpath","value":"//button[@data-kt=\"addNewRUOverflowToolbarButton\"]"}
COMMAND: POST /session/fd95c45ccda87168f56760c12bc05b9d/elements - {"using":"xpath","value":"//button[@data-kt=\"addNewRUOverflowToolbarButton\"]"}
RESULT: {"using":"xpath","value":"//button[@data-kt=\"addNewRUOverflowToolbarButton\"]"}
COMMAND: POST /session/fd95c45ccda87168f56760c12bc05b9d/elements - {"using":"xpath","value":"//button[@data-kt=\"addNewRUOverflowToolbarButton\"]"}
RESULT: {"using":"xpath","value":"//button[@data-kt=\"addNewRUOverflowToolbarButton\"]"}
COMMAND: POST /session/fd95c45ccda87168f56760c12bc05b9d/elements - {"using":"xpath","value":"//button[@data-kt=\"addNewRUOverflowToolbarButton\"]"}
RESULT: {"using":"xpath","value":"//button[@data-kt=\"addNewRUOverflowToolbarButton\"]"}
COMMAND: POST /session/fd95c45ccda87168f56760c12bc05b9d/elements - {"using":"xpath","value":"//button[@data-kt=\"addNewRUOverflowToolbarButton\"]"}
RESULT: {"using":"xpath","value":"//button[@data-kt=\"addNewRUOverflowToolbarButton\"]"}
COMMAND: POST /session/fd95c45ccda87168f56760c12bc05b9d/elements - {"using":"xpath","value":"//button[@data-kt=\"addNewRUOverflowToolbarButton\"]"}
RESULT: {"using":"xpath","value":"//button[@data-kt=\"addNewRUOverflowToolbarButton\"]"}
COMMAND: POST /session/fd95c45ccda87168f56760c12bc05b9d/elements - {"using":"xpath","value":"//button[@data-kt=\"addNewRUOverflowToolbarButton\"]"}
RESULT: {"using":"xpath","value":"//button[@data-kt=\"addNewRUOverflowToolbarButton\"]"}
COMMAND: POST /session/fd95c45ccda87168f56760c12bc05b9d/elements - {"using":"xpath","value":"//button[@data-kt=\"addNewRUOverflowToolbarButton\"]"}
RESULT: {"using":"xpath","value":"//button[@data-kt=\"addNewRUOverflowToolbarButton\"]"}
COMMAND: POST /session/fd95c45ccda87168f56760c12bc05b9d/elements - {"using":"xpath","value":"//button[@data-kt=\"addNewRUOverflowToolbarButton\"]"}
RESULT: {"using":"xpath","value":"//button[@data-kt=\"addNewRUOverflowToolbarButton\"]"}
COMMAND: POST /session/fd95c45ccda87168f56760c12bc05b9d/elements - {"using":"xpath","value":"//button[@data-kt=\"addNewRUOverflowToolbarButton\"]"}
RESULT: {"using":"xpath","value":"//button[@data-kt=\"addNewRUOverflowToolbarButton\"]"}
COMMAND: POST /session/fd95c45ccda87168f56760c12bc05b9d/elements - {"using":"xpath","value":"//button[@data-kt=\"addNewRUOverflowToolbarButton\"]"}
RESULT: {"using":"xpath","value":"//button[@data-kt=\"addNewRUOverflowToolbarButton\"]"}
COMMAND: POST /session/fd95c45ccda87168f56760c12bc05b9d/elements - {"using":"xpath","value":"//button[@data-kt=\"addNewRUOverflowToolbarButton\"]"}
RESULT: {"using":"xpath","value":"//button[@data-kt=\"addNewRUOverflowToolbarButton\"]"}
COMMAND: POST /session/fd95c45ccda87168f56760c12bc05b9d/elements - {"using":"xpath","value":"//button[@data-kt=\"addNewRUOverflowToolbarButton\"]"}
RESULT: {"using":"xpath","value":"//button[@data-kt=\"addNewRUOverflowToolbarButton\"]"}
COMMAND: POST /session/fd95c45ccda87168f56760c12bc05b9d/elements - {"using":"xpath","value":"//button[@data-kt=\"addNewRUOverflowToolbarButton\"]"}
RESULT: {"using":"xpath","value":"//button[@data-kt=\"addNewRUOverflowToolbarButton\"]"}
COMMAND: POST /session/fd95c45ccda87168f56760c12bc05b9d/elements - {"using":"xpath","value":"//button[@data-kt=\"addNewRUOverflowToolbarButton\"]"}
RESULT: {"using":"xpath","value":"//button[@data-kt=\"addNewRUOverflowToolbarButton\"]"}
COMMAND: POST /session/fd95c45ccda87168f56760c12bc05b9d/elements - {"using":"xpath","value":"//button[@data-kt=\"addNewRUOverflowToolbarButton\"]"}
RESULT: {"using":"xpath","value":"//button[@data-kt=\"addNewRUOverflowToolbarButton\"]"}
COMMAND: POST /session/fd95c45ccda87168f56760c12bc05b9d/elements - {"using":"xpath","value":"//button[@data-kt=\"addNewRUOverflowToolbarButton\"]"}
RESULT: {"using":"xpath","value":"//button[@data-kt=\"addNewRUOverflowToolbarButton\"]"}
COMMAND: POST /session/fd95c45ccda87168f56760c12bc05b9d/elements - {"using":"xpath","value":"//button[@data-kt=\"addNewRUOverflowToolbarButton\"]"}
RESULT: {"using":"xpath","value":"//button[@data-kt=\"addNewRUOverflowToolbarButton\"]"}
COMMAND: POST /session/fd95c45ccda87168f56760c12bc05b9d/elements - {"using":"xpath","value":"//button[@data-kt=\"addNewRUOverflowToolbarButton\"]"}
RESULT: {"using":"xpath","value":"//button[@data-kt=\"addNewRUOverflowToolbarButton\"]"}
COMMAND: POST /session/fd95c45ccda87168f56760c12bc05b9d/elements - {"using":"xpath","value":"//button[@data-kt=\"addNewRUOverflowToolbarButton\"]"}
RESULT: {"using":"xpath","value":"//button[@data-kt=\"addNewRUOverflowToolbarButton\"]"}
COMMAND: POST /session/fd95c45ccda87168f56760c12bc05b9d/elements - {"using":"xpath","value":"//button[@data-kt=\"addNewRUOverflowToolbarButton\"]"}
RESULT: {"using":"xpath","value":"//button[@data-kt=\"addNewRUOverflowToolbarButton\"]"}
COMMAND: POST /session/fd95c45ccda87168f56760c12bc05b9d/elements - {"using":"xpath","value":"//button[@data-kt=\"addNewRUOverflowToolbarButton\"]"}
RESULT: {"using":"xpath","value":"//button[@data-kt=\"addNewRUOverflowToolbarButton\"]"}
COMMAND: POST /session/fd95c45ccda87168f56760c12bc05b9d/element - {"using":"xpath","value":"//button[@data-kt=\"addNewRUOverflowToolbarButton\"]"}
RESULT: {"using":"xpath","value":"//button[@data-kt=\"addNewRUOverflowToolbarButton\"]"}
COMMAND: POST /session/fd95c45ccda87168f56760c12bc05b9d/execute/sync - {"script":"<script> [8489 bytes]","args":[{"element-6066-11e4-a52e-4f735466cecf":"f.1202D19FA9159A4DFC5EAE9C490348A6.d.230E2F81C740F6AC1838C8CCB19B8A42.e.13030","ELEMENT":"f.1202D19FA9159A4DFC5EAE9C490348A6.d.230E2F81C740F6AC1838C8CCB19B8A42.e.13030"}]}
RESULT: {"script":"<script> [8489 bytes]","args":[{"element-6066-11e4-a52e-4f735466cecf":"f.1202D19FA9159A4DFC5EAE9C490348A6.d.230E2F81C740F6AC1838C8CCB19B8A42.e.13030","ELEMENT":"f.1202D19FA9159A4DFC5EAE9C490348A6.d.230E2F81C740F6AC1838C8CCB19B8A42.e.13030"}]}
COMMAND: GET /session/fd95c45ccda87168f56760c12bc05b9d/element/f.1202D19FA9159A4DFC5EAE9C490348A6.d.230E2F81C740F6AC1838C8CCB19B8A42.e.13030/enabled - {}
COMMAND: GET /session/fd95c45ccda87168f56760c12bc05b9d/screenshot - {}
RESULT: {}
COMMAND: POST /session/fd95c45ccda87168f56760c12bc05b9d/execute/sync - {"script":"<script> [8489 bytes]","args":[{"element-6066-11e4-a52e-4f735466cecf":"f.1202D19FA9159A4DFC5EAE9C490348A6.d.230E2F81C740F6AC1838C8CCB19B8A42.e.13030","ELEMENT":"f.1202D19FA9159A4DFC5EAE9C490348A6.d.230E2F81C740F6AC1838C8CCB19B8A42.e.13030"}]}
COMMAND: GET /session/fd95c45ccda87168f56760c12bc05b9d/screenshot - {}
RESULT: {}
RESULT: {"script":"<script> [8489 bytes]","args":[{"element-6066-11e4-a52e-4f735466cecf":"f.1202D19FA9159A4DFC5EAE9C490348A6.d.230E2F81C740F6AC1838C8CCB19B8A42.e.13030","ELEMENT":"f.1202D19FA9159A4DFC5EAE9C490348A6.d.230E2F81C740F6AC1838C8CCB19B8A42.e.13030"}]}
COMMAND: POST /session/fd95c45ccda87168f56760c12bc05b9d/execute/sync - {"script":"<script> [5351 bytes]","args":[{"element-6066-11e4-a52e-4f735466cecf":"f.1202D19FA9159A4DFC5EAE9C490348A6.d.230E2F81C740F6AC1838C8CCB19B8A42.e.13030","ELEMENT":"f.1202D19FA9159A4DFC5EAE9C490348A6.d.230E2F81C740F6AC1838C8CCB19B8A42.e.13030"}]}
RESULT: {}
RESULT: {"script":"<script> [5351 bytes]","args":[{"element-6066-11e4-a52e-4f735466cecf":"f.1202D19FA9159A4DFC5EAE9C490348A6.d.230E2F81C740F6AC1838C8CCB19B8A42.e.13030","ELEMENT":"f.1202D19FA9159A4DFC5EAE9C490348A6.d.230E2F81C740F6AC1838C8CCB19B8A42.e.13030"}]}
COMMAND: POST /session/fd95c45ccda87168f56760c12bc05b9d/element/f.1202D19FA9159A4DFC5EAE9C490348A6.d.230E2F81C740F6AC1838C8CCB19B8A42.e.13030/click - {}
RESULT: {}
COMMAND: GET /session/fd95c45ccda87168f56760c12bc05b9d/screenshot - {}
COMMAND: GET /session/fd95c45ccda87168f56760c12bc05b9d/screenshot - {}
COMMAND: GET /session/fd95c45ccda87168f56760c12bc05b9d/screenshot - {}
COMMAND: POST /session/fd95c45ccda87168f56760c12bc05b9d/execute/async - {"script":"<script> [1562 bytes]","args":[{"selector":{"id":"application-manageresources-display-component---newResourceUnit--TYPE-arrow"},"wdio_ui5_key":"applicationmanageresources-display-component---newResourceUnit--TYPE-arrow"}]}
RESULT: {}
RESULT: {}
RESULT: {}
RESULT: {"script":"<script> [1562 bytes]","args":[{"selector":{"id":"application-manageresources-display-component---newResourceUnit--TYPE-arrow"},"wdio_ui5_key":"applicationmanageresources-display-component---newResourceUnit--TYPE-arrow"}]}
RESULT: undefined
COMMAND: POST /session/fd95c45ccda87168f56760c12bc05b9d/element - {"using":"xpath","value":"//*[@id=\"application-manageresources-display-component---newResourceUnit--TYPE-arrow\"]"}
RESULT: {"using":"xpath","value":"//*[@id=\"application-manageresources-display-component---newResourceUnit--TYPE-arrow\"]"}
COMMAND: POST /session/fd95c45ccda87168f56760c12bc05b9d/element/f.1202D19FA9159A4DFC5EAE9C490348A6.d.230E2F81C740F6AC1838C8CCB19B8A42.e.13384/click - {}
RESULT: {}
COMMAND: POST /session/fd95c45ccda87168f56760c12bc05b9d/element - {"using":"xpath","value":"//input[@id=\"application-manageresources-display-component---newResourceUnit--TYPE-inner\"]"}
COMMAND: GET /session/fd95c45ccda87168f56760c12bc05b9d/screenshot - {}
RESULT: {"using":"xpath","value":"//input[@id=\"application-manageresources-display-component---newResourceUnit--TYPE-inner\"]"}
COMMAND: POST /session/fd95c45ccda87168f56760c12bc05b9d/element/f.1202D19FA9159A4DFC5EAE9C490348A6.d.230E2F81C740F6AC1838C8CCB19B8A42.e.13379/clear - {}
RESULT: {}
RESULT: {}
COMMAND: POST /session/fd95c45ccda87168f56760c12bc05b9d/element/f.1202D19FA9159A4DFC5EAE9C490348A6.d.230E2F81C740F6AC1838C8CCB19B8A42.e.13379/value - {"text":"Equipment"}
COMMAND: GET /session/fd95c45ccda87168f56760c12bc05b9d/screenshot - {}
RESULT: {"text":"Equipment"}
COMMAND: GET /session/fd95c45ccda87168f56760c12bc05b9d/screenshot - {}
RESULT: {}
RESULT: {}
COMMAND: POST /session/fd95c45ccda87168f56760c12bc05b9d/actions - {"actions":[{"id":"action44","type":"key","parameters":{},"actions":[{"type":"keyDown","value":"î€‡"},{"type":"pause","duration":10},{"type":"keyUp","value":"î€‡"}]}]}
RESULT: {"actions":[{"id":"action44","type":"key","parameters":{},"actions":[{"type":"keyDown","value":"î€‡"},{"type":"pause","duration":10},{"type":"keyUp","value":"î€‡"}]}]}
COMMAND: POST /session/fd95c45ccda87168f56760c12bc05b9d/execute/async - {"script":"<script> [1562 bytes]","args":[{"selector":{"id":"application-manageresources-display-component---newResourceUnit--resourceId","interaction":{"idSuffix":"inner"}},"wdio_ui5_key":"applicationmanageresources-display-component---newResourceUnit--resourceId"}]}
COMMAND: GET /session/fd95c45ccda87168f56760c12bc05b9d/screenshot - {}
RESULT: {"script":"<script> [1562 bytes]","args":[{"selector":{"id":"application-manageresources-display-component---newResourceUnit--resourceId","interaction":{"idSuffix":"inner"}},"wdio_ui5_key":"applicationmanageresources-display-component---newResourceUnit--resourceId"}]}
RESULT: undefined
COMMAND: POST /session/fd95c45ccda87168f56760c12bc05b9d/execute/async - {"script":"<script> [776 bytes]","args":[{"enterText":"BjuU1bl2JP","selector":{"id":"application-manageresources-display-component---newResourceUnit--resourceId","interaction":{"idSuffix":"inner"}},"clearTextFirst":true,"interactionType":"ENTER_TEXT"}]}
RESULT: {}
RESULT: {"script":"<script> [776 bytes]","args":[{"enterText":"BjuU1bl2JP","selector":{"id":"application-manageresources-display-component---newResourceUnit--resourceId","interaction":{"idSuffix":"inner"}},"clearTextFirst":true,"interactionType":"ENTER_TEXT"}]}
COMMAND: POST /session/fd95c45ccda87168f56760c12bc05b9d/execute/async - {"script":"<script> [1562 bytes]","args":[{"selector":{"id":"application-manageresources-display-component---newResourceUnit--SHORT_TEXT","interaction":{"idSuffix":"inner"}},"wdio_ui5_key":"applicationmanageresources-display-component---newResourceUnit--SHORT_TEXT"}]}
RESULT: {"script":"<script> [1562 bytes]","args":[{"selector":{"id":"application-manageresources-display-component---newResourceUnit--SHORT_TEXT","interaction":{"idSuffix":"inner"}},"wdio_ui5_key":"applicationmanageresources-display-component---newResourceUnit--SHORT_TEXT"}]}
RESULT: undefined
COMMAND: POST /session/fd95c45ccda87168f56760c12bc05b9d/execute/async - {"script":"<script> [776 bytes]","args":[{"enterText":"Intercompany Equipment WDIO","selector":{"id":"application-manageresources-display-component---newResourceUnit--SHORT_TEXT","interaction":{"idSuffix":"inner"}},"clearTextFirst":true,"interactionType":"ENTER_TEXT"}]}
RESULT: {"script":"<script> [776 bytes]","args":[{"enterText":"Intercompany Equipment WDIO","selector":{"id":"application-manageresources-display-component---newResourceUnit--SHORT_TEXT","interaction":{"idSuffix":"inner"}},"clearTextFirst":true,"interactionType":"ENTER_TEXT"}]}
COMMAND: POST /session/fd95c45ccda87168f56760c12bc05b9d/execute/async - {"script":"<script> [1562 bytes]","args":[{"selector":{"id":"application-manageresources-display-component---newResourceUnit--BASE_UNIT_OF_MEASURE","interaction":{"idSuffix":"inner"}},"wdio_ui5_key":"applicationmanageresources-display-component---newResourceUnit--BASE_UNIT_OF_MEASURE"}]}
RESULT: {"script":"<script> [1562 bytes]","args":[{"selector":{"id":"application-manageresources-display-component---newResourceUnit--BASE_UNIT_OF_MEASURE","interaction":{"idSuffix":"inner"}},"wdio_ui5_key":"applicationmanageresources-display-component---newResourceUnit--BASE_UNIT_OF_MEASURE"}]}
RESULT: undefined
COMMAND: POST /session/fd95c45ccda87168f56760c12bc05b9d/execute/async - {"script":"<script> [776 bytes]","args":[{"enterText":"Piece","selector":{"id":"application-manageresources-display-component---newResourceUnit--BASE_UNIT_OF_MEASURE","interaction":{"idSuffix":"inner"}},"clearTextFirst":true,"interactionType":"ENTER_TEXT"}]}
RESULT: {"script":"<script> [776 bytes]","args":[{"enterText":"Piece","selector":{"id":"application-manageresources-display-component---newResourceUnit--BASE_UNIT_OF_MEASURE","interaction":{"idSuffix":"inner"}},"clearTextFirst":true,"interactionType":"ENTER_TEXT"}]}
COMMAND: POST /session/fd95c45ccda87168f56760c12bc05b9d/execute/async - {"script":"<script> [1562 bytes]","args":[{"selector":{"id":"application-manageresources-display-component---newResourceUnit--WEIGHT_UNIT","interaction":{"idSuffix":"inner"}},"wdio_ui5_key":"applicationmanageresources-display-component---newResourceUnit--WEIGHT_UNIT"}]}
RESULT: {"script":"<script> [1562 bytes]","args":[{"selector":{"id":"application-manageresources-display-component---newResourceUnit--WEIGHT_UNIT","interaction":{"idSuffix":"inner"}},"wdio_ui5_key":"applicationmanageresources-display-component---newResourceUnit--WEIGHT_UNIT"}]}
RESULT: undefined
COMMAND: POST /session/fd95c45ccda87168f56760c12bc05b9d/execute/async - {"script":"<script> [776 bytes]","args":[{"enterText":"Gram","selector":{"id":"application-manageresources-display-component---newResourceUnit--WEIGHT_UNIT","interaction":{"idSuffix":"inner"}},"clearTextFirst":true,"interactionType":"ENTER_TEXT"}]}
RESULT: {"script":"<script> [776 bytes]","args":[{"enterText":"Gram","selector":{"id":"application-manageresources-display-component---newResourceUnit--WEIGHT_UNIT","interaction":{"idSuffix":"inner"}},"clearTextFirst":true,"interactionType":"ENTER_TEXT"}]}
COMMAND: POST /session/fd95c45ccda87168f56760c12bc05b9d/execute/async - {"script":"<script> [1562 bytes]","args":[{"selector":{"id":"application-manageresources-display-component---newResourceUnit--DIMENSION_UNIT","interaction":{"idSuffix":"inner"}},"wdio_ui5_key":"applicationmanageresources-display-component---newResourceUnit--DIMENSION_UNIT"}]}
RESULT: {"script":"<script> [1562 bytes]","args":[{"selector":{"id":"application-manageresources-display-component---newResourceUnit--DIMENSION_UNIT","interaction":{"idSuffix":"inner"}},"wdio_ui5_key":"applicationmanageresources-display-component---newResourceUnit--DIMENSION_UNIT"}]}
RESULT: undefined
COMMAND: POST /session/fd95c45ccda87168f56760c12bc05b9d/execute/async - {"script":"<script> [776 bytes]","args":[{"enterText":"Meter","selector":{"id":"application-manageresources-display-component---newResourceUnit--DIMENSION_UNIT","interaction":{"idSuffix":"inner"}},"clearTextFirst":true,"interactionType":"ENTER_TEXT"}]}
RESULT: {"script":"<script> [776 bytes]","args":[{"enterText":"Meter","selector":{"id":"application-manageresources-display-component---newResourceUnit--DIMENSION_UNIT","interaction":{"idSuffix":"inner"}},"clearTextFirst":true,"interactionType":"ENTER_TEXT"}]}
COMMAND: POST /session/fd95c45ccda87168f56760c12bc05b9d/execute/async - {"script":"<script> [1562 bytes]","args":[{"selector":{"id":"application-manageresources-display-component---newResourceUnit--newRRUPage-anchBar-application-manageresources-display-component---newResourceUnit--control-anchor","interaction":{"idSuffix":"BDI-content"}},"wdio_ui5_key":"applicationmanageresources-display-component---newResourceUnit--newRRUPage-anchBar-application-manageresources-display-component---newResourceUnit--control-anchor"}]}
RESULT: {"script":"<script> [1562 bytes]","args":[{"selector":{"id":"application-manageresources-display-component---newResourceUnit--newRRUPage-anchBar-application-manageresources-display-component---newResourceUnit--control-anchor","interaction":{"idSuffix":"BDI-content"}},"wdio_ui5_key":"applicationmanageresources-display-component---newResourceUnit--newRRUPage-anchBar-application-manageresources-display-component---newResourceUnit--control-anchor"}]}
RESULT: undefined
COMMAND: POST /session/fd95c45ccda87168f56760c12bc05b9d/element - {"using":"xpath","value":"//*[@id=\"application-manageresources-display-component---newResourceUnit--newRRUPage-anchBar-application-manageresources-display-component---newResourceUnit--control-anchor\"]"}
RESULT: {"using":"xpath","value":"//*[@id=\"application-manageresources-display-component---newResourceUnit--newRRUPage-anchBar-application-manageresources-display-component---newResourceUnit--control-anchor\"]"}
COMMAND: POST /session/fd95c45ccda87168f56760c12bc05b9d/element/f.1202D19FA9159A4DFC5EAE9C490348A6.d.230E2F81C740F6AC1838C8CCB19B8A42.e.13518/click - {}
RESULT: {}
COMMAND: POST /session/fd95c45ccda87168f56760c12bc05b9d/execute/async - {"script":"<script> [1562 bytes]","args":[{"selector":{"id":"application-manageresources-display-component---newResourceUnit--PLANNING_GROUP","interaction":{"idSuffix":"inner"}},"wdio_ui5_key":"applicationmanageresources-display-component---newResourceUnit--PLANNING_GROUP"}]}
COMMAND: GET /session/fd95c45ccda87168f56760c12bc05b9d/screenshot - {}
RESULT: {"script":"<script> [1562 bytes]","args":[{"selector":{"id":"application-manageresources-display-component---newResourceUnit--PLANNING_GROUP","interaction":{"idSuffix":"inner"}},"wdio_ui5_key":"applicationmanageresources-display-component---newResourceUnit--PLANNING_GROUP"}]}
RESULT: undefined
COMMAND: POST /session/fd95c45ccda87168f56760c12bc05b9d/execute/async - {"script":"<script> [776 bytes]","args":[{"enterText":"Heavy Equi","selector":{"id":"application-manageresources-display-component---newResourceUnit--PLANNING_GROUP","interaction":{"idSuffix":"inner"}},"clearTextFirst":true,"interactionType":"ENTER_TEXT"}]}
RESULT: {}
RESULT: {"script":"<script> [776 bytes]","args":[{"enterText":"Heavy Equi","selector":{"id":"application-manageresources-display-component---newResourceUnit--PLANNING_GROUP","interaction":{"idSuffix":"inner"}},"clearTextFirst":true,"interactionType":"ENTER_TEXT"}]}
COMMAND: POST /session/fd95c45ccda87168f56760c12bc05b9d/execute/async - {"script":"<script> [1562 bytes]","args":[{"selector":{"id":"application-manageresources-display-component---newResourceUnit--ITEM_TYPE-arrow"},"wdio_ui5_key":"applicationmanageresources-display-component---newResourceUnit--ITEM_TYPE-arrow"}]}
RESULT: {"script":"<script> [1562 bytes]","args":[{"selector":{"id":"application-manageresources-display-component---newResourceUnit--ITEM_TYPE-arrow"},"wdio_ui5_key":"applicationmanageresources-display-component---newResourceUnit--ITEM_TYPE-arrow"}]}
RESULT: undefined
COMMAND: POST /session/fd95c45ccda87168f56760c12bc05b9d/element - {"using":"xpath","value":"//*[@id=\"application-manageresources-display-component---newResourceUnit--ITEM_TYPE-arrow\"]"}
RESULT: {"using":"xpath","value":"//*[@id=\"application-manageresources-display-component---newResourceUnit--ITEM_TYPE-arrow\"]"}
COMMAND: POST /session/fd95c45ccda87168f56760c12bc05b9d/element/f.1202D19FA9159A4DFC5EAE9C490348A6.d.230E2F81C740F6AC1838C8CCB19B8A42.e.13527/click - {}
RESULT: {}
COMMAND: POST /session/fd95c45ccda87168f56760c12bc05b9d/element - {"using":"xpath","value":"(//span[contains(text(), \"Resource Unit\")])[2]"}
COMMAND: GET /session/fd95c45ccda87168f56760c12bc05b9d/screenshot - {}
RESULT: {"using":"xpath","value":"(//span[contains(text(), \"Resource Unit\")])[2]"}
COMMAND: POST /session/fd95c45ccda87168f56760c12bc05b9d/element/f.1202D19FA9159A4DFC5EAE9C490348A6.d.230E2F81C740F6AC1838C8CCB19B8A42.e.13528/click - {}
RESULT: {}
RESULT: {}
COMMAND: GET /session/fd95c45ccda87168f56760c12bc05b9d/screenshot - {}
RESULT: {}
COMMAND: POST /session/fd95c45ccda87168f56760c12bc05b9d/element - {"using":"css selector","value":"#application-manageresources-display-component---newResourceUnit--btnAddTimeSegment"}
RESULT: {"using":"css selector","value":"#application-manageresources-display-component---newResourceUnit--btnAddTimeSegment"}
COMMAND: GET /session/fd95c45ccda87168f56760c12bc05b9d/element/f.1202D19FA9159A4DFC5EAE9C490348A6.d.230E2F81C740F6AC1838C8CCB19B8A42.e.13529/rect - {}
RESULT: {}
COMMAND: GET /session/fd95c45ccda87168f56760c12bc05b9d/window/rect - {}
RESULT: {}
COMMAND: POST /session/fd95c45ccda87168f56760c12bc05b9d/execute/sync - {"script":"<script> [92 bytes]","args":[]}
RESULT: {"script":"<script> [92 bytes]","args":[]}
COMMAND: POST /session/fd95c45ccda87168f56760c12bc05b9d/actions - {"actions":[{"id":"action45","type":"wheel","parameters":{},"actions":[{"type":"scroll","x":-1888,"y":-32,"deltaX":0,"deltaY":0,"duration":0,"origin":{"element-6066-11e4-a52e-4f735466cecf":"f.1202D19FA9159A4DFC5EAE9C490348A6.d.230E2F81C740F6AC1838C8CCB19B8A42.e.13529"}}]}]}
COMMAND: GET /session/fd95c45ccda87168f56760c12bc05b9d/screenshot - {}
RESULT: {}
COMMAND: POST /session/fd95c45ccda87168f56760c12bc05b9d/execute/sync - {"script":"<script> [79 bytes]","args":[{"element-6066-11e4-a52e-4f735466cecf":"f.1202D19FA9159A4DFC5EAE9C490348A6.d.230E2F81C740F6AC1838C8CCB19B8A42.e.13529","ELEMENT":"f.1202D19FA9159A4DFC5EAE9C490348A6.d.230E2F81C740F6AC1838C8CCB19B8A42.e.13529"},{"block":"start","inline":"nearest"}]}
RESULT: {"script":"<script> [79 bytes]","args":[{"element-6066-11e4-a52e-4f735466cecf":"f.1202D19FA9159A4DFC5EAE9C490348A6.d.230E2F81C740F6AC1838C8CCB19B8A42.e.13529","ELEMENT":"f.1202D19FA9159A4DFC5EAE9C490348A6.d.230E2F81C740F6AC1838C8CCB19B8A42.e.13529"},{"block":"start","inline":"nearest"}]}
COMMAND: POST /session/fd95c45ccda87168f56760c12bc05b9d/execute/async - {"script":"<script> [1562 bytes]","args":[{"selector":{"id":"application-manageresources-display-component---newResourceUnit--btnAddTimeSegment","interaction":{"idSuffix":"inner"}},"wdio_ui5_key":"applicationmanageresources-display-component---newResourceUnit--btnAddTimeSegment"}]}
COMMAND: GET /session/fd95c45ccda87168f56760c12bc05b9d/screenshot - {}
RESULT: {"script":"<script> [1562 bytes]","args":[{"selector":{"id":"application-manageresources-display-component---newResourceUnit--btnAddTimeSegment","interaction":{"idSuffix":"inner"}},"wdio_ui5_key":"applicationmanageresources-display-component---newResourceUnit--btnAddTimeSegment"}]}
RESULT: undefined
COMMAND: POST /session/fd95c45ccda87168f56760c12bc05b9d/element - {"using":"xpath","value":"//*[@id=\"application-manageresources-display-component---newResourceUnit--btnAddTimeSegment\"]"}
RESULT: {}
RESULT: {"using":"xpath","value":"//*[@id=\"application-manageresources-display-component---newResourceUnit--btnAddTimeSegment\"]"}
COMMAND: POST /session/fd95c45ccda87168f56760c12bc05b9d/element/f.1202D19FA9159A4DFC5EAE9C490348A6.d.230E2F81C740F6AC1838C8CCB19B8A42.e.13529/click - {}
RESULT: {}
COMMAND: GET /session/fd95c45ccda87168f56760c12bc05b9d/screenshot - {}
RESULT: {}
COMMAND: POST /session/fd95c45ccda87168f56760c12bc05b9d/element - {"using":"xpath","value":"//input[@id=\"application-manageresources-display-component---newResourceUnit--idRuTSAdmin-application-manageresources-display-component---newResourceUnit--RUTimeSegment-0-inner\"]"}
RESULT: {"using":"xpath","value":"//input[@id=\"application-manageresources-display-component---newResourceUnit--idRuTSAdmin-application-manageresources-display-component---newResourceUnit--RUTimeSegment-0-inner\"]"}
COMMAND: POST /session/fd95c45ccda87168f56760c12bc05b9d/element/f.1202D19FA9159A4DFC5EAE9C490348A6.d.230E2F81C740F6AC1838C8CCB19B8A42.e.13535/clear - {}
RESULT: {}
COMMAND: POST /session/fd95c45ccda87168f56760c12bc05b9d/element/f.1202D19FA9159A4DFC5EAE9C490348A6.d.230E2F81C740F6AC1838C8CCB19B8A42.e.13535/value - {"text":"804"}
COMMAND: GET /session/fd95c45ccda87168f56760c12bc05b9d/screenshot - {}
RESULT: {"text":"804"}
COMMAND: GET /session/fd95c45ccda87168f56760c12bc05b9d/screenshot - {}
RESULT: {}
RESULT: {}
COMMAND: POST /session/fd95c45ccda87168f56760c12bc05b9d/element - {"using":"xpath","value":"//li[.//span[text()='804']]"}
RESULT: {"using":"xpath","value":"//li[.//span[text()='804']]"}
COMMAND: POST /session/fd95c45ccda87168f56760c12bc05b9d/element/f.1202D19FA9159A4DFC5EAE9C490348A6.d.230E2F81C740F6AC1838C8CCB19B8A42.e.13547/click - {}
RESULT: {}
COMMAND: GET /session/fd95c45ccda87168f56760c12bc05b9d/screenshot - {}
RESULT: {}
COMMAND: POST /session/fd95c45ccda87168f56760c12bc05b9d/element - {"using":"xpath","value":"(//span[contains(@id, \"-application-manageresources-display-component---newResourceUnit--RUTimeSegment-0-arrow\")])[6]"}
RESULT: {"using":"xpath","value":"(//span[contains(@id, \"-application-manageresources-display-component---newResourceUnit--RUTimeSegment-0-arrow\")])[6]"}
COMMAND: POST /session/fd95c45ccda87168f56760c12bc05b9d/element/f.1202D19FA9159A4DFC5EAE9C490348A6.d.230E2F81C740F6AC1838C8CCB19B8A42.e.13548/click - {}
RESULT: {}
COMMAND: POST /session/fd95c45ccda87168f56760c12bc05b9d/element - {"using":"xpath","value":"//span[contains(text(), \"PM Order\")]"}
COMMAND: GET /session/fd95c45ccda87168f56760c12bc05b9d/screenshot - {}
RESULT: {"using":"xpath","value":"//span[contains(text(), \"PM Order\")]"}
COMMAND: POST /session/fd95c45ccda87168f56760c12bc05b9d/element/f.1202D19FA9159A4DFC5EAE9C490348A6.d.230E2F81C740F6AC1838C8CCB19B8A42.e.13551/click - {}
RESULT: {}
RESULT: {}
COMMAND: GET /session/fd95c45ccda87168f56760c12bc05b9d/screenshot - {}
RESULT: {}
COMMAND: POST /session/fd95c45ccda87168f56760c12bc05b9d/element - {"using":"xpath","value":"(//span[contains(@id ,\"manageresources-display-component---newResourceUnit--RUTimeSegment-0-vhi\")])[2]"}
RESULT: {"using":"xpath","value":"(//span[contains(@id ,\"manageresources-display-component---newResourceUnit--RUTimeSegment-0-vhi\")])[2]"}
COMMAND: POST /session/fd95c45ccda87168f56760c12bc05b9d/element/f.1202D19FA9159A4DFC5EAE9C490348A6.d.230E2F81C740F6AC1838C8CCB19B8A42.e.13554/click - {}
RESULT: {}
COMMAND: GET /session/fd95c45ccda87168f56760c12bc05b9d/screenshot - {}
RESULT: {}
COMMAND: POST /session/fd95c45ccda87168f56760c12bc05b9d/execute/async - {"script":"<script> [1562 bytes]","args":[{"selector":{"controlType":"sap.m.SearchField","properties":{"placeholder":"Search"},"searchOpenDialogs":true,"interaction":{"idSuffix":"I"}},"wdio_ui5_key":"sapm.SearchField{\"placeholder\":\"Search\"}"}]}
RESULT: {"script":"<script> [1562 bytes]","args":[{"selector":{"controlType":"sap.m.SearchField","properties":{"placeholder":"Search"},"searchOpenDialogs":true,"interaction":{"idSuffix":"I"}},"wdio_ui5_key":"sapm.SearchField{\"placeholder\":\"Search\"}"}]}
RESULT: undefined
COMMAND: POST /session/fd95c45ccda87168f56760c12bc05b9d/execute/async - {"script":"<script> [776 bytes]","args":[{"enterText":"4000360","selector":{"controlType":"sap.m.SearchField","properties":{"placeholder":"Search"},"searchOpenDialogs":true,"interaction":{"idSuffix":"I"}},"clearTextFirst":true,"interactionType":"ENTER_TEXT"}]}
RESULT: {"script":"<script> [776 bytes]","args":[{"enterText":"4000360","selector":{"controlType":"sap.m.SearchField","properties":{"placeholder":"Search"},"searchOpenDialogs":true,"interaction":{"idSuffix":"I"}},"clearTextFirst":true,"interactionType":"ENTER_TEXT"}]}
COMMAND: POST /session/fd95c45ccda87168f56760c12bc05b9d/actions - {"actions":[{"id":"action46","type":"key","parameters":{},"actions":[{"type":"keyDown","value":"î€‡"},{"type":"pause","duration":10},{"type":"keyUp","value":"î€‡"}]}]}
RESULT: {"actions":[{"id":"action46","type":"key","parameters":{},"actions":[{"type":"keyDown","value":"î€‡"},{"type":"pause","duration":10},{"type":"keyUp","value":"î€‡"}]}]}
COMMAND: GET /session/fd95c45ccda87168f56760c12bc05b9d/screenshot - {}
RESULT: {}
COMMAND: POST /session/fd95c45ccda87168f56760c12bc05b9d/element - {"using":"xpath","value":"//td/div/span[contains(text(), \"BGL Vehicles\")]"}
RESULT: {"using":"xpath","value":"//td/div/span[contains(text(), \"BGL Vehicles\")]"}
COMMAND: POST /session/fd95c45ccda87168f56760c12bc05b9d/element/f.1202D19FA9159A4DFC5EAE9C490348A6.d.230E2F81C740F6AC1838C8CCB19B8A42.e.13574/click - {}
RESULT: {}
COMMAND: GET /session/fd95c45ccda87168f56760c12bc05b9d/screenshot - {}
RESULT: {}
COMMAND: POST /session/fd95c45ccda87168f56760c12bc05b9d/element - {"using":"xpath","value":"//bdi[contains(text(), \"OK\")]"}
RESULT: {"using":"xpath","value":"//bdi[contains(text(), \"OK\")]"}
COMMAND: POST /session/fd95c45ccda87168f56760c12bc05b9d/element/f.1202D19FA9159A4DFC5EAE9C490348A6.d.230E2F81C740F6AC1838C8CCB19B8A42.e.13575/click - {}
RESULT: {}
COMMAND: GET /session/fd95c45ccda87168f56760c12bc05b9d/screenshot - {}
RESULT: {}
COMMAND: POST /session/fd95c45ccda87168f56760c12bc05b9d/execute/async - {"script":"<script> [1562 bytes]","args":[{"selector":{"id":"application-manageresources-display-component---newResourceUnit--newRRUPage-anchBar-application-manageresources-display-component---newResourceUnit--resource-anchor","interaction":{"idSuffix":"BDI-content"}},"wdio_ui5_key":"applicationmanageresources-display-component---newResourceUnit--newRRUPage-anchBar-application-manageresources-display-component---newResourceUnit--resource-anchor"}]}
RESULT: {"script":"<script> [1562 bytes]","args":[{"selector":{"id":"application-manageresources-display-component---newResourceUnit--newRRUPage-anchBar-application-manageresources-display-component---newResourceUnit--resource-anchor","interaction":{"idSuffix":"BDI-content"}},"wdio_ui5_key":"applicationmanageresources-display-component---newResourceUnit--newRRUPage-anchBar-application-manageresources-display-component---newResourceUnit--resource-anchor"}]}
RESULT: undefined
COMMAND: POST /session/fd95c45ccda87168f56760c12bc05b9d/element - {"using":"xpath","value":"//*[@id=\"application-manageresources-display-component---newResourceUnit--newRRUPage-anchBar-application-manageresources-display-component---newResourceUnit--resource-anchor\"]"}
RESULT: {"using":"xpath","value":"//*[@id=\"application-manageresources-display-component---newResourceUnit--newRRUPage-anchBar-application-manageresources-display-component---newResourceUnit--resource-anchor\"]"}
COMMAND: POST /session/fd95c45ccda87168f56760c12bc05b9d/element/f.1202D19FA9159A4DFC5EAE9C490348A6.d.230E2F81C740F6AC1838C8CCB19B8A42.e.13579/click - {}
RESULT: {}
COMMAND: POST /session/fd95c45ccda87168f56760c12bc05b9d/execute/async - {"script":"<script> [1562 bytes]","args":[{"selector":{"id":"application-manageresources-display-component---newResourceUnit--PLANNED_DELIVERY_DATE","interaction":{"idSuffix":"inner"}},"wdio_ui5_key":"applicationmanageresources-display-component---newResourceUnit--PLANNED_DELIVERY_DATE"}]}
COMMAND: GET /session/fd95c45ccda87168f56760c12bc05b9d/screenshot - {}
RESULT: {"script":"<script> [1562 bytes]","args":[{"selector":{"id":"application-manageresources-display-component---newResourceUnit--PLANNED_DELIVERY_DATE","interaction":{"idSuffix":"inner"}},"wdio_ui5_key":"applicationmanageresources-display-component---newResourceUnit--PLANNED_DELIVERY_DATE"}]}
RESULT: undefined
COMMAND: POST /session/fd95c45ccda87168f56760c12bc05b9d/execute/async - {"script":"<script> [6424 bytes]","args":[{"element-6066-11e4-a52e-4f735466cecf":"f.1202D19FA9159A4DFC5EAE9C490348A6.d.230E2F81C740F6AC1838C8CCB19B8A42.e.13441"},"setValue",["4/24/25"]]}
RESULT: {}
RESULT: {"script":"<script> [6424 bytes]","args":[{"element-6066-11e4-a52e-4f735466cecf":"f.1202D19FA9159A4DFC5EAE9C490348A6.d.230E2F81C740F6AC1838C8CCB19B8A42.e.13441"},"setValue",["4/24/25"]]}
COMMAND: POST /session/fd95c45ccda87168f56760c12bc05b9d/element - {"using":"xpath","value":"//button[@data-kt=\"resourceUnitSaveButton\"]"}
RESULT: {"using":"xpath","value":"//button[@data-kt=\"resourceUnitSaveButton\"]"}
COMMAND: POST /session/fd95c45ccda87168f56760c12bc05b9d/element/f.1202D19FA9159A4DFC5EAE9C490348A6.d.230E2F81C740F6AC1838C8CCB19B8A42.e.13401/click - {}
RESULT: {}
COMMAND: GET /session/fd95c45ccda87168f56760c12bc05b9d/screenshot - {}
RESULT: {}
COMMAND: POST /session/fd95c45ccda87168f56760c12bc05b9d/element - {"using":"xpath","value":"//bdi[contains(text(), \"Close\")]"}
RESULT: {"using":"xpath","value":"//bdi[contains(text(), \"Close\")]"}
COMMAND: POST /session/fd95c45ccda87168f56760c12bc05b9d/element/f.1202D19FA9159A4DFC5EAE9C490348A6.d.230E2F81C740F6AC1838C8CCB19B8A42.e.13587/click - {}
RESULT: {}
COMMAND: GET /session/fd95c45ccda87168f56760c12bc05b9d/screenshot - {}
RESULT: {}
COMMAND: POST /session/fd95c45ccda87168f56760c12bc05b9d/element - {"using":"xpath","value":"(//button[contains(@id ,\"actionsToolbar-overflowButton\")])[1]"}
RESULT: {"using":"xpath","value":"(//button[contains(@id ,\"actionsToolbar-overflowButton\")])[1]"}
COMMAND: POST /session/fd95c45ccda87168f56760c12bc05b9d/element/f.1202D19FA9159A4DFC5EAE9C490348A6.d.230E2F81C740F6AC1838C8CCB19B8A42.e.13619/click - {}
RESULT: {}
COMMAND: GET /session/fd95c45ccda87168f56760c12bc05b9d/screenshot - {}
RESULT: {}
COMMAND: POST /session/fd95c45ccda87168f56760c12bc05b9d/element - {"using":"xpath","value":"//button[@data-kt=\"priceInfoButton\"]"}
RESULT: {"using":"xpath","value":"//button[@data-kt=\"priceInfoButton\"]"}
COMMAND: POST /session/fd95c45ccda87168f56760c12bc05b9d/element/f.1202D19FA9159A4DFC5EAE9C490348A6.d.230E2F81C740F6AC1838C8CCB19B8A42.e.13621/click - {}
RESULT: {}
COMMAND: GET /session/fd95c45ccda87168f56760c12bc05b9d/screenshot - {}
]]></system-out>
    </testcase>
    <testcase classname="chrome.135_0_7049_96.windows.Create_Reverse_Billing_US127248" name="Should create a pricing procedure" time="52.392">
      <system-out><![CDATA[
COMMAND: POST /session/fd95c45ccda87168f56760c12bc05b9d/element - {"using":"xpath","value":"//button[@data-kt=\"addButton\"]"}
RESULT: {}
RESULT: {"using":"xpath","value":"//button[@data-kt=\"addButton\"]"}
COMMAND: POST /session/fd95c45ccda87168f56760c12bc05b9d/elements - {"using":"xpath","value":"//button[@data-kt=\"addButton\"]"}
RESULT: {"using":"xpath","value":"//button[@data-kt=\"addButton\"]"}
COMMAND: POST /session/fd95c45ccda87168f56760c12bc05b9d/execute/sync - {"script":"<script> [8489 bytes]","args":[{"element-6066-11e4-a52e-4f735466cecf":"f.1202D19FA9159A4DFC5EAE9C490348A6.d.230E2F81C740F6AC1838C8CCB19B8A42.e.13661","ELEMENT":"f.1202D19FA9159A4DFC5EAE9C490348A6.d.230E2F81C740F6AC1838C8CCB19B8A42.e.13661"}]}
RESULT: {"script":"<script> [8489 bytes]","args":[{"element-6066-11e4-a52e-4f735466cecf":"f.1202D19FA9159A4DFC5EAE9C490348A6.d.230E2F81C740F6AC1838C8CCB19B8A42.e.13661","ELEMENT":"f.1202D19FA9159A4DFC5EAE9C490348A6.d.230E2F81C740F6AC1838C8CCB19B8A42.e.13661"}]}
COMMAND: GET /session/fd95c45ccda87168f56760c12bc05b9d/element/f.1202D19FA9159A4DFC5EAE9C490348A6.d.230E2F81C740F6AC1838C8CCB19B8A42.e.13661/enabled - {}
COMMAND: GET /session/fd95c45ccda87168f56760c12bc05b9d/screenshot - {}
RESULT: {}
COMMAND: POST /session/fd95c45ccda87168f56760c12bc05b9d/execute/sync - {"script":"<script> [8489 bytes]","args":[{"element-6066-11e4-a52e-4f735466cecf":"f.1202D19FA9159A4DFC5EAE9C490348A6.d.230E2F81C740F6AC1838C8CCB19B8A42.e.13661","ELEMENT":"f.1202D19FA9159A4DFC5EAE9C490348A6.d.230E2F81C740F6AC1838C8CCB19B8A42.e.13661"}]}
COMMAND: GET /session/fd95c45ccda87168f56760c12bc05b9d/screenshot - {}
RESULT: {}
RESULT: {"script":"<script> [8489 bytes]","args":[{"element-6066-11e4-a52e-4f735466cecf":"f.1202D19FA9159A4DFC5EAE9C490348A6.d.230E2F81C740F6AC1838C8CCB19B8A42.e.13661","ELEMENT":"f.1202D19FA9159A4DFC5EAE9C490348A6.d.230E2F81C740F6AC1838C8CCB19B8A42.e.13661"}]}
COMMAND: POST /session/fd95c45ccda87168f56760c12bc05b9d/execute/sync - {"script":"<script> [5351 bytes]","args":[{"element-6066-11e4-a52e-4f735466cecf":"f.1202D19FA9159A4DFC5EAE9C490348A6.d.230E2F81C740F6AC1838C8CCB19B8A42.e.13661","ELEMENT":"f.1202D19FA9159A4DFC5EAE9C490348A6.d.230E2F81C740F6AC1838C8CCB19B8A42.e.13661"}]}
COMMAND: GET /session/fd95c45ccda87168f56760c12bc05b9d/screenshot - {}
RESULT: {}
RESULT: {"script":"<script> [5351 bytes]","args":[{"element-6066-11e4-a52e-4f735466cecf":"f.1202D19FA9159A4DFC5EAE9C490348A6.d.230E2F81C740F6AC1838C8CCB19B8A42.e.13661","ELEMENT":"f.1202D19FA9159A4DFC5EAE9C490348A6.d.230E2F81C740F6AC1838C8CCB19B8A42.e.13661"}]}
COMMAND: POST /session/fd95c45ccda87168f56760c12bc05b9d/element/f.1202D19FA9159A4DFC5EAE9C490348A6.d.230E2F81C740F6AC1838C8CCB19B8A42.e.13661/click - {}
COMMAND: GET /session/fd95c45ccda87168f56760c12bc05b9d/screenshot - {}
RESULT: {}
RESULT: {}
COMMAND: GET /session/fd95c45ccda87168f56760c12bc05b9d/screenshot - {}
RESULT: {}
RESULT: {}
COMMAND: POST /session/fd95c45ccda87168f56760c12bc05b9d/execute/async - {"script":"<script> [1562 bytes]","args":[{"selector":{"controlType":"sap.m.Title","viewName":"etm.portal.ui.managepricingrules.view.NewItem","viewId":"application-managepricingrules-display-component---newInfoPriceItem","properties":{"text":"New Pricing Rules - Item Level"}},"wdio_ui5_key":"etmportal.ui.managepricingrules.view.NewItemsap.m.Title{\"text\":\"New Pricing Rules - Item Level\"}"}]}
RESULT: {"script":"<script> [1562 bytes]","args":[{"selector":{"controlType":"sap.m.Title","viewName":"etm.portal.ui.managepricingrules.view.NewItem","viewId":"application-managepricingrules-display-component---newInfoPriceItem","properties":{"text":"New Pricing Rules - Item Level"}},"wdio_ui5_key":"etmportal.ui.managepricingrules.view.NewItemsap.m.Title{\"text\":\"New Pricing Rules - Item Level\"}"}]}
RESULT: undefined
COMMAND: POST /session/fd95c45ccda87168f56760c12bc05b9d/execute/async - {"script":"<script> [6424 bytes]","args":[{"element-6066-11e4-a52e-4f735466cecf":"f.1202D19FA9159A4DFC5EAE9C490348A6.d.230E2F81C740F6AC1838C8CCB19B8A42.e.13825"},"getText",[]]}
RESULT: {"script":"<script> [6424 bytes]","args":[{"element-6066-11e4-a52e-4f735466cecf":"f.1202D19FA9159A4DFC5EAE9C490348A6.d.230E2F81C740F6AC1838C8CCB19B8A42.e.13825"},"getText",[]]}
COMMAND: POST /session/fd95c45ccda87168f56760c12bc05b9d/execute/async - {"script":"<script> [1562 bytes]","args":[{"selector":{"id":"application-managepricingrules-display-component---newInfoPriceItem--condValidTo","interaction":{"idSuffix":"inner"}},"wdio_ui5_key":"applicationmanagepricingrules-display-component---newInfoPriceItem--condValidTo"}]}
RESULT: {"script":"<script> [1562 bytes]","args":[{"selector":{"id":"application-managepricingrules-display-component---newInfoPriceItem--condValidTo","interaction":{"idSuffix":"inner"}},"wdio_ui5_key":"applicationmanagepricingrules-display-component---newInfoPriceItem--condValidTo"}]}
RESULT: undefined
COMMAND: POST /session/fd95c45ccda87168f56760c12bc05b9d/execute/async - {"script":"<script> [776 bytes]","args":[{"enterText":"12/24/25","selector":{"id":"application-managepricingrules-display-component---newInfoPriceItem--condValidTo","interaction":{"idSuffix":"inner"}},"clearTextFirst":true,"interactionType":"ENTER_TEXT"}]}
RESULT: {"script":"<script> [776 bytes]","args":[{"enterText":"12/24/25","selector":{"id":"application-managepricingrules-display-component---newInfoPriceItem--condValidTo","interaction":{"idSuffix":"inner"}},"clearTextFirst":true,"interactionType":"ENTER_TEXT"}]}
COMMAND: POST /session/fd95c45ccda87168f56760c12bc05b9d/execute/async - {"script":"<script> [1562 bytes]","args":[{"selector":{"id":"application-managepricingrules-display-component---newInfoPriceItem--billType-arrow"},"wdio_ui5_key":"applicationmanagepricingrules-display-component---newInfoPriceItem--billType-arrow"}]}
RESULT: {"script":"<script> [1562 bytes]","args":[{"selector":{"id":"application-managepricingrules-display-component---newInfoPriceItem--billType-arrow"},"wdio_ui5_key":"applicationmanagepricingrules-display-component---newInfoPriceItem--billType-arrow"}]}
RESULT: undefined
COMMAND: POST /session/fd95c45ccda87168f56760c12bc05b9d/element - {"using":"xpath","value":"//*[@id=\"application-managepricingrules-display-component---newInfoPriceItem--billType-arrow\"]"}
RESULT: {"using":"xpath","value":"//*[@id=\"application-managepricingrules-display-component---newInfoPriceItem--billType-arrow\"]"}
COMMAND: POST /session/fd95c45ccda87168f56760c12bc05b9d/element/f.1202D19FA9159A4DFC5EAE9C490348A6.d.230E2F81C740F6AC1838C8CCB19B8A42.e.13827/click - {}
RESULT: {}
COMMAND: POST /session/fd95c45ccda87168f56760c12bc05b9d/element - {"using":"xpath","value":"//span[contains(text(), \"TB - Time based\")]"}
COMMAND: GET /session/fd95c45ccda87168f56760c12bc05b9d/screenshot - {}
RESULT: {"using":"xpath","value":"//span[contains(text(), \"TB - Time based\")]"}
COMMAND: POST /session/fd95c45ccda87168f56760c12bc05b9d/element/f.1202D19FA9159A4DFC5EAE9C490348A6.d.230E2F81C740F6AC1838C8CCB19B8A42.e.13828/click - {}
RESULT: {}
RESULT: {}
COMMAND: POST /session/fd95c45ccda87168f56760c12bc05b9d/execute/async - {"script":"<script> [1562 bytes]","args":[{"selector":{"id":"application-managepricingrules-display-component---newInfoPriceItem--priceProc-arrow"},"wdio_ui5_key":"applicationmanagepricingrules-display-component---newInfoPriceItem--priceProc-arrow"}]}
COMMAND: GET /session/fd95c45ccda87168f56760c12bc05b9d/screenshot - {}
RESULT: {"script":"<script> [1562 bytes]","args":[{"selector":{"id":"application-managepricingrules-display-component---newInfoPriceItem--priceProc-arrow"},"wdio_ui5_key":"applicationmanagepricingrules-display-component---newInfoPriceItem--priceProc-arrow"}]}
RESULT: undefined
COMMAND: POST /session/fd95c45ccda87168f56760c12bc05b9d/element - {"using":"xpath","value":"//*[@id=\"application-managepricingrules-display-component---newInfoPriceItem--priceProc-arrow\"]"}
RESULT: {}
RESULT: {"using":"xpath","value":"//*[@id=\"application-managepricingrules-display-component---newInfoPriceItem--priceProc-arrow\"]"}
COMMAND: POST /session/fd95c45ccda87168f56760c12bc05b9d/element/f.1202D19FA9159A4DFC5EAE9C490348A6.d.230E2F81C740F6AC1838C8CCB19B8A42.e.13786/click - {}
RESULT: {}
COMMAND: POST /session/fd95c45ccda87168f56760c12bc05b9d/element - {"using":"xpath","value":"//span[contains(text(), \"TBS - Time based standard\")]"}
COMMAND: GET /session/fd95c45ccda87168f56760c12bc05b9d/screenshot - {}
RESULT: {"using":"xpath","value":"//span[contains(text(), \"TBS - Time based standard\")]"}
COMMAND: POST /session/fd95c45ccda87168f56760c12bc05b9d/element/f.1202D19FA9159A4DFC5EAE9C490348A6.d.230E2F81C740F6AC1838C8CCB19B8A42.e.13829/click - {}
RESULT: {}
RESULT: {}
COMMAND: POST /session/fd95c45ccda87168f56760c12bc05b9d/execute/async - {"script":"<script> [1562 bytes]","args":[{"selector":{"id":"application-managepricingrules-display-component---newInfoPriceItem--calcBase-arrow"},"wdio_ui5_key":"applicationmanagepricingrules-display-component---newInfoPriceItem--calcBase-arrow"}]}
COMMAND: GET /session/fd95c45ccda87168f56760c12bc05b9d/screenshot - {}
RESULT: {"script":"<script> [1562 bytes]","args":[{"selector":{"id":"application-managepricingrules-display-component---newInfoPriceItem--calcBase-arrow"},"wdio_ui5_key":"applicationmanagepricingrules-display-component---newInfoPriceItem--calcBase-arrow"}]}
RESULT: undefined
COMMAND: POST /session/fd95c45ccda87168f56760c12bc05b9d/element - {"using":"xpath","value":"//*[@id=\"application-managepricingrules-display-component---newInfoPriceItem--calcBase-arrow\"]"}
RESULT: {}
RESULT: {"using":"xpath","value":"//*[@id=\"application-managepricingrules-display-component---newInfoPriceItem--calcBase-arrow\"]"}
COMMAND: POST /session/fd95c45ccda87168f56760c12bc05b9d/element/f.1202D19FA9159A4DFC5EAE9C490348A6.d.230E2F81C740F6AC1838C8CCB19B8A42.e.13793/click - {}
RESULT: {}
COMMAND: GET /session/fd95c45ccda87168f56760c12bc05b9d/screenshot - {}
RESULT: {}
COMMAND: POST /session/fd95c45ccda87168f56760c12bc05b9d/element - {"using":"xpath","value":"//span[contains(text(), \"0006 - TB(calendar days)\")]"}
RESULT: {"using":"xpath","value":"//span[contains(text(), \"0006 - TB(calendar days)\")]"}
COMMAND: POST /session/fd95c45ccda87168f56760c12bc05b9d/element/f.1202D19FA9159A4DFC5EAE9C490348A6.d.230E2F81C740F6AC1838C8CCB19B8A42.e.13830/click - {}
RESULT: {}
COMMAND: GET /session/fd95c45ccda87168f56760c12bc05b9d/screenshot - {}
RESULT: {}
COMMAND: POST /session/fd95c45ccda87168f56760c12bc05b9d/execute/async - {"script":"<script> [1562 bytes]","args":[{"selector":{"id":"application-managepricingrules-display-component---newInfoPriceItem--daysMonth","interaction":{"idSuffix":"inner"}},"wdio_ui5_key":"applicationmanagepricingrules-display-component---newInfoPriceItem--daysMonth"}]}
RESULT: {"script":"<script> [1562 bytes]","args":[{"selector":{"id":"application-managepricingrules-display-component---newInfoPriceItem--daysMonth","interaction":{"idSuffix":"inner"}},"wdio_ui5_key":"applicationmanagepricingrules-display-component---newInfoPriceItem--daysMonth"}]}
RESULT: undefined
COMMAND: POST /session/fd95c45ccda87168f56760c12bc05b9d/execute/async - {"script":"<script> [776 bytes]","args":[{"enterText":"30","selector":{"id":"application-managepricingrules-display-component---newInfoPriceItem--daysMonth","interaction":{"idSuffix":"inner"}},"clearTextFirst":true,"interactionType":"ENTER_TEXT"}]}
RESULT: {"script":"<script> [776 bytes]","args":[{"enterText":"30","selector":{"id":"application-managepricingrules-display-component---newInfoPriceItem--daysMonth","interaction":{"idSuffix":"inner"}},"clearTextFirst":true,"interactionType":"ENTER_TEXT"}]}
COMMAND: POST /session/fd95c45ccda87168f56760c12bc05b9d/element - {"using":"xpath","value":"//button[@data-kt=\"saveNewRuleButton\"]"}
RESULT: {"using":"xpath","value":"//button[@data-kt=\"saveNewRuleButton\"]"}
COMMAND: POST /session/fd95c45ccda87168f56760c12bc05b9d/element/f.1202D19FA9159A4DFC5EAE9C490348A6.d.230E2F81C740F6AC1838C8CCB19B8A42.e.13810/click - {}
RESULT: {}
COMMAND: GET /session/fd95c45ccda87168f56760c12bc05b9d/screenshot - {}
RESULT: {}
COMMAND: POST /session/fd95c45ccda87168f56760c12bc05b9d/execute/async - {"script":"<script> [1562 bytes]","args":[{"selector":{"id":"application-managepricingrules-display-component---priceInfoItem--smartFilterBar-btnBasicSearch","interaction":{"idSuffix":"I"}},"wdio_ui5_key":"applicationmanagepricingrules-display-component---priceInfoItem--smartFilterBar-btnBasicSearch"}]}
RESULT: {"script":"<script> [1562 bytes]","args":[{"selector":{"id":"application-managepricingrules-display-component---priceInfoItem--smartFilterBar-btnBasicSearch","interaction":{"idSuffix":"I"}},"wdio_ui5_key":"applicationmanagepricingrules-display-component---priceInfoItem--smartFilterBar-btnBasicSearch"}]}
RESULT: undefined
COMMAND: POST /session/fd95c45ccda87168f56760c12bc05b9d/execute/async - {"script":"<script> [776 bytes]","args":[{"enterText":"BjuU1bl2JP","selector":{"id":"application-managepricingrules-display-component---priceInfoItem--smartFilterBar-btnBasicSearch","interaction":{"idSuffix":"I"}},"clearTextFirst":true,"interactionType":"ENTER_TEXT"}]}
RESULT: {"script":"<script> [776 bytes]","args":[{"enterText":"BjuU1bl2JP","selector":{"id":"application-managepricingrules-display-component---priceInfoItem--smartFilterBar-btnBasicSearch","interaction":{"idSuffix":"I"}},"clearTextFirst":true,"interactionType":"ENTER_TEXT"}]}
COMMAND: POST /session/fd95c45ccda87168f56760c12bc05b9d/actions - {"actions":[{"id":"action47","type":"key","parameters":{},"actions":[{"type":"keyDown","value":"î€‡"},{"type":"pause","duration":10},{"type":"keyUp","value":"î€‡"}]}]}
RESULT: {"actions":[{"id":"action47","type":"key","parameters":{},"actions":[{"type":"keyDown","value":"î€‡"},{"type":"pause","duration":10},{"type":"keyUp","value":"î€‡"}]}]}
COMMAND: GET /session/fd95c45ccda87168f56760c12bc05b9d/screenshot - {}
RESULT: {}
COMMAND: POST /session/fd95c45ccda87168f56760c12bc05b9d/element - {"using":"xpath","value":"//span[@id=\"application-managepricingrules-display-component---priceInfoItem--smartTable-header-inner\"]"}
RESULT: {"using":"xpath","value":"//span[@id=\"application-managepricingrules-display-component---priceInfoItem--smartTable-header-inner\"]"}
COMMAND: POST /session/fd95c45ccda87168f56760c12bc05b9d/elements - {"using":"xpath","value":"//span[@id=\"application-managepricingrules-display-component---priceInfoItem--smartTable-header-inner\"]"}
RESULT: {"using":"xpath","value":"//span[@id=\"application-managepricingrules-display-component---priceInfoItem--smartTable-header-inner\"]"}
COMMAND: POST /session/fd95c45ccda87168f56760c12bc05b9d/execute/sync - {"script":"<script> [56 bytes]","args":[{"element-6066-11e4-a52e-4f735466cecf":"f.1202D19FA9159A4DFC5EAE9C490348A6.d.230E2F81C740F6AC1838C8CCB19B8A42.e.13854","ELEMENT":"f.1202D19FA9159A4DFC5EAE9C490348A6.d.230E2F81C740F6AC1838C8CCB19B8A42.e.13854"}]}
RESULT: {"script":"<script> [56 bytes]","args":[{"element-6066-11e4-a52e-4f735466cecf":"f.1202D19FA9159A4DFC5EAE9C490348A6.d.230E2F81C740F6AC1838C8CCB19B8A42.e.13854","ELEMENT":"f.1202D19FA9159A4DFC5EAE9C490348A6.d.230E2F81C740F6AC1838C8CCB19B8A42.e.13854"}]}
COMMAND: POST /session/fd95c45ccda87168f56760c12bc05b9d/element - {"using":"css selector","value":"#shell-header-logo"}
COMMAND: GET /session/fd95c45ccda87168f56760c12bc05b9d/screenshot - {}
RESULT: {"using":"css selector","value":"#shell-header-logo"}
COMMAND: POST /session/fd95c45ccda87168f56760c12bc05b9d/element/f.1202D19FA9159A4DFC5EAE9C490348A6.d.230E2F81C740F6AC1838C8CCB19B8A42.e.13003/click - {}
RESULT: {}
RESULT: {}
COMMAND: GET /session/fd95c45ccda87168f56760c12bc05b9d/screenshot - {}
RESULT: {}
]]></system-out>
    </testcase>
    <testcase classname="chrome.135_0_7049_96.windows.Create_Reverse_Billing_US127248" name="Should manage conditions" time="65.418">
      <system-out><![CDATA[
COMMAND: POST /session/fd95c45ccda87168f56760c12bc05b9d/execute/async - {"script":"<script> [1562 bytes]","args":[{"selector":{"controlType":"sap.m.Text","properties":{"text":"Manage Conditions & Prices"},"interaction":{"idSuffix":"inner"}},"wdio_ui5_key":"sapm.Text{\"text\":\"Manage Conditions & Prices\"}"}]}
RESULT: {"script":"<script> [1562 bytes]","args":[{"selector":{"controlType":"sap.m.Text","properties":{"text":"Manage Conditions & Prices"},"interaction":{"idSuffix":"inner"}},"wdio_ui5_key":"sapm.Text{\"text\":\"Manage Conditions & Prices\"}"}]}
RESULT: undefined
COMMAND: POST /session/fd95c45ccda87168f56760c12bc05b9d/element - {"using":"xpath","value":"//*[@id=\"__tile53-title\"]"}
RESULT: {"using":"xpath","value":"//*[@id=\"__tile53-title\"]"}
COMMAND: POST /session/fd95c45ccda87168f56760c12bc05b9d/element/f.1202D19FA9159A4DFC5EAE9C490348A6.d.230E2F81C740F6AC1838C8CCB19B8A42.e.13857/click - {}
RESULT: {}
COMMAND: POST /session/fd95c45ccda87168f56760c12bc05b9d/element - {"using":"xpath","value":"//button[@aria-label=\"Create\"]"}
COMMAND: GET /session/fd95c45ccda87168f56760c12bc05b9d/screenshot - {}
RESULT: {"using":"xpath","value":"//button[@aria-label=\"Create\"]"}
COMMAND: POST /session/fd95c45ccda87168f56760c12bc05b9d/elements - {"using":"xpath","value":"//button[@aria-label=\"Create\"]"}
RESULT: {}
RESULT: {"using":"xpath","value":"//button[@aria-label=\"Create\"]"}
COMMAND: POST /session/fd95c45ccda87168f56760c12bc05b9d/element - {"using":"xpath","value":"//button[@aria-label=\"Create\"]"}
RESULT: {"using":"xpath","value":"//button[@aria-label=\"Create\"]"}
COMMAND: POST /session/fd95c45ccda87168f56760c12bc05b9d/execute/sync - {"script":"<script> [8489 bytes]","args":[{"element-6066-11e4-a52e-4f735466cecf":"f.1202D19FA9159A4DFC5EAE9C490348A6.d.230E2F81C740F6AC1838C8CCB19B8A42.e.13891","ELEMENT":"f.1202D19FA9159A4DFC5EAE9C490348A6.d.230E2F81C740F6AC1838C8CCB19B8A42.e.13891"}]}
RESULT: {"script":"<script> [8489 bytes]","args":[{"element-6066-11e4-a52e-4f735466cecf":"f.1202D19FA9159A4DFC5EAE9C490348A6.d.230E2F81C740F6AC1838C8CCB19B8A42.e.13891","ELEMENT":"f.1202D19FA9159A4DFC5EAE9C490348A6.d.230E2F81C740F6AC1838C8CCB19B8A42.e.13891"}]}
COMMAND: GET /session/fd95c45ccda87168f56760c12bc05b9d/element/f.1202D19FA9159A4DFC5EAE9C490348A6.d.230E2F81C740F6AC1838C8CCB19B8A42.e.13891/enabled - {}
COMMAND: GET /session/fd95c45ccda87168f56760c12bc05b9d/screenshot - {}
RESULT: {}
COMMAND: POST /session/fd95c45ccda87168f56760c12bc05b9d/execute/sync - {"script":"<script> [8489 bytes]","args":[{"element-6066-11e4-a52e-4f735466cecf":"f.1202D19FA9159A4DFC5EAE9C490348A6.d.230E2F81C740F6AC1838C8CCB19B8A42.e.13891","ELEMENT":"f.1202D19FA9159A4DFC5EAE9C490348A6.d.230E2F81C740F6AC1838C8CCB19B8A42.e.13891"}]}
COMMAND: GET /session/fd95c45ccda87168f56760c12bc05b9d/screenshot - {}
RESULT: {}
RESULT: {"script":"<script> [8489 bytes]","args":[{"element-6066-11e4-a52e-4f735466cecf":"f.1202D19FA9159A4DFC5EAE9C490348A6.d.230E2F81C740F6AC1838C8CCB19B8A42.e.13891","ELEMENT":"f.1202D19FA9159A4DFC5EAE9C490348A6.d.230E2F81C740F6AC1838C8CCB19B8A42.e.13891"}]}
COMMAND: POST /session/fd95c45ccda87168f56760c12bc05b9d/execute/sync - {"script":"<script> [5351 bytes]","args":[{"element-6066-11e4-a52e-4f735466cecf":"f.1202D19FA9159A4DFC5EAE9C490348A6.d.230E2F81C740F6AC1838C8CCB19B8A42.e.13891","ELEMENT":"f.1202D19FA9159A4DFC5EAE9C490348A6.d.230E2F81C740F6AC1838C8CCB19B8A42.e.13891"}]}
COMMAND: GET /session/fd95c45ccda87168f56760c12bc05b9d/screenshot - {}
RESULT: {}
RESULT: {"script":"<script> [5351 bytes]","args":[{"element-6066-11e4-a52e-4f735466cecf":"f.1202D19FA9159A4DFC5EAE9C490348A6.d.230E2F81C740F6AC1838C8CCB19B8A42.e.13891","ELEMENT":"f.1202D19FA9159A4DFC5EAE9C490348A6.d.230E2F81C740F6AC1838C8CCB19B8A42.e.13891"}]}
COMMAND: POST /session/fd95c45ccda87168f56760c12bc05b9d/element/f.1202D19FA9159A4DFC5EAE9C490348A6.d.230E2F81C740F6AC1838C8CCB19B8A42.e.13891/click - {}
COMMAND: GET /session/fd95c45ccda87168f56760c12bc05b9d/screenshot - {}
RESULT: {}
RESULT: {}
COMMAND: GET /session/fd95c45ccda87168f56760c12bc05b9d/screenshot - {}
RESULT: {}
RESULT: {}
COMMAND: POST /session/fd95c45ccda87168f56760c12bc05b9d/actions - {"actions":[{"id":"action48","type":"key","parameters":{},"actions":[{"type":"keyDown","value":"î€‡"},{"type":"pause","duration":10},{"type":"keyUp","value":"î€‡"}]}]}
RESULT: {"actions":[{"id":"action48","type":"key","parameters":{},"actions":[{"type":"keyDown","value":"î€‡"},{"type":"pause","duration":10},{"type":"keyUp","value":"î€‡"}]}]}
COMMAND: GET /session/fd95c45ccda87168f56760c12bc05b9d/screenshot - {}
RESULT: {}
COMMAND: POST /session/fd95c45ccda87168f56760c12bc05b9d/execute/async - {"script":"<script> [1562 bytes]","args":[{"selector":{"id":"application-manageconditionprice-display-component---newCondition--condBillCond-arrow"},"wdio_ui5_key":"applicationmanageconditionprice-display-component---newCondition--condBillCond-arrow"}]}
RESULT: {"script":"<script> [1562 bytes]","args":[{"selector":{"id":"application-manageconditionprice-display-component---newCondition--condBillCond-arrow"},"wdio_ui5_key":"applicationmanageconditionprice-display-component---newCondition--condBillCond-arrow"}]}
RESULT: undefined
COMMAND: POST /session/fd95c45ccda87168f56760c12bc05b9d/element - {"using":"xpath","value":"//*[@id=\"application-manageconditionprice-display-component---newCondition--condBillCond-arrow\"]"}
RESULT: {"using":"xpath","value":"//*[@id=\"application-manageconditionprice-display-component---newCondition--condBillCond-arrow\"]"}
COMMAND: POST /session/fd95c45ccda87168f56760c12bc05b9d/element/f.1202D19FA9159A4DFC5EAE9C490348A6.d.230E2F81C740F6AC1838C8CCB19B8A42.e.14072/click - {}
RESULT: {}
COMMAND: GET /session/fd95c45ccda87168f56760c12bc05b9d/screenshot - {}
RESULT: {}
COMMAND: POST /session/fd95c45ccda87168f56760c12bc05b9d/element - {"using":"xpath","value":"//li[.//span[contains(text(), \"DISP - D&I special price\")]]"}
RESULT: {"using":"xpath","value":"//li[.//span[contains(text(), \"DISP - D&I special price\")]]"}
COMMAND: POST /session/fd95c45ccda87168f56760c12bc05b9d/element/f.1202D19FA9159A4DFC5EAE9C490348A6.d.230E2F81C740F6AC1838C8CCB19B8A42.e.14075/click - {}
RESULT: {}
COMMAND: GET /session/fd95c45ccda87168f56760c12bc05b9d/screenshot - {}
RESULT: {}
COMMAND: POST /session/fd95c45ccda87168f56760c12bc05b9d/execute/async - {"script":"<script> [1562 bytes]","args":[{"selector":{"id":"application-manageconditionprice-display-component---newCondition--condValidTo","interaction":{"idSuffix":"inner"}},"wdio_ui5_key":"applicationmanageconditionprice-display-component---newCondition--condValidTo"}]}
RESULT: {"script":"<script> [1562 bytes]","args":[{"selector":{"id":"application-manageconditionprice-display-component---newCondition--condValidTo","interaction":{"idSuffix":"inner"}},"wdio_ui5_key":"applicationmanageconditionprice-display-component---newCondition--condValidTo"}]}
RESULT: undefined
COMMAND: POST /session/fd95c45ccda87168f56760c12bc05b9d/execute/async - {"script":"<script> [776 bytes]","args":[{"enterText":"12/24/25","selector":{"id":"application-manageconditionprice-display-component---newCondition--condValidTo","interaction":{"idSuffix":"inner"}},"clearTextFirst":true,"interactionType":"ENTER_TEXT"}]}
RESULT: {"script":"<script> [776 bytes]","args":[{"enterText":"12/24/25","selector":{"id":"application-manageconditionprice-display-component---newCondition--condValidTo","interaction":{"idSuffix":"inner"}},"clearTextFirst":true,"interactionType":"ENTER_TEXT"}]}
COMMAND: POST /session/fd95c45ccda87168f56760c12bc05b9d/element - {"using":"xpath","value":"//input[@id=\"application-manageconditionprice-display-component---newCondition--condRU-inner\"]"}
RESULT: {"using":"xpath","value":"//input[@id=\"application-manageconditionprice-display-component---newCondition--condRU-inner\"]"}
COMMAND: POST /session/fd95c45ccda87168f56760c12bc05b9d/element/f.1202D19FA9159A4DFC5EAE9C490348A6.d.230E2F81C740F6AC1838C8CCB19B8A42.e.13937/clear - {}
RESULT: {}
COMMAND: POST /session/fd95c45ccda87168f56760c12bc05b9d/element/f.1202D19FA9159A4DFC5EAE9C490348A6.d.230E2F81C740F6AC1838C8CCB19B8A42.e.13937/value - {"text":"BjuU1bl2JP"}
COMMAND: GET /session/fd95c45ccda87168f56760c12bc05b9d/screenshot - {}
RESULT: {"text":"BjuU1bl2JP"}
COMMAND: GET /session/fd95c45ccda87168f56760c12bc05b9d/screenshot - {}
RESULT: {}
RESULT: {}
COMMAND: POST /session/fd95c45ccda87168f56760c12bc05b9d/actions - {"actions":[{"id":"action49","type":"key","parameters":{},"actions":[{"type":"keyDown","value":"î€‡"},{"type":"pause","duration":10},{"type":"keyUp","value":"î€‡"}]}]}
RESULT: {"actions":[{"id":"action49","type":"key","parameters":{},"actions":[{"type":"keyDown","value":"î€‡"},{"type":"pause","duration":10},{"type":"keyUp","value":"î€‡"}]}]}
COMMAND: POST /session/fd95c45ccda87168f56760c12bc05b9d/execute/async - {"script":"<script> [1562 bytes]","args":[{"selector":{"id":"application-manageconditionprice-display-component---newCondition--condBaseQty","interaction":{"idSuffix":"inner"}},"wdio_ui5_key":"applicationmanageconditionprice-display-component---newCondition--condBaseQty"}]}
COMMAND: GET /session/fd95c45ccda87168f56760c12bc05b9d/screenshot - {}
RESULT: {"script":"<script> [1562 bytes]","args":[{"selector":{"id":"application-manageconditionprice-display-component---newCondition--condBaseQty","interaction":{"idSuffix":"inner"}},"wdio_ui5_key":"applicationmanageconditionprice-display-component---newCondition--condBaseQty"}]}
RESULT: undefined
COMMAND: POST /session/fd95c45ccda87168f56760c12bc05b9d/execute/async - {"script":"<script> [776 bytes]","args":[{"enterText":"1","selector":{"id":"application-manageconditionprice-display-component---newCondition--condBaseQty","interaction":{"idSuffix":"inner"}},"clearTextFirst":true,"interactionType":"ENTER_TEXT"}]}
RESULT: {}
RESULT: {"script":"<script> [776 bytes]","args":[{"enterText":"1","selector":{"id":"application-manageconditionprice-display-component---newCondition--condBaseQty","interaction":{"idSuffix":"inner"}},"clearTextFirst":true,"interactionType":"ENTER_TEXT"}]}
COMMAND: POST /session/fd95c45ccda87168f56760c12bc05b9d/execute/async - {"script":"<script> [1562 bytes]","args":[{"selector":{"id":"application-manageconditionprice-display-component---newCondition--condValue","interaction":{"idSuffix":"inner"}},"wdio_ui5_key":"applicationmanageconditionprice-display-component---newCondition--condValue"}]}
RESULT: {"script":"<script> [1562 bytes]","args":[{"selector":{"id":"application-manageconditionprice-display-component---newCondition--condValue","interaction":{"idSuffix":"inner"}},"wdio_ui5_key":"applicationmanageconditionprice-display-component---newCondition--condValue"}]}
RESULT: undefined
COMMAND: POST /session/fd95c45ccda87168f56760c12bc05b9d/execute/async - {"script":"<script> [776 bytes]","args":[{"enterText":"200","selector":{"id":"application-manageconditionprice-display-component---newCondition--condValue","interaction":{"idSuffix":"inner"}},"clearTextFirst":true,"interactionType":"ENTER_TEXT"}]}
RESULT: {"script":"<script> [776 bytes]","args":[{"enterText":"200","selector":{"id":"application-manageconditionprice-display-component---newCondition--condValue","interaction":{"idSuffix":"inner"}},"clearTextFirst":true,"interactionType":"ENTER_TEXT"}]}
COMMAND: POST /session/fd95c45ccda87168f56760c12bc05b9d/execute/async - {"script":"<script> [1562 bytes]","args":[{"selector":{"id":"application-manageconditionprice-display-component---newCondition--condCurr-arrow"},"wdio_ui5_key":"applicationmanageconditionprice-display-component---newCondition--condCurr-arrow"}]}
RESULT: {"script":"<script> [1562 bytes]","args":[{"selector":{"id":"application-manageconditionprice-display-component---newCondition--condCurr-arrow"},"wdio_ui5_key":"applicationmanageconditionprice-display-component---newCondition--condCurr-arrow"}]}
RESULT: undefined
COMMAND: POST /session/fd95c45ccda87168f56760c12bc05b9d/element - {"using":"xpath","value":"//*[@id=\"application-manageconditionprice-display-component---newCondition--condCurr-arrow\"]"}
RESULT: {"using":"xpath","value":"//*[@id=\"application-manageconditionprice-display-component---newCondition--condCurr-arrow\"]"}
COMMAND: POST /session/fd95c45ccda87168f56760c12bc05b9d/element/f.1202D19FA9159A4DFC5EAE9C490348A6.d.230E2F81C740F6AC1838C8CCB19B8A42.e.14039/click - {}
RESULT: {}
COMMAND: POST /session/fd95c45ccda87168f56760c12bc05b9d/element - {"using":"xpath","value":"//span[contains(text(), \"Euro\")]"}
COMMAND: GET /session/fd95c45ccda87168f56760c12bc05b9d/screenshot - {}
RESULT: {"using":"xpath","value":"//span[contains(text(), \"Euro\")]"}
COMMAND: POST /session/fd95c45ccda87168f56760c12bc05b9d/element/f.1202D19FA9159A4DFC5EAE9C490348A6.d.230E2F81C740F6AC1838C8CCB19B8A42.e.14112/click - {}
RESULT: {}
RESULT: {}
COMMAND: POST /session/fd95c45ccda87168f56760c12bc05b9d/element - {"using":"xpath","value":"//button[@data-kt=\"saveButton\"]"}
COMMAND: GET /session/fd95c45ccda87168f56760c12bc05b9d/screenshot - {}
RESULT: {"using":"xpath","value":"//button[@data-kt=\"saveButton\"]"}
COMMAND: POST /session/fd95c45ccda87168f56760c12bc05b9d/element/f.1202D19FA9159A4DFC5EAE9C490348A6.d.230E2F81C740F6AC1838C8CCB19B8A42.e.14040/click - {}
RESULT: {}
RESULT: {}
COMMAND: GET /session/fd95c45ccda87168f56760c12bc05b9d/screenshot - {}
RESULT: {}
COMMAND: POST /session/fd95c45ccda87168f56760c12bc05b9d/execute/async - {"script":"<script> [1562 bytes]","args":[{"selector":{"id":"application-manageconditionprice-display-component---conditions--smartFilterBar-btnBasicSearch","interaction":{"idSuffix":"I"}},"wdio_ui5_key":"applicationmanageconditionprice-display-component---conditions--smartFilterBar-btnBasicSearch"}]}
RESULT: {"script":"<script> [1562 bytes]","args":[{"selector":{"id":"application-manageconditionprice-display-component---conditions--smartFilterBar-btnBasicSearch","interaction":{"idSuffix":"I"}},"wdio_ui5_key":"applicationmanageconditionprice-display-component---conditions--smartFilterBar-btnBasicSearch"}]}
RESULT: undefined
COMMAND: POST /session/fd95c45ccda87168f56760c12bc05b9d/execute/async - {"script":"<script> [776 bytes]","args":[{"enterText":"BjuU1bl2JP","selector":{"id":"application-manageconditionprice-display-component---conditions--smartFilterBar-btnBasicSearch","interaction":{"idSuffix":"I"}},"clearTextFirst":true,"interactionType":"ENTER_TEXT"}]}
RESULT: {"script":"<script> [776 bytes]","args":[{"enterText":"BjuU1bl2JP","selector":{"id":"application-manageconditionprice-display-component---conditions--smartFilterBar-btnBasicSearch","interaction":{"idSuffix":"I"}},"clearTextFirst":true,"interactionType":"ENTER_TEXT"}]}
COMMAND: POST /session/fd95c45ccda87168f56760c12bc05b9d/actions - {"actions":[{"id":"action50","type":"key","parameters":{},"actions":[{"type":"keyDown","value":"î€‡"},{"type":"pause","duration":10},{"type":"keyUp","value":"î€‡"}]}]}
RESULT: {"actions":[{"id":"action50","type":"key","parameters":{},"actions":[{"type":"keyDown","value":"î€‡"},{"type":"pause","duration":10},{"type":"keyUp","value":"î€‡"}]}]}
COMMAND: GET /session/fd95c45ccda87168f56760c12bc05b9d/screenshot - {}
RESULT: {}
COMMAND: POST /session/fd95c45ccda87168f56760c12bc05b9d/execute/async - {"script":"<script> [1562 bytes]","args":[{"selector":{"id":"application-manageconditionprice-display-component---conditions--smartFilterBar-filterItemControl_BASIC-BILL_TYPES-vhi"},"wdio_ui5_key":"applicationmanageconditionprice-display-component---conditions--smartFilterBar-filterItemControl_BASIC-BILL_TYPES-vhi"}]}
RESULT: {"script":"<script> [1562 bytes]","args":[{"selector":{"id":"application-manageconditionprice-display-component---conditions--smartFilterBar-filterItemControl_BASIC-BILL_TYPES-vhi"},"wdio_ui5_key":"applicationmanageconditionprice-display-component---conditions--smartFilterBar-filterItemControl_BASIC-BILL_TYPES-vhi"}]}
RESULT: undefined
COMMAND: POST /session/fd95c45ccda87168f56760c12bc05b9d/element - {"using":"xpath","value":"//*[@id=\"application-manageconditionprice-display-component---conditions--smartFilterBar-filterItemControl_BASIC-BILL_TYPES-vhi\"]"}
RESULT: {"using":"xpath","value":"//*[@id=\"application-manageconditionprice-display-component---conditions--smartFilterBar-filterItemControl_BASIC-BILL_TYPES-vhi\"]"}
COMMAND: POST /session/fd95c45ccda87168f56760c12bc05b9d/element/f.1202D19FA9159A4DFC5EAE9C490348A6.d.230E2F81C740F6AC1838C8CCB19B8A42.e.14218/click - {}
RESULT: {}
COMMAND: POST /session/fd95c45ccda87168f56760c12bc05b9d/execute/async - {"script":"<script> [1562 bytes]","args":[{"selector":{"id":"application-manageconditionprice-display-component---conditions--smartFilterBar-filterItemControl_BASIC-BILL_TYPES-valueHelpDialog-smartFilterBar-btnBasicSearch","searchOpenDialogs":true,"interaction":{"idSuffix":"I"}},"wdio_ui5_key":"applicationmanageconditionprice-display-component---conditions--smartFilterBar-filterItemControl_BASIC-BILL_TYPES-valueHelpDialog-smartFilterBar-btnBasicSearch"}]}
COMMAND: GET /session/fd95c45ccda87168f56760c12bc05b9d/screenshot - {}
RESULT: {"script":"<script> [1562 bytes]","args":[{"selector":{"id":"application-manageconditionprice-display-component---conditions--smartFilterBar-filterItemControl_BASIC-BILL_TYPES-valueHelpDialog-smartFilterBar-btnBasicSearch","searchOpenDialogs":true,"interaction":{"idSuffix":"I"}},"wdio_ui5_key":"applicationmanageconditionprice-display-component---conditions--smartFilterBar-filterItemControl_BASIC-BILL_TYPES-valueHelpDialog-smartFilterBar-btnBasicSearch"}]}
RESULT: undefined
COMMAND: POST /session/fd95c45ccda87168f56760c12bc05b9d/execute/async - {"script":"<script> [776 bytes]","args":[{"enterText":"TB","selector":{"id":"application-manageconditionprice-display-component---conditions--smartFilterBar-filterItemControl_BASIC-BILL_TYPES-valueHelpDialog-smartFilterBar-btnBasicSearch","searchOpenDialogs":true,"interaction":{"idSuffix":"I"}},"clearTextFirst":true,"interactionType":"ENTER_TEXT"}]}
RESULT: {}
RESULT: {"script":"<script> [776 bytes]","args":[{"enterText":"TB","selector":{"id":"application-manageconditionprice-display-component---conditions--smartFilterBar-filterItemControl_BASIC-BILL_TYPES-valueHelpDialog-smartFilterBar-btnBasicSearch","searchOpenDialogs":true,"interaction":{"idSuffix":"I"}},"clearTextFirst":true,"interactionType":"ENTER_TEXT"}]}
COMMAND: POST /session/fd95c45ccda87168f56760c12bc05b9d/actions - {"actions":[{"id":"action51","type":"key","parameters":{},"actions":[{"type":"keyDown","value":"î€‡"},{"type":"pause","duration":10},{"type":"keyUp","value":"î€‡"}]}]}
RESULT: {"actions":[{"id":"action51","type":"key","parameters":{},"actions":[{"type":"keyDown","value":"î€‡"},{"type":"pause","duration":10},{"type":"keyUp","value":"î€‡"}]}]}
COMMAND: GET /session/fd95c45ccda87168f56760c12bc05b9d/screenshot - {}
RESULT: {}
COMMAND: POST /session/fd95c45ccda87168f56760c12bc05b9d/element - {"using":"xpath","value":"//div[contains(@id, 'application-manageconditionprice-display-component---conditions--smartFilterBar-filterItemControl_BASIC-BILL_TYPES-valueHelpDialog-table-rowsel0')]"}
RESULT: {"using":"xpath","value":"//div[contains(@id, 'application-manageconditionprice-display-component---conditions--smartFilterBar-filterItemControl_BASIC-BILL_TYPES-valueHelpDialog-table-rowsel0')]"}
COMMAND: POST /session/fd95c45ccda87168f56760c12bc05b9d/element/f.1202D19FA9159A4DFC5EAE9C490348A6.d.230E2F81C740F6AC1838C8CCB19B8A42.e.14227/click - {}
RESULT: {}
COMMAND: GET /session/fd95c45ccda87168f56760c12bc05b9d/screenshot - {}
RESULT: {}
COMMAND: POST /session/fd95c45ccda87168f56760c12bc05b9d/element - {"using":"xpath","value":"//bdi[contains(text(), \"OK\")]"}
RESULT: {"using":"xpath","value":"//bdi[contains(text(), \"OK\")]"}
COMMAND: POST /session/fd95c45ccda87168f56760c12bc05b9d/element/f.1202D19FA9159A4DFC5EAE9C490348A6.d.230E2F81C740F6AC1838C8CCB19B8A42.e.14229/click - {}
RESULT: {}
COMMAND: GET /session/fd95c45ccda87168f56760c12bc05b9d/screenshot - {}
RESULT: {}
COMMAND: POST /session/fd95c45ccda87168f56760c12bc05b9d/element - {"using":"xpath","value":"//span[@id=\"application-manageconditionprice-display-component---conditions--smartTable-header-inner\"]"}
RESULT: {"using":"xpath","value":"//span[@id=\"application-manageconditionprice-display-component---conditions--smartTable-header-inner\"]"}
COMMAND: POST /session/fd95c45ccda87168f56760c12bc05b9d/elements - {"using":"xpath","value":"//span[@id=\"application-manageconditionprice-display-component---conditions--smartTable-header-inner\"]"}
RESULT: {"using":"xpath","value":"//span[@id=\"application-manageconditionprice-display-component---conditions--smartTable-header-inner\"]"}
COMMAND: POST /session/fd95c45ccda87168f56760c12bc05b9d/execute/sync - {"script":"<script> [56 bytes]","args":[{"element-6066-11e4-a52e-4f735466cecf":"f.1202D19FA9159A4DFC5EAE9C490348A6.d.230E2F81C740F6AC1838C8CCB19B8A42.e.14232","ELEMENT":"f.1202D19FA9159A4DFC5EAE9C490348A6.d.230E2F81C740F6AC1838C8CCB19B8A42.e.14232"}]}
RESULT: {"script":"<script> [56 bytes]","args":[{"element-6066-11e4-a52e-4f735466cecf":"f.1202D19FA9159A4DFC5EAE9C490348A6.d.230E2F81C740F6AC1838C8CCB19B8A42.e.14232","ELEMENT":"f.1202D19FA9159A4DFC5EAE9C490348A6.d.230E2F81C740F6AC1838C8CCB19B8A42.e.14232"}]}
COMMAND: POST /session/fd95c45ccda87168f56760c12bc05b9d/element - {"using":"css selector","value":"#shell-header-logo"}
COMMAND: GET /session/fd95c45ccda87168f56760c12bc05b9d/screenshot - {}
RESULT: {"using":"css selector","value":"#shell-header-logo"}
COMMAND: POST /session/fd95c45ccda87168f56760c12bc05b9d/element/f.1202D19FA9159A4DFC5EAE9C490348A6.d.230E2F81C740F6AC1838C8CCB19B8A42.e.13859/click - {}
RESULT: {}
RESULT: {}
COMMAND: GET /session/fd95c45ccda87168f56760c12bc05b9d/screenshot - {}
RESULT: {}
]]></system-out>
    </testcase>
    <testcase classname="chrome.135_0_7049_96.windows.Create_Reverse_Billing_US127248" name="Should do a stock increase handover" time="83.526">
      <system-out><![CDATA[
COMMAND: POST /session/fd95c45ccda87168f56760c12bc05b9d/execute/async - {"script":"<script> [1562 bytes]","args":[{"selector":{"controlType":"sap.m.Text","viewName":"etm.portal.ui.managehandoverstile.view.Master","properties":{"text":"Manage Handovers"},"interaction":{"idSuffix":"inner"}},"wdio_ui5_key":"etmportal.ui.managehandoverstile.view.Mastersap.m.Text{\"text\":\"Manage Handovers\"}"}]}
RESULT: {"script":"<script> [1562 bytes]","args":[{"selector":{"controlType":"sap.m.Text","viewName":"etm.portal.ui.managehandoverstile.view.Master","properties":{"text":"Manage Handovers"},"interaction":{"idSuffix":"inner"}},"wdio_ui5_key":"etmportal.ui.managehandoverstile.view.Mastersap.m.Text{\"text\":\"Manage Handovers\"}"}]}
RESULT: undefined
COMMAND: POST /session/fd95c45ccda87168f56760c12bc05b9d/element - {"using":"xpath","value":"//*[@id=\"__tile132-title\"]"}
RESULT: {"using":"xpath","value":"//*[@id=\"__tile132-title\"]"}
COMMAND: POST /session/fd95c45ccda87168f56760c12bc05b9d/element/f.1202D19FA9159A4DFC5EAE9C490348A6.d.230E2F81C740F6AC1838C8CCB19B8A42.e.14237/click - {}
RESULT: {}
COMMAND: POST /session/fd95c45ccda87168f56760c12bc05b9d/element - {"using":"xpath","value":"//button[@data-kt=\"masterHOAddButton\"]"}
COMMAND: GET /session/fd95c45ccda87168f56760c12bc05b9d/screenshot - {}
RESULT: {"using":"xpath","value":"//button[@data-kt=\"masterHOAddButton\"]"}
COMMAND: POST /session/fd95c45ccda87168f56760c12bc05b9d/elements - {"using":"xpath","value":"//button[@data-kt=\"masterHOAddButton\"]"}
RESULT: {}
RESULT: {"using":"xpath","value":"//button[@data-kt=\"masterHOAddButton\"]"}
COMMAND: POST /session/fd95c45ccda87168f56760c12bc05b9d/elements - {"using":"xpath","value":"//button[@data-kt=\"masterHOAddButton\"]"}
RESULT: {"using":"xpath","value":"//button[@data-kt=\"masterHOAddButton\"]"}
COMMAND: POST /session/fd95c45ccda87168f56760c12bc05b9d/elements - {"using":"xpath","value":"//button[@data-kt=\"masterHOAddButton\"]"}
RESULT: {"using":"xpath","value":"//button[@data-kt=\"masterHOAddButton\"]"}
COMMAND: POST /session/fd95c45ccda87168f56760c12bc05b9d/elements - {"using":"xpath","value":"//button[@data-kt=\"masterHOAddButton\"]"}
RESULT: {"using":"xpath","value":"//button[@data-kt=\"masterHOAddButton\"]"}
COMMAND: POST /session/fd95c45ccda87168f56760c12bc05b9d/elements - {"using":"xpath","value":"//button[@data-kt=\"masterHOAddButton\"]"}
RESULT: {"using":"xpath","value":"//button[@data-kt=\"masterHOAddButton\"]"}
COMMAND: POST /session/fd95c45ccda87168f56760c12bc05b9d/elements - {"using":"xpath","value":"//button[@data-kt=\"masterHOAddButton\"]"}
RESULT: {"using":"xpath","value":"//button[@data-kt=\"masterHOAddButton\"]"}
COMMAND: POST /session/fd95c45ccda87168f56760c12bc05b9d/elements - {"using":"xpath","value":"//button[@data-kt=\"masterHOAddButton\"]"}
RESULT: {"using":"xpath","value":"//button[@data-kt=\"masterHOAddButton\"]"}
COMMAND: POST /session/fd95c45ccda87168f56760c12bc05b9d/elements - {"using":"xpath","value":"//button[@data-kt=\"masterHOAddButton\"]"}
RESULT: {"using":"xpath","value":"//button[@data-kt=\"masterHOAddButton\"]"}
COMMAND: POST /session/fd95c45ccda87168f56760c12bc05b9d/elements - {"using":"xpath","value":"//button[@data-kt=\"masterHOAddButton\"]"}
RESULT: {"using":"xpath","value":"//button[@data-kt=\"masterHOAddButton\"]"}
COMMAND: POST /session/fd95c45ccda87168f56760c12bc05b9d/elements - {"using":"xpath","value":"//button[@data-kt=\"masterHOAddButton\"]"}
RESULT: {"using":"xpath","value":"//button[@data-kt=\"masterHOAddButton\"]"}
COMMAND: POST /session/fd95c45ccda87168f56760c12bc05b9d/elements - {"using":"xpath","value":"//button[@data-kt=\"masterHOAddButton\"]"}
RESULT: {"using":"xpath","value":"//button[@data-kt=\"masterHOAddButton\"]"}
COMMAND: POST /session/fd95c45ccda87168f56760c12bc05b9d/elements - {"using":"xpath","value":"//button[@data-kt=\"masterHOAddButton\"]"}
RESULT: {"using":"xpath","value":"//button[@data-kt=\"masterHOAddButton\"]"}
COMMAND: POST /session/fd95c45ccda87168f56760c12bc05b9d/elements - {"using":"xpath","value":"//button[@data-kt=\"masterHOAddButton\"]"}
RESULT: {"using":"xpath","value":"//button[@data-kt=\"masterHOAddButton\"]"}
COMMAND: POST /session/fd95c45ccda87168f56760c12bc05b9d/elements - {"using":"xpath","value":"//button[@data-kt=\"masterHOAddButton\"]"}
RESULT: {"using":"xpath","value":"//button[@data-kt=\"masterHOAddButton\"]"}
COMMAND: POST /session/fd95c45ccda87168f56760c12bc05b9d/element - {"using":"xpath","value":"//button[@data-kt=\"masterHOAddButton\"]"}
RESULT: {"using":"xpath","value":"//button[@data-kt=\"masterHOAddButton\"]"}
COMMAND: POST /session/fd95c45ccda87168f56760c12bc05b9d/execute/sync - {"script":"<script> [8489 bytes]","args":[{"element-6066-11e4-a52e-4f735466cecf":"f.1202D19FA9159A4DFC5EAE9C490348A6.d.230E2F81C740F6AC1838C8CCB19B8A42.e.14267","ELEMENT":"f.1202D19FA9159A4DFC5EAE9C490348A6.d.230E2F81C740F6AC1838C8CCB19B8A42.e.14267"}]}
RESULT: {"script":"<script> [8489 bytes]","args":[{"element-6066-11e4-a52e-4f735466cecf":"f.1202D19FA9159A4DFC5EAE9C490348A6.d.230E2F81C740F6AC1838C8CCB19B8A42.e.14267","ELEMENT":"f.1202D19FA9159A4DFC5EAE9C490348A6.d.230E2F81C740F6AC1838C8CCB19B8A42.e.14267"}]}
COMMAND: GET /session/fd95c45ccda87168f56760c12bc05b9d/element/f.1202D19FA9159A4DFC5EAE9C490348A6.d.230E2F81C740F6AC1838C8CCB19B8A42.e.14267/enabled - {}
COMMAND: GET /session/fd95c45ccda87168f56760c12bc05b9d/screenshot - {}
RESULT: {}
COMMAND: POST /session/fd95c45ccda87168f56760c12bc05b9d/execute/sync - {"script":"<script> [8489 bytes]","args":[{"element-6066-11e4-a52e-4f735466cecf":"f.1202D19FA9159A4DFC5EAE9C490348A6.d.230E2F81C740F6AC1838C8CCB19B8A42.e.14267","ELEMENT":"f.1202D19FA9159A4DFC5EAE9C490348A6.d.230E2F81C740F6AC1838C8CCB19B8A42.e.14267"}]}
COMMAND: GET /session/fd95c45ccda87168f56760c12bc05b9d/screenshot - {}
RESULT: {}
RESULT: {"script":"<script> [8489 bytes]","args":[{"element-6066-11e4-a52e-4f735466cecf":"f.1202D19FA9159A4DFC5EAE9C490348A6.d.230E2F81C740F6AC1838C8CCB19B8A42.e.14267","ELEMENT":"f.1202D19FA9159A4DFC5EAE9C490348A6.d.230E2F81C740F6AC1838C8CCB19B8A42.e.14267"}]}
COMMAND: POST /session/fd95c45ccda87168f56760c12bc05b9d/execute/sync - {"script":"<script> [5351 bytes]","args":[{"element-6066-11e4-a52e-4f735466cecf":"f.1202D19FA9159A4DFC5EAE9C490348A6.d.230E2F81C740F6AC1838C8CCB19B8A42.e.14267","ELEMENT":"f.1202D19FA9159A4DFC5EAE9C490348A6.d.230E2F81C740F6AC1838C8CCB19B8A42.e.14267"}]}
COMMAND: GET /session/fd95c45ccda87168f56760c12bc05b9d/screenshot - {}
RESULT: {}
RESULT: {"script":"<script> [5351 bytes]","args":[{"element-6066-11e4-a52e-4f735466cecf":"f.1202D19FA9159A4DFC5EAE9C490348A6.d.230E2F81C740F6AC1838C8CCB19B8A42.e.14267","ELEMENT":"f.1202D19FA9159A4DFC5EAE9C490348A6.d.230E2F81C740F6AC1838C8CCB19B8A42.e.14267"}]}
COMMAND: POST /session/fd95c45ccda87168f56760c12bc05b9d/element/f.1202D19FA9159A4DFC5EAE9C490348A6.d.230E2F81C740F6AC1838C8CCB19B8A42.e.14267/click - {}
COMMAND: GET /session/fd95c45ccda87168f56760c12bc05b9d/screenshot - {}
RESULT: {}
RESULT: {}
COMMAND: GET /session/fd95c45ccda87168f56760c12bc05b9d/screenshot - {}
COMMAND: POST /session/fd95c45ccda87168f56760c12bc05b9d/element - {"using":"xpath","value":"//span[contains(@id ,\"AddNewHO--typeSelect-arrow\")]"}
RESULT: {}
RESULT: {}
RESULT: {"using":"xpath","value":"//span[contains(@id ,\"AddNewHO--typeSelect-arrow\")]"}
COMMAND: POST /session/fd95c45ccda87168f56760c12bc05b9d/element/f.1202D19FA9159A4DFC5EAE9C490348A6.d.230E2F81C740F6AC1838C8CCB19B8A42.e.14608/click - {}
RESULT: {}
COMMAND: GET /session/fd95c45ccda87168f56760c12bc05b9d/screenshot - {}
RESULT: {}
COMMAND: POST /session/fd95c45ccda87168f56760c12bc05b9d/element - {"using":"xpath","value":"(//li[contains(text(), \"stock increase yard\")])[1]"}
RESULT: {"using":"xpath","value":"(//li[contains(text(), \"stock increase yard\")])[1]"}
COMMAND: POST /session/fd95c45ccda87168f56760c12bc05b9d/element/f.1202D19FA9159A4DFC5EAE9C490348A6.d.230E2F81C740F6AC1838C8CCB19B8A42.e.14609/click - {}
RESULT: {}
COMMAND: GET /session/fd95c45ccda87168f56760c12bc05b9d/screenshot - {}
RESULT: {}
COMMAND: POST /session/fd95c45ccda87168f56760c12bc05b9d/execute/async - {"script":"<script> [1562 bytes]","args":[{"selector":{"id":"application-managehandovers-display-component---AddNewHO--dueDate","interaction":{"idSuffix":"inner"}},"wdio_ui5_key":"applicationmanagehandovers-display-component---AddNewHO--dueDate"}]}
RESULT: {"script":"<script> [1562 bytes]","args":[{"selector":{"id":"application-managehandovers-display-component---AddNewHO--dueDate","interaction":{"idSuffix":"inner"}},"wdio_ui5_key":"applicationmanagehandovers-display-component---AddNewHO--dueDate"}]}
RESULT: undefined
COMMAND: POST /session/fd95c45ccda87168f56760c12bc05b9d/execute/async - {"script":"<script> [6424 bytes]","args":[{"element-6066-11e4-a52e-4f735466cecf":"f.1202D19FA9159A4DFC5EAE9C490348A6.d.230E2F81C740F6AC1838C8CCB19B8A42.e.14611"},"setValue",["04/24/2025"]]}
RESULT: {"script":"<script> [6424 bytes]","args":[{"element-6066-11e4-a52e-4f735466cecf":"f.1202D19FA9159A4DFC5EAE9C490348A6.d.230E2F81C740F6AC1838C8CCB19B8A42.e.14611"},"setValue",["04/24/2025"]]}
COMMAND: POST /session/fd95c45ccda87168f56760c12bc05b9d/element - {"using":"xpath","value":"//input[@id=\"generalSectionFrg--receiveYard-inner\"]"}
RESULT: {"using":"xpath","value":"//input[@id=\"generalSectionFrg--receiveYard-inner\"]"}
COMMAND: POST /session/fd95c45ccda87168f56760c12bc05b9d/element/f.1202D19FA9159A4DFC5EAE9C490348A6.d.230E2F81C740F6AC1838C8CCB19B8A42.e.14617/clear - {}
RESULT: {}
COMMAND: POST /session/fd95c45ccda87168f56760c12bc05b9d/element/f.1202D19FA9159A4DFC5EAE9C490348A6.d.230E2F81C740F6AC1838C8CCB19B8A42.e.14617/value - {"text":"804"}
COMMAND: GET /session/fd95c45ccda87168f56760c12bc05b9d/screenshot - {}
RESULT: {"text":"804"}
COMMAND: GET /session/fd95c45ccda87168f56760c12bc05b9d/screenshot - {}
RESULT: {}
RESULT: {}
COMMAND: POST /session/fd95c45ccda87168f56760c12bc05b9d/element - {"using":"xpath","value":"//li[.//span[text()='804']]"}
RESULT: {"using":"xpath","value":"//li[.//span[text()='804']]"}
COMMAND: POST /session/fd95c45ccda87168f56760c12bc05b9d/element/f.1202D19FA9159A4DFC5EAE9C490348A6.d.230E2F81C740F6AC1838C8CCB19B8A42.e.14632/click - {}
RESULT: {}
COMMAND: GET /session/fd95c45ccda87168f56760c12bc05b9d/screenshot - {}
RESULT: {}
COMMAND: POST /session/fd95c45ccda87168f56760c12bc05b9d/execute/async - {"script":"<script> [1562 bytes]","args":[{"selector":{"id":"application-managehandovers-display-component---AddNewHO--ObjectPageLayout-anchBar-application-managehandovers-display-component---AddNewHO--section4-anchor","interaction":{"idSuffix":"BDI-content"}},"wdio_ui5_key":"applicationmanagehandovers-display-component---AddNewHO--ObjectPageLayout-anchBar-application-managehandovers-display-component---AddNewHO--section4-anchor"}]}
RESULT: {"script":"<script> [1562 bytes]","args":[{"selector":{"id":"application-managehandovers-display-component---AddNewHO--ObjectPageLayout-anchBar-application-managehandovers-display-component---AddNewHO--section4-anchor","interaction":{"idSuffix":"BDI-content"}},"wdio_ui5_key":"applicationmanagehandovers-display-component---AddNewHO--ObjectPageLayout-anchBar-application-managehandovers-display-component---AddNewHO--section4-anchor"}]}
RESULT: undefined
COMMAND: POST /session/fd95c45ccda87168f56760c12bc05b9d/element - {"using":"xpath","value":"//*[@id=\"application-managehandovers-display-component---AddNewHO--ObjectPageLayout-anchBar-application-managehandovers-display-component---AddNewHO--section4-anchor\"]"}
RESULT: {"using":"xpath","value":"//*[@id=\"application-managehandovers-display-component---AddNewHO--ObjectPageLayout-anchBar-application-managehandovers-display-component---AddNewHO--section4-anchor\"]"}
COMMAND: POST /session/fd95c45ccda87168f56760c12bc05b9d/element/f.1202D19FA9159A4DFC5EAE9C490348A6.d.230E2F81C740F6AC1838C8CCB19B8A42.e.14634/click - {}
RESULT: {}
COMMAND: POST /session/fd95c45ccda87168f56760c12bc05b9d/element - {"using":"xpath","value":"//button[@aria-label=\"Add\"]"}
COMMAND: GET /session/fd95c45ccda87168f56760c12bc05b9d/screenshot - {}
RESULT: {"using":"xpath","value":"//button[@aria-label=\"Add\"]"}
COMMAND: POST /session/fd95c45ccda87168f56760c12bc05b9d/element/f.1202D19FA9159A4DFC5EAE9C490348A6.d.230E2F81C740F6AC1838C8CCB19B8A42.e.14636/click - {}
RESULT: {}
RESULT: {}
COMMAND: GET /session/fd95c45ccda87168f56760c12bc05b9d/screenshot - {}
RESULT: {}
COMMAND: POST /session/fd95c45ccda87168f56760c12bc05b9d/execute/async - {"script":"<script> [1562 bytes]","args":[{"selector":{"id":"application-managehandovers-display-component---AddNewHO--smartFilterBar-btnBasicSearch","searchOpenDialogs":true,"interaction":{"idSuffix":"I"}},"wdio_ui5_key":"applicationmanagehandovers-display-component---AddNewHO--smartFilterBar-btnBasicSearch"}]}
RESULT: {"script":"<script> [1562 bytes]","args":[{"selector":{"id":"application-managehandovers-display-component---AddNewHO--smartFilterBar-btnBasicSearch","searchOpenDialogs":true,"interaction":{"idSuffix":"I"}},"wdio_ui5_key":"applicationmanagehandovers-display-component---AddNewHO--smartFilterBar-btnBasicSearch"}]}
RESULT: undefined
COMMAND: POST /session/fd95c45ccda87168f56760c12bc05b9d/execute/async - {"script":"<script> [776 bytes]","args":[{"enterText":"BjuU1bl2JP","selector":{"id":"application-managehandovers-display-component---AddNewHO--smartFilterBar-btnBasicSearch","searchOpenDialogs":true,"interaction":{"idSuffix":"I"}},"clearTextFirst":true,"interactionType":"ENTER_TEXT"}]}
RESULT: {"script":"<script> [776 bytes]","args":[{"enterText":"BjuU1bl2JP","selector":{"id":"application-managehandovers-display-component---AddNewHO--smartFilterBar-btnBasicSearch","searchOpenDialogs":true,"interaction":{"idSuffix":"I"}},"clearTextFirst":true,"interactionType":"ENTER_TEXT"}]}
COMMAND: POST /session/fd95c45ccda87168f56760c12bc05b9d/actions - {"actions":[{"id":"action52","type":"key","parameters":{},"actions":[{"type":"keyDown","value":"î€‡"},{"type":"pause","duration":10},{"type":"keyUp","value":"î€‡"}]}]}
RESULT: {"actions":[{"id":"action52","type":"key","parameters":{},"actions":[{"type":"keyDown","value":"î€‡"},{"type":"pause","duration":10},{"type":"keyUp","value":"î€‡"}]}]}
COMMAND: GET /session/fd95c45ccda87168f56760c12bc05b9d/screenshot - {}
RESULT: {}
COMMAND: POST /session/fd95c45ccda87168f56760c12bc05b9d/execute/async - {"script":"<script> [1562 bytes]","args":[{"selector":{"id":"application-managehandovers-display-component---AddNewHO--popup-sa","searchOpenDialogs":true,"interaction":{"idSuffix":"CbBg"}},"wdio_ui5_key":"applicationmanagehandovers-display-component---AddNewHO--popup-sa"}]}
RESULT: {"script":"<script> [1562 bytes]","args":[{"selector":{"id":"application-managehandovers-display-component---AddNewHO--popup-sa","searchOpenDialogs":true,"interaction":{"idSuffix":"CbBg"}},"wdio_ui5_key":"applicationmanagehandovers-display-component---AddNewHO--popup-sa"}]}
RESULT: undefined
COMMAND: POST /session/fd95c45ccda87168f56760c12bc05b9d/element - {"using":"xpath","value":"//*[@id=\"application-managehandovers-display-component---AddNewHO--popup-sa\"]"}
RESULT: {"using":"xpath","value":"//*[@id=\"application-managehandovers-display-component---AddNewHO--popup-sa\"]"}
COMMAND: POST /session/fd95c45ccda87168f56760c12bc05b9d/element/f.1202D19FA9159A4DFC5EAE9C490348A6.d.230E2F81C740F6AC1838C8CCB19B8A42.e.14790/click - {}
RESULT: {}
COMMAND: GET /session/fd95c45ccda87168f56760c12bc05b9d/screenshot - {}
RESULT: {}
COMMAND: POST /session/fd95c45ccda87168f56760c12bc05b9d/element - {"using":"xpath","value":"//bdi[contains(text(), \"Select\")]"}
RESULT: {"using":"xpath","value":"//bdi[contains(text(), \"Select\")]"}
COMMAND: POST /session/fd95c45ccda87168f56760c12bc05b9d/element/f.1202D19FA9159A4DFC5EAE9C490348A6.d.230E2F81C740F6AC1838C8CCB19B8A42.e.14791/click - {}
RESULT: {}
COMMAND: GET /session/fd95c45ccda87168f56760c12bc05b9d/screenshot - {}
RESULT: {}
COMMAND: POST /session/fd95c45ccda87168f56760c12bc05b9d/element - {"using":"xpath","value":"//button[@data-kt=\"AddNewHOSaveButton\"]"}
RESULT: {"using":"xpath","value":"//button[@data-kt=\"AddNewHOSaveButton\"]"}
COMMAND: POST /session/fd95c45ccda87168f56760c12bc05b9d/element/f.1202D19FA9159A4DFC5EAE9C490348A6.d.230E2F81C740F6AC1838C8CCB19B8A42.e.14795/click - {}
RESULT: {}
COMMAND: GET /session/fd95c45ccda87168f56760c12bc05b9d/screenshot - {}
RESULT: {}
COMMAND: POST /session/fd95c45ccda87168f56760c12bc05b9d/execute/async - {"script":"<script> [1562 bytes]","args":[{"selector":{"id":"receiptDatePicker","viewName":"etm.portal.ui.managehandovers.view.DetailExecuteHO","interaction":{"idSuffix":"inner"}},"wdio_ui5_key":"receiptDatePickeretmportal.ui.managehandovers.view.DetailExecuteHO"}]}
RESULT: {"script":"<script> [1562 bytes]","args":[{"selector":{"id":"receiptDatePicker","viewName":"etm.portal.ui.managehandovers.view.DetailExecuteHO","interaction":{"idSuffix":"inner"}},"wdio_ui5_key":"receiptDatePickeretmportal.ui.managehandovers.view.DetailExecuteHO"}]}
RESULT: undefined
COMMAND: POST /session/fd95c45ccda87168f56760c12bc05b9d/execute/async - {"script":"<script> [6424 bytes]","args":[{"element-6066-11e4-a52e-4f735466cecf":"f.1202D19FA9159A4DFC5EAE9C490348A6.d.230E2F81C740F6AC1838C8CCB19B8A42.e.14824"},"setValue",["04/24/2025"]]}
RESULT: {"script":"<script> [6424 bytes]","args":[{"element-6066-11e4-a52e-4f735466cecf":"f.1202D19FA9159A4DFC5EAE9C490348A6.d.230E2F81C740F6AC1838C8CCB19B8A42.e.14824"},"setValue",["04/24/2025"]]}
COMMAND: POST /session/fd95c45ccda87168f56760c12bc05b9d/element - {"using":"xpath","value":"//button[@data-kt=\"PickingTableConfirmAllButton\"]"}
RESULT: {"using":"xpath","value":"//button[@data-kt=\"PickingTableConfirmAllButton\"]"}
COMMAND: POST /session/fd95c45ccda87168f56760c12bc05b9d/element/f.1202D19FA9159A4DFC5EAE9C490348A6.d.230E2F81C740F6AC1838C8CCB19B8A42.e.14840/click - {}
RESULT: {}
COMMAND: GET /session/fd95c45ccda87168f56760c12bc05b9d/screenshot - {}
RESULT: {}
COMMAND: POST /session/fd95c45ccda87168f56760c12bc05b9d/element - {"using":"xpath","value":"//bdi[contains(text(), \"OK\")]"}
RESULT: {"using":"xpath","value":"//bdi[contains(text(), \"OK\")]"}
COMMAND: POST /session/fd95c45ccda87168f56760c12bc05b9d/element/f.1202D19FA9159A4DFC5EAE9C490348A6.d.230E2F81C740F6AC1838C8CCB19B8A42.e.14842/click - {}
RESULT: {}
COMMAND: GET /session/fd95c45ccda87168f56760c12bc05b9d/screenshot - {}
RESULT: {}
COMMAND: POST /session/fd95c45ccda87168f56760c12bc05b9d/element - {"using":"xpath","value":"(//bdi[contains(text(), \"Receive\")])[2]"}
RESULT: {"using":"xpath","value":"(//bdi[contains(text(), \"Receive\")])[2]"}
COMMAND: POST /session/fd95c45ccda87168f56760c12bc05b9d/element/f.1202D19FA9159A4DFC5EAE9C490348A6.d.230E2F81C740F6AC1838C8CCB19B8A42.e.14844/click - {}
RESULT: {}
COMMAND: GET /session/fd95c45ccda87168f56760c12bc05b9d/screenshot - {}
RESULT: {}
COMMAND: POST /session/fd95c45ccda87168f56760c12bc05b9d/element - {"using":"css selector","value":"#shell-header-logo"}
RESULT: {"using":"css selector","value":"#shell-header-logo"}
COMMAND: POST /session/fd95c45ccda87168f56760c12bc05b9d/element/f.1202D19FA9159A4DFC5EAE9C490348A6.d.230E2F81C740F6AC1838C8CCB19B8A42.e.14239/click - {}
RESULT: {}
COMMAND: GET /session/fd95c45ccda87168f56760c12bc05b9d/screenshot - {}
RESULT: {}
]]></system-out>
    </testcase>
    <testcase classname="chrome.135_0_7049_96.windows.Create_Reverse_Billing_US127248" name="Should create a new contract" time="56.692">
      <system-out><![CDATA[
COMMAND: POST /session/fd95c45ccda87168f56760c12bc05b9d/execute/async - {"script":"<script> [1562 bytes]","args":[{"selector":{"controlType":"sap.m.Text","viewName":"etm.portal.ui.managecontractstile.view.Master","properties":{"text":"Manage Contracts"},"interaction":{"idSuffix":"inner"}},"wdio_ui5_key":"etmportal.ui.managecontractstile.view.Mastersap.m.Text{\"text\":\"Manage Contracts\"}"}]}
RESULT: {"script":"<script> [1562 bytes]","args":[{"selector":{"controlType":"sap.m.Text","viewName":"etm.portal.ui.managecontractstile.view.Master","properties":{"text":"Manage Contracts"},"interaction":{"idSuffix":"inner"}},"wdio_ui5_key":"etmportal.ui.managecontractstile.view.Mastersap.m.Text{\"text\":\"Manage Contracts\"}"}]}
RESULT: undefined
COMMAND: POST /session/fd95c45ccda87168f56760c12bc05b9d/element - {"using":"xpath","value":"//*[@id=\"__tile130-title\"]"}
RESULT: {"using":"xpath","value":"//*[@id=\"__tile130-title\"]"}
COMMAND: POST /session/fd95c45ccda87168f56760c12bc05b9d/element/f.1202D19FA9159A4DFC5EAE9C490348A6.d.230E2F81C740F6AC1838C8CCB19B8A42.e.15111/click - {}
RESULT: {}
COMMAND: GET /session/fd95c45ccda87168f56760c12bc05b9d/screenshot - {}
COMMAND: POST /session/fd95c45ccda87168f56760c12bc05b9d/element - {"using":"xpath","value":"//button[@data-kt=\"addButton\"]"}
RESULT: undefined
RESULT: undefined
RESULT: {}
RESULT: {"using":"xpath","value":"//button[@data-kt=\"addButton\"]"}
COMMAND: POST /session/fd95c45ccda87168f56760c12bc05b9d/elements - {"using":"xpath","value":"//button[@data-kt=\"addButton\"]"}
RESULT: {"using":"xpath","value":"//button[@data-kt=\"addButton\"]"}
COMMAND: POST /session/fd95c45ccda87168f56760c12bc05b9d/execute/sync - {"script":"<script> [8489 bytes]","args":[{"element-6066-11e4-a52e-4f735466cecf":"f.1202D19FA9159A4DFC5EAE9C490348A6.d.230E2F81C740F6AC1838C8CCB19B8A42.e.15182","ELEMENT":"f.1202D19FA9159A4DFC5EAE9C490348A6.d.230E2F81C740F6AC1838C8CCB19B8A42.e.15182"}]}
RESULT: {"script":"<script> [8489 bytes]","args":[{"element-6066-11e4-a52e-4f735466cecf":"f.1202D19FA9159A4DFC5EAE9C490348A6.d.230E2F81C740F6AC1838C8CCB19B8A42.e.15182","ELEMENT":"f.1202D19FA9159A4DFC5EAE9C490348A6.d.230E2F81C740F6AC1838C8CCB19B8A42.e.15182"}]}
COMMAND: GET /session/fd95c45ccda87168f56760c12bc05b9d/element/f.1202D19FA9159A4DFC5EAE9C490348A6.d.230E2F81C740F6AC1838C8CCB19B8A42.e.15182/enabled - {}
COMMAND: GET /session/fd95c45ccda87168f56760c12bc05b9d/screenshot - {}
RESULT: {}
COMMAND: POST /session/fd95c45ccda87168f56760c12bc05b9d/execute/sync - {"script":"<script> [8489 bytes]","args":[{"element-6066-11e4-a52e-4f735466cecf":"f.1202D19FA9159A4DFC5EAE9C490348A6.d.230E2F81C740F6AC1838C8CCB19B8A42.e.15182","ELEMENT":"f.1202D19FA9159A4DFC5EAE9C490348A6.d.230E2F81C740F6AC1838C8CCB19B8A42.e.15182"}]}
COMMAND: GET /session/fd95c45ccda87168f56760c12bc05b9d/screenshot - {}
RESULT: {}
RESULT: {"script":"<script> [8489 bytes]","args":[{"element-6066-11e4-a52e-4f735466cecf":"f.1202D19FA9159A4DFC5EAE9C490348A6.d.230E2F81C740F6AC1838C8CCB19B8A42.e.15182","ELEMENT":"f.1202D19FA9159A4DFC5EAE9C490348A6.d.230E2F81C740F6AC1838C8CCB19B8A42.e.15182"}]}
COMMAND: POST /session/fd95c45ccda87168f56760c12bc05b9d/execute/sync - {"script":"<script> [5351 bytes]","args":[{"element-6066-11e4-a52e-4f735466cecf":"f.1202D19FA9159A4DFC5EAE9C490348A6.d.230E2F81C740F6AC1838C8CCB19B8A42.e.15182","ELEMENT":"f.1202D19FA9159A4DFC5EAE9C490348A6.d.230E2F81C740F6AC1838C8CCB19B8A42.e.15182"}]}
COMMAND: GET /session/fd95c45ccda87168f56760c12bc05b9d/screenshot - {}
RESULT: {}
RESULT: {"script":"<script> [5351 bytes]","args":[{"element-6066-11e4-a52e-4f735466cecf":"f.1202D19FA9159A4DFC5EAE9C490348A6.d.230E2F81C740F6AC1838C8CCB19B8A42.e.15182","ELEMENT":"f.1202D19FA9159A4DFC5EAE9C490348A6.d.230E2F81C740F6AC1838C8CCB19B8A42.e.15182"}]}
COMMAND: GET /session/fd95c45ccda87168f56760c12bc05b9d/screenshot - {}
RESULT: {}
RESULT: {}
COMMAND: POST /session/fd95c45ccda87168f56760c12bc05b9d/element/f.1202D19FA9159A4DFC5EAE9C490348A6.d.230E2F81C740F6AC1838C8CCB19B8A42.e.15182/click - {}
RESULT: {}
COMMAND: GET /session/fd95c45ccda87168f56760c12bc05b9d/screenshot - {}
COMMAND: POST /session/fd95c45ccda87168f56760c12bc05b9d/execute/async - {"script":"<script> [1562 bytes]","args":[{"selector":{"id":"application-managecontracts-display-component---AddNewContract--projectDescription","interaction":{"idSuffix":"inner"}},"wdio_ui5_key":"applicationmanagecontracts-display-component---AddNewContract--projectDescription"}]}
RESULT: {}
RESULT: {"script":"<script> [1562 bytes]","args":[{"selector":{"id":"application-managecontracts-display-component---AddNewContract--projectDescription","interaction":{"idSuffix":"inner"}},"wdio_ui5_key":"applicationmanagecontracts-display-component---AddNewContract--projectDescription"}]}
RESULT: undefined
COMMAND: POST /session/fd95c45ccda87168f56760c12bc05b9d/execute/async - {"script":"<script> [776 bytes]","args":[{"enterText":"Contract WDIO","selector":{"id":"application-managecontracts-display-component---AddNewContract--projectDescription","interaction":{"idSuffix":"inner"}},"clearTextFirst":true,"interactionType":"ENTER_TEXT"}]}
RESULT: {"script":"<script> [776 bytes]","args":[{"enterText":"Contract WDIO","selector":{"id":"application-managecontracts-display-component---AddNewContract--projectDescription","interaction":{"idSuffix":"inner"}},"clearTextFirst":true,"interactionType":"ENTER_TEXT"}]}
COMMAND: POST /session/fd95c45ccda87168f56760c12bc05b9d/element - {"using":"xpath","value":"//input[@id=\"application-managecontracts-display-component---AddNewContract--site-inner\"]"}
RESULT: {"using":"xpath","value":"//input[@id=\"application-managecontracts-display-component---AddNewContract--site-inner\"]"}
COMMAND: POST /session/fd95c45ccda87168f56760c12bc05b9d/element/f.1202D19FA9159A4DFC5EAE9C490348A6.d.230E2F81C740F6AC1838C8CCB19B8A42.e.15509/clear - {}
RESULT: {}
COMMAND: POST /session/fd95c45ccda87168f56760c12bc05b9d/element/f.1202D19FA9159A4DFC5EAE9C490348A6.d.230E2F81C740F6AC1838C8CCB19B8A42.e.15509/value - {"text":"2604"}
COMMAND: GET /session/fd95c45ccda87168f56760c12bc05b9d/screenshot - {}
RESULT: {"text":"2604"}
COMMAND: GET /session/fd95c45ccda87168f56760c12bc05b9d/screenshot - {}
RESULT: {}
RESULT: {}
COMMAND: POST /session/fd95c45ccda87168f56760c12bc05b9d/element - {"using":"xpath","value":"//li[.//span[text()='2604']]"}
RESULT: {"using":"xpath","value":"//li[.//span[text()='2604']]"}
COMMAND: POST /session/fd95c45ccda87168f56760c12bc05b9d/element/f.1202D19FA9159A4DFC5EAE9C490348A6.d.230E2F81C740F6AC1838C8CCB19B8A42.e.15532/click - {}
RESULT: {}
COMMAND: GET /session/fd95c45ccda87168f56760c12bc05b9d/screenshot - {}
RESULT: {}
COMMAND: POST /session/fd95c45ccda87168f56760c12bc05b9d/element - {"using":"xpath","value":"//input[@id=\"application-managecontracts-display-component---AddNewContract--yardId-inner\"]"}
RESULT: {"using":"xpath","value":"//input[@id=\"application-managecontracts-display-component---AddNewContract--yardId-inner\"]"}
COMMAND: GET /session/fd95c45ccda87168f56760c12bc05b9d/element/f.1202D19FA9159A4DFC5EAE9C490348A6.d.230E2F81C740F6AC1838C8CCB19B8A42.e.15510/property/value - {}
RESULT: {}
COMMAND: POST /session/fd95c45ccda87168f56760c12bc05b9d/element - {"using":"xpath","value":"//input[@id=\"application-managecontracts-display-component---AddNewContract--customerSelect-inner\"]"}
COMMAND: GET /session/fd95c45ccda87168f56760c12bc05b9d/screenshot - {}
RESULT: {"using":"xpath","value":"//input[@id=\"application-managecontracts-display-component---AddNewContract--customerSelect-inner\"]"}
COMMAND: POST /session/fd95c45ccda87168f56760c12bc05b9d/element/f.1202D19FA9159A4DFC5EAE9C490348A6.d.230E2F81C740F6AC1838C8CCB19B8A42.e.15508/clear - {}
RESULT: {}
RESULT: {}
COMMAND: POST /session/fd95c45ccda87168f56760c12bc05b9d/element/f.1202D19FA9159A4DFC5EAE9C490348A6.d.230E2F81C740F6AC1838C8CCB19B8A42.e.15508/value - {"text":"1644"}
COMMAND: GET /session/fd95c45ccda87168f56760c12bc05b9d/screenshot - {}
RESULT: {"text":"1644"}
COMMAND: GET /session/fd95c45ccda87168f56760c12bc05b9d/screenshot - {}
RESULT: {}
RESULT: {}
COMMAND: POST /session/fd95c45ccda87168f56760c12bc05b9d/element - {"using":"xpath","value":"//li[.//span[text()='1644']]"}
RESULT: {"using":"xpath","value":"//li[.//span[text()='1644']]"}
COMMAND: POST /session/fd95c45ccda87168f56760c12bc05b9d/element/f.1202D19FA9159A4DFC5EAE9C490348A6.d.230E2F81C740F6AC1838C8CCB19B8A42.e.15535/click - {}
RESULT: {}
COMMAND: GET /session/fd95c45ccda87168f56760c12bc05b9d/screenshot - {}
RESULT: {}
COMMAND: POST /session/fd95c45ccda87168f56760c12bc05b9d/element - {"using":"xpath","value":"//button[@data-kt=\"saveButton\"]"}
RESULT: {"using":"xpath","value":"//button[@data-kt=\"saveButton\"]"}
COMMAND: POST /session/fd95c45ccda87168f56760c12bc05b9d/element/f.1202D19FA9159A4DFC5EAE9C490348A6.d.230E2F81C740F6AC1838C8CCB19B8A42.e.15525/click - {}
RESULT: {}
COMMAND: GET /session/fd95c45ccda87168f56760c12bc05b9d/screenshot - {}
RESULT: {}
COMMAND: POST /session/fd95c45ccda87168f56760c12bc05b9d/element - {"using":"xpath","value":"//span[contains(@id ,\"contractDetailTitleNoExpanded\")]"}
RESULT: {"using":"xpath","value":"//span[contains(@id ,\"contractDetailTitleNoExpanded\")]"}
COMMAND: POST /session/fd95c45ccda87168f56760c12bc05b9d/elements - {"using":"xpath","value":"//span[contains(@id ,\"contractDetailTitleNoExpanded\")]"}
RESULT: {"using":"xpath","value":"//span[contains(@id ,\"contractDetailTitleNoExpanded\")]"}
COMMAND: POST /session/fd95c45ccda87168f56760c12bc05b9d/execute/sync - {"script":"<script> [56 bytes]","args":[{"element-6066-11e4-a52e-4f735466cecf":"f.1202D19FA9159A4DFC5EAE9C490348A6.d.230E2F81C740F6AC1838C8CCB19B8A42.e.15607","ELEMENT":"f.1202D19FA9159A4DFC5EAE9C490348A6.d.230E2F81C740F6AC1838C8CCB19B8A42.e.15607"}]}
RESULT: {"script":"<script> [56 bytes]","args":[{"element-6066-11e4-a52e-4f735466cecf":"f.1202D19FA9159A4DFC5EAE9C490348A6.d.230E2F81C740F6AC1838C8CCB19B8A42.e.15607","ELEMENT":"f.1202D19FA9159A4DFC5EAE9C490348A6.d.230E2F81C740F6AC1838C8CCB19B8A42.e.15607"}]}
COMMAND: GET /session/fd95c45ccda87168f56760c12bc05b9d/screenshot - {}
RESULT: {}
]]></system-out>
    </testcase>
    <testcase classname="chrome.135_0_7049_96.windows.Create_Reverse_Billing_US127248" name="Should add equipment to the contract" time="41.661">
      <system-out><![CDATA[
COMMAND: POST /session/fd95c45ccda87168f56760c12bc05b9d/element - {"using":"xpath","value":"//button[@data-kt=\"contractDetailEditBtnButton\"]"}
RESULT: {"using":"xpath","value":"//button[@data-kt=\"contractDetailEditBtnButton\"]"}
COMMAND: POST /session/fd95c45ccda87168f56760c12bc05b9d/element/f.1202D19FA9159A4DFC5EAE9C490348A6.d.230E2F81C740F6AC1838C8CCB19B8A42.e.15609/click - {}
RESULT: {}
COMMAND: GET /session/fd95c45ccda87168f56760c12bc05b9d/screenshot - {}
RESULT: {}
COMMAND: POST /session/fd95c45ccda87168f56760c12bc05b9d/element - {"using":"xpath","value":"(//span[contains(text(), \"Additional Addresses\")])[2]"}
RESULT: {"using":"xpath","value":"(//span[contains(text(), \"Additional Addresses\")])[2]"}
COMMAND: POST /session/fd95c45ccda87168f56760c12bc05b9d/element/f.1202D19FA9159A4DFC5EAE9C490348A6.d.230E2F81C740F6AC1838C8CCB19B8A42.e.15665/click - {}
RESULT: {}
COMMAND: GET /session/fd95c45ccda87168f56760c12bc05b9d/screenshot - {}
RESULT: {}
COMMAND: POST /session/fd95c45ccda87168f56760c12bc05b9d/element - {"using":"xpath","value":"//button[@data-kt=\"btnAddTableRowOverflowToolbarButton\"]"}
RESULT: {"using":"xpath","value":"//button[@data-kt=\"btnAddTableRowOverflowToolbarButton\"]"}
COMMAND: POST /session/fd95c45ccda87168f56760c12bc05b9d/element/f.1202D19FA9159A4DFC5EAE9C490348A6.d.230E2F81C740F6AC1838C8CCB19B8A42.e.15669/click - {}
RESULT: {}
COMMAND: GET /session/fd95c45ccda87168f56760c12bc05b9d/screenshot - {}
RESULT: {}
COMMAND: POST /session/fd95c45ccda87168f56760c12bc05b9d/element - {"using":"xpath","value":"//div[(text() = 'Standard Entry' or . = 'Standard Entry')]"}
RESULT: {"using":"xpath","value":"//div[(text() = 'Standard Entry' or . = 'Standard Entry')]"}
COMMAND: POST /session/fd95c45ccda87168f56760c12bc05b9d/element/f.1202D19FA9159A4DFC5EAE9C490348A6.d.230E2F81C740F6AC1838C8CCB19B8A42.e.15671/click - {}
RESULT: {}
COMMAND: GET /session/fd95c45ccda87168f56760c12bc05b9d/screenshot - {}
RESULT: {}
COMMAND: POST /session/fd95c45ccda87168f56760c12bc05b9d/element - {"using":"xpath","value":"//td[7]/div/div/input"}
RESULT: {"using":"xpath","value":"//td[7]/div/div/input"}
COMMAND: POST /session/fd95c45ccda87168f56760c12bc05b9d/element/f.1202D19FA9159A4DFC5EAE9C490348A6.d.230E2F81C740F6AC1838C8CCB19B8A42.e.15680/clear - {}
RESULT: {}
COMMAND: POST /session/fd95c45ccda87168f56760c12bc05b9d/element/f.1202D19FA9159A4DFC5EAE9C490348A6.d.230E2F81C740F6AC1838C8CCB19B8A42.e.15680/value - {"text":"BjuU1bl2JP"}
COMMAND: GET /session/fd95c45ccda87168f56760c12bc05b9d/screenshot - {}
RESULT: {"text":"BjuU1bl2JP"}
RESULT: {}
COMMAND: GET /session/fd95c45ccda87168f56760c12bc05b9d/screenshot - {}
RESULT: {}
COMMAND: POST /session/fd95c45ccda87168f56760c12bc05b9d/actions - {"actions":[{"id":"action53","type":"key","parameters":{},"actions":[{"type":"keyDown","value":"î€‡"},{"type":"pause","duration":10},{"type":"keyUp","value":"î€‡"}]}]}
RESULT: {"actions":[{"id":"action53","type":"key","parameters":{},"actions":[{"type":"keyDown","value":"î€‡"},{"type":"pause","duration":10},{"type":"keyUp","value":"î€‡"}]}]}
COMMAND: GET /session/fd95c45ccda87168f56760c12bc05b9d/screenshot - {}
RESULT: {}
COMMAND: POST /session/fd95c45ccda87168f56760c12bc05b9d/element - {"using":"xpath","value":"(//button[@data-kt=\"saveButton\"])[2]"}
RESULT: {"using":"xpath","value":"(//button[@data-kt=\"saveButton\"])[2]"}
COMMAND: POST /session/fd95c45ccda87168f56760c12bc05b9d/element/f.1202D19FA9159A4DFC5EAE9C490348A6.d.230E2F81C740F6AC1838C8CCB19B8A42.e.15695/click - {}
RESULT: {}
COMMAND: GET /session/fd95c45ccda87168f56760c12bc05b9d/screenshot - {}
RESULT: {}
COMMAND: POST /session/fd95c45ccda87168f56760c12bc05b9d/element - {"using":"xpath","value":"//span[contains(@id ,\"contractItemsSmartTable-header-inner\")]"}
RESULT: {"using":"xpath","value":"//span[contains(@id ,\"contractItemsSmartTable-header-inner\")]"}
COMMAND: POST /session/fd95c45ccda87168f56760c12bc05b9d/elements - {"using":"xpath","value":"//span[contains(@id ,\"contractItemsSmartTable-header-inner\")]"}
RESULT: {"using":"xpath","value":"//span[contains(@id ,\"contractItemsSmartTable-header-inner\")]"}
COMMAND: POST /session/fd95c45ccda87168f56760c12bc05b9d/execute/sync - {"script":"<script> [56 bytes]","args":[{"element-6066-11e4-a52e-4f735466cecf":"f.1202D19FA9159A4DFC5EAE9C490348A6.d.230E2F81C740F6AC1838C8CCB19B8A42.e.15700","ELEMENT":"f.1202D19FA9159A4DFC5EAE9C490348A6.d.230E2F81C740F6AC1838C8CCB19B8A42.e.15700"}]}
RESULT: {"script":"<script> [56 bytes]","args":[{"element-6066-11e4-a52e-4f735466cecf":"f.1202D19FA9159A4DFC5EAE9C490348A6.d.230E2F81C740F6AC1838C8CCB19B8A42.e.15700","ELEMENT":"f.1202D19FA9159A4DFC5EAE9C490348A6.d.230E2F81C740F6AC1838C8CCB19B8A42.e.15700"}]}
COMMAND: GET /session/fd95c45ccda87168f56760c12bc05b9d/screenshot - {}
]]></system-out>
    </testcase>
    <testcase classname="chrome.135_0_7049_96.windows.Create_Reverse_Billing_US127248" name="Should do a provide to site handover" time="56.638">
      <system-out><![CDATA[
COMMAND: POST /session/fd95c45ccda87168f56760c12bc05b9d/element - {"using":"xpath","value":"//button[@data-kt=\"provideButton\"]"}
RESULT: {}
RESULT: {"using":"xpath","value":"//button[@data-kt=\"provideButton\"]"}
COMMAND: POST /session/fd95c45ccda87168f56760c12bc05b9d/element/f.1202D19FA9159A4DFC5EAE9C490348A6.d.230E2F81C740F6AC1838C8CCB19B8A42.e.15701/click - {}
RESULT: {}
COMMAND: GET /session/fd95c45ccda87168f56760c12bc05b9d/screenshot - {}
RESULT: {}
RESULT: undefined
COMMAND: POST /session/fd95c45ccda87168f56760c12bc05b9d/execute/async - {"script":"<script> [6424 bytes]","args":[{"element-6066-11e4-a52e-4f735466cecf":"f.1202D19FA9159A4DFC5EAE9C490348A6.d.230E2F81C740F6AC1838C8CCB19B8A42.e.14611"},"setValue",["04/24/2025"]]}
COMMAND: POST /session/fd95c45ccda87168f56760c12bc05b9d/execute/async - {"script":"<script> [1562 bytes]","args":[{"selector":{"id":"application-managehandovers-display-component---AddNewHO--dueDate","interaction":{"idSuffix":"inner"}},"wdio_ui5_key":"applicationmanagehandovers-display-component---AddNewHO--dueDate"}]}
RESULT: {"script":"<script> [1562 bytes]","args":[{"selector":{"id":"application-managehandovers-display-component---AddNewHO--dueDate","interaction":{"idSuffix":"inner"}},"wdio_ui5_key":"applicationmanagehandovers-display-component---AddNewHO--dueDate"}]}
COMMAND: POST /session/fd95c45ccda87168f56760c12bc05b9d/execute/async - {"script":"<script> [6424 bytes]","args":[{"element-6066-11e4-a52e-4f735466cecf":"f.1202D19FA9159A4DFC5EAE9C490348A6.d.230E2F81C740F6AC1838C8CCB19B8A42.e.15773"},"setValue",["04/24/2025"]]}
RESULT: {"script":"<script> [6424 bytes]","args":[{"element-6066-11e4-a52e-4f735466cecf":"f.1202D19FA9159A4DFC5EAE9C490348A6.d.230E2F81C740F6AC1838C8CCB19B8A42.e.15773"},"setValue",["04/24/2025"]]}
COMMAND: POST /session/fd95c45ccda87168f56760c12bc05b9d/element - {"using":"xpath","value":"//bdi[contains(text(), \"Instructions\")]"}
RESULT: {"using":"xpath","value":"//bdi[contains(text(), \"Instructions\")]"}
COMMAND: POST /session/fd95c45ccda87168f56760c12bc05b9d/element/f.1202D19FA9159A4DFC5EAE9C490348A6.d.230E2F81C740F6AC1838C8CCB19B8A42.e.16041/click - {}
RESULT: {}
COMMAND: GET /session/fd95c45ccda87168f56760c12bc05b9d/screenshot - {}
RESULT: {}
COMMAND: POST /session/fd95c45ccda87168f56760c12bc05b9d/element - {"using":"xpath","value":"//button[@data-kt=\"AddNewHOProvideAddItemsButton\"]"}
RESULT: {"using":"xpath","value":"//button[@data-kt=\"AddNewHOProvideAddItemsButton\"]"}
COMMAND: POST /session/fd95c45ccda87168f56760c12bc05b9d/element/f.1202D19FA9159A4DFC5EAE9C490348A6.d.230E2F81C740F6AC1838C8CCB19B8A42.e.16045/click - {}
RESULT: {}
COMMAND: GET /session/fd95c45ccda87168f56760c12bc05b9d/screenshot - {}
RESULT: {}
RESULT: undefined
COMMAND: POST /session/fd95c45ccda87168f56760c12bc05b9d/element - {"using":"xpath","value":"//*[@id=\"application-managehandovers-display-component---AddNewHO--popup-sa\"]"}
RESULT: {"using":"xpath","value":"//*[@id=\"application-managehandovers-display-component---AddNewHO--popup-sa\"]"}
COMMAND: POST /session/fd95c45ccda87168f56760c12bc05b9d/element/f.1202D19FA9159A4DFC5EAE9C490348A6.d.230E2F81C740F6AC1838C8CCB19B8A42.e.16061/click - {}
RESULT: {}
COMMAND: GET /session/fd95c45ccda87168f56760c12bc05b9d/screenshot - {}
RESULT: {}
COMMAND: POST /session/fd95c45ccda87168f56760c12bc05b9d/element - {"using":"xpath","value":"//*[contains(@id ,\"BDI-content\")][contains(text(), \"Select\")]"}
RESULT: {"using":"xpath","value":"//*[contains(@id ,\"BDI-content\")][contains(text(), \"Select\")]"}
COMMAND: POST /session/fd95c45ccda87168f56760c12bc05b9d/element/f.1202D19FA9159A4DFC5EAE9C490348A6.d.230E2F81C740F6AC1838C8CCB19B8A42.e.16063/click - {}
RESULT: {}
COMMAND: GET /session/fd95c45ccda87168f56760c12bc05b9d/screenshot - {}
RESULT: {}
COMMAND: POST /session/fd95c45ccda87168f56760c12bc05b9d/execute/async - {"script":"<script> [1562 bytes]","args":[{"selector":{"id":"application-managehandovers-display-component---AddNewHO--confirmCreationButton","interaction":{"idSuffix":"BDI-content"}},"wdio_ui5_key":"applicationmanagehandovers-display-component---AddNewHO--confirmCreationButton"}]}
RESULT: {"script":"<script> [1562 bytes]","args":[{"selector":{"id":"application-managehandovers-display-component---AddNewHO--confirmCreationButton","interaction":{"idSuffix":"BDI-content"}},"wdio_ui5_key":"applicationmanagehandovers-display-component---AddNewHO--confirmCreationButton"}]}
RESULT: undefined
COMMAND: POST /session/fd95c45ccda87168f56760c12bc05b9d/element - {"using":"xpath","value":"//*[@id=\"application-managehandovers-display-component---AddNewHO--confirmCreationButton\"]"}
RESULT: {"using":"xpath","value":"//*[@id=\"application-managehandovers-display-component---AddNewHO--confirmCreationButton\"]"}
COMMAND: POST /session/fd95c45ccda87168f56760c12bc05b9d/element/f.1202D19FA9159A4DFC5EAE9C490348A6.d.230E2F81C740F6AC1838C8CCB19B8A42.e.15819/click - {}
RESULT: {}
COMMAND: GET /session/fd95c45ccda87168f56760c12bc05b9d/screenshot - {}
RESULT: {}
COMMAND: POST /session/fd95c45ccda87168f56760c12bc05b9d/element - {"using":"xpath","value":"//button[@data-kt=\"PickingTableConfirmAllButton\"]"}
RESULT: {"using":"xpath","value":"//button[@data-kt=\"PickingTableConfirmAllButton\"]"}
COMMAND: POST /session/fd95c45ccda87168f56760c12bc05b9d/elements - {"using":"xpath","value":"//button[@data-kt=\"PickingTableConfirmAllButton\"]"}
RESULT: {"using":"xpath","value":"//button[@data-kt=\"PickingTableConfirmAllButton\"]"}
COMMAND: POST /session/fd95c45ccda87168f56760c12bc05b9d/elements - {"using":"xpath","value":"//button[@data-kt=\"PickingTableConfirmAllButton\"]"}
RESULT: {"using":"xpath","value":"//button[@data-kt=\"PickingTableConfirmAllButton\"]"}
COMMAND: POST /session/fd95c45ccda87168f56760c12bc05b9d/element - {"using":"xpath","value":"//button[@data-kt=\"PickingTableConfirmAllButton\"]"}
RESULT: {"using":"xpath","value":"//button[@data-kt=\"PickingTableConfirmAllButton\"]"}
COMMAND: POST /session/fd95c45ccda87168f56760c12bc05b9d/element/f.1202D19FA9159A4DFC5EAE9C490348A6.d.230E2F81C740F6AC1838C8CCB19B8A42.e.16101/click - {}
COMMAND: POST /session/fd95c45ccda87168f56760c12bc05b9d/element - {"using":"xpath","value":"//button[@data-kt=\"PickingTableConfirmAllButton\"]"}
RESULT: {"using":"xpath","value":"//button[@data-kt=\"PickingTableConfirmAllButton\"]"}
COMMAND: POST /session/fd95c45ccda87168f56760c12bc05b9d/element/f.1202D19FA9159A4DFC5EAE9C490348A6.d.230E2F81C740F6AC1838C8CCB19B8A42.e.16101/click - {}
COMMAND: POST /session/fd95c45ccda87168f56760c12bc05b9d/element - {"using":"xpath","value":"//button[@data-kt=\"PickingTableConfirmAllButton\"]"}
RESULT: {"using":"xpath","value":"//button[@data-kt=\"PickingTableConfirmAllButton\"]"}
COMMAND: POST /session/fd95c45ccda87168f56760c12bc05b9d/element/f.1202D19FA9159A4DFC5EAE9C490348A6.d.230E2F81C740F6AC1838C8CCB19B8A42.e.16123/click - {}
RESULT: {}
COMMAND: GET /session/fd95c45ccda87168f56760c12bc05b9d/screenshot - {}
RESULT: {}
COMMAND: POST /session/fd95c45ccda87168f56760c12bc05b9d/element - {"using":"xpath","value":"//bdi[contains(text(), \"OK\")]"}
RESULT: {"using":"xpath","value":"//bdi[contains(text(), \"OK\")]"}
COMMAND: POST /session/fd95c45ccda87168f56760c12bc05b9d/element/f.1202D19FA9159A4DFC5EAE9C490348A6.d.230E2F81C740F6AC1838C8CCB19B8A42.e.16126/click - {}
RESULT: {}
COMMAND: GET /session/fd95c45ccda87168f56760c12bc05b9d/screenshot - {}
RESULT: {}
COMMAND: POST /session/fd95c45ccda87168f56760c12bc05b9d/element - {"using":"xpath","value":"//bdi[contains(text(), \"Issue\")]"}
RESULT: {"using":"xpath","value":"//bdi[contains(text(), \"Issue\")]"}
COMMAND: POST /session/fd95c45ccda87168f56760c12bc05b9d/element/f.1202D19FA9159A4DFC5EAE9C490348A6.d.230E2F81C740F6AC1838C8CCB19B8A42.e.16127/click - {}
RESULT: {}
COMMAND: GET /session/fd95c45ccda87168f56760c12bc05b9d/screenshot - {}
RESULT: {}
COMMAND: POST /session/fd95c45ccda87168f56760c12bc05b9d/element - {"using":"css selector","value":"#shell-header-logo"}
RESULT: {"using":"css selector","value":"#shell-header-logo"}
COMMAND: POST /session/fd95c45ccda87168f56760c12bc05b9d/element/f.1202D19FA9159A4DFC5EAE9C490348A6.d.230E2F81C740F6AC1838C8CCB19B8A42.e.15114/click - {}
RESULT: {}
COMMAND: GET /session/fd95c45ccda87168f56760c12bc05b9d/screenshot - {}
RESULT: {}
]]></system-out>
    </testcase>
    <testcase classname="chrome.135_0_7049_96.windows.Create_Reverse_Billing_US127248" name="Should go navigate to Manage Billings and trigger contract calculation check result" time="59.41">
      <system-out><![CDATA[
COMMAND: POST /session/fd95c45ccda87168f56760c12bc05b9d/execute/async - {"script":"<script> [1562 bytes]","args":[{"selector":{"controlType":"sap.m.GenericTile","properties":{"header":"Manage Billings"}},"wdio_ui5_key":"sapm.GenericTile{\"header\":\"Manage Billings\"}"}]}
RESULT: {"script":"<script> [1562 bytes]","args":[{"selector":{"controlType":"sap.m.GenericTile","properties":{"header":"Manage Billings"}},"wdio_ui5_key":"sapm.GenericTile{\"header\":\"Manage Billings\"}"}]}
RESULT: undefined
COMMAND: POST /session/fd95c45ccda87168f56760c12bc05b9d/element - {"using":"xpath","value":"//*[@id=\"__tile51\"]"}
RESULT: {"using":"xpath","value":"//*[@id=\"__tile51\"]"}
COMMAND: POST /session/fd95c45ccda87168f56760c12bc05b9d/element/f.1202D19FA9159A4DFC5EAE9C490348A6.d.230E2F81C740F6AC1838C8CCB19B8A42.e.12936/click - {}
RESULT: {}
COMMAND: GET /session/fd95c45ccda87168f56760c12bc05b9d/screenshot - {}
COMMAND: POST /session/fd95c45ccda87168f56760c12bc05b9d/execute/async - {"script":"<script> [1562 bytes]","args":[{"selector":{"id":"application-managebillings-display-component---billRunCalcResult--smartFilterBar-btnBasicSearch","interaction":{"idSuffix":"I"}},"wdio_ui5_key":"applicationmanagebillings-display-component---billRunCalcResult--smartFilterBar-btnBasicSearch"}]}
RESULT: {}
RESULT: {"script":"<script> [1562 bytes]","args":[{"selector":{"id":"application-managebillings-display-component---billRunCalcResult--smartFilterBar-btnBasicSearch","interaction":{"idSuffix":"I"}},"wdio_ui5_key":"applicationmanagebillings-display-component---billRunCalcResult--smartFilterBar-btnBasicSearch"}]}
RESULT: undefined
COMMAND: POST /session/fd95c45ccda87168f56760c12bc05b9d/execute/async - {"script":"<script> [776 bytes]","args":[{"enterText":"10693","selector":{"id":"application-managebillings-display-component---billRunCalcResult--smartFilterBar-btnBasicSearch","interaction":{"idSuffix":"I"}},"clearTextFirst":true,"interactionType":"ENTER_TEXT"}]}
RESULT: {"script":"<script> [776 bytes]","args":[{"enterText":"10693","selector":{"id":"application-managebillings-display-component---billRunCalcResult--smartFilterBar-btnBasicSearch","interaction":{"idSuffix":"I"}},"clearTextFirst":true,"interactionType":"ENTER_TEXT"}]}
COMMAND: POST /session/fd95c45ccda87168f56760c12bc05b9d/actions - {"actions":[{"id":"action54","type":"key","parameters":{},"actions":[{"type":"keyDown","value":"î€‡"},{"type":"pause","duration":10},{"type":"keyUp","value":"î€‡"}]}]}
RESULT: {"actions":[{"id":"action54","type":"key","parameters":{},"actions":[{"type":"keyDown","value":"î€‡"},{"type":"pause","duration":10},{"type":"keyUp","value":"î€‡"}]}]}
COMMAND: GET /session/fd95c45ccda87168f56760c12bc05b9d/screenshot - {}
RESULT: {}
COMMAND: POST /session/fd95c45ccda87168f56760c12bc05b9d/element - {"using":"xpath","value":"//td[@aria-colindex=\"1\"]/div/div[contains(@class, \"sapMCbBg\")]"}
RESULT: {"using":"xpath","value":"//td[@aria-colindex=\"1\"]/div/div[contains(@class, \"sapMCbBg\")]"}
COMMAND: POST /session/fd95c45ccda87168f56760c12bc05b9d/element/f.1202D19FA9159A4DFC5EAE9C490348A6.d.230E2F81C740F6AC1838C8CCB19B8A42.e.16513/click - {}
RESULT: {}
COMMAND: GET /session/fd95c45ccda87168f56760c12bc05b9d/screenshot - {}
RESULT: {}
COMMAND: POST /session/fd95c45ccda87168f56760c12bc05b9d/execute/async - {"script":"<script> [1562 bytes]","args":[{"selector":{"id":"application-managebillings-display-component---billRunCalcResult--contractBillRunDate","interaction":{"idSuffix":"inner"}},"wdio_ui5_key":"applicationmanagebillings-display-component---billRunCalcResult--contractBillRunDate"}]}
RESULT: {"script":"<script> [1562 bytes]","args":[{"selector":{"id":"application-managebillings-display-component---billRunCalcResult--contractBillRunDate","interaction":{"idSuffix":"inner"}},"wdio_ui5_key":"applicationmanagebillings-display-component---billRunCalcResult--contractBillRunDate"}]}
RESULT: undefined
COMMAND: POST /session/fd95c45ccda87168f56760c12bc05b9d/execute/async - {"script":"<script> [776 bytes]","args":[{"enterText":"05/24/25","selector":{"id":"application-managebillings-display-component---billRunCalcResult--contractBillRunDate","interaction":{"idSuffix":"inner"}},"clearTextFirst":true,"interactionType":"ENTER_TEXT"}]}
RESULT: {"script":"<script> [776 bytes]","args":[{"enterText":"05/24/25","selector":{"id":"application-managebillings-display-component---billRunCalcResult--contractBillRunDate","interaction":{"idSuffix":"inner"}},"clearTextFirst":true,"interactionType":"ENTER_TEXT"}]}
COMMAND: POST /session/fd95c45ccda87168f56760c12bc05b9d/element - {"using":"xpath","value":"//bdi[contains(text(), \"Trigger Calculation\")]"}
RESULT: {"using":"xpath","value":"//bdi[contains(text(), \"Trigger Calculation\")]"}
COMMAND: POST /session/fd95c45ccda87168f56760c12bc05b9d/element/f.1202D19FA9159A4DFC5EAE9C490348A6.d.230E2F81C740F6AC1838C8CCB19B8A42.e.16564/click - {}
RESULT: {}
COMMAND: GET /session/fd95c45ccda87168f56760c12bc05b9d/screenshot - {}
RESULT: {}
COMMAND: POST /session/fd95c45ccda87168f56760c12bc05b9d/element - {"using":"xpath","value":"(//span[contains(@id, \"imgNav\")])[1]"}
RESULT: {"using":"xpath","value":"(//span[contains(@id, \"imgNav\")])[1]"}
COMMAND: POST /session/fd95c45ccda87168f56760c12bc05b9d/element/f.1202D19FA9159A4DFC5EAE9C490348A6.d.230E2F81C740F6AC1838C8CCB19B8A42.e.16514/click - {}
RESULT: {}
COMMAND: GET /session/fd95c45ccda87168f56760c12bc05b9d/screenshot - {}
RESULT: {}
COMMAND: POST /session/fd95c45ccda87168f56760c12bc05b9d/element - {"using":"xpath","value":"//tr/td[6]/div[1]/span[1]/span[1]"}
RESULT: {"using":"xpath","value":"//tr/td[6]/div[1]/span[1]/span[1]"}
COMMAND: GET /session/fd95c45ccda87168f56760c12bc05b9d/element/f.1202D19FA9159A4DFC5EAE9C490348A6.d.230E2F81C740F6AC1838C8CCB19B8A42.e.16569/text - {}
RESULT: {}
COMMAND: POST /session/fd95c45ccda87168f56760c12bc05b9d/element - {"using":"xpath","value":"(//span[contains(@id, \"imgNav\")])[2]"}
RESULT: {"using":"xpath","value":"(//span[contains(@id, \"imgNav\")])[2]"}
COMMAND: POST /session/fd95c45ccda87168f56760c12bc05b9d/element/f.1202D19FA9159A4DFC5EAE9C490348A6.d.230E2F81C740F6AC1838C8CCB19B8A42.e.16570/click - {}
RESULT: {}
COMMAND: POST /session/fd95c45ccda87168f56760c12bc05b9d/element - {"using":"xpath","value":"//bdi[contains(text(), \"Business Confirm\")]"}
COMMAND: GET /session/fd95c45ccda87168f56760c12bc05b9d/screenshot - {}
RESULT: {"using":"xpath","value":"//bdi[contains(text(), \"Business Confirm\")]"}
COMMAND: POST /session/fd95c45ccda87168f56760c12bc05b9d/elements - {"using":"xpath","value":"//bdi[contains(text(), \"Business Confirm\")]"}
RESULT: {}
RESULT: {"using":"xpath","value":"//bdi[contains(text(), \"Business Confirm\")]"}
COMMAND: POST /session/fd95c45ccda87168f56760c12bc05b9d/element - {"using":"xpath","value":"//bdi[contains(text(), \"Business Confirm\")]"}
RESULT: {"using":"xpath","value":"//bdi[contains(text(), \"Business Confirm\")]"}
COMMAND: POST /session/fd95c45ccda87168f56760c12bc05b9d/element/f.1202D19FA9159A4DFC5EAE9C490348A6.d.230E2F81C740F6AC1838C8CCB19B8A42.e.16620/click - {}
RESULT: {}
COMMAND: POST /session/fd95c45ccda87168f56760c12bc05b9d/element - {"using":"css selector","value":"#shell-header-logo"}
COMMAND: GET /session/fd95c45ccda87168f56760c12bc05b9d/screenshot - {}
RESULT: {"using":"css selector","value":"#shell-header-logo"}
COMMAND: POST /session/fd95c45ccda87168f56760c12bc05b9d/element/f.1202D19FA9159A4DFC5EAE9C490348A6.d.230E2F81C740F6AC1838C8CCB19B8A42.e.16305/click - {}
RESULT: {}
RESULT: {}
COMMAND: GET /session/fd95c45ccda87168f56760c12bc05b9d/screenshot - {}
RESULT: {}
]]></system-out>
    </testcase>
    <testcase classname="chrome.135_0_7049_96.windows.Create_Reverse_Billing_US127248" name="Should go into Billing Transfer and reverse the billing" time="38.193">
      <system-out><![CDATA[
COMMAND: POST /session/fd95c45ccda87168f56760c12bc05b9d/execute/async - {"script":"<script> [1562 bytes]","args":[{"selector":{"controlType":"sap.m.GenericTile","properties":{"header":"Billing Transfer"}},"wdio_ui5_key":"sapm.GenericTile{\"header\":\"Billing Transfer\"}"}]}
RESULT: {"script":"<script> [1562 bytes]","args":[{"selector":{"controlType":"sap.m.GenericTile","properties":{"header":"Billing Transfer"}},"wdio_ui5_key":"sapm.GenericTile{\"header\":\"Billing Transfer\"}"}]}
RESULT: undefined
COMMAND: POST /session/fd95c45ccda87168f56760c12bc05b9d/element - {"using":"xpath","value":"//*[@id=\"__tile50\"]"}
RESULT: {"using":"xpath","value":"//*[@id=\"__tile50\"]"}
COMMAND: POST /session/fd95c45ccda87168f56760c12bc05b9d/element/f.1202D19FA9159A4DFC5EAE9C490348A6.d.230E2F81C740F6AC1838C8CCB19B8A42.e.12934/click - {}
RESULT: {}
COMMAND: POST /session/fd95c45ccda87168f56760c12bc05b9d/element - {"using":"xpath","value":"//input[contains(@id ,\"application-billingtransfer-display-component---billingWorkbench--smartFilterBar-btnBasicSearch\")]"}
COMMAND: GET /session/fd95c45ccda87168f56760c12bc05b9d/screenshot - {}
RESULT: {"using":"xpath","value":"//input[contains(@id ,\"application-billingtransfer-display-component---billingWorkbench--smartFilterBar-btnBasicSearch\")]"}
COMMAND: POST /session/fd95c45ccda87168f56760c12bc05b9d/elements - {"using":"xpath","value":"//input[contains(@id ,\"application-billingtransfer-display-component---billingWorkbench--smartFilterBar-btnBasicSearch\")]"}
RESULT: {}
RESULT: {"using":"xpath","value":"//input[contains(@id ,\"application-billingtransfer-display-component---billingWorkbench--smartFilterBar-btnBasicSearch\")]"}
COMMAND: POST /session/fd95c45ccda87168f56760c12bc05b9d/elements - {"using":"xpath","value":"//input[contains(@id ,\"application-billingtransfer-display-component---billingWorkbench--smartFilterBar-btnBasicSearch\")]"}
RESULT: {"using":"xpath","value":"//input[contains(@id ,\"application-billingtransfer-display-component---billingWorkbench--smartFilterBar-btnBasicSearch\")]"}
COMMAND: POST /session/fd95c45ccda87168f56760c12bc05b9d/element - {"using":"xpath","value":"//input[contains(@id ,\"application-billingtransfer-display-component---billingWorkbench--smartFilterBar-btnBasicSearch\")]"}
RESULT: {"using":"xpath","value":"//input[contains(@id ,\"application-billingtransfer-display-component---billingWorkbench--smartFilterBar-btnBasicSearch\")]"}
COMMAND: POST /session/fd95c45ccda87168f56760c12bc05b9d/execute/sync - {"script":"<script> [8489 bytes]","args":[{"element-6066-11e4-a52e-4f735466cecf":"f.1202D19FA9159A4DFC5EAE9C490348A6.d.230E2F81C740F6AC1838C8CCB19B8A42.e.16648","ELEMENT":"f.1202D19FA9159A4DFC5EAE9C490348A6.d.230E2F81C740F6AC1838C8CCB19B8A42.e.16648"}]}
RESULT: {"script":"<script> [8489 bytes]","args":[{"element-6066-11e4-a52e-4f735466cecf":"f.1202D19FA9159A4DFC5EAE9C490348A6.d.230E2F81C740F6AC1838C8CCB19B8A42.e.16648","ELEMENT":"f.1202D19FA9159A4DFC5EAE9C490348A6.d.230E2F81C740F6AC1838C8CCB19B8A42.e.16648"}]}
COMMAND: GET /session/fd95c45ccda87168f56760c12bc05b9d/element/f.1202D19FA9159A4DFC5EAE9C490348A6.d.230E2F81C740F6AC1838C8CCB19B8A42.e.16648/enabled - {}
COMMAND: GET /session/fd95c45ccda87168f56760c12bc05b9d/screenshot - {}
RESULT: {}
COMMAND: POST /session/fd95c45ccda87168f56760c12bc05b9d/element/f.1202D19FA9159A4DFC5EAE9C490348A6.d.230E2F81C740F6AC1838C8CCB19B8A42.e.16648/click - {}
COMMAND: GET /session/fd95c45ccda87168f56760c12bc05b9d/screenshot - {}
RESULT: {}
RESULT: {}
COMMAND: GET /session/fd95c45ccda87168f56760c12bc05b9d/screenshot - {}
RESULT: {}
RESULT: {}
COMMAND: POST /session/fd95c45ccda87168f56760c12bc05b9d/element/f.1202D19FA9159A4DFC5EAE9C490348A6.d.230E2F81C740F6AC1838C8CCB19B8A42.e.16648/clear - {}
RESULT: {}
COMMAND: POST /session/fd95c45ccda87168f56760c12bc05b9d/element/f.1202D19FA9159A4DFC5EAE9C490348A6.d.230E2F81C740F6AC1838C8CCB19B8A42.e.16648/value - {"text":"10693"}
COMMAND: GET /session/fd95c45ccda87168f56760c12bc05b9d/screenshot - {}
RESULT: {"text":"10693"}
COMMAND: POST /session/fd95c45ccda87168f56760c12bc05b9d/actions - {"actions":[{"id":"action55","type":"key","parameters":{},"actions":[{"type":"keyDown","value":"î€‡"},{"type":"pause","duration":10},{"type":"keyUp","value":"î€‡"}]}]}
COMMAND: GET /session/fd95c45ccda87168f56760c12bc05b9d/screenshot - {}
RESULT: {}
RESULT: {"actions":[{"id":"action55","type":"key","parameters":{},"actions":[{"type":"keyDown","value":"î€‡"},{"type":"pause","duration":10},{"type":"keyUp","value":"î€‡"}]}]}
COMMAND: GET /session/fd95c45ccda87168f56760c12bc05b9d/screenshot - {}
RESULT: {}
RESULT: {}
COMMAND: POST /session/fd95c45ccda87168f56760c12bc05b9d/element - {"using":"xpath","value":"//span[contains(@id ,\"application-billingtransfer-display-component---billingWorkbench--smartTableBillingRuns-header-inner\")]"}
RESULT: {"using":"xpath","value":"//span[contains(@id ,\"application-billingtransfer-display-component---billingWorkbench--smartTableBillingRuns-header-inner\")]"}
COMMAND: POST /session/fd95c45ccda87168f56760c12bc05b9d/elements - {"using":"xpath","value":"//span[contains(@id ,\"application-billingtransfer-display-component---billingWorkbench--smartTableBillingRuns-header-inner\")]"}
RESULT: {"using":"xpath","value":"//span[contains(@id ,\"application-billingtransfer-display-component---billingWorkbench--smartTableBillingRuns-header-inner\")]"}
COMMAND: POST /session/fd95c45ccda87168f56760c12bc05b9d/execute/sync - {"script":"<script> [56 bytes]","args":[{"element-6066-11e4-a52e-4f735466cecf":"f.1202D19FA9159A4DFC5EAE9C490348A6.d.230E2F81C740F6AC1838C8CCB19B8A42.e.16797","ELEMENT":"f.1202D19FA9159A4DFC5EAE9C490348A6.d.230E2F81C740F6AC1838C8CCB19B8A42.e.16797"}]}
RESULT: {"script":"<script> [56 bytes]","args":[{"element-6066-11e4-a52e-4f735466cecf":"f.1202D19FA9159A4DFC5EAE9C490348A6.d.230E2F81C740F6AC1838C8CCB19B8A42.e.16797","ELEMENT":"f.1202D19FA9159A4DFC5EAE9C490348A6.d.230E2F81C740F6AC1838C8CCB19B8A42.e.16797"}]}
COMMAND: POST /session/fd95c45ccda87168f56760c12bc05b9d/element - {"using":"xpath","value":"//td[@aria-colindex=\"1\"]/div/div[contains(@class, \"sapMCbBg\")]"}
COMMAND: GET /session/fd95c45ccda87168f56760c12bc05b9d/screenshot - {}
RESULT: {"using":"xpath","value":"//td[@aria-colindex=\"1\"]/div/div[contains(@class, \"sapMCbBg\")]"}
COMMAND: POST /session/fd95c45ccda87168f56760c12bc05b9d/element/f.1202D19FA9159A4DFC5EAE9C490348A6.d.230E2F81C740F6AC1838C8CCB19B8A42.e.16761/click - {}
RESULT: {}
RESULT: {}
COMMAND: GET /session/fd95c45ccda87168f56760c12bc05b9d/screenshot - {}
RESULT: {}
COMMAND: POST /session/fd95c45ccda87168f56760c12bc05b9d/element - {"using":"xpath","value":"//bdi[contains(text(), \"Reverse\")]"}
RESULT: {"using":"xpath","value":"//bdi[contains(text(), \"Reverse\")]"}
COMMAND: POST /session/fd95c45ccda87168f56760c12bc05b9d/element/f.1202D19FA9159A4DFC5EAE9C490348A6.d.230E2F81C740F6AC1838C8CCB19B8A42.e.16798/click - {}
RESULT: {}
COMMAND: GET /session/fd95c45ccda87168f56760c12bc05b9d/screenshot - {}
RESULT: {}
COMMAND: POST /session/fd95c45ccda87168f56760c12bc05b9d/element - {"using":"xpath","value":"//input[contains(@id ,\"application-billingtransfer-display-component---billingWorkbench--smartFilterBar-btnBasicSearch\")]"}
RESULT: {"using":"xpath","value":"//input[contains(@id ,\"application-billingtransfer-display-component---billingWorkbench--smartFilterBar-btnBasicSearch\")]"}
COMMAND: POST /session/fd95c45ccda87168f56760c12bc05b9d/elements - {"using":"xpath","value":"//input[contains(@id ,\"application-billingtransfer-display-component---billingWorkbench--smartFilterBar-btnBasicSearch\")]"}
RESULT: {"using":"xpath","value":"//input[contains(@id ,\"application-billingtransfer-display-component---billingWorkbench--smartFilterBar-btnBasicSearch\")]"}
COMMAND: POST /session/fd95c45ccda87168f56760c12bc05b9d/execute/sync - {"script":"<script> [8489 bytes]","args":[{"element-6066-11e4-a52e-4f735466cecf":"f.1202D19FA9159A4DFC5EAE9C490348A6.d.230E2F81C740F6AC1838C8CCB19B8A42.e.16648","ELEMENT":"f.1202D19FA9159A4DFC5EAE9C490348A6.d.230E2F81C740F6AC1838C8CCB19B8A42.e.16648"}]}
RESULT: {"script":"<script> [8489 bytes]","args":[{"element-6066-11e4-a52e-4f735466cecf":"f.1202D19FA9159A4DFC5EAE9C490348A6.d.230E2F81C740F6AC1838C8CCB19B8A42.e.16648","ELEMENT":"f.1202D19FA9159A4DFC5EAE9C490348A6.d.230E2F81C740F6AC1838C8CCB19B8A42.e.16648"}]}
COMMAND: GET /session/fd95c45ccda87168f56760c12bc05b9d/element/f.1202D19FA9159A4DFC5EAE9C490348A6.d.230E2F81C740F6AC1838C8CCB19B8A42.e.16648/enabled - {}
COMMAND: GET /session/fd95c45ccda87168f56760c12bc05b9d/screenshot - {}
RESULT: {}
COMMAND: POST /session/fd95c45ccda87168f56760c12bc05b9d/element/f.1202D19FA9159A4DFC5EAE9C490348A6.d.230E2F81C740F6AC1838C8CCB19B8A42.e.16648/click - {}
COMMAND: GET /session/fd95c45ccda87168f56760c12bc05b9d/screenshot - {}
RESULT: {}
RESULT: {}
COMMAND: GET /session/fd95c45ccda87168f56760c12bc05b9d/screenshot - {}
RESULT: {}
RESULT: {}
COMMAND: POST /session/fd95c45ccda87168f56760c12bc05b9d/element/f.1202D19FA9159A4DFC5EAE9C490348A6.d.230E2F81C740F6AC1838C8CCB19B8A42.e.16648/clear - {}
RESULT: {}
COMMAND: POST /session/fd95c45ccda87168f56760c12bc05b9d/element/f.1202D19FA9159A4DFC5EAE9C490348A6.d.230E2F81C740F6AC1838C8CCB19B8A42.e.16648/value - {"text":"10693"}
COMMAND: GET /session/fd95c45ccda87168f56760c12bc05b9d/screenshot - {}
RESULT: {"text":"10693"}
COMMAND: POST /session/fd95c45ccda87168f56760c12bc05b9d/actions - {"actions":[{"id":"action56","type":"key","parameters":{},"actions":[{"type":"keyDown","value":"î€‡"},{"type":"pause","duration":10},{"type":"keyUp","value":"î€‡"}]}]}
COMMAND: GET /session/fd95c45ccda87168f56760c12bc05b9d/screenshot - {}
RESULT: {}
RESULT: {"actions":[{"id":"action56","type":"key","parameters":{},"actions":[{"type":"keyDown","value":"î€‡"},{"type":"pause","duration":10},{"type":"keyUp","value":"î€‡"}]}]}
COMMAND: GET /session/fd95c45ccda87168f56760c12bc05b9d/screenshot - {}
RESULT: {}
RESULT: {}
COMMAND: POST /session/fd95c45ccda87168f56760c12bc05b9d/element - {"using":"xpath","value":"//span[contains(@id ,\"application-billingtransfer-display-component---billingWorkbench--smartTableBillingRuns-header-inner\")]"}
RESULT: {"using":"xpath","value":"//span[contains(@id ,\"application-billingtransfer-display-component---billingWorkbench--smartTableBillingRuns-header-inner\")]"}
COMMAND: POST /session/fd95c45ccda87168f56760c12bc05b9d/elements - {"using":"xpath","value":"//span[contains(@id ,\"application-billingtransfer-display-component---billingWorkbench--smartTableBillingRuns-header-inner\")]"}
RESULT: {"using":"xpath","value":"//span[contains(@id ,\"application-billingtransfer-display-component---billingWorkbench--smartTableBillingRuns-header-inner\")]"}
COMMAND: POST /session/fd95c45ccda87168f56760c12bc05b9d/execute/sync - {"script":"<script> [56 bytes]","args":[{"element-6066-11e4-a52e-4f735466cecf":"f.1202D19FA9159A4DFC5EAE9C490348A6.d.230E2F81C740F6AC1838C8CCB19B8A42.e.16797","ELEMENT":"f.1202D19FA9159A4DFC5EAE9C490348A6.d.230E2F81C740F6AC1838C8CCB19B8A42.e.16797"}]}
RESULT: {"script":"<script> [56 bytes]","args":[{"element-6066-11e4-a52e-4f735466cecf":"f.1202D19FA9159A4DFC5EAE9C490348A6.d.230E2F81C740F6AC1838C8CCB19B8A42.e.16797","ELEMENT":"f.1202D19FA9159A4DFC5EAE9C490348A6.d.230E2F81C740F6AC1838C8CCB19B8A42.e.16797"}]}
COMMAND: POST /session/fd95c45ccda87168f56760c12bc05b9d/element - {"using":"css selector","value":"#shell-header-logo"}
COMMAND: GET /session/fd95c45ccda87168f56760c12bc05b9d/screenshot - {}
RESULT: {"using":"css selector","value":"#shell-header-logo"}
COMMAND: POST /session/fd95c45ccda87168f56760c12bc05b9d/element/f.1202D19FA9159A4DFC5EAE9C490348A6.d.230E2F81C740F6AC1838C8CCB19B8A42.e.16646/click - {}
RESULT: {}
RESULT: {}
COMMAND: GET /session/fd95c45ccda87168f56760c12bc05b9d/screenshot - {}
RESULT: {}
COMMAND: DELETE /session/fd95c45ccda87168f56760c12bc05b9d - {}
RESULT: {}
]]></system-out>
    </testcase>
  </testsuite>
</testsuites>