<?xml version="1.0" encoding="UTF-8"?>
<testsuites tests="21" failures="1" errors="1" skipped="0">
  <testsuite timestamp="2025-06-12T15:58:53" time="61.074" tests="16" failures="0" errors="0" skipped="0">
    <properties>
      <property name="specId" value="0" />
      <property name="suiteName" value="Configure System - Interfaces US132253" />
      <property name="capabilities" value="chrome.137_0_7151_69.windows" />
      <property name="file" value="file:///D:/a/1/s/test/specs/TECH/configure-system-endpoints.spec.js" />
    </properties>
    <testcase classname="chrome.137_0_7151_69.windows.Configure_System_-_Interfaces_US132253" name="System should have default destination system setted to S4HP" time="26.735">
      <system-out><![CDATA[
COMMAND: POST /session/2759f398ae6909ecf070b95432d661bb/execute/async - {"script":"<script> [1562 bytes]","args":[{"selector":{"controlType":"sap.m.Text","viewName":"etm.portal.ui.configuresystem.view.Master","properties":{"text":"1 table filter active: Type"}},"wdio_ui5_key":"etmportal.ui.configuresystem.view.Mastersap.m.Text{\"text\":\"1 table filter active: Type\"}"}]}
RESULT: {"script":"<script> [1562 bytes]","args":[{"selector":{"controlType":"sap.m.Text","viewName":"etm.portal.ui.configuresystem.view.Master","properties":{"text":"1 table filter active: Type"}},"wdio_ui5_key":"etmportal.ui.configuresystem.view.Mastersap.m.Text{\"text\":\"1 table filter active: Type\"}"}]}
RESULT: undefined
COMMAND: POST /session/2759f398ae6909ecf070b95432d661bb/execute/async - {"script":"<script> [1562 bytes]","args":[{"selector":{"controlType":"sap.m.Text","viewName":"etm.portal.ui.configuresystem.view.Master","properties":{"text":"S12_S4HC"}},"wdio_ui5_key":"etmportal.ui.configuresystem.view.Mastersap.m.Text{\"text\":\"S12_S4HC\"}"}]}
RESULT: {"script":"<script> [1562 bytes]","args":[{"selector":{"controlType":"sap.m.Text","viewName":"etm.portal.ui.configuresystem.view.Master","properties":{"text":"S12_S4HC"}},"wdio_ui5_key":"etmportal.ui.configuresystem.view.Mastersap.m.Text{\"text\":\"S12_S4HC\"}"}]}
RESULT: undefined
COMMAND: POST /session/2759f398ae6909ecf070b95432d661bb/execute/async - {"script":"<script> [6424 bytes]","args":[{"element-6066-11e4-a52e-4f735466cecf":"f.C8E988D017B61114C3524FC91E13D13B.d.F835FC21B4EFE9F9D27263868F8EC56E.e.133"},"getText",[]]}
RESULT: {"script":"<script> [6424 bytes]","args":[{"element-6066-11e4-a52e-4f735466cecf":"f.C8E988D017B61114C3524FC91E13D13B.d.F835FC21B4EFE9F9D27263868F8EC56E.e.133"},"getText",[]]}
COMMAND: POST /session/2759f398ae6909ecf070b95432d661bb/execute/async - {"script":"<script> [1562 bytes]","args":[{"selector":{"controlType":"sap.m.Button","viewName":"etm.portal.ui.configuresystem.view.Master","properties":{"text":"Endpoints"},"interaction":{"idSuffix":"BDI-content"}},"wdio_ui5_key":"etmportal.ui.configuresystem.view.Mastersap.m.Button{\"text\":\"Endpoints\"}"}]}
RESULT: {"script":"<script> [1562 bytes]","args":[{"selector":{"controlType":"sap.m.Button","viewName":"etm.portal.ui.configuresystem.view.Master","properties":{"text":"Endpoints"},"interaction":{"idSuffix":"BDI-content"}},"wdio_ui5_key":"etmportal.ui.configuresystem.view.Mastersap.m.Button{\"text\":\"Endpoints\"}"}]}
RESULT: undefined
COMMAND: POST /session/2759f398ae6909ecf070b95432d661bb/element - {"using":"xpath","value":"//*[@id=\"__xmlview59--ObjectPageLayout-anchBar-__xmlview59--endpointsSection-anchor\"]"}
RESULT: {"using":"xpath","value":"//*[@id=\"__xmlview59--ObjectPageLayout-anchBar-__xmlview59--endpointsSection-anchor\"]"}
COMMAND: POST /session/2759f398ae6909ecf070b95432d661bb/element/f.C8E988D017B61114C3524FC91E13D13B.d.F835FC21B4EFE9F9D27263868F8EC56E.e.135/click - {}
RESULT: {}
]]></system-out>
    </testcase>
    <testcase classname="chrome.137_0_7151_69.windows.Configure_System_-_Interfaces_US132253" name="Validate Asset endpoint connection status to Success" time="4.375">
      <system-out><![CDATA[
COMMAND: POST /session/2759f398ae6909ecf070b95432d661bb/execute/async - {"script":"<script> [1562 bytes]","args":[{"selector":{"controlType":"sap.m.Button","viewName":"etm.portal.ui.configuresystem.view.Master","bindingPath":{"path":"/EndpointsWithStatus('Asset')","propertyPath":"STATUS_TEXT"},"interaction":{"idSuffix":"BDI-content"}},"wdio_ui5_key":"etmportal.ui.configuresystem.view.Mastersap.m.Button{\"path\":\"/EndpointsWithStatus('Asset')\",\"propertyPath\":\"STATUS_TEXT\"}"}]}
COMMAND: GET /session/2759f398ae6909ecf070b95432d661bb/screenshot - {}
RESULT: {"script":"<script> [1562 bytes]","args":[{"selector":{"controlType":"sap.m.Button","viewName":"etm.portal.ui.configuresystem.view.Master","bindingPath":{"path":"/EndpointsWithStatus('Asset')","propertyPath":"STATUS_TEXT"},"interaction":{"idSuffix":"BDI-content"}},"wdio_ui5_key":"etmportal.ui.configuresystem.view.Mastersap.m.Button{\"path\":\"/EndpointsWithStatus('Asset')\",\"propertyPath\":\"STATUS_TEXT\"}"}]}
RESULT: undefined
COMMAND: POST /session/2759f398ae6909ecf070b95432d661bb/execute/async - {"script":"<script> [6424 bytes]","args":[{"element-6066-11e4-a52e-4f735466cecf":"f.C8E988D017B61114C3524FC91E13D13B.d.F835FC21B4EFE9F9D27263868F8EC56E.e.202"},"getText",[]]}
RESULT: {}
RESULT: {"script":"<script> [6424 bytes]","args":[{"element-6066-11e4-a52e-4f735466cecf":"f.C8E988D017B61114C3524FC91E13D13B.d.F835FC21B4EFE9F9D27263868F8EC56E.e.202"},"getText",[]]}
]]></system-out>
    </testcase>
    <testcase classname="chrome.137_0_7151_69.windows.Configure_System_-_Interfaces_US132253" name="Validate Equipment endpoint connection status to Success" time="0.97">
      <system-out><![CDATA[
COMMAND: POST /session/2759f398ae6909ecf070b95432d661bb/execute/async - {"script":"<script> [1562 bytes]","args":[{"selector":{"controlType":"sap.m.Button","viewName":"etm.portal.ui.configuresystem.view.Master","bindingPath":{"path":"/EndpointsWithStatus('Equipment')","propertyPath":"STATUS_TEXT"},"interaction":{"idSuffix":"BDI-content"}},"wdio_ui5_key":"etmportal.ui.configuresystem.view.Mastersap.m.Button{\"path\":\"/EndpointsWithStatus('Equipment')\",\"propertyPath\":\"STATUS_TEXT\"}"}]}
RESULT: {"script":"<script> [1562 bytes]","args":[{"selector":{"controlType":"sap.m.Button","viewName":"etm.portal.ui.configuresystem.view.Master","bindingPath":{"path":"/EndpointsWithStatus('Equipment')","propertyPath":"STATUS_TEXT"},"interaction":{"idSuffix":"BDI-content"}},"wdio_ui5_key":"etmportal.ui.configuresystem.view.Mastersap.m.Button{\"path\":\"/EndpointsWithStatus('Equipment')\",\"propertyPath\":\"STATUS_TEXT\"}"}]}
RESULT: undefined
COMMAND: POST /session/2759f398ae6909ecf070b95432d661bb/execute/async - {"script":"<script> [6424 bytes]","args":[{"element-6066-11e4-a52e-4f735466cecf":"f.C8E988D017B61114C3524FC91E13D13B.d.F835FC21B4EFE9F9D27263868F8EC56E.e.203"},"getText",[]]}
RESULT: {"script":"<script> [6424 bytes]","args":[{"element-6066-11e4-a52e-4f735466cecf":"f.C8E988D017B61114C3524FC91E13D13B.d.F835FC21B4EFE9F9D27263868F8EC56E.e.203"},"getText",[]]}
]]></system-out>
    </testcase>
    <testcase classname="chrome.137_0_7151_69.windows.Configure_System_-_Interfaces_US132253" name="Validate BillingAndGoodsMvmt endpoint connection status to Success" time="1.089">
      <system-out><![CDATA[
COMMAND: POST /session/2759f398ae6909ecf070b95432d661bb/execute/async - {"script":"<script> [1562 bytes]","args":[{"selector":{"controlType":"sap.m.Button","viewName":"etm.portal.ui.configuresystem.view.Master","bindingPath":{"path":"/EndpointsWithStatus('BillingAndGoodsMvmt')","propertyPath":"STATUS_TEXT"},"interaction":{"idSuffix":"BDI-content"}},"wdio_ui5_key":"etmportal.ui.configuresystem.view.Mastersap.m.Button{\"path\":\"/EndpointsWithStatus('BillingAndGoodsMvmt')\",\"propertyPath\":\"STATUS_TEXT\"}"}]}
RESULT: {"script":"<script> [1562 bytes]","args":[{"selector":{"controlType":"sap.m.Button","viewName":"etm.portal.ui.configuresystem.view.Master","bindingPath":{"path":"/EndpointsWithStatus('BillingAndGoodsMvmt')","propertyPath":"STATUS_TEXT"},"interaction":{"idSuffix":"BDI-content"}},"wdio_ui5_key":"etmportal.ui.configuresystem.view.Mastersap.m.Button{\"path\":\"/EndpointsWithStatus('BillingAndGoodsMvmt')\",\"propertyPath\":\"STATUS_TEXT\"}"}]}
RESULT: undefined
COMMAND: POST /session/2759f398ae6909ecf070b95432d661bb/execute/async - {"script":"<script> [6424 bytes]","args":[{"element-6066-11e4-a52e-4f735466cecf":"f.C8E988D017B61114C3524FC91E13D13B.d.F835FC21B4EFE9F9D27263868F8EC56E.e.204"},"getText",[]]}
RESULT: {"script":"<script> [6424 bytes]","args":[{"element-6066-11e4-a52e-4f735466cecf":"f.C8E988D017B61114C3524FC91E13D13B.d.F835FC21B4EFE9F9D27263868F8EC56E.e.204"},"getText",[]]}
]]></system-out>
    </testcase>
    <testcase classname="chrome.137_0_7151_69.windows.Configure_System_-_Interfaces_US132253" name="Validate CompanyCode endpoint connection status to Success" time="0.968">
      <system-out><![CDATA[
COMMAND: POST /session/2759f398ae6909ecf070b95432d661bb/execute/async - {"script":"<script> [1562 bytes]","args":[{"selector":{"controlType":"sap.m.Button","viewName":"etm.portal.ui.configuresystem.view.Master","bindingPath":{"path":"/EndpointsWithStatus('CompanyCode')","propertyPath":"STATUS_TEXT"},"interaction":{"idSuffix":"BDI-content"}},"wdio_ui5_key":"etmportal.ui.configuresystem.view.Mastersap.m.Button{\"path\":\"/EndpointsWithStatus('CompanyCode')\",\"propertyPath\":\"STATUS_TEXT\"}"}]}
RESULT: {"script":"<script> [1562 bytes]","args":[{"selector":{"controlType":"sap.m.Button","viewName":"etm.portal.ui.configuresystem.view.Master","bindingPath":{"path":"/EndpointsWithStatus('CompanyCode')","propertyPath":"STATUS_TEXT"},"interaction":{"idSuffix":"BDI-content"}},"wdio_ui5_key":"etmportal.ui.configuresystem.view.Mastersap.m.Button{\"path\":\"/EndpointsWithStatus('CompanyCode')\",\"propertyPath\":\"STATUS_TEXT\"}"}]}
RESULT: undefined
COMMAND: POST /session/2759f398ae6909ecf070b95432d661bb/execute/async - {"script":"<script> [6424 bytes]","args":[{"element-6066-11e4-a52e-4f735466cecf":"f.C8E988D017B61114C3524FC91E13D13B.d.F835FC21B4EFE9F9D27263868F8EC56E.e.205"},"getText",[]]}
RESULT: {"script":"<script> [6424 bytes]","args":[{"element-6066-11e4-a52e-4f735466cecf":"f.C8E988D017B61114C3524FC91E13D13B.d.F835FC21B4EFE9F9D27263868F8EC56E.e.205"},"getText",[]]}
]]></system-out>
    </testcase>
    <testcase classname="chrome.137_0_7151_69.windows.Configure_System_-_Interfaces_US132253" name="Validate CostCenter endpoint connection status to Success" time="0.968">
      <system-out><![CDATA[
COMMAND: POST /session/2759f398ae6909ecf070b95432d661bb/execute/async - {"script":"<script> [1562 bytes]","args":[{"selector":{"controlType":"sap.m.Button","viewName":"etm.portal.ui.configuresystem.view.Master","bindingPath":{"path":"/EndpointsWithStatus('CostCenter')","propertyPath":"STATUS_TEXT"},"interaction":{"idSuffix":"BDI-content"}},"wdio_ui5_key":"etmportal.ui.configuresystem.view.Mastersap.m.Button{\"path\":\"/EndpointsWithStatus('CostCenter')\",\"propertyPath\":\"STATUS_TEXT\"}"}]}
RESULT: {"script":"<script> [1562 bytes]","args":[{"selector":{"controlType":"sap.m.Button","viewName":"etm.portal.ui.configuresystem.view.Master","bindingPath":{"path":"/EndpointsWithStatus('CostCenter')","propertyPath":"STATUS_TEXT"},"interaction":{"idSuffix":"BDI-content"}},"wdio_ui5_key":"etmportal.ui.configuresystem.view.Mastersap.m.Button{\"path\":\"/EndpointsWithStatus('CostCenter')\",\"propertyPath\":\"STATUS_TEXT\"}"}]}
RESULT: undefined
COMMAND: POST /session/2759f398ae6909ecf070b95432d661bb/execute/async - {"script":"<script> [6424 bytes]","args":[{"element-6066-11e4-a52e-4f735466cecf":"f.C8E988D017B61114C3524FC91E13D13B.d.F835FC21B4EFE9F9D27263868F8EC56E.e.206"},"getText",[]]}
RESULT: {"script":"<script> [6424 bytes]","args":[{"element-6066-11e4-a52e-4f735466cecf":"f.C8E988D017B61114C3524FC91E13D13B.d.F835FC21B4EFE9F9D27263868F8EC56E.e.206"},"getText",[]]}
]]></system-out>
    </testcase>
    <testcase classname="chrome.137_0_7151_69.windows.Configure_System_-_Interfaces_US132253" name="Validate ExternalCustomer endpoint connection status to Success" time="0.995">
      <system-out><![CDATA[
COMMAND: POST /session/2759f398ae6909ecf070b95432d661bb/execute/async - {"script":"<script> [1562 bytes]","args":[{"selector":{"controlType":"sap.m.Button","viewName":"etm.portal.ui.configuresystem.view.Master","bindingPath":{"path":"/EndpointsWithStatus('ExternalCustomer')","propertyPath":"STATUS_TEXT"},"interaction":{"idSuffix":"BDI-content"}},"wdio_ui5_key":"etmportal.ui.configuresystem.view.Mastersap.m.Button{\"path\":\"/EndpointsWithStatus('ExternalCustomer')\",\"propertyPath\":\"STATUS_TEXT\"}"}]}
RESULT: {"script":"<script> [1562 bytes]","args":[{"selector":{"controlType":"sap.m.Button","viewName":"etm.portal.ui.configuresystem.view.Master","bindingPath":{"path":"/EndpointsWithStatus('ExternalCustomer')","propertyPath":"STATUS_TEXT"},"interaction":{"idSuffix":"BDI-content"}},"wdio_ui5_key":"etmportal.ui.configuresystem.view.Mastersap.m.Button{\"path\":\"/EndpointsWithStatus('ExternalCustomer')\",\"propertyPath\":\"STATUS_TEXT\"}"}]}
RESULT: undefined
COMMAND: POST /session/2759f398ae6909ecf070b95432d661bb/execute/async - {"script":"<script> [6424 bytes]","args":[{"element-6066-11e4-a52e-4f735466cecf":"f.C8E988D017B61114C3524FC91E13D13B.d.F835FC21B4EFE9F9D27263868F8EC56E.e.207"},"getText",[]]}
RESULT: {"script":"<script> [6424 bytes]","args":[{"element-6066-11e4-a52e-4f735466cecf":"f.C8E988D017B61114C3524FC91E13D13B.d.F835FC21B4EFE9F9D27263868F8EC56E.e.207"},"getText",[]]}
]]></system-out>
    </testcase>
    <testcase classname="chrome.137_0_7151_69.windows.Configure_System_-_Interfaces_US132253" name="Validate InternalOrder endpoint connection status to Success" time="0.979">
      <system-out><![CDATA[
COMMAND: POST /session/2759f398ae6909ecf070b95432d661bb/execute/async - {"script":"<script> [1562 bytes]","args":[{"selector":{"controlType":"sap.m.Button","viewName":"etm.portal.ui.configuresystem.view.Master","bindingPath":{"path":"/EndpointsWithStatus('InternalOrder')","propertyPath":"STATUS_TEXT"},"interaction":{"idSuffix":"BDI-content"}},"wdio_ui5_key":"etmportal.ui.configuresystem.view.Mastersap.m.Button{\"path\":\"/EndpointsWithStatus('InternalOrder')\",\"propertyPath\":\"STATUS_TEXT\"}"}]}
RESULT: {"script":"<script> [1562 bytes]","args":[{"selector":{"controlType":"sap.m.Button","viewName":"etm.portal.ui.configuresystem.view.Master","bindingPath":{"path":"/EndpointsWithStatus('InternalOrder')","propertyPath":"STATUS_TEXT"},"interaction":{"idSuffix":"BDI-content"}},"wdio_ui5_key":"etmportal.ui.configuresystem.view.Mastersap.m.Button{\"path\":\"/EndpointsWithStatus('InternalOrder')\",\"propertyPath\":\"STATUS_TEXT\"}"}]}
RESULT: undefined
COMMAND: POST /session/2759f398ae6909ecf070b95432d661bb/execute/async - {"script":"<script> [6424 bytes]","args":[{"element-6066-11e4-a52e-4f735466cecf":"f.C8E988D017B61114C3524FC91E13D13B.d.F835FC21B4EFE9F9D27263868F8EC56E.e.208"},"getText",[]]}
RESULT: {"script":"<script> [6424 bytes]","args":[{"element-6066-11e4-a52e-4f735466cecf":"f.C8E988D017B61114C3524FC91E13D13B.d.F835FC21B4EFE9F9D27263868F8EC56E.e.208"},"getText",[]]}
]]></system-out>
    </testcase>
    <testcase classname="chrome.137_0_7151_69.windows.Configure_System_-_Interfaces_US132253" name="Validate MaintenanceOrder endpoint connection status to Success" time="1.126">
      <system-out><![CDATA[
COMMAND: POST /session/2759f398ae6909ecf070b95432d661bb/execute/async - {"script":"<script> [1562 bytes]","args":[{"selector":{"controlType":"sap.m.Button","viewName":"etm.portal.ui.configuresystem.view.Master","bindingPath":{"path":"/EndpointsWithStatus('MaintenanceOrder')","propertyPath":"STATUS_TEXT"},"interaction":{"idSuffix":"BDI-content"}},"wdio_ui5_key":"etmportal.ui.configuresystem.view.Mastersap.m.Button{\"path\":\"/EndpointsWithStatus('MaintenanceOrder')\",\"propertyPath\":\"STATUS_TEXT\"}"}]}
RESULT: {"script":"<script> [1562 bytes]","args":[{"selector":{"controlType":"sap.m.Button","viewName":"etm.portal.ui.configuresystem.view.Master","bindingPath":{"path":"/EndpointsWithStatus('MaintenanceOrder')","propertyPath":"STATUS_TEXT"},"interaction":{"idSuffix":"BDI-content"}},"wdio_ui5_key":"etmportal.ui.configuresystem.view.Mastersap.m.Button{\"path\":\"/EndpointsWithStatus('MaintenanceOrder')\",\"propertyPath\":\"STATUS_TEXT\"}"}]}
RESULT: undefined
COMMAND: POST /session/2759f398ae6909ecf070b95432d661bb/execute/async - {"script":"<script> [6424 bytes]","args":[{"element-6066-11e4-a52e-4f735466cecf":"f.C8E988D017B61114C3524FC91E13D13B.d.F835FC21B4EFE9F9D27263868F8EC56E.e.209"},"getText",[]]}
RESULT: {"script":"<script> [6424 bytes]","args":[{"element-6066-11e4-a52e-4f735466cecf":"f.C8E988D017B61114C3524FC91E13D13B.d.F835FC21B4EFE9F9D27263868F8EC56E.e.209"},"getText",[]]}
]]></system-out>
    </testcase>
    <testcase classname="chrome.137_0_7151_69.windows.Configure_System_-_Interfaces_US132253" name="Validate Material endpoint connection status to Success" time="0.982">
      <system-out><![CDATA[
COMMAND: POST /session/2759f398ae6909ecf070b95432d661bb/execute/async - {"script":"<script> [1562 bytes]","args":[{"selector":{"controlType":"sap.m.Button","viewName":"etm.portal.ui.configuresystem.view.Master","bindingPath":{"path":"/EndpointsWithStatus('Material')","propertyPath":"STATUS_TEXT"},"interaction":{"idSuffix":"BDI-content"}},"wdio_ui5_key":"etmportal.ui.configuresystem.view.Mastersap.m.Button{\"path\":\"/EndpointsWithStatus('Material')\",\"propertyPath\":\"STATUS_TEXT\"}"}]}
RESULT: {"script":"<script> [1562 bytes]","args":[{"selector":{"controlType":"sap.m.Button","viewName":"etm.portal.ui.configuresystem.view.Master","bindingPath":{"path":"/EndpointsWithStatus('Material')","propertyPath":"STATUS_TEXT"},"interaction":{"idSuffix":"BDI-content"}},"wdio_ui5_key":"etmportal.ui.configuresystem.view.Mastersap.m.Button{\"path\":\"/EndpointsWithStatus('Material')\",\"propertyPath\":\"STATUS_TEXT\"}"}]}
RESULT: undefined
COMMAND: POST /session/2759f398ae6909ecf070b95432d661bb/execute/async - {"script":"<script> [6424 bytes]","args":[{"element-6066-11e4-a52e-4f735466cecf":"f.C8E988D017B61114C3524FC91E13D13B.d.F835FC21B4EFE9F9D27263868F8EC56E.e.210"},"getText",[]]}
RESULT: {"script":"<script> [6424 bytes]","args":[{"element-6066-11e4-a52e-4f735466cecf":"f.C8E988D017B61114C3524FC91E13D13B.d.F835FC21B4EFE9F9D27263868F8EC56E.e.210"},"getText",[]]}
]]></system-out>
    </testcase>
    <testcase classname="chrome.137_0_7151_69.windows.Configure_System_-_Interfaces_US132253" name="Validate MeasuringPoint endpoint connection status to Success" time="0.966">
      <system-out><![CDATA[
COMMAND: POST /session/2759f398ae6909ecf070b95432d661bb/execute/async - {"script":"<script> [1562 bytes]","args":[{"selector":{"controlType":"sap.m.Button","viewName":"etm.portal.ui.configuresystem.view.Master","bindingPath":{"path":"/EndpointsWithStatus('MeasuringPoint')","propertyPath":"STATUS_TEXT"},"interaction":{"idSuffix":"BDI-content"}},"wdio_ui5_key":"etmportal.ui.configuresystem.view.Mastersap.m.Button{\"path\":\"/EndpointsWithStatus('MeasuringPoint')\",\"propertyPath\":\"STATUS_TEXT\"}"}]}
RESULT: {"script":"<script> [1562 bytes]","args":[{"selector":{"controlType":"sap.m.Button","viewName":"etm.portal.ui.configuresystem.view.Master","bindingPath":{"path":"/EndpointsWithStatus('MeasuringPoint')","propertyPath":"STATUS_TEXT"},"interaction":{"idSuffix":"BDI-content"}},"wdio_ui5_key":"etmportal.ui.configuresystem.view.Mastersap.m.Button{\"path\":\"/EndpointsWithStatus('MeasuringPoint')\",\"propertyPath\":\"STATUS_TEXT\"}"}]}
RESULT: undefined
COMMAND: POST /session/2759f398ae6909ecf070b95432d661bb/execute/async - {"script":"<script> [6424 bytes]","args":[{"element-6066-11e4-a52e-4f735466cecf":"f.C8E988D017B61114C3524FC91E13D13B.d.F835FC21B4EFE9F9D27263868F8EC56E.e.211"},"getText",[]]}
RESULT: {"script":"<script> [6424 bytes]","args":[{"element-6066-11e4-a52e-4f735466cecf":"f.C8E988D017B61114C3524FC91E13D13B.d.F835FC21B4EFE9F9D27263868F8EC56E.e.211"},"getText",[]]}
]]></system-out>
    </testcase>
    <testcase classname="chrome.137_0_7151_69.windows.Configure_System_-_Interfaces_US132253" name="Validate OutboundDelivery endpoint connection status to Success" time="0.952">
      <system-out><![CDATA[
COMMAND: POST /session/2759f398ae6909ecf070b95432d661bb/execute/async - {"script":"<script> [1562 bytes]","args":[{"selector":{"controlType":"sap.m.Button","viewName":"etm.portal.ui.configuresystem.view.Master","bindingPath":{"path":"/EndpointsWithStatus('OutboundDelivery')","propertyPath":"STATUS_TEXT"},"interaction":{"idSuffix":"BDI-content"}},"wdio_ui5_key":"etmportal.ui.configuresystem.view.Mastersap.m.Button{\"path\":\"/EndpointsWithStatus('OutboundDelivery')\",\"propertyPath\":\"STATUS_TEXT\"}"}]}
RESULT: {"script":"<script> [1562 bytes]","args":[{"selector":{"controlType":"sap.m.Button","viewName":"etm.portal.ui.configuresystem.view.Master","bindingPath":{"path":"/EndpointsWithStatus('OutboundDelivery')","propertyPath":"STATUS_TEXT"},"interaction":{"idSuffix":"BDI-content"}},"wdio_ui5_key":"etmportal.ui.configuresystem.view.Mastersap.m.Button{\"path\":\"/EndpointsWithStatus('OutboundDelivery')\",\"propertyPath\":\"STATUS_TEXT\"}"}]}
RESULT: undefined
COMMAND: POST /session/2759f398ae6909ecf070b95432d661bb/execute/async - {"script":"<script> [6424 bytes]","args":[{"element-6066-11e4-a52e-4f735466cecf":"f.C8E988D017B61114C3524FC91E13D13B.d.F835FC21B4EFE9F9D27263868F8EC56E.e.212"},"getText",[]]}
RESULT: {"script":"<script> [6424 bytes]","args":[{"element-6066-11e4-a52e-4f735466cecf":"f.C8E988D017B61114C3524FC91E13D13B.d.F835FC21B4EFE9F9D27263868F8EC56E.e.212"},"getText",[]]}
]]></system-out>
    </testcase>
    <testcase classname="chrome.137_0_7151_69.windows.Configure_System_-_Interfaces_US132253" name="Validate PurchaseRequisition endpoint connection status to Success" time="0.974">
      <system-out><![CDATA[
COMMAND: POST /session/2759f398ae6909ecf070b95432d661bb/execute/async - {"script":"<script> [1562 bytes]","args":[{"selector":{"controlType":"sap.m.Button","viewName":"etm.portal.ui.configuresystem.view.Master","bindingPath":{"path":"/EndpointsWithStatus('PurchaseRequisition')","propertyPath":"STATUS_TEXT"},"interaction":{"idSuffix":"BDI-content"}},"wdio_ui5_key":"etmportal.ui.configuresystem.view.Mastersap.m.Button{\"path\":\"/EndpointsWithStatus('PurchaseRequisition')\",\"propertyPath\":\"STATUS_TEXT\"}"}]}
RESULT: {"script":"<script> [1562 bytes]","args":[{"selector":{"controlType":"sap.m.Button","viewName":"etm.portal.ui.configuresystem.view.Master","bindingPath":{"path":"/EndpointsWithStatus('PurchaseRequisition')","propertyPath":"STATUS_TEXT"},"interaction":{"idSuffix":"BDI-content"}},"wdio_ui5_key":"etmportal.ui.configuresystem.view.Mastersap.m.Button{\"path\":\"/EndpointsWithStatus('PurchaseRequisition')\",\"propertyPath\":\"STATUS_TEXT\"}"}]}
RESULT: undefined
COMMAND: POST /session/2759f398ae6909ecf070b95432d661bb/execute/async - {"script":"<script> [6424 bytes]","args":[{"element-6066-11e4-a52e-4f735466cecf":"f.C8E988D017B61114C3524FC91E13D13B.d.F835FC21B4EFE9F9D27263868F8EC56E.e.213"},"getText",[]]}
RESULT: {"script":"<script> [6424 bytes]","args":[{"element-6066-11e4-a52e-4f735466cecf":"f.C8E988D017B61114C3524FC91E13D13B.d.F835FC21B4EFE9F9D27263868F8EC56E.e.213"},"getText",[]]}
]]></system-out>
    </testcase>
    <testcase classname="chrome.137_0_7151_69.windows.Configure_System_-_Interfaces_US132253" name="Validate PurchaseRequisitionProcess endpoint connection status to Success" time="0.963">
      <system-out><![CDATA[
COMMAND: POST /session/2759f398ae6909ecf070b95432d661bb/execute/async - {"script":"<script> [1562 bytes]","args":[{"selector":{"controlType":"sap.m.Button","viewName":"etm.portal.ui.configuresystem.view.Master","bindingPath":{"path":"/EndpointsWithStatus('PurchaseRequisitionProcess')","propertyPath":"STATUS_TEXT"},"interaction":{"idSuffix":"BDI-content"}},"wdio_ui5_key":"etmportal.ui.configuresystem.view.Mastersap.m.Button{\"path\":\"/EndpointsWithStatus('PurchaseRequisitionProcess')\",\"propertyPath\":\"STATUS_TEXT\"}"}]}
RESULT: {"script":"<script> [1562 bytes]","args":[{"selector":{"controlType":"sap.m.Button","viewName":"etm.portal.ui.configuresystem.view.Master","bindingPath":{"path":"/EndpointsWithStatus('PurchaseRequisitionProcess')","propertyPath":"STATUS_TEXT"},"interaction":{"idSuffix":"BDI-content"}},"wdio_ui5_key":"etmportal.ui.configuresystem.view.Mastersap.m.Button{\"path\":\"/EndpointsWithStatus('PurchaseRequisitionProcess')\",\"propertyPath\":\"STATUS_TEXT\"}"}]}
RESULT: undefined
COMMAND: POST /session/2759f398ae6909ecf070b95432d661bb/execute/async - {"script":"<script> [6424 bytes]","args":[{"element-6066-11e4-a52e-4f735466cecf":"f.C8E988D017B61114C3524FC91E13D13B.d.F835FC21B4EFE9F9D27263868F8EC56E.e.214"},"getText",[]]}
RESULT: {"script":"<script> [6424 bytes]","args":[{"element-6066-11e4-a52e-4f735466cecf":"f.C8E988D017B61114C3524FC91E13D13B.d.F835FC21B4EFE9F9D27263868F8EC56E.e.214"},"getText",[]]}
]]></system-out>
    </testcase>
    <testcase classname="chrome.137_0_7151_69.windows.Configure_System_-_Interfaces_US132253" name="Validate Vendor endpoint connection status to Success" time="1.006">
      <system-out><![CDATA[
COMMAND: POST /session/2759f398ae6909ecf070b95432d661bb/execute/async - {"script":"<script> [1562 bytes]","args":[{"selector":{"controlType":"sap.m.Button","viewName":"etm.portal.ui.configuresystem.view.Master","bindingPath":{"path":"/EndpointsWithStatus('Vendor')","propertyPath":"STATUS_TEXT"},"interaction":{"idSuffix":"BDI-content"}},"wdio_ui5_key":"etmportal.ui.configuresystem.view.Mastersap.m.Button{\"path\":\"/EndpointsWithStatus('Vendor')\",\"propertyPath\":\"STATUS_TEXT\"}"}]}
RESULT: {"script":"<script> [1562 bytes]","args":[{"selector":{"controlType":"sap.m.Button","viewName":"etm.portal.ui.configuresystem.view.Master","bindingPath":{"path":"/EndpointsWithStatus('Vendor')","propertyPath":"STATUS_TEXT"},"interaction":{"idSuffix":"BDI-content"}},"wdio_ui5_key":"etmportal.ui.configuresystem.view.Mastersap.m.Button{\"path\":\"/EndpointsWithStatus('Vendor')\",\"propertyPath\":\"STATUS_TEXT\"}"}]}
RESULT: undefined
COMMAND: POST /session/2759f398ae6909ecf070b95432d661bb/execute/async - {"script":"<script> [6424 bytes]","args":[{"element-6066-11e4-a52e-4f735466cecf":"f.C8E988D017B61114C3524FC91E13D13B.d.F835FC21B4EFE9F9D27263868F8EC56E.e.215"},"getText",[]]}
RESULT: {"script":"<script> [6424 bytes]","args":[{"element-6066-11e4-a52e-4f735466cecf":"f.C8E988D017B61114C3524FC91E13D13B.d.F835FC21B4EFE9F9D27263868F8EC56E.e.215"},"getText",[]]}
]]></system-out>
    </testcase>
    <testcase classname="chrome.137_0_7151_69.windows.Configure_System_-_Interfaces_US132253" name="Validate WBSElement endpoint connection status to Success" time="1.049">
      <system-out><![CDATA[
COMMAND: POST /session/2759f398ae6909ecf070b95432d661bb/execute/async - {"script":"<script> [1562 bytes]","args":[{"selector":{"controlType":"sap.m.Button","viewName":"etm.portal.ui.configuresystem.view.Master","bindingPath":{"path":"/EndpointsWithStatus('WBSElement')","propertyPath":"STATUS_TEXT"},"interaction":{"idSuffix":"BDI-content"}},"wdio_ui5_key":"etmportal.ui.configuresystem.view.Mastersap.m.Button{\"path\":\"/EndpointsWithStatus('WBSElement')\",\"propertyPath\":\"STATUS_TEXT\"}"}]}
RESULT: {"script":"<script> [1562 bytes]","args":[{"selector":{"controlType":"sap.m.Button","viewName":"etm.portal.ui.configuresystem.view.Master","bindingPath":{"path":"/EndpointsWithStatus('WBSElement')","propertyPath":"STATUS_TEXT"},"interaction":{"idSuffix":"BDI-content"}},"wdio_ui5_key":"etmportal.ui.configuresystem.view.Mastersap.m.Button{\"path\":\"/EndpointsWithStatus('WBSElement')\",\"propertyPath\":\"STATUS_TEXT\"}"}]}
RESULT: undefined
COMMAND: POST /session/2759f398ae6909ecf070b95432d661bb/execute/async - {"script":"<script> [6424 bytes]","args":[{"element-6066-11e4-a52e-4f735466cecf":"f.C8E988D017B61114C3524FC91E13D13B.d.F835FC21B4EFE9F9D27263868F8EC56E.e.216"},"getText",[]]}
RESULT: {"script":"<script> [6424 bytes]","args":[{"element-6066-11e4-a52e-4f735466cecf":"f.C8E988D017B61114C3524FC91E13D13B.d.F835FC21B4EFE9F9D27263868F8EC56E.e.216"},"getText",[]]}
COMMAND: POST /session/2759f398ae6909ecf070b95432d661bb/element - {"using":"css selector","value":"#j_username"}
COMMAND: POST /session/2759f398ae6909ecf070b95432d661bb/url - {"url":"https://qa-testing-00-live-etm-ui.cfapps.eu10-004.hana.ondemand.com/"}
RESULT: {"using":"css selector","value":"#j_username"}
COMMAND: POST /session/2759f398ae6909ecf070b95432d661bb/element - {"using":"css selector","value":"#j_username"}
RESULT: {"url":"https://qa-testing-00-live-etm-ui.cfapps.eu10-004.hana.ondemand.com/"}
RESULT: undefined
COMMAND: GET /session/2759f398ae6909ecf070b95432d661bb/screenshot - {}
RESULT: {"using":"css selector","value":"#j_username"}
COMMAND: POST /session/2759f398ae6909ecf070b95432d661bb/element - {"using":"css selector","value":"#shell-header-logo"}
RESULT: {}
RESULT: {"using":"css selector","value":"#shell-header-logo"}
COMMAND: POST /session/2759f398ae6909ecf070b95432d661bb/execute/sync - {"script":"<script> [8489 bytes]","args":[{"element-6066-11e4-a52e-4f735466cecf":"f.C8E988D017B61114C3524FC91E13D13B.d.A97D668A47C3C682477CD378A9E94CC3.e.225","ELEMENT":"f.C8E988D017B61114C3524FC91E13D13B.d.A97D668A47C3C682477CD378A9E94CC3.e.225"}]}
RESULT: {"script":"<script> [8489 bytes]","args":[{"element-6066-11e4-a52e-4f735466cecf":"f.C8E988D017B61114C3524FC91E13D13B.d.A97D668A47C3C682477CD378A9E94CC3.e.225","ELEMENT":"f.C8E988D017B61114C3524FC91E13D13B.d.A97D668A47C3C682477CD378A9E94CC3.e.225"}]}
COMMAND: POST /session/2759f398ae6909ecf070b95432d661bb/element - {"using":"css selector","value":"#shell-header-logo"}
COMMAND: GET /session/2759f398ae6909ecf070b95432d661bb/screenshot - {}
RESULT: {"using":"css selector","value":"#shell-header-logo"}
COMMAND: POST /session/2759f398ae6909ecf070b95432d661bb/execute/sync - {"script":"<script> [8489 bytes]","args":[{"element-6066-11e4-a52e-4f735466cecf":"f.C8E988D017B61114C3524FC91E13D13B.d.A97D668A47C3C682477CD378A9E94CC3.e.225","ELEMENT":"f.C8E988D017B61114C3524FC91E13D13B.d.A97D668A47C3C682477CD378A9E94CC3.e.225"}]}
RESULT: {}
RESULT: {"script":"<script> [8489 bytes]","args":[{"element-6066-11e4-a52e-4f735466cecf":"f.C8E988D017B61114C3524FC91E13D13B.d.A97D668A47C3C682477CD378A9E94CC3.e.225","ELEMENT":"f.C8E988D017B61114C3524FC91E13D13B.d.A97D668A47C3C682477CD378A9E94CC3.e.225"}]}
COMMAND: POST /session/2759f398ae6909ecf070b95432d661bb/execute/sync - {"script":"<script> [5351 bytes]","args":[{"element-6066-11e4-a52e-4f735466cecf":"f.C8E988D017B61114C3524FC91E13D13B.d.A97D668A47C3C682477CD378A9E94CC3.e.225","ELEMENT":"f.C8E988D017B61114C3524FC91E13D13B.d.A97D668A47C3C682477CD378A9E94CC3.e.225"}]}
COMMAND: GET /session/2759f398ae6909ecf070b95432d661bb/screenshot - {}
RESULT: {"script":"<script> [5351 bytes]","args":[{"element-6066-11e4-a52e-4f735466cecf":"f.C8E988D017B61114C3524FC91E13D13B.d.A97D668A47C3C682477CD378A9E94CC3.e.225","ELEMENT":"f.C8E988D017B61114C3524FC91E13D13B.d.A97D668A47C3C682477CD378A9E94CC3.e.225"}]}
COMMAND: POST /session/2759f398ae6909ecf070b95432d661bb/element - {"using":"css selector","value":"#shell-header-logo"}
COMMAND: GET /session/2759f398ae6909ecf070b95432d661bb/screenshot - {}
RESULT: {}
RESULT: {"using":"css selector","value":"#shell-header-logo"}
COMMAND: POST /session/2759f398ae6909ecf070b95432d661bb/element/f.C8E988D017B61114C3524FC91E13D13B.d.A97D668A47C3C682477CD378A9E94CC3.e.225/click - {}
RESULT: {}
RESULT: {}
COMMAND: GET /session/2759f398ae6909ecf070b95432d661bb/screenshot - {}
RESULT: {}
COMMAND: POST /session/2759f398ae6909ecf070b95432d661bb/execute/async - {"script":"<script> [189 bytes]","args":[]}
RESULT: {"script":"<script> [189 bytes]","args":[]}
COMMAND: POST /session/2759f398ae6909ecf070b95432d661bb/execute/async - {"script":"<script> [123 bytes]","args":[]}
RESULT: {"script":"<script> [123 bytes]","args":[]}
COMMAND: POST /session/2759f398ae6909ecf070b95432d661bb/timeouts - {"script":"<number>"}
RESULT: {"script":"<number>"}
COMMAND: GET /session/2759f398ae6909ecf070b95432d661bb/timeouts - {}
RESULT: {}
RESULT: undefined
COMMAND: POST /session/2759f398ae6909ecf070b95432d661bb/execute/async - {"script":"<script> [2676 bytes]","args":[]}
RESULT: {"script":"<script> [2676 bytes]","args":[]}
COMMAND: POST /session/2759f398ae6909ecf070b95432d661bb/execute/async - {"script":"<script> [2342 bytes]","args":[{"protocol":"http","hostname":"0.0.0.0","path":"/","capabilities":{"browserName":"chrome","goog:chromeOptions":{"binary":"C:\\Program Files\\Google\\Chrome\\Application\\chrome.exe","args":["--start-maximized"]}},"logLevel":"warn","connectionRetryTimeout":120000,"connectionRetryCount":3,"logLevels":{},"enableDirectConnect":true,"strictSSL":true,"_":"65 more keys: [\"cacheDir\",\"port\",\"requestedCapabilities\",\"automationProtocol\",\"baseUrl\",\"waitforInterval\",\"waitforTimeout\",\"onReload\",\"beforeCommand\",\"afterCommand\",\"rootDir\",\"specs\",\"suites\",\"exclude\",\"groupLogsByTestSpec\",\"excludeDriverLogs\",\"bail\",\"framework\",\"reporters\",\"services\",\"maxInstances\",\"maxInstancesPerCapability\",\"injectGlobals\",\"filesToWatch\",\"execArgv\",\"runnerEnv\",\"runner\",\"shard\",\"specFileRetries\",\"specFileRetriesDelay\",\"specFileRetriesDeferred\",\"reporterSyncInterval\",\"reporterSyncTimeout\",\"cucumberFeaturesWithLineNumbers\",\"autoCompileOpts\",\"mochaOpts\",\"jasmineOpts\",\"cucumberOpts\",\"onPrepare\",\"onWorkerStart\",\"onWorkerEnd\",\"before\",\"beforeSession\",\"beforeSuite\",\"beforeHook\",\"beforeTest\",\"afterTest\",\"afterHook\",\"afterSuite\",\"afterSession\",\"after\",\"onComplete\",\"beforeAssertion\",\"afterAssertion\",\"beforeFeature\",\"beforeScenario\",\"beforeStep\",\"afterStep\",\"afterScenario\",\"afterFeature\",\"_\",\"suite\",\"$0\",\"ignoredWorkerServices\",\"wdi5\"]"}]}
RESULT: {"script":"<script> [2342 bytes]","args":[{"protocol":"http","hostname":"0.0.0.0","path":"/","capabilities":{"browserName":"chrome","goog:chromeOptions":{"binary":"C:\\Program Files\\Google\\Chrome\\Application\\chrome.exe","args":["--start-maximized"]}},"logLevel":"warn","connectionRetryTimeout":120000,"connectionRetryCount":3,"logLevels":{},"enableDirectConnect":true,"strictSSL":true,"_":"65 more keys: [\"cacheDir\",\"port\",\"requestedCapabilities\",\"automationProtocol\",\"baseUrl\",\"waitforInterval\",\"waitforTimeout\",\"onReload\",\"beforeCommand\",\"afterCommand\",\"rootDir\",\"specs\",\"suites\",\"exclude\",\"groupLogsByTestSpec\",\"excludeDriverLogs\",\"bail\",\"framework\",\"reporters\",\"services\",\"maxInstances\",\"maxInstancesPerCapability\",\"injectGlobals\",\"filesToWatch\",\"execArgv\",\"runnerEnv\",\"runner\",\"shard\",\"specFileRetries\",\"specFileRetriesDelay\",\"specFileRetriesDeferred\",\"reporterSyncInterval\",\"reporterSyncTimeout\",\"cucumberFeaturesWithLineNumbers\",\"autoCompileOpts\",\"mochaOpts\",\"jasmineOpts\",\"cucumberOpts\",\"onPrepare\",\"onWorkerStart\",\"onWorkerEnd\",\"before\",\"beforeSession\",\"beforeSuite\",\"beforeHook\",\"beforeTest\",\"afterTest\",\"afterHook\",\"afterSuite\",\"afterSession\",\"after\",\"onComplete\",\"beforeAssertion\",\"afterAssertion\",\"beforeFeature\",\"beforeScenario\",\"beforeStep\",\"afterStep\",\"afterScenario\",\"afterFeature\",\"_\",\"suite\",\"$0\",\"ignoredWorkerServices\",\"wdi5\"]"}]}
COMMAND: POST /session/2759f398ae6909ecf070b95432d661bb/execute/async - {"script":"<script> [21126 bytes]","args":[35000]}
RESULT: {"script":"<script> [21126 bytes]","args":[35000]}
COMMAND: POST /session/2759f398ae6909ecf070b95432d661bb/window/maximize - {}
RESULT: {}
COMMAND: POST /session/2759f398ae6909ecf070b95432d661bb/execute/async - {"script":"<script> [1562 bytes]","args":[{"selector":{"id":"shell-header","interaction":{"idSuffix":"icon"}},"wdio_ui5_key":"shellheader"}]}
COMMAND: GET /session/2759f398ae6909ecf070b95432d661bb/screenshot - {}
RESULT: {"script":"<script> [1562 bytes]","args":[{"selector":{"id":"shell-header","interaction":{"idSuffix":"icon"}},"wdio_ui5_key":"shellheader"}]}
RESULT: undefined
COMMAND: POST /session/2759f398ae6909ecf070b95432d661bb/window/maximize - {}
RESULT: {}
RESULT: {}
]]></system-out>
    </testcase>
  </testsuite>
  <testsuite timestamp="2025-06-12T15:59:54" time="184.369" tests="4" failures="1" errors="1" skipped="0">
    <properties>
      <property name="specId" value="0" />
      <property name="suiteName" value="Manage RU: Interfaces Data Check for UI fields US132253" />
      <property name="capabilities" value="chrome.137_0_7151_69.windows" />
      <property name="file" value="file:///D:/a/1/s/test/specs/TECH/ru-interface-data-check.spec.js" />
    </properties>
    <testcase classname="chrome.137_0_7151_69.windows.Manage_RU:_Interfaces_Data_Check_for_UI_fields_US132253" name="Should see data from Equipment interface for Equipment Value Help Field" time="51.677">
      <system-out><![CDATA[
COMMAND: GET /session/2759f398ae6909ecf070b95432d661bb/screenshot - {}
COMMAND: POST /session/2759f398ae6909ecf070b95432d661bb/execute/async - {"script":"<script> [1562 bytes]","args":[{"selector":{"controlType":"sap.m.GenericTile","properties":{"header":"Manage Resources"}},"wdio_ui5_key":"sapm.GenericTile{\"header\":\"Manage Resources\"}"}]}
RESULT: {"script":"<script> [1562 bytes]","args":[{"selector":{"controlType":"sap.m.GenericTile","properties":{"header":"Manage Resources"}},"wdio_ui5_key":"sapm.GenericTile{\"header\":\"Manage Resources\"}"}]}
RESULT: undefined
COMMAND: POST /session/2759f398ae6909ecf070b95432d661bb/element - {"using":"xpath","value":"//*[@id=\"__tile40\"]"}
RESULT: {}
RESULT: {"using":"xpath","value":"//*[@id=\"__tile40\"]"}
COMMAND: POST /session/2759f398ae6909ecf070b95432d661bb/element/f.C8E988D017B61114C3524FC91E13D13B.d.A97D668A47C3C682477CD378A9E94CC3.e.229/click - {}
RESULT: {}
COMMAND: GET /session/2759f398ae6909ecf070b95432d661bb/screenshot - {}
RESULT: {}
COMMAND: POST /session/2759f398ae6909ecf070b95432d661bb/elements - {"using":"xpath","value":"//span[text()='Error']"}
RESULT: {"using":"xpath","value":"//span[text()='Error']"}
COMMAND: POST /session/2759f398ae6909ecf070b95432d661bb/execute/async - {"script":"<script> [1562 bytes]","args":[{"selector":{"controlType":"sap.ui.core.Icon","viewName":"etm.portal.ui.manageresources.view.Master","viewId":"application-manageresources-display-component---masterRU","properties":{"src":{"regex":{"source":"add"}}}},"wdio_ui5_key":"etmportal.ui.manageresources.view.Mastersap.ui.core.Icon{\"src\":{\"regex\":{\"source\":\"add\"}}}"}]}
RESULT: {"script":"<script> [1562 bytes]","args":[{"selector":{"controlType":"sap.ui.core.Icon","viewName":"etm.portal.ui.manageresources.view.Master","viewId":"application-manageresources-display-component---masterRU","properties":{"src":{"regex":{"source":"add"}}}},"wdio_ui5_key":"etmportal.ui.manageresources.view.Mastersap.ui.core.Icon{\"src\":{\"regex\":{\"source\":\"add\"}}}"}]}
RESULT: undefined
COMMAND: POST /session/2759f398ae6909ecf070b95432d661bb/element - {"using":"xpath","value":"//*[@id=\"__button5-img\"]"}
RESULT: {"using":"xpath","value":"//*[@id=\"__button5-img\"]"}
COMMAND: POST /session/2759f398ae6909ecf070b95432d661bb/element/f.C8E988D017B61114C3524FC91E13D13B.d.A97D668A47C3C682477CD378A9E94CC3.e.275/click - {}
RESULT: {}
COMMAND: GET /session/2759f398ae6909ecf070b95432d661bb/screenshot - {}
RESULT: {}
COMMAND: POST /session/2759f398ae6909ecf070b95432d661bb/execute/async - {"script":"<script> [1562 bytes]","args":[{"selector":{"id":"application-manageresources-display-component---newResourceUnit--TYPE","interaction":{"idSuffix":"inner"}},"wdio_ui5_key":"applicationmanageresources-display-component---newResourceUnit--TYPE"}]}
RESULT: {"script":"<script> [1562 bytes]","args":[{"selector":{"id":"application-manageresources-display-component---newResourceUnit--TYPE","interaction":{"idSuffix":"inner"}},"wdio_ui5_key":"applicationmanageresources-display-component---newResourceUnit--TYPE"}]}
RESULT: undefined
COMMAND: POST /session/2759f398ae6909ecf070b95432d661bb/execute/async - {"script":"<script> [776 bytes]","args":[{"enterText":"Equipment","selector":{"id":"application-manageresources-display-component---newResourceUnit--TYPE","interaction":{"idSuffix":"inner"}},"clearTextFirst":true,"interactionType":"ENTER_TEXT"}]}
RESULT: {"script":"<script> [776 bytes]","args":[{"enterText":"Equipment","selector":{"id":"application-manageresources-display-component---newResourceUnit--TYPE","interaction":{"idSuffix":"inner"}},"clearTextFirst":true,"interactionType":"ENTER_TEXT"}]}
COMMAND: POST /session/2759f398ae6909ecf070b95432d661bb/actions - {"actions":[{"id":"action1","type":"key","parameters":{},"actions":[{"type":"keyDown","value":"î€•"},{"type":"pause","duration":10},{"type":"keyUp","value":"î€•"}]}]}
RESULT: {"actions":[{"id":"action1","type":"key","parameters":{},"actions":[{"type":"keyDown","value":"î€•"},{"type":"pause","duration":10},{"type":"keyUp","value":"î€•"}]}]}
COMMAND: POST /session/2759f398ae6909ecf070b95432d661bb/actions - {"actions":[{"id":"action2","type":"key","parameters":{},"actions":[{"type":"keyDown","value":"î€‡"},{"type":"pause","duration":10},{"type":"keyUp","value":"î€‡"}]}]}
COMMAND: GET /session/2759f398ae6909ecf070b95432d661bb/screenshot - {}
RESULT: {"actions":[{"id":"action2","type":"key","parameters":{},"actions":[{"type":"keyDown","value":"î€‡"},{"type":"pause","duration":10},{"type":"keyUp","value":"î€‡"}]}]}
COMMAND: GET /session/2759f398ae6909ecf070b95432d661bb/screenshot - {}
RESULT: {}
RESULT: {}
COMMAND: POST /session/2759f398ae6909ecf070b95432d661bb/execute/async - {"script":"<script> [1562 bytes]","args":[{"selector":{"id":"application-manageresources-display-component---newResourceUnit--rruEquipmentNo","interaction":{"idSuffix":"inner"}},"wdio_ui5_key":"applicationmanageresources-display-component---newResourceUnit--rruEquipmentNo"}]}
RESULT: {"script":"<script> [1562 bytes]","args":[{"selector":{"id":"application-manageresources-display-component---newResourceUnit--rruEquipmentNo","interaction":{"idSuffix":"inner"}},"wdio_ui5_key":"applicationmanageresources-display-component---newResourceUnit--rruEquipmentNo"}]}
RESULT: undefined
COMMAND: POST /session/2759f398ae6909ecf070b95432d661bb/execute/async - {"script":"<script> [776 bytes]","args":[{"enterText":"","selector":{"id":"application-manageresources-display-component---newResourceUnit--rruEquipmentNo","interaction":{"idSuffix":"inner"}},"clearTextFirst":true,"interactionType":"ENTER_TEXT"}]}
RESULT: {"script":"<script> [776 bytes]","args":[{"enterText":"","selector":{"id":"application-manageresources-display-component---newResourceUnit--rruEquipmentNo","interaction":{"idSuffix":"inner"}},"clearTextFirst":true,"interactionType":"ENTER_TEXT"}]}
COMMAND: POST /session/2759f398ae6909ecf070b95432d661bb/execute/async - {"script":"<script> [1562 bytes]","args":[{"selector":{"id":"application-manageresources-display-component---newResourceUnit--rruEquipmentNo-vhi"},"wdio_ui5_key":"applicationmanageresources-display-component---newResourceUnit--rruEquipmentNo-vhi"}]}
RESULT: {"script":"<script> [1562 bytes]","args":[{"selector":{"id":"application-manageresources-display-component---newResourceUnit--rruEquipmentNo-vhi"},"wdio_ui5_key":"applicationmanageresources-display-component---newResourceUnit--rruEquipmentNo-vhi"}]}
RESULT: undefined
COMMAND: POST /session/2759f398ae6909ecf070b95432d661bb/element - {"using":"xpath","value":"//*[@id=\"application-manageresources-display-component---newResourceUnit--rruEquipmentNo-vhi\"]"}
RESULT: {"using":"xpath","value":"//*[@id=\"application-manageresources-display-component---newResourceUnit--rruEquipmentNo-vhi\"]"}
COMMAND: POST /session/2759f398ae6909ecf070b95432d661bb/element/f.C8E988D017B61114C3524FC91E13D13B.d.A97D668A47C3C682477CD378A9E94CC3.e.750/click - {}
RESULT: {}
COMMAND: GET /session/2759f398ae6909ecf070b95432d661bb/screenshot - {}
RESULT: {}
COMMAND: POST /session/2759f398ae6909ecf070b95432d661bb/execute/async - {"script":"<script> [1562 bytes]","args":[{"selector":{"controlType":"sap.m.Text","bindingPath":{"path":"/EquipmentValueHelpSet('10000007')","propertyPath":"EQUIPMENT","modelName":"EquipmentValueHelpModel"},"searchOpenDialogs":true},"wdio_ui5_key":"sapm.Text{\"path\":\"/EquipmentValueHelpSet('10000007')\",\"propertyPath\":\"EQUIPMENT\",\"modelName\":\"EquipmentValueHelpModel\"}"}]}
RESULT: {"script":"<script> [1562 bytes]","args":[{"selector":{"controlType":"sap.m.Text","bindingPath":{"path":"/EquipmentValueHelpSet('10000007')","propertyPath":"EQUIPMENT","modelName":"EquipmentValueHelpModel"},"searchOpenDialogs":true},"wdio_ui5_key":"sapm.Text{\"path\":\"/EquipmentValueHelpSet('10000007')\",\"propertyPath\":\"EQUIPMENT\",\"modelName\":\"EquipmentValueHelpModel\"}"}]}
RESULT: undefined
COMMAND: POST /session/2759f398ae6909ecf070b95432d661bb/element - {"using":"xpath","value":"//*[@id=\"__text403-__clone308\"]"}
RESULT: {"using":"xpath","value":"//*[@id=\"__text403-__clone308\"]"}
COMMAND: POST /session/2759f398ae6909ecf070b95432d661bb/element/f.C8E988D017B61114C3524FC91E13D13B.d.A97D668A47C3C682477CD378A9E94CC3.e.756/click - {}
RESULT: {}
COMMAND: POST /session/2759f398ae6909ecf070b95432d661bb/execute/async - {"script":"<script> [1562 bytes]","args":[{"selector":{"controlType":"sap.m.Button","properties":{"text":"OK"},"searchOpenDialogs":true,"interaction":{"idSuffix":"content"}},"wdio_ui5_key":"sapm.Button{\"text\":\"OK\"}"}]}
COMMAND: GET /session/2759f398ae6909ecf070b95432d661bb/screenshot - {}
RESULT: {"script":"<script> [1562 bytes]","args":[{"selector":{"controlType":"sap.m.Button","properties":{"text":"OK"},"searchOpenDialogs":true,"interaction":{"idSuffix":"content"}},"wdio_ui5_key":"sapm.Button{\"text\":\"OK\"}"}]}
RESULT: undefined
COMMAND: POST /session/2759f398ae6909ecf070b95432d661bb/element - {"using":"xpath","value":"//*[@id=\"__dialog2-ok\"]"}
RESULT: {}
RESULT: {"using":"xpath","value":"//*[@id=\"__dialog2-ok\"]"}
COMMAND: POST /session/2759f398ae6909ecf070b95432d661bb/element/f.C8E988D017B61114C3524FC91E13D13B.d.A97D668A47C3C682477CD378A9E94CC3.e.759/click - {}
RESULT: {}
COMMAND: GET /session/2759f398ae6909ecf070b95432d661bb/screenshot - {}
RESULT: {}
RESULT: undefined
COMMAND: POST /session/2759f398ae6909ecf070b95432d661bb/execute/async - {"script":"<script> [6424 bytes]","args":[{"element-6066-11e4-a52e-4f735466cecf":"f.C8E988D017B61114C3524FC91E13D13B.d.A97D668A47C3C682477CD378A9E94CC3.e.729"},"getValue",[]]}
COMMAND: POST /session/2759f398ae6909ecf070b95432d661bb/execute/async - {"script":"<script> [1562 bytes]","args":[{"selector":{"id":"application-manageresources-display-component---newResourceUnit--rruEquipmentNo","interaction":{"idSuffix":"inner"}},"wdio_ui5_key":"applicationmanageresources-display-component---newResourceUnit--rruEquipmentNo"}]}
RESULT: {"script":"<script> [1562 bytes]","args":[{"selector":{"id":"application-manageresources-display-component---newResourceUnit--rruEquipmentNo","interaction":{"idSuffix":"inner"}},"wdio_ui5_key":"applicationmanageresources-display-component---newResourceUnit--rruEquipmentNo"}]}
COMMAND: POST /session/2759f398ae6909ecf070b95432d661bb/execute/async - {"script":"<script> [6424 bytes]","args":[{"element-6066-11e4-a52e-4f735466cecf":"f.C8E988D017B61114C3524FC91E13D13B.d.A97D668A47C3C682477CD378A9E94CC3.e.763"},"getValue",[]]}
RESULT: {"script":"<script> [6424 bytes]","args":[{"element-6066-11e4-a52e-4f735466cecf":"f.C8E988D017B61114C3524FC91E13D13B.d.A97D668A47C3C682477CD378A9E94CC3.e.763"},"getValue",[]]}
COMMAND: POST /session/2759f398ae6909ecf070b95432d661bb/execute/async - {"script":"<script> [1562 bytes]","args":[{"selector":{"id":"application-manageresources-display-component---newResourceUnit--SHORT_TEXT"},"wdio_ui5_key":"applicationmanageresources-display-component---newResourceUnit--SHORT_TEXT"}]}
RESULT: {"script":"<script> [1562 bytes]","args":[{"selector":{"id":"application-manageresources-display-component---newResourceUnit--SHORT_TEXT"},"wdio_ui5_key":"applicationmanageresources-display-component---newResourceUnit--SHORT_TEXT"}]}
RESULT: undefined
COMMAND: POST /session/2759f398ae6909ecf070b95432d661bb/execute/async - {"script":"<script> [6424 bytes]","args":[{"element-6066-11e4-a52e-4f735466cecf":"f.C8E988D017B61114C3524FC91E13D13B.d.A97D668A47C3C682477CD378A9E94CC3.e.616"},"getValue",[]]}
RESULT: {"script":"<script> [6424 bytes]","args":[{"element-6066-11e4-a52e-4f735466cecf":"f.C8E988D017B61114C3524FC91E13D13B.d.A97D668A47C3C682477CD378A9E94CC3.e.616"},"getValue",[]]}
]]></system-out>
    </testcase>
    <testcase classname="chrome.137_0_7151_69.windows.Manage_RU:_Interfaces_Data_Check_for_UI_fields_US132253" name="Should see data from Asset interface for Asset Value Help Field" time="75.396">
      <system-out><![CDATA[
COMMAND: POST /session/2759f398ae6909ecf070b95432d661bb/execute/async - {"script":"<script> [1562 bytes]","args":[{"selector":{"id":"application-manageresources-display-component---newResourceUnit--rruAssetNo-vhi"},"wdio_ui5_key":"applicationmanageresources-display-component---newResourceUnit--rruAssetNo-vhi"}]}
RESULT: {"script":"<script> [1562 bytes]","args":[{"selector":{"id":"application-manageresources-display-component---newResourceUnit--rruAssetNo-vhi"},"wdio_ui5_key":"applicationmanageresources-display-component---newResourceUnit--rruAssetNo-vhi"}]}
RESULT: undefined
COMMAND: POST /session/2759f398ae6909ecf070b95432d661bb/element - {"using":"xpath","value":"//*[@id=\"application-manageresources-display-component---newResourceUnit--rruAssetNo-vhi\"]"}
RESULT: {"using":"xpath","value":"//*[@id=\"application-manageresources-display-component---newResourceUnit--rruAssetNo-vhi\"]"}
COMMAND: POST /session/2759f398ae6909ecf070b95432d661bb/element/f.C8E988D017B61114C3524FC91E13D13B.d.A97D668A47C3C682477CD378A9E94CC3.e.766/click - {}
RESULT: {}
COMMAND: GET /session/2759f398ae6909ecf070b95432d661bb/screenshot - {}
RESULT: {}
COMMAND: POST /session/2759f398ae6909ecf070b95432d661bb/execute/async - {"script":"<script> [1562 bytes]","args":[{"selector":{"controlType":"sap.m.Text","bindingPath":{"path":"/I_FixedAssetValueHelp(CompanyCode='1000',MasterFixedAsset='400009',FixedAsset='0')","propertyPath":"MasterFixedAsset","modelName":"AssetValueHelpModel"},"searchOpenDialogs":true},"wdio_ui5_key":"sapm.Text{\"path\":\"/I_FixedAssetValueHelp(CompanyCode='1000',MasterFixedAsset='400009',FixedAsset='0')\",\"propertyPath\":\"MasterFixedAsset\",\"modelName\":\"AssetValueHelpModel\"}"}]}
RESULT: {"script":"<script> [1562 bytes]","args":[{"selector":{"controlType":"sap.m.Text","bindingPath":{"path":"/I_FixedAssetValueHelp(CompanyCode='1000',MasterFixedAsset='400009',FixedAsset='0')","propertyPath":"MasterFixedAsset","modelName":"AssetValueHelpModel"},"searchOpenDialogs":true},"wdio_ui5_key":"sapm.Text{\"path\":\"/I_FixedAssetValueHelp(CompanyCode='1000',MasterFixedAsset='400009',FixedAsset='0')\",\"propertyPath\":\"MasterFixedAsset\",\"modelName\":\"AssetValueHelpModel\"}"}]}
RESULT: undefined
COMMAND: POST /session/2759f398ae6909ecf070b95432d661bb/element - {"using":"xpath","value":"//*[@id=\"__text411-__clone350\"]"}
RESULT: {"using":"xpath","value":"//*[@id=\"__text411-__clone350\"]"}
COMMAND: POST /session/2759f398ae6909ecf070b95432d661bb/element/f.C8E988D017B61114C3524FC91E13D13B.d.A97D668A47C3C682477CD378A9E94CC3.e.771/click - {}
RESULT: {}
RESULT: undefined
COMMAND: POST /session/2759f398ae6909ecf070b95432d661bb/element - {"using":"xpath","value":"//*[@id=\"__dialog2-ok\"]"}
COMMAND: GET /session/2759f398ae6909ecf070b95432d661bb/screenshot - {}
RESULT: {"using":"xpath","value":"//*[@id=\"__dialog2-ok\"]"}
COMMAND: POST /session/2759f398ae6909ecf070b95432d661bb/elements - {"using":"xpath","value":"//*[@id=\"__dialog2-ok\"]"}
RESULT: {}
RESULT: {"using":"xpath","value":"//*[@id=\"__dialog2-ok\"]"}
COMMAND: POST /session/2759f398ae6909ecf070b95432d661bb/elements - {"using":"xpath","value":"//*[@id=\"__dialog2-ok\"]"}
RESULT: {"using":"xpath","value":"//*[@id=\"__dialog2-ok\"]"}
COMMAND: POST /session/2759f398ae6909ecf070b95432d661bb/elements - {"using":"xpath","value":"//*[@id=\"__dialog2-ok\"]"}
RESULT: {"using":"xpath","value":"//*[@id=\"__dialog2-ok\"]"}
COMMAND: POST /session/2759f398ae6909ecf070b95432d661bb/elements - {"using":"xpath","value":"//*[@id=\"__dialog2-ok\"]"}
RESULT: {"using":"xpath","value":"//*[@id=\"__dialog2-ok\"]"}
COMMAND: POST /session/2759f398ae6909ecf070b95432d661bb/elements - {"using":"xpath","value":"//*[@id=\"__dialog2-ok\"]"}
RESULT: {"using":"xpath","value":"//*[@id=\"__dialog2-ok\"]"}
COMMAND: POST /session/2759f398ae6909ecf070b95432d661bb/elements - {"using":"xpath","value":"//*[@id=\"__dialog2-ok\"]"}
RESULT: {"using":"xpath","value":"//*[@id=\"__dialog2-ok\"]"}
COMMAND: POST /session/2759f398ae6909ecf070b95432d661bb/elements - {"using":"xpath","value":"//*[@id=\"__dialog2-ok\"]"}
RESULT: {"using":"xpath","value":"//*[@id=\"__dialog2-ok\"]"}
COMMAND: POST /session/2759f398ae6909ecf070b95432d661bb/elements - {"using":"xpath","value":"//*[@id=\"__dialog2-ok\"]"}
RESULT: {"using":"xpath","value":"//*[@id=\"__dialog2-ok\"]"}
COMMAND: POST /session/2759f398ae6909ecf070b95432d661bb/elements - {"using":"xpath","value":"//*[@id=\"__dialog2-ok\"]"}
RESULT: {"using":"xpath","value":"//*[@id=\"__dialog2-ok\"]"}
COMMAND: POST /session/2759f398ae6909ecf070b95432d661bb/elements - {"using":"xpath","value":"//*[@id=\"__dialog2-ok\"]"}
RESULT: {"using":"xpath","value":"//*[@id=\"__dialog2-ok\"]"}
COMMAND: POST /session/2759f398ae6909ecf070b95432d661bb/elements - {"using":"xpath","value":"//*[@id=\"__dialog2-ok\"]"}
RESULT: {"using":"xpath","value":"//*[@id=\"__dialog2-ok\"]"}
COMMAND: POST /session/2759f398ae6909ecf070b95432d661bb/elements - {"using":"xpath","value":"//*[@id=\"__dialog2-ok\"]"}
RESULT: {"using":"xpath","value":"//*[@id=\"__dialog2-ok\"]"}
COMMAND: POST /session/2759f398ae6909ecf070b95432d661bb/elements - {"using":"xpath","value":"//*[@id=\"__dialog2-ok\"]"}
RESULT: {"using":"xpath","value":"//*[@id=\"__dialog2-ok\"]"}
COMMAND: POST /session/2759f398ae6909ecf070b95432d661bb/elements - {"using":"xpath","value":"//*[@id=\"__dialog2-ok\"]"}
RESULT: {"using":"xpath","value":"//*[@id=\"__dialog2-ok\"]"}
COMMAND: POST /session/2759f398ae6909ecf070b95432d661bb/elements - {"using":"xpath","value":"//*[@id=\"__dialog2-ok\"]"}
RESULT: {"using":"xpath","value":"//*[@id=\"__dialog2-ok\"]"}
COMMAND: POST /session/2759f398ae6909ecf070b95432d661bb/elements - {"using":"xpath","value":"//*[@id=\"__dialog2-ok\"]"}
RESULT: {"using":"xpath","value":"//*[@id=\"__dialog2-ok\"]"}
COMMAND: POST /session/2759f398ae6909ecf070b95432d661bb/elements - {"using":"xpath","value":"//*[@id=\"__dialog2-ok\"]"}
RESULT: {"using":"xpath","value":"//*[@id=\"__dialog2-ok\"]"}
COMMAND: POST /session/2759f398ae6909ecf070b95432d661bb/elements - {"using":"xpath","value":"//*[@id=\"__dialog2-ok\"]"}
RESULT: {"using":"xpath","value":"//*[@id=\"__dialog2-ok\"]"}
COMMAND: POST /session/2759f398ae6909ecf070b95432d661bb/elements - {"using":"xpath","value":"//*[@id=\"__dialog2-ok\"]"}
RESULT: {"using":"xpath","value":"//*[@id=\"__dialog2-ok\"]"}
COMMAND: POST /session/2759f398ae6909ecf070b95432d661bb/elements - {"using":"xpath","value":"//*[@id=\"__dialog2-ok\"]"}
RESULT: {"using":"xpath","value":"//*[@id=\"__dialog2-ok\"]"}
COMMAND: POST /session/2759f398ae6909ecf070b95432d661bb/elements - {"using":"xpath","value":"//*[@id=\"__dialog2-ok\"]"}
RESULT: {"using":"xpath","value":"//*[@id=\"__dialog2-ok\"]"}
COMMAND: POST /session/2759f398ae6909ecf070b95432d661bb/elements - {"using":"xpath","value":"//*[@id=\"__dialog2-ok\"]"}
RESULT: {"using":"xpath","value":"//*[@id=\"__dialog2-ok\"]"}
COMMAND: POST /session/2759f398ae6909ecf070b95432d661bb/elements - {"using":"xpath","value":"//*[@id=\"__dialog2-ok\"]"}
RESULT: {"using":"xpath","value":"//*[@id=\"__dialog2-ok\"]"}
COMMAND: POST /session/2759f398ae6909ecf070b95432d661bb/elements - {"using":"xpath","value":"//*[@id=\"__dialog2-ok\"]"}
RESULT: {"using":"xpath","value":"//*[@id=\"__dialog2-ok\"]"}
COMMAND: POST /session/2759f398ae6909ecf070b95432d661bb/elements - {"using":"xpath","value":"//*[@id=\"__dialog2-ok\"]"}
RESULT: {"using":"xpath","value":"//*[@id=\"__dialog2-ok\"]"}
COMMAND: POST /session/2759f398ae6909ecf070b95432d661bb/elements - {"using":"xpath","value":"//*[@id=\"__dialog2-ok\"]"}
RESULT: {"using":"xpath","value":"//*[@id=\"__dialog2-ok\"]"}
COMMAND: POST /session/2759f398ae6909ecf070b95432d661bb/elements - {"using":"xpath","value":"//*[@id=\"__dialog2-ok\"]"}
RESULT: {"using":"xpath","value":"//*[@id=\"__dialog2-ok\"]"}
COMMAND: POST /session/2759f398ae6909ecf070b95432d661bb/elements - {"using":"xpath","value":"//*[@id=\"__dialog2-ok\"]"}
RESULT: {"using":"xpath","value":"//*[@id=\"__dialog2-ok\"]"}
COMMAND: POST /session/2759f398ae6909ecf070b95432d661bb/elements - {"using":"xpath","value":"//*[@id=\"__dialog2-ok\"]"}
RESULT: {"using":"xpath","value":"//*[@id=\"__dialog2-ok\"]"}
COMMAND: POST /session/2759f398ae6909ecf070b95432d661bb/elements - {"using":"xpath","value":"//*[@id=\"__dialog2-ok\"]"}
RESULT: {"using":"xpath","value":"//*[@id=\"__dialog2-ok\"]"}
COMMAND: POST /session/2759f398ae6909ecf070b95432d661bb/elements - {"using":"xpath","value":"//*[@id=\"__dialog2-ok\"]"}
RESULT: {"using":"xpath","value":"//*[@id=\"__dialog2-ok\"]"}
COMMAND: POST /session/2759f398ae6909ecf070b95432d661bb/elements - {"using":"xpath","value":"//*[@id=\"__dialog2-ok\"]"}
RESULT: {"using":"xpath","value":"//*[@id=\"__dialog2-ok\"]"}
COMMAND: POST /session/2759f398ae6909ecf070b95432d661bb/elements - {"using":"xpath","value":"//*[@id=\"__dialog2-ok\"]"}
RESULT: {"using":"xpath","value":"//*[@id=\"__dialog2-ok\"]"}
COMMAND: POST /session/2759f398ae6909ecf070b95432d661bb/elements - {"using":"xpath","value":"//*[@id=\"__dialog2-ok\"]"}
RESULT: {"using":"xpath","value":"//*[@id=\"__dialog2-ok\"]"}
COMMAND: POST /session/2759f398ae6909ecf070b95432d661bb/elements - {"using":"xpath","value":"//*[@id=\"__dialog2-ok\"]"}
RESULT: {"using":"xpath","value":"//*[@id=\"__dialog2-ok\"]"}
COMMAND: POST /session/2759f398ae6909ecf070b95432d661bb/elements - {"using":"xpath","value":"//*[@id=\"__dialog2-ok\"]"}
RESULT: {"using":"xpath","value":"//*[@id=\"__dialog2-ok\"]"}
COMMAND: POST /session/2759f398ae6909ecf070b95432d661bb/elements - {"using":"xpath","value":"//*[@id=\"__dialog2-ok\"]"}
RESULT: {"using":"xpath","value":"//*[@id=\"__dialog2-ok\"]"}
COMMAND: POST /session/2759f398ae6909ecf070b95432d661bb/elements - {"using":"xpath","value":"//*[@id=\"__dialog2-ok\"]"}
RESULT: {"using":"xpath","value":"//*[@id=\"__dialog2-ok\"]"}
COMMAND: POST /session/2759f398ae6909ecf070b95432d661bb/elements - {"using":"xpath","value":"//*[@id=\"__dialog2-ok\"]"}
RESULT: {"using":"xpath","value":"//*[@id=\"__dialog2-ok\"]"}
COMMAND: POST /session/2759f398ae6909ecf070b95432d661bb/elements - {"using":"xpath","value":"//*[@id=\"__dialog2-ok\"]"}
RESULT: {"using":"xpath","value":"//*[@id=\"__dialog2-ok\"]"}
COMMAND: POST /session/2759f398ae6909ecf070b95432d661bb/elements - {"using":"xpath","value":"//*[@id=\"__dialog2-ok\"]"}
RESULT: {"using":"xpath","value":"//*[@id=\"__dialog2-ok\"]"}
COMMAND: POST /session/2759f398ae6909ecf070b95432d661bb/elements - {"using":"xpath","value":"//*[@id=\"__dialog2-ok\"]"}
RESULT: {"using":"xpath","value":"//*[@id=\"__dialog2-ok\"]"}
COMMAND: POST /session/2759f398ae6909ecf070b95432d661bb/elements - {"using":"xpath","value":"//*[@id=\"__dialog2-ok\"]"}
RESULT: {"using":"xpath","value":"//*[@id=\"__dialog2-ok\"]"}
COMMAND: POST /session/2759f398ae6909ecf070b95432d661bb/elements - {"using":"xpath","value":"//*[@id=\"__dialog2-ok\"]"}
RESULT: {"using":"xpath","value":"//*[@id=\"__dialog2-ok\"]"}
COMMAND: POST /session/2759f398ae6909ecf070b95432d661bb/elements - {"using":"xpath","value":"//*[@id=\"__dialog2-ok\"]"}
RESULT: {"using":"xpath","value":"//*[@id=\"__dialog2-ok\"]"}
COMMAND: POST /session/2759f398ae6909ecf070b95432d661bb/elements - {"using":"xpath","value":"//*[@id=\"__dialog2-ok\"]"}
RESULT: {"using":"xpath","value":"//*[@id=\"__dialog2-ok\"]"}
COMMAND: POST /session/2759f398ae6909ecf070b95432d661bb/elements - {"using":"xpath","value":"//*[@id=\"__dialog2-ok\"]"}
RESULT: {"using":"xpath","value":"//*[@id=\"__dialog2-ok\"]"}
COMMAND: POST /session/2759f398ae6909ecf070b95432d661bb/elements - {"using":"xpath","value":"//*[@id=\"__dialog2-ok\"]"}
RESULT: {"using":"xpath","value":"//*[@id=\"__dialog2-ok\"]"}
COMMAND: POST /session/2759f398ae6909ecf070b95432d661bb/elements - {"using":"xpath","value":"//*[@id=\"__dialog2-ok\"]"}
RESULT: {"using":"xpath","value":"//*[@id=\"__dialog2-ok\"]"}
COMMAND: POST /session/2759f398ae6909ecf070b95432d661bb/elements - {"using":"xpath","value":"//*[@id=\"__dialog2-ok\"]"}
RESULT: {"using":"xpath","value":"//*[@id=\"__dialog2-ok\"]"}
COMMAND: POST /session/2759f398ae6909ecf070b95432d661bb/elements - {"using":"xpath","value":"//*[@id=\"__dialog2-ok\"]"}
RESULT: {"using":"xpath","value":"//*[@id=\"__dialog2-ok\"]"}
COMMAND: POST /session/2759f398ae6909ecf070b95432d661bb/elements - {"using":"xpath","value":"//*[@id=\"__dialog2-ok\"]"}
RESULT: {"using":"xpath","value":"//*[@id=\"__dialog2-ok\"]"}
COMMAND: POST /session/2759f398ae6909ecf070b95432d661bb/elements - {"using":"xpath","value":"//*[@id=\"__dialog2-ok\"]"}
RESULT: {"using":"xpath","value":"//*[@id=\"__dialog2-ok\"]"}
COMMAND: POST /session/2759f398ae6909ecf070b95432d661bb/elements - {"using":"xpath","value":"//*[@id=\"__dialog2-ok\"]"}
RESULT: {"using":"xpath","value":"//*[@id=\"__dialog2-ok\"]"}
COMMAND: POST /session/2759f398ae6909ecf070b95432d661bb/elements - {"using":"xpath","value":"//*[@id=\"__dialog2-ok\"]"}
RESULT: {"using":"xpath","value":"//*[@id=\"__dialog2-ok\"]"}
COMMAND: POST /session/2759f398ae6909ecf070b95432d661bb/elements - {"using":"xpath","value":"//*[@id=\"__dialog2-ok\"]"}
RESULT: {"using":"xpath","value":"//*[@id=\"__dialog2-ok\"]"}
COMMAND: POST /session/2759f398ae6909ecf070b95432d661bb/elements - {"using":"xpath","value":"//*[@id=\"__dialog2-ok\"]"}
RESULT: {"using":"xpath","value":"//*[@id=\"__dialog2-ok\"]"}
COMMAND: POST /session/2759f398ae6909ecf070b95432d661bb/elements - {"using":"xpath","value":"//*[@id=\"__dialog2-ok\"]"}
RESULT: {"using":"xpath","value":"//*[@id=\"__dialog2-ok\"]"}
COMMAND: POST /session/2759f398ae6909ecf070b95432d661bb/elements - {"using":"xpath","value":"//*[@id=\"__dialog2-ok\"]"}
RESULT: {"using":"xpath","value":"//*[@id=\"__dialog2-ok\"]"}
COMMAND: POST /session/2759f398ae6909ecf070b95432d661bb/elements - {"using":"xpath","value":"//*[@id=\"__dialog2-ok\"]"}
RESULT: {"using":"xpath","value":"//*[@id=\"__dialog2-ok\"]"}
COMMAND: POST /session/2759f398ae6909ecf070b95432d661bb/elements - {"using":"xpath","value":"//*[@id=\"__dialog2-ok\"]"}
RESULT: {"using":"xpath","value":"//*[@id=\"__dialog2-ok\"]"}
COMMAND: POST /session/2759f398ae6909ecf070b95432d661bb/elements - {"using":"xpath","value":"//*[@id=\"__dialog2-ok\"]"}
RESULT: {"using":"xpath","value":"//*[@id=\"__dialog2-ok\"]"}
COMMAND: POST /session/2759f398ae6909ecf070b95432d661bb/elements - {"using":"xpath","value":"//*[@id=\"__dialog2-ok\"]"}
RESULT: {"using":"xpath","value":"//*[@id=\"__dialog2-ok\"]"}
COMMAND: POST /session/2759f398ae6909ecf070b95432d661bb/elements - {"using":"xpath","value":"//*[@id=\"__dialog2-ok\"]"}
RESULT: {"using":"xpath","value":"//*[@id=\"__dialog2-ok\"]"}
COMMAND: POST /session/2759f398ae6909ecf070b95432d661bb/elements - {"using":"xpath","value":"//*[@id=\"__dialog2-ok\"]"}
RESULT: {"using":"xpath","value":"//*[@id=\"__dialog2-ok\"]"}
COMMAND: POST /session/2759f398ae6909ecf070b95432d661bb/elements - {"using":"xpath","value":"//*[@id=\"__dialog2-ok\"]"}
RESULT: {"using":"xpath","value":"//*[@id=\"__dialog2-ok\"]"}
COMMAND: POST /session/2759f398ae6909ecf070b95432d661bb/elements - {"using":"xpath","value":"//*[@id=\"__dialog2-ok\"]"}
RESULT: {"using":"xpath","value":"//*[@id=\"__dialog2-ok\"]"}
COMMAND: POST /session/2759f398ae6909ecf070b95432d661bb/elements - {"using":"xpath","value":"//*[@id=\"__dialog2-ok\"]"}
RESULT: {"using":"xpath","value":"//*[@id=\"__dialog2-ok\"]"}
COMMAND: POST /session/2759f398ae6909ecf070b95432d661bb/elements - {"using":"xpath","value":"//*[@id=\"__dialog2-ok\"]"}
RESULT: {"using":"xpath","value":"//*[@id=\"__dialog2-ok\"]"}
COMMAND: POST /session/2759f398ae6909ecf070b95432d661bb/elements - {"using":"xpath","value":"//*[@id=\"__dialog2-ok\"]"}
RESULT: {"using":"xpath","value":"//*[@id=\"__dialog2-ok\"]"}
COMMAND: POST /session/2759f398ae6909ecf070b95432d661bb/elements - {"using":"xpath","value":"//*[@id=\"__dialog2-ok\"]"}
RESULT: {"using":"xpath","value":"//*[@id=\"__dialog2-ok\"]"}
COMMAND: POST /session/2759f398ae6909ecf070b95432d661bb/elements - {"using":"xpath","value":"//*[@id=\"__dialog2-ok\"]"}
RESULT: {"using":"xpath","value":"//*[@id=\"__dialog2-ok\"]"}
COMMAND: POST /session/2759f398ae6909ecf070b95432d661bb/elements - {"using":"xpath","value":"//*[@id=\"__dialog2-ok\"]"}
RESULT: {"using":"xpath","value":"//*[@id=\"__dialog2-ok\"]"}
COMMAND: POST /session/2759f398ae6909ecf070b95432d661bb/elements - {"using":"xpath","value":"//*[@id=\"__dialog2-ok\"]"}
RESULT: {"using":"xpath","value":"//*[@id=\"__dialog2-ok\"]"}
COMMAND: POST /session/2759f398ae6909ecf070b95432d661bb/elements - {"using":"xpath","value":"//*[@id=\"__dialog2-ok\"]"}
RESULT: {"using":"xpath","value":"//*[@id=\"__dialog2-ok\"]"}
COMMAND: POST /session/2759f398ae6909ecf070b95432d661bb/elements - {"using":"xpath","value":"//*[@id=\"__dialog2-ok\"]"}
RESULT: {"using":"xpath","value":"//*[@id=\"__dialog2-ok\"]"}
COMMAND: POST /session/2759f398ae6909ecf070b95432d661bb/elements - {"using":"xpath","value":"//*[@id=\"__dialog2-ok\"]"}
RESULT: {"using":"xpath","value":"//*[@id=\"__dialog2-ok\"]"}
COMMAND: POST /session/2759f398ae6909ecf070b95432d661bb/elements - {"using":"xpath","value":"//*[@id=\"__dialog2-ok\"]"}
RESULT: {"using":"xpath","value":"//*[@id=\"__dialog2-ok\"]"}
COMMAND: POST /session/2759f398ae6909ecf070b95432d661bb/elements - {"using":"xpath","value":"//*[@id=\"__dialog2-ok\"]"}
RESULT: {"using":"xpath","value":"//*[@id=\"__dialog2-ok\"]"}
COMMAND: POST /session/2759f398ae6909ecf070b95432d661bb/elements - {"using":"xpath","value":"//*[@id=\"__dialog2-ok\"]"}
RESULT: {"using":"xpath","value":"//*[@id=\"__dialog2-ok\"]"}
COMMAND: POST /session/2759f398ae6909ecf070b95432d661bb/elements - {"using":"xpath","value":"//*[@id=\"__dialog2-ok\"]"}
RESULT: {"using":"xpath","value":"//*[@id=\"__dialog2-ok\"]"}
COMMAND: POST /session/2759f398ae6909ecf070b95432d661bb/elements - {"using":"xpath","value":"//*[@id=\"__dialog2-ok\"]"}
RESULT: {"using":"xpath","value":"//*[@id=\"__dialog2-ok\"]"}
COMMAND: POST /session/2759f398ae6909ecf070b95432d661bb/elements - {"using":"xpath","value":"//*[@id=\"__dialog2-ok\"]"}
RESULT: {"using":"xpath","value":"//*[@id=\"__dialog2-ok\"]"}
COMMAND: POST /session/2759f398ae6909ecf070b95432d661bb/elements - {"using":"xpath","value":"//*[@id=\"__dialog2-ok\"]"}
RESULT: {"using":"xpath","value":"//*[@id=\"__dialog2-ok\"]"}
COMMAND: POST /session/2759f398ae6909ecf070b95432d661bb/elements - {"using":"xpath","value":"//*[@id=\"__dialog2-ok\"]"}
RESULT: {"using":"xpath","value":"//*[@id=\"__dialog2-ok\"]"}
COMMAND: POST /session/2759f398ae6909ecf070b95432d661bb/elements - {"using":"xpath","value":"//*[@id=\"__dialog2-ok\"]"}
RESULT: {"using":"xpath","value":"//*[@id=\"__dialog2-ok\"]"}
COMMAND: POST /session/2759f398ae6909ecf070b95432d661bb/elements - {"using":"xpath","value":"//*[@id=\"__dialog2-ok\"]"}
RESULT: {"using":"xpath","value":"//*[@id=\"__dialog2-ok\"]"}
COMMAND: POST /session/2759f398ae6909ecf070b95432d661bb/elements - {"using":"xpath","value":"//*[@id=\"__dialog2-ok\"]"}
RESULT: {"using":"xpath","value":"//*[@id=\"__dialog2-ok\"]"}
COMMAND: POST /session/2759f398ae6909ecf070b95432d661bb/elements - {"using":"xpath","value":"//*[@id=\"__dialog2-ok\"]"}
RESULT: {"using":"xpath","value":"//*[@id=\"__dialog2-ok\"]"}
COMMAND: POST /session/2759f398ae6909ecf070b95432d661bb/elements - {"using":"xpath","value":"//*[@id=\"__dialog2-ok\"]"}
RESULT: {"using":"xpath","value":"//*[@id=\"__dialog2-ok\"]"}
COMMAND: POST /session/2759f398ae6909ecf070b95432d661bb/elements - {"using":"xpath","value":"//*[@id=\"__dialog2-ok\"]"}
RESULT: {"using":"xpath","value":"//*[@id=\"__dialog2-ok\"]"}
COMMAND: POST /session/2759f398ae6909ecf070b95432d661bb/elements - {"using":"xpath","value":"//*[@id=\"__dialog2-ok\"]"}
RESULT: {"using":"xpath","value":"//*[@id=\"__dialog2-ok\"]"}
COMMAND: POST /session/2759f398ae6909ecf070b95432d661bb/elements - {"using":"xpath","value":"//*[@id=\"__dialog2-ok\"]"}
RESULT: {"using":"xpath","value":"//*[@id=\"__dialog2-ok\"]"}
COMMAND: POST /session/2759f398ae6909ecf070b95432d661bb/elements - {"using":"xpath","value":"//*[@id=\"__dialog2-ok\"]"}
RESULT: {"using":"xpath","value":"//*[@id=\"__dialog2-ok\"]"}
COMMAND: POST /session/2759f398ae6909ecf070b95432d661bb/elements - {"using":"xpath","value":"//*[@id=\"__dialog2-ok\"]"}
RESULT: {"using":"xpath","value":"//*[@id=\"__dialog2-ok\"]"}
COMMAND: POST /session/2759f398ae6909ecf070b95432d661bb/elements - {"using":"xpath","value":"//*[@id=\"__dialog2-ok\"]"}
RESULT: {"using":"xpath","value":"//*[@id=\"__dialog2-ok\"]"}
COMMAND: POST /session/2759f398ae6909ecf070b95432d661bb/elements - {"using":"xpath","value":"//*[@id=\"__dialog2-ok\"]"}
RESULT: {"using":"xpath","value":"//*[@id=\"__dialog2-ok\"]"}
COMMAND: POST /session/2759f398ae6909ecf070b95432d661bb/elements - {"using":"xpath","value":"//*[@id=\"__dialog2-ok\"]"}
RESULT: {"using":"xpath","value":"//*[@id=\"__dialog2-ok\"]"}
COMMAND: POST /session/2759f398ae6909ecf070b95432d661bb/elements - {"using":"xpath","value":"//*[@id=\"__dialog2-ok\"]"}
RESULT: {"using":"xpath","value":"//*[@id=\"__dialog2-ok\"]"}
COMMAND: POST /session/2759f398ae6909ecf070b95432d661bb/elements - {"using":"xpath","value":"//*[@id=\"__dialog2-ok\"]"}
RESULT: {"using":"xpath","value":"//*[@id=\"__dialog2-ok\"]"}
COMMAND: POST /session/2759f398ae6909ecf070b95432d661bb/elements - {"using":"xpath","value":"//*[@id=\"__dialog2-ok\"]"}
RESULT: {"using":"xpath","value":"//*[@id=\"__dialog2-ok\"]"}
COMMAND: POST /session/2759f398ae6909ecf070b95432d661bb/elements - {"using":"xpath","value":"//*[@id=\"__dialog2-ok\"]"}
RESULT: {"using":"xpath","value":"//*[@id=\"__dialog2-ok\"]"}
COMMAND: POST /session/2759f398ae6909ecf070b95432d661bb/elements - {"using":"xpath","value":"//*[@id=\"__dialog2-ok\"]"}
RESULT: {"using":"xpath","value":"//*[@id=\"__dialog2-ok\"]"}
COMMAND: POST /session/2759f398ae6909ecf070b95432d661bb/elements - {"using":"xpath","value":"//*[@id=\"__dialog2-ok\"]"}
RESULT: {"using":"xpath","value":"//*[@id=\"__dialog2-ok\"]"}
COMMAND: POST /session/2759f398ae6909ecf070b95432d661bb/elements - {"using":"xpath","value":"//*[@id=\"__dialog2-ok\"]"}
RESULT: {"using":"xpath","value":"//*[@id=\"__dialog2-ok\"]"}
COMMAND: POST /session/2759f398ae6909ecf070b95432d661bb/elements - {"using":"xpath","value":"//*[@id=\"__dialog2-ok\"]"}
RESULT: {"using":"xpath","value":"//*[@id=\"__dialog2-ok\"]"}
COMMAND: POST /session/2759f398ae6909ecf070b95432d661bb/elements - {"using":"xpath","value":"//*[@id=\"__dialog2-ok\"]"}
RESULT: {"using":"xpath","value":"//*[@id=\"__dialog2-ok\"]"}
COMMAND: POST /session/2759f398ae6909ecf070b95432d661bb/elements - {"using":"xpath","value":"//*[@id=\"__dialog2-ok\"]"}
RESULT: {"using":"xpath","value":"//*[@id=\"__dialog2-ok\"]"}
COMMAND: POST /session/2759f398ae6909ecf070b95432d661bb/elements - {"using":"xpath","value":"//*[@id=\"__dialog2-ok\"]"}
RESULT: {"using":"xpath","value":"//*[@id=\"__dialog2-ok\"]"}
COMMAND: POST /session/2759f398ae6909ecf070b95432d661bb/elements - {"using":"xpath","value":"//*[@id=\"__dialog2-ok\"]"}
RESULT: {"using":"xpath","value":"//*[@id=\"__dialog2-ok\"]"}
COMMAND: POST /session/2759f398ae6909ecf070b95432d661bb/elements - {"using":"xpath","value":"//*[@id=\"__dialog2-ok\"]"}
RESULT: {"using":"xpath","value":"//*[@id=\"__dialog2-ok\"]"}
COMMAND: POST /session/2759f398ae6909ecf070b95432d661bb/elements - {"using":"xpath","value":"//*[@id=\"__dialog2-ok\"]"}
RESULT: {"using":"xpath","value":"//*[@id=\"__dialog2-ok\"]"}
COMMAND: POST /session/2759f398ae6909ecf070b95432d661bb/elements - {"using":"xpath","value":"//*[@id=\"__dialog2-ok\"]"}
RESULT: {"using":"xpath","value":"//*[@id=\"__dialog2-ok\"]"}
COMMAND: POST /session/2759f398ae6909ecf070b95432d661bb/elements - {"using":"xpath","value":"//*[@id=\"__dialog2-ok\"]"}
RESULT: {"using":"xpath","value":"//*[@id=\"__dialog2-ok\"]"}
COMMAND: POST /session/2759f398ae6909ecf070b95432d661bb/elements - {"using":"xpath","value":"//*[@id=\"__dialog2-ok\"]"}
RESULT: {"using":"xpath","value":"//*[@id=\"__dialog2-ok\"]"}
COMMAND: POST /session/2759f398ae6909ecf070b95432d661bb/elements - {"using":"xpath","value":"//*[@id=\"__dialog2-ok\"]"}
RESULT: {"using":"xpath","value":"//*[@id=\"__dialog2-ok\"]"}
COMMAND: POST /session/2759f398ae6909ecf070b95432d661bb/elements - {"using":"xpath","value":"//*[@id=\"__dialog2-ok\"]"}
RESULT: {"using":"xpath","value":"//*[@id=\"__dialog2-ok\"]"}
COMMAND: POST /session/2759f398ae6909ecf070b95432d661bb/elements - {"using":"xpath","value":"//*[@id=\"__dialog2-ok\"]"}
RESULT: {"using":"xpath","value":"//*[@id=\"__dialog2-ok\"]"}
COMMAND: POST /session/2759f398ae6909ecf070b95432d661bb/elements - {"using":"xpath","value":"//*[@id=\"__dialog2-ok\"]"}
RESULT: {"using":"xpath","value":"//*[@id=\"__dialog2-ok\"]"}
COMMAND: POST /session/2759f398ae6909ecf070b95432d661bb/elements - {"using":"xpath","value":"//*[@id=\"__dialog2-ok\"]"}
RESULT: {"using":"xpath","value":"//*[@id=\"__dialog2-ok\"]"}
COMMAND: POST /session/2759f398ae6909ecf070b95432d661bb/elements - {"using":"xpath","value":"//*[@id=\"__dialog2-ok\"]"}
COMMAND: POST /session/2759f398ae6909ecf070b95432d661bb/element - {"using":"xpath","value":"//*[contains(text(), \"OK\")]"}
RESULT: {"using":"xpath","value":"//*[@id=\"__dialog2-ok\"]"}
RESULT: {"using":"xpath","value":"//*[contains(text(), \"OK\")]"}
COMMAND: POST /session/2759f398ae6909ecf070b95432d661bb/execute/sync - {"script":"<script> [8489 bytes]","args":[{"element-6066-11e4-a52e-4f735466cecf":"f.C8E988D017B61114C3524FC91E13D13B.d.A97D668A47C3C682477CD378A9E94CC3.e.773","ELEMENT":"f.C8E988D017B61114C3524FC91E13D13B.d.A97D668A47C3C682477CD378A9E94CC3.e.773"}]}
RESULT: {"script":"<script> [8489 bytes]","args":[{"element-6066-11e4-a52e-4f735466cecf":"f.C8E988D017B61114C3524FC91E13D13B.d.A97D668A47C3C682477CD378A9E94CC3.e.773","ELEMENT":"f.C8E988D017B61114C3524FC91E13D13B.d.A97D668A47C3C682477CD378A9E94CC3.e.773"}]}
COMMAND: POST /session/2759f398ae6909ecf070b95432d661bb/execute/sync - {"script":"<script> [5351 bytes]","args":[{"element-6066-11e4-a52e-4f735466cecf":"f.C8E988D017B61114C3524FC91E13D13B.d.A97D668A47C3C682477CD378A9E94CC3.e.773","ELEMENT":"f.C8E988D017B61114C3524FC91E13D13B.d.A97D668A47C3C682477CD378A9E94CC3.e.773"}]}
COMMAND: GET /session/2759f398ae6909ecf070b95432d661bb/screenshot - {}
RESULT: {"script":"<script> [5351 bytes]","args":[{"element-6066-11e4-a52e-4f735466cecf":"f.C8E988D017B61114C3524FC91E13D13B.d.A97D668A47C3C682477CD378A9E94CC3.e.773","ELEMENT":"f.C8E988D017B61114C3524FC91E13D13B.d.A97D668A47C3C682477CD378A9E94CC3.e.773"}]}
COMMAND: POST /session/2759f398ae6909ecf070b95432d661bb/element/f.C8E988D017B61114C3524FC91E13D13B.d.A97D668A47C3C682477CD378A9E94CC3.e.773/click - {}
COMMAND: GET /session/2759f398ae6909ecf070b95432d661bb/screenshot - {}
RESULT: {}
RESULT: {}
COMMAND: GET /session/2759f398ae6909ecf070b95432d661bb/screenshot - {}
RESULT: {}
RESULT: {}
COMMAND: POST /session/2759f398ae6909ecf070b95432d661bb/execute/async - {"script":"<script> [1562 bytes]","args":[{"selector":{"id":"application-manageresources-display-component---newResourceUnit--rruAssetNo","interaction":{"idSuffix":"inner"}},"wdio_ui5_key":"applicationmanageresources-display-component---newResourceUnit--rruAssetNo"}]}
RESULT: {"script":"<script> [1562 bytes]","args":[{"selector":{"id":"application-manageresources-display-component---newResourceUnit--rruAssetNo","interaction":{"idSuffix":"inner"}},"wdio_ui5_key":"applicationmanageresources-display-component---newResourceUnit--rruAssetNo"}]}
RESULT: undefined
COMMAND: POST /session/2759f398ae6909ecf070b95432d661bb/execute/async - {"script":"<script> [6424 bytes]","args":[{"element-6066-11e4-a52e-4f735466cecf":"f.C8E988D017B61114C3524FC91E13D13B.d.A97D668A47C3C682477CD378A9E94CC3.e.776"},"getValue",[]]}
RESULT: {"script":"<script> [6424 bytes]","args":[{"element-6066-11e4-a52e-4f735466cecf":"f.C8E988D017B61114C3524FC91E13D13B.d.A97D668A47C3C682477CD378A9E94CC3.e.776"},"getValue",[]]}
]]></system-out>
    </testcase>
    <testcase classname="chrome.137_0_7151_69.windows.Manage_RU:_Interfaces_Data_Check_for_UI_fields_US132253" name="Should see correct data from the Cost Object interface" time="10.774">
      <system-out><![CDATA[
COMMAND: POST /session/2759f398ae6909ecf070b95432d661bb/execute/async - {"script":"<script> [1562 bytes]","args":[{"selector":{"id":"application-manageresources-display-component---newResourceUnit--newRRUPage-anchBar-application-manageresources-display-component---newResourceUnit--control-anchor","interaction":{"idSuffix":"BDI-content"}},"wdio_ui5_key":"applicationmanageresources-display-component---newResourceUnit--newRRUPage-anchBar-application-manageresources-display-component---newResourceUnit--control-anchor"}]}
RESULT: {"script":"<script> [1562 bytes]","args":[{"selector":{"id":"application-manageresources-display-component---newResourceUnit--newRRUPage-anchBar-application-manageresources-display-component---newResourceUnit--control-anchor","interaction":{"idSuffix":"BDI-content"}},"wdio_ui5_key":"applicationmanageresources-display-component---newResourceUnit--newRRUPage-anchBar-application-manageresources-display-component---newResourceUnit--control-anchor"}]}
RESULT: undefined
COMMAND: POST /session/2759f398ae6909ecf070b95432d661bb/element - {"using":"xpath","value":"//*[@id=\"application-manageresources-display-component---newResourceUnit--newRRUPage-anchBar-application-manageresources-display-component---newResourceUnit--control-anchor\"]"}
RESULT: {"using":"xpath","value":"//*[@id=\"application-manageresources-display-component---newResourceUnit--newRRUPage-anchBar-application-manageresources-display-component---newResourceUnit--control-anchor\"]"}
COMMAND: POST /session/2759f398ae6909ecf070b95432d661bb/element/f.C8E988D017B61114C3524FC91E13D13B.d.A97D668A47C3C682477CD378A9E94CC3.e.779/click - {}
RESULT: {}
COMMAND: POST /session/2759f398ae6909ecf070b95432d661bb/execute/async - {"script":"<script> [1562 bytes]","args":[{"selector":{"id":"application-manageresources-display-component---newResourceUnit--DECOMMISSIONING","interaction":{"idSuffix":"inner"}},"wdio_ui5_key":"applicationmanageresources-display-component---newResourceUnit--DECOMMISSIONING"}]}
COMMAND: GET /session/2759f398ae6909ecf070b95432d661bb/screenshot - {}
RESULT: {"script":"<script> [1562 bytes]","args":[{"selector":{"id":"application-manageresources-display-component---newResourceUnit--DECOMMISSIONING","interaction":{"idSuffix":"inner"}},"wdio_ui5_key":"applicationmanageresources-display-component---newResourceUnit--DECOMMISSIONING"}]}
RESULT: undefined
COMMAND: POST /session/2759f398ae6909ecf070b95432d661bb/execute/async - {"script":"<script> [776 bytes]","args":[{"enterText":0,"selector":{"id":"application-manageresources-display-component---newResourceUnit--DECOMMISSIONING","interaction":{"idSuffix":"inner"}},"clearTextFirst":true,"interactionType":"ENTER_TEXT"}]}
RESULT: {}
RESULT: {"script":"<script> [776 bytes]","args":[{"enterText":0,"selector":{"id":"application-manageresources-display-component---newResourceUnit--DECOMMISSIONING","interaction":{"idSuffix":"inner"}},"clearTextFirst":true,"interactionType":"ENTER_TEXT"}]}
COMMAND: POST /session/2759f398ae6909ecf070b95432d661bb/execute/async - {"script":"<script> [1562 bytes]","args":[{"selector":{"id":"application-manageresources-display-component---newResourceUnit--btnAddTimeSegment-img"},"wdio_ui5_key":"applicationmanageresources-display-component---newResourceUnit--btnAddTimeSegment-img"}]}
RESULT: {"script":"<script> [1562 bytes]","args":[{"selector":{"id":"application-manageresources-display-component---newResourceUnit--btnAddTimeSegment-img"},"wdio_ui5_key":"applicationmanageresources-display-component---newResourceUnit--btnAddTimeSegment-img"}]}
RESULT: undefined
COMMAND: POST /session/2759f398ae6909ecf070b95432d661bb/element - {"using":"xpath","value":"//*[@id=\"application-manageresources-display-component---newResourceUnit--btnAddTimeSegment-img\"]"}
COMMAND: POST /session/2759f398ae6909ecf070b95432d661bb/execute/async - {"script":"<script> [6424 bytes]","args":[{"element-6066-11e4-a52e-4f735466cecf":"f.C8E988D017B61114C3524FC91E13D13B.d.A97D668A47C3C682477CD378A9E94CC3.e.784"},"getVisible",[]]}
RESULT: {"using":"xpath","value":"//*[@id=\"application-manageresources-display-component---newResourceUnit--btnAddTimeSegment-img\"]"}
COMMAND: POST /session/2759f398ae6909ecf070b95432d661bb/element/f.C8E988D017B61114C3524FC91E13D13B.d.A97D668A47C3C682477CD378A9E94CC3.e.784/click - {}
RESULT: {"script":"<script> [6424 bytes]","args":[{"element-6066-11e4-a52e-4f735466cecf":"f.C8E988D017B61114C3524FC91E13D13B.d.A97D668A47C3C682477CD378A9E94CC3.e.784"},"getVisible",[]]}
RESULT: {}
COMMAND: POST /session/2759f398ae6909ecf070b95432d661bb/actions - {"actions":[{"id":"action3","type":"key","parameters":{},"actions":[{"type":"keyDown","value":"î€•"},{"type":"keyDown","value":"î€•"},{"type":"pause","duration":10},{"type":"keyUp","value":"î€•"},{"type":"keyUp","value":"î€•"}]}]}
COMMAND: GET /session/2759f398ae6909ecf070b95432d661bb/screenshot - {}
RESULT: {"actions":[{"id":"action3","type":"key","parameters":{},"actions":[{"type":"keyDown","value":"î€•"},{"type":"keyDown","value":"î€•"},{"type":"pause","duration":10},{"type":"keyUp","value":"î€•"},{"type":"keyUp","value":"î€•"}]}]}
COMMAND: GET /session/2759f398ae6909ecf070b95432d661bb/screenshot - {}
RESULT: {}
RESULT: {}
COMMAND: POST /session/2759f398ae6909ecf070b95432d661bb/execute/async - {"script":"<script> [1562 bytes]","args":[{"selector":{"controlType":"sap.ui.core.Icon","viewName":"reusables.view.manageresources.NewResourceUnit","viewId":"application-manageresources-display-component---newResourceUnit","properties":{"src":{"regex":{"source":"slim\\-arrow\\-down"}}},"ancestor":{"controlType":"sap.m.ComboBox","viewName":"reusables.view.manageresources.NewResourceUnit","viewId":"application-manageresources-display-component---newResourceUnit","bindingPath":{"path":"/RESOURCE_UNIT_TIME_SEQUENCES/0","propertyPath":"COST_OBJECT_OWNER_CST_TYPE","modelName":"oNewRruModel"}}},"wdio_ui5_key":"reusablesview.manageresources.NewResourceUnitsap.ui.core.Icon{\"src\":{\"regex\":{\"source\":\"slim\\\\-arrow\\\\-down\"}}}{\"controlType\":\"sap.m.ComboBox\",\"viewName\":\"reusables.view.manageresources.NewResourceUnit\",\"viewId\":\"application-manageresources-display-component---newResourceUnit\",\"bindingPath\":{\"path\":\"/RESOURCE_UNIT_TIME_SEQUENCES/0\",\"propertyPath\":\"COST_OBJECT_OWNER_CST_TYPE\",\"modelName\":\"oNewRruModel\"}}"}]}
RESULT: {"script":"<script> [1562 bytes]","args":[{"selector":{"controlType":"sap.ui.core.Icon","viewName":"reusables.view.manageresources.NewResourceUnit","viewId":"application-manageresources-display-component---newResourceUnit","properties":{"src":{"regex":{"source":"slim\\-arrow\\-down"}}},"ancestor":{"controlType":"sap.m.ComboBox","viewName":"reusables.view.manageresources.NewResourceUnit","viewId":"application-manageresources-display-component---newResourceUnit","bindingPath":{"path":"/RESOURCE_UNIT_TIME_SEQUENCES/0","propertyPath":"COST_OBJECT_OWNER_CST_TYPE","modelName":"oNewRruModel"}}},"wdio_ui5_key":"reusablesview.manageresources.NewResourceUnitsap.ui.core.Icon{\"src\":{\"regex\":{\"source\":\"slim\\\\-arrow\\\\-down\"}}}{\"controlType\":\"sap.m.ComboBox\",\"viewName\":\"reusables.view.manageresources.NewResourceUnit\",\"viewId\":\"application-manageresources-display-component---newResourceUnit\",\"bindingPath\":{\"path\":\"/RESOURCE_UNIT_TIME_SEQUENCES/0\",\"propertyPath\":\"COST_OBJECT_OWNER_CST_TYPE\",\"modelName\":\"oNewRruModel\"}}"}]}
RESULT: undefined
COMMAND: POST /session/2759f398ae6909ecf070b95432d661bb/element - {"using":"xpath","value":"//*[@id=\"__box4-application-manageresources-display-component---newResourceUnit--RUTimeSegment-0-arrow\"]"}
RESULT: {"using":"xpath","value":"//*[@id=\"__box4-application-manageresources-display-component---newResourceUnit--RUTimeSegment-0-arrow\"]"}
COMMAND: POST /session/2759f398ae6909ecf070b95432d661bb/element/f.C8E988D017B61114C3524FC91E13D13B.d.A97D668A47C3C682477CD378A9E94CC3.e.800/click - {}
RESULT: {}
COMMAND: POST /session/2759f398ae6909ecf070b95432d661bb/element - {"using":"xpath","value":"//span[@aria-live=\"polite\" and text()=\"Cost Center\"]"}
COMMAND: GET /session/2759f398ae6909ecf070b95432d661bb/screenshot - {}
RESULT: {"using":"xpath","value":"//span[@aria-live=\"polite\" and text()=\"Cost Center\"]"}
COMMAND: POST /session/2759f398ae6909ecf070b95432d661bb/execute/sync - {"script":"<script> [8489 bytes]","args":[{"element-6066-11e4-a52e-4f735466cecf":"f.C8E988D017B61114C3524FC91E13D13B.d.A97D668A47C3C682477CD378A9E94CC3.e.803","ELEMENT":"f.C8E988D017B61114C3524FC91E13D13B.d.A97D668A47C3C682477CD378A9E94CC3.e.803"}]}
RESULT: {}
RESULT: {"script":"<script> [8489 bytes]","args":[{"element-6066-11e4-a52e-4f735466cecf":"f.C8E988D017B61114C3524FC91E13D13B.d.A97D668A47C3C682477CD378A9E94CC3.e.803","ELEMENT":"f.C8E988D017B61114C3524FC91E13D13B.d.A97D668A47C3C682477CD378A9E94CC3.e.803"}]}
COMMAND: POST /session/2759f398ae6909ecf070b95432d661bb/element - {"using":"xpath","value":"//span[@aria-live=\"polite\" and text()=\"Internal Order\"]"}
COMMAND: GET /session/2759f398ae6909ecf070b95432d661bb/screenshot - {}
RESULT: {"using":"xpath","value":"//span[@aria-live=\"polite\" and text()=\"Internal Order\"]"}
COMMAND: POST /session/2759f398ae6909ecf070b95432d661bb/execute/sync - {"script":"<script> [8489 bytes]","args":[{"element-6066-11e4-a52e-4f735466cecf":"f.C8E988D017B61114C3524FC91E13D13B.d.A97D668A47C3C682477CD378A9E94CC3.e.804","ELEMENT":"f.C8E988D017B61114C3524FC91E13D13B.d.A97D668A47C3C682477CD378A9E94CC3.e.804"}]}
RESULT: {}
RESULT: {"script":"<script> [8489 bytes]","args":[{"element-6066-11e4-a52e-4f735466cecf":"f.C8E988D017B61114C3524FC91E13D13B.d.A97D668A47C3C682477CD378A9E94CC3.e.804","ELEMENT":"f.C8E988D017B61114C3524FC91E13D13B.d.A97D668A47C3C682477CD378A9E94CC3.e.804"}]}
COMMAND: POST /session/2759f398ae6909ecf070b95432d661bb/element - {"using":"xpath","value":"//span[@aria-live=\"polite\" and text()=\"PM Order\"]"}
COMMAND: GET /session/2759f398ae6909ecf070b95432d661bb/screenshot - {}
RESULT: {"using":"xpath","value":"//span[@aria-live=\"polite\" and text()=\"PM Order\"]"}
COMMAND: POST /session/2759f398ae6909ecf070b95432d661bb/execute/sync - {"script":"<script> [8489 bytes]","args":[{"element-6066-11e4-a52e-4f735466cecf":"f.C8E988D017B61114C3524FC91E13D13B.d.A97D668A47C3C682477CD378A9E94CC3.e.805","ELEMENT":"f.C8E988D017B61114C3524FC91E13D13B.d.A97D668A47C3C682477CD378A9E94CC3.e.805"}]}
RESULT: {}
RESULT: {"script":"<script> [8489 bytes]","args":[{"element-6066-11e4-a52e-4f735466cecf":"f.C8E988D017B61114C3524FC91E13D13B.d.A97D668A47C3C682477CD378A9E94CC3.e.805","ELEMENT":"f.C8E988D017B61114C3524FC91E13D13B.d.A97D668A47C3C682477CD378A9E94CC3.e.805"}]}
COMMAND: POST /session/2759f398ae6909ecf070b95432d661bb/element - {"using":"xpath","value":"//span[@aria-live=\"polite\" and text()=\"Work Breakdown Structure\"]"}
COMMAND: GET /session/2759f398ae6909ecf070b95432d661bb/screenshot - {}
RESULT: {"using":"xpath","value":"//span[@aria-live=\"polite\" and text()=\"Work Breakdown Structure\"]"}
COMMAND: POST /session/2759f398ae6909ecf070b95432d661bb/execute/sync - {"script":"<script> [8489 bytes]","args":[{"element-6066-11e4-a52e-4f735466cecf":"f.C8E988D017B61114C3524FC91E13D13B.d.A97D668A47C3C682477CD378A9E94CC3.e.806","ELEMENT":"f.C8E988D017B61114C3524FC91E13D13B.d.A97D668A47C3C682477CD378A9E94CC3.e.806"}]}
RESULT: {}
RESULT: {"script":"<script> [8489 bytes]","args":[{"element-6066-11e4-a52e-4f735466cecf":"f.C8E988D017B61114C3524FC91E13D13B.d.A97D668A47C3C682477CD378A9E94CC3.e.806","ELEMENT":"f.C8E988D017B61114C3524FC91E13D13B.d.A97D668A47C3C682477CD378A9E94CC3.e.806"}]}
]]></system-out>
    </testcase>
  </testsuite>
  <testsuite timestamp="2025-06-12T16:02:59" time="62.24" tests="1" failures="0" errors="0" skipped="0">
    <properties>
      <property name="specId" value="0" />
      <property name="suiteName" value="Manage Partners: Interfaces Data Check for UI fields US132253" />
      <property name="capabilities" value="chrome.137_0_7151_69.windows" />
      <property name="file" value="file:///D:/a/1/s/test/specs/TECH/partner-interface-data-check.spec.js" />
    </properties>
    <testcase classname="chrome.137_0_7151_69.windows.Manage_Partners:_Interfaces_Data_Check_for_UI_fields_US132253" name="Should see data from Company Code interface for Company Code Field" time="31.523">
      <system-out><![CDATA[
COMMAND: POST /session/2759f398ae6909ecf070b95432d661bb/execute/async - {"script":"<script> [1562 bytes]","args":[{"selector":{"controlType":"sap.m.Button","viewName":"etm.portal.ui.managepartners.view.Master","viewId":"application-managepartners-display-component---masterPtm","i18NText":{"propertyName":"tooltip","key":"add"}},"wdio_ui5_key":"etmportal.ui.managepartners.view.Mastersap.m.Button{\"propertyName\":\"tooltip\",\"key\":\"add\"}"}]}
RESULT: {"script":"<script> [1562 bytes]","args":[{"selector":{"controlType":"sap.m.Button","viewName":"etm.portal.ui.managepartners.view.Master","viewId":"application-managepartners-display-component---masterPtm","i18NText":{"propertyName":"tooltip","key":"add"}},"wdio_ui5_key":"etmportal.ui.managepartners.view.Mastersap.m.Button{\"propertyName\":\"tooltip\",\"key\":\"add\"}"}]}
RESULT: undefined
COMMAND: POST /session/2759f398ae6909ecf070b95432d661bb/element - {"using":"xpath","value":"//*[@id=\"__button4\"]"}
RESULT: {"using":"xpath","value":"//*[@id=\"__button4\"]"}
COMMAND: POST /session/2759f398ae6909ecf070b95432d661bb/element/f.C8E988D017B61114C3524FC91E13D13B.d.9E259333559F7B074FED0F5843AEB41D.e.1285/click - {}
RESULT: {}
COMMAND: GET /session/2759f398ae6909ecf070b95432d661bb/screenshot - {}
RESULT: {}
COMMAND: POST /session/2759f398ae6909ecf070b95432d661bb/execute/async - {"script":"<script> [1562 bytes]","args":[{"selector":{"id":"application-managepartners-display-component---NewPartner--partnerDetailInternal","interaction":{"idSuffix":"inner"}},"wdio_ui5_key":"applicationmanagepartners-display-component---NewPartner--partnerDetailInternal"}]}
RESULT: {"script":"<script> [1562 bytes]","args":[{"selector":{"id":"application-managepartners-display-component---NewPartner--partnerDetailInternal","interaction":{"idSuffix":"inner"}},"wdio_ui5_key":"applicationmanagepartners-display-component---NewPartner--partnerDetailInternal"}]}
RESULT: undefined
COMMAND: POST /session/2759f398ae6909ecf070b95432d661bb/execute/async - {"script":"<script> [776 bytes]","args":[{"enterText":"","selector":{"id":"application-managepartners-display-component---NewPartner--partnerDetailInternal","interaction":{"idSuffix":"inner"}},"clearTextFirst":true,"interactionType":"ENTER_TEXT"}]}
RESULT: {"script":"<script> [776 bytes]","args":[{"enterText":"","selector":{"id":"application-managepartners-display-component---NewPartner--partnerDetailInternal","interaction":{"idSuffix":"inner"}},"clearTextFirst":true,"interactionType":"ENTER_TEXT"}]}
COMMAND: POST /session/2759f398ae6909ecf070b95432d661bb/execute/async - {"script":"<script> [1562 bytes]","args":[{"selector":{"id":"application-managepartners-display-component---NewPartner--partnerDetailInternal-arrow"},"wdio_ui5_key":"applicationmanagepartners-display-component---NewPartner--partnerDetailInternal-arrow"}]}
RESULT: {"script":"<script> [1562 bytes]","args":[{"selector":{"id":"application-managepartners-display-component---NewPartner--partnerDetailInternal-arrow"},"wdio_ui5_key":"applicationmanagepartners-display-component---NewPartner--partnerDetailInternal-arrow"}]}
RESULT: undefined
COMMAND: POST /session/2759f398ae6909ecf070b95432d661bb/element - {"using":"xpath","value":"//*[@id=\"application-managepartners-display-component---NewPartner--partnerDetailInternal-arrow\"]"}
RESULT: {"using":"xpath","value":"//*[@id=\"application-managepartners-display-component---NewPartner--partnerDetailInternal-arrow\"]"}
COMMAND: POST /session/2759f398ae6909ecf070b95432d661bb/element/f.C8E988D017B61114C3524FC91E13D13B.d.9E259333559F7B074FED0F5843AEB41D.e.1585/click - {}
RESULT: {}
COMMAND: POST /session/2759f398ae6909ecf070b95432d661bb/execute/async - {"script":"<script> [1562 bytes]","args":[{"selector":{"controlType":"sap.m.StandardListItem","viewName":"etm.portal.ui.managepartners.view.NewPartner","viewId":"application-managepartners-display-component---NewPartner","properties":{"title":"External partner"},"searchOpenDialogs":true},"wdio_ui5_key":"etmportal.ui.managepartners.view.NewPartnersap.m.StandardListItem{\"title\":\"External partner\"}"}]}
COMMAND: GET /session/2759f398ae6909ecf070b95432d661bb/screenshot - {}
RESULT: {"script":"<script> [1562 bytes]","args":[{"selector":{"controlType":"sap.m.StandardListItem","viewName":"etm.portal.ui.managepartners.view.NewPartner","viewId":"application-managepartners-display-component---NewPartner","properties":{"title":"External partner"},"searchOpenDialogs":true},"wdio_ui5_key":"etmportal.ui.managepartners.view.NewPartnersap.m.StandardListItem{\"title\":\"External partner\"}"}]}
RESULT: undefined
COMMAND: POST /session/2759f398ae6909ecf070b95432d661bb/element - {"using":"xpath","value":"//*[@id=\"__item89\"]"}
RESULT: {}
RESULT: {"using":"xpath","value":"//*[@id=\"__item89\"]"}
COMMAND: POST /session/2759f398ae6909ecf070b95432d661bb/element/f.C8E988D017B61114C3524FC91E13D13B.d.9E259333559F7B074FED0F5843AEB41D.e.1587/click - {}
RESULT: {}
COMMAND: POST /session/2759f398ae6909ecf070b95432d661bb/execute/async - {"script":"<script> [1562 bytes]","args":[{"selector":{"controlType":"sap.m.Button","viewName":"etm.portal.ui.managepartners.view.NewPartner","viewId":"application-managepartners-display-component---NewPartner","properties":{"text":"Reference"},"interaction":{"idSuffix":"BDI-content"}},"wdio_ui5_key":"etmportal.ui.managepartners.view.NewPartnersap.m.Button{\"text\":\"Reference\"}"}]}
COMMAND: GET /session/2759f398ae6909ecf070b95432d661bb/screenshot - {}
RESULT: {"script":"<script> [1562 bytes]","args":[{"selector":{"controlType":"sap.m.Button","viewName":"etm.portal.ui.managepartners.view.NewPartner","viewId":"application-managepartners-display-component---NewPartner","properties":{"text":"Reference"},"interaction":{"idSuffix":"BDI-content"}},"wdio_ui5_key":"etmportal.ui.managepartners.view.NewPartnersap.m.Button{\"text\":\"Reference\"}"}]}
RESULT: undefined
COMMAND: POST /session/2759f398ae6909ecf070b95432d661bb/element - {"using":"xpath","value":"//*[@id=\"application-managepartners-display-component---NewPartner--ObjectPageLayout-anchBar-__section7-anchor\"]"}
RESULT: {}
RESULT: {"using":"xpath","value":"//*[@id=\"application-managepartners-display-component---NewPartner--ObjectPageLayout-anchBar-__section7-anchor\"]"}
COMMAND: POST /session/2759f398ae6909ecf070b95432d661bb/element/f.C8E988D017B61114C3524FC91E13D13B.d.9E259333559F7B074FED0F5843AEB41D.e.1589/click - {}
RESULT: {}
COMMAND: POST /session/2759f398ae6909ecf070b95432d661bb/execute/async - {"script":"<script> [1562 bytes]","args":[{"selector":{"id":"application-managepartners-display-component---NewPartner--companyCodeComboBox","interaction":{"idSuffix":"inner"}},"wdio_ui5_key":"applicationmanagepartners-display-component---NewPartner--companyCodeComboBox"}]}
COMMAND: GET /session/2759f398ae6909ecf070b95432d661bb/screenshot - {}
RESULT: {"script":"<script> [1562 bytes]","args":[{"selector":{"id":"application-managepartners-display-component---NewPartner--companyCodeComboBox","interaction":{"idSuffix":"inner"}},"wdio_ui5_key":"applicationmanagepartners-display-component---NewPartner--companyCodeComboBox"}]}
RESULT: undefined
COMMAND: POST /session/2759f398ae6909ecf070b95432d661bb/execute/async - {"script":"<script> [776 bytes]","args":[{"enterText":"1010","selector":{"id":"application-managepartners-display-component---NewPartner--companyCodeComboBox","interaction":{"idSuffix":"inner"}},"clearTextFirst":true,"interactionType":"ENTER_TEXT"}]}
RESULT: {}
RESULT: {"script":"<script> [776 bytes]","args":[{"enterText":"1010","selector":{"id":"application-managepartners-display-component---NewPartner--companyCodeComboBox","interaction":{"idSuffix":"inner"}},"clearTextFirst":true,"interactionType":"ENTER_TEXT"}]}
COMMAND: POST /session/2759f398ae6909ecf070b95432d661bb/actions - {"actions":[{"id":"action6","type":"key","parameters":{},"actions":[{"type":"keyDown","value":"î€•"},{"type":"pause","duration":10},{"type":"keyUp","value":"î€•"}]}]}
RESULT: {"actions":[{"id":"action6","type":"key","parameters":{},"actions":[{"type":"keyDown","value":"î€•"},{"type":"pause","duration":10},{"type":"keyUp","value":"î€•"}]}]}
COMMAND: POST /session/2759f398ae6909ecf070b95432d661bb/actions - {"actions":[{"id":"action7","type":"key","parameters":{},"actions":[{"type":"keyDown","value":"î€‡"},{"type":"pause","duration":10},{"type":"keyUp","value":"î€‡"}]}]}
COMMAND: GET /session/2759f398ae6909ecf070b95432d661bb/screenshot - {}
RESULT: {"actions":[{"id":"action7","type":"key","parameters":{},"actions":[{"type":"keyDown","value":"î€‡"},{"type":"pause","duration":10},{"type":"keyUp","value":"î€‡"}]}]}
RESULT: undefined
COMMAND: POST /session/2759f398ae6909ecf070b95432d661bb/execute/async - {"script":"<script> [6424 bytes]","args":[{"element-6066-11e4-a52e-4f735466cecf":"f.C8E988D017B61114C3524FC91E13D13B.d.9E259333559F7B074FED0F5843AEB41D.e.1457"},"getValue",[]]}
COMMAND: GET /session/2759f398ae6909ecf070b95432d661bb/screenshot - {}
RESULT: {}
RESULT: {"script":"<script> [6424 bytes]","args":[{"element-6066-11e4-a52e-4f735466cecf":"f.C8E988D017B61114C3524FC91E13D13B.d.9E259333559F7B074FED0F5843AEB41D.e.1457"},"getValue",[]]}
COMMAND: POST /session/2759f398ae6909ecf070b95432d661bb/execute/async - {"script":"<script> [1562 bytes]","args":[{"selector":{"id":"application-managepartners-display-component---NewPartner--btnAddTableRow-img"},"wdio_ui5_key":"applicationmanagepartners-display-component---NewPartner--btnAddTableRow-img"}]}
RESULT: {}
RESULT: {"script":"<script> [1562 bytes]","args":[{"selector":{"id":"application-managepartners-display-component---NewPartner--btnAddTableRow-img"},"wdio_ui5_key":"applicationmanagepartners-display-component---NewPartner--btnAddTableRow-img"}]}
RESULT: undefined
COMMAND: POST /session/2759f398ae6909ecf070b95432d661bb/element - {"using":"xpath","value":"//*[@id=\"application-managepartners-display-component---NewPartner--btnAddTableRow-img\"]"}
RESULT: {"using":"xpath","value":"//*[@id=\"application-managepartners-display-component---NewPartner--btnAddTableRow-img\"]"}
COMMAND: POST /session/2759f398ae6909ecf070b95432d661bb/element/f.C8E988D017B61114C3524FC91E13D13B.d.9E259333559F7B074FED0F5843AEB41D.e.1598/click - {}
RESULT: {}
COMMAND: POST /session/2759f398ae6909ecf070b95432d661bb/execute/async - {"script":"<script> [1562 bytes]","args":[{"selector":{"id":"application-managepartners-display-component---NewPartner--assignmentYard-application-managepartners-display-component---NewPartner--assignmentsTable-0-arrow"},"wdio_ui5_key":"applicationmanagepartners-display-component---NewPartner--assignmentYard-application-managepartners-display-component---NewPartner--assignmentsTable-0-arrow"}]}
COMMAND: GET /session/2759f398ae6909ecf070b95432d661bb/screenshot - {}
RESULT: {"script":"<script> [1562 bytes]","args":[{"selector":{"id":"application-managepartners-display-component---NewPartner--assignmentYard-application-managepartners-display-component---NewPartner--assignmentsTable-0-arrow"},"wdio_ui5_key":"applicationmanagepartners-display-component---NewPartner--assignmentYard-application-managepartners-display-component---NewPartner--assignmentsTable-0-arrow"}]}
RESULT: undefined
COMMAND: POST /session/2759f398ae6909ecf070b95432d661bb/element - {"using":"xpath","value":"//*[@id=\"application-managepartners-display-component---NewPartner--assignmentYard-application-managepartners-display-component---NewPartner--assignmentsTable-0-arrow\"]"}
RESULT: {}
RESULT: {"using":"xpath","value":"//*[@id=\"application-managepartners-display-component---NewPartner--assignmentYard-application-managepartners-display-component---NewPartner--assignmentsTable-0-arrow\"]"}
COMMAND: POST /session/2759f398ae6909ecf070b95432d661bb/element/f.C8E988D017B61114C3524FC91E13D13B.d.9E259333559F7B074FED0F5843AEB41D.e.1606/click - {}
RESULT: {}
COMMAND: POST /session/2759f398ae6909ecf070b95432d661bb/element - {"using":"xpath","value":"//input[@id=\"application-managepartners-display-component---NewPartner--assignmentYard-application-managepartners-display-component---NewPartner--assignmentsTable-0-inner\"]"}
COMMAND: GET /session/2759f398ae6909ecf070b95432d661bb/screenshot - {}
RESULT: {"using":"xpath","value":"//input[@id=\"application-managepartners-display-component---NewPartner--assignmentYard-application-managepartners-display-component---NewPartner--assignmentsTable-0-inner\"]"}
COMMAND: POST /session/2759f398ae6909ecf070b95432d661bb/elements - {"using":"xpath","value":"//input[@id=\"application-managepartners-display-component---NewPartner--assignmentYard-application-managepartners-display-component---NewPartner--assignmentsTable-0-inner\"]"}
RESULT: {}
RESULT: {"using":"xpath","value":"//input[@id=\"application-managepartners-display-component---NewPartner--assignmentYard-application-managepartners-display-component---NewPartner--assignmentsTable-0-inner\"]"}
COMMAND: POST /session/2759f398ae6909ecf070b95432d661bb/execute/sync - {"script":"<script> [8489 bytes]","args":[{"element-6066-11e4-a52e-4f735466cecf":"f.C8E988D017B61114C3524FC91E13D13B.d.9E259333559F7B074FED0F5843AEB41D.e.1601","ELEMENT":"f.C8E988D017B61114C3524FC91E13D13B.d.9E259333559F7B074FED0F5843AEB41D.e.1601"}]}
RESULT: {"script":"<script> [8489 bytes]","args":[{"element-6066-11e4-a52e-4f735466cecf":"f.C8E988D017B61114C3524FC91E13D13B.d.9E259333559F7B074FED0F5843AEB41D.e.1601","ELEMENT":"f.C8E988D017B61114C3524FC91E13D13B.d.9E259333559F7B074FED0F5843AEB41D.e.1601"}]}
COMMAND: POST /session/2759f398ae6909ecf070b95432d661bb/element/f.C8E988D017B61114C3524FC91E13D13B.d.9E259333559F7B074FED0F5843AEB41D.e.1601/clear - {}
COMMAND: GET /session/2759f398ae6909ecf070b95432d661bb/screenshot - {}
RESULT: {}
COMMAND: POST /session/2759f398ae6909ecf070b95432d661bb/element/f.C8E988D017B61114C3524FC91E13D13B.d.9E259333559F7B074FED0F5843AEB41D.e.1601/value - {"text":"176"}
COMMAND: GET /session/2759f398ae6909ecf070b95432d661bb/screenshot - {}
RESULT: {}
RESULT: {"text":"176"}
COMMAND: GET /session/2759f398ae6909ecf070b95432d661bb/screenshot - {}
RESULT: {}
RESULT: {}
COMMAND: POST /session/2759f398ae6909ecf070b95432d661bb/actions - {"actions":[{"id":"action8","type":"key","parameters":{},"actions":[{"type":"keyDown","value":"î€•"},{"type":"pause","duration":10},{"type":"keyUp","value":"î€•"}]}]}
RESULT: {"actions":[{"id":"action8","type":"key","parameters":{},"actions":[{"type":"keyDown","value":"î€•"},{"type":"pause","duration":10},{"type":"keyUp","value":"î€•"}]}]}
COMMAND: POST /session/2759f398ae6909ecf070b95432d661bb/actions - {"actions":[{"id":"action9","type":"key","parameters":{},"actions":[{"type":"keyDown","value":"î€‡"},{"type":"pause","duration":10},{"type":"keyUp","value":"î€‡"}]}]}
COMMAND: GET /session/2759f398ae6909ecf070b95432d661bb/screenshot - {}
RESULT: {"actions":[{"id":"action9","type":"key","parameters":{},"actions":[{"type":"keyDown","value":"î€‡"},{"type":"pause","duration":10},{"type":"keyUp","value":"î€‡"}]}]}
COMMAND: POST /session/2759f398ae6909ecf070b95432d661bb/execute/async - {"script":"<script> [1562 bytes]","args":[{"selector":{"id":"application-managepartners-display-component---NewPartner--externalCustomerComboBox-application-managepartners-display-component---NewPartner--assignmentsTable-0-vhi"},"wdio_ui5_key":"applicationmanagepartners-display-component---NewPartner--externalCustomerComboBox-application-managepartners-display-component---NewPartner--assignmentsTable-0-vhi"}]}
COMMAND: GET /session/2759f398ae6909ecf070b95432d661bb/screenshot - {}
RESULT: {}
RESULT: {"script":"<script> [1562 bytes]","args":[{"selector":{"id":"application-managepartners-display-component---NewPartner--externalCustomerComboBox-application-managepartners-display-component---NewPartner--assignmentsTable-0-vhi"},"wdio_ui5_key":"applicationmanagepartners-display-component---NewPartner--externalCustomerComboBox-application-managepartners-display-component---NewPartner--assignmentsTable-0-vhi"}]}
RESULT: undefined
RESULT: {}
COMMAND: DELETE /session/2759f398ae6909ecf070b95432d661bb - {}
RESULT: {}
]]></system-out>
    </testcase>
  </testsuite>
</testsuites>