<?xml version="1.0" encoding="UTF-8"?>
<testsuites tests="58" failures="10" errors="10" skipped="0">
  <testsuite timestamp="2025-04-30T05:38:34" time="874.371" tests="11" failures="0" errors="0" skipped="0">
    <properties>
      <property name="specId" value="0" />
      <property name="suiteName" value="Billing confirm US117289" />
      <property name="capabilities" value="chrome.135_0_7049_96.windows" />
      <property name="file" value="file:///D:/a/1/s/test/specs/BTS/billing-confirm.spec.js" />
    </properties>
    <testcase classname="chrome.135_0_7049_96.windows.Billing_confirm_US117289" name="Should create a new yard" time="94.223">
      <system-out><![CDATA[
COMMAND: POST /session/4712af7ad0eaf46e7406ff23cdc0ea9d/window/fullscreen - {}
RESULT: {}
COMMAND: POST /session/4712af7ad0eaf46e7406ff23cdc0ea9d/execute/async - {"script":"<script> [1562 bytes]","args":[{"selector":{"controlType":"sap.m.GenericTile","properties":{"header":"Manage Yards"}},"wdio_ui5_key":"sapm.GenericTile{\"header\":\"Manage Yards\"}"}]}
RESULT: {"script":"<script> [1562 bytes]","args":[{"selector":{"controlType":"sap.m.GenericTile","properties":{"header":"Manage Yards"}},"wdio_ui5_key":"sapm.GenericTile{\"header\":\"Manage Yards\"}"}]}
RESULT: undefined
COMMAND: POST /session/4712af7ad0eaf46e7406ff23cdc0ea9d/element - {"using":"xpath","value":"//*[@id=\"__tile41\"]"}
RESULT: {"using":"xpath","value":"//*[@id=\"__tile41\"]"}
COMMAND: POST /session/4712af7ad0eaf46e7406ff23cdc0ea9d/element/f.791DC57474D669730896E8DA48EFF857.d.14144FA3FF39B5DA18569D6B850C5C78.e.157/click - {}
RESULT: {}
COMMAND: POST /session/4712af7ad0eaf46e7406ff23cdc0ea9d/element - {"using":"xpath","value":"//button[@data-kt=\"addNewYardOverflowToolbarButton\"]"}
COMMAND: GET /session/4712af7ad0eaf46e7406ff23cdc0ea9d/screenshot - {}
RESULT: {"using":"xpath","value":"//button[@data-kt=\"addNewYardOverflowToolbarButton\"]"}
COMMAND: POST /session/4712af7ad0eaf46e7406ff23cdc0ea9d/elements - {"using":"xpath","value":"//button[@data-kt=\"addNewYardOverflowToolbarButton\"]"}
RESULT: {}
RESULT: {"using":"xpath","value":"//button[@data-kt=\"addNewYardOverflowToolbarButton\"]"}
COMMAND: POST /session/4712af7ad0eaf46e7406ff23cdc0ea9d/elements - {"using":"xpath","value":"//button[@data-kt=\"addNewYardOverflowToolbarButton\"]"}
RESULT: {"using":"xpath","value":"//button[@data-kt=\"addNewYardOverflowToolbarButton\"]"}
COMMAND: POST /session/4712af7ad0eaf46e7406ff23cdc0ea9d/elements - {"using":"xpath","value":"//button[@data-kt=\"addNewYardOverflowToolbarButton\"]"}
RESULT: {"using":"xpath","value":"//button[@data-kt=\"addNewYardOverflowToolbarButton\"]"}
COMMAND: POST /session/4712af7ad0eaf46e7406ff23cdc0ea9d/elements - {"using":"xpath","value":"//button[@data-kt=\"addNewYardOverflowToolbarButton\"]"}
RESULT: {"using":"xpath","value":"//button[@data-kt=\"addNewYardOverflowToolbarButton\"]"}
COMMAND: POST /session/4712af7ad0eaf46e7406ff23cdc0ea9d/elements - {"using":"xpath","value":"//button[@data-kt=\"addNewYardOverflowToolbarButton\"]"}
RESULT: {"using":"xpath","value":"//button[@data-kt=\"addNewYardOverflowToolbarButton\"]"}
COMMAND: POST /session/4712af7ad0eaf46e7406ff23cdc0ea9d/elements - {"using":"xpath","value":"//button[@data-kt=\"addNewYardOverflowToolbarButton\"]"}
RESULT: {"using":"xpath","value":"//button[@data-kt=\"addNewYardOverflowToolbarButton\"]"}
COMMAND: POST /session/4712af7ad0eaf46e7406ff23cdc0ea9d/elements - {"using":"xpath","value":"//button[@data-kt=\"addNewYardOverflowToolbarButton\"]"}
RESULT: {"using":"xpath","value":"//button[@data-kt=\"addNewYardOverflowToolbarButton\"]"}
COMMAND: POST /session/4712af7ad0eaf46e7406ff23cdc0ea9d/elements - {"using":"xpath","value":"//button[@data-kt=\"addNewYardOverflowToolbarButton\"]"}
RESULT: {"using":"xpath","value":"//button[@data-kt=\"addNewYardOverflowToolbarButton\"]"}
COMMAND: POST /session/4712af7ad0eaf46e7406ff23cdc0ea9d/elements - {"using":"xpath","value":"//button[@data-kt=\"addNewYardOverflowToolbarButton\"]"}
RESULT: {"using":"xpath","value":"//button[@data-kt=\"addNewYardOverflowToolbarButton\"]"}
COMMAND: POST /session/4712af7ad0eaf46e7406ff23cdc0ea9d/elements - {"using":"xpath","value":"//button[@data-kt=\"addNewYardOverflowToolbarButton\"]"}
RESULT: {"using":"xpath","value":"//button[@data-kt=\"addNewYardOverflowToolbarButton\"]"}
COMMAND: POST /session/4712af7ad0eaf46e7406ff23cdc0ea9d/elements - {"using":"xpath","value":"//button[@data-kt=\"addNewYardOverflowToolbarButton\"]"}
RESULT: {"using":"xpath","value":"//button[@data-kt=\"addNewYardOverflowToolbarButton\"]"}
COMMAND: POST /session/4712af7ad0eaf46e7406ff23cdc0ea9d/elements - {"using":"xpath","value":"//button[@data-kt=\"addNewYardOverflowToolbarButton\"]"}
RESULT: {"using":"xpath","value":"//button[@data-kt=\"addNewYardOverflowToolbarButton\"]"}
COMMAND: POST /session/4712af7ad0eaf46e7406ff23cdc0ea9d/elements - {"using":"xpath","value":"//button[@data-kt=\"addNewYardOverflowToolbarButton\"]"}
RESULT: {"using":"xpath","value":"//button[@data-kt=\"addNewYardOverflowToolbarButton\"]"}
COMMAND: POST /session/4712af7ad0eaf46e7406ff23cdc0ea9d/elements - {"using":"xpath","value":"//button[@data-kt=\"addNewYardOverflowToolbarButton\"]"}
RESULT: {"using":"xpath","value":"//button[@data-kt=\"addNewYardOverflowToolbarButton\"]"}
COMMAND: POST /session/4712af7ad0eaf46e7406ff23cdc0ea9d/elements - {"using":"xpath","value":"//button[@data-kt=\"addNewYardOverflowToolbarButton\"]"}
RESULT: {"using":"xpath","value":"//button[@data-kt=\"addNewYardOverflowToolbarButton\"]"}
COMMAND: POST /session/4712af7ad0eaf46e7406ff23cdc0ea9d/elements - {"using":"xpath","value":"//button[@data-kt=\"addNewYardOverflowToolbarButton\"]"}
RESULT: {"using":"xpath","value":"//button[@data-kt=\"addNewYardOverflowToolbarButton\"]"}
COMMAND: POST /session/4712af7ad0eaf46e7406ff23cdc0ea9d/elements - {"using":"xpath","value":"//button[@data-kt=\"addNewYardOverflowToolbarButton\"]"}
RESULT: {"using":"xpath","value":"//button[@data-kt=\"addNewYardOverflowToolbarButton\"]"}
COMMAND: POST /session/4712af7ad0eaf46e7406ff23cdc0ea9d/elements - {"using":"xpath","value":"//button[@data-kt=\"addNewYardOverflowToolbarButton\"]"}
RESULT: {"using":"xpath","value":"//button[@data-kt=\"addNewYardOverflowToolbarButton\"]"}
COMMAND: POST /session/4712af7ad0eaf46e7406ff23cdc0ea9d/elements - {"using":"xpath","value":"//button[@data-kt=\"addNewYardOverflowToolbarButton\"]"}
RESULT: {"using":"xpath","value":"//button[@data-kt=\"addNewYardOverflowToolbarButton\"]"}
COMMAND: POST /session/4712af7ad0eaf46e7406ff23cdc0ea9d/elements - {"using":"xpath","value":"//button[@data-kt=\"addNewYardOverflowToolbarButton\"]"}
RESULT: {"using":"xpath","value":"//button[@data-kt=\"addNewYardOverflowToolbarButton\"]"}
COMMAND: POST /session/4712af7ad0eaf46e7406ff23cdc0ea9d/elements - {"using":"xpath","value":"//button[@data-kt=\"addNewYardOverflowToolbarButton\"]"}
RESULT: {"using":"xpath","value":"//button[@data-kt=\"addNewYardOverflowToolbarButton\"]"}
COMMAND: POST /session/4712af7ad0eaf46e7406ff23cdc0ea9d/elements - {"using":"xpath","value":"//button[@data-kt=\"addNewYardOverflowToolbarButton\"]"}
RESULT: {"using":"xpath","value":"//button[@data-kt=\"addNewYardOverflowToolbarButton\"]"}
COMMAND: POST /session/4712af7ad0eaf46e7406ff23cdc0ea9d/elements - {"using":"xpath","value":"//button[@data-kt=\"addNewYardOverflowToolbarButton\"]"}
RESULT: {"using":"xpath","value":"//button[@data-kt=\"addNewYardOverflowToolbarButton\"]"}
COMMAND: POST /session/4712af7ad0eaf46e7406ff23cdc0ea9d/elements - {"using":"xpath","value":"//button[@data-kt=\"addNewYardOverflowToolbarButton\"]"}
RESULT: {"using":"xpath","value":"//button[@data-kt=\"addNewYardOverflowToolbarButton\"]"}
COMMAND: POST /session/4712af7ad0eaf46e7406ff23cdc0ea9d/element - {"using":"xpath","value":"//button[@data-kt=\"addNewYardOverflowToolbarButton\"]"}
RESULT: {"using":"xpath","value":"//button[@data-kt=\"addNewYardOverflowToolbarButton\"]"}
COMMAND: POST /session/4712af7ad0eaf46e7406ff23cdc0ea9d/execute/sync - {"script":"<script> [8489 bytes]","args":[{"element-6066-11e4-a52e-4f735466cecf":"f.791DC57474D669730896E8DA48EFF857.d.14144FA3FF39B5DA18569D6B850C5C78.e.294","ELEMENT":"f.791DC57474D669730896E8DA48EFF857.d.14144FA3FF39B5DA18569D6B850C5C78.e.294"}]}
RESULT: {"script":"<script> [8489 bytes]","args":[{"element-6066-11e4-a52e-4f735466cecf":"f.791DC57474D669730896E8DA48EFF857.d.14144FA3FF39B5DA18569D6B850C5C78.e.294","ELEMENT":"f.791DC57474D669730896E8DA48EFF857.d.14144FA3FF39B5DA18569D6B850C5C78.e.294"}]}
COMMAND: GET /session/4712af7ad0eaf46e7406ff23cdc0ea9d/element/f.791DC57474D669730896E8DA48EFF857.d.14144FA3FF39B5DA18569D6B850C5C78.e.294/enabled - {}
COMMAND: GET /session/4712af7ad0eaf46e7406ff23cdc0ea9d/screenshot - {}
RESULT: {}
COMMAND: POST /session/4712af7ad0eaf46e7406ff23cdc0ea9d/execute/sync - {"script":"<script> [8489 bytes]","args":[{"element-6066-11e4-a52e-4f735466cecf":"f.791DC57474D669730896E8DA48EFF857.d.14144FA3FF39B5DA18569D6B850C5C78.e.294","ELEMENT":"f.791DC57474D669730896E8DA48EFF857.d.14144FA3FF39B5DA18569D6B850C5C78.e.294"}]}
COMMAND: GET /session/4712af7ad0eaf46e7406ff23cdc0ea9d/screenshot - {}
RESULT: {}
RESULT: {"script":"<script> [8489 bytes]","args":[{"element-6066-11e4-a52e-4f735466cecf":"f.791DC57474D669730896E8DA48EFF857.d.14144FA3FF39B5DA18569D6B850C5C78.e.294","ELEMENT":"f.791DC57474D669730896E8DA48EFF857.d.14144FA3FF39B5DA18569D6B850C5C78.e.294"}]}
COMMAND: POST /session/4712af7ad0eaf46e7406ff23cdc0ea9d/execute/sync - {"script":"<script> [5351 bytes]","args":[{"element-6066-11e4-a52e-4f735466cecf":"f.791DC57474D669730896E8DA48EFF857.d.14144FA3FF39B5DA18569D6B850C5C78.e.294","ELEMENT":"f.791DC57474D669730896E8DA48EFF857.d.14144FA3FF39B5DA18569D6B850C5C78.e.294"}]}
COMMAND: GET /session/4712af7ad0eaf46e7406ff23cdc0ea9d/screenshot - {}
RESULT: {}
RESULT: {"script":"<script> [5351 bytes]","args":[{"element-6066-11e4-a52e-4f735466cecf":"f.791DC57474D669730896E8DA48EFF857.d.14144FA3FF39B5DA18569D6B850C5C78.e.294","ELEMENT":"f.791DC57474D669730896E8DA48EFF857.d.14144FA3FF39B5DA18569D6B850C5C78.e.294"}]}
COMMAND: POST /session/4712af7ad0eaf46e7406ff23cdc0ea9d/element/f.791DC57474D669730896E8DA48EFF857.d.14144FA3FF39B5DA18569D6B850C5C78.e.294/click - {}
COMMAND: GET /session/4712af7ad0eaf46e7406ff23cdc0ea9d/screenshot - {}
RESULT: {}
RESULT: {}
COMMAND: GET /session/4712af7ad0eaf46e7406ff23cdc0ea9d/screenshot - {}
COMMAND: POST /session/4712af7ad0eaf46e7406ff23cdc0ea9d/element - {"using":"xpath","value":"//input[@id=\"application-manageyards-display-component---NewYard--yardId-inner\"]"}
RESULT: {}
RESULT: {}
RESULT: {"using":"xpath","value":"//input[@id=\"application-manageyards-display-component---NewYard--yardId-inner\"]"}
COMMAND: POST /session/4712af7ad0eaf46e7406ff23cdc0ea9d/element - {"using":"xpath","value":"//input[@id=\"application-manageyards-display-component---NewYard--yardId-inner\"]"}
RESULT: {"using":"xpath","value":"//input[@id=\"application-manageyards-display-component---NewYard--yardId-inner\"]"}
COMMAND: POST /session/4712af7ad0eaf46e7406ff23cdc0ea9d/execute/async - {"script":"<script> [1562 bytes]","args":[{"selector":{"id":"application-manageyards-display-component---NewYard--addressDetailDetailsName1","interaction":{"idSuffix":"inner"}},"wdio_ui5_key":"applicationmanageyards-display-component---NewYard--addressDetailDetailsName1"}]}
RESULT: {"script":"<script> [1562 bytes]","args":[{"selector":{"id":"application-manageyards-display-component---NewYard--addressDetailDetailsName1","interaction":{"idSuffix":"inner"}},"wdio_ui5_key":"applicationmanageyards-display-component---NewYard--addressDetailDetailsName1"}]}
RESULT: undefined
COMMAND: POST /session/4712af7ad0eaf46e7406ff23cdc0ea9d/execute/async - {"script":"<script> [776 bytes]","args":[{"enterText":"Intracompany Yard wdIO","selector":{"id":"application-manageyards-display-component---NewYard--addressDetailDetailsName1","interaction":{"idSuffix":"inner"}},"clearTextFirst":true,"interactionType":"ENTER_TEXT"}]}
RESULT: {"script":"<script> [776 bytes]","args":[{"enterText":"Intracompany Yard wdIO","selector":{"id":"application-manageyards-display-component---NewYard--addressDetailDetailsName1","interaction":{"idSuffix":"inner"}},"clearTextFirst":true,"interactionType":"ENTER_TEXT"}]}
COMMAND: POST /session/4712af7ad0eaf46e7406ff23cdc0ea9d/execute/async - {"script":"<script> [1562 bytes]","args":[{"selector":{"id":"application-manageyards-display-component---NewYard--addressDetailDetailsLanguage-arrow"},"wdio_ui5_key":"applicationmanageyards-display-component---NewYard--addressDetailDetailsLanguage-arrow"}]}
RESULT: {"script":"<script> [1562 bytes]","args":[{"selector":{"id":"application-manageyards-display-component---NewYard--addressDetailDetailsLanguage-arrow"},"wdio_ui5_key":"applicationmanageyards-display-component---NewYard--addressDetailDetailsLanguage-arrow"}]}
RESULT: undefined
COMMAND: POST /session/4712af7ad0eaf46e7406ff23cdc0ea9d/element - {"using":"xpath","value":"//*[@id=\"application-manageyards-display-component---NewYard--addressDetailDetailsLanguage-arrow\"]"}
RESULT: {"using":"xpath","value":"//*[@id=\"application-manageyards-display-component---NewYard--addressDetailDetailsLanguage-arrow\"]"}
COMMAND: POST /session/4712af7ad0eaf46e7406ff23cdc0ea9d/element/f.791DC57474D669730896E8DA48EFF857.d.14144FA3FF39B5DA18569D6B850C5C78.e.728/click - {}
RESULT: {}
COMMAND: POST /session/4712af7ad0eaf46e7406ff23cdc0ea9d/element - {"using":"xpath","value":"//span[contains(text(), \"English\")]"}
COMMAND: GET /session/4712af7ad0eaf46e7406ff23cdc0ea9d/screenshot - {}
RESULT: {"using":"xpath","value":"//span[contains(text(), \"English\")]"}
COMMAND: POST /session/4712af7ad0eaf46e7406ff23cdc0ea9d/element/f.791DC57474D669730896E8DA48EFF857.d.14144FA3FF39B5DA18569D6B850C5C78.e.729/click - {}
RESULT: {}
RESULT: {}
COMMAND: POST /session/4712af7ad0eaf46e7406ff23cdc0ea9d/execute/async - {"script":"<script> [1562 bytes]","args":[{"selector":{"id":"application-manageyards-display-component---NewYard--addressDetailDetailsCity1","interaction":{"idSuffix":"inner"}},"wdio_ui5_key":"applicationmanageyards-display-component---NewYard--addressDetailDetailsCity1"}]}
COMMAND: GET /session/4712af7ad0eaf46e7406ff23cdc0ea9d/screenshot - {}
RESULT: {"script":"<script> [1562 bytes]","args":[{"selector":{"id":"application-manageyards-display-component---NewYard--addressDetailDetailsCity1","interaction":{"idSuffix":"inner"}},"wdio_ui5_key":"applicationmanageyards-display-component---NewYard--addressDetailDetailsCity1"}]}
RESULT: undefined
COMMAND: POST /session/4712af7ad0eaf46e7406ff23cdc0ea9d/execute/async - {"script":"<script> [776 bytes]","args":[{"enterText":"Rosario","selector":{"id":"application-manageyards-display-component---NewYard--addressDetailDetailsCity1","interaction":{"idSuffix":"inner"}},"clearTextFirst":true,"interactionType":"ENTER_TEXT"}]}
RESULT: {}
RESULT: {"script":"<script> [776 bytes]","args":[{"enterText":"Rosario","selector":{"id":"application-manageyards-display-component---NewYard--addressDetailDetailsCity1","interaction":{"idSuffix":"inner"}},"clearTextFirst":true,"interactionType":"ENTER_TEXT"}]}
COMMAND: POST /session/4712af7ad0eaf46e7406ff23cdc0ea9d/execute/async - {"script":"<script> [1562 bytes]","args":[{"selector":{"id":"application-manageyards-display-component---NewYard--addressDetailDetailsCountry-arrow"},"wdio_ui5_key":"applicationmanageyards-display-component---NewYard--addressDetailDetailsCountry-arrow"}]}
RESULT: {"script":"<script> [1562 bytes]","args":[{"selector":{"id":"application-manageyards-display-component---NewYard--addressDetailDetailsCountry-arrow"},"wdio_ui5_key":"applicationmanageyards-display-component---NewYard--addressDetailDetailsCountry-arrow"}]}
RESULT: undefined
COMMAND: POST /session/4712af7ad0eaf46e7406ff23cdc0ea9d/element - {"using":"xpath","value":"//*[@id=\"application-manageyards-display-component---NewYard--addressDetailDetailsCountry-arrow\"]"}
RESULT: {"using":"xpath","value":"//*[@id=\"application-manageyards-display-component---NewYard--addressDetailDetailsCountry-arrow\"]"}
COMMAND: POST /session/4712af7ad0eaf46e7406ff23cdc0ea9d/element/f.791DC57474D669730896E8DA48EFF857.d.14144FA3FF39B5DA18569D6B850C5C78.e.731/click - {}
RESULT: {}
COMMAND: POST /session/4712af7ad0eaf46e7406ff23cdc0ea9d/element - {"using":"xpath","value":"//span[contains(text(), \"Argentina\")]"}
COMMAND: GET /session/4712af7ad0eaf46e7406ff23cdc0ea9d/screenshot - {}
RESULT: {"using":"xpath","value":"//span[contains(text(), \"Argentina\")]"}
COMMAND: POST /session/4712af7ad0eaf46e7406ff23cdc0ea9d/element/f.791DC57474D669730896E8DA48EFF857.d.14144FA3FF39B5DA18569D6B850C5C78.e.732/click - {}
RESULT: {}
RESULT: {}
COMMAND: POST /session/4712af7ad0eaf46e7406ff23cdc0ea9d/execute/async - {"script":"<script> [1562 bytes]","args":[{"selector":{"id":"application-manageyards-display-component---NewYard--addressEditDetailsCostObjectCstType-arrow"},"wdio_ui5_key":"applicationmanageyards-display-component---NewYard--addressEditDetailsCostObjectCstType-arrow"}]}
COMMAND: GET /session/4712af7ad0eaf46e7406ff23cdc0ea9d/screenshot - {}
RESULT: {"script":"<script> [1562 bytes]","args":[{"selector":{"id":"application-manageyards-display-component---NewYard--addressEditDetailsCostObjectCstType-arrow"},"wdio_ui5_key":"applicationmanageyards-display-component---NewYard--addressEditDetailsCostObjectCstType-arrow"}]}
RESULT: undefined
COMMAND: POST /session/4712af7ad0eaf46e7406ff23cdc0ea9d/element - {"using":"xpath","value":"//*[@id=\"application-manageyards-display-component---NewYard--addressEditDetailsCostObjectCstType-arrow\"]"}
RESULT: {}
RESULT: {"using":"xpath","value":"//*[@id=\"application-manageyards-display-component---NewYard--addressEditDetailsCostObjectCstType-arrow\"]"}
COMMAND: POST /session/4712af7ad0eaf46e7406ff23cdc0ea9d/element/f.791DC57474D669730896E8DA48EFF857.d.14144FA3FF39B5DA18569D6B850C5C78.e.733/click - {}
RESULT: {}
COMMAND: POST /session/4712af7ad0eaf46e7406ff23cdc0ea9d/element - {"using":"xpath","value":"//span[contains(text(), \"Cost Center\")]"}
COMMAND: GET /session/4712af7ad0eaf46e7406ff23cdc0ea9d/screenshot - {}
RESULT: {"using":"xpath","value":"//span[contains(text(), \"Cost Center\")]"}
COMMAND: POST /session/4712af7ad0eaf46e7406ff23cdc0ea9d/element/f.791DC57474D669730896E8DA48EFF857.d.14144FA3FF39B5DA18569D6B850C5C78.e.734/click - {}
RESULT: {}
RESULT: {}
COMMAND: GET /session/4712af7ad0eaf46e7406ff23cdc0ea9d/screenshot - {}
RESULT: {}
COMMAND: POST /session/4712af7ad0eaf46e7406ff23cdc0ea9d/element - {"using":"xpath","value":"//span[@id=\"application-manageyards-display-component---NewYard--addressNewCostObjectCstID-vhi\"]"}
RESULT: {"using":"xpath","value":"//span[@id=\"application-manageyards-display-component---NewYard--addressNewCostObjectCstID-vhi\"]"}
COMMAND: POST /session/4712af7ad0eaf46e7406ff23cdc0ea9d/execute/sync - {"script":"<script> [8489 bytes]","args":[{"element-6066-11e4-a52e-4f735466cecf":"f.791DC57474D669730896E8DA48EFF857.d.14144FA3FF39B5DA18569D6B850C5C78.e.738","ELEMENT":"f.791DC57474D669730896E8DA48EFF857.d.14144FA3FF39B5DA18569D6B850C5C78.e.738"}]}
RESULT: {"script":"<script> [8489 bytes]","args":[{"element-6066-11e4-a52e-4f735466cecf":"f.791DC57474D669730896E8DA48EFF857.d.14144FA3FF39B5DA18569D6B850C5C78.e.738","ELEMENT":"f.791DC57474D669730896E8DA48EFF857.d.14144FA3FF39B5DA18569D6B850C5C78.e.738"}]}
COMMAND: POST /session/4712af7ad0eaf46e7406ff23cdc0ea9d/execute/async - {"script":"<script> [1562 bytes]","args":[{"selector":{"id":"application-manageyards-display-component---NewYard--addressNewCostObjectCstID-vhi"},"wdio_ui5_key":"applicationmanageyards-display-component---NewYard--addressNewCostObjectCstID-vhi"}]}
COMMAND: GET /session/4712af7ad0eaf46e7406ff23cdc0ea9d/screenshot - {}
RESULT: {"script":"<script> [1562 bytes]","args":[{"selector":{"id":"application-manageyards-display-component---NewYard--addressNewCostObjectCstID-vhi"},"wdio_ui5_key":"applicationmanageyards-display-component---NewYard--addressNewCostObjectCstID-vhi"}]}
RESULT: undefined
COMMAND: POST /session/4712af7ad0eaf46e7406ff23cdc0ea9d/element - {"using":"xpath","value":"//*[@id=\"application-manageyards-display-component---NewYard--addressNewCostObjectCstID-vhi\"]"}
RESULT: {}
RESULT: {"using":"xpath","value":"//*[@id=\"application-manageyards-display-component---NewYard--addressNewCostObjectCstID-vhi\"]"}
COMMAND: POST /session/4712af7ad0eaf46e7406ff23cdc0ea9d/element/f.791DC57474D669730896E8DA48EFF857.d.14144FA3FF39B5DA18569D6B850C5C78.e.738/click - {}
RESULT: {}
COMMAND: GET /session/4712af7ad0eaf46e7406ff23cdc0ea9d/screenshot - {}
RESULT: {}
COMMAND: POST /session/4712af7ad0eaf46e7406ff23cdc0ea9d/execute/async - {"script":"<script> [1562 bytes]","args":[{"selector":{"controlType":"sap.m.SearchField","properties":{"placeholder":"Search"},"searchOpenDialogs":true,"interaction":{"idSuffix":"I"}},"wdio_ui5_key":"sapm.SearchField{\"placeholder\":\"Search\"}"}]}
RESULT: {"script":"<script> [1562 bytes]","args":[{"selector":{"controlType":"sap.m.SearchField","properties":{"placeholder":"Search"},"searchOpenDialogs":true,"interaction":{"idSuffix":"I"}},"wdio_ui5_key":"sapm.SearchField{\"placeholder\":\"Search\"}"}]}
RESULT: undefined
COMMAND: POST /session/4712af7ad0eaf46e7406ff23cdc0ea9d/execute/async - {"script":"<script> [776 bytes]","args":[{"enterText":"10001013","selector":{"controlType":"sap.m.SearchField","properties":{"placeholder":"Search"},"searchOpenDialogs":true,"interaction":{"idSuffix":"I"}},"clearTextFirst":true,"interactionType":"ENTER_TEXT"}]}
RESULT: {"script":"<script> [776 bytes]","args":[{"enterText":"10001013","selector":{"controlType":"sap.m.SearchField","properties":{"placeholder":"Search"},"searchOpenDialogs":true,"interaction":{"idSuffix":"I"}},"clearTextFirst":true,"interactionType":"ENTER_TEXT"}]}
COMMAND: POST /session/4712af7ad0eaf46e7406ff23cdc0ea9d/actions - {"actions":[{"id":"action1","type":"key","parameters":{},"actions":[{"type":"keyDown","value":"î€‡"},{"type":"pause","duration":10},{"type":"keyUp","value":"î€‡"}]}]}
RESULT: {"actions":[{"id":"action1","type":"key","parameters":{},"actions":[{"type":"keyDown","value":"î€‡"},{"type":"pause","duration":10},{"type":"keyUp","value":"î€‡"}]}]}
COMMAND: GET /session/4712af7ad0eaf46e7406ff23cdc0ea9d/screenshot - {}
RESULT: {}
COMMAND: POST /session/4712af7ad0eaf46e7406ff23cdc0ea9d/element - {"using":"xpath","value":"//span[contains(text(), \"General Management\")]"}
RESULT: {"using":"xpath","value":"//span[contains(text(), \"General Management\")]"}
COMMAND: POST /session/4712af7ad0eaf46e7406ff23cdc0ea9d/element/f.791DC57474D669730896E8DA48EFF857.d.14144FA3FF39B5DA18569D6B850C5C78.e.779/click - {}
RESULT: {}
COMMAND: GET /session/4712af7ad0eaf46e7406ff23cdc0ea9d/screenshot - {}
RESULT: {}
COMMAND: POST /session/4712af7ad0eaf46e7406ff23cdc0ea9d/element - {"using":"xpath","value":"//bdi[contains(text(), \"OK\")]"}
RESULT: {"using":"xpath","value":"//bdi[contains(text(), \"OK\")]"}
COMMAND: POST /session/4712af7ad0eaf46e7406ff23cdc0ea9d/element/f.791DC57474D669730896E8DA48EFF857.d.14144FA3FF39B5DA18569D6B850C5C78.e.780/click - {}
RESULT: {}
COMMAND: GET /session/4712af7ad0eaf46e7406ff23cdc0ea9d/screenshot - {}
RESULT: {}
COMMAND: POST /session/4712af7ad0eaf46e7406ff23cdc0ea9d/execute/async - {"script":"<script> [1562 bytes]","args":[{"selector":{"id":"application-manageyards-display-component---NewYard--addressEditDetailsCurrency-arrow"},"wdio_ui5_key":"applicationmanageyards-display-component---NewYard--addressEditDetailsCurrency-arrow"}]}
RESULT: {"script":"<script> [1562 bytes]","args":[{"selector":{"id":"application-manageyards-display-component---NewYard--addressEditDetailsCurrency-arrow"},"wdio_ui5_key":"applicationmanageyards-display-component---NewYard--addressEditDetailsCurrency-arrow"}]}
RESULT: undefined
COMMAND: POST /session/4712af7ad0eaf46e7406ff23cdc0ea9d/element - {"using":"xpath","value":"//*[@id=\"application-manageyards-display-component---NewYard--addressEditDetailsCurrency-arrow\"]"}
RESULT: {"using":"xpath","value":"//*[@id=\"application-manageyards-display-component---NewYard--addressEditDetailsCurrency-arrow\"]"}
COMMAND: POST /session/4712af7ad0eaf46e7406ff23cdc0ea9d/element/f.791DC57474D669730896E8DA48EFF857.d.14144FA3FF39B5DA18569D6B850C5C78.e.783/click - {}
RESULT: {}
COMMAND: POST /session/4712af7ad0eaf46e7406ff23cdc0ea9d/element - {"using":"xpath","value":"//span[contains(text(), \"Euro\")]"}
COMMAND: GET /session/4712af7ad0eaf46e7406ff23cdc0ea9d/screenshot - {}
RESULT: {"using":"xpath","value":"//span[contains(text(), \"Euro\")]"}
COMMAND: POST /session/4712af7ad0eaf46e7406ff23cdc0ea9d/element/f.791DC57474D669730896E8DA48EFF857.d.14144FA3FF39B5DA18569D6B850C5C78.e.784/click - {}
RESULT: {}
RESULT: {}
COMMAND: POST /session/4712af7ad0eaf46e7406ff23cdc0ea9d/execute/async - {"script":"<script> [1562 bytes]","args":[{"selector":{"controlType":"sap.m.Input","viewName":"etm.portal.ui.manageyards.view.New","viewId":"application-manageyards-display-component---NewYard","bindingPath":{"path":"","propertyPath":"/CONTROLLING_AREA","modelName":"NewYardModel"},"interaction":{"idSuffix":"inner"}},"wdio_ui5_key":"etmportal.ui.manageyards.view.Newsap.m.Input{\"path\":\"\",\"propertyPath\":\"/CONTROLLING_AREA\",\"modelName\":\"NewYardModel\"}"}]}
COMMAND: GET /session/4712af7ad0eaf46e7406ff23cdc0ea9d/screenshot - {}
RESULT: {"script":"<script> [1562 bytes]","args":[{"selector":{"controlType":"sap.m.Input","viewName":"etm.portal.ui.manageyards.view.New","viewId":"application-manageyards-display-component---NewYard","bindingPath":{"path":"","propertyPath":"/CONTROLLING_AREA","modelName":"NewYardModel"},"interaction":{"idSuffix":"inner"}},"wdio_ui5_key":"etmportal.ui.manageyards.view.Newsap.m.Input{\"path\":\"\",\"propertyPath\":\"/CONTROLLING_AREA\",\"modelName\":\"NewYardModel\"}"}]}
RESULT: undefined
COMMAND: POST /session/4712af7ad0eaf46e7406ff23cdc0ea9d/execute/async - {"script":"<script> [776 bytes]","args":[{"enterText":"Z001","selector":{"controlType":"sap.m.Input","viewName":"etm.portal.ui.manageyards.view.New","viewId":"application-manageyards-display-component---NewYard","bindingPath":{"path":"","propertyPath":"/CONTROLLING_AREA","modelName":"NewYardModel"},"interaction":{"idSuffix":"inner"}},"clearTextFirst":true,"interactionType":"ENTER_TEXT"}]}
RESULT: {}
RESULT: {"script":"<script> [776 bytes]","args":[{"enterText":"Z001","selector":{"controlType":"sap.m.Input","viewName":"etm.portal.ui.manageyards.view.New","viewId":"application-manageyards-display-component---NewYard","bindingPath":{"path":"","propertyPath":"/CONTROLLING_AREA","modelName":"NewYardModel"},"interaction":{"idSuffix":"inner"}},"clearTextFirst":true,"interactionType":"ENTER_TEXT"}]}
COMMAND: POST /session/4712af7ad0eaf46e7406ff23cdc0ea9d/execute/async - {"script":"<script> [1562 bytes]","args":[{"selector":{"id":"application-manageyards-display-component---NewYard--companyCodeComboBox","interaction":{"idSuffix":"inner"}},"wdio_ui5_key":"applicationmanageyards-display-component---NewYard--companyCodeComboBox"}]}
RESULT: {"script":"<script> [1562 bytes]","args":[{"selector":{"id":"application-manageyards-display-component---NewYard--companyCodeComboBox","interaction":{"idSuffix":"inner"}},"wdio_ui5_key":"applicationmanageyards-display-component---NewYard--companyCodeComboBox"}]}
RESULT: undefined
COMMAND: POST /session/4712af7ad0eaf46e7406ff23cdc0ea9d/execute/async - {"script":"<script> [776 bytes]","args":[{"enterText":"1000","selector":{"id":"application-manageyards-display-component---NewYard--companyCodeComboBox","interaction":{"idSuffix":"inner"}},"clearTextFirst":true,"interactionType":"ENTER_TEXT"}]}
RESULT: {"script":"<script> [776 bytes]","args":[{"enterText":"1000","selector":{"id":"application-manageyards-display-component---NewYard--companyCodeComboBox","interaction":{"idSuffix":"inner"}},"clearTextFirst":true,"interactionType":"ENTER_TEXT"}]}
COMMAND: POST /session/4712af7ad0eaf46e7406ff23cdc0ea9d/execute/async - {"script":"<script> [1562 bytes]","args":[{"selector":{"controlType":"sap.m.Input","viewName":"etm.portal.ui.manageyards.view.New","viewId":"application-manageyards-display-component---NewYard","bindingPath":{"path":"","propertyPath":"/PLANT","modelName":"NewYardModel"},"interaction":{"idSuffix":"inner"}},"wdio_ui5_key":"etmportal.ui.manageyards.view.Newsap.m.Input{\"path\":\"\",\"propertyPath\":\"/PLANT\",\"modelName\":\"NewYardModel\"}"}]}
RESULT: {"script":"<script> [1562 bytes]","args":[{"selector":{"controlType":"sap.m.Input","viewName":"etm.portal.ui.manageyards.view.New","viewId":"application-manageyards-display-component---NewYard","bindingPath":{"path":"","propertyPath":"/PLANT","modelName":"NewYardModel"},"interaction":{"idSuffix":"inner"}},"wdio_ui5_key":"etmportal.ui.manageyards.view.Newsap.m.Input{\"path\":\"\",\"propertyPath\":\"/PLANT\",\"modelName\":\"NewYardModel\"}"}]}
RESULT: undefined
COMMAND: POST /session/4712af7ad0eaf46e7406ff23cdc0ea9d/execute/async - {"script":"<script> [776 bytes]","args":[{"enterText":"1001","selector":{"controlType":"sap.m.Input","viewName":"etm.portal.ui.manageyards.view.New","viewId":"application-manageyards-display-component---NewYard","bindingPath":{"path":"","propertyPath":"/PLANT","modelName":"NewYardModel"},"interaction":{"idSuffix":"inner"}},"clearTextFirst":true,"interactionType":"ENTER_TEXT"}]}
RESULT: {"script":"<script> [776 bytes]","args":[{"enterText":"1001","selector":{"controlType":"sap.m.Input","viewName":"etm.portal.ui.manageyards.view.New","viewId":"application-manageyards-display-component---NewYard","bindingPath":{"path":"","propertyPath":"/PLANT","modelName":"NewYardModel"},"interaction":{"idSuffix":"inner"}},"clearTextFirst":true,"interactionType":"ENTER_TEXT"}]}
COMMAND: POST /session/4712af7ad0eaf46e7406ff23cdc0ea9d/execute/async - {"script":"<script> [1562 bytes]","args":[{"selector":{"controlType":"sap.m.Input","viewName":"etm.portal.ui.manageyards.view.New","viewId":"application-manageyards-display-component---NewYard","bindingPath":{"path":"","propertyPath":"/SALES_AREA_VKORG","modelName":"NewYardModel"},"interaction":{"idSuffix":"inner"}},"wdio_ui5_key":"etmportal.ui.manageyards.view.Newsap.m.Input{\"path\":\"\",\"propertyPath\":\"/SALES_AREA_VKORG\",\"modelName\":\"NewYardModel\"}"}]}
RESULT: {"script":"<script> [1562 bytes]","args":[{"selector":{"controlType":"sap.m.Input","viewName":"etm.portal.ui.manageyards.view.New","viewId":"application-manageyards-display-component---NewYard","bindingPath":{"path":"","propertyPath":"/SALES_AREA_VKORG","modelName":"NewYardModel"},"interaction":{"idSuffix":"inner"}},"wdio_ui5_key":"etmportal.ui.manageyards.view.Newsap.m.Input{\"path\":\"\",\"propertyPath\":\"/SALES_AREA_VKORG\",\"modelName\":\"NewYardModel\"}"}]}
RESULT: undefined
COMMAND: POST /session/4712af7ad0eaf46e7406ff23cdc0ea9d/execute/async - {"script":"<script> [776 bytes]","args":[{"enterText":"C002","selector":{"controlType":"sap.m.Input","viewName":"etm.portal.ui.manageyards.view.New","viewId":"application-manageyards-display-component---NewYard","bindingPath":{"path":"","propertyPath":"/SALES_AREA_VKORG","modelName":"NewYardModel"},"interaction":{"idSuffix":"inner"}},"clearTextFirst":true,"interactionType":"ENTER_TEXT"}]}
RESULT: {"script":"<script> [776 bytes]","args":[{"enterText":"C002","selector":{"controlType":"sap.m.Input","viewName":"etm.portal.ui.manageyards.view.New","viewId":"application-manageyards-display-component---NewYard","bindingPath":{"path":"","propertyPath":"/SALES_AREA_VKORG","modelName":"NewYardModel"},"interaction":{"idSuffix":"inner"}},"clearTextFirst":true,"interactionType":"ENTER_TEXT"}]}
COMMAND: POST /session/4712af7ad0eaf46e7406ff23cdc0ea9d/execute/async - {"script":"<script> [1562 bytes]","args":[{"selector":{"controlType":"sap.m.Input","viewName":"etm.portal.ui.manageyards.view.New","viewId":"application-manageyards-display-component---NewYard","bindingPath":{"path":"","propertyPath":"/SALES_AREA_VTWEG","modelName":"NewYardModel"},"interaction":{"idSuffix":"inner"}},"wdio_ui5_key":"etmportal.ui.manageyards.view.Newsap.m.Input{\"path\":\"\",\"propertyPath\":\"/SALES_AREA_VTWEG\",\"modelName\":\"NewYardModel\"}"}]}
RESULT: {"script":"<script> [1562 bytes]","args":[{"selector":{"controlType":"sap.m.Input","viewName":"etm.portal.ui.manageyards.view.New","viewId":"application-manageyards-display-component---NewYard","bindingPath":{"path":"","propertyPath":"/SALES_AREA_VTWEG","modelName":"NewYardModel"},"interaction":{"idSuffix":"inner"}},"wdio_ui5_key":"etmportal.ui.manageyards.view.Newsap.m.Input{\"path\":\"\",\"propertyPath\":\"/SALES_AREA_VTWEG\",\"modelName\":\"NewYardModel\"}"}]}
RESULT: undefined
COMMAND: POST /session/4712af7ad0eaf46e7406ff23cdc0ea9d/execute/async - {"script":"<script> [776 bytes]","args":[{"enterText":"C2","selector":{"controlType":"sap.m.Input","viewName":"etm.portal.ui.manageyards.view.New","viewId":"application-manageyards-display-component---NewYard","bindingPath":{"path":"","propertyPath":"/SALES_AREA_VTWEG","modelName":"NewYardModel"},"interaction":{"idSuffix":"inner"}},"clearTextFirst":true,"interactionType":"ENTER_TEXT"}]}
RESULT: {"script":"<script> [776 bytes]","args":[{"enterText":"C2","selector":{"controlType":"sap.m.Input","viewName":"etm.portal.ui.manageyards.view.New","viewId":"application-manageyards-display-component---NewYard","bindingPath":{"path":"","propertyPath":"/SALES_AREA_VTWEG","modelName":"NewYardModel"},"interaction":{"idSuffix":"inner"}},"clearTextFirst":true,"interactionType":"ENTER_TEXT"}]}
COMMAND: POST /session/4712af7ad0eaf46e7406ff23cdc0ea9d/execute/async - {"script":"<script> [1562 bytes]","args":[{"selector":{"controlType":"sap.m.Input","viewName":"etm.portal.ui.manageyards.view.New","viewId":"application-manageyards-display-component---NewYard","bindingPath":{"path":"","propertyPath":"/SALES_AREA_SPART","modelName":"NewYardModel"},"interaction":{"idSuffix":"inner"}},"wdio_ui5_key":"etmportal.ui.manageyards.view.Newsap.m.Input{\"path\":\"\",\"propertyPath\":\"/SALES_AREA_SPART\",\"modelName\":\"NewYardModel\"}"}]}
RESULT: {"script":"<script> [1562 bytes]","args":[{"selector":{"controlType":"sap.m.Input","viewName":"etm.portal.ui.manageyards.view.New","viewId":"application-manageyards-display-component---NewYard","bindingPath":{"path":"","propertyPath":"/SALES_AREA_SPART","modelName":"NewYardModel"},"interaction":{"idSuffix":"inner"}},"wdio_ui5_key":"etmportal.ui.manageyards.view.Newsap.m.Input{\"path\":\"\",\"propertyPath\":\"/SALES_AREA_SPART\",\"modelName\":\"NewYardModel\"}"}]}
RESULT: undefined
COMMAND: POST /session/4712af7ad0eaf46e7406ff23cdc0ea9d/execute/async - {"script":"<script> [776 bytes]","args":[{"enterText":"C2","selector":{"controlType":"sap.m.Input","viewName":"etm.portal.ui.manageyards.view.New","viewId":"application-manageyards-display-component---NewYard","bindingPath":{"path":"","propertyPath":"/SALES_AREA_SPART","modelName":"NewYardModel"},"interaction":{"idSuffix":"inner"}},"clearTextFirst":true,"interactionType":"ENTER_TEXT"}]}
RESULT: {"script":"<script> [776 bytes]","args":[{"enterText":"C2","selector":{"controlType":"sap.m.Input","viewName":"etm.portal.ui.manageyards.view.New","viewId":"application-manageyards-display-component---NewYard","bindingPath":{"path":"","propertyPath":"/SALES_AREA_SPART","modelName":"NewYardModel"},"interaction":{"idSuffix":"inner"}},"clearTextFirst":true,"interactionType":"ENTER_TEXT"}]}
COMMAND: POST /session/4712af7ad0eaf46e7406ff23cdc0ea9d/execute/async - {"script":"<script> [1562 bytes]","args":[{"selector":{"controlType":"sap.m.Input","viewName":"etm.portal.ui.manageyards.view.New","viewId":"application-manageyards-display-component---NewYard","bindingPath":{"path":"","propertyPath":"/SHIP_POINT","modelName":"NewYardModel"},"interaction":{"idSuffix":"inner"}},"wdio_ui5_key":"etmportal.ui.manageyards.view.Newsap.m.Input{\"path\":\"\",\"propertyPath\":\"/SHIP_POINT\",\"modelName\":\"NewYardModel\"}"}]}
RESULT: {"script":"<script> [1562 bytes]","args":[{"selector":{"controlType":"sap.m.Input","viewName":"etm.portal.ui.manageyards.view.New","viewId":"application-manageyards-display-component---NewYard","bindingPath":{"path":"","propertyPath":"/SHIP_POINT","modelName":"NewYardModel"},"interaction":{"idSuffix":"inner"}},"wdio_ui5_key":"etmportal.ui.manageyards.view.Newsap.m.Input{\"path\":\"\",\"propertyPath\":\"/SHIP_POINT\",\"modelName\":\"NewYardModel\"}"}]}
RESULT: undefined
COMMAND: POST /session/4712af7ad0eaf46e7406ff23cdc0ea9d/execute/async - {"script":"<script> [776 bytes]","args":[{"enterText":"1710","selector":{"controlType":"sap.m.Input","viewName":"etm.portal.ui.manageyards.view.New","viewId":"application-manageyards-display-component---NewYard","bindingPath":{"path":"","propertyPath":"/SHIP_POINT","modelName":"NewYardModel"},"interaction":{"idSuffix":"inner"}},"clearTextFirst":true,"interactionType":"ENTER_TEXT"}]}
RESULT: {"script":"<script> [776 bytes]","args":[{"enterText":"1710","selector":{"controlType":"sap.m.Input","viewName":"etm.portal.ui.manageyards.view.New","viewId":"application-manageyards-display-component---NewYard","bindingPath":{"path":"","propertyPath":"/SHIP_POINT","modelName":"NewYardModel"},"interaction":{"idSuffix":"inner"}},"clearTextFirst":true,"interactionType":"ENTER_TEXT"}]}
COMMAND: POST /session/4712af7ad0eaf46e7406ff23cdc0ea9d/execute/async - {"script":"<script> [1562 bytes]","args":[{"selector":{"controlType":"sap.m.Input","viewName":"etm.portal.ui.manageyards.view.New","viewId":"application-manageyards-display-component---NewYard","bindingPath":{"path":"","propertyPath":"/DELIVERY_TYPE","modelName":"NewYardModel"},"interaction":{"idSuffix":"inner"}},"wdio_ui5_key":"etmportal.ui.manageyards.view.Newsap.m.Input{\"path\":\"\",\"propertyPath\":\"/DELIVERY_TYPE\",\"modelName\":\"NewYardModel\"}"}]}
RESULT: {"script":"<script> [1562 bytes]","args":[{"selector":{"controlType":"sap.m.Input","viewName":"etm.portal.ui.manageyards.view.New","viewId":"application-manageyards-display-component---NewYard","bindingPath":{"path":"","propertyPath":"/DELIVERY_TYPE","modelName":"NewYardModel"},"interaction":{"idSuffix":"inner"}},"wdio_ui5_key":"etmportal.ui.manageyards.view.Newsap.m.Input{\"path\":\"\",\"propertyPath\":\"/DELIVERY_TYPE\",\"modelName\":\"NewYardModel\"}"}]}
RESULT: undefined
COMMAND: POST /session/4712af7ad0eaf46e7406ff23cdc0ea9d/execute/async - {"script":"<script> [776 bytes]","args":[{"enterText":"ZL01","selector":{"controlType":"sap.m.Input","viewName":"etm.portal.ui.manageyards.view.New","viewId":"application-manageyards-display-component---NewYard","bindingPath":{"path":"","propertyPath":"/DELIVERY_TYPE","modelName":"NewYardModel"},"interaction":{"idSuffix":"inner"}},"clearTextFirst":true,"interactionType":"ENTER_TEXT"}]}
RESULT: {"script":"<script> [776 bytes]","args":[{"enterText":"ZL01","selector":{"controlType":"sap.m.Input","viewName":"etm.portal.ui.manageyards.view.New","viewId":"application-manageyards-display-component---NewYard","bindingPath":{"path":"","propertyPath":"/DELIVERY_TYPE","modelName":"NewYardModel"},"interaction":{"idSuffix":"inner"}},"clearTextFirst":true,"interactionType":"ENTER_TEXT"}]}
COMMAND: POST /session/4712af7ad0eaf46e7406ff23cdc0ea9d/execute/async - {"script":"<script> [1562 bytes]","args":[{"selector":{"controlType":"sap.m.Input","viewName":"etm.portal.ui.manageyards.view.New","viewId":"application-manageyards-display-component---NewYard","bindingPath":{"path":"","propertyPath":"/AUART","modelName":"NewYardModel"},"interaction":{"idSuffix":"inner"}},"wdio_ui5_key":"etmportal.ui.manageyards.view.Newsap.m.Input{\"path\":\"\",\"propertyPath\":\"/AUART\",\"modelName\":\"NewYardModel\"}"}]}
RESULT: {"script":"<script> [1562 bytes]","args":[{"selector":{"controlType":"sap.m.Input","viewName":"etm.portal.ui.manageyards.view.New","viewId":"application-manageyards-display-component---NewYard","bindingPath":{"path":"","propertyPath":"/AUART","modelName":"NewYardModel"},"interaction":{"idSuffix":"inner"}},"wdio_ui5_key":"etmportal.ui.manageyards.view.Newsap.m.Input{\"path\":\"\",\"propertyPath\":\"/AUART\",\"modelName\":\"NewYardModel\"}"}]}
RESULT: undefined
COMMAND: POST /session/4712af7ad0eaf46e7406ff23cdc0ea9d/execute/async - {"script":"<script> [776 bytes]","args":[{"enterText":"TA","selector":{"controlType":"sap.m.Input","viewName":"etm.portal.ui.manageyards.view.New","viewId":"application-manageyards-display-component---NewYard","bindingPath":{"path":"","propertyPath":"/AUART","modelName":"NewYardModel"},"interaction":{"idSuffix":"inner"}},"clearTextFirst":true,"interactionType":"ENTER_TEXT"}]}
RESULT: {"script":"<script> [776 bytes]","args":[{"enterText":"TA","selector":{"controlType":"sap.m.Input","viewName":"etm.portal.ui.manageyards.view.New","viewId":"application-manageyards-display-component---NewYard","bindingPath":{"path":"","propertyPath":"/AUART","modelName":"NewYardModel"},"interaction":{"idSuffix":"inner"}},"clearTextFirst":true,"interactionType":"ENTER_TEXT"}]}
COMMAND: POST /session/4712af7ad0eaf46e7406ff23cdc0ea9d/element - {"using":"xpath","value":"//button[@data-kt=\"newYardSaveButton\"]"}
RESULT: {"using":"xpath","value":"//button[@data-kt=\"newYardSaveButton\"]"}
COMMAND: POST /session/4712af7ad0eaf46e7406ff23cdc0ea9d/element/f.791DC57474D669730896E8DA48EFF857.d.14144FA3FF39B5DA18569D6B850C5C78.e.711/click - {}
RESULT: {}
COMMAND: GET /session/4712af7ad0eaf46e7406ff23cdc0ea9d/screenshot - {}
RESULT: {}
COMMAND: POST /session/4712af7ad0eaf46e7406ff23cdc0ea9d/element - {"using":"xpath","value":"//header[contains(@id, 'ObjectPageLayout-headerTitle')]/div[1]/div[2]/div[1]/span[1]"}
RESULT: {"using":"xpath","value":"//header[contains(@id, 'ObjectPageLayout-headerTitle')]/div[1]/div[2]/div[1]/span[1]"}
COMMAND: POST /session/4712af7ad0eaf46e7406ff23cdc0ea9d/elements - {"using":"xpath","value":"//header[contains(@id, 'ObjectPageLayout-headerTitle')]/div[1]/div[2]/div[1]/span[1]"}
RESULT: {"using":"xpath","value":"//header[contains(@id, 'ObjectPageLayout-headerTitle')]/div[1]/div[2]/div[1]/span[1]"}
COMMAND: POST /session/4712af7ad0eaf46e7406ff23cdc0ea9d/execute/sync - {"script":"<script> [56 bytes]","args":[{"element-6066-11e4-a52e-4f735466cecf":"f.791DC57474D669730896E8DA48EFF857.d.14144FA3FF39B5DA18569D6B850C5C78.e.1006","ELEMENT":"f.791DC57474D669730896E8DA48EFF857.d.14144FA3FF39B5DA18569D6B850C5C78.e.1006"}]}
RESULT: {"script":"<script> [56 bytes]","args":[{"element-6066-11e4-a52e-4f735466cecf":"f.791DC57474D669730896E8DA48EFF857.d.14144FA3FF39B5DA18569D6B850C5C78.e.1006","ELEMENT":"f.791DC57474D669730896E8DA48EFF857.d.14144FA3FF39B5DA18569D6B850C5C78.e.1006"}]}
COMMAND: GET /session/4712af7ad0eaf46e7406ff23cdc0ea9d/screenshot - {}
RESULT: {}
COMMAND: POST /session/4712af7ad0eaf46e7406ff23cdc0ea9d/element - {"using":"css selector","value":"#shell-header-logo"}
RESULT: {"using":"css selector","value":"#shell-header-logo"}
COMMAND: POST /session/4712af7ad0eaf46e7406ff23cdc0ea9d/element/f.791DC57474D669730896E8DA48EFF857.d.14144FA3FF39B5DA18569D6B850C5C78.e.261/click - {}
RESULT: {}
COMMAND: GET /session/4712af7ad0eaf46e7406ff23cdc0ea9d/screenshot - {}
RESULT: {}
COMMAND: POST /session/4712af7ad0eaf46e7406ff23cdc0ea9d/execute/sync - {"script":"<script> [299 bytes]","args":[["getModel","getResource"]]}
RESULT: {"script":"<script> [299 bytes]","args":[["getModel","getResource"]]}
COMMAND: GET /session/4712af7ad0eaf46e7406ff23cdc0ea9d/screenshot - {}
]]></system-out>
    </testcase>
    <testcase classname="chrome.135_0_7049_96.windows.Billing_confirm_US117289" name="Should create a new partner" time="111.396">
      <system-out><![CDATA[
COMMAND: POST /session/4712af7ad0eaf46e7406ff23cdc0ea9d/window/fullscreen - {}
RESULT: {}
COMMAND: POST /session/4712af7ad0eaf46e7406ff23cdc0ea9d/execute/async - {"script":"<script> [1562 bytes]","args":[{"selector":{"controlType":"sap.m.GenericTile","properties":{"header":"Manage Partners"}},"wdio_ui5_key":"sapm.GenericTile{\"header\":\"Manage Partners\"}"}]}
RESULT: {}
RESULT: {"script":"<script> [1562 bytes]","args":[{"selector":{"controlType":"sap.m.GenericTile","properties":{"header":"Manage Partners"}},"wdio_ui5_key":"sapm.GenericTile{\"header\":\"Manage Partners\"}"}]}
RESULT: undefined
COMMAND: POST /session/4712af7ad0eaf46e7406ff23cdc0ea9d/element - {"using":"xpath","value":"//*[@id=\"__tile38\"]"}
RESULT: {"using":"xpath","value":"//*[@id=\"__tile38\"]"}
COMMAND: POST /session/4712af7ad0eaf46e7406ff23cdc0ea9d/element/f.791DC57474D669730896E8DA48EFF857.d.14144FA3FF39B5DA18569D6B850C5C78.e.148/click - {}
RESULT: {}
COMMAND: POST /session/4712af7ad0eaf46e7406ff23cdc0ea9d/element - {"using":"xpath","value":"//button[@data-kt=\"addButton\"]"}
COMMAND: GET /session/4712af7ad0eaf46e7406ff23cdc0ea9d/screenshot - {}
RESULT: {"using":"xpath","value":"//button[@data-kt=\"addButton\"]"}
COMMAND: POST /session/4712af7ad0eaf46e7406ff23cdc0ea9d/elements - {"using":"xpath","value":"//button[@data-kt=\"addButton\"]"}
RESULT: {}
RESULT: {"using":"xpath","value":"//button[@data-kt=\"addButton\"]"}
COMMAND: POST /session/4712af7ad0eaf46e7406ff23cdc0ea9d/elements - {"using":"xpath","value":"//button[@data-kt=\"addButton\"]"}
RESULT: {"using":"xpath","value":"//button[@data-kt=\"addButton\"]"}
COMMAND: POST /session/4712af7ad0eaf46e7406ff23cdc0ea9d/elements - {"using":"xpath","value":"//button[@data-kt=\"addButton\"]"}
RESULT: {"using":"xpath","value":"//button[@data-kt=\"addButton\"]"}
COMMAND: POST /session/4712af7ad0eaf46e7406ff23cdc0ea9d/elements - {"using":"xpath","value":"//button[@data-kt=\"addButton\"]"}
RESULT: {"using":"xpath","value":"//button[@data-kt=\"addButton\"]"}
COMMAND: POST /session/4712af7ad0eaf46e7406ff23cdc0ea9d/elements - {"using":"xpath","value":"//button[@data-kt=\"addButton\"]"}
RESULT: {"using":"xpath","value":"//button[@data-kt=\"addButton\"]"}
COMMAND: POST /session/4712af7ad0eaf46e7406ff23cdc0ea9d/elements - {"using":"xpath","value":"//button[@data-kt=\"addButton\"]"}
RESULT: {"using":"xpath","value":"//button[@data-kt=\"addButton\"]"}
COMMAND: POST /session/4712af7ad0eaf46e7406ff23cdc0ea9d/elements - {"using":"xpath","value":"//button[@data-kt=\"addButton\"]"}
RESULT: {"using":"xpath","value":"//button[@data-kt=\"addButton\"]"}
COMMAND: POST /session/4712af7ad0eaf46e7406ff23cdc0ea9d/elements - {"using":"xpath","value":"//button[@data-kt=\"addButton\"]"}
RESULT: {"using":"xpath","value":"//button[@data-kt=\"addButton\"]"}
COMMAND: POST /session/4712af7ad0eaf46e7406ff23cdc0ea9d/elements - {"using":"xpath","value":"//button[@data-kt=\"addButton\"]"}
RESULT: {"using":"xpath","value":"//button[@data-kt=\"addButton\"]"}
COMMAND: POST /session/4712af7ad0eaf46e7406ff23cdc0ea9d/elements - {"using":"xpath","value":"//button[@data-kt=\"addButton\"]"}
RESULT: {"using":"xpath","value":"//button[@data-kt=\"addButton\"]"}
COMMAND: POST /session/4712af7ad0eaf46e7406ff23cdc0ea9d/elements - {"using":"xpath","value":"//button[@data-kt=\"addButton\"]"}
RESULT: {"using":"xpath","value":"//button[@data-kt=\"addButton\"]"}
COMMAND: POST /session/4712af7ad0eaf46e7406ff23cdc0ea9d/elements - {"using":"xpath","value":"//button[@data-kt=\"addButton\"]"}
RESULT: {"using":"xpath","value":"//button[@data-kt=\"addButton\"]"}
COMMAND: POST /session/4712af7ad0eaf46e7406ff23cdc0ea9d/elements - {"using":"xpath","value":"//button[@data-kt=\"addButton\"]"}
RESULT: {"using":"xpath","value":"//button[@data-kt=\"addButton\"]"}
COMMAND: POST /session/4712af7ad0eaf46e7406ff23cdc0ea9d/elements - {"using":"xpath","value":"//button[@data-kt=\"addButton\"]"}
RESULT: {"using":"xpath","value":"//button[@data-kt=\"addButton\"]"}
COMMAND: POST /session/4712af7ad0eaf46e7406ff23cdc0ea9d/element - {"using":"xpath","value":"//button[@data-kt=\"addButton\"]"}
RESULT: {"using":"xpath","value":"//button[@data-kt=\"addButton\"]"}
COMMAND: POST /session/4712af7ad0eaf46e7406ff23cdc0ea9d/execute/sync - {"script":"<script> [8489 bytes]","args":[{"element-6066-11e4-a52e-4f735466cecf":"f.791DC57474D669730896E8DA48EFF857.d.14144FA3FF39B5DA18569D6B850C5C78.e.1048","ELEMENT":"f.791DC57474D669730896E8DA48EFF857.d.14144FA3FF39B5DA18569D6B850C5C78.e.1048"}]}
RESULT: {"script":"<script> [8489 bytes]","args":[{"element-6066-11e4-a52e-4f735466cecf":"f.791DC57474D669730896E8DA48EFF857.d.14144FA3FF39B5DA18569D6B850C5C78.e.1048","ELEMENT":"f.791DC57474D669730896E8DA48EFF857.d.14144FA3FF39B5DA18569D6B850C5C78.e.1048"}]}
COMMAND: GET /session/4712af7ad0eaf46e7406ff23cdc0ea9d/element/f.791DC57474D669730896E8DA48EFF857.d.14144FA3FF39B5DA18569D6B850C5C78.e.1048/enabled - {}
COMMAND: GET /session/4712af7ad0eaf46e7406ff23cdc0ea9d/screenshot - {}
RESULT: {}
COMMAND: POST /session/4712af7ad0eaf46e7406ff23cdc0ea9d/execute/sync - {"script":"<script> [8489 bytes]","args":[{"element-6066-11e4-a52e-4f735466cecf":"f.791DC57474D669730896E8DA48EFF857.d.14144FA3FF39B5DA18569D6B850C5C78.e.1048","ELEMENT":"f.791DC57474D669730896E8DA48EFF857.d.14144FA3FF39B5DA18569D6B850C5C78.e.1048"}]}
COMMAND: GET /session/4712af7ad0eaf46e7406ff23cdc0ea9d/screenshot - {}
RESULT: {}
RESULT: {"script":"<script> [8489 bytes]","args":[{"element-6066-11e4-a52e-4f735466cecf":"f.791DC57474D669730896E8DA48EFF857.d.14144FA3FF39B5DA18569D6B850C5C78.e.1048","ELEMENT":"f.791DC57474D669730896E8DA48EFF857.d.14144FA3FF39B5DA18569D6B850C5C78.e.1048"}]}
COMMAND: POST /session/4712af7ad0eaf46e7406ff23cdc0ea9d/execute/sync - {"script":"<script> [5351 bytes]","args":[{"element-6066-11e4-a52e-4f735466cecf":"f.791DC57474D669730896E8DA48EFF857.d.14144FA3FF39B5DA18569D6B850C5C78.e.1048","ELEMENT":"f.791DC57474D669730896E8DA48EFF857.d.14144FA3FF39B5DA18569D6B850C5C78.e.1048"}]}
COMMAND: GET /session/4712af7ad0eaf46e7406ff23cdc0ea9d/screenshot - {}
RESULT: {}
RESULT: {"script":"<script> [5351 bytes]","args":[{"element-6066-11e4-a52e-4f735466cecf":"f.791DC57474D669730896E8DA48EFF857.d.14144FA3FF39B5DA18569D6B850C5C78.e.1048","ELEMENT":"f.791DC57474D669730896E8DA48EFF857.d.14144FA3FF39B5DA18569D6B850C5C78.e.1048"}]}
COMMAND: POST /session/4712af7ad0eaf46e7406ff23cdc0ea9d/element/f.791DC57474D669730896E8DA48EFF857.d.14144FA3FF39B5DA18569D6B850C5C78.e.1048/click - {}
COMMAND: GET /session/4712af7ad0eaf46e7406ff23cdc0ea9d/screenshot - {}
RESULT: {}
RESULT: {}
COMMAND: GET /session/4712af7ad0eaf46e7406ff23cdc0ea9d/screenshot - {}
RESULT: {}
RESULT: {}
COMMAND: POST /session/4712af7ad0eaf46e7406ff23cdc0ea9d/execute/async - {"script":"<script> [1562 bytes]","args":[{"selector":{"id":"application-managepartners-display-component---NewPartner--addressDetailDetailsName1","interaction":{"idSuffix":"inner"}},"wdio_ui5_key":"applicationmanagepartners-display-component---NewPartner--addressDetailDetailsName1"}]}
RESULT: {"script":"<script> [1562 bytes]","args":[{"selector":{"id":"application-managepartners-display-component---NewPartner--addressDetailDetailsName1","interaction":{"idSuffix":"inner"}},"wdio_ui5_key":"applicationmanagepartners-display-component---NewPartner--addressDetailDetailsName1"}]}
RESULT: undefined
COMMAND: POST /session/4712af7ad0eaf46e7406ff23cdc0ea9d/execute/async - {"script":"<script> [776 bytes]","args":[{"enterText":"Intracompany Partner WDIO","selector":{"id":"application-managepartners-display-component---NewPartner--addressDetailDetailsName1","interaction":{"idSuffix":"inner"}},"clearTextFirst":true,"interactionType":"ENTER_TEXT"}]}
RESULT: {"script":"<script> [776 bytes]","args":[{"enterText":"Intracompany Partner WDIO","selector":{"id":"application-managepartners-display-component---NewPartner--addressDetailDetailsName1","interaction":{"idSuffix":"inner"}},"clearTextFirst":true,"interactionType":"ENTER_TEXT"}]}
COMMAND: POST /session/4712af7ad0eaf46e7406ff23cdc0ea9d/execute/async - {"script":"<script> [1562 bytes]","args":[{"selector":{"id":"application-managepartners-display-component---NewPartner--addressDetailDetailsLanguage-arrow"},"wdio_ui5_key":"applicationmanagepartners-display-component---NewPartner--addressDetailDetailsLanguage-arrow"}]}
RESULT: {"script":"<script> [1562 bytes]","args":[{"selector":{"id":"application-managepartners-display-component---NewPartner--addressDetailDetailsLanguage-arrow"},"wdio_ui5_key":"applicationmanagepartners-display-component---NewPartner--addressDetailDetailsLanguage-arrow"}]}
RESULT: undefined
COMMAND: POST /session/4712af7ad0eaf46e7406ff23cdc0ea9d/element - {"using":"xpath","value":"//*[@id=\"application-managepartners-display-component---NewPartner--addressDetailDetailsLanguage-arrow\"]"}
RESULT: {"using":"xpath","value":"//*[@id=\"application-managepartners-display-component---NewPartner--addressDetailDetailsLanguage-arrow\"]"}
COMMAND: POST /session/4712af7ad0eaf46e7406ff23cdc0ea9d/element/f.791DC57474D669730896E8DA48EFF857.d.14144FA3FF39B5DA18569D6B850C5C78.e.1501/click - {}
RESULT: {}
COMMAND: POST /session/4712af7ad0eaf46e7406ff23cdc0ea9d/element - {"using":"xpath","value":"//span[contains(text(), \"English\")]"}
COMMAND: GET /session/4712af7ad0eaf46e7406ff23cdc0ea9d/screenshot - {}
RESULT: {"using":"xpath","value":"//span[contains(text(), \"English\")]"}
COMMAND: POST /session/4712af7ad0eaf46e7406ff23cdc0ea9d/element/f.791DC57474D669730896E8DA48EFF857.d.14144FA3FF39B5DA18569D6B850C5C78.e.1502/click - {}
RESULT: {}
RESULT: {}
COMMAND: GET /session/4712af7ad0eaf46e7406ff23cdc0ea9d/screenshot - {}
RESULT: {}
COMMAND: POST /session/4712af7ad0eaf46e7406ff23cdc0ea9d/execute/async - {"script":"<script> [1562 bytes]","args":[{"selector":{"id":"application-managepartners-display-component---NewPartner--addressDetailDetailsCity1","interaction":{"idSuffix":"inner"}},"wdio_ui5_key":"applicationmanagepartners-display-component---NewPartner--addressDetailDetailsCity1"}]}
RESULT: {"script":"<script> [1562 bytes]","args":[{"selector":{"id":"application-managepartners-display-component---NewPartner--addressDetailDetailsCity1","interaction":{"idSuffix":"inner"}},"wdio_ui5_key":"applicationmanagepartners-display-component---NewPartner--addressDetailDetailsCity1"}]}
RESULT: undefined
COMMAND: POST /session/4712af7ad0eaf46e7406ff23cdc0ea9d/execute/async - {"script":"<script> [776 bytes]","args":[{"enterText":"Rosario","selector":{"id":"application-managepartners-display-component---NewPartner--addressDetailDetailsCity1","interaction":{"idSuffix":"inner"}},"clearTextFirst":true,"interactionType":"ENTER_TEXT"}]}
RESULT: {"script":"<script> [776 bytes]","args":[{"enterText":"Rosario","selector":{"id":"application-managepartners-display-component---NewPartner--addressDetailDetailsCity1","interaction":{"idSuffix":"inner"}},"clearTextFirst":true,"interactionType":"ENTER_TEXT"}]}
COMMAND: POST /session/4712af7ad0eaf46e7406ff23cdc0ea9d/execute/async - {"script":"<script> [1562 bytes]","args":[{"selector":{"id":"application-managepartners-display-component---NewPartner--addressDetailDetailsCountry-arrow"},"wdio_ui5_key":"applicationmanagepartners-display-component---NewPartner--addressDetailDetailsCountry-arrow"}]}
RESULT: {"script":"<script> [1562 bytes]","args":[{"selector":{"id":"application-managepartners-display-component---NewPartner--addressDetailDetailsCountry-arrow"},"wdio_ui5_key":"applicationmanagepartners-display-component---NewPartner--addressDetailDetailsCountry-arrow"}]}
RESULT: undefined
COMMAND: POST /session/4712af7ad0eaf46e7406ff23cdc0ea9d/element - {"using":"xpath","value":"//*[@id=\"application-managepartners-display-component---NewPartner--addressDetailDetailsCountry-arrow\"]"}
RESULT: {"using":"xpath","value":"//*[@id=\"application-managepartners-display-component---NewPartner--addressDetailDetailsCountry-arrow\"]"}
COMMAND: POST /session/4712af7ad0eaf46e7406ff23cdc0ea9d/element/f.791DC57474D669730896E8DA48EFF857.d.14144FA3FF39B5DA18569D6B850C5C78.e.1488/click - {}
RESULT: {}
COMMAND: POST /session/4712af7ad0eaf46e7406ff23cdc0ea9d/element - {"using":"xpath","value":"//span[contains(text(), \"Argentina\")]"}
COMMAND: GET /session/4712af7ad0eaf46e7406ff23cdc0ea9d/screenshot - {}
RESULT: {"using":"xpath","value":"//span[contains(text(), \"Argentina\")]"}
COMMAND: POST /session/4712af7ad0eaf46e7406ff23cdc0ea9d/element/f.791DC57474D669730896E8DA48EFF857.d.14144FA3FF39B5DA18569D6B850C5C78.e.1504/click - {}
RESULT: {}
RESULT: {}
COMMAND: GET /session/4712af7ad0eaf46e7406ff23cdc0ea9d/screenshot - {}
RESULT: {}
COMMAND: POST /session/4712af7ad0eaf46e7406ff23cdc0ea9d/element - {"using":"xpath","value":"//bdi[contains(text(), \"Commercial\")]"}
RESULT: {"using":"xpath","value":"//bdi[contains(text(), \"Commercial\")]"}
COMMAND: POST /session/4712af7ad0eaf46e7406ff23cdc0ea9d/element/f.791DC57474D669730896E8DA48EFF857.d.14144FA3FF39B5DA18569D6B850C5C78.e.1505/click - {}
RESULT: {}
COMMAND: GET /session/4712af7ad0eaf46e7406ff23cdc0ea9d/screenshot - {}
RESULT: {}
COMMAND: POST /session/4712af7ad0eaf46e7406ff23cdc0ea9d/execute/async - {"script":"<script> [1562 bytes]","args":[{"selector":{"id":"application-managepartners-display-component---NewPartner--partnerDetailInternal-arrow"},"wdio_ui5_key":"applicationmanagepartners-display-component---NewPartner--partnerDetailInternal-arrow"}]}
RESULT: {"script":"<script> [1562 bytes]","args":[{"selector":{"id":"application-managepartners-display-component---NewPartner--partnerDetailInternal-arrow"},"wdio_ui5_key":"applicationmanagepartners-display-component---NewPartner--partnerDetailInternal-arrow"}]}
RESULT: undefined
COMMAND: POST /session/4712af7ad0eaf46e7406ff23cdc0ea9d/element - {"using":"xpath","value":"//*[@id=\"application-managepartners-display-component---NewPartner--partnerDetailInternal-arrow\"]"}
RESULT: {"using":"xpath","value":"//*[@id=\"application-managepartners-display-component---NewPartner--partnerDetailInternal-arrow\"]"}
COMMAND: POST /session/4712af7ad0eaf46e7406ff23cdc0ea9d/element/f.791DC57474D669730896E8DA48EFF857.d.14144FA3FF39B5DA18569D6B850C5C78.e.1511/click - {}
RESULT: {}
COMMAND: POST /session/4712af7ad0eaf46e7406ff23cdc0ea9d/element - {"using":"xpath","value":"//span[contains(text(), \"Affiliated company\")]"}
COMMAND: GET /session/4712af7ad0eaf46e7406ff23cdc0ea9d/screenshot - {}
RESULT: {"using":"xpath","value":"//span[contains(text(), \"Affiliated company\")]"}
COMMAND: POST /session/4712af7ad0eaf46e7406ff23cdc0ea9d/element/f.791DC57474D669730896E8DA48EFF857.d.14144FA3FF39B5DA18569D6B850C5C78.e.1512/click - {}
RESULT: {}
RESULT: {}
COMMAND: POST /session/4712af7ad0eaf46e7406ff23cdc0ea9d/execute/async - {"script":"<script> [1562 bytes]","args":[{"selector":{"id":"application-managepartners-display-component---NewPartner--partnerDetailsCurrency-arrow"},"wdio_ui5_key":"applicationmanagepartners-display-component---NewPartner--partnerDetailsCurrency-arrow"}]}
COMMAND: GET /session/4712af7ad0eaf46e7406ff23cdc0ea9d/screenshot - {}
RESULT: {"script":"<script> [1562 bytes]","args":[{"selector":{"id":"application-managepartners-display-component---NewPartner--partnerDetailsCurrency-arrow"},"wdio_ui5_key":"applicationmanagepartners-display-component---NewPartner--partnerDetailsCurrency-arrow"}]}
RESULT: undefined
COMMAND: POST /session/4712af7ad0eaf46e7406ff23cdc0ea9d/element - {"using":"xpath","value":"//*[@id=\"application-managepartners-display-component---NewPartner--partnerDetailsCurrency-arrow\"]"}
RESULT: {}
RESULT: {"using":"xpath","value":"//*[@id=\"application-managepartners-display-component---NewPartner--partnerDetailsCurrency-arrow\"]"}
COMMAND: POST /session/4712af7ad0eaf46e7406ff23cdc0ea9d/element/f.791DC57474D669730896E8DA48EFF857.d.14144FA3FF39B5DA18569D6B850C5C78.e.1519/click - {}
RESULT: {}
COMMAND: POST /session/4712af7ad0eaf46e7406ff23cdc0ea9d/element - {"using":"xpath","value":"//span[contains(text(), \"Euro\")]"}
COMMAND: GET /session/4712af7ad0eaf46e7406ff23cdc0ea9d/screenshot - {}
RESULT: {"using":"xpath","value":"//span[contains(text(), \"Euro\")]"}
COMMAND: POST /session/4712af7ad0eaf46e7406ff23cdc0ea9d/element/f.791DC57474D669730896E8DA48EFF857.d.14144FA3FF39B5DA18569D6B850C5C78.e.1520/click - {}
RESULT: {}
RESULT: {}
COMMAND: POST /session/4712af7ad0eaf46e7406ff23cdc0ea9d/execute/async - {"script":"<script> [1562 bytes]","args":[{"selector":{"id":"application-managepartners-display-component---NewPartner--addressEditDetailsCostObjectCstType-arrow"},"wdio_ui5_key":"applicationmanagepartners-display-component---NewPartner--addressEditDetailsCostObjectCstType-arrow"}]}
COMMAND: GET /session/4712af7ad0eaf46e7406ff23cdc0ea9d/screenshot - {}
RESULT: {"script":"<script> [1562 bytes]","args":[{"selector":{"id":"application-managepartners-display-component---NewPartner--addressEditDetailsCostObjectCstType-arrow"},"wdio_ui5_key":"applicationmanagepartners-display-component---NewPartner--addressEditDetailsCostObjectCstType-arrow"}]}
RESULT: undefined
COMMAND: POST /session/4712af7ad0eaf46e7406ff23cdc0ea9d/element - {"using":"xpath","value":"//*[@id=\"application-managepartners-display-component---NewPartner--addressEditDetailsCostObjectCstType-arrow\"]"}
RESULT: {}
RESULT: {"using":"xpath","value":"//*[@id=\"application-managepartners-display-component---NewPartner--addressEditDetailsCostObjectCstType-arrow\"]"}
COMMAND: POST /session/4712af7ad0eaf46e7406ff23cdc0ea9d/element/f.791DC57474D669730896E8DA48EFF857.d.14144FA3FF39B5DA18569D6B850C5C78.e.1521/click - {}
RESULT: {}
COMMAND: POST /session/4712af7ad0eaf46e7406ff23cdc0ea9d/element - {"using":"xpath","value":"//span[contains(text(), \"Cost Center\")]"}
COMMAND: GET /session/4712af7ad0eaf46e7406ff23cdc0ea9d/screenshot - {}
RESULT: {"using":"xpath","value":"//span[contains(text(), \"Cost Center\")]"}
COMMAND: POST /session/4712af7ad0eaf46e7406ff23cdc0ea9d/element/f.791DC57474D669730896E8DA48EFF857.d.14144FA3FF39B5DA18569D6B850C5C78.e.1522/click - {}
RESULT: {}
RESULT: {}
COMMAND: GET /session/4712af7ad0eaf46e7406ff23cdc0ea9d/screenshot - {}
RESULT: {}
COMMAND: POST /session/4712af7ad0eaf46e7406ff23cdc0ea9d/element - {"using":"xpath","value":"//span[@id=\"application-managepartners-display-component---NewPartner--addressNewCostObjectCstID-vhi\"]"}
RESULT: {"using":"xpath","value":"//span[@id=\"application-managepartners-display-component---NewPartner--addressNewCostObjectCstID-vhi\"]"}
COMMAND: POST /session/4712af7ad0eaf46e7406ff23cdc0ea9d/execute/sync - {"script":"<script> [8489 bytes]","args":[{"element-6066-11e4-a52e-4f735466cecf":"f.791DC57474D669730896E8DA48EFF857.d.14144FA3FF39B5DA18569D6B850C5C78.e.1526","ELEMENT":"f.791DC57474D669730896E8DA48EFF857.d.14144FA3FF39B5DA18569D6B850C5C78.e.1526"}]}
RESULT: {"script":"<script> [8489 bytes]","args":[{"element-6066-11e4-a52e-4f735466cecf":"f.791DC57474D669730896E8DA48EFF857.d.14144FA3FF39B5DA18569D6B850C5C78.e.1526","ELEMENT":"f.791DC57474D669730896E8DA48EFF857.d.14144FA3FF39B5DA18569D6B850C5C78.e.1526"}]}
COMMAND: POST /session/4712af7ad0eaf46e7406ff23cdc0ea9d/execute/async - {"script":"<script> [1562 bytes]","args":[{"selector":{"id":"application-managepartners-display-component---NewPartner--addressNewCostObjectCstID-vhi"},"wdio_ui5_key":"applicationmanagepartners-display-component---NewPartner--addressNewCostObjectCstID-vhi"}]}
COMMAND: GET /session/4712af7ad0eaf46e7406ff23cdc0ea9d/screenshot - {}
RESULT: {"script":"<script> [1562 bytes]","args":[{"selector":{"id":"application-managepartners-display-component---NewPartner--addressNewCostObjectCstID-vhi"},"wdio_ui5_key":"applicationmanagepartners-display-component---NewPartner--addressNewCostObjectCstID-vhi"}]}
RESULT: undefined
COMMAND: POST /session/4712af7ad0eaf46e7406ff23cdc0ea9d/element - {"using":"xpath","value":"//*[@id=\"application-managepartners-display-component---NewPartner--addressNewCostObjectCstID-vhi\"]"}
RESULT: {}
RESULT: {"using":"xpath","value":"//*[@id=\"application-managepartners-display-component---NewPartner--addressNewCostObjectCstID-vhi\"]"}
COMMAND: POST /session/4712af7ad0eaf46e7406ff23cdc0ea9d/element/f.791DC57474D669730896E8DA48EFF857.d.14144FA3FF39B5DA18569D6B850C5C78.e.1526/click - {}
RESULT: {}
COMMAND: GET /session/4712af7ad0eaf46e7406ff23cdc0ea9d/screenshot - {}
RESULT: {}
RESULT: undefined
COMMAND: POST /session/4712af7ad0eaf46e7406ff23cdc0ea9d/execute/async - {"script":"<script> [776 bytes]","args":[{"enterText":"10001013","selector":{"controlType":"sap.m.SearchField","properties":{"placeholder":"Search"},"searchOpenDialogs":true,"interaction":{"idSuffix":"I"}},"clearTextFirst":true,"interactionType":"ENTER_TEXT"}]}
RESULT: {"script":"<script> [776 bytes]","args":[{"enterText":"10001013","selector":{"controlType":"sap.m.SearchField","properties":{"placeholder":"Search"},"searchOpenDialogs":true,"interaction":{"idSuffix":"I"}},"clearTextFirst":true,"interactionType":"ENTER_TEXT"}]}
COMMAND: POST /session/4712af7ad0eaf46e7406ff23cdc0ea9d/actions - {"actions":[{"id":"action2","type":"key","parameters":{},"actions":[{"type":"keyDown","value":"î€‡"},{"type":"pause","duration":10},{"type":"keyUp","value":"î€‡"}]}]}
RESULT: {"actions":[{"id":"action2","type":"key","parameters":{},"actions":[{"type":"keyDown","value":"î€‡"},{"type":"pause","duration":10},{"type":"keyUp","value":"î€‡"}]}]}
COMMAND: GET /session/4712af7ad0eaf46e7406ff23cdc0ea9d/screenshot - {}
RESULT: {}
COMMAND: POST /session/4712af7ad0eaf46e7406ff23cdc0ea9d/element - {"using":"xpath","value":"//span[contains(text(), \"General Management\")]"}
RESULT: {"using":"xpath","value":"//span[contains(text(), \"General Management\")]"}
COMMAND: POST /session/4712af7ad0eaf46e7406ff23cdc0ea9d/element/f.791DC57474D669730896E8DA48EFF857.d.14144FA3FF39B5DA18569D6B850C5C78.e.1566/click - {}
RESULT: {}
COMMAND: GET /session/4712af7ad0eaf46e7406ff23cdc0ea9d/screenshot - {}
RESULT: {}
COMMAND: POST /session/4712af7ad0eaf46e7406ff23cdc0ea9d/element - {"using":"xpath","value":"//bdi[contains(text(), \"OK\")]"}
RESULT: {"using":"xpath","value":"//bdi[contains(text(), \"OK\")]"}
COMMAND: POST /session/4712af7ad0eaf46e7406ff23cdc0ea9d/element/f.791DC57474D669730896E8DA48EFF857.d.14144FA3FF39B5DA18569D6B850C5C78.e.1567/click - {}
RESULT: {}
COMMAND: GET /session/4712af7ad0eaf46e7406ff23cdc0ea9d/screenshot - {}
RESULT: {}
COMMAND: POST /session/4712af7ad0eaf46e7406ff23cdc0ea9d/element - {"using":"xpath","value":"//input[@id=\"application-managepartners-display-component---NewPartner--companyCodeComboBox-inner\"]"}
RESULT: {"using":"xpath","value":"//input[@id=\"application-managepartners-display-component---NewPartner--companyCodeComboBox-inner\"]"}
COMMAND: POST /session/4712af7ad0eaf46e7406ff23cdc0ea9d/element/f.791DC57474D669730896E8DA48EFF857.d.14144FA3FF39B5DA18569D6B850C5C78.e.1359/clear - {}
RESULT: {}
COMMAND: POST /session/4712af7ad0eaf46e7406ff23cdc0ea9d/element/f.791DC57474D669730896E8DA48EFF857.d.14144FA3FF39B5DA18569D6B850C5C78.e.1359/value - {"text":"1000"}
COMMAND: GET /session/4712af7ad0eaf46e7406ff23cdc0ea9d/screenshot - {}
RESULT: {"text":"1000"}
COMMAND: GET /session/4712af7ad0eaf46e7406ff23cdc0ea9d/screenshot - {}
RESULT: {}
RESULT: {}
COMMAND: POST /session/4712af7ad0eaf46e7406ff23cdc0ea9d/element - {"using":"xpath","value":"//span[contains(text(), \"1000\")]"}
RESULT: {"using":"xpath","value":"//span[contains(text(), \"1000\")]"}
COMMAND: POST /session/4712af7ad0eaf46e7406ff23cdc0ea9d/element/f.791DC57474D669730896E8DA48EFF857.d.14144FA3FF39B5DA18569D6B850C5C78.e.1573/click - {}
RESULT: {}
COMMAND: GET /session/4712af7ad0eaf46e7406ff23cdc0ea9d/screenshot - {}
RESULT: {}
COMMAND: POST /session/4712af7ad0eaf46e7406ff23cdc0ea9d/execute/async - {"script":"<script> [1562 bytes]","args":[{"selector":{"id":"application-managepartners-display-component---NewPartner--btnAddTableRow-img"},"wdio_ui5_key":"applicationmanagepartners-display-component---NewPartner--btnAddTableRow-img"}]}
RESULT: {"script":"<script> [1562 bytes]","args":[{"selector":{"id":"application-managepartners-display-component---NewPartner--btnAddTableRow-img"},"wdio_ui5_key":"applicationmanagepartners-display-component---NewPartner--btnAddTableRow-img"}]}
RESULT: undefined
COMMAND: POST /session/4712af7ad0eaf46e7406ff23cdc0ea9d/element - {"using":"xpath","value":"//*[@id=\"application-managepartners-display-component---NewPartner--btnAddTableRow-img\"]"}
RESULT: {"using":"xpath","value":"//*[@id=\"application-managepartners-display-component---NewPartner--btnAddTableRow-img\"]"}
COMMAND: POST /session/4712af7ad0eaf46e7406ff23cdc0ea9d/element/f.791DC57474D669730896E8DA48EFF857.d.14144FA3FF39B5DA18569D6B850C5C78.e.1574/click - {}
RESULT: {}
COMMAND: GET /session/4712af7ad0eaf46e7406ff23cdc0ea9d/screenshot - {}
RESULT: {}
COMMAND: POST /session/4712af7ad0eaf46e7406ff23cdc0ea9d/element - {"using":"xpath","value":"//input[@id=\"application-managepartners-display-component---NewPartner--assignmentYard-application-managepartners-display-component---NewPartner--assignmentsTable-0-inner\"]"}
RESULT: {"using":"xpath","value":"//input[@id=\"application-managepartners-display-component---NewPartner--assignmentYard-application-managepartners-display-component---NewPartner--assignmentsTable-0-inner\"]"}
COMMAND: POST /session/4712af7ad0eaf46e7406ff23cdc0ea9d/element/f.791DC57474D669730896E8DA48EFF857.d.14144FA3FF39B5DA18569D6B850C5C78.e.1577/clear - {}
RESULT: {}
COMMAND: POST /session/4712af7ad0eaf46e7406ff23cdc0ea9d/element/f.791DC57474D669730896E8DA48EFF857.d.14144FA3FF39B5DA18569D6B850C5C78.e.1577/value - {"text":"432"}
COMMAND: GET /session/4712af7ad0eaf46e7406ff23cdc0ea9d/screenshot - {}
RESULT: {"text":"432"}
COMMAND: GET /session/4712af7ad0eaf46e7406ff23cdc0ea9d/screenshot - {}
RESULT: {}
RESULT: {}
COMMAND: POST /session/4712af7ad0eaf46e7406ff23cdc0ea9d/element - {"using":"xpath","value":"//li[.//span[text()='432']]"}
RESULT: {"using":"xpath","value":"//li[.//span[text()='432']]"}
COMMAND: POST /session/4712af7ad0eaf46e7406ff23cdc0ea9d/element/f.791DC57474D669730896E8DA48EFF857.d.14144FA3FF39B5DA18569D6B850C5C78.e.1586/click - {}
RESULT: {}
COMMAND: GET /session/4712af7ad0eaf46e7406ff23cdc0ea9d/screenshot - {}
RESULT: {}
COMMAND: POST /session/4712af7ad0eaf46e7406ff23cdc0ea9d/actions - {"actions":[{"id":"action3","type":"key","parameters":{},"actions":[{"type":"keyDown","value":"î€‡"},{"type":"pause","duration":10},{"type":"keyUp","value":"î€‡"}]}]}
RESULT: {"actions":[{"id":"action3","type":"key","parameters":{},"actions":[{"type":"keyDown","value":"î€‡"},{"type":"pause","duration":10},{"type":"keyUp","value":"î€‡"}]}]}
COMMAND: POST /session/4712af7ad0eaf46e7406ff23cdc0ea9d/execute/async - {"script":"<script> [1562 bytes]","args":[{"selector":{"id":"application-managepartners-display-component---NewPartner--externalCustomerComboBox-application-managepartners-display-component---NewPartner--assignmentsTable-0-vhi"},"wdio_ui5_key":"applicationmanagepartners-display-component---NewPartner--externalCustomerComboBox-application-managepartners-display-component---NewPartner--assignmentsTable-0-vhi"}]}
COMMAND: GET /session/4712af7ad0eaf46e7406ff23cdc0ea9d/screenshot - {}
RESULT: {"script":"<script> [1562 bytes]","args":[{"selector":{"id":"application-managepartners-display-component---NewPartner--externalCustomerComboBox-application-managepartners-display-component---NewPartner--assignmentsTable-0-vhi"},"wdio_ui5_key":"applicationmanagepartners-display-component---NewPartner--externalCustomerComboBox-application-managepartners-display-component---NewPartner--assignmentsTable-0-vhi"}]}
RESULT: undefined
COMMAND: POST /session/4712af7ad0eaf46e7406ff23cdc0ea9d/element - {"using":"xpath","value":"//*[@id=\"application-managepartners-display-component---NewPartner--externalCustomerComboBox-application-managepartners-display-component---NewPartner--assignmentsTable-0-vhi\"]"}
RESULT: {}
RESULT: {"using":"xpath","value":"//*[@id=\"application-managepartners-display-component---NewPartner--externalCustomerComboBox-application-managepartners-display-component---NewPartner--assignmentsTable-0-vhi\"]"}
COMMAND: POST /session/4712af7ad0eaf46e7406ff23cdc0ea9d/element/f.791DC57474D669730896E8DA48EFF857.d.14144FA3FF39B5DA18569D6B850C5C78.e.1590/click - {}
RESULT: {}
RESULT: undefined
COMMAND: POST /session/4712af7ad0eaf46e7406ff23cdc0ea9d/execute/async - {"script":"<script> [776 bytes]","args":[{"enterText":"300003","selector":{"controlType":"sap.m.SearchField","properties":{"placeholder":"Search"},"searchOpenDialogs":true,"interaction":{"idSuffix":"I"}},"clearTextFirst":true,"interactionType":"ENTER_TEXT"}]}
COMMAND: GET /session/4712af7ad0eaf46e7406ff23cdc0ea9d/screenshot - {}
RESULT: {"script":"<script> [776 bytes]","args":[{"enterText":"300003","selector":{"controlType":"sap.m.SearchField","properties":{"placeholder":"Search"},"searchOpenDialogs":true,"interaction":{"idSuffix":"I"}},"clearTextFirst":true,"interactionType":"ENTER_TEXT"}]}
COMMAND: POST /session/4712af7ad0eaf46e7406ff23cdc0ea9d/actions - {"actions":[{"id":"action4","type":"key","parameters":{},"actions":[{"type":"keyDown","value":"î€‡"},{"type":"pause","duration":10},{"type":"keyUp","value":"î€‡"}]}]}
RESULT: {}
RESULT: {"actions":[{"id":"action4","type":"key","parameters":{},"actions":[{"type":"keyDown","value":"î€‡"},{"type":"pause","duration":10},{"type":"keyUp","value":"î€‡"}]}]}
COMMAND: GET /session/4712af7ad0eaf46e7406ff23cdc0ea9d/screenshot - {}
RESULT: {}
COMMAND: POST /session/4712af7ad0eaf46e7406ff23cdc0ea9d/element - {"using":"xpath","value":"//span[contains(text(), \"300003\")]"}
RESULT: {"using":"xpath","value":"//span[contains(text(), \"300003\")]"}
COMMAND: POST /session/4712af7ad0eaf46e7406ff23cdc0ea9d/element/f.791DC57474D669730896E8DA48EFF857.d.14144FA3FF39B5DA18569D6B850C5C78.e.1608/click - {}
RESULT: {}
COMMAND: GET /session/4712af7ad0eaf46e7406ff23cdc0ea9d/screenshot - {}
RESULT: {}
COMMAND: POST /session/4712af7ad0eaf46e7406ff23cdc0ea9d/element - {"using":"xpath","value":"//bdi[contains(text(), \"OK\")]"}
RESULT: {"using":"xpath","value":"//bdi[contains(text(), \"OK\")]"}
COMMAND: POST /session/4712af7ad0eaf46e7406ff23cdc0ea9d/element/f.791DC57474D669730896E8DA48EFF857.d.14144FA3FF39B5DA18569D6B850C5C78.e.1610/click - {}
RESULT: {}
COMMAND: GET /session/4712af7ad0eaf46e7406ff23cdc0ea9d/screenshot - {}
RESULT: {}
COMMAND: POST /session/4712af7ad0eaf46e7406ff23cdc0ea9d/execute/async - {"script":"<script> [1562 bytes]","args":[{"selector":{"id":"application-managepartners-display-component---NewPartner--intercompVendorComboBox-application-managepartners-display-component---NewPartner--assignmentsTable-0-vhi"},"wdio_ui5_key":"applicationmanagepartners-display-component---NewPartner--intercompVendorComboBox-application-managepartners-display-component---NewPartner--assignmentsTable-0-vhi"}]}
RESULT: {"script":"<script> [1562 bytes]","args":[{"selector":{"id":"application-managepartners-display-component---NewPartner--intercompVendorComboBox-application-managepartners-display-component---NewPartner--assignmentsTable-0-vhi"},"wdio_ui5_key":"applicationmanagepartners-display-component---NewPartner--intercompVendorComboBox-application-managepartners-display-component---NewPartner--assignmentsTable-0-vhi"}]}
RESULT: undefined
COMMAND: POST /session/4712af7ad0eaf46e7406ff23cdc0ea9d/element - {"using":"xpath","value":"//*[@id=\"application-managepartners-display-component---NewPartner--intercompVendorComboBox-application-managepartners-display-component---NewPartner--assignmentsTable-0-vhi\"]"}
RESULT: {"using":"xpath","value":"//*[@id=\"application-managepartners-display-component---NewPartner--intercompVendorComboBox-application-managepartners-display-component---NewPartner--assignmentsTable-0-vhi\"]"}
COMMAND: POST /session/4712af7ad0eaf46e7406ff23cdc0ea9d/element/f.791DC57474D669730896E8DA48EFF857.d.14144FA3FF39B5DA18569D6B850C5C78.e.1613/click - {}
RESULT: {}
RESULT: undefined
COMMAND: POST /session/4712af7ad0eaf46e7406ff23cdc0ea9d/execute/async - {"script":"<script> [776 bytes]","args":[{"enterText":"100005","selector":{"controlType":"sap.m.SearchField","properties":{"placeholder":"Search"},"searchOpenDialogs":true,"interaction":{"idSuffix":"I"}},"clearTextFirst":true,"interactionType":"ENTER_TEXT"}]}
COMMAND: GET /session/4712af7ad0eaf46e7406ff23cdc0ea9d/screenshot - {}
RESULT: {"script":"<script> [776 bytes]","args":[{"enterText":"100005","selector":{"controlType":"sap.m.SearchField","properties":{"placeholder":"Search"},"searchOpenDialogs":true,"interaction":{"idSuffix":"I"}},"clearTextFirst":true,"interactionType":"ENTER_TEXT"}]}
COMMAND: POST /session/4712af7ad0eaf46e7406ff23cdc0ea9d/actions - {"actions":[{"id":"action5","type":"key","parameters":{},"actions":[{"type":"keyDown","value":"î€‡"},{"type":"pause","duration":10},{"type":"keyUp","value":"î€‡"}]}]}
RESULT: {}
RESULT: {"actions":[{"id":"action5","type":"key","parameters":{},"actions":[{"type":"keyDown","value":"î€‡"},{"type":"pause","duration":10},{"type":"keyUp","value":"î€‡"}]}]}
COMMAND: GET /session/4712af7ad0eaf46e7406ff23cdc0ea9d/screenshot - {}
RESULT: {}
COMMAND: POST /session/4712af7ad0eaf46e7406ff23cdc0ea9d/element - {"using":"xpath","value":"//span[contains(text(), \"Penguins - Field/12345 Berlin\")]"}
RESULT: {"using":"xpath","value":"//span[contains(text(), \"Penguins - Field/12345 Berlin\")]"}
COMMAND: POST /session/4712af7ad0eaf46e7406ff23cdc0ea9d/element/f.791DC57474D669730896E8DA48EFF857.d.14144FA3FF39B5DA18569D6B850C5C78.e.1631/click - {}
RESULT: {}
COMMAND: GET /session/4712af7ad0eaf46e7406ff23cdc0ea9d/screenshot - {}
RESULT: {}
COMMAND: POST /session/4712af7ad0eaf46e7406ff23cdc0ea9d/element - {"using":"xpath","value":"//bdi[contains(text(), \"OK\")]"}
RESULT: {"using":"xpath","value":"//bdi[contains(text(), \"OK\")]"}
COMMAND: POST /session/4712af7ad0eaf46e7406ff23cdc0ea9d/element/f.791DC57474D669730896E8DA48EFF857.d.14144FA3FF39B5DA18569D6B850C5C78.e.1632/click - {}
RESULT: {}
COMMAND: GET /session/4712af7ad0eaf46e7406ff23cdc0ea9d/screenshot - {}
RESULT: {}
COMMAND: POST /session/4712af7ad0eaf46e7406ff23cdc0ea9d/element - {"using":"xpath","value":"//button[@data-kt=\"saveButton\"]"}
RESULT: {"using":"xpath","value":"//button[@data-kt=\"saveButton\"]"}
COMMAND: POST /session/4712af7ad0eaf46e7406ff23cdc0ea9d/element/f.791DC57474D669730896E8DA48EFF857.d.14144FA3FF39B5DA18569D6B850C5C78.e.1414/click - {}
RESULT: {}
COMMAND: GET /session/4712af7ad0eaf46e7406ff23cdc0ea9d/screenshot - {}
RESULT: {}
COMMAND: POST /session/4712af7ad0eaf46e7406ff23cdc0ea9d/element - {"using":"xpath","value":"//header[contains(@id, 'ObjectPageLayout-headerTitle')]/div[1]/div[2]/div[2]/span[1]"}
RESULT: {"using":"xpath","value":"//header[contains(@id, 'ObjectPageLayout-headerTitle')]/div[1]/div[2]/div[2]/span[1]"}
COMMAND: POST /session/4712af7ad0eaf46e7406ff23cdc0ea9d/elements - {"using":"xpath","value":"//header[contains(@id, 'ObjectPageLayout-headerTitle')]/div[1]/div[2]/div[2]/span[1]"}
RESULT: {"using":"xpath","value":"//header[contains(@id, 'ObjectPageLayout-headerTitle')]/div[1]/div[2]/div[2]/span[1]"}
COMMAND: POST /session/4712af7ad0eaf46e7406ff23cdc0ea9d/execute/sync - {"script":"<script> [56 bytes]","args":[{"element-6066-11e4-a52e-4f735466cecf":"f.791DC57474D669730896E8DA48EFF857.d.14144FA3FF39B5DA18569D6B850C5C78.e.1799","ELEMENT":"f.791DC57474D669730896E8DA48EFF857.d.14144FA3FF39B5DA18569D6B850C5C78.e.1799"}]}
RESULT: {"script":"<script> [56 bytes]","args":[{"element-6066-11e4-a52e-4f735466cecf":"f.791DC57474D669730896E8DA48EFF857.d.14144FA3FF39B5DA18569D6B850C5C78.e.1799","ELEMENT":"f.791DC57474D669730896E8DA48EFF857.d.14144FA3FF39B5DA18569D6B850C5C78.e.1799"}]}
COMMAND: POST /session/4712af7ad0eaf46e7406ff23cdc0ea9d/element - {"using":"css selector","value":"#shell-header-logo"}
COMMAND: GET /session/4712af7ad0eaf46e7406ff23cdc0ea9d/screenshot - {}
RESULT: {"using":"css selector","value":"#shell-header-logo"}
COMMAND: POST /session/4712af7ad0eaf46e7406ff23cdc0ea9d/element/f.791DC57474D669730896E8DA48EFF857.d.14144FA3FF39B5DA18569D6B850C5C78.e.1014/click - {}
RESULT: {}
RESULT: {}
COMMAND: GET /session/4712af7ad0eaf46e7406ff23cdc0ea9d/screenshot - {}
RESULT: {}
COMMAND: POST /session/4712af7ad0eaf46e7406ff23cdc0ea9d/execute/sync - {"script":"<script> [299 bytes]","args":[["getModel","getResource"]]}
RESULT: {"script":"<script> [299 bytes]","args":[["getModel","getResource"]]}
]]></system-out>
    </testcase>
    <testcase classname="chrome.135_0_7049_96.windows.Billing_confirm_US117289" name="Should create a new site" time="82.503">
      <system-out><![CDATA[
COMMAND: GET /session/4712af7ad0eaf46e7406ff23cdc0ea9d/screenshot - {}
COMMAND: POST /session/4712af7ad0eaf46e7406ff23cdc0ea9d/execute/async - {"script":"<script> [1562 bytes]","args":[{"selector":{"controlType":"sap.m.TileContent","bindingPath":{"path":"","propertyPath":"/properties/info"},"ancestor":{"controlType":"sap.m.GenericTile","properties":{"header":"Manage Sites"}}},"wdio_ui5_key":"sapm.TileContent{\"path\":\"\",\"propertyPath\":\"/properties/info\"}{\"controlType\":\"sap.m.GenericTile\",\"properties\":{\"header\":\"Manage Sites\"}}"}]}
RESULT: {}
RESULT: {"script":"<script> [1562 bytes]","args":[{"selector":{"controlType":"sap.m.TileContent","bindingPath":{"path":"","propertyPath":"/properties/info"},"ancestor":{"controlType":"sap.m.GenericTile","properties":{"header":"Manage Sites"}}},"wdio_ui5_key":"sapm.TileContent{\"path\":\"\",\"propertyPath\":\"/properties/info\"}{\"controlType\":\"sap.m.GenericTile\",\"properties\":{\"header\":\"Manage Sites\"}}"}]}
RESULT: undefined
COMMAND: POST /session/4712af7ad0eaf46e7406ff23cdc0ea9d/element - {"using":"xpath","value":"//*[@id=\"__xmlview7--numericTileContent\"]"}
RESULT: {"using":"xpath","value":"//*[@id=\"__xmlview7--numericTileContent\"]"}
COMMAND: POST /session/4712af7ad0eaf46e7406ff23cdc0ea9d/element/f.791DC57474D669730896E8DA48EFF857.d.14144FA3FF39B5DA18569D6B850C5C78.e.1801/click - {}
RESULT: {}
COMMAND: POST /session/4712af7ad0eaf46e7406ff23cdc0ea9d/element - {"using":"xpath","value":"//button[@data-kt=\"addOverflowToolbarButton\"]"}
COMMAND: GET /session/4712af7ad0eaf46e7406ff23cdc0ea9d/screenshot - {}
RESULT: {"using":"xpath","value":"//button[@data-kt=\"addOverflowToolbarButton\"]"}
COMMAND: POST /session/4712af7ad0eaf46e7406ff23cdc0ea9d/elements - {"using":"xpath","value":"//button[@data-kt=\"addOverflowToolbarButton\"]"}
RESULT: {}
RESULT: {"using":"xpath","value":"//button[@data-kt=\"addOverflowToolbarButton\"]"}
COMMAND: POST /session/4712af7ad0eaf46e7406ff23cdc0ea9d/elements - {"using":"xpath","value":"//button[@data-kt=\"addOverflowToolbarButton\"]"}
RESULT: {"using":"xpath","value":"//button[@data-kt=\"addOverflowToolbarButton\"]"}
COMMAND: POST /session/4712af7ad0eaf46e7406ff23cdc0ea9d/elements - {"using":"xpath","value":"//button[@data-kt=\"addOverflowToolbarButton\"]"}
RESULT: {"using":"xpath","value":"//button[@data-kt=\"addOverflowToolbarButton\"]"}
COMMAND: POST /session/4712af7ad0eaf46e7406ff23cdc0ea9d/element - {"using":"xpath","value":"//button[@data-kt=\"addOverflowToolbarButton\"]"}
RESULT: {"using":"xpath","value":"//button[@data-kt=\"addOverflowToolbarButton\"]"}
COMMAND: POST /session/4712af7ad0eaf46e7406ff23cdc0ea9d/execute/sync - {"script":"<script> [8489 bytes]","args":[{"element-6066-11e4-a52e-4f735466cecf":"f.791DC57474D669730896E8DA48EFF857.d.14144FA3FF39B5DA18569D6B850C5C78.e.1846","ELEMENT":"f.791DC57474D669730896E8DA48EFF857.d.14144FA3FF39B5DA18569D6B850C5C78.e.1846"}]}
RESULT: {"script":"<script> [8489 bytes]","args":[{"element-6066-11e4-a52e-4f735466cecf":"f.791DC57474D669730896E8DA48EFF857.d.14144FA3FF39B5DA18569D6B850C5C78.e.1846","ELEMENT":"f.791DC57474D669730896E8DA48EFF857.d.14144FA3FF39B5DA18569D6B850C5C78.e.1846"}]}
COMMAND: GET /session/4712af7ad0eaf46e7406ff23cdc0ea9d/element/f.791DC57474D669730896E8DA48EFF857.d.14144FA3FF39B5DA18569D6B850C5C78.e.1846/enabled - {}
COMMAND: GET /session/4712af7ad0eaf46e7406ff23cdc0ea9d/screenshot - {}
RESULT: {}
COMMAND: POST /session/4712af7ad0eaf46e7406ff23cdc0ea9d/execute/sync - {"script":"<script> [8489 bytes]","args":[{"element-6066-11e4-a52e-4f735466cecf":"f.791DC57474D669730896E8DA48EFF857.d.14144FA3FF39B5DA18569D6B850C5C78.e.1846","ELEMENT":"f.791DC57474D669730896E8DA48EFF857.d.14144FA3FF39B5DA18569D6B850C5C78.e.1846"}]}
COMMAND: GET /session/4712af7ad0eaf46e7406ff23cdc0ea9d/screenshot - {}
RESULT: {}
RESULT: {"script":"<script> [8489 bytes]","args":[{"element-6066-11e4-a52e-4f735466cecf":"f.791DC57474D669730896E8DA48EFF857.d.14144FA3FF39B5DA18569D6B850C5C78.e.1846","ELEMENT":"f.791DC57474D669730896E8DA48EFF857.d.14144FA3FF39B5DA18569D6B850C5C78.e.1846"}]}
COMMAND: POST /session/4712af7ad0eaf46e7406ff23cdc0ea9d/execute/sync - {"script":"<script> [5351 bytes]","args":[{"element-6066-11e4-a52e-4f735466cecf":"f.791DC57474D669730896E8DA48EFF857.d.14144FA3FF39B5DA18569D6B850C5C78.e.1846","ELEMENT":"f.791DC57474D669730896E8DA48EFF857.d.14144FA3FF39B5DA18569D6B850C5C78.e.1846"}]}
COMMAND: GET /session/4712af7ad0eaf46e7406ff23cdc0ea9d/screenshot - {}
RESULT: {}
RESULT: {"script":"<script> [5351 bytes]","args":[{"element-6066-11e4-a52e-4f735466cecf":"f.791DC57474D669730896E8DA48EFF857.d.14144FA3FF39B5DA18569D6B850C5C78.e.1846","ELEMENT":"f.791DC57474D669730896E8DA48EFF857.d.14144FA3FF39B5DA18569D6B850C5C78.e.1846"}]}
COMMAND: POST /session/4712af7ad0eaf46e7406ff23cdc0ea9d/element/f.791DC57474D669730896E8DA48EFF857.d.14144FA3FF39B5DA18569D6B850C5C78.e.1846/click - {}
COMMAND: GET /session/4712af7ad0eaf46e7406ff23cdc0ea9d/screenshot - {}
RESULT: {}
RESULT: {}
COMMAND: GET /session/4712af7ad0eaf46e7406ff23cdc0ea9d/screenshot - {}
RESULT: {}
RESULT: {}
COMMAND: POST /session/4712af7ad0eaf46e7406ff23cdc0ea9d/execute/async - {"script":"<script> [1562 bytes]","args":[{"selector":{"id":"application-managesites-display-component---NewSite--addressDetailDetailsName1","interaction":{"idSuffix":"inner"}},"wdio_ui5_key":"applicationmanagesites-display-component---NewSite--addressDetailDetailsName1"}]}
RESULT: {"script":"<script> [1562 bytes]","args":[{"selector":{"id":"application-managesites-display-component---NewSite--addressDetailDetailsName1","interaction":{"idSuffix":"inner"}},"wdio_ui5_key":"applicationmanagesites-display-component---NewSite--addressDetailDetailsName1"}]}
RESULT: undefined
COMMAND: POST /session/4712af7ad0eaf46e7406ff23cdc0ea9d/execute/async - {"script":"<script> [776 bytes]","args":[{"enterText":"Intracompany Site wdIO","selector":{"id":"application-managesites-display-component---NewSite--addressDetailDetailsName1","interaction":{"idSuffix":"inner"}},"clearTextFirst":true,"interactionType":"ENTER_TEXT"}]}
RESULT: {"script":"<script> [776 bytes]","args":[{"enterText":"Intracompany Site wdIO","selector":{"id":"application-managesites-display-component---NewSite--addressDetailDetailsName1","interaction":{"idSuffix":"inner"}},"clearTextFirst":true,"interactionType":"ENTER_TEXT"}]}
COMMAND: POST /session/4712af7ad0eaf46e7406ff23cdc0ea9d/execute/async - {"script":"<script> [1562 bytes]","args":[{"selector":{"id":"application-managesites-display-component---NewSite--addressDetailDetailsLanguage-arrow"},"wdio_ui5_key":"applicationmanagesites-display-component---NewSite--addressDetailDetailsLanguage-arrow"}]}
RESULT: {"script":"<script> [1562 bytes]","args":[{"selector":{"id":"application-managesites-display-component---NewSite--addressDetailDetailsLanguage-arrow"},"wdio_ui5_key":"applicationmanagesites-display-component---NewSite--addressDetailDetailsLanguage-arrow"}]}
RESULT: undefined
COMMAND: POST /session/4712af7ad0eaf46e7406ff23cdc0ea9d/element - {"using":"xpath","value":"//*[@id=\"application-managesites-display-component---NewSite--addressDetailDetailsLanguage-arrow\"]"}
RESULT: {"using":"xpath","value":"//*[@id=\"application-managesites-display-component---NewSite--addressDetailDetailsLanguage-arrow\"]"}
COMMAND: POST /session/4712af7ad0eaf46e7406ff23cdc0ea9d/element/f.791DC57474D669730896E8DA48EFF857.d.14144FA3FF39B5DA18569D6B850C5C78.e.2476/click - {}
RESULT: {}
COMMAND: POST /session/4712af7ad0eaf46e7406ff23cdc0ea9d/element - {"using":"xpath","value":"//span[contains(text(), \"English\")]"}
COMMAND: GET /session/4712af7ad0eaf46e7406ff23cdc0ea9d/screenshot - {}
RESULT: {"using":"xpath","value":"//span[contains(text(), \"English\")]"}
COMMAND: POST /session/4712af7ad0eaf46e7406ff23cdc0ea9d/element/f.791DC57474D669730896E8DA48EFF857.d.14144FA3FF39B5DA18569D6B850C5C78.e.2477/click - {}
RESULT: {}
RESULT: {}
COMMAND: POST /session/4712af7ad0eaf46e7406ff23cdc0ea9d/execute/async - {"script":"<script> [1562 bytes]","args":[{"selector":{"id":"application-managesites-display-component---NewSite--addressDetailDetailsCity1","interaction":{"idSuffix":"inner"}},"wdio_ui5_key":"applicationmanagesites-display-component---NewSite--addressDetailDetailsCity1"}]}
COMMAND: GET /session/4712af7ad0eaf46e7406ff23cdc0ea9d/screenshot - {}
RESULT: {"script":"<script> [1562 bytes]","args":[{"selector":{"id":"application-managesites-display-component---NewSite--addressDetailDetailsCity1","interaction":{"idSuffix":"inner"}},"wdio_ui5_key":"applicationmanagesites-display-component---NewSite--addressDetailDetailsCity1"}]}
RESULT: undefined
COMMAND: POST /session/4712af7ad0eaf46e7406ff23cdc0ea9d/execute/async - {"script":"<script> [776 bytes]","args":[{"enterText":"Rosario","selector":{"id":"application-managesites-display-component---NewSite--addressDetailDetailsCity1","interaction":{"idSuffix":"inner"}},"clearTextFirst":true,"interactionType":"ENTER_TEXT"}]}
RESULT: {}
RESULT: {"script":"<script> [776 bytes]","args":[{"enterText":"Rosario","selector":{"id":"application-managesites-display-component---NewSite--addressDetailDetailsCity1","interaction":{"idSuffix":"inner"}},"clearTextFirst":true,"interactionType":"ENTER_TEXT"}]}
COMMAND: POST /session/4712af7ad0eaf46e7406ff23cdc0ea9d/execute/async - {"script":"<script> [1562 bytes]","args":[{"selector":{"id":"application-managesites-display-component---NewSite--addressDetailDetailsCountry-arrow"},"wdio_ui5_key":"applicationmanagesites-display-component---NewSite--addressDetailDetailsCountry-arrow"}]}
RESULT: {"script":"<script> [1562 bytes]","args":[{"selector":{"id":"application-managesites-display-component---NewSite--addressDetailDetailsCountry-arrow"},"wdio_ui5_key":"applicationmanagesites-display-component---NewSite--addressDetailDetailsCountry-arrow"}]}
RESULT: undefined
COMMAND: POST /session/4712af7ad0eaf46e7406ff23cdc0ea9d/element - {"using":"xpath","value":"//*[@id=\"application-managesites-display-component---NewSite--addressDetailDetailsCountry-arrow\"]"}
RESULT: {"using":"xpath","value":"//*[@id=\"application-managesites-display-component---NewSite--addressDetailDetailsCountry-arrow\"]"}
COMMAND: POST /session/4712af7ad0eaf46e7406ff23cdc0ea9d/element/f.791DC57474D669730896E8DA48EFF857.d.14144FA3FF39B5DA18569D6B850C5C78.e.2479/click - {}
RESULT: {}
COMMAND: POST /session/4712af7ad0eaf46e7406ff23cdc0ea9d/element - {"using":"xpath","value":"//span[contains(text(), \"Argentina\")]"}
COMMAND: GET /session/4712af7ad0eaf46e7406ff23cdc0ea9d/screenshot - {}
RESULT: {"using":"xpath","value":"//span[contains(text(), \"Argentina\")]"}
COMMAND: POST /session/4712af7ad0eaf46e7406ff23cdc0ea9d/element/f.791DC57474D669730896E8DA48EFF857.d.14144FA3FF39B5DA18569D6B850C5C78.e.2480/click - {}
RESULT: {}
RESULT: {}
COMMAND: GET /session/4712af7ad0eaf46e7406ff23cdc0ea9d/screenshot - {}
RESULT: {}
COMMAND: POST /session/4712af7ad0eaf46e7406ff23cdc0ea9d/execute/async - {"script":"<script> [1562 bytes]","args":[{"selector":{"id":"application-managesites-display-component---NewSite--addressEditDetailsCostObjectCstType-arrow"},"wdio_ui5_key":"applicationmanagesites-display-component---NewSite--addressEditDetailsCostObjectCstType-arrow"}]}
RESULT: {"script":"<script> [1562 bytes]","args":[{"selector":{"id":"application-managesites-display-component---NewSite--addressEditDetailsCostObjectCstType-arrow"},"wdio_ui5_key":"applicationmanagesites-display-component---NewSite--addressEditDetailsCostObjectCstType-arrow"}]}
RESULT: undefined
COMMAND: POST /session/4712af7ad0eaf46e7406ff23cdc0ea9d/element - {"using":"xpath","value":"//*[@id=\"application-managesites-display-component---NewSite--addressEditDetailsCostObjectCstType-arrow\"]"}
RESULT: {"using":"xpath","value":"//*[@id=\"application-managesites-display-component---NewSite--addressEditDetailsCostObjectCstType-arrow\"]"}
COMMAND: POST /session/4712af7ad0eaf46e7406ff23cdc0ea9d/element/f.791DC57474D669730896E8DA48EFF857.d.14144FA3FF39B5DA18569D6B850C5C78.e.2481/click - {}
RESULT: {}
COMMAND: POST /session/4712af7ad0eaf46e7406ff23cdc0ea9d/element - {"using":"xpath","value":"//span[contains(text(), \"Cost Center\")]"}
COMMAND: GET /session/4712af7ad0eaf46e7406ff23cdc0ea9d/screenshot - {}
RESULT: {"using":"xpath","value":"//span[contains(text(), \"Cost Center\")]"}
COMMAND: POST /session/4712af7ad0eaf46e7406ff23cdc0ea9d/element/f.791DC57474D669730896E8DA48EFF857.d.14144FA3FF39B5DA18569D6B850C5C78.e.2482/click - {}
RESULT: {}
RESULT: {}
COMMAND: GET /session/4712af7ad0eaf46e7406ff23cdc0ea9d/screenshot - {}
RESULT: {}
COMMAND: POST /session/4712af7ad0eaf46e7406ff23cdc0ea9d/element - {"using":"xpath","value":"//span[@id=\"application-managesites-display-component---NewSite--addressNewCostObjectCstID-vhi\"]"}
RESULT: {"using":"xpath","value":"//span[@id=\"application-managesites-display-component---NewSite--addressNewCostObjectCstID-vhi\"]"}
COMMAND: POST /session/4712af7ad0eaf46e7406ff23cdc0ea9d/execute/sync - {"script":"<script> [8489 bytes]","args":[{"element-6066-11e4-a52e-4f735466cecf":"f.791DC57474D669730896E8DA48EFF857.d.14144FA3FF39B5DA18569D6B850C5C78.e.2487","ELEMENT":"f.791DC57474D669730896E8DA48EFF857.d.14144FA3FF39B5DA18569D6B850C5C78.e.2487"}]}
RESULT: {"script":"<script> [8489 bytes]","args":[{"element-6066-11e4-a52e-4f735466cecf":"f.791DC57474D669730896E8DA48EFF857.d.14144FA3FF39B5DA18569D6B850C5C78.e.2487","ELEMENT":"f.791DC57474D669730896E8DA48EFF857.d.14144FA3FF39B5DA18569D6B850C5C78.e.2487"}]}
COMMAND: POST /session/4712af7ad0eaf46e7406ff23cdc0ea9d/execute/async - {"script":"<script> [1562 bytes]","args":[{"selector":{"id":"application-managesites-display-component---NewSite--addressNewCostObjectCstID-vhi"},"wdio_ui5_key":"applicationmanagesites-display-component---NewSite--addressNewCostObjectCstID-vhi"}]}
COMMAND: GET /session/4712af7ad0eaf46e7406ff23cdc0ea9d/screenshot - {}
RESULT: {"script":"<script> [1562 bytes]","args":[{"selector":{"id":"application-managesites-display-component---NewSite--addressNewCostObjectCstID-vhi"},"wdio_ui5_key":"applicationmanagesites-display-component---NewSite--addressNewCostObjectCstID-vhi"}]}
RESULT: undefined
COMMAND: POST /session/4712af7ad0eaf46e7406ff23cdc0ea9d/element - {"using":"xpath","value":"//*[@id=\"application-managesites-display-component---NewSite--addressNewCostObjectCstID-vhi\"]"}
RESULT: {}
RESULT: {"using":"xpath","value":"//*[@id=\"application-managesites-display-component---NewSite--addressNewCostObjectCstID-vhi\"]"}
COMMAND: POST /session/4712af7ad0eaf46e7406ff23cdc0ea9d/element/f.791DC57474D669730896E8DA48EFF857.d.14144FA3FF39B5DA18569D6B850C5C78.e.2487/click - {}
RESULT: {}
COMMAND: GET /session/4712af7ad0eaf46e7406ff23cdc0ea9d/screenshot - {}
RESULT: {}
RESULT: undefined
COMMAND: POST /session/4712af7ad0eaf46e7406ff23cdc0ea9d/execute/async - {"script":"<script> [776 bytes]","args":[{"enterText":"10001013","selector":{"controlType":"sap.m.SearchField","properties":{"placeholder":"Search"},"searchOpenDialogs":true,"interaction":{"idSuffix":"I"}},"clearTextFirst":true,"interactionType":"ENTER_TEXT"}]}
RESULT: {"script":"<script> [776 bytes]","args":[{"enterText":"10001013","selector":{"controlType":"sap.m.SearchField","properties":{"placeholder":"Search"},"searchOpenDialogs":true,"interaction":{"idSuffix":"I"}},"clearTextFirst":true,"interactionType":"ENTER_TEXT"}]}
COMMAND: POST /session/4712af7ad0eaf46e7406ff23cdc0ea9d/actions - {"actions":[{"id":"action6","type":"key","parameters":{},"actions":[{"type":"keyDown","value":"î€‡"},{"type":"pause","duration":10},{"type":"keyUp","value":"î€‡"}]}]}
RESULT: {"actions":[{"id":"action6","type":"key","parameters":{},"actions":[{"type":"keyDown","value":"î€‡"},{"type":"pause","duration":10},{"type":"keyUp","value":"î€‡"}]}]}
COMMAND: GET /session/4712af7ad0eaf46e7406ff23cdc0ea9d/screenshot - {}
RESULT: {}
COMMAND: POST /session/4712af7ad0eaf46e7406ff23cdc0ea9d/element - {"using":"xpath","value":"//span[contains(text(), \"General Management\")]"}
RESULT: {"using":"xpath","value":"//span[contains(text(), \"General Management\")]"}
COMMAND: POST /session/4712af7ad0eaf46e7406ff23cdc0ea9d/element/f.791DC57474D669730896E8DA48EFF857.d.14144FA3FF39B5DA18569D6B850C5C78.e.2526/click - {}
RESULT: {}
COMMAND: GET /session/4712af7ad0eaf46e7406ff23cdc0ea9d/screenshot - {}
RESULT: {}
COMMAND: POST /session/4712af7ad0eaf46e7406ff23cdc0ea9d/element - {"using":"xpath","value":"//bdi[contains(text(), \"OK\")]"}
RESULT: {"using":"xpath","value":"//bdi[contains(text(), \"OK\")]"}
COMMAND: POST /session/4712af7ad0eaf46e7406ff23cdc0ea9d/element/f.791DC57474D669730896E8DA48EFF857.d.14144FA3FF39B5DA18569D6B850C5C78.e.2527/click - {}
RESULT: {}
COMMAND: GET /session/4712af7ad0eaf46e7406ff23cdc0ea9d/screenshot - {}
RESULT: {}
COMMAND: POST /session/4712af7ad0eaf46e7406ff23cdc0ea9d/element - {"using":"xpath","value":"//input[@id=\"application-managesites-display-component---NewSite--addressDetailDetailsCalendar-inner\"]"}
RESULT: {"using":"xpath","value":"//input[@id=\"application-managesites-display-component---NewSite--addressDetailDetailsCalendar-inner\"]"}
COMMAND: POST /session/4712af7ad0eaf46e7406ff23cdc0ea9d/element/f.791DC57474D669730896E8DA48EFF857.d.14144FA3FF39B5DA18569D6B850C5C78.e.2275/clear - {}
RESULT: {}
COMMAND: POST /session/4712af7ad0eaf46e7406ff23cdc0ea9d/element/f.791DC57474D669730896E8DA48EFF857.d.14144FA3FF39B5DA18569D6B850C5C78.e.2275/value - {"text":"Unit"}
COMMAND: GET /session/4712af7ad0eaf46e7406ff23cdc0ea9d/screenshot - {}
RESULT: {"text":"Unit"}
COMMAND: GET /session/4712af7ad0eaf46e7406ff23cdc0ea9d/screenshot - {}
RESULT: {}
RESULT: {}
COMMAND: POST /session/4712af7ad0eaf46e7406ff23cdc0ea9d/actions - {"actions":[{"id":"action7","type":"key","parameters":{},"actions":[{"type":"keyDown","value":"î€‡"},{"type":"pause","duration":10},{"type":"keyUp","value":"î€‡"}]}]}
RESULT: {"actions":[{"id":"action7","type":"key","parameters":{},"actions":[{"type":"keyDown","value":"î€‡"},{"type":"pause","duration":10},{"type":"keyUp","value":"î€‡"}]}]}
COMMAND: POST /session/4712af7ad0eaf46e7406ff23cdc0ea9d/element - {"using":"xpath","value":"//input[@id=\"application-managesites-display-component---NewSite--addressDetailDetailsYard-inner\"]"}
COMMAND: GET /session/4712af7ad0eaf46e7406ff23cdc0ea9d/screenshot - {}
RESULT: {"using":"xpath","value":"//input[@id=\"application-managesites-display-component---NewSite--addressDetailDetailsYard-inner\"]"}
COMMAND: POST /session/4712af7ad0eaf46e7406ff23cdc0ea9d/element/f.791DC57474D669730896E8DA48EFF857.d.14144FA3FF39B5DA18569D6B850C5C78.e.2276/clear - {}
RESULT: {}
RESULT: {}
COMMAND: POST /session/4712af7ad0eaf46e7406ff23cdc0ea9d/element/f.791DC57474D669730896E8DA48EFF857.d.14144FA3FF39B5DA18569D6B850C5C78.e.2276/value - {"text":"432"}
COMMAND: GET /session/4712af7ad0eaf46e7406ff23cdc0ea9d/screenshot - {}
RESULT: {"text":"432"}
COMMAND: GET /session/4712af7ad0eaf46e7406ff23cdc0ea9d/screenshot - {}
RESULT: {}
RESULT: {}
COMMAND: POST /session/4712af7ad0eaf46e7406ff23cdc0ea9d/element - {"using":"xpath","value":"//li[.//span[text()='432']]"}
RESULT: {"using":"xpath","value":"//li[.//span[text()='432']]"}
COMMAND: POST /session/4712af7ad0eaf46e7406ff23cdc0ea9d/element/f.791DC57474D669730896E8DA48EFF857.d.14144FA3FF39B5DA18569D6B850C5C78.e.2549/click - {}
RESULT: {}
COMMAND: GET /session/4712af7ad0eaf46e7406ff23cdc0ea9d/screenshot - {}
RESULT: {}
COMMAND: POST /session/4712af7ad0eaf46e7406ff23cdc0ea9d/element - {"using":"xpath","value":"//input[@id=\"application-managesites-display-component---NewSite--addressDetailDetailsPartner-inner\"]"}
RESULT: {"using":"xpath","value":"//input[@id=\"application-managesites-display-component---NewSite--addressDetailDetailsPartner-inner\"]"}
COMMAND: POST /session/4712af7ad0eaf46e7406ff23cdc0ea9d/element - {"using":"xpath","value":"//input[@id=\"application-managesites-display-component---NewSite--addressDetailDetailsPartner-inner\"]"}
RESULT: {"using":"xpath","value":"//input[@id=\"application-managesites-display-component---NewSite--addressDetailDetailsPartner-inner\"]"}
COMMAND: POST /session/4712af7ad0eaf46e7406ff23cdc0ea9d/element - {"using":"xpath","value":"//button[@data-kt=\"saveButton\"]"}
RESULT: {"using":"xpath","value":"//button[@data-kt=\"saveButton\"]"}
COMMAND: POST /session/4712af7ad0eaf46e7406ff23cdc0ea9d/element/f.791DC57474D669730896E8DA48EFF857.d.14144FA3FF39B5DA18569D6B850C5C78.e.2458/click - {}
RESULT: {}
COMMAND: GET /session/4712af7ad0eaf46e7406ff23cdc0ea9d/screenshot - {}
RESULT: {}
COMMAND: POST /session/4712af7ad0eaf46e7406ff23cdc0ea9d/element - {"using":"xpath","value":"//header[contains(@id, 'ObjectPageLayout-headerTitle')]/div[1]/div[2]/div[2]/span[1]"}
RESULT: {"using":"xpath","value":"//header[contains(@id, 'ObjectPageLayout-headerTitle')]/div[1]/div[2]/div[2]/span[1]"}
COMMAND: POST /session/4712af7ad0eaf46e7406ff23cdc0ea9d/elements - {"using":"xpath","value":"//header[contains(@id, 'ObjectPageLayout-headerTitle')]/div[1]/div[2]/div[2]/span[1]"}
RESULT: {"using":"xpath","value":"//header[contains(@id, 'ObjectPageLayout-headerTitle')]/div[1]/div[2]/div[2]/span[1]"}
COMMAND: POST /session/4712af7ad0eaf46e7406ff23cdc0ea9d/execute/sync - {"script":"<script> [56 bytes]","args":[{"element-6066-11e4-a52e-4f735466cecf":"f.791DC57474D669730896E8DA48EFF857.d.14144FA3FF39B5DA18569D6B850C5C78.e.2751","ELEMENT":"f.791DC57474D669730896E8DA48EFF857.d.14144FA3FF39B5DA18569D6B850C5C78.e.2751"}]}
RESULT: {"script":"<script> [56 bytes]","args":[{"element-6066-11e4-a52e-4f735466cecf":"f.791DC57474D669730896E8DA48EFF857.d.14144FA3FF39B5DA18569D6B850C5C78.e.2751","ELEMENT":"f.791DC57474D669730896E8DA48EFF857.d.14144FA3FF39B5DA18569D6B850C5C78.e.2751"}]}
COMMAND: POST /session/4712af7ad0eaf46e7406ff23cdc0ea9d/element - {"using":"css selector","value":"#shell-header-logo"}
COMMAND: GET /session/4712af7ad0eaf46e7406ff23cdc0ea9d/screenshot - {}
RESULT: {"using":"css selector","value":"#shell-header-logo"}
COMMAND: POST /session/4712af7ad0eaf46e7406ff23cdc0ea9d/element/f.791DC57474D669730896E8DA48EFF857.d.14144FA3FF39B5DA18569D6B850C5C78.e.1804/click - {}
RESULT: {}
RESULT: {}
COMMAND: GET /session/4712af7ad0eaf46e7406ff23cdc0ea9d/screenshot - {}
RESULT: {}
COMMAND: POST /session/4712af7ad0eaf46e7406ff23cdc0ea9d/execute/sync - {"script":"<script> [299 bytes]","args":[["getModel","getResource"]]}
RESULT: {"script":"<script> [299 bytes]","args":[["getModel","getResource"]]}
]]></system-out>
    </testcase>
    <testcase classname="chrome.135_0_7049_96.windows.Billing_confirm_US117289" name="Should create a new equipment" time="112.19">
      <system-out><![CDATA[
COMMAND: POST /session/4712af7ad0eaf46e7406ff23cdc0ea9d/execute/async - {"script":"<script> [1562 bytes]","args":[{"selector":{"controlType":"sap.m.GenericTile","properties":{"header":"Manage Resources"}},"wdio_ui5_key":"sapm.GenericTile{\"header\":\"Manage Resources\"}"}]}
COMMAND: GET /session/4712af7ad0eaf46e7406ff23cdc0ea9d/screenshot - {}
RESULT: {"script":"<script> [1562 bytes]","args":[{"selector":{"controlType":"sap.m.GenericTile","properties":{"header":"Manage Resources"}},"wdio_ui5_key":"sapm.GenericTile{\"header\":\"Manage Resources\"}"}]}
RESULT: undefined
COMMAND: POST /session/4712af7ad0eaf46e7406ff23cdc0ea9d/element - {"using":"xpath","value":"//*[@id=\"__tile39\"]"}
RESULT: {}
RESULT: {"using":"xpath","value":"//*[@id=\"__tile39\"]"}
COMMAND: POST /session/4712af7ad0eaf46e7406ff23cdc0ea9d/element/f.791DC57474D669730896E8DA48EFF857.d.14144FA3FF39B5DA18569D6B850C5C78.e.151/click - {}
RESULT: {}
COMMAND: POST /session/4712af7ad0eaf46e7406ff23cdc0ea9d/element - {"using":"xpath","value":"//button[@data-kt=\"addNewRUOverflowToolbarButton\"]"}
COMMAND: GET /session/4712af7ad0eaf46e7406ff23cdc0ea9d/screenshot - {}
RESULT: {"using":"xpath","value":"//button[@data-kt=\"addNewRUOverflowToolbarButton\"]"}
COMMAND: POST /session/4712af7ad0eaf46e7406ff23cdc0ea9d/elements - {"using":"xpath","value":"//button[@data-kt=\"addNewRUOverflowToolbarButton\"]"}
RESULT: {}
RESULT: {"using":"xpath","value":"//button[@data-kt=\"addNewRUOverflowToolbarButton\"]"}
COMMAND: POST /session/4712af7ad0eaf46e7406ff23cdc0ea9d/elements - {"using":"xpath","value":"//button[@data-kt=\"addNewRUOverflowToolbarButton\"]"}
RESULT: {"using":"xpath","value":"//button[@data-kt=\"addNewRUOverflowToolbarButton\"]"}
COMMAND: POST /session/4712af7ad0eaf46e7406ff23cdc0ea9d/elements - {"using":"xpath","value":"//button[@data-kt=\"addNewRUOverflowToolbarButton\"]"}
RESULT: {"using":"xpath","value":"//button[@data-kt=\"addNewRUOverflowToolbarButton\"]"}
COMMAND: POST /session/4712af7ad0eaf46e7406ff23cdc0ea9d/elements - {"using":"xpath","value":"//button[@data-kt=\"addNewRUOverflowToolbarButton\"]"}
RESULT: {"using":"xpath","value":"//button[@data-kt=\"addNewRUOverflowToolbarButton\"]"}
COMMAND: POST /session/4712af7ad0eaf46e7406ff23cdc0ea9d/elements - {"using":"xpath","value":"//button[@data-kt=\"addNewRUOverflowToolbarButton\"]"}
RESULT: {"using":"xpath","value":"//button[@data-kt=\"addNewRUOverflowToolbarButton\"]"}
COMMAND: POST /session/4712af7ad0eaf46e7406ff23cdc0ea9d/elements - {"using":"xpath","value":"//button[@data-kt=\"addNewRUOverflowToolbarButton\"]"}
RESULT: {"using":"xpath","value":"//button[@data-kt=\"addNewRUOverflowToolbarButton\"]"}
COMMAND: POST /session/4712af7ad0eaf46e7406ff23cdc0ea9d/elements - {"using":"xpath","value":"//button[@data-kt=\"addNewRUOverflowToolbarButton\"]"}
RESULT: {"using":"xpath","value":"//button[@data-kt=\"addNewRUOverflowToolbarButton\"]"}
COMMAND: POST /session/4712af7ad0eaf46e7406ff23cdc0ea9d/elements - {"using":"xpath","value":"//button[@data-kt=\"addNewRUOverflowToolbarButton\"]"}
RESULT: {"using":"xpath","value":"//button[@data-kt=\"addNewRUOverflowToolbarButton\"]"}
COMMAND: POST /session/4712af7ad0eaf46e7406ff23cdc0ea9d/elements - {"using":"xpath","value":"//button[@data-kt=\"addNewRUOverflowToolbarButton\"]"}
RESULT: {"using":"xpath","value":"//button[@data-kt=\"addNewRUOverflowToolbarButton\"]"}
COMMAND: POST /session/4712af7ad0eaf46e7406ff23cdc0ea9d/elements - {"using":"xpath","value":"//button[@data-kt=\"addNewRUOverflowToolbarButton\"]"}
RESULT: {"using":"xpath","value":"//button[@data-kt=\"addNewRUOverflowToolbarButton\"]"}
COMMAND: POST /session/4712af7ad0eaf46e7406ff23cdc0ea9d/elements - {"using":"xpath","value":"//button[@data-kt=\"addNewRUOverflowToolbarButton\"]"}
RESULT: {"using":"xpath","value":"//button[@data-kt=\"addNewRUOverflowToolbarButton\"]"}
COMMAND: POST /session/4712af7ad0eaf46e7406ff23cdc0ea9d/element - {"using":"xpath","value":"//button[@data-kt=\"addNewRUOverflowToolbarButton\"]"}
RESULT: {"using":"xpath","value":"//button[@data-kt=\"addNewRUOverflowToolbarButton\"]"}
COMMAND: POST /session/4712af7ad0eaf46e7406ff23cdc0ea9d/execute/sync - {"script":"<script> [8489 bytes]","args":[{"element-6066-11e4-a52e-4f735466cecf":"f.791DC57474D669730896E8DA48EFF857.d.14144FA3FF39B5DA18569D6B850C5C78.e.2793","ELEMENT":"f.791DC57474D669730896E8DA48EFF857.d.14144FA3FF39B5DA18569D6B850C5C78.e.2793"}]}
RESULT: {"script":"<script> [8489 bytes]","args":[{"element-6066-11e4-a52e-4f735466cecf":"f.791DC57474D669730896E8DA48EFF857.d.14144FA3FF39B5DA18569D6B850C5C78.e.2793","ELEMENT":"f.791DC57474D669730896E8DA48EFF857.d.14144FA3FF39B5DA18569D6B850C5C78.e.2793"}]}
COMMAND: GET /session/4712af7ad0eaf46e7406ff23cdc0ea9d/element/f.791DC57474D669730896E8DA48EFF857.d.14144FA3FF39B5DA18569D6B850C5C78.e.2793/enabled - {}
COMMAND: GET /session/4712af7ad0eaf46e7406ff23cdc0ea9d/screenshot - {}
RESULT: {}
COMMAND: POST /session/4712af7ad0eaf46e7406ff23cdc0ea9d/execute/sync - {"script":"<script> [8489 bytes]","args":[{"element-6066-11e4-a52e-4f735466cecf":"f.791DC57474D669730896E8DA48EFF857.d.14144FA3FF39B5DA18569D6B850C5C78.e.2793","ELEMENT":"f.791DC57474D669730896E8DA48EFF857.d.14144FA3FF39B5DA18569D6B850C5C78.e.2793"}]}
COMMAND: GET /session/4712af7ad0eaf46e7406ff23cdc0ea9d/screenshot - {}
RESULT: {}
RESULT: {"script":"<script> [8489 bytes]","args":[{"element-6066-11e4-a52e-4f735466cecf":"f.791DC57474D669730896E8DA48EFF857.d.14144FA3FF39B5DA18569D6B850C5C78.e.2793","ELEMENT":"f.791DC57474D669730896E8DA48EFF857.d.14144FA3FF39B5DA18569D6B850C5C78.e.2793"}]}
COMMAND: POST /session/4712af7ad0eaf46e7406ff23cdc0ea9d/execute/sync - {"script":"<script> [5351 bytes]","args":[{"element-6066-11e4-a52e-4f735466cecf":"f.791DC57474D669730896E8DA48EFF857.d.14144FA3FF39B5DA18569D6B850C5C78.e.2793","ELEMENT":"f.791DC57474D669730896E8DA48EFF857.d.14144FA3FF39B5DA18569D6B850C5C78.e.2793"}]}
COMMAND: GET /session/4712af7ad0eaf46e7406ff23cdc0ea9d/screenshot - {}
RESULT: {}
RESULT: {"script":"<script> [5351 bytes]","args":[{"element-6066-11e4-a52e-4f735466cecf":"f.791DC57474D669730896E8DA48EFF857.d.14144FA3FF39B5DA18569D6B850C5C78.e.2793","ELEMENT":"f.791DC57474D669730896E8DA48EFF857.d.14144FA3FF39B5DA18569D6B850C5C78.e.2793"}]}
COMMAND: POST /session/4712af7ad0eaf46e7406ff23cdc0ea9d/element/f.791DC57474D669730896E8DA48EFF857.d.14144FA3FF39B5DA18569D6B850C5C78.e.2793/click - {}
COMMAND: GET /session/4712af7ad0eaf46e7406ff23cdc0ea9d/screenshot - {}
RESULT: {}
RESULT: {}
COMMAND: GET /session/4712af7ad0eaf46e7406ff23cdc0ea9d/screenshot - {}
RESULT: {}
RESULT: {}
COMMAND: POST /session/4712af7ad0eaf46e7406ff23cdc0ea9d/execute/async - {"script":"<script> [1562 bytes]","args":[{"selector":{"id":"application-manageresources-display-component---newResourceUnit--TYPE-arrow"},"wdio_ui5_key":"applicationmanageresources-display-component---newResourceUnit--TYPE-arrow"}]}
RESULT: {"script":"<script> [1562 bytes]","args":[{"selector":{"id":"application-manageresources-display-component---newResourceUnit--TYPE-arrow"},"wdio_ui5_key":"applicationmanageresources-display-component---newResourceUnit--TYPE-arrow"}]}
RESULT: undefined
COMMAND: POST /session/4712af7ad0eaf46e7406ff23cdc0ea9d/element - {"using":"xpath","value":"//*[@id=\"application-manageresources-display-component---newResourceUnit--TYPE-arrow\"]"}
RESULT: {"using":"xpath","value":"//*[@id=\"application-manageresources-display-component---newResourceUnit--TYPE-arrow\"]"}
COMMAND: POST /session/4712af7ad0eaf46e7406ff23cdc0ea9d/element/f.791DC57474D669730896E8DA48EFF857.d.14144FA3FF39B5DA18569D6B850C5C78.e.3150/click - {}
RESULT: {}
COMMAND: POST /session/4712af7ad0eaf46e7406ff23cdc0ea9d/element - {"using":"xpath","value":"//input[@id=\"application-manageresources-display-component---newResourceUnit--TYPE-inner\"]"}
COMMAND: GET /session/4712af7ad0eaf46e7406ff23cdc0ea9d/screenshot - {}
RESULT: {"using":"xpath","value":"//input[@id=\"application-manageresources-display-component---newResourceUnit--TYPE-inner\"]"}
COMMAND: POST /session/4712af7ad0eaf46e7406ff23cdc0ea9d/element/f.791DC57474D669730896E8DA48EFF857.d.14144FA3FF39B5DA18569D6B850C5C78.e.3134/clear - {}
RESULT: {}
RESULT: {}
COMMAND: POST /session/4712af7ad0eaf46e7406ff23cdc0ea9d/element/f.791DC57474D669730896E8DA48EFF857.d.14144FA3FF39B5DA18569D6B850C5C78.e.3134/value - {"text":"Equipment"}
COMMAND: GET /session/4712af7ad0eaf46e7406ff23cdc0ea9d/screenshot - {}
RESULT: {"text":"Equipment"}
COMMAND: GET /session/4712af7ad0eaf46e7406ff23cdc0ea9d/screenshot - {}
RESULT: {}
RESULT: {}
COMMAND: POST /session/4712af7ad0eaf46e7406ff23cdc0ea9d/actions - {"actions":[{"id":"action8","type":"key","parameters":{},"actions":[{"type":"keyDown","value":"î€‡"},{"type":"pause","duration":10},{"type":"keyUp","value":"î€‡"}]}]}
RESULT: {"actions":[{"id":"action8","type":"key","parameters":{},"actions":[{"type":"keyDown","value":"î€‡"},{"type":"pause","duration":10},{"type":"keyUp","value":"î€‡"}]}]}
COMMAND: POST /session/4712af7ad0eaf46e7406ff23cdc0ea9d/execute/async - {"script":"<script> [1562 bytes]","args":[{"selector":{"id":"application-manageresources-display-component---newResourceUnit--resourceId","interaction":{"idSuffix":"inner"}},"wdio_ui5_key":"applicationmanageresources-display-component---newResourceUnit--resourceId"}]}
COMMAND: GET /session/4712af7ad0eaf46e7406ff23cdc0ea9d/screenshot - {}
RESULT: {"script":"<script> [1562 bytes]","args":[{"selector":{"id":"application-manageresources-display-component---newResourceUnit--resourceId","interaction":{"idSuffix":"inner"}},"wdio_ui5_key":"applicationmanageresources-display-component---newResourceUnit--resourceId"}]}
RESULT: undefined
COMMAND: POST /session/4712af7ad0eaf46e7406ff23cdc0ea9d/execute/async - {"script":"<script> [776 bytes]","args":[{"enterText":"jizxB9mecM","selector":{"id":"application-manageresources-display-component---newResourceUnit--resourceId","interaction":{"idSuffix":"inner"}},"clearTextFirst":true,"interactionType":"ENTER_TEXT"}]}
RESULT: {}
RESULT: {"script":"<script> [776 bytes]","args":[{"enterText":"jizxB9mecM","selector":{"id":"application-manageresources-display-component---newResourceUnit--resourceId","interaction":{"idSuffix":"inner"}},"clearTextFirst":true,"interactionType":"ENTER_TEXT"}]}
COMMAND: POST /session/4712af7ad0eaf46e7406ff23cdc0ea9d/execute/async - {"script":"<script> [1562 bytes]","args":[{"selector":{"id":"application-manageresources-display-component---newResourceUnit--SHORT_TEXT","interaction":{"idSuffix":"inner"}},"wdio_ui5_key":"applicationmanageresources-display-component---newResourceUnit--SHORT_TEXT"}]}
RESULT: {"script":"<script> [1562 bytes]","args":[{"selector":{"id":"application-manageresources-display-component---newResourceUnit--SHORT_TEXT","interaction":{"idSuffix":"inner"}},"wdio_ui5_key":"applicationmanageresources-display-component---newResourceUnit--SHORT_TEXT"}]}
RESULT: undefined
COMMAND: POST /session/4712af7ad0eaf46e7406ff23cdc0ea9d/execute/async - {"script":"<script> [776 bytes]","args":[{"enterText":"Intercompany Equipment WDIO","selector":{"id":"application-manageresources-display-component---newResourceUnit--SHORT_TEXT","interaction":{"idSuffix":"inner"}},"clearTextFirst":true,"interactionType":"ENTER_TEXT"}]}
RESULT: {"script":"<script> [776 bytes]","args":[{"enterText":"Intercompany Equipment WDIO","selector":{"id":"application-manageresources-display-component---newResourceUnit--SHORT_TEXT","interaction":{"idSuffix":"inner"}},"clearTextFirst":true,"interactionType":"ENTER_TEXT"}]}
COMMAND: POST /session/4712af7ad0eaf46e7406ff23cdc0ea9d/execute/async - {"script":"<script> [1562 bytes]","args":[{"selector":{"id":"application-manageresources-display-component---newResourceUnit--BASE_UNIT_OF_MEASURE","interaction":{"idSuffix":"inner"}},"wdio_ui5_key":"applicationmanageresources-display-component---newResourceUnit--BASE_UNIT_OF_MEASURE"}]}
RESULT: {"script":"<script> [1562 bytes]","args":[{"selector":{"id":"application-manageresources-display-component---newResourceUnit--BASE_UNIT_OF_MEASURE","interaction":{"idSuffix":"inner"}},"wdio_ui5_key":"applicationmanageresources-display-component---newResourceUnit--BASE_UNIT_OF_MEASURE"}]}
RESULT: undefined
COMMAND: POST /session/4712af7ad0eaf46e7406ff23cdc0ea9d/execute/async - {"script":"<script> [776 bytes]","args":[{"enterText":"Piece","selector":{"id":"application-manageresources-display-component---newResourceUnit--BASE_UNIT_OF_MEASURE","interaction":{"idSuffix":"inner"}},"clearTextFirst":true,"interactionType":"ENTER_TEXT"}]}
RESULT: {"script":"<script> [776 bytes]","args":[{"enterText":"Piece","selector":{"id":"application-manageresources-display-component---newResourceUnit--BASE_UNIT_OF_MEASURE","interaction":{"idSuffix":"inner"}},"clearTextFirst":true,"interactionType":"ENTER_TEXT"}]}
COMMAND: POST /session/4712af7ad0eaf46e7406ff23cdc0ea9d/execute/async - {"script":"<script> [1562 bytes]","args":[{"selector":{"id":"application-manageresources-display-component---newResourceUnit--WEIGHT_UNIT","interaction":{"idSuffix":"inner"}},"wdio_ui5_key":"applicationmanageresources-display-component---newResourceUnit--WEIGHT_UNIT"}]}
RESULT: {"script":"<script> [1562 bytes]","args":[{"selector":{"id":"application-manageresources-display-component---newResourceUnit--WEIGHT_UNIT","interaction":{"idSuffix":"inner"}},"wdio_ui5_key":"applicationmanageresources-display-component---newResourceUnit--WEIGHT_UNIT"}]}
RESULT: undefined
COMMAND: POST /session/4712af7ad0eaf46e7406ff23cdc0ea9d/execute/async - {"script":"<script> [776 bytes]","args":[{"enterText":"Gram","selector":{"id":"application-manageresources-display-component---newResourceUnit--WEIGHT_UNIT","interaction":{"idSuffix":"inner"}},"clearTextFirst":true,"interactionType":"ENTER_TEXT"}]}
RESULT: {"script":"<script> [776 bytes]","args":[{"enterText":"Gram","selector":{"id":"application-manageresources-display-component---newResourceUnit--WEIGHT_UNIT","interaction":{"idSuffix":"inner"}},"clearTextFirst":true,"interactionType":"ENTER_TEXT"}]}
COMMAND: POST /session/4712af7ad0eaf46e7406ff23cdc0ea9d/execute/async - {"script":"<script> [1562 bytes]","args":[{"selector":{"id":"application-manageresources-display-component---newResourceUnit--DIMENSION_UNIT","interaction":{"idSuffix":"inner"}},"wdio_ui5_key":"applicationmanageresources-display-component---newResourceUnit--DIMENSION_UNIT"}]}
RESULT: {"script":"<script> [1562 bytes]","args":[{"selector":{"id":"application-manageresources-display-component---newResourceUnit--DIMENSION_UNIT","interaction":{"idSuffix":"inner"}},"wdio_ui5_key":"applicationmanageresources-display-component---newResourceUnit--DIMENSION_UNIT"}]}
RESULT: undefined
COMMAND: POST /session/4712af7ad0eaf46e7406ff23cdc0ea9d/execute/async - {"script":"<script> [776 bytes]","args":[{"enterText":"Meter","selector":{"id":"application-manageresources-display-component---newResourceUnit--DIMENSION_UNIT","interaction":{"idSuffix":"inner"}},"clearTextFirst":true,"interactionType":"ENTER_TEXT"}]}
RESULT: {"script":"<script> [776 bytes]","args":[{"enterText":"Meter","selector":{"id":"application-manageresources-display-component---newResourceUnit--DIMENSION_UNIT","interaction":{"idSuffix":"inner"}},"clearTextFirst":true,"interactionType":"ENTER_TEXT"}]}
COMMAND: POST /session/4712af7ad0eaf46e7406ff23cdc0ea9d/execute/async - {"script":"<script> [1562 bytes]","args":[{"selector":{"id":"application-manageresources-display-component---newResourceUnit--newRRUPage-anchBar-application-manageresources-display-component---newResourceUnit--control-anchor","interaction":{"idSuffix":"BDI-content"}},"wdio_ui5_key":"applicationmanageresources-display-component---newResourceUnit--newRRUPage-anchBar-application-manageresources-display-component---newResourceUnit--control-anchor"}]}
RESULT: {"script":"<script> [1562 bytes]","args":[{"selector":{"id":"application-manageresources-display-component---newResourceUnit--newRRUPage-anchBar-application-manageresources-display-component---newResourceUnit--control-anchor","interaction":{"idSuffix":"BDI-content"}},"wdio_ui5_key":"applicationmanageresources-display-component---newResourceUnit--newRRUPage-anchBar-application-manageresources-display-component---newResourceUnit--control-anchor"}]}
RESULT: undefined
COMMAND: POST /session/4712af7ad0eaf46e7406ff23cdc0ea9d/element - {"using":"xpath","value":"//*[@id=\"application-manageresources-display-component---newResourceUnit--newRRUPage-anchBar-application-manageresources-display-component---newResourceUnit--control-anchor\"]"}
RESULT: {"using":"xpath","value":"//*[@id=\"application-manageresources-display-component---newResourceUnit--newRRUPage-anchBar-application-manageresources-display-component---newResourceUnit--control-anchor\"]"}
COMMAND: POST /session/4712af7ad0eaf46e7406ff23cdc0ea9d/element/f.791DC57474D669730896E8DA48EFF857.d.14144FA3FF39B5DA18569D6B850C5C78.e.3283/click - {}
RESULT: {}
COMMAND: POST /session/4712af7ad0eaf46e7406ff23cdc0ea9d/execute/async - {"script":"<script> [1562 bytes]","args":[{"selector":{"id":"application-manageresources-display-component---newResourceUnit--PLANNING_GROUP","interaction":{"idSuffix":"inner"}},"wdio_ui5_key":"applicationmanageresources-display-component---newResourceUnit--PLANNING_GROUP"}]}
COMMAND: GET /session/4712af7ad0eaf46e7406ff23cdc0ea9d/screenshot - {}
RESULT: {"script":"<script> [1562 bytes]","args":[{"selector":{"id":"application-manageresources-display-component---newResourceUnit--PLANNING_GROUP","interaction":{"idSuffix":"inner"}},"wdio_ui5_key":"applicationmanageresources-display-component---newResourceUnit--PLANNING_GROUP"}]}
RESULT: undefined
COMMAND: POST /session/4712af7ad0eaf46e7406ff23cdc0ea9d/execute/async - {"script":"<script> [776 bytes]","args":[{"enterText":"Heavy Equi","selector":{"id":"application-manageresources-display-component---newResourceUnit--PLANNING_GROUP","interaction":{"idSuffix":"inner"}},"clearTextFirst":true,"interactionType":"ENTER_TEXT"}]}
RESULT: {}
RESULT: {"script":"<script> [776 bytes]","args":[{"enterText":"Heavy Equi","selector":{"id":"application-manageresources-display-component---newResourceUnit--PLANNING_GROUP","interaction":{"idSuffix":"inner"}},"clearTextFirst":true,"interactionType":"ENTER_TEXT"}]}
COMMAND: POST /session/4712af7ad0eaf46e7406ff23cdc0ea9d/execute/async - {"script":"<script> [1562 bytes]","args":[{"selector":{"id":"application-manageresources-display-component---newResourceUnit--ITEM_TYPE-arrow"},"wdio_ui5_key":"applicationmanageresources-display-component---newResourceUnit--ITEM_TYPE-arrow"}]}
RESULT: {"script":"<script> [1562 bytes]","args":[{"selector":{"id":"application-manageresources-display-component---newResourceUnit--ITEM_TYPE-arrow"},"wdio_ui5_key":"applicationmanageresources-display-component---newResourceUnit--ITEM_TYPE-arrow"}]}
RESULT: undefined
COMMAND: POST /session/4712af7ad0eaf46e7406ff23cdc0ea9d/element - {"using":"xpath","value":"//*[@id=\"application-manageresources-display-component---newResourceUnit--ITEM_TYPE-arrow\"]"}
RESULT: {"using":"xpath","value":"//*[@id=\"application-manageresources-display-component---newResourceUnit--ITEM_TYPE-arrow\"]"}
COMMAND: POST /session/4712af7ad0eaf46e7406ff23cdc0ea9d/element/f.791DC57474D669730896E8DA48EFF857.d.14144FA3FF39B5DA18569D6B850C5C78.e.3292/click - {}
RESULT: {}
COMMAND: POST /session/4712af7ad0eaf46e7406ff23cdc0ea9d/element - {"using":"xpath","value":"(//span[contains(text(), \"Resource Unit\")])[2]"}
COMMAND: GET /session/4712af7ad0eaf46e7406ff23cdc0ea9d/screenshot - {}
RESULT: {"using":"xpath","value":"(//span[contains(text(), \"Resource Unit\")])[2]"}
COMMAND: POST /session/4712af7ad0eaf46e7406ff23cdc0ea9d/element/f.791DC57474D669730896E8DA48EFF857.d.14144FA3FF39B5DA18569D6B850C5C78.e.3293/click - {}
RESULT: {}
RESULT: {}
COMMAND: GET /session/4712af7ad0eaf46e7406ff23cdc0ea9d/screenshot - {}
RESULT: {}
COMMAND: POST /session/4712af7ad0eaf46e7406ff23cdc0ea9d/element - {"using":"css selector","value":"#application-manageresources-display-component---newResourceUnit--btnAddTimeSegment"}
RESULT: {"using":"css selector","value":"#application-manageresources-display-component---newResourceUnit--btnAddTimeSegment"}
COMMAND: GET /session/4712af7ad0eaf46e7406ff23cdc0ea9d/element/f.791DC57474D669730896E8DA48EFF857.d.14144FA3FF39B5DA18569D6B850C5C78.e.3294/rect - {}
RESULT: {}
COMMAND: GET /session/4712af7ad0eaf46e7406ff23cdc0ea9d/window/rect - {}
RESULT: {}
COMMAND: POST /session/4712af7ad0eaf46e7406ff23cdc0ea9d/execute/sync - {"script":"<script> [92 bytes]","args":[]}
RESULT: {"script":"<script> [92 bytes]","args":[]}
COMMAND: POST /session/4712af7ad0eaf46e7406ff23cdc0ea9d/actions - {"actions":[{"id":"action9","type":"wheel","parameters":{},"actions":[{"type":"scroll","x":-1888,"y":-32,"deltaX":0,"deltaY":0,"duration":0,"origin":{"element-6066-11e4-a52e-4f735466cecf":"f.791DC57474D669730896E8DA48EFF857.d.14144FA3FF39B5DA18569D6B850C5C78.e.3294"}}]}]}
COMMAND: GET /session/4712af7ad0eaf46e7406ff23cdc0ea9d/screenshot - {}
RESULT: {}
COMMAND: POST /session/4712af7ad0eaf46e7406ff23cdc0ea9d/execute/sync - {"script":"<script> [79 bytes]","args":[{"element-6066-11e4-a52e-4f735466cecf":"f.791DC57474D669730896E8DA48EFF857.d.14144FA3FF39B5DA18569D6B850C5C78.e.3294","ELEMENT":"f.791DC57474D669730896E8DA48EFF857.d.14144FA3FF39B5DA18569D6B850C5C78.e.3294"},{"block":"start","inline":"nearest"}]}
RESULT: {"script":"<script> [79 bytes]","args":[{"element-6066-11e4-a52e-4f735466cecf":"f.791DC57474D669730896E8DA48EFF857.d.14144FA3FF39B5DA18569D6B850C5C78.e.3294","ELEMENT":"f.791DC57474D669730896E8DA48EFF857.d.14144FA3FF39B5DA18569D6B850C5C78.e.3294"},{"block":"start","inline":"nearest"}]}
COMMAND: POST /session/4712af7ad0eaf46e7406ff23cdc0ea9d/execute/async - {"script":"<script> [1562 bytes]","args":[{"selector":{"id":"application-manageresources-display-component---newResourceUnit--btnAddTimeSegment","interaction":{"idSuffix":"inner"}},"wdio_ui5_key":"applicationmanageresources-display-component---newResourceUnit--btnAddTimeSegment"}]}
COMMAND: GET /session/4712af7ad0eaf46e7406ff23cdc0ea9d/screenshot - {}
RESULT: {"script":"<script> [1562 bytes]","args":[{"selector":{"id":"application-manageresources-display-component---newResourceUnit--btnAddTimeSegment","interaction":{"idSuffix":"inner"}},"wdio_ui5_key":"applicationmanageresources-display-component---newResourceUnit--btnAddTimeSegment"}]}
RESULT: undefined
COMMAND: POST /session/4712af7ad0eaf46e7406ff23cdc0ea9d/element - {"using":"xpath","value":"//*[@id=\"application-manageresources-display-component---newResourceUnit--btnAddTimeSegment\"]"}
RESULT: {}
RESULT: {"using":"xpath","value":"//*[@id=\"application-manageresources-display-component---newResourceUnit--btnAddTimeSegment\"]"}
COMMAND: POST /session/4712af7ad0eaf46e7406ff23cdc0ea9d/element/f.791DC57474D669730896E8DA48EFF857.d.14144FA3FF39B5DA18569D6B850C5C78.e.3294/click - {}
RESULT: {}
COMMAND: GET /session/4712af7ad0eaf46e7406ff23cdc0ea9d/screenshot - {}
RESULT: {}
COMMAND: POST /session/4712af7ad0eaf46e7406ff23cdc0ea9d/element - {"using":"xpath","value":"//input[@id=\"application-manageresources-display-component---newResourceUnit--idRuTSAdmin-application-manageresources-display-component---newResourceUnit--RUTimeSegment-0-inner\"]"}
RESULT: {"using":"xpath","value":"//input[@id=\"application-manageresources-display-component---newResourceUnit--idRuTSAdmin-application-manageresources-display-component---newResourceUnit--RUTimeSegment-0-inner\"]"}
COMMAND: POST /session/4712af7ad0eaf46e7406ff23cdc0ea9d/element/f.791DC57474D669730896E8DA48EFF857.d.14144FA3FF39B5DA18569D6B850C5C78.e.3300/clear - {}
RESULT: {}
COMMAND: POST /session/4712af7ad0eaf46e7406ff23cdc0ea9d/element/f.791DC57474D669730896E8DA48EFF857.d.14144FA3FF39B5DA18569D6B850C5C78.e.3300/value - {"text":"432"}
COMMAND: GET /session/4712af7ad0eaf46e7406ff23cdc0ea9d/screenshot - {}
RESULT: {"text":"432"}
COMMAND: GET /session/4712af7ad0eaf46e7406ff23cdc0ea9d/screenshot - {}
RESULT: {}
RESULT: {}
COMMAND: POST /session/4712af7ad0eaf46e7406ff23cdc0ea9d/element - {"using":"xpath","value":"//li[.//span[text()='432']]"}
RESULT: {"using":"xpath","value":"//li[.//span[text()='432']]"}
COMMAND: POST /session/4712af7ad0eaf46e7406ff23cdc0ea9d/element/f.791DC57474D669730896E8DA48EFF857.d.14144FA3FF39B5DA18569D6B850C5C78.e.3312/click - {}
RESULT: {}
COMMAND: GET /session/4712af7ad0eaf46e7406ff23cdc0ea9d/screenshot - {}
RESULT: {}
COMMAND: POST /session/4712af7ad0eaf46e7406ff23cdc0ea9d/element - {"using":"xpath","value":"(//span[contains(@id, \"-application-manageresources-display-component---newResourceUnit--RUTimeSegment-0-arrow\")])[6]"}
RESULT: {"using":"xpath","value":"(//span[contains(@id, \"-application-manageresources-display-component---newResourceUnit--RUTimeSegment-0-arrow\")])[6]"}
COMMAND: POST /session/4712af7ad0eaf46e7406ff23cdc0ea9d/element/f.791DC57474D669730896E8DA48EFF857.d.14144FA3FF39B5DA18569D6B850C5C78.e.3313/click - {}
RESULT: {}
COMMAND: POST /session/4712af7ad0eaf46e7406ff23cdc0ea9d/element - {"using":"xpath","value":"//span[contains(text(), \"PM Order\")]"}
COMMAND: GET /session/4712af7ad0eaf46e7406ff23cdc0ea9d/screenshot - {}
RESULT: {"using":"xpath","value":"//span[contains(text(), \"PM Order\")]"}
COMMAND: POST /session/4712af7ad0eaf46e7406ff23cdc0ea9d/element/f.791DC57474D669730896E8DA48EFF857.d.14144FA3FF39B5DA18569D6B850C5C78.e.3316/click - {}
RESULT: {}
RESULT: {}
COMMAND: GET /session/4712af7ad0eaf46e7406ff23cdc0ea9d/screenshot - {}
RESULT: {}
COMMAND: POST /session/4712af7ad0eaf46e7406ff23cdc0ea9d/element - {"using":"xpath","value":"(//span[contains(@id ,\"manageresources-display-component---newResourceUnit--RUTimeSegment-0-vhi\")])[1]"}
RESULT: {"using":"xpath","value":"(//span[contains(@id ,\"manageresources-display-component---newResourceUnit--RUTimeSegment-0-vhi\")])[1]"}
COMMAND: GET /session/4712af7ad0eaf46e7406ff23cdc0ea9d/element/f.791DC57474D669730896E8DA48EFF857.d.14144FA3FF39B5DA18569D6B850C5C78.e.3320/rect - {}
RESULT: {}
COMMAND: GET /session/4712af7ad0eaf46e7406ff23cdc0ea9d/window/rect - {}
RESULT: {}
COMMAND: POST /session/4712af7ad0eaf46e7406ff23cdc0ea9d/execute/sync - {"script":"<script> [92 bytes]","args":[]}
RESULT: {"script":"<script> [92 bytes]","args":[]}
COMMAND: POST /session/4712af7ad0eaf46e7406ff23cdc0ea9d/actions - {"actions":[{"id":"action10","type":"wheel","parameters":{},"actions":[{"type":"scroll","x":-869,"y":-24,"deltaX":0,"deltaY":0,"duration":0,"origin":{"element-6066-11e4-a52e-4f735466cecf":"f.791DC57474D669730896E8DA48EFF857.d.14144FA3FF39B5DA18569D6B850C5C78.e.3320"}}]}]}
COMMAND: GET /session/4712af7ad0eaf46e7406ff23cdc0ea9d/screenshot - {}
RESULT: {"actions":[{"id":"action10","type":"wheel","parameters":{},"actions":[{"type":"scroll","x":-869,"y":-24,"deltaX":0,"deltaY":0,"duration":0,"origin":{"element-6066-11e4-a52e-4f735466cecf":"f.791DC57474D669730896E8DA48EFF857.d.14144FA3FF39B5DA18569D6B850C5C78.e.3320"}}]}]}
COMMAND: DELETE /session/4712af7ad0eaf46e7406ff23cdc0ea9d/actions - {}
COMMAND: GET /session/4712af7ad0eaf46e7406ff23cdc0ea9d/screenshot - {}
RESULT: {}
RESULT: {}
COMMAND: GET /session/4712af7ad0eaf46e7406ff23cdc0ea9d/screenshot - {}
RESULT: {}
RESULT: {}
COMMAND: POST /session/4712af7ad0eaf46e7406ff23cdc0ea9d/element/f.791DC57474D669730896E8DA48EFF857.d.14144FA3FF39B5DA18569D6B850C5C78.e.3320/click - {}
RESULT: {}
COMMAND: GET /session/4712af7ad0eaf46e7406ff23cdc0ea9d/screenshot - {}
RESULT: {}
RESULT: undefined
COMMAND: POST /session/4712af7ad0eaf46e7406ff23cdc0ea9d/execute/async - {"script":"<script> [776 bytes]","args":[{"enterText":"4000360","selector":{"controlType":"sap.m.SearchField","properties":{"placeholder":"Search"},"searchOpenDialogs":true,"interaction":{"idSuffix":"I"}},"clearTextFirst":true,"interactionType":"ENTER_TEXT"}]}
RESULT: {"script":"<script> [776 bytes]","args":[{"enterText":"4000360","selector":{"controlType":"sap.m.SearchField","properties":{"placeholder":"Search"},"searchOpenDialogs":true,"interaction":{"idSuffix":"I"}},"clearTextFirst":true,"interactionType":"ENTER_TEXT"}]}
COMMAND: POST /session/4712af7ad0eaf46e7406ff23cdc0ea9d/actions - {"actions":[{"id":"action11","type":"key","parameters":{},"actions":[{"type":"keyDown","value":"î€‡"},{"type":"pause","duration":10},{"type":"keyUp","value":"î€‡"}]}]}
RESULT: {"actions":[{"id":"action11","type":"key","parameters":{},"actions":[{"type":"keyDown","value":"î€‡"},{"type":"pause","duration":10},{"type":"keyUp","value":"î€‡"}]}]}
COMMAND: GET /session/4712af7ad0eaf46e7406ff23cdc0ea9d/screenshot - {}
RESULT: {}
COMMAND: POST /session/4712af7ad0eaf46e7406ff23cdc0ea9d/element - {"using":"xpath","value":"//td/div/span[contains(text(), \"BGL Vehicles\")]"}
RESULT: {"using":"xpath","value":"//td/div/span[contains(text(), \"BGL Vehicles\")]"}
COMMAND: POST /session/4712af7ad0eaf46e7406ff23cdc0ea9d/element/f.791DC57474D669730896E8DA48EFF857.d.14144FA3FF39B5DA18569D6B850C5C78.e.3341/click - {}
RESULT: {}
COMMAND: GET /session/4712af7ad0eaf46e7406ff23cdc0ea9d/screenshot - {}
RESULT: {}
COMMAND: POST /session/4712af7ad0eaf46e7406ff23cdc0ea9d/element - {"using":"xpath","value":"//bdi[contains(text(), \"OK\")]"}
RESULT: {"using":"xpath","value":"//bdi[contains(text(), \"OK\")]"}
COMMAND: POST /session/4712af7ad0eaf46e7406ff23cdc0ea9d/element/f.791DC57474D669730896E8DA48EFF857.d.14144FA3FF39B5DA18569D6B850C5C78.e.3342/click - {}
RESULT: {}
COMMAND: GET /session/4712af7ad0eaf46e7406ff23cdc0ea9d/screenshot - {}
RESULT: {}
COMMAND: POST /session/4712af7ad0eaf46e7406ff23cdc0ea9d/execute/async - {"script":"<script> [1562 bytes]","args":[{"selector":{"id":"application-manageresources-display-component---newResourceUnit--newRRUPage-anchBar-application-manageresources-display-component---newResourceUnit--resource-anchor","interaction":{"idSuffix":"BDI-content"}},"wdio_ui5_key":"applicationmanageresources-display-component---newResourceUnit--newRRUPage-anchBar-application-manageresources-display-component---newResourceUnit--resource-anchor"}]}
RESULT: {"script":"<script> [1562 bytes]","args":[{"selector":{"id":"application-manageresources-display-component---newResourceUnit--newRRUPage-anchBar-application-manageresources-display-component---newResourceUnit--resource-anchor","interaction":{"idSuffix":"BDI-content"}},"wdio_ui5_key":"applicationmanageresources-display-component---newResourceUnit--newRRUPage-anchBar-application-manageresources-display-component---newResourceUnit--resource-anchor"}]}
RESULT: undefined
COMMAND: POST /session/4712af7ad0eaf46e7406ff23cdc0ea9d/element - {"using":"xpath","value":"//*[@id=\"application-manageresources-display-component---newResourceUnit--newRRUPage-anchBar-application-manageresources-display-component---newResourceUnit--resource-anchor\"]"}
RESULT: {"using":"xpath","value":"//*[@id=\"application-manageresources-display-component---newResourceUnit--newRRUPage-anchBar-application-manageresources-display-component---newResourceUnit--resource-anchor\"]"}
COMMAND: POST /session/4712af7ad0eaf46e7406ff23cdc0ea9d/element/f.791DC57474D669730896E8DA48EFF857.d.14144FA3FF39B5DA18569D6B850C5C78.e.3346/click - {}
RESULT: {}
COMMAND: POST /session/4712af7ad0eaf46e7406ff23cdc0ea9d/execute/async - {"script":"<script> [1562 bytes]","args":[{"selector":{"id":"application-manageresources-display-component---newResourceUnit--PLANNED_DELIVERY_DATE","interaction":{"idSuffix":"inner"}},"wdio_ui5_key":"applicationmanageresources-display-component---newResourceUnit--PLANNED_DELIVERY_DATE"}]}
COMMAND: GET /session/4712af7ad0eaf46e7406ff23cdc0ea9d/screenshot - {}
RESULT: {"script":"<script> [1562 bytes]","args":[{"selector":{"id":"application-manageresources-display-component---newResourceUnit--PLANNED_DELIVERY_DATE","interaction":{"idSuffix":"inner"}},"wdio_ui5_key":"applicationmanageresources-display-component---newResourceUnit--PLANNED_DELIVERY_DATE"}]}
RESULT: undefined
COMMAND: POST /session/4712af7ad0eaf46e7406ff23cdc0ea9d/execute/async - {"script":"<script> [6424 bytes]","args":[{"element-6066-11e4-a52e-4f735466cecf":"f.791DC57474D669730896E8DA48EFF857.d.14144FA3FF39B5DA18569D6B850C5C78.e.3206"},"setValue",["4/30/25"]]}
RESULT: {}
RESULT: {"script":"<script> [6424 bytes]","args":[{"element-6066-11e4-a52e-4f735466cecf":"f.791DC57474D669730896E8DA48EFF857.d.14144FA3FF39B5DA18569D6B850C5C78.e.3206"},"setValue",["4/30/25"]]}
COMMAND: POST /session/4712af7ad0eaf46e7406ff23cdc0ea9d/element - {"using":"xpath","value":"//button[@data-kt=\"resourceUnitSaveButton\"]"}
RESULT: {"using":"xpath","value":"//button[@data-kt=\"resourceUnitSaveButton\"]"}
COMMAND: POST /session/4712af7ad0eaf46e7406ff23cdc0ea9d/element/f.791DC57474D669730896E8DA48EFF857.d.14144FA3FF39B5DA18569D6B850C5C78.e.3167/click - {}
RESULT: {}
COMMAND: GET /session/4712af7ad0eaf46e7406ff23cdc0ea9d/screenshot - {}
RESULT: {}
COMMAND: POST /session/4712af7ad0eaf46e7406ff23cdc0ea9d/element - {"using":"xpath","value":"//bdi[contains(text(), \"Close\")]"}
RESULT: {"using":"xpath","value":"//bdi[contains(text(), \"Close\")]"}
COMMAND: POST /session/4712af7ad0eaf46e7406ff23cdc0ea9d/element/f.791DC57474D669730896E8DA48EFF857.d.14144FA3FF39B5DA18569D6B850C5C78.e.3354/click - {}
RESULT: {}
COMMAND: GET /session/4712af7ad0eaf46e7406ff23cdc0ea9d/screenshot - {}
RESULT: {}
COMMAND: POST /session/4712af7ad0eaf46e7406ff23cdc0ea9d/element - {"using":"xpath","value":"(//button[contains(@id ,\"actionsToolbar-overflowButton\")])[1]"}
RESULT: {"using":"xpath","value":"(//button[contains(@id ,\"actionsToolbar-overflowButton\")])[1]"}
COMMAND: POST /session/4712af7ad0eaf46e7406ff23cdc0ea9d/element/f.791DC57474D669730896E8DA48EFF857.d.14144FA3FF39B5DA18569D6B850C5C78.e.3408/click - {}
RESULT: {}
COMMAND: GET /session/4712af7ad0eaf46e7406ff23cdc0ea9d/screenshot - {}
RESULT: {}
COMMAND: POST /session/4712af7ad0eaf46e7406ff23cdc0ea9d/element - {"using":"xpath","value":"//button[@data-kt=\"priceInfoButton\"]"}
RESULT: {"using":"xpath","value":"//button[@data-kt=\"priceInfoButton\"]"}
COMMAND: POST /session/4712af7ad0eaf46e7406ff23cdc0ea9d/element/f.791DC57474D669730896E8DA48EFF857.d.14144FA3FF39B5DA18569D6B850C5C78.e.3410/click - {}
RESULT: {}
COMMAND: GET /session/4712af7ad0eaf46e7406ff23cdc0ea9d/screenshot - {}
RESULT: {}
]]></system-out>
    </testcase>
    <testcase classname="chrome.135_0_7049_96.windows.Billing_confirm_US117289" name="Should create new pricing rule" time="51.143">
      <system-out><![CDATA[
COMMAND: POST /session/4712af7ad0eaf46e7406ff23cdc0ea9d/element - {"using":"xpath","value":"//button[@data-kt=\"addButton\"]"}
RESULT: {"using":"xpath","value":"//button[@data-kt=\"addButton\"]"}
COMMAND: POST /session/4712af7ad0eaf46e7406ff23cdc0ea9d/elements - {"using":"xpath","value":"//button[@data-kt=\"addButton\"]"}
RESULT: {"using":"xpath","value":"//button[@data-kt=\"addButton\"]"}
COMMAND: POST /session/4712af7ad0eaf46e7406ff23cdc0ea9d/elements - {"using":"xpath","value":"//button[@data-kt=\"addButton\"]"}
RESULT: {"using":"xpath","value":"//button[@data-kt=\"addButton\"]"}
COMMAND: POST /session/4712af7ad0eaf46e7406ff23cdc0ea9d/element - {"using":"xpath","value":"//button[@data-kt=\"addButton\"]"}
RESULT: {"using":"xpath","value":"//button[@data-kt=\"addButton\"]"}
COMMAND: POST /session/4712af7ad0eaf46e7406ff23cdc0ea9d/execute/sync - {"script":"<script> [8489 bytes]","args":[{"element-6066-11e4-a52e-4f735466cecf":"f.791DC57474D669730896E8DA48EFF857.d.14144FA3FF39B5DA18569D6B850C5C78.e.3446","ELEMENT":"f.791DC57474D669730896E8DA48EFF857.d.14144FA3FF39B5DA18569D6B850C5C78.e.3446"}]}
RESULT: {"script":"<script> [8489 bytes]","args":[{"element-6066-11e4-a52e-4f735466cecf":"f.791DC57474D669730896E8DA48EFF857.d.14144FA3FF39B5DA18569D6B850C5C78.e.3446","ELEMENT":"f.791DC57474D669730896E8DA48EFF857.d.14144FA3FF39B5DA18569D6B850C5C78.e.3446"}]}
COMMAND: GET /session/4712af7ad0eaf46e7406ff23cdc0ea9d/element/f.791DC57474D669730896E8DA48EFF857.d.14144FA3FF39B5DA18569D6B850C5C78.e.3446/enabled - {}
COMMAND: GET /session/4712af7ad0eaf46e7406ff23cdc0ea9d/screenshot - {}
RESULT: {}
COMMAND: POST /session/4712af7ad0eaf46e7406ff23cdc0ea9d/execute/sync - {"script":"<script> [8489 bytes]","args":[{"element-6066-11e4-a52e-4f735466cecf":"f.791DC57474D669730896E8DA48EFF857.d.14144FA3FF39B5DA18569D6B850C5C78.e.3446","ELEMENT":"f.791DC57474D669730896E8DA48EFF857.d.14144FA3FF39B5DA18569D6B850C5C78.e.3446"}]}
COMMAND: GET /session/4712af7ad0eaf46e7406ff23cdc0ea9d/screenshot - {}
RESULT: {}
RESULT: {"script":"<script> [8489 bytes]","args":[{"element-6066-11e4-a52e-4f735466cecf":"f.791DC57474D669730896E8DA48EFF857.d.14144FA3FF39B5DA18569D6B850C5C78.e.3446","ELEMENT":"f.791DC57474D669730896E8DA48EFF857.d.14144FA3FF39B5DA18569D6B850C5C78.e.3446"}]}
COMMAND: POST /session/4712af7ad0eaf46e7406ff23cdc0ea9d/execute/sync - {"script":"<script> [5351 bytes]","args":[{"element-6066-11e4-a52e-4f735466cecf":"f.791DC57474D669730896E8DA48EFF857.d.14144FA3FF39B5DA18569D6B850C5C78.e.3446","ELEMENT":"f.791DC57474D669730896E8DA48EFF857.d.14144FA3FF39B5DA18569D6B850C5C78.e.3446"}]}
COMMAND: GET /session/4712af7ad0eaf46e7406ff23cdc0ea9d/screenshot - {}
RESULT: {}
RESULT: {"script":"<script> [5351 bytes]","args":[{"element-6066-11e4-a52e-4f735466cecf":"f.791DC57474D669730896E8DA48EFF857.d.14144FA3FF39B5DA18569D6B850C5C78.e.3446","ELEMENT":"f.791DC57474D669730896E8DA48EFF857.d.14144FA3FF39B5DA18569D6B850C5C78.e.3446"}]}
COMMAND: POST /session/4712af7ad0eaf46e7406ff23cdc0ea9d/element/f.791DC57474D669730896E8DA48EFF857.d.14144FA3FF39B5DA18569D6B850C5C78.e.3446/click - {}
COMMAND: GET /session/4712af7ad0eaf46e7406ff23cdc0ea9d/screenshot - {}
RESULT: {}
RESULT: {}
COMMAND: GET /session/4712af7ad0eaf46e7406ff23cdc0ea9d/screenshot - {}
RESULT: {}
RESULT: {}
COMMAND: POST /session/4712af7ad0eaf46e7406ff23cdc0ea9d/execute/async - {"script":"<script> [1562 bytes]","args":[{"selector":{"controlType":"sap.m.Title","viewName":"etm.portal.ui.managepricingrules.view.NewItem","viewId":"application-managepricingrules-display-component---newInfoPriceItem","properties":{"text":"New Pricing Rules - Item Level"}},"wdio_ui5_key":"etmportal.ui.managepricingrules.view.NewItemsap.m.Title{\"text\":\"New Pricing Rules - Item Level\"}"}]}
RESULT: {"script":"<script> [1562 bytes]","args":[{"selector":{"controlType":"sap.m.Title","viewName":"etm.portal.ui.managepricingrules.view.NewItem","viewId":"application-managepricingrules-display-component---newInfoPriceItem","properties":{"text":"New Pricing Rules - Item Level"}},"wdio_ui5_key":"etmportal.ui.managepricingrules.view.NewItemsap.m.Title{\"text\":\"New Pricing Rules - Item Level\"}"}]}
RESULT: undefined
COMMAND: POST /session/4712af7ad0eaf46e7406ff23cdc0ea9d/execute/async - {"script":"<script> [6424 bytes]","args":[{"element-6066-11e4-a52e-4f735466cecf":"f.791DC57474D669730896E8DA48EFF857.d.14144FA3FF39B5DA18569D6B850C5C78.e.3616"},"getText",[]]}
RESULT: {"script":"<script> [6424 bytes]","args":[{"element-6066-11e4-a52e-4f735466cecf":"f.791DC57474D669730896E8DA48EFF857.d.14144FA3FF39B5DA18569D6B850C5C78.e.3616"},"getText",[]]}
COMMAND: POST /session/4712af7ad0eaf46e7406ff23cdc0ea9d/execute/async - {"script":"<script> [1562 bytes]","args":[{"selector":{"id":"application-managepricingrules-display-component---newInfoPriceItem--condValidTo","interaction":{"idSuffix":"inner"}},"wdio_ui5_key":"applicationmanagepricingrules-display-component---newInfoPriceItem--condValidTo"}]}
RESULT: {"script":"<script> [1562 bytes]","args":[{"selector":{"id":"application-managepricingrules-display-component---newInfoPriceItem--condValidTo","interaction":{"idSuffix":"inner"}},"wdio_ui5_key":"applicationmanagepricingrules-display-component---newInfoPriceItem--condValidTo"}]}
RESULT: undefined
COMMAND: POST /session/4712af7ad0eaf46e7406ff23cdc0ea9d/execute/async - {"script":"<script> [776 bytes]","args":[{"enterText":"12/30/25","selector":{"id":"application-managepricingrules-display-component---newInfoPriceItem--condValidTo","interaction":{"idSuffix":"inner"}},"clearTextFirst":true,"interactionType":"ENTER_TEXT"}]}
RESULT: {"script":"<script> [776 bytes]","args":[{"enterText":"12/30/25","selector":{"id":"application-managepricingrules-display-component---newInfoPriceItem--condValidTo","interaction":{"idSuffix":"inner"}},"clearTextFirst":true,"interactionType":"ENTER_TEXT"}]}
COMMAND: POST /session/4712af7ad0eaf46e7406ff23cdc0ea9d/execute/async - {"script":"<script> [1562 bytes]","args":[{"selector":{"id":"application-managepricingrules-display-component---newInfoPriceItem--billType-arrow"},"wdio_ui5_key":"applicationmanagepricingrules-display-component---newInfoPriceItem--billType-arrow"}]}
RESULT: {"script":"<script> [1562 bytes]","args":[{"selector":{"id":"application-managepricingrules-display-component---newInfoPriceItem--billType-arrow"},"wdio_ui5_key":"applicationmanagepricingrules-display-component---newInfoPriceItem--billType-arrow"}]}
RESULT: undefined
COMMAND: POST /session/4712af7ad0eaf46e7406ff23cdc0ea9d/element - {"using":"xpath","value":"//*[@id=\"application-managepricingrules-display-component---newInfoPriceItem--billType-arrow\"]"}
RESULT: {"using":"xpath","value":"//*[@id=\"application-managepricingrules-display-component---newInfoPriceItem--billType-arrow\"]"}
COMMAND: POST /session/4712af7ad0eaf46e7406ff23cdc0ea9d/element/f.791DC57474D669730896E8DA48EFF857.d.14144FA3FF39B5DA18569D6B850C5C78.e.3576/click - {}
RESULT: {}
COMMAND: POST /session/4712af7ad0eaf46e7406ff23cdc0ea9d/element - {"using":"xpath","value":"//span[contains(text(), \"TB - Time based\")]"}
COMMAND: GET /session/4712af7ad0eaf46e7406ff23cdc0ea9d/screenshot - {}
RESULT: {"using":"xpath","value":"//span[contains(text(), \"TB - Time based\")]"}
COMMAND: POST /session/4712af7ad0eaf46e7406ff23cdc0ea9d/element/f.791DC57474D669730896E8DA48EFF857.d.14144FA3FF39B5DA18569D6B850C5C78.e.3618/click - {}
RESULT: {}
RESULT: {}
COMMAND: POST /session/4712af7ad0eaf46e7406ff23cdc0ea9d/execute/async - {"script":"<script> [1562 bytes]","args":[{"selector":{"id":"application-managepricingrules-display-component---newInfoPriceItem--priceProc-arrow"},"wdio_ui5_key":"applicationmanagepricingrules-display-component---newInfoPriceItem--priceProc-arrow"}]}
COMMAND: GET /session/4712af7ad0eaf46e7406ff23cdc0ea9d/screenshot - {}
RESULT: {"script":"<script> [1562 bytes]","args":[{"selector":{"id":"application-managepricingrules-display-component---newInfoPriceItem--priceProc-arrow"},"wdio_ui5_key":"applicationmanagepricingrules-display-component---newInfoPriceItem--priceProc-arrow"}]}
RESULT: undefined
COMMAND: POST /session/4712af7ad0eaf46e7406ff23cdc0ea9d/element - {"using":"xpath","value":"//*[@id=\"application-managepricingrules-display-component---newInfoPriceItem--priceProc-arrow\"]"}
RESULT: {}
RESULT: {"using":"xpath","value":"//*[@id=\"application-managepricingrules-display-component---newInfoPriceItem--priceProc-arrow\"]"}
COMMAND: POST /session/4712af7ad0eaf46e7406ff23cdc0ea9d/element/f.791DC57474D669730896E8DA48EFF857.d.14144FA3FF39B5DA18569D6B850C5C78.e.3583/click - {}
RESULT: {}
COMMAND: POST /session/4712af7ad0eaf46e7406ff23cdc0ea9d/element - {"using":"xpath","value":"//span[contains(text(), \"TBS - Time based standard\")]"}
COMMAND: GET /session/4712af7ad0eaf46e7406ff23cdc0ea9d/screenshot - {}
RESULT: {"using":"xpath","value":"//span[contains(text(), \"TBS - Time based standard\")]"}
COMMAND: POST /session/4712af7ad0eaf46e7406ff23cdc0ea9d/element/f.791DC57474D669730896E8DA48EFF857.d.14144FA3FF39B5DA18569D6B850C5C78.e.3619/click - {}
RESULT: {}
RESULT: {}
COMMAND: POST /session/4712af7ad0eaf46e7406ff23cdc0ea9d/execute/async - {"script":"<script> [1562 bytes]","args":[{"selector":{"id":"application-managepricingrules-display-component---newInfoPriceItem--calcBase-arrow"},"wdio_ui5_key":"applicationmanagepricingrules-display-component---newInfoPriceItem--calcBase-arrow"}]}
COMMAND: GET /session/4712af7ad0eaf46e7406ff23cdc0ea9d/screenshot - {}
RESULT: {"script":"<script> [1562 bytes]","args":[{"selector":{"id":"application-managepricingrules-display-component---newInfoPriceItem--calcBase-arrow"},"wdio_ui5_key":"applicationmanagepricingrules-display-component---newInfoPriceItem--calcBase-arrow"}]}
RESULT: undefined
COMMAND: POST /session/4712af7ad0eaf46e7406ff23cdc0ea9d/element - {"using":"xpath","value":"//*[@id=\"application-managepricingrules-display-component---newInfoPriceItem--calcBase-arrow\"]"}
RESULT: {}
RESULT: {"using":"xpath","value":"//*[@id=\"application-managepricingrules-display-component---newInfoPriceItem--calcBase-arrow\"]"}
COMMAND: POST /session/4712af7ad0eaf46e7406ff23cdc0ea9d/element/f.791DC57474D669730896E8DA48EFF857.d.14144FA3FF39B5DA18569D6B850C5C78.e.3590/click - {}
RESULT: {}
COMMAND: GET /session/4712af7ad0eaf46e7406ff23cdc0ea9d/screenshot - {}
RESULT: {}
COMMAND: POST /session/4712af7ad0eaf46e7406ff23cdc0ea9d/element - {"using":"xpath","value":"//span[contains(text(), \"0006 - TB(calendar days)\")]"}
RESULT: {"using":"xpath","value":"//span[contains(text(), \"0006 - TB(calendar days)\")]"}
COMMAND: POST /session/4712af7ad0eaf46e7406ff23cdc0ea9d/element/f.791DC57474D669730896E8DA48EFF857.d.14144FA3FF39B5DA18569D6B850C5C78.e.3620/click - {}
RESULT: {}
COMMAND: GET /session/4712af7ad0eaf46e7406ff23cdc0ea9d/screenshot - {}
RESULT: {}
COMMAND: POST /session/4712af7ad0eaf46e7406ff23cdc0ea9d/execute/async - {"script":"<script> [1562 bytes]","args":[{"selector":{"id":"application-managepricingrules-display-component---newInfoPriceItem--daysMonth","interaction":{"idSuffix":"inner"}},"wdio_ui5_key":"applicationmanagepricingrules-display-component---newInfoPriceItem--daysMonth"}]}
RESULT: {"script":"<script> [1562 bytes]","args":[{"selector":{"id":"application-managepricingrules-display-component---newInfoPriceItem--daysMonth","interaction":{"idSuffix":"inner"}},"wdio_ui5_key":"applicationmanagepricingrules-display-component---newInfoPriceItem--daysMonth"}]}
RESULT: undefined
COMMAND: POST /session/4712af7ad0eaf46e7406ff23cdc0ea9d/execute/async - {"script":"<script> [776 bytes]","args":[{"enterText":"30","selector":{"id":"application-managepricingrules-display-component---newInfoPriceItem--daysMonth","interaction":{"idSuffix":"inner"}},"clearTextFirst":true,"interactionType":"ENTER_TEXT"}]}
RESULT: {"script":"<script> [776 bytes]","args":[{"enterText":"30","selector":{"id":"application-managepricingrules-display-component---newInfoPriceItem--daysMonth","interaction":{"idSuffix":"inner"}},"clearTextFirst":true,"interactionType":"ENTER_TEXT"}]}
COMMAND: POST /session/4712af7ad0eaf46e7406ff23cdc0ea9d/element - {"using":"xpath","value":"//button[@data-kt=\"saveNewRuleButton\"]"}
RESULT: {"using":"xpath","value":"//button[@data-kt=\"saveNewRuleButton\"]"}
COMMAND: POST /session/4712af7ad0eaf46e7406ff23cdc0ea9d/element/f.791DC57474D669730896E8DA48EFF857.d.14144FA3FF39B5DA18569D6B850C5C78.e.3610/click - {}
RESULT: {}
COMMAND: GET /session/4712af7ad0eaf46e7406ff23cdc0ea9d/screenshot - {}
RESULT: {}
COMMAND: POST /session/4712af7ad0eaf46e7406ff23cdc0ea9d/execute/async - {"script":"<script> [1562 bytes]","args":[{"selector":{"id":"application-managepricingrules-display-component---priceInfoItem--smartFilterBar-btnBasicSearch","interaction":{"idSuffix":"I"}},"wdio_ui5_key":"applicationmanagepricingrules-display-component---priceInfoItem--smartFilterBar-btnBasicSearch"}]}
RESULT: {"script":"<script> [1562 bytes]","args":[{"selector":{"id":"application-managepricingrules-display-component---priceInfoItem--smartFilterBar-btnBasicSearch","interaction":{"idSuffix":"I"}},"wdio_ui5_key":"applicationmanagepricingrules-display-component---priceInfoItem--smartFilterBar-btnBasicSearch"}]}
RESULT: undefined
COMMAND: POST /session/4712af7ad0eaf46e7406ff23cdc0ea9d/execute/async - {"script":"<script> [776 bytes]","args":[{"enterText":"jizxB9mecM","selector":{"id":"application-managepricingrules-display-component---priceInfoItem--smartFilterBar-btnBasicSearch","interaction":{"idSuffix":"I"}},"clearTextFirst":true,"interactionType":"ENTER_TEXT"}]}
RESULT: {"script":"<script> [776 bytes]","args":[{"enterText":"jizxB9mecM","selector":{"id":"application-managepricingrules-display-component---priceInfoItem--smartFilterBar-btnBasicSearch","interaction":{"idSuffix":"I"}},"clearTextFirst":true,"interactionType":"ENTER_TEXT"}]}
COMMAND: POST /session/4712af7ad0eaf46e7406ff23cdc0ea9d/actions - {"actions":[{"id":"action12","type":"key","parameters":{},"actions":[{"type":"keyDown","value":"î€‡"},{"type":"pause","duration":10},{"type":"keyUp","value":"î€‡"}]}]}
RESULT: {"actions":[{"id":"action12","type":"key","parameters":{},"actions":[{"type":"keyDown","value":"î€‡"},{"type":"pause","duration":10},{"type":"keyUp","value":"î€‡"}]}]}
COMMAND: GET /session/4712af7ad0eaf46e7406ff23cdc0ea9d/screenshot - {}
RESULT: {}
COMMAND: POST /session/4712af7ad0eaf46e7406ff23cdc0ea9d/element - {"using":"xpath","value":"//span[@id=\"application-managepricingrules-display-component---priceInfoItem--smartTable-header-inner\"]"}
RESULT: {"using":"xpath","value":"//span[@id=\"application-managepricingrules-display-component---priceInfoItem--smartTable-header-inner\"]"}
COMMAND: POST /session/4712af7ad0eaf46e7406ff23cdc0ea9d/elements - {"using":"xpath","value":"//span[@id=\"application-managepricingrules-display-component---priceInfoItem--smartTable-header-inner\"]"}
RESULT: {"using":"xpath","value":"//span[@id=\"application-managepricingrules-display-component---priceInfoItem--smartTable-header-inner\"]"}
COMMAND: POST /session/4712af7ad0eaf46e7406ff23cdc0ea9d/execute/sync - {"script":"<script> [56 bytes]","args":[{"element-6066-11e4-a52e-4f735466cecf":"f.791DC57474D669730896E8DA48EFF857.d.14144FA3FF39B5DA18569D6B850C5C78.e.3634","ELEMENT":"f.791DC57474D669730896E8DA48EFF857.d.14144FA3FF39B5DA18569D6B850C5C78.e.3634"}]}
RESULT: {"script":"<script> [56 bytes]","args":[{"element-6066-11e4-a52e-4f735466cecf":"f.791DC57474D669730896E8DA48EFF857.d.14144FA3FF39B5DA18569D6B850C5C78.e.3634","ELEMENT":"f.791DC57474D669730896E8DA48EFF857.d.14144FA3FF39B5DA18569D6B850C5C78.e.3634"}]}
COMMAND: POST /session/4712af7ad0eaf46e7406ff23cdc0ea9d/element - {"using":"css selector","value":"#shell-header-logo"}
COMMAND: GET /session/4712af7ad0eaf46e7406ff23cdc0ea9d/screenshot - {}
RESULT: {"using":"css selector","value":"#shell-header-logo"}
COMMAND: POST /session/4712af7ad0eaf46e7406ff23cdc0ea9d/element/f.791DC57474D669730896E8DA48EFF857.d.14144FA3FF39B5DA18569D6B850C5C78.e.2754/click - {}
RESULT: {}
RESULT: {}
COMMAND: GET /session/4712af7ad0eaf46e7406ff23cdc0ea9d/screenshot - {}
RESULT: {}
]]></system-out>
    </testcase>
    <testcase classname="chrome.135_0_7049_96.windows.Billing_confirm_US117289" name="Should create new condition for equipment" time="63.211">
      <system-out><![CDATA[
COMMAND: POST /session/4712af7ad0eaf46e7406ff23cdc0ea9d/execute/async - {"script":"<script> [1562 bytes]","args":[{"selector":{"controlType":"sap.m.Text","properties":{"text":"Manage Conditions & Prices"},"interaction":{"idSuffix":"inner"}},"wdio_ui5_key":"sapm.Text{\"text\":\"Manage Conditions & Prices\"}"}]}
RESULT: {"script":"<script> [1562 bytes]","args":[{"selector":{"controlType":"sap.m.Text","properties":{"text":"Manage Conditions & Prices"},"interaction":{"idSuffix":"inner"}},"wdio_ui5_key":"sapm.Text{\"text\":\"Manage Conditions & Prices\"}"}]}
RESULT: undefined
COMMAND: POST /session/4712af7ad0eaf46e7406ff23cdc0ea9d/element - {"using":"xpath","value":"//*[@id=\"__tile53-title\"]"}
RESULT: {"using":"xpath","value":"//*[@id=\"__tile53-title\"]"}
COMMAND: POST /session/4712af7ad0eaf46e7406ff23cdc0ea9d/element/f.791DC57474D669730896E8DA48EFF857.d.14144FA3FF39B5DA18569D6B850C5C78.e.3637/click - {}
RESULT: {}
COMMAND: POST /session/4712af7ad0eaf46e7406ff23cdc0ea9d/element - {"using":"xpath","value":"//button[@aria-label=\"Create\"]"}
COMMAND: GET /session/4712af7ad0eaf46e7406ff23cdc0ea9d/screenshot - {}
RESULT: {"using":"xpath","value":"//button[@aria-label=\"Create\"]"}
COMMAND: POST /session/4712af7ad0eaf46e7406ff23cdc0ea9d/elements - {"using":"xpath","value":"//button[@aria-label=\"Create\"]"}
RESULT: {}
RESULT: {"using":"xpath","value":"//button[@aria-label=\"Create\"]"}
COMMAND: POST /session/4712af7ad0eaf46e7406ff23cdc0ea9d/elements - {"using":"xpath","value":"//button[@aria-label=\"Create\"]"}
RESULT: {"using":"xpath","value":"//button[@aria-label=\"Create\"]"}
COMMAND: POST /session/4712af7ad0eaf46e7406ff23cdc0ea9d/elements - {"using":"xpath","value":"//button[@aria-label=\"Create\"]"}
RESULT: {"using":"xpath","value":"//button[@aria-label=\"Create\"]"}
COMMAND: POST /session/4712af7ad0eaf46e7406ff23cdc0ea9d/elements - {"using":"xpath","value":"//button[@aria-label=\"Create\"]"}
RESULT: {"using":"xpath","value":"//button[@aria-label=\"Create\"]"}
COMMAND: POST /session/4712af7ad0eaf46e7406ff23cdc0ea9d/elements - {"using":"xpath","value":"//button[@aria-label=\"Create\"]"}
RESULT: {"using":"xpath","value":"//button[@aria-label=\"Create\"]"}
COMMAND: POST /session/4712af7ad0eaf46e7406ff23cdc0ea9d/elements - {"using":"xpath","value":"//button[@aria-label=\"Create\"]"}
RESULT: {"using":"xpath","value":"//button[@aria-label=\"Create\"]"}
COMMAND: POST /session/4712af7ad0eaf46e7406ff23cdc0ea9d/elements - {"using":"xpath","value":"//button[@aria-label=\"Create\"]"}
RESULT: {"using":"xpath","value":"//button[@aria-label=\"Create\"]"}
COMMAND: POST /session/4712af7ad0eaf46e7406ff23cdc0ea9d/elements - {"using":"xpath","value":"//button[@aria-label=\"Create\"]"}
RESULT: {"using":"xpath","value":"//button[@aria-label=\"Create\"]"}
COMMAND: POST /session/4712af7ad0eaf46e7406ff23cdc0ea9d/elements - {"using":"xpath","value":"//button[@aria-label=\"Create\"]"}
RESULT: {"using":"xpath","value":"//button[@aria-label=\"Create\"]"}
COMMAND: POST /session/4712af7ad0eaf46e7406ff23cdc0ea9d/elements - {"using":"xpath","value":"//button[@aria-label=\"Create\"]"}
RESULT: {"using":"xpath","value":"//button[@aria-label=\"Create\"]"}
COMMAND: POST /session/4712af7ad0eaf46e7406ff23cdc0ea9d/elements - {"using":"xpath","value":"//button[@aria-label=\"Create\"]"}
RESULT: {"using":"xpath","value":"//button[@aria-label=\"Create\"]"}
COMMAND: POST /session/4712af7ad0eaf46e7406ff23cdc0ea9d/elements - {"using":"xpath","value":"//button[@aria-label=\"Create\"]"}
RESULT: {"using":"xpath","value":"//button[@aria-label=\"Create\"]"}
COMMAND: POST /session/4712af7ad0eaf46e7406ff23cdc0ea9d/elements - {"using":"xpath","value":"//button[@aria-label=\"Create\"]"}
RESULT: {"using":"xpath","value":"//button[@aria-label=\"Create\"]"}
COMMAND: POST /session/4712af7ad0eaf46e7406ff23cdc0ea9d/elements - {"using":"xpath","value":"//button[@aria-label=\"Create\"]"}
RESULT: {"using":"xpath","value":"//button[@aria-label=\"Create\"]"}
COMMAND: POST /session/4712af7ad0eaf46e7406ff23cdc0ea9d/element - {"using":"xpath","value":"//button[@aria-label=\"Create\"]"}
RESULT: {"using":"xpath","value":"//button[@aria-label=\"Create\"]"}
COMMAND: POST /session/4712af7ad0eaf46e7406ff23cdc0ea9d/execute/sync - {"script":"<script> [8489 bytes]","args":[{"element-6066-11e4-a52e-4f735466cecf":"f.791DC57474D669730896E8DA48EFF857.d.14144FA3FF39B5DA18569D6B850C5C78.e.3672","ELEMENT":"f.791DC57474D669730896E8DA48EFF857.d.14144FA3FF39B5DA18569D6B850C5C78.e.3672"}]}
RESULT: {"script":"<script> [8489 bytes]","args":[{"element-6066-11e4-a52e-4f735466cecf":"f.791DC57474D669730896E8DA48EFF857.d.14144FA3FF39B5DA18569D6B850C5C78.e.3672","ELEMENT":"f.791DC57474D669730896E8DA48EFF857.d.14144FA3FF39B5DA18569D6B850C5C78.e.3672"}]}
COMMAND: GET /session/4712af7ad0eaf46e7406ff23cdc0ea9d/element/f.791DC57474D669730896E8DA48EFF857.d.14144FA3FF39B5DA18569D6B850C5C78.e.3672/enabled - {}
COMMAND: GET /session/4712af7ad0eaf46e7406ff23cdc0ea9d/screenshot - {}
RESULT: {}
COMMAND: POST /session/4712af7ad0eaf46e7406ff23cdc0ea9d/execute/sync - {"script":"<script> [8489 bytes]","args":[{"element-6066-11e4-a52e-4f735466cecf":"f.791DC57474D669730896E8DA48EFF857.d.14144FA3FF39B5DA18569D6B850C5C78.e.3672","ELEMENT":"f.791DC57474D669730896E8DA48EFF857.d.14144FA3FF39B5DA18569D6B850C5C78.e.3672"}]}
COMMAND: GET /session/4712af7ad0eaf46e7406ff23cdc0ea9d/screenshot - {}
RESULT: {}
RESULT: {"script":"<script> [8489 bytes]","args":[{"element-6066-11e4-a52e-4f735466cecf":"f.791DC57474D669730896E8DA48EFF857.d.14144FA3FF39B5DA18569D6B850C5C78.e.3672","ELEMENT":"f.791DC57474D669730896E8DA48EFF857.d.14144FA3FF39B5DA18569D6B850C5C78.e.3672"}]}
COMMAND: POST /session/4712af7ad0eaf46e7406ff23cdc0ea9d/execute/sync - {"script":"<script> [5351 bytes]","args":[{"element-6066-11e4-a52e-4f735466cecf":"f.791DC57474D669730896E8DA48EFF857.d.14144FA3FF39B5DA18569D6B850C5C78.e.3672","ELEMENT":"f.791DC57474D669730896E8DA48EFF857.d.14144FA3FF39B5DA18569D6B850C5C78.e.3672"}]}
COMMAND: GET /session/4712af7ad0eaf46e7406ff23cdc0ea9d/screenshot - {}
RESULT: {}
RESULT: {"script":"<script> [5351 bytes]","args":[{"element-6066-11e4-a52e-4f735466cecf":"f.791DC57474D669730896E8DA48EFF857.d.14144FA3FF39B5DA18569D6B850C5C78.e.3672","ELEMENT":"f.791DC57474D669730896E8DA48EFF857.d.14144FA3FF39B5DA18569D6B850C5C78.e.3672"}]}
COMMAND: POST /session/4712af7ad0eaf46e7406ff23cdc0ea9d/element/f.791DC57474D669730896E8DA48EFF857.d.14144FA3FF39B5DA18569D6B850C5C78.e.3672/click - {}
COMMAND: GET /session/4712af7ad0eaf46e7406ff23cdc0ea9d/screenshot - {}
RESULT: {}
RESULT: {}
COMMAND: GET /session/4712af7ad0eaf46e7406ff23cdc0ea9d/screenshot - {}
RESULT: {}
RESULT: {}
COMMAND: POST /session/4712af7ad0eaf46e7406ff23cdc0ea9d/actions - {"actions":[{"id":"action13","type":"key","parameters":{},"actions":[{"type":"keyDown","value":"î€‡"},{"type":"pause","duration":10},{"type":"keyUp","value":"î€‡"}]}]}
RESULT: {"actions":[{"id":"action13","type":"key","parameters":{},"actions":[{"type":"keyDown","value":"î€‡"},{"type":"pause","duration":10},{"type":"keyUp","value":"î€‡"}]}]}
COMMAND: GET /session/4712af7ad0eaf46e7406ff23cdc0ea9d/screenshot - {}
RESULT: {}
COMMAND: POST /session/4712af7ad0eaf46e7406ff23cdc0ea9d/execute/async - {"script":"<script> [1562 bytes]","args":[{"selector":{"id":"application-manageconditionprice-display-component---newCondition--condBillCond-arrow"},"wdio_ui5_key":"applicationmanageconditionprice-display-component---newCondition--condBillCond-arrow"}]}
RESULT: {"script":"<script> [1562 bytes]","args":[{"selector":{"id":"application-manageconditionprice-display-component---newCondition--condBillCond-arrow"},"wdio_ui5_key":"applicationmanageconditionprice-display-component---newCondition--condBillCond-arrow"}]}
RESULT: undefined
COMMAND: POST /session/4712af7ad0eaf46e7406ff23cdc0ea9d/element - {"using":"xpath","value":"//*[@id=\"application-manageconditionprice-display-component---newCondition--condBillCond-arrow\"]"}
RESULT: {"using":"xpath","value":"//*[@id=\"application-manageconditionprice-display-component---newCondition--condBillCond-arrow\"]"}
COMMAND: POST /session/4712af7ad0eaf46e7406ff23cdc0ea9d/element/f.791DC57474D669730896E8DA48EFF857.d.14144FA3FF39B5DA18569D6B850C5C78.e.3850/click - {}
RESULT: {}
COMMAND: GET /session/4712af7ad0eaf46e7406ff23cdc0ea9d/screenshot - {}
RESULT: {}
COMMAND: POST /session/4712af7ad0eaf46e7406ff23cdc0ea9d/element - {"using":"xpath","value":"//li[.//span[contains(text(), \"DISP - D&I special price\")]]"}
RESULT: {"using":"xpath","value":"//li[.//span[contains(text(), \"DISP - D&I special price\")]]"}
COMMAND: POST /session/4712af7ad0eaf46e7406ff23cdc0ea9d/element/f.791DC57474D669730896E8DA48EFF857.d.14144FA3FF39B5DA18569D6B850C5C78.e.3853/click - {}
RESULT: {}
COMMAND: GET /session/4712af7ad0eaf46e7406ff23cdc0ea9d/screenshot - {}
RESULT: {}
COMMAND: POST /session/4712af7ad0eaf46e7406ff23cdc0ea9d/execute/async - {"script":"<script> [1562 bytes]","args":[{"selector":{"id":"application-manageconditionprice-display-component---newCondition--condValidTo","interaction":{"idSuffix":"inner"}},"wdio_ui5_key":"applicationmanageconditionprice-display-component---newCondition--condValidTo"}]}
RESULT: {"script":"<script> [1562 bytes]","args":[{"selector":{"id":"application-manageconditionprice-display-component---newCondition--condValidTo","interaction":{"idSuffix":"inner"}},"wdio_ui5_key":"applicationmanageconditionprice-display-component---newCondition--condValidTo"}]}
RESULT: undefined
COMMAND: POST /session/4712af7ad0eaf46e7406ff23cdc0ea9d/execute/async - {"script":"<script> [776 bytes]","args":[{"enterText":"12/30/25","selector":{"id":"application-manageconditionprice-display-component---newCondition--condValidTo","interaction":{"idSuffix":"inner"}},"clearTextFirst":true,"interactionType":"ENTER_TEXT"}]}
RESULT: {"script":"<script> [776 bytes]","args":[{"enterText":"12/30/25","selector":{"id":"application-manageconditionprice-display-component---newCondition--condValidTo","interaction":{"idSuffix":"inner"}},"clearTextFirst":true,"interactionType":"ENTER_TEXT"}]}
COMMAND: POST /session/4712af7ad0eaf46e7406ff23cdc0ea9d/element - {"using":"xpath","value":"//input[@id=\"application-manageconditionprice-display-component---newCondition--condRU-inner\"]"}
RESULT: {"using":"xpath","value":"//input[@id=\"application-manageconditionprice-display-component---newCondition--condRU-inner\"]"}
COMMAND: POST /session/4712af7ad0eaf46e7406ff23cdc0ea9d/element/f.791DC57474D669730896E8DA48EFF857.d.14144FA3FF39B5DA18569D6B850C5C78.e.3715/clear - {}
RESULT: {}
COMMAND: POST /session/4712af7ad0eaf46e7406ff23cdc0ea9d/element/f.791DC57474D669730896E8DA48EFF857.d.14144FA3FF39B5DA18569D6B850C5C78.e.3715/value - {"text":"jizxB9mecM"}
COMMAND: GET /session/4712af7ad0eaf46e7406ff23cdc0ea9d/screenshot - {}
RESULT: {"text":"jizxB9mecM"}
COMMAND: GET /session/4712af7ad0eaf46e7406ff23cdc0ea9d/screenshot - {}
RESULT: {}
RESULT: {}
COMMAND: POST /session/4712af7ad0eaf46e7406ff23cdc0ea9d/actions - {"actions":[{"id":"action14","type":"key","parameters":{},"actions":[{"type":"keyDown","value":"î€‡"},{"type":"pause","duration":10},{"type":"keyUp","value":"î€‡"}]}]}
RESULT: {"actions":[{"id":"action14","type":"key","parameters":{},"actions":[{"type":"keyDown","value":"î€‡"},{"type":"pause","duration":10},{"type":"keyUp","value":"î€‡"}]}]}
COMMAND: POST /session/4712af7ad0eaf46e7406ff23cdc0ea9d/execute/async - {"script":"<script> [1562 bytes]","args":[{"selector":{"id":"application-manageconditionprice-display-component---newCondition--condBaseQty","interaction":{"idSuffix":"inner"}},"wdio_ui5_key":"applicationmanageconditionprice-display-component---newCondition--condBaseQty"}]}
COMMAND: GET /session/4712af7ad0eaf46e7406ff23cdc0ea9d/screenshot - {}
RESULT: {"script":"<script> [1562 bytes]","args":[{"selector":{"id":"application-manageconditionprice-display-component---newCondition--condBaseQty","interaction":{"idSuffix":"inner"}},"wdio_ui5_key":"applicationmanageconditionprice-display-component---newCondition--condBaseQty"}]}
RESULT: undefined
COMMAND: POST /session/4712af7ad0eaf46e7406ff23cdc0ea9d/execute/async - {"script":"<script> [776 bytes]","args":[{"enterText":"1","selector":{"id":"application-manageconditionprice-display-component---newCondition--condBaseQty","interaction":{"idSuffix":"inner"}},"clearTextFirst":true,"interactionType":"ENTER_TEXT"}]}
RESULT: {}
RESULT: {"script":"<script> [776 bytes]","args":[{"enterText":"1","selector":{"id":"application-manageconditionprice-display-component---newCondition--condBaseQty","interaction":{"idSuffix":"inner"}},"clearTextFirst":true,"interactionType":"ENTER_TEXT"}]}
COMMAND: POST /session/4712af7ad0eaf46e7406ff23cdc0ea9d/execute/async - {"script":"<script> [1562 bytes]","args":[{"selector":{"id":"application-manageconditionprice-display-component---newCondition--condValue","interaction":{"idSuffix":"inner"}},"wdio_ui5_key":"applicationmanageconditionprice-display-component---newCondition--condValue"}]}
RESULT: {"script":"<script> [1562 bytes]","args":[{"selector":{"id":"application-manageconditionprice-display-component---newCondition--condValue","interaction":{"idSuffix":"inner"}},"wdio_ui5_key":"applicationmanageconditionprice-display-component---newCondition--condValue"}]}
RESULT: undefined
COMMAND: POST /session/4712af7ad0eaf46e7406ff23cdc0ea9d/execute/async - {"script":"<script> [776 bytes]","args":[{"enterText":"100","selector":{"id":"application-manageconditionprice-display-component---newCondition--condValue","interaction":{"idSuffix":"inner"}},"clearTextFirst":true,"interactionType":"ENTER_TEXT"}]}
RESULT: {"script":"<script> [776 bytes]","args":[{"enterText":"100","selector":{"id":"application-manageconditionprice-display-component---newCondition--condValue","interaction":{"idSuffix":"inner"}},"clearTextFirst":true,"interactionType":"ENTER_TEXT"}]}
COMMAND: POST /session/4712af7ad0eaf46e7406ff23cdc0ea9d/execute/async - {"script":"<script> [1562 bytes]","args":[{"selector":{"id":"application-manageconditionprice-display-component---newCondition--condCurr-arrow"},"wdio_ui5_key":"applicationmanageconditionprice-display-component---newCondition--condCurr-arrow"}]}
RESULT: {"script":"<script> [1562 bytes]","args":[{"selector":{"id":"application-manageconditionprice-display-component---newCondition--condCurr-arrow"},"wdio_ui5_key":"applicationmanageconditionprice-display-component---newCondition--condCurr-arrow"}]}
RESULT: undefined
COMMAND: POST /session/4712af7ad0eaf46e7406ff23cdc0ea9d/element - {"using":"xpath","value":"//*[@id=\"application-manageconditionprice-display-component---newCondition--condCurr-arrow\"]"}
RESULT: {"using":"xpath","value":"//*[@id=\"application-manageconditionprice-display-component---newCondition--condCurr-arrow\"]"}
COMMAND: POST /session/4712af7ad0eaf46e7406ff23cdc0ea9d/element/f.791DC57474D669730896E8DA48EFF857.d.14144FA3FF39B5DA18569D6B850C5C78.e.3831/click - {}
RESULT: {}
COMMAND: POST /session/4712af7ad0eaf46e7406ff23cdc0ea9d/element - {"using":"xpath","value":"//span[contains(text(), \"Euro\")]"}
COMMAND: GET /session/4712af7ad0eaf46e7406ff23cdc0ea9d/screenshot - {}
RESULT: {"using":"xpath","value":"//span[contains(text(), \"Euro\")]"}
COMMAND: POST /session/4712af7ad0eaf46e7406ff23cdc0ea9d/element/f.791DC57474D669730896E8DA48EFF857.d.14144FA3FF39B5DA18569D6B850C5C78.e.3890/click - {}
RESULT: {}
RESULT: {}
COMMAND: POST /session/4712af7ad0eaf46e7406ff23cdc0ea9d/element - {"using":"xpath","value":"//button[@data-kt=\"saveButton\"]"}
COMMAND: GET /session/4712af7ad0eaf46e7406ff23cdc0ea9d/screenshot - {}
RESULT: {"using":"xpath","value":"//button[@data-kt=\"saveButton\"]"}
COMMAND: POST /session/4712af7ad0eaf46e7406ff23cdc0ea9d/element/f.791DC57474D669730896E8DA48EFF857.d.14144FA3FF39B5DA18569D6B850C5C78.e.3832/click - {}
RESULT: {}
RESULT: {}
COMMAND: GET /session/4712af7ad0eaf46e7406ff23cdc0ea9d/screenshot - {}
RESULT: {}
COMMAND: POST /session/4712af7ad0eaf46e7406ff23cdc0ea9d/execute/async - {"script":"<script> [1562 bytes]","args":[{"selector":{"id":"application-manageconditionprice-display-component---conditions--smartFilterBar-btnBasicSearch","interaction":{"idSuffix":"I"}},"wdio_ui5_key":"applicationmanageconditionprice-display-component---conditions--smartFilterBar-btnBasicSearch"}]}
RESULT: {"script":"<script> [1562 bytes]","args":[{"selector":{"id":"application-manageconditionprice-display-component---conditions--smartFilterBar-btnBasicSearch","interaction":{"idSuffix":"I"}},"wdio_ui5_key":"applicationmanageconditionprice-display-component---conditions--smartFilterBar-btnBasicSearch"}]}
RESULT: undefined
COMMAND: POST /session/4712af7ad0eaf46e7406ff23cdc0ea9d/execute/async - {"script":"<script> [776 bytes]","args":[{"enterText":"jizxB9mecM","selector":{"id":"application-manageconditionprice-display-component---conditions--smartFilterBar-btnBasicSearch","interaction":{"idSuffix":"I"}},"clearTextFirst":true,"interactionType":"ENTER_TEXT"}]}
RESULT: {"script":"<script> [776 bytes]","args":[{"enterText":"jizxB9mecM","selector":{"id":"application-manageconditionprice-display-component---conditions--smartFilterBar-btnBasicSearch","interaction":{"idSuffix":"I"}},"clearTextFirst":true,"interactionType":"ENTER_TEXT"}]}
COMMAND: POST /session/4712af7ad0eaf46e7406ff23cdc0ea9d/actions - {"actions":[{"id":"action15","type":"key","parameters":{},"actions":[{"type":"keyDown","value":"î€‡"},{"type":"pause","duration":10},{"type":"keyUp","value":"î€‡"}]}]}
RESULT: {"actions":[{"id":"action15","type":"key","parameters":{},"actions":[{"type":"keyDown","value":"î€‡"},{"type":"pause","duration":10},{"type":"keyUp","value":"î€‡"}]}]}
COMMAND: GET /session/4712af7ad0eaf46e7406ff23cdc0ea9d/screenshot - {}
RESULT: {}
COMMAND: POST /session/4712af7ad0eaf46e7406ff23cdc0ea9d/execute/async - {"script":"<script> [1562 bytes]","args":[{"selector":{"id":"application-manageconditionprice-display-component---conditions--smartFilterBar-filterItemControl_BASIC-BILL_TYPES-vhi"},"wdio_ui5_key":"applicationmanageconditionprice-display-component---conditions--smartFilterBar-filterItemControl_BASIC-BILL_TYPES-vhi"}]}
RESULT: {"script":"<script> [1562 bytes]","args":[{"selector":{"id":"application-manageconditionprice-display-component---conditions--smartFilterBar-filterItemControl_BASIC-BILL_TYPES-vhi"},"wdio_ui5_key":"applicationmanageconditionprice-display-component---conditions--smartFilterBar-filterItemControl_BASIC-BILL_TYPES-vhi"}]}
RESULT: undefined
COMMAND: POST /session/4712af7ad0eaf46e7406ff23cdc0ea9d/element - {"using":"xpath","value":"//*[@id=\"application-manageconditionprice-display-component---conditions--smartFilterBar-filterItemControl_BASIC-BILL_TYPES-vhi\"]"}
RESULT: {"using":"xpath","value":"//*[@id=\"application-manageconditionprice-display-component---conditions--smartFilterBar-filterItemControl_BASIC-BILL_TYPES-vhi\"]"}
COMMAND: POST /session/4712af7ad0eaf46e7406ff23cdc0ea9d/element/f.791DC57474D669730896E8DA48EFF857.d.14144FA3FF39B5DA18569D6B850C5C78.e.3906/click - {}
RESULT: {}
COMMAND: POST /session/4712af7ad0eaf46e7406ff23cdc0ea9d/execute/async - {"script":"<script> [1562 bytes]","args":[{"selector":{"id":"application-manageconditionprice-display-component---conditions--smartFilterBar-filterItemControl_BASIC-BILL_TYPES-valueHelpDialog-smartFilterBar-btnBasicSearch","searchOpenDialogs":true,"interaction":{"idSuffix":"I"}},"wdio_ui5_key":"applicationmanageconditionprice-display-component---conditions--smartFilterBar-filterItemControl_BASIC-BILL_TYPES-valueHelpDialog-smartFilterBar-btnBasicSearch"}]}
COMMAND: GET /session/4712af7ad0eaf46e7406ff23cdc0ea9d/screenshot - {}
RESULT: {"script":"<script> [1562 bytes]","args":[{"selector":{"id":"application-manageconditionprice-display-component---conditions--smartFilterBar-filterItemControl_BASIC-BILL_TYPES-valueHelpDialog-smartFilterBar-btnBasicSearch","searchOpenDialogs":true,"interaction":{"idSuffix":"I"}},"wdio_ui5_key":"applicationmanageconditionprice-display-component---conditions--smartFilterBar-filterItemControl_BASIC-BILL_TYPES-valueHelpDialog-smartFilterBar-btnBasicSearch"}]}
RESULT: undefined
COMMAND: POST /session/4712af7ad0eaf46e7406ff23cdc0ea9d/execute/async - {"script":"<script> [776 bytes]","args":[{"enterText":"TB","selector":{"id":"application-manageconditionprice-display-component---conditions--smartFilterBar-filterItemControl_BASIC-BILL_TYPES-valueHelpDialog-smartFilterBar-btnBasicSearch","searchOpenDialogs":true,"interaction":{"idSuffix":"I"}},"clearTextFirst":true,"interactionType":"ENTER_TEXT"}]}
RESULT: {}
RESULT: {"script":"<script> [776 bytes]","args":[{"enterText":"TB","selector":{"id":"application-manageconditionprice-display-component---conditions--smartFilterBar-filterItemControl_BASIC-BILL_TYPES-valueHelpDialog-smartFilterBar-btnBasicSearch","searchOpenDialogs":true,"interaction":{"idSuffix":"I"}},"clearTextFirst":true,"interactionType":"ENTER_TEXT"}]}
COMMAND: POST /session/4712af7ad0eaf46e7406ff23cdc0ea9d/actions - {"actions":[{"id":"action16","type":"key","parameters":{},"actions":[{"type":"keyDown","value":"î€‡"},{"type":"pause","duration":10},{"type":"keyUp","value":"î€‡"}]}]}
RESULT: {"actions":[{"id":"action16","type":"key","parameters":{},"actions":[{"type":"keyDown","value":"î€‡"},{"type":"pause","duration":10},{"type":"keyUp","value":"î€‡"}]}]}
COMMAND: GET /session/4712af7ad0eaf46e7406ff23cdc0ea9d/screenshot - {}
RESULT: {}
COMMAND: POST /session/4712af7ad0eaf46e7406ff23cdc0ea9d/element - {"using":"xpath","value":"//div[contains(@id, 'application-manageconditionprice-display-component---conditions--smartFilterBar-filterItemControl_BASIC-BILL_TYPES-valueHelpDialog-table-rowsel0')]"}
RESULT: {"using":"xpath","value":"//div[contains(@id, 'application-manageconditionprice-display-component---conditions--smartFilterBar-filterItemControl_BASIC-BILL_TYPES-valueHelpDialog-table-rowsel0')]"}
COMMAND: POST /session/4712af7ad0eaf46e7406ff23cdc0ea9d/element/f.791DC57474D669730896E8DA48EFF857.d.14144FA3FF39B5DA18569D6B850C5C78.e.3915/click - {}
RESULT: {}
COMMAND: GET /session/4712af7ad0eaf46e7406ff23cdc0ea9d/screenshot - {}
RESULT: {}
COMMAND: POST /session/4712af7ad0eaf46e7406ff23cdc0ea9d/element - {"using":"xpath","value":"//bdi[contains(text(), \"OK\")]"}
RESULT: {"using":"xpath","value":"//bdi[contains(text(), \"OK\")]"}
COMMAND: POST /session/4712af7ad0eaf46e7406ff23cdc0ea9d/element/f.791DC57474D669730896E8DA48EFF857.d.14144FA3FF39B5DA18569D6B850C5C78.e.3917/click - {}
RESULT: {}
COMMAND: GET /session/4712af7ad0eaf46e7406ff23cdc0ea9d/screenshot - {}
RESULT: {}
COMMAND: POST /session/4712af7ad0eaf46e7406ff23cdc0ea9d/element - {"using":"xpath","value":"//span[@id=\"application-manageconditionprice-display-component---conditions--smartTable-header-inner\"]"}
RESULT: {"using":"xpath","value":"//span[@id=\"application-manageconditionprice-display-component---conditions--smartTable-header-inner\"]"}
COMMAND: POST /session/4712af7ad0eaf46e7406ff23cdc0ea9d/elements - {"using":"xpath","value":"//span[@id=\"application-manageconditionprice-display-component---conditions--smartTable-header-inner\"]"}
RESULT: {"using":"xpath","value":"//span[@id=\"application-manageconditionprice-display-component---conditions--smartTable-header-inner\"]"}
COMMAND: POST /session/4712af7ad0eaf46e7406ff23cdc0ea9d/execute/sync - {"script":"<script> [56 bytes]","args":[{"element-6066-11e4-a52e-4f735466cecf":"f.791DC57474D669730896E8DA48EFF857.d.14144FA3FF39B5DA18569D6B850C5C78.e.3920","ELEMENT":"f.791DC57474D669730896E8DA48EFF857.d.14144FA3FF39B5DA18569D6B850C5C78.e.3920"}]}
RESULT: {"script":"<script> [56 bytes]","args":[{"element-6066-11e4-a52e-4f735466cecf":"f.791DC57474D669730896E8DA48EFF857.d.14144FA3FF39B5DA18569D6B850C5C78.e.3920","ELEMENT":"f.791DC57474D669730896E8DA48EFF857.d.14144FA3FF39B5DA18569D6B850C5C78.e.3920"}]}
COMMAND: POST /session/4712af7ad0eaf46e7406ff23cdc0ea9d/element - {"using":"css selector","value":"#shell-header-logo"}
COMMAND: GET /session/4712af7ad0eaf46e7406ff23cdc0ea9d/screenshot - {}
RESULT: {"using":"css selector","value":"#shell-header-logo"}
COMMAND: POST /session/4712af7ad0eaf46e7406ff23cdc0ea9d/element/f.791DC57474D669730896E8DA48EFF857.d.14144FA3FF39B5DA18569D6B850C5C78.e.3640/click - {}
RESULT: {}
RESULT: {}
COMMAND: GET /session/4712af7ad0eaf46e7406ff23cdc0ea9d/screenshot - {}
RESULT: {}
]]></system-out>
    </testcase>
    <testcase classname="chrome.135_0_7049_96.windows.Billing_confirm_US117289" name="Should do a stock increase" time="81.628">
      <system-out><![CDATA[
COMMAND: POST /session/4712af7ad0eaf46e7406ff23cdc0ea9d/execute/async - {"script":"<script> [1562 bytes]","args":[{"selector":{"controlType":"sap.m.Text","viewName":"etm.portal.ui.managehandoverstile.view.Master","properties":{"text":"Manage Handovers"},"interaction":{"idSuffix":"inner"}},"wdio_ui5_key":"etmportal.ui.managehandoverstile.view.Mastersap.m.Text{\"text\":\"Manage Handovers\"}"}]}
RESULT: {"script":"<script> [1562 bytes]","args":[{"selector":{"controlType":"sap.m.Text","viewName":"etm.portal.ui.managehandoverstile.view.Master","properties":{"text":"Manage Handovers"},"interaction":{"idSuffix":"inner"}},"wdio_ui5_key":"etmportal.ui.managehandoverstile.view.Mastersap.m.Text{\"text\":\"Manage Handovers\"}"}]}
RESULT: undefined
COMMAND: POST /session/4712af7ad0eaf46e7406ff23cdc0ea9d/element - {"using":"xpath","value":"//*[@id=\"__tile131-title\"]"}
RESULT: {"using":"xpath","value":"//*[@id=\"__tile131-title\"]"}
COMMAND: POST /session/4712af7ad0eaf46e7406ff23cdc0ea9d/element/f.791DC57474D669730896E8DA48EFF857.d.14144FA3FF39B5DA18569D6B850C5C78.e.3925/click - {}
RESULT: {}
COMMAND: POST /session/4712af7ad0eaf46e7406ff23cdc0ea9d/element - {"using":"xpath","value":"//button[@data-kt=\"masterHOAddButton\"]"}
COMMAND: GET /session/4712af7ad0eaf46e7406ff23cdc0ea9d/screenshot - {}
RESULT: {"using":"xpath","value":"//button[@data-kt=\"masterHOAddButton\"]"}
COMMAND: POST /session/4712af7ad0eaf46e7406ff23cdc0ea9d/elements - {"using":"xpath","value":"//button[@data-kt=\"masterHOAddButton\"]"}
RESULT: {}
RESULT: {"using":"xpath","value":"//button[@data-kt=\"masterHOAddButton\"]"}
COMMAND: POST /session/4712af7ad0eaf46e7406ff23cdc0ea9d/elements - {"using":"xpath","value":"//button[@data-kt=\"masterHOAddButton\"]"}
RESULT: {"using":"xpath","value":"//button[@data-kt=\"masterHOAddButton\"]"}
COMMAND: POST /session/4712af7ad0eaf46e7406ff23cdc0ea9d/elements - {"using":"xpath","value":"//button[@data-kt=\"masterHOAddButton\"]"}
RESULT: {"using":"xpath","value":"//button[@data-kt=\"masterHOAddButton\"]"}
COMMAND: POST /session/4712af7ad0eaf46e7406ff23cdc0ea9d/elements - {"using":"xpath","value":"//button[@data-kt=\"masterHOAddButton\"]"}
RESULT: {"using":"xpath","value":"//button[@data-kt=\"masterHOAddButton\"]"}
COMMAND: POST /session/4712af7ad0eaf46e7406ff23cdc0ea9d/elements - {"using":"xpath","value":"//button[@data-kt=\"masterHOAddButton\"]"}
RESULT: {"using":"xpath","value":"//button[@data-kt=\"masterHOAddButton\"]"}
COMMAND: POST /session/4712af7ad0eaf46e7406ff23cdc0ea9d/elements - {"using":"xpath","value":"//button[@data-kt=\"masterHOAddButton\"]"}
RESULT: {"using":"xpath","value":"//button[@data-kt=\"masterHOAddButton\"]"}
COMMAND: POST /session/4712af7ad0eaf46e7406ff23cdc0ea9d/elements - {"using":"xpath","value":"//button[@data-kt=\"masterHOAddButton\"]"}
RESULT: {"using":"xpath","value":"//button[@data-kt=\"masterHOAddButton\"]"}
COMMAND: POST /session/4712af7ad0eaf46e7406ff23cdc0ea9d/element - {"using":"xpath","value":"//button[@data-kt=\"masterHOAddButton\"]"}
RESULT: {"using":"xpath","value":"//button[@data-kt=\"masterHOAddButton\"]"}
COMMAND: POST /session/4712af7ad0eaf46e7406ff23cdc0ea9d/execute/sync - {"script":"<script> [8489 bytes]","args":[{"element-6066-11e4-a52e-4f735466cecf":"f.791DC57474D669730896E8DA48EFF857.d.14144FA3FF39B5DA18569D6B850C5C78.e.3952","ELEMENT":"f.791DC57474D669730896E8DA48EFF857.d.14144FA3FF39B5DA18569D6B850C5C78.e.3952"}]}
RESULT: {"script":"<script> [8489 bytes]","args":[{"element-6066-11e4-a52e-4f735466cecf":"f.791DC57474D669730896E8DA48EFF857.d.14144FA3FF39B5DA18569D6B850C5C78.e.3952","ELEMENT":"f.791DC57474D669730896E8DA48EFF857.d.14144FA3FF39B5DA18569D6B850C5C78.e.3952"}]}
COMMAND: GET /session/4712af7ad0eaf46e7406ff23cdc0ea9d/element/f.791DC57474D669730896E8DA48EFF857.d.14144FA3FF39B5DA18569D6B850C5C78.e.3952/enabled - {}
COMMAND: GET /session/4712af7ad0eaf46e7406ff23cdc0ea9d/screenshot - {}
RESULT: {}
COMMAND: POST /session/4712af7ad0eaf46e7406ff23cdc0ea9d/execute/sync - {"script":"<script> [8489 bytes]","args":[{"element-6066-11e4-a52e-4f735466cecf":"f.791DC57474D669730896E8DA48EFF857.d.14144FA3FF39B5DA18569D6B850C5C78.e.3952","ELEMENT":"f.791DC57474D669730896E8DA48EFF857.d.14144FA3FF39B5DA18569D6B850C5C78.e.3952"}]}
COMMAND: GET /session/4712af7ad0eaf46e7406ff23cdc0ea9d/screenshot - {}
RESULT: {}
RESULT: {"script":"<script> [8489 bytes]","args":[{"element-6066-11e4-a52e-4f735466cecf":"f.791DC57474D669730896E8DA48EFF857.d.14144FA3FF39B5DA18569D6B850C5C78.e.3952","ELEMENT":"f.791DC57474D669730896E8DA48EFF857.d.14144FA3FF39B5DA18569D6B850C5C78.e.3952"}]}
COMMAND: POST /session/4712af7ad0eaf46e7406ff23cdc0ea9d/execute/sync - {"script":"<script> [5351 bytes]","args":[{"element-6066-11e4-a52e-4f735466cecf":"f.791DC57474D669730896E8DA48EFF857.d.14144FA3FF39B5DA18569D6B850C5C78.e.3952","ELEMENT":"f.791DC57474D669730896E8DA48EFF857.d.14144FA3FF39B5DA18569D6B850C5C78.e.3952"}]}
COMMAND: GET /session/4712af7ad0eaf46e7406ff23cdc0ea9d/screenshot - {}
RESULT: {}
RESULT: {"script":"<script> [5351 bytes]","args":[{"element-6066-11e4-a52e-4f735466cecf":"f.791DC57474D669730896E8DA48EFF857.d.14144FA3FF39B5DA18569D6B850C5C78.e.3952","ELEMENT":"f.791DC57474D669730896E8DA48EFF857.d.14144FA3FF39B5DA18569D6B850C5C78.e.3952"}]}
COMMAND: POST /session/4712af7ad0eaf46e7406ff23cdc0ea9d/element/f.791DC57474D669730896E8DA48EFF857.d.14144FA3FF39B5DA18569D6B850C5C78.e.3952/click - {}
COMMAND: GET /session/4712af7ad0eaf46e7406ff23cdc0ea9d/screenshot - {}
RESULT: {}
RESULT: {}
COMMAND: GET /session/4712af7ad0eaf46e7406ff23cdc0ea9d/screenshot - {}
RESULT: {}
RESULT: {}
COMMAND: POST /session/4712af7ad0eaf46e7406ff23cdc0ea9d/element - {"using":"xpath","value":"//span[contains(@id ,\"AddNewHO--typeSelect-arrow\")]"}
RESULT: {"using":"xpath","value":"//span[contains(@id ,\"AddNewHO--typeSelect-arrow\")]"}
COMMAND: POST /session/4712af7ad0eaf46e7406ff23cdc0ea9d/element/f.791DC57474D669730896E8DA48EFF857.d.14144FA3FF39B5DA18569D6B850C5C78.e.4305/click - {}
RESULT: {}
COMMAND: GET /session/4712af7ad0eaf46e7406ff23cdc0ea9d/screenshot - {}
RESULT: {}
COMMAND: POST /session/4712af7ad0eaf46e7406ff23cdc0ea9d/element - {"using":"xpath","value":"(//li[contains(text(), \"stock increase yard\")])[1]"}
RESULT: {"using":"xpath","value":"(//li[contains(text(), \"stock increase yard\")])[1]"}
COMMAND: POST /session/4712af7ad0eaf46e7406ff23cdc0ea9d/element/f.791DC57474D669730896E8DA48EFF857.d.14144FA3FF39B5DA18569D6B850C5C78.e.4306/click - {}
RESULT: {}
COMMAND: GET /session/4712af7ad0eaf46e7406ff23cdc0ea9d/screenshot - {}
RESULT: {}
COMMAND: POST /session/4712af7ad0eaf46e7406ff23cdc0ea9d/execute/async - {"script":"<script> [1562 bytes]","args":[{"selector":{"id":"application-managehandovers-display-component---AddNewHO--dueDate","interaction":{"idSuffix":"inner"}},"wdio_ui5_key":"applicationmanagehandovers-display-component---AddNewHO--dueDate"}]}
RESULT: {"script":"<script> [1562 bytes]","args":[{"selector":{"id":"application-managehandovers-display-component---AddNewHO--dueDate","interaction":{"idSuffix":"inner"}},"wdio_ui5_key":"applicationmanagehandovers-display-component---AddNewHO--dueDate"}]}
RESULT: undefined
COMMAND: POST /session/4712af7ad0eaf46e7406ff23cdc0ea9d/execute/async - {"script":"<script> [6424 bytes]","args":[{"element-6066-11e4-a52e-4f735466cecf":"f.791DC57474D669730896E8DA48EFF857.d.14144FA3FF39B5DA18569D6B850C5C78.e.4308"},"setValue",["04/30/2025"]]}
RESULT: {"script":"<script> [6424 bytes]","args":[{"element-6066-11e4-a52e-4f735466cecf":"f.791DC57474D669730896E8DA48EFF857.d.14144FA3FF39B5DA18569D6B850C5C78.e.4308"},"setValue",["04/30/2025"]]}
COMMAND: POST /session/4712af7ad0eaf46e7406ff23cdc0ea9d/element - {"using":"xpath","value":"//input[@id=\"generalSectionFrg--receiveYard-inner\"]"}
RESULT: {"using":"xpath","value":"//input[@id=\"generalSectionFrg--receiveYard-inner\"]"}
COMMAND: POST /session/4712af7ad0eaf46e7406ff23cdc0ea9d/element/f.791DC57474D669730896E8DA48EFF857.d.14144FA3FF39B5DA18569D6B850C5C78.e.4314/clear - {}
RESULT: {}
COMMAND: POST /session/4712af7ad0eaf46e7406ff23cdc0ea9d/element/f.791DC57474D669730896E8DA48EFF857.d.14144FA3FF39B5DA18569D6B850C5C78.e.4314/value - {"text":"432"}
COMMAND: GET /session/4712af7ad0eaf46e7406ff23cdc0ea9d/screenshot - {}
RESULT: {"text":"432"}
COMMAND: GET /session/4712af7ad0eaf46e7406ff23cdc0ea9d/screenshot - {}
RESULT: {}
RESULT: {}
COMMAND: POST /session/4712af7ad0eaf46e7406ff23cdc0ea9d/element - {"using":"xpath","value":"//li[.//span[text()='432']]"}
RESULT: {"using":"xpath","value":"//li[.//span[text()='432']]"}
COMMAND: POST /session/4712af7ad0eaf46e7406ff23cdc0ea9d/element/f.791DC57474D669730896E8DA48EFF857.d.14144FA3FF39B5DA18569D6B850C5C78.e.4331/click - {}
RESULT: {}
COMMAND: GET /session/4712af7ad0eaf46e7406ff23cdc0ea9d/screenshot - {}
RESULT: {}
COMMAND: POST /session/4712af7ad0eaf46e7406ff23cdc0ea9d/execute/async - {"script":"<script> [1562 bytes]","args":[{"selector":{"id":"application-managehandovers-display-component---AddNewHO--ObjectPageLayout-anchBar-application-managehandovers-display-component---AddNewHO--section4-anchor","interaction":{"idSuffix":"BDI-content"}},"wdio_ui5_key":"applicationmanagehandovers-display-component---AddNewHO--ObjectPageLayout-anchBar-application-managehandovers-display-component---AddNewHO--section4-anchor"}]}
RESULT: {"script":"<script> [1562 bytes]","args":[{"selector":{"id":"application-managehandovers-display-component---AddNewHO--ObjectPageLayout-anchBar-application-managehandovers-display-component---AddNewHO--section4-anchor","interaction":{"idSuffix":"BDI-content"}},"wdio_ui5_key":"applicationmanagehandovers-display-component---AddNewHO--ObjectPageLayout-anchBar-application-managehandovers-display-component---AddNewHO--section4-anchor"}]}
RESULT: undefined
COMMAND: POST /session/4712af7ad0eaf46e7406ff23cdc0ea9d/element - {"using":"xpath","value":"//*[@id=\"application-managehandovers-display-component---AddNewHO--ObjectPageLayout-anchBar-application-managehandovers-display-component---AddNewHO--section4-anchor\"]"}
RESULT: {"using":"xpath","value":"//*[@id=\"application-managehandovers-display-component---AddNewHO--ObjectPageLayout-anchBar-application-managehandovers-display-component---AddNewHO--section4-anchor\"]"}
COMMAND: POST /session/4712af7ad0eaf46e7406ff23cdc0ea9d/element/f.791DC57474D669730896E8DA48EFF857.d.14144FA3FF39B5DA18569D6B850C5C78.e.4333/click - {}
RESULT: {}
COMMAND: POST /session/4712af7ad0eaf46e7406ff23cdc0ea9d/element - {"using":"xpath","value":"//button[@aria-label=\"Add\"]"}
COMMAND: GET /session/4712af7ad0eaf46e7406ff23cdc0ea9d/screenshot - {}
RESULT: {"using":"xpath","value":"//button[@aria-label=\"Add\"]"}
COMMAND: POST /session/4712af7ad0eaf46e7406ff23cdc0ea9d/element/f.791DC57474D669730896E8DA48EFF857.d.14144FA3FF39B5DA18569D6B850C5C78.e.4335/click - {}
RESULT: {}
RESULT: {}
COMMAND: GET /session/4712af7ad0eaf46e7406ff23cdc0ea9d/screenshot - {}
RESULT: {}
COMMAND: POST /session/4712af7ad0eaf46e7406ff23cdc0ea9d/execute/async - {"script":"<script> [1562 bytes]","args":[{"selector":{"id":"application-managehandovers-display-component---AddNewHO--smartFilterBar-btnBasicSearch","searchOpenDialogs":true,"interaction":{"idSuffix":"I"}},"wdio_ui5_key":"applicationmanagehandovers-display-component---AddNewHO--smartFilterBar-btnBasicSearch"}]}
RESULT: {"script":"<script> [1562 bytes]","args":[{"selector":{"id":"application-managehandovers-display-component---AddNewHO--smartFilterBar-btnBasicSearch","searchOpenDialogs":true,"interaction":{"idSuffix":"I"}},"wdio_ui5_key":"applicationmanagehandovers-display-component---AddNewHO--smartFilterBar-btnBasicSearch"}]}
RESULT: undefined
COMMAND: POST /session/4712af7ad0eaf46e7406ff23cdc0ea9d/execute/async - {"script":"<script> [776 bytes]","args":[{"enterText":"jizxB9mecM","selector":{"id":"application-managehandovers-display-component---AddNewHO--smartFilterBar-btnBasicSearch","searchOpenDialogs":true,"interaction":{"idSuffix":"I"}},"clearTextFirst":true,"interactionType":"ENTER_TEXT"}]}
RESULT: {"script":"<script> [776 bytes]","args":[{"enterText":"jizxB9mecM","selector":{"id":"application-managehandovers-display-component---AddNewHO--smartFilterBar-btnBasicSearch","searchOpenDialogs":true,"interaction":{"idSuffix":"I"}},"clearTextFirst":true,"interactionType":"ENTER_TEXT"}]}
COMMAND: POST /session/4712af7ad0eaf46e7406ff23cdc0ea9d/actions - {"actions":[{"id":"action17","type":"key","parameters":{},"actions":[{"type":"keyDown","value":"î€‡"},{"type":"pause","duration":10},{"type":"keyUp","value":"î€‡"}]}]}
RESULT: {"actions":[{"id":"action17","type":"key","parameters":{},"actions":[{"type":"keyDown","value":"î€‡"},{"type":"pause","duration":10},{"type":"keyUp","value":"î€‡"}]}]}
COMMAND: GET /session/4712af7ad0eaf46e7406ff23cdc0ea9d/screenshot - {}
RESULT: {}
COMMAND: POST /session/4712af7ad0eaf46e7406ff23cdc0ea9d/execute/async - {"script":"<script> [1562 bytes]","args":[{"selector":{"id":"application-managehandovers-display-component---AddNewHO--popup-sa","searchOpenDialogs":true,"interaction":{"idSuffix":"CbBg"}},"wdio_ui5_key":"applicationmanagehandovers-display-component---AddNewHO--popup-sa"}]}
RESULT: {"script":"<script> [1562 bytes]","args":[{"selector":{"id":"application-managehandovers-display-component---AddNewHO--popup-sa","searchOpenDialogs":true,"interaction":{"idSuffix":"CbBg"}},"wdio_ui5_key":"applicationmanagehandovers-display-component---AddNewHO--popup-sa"}]}
RESULT: undefined
COMMAND: POST /session/4712af7ad0eaf46e7406ff23cdc0ea9d/element - {"using":"xpath","value":"//*[@id=\"application-managehandovers-display-component---AddNewHO--popup-sa\"]"}
RESULT: {"using":"xpath","value":"//*[@id=\"application-managehandovers-display-component---AddNewHO--popup-sa\"]"}
COMMAND: POST /session/4712af7ad0eaf46e7406ff23cdc0ea9d/element/f.791DC57474D669730896E8DA48EFF857.d.14144FA3FF39B5DA18569D6B850C5C78.e.4490/click - {}
RESULT: {}
COMMAND: GET /session/4712af7ad0eaf46e7406ff23cdc0ea9d/screenshot - {}
RESULT: {}
COMMAND: POST /session/4712af7ad0eaf46e7406ff23cdc0ea9d/element - {"using":"xpath","value":"//bdi[contains(text(), \"Select\")]"}
RESULT: {"using":"xpath","value":"//bdi[contains(text(), \"Select\")]"}
COMMAND: POST /session/4712af7ad0eaf46e7406ff23cdc0ea9d/element/f.791DC57474D669730896E8DA48EFF857.d.14144FA3FF39B5DA18569D6B850C5C78.e.4491/click - {}
RESULT: {}
COMMAND: GET /session/4712af7ad0eaf46e7406ff23cdc0ea9d/screenshot - {}
RESULT: {}
COMMAND: POST /session/4712af7ad0eaf46e7406ff23cdc0ea9d/element - {"using":"xpath","value":"//button[@data-kt=\"AddNewHOSaveButton\"]"}
RESULT: {"using":"xpath","value":"//button[@data-kt=\"AddNewHOSaveButton\"]"}
COMMAND: POST /session/4712af7ad0eaf46e7406ff23cdc0ea9d/element/f.791DC57474D669730896E8DA48EFF857.d.14144FA3FF39B5DA18569D6B850C5C78.e.4495/click - {}
RESULT: {}
COMMAND: GET /session/4712af7ad0eaf46e7406ff23cdc0ea9d/screenshot - {}
RESULT: {}
COMMAND: POST /session/4712af7ad0eaf46e7406ff23cdc0ea9d/execute/async - {"script":"<script> [1562 bytes]","args":[{"selector":{"id":"receiptDatePicker","viewName":"etm.portal.ui.managehandovers.view.DetailExecuteHO","interaction":{"idSuffix":"inner"}},"wdio_ui5_key":"receiptDatePickeretmportal.ui.managehandovers.view.DetailExecuteHO"}]}
RESULT: {"script":"<script> [1562 bytes]","args":[{"selector":{"id":"receiptDatePicker","viewName":"etm.portal.ui.managehandovers.view.DetailExecuteHO","interaction":{"idSuffix":"inner"}},"wdio_ui5_key":"receiptDatePickeretmportal.ui.managehandovers.view.DetailExecuteHO"}]}
RESULT: undefined
COMMAND: POST /session/4712af7ad0eaf46e7406ff23cdc0ea9d/execute/async - {"script":"<script> [6424 bytes]","args":[{"element-6066-11e4-a52e-4f735466cecf":"f.791DC57474D669730896E8DA48EFF857.d.14144FA3FF39B5DA18569D6B850C5C78.e.4527"},"setValue",["04/30/2025"]]}
RESULT: {"script":"<script> [6424 bytes]","args":[{"element-6066-11e4-a52e-4f735466cecf":"f.791DC57474D669730896E8DA48EFF857.d.14144FA3FF39B5DA18569D6B850C5C78.e.4527"},"setValue",["04/30/2025"]]}
COMMAND: POST /session/4712af7ad0eaf46e7406ff23cdc0ea9d/element - {"using":"xpath","value":"//button[@data-kt=\"PickingTableConfirmAllButton\"]"}
RESULT: {"using":"xpath","value":"//button[@data-kt=\"PickingTableConfirmAllButton\"]"}
COMMAND: POST /session/4712af7ad0eaf46e7406ff23cdc0ea9d/element/f.791DC57474D669730896E8DA48EFF857.d.14144FA3FF39B5DA18569D6B850C5C78.e.4542/click - {}
RESULT: {}
COMMAND: GET /session/4712af7ad0eaf46e7406ff23cdc0ea9d/screenshot - {}
RESULT: {}
COMMAND: POST /session/4712af7ad0eaf46e7406ff23cdc0ea9d/element - {"using":"xpath","value":"//bdi[contains(text(), \"OK\")]"}
RESULT: {"using":"xpath","value":"//bdi[contains(text(), \"OK\")]"}
COMMAND: POST /session/4712af7ad0eaf46e7406ff23cdc0ea9d/element/f.791DC57474D669730896E8DA48EFF857.d.14144FA3FF39B5DA18569D6B850C5C78.e.4544/click - {}
RESULT: {}
COMMAND: GET /session/4712af7ad0eaf46e7406ff23cdc0ea9d/screenshot - {}
RESULT: {}
COMMAND: POST /session/4712af7ad0eaf46e7406ff23cdc0ea9d/element - {"using":"xpath","value":"(//bdi[contains(text(), \"Receive\")])[2]"}
RESULT: {"using":"xpath","value":"(//bdi[contains(text(), \"Receive\")])[2]"}
COMMAND: POST /session/4712af7ad0eaf46e7406ff23cdc0ea9d/element/f.791DC57474D669730896E8DA48EFF857.d.14144FA3FF39B5DA18569D6B850C5C78.e.4546/click - {}
RESULT: {}
COMMAND: GET /session/4712af7ad0eaf46e7406ff23cdc0ea9d/screenshot - {}
RESULT: {}
COMMAND: POST /session/4712af7ad0eaf46e7406ff23cdc0ea9d/element - {"using":"css selector","value":"#shell-header-logo"}
RESULT: {"using":"css selector","value":"#shell-header-logo"}
COMMAND: POST /session/4712af7ad0eaf46e7406ff23cdc0ea9d/element/f.791DC57474D669730896E8DA48EFF857.d.14144FA3FF39B5DA18569D6B850C5C78.e.3928/click - {}
RESULT: {}
COMMAND: GET /session/4712af7ad0eaf46e7406ff23cdc0ea9d/screenshot - {}
RESULT: {}
]]></system-out>
    </testcase>
    <testcase classname="chrome.135_0_7049_96.windows.Billing_confirm_US117289" name="Should create a new contract" time="55.317">
      <system-out><![CDATA[
COMMAND: POST /session/4712af7ad0eaf46e7406ff23cdc0ea9d/execute/async - {"script":"<script> [1562 bytes]","args":[{"selector":{"controlType":"sap.m.Text","viewName":"etm.portal.ui.managecontractstile.view.Master","properties":{"text":"Manage Contracts"},"interaction":{"idSuffix":"inner"}},"wdio_ui5_key":"etmportal.ui.managecontractstile.view.Mastersap.m.Text{\"text\":\"Manage Contracts\"}"}]}
RESULT: {"script":"<script> [1562 bytes]","args":[{"selector":{"controlType":"sap.m.Text","viewName":"etm.portal.ui.managecontractstile.view.Master","properties":{"text":"Manage Contracts"},"interaction":{"idSuffix":"inner"}},"wdio_ui5_key":"etmportal.ui.managecontractstile.view.Mastersap.m.Text{\"text\":\"Manage Contracts\"}"}]}
RESULT: undefined
COMMAND: POST /session/4712af7ad0eaf46e7406ff23cdc0ea9d/element - {"using":"xpath","value":"//*[@id=\"__tile133-title\"]"}
RESULT: {"using":"xpath","value":"//*[@id=\"__tile133-title\"]"}
COMMAND: POST /session/4712af7ad0eaf46e7406ff23cdc0ea9d/element/f.791DC57474D669730896E8DA48EFF857.d.14144FA3FF39B5DA18569D6B850C5C78.e.4720/click - {}
RESULT: {}
COMMAND: GET /session/4712af7ad0eaf46e7406ff23cdc0ea9d/screenshot - {}
RESULT: {}
COMMAND: POST /session/4712af7ad0eaf46e7406ff23cdc0ea9d/element - {"using":"xpath","value":"//button[@data-kt=\"addButton\"]"}
RESULT: {"using":"xpath","value":"//button[@data-kt=\"addButton\"]"}
COMMAND: POST /session/4712af7ad0eaf46e7406ff23cdc0ea9d/elements - {"using":"xpath","value":"//button[@data-kt=\"addButton\"]"}
RESULT: {"using":"xpath","value":"//button[@data-kt=\"addButton\"]"}
COMMAND: POST /session/4712af7ad0eaf46e7406ff23cdc0ea9d/execute/sync - {"script":"<script> [8489 bytes]","args":[{"element-6066-11e4-a52e-4f735466cecf":"f.791DC57474D669730896E8DA48EFF857.d.14144FA3FF39B5DA18569D6B850C5C78.e.4796","ELEMENT":"f.791DC57474D669730896E8DA48EFF857.d.14144FA3FF39B5DA18569D6B850C5C78.e.4796"}]}
RESULT: {"script":"<script> [8489 bytes]","args":[{"element-6066-11e4-a52e-4f735466cecf":"f.791DC57474D669730896E8DA48EFF857.d.14144FA3FF39B5DA18569D6B850C5C78.e.4796","ELEMENT":"f.791DC57474D669730896E8DA48EFF857.d.14144FA3FF39B5DA18569D6B850C5C78.e.4796"}]}
COMMAND: GET /session/4712af7ad0eaf46e7406ff23cdc0ea9d/element/f.791DC57474D669730896E8DA48EFF857.d.14144FA3FF39B5DA18569D6B850C5C78.e.4796/enabled - {}
COMMAND: GET /session/4712af7ad0eaf46e7406ff23cdc0ea9d/screenshot - {}
RESULT: {}
COMMAND: POST /session/4712af7ad0eaf46e7406ff23cdc0ea9d/execute/sync - {"script":"<script> [8489 bytes]","args":[{"element-6066-11e4-a52e-4f735466cecf":"f.791DC57474D669730896E8DA48EFF857.d.14144FA3FF39B5DA18569D6B850C5C78.e.4796","ELEMENT":"f.791DC57474D669730896E8DA48EFF857.d.14144FA3FF39B5DA18569D6B850C5C78.e.4796"}]}
COMMAND: GET /session/4712af7ad0eaf46e7406ff23cdc0ea9d/screenshot - {}
RESULT: {}
RESULT: {"script":"<script> [8489 bytes]","args":[{"element-6066-11e4-a52e-4f735466cecf":"f.791DC57474D669730896E8DA48EFF857.d.14144FA3FF39B5DA18569D6B850C5C78.e.4796","ELEMENT":"f.791DC57474D669730896E8DA48EFF857.d.14144FA3FF39B5DA18569D6B850C5C78.e.4796"}]}
COMMAND: POST /session/4712af7ad0eaf46e7406ff23cdc0ea9d/execute/sync - {"script":"<script> [5351 bytes]","args":[{"element-6066-11e4-a52e-4f735466cecf":"f.791DC57474D669730896E8DA48EFF857.d.14144FA3FF39B5DA18569D6B850C5C78.e.4796","ELEMENT":"f.791DC57474D669730896E8DA48EFF857.d.14144FA3FF39B5DA18569D6B850C5C78.e.4796"}]}
COMMAND: GET /session/4712af7ad0eaf46e7406ff23cdc0ea9d/screenshot - {}
RESULT: {}
RESULT: {"script":"<script> [5351 bytes]","args":[{"element-6066-11e4-a52e-4f735466cecf":"f.791DC57474D669730896E8DA48EFF857.d.14144FA3FF39B5DA18569D6B850C5C78.e.4796","ELEMENT":"f.791DC57474D669730896E8DA48EFF857.d.14144FA3FF39B5DA18569D6B850C5C78.e.4796"}]}
COMMAND: GET /session/4712af7ad0eaf46e7406ff23cdc0ea9d/screenshot - {}
RESULT: {}
RESULT: {}
COMMAND: POST /session/4712af7ad0eaf46e7406ff23cdc0ea9d/element/f.791DC57474D669730896E8DA48EFF857.d.14144FA3FF39B5DA18569D6B850C5C78.e.4796/click - {}
RESULT: {}
COMMAND: GET /session/4712af7ad0eaf46e7406ff23cdc0ea9d/screenshot - {}
COMMAND: POST /session/4712af7ad0eaf46e7406ff23cdc0ea9d/execute/async - {"script":"<script> [1562 bytes]","args":[{"selector":{"id":"application-managecontracts-display-component---AddNewContract--projectDescription","interaction":{"idSuffix":"inner"}},"wdio_ui5_key":"applicationmanagecontracts-display-component---AddNewContract--projectDescription"}]}
RESULT: {}
RESULT: {"script":"<script> [1562 bytes]","args":[{"selector":{"id":"application-managecontracts-display-component---AddNewContract--projectDescription","interaction":{"idSuffix":"inner"}},"wdio_ui5_key":"applicationmanagecontracts-display-component---AddNewContract--projectDescription"}]}
RESULT: undefined
COMMAND: POST /session/4712af7ad0eaf46e7406ff23cdc0ea9d/execute/async - {"script":"<script> [776 bytes]","args":[{"enterText":"Contract WDIO","selector":{"id":"application-managecontracts-display-component---AddNewContract--projectDescription","interaction":{"idSuffix":"inner"}},"clearTextFirst":true,"interactionType":"ENTER_TEXT"}]}
RESULT: {"script":"<script> [776 bytes]","args":[{"enterText":"Contract WDIO","selector":{"id":"application-managecontracts-display-component---AddNewContract--projectDescription","interaction":{"idSuffix":"inner"}},"clearTextFirst":true,"interactionType":"ENTER_TEXT"}]}
COMMAND: POST /session/4712af7ad0eaf46e7406ff23cdc0ea9d/element - {"using":"xpath","value":"//input[@id=\"application-managecontracts-display-component---AddNewContract--site-inner\"]"}
RESULT: {"using":"xpath","value":"//input[@id=\"application-managecontracts-display-component---AddNewContract--site-inner\"]"}
COMMAND: POST /session/4712af7ad0eaf46e7406ff23cdc0ea9d/element/f.791DC57474D669730896E8DA48EFF857.d.14144FA3FF39B5DA18569D6B850C5C78.e.5092/clear - {}
RESULT: {}
COMMAND: POST /session/4712af7ad0eaf46e7406ff23cdc0ea9d/element/f.791DC57474D669730896E8DA48EFF857.d.14144FA3FF39B5DA18569D6B850C5C78.e.5092/value - {"text":"2270"}
COMMAND: GET /session/4712af7ad0eaf46e7406ff23cdc0ea9d/screenshot - {}
RESULT: {"text":"2270"}
COMMAND: GET /session/4712af7ad0eaf46e7406ff23cdc0ea9d/screenshot - {}
RESULT: {}
RESULT: {}
COMMAND: POST /session/4712af7ad0eaf46e7406ff23cdc0ea9d/element - {"using":"xpath","value":"//li[.//span[text()='2270']]"}
RESULT: {"using":"xpath","value":"//li[.//span[text()='2270']]"}
COMMAND: POST /session/4712af7ad0eaf46e7406ff23cdc0ea9d/element/f.791DC57474D669730896E8DA48EFF857.d.14144FA3FF39B5DA18569D6B850C5C78.e.5116/click - {}
RESULT: {}
COMMAND: GET /session/4712af7ad0eaf46e7406ff23cdc0ea9d/screenshot - {}
RESULT: {}
COMMAND: POST /session/4712af7ad0eaf46e7406ff23cdc0ea9d/element - {"using":"xpath","value":"//input[@id=\"application-managecontracts-display-component---AddNewContract--yardId-inner\"]"}
RESULT: {"using":"xpath","value":"//input[@id=\"application-managecontracts-display-component---AddNewContract--yardId-inner\"]"}
COMMAND: GET /session/4712af7ad0eaf46e7406ff23cdc0ea9d/element/f.791DC57474D669730896E8DA48EFF857.d.14144FA3FF39B5DA18569D6B850C5C78.e.5093/property/value - {}
RESULT: {}
COMMAND: POST /session/4712af7ad0eaf46e7406ff23cdc0ea9d/element - {"using":"xpath","value":"//input[@id=\"application-managecontracts-display-component---AddNewContract--customerSelect-inner\"]"}
COMMAND: GET /session/4712af7ad0eaf46e7406ff23cdc0ea9d/screenshot - {}
RESULT: {"using":"xpath","value":"//input[@id=\"application-managecontracts-display-component---AddNewContract--customerSelect-inner\"]"}
COMMAND: POST /session/4712af7ad0eaf46e7406ff23cdc0ea9d/element/f.791DC57474D669730896E8DA48EFF857.d.14144FA3FF39B5DA18569D6B850C5C78.e.5091/clear - {}
RESULT: {}
RESULT: {}
COMMAND: POST /session/4712af7ad0eaf46e7406ff23cdc0ea9d/element/f.791DC57474D669730896E8DA48EFF857.d.14144FA3FF39B5DA18569D6B850C5C78.e.5091/value - {"text":"1300"}
COMMAND: GET /session/4712af7ad0eaf46e7406ff23cdc0ea9d/screenshot - {}
RESULT: {"text":"1300"}
COMMAND: GET /session/4712af7ad0eaf46e7406ff23cdc0ea9d/screenshot - {}
RESULT: {}
RESULT: {}
COMMAND: POST /session/4712af7ad0eaf46e7406ff23cdc0ea9d/element - {"using":"xpath","value":"//li[.//span[text()='1300']]"}
RESULT: {"using":"xpath","value":"//li[.//span[text()='1300']]"}
COMMAND: POST /session/4712af7ad0eaf46e7406ff23cdc0ea9d/element/f.791DC57474D669730896E8DA48EFF857.d.14144FA3FF39B5DA18569D6B850C5C78.e.5119/click - {}
RESULT: {}
COMMAND: GET /session/4712af7ad0eaf46e7406ff23cdc0ea9d/screenshot - {}
RESULT: {}
COMMAND: POST /session/4712af7ad0eaf46e7406ff23cdc0ea9d/element - {"using":"xpath","value":"//button[@data-kt=\"saveButton\"]"}
RESULT: {"using":"xpath","value":"//button[@data-kt=\"saveButton\"]"}
COMMAND: POST /session/4712af7ad0eaf46e7406ff23cdc0ea9d/element/f.791DC57474D669730896E8DA48EFF857.d.14144FA3FF39B5DA18569D6B850C5C78.e.5109/click - {}
RESULT: {}
COMMAND: GET /session/4712af7ad0eaf46e7406ff23cdc0ea9d/screenshot - {}
RESULT: {}
COMMAND: POST /session/4712af7ad0eaf46e7406ff23cdc0ea9d/element - {"using":"xpath","value":"//span[contains(@id ,\"contractDetailTitleNoExpanded\")]"}
RESULT: {"using":"xpath","value":"//span[contains(@id ,\"contractDetailTitleNoExpanded\")]"}
COMMAND: POST /session/4712af7ad0eaf46e7406ff23cdc0ea9d/elements - {"using":"xpath","value":"//span[contains(@id ,\"contractDetailTitleNoExpanded\")]"}
RESULT: {"using":"xpath","value":"//span[contains(@id ,\"contractDetailTitleNoExpanded\")]"}
COMMAND: POST /session/4712af7ad0eaf46e7406ff23cdc0ea9d/execute/sync - {"script":"<script> [56 bytes]","args":[{"element-6066-11e4-a52e-4f735466cecf":"f.791DC57474D669730896E8DA48EFF857.d.14144FA3FF39B5DA18569D6B850C5C78.e.5191","ELEMENT":"f.791DC57474D669730896E8DA48EFF857.d.14144FA3FF39B5DA18569D6B850C5C78.e.5191"}]}
RESULT: {"script":"<script> [56 bytes]","args":[{"element-6066-11e4-a52e-4f735466cecf":"f.791DC57474D669730896E8DA48EFF857.d.14144FA3FF39B5DA18569D6B850C5C78.e.5191","ELEMENT":"f.791DC57474D669730896E8DA48EFF857.d.14144FA3FF39B5DA18569D6B850C5C78.e.5191"}]}
COMMAND: GET /session/4712af7ad0eaf46e7406ff23cdc0ea9d/screenshot - {}
RESULT: {}
]]></system-out>
    </testcase>
    <testcase classname="chrome.135_0_7049_96.windows.Billing_confirm_US117289" name="Should add created equipment to contract" time="51.295">
      <system-out><![CDATA[
COMMAND: POST /session/4712af7ad0eaf46e7406ff23cdc0ea9d/element - {"using":"xpath","value":"//button[@data-kt=\"contractDetailEditBtnButton\"]"}
RESULT: {"using":"xpath","value":"//button[@data-kt=\"contractDetailEditBtnButton\"]"}
COMMAND: POST /session/4712af7ad0eaf46e7406ff23cdc0ea9d/element/f.791DC57474D669730896E8DA48EFF857.d.14144FA3FF39B5DA18569D6B850C5C78.e.5193/click - {}
RESULT: {}
COMMAND: GET /session/4712af7ad0eaf46e7406ff23cdc0ea9d/screenshot - {}
RESULT: {}
COMMAND: POST /session/4712af7ad0eaf46e7406ff23cdc0ea9d/element - {"using":"xpath","value":"(//span[contains(text(), \"Additional Addresses\")])[2]"}
RESULT: {"using":"xpath","value":"(//span[contains(text(), \"Additional Addresses\")])[2]"}
COMMAND: POST /session/4712af7ad0eaf46e7406ff23cdc0ea9d/element/f.791DC57474D669730896E8DA48EFF857.d.14144FA3FF39B5DA18569D6B850C5C78.e.5249/click - {}
RESULT: {}
COMMAND: GET /session/4712af7ad0eaf46e7406ff23cdc0ea9d/screenshot - {}
RESULT: {}
COMMAND: POST /session/4712af7ad0eaf46e7406ff23cdc0ea9d/element - {"using":"xpath","value":"//button[@data-kt=\"btnAddTableRowOverflowToolbarButton\"]"}
RESULT: {"using":"xpath","value":"//button[@data-kt=\"btnAddTableRowOverflowToolbarButton\"]"}
COMMAND: POST /session/4712af7ad0eaf46e7406ff23cdc0ea9d/element/f.791DC57474D669730896E8DA48EFF857.d.14144FA3FF39B5DA18569D6B850C5C78.e.5251/click - {}
RESULT: {}
COMMAND: GET /session/4712af7ad0eaf46e7406ff23cdc0ea9d/screenshot - {}
RESULT: {}
COMMAND: POST /session/4712af7ad0eaf46e7406ff23cdc0ea9d/element - {"using":"xpath","value":"//div[(text() = 'Standard Entry' or . = 'Standard Entry')]"}
RESULT: {"using":"xpath","value":"//div[(text() = 'Standard Entry' or . = 'Standard Entry')]"}
COMMAND: POST /session/4712af7ad0eaf46e7406ff23cdc0ea9d/element/f.791DC57474D669730896E8DA48EFF857.d.14144FA3FF39B5DA18569D6B850C5C78.e.5253/click - {}
RESULT: {}
COMMAND: GET /session/4712af7ad0eaf46e7406ff23cdc0ea9d/screenshot - {}
RESULT: {}
COMMAND: POST /session/4712af7ad0eaf46e7406ff23cdc0ea9d/element - {"using":"xpath","value":"//td[7]/div/div/input"}
RESULT: {"using":"xpath","value":"//td[7]/div/div/input"}
COMMAND: POST /session/4712af7ad0eaf46e7406ff23cdc0ea9d/element/f.791DC57474D669730896E8DA48EFF857.d.14144FA3FF39B5DA18569D6B850C5C78.e.5262/clear - {}
RESULT: {}
COMMAND: POST /session/4712af7ad0eaf46e7406ff23cdc0ea9d/element/f.791DC57474D669730896E8DA48EFF857.d.14144FA3FF39B5DA18569D6B850C5C78.e.5262/value - {"text":"jizxB9mecM"}
COMMAND: GET /session/4712af7ad0eaf46e7406ff23cdc0ea9d/screenshot - {}
RESULT: {"text":"jizxB9mecM"}
COMMAND: GET /session/4712af7ad0eaf46e7406ff23cdc0ea9d/screenshot - {}
RESULT: {}
RESULT: {}
COMMAND: POST /session/4712af7ad0eaf46e7406ff23cdc0ea9d/actions - {"actions":[{"id":"action18","type":"key","parameters":{},"actions":[{"type":"keyDown","value":"î€‡"},{"type":"pause","duration":10},{"type":"keyUp","value":"î€‡"}]}]}
RESULT: {"actions":[{"id":"action18","type":"key","parameters":{},"actions":[{"type":"keyDown","value":"î€‡"},{"type":"pause","duration":10},{"type":"keyUp","value":"î€‡"}]}]}
COMMAND: GET /session/4712af7ad0eaf46e7406ff23cdc0ea9d/screenshot - {}
RESULT: {}
COMMAND: POST /session/4712af7ad0eaf46e7406ff23cdc0ea9d/element - {"using":"xpath","value":"(//button[@data-kt=\"saveButton\"])[2]"}
RESULT: {"using":"xpath","value":"(//button[@data-kt=\"saveButton\"])[2]"}
COMMAND: POST /session/4712af7ad0eaf46e7406ff23cdc0ea9d/element/f.791DC57474D669730896E8DA48EFF857.d.14144FA3FF39B5DA18569D6B850C5C78.e.5277/click - {}
RESULT: {}
COMMAND: GET /session/4712af7ad0eaf46e7406ff23cdc0ea9d/screenshot - {}
RESULT: {}
COMMAND: POST /session/4712af7ad0eaf46e7406ff23cdc0ea9d/element - {"using":"xpath","value":"//span[contains(@id ,\"contractItemsSmartTable-header-inner\")]"}
RESULT: {"using":"xpath","value":"//span[contains(@id ,\"contractItemsSmartTable-header-inner\")]"}
COMMAND: POST /session/4712af7ad0eaf46e7406ff23cdc0ea9d/elements - {"using":"xpath","value":"//span[contains(@id ,\"contractItemsSmartTable-header-inner\")]"}
RESULT: {"using":"xpath","value":"//span[contains(@id ,\"contractItemsSmartTable-header-inner\")]"}
COMMAND: POST /session/4712af7ad0eaf46e7406ff23cdc0ea9d/execute/sync - {"script":"<script> [56 bytes]","args":[{"element-6066-11e4-a52e-4f735466cecf":"f.791DC57474D669730896E8DA48EFF857.d.14144FA3FF39B5DA18569D6B850C5C78.e.5284","ELEMENT":"f.791DC57474D669730896E8DA48EFF857.d.14144FA3FF39B5DA18569D6B850C5C78.e.5284"}]}
RESULT: {"script":"<script> [56 bytes]","args":[{"element-6066-11e4-a52e-4f735466cecf":"f.791DC57474D669730896E8DA48EFF857.d.14144FA3FF39B5DA18569D6B850C5C78.e.5284","ELEMENT":"f.791DC57474D669730896E8DA48EFF857.d.14144FA3FF39B5DA18569D6B850C5C78.e.5284"}]}
]]></system-out>
    </testcase>
    <testcase classname="chrome.135_0_7049_96.windows.Billing_confirm_US117289" name="Should do a provide to site handover" time="52.827">
      <system-out><![CDATA[
COMMAND: POST /session/4712af7ad0eaf46e7406ff23cdc0ea9d/element - {"using":"xpath","value":"//button[@data-kt=\"provideButton\"]"}
COMMAND: GET /session/4712af7ad0eaf46e7406ff23cdc0ea9d/screenshot - {}
RESULT: {"using":"xpath","value":"//button[@data-kt=\"provideButton\"]"}
COMMAND: POST /session/4712af7ad0eaf46e7406ff23cdc0ea9d/element/f.791DC57474D669730896E8DA48EFF857.d.14144FA3FF39B5DA18569D6B850C5C78.e.5285/click - {}
RESULT: {}
RESULT: {}
COMMAND: GET /session/4712af7ad0eaf46e7406ff23cdc0ea9d/screenshot - {}
RESULT: {}
RESULT: undefined
COMMAND: POST /session/4712af7ad0eaf46e7406ff23cdc0ea9d/execute/async - {"script":"<script> [6424 bytes]","args":[{"element-6066-11e4-a52e-4f735466cecf":"f.791DC57474D669730896E8DA48EFF857.d.14144FA3FF39B5DA18569D6B850C5C78.e.4308"},"setValue",["04/30/2025"]]}
COMMAND: POST /session/4712af7ad0eaf46e7406ff23cdc0ea9d/execute/async - {"script":"<script> [1562 bytes]","args":[{"selector":{"id":"application-managehandovers-display-component---AddNewHO--dueDate","interaction":{"idSuffix":"inner"}},"wdio_ui5_key":"applicationmanagehandovers-display-component---AddNewHO--dueDate"}]}
RESULT: {"script":"<script> [1562 bytes]","args":[{"selector":{"id":"application-managehandovers-display-component---AddNewHO--dueDate","interaction":{"idSuffix":"inner"}},"wdio_ui5_key":"applicationmanagehandovers-display-component---AddNewHO--dueDate"}]}
COMMAND: POST /session/4712af7ad0eaf46e7406ff23cdc0ea9d/execute/async - {"script":"<script> [6424 bytes]","args":[{"element-6066-11e4-a52e-4f735466cecf":"f.791DC57474D669730896E8DA48EFF857.d.14144FA3FF39B5DA18569D6B850C5C78.e.5373"},"setValue",["04/30/2025"]]}
RESULT: {"script":"<script> [6424 bytes]","args":[{"element-6066-11e4-a52e-4f735466cecf":"f.791DC57474D669730896E8DA48EFF857.d.14144FA3FF39B5DA18569D6B850C5C78.e.5373"},"setValue",["04/30/2025"]]}
COMMAND: POST /session/4712af7ad0eaf46e7406ff23cdc0ea9d/element - {"using":"xpath","value":"//bdi[contains(text(), \"Instructions\")]"}
RESULT: {"using":"xpath","value":"//bdi[contains(text(), \"Instructions\")]"}
COMMAND: POST /session/4712af7ad0eaf46e7406ff23cdc0ea9d/element/f.791DC57474D669730896E8DA48EFF857.d.14144FA3FF39B5DA18569D6B850C5C78.e.5594/click - {}
RESULT: {}
COMMAND: GET /session/4712af7ad0eaf46e7406ff23cdc0ea9d/screenshot - {}
RESULT: {}
COMMAND: POST /session/4712af7ad0eaf46e7406ff23cdc0ea9d/element - {"using":"xpath","value":"//button[@data-kt=\"AddNewHOProvideAddItemsButton\"]"}
RESULT: {"using":"xpath","value":"//button[@data-kt=\"AddNewHOProvideAddItemsButton\"]"}
COMMAND: POST /session/4712af7ad0eaf46e7406ff23cdc0ea9d/element/f.791DC57474D669730896E8DA48EFF857.d.14144FA3FF39B5DA18569D6B850C5C78.e.5600/click - {}
RESULT: {}
COMMAND: GET /session/4712af7ad0eaf46e7406ff23cdc0ea9d/screenshot - {}
RESULT: {}
RESULT: undefined
COMMAND: POST /session/4712af7ad0eaf46e7406ff23cdc0ea9d/element - {"using":"xpath","value":"//*[@id=\"application-managehandovers-display-component---AddNewHO--popup-sa\"]"}
RESULT: {"using":"xpath","value":"//*[@id=\"application-managehandovers-display-component---AddNewHO--popup-sa\"]"}
COMMAND: POST /session/4712af7ad0eaf46e7406ff23cdc0ea9d/element/f.791DC57474D669730896E8DA48EFF857.d.14144FA3FF39B5DA18569D6B850C5C78.e.5614/click - {}
RESULT: {}
COMMAND: GET /session/4712af7ad0eaf46e7406ff23cdc0ea9d/screenshot - {}
RESULT: {}
COMMAND: POST /session/4712af7ad0eaf46e7406ff23cdc0ea9d/element - {"using":"xpath","value":"//*[contains(@id ,\"BDI-content\")][contains(text(), \"Select\")]"}
RESULT: {"using":"xpath","value":"//*[contains(@id ,\"BDI-content\")][contains(text(), \"Select\")]"}
COMMAND: POST /session/4712af7ad0eaf46e7406ff23cdc0ea9d/element/f.791DC57474D669730896E8DA48EFF857.d.14144FA3FF39B5DA18569D6B850C5C78.e.5616/click - {}
RESULT: {}
COMMAND: GET /session/4712af7ad0eaf46e7406ff23cdc0ea9d/screenshot - {}
RESULT: {}
COMMAND: POST /session/4712af7ad0eaf46e7406ff23cdc0ea9d/execute/async - {"script":"<script> [1562 bytes]","args":[{"selector":{"id":"application-managehandovers-display-component---AddNewHO--confirmCreationButton","interaction":{"idSuffix":"BDI-content"}},"wdio_ui5_key":"applicationmanagehandovers-display-component---AddNewHO--confirmCreationButton"}]}
RESULT: {"script":"<script> [1562 bytes]","args":[{"selector":{"id":"application-managehandovers-display-component---AddNewHO--confirmCreationButton","interaction":{"idSuffix":"BDI-content"}},"wdio_ui5_key":"applicationmanagehandovers-display-component---AddNewHO--confirmCreationButton"}]}
RESULT: undefined
COMMAND: POST /session/4712af7ad0eaf46e7406ff23cdc0ea9d/element - {"using":"xpath","value":"//*[@id=\"application-managehandovers-display-component---AddNewHO--confirmCreationButton\"]"}
RESULT: {"using":"xpath","value":"//*[@id=\"application-managehandovers-display-component---AddNewHO--confirmCreationButton\"]"}
COMMAND: POST /session/4712af7ad0eaf46e7406ff23cdc0ea9d/element/f.791DC57474D669730896E8DA48EFF857.d.14144FA3FF39B5DA18569D6B850C5C78.e.5420/click - {}
RESULT: {}
COMMAND: GET /session/4712af7ad0eaf46e7406ff23cdc0ea9d/screenshot - {}
RESULT: {}
COMMAND: POST /session/4712af7ad0eaf46e7406ff23cdc0ea9d/element - {"using":"xpath","value":"//button[@data-kt=\"PickingTableConfirmAllButton\"]"}
RESULT: {"using":"xpath","value":"//button[@data-kt=\"PickingTableConfirmAllButton\"]"}
COMMAND: POST /session/4712af7ad0eaf46e7406ff23cdc0ea9d/elements - {"using":"xpath","value":"//button[@data-kt=\"PickingTableConfirmAllButton\"]"}
RESULT: {"using":"xpath","value":"//button[@data-kt=\"PickingTableConfirmAllButton\"]"}
COMMAND: POST /session/4712af7ad0eaf46e7406ff23cdc0ea9d/elements - {"using":"xpath","value":"//button[@data-kt=\"PickingTableConfirmAllButton\"]"}
RESULT: {"using":"xpath","value":"//button[@data-kt=\"PickingTableConfirmAllButton\"]"}
COMMAND: POST /session/4712af7ad0eaf46e7406ff23cdc0ea9d/elements - {"using":"xpath","value":"//button[@data-kt=\"PickingTableConfirmAllButton\"]"}
RESULT: {"using":"xpath","value":"//button[@data-kt=\"PickingTableConfirmAllButton\"]"}
COMMAND: POST /session/4712af7ad0eaf46e7406ff23cdc0ea9d/elements - {"using":"xpath","value":"//button[@data-kt=\"PickingTableConfirmAllButton\"]"}
RESULT: {"using":"xpath","value":"//button[@data-kt=\"PickingTableConfirmAllButton\"]"}
COMMAND: POST /session/4712af7ad0eaf46e7406ff23cdc0ea9d/element - {"using":"xpath","value":"//button[@data-kt=\"PickingTableConfirmAllButton\"]"}
RESULT: {"using":"xpath","value":"//button[@data-kt=\"PickingTableConfirmAllButton\"]"}
COMMAND: POST /session/4712af7ad0eaf46e7406ff23cdc0ea9d/element/f.791DC57474D669730896E8DA48EFF857.d.14144FA3FF39B5DA18569D6B850C5C78.e.5655/click - {}
COMMAND: POST /session/4712af7ad0eaf46e7406ff23cdc0ea9d/element - {"using":"xpath","value":"//button[@data-kt=\"PickingTableConfirmAllButton\"]"}
RESULT: {"using":"xpath","value":"//button[@data-kt=\"PickingTableConfirmAllButton\"]"}
COMMAND: POST /session/4712af7ad0eaf46e7406ff23cdc0ea9d/element/f.791DC57474D669730896E8DA48EFF857.d.14144FA3FF39B5DA18569D6B850C5C78.e.5655/click - {}
COMMAND: POST /session/4712af7ad0eaf46e7406ff23cdc0ea9d/element - {"using":"xpath","value":"//button[@data-kt=\"PickingTableConfirmAllButton\"]"}
RESULT: {"using":"xpath","value":"//button[@data-kt=\"PickingTableConfirmAllButton\"]"}
COMMAND: POST /session/4712af7ad0eaf46e7406ff23cdc0ea9d/element/f.791DC57474D669730896E8DA48EFF857.d.14144FA3FF39B5DA18569D6B850C5C78.e.5676/click - {}
RESULT: {}
COMMAND: GET /session/4712af7ad0eaf46e7406ff23cdc0ea9d/screenshot - {}
RESULT: {}
COMMAND: POST /session/4712af7ad0eaf46e7406ff23cdc0ea9d/element - {"using":"xpath","value":"//bdi[contains(text(), \"OK\")]"}
RESULT: {"using":"xpath","value":"//bdi[contains(text(), \"OK\")]"}
COMMAND: POST /session/4712af7ad0eaf46e7406ff23cdc0ea9d/element/f.791DC57474D669730896E8DA48EFF857.d.14144FA3FF39B5DA18569D6B850C5C78.e.5680/click - {}
RESULT: {}
COMMAND: GET /session/4712af7ad0eaf46e7406ff23cdc0ea9d/screenshot - {}
RESULT: {}
COMMAND: POST /session/4712af7ad0eaf46e7406ff23cdc0ea9d/element - {"using":"xpath","value":"//bdi[contains(text(), \"Issue\")]"}
RESULT: {"using":"xpath","value":"//bdi[contains(text(), \"Issue\")]"}
COMMAND: POST /session/4712af7ad0eaf46e7406ff23cdc0ea9d/element/f.791DC57474D669730896E8DA48EFF857.d.14144FA3FF39B5DA18569D6B850C5C78.e.5681/click - {}
RESULT: {}
COMMAND: GET /session/4712af7ad0eaf46e7406ff23cdc0ea9d/screenshot - {}
RESULT: {}
COMMAND: POST /session/4712af7ad0eaf46e7406ff23cdc0ea9d/element - {"using":"css selector","value":"#shell-header-logo"}
RESULT: {"using":"css selector","value":"#shell-header-logo"}
COMMAND: POST /session/4712af7ad0eaf46e7406ff23cdc0ea9d/element/f.791DC57474D669730896E8DA48EFF857.d.14144FA3FF39B5DA18569D6B850C5C78.e.4723/click - {}
RESULT: {}
COMMAND: GET /session/4712af7ad0eaf46e7406ff23cdc0ea9d/screenshot - {}
RESULT: {}
]]></system-out>
    </testcase>
    <testcase classname="chrome.135_0_7049_96.windows.Billing_confirm_US117289" name="Should trigger calculation" time="69.302">
      <system-out><![CDATA[
COMMAND: POST /session/4712af7ad0eaf46e7406ff23cdc0ea9d/execute/async - {"script":"<script> [1562 bytes]","args":[{"selector":{"controlType":"sap.m.GenericTile","properties":{"header":"Manage Billings"}},"wdio_ui5_key":"sapm.GenericTile{\"header\":\"Manage Billings\"}"}]}
RESULT: {"script":"<script> [1562 bytes]","args":[{"selector":{"controlType":"sap.m.GenericTile","properties":{"header":"Manage Billings"}},"wdio_ui5_key":"sapm.GenericTile{\"header\":\"Manage Billings\"}"}]}
RESULT: undefined
COMMAND: POST /session/4712af7ad0eaf46e7406ff23cdc0ea9d/element - {"using":"xpath","value":"//*[@id=\"__tile51\"]"}
RESULT: {"using":"xpath","value":"//*[@id=\"__tile51\"]"}
COMMAND: POST /session/4712af7ad0eaf46e7406ff23cdc0ea9d/element/f.791DC57474D669730896E8DA48EFF857.d.14144FA3FF39B5DA18569D6B850C5C78.e.194/click - {}
RESULT: {}
COMMAND: GET /session/4712af7ad0eaf46e7406ff23cdc0ea9d/screenshot - {}
RESULT: {}
COMMAND: POST /session/4712af7ad0eaf46e7406ff23cdc0ea9d/execute/async - {"script":"<script> [1562 bytes]","args":[{"selector":{"id":"application-managebillings-display-component---billRunCalcResult--smartFilterBar-btnBasicSearch","interaction":{"idSuffix":"I"}},"wdio_ui5_key":"applicationmanagebillings-display-component---billRunCalcResult--smartFilterBar-btnBasicSearch"}]}
RESULT: {"script":"<script> [1562 bytes]","args":[{"selector":{"id":"application-managebillings-display-component---billRunCalcResult--smartFilterBar-btnBasicSearch","interaction":{"idSuffix":"I"}},"wdio_ui5_key":"applicationmanagebillings-display-component---billRunCalcResult--smartFilterBar-btnBasicSearch"}]}
RESULT: undefined
COMMAND: POST /session/4712af7ad0eaf46e7406ff23cdc0ea9d/execute/async - {"script":"<script> [776 bytes]","args":[{"enterText":"10373","selector":{"id":"application-managebillings-display-component---billRunCalcResult--smartFilterBar-btnBasicSearch","interaction":{"idSuffix":"I"}},"clearTextFirst":true,"interactionType":"ENTER_TEXT"}]}
RESULT: {"script":"<script> [776 bytes]","args":[{"enterText":"10373","selector":{"id":"application-managebillings-display-component---billRunCalcResult--smartFilterBar-btnBasicSearch","interaction":{"idSuffix":"I"}},"clearTextFirst":true,"interactionType":"ENTER_TEXT"}]}
COMMAND: POST /session/4712af7ad0eaf46e7406ff23cdc0ea9d/actions - {"actions":[{"id":"action19","type":"key","parameters":{},"actions":[{"type":"keyDown","value":"î€‡"},{"type":"pause","duration":10},{"type":"keyUp","value":"î€‡"}]}]}
RESULT: {"actions":[{"id":"action19","type":"key","parameters":{},"actions":[{"type":"keyDown","value":"î€‡"},{"type":"pause","duration":10},{"type":"keyUp","value":"î€‡"}]}]}
COMMAND: GET /session/4712af7ad0eaf46e7406ff23cdc0ea9d/screenshot - {}
RESULT: {}
COMMAND: POST /session/4712af7ad0eaf46e7406ff23cdc0ea9d/element - {"using":"xpath","value":"//td[@aria-colindex=\"1\"]/div/div[contains(@class, \"sapMCbBg\")]"}
RESULT: {"using":"xpath","value":"//td[@aria-colindex=\"1\"]/div/div[contains(@class, \"sapMCbBg\")]"}
COMMAND: POST /session/4712af7ad0eaf46e7406ff23cdc0ea9d/element/f.791DC57474D669730896E8DA48EFF857.d.14144FA3FF39B5DA18569D6B850C5C78.e.6189/click - {}
RESULT: {}
COMMAND: GET /session/4712af7ad0eaf46e7406ff23cdc0ea9d/screenshot - {}
RESULT: {}
COMMAND: POST /session/4712af7ad0eaf46e7406ff23cdc0ea9d/execute/async - {"script":"<script> [1562 bytes]","args":[{"selector":{"id":"application-managebillings-display-component---billRunCalcResult--contractBillRunDate","interaction":{"idSuffix":"inner"}},"wdio_ui5_key":"applicationmanagebillings-display-component---billRunCalcResult--contractBillRunDate"}]}
RESULT: {"script":"<script> [1562 bytes]","args":[{"selector":{"id":"application-managebillings-display-component---billRunCalcResult--contractBillRunDate","interaction":{"idSuffix":"inner"}},"wdio_ui5_key":"applicationmanagebillings-display-component---billRunCalcResult--contractBillRunDate"}]}
RESULT: undefined
COMMAND: POST /session/4712af7ad0eaf46e7406ff23cdc0ea9d/execute/async - {"script":"<script> [776 bytes]","args":[{"enterText":"05/30/25","selector":{"id":"application-managebillings-display-component---billRunCalcResult--contractBillRunDate","interaction":{"idSuffix":"inner"}},"clearTextFirst":true,"interactionType":"ENTER_TEXT"}]}
RESULT: {"script":"<script> [776 bytes]","args":[{"enterText":"05/30/25","selector":{"id":"application-managebillings-display-component---billRunCalcResult--contractBillRunDate","interaction":{"idSuffix":"inner"}},"clearTextFirst":true,"interactionType":"ENTER_TEXT"}]}
COMMAND: POST /session/4712af7ad0eaf46e7406ff23cdc0ea9d/element - {"using":"xpath","value":"//bdi[contains(text(), \"Trigger Calculation\")]"}
RESULT: {"using":"xpath","value":"//bdi[contains(text(), \"Trigger Calculation\")]"}
COMMAND: POST /session/4712af7ad0eaf46e7406ff23cdc0ea9d/element/f.791DC57474D669730896E8DA48EFF857.d.14144FA3FF39B5DA18569D6B850C5C78.e.6242/click - {}
RESULT: {}
COMMAND: GET /session/4712af7ad0eaf46e7406ff23cdc0ea9d/screenshot - {}
RESULT: {}
COMMAND: POST /session/4712af7ad0eaf46e7406ff23cdc0ea9d/element - {"using":"xpath","value":"(//span[contains(@id, \"imgNav\")])[1]"}
RESULT: {"using":"xpath","value":"(//span[contains(@id, \"imgNav\")])[1]"}
COMMAND: POST /session/4712af7ad0eaf46e7406ff23cdc0ea9d/element/f.791DC57474D669730896E8DA48EFF857.d.14144FA3FF39B5DA18569D6B850C5C78.e.6190/click - {}
RESULT: {}
COMMAND: GET /session/4712af7ad0eaf46e7406ff23cdc0ea9d/screenshot - {}
RESULT: {}
COMMAND: POST /session/4712af7ad0eaf46e7406ff23cdc0ea9d/element - {"using":"xpath","value":"//tr/td[6]/div[1]/span[1]/span[1]"}
RESULT: {"using":"xpath","value":"//tr/td[6]/div[1]/span[1]/span[1]"}
COMMAND: GET /session/4712af7ad0eaf46e7406ff23cdc0ea9d/element/f.791DC57474D669730896E8DA48EFF857.d.14144FA3FF39B5DA18569D6B850C5C78.e.6246/text - {}
RESULT: {}
COMMAND: POST /session/4712af7ad0eaf46e7406ff23cdc0ea9d/element - {"using":"xpath","value":"(//span[contains(@id, \"imgNav\")])[2]"}
RESULT: {"using":"xpath","value":"(//span[contains(@id, \"imgNav\")])[2]"}
COMMAND: POST /session/4712af7ad0eaf46e7406ff23cdc0ea9d/element/f.791DC57474D669730896E8DA48EFF857.d.14144FA3FF39B5DA18569D6B850C5C78.e.6247/click - {}
RESULT: {}
COMMAND: GET /session/4712af7ad0eaf46e7406ff23cdc0ea9d/screenshot - {}
RESULT: {}
COMMAND: POST /session/4712af7ad0eaf46e7406ff23cdc0ea9d/element - {"using":"xpath","value":"//bdi[contains(text(), \"Business Confirm\")]"}
RESULT: {"using":"xpath","value":"//bdi[contains(text(), \"Business Confirm\")]"}
COMMAND: POST /session/4712af7ad0eaf46e7406ff23cdc0ea9d/element/f.791DC57474D669730896E8DA48EFF857.d.14144FA3FF39B5DA18569D6B850C5C78.e.6323/click - {}
RESULT: {}
COMMAND: GET /session/4712af7ad0eaf46e7406ff23cdc0ea9d/screenshot - {}
RESULT: {}
COMMAND: POST /session/4712af7ad0eaf46e7406ff23cdc0ea9d/element - {"using":"xpath","value":"//bdi[contains(text(), \"Business Confirmed\")]"}
RESULT: {"using":"xpath","value":"//bdi[contains(text(), \"Business Confirmed\")]"}
COMMAND: POST /session/4712af7ad0eaf46e7406ff23cdc0ea9d/execute/sync - {"script":"<script> [56 bytes]","args":[{"element-6066-11e4-a52e-4f735466cecf":"f.791DC57474D669730896E8DA48EFF857.d.14144FA3FF39B5DA18569D6B850C5C78.e.6323","ELEMENT":"f.791DC57474D669730896E8DA48EFF857.d.14144FA3FF39B5DA18569D6B850C5C78.e.6323"}]}
RESULT: {"script":"<script> [56 bytes]","args":[{"element-6066-11e4-a52e-4f735466cecf":"f.791DC57474D669730896E8DA48EFF857.d.14144FA3FF39B5DA18569D6B850C5C78.e.6323","ELEMENT":"f.791DC57474D669730896E8DA48EFF857.d.14144FA3FF39B5DA18569D6B850C5C78.e.6323"}]}
COMMAND: POST /session/4712af7ad0eaf46e7406ff23cdc0ea9d/element - {"using":"css selector","value":"#shell-header-logo"}
COMMAND: GET /session/4712af7ad0eaf46e7406ff23cdc0ea9d/screenshot - {}
RESULT: {"using":"css selector","value":"#shell-header-logo"}
COMMAND: POST /session/4712af7ad0eaf46e7406ff23cdc0ea9d/element/f.791DC57474D669730896E8DA48EFF857.d.14144FA3FF39B5DA18569D6B850C5C78.e.5976/click - {}
RESULT: {}
RESULT: {}
COMMAND: GET /session/4712af7ad0eaf46e7406ff23cdc0ea9d/screenshot - {}
RESULT: {}
COMMAND: POST /session/4712af7ad0eaf46e7406ff23cdc0ea9d/element - {"using":"css selector","value":"#j_username"}
COMMAND: POST /session/4712af7ad0eaf46e7406ff23cdc0ea9d/url - {"url":"https://qa-testing-00-live-etm-ui.cfapps.eu10-004.hana.ondemand.com/"}
RESULT: {"using":"css selector","value":"#j_username"}
COMMAND: POST /session/4712af7ad0eaf46e7406ff23cdc0ea9d/element - {"using":"css selector","value":"#j_username"}
RESULT: {"url":"https://qa-testing-00-live-etm-ui.cfapps.eu10-004.hana.ondemand.com/"}
RESULT: undefined
COMMAND: GET /session/4712af7ad0eaf46e7406ff23cdc0ea9d/screenshot - {}
RESULT: {"using":"css selector","value":"#j_username"}
COMMAND: POST /session/4712af7ad0eaf46e7406ff23cdc0ea9d/element - {"using":"css selector","value":"#shell-header-logo"}
RESULT: {}
RESULT: {"using":"css selector","value":"#shell-header-logo"}
COMMAND: POST /session/4712af7ad0eaf46e7406ff23cdc0ea9d/execute/sync - {"script":"<script> [8489 bytes]","args":[{"element-6066-11e4-a52e-4f735466cecf":"f.791DC57474D669730896E8DA48EFF857.d.7622FA0B1B45D5A4321FD7ED052C2511.e.6335","ELEMENT":"f.791DC57474D669730896E8DA48EFF857.d.7622FA0B1B45D5A4321FD7ED052C2511.e.6335"}]}
RESULT: {"script":"<script> [8489 bytes]","args":[{"element-6066-11e4-a52e-4f735466cecf":"f.791DC57474D669730896E8DA48EFF857.d.7622FA0B1B45D5A4321FD7ED052C2511.e.6335","ELEMENT":"f.791DC57474D669730896E8DA48EFF857.d.7622FA0B1B45D5A4321FD7ED052C2511.e.6335"}]}
COMMAND: POST /session/4712af7ad0eaf46e7406ff23cdc0ea9d/element - {"using":"css selector","value":"#shell-header-logo"}
COMMAND: GET /session/4712af7ad0eaf46e7406ff23cdc0ea9d/screenshot - {}
RESULT: {"using":"css selector","value":"#shell-header-logo"}
COMMAND: POST /session/4712af7ad0eaf46e7406ff23cdc0ea9d/execute/sync - {"script":"<script> [8489 bytes]","args":[{"element-6066-11e4-a52e-4f735466cecf":"f.791DC57474D669730896E8DA48EFF857.d.7622FA0B1B45D5A4321FD7ED052C2511.e.6335","ELEMENT":"f.791DC57474D669730896E8DA48EFF857.d.7622FA0B1B45D5A4321FD7ED052C2511.e.6335"}]}
RESULT: {}
RESULT: {"script":"<script> [8489 bytes]","args":[{"element-6066-11e4-a52e-4f735466cecf":"f.791DC57474D669730896E8DA48EFF857.d.7622FA0B1B45D5A4321FD7ED052C2511.e.6335","ELEMENT":"f.791DC57474D669730896E8DA48EFF857.d.7622FA0B1B45D5A4321FD7ED052C2511.e.6335"}]}
COMMAND: POST /session/4712af7ad0eaf46e7406ff23cdc0ea9d/execute/sync - {"script":"<script> [5351 bytes]","args":[{"element-6066-11e4-a52e-4f735466cecf":"f.791DC57474D669730896E8DA48EFF857.d.7622FA0B1B45D5A4321FD7ED052C2511.e.6335","ELEMENT":"f.791DC57474D669730896E8DA48EFF857.d.7622FA0B1B45D5A4321FD7ED052C2511.e.6335"}]}
COMMAND: GET /session/4712af7ad0eaf46e7406ff23cdc0ea9d/screenshot - {}
RESULT: {"script":"<script> [5351 bytes]","args":[{"element-6066-11e4-a52e-4f735466cecf":"f.791DC57474D669730896E8DA48EFF857.d.7622FA0B1B45D5A4321FD7ED052C2511.e.6335","ELEMENT":"f.791DC57474D669730896E8DA48EFF857.d.7622FA0B1B45D5A4321FD7ED052C2511.e.6335"}]}
COMMAND: POST /session/4712af7ad0eaf46e7406ff23cdc0ea9d/element - {"using":"css selector","value":"#shell-header-logo"}
COMMAND: GET /session/4712af7ad0eaf46e7406ff23cdc0ea9d/screenshot - {}
RESULT: {}
RESULT: {"using":"css selector","value":"#shell-header-logo"}
COMMAND: POST /session/4712af7ad0eaf46e7406ff23cdc0ea9d/element/f.791DC57474D669730896E8DA48EFF857.d.7622FA0B1B45D5A4321FD7ED052C2511.e.6335/click - {}
RESULT: {}
RESULT: {}
COMMAND: GET /session/4712af7ad0eaf46e7406ff23cdc0ea9d/screenshot - {}
RESULT: {}
COMMAND: POST /session/4712af7ad0eaf46e7406ff23cdc0ea9d/execute/async - {"script":"<script> [189 bytes]","args":[]}
RESULT: {"script":"<script> [189 bytes]","args":[]}
COMMAND: POST /session/4712af7ad0eaf46e7406ff23cdc0ea9d/execute/async - {"script":"<script> [123 bytes]","args":[]}
RESULT: {"script":"<script> [123 bytes]","args":[]}
COMMAND: POST /session/4712af7ad0eaf46e7406ff23cdc0ea9d/timeouts - {"script":"<number>"}
RESULT: {"script":"<number>"}
COMMAND: GET /session/4712af7ad0eaf46e7406ff23cdc0ea9d/timeouts - {}
RESULT: {}
RESULT: undefined
COMMAND: POST /session/4712af7ad0eaf46e7406ff23cdc0ea9d/execute/async - {"script":"<script> [2676 bytes]","args":[]}
RESULT: {"script":"<script> [2676 bytes]","args":[]}
COMMAND: POST /session/4712af7ad0eaf46e7406ff23cdc0ea9d/execute/async - {"script":"<script> [2342 bytes]","args":[{"protocol":"http","hostname":"0.0.0.0","path":"/","capabilities":{"browserName":"chrome","goog:chromeOptions":{"binary":"C:\\Program Files\\Google\\Chrome\\Application\\chrome.exe","args":["--start-maximized"]}},"logLevel":"warn","connectionRetryTimeout":120000,"connectionRetryCount":3,"logLevels":{},"enableDirectConnect":true,"strictSSL":true,"_":"65 more keys: [\"cacheDir\",\"port\",\"requestedCapabilities\",\"automationProtocol\",\"baseUrl\",\"waitforInterval\",\"waitforTimeout\",\"onReload\",\"beforeCommand\",\"afterCommand\",\"rootDir\",\"specs\",\"suites\",\"exclude\",\"groupLogsByTestSpec\",\"excludeDriverLogs\",\"bail\",\"framework\",\"reporters\",\"services\",\"maxInstances\",\"maxInstancesPerCapability\",\"injectGlobals\",\"filesToWatch\",\"execArgv\",\"runnerEnv\",\"runner\",\"shard\",\"specFileRetries\",\"specFileRetriesDelay\",\"specFileRetriesDeferred\",\"reporterSyncInterval\",\"reporterSyncTimeout\",\"cucumberFeaturesWithLineNumbers\",\"autoCompileOpts\",\"mochaOpts\",\"jasmineOpts\",\"cucumberOpts\",\"onPrepare\",\"onWorkerStart\",\"onWorkerEnd\",\"before\",\"beforeSession\",\"beforeSuite\",\"beforeHook\",\"beforeTest\",\"afterTest\",\"afterHook\",\"afterSuite\",\"afterSession\",\"after\",\"onComplete\",\"beforeAssertion\",\"afterAssertion\",\"beforeFeature\",\"beforeScenario\",\"beforeStep\",\"afterStep\",\"afterScenario\",\"afterFeature\",\"_\",\"suite\",\"$0\",\"ignoredWorkerServices\",\"wdi5\"]"}]}
RESULT: {"script":"<script> [2342 bytes]","args":[{"protocol":"http","hostname":"0.0.0.0","path":"/","capabilities":{"browserName":"chrome","goog:chromeOptions":{"binary":"C:\\Program Files\\Google\\Chrome\\Application\\chrome.exe","args":["--start-maximized"]}},"logLevel":"warn","connectionRetryTimeout":120000,"connectionRetryCount":3,"logLevels":{},"enableDirectConnect":true,"strictSSL":true,"_":"65 more keys: [\"cacheDir\",\"port\",\"requestedCapabilities\",\"automationProtocol\",\"baseUrl\",\"waitforInterval\",\"waitforTimeout\",\"onReload\",\"beforeCommand\",\"afterCommand\",\"rootDir\",\"specs\",\"suites\",\"exclude\",\"groupLogsByTestSpec\",\"excludeDriverLogs\",\"bail\",\"framework\",\"reporters\",\"services\",\"maxInstances\",\"maxInstancesPerCapability\",\"injectGlobals\",\"filesToWatch\",\"execArgv\",\"runnerEnv\",\"runner\",\"shard\",\"specFileRetries\",\"specFileRetriesDelay\",\"specFileRetriesDeferred\",\"reporterSyncInterval\",\"reporterSyncTimeout\",\"cucumberFeaturesWithLineNumbers\",\"autoCompileOpts\",\"mochaOpts\",\"jasmineOpts\",\"cucumberOpts\",\"onPrepare\",\"onWorkerStart\",\"onWorkerEnd\",\"before\",\"beforeSession\",\"beforeSuite\",\"beforeHook\",\"beforeTest\",\"afterTest\",\"afterHook\",\"afterSuite\",\"afterSession\",\"after\",\"onComplete\",\"beforeAssertion\",\"afterAssertion\",\"beforeFeature\",\"beforeScenario\",\"beforeStep\",\"afterStep\",\"afterScenario\",\"afterFeature\",\"_\",\"suite\",\"$0\",\"ignoredWorkerServices\",\"wdi5\"]"}]}
COMMAND: POST /session/4712af7ad0eaf46e7406ff23cdc0ea9d/execute/async - {"script":"<script> [21126 bytes]","args":[35000]}
RESULT: {"script":"<script> [21126 bytes]","args":[35000]}
COMMAND: POST /session/4712af7ad0eaf46e7406ff23cdc0ea9d/window/maximize - {}
RESULT: {}
COMMAND: POST /session/4712af7ad0eaf46e7406ff23cdc0ea9d/execute/async - {"script":"<script> [1562 bytes]","args":[{"selector":{"id":"shell-header","interaction":{"idSuffix":"icon"}},"wdio_ui5_key":"shellheader"}]}
COMMAND: GET /session/4712af7ad0eaf46e7406ff23cdc0ea9d/screenshot - {}
RESULT: {"script":"<script> [1562 bytes]","args":[{"selector":{"id":"shell-header","interaction":{"idSuffix":"icon"}},"wdio_ui5_key":"shellheader"}]}
RESULT: undefined
COMMAND: POST /session/4712af7ad0eaf46e7406ff23cdc0ea9d/refresh - {}
RESULT: {}
RESULT: {}
COMMAND: GET /session/4712af7ad0eaf46e7406ff23cdc0ea9d/screenshot - {}
RESULT: {}
COMMAND: POST /session/4712af7ad0eaf46e7406ff23cdc0ea9d/refresh - {}
RESULT: {}
COMMAND: GET /session/4712af7ad0eaf46e7406ff23cdc0ea9d/screenshot - {}
RESULT: {}
COMMAND: POST /session/4712af7ad0eaf46e7406ff23cdc0ea9d/window/fullscreen - {}
RESULT: {}
COMMAND: POST /session/4712af7ad0eaf46e7406ff23cdc0ea9d/execute/async - {"script":"<script> [189 bytes]","args":[]}
RESULT: {"script":"<script> [189 bytes]","args":[]}
COMMAND: POST /session/4712af7ad0eaf46e7406ff23cdc0ea9d/execute/async - {"script":"<script> [123 bytes]","args":[]}
RESULT: {"script":"<script> [123 bytes]","args":[]}
COMMAND: POST /session/4712af7ad0eaf46e7406ff23cdc0ea9d/timeouts - {"script":"<number>"}
RESULT: {"script":"<number>"}
COMMAND: GET /session/4712af7ad0eaf46e7406ff23cdc0ea9d/timeouts - {}
RESULT: {}
RESULT: undefined
COMMAND: POST /session/4712af7ad0eaf46e7406ff23cdc0ea9d/execute/async - {"script":"<script> [2676 bytes]","args":[]}
RESULT: {"script":"<script> [2676 bytes]","args":[]}
COMMAND: POST /session/4712af7ad0eaf46e7406ff23cdc0ea9d/execute/async - {"script":"<script> [2342 bytes]","args":[{"protocol":"http","hostname":"0.0.0.0","path":"/","capabilities":{"browserName":"chrome","goog:chromeOptions":{"binary":"C:\\Program Files\\Google\\Chrome\\Application\\chrome.exe","args":["--start-maximized"]}},"logLevel":"warn","connectionRetryTimeout":120000,"connectionRetryCount":3,"logLevels":{},"enableDirectConnect":true,"strictSSL":true,"_":"65 more keys: [\"cacheDir\",\"port\",\"requestedCapabilities\",\"automationProtocol\",\"baseUrl\",\"waitforInterval\",\"waitforTimeout\",\"onReload\",\"beforeCommand\",\"afterCommand\",\"rootDir\",\"specs\",\"suites\",\"exclude\",\"groupLogsByTestSpec\",\"excludeDriverLogs\",\"bail\",\"framework\",\"reporters\",\"services\",\"maxInstances\",\"maxInstancesPerCapability\",\"injectGlobals\",\"filesToWatch\",\"execArgv\",\"runnerEnv\",\"runner\",\"shard\",\"specFileRetries\",\"specFileRetriesDelay\",\"specFileRetriesDeferred\",\"reporterSyncInterval\",\"reporterSyncTimeout\",\"cucumberFeaturesWithLineNumbers\",\"autoCompileOpts\",\"mochaOpts\",\"jasmineOpts\",\"cucumberOpts\",\"onPrepare\",\"onWorkerStart\",\"onWorkerEnd\",\"before\",\"beforeSession\",\"beforeSuite\",\"beforeHook\",\"beforeTest\",\"afterTest\",\"afterHook\",\"afterSuite\",\"afterSession\",\"after\",\"onComplete\",\"beforeAssertion\",\"afterAssertion\",\"beforeFeature\",\"beforeScenario\",\"beforeStep\",\"afterStep\",\"afterScenario\",\"afterFeature\",\"_\",\"suite\",\"$0\",\"ignoredWorkerServices\",\"wdi5\"]"}]}
RESULT: {"script":"<script> [2342 bytes]","args":[{"protocol":"http","hostname":"0.0.0.0","path":"/","capabilities":{"browserName":"chrome","goog:chromeOptions":{"binary":"C:\\Program Files\\Google\\Chrome\\Application\\chrome.exe","args":["--start-maximized"]}},"logLevel":"warn","connectionRetryTimeout":120000,"connectionRetryCount":3,"logLevels":{},"enableDirectConnect":true,"strictSSL":true,"_":"65 more keys: [\"cacheDir\",\"port\",\"requestedCapabilities\",\"automationProtocol\",\"baseUrl\",\"waitforInterval\",\"waitforTimeout\",\"onReload\",\"beforeCommand\",\"afterCommand\",\"rootDir\",\"specs\",\"suites\",\"exclude\",\"groupLogsByTestSpec\",\"excludeDriverLogs\",\"bail\",\"framework\",\"reporters\",\"services\",\"maxInstances\",\"maxInstancesPerCapability\",\"injectGlobals\",\"filesToWatch\",\"execArgv\",\"runnerEnv\",\"runner\",\"shard\",\"specFileRetries\",\"specFileRetriesDelay\",\"specFileRetriesDeferred\",\"reporterSyncInterval\",\"reporterSyncTimeout\",\"cucumberFeaturesWithLineNumbers\",\"autoCompileOpts\",\"mochaOpts\",\"jasmineOpts\",\"cucumberOpts\",\"onPrepare\",\"onWorkerStart\",\"onWorkerEnd\",\"before\",\"beforeSession\",\"beforeSuite\",\"beforeHook\",\"beforeTest\",\"afterTest\",\"afterHook\",\"afterSuite\",\"afterSession\",\"after\",\"onComplete\",\"beforeAssertion\",\"afterAssertion\",\"beforeFeature\",\"beforeScenario\",\"beforeStep\",\"afterStep\",\"afterScenario\",\"afterFeature\",\"_\",\"suite\",\"$0\",\"ignoredWorkerServices\",\"wdi5\"]"}]}
COMMAND: POST /session/4712af7ad0eaf46e7406ff23cdc0ea9d/execute/async - {"script":"<script> [21126 bytes]","args":[35000]}
RESULT: {"script":"<script> [21126 bytes]","args":[35000]}
]]></system-out>
    </testcase>
  </testsuite>
  <testsuite timestamp="2025-04-30T05:53:09" time="1046.618" tests="14" failures="6" errors="6" skipped="0">
    <properties>
      <property name="specId" value="0" />
      <property name="suiteName" value="Create master data for mixed billing &amp; do billing calculation US151661" />
      <property name="capabilities" value="chrome.135_0_7049_96.windows" />
      <property name="file" value="file:///D:/a/1/s/test/specs/BTS/billing-calculation-mixed.spec.js" />
    </properties>
    <testcase classname="chrome.135_0_7049_96.windows.Create_master_data_for_mixed_billing_&amp;_do_billing_calculation_US151661" name="Should create a new yard" time="93.535">
      <system-out><![CDATA[
COMMAND: POST /session/4712af7ad0eaf46e7406ff23cdc0ea9d/window/fullscreen - {}
RESULT: {}
COMMAND: POST /session/4712af7ad0eaf46e7406ff23cdc0ea9d/execute/async - {"script":"<script> [1562 bytes]","args":[{"selector":{"controlType":"sap.m.GenericTile","properties":{"header":"Manage Yards"}},"wdio_ui5_key":"sapm.GenericTile{\"header\":\"Manage Yards\"}"}]}
RESULT: {"script":"<script> [1562 bytes]","args":[{"selector":{"controlType":"sap.m.GenericTile","properties":{"header":"Manage Yards"}},"wdio_ui5_key":"sapm.GenericTile{\"header\":\"Manage Yards\"}"}]}
RESULT: undefined
COMMAND: POST /session/4712af7ad0eaf46e7406ff23cdc0ea9d/element - {"using":"xpath","value":"//*[@id=\"__tile41\"]"}
RESULT: {"using":"xpath","value":"//*[@id=\"__tile41\"]"}
COMMAND: POST /session/4712af7ad0eaf46e7406ff23cdc0ea9d/element/f.791DC57474D669730896E8DA48EFF857.d.EDA88374823535E2346973DDBF8EA3EB.e.6493/click - {}
RESULT: {}
COMMAND: POST /session/4712af7ad0eaf46e7406ff23cdc0ea9d/element - {"using":"xpath","value":"//button[@data-kt=\"addNewYardOverflowToolbarButton\"]"}
COMMAND: GET /session/4712af7ad0eaf46e7406ff23cdc0ea9d/screenshot - {}
RESULT: {"using":"xpath","value":"//button[@data-kt=\"addNewYardOverflowToolbarButton\"]"}
COMMAND: POST /session/4712af7ad0eaf46e7406ff23cdc0ea9d/elements - {"using":"xpath","value":"//button[@data-kt=\"addNewYardOverflowToolbarButton\"]"}
RESULT: {}
RESULT: {"using":"xpath","value":"//button[@data-kt=\"addNewYardOverflowToolbarButton\"]"}
COMMAND: POST /session/4712af7ad0eaf46e7406ff23cdc0ea9d/elements - {"using":"xpath","value":"//button[@data-kt=\"addNewYardOverflowToolbarButton\"]"}
RESULT: {"using":"xpath","value":"//button[@data-kt=\"addNewYardOverflowToolbarButton\"]"}
COMMAND: POST /session/4712af7ad0eaf46e7406ff23cdc0ea9d/elements - {"using":"xpath","value":"//button[@data-kt=\"addNewYardOverflowToolbarButton\"]"}
RESULT: {"using":"xpath","value":"//button[@data-kt=\"addNewYardOverflowToolbarButton\"]"}
COMMAND: POST /session/4712af7ad0eaf46e7406ff23cdc0ea9d/elements - {"using":"xpath","value":"//button[@data-kt=\"addNewYardOverflowToolbarButton\"]"}
RESULT: {"using":"xpath","value":"//button[@data-kt=\"addNewYardOverflowToolbarButton\"]"}
COMMAND: POST /session/4712af7ad0eaf46e7406ff23cdc0ea9d/elements - {"using":"xpath","value":"//button[@data-kt=\"addNewYardOverflowToolbarButton\"]"}
RESULT: {"using":"xpath","value":"//button[@data-kt=\"addNewYardOverflowToolbarButton\"]"}
COMMAND: POST /session/4712af7ad0eaf46e7406ff23cdc0ea9d/elements - {"using":"xpath","value":"//button[@data-kt=\"addNewYardOverflowToolbarButton\"]"}
RESULT: {"using":"xpath","value":"//button[@data-kt=\"addNewYardOverflowToolbarButton\"]"}
COMMAND: POST /session/4712af7ad0eaf46e7406ff23cdc0ea9d/elements - {"using":"xpath","value":"//button[@data-kt=\"addNewYardOverflowToolbarButton\"]"}
RESULT: {"using":"xpath","value":"//button[@data-kt=\"addNewYardOverflowToolbarButton\"]"}
COMMAND: POST /session/4712af7ad0eaf46e7406ff23cdc0ea9d/elements - {"using":"xpath","value":"//button[@data-kt=\"addNewYardOverflowToolbarButton\"]"}
RESULT: {"using":"xpath","value":"//button[@data-kt=\"addNewYardOverflowToolbarButton\"]"}
COMMAND: POST /session/4712af7ad0eaf46e7406ff23cdc0ea9d/elements - {"using":"xpath","value":"//button[@data-kt=\"addNewYardOverflowToolbarButton\"]"}
RESULT: {"using":"xpath","value":"//button[@data-kt=\"addNewYardOverflowToolbarButton\"]"}
COMMAND: POST /session/4712af7ad0eaf46e7406ff23cdc0ea9d/elements - {"using":"xpath","value":"//button[@data-kt=\"addNewYardOverflowToolbarButton\"]"}
RESULT: {"using":"xpath","value":"//button[@data-kt=\"addNewYardOverflowToolbarButton\"]"}
COMMAND: POST /session/4712af7ad0eaf46e7406ff23cdc0ea9d/elements - {"using":"xpath","value":"//button[@data-kt=\"addNewYardOverflowToolbarButton\"]"}
RESULT: {"using":"xpath","value":"//button[@data-kt=\"addNewYardOverflowToolbarButton\"]"}
COMMAND: POST /session/4712af7ad0eaf46e7406ff23cdc0ea9d/elements - {"using":"xpath","value":"//button[@data-kt=\"addNewYardOverflowToolbarButton\"]"}
RESULT: {"using":"xpath","value":"//button[@data-kt=\"addNewYardOverflowToolbarButton\"]"}
COMMAND: POST /session/4712af7ad0eaf46e7406ff23cdc0ea9d/elements - {"using":"xpath","value":"//button[@data-kt=\"addNewYardOverflowToolbarButton\"]"}
RESULT: {"using":"xpath","value":"//button[@data-kt=\"addNewYardOverflowToolbarButton\"]"}
COMMAND: POST /session/4712af7ad0eaf46e7406ff23cdc0ea9d/elements - {"using":"xpath","value":"//button[@data-kt=\"addNewYardOverflowToolbarButton\"]"}
RESULT: {"using":"xpath","value":"//button[@data-kt=\"addNewYardOverflowToolbarButton\"]"}
COMMAND: POST /session/4712af7ad0eaf46e7406ff23cdc0ea9d/elements - {"using":"xpath","value":"//button[@data-kt=\"addNewYardOverflowToolbarButton\"]"}
RESULT: {"using":"xpath","value":"//button[@data-kt=\"addNewYardOverflowToolbarButton\"]"}
COMMAND: POST /session/4712af7ad0eaf46e7406ff23cdc0ea9d/elements - {"using":"xpath","value":"//button[@data-kt=\"addNewYardOverflowToolbarButton\"]"}
RESULT: {"using":"xpath","value":"//button[@data-kt=\"addNewYardOverflowToolbarButton\"]"}
COMMAND: POST /session/4712af7ad0eaf46e7406ff23cdc0ea9d/elements - {"using":"xpath","value":"//button[@data-kt=\"addNewYardOverflowToolbarButton\"]"}
RESULT: {"using":"xpath","value":"//button[@data-kt=\"addNewYardOverflowToolbarButton\"]"}
COMMAND: POST /session/4712af7ad0eaf46e7406ff23cdc0ea9d/elements - {"using":"xpath","value":"//button[@data-kt=\"addNewYardOverflowToolbarButton\"]"}
RESULT: {"using":"xpath","value":"//button[@data-kt=\"addNewYardOverflowToolbarButton\"]"}
COMMAND: POST /session/4712af7ad0eaf46e7406ff23cdc0ea9d/elements - {"using":"xpath","value":"//button[@data-kt=\"addNewYardOverflowToolbarButton\"]"}
RESULT: {"using":"xpath","value":"//button[@data-kt=\"addNewYardOverflowToolbarButton\"]"}
COMMAND: POST /session/4712af7ad0eaf46e7406ff23cdc0ea9d/elements - {"using":"xpath","value":"//button[@data-kt=\"addNewYardOverflowToolbarButton\"]"}
RESULT: {"using":"xpath","value":"//button[@data-kt=\"addNewYardOverflowToolbarButton\"]"}
COMMAND: POST /session/4712af7ad0eaf46e7406ff23cdc0ea9d/elements - {"using":"xpath","value":"//button[@data-kt=\"addNewYardOverflowToolbarButton\"]"}
RESULT: {"using":"xpath","value":"//button[@data-kt=\"addNewYardOverflowToolbarButton\"]"}
COMMAND: POST /session/4712af7ad0eaf46e7406ff23cdc0ea9d/elements - {"using":"xpath","value":"//button[@data-kt=\"addNewYardOverflowToolbarButton\"]"}
RESULT: {"using":"xpath","value":"//button[@data-kt=\"addNewYardOverflowToolbarButton\"]"}
COMMAND: POST /session/4712af7ad0eaf46e7406ff23cdc0ea9d/element - {"using":"xpath","value":"//button[@data-kt=\"addNewYardOverflowToolbarButton\"]"}
RESULT: {"using":"xpath","value":"//button[@data-kt=\"addNewYardOverflowToolbarButton\"]"}
COMMAND: POST /session/4712af7ad0eaf46e7406ff23cdc0ea9d/execute/sync - {"script":"<script> [8489 bytes]","args":[{"element-6066-11e4-a52e-4f735466cecf":"f.791DC57474D669730896E8DA48EFF857.d.EDA88374823535E2346973DDBF8EA3EB.e.6629","ELEMENT":"f.791DC57474D669730896E8DA48EFF857.d.EDA88374823535E2346973DDBF8EA3EB.e.6629"}]}
RESULT: {"script":"<script> [8489 bytes]","args":[{"element-6066-11e4-a52e-4f735466cecf":"f.791DC57474D669730896E8DA48EFF857.d.EDA88374823535E2346973DDBF8EA3EB.e.6629","ELEMENT":"f.791DC57474D669730896E8DA48EFF857.d.EDA88374823535E2346973DDBF8EA3EB.e.6629"}]}
COMMAND: GET /session/4712af7ad0eaf46e7406ff23cdc0ea9d/element/f.791DC57474D669730896E8DA48EFF857.d.EDA88374823535E2346973DDBF8EA3EB.e.6629/enabled - {}
COMMAND: GET /session/4712af7ad0eaf46e7406ff23cdc0ea9d/screenshot - {}
RESULT: {}
COMMAND: POST /session/4712af7ad0eaf46e7406ff23cdc0ea9d/execute/sync - {"script":"<script> [8489 bytes]","args":[{"element-6066-11e4-a52e-4f735466cecf":"f.791DC57474D669730896E8DA48EFF857.d.EDA88374823535E2346973DDBF8EA3EB.e.6629","ELEMENT":"f.791DC57474D669730896E8DA48EFF857.d.EDA88374823535E2346973DDBF8EA3EB.e.6629"}]}
COMMAND: GET /session/4712af7ad0eaf46e7406ff23cdc0ea9d/screenshot - {}
RESULT: {}
RESULT: {"script":"<script> [8489 bytes]","args":[{"element-6066-11e4-a52e-4f735466cecf":"f.791DC57474D669730896E8DA48EFF857.d.EDA88374823535E2346973DDBF8EA3EB.e.6629","ELEMENT":"f.791DC57474D669730896E8DA48EFF857.d.EDA88374823535E2346973DDBF8EA3EB.e.6629"}]}
COMMAND: POST /session/4712af7ad0eaf46e7406ff23cdc0ea9d/execute/sync - {"script":"<script> [5351 bytes]","args":[{"element-6066-11e4-a52e-4f735466cecf":"f.791DC57474D669730896E8DA48EFF857.d.EDA88374823535E2346973DDBF8EA3EB.e.6629","ELEMENT":"f.791DC57474D669730896E8DA48EFF857.d.EDA88374823535E2346973DDBF8EA3EB.e.6629"}]}
COMMAND: GET /session/4712af7ad0eaf46e7406ff23cdc0ea9d/screenshot - {}
RESULT: {}
RESULT: {"script":"<script> [5351 bytes]","args":[{"element-6066-11e4-a52e-4f735466cecf":"f.791DC57474D669730896E8DA48EFF857.d.EDA88374823535E2346973DDBF8EA3EB.e.6629","ELEMENT":"f.791DC57474D669730896E8DA48EFF857.d.EDA88374823535E2346973DDBF8EA3EB.e.6629"}]}
COMMAND: POST /session/4712af7ad0eaf46e7406ff23cdc0ea9d/element/f.791DC57474D669730896E8DA48EFF857.d.EDA88374823535E2346973DDBF8EA3EB.e.6629/click - {}
COMMAND: GET /session/4712af7ad0eaf46e7406ff23cdc0ea9d/screenshot - {}
RESULT: {}
RESULT: {}
COMMAND: GET /session/4712af7ad0eaf46e7406ff23cdc0ea9d/screenshot - {}
COMMAND: POST /session/4712af7ad0eaf46e7406ff23cdc0ea9d/element - {"using":"xpath","value":"//input[@id=\"application-manageyards-display-component---NewYard--yardId-inner\"]"}
RESULT: {}
RESULT: {}
RESULT: {"using":"xpath","value":"//input[@id=\"application-manageyards-display-component---NewYard--yardId-inner\"]"}
COMMAND: POST /session/4712af7ad0eaf46e7406ff23cdc0ea9d/element - {"using":"xpath","value":"//input[@id=\"application-manageyards-display-component---NewYard--yardId-inner\"]"}
RESULT: {"using":"xpath","value":"//input[@id=\"application-manageyards-display-component---NewYard--yardId-inner\"]"}
COMMAND: POST /session/4712af7ad0eaf46e7406ff23cdc0ea9d/execute/async - {"script":"<script> [1562 bytes]","args":[{"selector":{"id":"application-manageyards-display-component---NewYard--addressDetailDetailsName1","interaction":{"idSuffix":"inner"}},"wdio_ui5_key":"applicationmanageyards-display-component---NewYard--addressDetailDetailsName1"}]}
RESULT: {"script":"<script> [1562 bytes]","args":[{"selector":{"id":"application-manageyards-display-component---NewYard--addressDetailDetailsName1","interaction":{"idSuffix":"inner"}},"wdio_ui5_key":"applicationmanageyards-display-component---NewYard--addressDetailDetailsName1"}]}
RESULT: undefined
COMMAND: POST /session/4712af7ad0eaf46e7406ff23cdc0ea9d/execute/async - {"script":"<script> [776 bytes]","args":[{"enterText":"Intercompany Yard wdIO","selector":{"id":"application-manageyards-display-component---NewYard--addressDetailDetailsName1","interaction":{"idSuffix":"inner"}},"clearTextFirst":true,"interactionType":"ENTER_TEXT"}]}
RESULT: {"script":"<script> [776 bytes]","args":[{"enterText":"Intercompany Yard wdIO","selector":{"id":"application-manageyards-display-component---NewYard--addressDetailDetailsName1","interaction":{"idSuffix":"inner"}},"clearTextFirst":true,"interactionType":"ENTER_TEXT"}]}
COMMAND: POST /session/4712af7ad0eaf46e7406ff23cdc0ea9d/execute/async - {"script":"<script> [1562 bytes]","args":[{"selector":{"id":"application-manageyards-display-component---NewYard--addressDetailDetailsLanguage-arrow"},"wdio_ui5_key":"applicationmanageyards-display-component---NewYard--addressDetailDetailsLanguage-arrow"}]}
RESULT: {"script":"<script> [1562 bytes]","args":[{"selector":{"id":"application-manageyards-display-component---NewYard--addressDetailDetailsLanguage-arrow"},"wdio_ui5_key":"applicationmanageyards-display-component---NewYard--addressDetailDetailsLanguage-arrow"}]}
RESULT: undefined
COMMAND: POST /session/4712af7ad0eaf46e7406ff23cdc0ea9d/element - {"using":"xpath","value":"//*[@id=\"application-manageyards-display-component---NewYard--addressDetailDetailsLanguage-arrow\"]"}
RESULT: {"using":"xpath","value":"//*[@id=\"application-manageyards-display-component---NewYard--addressDetailDetailsLanguage-arrow\"]"}
COMMAND: POST /session/4712af7ad0eaf46e7406ff23cdc0ea9d/element/f.791DC57474D669730896E8DA48EFF857.d.EDA88374823535E2346973DDBF8EA3EB.e.7067/click - {}
RESULT: {}
COMMAND: POST /session/4712af7ad0eaf46e7406ff23cdc0ea9d/element - {"using":"xpath","value":"//span[contains(text(), \"English\")]"}
COMMAND: GET /session/4712af7ad0eaf46e7406ff23cdc0ea9d/screenshot - {}
RESULT: {"using":"xpath","value":"//span[contains(text(), \"English\")]"}
COMMAND: POST /session/4712af7ad0eaf46e7406ff23cdc0ea9d/element/f.791DC57474D669730896E8DA48EFF857.d.EDA88374823535E2346973DDBF8EA3EB.e.7068/click - {}
RESULT: {}
RESULT: {}
COMMAND: POST /session/4712af7ad0eaf46e7406ff23cdc0ea9d/execute/async - {"script":"<script> [1562 bytes]","args":[{"selector":{"id":"application-manageyards-display-component---NewYard--addressDetailDetailsCity1","interaction":{"idSuffix":"inner"}},"wdio_ui5_key":"applicationmanageyards-display-component---NewYard--addressDetailDetailsCity1"}]}
COMMAND: GET /session/4712af7ad0eaf46e7406ff23cdc0ea9d/screenshot - {}
RESULT: {"script":"<script> [1562 bytes]","args":[{"selector":{"id":"application-manageyards-display-component---NewYard--addressDetailDetailsCity1","interaction":{"idSuffix":"inner"}},"wdio_ui5_key":"applicationmanageyards-display-component---NewYard--addressDetailDetailsCity1"}]}
RESULT: undefined
COMMAND: POST /session/4712af7ad0eaf46e7406ff23cdc0ea9d/execute/async - {"script":"<script> [776 bytes]","args":[{"enterText":"Rosario","selector":{"id":"application-manageyards-display-component---NewYard--addressDetailDetailsCity1","interaction":{"idSuffix":"inner"}},"clearTextFirst":true,"interactionType":"ENTER_TEXT"}]}
RESULT: {}
RESULT: {"script":"<script> [776 bytes]","args":[{"enterText":"Rosario","selector":{"id":"application-manageyards-display-component---NewYard--addressDetailDetailsCity1","interaction":{"idSuffix":"inner"}},"clearTextFirst":true,"interactionType":"ENTER_TEXT"}]}
COMMAND: POST /session/4712af7ad0eaf46e7406ff23cdc0ea9d/execute/async - {"script":"<script> [1562 bytes]","args":[{"selector":{"id":"application-manageyards-display-component---NewYard--addressDetailDetailsCountry-arrow"},"wdio_ui5_key":"applicationmanageyards-display-component---NewYard--addressDetailDetailsCountry-arrow"}]}
RESULT: {"script":"<script> [1562 bytes]","args":[{"selector":{"id":"application-manageyards-display-component---NewYard--addressDetailDetailsCountry-arrow"},"wdio_ui5_key":"applicationmanageyards-display-component---NewYard--addressDetailDetailsCountry-arrow"}]}
RESULT: undefined
COMMAND: POST /session/4712af7ad0eaf46e7406ff23cdc0ea9d/element - {"using":"xpath","value":"//*[@id=\"application-manageyards-display-component---NewYard--addressDetailDetailsCountry-arrow\"]"}
RESULT: {"using":"xpath","value":"//*[@id=\"application-manageyards-display-component---NewYard--addressDetailDetailsCountry-arrow\"]"}
COMMAND: POST /session/4712af7ad0eaf46e7406ff23cdc0ea9d/element/f.791DC57474D669730896E8DA48EFF857.d.EDA88374823535E2346973DDBF8EA3EB.e.7070/click - {}
RESULT: {}
COMMAND: POST /session/4712af7ad0eaf46e7406ff23cdc0ea9d/element - {"using":"xpath","value":"//span[contains(text(), \"Argentina\")]"}
COMMAND: GET /session/4712af7ad0eaf46e7406ff23cdc0ea9d/screenshot - {}
RESULT: {"using":"xpath","value":"//span[contains(text(), \"Argentina\")]"}
COMMAND: POST /session/4712af7ad0eaf46e7406ff23cdc0ea9d/element/f.791DC57474D669730896E8DA48EFF857.d.EDA88374823535E2346973DDBF8EA3EB.e.7071/click - {}
RESULT: {}
RESULT: {}
COMMAND: POST /session/4712af7ad0eaf46e7406ff23cdc0ea9d/execute/async - {"script":"<script> [1562 bytes]","args":[{"selector":{"id":"application-manageyards-display-component---NewYard--addressEditDetailsCostObjectCstType-arrow"},"wdio_ui5_key":"applicationmanageyards-display-component---NewYard--addressEditDetailsCostObjectCstType-arrow"}]}
COMMAND: GET /session/4712af7ad0eaf46e7406ff23cdc0ea9d/screenshot - {}
RESULT: {"script":"<script> [1562 bytes]","args":[{"selector":{"id":"application-manageyards-display-component---NewYard--addressEditDetailsCostObjectCstType-arrow"},"wdio_ui5_key":"applicationmanageyards-display-component---NewYard--addressEditDetailsCostObjectCstType-arrow"}]}
RESULT: undefined
COMMAND: POST /session/4712af7ad0eaf46e7406ff23cdc0ea9d/element - {"using":"xpath","value":"//*[@id=\"application-manageyards-display-component---NewYard--addressEditDetailsCostObjectCstType-arrow\"]"}
RESULT: {}
RESULT: {"using":"xpath","value":"//*[@id=\"application-manageyards-display-component---NewYard--addressEditDetailsCostObjectCstType-arrow\"]"}
COMMAND: POST /session/4712af7ad0eaf46e7406ff23cdc0ea9d/element/f.791DC57474D669730896E8DA48EFF857.d.EDA88374823535E2346973DDBF8EA3EB.e.7073/click - {}
RESULT: {}
COMMAND: POST /session/4712af7ad0eaf46e7406ff23cdc0ea9d/element - {"using":"xpath","value":"//span[contains(text(), \"Cost Center\")]"}
COMMAND: GET /session/4712af7ad0eaf46e7406ff23cdc0ea9d/screenshot - {}
RESULT: {"using":"xpath","value":"//span[contains(text(), \"Cost Center\")]"}
COMMAND: POST /session/4712af7ad0eaf46e7406ff23cdc0ea9d/element/f.791DC57474D669730896E8DA48EFF857.d.EDA88374823535E2346973DDBF8EA3EB.e.7074/click - {}
RESULT: {}
RESULT: {}
COMMAND: GET /session/4712af7ad0eaf46e7406ff23cdc0ea9d/screenshot - {}
RESULT: {}
COMMAND: POST /session/4712af7ad0eaf46e7406ff23cdc0ea9d/element - {"using":"xpath","value":"//span[@id=\"application-manageyards-display-component---NewYard--addressNewCostObjectCstID-vhi\"]"}
RESULT: {"using":"xpath","value":"//span[@id=\"application-manageyards-display-component---NewYard--addressNewCostObjectCstID-vhi\"]"}
COMMAND: POST /session/4712af7ad0eaf46e7406ff23cdc0ea9d/execute/sync - {"script":"<script> [8489 bytes]","args":[{"element-6066-11e4-a52e-4f735466cecf":"f.791DC57474D669730896E8DA48EFF857.d.EDA88374823535E2346973DDBF8EA3EB.e.7078","ELEMENT":"f.791DC57474D669730896E8DA48EFF857.d.EDA88374823535E2346973DDBF8EA3EB.e.7078"}]}
RESULT: {"script":"<script> [8489 bytes]","args":[{"element-6066-11e4-a52e-4f735466cecf":"f.791DC57474D669730896E8DA48EFF857.d.EDA88374823535E2346973DDBF8EA3EB.e.7078","ELEMENT":"f.791DC57474D669730896E8DA48EFF857.d.EDA88374823535E2346973DDBF8EA3EB.e.7078"}]}
COMMAND: POST /session/4712af7ad0eaf46e7406ff23cdc0ea9d/execute/async - {"script":"<script> [1562 bytes]","args":[{"selector":{"id":"application-manageyards-display-component---NewYard--addressNewCostObjectCstID-vhi"},"wdio_ui5_key":"applicationmanageyards-display-component---NewYard--addressNewCostObjectCstID-vhi"}]}
COMMAND: GET /session/4712af7ad0eaf46e7406ff23cdc0ea9d/screenshot - {}
RESULT: {"script":"<script> [1562 bytes]","args":[{"selector":{"id":"application-manageyards-display-component---NewYard--addressNewCostObjectCstID-vhi"},"wdio_ui5_key":"applicationmanageyards-display-component---NewYard--addressNewCostObjectCstID-vhi"}]}
RESULT: undefined
COMMAND: POST /session/4712af7ad0eaf46e7406ff23cdc0ea9d/element - {"using":"xpath","value":"//*[@id=\"application-manageyards-display-component---NewYard--addressNewCostObjectCstID-vhi\"]"}
RESULT: {}
RESULT: {"using":"xpath","value":"//*[@id=\"application-manageyards-display-component---NewYard--addressNewCostObjectCstID-vhi\"]"}
COMMAND: POST /session/4712af7ad0eaf46e7406ff23cdc0ea9d/element/f.791DC57474D669730896E8DA48EFF857.d.EDA88374823535E2346973DDBF8EA3EB.e.7078/click - {}
RESULT: {}
COMMAND: GET /session/4712af7ad0eaf46e7406ff23cdc0ea9d/screenshot - {}
RESULT: {}
COMMAND: POST /session/4712af7ad0eaf46e7406ff23cdc0ea9d/execute/async - {"script":"<script> [1562 bytes]","args":[{"selector":{"controlType":"sap.m.SearchField","properties":{"placeholder":"Search"},"searchOpenDialogs":true,"interaction":{"idSuffix":"I"}},"wdio_ui5_key":"sapm.SearchField{\"placeholder\":\"Search\"}"}]}
RESULT: {"script":"<script> [1562 bytes]","args":[{"selector":{"controlType":"sap.m.SearchField","properties":{"placeholder":"Search"},"searchOpenDialogs":true,"interaction":{"idSuffix":"I"}},"wdio_ui5_key":"sapm.SearchField{\"placeholder\":\"Search\"}"}]}
RESULT: undefined
COMMAND: POST /session/4712af7ad0eaf46e7406ff23cdc0ea9d/execute/async - {"script":"<script> [776 bytes]","args":[{"enterText":"10001013","selector":{"controlType":"sap.m.SearchField","properties":{"placeholder":"Search"},"searchOpenDialogs":true,"interaction":{"idSuffix":"I"}},"clearTextFirst":true,"interactionType":"ENTER_TEXT"}]}
RESULT: {"script":"<script> [776 bytes]","args":[{"enterText":"10001013","selector":{"controlType":"sap.m.SearchField","properties":{"placeholder":"Search"},"searchOpenDialogs":true,"interaction":{"idSuffix":"I"}},"clearTextFirst":true,"interactionType":"ENTER_TEXT"}]}
COMMAND: POST /session/4712af7ad0eaf46e7406ff23cdc0ea9d/actions - {"actions":[{"id":"action20","type":"key","parameters":{},"actions":[{"type":"keyDown","value":"î€‡"},{"type":"pause","duration":10},{"type":"keyUp","value":"î€‡"}]}]}
RESULT: {"actions":[{"id":"action20","type":"key","parameters":{},"actions":[{"type":"keyDown","value":"î€‡"},{"type":"pause","duration":10},{"type":"keyUp","value":"î€‡"}]}]}
COMMAND: GET /session/4712af7ad0eaf46e7406ff23cdc0ea9d/screenshot - {}
RESULT: {}
COMMAND: POST /session/4712af7ad0eaf46e7406ff23cdc0ea9d/element - {"using":"xpath","value":"//span[contains(text(), \"General Management\")]"}
RESULT: {"using":"xpath","value":"//span[contains(text(), \"General Management\")]"}
COMMAND: POST /session/4712af7ad0eaf46e7406ff23cdc0ea9d/element/f.791DC57474D669730896E8DA48EFF857.d.EDA88374823535E2346973DDBF8EA3EB.e.7118/click - {}
RESULT: {}
COMMAND: GET /session/4712af7ad0eaf46e7406ff23cdc0ea9d/screenshot - {}
RESULT: {}
COMMAND: POST /session/4712af7ad0eaf46e7406ff23cdc0ea9d/element - {"using":"xpath","value":"//bdi[contains(text(), \"OK\")]"}
RESULT: {"using":"xpath","value":"//bdi[contains(text(), \"OK\")]"}
COMMAND: POST /session/4712af7ad0eaf46e7406ff23cdc0ea9d/element/f.791DC57474D669730896E8DA48EFF857.d.EDA88374823535E2346973DDBF8EA3EB.e.7119/click - {}
RESULT: {}
COMMAND: GET /session/4712af7ad0eaf46e7406ff23cdc0ea9d/screenshot - {}
RESULT: {}
COMMAND: POST /session/4712af7ad0eaf46e7406ff23cdc0ea9d/execute/async - {"script":"<script> [1562 bytes]","args":[{"selector":{"id":"application-manageyards-display-component---NewYard--addressEditDetailsCurrency-arrow"},"wdio_ui5_key":"applicationmanageyards-display-component---NewYard--addressEditDetailsCurrency-arrow"}]}
RESULT: {"script":"<script> [1562 bytes]","args":[{"selector":{"id":"application-manageyards-display-component---NewYard--addressEditDetailsCurrency-arrow"},"wdio_ui5_key":"applicationmanageyards-display-component---NewYard--addressEditDetailsCurrency-arrow"}]}
RESULT: undefined
COMMAND: POST /session/4712af7ad0eaf46e7406ff23cdc0ea9d/element - {"using":"xpath","value":"//*[@id=\"application-manageyards-display-component---NewYard--addressEditDetailsCurrency-arrow\"]"}
RESULT: {"using":"xpath","value":"//*[@id=\"application-manageyards-display-component---NewYard--addressEditDetailsCurrency-arrow\"]"}
COMMAND: POST /session/4712af7ad0eaf46e7406ff23cdc0ea9d/element/f.791DC57474D669730896E8DA48EFF857.d.EDA88374823535E2346973DDBF8EA3EB.e.7122/click - {}
RESULT: {}
COMMAND: POST /session/4712af7ad0eaf46e7406ff23cdc0ea9d/element - {"using":"xpath","value":"//span[contains(text(), \"Euro\")]"}
COMMAND: GET /session/4712af7ad0eaf46e7406ff23cdc0ea9d/screenshot - {}
RESULT: {"using":"xpath","value":"//span[contains(text(), \"Euro\")]"}
COMMAND: POST /session/4712af7ad0eaf46e7406ff23cdc0ea9d/element/f.791DC57474D669730896E8DA48EFF857.d.EDA88374823535E2346973DDBF8EA3EB.e.7123/click - {}
RESULT: {}
RESULT: {}
COMMAND: POST /session/4712af7ad0eaf46e7406ff23cdc0ea9d/execute/async - {"script":"<script> [1562 bytes]","args":[{"selector":{"controlType":"sap.m.Input","viewName":"etm.portal.ui.manageyards.view.New","viewId":"application-manageyards-display-component---NewYard","bindingPath":{"path":"","propertyPath":"/CONTROLLING_AREA","modelName":"NewYardModel"},"interaction":{"idSuffix":"inner"}},"wdio_ui5_key":"etmportal.ui.manageyards.view.Newsap.m.Input{\"path\":\"\",\"propertyPath\":\"/CONTROLLING_AREA\",\"modelName\":\"NewYardModel\"}"}]}
COMMAND: GET /session/4712af7ad0eaf46e7406ff23cdc0ea9d/screenshot - {}
RESULT: {"script":"<script> [1562 bytes]","args":[{"selector":{"controlType":"sap.m.Input","viewName":"etm.portal.ui.manageyards.view.New","viewId":"application-manageyards-display-component---NewYard","bindingPath":{"path":"","propertyPath":"/CONTROLLING_AREA","modelName":"NewYardModel"},"interaction":{"idSuffix":"inner"}},"wdio_ui5_key":"etmportal.ui.manageyards.view.Newsap.m.Input{\"path\":\"\",\"propertyPath\":\"/CONTROLLING_AREA\",\"modelName\":\"NewYardModel\"}"}]}
RESULT: undefined
COMMAND: POST /session/4712af7ad0eaf46e7406ff23cdc0ea9d/execute/async - {"script":"<script> [776 bytes]","args":[{"enterText":"Z001","selector":{"controlType":"sap.m.Input","viewName":"etm.portal.ui.manageyards.view.New","viewId":"application-manageyards-display-component---NewYard","bindingPath":{"path":"","propertyPath":"/CONTROLLING_AREA","modelName":"NewYardModel"},"interaction":{"idSuffix":"inner"}},"clearTextFirst":true,"interactionType":"ENTER_TEXT"}]}
RESULT: {}
RESULT: {"script":"<script> [776 bytes]","args":[{"enterText":"Z001","selector":{"controlType":"sap.m.Input","viewName":"etm.portal.ui.manageyards.view.New","viewId":"application-manageyards-display-component---NewYard","bindingPath":{"path":"","propertyPath":"/CONTROLLING_AREA","modelName":"NewYardModel"},"interaction":{"idSuffix":"inner"}},"clearTextFirst":true,"interactionType":"ENTER_TEXT"}]}
COMMAND: POST /session/4712af7ad0eaf46e7406ff23cdc0ea9d/execute/async - {"script":"<script> [1562 bytes]","args":[{"selector":{"id":"application-manageyards-display-component---NewYard--companyCodeComboBox","interaction":{"idSuffix":"inner"}},"wdio_ui5_key":"applicationmanageyards-display-component---NewYard--companyCodeComboBox"}]}
RESULT: {"script":"<script> [1562 bytes]","args":[{"selector":{"id":"application-manageyards-display-component---NewYard--companyCodeComboBox","interaction":{"idSuffix":"inner"}},"wdio_ui5_key":"applicationmanageyards-display-component---NewYard--companyCodeComboBox"}]}
RESULT: undefined
COMMAND: POST /session/4712af7ad0eaf46e7406ff23cdc0ea9d/execute/async - {"script":"<script> [776 bytes]","args":[{"enterText":"1000","selector":{"id":"application-manageyards-display-component---NewYard--companyCodeComboBox","interaction":{"idSuffix":"inner"}},"clearTextFirst":true,"interactionType":"ENTER_TEXT"}]}
RESULT: {"script":"<script> [776 bytes]","args":[{"enterText":"1000","selector":{"id":"application-manageyards-display-component---NewYard--companyCodeComboBox","interaction":{"idSuffix":"inner"}},"clearTextFirst":true,"interactionType":"ENTER_TEXT"}]}
COMMAND: POST /session/4712af7ad0eaf46e7406ff23cdc0ea9d/execute/async - {"script":"<script> [1562 bytes]","args":[{"selector":{"controlType":"sap.m.Input","viewName":"etm.portal.ui.manageyards.view.New","viewId":"application-manageyards-display-component---NewYard","bindingPath":{"path":"","propertyPath":"/PLANT","modelName":"NewYardModel"},"interaction":{"idSuffix":"inner"}},"wdio_ui5_key":"etmportal.ui.manageyards.view.Newsap.m.Input{\"path\":\"\",\"propertyPath\":\"/PLANT\",\"modelName\":\"NewYardModel\"}"}]}
RESULT: {"script":"<script> [1562 bytes]","args":[{"selector":{"controlType":"sap.m.Input","viewName":"etm.portal.ui.manageyards.view.New","viewId":"application-manageyards-display-component---NewYard","bindingPath":{"path":"","propertyPath":"/PLANT","modelName":"NewYardModel"},"interaction":{"idSuffix":"inner"}},"wdio_ui5_key":"etmportal.ui.manageyards.view.Newsap.m.Input{\"path\":\"\",\"propertyPath\":\"/PLANT\",\"modelName\":\"NewYardModel\"}"}]}
RESULT: undefined
COMMAND: POST /session/4712af7ad0eaf46e7406ff23cdc0ea9d/execute/async - {"script":"<script> [776 bytes]","args":[{"enterText":"1001","selector":{"controlType":"sap.m.Input","viewName":"etm.portal.ui.manageyards.view.New","viewId":"application-manageyards-display-component---NewYard","bindingPath":{"path":"","propertyPath":"/PLANT","modelName":"NewYardModel"},"interaction":{"idSuffix":"inner"}},"clearTextFirst":true,"interactionType":"ENTER_TEXT"}]}
RESULT: {"script":"<script> [776 bytes]","args":[{"enterText":"1001","selector":{"controlType":"sap.m.Input","viewName":"etm.portal.ui.manageyards.view.New","viewId":"application-manageyards-display-component---NewYard","bindingPath":{"path":"","propertyPath":"/PLANT","modelName":"NewYardModel"},"interaction":{"idSuffix":"inner"}},"clearTextFirst":true,"interactionType":"ENTER_TEXT"}]}
COMMAND: POST /session/4712af7ad0eaf46e7406ff23cdc0ea9d/execute/async - {"script":"<script> [1562 bytes]","args":[{"selector":{"controlType":"sap.m.Input","viewName":"etm.portal.ui.manageyards.view.New","viewId":"application-manageyards-display-component---NewYard","bindingPath":{"path":"","propertyPath":"/SALES_AREA_VKORG","modelName":"NewYardModel"},"interaction":{"idSuffix":"inner"}},"wdio_ui5_key":"etmportal.ui.manageyards.view.Newsap.m.Input{\"path\":\"\",\"propertyPath\":\"/SALES_AREA_VKORG\",\"modelName\":\"NewYardModel\"}"}]}
RESULT: {"script":"<script> [1562 bytes]","args":[{"selector":{"controlType":"sap.m.Input","viewName":"etm.portal.ui.manageyards.view.New","viewId":"application-manageyards-display-component---NewYard","bindingPath":{"path":"","propertyPath":"/SALES_AREA_VKORG","modelName":"NewYardModel"},"interaction":{"idSuffix":"inner"}},"wdio_ui5_key":"etmportal.ui.manageyards.view.Newsap.m.Input{\"path\":\"\",\"propertyPath\":\"/SALES_AREA_VKORG\",\"modelName\":\"NewYardModel\"}"}]}
RESULT: undefined
COMMAND: POST /session/4712af7ad0eaf46e7406ff23cdc0ea9d/execute/async - {"script":"<script> [776 bytes]","args":[{"enterText":"C002","selector":{"controlType":"sap.m.Input","viewName":"etm.portal.ui.manageyards.view.New","viewId":"application-manageyards-display-component---NewYard","bindingPath":{"path":"","propertyPath":"/SALES_AREA_VKORG","modelName":"NewYardModel"},"interaction":{"idSuffix":"inner"}},"clearTextFirst":true,"interactionType":"ENTER_TEXT"}]}
RESULT: {"script":"<script> [776 bytes]","args":[{"enterText":"C002","selector":{"controlType":"sap.m.Input","viewName":"etm.portal.ui.manageyards.view.New","viewId":"application-manageyards-display-component---NewYard","bindingPath":{"path":"","propertyPath":"/SALES_AREA_VKORG","modelName":"NewYardModel"},"interaction":{"idSuffix":"inner"}},"clearTextFirst":true,"interactionType":"ENTER_TEXT"}]}
COMMAND: POST /session/4712af7ad0eaf46e7406ff23cdc0ea9d/execute/async - {"script":"<script> [1562 bytes]","args":[{"selector":{"controlType":"sap.m.Input","viewName":"etm.portal.ui.manageyards.view.New","viewId":"application-manageyards-display-component---NewYard","bindingPath":{"path":"","propertyPath":"/SALES_AREA_VTWEG","modelName":"NewYardModel"},"interaction":{"idSuffix":"inner"}},"wdio_ui5_key":"etmportal.ui.manageyards.view.Newsap.m.Input{\"path\":\"\",\"propertyPath\":\"/SALES_AREA_VTWEG\",\"modelName\":\"NewYardModel\"}"}]}
RESULT: {"script":"<script> [1562 bytes]","args":[{"selector":{"controlType":"sap.m.Input","viewName":"etm.portal.ui.manageyards.view.New","viewId":"application-manageyards-display-component---NewYard","bindingPath":{"path":"","propertyPath":"/SALES_AREA_VTWEG","modelName":"NewYardModel"},"interaction":{"idSuffix":"inner"}},"wdio_ui5_key":"etmportal.ui.manageyards.view.Newsap.m.Input{\"path\":\"\",\"propertyPath\":\"/SALES_AREA_VTWEG\",\"modelName\":\"NewYardModel\"}"}]}
RESULT: undefined
COMMAND: POST /session/4712af7ad0eaf46e7406ff23cdc0ea9d/execute/async - {"script":"<script> [776 bytes]","args":[{"enterText":"C2","selector":{"controlType":"sap.m.Input","viewName":"etm.portal.ui.manageyards.view.New","viewId":"application-manageyards-display-component---NewYard","bindingPath":{"path":"","propertyPath":"/SALES_AREA_VTWEG","modelName":"NewYardModel"},"interaction":{"idSuffix":"inner"}},"clearTextFirst":true,"interactionType":"ENTER_TEXT"}]}
RESULT: {"script":"<script> [776 bytes]","args":[{"enterText":"C2","selector":{"controlType":"sap.m.Input","viewName":"etm.portal.ui.manageyards.view.New","viewId":"application-manageyards-display-component---NewYard","bindingPath":{"path":"","propertyPath":"/SALES_AREA_VTWEG","modelName":"NewYardModel"},"interaction":{"idSuffix":"inner"}},"clearTextFirst":true,"interactionType":"ENTER_TEXT"}]}
COMMAND: POST /session/4712af7ad0eaf46e7406ff23cdc0ea9d/execute/async - {"script":"<script> [1562 bytes]","args":[{"selector":{"controlType":"sap.m.Input","viewName":"etm.portal.ui.manageyards.view.New","viewId":"application-manageyards-display-component---NewYard","bindingPath":{"path":"","propertyPath":"/SALES_AREA_SPART","modelName":"NewYardModel"},"interaction":{"idSuffix":"inner"}},"wdio_ui5_key":"etmportal.ui.manageyards.view.Newsap.m.Input{\"path\":\"\",\"propertyPath\":\"/SALES_AREA_SPART\",\"modelName\":\"NewYardModel\"}"}]}
RESULT: {"script":"<script> [1562 bytes]","args":[{"selector":{"controlType":"sap.m.Input","viewName":"etm.portal.ui.manageyards.view.New","viewId":"application-manageyards-display-component---NewYard","bindingPath":{"path":"","propertyPath":"/SALES_AREA_SPART","modelName":"NewYardModel"},"interaction":{"idSuffix":"inner"}},"wdio_ui5_key":"etmportal.ui.manageyards.view.Newsap.m.Input{\"path\":\"\",\"propertyPath\":\"/SALES_AREA_SPART\",\"modelName\":\"NewYardModel\"}"}]}
RESULT: undefined
COMMAND: POST /session/4712af7ad0eaf46e7406ff23cdc0ea9d/execute/async - {"script":"<script> [776 bytes]","args":[{"enterText":"C2","selector":{"controlType":"sap.m.Input","viewName":"etm.portal.ui.manageyards.view.New","viewId":"application-manageyards-display-component---NewYard","bindingPath":{"path":"","propertyPath":"/SALES_AREA_SPART","modelName":"NewYardModel"},"interaction":{"idSuffix":"inner"}},"clearTextFirst":true,"interactionType":"ENTER_TEXT"}]}
RESULT: {"script":"<script> [776 bytes]","args":[{"enterText":"C2","selector":{"controlType":"sap.m.Input","viewName":"etm.portal.ui.manageyards.view.New","viewId":"application-manageyards-display-component---NewYard","bindingPath":{"path":"","propertyPath":"/SALES_AREA_SPART","modelName":"NewYardModel"},"interaction":{"idSuffix":"inner"}},"clearTextFirst":true,"interactionType":"ENTER_TEXT"}]}
COMMAND: POST /session/4712af7ad0eaf46e7406ff23cdc0ea9d/execute/async - {"script":"<script> [1562 bytes]","args":[{"selector":{"controlType":"sap.m.Input","viewName":"etm.portal.ui.manageyards.view.New","viewId":"application-manageyards-display-component---NewYard","bindingPath":{"path":"","propertyPath":"/SHIP_POINT","modelName":"NewYardModel"},"interaction":{"idSuffix":"inner"}},"wdio_ui5_key":"etmportal.ui.manageyards.view.Newsap.m.Input{\"path\":\"\",\"propertyPath\":\"/SHIP_POINT\",\"modelName\":\"NewYardModel\"}"}]}
RESULT: {"script":"<script> [1562 bytes]","args":[{"selector":{"controlType":"sap.m.Input","viewName":"etm.portal.ui.manageyards.view.New","viewId":"application-manageyards-display-component---NewYard","bindingPath":{"path":"","propertyPath":"/SHIP_POINT","modelName":"NewYardModel"},"interaction":{"idSuffix":"inner"}},"wdio_ui5_key":"etmportal.ui.manageyards.view.Newsap.m.Input{\"path\":\"\",\"propertyPath\":\"/SHIP_POINT\",\"modelName\":\"NewYardModel\"}"}]}
RESULT: undefined
COMMAND: POST /session/4712af7ad0eaf46e7406ff23cdc0ea9d/execute/async - {"script":"<script> [776 bytes]","args":[{"enterText":"1710","selector":{"controlType":"sap.m.Input","viewName":"etm.portal.ui.manageyards.view.New","viewId":"application-manageyards-display-component---NewYard","bindingPath":{"path":"","propertyPath":"/SHIP_POINT","modelName":"NewYardModel"},"interaction":{"idSuffix":"inner"}},"clearTextFirst":true,"interactionType":"ENTER_TEXT"}]}
RESULT: {"script":"<script> [776 bytes]","args":[{"enterText":"1710","selector":{"controlType":"sap.m.Input","viewName":"etm.portal.ui.manageyards.view.New","viewId":"application-manageyards-display-component---NewYard","bindingPath":{"path":"","propertyPath":"/SHIP_POINT","modelName":"NewYardModel"},"interaction":{"idSuffix":"inner"}},"clearTextFirst":true,"interactionType":"ENTER_TEXT"}]}
COMMAND: POST /session/4712af7ad0eaf46e7406ff23cdc0ea9d/execute/async - {"script":"<script> [1562 bytes]","args":[{"selector":{"controlType":"sap.m.Input","viewName":"etm.portal.ui.manageyards.view.New","viewId":"application-manageyards-display-component---NewYard","bindingPath":{"path":"","propertyPath":"/DELIVERY_TYPE","modelName":"NewYardModel"},"interaction":{"idSuffix":"inner"}},"wdio_ui5_key":"etmportal.ui.manageyards.view.Newsap.m.Input{\"path\":\"\",\"propertyPath\":\"/DELIVERY_TYPE\",\"modelName\":\"NewYardModel\"}"}]}
RESULT: {"script":"<script> [1562 bytes]","args":[{"selector":{"controlType":"sap.m.Input","viewName":"etm.portal.ui.manageyards.view.New","viewId":"application-manageyards-display-component---NewYard","bindingPath":{"path":"","propertyPath":"/DELIVERY_TYPE","modelName":"NewYardModel"},"interaction":{"idSuffix":"inner"}},"wdio_ui5_key":"etmportal.ui.manageyards.view.Newsap.m.Input{\"path\":\"\",\"propertyPath\":\"/DELIVERY_TYPE\",\"modelName\":\"NewYardModel\"}"}]}
RESULT: undefined
COMMAND: POST /session/4712af7ad0eaf46e7406ff23cdc0ea9d/execute/async - {"script":"<script> [776 bytes]","args":[{"enterText":"ZL01","selector":{"controlType":"sap.m.Input","viewName":"etm.portal.ui.manageyards.view.New","viewId":"application-manageyards-display-component---NewYard","bindingPath":{"path":"","propertyPath":"/DELIVERY_TYPE","modelName":"NewYardModel"},"interaction":{"idSuffix":"inner"}},"clearTextFirst":true,"interactionType":"ENTER_TEXT"}]}
RESULT: {"script":"<script> [776 bytes]","args":[{"enterText":"ZL01","selector":{"controlType":"sap.m.Input","viewName":"etm.portal.ui.manageyards.view.New","viewId":"application-manageyards-display-component---NewYard","bindingPath":{"path":"","propertyPath":"/DELIVERY_TYPE","modelName":"NewYardModel"},"interaction":{"idSuffix":"inner"}},"clearTextFirst":true,"interactionType":"ENTER_TEXT"}]}
COMMAND: POST /session/4712af7ad0eaf46e7406ff23cdc0ea9d/execute/async - {"script":"<script> [1562 bytes]","args":[{"selector":{"controlType":"sap.m.Input","viewName":"etm.portal.ui.manageyards.view.New","viewId":"application-manageyards-display-component---NewYard","bindingPath":{"path":"","propertyPath":"/AUART","modelName":"NewYardModel"},"interaction":{"idSuffix":"inner"}},"wdio_ui5_key":"etmportal.ui.manageyards.view.Newsap.m.Input{\"path\":\"\",\"propertyPath\":\"/AUART\",\"modelName\":\"NewYardModel\"}"}]}
RESULT: {"script":"<script> [1562 bytes]","args":[{"selector":{"controlType":"sap.m.Input","viewName":"etm.portal.ui.manageyards.view.New","viewId":"application-manageyards-display-component---NewYard","bindingPath":{"path":"","propertyPath":"/AUART","modelName":"NewYardModel"},"interaction":{"idSuffix":"inner"}},"wdio_ui5_key":"etmportal.ui.manageyards.view.Newsap.m.Input{\"path\":\"\",\"propertyPath\":\"/AUART\",\"modelName\":\"NewYardModel\"}"}]}
RESULT: undefined
COMMAND: POST /session/4712af7ad0eaf46e7406ff23cdc0ea9d/execute/async - {"script":"<script> [776 bytes]","args":[{"enterText":"TA","selector":{"controlType":"sap.m.Input","viewName":"etm.portal.ui.manageyards.view.New","viewId":"application-manageyards-display-component---NewYard","bindingPath":{"path":"","propertyPath":"/AUART","modelName":"NewYardModel"},"interaction":{"idSuffix":"inner"}},"clearTextFirst":true,"interactionType":"ENTER_TEXT"}]}
RESULT: {"script":"<script> [776 bytes]","args":[{"enterText":"TA","selector":{"controlType":"sap.m.Input","viewName":"etm.portal.ui.manageyards.view.New","viewId":"application-manageyards-display-component---NewYard","bindingPath":{"path":"","propertyPath":"/AUART","modelName":"NewYardModel"},"interaction":{"idSuffix":"inner"}},"clearTextFirst":true,"interactionType":"ENTER_TEXT"}]}
COMMAND: POST /session/4712af7ad0eaf46e7406ff23cdc0ea9d/element - {"using":"xpath","value":"//button[@data-kt=\"newYardSaveButton\"]"}
RESULT: {"using":"xpath","value":"//button[@data-kt=\"newYardSaveButton\"]"}
COMMAND: POST /session/4712af7ad0eaf46e7406ff23cdc0ea9d/element/f.791DC57474D669730896E8DA48EFF857.d.EDA88374823535E2346973DDBF8EA3EB.e.7051/click - {}
RESULT: {}
COMMAND: GET /session/4712af7ad0eaf46e7406ff23cdc0ea9d/screenshot - {}
RESULT: {}
COMMAND: POST /session/4712af7ad0eaf46e7406ff23cdc0ea9d/element - {"using":"xpath","value":"//header[contains(@id, 'ObjectPageLayout-headerTitle')]/div[1]/div[2]/div[1]/span[1]"}
RESULT: {"using":"xpath","value":"//header[contains(@id, 'ObjectPageLayout-headerTitle')]/div[1]/div[2]/div[1]/span[1]"}
COMMAND: POST /session/4712af7ad0eaf46e7406ff23cdc0ea9d/elements - {"using":"xpath","value":"//header[contains(@id, 'ObjectPageLayout-headerTitle')]/div[1]/div[2]/div[1]/span[1]"}
RESULT: {"using":"xpath","value":"//header[contains(@id, 'ObjectPageLayout-headerTitle')]/div[1]/div[2]/div[1]/span[1]"}
COMMAND: POST /session/4712af7ad0eaf46e7406ff23cdc0ea9d/execute/sync - {"script":"<script> [56 bytes]","args":[{"element-6066-11e4-a52e-4f735466cecf":"f.791DC57474D669730896E8DA48EFF857.d.EDA88374823535E2346973DDBF8EA3EB.e.7349","ELEMENT":"f.791DC57474D669730896E8DA48EFF857.d.EDA88374823535E2346973DDBF8EA3EB.e.7349"}]}
RESULT: {"script":"<script> [56 bytes]","args":[{"element-6066-11e4-a52e-4f735466cecf":"f.791DC57474D669730896E8DA48EFF857.d.EDA88374823535E2346973DDBF8EA3EB.e.7349","ELEMENT":"f.791DC57474D669730896E8DA48EFF857.d.EDA88374823535E2346973DDBF8EA3EB.e.7349"}]}
COMMAND: GET /session/4712af7ad0eaf46e7406ff23cdc0ea9d/screenshot - {}
RESULT: {}
COMMAND: POST /session/4712af7ad0eaf46e7406ff23cdc0ea9d/element - {"using":"css selector","value":"#shell-header-logo"}
RESULT: {"using":"css selector","value":"#shell-header-logo"}
COMMAND: POST /session/4712af7ad0eaf46e7406ff23cdc0ea9d/element/f.791DC57474D669730896E8DA48EFF857.d.EDA88374823535E2346973DDBF8EA3EB.e.6596/click - {}
RESULT: {}
COMMAND: GET /session/4712af7ad0eaf46e7406ff23cdc0ea9d/screenshot - {}
RESULT: {}
COMMAND: POST /session/4712af7ad0eaf46e7406ff23cdc0ea9d/execute/sync - {"script":"<script> [299 bytes]","args":[["getModel","getResource"]]}
RESULT: {"script":"<script> [299 bytes]","args":[["getModel","getResource"]]}
COMMAND: GET /session/4712af7ad0eaf46e7406ff23cdc0ea9d/screenshot - {}
]]></system-out>
    </testcase>
    <testcase classname="chrome.135_0_7049_96.windows.Create_master_data_for_mixed_billing_&amp;_do_billing_calculation_US151661" name="Should create a new partner" time="111.028">
      <system-out><![CDATA[
COMMAND: POST /session/4712af7ad0eaf46e7406ff23cdc0ea9d/window/fullscreen - {}
RESULT: {}
RESULT: {}
COMMAND: POST /session/4712af7ad0eaf46e7406ff23cdc0ea9d/execute/async - {"script":"<script> [1562 bytes]","args":[{"selector":{"controlType":"sap.m.GenericTile","properties":{"header":"Manage Partners"}},"wdio_ui5_key":"sapm.GenericTile{\"header\":\"Manage Partners\"}"}]}
RESULT: {"script":"<script> [1562 bytes]","args":[{"selector":{"controlType":"sap.m.GenericTile","properties":{"header":"Manage Partners"}},"wdio_ui5_key":"sapm.GenericTile{\"header\":\"Manage Partners\"}"}]}
RESULT: undefined
COMMAND: POST /session/4712af7ad0eaf46e7406ff23cdc0ea9d/element - {"using":"xpath","value":"//*[@id=\"__tile38\"]"}
RESULT: {"using":"xpath","value":"//*[@id=\"__tile38\"]"}
COMMAND: POST /session/4712af7ad0eaf46e7406ff23cdc0ea9d/element/f.791DC57474D669730896E8DA48EFF857.d.EDA88374823535E2346973DDBF8EA3EB.e.6484/click - {}
RESULT: {}
COMMAND: POST /session/4712af7ad0eaf46e7406ff23cdc0ea9d/element - {"using":"xpath","value":"//button[@data-kt=\"addButton\"]"}
COMMAND: GET /session/4712af7ad0eaf46e7406ff23cdc0ea9d/screenshot - {}
RESULT: {"using":"xpath","value":"//button[@data-kt=\"addButton\"]"}
COMMAND: POST /session/4712af7ad0eaf46e7406ff23cdc0ea9d/elements - {"using":"xpath","value":"//button[@data-kt=\"addButton\"]"}
RESULT: {}
RESULT: {"using":"xpath","value":"//button[@data-kt=\"addButton\"]"}
COMMAND: POST /session/4712af7ad0eaf46e7406ff23cdc0ea9d/elements - {"using":"xpath","value":"//button[@data-kt=\"addButton\"]"}
RESULT: {"using":"xpath","value":"//button[@data-kt=\"addButton\"]"}
COMMAND: POST /session/4712af7ad0eaf46e7406ff23cdc0ea9d/elements - {"using":"xpath","value":"//button[@data-kt=\"addButton\"]"}
RESULT: {"using":"xpath","value":"//button[@data-kt=\"addButton\"]"}
COMMAND: POST /session/4712af7ad0eaf46e7406ff23cdc0ea9d/elements - {"using":"xpath","value":"//button[@data-kt=\"addButton\"]"}
RESULT: {"using":"xpath","value":"//button[@data-kt=\"addButton\"]"}
COMMAND: POST /session/4712af7ad0eaf46e7406ff23cdc0ea9d/elements - {"using":"xpath","value":"//button[@data-kt=\"addButton\"]"}
RESULT: {"using":"xpath","value":"//button[@data-kt=\"addButton\"]"}
COMMAND: POST /session/4712af7ad0eaf46e7406ff23cdc0ea9d/elements - {"using":"xpath","value":"//button[@data-kt=\"addButton\"]"}
RESULT: {"using":"xpath","value":"//button[@data-kt=\"addButton\"]"}
COMMAND: POST /session/4712af7ad0eaf46e7406ff23cdc0ea9d/elements - {"using":"xpath","value":"//button[@data-kt=\"addButton\"]"}
RESULT: {"using":"xpath","value":"//button[@data-kt=\"addButton\"]"}
COMMAND: POST /session/4712af7ad0eaf46e7406ff23cdc0ea9d/elements - {"using":"xpath","value":"//button[@data-kt=\"addButton\"]"}
RESULT: {"using":"xpath","value":"//button[@data-kt=\"addButton\"]"}
COMMAND: POST /session/4712af7ad0eaf46e7406ff23cdc0ea9d/elements - {"using":"xpath","value":"//button[@data-kt=\"addButton\"]"}
RESULT: {"using":"xpath","value":"//button[@data-kt=\"addButton\"]"}
COMMAND: POST /session/4712af7ad0eaf46e7406ff23cdc0ea9d/elements - {"using":"xpath","value":"//button[@data-kt=\"addButton\"]"}
RESULT: {"using":"xpath","value":"//button[@data-kt=\"addButton\"]"}
COMMAND: POST /session/4712af7ad0eaf46e7406ff23cdc0ea9d/elements - {"using":"xpath","value":"//button[@data-kt=\"addButton\"]"}
RESULT: {"using":"xpath","value":"//button[@data-kt=\"addButton\"]"}
COMMAND: POST /session/4712af7ad0eaf46e7406ff23cdc0ea9d/elements - {"using":"xpath","value":"//button[@data-kt=\"addButton\"]"}
RESULT: {"using":"xpath","value":"//button[@data-kt=\"addButton\"]"}
COMMAND: POST /session/4712af7ad0eaf46e7406ff23cdc0ea9d/elements - {"using":"xpath","value":"//button[@data-kt=\"addButton\"]"}
RESULT: {"using":"xpath","value":"//button[@data-kt=\"addButton\"]"}
COMMAND: POST /session/4712af7ad0eaf46e7406ff23cdc0ea9d/elements - {"using":"xpath","value":"//button[@data-kt=\"addButton\"]"}
RESULT: {"using":"xpath","value":"//button[@data-kt=\"addButton\"]"}
COMMAND: POST /session/4712af7ad0eaf46e7406ff23cdc0ea9d/elements - {"using":"xpath","value":"//button[@data-kt=\"addButton\"]"}
RESULT: {"using":"xpath","value":"//button[@data-kt=\"addButton\"]"}
COMMAND: POST /session/4712af7ad0eaf46e7406ff23cdc0ea9d/elements - {"using":"xpath","value":"//button[@data-kt=\"addButton\"]"}
RESULT: {"using":"xpath","value":"//button[@data-kt=\"addButton\"]"}
COMMAND: POST /session/4712af7ad0eaf46e7406ff23cdc0ea9d/element - {"using":"xpath","value":"//button[@data-kt=\"addButton\"]"}
RESULT: {"using":"xpath","value":"//button[@data-kt=\"addButton\"]"}
COMMAND: POST /session/4712af7ad0eaf46e7406ff23cdc0ea9d/execute/sync - {"script":"<script> [8489 bytes]","args":[{"element-6066-11e4-a52e-4f735466cecf":"f.791DC57474D669730896E8DA48EFF857.d.EDA88374823535E2346973DDBF8EA3EB.e.7387","ELEMENT":"f.791DC57474D669730896E8DA48EFF857.d.EDA88374823535E2346973DDBF8EA3EB.e.7387"}]}
RESULT: {"script":"<script> [8489 bytes]","args":[{"element-6066-11e4-a52e-4f735466cecf":"f.791DC57474D669730896E8DA48EFF857.d.EDA88374823535E2346973DDBF8EA3EB.e.7387","ELEMENT":"f.791DC57474D669730896E8DA48EFF857.d.EDA88374823535E2346973DDBF8EA3EB.e.7387"}]}
COMMAND: GET /session/4712af7ad0eaf46e7406ff23cdc0ea9d/element/f.791DC57474D669730896E8DA48EFF857.d.EDA88374823535E2346973DDBF8EA3EB.e.7387/enabled - {}
COMMAND: GET /session/4712af7ad0eaf46e7406ff23cdc0ea9d/screenshot - {}
RESULT: {}
COMMAND: POST /session/4712af7ad0eaf46e7406ff23cdc0ea9d/execute/sync - {"script":"<script> [8489 bytes]","args":[{"element-6066-11e4-a52e-4f735466cecf":"f.791DC57474D669730896E8DA48EFF857.d.EDA88374823535E2346973DDBF8EA3EB.e.7387","ELEMENT":"f.791DC57474D669730896E8DA48EFF857.d.EDA88374823535E2346973DDBF8EA3EB.e.7387"}]}
COMMAND: GET /session/4712af7ad0eaf46e7406ff23cdc0ea9d/screenshot - {}
RESULT: {}
RESULT: {}
RESULT: {"script":"<script> [8489 bytes]","args":[{"element-6066-11e4-a52e-4f735466cecf":"f.791DC57474D669730896E8DA48EFF857.d.EDA88374823535E2346973DDBF8EA3EB.e.7387","ELEMENT":"f.791DC57474D669730896E8DA48EFF857.d.EDA88374823535E2346973DDBF8EA3EB.e.7387"}]}
COMMAND: POST /session/4712af7ad0eaf46e7406ff23cdc0ea9d/execute/sync - {"script":"<script> [5351 bytes]","args":[{"element-6066-11e4-a52e-4f735466cecf":"f.791DC57474D669730896E8DA48EFF857.d.EDA88374823535E2346973DDBF8EA3EB.e.7387","ELEMENT":"f.791DC57474D669730896E8DA48EFF857.d.EDA88374823535E2346973DDBF8EA3EB.e.7387"}]}
COMMAND: GET /session/4712af7ad0eaf46e7406ff23cdc0ea9d/screenshot - {}
RESULT: {"script":"<script> [5351 bytes]","args":[{"element-6066-11e4-a52e-4f735466cecf":"f.791DC57474D669730896E8DA48EFF857.d.EDA88374823535E2346973DDBF8EA3EB.e.7387","ELEMENT":"f.791DC57474D669730896E8DA48EFF857.d.EDA88374823535E2346973DDBF8EA3EB.e.7387"}]}
COMMAND: POST /session/4712af7ad0eaf46e7406ff23cdc0ea9d/element/f.791DC57474D669730896E8DA48EFF857.d.EDA88374823535E2346973DDBF8EA3EB.e.7387/click - {}
COMMAND: GET /session/4712af7ad0eaf46e7406ff23cdc0ea9d/screenshot - {}
RESULT: {}
RESULT: {}
COMMAND: GET /session/4712af7ad0eaf46e7406ff23cdc0ea9d/screenshot - {}
COMMAND: POST /session/4712af7ad0eaf46e7406ff23cdc0ea9d/execute/async - {"script":"<script> [1562 bytes]","args":[{"selector":{"id":"application-managepartners-display-component---NewPartner--addressDetailDetailsName1","interaction":{"idSuffix":"inner"}},"wdio_ui5_key":"applicationmanagepartners-display-component---NewPartner--addressDetailDetailsName1"}]}
RESULT: {}
RESULT: {}
RESULT: {"script":"<script> [1562 bytes]","args":[{"selector":{"id":"application-managepartners-display-component---NewPartner--addressDetailDetailsName1","interaction":{"idSuffix":"inner"}},"wdio_ui5_key":"applicationmanagepartners-display-component---NewPartner--addressDetailDetailsName1"}]}
RESULT: undefined
COMMAND: POST /session/4712af7ad0eaf46e7406ff23cdc0ea9d/execute/async - {"script":"<script> [776 bytes]","args":[{"enterText":"Intercompany Partner WDIO","selector":{"id":"application-managepartners-display-component---NewPartner--addressDetailDetailsName1","interaction":{"idSuffix":"inner"}},"clearTextFirst":true,"interactionType":"ENTER_TEXT"}]}
RESULT: {"script":"<script> [776 bytes]","args":[{"enterText":"Intercompany Partner WDIO","selector":{"id":"application-managepartners-display-component---NewPartner--addressDetailDetailsName1","interaction":{"idSuffix":"inner"}},"clearTextFirst":true,"interactionType":"ENTER_TEXT"}]}
COMMAND: POST /session/4712af7ad0eaf46e7406ff23cdc0ea9d/execute/async - {"script":"<script> [1562 bytes]","args":[{"selector":{"id":"application-managepartners-display-component---NewPartner--addressDetailDetailsLanguage-arrow"},"wdio_ui5_key":"applicationmanagepartners-display-component---NewPartner--addressDetailDetailsLanguage-arrow"}]}
RESULT: {"script":"<script> [1562 bytes]","args":[{"selector":{"id":"application-managepartners-display-component---NewPartner--addressDetailDetailsLanguage-arrow"},"wdio_ui5_key":"applicationmanagepartners-display-component---NewPartner--addressDetailDetailsLanguage-arrow"}]}
RESULT: undefined
COMMAND: POST /session/4712af7ad0eaf46e7406ff23cdc0ea9d/element - {"using":"xpath","value":"//*[@id=\"application-managepartners-display-component---NewPartner--addressDetailDetailsLanguage-arrow\"]"}
RESULT: {"using":"xpath","value":"//*[@id=\"application-managepartners-display-component---NewPartner--addressDetailDetailsLanguage-arrow\"]"}
COMMAND: POST /session/4712af7ad0eaf46e7406ff23cdc0ea9d/element/f.791DC57474D669730896E8DA48EFF857.d.EDA88374823535E2346973DDBF8EA3EB.e.7834/click - {}
RESULT: {}
COMMAND: POST /session/4712af7ad0eaf46e7406ff23cdc0ea9d/element - {"using":"xpath","value":"//span[contains(text(), \"English\")]"}
COMMAND: GET /session/4712af7ad0eaf46e7406ff23cdc0ea9d/screenshot - {}
RESULT: {"using":"xpath","value":"//span[contains(text(), \"English\")]"}
COMMAND: POST /session/4712af7ad0eaf46e7406ff23cdc0ea9d/element/f.791DC57474D669730896E8DA48EFF857.d.EDA88374823535E2346973DDBF8EA3EB.e.7835/click - {}
RESULT: {}
RESULT: {}
COMMAND: GET /session/4712af7ad0eaf46e7406ff23cdc0ea9d/screenshot - {}
RESULT: {}
COMMAND: POST /session/4712af7ad0eaf46e7406ff23cdc0ea9d/execute/async - {"script":"<script> [1562 bytes]","args":[{"selector":{"id":"application-managepartners-display-component---NewPartner--addressDetailDetailsCity1","interaction":{"idSuffix":"inner"}},"wdio_ui5_key":"applicationmanagepartners-display-component---NewPartner--addressDetailDetailsCity1"}]}
RESULT: {"script":"<script> [1562 bytes]","args":[{"selector":{"id":"application-managepartners-display-component---NewPartner--addressDetailDetailsCity1","interaction":{"idSuffix":"inner"}},"wdio_ui5_key":"applicationmanagepartners-display-component---NewPartner--addressDetailDetailsCity1"}]}
RESULT: undefined
COMMAND: POST /session/4712af7ad0eaf46e7406ff23cdc0ea9d/execute/async - {"script":"<script> [776 bytes]","args":[{"enterText":"Rosario","selector":{"id":"application-managepartners-display-component---NewPartner--addressDetailDetailsCity1","interaction":{"idSuffix":"inner"}},"clearTextFirst":true,"interactionType":"ENTER_TEXT"}]}
RESULT: {"script":"<script> [776 bytes]","args":[{"enterText":"Rosario","selector":{"id":"application-managepartners-display-component---NewPartner--addressDetailDetailsCity1","interaction":{"idSuffix":"inner"}},"clearTextFirst":true,"interactionType":"ENTER_TEXT"}]}
COMMAND: POST /session/4712af7ad0eaf46e7406ff23cdc0ea9d/execute/async - {"script":"<script> [1562 bytes]","args":[{"selector":{"id":"application-managepartners-display-component---NewPartner--addressDetailDetailsCountry-arrow"},"wdio_ui5_key":"applicationmanagepartners-display-component---NewPartner--addressDetailDetailsCountry-arrow"}]}
RESULT: {"script":"<script> [1562 bytes]","args":[{"selector":{"id":"application-managepartners-display-component---NewPartner--addressDetailDetailsCountry-arrow"},"wdio_ui5_key":"applicationmanagepartners-display-component---NewPartner--addressDetailDetailsCountry-arrow"}]}
RESULT: undefined
COMMAND: POST /session/4712af7ad0eaf46e7406ff23cdc0ea9d/element - {"using":"xpath","value":"//*[@id=\"application-managepartners-display-component---NewPartner--addressDetailDetailsCountry-arrow\"]"}
RESULT: {"using":"xpath","value":"//*[@id=\"application-managepartners-display-component---NewPartner--addressDetailDetailsCountry-arrow\"]"}
COMMAND: POST /session/4712af7ad0eaf46e7406ff23cdc0ea9d/element/f.791DC57474D669730896E8DA48EFF857.d.EDA88374823535E2346973DDBF8EA3EB.e.7814/click - {}
RESULT: {}
COMMAND: POST /session/4712af7ad0eaf46e7406ff23cdc0ea9d/element - {"using":"xpath","value":"//span[contains(text(), \"Argentina\")]"}
COMMAND: GET /session/4712af7ad0eaf46e7406ff23cdc0ea9d/screenshot - {}
RESULT: {"using":"xpath","value":"//span[contains(text(), \"Argentina\")]"}
COMMAND: POST /session/4712af7ad0eaf46e7406ff23cdc0ea9d/element/f.791DC57474D669730896E8DA48EFF857.d.EDA88374823535E2346973DDBF8EA3EB.e.7837/click - {}
RESULT: {}
RESULT: {}
COMMAND: GET /session/4712af7ad0eaf46e7406ff23cdc0ea9d/screenshot - {}
RESULT: {}
COMMAND: POST /session/4712af7ad0eaf46e7406ff23cdc0ea9d/element - {"using":"xpath","value":"//bdi[contains(text(), \"Commercial\")]"}
RESULT: {"using":"xpath","value":"//bdi[contains(text(), \"Commercial\")]"}
COMMAND: POST /session/4712af7ad0eaf46e7406ff23cdc0ea9d/element/f.791DC57474D669730896E8DA48EFF857.d.EDA88374823535E2346973DDBF8EA3EB.e.7838/click - {}
RESULT: {}
COMMAND: GET /session/4712af7ad0eaf46e7406ff23cdc0ea9d/screenshot - {}
RESULT: {}
COMMAND: POST /session/4712af7ad0eaf46e7406ff23cdc0ea9d/execute/async - {"script":"<script> [1562 bytes]","args":[{"selector":{"id":"application-managepartners-display-component---NewPartner--partnerDetailInternal-arrow"},"wdio_ui5_key":"applicationmanagepartners-display-component---NewPartner--partnerDetailInternal-arrow"}]}
RESULT: {"script":"<script> [1562 bytes]","args":[{"selector":{"id":"application-managepartners-display-component---NewPartner--partnerDetailInternal-arrow"},"wdio_ui5_key":"applicationmanagepartners-display-component---NewPartner--partnerDetailInternal-arrow"}]}
RESULT: undefined
COMMAND: POST /session/4712af7ad0eaf46e7406ff23cdc0ea9d/element - {"using":"xpath","value":"//*[@id=\"application-managepartners-display-component---NewPartner--partnerDetailInternal-arrow\"]"}
RESULT: {"using":"xpath","value":"//*[@id=\"application-managepartners-display-component---NewPartner--partnerDetailInternal-arrow\"]"}
COMMAND: POST /session/4712af7ad0eaf46e7406ff23cdc0ea9d/element/f.791DC57474D669730896E8DA48EFF857.d.EDA88374823535E2346973DDBF8EA3EB.e.7844/click - {}
RESULT: {}
COMMAND: POST /session/4712af7ad0eaf46e7406ff23cdc0ea9d/element - {"using":"xpath","value":"//span[contains(text(), \"Affiliated company\")]"}
COMMAND: GET /session/4712af7ad0eaf46e7406ff23cdc0ea9d/screenshot - {}
RESULT: {"using":"xpath","value":"//span[contains(text(), \"Affiliated company\")]"}
COMMAND: POST /session/4712af7ad0eaf46e7406ff23cdc0ea9d/element/f.791DC57474D669730896E8DA48EFF857.d.EDA88374823535E2346973DDBF8EA3EB.e.7846/click - {}
RESULT: {}
RESULT: {}
COMMAND: POST /session/4712af7ad0eaf46e7406ff23cdc0ea9d/execute/async - {"script":"<script> [1562 bytes]","args":[{"selector":{"id":"application-managepartners-display-component---NewPartner--partnerDetailsCurrency-arrow"},"wdio_ui5_key":"applicationmanagepartners-display-component---NewPartner--partnerDetailsCurrency-arrow"}]}
COMMAND: GET /session/4712af7ad0eaf46e7406ff23cdc0ea9d/screenshot - {}
RESULT: {"script":"<script> [1562 bytes]","args":[{"selector":{"id":"application-managepartners-display-component---NewPartner--partnerDetailsCurrency-arrow"},"wdio_ui5_key":"applicationmanagepartners-display-component---NewPartner--partnerDetailsCurrency-arrow"}]}
RESULT: undefined
COMMAND: POST /session/4712af7ad0eaf46e7406ff23cdc0ea9d/element - {"using":"xpath","value":"//*[@id=\"application-managepartners-display-component---NewPartner--partnerDetailsCurrency-arrow\"]"}
RESULT: {}
RESULT: {"using":"xpath","value":"//*[@id=\"application-managepartners-display-component---NewPartner--partnerDetailsCurrency-arrow\"]"}
COMMAND: POST /session/4712af7ad0eaf46e7406ff23cdc0ea9d/element/f.791DC57474D669730896E8DA48EFF857.d.EDA88374823535E2346973DDBF8EA3EB.e.7853/click - {}
RESULT: {}
COMMAND: POST /session/4712af7ad0eaf46e7406ff23cdc0ea9d/element - {"using":"xpath","value":"//span[contains(text(), \"Euro\")]"}
COMMAND: GET /session/4712af7ad0eaf46e7406ff23cdc0ea9d/screenshot - {}
RESULT: {"using":"xpath","value":"//span[contains(text(), \"Euro\")]"}
COMMAND: POST /session/4712af7ad0eaf46e7406ff23cdc0ea9d/element/f.791DC57474D669730896E8DA48EFF857.d.EDA88374823535E2346973DDBF8EA3EB.e.7854/click - {}
RESULT: {}
RESULT: {}
COMMAND: POST /session/4712af7ad0eaf46e7406ff23cdc0ea9d/execute/async - {"script":"<script> [1562 bytes]","args":[{"selector":{"id":"application-managepartners-display-component---NewPartner--addressEditDetailsCostObjectCstType-arrow"},"wdio_ui5_key":"applicationmanagepartners-display-component---NewPartner--addressEditDetailsCostObjectCstType-arrow"}]}
COMMAND: GET /session/4712af7ad0eaf46e7406ff23cdc0ea9d/screenshot - {}
RESULT: {"script":"<script> [1562 bytes]","args":[{"selector":{"id":"application-managepartners-display-component---NewPartner--addressEditDetailsCostObjectCstType-arrow"},"wdio_ui5_key":"applicationmanagepartners-display-component---NewPartner--addressEditDetailsCostObjectCstType-arrow"}]}
RESULT: undefined
COMMAND: POST /session/4712af7ad0eaf46e7406ff23cdc0ea9d/element - {"using":"xpath","value":"//*[@id=\"application-managepartners-display-component---NewPartner--addressEditDetailsCostObjectCstType-arrow\"]"}
RESULT: {}
RESULT: {"using":"xpath","value":"//*[@id=\"application-managepartners-display-component---NewPartner--addressEditDetailsCostObjectCstType-arrow\"]"}
COMMAND: POST /session/4712af7ad0eaf46e7406ff23cdc0ea9d/element/f.791DC57474D669730896E8DA48EFF857.d.EDA88374823535E2346973DDBF8EA3EB.e.7855/click - {}
RESULT: {}
COMMAND: POST /session/4712af7ad0eaf46e7406ff23cdc0ea9d/element - {"using":"xpath","value":"//span[contains(text(), \"Cost Center\")]"}
COMMAND: GET /session/4712af7ad0eaf46e7406ff23cdc0ea9d/screenshot - {}
RESULT: {"using":"xpath","value":"//span[contains(text(), \"Cost Center\")]"}
COMMAND: POST /session/4712af7ad0eaf46e7406ff23cdc0ea9d/element/f.791DC57474D669730896E8DA48EFF857.d.EDA88374823535E2346973DDBF8EA3EB.e.7856/click - {}
RESULT: {}
RESULT: {}
COMMAND: GET /session/4712af7ad0eaf46e7406ff23cdc0ea9d/screenshot - {}
RESULT: {}
COMMAND: POST /session/4712af7ad0eaf46e7406ff23cdc0ea9d/element - {"using":"xpath","value":"//span[@id=\"application-managepartners-display-component---NewPartner--addressNewCostObjectCstID-vhi\"]"}
RESULT: {"using":"xpath","value":"//span[@id=\"application-managepartners-display-component---NewPartner--addressNewCostObjectCstID-vhi\"]"}
COMMAND: POST /session/4712af7ad0eaf46e7406ff23cdc0ea9d/execute/sync - {"script":"<script> [8489 bytes]","args":[{"element-6066-11e4-a52e-4f735466cecf":"f.791DC57474D669730896E8DA48EFF857.d.EDA88374823535E2346973DDBF8EA3EB.e.7860","ELEMENT":"f.791DC57474D669730896E8DA48EFF857.d.EDA88374823535E2346973DDBF8EA3EB.e.7860"}]}
RESULT: {"script":"<script> [8489 bytes]","args":[{"element-6066-11e4-a52e-4f735466cecf":"f.791DC57474D669730896E8DA48EFF857.d.EDA88374823535E2346973DDBF8EA3EB.e.7860","ELEMENT":"f.791DC57474D669730896E8DA48EFF857.d.EDA88374823535E2346973DDBF8EA3EB.e.7860"}]}
COMMAND: POST /session/4712af7ad0eaf46e7406ff23cdc0ea9d/execute/async - {"script":"<script> [1562 bytes]","args":[{"selector":{"id":"application-managepartners-display-component---NewPartner--addressNewCostObjectCstID-vhi"},"wdio_ui5_key":"applicationmanagepartners-display-component---NewPartner--addressNewCostObjectCstID-vhi"}]}
COMMAND: GET /session/4712af7ad0eaf46e7406ff23cdc0ea9d/screenshot - {}
RESULT: {"script":"<script> [1562 bytes]","args":[{"selector":{"id":"application-managepartners-display-component---NewPartner--addressNewCostObjectCstID-vhi"},"wdio_ui5_key":"applicationmanagepartners-display-component---NewPartner--addressNewCostObjectCstID-vhi"}]}
RESULT: undefined
COMMAND: POST /session/4712af7ad0eaf46e7406ff23cdc0ea9d/element - {"using":"xpath","value":"//*[@id=\"application-managepartners-display-component---NewPartner--addressNewCostObjectCstID-vhi\"]"}
RESULT: {}
RESULT: {"using":"xpath","value":"//*[@id=\"application-managepartners-display-component---NewPartner--addressNewCostObjectCstID-vhi\"]"}
COMMAND: POST /session/4712af7ad0eaf46e7406ff23cdc0ea9d/element/f.791DC57474D669730896E8DA48EFF857.d.EDA88374823535E2346973DDBF8EA3EB.e.7860/click - {}
RESULT: {}
COMMAND: GET /session/4712af7ad0eaf46e7406ff23cdc0ea9d/screenshot - {}
RESULT: {}
RESULT: undefined
COMMAND: POST /session/4712af7ad0eaf46e7406ff23cdc0ea9d/execute/async - {"script":"<script> [776 bytes]","args":[{"enterText":"10001013","selector":{"controlType":"sap.m.SearchField","properties":{"placeholder":"Search"},"searchOpenDialogs":true,"interaction":{"idSuffix":"I"}},"clearTextFirst":true,"interactionType":"ENTER_TEXT"}]}
RESULT: {"script":"<script> [776 bytes]","args":[{"enterText":"10001013","selector":{"controlType":"sap.m.SearchField","properties":{"placeholder":"Search"},"searchOpenDialogs":true,"interaction":{"idSuffix":"I"}},"clearTextFirst":true,"interactionType":"ENTER_TEXT"}]}
COMMAND: POST /session/4712af7ad0eaf46e7406ff23cdc0ea9d/actions - {"actions":[{"id":"action21","type":"key","parameters":{},"actions":[{"type":"keyDown","value":"î€‡"},{"type":"pause","duration":10},{"type":"keyUp","value":"î€‡"}]}]}
RESULT: {"actions":[{"id":"action21","type":"key","parameters":{},"actions":[{"type":"keyDown","value":"î€‡"},{"type":"pause","duration":10},{"type":"keyUp","value":"î€‡"}]}]}
COMMAND: GET /session/4712af7ad0eaf46e7406ff23cdc0ea9d/screenshot - {}
RESULT: {}
COMMAND: POST /session/4712af7ad0eaf46e7406ff23cdc0ea9d/element - {"using":"xpath","value":"//span[contains(text(), \"General Management\")]"}
RESULT: {"using":"xpath","value":"//span[contains(text(), \"General Management\")]"}
COMMAND: POST /session/4712af7ad0eaf46e7406ff23cdc0ea9d/element/f.791DC57474D669730896E8DA48EFF857.d.EDA88374823535E2346973DDBF8EA3EB.e.7900/click - {}
RESULT: {}
COMMAND: GET /session/4712af7ad0eaf46e7406ff23cdc0ea9d/screenshot - {}
RESULT: {}
COMMAND: POST /session/4712af7ad0eaf46e7406ff23cdc0ea9d/element - {"using":"xpath","value":"//bdi[contains(text(), \"OK\")]"}
RESULT: {"using":"xpath","value":"//bdi[contains(text(), \"OK\")]"}
COMMAND: POST /session/4712af7ad0eaf46e7406ff23cdc0ea9d/element/f.791DC57474D669730896E8DA48EFF857.d.EDA88374823535E2346973DDBF8EA3EB.e.7901/click - {}
RESULT: {}
COMMAND: GET /session/4712af7ad0eaf46e7406ff23cdc0ea9d/screenshot - {}
RESULT: {}
COMMAND: POST /session/4712af7ad0eaf46e7406ff23cdc0ea9d/element - {"using":"xpath","value":"//input[@id=\"application-managepartners-display-component---NewPartner--companyCodeComboBox-inner\"]"}
RESULT: {"using":"xpath","value":"//input[@id=\"application-managepartners-display-component---NewPartner--companyCodeComboBox-inner\"]"}
COMMAND: POST /session/4712af7ad0eaf46e7406ff23cdc0ea9d/element/f.791DC57474D669730896E8DA48EFF857.d.EDA88374823535E2346973DDBF8EA3EB.e.7704/clear - {}
RESULT: {}
COMMAND: POST /session/4712af7ad0eaf46e7406ff23cdc0ea9d/element/f.791DC57474D669730896E8DA48EFF857.d.EDA88374823535E2346973DDBF8EA3EB.e.7704/value - {"text":"C002"}
COMMAND: GET /session/4712af7ad0eaf46e7406ff23cdc0ea9d/screenshot - {}
RESULT: {"text":"C002"}
COMMAND: GET /session/4712af7ad0eaf46e7406ff23cdc0ea9d/screenshot - {}
RESULT: {}
RESULT: {}
COMMAND: POST /session/4712af7ad0eaf46e7406ff23cdc0ea9d/element - {"using":"xpath","value":"//span[contains(text(), \"C002\")]"}
RESULT: {"using":"xpath","value":"//span[contains(text(), \"C002\")]"}
COMMAND: POST /session/4712af7ad0eaf46e7406ff23cdc0ea9d/element/f.791DC57474D669730896E8DA48EFF857.d.EDA88374823535E2346973DDBF8EA3EB.e.7907/click - {}
RESULT: {}
COMMAND: GET /session/4712af7ad0eaf46e7406ff23cdc0ea9d/screenshot - {}
RESULT: {}
COMMAND: POST /session/4712af7ad0eaf46e7406ff23cdc0ea9d/execute/async - {"script":"<script> [1562 bytes]","args":[{"selector":{"id":"application-managepartners-display-component---NewPartner--btnAddTableRow-img"},"wdio_ui5_key":"applicationmanagepartners-display-component---NewPartner--btnAddTableRow-img"}]}
RESULT: {"script":"<script> [1562 bytes]","args":[{"selector":{"id":"application-managepartners-display-component---NewPartner--btnAddTableRow-img"},"wdio_ui5_key":"applicationmanagepartners-display-component---NewPartner--btnAddTableRow-img"}]}
RESULT: undefined
COMMAND: POST /session/4712af7ad0eaf46e7406ff23cdc0ea9d/element - {"using":"xpath","value":"//*[@id=\"application-managepartners-display-component---NewPartner--btnAddTableRow-img\"]"}
RESULT: {"using":"xpath","value":"//*[@id=\"application-managepartners-display-component---NewPartner--btnAddTableRow-img\"]"}
COMMAND: POST /session/4712af7ad0eaf46e7406ff23cdc0ea9d/element/f.791DC57474D669730896E8DA48EFF857.d.EDA88374823535E2346973DDBF8EA3EB.e.7908/click - {}
RESULT: {}
COMMAND: GET /session/4712af7ad0eaf46e7406ff23cdc0ea9d/screenshot - {}
RESULT: {}
COMMAND: POST /session/4712af7ad0eaf46e7406ff23cdc0ea9d/element - {"using":"xpath","value":"//input[@id=\"application-managepartners-display-component---NewPartner--assignmentYard-application-managepartners-display-component---NewPartner--assignmentsTable-0-inner\"]"}
RESULT: {"using":"xpath","value":"//input[@id=\"application-managepartners-display-component---NewPartner--assignmentYard-application-managepartners-display-component---NewPartner--assignmentsTable-0-inner\"]"}
COMMAND: POST /session/4712af7ad0eaf46e7406ff23cdc0ea9d/element/f.791DC57474D669730896E8DA48EFF857.d.EDA88374823535E2346973DDBF8EA3EB.e.7911/clear - {}
RESULT: {}
COMMAND: POST /session/4712af7ad0eaf46e7406ff23cdc0ea9d/element/f.791DC57474D669730896E8DA48EFF857.d.EDA88374823535E2346973DDBF8EA3EB.e.7911/value - {"text":"433"}
COMMAND: GET /session/4712af7ad0eaf46e7406ff23cdc0ea9d/screenshot - {}
RESULT: {}
RESULT: {"text":"433"}
COMMAND: GET /session/4712af7ad0eaf46e7406ff23cdc0ea9d/screenshot - {}
RESULT: {}
COMMAND: POST /session/4712af7ad0eaf46e7406ff23cdc0ea9d/element - {"using":"xpath","value":"//li[.//span[text()='433']]"}
RESULT: {"using":"xpath","value":"//li[.//span[text()='433']]"}
COMMAND: POST /session/4712af7ad0eaf46e7406ff23cdc0ea9d/element/f.791DC57474D669730896E8DA48EFF857.d.EDA88374823535E2346973DDBF8EA3EB.e.7920/click - {}
RESULT: {}
COMMAND: GET /session/4712af7ad0eaf46e7406ff23cdc0ea9d/screenshot - {}
RESULT: {}
COMMAND: POST /session/4712af7ad0eaf46e7406ff23cdc0ea9d/actions - {"actions":[{"id":"action22","type":"key","parameters":{},"actions":[{"type":"keyDown","value":"î€‡"},{"type":"pause","duration":10},{"type":"keyUp","value":"î€‡"}]}]}
RESULT: {"actions":[{"id":"action22","type":"key","parameters":{},"actions":[{"type":"keyDown","value":"î€‡"},{"type":"pause","duration":10},{"type":"keyUp","value":"î€‡"}]}]}
COMMAND: POST /session/4712af7ad0eaf46e7406ff23cdc0ea9d/execute/async - {"script":"<script> [1562 bytes]","args":[{"selector":{"id":"application-managepartners-display-component---NewPartner--externalCustomerComboBox-application-managepartners-display-component---NewPartner--assignmentsTable-0-vhi"},"wdio_ui5_key":"applicationmanagepartners-display-component---NewPartner--externalCustomerComboBox-application-managepartners-display-component---NewPartner--assignmentsTable-0-vhi"}]}
COMMAND: GET /session/4712af7ad0eaf46e7406ff23cdc0ea9d/screenshot - {}
RESULT: {"script":"<script> [1562 bytes]","args":[{"selector":{"id":"application-managepartners-display-component---NewPartner--externalCustomerComboBox-application-managepartners-display-component---NewPartner--assignmentsTable-0-vhi"},"wdio_ui5_key":"applicationmanagepartners-display-component---NewPartner--externalCustomerComboBox-application-managepartners-display-component---NewPartner--assignmentsTable-0-vhi"}]}
RESULT: undefined
COMMAND: POST /session/4712af7ad0eaf46e7406ff23cdc0ea9d/element - {"using":"xpath","value":"//*[@id=\"application-managepartners-display-component---NewPartner--externalCustomerComboBox-application-managepartners-display-component---NewPartner--assignmentsTable-0-vhi\"]"}
RESULT: {}
RESULT: {"using":"xpath","value":"//*[@id=\"application-managepartners-display-component---NewPartner--externalCustomerComboBox-application-managepartners-display-component---NewPartner--assignmentsTable-0-vhi\"]"}
COMMAND: POST /session/4712af7ad0eaf46e7406ff23cdc0ea9d/element/f.791DC57474D669730896E8DA48EFF857.d.EDA88374823535E2346973DDBF8EA3EB.e.7924/click - {}
RESULT: {}
RESULT: undefined
COMMAND: POST /session/4712af7ad0eaf46e7406ff23cdc0ea9d/execute/async - {"script":"<script> [776 bytes]","args":[{"enterText":"300003","selector":{"controlType":"sap.m.SearchField","properties":{"placeholder":"Search"},"searchOpenDialogs":true,"interaction":{"idSuffix":"I"}},"clearTextFirst":true,"interactionType":"ENTER_TEXT"}]}
COMMAND: GET /session/4712af7ad0eaf46e7406ff23cdc0ea9d/screenshot - {}
RESULT: {"script":"<script> [776 bytes]","args":[{"enterText":"300003","selector":{"controlType":"sap.m.SearchField","properties":{"placeholder":"Search"},"searchOpenDialogs":true,"interaction":{"idSuffix":"I"}},"clearTextFirst":true,"interactionType":"ENTER_TEXT"}]}
COMMAND: POST /session/4712af7ad0eaf46e7406ff23cdc0ea9d/actions - {"actions":[{"id":"action23","type":"key","parameters":{},"actions":[{"type":"keyDown","value":"î€‡"},{"type":"pause","duration":10},{"type":"keyUp","value":"î€‡"}]}]}
RESULT: {}
RESULT: {"actions":[{"id":"action23","type":"key","parameters":{},"actions":[{"type":"keyDown","value":"î€‡"},{"type":"pause","duration":10},{"type":"keyUp","value":"î€‡"}]}]}
COMMAND: GET /session/4712af7ad0eaf46e7406ff23cdc0ea9d/screenshot - {}
RESULT: {}
COMMAND: POST /session/4712af7ad0eaf46e7406ff23cdc0ea9d/element - {"using":"xpath","value":"//span[contains(text(), \"300003\")]"}
RESULT: {"using":"xpath","value":"//span[contains(text(), \"300003\")]"}
COMMAND: POST /session/4712af7ad0eaf46e7406ff23cdc0ea9d/element/f.791DC57474D669730896E8DA48EFF857.d.EDA88374823535E2346973DDBF8EA3EB.e.7942/click - {}
RESULT: {}
COMMAND: GET /session/4712af7ad0eaf46e7406ff23cdc0ea9d/screenshot - {}
RESULT: {}
COMMAND: POST /session/4712af7ad0eaf46e7406ff23cdc0ea9d/element - {"using":"xpath","value":"//bdi[contains(text(), \"OK\")]"}
RESULT: {"using":"xpath","value":"//bdi[contains(text(), \"OK\")]"}
COMMAND: POST /session/4712af7ad0eaf46e7406ff23cdc0ea9d/element/f.791DC57474D669730896E8DA48EFF857.d.EDA88374823535E2346973DDBF8EA3EB.e.7944/click - {}
RESULT: {}
COMMAND: GET /session/4712af7ad0eaf46e7406ff23cdc0ea9d/screenshot - {}
RESULT: {}
COMMAND: POST /session/4712af7ad0eaf46e7406ff23cdc0ea9d/execute/async - {"script":"<script> [1562 bytes]","args":[{"selector":{"id":"application-managepartners-display-component---NewPartner--intercompVendorComboBox-application-managepartners-display-component---NewPartner--assignmentsTable-0-vhi"},"wdio_ui5_key":"applicationmanagepartners-display-component---NewPartner--intercompVendorComboBox-application-managepartners-display-component---NewPartner--assignmentsTable-0-vhi"}]}
RESULT: {"script":"<script> [1562 bytes]","args":[{"selector":{"id":"application-managepartners-display-component---NewPartner--intercompVendorComboBox-application-managepartners-display-component---NewPartner--assignmentsTable-0-vhi"},"wdio_ui5_key":"applicationmanagepartners-display-component---NewPartner--intercompVendorComboBox-application-managepartners-display-component---NewPartner--assignmentsTable-0-vhi"}]}
RESULT: undefined
COMMAND: POST /session/4712af7ad0eaf46e7406ff23cdc0ea9d/element - {"using":"xpath","value":"//*[@id=\"application-managepartners-display-component---NewPartner--intercompVendorComboBox-application-managepartners-display-component---NewPartner--assignmentsTable-0-vhi\"]"}
RESULT: {"using":"xpath","value":"//*[@id=\"application-managepartners-display-component---NewPartner--intercompVendorComboBox-application-managepartners-display-component---NewPartner--assignmentsTable-0-vhi\"]"}
COMMAND: POST /session/4712af7ad0eaf46e7406ff23cdc0ea9d/element/f.791DC57474D669730896E8DA48EFF857.d.EDA88374823535E2346973DDBF8EA3EB.e.7947/click - {}
RESULT: {}
RESULT: undefined
COMMAND: POST /session/4712af7ad0eaf46e7406ff23cdc0ea9d/execute/async - {"script":"<script> [776 bytes]","args":[{"enterText":"100005","selector":{"controlType":"sap.m.SearchField","properties":{"placeholder":"Search"},"searchOpenDialogs":true,"interaction":{"idSuffix":"I"}},"clearTextFirst":true,"interactionType":"ENTER_TEXT"}]}
COMMAND: GET /session/4712af7ad0eaf46e7406ff23cdc0ea9d/screenshot - {}
RESULT: {"script":"<script> [776 bytes]","args":[{"enterText":"100005","selector":{"controlType":"sap.m.SearchField","properties":{"placeholder":"Search"},"searchOpenDialogs":true,"interaction":{"idSuffix":"I"}},"clearTextFirst":true,"interactionType":"ENTER_TEXT"}]}
COMMAND: POST /session/4712af7ad0eaf46e7406ff23cdc0ea9d/actions - {"actions":[{"id":"action24","type":"key","parameters":{},"actions":[{"type":"keyDown","value":"î€‡"},{"type":"pause","duration":10},{"type":"keyUp","value":"î€‡"}]}]}
RESULT: {}
RESULT: {"actions":[{"id":"action24","type":"key","parameters":{},"actions":[{"type":"keyDown","value":"î€‡"},{"type":"pause","duration":10},{"type":"keyUp","value":"î€‡"}]}]}
COMMAND: GET /session/4712af7ad0eaf46e7406ff23cdc0ea9d/screenshot - {}
RESULT: {}
COMMAND: POST /session/4712af7ad0eaf46e7406ff23cdc0ea9d/element - {"using":"xpath","value":"//span[contains(text(), \"Penguins - Field/12345 Berlin\")]"}
RESULT: {"using":"xpath","value":"//span[contains(text(), \"Penguins - Field/12345 Berlin\")]"}
COMMAND: POST /session/4712af7ad0eaf46e7406ff23cdc0ea9d/element/f.791DC57474D669730896E8DA48EFF857.d.EDA88374823535E2346973DDBF8EA3EB.e.7965/click - {}
RESULT: {}
COMMAND: GET /session/4712af7ad0eaf46e7406ff23cdc0ea9d/screenshot - {}
RESULT: {}
COMMAND: POST /session/4712af7ad0eaf46e7406ff23cdc0ea9d/element - {"using":"xpath","value":"//bdi[contains(text(), \"OK\")]"}
RESULT: {"using":"xpath","value":"//bdi[contains(text(), \"OK\")]"}
COMMAND: POST /session/4712af7ad0eaf46e7406ff23cdc0ea9d/element/f.791DC57474D669730896E8DA48EFF857.d.EDA88374823535E2346973DDBF8EA3EB.e.7966/click - {}
RESULT: {}
COMMAND: GET /session/4712af7ad0eaf46e7406ff23cdc0ea9d/screenshot - {}
RESULT: {}
COMMAND: POST /session/4712af7ad0eaf46e7406ff23cdc0ea9d/element - {"using":"xpath","value":"//button[@data-kt=\"saveButton\"]"}
RESULT: {"using":"xpath","value":"//button[@data-kt=\"saveButton\"]"}
COMMAND: POST /session/4712af7ad0eaf46e7406ff23cdc0ea9d/element/f.791DC57474D669730896E8DA48EFF857.d.EDA88374823535E2346973DDBF8EA3EB.e.7810/click - {}
RESULT: {}
COMMAND: GET /session/4712af7ad0eaf46e7406ff23cdc0ea9d/screenshot - {}
RESULT: {}
COMMAND: POST /session/4712af7ad0eaf46e7406ff23cdc0ea9d/element - {"using":"xpath","value":"//header[contains(@id, 'ObjectPageLayout-headerTitle')]/div[1]/div[2]/div[2]/span[1]"}
RESULT: {"using":"xpath","value":"//header[contains(@id, 'ObjectPageLayout-headerTitle')]/div[1]/div[2]/div[2]/span[1]"}
COMMAND: POST /session/4712af7ad0eaf46e7406ff23cdc0ea9d/elements - {"using":"xpath","value":"//header[contains(@id, 'ObjectPageLayout-headerTitle')]/div[1]/div[2]/div[2]/span[1]"}
RESULT: {"using":"xpath","value":"//header[contains(@id, 'ObjectPageLayout-headerTitle')]/div[1]/div[2]/div[2]/span[1]"}
COMMAND: POST /session/4712af7ad0eaf46e7406ff23cdc0ea9d/execute/sync - {"script":"<script> [56 bytes]","args":[{"element-6066-11e4-a52e-4f735466cecf":"f.791DC57474D669730896E8DA48EFF857.d.EDA88374823535E2346973DDBF8EA3EB.e.8131","ELEMENT":"f.791DC57474D669730896E8DA48EFF857.d.EDA88374823535E2346973DDBF8EA3EB.e.8131"}]}
RESULT: {"script":"<script> [56 bytes]","args":[{"element-6066-11e4-a52e-4f735466cecf":"f.791DC57474D669730896E8DA48EFF857.d.EDA88374823535E2346973DDBF8EA3EB.e.8131","ELEMENT":"f.791DC57474D669730896E8DA48EFF857.d.EDA88374823535E2346973DDBF8EA3EB.e.8131"}]}
COMMAND: POST /session/4712af7ad0eaf46e7406ff23cdc0ea9d/element - {"using":"css selector","value":"#shell-header-logo"}
COMMAND: GET /session/4712af7ad0eaf46e7406ff23cdc0ea9d/screenshot - {}
RESULT: {"using":"css selector","value":"#shell-header-logo"}
COMMAND: POST /session/4712af7ad0eaf46e7406ff23cdc0ea9d/element/f.791DC57474D669730896E8DA48EFF857.d.EDA88374823535E2346973DDBF8EA3EB.e.7353/click - {}
RESULT: {}
RESULT: {}
COMMAND: GET /session/4712af7ad0eaf46e7406ff23cdc0ea9d/screenshot - {}
RESULT: {}
COMMAND: POST /session/4712af7ad0eaf46e7406ff23cdc0ea9d/execute/sync - {"script":"<script> [299 bytes]","args":[["getModel","getResource"]]}
RESULT: {"script":"<script> [299 bytes]","args":[["getModel","getResource"]]}
COMMAND: GET /session/4712af7ad0eaf46e7406ff23cdc0ea9d/screenshot - {}
]]></system-out>
    </testcase>
    <testcase classname="chrome.135_0_7049_96.windows.Create_master_data_for_mixed_billing_&amp;_do_billing_calculation_US151661" name="Should create a new site" time="124.525">
      <system-out><![CDATA[
COMMAND: POST /session/4712af7ad0eaf46e7406ff23cdc0ea9d/execute/async - {"script":"<script> [1562 bytes]","args":[{"selector":{"controlType":"sap.m.TileContent","bindingPath":{"path":"","propertyPath":"/properties/info"},"ancestor":{"controlType":"sap.m.GenericTile","properties":{"header":"Manage Sites"}}},"wdio_ui5_key":"sapm.TileContent{\"path\":\"\",\"propertyPath\":\"/properties/info\"}{\"controlType\":\"sap.m.GenericTile\",\"properties\":{\"header\":\"Manage Sites\"}}"}]}
RESULT: {}
RESULT: {"script":"<script> [1562 bytes]","args":[{"selector":{"controlType":"sap.m.TileContent","bindingPath":{"path":"","propertyPath":"/properties/info"},"ancestor":{"controlType":"sap.m.GenericTile","properties":{"header":"Manage Sites"}}},"wdio_ui5_key":"sapm.TileContent{\"path\":\"\",\"propertyPath\":\"/properties/info\"}{\"controlType\":\"sap.m.GenericTile\",\"properties\":{\"header\":\"Manage Sites\"}}"}]}
RESULT: undefined
COMMAND: POST /session/4712af7ad0eaf46e7406ff23cdc0ea9d/element - {"using":"xpath","value":"//*[@id=\"__xmlview7--numericTileContent\"]"}
RESULT: {"using":"xpath","value":"//*[@id=\"__xmlview7--numericTileContent\"]"}
COMMAND: POST /session/4712af7ad0eaf46e7406ff23cdc0ea9d/element/f.791DC57474D669730896E8DA48EFF857.d.EDA88374823535E2346973DDBF8EA3EB.e.8133/click - {}
RESULT: {}
COMMAND: POST /session/4712af7ad0eaf46e7406ff23cdc0ea9d/element - {"using":"xpath","value":"//button[@data-kt=\"addOverflowToolbarButton\"]"}
COMMAND: GET /session/4712af7ad0eaf46e7406ff23cdc0ea9d/screenshot - {}
RESULT: {"using":"xpath","value":"//button[@data-kt=\"addOverflowToolbarButton\"]"}
COMMAND: POST /session/4712af7ad0eaf46e7406ff23cdc0ea9d/elements - {"using":"xpath","value":"//button[@data-kt=\"addOverflowToolbarButton\"]"}
RESULT: {}
RESULT: {"using":"xpath","value":"//button[@data-kt=\"addOverflowToolbarButton\"]"}
COMMAND: POST /session/4712af7ad0eaf46e7406ff23cdc0ea9d/elements - {"using":"xpath","value":"//button[@data-kt=\"addOverflowToolbarButton\"]"}
RESULT: {"using":"xpath","value":"//button[@data-kt=\"addOverflowToolbarButton\"]"}
COMMAND: POST /session/4712af7ad0eaf46e7406ff23cdc0ea9d/element - {"using":"xpath","value":"//button[@data-kt=\"addOverflowToolbarButton\"]"}
RESULT: {"using":"xpath","value":"//button[@data-kt=\"addOverflowToolbarButton\"]"}
COMMAND: POST /session/4712af7ad0eaf46e7406ff23cdc0ea9d/execute/sync - {"script":"<script> [8489 bytes]","args":[{"element-6066-11e4-a52e-4f735466cecf":"f.791DC57474D669730896E8DA48EFF857.d.EDA88374823535E2346973DDBF8EA3EB.e.8181","ELEMENT":"f.791DC57474D669730896E8DA48EFF857.d.EDA88374823535E2346973DDBF8EA3EB.e.8181"}]}
RESULT: {"script":"<script> [8489 bytes]","args":[{"element-6066-11e4-a52e-4f735466cecf":"f.791DC57474D669730896E8DA48EFF857.d.EDA88374823535E2346973DDBF8EA3EB.e.8181","ELEMENT":"f.791DC57474D669730896E8DA48EFF857.d.EDA88374823535E2346973DDBF8EA3EB.e.8181"}]}
COMMAND: GET /session/4712af7ad0eaf46e7406ff23cdc0ea9d/element/f.791DC57474D669730896E8DA48EFF857.d.EDA88374823535E2346973DDBF8EA3EB.e.8181/enabled - {}
COMMAND: GET /session/4712af7ad0eaf46e7406ff23cdc0ea9d/screenshot - {}
RESULT: {}
COMMAND: POST /session/4712af7ad0eaf46e7406ff23cdc0ea9d/execute/sync - {"script":"<script> [8489 bytes]","args":[{"element-6066-11e4-a52e-4f735466cecf":"f.791DC57474D669730896E8DA48EFF857.d.EDA88374823535E2346973DDBF8EA3EB.e.8181","ELEMENT":"f.791DC57474D669730896E8DA48EFF857.d.EDA88374823535E2346973DDBF8EA3EB.e.8181"}]}
COMMAND: GET /session/4712af7ad0eaf46e7406ff23cdc0ea9d/screenshot - {}
RESULT: {}
RESULT: {"script":"<script> [8489 bytes]","args":[{"element-6066-11e4-a52e-4f735466cecf":"f.791DC57474D669730896E8DA48EFF857.d.EDA88374823535E2346973DDBF8EA3EB.e.8181","ELEMENT":"f.791DC57474D669730896E8DA48EFF857.d.EDA88374823535E2346973DDBF8EA3EB.e.8181"}]}
COMMAND: POST /session/4712af7ad0eaf46e7406ff23cdc0ea9d/execute/sync - {"script":"<script> [5351 bytes]","args":[{"element-6066-11e4-a52e-4f735466cecf":"f.791DC57474D669730896E8DA48EFF857.d.EDA88374823535E2346973DDBF8EA3EB.e.8181","ELEMENT":"f.791DC57474D669730896E8DA48EFF857.d.EDA88374823535E2346973DDBF8EA3EB.e.8181"}]}
COMMAND: GET /session/4712af7ad0eaf46e7406ff23cdc0ea9d/screenshot - {}
RESULT: {}
RESULT: {"script":"<script> [5351 bytes]","args":[{"element-6066-11e4-a52e-4f735466cecf":"f.791DC57474D669730896E8DA48EFF857.d.EDA88374823535E2346973DDBF8EA3EB.e.8181","ELEMENT":"f.791DC57474D669730896E8DA48EFF857.d.EDA88374823535E2346973DDBF8EA3EB.e.8181"}]}
COMMAND: POST /session/4712af7ad0eaf46e7406ff23cdc0ea9d/element/f.791DC57474D669730896E8DA48EFF857.d.EDA88374823535E2346973DDBF8EA3EB.e.8181/click - {}
COMMAND: GET /session/4712af7ad0eaf46e7406ff23cdc0ea9d/screenshot - {}
RESULT: {}
RESULT: {}
COMMAND: GET /session/4712af7ad0eaf46e7406ff23cdc0ea9d/screenshot - {}
RESULT: {}
RESULT: {}
COMMAND: POST /session/4712af7ad0eaf46e7406ff23cdc0ea9d/execute/async - {"script":"<script> [1562 bytes]","args":[{"selector":{"id":"application-managesites-display-component---NewSite--addressDetailDetailsName1","interaction":{"idSuffix":"inner"}},"wdio_ui5_key":"applicationmanagesites-display-component---NewSite--addressDetailDetailsName1"}]}
RESULT: {"script":"<script> [1562 bytes]","args":[{"selector":{"id":"application-managesites-display-component---NewSite--addressDetailDetailsName1","interaction":{"idSuffix":"inner"}},"wdio_ui5_key":"applicationmanagesites-display-component---NewSite--addressDetailDetailsName1"}]}
RESULT: undefined
COMMAND: POST /session/4712af7ad0eaf46e7406ff23cdc0ea9d/execute/async - {"script":"<script> [776 bytes]","args":[{"enterText":"Intercompany Site wdIO","selector":{"id":"application-managesites-display-component---NewSite--addressDetailDetailsName1","interaction":{"idSuffix":"inner"}},"clearTextFirst":true,"interactionType":"ENTER_TEXT"}]}
RESULT: {"script":"<script> [776 bytes]","args":[{"enterText":"Intercompany Site wdIO","selector":{"id":"application-managesites-display-component---NewSite--addressDetailDetailsName1","interaction":{"idSuffix":"inner"}},"clearTextFirst":true,"interactionType":"ENTER_TEXT"}]}
COMMAND: POST /session/4712af7ad0eaf46e7406ff23cdc0ea9d/execute/async - {"script":"<script> [1562 bytes]","args":[{"selector":{"id":"application-managesites-display-component---NewSite--addressDetailDetailsLanguage-arrow"},"wdio_ui5_key":"applicationmanagesites-display-component---NewSite--addressDetailDetailsLanguage-arrow"}]}
RESULT: {"script":"<script> [1562 bytes]","args":[{"selector":{"id":"application-managesites-display-component---NewSite--addressDetailDetailsLanguage-arrow"},"wdio_ui5_key":"applicationmanagesites-display-component---NewSite--addressDetailDetailsLanguage-arrow"}]}
RESULT: undefined
COMMAND: POST /session/4712af7ad0eaf46e7406ff23cdc0ea9d/element - {"using":"xpath","value":"//*[@id=\"application-managesites-display-component---NewSite--addressDetailDetailsLanguage-arrow\"]"}
RESULT: {"using":"xpath","value":"//*[@id=\"application-managesites-display-component---NewSite--addressDetailDetailsLanguage-arrow\"]"}
COMMAND: POST /session/4712af7ad0eaf46e7406ff23cdc0ea9d/element/f.791DC57474D669730896E8DA48EFF857.d.EDA88374823535E2346973DDBF8EA3EB.e.8810/click - {}
RESULT: {}
COMMAND: POST /session/4712af7ad0eaf46e7406ff23cdc0ea9d/element - {"using":"xpath","value":"//span[contains(text(), \"English\")]"}
COMMAND: GET /session/4712af7ad0eaf46e7406ff23cdc0ea9d/screenshot - {}
RESULT: {"using":"xpath","value":"//span[contains(text(), \"English\")]"}
COMMAND: POST /session/4712af7ad0eaf46e7406ff23cdc0ea9d/element/f.791DC57474D669730896E8DA48EFF857.d.EDA88374823535E2346973DDBF8EA3EB.e.8811/click - {}
RESULT: {}
RESULT: {}
COMMAND: POST /session/4712af7ad0eaf46e7406ff23cdc0ea9d/execute/async - {"script":"<script> [1562 bytes]","args":[{"selector":{"id":"application-managesites-display-component---NewSite--addressDetailDetailsCity1","interaction":{"idSuffix":"inner"}},"wdio_ui5_key":"applicationmanagesites-display-component---NewSite--addressDetailDetailsCity1"}]}
COMMAND: GET /session/4712af7ad0eaf46e7406ff23cdc0ea9d/screenshot - {}
RESULT: {"script":"<script> [1562 bytes]","args":[{"selector":{"id":"application-managesites-display-component---NewSite--addressDetailDetailsCity1","interaction":{"idSuffix":"inner"}},"wdio_ui5_key":"applicationmanagesites-display-component---NewSite--addressDetailDetailsCity1"}]}
RESULT: undefined
COMMAND: POST /session/4712af7ad0eaf46e7406ff23cdc0ea9d/execute/async - {"script":"<script> [776 bytes]","args":[{"enterText":"Rosario","selector":{"id":"application-managesites-display-component---NewSite--addressDetailDetailsCity1","interaction":{"idSuffix":"inner"}},"clearTextFirst":true,"interactionType":"ENTER_TEXT"}]}
RESULT: {}
RESULT: {"script":"<script> [776 bytes]","args":[{"enterText":"Rosario","selector":{"id":"application-managesites-display-component---NewSite--addressDetailDetailsCity1","interaction":{"idSuffix":"inner"}},"clearTextFirst":true,"interactionType":"ENTER_TEXT"}]}
COMMAND: POST /session/4712af7ad0eaf46e7406ff23cdc0ea9d/execute/async - {"script":"<script> [1562 bytes]","args":[{"selector":{"id":"application-managesites-display-component---NewSite--addressDetailDetailsCountry-arrow"},"wdio_ui5_key":"applicationmanagesites-display-component---NewSite--addressDetailDetailsCountry-arrow"}]}
RESULT: {"script":"<script> [1562 bytes]","args":[{"selector":{"id":"application-managesites-display-component---NewSite--addressDetailDetailsCountry-arrow"},"wdio_ui5_key":"applicationmanagesites-display-component---NewSite--addressDetailDetailsCountry-arrow"}]}
RESULT: undefined
COMMAND: POST /session/4712af7ad0eaf46e7406ff23cdc0ea9d/element - {"using":"xpath","value":"//*[@id=\"application-managesites-display-component---NewSite--addressDetailDetailsCountry-arrow\"]"}
RESULT: {"using":"xpath","value":"//*[@id=\"application-managesites-display-component---NewSite--addressDetailDetailsCountry-arrow\"]"}
COMMAND: POST /session/4712af7ad0eaf46e7406ff23cdc0ea9d/element/f.791DC57474D669730896E8DA48EFF857.d.EDA88374823535E2346973DDBF8EA3EB.e.8813/click - {}
RESULT: {}
COMMAND: POST /session/4712af7ad0eaf46e7406ff23cdc0ea9d/element - {"using":"xpath","value":"//span[contains(text(), \"Argentina\")]"}
COMMAND: GET /session/4712af7ad0eaf46e7406ff23cdc0ea9d/screenshot - {}
RESULT: {"using":"xpath","value":"//span[contains(text(), \"Argentina\")]"}
COMMAND: POST /session/4712af7ad0eaf46e7406ff23cdc0ea9d/element/f.791DC57474D669730896E8DA48EFF857.d.EDA88374823535E2346973DDBF8EA3EB.e.8815/click - {}
RESULT: {}
RESULT: {}
COMMAND: GET /session/4712af7ad0eaf46e7406ff23cdc0ea9d/screenshot - {}
RESULT: {}
COMMAND: POST /session/4712af7ad0eaf46e7406ff23cdc0ea9d/execute/async - {"script":"<script> [1562 bytes]","args":[{"selector":{"id":"application-managesites-display-component---NewSite--addressEditDetailsCostObjectCstType-arrow"},"wdio_ui5_key":"applicationmanagesites-display-component---NewSite--addressEditDetailsCostObjectCstType-arrow"}]}
RESULT: {"script":"<script> [1562 bytes]","args":[{"selector":{"id":"application-managesites-display-component---NewSite--addressEditDetailsCostObjectCstType-arrow"},"wdio_ui5_key":"applicationmanagesites-display-component---NewSite--addressEditDetailsCostObjectCstType-arrow"}]}
RESULT: undefined
COMMAND: POST /session/4712af7ad0eaf46e7406ff23cdc0ea9d/element - {"using":"xpath","value":"//*[@id=\"application-managesites-display-component---NewSite--addressEditDetailsCostObjectCstType-arrow\"]"}
RESULT: {"using":"xpath","value":"//*[@id=\"application-managesites-display-component---NewSite--addressEditDetailsCostObjectCstType-arrow\"]"}
COMMAND: POST /session/4712af7ad0eaf46e7406ff23cdc0ea9d/element/f.791DC57474D669730896E8DA48EFF857.d.EDA88374823535E2346973DDBF8EA3EB.e.8816/click - {}
RESULT: {}
COMMAND: POST /session/4712af7ad0eaf46e7406ff23cdc0ea9d/element - {"using":"xpath","value":"//span[contains(text(), \"Cost Center\")]"}
COMMAND: GET /session/4712af7ad0eaf46e7406ff23cdc0ea9d/screenshot - {}
RESULT: {"using":"xpath","value":"//span[contains(text(), \"Cost Center\")]"}
COMMAND: POST /session/4712af7ad0eaf46e7406ff23cdc0ea9d/element/f.791DC57474D669730896E8DA48EFF857.d.EDA88374823535E2346973DDBF8EA3EB.e.8817/click - {}
RESULT: {}
RESULT: {}
COMMAND: GET /session/4712af7ad0eaf46e7406ff23cdc0ea9d/screenshot - {}
RESULT: {}
COMMAND: POST /session/4712af7ad0eaf46e7406ff23cdc0ea9d/element - {"using":"xpath","value":"//span[@id=\"application-managesites-display-component---NewSite--addressNewCostObjectCstID-vhi\"]"}
RESULT: {"using":"xpath","value":"//span[@id=\"application-managesites-display-component---NewSite--addressNewCostObjectCstID-vhi\"]"}
COMMAND: POST /session/4712af7ad0eaf46e7406ff23cdc0ea9d/execute/sync - {"script":"<script> [8489 bytes]","args":[{"element-6066-11e4-a52e-4f735466cecf":"f.791DC57474D669730896E8DA48EFF857.d.EDA88374823535E2346973DDBF8EA3EB.e.8822","ELEMENT":"f.791DC57474D669730896E8DA48EFF857.d.EDA88374823535E2346973DDBF8EA3EB.e.8822"}]}
RESULT: {"script":"<script> [8489 bytes]","args":[{"element-6066-11e4-a52e-4f735466cecf":"f.791DC57474D669730896E8DA48EFF857.d.EDA88374823535E2346973DDBF8EA3EB.e.8822","ELEMENT":"f.791DC57474D669730896E8DA48EFF857.d.EDA88374823535E2346973DDBF8EA3EB.e.8822"}]}
COMMAND: POST /session/4712af7ad0eaf46e7406ff23cdc0ea9d/execute/async - {"script":"<script> [1562 bytes]","args":[{"selector":{"id":"application-managesites-display-component---NewSite--addressNewCostObjectCstID-vhi"},"wdio_ui5_key":"applicationmanagesites-display-component---NewSite--addressNewCostObjectCstID-vhi"}]}
COMMAND: GET /session/4712af7ad0eaf46e7406ff23cdc0ea9d/screenshot - {}
RESULT: {"script":"<script> [1562 bytes]","args":[{"selector":{"id":"application-managesites-display-component---NewSite--addressNewCostObjectCstID-vhi"},"wdio_ui5_key":"applicationmanagesites-display-component---NewSite--addressNewCostObjectCstID-vhi"}]}
RESULT: undefined
COMMAND: POST /session/4712af7ad0eaf46e7406ff23cdc0ea9d/element - {"using":"xpath","value":"//*[@id=\"application-managesites-display-component---NewSite--addressNewCostObjectCstID-vhi\"]"}
RESULT: {}
RESULT: {"using":"xpath","value":"//*[@id=\"application-managesites-display-component---NewSite--addressNewCostObjectCstID-vhi\"]"}
COMMAND: POST /session/4712af7ad0eaf46e7406ff23cdc0ea9d/element/f.791DC57474D669730896E8DA48EFF857.d.EDA88374823535E2346973DDBF8EA3EB.e.8822/click - {}
RESULT: {}
COMMAND: GET /session/4712af7ad0eaf46e7406ff23cdc0ea9d/screenshot - {}
RESULT: {}
RESULT: undefined
COMMAND: POST /session/4712af7ad0eaf46e7406ff23cdc0ea9d/execute/async - {"script":"<script> [776 bytes]","args":[{"enterText":"10001013","selector":{"controlType":"sap.m.SearchField","properties":{"placeholder":"Search"},"searchOpenDialogs":true,"interaction":{"idSuffix":"I"}},"clearTextFirst":true,"interactionType":"ENTER_TEXT"}]}
RESULT: {"script":"<script> [776 bytes]","args":[{"enterText":"10001013","selector":{"controlType":"sap.m.SearchField","properties":{"placeholder":"Search"},"searchOpenDialogs":true,"interaction":{"idSuffix":"I"}},"clearTextFirst":true,"interactionType":"ENTER_TEXT"}]}
COMMAND: POST /session/4712af7ad0eaf46e7406ff23cdc0ea9d/actions - {"actions":[{"id":"action25","type":"key","parameters":{},"actions":[{"type":"keyDown","value":"î€‡"},{"type":"pause","duration":10},{"type":"keyUp","value":"î€‡"}]}]}
RESULT: {"actions":[{"id":"action25","type":"key","parameters":{},"actions":[{"type":"keyDown","value":"î€‡"},{"type":"pause","duration":10},{"type":"keyUp","value":"î€‡"}]}]}
COMMAND: GET /session/4712af7ad0eaf46e7406ff23cdc0ea9d/screenshot - {}
RESULT: {}
COMMAND: POST /session/4712af7ad0eaf46e7406ff23cdc0ea9d/element - {"using":"xpath","value":"//span[contains(text(), \"General Management\")]"}
RESULT: {"using":"xpath","value":"//span[contains(text(), \"General Management\")]"}
COMMAND: POST /session/4712af7ad0eaf46e7406ff23cdc0ea9d/element/f.791DC57474D669730896E8DA48EFF857.d.EDA88374823535E2346973DDBF8EA3EB.e.8861/click - {}
RESULT: {}
COMMAND: GET /session/4712af7ad0eaf46e7406ff23cdc0ea9d/screenshot - {}
RESULT: {}
COMMAND: POST /session/4712af7ad0eaf46e7406ff23cdc0ea9d/element - {"using":"xpath","value":"//bdi[contains(text(), \"OK\")]"}
RESULT: {"using":"xpath","value":"//bdi[contains(text(), \"OK\")]"}
COMMAND: POST /session/4712af7ad0eaf46e7406ff23cdc0ea9d/element/f.791DC57474D669730896E8DA48EFF857.d.EDA88374823535E2346973DDBF8EA3EB.e.8862/click - {}
RESULT: {}
COMMAND: GET /session/4712af7ad0eaf46e7406ff23cdc0ea9d/screenshot - {}
RESULT: {}
COMMAND: POST /session/4712af7ad0eaf46e7406ff23cdc0ea9d/element - {"using":"xpath","value":"//input[@id=\"application-managesites-display-component---NewSite--addressDetailDetailsCalendar-inner\"]"}
RESULT: {"using":"xpath","value":"//input[@id=\"application-managesites-display-component---NewSite--addressDetailDetailsCalendar-inner\"]"}
COMMAND: POST /session/4712af7ad0eaf46e7406ff23cdc0ea9d/element/f.791DC57474D669730896E8DA48EFF857.d.EDA88374823535E2346973DDBF8EA3EB.e.8604/clear - {}
RESULT: {}
COMMAND: POST /session/4712af7ad0eaf46e7406ff23cdc0ea9d/element/f.791DC57474D669730896E8DA48EFF857.d.EDA88374823535E2346973DDBF8EA3EB.e.8604/value - {"text":"Unit"}
COMMAND: GET /session/4712af7ad0eaf46e7406ff23cdc0ea9d/screenshot - {}
RESULT: {"text":"Unit"}
COMMAND: GET /session/4712af7ad0eaf46e7406ff23cdc0ea9d/screenshot - {}
RESULT: {}
RESULT: {}
COMMAND: POST /session/4712af7ad0eaf46e7406ff23cdc0ea9d/actions - {"actions":[{"id":"action26","type":"key","parameters":{},"actions":[{"type":"keyDown","value":"î€‡"},{"type":"pause","duration":10},{"type":"keyUp","value":"î€‡"}]}]}
RESULT: {"actions":[{"id":"action26","type":"key","parameters":{},"actions":[{"type":"keyDown","value":"î€‡"},{"type":"pause","duration":10},{"type":"keyUp","value":"î€‡"}]}]}
COMMAND: POST /session/4712af7ad0eaf46e7406ff23cdc0ea9d/element - {"using":"xpath","value":"//input[@id=\"application-managesites-display-component---NewSite--addressDetailDetailsYard-inner\"]"}
COMMAND: GET /session/4712af7ad0eaf46e7406ff23cdc0ea9d/screenshot - {}
RESULT: {"using":"xpath","value":"//input[@id=\"application-managesites-display-component---NewSite--addressDetailDetailsYard-inner\"]"}
COMMAND: POST /session/4712af7ad0eaf46e7406ff23cdc0ea9d/element/f.791DC57474D669730896E8DA48EFF857.d.EDA88374823535E2346973DDBF8EA3EB.e.8605/clear - {}
RESULT: {}
RESULT: {}
COMMAND: POST /session/4712af7ad0eaf46e7406ff23cdc0ea9d/element/f.791DC57474D669730896E8DA48EFF857.d.EDA88374823535E2346973DDBF8EA3EB.e.8605/value - {"text":"433"}
COMMAND: GET /session/4712af7ad0eaf46e7406ff23cdc0ea9d/screenshot - {}
RESULT: {"text":"433"}
COMMAND: GET /session/4712af7ad0eaf46e7406ff23cdc0ea9d/screenshot - {}
RESULT: {}
RESULT: {}
COMMAND: POST /session/4712af7ad0eaf46e7406ff23cdc0ea9d/element - {"using":"xpath","value":"//li[.//span[text()='433']]"}
RESULT: {"using":"xpath","value":"//li[.//span[text()='433']]"}
COMMAND: POST /session/4712af7ad0eaf46e7406ff23cdc0ea9d/element/f.791DC57474D669730896E8DA48EFF857.d.EDA88374823535E2346973DDBF8EA3EB.e.8870/click - {}
RESULT: {}
COMMAND: GET /session/4712af7ad0eaf46e7406ff23cdc0ea9d/screenshot - {}
RESULT: {}
COMMAND: POST /session/4712af7ad0eaf46e7406ff23cdc0ea9d/element - {"using":"xpath","value":"//input[@id=\"application-managesites-display-component---NewSite--addressDetailDetailsPartner-inner\"]"}
RESULT: {"using":"xpath","value":"//input[@id=\"application-managesites-display-component---NewSite--addressDetailDetailsPartner-inner\"]"}
COMMAND: POST /session/4712af7ad0eaf46e7406ff23cdc0ea9d/element - {"using":"xpath","value":"//input[@id=\"application-managesites-display-component---NewSite--addressDetailDetailsPartner-inner\"]"}
RESULT: {"using":"xpath","value":"//input[@id=\"application-managesites-display-component---NewSite--addressDetailDetailsPartner-inner\"]"}
COMMAND: POST /session/4712af7ad0eaf46e7406ff23cdc0ea9d/element - {"using":"xpath","value":"//button[@data-kt=\"saveButton\"]"}
RESULT: {"using":"xpath","value":"//button[@data-kt=\"saveButton\"]"}
COMMAND: POST /session/4712af7ad0eaf46e7406ff23cdc0ea9d/element/f.791DC57474D669730896E8DA48EFF857.d.EDA88374823535E2346973DDBF8EA3EB.e.8795/click - {}
RESULT: {}
COMMAND: GET /session/4712af7ad0eaf46e7406ff23cdc0ea9d/screenshot - {}
RESULT: {}
COMMAND: POST /session/4712af7ad0eaf46e7406ff23cdc0ea9d/element - {"using":"xpath","value":"//header[contains(@id, 'ObjectPageLayout-headerTitle')]/div[1]/div[2]/div[2]/span[1]"}
RESULT: {"using":"xpath","value":"//header[contains(@id, 'ObjectPageLayout-headerTitle')]/div[1]/div[2]/div[2]/span[1]"}
COMMAND: POST /session/4712af7ad0eaf46e7406ff23cdc0ea9d/elements - {"using":"xpath","value":"//header[contains(@id, 'ObjectPageLayout-headerTitle')]/div[1]/div[2]/div[2]/span[1]"}
RESULT: {"using":"xpath","value":"//header[contains(@id, 'ObjectPageLayout-headerTitle')]/div[1]/div[2]/div[2]/span[1]"}
COMMAND: POST /session/4712af7ad0eaf46e7406ff23cdc0ea9d/execute/sync - {"script":"<script> [56 bytes]","args":[{"element-6066-11e4-a52e-4f735466cecf":"f.791DC57474D669730896E8DA48EFF857.d.EDA88374823535E2346973DDBF8EA3EB.e.9077","ELEMENT":"f.791DC57474D669730896E8DA48EFF857.d.EDA88374823535E2346973DDBF8EA3EB.e.9077"}]}
RESULT: {"script":"<script> [56 bytes]","args":[{"element-6066-11e4-a52e-4f735466cecf":"f.791DC57474D669730896E8DA48EFF857.d.EDA88374823535E2346973DDBF8EA3EB.e.9077","ELEMENT":"f.791DC57474D669730896E8DA48EFF857.d.EDA88374823535E2346973DDBF8EA3EB.e.9077"}]}
COMMAND: POST /session/4712af7ad0eaf46e7406ff23cdc0ea9d/element - {"using":"css selector","value":"#shell-header-logo"}
COMMAND: GET /session/4712af7ad0eaf46e7406ff23cdc0ea9d/screenshot - {}
RESULT: {"using":"css selector","value":"#shell-header-logo"}
COMMAND: POST /session/4712af7ad0eaf46e7406ff23cdc0ea9d/element/f.791DC57474D669730896E8DA48EFF857.d.EDA88374823535E2346973DDBF8EA3EB.e.8146/click - {}
RESULT: {}
RESULT: {}
COMMAND: GET /session/4712af7ad0eaf46e7406ff23cdc0ea9d/screenshot - {}
RESULT: {}
COMMAND: POST /session/4712af7ad0eaf46e7406ff23cdc0ea9d/execute/sync - {"script":"<script> [299 bytes]","args":[["getModel","getResource"]]}
RESULT: {"script":"<script> [299 bytes]","args":[["getModel","getResource"]]}
COMMAND: POST /session/4712af7ad0eaf46e7406ff23cdc0ea9d/element - {"using":"xpath","value":"//button[.//bdi[contains(text(), \"Close\")]]"}
COMMAND: GET /session/4712af7ad0eaf46e7406ff23cdc0ea9d/screenshot - {}
RESULT: {"using":"xpath","value":"//button[.//bdi[contains(text(), \"Close\")]]"}
COMMAND: POST /session/4712af7ad0eaf46e7406ff23cdc0ea9d/element/f.791DC57474D669730896E8DA48EFF857.d.EDA88374823535E2346973DDBF8EA3EB.e.9079/click - {}
RESULT: {}
RESULT: {}
COMMAND: GET /session/4712af7ad0eaf46e7406ff23cdc0ea9d/screenshot - {}
RESULT: {}
COMMAND: POST /session/4712af7ad0eaf46e7406ff23cdc0ea9d/refresh - {}
RESULT: {}
COMMAND: GET /session/4712af7ad0eaf46e7406ff23cdc0ea9d/screenshot - {}
RESULT: {}
COMMAND: POST /session/4712af7ad0eaf46e7406ff23cdc0ea9d/refresh - {}
RESULT: {}
COMMAND: GET /session/4712af7ad0eaf46e7406ff23cdc0ea9d/screenshot - {}
RESULT: {}
COMMAND: POST /session/4712af7ad0eaf46e7406ff23cdc0ea9d/window/fullscreen - {}
RESULT: {}
COMMAND: POST /session/4712af7ad0eaf46e7406ff23cdc0ea9d/execute/async - {"script":"<script> [189 bytes]","args":[]}
RESULT: {"script":"<script> [189 bytes]","args":[]}
COMMAND: POST /session/4712af7ad0eaf46e7406ff23cdc0ea9d/execute/async - {"script":"<script> [123 bytes]","args":[]}
RESULT: {"script":"<script> [123 bytes]","args":[]}
COMMAND: POST /session/4712af7ad0eaf46e7406ff23cdc0ea9d/timeouts - {"script":"<number>"}
RESULT: {"script":"<number>"}
COMMAND: GET /session/4712af7ad0eaf46e7406ff23cdc0ea9d/timeouts - {}
RESULT: {}
RESULT: undefined
COMMAND: POST /session/4712af7ad0eaf46e7406ff23cdc0ea9d/execute/async - {"script":"<script> [2676 bytes]","args":[]}
RESULT: {"script":"<script> [2676 bytes]","args":[]}
COMMAND: POST /session/4712af7ad0eaf46e7406ff23cdc0ea9d/execute/async - {"script":"<script> [2342 bytes]","args":[{"protocol":"http","hostname":"0.0.0.0","path":"/","capabilities":{"browserName":"chrome","goog:chromeOptions":{"binary":"C:\\Program Files\\Google\\Chrome\\Application\\chrome.exe","args":["--start-maximized"]}},"logLevel":"warn","connectionRetryTimeout":120000,"connectionRetryCount":3,"logLevels":{},"enableDirectConnect":true,"strictSSL":true,"_":"65 more keys: [\"cacheDir\",\"port\",\"requestedCapabilities\",\"automationProtocol\",\"baseUrl\",\"waitforInterval\",\"waitforTimeout\",\"onReload\",\"beforeCommand\",\"afterCommand\",\"rootDir\",\"specs\",\"suites\",\"exclude\",\"groupLogsByTestSpec\",\"excludeDriverLogs\",\"bail\",\"framework\",\"reporters\",\"services\",\"maxInstances\",\"maxInstancesPerCapability\",\"injectGlobals\",\"filesToWatch\",\"execArgv\",\"runnerEnv\",\"runner\",\"shard\",\"specFileRetries\",\"specFileRetriesDelay\",\"specFileRetriesDeferred\",\"reporterSyncInterval\",\"reporterSyncTimeout\",\"cucumberFeaturesWithLineNumbers\",\"autoCompileOpts\",\"mochaOpts\",\"jasmineOpts\",\"cucumberOpts\",\"onPrepare\",\"onWorkerStart\",\"onWorkerEnd\",\"before\",\"beforeSession\",\"beforeSuite\",\"beforeHook\",\"beforeTest\",\"afterTest\",\"afterHook\",\"afterSuite\",\"afterSession\",\"after\",\"onComplete\",\"beforeAssertion\",\"afterAssertion\",\"beforeFeature\",\"beforeScenario\",\"beforeStep\",\"afterStep\",\"afterScenario\",\"afterFeature\",\"_\",\"suite\",\"$0\",\"ignoredWorkerServices\",\"wdi5\"]"}]}
RESULT: {"script":"<script> [2342 bytes]","args":[{"protocol":"http","hostname":"0.0.0.0","path":"/","capabilities":{"browserName":"chrome","goog:chromeOptions":{"binary":"C:\\Program Files\\Google\\Chrome\\Application\\chrome.exe","args":["--start-maximized"]}},"logLevel":"warn","connectionRetryTimeout":120000,"connectionRetryCount":3,"logLevels":{},"enableDirectConnect":true,"strictSSL":true,"_":"65 more keys: [\"cacheDir\",\"port\",\"requestedCapabilities\",\"automationProtocol\",\"baseUrl\",\"waitforInterval\",\"waitforTimeout\",\"onReload\",\"beforeCommand\",\"afterCommand\",\"rootDir\",\"specs\",\"suites\",\"exclude\",\"groupLogsByTestSpec\",\"excludeDriverLogs\",\"bail\",\"framework\",\"reporters\",\"services\",\"maxInstances\",\"maxInstancesPerCapability\",\"injectGlobals\",\"filesToWatch\",\"execArgv\",\"runnerEnv\",\"runner\",\"shard\",\"specFileRetries\",\"specFileRetriesDelay\",\"specFileRetriesDeferred\",\"reporterSyncInterval\",\"reporterSyncTimeout\",\"cucumberFeaturesWithLineNumbers\",\"autoCompileOpts\",\"mochaOpts\",\"jasmineOpts\",\"cucumberOpts\",\"onPrepare\",\"onWorkerStart\",\"onWorkerEnd\",\"before\",\"beforeSession\",\"beforeSuite\",\"beforeHook\",\"beforeTest\",\"afterTest\",\"afterHook\",\"afterSuite\",\"afterSession\",\"after\",\"onComplete\",\"beforeAssertion\",\"afterAssertion\",\"beforeFeature\",\"beforeScenario\",\"beforeStep\",\"afterStep\",\"afterScenario\",\"afterFeature\",\"_\",\"suite\",\"$0\",\"ignoredWorkerServices\",\"wdi5\"]"}]}
COMMAND: POST /session/4712af7ad0eaf46e7406ff23cdc0ea9d/execute/async - {"script":"<script> [21126 bytes]","args":[35000]}
RESULT: {"script":"<script> [21126 bytes]","args":[35000]}
COMMAND: POST /session/4712af7ad0eaf46e7406ff23cdc0ea9d/window/fullscreen - {}
RESULT: {}
]]></system-out>
    </testcase>
    <testcase classname="chrome.135_0_7049_96.windows.Create_master_data_for_mixed_billing_&amp;_do_billing_calculation_US151661" name="Should create a new equipment and add a counter to it" time="146.898">
      <system-out><![CDATA[
COMMAND: POST /session/4712af7ad0eaf46e7406ff23cdc0ea9d/execute/async - {"script":"<script> [1562 bytes]","args":[{"selector":{"controlType":"sap.m.GenericTile","properties":{"header":"Manage Resources"}},"wdio_ui5_key":"sapm.GenericTile{\"header\":\"Manage Resources\"}"}]}
RESULT: {"script":"<script> [1562 bytes]","args":[{"selector":{"controlType":"sap.m.GenericTile","properties":{"header":"Manage Resources"}},"wdio_ui5_key":"sapm.GenericTile{\"header\":\"Manage Resources\"}"}]}
RESULT: undefined
COMMAND: POST /session/4712af7ad0eaf46e7406ff23cdc0ea9d/element - {"using":"xpath","value":"//*[@id=\"__tile31\"]"}
RESULT: {"using":"xpath","value":"//*[@id=\"__tile31\"]"}
COMMAND: POST /session/4712af7ad0eaf46e7406ff23cdc0ea9d/element/f.791DC57474D669730896E8DA48EFF857.d.FEFE8BEFF3C1877321B6C23268478534.e.9150/click - {}
RESULT: {}
COMMAND: POST /session/4712af7ad0eaf46e7406ff23cdc0ea9d/element - {"using":"xpath","value":"//button[@data-kt=\"addNewRUOverflowToolbarButton\"]"}
COMMAND: GET /session/4712af7ad0eaf46e7406ff23cdc0ea9d/screenshot - {}
RESULT: {"using":"xpath","value":"//button[@data-kt=\"addNewRUOverflowToolbarButton\"]"}
COMMAND: POST /session/4712af7ad0eaf46e7406ff23cdc0ea9d/elements - {"using":"xpath","value":"//button[@data-kt=\"addNewRUOverflowToolbarButton\"]"}
RESULT: {}
RESULT: {"using":"xpath","value":"//button[@data-kt=\"addNewRUOverflowToolbarButton\"]"}
COMMAND: POST /session/4712af7ad0eaf46e7406ff23cdc0ea9d/elements - {"using":"xpath","value":"//button[@data-kt=\"addNewRUOverflowToolbarButton\"]"}
RESULT: {"using":"xpath","value":"//button[@data-kt=\"addNewRUOverflowToolbarButton\"]"}
COMMAND: POST /session/4712af7ad0eaf46e7406ff23cdc0ea9d/elements - {"using":"xpath","value":"//button[@data-kt=\"addNewRUOverflowToolbarButton\"]"}
RESULT: {"using":"xpath","value":"//button[@data-kt=\"addNewRUOverflowToolbarButton\"]"}
COMMAND: POST /session/4712af7ad0eaf46e7406ff23cdc0ea9d/elements - {"using":"xpath","value":"//button[@data-kt=\"addNewRUOverflowToolbarButton\"]"}
RESULT: {"using":"xpath","value":"//button[@data-kt=\"addNewRUOverflowToolbarButton\"]"}
COMMAND: POST /session/4712af7ad0eaf46e7406ff23cdc0ea9d/elements - {"using":"xpath","value":"//button[@data-kt=\"addNewRUOverflowToolbarButton\"]"}
RESULT: {"using":"xpath","value":"//button[@data-kt=\"addNewRUOverflowToolbarButton\"]"}
COMMAND: POST /session/4712af7ad0eaf46e7406ff23cdc0ea9d/elements - {"using":"xpath","value":"//button[@data-kt=\"addNewRUOverflowToolbarButton\"]"}
RESULT: {"using":"xpath","value":"//button[@data-kt=\"addNewRUOverflowToolbarButton\"]"}
COMMAND: POST /session/4712af7ad0eaf46e7406ff23cdc0ea9d/elements - {"using":"xpath","value":"//button[@data-kt=\"addNewRUOverflowToolbarButton\"]"}
RESULT: {"using":"xpath","value":"//button[@data-kt=\"addNewRUOverflowToolbarButton\"]"}
COMMAND: POST /session/4712af7ad0eaf46e7406ff23cdc0ea9d/elements - {"using":"xpath","value":"//button[@data-kt=\"addNewRUOverflowToolbarButton\"]"}
RESULT: {"using":"xpath","value":"//button[@data-kt=\"addNewRUOverflowToolbarButton\"]"}
COMMAND: POST /session/4712af7ad0eaf46e7406ff23cdc0ea9d/elements - {"using":"xpath","value":"//button[@data-kt=\"addNewRUOverflowToolbarButton\"]"}
RESULT: {"using":"xpath","value":"//button[@data-kt=\"addNewRUOverflowToolbarButton\"]"}
COMMAND: POST /session/4712af7ad0eaf46e7406ff23cdc0ea9d/elements - {"using":"xpath","value":"//button[@data-kt=\"addNewRUOverflowToolbarButton\"]"}
RESULT: {"using":"xpath","value":"//button[@data-kt=\"addNewRUOverflowToolbarButton\"]"}
COMMAND: POST /session/4712af7ad0eaf46e7406ff23cdc0ea9d/elements - {"using":"xpath","value":"//button[@data-kt=\"addNewRUOverflowToolbarButton\"]"}
RESULT: {"using":"xpath","value":"//button[@data-kt=\"addNewRUOverflowToolbarButton\"]"}
COMMAND: POST /session/4712af7ad0eaf46e7406ff23cdc0ea9d/elements - {"using":"xpath","value":"//button[@data-kt=\"addNewRUOverflowToolbarButton\"]"}
RESULT: {"using":"xpath","value":"//button[@data-kt=\"addNewRUOverflowToolbarButton\"]"}
COMMAND: POST /session/4712af7ad0eaf46e7406ff23cdc0ea9d/elements - {"using":"xpath","value":"//button[@data-kt=\"addNewRUOverflowToolbarButton\"]"}
RESULT: {"using":"xpath","value":"//button[@data-kt=\"addNewRUOverflowToolbarButton\"]"}
COMMAND: POST /session/4712af7ad0eaf46e7406ff23cdc0ea9d/elements - {"using":"xpath","value":"//button[@data-kt=\"addNewRUOverflowToolbarButton\"]"}
RESULT: {"using":"xpath","value":"//button[@data-kt=\"addNewRUOverflowToolbarButton\"]"}
COMMAND: POST /session/4712af7ad0eaf46e7406ff23cdc0ea9d/elements - {"using":"xpath","value":"//button[@data-kt=\"addNewRUOverflowToolbarButton\"]"}
RESULT: {"using":"xpath","value":"//button[@data-kt=\"addNewRUOverflowToolbarButton\"]"}
COMMAND: POST /session/4712af7ad0eaf46e7406ff23cdc0ea9d/elements - {"using":"xpath","value":"//button[@data-kt=\"addNewRUOverflowToolbarButton\"]"}
RESULT: {"using":"xpath","value":"//button[@data-kt=\"addNewRUOverflowToolbarButton\"]"}
COMMAND: POST /session/4712af7ad0eaf46e7406ff23cdc0ea9d/elements - {"using":"xpath","value":"//button[@data-kt=\"addNewRUOverflowToolbarButton\"]"}
RESULT: {"using":"xpath","value":"//button[@data-kt=\"addNewRUOverflowToolbarButton\"]"}
COMMAND: POST /session/4712af7ad0eaf46e7406ff23cdc0ea9d/elements - {"using":"xpath","value":"//button[@data-kt=\"addNewRUOverflowToolbarButton\"]"}
RESULT: {"using":"xpath","value":"//button[@data-kt=\"addNewRUOverflowToolbarButton\"]"}
COMMAND: POST /session/4712af7ad0eaf46e7406ff23cdc0ea9d/elements - {"using":"xpath","value":"//button[@data-kt=\"addNewRUOverflowToolbarButton\"]"}
RESULT: {"using":"xpath","value":"//button[@data-kt=\"addNewRUOverflowToolbarButton\"]"}
COMMAND: POST /session/4712af7ad0eaf46e7406ff23cdc0ea9d/elements - {"using":"xpath","value":"//button[@data-kt=\"addNewRUOverflowToolbarButton\"]"}
RESULT: {"using":"xpath","value":"//button[@data-kt=\"addNewRUOverflowToolbarButton\"]"}
COMMAND: POST /session/4712af7ad0eaf46e7406ff23cdc0ea9d/element - {"using":"xpath","value":"//button[@data-kt=\"addNewRUOverflowToolbarButton\"]"}
RESULT: {"using":"xpath","value":"//button[@data-kt=\"addNewRUOverflowToolbarButton\"]"}
COMMAND: POST /session/4712af7ad0eaf46e7406ff23cdc0ea9d/execute/sync - {"script":"<script> [8489 bytes]","args":[{"element-6066-11e4-a52e-4f735466cecf":"f.791DC57474D669730896E8DA48EFF857.d.FEFE8BEFF3C1877321B6C23268478534.e.9258","ELEMENT":"f.791DC57474D669730896E8DA48EFF857.d.FEFE8BEFF3C1877321B6C23268478534.e.9258"}]}
RESULT: {"script":"<script> [8489 bytes]","args":[{"element-6066-11e4-a52e-4f735466cecf":"f.791DC57474D669730896E8DA48EFF857.d.FEFE8BEFF3C1877321B6C23268478534.e.9258","ELEMENT":"f.791DC57474D669730896E8DA48EFF857.d.FEFE8BEFF3C1877321B6C23268478534.e.9258"}]}
COMMAND: GET /session/4712af7ad0eaf46e7406ff23cdc0ea9d/element/f.791DC57474D669730896E8DA48EFF857.d.FEFE8BEFF3C1877321B6C23268478534.e.9258/enabled - {}
COMMAND: GET /session/4712af7ad0eaf46e7406ff23cdc0ea9d/screenshot - {}
RESULT: {}
COMMAND: POST /session/4712af7ad0eaf46e7406ff23cdc0ea9d/execute/sync - {"script":"<script> [8489 bytes]","args":[{"element-6066-11e4-a52e-4f735466cecf":"f.791DC57474D669730896E8DA48EFF857.d.FEFE8BEFF3C1877321B6C23268478534.e.9258","ELEMENT":"f.791DC57474D669730896E8DA48EFF857.d.FEFE8BEFF3C1877321B6C23268478534.e.9258"}]}
COMMAND: GET /session/4712af7ad0eaf46e7406ff23cdc0ea9d/screenshot - {}
RESULT: {}
RESULT: {"script":"<script> [8489 bytes]","args":[{"element-6066-11e4-a52e-4f735466cecf":"f.791DC57474D669730896E8DA48EFF857.d.FEFE8BEFF3C1877321B6C23268478534.e.9258","ELEMENT":"f.791DC57474D669730896E8DA48EFF857.d.FEFE8BEFF3C1877321B6C23268478534.e.9258"}]}
COMMAND: POST /session/4712af7ad0eaf46e7406ff23cdc0ea9d/execute/sync - {"script":"<script> [5351 bytes]","args":[{"element-6066-11e4-a52e-4f735466cecf":"f.791DC57474D669730896E8DA48EFF857.d.FEFE8BEFF3C1877321B6C23268478534.e.9258","ELEMENT":"f.791DC57474D669730896E8DA48EFF857.d.FEFE8BEFF3C1877321B6C23268478534.e.9258"}]}
COMMAND: GET /session/4712af7ad0eaf46e7406ff23cdc0ea9d/screenshot - {}
RESULT: {}
RESULT: {"script":"<script> [5351 bytes]","args":[{"element-6066-11e4-a52e-4f735466cecf":"f.791DC57474D669730896E8DA48EFF857.d.FEFE8BEFF3C1877321B6C23268478534.e.9258","ELEMENT":"f.791DC57474D669730896E8DA48EFF857.d.FEFE8BEFF3C1877321B6C23268478534.e.9258"}]}
COMMAND: POST /session/4712af7ad0eaf46e7406ff23cdc0ea9d/element/f.791DC57474D669730896E8DA48EFF857.d.FEFE8BEFF3C1877321B6C23268478534.e.9258/click - {}
COMMAND: GET /session/4712af7ad0eaf46e7406ff23cdc0ea9d/screenshot - {}
RESULT: {}
RESULT: {}
COMMAND: GET /session/4712af7ad0eaf46e7406ff23cdc0ea9d/screenshot - {}
RESULT: {}
RESULT: {}
COMMAND: POST /session/4712af7ad0eaf46e7406ff23cdc0ea9d/execute/async - {"script":"<script> [1562 bytes]","args":[{"selector":{"id":"application-manageresources-display-component---newResourceUnit--TYPE-arrow"},"wdio_ui5_key":"applicationmanageresources-display-component---newResourceUnit--TYPE-arrow"}]}
RESULT: {"script":"<script> [1562 bytes]","args":[{"selector":{"id":"application-manageresources-display-component---newResourceUnit--TYPE-arrow"},"wdio_ui5_key":"applicationmanageresources-display-component---newResourceUnit--TYPE-arrow"}]}
RESULT: undefined
COMMAND: POST /session/4712af7ad0eaf46e7406ff23cdc0ea9d/element - {"using":"xpath","value":"//*[@id=\"application-manageresources-display-component---newResourceUnit--TYPE-arrow\"]"}
RESULT: {"using":"xpath","value":"//*[@id=\"application-manageresources-display-component---newResourceUnit--TYPE-arrow\"]"}
COMMAND: POST /session/4712af7ad0eaf46e7406ff23cdc0ea9d/element/f.791DC57474D669730896E8DA48EFF857.d.FEFE8BEFF3C1877321B6C23268478534.e.9632/click - {}
RESULT: {}
COMMAND: POST /session/4712af7ad0eaf46e7406ff23cdc0ea9d/element - {"using":"xpath","value":"//input[@id=\"application-manageresources-display-component---newResourceUnit--TYPE-inner\"]"}
COMMAND: GET /session/4712af7ad0eaf46e7406ff23cdc0ea9d/screenshot - {}
RESULT: {"using":"xpath","value":"//input[@id=\"application-manageresources-display-component---newResourceUnit--TYPE-inner\"]"}
COMMAND: POST /session/4712af7ad0eaf46e7406ff23cdc0ea9d/element/f.791DC57474D669730896E8DA48EFF857.d.FEFE8BEFF3C1877321B6C23268478534.e.9606/clear - {}
RESULT: {}
RESULT: {}
COMMAND: POST /session/4712af7ad0eaf46e7406ff23cdc0ea9d/element/f.791DC57474D669730896E8DA48EFF857.d.FEFE8BEFF3C1877321B6C23268478534.e.9606/value - {"text":"Equipment"}
COMMAND: GET /session/4712af7ad0eaf46e7406ff23cdc0ea9d/screenshot - {}
RESULT: {"text":"Equipment"}
COMMAND: GET /session/4712af7ad0eaf46e7406ff23cdc0ea9d/screenshot - {}
RESULT: {}
RESULT: {}
COMMAND: POST /session/4712af7ad0eaf46e7406ff23cdc0ea9d/actions - {"actions":[{"id":"action27","type":"key","parameters":{},"actions":[{"type":"keyDown","value":"î€‡"},{"type":"pause","duration":10},{"type":"keyUp","value":"î€‡"}]}]}
RESULT: {"actions":[{"id":"action27","type":"key","parameters":{},"actions":[{"type":"keyDown","value":"î€‡"},{"type":"pause","duration":10},{"type":"keyUp","value":"î€‡"}]}]}
COMMAND: POST /session/4712af7ad0eaf46e7406ff23cdc0ea9d/execute/async - {"script":"<script> [1562 bytes]","args":[{"selector":{"id":"application-manageresources-display-component---newResourceUnit--resourceId","interaction":{"idSuffix":"inner"}},"wdio_ui5_key":"applicationmanageresources-display-component---newResourceUnit--resourceId"}]}
COMMAND: GET /session/4712af7ad0eaf46e7406ff23cdc0ea9d/screenshot - {}
RESULT: {"script":"<script> [1562 bytes]","args":[{"selector":{"id":"application-manageresources-display-component---newResourceUnit--resourceId","interaction":{"idSuffix":"inner"}},"wdio_ui5_key":"applicationmanageresources-display-component---newResourceUnit--resourceId"}]}
RESULT: undefined
COMMAND: POST /session/4712af7ad0eaf46e7406ff23cdc0ea9d/execute/async - {"script":"<script> [776 bytes]","args":[{"enterText":"GaaCLkKAnG","selector":{"id":"application-manageresources-display-component---newResourceUnit--resourceId","interaction":{"idSuffix":"inner"}},"clearTextFirst":true,"interactionType":"ENTER_TEXT"}]}
RESULT: {}
RESULT: {"script":"<script> [776 bytes]","args":[{"enterText":"GaaCLkKAnG","selector":{"id":"application-manageresources-display-component---newResourceUnit--resourceId","interaction":{"idSuffix":"inner"}},"clearTextFirst":true,"interactionType":"ENTER_TEXT"}]}
COMMAND: POST /session/4712af7ad0eaf46e7406ff23cdc0ea9d/execute/async - {"script":"<script> [1562 bytes]","args":[{"selector":{"id":"application-manageresources-display-component---newResourceUnit--SHORT_TEXT","interaction":{"idSuffix":"inner"}},"wdio_ui5_key":"applicationmanageresources-display-component---newResourceUnit--SHORT_TEXT"}]}
RESULT: {"script":"<script> [1562 bytes]","args":[{"selector":{"id":"application-manageresources-display-component---newResourceUnit--SHORT_TEXT","interaction":{"idSuffix":"inner"}},"wdio_ui5_key":"applicationmanageresources-display-component---newResourceUnit--SHORT_TEXT"}]}
RESULT: undefined
COMMAND: POST /session/4712af7ad0eaf46e7406ff23cdc0ea9d/execute/async - {"script":"<script> [776 bytes]","args":[{"enterText":"Intercompany Equipment WDIO","selector":{"id":"application-manageresources-display-component---newResourceUnit--SHORT_TEXT","interaction":{"idSuffix":"inner"}},"clearTextFirst":true,"interactionType":"ENTER_TEXT"}]}
RESULT: {"script":"<script> [776 bytes]","args":[{"enterText":"Intercompany Equipment WDIO","selector":{"id":"application-manageresources-display-component---newResourceUnit--SHORT_TEXT","interaction":{"idSuffix":"inner"}},"clearTextFirst":true,"interactionType":"ENTER_TEXT"}]}
COMMAND: POST /session/4712af7ad0eaf46e7406ff23cdc0ea9d/execute/async - {"script":"<script> [1562 bytes]","args":[{"selector":{"id":"application-manageresources-display-component---newResourceUnit--BASE_UNIT_OF_MEASURE","interaction":{"idSuffix":"inner"}},"wdio_ui5_key":"applicationmanageresources-display-component---newResourceUnit--BASE_UNIT_OF_MEASURE"}]}
RESULT: {"script":"<script> [1562 bytes]","args":[{"selector":{"id":"application-manageresources-display-component---newResourceUnit--BASE_UNIT_OF_MEASURE","interaction":{"idSuffix":"inner"}},"wdio_ui5_key":"applicationmanageresources-display-component---newResourceUnit--BASE_UNIT_OF_MEASURE"}]}
RESULT: undefined
COMMAND: POST /session/4712af7ad0eaf46e7406ff23cdc0ea9d/execute/async - {"script":"<script> [776 bytes]","args":[{"enterText":"Piece","selector":{"id":"application-manageresources-display-component---newResourceUnit--BASE_UNIT_OF_MEASURE","interaction":{"idSuffix":"inner"}},"clearTextFirst":true,"interactionType":"ENTER_TEXT"}]}
RESULT: {"script":"<script> [776 bytes]","args":[{"enterText":"Piece","selector":{"id":"application-manageresources-display-component---newResourceUnit--BASE_UNIT_OF_MEASURE","interaction":{"idSuffix":"inner"}},"clearTextFirst":true,"interactionType":"ENTER_TEXT"}]}
COMMAND: POST /session/4712af7ad0eaf46e7406ff23cdc0ea9d/execute/async - {"script":"<script> [1562 bytes]","args":[{"selector":{"id":"application-manageresources-display-component---newResourceUnit--WEIGHT_UNIT","interaction":{"idSuffix":"inner"}},"wdio_ui5_key":"applicationmanageresources-display-component---newResourceUnit--WEIGHT_UNIT"}]}
RESULT: {"script":"<script> [1562 bytes]","args":[{"selector":{"id":"application-manageresources-display-component---newResourceUnit--WEIGHT_UNIT","interaction":{"idSuffix":"inner"}},"wdio_ui5_key":"applicationmanageresources-display-component---newResourceUnit--WEIGHT_UNIT"}]}
RESULT: undefined
COMMAND: POST /session/4712af7ad0eaf46e7406ff23cdc0ea9d/execute/async - {"script":"<script> [776 bytes]","args":[{"enterText":"Gram","selector":{"id":"application-manageresources-display-component---newResourceUnit--WEIGHT_UNIT","interaction":{"idSuffix":"inner"}},"clearTextFirst":true,"interactionType":"ENTER_TEXT"}]}
RESULT: {"script":"<script> [776 bytes]","args":[{"enterText":"Gram","selector":{"id":"application-manageresources-display-component---newResourceUnit--WEIGHT_UNIT","interaction":{"idSuffix":"inner"}},"clearTextFirst":true,"interactionType":"ENTER_TEXT"}]}
COMMAND: POST /session/4712af7ad0eaf46e7406ff23cdc0ea9d/execute/async - {"script":"<script> [1562 bytes]","args":[{"selector":{"id":"application-manageresources-display-component---newResourceUnit--DIMENSION_UNIT","interaction":{"idSuffix":"inner"}},"wdio_ui5_key":"applicationmanageresources-display-component---newResourceUnit--DIMENSION_UNIT"}]}
RESULT: {"script":"<script> [1562 bytes]","args":[{"selector":{"id":"application-manageresources-display-component---newResourceUnit--DIMENSION_UNIT","interaction":{"idSuffix":"inner"}},"wdio_ui5_key":"applicationmanageresources-display-component---newResourceUnit--DIMENSION_UNIT"}]}
RESULT: undefined
COMMAND: POST /session/4712af7ad0eaf46e7406ff23cdc0ea9d/execute/async - {"script":"<script> [776 bytes]","args":[{"enterText":"Meter","selector":{"id":"application-manageresources-display-component---newResourceUnit--DIMENSION_UNIT","interaction":{"idSuffix":"inner"}},"clearTextFirst":true,"interactionType":"ENTER_TEXT"}]}
RESULT: {"script":"<script> [776 bytes]","args":[{"enterText":"Meter","selector":{"id":"application-manageresources-display-component---newResourceUnit--DIMENSION_UNIT","interaction":{"idSuffix":"inner"}},"clearTextFirst":true,"interactionType":"ENTER_TEXT"}]}
COMMAND: POST /session/4712af7ad0eaf46e7406ff23cdc0ea9d/execute/async - {"script":"<script> [1562 bytes]","args":[{"selector":{"id":"application-manageresources-display-component---newResourceUnit--newRRUPage-anchBar-application-manageresources-display-component---newResourceUnit--control-anchor","interaction":{"idSuffix":"BDI-content"}},"wdio_ui5_key":"applicationmanageresources-display-component---newResourceUnit--newRRUPage-anchBar-application-manageresources-display-component---newResourceUnit--control-anchor"}]}
RESULT: {"script":"<script> [1562 bytes]","args":[{"selector":{"id":"application-manageresources-display-component---newResourceUnit--newRRUPage-anchBar-application-manageresources-display-component---newResourceUnit--control-anchor","interaction":{"idSuffix":"BDI-content"}},"wdio_ui5_key":"applicationmanageresources-display-component---newResourceUnit--newRRUPage-anchBar-application-manageresources-display-component---newResourceUnit--control-anchor"}]}
RESULT: undefined
COMMAND: POST /session/4712af7ad0eaf46e7406ff23cdc0ea9d/element - {"using":"xpath","value":"//*[@id=\"application-manageresources-display-component---newResourceUnit--newRRUPage-anchBar-application-manageresources-display-component---newResourceUnit--control-anchor\"]"}
RESULT: {"using":"xpath","value":"//*[@id=\"application-manageresources-display-component---newResourceUnit--newRRUPage-anchBar-application-manageresources-display-component---newResourceUnit--control-anchor\"]"}
COMMAND: POST /session/4712af7ad0eaf46e7406ff23cdc0ea9d/element/f.791DC57474D669730896E8DA48EFF857.d.FEFE8BEFF3C1877321B6C23268478534.e.9767/click - {}
RESULT: {}
COMMAND: POST /session/4712af7ad0eaf46e7406ff23cdc0ea9d/execute/async - {"script":"<script> [1562 bytes]","args":[{"selector":{"id":"application-manageresources-display-component---newResourceUnit--PLANNING_GROUP","interaction":{"idSuffix":"inner"}},"wdio_ui5_key":"applicationmanageresources-display-component---newResourceUnit--PLANNING_GROUP"}]}
COMMAND: GET /session/4712af7ad0eaf46e7406ff23cdc0ea9d/screenshot - {}
RESULT: {"script":"<script> [1562 bytes]","args":[{"selector":{"id":"application-manageresources-display-component---newResourceUnit--PLANNING_GROUP","interaction":{"idSuffix":"inner"}},"wdio_ui5_key":"applicationmanageresources-display-component---newResourceUnit--PLANNING_GROUP"}]}
RESULT: undefined
COMMAND: POST /session/4712af7ad0eaf46e7406ff23cdc0ea9d/execute/async - {"script":"<script> [776 bytes]","args":[{"enterText":"Heavy Equi","selector":{"id":"application-manageresources-display-component---newResourceUnit--PLANNING_GROUP","interaction":{"idSuffix":"inner"}},"clearTextFirst":true,"interactionType":"ENTER_TEXT"}]}
RESULT: {}
RESULT: {"script":"<script> [776 bytes]","args":[{"enterText":"Heavy Equi","selector":{"id":"application-manageresources-display-component---newResourceUnit--PLANNING_GROUP","interaction":{"idSuffix":"inner"}},"clearTextFirst":true,"interactionType":"ENTER_TEXT"}]}
COMMAND: POST /session/4712af7ad0eaf46e7406ff23cdc0ea9d/execute/async - {"script":"<script> [1562 bytes]","args":[{"selector":{"id":"application-manageresources-display-component---newResourceUnit--ITEM_TYPE-arrow"},"wdio_ui5_key":"applicationmanageresources-display-component---newResourceUnit--ITEM_TYPE-arrow"}]}
RESULT: {"script":"<script> [1562 bytes]","args":[{"selector":{"id":"application-manageresources-display-component---newResourceUnit--ITEM_TYPE-arrow"},"wdio_ui5_key":"applicationmanageresources-display-component---newResourceUnit--ITEM_TYPE-arrow"}]}
RESULT: undefined
COMMAND: POST /session/4712af7ad0eaf46e7406ff23cdc0ea9d/element - {"using":"xpath","value":"//*[@id=\"application-manageresources-display-component---newResourceUnit--ITEM_TYPE-arrow\"]"}
RESULT: {"using":"xpath","value":"//*[@id=\"application-manageresources-display-component---newResourceUnit--ITEM_TYPE-arrow\"]"}
COMMAND: POST /session/4712af7ad0eaf46e7406ff23cdc0ea9d/element/f.791DC57474D669730896E8DA48EFF857.d.FEFE8BEFF3C1877321B6C23268478534.e.9774/click - {}
RESULT: {}
COMMAND: POST /session/4712af7ad0eaf46e7406ff23cdc0ea9d/element - {"using":"xpath","value":"(//span[contains(text(), \"Resource Unit\")])[2]"}
COMMAND: GET /session/4712af7ad0eaf46e7406ff23cdc0ea9d/screenshot - {}
RESULT: {"using":"xpath","value":"(//span[contains(text(), \"Resource Unit\")])[2]"}
COMMAND: POST /session/4712af7ad0eaf46e7406ff23cdc0ea9d/element/f.791DC57474D669730896E8DA48EFF857.d.FEFE8BEFF3C1877321B6C23268478534.e.9775/click - {}
RESULT: {}
RESULT: {}
COMMAND: GET /session/4712af7ad0eaf46e7406ff23cdc0ea9d/screenshot - {}
RESULT: {}
COMMAND: POST /session/4712af7ad0eaf46e7406ff23cdc0ea9d/element - {"using":"css selector","value":"#application-manageresources-display-component---newResourceUnit--btnAddTimeSegment"}
RESULT: {"using":"css selector","value":"#application-manageresources-display-component---newResourceUnit--btnAddTimeSegment"}
COMMAND: GET /session/4712af7ad0eaf46e7406ff23cdc0ea9d/element/f.791DC57474D669730896E8DA48EFF857.d.FEFE8BEFF3C1877321B6C23268478534.e.9776/rect - {}
RESULT: {}
COMMAND: GET /session/4712af7ad0eaf46e7406ff23cdc0ea9d/window/rect - {}
RESULT: {}
COMMAND: POST /session/4712af7ad0eaf46e7406ff23cdc0ea9d/execute/sync - {"script":"<script> [92 bytes]","args":[]}
RESULT: {"script":"<script> [92 bytes]","args":[]}
COMMAND: POST /session/4712af7ad0eaf46e7406ff23cdc0ea9d/actions - {"actions":[{"id":"action28","type":"wheel","parameters":{},"actions":[{"type":"scroll","x":-1888,"y":-32,"deltaX":0,"deltaY":0,"duration":0,"origin":{"element-6066-11e4-a52e-4f735466cecf":"f.791DC57474D669730896E8DA48EFF857.d.FEFE8BEFF3C1877321B6C23268478534.e.9776"}}]}]}
COMMAND: GET /session/4712af7ad0eaf46e7406ff23cdc0ea9d/screenshot - {}
RESULT: {}
COMMAND: POST /session/4712af7ad0eaf46e7406ff23cdc0ea9d/execute/sync - {"script":"<script> [79 bytes]","args":[{"element-6066-11e4-a52e-4f735466cecf":"f.791DC57474D669730896E8DA48EFF857.d.FEFE8BEFF3C1877321B6C23268478534.e.9776","ELEMENT":"f.791DC57474D669730896E8DA48EFF857.d.FEFE8BEFF3C1877321B6C23268478534.e.9776"},{"block":"start","inline":"nearest"}]}
RESULT: {"script":"<script> [79 bytes]","args":[{"element-6066-11e4-a52e-4f735466cecf":"f.791DC57474D669730896E8DA48EFF857.d.FEFE8BEFF3C1877321B6C23268478534.e.9776","ELEMENT":"f.791DC57474D669730896E8DA48EFF857.d.FEFE8BEFF3C1877321B6C23268478534.e.9776"},{"block":"start","inline":"nearest"}]}
COMMAND: POST /session/4712af7ad0eaf46e7406ff23cdc0ea9d/execute/async - {"script":"<script> [1562 bytes]","args":[{"selector":{"id":"application-manageresources-display-component---newResourceUnit--btnAddTimeSegment","interaction":{"idSuffix":"inner"}},"wdio_ui5_key":"applicationmanageresources-display-component---newResourceUnit--btnAddTimeSegment"}]}
COMMAND: GET /session/4712af7ad0eaf46e7406ff23cdc0ea9d/screenshot - {}
RESULT: {"script":"<script> [1562 bytes]","args":[{"selector":{"id":"application-manageresources-display-component---newResourceUnit--btnAddTimeSegment","interaction":{"idSuffix":"inner"}},"wdio_ui5_key":"applicationmanageresources-display-component---newResourceUnit--btnAddTimeSegment"}]}
RESULT: undefined
COMMAND: POST /session/4712af7ad0eaf46e7406ff23cdc0ea9d/element - {"using":"xpath","value":"//*[@id=\"application-manageresources-display-component---newResourceUnit--btnAddTimeSegment\"]"}
RESULT: {}
RESULT: {"using":"xpath","value":"//*[@id=\"application-manageresources-display-component---newResourceUnit--btnAddTimeSegment\"]"}
COMMAND: POST /session/4712af7ad0eaf46e7406ff23cdc0ea9d/element/f.791DC57474D669730896E8DA48EFF857.d.FEFE8BEFF3C1877321B6C23268478534.e.9776/click - {}
RESULT: {}
COMMAND: GET /session/4712af7ad0eaf46e7406ff23cdc0ea9d/screenshot - {}
RESULT: {}
COMMAND: POST /session/4712af7ad0eaf46e7406ff23cdc0ea9d/element - {"using":"xpath","value":"//input[@id=\"application-manageresources-display-component---newResourceUnit--idRuTSAdmin-application-manageresources-display-component---newResourceUnit--RUTimeSegment-0-inner\"]"}
RESULT: {"using":"xpath","value":"//input[@id=\"application-manageresources-display-component---newResourceUnit--idRuTSAdmin-application-manageresources-display-component---newResourceUnit--RUTimeSegment-0-inner\"]"}
COMMAND: POST /session/4712af7ad0eaf46e7406ff23cdc0ea9d/element/f.791DC57474D669730896E8DA48EFF857.d.FEFE8BEFF3C1877321B6C23268478534.e.9782/clear - {}
RESULT: {}
COMMAND: POST /session/4712af7ad0eaf46e7406ff23cdc0ea9d/element/f.791DC57474D669730896E8DA48EFF857.d.FEFE8BEFF3C1877321B6C23268478534.e.9782/value - {"text":"433"}
COMMAND: GET /session/4712af7ad0eaf46e7406ff23cdc0ea9d/screenshot - {}
RESULT: {"text":"433"}
COMMAND: GET /session/4712af7ad0eaf46e7406ff23cdc0ea9d/screenshot - {}
RESULT: {}
RESULT: {}
COMMAND: POST /session/4712af7ad0eaf46e7406ff23cdc0ea9d/element - {"using":"xpath","value":"//li[.//span[text()='433']]"}
RESULT: {"using":"xpath","value":"//li[.//span[text()='433']]"}
COMMAND: POST /session/4712af7ad0eaf46e7406ff23cdc0ea9d/element/f.791DC57474D669730896E8DA48EFF857.d.FEFE8BEFF3C1877321B6C23268478534.e.9794/click - {}
RESULT: {}
COMMAND: GET /session/4712af7ad0eaf46e7406ff23cdc0ea9d/screenshot - {}
RESULT: {}
COMMAND: POST /session/4712af7ad0eaf46e7406ff23cdc0ea9d/element - {"using":"xpath","value":"(//span[contains(@id, \"-application-manageresources-display-component---newResourceUnit--RUTimeSegment-0-arrow\")])[6]"}
RESULT: {"using":"xpath","value":"(//span[contains(@id, \"-application-manageresources-display-component---newResourceUnit--RUTimeSegment-0-arrow\")])[6]"}
COMMAND: POST /session/4712af7ad0eaf46e7406ff23cdc0ea9d/element/f.791DC57474D669730896E8DA48EFF857.d.FEFE8BEFF3C1877321B6C23268478534.e.9795/click - {}
RESULT: {}
COMMAND: POST /session/4712af7ad0eaf46e7406ff23cdc0ea9d/element - {"using":"xpath","value":"//span[contains(text(), \"PM Order\")]"}
COMMAND: GET /session/4712af7ad0eaf46e7406ff23cdc0ea9d/screenshot - {}
RESULT: {"using":"xpath","value":"//span[contains(text(), \"PM Order\")]"}
COMMAND: POST /session/4712af7ad0eaf46e7406ff23cdc0ea9d/element/f.791DC57474D669730896E8DA48EFF857.d.FEFE8BEFF3C1877321B6C23268478534.e.9798/click - {}
RESULT: {}
RESULT: {}
COMMAND: GET /session/4712af7ad0eaf46e7406ff23cdc0ea9d/screenshot - {}
RESULT: {}
COMMAND: POST /session/4712af7ad0eaf46e7406ff23cdc0ea9d/element - {"using":"xpath","value":"(//span[contains(@id ,\"manageresources-display-component---newResourceUnit--RUTimeSegment-0-vhi\")])[1]"}
RESULT: {"using":"xpath","value":"(//span[contains(@id ,\"manageresources-display-component---newResourceUnit--RUTimeSegment-0-vhi\")])[1]"}
COMMAND: GET /session/4712af7ad0eaf46e7406ff23cdc0ea9d/element/f.791DC57474D669730896E8DA48EFF857.d.FEFE8BEFF3C1877321B6C23268478534.e.9802/rect - {}
RESULT: {}
COMMAND: GET /session/4712af7ad0eaf46e7406ff23cdc0ea9d/window/rect - {}
RESULT: {}
COMMAND: POST /session/4712af7ad0eaf46e7406ff23cdc0ea9d/execute/sync - {"script":"<script> [92 bytes]","args":[]}
RESULT: {"script":"<script> [92 bytes]","args":[]}
COMMAND: POST /session/4712af7ad0eaf46e7406ff23cdc0ea9d/actions - {"actions":[{"id":"action29","type":"wheel","parameters":{},"actions":[{"type":"scroll","x":-869,"y":-24,"deltaX":0,"deltaY":0,"duration":0,"origin":{"element-6066-11e4-a52e-4f735466cecf":"f.791DC57474D669730896E8DA48EFF857.d.FEFE8BEFF3C1877321B6C23268478534.e.9802"}}]}]}
COMMAND: GET /session/4712af7ad0eaf46e7406ff23cdc0ea9d/screenshot - {}
RESULT: {"actions":[{"id":"action29","type":"wheel","parameters":{},"actions":[{"type":"scroll","x":-869,"y":-24,"deltaX":0,"deltaY":0,"duration":0,"origin":{"element-6066-11e4-a52e-4f735466cecf":"f.791DC57474D669730896E8DA48EFF857.d.FEFE8BEFF3C1877321B6C23268478534.e.9802"}}]}]}
COMMAND: DELETE /session/4712af7ad0eaf46e7406ff23cdc0ea9d/actions - {}
COMMAND: GET /session/4712af7ad0eaf46e7406ff23cdc0ea9d/screenshot - {}
RESULT: {}
RESULT: {}
COMMAND: GET /session/4712af7ad0eaf46e7406ff23cdc0ea9d/screenshot - {}
RESULT: {}
RESULT: {}
COMMAND: POST /session/4712af7ad0eaf46e7406ff23cdc0ea9d/element/f.791DC57474D669730896E8DA48EFF857.d.FEFE8BEFF3C1877321B6C23268478534.e.9802/click - {}
RESULT: {}
COMMAND: GET /session/4712af7ad0eaf46e7406ff23cdc0ea9d/screenshot - {}
RESULT: {}
COMMAND: POST /session/4712af7ad0eaf46e7406ff23cdc0ea9d/execute/async - {"script":"<script> [1562 bytes]","args":[{"selector":{"controlType":"sap.m.SearchField","properties":{"placeholder":"Search"},"searchOpenDialogs":true,"interaction":{"idSuffix":"I"}},"wdio_ui5_key":"sapm.SearchField{\"placeholder\":\"Search\"}"}]}
RESULT: {"script":"<script> [1562 bytes]","args":[{"selector":{"controlType":"sap.m.SearchField","properties":{"placeholder":"Search"},"searchOpenDialogs":true,"interaction":{"idSuffix":"I"}},"wdio_ui5_key":"sapm.SearchField{\"placeholder\":\"Search\"}"}]}
RESULT: undefined
COMMAND: POST /session/4712af7ad0eaf46e7406ff23cdc0ea9d/execute/async - {"script":"<script> [776 bytes]","args":[{"enterText":"4000360","selector":{"controlType":"sap.m.SearchField","properties":{"placeholder":"Search"},"searchOpenDialogs":true,"interaction":{"idSuffix":"I"}},"clearTextFirst":true,"interactionType":"ENTER_TEXT"}]}
RESULT: {"script":"<script> [776 bytes]","args":[{"enterText":"4000360","selector":{"controlType":"sap.m.SearchField","properties":{"placeholder":"Search"},"searchOpenDialogs":true,"interaction":{"idSuffix":"I"}},"clearTextFirst":true,"interactionType":"ENTER_TEXT"}]}
COMMAND: POST /session/4712af7ad0eaf46e7406ff23cdc0ea9d/actions - {"actions":[{"id":"action30","type":"key","parameters":{},"actions":[{"type":"keyDown","value":"î€‡"},{"type":"pause","duration":10},{"type":"keyUp","value":"î€‡"}]}]}
RESULT: {"actions":[{"id":"action30","type":"key","parameters":{},"actions":[{"type":"keyDown","value":"î€‡"},{"type":"pause","duration":10},{"type":"keyUp","value":"î€‡"}]}]}
COMMAND: GET /session/4712af7ad0eaf46e7406ff23cdc0ea9d/screenshot - {}
RESULT: {}
COMMAND: POST /session/4712af7ad0eaf46e7406ff23cdc0ea9d/element - {"using":"xpath","value":"//td/div/span[contains(text(), \"BGL Vehicles\")]"}
RESULT: {"using":"xpath","value":"//td/div/span[contains(text(), \"BGL Vehicles\")]"}
COMMAND: POST /session/4712af7ad0eaf46e7406ff23cdc0ea9d/element/f.791DC57474D669730896E8DA48EFF857.d.FEFE8BEFF3C1877321B6C23268478534.e.9824/click - {}
RESULT: {}
COMMAND: GET /session/4712af7ad0eaf46e7406ff23cdc0ea9d/screenshot - {}
RESULT: {}
COMMAND: POST /session/4712af7ad0eaf46e7406ff23cdc0ea9d/element - {"using":"xpath","value":"//bdi[contains(text(), \"OK\")]"}
RESULT: {"using":"xpath","value":"//bdi[contains(text(), \"OK\")]"}
COMMAND: POST /session/4712af7ad0eaf46e7406ff23cdc0ea9d/element/f.791DC57474D669730896E8DA48EFF857.d.FEFE8BEFF3C1877321B6C23268478534.e.9825/click - {}
RESULT: {}
COMMAND: GET /session/4712af7ad0eaf46e7406ff23cdc0ea9d/screenshot - {}
RESULT: {}
COMMAND: POST /session/4712af7ad0eaf46e7406ff23cdc0ea9d/execute/async - {"script":"<script> [1562 bytes]","args":[{"selector":{"id":"application-manageresources-display-component---newResourceUnit--newRRUPage-anchBar-application-manageresources-display-component---newResourceUnit--resource-anchor","interaction":{"idSuffix":"BDI-content"}},"wdio_ui5_key":"applicationmanageresources-display-component---newResourceUnit--newRRUPage-anchBar-application-manageresources-display-component---newResourceUnit--resource-anchor"}]}
RESULT: {"script":"<script> [1562 bytes]","args":[{"selector":{"id":"application-manageresources-display-component---newResourceUnit--newRRUPage-anchBar-application-manageresources-display-component---newResourceUnit--resource-anchor","interaction":{"idSuffix":"BDI-content"}},"wdio_ui5_key":"applicationmanageresources-display-component---newResourceUnit--newRRUPage-anchBar-application-manageresources-display-component---newResourceUnit--resource-anchor"}]}
RESULT: undefined
COMMAND: POST /session/4712af7ad0eaf46e7406ff23cdc0ea9d/element - {"using":"xpath","value":"//*[@id=\"application-manageresources-display-component---newResourceUnit--newRRUPage-anchBar-application-manageresources-display-component---newResourceUnit--resource-anchor\"]"}
RESULT: {"using":"xpath","value":"//*[@id=\"application-manageresources-display-component---newResourceUnit--newRRUPage-anchBar-application-manageresources-display-component---newResourceUnit--resource-anchor\"]"}
COMMAND: POST /session/4712af7ad0eaf46e7406ff23cdc0ea9d/element/f.791DC57474D669730896E8DA48EFF857.d.FEFE8BEFF3C1877321B6C23268478534.e.9829/click - {}
RESULT: {}
COMMAND: POST /session/4712af7ad0eaf46e7406ff23cdc0ea9d/execute/async - {"script":"<script> [1562 bytes]","args":[{"selector":{"id":"application-manageresources-display-component---newResourceUnit--PLANNED_DELIVERY_DATE","interaction":{"idSuffix":"inner"}},"wdio_ui5_key":"applicationmanageresources-display-component---newResourceUnit--PLANNED_DELIVERY_DATE"}]}
COMMAND: GET /session/4712af7ad0eaf46e7406ff23cdc0ea9d/screenshot - {}
RESULT: {"script":"<script> [1562 bytes]","args":[{"selector":{"id":"application-manageresources-display-component---newResourceUnit--PLANNED_DELIVERY_DATE","interaction":{"idSuffix":"inner"}},"wdio_ui5_key":"applicationmanageresources-display-component---newResourceUnit--PLANNED_DELIVERY_DATE"}]}
RESULT: undefined
COMMAND: POST /session/4712af7ad0eaf46e7406ff23cdc0ea9d/execute/async - {"script":"<script> [6424 bytes]","args":[{"element-6066-11e4-a52e-4f735466cecf":"f.791DC57474D669730896E8DA48EFF857.d.FEFE8BEFF3C1877321B6C23268478534.e.9690"},"setValue",["4/30/25"]]}
RESULT: {}
RESULT: {"script":"<script> [6424 bytes]","args":[{"element-6066-11e4-a52e-4f735466cecf":"f.791DC57474D669730896E8DA48EFF857.d.FEFE8BEFF3C1877321B6C23268478534.e.9690"},"setValue",["4/30/25"]]}
COMMAND: POST /session/4712af7ad0eaf46e7406ff23cdc0ea9d/element - {"using":"xpath","value":"//button[@data-kt=\"resourceUnitSaveButton\"]"}
RESULT: {"using":"xpath","value":"//button[@data-kt=\"resourceUnitSaveButton\"]"}
COMMAND: POST /session/4712af7ad0eaf46e7406ff23cdc0ea9d/element/f.791DC57474D669730896E8DA48EFF857.d.FEFE8BEFF3C1877321B6C23268478534.e.9651/click - {}
RESULT: {}
COMMAND: GET /session/4712af7ad0eaf46e7406ff23cdc0ea9d/screenshot - {}
RESULT: {}
COMMAND: POST /session/4712af7ad0eaf46e7406ff23cdc0ea9d/element - {"using":"xpath","value":"//bdi[contains(text(), \"Close\")]"}
RESULT: {"using":"xpath","value":"//bdi[contains(text(), \"Close\")]"}
COMMAND: POST /session/4712af7ad0eaf46e7406ff23cdc0ea9d/element/f.791DC57474D669730896E8DA48EFF857.d.FEFE8BEFF3C1877321B6C23268478534.e.9837/click - {}
RESULT: {}
COMMAND: GET /session/4712af7ad0eaf46e7406ff23cdc0ea9d/screenshot - {}
RESULT: {}
COMMAND: POST /session/4712af7ad0eaf46e7406ff23cdc0ea9d/element - {"using":"xpath","value":"//bdi[contains(text(), \"Edit\")]"}
RESULT: {"using":"xpath","value":"//bdi[contains(text(), \"Edit\")]"}
COMMAND: POST /session/4712af7ad0eaf46e7406ff23cdc0ea9d/execute/sync - {"script":"<script> [8489 bytes]","args":[{"element-6066-11e4-a52e-4f735466cecf":"f.791DC57474D669730896E8DA48EFF857.d.FEFE8BEFF3C1877321B6C23268478534.e.9890","ELEMENT":"f.791DC57474D669730896E8DA48EFF857.d.FEFE8BEFF3C1877321B6C23268478534.e.9890"}]}
RESULT: {"script":"<script> [8489 bytes]","args":[{"element-6066-11e4-a52e-4f735466cecf":"f.791DC57474D669730896E8DA48EFF857.d.FEFE8BEFF3C1877321B6C23268478534.e.9890","ELEMENT":"f.791DC57474D669730896E8DA48EFF857.d.FEFE8BEFF3C1877321B6C23268478534.e.9890"}]}
COMMAND: POST /session/4712af7ad0eaf46e7406ff23cdc0ea9d/element/f.791DC57474D669730896E8DA48EFF857.d.FEFE8BEFF3C1877321B6C23268478534.e.9890/click - {}
COMMAND: GET /session/4712af7ad0eaf46e7406ff23cdc0ea9d/screenshot - {}
RESULT: {}
COMMAND: GET /session/4712af7ad0eaf46e7406ff23cdc0ea9d/screenshot - {}
RESULT: {}
COMMAND: POST /session/4712af7ad0eaf46e7406ff23cdc0ea9d/execute/async - {"script":"<script> [1562 bytes]","args":[{"selector":{"id":"application-manageresources-display-component---editResource--editRruPage-anchBar-application-manageresources-display-component---editResource--counters-anchor","interaction":{"idSuffix":"BDI-content"}},"wdio_ui5_key":"applicationmanageresources-display-component---editResource--editRruPage-anchBar-application-manageresources-display-component---editResource--counters-anchor"}]}
RESULT: {}
RESULT: {"script":"<script> [1562 bytes]","args":[{"selector":{"id":"application-manageresources-display-component---editResource--editRruPage-anchBar-application-manageresources-display-component---editResource--counters-anchor","interaction":{"idSuffix":"BDI-content"}},"wdio_ui5_key":"applicationmanageresources-display-component---editResource--editRruPage-anchBar-application-manageresources-display-component---editResource--counters-anchor"}]}
RESULT: undefined
COMMAND: POST /session/4712af7ad0eaf46e7406ff23cdc0ea9d/element - {"using":"xpath","value":"//*[@id=\"application-manageresources-display-component---editResource--editRruPage-anchBar-application-manageresources-display-component---editResource--counters-anchor\"]"}
RESULT: {"using":"xpath","value":"//*[@id=\"application-manageresources-display-component---editResource--editRruPage-anchBar-application-manageresources-display-component---editResource--counters-anchor\"]"}
COMMAND: POST /session/4712af7ad0eaf46e7406ff23cdc0ea9d/element/f.791DC57474D669730896E8DA48EFF857.d.FEFE8BEFF3C1877321B6C23268478534.e.9994/click - {}
RESULT: {}
COMMAND: GET /session/4712af7ad0eaf46e7406ff23cdc0ea9d/screenshot - {}
RESULT: {}
COMMAND: POST /session/4712af7ad0eaf46e7406ff23cdc0ea9d/execute/async - {"script":"<script> [1562 bytes]","args":[{"selector":{"id":"application-manageresources-display-component---editResource--btnAddCounter-img"},"wdio_ui5_key":"applicationmanageresources-display-component---editResource--btnAddCounter-img"}]}
RESULT: {"script":"<script> [1562 bytes]","args":[{"selector":{"id":"application-manageresources-display-component---editResource--btnAddCounter-img"},"wdio_ui5_key":"applicationmanageresources-display-component---editResource--btnAddCounter-img"}]}
RESULT: undefined
COMMAND: POST /session/4712af7ad0eaf46e7406ff23cdc0ea9d/element - {"using":"xpath","value":"//*[@id=\"application-manageresources-display-component---editResource--btnAddCounter-img\"]"}
RESULT: {"using":"xpath","value":"//*[@id=\"application-manageresources-display-component---editResource--btnAddCounter-img\"]"}
COMMAND: POST /session/4712af7ad0eaf46e7406ff23cdc0ea9d/element/f.791DC57474D669730896E8DA48EFF857.d.FEFE8BEFF3C1877321B6C23268478534.e.10028/click - {}
RESULT: {}
COMMAND: POST /session/4712af7ad0eaf46e7406ff23cdc0ea9d/execute/async - {"script":"<script> [1562 bytes]","args":[{"selector":{"id":"application-manageresources-display-component---editResource--COUNTER_ID-application-manageresources-display-component---editResource--RUCounters-0-arrow"},"wdio_ui5_key":"applicationmanageresources-display-component---editResource--COUNTER_ID-application-manageresources-display-component---editResource--RUCounters-0-arrow"}]}
COMMAND: GET /session/4712af7ad0eaf46e7406ff23cdc0ea9d/screenshot - {}
RESULT: {"script":"<script> [1562 bytes]","args":[{"selector":{"id":"application-manageresources-display-component---editResource--COUNTER_ID-application-manageresources-display-component---editResource--RUCounters-0-arrow"},"wdio_ui5_key":"applicationmanageresources-display-component---editResource--COUNTER_ID-application-manageresources-display-component---editResource--RUCounters-0-arrow"}]}
RESULT: undefined
COMMAND: POST /session/4712af7ad0eaf46e7406ff23cdc0ea9d/element - {"using":"xpath","value":"//*[@id=\"application-manageresources-display-component---editResource--COUNTER_ID-application-manageresources-display-component---editResource--RUCounters-0-arrow\"]"}
RESULT: {}
RESULT: {"using":"xpath","value":"//*[@id=\"application-manageresources-display-component---editResource--COUNTER_ID-application-manageresources-display-component---editResource--RUCounters-0-arrow\"]"}
COMMAND: POST /session/4712af7ad0eaf46e7406ff23cdc0ea9d/element/f.791DC57474D669730896E8DA48EFF857.d.FEFE8BEFF3C1877321B6C23268478534.e.10033/click - {}
RESULT: {}
COMMAND: POST /session/4712af7ad0eaf46e7406ff23cdc0ea9d/execute/async - {"script":"<script> [1562 bytes]","args":[{"selector":{"controlType":"sap.m.StandardListItem","viewName":"etm.portal.ui.manageresources.view.EditResource","viewId":"application-manageresources-display-component---editResource","properties":{"title":"fuel"},"searchOpenDialogs":true,"interaction":{"idSuffix":"content"}},"wdio_ui5_key":"etmportal.ui.manageresources.view.EditResourcesap.m.StandardListItem{\"title\":\"fuel\"}"}]}
COMMAND: GET /session/4712af7ad0eaf46e7406ff23cdc0ea9d/screenshot - {}
RESULT: {"script":"<script> [1562 bytes]","args":[{"selector":{"controlType":"sap.m.StandardListItem","viewName":"etm.portal.ui.manageresources.view.EditResource","viewId":"application-manageresources-display-component---editResource","properties":{"title":"fuel"},"searchOpenDialogs":true,"interaction":{"idSuffix":"content"}},"wdio_ui5_key":"etmportal.ui.manageresources.view.EditResourcesap.m.StandardListItem{\"title\":\"fuel\"}"}]}
RESULT: undefined
COMMAND: POST /session/4712af7ad0eaf46e7406ff23cdc0ea9d/element - {"using":"xpath","value":"//*[@id=\"__item888\"]"}
RESULT: {}
RESULT: {"using":"xpath","value":"//*[@id=\"__item888\"]"}
COMMAND: POST /session/4712af7ad0eaf46e7406ff23cdc0ea9d/element/f.791DC57474D669730896E8DA48EFF857.d.FEFE8BEFF3C1877321B6C23268478534.e.10035/click - {}
RESULT: {}
COMMAND: GET /session/4712af7ad0eaf46e7406ff23cdc0ea9d/screenshot - {}
RESULT: {}
COMMAND: POST /session/4712af7ad0eaf46e7406ff23cdc0ea9d/element - {"using":"xpath","value":"//button[@data-kt=\"saveButton\"]"}
RESULT: {"using":"xpath","value":"//button[@data-kt=\"saveButton\"]"}
COMMAND: POST /session/4712af7ad0eaf46e7406ff23cdc0ea9d/element/f.791DC57474D669730896E8DA48EFF857.d.FEFE8BEFF3C1877321B6C23268478534.e.9968/click - {}
RESULT: {}
COMMAND: GET /session/4712af7ad0eaf46e7406ff23cdc0ea9d/screenshot - {}
RESULT: {}
COMMAND: POST /session/4712af7ad0eaf46e7406ff23cdc0ea9d/element - {"using":"xpath","value":"(//button[contains(@id ,\"actionsToolbar-overflowButton\")])[1]"}
RESULT: {"using":"xpath","value":"(//button[contains(@id ,\"actionsToolbar-overflowButton\")])[1]"}
COMMAND: POST /session/4712af7ad0eaf46e7406ff23cdc0ea9d/element/f.791DC57474D669730896E8DA48EFF857.d.FEFE8BEFF3C1877321B6C23268478534.e.10046/click - {}
RESULT: {}
COMMAND: GET /session/4712af7ad0eaf46e7406ff23cdc0ea9d/screenshot - {}
RESULT: {}
COMMAND: POST /session/4712af7ad0eaf46e7406ff23cdc0ea9d/element - {"using":"xpath","value":"//button[@data-kt=\"priceInfoButton\"]"}
RESULT: {"using":"xpath","value":"//button[@data-kt=\"priceInfoButton\"]"}
COMMAND: POST /session/4712af7ad0eaf46e7406ff23cdc0ea9d/element/f.791DC57474D669730896E8DA48EFF857.d.FEFE8BEFF3C1877321B6C23268478534.e.10048/click - {}
RESULT: {}
COMMAND: GET /session/4712af7ad0eaf46e7406ff23cdc0ea9d/screenshot - {}
RESULT: {}
]]></system-out>
    </testcase>
    <testcase classname="chrome.135_0_7049_96.windows.Create_master_data_for_mixed_billing_&amp;_do_billing_calculation_US151661" name="Should create a TB pricing procedure" time="50.858">
      <system-out><![CDATA[
COMMAND: POST /session/4712af7ad0eaf46e7406ff23cdc0ea9d/element - {"using":"xpath","value":"//button[@data-kt=\"addButton\"]"}
RESULT: {"using":"xpath","value":"//button[@data-kt=\"addButton\"]"}
COMMAND: POST /session/4712af7ad0eaf46e7406ff23cdc0ea9d/elements - {"using":"xpath","value":"//button[@data-kt=\"addButton\"]"}
RESULT: {"using":"xpath","value":"//button[@data-kt=\"addButton\"]"}
COMMAND: POST /session/4712af7ad0eaf46e7406ff23cdc0ea9d/elements - {"using":"xpath","value":"//button[@data-kt=\"addButton\"]"}
RESULT: {"using":"xpath","value":"//button[@data-kt=\"addButton\"]"}
COMMAND: POST /session/4712af7ad0eaf46e7406ff23cdc0ea9d/element - {"using":"xpath","value":"//button[@data-kt=\"addButton\"]"}
RESULT: {"using":"xpath","value":"//button[@data-kt=\"addButton\"]"}
COMMAND: POST /session/4712af7ad0eaf46e7406ff23cdc0ea9d/execute/sync - {"script":"<script> [8489 bytes]","args":[{"element-6066-11e4-a52e-4f735466cecf":"f.791DC57474D669730896E8DA48EFF857.d.FEFE8BEFF3C1877321B6C23268478534.e.10084","ELEMENT":"f.791DC57474D669730896E8DA48EFF857.d.FEFE8BEFF3C1877321B6C23268478534.e.10084"}]}
RESULT: {"script":"<script> [8489 bytes]","args":[{"element-6066-11e4-a52e-4f735466cecf":"f.791DC57474D669730896E8DA48EFF857.d.FEFE8BEFF3C1877321B6C23268478534.e.10084","ELEMENT":"f.791DC57474D669730896E8DA48EFF857.d.FEFE8BEFF3C1877321B6C23268478534.e.10084"}]}
COMMAND: GET /session/4712af7ad0eaf46e7406ff23cdc0ea9d/element/f.791DC57474D669730896E8DA48EFF857.d.FEFE8BEFF3C1877321B6C23268478534.e.10084/enabled - {}
COMMAND: GET /session/4712af7ad0eaf46e7406ff23cdc0ea9d/screenshot - {}
RESULT: {}
COMMAND: POST /session/4712af7ad0eaf46e7406ff23cdc0ea9d/execute/sync - {"script":"<script> [8489 bytes]","args":[{"element-6066-11e4-a52e-4f735466cecf":"f.791DC57474D669730896E8DA48EFF857.d.FEFE8BEFF3C1877321B6C23268478534.e.10084","ELEMENT":"f.791DC57474D669730896E8DA48EFF857.d.FEFE8BEFF3C1877321B6C23268478534.e.10084"}]}
COMMAND: GET /session/4712af7ad0eaf46e7406ff23cdc0ea9d/screenshot - {}
RESULT: {}
RESULT: {}
RESULT: {"script":"<script> [8489 bytes]","args":[{"element-6066-11e4-a52e-4f735466cecf":"f.791DC57474D669730896E8DA48EFF857.d.FEFE8BEFF3C1877321B6C23268478534.e.10084","ELEMENT":"f.791DC57474D669730896E8DA48EFF857.d.FEFE8BEFF3C1877321B6C23268478534.e.10084"}]}
COMMAND: POST /session/4712af7ad0eaf46e7406ff23cdc0ea9d/execute/sync - {"script":"<script> [5351 bytes]","args":[{"element-6066-11e4-a52e-4f735466cecf":"f.791DC57474D669730896E8DA48EFF857.d.FEFE8BEFF3C1877321B6C23268478534.e.10084","ELEMENT":"f.791DC57474D669730896E8DA48EFF857.d.FEFE8BEFF3C1877321B6C23268478534.e.10084"}]}
COMMAND: GET /session/4712af7ad0eaf46e7406ff23cdc0ea9d/screenshot - {}
RESULT: {"script":"<script> [5351 bytes]","args":[{"element-6066-11e4-a52e-4f735466cecf":"f.791DC57474D669730896E8DA48EFF857.d.FEFE8BEFF3C1877321B6C23268478534.e.10084","ELEMENT":"f.791DC57474D669730896E8DA48EFF857.d.FEFE8BEFF3C1877321B6C23268478534.e.10084"}]}
COMMAND: POST /session/4712af7ad0eaf46e7406ff23cdc0ea9d/element/f.791DC57474D669730896E8DA48EFF857.d.FEFE8BEFF3C1877321B6C23268478534.e.10084/click - {}
COMMAND: GET /session/4712af7ad0eaf46e7406ff23cdc0ea9d/screenshot - {}
RESULT: {}
RESULT: {}
COMMAND: GET /session/4712af7ad0eaf46e7406ff23cdc0ea9d/screenshot - {}
RESULT: {}
RESULT: {}
COMMAND: POST /session/4712af7ad0eaf46e7406ff23cdc0ea9d/execute/async - {"script":"<script> [1562 bytes]","args":[{"selector":{"controlType":"sap.m.Title","viewName":"etm.portal.ui.managepricingrules.view.NewItem","viewId":"application-managepricingrules-display-component---newInfoPriceItem","properties":{"text":"New Pricing Rules - Item Level"}},"wdio_ui5_key":"etmportal.ui.managepricingrules.view.NewItemsap.m.Title{\"text\":\"New Pricing Rules - Item Level\"}"}]}
RESULT: {"script":"<script> [1562 bytes]","args":[{"selector":{"controlType":"sap.m.Title","viewName":"etm.portal.ui.managepricingrules.view.NewItem","viewId":"application-managepricingrules-display-component---newInfoPriceItem","properties":{"text":"New Pricing Rules - Item Level"}},"wdio_ui5_key":"etmportal.ui.managepricingrules.view.NewItemsap.m.Title{\"text\":\"New Pricing Rules - Item Level\"}"}]}
RESULT: undefined
COMMAND: POST /session/4712af7ad0eaf46e7406ff23cdc0ea9d/execute/async - {"script":"<script> [6424 bytes]","args":[{"element-6066-11e4-a52e-4f735466cecf":"f.791DC57474D669730896E8DA48EFF857.d.FEFE8BEFF3C1877321B6C23268478534.e.10254"},"getText",[]]}
RESULT: {"script":"<script> [6424 bytes]","args":[{"element-6066-11e4-a52e-4f735466cecf":"f.791DC57474D669730896E8DA48EFF857.d.FEFE8BEFF3C1877321B6C23268478534.e.10254"},"getText",[]]}
COMMAND: POST /session/4712af7ad0eaf46e7406ff23cdc0ea9d/execute/async - {"script":"<script> [1562 bytes]","args":[{"selector":{"id":"application-managepricingrules-display-component---newInfoPriceItem--condValidTo","interaction":{"idSuffix":"inner"}},"wdio_ui5_key":"applicationmanagepricingrules-display-component---newInfoPriceItem--condValidTo"}]}
RESULT: {"script":"<script> [1562 bytes]","args":[{"selector":{"id":"application-managepricingrules-display-component---newInfoPriceItem--condValidTo","interaction":{"idSuffix":"inner"}},"wdio_ui5_key":"applicationmanagepricingrules-display-component---newInfoPriceItem--condValidTo"}]}
RESULT: undefined
COMMAND: POST /session/4712af7ad0eaf46e7406ff23cdc0ea9d/execute/async - {"script":"<script> [776 bytes]","args":[{"enterText":"12/30/25","selector":{"id":"application-managepricingrules-display-component---newInfoPriceItem--condValidTo","interaction":{"idSuffix":"inner"}},"clearTextFirst":true,"interactionType":"ENTER_TEXT"}]}
RESULT: {"script":"<script> [776 bytes]","args":[{"enterText":"12/30/25","selector":{"id":"application-managepricingrules-display-component---newInfoPriceItem--condValidTo","interaction":{"idSuffix":"inner"}},"clearTextFirst":true,"interactionType":"ENTER_TEXT"}]}
COMMAND: POST /session/4712af7ad0eaf46e7406ff23cdc0ea9d/execute/async - {"script":"<script> [1562 bytes]","args":[{"selector":{"id":"application-managepricingrules-display-component---newInfoPriceItem--billType-arrow"},"wdio_ui5_key":"applicationmanagepricingrules-display-component---newInfoPriceItem--billType-arrow"}]}
RESULT: {"script":"<script> [1562 bytes]","args":[{"selector":{"id":"application-managepricingrules-display-component---newInfoPriceItem--billType-arrow"},"wdio_ui5_key":"applicationmanagepricingrules-display-component---newInfoPriceItem--billType-arrow"}]}
RESULT: undefined
COMMAND: POST /session/4712af7ad0eaf46e7406ff23cdc0ea9d/element - {"using":"xpath","value":"//*[@id=\"application-managepricingrules-display-component---newInfoPriceItem--billType-arrow\"]"}
RESULT: {"using":"xpath","value":"//*[@id=\"application-managepricingrules-display-component---newInfoPriceItem--billType-arrow\"]"}
COMMAND: POST /session/4712af7ad0eaf46e7406ff23cdc0ea9d/element/f.791DC57474D669730896E8DA48EFF857.d.FEFE8BEFF3C1877321B6C23268478534.e.10214/click - {}
RESULT: {}
COMMAND: POST /session/4712af7ad0eaf46e7406ff23cdc0ea9d/element - {"using":"xpath","value":"//span[contains(text(), \"TB - Time based\")]"}
COMMAND: GET /session/4712af7ad0eaf46e7406ff23cdc0ea9d/screenshot - {}
RESULT: {"using":"xpath","value":"//span[contains(text(), \"TB - Time based\")]"}
COMMAND: POST /session/4712af7ad0eaf46e7406ff23cdc0ea9d/element/f.791DC57474D669730896E8DA48EFF857.d.FEFE8BEFF3C1877321B6C23268478534.e.10256/click - {}
RESULT: {}
RESULT: {}
COMMAND: POST /session/4712af7ad0eaf46e7406ff23cdc0ea9d/execute/async - {"script":"<script> [1562 bytes]","args":[{"selector":{"id":"application-managepricingrules-display-component---newInfoPriceItem--priceProc-arrow"},"wdio_ui5_key":"applicationmanagepricingrules-display-component---newInfoPriceItem--priceProc-arrow"}]}
COMMAND: GET /session/4712af7ad0eaf46e7406ff23cdc0ea9d/screenshot - {}
RESULT: {"script":"<script> [1562 bytes]","args":[{"selector":{"id":"application-managepricingrules-display-component---newInfoPriceItem--priceProc-arrow"},"wdio_ui5_key":"applicationmanagepricingrules-display-component---newInfoPriceItem--priceProc-arrow"}]}
RESULT: undefined
COMMAND: POST /session/4712af7ad0eaf46e7406ff23cdc0ea9d/element - {"using":"xpath","value":"//*[@id=\"application-managepricingrules-display-component---newInfoPriceItem--priceProc-arrow\"]"}
RESULT: {}
RESULT: {"using":"xpath","value":"//*[@id=\"application-managepricingrules-display-component---newInfoPriceItem--priceProc-arrow\"]"}
COMMAND: POST /session/4712af7ad0eaf46e7406ff23cdc0ea9d/element/f.791DC57474D669730896E8DA48EFF857.d.FEFE8BEFF3C1877321B6C23268478534.e.10221/click - {}
RESULT: {}
COMMAND: POST /session/4712af7ad0eaf46e7406ff23cdc0ea9d/element - {"using":"xpath","value":"//span[contains(text(), \"TB - Time based BGL\")]"}
COMMAND: GET /session/4712af7ad0eaf46e7406ff23cdc0ea9d/screenshot - {}
RESULT: {"using":"xpath","value":"//span[contains(text(), \"TB - Time based BGL\")]"}
COMMAND: POST /session/4712af7ad0eaf46e7406ff23cdc0ea9d/element/f.791DC57474D669730896E8DA48EFF857.d.FEFE8BEFF3C1877321B6C23268478534.e.10257/click - {}
RESULT: {}
RESULT: {}
COMMAND: POST /session/4712af7ad0eaf46e7406ff23cdc0ea9d/execute/async - {"script":"<script> [1562 bytes]","args":[{"selector":{"id":"application-managepricingrules-display-component---newInfoPriceItem--calcBase-arrow"},"wdio_ui5_key":"applicationmanagepricingrules-display-component---newInfoPriceItem--calcBase-arrow"}]}
COMMAND: GET /session/4712af7ad0eaf46e7406ff23cdc0ea9d/screenshot - {}
RESULT: {"script":"<script> [1562 bytes]","args":[{"selector":{"id":"application-managepricingrules-display-component---newInfoPriceItem--calcBase-arrow"},"wdio_ui5_key":"applicationmanagepricingrules-display-component---newInfoPriceItem--calcBase-arrow"}]}
RESULT: undefined
COMMAND: POST /session/4712af7ad0eaf46e7406ff23cdc0ea9d/element - {"using":"xpath","value":"//*[@id=\"application-managepricingrules-display-component---newInfoPriceItem--calcBase-arrow\"]"}
RESULT: {}
RESULT: {"using":"xpath","value":"//*[@id=\"application-managepricingrules-display-component---newInfoPriceItem--calcBase-arrow\"]"}
COMMAND: POST /session/4712af7ad0eaf46e7406ff23cdc0ea9d/element/f.791DC57474D669730896E8DA48EFF857.d.FEFE8BEFF3C1877321B6C23268478534.e.10228/click - {}
RESULT: {}
COMMAND: GET /session/4712af7ad0eaf46e7406ff23cdc0ea9d/screenshot - {}
RESULT: {}
COMMAND: POST /session/4712af7ad0eaf46e7406ff23cdc0ea9d/element - {"using":"xpath","value":"//span[contains(text(), \"0006 - TB(calendar days)\")]"}
RESULT: {"using":"xpath","value":"//span[contains(text(), \"0006 - TB(calendar days)\")]"}
COMMAND: POST /session/4712af7ad0eaf46e7406ff23cdc0ea9d/element/f.791DC57474D669730896E8DA48EFF857.d.FEFE8BEFF3C1877321B6C23268478534.e.10258/click - {}
RESULT: {}
COMMAND: GET /session/4712af7ad0eaf46e7406ff23cdc0ea9d/screenshot - {}
RESULT: {}
COMMAND: POST /session/4712af7ad0eaf46e7406ff23cdc0ea9d/execute/async - {"script":"<script> [1562 bytes]","args":[{"selector":{"id":"application-managepricingrules-display-component---newInfoPriceItem--hoursMonth","interaction":{"idSuffix":"inner"}},"wdio_ui5_key":"applicationmanagepricingrules-display-component---newInfoPriceItem--hoursMonth"}]}
RESULT: {"script":"<script> [1562 bytes]","args":[{"selector":{"id":"application-managepricingrules-display-component---newInfoPriceItem--hoursMonth","interaction":{"idSuffix":"inner"}},"wdio_ui5_key":"applicationmanagepricingrules-display-component---newInfoPriceItem--hoursMonth"}]}
RESULT: undefined
COMMAND: POST /session/4712af7ad0eaf46e7406ff23cdc0ea9d/execute/async - {"script":"<script> [776 bytes]","args":[{"enterText":"160","selector":{"id":"application-managepricingrules-display-component---newInfoPriceItem--hoursMonth","interaction":{"idSuffix":"inner"}},"clearTextFirst":true,"interactionType":"ENTER_TEXT"}]}
RESULT: {"script":"<script> [776 bytes]","args":[{"enterText":"160","selector":{"id":"application-managepricingrules-display-component---newInfoPriceItem--hoursMonth","interaction":{"idSuffix":"inner"}},"clearTextFirst":true,"interactionType":"ENTER_TEXT"}]}
COMMAND: POST /session/4712af7ad0eaf46e7406ff23cdc0ea9d/execute/async - {"script":"<script> [1562 bytes]","args":[{"selector":{"id":"application-managepricingrules-display-component---newInfoPriceItem--daysMonth","interaction":{"idSuffix":"inner"}},"wdio_ui5_key":"applicationmanagepricingrules-display-component---newInfoPriceItem--daysMonth"}]}
RESULT: {"script":"<script> [1562 bytes]","args":[{"selector":{"id":"application-managepricingrules-display-component---newInfoPriceItem--daysMonth","interaction":{"idSuffix":"inner"}},"wdio_ui5_key":"applicationmanagepricingrules-display-component---newInfoPriceItem--daysMonth"}]}
RESULT: undefined
COMMAND: POST /session/4712af7ad0eaf46e7406ff23cdc0ea9d/execute/async - {"script":"<script> [776 bytes]","args":[{"enterText":"30","selector":{"id":"application-managepricingrules-display-component---newInfoPriceItem--daysMonth","interaction":{"idSuffix":"inner"}},"clearTextFirst":true,"interactionType":"ENTER_TEXT"}]}
RESULT: {"script":"<script> [776 bytes]","args":[{"enterText":"30","selector":{"id":"application-managepricingrules-display-component---newInfoPriceItem--daysMonth","interaction":{"idSuffix":"inner"}},"clearTextFirst":true,"interactionType":"ENTER_TEXT"}]}
COMMAND: POST /session/4712af7ad0eaf46e7406ff23cdc0ea9d/element - {"using":"xpath","value":"//button[@data-kt=\"saveNewRuleButton\"]"}
RESULT: {"using":"xpath","value":"//button[@data-kt=\"saveNewRuleButton\"]"}
COMMAND: POST /session/4712af7ad0eaf46e7406ff23cdc0ea9d/element/f.791DC57474D669730896E8DA48EFF857.d.FEFE8BEFF3C1877321B6C23268478534.e.10248/click - {}
RESULT: {}
COMMAND: GET /session/4712af7ad0eaf46e7406ff23cdc0ea9d/screenshot - {}
RESULT: {}
COMMAND: POST /session/4712af7ad0eaf46e7406ff23cdc0ea9d/execute/async - {"script":"<script> [1562 bytes]","args":[{"selector":{"id":"application-managepricingrules-display-component---priceInfoItem--smartFilterBar-btnBasicSearch","interaction":{"idSuffix":"I"}},"wdio_ui5_key":"applicationmanagepricingrules-display-component---priceInfoItem--smartFilterBar-btnBasicSearch"}]}
RESULT: {"script":"<script> [1562 bytes]","args":[{"selector":{"id":"application-managepricingrules-display-component---priceInfoItem--smartFilterBar-btnBasicSearch","interaction":{"idSuffix":"I"}},"wdio_ui5_key":"applicationmanagepricingrules-display-component---priceInfoItem--smartFilterBar-btnBasicSearch"}]}
RESULT: undefined
COMMAND: POST /session/4712af7ad0eaf46e7406ff23cdc0ea9d/execute/async - {"script":"<script> [776 bytes]","args":[{"enterText":"GaaCLkKAnG","selector":{"id":"application-managepricingrules-display-component---priceInfoItem--smartFilterBar-btnBasicSearch","interaction":{"idSuffix":"I"}},"clearTextFirst":true,"interactionType":"ENTER_TEXT"}]}
RESULT: {"script":"<script> [776 bytes]","args":[{"enterText":"GaaCLkKAnG","selector":{"id":"application-managepricingrules-display-component---priceInfoItem--smartFilterBar-btnBasicSearch","interaction":{"idSuffix":"I"}},"clearTextFirst":true,"interactionType":"ENTER_TEXT"}]}
COMMAND: POST /session/4712af7ad0eaf46e7406ff23cdc0ea9d/actions - {"actions":[{"id":"action31","type":"key","parameters":{},"actions":[{"type":"keyDown","value":"î€‡"},{"type":"pause","duration":10},{"type":"keyUp","value":"î€‡"}]}]}
RESULT: {"actions":[{"id":"action31","type":"key","parameters":{},"actions":[{"type":"keyDown","value":"î€‡"},{"type":"pause","duration":10},{"type":"keyUp","value":"î€‡"}]}]}
COMMAND: GET /session/4712af7ad0eaf46e7406ff23cdc0ea9d/screenshot - {}
RESULT: {}
COMMAND: POST /session/4712af7ad0eaf46e7406ff23cdc0ea9d/element - {"using":"xpath","value":"//span[@id=\"application-managepricingrules-display-component---priceInfoItem--smartTable-header-inner\"]"}
RESULT: {"using":"xpath","value":"//span[@id=\"application-managepricingrules-display-component---priceInfoItem--smartTable-header-inner\"]"}
COMMAND: POST /session/4712af7ad0eaf46e7406ff23cdc0ea9d/elements - {"using":"xpath","value":"//span[@id=\"application-managepricingrules-display-component---priceInfoItem--smartTable-header-inner\"]"}
RESULT: {"using":"xpath","value":"//span[@id=\"application-managepricingrules-display-component---priceInfoItem--smartTable-header-inner\"]"}
COMMAND: POST /session/4712af7ad0eaf46e7406ff23cdc0ea9d/execute/sync - {"script":"<script> [56 bytes]","args":[{"element-6066-11e4-a52e-4f735466cecf":"f.791DC57474D669730896E8DA48EFF857.d.FEFE8BEFF3C1877321B6C23268478534.e.10273","ELEMENT":"f.791DC57474D669730896E8DA48EFF857.d.FEFE8BEFF3C1877321B6C23268478534.e.10273"}]}
RESULT: {"script":"<script> [56 bytes]","args":[{"element-6066-11e4-a52e-4f735466cecf":"f.791DC57474D669730896E8DA48EFF857.d.FEFE8BEFF3C1877321B6C23268478534.e.10273","ELEMENT":"f.791DC57474D669730896E8DA48EFF857.d.FEFE8BEFF3C1877321B6C23268478534.e.10273"}]}
COMMAND: POST /session/4712af7ad0eaf46e7406ff23cdc0ea9d/element - {"using":"css selector","value":"#shell-header-logo"}
COMMAND: GET /session/4712af7ad0eaf46e7406ff23cdc0ea9d/screenshot - {}
RESULT: {"using":"css selector","value":"#shell-header-logo"}
COMMAND: POST /session/4712af7ad0eaf46e7406ff23cdc0ea9d/element/f.791DC57474D669730896E8DA48EFF857.d.FEFE8BEFF3C1877321B6C23268478534.e.9227/click - {}
RESULT: {}
RESULT: {}
COMMAND: GET /session/4712af7ad0eaf46e7406ff23cdc0ea9d/screenshot - {}
RESULT: {}
]]></system-out>
    </testcase>
    <testcase classname="chrome.135_0_7049_96.windows.Create_master_data_for_mixed_billing_&amp;_do_billing_calculation_US151661" name="Should add one time condition" time="61.552">
      <system-out><![CDATA[
COMMAND: POST /session/4712af7ad0eaf46e7406ff23cdc0ea9d/execute/async - {"script":"<script> [1562 bytes]","args":[{"selector":{"controlType":"sap.m.Text","properties":{"text":"Manage Conditions & Prices"},"interaction":{"idSuffix":"inner"}},"wdio_ui5_key":"sapm.Text{\"text\":\"Manage Conditions & Prices\"}"}]}
RESULT: {"script":"<script> [1562 bytes]","args":[{"selector":{"controlType":"sap.m.Text","properties":{"text":"Manage Conditions & Prices"},"interaction":{"idSuffix":"inner"}},"wdio_ui5_key":"sapm.Text{\"text\":\"Manage Conditions & Prices\"}"}]}
RESULT: undefined
COMMAND: POST /session/4712af7ad0eaf46e7406ff23cdc0ea9d/element - {"using":"xpath","value":"//*[@id=\"__tile93-title\"]"}
RESULT: {"using":"xpath","value":"//*[@id=\"__tile93-title\"]"}
COMMAND: POST /session/4712af7ad0eaf46e7406ff23cdc0ea9d/element/f.791DC57474D669730896E8DA48EFF857.d.FEFE8BEFF3C1877321B6C23268478534.e.10276/click - {}
RESULT: {}
COMMAND: POST /session/4712af7ad0eaf46e7406ff23cdc0ea9d/element - {"using":"xpath","value":"//button[@aria-label=\"Create\"]"}
COMMAND: GET /session/4712af7ad0eaf46e7406ff23cdc0ea9d/screenshot - {}
RESULT: {"using":"xpath","value":"//button[@aria-label=\"Create\"]"}
COMMAND: POST /session/4712af7ad0eaf46e7406ff23cdc0ea9d/elements - {"using":"xpath","value":"//button[@aria-label=\"Create\"]"}
RESULT: {}
RESULT: {"using":"xpath","value":"//button[@aria-label=\"Create\"]"}
COMMAND: POST /session/4712af7ad0eaf46e7406ff23cdc0ea9d/elements - {"using":"xpath","value":"//button[@aria-label=\"Create\"]"}
RESULT: {"using":"xpath","value":"//button[@aria-label=\"Create\"]"}
COMMAND: POST /session/4712af7ad0eaf46e7406ff23cdc0ea9d/elements - {"using":"xpath","value":"//button[@aria-label=\"Create\"]"}
RESULT: {"using":"xpath","value":"//button[@aria-label=\"Create\"]"}
COMMAND: POST /session/4712af7ad0eaf46e7406ff23cdc0ea9d/elements - {"using":"xpath","value":"//button[@aria-label=\"Create\"]"}
RESULT: {"using":"xpath","value":"//button[@aria-label=\"Create\"]"}
COMMAND: POST /session/4712af7ad0eaf46e7406ff23cdc0ea9d/elements - {"using":"xpath","value":"//button[@aria-label=\"Create\"]"}
RESULT: {"using":"xpath","value":"//button[@aria-label=\"Create\"]"}
COMMAND: POST /session/4712af7ad0eaf46e7406ff23cdc0ea9d/elements - {"using":"xpath","value":"//button[@aria-label=\"Create\"]"}
RESULT: {"using":"xpath","value":"//button[@aria-label=\"Create\"]"}
COMMAND: POST /session/4712af7ad0eaf46e7406ff23cdc0ea9d/elements - {"using":"xpath","value":"//button[@aria-label=\"Create\"]"}
RESULT: {"using":"xpath","value":"//button[@aria-label=\"Create\"]"}
COMMAND: POST /session/4712af7ad0eaf46e7406ff23cdc0ea9d/elements - {"using":"xpath","value":"//button[@aria-label=\"Create\"]"}
RESULT: {"using":"xpath","value":"//button[@aria-label=\"Create\"]"}
COMMAND: POST /session/4712af7ad0eaf46e7406ff23cdc0ea9d/elements - {"using":"xpath","value":"//button[@aria-label=\"Create\"]"}
RESULT: {"using":"xpath","value":"//button[@aria-label=\"Create\"]"}
COMMAND: POST /session/4712af7ad0eaf46e7406ff23cdc0ea9d/elements - {"using":"xpath","value":"//button[@aria-label=\"Create\"]"}
RESULT: {"using":"xpath","value":"//button[@aria-label=\"Create\"]"}
COMMAND: POST /session/4712af7ad0eaf46e7406ff23cdc0ea9d/elements - {"using":"xpath","value":"//button[@aria-label=\"Create\"]"}
RESULT: {"using":"xpath","value":"//button[@aria-label=\"Create\"]"}
COMMAND: POST /session/4712af7ad0eaf46e7406ff23cdc0ea9d/elements - {"using":"xpath","value":"//button[@aria-label=\"Create\"]"}
RESULT: {"using":"xpath","value":"//button[@aria-label=\"Create\"]"}
COMMAND: POST /session/4712af7ad0eaf46e7406ff23cdc0ea9d/elements - {"using":"xpath","value":"//button[@aria-label=\"Create\"]"}
RESULT: {"using":"xpath","value":"//button[@aria-label=\"Create\"]"}
COMMAND: POST /session/4712af7ad0eaf46e7406ff23cdc0ea9d/elements - {"using":"xpath","value":"//button[@aria-label=\"Create\"]"}
RESULT: {"using":"xpath","value":"//button[@aria-label=\"Create\"]"}
COMMAND: POST /session/4712af7ad0eaf46e7406ff23cdc0ea9d/elements - {"using":"xpath","value":"//button[@aria-label=\"Create\"]"}
RESULT: {"using":"xpath","value":"//button[@aria-label=\"Create\"]"}
COMMAND: POST /session/4712af7ad0eaf46e7406ff23cdc0ea9d/element - {"using":"xpath","value":"//button[@aria-label=\"Create\"]"}
RESULT: {"using":"xpath","value":"//button[@aria-label=\"Create\"]"}
COMMAND: POST /session/4712af7ad0eaf46e7406ff23cdc0ea9d/execute/sync - {"script":"<script> [8489 bytes]","args":[{"element-6066-11e4-a52e-4f735466cecf":"f.791DC57474D669730896E8DA48EFF857.d.FEFE8BEFF3C1877321B6C23268478534.e.10310","ELEMENT":"f.791DC57474D669730896E8DA48EFF857.d.FEFE8BEFF3C1877321B6C23268478534.e.10310"}]}
RESULT: {"script":"<script> [8489 bytes]","args":[{"element-6066-11e4-a52e-4f735466cecf":"f.791DC57474D669730896E8DA48EFF857.d.FEFE8BEFF3C1877321B6C23268478534.e.10310","ELEMENT":"f.791DC57474D669730896E8DA48EFF857.d.FEFE8BEFF3C1877321B6C23268478534.e.10310"}]}
COMMAND: GET /session/4712af7ad0eaf46e7406ff23cdc0ea9d/element/f.791DC57474D669730896E8DA48EFF857.d.FEFE8BEFF3C1877321B6C23268478534.e.10310/enabled - {}
COMMAND: GET /session/4712af7ad0eaf46e7406ff23cdc0ea9d/screenshot - {}
RESULT: {}
COMMAND: POST /session/4712af7ad0eaf46e7406ff23cdc0ea9d/execute/sync - {"script":"<script> [8489 bytes]","args":[{"element-6066-11e4-a52e-4f735466cecf":"f.791DC57474D669730896E8DA48EFF857.d.FEFE8BEFF3C1877321B6C23268478534.e.10310","ELEMENT":"f.791DC57474D669730896E8DA48EFF857.d.FEFE8BEFF3C1877321B6C23268478534.e.10310"}]}
COMMAND: GET /session/4712af7ad0eaf46e7406ff23cdc0ea9d/screenshot - {}
RESULT: {}
RESULT: {"script":"<script> [8489 bytes]","args":[{"element-6066-11e4-a52e-4f735466cecf":"f.791DC57474D669730896E8DA48EFF857.d.FEFE8BEFF3C1877321B6C23268478534.e.10310","ELEMENT":"f.791DC57474D669730896E8DA48EFF857.d.FEFE8BEFF3C1877321B6C23268478534.e.10310"}]}
COMMAND: POST /session/4712af7ad0eaf46e7406ff23cdc0ea9d/execute/sync - {"script":"<script> [5351 bytes]","args":[{"element-6066-11e4-a52e-4f735466cecf":"f.791DC57474D669730896E8DA48EFF857.d.FEFE8BEFF3C1877321B6C23268478534.e.10310","ELEMENT":"f.791DC57474D669730896E8DA48EFF857.d.FEFE8BEFF3C1877321B6C23268478534.e.10310"}]}
COMMAND: GET /session/4712af7ad0eaf46e7406ff23cdc0ea9d/screenshot - {}
RESULT: {}
RESULT: {"script":"<script> [5351 bytes]","args":[{"element-6066-11e4-a52e-4f735466cecf":"f.791DC57474D669730896E8DA48EFF857.d.FEFE8BEFF3C1877321B6C23268478534.e.10310","ELEMENT":"f.791DC57474D669730896E8DA48EFF857.d.FEFE8BEFF3C1877321B6C23268478534.e.10310"}]}
COMMAND: POST /session/4712af7ad0eaf46e7406ff23cdc0ea9d/element/f.791DC57474D669730896E8DA48EFF857.d.FEFE8BEFF3C1877321B6C23268478534.e.10310/click - {}
COMMAND: GET /session/4712af7ad0eaf46e7406ff23cdc0ea9d/screenshot - {}
RESULT: {}
RESULT: {}
COMMAND: GET /session/4712af7ad0eaf46e7406ff23cdc0ea9d/screenshot - {}
RESULT: {}
RESULT: {}
COMMAND: POST /session/4712af7ad0eaf46e7406ff23cdc0ea9d/actions - {"actions":[{"id":"action32","type":"key","parameters":{},"actions":[{"type":"keyDown","value":"î€‡"},{"type":"pause","duration":10},{"type":"keyUp","value":"î€‡"}]}]}
RESULT: {"actions":[{"id":"action32","type":"key","parameters":{},"actions":[{"type":"keyDown","value":"î€‡"},{"type":"pause","duration":10},{"type":"keyUp","value":"î€‡"}]}]}
COMMAND: GET /session/4712af7ad0eaf46e7406ff23cdc0ea9d/screenshot - {}
RESULT: {}
COMMAND: POST /session/4712af7ad0eaf46e7406ff23cdc0ea9d/execute/async - {"script":"<script> [1562 bytes]","args":[{"selector":{"id":"application-manageconditionprice-display-component---newCondition--condBillCond-arrow"},"wdio_ui5_key":"applicationmanageconditionprice-display-component---newCondition--condBillCond-arrow"}]}
RESULT: {"script":"<script> [1562 bytes]","args":[{"selector":{"id":"application-manageconditionprice-display-component---newCondition--condBillCond-arrow"},"wdio_ui5_key":"applicationmanageconditionprice-display-component---newCondition--condBillCond-arrow"}]}
RESULT: undefined
COMMAND: POST /session/4712af7ad0eaf46e7406ff23cdc0ea9d/element - {"using":"xpath","value":"//*[@id=\"application-manageconditionprice-display-component---newCondition--condBillCond-arrow\"]"}
RESULT: {"using":"xpath","value":"//*[@id=\"application-manageconditionprice-display-component---newCondition--condBillCond-arrow\"]"}
COMMAND: POST /session/4712af7ad0eaf46e7406ff23cdc0ea9d/element/f.791DC57474D669730896E8DA48EFF857.d.FEFE8BEFF3C1877321B6C23268478534.e.10487/click - {}
RESULT: {}
COMMAND: GET /session/4712af7ad0eaf46e7406ff23cdc0ea9d/screenshot - {}
RESULT: {}
COMMAND: POST /session/4712af7ad0eaf46e7406ff23cdc0ea9d/element - {"using":"xpath","value":"//li[.//span[contains(text(), \"SAPR - Sales price\")]]"}
RESULT: {"using":"xpath","value":"//li[.//span[contains(text(), \"SAPR - Sales price\")]]"}
COMMAND: POST /session/4712af7ad0eaf46e7406ff23cdc0ea9d/element/f.791DC57474D669730896E8DA48EFF857.d.FEFE8BEFF3C1877321B6C23268478534.e.10490/click - {}
RESULT: {}
COMMAND: GET /session/4712af7ad0eaf46e7406ff23cdc0ea9d/screenshot - {}
RESULT: {}
COMMAND: POST /session/4712af7ad0eaf46e7406ff23cdc0ea9d/execute/async - {"script":"<script> [1562 bytes]","args":[{"selector":{"id":"application-manageconditionprice-display-component---newCondition--condValidTo","interaction":{"idSuffix":"inner"}},"wdio_ui5_key":"applicationmanageconditionprice-display-component---newCondition--condValidTo"}]}
RESULT: {"script":"<script> [1562 bytes]","args":[{"selector":{"id":"application-manageconditionprice-display-component---newCondition--condValidTo","interaction":{"idSuffix":"inner"}},"wdio_ui5_key":"applicationmanageconditionprice-display-component---newCondition--condValidTo"}]}
RESULT: undefined
COMMAND: POST /session/4712af7ad0eaf46e7406ff23cdc0ea9d/execute/async - {"script":"<script> [776 bytes]","args":[{"enterText":"12/30/25","selector":{"id":"application-manageconditionprice-display-component---newCondition--condValidTo","interaction":{"idSuffix":"inner"}},"clearTextFirst":true,"interactionType":"ENTER_TEXT"}]}
RESULT: {"script":"<script> [776 bytes]","args":[{"enterText":"12/30/25","selector":{"id":"application-manageconditionprice-display-component---newCondition--condValidTo","interaction":{"idSuffix":"inner"}},"clearTextFirst":true,"interactionType":"ENTER_TEXT"}]}
COMMAND: POST /session/4712af7ad0eaf46e7406ff23cdc0ea9d/element - {"using":"xpath","value":"//input[@id=\"application-manageconditionprice-display-component---newCondition--condRU-inner\"]"}
RESULT: {"using":"xpath","value":"//input[@id=\"application-manageconditionprice-display-component---newCondition--condRU-inner\"]"}
COMMAND: POST /session/4712af7ad0eaf46e7406ff23cdc0ea9d/element/f.791DC57474D669730896E8DA48EFF857.d.FEFE8BEFF3C1877321B6C23268478534.e.10351/clear - {}
RESULT: {}
COMMAND: POST /session/4712af7ad0eaf46e7406ff23cdc0ea9d/element/f.791DC57474D669730896E8DA48EFF857.d.FEFE8BEFF3C1877321B6C23268478534.e.10351/value - {"text":"GaaCLkKAnG"}
COMMAND: GET /session/4712af7ad0eaf46e7406ff23cdc0ea9d/screenshot - {}
RESULT: {"text":"GaaCLkKAnG"}
COMMAND: GET /session/4712af7ad0eaf46e7406ff23cdc0ea9d/screenshot - {}
RESULT: {}
RESULT: {}
COMMAND: POST /session/4712af7ad0eaf46e7406ff23cdc0ea9d/actions - {"actions":[{"id":"action33","type":"key","parameters":{},"actions":[{"type":"keyDown","value":"î€‡"},{"type":"pause","duration":10},{"type":"keyUp","value":"î€‡"}]}]}
RESULT: {"actions":[{"id":"action33","type":"key","parameters":{},"actions":[{"type":"keyDown","value":"î€‡"},{"type":"pause","duration":10},{"type":"keyUp","value":"î€‡"}]}]}
COMMAND: POST /session/4712af7ad0eaf46e7406ff23cdc0ea9d/execute/async - {"script":"<script> [1562 bytes]","args":[{"selector":{"id":"application-manageconditionprice-display-component---newCondition--condBaseQty","interaction":{"idSuffix":"inner"}},"wdio_ui5_key":"applicationmanageconditionprice-display-component---newCondition--condBaseQty"}]}
COMMAND: GET /session/4712af7ad0eaf46e7406ff23cdc0ea9d/screenshot - {}
RESULT: {"script":"<script> [1562 bytes]","args":[{"selector":{"id":"application-manageconditionprice-display-component---newCondition--condBaseQty","interaction":{"idSuffix":"inner"}},"wdio_ui5_key":"applicationmanageconditionprice-display-component---newCondition--condBaseQty"}]}
RESULT: undefined
COMMAND: POST /session/4712af7ad0eaf46e7406ff23cdc0ea9d/execute/async - {"script":"<script> [776 bytes]","args":[{"enterText":"1","selector":{"id":"application-manageconditionprice-display-component---newCondition--condBaseQty","interaction":{"idSuffix":"inner"}},"clearTextFirst":true,"interactionType":"ENTER_TEXT"}]}
RESULT: {}
RESULT: {"script":"<script> [776 bytes]","args":[{"enterText":"1","selector":{"id":"application-manageconditionprice-display-component---newCondition--condBaseQty","interaction":{"idSuffix":"inner"}},"clearTextFirst":true,"interactionType":"ENTER_TEXT"}]}
COMMAND: POST /session/4712af7ad0eaf46e7406ff23cdc0ea9d/execute/async - {"script":"<script> [1562 bytes]","args":[{"selector":{"id":"application-manageconditionprice-display-component---newCondition--condValue","interaction":{"idSuffix":"inner"}},"wdio_ui5_key":"applicationmanageconditionprice-display-component---newCondition--condValue"}]}
RESULT: {"script":"<script> [1562 bytes]","args":[{"selector":{"id":"application-manageconditionprice-display-component---newCondition--condValue","interaction":{"idSuffix":"inner"}},"wdio_ui5_key":"applicationmanageconditionprice-display-component---newCondition--condValue"}]}
RESULT: undefined
COMMAND: POST /session/4712af7ad0eaf46e7406ff23cdc0ea9d/execute/async - {"script":"<script> [776 bytes]","args":[{"enterText":"200","selector":{"id":"application-manageconditionprice-display-component---newCondition--condValue","interaction":{"idSuffix":"inner"}},"clearTextFirst":true,"interactionType":"ENTER_TEXT"}]}
RESULT: {"script":"<script> [776 bytes]","args":[{"enterText":"200","selector":{"id":"application-manageconditionprice-display-component---newCondition--condValue","interaction":{"idSuffix":"inner"}},"clearTextFirst":true,"interactionType":"ENTER_TEXT"}]}
COMMAND: POST /session/4712af7ad0eaf46e7406ff23cdc0ea9d/execute/async - {"script":"<script> [1562 bytes]","args":[{"selector":{"id":"application-manageconditionprice-display-component---newCondition--condCurr-arrow"},"wdio_ui5_key":"applicationmanageconditionprice-display-component---newCondition--condCurr-arrow"}]}
RESULT: {"script":"<script> [1562 bytes]","args":[{"selector":{"id":"application-manageconditionprice-display-component---newCondition--condCurr-arrow"},"wdio_ui5_key":"applicationmanageconditionprice-display-component---newCondition--condCurr-arrow"}]}
RESULT: undefined
COMMAND: POST /session/4712af7ad0eaf46e7406ff23cdc0ea9d/element - {"using":"xpath","value":"//*[@id=\"application-manageconditionprice-display-component---newCondition--condCurr-arrow\"]"}
RESULT: {"using":"xpath","value":"//*[@id=\"application-manageconditionprice-display-component---newCondition--condCurr-arrow\"]"}
COMMAND: POST /session/4712af7ad0eaf46e7406ff23cdc0ea9d/element/f.791DC57474D669730896E8DA48EFF857.d.FEFE8BEFF3C1877321B6C23268478534.e.10468/click - {}
RESULT: {}
COMMAND: POST /session/4712af7ad0eaf46e7406ff23cdc0ea9d/element - {"using":"xpath","value":"//span[contains(text(), \"Euro\")]"}
COMMAND: GET /session/4712af7ad0eaf46e7406ff23cdc0ea9d/screenshot - {}
RESULT: {"using":"xpath","value":"//span[contains(text(), \"Euro\")]"}
COMMAND: POST /session/4712af7ad0eaf46e7406ff23cdc0ea9d/element/f.791DC57474D669730896E8DA48EFF857.d.FEFE8BEFF3C1877321B6C23268478534.e.10528/click - {}
RESULT: {}
RESULT: {}
COMMAND: POST /session/4712af7ad0eaf46e7406ff23cdc0ea9d/element - {"using":"xpath","value":"//button[@data-kt=\"saveButton\"]"}
COMMAND: GET /session/4712af7ad0eaf46e7406ff23cdc0ea9d/screenshot - {}
RESULT: {"using":"xpath","value":"//button[@data-kt=\"saveButton\"]"}
COMMAND: POST /session/4712af7ad0eaf46e7406ff23cdc0ea9d/element/f.791DC57474D669730896E8DA48EFF857.d.FEFE8BEFF3C1877321B6C23268478534.e.10469/click - {}
RESULT: {}
RESULT: {}
COMMAND: GET /session/4712af7ad0eaf46e7406ff23cdc0ea9d/screenshot - {}
RESULT: {}
COMMAND: POST /session/4712af7ad0eaf46e7406ff23cdc0ea9d/execute/async - {"script":"<script> [1562 bytes]","args":[{"selector":{"id":"application-manageconditionprice-display-component---conditions--smartFilterBar-btnBasicSearch","interaction":{"idSuffix":"I"}},"wdio_ui5_key":"applicationmanageconditionprice-display-component---conditions--smartFilterBar-btnBasicSearch"}]}
RESULT: {"script":"<script> [1562 bytes]","args":[{"selector":{"id":"application-manageconditionprice-display-component---conditions--smartFilterBar-btnBasicSearch","interaction":{"idSuffix":"I"}},"wdio_ui5_key":"applicationmanageconditionprice-display-component---conditions--smartFilterBar-btnBasicSearch"}]}
RESULT: undefined
COMMAND: POST /session/4712af7ad0eaf46e7406ff23cdc0ea9d/execute/async - {"script":"<script> [776 bytes]","args":[{"enterText":"GaaCLkKAnG","selector":{"id":"application-manageconditionprice-display-component---conditions--smartFilterBar-btnBasicSearch","interaction":{"idSuffix":"I"}},"clearTextFirst":true,"interactionType":"ENTER_TEXT"}]}
RESULT: {"script":"<script> [776 bytes]","args":[{"enterText":"GaaCLkKAnG","selector":{"id":"application-manageconditionprice-display-component---conditions--smartFilterBar-btnBasicSearch","interaction":{"idSuffix":"I"}},"clearTextFirst":true,"interactionType":"ENTER_TEXT"}]}
COMMAND: POST /session/4712af7ad0eaf46e7406ff23cdc0ea9d/actions - {"actions":[{"id":"action34","type":"key","parameters":{},"actions":[{"type":"keyDown","value":"î€‡"},{"type":"pause","duration":10},{"type":"keyUp","value":"î€‡"}]}]}
RESULT: {"actions":[{"id":"action34","type":"key","parameters":{},"actions":[{"type":"keyDown","value":"î€‡"},{"type":"pause","duration":10},{"type":"keyUp","value":"î€‡"}]}]}
COMMAND: GET /session/4712af7ad0eaf46e7406ff23cdc0ea9d/screenshot - {}
RESULT: {}
COMMAND: POST /session/4712af7ad0eaf46e7406ff23cdc0ea9d/execute/async - {"script":"<script> [1562 bytes]","args":[{"selector":{"id":"application-manageconditionprice-display-component---conditions--smartFilterBar-filterItemControl_BASIC-BILL_TYPES-vhi"},"wdio_ui5_key":"applicationmanageconditionprice-display-component---conditions--smartFilterBar-filterItemControl_BASIC-BILL_TYPES-vhi"}]}
RESULT: {"script":"<script> [1562 bytes]","args":[{"selector":{"id":"application-manageconditionprice-display-component---conditions--smartFilterBar-filterItemControl_BASIC-BILL_TYPES-vhi"},"wdio_ui5_key":"applicationmanageconditionprice-display-component---conditions--smartFilterBar-filterItemControl_BASIC-BILL_TYPES-vhi"}]}
RESULT: undefined
COMMAND: POST /session/4712af7ad0eaf46e7406ff23cdc0ea9d/element - {"using":"xpath","value":"//*[@id=\"application-manageconditionprice-display-component---conditions--smartFilterBar-filterItemControl_BASIC-BILL_TYPES-vhi\"]"}
RESULT: {"using":"xpath","value":"//*[@id=\"application-manageconditionprice-display-component---conditions--smartFilterBar-filterItemControl_BASIC-BILL_TYPES-vhi\"]"}
COMMAND: POST /session/4712af7ad0eaf46e7406ff23cdc0ea9d/element/f.791DC57474D669730896E8DA48EFF857.d.FEFE8BEFF3C1877321B6C23268478534.e.10544/click - {}
RESULT: {}
COMMAND: POST /session/4712af7ad0eaf46e7406ff23cdc0ea9d/execute/async - {"script":"<script> [1562 bytes]","args":[{"selector":{"id":"application-manageconditionprice-display-component---conditions--smartFilterBar-filterItemControl_BASIC-BILL_TYPES-valueHelpDialog-smartFilterBar-btnBasicSearch","searchOpenDialogs":true,"interaction":{"idSuffix":"I"}},"wdio_ui5_key":"applicationmanageconditionprice-display-component---conditions--smartFilterBar-filterItemControl_BASIC-BILL_TYPES-valueHelpDialog-smartFilterBar-btnBasicSearch"}]}
COMMAND: GET /session/4712af7ad0eaf46e7406ff23cdc0ea9d/screenshot - {}
RESULT: {"script":"<script> [1562 bytes]","args":[{"selector":{"id":"application-manageconditionprice-display-component---conditions--smartFilterBar-filterItemControl_BASIC-BILL_TYPES-valueHelpDialog-smartFilterBar-btnBasicSearch","searchOpenDialogs":true,"interaction":{"idSuffix":"I"}},"wdio_ui5_key":"applicationmanageconditionprice-display-component---conditions--smartFilterBar-filterItemControl_BASIC-BILL_TYPES-valueHelpDialog-smartFilterBar-btnBasicSearch"}]}
RESULT: undefined
COMMAND: POST /session/4712af7ad0eaf46e7406ff23cdc0ea9d/execute/async - {"script":"<script> [776 bytes]","args":[{"enterText":"one","selector":{"id":"application-manageconditionprice-display-component---conditions--smartFilterBar-filterItemControl_BASIC-BILL_TYPES-valueHelpDialog-smartFilterBar-btnBasicSearch","searchOpenDialogs":true,"interaction":{"idSuffix":"I"}},"clearTextFirst":true,"interactionType":"ENTER_TEXT"}]}
RESULT: {}
RESULT: {"script":"<script> [776 bytes]","args":[{"enterText":"one","selector":{"id":"application-manageconditionprice-display-component---conditions--smartFilterBar-filterItemControl_BASIC-BILL_TYPES-valueHelpDialog-smartFilterBar-btnBasicSearch","searchOpenDialogs":true,"interaction":{"idSuffix":"I"}},"clearTextFirst":true,"interactionType":"ENTER_TEXT"}]}
COMMAND: POST /session/4712af7ad0eaf46e7406ff23cdc0ea9d/actions - {"actions":[{"id":"action35","type":"key","parameters":{},"actions":[{"type":"keyDown","value":"î€‡"},{"type":"pause","duration":10},{"type":"keyUp","value":"î€‡"}]}]}
RESULT: {"actions":[{"id":"action35","type":"key","parameters":{},"actions":[{"type":"keyDown","value":"î€‡"},{"type":"pause","duration":10},{"type":"keyUp","value":"î€‡"}]}]}
COMMAND: GET /session/4712af7ad0eaf46e7406ff23cdc0ea9d/screenshot - {}
RESULT: {}
COMMAND: POST /session/4712af7ad0eaf46e7406ff23cdc0ea9d/element - {"using":"xpath","value":"//div[contains(@id, 'application-manageconditionprice-display-component---conditions--smartFilterBar-filterItemControl_BASIC-BILL_TYPES-valueHelpDialog-table-rowsel0')]"}
RESULT: {"using":"xpath","value":"//div[contains(@id, 'application-manageconditionprice-display-component---conditions--smartFilterBar-filterItemControl_BASIC-BILL_TYPES-valueHelpDialog-table-rowsel0')]"}
COMMAND: POST /session/4712af7ad0eaf46e7406ff23cdc0ea9d/element/f.791DC57474D669730896E8DA48EFF857.d.FEFE8BEFF3C1877321B6C23268478534.e.10553/click - {}
RESULT: {}
COMMAND: GET /session/4712af7ad0eaf46e7406ff23cdc0ea9d/screenshot - {}
RESULT: {}
COMMAND: POST /session/4712af7ad0eaf46e7406ff23cdc0ea9d/element - {"using":"xpath","value":"//bdi[contains(text(), \"OK\")]"}
RESULT: {"using":"xpath","value":"//bdi[contains(text(), \"OK\")]"}
COMMAND: POST /session/4712af7ad0eaf46e7406ff23cdc0ea9d/element/f.791DC57474D669730896E8DA48EFF857.d.FEFE8BEFF3C1877321B6C23268478534.e.10555/click - {}
RESULT: {}
COMMAND: GET /session/4712af7ad0eaf46e7406ff23cdc0ea9d/screenshot - {}
RESULT: {}
COMMAND: POST /session/4712af7ad0eaf46e7406ff23cdc0ea9d/element - {"using":"xpath","value":"//span[@id=\"application-manageconditionprice-display-component---conditions--smartTable-header-inner\"]"}
RESULT: {"using":"xpath","value":"//span[@id=\"application-manageconditionprice-display-component---conditions--smartTable-header-inner\"]"}
COMMAND: POST /session/4712af7ad0eaf46e7406ff23cdc0ea9d/elements - {"using":"xpath","value":"//span[@id=\"application-manageconditionprice-display-component---conditions--smartTable-header-inner\"]"}
RESULT: {"using":"xpath","value":"//span[@id=\"application-manageconditionprice-display-component---conditions--smartTable-header-inner\"]"}
COMMAND: POST /session/4712af7ad0eaf46e7406ff23cdc0ea9d/execute/sync - {"script":"<script> [56 bytes]","args":[{"element-6066-11e4-a52e-4f735466cecf":"f.791DC57474D669730896E8DA48EFF857.d.FEFE8BEFF3C1877321B6C23268478534.e.10558","ELEMENT":"f.791DC57474D669730896E8DA48EFF857.d.FEFE8BEFF3C1877321B6C23268478534.e.10558"}]}
RESULT: {"script":"<script> [56 bytes]","args":[{"element-6066-11e4-a52e-4f735466cecf":"f.791DC57474D669730896E8DA48EFF857.d.FEFE8BEFF3C1877321B6C23268478534.e.10558","ELEMENT":"f.791DC57474D669730896E8DA48EFF857.d.FEFE8BEFF3C1877321B6C23268478534.e.10558"}]}
COMMAND: POST /session/4712af7ad0eaf46e7406ff23cdc0ea9d/element - {"using":"css selector","value":"#shell-header-logo"}
COMMAND: GET /session/4712af7ad0eaf46e7406ff23cdc0ea9d/screenshot - {}
RESULT: {"using":"css selector","value":"#shell-header-logo"}
COMMAND: POST /session/4712af7ad0eaf46e7406ff23cdc0ea9d/element/f.791DC57474D669730896E8DA48EFF857.d.FEFE8BEFF3C1877321B6C23268478534.e.10278/click - {}
RESULT: {}
RESULT: {}
COMMAND: GET /session/4712af7ad0eaf46e7406ff23cdc0ea9d/screenshot - {}
RESULT: {}
]]></system-out>
    </testcase>
    <testcase classname="chrome.135_0_7049_96.windows.Create_master_data_for_mixed_billing_&amp;_do_billing_calculation_US151661" name="Should add performance based condition" time="65.938">
      <system-out><![CDATA[
RESULT: undefined
COMMAND: POST /session/4712af7ad0eaf46e7406ff23cdc0ea9d/element - {"using":"xpath","value":"//*[@id=\"__tile93-title\"]"}
RESULT: {"using":"xpath","value":"//*[@id=\"__tile93-title\"]"}
COMMAND: POST /session/4712af7ad0eaf46e7406ff23cdc0ea9d/element/f.791DC57474D669730896E8DA48EFF857.d.FEFE8BEFF3C1877321B6C23268478534.e.10276/click - {}
RESULT: {}
COMMAND: POST /session/4712af7ad0eaf46e7406ff23cdc0ea9d/element - {"using":"xpath","value":"//button[@aria-label=\"Create\"]"}
COMMAND: GET /session/4712af7ad0eaf46e7406ff23cdc0ea9d/screenshot - {}
RESULT: {"using":"xpath","value":"//button[@aria-label=\"Create\"]"}
COMMAND: POST /session/4712af7ad0eaf46e7406ff23cdc0ea9d/elements - {"using":"xpath","value":"//button[@aria-label=\"Create\"]"}
RESULT: {}
RESULT: {"using":"xpath","value":"//button[@aria-label=\"Create\"]"}
COMMAND: POST /session/4712af7ad0eaf46e7406ff23cdc0ea9d/element - {"using":"xpath","value":"//button[@aria-label=\"Create\"]"}
RESULT: {"using":"xpath","value":"//button[@aria-label=\"Create\"]"}
COMMAND: POST /session/4712af7ad0eaf46e7406ff23cdc0ea9d/execute/sync - {"script":"<script> [8489 bytes]","args":[{"element-6066-11e4-a52e-4f735466cecf":"f.791DC57474D669730896E8DA48EFF857.d.FEFE8BEFF3C1877321B6C23268478534.e.10622","ELEMENT":"f.791DC57474D669730896E8DA48EFF857.d.FEFE8BEFF3C1877321B6C23268478534.e.10622"}]}
RESULT: {"script":"<script> [8489 bytes]","args":[{"element-6066-11e4-a52e-4f735466cecf":"f.791DC57474D669730896E8DA48EFF857.d.FEFE8BEFF3C1877321B6C23268478534.e.10622","ELEMENT":"f.791DC57474D669730896E8DA48EFF857.d.FEFE8BEFF3C1877321B6C23268478534.e.10622"}]}
COMMAND: GET /session/4712af7ad0eaf46e7406ff23cdc0ea9d/element/f.791DC57474D669730896E8DA48EFF857.d.FEFE8BEFF3C1877321B6C23268478534.e.10622/enabled - {}
COMMAND: GET /session/4712af7ad0eaf46e7406ff23cdc0ea9d/screenshot - {}
RESULT: {}
COMMAND: POST /session/4712af7ad0eaf46e7406ff23cdc0ea9d/execute/sync - {"script":"<script> [8489 bytes]","args":[{"element-6066-11e4-a52e-4f735466cecf":"f.791DC57474D669730896E8DA48EFF857.d.FEFE8BEFF3C1877321B6C23268478534.e.10622","ELEMENT":"f.791DC57474D669730896E8DA48EFF857.d.FEFE8BEFF3C1877321B6C23268478534.e.10622"}]}
COMMAND: GET /session/4712af7ad0eaf46e7406ff23cdc0ea9d/screenshot - {}
RESULT: {}
RESULT: {"script":"<script> [8489 bytes]","args":[{"element-6066-11e4-a52e-4f735466cecf":"f.791DC57474D669730896E8DA48EFF857.d.FEFE8BEFF3C1877321B6C23268478534.e.10622","ELEMENT":"f.791DC57474D669730896E8DA48EFF857.d.FEFE8BEFF3C1877321B6C23268478534.e.10622"}]}
COMMAND: POST /session/4712af7ad0eaf46e7406ff23cdc0ea9d/execute/sync - {"script":"<script> [5351 bytes]","args":[{"element-6066-11e4-a52e-4f735466cecf":"f.791DC57474D669730896E8DA48EFF857.d.FEFE8BEFF3C1877321B6C23268478534.e.10622","ELEMENT":"f.791DC57474D669730896E8DA48EFF857.d.FEFE8BEFF3C1877321B6C23268478534.e.10622"}]}
COMMAND: GET /session/4712af7ad0eaf46e7406ff23cdc0ea9d/screenshot - {}
RESULT: {}
RESULT: {"script":"<script> [5351 bytes]","args":[{"element-6066-11e4-a52e-4f735466cecf":"f.791DC57474D669730896E8DA48EFF857.d.FEFE8BEFF3C1877321B6C23268478534.e.10622","ELEMENT":"f.791DC57474D669730896E8DA48EFF857.d.FEFE8BEFF3C1877321B6C23268478534.e.10622"}]}
COMMAND: POST /session/4712af7ad0eaf46e7406ff23cdc0ea9d/element/f.791DC57474D669730896E8DA48EFF857.d.FEFE8BEFF3C1877321B6C23268478534.e.10622/click - {}
COMMAND: GET /session/4712af7ad0eaf46e7406ff23cdc0ea9d/screenshot - {}
RESULT: {}
RESULT: {}
COMMAND: GET /session/4712af7ad0eaf46e7406ff23cdc0ea9d/screenshot - {}
RESULT: {}
RESULT: {}
COMMAND: POST /session/4712af7ad0eaf46e7406ff23cdc0ea9d/actions - {"actions":[{"id":"action36","type":"key","parameters":{},"actions":[{"type":"keyDown","value":"î€‡"},{"type":"pause","duration":10},{"type":"keyUp","value":"î€‡"}]}]}
RESULT: {"actions":[{"id":"action36","type":"key","parameters":{},"actions":[{"type":"keyDown","value":"î€‡"},{"type":"pause","duration":10},{"type":"keyUp","value":"î€‡"}]}]}
COMMAND: GET /session/4712af7ad0eaf46e7406ff23cdc0ea9d/screenshot - {}
RESULT: undefined
COMMAND: POST /session/4712af7ad0eaf46e7406ff23cdc0ea9d/element - {"using":"xpath","value":"//*[@id=\"application-manageconditionprice-display-component---newCondition--condBillCond-arrow\"]"}
RESULT: {}
RESULT: {"using":"xpath","value":"//*[@id=\"application-manageconditionprice-display-component---newCondition--condBillCond-arrow\"]"}
COMMAND: POST /session/4712af7ad0eaf46e7406ff23cdc0ea9d/element/f.791DC57474D669730896E8DA48EFF857.d.FEFE8BEFF3C1877321B6C23268478534.e.11462/click - {}
RESULT: {}
COMMAND: GET /session/4712af7ad0eaf46e7406ff23cdc0ea9d/screenshot - {}
RESULT: {}
COMMAND: POST /session/4712af7ad0eaf46e7406ff23cdc0ea9d/element - {"using":"xpath","value":"//li[.//span[contains(text(), \"PC06 - Performance Price - fuel\")]]"}
RESULT: {"using":"xpath","value":"//li[.//span[contains(text(), \"PC06 - Performance Price - fuel\")]]"}
COMMAND: POST /session/4712af7ad0eaf46e7406ff23cdc0ea9d/element/f.791DC57474D669730896E8DA48EFF857.d.FEFE8BEFF3C1877321B6C23268478534.e.11465/click - {}
RESULT: {}
COMMAND: GET /session/4712af7ad0eaf46e7406ff23cdc0ea9d/screenshot - {}
RESULT: {}
RESULT: undefined
COMMAND: POST /session/4712af7ad0eaf46e7406ff23cdc0ea9d/execute/async - {"script":"<script> [776 bytes]","args":[{"enterText":"12/30/25","selector":{"id":"application-manageconditionprice-display-component---newCondition--condValidTo","interaction":{"idSuffix":"inner"}},"clearTextFirst":true,"interactionType":"ENTER_TEXT"}]}
RESULT: {"script":"<script> [776 bytes]","args":[{"enterText":"12/30/25","selector":{"id":"application-manageconditionprice-display-component---newCondition--condValidTo","interaction":{"idSuffix":"inner"}},"clearTextFirst":true,"interactionType":"ENTER_TEXT"}]}
COMMAND: POST /session/4712af7ad0eaf46e7406ff23cdc0ea9d/element - {"using":"xpath","value":"//input[@id=\"application-manageconditionprice-display-component---newCondition--condRU-inner\"]"}
RESULT: {"using":"xpath","value":"//input[@id=\"application-manageconditionprice-display-component---newCondition--condRU-inner\"]"}
COMMAND: POST /session/4712af7ad0eaf46e7406ff23cdc0ea9d/element/f.791DC57474D669730896E8DA48EFF857.d.FEFE8BEFF3C1877321B6C23268478534.e.11177/clear - {}
RESULT: {}
COMMAND: POST /session/4712af7ad0eaf46e7406ff23cdc0ea9d/element/f.791DC57474D669730896E8DA48EFF857.d.FEFE8BEFF3C1877321B6C23268478534.e.11177/value - {"text":"GaaCLkKAnG"}
COMMAND: GET /session/4712af7ad0eaf46e7406ff23cdc0ea9d/screenshot - {}
RESULT: {"text":"GaaCLkKAnG"}
COMMAND: GET /session/4712af7ad0eaf46e7406ff23cdc0ea9d/screenshot - {}
RESULT: {}
RESULT: {}
COMMAND: POST /session/4712af7ad0eaf46e7406ff23cdc0ea9d/actions - {"actions":[{"id":"action37","type":"key","parameters":{},"actions":[{"type":"keyDown","value":"î€‡"},{"type":"pause","duration":10},{"type":"keyUp","value":"î€‡"}]}]}
RESULT: {"actions":[{"id":"action37","type":"key","parameters":{},"actions":[{"type":"keyDown","value":"î€‡"},{"type":"pause","duration":10},{"type":"keyUp","value":"î€‡"}]}]}
RESULT: undefined
COMMAND: POST /session/4712af7ad0eaf46e7406ff23cdc0ea9d/execute/async - {"script":"<script> [776 bytes]","args":[{"enterText":"1","selector":{"id":"application-manageconditionprice-display-component---newCondition--condBaseQty","interaction":{"idSuffix":"inner"}},"clearTextFirst":true,"interactionType":"ENTER_TEXT"}]}
COMMAND: GET /session/4712af7ad0eaf46e7406ff23cdc0ea9d/screenshot - {}
RESULT: {"script":"<script> [776 bytes]","args":[{"enterText":"1","selector":{"id":"application-manageconditionprice-display-component---newCondition--condBaseQty","interaction":{"idSuffix":"inner"}},"clearTextFirst":true,"interactionType":"ENTER_TEXT"}]}
RESULT: undefined
COMMAND: POST /session/4712af7ad0eaf46e7406ff23cdc0ea9d/execute/async - {"script":"<script> [776 bytes]","args":[{"enterText":"10","selector":{"id":"application-manageconditionprice-display-component---newCondition--condValue","interaction":{"idSuffix":"inner"}},"clearTextFirst":true,"interactionType":"ENTER_TEXT"}]}
RESULT: {}
RESULT: {"script":"<script> [776 bytes]","args":[{"enterText":"10","selector":{"id":"application-manageconditionprice-display-component---newCondition--condValue","interaction":{"idSuffix":"inner"}},"clearTextFirst":true,"interactionType":"ENTER_TEXT"}]}
RESULT: undefined
COMMAND: POST /session/4712af7ad0eaf46e7406ff23cdc0ea9d/element - {"using":"xpath","value":"//*[@id=\"application-manageconditionprice-display-component---newCondition--condCurr-arrow\"]"}
RESULT: {"using":"xpath","value":"//*[@id=\"application-manageconditionprice-display-component---newCondition--condCurr-arrow\"]"}
COMMAND: POST /session/4712af7ad0eaf46e7406ff23cdc0ea9d/element/f.791DC57474D669730896E8DA48EFF857.d.FEFE8BEFF3C1877321B6C23268478534.e.11413/click - {}
RESULT: {}
COMMAND: POST /session/4712af7ad0eaf46e7406ff23cdc0ea9d/element - {"using":"xpath","value":"//span[contains(text(), \"Euro\")]"}
COMMAND: GET /session/4712af7ad0eaf46e7406ff23cdc0ea9d/screenshot - {}
RESULT: {"using":"xpath","value":"//span[contains(text(), \"Euro\")]"}
COMMAND: POST /session/4712af7ad0eaf46e7406ff23cdc0ea9d/element/f.791DC57474D669730896E8DA48EFF857.d.FEFE8BEFF3C1877321B6C23268478534.e.11500/click - {}
RESULT: {}
RESULT: {}
COMMAND: POST /session/4712af7ad0eaf46e7406ff23cdc0ea9d/element - {"using":"xpath","value":"//button[@data-kt=\"saveButton\"]"}
COMMAND: GET /session/4712af7ad0eaf46e7406ff23cdc0ea9d/screenshot - {}
RESULT: {"using":"xpath","value":"//button[@data-kt=\"saveButton\"]"}
COMMAND: POST /session/4712af7ad0eaf46e7406ff23cdc0ea9d/element/f.791DC57474D669730896E8DA48EFF857.d.FEFE8BEFF3C1877321B6C23268478534.e.11414/click - {}
RESULT: {}
RESULT: {}
COMMAND: GET /session/4712af7ad0eaf46e7406ff23cdc0ea9d/screenshot - {}
RESULT: {}
RESULT: undefined
COMMAND: POST /session/4712af7ad0eaf46e7406ff23cdc0ea9d/execute/async - {"script":"<script> [776 bytes]","args":[{"enterText":"GaaCLkKAnG","selector":{"id":"application-manageconditionprice-display-component---conditions--smartFilterBar-btnBasicSearch","interaction":{"idSuffix":"I"}},"clearTextFirst":true,"interactionType":"ENTER_TEXT"}]}
RESULT: {"script":"<script> [776 bytes]","args":[{"enterText":"GaaCLkKAnG","selector":{"id":"application-manageconditionprice-display-component---conditions--smartFilterBar-btnBasicSearch","interaction":{"idSuffix":"I"}},"clearTextFirst":true,"interactionType":"ENTER_TEXT"}]}
COMMAND: POST /session/4712af7ad0eaf46e7406ff23cdc0ea9d/actions - {"actions":[{"id":"action38","type":"key","parameters":{},"actions":[{"type":"keyDown","value":"î€‡"},{"type":"pause","duration":10},{"type":"keyUp","value":"î€‡"}]}]}
RESULT: {"actions":[{"id":"action38","type":"key","parameters":{},"actions":[{"type":"keyDown","value":"î€‡"},{"type":"pause","duration":10},{"type":"keyUp","value":"î€‡"}]}]}
COMMAND: GET /session/4712af7ad0eaf46e7406ff23cdc0ea9d/screenshot - {}
RESULT: {}
RESULT: undefined
COMMAND: POST /session/4712af7ad0eaf46e7406ff23cdc0ea9d/element - {"using":"xpath","value":"//*[@id=\"application-manageconditionprice-display-component---conditions--smartFilterBar-filterItemControl_BASIC-BILL_TYPES-vhi\"]"}
RESULT: {"using":"xpath","value":"//*[@id=\"application-manageconditionprice-display-component---conditions--smartFilterBar-filterItemControl_BASIC-BILL_TYPES-vhi\"]"}
COMMAND: POST /session/4712af7ad0eaf46e7406ff23cdc0ea9d/element/f.791DC57474D669730896E8DA48EFF857.d.FEFE8BEFF3C1877321B6C23268478534.e.11756/click - {}
RESULT: {}
RESULT: undefined
COMMAND: POST /session/4712af7ad0eaf46e7406ff23cdc0ea9d/execute/async - {"script":"<script> [776 bytes]","args":[{"enterText":"PB","selector":{"id":"application-manageconditionprice-display-component---conditions--smartFilterBar-filterItemControl_BASIC-BILL_TYPES-valueHelpDialog-smartFilterBar-btnBasicSearch","searchOpenDialogs":true,"interaction":{"idSuffix":"I"}},"clearTextFirst":true,"interactionType":"ENTER_TEXT"}]}
COMMAND: GET /session/4712af7ad0eaf46e7406ff23cdc0ea9d/screenshot - {}
RESULT: {"script":"<script> [776 bytes]","args":[{"enterText":"PB","selector":{"id":"application-manageconditionprice-display-component---conditions--smartFilterBar-filterItemControl_BASIC-BILL_TYPES-valueHelpDialog-smartFilterBar-btnBasicSearch","searchOpenDialogs":true,"interaction":{"idSuffix":"I"}},"clearTextFirst":true,"interactionType":"ENTER_TEXT"}]}
COMMAND: POST /session/4712af7ad0eaf46e7406ff23cdc0ea9d/actions - {"actions":[{"id":"action39","type":"key","parameters":{},"actions":[{"type":"keyDown","value":"î€‡"},{"type":"pause","duration":10},{"type":"keyUp","value":"î€‡"}]}]}
RESULT: {}
RESULT: {"actions":[{"id":"action39","type":"key","parameters":{},"actions":[{"type":"keyDown","value":"î€‡"},{"type":"pause","duration":10},{"type":"keyUp","value":"î€‡"}]}]}
COMMAND: GET /session/4712af7ad0eaf46e7406ff23cdc0ea9d/screenshot - {}
RESULT: {}
COMMAND: POST /session/4712af7ad0eaf46e7406ff23cdc0ea9d/element - {"using":"xpath","value":"//div[contains(@id, 'application-manageconditionprice-display-component---conditions--smartFilterBar-filterItemControl_BASIC-BILL_TYPES-valueHelpDialog-table-rowsel0')]"}
RESULT: {"using":"xpath","value":"//div[contains(@id, 'application-manageconditionprice-display-component---conditions--smartFilterBar-filterItemControl_BASIC-BILL_TYPES-valueHelpDialog-table-rowsel0')]"}
COMMAND: POST /session/4712af7ad0eaf46e7406ff23cdc0ea9d/element/f.791DC57474D669730896E8DA48EFF857.d.FEFE8BEFF3C1877321B6C23268478534.e.11764/click - {}
RESULT: {}
COMMAND: GET /session/4712af7ad0eaf46e7406ff23cdc0ea9d/screenshot - {}
RESULT: {}
COMMAND: POST /session/4712af7ad0eaf46e7406ff23cdc0ea9d/element - {"using":"xpath","value":"//bdi[contains(text(), \"OK\")]"}
RESULT: {"using":"xpath","value":"//bdi[contains(text(), \"OK\")]"}
COMMAND: POST /session/4712af7ad0eaf46e7406ff23cdc0ea9d/element/f.791DC57474D669730896E8DA48EFF857.d.FEFE8BEFF3C1877321B6C23268478534.e.11766/click - {}
RESULT: {}
COMMAND: GET /session/4712af7ad0eaf46e7406ff23cdc0ea9d/screenshot - {}
RESULT: {}
COMMAND: POST /session/4712af7ad0eaf46e7406ff23cdc0ea9d/element - {"using":"xpath","value":"//span[@id=\"application-manageconditionprice-display-component---conditions--smartTable-header-inner\"]"}
RESULT: {"using":"xpath","value":"//span[@id=\"application-manageconditionprice-display-component---conditions--smartTable-header-inner\"]"}
COMMAND: POST /session/4712af7ad0eaf46e7406ff23cdc0ea9d/elements - {"using":"xpath","value":"//span[@id=\"application-manageconditionprice-display-component---conditions--smartTable-header-inner\"]"}
RESULT: {"using":"xpath","value":"//span[@id=\"application-manageconditionprice-display-component---conditions--smartTable-header-inner\"]"}
COMMAND: POST /session/4712af7ad0eaf46e7406ff23cdc0ea9d/execute/sync - {"script":"<script> [56 bytes]","args":[{"element-6066-11e4-a52e-4f735466cecf":"f.791DC57474D669730896E8DA48EFF857.d.FEFE8BEFF3C1877321B6C23268478534.e.11769","ELEMENT":"f.791DC57474D669730896E8DA48EFF857.d.FEFE8BEFF3C1877321B6C23268478534.e.11769"}]}
RESULT: {"script":"<script> [56 bytes]","args":[{"element-6066-11e4-a52e-4f735466cecf":"f.791DC57474D669730896E8DA48EFF857.d.FEFE8BEFF3C1877321B6C23268478534.e.11769","ELEMENT":"f.791DC57474D669730896E8DA48EFF857.d.FEFE8BEFF3C1877321B6C23268478534.e.11769"}]}
COMMAND: POST /session/4712af7ad0eaf46e7406ff23cdc0ea9d/element - {"using":"css selector","value":"#shell-header-logo"}
COMMAND: GET /session/4712af7ad0eaf46e7406ff23cdc0ea9d/screenshot - {}
RESULT: {"using":"css selector","value":"#shell-header-logo"}
COMMAND: POST /session/4712af7ad0eaf46e7406ff23cdc0ea9d/element/f.791DC57474D669730896E8DA48EFF857.d.FEFE8BEFF3C1877321B6C23268478534.e.10566/click - {}
RESULT: {}
RESULT: {}
COMMAND: GET /session/4712af7ad0eaf46e7406ff23cdc0ea9d/screenshot - {}
RESULT: {}
]]></system-out>
    </testcase>
    <testcase classname="chrome.135_0_7049_96.windows.Create_master_data_for_mixed_billing_&amp;_do_billing_calculation_US151661" name="Should add time based condition" time="60.327">
      <system-out><![CDATA[
RESULT: undefined
COMMAND: POST /session/4712af7ad0eaf46e7406ff23cdc0ea9d/element - {"using":"xpath","value":"//*[@id=\"__tile93-title\"]"}
RESULT: {"using":"xpath","value":"//*[@id=\"__tile93-title\"]"}
COMMAND: POST /session/4712af7ad0eaf46e7406ff23cdc0ea9d/element/f.791DC57474D669730896E8DA48EFF857.d.FEFE8BEFF3C1877321B6C23268478534.e.10276/click - {}
RESULT: {}
COMMAND: POST /session/4712af7ad0eaf46e7406ff23cdc0ea9d/element - {"using":"xpath","value":"//button[@aria-label=\"Create\"]"}
COMMAND: GET /session/4712af7ad0eaf46e7406ff23cdc0ea9d/screenshot - {}
RESULT: {"using":"xpath","value":"//button[@aria-label=\"Create\"]"}
COMMAND: POST /session/4712af7ad0eaf46e7406ff23cdc0ea9d/elements - {"using":"xpath","value":"//button[@aria-label=\"Create\"]"}
RESULT: {}
RESULT: {"using":"xpath","value":"//button[@aria-label=\"Create\"]"}
COMMAND: POST /session/4712af7ad0eaf46e7406ff23cdc0ea9d/execute/sync - {"script":"<script> [8489 bytes]","args":[{"element-6066-11e4-a52e-4f735466cecf":"f.791DC57474D669730896E8DA48EFF857.d.FEFE8BEFF3C1877321B6C23268478534.e.11828","ELEMENT":"f.791DC57474D669730896E8DA48EFF857.d.FEFE8BEFF3C1877321B6C23268478534.e.11828"}]}
RESULT: {"script":"<script> [8489 bytes]","args":[{"element-6066-11e4-a52e-4f735466cecf":"f.791DC57474D669730896E8DA48EFF857.d.FEFE8BEFF3C1877321B6C23268478534.e.11828","ELEMENT":"f.791DC57474D669730896E8DA48EFF857.d.FEFE8BEFF3C1877321B6C23268478534.e.11828"}]}
COMMAND: GET /session/4712af7ad0eaf46e7406ff23cdc0ea9d/element/f.791DC57474D669730896E8DA48EFF857.d.FEFE8BEFF3C1877321B6C23268478534.e.11828/enabled - {}
COMMAND: GET /session/4712af7ad0eaf46e7406ff23cdc0ea9d/screenshot - {}
RESULT: {}
COMMAND: POST /session/4712af7ad0eaf46e7406ff23cdc0ea9d/execute/sync - {"script":"<script> [8489 bytes]","args":[{"element-6066-11e4-a52e-4f735466cecf":"f.791DC57474D669730896E8DA48EFF857.d.FEFE8BEFF3C1877321B6C23268478534.e.11828","ELEMENT":"f.791DC57474D669730896E8DA48EFF857.d.FEFE8BEFF3C1877321B6C23268478534.e.11828"}]}
COMMAND: GET /session/4712af7ad0eaf46e7406ff23cdc0ea9d/screenshot - {}
RESULT: {}
RESULT: {"script":"<script> [8489 bytes]","args":[{"element-6066-11e4-a52e-4f735466cecf":"f.791DC57474D669730896E8DA48EFF857.d.FEFE8BEFF3C1877321B6C23268478534.e.11828","ELEMENT":"f.791DC57474D669730896E8DA48EFF857.d.FEFE8BEFF3C1877321B6C23268478534.e.11828"}]}
COMMAND: POST /session/4712af7ad0eaf46e7406ff23cdc0ea9d/execute/sync - {"script":"<script> [5351 bytes]","args":[{"element-6066-11e4-a52e-4f735466cecf":"f.791DC57474D669730896E8DA48EFF857.d.FEFE8BEFF3C1877321B6C23268478534.e.11828","ELEMENT":"f.791DC57474D669730896E8DA48EFF857.d.FEFE8BEFF3C1877321B6C23268478534.e.11828"}]}
COMMAND: GET /session/4712af7ad0eaf46e7406ff23cdc0ea9d/screenshot - {}
RESULT: {}
RESULT: {"script":"<script> [5351 bytes]","args":[{"element-6066-11e4-a52e-4f735466cecf":"f.791DC57474D669730896E8DA48EFF857.d.FEFE8BEFF3C1877321B6C23268478534.e.11828","ELEMENT":"f.791DC57474D669730896E8DA48EFF857.d.FEFE8BEFF3C1877321B6C23268478534.e.11828"}]}
COMMAND: POST /session/4712af7ad0eaf46e7406ff23cdc0ea9d/element/f.791DC57474D669730896E8DA48EFF857.d.FEFE8BEFF3C1877321B6C23268478534.e.11828/click - {}
COMMAND: GET /session/4712af7ad0eaf46e7406ff23cdc0ea9d/screenshot - {}
RESULT: {}
RESULT: {}
COMMAND: GET /session/4712af7ad0eaf46e7406ff23cdc0ea9d/screenshot - {}
RESULT: {}
RESULT: {}
COMMAND: POST /session/4712af7ad0eaf46e7406ff23cdc0ea9d/actions - {"actions":[{"id":"action40","type":"key","parameters":{},"actions":[{"type":"keyDown","value":"î€‡"},{"type":"pause","duration":10},{"type":"keyUp","value":"î€‡"}]}]}
RESULT: {"actions":[{"id":"action40","type":"key","parameters":{},"actions":[{"type":"keyDown","value":"î€‡"},{"type":"pause","duration":10},{"type":"keyUp","value":"î€‡"}]}]}
COMMAND: GET /session/4712af7ad0eaf46e7406ff23cdc0ea9d/screenshot - {}
RESULT: undefined
COMMAND: POST /session/4712af7ad0eaf46e7406ff23cdc0ea9d/element - {"using":"xpath","value":"//*[@id=\"application-manageconditionprice-display-component---newCondition--condBillCond-arrow\"]"}
RESULT: {}
RESULT: {"using":"xpath","value":"//*[@id=\"application-manageconditionprice-display-component---newCondition--condBillCond-arrow\"]"}
COMMAND: POST /session/4712af7ad0eaf46e7406ff23cdc0ea9d/element/f.791DC57474D669730896E8DA48EFF857.d.FEFE8BEFF3C1877321B6C23268478534.e.12268/click - {}
RESULT: {}
COMMAND: GET /session/4712af7ad0eaf46e7406ff23cdc0ea9d/screenshot - {}
RESULT: {}
COMMAND: POST /session/4712af7ad0eaf46e7406ff23cdc0ea9d/element - {"using":"xpath","value":"//li[.//span[contains(text(), \"DISP - D&I special price\")]]"}
RESULT: {"using":"xpath","value":"//li[.//span[contains(text(), \"DISP - D&I special price\")]]"}
COMMAND: POST /session/4712af7ad0eaf46e7406ff23cdc0ea9d/element/f.791DC57474D669730896E8DA48EFF857.d.FEFE8BEFF3C1877321B6C23268478534.e.12271/click - {}
RESULT: {}
COMMAND: GET /session/4712af7ad0eaf46e7406ff23cdc0ea9d/screenshot - {}
RESULT: {}
RESULT: undefined
COMMAND: POST /session/4712af7ad0eaf46e7406ff23cdc0ea9d/execute/async - {"script":"<script> [776 bytes]","args":[{"enterText":"12/30/25","selector":{"id":"application-manageconditionprice-display-component---newCondition--condValidTo","interaction":{"idSuffix":"inner"}},"clearTextFirst":true,"interactionType":"ENTER_TEXT"}]}
RESULT: {"script":"<script> [776 bytes]","args":[{"enterText":"12/30/25","selector":{"id":"application-manageconditionprice-display-component---newCondition--condValidTo","interaction":{"idSuffix":"inner"}},"clearTextFirst":true,"interactionType":"ENTER_TEXT"}]}
COMMAND: POST /session/4712af7ad0eaf46e7406ff23cdc0ea9d/element - {"using":"xpath","value":"//input[@id=\"application-manageconditionprice-display-component---newCondition--condRU-inner\"]"}
RESULT: {"using":"xpath","value":"//input[@id=\"application-manageconditionprice-display-component---newCondition--condRU-inner\"]"}
COMMAND: POST /session/4712af7ad0eaf46e7406ff23cdc0ea9d/element/f.791DC57474D669730896E8DA48EFF857.d.FEFE8BEFF3C1877321B6C23268478534.e.11992/clear - {}
RESULT: {}
COMMAND: POST /session/4712af7ad0eaf46e7406ff23cdc0ea9d/element/f.791DC57474D669730896E8DA48EFF857.d.FEFE8BEFF3C1877321B6C23268478534.e.11992/value - {"text":"GaaCLkKAnG"}
COMMAND: GET /session/4712af7ad0eaf46e7406ff23cdc0ea9d/screenshot - {}
RESULT: {"text":"GaaCLkKAnG"}
COMMAND: GET /session/4712af7ad0eaf46e7406ff23cdc0ea9d/screenshot - {}
RESULT: {}
RESULT: {}
COMMAND: POST /session/4712af7ad0eaf46e7406ff23cdc0ea9d/actions - {"actions":[{"id":"action41","type":"key","parameters":{},"actions":[{"type":"keyDown","value":"î€‡"},{"type":"pause","duration":10},{"type":"keyUp","value":"î€‡"}]}]}
RESULT: {"actions":[{"id":"action41","type":"key","parameters":{},"actions":[{"type":"keyDown","value":"î€‡"},{"type":"pause","duration":10},{"type":"keyUp","value":"î€‡"}]}]}
RESULT: undefined
COMMAND: POST /session/4712af7ad0eaf46e7406ff23cdc0ea9d/execute/async - {"script":"<script> [776 bytes]","args":[{"enterText":"1","selector":{"id":"application-manageconditionprice-display-component---newCondition--condBaseQty","interaction":{"idSuffix":"inner"}},"clearTextFirst":true,"interactionType":"ENTER_TEXT"}]}
COMMAND: GET /session/4712af7ad0eaf46e7406ff23cdc0ea9d/screenshot - {}
RESULT: {"script":"<script> [776 bytes]","args":[{"enterText":"1","selector":{"id":"application-manageconditionprice-display-component---newCondition--condBaseQty","interaction":{"idSuffix":"inner"}},"clearTextFirst":true,"interactionType":"ENTER_TEXT"}]}
RESULT: undefined
COMMAND: POST /session/4712af7ad0eaf46e7406ff23cdc0ea9d/execute/async - {"script":"<script> [776 bytes]","args":[{"enterText":"100","selector":{"id":"application-manageconditionprice-display-component---newCondition--condValue","interaction":{"idSuffix":"inner"}},"clearTextFirst":true,"interactionType":"ENTER_TEXT"}]}
RESULT: {}
RESULT: {"script":"<script> [776 bytes]","args":[{"enterText":"100","selector":{"id":"application-manageconditionprice-display-component---newCondition--condValue","interaction":{"idSuffix":"inner"}},"clearTextFirst":true,"interactionType":"ENTER_TEXT"}]}
RESULT: undefined
COMMAND: POST /session/4712af7ad0eaf46e7406ff23cdc0ea9d/element - {"using":"xpath","value":"//*[@id=\"application-manageconditionprice-display-component---newCondition--condCurr-arrow\"]"}
RESULT: {"using":"xpath","value":"//*[@id=\"application-manageconditionprice-display-component---newCondition--condCurr-arrow\"]"}
COMMAND: POST /session/4712af7ad0eaf46e7406ff23cdc0ea9d/element/f.791DC57474D669730896E8DA48EFF857.d.FEFE8BEFF3C1877321B6C23268478534.e.12220/click - {}
RESULT: {}
COMMAND: POST /session/4712af7ad0eaf46e7406ff23cdc0ea9d/element - {"using":"xpath","value":"//span[contains(text(), \"Euro\")]"}
COMMAND: GET /session/4712af7ad0eaf46e7406ff23cdc0ea9d/screenshot - {}
RESULT: {"using":"xpath","value":"//span[contains(text(), \"Euro\")]"}
COMMAND: POST /session/4712af7ad0eaf46e7406ff23cdc0ea9d/element/f.791DC57474D669730896E8DA48EFF857.d.FEFE8BEFF3C1877321B6C23268478534.e.12306/click - {}
RESULT: {}
RESULT: {}
COMMAND: POST /session/4712af7ad0eaf46e7406ff23cdc0ea9d/element - {"using":"xpath","value":"//button[@data-kt=\"saveButton\"]"}
COMMAND: GET /session/4712af7ad0eaf46e7406ff23cdc0ea9d/screenshot - {}
RESULT: {"using":"xpath","value":"//button[@data-kt=\"saveButton\"]"}
COMMAND: POST /session/4712af7ad0eaf46e7406ff23cdc0ea9d/element/f.791DC57474D669730896E8DA48EFF857.d.FEFE8BEFF3C1877321B6C23268478534.e.12221/click - {}
RESULT: {}
RESULT: {}
COMMAND: GET /session/4712af7ad0eaf46e7406ff23cdc0ea9d/screenshot - {}
RESULT: {}
RESULT: undefined
COMMAND: POST /session/4712af7ad0eaf46e7406ff23cdc0ea9d/execute/async - {"script":"<script> [776 bytes]","args":[{"enterText":"GaaCLkKAnG","selector":{"id":"application-manageconditionprice-display-component---conditions--smartFilterBar-btnBasicSearch","interaction":{"idSuffix":"I"}},"clearTextFirst":true,"interactionType":"ENTER_TEXT"}]}
RESULT: {"script":"<script> [776 bytes]","args":[{"enterText":"GaaCLkKAnG","selector":{"id":"application-manageconditionprice-display-component---conditions--smartFilterBar-btnBasicSearch","interaction":{"idSuffix":"I"}},"clearTextFirst":true,"interactionType":"ENTER_TEXT"}]}
COMMAND: POST /session/4712af7ad0eaf46e7406ff23cdc0ea9d/actions - {"actions":[{"id":"action42","type":"key","parameters":{},"actions":[{"type":"keyDown","value":"î€‡"},{"type":"pause","duration":10},{"type":"keyUp","value":"î€‡"}]}]}
RESULT: {"actions":[{"id":"action42","type":"key","parameters":{},"actions":[{"type":"keyDown","value":"î€‡"},{"type":"pause","duration":10},{"type":"keyUp","value":"î€‡"}]}]}
COMMAND: GET /session/4712af7ad0eaf46e7406ff23cdc0ea9d/screenshot - {}
RESULT: {}
RESULT: undefined
COMMAND: POST /session/4712af7ad0eaf46e7406ff23cdc0ea9d/element - {"using":"xpath","value":"//*[@id=\"application-manageconditionprice-display-component---conditions--smartFilterBar-filterItemControl_BASIC-BILL_TYPES-vhi\"]"}
RESULT: {"using":"xpath","value":"//*[@id=\"application-manageconditionprice-display-component---conditions--smartFilterBar-filterItemControl_BASIC-BILL_TYPES-vhi\"]"}
COMMAND: POST /session/4712af7ad0eaf46e7406ff23cdc0ea9d/element/f.791DC57474D669730896E8DA48EFF857.d.FEFE8BEFF3C1877321B6C23268478534.e.12534/click - {}
RESULT: {}
RESULT: undefined
COMMAND: POST /session/4712af7ad0eaf46e7406ff23cdc0ea9d/execute/async - {"script":"<script> [776 bytes]","args":[{"enterText":"TB","selector":{"id":"application-manageconditionprice-display-component---conditions--smartFilterBar-filterItemControl_BASIC-BILL_TYPES-valueHelpDialog-smartFilterBar-btnBasicSearch","searchOpenDialogs":true,"interaction":{"idSuffix":"I"}},"clearTextFirst":true,"interactionType":"ENTER_TEXT"}]}
COMMAND: GET /session/4712af7ad0eaf46e7406ff23cdc0ea9d/screenshot - {}
RESULT: {"script":"<script> [776 bytes]","args":[{"enterText":"TB","selector":{"id":"application-manageconditionprice-display-component---conditions--smartFilterBar-filterItemControl_BASIC-BILL_TYPES-valueHelpDialog-smartFilterBar-btnBasicSearch","searchOpenDialogs":true,"interaction":{"idSuffix":"I"}},"clearTextFirst":true,"interactionType":"ENTER_TEXT"}]}
COMMAND: POST /session/4712af7ad0eaf46e7406ff23cdc0ea9d/actions - {"actions":[{"id":"action43","type":"key","parameters":{},"actions":[{"type":"keyDown","value":"î€‡"},{"type":"pause","duration":10},{"type":"keyUp","value":"î€‡"}]}]}
RESULT: {}
RESULT: {"actions":[{"id":"action43","type":"key","parameters":{},"actions":[{"type":"keyDown","value":"î€‡"},{"type":"pause","duration":10},{"type":"keyUp","value":"î€‡"}]}]}
COMMAND: GET /session/4712af7ad0eaf46e7406ff23cdc0ea9d/screenshot - {}
RESULT: {}
COMMAND: POST /session/4712af7ad0eaf46e7406ff23cdc0ea9d/element - {"using":"xpath","value":"//div[contains(@id, 'application-manageconditionprice-display-component---conditions--smartFilterBar-filterItemControl_BASIC-BILL_TYPES-valueHelpDialog-table-rowsel0')]"}
RESULT: {"using":"xpath","value":"//div[contains(@id, 'application-manageconditionprice-display-component---conditions--smartFilterBar-filterItemControl_BASIC-BILL_TYPES-valueHelpDialog-table-rowsel0')]"}
COMMAND: POST /session/4712af7ad0eaf46e7406ff23cdc0ea9d/element/f.791DC57474D669730896E8DA48EFF857.d.FEFE8BEFF3C1877321B6C23268478534.e.12542/click - {}
RESULT: {}
COMMAND: GET /session/4712af7ad0eaf46e7406ff23cdc0ea9d/screenshot - {}
RESULT: {}
COMMAND: POST /session/4712af7ad0eaf46e7406ff23cdc0ea9d/element - {"using":"xpath","value":"//bdi[contains(text(), \"OK\")]"}
RESULT: {"using":"xpath","value":"//bdi[contains(text(), \"OK\")]"}
COMMAND: POST /session/4712af7ad0eaf46e7406ff23cdc0ea9d/element/f.791DC57474D669730896E8DA48EFF857.d.FEFE8BEFF3C1877321B6C23268478534.e.12544/click - {}
RESULT: {}
COMMAND: GET /session/4712af7ad0eaf46e7406ff23cdc0ea9d/screenshot - {}
RESULT: {}
COMMAND: POST /session/4712af7ad0eaf46e7406ff23cdc0ea9d/element - {"using":"xpath","value":"//span[@id=\"application-manageconditionprice-display-component---conditions--smartTable-header-inner\"]"}
RESULT: {"using":"xpath","value":"//span[@id=\"application-manageconditionprice-display-component---conditions--smartTable-header-inner\"]"}
COMMAND: POST /session/4712af7ad0eaf46e7406ff23cdc0ea9d/elements - {"using":"xpath","value":"//span[@id=\"application-manageconditionprice-display-component---conditions--smartTable-header-inner\"]"}
RESULT: {"using":"xpath","value":"//span[@id=\"application-manageconditionprice-display-component---conditions--smartTable-header-inner\"]"}
COMMAND: POST /session/4712af7ad0eaf46e7406ff23cdc0ea9d/execute/sync - {"script":"<script> [56 bytes]","args":[{"element-6066-11e4-a52e-4f735466cecf":"f.791DC57474D669730896E8DA48EFF857.d.FEFE8BEFF3C1877321B6C23268478534.e.12580","ELEMENT":"f.791DC57474D669730896E8DA48EFF857.d.FEFE8BEFF3C1877321B6C23268478534.e.12580"}]}
RESULT: {"script":"<script> [56 bytes]","args":[{"element-6066-11e4-a52e-4f735466cecf":"f.791DC57474D669730896E8DA48EFF857.d.FEFE8BEFF3C1877321B6C23268478534.e.12580","ELEMENT":"f.791DC57474D669730896E8DA48EFF857.d.FEFE8BEFF3C1877321B6C23268478534.e.12580"}]}
COMMAND: POST /session/4712af7ad0eaf46e7406ff23cdc0ea9d/element - {"using":"css selector","value":"#shell-header-logo"}
COMMAND: GET /session/4712af7ad0eaf46e7406ff23cdc0ea9d/screenshot - {}
RESULT: {"using":"css selector","value":"#shell-header-logo"}
COMMAND: POST /session/4712af7ad0eaf46e7406ff23cdc0ea9d/element/f.791DC57474D669730896E8DA48EFF857.d.FEFE8BEFF3C1877321B6C23268478534.e.11775/click - {}
RESULT: {}
RESULT: {}
COMMAND: GET /session/4712af7ad0eaf46e7406ff23cdc0ea9d/screenshot - {}
RESULT: {}
]]></system-out>
    </testcase>
  </testsuite>
  <testsuite timestamp="2025-04-30T06:10:35" time="734.264" tests="13" failures="0" errors="0" skipped="0">
    <properties>
      <property name="specId" value="0" />
      <property name="suiteName" value="Performance based billing (work days) US139742" />
      <property name="capabilities" value="chrome.135_0_7049_96.windows" />
      <property name="file" value="file:///D:/a/1/s/test/specs/BTS/billing-performance-workdays.spec.js" />
    </properties>
    <testcase classname="chrome.135_0_7049_96.windows.Performance_based_billing_(work_days)_US139742" name="Should create a new yard" time="0.009">
      <system-out><![CDATA[
COMMAND: POST /session/4712af7ad0eaf46e7406ff23cdc0ea9d/window/fullscreen - {}
RESULT: {}
]]></system-out>
    </testcase>
    <testcase classname="chrome.135_0_7049_96.windows.Performance_based_billing_(work_days)_US139742" name="Should create a new partner" time="0.004" />
    <testcase classname="chrome.135_0_7049_96.windows.Performance_based_billing_(work_days)_US139742" name="Should create a new site" time="0.003" />
    <testcase classname="chrome.135_0_7049_96.windows.Performance_based_billing_(work_days)_US139742" name="Should do prerequisite steps add equipment" time="122.313">
      <system-out><![CDATA[
COMMAND: POST /session/4712af7ad0eaf46e7406ff23cdc0ea9d/execute/async - {"script":"<script> [1562 bytes]","args":[{"selector":{"controlType":"sap.m.GenericTile","properties":{"header":"Manage Resources"}},"wdio_ui5_key":"sapm.GenericTile{\"header\":\"Manage Resources\"}"}]}
RESULT: {"script":"<script> [1562 bytes]","args":[{"selector":{"controlType":"sap.m.GenericTile","properties":{"header":"Manage Resources"}},"wdio_ui5_key":"sapm.GenericTile{\"header\":\"Manage Resources\"}"}]}
RESULT: undefined
COMMAND: POST /session/4712af7ad0eaf46e7406ff23cdc0ea9d/element - {"using":"xpath","value":"//*[@id=\"__tile39\"]"}
RESULT: {"using":"xpath","value":"//*[@id=\"__tile39\"]"}
COMMAND: POST /session/4712af7ad0eaf46e7406ff23cdc0ea9d/element/f.791DC57474D669730896E8DA48EFF857.d.E1CB0A7DCE919F4ED114ADBB7E49A787.e.13764/click - {}
RESULT: {}
COMMAND: POST /session/4712af7ad0eaf46e7406ff23cdc0ea9d/element - {"using":"xpath","value":"//button[@data-kt=\"addNewRUOverflowToolbarButton\"]"}
COMMAND: GET /session/4712af7ad0eaf46e7406ff23cdc0ea9d/screenshot - {}
RESULT: {"using":"xpath","value":"//button[@data-kt=\"addNewRUOverflowToolbarButton\"]"}
COMMAND: POST /session/4712af7ad0eaf46e7406ff23cdc0ea9d/elements - {"using":"xpath","value":"//button[@data-kt=\"addNewRUOverflowToolbarButton\"]"}
RESULT: {}
RESULT: {"using":"xpath","value":"//button[@data-kt=\"addNewRUOverflowToolbarButton\"]"}
COMMAND: POST /session/4712af7ad0eaf46e7406ff23cdc0ea9d/elements - {"using":"xpath","value":"//button[@data-kt=\"addNewRUOverflowToolbarButton\"]"}
RESULT: {"using":"xpath","value":"//button[@data-kt=\"addNewRUOverflowToolbarButton\"]"}
COMMAND: POST /session/4712af7ad0eaf46e7406ff23cdc0ea9d/elements - {"using":"xpath","value":"//button[@data-kt=\"addNewRUOverflowToolbarButton\"]"}
RESULT: {"using":"xpath","value":"//button[@data-kt=\"addNewRUOverflowToolbarButton\"]"}
COMMAND: POST /session/4712af7ad0eaf46e7406ff23cdc0ea9d/elements - {"using":"xpath","value":"//button[@data-kt=\"addNewRUOverflowToolbarButton\"]"}
RESULT: {"using":"xpath","value":"//button[@data-kt=\"addNewRUOverflowToolbarButton\"]"}
COMMAND: POST /session/4712af7ad0eaf46e7406ff23cdc0ea9d/elements - {"using":"xpath","value":"//button[@data-kt=\"addNewRUOverflowToolbarButton\"]"}
RESULT: {"using":"xpath","value":"//button[@data-kt=\"addNewRUOverflowToolbarButton\"]"}
COMMAND: POST /session/4712af7ad0eaf46e7406ff23cdc0ea9d/elements - {"using":"xpath","value":"//button[@data-kt=\"addNewRUOverflowToolbarButton\"]"}
RESULT: {"using":"xpath","value":"//button[@data-kt=\"addNewRUOverflowToolbarButton\"]"}
COMMAND: POST /session/4712af7ad0eaf46e7406ff23cdc0ea9d/elements - {"using":"xpath","value":"//button[@data-kt=\"addNewRUOverflowToolbarButton\"]"}
RESULT: {"using":"xpath","value":"//button[@data-kt=\"addNewRUOverflowToolbarButton\"]"}
COMMAND: POST /session/4712af7ad0eaf46e7406ff23cdc0ea9d/elements - {"using":"xpath","value":"//button[@data-kt=\"addNewRUOverflowToolbarButton\"]"}
RESULT: {"using":"xpath","value":"//button[@data-kt=\"addNewRUOverflowToolbarButton\"]"}
COMMAND: POST /session/4712af7ad0eaf46e7406ff23cdc0ea9d/elements - {"using":"xpath","value":"//button[@data-kt=\"addNewRUOverflowToolbarButton\"]"}
RESULT: {"using":"xpath","value":"//button[@data-kt=\"addNewRUOverflowToolbarButton\"]"}
COMMAND: POST /session/4712af7ad0eaf46e7406ff23cdc0ea9d/elements - {"using":"xpath","value":"//button[@data-kt=\"addNewRUOverflowToolbarButton\"]"}
RESULT: {"using":"xpath","value":"//button[@data-kt=\"addNewRUOverflowToolbarButton\"]"}
COMMAND: POST /session/4712af7ad0eaf46e7406ff23cdc0ea9d/elements - {"using":"xpath","value":"//button[@data-kt=\"addNewRUOverflowToolbarButton\"]"}
RESULT: {"using":"xpath","value":"//button[@data-kt=\"addNewRUOverflowToolbarButton\"]"}
COMMAND: POST /session/4712af7ad0eaf46e7406ff23cdc0ea9d/elements - {"using":"xpath","value":"//button[@data-kt=\"addNewRUOverflowToolbarButton\"]"}
RESULT: {"using":"xpath","value":"//button[@data-kt=\"addNewRUOverflowToolbarButton\"]"}
COMMAND: POST /session/4712af7ad0eaf46e7406ff23cdc0ea9d/elements - {"using":"xpath","value":"//button[@data-kt=\"addNewRUOverflowToolbarButton\"]"}
RESULT: {"using":"xpath","value":"//button[@data-kt=\"addNewRUOverflowToolbarButton\"]"}
COMMAND: POST /session/4712af7ad0eaf46e7406ff23cdc0ea9d/elements - {"using":"xpath","value":"//button[@data-kt=\"addNewRUOverflowToolbarButton\"]"}
RESULT: {"using":"xpath","value":"//button[@data-kt=\"addNewRUOverflowToolbarButton\"]"}
COMMAND: POST /session/4712af7ad0eaf46e7406ff23cdc0ea9d/elements - {"using":"xpath","value":"//button[@data-kt=\"addNewRUOverflowToolbarButton\"]"}
RESULT: {"using":"xpath","value":"//button[@data-kt=\"addNewRUOverflowToolbarButton\"]"}
COMMAND: POST /session/4712af7ad0eaf46e7406ff23cdc0ea9d/elements - {"using":"xpath","value":"//button[@data-kt=\"addNewRUOverflowToolbarButton\"]"}
RESULT: {"using":"xpath","value":"//button[@data-kt=\"addNewRUOverflowToolbarButton\"]"}
COMMAND: POST /session/4712af7ad0eaf46e7406ff23cdc0ea9d/elements - {"using":"xpath","value":"//button[@data-kt=\"addNewRUOverflowToolbarButton\"]"}
RESULT: {"using":"xpath","value":"//button[@data-kt=\"addNewRUOverflowToolbarButton\"]"}
COMMAND: POST /session/4712af7ad0eaf46e7406ff23cdc0ea9d/elements - {"using":"xpath","value":"//button[@data-kt=\"addNewRUOverflowToolbarButton\"]"}
RESULT: {"using":"xpath","value":"//button[@data-kt=\"addNewRUOverflowToolbarButton\"]"}
COMMAND: POST /session/4712af7ad0eaf46e7406ff23cdc0ea9d/elements - {"using":"xpath","value":"//button[@data-kt=\"addNewRUOverflowToolbarButton\"]"}
RESULT: {"using":"xpath","value":"//button[@data-kt=\"addNewRUOverflowToolbarButton\"]"}
COMMAND: POST /session/4712af7ad0eaf46e7406ff23cdc0ea9d/elements - {"using":"xpath","value":"//button[@data-kt=\"addNewRUOverflowToolbarButton\"]"}
RESULT: {"using":"xpath","value":"//button[@data-kt=\"addNewRUOverflowToolbarButton\"]"}
COMMAND: POST /session/4712af7ad0eaf46e7406ff23cdc0ea9d/elements - {"using":"xpath","value":"//button[@data-kt=\"addNewRUOverflowToolbarButton\"]"}
RESULT: {"using":"xpath","value":"//button[@data-kt=\"addNewRUOverflowToolbarButton\"]"}
COMMAND: POST /session/4712af7ad0eaf46e7406ff23cdc0ea9d/elements - {"using":"xpath","value":"//button[@data-kt=\"addNewRUOverflowToolbarButton\"]"}
RESULT: {"using":"xpath","value":"//button[@data-kt=\"addNewRUOverflowToolbarButton\"]"}
COMMAND: POST /session/4712af7ad0eaf46e7406ff23cdc0ea9d/elements - {"using":"xpath","value":"//button[@data-kt=\"addNewRUOverflowToolbarButton\"]"}
RESULT: {"using":"xpath","value":"//button[@data-kt=\"addNewRUOverflowToolbarButton\"]"}
COMMAND: POST /session/4712af7ad0eaf46e7406ff23cdc0ea9d/elements - {"using":"xpath","value":"//button[@data-kt=\"addNewRUOverflowToolbarButton\"]"}
RESULT: {"using":"xpath","value":"//button[@data-kt=\"addNewRUOverflowToolbarButton\"]"}
COMMAND: POST /session/4712af7ad0eaf46e7406ff23cdc0ea9d/elements - {"using":"xpath","value":"//button[@data-kt=\"addNewRUOverflowToolbarButton\"]"}
RESULT: {"using":"xpath","value":"//button[@data-kt=\"addNewRUOverflowToolbarButton\"]"}
COMMAND: POST /session/4712af7ad0eaf46e7406ff23cdc0ea9d/elements - {"using":"xpath","value":"//button[@data-kt=\"addNewRUOverflowToolbarButton\"]"}
RESULT: {"using":"xpath","value":"//button[@data-kt=\"addNewRUOverflowToolbarButton\"]"}
COMMAND: POST /session/4712af7ad0eaf46e7406ff23cdc0ea9d/elements - {"using":"xpath","value":"//button[@data-kt=\"addNewRUOverflowToolbarButton\"]"}
RESULT: {"using":"xpath","value":"//button[@data-kt=\"addNewRUOverflowToolbarButton\"]"}
COMMAND: POST /session/4712af7ad0eaf46e7406ff23cdc0ea9d/elements - {"using":"xpath","value":"//button[@data-kt=\"addNewRUOverflowToolbarButton\"]"}
RESULT: {"using":"xpath","value":"//button[@data-kt=\"addNewRUOverflowToolbarButton\"]"}
COMMAND: POST /session/4712af7ad0eaf46e7406ff23cdc0ea9d/elements - {"using":"xpath","value":"//button[@data-kt=\"addNewRUOverflowToolbarButton\"]"}
RESULT: {"using":"xpath","value":"//button[@data-kt=\"addNewRUOverflowToolbarButton\"]"}
COMMAND: POST /session/4712af7ad0eaf46e7406ff23cdc0ea9d/elements - {"using":"xpath","value":"//button[@data-kt=\"addNewRUOverflowToolbarButton\"]"}
RESULT: {"using":"xpath","value":"//button[@data-kt=\"addNewRUOverflowToolbarButton\"]"}
COMMAND: POST /session/4712af7ad0eaf46e7406ff23cdc0ea9d/elements - {"using":"xpath","value":"//button[@data-kt=\"addNewRUOverflowToolbarButton\"]"}
RESULT: {"using":"xpath","value":"//button[@data-kt=\"addNewRUOverflowToolbarButton\"]"}
COMMAND: POST /session/4712af7ad0eaf46e7406ff23cdc0ea9d/elements - {"using":"xpath","value":"//button[@data-kt=\"addNewRUOverflowToolbarButton\"]"}
RESULT: {"using":"xpath","value":"//button[@data-kt=\"addNewRUOverflowToolbarButton\"]"}
COMMAND: POST /session/4712af7ad0eaf46e7406ff23cdc0ea9d/elements - {"using":"xpath","value":"//button[@data-kt=\"addNewRUOverflowToolbarButton\"]"}
RESULT: {"using":"xpath","value":"//button[@data-kt=\"addNewRUOverflowToolbarButton\"]"}
COMMAND: POST /session/4712af7ad0eaf46e7406ff23cdc0ea9d/elements - {"using":"xpath","value":"//button[@data-kt=\"addNewRUOverflowToolbarButton\"]"}
RESULT: {"using":"xpath","value":"//button[@data-kt=\"addNewRUOverflowToolbarButton\"]"}
COMMAND: POST /session/4712af7ad0eaf46e7406ff23cdc0ea9d/element - {"using":"xpath","value":"//button[@data-kt=\"addNewRUOverflowToolbarButton\"]"}
RESULT: {"using":"xpath","value":"//button[@data-kt=\"addNewRUOverflowToolbarButton\"]"}
COMMAND: POST /session/4712af7ad0eaf46e7406ff23cdc0ea9d/execute/sync - {"script":"<script> [8489 bytes]","args":[{"element-6066-11e4-a52e-4f735466cecf":"f.791DC57474D669730896E8DA48EFF857.d.E1CB0A7DCE919F4ED114ADBB7E49A787.e.13894","ELEMENT":"f.791DC57474D669730896E8DA48EFF857.d.E1CB0A7DCE919F4ED114ADBB7E49A787.e.13894"}]}
RESULT: {"script":"<script> [8489 bytes]","args":[{"element-6066-11e4-a52e-4f735466cecf":"f.791DC57474D669730896E8DA48EFF857.d.E1CB0A7DCE919F4ED114ADBB7E49A787.e.13894","ELEMENT":"f.791DC57474D669730896E8DA48EFF857.d.E1CB0A7DCE919F4ED114ADBB7E49A787.e.13894"}]}
COMMAND: GET /session/4712af7ad0eaf46e7406ff23cdc0ea9d/element/f.791DC57474D669730896E8DA48EFF857.d.E1CB0A7DCE919F4ED114ADBB7E49A787.e.13894/enabled - {}
COMMAND: GET /session/4712af7ad0eaf46e7406ff23cdc0ea9d/screenshot - {}
RESULT: {}
COMMAND: POST /session/4712af7ad0eaf46e7406ff23cdc0ea9d/execute/sync - {"script":"<script> [8489 bytes]","args":[{"element-6066-11e4-a52e-4f735466cecf":"f.791DC57474D669730896E8DA48EFF857.d.E1CB0A7DCE919F4ED114ADBB7E49A787.e.13894","ELEMENT":"f.791DC57474D669730896E8DA48EFF857.d.E1CB0A7DCE919F4ED114ADBB7E49A787.e.13894"}]}
COMMAND: GET /session/4712af7ad0eaf46e7406ff23cdc0ea9d/screenshot - {}
RESULT: {}
RESULT: {"script":"<script> [8489 bytes]","args":[{"element-6066-11e4-a52e-4f735466cecf":"f.791DC57474D669730896E8DA48EFF857.d.E1CB0A7DCE919F4ED114ADBB7E49A787.e.13894","ELEMENT":"f.791DC57474D669730896E8DA48EFF857.d.E1CB0A7DCE919F4ED114ADBB7E49A787.e.13894"}]}
COMMAND: POST /session/4712af7ad0eaf46e7406ff23cdc0ea9d/execute/sync - {"script":"<script> [5351 bytes]","args":[{"element-6066-11e4-a52e-4f735466cecf":"f.791DC57474D669730896E8DA48EFF857.d.E1CB0A7DCE919F4ED114ADBB7E49A787.e.13894","ELEMENT":"f.791DC57474D669730896E8DA48EFF857.d.E1CB0A7DCE919F4ED114ADBB7E49A787.e.13894"}]}
COMMAND: GET /session/4712af7ad0eaf46e7406ff23cdc0ea9d/screenshot - {}
RESULT: {}
RESULT: {"script":"<script> [5351 bytes]","args":[{"element-6066-11e4-a52e-4f735466cecf":"f.791DC57474D669730896E8DA48EFF857.d.E1CB0A7DCE919F4ED114ADBB7E49A787.e.13894","ELEMENT":"f.791DC57474D669730896E8DA48EFF857.d.E1CB0A7DCE919F4ED114ADBB7E49A787.e.13894"}]}
COMMAND: POST /session/4712af7ad0eaf46e7406ff23cdc0ea9d/element/f.791DC57474D669730896E8DA48EFF857.d.E1CB0A7DCE919F4ED114ADBB7E49A787.e.13894/click - {}
COMMAND: GET /session/4712af7ad0eaf46e7406ff23cdc0ea9d/screenshot - {}
RESULT: {}
RESULT: {}
COMMAND: GET /session/4712af7ad0eaf46e7406ff23cdc0ea9d/screenshot - {}
RESULT: {}
COMMAND: POST /session/4712af7ad0eaf46e7406ff23cdc0ea9d/execute/async - {"script":"<script> [1562 bytes]","args":[{"selector":{"id":"application-manageresources-display-component---newResourceUnit--TYPE-arrow"},"wdio_ui5_key":"applicationmanageresources-display-component---newResourceUnit--TYPE-arrow"}]}
RESULT: {}
RESULT: {"script":"<script> [1562 bytes]","args":[{"selector":{"id":"application-manageresources-display-component---newResourceUnit--TYPE-arrow"},"wdio_ui5_key":"applicationmanageresources-display-component---newResourceUnit--TYPE-arrow"}]}
RESULT: undefined
COMMAND: POST /session/4712af7ad0eaf46e7406ff23cdc0ea9d/element - {"using":"xpath","value":"//*[@id=\"application-manageresources-display-component---newResourceUnit--TYPE-arrow\"]"}
RESULT: {"using":"xpath","value":"//*[@id=\"application-manageresources-display-component---newResourceUnit--TYPE-arrow\"]"}
COMMAND: POST /session/4712af7ad0eaf46e7406ff23cdc0ea9d/element/f.791DC57474D669730896E8DA48EFF857.d.E1CB0A7DCE919F4ED114ADBB7E49A787.e.14268/click - {}
RESULT: {}
COMMAND: POST /session/4712af7ad0eaf46e7406ff23cdc0ea9d/element - {"using":"xpath","value":"//input[@id=\"application-manageresources-display-component---newResourceUnit--TYPE-inner\"]"}
COMMAND: GET /session/4712af7ad0eaf46e7406ff23cdc0ea9d/screenshot - {}
RESULT: {"using":"xpath","value":"//input[@id=\"application-manageresources-display-component---newResourceUnit--TYPE-inner\"]"}
COMMAND: POST /session/4712af7ad0eaf46e7406ff23cdc0ea9d/element/f.791DC57474D669730896E8DA48EFF857.d.E1CB0A7DCE919F4ED114ADBB7E49A787.e.14243/clear - {}
RESULT: {}
RESULT: {}
COMMAND: POST /session/4712af7ad0eaf46e7406ff23cdc0ea9d/element/f.791DC57474D669730896E8DA48EFF857.d.E1CB0A7DCE919F4ED114ADBB7E49A787.e.14243/value - {"text":"Equipment"}
COMMAND: GET /session/4712af7ad0eaf46e7406ff23cdc0ea9d/screenshot - {}
RESULT: {"text":"Equipment"}
COMMAND: GET /session/4712af7ad0eaf46e7406ff23cdc0ea9d/screenshot - {}
RESULT: {}
RESULT: {}
COMMAND: POST /session/4712af7ad0eaf46e7406ff23cdc0ea9d/actions - {"actions":[{"id":"action47","type":"key","parameters":{},"actions":[{"type":"keyDown","value":"î€‡"},{"type":"pause","duration":10},{"type":"keyUp","value":"î€‡"}]}]}
RESULT: {"actions":[{"id":"action47","type":"key","parameters":{},"actions":[{"type":"keyDown","value":"î€‡"},{"type":"pause","duration":10},{"type":"keyUp","value":"î€‡"}]}]}
COMMAND: POST /session/4712af7ad0eaf46e7406ff23cdc0ea9d/execute/async - {"script":"<script> [1562 bytes]","args":[{"selector":{"id":"application-manageresources-display-component---newResourceUnit--resourceId","interaction":{"idSuffix":"inner"}},"wdio_ui5_key":"applicationmanageresources-display-component---newResourceUnit--resourceId"}]}
COMMAND: GET /session/4712af7ad0eaf46e7406ff23cdc0ea9d/screenshot - {}
RESULT: {"script":"<script> [1562 bytes]","args":[{"selector":{"id":"application-manageresources-display-component---newResourceUnit--resourceId","interaction":{"idSuffix":"inner"}},"wdio_ui5_key":"applicationmanageresources-display-component---newResourceUnit--resourceId"}]}
RESULT: undefined
COMMAND: POST /session/4712af7ad0eaf46e7406ff23cdc0ea9d/execute/async - {"script":"<script> [776 bytes]","args":[{"enterText":"WxyJ7XDah4","selector":{"id":"application-manageresources-display-component---newResourceUnit--resourceId","interaction":{"idSuffix":"inner"}},"clearTextFirst":true,"interactionType":"ENTER_TEXT"}]}
RESULT: {}
RESULT: {"script":"<script> [776 bytes]","args":[{"enterText":"WxyJ7XDah4","selector":{"id":"application-manageresources-display-component---newResourceUnit--resourceId","interaction":{"idSuffix":"inner"}},"clearTextFirst":true,"interactionType":"ENTER_TEXT"}]}
COMMAND: POST /session/4712af7ad0eaf46e7406ff23cdc0ea9d/execute/async - {"script":"<script> [1562 bytes]","args":[{"selector":{"id":"application-manageresources-display-component---newResourceUnit--SHORT_TEXT","interaction":{"idSuffix":"inner"}},"wdio_ui5_key":"applicationmanageresources-display-component---newResourceUnit--SHORT_TEXT"}]}
RESULT: {"script":"<script> [1562 bytes]","args":[{"selector":{"id":"application-manageresources-display-component---newResourceUnit--SHORT_TEXT","interaction":{"idSuffix":"inner"}},"wdio_ui5_key":"applicationmanageresources-display-component---newResourceUnit--SHORT_TEXT"}]}
RESULT: undefined
COMMAND: POST /session/4712af7ad0eaf46e7406ff23cdc0ea9d/execute/async - {"script":"<script> [776 bytes]","args":[{"enterText":"Intercompany Equipment WDIO","selector":{"id":"application-manageresources-display-component---newResourceUnit--SHORT_TEXT","interaction":{"idSuffix":"inner"}},"clearTextFirst":true,"interactionType":"ENTER_TEXT"}]}
RESULT: {"script":"<script> [776 bytes]","args":[{"enterText":"Intercompany Equipment WDIO","selector":{"id":"application-manageresources-display-component---newResourceUnit--SHORT_TEXT","interaction":{"idSuffix":"inner"}},"clearTextFirst":true,"interactionType":"ENTER_TEXT"}]}
COMMAND: POST /session/4712af7ad0eaf46e7406ff23cdc0ea9d/execute/async - {"script":"<script> [1562 bytes]","args":[{"selector":{"id":"application-manageresources-display-component---newResourceUnit--BASE_UNIT_OF_MEASURE","interaction":{"idSuffix":"inner"}},"wdio_ui5_key":"applicationmanageresources-display-component---newResourceUnit--BASE_UNIT_OF_MEASURE"}]}
RESULT: {"script":"<script> [1562 bytes]","args":[{"selector":{"id":"application-manageresources-display-component---newResourceUnit--BASE_UNIT_OF_MEASURE","interaction":{"idSuffix":"inner"}},"wdio_ui5_key":"applicationmanageresources-display-component---newResourceUnit--BASE_UNIT_OF_MEASURE"}]}
RESULT: undefined
COMMAND: POST /session/4712af7ad0eaf46e7406ff23cdc0ea9d/execute/async - {"script":"<script> [776 bytes]","args":[{"enterText":"Piece","selector":{"id":"application-manageresources-display-component---newResourceUnit--BASE_UNIT_OF_MEASURE","interaction":{"idSuffix":"inner"}},"clearTextFirst":true,"interactionType":"ENTER_TEXT"}]}
RESULT: {"script":"<script> [776 bytes]","args":[{"enterText":"Piece","selector":{"id":"application-manageresources-display-component---newResourceUnit--BASE_UNIT_OF_MEASURE","interaction":{"idSuffix":"inner"}},"clearTextFirst":true,"interactionType":"ENTER_TEXT"}]}
COMMAND: POST /session/4712af7ad0eaf46e7406ff23cdc0ea9d/execute/async - {"script":"<script> [1562 bytes]","args":[{"selector":{"id":"application-manageresources-display-component---newResourceUnit--WEIGHT_UNIT","interaction":{"idSuffix":"inner"}},"wdio_ui5_key":"applicationmanageresources-display-component---newResourceUnit--WEIGHT_UNIT"}]}
RESULT: {"script":"<script> [1562 bytes]","args":[{"selector":{"id":"application-manageresources-display-component---newResourceUnit--WEIGHT_UNIT","interaction":{"idSuffix":"inner"}},"wdio_ui5_key":"applicationmanageresources-display-component---newResourceUnit--WEIGHT_UNIT"}]}
RESULT: undefined
COMMAND: POST /session/4712af7ad0eaf46e7406ff23cdc0ea9d/execute/async - {"script":"<script> [776 bytes]","args":[{"enterText":"Gram","selector":{"id":"application-manageresources-display-component---newResourceUnit--WEIGHT_UNIT","interaction":{"idSuffix":"inner"}},"clearTextFirst":true,"interactionType":"ENTER_TEXT"}]}
RESULT: {"script":"<script> [776 bytes]","args":[{"enterText":"Gram","selector":{"id":"application-manageresources-display-component---newResourceUnit--WEIGHT_UNIT","interaction":{"idSuffix":"inner"}},"clearTextFirst":true,"interactionType":"ENTER_TEXT"}]}
COMMAND: POST /session/4712af7ad0eaf46e7406ff23cdc0ea9d/execute/async - {"script":"<script> [1562 bytes]","args":[{"selector":{"id":"application-manageresources-display-component---newResourceUnit--DIMENSION_UNIT","interaction":{"idSuffix":"inner"}},"wdio_ui5_key":"applicationmanageresources-display-component---newResourceUnit--DIMENSION_UNIT"}]}
RESULT: {"script":"<script> [1562 bytes]","args":[{"selector":{"id":"application-manageresources-display-component---newResourceUnit--DIMENSION_UNIT","interaction":{"idSuffix":"inner"}},"wdio_ui5_key":"applicationmanageresources-display-component---newResourceUnit--DIMENSION_UNIT"}]}
RESULT: undefined
COMMAND: POST /session/4712af7ad0eaf46e7406ff23cdc0ea9d/execute/async - {"script":"<script> [776 bytes]","args":[{"enterText":"Meter","selector":{"id":"application-manageresources-display-component---newResourceUnit--DIMENSION_UNIT","interaction":{"idSuffix":"inner"}},"clearTextFirst":true,"interactionType":"ENTER_TEXT"}]}
RESULT: {"script":"<script> [776 bytes]","args":[{"enterText":"Meter","selector":{"id":"application-manageresources-display-component---newResourceUnit--DIMENSION_UNIT","interaction":{"idSuffix":"inner"}},"clearTextFirst":true,"interactionType":"ENTER_TEXT"}]}
COMMAND: POST /session/4712af7ad0eaf46e7406ff23cdc0ea9d/execute/async - {"script":"<script> [1562 bytes]","args":[{"selector":{"id":"application-manageresources-display-component---newResourceUnit--newRRUPage-anchBar-application-manageresources-display-component---newResourceUnit--control-anchor","interaction":{"idSuffix":"BDI-content"}},"wdio_ui5_key":"applicationmanageresources-display-component---newResourceUnit--newRRUPage-anchBar-application-manageresources-display-component---newResourceUnit--control-anchor"}]}
RESULT: {"script":"<script> [1562 bytes]","args":[{"selector":{"id":"application-manageresources-display-component---newResourceUnit--newRRUPage-anchBar-application-manageresources-display-component---newResourceUnit--control-anchor","interaction":{"idSuffix":"BDI-content"}},"wdio_ui5_key":"applicationmanageresources-display-component---newResourceUnit--newRRUPage-anchBar-application-manageresources-display-component---newResourceUnit--control-anchor"}]}
RESULT: undefined
COMMAND: POST /session/4712af7ad0eaf46e7406ff23cdc0ea9d/element - {"using":"xpath","value":"//*[@id=\"application-manageresources-display-component---newResourceUnit--newRRUPage-anchBar-application-manageresources-display-component---newResourceUnit--control-anchor\"]"}
RESULT: {"using":"xpath","value":"//*[@id=\"application-manageresources-display-component---newResourceUnit--newRRUPage-anchBar-application-manageresources-display-component---newResourceUnit--control-anchor\"]"}
COMMAND: POST /session/4712af7ad0eaf46e7406ff23cdc0ea9d/element/f.791DC57474D669730896E8DA48EFF857.d.E1CB0A7DCE919F4ED114ADBB7E49A787.e.14401/click - {}
RESULT: {}
COMMAND: POST /session/4712af7ad0eaf46e7406ff23cdc0ea9d/execute/async - {"script":"<script> [1562 bytes]","args":[{"selector":{"id":"application-manageresources-display-component---newResourceUnit--PLANNING_GROUP","interaction":{"idSuffix":"inner"}},"wdio_ui5_key":"applicationmanageresources-display-component---newResourceUnit--PLANNING_GROUP"}]}
COMMAND: GET /session/4712af7ad0eaf46e7406ff23cdc0ea9d/screenshot - {}
RESULT: {"script":"<script> [1562 bytes]","args":[{"selector":{"id":"application-manageresources-display-component---newResourceUnit--PLANNING_GROUP","interaction":{"idSuffix":"inner"}},"wdio_ui5_key":"applicationmanageresources-display-component---newResourceUnit--PLANNING_GROUP"}]}
RESULT: undefined
COMMAND: POST /session/4712af7ad0eaf46e7406ff23cdc0ea9d/execute/async - {"script":"<script> [776 bytes]","args":[{"enterText":"Heavy Equi","selector":{"id":"application-manageresources-display-component---newResourceUnit--PLANNING_GROUP","interaction":{"idSuffix":"inner"}},"clearTextFirst":true,"interactionType":"ENTER_TEXT"}]}
RESULT: {}
RESULT: {"script":"<script> [776 bytes]","args":[{"enterText":"Heavy Equi","selector":{"id":"application-manageresources-display-component---newResourceUnit--PLANNING_GROUP","interaction":{"idSuffix":"inner"}},"clearTextFirst":true,"interactionType":"ENTER_TEXT"}]}
COMMAND: POST /session/4712af7ad0eaf46e7406ff23cdc0ea9d/execute/async - {"script":"<script> [1562 bytes]","args":[{"selector":{"id":"application-manageresources-display-component---newResourceUnit--ITEM_TYPE-arrow"},"wdio_ui5_key":"applicationmanageresources-display-component---newResourceUnit--ITEM_TYPE-arrow"}]}
RESULT: {"script":"<script> [1562 bytes]","args":[{"selector":{"id":"application-manageresources-display-component---newResourceUnit--ITEM_TYPE-arrow"},"wdio_ui5_key":"applicationmanageresources-display-component---newResourceUnit--ITEM_TYPE-arrow"}]}
RESULT: undefined
COMMAND: POST /session/4712af7ad0eaf46e7406ff23cdc0ea9d/element - {"using":"xpath","value":"//*[@id=\"application-manageresources-display-component---newResourceUnit--ITEM_TYPE-arrow\"]"}
RESULT: {"using":"xpath","value":"//*[@id=\"application-manageresources-display-component---newResourceUnit--ITEM_TYPE-arrow\"]"}
COMMAND: POST /session/4712af7ad0eaf46e7406ff23cdc0ea9d/element/f.791DC57474D669730896E8DA48EFF857.d.E1CB0A7DCE919F4ED114ADBB7E49A787.e.14408/click - {}
RESULT: {}
COMMAND: POST /session/4712af7ad0eaf46e7406ff23cdc0ea9d/element - {"using":"xpath","value":"(//span[contains(text(), \"Resource Unit\")])[2]"}
COMMAND: GET /session/4712af7ad0eaf46e7406ff23cdc0ea9d/screenshot - {}
RESULT: {"using":"xpath","value":"(//span[contains(text(), \"Resource Unit\")])[2]"}
COMMAND: POST /session/4712af7ad0eaf46e7406ff23cdc0ea9d/element/f.791DC57474D669730896E8DA48EFF857.d.E1CB0A7DCE919F4ED114ADBB7E49A787.e.14409/click - {}
RESULT: {}
RESULT: {}
COMMAND: GET /session/4712af7ad0eaf46e7406ff23cdc0ea9d/screenshot - {}
RESULT: {}
COMMAND: POST /session/4712af7ad0eaf46e7406ff23cdc0ea9d/element - {"using":"css selector","value":"#application-manageresources-display-component---newResourceUnit--btnAddTimeSegment"}
RESULT: {"using":"css selector","value":"#application-manageresources-display-component---newResourceUnit--btnAddTimeSegment"}
COMMAND: GET /session/4712af7ad0eaf46e7406ff23cdc0ea9d/element/f.791DC57474D669730896E8DA48EFF857.d.E1CB0A7DCE919F4ED114ADBB7E49A787.e.14410/rect - {}
RESULT: {}
COMMAND: GET /session/4712af7ad0eaf46e7406ff23cdc0ea9d/window/rect - {}
RESULT: {}
COMMAND: POST /session/4712af7ad0eaf46e7406ff23cdc0ea9d/execute/sync - {"script":"<script> [92 bytes]","args":[]}
RESULT: {"script":"<script> [92 bytes]","args":[]}
COMMAND: POST /session/4712af7ad0eaf46e7406ff23cdc0ea9d/actions - {"actions":[{"id":"action48","type":"wheel","parameters":{},"actions":[{"type":"scroll","x":-1888,"y":-32,"deltaX":0,"deltaY":0,"duration":0,"origin":{"element-6066-11e4-a52e-4f735466cecf":"f.791DC57474D669730896E8DA48EFF857.d.E1CB0A7DCE919F4ED114ADBB7E49A787.e.14410"}}]}]}
COMMAND: GET /session/4712af7ad0eaf46e7406ff23cdc0ea9d/screenshot - {}
RESULT: {}
COMMAND: POST /session/4712af7ad0eaf46e7406ff23cdc0ea9d/execute/sync - {"script":"<script> [79 bytes]","args":[{"element-6066-11e4-a52e-4f735466cecf":"f.791DC57474D669730896E8DA48EFF857.d.E1CB0A7DCE919F4ED114ADBB7E49A787.e.14410","ELEMENT":"f.791DC57474D669730896E8DA48EFF857.d.E1CB0A7DCE919F4ED114ADBB7E49A787.e.14410"},{"block":"start","inline":"nearest"}]}
RESULT: {"script":"<script> [79 bytes]","args":[{"element-6066-11e4-a52e-4f735466cecf":"f.791DC57474D669730896E8DA48EFF857.d.E1CB0A7DCE919F4ED114ADBB7E49A787.e.14410","ELEMENT":"f.791DC57474D669730896E8DA48EFF857.d.E1CB0A7DCE919F4ED114ADBB7E49A787.e.14410"},{"block":"start","inline":"nearest"}]}
COMMAND: POST /session/4712af7ad0eaf46e7406ff23cdc0ea9d/execute/async - {"script":"<script> [1562 bytes]","args":[{"selector":{"id":"application-manageresources-display-component---newResourceUnit--btnAddTimeSegment","interaction":{"idSuffix":"inner"}},"wdio_ui5_key":"applicationmanageresources-display-component---newResourceUnit--btnAddTimeSegment"}]}
COMMAND: GET /session/4712af7ad0eaf46e7406ff23cdc0ea9d/screenshot - {}
RESULT: {"script":"<script> [1562 bytes]","args":[{"selector":{"id":"application-manageresources-display-component---newResourceUnit--btnAddTimeSegment","interaction":{"idSuffix":"inner"}},"wdio_ui5_key":"applicationmanageresources-display-component---newResourceUnit--btnAddTimeSegment"}]}
RESULT: undefined
COMMAND: POST /session/4712af7ad0eaf46e7406ff23cdc0ea9d/element - {"using":"xpath","value":"//*[@id=\"application-manageresources-display-component---newResourceUnit--btnAddTimeSegment\"]"}
RESULT: {}
RESULT: {"using":"xpath","value":"//*[@id=\"application-manageresources-display-component---newResourceUnit--btnAddTimeSegment\"]"}
COMMAND: POST /session/4712af7ad0eaf46e7406ff23cdc0ea9d/element/f.791DC57474D669730896E8DA48EFF857.d.E1CB0A7DCE919F4ED114ADBB7E49A787.e.14410/click - {}
RESULT: {}
COMMAND: GET /session/4712af7ad0eaf46e7406ff23cdc0ea9d/screenshot - {}
RESULT: {}
COMMAND: POST /session/4712af7ad0eaf46e7406ff23cdc0ea9d/element - {"using":"xpath","value":"//input[@id=\"application-manageresources-display-component---newResourceUnit--idRuTSAdmin-application-manageresources-display-component---newResourceUnit--RUTimeSegment-0-inner\"]"}
RESULT: {"using":"xpath","value":"//input[@id=\"application-manageresources-display-component---newResourceUnit--idRuTSAdmin-application-manageresources-display-component---newResourceUnit--RUTimeSegment-0-inner\"]"}
COMMAND: POST /session/4712af7ad0eaf46e7406ff23cdc0ea9d/element/f.791DC57474D669730896E8DA48EFF857.d.E1CB0A7DCE919F4ED114ADBB7E49A787.e.14416/clear - {}
RESULT: {}
COMMAND: POST /session/4712af7ad0eaf46e7406ff23cdc0ea9d/element/f.791DC57474D669730896E8DA48EFF857.d.E1CB0A7DCE919F4ED114ADBB7E49A787.e.14416/value - {"text":"433"}
COMMAND: GET /session/4712af7ad0eaf46e7406ff23cdc0ea9d/screenshot - {}
RESULT: {"text":"433"}
COMMAND: GET /session/4712af7ad0eaf46e7406ff23cdc0ea9d/screenshot - {}
RESULT: {}
RESULT: {}
COMMAND: POST /session/4712af7ad0eaf46e7406ff23cdc0ea9d/element - {"using":"xpath","value":"//li[.//span[text()='433']]"}
RESULT: {"using":"xpath","value":"//li[.//span[text()='433']]"}
COMMAND: POST /session/4712af7ad0eaf46e7406ff23cdc0ea9d/element/f.791DC57474D669730896E8DA48EFF857.d.E1CB0A7DCE919F4ED114ADBB7E49A787.e.14428/click - {}
RESULT: {}
COMMAND: GET /session/4712af7ad0eaf46e7406ff23cdc0ea9d/screenshot - {}
RESULT: {}
COMMAND: POST /session/4712af7ad0eaf46e7406ff23cdc0ea9d/element - {"using":"xpath","value":"(//span[contains(@id, \"-application-manageresources-display-component---newResourceUnit--RUTimeSegment-0-arrow\")])[6]"}
RESULT: {"using":"xpath","value":"(//span[contains(@id, \"-application-manageresources-display-component---newResourceUnit--RUTimeSegment-0-arrow\")])[6]"}
COMMAND: POST /session/4712af7ad0eaf46e7406ff23cdc0ea9d/element/f.791DC57474D669730896E8DA48EFF857.d.E1CB0A7DCE919F4ED114ADBB7E49A787.e.14429/click - {}
RESULT: {}
COMMAND: POST /session/4712af7ad0eaf46e7406ff23cdc0ea9d/element - {"using":"xpath","value":"//span[contains(text(), \"PM Order\")]"}
COMMAND: GET /session/4712af7ad0eaf46e7406ff23cdc0ea9d/screenshot - {}
RESULT: {"using":"xpath","value":"//span[contains(text(), \"PM Order\")]"}
COMMAND: POST /session/4712af7ad0eaf46e7406ff23cdc0ea9d/element/f.791DC57474D669730896E8DA48EFF857.d.E1CB0A7DCE919F4ED114ADBB7E49A787.e.14432/click - {}
RESULT: {}
RESULT: {}
COMMAND: GET /session/4712af7ad0eaf46e7406ff23cdc0ea9d/screenshot - {}
RESULT: {}
COMMAND: POST /session/4712af7ad0eaf46e7406ff23cdc0ea9d/element - {"using":"xpath","value":"(//span[contains(@id ,\"manageresources-display-component---newResourceUnit--RUTimeSegment-0-vhi\")])[1]"}
RESULT: {"using":"xpath","value":"(//span[contains(@id ,\"manageresources-display-component---newResourceUnit--RUTimeSegment-0-vhi\")])[1]"}
COMMAND: GET /session/4712af7ad0eaf46e7406ff23cdc0ea9d/element/f.791DC57474D669730896E8DA48EFF857.d.E1CB0A7DCE919F4ED114ADBB7E49A787.e.14436/rect - {}
RESULT: {}
COMMAND: GET /session/4712af7ad0eaf46e7406ff23cdc0ea9d/window/rect - {}
RESULT: {}
COMMAND: POST /session/4712af7ad0eaf46e7406ff23cdc0ea9d/execute/sync - {"script":"<script> [92 bytes]","args":[]}
RESULT: {"script":"<script> [92 bytes]","args":[]}
COMMAND: POST /session/4712af7ad0eaf46e7406ff23cdc0ea9d/actions - {"actions":[{"id":"action49","type":"wheel","parameters":{},"actions":[{"type":"scroll","x":-869,"y":-24,"deltaX":0,"deltaY":0,"duration":0,"origin":{"element-6066-11e4-a52e-4f735466cecf":"f.791DC57474D669730896E8DA48EFF857.d.E1CB0A7DCE919F4ED114ADBB7E49A787.e.14436"}}]}]}
COMMAND: GET /session/4712af7ad0eaf46e7406ff23cdc0ea9d/screenshot - {}
RESULT: {"actions":[{"id":"action49","type":"wheel","parameters":{},"actions":[{"type":"scroll","x":-869,"y":-24,"deltaX":0,"deltaY":0,"duration":0,"origin":{"element-6066-11e4-a52e-4f735466cecf":"f.791DC57474D669730896E8DA48EFF857.d.E1CB0A7DCE919F4ED114ADBB7E49A787.e.14436"}}]}]}
COMMAND: DELETE /session/4712af7ad0eaf46e7406ff23cdc0ea9d/actions - {}
COMMAND: GET /session/4712af7ad0eaf46e7406ff23cdc0ea9d/screenshot - {}
RESULT: {}
RESULT: {}
COMMAND: GET /session/4712af7ad0eaf46e7406ff23cdc0ea9d/screenshot - {}
RESULT: {}
RESULT: {}
COMMAND: POST /session/4712af7ad0eaf46e7406ff23cdc0ea9d/element/f.791DC57474D669730896E8DA48EFF857.d.E1CB0A7DCE919F4ED114ADBB7E49A787.e.14436/click - {}
RESULT: {}
COMMAND: GET /session/4712af7ad0eaf46e7406ff23cdc0ea9d/screenshot - {}
RESULT: {}
COMMAND: POST /session/4712af7ad0eaf46e7406ff23cdc0ea9d/execute/async - {"script":"<script> [1562 bytes]","args":[{"selector":{"controlType":"sap.m.SearchField","properties":{"placeholder":"Search"},"searchOpenDialogs":true,"interaction":{"idSuffix":"I"}},"wdio_ui5_key":"sapm.SearchField{\"placeholder\":\"Search\"}"}]}
RESULT: {"script":"<script> [1562 bytes]","args":[{"selector":{"controlType":"sap.m.SearchField","properties":{"placeholder":"Search"},"searchOpenDialogs":true,"interaction":{"idSuffix":"I"}},"wdio_ui5_key":"sapm.SearchField{\"placeholder\":\"Search\"}"}]}
RESULT: undefined
COMMAND: POST /session/4712af7ad0eaf46e7406ff23cdc0ea9d/execute/async - {"script":"<script> [776 bytes]","args":[{"enterText":"4000360","selector":{"controlType":"sap.m.SearchField","properties":{"placeholder":"Search"},"searchOpenDialogs":true,"interaction":{"idSuffix":"I"}},"clearTextFirst":true,"interactionType":"ENTER_TEXT"}]}
RESULT: {"script":"<script> [776 bytes]","args":[{"enterText":"4000360","selector":{"controlType":"sap.m.SearchField","properties":{"placeholder":"Search"},"searchOpenDialogs":true,"interaction":{"idSuffix":"I"}},"clearTextFirst":true,"interactionType":"ENTER_TEXT"}]}
COMMAND: POST /session/4712af7ad0eaf46e7406ff23cdc0ea9d/actions - {"actions":[{"id":"action50","type":"key","parameters":{},"actions":[{"type":"keyDown","value":"î€‡"},{"type":"pause","duration":10},{"type":"keyUp","value":"î€‡"}]}]}
RESULT: {"actions":[{"id":"action50","type":"key","parameters":{},"actions":[{"type":"keyDown","value":"î€‡"},{"type":"pause","duration":10},{"type":"keyUp","value":"î€‡"}]}]}
COMMAND: GET /session/4712af7ad0eaf46e7406ff23cdc0ea9d/screenshot - {}
RESULT: {}
COMMAND: POST /session/4712af7ad0eaf46e7406ff23cdc0ea9d/element - {"using":"xpath","value":"//td/div/span[contains(text(), \"BGL Vehicles\")]"}
RESULT: {"using":"xpath","value":"//td/div/span[contains(text(), \"BGL Vehicles\")]"}
COMMAND: POST /session/4712af7ad0eaf46e7406ff23cdc0ea9d/element/f.791DC57474D669730896E8DA48EFF857.d.E1CB0A7DCE919F4ED114ADBB7E49A787.e.14458/click - {}
RESULT: {}
COMMAND: GET /session/4712af7ad0eaf46e7406ff23cdc0ea9d/screenshot - {}
RESULT: {}
COMMAND: POST /session/4712af7ad0eaf46e7406ff23cdc0ea9d/element - {"using":"xpath","value":"//bdi[contains(text(), \"OK\")]"}
RESULT: {"using":"xpath","value":"//bdi[contains(text(), \"OK\")]"}
COMMAND: POST /session/4712af7ad0eaf46e7406ff23cdc0ea9d/element/f.791DC57474D669730896E8DA48EFF857.d.E1CB0A7DCE919F4ED114ADBB7E49A787.e.14459/click - {}
RESULT: {}
COMMAND: GET /session/4712af7ad0eaf46e7406ff23cdc0ea9d/screenshot - {}
RESULT: {}
COMMAND: POST /session/4712af7ad0eaf46e7406ff23cdc0ea9d/execute/async - {"script":"<script> [1562 bytes]","args":[{"selector":{"id":"application-manageresources-display-component---newResourceUnit--newRRUPage-anchBar-application-manageresources-display-component---newResourceUnit--resource-anchor","interaction":{"idSuffix":"BDI-content"}},"wdio_ui5_key":"applicationmanageresources-display-component---newResourceUnit--newRRUPage-anchBar-application-manageresources-display-component---newResourceUnit--resource-anchor"}]}
RESULT: {"script":"<script> [1562 bytes]","args":[{"selector":{"id":"application-manageresources-display-component---newResourceUnit--newRRUPage-anchBar-application-manageresources-display-component---newResourceUnit--resource-anchor","interaction":{"idSuffix":"BDI-content"}},"wdio_ui5_key":"applicationmanageresources-display-component---newResourceUnit--newRRUPage-anchBar-application-manageresources-display-component---newResourceUnit--resource-anchor"}]}
RESULT: undefined
COMMAND: POST /session/4712af7ad0eaf46e7406ff23cdc0ea9d/element - {"using":"xpath","value":"//*[@id=\"application-manageresources-display-component---newResourceUnit--newRRUPage-anchBar-application-manageresources-display-component---newResourceUnit--resource-anchor\"]"}
RESULT: {"using":"xpath","value":"//*[@id=\"application-manageresources-display-component---newResourceUnit--newRRUPage-anchBar-application-manageresources-display-component---newResourceUnit--resource-anchor\"]"}
COMMAND: POST /session/4712af7ad0eaf46e7406ff23cdc0ea9d/element/f.791DC57474D669730896E8DA48EFF857.d.E1CB0A7DCE919F4ED114ADBB7E49A787.e.14463/click - {}
RESULT: {}
COMMAND: POST /session/4712af7ad0eaf46e7406ff23cdc0ea9d/execute/async - {"script":"<script> [1562 bytes]","args":[{"selector":{"id":"application-manageresources-display-component---newResourceUnit--PLANNED_DELIVERY_DATE","interaction":{"idSuffix":"inner"}},"wdio_ui5_key":"applicationmanageresources-display-component---newResourceUnit--PLANNED_DELIVERY_DATE"}]}
COMMAND: GET /session/4712af7ad0eaf46e7406ff23cdc0ea9d/screenshot - {}
RESULT: {"script":"<script> [1562 bytes]","args":[{"selector":{"id":"application-manageresources-display-component---newResourceUnit--PLANNED_DELIVERY_DATE","interaction":{"idSuffix":"inner"}},"wdio_ui5_key":"applicationmanageresources-display-component---newResourceUnit--PLANNED_DELIVERY_DATE"}]}
RESULT: undefined
COMMAND: POST /session/4712af7ad0eaf46e7406ff23cdc0ea9d/execute/async - {"script":"<script> [6424 bytes]","args":[{"element-6066-11e4-a52e-4f735466cecf":"f.791DC57474D669730896E8DA48EFF857.d.E1CB0A7DCE919F4ED114ADBB7E49A787.e.14324"},"setValue",["4/30/25"]]}
RESULT: {}
RESULT: {"script":"<script> [6424 bytes]","args":[{"element-6066-11e4-a52e-4f735466cecf":"f.791DC57474D669730896E8DA48EFF857.d.E1CB0A7DCE919F4ED114ADBB7E49A787.e.14324"},"setValue",["4/30/25"]]}
COMMAND: POST /session/4712af7ad0eaf46e7406ff23cdc0ea9d/element - {"using":"xpath","value":"//button[@data-kt=\"resourceUnitSaveButton\"]"}
RESULT: {"using":"xpath","value":"//button[@data-kt=\"resourceUnitSaveButton\"]"}
COMMAND: POST /session/4712af7ad0eaf46e7406ff23cdc0ea9d/element/f.791DC57474D669730896E8DA48EFF857.d.E1CB0A7DCE919F4ED114ADBB7E49A787.e.14284/click - {}
RESULT: {}
COMMAND: GET /session/4712af7ad0eaf46e7406ff23cdc0ea9d/screenshot - {}
RESULT: {}
COMMAND: POST /session/4712af7ad0eaf46e7406ff23cdc0ea9d/element - {"using":"xpath","value":"//bdi[contains(text(), \"Close\")]"}
RESULT: {"using":"xpath","value":"//bdi[contains(text(), \"Close\")]"}
COMMAND: POST /session/4712af7ad0eaf46e7406ff23cdc0ea9d/element/f.791DC57474D669730896E8DA48EFF857.d.E1CB0A7DCE919F4ED114ADBB7E49A787.e.14473/click - {}
RESULT: {}
COMMAND: GET /session/4712af7ad0eaf46e7406ff23cdc0ea9d/screenshot - {}
RESULT: {}
COMMAND: POST /session/4712af7ad0eaf46e7406ff23cdc0ea9d/element - {"using":"xpath","value":"(//button[contains(@id ,\"actionsToolbar-overflowButton\")])[1]"}
RESULT: {"using":"xpath","value":"(//button[contains(@id ,\"actionsToolbar-overflowButton\")])[1]"}
COMMAND: POST /session/4712af7ad0eaf46e7406ff23cdc0ea9d/element/f.791DC57474D669730896E8DA48EFF857.d.E1CB0A7DCE919F4ED114ADBB7E49A787.e.14527/click - {}
RESULT: {}
COMMAND: GET /session/4712af7ad0eaf46e7406ff23cdc0ea9d/screenshot - {}
RESULT: {}
COMMAND: POST /session/4712af7ad0eaf46e7406ff23cdc0ea9d/element - {"using":"xpath","value":"//button[@data-kt=\"priceInfoButton\"]"}
RESULT: {"using":"xpath","value":"//button[@data-kt=\"priceInfoButton\"]"}
COMMAND: POST /session/4712af7ad0eaf46e7406ff23cdc0ea9d/element/f.791DC57474D669730896E8DA48EFF857.d.E1CB0A7DCE919F4ED114ADBB7E49A787.e.14529/click - {}
RESULT: {}
COMMAND: GET /session/4712af7ad0eaf46e7406ff23cdc0ea9d/screenshot - {}
RESULT: {}
]]></system-out>
    </testcase>
    <testcase classname="chrome.135_0_7049_96.windows.Performance_based_billing_(work_days)_US139742" name="Should create a pricing rule perf based on the equipment" time="49.414">
      <system-out><![CDATA[
COMMAND: POST /session/4712af7ad0eaf46e7406ff23cdc0ea9d/element - {"using":"xpath","value":"//button[@data-kt=\"addButton\"]"}
RESULT: {"using":"xpath","value":"//button[@data-kt=\"addButton\"]"}
COMMAND: POST /session/4712af7ad0eaf46e7406ff23cdc0ea9d/elements - {"using":"xpath","value":"//button[@data-kt=\"addButton\"]"}
RESULT: {"using":"xpath","value":"//button[@data-kt=\"addButton\"]"}
COMMAND: POST /session/4712af7ad0eaf46e7406ff23cdc0ea9d/execute/sync - {"script":"<script> [8489 bytes]","args":[{"element-6066-11e4-a52e-4f735466cecf":"f.791DC57474D669730896E8DA48EFF857.d.E1CB0A7DCE919F4ED114ADBB7E49A787.e.14565","ELEMENT":"f.791DC57474D669730896E8DA48EFF857.d.E1CB0A7DCE919F4ED114ADBB7E49A787.e.14565"}]}
RESULT: {"script":"<script> [8489 bytes]","args":[{"element-6066-11e4-a52e-4f735466cecf":"f.791DC57474D669730896E8DA48EFF857.d.E1CB0A7DCE919F4ED114ADBB7E49A787.e.14565","ELEMENT":"f.791DC57474D669730896E8DA48EFF857.d.E1CB0A7DCE919F4ED114ADBB7E49A787.e.14565"}]}
COMMAND: GET /session/4712af7ad0eaf46e7406ff23cdc0ea9d/element/f.791DC57474D669730896E8DA48EFF857.d.E1CB0A7DCE919F4ED114ADBB7E49A787.e.14565/enabled - {}
COMMAND: GET /session/4712af7ad0eaf46e7406ff23cdc0ea9d/screenshot - {}
RESULT: {}
COMMAND: POST /session/4712af7ad0eaf46e7406ff23cdc0ea9d/execute/sync - {"script":"<script> [8489 bytes]","args":[{"element-6066-11e4-a52e-4f735466cecf":"f.791DC57474D669730896E8DA48EFF857.d.E1CB0A7DCE919F4ED114ADBB7E49A787.e.14565","ELEMENT":"f.791DC57474D669730896E8DA48EFF857.d.E1CB0A7DCE919F4ED114ADBB7E49A787.e.14565"}]}
COMMAND: GET /session/4712af7ad0eaf46e7406ff23cdc0ea9d/screenshot - {}
RESULT: {}
RESULT: {"script":"<script> [8489 bytes]","args":[{"element-6066-11e4-a52e-4f735466cecf":"f.791DC57474D669730896E8DA48EFF857.d.E1CB0A7DCE919F4ED114ADBB7E49A787.e.14565","ELEMENT":"f.791DC57474D669730896E8DA48EFF857.d.E1CB0A7DCE919F4ED114ADBB7E49A787.e.14565"}]}
COMMAND: POST /session/4712af7ad0eaf46e7406ff23cdc0ea9d/execute/sync - {"script":"<script> [5351 bytes]","args":[{"element-6066-11e4-a52e-4f735466cecf":"f.791DC57474D669730896E8DA48EFF857.d.E1CB0A7DCE919F4ED114ADBB7E49A787.e.14565","ELEMENT":"f.791DC57474D669730896E8DA48EFF857.d.E1CB0A7DCE919F4ED114ADBB7E49A787.e.14565"}]}
COMMAND: GET /session/4712af7ad0eaf46e7406ff23cdc0ea9d/screenshot - {}
RESULT: {}
RESULT: {"script":"<script> [5351 bytes]","args":[{"element-6066-11e4-a52e-4f735466cecf":"f.791DC57474D669730896E8DA48EFF857.d.E1CB0A7DCE919F4ED114ADBB7E49A787.e.14565","ELEMENT":"f.791DC57474D669730896E8DA48EFF857.d.E1CB0A7DCE919F4ED114ADBB7E49A787.e.14565"}]}
COMMAND: POST /session/4712af7ad0eaf46e7406ff23cdc0ea9d/element/f.791DC57474D669730896E8DA48EFF857.d.E1CB0A7DCE919F4ED114ADBB7E49A787.e.14565/click - {}
COMMAND: GET /session/4712af7ad0eaf46e7406ff23cdc0ea9d/screenshot - {}
RESULT: {}
RESULT: {}
COMMAND: GET /session/4712af7ad0eaf46e7406ff23cdc0ea9d/screenshot - {}
RESULT: {}
RESULT: {}
COMMAND: POST /session/4712af7ad0eaf46e7406ff23cdc0ea9d/execute/async - {"script":"<script> [1562 bytes]","args":[{"selector":{"controlType":"sap.m.Title","viewName":"etm.portal.ui.managepricingrules.view.NewItem","viewId":"application-managepricingrules-display-component---newInfoPriceItem","properties":{"text":"New Pricing Rules - Item Level"}},"wdio_ui5_key":"etmportal.ui.managepricingrules.view.NewItemsap.m.Title{\"text\":\"New Pricing Rules - Item Level\"}"}]}
RESULT: {"script":"<script> [1562 bytes]","args":[{"selector":{"controlType":"sap.m.Title","viewName":"etm.portal.ui.managepricingrules.view.NewItem","viewId":"application-managepricingrules-display-component---newInfoPriceItem","properties":{"text":"New Pricing Rules - Item Level"}},"wdio_ui5_key":"etmportal.ui.managepricingrules.view.NewItemsap.m.Title{\"text\":\"New Pricing Rules - Item Level\"}"}]}
RESULT: undefined
COMMAND: POST /session/4712af7ad0eaf46e7406ff23cdc0ea9d/execute/async - {"script":"<script> [6424 bytes]","args":[{"element-6066-11e4-a52e-4f735466cecf":"f.791DC57474D669730896E8DA48EFF857.d.E1CB0A7DCE919F4ED114ADBB7E49A787.e.14738"},"getText",[]]}
RESULT: {"script":"<script> [6424 bytes]","args":[{"element-6066-11e4-a52e-4f735466cecf":"f.791DC57474D669730896E8DA48EFF857.d.E1CB0A7DCE919F4ED114ADBB7E49A787.e.14738"},"getText",[]]}
COMMAND: POST /session/4712af7ad0eaf46e7406ff23cdc0ea9d/execute/async - {"script":"<script> [1562 bytes]","args":[{"selector":{"id":"application-managepricingrules-display-component---newInfoPriceItem--condValidTo","interaction":{"idSuffix":"inner"}},"wdio_ui5_key":"applicationmanagepricingrules-display-component---newInfoPriceItem--condValidTo"}]}
RESULT: {"script":"<script> [1562 bytes]","args":[{"selector":{"id":"application-managepricingrules-display-component---newInfoPriceItem--condValidTo","interaction":{"idSuffix":"inner"}},"wdio_ui5_key":"applicationmanagepricingrules-display-component---newInfoPriceItem--condValidTo"}]}
RESULT: undefined
COMMAND: POST /session/4712af7ad0eaf46e7406ff23cdc0ea9d/execute/async - {"script":"<script> [776 bytes]","args":[{"enterText":"12/30/25","selector":{"id":"application-managepricingrules-display-component---newInfoPriceItem--condValidTo","interaction":{"idSuffix":"inner"}},"clearTextFirst":true,"interactionType":"ENTER_TEXT"}]}
RESULT: {"script":"<script> [776 bytes]","args":[{"enterText":"12/30/25","selector":{"id":"application-managepricingrules-display-component---newInfoPriceItem--condValidTo","interaction":{"idSuffix":"inner"}},"clearTextFirst":true,"interactionType":"ENTER_TEXT"}]}
COMMAND: POST /session/4712af7ad0eaf46e7406ff23cdc0ea9d/execute/async - {"script":"<script> [1562 bytes]","args":[{"selector":{"id":"application-managepricingrules-display-component---newInfoPriceItem--billType-arrow"},"wdio_ui5_key":"applicationmanagepricingrules-display-component---newInfoPriceItem--billType-arrow"}]}
RESULT: {"script":"<script> [1562 bytes]","args":[{"selector":{"id":"application-managepricingrules-display-component---newInfoPriceItem--billType-arrow"},"wdio_ui5_key":"applicationmanagepricingrules-display-component---newInfoPriceItem--billType-arrow"}]}
RESULT: undefined
COMMAND: POST /session/4712af7ad0eaf46e7406ff23cdc0ea9d/element - {"using":"xpath","value":"//*[@id=\"application-managepricingrules-display-component---newInfoPriceItem--billType-arrow\"]"}
RESULT: {"using":"xpath","value":"//*[@id=\"application-managepricingrules-display-component---newInfoPriceItem--billType-arrow\"]"}
COMMAND: POST /session/4712af7ad0eaf46e7406ff23cdc0ea9d/element/f.791DC57474D669730896E8DA48EFF857.d.E1CB0A7DCE919F4ED114ADBB7E49A787.e.14696/click - {}
RESULT: {}
COMMAND: POST /session/4712af7ad0eaf46e7406ff23cdc0ea9d/element - {"using":"xpath","value":"//span[contains(text(), \"PB - Performance based\")]"}
COMMAND: GET /session/4712af7ad0eaf46e7406ff23cdc0ea9d/screenshot - {}
RESULT: {"using":"xpath","value":"//span[contains(text(), \"PB - Performance based\")]"}
COMMAND: POST /session/4712af7ad0eaf46e7406ff23cdc0ea9d/element/f.791DC57474D669730896E8DA48EFF857.d.E1CB0A7DCE919F4ED114ADBB7E49A787.e.14740/click - {}
RESULT: {}
RESULT: {}
COMMAND: POST /session/4712af7ad0eaf46e7406ff23cdc0ea9d/execute/async - {"script":"<script> [1562 bytes]","args":[{"selector":{"id":"application-managepricingrules-display-component---newInfoPriceItem--priceProc-arrow"},"wdio_ui5_key":"applicationmanagepricingrules-display-component---newInfoPriceItem--priceProc-arrow"}]}
COMMAND: GET /session/4712af7ad0eaf46e7406ff23cdc0ea9d/screenshot - {}
RESULT: {"script":"<script> [1562 bytes]","args":[{"selector":{"id":"application-managepricingrules-display-component---newInfoPriceItem--priceProc-arrow"},"wdio_ui5_key":"applicationmanagepricingrules-display-component---newInfoPriceItem--priceProc-arrow"}]}
RESULT: undefined
COMMAND: POST /session/4712af7ad0eaf46e7406ff23cdc0ea9d/element - {"using":"xpath","value":"//*[@id=\"application-managepricingrules-display-component---newInfoPriceItem--priceProc-arrow\"]"}
RESULT: {}
RESULT: {"using":"xpath","value":"//*[@id=\"application-managepricingrules-display-component---newInfoPriceItem--priceProc-arrow\"]"}
COMMAND: POST /session/4712af7ad0eaf46e7406ff23cdc0ea9d/element/f.791DC57474D669730896E8DA48EFF857.d.E1CB0A7DCE919F4ED114ADBB7E49A787.e.14703/click - {}
RESULT: {}
COMMAND: POST /session/4712af7ad0eaf46e7406ff23cdc0ea9d/element - {"using":"xpath","value":"//span[contains(text(), \"PRF - Performance based\")]"}
COMMAND: GET /session/4712af7ad0eaf46e7406ff23cdc0ea9d/screenshot - {}
RESULT: {"using":"xpath","value":"//span[contains(text(), \"PRF - Performance based\")]"}
COMMAND: POST /session/4712af7ad0eaf46e7406ff23cdc0ea9d/element/f.791DC57474D669730896E8DA48EFF857.d.E1CB0A7DCE919F4ED114ADBB7E49A787.e.14741/click - {}
RESULT: {}
RESULT: {}
COMMAND: POST /session/4712af7ad0eaf46e7406ff23cdc0ea9d/execute/async - {"script":"<script> [1562 bytes]","args":[{"selector":{"id":"application-managepricingrules-display-component---newInfoPriceItem--calcBase-arrow"},"wdio_ui5_key":"applicationmanagepricingrules-display-component---newInfoPriceItem--calcBase-arrow"}]}
COMMAND: GET /session/4712af7ad0eaf46e7406ff23cdc0ea9d/screenshot - {}
RESULT: {"script":"<script> [1562 bytes]","args":[{"selector":{"id":"application-managepricingrules-display-component---newInfoPriceItem--calcBase-arrow"},"wdio_ui5_key":"applicationmanagepricingrules-display-component---newInfoPriceItem--calcBase-arrow"}]}
RESULT: undefined
COMMAND: POST /session/4712af7ad0eaf46e7406ff23cdc0ea9d/element - {"using":"xpath","value":"//*[@id=\"application-managepricingrules-display-component---newInfoPriceItem--calcBase-arrow\"]"}
RESULT: {}
RESULT: {"using":"xpath","value":"//*[@id=\"application-managepricingrules-display-component---newInfoPriceItem--calcBase-arrow\"]"}
COMMAND: POST /session/4712af7ad0eaf46e7406ff23cdc0ea9d/element/f.791DC57474D669730896E8DA48EFF857.d.E1CB0A7DCE919F4ED114ADBB7E49A787.e.14710/click - {}
RESULT: {}
COMMAND: GET /session/4712af7ad0eaf46e7406ff23cdc0ea9d/screenshot - {}
RESULT: {}
COMMAND: POST /session/4712af7ad0eaf46e7406ff23cdc0ea9d/element - {"using":"xpath","value":"//span[contains(text(), \"0007 - PB(work days)\")]"}
RESULT: {"using":"xpath","value":"//span[contains(text(), \"0007 - PB(work days)\")]"}
COMMAND: POST /session/4712af7ad0eaf46e7406ff23cdc0ea9d/element/f.791DC57474D669730896E8DA48EFF857.d.E1CB0A7DCE919F4ED114ADBB7E49A787.e.14742/click - {}
RESULT: {}
COMMAND: GET /session/4712af7ad0eaf46e7406ff23cdc0ea9d/screenshot - {}
RESULT: {}
COMMAND: POST /session/4712af7ad0eaf46e7406ff23cdc0ea9d/execute/async - {"script":"<script> [1562 bytes]","args":[{"selector":{"id":"application-managepricingrules-display-component---newInfoPriceItem--hoursMonth","interaction":{"idSuffix":"inner"}},"wdio_ui5_key":"applicationmanagepricingrules-display-component---newInfoPriceItem--hoursMonth"}]}
RESULT: {"script":"<script> [1562 bytes]","args":[{"selector":{"id":"application-managepricingrules-display-component---newInfoPriceItem--hoursMonth","interaction":{"idSuffix":"inner"}},"wdio_ui5_key":"applicationmanagepricingrules-display-component---newInfoPriceItem--hoursMonth"}]}
RESULT: undefined
COMMAND: POST /session/4712af7ad0eaf46e7406ff23cdc0ea9d/execute/async - {"script":"<script> [776 bytes]","args":[{"enterText":"160","selector":{"id":"application-managepricingrules-display-component---newInfoPriceItem--hoursMonth","interaction":{"idSuffix":"inner"}},"clearTextFirst":true,"interactionType":"ENTER_TEXT"}]}
RESULT: {"script":"<script> [776 bytes]","args":[{"enterText":"160","selector":{"id":"application-managepricingrules-display-component---newInfoPriceItem--hoursMonth","interaction":{"idSuffix":"inner"}},"clearTextFirst":true,"interactionType":"ENTER_TEXT"}]}
COMMAND: POST /session/4712af7ad0eaf46e7406ff23cdc0ea9d/element - {"using":"xpath","value":"//button[@data-kt=\"saveNewRuleButton\"]"}
RESULT: {"using":"xpath","value":"//button[@data-kt=\"saveNewRuleButton\"]"}
COMMAND: POST /session/4712af7ad0eaf46e7406ff23cdc0ea9d/element/f.791DC57474D669730896E8DA48EFF857.d.E1CB0A7DCE919F4ED114ADBB7E49A787.e.14730/click - {}
RESULT: {}
COMMAND: GET /session/4712af7ad0eaf46e7406ff23cdc0ea9d/screenshot - {}
RESULT: {}
COMMAND: POST /session/4712af7ad0eaf46e7406ff23cdc0ea9d/execute/async - {"script":"<script> [1562 bytes]","args":[{"selector":{"id":"application-managepricingrules-display-component---priceInfoItem--smartFilterBar-btnBasicSearch","interaction":{"idSuffix":"I"}},"wdio_ui5_key":"applicationmanagepricingrules-display-component---priceInfoItem--smartFilterBar-btnBasicSearch"}]}
RESULT: {"script":"<script> [1562 bytes]","args":[{"selector":{"id":"application-managepricingrules-display-component---priceInfoItem--smartFilterBar-btnBasicSearch","interaction":{"idSuffix":"I"}},"wdio_ui5_key":"applicationmanagepricingrules-display-component---priceInfoItem--smartFilterBar-btnBasicSearch"}]}
RESULT: undefined
COMMAND: POST /session/4712af7ad0eaf46e7406ff23cdc0ea9d/execute/async - {"script":"<script> [776 bytes]","args":[{"enterText":"WxyJ7XDah4","selector":{"id":"application-managepricingrules-display-component---priceInfoItem--smartFilterBar-btnBasicSearch","interaction":{"idSuffix":"I"}},"clearTextFirst":true,"interactionType":"ENTER_TEXT"}]}
RESULT: {"script":"<script> [776 bytes]","args":[{"enterText":"WxyJ7XDah4","selector":{"id":"application-managepricingrules-display-component---priceInfoItem--smartFilterBar-btnBasicSearch","interaction":{"idSuffix":"I"}},"clearTextFirst":true,"interactionType":"ENTER_TEXT"}]}
COMMAND: POST /session/4712af7ad0eaf46e7406ff23cdc0ea9d/actions - {"actions":[{"id":"action51","type":"key","parameters":{},"actions":[{"type":"keyDown","value":"î€‡"},{"type":"pause","duration":10},{"type":"keyUp","value":"î€‡"}]}]}
RESULT: {"actions":[{"id":"action51","type":"key","parameters":{},"actions":[{"type":"keyDown","value":"î€‡"},{"type":"pause","duration":10},{"type":"keyUp","value":"î€‡"}]}]}
COMMAND: GET /session/4712af7ad0eaf46e7406ff23cdc0ea9d/screenshot - {}
RESULT: {}
COMMAND: POST /session/4712af7ad0eaf46e7406ff23cdc0ea9d/element - {"using":"xpath","value":"//span[@id=\"application-managepricingrules-display-component---priceInfoItem--smartTable-header-inner\"]"}
RESULT: {"using":"xpath","value":"//span[@id=\"application-managepricingrules-display-component---priceInfoItem--smartTable-header-inner\"]"}
COMMAND: POST /session/4712af7ad0eaf46e7406ff23cdc0ea9d/elements - {"using":"xpath","value":"//span[@id=\"application-managepricingrules-display-component---priceInfoItem--smartTable-header-inner\"]"}
RESULT: {"using":"xpath","value":"//span[@id=\"application-managepricingrules-display-component---priceInfoItem--smartTable-header-inner\"]"}
COMMAND: POST /session/4712af7ad0eaf46e7406ff23cdc0ea9d/execute/sync - {"script":"<script> [56 bytes]","args":[{"element-6066-11e4-a52e-4f735466cecf":"f.791DC57474D669730896E8DA48EFF857.d.E1CB0A7DCE919F4ED114ADBB7E49A787.e.14766","ELEMENT":"f.791DC57474D669730896E8DA48EFF857.d.E1CB0A7DCE919F4ED114ADBB7E49A787.e.14766"}]}
RESULT: {"script":"<script> [56 bytes]","args":[{"element-6066-11e4-a52e-4f735466cecf":"f.791DC57474D669730896E8DA48EFF857.d.E1CB0A7DCE919F4ED114ADBB7E49A787.e.14766","ELEMENT":"f.791DC57474D669730896E8DA48EFF857.d.E1CB0A7DCE919F4ED114ADBB7E49A787.e.14766"}]}
COMMAND: POST /session/4712af7ad0eaf46e7406ff23cdc0ea9d/element - {"using":"css selector","value":"#shell-header-logo"}
COMMAND: GET /session/4712af7ad0eaf46e7406ff23cdc0ea9d/screenshot - {}
RESULT: {}
RESULT: {"using":"css selector","value":"#shell-header-logo"}
COMMAND: POST /session/4712af7ad0eaf46e7406ff23cdc0ea9d/element/f.791DC57474D669730896E8DA48EFF857.d.E1CB0A7DCE919F4ED114ADBB7E49A787.e.13864/click - {}
RESULT: {}
COMMAND: GET /session/4712af7ad0eaf46e7406ff23cdc0ea9d/screenshot - {}
RESULT: {}
]]></system-out>
    </testcase>
    <testcase classname="chrome.135_0_7049_96.windows.Performance_based_billing_(work_days)_US139742" name="Should create a performance based billing condition on the equipment" time="68.327">
      <system-out><![CDATA[
COMMAND: POST /session/4712af7ad0eaf46e7406ff23cdc0ea9d/execute/async - {"script":"<script> [1562 bytes]","args":[{"selector":{"controlType":"sap.m.Text","properties":{"text":"Manage Conditions & Prices"},"interaction":{"idSuffix":"inner"}},"wdio_ui5_key":"sapm.Text{\"text\":\"Manage Conditions & Prices\"}"}]}
RESULT: {"script":"<script> [1562 bytes]","args":[{"selector":{"controlType":"sap.m.Text","properties":{"text":"Manage Conditions & Prices"},"interaction":{"idSuffix":"inner"}},"wdio_ui5_key":"sapm.Text{\"text\":\"Manage Conditions & Prices\"}"}]}
RESULT: undefined
COMMAND: POST /session/4712af7ad0eaf46e7406ff23cdc0ea9d/element - {"using":"xpath","value":"//*[@id=\"__tile53-title\"]"}
RESULT: {"using":"xpath","value":"//*[@id=\"__tile53-title\"]"}
COMMAND: POST /session/4712af7ad0eaf46e7406ff23cdc0ea9d/element/f.791DC57474D669730896E8DA48EFF857.d.E1CB0A7DCE919F4ED114ADBB7E49A787.e.14769/click - {}
RESULT: {}
COMMAND: POST /session/4712af7ad0eaf46e7406ff23cdc0ea9d/element - {"using":"xpath","value":"//button[@aria-label=\"Create\"]"}
COMMAND: GET /session/4712af7ad0eaf46e7406ff23cdc0ea9d/screenshot - {}
RESULT: {"using":"xpath","value":"//button[@aria-label=\"Create\"]"}
COMMAND: POST /session/4712af7ad0eaf46e7406ff23cdc0ea9d/elements - {"using":"xpath","value":"//button[@aria-label=\"Create\"]"}
RESULT: {}
RESULT: {"using":"xpath","value":"//button[@aria-label=\"Create\"]"}
COMMAND: POST /session/4712af7ad0eaf46e7406ff23cdc0ea9d/elements - {"using":"xpath","value":"//button[@aria-label=\"Create\"]"}
RESULT: {"using":"xpath","value":"//button[@aria-label=\"Create\"]"}
COMMAND: POST /session/4712af7ad0eaf46e7406ff23cdc0ea9d/element - {"using":"xpath","value":"//button[@aria-label=\"Create\"]"}
RESULT: {"using":"xpath","value":"//button[@aria-label=\"Create\"]"}
COMMAND: POST /session/4712af7ad0eaf46e7406ff23cdc0ea9d/execute/sync - {"script":"<script> [8489 bytes]","args":[{"element-6066-11e4-a52e-4f735466cecf":"f.791DC57474D669730896E8DA48EFF857.d.E1CB0A7DCE919F4ED114ADBB7E49A787.e.14803","ELEMENT":"f.791DC57474D669730896E8DA48EFF857.d.E1CB0A7DCE919F4ED114ADBB7E49A787.e.14803"}]}
RESULT: {"script":"<script> [8489 bytes]","args":[{"element-6066-11e4-a52e-4f735466cecf":"f.791DC57474D669730896E8DA48EFF857.d.E1CB0A7DCE919F4ED114ADBB7E49A787.e.14803","ELEMENT":"f.791DC57474D669730896E8DA48EFF857.d.E1CB0A7DCE919F4ED114ADBB7E49A787.e.14803"}]}
COMMAND: GET /session/4712af7ad0eaf46e7406ff23cdc0ea9d/element/f.791DC57474D669730896E8DA48EFF857.d.E1CB0A7DCE919F4ED114ADBB7E49A787.e.14803/enabled - {}
COMMAND: GET /session/4712af7ad0eaf46e7406ff23cdc0ea9d/screenshot - {}
RESULT: {}
COMMAND: POST /session/4712af7ad0eaf46e7406ff23cdc0ea9d/execute/sync - {"script":"<script> [8489 bytes]","args":[{"element-6066-11e4-a52e-4f735466cecf":"f.791DC57474D669730896E8DA48EFF857.d.E1CB0A7DCE919F4ED114ADBB7E49A787.e.14803","ELEMENT":"f.791DC57474D669730896E8DA48EFF857.d.E1CB0A7DCE919F4ED114ADBB7E49A787.e.14803"}]}
COMMAND: GET /session/4712af7ad0eaf46e7406ff23cdc0ea9d/screenshot - {}
RESULT: {}
RESULT: {"script":"<script> [8489 bytes]","args":[{"element-6066-11e4-a52e-4f735466cecf":"f.791DC57474D669730896E8DA48EFF857.d.E1CB0A7DCE919F4ED114ADBB7E49A787.e.14803","ELEMENT":"f.791DC57474D669730896E8DA48EFF857.d.E1CB0A7DCE919F4ED114ADBB7E49A787.e.14803"}]}
COMMAND: POST /session/4712af7ad0eaf46e7406ff23cdc0ea9d/execute/sync - {"script":"<script> [5351 bytes]","args":[{"element-6066-11e4-a52e-4f735466cecf":"f.791DC57474D669730896E8DA48EFF857.d.E1CB0A7DCE919F4ED114ADBB7E49A787.e.14803","ELEMENT":"f.791DC57474D669730896E8DA48EFF857.d.E1CB0A7DCE919F4ED114ADBB7E49A787.e.14803"}]}
COMMAND: GET /session/4712af7ad0eaf46e7406ff23cdc0ea9d/screenshot - {}
RESULT: {}
RESULT: {"script":"<script> [5351 bytes]","args":[{"element-6066-11e4-a52e-4f735466cecf":"f.791DC57474D669730896E8DA48EFF857.d.E1CB0A7DCE919F4ED114ADBB7E49A787.e.14803","ELEMENT":"f.791DC57474D669730896E8DA48EFF857.d.E1CB0A7DCE919F4ED114ADBB7E49A787.e.14803"}]}
COMMAND: POST /session/4712af7ad0eaf46e7406ff23cdc0ea9d/element/f.791DC57474D669730896E8DA48EFF857.d.E1CB0A7DCE919F4ED114ADBB7E49A787.e.14803/click - {}
COMMAND: GET /session/4712af7ad0eaf46e7406ff23cdc0ea9d/screenshot - {}
RESULT: {}
RESULT: {}
COMMAND: GET /session/4712af7ad0eaf46e7406ff23cdc0ea9d/screenshot - {}
RESULT: {}
RESULT: {}
COMMAND: POST /session/4712af7ad0eaf46e7406ff23cdc0ea9d/actions - {"actions":[{"id":"action52","type":"key","parameters":{},"actions":[{"type":"keyDown","value":"î€‡"},{"type":"pause","duration":10},{"type":"keyUp","value":"î€‡"}]}]}
RESULT: {"actions":[{"id":"action52","type":"key","parameters":{},"actions":[{"type":"keyDown","value":"î€‡"},{"type":"pause","duration":10},{"type":"keyUp","value":"î€‡"}]}]}
COMMAND: GET /session/4712af7ad0eaf46e7406ff23cdc0ea9d/screenshot - {}
RESULT: {}
COMMAND: POST /session/4712af7ad0eaf46e7406ff23cdc0ea9d/execute/async - {"script":"<script> [1562 bytes]","args":[{"selector":{"id":"application-manageconditionprice-display-component---newCondition--condBillCond-arrow"},"wdio_ui5_key":"applicationmanageconditionprice-display-component---newCondition--condBillCond-arrow"}]}
RESULT: {"script":"<script> [1562 bytes]","args":[{"selector":{"id":"application-manageconditionprice-display-component---newCondition--condBillCond-arrow"},"wdio_ui5_key":"applicationmanageconditionprice-display-component---newCondition--condBillCond-arrow"}]}
RESULT: undefined
COMMAND: POST /session/4712af7ad0eaf46e7406ff23cdc0ea9d/element - {"using":"xpath","value":"//*[@id=\"application-manageconditionprice-display-component---newCondition--condBillCond-arrow\"]"}
RESULT: {"using":"xpath","value":"//*[@id=\"application-manageconditionprice-display-component---newCondition--condBillCond-arrow\"]"}
COMMAND: POST /session/4712af7ad0eaf46e7406ff23cdc0ea9d/element/f.791DC57474D669730896E8DA48EFF857.d.E1CB0A7DCE919F4ED114ADBB7E49A787.e.14980/click - {}
RESULT: {}
COMMAND: GET /session/4712af7ad0eaf46e7406ff23cdc0ea9d/screenshot - {}
RESULT: {}
COMMAND: POST /session/4712af7ad0eaf46e7406ff23cdc0ea9d/element - {"using":"xpath","value":"//li[.//span[contains(text(), \"PC06 - Performance Price - fuel\")]]"}
RESULT: {"using":"xpath","value":"//li[.//span[contains(text(), \"PC06 - Performance Price - fuel\")]]"}
COMMAND: POST /session/4712af7ad0eaf46e7406ff23cdc0ea9d/element/f.791DC57474D669730896E8DA48EFF857.d.E1CB0A7DCE919F4ED114ADBB7E49A787.e.14983/click - {}
RESULT: {}
COMMAND: GET /session/4712af7ad0eaf46e7406ff23cdc0ea9d/screenshot - {}
RESULT: {}
COMMAND: POST /session/4712af7ad0eaf46e7406ff23cdc0ea9d/execute/async - {"script":"<script> [1562 bytes]","args":[{"selector":{"id":"application-manageconditionprice-display-component---newCondition--condValidTo","interaction":{"idSuffix":"inner"}},"wdio_ui5_key":"applicationmanageconditionprice-display-component---newCondition--condValidTo"}]}
RESULT: {"script":"<script> [1562 bytes]","args":[{"selector":{"id":"application-manageconditionprice-display-component---newCondition--condValidTo","interaction":{"idSuffix":"inner"}},"wdio_ui5_key":"applicationmanageconditionprice-display-component---newCondition--condValidTo"}]}
RESULT: undefined
COMMAND: POST /session/4712af7ad0eaf46e7406ff23cdc0ea9d/execute/async - {"script":"<script> [776 bytes]","args":[{"enterText":"12/30/25","selector":{"id":"application-manageconditionprice-display-component---newCondition--condValidTo","interaction":{"idSuffix":"inner"}},"clearTextFirst":true,"interactionType":"ENTER_TEXT"}]}
RESULT: {"script":"<script> [776 bytes]","args":[{"enterText":"12/30/25","selector":{"id":"application-manageconditionprice-display-component---newCondition--condValidTo","interaction":{"idSuffix":"inner"}},"clearTextFirst":true,"interactionType":"ENTER_TEXT"}]}
COMMAND: POST /session/4712af7ad0eaf46e7406ff23cdc0ea9d/element - {"using":"xpath","value":"//input[@id=\"application-manageconditionprice-display-component---newCondition--condRU-inner\"]"}
RESULT: {"using":"xpath","value":"//input[@id=\"application-manageconditionprice-display-component---newCondition--condRU-inner\"]"}
COMMAND: POST /session/4712af7ad0eaf46e7406ff23cdc0ea9d/element/f.791DC57474D669730896E8DA48EFF857.d.E1CB0A7DCE919F4ED114ADBB7E49A787.e.14845/clear - {}
RESULT: {}
COMMAND: POST /session/4712af7ad0eaf46e7406ff23cdc0ea9d/element/f.791DC57474D669730896E8DA48EFF857.d.E1CB0A7DCE919F4ED114ADBB7E49A787.e.14845/value - {"text":"WxyJ7XDah4"}
COMMAND: GET /session/4712af7ad0eaf46e7406ff23cdc0ea9d/screenshot - {}
RESULT: {"text":"WxyJ7XDah4"}
COMMAND: GET /session/4712af7ad0eaf46e7406ff23cdc0ea9d/screenshot - {}
RESULT: {}
RESULT: {}
COMMAND: POST /session/4712af7ad0eaf46e7406ff23cdc0ea9d/actions - {"actions":[{"id":"action53","type":"key","parameters":{},"actions":[{"type":"keyDown","value":"î€‡"},{"type":"pause","duration":10},{"type":"keyUp","value":"î€‡"}]}]}
RESULT: {"actions":[{"id":"action53","type":"key","parameters":{},"actions":[{"type":"keyDown","value":"î€‡"},{"type":"pause","duration":10},{"type":"keyUp","value":"î€‡"}]}]}
COMMAND: POST /session/4712af7ad0eaf46e7406ff23cdc0ea9d/execute/async - {"script":"<script> [1562 bytes]","args":[{"selector":{"id":"application-manageconditionprice-display-component---newCondition--condBaseQty","interaction":{"idSuffix":"inner"}},"wdio_ui5_key":"applicationmanageconditionprice-display-component---newCondition--condBaseQty"}]}
COMMAND: GET /session/4712af7ad0eaf46e7406ff23cdc0ea9d/screenshot - {}
RESULT: {"script":"<script> [1562 bytes]","args":[{"selector":{"id":"application-manageconditionprice-display-component---newCondition--condBaseQty","interaction":{"idSuffix":"inner"}},"wdio_ui5_key":"applicationmanageconditionprice-display-component---newCondition--condBaseQty"}]}
RESULT: undefined
COMMAND: POST /session/4712af7ad0eaf46e7406ff23cdc0ea9d/execute/async - {"script":"<script> [776 bytes]","args":[{"enterText":"1","selector":{"id":"application-manageconditionprice-display-component---newCondition--condBaseQty","interaction":{"idSuffix":"inner"}},"clearTextFirst":true,"interactionType":"ENTER_TEXT"}]}
RESULT: {}
RESULT: {"script":"<script> [776 bytes]","args":[{"enterText":"1","selector":{"id":"application-manageconditionprice-display-component---newCondition--condBaseQty","interaction":{"idSuffix":"inner"}},"clearTextFirst":true,"interactionType":"ENTER_TEXT"}]}
COMMAND: POST /session/4712af7ad0eaf46e7406ff23cdc0ea9d/execute/async - {"script":"<script> [1562 bytes]","args":[{"selector":{"id":"application-manageconditionprice-display-component---newCondition--condValue","interaction":{"idSuffix":"inner"}},"wdio_ui5_key":"applicationmanageconditionprice-display-component---newCondition--condValue"}]}
RESULT: {"script":"<script> [1562 bytes]","args":[{"selector":{"id":"application-manageconditionprice-display-component---newCondition--condValue","interaction":{"idSuffix":"inner"}},"wdio_ui5_key":"applicationmanageconditionprice-display-component---newCondition--condValue"}]}
RESULT: undefined
COMMAND: POST /session/4712af7ad0eaf46e7406ff23cdc0ea9d/execute/async - {"script":"<script> [776 bytes]","args":[{"enterText":"10","selector":{"id":"application-manageconditionprice-display-component---newCondition--condValue","interaction":{"idSuffix":"inner"}},"clearTextFirst":true,"interactionType":"ENTER_TEXT"}]}
RESULT: {"script":"<script> [776 bytes]","args":[{"enterText":"10","selector":{"id":"application-manageconditionprice-display-component---newCondition--condValue","interaction":{"idSuffix":"inner"}},"clearTextFirst":true,"interactionType":"ENTER_TEXT"}]}
COMMAND: POST /session/4712af7ad0eaf46e7406ff23cdc0ea9d/execute/async - {"script":"<script> [1562 bytes]","args":[{"selector":{"id":"application-manageconditionprice-display-component---newCondition--condCurr-arrow"},"wdio_ui5_key":"applicationmanageconditionprice-display-component---newCondition--condCurr-arrow"}]}
RESULT: {"script":"<script> [1562 bytes]","args":[{"selector":{"id":"application-manageconditionprice-display-component---newCondition--condCurr-arrow"},"wdio_ui5_key":"applicationmanageconditionprice-display-component---newCondition--condCurr-arrow"}]}
RESULT: undefined
COMMAND: POST /session/4712af7ad0eaf46e7406ff23cdc0ea9d/element - {"using":"xpath","value":"//*[@id=\"application-manageconditionprice-display-component---newCondition--condCurr-arrow\"]"}
RESULT: {"using":"xpath","value":"//*[@id=\"application-manageconditionprice-display-component---newCondition--condCurr-arrow\"]"}
COMMAND: POST /session/4712af7ad0eaf46e7406ff23cdc0ea9d/element/f.791DC57474D669730896E8DA48EFF857.d.E1CB0A7DCE919F4ED114ADBB7E49A787.e.14964/click - {}
RESULT: {}
COMMAND: POST /session/4712af7ad0eaf46e7406ff23cdc0ea9d/element - {"using":"xpath","value":"//span[contains(text(), \"Euro\")]"}
COMMAND: GET /session/4712af7ad0eaf46e7406ff23cdc0ea9d/screenshot - {}
RESULT: {"using":"xpath","value":"//span[contains(text(), \"Euro\")]"}
COMMAND: POST /session/4712af7ad0eaf46e7406ff23cdc0ea9d/element/f.791DC57474D669730896E8DA48EFF857.d.E1CB0A7DCE919F4ED114ADBB7E49A787.e.15018/click - {}
RESULT: {}
RESULT: {}
COMMAND: POST /session/4712af7ad0eaf46e7406ff23cdc0ea9d/element - {"using":"xpath","value":"//button[@data-kt=\"saveButton\"]"}
COMMAND: GET /session/4712af7ad0eaf46e7406ff23cdc0ea9d/screenshot - {}
RESULT: {"using":"xpath","value":"//button[@data-kt=\"saveButton\"]"}
COMMAND: POST /session/4712af7ad0eaf46e7406ff23cdc0ea9d/element/f.791DC57474D669730896E8DA48EFF857.d.E1CB0A7DCE919F4ED114ADBB7E49A787.e.14965/click - {}
RESULT: {}
RESULT: {}
COMMAND: GET /session/4712af7ad0eaf46e7406ff23cdc0ea9d/screenshot - {}
RESULT: {}
COMMAND: POST /session/4712af7ad0eaf46e7406ff23cdc0ea9d/execute/async - {"script":"<script> [1562 bytes]","args":[{"selector":{"id":"application-manageconditionprice-display-component---conditions--smartFilterBar-btnBasicSearch","interaction":{"idSuffix":"I"}},"wdio_ui5_key":"applicationmanageconditionprice-display-component---conditions--smartFilterBar-btnBasicSearch"}]}
RESULT: {"script":"<script> [1562 bytes]","args":[{"selector":{"id":"application-manageconditionprice-display-component---conditions--smartFilterBar-btnBasicSearch","interaction":{"idSuffix":"I"}},"wdio_ui5_key":"applicationmanageconditionprice-display-component---conditions--smartFilterBar-btnBasicSearch"}]}
RESULT: undefined
COMMAND: POST /session/4712af7ad0eaf46e7406ff23cdc0ea9d/execute/async - {"script":"<script> [776 bytes]","args":[{"enterText":"WxyJ7XDah4","selector":{"id":"application-manageconditionprice-display-component---conditions--smartFilterBar-btnBasicSearch","interaction":{"idSuffix":"I"}},"clearTextFirst":true,"interactionType":"ENTER_TEXT"}]}
RESULT: {"script":"<script> [776 bytes]","args":[{"enterText":"WxyJ7XDah4","selector":{"id":"application-manageconditionprice-display-component---conditions--smartFilterBar-btnBasicSearch","interaction":{"idSuffix":"I"}},"clearTextFirst":true,"interactionType":"ENTER_TEXT"}]}
COMMAND: POST /session/4712af7ad0eaf46e7406ff23cdc0ea9d/actions - {"actions":[{"id":"action54","type":"key","parameters":{},"actions":[{"type":"keyDown","value":"î€‡"},{"type":"pause","duration":10},{"type":"keyUp","value":"î€‡"}]}]}
RESULT: {"actions":[{"id":"action54","type":"key","parameters":{},"actions":[{"type":"keyDown","value":"î€‡"},{"type":"pause","duration":10},{"type":"keyUp","value":"î€‡"}]}]}
COMMAND: GET /session/4712af7ad0eaf46e7406ff23cdc0ea9d/screenshot - {}
RESULT: {}
COMMAND: POST /session/4712af7ad0eaf46e7406ff23cdc0ea9d/execute/async - {"script":"<script> [1562 bytes]","args":[{"selector":{"id":"application-manageconditionprice-display-component---conditions--smartFilterBar-filterItemControl_BASIC-BILL_TYPES-vhi"},"wdio_ui5_key":"applicationmanageconditionprice-display-component---conditions--smartFilterBar-filterItemControl_BASIC-BILL_TYPES-vhi"}]}
RESULT: {"script":"<script> [1562 bytes]","args":[{"selector":{"id":"application-manageconditionprice-display-component---conditions--smartFilterBar-filterItemControl_BASIC-BILL_TYPES-vhi"},"wdio_ui5_key":"applicationmanageconditionprice-display-component---conditions--smartFilterBar-filterItemControl_BASIC-BILL_TYPES-vhi"}]}
RESULT: undefined
COMMAND: POST /session/4712af7ad0eaf46e7406ff23cdc0ea9d/element - {"using":"xpath","value":"//*[@id=\"application-manageconditionprice-display-component---conditions--smartFilterBar-filterItemControl_BASIC-BILL_TYPES-vhi\"]"}
RESULT: {"using":"xpath","value":"//*[@id=\"application-manageconditionprice-display-component---conditions--smartFilterBar-filterItemControl_BASIC-BILL_TYPES-vhi\"]"}
COMMAND: POST /session/4712af7ad0eaf46e7406ff23cdc0ea9d/element/f.791DC57474D669730896E8DA48EFF857.d.E1CB0A7DCE919F4ED114ADBB7E49A787.e.15113/click - {}
RESULT: {}
COMMAND: POST /session/4712af7ad0eaf46e7406ff23cdc0ea9d/execute/async - {"script":"<script> [1562 bytes]","args":[{"selector":{"id":"application-manageconditionprice-display-component---conditions--smartFilterBar-filterItemControl_BASIC-BILL_TYPES-valueHelpDialog-smartFilterBar-btnBasicSearch","searchOpenDialogs":true,"interaction":{"idSuffix":"I"}},"wdio_ui5_key":"applicationmanageconditionprice-display-component---conditions--smartFilterBar-filterItemControl_BASIC-BILL_TYPES-valueHelpDialog-smartFilterBar-btnBasicSearch"}]}
COMMAND: GET /session/4712af7ad0eaf46e7406ff23cdc0ea9d/screenshot - {}
RESULT: {"script":"<script> [1562 bytes]","args":[{"selector":{"id":"application-manageconditionprice-display-component---conditions--smartFilterBar-filterItemControl_BASIC-BILL_TYPES-valueHelpDialog-smartFilterBar-btnBasicSearch","searchOpenDialogs":true,"interaction":{"idSuffix":"I"}},"wdio_ui5_key":"applicationmanageconditionprice-display-component---conditions--smartFilterBar-filterItemControl_BASIC-BILL_TYPES-valueHelpDialog-smartFilterBar-btnBasicSearch"}]}
RESULT: undefined
COMMAND: POST /session/4712af7ad0eaf46e7406ff23cdc0ea9d/execute/async - {"script":"<script> [776 bytes]","args":[{"enterText":"PB","selector":{"id":"application-manageconditionprice-display-component---conditions--smartFilterBar-filterItemControl_BASIC-BILL_TYPES-valueHelpDialog-smartFilterBar-btnBasicSearch","searchOpenDialogs":true,"interaction":{"idSuffix":"I"}},"clearTextFirst":true,"interactionType":"ENTER_TEXT"}]}
RESULT: {}
RESULT: {"script":"<script> [776 bytes]","args":[{"enterText":"PB","selector":{"id":"application-manageconditionprice-display-component---conditions--smartFilterBar-filterItemControl_BASIC-BILL_TYPES-valueHelpDialog-smartFilterBar-btnBasicSearch","searchOpenDialogs":true,"interaction":{"idSuffix":"I"}},"clearTextFirst":true,"interactionType":"ENTER_TEXT"}]}
COMMAND: POST /session/4712af7ad0eaf46e7406ff23cdc0ea9d/actions - {"actions":[{"id":"action55","type":"key","parameters":{},"actions":[{"type":"keyDown","value":"î€‡"},{"type":"pause","duration":10},{"type":"keyUp","value":"î€‡"}]}]}
RESULT: {"actions":[{"id":"action55","type":"key","parameters":{},"actions":[{"type":"keyDown","value":"î€‡"},{"type":"pause","duration":10},{"type":"keyUp","value":"î€‡"}]}]}
COMMAND: GET /session/4712af7ad0eaf46e7406ff23cdc0ea9d/screenshot - {}
RESULT: {}
COMMAND: POST /session/4712af7ad0eaf46e7406ff23cdc0ea9d/element - {"using":"xpath","value":"//div[contains(@id, 'application-manageconditionprice-display-component---conditions--smartFilterBar-filterItemControl_BASIC-BILL_TYPES-valueHelpDialog-table-rowsel0')]"}
RESULT: {"using":"xpath","value":"//div[contains(@id, 'application-manageconditionprice-display-component---conditions--smartFilterBar-filterItemControl_BASIC-BILL_TYPES-valueHelpDialog-table-rowsel0')]"}
COMMAND: POST /session/4712af7ad0eaf46e7406ff23cdc0ea9d/element/f.791DC57474D669730896E8DA48EFF857.d.E1CB0A7DCE919F4ED114ADBB7E49A787.e.15123/click - {}
RESULT: {}
COMMAND: GET /session/4712af7ad0eaf46e7406ff23cdc0ea9d/screenshot - {}
RESULT: {}
COMMAND: POST /session/4712af7ad0eaf46e7406ff23cdc0ea9d/element - {"using":"xpath","value":"//bdi[contains(text(), \"OK\")]"}
RESULT: {"using":"xpath","value":"//bdi[contains(text(), \"OK\")]"}
COMMAND: POST /session/4712af7ad0eaf46e7406ff23cdc0ea9d/element/f.791DC57474D669730896E8DA48EFF857.d.E1CB0A7DCE919F4ED114ADBB7E49A787.e.15125/click - {}
RESULT: {}
COMMAND: GET /session/4712af7ad0eaf46e7406ff23cdc0ea9d/screenshot - {}
RESULT: {}
COMMAND: POST /session/4712af7ad0eaf46e7406ff23cdc0ea9d/element - {"using":"xpath","value":"//span[@id=\"application-manageconditionprice-display-component---conditions--smartTable-header-inner\"]"}
RESULT: {"using":"xpath","value":"//span[@id=\"application-manageconditionprice-display-component---conditions--smartTable-header-inner\"]"}
COMMAND: POST /session/4712af7ad0eaf46e7406ff23cdc0ea9d/elements - {"using":"xpath","value":"//span[@id=\"application-manageconditionprice-display-component---conditions--smartTable-header-inner\"]"}
RESULT: {"using":"xpath","value":"//span[@id=\"application-manageconditionprice-display-component---conditions--smartTable-header-inner\"]"}
COMMAND: POST /session/4712af7ad0eaf46e7406ff23cdc0ea9d/execute/sync - {"script":"<script> [56 bytes]","args":[{"element-6066-11e4-a52e-4f735466cecf":"f.791DC57474D669730896E8DA48EFF857.d.E1CB0A7DCE919F4ED114ADBB7E49A787.e.15128","ELEMENT":"f.791DC57474D669730896E8DA48EFF857.d.E1CB0A7DCE919F4ED114ADBB7E49A787.e.15128"}]}
RESULT: {"script":"<script> [56 bytes]","args":[{"element-6066-11e4-a52e-4f735466cecf":"f.791DC57474D669730896E8DA48EFF857.d.E1CB0A7DCE919F4ED114ADBB7E49A787.e.15128","ELEMENT":"f.791DC57474D669730896E8DA48EFF857.d.E1CB0A7DCE919F4ED114ADBB7E49A787.e.15128"}]}
COMMAND: POST /session/4712af7ad0eaf46e7406ff23cdc0ea9d/element - {"using":"css selector","value":"#shell-header-logo"}
COMMAND: GET /session/4712af7ad0eaf46e7406ff23cdc0ea9d/screenshot - {}
RESULT: {"using":"css selector","value":"#shell-header-logo"}
COMMAND: POST /session/4712af7ad0eaf46e7406ff23cdc0ea9d/element/f.791DC57474D669730896E8DA48EFF857.d.E1CB0A7DCE919F4ED114ADBB7E49A787.e.14771/click - {}
RESULT: {}
RESULT: {}
COMMAND: GET /session/4712af7ad0eaf46e7406ff23cdc0ea9d/screenshot - {}
RESULT: {}
]]></system-out>
    </testcase>
    <testcase classname="chrome.135_0_7049_96.windows.Performance_based_billing_(work_days)_US139742" name="Should add a counter to the equipment" time="46.264">
      <system-out><![CDATA[
RESULT: undefined
COMMAND: POST /session/4712af7ad0eaf46e7406ff23cdc0ea9d/element - {"using":"xpath","value":"//*[@id=\"__tile39\"]"}
RESULT: {"using":"xpath","value":"//*[@id=\"__tile39\"]"}
COMMAND: POST /session/4712af7ad0eaf46e7406ff23cdc0ea9d/element/f.791DC57474D669730896E8DA48EFF857.d.E1CB0A7DCE919F4ED114ADBB7E49A787.e.13764/click - {}
RESULT: {}
COMMAND: POST /session/4712af7ad0eaf46e7406ff23cdc0ea9d/execute/async - {"script":"<script> [1562 bytes]","args":[{"selector":{"id":"application-manageresources-display-component---masterRU--smartFilterBar-btnBasicSearch","interaction":{"idSuffix":"I"}},"wdio_ui5_key":"applicationmanageresources-display-component---masterRU--smartFilterBar-btnBasicSearch"}]}
COMMAND: GET /session/4712af7ad0eaf46e7406ff23cdc0ea9d/screenshot - {}
RESULT: {"script":"<script> [1562 bytes]","args":[{"selector":{"id":"application-manageresources-display-component---masterRU--smartFilterBar-btnBasicSearch","interaction":{"idSuffix":"I"}},"wdio_ui5_key":"applicationmanageresources-display-component---masterRU--smartFilterBar-btnBasicSearch"}]}
RESULT: undefined
COMMAND: POST /session/4712af7ad0eaf46e7406ff23cdc0ea9d/execute/async - {"script":"<script> [776 bytes]","args":[{"enterText":"WxyJ7XDah4","selector":{"id":"application-manageresources-display-component---masterRU--smartFilterBar-btnBasicSearch","interaction":{"idSuffix":"I"}},"clearTextFirst":true,"interactionType":"ENTER_TEXT"}]}
RESULT: {}
RESULT: {"script":"<script> [776 bytes]","args":[{"enterText":"WxyJ7XDah4","selector":{"id":"application-manageresources-display-component---masterRU--smartFilterBar-btnBasicSearch","interaction":{"idSuffix":"I"}},"clearTextFirst":true,"interactionType":"ENTER_TEXT"}]}
COMMAND: POST /session/4712af7ad0eaf46e7406ff23cdc0ea9d/actions - {"actions":[{"id":"action56","type":"key","parameters":{},"actions":[{"type":"keyDown","value":"î€‡"},{"type":"pause","duration":10},{"type":"keyUp","value":"î€‡"}]}]}
RESULT: {"actions":[{"id":"action56","type":"key","parameters":{},"actions":[{"type":"keyDown","value":"î€‡"},{"type":"pause","duration":10},{"type":"keyUp","value":"î€‡"}]}]}
COMMAND: GET /session/4712af7ad0eaf46e7406ff23cdc0ea9d/screenshot - {}
RESULT: {}
COMMAND: POST /session/4712af7ad0eaf46e7406ff23cdc0ea9d/execute/async - {"script":"<script> [1562 bytes]","args":[{"selector":{"id":"application-manageresources-display-component---masterRU--smartTable-header"},"wdio_ui5_key":"applicationmanageresources-display-component---masterRU--smartTable-header"}]}
RESULT: {"script":"<script> [1562 bytes]","args":[{"selector":{"id":"application-manageresources-display-component---masterRU--smartTable-header"},"wdio_ui5_key":"applicationmanageresources-display-component---masterRU--smartTable-header"}]}
RESULT: undefined
COMMAND: POST /session/4712af7ad0eaf46e7406ff23cdc0ea9d/execute/async - {"script":"<script> [6424 bytes]","args":[{"element-6066-11e4-a52e-4f735466cecf":"f.791DC57474D669730896E8DA48EFF857.d.E1CB0A7DCE919F4ED114ADBB7E49A787.e.15330"},"getText",[]]}
RESULT: {"script":"<script> [6424 bytes]","args":[{"element-6066-11e4-a52e-4f735466cecf":"f.791DC57474D669730896E8DA48EFF857.d.E1CB0A7DCE919F4ED114ADBB7E49A787.e.15330"},"getText",[]]}
COMMAND: POST /session/4712af7ad0eaf46e7406ff23cdc0ea9d/execute/async - {"script":"<script> [1562 bytes]","args":[{"selector":{"controlType":"sap.ui.core.Icon","viewName":"etm.portal.ui.manageresources.view.Master","viewId":"application-manageresources-display-component---masterRU","properties":{"src":{"regex":{"source":"slim\\-arrow\\-right"}}}},"wdio_ui5_key":"etmportal.ui.manageresources.view.Mastersap.ui.core.Icon{\"src\":{\"regex\":{\"source\":\"slim\\\\-arrow\\\\-right\"}}}"}]}
RESULT: {"script":"<script> [1562 bytes]","args":[{"selector":{"controlType":"sap.ui.core.Icon","viewName":"etm.portal.ui.manageresources.view.Master","viewId":"application-manageresources-display-component---masterRU","properties":{"src":{"regex":{"source":"slim\\-arrow\\-right"}}}},"wdio_ui5_key":"etmportal.ui.manageresources.view.Mastersap.ui.core.Icon{\"src\":{\"regex\":{\"source\":\"slim\\\\-arrow\\\\-right\"}}}"}]}
RESULT: undefined
COMMAND: POST /session/4712af7ad0eaf46e7406ff23cdc0ea9d/element - {"using":"xpath","value":"//*[@id=\"__item934-__clone2373-imgNav\"]"}
RESULT: {"using":"xpath","value":"//*[@id=\"__item934-__clone2373-imgNav\"]"}
COMMAND: POST /session/4712af7ad0eaf46e7406ff23cdc0ea9d/element/f.791DC57474D669730896E8DA48EFF857.d.E1CB0A7DCE919F4ED114ADBB7E49A787.e.15329/click - {}
RESULT: {}
COMMAND: GET /session/4712af7ad0eaf46e7406ff23cdc0ea9d/screenshot - {}
COMMAND: POST /session/4712af7ad0eaf46e7406ff23cdc0ea9d/element - {"using":"xpath","value":"//bdi[contains(text(), \"Edit\")]"}
RESULT: {}
RESULT: {"using":"xpath","value":"//bdi[contains(text(), \"Edit\")]"}
COMMAND: POST /session/4712af7ad0eaf46e7406ff23cdc0ea9d/execute/sync - {"script":"<script> [8489 bytes]","args":[{"element-6066-11e4-a52e-4f735466cecf":"f.791DC57474D669730896E8DA48EFF857.d.E1CB0A7DCE919F4ED114ADBB7E49A787.e.15424","ELEMENT":"f.791DC57474D669730896E8DA48EFF857.d.E1CB0A7DCE919F4ED114ADBB7E49A787.e.15424"}]}
RESULT: {"script":"<script> [8489 bytes]","args":[{"element-6066-11e4-a52e-4f735466cecf":"f.791DC57474D669730896E8DA48EFF857.d.E1CB0A7DCE919F4ED114ADBB7E49A787.e.15424","ELEMENT":"f.791DC57474D669730896E8DA48EFF857.d.E1CB0A7DCE919F4ED114ADBB7E49A787.e.15424"}]}
COMMAND: POST /session/4712af7ad0eaf46e7406ff23cdc0ea9d/element/f.791DC57474D669730896E8DA48EFF857.d.E1CB0A7DCE919F4ED114ADBB7E49A787.e.15424/click - {}
COMMAND: GET /session/4712af7ad0eaf46e7406ff23cdc0ea9d/screenshot - {}
RESULT: {}
COMMAND: GET /session/4712af7ad0eaf46e7406ff23cdc0ea9d/screenshot - {}
RESULT: {}
COMMAND: POST /session/4712af7ad0eaf46e7406ff23cdc0ea9d/execute/async - {"script":"<script> [1562 bytes]","args":[{"selector":{"id":"application-manageresources-display-component---editResource--editRruPage-anchBar-application-manageresources-display-component---editResource--counters-anchor","interaction":{"idSuffix":"BDI-content"}},"wdio_ui5_key":"applicationmanageresources-display-component---editResource--editRruPage-anchBar-application-manageresources-display-component---editResource--counters-anchor"}]}
RESULT: {}
RESULT: {"script":"<script> [1562 bytes]","args":[{"selector":{"id":"application-manageresources-display-component---editResource--editRruPage-anchBar-application-manageresources-display-component---editResource--counters-anchor","interaction":{"idSuffix":"BDI-content"}},"wdio_ui5_key":"applicationmanageresources-display-component---editResource--editRruPage-anchBar-application-manageresources-display-component---editResource--counters-anchor"}]}
RESULT: undefined
COMMAND: POST /session/4712af7ad0eaf46e7406ff23cdc0ea9d/element - {"using":"xpath","value":"//*[@id=\"application-manageresources-display-component---editResource--editRruPage-anchBar-application-manageresources-display-component---editResource--counters-anchor\"]"}
RESULT: {"using":"xpath","value":"//*[@id=\"application-manageresources-display-component---editResource--editRruPage-anchBar-application-manageresources-display-component---editResource--counters-anchor\"]"}
COMMAND: POST /session/4712af7ad0eaf46e7406ff23cdc0ea9d/element/f.791DC57474D669730896E8DA48EFF857.d.E1CB0A7DCE919F4ED114ADBB7E49A787.e.15591/click - {}
RESULT: {}
COMMAND: GET /session/4712af7ad0eaf46e7406ff23cdc0ea9d/screenshot - {}
RESULT: {}
COMMAND: POST /session/4712af7ad0eaf46e7406ff23cdc0ea9d/execute/async - {"script":"<script> [1562 bytes]","args":[{"selector":{"id":"application-manageresources-display-component---editResource--btnAddCounter-img"},"wdio_ui5_key":"applicationmanageresources-display-component---editResource--btnAddCounter-img"}]}
RESULT: {"script":"<script> [1562 bytes]","args":[{"selector":{"id":"application-manageresources-display-component---editResource--btnAddCounter-img"},"wdio_ui5_key":"applicationmanageresources-display-component---editResource--btnAddCounter-img"}]}
RESULT: undefined
COMMAND: POST /session/4712af7ad0eaf46e7406ff23cdc0ea9d/element - {"using":"xpath","value":"//*[@id=\"application-manageresources-display-component---editResource--btnAddCounter-img\"]"}
RESULT: {"using":"xpath","value":"//*[@id=\"application-manageresources-display-component---editResource--btnAddCounter-img\"]"}
COMMAND: POST /session/4712af7ad0eaf46e7406ff23cdc0ea9d/element/f.791DC57474D669730896E8DA48EFF857.d.E1CB0A7DCE919F4ED114ADBB7E49A787.e.15596/click - {}
RESULT: {}
COMMAND: POST /session/4712af7ad0eaf46e7406ff23cdc0ea9d/execute/async - {"script":"<script> [1562 bytes]","args":[{"selector":{"id":"application-manageresources-display-component---editResource--COUNTER_ID-application-manageresources-display-component---editResource--RUCounters-0-arrow"},"wdio_ui5_key":"applicationmanageresources-display-component---editResource--COUNTER_ID-application-manageresources-display-component---editResource--RUCounters-0-arrow"}]}
COMMAND: GET /session/4712af7ad0eaf46e7406ff23cdc0ea9d/screenshot - {}
RESULT: {}
RESULT: {"script":"<script> [1562 bytes]","args":[{"selector":{"id":"application-manageresources-display-component---editResource--COUNTER_ID-application-manageresources-display-component---editResource--RUCounters-0-arrow"},"wdio_ui5_key":"applicationmanageresources-display-component---editResource--COUNTER_ID-application-manageresources-display-component---editResource--RUCounters-0-arrow"}]}
RESULT: undefined
COMMAND: POST /session/4712af7ad0eaf46e7406ff23cdc0ea9d/element - {"using":"xpath","value":"//*[@id=\"application-manageresources-display-component---editResource--COUNTER_ID-application-manageresources-display-component---editResource--RUCounters-0-arrow\"]"}
RESULT: {"using":"xpath","value":"//*[@id=\"application-manageresources-display-component---editResource--COUNTER_ID-application-manageresources-display-component---editResource--RUCounters-0-arrow\"]"}
COMMAND: POST /session/4712af7ad0eaf46e7406ff23cdc0ea9d/element/f.791DC57474D669730896E8DA48EFF857.d.E1CB0A7DCE919F4ED114ADBB7E49A787.e.15610/click - {}
RESULT: {}
COMMAND: POST /session/4712af7ad0eaf46e7406ff23cdc0ea9d/execute/async - {"script":"<script> [1562 bytes]","args":[{"selector":{"controlType":"sap.m.StandardListItem","viewName":"etm.portal.ui.manageresources.view.EditResource","viewId":"application-manageresources-display-component---editResource","properties":{"title":"fuel"},"searchOpenDialogs":true,"interaction":{"idSuffix":"content"}},"wdio_ui5_key":"etmportal.ui.manageresources.view.EditResourcesap.m.StandardListItem{\"title\":\"fuel\"}"}]}
COMMAND: GET /session/4712af7ad0eaf46e7406ff23cdc0ea9d/screenshot - {}
RESULT: {"script":"<script> [1562 bytes]","args":[{"selector":{"controlType":"sap.m.StandardListItem","viewName":"etm.portal.ui.manageresources.view.EditResource","viewId":"application-manageresources-display-component---editResource","properties":{"title":"fuel"},"searchOpenDialogs":true,"interaction":{"idSuffix":"content"}},"wdio_ui5_key":"etmportal.ui.manageresources.view.EditResourcesap.m.StandardListItem{\"title\":\"fuel\"}"}]}
RESULT: undefined
COMMAND: POST /session/4712af7ad0eaf46e7406ff23cdc0ea9d/element - {"using":"xpath","value":"//*[@id=\"__item1239\"]"}
RESULT: {}
RESULT: {"using":"xpath","value":"//*[@id=\"__item1239\"]"}
COMMAND: POST /session/4712af7ad0eaf46e7406ff23cdc0ea9d/element/f.791DC57474D669730896E8DA48EFF857.d.E1CB0A7DCE919F4ED114ADBB7E49A787.e.15612/click - {}
RESULT: {}
COMMAND: POST /session/4712af7ad0eaf46e7406ff23cdc0ea9d/execute/async - {"script":"<script> [1562 bytes]","args":[{"selector":{"controlType":"sap.m.Button","viewName":"etm.portal.ui.manageresources.view.EditResource","viewId":"application-manageresources-display-component---editResource","i18NText":{"propertyName":"text","key":"save"},"interaction":{"idSuffix":"BDI-content"}},"wdio_ui5_key":"etmportal.ui.manageresources.view.EditResourcesap.m.Button{\"propertyName\":\"text\",\"key\":\"save\"}"}]}
COMMAND: GET /session/4712af7ad0eaf46e7406ff23cdc0ea9d/screenshot - {}
RESULT: {"script":"<script> [1562 bytes]","args":[{"selector":{"controlType":"sap.m.Button","viewName":"etm.portal.ui.manageresources.view.EditResource","viewId":"application-manageresources-display-component---editResource","i18NText":{"propertyName":"text","key":"save"},"interaction":{"idSuffix":"BDI-content"}},"wdio_ui5_key":"etmportal.ui.manageresources.view.EditResourcesap.m.Button{\"propertyName\":\"text\",\"key\":\"save\"}"}]}
RESULT: undefined
COMMAND: POST /session/4712af7ad0eaf46e7406ff23cdc0ea9d/element - {"using":"xpath","value":"//*[@id=\"__button192\"]"}
RESULT: {}
RESULT: {"using":"xpath","value":"//*[@id=\"__button192\"]"}
COMMAND: POST /session/4712af7ad0eaf46e7406ff23cdc0ea9d/element/f.791DC57474D669730896E8DA48EFF857.d.E1CB0A7DCE919F4ED114ADBB7E49A787.e.15614/click - {}
RESULT: {}
COMMAND: GET /session/4712af7ad0eaf46e7406ff23cdc0ea9d/screenshot - {}
RESULT: {}
COMMAND: POST /session/4712af7ad0eaf46e7406ff23cdc0ea9d/element - {"using":"css selector","value":"#shell-header-logo"}
RESULT: {"using":"css selector","value":"#shell-header-logo"}
COMMAND: POST /session/4712af7ad0eaf46e7406ff23cdc0ea9d/element/f.791DC57474D669730896E8DA48EFF857.d.E1CB0A7DCE919F4ED114ADBB7E49A787.e.15134/click - {}
RESULT: {}
COMMAND: GET /session/4712af7ad0eaf46e7406ff23cdc0ea9d/screenshot - {}
RESULT: {}
]]></system-out>
    </testcase>
    <testcase classname="chrome.135_0_7049_96.windows.Performance_based_billing_(work_days)_US139742" name="Should do a stock increase on the yard for the equipment" time="80.333">
      <system-out><![CDATA[
COMMAND: POST /session/4712af7ad0eaf46e7406ff23cdc0ea9d/execute/async - {"script":"<script> [1562 bytes]","args":[{"selector":{"controlType":"sap.m.Text","viewName":"etm.portal.ui.managehandoverstile.view.Master","properties":{"text":"Manage Handovers"},"interaction":{"idSuffix":"inner"}},"wdio_ui5_key":"etmportal.ui.managehandoverstile.view.Mastersap.m.Text{\"text\":\"Manage Handovers\"}"}]}
RESULT: {"script":"<script> [1562 bytes]","args":[{"selector":{"controlType":"sap.m.Text","viewName":"etm.portal.ui.managehandoverstile.view.Master","properties":{"text":"Manage Handovers"},"interaction":{"idSuffix":"inner"}},"wdio_ui5_key":"etmportal.ui.managehandoverstile.view.Mastersap.m.Text{\"text\":\"Manage Handovers\"}"}]}
RESULT: undefined
COMMAND: POST /session/4712af7ad0eaf46e7406ff23cdc0ea9d/element - {"using":"xpath","value":"//*[@id=\"__tile131-title\"]"}
RESULT: {"using":"xpath","value":"//*[@id=\"__tile131-title\"]"}
COMMAND: POST /session/4712af7ad0eaf46e7406ff23cdc0ea9d/element/f.791DC57474D669730896E8DA48EFF857.d.E1CB0A7DCE919F4ED114ADBB7E49A787.e.15625/click - {}
RESULT: {}
COMMAND: POST /session/4712af7ad0eaf46e7406ff23cdc0ea9d/element - {"using":"xpath","value":"//button[@data-kt=\"masterHOAddButton\"]"}
COMMAND: GET /session/4712af7ad0eaf46e7406ff23cdc0ea9d/screenshot - {}
RESULT: {"using":"xpath","value":"//button[@data-kt=\"masterHOAddButton\"]"}
COMMAND: POST /session/4712af7ad0eaf46e7406ff23cdc0ea9d/elements - {"using":"xpath","value":"//button[@data-kt=\"masterHOAddButton\"]"}
RESULT: {}
RESULT: {"using":"xpath","value":"//button[@data-kt=\"masterHOAddButton\"]"}
COMMAND: POST /session/4712af7ad0eaf46e7406ff23cdc0ea9d/elements - {"using":"xpath","value":"//button[@data-kt=\"masterHOAddButton\"]"}
RESULT: {"using":"xpath","value":"//button[@data-kt=\"masterHOAddButton\"]"}
COMMAND: POST /session/4712af7ad0eaf46e7406ff23cdc0ea9d/elements - {"using":"xpath","value":"//button[@data-kt=\"masterHOAddButton\"]"}
RESULT: {"using":"xpath","value":"//button[@data-kt=\"masterHOAddButton\"]"}
COMMAND: POST /session/4712af7ad0eaf46e7406ff23cdc0ea9d/elements - {"using":"xpath","value":"//button[@data-kt=\"masterHOAddButton\"]"}
RESULT: {"using":"xpath","value":"//button[@data-kt=\"masterHOAddButton\"]"}
COMMAND: POST /session/4712af7ad0eaf46e7406ff23cdc0ea9d/elements - {"using":"xpath","value":"//button[@data-kt=\"masterHOAddButton\"]"}
RESULT: {"using":"xpath","value":"//button[@data-kt=\"masterHOAddButton\"]"}
COMMAND: POST /session/4712af7ad0eaf46e7406ff23cdc0ea9d/elements - {"using":"xpath","value":"//button[@data-kt=\"masterHOAddButton\"]"}
RESULT: {"using":"xpath","value":"//button[@data-kt=\"masterHOAddButton\"]"}
COMMAND: POST /session/4712af7ad0eaf46e7406ff23cdc0ea9d/elements - {"using":"xpath","value":"//button[@data-kt=\"masterHOAddButton\"]"}
RESULT: {"using":"xpath","value":"//button[@data-kt=\"masterHOAddButton\"]"}
COMMAND: POST /session/4712af7ad0eaf46e7406ff23cdc0ea9d/elements - {"using":"xpath","value":"//button[@data-kt=\"masterHOAddButton\"]"}
RESULT: {"using":"xpath","value":"//button[@data-kt=\"masterHOAddButton\"]"}
COMMAND: POST /session/4712af7ad0eaf46e7406ff23cdc0ea9d/elements - {"using":"xpath","value":"//button[@data-kt=\"masterHOAddButton\"]"}
RESULT: {"using":"xpath","value":"//button[@data-kt=\"masterHOAddButton\"]"}
COMMAND: POST /session/4712af7ad0eaf46e7406ff23cdc0ea9d/elements - {"using":"xpath","value":"//button[@data-kt=\"masterHOAddButton\"]"}
RESULT: {"using":"xpath","value":"//button[@data-kt=\"masterHOAddButton\"]"}
COMMAND: POST /session/4712af7ad0eaf46e7406ff23cdc0ea9d/elements - {"using":"xpath","value":"//button[@data-kt=\"masterHOAddButton\"]"}
RESULT: {"using":"xpath","value":"//button[@data-kt=\"masterHOAddButton\"]"}
COMMAND: POST /session/4712af7ad0eaf46e7406ff23cdc0ea9d/elements - {"using":"xpath","value":"//button[@data-kt=\"masterHOAddButton\"]"}
RESULT: {"using":"xpath","value":"//button[@data-kt=\"masterHOAddButton\"]"}
COMMAND: POST /session/4712af7ad0eaf46e7406ff23cdc0ea9d/elements - {"using":"xpath","value":"//button[@data-kt=\"masterHOAddButton\"]"}
RESULT: {"using":"xpath","value":"//button[@data-kt=\"masterHOAddButton\"]"}
COMMAND: POST /session/4712af7ad0eaf46e7406ff23cdc0ea9d/elements - {"using":"xpath","value":"//button[@data-kt=\"masterHOAddButton\"]"}
RESULT: {"using":"xpath","value":"//button[@data-kt=\"masterHOAddButton\"]"}
COMMAND: POST /session/4712af7ad0eaf46e7406ff23cdc0ea9d/element - {"using":"xpath","value":"//button[@data-kt=\"masterHOAddButton\"]"}
RESULT: {"using":"xpath","value":"//button[@data-kt=\"masterHOAddButton\"]"}
COMMAND: POST /session/4712af7ad0eaf46e7406ff23cdc0ea9d/execute/sync - {"script":"<script> [8489 bytes]","args":[{"element-6066-11e4-a52e-4f735466cecf":"f.791DC57474D669730896E8DA48EFF857.d.E1CB0A7DCE919F4ED114ADBB7E49A787.e.15664","ELEMENT":"f.791DC57474D669730896E8DA48EFF857.d.E1CB0A7DCE919F4ED114ADBB7E49A787.e.15664"}]}
RESULT: {"script":"<script> [8489 bytes]","args":[{"element-6066-11e4-a52e-4f735466cecf":"f.791DC57474D669730896E8DA48EFF857.d.E1CB0A7DCE919F4ED114ADBB7E49A787.e.15664","ELEMENT":"f.791DC57474D669730896E8DA48EFF857.d.E1CB0A7DCE919F4ED114ADBB7E49A787.e.15664"}]}
COMMAND: GET /session/4712af7ad0eaf46e7406ff23cdc0ea9d/element/f.791DC57474D669730896E8DA48EFF857.d.E1CB0A7DCE919F4ED114ADBB7E49A787.e.15664/enabled - {}
COMMAND: GET /session/4712af7ad0eaf46e7406ff23cdc0ea9d/screenshot - {}
RESULT: {}
COMMAND: POST /session/4712af7ad0eaf46e7406ff23cdc0ea9d/execute/sync - {"script":"<script> [8489 bytes]","args":[{"element-6066-11e4-a52e-4f735466cecf":"f.791DC57474D669730896E8DA48EFF857.d.E1CB0A7DCE919F4ED114ADBB7E49A787.e.15664","ELEMENT":"f.791DC57474D669730896E8DA48EFF857.d.E1CB0A7DCE919F4ED114ADBB7E49A787.e.15664"}]}
COMMAND: GET /session/4712af7ad0eaf46e7406ff23cdc0ea9d/screenshot - {}
RESULT: {}
RESULT: {"script":"<script> [8489 bytes]","args":[{"element-6066-11e4-a52e-4f735466cecf":"f.791DC57474D669730896E8DA48EFF857.d.E1CB0A7DCE919F4ED114ADBB7E49A787.e.15664","ELEMENT":"f.791DC57474D669730896E8DA48EFF857.d.E1CB0A7DCE919F4ED114ADBB7E49A787.e.15664"}]}
COMMAND: POST /session/4712af7ad0eaf46e7406ff23cdc0ea9d/execute/sync - {"script":"<script> [5351 bytes]","args":[{"element-6066-11e4-a52e-4f735466cecf":"f.791DC57474D669730896E8DA48EFF857.d.E1CB0A7DCE919F4ED114ADBB7E49A787.e.15664","ELEMENT":"f.791DC57474D669730896E8DA48EFF857.d.E1CB0A7DCE919F4ED114ADBB7E49A787.e.15664"}]}
COMMAND: GET /session/4712af7ad0eaf46e7406ff23cdc0ea9d/screenshot - {}
RESULT: {}
RESULT: {"script":"<script> [5351 bytes]","args":[{"element-6066-11e4-a52e-4f735466cecf":"f.791DC57474D669730896E8DA48EFF857.d.E1CB0A7DCE919F4ED114ADBB7E49A787.e.15664","ELEMENT":"f.791DC57474D669730896E8DA48EFF857.d.E1CB0A7DCE919F4ED114ADBB7E49A787.e.15664"}]}
COMMAND: POST /session/4712af7ad0eaf46e7406ff23cdc0ea9d/element/f.791DC57474D669730896E8DA48EFF857.d.E1CB0A7DCE919F4ED114ADBB7E49A787.e.15664/click - {}
COMMAND: GET /session/4712af7ad0eaf46e7406ff23cdc0ea9d/screenshot - {}
RESULT: {}
RESULT: {}
COMMAND: GET /session/4712af7ad0eaf46e7406ff23cdc0ea9d/screenshot - {}
RESULT: {}
RESULT: {}
COMMAND: POST /session/4712af7ad0eaf46e7406ff23cdc0ea9d/element - {"using":"xpath","value":"//span[contains(@id ,\"AddNewHO--typeSelect-arrow\")]"}
RESULT: {"using":"xpath","value":"//span[contains(@id ,\"AddNewHO--typeSelect-arrow\")]"}
COMMAND: POST /session/4712af7ad0eaf46e7406ff23cdc0ea9d/element/f.791DC57474D669730896E8DA48EFF857.d.E1CB0A7DCE919F4ED114ADBB7E49A787.e.16002/click - {}
RESULT: {}
COMMAND: GET /session/4712af7ad0eaf46e7406ff23cdc0ea9d/screenshot - {}
RESULT: {}
COMMAND: POST /session/4712af7ad0eaf46e7406ff23cdc0ea9d/element - {"using":"xpath","value":"(//li[contains(text(), \"stock increase yard\")])[1]"}
RESULT: {"using":"xpath","value":"(//li[contains(text(), \"stock increase yard\")])[1]"}
COMMAND: POST /session/4712af7ad0eaf46e7406ff23cdc0ea9d/element/f.791DC57474D669730896E8DA48EFF857.d.E1CB0A7DCE919F4ED114ADBB7E49A787.e.16003/click - {}
RESULT: {}
COMMAND: GET /session/4712af7ad0eaf46e7406ff23cdc0ea9d/screenshot - {}
RESULT: {}
COMMAND: POST /session/4712af7ad0eaf46e7406ff23cdc0ea9d/execute/async - {"script":"<script> [1562 bytes]","args":[{"selector":{"id":"application-managehandovers-display-component---AddNewHO--dueDate","interaction":{"idSuffix":"inner"}},"wdio_ui5_key":"applicationmanagehandovers-display-component---AddNewHO--dueDate"}]}
RESULT: {"script":"<script> [1562 bytes]","args":[{"selector":{"id":"application-managehandovers-display-component---AddNewHO--dueDate","interaction":{"idSuffix":"inner"}},"wdio_ui5_key":"applicationmanagehandovers-display-component---AddNewHO--dueDate"}]}
RESULT: undefined
COMMAND: POST /session/4712af7ad0eaf46e7406ff23cdc0ea9d/execute/async - {"script":"<script> [6424 bytes]","args":[{"element-6066-11e4-a52e-4f735466cecf":"f.791DC57474D669730896E8DA48EFF857.d.E1CB0A7DCE919F4ED114ADBB7E49A787.e.16005"},"setValue",["04/30/2025"]]}
RESULT: {"script":"<script> [6424 bytes]","args":[{"element-6066-11e4-a52e-4f735466cecf":"f.791DC57474D669730896E8DA48EFF857.d.E1CB0A7DCE919F4ED114ADBB7E49A787.e.16005"},"setValue",["04/30/2025"]]}
COMMAND: POST /session/4712af7ad0eaf46e7406ff23cdc0ea9d/element - {"using":"xpath","value":"//input[@id=\"generalSectionFrg--receiveYard-inner\"]"}
RESULT: {"using":"xpath","value":"//input[@id=\"generalSectionFrg--receiveYard-inner\"]"}
COMMAND: POST /session/4712af7ad0eaf46e7406ff23cdc0ea9d/element/f.791DC57474D669730896E8DA48EFF857.d.E1CB0A7DCE919F4ED114ADBB7E49A787.e.16011/clear - {}
RESULT: {}
COMMAND: POST /session/4712af7ad0eaf46e7406ff23cdc0ea9d/element/f.791DC57474D669730896E8DA48EFF857.d.E1CB0A7DCE919F4ED114ADBB7E49A787.e.16011/value - {"text":"433"}
COMMAND: GET /session/4712af7ad0eaf46e7406ff23cdc0ea9d/screenshot - {}
RESULT: {"text":"433"}
COMMAND: GET /session/4712af7ad0eaf46e7406ff23cdc0ea9d/screenshot - {}
RESULT: {}
RESULT: {}
COMMAND: POST /session/4712af7ad0eaf46e7406ff23cdc0ea9d/element - {"using":"xpath","value":"//li[.//span[text()='433']]"}
RESULT: {"using":"xpath","value":"//li[.//span[text()='433']]"}
COMMAND: POST /session/4712af7ad0eaf46e7406ff23cdc0ea9d/element/f.791DC57474D669730896E8DA48EFF857.d.E1CB0A7DCE919F4ED114ADBB7E49A787.e.16028/click - {}
RESULT: {}
COMMAND: GET /session/4712af7ad0eaf46e7406ff23cdc0ea9d/screenshot - {}
RESULT: {}
COMMAND: POST /session/4712af7ad0eaf46e7406ff23cdc0ea9d/execute/async - {"script":"<script> [1562 bytes]","args":[{"selector":{"id":"application-managehandovers-display-component---AddNewHO--ObjectPageLayout-anchBar-application-managehandovers-display-component---AddNewHO--section4-anchor","interaction":{"idSuffix":"BDI-content"}},"wdio_ui5_key":"applicationmanagehandovers-display-component---AddNewHO--ObjectPageLayout-anchBar-application-managehandovers-display-component---AddNewHO--section4-anchor"}]}
RESULT: {"script":"<script> [1562 bytes]","args":[{"selector":{"id":"application-managehandovers-display-component---AddNewHO--ObjectPageLayout-anchBar-application-managehandovers-display-component---AddNewHO--section4-anchor","interaction":{"idSuffix":"BDI-content"}},"wdio_ui5_key":"applicationmanagehandovers-display-component---AddNewHO--ObjectPageLayout-anchBar-application-managehandovers-display-component---AddNewHO--section4-anchor"}]}
RESULT: undefined
COMMAND: POST /session/4712af7ad0eaf46e7406ff23cdc0ea9d/element - {"using":"xpath","value":"//*[@id=\"application-managehandovers-display-component---AddNewHO--ObjectPageLayout-anchBar-application-managehandovers-display-component---AddNewHO--section4-anchor\"]"}
RESULT: {"using":"xpath","value":"//*[@id=\"application-managehandovers-display-component---AddNewHO--ObjectPageLayout-anchBar-application-managehandovers-display-component---AddNewHO--section4-anchor\"]"}
COMMAND: POST /session/4712af7ad0eaf46e7406ff23cdc0ea9d/element/f.791DC57474D669730896E8DA48EFF857.d.E1CB0A7DCE919F4ED114ADBB7E49A787.e.16030/click - {}
RESULT: {}
COMMAND: POST /session/4712af7ad0eaf46e7406ff23cdc0ea9d/element - {"using":"xpath","value":"//button[@aria-label=\"Add\"]"}
COMMAND: GET /session/4712af7ad0eaf46e7406ff23cdc0ea9d/screenshot - {}
RESULT: {"using":"xpath","value":"//button[@aria-label=\"Add\"]"}
COMMAND: POST /session/4712af7ad0eaf46e7406ff23cdc0ea9d/element/f.791DC57474D669730896E8DA48EFF857.d.E1CB0A7DCE919F4ED114ADBB7E49A787.e.16032/click - {}
RESULT: {}
RESULT: {}
COMMAND: GET /session/4712af7ad0eaf46e7406ff23cdc0ea9d/screenshot - {}
RESULT: {}
COMMAND: POST /session/4712af7ad0eaf46e7406ff23cdc0ea9d/execute/async - {"script":"<script> [1562 bytes]","args":[{"selector":{"id":"application-managehandovers-display-component---AddNewHO--smartFilterBar-btnBasicSearch","searchOpenDialogs":true,"interaction":{"idSuffix":"I"}},"wdio_ui5_key":"applicationmanagehandovers-display-component---AddNewHO--smartFilterBar-btnBasicSearch"}]}
RESULT: {"script":"<script> [1562 bytes]","args":[{"selector":{"id":"application-managehandovers-display-component---AddNewHO--smartFilterBar-btnBasicSearch","searchOpenDialogs":true,"interaction":{"idSuffix":"I"}},"wdio_ui5_key":"applicationmanagehandovers-display-component---AddNewHO--smartFilterBar-btnBasicSearch"}]}
RESULT: undefined
COMMAND: POST /session/4712af7ad0eaf46e7406ff23cdc0ea9d/execute/async - {"script":"<script> [776 bytes]","args":[{"enterText":"WxyJ7XDah4","selector":{"id":"application-managehandovers-display-component---AddNewHO--smartFilterBar-btnBasicSearch","searchOpenDialogs":true,"interaction":{"idSuffix":"I"}},"clearTextFirst":true,"interactionType":"ENTER_TEXT"}]}
RESULT: {"script":"<script> [776 bytes]","args":[{"enterText":"WxyJ7XDah4","selector":{"id":"application-managehandovers-display-component---AddNewHO--smartFilterBar-btnBasicSearch","searchOpenDialogs":true,"interaction":{"idSuffix":"I"}},"clearTextFirst":true,"interactionType":"ENTER_TEXT"}]}
COMMAND: POST /session/4712af7ad0eaf46e7406ff23cdc0ea9d/actions - {"actions":[{"id":"action57","type":"key","parameters":{},"actions":[{"type":"keyDown","value":"î€‡"},{"type":"pause","duration":10},{"type":"keyUp","value":"î€‡"}]}]}
RESULT: {"actions":[{"id":"action57","type":"key","parameters":{},"actions":[{"type":"keyDown","value":"î€‡"},{"type":"pause","duration":10},{"type":"keyUp","value":"î€‡"}]}]}
COMMAND: GET /session/4712af7ad0eaf46e7406ff23cdc0ea9d/screenshot - {}
RESULT: {}
COMMAND: POST /session/4712af7ad0eaf46e7406ff23cdc0ea9d/execute/async - {"script":"<script> [1562 bytes]","args":[{"selector":{"id":"application-managehandovers-display-component---AddNewHO--popup-sa","searchOpenDialogs":true,"interaction":{"idSuffix":"CbBg"}},"wdio_ui5_key":"applicationmanagehandovers-display-component---AddNewHO--popup-sa"}]}
RESULT: {"script":"<script> [1562 bytes]","args":[{"selector":{"id":"application-managehandovers-display-component---AddNewHO--popup-sa","searchOpenDialogs":true,"interaction":{"idSuffix":"CbBg"}},"wdio_ui5_key":"applicationmanagehandovers-display-component---AddNewHO--popup-sa"}]}
RESULT: undefined
COMMAND: POST /session/4712af7ad0eaf46e7406ff23cdc0ea9d/element - {"using":"xpath","value":"//*[@id=\"application-managehandovers-display-component---AddNewHO--popup-sa\"]"}
RESULT: {"using":"xpath","value":"//*[@id=\"application-managehandovers-display-component---AddNewHO--popup-sa\"]"}
COMMAND: POST /session/4712af7ad0eaf46e7406ff23cdc0ea9d/element/f.791DC57474D669730896E8DA48EFF857.d.E1CB0A7DCE919F4ED114ADBB7E49A787.e.16186/click - {}
RESULT: {}
COMMAND: GET /session/4712af7ad0eaf46e7406ff23cdc0ea9d/screenshot - {}
RESULT: {}
COMMAND: POST /session/4712af7ad0eaf46e7406ff23cdc0ea9d/element - {"using":"xpath","value":"//bdi[contains(text(), \"Select\")]"}
RESULT: {"using":"xpath","value":"//bdi[contains(text(), \"Select\")]"}
COMMAND: POST /session/4712af7ad0eaf46e7406ff23cdc0ea9d/element/f.791DC57474D669730896E8DA48EFF857.d.E1CB0A7DCE919F4ED114ADBB7E49A787.e.16187/click - {}
RESULT: {}
COMMAND: GET /session/4712af7ad0eaf46e7406ff23cdc0ea9d/screenshot - {}
RESULT: {}
COMMAND: POST /session/4712af7ad0eaf46e7406ff23cdc0ea9d/element - {"using":"xpath","value":"//button[@data-kt=\"AddNewHOSaveButton\"]"}
RESULT: {"using":"xpath","value":"//button[@data-kt=\"AddNewHOSaveButton\"]"}
COMMAND: POST /session/4712af7ad0eaf46e7406ff23cdc0ea9d/element/f.791DC57474D669730896E8DA48EFF857.d.E1CB0A7DCE919F4ED114ADBB7E49A787.e.16191/click - {}
RESULT: {}
COMMAND: GET /session/4712af7ad0eaf46e7406ff23cdc0ea9d/screenshot - {}
RESULT: {}
COMMAND: POST /session/4712af7ad0eaf46e7406ff23cdc0ea9d/execute/async - {"script":"<script> [1562 bytes]","args":[{"selector":{"id":"receiptDatePicker","viewName":"etm.portal.ui.managehandovers.view.DetailExecuteHO","interaction":{"idSuffix":"inner"}},"wdio_ui5_key":"receiptDatePickeretmportal.ui.managehandovers.view.DetailExecuteHO"}]}
RESULT: {"script":"<script> [1562 bytes]","args":[{"selector":{"id":"receiptDatePicker","viewName":"etm.portal.ui.managehandovers.view.DetailExecuteHO","interaction":{"idSuffix":"inner"}},"wdio_ui5_key":"receiptDatePickeretmportal.ui.managehandovers.view.DetailExecuteHO"}]}
RESULT: undefined
COMMAND: POST /session/4712af7ad0eaf46e7406ff23cdc0ea9d/execute/async - {"script":"<script> [6424 bytes]","args":[{"element-6066-11e4-a52e-4f735466cecf":"f.791DC57474D669730896E8DA48EFF857.d.E1CB0A7DCE919F4ED114ADBB7E49A787.e.16220"},"setValue",["04/30/2025"]]}
RESULT: {"script":"<script> [6424 bytes]","args":[{"element-6066-11e4-a52e-4f735466cecf":"f.791DC57474D669730896E8DA48EFF857.d.E1CB0A7DCE919F4ED114ADBB7E49A787.e.16220"},"setValue",["04/30/2025"]]}
COMMAND: POST /session/4712af7ad0eaf46e7406ff23cdc0ea9d/element - {"using":"xpath","value":"//button[@data-kt=\"PickingTableConfirmAllButton\"]"}
RESULT: {"using":"xpath","value":"//button[@data-kt=\"PickingTableConfirmAllButton\"]"}
COMMAND: POST /session/4712af7ad0eaf46e7406ff23cdc0ea9d/element/f.791DC57474D669730896E8DA48EFF857.d.E1CB0A7DCE919F4ED114ADBB7E49A787.e.16235/click - {}
RESULT: {}
COMMAND: GET /session/4712af7ad0eaf46e7406ff23cdc0ea9d/screenshot - {}
RESULT: {}
COMMAND: POST /session/4712af7ad0eaf46e7406ff23cdc0ea9d/element - {"using":"xpath","value":"//bdi[contains(text(), \"OK\")]"}
RESULT: {"using":"xpath","value":"//bdi[contains(text(), \"OK\")]"}
COMMAND: POST /session/4712af7ad0eaf46e7406ff23cdc0ea9d/element/f.791DC57474D669730896E8DA48EFF857.d.E1CB0A7DCE919F4ED114ADBB7E49A787.e.16237/click - {}
RESULT: {}
COMMAND: GET /session/4712af7ad0eaf46e7406ff23cdc0ea9d/screenshot - {}
RESULT: {}
COMMAND: POST /session/4712af7ad0eaf46e7406ff23cdc0ea9d/element - {"using":"xpath","value":"(//bdi[contains(text(), \"Receive\")])[2]"}
RESULT: {"using":"xpath","value":"(//bdi[contains(text(), \"Receive\")])[2]"}
COMMAND: POST /session/4712af7ad0eaf46e7406ff23cdc0ea9d/element/f.791DC57474D669730896E8DA48EFF857.d.E1CB0A7DCE919F4ED114ADBB7E49A787.e.16239/click - {}
RESULT: {}
COMMAND: GET /session/4712af7ad0eaf46e7406ff23cdc0ea9d/screenshot - {}
RESULT: {}
COMMAND: POST /session/4712af7ad0eaf46e7406ff23cdc0ea9d/element - {"using":"css selector","value":"#shell-header-logo"}
RESULT: {"using":"css selector","value":"#shell-header-logo"}
COMMAND: POST /session/4712af7ad0eaf46e7406ff23cdc0ea9d/element/f.791DC57474D669730896E8DA48EFF857.d.E1CB0A7DCE919F4ED114ADBB7E49A787.e.15627/click - {}
RESULT: {}
COMMAND: GET /session/4712af7ad0eaf46e7406ff23cdc0ea9d/screenshot - {}
RESULT: {}
]]></system-out>
    </testcase>
    <testcase classname="chrome.135_0_7049_96.windows.Performance_based_billing_(work_days)_US139742" name="Should create a new contract" time="54.235">
      <system-out><![CDATA[
COMMAND: POST /session/4712af7ad0eaf46e7406ff23cdc0ea9d/execute/async - {"script":"<script> [1562 bytes]","args":[{"selector":{"controlType":"sap.m.Text","viewName":"etm.portal.ui.managecontractstile.view.Master","properties":{"text":"Manage Contracts"},"interaction":{"idSuffix":"inner"}},"wdio_ui5_key":"etmportal.ui.managecontractstile.view.Mastersap.m.Text{\"text\":\"Manage Contracts\"}"}]}
RESULT: {"script":"<script> [1562 bytes]","args":[{"selector":{"controlType":"sap.m.Text","viewName":"etm.portal.ui.managecontractstile.view.Master","properties":{"text":"Manage Contracts"},"interaction":{"idSuffix":"inner"}},"wdio_ui5_key":"etmportal.ui.managecontractstile.view.Mastersap.m.Text{\"text\":\"Manage Contracts\"}"}]}
RESULT: undefined
COMMAND: POST /session/4712af7ad0eaf46e7406ff23cdc0ea9d/element - {"using":"xpath","value":"//*[@id=\"__tile130-title\"]"}
RESULT: {"using":"xpath","value":"//*[@id=\"__tile130-title\"]"}
COMMAND: POST /session/4712af7ad0eaf46e7406ff23cdc0ea9d/element/f.791DC57474D669730896E8DA48EFF857.d.E1CB0A7DCE919F4ED114ADBB7E49A787.e.16412/click - {}
RESULT: {}
COMMAND: GET /session/4712af7ad0eaf46e7406ff23cdc0ea9d/screenshot - {}
RESULT: {}
COMMAND: POST /session/4712af7ad0eaf46e7406ff23cdc0ea9d/element - {"using":"xpath","value":"//button[@data-kt=\"addButton\"]"}
RESULT: {"using":"xpath","value":"//button[@data-kt=\"addButton\"]"}
COMMAND: POST /session/4712af7ad0eaf46e7406ff23cdc0ea9d/elements - {"using":"xpath","value":"//button[@data-kt=\"addButton\"]"}
RESULT: {"using":"xpath","value":"//button[@data-kt=\"addButton\"]"}
COMMAND: POST /session/4712af7ad0eaf46e7406ff23cdc0ea9d/execute/sync - {"script":"<script> [8489 bytes]","args":[{"element-6066-11e4-a52e-4f735466cecf":"f.791DC57474D669730896E8DA48EFF857.d.E1CB0A7DCE919F4ED114ADBB7E49A787.e.16481","ELEMENT":"f.791DC57474D669730896E8DA48EFF857.d.E1CB0A7DCE919F4ED114ADBB7E49A787.e.16481"}]}
RESULT: {"script":"<script> [8489 bytes]","args":[{"element-6066-11e4-a52e-4f735466cecf":"f.791DC57474D669730896E8DA48EFF857.d.E1CB0A7DCE919F4ED114ADBB7E49A787.e.16481","ELEMENT":"f.791DC57474D669730896E8DA48EFF857.d.E1CB0A7DCE919F4ED114ADBB7E49A787.e.16481"}]}
COMMAND: GET /session/4712af7ad0eaf46e7406ff23cdc0ea9d/element/f.791DC57474D669730896E8DA48EFF857.d.E1CB0A7DCE919F4ED114ADBB7E49A787.e.16481/enabled - {}
COMMAND: GET /session/4712af7ad0eaf46e7406ff23cdc0ea9d/screenshot - {}
RESULT: {}
COMMAND: POST /session/4712af7ad0eaf46e7406ff23cdc0ea9d/execute/sync - {"script":"<script> [8489 bytes]","args":[{"element-6066-11e4-a52e-4f735466cecf":"f.791DC57474D669730896E8DA48EFF857.d.E1CB0A7DCE919F4ED114ADBB7E49A787.e.16481","ELEMENT":"f.791DC57474D669730896E8DA48EFF857.d.E1CB0A7DCE919F4ED114ADBB7E49A787.e.16481"}]}
COMMAND: GET /session/4712af7ad0eaf46e7406ff23cdc0ea9d/screenshot - {}
RESULT: {}
RESULT: {"script":"<script> [8489 bytes]","args":[{"element-6066-11e4-a52e-4f735466cecf":"f.791DC57474D669730896E8DA48EFF857.d.E1CB0A7DCE919F4ED114ADBB7E49A787.e.16481","ELEMENT":"f.791DC57474D669730896E8DA48EFF857.d.E1CB0A7DCE919F4ED114ADBB7E49A787.e.16481"}]}
COMMAND: POST /session/4712af7ad0eaf46e7406ff23cdc0ea9d/execute/sync - {"script":"<script> [5351 bytes]","args":[{"element-6066-11e4-a52e-4f735466cecf":"f.791DC57474D669730896E8DA48EFF857.d.E1CB0A7DCE919F4ED114ADBB7E49A787.e.16481","ELEMENT":"f.791DC57474D669730896E8DA48EFF857.d.E1CB0A7DCE919F4ED114ADBB7E49A787.e.16481"}]}
COMMAND: GET /session/4712af7ad0eaf46e7406ff23cdc0ea9d/screenshot - {}
RESULT: {}
RESULT: {"script":"<script> [5351 bytes]","args":[{"element-6066-11e4-a52e-4f735466cecf":"f.791DC57474D669730896E8DA48EFF857.d.E1CB0A7DCE919F4ED114ADBB7E49A787.e.16481","ELEMENT":"f.791DC57474D669730896E8DA48EFF857.d.E1CB0A7DCE919F4ED114ADBB7E49A787.e.16481"}]}
COMMAND: GET /session/4712af7ad0eaf46e7406ff23cdc0ea9d/screenshot - {}
RESULT: {}
RESULT: {}
COMMAND: POST /session/4712af7ad0eaf46e7406ff23cdc0ea9d/element/f.791DC57474D669730896E8DA48EFF857.d.E1CB0A7DCE919F4ED114ADBB7E49A787.e.16481/click - {}
RESULT: {}
COMMAND: GET /session/4712af7ad0eaf46e7406ff23cdc0ea9d/screenshot - {}
COMMAND: POST /session/4712af7ad0eaf46e7406ff23cdc0ea9d/execute/async - {"script":"<script> [1562 bytes]","args":[{"selector":{"id":"application-managecontracts-display-component---AddNewContract--projectDescription","interaction":{"idSuffix":"inner"}},"wdio_ui5_key":"applicationmanagecontracts-display-component---AddNewContract--projectDescription"}]}
RESULT: {}
RESULT: {"script":"<script> [1562 bytes]","args":[{"selector":{"id":"application-managecontracts-display-component---AddNewContract--projectDescription","interaction":{"idSuffix":"inner"}},"wdio_ui5_key":"applicationmanagecontracts-display-component---AddNewContract--projectDescription"}]}
RESULT: undefined
COMMAND: POST /session/4712af7ad0eaf46e7406ff23cdc0ea9d/execute/async - {"script":"<script> [776 bytes]","args":[{"enterText":"Performance Contract WDIO","selector":{"id":"application-managecontracts-display-component---AddNewContract--projectDescription","interaction":{"idSuffix":"inner"}},"clearTextFirst":true,"interactionType":"ENTER_TEXT"}]}
RESULT: {"script":"<script> [776 bytes]","args":[{"enterText":"Performance Contract WDIO","selector":{"id":"application-managecontracts-display-component---AddNewContract--projectDescription","interaction":{"idSuffix":"inner"}},"clearTextFirst":true,"interactionType":"ENTER_TEXT"}]}
COMMAND: POST /session/4712af7ad0eaf46e7406ff23cdc0ea9d/element - {"using":"xpath","value":"//input[@id=\"application-managecontracts-display-component---AddNewContract--site-inner\"]"}
RESULT: {"using":"xpath","value":"//input[@id=\"application-managecontracts-display-component---AddNewContract--site-inner\"]"}
COMMAND: POST /session/4712af7ad0eaf46e7406ff23cdc0ea9d/element/f.791DC57474D669730896E8DA48EFF857.d.E1CB0A7DCE919F4ED114ADBB7E49A787.e.16775/clear - {}
RESULT: {}
COMMAND: POST /session/4712af7ad0eaf46e7406ff23cdc0ea9d/element/f.791DC57474D669730896E8DA48EFF857.d.E1CB0A7DCE919F4ED114ADBB7E49A787.e.16775/value - {"text":"2273"}
COMMAND: GET /session/4712af7ad0eaf46e7406ff23cdc0ea9d/screenshot - {}
RESULT: {"text":"2273"}
COMMAND: GET /session/4712af7ad0eaf46e7406ff23cdc0ea9d/screenshot - {}
RESULT: {}
RESULT: {}
COMMAND: POST /session/4712af7ad0eaf46e7406ff23cdc0ea9d/element - {"using":"xpath","value":"//li[.//span[text()='2273']]"}
RESULT: {"using":"xpath","value":"//li[.//span[text()='2273']]"}
COMMAND: POST /session/4712af7ad0eaf46e7406ff23cdc0ea9d/element/f.791DC57474D669730896E8DA48EFF857.d.E1CB0A7DCE919F4ED114ADBB7E49A787.e.16798/click - {}
RESULT: {}
COMMAND: GET /session/4712af7ad0eaf46e7406ff23cdc0ea9d/screenshot - {}
RESULT: {}
COMMAND: POST /session/4712af7ad0eaf46e7406ff23cdc0ea9d/element - {"using":"xpath","value":"//input[@id=\"application-managecontracts-display-component---AddNewContract--yardId-inner\"]"}
RESULT: {"using":"xpath","value":"//input[@id=\"application-managecontracts-display-component---AddNewContract--yardId-inner\"]"}
COMMAND: GET /session/4712af7ad0eaf46e7406ff23cdc0ea9d/element/f.791DC57474D669730896E8DA48EFF857.d.E1CB0A7DCE919F4ED114ADBB7E49A787.e.16776/property/value - {}
RESULT: {}
COMMAND: POST /session/4712af7ad0eaf46e7406ff23cdc0ea9d/element - {"using":"xpath","value":"//input[@id=\"application-managecontracts-display-component---AddNewContract--customerSelect-inner\"]"}
COMMAND: GET /session/4712af7ad0eaf46e7406ff23cdc0ea9d/screenshot - {}
RESULT: {"using":"xpath","value":"//input[@id=\"application-managecontracts-display-component---AddNewContract--customerSelect-inner\"]"}
COMMAND: POST /session/4712af7ad0eaf46e7406ff23cdc0ea9d/element/f.791DC57474D669730896E8DA48EFF857.d.E1CB0A7DCE919F4ED114ADBB7E49A787.e.16774/clear - {}
RESULT: {}
RESULT: {}
COMMAND: POST /session/4712af7ad0eaf46e7406ff23cdc0ea9d/element/f.791DC57474D669730896E8DA48EFF857.d.E1CB0A7DCE919F4ED114ADBB7E49A787.e.16774/value - {"text":"1304"}
COMMAND: GET /session/4712af7ad0eaf46e7406ff23cdc0ea9d/screenshot - {}
RESULT: {"text":"1304"}
COMMAND: GET /session/4712af7ad0eaf46e7406ff23cdc0ea9d/screenshot - {}
RESULT: {}
RESULT: {}
COMMAND: POST /session/4712af7ad0eaf46e7406ff23cdc0ea9d/element - {"using":"xpath","value":"//li[.//span[text()='1304']]"}
RESULT: {"using":"xpath","value":"//li[.//span[text()='1304']]"}
COMMAND: POST /session/4712af7ad0eaf46e7406ff23cdc0ea9d/element/f.791DC57474D669730896E8DA48EFF857.d.E1CB0A7DCE919F4ED114ADBB7E49A787.e.16801/click - {}
RESULT: {}
COMMAND: GET /session/4712af7ad0eaf46e7406ff23cdc0ea9d/screenshot - {}
RESULT: {}
COMMAND: POST /session/4712af7ad0eaf46e7406ff23cdc0ea9d/element - {"using":"xpath","value":"//button[@data-kt=\"saveButton\"]"}
RESULT: {"using":"xpath","value":"//button[@data-kt=\"saveButton\"]"}
COMMAND: POST /session/4712af7ad0eaf46e7406ff23cdc0ea9d/element/f.791DC57474D669730896E8DA48EFF857.d.E1CB0A7DCE919F4ED114ADBB7E49A787.e.16791/click - {}
RESULT: {}
COMMAND: GET /session/4712af7ad0eaf46e7406ff23cdc0ea9d/screenshot - {}
RESULT: {}
COMMAND: POST /session/4712af7ad0eaf46e7406ff23cdc0ea9d/element - {"using":"xpath","value":"//span[contains(@id ,\"contractDetailTitleNoExpanded\")]"}
RESULT: {"using":"xpath","value":"//span[contains(@id ,\"contractDetailTitleNoExpanded\")]"}
COMMAND: POST /session/4712af7ad0eaf46e7406ff23cdc0ea9d/elements - {"using":"xpath","value":"//span[contains(@id ,\"contractDetailTitleNoExpanded\")]"}
RESULT: {"using":"xpath","value":"//span[contains(@id ,\"contractDetailTitleNoExpanded\")]"}
COMMAND: POST /session/4712af7ad0eaf46e7406ff23cdc0ea9d/execute/sync - {"script":"<script> [56 bytes]","args":[{"element-6066-11e4-a52e-4f735466cecf":"f.791DC57474D669730896E8DA48EFF857.d.E1CB0A7DCE919F4ED114ADBB7E49A787.e.16812","ELEMENT":"f.791DC57474D669730896E8DA48EFF857.d.E1CB0A7DCE919F4ED114ADBB7E49A787.e.16812"}]}
RESULT: {"script":"<script> [56 bytes]","args":[{"element-6066-11e4-a52e-4f735466cecf":"f.791DC57474D669730896E8DA48EFF857.d.E1CB0A7DCE919F4ED114ADBB7E49A787.e.16812","ELEMENT":"f.791DC57474D669730896E8DA48EFF857.d.E1CB0A7DCE919F4ED114ADBB7E49A787.e.16812"}]}
COMMAND: GET /session/4712af7ad0eaf46e7406ff23cdc0ea9d/screenshot - {}
RESULT: {}
]]></system-out>
    </testcase>
    <testcase classname="chrome.135_0_7049_96.windows.Performance_based_billing_(work_days)_US139742" name="Should add equipment to the contract" time="50.653">
      <system-out><![CDATA[
COMMAND: POST /session/4712af7ad0eaf46e7406ff23cdc0ea9d/element - {"using":"xpath","value":"//button[@data-kt=\"contractDetailEditBtnButton\"]"}
RESULT: {"using":"xpath","value":"//button[@data-kt=\"contractDetailEditBtnButton\"]"}
COMMAND: POST /session/4712af7ad0eaf46e7406ff23cdc0ea9d/element/f.791DC57474D669730896E8DA48EFF857.d.E1CB0A7DCE919F4ED114ADBB7E49A787.e.16814/click - {}
RESULT: {}
COMMAND: GET /session/4712af7ad0eaf46e7406ff23cdc0ea9d/screenshot - {}
RESULT: {}
COMMAND: POST /session/4712af7ad0eaf46e7406ff23cdc0ea9d/element - {"using":"xpath","value":"(//span[contains(text(), \"Additional Addresses\")])[2]"}
RESULT: {"using":"xpath","value":"(//span[contains(text(), \"Additional Addresses\")])[2]"}
COMMAND: POST /session/4712af7ad0eaf46e7406ff23cdc0ea9d/element/f.791DC57474D669730896E8DA48EFF857.d.E1CB0A7DCE919F4ED114ADBB7E49A787.e.16868/click - {}
RESULT: {}
COMMAND: GET /session/4712af7ad0eaf46e7406ff23cdc0ea9d/screenshot - {}
RESULT: {}
COMMAND: POST /session/4712af7ad0eaf46e7406ff23cdc0ea9d/element - {"using":"xpath","value":"//button[@data-kt=\"btnAddTableRowOverflowToolbarButton\"]"}
RESULT: {"using":"xpath","value":"//button[@data-kt=\"btnAddTableRowOverflowToolbarButton\"]"}
COMMAND: POST /session/4712af7ad0eaf46e7406ff23cdc0ea9d/element/f.791DC57474D669730896E8DA48EFF857.d.E1CB0A7DCE919F4ED114ADBB7E49A787.e.16872/click - {}
RESULT: {}
COMMAND: GET /session/4712af7ad0eaf46e7406ff23cdc0ea9d/screenshot - {}
RESULT: {}
COMMAND: POST /session/4712af7ad0eaf46e7406ff23cdc0ea9d/element - {"using":"xpath","value":"//div[(text() = 'Standard Entry' or . = 'Standard Entry')]"}
RESULT: {"using":"xpath","value":"//div[(text() = 'Standard Entry' or . = 'Standard Entry')]"}
COMMAND: POST /session/4712af7ad0eaf46e7406ff23cdc0ea9d/element/f.791DC57474D669730896E8DA48EFF857.d.E1CB0A7DCE919F4ED114ADBB7E49A787.e.16874/click - {}
RESULT: {}
COMMAND: GET /session/4712af7ad0eaf46e7406ff23cdc0ea9d/screenshot - {}
RESULT: {}
COMMAND: POST /session/4712af7ad0eaf46e7406ff23cdc0ea9d/element - {"using":"xpath","value":"//td[7]/div/div/input"}
RESULT: {"using":"xpath","value":"//td[7]/div/div/input"}
COMMAND: POST /session/4712af7ad0eaf46e7406ff23cdc0ea9d/element/f.791DC57474D669730896E8DA48EFF857.d.E1CB0A7DCE919F4ED114ADBB7E49A787.e.16883/clear - {}
RESULT: {}
COMMAND: POST /session/4712af7ad0eaf46e7406ff23cdc0ea9d/element/f.791DC57474D669730896E8DA48EFF857.d.E1CB0A7DCE919F4ED114ADBB7E49A787.e.16883/value - {"text":"WxyJ7XDah4"}
COMMAND: GET /session/4712af7ad0eaf46e7406ff23cdc0ea9d/screenshot - {}
RESULT: {"text":"WxyJ7XDah4"}
COMMAND: GET /session/4712af7ad0eaf46e7406ff23cdc0ea9d/screenshot - {}
RESULT: {}
RESULT: {}
COMMAND: POST /session/4712af7ad0eaf46e7406ff23cdc0ea9d/actions - {"actions":[{"id":"action58","type":"key","parameters":{},"actions":[{"type":"keyDown","value":"î€‡"},{"type":"pause","duration":10},{"type":"keyUp","value":"î€‡"}]}]}
RESULT: {"actions":[{"id":"action58","type":"key","parameters":{},"actions":[{"type":"keyDown","value":"î€‡"},{"type":"pause","duration":10},{"type":"keyUp","value":"î€‡"}]}]}
COMMAND: GET /session/4712af7ad0eaf46e7406ff23cdc0ea9d/screenshot - {}
RESULT: {}
COMMAND: POST /session/4712af7ad0eaf46e7406ff23cdc0ea9d/element - {"using":"xpath","value":"(//button[@data-kt=\"saveButton\"])[2]"}
RESULT: {"using":"xpath","value":"(//button[@data-kt=\"saveButton\"])[2]"}
COMMAND: POST /session/4712af7ad0eaf46e7406ff23cdc0ea9d/element/f.791DC57474D669730896E8DA48EFF857.d.E1CB0A7DCE919F4ED114ADBB7E49A787.e.16898/click - {}
RESULT: {}
COMMAND: GET /session/4712af7ad0eaf46e7406ff23cdc0ea9d/screenshot - {}
RESULT: {}
COMMAND: POST /session/4712af7ad0eaf46e7406ff23cdc0ea9d/element - {"using":"xpath","value":"//span[contains(@id ,\"contractItemsSmartTable-header-inner\")]"}
RESULT: {"using":"xpath","value":"//span[contains(@id ,\"contractItemsSmartTable-header-inner\")]"}
COMMAND: POST /session/4712af7ad0eaf46e7406ff23cdc0ea9d/elements - {"using":"xpath","value":"//span[contains(@id ,\"contractItemsSmartTable-header-inner\")]"}
RESULT: {"using":"xpath","value":"//span[contains(@id ,\"contractItemsSmartTable-header-inner\")]"}
COMMAND: POST /session/4712af7ad0eaf46e7406ff23cdc0ea9d/execute/sync - {"script":"<script> [56 bytes]","args":[{"element-6066-11e4-a52e-4f735466cecf":"f.791DC57474D669730896E8DA48EFF857.d.E1CB0A7DCE919F4ED114ADBB7E49A787.e.16904","ELEMENT":"f.791DC57474D669730896E8DA48EFF857.d.E1CB0A7DCE919F4ED114ADBB7E49A787.e.16904"}]}
RESULT: {"script":"<script> [56 bytes]","args":[{"element-6066-11e4-a52e-4f735466cecf":"f.791DC57474D669730896E8DA48EFF857.d.E1CB0A7DCE919F4ED114ADBB7E49A787.e.16904","ELEMENT":"f.791DC57474D669730896E8DA48EFF857.d.E1CB0A7DCE919F4ED114ADBB7E49A787.e.16904"}]}
]]></system-out>
    </testcase>
    <testcase classname="chrome.135_0_7049_96.windows.Performance_based_billing_(work_days)_US139742" name="Should do a provide to site handover" time="56.075">
      <system-out><![CDATA[
COMMAND: POST /session/4712af7ad0eaf46e7406ff23cdc0ea9d/element - {"using":"xpath","value":"//button[@data-kt=\"provideButton\"]"}
COMMAND: GET /session/4712af7ad0eaf46e7406ff23cdc0ea9d/screenshot - {}
RESULT: {"using":"xpath","value":"//button[@data-kt=\"provideButton\"]"}
COMMAND: POST /session/4712af7ad0eaf46e7406ff23cdc0ea9d/element/f.791DC57474D669730896E8DA48EFF857.d.E1CB0A7DCE919F4ED114ADBB7E49A787.e.16905/click - {}
RESULT: {}
RESULT: {}
COMMAND: GET /session/4712af7ad0eaf46e7406ff23cdc0ea9d/screenshot - {}
RESULT: {}
RESULT: undefined
COMMAND: POST /session/4712af7ad0eaf46e7406ff23cdc0ea9d/execute/async - {"script":"<script> [6424 bytes]","args":[{"element-6066-11e4-a52e-4f735466cecf":"f.791DC57474D669730896E8DA48EFF857.d.E1CB0A7DCE919F4ED114ADBB7E49A787.e.16005"},"setValue",["04/30/2025"]]}
COMMAND: POST /session/4712af7ad0eaf46e7406ff23cdc0ea9d/execute/async - {"script":"<script> [1562 bytes]","args":[{"selector":{"id":"application-managehandovers-display-component---AddNewHO--dueDate","interaction":{"idSuffix":"inner"}},"wdio_ui5_key":"applicationmanagehandovers-display-component---AddNewHO--dueDate"}]}
RESULT: {"script":"<script> [1562 bytes]","args":[{"selector":{"id":"application-managehandovers-display-component---AddNewHO--dueDate","interaction":{"idSuffix":"inner"}},"wdio_ui5_key":"applicationmanagehandovers-display-component---AddNewHO--dueDate"}]}
COMMAND: POST /session/4712af7ad0eaf46e7406ff23cdc0ea9d/execute/async - {"script":"<script> [6424 bytes]","args":[{"element-6066-11e4-a52e-4f735466cecf":"f.791DC57474D669730896E8DA48EFF857.d.E1CB0A7DCE919F4ED114ADBB7E49A787.e.16963"},"setValue",["04/30/2025"]]}
RESULT: {"script":"<script> [6424 bytes]","args":[{"element-6066-11e4-a52e-4f735466cecf":"f.791DC57474D669730896E8DA48EFF857.d.E1CB0A7DCE919F4ED114ADBB7E49A787.e.16963"},"setValue",["04/30/2025"]]}
COMMAND: POST /session/4712af7ad0eaf46e7406ff23cdc0ea9d/element - {"using":"xpath","value":"//bdi[contains(text(), \"Instructions\")]"}
RESULT: {"using":"xpath","value":"//bdi[contains(text(), \"Instructions\")]"}
COMMAND: POST /session/4712af7ad0eaf46e7406ff23cdc0ea9d/element/f.791DC57474D669730896E8DA48EFF857.d.E1CB0A7DCE919F4ED114ADBB7E49A787.e.17217/click - {}
RESULT: {}
COMMAND: GET /session/4712af7ad0eaf46e7406ff23cdc0ea9d/screenshot - {}
RESULT: {}
COMMAND: POST /session/4712af7ad0eaf46e7406ff23cdc0ea9d/element - {"using":"xpath","value":"//button[@data-kt=\"AddNewHOProvideAddItemsButton\"]"}
RESULT: {"using":"xpath","value":"//button[@data-kt=\"AddNewHOProvideAddItemsButton\"]"}
COMMAND: POST /session/4712af7ad0eaf46e7406ff23cdc0ea9d/element/f.791DC57474D669730896E8DA48EFF857.d.E1CB0A7DCE919F4ED114ADBB7E49A787.e.17221/click - {}
RESULT: {}
COMMAND: GET /session/4712af7ad0eaf46e7406ff23cdc0ea9d/screenshot - {}
RESULT: {}
RESULT: undefined
COMMAND: POST /session/4712af7ad0eaf46e7406ff23cdc0ea9d/element - {"using":"xpath","value":"//*[@id=\"application-managehandovers-display-component---AddNewHO--popup-sa\"]"}
RESULT: {"using":"xpath","value":"//*[@id=\"application-managehandovers-display-component---AddNewHO--popup-sa\"]"}
COMMAND: POST /session/4712af7ad0eaf46e7406ff23cdc0ea9d/element/f.791DC57474D669730896E8DA48EFF857.d.E1CB0A7DCE919F4ED114ADBB7E49A787.e.17230/click - {}
RESULT: {}
COMMAND: GET /session/4712af7ad0eaf46e7406ff23cdc0ea9d/screenshot - {}
RESULT: {}
COMMAND: POST /session/4712af7ad0eaf46e7406ff23cdc0ea9d/element - {"using":"xpath","value":"//*[contains(@id ,\"BDI-content\")][contains(text(), \"Select\")]"}
RESULT: {"using":"xpath","value":"//*[contains(@id ,\"BDI-content\")][contains(text(), \"Select\")]"}
COMMAND: POST /session/4712af7ad0eaf46e7406ff23cdc0ea9d/element/f.791DC57474D669730896E8DA48EFF857.d.E1CB0A7DCE919F4ED114ADBB7E49A787.e.17232/click - {}
RESULT: {}
COMMAND: GET /session/4712af7ad0eaf46e7406ff23cdc0ea9d/screenshot - {}
RESULT: {}
COMMAND: POST /session/4712af7ad0eaf46e7406ff23cdc0ea9d/execute/async - {"script":"<script> [1562 bytes]","args":[{"selector":{"id":"application-managehandovers-display-component---AddNewHO--confirmCreationButton","interaction":{"idSuffix":"BDI-content"}},"wdio_ui5_key":"applicationmanagehandovers-display-component---AddNewHO--confirmCreationButton"}]}
RESULT: {"script":"<script> [1562 bytes]","args":[{"selector":{"id":"application-managehandovers-display-component---AddNewHO--confirmCreationButton","interaction":{"idSuffix":"BDI-content"}},"wdio_ui5_key":"applicationmanagehandovers-display-component---AddNewHO--confirmCreationButton"}]}
RESULT: undefined
COMMAND: POST /session/4712af7ad0eaf46e7406ff23cdc0ea9d/element - {"using":"xpath","value":"//*[@id=\"application-managehandovers-display-component---AddNewHO--confirmCreationButton\"]"}
RESULT: {"using":"xpath","value":"//*[@id=\"application-managehandovers-display-component---AddNewHO--confirmCreationButton\"]"}
COMMAND: POST /session/4712af7ad0eaf46e7406ff23cdc0ea9d/element/f.791DC57474D669730896E8DA48EFF857.d.E1CB0A7DCE919F4ED114ADBB7E49A787.e.17043/click - {}
RESULT: {}
COMMAND: GET /session/4712af7ad0eaf46e7406ff23cdc0ea9d/screenshot - {}
RESULT: {}
COMMAND: POST /session/4712af7ad0eaf46e7406ff23cdc0ea9d/element - {"using":"xpath","value":"//button[@data-kt=\"PickingTableConfirmAllButton\"]"}
RESULT: {"using":"xpath","value":"//button[@data-kt=\"PickingTableConfirmAllButton\"]"}
COMMAND: POST /session/4712af7ad0eaf46e7406ff23cdc0ea9d/element/f.791DC57474D669730896E8DA48EFF857.d.E1CB0A7DCE919F4ED114ADBB7E49A787.e.17269/click - {}
COMMAND: POST /session/4712af7ad0eaf46e7406ff23cdc0ea9d/element - {"using":"xpath","value":"//button[@data-kt=\"PickingTableConfirmAllButton\"]"}
RESULT: {"using":"xpath","value":"//button[@data-kt=\"PickingTableConfirmAllButton\"]"}
COMMAND: POST /session/4712af7ad0eaf46e7406ff23cdc0ea9d/element/f.791DC57474D669730896E8DA48EFF857.d.E1CB0A7DCE919F4ED114ADBB7E49A787.e.17269/click - {}
COMMAND: POST /session/4712af7ad0eaf46e7406ff23cdc0ea9d/element - {"using":"xpath","value":"//button[@data-kt=\"PickingTableConfirmAllButton\"]"}
RESULT: {"using":"xpath","value":"//button[@data-kt=\"PickingTableConfirmAllButton\"]"}
COMMAND: POST /session/4712af7ad0eaf46e7406ff23cdc0ea9d/element/f.791DC57474D669730896E8DA48EFF857.d.E1CB0A7DCE919F4ED114ADBB7E49A787.e.17287/click - {}
RESULT: {}
COMMAND: GET /session/4712af7ad0eaf46e7406ff23cdc0ea9d/screenshot - {}
RESULT: {}
COMMAND: POST /session/4712af7ad0eaf46e7406ff23cdc0ea9d/element - {"using":"xpath","value":"//bdi[contains(text(), \"OK\")]"}
RESULT: {"using":"xpath","value":"//bdi[contains(text(), \"OK\")]"}
COMMAND: POST /session/4712af7ad0eaf46e7406ff23cdc0ea9d/element/f.791DC57474D669730896E8DA48EFF857.d.E1CB0A7DCE919F4ED114ADBB7E49A787.e.17291/click - {}
RESULT: {}
COMMAND: GET /session/4712af7ad0eaf46e7406ff23cdc0ea9d/screenshot - {}
RESULT: {}
COMMAND: POST /session/4712af7ad0eaf46e7406ff23cdc0ea9d/element - {"using":"xpath","value":"//bdi[contains(text(), \"Ok\")]"}
RESULT: {"using":"xpath","value":"//bdi[contains(text(), \"Ok\")]"}
COMMAND: POST /session/4712af7ad0eaf46e7406ff23cdc0ea9d/element/f.791DC57474D669730896E8DA48EFF857.d.E1CB0A7DCE919F4ED114ADBB7E49A787.e.17299/click - {}
RESULT: {}
COMMAND: GET /session/4712af7ad0eaf46e7406ff23cdc0ea9d/screenshot - {}
RESULT: {}
COMMAND: POST /session/4712af7ad0eaf46e7406ff23cdc0ea9d/element - {"using":"xpath","value":"//bdi[contains(text(), \"Issue\")]"}
RESULT: {"using":"xpath","value":"//bdi[contains(text(), \"Issue\")]"}
COMMAND: POST /session/4712af7ad0eaf46e7406ff23cdc0ea9d/element/f.791DC57474D669730896E8DA48EFF857.d.E1CB0A7DCE919F4ED114ADBB7E49A787.e.17301/click - {}
RESULT: {}
COMMAND: GET /session/4712af7ad0eaf46e7406ff23cdc0ea9d/screenshot - {}
RESULT: {}
COMMAND: POST /session/4712af7ad0eaf46e7406ff23cdc0ea9d/element - {"using":"css selector","value":"#shell-header-logo"}
RESULT: {"using":"css selector","value":"#shell-header-logo"}
COMMAND: POST /session/4712af7ad0eaf46e7406ff23cdc0ea9d/element/f.791DC57474D669730896E8DA48EFF857.d.E1CB0A7DCE919F4ED114ADBB7E49A787.e.16415/click - {}
RESULT: {}
COMMAND: GET /session/4712af7ad0eaf46e7406ff23cdc0ea9d/screenshot - {}
RESULT: {}
]]></system-out>
    </testcase>
    <testcase classname="chrome.135_0_7049_96.windows.Performance_based_billing_(work_days)_US139742" name="Should create a few performance documents" time="100.451">
      <system-out><![CDATA[
COMMAND: POST /session/4712af7ad0eaf46e7406ff23cdc0ea9d/window/fullscreen - {}
RESULT: {}
COMMAND: POST /session/4712af7ad0eaf46e7406ff23cdc0ea9d/execute/async - {"script":"<script> [1562 bytes]","args":[{"selector":{"controlType":"sap.m.GenericTile","properties":{"header":"Manage States & Performance"}},"wdio_ui5_key":"sapm.GenericTile{\"header\":\"Manage States & Performance\"}"}]}
RESULT: {"script":"<script> [1562 bytes]","args":[{"selector":{"controlType":"sap.m.GenericTile","properties":{"header":"Manage States & Performance"}},"wdio_ui5_key":"sapm.GenericTile{\"header\":\"Manage States & Performance\"}"}]}
RESULT: undefined
COMMAND: POST /session/4712af7ad0eaf46e7406ff23cdc0ea9d/element - {"using":"xpath","value":"//*[@id=\"__tile56\"]"}
RESULT: {"using":"xpath","value":"//*[@id=\"__tile56\"]"}
COMMAND: POST /session/4712af7ad0eaf46e7406ff23cdc0ea9d/element/f.791DC57474D669730896E8DA48EFF857.d.E1CB0A7DCE919F4ED114ADBB7E49A787.e.13861/click - {}
RESULT: {}
COMMAND: POST /session/4712af7ad0eaf46e7406ff23cdc0ea9d/element - {"using":"xpath","value":"//div[@id=\"application-managestatesandperformance-display-component---stateAndPerform--smartFilterBarResources-btnBasicSearch\"]"}
COMMAND: GET /session/4712af7ad0eaf46e7406ff23cdc0ea9d/screenshot - {}
RESULT: {"using":"xpath","value":"//div[@id=\"application-managestatesandperformance-display-component---stateAndPerform--smartFilterBarResources-btnBasicSearch\"]"}
COMMAND: POST /session/4712af7ad0eaf46e7406ff23cdc0ea9d/elements - {"using":"xpath","value":"//div[@id=\"application-managestatesandperformance-display-component---stateAndPerform--smartFilterBarResources-btnBasicSearch\"]"}
RESULT: {}
RESULT: {"using":"xpath","value":"//div[@id=\"application-managestatesandperformance-display-component---stateAndPerform--smartFilterBarResources-btnBasicSearch\"]"}
COMMAND: POST /session/4712af7ad0eaf46e7406ff23cdc0ea9d/elements - {"using":"xpath","value":"//div[@id=\"application-managestatesandperformance-display-component---stateAndPerform--smartFilterBarResources-btnBasicSearch\"]"}
RESULT: {"using":"xpath","value":"//div[@id=\"application-managestatesandperformance-display-component---stateAndPerform--smartFilterBarResources-btnBasicSearch\"]"}
COMMAND: POST /session/4712af7ad0eaf46e7406ff23cdc0ea9d/elements - {"using":"xpath","value":"//div[@id=\"application-managestatesandperformance-display-component---stateAndPerform--smartFilterBarResources-btnBasicSearch\"]"}
RESULT: {"using":"xpath","value":"//div[@id=\"application-managestatesandperformance-display-component---stateAndPerform--smartFilterBarResources-btnBasicSearch\"]"}
COMMAND: POST /session/4712af7ad0eaf46e7406ff23cdc0ea9d/elements - {"using":"xpath","value":"//div[@id=\"application-managestatesandperformance-display-component---stateAndPerform--smartFilterBarResources-btnBasicSearch\"]"}
RESULT: {"using":"xpath","value":"//div[@id=\"application-managestatesandperformance-display-component---stateAndPerform--smartFilterBarResources-btnBasicSearch\"]"}
COMMAND: POST /session/4712af7ad0eaf46e7406ff23cdc0ea9d/elements - {"using":"xpath","value":"//div[@id=\"application-managestatesandperformance-display-component---stateAndPerform--smartFilterBarResources-btnBasicSearch\"]"}
RESULT: {"using":"xpath","value":"//div[@id=\"application-managestatesandperformance-display-component---stateAndPerform--smartFilterBarResources-btnBasicSearch\"]"}
COMMAND: POST /session/4712af7ad0eaf46e7406ff23cdc0ea9d/elements - {"using":"xpath","value":"//div[@id=\"application-managestatesandperformance-display-component---stateAndPerform--smartFilterBarResources-btnBasicSearch\"]"}
RESULT: {"using":"xpath","value":"//div[@id=\"application-managestatesandperformance-display-component---stateAndPerform--smartFilterBarResources-btnBasicSearch\"]"}
COMMAND: POST /session/4712af7ad0eaf46e7406ff23cdc0ea9d/element - {"using":"xpath","value":"//div[@id=\"application-managestatesandperformance-display-component---stateAndPerform--smartFilterBarResources-btnBasicSearch\"]"}
RESULT: {"using":"xpath","value":"//div[@id=\"application-managestatesandperformance-display-component---stateAndPerform--smartFilterBarResources-btnBasicSearch\"]"}
COMMAND: POST /session/4712af7ad0eaf46e7406ff23cdc0ea9d/execute/sync - {"script":"<script> [8489 bytes]","args":[{"element-6066-11e4-a52e-4f735466cecf":"f.791DC57474D669730896E8DA48EFF857.d.E1CB0A7DCE919F4ED114ADBB7E49A787.e.17714","ELEMENT":"f.791DC57474D669730896E8DA48EFF857.d.E1CB0A7DCE919F4ED114ADBB7E49A787.e.17714"}]}
RESULT: {"script":"<script> [8489 bytes]","args":[{"element-6066-11e4-a52e-4f735466cecf":"f.791DC57474D669730896E8DA48EFF857.d.E1CB0A7DCE919F4ED114ADBB7E49A787.e.17714","ELEMENT":"f.791DC57474D669730896E8DA48EFF857.d.E1CB0A7DCE919F4ED114ADBB7E49A787.e.17714"}]}
COMMAND: GET /session/4712af7ad0eaf46e7406ff23cdc0ea9d/element/f.791DC57474D669730896E8DA48EFF857.d.E1CB0A7DCE919F4ED114ADBB7E49A787.e.17714/enabled - {}
COMMAND: GET /session/4712af7ad0eaf46e7406ff23cdc0ea9d/screenshot - {}
RESULT: {}
COMMAND: POST /session/4712af7ad0eaf46e7406ff23cdc0ea9d/execute/sync - {"script":"<script> [8489 bytes]","args":[{"element-6066-11e4-a52e-4f735466cecf":"f.791DC57474D669730896E8DA48EFF857.d.E1CB0A7DCE919F4ED114ADBB7E49A787.e.17714","ELEMENT":"f.791DC57474D669730896E8DA48EFF857.d.E1CB0A7DCE919F4ED114ADBB7E49A787.e.17714"}]}
COMMAND: GET /session/4712af7ad0eaf46e7406ff23cdc0ea9d/screenshot - {}
RESULT: {}
RESULT: {}
RESULT: {"script":"<script> [8489 bytes]","args":[{"element-6066-11e4-a52e-4f735466cecf":"f.791DC57474D669730896E8DA48EFF857.d.E1CB0A7DCE919F4ED114ADBB7E49A787.e.17714","ELEMENT":"f.791DC57474D669730896E8DA48EFF857.d.E1CB0A7DCE919F4ED114ADBB7E49A787.e.17714"}]}
COMMAND: POST /session/4712af7ad0eaf46e7406ff23cdc0ea9d/execute/sync - {"script":"<script> [5351 bytes]","args":[{"element-6066-11e4-a52e-4f735466cecf":"f.791DC57474D669730896E8DA48EFF857.d.E1CB0A7DCE919F4ED114ADBB7E49A787.e.17714","ELEMENT":"f.791DC57474D669730896E8DA48EFF857.d.E1CB0A7DCE919F4ED114ADBB7E49A787.e.17714"}]}
COMMAND: GET /session/4712af7ad0eaf46e7406ff23cdc0ea9d/screenshot - {}
RESULT: {"script":"<script> [5351 bytes]","args":[{"element-6066-11e4-a52e-4f735466cecf":"f.791DC57474D669730896E8DA48EFF857.d.E1CB0A7DCE919F4ED114ADBB7E49A787.e.17714","ELEMENT":"f.791DC57474D669730896E8DA48EFF857.d.E1CB0A7DCE919F4ED114ADBB7E49A787.e.17714"}]}
COMMAND: POST /session/4712af7ad0eaf46e7406ff23cdc0ea9d/execute/async - {"script":"<script> [1562 bytes]","args":[{"selector":{"id":"application-managestatesandperformance-display-component---stateAndPerform--smartFilterBarResources-btnBasicSearch","interaction":{"idSuffix":"I"}},"wdio_ui5_key":"applicationmanagestatesandperformance-display-component---stateAndPerform--smartFilterBarResources-btnBasicSearch"}]}
COMMAND: GET /session/4712af7ad0eaf46e7406ff23cdc0ea9d/screenshot - {}
RESULT: {}
RESULT: {"script":"<script> [1562 bytes]","args":[{"selector":{"id":"application-managestatesandperformance-display-component---stateAndPerform--smartFilterBarResources-btnBasicSearch","interaction":{"idSuffix":"I"}},"wdio_ui5_key":"applicationmanagestatesandperformance-display-component---stateAndPerform--smartFilterBarResources-btnBasicSearch"}]}
RESULT: undefined
COMMAND: POST /session/4712af7ad0eaf46e7406ff23cdc0ea9d/execute/async - {"script":"<script> [776 bytes]","args":[{"enterText":"WxyJ7XDah4","selector":{"id":"application-managestatesandperformance-display-component---stateAndPerform--smartFilterBarResources-btnBasicSearch","interaction":{"idSuffix":"I"}},"clearTextFirst":true,"interactionType":"ENTER_TEXT"}]}
RESULT: {}
RESULT: {"script":"<script> [776 bytes]","args":[{"enterText":"WxyJ7XDah4","selector":{"id":"application-managestatesandperformance-display-component---stateAndPerform--smartFilterBarResources-btnBasicSearch","interaction":{"idSuffix":"I"}},"clearTextFirst":true,"interactionType":"ENTER_TEXT"}]}
COMMAND: POST /session/4712af7ad0eaf46e7406ff23cdc0ea9d/actions - {"actions":[{"id":"action59","type":"key","parameters":{},"actions":[{"type":"keyDown","value":"î€‡"},{"type":"pause","duration":10},{"type":"keyUp","value":"î€‡"}]}]}
RESULT: {"actions":[{"id":"action59","type":"key","parameters":{},"actions":[{"type":"keyDown","value":"î€‡"},{"type":"pause","duration":10},{"type":"keyUp","value":"î€‡"}]}]}
COMMAND: GET /session/4712af7ad0eaf46e7406ff23cdc0ea9d/screenshot - {}
RESULT: {}
COMMAND: POST /session/4712af7ad0eaf46e7406ff23cdc0ea9d/execute/async - {"script":"<script> [1562 bytes]","args":[{"selector":{"id":"application-managestatesandperformance-display-component---stateAndPerform--stateAndPerformResourcesSmartTable-header"},"wdio_ui5_key":"applicationmanagestatesandperformance-display-component---stateAndPerform--stateAndPerformResourcesSmartTable-header"}]}
RESULT: {"script":"<script> [1562 bytes]","args":[{"selector":{"id":"application-managestatesandperformance-display-component---stateAndPerform--stateAndPerformResourcesSmartTable-header"},"wdio_ui5_key":"applicationmanagestatesandperformance-display-component---stateAndPerform--stateAndPerformResourcesSmartTable-header"}]}
RESULT: undefined
COMMAND: POST /session/4712af7ad0eaf46e7406ff23cdc0ea9d/execute/async - {"script":"<script> [6424 bytes]","args":[{"element-6066-11e4-a52e-4f735466cecf":"f.791DC57474D669730896E8DA48EFF857.d.E1CB0A7DCE919F4ED114ADBB7E49A787.e.17778"},"getText",[]]}
RESULT: {"script":"<script> [6424 bytes]","args":[{"element-6066-11e4-a52e-4f735466cecf":"f.791DC57474D669730896E8DA48EFF857.d.E1CB0A7DCE919F4ED114ADBB7E49A787.e.17778"},"getText",[]]}
COMMAND: POST /session/4712af7ad0eaf46e7406ff23cdc0ea9d/execute/async - {"script":"<script> [1562 bytes]","args":[{"selector":{"controlType":"sap.ui.core.Icon","viewName":"etm.portal.ui.managestatesandperformance.view.Master","viewId":"application-managestatesandperformance-display-component---stateAndPerform","properties":{"src":{"regex":{"source":"slim\\-arrow\\-right"}}}},"wdio_ui5_key":"etmportal.ui.managestatesandperformance.view.Mastersap.ui.core.Icon{\"src\":{\"regex\":{\"source\":\"slim\\\\-arrow\\\\-right\"}}}"}]}
RESULT: {"script":"<script> [1562 bytes]","args":[{"selector":{"controlType":"sap.ui.core.Icon","viewName":"etm.portal.ui.managestatesandperformance.view.Master","viewId":"application-managestatesandperformance-display-component---stateAndPerform","properties":{"src":{"regex":{"source":"slim\\-arrow\\-right"}}}},"wdio_ui5_key":"etmportal.ui.managestatesandperformance.view.Mastersap.ui.core.Icon{\"src\":{\"regex\":{\"source\":\"slim\\\\-arrow\\\\-right\"}}}"}]}
RESULT: undefined
COMMAND: POST /session/4712af7ad0eaf46e7406ff23cdc0ea9d/element - {"using":"xpath","value":"//*[@id=\"__item2211-__clone3993-imgNav\"]"}
RESULT: {"using":"xpath","value":"//*[@id=\"__item2211-__clone3993-imgNav\"]"}
COMMAND: POST /session/4712af7ad0eaf46e7406ff23cdc0ea9d/element/f.791DC57474D669730896E8DA48EFF857.d.E1CB0A7DCE919F4ED114ADBB7E49A787.e.17777/click - {}
RESULT: {}
COMMAND: GET /session/4712af7ad0eaf46e7406ff23cdc0ea9d/screenshot - {}
RESULT: {}
COMMAND: POST /session/4712af7ad0eaf46e7406ff23cdc0ea9d/execute/async - {"script":"<script> [1562 bytes]","args":[{"selector":{"controlType":"sap.m.Button","viewName":"etm.portal.ui.managestatesandperformance.view.Detail","viewId":"application-managestatesandperformance-display-component---detailStateAndPerform","properties":{"text":"Performance Documents"}},"wdio_ui5_key":"etmportal.ui.managestatesandperformance.view.Detailsap.m.Button{\"text\":\"Performance Documents\"}"}]}
RESULT: {"script":"<script> [1562 bytes]","args":[{"selector":{"controlType":"sap.m.Button","viewName":"etm.portal.ui.managestatesandperformance.view.Detail","viewId":"application-managestatesandperformance-display-component---detailStateAndPerform","properties":{"text":"Performance Documents"}},"wdio_ui5_key":"etmportal.ui.managestatesandperformance.view.Detailsap.m.Button{\"text\":\"Performance Documents\"}"}]}
RESULT: undefined
COMMAND: POST /session/4712af7ad0eaf46e7406ff23cdc0ea9d/element - {"using":"xpath","value":"//*[@id=\"__item2234-button\"]"}
RESULT: {"using":"xpath","value":"//*[@id=\"__item2234-button\"]"}
COMMAND: POST /session/4712af7ad0eaf46e7406ff23cdc0ea9d/element/f.791DC57474D669730896E8DA48EFF857.d.E1CB0A7DCE919F4ED114ADBB7E49A787.e.17825/click - {}
RESULT: {}
COMMAND: POST /session/4712af7ad0eaf46e7406ff23cdc0ea9d/execute/async - {"script":"<script> [1562 bytes]","args":[{"selector":{"controlType":"sap.m.Button","viewName":"etm.portal.ui.managestatesandperformance.view.Detail","viewId":"application-managestatesandperformance-display-component---detailStateAndPerform","i18NText":{"propertyName":"text","key":"createPerformanceDoc"},"interaction":{"idSuffix":"BDI-content"}},"wdio_ui5_key":"etmportal.ui.managestatesandperformance.view.Detailsap.m.Button{\"propertyName\":\"text\",\"key\":\"createPerformanceDoc\"}"}]}
COMMAND: GET /session/4712af7ad0eaf46e7406ff23cdc0ea9d/screenshot - {}
RESULT: {"script":"<script> [1562 bytes]","args":[{"selector":{"controlType":"sap.m.Button","viewName":"etm.portal.ui.managestatesandperformance.view.Detail","viewId":"application-managestatesandperformance-display-component---detailStateAndPerform","i18NText":{"propertyName":"text","key":"createPerformanceDoc"},"interaction":{"idSuffix":"BDI-content"}},"wdio_ui5_key":"etmportal.ui.managestatesandperformance.view.Detailsap.m.Button{\"propertyName\":\"text\",\"key\":\"createPerformanceDoc\"}"}]}
RESULT: undefined
COMMAND: POST /session/4712af7ad0eaf46e7406ff23cdc0ea9d/element - {"using":"xpath","value":"//*[@id=\"__button389\"]"}
RESULT: {}
RESULT: {"using":"xpath","value":"//*[@id=\"__button389\"]"}
COMMAND: POST /session/4712af7ad0eaf46e7406ff23cdc0ea9d/element/f.791DC57474D669730896E8DA48EFF857.d.E1CB0A7DCE919F4ED114ADBB7E49A787.e.17829/click - {}
RESULT: {}
COMMAND: POST /session/4712af7ad0eaf46e7406ff23cdc0ea9d/execute/async - {"script":"<script> [1562 bytes]","args":[{"selector":{"id":"application-managestatesandperformance-display-component---detailStateAndPerform--perfDocDatePicker","searchOpenDialogs":true,"interaction":{"idSuffix":"inner"}},"wdio_ui5_key":"applicationmanagestatesandperformance-display-component---detailStateAndPerform--perfDocDatePicker"}]}
COMMAND: GET /session/4712af7ad0eaf46e7406ff23cdc0ea9d/screenshot - {}
RESULT: {"script":"<script> [1562 bytes]","args":[{"selector":{"id":"application-managestatesandperformance-display-component---detailStateAndPerform--perfDocDatePicker","searchOpenDialogs":true,"interaction":{"idSuffix":"inner"}},"wdio_ui5_key":"applicationmanagestatesandperformance-display-component---detailStateAndPerform--perfDocDatePicker"}]}
RESULT: undefined
COMMAND: POST /session/4712af7ad0eaf46e7406ff23cdc0ea9d/execute/async - {"script":"<script> [776 bytes]","args":[{"enterText":"05/02/25","selector":{"id":"application-managestatesandperformance-display-component---detailStateAndPerform--perfDocDatePicker","searchOpenDialogs":true,"interaction":{"idSuffix":"inner"}},"clearTextFirst":true,"interactionType":"ENTER_TEXT"}]}
RESULT: {}
RESULT: {"script":"<script> [776 bytes]","args":[{"enterText":"05/02/25","selector":{"id":"application-managestatesandperformance-display-component---detailStateAndPerform--perfDocDatePicker","searchOpenDialogs":true,"interaction":{"idSuffix":"inner"}},"clearTextFirst":true,"interactionType":"ENTER_TEXT"}]}
COMMAND: POST /session/4712af7ad0eaf46e7406ff23cdc0ea9d/execute/async - {"script":"<script> [1562 bytes]","args":[{"selector":{"id":"application-managestatesandperformance-display-component---detailStateAndPerform--counterValue-input","searchOpenDialogs":true,"interaction":{"idSuffix":"inner"}},"wdio_ui5_key":"applicationmanagestatesandperformance-display-component---detailStateAndPerform--counterValue-input"}]}
RESULT: {"script":"<script> [1562 bytes]","args":[{"selector":{"id":"application-managestatesandperformance-display-component---detailStateAndPerform--counterValue-input","searchOpenDialogs":true,"interaction":{"idSuffix":"inner"}},"wdio_ui5_key":"applicationmanagestatesandperformance-display-component---detailStateAndPerform--counterValue-input"}]}
RESULT: undefined
COMMAND: POST /session/4712af7ad0eaf46e7406ff23cdc0ea9d/execute/async - {"script":"<script> [776 bytes]","args":[{"enterText":"15.00","selector":{"id":"application-managestatesandperformance-display-component---detailStateAndPerform--counterValue-input","searchOpenDialogs":true,"interaction":{"idSuffix":"inner"}},"clearTextFirst":true,"interactionType":"ENTER_TEXT"}]}
RESULT: {"script":"<script> [776 bytes]","args":[{"enterText":"15.00","selector":{"id":"application-managestatesandperformance-display-component---detailStateAndPerform--counterValue-input","searchOpenDialogs":true,"interaction":{"idSuffix":"inner"}},"clearTextFirst":true,"interactionType":"ENTER_TEXT"}]}
COMMAND: POST /session/4712af7ad0eaf46e7406ff23cdc0ea9d/execute/async - {"script":"<script> [1562 bytes]","args":[{"selector":{"controlType":"sap.m.Button","viewName":"etm.portal.ui.managestatesandperformance.view.Detail","viewId":"application-managestatesandperformance-display-component---detailStateAndPerform","bindingPath":{"path":"","propertyPath":"/allowAddEdit","modelName":"oScreenModel"},"searchOpenDialogs":true,"interaction":{"idSuffix":"BDI-content"}},"wdio_ui5_key":"etmportal.ui.managestatesandperformance.view.Detailsap.m.Button{\"path\":\"\",\"propertyPath\":\"/allowAddEdit\",\"modelName\":\"oScreenModel\"}"}]}
RESULT: {"script":"<script> [1562 bytes]","args":[{"selector":{"controlType":"sap.m.Button","viewName":"etm.portal.ui.managestatesandperformance.view.Detail","viewId":"application-managestatesandperformance-display-component---detailStateAndPerform","bindingPath":{"path":"","propertyPath":"/allowAddEdit","modelName":"oScreenModel"},"searchOpenDialogs":true,"interaction":{"idSuffix":"BDI-content"}},"wdio_ui5_key":"etmportal.ui.managestatesandperformance.view.Detailsap.m.Button{\"path\":\"\",\"propertyPath\":\"/allowAddEdit\",\"modelName\":\"oScreenModel\"}"}]}
RESULT: undefined
COMMAND: POST /session/4712af7ad0eaf46e7406ff23cdc0ea9d/element - {"using":"xpath","value":"//*[@id=\"__button396\"]"}
RESULT: {"using":"xpath","value":"//*[@id=\"__button396\"]"}
COMMAND: POST /session/4712af7ad0eaf46e7406ff23cdc0ea9d/element/f.791DC57474D669730896E8DA48EFF857.d.E1CB0A7DCE919F4ED114ADBB7E49A787.e.17849/click - {}
RESULT: {}
RESULT: undefined
COMMAND: POST /session/4712af7ad0eaf46e7406ff23cdc0ea9d/element - {"using":"xpath","value":"//*[@id=\"__button389\"]"}
COMMAND: GET /session/4712af7ad0eaf46e7406ff23cdc0ea9d/screenshot - {}
RESULT: {"using":"xpath","value":"//*[@id=\"__button389\"]"}
COMMAND: POST /session/4712af7ad0eaf46e7406ff23cdc0ea9d/element/f.791DC57474D669730896E8DA48EFF857.d.E1CB0A7DCE919F4ED114ADBB7E49A787.e.17829/click - {}
RESULT: {}
RESULT: {}
RESULT: undefined
COMMAND: POST /session/4712af7ad0eaf46e7406ff23cdc0ea9d/execute/async - {"script":"<script> [776 bytes]","args":[{"enterText":"05/06/25","selector":{"id":"application-managestatesandperformance-display-component---detailStateAndPerform--perfDocDatePicker","searchOpenDialogs":true,"interaction":{"idSuffix":"inner"}},"clearTextFirst":true,"interactionType":"ENTER_TEXT"}]}
COMMAND: GET /session/4712af7ad0eaf46e7406ff23cdc0ea9d/screenshot - {}
RESULT: {"script":"<script> [776 bytes]","args":[{"enterText":"05/06/25","selector":{"id":"application-managestatesandperformance-display-component---detailStateAndPerform--perfDocDatePicker","searchOpenDialogs":true,"interaction":{"idSuffix":"inner"}},"clearTextFirst":true,"interactionType":"ENTER_TEXT"}]}
RESULT: undefined
COMMAND: POST /session/4712af7ad0eaf46e7406ff23cdc0ea9d/execute/async - {"script":"<script> [776 bytes]","args":[{"enterText":"20.00","selector":{"id":"application-managestatesandperformance-display-component---detailStateAndPerform--counterValue-input","searchOpenDialogs":true,"interaction":{"idSuffix":"inner"}},"clearTextFirst":true,"interactionType":"ENTER_TEXT"}]}
RESULT: {}
RESULT: {"script":"<script> [776 bytes]","args":[{"enterText":"20.00","selector":{"id":"application-managestatesandperformance-display-component---detailStateAndPerform--counterValue-input","searchOpenDialogs":true,"interaction":{"idSuffix":"inner"}},"clearTextFirst":true,"interactionType":"ENTER_TEXT"}]}
COMMAND: POST /session/4712af7ad0eaf46e7406ff23cdc0ea9d/actions - {"actions":[{"id":"action60","type":"key","parameters":{},"actions":[{"type":"keyDown","value":"î€„"},{"type":"keyDown","value":"î€„"},{"type":"pause","duration":10},{"type":"keyUp","value":"î€„"},{"type":"keyUp","value":"î€„"}]}]}
RESULT: {"actions":[{"id":"action60","type":"key","parameters":{},"actions":[{"type":"keyDown","value":"î€„"},{"type":"keyDown","value":"î€„"},{"type":"pause","duration":10},{"type":"keyUp","value":"î€„"},{"type":"keyUp","value":"î€„"}]}]}
COMMAND: POST /session/4712af7ad0eaf46e7406ff23cdc0ea9d/actions - {"actions":[{"id":"action61","type":"key","parameters":{},"actions":[{"type":"keyDown","value":"î€‡"},{"type":"pause","duration":10},{"type":"keyUp","value":"î€‡"}]}]}
COMMAND: GET /session/4712af7ad0eaf46e7406ff23cdc0ea9d/screenshot - {}
RESULT: {"actions":[{"id":"action61","type":"key","parameters":{},"actions":[{"type":"keyDown","value":"î€‡"},{"type":"pause","duration":10},{"type":"keyUp","value":"î€‡"}]}]}
RESULT: undefined
COMMAND: POST /session/4712af7ad0eaf46e7406ff23cdc0ea9d/element - {"using":"xpath","value":"//*[@id=\"__button396\"]"}
COMMAND: GET /session/4712af7ad0eaf46e7406ff23cdc0ea9d/screenshot - {}
RESULT: {}
RESULT: {"using":"xpath","value":"//*[@id=\"__button396\"]"}
COMMAND: POST /session/4712af7ad0eaf46e7406ff23cdc0ea9d/elements - {"using":"xpath","value":"//*[@id=\"__button396\"]"}
RESULT: {}
RESULT: {"using":"xpath","value":"//*[@id=\"__button396\"]"}
COMMAND: POST /session/4712af7ad0eaf46e7406ff23cdc0ea9d/elements - {"using":"xpath","value":"//*[@id=\"__button396\"]"}
RESULT: {"using":"xpath","value":"//*[@id=\"__button396\"]"}
COMMAND: POST /session/4712af7ad0eaf46e7406ff23cdc0ea9d/elements - {"using":"xpath","value":"//*[@id=\"__button396\"]"}
RESULT: {"using":"xpath","value":"//*[@id=\"__button396\"]"}
COMMAND: POST /session/4712af7ad0eaf46e7406ff23cdc0ea9d/elements - {"using":"xpath","value":"//*[@id=\"__button396\"]"}
RESULT: {"using":"xpath","value":"//*[@id=\"__button396\"]"}
COMMAND: POST /session/4712af7ad0eaf46e7406ff23cdc0ea9d/elements - {"using":"xpath","value":"//*[@id=\"__button396\"]"}
RESULT: {"using":"xpath","value":"//*[@id=\"__button396\"]"}
COMMAND: POST /session/4712af7ad0eaf46e7406ff23cdc0ea9d/elements - {"using":"xpath","value":"//*[@id=\"__button396\"]"}
RESULT: {"using":"xpath","value":"//*[@id=\"__button396\"]"}
COMMAND: POST /session/4712af7ad0eaf46e7406ff23cdc0ea9d/elements - {"using":"xpath","value":"//*[@id=\"__button396\"]"}
RESULT: {"using":"xpath","value":"//*[@id=\"__button396\"]"}
COMMAND: POST /session/4712af7ad0eaf46e7406ff23cdc0ea9d/elements - {"using":"xpath","value":"//*[@id=\"__button396\"]"}
RESULT: {"using":"xpath","value":"//*[@id=\"__button396\"]"}
COMMAND: POST /session/4712af7ad0eaf46e7406ff23cdc0ea9d/elements - {"using":"xpath","value":"//*[@id=\"__button396\"]"}
RESULT: {"using":"xpath","value":"//*[@id=\"__button396\"]"}
COMMAND: POST /session/4712af7ad0eaf46e7406ff23cdc0ea9d/elements - {"using":"xpath","value":"//*[@id=\"__button396\"]"}
RESULT: {"using":"xpath","value":"//*[@id=\"__button396\"]"}
COMMAND: POST /session/4712af7ad0eaf46e7406ff23cdc0ea9d/elements - {"using":"xpath","value":"//*[@id=\"__button396\"]"}
RESULT: {"using":"xpath","value":"//*[@id=\"__button396\"]"}
COMMAND: POST /session/4712af7ad0eaf46e7406ff23cdc0ea9d/elements - {"using":"xpath","value":"//*[@id=\"__button396\"]"}
RESULT: {"using":"xpath","value":"//*[@id=\"__button396\"]"}
COMMAND: POST /session/4712af7ad0eaf46e7406ff23cdc0ea9d/elements - {"using":"xpath","value":"//*[@id=\"__button396\"]"}
RESULT: {"using":"xpath","value":"//*[@id=\"__button396\"]"}
COMMAND: POST /session/4712af7ad0eaf46e7406ff23cdc0ea9d/elements - {"using":"xpath","value":"//*[@id=\"__button396\"]"}
RESULT: {"using":"xpath","value":"//*[@id=\"__button396\"]"}
COMMAND: POST /session/4712af7ad0eaf46e7406ff23cdc0ea9d/elements - {"using":"xpath","value":"//*[@id=\"__button396\"]"}
RESULT: {"using":"xpath","value":"//*[@id=\"__button396\"]"}
COMMAND: POST /session/4712af7ad0eaf46e7406ff23cdc0ea9d/elements - {"using":"xpath","value":"//*[@id=\"__button396\"]"}
RESULT: {"using":"xpath","value":"//*[@id=\"__button396\"]"}
COMMAND: POST /session/4712af7ad0eaf46e7406ff23cdc0ea9d/elements - {"using":"xpath","value":"//*[@id=\"__button396\"]"}
RESULT: {"using":"xpath","value":"//*[@id=\"__button396\"]"}
COMMAND: POST /session/4712af7ad0eaf46e7406ff23cdc0ea9d/elements - {"using":"xpath","value":"//*[@id=\"__button396\"]"}
RESULT: {"using":"xpath","value":"//*[@id=\"__button396\"]"}
COMMAND: POST /session/4712af7ad0eaf46e7406ff23cdc0ea9d/elements - {"using":"xpath","value":"//*[@id=\"__button396\"]"}
RESULT: {"using":"xpath","value":"//*[@id=\"__button396\"]"}
COMMAND: POST /session/4712af7ad0eaf46e7406ff23cdc0ea9d/elements - {"using":"xpath","value":"//*[@id=\"__button396\"]"}
RESULT: {"using":"xpath","value":"//*[@id=\"__button396\"]"}
COMMAND: POST /session/4712af7ad0eaf46e7406ff23cdc0ea9d/elements - {"using":"xpath","value":"//*[@id=\"__button396\"]"}
RESULT: {"using":"xpath","value":"//*[@id=\"__button396\"]"}
COMMAND: POST /session/4712af7ad0eaf46e7406ff23cdc0ea9d/elements - {"using":"xpath","value":"//*[@id=\"__button396\"]"}
RESULT: {"using":"xpath","value":"//*[@id=\"__button396\"]"}
COMMAND: POST /session/4712af7ad0eaf46e7406ff23cdc0ea9d/elements - {"using":"xpath","value":"//*[@id=\"__button396\"]"}
RESULT: {"using":"xpath","value":"//*[@id=\"__button396\"]"}
COMMAND: POST /session/4712af7ad0eaf46e7406ff23cdc0ea9d/elements - {"using":"xpath","value":"//*[@id=\"__button396\"]"}
RESULT: {"using":"xpath","value":"//*[@id=\"__button396\"]"}
COMMAND: POST /session/4712af7ad0eaf46e7406ff23cdc0ea9d/elements - {"using":"xpath","value":"//*[@id=\"__button396\"]"}
RESULT: {"using":"xpath","value":"//*[@id=\"__button396\"]"}
COMMAND: POST /session/4712af7ad0eaf46e7406ff23cdc0ea9d/elements - {"using":"xpath","value":"//*[@id=\"__button396\"]"}
RESULT: {"using":"xpath","value":"//*[@id=\"__button396\"]"}
COMMAND: POST /session/4712af7ad0eaf46e7406ff23cdc0ea9d/elements - {"using":"xpath","value":"//*[@id=\"__button396\"]"}
RESULT: {"using":"xpath","value":"//*[@id=\"__button396\"]"}
COMMAND: POST /session/4712af7ad0eaf46e7406ff23cdc0ea9d/elements - {"using":"xpath","value":"//*[@id=\"__button396\"]"}
RESULT: {"using":"xpath","value":"//*[@id=\"__button396\"]"}
COMMAND: POST /session/4712af7ad0eaf46e7406ff23cdc0ea9d/elements - {"using":"xpath","value":"//*[@id=\"__button396\"]"}
RESULT: {"using":"xpath","value":"//*[@id=\"__button396\"]"}
COMMAND: POST /session/4712af7ad0eaf46e7406ff23cdc0ea9d/elements - {"using":"xpath","value":"//*[@id=\"__button396\"]"}
RESULT: {"using":"xpath","value":"//*[@id=\"__button396\"]"}
COMMAND: POST /session/4712af7ad0eaf46e7406ff23cdc0ea9d/elements - {"using":"xpath","value":"//*[@id=\"__button396\"]"}
RESULT: {"using":"xpath","value":"//*[@id=\"__button396\"]"}
COMMAND: POST /session/4712af7ad0eaf46e7406ff23cdc0ea9d/elements - {"using":"xpath","value":"//*[@id=\"__button396\"]"}
RESULT: {"using":"xpath","value":"//*[@id=\"__button396\"]"}
COMMAND: POST /session/4712af7ad0eaf46e7406ff23cdc0ea9d/elements - {"using":"xpath","value":"//*[@id=\"__button396\"]"}
RESULT: {"using":"xpath","value":"//*[@id=\"__button396\"]"}
COMMAND: POST /session/4712af7ad0eaf46e7406ff23cdc0ea9d/elements - {"using":"xpath","value":"//*[@id=\"__button396\"]"}
RESULT: {"using":"xpath","value":"//*[@id=\"__button396\"]"}
COMMAND: POST /session/4712af7ad0eaf46e7406ff23cdc0ea9d/elements - {"using":"xpath","value":"//*[@id=\"__button396\"]"}
RESULT: {"using":"xpath","value":"//*[@id=\"__button396\"]"}
COMMAND: POST /session/4712af7ad0eaf46e7406ff23cdc0ea9d/elements - {"using":"xpath","value":"//*[@id=\"__button396\"]"}
RESULT: {"using":"xpath","value":"//*[@id=\"__button396\"]"}
COMMAND: POST /session/4712af7ad0eaf46e7406ff23cdc0ea9d/elements - {"using":"xpath","value":"//*[@id=\"__button396\"]"}
RESULT: {"using":"xpath","value":"//*[@id=\"__button396\"]"}
COMMAND: POST /session/4712af7ad0eaf46e7406ff23cdc0ea9d/elements - {"using":"xpath","value":"//*[@id=\"__button396\"]"}
RESULT: {"using":"xpath","value":"//*[@id=\"__button396\"]"}
COMMAND: POST /session/4712af7ad0eaf46e7406ff23cdc0ea9d/elements - {"using":"xpath","value":"//*[@id=\"__button396\"]"}
RESULT: {"using":"xpath","value":"//*[@id=\"__button396\"]"}
COMMAND: POST /session/4712af7ad0eaf46e7406ff23cdc0ea9d/elements - {"using":"xpath","value":"//*[@id=\"__button396\"]"}
RESULT: {"using":"xpath","value":"//*[@id=\"__button396\"]"}
COMMAND: POST /session/4712af7ad0eaf46e7406ff23cdc0ea9d/elements - {"using":"xpath","value":"//*[@id=\"__button396\"]"}
RESULT: {"using":"xpath","value":"//*[@id=\"__button396\"]"}
COMMAND: POST /session/4712af7ad0eaf46e7406ff23cdc0ea9d/elements - {"using":"xpath","value":"//*[@id=\"__button396\"]"}
RESULT: {"using":"xpath","value":"//*[@id=\"__button396\"]"}
COMMAND: POST /session/4712af7ad0eaf46e7406ff23cdc0ea9d/elements - {"using":"xpath","value":"//*[@id=\"__button396\"]"}
RESULT: {"using":"xpath","value":"//*[@id=\"__button396\"]"}
COMMAND: POST /session/4712af7ad0eaf46e7406ff23cdc0ea9d/elements - {"using":"xpath","value":"//*[@id=\"__button396\"]"}
RESULT: {"using":"xpath","value":"//*[@id=\"__button396\"]"}
COMMAND: POST /session/4712af7ad0eaf46e7406ff23cdc0ea9d/elements - {"using":"xpath","value":"//*[@id=\"__button396\"]"}
RESULT: {"using":"xpath","value":"//*[@id=\"__button396\"]"}
COMMAND: POST /session/4712af7ad0eaf46e7406ff23cdc0ea9d/elements - {"using":"xpath","value":"//*[@id=\"__button396\"]"}
RESULT: {"using":"xpath","value":"//*[@id=\"__button396\"]"}
COMMAND: POST /session/4712af7ad0eaf46e7406ff23cdc0ea9d/elements - {"using":"xpath","value":"//*[@id=\"__button396\"]"}
RESULT: {"using":"xpath","value":"//*[@id=\"__button396\"]"}
COMMAND: POST /session/4712af7ad0eaf46e7406ff23cdc0ea9d/elements - {"using":"xpath","value":"//*[@id=\"__button396\"]"}
RESULT: {"using":"xpath","value":"//*[@id=\"__button396\"]"}
COMMAND: POST /session/4712af7ad0eaf46e7406ff23cdc0ea9d/elements - {"using":"xpath","value":"//*[@id=\"__button396\"]"}
RESULT: {"using":"xpath","value":"//*[@id=\"__button396\"]"}
COMMAND: POST /session/4712af7ad0eaf46e7406ff23cdc0ea9d/elements - {"using":"xpath","value":"//*[@id=\"__button396\"]"}
RESULT: {"using":"xpath","value":"//*[@id=\"__button396\"]"}
COMMAND: POST /session/4712af7ad0eaf46e7406ff23cdc0ea9d/elements - {"using":"xpath","value":"//*[@id=\"__button396\"]"}
RESULT: {"using":"xpath","value":"//*[@id=\"__button396\"]"}
COMMAND: POST /session/4712af7ad0eaf46e7406ff23cdc0ea9d/elements - {"using":"xpath","value":"//*[@id=\"__button396\"]"}
RESULT: {"using":"xpath","value":"//*[@id=\"__button396\"]"}
COMMAND: POST /session/4712af7ad0eaf46e7406ff23cdc0ea9d/elements - {"using":"xpath","value":"//*[@id=\"__button396\"]"}
RESULT: {"using":"xpath","value":"//*[@id=\"__button396\"]"}
COMMAND: POST /session/4712af7ad0eaf46e7406ff23cdc0ea9d/elements - {"using":"xpath","value":"//*[@id=\"__button396\"]"}
RESULT: {"using":"xpath","value":"//*[@id=\"__button396\"]"}
COMMAND: POST /session/4712af7ad0eaf46e7406ff23cdc0ea9d/elements - {"using":"xpath","value":"//*[@id=\"__button396\"]"}
RESULT: {"using":"xpath","value":"//*[@id=\"__button396\"]"}
COMMAND: POST /session/4712af7ad0eaf46e7406ff23cdc0ea9d/elements - {"using":"xpath","value":"//*[@id=\"__button396\"]"}
RESULT: {"using":"xpath","value":"//*[@id=\"__button396\"]"}
COMMAND: POST /session/4712af7ad0eaf46e7406ff23cdc0ea9d/elements - {"using":"xpath","value":"//*[@id=\"__button396\"]"}
RESULT: {"using":"xpath","value":"//*[@id=\"__button396\"]"}
COMMAND: POST /session/4712af7ad0eaf46e7406ff23cdc0ea9d/elements - {"using":"xpath","value":"//*[@id=\"__button396\"]"}
RESULT: {"using":"xpath","value":"//*[@id=\"__button396\"]"}
COMMAND: POST /session/4712af7ad0eaf46e7406ff23cdc0ea9d/elements - {"using":"xpath","value":"//*[@id=\"__button396\"]"}
RESULT: {"using":"xpath","value":"//*[@id=\"__button396\"]"}
COMMAND: POST /session/4712af7ad0eaf46e7406ff23cdc0ea9d/elements - {"using":"xpath","value":"//*[@id=\"__button396\"]"}
RESULT: {"using":"xpath","value":"//*[@id=\"__button396\"]"}
COMMAND: POST /session/4712af7ad0eaf46e7406ff23cdc0ea9d/elements - {"using":"xpath","value":"//*[@id=\"__button396\"]"}
RESULT: {"using":"xpath","value":"//*[@id=\"__button396\"]"}
COMMAND: POST /session/4712af7ad0eaf46e7406ff23cdc0ea9d/elements - {"using":"xpath","value":"//*[@id=\"__button396\"]"}
RESULT: {"using":"xpath","value":"//*[@id=\"__button396\"]"}
COMMAND: POST /session/4712af7ad0eaf46e7406ff23cdc0ea9d/elements - {"using":"xpath","value":"//*[@id=\"__button396\"]"}
RESULT: {"using":"xpath","value":"//*[@id=\"__button396\"]"}
COMMAND: POST /session/4712af7ad0eaf46e7406ff23cdc0ea9d/elements - {"using":"xpath","value":"//*[@id=\"__button396\"]"}
RESULT: {"using":"xpath","value":"//*[@id=\"__button396\"]"}
COMMAND: POST /session/4712af7ad0eaf46e7406ff23cdc0ea9d/elements - {"using":"xpath","value":"//*[@id=\"__button396\"]"}
RESULT: {"using":"xpath","value":"//*[@id=\"__button396\"]"}
COMMAND: POST /session/4712af7ad0eaf46e7406ff23cdc0ea9d/elements - {"using":"xpath","value":"//*[@id=\"__button396\"]"}
RESULT: {"using":"xpath","value":"//*[@id=\"__button396\"]"}
COMMAND: POST /session/4712af7ad0eaf46e7406ff23cdc0ea9d/elements - {"using":"xpath","value":"//*[@id=\"__button396\"]"}
RESULT: {"using":"xpath","value":"//*[@id=\"__button396\"]"}
COMMAND: POST /session/4712af7ad0eaf46e7406ff23cdc0ea9d/elements - {"using":"xpath","value":"//*[@id=\"__button396\"]"}
RESULT: {"using":"xpath","value":"//*[@id=\"__button396\"]"}
COMMAND: POST /session/4712af7ad0eaf46e7406ff23cdc0ea9d/elements - {"using":"xpath","value":"//*[@id=\"__button396\"]"}
RESULT: {"using":"xpath","value":"//*[@id=\"__button396\"]"}
COMMAND: POST /session/4712af7ad0eaf46e7406ff23cdc0ea9d/elements - {"using":"xpath","value":"//*[@id=\"__button396\"]"}
RESULT: {"using":"xpath","value":"//*[@id=\"__button396\"]"}
COMMAND: POST /session/4712af7ad0eaf46e7406ff23cdc0ea9d/elements - {"using":"xpath","value":"//*[@id=\"__button396\"]"}
RESULT: {"using":"xpath","value":"//*[@id=\"__button396\"]"}
COMMAND: POST /session/4712af7ad0eaf46e7406ff23cdc0ea9d/elements - {"using":"xpath","value":"//*[@id=\"__button396\"]"}
RESULT: {"using":"xpath","value":"//*[@id=\"__button396\"]"}
COMMAND: POST /session/4712af7ad0eaf46e7406ff23cdc0ea9d/elements - {"using":"xpath","value":"//*[@id=\"__button396\"]"}
RESULT: {"using":"xpath","value":"//*[@id=\"__button396\"]"}
COMMAND: POST /session/4712af7ad0eaf46e7406ff23cdc0ea9d/elements - {"using":"xpath","value":"//*[@id=\"__button396\"]"}
RESULT: {"using":"xpath","value":"//*[@id=\"__button396\"]"}
COMMAND: POST /session/4712af7ad0eaf46e7406ff23cdc0ea9d/elements - {"using":"xpath","value":"//*[@id=\"__button396\"]"}
RESULT: {"using":"xpath","value":"//*[@id=\"__button396\"]"}
COMMAND: POST /session/4712af7ad0eaf46e7406ff23cdc0ea9d/elements - {"using":"xpath","value":"//*[@id=\"__button396\"]"}
RESULT: {"using":"xpath","value":"//*[@id=\"__button396\"]"}
COMMAND: POST /session/4712af7ad0eaf46e7406ff23cdc0ea9d/elements - {"using":"xpath","value":"//*[@id=\"__button396\"]"}
RESULT: {"using":"xpath","value":"//*[@id=\"__button396\"]"}
COMMAND: POST /session/4712af7ad0eaf46e7406ff23cdc0ea9d/elements - {"using":"xpath","value":"//*[@id=\"__button396\"]"}
RESULT: {"using":"xpath","value":"//*[@id=\"__button396\"]"}
COMMAND: POST /session/4712af7ad0eaf46e7406ff23cdc0ea9d/elements - {"using":"xpath","value":"//*[@id=\"__button396\"]"}
RESULT: {"using":"xpath","value":"//*[@id=\"__button396\"]"}
COMMAND: POST /session/4712af7ad0eaf46e7406ff23cdc0ea9d/elements - {"using":"xpath","value":"//*[@id=\"__button396\"]"}
RESULT: {"using":"xpath","value":"//*[@id=\"__button396\"]"}
COMMAND: POST /session/4712af7ad0eaf46e7406ff23cdc0ea9d/elements - {"using":"xpath","value":"//*[@id=\"__button396\"]"}
RESULT: {"using":"xpath","value":"//*[@id=\"__button396\"]"}
COMMAND: POST /session/4712af7ad0eaf46e7406ff23cdc0ea9d/elements - {"using":"xpath","value":"//*[@id=\"__button396\"]"}
RESULT: {"using":"xpath","value":"//*[@id=\"__button396\"]"}
COMMAND: POST /session/4712af7ad0eaf46e7406ff23cdc0ea9d/elements - {"using":"xpath","value":"//*[@id=\"__button396\"]"}
RESULT: {"using":"xpath","value":"//*[@id=\"__button396\"]"}
COMMAND: POST /session/4712af7ad0eaf46e7406ff23cdc0ea9d/elements - {"using":"xpath","value":"//*[@id=\"__button396\"]"}
RESULT: {"using":"xpath","value":"//*[@id=\"__button396\"]"}
COMMAND: POST /session/4712af7ad0eaf46e7406ff23cdc0ea9d/elements - {"using":"xpath","value":"//*[@id=\"__button396\"]"}
RESULT: {"using":"xpath","value":"//*[@id=\"__button396\"]"}
COMMAND: POST /session/4712af7ad0eaf46e7406ff23cdc0ea9d/elements - {"using":"xpath","value":"//*[@id=\"__button396\"]"}
RESULT: {"using":"xpath","value":"//*[@id=\"__button396\"]"}
COMMAND: POST /session/4712af7ad0eaf46e7406ff23cdc0ea9d/elements - {"using":"xpath","value":"//*[@id=\"__button396\"]"}
RESULT: {"using":"xpath","value":"//*[@id=\"__button396\"]"}
COMMAND: POST /session/4712af7ad0eaf46e7406ff23cdc0ea9d/elements - {"using":"xpath","value":"//*[@id=\"__button396\"]"}
RESULT: {"using":"xpath","value":"//*[@id=\"__button396\"]"}
COMMAND: POST /session/4712af7ad0eaf46e7406ff23cdc0ea9d/elements - {"using":"xpath","value":"//*[@id=\"__button396\"]"}
RESULT: {"using":"xpath","value":"//*[@id=\"__button396\"]"}
COMMAND: POST /session/4712af7ad0eaf46e7406ff23cdc0ea9d/elements - {"using":"xpath","value":"//*[@id=\"__button396\"]"}
RESULT: {"using":"xpath","value":"//*[@id=\"__button396\"]"}
COMMAND: POST /session/4712af7ad0eaf46e7406ff23cdc0ea9d/elements - {"using":"xpath","value":"//*[@id=\"__button396\"]"}
RESULT: {"using":"xpath","value":"//*[@id=\"__button396\"]"}
COMMAND: POST /session/4712af7ad0eaf46e7406ff23cdc0ea9d/elements - {"using":"xpath","value":"//*[@id=\"__button396\"]"}
RESULT: {"using":"xpath","value":"//*[@id=\"__button396\"]"}
COMMAND: POST /session/4712af7ad0eaf46e7406ff23cdc0ea9d/elements - {"using":"xpath","value":"//*[@id=\"__button396\"]"}
RESULT: {"using":"xpath","value":"//*[@id=\"__button396\"]"}
COMMAND: POST /session/4712af7ad0eaf46e7406ff23cdc0ea9d/elements - {"using":"xpath","value":"//*[@id=\"__button396\"]"}
RESULT: {"using":"xpath","value":"//*[@id=\"__button396\"]"}
COMMAND: POST /session/4712af7ad0eaf46e7406ff23cdc0ea9d/elements - {"using":"xpath","value":"//*[@id=\"__button396\"]"}
RESULT: {"using":"xpath","value":"//*[@id=\"__button396\"]"}
COMMAND: POST /session/4712af7ad0eaf46e7406ff23cdc0ea9d/elements - {"using":"xpath","value":"//*[@id=\"__button396\"]"}
RESULT: {"using":"xpath","value":"//*[@id=\"__button396\"]"}
COMMAND: POST /session/4712af7ad0eaf46e7406ff23cdc0ea9d/elements - {"using":"xpath","value":"//*[@id=\"__button396\"]"}
RESULT: {"using":"xpath","value":"//*[@id=\"__button396\"]"}
COMMAND: POST /session/4712af7ad0eaf46e7406ff23cdc0ea9d/elements - {"using":"xpath","value":"//*[@id=\"__button396\"]"}
RESULT: {"using":"xpath","value":"//*[@id=\"__button396\"]"}
COMMAND: POST /session/4712af7ad0eaf46e7406ff23cdc0ea9d/elements - {"using":"xpath","value":"//*[@id=\"__button396\"]"}
RESULT: {"using":"xpath","value":"//*[@id=\"__button396\"]"}
COMMAND: POST /session/4712af7ad0eaf46e7406ff23cdc0ea9d/elements - {"using":"xpath","value":"//*[@id=\"__button396\"]"}
RESULT: {"using":"xpath","value":"//*[@id=\"__button396\"]"}
COMMAND: POST /session/4712af7ad0eaf46e7406ff23cdc0ea9d/elements - {"using":"xpath","value":"//*[@id=\"__button396\"]"}
RESULT: {"using":"xpath","value":"//*[@id=\"__button396\"]"}
COMMAND: POST /session/4712af7ad0eaf46e7406ff23cdc0ea9d/elements - {"using":"xpath","value":"//*[@id=\"__button396\"]"}
RESULT: {"using":"xpath","value":"//*[@id=\"__button396\"]"}
COMMAND: POST /session/4712af7ad0eaf46e7406ff23cdc0ea9d/elements - {"using":"xpath","value":"//*[@id=\"__button396\"]"}
RESULT: {"using":"xpath","value":"//*[@id=\"__button396\"]"}
COMMAND: POST /session/4712af7ad0eaf46e7406ff23cdc0ea9d/elements - {"using":"xpath","value":"//*[@id=\"__button396\"]"}
RESULT: {"using":"xpath","value":"//*[@id=\"__button396\"]"}
COMMAND: POST /session/4712af7ad0eaf46e7406ff23cdc0ea9d/elements - {"using":"xpath","value":"//*[@id=\"__button396\"]"}
RESULT: {"using":"xpath","value":"//*[@id=\"__button396\"]"}
COMMAND: POST /session/4712af7ad0eaf46e7406ff23cdc0ea9d/elements - {"using":"xpath","value":"//*[@id=\"__button396\"]"}
RESULT: {"using":"xpath","value":"//*[@id=\"__button396\"]"}
COMMAND: POST /session/4712af7ad0eaf46e7406ff23cdc0ea9d/elements - {"using":"xpath","value":"//*[@id=\"__button396\"]"}
RESULT: {"using":"xpath","value":"//*[@id=\"__button396\"]"}
COMMAND: POST /session/4712af7ad0eaf46e7406ff23cdc0ea9d/elements - {"using":"xpath","value":"//*[@id=\"__button396\"]"}
RESULT: {"using":"xpath","value":"//*[@id=\"__button396\"]"}
COMMAND: POST /session/4712af7ad0eaf46e7406ff23cdc0ea9d/elements - {"using":"xpath","value":"//*[@id=\"__button396\"]"}
RESULT: {"using":"xpath","value":"//*[@id=\"__button396\"]"}
COMMAND: POST /session/4712af7ad0eaf46e7406ff23cdc0ea9d/elements - {"using":"xpath","value":"//*[@id=\"__button396\"]"}
RESULT: {"using":"xpath","value":"//*[@id=\"__button396\"]"}
COMMAND: POST /session/4712af7ad0eaf46e7406ff23cdc0ea9d/elements - {"using":"xpath","value":"//*[@id=\"__button396\"]"}
RESULT: {"using":"xpath","value":"//*[@id=\"__button396\"]"}
COMMAND: POST /session/4712af7ad0eaf46e7406ff23cdc0ea9d/elements - {"using":"xpath","value":"//*[@id=\"__button396\"]"}
RESULT: {"using":"xpath","value":"//*[@id=\"__button396\"]"}
COMMAND: POST /session/4712af7ad0eaf46e7406ff23cdc0ea9d/elements - {"using":"xpath","value":"//*[@id=\"__button396\"]"}
RESULT: {"using":"xpath","value":"//*[@id=\"__button396\"]"}
COMMAND: POST /session/4712af7ad0eaf46e7406ff23cdc0ea9d/elements - {"using":"xpath","value":"//*[@id=\"__button396\"]"}
RESULT: {"using":"xpath","value":"//*[@id=\"__button396\"]"}
COMMAND: POST /session/4712af7ad0eaf46e7406ff23cdc0ea9d/elements - {"using":"xpath","value":"//*[@id=\"__button396\"]"}
RESULT: {"using":"xpath","value":"//*[@id=\"__button396\"]"}
COMMAND: POST /session/4712af7ad0eaf46e7406ff23cdc0ea9d/elements - {"using":"xpath","value":"//*[@id=\"__button396\"]"}
RESULT: {"using":"xpath","value":"//*[@id=\"__button396\"]"}
COMMAND: POST /session/4712af7ad0eaf46e7406ff23cdc0ea9d/elements - {"using":"xpath","value":"//*[@id=\"__button396\"]"}
RESULT: {"using":"xpath","value":"//*[@id=\"__button396\"]"}
COMMAND: POST /session/4712af7ad0eaf46e7406ff23cdc0ea9d/elements - {"using":"xpath","value":"//*[@id=\"__button396\"]"}
RESULT: {"using":"xpath","value":"//*[@id=\"__button396\"]"}
COMMAND: POST /session/4712af7ad0eaf46e7406ff23cdc0ea9d/elements - {"using":"xpath","value":"//*[@id=\"__button396\"]"}
RESULT: {"using":"xpath","value":"//*[@id=\"__button396\"]"}
COMMAND: POST /session/4712af7ad0eaf46e7406ff23cdc0ea9d/elements - {"using":"xpath","value":"//*[@id=\"__button396\"]"}
RESULT: {"using":"xpath","value":"//*[@id=\"__button396\"]"}
COMMAND: POST /session/4712af7ad0eaf46e7406ff23cdc0ea9d/elements - {"using":"xpath","value":"//*[@id=\"__button396\"]"}
COMMAND: POST /session/4712af7ad0eaf46e7406ff23cdc0ea9d/element - {"using":"css selector","value":"#shell-header-logo"}
RESULT: {"using":"xpath","value":"//*[@id=\"__button396\"]"}
RESULT: {"using":"css selector","value":"#shell-header-logo"}
COMMAND: POST /session/4712af7ad0eaf46e7406ff23cdc0ea9d/execute/sync - {"script":"<script> [8489 bytes]","args":[{"element-6066-11e4-a52e-4f735466cecf":"f.791DC57474D669730896E8DA48EFF857.d.E1CB0A7DCE919F4ED114ADBB7E49A787.e.17675","ELEMENT":"f.791DC57474D669730896E8DA48EFF857.d.E1CB0A7DCE919F4ED114ADBB7E49A787.e.17675"}]}
RESULT: {"script":"<script> [8489 bytes]","args":[{"element-6066-11e4-a52e-4f735466cecf":"f.791DC57474D669730896E8DA48EFF857.d.E1CB0A7DCE919F4ED114ADBB7E49A787.e.17675","ELEMENT":"f.791DC57474D669730896E8DA48EFF857.d.E1CB0A7DCE919F4ED114ADBB7E49A787.e.17675"}]}
COMMAND: POST /session/4712af7ad0eaf46e7406ff23cdc0ea9d/execute/sync - {"script":"<script> [5351 bytes]","args":[{"element-6066-11e4-a52e-4f735466cecf":"f.791DC57474D669730896E8DA48EFF857.d.E1CB0A7DCE919F4ED114ADBB7E49A787.e.17675","ELEMENT":"f.791DC57474D669730896E8DA48EFF857.d.E1CB0A7DCE919F4ED114ADBB7E49A787.e.17675"}]}
COMMAND: GET /session/4712af7ad0eaf46e7406ff23cdc0ea9d/screenshot - {}
RESULT: {"script":"<script> [5351 bytes]","args":[{"element-6066-11e4-a52e-4f735466cecf":"f.791DC57474D669730896E8DA48EFF857.d.E1CB0A7DCE919F4ED114ADBB7E49A787.e.17675","ELEMENT":"f.791DC57474D669730896E8DA48EFF857.d.E1CB0A7DCE919F4ED114ADBB7E49A787.e.17675"}]}
COMMAND: POST /session/4712af7ad0eaf46e7406ff23cdc0ea9d/element/f.791DC57474D669730896E8DA48EFF857.d.E1CB0A7DCE919F4ED114ADBB7E49A787.e.17675/click - {}
COMMAND: GET /session/4712af7ad0eaf46e7406ff23cdc0ea9d/screenshot - {}
RESULT: {}
RESULT: {}
]]></system-out>
    </testcase>
    <testcase classname="chrome.135_0_7049_96.windows.Performance_based_billing_(work_days)_US139742" name="Should go to Manage Billings and trigger calculation check the conditions applied" time="56.034">
      <system-out><![CDATA[
COMMAND: POST /session/4712af7ad0eaf46e7406ff23cdc0ea9d/execute/async - {"script":"<script> [1562 bytes]","args":[{"selector":{"controlType":"sap.m.GenericTile","properties":{"header":"Manage Billings"}},"wdio_ui5_key":"sapm.GenericTile{\"header\":\"Manage Billings\"}"}]}
COMMAND: GET /session/4712af7ad0eaf46e7406ff23cdc0ea9d/screenshot - {}
RESULT: {}
RESULT: {"script":"<script> [1562 bytes]","args":[{"selector":{"controlType":"sap.m.GenericTile","properties":{"header":"Manage Billings"}},"wdio_ui5_key":"sapm.GenericTile{\"header\":\"Manage Billings\"}"}]}
RESULT: undefined
COMMAND: POST /session/4712af7ad0eaf46e7406ff23cdc0ea9d/element - {"using":"xpath","value":"//*[@id=\"__tile51\"]"}
RESULT: {}
RESULT: {"using":"xpath","value":"//*[@id=\"__tile51\"]"}
COMMAND: POST /session/4712af7ad0eaf46e7406ff23cdc0ea9d/element/f.791DC57474D669730896E8DA48EFF857.d.E1CB0A7DCE919F4ED114ADBB7E49A787.e.13806/click - {}
RESULT: {}
COMMAND: GET /session/4712af7ad0eaf46e7406ff23cdc0ea9d/screenshot - {}
RESULT: {}
COMMAND: POST /session/4712af7ad0eaf46e7406ff23cdc0ea9d/execute/async - {"script":"<script> [1562 bytes]","args":[{"selector":{"id":"application-managebillings-display-component---billRunCalcResult--smartFilterBar-btnBasicSearch","interaction":{"idSuffix":"I"}},"wdio_ui5_key":"applicationmanagebillings-display-component---billRunCalcResult--smartFilterBar-btnBasicSearch"}]}
RESULT: {"script":"<script> [1562 bytes]","args":[{"selector":{"id":"application-managebillings-display-component---billRunCalcResult--smartFilterBar-btnBasicSearch","interaction":{"idSuffix":"I"}},"wdio_ui5_key":"applicationmanagebillings-display-component---billRunCalcResult--smartFilterBar-btnBasicSearch"}]}
RESULT: undefined
COMMAND: POST /session/4712af7ad0eaf46e7406ff23cdc0ea9d/execute/async - {"script":"<script> [776 bytes]","args":[{"enterText":"10378","selector":{"id":"application-managebillings-display-component---billRunCalcResult--smartFilterBar-btnBasicSearch","interaction":{"idSuffix":"I"}},"clearTextFirst":true,"interactionType":"ENTER_TEXT"}]}
RESULT: {"script":"<script> [776 bytes]","args":[{"enterText":"10378","selector":{"id":"application-managebillings-display-component---billRunCalcResult--smartFilterBar-btnBasicSearch","interaction":{"idSuffix":"I"}},"clearTextFirst":true,"interactionType":"ENTER_TEXT"}]}
COMMAND: POST /session/4712af7ad0eaf46e7406ff23cdc0ea9d/actions - {"actions":[{"id":"action62","type":"key","parameters":{},"actions":[{"type":"keyDown","value":"î€‡"},{"type":"pause","duration":10},{"type":"keyUp","value":"î€‡"}]}]}
RESULT: {"actions":[{"id":"action62","type":"key","parameters":{},"actions":[{"type":"keyDown","value":"î€‡"},{"type":"pause","duration":10},{"type":"keyUp","value":"î€‡"}]}]}
COMMAND: GET /session/4712af7ad0eaf46e7406ff23cdc0ea9d/screenshot - {}
RESULT: {}
COMMAND: POST /session/4712af7ad0eaf46e7406ff23cdc0ea9d/element - {"using":"xpath","value":"//td[@aria-colindex=\"1\"]/div/div[contains(@class, \"sapMCbBg\")]"}
RESULT: {"using":"xpath","value":"//td[@aria-colindex=\"1\"]/div/div[contains(@class, \"sapMCbBg\")]"}
COMMAND: POST /session/4712af7ad0eaf46e7406ff23cdc0ea9d/element/f.791DC57474D669730896E8DA48EFF857.d.E1CB0A7DCE919F4ED114ADBB7E49A787.e.18074/click - {}
RESULT: {}
COMMAND: GET /session/4712af7ad0eaf46e7406ff23cdc0ea9d/screenshot - {}
RESULT: {}
COMMAND: POST /session/4712af7ad0eaf46e7406ff23cdc0ea9d/execute/async - {"script":"<script> [1562 bytes]","args":[{"selector":{"id":"application-managebillings-display-component---billRunCalcResult--contractBillRunDate","interaction":{"idSuffix":"inner"}},"wdio_ui5_key":"applicationmanagebillings-display-component---billRunCalcResult--contractBillRunDate"}]}
RESULT: {"script":"<script> [1562 bytes]","args":[{"selector":{"id":"application-managebillings-display-component---billRunCalcResult--contractBillRunDate","interaction":{"idSuffix":"inner"}},"wdio_ui5_key":"applicationmanagebillings-display-component---billRunCalcResult--contractBillRunDate"}]}
RESULT: undefined
COMMAND: POST /session/4712af7ad0eaf46e7406ff23cdc0ea9d/execute/async - {"script":"<script> [776 bytes]","args":[{"enterText":"05/30/25","selector":{"id":"application-managebillings-display-component---billRunCalcResult--contractBillRunDate","interaction":{"idSuffix":"inner"}},"clearTextFirst":true,"interactionType":"ENTER_TEXT"}]}
RESULT: {"script":"<script> [776 bytes]","args":[{"enterText":"05/30/25","selector":{"id":"application-managebillings-display-component---billRunCalcResult--contractBillRunDate","interaction":{"idSuffix":"inner"}},"clearTextFirst":true,"interactionType":"ENTER_TEXT"}]}
COMMAND: POST /session/4712af7ad0eaf46e7406ff23cdc0ea9d/element - {"using":"xpath","value":"//bdi[contains(text(), \"Trigger Calculation\")]"}
RESULT: {"using":"xpath","value":"//bdi[contains(text(), \"Trigger Calculation\")]"}
COMMAND: POST /session/4712af7ad0eaf46e7406ff23cdc0ea9d/element/f.791DC57474D669730896E8DA48EFF857.d.E1CB0A7DCE919F4ED114ADBB7E49A787.e.18125/click - {}
RESULT: {}
COMMAND: GET /session/4712af7ad0eaf46e7406ff23cdc0ea9d/screenshot - {}
RESULT: {}
COMMAND: POST /session/4712af7ad0eaf46e7406ff23cdc0ea9d/element - {"using":"xpath","value":"(//span[contains(@id, \"imgNav\")])[1]"}
RESULT: {"using":"xpath","value":"(//span[contains(@id, \"imgNav\")])[1]"}
COMMAND: POST /session/4712af7ad0eaf46e7406ff23cdc0ea9d/element/f.791DC57474D669730896E8DA48EFF857.d.E1CB0A7DCE919F4ED114ADBB7E49A787.e.18075/click - {}
RESULT: {}
COMMAND: GET /session/4712af7ad0eaf46e7406ff23cdc0ea9d/screenshot - {}
RESULT: {}
COMMAND: POST /session/4712af7ad0eaf46e7406ff23cdc0ea9d/element - {"using":"xpath","value":"//tr/td[6]/div[1]/span[1]/span[1]"}
RESULT: {"using":"xpath","value":"//tr/td[6]/div[1]/span[1]/span[1]"}
COMMAND: GET /session/4712af7ad0eaf46e7406ff23cdc0ea9d/element/f.791DC57474D669730896E8DA48EFF857.d.E1CB0A7DCE919F4ED114ADBB7E49A787.e.18130/text - {}
RESULT: {}
COMMAND: POST /session/4712af7ad0eaf46e7406ff23cdc0ea9d/element - {"using":"xpath","value":"(//span[contains(@id, \"imgNav\")])[2]"}
RESULT: {"using":"xpath","value":"(//span[contains(@id, \"imgNav\")])[2]"}
COMMAND: POST /session/4712af7ad0eaf46e7406ff23cdc0ea9d/element/f.791DC57474D669730896E8DA48EFF857.d.E1CB0A7DCE919F4ED114ADBB7E49A787.e.18131/click - {}
RESULT: {}
COMMAND: POST /session/4712af7ad0eaf46e7406ff23cdc0ea9d/element - {"using":"xpath","value":"//bdi[contains(text(), \"Business Confirm\")]"}
COMMAND: GET /session/4712af7ad0eaf46e7406ff23cdc0ea9d/screenshot - {}
RESULT: {"using":"xpath","value":"//bdi[contains(text(), \"Business Confirm\")]"}
COMMAND: POST /session/4712af7ad0eaf46e7406ff23cdc0ea9d/elements - {"using":"xpath","value":"//bdi[contains(text(), \"Business Confirm\")]"}
RESULT: {}
RESULT: {"using":"xpath","value":"//bdi[contains(text(), \"Business Confirm\")]"}
COMMAND: POST /session/4712af7ad0eaf46e7406ff23cdc0ea9d/element - {"using":"xpath","value":"//bdi[contains(text(), \"Business Confirm\")]"}
RESULT: {"using":"xpath","value":"//bdi[contains(text(), \"Business Confirm\")]"}
COMMAND: POST /session/4712af7ad0eaf46e7406ff23cdc0ea9d/element/f.791DC57474D669730896E8DA48EFF857.d.E1CB0A7DCE919F4ED114ADBB7E49A787.e.18185/click - {}
RESULT: {}
COMMAND: POST /session/4712af7ad0eaf46e7406ff23cdc0ea9d/element - {"using":"css selector","value":"#shell-header-logo"}
COMMAND: GET /session/4712af7ad0eaf46e7406ff23cdc0ea9d/screenshot - {}
RESULT: {"using":"css selector","value":"#shell-header-logo"}
COMMAND: POST /session/4712af7ad0eaf46e7406ff23cdc0ea9d/element/f.791DC57474D669730896E8DA48EFF857.d.E1CB0A7DCE919F4ED114ADBB7E49A787.e.17867/click - {}
RESULT: {}
RESULT: {}
COMMAND: GET /session/4712af7ad0eaf46e7406ff23cdc0ea9d/screenshot - {}
RESULT: {}
COMMAND: POST /session/4712af7ad0eaf46e7406ff23cdc0ea9d/element - {"using":"css selector","value":"#j_username"}
COMMAND: POST /session/4712af7ad0eaf46e7406ff23cdc0ea9d/url - {"url":"https://qa-testing-00-live-etm-ui.cfapps.eu10-004.hana.ondemand.com/"}
RESULT: {"using":"css selector","value":"#j_username"}
COMMAND: POST /session/4712af7ad0eaf46e7406ff23cdc0ea9d/element - {"using":"css selector","value":"#j_username"}
RESULT: {"url":"https://qa-testing-00-live-etm-ui.cfapps.eu10-004.hana.ondemand.com/"}
RESULT: undefined
COMMAND: GET /session/4712af7ad0eaf46e7406ff23cdc0ea9d/screenshot - {}
RESULT: {"using":"css selector","value":"#j_username"}
COMMAND: POST /session/4712af7ad0eaf46e7406ff23cdc0ea9d/element - {"using":"css selector","value":"#shell-header-logo"}
RESULT: {}
RESULT: {"using":"css selector","value":"#shell-header-logo"}
COMMAND: POST /session/4712af7ad0eaf46e7406ff23cdc0ea9d/execute/sync - {"script":"<script> [8489 bytes]","args":[{"element-6066-11e4-a52e-4f735466cecf":"f.791DC57474D669730896E8DA48EFF857.d.A26D01091678D0FA67BB0255875A0590.e.18227","ELEMENT":"f.791DC57474D669730896E8DA48EFF857.d.A26D01091678D0FA67BB0255875A0590.e.18227"}]}
RESULT: {"script":"<script> [8489 bytes]","args":[{"element-6066-11e4-a52e-4f735466cecf":"f.791DC57474D669730896E8DA48EFF857.d.A26D01091678D0FA67BB0255875A0590.e.18227","ELEMENT":"f.791DC57474D669730896E8DA48EFF857.d.A26D01091678D0FA67BB0255875A0590.e.18227"}]}
COMMAND: POST /session/4712af7ad0eaf46e7406ff23cdc0ea9d/element - {"using":"css selector","value":"#shell-header-logo"}
COMMAND: GET /session/4712af7ad0eaf46e7406ff23cdc0ea9d/screenshot - {}
RESULT: {"using":"css selector","value":"#shell-header-logo"}
COMMAND: POST /session/4712af7ad0eaf46e7406ff23cdc0ea9d/execute/sync - {"script":"<script> [8489 bytes]","args":[{"element-6066-11e4-a52e-4f735466cecf":"f.791DC57474D669730896E8DA48EFF857.d.A26D01091678D0FA67BB0255875A0590.e.18227","ELEMENT":"f.791DC57474D669730896E8DA48EFF857.d.A26D01091678D0FA67BB0255875A0590.e.18227"}]}
RESULT: {}
RESULT: {"script":"<script> [8489 bytes]","args":[{"element-6066-11e4-a52e-4f735466cecf":"f.791DC57474D669730896E8DA48EFF857.d.A26D01091678D0FA67BB0255875A0590.e.18227","ELEMENT":"f.791DC57474D669730896E8DA48EFF857.d.A26D01091678D0FA67BB0255875A0590.e.18227"}]}
COMMAND: POST /session/4712af7ad0eaf46e7406ff23cdc0ea9d/execute/sync - {"script":"<script> [5351 bytes]","args":[{"element-6066-11e4-a52e-4f735466cecf":"f.791DC57474D669730896E8DA48EFF857.d.A26D01091678D0FA67BB0255875A0590.e.18227","ELEMENT":"f.791DC57474D669730896E8DA48EFF857.d.A26D01091678D0FA67BB0255875A0590.e.18227"}]}
COMMAND: GET /session/4712af7ad0eaf46e7406ff23cdc0ea9d/screenshot - {}
RESULT: {"script":"<script> [5351 bytes]","args":[{"element-6066-11e4-a52e-4f735466cecf":"f.791DC57474D669730896E8DA48EFF857.d.A26D01091678D0FA67BB0255875A0590.e.18227","ELEMENT":"f.791DC57474D669730896E8DA48EFF857.d.A26D01091678D0FA67BB0255875A0590.e.18227"}]}
COMMAND: POST /session/4712af7ad0eaf46e7406ff23cdc0ea9d/element - {"using":"css selector","value":"#shell-header-logo"}
COMMAND: GET /session/4712af7ad0eaf46e7406ff23cdc0ea9d/screenshot - {}
RESULT: {}
RESULT: {"using":"css selector","value":"#shell-header-logo"}
COMMAND: POST /session/4712af7ad0eaf46e7406ff23cdc0ea9d/element/f.791DC57474D669730896E8DA48EFF857.d.A26D01091678D0FA67BB0255875A0590.e.18227/click - {}
RESULT: {}
RESULT: {}
COMMAND: GET /session/4712af7ad0eaf46e7406ff23cdc0ea9d/screenshot - {}
RESULT: {}
COMMAND: POST /session/4712af7ad0eaf46e7406ff23cdc0ea9d/execute/async - {"script":"<script> [189 bytes]","args":[]}
RESULT: {"script":"<script> [189 bytes]","args":[]}
COMMAND: POST /session/4712af7ad0eaf46e7406ff23cdc0ea9d/execute/async - {"script":"<script> [123 bytes]","args":[]}
RESULT: {"script":"<script> [123 bytes]","args":[]}
COMMAND: POST /session/4712af7ad0eaf46e7406ff23cdc0ea9d/timeouts - {"script":"<number>"}
RESULT: {"script":"<number>"}
COMMAND: GET /session/4712af7ad0eaf46e7406ff23cdc0ea9d/timeouts - {}
RESULT: {}
RESULT: undefined
COMMAND: POST /session/4712af7ad0eaf46e7406ff23cdc0ea9d/execute/async - {"script":"<script> [2676 bytes]","args":[]}
RESULT: {"script":"<script> [2676 bytes]","args":[]}
COMMAND: POST /session/4712af7ad0eaf46e7406ff23cdc0ea9d/execute/async - {"script":"<script> [2342 bytes]","args":[{"protocol":"http","hostname":"0.0.0.0","path":"/","capabilities":{"browserName":"chrome","goog:chromeOptions":{"binary":"C:\\Program Files\\Google\\Chrome\\Application\\chrome.exe","args":["--start-maximized"]}},"logLevel":"warn","connectionRetryTimeout":120000,"connectionRetryCount":3,"logLevels":{},"enableDirectConnect":true,"strictSSL":true,"_":"65 more keys: [\"cacheDir\",\"port\",\"requestedCapabilities\",\"automationProtocol\",\"baseUrl\",\"waitforInterval\",\"waitforTimeout\",\"onReload\",\"beforeCommand\",\"afterCommand\",\"rootDir\",\"specs\",\"suites\",\"exclude\",\"groupLogsByTestSpec\",\"excludeDriverLogs\",\"bail\",\"framework\",\"reporters\",\"services\",\"maxInstances\",\"maxInstancesPerCapability\",\"injectGlobals\",\"filesToWatch\",\"execArgv\",\"runnerEnv\",\"runner\",\"shard\",\"specFileRetries\",\"specFileRetriesDelay\",\"specFileRetriesDeferred\",\"reporterSyncInterval\",\"reporterSyncTimeout\",\"cucumberFeaturesWithLineNumbers\",\"autoCompileOpts\",\"mochaOpts\",\"jasmineOpts\",\"cucumberOpts\",\"onPrepare\",\"onWorkerStart\",\"onWorkerEnd\",\"before\",\"beforeSession\",\"beforeSuite\",\"beforeHook\",\"beforeTest\",\"afterTest\",\"afterHook\",\"afterSuite\",\"afterSession\",\"after\",\"onComplete\",\"beforeAssertion\",\"afterAssertion\",\"beforeFeature\",\"beforeScenario\",\"beforeStep\",\"afterStep\",\"afterScenario\",\"afterFeature\",\"_\",\"suite\",\"$0\",\"ignoredWorkerServices\",\"wdi5\"]"}]}
RESULT: {"script":"<script> [2342 bytes]","args":[{"protocol":"http","hostname":"0.0.0.0","path":"/","capabilities":{"browserName":"chrome","goog:chromeOptions":{"binary":"C:\\Program Files\\Google\\Chrome\\Application\\chrome.exe","args":["--start-maximized"]}},"logLevel":"warn","connectionRetryTimeout":120000,"connectionRetryCount":3,"logLevels":{},"enableDirectConnect":true,"strictSSL":true,"_":"65 more keys: [\"cacheDir\",\"port\",\"requestedCapabilities\",\"automationProtocol\",\"baseUrl\",\"waitforInterval\",\"waitforTimeout\",\"onReload\",\"beforeCommand\",\"afterCommand\",\"rootDir\",\"specs\",\"suites\",\"exclude\",\"groupLogsByTestSpec\",\"excludeDriverLogs\",\"bail\",\"framework\",\"reporters\",\"services\",\"maxInstances\",\"maxInstancesPerCapability\",\"injectGlobals\",\"filesToWatch\",\"execArgv\",\"runnerEnv\",\"runner\",\"shard\",\"specFileRetries\",\"specFileRetriesDelay\",\"specFileRetriesDeferred\",\"reporterSyncInterval\",\"reporterSyncTimeout\",\"cucumberFeaturesWithLineNumbers\",\"autoCompileOpts\",\"mochaOpts\",\"jasmineOpts\",\"cucumberOpts\",\"onPrepare\",\"onWorkerStart\",\"onWorkerEnd\",\"before\",\"beforeSession\",\"beforeSuite\",\"beforeHook\",\"beforeTest\",\"afterTest\",\"afterHook\",\"afterSuite\",\"afterSession\",\"after\",\"onComplete\",\"beforeAssertion\",\"afterAssertion\",\"beforeFeature\",\"beforeScenario\",\"beforeStep\",\"afterStep\",\"afterScenario\",\"afterFeature\",\"_\",\"suite\",\"$0\",\"ignoredWorkerServices\",\"wdi5\"]"}]}
COMMAND: POST /session/4712af7ad0eaf46e7406ff23cdc0ea9d/execute/async - {"script":"<script> [21126 bytes]","args":[35000]}
RESULT: {"script":"<script> [21126 bytes]","args":[35000]}
COMMAND: POST /session/4712af7ad0eaf46e7406ff23cdc0ea9d/window/maximize - {}
RESULT: {}
COMMAND: POST /session/4712af7ad0eaf46e7406ff23cdc0ea9d/execute/async - {"script":"<script> [1562 bytes]","args":[{"selector":{"id":"shell-header","interaction":{"idSuffix":"icon"}},"wdio_ui5_key":"shellheader"}]}
COMMAND: GET /session/4712af7ad0eaf46e7406ff23cdc0ea9d/screenshot - {}
RESULT: {"script":"<script> [1562 bytes]","args":[{"selector":{"id":"shell-header","interaction":{"idSuffix":"icon"}},"wdio_ui5_key":"shellheader"}]}
RESULT: undefined
COMMAND: POST /session/4712af7ad0eaf46e7406ff23cdc0ea9d/refresh - {}
RESULT: {}
RESULT: {}
COMMAND: GET /session/4712af7ad0eaf46e7406ff23cdc0ea9d/screenshot - {}
RESULT: {}
COMMAND: POST /session/4712af7ad0eaf46e7406ff23cdc0ea9d/refresh - {}
RESULT: {}
COMMAND: GET /session/4712af7ad0eaf46e7406ff23cdc0ea9d/screenshot - {}
RESULT: {}
COMMAND: POST /session/4712af7ad0eaf46e7406ff23cdc0ea9d/window/fullscreen - {}
RESULT: {}
COMMAND: POST /session/4712af7ad0eaf46e7406ff23cdc0ea9d/execute/async - {"script":"<script> [189 bytes]","args":[]}
RESULT: {"script":"<script> [189 bytes]","args":[]}
COMMAND: POST /session/4712af7ad0eaf46e7406ff23cdc0ea9d/execute/async - {"script":"<script> [123 bytes]","args":[]}
RESULT: {"script":"<script> [123 bytes]","args":[]}
COMMAND: POST /session/4712af7ad0eaf46e7406ff23cdc0ea9d/timeouts - {"script":"<number>"}
RESULT: {"script":"<number>"}
COMMAND: GET /session/4712af7ad0eaf46e7406ff23cdc0ea9d/timeouts - {}
RESULT: {}
RESULT: undefined
COMMAND: POST /session/4712af7ad0eaf46e7406ff23cdc0ea9d/execute/async - {"script":"<script> [2676 bytes]","args":[]}
RESULT: {"script":"<script> [2676 bytes]","args":[]}
COMMAND: POST /session/4712af7ad0eaf46e7406ff23cdc0ea9d/execute/async - {"script":"<script> [2342 bytes]","args":[{"protocol":"http","hostname":"0.0.0.0","path":"/","capabilities":{"browserName":"chrome","goog:chromeOptions":{"binary":"C:\\Program Files\\Google\\Chrome\\Application\\chrome.exe","args":["--start-maximized"]}},"logLevel":"warn","connectionRetryTimeout":120000,"connectionRetryCount":3,"logLevels":{},"enableDirectConnect":true,"strictSSL":true,"_":"65 more keys: [\"cacheDir\",\"port\",\"requestedCapabilities\",\"automationProtocol\",\"baseUrl\",\"waitforInterval\",\"waitforTimeout\",\"onReload\",\"beforeCommand\",\"afterCommand\",\"rootDir\",\"specs\",\"suites\",\"exclude\",\"groupLogsByTestSpec\",\"excludeDriverLogs\",\"bail\",\"framework\",\"reporters\",\"services\",\"maxInstances\",\"maxInstancesPerCapability\",\"injectGlobals\",\"filesToWatch\",\"execArgv\",\"runnerEnv\",\"runner\",\"shard\",\"specFileRetries\",\"specFileRetriesDelay\",\"specFileRetriesDeferred\",\"reporterSyncInterval\",\"reporterSyncTimeout\",\"cucumberFeaturesWithLineNumbers\",\"autoCompileOpts\",\"mochaOpts\",\"jasmineOpts\",\"cucumberOpts\",\"onPrepare\",\"onWorkerStart\",\"onWorkerEnd\",\"before\",\"beforeSession\",\"beforeSuite\",\"beforeHook\",\"beforeTest\",\"afterTest\",\"afterHook\",\"afterSuite\",\"afterSession\",\"after\",\"onComplete\",\"beforeAssertion\",\"afterAssertion\",\"beforeFeature\",\"beforeScenario\",\"beforeStep\",\"afterStep\",\"afterScenario\",\"afterFeature\",\"_\",\"suite\",\"$0\",\"ignoredWorkerServices\",\"wdi5\"]"}]}
RESULT: {"script":"<script> [2342 bytes]","args":[{"protocol":"http","hostname":"0.0.0.0","path":"/","capabilities":{"browserName":"chrome","goog:chromeOptions":{"binary":"C:\\Program Files\\Google\\Chrome\\Application\\chrome.exe","args":["--start-maximized"]}},"logLevel":"warn","connectionRetryTimeout":120000,"connectionRetryCount":3,"logLevels":{},"enableDirectConnect":true,"strictSSL":true,"_":"65 more keys: [\"cacheDir\",\"port\",\"requestedCapabilities\",\"automationProtocol\",\"baseUrl\",\"waitforInterval\",\"waitforTimeout\",\"onReload\",\"beforeCommand\",\"afterCommand\",\"rootDir\",\"specs\",\"suites\",\"exclude\",\"groupLogsByTestSpec\",\"excludeDriverLogs\",\"bail\",\"framework\",\"reporters\",\"services\",\"maxInstances\",\"maxInstancesPerCapability\",\"injectGlobals\",\"filesToWatch\",\"execArgv\",\"runnerEnv\",\"runner\",\"shard\",\"specFileRetries\",\"specFileRetriesDelay\",\"specFileRetriesDeferred\",\"reporterSyncInterval\",\"reporterSyncTimeout\",\"cucumberFeaturesWithLineNumbers\",\"autoCompileOpts\",\"mochaOpts\",\"jasmineOpts\",\"cucumberOpts\",\"onPrepare\",\"onWorkerStart\",\"onWorkerEnd\",\"before\",\"beforeSession\",\"beforeSuite\",\"beforeHook\",\"beforeTest\",\"afterTest\",\"afterHook\",\"afterSuite\",\"afterSession\",\"after\",\"onComplete\",\"beforeAssertion\",\"afterAssertion\",\"beforeFeature\",\"beforeScenario\",\"beforeStep\",\"afterStep\",\"afterScenario\",\"afterFeature\",\"_\",\"suite\",\"$0\",\"ignoredWorkerServices\",\"wdi5\"]"}]}
COMMAND: POST /session/4712af7ad0eaf46e7406ff23cdc0ea9d/execute/async - {"script":"<script> [21126 bytes]","args":[35000]}
RESULT: {"script":"<script> [21126 bytes]","args":[35000]}
]]></system-out>
    </testcase>
  </testsuite>
  <testsuite timestamp="2025-04-30T06:22:50" time="1281.828" tests="20" failures="4" errors="4" skipped="0">
    <properties>
      <property name="specId" value="0" />
      <property name="suiteName" value="Billing Calculation - Time based (considering transport times) US139738" />
      <property name="capabilities" value="chrome.135_0_7049_96.windows" />
      <property name="file" value="file:///D:/a/1/s/test/specs/BTS/billing-calculation-transp-times.spec.js" />
    </properties>
    <testcase classname="chrome.135_0_7049_96.windows.Billing_Calculation_-_Time_based_(considering_transport_times)_US139738" name="Should create a new yard" time="0.013">
      <system-out><![CDATA[
COMMAND: POST /session/4712af7ad0eaf46e7406ff23cdc0ea9d/window/fullscreen - {}
RESULT: {}
]]></system-out>
    </testcase>
    <testcase classname="chrome.135_0_7049_96.windows.Billing_Calculation_-_Time_based_(considering_transport_times)_US139738" name="Should create a new partner" time="0.004" />
    <testcase classname="chrome.135_0_7049_96.windows.Billing_Calculation_-_Time_based_(considering_transport_times)_US139738" name="Should create a new site" time="0.013" />
    <testcase classname="chrome.135_0_7049_96.windows.Billing_Calculation_-_Time_based_(considering_transport_times)_US139738" name="Should create the 1st equipment" time="124.331">
      <system-out><![CDATA[
COMMAND: POST /session/4712af7ad0eaf46e7406ff23cdc0ea9d/execute/async - {"script":"<script> [1562 bytes]","args":[{"selector":{"controlType":"sap.m.GenericTile","properties":{"header":"Manage Resources"}},"wdio_ui5_key":"sapm.GenericTile{\"header\":\"Manage Resources\"}"}]}
RESULT: {"script":"<script> [1562 bytes]","args":[{"selector":{"controlType":"sap.m.GenericTile","properties":{"header":"Manage Resources"}},"wdio_ui5_key":"sapm.GenericTile{\"header\":\"Manage Resources\"}"}]}
RESULT: undefined
COMMAND: POST /session/4712af7ad0eaf46e7406ff23cdc0ea9d/element - {"using":"xpath","value":"//*[@id=\"__tile39\"]"}
RESULT: {"using":"xpath","value":"//*[@id=\"__tile39\"]"}
COMMAND: POST /session/4712af7ad0eaf46e7406ff23cdc0ea9d/element/f.791DC57474D669730896E8DA48EFF857.d.88EDD89832519BCB07506C72A9E46E15.e.18380/click - {}
RESULT: {}
COMMAND: POST /session/4712af7ad0eaf46e7406ff23cdc0ea9d/element - {"using":"xpath","value":"//button[@data-kt=\"addNewRUOverflowToolbarButton\"]"}
COMMAND: GET /session/4712af7ad0eaf46e7406ff23cdc0ea9d/screenshot - {}
RESULT: {"using":"xpath","value":"//button[@data-kt=\"addNewRUOverflowToolbarButton\"]"}
COMMAND: POST /session/4712af7ad0eaf46e7406ff23cdc0ea9d/elements - {"using":"xpath","value":"//button[@data-kt=\"addNewRUOverflowToolbarButton\"]"}
RESULT: {}
RESULT: {"using":"xpath","value":"//button[@data-kt=\"addNewRUOverflowToolbarButton\"]"}
COMMAND: POST /session/4712af7ad0eaf46e7406ff23cdc0ea9d/elements - {"using":"xpath","value":"//button[@data-kt=\"addNewRUOverflowToolbarButton\"]"}
RESULT: {"using":"xpath","value":"//button[@data-kt=\"addNewRUOverflowToolbarButton\"]"}
COMMAND: POST /session/4712af7ad0eaf46e7406ff23cdc0ea9d/elements - {"using":"xpath","value":"//button[@data-kt=\"addNewRUOverflowToolbarButton\"]"}
RESULT: {"using":"xpath","value":"//button[@data-kt=\"addNewRUOverflowToolbarButton\"]"}
COMMAND: POST /session/4712af7ad0eaf46e7406ff23cdc0ea9d/elements - {"using":"xpath","value":"//button[@data-kt=\"addNewRUOverflowToolbarButton\"]"}
RESULT: {"using":"xpath","value":"//button[@data-kt=\"addNewRUOverflowToolbarButton\"]"}
COMMAND: POST /session/4712af7ad0eaf46e7406ff23cdc0ea9d/elements - {"using":"xpath","value":"//button[@data-kt=\"addNewRUOverflowToolbarButton\"]"}
RESULT: {"using":"xpath","value":"//button[@data-kt=\"addNewRUOverflowToolbarButton\"]"}
COMMAND: POST /session/4712af7ad0eaf46e7406ff23cdc0ea9d/elements - {"using":"xpath","value":"//button[@data-kt=\"addNewRUOverflowToolbarButton\"]"}
RESULT: {"using":"xpath","value":"//button[@data-kt=\"addNewRUOverflowToolbarButton\"]"}
COMMAND: POST /session/4712af7ad0eaf46e7406ff23cdc0ea9d/elements - {"using":"xpath","value":"//button[@data-kt=\"addNewRUOverflowToolbarButton\"]"}
RESULT: {"using":"xpath","value":"//button[@data-kt=\"addNewRUOverflowToolbarButton\"]"}
COMMAND: POST /session/4712af7ad0eaf46e7406ff23cdc0ea9d/elements - {"using":"xpath","value":"//button[@data-kt=\"addNewRUOverflowToolbarButton\"]"}
RESULT: {"using":"xpath","value":"//button[@data-kt=\"addNewRUOverflowToolbarButton\"]"}
COMMAND: POST /session/4712af7ad0eaf46e7406ff23cdc0ea9d/elements - {"using":"xpath","value":"//button[@data-kt=\"addNewRUOverflowToolbarButton\"]"}
RESULT: {"using":"xpath","value":"//button[@data-kt=\"addNewRUOverflowToolbarButton\"]"}
COMMAND: POST /session/4712af7ad0eaf46e7406ff23cdc0ea9d/elements - {"using":"xpath","value":"//button[@data-kt=\"addNewRUOverflowToolbarButton\"]"}
RESULT: {"using":"xpath","value":"//button[@data-kt=\"addNewRUOverflowToolbarButton\"]"}
COMMAND: POST /session/4712af7ad0eaf46e7406ff23cdc0ea9d/elements - {"using":"xpath","value":"//button[@data-kt=\"addNewRUOverflowToolbarButton\"]"}
RESULT: {"using":"xpath","value":"//button[@data-kt=\"addNewRUOverflowToolbarButton\"]"}
COMMAND: POST /session/4712af7ad0eaf46e7406ff23cdc0ea9d/elements - {"using":"xpath","value":"//button[@data-kt=\"addNewRUOverflowToolbarButton\"]"}
RESULT: {"using":"xpath","value":"//button[@data-kt=\"addNewRUOverflowToolbarButton\"]"}
COMMAND: POST /session/4712af7ad0eaf46e7406ff23cdc0ea9d/elements - {"using":"xpath","value":"//button[@data-kt=\"addNewRUOverflowToolbarButton\"]"}
RESULT: {"using":"xpath","value":"//button[@data-kt=\"addNewRUOverflowToolbarButton\"]"}
COMMAND: POST /session/4712af7ad0eaf46e7406ff23cdc0ea9d/elements - {"using":"xpath","value":"//button[@data-kt=\"addNewRUOverflowToolbarButton\"]"}
RESULT: {"using":"xpath","value":"//button[@data-kt=\"addNewRUOverflowToolbarButton\"]"}
COMMAND: POST /session/4712af7ad0eaf46e7406ff23cdc0ea9d/elements - {"using":"xpath","value":"//button[@data-kt=\"addNewRUOverflowToolbarButton\"]"}
RESULT: {"using":"xpath","value":"//button[@data-kt=\"addNewRUOverflowToolbarButton\"]"}
COMMAND: POST /session/4712af7ad0eaf46e7406ff23cdc0ea9d/elements - {"using":"xpath","value":"//button[@data-kt=\"addNewRUOverflowToolbarButton\"]"}
RESULT: {"using":"xpath","value":"//button[@data-kt=\"addNewRUOverflowToolbarButton\"]"}
COMMAND: POST /session/4712af7ad0eaf46e7406ff23cdc0ea9d/elements - {"using":"xpath","value":"//button[@data-kt=\"addNewRUOverflowToolbarButton\"]"}
RESULT: {"using":"xpath","value":"//button[@data-kt=\"addNewRUOverflowToolbarButton\"]"}
COMMAND: POST /session/4712af7ad0eaf46e7406ff23cdc0ea9d/elements - {"using":"xpath","value":"//button[@data-kt=\"addNewRUOverflowToolbarButton\"]"}
RESULT: {"using":"xpath","value":"//button[@data-kt=\"addNewRUOverflowToolbarButton\"]"}
COMMAND: POST /session/4712af7ad0eaf46e7406ff23cdc0ea9d/elements - {"using":"xpath","value":"//button[@data-kt=\"addNewRUOverflowToolbarButton\"]"}
RESULT: {"using":"xpath","value":"//button[@data-kt=\"addNewRUOverflowToolbarButton\"]"}
COMMAND: POST /session/4712af7ad0eaf46e7406ff23cdc0ea9d/elements - {"using":"xpath","value":"//button[@data-kt=\"addNewRUOverflowToolbarButton\"]"}
RESULT: {"using":"xpath","value":"//button[@data-kt=\"addNewRUOverflowToolbarButton\"]"}
COMMAND: POST /session/4712af7ad0eaf46e7406ff23cdc0ea9d/elements - {"using":"xpath","value":"//button[@data-kt=\"addNewRUOverflowToolbarButton\"]"}
RESULT: {"using":"xpath","value":"//button[@data-kt=\"addNewRUOverflowToolbarButton\"]"}
COMMAND: POST /session/4712af7ad0eaf46e7406ff23cdc0ea9d/elements - {"using":"xpath","value":"//button[@data-kt=\"addNewRUOverflowToolbarButton\"]"}
RESULT: {"using":"xpath","value":"//button[@data-kt=\"addNewRUOverflowToolbarButton\"]"}
COMMAND: POST /session/4712af7ad0eaf46e7406ff23cdc0ea9d/elements - {"using":"xpath","value":"//button[@data-kt=\"addNewRUOverflowToolbarButton\"]"}
RESULT: {"using":"xpath","value":"//button[@data-kt=\"addNewRUOverflowToolbarButton\"]"}
COMMAND: POST /session/4712af7ad0eaf46e7406ff23cdc0ea9d/elements - {"using":"xpath","value":"//button[@data-kt=\"addNewRUOverflowToolbarButton\"]"}
RESULT: {"using":"xpath","value":"//button[@data-kt=\"addNewRUOverflowToolbarButton\"]"}
COMMAND: POST /session/4712af7ad0eaf46e7406ff23cdc0ea9d/elements - {"using":"xpath","value":"//button[@data-kt=\"addNewRUOverflowToolbarButton\"]"}
RESULT: {"using":"xpath","value":"//button[@data-kt=\"addNewRUOverflowToolbarButton\"]"}
COMMAND: POST /session/4712af7ad0eaf46e7406ff23cdc0ea9d/elements - {"using":"xpath","value":"//button[@data-kt=\"addNewRUOverflowToolbarButton\"]"}
RESULT: {"using":"xpath","value":"//button[@data-kt=\"addNewRUOverflowToolbarButton\"]"}
COMMAND: POST /session/4712af7ad0eaf46e7406ff23cdc0ea9d/elements - {"using":"xpath","value":"//button[@data-kt=\"addNewRUOverflowToolbarButton\"]"}
RESULT: {"using":"xpath","value":"//button[@data-kt=\"addNewRUOverflowToolbarButton\"]"}
COMMAND: POST /session/4712af7ad0eaf46e7406ff23cdc0ea9d/elements - {"using":"xpath","value":"//button[@data-kt=\"addNewRUOverflowToolbarButton\"]"}
RESULT: {"using":"xpath","value":"//button[@data-kt=\"addNewRUOverflowToolbarButton\"]"}
COMMAND: POST /session/4712af7ad0eaf46e7406ff23cdc0ea9d/elements - {"using":"xpath","value":"//button[@data-kt=\"addNewRUOverflowToolbarButton\"]"}
RESULT: {"using":"xpath","value":"//button[@data-kt=\"addNewRUOverflowToolbarButton\"]"}
COMMAND: POST /session/4712af7ad0eaf46e7406ff23cdc0ea9d/elements - {"using":"xpath","value":"//button[@data-kt=\"addNewRUOverflowToolbarButton\"]"}
RESULT: {"using":"xpath","value":"//button[@data-kt=\"addNewRUOverflowToolbarButton\"]"}
COMMAND: POST /session/4712af7ad0eaf46e7406ff23cdc0ea9d/elements - {"using":"xpath","value":"//button[@data-kt=\"addNewRUOverflowToolbarButton\"]"}
RESULT: {"using":"xpath","value":"//button[@data-kt=\"addNewRUOverflowToolbarButton\"]"}
COMMAND: POST /session/4712af7ad0eaf46e7406ff23cdc0ea9d/elements - {"using":"xpath","value":"//button[@data-kt=\"addNewRUOverflowToolbarButton\"]"}
RESULT: {"using":"xpath","value":"//button[@data-kt=\"addNewRUOverflowToolbarButton\"]"}
COMMAND: POST /session/4712af7ad0eaf46e7406ff23cdc0ea9d/elements - {"using":"xpath","value":"//button[@data-kt=\"addNewRUOverflowToolbarButton\"]"}
RESULT: {"using":"xpath","value":"//button[@data-kt=\"addNewRUOverflowToolbarButton\"]"}
COMMAND: POST /session/4712af7ad0eaf46e7406ff23cdc0ea9d/elements - {"using":"xpath","value":"//button[@data-kt=\"addNewRUOverflowToolbarButton\"]"}
RESULT: {"using":"xpath","value":"//button[@data-kt=\"addNewRUOverflowToolbarButton\"]"}
COMMAND: POST /session/4712af7ad0eaf46e7406ff23cdc0ea9d/elements - {"using":"xpath","value":"//button[@data-kt=\"addNewRUOverflowToolbarButton\"]"}
RESULT: {"using":"xpath","value":"//button[@data-kt=\"addNewRUOverflowToolbarButton\"]"}
COMMAND: POST /session/4712af7ad0eaf46e7406ff23cdc0ea9d/elements - {"using":"xpath","value":"//button[@data-kt=\"addNewRUOverflowToolbarButton\"]"}
RESULT: {"using":"xpath","value":"//button[@data-kt=\"addNewRUOverflowToolbarButton\"]"}
COMMAND: POST /session/4712af7ad0eaf46e7406ff23cdc0ea9d/elements - {"using":"xpath","value":"//button[@data-kt=\"addNewRUOverflowToolbarButton\"]"}
RESULT: {"using":"xpath","value":"//button[@data-kt=\"addNewRUOverflowToolbarButton\"]"}
COMMAND: POST /session/4712af7ad0eaf46e7406ff23cdc0ea9d/elements - {"using":"xpath","value":"//button[@data-kt=\"addNewRUOverflowToolbarButton\"]"}
RESULT: {"using":"xpath","value":"//button[@data-kt=\"addNewRUOverflowToolbarButton\"]"}
COMMAND: POST /session/4712af7ad0eaf46e7406ff23cdc0ea9d/elements - {"using":"xpath","value":"//button[@data-kt=\"addNewRUOverflowToolbarButton\"]"}
RESULT: {"using":"xpath","value":"//button[@data-kt=\"addNewRUOverflowToolbarButton\"]"}
COMMAND: POST /session/4712af7ad0eaf46e7406ff23cdc0ea9d/elements - {"using":"xpath","value":"//button[@data-kt=\"addNewRUOverflowToolbarButton\"]"}
RESULT: {"using":"xpath","value":"//button[@data-kt=\"addNewRUOverflowToolbarButton\"]"}
COMMAND: POST /session/4712af7ad0eaf46e7406ff23cdc0ea9d/elements - {"using":"xpath","value":"//button[@data-kt=\"addNewRUOverflowToolbarButton\"]"}
RESULT: {"using":"xpath","value":"//button[@data-kt=\"addNewRUOverflowToolbarButton\"]"}
COMMAND: POST /session/4712af7ad0eaf46e7406ff23cdc0ea9d/elements - {"using":"xpath","value":"//button[@data-kt=\"addNewRUOverflowToolbarButton\"]"}
RESULT: {"using":"xpath","value":"//button[@data-kt=\"addNewRUOverflowToolbarButton\"]"}
COMMAND: POST /session/4712af7ad0eaf46e7406ff23cdc0ea9d/elements - {"using":"xpath","value":"//button[@data-kt=\"addNewRUOverflowToolbarButton\"]"}
RESULT: {"using":"xpath","value":"//button[@data-kt=\"addNewRUOverflowToolbarButton\"]"}
COMMAND: POST /session/4712af7ad0eaf46e7406ff23cdc0ea9d/elements - {"using":"xpath","value":"//button[@data-kt=\"addNewRUOverflowToolbarButton\"]"}
RESULT: {"using":"xpath","value":"//button[@data-kt=\"addNewRUOverflowToolbarButton\"]"}
COMMAND: POST /session/4712af7ad0eaf46e7406ff23cdc0ea9d/elements - {"using":"xpath","value":"//button[@data-kt=\"addNewRUOverflowToolbarButton\"]"}
RESULT: {"using":"xpath","value":"//button[@data-kt=\"addNewRUOverflowToolbarButton\"]"}
COMMAND: POST /session/4712af7ad0eaf46e7406ff23cdc0ea9d/element - {"using":"xpath","value":"//button[@data-kt=\"addNewRUOverflowToolbarButton\"]"}
RESULT: {"using":"xpath","value":"//button[@data-kt=\"addNewRUOverflowToolbarButton\"]"}
COMMAND: POST /session/4712af7ad0eaf46e7406ff23cdc0ea9d/execute/sync - {"script":"<script> [8489 bytes]","args":[{"element-6066-11e4-a52e-4f735466cecf":"f.791DC57474D669730896E8DA48EFF857.d.88EDD89832519BCB07506C72A9E46E15.e.18517","ELEMENT":"f.791DC57474D669730896E8DA48EFF857.d.88EDD89832519BCB07506C72A9E46E15.e.18517"}]}
RESULT: {"script":"<script> [8489 bytes]","args":[{"element-6066-11e4-a52e-4f735466cecf":"f.791DC57474D669730896E8DA48EFF857.d.88EDD89832519BCB07506C72A9E46E15.e.18517","ELEMENT":"f.791DC57474D669730896E8DA48EFF857.d.88EDD89832519BCB07506C72A9E46E15.e.18517"}]}
COMMAND: GET /session/4712af7ad0eaf46e7406ff23cdc0ea9d/element/f.791DC57474D669730896E8DA48EFF857.d.88EDD89832519BCB07506C72A9E46E15.e.18517/enabled - {}
COMMAND: GET /session/4712af7ad0eaf46e7406ff23cdc0ea9d/screenshot - {}
RESULT: {}
COMMAND: POST /session/4712af7ad0eaf46e7406ff23cdc0ea9d/execute/sync - {"script":"<script> [8489 bytes]","args":[{"element-6066-11e4-a52e-4f735466cecf":"f.791DC57474D669730896E8DA48EFF857.d.88EDD89832519BCB07506C72A9E46E15.e.18517","ELEMENT":"f.791DC57474D669730896E8DA48EFF857.d.88EDD89832519BCB07506C72A9E46E15.e.18517"}]}
COMMAND: GET /session/4712af7ad0eaf46e7406ff23cdc0ea9d/screenshot - {}
RESULT: {}
RESULT: {"script":"<script> [8489 bytes]","args":[{"element-6066-11e4-a52e-4f735466cecf":"f.791DC57474D669730896E8DA48EFF857.d.88EDD89832519BCB07506C72A9E46E15.e.18517","ELEMENT":"f.791DC57474D669730896E8DA48EFF857.d.88EDD89832519BCB07506C72A9E46E15.e.18517"}]}
COMMAND: POST /session/4712af7ad0eaf46e7406ff23cdc0ea9d/execute/sync - {"script":"<script> [5351 bytes]","args":[{"element-6066-11e4-a52e-4f735466cecf":"f.791DC57474D669730896E8DA48EFF857.d.88EDD89832519BCB07506C72A9E46E15.e.18517","ELEMENT":"f.791DC57474D669730896E8DA48EFF857.d.88EDD89832519BCB07506C72A9E46E15.e.18517"}]}
COMMAND: GET /session/4712af7ad0eaf46e7406ff23cdc0ea9d/screenshot - {}
RESULT: {}
RESULT: {"script":"<script> [5351 bytes]","args":[{"element-6066-11e4-a52e-4f735466cecf":"f.791DC57474D669730896E8DA48EFF857.d.88EDD89832519BCB07506C72A9E46E15.e.18517","ELEMENT":"f.791DC57474D669730896E8DA48EFF857.d.88EDD89832519BCB07506C72A9E46E15.e.18517"}]}
COMMAND: POST /session/4712af7ad0eaf46e7406ff23cdc0ea9d/element/f.791DC57474D669730896E8DA48EFF857.d.88EDD89832519BCB07506C72A9E46E15.e.18517/click - {}
COMMAND: GET /session/4712af7ad0eaf46e7406ff23cdc0ea9d/screenshot - {}
RESULT: {}
RESULT: {}
COMMAND: GET /session/4712af7ad0eaf46e7406ff23cdc0ea9d/screenshot - {}
RESULT: {}
COMMAND: POST /session/4712af7ad0eaf46e7406ff23cdc0ea9d/execute/async - {"script":"<script> [1562 bytes]","args":[{"selector":{"id":"application-manageresources-display-component---newResourceUnit--TYPE-arrow"},"wdio_ui5_key":"applicationmanageresources-display-component---newResourceUnit--TYPE-arrow"}]}
RESULT: {}
RESULT: {"script":"<script> [1562 bytes]","args":[{"selector":{"id":"application-manageresources-display-component---newResourceUnit--TYPE-arrow"},"wdio_ui5_key":"applicationmanageresources-display-component---newResourceUnit--TYPE-arrow"}]}
RESULT: undefined
COMMAND: POST /session/4712af7ad0eaf46e7406ff23cdc0ea9d/element - {"using":"xpath","value":"//*[@id=\"application-manageresources-display-component---newResourceUnit--TYPE-arrow\"]"}
RESULT: {"using":"xpath","value":"//*[@id=\"application-manageresources-display-component---newResourceUnit--TYPE-arrow\"]"}
COMMAND: POST /session/4712af7ad0eaf46e7406ff23cdc0ea9d/element/f.791DC57474D669730896E8DA48EFF857.d.88EDD89832519BCB07506C72A9E46E15.e.18888/click - {}
RESULT: {}
COMMAND: POST /session/4712af7ad0eaf46e7406ff23cdc0ea9d/element - {"using":"xpath","value":"//input[@id=\"application-manageresources-display-component---newResourceUnit--TYPE-inner\"]"}
COMMAND: GET /session/4712af7ad0eaf46e7406ff23cdc0ea9d/screenshot - {}
RESULT: {"using":"xpath","value":"//input[@id=\"application-manageresources-display-component---newResourceUnit--TYPE-inner\"]"}
COMMAND: POST /session/4712af7ad0eaf46e7406ff23cdc0ea9d/element/f.791DC57474D669730896E8DA48EFF857.d.88EDD89832519BCB07506C72A9E46E15.e.18882/clear - {}
RESULT: {}
RESULT: {}
COMMAND: POST /session/4712af7ad0eaf46e7406ff23cdc0ea9d/element/f.791DC57474D669730896E8DA48EFF857.d.88EDD89832519BCB07506C72A9E46E15.e.18882/value - {"text":"Equipment"}
COMMAND: GET /session/4712af7ad0eaf46e7406ff23cdc0ea9d/screenshot - {}
RESULT: {"text":"Equipment"}
COMMAND: GET /session/4712af7ad0eaf46e7406ff23cdc0ea9d/screenshot - {}
RESULT: {}
RESULT: {}
COMMAND: POST /session/4712af7ad0eaf46e7406ff23cdc0ea9d/actions - {"actions":[{"id":"action63","type":"key","parameters":{},"actions":[{"type":"keyDown","value":"î€‡"},{"type":"pause","duration":10},{"type":"keyUp","value":"î€‡"}]}]}
RESULT: {"actions":[{"id":"action63","type":"key","parameters":{},"actions":[{"type":"keyDown","value":"î€‡"},{"type":"pause","duration":10},{"type":"keyUp","value":"î€‡"}]}]}
COMMAND: POST /session/4712af7ad0eaf46e7406ff23cdc0ea9d/execute/async - {"script":"<script> [1562 bytes]","args":[{"selector":{"id":"application-manageresources-display-component---newResourceUnit--resourceId","interaction":{"idSuffix":"inner"}},"wdio_ui5_key":"applicationmanageresources-display-component---newResourceUnit--resourceId"}]}
COMMAND: GET /session/4712af7ad0eaf46e7406ff23cdc0ea9d/screenshot - {}
RESULT: {"script":"<script> [1562 bytes]","args":[{"selector":{"id":"application-manageresources-display-component---newResourceUnit--resourceId","interaction":{"idSuffix":"inner"}},"wdio_ui5_key":"applicationmanageresources-display-component---newResourceUnit--resourceId"}]}
RESULT: undefined
COMMAND: POST /session/4712af7ad0eaf46e7406ff23cdc0ea9d/execute/async - {"script":"<script> [776 bytes]","args":[{"enterText":"7xOAiAKkuW","selector":{"id":"application-manageresources-display-component---newResourceUnit--resourceId","interaction":{"idSuffix":"inner"}},"clearTextFirst":true,"interactionType":"ENTER_TEXT"}]}
RESULT: {}
RESULT: {"script":"<script> [776 bytes]","args":[{"enterText":"7xOAiAKkuW","selector":{"id":"application-manageresources-display-component---newResourceUnit--resourceId","interaction":{"idSuffix":"inner"}},"clearTextFirst":true,"interactionType":"ENTER_TEXT"}]}
COMMAND: POST /session/4712af7ad0eaf46e7406ff23cdc0ea9d/execute/async - {"script":"<script> [1562 bytes]","args":[{"selector":{"id":"application-manageresources-display-component---newResourceUnit--SHORT_TEXT","interaction":{"idSuffix":"inner"}},"wdio_ui5_key":"applicationmanageresources-display-component---newResourceUnit--SHORT_TEXT"}]}
RESULT: {"script":"<script> [1562 bytes]","args":[{"selector":{"id":"application-manageresources-display-component---newResourceUnit--SHORT_TEXT","interaction":{"idSuffix":"inner"}},"wdio_ui5_key":"applicationmanageresources-display-component---newResourceUnit--SHORT_TEXT"}]}
RESULT: undefined
COMMAND: POST /session/4712af7ad0eaf46e7406ff23cdc0ea9d/execute/async - {"script":"<script> [776 bytes]","args":[{"enterText":"Intercompany Equipment WDIO","selector":{"id":"application-manageresources-display-component---newResourceUnit--SHORT_TEXT","interaction":{"idSuffix":"inner"}},"clearTextFirst":true,"interactionType":"ENTER_TEXT"}]}
RESULT: {"script":"<script> [776 bytes]","args":[{"enterText":"Intercompany Equipment WDIO","selector":{"id":"application-manageresources-display-component---newResourceUnit--SHORT_TEXT","interaction":{"idSuffix":"inner"}},"clearTextFirst":true,"interactionType":"ENTER_TEXT"}]}
COMMAND: POST /session/4712af7ad0eaf46e7406ff23cdc0ea9d/execute/async - {"script":"<script> [1562 bytes]","args":[{"selector":{"id":"application-manageresources-display-component---newResourceUnit--BASE_UNIT_OF_MEASURE","interaction":{"idSuffix":"inner"}},"wdio_ui5_key":"applicationmanageresources-display-component---newResourceUnit--BASE_UNIT_OF_MEASURE"}]}
RESULT: {"script":"<script> [1562 bytes]","args":[{"selector":{"id":"application-manageresources-display-component---newResourceUnit--BASE_UNIT_OF_MEASURE","interaction":{"idSuffix":"inner"}},"wdio_ui5_key":"applicationmanageresources-display-component---newResourceUnit--BASE_UNIT_OF_MEASURE"}]}
RESULT: undefined
COMMAND: POST /session/4712af7ad0eaf46e7406ff23cdc0ea9d/execute/async - {"script":"<script> [776 bytes]","args":[{"enterText":"Piece","selector":{"id":"application-manageresources-display-component---newResourceUnit--BASE_UNIT_OF_MEASURE","interaction":{"idSuffix":"inner"}},"clearTextFirst":true,"interactionType":"ENTER_TEXT"}]}
RESULT: {"script":"<script> [776 bytes]","args":[{"enterText":"Piece","selector":{"id":"application-manageresources-display-component---newResourceUnit--BASE_UNIT_OF_MEASURE","interaction":{"idSuffix":"inner"}},"clearTextFirst":true,"interactionType":"ENTER_TEXT"}]}
COMMAND: POST /session/4712af7ad0eaf46e7406ff23cdc0ea9d/execute/async - {"script":"<script> [1562 bytes]","args":[{"selector":{"id":"application-manageresources-display-component---newResourceUnit--WEIGHT_UNIT","interaction":{"idSuffix":"inner"}},"wdio_ui5_key":"applicationmanageresources-display-component---newResourceUnit--WEIGHT_UNIT"}]}
RESULT: {"script":"<script> [1562 bytes]","args":[{"selector":{"id":"application-manageresources-display-component---newResourceUnit--WEIGHT_UNIT","interaction":{"idSuffix":"inner"}},"wdio_ui5_key":"applicationmanageresources-display-component---newResourceUnit--WEIGHT_UNIT"}]}
RESULT: undefined
COMMAND: POST /session/4712af7ad0eaf46e7406ff23cdc0ea9d/execute/async - {"script":"<script> [776 bytes]","args":[{"enterText":"Gram","selector":{"id":"application-manageresources-display-component---newResourceUnit--WEIGHT_UNIT","interaction":{"idSuffix":"inner"}},"clearTextFirst":true,"interactionType":"ENTER_TEXT"}]}
RESULT: {"script":"<script> [776 bytes]","args":[{"enterText":"Gram","selector":{"id":"application-manageresources-display-component---newResourceUnit--WEIGHT_UNIT","interaction":{"idSuffix":"inner"}},"clearTextFirst":true,"interactionType":"ENTER_TEXT"}]}
COMMAND: POST /session/4712af7ad0eaf46e7406ff23cdc0ea9d/execute/async - {"script":"<script> [1562 bytes]","args":[{"selector":{"id":"application-manageresources-display-component---newResourceUnit--DIMENSION_UNIT","interaction":{"idSuffix":"inner"}},"wdio_ui5_key":"applicationmanageresources-display-component---newResourceUnit--DIMENSION_UNIT"}]}
RESULT: {"script":"<script> [1562 bytes]","args":[{"selector":{"id":"application-manageresources-display-component---newResourceUnit--DIMENSION_UNIT","interaction":{"idSuffix":"inner"}},"wdio_ui5_key":"applicationmanageresources-display-component---newResourceUnit--DIMENSION_UNIT"}]}
RESULT: undefined
COMMAND: POST /session/4712af7ad0eaf46e7406ff23cdc0ea9d/execute/async - {"script":"<script> [776 bytes]","args":[{"enterText":"Meter","selector":{"id":"application-manageresources-display-component---newResourceUnit--DIMENSION_UNIT","interaction":{"idSuffix":"inner"}},"clearTextFirst":true,"interactionType":"ENTER_TEXT"}]}
RESULT: {"script":"<script> [776 bytes]","args":[{"enterText":"Meter","selector":{"id":"application-manageresources-display-component---newResourceUnit--DIMENSION_UNIT","interaction":{"idSuffix":"inner"}},"clearTextFirst":true,"interactionType":"ENTER_TEXT"}]}
COMMAND: POST /session/4712af7ad0eaf46e7406ff23cdc0ea9d/execute/async - {"script":"<script> [1562 bytes]","args":[{"selector":{"id":"application-manageresources-display-component---newResourceUnit--newRRUPage-anchBar-application-manageresources-display-component---newResourceUnit--control-anchor","interaction":{"idSuffix":"BDI-content"}},"wdio_ui5_key":"applicationmanageresources-display-component---newResourceUnit--newRRUPage-anchBar-application-manageresources-display-component---newResourceUnit--control-anchor"}]}
RESULT: {"script":"<script> [1562 bytes]","args":[{"selector":{"id":"application-manageresources-display-component---newResourceUnit--newRRUPage-anchBar-application-manageresources-display-component---newResourceUnit--control-anchor","interaction":{"idSuffix":"BDI-content"}},"wdio_ui5_key":"applicationmanageresources-display-component---newResourceUnit--newRRUPage-anchBar-application-manageresources-display-component---newResourceUnit--control-anchor"}]}
RESULT: undefined
COMMAND: POST /session/4712af7ad0eaf46e7406ff23cdc0ea9d/element - {"using":"xpath","value":"//*[@id=\"application-manageresources-display-component---newResourceUnit--newRRUPage-anchBar-application-manageresources-display-component---newResourceUnit--control-anchor\"]"}
RESULT: {"using":"xpath","value":"//*[@id=\"application-manageresources-display-component---newResourceUnit--newRRUPage-anchBar-application-manageresources-display-component---newResourceUnit--control-anchor\"]"}
COMMAND: POST /session/4712af7ad0eaf46e7406ff23cdc0ea9d/element/f.791DC57474D669730896E8DA48EFF857.d.88EDD89832519BCB07506C72A9E46E15.e.19021/click - {}
RESULT: {}
COMMAND: POST /session/4712af7ad0eaf46e7406ff23cdc0ea9d/execute/async - {"script":"<script> [1562 bytes]","args":[{"selector":{"id":"application-manageresources-display-component---newResourceUnit--PLANNING_GROUP","interaction":{"idSuffix":"inner"}},"wdio_ui5_key":"applicationmanageresources-display-component---newResourceUnit--PLANNING_GROUP"}]}
COMMAND: GET /session/4712af7ad0eaf46e7406ff23cdc0ea9d/screenshot - {}
RESULT: {"script":"<script> [1562 bytes]","args":[{"selector":{"id":"application-manageresources-display-component---newResourceUnit--PLANNING_GROUP","interaction":{"idSuffix":"inner"}},"wdio_ui5_key":"applicationmanageresources-display-component---newResourceUnit--PLANNING_GROUP"}]}
RESULT: undefined
COMMAND: POST /session/4712af7ad0eaf46e7406ff23cdc0ea9d/execute/async - {"script":"<script> [776 bytes]","args":[{"enterText":"Heavy Equi","selector":{"id":"application-manageresources-display-component---newResourceUnit--PLANNING_GROUP","interaction":{"idSuffix":"inner"}},"clearTextFirst":true,"interactionType":"ENTER_TEXT"}]}
RESULT: {}
RESULT: {"script":"<script> [776 bytes]","args":[{"enterText":"Heavy Equi","selector":{"id":"application-manageresources-display-component---newResourceUnit--PLANNING_GROUP","interaction":{"idSuffix":"inner"}},"clearTextFirst":true,"interactionType":"ENTER_TEXT"}]}
COMMAND: POST /session/4712af7ad0eaf46e7406ff23cdc0ea9d/execute/async - {"script":"<script> [1562 bytes]","args":[{"selector":{"id":"application-manageresources-display-component---newResourceUnit--ITEM_TYPE-arrow"},"wdio_ui5_key":"applicationmanageresources-display-component---newResourceUnit--ITEM_TYPE-arrow"}]}
RESULT: {"script":"<script> [1562 bytes]","args":[{"selector":{"id":"application-manageresources-display-component---newResourceUnit--ITEM_TYPE-arrow"},"wdio_ui5_key":"applicationmanageresources-display-component---newResourceUnit--ITEM_TYPE-arrow"}]}
RESULT: undefined
COMMAND: POST /session/4712af7ad0eaf46e7406ff23cdc0ea9d/element - {"using":"xpath","value":"//*[@id=\"application-manageresources-display-component---newResourceUnit--ITEM_TYPE-arrow\"]"}
RESULT: {"using":"xpath","value":"//*[@id=\"application-manageresources-display-component---newResourceUnit--ITEM_TYPE-arrow\"]"}
COMMAND: POST /session/4712af7ad0eaf46e7406ff23cdc0ea9d/element/f.791DC57474D669730896E8DA48EFF857.d.88EDD89832519BCB07506C72A9E46E15.e.19030/click - {}
RESULT: {}
COMMAND: POST /session/4712af7ad0eaf46e7406ff23cdc0ea9d/element - {"using":"xpath","value":"(//span[contains(text(), \"Resource Unit\")])[2]"}
COMMAND: GET /session/4712af7ad0eaf46e7406ff23cdc0ea9d/screenshot - {}
RESULT: {"using":"xpath","value":"(//span[contains(text(), \"Resource Unit\")])[2]"}
COMMAND: POST /session/4712af7ad0eaf46e7406ff23cdc0ea9d/element/f.791DC57474D669730896E8DA48EFF857.d.88EDD89832519BCB07506C72A9E46E15.e.19031/click - {}
RESULT: {}
RESULT: {}
COMMAND: GET /session/4712af7ad0eaf46e7406ff23cdc0ea9d/screenshot - {}
RESULT: {}
COMMAND: POST /session/4712af7ad0eaf46e7406ff23cdc0ea9d/element - {"using":"css selector","value":"#application-manageresources-display-component---newResourceUnit--btnAddTimeSegment"}
RESULT: {"using":"css selector","value":"#application-manageresources-display-component---newResourceUnit--btnAddTimeSegment"}
COMMAND: GET /session/4712af7ad0eaf46e7406ff23cdc0ea9d/element/f.791DC57474D669730896E8DA48EFF857.d.88EDD89832519BCB07506C72A9E46E15.e.19032/rect - {}
RESULT: {}
COMMAND: GET /session/4712af7ad0eaf46e7406ff23cdc0ea9d/window/rect - {}
RESULT: {}
COMMAND: POST /session/4712af7ad0eaf46e7406ff23cdc0ea9d/execute/sync - {"script":"<script> [92 bytes]","args":[]}
RESULT: {"script":"<script> [92 bytes]","args":[]}
COMMAND: POST /session/4712af7ad0eaf46e7406ff23cdc0ea9d/actions - {"actions":[{"id":"action64","type":"wheel","parameters":{},"actions":[{"type":"scroll","x":-1888,"y":-32,"deltaX":0,"deltaY":0,"duration":0,"origin":{"element-6066-11e4-a52e-4f735466cecf":"f.791DC57474D669730896E8DA48EFF857.d.88EDD89832519BCB07506C72A9E46E15.e.19032"}}]}]}
COMMAND: GET /session/4712af7ad0eaf46e7406ff23cdc0ea9d/screenshot - {}
RESULT: {}
COMMAND: POST /session/4712af7ad0eaf46e7406ff23cdc0ea9d/execute/sync - {"script":"<script> [79 bytes]","args":[{"element-6066-11e4-a52e-4f735466cecf":"f.791DC57474D669730896E8DA48EFF857.d.88EDD89832519BCB07506C72A9E46E15.e.19032","ELEMENT":"f.791DC57474D669730896E8DA48EFF857.d.88EDD89832519BCB07506C72A9E46E15.e.19032"},{"block":"start","inline":"nearest"}]}
RESULT: {"script":"<script> [79 bytes]","args":[{"element-6066-11e4-a52e-4f735466cecf":"f.791DC57474D669730896E8DA48EFF857.d.88EDD89832519BCB07506C72A9E46E15.e.19032","ELEMENT":"f.791DC57474D669730896E8DA48EFF857.d.88EDD89832519BCB07506C72A9E46E15.e.19032"},{"block":"start","inline":"nearest"}]}
COMMAND: POST /session/4712af7ad0eaf46e7406ff23cdc0ea9d/execute/async - {"script":"<script> [1562 bytes]","args":[{"selector":{"id":"application-manageresources-display-component---newResourceUnit--btnAddTimeSegment","interaction":{"idSuffix":"inner"}},"wdio_ui5_key":"applicationmanageresources-display-component---newResourceUnit--btnAddTimeSegment"}]}
COMMAND: GET /session/4712af7ad0eaf46e7406ff23cdc0ea9d/screenshot - {}
RESULT: {"script":"<script> [1562 bytes]","args":[{"selector":{"id":"application-manageresources-display-component---newResourceUnit--btnAddTimeSegment","interaction":{"idSuffix":"inner"}},"wdio_ui5_key":"applicationmanageresources-display-component---newResourceUnit--btnAddTimeSegment"}]}
RESULT: undefined
COMMAND: POST /session/4712af7ad0eaf46e7406ff23cdc0ea9d/element - {"using":"xpath","value":"//*[@id=\"application-manageresources-display-component---newResourceUnit--btnAddTimeSegment\"]"}
RESULT: {}
RESULT: {"using":"xpath","value":"//*[@id=\"application-manageresources-display-component---newResourceUnit--btnAddTimeSegment\"]"}
COMMAND: POST /session/4712af7ad0eaf46e7406ff23cdc0ea9d/element/f.791DC57474D669730896E8DA48EFF857.d.88EDD89832519BCB07506C72A9E46E15.e.19032/click - {}
RESULT: {}
COMMAND: GET /session/4712af7ad0eaf46e7406ff23cdc0ea9d/screenshot - {}
RESULT: {}
COMMAND: POST /session/4712af7ad0eaf46e7406ff23cdc0ea9d/element - {"using":"xpath","value":"//input[@id=\"application-manageresources-display-component---newResourceUnit--idRuTSAdmin-application-manageresources-display-component---newResourceUnit--RUTimeSegment-0-inner\"]"}
RESULT: {"using":"xpath","value":"//input[@id=\"application-manageresources-display-component---newResourceUnit--idRuTSAdmin-application-manageresources-display-component---newResourceUnit--RUTimeSegment-0-inner\"]"}
COMMAND: POST /session/4712af7ad0eaf46e7406ff23cdc0ea9d/element/f.791DC57474D669730896E8DA48EFF857.d.88EDD89832519BCB07506C72A9E46E15.e.19038/clear - {}
RESULT: {}
COMMAND: POST /session/4712af7ad0eaf46e7406ff23cdc0ea9d/element/f.791DC57474D669730896E8DA48EFF857.d.88EDD89832519BCB07506C72A9E46E15.e.19038/value - {"text":"432"}
COMMAND: GET /session/4712af7ad0eaf46e7406ff23cdc0ea9d/screenshot - {}
RESULT: {"text":"432"}
COMMAND: GET /session/4712af7ad0eaf46e7406ff23cdc0ea9d/screenshot - {}
RESULT: {}
RESULT: {}
COMMAND: POST /session/4712af7ad0eaf46e7406ff23cdc0ea9d/element - {"using":"xpath","value":"//li[.//span[text()='432']]"}
RESULT: {"using":"xpath","value":"//li[.//span[text()='432']]"}
COMMAND: POST /session/4712af7ad0eaf46e7406ff23cdc0ea9d/element/f.791DC57474D669730896E8DA48EFF857.d.88EDD89832519BCB07506C72A9E46E15.e.19050/click - {}
RESULT: {}
COMMAND: GET /session/4712af7ad0eaf46e7406ff23cdc0ea9d/screenshot - {}
RESULT: {}
COMMAND: POST /session/4712af7ad0eaf46e7406ff23cdc0ea9d/element - {"using":"xpath","value":"(//span[contains(@id, \"-application-manageresources-display-component---newResourceUnit--RUTimeSegment-0-arrow\")])[6]"}
RESULT: {"using":"xpath","value":"(//span[contains(@id, \"-application-manageresources-display-component---newResourceUnit--RUTimeSegment-0-arrow\")])[6]"}
COMMAND: POST /session/4712af7ad0eaf46e7406ff23cdc0ea9d/element/f.791DC57474D669730896E8DA48EFF857.d.88EDD89832519BCB07506C72A9E46E15.e.19051/click - {}
RESULT: {}
COMMAND: POST /session/4712af7ad0eaf46e7406ff23cdc0ea9d/element - {"using":"xpath","value":"//span[contains(text(), \"PM Order\")]"}
COMMAND: GET /session/4712af7ad0eaf46e7406ff23cdc0ea9d/screenshot - {}
RESULT: {"using":"xpath","value":"//span[contains(text(), \"PM Order\")]"}
COMMAND: POST /session/4712af7ad0eaf46e7406ff23cdc0ea9d/element/f.791DC57474D669730896E8DA48EFF857.d.88EDD89832519BCB07506C72A9E46E15.e.19054/click - {}
RESULT: {}
RESULT: {}
COMMAND: GET /session/4712af7ad0eaf46e7406ff23cdc0ea9d/screenshot - {}
RESULT: {}
COMMAND: POST /session/4712af7ad0eaf46e7406ff23cdc0ea9d/element - {"using":"xpath","value":"(//span[contains(@id ,\"manageresources-display-component---newResourceUnit--RUTimeSegment-0-vhi\")])[1]"}
RESULT: {"using":"xpath","value":"(//span[contains(@id ,\"manageresources-display-component---newResourceUnit--RUTimeSegment-0-vhi\")])[1]"}
COMMAND: GET /session/4712af7ad0eaf46e7406ff23cdc0ea9d/element/f.791DC57474D669730896E8DA48EFF857.d.88EDD89832519BCB07506C72A9E46E15.e.19058/rect - {}
RESULT: {}
COMMAND: GET /session/4712af7ad0eaf46e7406ff23cdc0ea9d/window/rect - {}
RESULT: {}
COMMAND: POST /session/4712af7ad0eaf46e7406ff23cdc0ea9d/execute/sync - {"script":"<script> [92 bytes]","args":[]}
RESULT: {"script":"<script> [92 bytes]","args":[]}
COMMAND: POST /session/4712af7ad0eaf46e7406ff23cdc0ea9d/actions - {"actions":[{"id":"action65","type":"wheel","parameters":{},"actions":[{"type":"scroll","x":-869,"y":-24,"deltaX":0,"deltaY":0,"duration":0,"origin":{"element-6066-11e4-a52e-4f735466cecf":"f.791DC57474D669730896E8DA48EFF857.d.88EDD89832519BCB07506C72A9E46E15.e.19058"}}]}]}
COMMAND: GET /session/4712af7ad0eaf46e7406ff23cdc0ea9d/screenshot - {}
RESULT: {"actions":[{"id":"action65","type":"wheel","parameters":{},"actions":[{"type":"scroll","x":-869,"y":-24,"deltaX":0,"deltaY":0,"duration":0,"origin":{"element-6066-11e4-a52e-4f735466cecf":"f.791DC57474D669730896E8DA48EFF857.d.88EDD89832519BCB07506C72A9E46E15.e.19058"}}]}]}
COMMAND: DELETE /session/4712af7ad0eaf46e7406ff23cdc0ea9d/actions - {}
COMMAND: GET /session/4712af7ad0eaf46e7406ff23cdc0ea9d/screenshot - {}
RESULT: {}
RESULT: {}
COMMAND: GET /session/4712af7ad0eaf46e7406ff23cdc0ea9d/screenshot - {}
RESULT: {}
RESULT: {}
COMMAND: POST /session/4712af7ad0eaf46e7406ff23cdc0ea9d/element/f.791DC57474D669730896E8DA48EFF857.d.88EDD89832519BCB07506C72A9E46E15.e.19058/click - {}
RESULT: {}
COMMAND: GET /session/4712af7ad0eaf46e7406ff23cdc0ea9d/screenshot - {}
RESULT: {}
COMMAND: POST /session/4712af7ad0eaf46e7406ff23cdc0ea9d/execute/async - {"script":"<script> [1562 bytes]","args":[{"selector":{"controlType":"sap.m.SearchField","properties":{"placeholder":"Search"},"searchOpenDialogs":true,"interaction":{"idSuffix":"I"}},"wdio_ui5_key":"sapm.SearchField{\"placeholder\":\"Search\"}"}]}
RESULT: {"script":"<script> [1562 bytes]","args":[{"selector":{"controlType":"sap.m.SearchField","properties":{"placeholder":"Search"},"searchOpenDialogs":true,"interaction":{"idSuffix":"I"}},"wdio_ui5_key":"sapm.SearchField{\"placeholder\":\"Search\"}"}]}
RESULT: undefined
COMMAND: POST /session/4712af7ad0eaf46e7406ff23cdc0ea9d/execute/async - {"script":"<script> [776 bytes]","args":[{"enterText":"4000360","selector":{"controlType":"sap.m.SearchField","properties":{"placeholder":"Search"},"searchOpenDialogs":true,"interaction":{"idSuffix":"I"}},"clearTextFirst":true,"interactionType":"ENTER_TEXT"}]}
RESULT: {"script":"<script> [776 bytes]","args":[{"enterText":"4000360","selector":{"controlType":"sap.m.SearchField","properties":{"placeholder":"Search"},"searchOpenDialogs":true,"interaction":{"idSuffix":"I"}},"clearTextFirst":true,"interactionType":"ENTER_TEXT"}]}
COMMAND: POST /session/4712af7ad0eaf46e7406ff23cdc0ea9d/actions - {"actions":[{"id":"action66","type":"key","parameters":{},"actions":[{"type":"keyDown","value":"î€‡"},{"type":"pause","duration":10},{"type":"keyUp","value":"î€‡"}]}]}
RESULT: {"actions":[{"id":"action66","type":"key","parameters":{},"actions":[{"type":"keyDown","value":"î€‡"},{"type":"pause","duration":10},{"type":"keyUp","value":"î€‡"}]}]}
COMMAND: GET /session/4712af7ad0eaf46e7406ff23cdc0ea9d/screenshot - {}
RESULT: {}
COMMAND: POST /session/4712af7ad0eaf46e7406ff23cdc0ea9d/element - {"using":"xpath","value":"//td/div/span[contains(text(), \"BGL Vehicles\")]"}
RESULT: {"using":"xpath","value":"//td/div/span[contains(text(), \"BGL Vehicles\")]"}
COMMAND: POST /session/4712af7ad0eaf46e7406ff23cdc0ea9d/element/f.791DC57474D669730896E8DA48EFF857.d.88EDD89832519BCB07506C72A9E46E15.e.19080/click - {}
RESULT: {}
COMMAND: GET /session/4712af7ad0eaf46e7406ff23cdc0ea9d/screenshot - {}
RESULT: {}
COMMAND: POST /session/4712af7ad0eaf46e7406ff23cdc0ea9d/element - {"using":"xpath","value":"//bdi[contains(text(), \"OK\")]"}
RESULT: {"using":"xpath","value":"//bdi[contains(text(), \"OK\")]"}
COMMAND: POST /session/4712af7ad0eaf46e7406ff23cdc0ea9d/element/f.791DC57474D669730896E8DA48EFF857.d.88EDD89832519BCB07506C72A9E46E15.e.19081/click - {}
RESULT: {}
COMMAND: GET /session/4712af7ad0eaf46e7406ff23cdc0ea9d/screenshot - {}
RESULT: {}
COMMAND: POST /session/4712af7ad0eaf46e7406ff23cdc0ea9d/execute/async - {"script":"<script> [1562 bytes]","args":[{"selector":{"id":"application-manageresources-display-component---newResourceUnit--newRRUPage-anchBar-application-manageresources-display-component---newResourceUnit--resource-anchor","interaction":{"idSuffix":"BDI-content"}},"wdio_ui5_key":"applicationmanageresources-display-component---newResourceUnit--newRRUPage-anchBar-application-manageresources-display-component---newResourceUnit--resource-anchor"}]}
RESULT: {"script":"<script> [1562 bytes]","args":[{"selector":{"id":"application-manageresources-display-component---newResourceUnit--newRRUPage-anchBar-application-manageresources-display-component---newResourceUnit--resource-anchor","interaction":{"idSuffix":"BDI-content"}},"wdio_ui5_key":"applicationmanageresources-display-component---newResourceUnit--newRRUPage-anchBar-application-manageresources-display-component---newResourceUnit--resource-anchor"}]}
RESULT: undefined
COMMAND: POST /session/4712af7ad0eaf46e7406ff23cdc0ea9d/element - {"using":"xpath","value":"//*[@id=\"application-manageresources-display-component---newResourceUnit--newRRUPage-anchBar-application-manageresources-display-component---newResourceUnit--resource-anchor\"]"}
RESULT: {"using":"xpath","value":"//*[@id=\"application-manageresources-display-component---newResourceUnit--newRRUPage-anchBar-application-manageresources-display-component---newResourceUnit--resource-anchor\"]"}
COMMAND: POST /session/4712af7ad0eaf46e7406ff23cdc0ea9d/element/f.791DC57474D669730896E8DA48EFF857.d.88EDD89832519BCB07506C72A9E46E15.e.19085/click - {}
RESULT: {}
COMMAND: POST /session/4712af7ad0eaf46e7406ff23cdc0ea9d/execute/async - {"script":"<script> [1562 bytes]","args":[{"selector":{"id":"application-manageresources-display-component---newResourceUnit--PLANNED_DELIVERY_DATE","interaction":{"idSuffix":"inner"}},"wdio_ui5_key":"applicationmanageresources-display-component---newResourceUnit--PLANNED_DELIVERY_DATE"}]}
COMMAND: GET /session/4712af7ad0eaf46e7406ff23cdc0ea9d/screenshot - {}
RESULT: {"script":"<script> [1562 bytes]","args":[{"selector":{"id":"application-manageresources-display-component---newResourceUnit--PLANNED_DELIVERY_DATE","interaction":{"idSuffix":"inner"}},"wdio_ui5_key":"applicationmanageresources-display-component---newResourceUnit--PLANNED_DELIVERY_DATE"}]}
RESULT: undefined
COMMAND: POST /session/4712af7ad0eaf46e7406ff23cdc0ea9d/execute/async - {"script":"<script> [6424 bytes]","args":[{"element-6066-11e4-a52e-4f735466cecf":"f.791DC57474D669730896E8DA48EFF857.d.88EDD89832519BCB07506C72A9E46E15.e.18944"},"setValue",["4/30/25"]]}
RESULT: {}
RESULT: {"script":"<script> [6424 bytes]","args":[{"element-6066-11e4-a52e-4f735466cecf":"f.791DC57474D669730896E8DA48EFF857.d.88EDD89832519BCB07506C72A9E46E15.e.18944"},"setValue",["4/30/25"]]}
COMMAND: POST /session/4712af7ad0eaf46e7406ff23cdc0ea9d/element - {"using":"xpath","value":"//button[@data-kt=\"resourceUnitSaveButton\"]"}
RESULT: {"using":"xpath","value":"//button[@data-kt=\"resourceUnitSaveButton\"]"}
COMMAND: POST /session/4712af7ad0eaf46e7406ff23cdc0ea9d/element/f.791DC57474D669730896E8DA48EFF857.d.88EDD89832519BCB07506C72A9E46E15.e.18904/click - {}
RESULT: {}
COMMAND: GET /session/4712af7ad0eaf46e7406ff23cdc0ea9d/screenshot - {}
RESULT: {}
COMMAND: POST /session/4712af7ad0eaf46e7406ff23cdc0ea9d/element - {"using":"xpath","value":"//bdi[contains(text(), \"Close\")]"}
RESULT: {"using":"xpath","value":"//bdi[contains(text(), \"Close\")]"}
COMMAND: POST /session/4712af7ad0eaf46e7406ff23cdc0ea9d/element/f.791DC57474D669730896E8DA48EFF857.d.88EDD89832519BCB07506C72A9E46E15.e.19093/click - {}
RESULT: {}
COMMAND: GET /session/4712af7ad0eaf46e7406ff23cdc0ea9d/screenshot - {}
RESULT: {}
COMMAND: POST /session/4712af7ad0eaf46e7406ff23cdc0ea9d/element - {"using":"xpath","value":"(//button[contains(@id ,\"actionsToolbar-overflowButton\")])[1]"}
RESULT: {"using":"xpath","value":"(//button[contains(@id ,\"actionsToolbar-overflowButton\")])[1]"}
COMMAND: POST /session/4712af7ad0eaf46e7406ff23cdc0ea9d/element/f.791DC57474D669730896E8DA48EFF857.d.88EDD89832519BCB07506C72A9E46E15.e.19150/click - {}
RESULT: {}
COMMAND: GET /session/4712af7ad0eaf46e7406ff23cdc0ea9d/screenshot - {}
RESULT: {}
COMMAND: POST /session/4712af7ad0eaf46e7406ff23cdc0ea9d/element - {"using":"xpath","value":"//button[@data-kt=\"priceInfoButton\"]"}
RESULT: {"using":"xpath","value":"//button[@data-kt=\"priceInfoButton\"]"}
COMMAND: POST /session/4712af7ad0eaf46e7406ff23cdc0ea9d/element/f.791DC57474D669730896E8DA48EFF857.d.88EDD89832519BCB07506C72A9E46E15.e.19152/click - {}
RESULT: {}
COMMAND: GET /session/4712af7ad0eaf46e7406ff23cdc0ea9d/screenshot - {}
RESULT: {}
]]></system-out>
    </testcase>
    <testcase classname="chrome.135_0_7049_96.windows.Billing_Calculation_-_Time_based_(considering_transport_times)_US139738" name="Should create new pricing rule for 1st equipment" time="53.503">
      <system-out><![CDATA[
COMMAND: POST /session/4712af7ad0eaf46e7406ff23cdc0ea9d/element - {"using":"xpath","value":"//button[@data-kt=\"addButton\"]"}
RESULT: {"using":"xpath","value":"//button[@data-kt=\"addButton\"]"}
COMMAND: POST /session/4712af7ad0eaf46e7406ff23cdc0ea9d/elements - {"using":"xpath","value":"//button[@data-kt=\"addButton\"]"}
RESULT: {"using":"xpath","value":"//button[@data-kt=\"addButton\"]"}
COMMAND: POST /session/4712af7ad0eaf46e7406ff23cdc0ea9d/execute/sync - {"script":"<script> [8489 bytes]","args":[{"element-6066-11e4-a52e-4f735466cecf":"f.791DC57474D669730896E8DA48EFF857.d.88EDD89832519BCB07506C72A9E46E15.e.19188","ELEMENT":"f.791DC57474D669730896E8DA48EFF857.d.88EDD89832519BCB07506C72A9E46E15.e.19188"}]}
RESULT: {"script":"<script> [8489 bytes]","args":[{"element-6066-11e4-a52e-4f735466cecf":"f.791DC57474D669730896E8DA48EFF857.d.88EDD89832519BCB07506C72A9E46E15.e.19188","ELEMENT":"f.791DC57474D669730896E8DA48EFF857.d.88EDD89832519BCB07506C72A9E46E15.e.19188"}]}
COMMAND: GET /session/4712af7ad0eaf46e7406ff23cdc0ea9d/element/f.791DC57474D669730896E8DA48EFF857.d.88EDD89832519BCB07506C72A9E46E15.e.19188/enabled - {}
COMMAND: GET /session/4712af7ad0eaf46e7406ff23cdc0ea9d/screenshot - {}
RESULT: {}
RESULT: {}
COMMAND: POST /session/4712af7ad0eaf46e7406ff23cdc0ea9d/execute/sync - {"script":"<script> [8489 bytes]","args":[{"element-6066-11e4-a52e-4f735466cecf":"f.791DC57474D669730896E8DA48EFF857.d.88EDD89832519BCB07506C72A9E46E15.e.19188","ELEMENT":"f.791DC57474D669730896E8DA48EFF857.d.88EDD89832519BCB07506C72A9E46E15.e.19188"}]}
COMMAND: GET /session/4712af7ad0eaf46e7406ff23cdc0ea9d/screenshot - {}
RESULT: {"script":"<script> [8489 bytes]","args":[{"element-6066-11e4-a52e-4f735466cecf":"f.791DC57474D669730896E8DA48EFF857.d.88EDD89832519BCB07506C72A9E46E15.e.19188","ELEMENT":"f.791DC57474D669730896E8DA48EFF857.d.88EDD89832519BCB07506C72A9E46E15.e.19188"}]}
COMMAND: POST /session/4712af7ad0eaf46e7406ff23cdc0ea9d/execute/sync - {"script":"<script> [5351 bytes]","args":[{"element-6066-11e4-a52e-4f735466cecf":"f.791DC57474D669730896E8DA48EFF857.d.88EDD89832519BCB07506C72A9E46E15.e.19188","ELEMENT":"f.791DC57474D669730896E8DA48EFF857.d.88EDD89832519BCB07506C72A9E46E15.e.19188"}]}
COMMAND: GET /session/4712af7ad0eaf46e7406ff23cdc0ea9d/screenshot - {}
RESULT: {}
RESULT: {"script":"<script> [5351 bytes]","args":[{"element-6066-11e4-a52e-4f735466cecf":"f.791DC57474D669730896E8DA48EFF857.d.88EDD89832519BCB07506C72A9E46E15.e.19188","ELEMENT":"f.791DC57474D669730896E8DA48EFF857.d.88EDD89832519BCB07506C72A9E46E15.e.19188"}]}
COMMAND: POST /session/4712af7ad0eaf46e7406ff23cdc0ea9d/element/f.791DC57474D669730896E8DA48EFF857.d.88EDD89832519BCB07506C72A9E46E15.e.19188/click - {}
COMMAND: GET /session/4712af7ad0eaf46e7406ff23cdc0ea9d/screenshot - {}
RESULT: {}
RESULT: {}
COMMAND: GET /session/4712af7ad0eaf46e7406ff23cdc0ea9d/screenshot - {}
RESULT: {}
RESULT: {}
COMMAND: POST /session/4712af7ad0eaf46e7406ff23cdc0ea9d/execute/async - {"script":"<script> [1562 bytes]","args":[{"selector":{"controlType":"sap.m.Title","viewName":"etm.portal.ui.managepricingrules.view.NewItem","viewId":"application-managepricingrules-display-component---newInfoPriceItem","properties":{"text":"New Pricing Rules - Item Level"}},"wdio_ui5_key":"etmportal.ui.managepricingrules.view.NewItemsap.m.Title{\"text\":\"New Pricing Rules - Item Level\"}"}]}
RESULT: {"script":"<script> [1562 bytes]","args":[{"selector":{"controlType":"sap.m.Title","viewName":"etm.portal.ui.managepricingrules.view.NewItem","viewId":"application-managepricingrules-display-component---newInfoPriceItem","properties":{"text":"New Pricing Rules - Item Level"}},"wdio_ui5_key":"etmportal.ui.managepricingrules.view.NewItemsap.m.Title{\"text\":\"New Pricing Rules - Item Level\"}"}]}
RESULT: undefined
COMMAND: POST /session/4712af7ad0eaf46e7406ff23cdc0ea9d/execute/async - {"script":"<script> [6424 bytes]","args":[{"element-6066-11e4-a52e-4f735466cecf":"f.791DC57474D669730896E8DA48EFF857.d.88EDD89832519BCB07506C72A9E46E15.e.19361"},"getText",[]]}
RESULT: {"script":"<script> [6424 bytes]","args":[{"element-6066-11e4-a52e-4f735466cecf":"f.791DC57474D669730896E8DA48EFF857.d.88EDD89832519BCB07506C72A9E46E15.e.19361"},"getText",[]]}
COMMAND: POST /session/4712af7ad0eaf46e7406ff23cdc0ea9d/execute/async - {"script":"<script> [1562 bytes]","args":[{"selector":{"id":"application-managepricingrules-display-component---newInfoPriceItem--condValidTo","interaction":{"idSuffix":"inner"}},"wdio_ui5_key":"applicationmanagepricingrules-display-component---newInfoPriceItem--condValidTo"}]}
RESULT: {"script":"<script> [1562 bytes]","args":[{"selector":{"id":"application-managepricingrules-display-component---newInfoPriceItem--condValidTo","interaction":{"idSuffix":"inner"}},"wdio_ui5_key":"applicationmanagepricingrules-display-component---newInfoPriceItem--condValidTo"}]}
RESULT: undefined
COMMAND: POST /session/4712af7ad0eaf46e7406ff23cdc0ea9d/execute/async - {"script":"<script> [776 bytes]","args":[{"enterText":"12/30/25","selector":{"id":"application-managepricingrules-display-component---newInfoPriceItem--condValidTo","interaction":{"idSuffix":"inner"}},"clearTextFirst":true,"interactionType":"ENTER_TEXT"}]}
RESULT: {"script":"<script> [776 bytes]","args":[{"enterText":"12/30/25","selector":{"id":"application-managepricingrules-display-component---newInfoPriceItem--condValidTo","interaction":{"idSuffix":"inner"}},"clearTextFirst":true,"interactionType":"ENTER_TEXT"}]}
COMMAND: POST /session/4712af7ad0eaf46e7406ff23cdc0ea9d/execute/async - {"script":"<script> [1562 bytes]","args":[{"selector":{"id":"application-managepricingrules-display-component---newInfoPriceItem--billType-arrow"},"wdio_ui5_key":"applicationmanagepricingrules-display-component---newInfoPriceItem--billType-arrow"}]}
RESULT: {"script":"<script> [1562 bytes]","args":[{"selector":{"id":"application-managepricingrules-display-component---newInfoPriceItem--billType-arrow"},"wdio_ui5_key":"applicationmanagepricingrules-display-component---newInfoPriceItem--billType-arrow"}]}
RESULT: undefined
COMMAND: POST /session/4712af7ad0eaf46e7406ff23cdc0ea9d/element - {"using":"xpath","value":"//*[@id=\"application-managepricingrules-display-component---newInfoPriceItem--billType-arrow\"]"}
RESULT: {"using":"xpath","value":"//*[@id=\"application-managepricingrules-display-component---newInfoPriceItem--billType-arrow\"]"}
COMMAND: POST /session/4712af7ad0eaf46e7406ff23cdc0ea9d/element/f.791DC57474D669730896E8DA48EFF857.d.88EDD89832519BCB07506C72A9E46E15.e.19319/click - {}
RESULT: {}
COMMAND: POST /session/4712af7ad0eaf46e7406ff23cdc0ea9d/element - {"using":"xpath","value":"//span[contains(text(), \"TB - Time based\")]"}
COMMAND: GET /session/4712af7ad0eaf46e7406ff23cdc0ea9d/screenshot - {}
RESULT: {"using":"xpath","value":"//span[contains(text(), \"TB - Time based\")]"}
COMMAND: POST /session/4712af7ad0eaf46e7406ff23cdc0ea9d/element/f.791DC57474D669730896E8DA48EFF857.d.88EDD89832519BCB07506C72A9E46E15.e.19363/click - {}
RESULT: {}
RESULT: {}
COMMAND: POST /session/4712af7ad0eaf46e7406ff23cdc0ea9d/execute/async - {"script":"<script> [1562 bytes]","args":[{"selector":{"id":"application-managepricingrules-display-component---newInfoPriceItem--priceProc-arrow"},"wdio_ui5_key":"applicationmanagepricingrules-display-component---newInfoPriceItem--priceProc-arrow"}]}
COMMAND: GET /session/4712af7ad0eaf46e7406ff23cdc0ea9d/screenshot - {}
RESULT: {"script":"<script> [1562 bytes]","args":[{"selector":{"id":"application-managepricingrules-display-component---newInfoPriceItem--priceProc-arrow"},"wdio_ui5_key":"applicationmanagepricingrules-display-component---newInfoPriceItem--priceProc-arrow"}]}
RESULT: undefined
COMMAND: POST /session/4712af7ad0eaf46e7406ff23cdc0ea9d/element - {"using":"xpath","value":"//*[@id=\"application-managepricingrules-display-component---newInfoPriceItem--priceProc-arrow\"]"}
RESULT: {}
RESULT: {"using":"xpath","value":"//*[@id=\"application-managepricingrules-display-component---newInfoPriceItem--priceProc-arrow\"]"}
COMMAND: POST /session/4712af7ad0eaf46e7406ff23cdc0ea9d/element/f.791DC57474D669730896E8DA48EFF857.d.88EDD89832519BCB07506C72A9E46E15.e.19326/click - {}
RESULT: {}
COMMAND: POST /session/4712af7ad0eaf46e7406ff23cdc0ea9d/element - {"using":"xpath","value":"//span[contains(text(), \"TBS - Time based standard\")]"}
COMMAND: GET /session/4712af7ad0eaf46e7406ff23cdc0ea9d/screenshot - {}
RESULT: {"using":"xpath","value":"//span[contains(text(), \"TBS - Time based standard\")]"}
COMMAND: POST /session/4712af7ad0eaf46e7406ff23cdc0ea9d/element/f.791DC57474D669730896E8DA48EFF857.d.88EDD89832519BCB07506C72A9E46E15.e.19364/click - {}
RESULT: {}
RESULT: {}
COMMAND: POST /session/4712af7ad0eaf46e7406ff23cdc0ea9d/execute/async - {"script":"<script> [1562 bytes]","args":[{"selector":{"id":"application-managepricingrules-display-component---newInfoPriceItem--calcBase-arrow"},"wdio_ui5_key":"applicationmanagepricingrules-display-component---newInfoPriceItem--calcBase-arrow"}]}
COMMAND: GET /session/4712af7ad0eaf46e7406ff23cdc0ea9d/screenshot - {}
RESULT: {"script":"<script> [1562 bytes]","args":[{"selector":{"id":"application-managepricingrules-display-component---newInfoPriceItem--calcBase-arrow"},"wdio_ui5_key":"applicationmanagepricingrules-display-component---newInfoPriceItem--calcBase-arrow"}]}
RESULT: undefined
COMMAND: POST /session/4712af7ad0eaf46e7406ff23cdc0ea9d/element - {"using":"xpath","value":"//*[@id=\"application-managepricingrules-display-component---newInfoPriceItem--calcBase-arrow\"]"}
RESULT: {}
RESULT: {"using":"xpath","value":"//*[@id=\"application-managepricingrules-display-component---newInfoPriceItem--calcBase-arrow\"]"}
COMMAND: POST /session/4712af7ad0eaf46e7406ff23cdc0ea9d/element/f.791DC57474D669730896E8DA48EFF857.d.88EDD89832519BCB07506C72A9E46E15.e.19333/click - {}
RESULT: {}
COMMAND: GET /session/4712af7ad0eaf46e7406ff23cdc0ea9d/screenshot - {}
RESULT: {}
COMMAND: POST /session/4712af7ad0eaf46e7406ff23cdc0ea9d/element - {"using":"xpath","value":"//span[contains(text(), \"0006 - TB(calendar days)\")]"}
RESULT: {"using":"xpath","value":"//span[contains(text(), \"0006 - TB(calendar days)\")]"}
COMMAND: POST /session/4712af7ad0eaf46e7406ff23cdc0ea9d/element/f.791DC57474D669730896E8DA48EFF857.d.88EDD89832519BCB07506C72A9E46E15.e.19365/click - {}
RESULT: {}
COMMAND: GET /session/4712af7ad0eaf46e7406ff23cdc0ea9d/screenshot - {}
RESULT: {}
COMMAND: POST /session/4712af7ad0eaf46e7406ff23cdc0ea9d/execute/async - {"script":"<script> [1562 bytes]","args":[{"selector":{"id":"application-managepricingrules-display-component---newInfoPriceItem--daysMonth","interaction":{"idSuffix":"inner"}},"wdio_ui5_key":"applicationmanagepricingrules-display-component---newInfoPriceItem--daysMonth"}]}
RESULT: {"script":"<script> [1562 bytes]","args":[{"selector":{"id":"application-managepricingrules-display-component---newInfoPriceItem--daysMonth","interaction":{"idSuffix":"inner"}},"wdio_ui5_key":"applicationmanagepricingrules-display-component---newInfoPriceItem--daysMonth"}]}
RESULT: undefined
COMMAND: POST /session/4712af7ad0eaf46e7406ff23cdc0ea9d/execute/async - {"script":"<script> [776 bytes]","args":[{"enterText":"30","selector":{"id":"application-managepricingrules-display-component---newInfoPriceItem--daysMonth","interaction":{"idSuffix":"inner"}},"clearTextFirst":true,"interactionType":"ENTER_TEXT"}]}
RESULT: {"script":"<script> [776 bytes]","args":[{"enterText":"30","selector":{"id":"application-managepricingrules-display-component---newInfoPriceItem--daysMonth","interaction":{"idSuffix":"inner"}},"clearTextFirst":true,"interactionType":"ENTER_TEXT"}]}
COMMAND: POST /session/4712af7ad0eaf46e7406ff23cdc0ea9d/element - {"using":"xpath","value":"//button[@data-kt=\"saveNewRuleButton\"]"}
RESULT: {"using":"xpath","value":"//button[@data-kt=\"saveNewRuleButton\"]"}
COMMAND: POST /session/4712af7ad0eaf46e7406ff23cdc0ea9d/element/f.791DC57474D669730896E8DA48EFF857.d.88EDD89832519BCB07506C72A9E46E15.e.19353/click - {}
RESULT: {}
COMMAND: GET /session/4712af7ad0eaf46e7406ff23cdc0ea9d/screenshot - {}
RESULT: {}
COMMAND: POST /session/4712af7ad0eaf46e7406ff23cdc0ea9d/execute/async - {"script":"<script> [1562 bytes]","args":[{"selector":{"id":"application-managepricingrules-display-component---priceInfoItem--smartFilterBar-btnBasicSearch","interaction":{"idSuffix":"I"}},"wdio_ui5_key":"applicationmanagepricingrules-display-component---priceInfoItem--smartFilterBar-btnBasicSearch"}]}
RESULT: {"script":"<script> [1562 bytes]","args":[{"selector":{"id":"application-managepricingrules-display-component---priceInfoItem--smartFilterBar-btnBasicSearch","interaction":{"idSuffix":"I"}},"wdio_ui5_key":"applicationmanagepricingrules-display-component---priceInfoItem--smartFilterBar-btnBasicSearch"}]}
RESULT: undefined
COMMAND: POST /session/4712af7ad0eaf46e7406ff23cdc0ea9d/execute/async - {"script":"<script> [776 bytes]","args":[{"enterText":"7xOAiAKkuW","selector":{"id":"application-managepricingrules-display-component---priceInfoItem--smartFilterBar-btnBasicSearch","interaction":{"idSuffix":"I"}},"clearTextFirst":true,"interactionType":"ENTER_TEXT"}]}
RESULT: {"script":"<script> [776 bytes]","args":[{"enterText":"7xOAiAKkuW","selector":{"id":"application-managepricingrules-display-component---priceInfoItem--smartFilterBar-btnBasicSearch","interaction":{"idSuffix":"I"}},"clearTextFirst":true,"interactionType":"ENTER_TEXT"}]}
COMMAND: POST /session/4712af7ad0eaf46e7406ff23cdc0ea9d/actions - {"actions":[{"id":"action67","type":"key","parameters":{},"actions":[{"type":"keyDown","value":"î€‡"},{"type":"pause","duration":10},{"type":"keyUp","value":"î€‡"}]}]}
RESULT: {"actions":[{"id":"action67","type":"key","parameters":{},"actions":[{"type":"keyDown","value":"î€‡"},{"type":"pause","duration":10},{"type":"keyUp","value":"î€‡"}]}]}
COMMAND: GET /session/4712af7ad0eaf46e7406ff23cdc0ea9d/screenshot - {}
RESULT: {}
COMMAND: POST /session/4712af7ad0eaf46e7406ff23cdc0ea9d/element - {"using":"xpath","value":"//span[@id=\"application-managepricingrules-display-component---priceInfoItem--smartTable-header-inner\"]"}
RESULT: {"using":"xpath","value":"//span[@id=\"application-managepricingrules-display-component---priceInfoItem--smartTable-header-inner\"]"}
COMMAND: POST /session/4712af7ad0eaf46e7406ff23cdc0ea9d/elements - {"using":"xpath","value":"//span[@id=\"application-managepricingrules-display-component---priceInfoItem--smartTable-header-inner\"]"}
RESULT: {"using":"xpath","value":"//span[@id=\"application-managepricingrules-display-component---priceInfoItem--smartTable-header-inner\"]"}
COMMAND: POST /session/4712af7ad0eaf46e7406ff23cdc0ea9d/execute/sync - {"script":"<script> [56 bytes]","args":[{"element-6066-11e4-a52e-4f735466cecf":"f.791DC57474D669730896E8DA48EFF857.d.88EDD89832519BCB07506C72A9E46E15.e.19388","ELEMENT":"f.791DC57474D669730896E8DA48EFF857.d.88EDD89832519BCB07506C72A9E46E15.e.19388"}]}
RESULT: {"script":"<script> [56 bytes]","args":[{"element-6066-11e4-a52e-4f735466cecf":"f.791DC57474D669730896E8DA48EFF857.d.88EDD89832519BCB07506C72A9E46E15.e.19388","ELEMENT":"f.791DC57474D669730896E8DA48EFF857.d.88EDD89832519BCB07506C72A9E46E15.e.19388"}]}
COMMAND: POST /session/4712af7ad0eaf46e7406ff23cdc0ea9d/element - {"using":"css selector","value":"#shell-header-logo"}
COMMAND: GET /session/4712af7ad0eaf46e7406ff23cdc0ea9d/screenshot - {}
RESULT: {"using":"css selector","value":"#shell-header-logo"}
COMMAND: POST /session/4712af7ad0eaf46e7406ff23cdc0ea9d/element/f.791DC57474D669730896E8DA48EFF857.d.88EDD89832519BCB07506C72A9E46E15.e.18487/click - {}
RESULT: {}
RESULT: {}
COMMAND: GET /session/4712af7ad0eaf46e7406ff23cdc0ea9d/screenshot - {}
RESULT: {}
]]></system-out>
    </testcase>
    <testcase classname="chrome.135_0_7049_96.windows.Billing_Calculation_-_Time_based_(considering_transport_times)_US139738" name="Should create new pricing condition for 1st equipment" time="61.341">
      <system-out><![CDATA[
COMMAND: POST /session/4712af7ad0eaf46e7406ff23cdc0ea9d/execute/async - {"script":"<script> [1562 bytes]","args":[{"selector":{"controlType":"sap.m.Text","properties":{"text":"Manage Conditions & Prices"},"interaction":{"idSuffix":"inner"}},"wdio_ui5_key":"sapm.Text{\"text\":\"Manage Conditions & Prices\"}"}]}
RESULT: {"script":"<script> [1562 bytes]","args":[{"selector":{"controlType":"sap.m.Text","properties":{"text":"Manage Conditions & Prices"},"interaction":{"idSuffix":"inner"}},"wdio_ui5_key":"sapm.Text{\"text\":\"Manage Conditions & Prices\"}"}]}
RESULT: undefined
COMMAND: POST /session/4712af7ad0eaf46e7406ff23cdc0ea9d/element - {"using":"xpath","value":"//*[@id=\"__tile53-title\"]"}
RESULT: {"using":"xpath","value":"//*[@id=\"__tile53-title\"]"}
COMMAND: POST /session/4712af7ad0eaf46e7406ff23cdc0ea9d/element/f.791DC57474D669730896E8DA48EFF857.d.88EDD89832519BCB07506C72A9E46E15.e.19391/click - {}
RESULT: {}
COMMAND: POST /session/4712af7ad0eaf46e7406ff23cdc0ea9d/element - {"using":"xpath","value":"//button[@aria-label=\"Create\"]"}
COMMAND: GET /session/4712af7ad0eaf46e7406ff23cdc0ea9d/screenshot - {}
RESULT: {"using":"xpath","value":"//button[@aria-label=\"Create\"]"}
COMMAND: POST /session/4712af7ad0eaf46e7406ff23cdc0ea9d/elements - {"using":"xpath","value":"//button[@aria-label=\"Create\"]"}
RESULT: {}
RESULT: {"using":"xpath","value":"//button[@aria-label=\"Create\"]"}
COMMAND: POST /session/4712af7ad0eaf46e7406ff23cdc0ea9d/elements - {"using":"xpath","value":"//button[@aria-label=\"Create\"]"}
RESULT: {"using":"xpath","value":"//button[@aria-label=\"Create\"]"}
COMMAND: POST /session/4712af7ad0eaf46e7406ff23cdc0ea9d/elements - {"using":"xpath","value":"//button[@aria-label=\"Create\"]"}
RESULT: {"using":"xpath","value":"//button[@aria-label=\"Create\"]"}
COMMAND: POST /session/4712af7ad0eaf46e7406ff23cdc0ea9d/element - {"using":"xpath","value":"//button[@aria-label=\"Create\"]"}
RESULT: {"using":"xpath","value":"//button[@aria-label=\"Create\"]"}
COMMAND: POST /session/4712af7ad0eaf46e7406ff23cdc0ea9d/execute/sync - {"script":"<script> [8489 bytes]","args":[{"element-6066-11e4-a52e-4f735466cecf":"f.791DC57474D669730896E8DA48EFF857.d.88EDD89832519BCB07506C72A9E46E15.e.19425","ELEMENT":"f.791DC57474D669730896E8DA48EFF857.d.88EDD89832519BCB07506C72A9E46E15.e.19425"}]}
RESULT: {"script":"<script> [8489 bytes]","args":[{"element-6066-11e4-a52e-4f735466cecf":"f.791DC57474D669730896E8DA48EFF857.d.88EDD89832519BCB07506C72A9E46E15.e.19425","ELEMENT":"f.791DC57474D669730896E8DA48EFF857.d.88EDD89832519BCB07506C72A9E46E15.e.19425"}]}
COMMAND: GET /session/4712af7ad0eaf46e7406ff23cdc0ea9d/element/f.791DC57474D669730896E8DA48EFF857.d.88EDD89832519BCB07506C72A9E46E15.e.19425/enabled - {}
COMMAND: GET /session/4712af7ad0eaf46e7406ff23cdc0ea9d/screenshot - {}
RESULT: {}
COMMAND: POST /session/4712af7ad0eaf46e7406ff23cdc0ea9d/execute/sync - {"script":"<script> [8489 bytes]","args":[{"element-6066-11e4-a52e-4f735466cecf":"f.791DC57474D669730896E8DA48EFF857.d.88EDD89832519BCB07506C72A9E46E15.e.19425","ELEMENT":"f.791DC57474D669730896E8DA48EFF857.d.88EDD89832519BCB07506C72A9E46E15.e.19425"}]}
COMMAND: GET /session/4712af7ad0eaf46e7406ff23cdc0ea9d/screenshot - {}
RESULT: {}
RESULT: {"script":"<script> [8489 bytes]","args":[{"element-6066-11e4-a52e-4f735466cecf":"f.791DC57474D669730896E8DA48EFF857.d.88EDD89832519BCB07506C72A9E46E15.e.19425","ELEMENT":"f.791DC57474D669730896E8DA48EFF857.d.88EDD89832519BCB07506C72A9E46E15.e.19425"}]}
COMMAND: POST /session/4712af7ad0eaf46e7406ff23cdc0ea9d/execute/sync - {"script":"<script> [5351 bytes]","args":[{"element-6066-11e4-a52e-4f735466cecf":"f.791DC57474D669730896E8DA48EFF857.d.88EDD89832519BCB07506C72A9E46E15.e.19425","ELEMENT":"f.791DC57474D669730896E8DA48EFF857.d.88EDD89832519BCB07506C72A9E46E15.e.19425"}]}
COMMAND: GET /session/4712af7ad0eaf46e7406ff23cdc0ea9d/screenshot - {}
RESULT: {}
RESULT: {"script":"<script> [5351 bytes]","args":[{"element-6066-11e4-a52e-4f735466cecf":"f.791DC57474D669730896E8DA48EFF857.d.88EDD89832519BCB07506C72A9E46E15.e.19425","ELEMENT":"f.791DC57474D669730896E8DA48EFF857.d.88EDD89832519BCB07506C72A9E46E15.e.19425"}]}
COMMAND: POST /session/4712af7ad0eaf46e7406ff23cdc0ea9d/element/f.791DC57474D669730896E8DA48EFF857.d.88EDD89832519BCB07506C72A9E46E15.e.19425/click - {}
COMMAND: GET /session/4712af7ad0eaf46e7406ff23cdc0ea9d/screenshot - {}
RESULT: {}
RESULT: {}
COMMAND: GET /session/4712af7ad0eaf46e7406ff23cdc0ea9d/screenshot - {}
RESULT: {}
RESULT: {}
COMMAND: POST /session/4712af7ad0eaf46e7406ff23cdc0ea9d/actions - {"actions":[{"id":"action68","type":"key","parameters":{},"actions":[{"type":"keyDown","value":"î€‡"},{"type":"pause","duration":10},{"type":"keyUp","value":"î€‡"}]}]}
RESULT: {"actions":[{"id":"action68","type":"key","parameters":{},"actions":[{"type":"keyDown","value":"î€‡"},{"type":"pause","duration":10},{"type":"keyUp","value":"î€‡"}]}]}
COMMAND: GET /session/4712af7ad0eaf46e7406ff23cdc0ea9d/screenshot - {}
RESULT: {}
COMMAND: POST /session/4712af7ad0eaf46e7406ff23cdc0ea9d/execute/async - {"script":"<script> [1562 bytes]","args":[{"selector":{"id":"application-manageconditionprice-display-component---newCondition--condBillCond-arrow"},"wdio_ui5_key":"applicationmanageconditionprice-display-component---newCondition--condBillCond-arrow"}]}
RESULT: {"script":"<script> [1562 bytes]","args":[{"selector":{"id":"application-manageconditionprice-display-component---newCondition--condBillCond-arrow"},"wdio_ui5_key":"applicationmanageconditionprice-display-component---newCondition--condBillCond-arrow"}]}
RESULT: undefined
COMMAND: POST /session/4712af7ad0eaf46e7406ff23cdc0ea9d/element - {"using":"xpath","value":"//*[@id=\"application-manageconditionprice-display-component---newCondition--condBillCond-arrow\"]"}
RESULT: {"using":"xpath","value":"//*[@id=\"application-manageconditionprice-display-component---newCondition--condBillCond-arrow\"]"}
COMMAND: POST /session/4712af7ad0eaf46e7406ff23cdc0ea9d/element/f.791DC57474D669730896E8DA48EFF857.d.88EDD89832519BCB07506C72A9E46E15.e.19601/click - {}
RESULT: {}
COMMAND: GET /session/4712af7ad0eaf46e7406ff23cdc0ea9d/screenshot - {}
RESULT: {}
COMMAND: POST /session/4712af7ad0eaf46e7406ff23cdc0ea9d/element - {"using":"xpath","value":"//li[.//span[contains(text(), \"DISP - D&I special price\")]]"}
RESULT: {"using":"xpath","value":"//li[.//span[contains(text(), \"DISP - D&I special price\")]]"}
COMMAND: POST /session/4712af7ad0eaf46e7406ff23cdc0ea9d/element/f.791DC57474D669730896E8DA48EFF857.d.88EDD89832519BCB07506C72A9E46E15.e.19604/click - {}
RESULT: {}
COMMAND: GET /session/4712af7ad0eaf46e7406ff23cdc0ea9d/screenshot - {}
RESULT: {}
COMMAND: POST /session/4712af7ad0eaf46e7406ff23cdc0ea9d/execute/async - {"script":"<script> [1562 bytes]","args":[{"selector":{"id":"application-manageconditionprice-display-component---newCondition--condValidTo","interaction":{"idSuffix":"inner"}},"wdio_ui5_key":"applicationmanageconditionprice-display-component---newCondition--condValidTo"}]}
RESULT: {"script":"<script> [1562 bytes]","args":[{"selector":{"id":"application-manageconditionprice-display-component---newCondition--condValidTo","interaction":{"idSuffix":"inner"}},"wdio_ui5_key":"applicationmanageconditionprice-display-component---newCondition--condValidTo"}]}
RESULT: undefined
COMMAND: POST /session/4712af7ad0eaf46e7406ff23cdc0ea9d/execute/async - {"script":"<script> [776 bytes]","args":[{"enterText":"12/30/25","selector":{"id":"application-manageconditionprice-display-component---newCondition--condValidTo","interaction":{"idSuffix":"inner"}},"clearTextFirst":true,"interactionType":"ENTER_TEXT"}]}
RESULT: {"script":"<script> [776 bytes]","args":[{"enterText":"12/30/25","selector":{"id":"application-manageconditionprice-display-component---newCondition--condValidTo","interaction":{"idSuffix":"inner"}},"clearTextFirst":true,"interactionType":"ENTER_TEXT"}]}
COMMAND: POST /session/4712af7ad0eaf46e7406ff23cdc0ea9d/element - {"using":"xpath","value":"//input[@id=\"application-manageconditionprice-display-component---newCondition--condRU-inner\"]"}
RESULT: {"using":"xpath","value":"//input[@id=\"application-manageconditionprice-display-component---newCondition--condRU-inner\"]"}
COMMAND: POST /session/4712af7ad0eaf46e7406ff23cdc0ea9d/element/f.791DC57474D669730896E8DA48EFF857.d.88EDD89832519BCB07506C72A9E46E15.e.19466/clear - {}
RESULT: {}
COMMAND: POST /session/4712af7ad0eaf46e7406ff23cdc0ea9d/element/f.791DC57474D669730896E8DA48EFF857.d.88EDD89832519BCB07506C72A9E46E15.e.19466/value - {"text":"7xOAiAKkuW"}
COMMAND: GET /session/4712af7ad0eaf46e7406ff23cdc0ea9d/screenshot - {}
RESULT: {"text":"7xOAiAKkuW"}
COMMAND: GET /session/4712af7ad0eaf46e7406ff23cdc0ea9d/screenshot - {}
RESULT: {}
RESULT: {}
COMMAND: POST /session/4712af7ad0eaf46e7406ff23cdc0ea9d/actions - {"actions":[{"id":"action69","type":"key","parameters":{},"actions":[{"type":"keyDown","value":"î€‡"},{"type":"pause","duration":10},{"type":"keyUp","value":"î€‡"}]}]}
RESULT: {"actions":[{"id":"action69","type":"key","parameters":{},"actions":[{"type":"keyDown","value":"î€‡"},{"type":"pause","duration":10},{"type":"keyUp","value":"î€‡"}]}]}
COMMAND: POST /session/4712af7ad0eaf46e7406ff23cdc0ea9d/execute/async - {"script":"<script> [1562 bytes]","args":[{"selector":{"id":"application-manageconditionprice-display-component---newCondition--condBaseQty","interaction":{"idSuffix":"inner"}},"wdio_ui5_key":"applicationmanageconditionprice-display-component---newCondition--condBaseQty"}]}
COMMAND: GET /session/4712af7ad0eaf46e7406ff23cdc0ea9d/screenshot - {}
RESULT: {"script":"<script> [1562 bytes]","args":[{"selector":{"id":"application-manageconditionprice-display-component---newCondition--condBaseQty","interaction":{"idSuffix":"inner"}},"wdio_ui5_key":"applicationmanageconditionprice-display-component---newCondition--condBaseQty"}]}
RESULT: undefined
COMMAND: POST /session/4712af7ad0eaf46e7406ff23cdc0ea9d/execute/async - {"script":"<script> [776 bytes]","args":[{"enterText":"1","selector":{"id":"application-manageconditionprice-display-component---newCondition--condBaseQty","interaction":{"idSuffix":"inner"}},"clearTextFirst":true,"interactionType":"ENTER_TEXT"}]}
RESULT: {}
RESULT: {"script":"<script> [776 bytes]","args":[{"enterText":"1","selector":{"id":"application-manageconditionprice-display-component---newCondition--condBaseQty","interaction":{"idSuffix":"inner"}},"clearTextFirst":true,"interactionType":"ENTER_TEXT"}]}
COMMAND: POST /session/4712af7ad0eaf46e7406ff23cdc0ea9d/execute/async - {"script":"<script> [1562 bytes]","args":[{"selector":{"id":"application-manageconditionprice-display-component---newCondition--condValue","interaction":{"idSuffix":"inner"}},"wdio_ui5_key":"applicationmanageconditionprice-display-component---newCondition--condValue"}]}
RESULT: {"script":"<script> [1562 bytes]","args":[{"selector":{"id":"application-manageconditionprice-display-component---newCondition--condValue","interaction":{"idSuffix":"inner"}},"wdio_ui5_key":"applicationmanageconditionprice-display-component---newCondition--condValue"}]}
RESULT: undefined
COMMAND: POST /session/4712af7ad0eaf46e7406ff23cdc0ea9d/execute/async - {"script":"<script> [776 bytes]","args":[{"enterText":"100","selector":{"id":"application-manageconditionprice-display-component---newCondition--condValue","interaction":{"idSuffix":"inner"}},"clearTextFirst":true,"interactionType":"ENTER_TEXT"}]}
RESULT: {"script":"<script> [776 bytes]","args":[{"enterText":"100","selector":{"id":"application-manageconditionprice-display-component---newCondition--condValue","interaction":{"idSuffix":"inner"}},"clearTextFirst":true,"interactionType":"ENTER_TEXT"}]}
COMMAND: POST /session/4712af7ad0eaf46e7406ff23cdc0ea9d/execute/async - {"script":"<script> [1562 bytes]","args":[{"selector":{"id":"application-manageconditionprice-display-component---newCondition--condCurr-arrow"},"wdio_ui5_key":"applicationmanageconditionprice-display-component---newCondition--condCurr-arrow"}]}
RESULT: {"script":"<script> [1562 bytes]","args":[{"selector":{"id":"application-manageconditionprice-display-component---newCondition--condCurr-arrow"},"wdio_ui5_key":"applicationmanageconditionprice-display-component---newCondition--condCurr-arrow"}]}
RESULT: undefined
COMMAND: POST /session/4712af7ad0eaf46e7406ff23cdc0ea9d/element - {"using":"xpath","value":"//*[@id=\"application-manageconditionprice-display-component---newCondition--condCurr-arrow\"]"}
RESULT: {"using":"xpath","value":"//*[@id=\"application-manageconditionprice-display-component---newCondition--condCurr-arrow\"]"}
COMMAND: POST /session/4712af7ad0eaf46e7406ff23cdc0ea9d/element/f.791DC57474D669730896E8DA48EFF857.d.88EDD89832519BCB07506C72A9E46E15.e.19583/click - {}
RESULT: {}
COMMAND: POST /session/4712af7ad0eaf46e7406ff23cdc0ea9d/element - {"using":"xpath","value":"//span[contains(text(), \"Euro\")]"}
COMMAND: GET /session/4712af7ad0eaf46e7406ff23cdc0ea9d/screenshot - {}
RESULT: {"using":"xpath","value":"//span[contains(text(), \"Euro\")]"}
COMMAND: POST /session/4712af7ad0eaf46e7406ff23cdc0ea9d/element/f.791DC57474D669730896E8DA48EFF857.d.88EDD89832519BCB07506C72A9E46E15.e.19641/click - {}
RESULT: {}
RESULT: {}
COMMAND: POST /session/4712af7ad0eaf46e7406ff23cdc0ea9d/element - {"using":"xpath","value":"//button[@data-kt=\"saveButton\"]"}
COMMAND: GET /session/4712af7ad0eaf46e7406ff23cdc0ea9d/screenshot - {}
RESULT: {"using":"xpath","value":"//button[@data-kt=\"saveButton\"]"}
COMMAND: POST /session/4712af7ad0eaf46e7406ff23cdc0ea9d/element/f.791DC57474D669730896E8DA48EFF857.d.88EDD89832519BCB07506C72A9E46E15.e.19584/click - {}
RESULT: {}
RESULT: {}
COMMAND: GET /session/4712af7ad0eaf46e7406ff23cdc0ea9d/screenshot - {}
RESULT: {}
COMMAND: POST /session/4712af7ad0eaf46e7406ff23cdc0ea9d/execute/async - {"script":"<script> [1562 bytes]","args":[{"selector":{"id":"application-manageconditionprice-display-component---conditions--smartFilterBar-btnBasicSearch","interaction":{"idSuffix":"I"}},"wdio_ui5_key":"applicationmanageconditionprice-display-component---conditions--smartFilterBar-btnBasicSearch"}]}
RESULT: {"script":"<script> [1562 bytes]","args":[{"selector":{"id":"application-manageconditionprice-display-component---conditions--smartFilterBar-btnBasicSearch","interaction":{"idSuffix":"I"}},"wdio_ui5_key":"applicationmanageconditionprice-display-component---conditions--smartFilterBar-btnBasicSearch"}]}
RESULT: undefined
COMMAND: POST /session/4712af7ad0eaf46e7406ff23cdc0ea9d/execute/async - {"script":"<script> [776 bytes]","args":[{"enterText":"7xOAiAKkuW","selector":{"id":"application-manageconditionprice-display-component---conditions--smartFilterBar-btnBasicSearch","interaction":{"idSuffix":"I"}},"clearTextFirst":true,"interactionType":"ENTER_TEXT"}]}
RESULT: {"script":"<script> [776 bytes]","args":[{"enterText":"7xOAiAKkuW","selector":{"id":"application-manageconditionprice-display-component---conditions--smartFilterBar-btnBasicSearch","interaction":{"idSuffix":"I"}},"clearTextFirst":true,"interactionType":"ENTER_TEXT"}]}
COMMAND: POST /session/4712af7ad0eaf46e7406ff23cdc0ea9d/actions - {"actions":[{"id":"action70","type":"key","parameters":{},"actions":[{"type":"keyDown","value":"î€‡"},{"type":"pause","duration":10},{"type":"keyUp","value":"î€‡"}]}]}
RESULT: {"actions":[{"id":"action70","type":"key","parameters":{},"actions":[{"type":"keyDown","value":"î€‡"},{"type":"pause","duration":10},{"type":"keyUp","value":"î€‡"}]}]}
COMMAND: GET /session/4712af7ad0eaf46e7406ff23cdc0ea9d/screenshot - {}
RESULT: {}
COMMAND: POST /session/4712af7ad0eaf46e7406ff23cdc0ea9d/execute/async - {"script":"<script> [1562 bytes]","args":[{"selector":{"id":"application-manageconditionprice-display-component---conditions--smartFilterBar-filterItemControl_BASIC-BILL_TYPES-vhi"},"wdio_ui5_key":"applicationmanageconditionprice-display-component---conditions--smartFilterBar-filterItemControl_BASIC-BILL_TYPES-vhi"}]}
RESULT: {"script":"<script> [1562 bytes]","args":[{"selector":{"id":"application-manageconditionprice-display-component---conditions--smartFilterBar-filterItemControl_BASIC-BILL_TYPES-vhi"},"wdio_ui5_key":"applicationmanageconditionprice-display-component---conditions--smartFilterBar-filterItemControl_BASIC-BILL_TYPES-vhi"}]}
RESULT: undefined
COMMAND: POST /session/4712af7ad0eaf46e7406ff23cdc0ea9d/element - {"using":"xpath","value":"//*[@id=\"application-manageconditionprice-display-component---conditions--smartFilterBar-filterItemControl_BASIC-BILL_TYPES-vhi\"]"}
RESULT: {"using":"xpath","value":"//*[@id=\"application-manageconditionprice-display-component---conditions--smartFilterBar-filterItemControl_BASIC-BILL_TYPES-vhi\"]"}
COMMAND: POST /session/4712af7ad0eaf46e7406ff23cdc0ea9d/element/f.791DC57474D669730896E8DA48EFF857.d.88EDD89832519BCB07506C72A9E46E15.e.19747/click - {}
RESULT: {}
COMMAND: POST /session/4712af7ad0eaf46e7406ff23cdc0ea9d/execute/async - {"script":"<script> [1562 bytes]","args":[{"selector":{"id":"application-manageconditionprice-display-component---conditions--smartFilterBar-filterItemControl_BASIC-BILL_TYPES-valueHelpDialog-smartFilterBar-btnBasicSearch","searchOpenDialogs":true,"interaction":{"idSuffix":"I"}},"wdio_ui5_key":"applicationmanageconditionprice-display-component---conditions--smartFilterBar-filterItemControl_BASIC-BILL_TYPES-valueHelpDialog-smartFilterBar-btnBasicSearch"}]}
COMMAND: GET /session/4712af7ad0eaf46e7406ff23cdc0ea9d/screenshot - {}
RESULT: {"script":"<script> [1562 bytes]","args":[{"selector":{"id":"application-manageconditionprice-display-component---conditions--smartFilterBar-filterItemControl_BASIC-BILL_TYPES-valueHelpDialog-smartFilterBar-btnBasicSearch","searchOpenDialogs":true,"interaction":{"idSuffix":"I"}},"wdio_ui5_key":"applicationmanageconditionprice-display-component---conditions--smartFilterBar-filterItemControl_BASIC-BILL_TYPES-valueHelpDialog-smartFilterBar-btnBasicSearch"}]}
RESULT: undefined
COMMAND: POST /session/4712af7ad0eaf46e7406ff23cdc0ea9d/execute/async - {"script":"<script> [776 bytes]","args":[{"enterText":"TB","selector":{"id":"application-manageconditionprice-display-component---conditions--smartFilterBar-filterItemControl_BASIC-BILL_TYPES-valueHelpDialog-smartFilterBar-btnBasicSearch","searchOpenDialogs":true,"interaction":{"idSuffix":"I"}},"clearTextFirst":true,"interactionType":"ENTER_TEXT"}]}
RESULT: {}
RESULT: {"script":"<script> [776 bytes]","args":[{"enterText":"TB","selector":{"id":"application-manageconditionprice-display-component---conditions--smartFilterBar-filterItemControl_BASIC-BILL_TYPES-valueHelpDialog-smartFilterBar-btnBasicSearch","searchOpenDialogs":true,"interaction":{"idSuffix":"I"}},"clearTextFirst":true,"interactionType":"ENTER_TEXT"}]}
COMMAND: POST /session/4712af7ad0eaf46e7406ff23cdc0ea9d/actions - {"actions":[{"id":"action71","type":"key","parameters":{},"actions":[{"type":"keyDown","value":"î€‡"},{"type":"pause","duration":10},{"type":"keyUp","value":"î€‡"}]}]}
RESULT: {"actions":[{"id":"action71","type":"key","parameters":{},"actions":[{"type":"keyDown","value":"î€‡"},{"type":"pause","duration":10},{"type":"keyUp","value":"î€‡"}]}]}
COMMAND: GET /session/4712af7ad0eaf46e7406ff23cdc0ea9d/screenshot - {}
RESULT: {}
COMMAND: POST /session/4712af7ad0eaf46e7406ff23cdc0ea9d/element - {"using":"xpath","value":"//div[contains(@id, 'application-manageconditionprice-display-component---conditions--smartFilterBar-filterItemControl_BASIC-BILL_TYPES-valueHelpDialog-table-rowsel0')]"}
RESULT: {"using":"xpath","value":"//div[contains(@id, 'application-manageconditionprice-display-component---conditions--smartFilterBar-filterItemControl_BASIC-BILL_TYPES-valueHelpDialog-table-rowsel0')]"}
COMMAND: POST /session/4712af7ad0eaf46e7406ff23cdc0ea9d/element/f.791DC57474D669730896E8DA48EFF857.d.88EDD89832519BCB07506C72A9E46E15.e.19755/click - {}
RESULT: {}
COMMAND: GET /session/4712af7ad0eaf46e7406ff23cdc0ea9d/screenshot - {}
RESULT: {}
COMMAND: POST /session/4712af7ad0eaf46e7406ff23cdc0ea9d/element - {"using":"xpath","value":"//bdi[contains(text(), \"OK\")]"}
RESULT: {"using":"xpath","value":"//bdi[contains(text(), \"OK\")]"}
COMMAND: POST /session/4712af7ad0eaf46e7406ff23cdc0ea9d/element/f.791DC57474D669730896E8DA48EFF857.d.88EDD89832519BCB07506C72A9E46E15.e.19757/click - {}
RESULT: {}
COMMAND: GET /session/4712af7ad0eaf46e7406ff23cdc0ea9d/screenshot - {}
RESULT: {}
COMMAND: POST /session/4712af7ad0eaf46e7406ff23cdc0ea9d/element - {"using":"xpath","value":"//span[@id=\"application-manageconditionprice-display-component---conditions--smartTable-header-inner\"]"}
RESULT: {"using":"xpath","value":"//span[@id=\"application-manageconditionprice-display-component---conditions--smartTable-header-inner\"]"}
COMMAND: POST /session/4712af7ad0eaf46e7406ff23cdc0ea9d/elements - {"using":"xpath","value":"//span[@id=\"application-manageconditionprice-display-component---conditions--smartTable-header-inner\"]"}
RESULT: {"using":"xpath","value":"//span[@id=\"application-manageconditionprice-display-component---conditions--smartTable-header-inner\"]"}
COMMAND: POST /session/4712af7ad0eaf46e7406ff23cdc0ea9d/execute/sync - {"script":"<script> [56 bytes]","args":[{"element-6066-11e4-a52e-4f735466cecf":"f.791DC57474D669730896E8DA48EFF857.d.88EDD89832519BCB07506C72A9E46E15.e.19760","ELEMENT":"f.791DC57474D669730896E8DA48EFF857.d.88EDD89832519BCB07506C72A9E46E15.e.19760"}]}
RESULT: {"script":"<script> [56 bytes]","args":[{"element-6066-11e4-a52e-4f735466cecf":"f.791DC57474D669730896E8DA48EFF857.d.88EDD89832519BCB07506C72A9E46E15.e.19760","ELEMENT":"f.791DC57474D669730896E8DA48EFF857.d.88EDD89832519BCB07506C72A9E46E15.e.19760"}]}
COMMAND: POST /session/4712af7ad0eaf46e7406ff23cdc0ea9d/element - {"using":"css selector","value":"#shell-header-logo"}
COMMAND: GET /session/4712af7ad0eaf46e7406ff23cdc0ea9d/screenshot - {}
RESULT: {"using":"css selector","value":"#shell-header-logo"}
COMMAND: POST /session/4712af7ad0eaf46e7406ff23cdc0ea9d/element/f.791DC57474D669730896E8DA48EFF857.d.88EDD89832519BCB07506C72A9E46E15.e.19393/click - {}
RESULT: {}
RESULT: {}
COMMAND: GET /session/4712af7ad0eaf46e7406ff23cdc0ea9d/screenshot - {}
RESULT: {}
]]></system-out>
    </testcase>
    <testcase classname="chrome.135_0_7049_96.windows.Billing_Calculation_-_Time_based_(considering_transport_times)_US139738" name="Should do a stock increase for both equipments" time="77.385">
      <system-out><![CDATA[
COMMAND: POST /session/4712af7ad0eaf46e7406ff23cdc0ea9d/execute/async - {"script":"<script> [1562 bytes]","args":[{"selector":{"controlType":"sap.m.Text","viewName":"etm.portal.ui.managehandoverstile.view.Master","properties":{"text":"Manage Handovers"},"interaction":{"idSuffix":"inner"}},"wdio_ui5_key":"etmportal.ui.managehandoverstile.view.Mastersap.m.Text{\"text\":\"Manage Handovers\"}"}]}
RESULT: {"script":"<script> [1562 bytes]","args":[{"selector":{"controlType":"sap.m.Text","viewName":"etm.portal.ui.managehandoverstile.view.Master","properties":{"text":"Manage Handovers"},"interaction":{"idSuffix":"inner"}},"wdio_ui5_key":"etmportal.ui.managehandoverstile.view.Mastersap.m.Text{\"text\":\"Manage Handovers\"}"}]}
RESULT: undefined
COMMAND: POST /session/4712af7ad0eaf46e7406ff23cdc0ea9d/element - {"using":"xpath","value":"//*[@id=\"__tile130-title\"]"}
RESULT: {"using":"xpath","value":"//*[@id=\"__tile130-title\"]"}
COMMAND: POST /session/4712af7ad0eaf46e7406ff23cdc0ea9d/element/f.791DC57474D669730896E8DA48EFF857.d.88EDD89832519BCB07506C72A9E46E15.e.19765/click - {}
RESULT: {}
COMMAND: POST /session/4712af7ad0eaf46e7406ff23cdc0ea9d/element - {"using":"xpath","value":"//button[@data-kt=\"masterHOAddButton\"]"}
COMMAND: GET /session/4712af7ad0eaf46e7406ff23cdc0ea9d/screenshot - {}
RESULT: {"using":"xpath","value":"//button[@data-kt=\"masterHOAddButton\"]"}
COMMAND: POST /session/4712af7ad0eaf46e7406ff23cdc0ea9d/elements - {"using":"xpath","value":"//button[@data-kt=\"masterHOAddButton\"]"}
RESULT: {}
RESULT: {"using":"xpath","value":"//button[@data-kt=\"masterHOAddButton\"]"}
COMMAND: POST /session/4712af7ad0eaf46e7406ff23cdc0ea9d/elements - {"using":"xpath","value":"//button[@data-kt=\"masterHOAddButton\"]"}
RESULT: {"using":"xpath","value":"//button[@data-kt=\"masterHOAddButton\"]"}
COMMAND: POST /session/4712af7ad0eaf46e7406ff23cdc0ea9d/elements - {"using":"xpath","value":"//button[@data-kt=\"masterHOAddButton\"]"}
RESULT: {"using":"xpath","value":"//button[@data-kt=\"masterHOAddButton\"]"}
COMMAND: POST /session/4712af7ad0eaf46e7406ff23cdc0ea9d/element - {"using":"xpath","value":"//button[@data-kt=\"masterHOAddButton\"]"}
RESULT: {"using":"xpath","value":"//button[@data-kt=\"masterHOAddButton\"]"}
COMMAND: POST /session/4712af7ad0eaf46e7406ff23cdc0ea9d/execute/sync - {"script":"<script> [8489 bytes]","args":[{"element-6066-11e4-a52e-4f735466cecf":"f.791DC57474D669730896E8DA48EFF857.d.88EDD89832519BCB07506C72A9E46E15.e.19795","ELEMENT":"f.791DC57474D669730896E8DA48EFF857.d.88EDD89832519BCB07506C72A9E46E15.e.19795"}]}
RESULT: {"script":"<script> [8489 bytes]","args":[{"element-6066-11e4-a52e-4f735466cecf":"f.791DC57474D669730896E8DA48EFF857.d.88EDD89832519BCB07506C72A9E46E15.e.19795","ELEMENT":"f.791DC57474D669730896E8DA48EFF857.d.88EDD89832519BCB07506C72A9E46E15.e.19795"}]}
COMMAND: GET /session/4712af7ad0eaf46e7406ff23cdc0ea9d/element/f.791DC57474D669730896E8DA48EFF857.d.88EDD89832519BCB07506C72A9E46E15.e.19795/enabled - {}
COMMAND: GET /session/4712af7ad0eaf46e7406ff23cdc0ea9d/screenshot - {}
RESULT: {}
COMMAND: POST /session/4712af7ad0eaf46e7406ff23cdc0ea9d/execute/sync - {"script":"<script> [8489 bytes]","args":[{"element-6066-11e4-a52e-4f735466cecf":"f.791DC57474D669730896E8DA48EFF857.d.88EDD89832519BCB07506C72A9E46E15.e.19795","ELEMENT":"f.791DC57474D669730896E8DA48EFF857.d.88EDD89832519BCB07506C72A9E46E15.e.19795"}]}
COMMAND: GET /session/4712af7ad0eaf46e7406ff23cdc0ea9d/screenshot - {}
RESULT: {}
RESULT: {"script":"<script> [8489 bytes]","args":[{"element-6066-11e4-a52e-4f735466cecf":"f.791DC57474D669730896E8DA48EFF857.d.88EDD89832519BCB07506C72A9E46E15.e.19795","ELEMENT":"f.791DC57474D669730896E8DA48EFF857.d.88EDD89832519BCB07506C72A9E46E15.e.19795"}]}
COMMAND: POST /session/4712af7ad0eaf46e7406ff23cdc0ea9d/execute/sync - {"script":"<script> [5351 bytes]","args":[{"element-6066-11e4-a52e-4f735466cecf":"f.791DC57474D669730896E8DA48EFF857.d.88EDD89832519BCB07506C72A9E46E15.e.19795","ELEMENT":"f.791DC57474D669730896E8DA48EFF857.d.88EDD89832519BCB07506C72A9E46E15.e.19795"}]}
COMMAND: GET /session/4712af7ad0eaf46e7406ff23cdc0ea9d/screenshot - {}
RESULT: {}
RESULT: {"script":"<script> [5351 bytes]","args":[{"element-6066-11e4-a52e-4f735466cecf":"f.791DC57474D669730896E8DA48EFF857.d.88EDD89832519BCB07506C72A9E46E15.e.19795","ELEMENT":"f.791DC57474D669730896E8DA48EFF857.d.88EDD89832519BCB07506C72A9E46E15.e.19795"}]}
COMMAND: POST /session/4712af7ad0eaf46e7406ff23cdc0ea9d/element/f.791DC57474D669730896E8DA48EFF857.d.88EDD89832519BCB07506C72A9E46E15.e.19795/click - {}
COMMAND: GET /session/4712af7ad0eaf46e7406ff23cdc0ea9d/screenshot - {}
RESULT: {}
RESULT: {}
COMMAND: GET /session/4712af7ad0eaf46e7406ff23cdc0ea9d/screenshot - {}
RESULT: {}
COMMAND: POST /session/4712af7ad0eaf46e7406ff23cdc0ea9d/element - {"using":"xpath","value":"//span[contains(@id ,\"AddNewHO--typeSelect-arrow\")]"}
RESULT: {}
RESULT: {"using":"xpath","value":"//span[contains(@id ,\"AddNewHO--typeSelect-arrow\")]"}
COMMAND: POST /session/4712af7ad0eaf46e7406ff23cdc0ea9d/element/f.791DC57474D669730896E8DA48EFF857.d.88EDD89832519BCB07506C72A9E46E15.e.20166/click - {}
RESULT: {}
COMMAND: GET /session/4712af7ad0eaf46e7406ff23cdc0ea9d/screenshot - {}
RESULT: {}
COMMAND: POST /session/4712af7ad0eaf46e7406ff23cdc0ea9d/element - {"using":"xpath","value":"(//li[contains(text(), \"stock increase yard\")])[1]"}
RESULT: {"using":"xpath","value":"(//li[contains(text(), \"stock increase yard\")])[1]"}
COMMAND: POST /session/4712af7ad0eaf46e7406ff23cdc0ea9d/element/f.791DC57474D669730896E8DA48EFF857.d.88EDD89832519BCB07506C72A9E46E15.e.20167/click - {}
RESULT: {}
COMMAND: GET /session/4712af7ad0eaf46e7406ff23cdc0ea9d/screenshot - {}
RESULT: {}
COMMAND: POST /session/4712af7ad0eaf46e7406ff23cdc0ea9d/execute/async - {"script":"<script> [1562 bytes]","args":[{"selector":{"id":"application-managehandovers-display-component---AddNewHO--dueDate","interaction":{"idSuffix":"inner"}},"wdio_ui5_key":"applicationmanagehandovers-display-component---AddNewHO--dueDate"}]}
RESULT: {"script":"<script> [1562 bytes]","args":[{"selector":{"id":"application-managehandovers-display-component---AddNewHO--dueDate","interaction":{"idSuffix":"inner"}},"wdio_ui5_key":"applicationmanagehandovers-display-component---AddNewHO--dueDate"}]}
RESULT: undefined
COMMAND: POST /session/4712af7ad0eaf46e7406ff23cdc0ea9d/execute/async - {"script":"<script> [6424 bytes]","args":[{"element-6066-11e4-a52e-4f735466cecf":"f.791DC57474D669730896E8DA48EFF857.d.88EDD89832519BCB07506C72A9E46E15.e.20169"},"setValue",["04/30/2025"]]}
RESULT: {"script":"<script> [6424 bytes]","args":[{"element-6066-11e4-a52e-4f735466cecf":"f.791DC57474D669730896E8DA48EFF857.d.88EDD89832519BCB07506C72A9E46E15.e.20169"},"setValue",["04/30/2025"]]}
COMMAND: POST /session/4712af7ad0eaf46e7406ff23cdc0ea9d/element - {"using":"xpath","value":"//input[@id=\"generalSectionFrg--receiveYard-inner\"]"}
RESULT: {"using":"xpath","value":"//input[@id=\"generalSectionFrg--receiveYard-inner\"]"}
COMMAND: POST /session/4712af7ad0eaf46e7406ff23cdc0ea9d/element/f.791DC57474D669730896E8DA48EFF857.d.88EDD89832519BCB07506C72A9E46E15.e.20175/clear - {}
RESULT: {}
COMMAND: POST /session/4712af7ad0eaf46e7406ff23cdc0ea9d/element/f.791DC57474D669730896E8DA48EFF857.d.88EDD89832519BCB07506C72A9E46E15.e.20175/value - {"text":"432"}
COMMAND: GET /session/4712af7ad0eaf46e7406ff23cdc0ea9d/screenshot - {}
RESULT: {"text":"432"}
COMMAND: GET /session/4712af7ad0eaf46e7406ff23cdc0ea9d/screenshot - {}
RESULT: {}
RESULT: {}
COMMAND: POST /session/4712af7ad0eaf46e7406ff23cdc0ea9d/element - {"using":"xpath","value":"//li[.//span[text()='432']]"}
RESULT: {"using":"xpath","value":"//li[.//span[text()='432']]"}
COMMAND: POST /session/4712af7ad0eaf46e7406ff23cdc0ea9d/element/f.791DC57474D669730896E8DA48EFF857.d.88EDD89832519BCB07506C72A9E46E15.e.20193/click - {}
RESULT: {}
COMMAND: GET /session/4712af7ad0eaf46e7406ff23cdc0ea9d/screenshot - {}
RESULT: {}
COMMAND: POST /session/4712af7ad0eaf46e7406ff23cdc0ea9d/execute/async - {"script":"<script> [1562 bytes]","args":[{"selector":{"id":"application-managehandovers-display-component---AddNewHO--ObjectPageLayout-anchBar-application-managehandovers-display-component---AddNewHO--section4-anchor","interaction":{"idSuffix":"BDI-content"}},"wdio_ui5_key":"applicationmanagehandovers-display-component---AddNewHO--ObjectPageLayout-anchBar-application-managehandovers-display-component---AddNewHO--section4-anchor"}]}
RESULT: {"script":"<script> [1562 bytes]","args":[{"selector":{"id":"application-managehandovers-display-component---AddNewHO--ObjectPageLayout-anchBar-application-managehandovers-display-component---AddNewHO--section4-anchor","interaction":{"idSuffix":"BDI-content"}},"wdio_ui5_key":"applicationmanagehandovers-display-component---AddNewHO--ObjectPageLayout-anchBar-application-managehandovers-display-component---AddNewHO--section4-anchor"}]}
RESULT: undefined
COMMAND: POST /session/4712af7ad0eaf46e7406ff23cdc0ea9d/element - {"using":"xpath","value":"//*[@id=\"application-managehandovers-display-component---AddNewHO--ObjectPageLayout-anchBar-application-managehandovers-display-component---AddNewHO--section4-anchor\"]"}
RESULT: {"using":"xpath","value":"//*[@id=\"application-managehandovers-display-component---AddNewHO--ObjectPageLayout-anchBar-application-managehandovers-display-component---AddNewHO--section4-anchor\"]"}
COMMAND: POST /session/4712af7ad0eaf46e7406ff23cdc0ea9d/element/f.791DC57474D669730896E8DA48EFF857.d.88EDD89832519BCB07506C72A9E46E15.e.20195/click - {}
RESULT: {}
COMMAND: POST /session/4712af7ad0eaf46e7406ff23cdc0ea9d/element - {"using":"xpath","value":"//button[@aria-label=\"Add\"]"}
COMMAND: GET /session/4712af7ad0eaf46e7406ff23cdc0ea9d/screenshot - {}
RESULT: {"using":"xpath","value":"//button[@aria-label=\"Add\"]"}
COMMAND: POST /session/4712af7ad0eaf46e7406ff23cdc0ea9d/element/f.791DC57474D669730896E8DA48EFF857.d.88EDD89832519BCB07506C72A9E46E15.e.20197/click - {}
RESULT: {}
RESULT: {}
COMMAND: GET /session/4712af7ad0eaf46e7406ff23cdc0ea9d/screenshot - {}
RESULT: {}
COMMAND: POST /session/4712af7ad0eaf46e7406ff23cdc0ea9d/execute/async - {"script":"<script> [1562 bytes]","args":[{"selector":{"id":"application-managehandovers-display-component---AddNewHO--smartFilterBar-btnBasicSearch","searchOpenDialogs":true,"interaction":{"idSuffix":"I"}},"wdio_ui5_key":"applicationmanagehandovers-display-component---AddNewHO--smartFilterBar-btnBasicSearch"}]}
RESULT: {"script":"<script> [1562 bytes]","args":[{"selector":{"id":"application-managehandovers-display-component---AddNewHO--smartFilterBar-btnBasicSearch","searchOpenDialogs":true,"interaction":{"idSuffix":"I"}},"wdio_ui5_key":"applicationmanagehandovers-display-component---AddNewHO--smartFilterBar-btnBasicSearch"}]}
RESULT: undefined
COMMAND: POST /session/4712af7ad0eaf46e7406ff23cdc0ea9d/execute/async - {"script":"<script> [776 bytes]","args":[{"enterText":"7xOAiAKkuW","selector":{"id":"application-managehandovers-display-component---AddNewHO--smartFilterBar-btnBasicSearch","searchOpenDialogs":true,"interaction":{"idSuffix":"I"}},"clearTextFirst":true,"interactionType":"ENTER_TEXT"}]}
RESULT: {"script":"<script> [776 bytes]","args":[{"enterText":"7xOAiAKkuW","selector":{"id":"application-managehandovers-display-component---AddNewHO--smartFilterBar-btnBasicSearch","searchOpenDialogs":true,"interaction":{"idSuffix":"I"}},"clearTextFirst":true,"interactionType":"ENTER_TEXT"}]}
COMMAND: POST /session/4712af7ad0eaf46e7406ff23cdc0ea9d/actions - {"actions":[{"id":"action72","type":"key","parameters":{},"actions":[{"type":"keyDown","value":"î€‡"},{"type":"pause","duration":10},{"type":"keyUp","value":"î€‡"}]}]}
RESULT: {"actions":[{"id":"action72","type":"key","parameters":{},"actions":[{"type":"keyDown","value":"î€‡"},{"type":"pause","duration":10},{"type":"keyUp","value":"î€‡"}]}]}
COMMAND: GET /session/4712af7ad0eaf46e7406ff23cdc0ea9d/screenshot - {}
RESULT: {}
COMMAND: POST /session/4712af7ad0eaf46e7406ff23cdc0ea9d/execute/async - {"script":"<script> [1562 bytes]","args":[{"selector":{"id":"application-managehandovers-display-component---AddNewHO--popup-sa","searchOpenDialogs":true,"interaction":{"idSuffix":"CbBg"}},"wdio_ui5_key":"applicationmanagehandovers-display-component---AddNewHO--popup-sa"}]}
RESULT: {"script":"<script> [1562 bytes]","args":[{"selector":{"id":"application-managehandovers-display-component---AddNewHO--popup-sa","searchOpenDialogs":true,"interaction":{"idSuffix":"CbBg"}},"wdio_ui5_key":"applicationmanagehandovers-display-component---AddNewHO--popup-sa"}]}
RESULT: undefined
COMMAND: POST /session/4712af7ad0eaf46e7406ff23cdc0ea9d/element - {"using":"xpath","value":"//*[@id=\"application-managehandovers-display-component---AddNewHO--popup-sa\"]"}
RESULT: {"using":"xpath","value":"//*[@id=\"application-managehandovers-display-component---AddNewHO--popup-sa\"]"}
COMMAND: POST /session/4712af7ad0eaf46e7406ff23cdc0ea9d/element/f.791DC57474D669730896E8DA48EFF857.d.88EDD89832519BCB07506C72A9E46E15.e.20349/click - {}
RESULT: {}
COMMAND: GET /session/4712af7ad0eaf46e7406ff23cdc0ea9d/screenshot - {}
RESULT: {}
COMMAND: POST /session/4712af7ad0eaf46e7406ff23cdc0ea9d/element - {"using":"xpath","value":"//bdi[contains(text(), \"Select\")]"}
RESULT: {"using":"xpath","value":"//bdi[contains(text(), \"Select\")]"}
COMMAND: POST /session/4712af7ad0eaf46e7406ff23cdc0ea9d/element/f.791DC57474D669730896E8DA48EFF857.d.88EDD89832519BCB07506C72A9E46E15.e.20350/click - {}
RESULT: {}
COMMAND: GET /session/4712af7ad0eaf46e7406ff23cdc0ea9d/screenshot - {}
RESULT: {}
COMMAND: POST /session/4712af7ad0eaf46e7406ff23cdc0ea9d/element - {"using":"xpath","value":"//button[@data-kt=\"AddNewHOSaveButton\"]"}
RESULT: {"using":"xpath","value":"//button[@data-kt=\"AddNewHOSaveButton\"]"}
COMMAND: POST /session/4712af7ad0eaf46e7406ff23cdc0ea9d/element/f.791DC57474D669730896E8DA48EFF857.d.88EDD89832519BCB07506C72A9E46E15.e.20354/click - {}
RESULT: {}
COMMAND: GET /session/4712af7ad0eaf46e7406ff23cdc0ea9d/screenshot - {}
RESULT: {}
COMMAND: POST /session/4712af7ad0eaf46e7406ff23cdc0ea9d/execute/async - {"script":"<script> [1562 bytes]","args":[{"selector":{"id":"receiptDatePicker","viewName":"etm.portal.ui.managehandovers.view.DetailExecuteHO","interaction":{"idSuffix":"inner"}},"wdio_ui5_key":"receiptDatePickeretmportal.ui.managehandovers.view.DetailExecuteHO"}]}
RESULT: {"script":"<script> [1562 bytes]","args":[{"selector":{"id":"receiptDatePicker","viewName":"etm.portal.ui.managehandovers.view.DetailExecuteHO","interaction":{"idSuffix":"inner"}},"wdio_ui5_key":"receiptDatePickeretmportal.ui.managehandovers.view.DetailExecuteHO"}]}
RESULT: undefined
COMMAND: POST /session/4712af7ad0eaf46e7406ff23cdc0ea9d/execute/async - {"script":"<script> [6424 bytes]","args":[{"element-6066-11e4-a52e-4f735466cecf":"f.791DC57474D669730896E8DA48EFF857.d.88EDD89832519BCB07506C72A9E46E15.e.20383"},"setValue",["04/30/2025"]]}
RESULT: {"script":"<script> [6424 bytes]","args":[{"element-6066-11e4-a52e-4f735466cecf":"f.791DC57474D669730896E8DA48EFF857.d.88EDD89832519BCB07506C72A9E46E15.e.20383"},"setValue",["04/30/2025"]]}
COMMAND: POST /session/4712af7ad0eaf46e7406ff23cdc0ea9d/element - {"using":"xpath","value":"//button[@data-kt=\"PickingTableConfirmAllButton\"]"}
RESULT: {"using":"xpath","value":"//button[@data-kt=\"PickingTableConfirmAllButton\"]"}
COMMAND: POST /session/4712af7ad0eaf46e7406ff23cdc0ea9d/element/f.791DC57474D669730896E8DA48EFF857.d.88EDD89832519BCB07506C72A9E46E15.e.20399/click - {}
RESULT: {}
COMMAND: GET /session/4712af7ad0eaf46e7406ff23cdc0ea9d/screenshot - {}
RESULT: {}
COMMAND: POST /session/4712af7ad0eaf46e7406ff23cdc0ea9d/element - {"using":"xpath","value":"//bdi[contains(text(), \"OK\")]"}
RESULT: {"using":"xpath","value":"//bdi[contains(text(), \"OK\")]"}
COMMAND: POST /session/4712af7ad0eaf46e7406ff23cdc0ea9d/element/f.791DC57474D669730896E8DA48EFF857.d.88EDD89832519BCB07506C72A9E46E15.e.20401/click - {}
RESULT: {}
COMMAND: GET /session/4712af7ad0eaf46e7406ff23cdc0ea9d/screenshot - {}
RESULT: {}
COMMAND: POST /session/4712af7ad0eaf46e7406ff23cdc0ea9d/element - {"using":"xpath","value":"(//bdi[contains(text(), \"Receive\")])[2]"}
RESULT: {"using":"xpath","value":"(//bdi[contains(text(), \"Receive\")])[2]"}
COMMAND: POST /session/4712af7ad0eaf46e7406ff23cdc0ea9d/element/f.791DC57474D669730896E8DA48EFF857.d.88EDD89832519BCB07506C72A9E46E15.e.20403/click - {}
RESULT: {}
COMMAND: GET /session/4712af7ad0eaf46e7406ff23cdc0ea9d/screenshot - {}
RESULT: {}
COMMAND: POST /session/4712af7ad0eaf46e7406ff23cdc0ea9d/element - {"using":"css selector","value":"#shell-header-logo"}
RESULT: {"using":"css selector","value":"#shell-header-logo"}
COMMAND: POST /session/4712af7ad0eaf46e7406ff23cdc0ea9d/element/f.791DC57474D669730896E8DA48EFF857.d.88EDD89832519BCB07506C72A9E46E15.e.19767/click - {}
RESULT: {}
COMMAND: GET /session/4712af7ad0eaf46e7406ff23cdc0ea9d/screenshot - {}
RESULT: {}
]]></system-out>
    </testcase>
    <testcase classname="chrome.135_0_7049_96.windows.Billing_Calculation_-_Time_based_(considering_transport_times)_US139738" name="Should create a new contract" time="51.833">
      <system-out><![CDATA[
COMMAND: POST /session/4712af7ad0eaf46e7406ff23cdc0ea9d/execute/async - {"script":"<script> [1562 bytes]","args":[{"selector":{"controlType":"sap.m.Text","viewName":"etm.portal.ui.managecontractstile.view.Master","properties":{"text":"Manage Contracts"},"interaction":{"idSuffix":"inner"}},"wdio_ui5_key":"etmportal.ui.managecontractstile.view.Mastersap.m.Text{\"text\":\"Manage Contracts\"}"}]}
RESULT: {"script":"<script> [1562 bytes]","args":[{"selector":{"controlType":"sap.m.Text","viewName":"etm.portal.ui.managecontractstile.view.Master","properties":{"text":"Manage Contracts"},"interaction":{"idSuffix":"inner"}},"wdio_ui5_key":"etmportal.ui.managecontractstile.view.Mastersap.m.Text{\"text\":\"Manage Contracts\"}"}]}
RESULT: undefined
COMMAND: POST /session/4712af7ad0eaf46e7406ff23cdc0ea9d/element - {"using":"xpath","value":"//*[@id=\"__tile131-title\"]"}
RESULT: {"using":"xpath","value":"//*[@id=\"__tile131-title\"]"}
COMMAND: POST /session/4712af7ad0eaf46e7406ff23cdc0ea9d/element/f.791DC57474D669730896E8DA48EFF857.d.88EDD89832519BCB07506C72A9E46E15.e.20575/click - {}
RESULT: {}
COMMAND: GET /session/4712af7ad0eaf46e7406ff23cdc0ea9d/screenshot - {}
RESULT: {}
COMMAND: POST /session/4712af7ad0eaf46e7406ff23cdc0ea9d/element - {"using":"xpath","value":"//button[@data-kt=\"addButton\"]"}
RESULT: {"using":"xpath","value":"//button[@data-kt=\"addButton\"]"}
COMMAND: POST /session/4712af7ad0eaf46e7406ff23cdc0ea9d/elements - {"using":"xpath","value":"//button[@data-kt=\"addButton\"]"}
RESULT: {"using":"xpath","value":"//button[@data-kt=\"addButton\"]"}
COMMAND: POST /session/4712af7ad0eaf46e7406ff23cdc0ea9d/execute/sync - {"script":"<script> [8489 bytes]","args":[{"element-6066-11e4-a52e-4f735466cecf":"f.791DC57474D669730896E8DA48EFF857.d.88EDD89832519BCB07506C72A9E46E15.e.20649","ELEMENT":"f.791DC57474D669730896E8DA48EFF857.d.88EDD89832519BCB07506C72A9E46E15.e.20649"}]}
RESULT: {"script":"<script> [8489 bytes]","args":[{"element-6066-11e4-a52e-4f735466cecf":"f.791DC57474D669730896E8DA48EFF857.d.88EDD89832519BCB07506C72A9E46E15.e.20649","ELEMENT":"f.791DC57474D669730896E8DA48EFF857.d.88EDD89832519BCB07506C72A9E46E15.e.20649"}]}
COMMAND: GET /session/4712af7ad0eaf46e7406ff23cdc0ea9d/element/f.791DC57474D669730896E8DA48EFF857.d.88EDD89832519BCB07506C72A9E46E15.e.20649/enabled - {}
COMMAND: GET /session/4712af7ad0eaf46e7406ff23cdc0ea9d/screenshot - {}
RESULT: {}
COMMAND: POST /session/4712af7ad0eaf46e7406ff23cdc0ea9d/execute/sync - {"script":"<script> [8489 bytes]","args":[{"element-6066-11e4-a52e-4f735466cecf":"f.791DC57474D669730896E8DA48EFF857.d.88EDD89832519BCB07506C72A9E46E15.e.20649","ELEMENT":"f.791DC57474D669730896E8DA48EFF857.d.88EDD89832519BCB07506C72A9E46E15.e.20649"}]}
COMMAND: GET /session/4712af7ad0eaf46e7406ff23cdc0ea9d/screenshot - {}
RESULT: {}
RESULT: {"script":"<script> [8489 bytes]","args":[{"element-6066-11e4-a52e-4f735466cecf":"f.791DC57474D669730896E8DA48EFF857.d.88EDD89832519BCB07506C72A9E46E15.e.20649","ELEMENT":"f.791DC57474D669730896E8DA48EFF857.d.88EDD89832519BCB07506C72A9E46E15.e.20649"}]}
COMMAND: POST /session/4712af7ad0eaf46e7406ff23cdc0ea9d/execute/sync - {"script":"<script> [5351 bytes]","args":[{"element-6066-11e4-a52e-4f735466cecf":"f.791DC57474D669730896E8DA48EFF857.d.88EDD89832519BCB07506C72A9E46E15.e.20649","ELEMENT":"f.791DC57474D669730896E8DA48EFF857.d.88EDD89832519BCB07506C72A9E46E15.e.20649"}]}
COMMAND: GET /session/4712af7ad0eaf46e7406ff23cdc0ea9d/screenshot - {}
RESULT: {}
RESULT: {"script":"<script> [5351 bytes]","args":[{"element-6066-11e4-a52e-4f735466cecf":"f.791DC57474D669730896E8DA48EFF857.d.88EDD89832519BCB07506C72A9E46E15.e.20649","ELEMENT":"f.791DC57474D669730896E8DA48EFF857.d.88EDD89832519BCB07506C72A9E46E15.e.20649"}]}
COMMAND: GET /session/4712af7ad0eaf46e7406ff23cdc0ea9d/screenshot - {}
RESULT: {}
RESULT: {}
COMMAND: POST /session/4712af7ad0eaf46e7406ff23cdc0ea9d/element/f.791DC57474D669730896E8DA48EFF857.d.88EDD89832519BCB07506C72A9E46E15.e.20649/click - {}
RESULT: {}
COMMAND: GET /session/4712af7ad0eaf46e7406ff23cdc0ea9d/screenshot - {}
COMMAND: POST /session/4712af7ad0eaf46e7406ff23cdc0ea9d/execute/async - {"script":"<script> [1562 bytes]","args":[{"selector":{"id":"application-managecontracts-display-component---AddNewContract--projectDescription","interaction":{"idSuffix":"inner"}},"wdio_ui5_key":"applicationmanagecontracts-display-component---AddNewContract--projectDescription"}]}
RESULT: {}
RESULT: {"script":"<script> [1562 bytes]","args":[{"selector":{"id":"application-managecontracts-display-component---AddNewContract--projectDescription","interaction":{"idSuffix":"inner"}},"wdio_ui5_key":"applicationmanagecontracts-display-component---AddNewContract--projectDescription"}]}
RESULT: undefined
COMMAND: POST /session/4712af7ad0eaf46e7406ff23cdc0ea9d/execute/async - {"script":"<script> [776 bytes]","args":[{"enterText":"Contract WDIO","selector":{"id":"application-managecontracts-display-component---AddNewContract--projectDescription","interaction":{"idSuffix":"inner"}},"clearTextFirst":true,"interactionType":"ENTER_TEXT"}]}
RESULT: {"script":"<script> [776 bytes]","args":[{"enterText":"Contract WDIO","selector":{"id":"application-managecontracts-display-component---AddNewContract--projectDescription","interaction":{"idSuffix":"inner"}},"clearTextFirst":true,"interactionType":"ENTER_TEXT"}]}
COMMAND: POST /session/4712af7ad0eaf46e7406ff23cdc0ea9d/element - {"using":"xpath","value":"//input[@id=\"application-managecontracts-display-component---AddNewContract--site-inner\"]"}
RESULT: {"using":"xpath","value":"//input[@id=\"application-managecontracts-display-component---AddNewContract--site-inner\"]"}
COMMAND: POST /session/4712af7ad0eaf46e7406ff23cdc0ea9d/element/f.791DC57474D669730896E8DA48EFF857.d.88EDD89832519BCB07506C72A9E46E15.e.20942/clear - {}
RESULT: {}
COMMAND: POST /session/4712af7ad0eaf46e7406ff23cdc0ea9d/element/f.791DC57474D669730896E8DA48EFF857.d.88EDD89832519BCB07506C72A9E46E15.e.20942/value - {"text":"2270"}
COMMAND: GET /session/4712af7ad0eaf46e7406ff23cdc0ea9d/screenshot - {}
RESULT: {"text":"2270"}
COMMAND: GET /session/4712af7ad0eaf46e7406ff23cdc0ea9d/screenshot - {}
RESULT: {}
RESULT: {}
COMMAND: POST /session/4712af7ad0eaf46e7406ff23cdc0ea9d/element - {"using":"xpath","value":"//li[.//span[text()='2270']]"}
RESULT: {"using":"xpath","value":"//li[.//span[text()='2270']]"}
COMMAND: POST /session/4712af7ad0eaf46e7406ff23cdc0ea9d/element/f.791DC57474D669730896E8DA48EFF857.d.88EDD89832519BCB07506C72A9E46E15.e.20967/click - {}
RESULT: {}
COMMAND: GET /session/4712af7ad0eaf46e7406ff23cdc0ea9d/screenshot - {}
RESULT: {}
COMMAND: POST /session/4712af7ad0eaf46e7406ff23cdc0ea9d/element - {"using":"xpath","value":"//input[@id=\"application-managecontracts-display-component---AddNewContract--yardId-inner\"]"}
RESULT: {"using":"xpath","value":"//input[@id=\"application-managecontracts-display-component---AddNewContract--yardId-inner\"]"}
COMMAND: GET /session/4712af7ad0eaf46e7406ff23cdc0ea9d/element/f.791DC57474D669730896E8DA48EFF857.d.88EDD89832519BCB07506C72A9E46E15.e.20943/property/value - {}
RESULT: {}
COMMAND: POST /session/4712af7ad0eaf46e7406ff23cdc0ea9d/element - {"using":"xpath","value":"//input[@id=\"application-managecontracts-display-component---AddNewContract--customerSelect-inner\"]"}
COMMAND: GET /session/4712af7ad0eaf46e7406ff23cdc0ea9d/screenshot - {}
RESULT: {"using":"xpath","value":"//input[@id=\"application-managecontracts-display-component---AddNewContract--customerSelect-inner\"]"}
COMMAND: POST /session/4712af7ad0eaf46e7406ff23cdc0ea9d/element/f.791DC57474D669730896E8DA48EFF857.d.88EDD89832519BCB07506C72A9E46E15.e.20941/clear - {}
RESULT: {}
RESULT: {}
COMMAND: POST /session/4712af7ad0eaf46e7406ff23cdc0ea9d/element/f.791DC57474D669730896E8DA48EFF857.d.88EDD89832519BCB07506C72A9E46E15.e.20941/value - {"text":"1300"}
COMMAND: GET /session/4712af7ad0eaf46e7406ff23cdc0ea9d/screenshot - {}
RESULT: {"text":"1300"}
COMMAND: GET /session/4712af7ad0eaf46e7406ff23cdc0ea9d/screenshot - {}
RESULT: {}
RESULT: {}
COMMAND: POST /session/4712af7ad0eaf46e7406ff23cdc0ea9d/element - {"using":"xpath","value":"//li[.//span[text()='1300']]"}
RESULT: {"using":"xpath","value":"//li[.//span[text()='1300']]"}
COMMAND: POST /session/4712af7ad0eaf46e7406ff23cdc0ea9d/element/f.791DC57474D669730896E8DA48EFF857.d.88EDD89832519BCB07506C72A9E46E15.e.20970/click - {}
RESULT: {}
COMMAND: GET /session/4712af7ad0eaf46e7406ff23cdc0ea9d/screenshot - {}
RESULT: {}
COMMAND: POST /session/4712af7ad0eaf46e7406ff23cdc0ea9d/element - {"using":"xpath","value":"//button[@data-kt=\"saveButton\"]"}
RESULT: {"using":"xpath","value":"//button[@data-kt=\"saveButton\"]"}
COMMAND: POST /session/4712af7ad0eaf46e7406ff23cdc0ea9d/element/f.791DC57474D669730896E8DA48EFF857.d.88EDD89832519BCB07506C72A9E46E15.e.20960/click - {}
RESULT: {}
COMMAND: GET /session/4712af7ad0eaf46e7406ff23cdc0ea9d/screenshot - {}
RESULT: {}
COMMAND: POST /session/4712af7ad0eaf46e7406ff23cdc0ea9d/element - {"using":"xpath","value":"//span[contains(@id ,\"contractDetailTitleNoExpanded\")]"}
RESULT: {"using":"xpath","value":"//span[contains(@id ,\"contractDetailTitleNoExpanded\")]"}
COMMAND: POST /session/4712af7ad0eaf46e7406ff23cdc0ea9d/elements - {"using":"xpath","value":"//span[contains(@id ,\"contractDetailTitleNoExpanded\")]"}
RESULT: {"using":"xpath","value":"//span[contains(@id ,\"contractDetailTitleNoExpanded\")]"}
COMMAND: POST /session/4712af7ad0eaf46e7406ff23cdc0ea9d/execute/sync - {"script":"<script> [56 bytes]","args":[{"element-6066-11e4-a52e-4f735466cecf":"f.791DC57474D669730896E8DA48EFF857.d.88EDD89832519BCB07506C72A9E46E15.e.21039","ELEMENT":"f.791DC57474D669730896E8DA48EFF857.d.88EDD89832519BCB07506C72A9E46E15.e.21039"}]}
RESULT: {"script":"<script> [56 bytes]","args":[{"element-6066-11e4-a52e-4f735466cecf":"f.791DC57474D669730896E8DA48EFF857.d.88EDD89832519BCB07506C72A9E46E15.e.21039","ELEMENT":"f.791DC57474D669730896E8DA48EFF857.d.88EDD89832519BCB07506C72A9E46E15.e.21039"}]}
COMMAND: GET /session/4712af7ad0eaf46e7406ff23cdc0ea9d/screenshot - {}
RESULT: {}
]]></system-out>
    </testcase>
    <testcase classname="chrome.135_0_7049_96.windows.Billing_Calculation_-_Time_based_(considering_transport_times)_US139738" name="Should add transport time checkbox on contract details" time="16.299">
      <system-out><![CDATA[
COMMAND: POST /session/4712af7ad0eaf46e7406ff23cdc0ea9d/element - {"using":"xpath","value":"//button[@data-kt=\"contractDetailEditBtnButton\"]"}
RESULT: {"using":"xpath","value":"//button[@data-kt=\"contractDetailEditBtnButton\"]"}
COMMAND: POST /session/4712af7ad0eaf46e7406ff23cdc0ea9d/element/f.791DC57474D669730896E8DA48EFF857.d.88EDD89832519BCB07506C72A9E46E15.e.21042/click - {}
RESULT: {}
COMMAND: GET /session/4712af7ad0eaf46e7406ff23cdc0ea9d/screenshot - {}
RESULT: {}
COMMAND: POST /session/4712af7ad0eaf46e7406ff23cdc0ea9d/element - {"using":"xpath","value":"(//span[contains(text(), \"Contract Billing\")])[2]"}
RESULT: {"using":"xpath","value":"(//span[contains(text(), \"Contract Billing\")])[2]"}
COMMAND: POST /session/4712af7ad0eaf46e7406ff23cdc0ea9d/element/f.791DC57474D669730896E8DA48EFF857.d.88EDD89832519BCB07506C72A9E46E15.e.21096/click - {}
RESULT: {}
COMMAND: GET /session/4712af7ad0eaf46e7406ff23cdc0ea9d/screenshot - {}
RESULT: {}
COMMAND: POST /session/4712af7ad0eaf46e7406ff23cdc0ea9d/element - {"using":"xpath","value":"(//div[contains(@id, \"transportTimesBilled-CbBg\")])"}
RESULT: {"using":"xpath","value":"(//div[contains(@id, \"transportTimesBilled-CbBg\")])"}
COMMAND: POST /session/4712af7ad0eaf46e7406ff23cdc0ea9d/element/f.791DC57474D669730896E8DA48EFF857.d.88EDD89832519BCB07506C72A9E46E15.e.21128/click - {}
RESULT: {}
COMMAND: GET /session/4712af7ad0eaf46e7406ff23cdc0ea9d/screenshot - {}
RESULT: {}
COMMAND: POST /session/4712af7ad0eaf46e7406ff23cdc0ea9d/element - {"using":"xpath","value":"(//button[@data-kt=\"saveButton\"])[2]"}
RESULT: {"using":"xpath","value":"(//button[@data-kt=\"saveButton\"])[2]"}
COMMAND: POST /session/4712af7ad0eaf46e7406ff23cdc0ea9d/element/f.791DC57474D669730896E8DA48EFF857.d.88EDD89832519BCB07506C72A9E46E15.e.21129/click - {}
RESULT: {}
COMMAND: GET /session/4712af7ad0eaf46e7406ff23cdc0ea9d/screenshot - {}
RESULT: {}
]]></system-out>
    </testcase>
    <testcase classname="chrome.135_0_7049_96.windows.Billing_Calculation_-_Time_based_(considering_transport_times)_US139738" name="Should add created equipment to contract" time="50.951">
      <system-out><![CDATA[
COMMAND: POST /session/4712af7ad0eaf46e7406ff23cdc0ea9d/element - {"using":"xpath","value":"//button[@data-kt=\"contractDetailEditBtnButton\"]"}
RESULT: {"using":"xpath","value":"//button[@data-kt=\"contractDetailEditBtnButton\"]"}
COMMAND: POST /session/4712af7ad0eaf46e7406ff23cdc0ea9d/element/f.791DC57474D669730896E8DA48EFF857.d.88EDD89832519BCB07506C72A9E46E15.e.21042/click - {}
RESULT: {}
COMMAND: GET /session/4712af7ad0eaf46e7406ff23cdc0ea9d/screenshot - {}
RESULT: {}
COMMAND: POST /session/4712af7ad0eaf46e7406ff23cdc0ea9d/element - {"using":"xpath","value":"(//span[contains(text(), \"Additional Addresses\")])[2]"}
RESULT: {"using":"xpath","value":"(//span[contains(text(), \"Additional Addresses\")])[2]"}
COMMAND: POST /session/4712af7ad0eaf46e7406ff23cdc0ea9d/element/f.791DC57474D669730896E8DA48EFF857.d.88EDD89832519BCB07506C72A9E46E15.e.21148/click - {}
RESULT: {}
COMMAND: GET /session/4712af7ad0eaf46e7406ff23cdc0ea9d/screenshot - {}
RESULT: {}
COMMAND: POST /session/4712af7ad0eaf46e7406ff23cdc0ea9d/element - {"using":"xpath","value":"//button[@data-kt=\"btnAddTableRowOverflowToolbarButton\"]"}
RESULT: {"using":"xpath","value":"//button[@data-kt=\"btnAddTableRowOverflowToolbarButton\"]"}
COMMAND: POST /session/4712af7ad0eaf46e7406ff23cdc0ea9d/element/f.791DC57474D669730896E8DA48EFF857.d.88EDD89832519BCB07506C72A9E46E15.e.21150/click - {}
RESULT: {}
COMMAND: GET /session/4712af7ad0eaf46e7406ff23cdc0ea9d/screenshot - {}
RESULT: {}
COMMAND: POST /session/4712af7ad0eaf46e7406ff23cdc0ea9d/element - {"using":"xpath","value":"//div[(text() = 'Standard Entry' or . = 'Standard Entry')]"}
RESULT: {"using":"xpath","value":"//div[(text() = 'Standard Entry' or . = 'Standard Entry')]"}
COMMAND: POST /session/4712af7ad0eaf46e7406ff23cdc0ea9d/element/f.791DC57474D669730896E8DA48EFF857.d.88EDD89832519BCB07506C72A9E46E15.e.21152/click - {}
RESULT: {}
COMMAND: GET /session/4712af7ad0eaf46e7406ff23cdc0ea9d/screenshot - {}
RESULT: {}
COMMAND: POST /session/4712af7ad0eaf46e7406ff23cdc0ea9d/element - {"using":"xpath","value":"//td[7]/div/div/input"}
RESULT: {"using":"xpath","value":"//td[7]/div/div/input"}
COMMAND: POST /session/4712af7ad0eaf46e7406ff23cdc0ea9d/element/f.791DC57474D669730896E8DA48EFF857.d.88EDD89832519BCB07506C72A9E46E15.e.21161/clear - {}
RESULT: {}
COMMAND: POST /session/4712af7ad0eaf46e7406ff23cdc0ea9d/element/f.791DC57474D669730896E8DA48EFF857.d.88EDD89832519BCB07506C72A9E46E15.e.21161/value - {"text":"7xOAiAKkuW"}
COMMAND: GET /session/4712af7ad0eaf46e7406ff23cdc0ea9d/screenshot - {}
RESULT: {"text":"7xOAiAKkuW"}
COMMAND: GET /session/4712af7ad0eaf46e7406ff23cdc0ea9d/screenshot - {}
RESULT: {}
RESULT: {}
COMMAND: POST /session/4712af7ad0eaf46e7406ff23cdc0ea9d/actions - {"actions":[{"id":"action73","type":"key","parameters":{},"actions":[{"type":"keyDown","value":"î€‡"},{"type":"pause","duration":10},{"type":"keyUp","value":"î€‡"}]}]}
RESULT: {"actions":[{"id":"action73","type":"key","parameters":{},"actions":[{"type":"keyDown","value":"î€‡"},{"type":"pause","duration":10},{"type":"keyUp","value":"î€‡"}]}]}
COMMAND: GET /session/4712af7ad0eaf46e7406ff23cdc0ea9d/screenshot - {}
RESULT: {}
COMMAND: POST /session/4712af7ad0eaf46e7406ff23cdc0ea9d/element - {"using":"xpath","value":"(//button[@data-kt=\"saveButton\"])[2]"}
RESULT: {"using":"xpath","value":"(//button[@data-kt=\"saveButton\"])[2]"}
COMMAND: POST /session/4712af7ad0eaf46e7406ff23cdc0ea9d/element/f.791DC57474D669730896E8DA48EFF857.d.88EDD89832519BCB07506C72A9E46E15.e.21129/click - {}
RESULT: {}
COMMAND: GET /session/4712af7ad0eaf46e7406ff23cdc0ea9d/screenshot - {}
RESULT: {}
COMMAND: POST /session/4712af7ad0eaf46e7406ff23cdc0ea9d/element - {"using":"xpath","value":"//span[contains(@id ,\"contractItemsSmartTable-header-inner\")]"}
RESULT: {"using":"xpath","value":"//span[contains(@id ,\"contractItemsSmartTable-header-inner\")]"}
COMMAND: POST /session/4712af7ad0eaf46e7406ff23cdc0ea9d/elements - {"using":"xpath","value":"//span[contains(@id ,\"contractItemsSmartTable-header-inner\")]"}
RESULT: {"using":"xpath","value":"//span[contains(@id ,\"contractItemsSmartTable-header-inner\")]"}
COMMAND: POST /session/4712af7ad0eaf46e7406ff23cdc0ea9d/execute/sync - {"script":"<script> [56 bytes]","args":[{"element-6066-11e4-a52e-4f735466cecf":"f.791DC57474D669730896E8DA48EFF857.d.88EDD89832519BCB07506C72A9E46E15.e.21180","ELEMENT":"f.791DC57474D669730896E8DA48EFF857.d.88EDD89832519BCB07506C72A9E46E15.e.21180"}]}
RESULT: {"script":"<script> [56 bytes]","args":[{"element-6066-11e4-a52e-4f735466cecf":"f.791DC57474D669730896E8DA48EFF857.d.88EDD89832519BCB07506C72A9E46E15.e.21180","ELEMENT":"f.791DC57474D669730896E8DA48EFF857.d.88EDD89832519BCB07506C72A9E46E15.e.21180"}]}
]]></system-out>
    </testcase>
    <testcase classname="chrome.135_0_7049_96.windows.Billing_Calculation_-_Time_based_(considering_transport_times)_US139738" name="Should do a provide to site 2 step" time="121.504">
      <system-out><![CDATA[
COMMAND: GET /session/4712af7ad0eaf46e7406ff23cdc0ea9d/screenshot - {}
COMMAND: POST /session/4712af7ad0eaf46e7406ff23cdc0ea9d/element - {"using":"xpath","value":"//button[@data-kt=\"provideButton\"]"}
RESULT: {}
RESULT: {"using":"xpath","value":"//button[@data-kt=\"provideButton\"]"}
COMMAND: POST /session/4712af7ad0eaf46e7406ff23cdc0ea9d/element/f.791DC57474D669730896E8DA48EFF857.d.88EDD89832519BCB07506C72A9E46E15.e.21182/click - {}
RESULT: {}
COMMAND: GET /session/4712af7ad0eaf46e7406ff23cdc0ea9d/screenshot - {}
RESULT: {}
COMMAND: POST /session/4712af7ad0eaf46e7406ff23cdc0ea9d/element - {"using":"xpath","value":"(//div[contains(@id, \"application-managehandovers-display-component---AddNewHO--oneStep-CbBg\")])"}
RESULT: {"using":"xpath","value":"(//div[contains(@id, \"application-managehandovers-display-component---AddNewHO--oneStep-CbBg\")])"}
COMMAND: POST /session/4712af7ad0eaf46e7406ff23cdc0ea9d/element/f.791DC57474D669730896E8DA48EFF857.d.88EDD89832519BCB07506C72A9E46E15.e.21490/click - {}
RESULT: {}
RESULT: undefined
COMMAND: POST /session/4712af7ad0eaf46e7406ff23cdc0ea9d/execute/async - {"script":"<script> [6424 bytes]","args":[{"element-6066-11e4-a52e-4f735466cecf":"f.791DC57474D669730896E8DA48EFF857.d.88EDD89832519BCB07506C72A9E46E15.e.20169"},"setValue",["04/30/2025"]]}
COMMAND: GET /session/4712af7ad0eaf46e7406ff23cdc0ea9d/screenshot - {}
COMMAND: POST /session/4712af7ad0eaf46e7406ff23cdc0ea9d/execute/async - {"script":"<script> [1562 bytes]","args":[{"selector":{"id":"application-managehandovers-display-component---AddNewHO--dueDate","interaction":{"idSuffix":"inner"}},"wdio_ui5_key":"applicationmanagehandovers-display-component---AddNewHO--dueDate"}]}
RESULT: {}
RESULT: {"script":"<script> [1562 bytes]","args":[{"selector":{"id":"application-managehandovers-display-component---AddNewHO--dueDate","interaction":{"idSuffix":"inner"}},"wdio_ui5_key":"applicationmanagehandovers-display-component---AddNewHO--dueDate"}]}
COMMAND: POST /session/4712af7ad0eaf46e7406ff23cdc0ea9d/execute/async - {"script":"<script> [6424 bytes]","args":[{"element-6066-11e4-a52e-4f735466cecf":"f.791DC57474D669730896E8DA48EFF857.d.88EDD89832519BCB07506C72A9E46E15.e.21258"},"setValue",["04/30/2025"]]}
RESULT: {"script":"<script> [6424 bytes]","args":[{"element-6066-11e4-a52e-4f735466cecf":"f.791DC57474D669730896E8DA48EFF857.d.88EDD89832519BCB07506C72A9E46E15.e.21258"},"setValue",["04/30/2025"]]}
COMMAND: POST /session/4712af7ad0eaf46e7406ff23cdc0ea9d/element - {"using":"xpath","value":"//bdi[contains(text(), \"Instructions\")]"}
RESULT: {"using":"xpath","value":"//bdi[contains(text(), \"Instructions\")]"}
COMMAND: POST /session/4712af7ad0eaf46e7406ff23cdc0ea9d/element/f.791DC57474D669730896E8DA48EFF857.d.88EDD89832519BCB07506C72A9E46E15.e.21494/click - {}
RESULT: {}
COMMAND: GET /session/4712af7ad0eaf46e7406ff23cdc0ea9d/screenshot - {}
RESULT: {}
COMMAND: POST /session/4712af7ad0eaf46e7406ff23cdc0ea9d/element - {"using":"xpath","value":"//button[@data-kt=\"AddNewHOProvideAddItemsButton\"]"}
RESULT: {"using":"xpath","value":"//button[@data-kt=\"AddNewHOProvideAddItemsButton\"]"}
COMMAND: POST /session/4712af7ad0eaf46e7406ff23cdc0ea9d/element/f.791DC57474D669730896E8DA48EFF857.d.88EDD89832519BCB07506C72A9E46E15.e.21498/click - {}
RESULT: {}
COMMAND: GET /session/4712af7ad0eaf46e7406ff23cdc0ea9d/screenshot - {}
RESULT: {}
RESULT: undefined
COMMAND: POST /session/4712af7ad0eaf46e7406ff23cdc0ea9d/element - {"using":"xpath","value":"//*[@id=\"application-managehandovers-display-component---AddNewHO--popup-sa\"]"}
RESULT: {"using":"xpath","value":"//*[@id=\"application-managehandovers-display-component---AddNewHO--popup-sa\"]"}
COMMAND: POST /session/4712af7ad0eaf46e7406ff23cdc0ea9d/element/f.791DC57474D669730896E8DA48EFF857.d.88EDD89832519BCB07506C72A9E46E15.e.21507/click - {}
RESULT: {}
COMMAND: GET /session/4712af7ad0eaf46e7406ff23cdc0ea9d/screenshot - {}
RESULT: {}
COMMAND: POST /session/4712af7ad0eaf46e7406ff23cdc0ea9d/element - {"using":"xpath","value":"//*[contains(@id ,\"BDI-content\")][contains(text(), \"Select\")]"}
RESULT: {"using":"xpath","value":"//*[contains(@id ,\"BDI-content\")][contains(text(), \"Select\")]"}
COMMAND: POST /session/4712af7ad0eaf46e7406ff23cdc0ea9d/element/f.791DC57474D669730896E8DA48EFF857.d.88EDD89832519BCB07506C72A9E46E15.e.21509/click - {}
RESULT: {}
COMMAND: GET /session/4712af7ad0eaf46e7406ff23cdc0ea9d/screenshot - {}
RESULT: {}
COMMAND: POST /session/4712af7ad0eaf46e7406ff23cdc0ea9d/execute/async - {"script":"<script> [1562 bytes]","args":[{"selector":{"id":"application-managehandovers-display-component---AddNewHO--confirmCreationButton","interaction":{"idSuffix":"BDI-content"}},"wdio_ui5_key":"applicationmanagehandovers-display-component---AddNewHO--confirmCreationButton"}]}
RESULT: {"script":"<script> [1562 bytes]","args":[{"selector":{"id":"application-managehandovers-display-component---AddNewHO--confirmCreationButton","interaction":{"idSuffix":"BDI-content"}},"wdio_ui5_key":"applicationmanagehandovers-display-component---AddNewHO--confirmCreationButton"}]}
RESULT: undefined
COMMAND: POST /session/4712af7ad0eaf46e7406ff23cdc0ea9d/element - {"using":"xpath","value":"//*[@id=\"application-managehandovers-display-component---AddNewHO--confirmCreationButton\"]"}
RESULT: {"using":"xpath","value":"//*[@id=\"application-managehandovers-display-component---AddNewHO--confirmCreationButton\"]"}
COMMAND: POST /session/4712af7ad0eaf46e7406ff23cdc0ea9d/element/f.791DC57474D669730896E8DA48EFF857.d.88EDD89832519BCB07506C72A9E46E15.e.21305/click - {}
RESULT: {}
COMMAND: GET /session/4712af7ad0eaf46e7406ff23cdc0ea9d/screenshot - {}
RESULT: {}
COMMAND: POST /session/4712af7ad0eaf46e7406ff23cdc0ea9d/element - {"using":"xpath","value":"//button[@data-kt=\"PickingTableConfirmAllButton\"]"}
RESULT: {"using":"xpath","value":"//button[@data-kt=\"PickingTableConfirmAllButton\"]"}
COMMAND: POST /session/4712af7ad0eaf46e7406ff23cdc0ea9d/element/f.791DC57474D669730896E8DA48EFF857.d.88EDD89832519BCB07506C72A9E46E15.e.21548/click - {}
COMMAND: POST /session/4712af7ad0eaf46e7406ff23cdc0ea9d/element - {"using":"xpath","value":"//button[@data-kt=\"PickingTableConfirmAllButton\"]"}
RESULT: {"using":"xpath","value":"//button[@data-kt=\"PickingTableConfirmAllButton\"]"}
COMMAND: POST /session/4712af7ad0eaf46e7406ff23cdc0ea9d/element/f.791DC57474D669730896E8DA48EFF857.d.88EDD89832519BCB07506C72A9E46E15.e.21548/click - {}
COMMAND: POST /session/4712af7ad0eaf46e7406ff23cdc0ea9d/element - {"using":"xpath","value":"//button[@data-kt=\"PickingTableConfirmAllButton\"]"}
RESULT: {"using":"xpath","value":"//button[@data-kt=\"PickingTableConfirmAllButton\"]"}
COMMAND: POST /session/4712af7ad0eaf46e7406ff23cdc0ea9d/element/f.791DC57474D669730896E8DA48EFF857.d.88EDD89832519BCB07506C72A9E46E15.e.21562/click - {}
RESULT: {}
COMMAND: GET /session/4712af7ad0eaf46e7406ff23cdc0ea9d/screenshot - {}
RESULT: {}
COMMAND: POST /session/4712af7ad0eaf46e7406ff23cdc0ea9d/element - {"using":"xpath","value":"//bdi[contains(text(), \"OK\")]"}
RESULT: {"using":"xpath","value":"//bdi[contains(text(), \"OK\")]"}
COMMAND: POST /session/4712af7ad0eaf46e7406ff23cdc0ea9d/element/f.791DC57474D669730896E8DA48EFF857.d.88EDD89832519BCB07506C72A9E46E15.e.21574/click - {}
RESULT: {}
COMMAND: GET /session/4712af7ad0eaf46e7406ff23cdc0ea9d/screenshot - {}
RESULT: {}
COMMAND: POST /session/4712af7ad0eaf46e7406ff23cdc0ea9d/element - {"using":"xpath","value":"//button[@data-kt=\"execHoPickButton\"]"}
RESULT: {"using":"xpath","value":"//button[@data-kt=\"execHoPickButton\"]"}
COMMAND: POST /session/4712af7ad0eaf46e7406ff23cdc0ea9d/element/f.791DC57474D669730896E8DA48EFF857.d.88EDD89832519BCB07506C72A9E46E15.e.21575/click - {}
RESULT: {}
COMMAND: GET /session/4712af7ad0eaf46e7406ff23cdc0ea9d/screenshot - {}
RESULT: {}
COMMAND: POST /session/4712af7ad0eaf46e7406ff23cdc0ea9d/element - {"using":"xpath","value":"//span[contains(@id ,\"filterItemControl_BASIC-RECEIVE_CONTRACT-vhi\")]"}
RESULT: {"using":"xpath","value":"//span[contains(@id ,\"filterItemControl_BASIC-RECEIVE_CONTRACT-vhi\")]"}
COMMAND: POST /session/4712af7ad0eaf46e7406ff23cdc0ea9d/element/f.791DC57474D669730896E8DA48EFF857.d.88EDD89832519BCB07506C72A9E46E15.e.21748/click - {}
RESULT: {}
COMMAND: GET /session/4712af7ad0eaf46e7406ff23cdc0ea9d/screenshot - {}
RESULT: {}
COMMAND: POST /session/4712af7ad0eaf46e7406ff23cdc0ea9d/execute/async - {"script":"<script> [1562 bytes]","args":[{"selector":{"controlType":"sap.m.SearchField","viewName":"etm.portal.ui.managehandovers.view.MasterHO","bindingPath":{"path":"","propertyPath":"/_BASIC_SEARCH_FIELD","modelName":"fi1t3rM0d31"},"searchOpenDialogs":true,"interaction":{"idSuffix":"I"}},"wdio_ui5_key":"etmportal.ui.managehandovers.view.MasterHOsap.m.SearchField{\"path\":\"\",\"propertyPath\":\"/_BASIC_SEARCH_FIELD\",\"modelName\":\"fi1t3rM0d31\"}"}]}
RESULT: {"script":"<script> [1562 bytes]","args":[{"selector":{"controlType":"sap.m.SearchField","viewName":"etm.portal.ui.managehandovers.view.MasterHO","bindingPath":{"path":"","propertyPath":"/_BASIC_SEARCH_FIELD","modelName":"fi1t3rM0d31"},"searchOpenDialogs":true,"interaction":{"idSuffix":"I"}},"wdio_ui5_key":"etmportal.ui.managehandovers.view.MasterHOsap.m.SearchField{\"path\":\"\",\"propertyPath\":\"/_BASIC_SEARCH_FIELD\",\"modelName\":\"fi1t3rM0d31\"}"}]}
RESULT: undefined
COMMAND: POST /session/4712af7ad0eaf46e7406ff23cdc0ea9d/execute/async - {"script":"<script> [776 bytes]","args":[{"enterText":"10379","selector":{"controlType":"sap.m.SearchField","viewName":"etm.portal.ui.managehandovers.view.MasterHO","bindingPath":{"path":"","propertyPath":"/_BASIC_SEARCH_FIELD","modelName":"fi1t3rM0d31"},"searchOpenDialogs":true,"interaction":{"idSuffix":"I"}},"clearTextFirst":true,"interactionType":"ENTER_TEXT"}]}
RESULT: {"script":"<script> [776 bytes]","args":[{"enterText":"10379","selector":{"controlType":"sap.m.SearchField","viewName":"etm.portal.ui.managehandovers.view.MasterHO","bindingPath":{"path":"","propertyPath":"/_BASIC_SEARCH_FIELD","modelName":"fi1t3rM0d31"},"searchOpenDialogs":true,"interaction":{"idSuffix":"I"}},"clearTextFirst":true,"interactionType":"ENTER_TEXT"}]}
COMMAND: POST /session/4712af7ad0eaf46e7406ff23cdc0ea9d/actions - {"actions":[{"id":"action74","type":"key","parameters":{},"actions":[{"type":"keyDown","value":"î€‡"},{"type":"pause","duration":10},{"type":"keyUp","value":"î€‡"}]}]}
RESULT: {"actions":[{"id":"action74","type":"key","parameters":{},"actions":[{"type":"keyDown","value":"î€‡"},{"type":"pause","duration":10},{"type":"keyUp","value":"î€‡"}]}]}
COMMAND: GET /session/4712af7ad0eaf46e7406ff23cdc0ea9d/screenshot - {}
RESULT: {}
COMMAND: POST /session/4712af7ad0eaf46e7406ff23cdc0ea9d/element - {"using":"xpath","value":"//div[contains(@id, 'filterItemControl_BASIC-RECEIVE_CONTRACT-valueHelpDialog-table-rowsel0')]"}
RESULT: {"using":"xpath","value":"//div[contains(@id, 'filterItemControl_BASIC-RECEIVE_CONTRACT-valueHelpDialog-table-rowsel0')]"}
COMMAND: POST /session/4712af7ad0eaf46e7406ff23cdc0ea9d/element/f.791DC57474D669730896E8DA48EFF857.d.88EDD89832519BCB07506C72A9E46E15.e.21757/click - {}
RESULT: {}
COMMAND: GET /session/4712af7ad0eaf46e7406ff23cdc0ea9d/screenshot - {}
RESULT: {}
COMMAND: POST /session/4712af7ad0eaf46e7406ff23cdc0ea9d/element - {"using":"xpath","value":"//bdi[contains(text(), \"OK\")]"}
RESULT: {"using":"xpath","value":"//bdi[contains(text(), \"OK\")]"}
COMMAND: POST /session/4712af7ad0eaf46e7406ff23cdc0ea9d/element/f.791DC57474D669730896E8DA48EFF857.d.88EDD89832519BCB07506C72A9E46E15.e.21759/click - {}
RESULT: {}
COMMAND: GET /session/4712af7ad0eaf46e7406ff23cdc0ea9d/screenshot - {}
RESULT: {}
COMMAND: POST /session/4712af7ad0eaf46e7406ff23cdc0ea9d/element - {"using":"xpath","value":"//span[contains(@id, \"smartTable-header-inner\")]"}
RESULT: {"using":"xpath","value":"//span[contains(@id, \"smartTable-header-inner\")]"}
COMMAND: POST /session/4712af7ad0eaf46e7406ff23cdc0ea9d/elements - {"using":"xpath","value":"//span[contains(@id, \"smartTable-header-inner\")]"}
RESULT: {"using":"xpath","value":"//span[contains(@id, \"smartTable-header-inner\")]"}
COMMAND: POST /session/4712af7ad0eaf46e7406ff23cdc0ea9d/execute/sync - {"script":"<script> [56 bytes]","args":[{"element-6066-11e4-a52e-4f735466cecf":"f.791DC57474D669730896E8DA48EFF857.d.88EDD89832519BCB07506C72A9E46E15.e.21787","ELEMENT":"f.791DC57474D669730896E8DA48EFF857.d.88EDD89832519BCB07506C72A9E46E15.e.21787"}]}
RESULT: {"script":"<script> [56 bytes]","args":[{"element-6066-11e4-a52e-4f735466cecf":"f.791DC57474D669730896E8DA48EFF857.d.88EDD89832519BCB07506C72A9E46E15.e.21787","ELEMENT":"f.791DC57474D669730896E8DA48EFF857.d.88EDD89832519BCB07506C72A9E46E15.e.21787"}]}
COMMAND: POST /session/4712af7ad0eaf46e7406ff23cdc0ea9d/element - {"using":"xpath","value":"//table[contains(@id, \"customHandovers\")]//tbody/tr[1]/td[2]/span"}
COMMAND: GET /session/4712af7ad0eaf46e7406ff23cdc0ea9d/screenshot - {}
RESULT: {"using":"xpath","value":"//table[contains(@id, \"customHandovers\")]//tbody/tr[1]/td[2]/span"}
COMMAND: POST /session/4712af7ad0eaf46e7406ff23cdc0ea9d/execute/sync - {"script":"<script> [56 bytes]","args":[{"element-6066-11e4-a52e-4f735466cecf":"f.791DC57474D669730896E8DA48EFF857.d.88EDD89832519BCB07506C72A9E46E15.e.21788","ELEMENT":"f.791DC57474D669730896E8DA48EFF857.d.88EDD89832519BCB07506C72A9E46E15.e.21788"}]}
RESULT: {}
RESULT: {"script":"<script> [56 bytes]","args":[{"element-6066-11e4-a52e-4f735466cecf":"f.791DC57474D669730896E8DA48EFF857.d.88EDD89832519BCB07506C72A9E46E15.e.21788","ELEMENT":"f.791DC57474D669730896E8DA48EFF857.d.88EDD89832519BCB07506C72A9E46E15.e.21788"}]}
COMMAND: POST /session/4712af7ad0eaf46e7406ff23cdc0ea9d/element - {"using":"xpath","value":"(//span[contains(@id, \"imgNav\")])[1]"}
COMMAND: GET /session/4712af7ad0eaf46e7406ff23cdc0ea9d/screenshot - {}
RESULT: {"using":"xpath","value":"(//span[contains(@id, \"imgNav\")])[1]"}
COMMAND: POST /session/4712af7ad0eaf46e7406ff23cdc0ea9d/element/f.791DC57474D669730896E8DA48EFF857.d.88EDD89832519BCB07506C72A9E46E15.e.21785/click - {}
RESULT: {}
RESULT: {}
COMMAND: GET /session/4712af7ad0eaf46e7406ff23cdc0ea9d/screenshot - {}
RESULT: {}
COMMAND: POST /session/4712af7ad0eaf46e7406ff23cdc0ea9d/element - {"using":"xpath","value":"//button[@data-kt=\"PickingTableConfirmAllButton\"]"}
RESULT: {"using":"xpath","value":"//button[@data-kt=\"PickingTableConfirmAllButton\"]"}
COMMAND: POST /session/4712af7ad0eaf46e7406ff23cdc0ea9d/element/f.791DC57474D669730896E8DA48EFF857.d.88EDD89832519BCB07506C72A9E46E15.e.21828/click - {}
RESULT: {}
COMMAND: GET /session/4712af7ad0eaf46e7406ff23cdc0ea9d/screenshot - {}
RESULT: {}
COMMAND: POST /session/4712af7ad0eaf46e7406ff23cdc0ea9d/element - {"using":"xpath","value":"//bdi[contains(text(), \"OK\")]"}
RESULT: {"using":"xpath","value":"//bdi[contains(text(), \"OK\")]"}
COMMAND: POST /session/4712af7ad0eaf46e7406ff23cdc0ea9d/element/f.791DC57474D669730896E8DA48EFF857.d.88EDD89832519BCB07506C72A9E46E15.e.21838/click - {}
RESULT: {}
COMMAND: GET /session/4712af7ad0eaf46e7406ff23cdc0ea9d/screenshot - {}
RESULT: {}
COMMAND: POST /session/4712af7ad0eaf46e7406ff23cdc0ea9d/element - {"using":"xpath","value":"//button[@data-kt=\"execHoIssueButton\"]"}
RESULT: {"using":"xpath","value":"//button[@data-kt=\"execHoIssueButton\"]"}
COMMAND: POST /session/4712af7ad0eaf46e7406ff23cdc0ea9d/element/f.791DC57474D669730896E8DA48EFF857.d.88EDD89832519BCB07506C72A9E46E15.e.21840/click - {}
RESULT: {}
COMMAND: GET /session/4712af7ad0eaf46e7406ff23cdc0ea9d/screenshot - {}
RESULT: {}
COMMAND: POST /session/4712af7ad0eaf46e7406ff23cdc0ea9d/element - {"using":"xpath","value":"//input[contains(@id ,\"smartFilterBar-btnBasicSearch-I\")]"}
RESULT: {"using":"xpath","value":"//input[contains(@id ,\"smartFilterBar-btnBasicSearch-I\")]"}
COMMAND: POST /session/4712af7ad0eaf46e7406ff23cdc0ea9d/elements - {"using":"xpath","value":"//input[contains(@id ,\"smartFilterBar-btnBasicSearch-I\")]"}
RESULT: {"using":"xpath","value":"//input[contains(@id ,\"smartFilterBar-btnBasicSearch-I\")]"}
COMMAND: POST /session/4712af7ad0eaf46e7406ff23cdc0ea9d/execute/sync - {"script":"<script> [8489 bytes]","args":[{"element-6066-11e4-a52e-4f735466cecf":"f.791DC57474D669730896E8DA48EFF857.d.88EDD89832519BCB07506C72A9E46E15.e.21257","ELEMENT":"f.791DC57474D669730896E8DA48EFF857.d.88EDD89832519BCB07506C72A9E46E15.e.21257"}]}
RESULT: {"script":"<script> [8489 bytes]","args":[{"element-6066-11e4-a52e-4f735466cecf":"f.791DC57474D669730896E8DA48EFF857.d.88EDD89832519BCB07506C72A9E46E15.e.21257","ELEMENT":"f.791DC57474D669730896E8DA48EFF857.d.88EDD89832519BCB07506C72A9E46E15.e.21257"}]}
COMMAND: GET /session/4712af7ad0eaf46e7406ff23cdc0ea9d/element/f.791DC57474D669730896E8DA48EFF857.d.88EDD89832519BCB07506C72A9E46E15.e.21257/enabled - {}
COMMAND: GET /session/4712af7ad0eaf46e7406ff23cdc0ea9d/screenshot - {}
RESULT: {}
COMMAND: POST /session/4712af7ad0eaf46e7406ff23cdc0ea9d/element/f.791DC57474D669730896E8DA48EFF857.d.88EDD89832519BCB07506C72A9E46E15.e.21257/clear - {}
COMMAND: GET /session/4712af7ad0eaf46e7406ff23cdc0ea9d/screenshot - {}
RESULT: {}
RESULT: {}
COMMAND: POST /session/4712af7ad0eaf46e7406ff23cdc0ea9d/element/f.791DC57474D669730896E8DA48EFF857.d.88EDD89832519BCB07506C72A9E46E15.e.21257/value - {"text":"30539"}
COMMAND: GET /session/4712af7ad0eaf46e7406ff23cdc0ea9d/screenshot - {}
RESULT: {}
RESULT: {"text":"30539"}
COMMAND: GET /session/4712af7ad0eaf46e7406ff23cdc0ea9d/screenshot - {}
RESULT: {}
RESULT: {}
COMMAND: POST /session/4712af7ad0eaf46e7406ff23cdc0ea9d/actions - {"actions":[{"id":"action75","type":"key","parameters":{},"actions":[{"type":"keyDown","value":"î€‡"},{"type":"pause","duration":10},{"type":"keyUp","value":"î€‡"}]}]}
RESULT: {"actions":[{"id":"action75","type":"key","parameters":{},"actions":[{"type":"keyDown","value":"î€‡"},{"type":"pause","duration":10},{"type":"keyUp","value":"î€‡"}]}]}
COMMAND: GET /session/4712af7ad0eaf46e7406ff23cdc0ea9d/screenshot - {}
RESULT: {}
COMMAND: POST /session/4712af7ad0eaf46e7406ff23cdc0ea9d/element - {"using":"xpath","value":"//span[contains(@id, \"smartTable-header-inner\")]"}
RESULT: {"using":"xpath","value":"//span[contains(@id, \"smartTable-header-inner\")]"}
COMMAND: POST /session/4712af7ad0eaf46e7406ff23cdc0ea9d/elements - {"using":"xpath","value":"//span[contains(@id, \"smartTable-header-inner\")]"}
RESULT: {"using":"xpath","value":"//span[contains(@id, \"smartTable-header-inner\")]"}
COMMAND: POST /session/4712af7ad0eaf46e7406ff23cdc0ea9d/execute/sync - {"script":"<script> [56 bytes]","args":[{"element-6066-11e4-a52e-4f735466cecf":"f.791DC57474D669730896E8DA48EFF857.d.88EDD89832519BCB07506C72A9E46E15.e.21787","ELEMENT":"f.791DC57474D669730896E8DA48EFF857.d.88EDD89832519BCB07506C72A9E46E15.e.21787"}]}
RESULT: {"script":"<script> [56 bytes]","args":[{"element-6066-11e4-a52e-4f735466cecf":"f.791DC57474D669730896E8DA48EFF857.d.88EDD89832519BCB07506C72A9E46E15.e.21787","ELEMENT":"f.791DC57474D669730896E8DA48EFF857.d.88EDD89832519BCB07506C72A9E46E15.e.21787"}]}
COMMAND: POST /session/4712af7ad0eaf46e7406ff23cdc0ea9d/elements - {"using":"xpath","value":"//thead[contains(@class, \"sapMTableTH\")]/tr/th"}
COMMAND: GET /session/4712af7ad0eaf46e7406ff23cdc0ea9d/screenshot - {}
RESULT: {"using":"xpath","value":"//thead[contains(@class, \"sapMTableTH\")]/tr/th"}
COMMAND: GET /session/4712af7ad0eaf46e7406ff23cdc0ea9d/element/f.791DC57474D669730896E8DA48EFF857.d.88EDD89832519BCB07506C72A9E46E15.e.21876/text - {}
RESULT: {}
RESULT: {}
COMMAND: GET /session/4712af7ad0eaf46e7406ff23cdc0ea9d/element/f.791DC57474D669730896E8DA48EFF857.d.88EDD89832519BCB07506C72A9E46E15.e.21877/text - {}
RESULT: {}
COMMAND: GET /session/4712af7ad0eaf46e7406ff23cdc0ea9d/element/f.791DC57474D669730896E8DA48EFF857.d.88EDD89832519BCB07506C72A9E46E15.e.21251/text - {}
RESULT: {}
COMMAND: GET /session/4712af7ad0eaf46e7406ff23cdc0ea9d/element/f.791DC57474D669730896E8DA48EFF857.d.88EDD89832519BCB07506C72A9E46E15.e.21253/text - {}
RESULT: {}
COMMAND: GET /session/4712af7ad0eaf46e7406ff23cdc0ea9d/element/f.791DC57474D669730896E8DA48EFF857.d.88EDD89832519BCB07506C72A9E46E15.e.21842/text - {}
RESULT: {}
COMMAND: GET /session/4712af7ad0eaf46e7406ff23cdc0ea9d/element/f.791DC57474D669730896E8DA48EFF857.d.88EDD89832519BCB07506C72A9E46E15.e.21843/text - {}
RESULT: {}
COMMAND: GET /session/4712af7ad0eaf46e7406ff23cdc0ea9d/element/f.791DC57474D669730896E8DA48EFF857.d.88EDD89832519BCB07506C72A9E46E15.e.21844/text - {}
RESULT: {}
COMMAND: GET /session/4712af7ad0eaf46e7406ff23cdc0ea9d/element/f.791DC57474D669730896E8DA48EFF857.d.88EDD89832519BCB07506C72A9E46E15.e.21845/text - {}
RESULT: {}
COMMAND: GET /session/4712af7ad0eaf46e7406ff23cdc0ea9d/element/f.791DC57474D669730896E8DA48EFF857.d.88EDD89832519BCB07506C72A9E46E15.e.21846/text - {}
RESULT: {}
COMMAND: GET /session/4712af7ad0eaf46e7406ff23cdc0ea9d/element/f.791DC57474D669730896E8DA48EFF857.d.88EDD89832519BCB07506C72A9E46E15.e.21847/text - {}
RESULT: {}
COMMAND: GET /session/4712af7ad0eaf46e7406ff23cdc0ea9d/element/f.791DC57474D669730896E8DA48EFF857.d.88EDD89832519BCB07506C72A9E46E15.e.21848/text - {}
RESULT: {}
COMMAND: GET /session/4712af7ad0eaf46e7406ff23cdc0ea9d/element/f.791DC57474D669730896E8DA48EFF857.d.88EDD89832519BCB07506C72A9E46E15.e.21849/text - {}
RESULT: {}
COMMAND: GET /session/4712af7ad0eaf46e7406ff23cdc0ea9d/element/f.791DC57474D669730896E8DA48EFF857.d.88EDD89832519BCB07506C72A9E46E15.e.21850/text - {}
RESULT: {}
COMMAND: GET /session/4712af7ad0eaf46e7406ff23cdc0ea9d/element/f.791DC57474D669730896E8DA48EFF857.d.88EDD89832519BCB07506C72A9E46E15.e.21254/text - {}
RESULT: {}
COMMAND: POST /session/4712af7ad0eaf46e7406ff23cdc0ea9d/element - {"using":"xpath","value":"//tbody[contains(@id, \"customHandoversTable-tblBody\")]/tr[1]/td[14]/div/span"}
RESULT: {"using":"xpath","value":"//tbody[contains(@id, \"customHandoversTable-tblBody\")]/tr[1]/td[14]/div/span"}
COMMAND: POST /session/4712af7ad0eaf46e7406ff23cdc0ea9d/execute/sync - {"script":"<script> [56 bytes]","args":[{"element-6066-11e4-a52e-4f735466cecf":"f.791DC57474D669730896E8DA48EFF857.d.88EDD89832519BCB07506C72A9E46E15.e.21929","ELEMENT":"f.791DC57474D669730896E8DA48EFF857.d.88EDD89832519BCB07506C72A9E46E15.e.21929"}]}
RESULT: {"script":"<script> [56 bytes]","args":[{"element-6066-11e4-a52e-4f735466cecf":"f.791DC57474D669730896E8DA48EFF857.d.88EDD89832519BCB07506C72A9E46E15.e.21929","ELEMENT":"f.791DC57474D669730896E8DA48EFF857.d.88EDD89832519BCB07506C72A9E46E15.e.21929"}]}
COMMAND: POST /session/4712af7ad0eaf46e7406ff23cdc0ea9d/element - {"using":"xpath","value":"(//span[contains(@id, \"imgNav\")])[1]"}
COMMAND: GET /session/4712af7ad0eaf46e7406ff23cdc0ea9d/screenshot - {}
RESULT: {"using":"xpath","value":"(//span[contains(@id, \"imgNav\")])[1]"}
COMMAND: POST /session/4712af7ad0eaf46e7406ff23cdc0ea9d/element/f.791DC57474D669730896E8DA48EFF857.d.88EDD89832519BCB07506C72A9E46E15.e.21930/click - {}
RESULT: {}
RESULT: {}
COMMAND: GET /session/4712af7ad0eaf46e7406ff23cdc0ea9d/screenshot - {}
RESULT: {}
RESULT: undefined
COMMAND: POST /session/4712af7ad0eaf46e7406ff23cdc0ea9d/execute/async - {"script":"<script> [776 bytes]","args":[{"enterText":"05/07/25","selector":{"id":"receiptDatePicker","viewName":"etm.portal.ui.managehandovers.view.DetailExecuteHO","interaction":{"idSuffix":"inner"}},"clearTextFirst":true,"interactionType":"ENTER_TEXT"}]}
RESULT: {"script":"<script> [776 bytes]","args":[{"enterText":"05/07/25","selector":{"id":"receiptDatePicker","viewName":"etm.portal.ui.managehandovers.view.DetailExecuteHO","interaction":{"idSuffix":"inner"}},"clearTextFirst":true,"interactionType":"ENTER_TEXT"}]}
COMMAND: POST /session/4712af7ad0eaf46e7406ff23cdc0ea9d/element - {"using":"xpath","value":"//button[@data-kt=\"PickingTableConfirmAllButton\"]"}
RESULT: {"using":"xpath","value":"//button[@data-kt=\"PickingTableConfirmAllButton\"]"}
COMMAND: POST /session/4712af7ad0eaf46e7406ff23cdc0ea9d/element/f.791DC57474D669730896E8DA48EFF857.d.88EDD89832519BCB07506C72A9E46E15.e.21949/click - {}
RESULT: {}
COMMAND: GET /session/4712af7ad0eaf46e7406ff23cdc0ea9d/screenshot - {}
RESULT: {}
COMMAND: POST /session/4712af7ad0eaf46e7406ff23cdc0ea9d/element - {"using":"xpath","value":"//bdi[contains(text(), \"OK\")]"}
RESULT: {"using":"xpath","value":"//bdi[contains(text(), \"OK\")]"}
COMMAND: POST /session/4712af7ad0eaf46e7406ff23cdc0ea9d/element/f.791DC57474D669730896E8DA48EFF857.d.88EDD89832519BCB07506C72A9E46E15.e.21967/click - {}
RESULT: {}
COMMAND: GET /session/4712af7ad0eaf46e7406ff23cdc0ea9d/screenshot - {}
RESULT: {}
COMMAND: POST /session/4712af7ad0eaf46e7406ff23cdc0ea9d/element - {"using":"xpath","value":"//button[@data-kt= \"execHoReceiveButton\"]"}
RESULT: {"using":"xpath","value":"//button[@data-kt= \"execHoReceiveButton\"]"}
COMMAND: POST /session/4712af7ad0eaf46e7406ff23cdc0ea9d/element/f.791DC57474D669730896E8DA48EFF857.d.88EDD89832519BCB07506C72A9E46E15.e.21969/click - {}
RESULT: {}
COMMAND: GET /session/4712af7ad0eaf46e7406ff23cdc0ea9d/screenshot - {}
RESULT: {}
COMMAND: POST /session/4712af7ad0eaf46e7406ff23cdc0ea9d/element - {"using":"xpath","value":"//input[contains(@id ,\"smartFilterBar-btnBasicSearch-I\")]"}
RESULT: {"using":"xpath","value":"//input[contains(@id ,\"smartFilterBar-btnBasicSearch-I\")]"}
COMMAND: POST /session/4712af7ad0eaf46e7406ff23cdc0ea9d/elements - {"using":"xpath","value":"//input[contains(@id ,\"smartFilterBar-btnBasicSearch-I\")]"}
RESULT: {"using":"xpath","value":"//input[contains(@id ,\"smartFilterBar-btnBasicSearch-I\")]"}
COMMAND: POST /session/4712af7ad0eaf46e7406ff23cdc0ea9d/execute/sync - {"script":"<script> [8489 bytes]","args":[{"element-6066-11e4-a52e-4f735466cecf":"f.791DC57474D669730896E8DA48EFF857.d.88EDD89832519BCB07506C72A9E46E15.e.21257","ELEMENT":"f.791DC57474D669730896E8DA48EFF857.d.88EDD89832519BCB07506C72A9E46E15.e.21257"}]}
RESULT: {"script":"<script> [8489 bytes]","args":[{"element-6066-11e4-a52e-4f735466cecf":"f.791DC57474D669730896E8DA48EFF857.d.88EDD89832519BCB07506C72A9E46E15.e.21257","ELEMENT":"f.791DC57474D669730896E8DA48EFF857.d.88EDD89832519BCB07506C72A9E46E15.e.21257"}]}
COMMAND: GET /session/4712af7ad0eaf46e7406ff23cdc0ea9d/element/f.791DC57474D669730896E8DA48EFF857.d.88EDD89832519BCB07506C72A9E46E15.e.21257/enabled - {}
COMMAND: GET /session/4712af7ad0eaf46e7406ff23cdc0ea9d/screenshot - {}
RESULT: {}
COMMAND: POST /session/4712af7ad0eaf46e7406ff23cdc0ea9d/element/f.791DC57474D669730896E8DA48EFF857.d.88EDD89832519BCB07506C72A9E46E15.e.21257/clear - {}
COMMAND: GET /session/4712af7ad0eaf46e7406ff23cdc0ea9d/screenshot - {}
RESULT: {}
RESULT: {}
COMMAND: POST /session/4712af7ad0eaf46e7406ff23cdc0ea9d/element/f.791DC57474D669730896E8DA48EFF857.d.88EDD89832519BCB07506C72A9E46E15.e.21257/value - {"text":"30539"}
COMMAND: GET /session/4712af7ad0eaf46e7406ff23cdc0ea9d/screenshot - {}
RESULT: {}
RESULT: {"text":"30539"}
COMMAND: GET /session/4712af7ad0eaf46e7406ff23cdc0ea9d/screenshot - {}
RESULT: {}
RESULT: {}
COMMAND: POST /session/4712af7ad0eaf46e7406ff23cdc0ea9d/actions - {"actions":[{"id":"action76","type":"key","parameters":{},"actions":[{"type":"keyDown","value":"î€‡"},{"type":"pause","duration":10},{"type":"keyUp","value":"î€‡"}]}]}
RESULT: {"actions":[{"id":"action76","type":"key","parameters":{},"actions":[{"type":"keyDown","value":"î€‡"},{"type":"pause","duration":10},{"type":"keyUp","value":"î€‡"}]}]}
COMMAND: GET /session/4712af7ad0eaf46e7406ff23cdc0ea9d/screenshot - {}
RESULT: {}
COMMAND: POST /session/4712af7ad0eaf46e7406ff23cdc0ea9d/element - {"using":"xpath","value":"//span[contains(@id, \"smartTable-header-inner\")]"}
RESULT: {"using":"xpath","value":"//span[contains(@id, \"smartTable-header-inner\")]"}
COMMAND: POST /session/4712af7ad0eaf46e7406ff23cdc0ea9d/elements - {"using":"xpath","value":"//span[contains(@id, \"smartTable-header-inner\")]"}
RESULT: {"using":"xpath","value":"//span[contains(@id, \"smartTable-header-inner\")]"}
COMMAND: POST /session/4712af7ad0eaf46e7406ff23cdc0ea9d/execute/sync - {"script":"<script> [56 bytes]","args":[{"element-6066-11e4-a52e-4f735466cecf":"f.791DC57474D669730896E8DA48EFF857.d.88EDD89832519BCB07506C72A9E46E15.e.21787","ELEMENT":"f.791DC57474D669730896E8DA48EFF857.d.88EDD89832519BCB07506C72A9E46E15.e.21787"}]}
RESULT: {"script":"<script> [56 bytes]","args":[{"element-6066-11e4-a52e-4f735466cecf":"f.791DC57474D669730896E8DA48EFF857.d.88EDD89832519BCB07506C72A9E46E15.e.21787","ELEMENT":"f.791DC57474D669730896E8DA48EFF857.d.88EDD89832519BCB07506C72A9E46E15.e.21787"}]}
COMMAND: POST /session/4712af7ad0eaf46e7406ff23cdc0ea9d/elements - {"using":"xpath","value":"//thead[contains(@class, \"sapMTableTH\")]/tr/th"}
COMMAND: GET /session/4712af7ad0eaf46e7406ff23cdc0ea9d/screenshot - {}
RESULT: {"using":"xpath","value":"//thead[contains(@class, \"sapMTableTH\")]/tr/th"}
COMMAND: GET /session/4712af7ad0eaf46e7406ff23cdc0ea9d/element/f.791DC57474D669730896E8DA48EFF857.d.88EDD89832519BCB07506C72A9E46E15.e.21876/text - {}
RESULT: {}
RESULT: {}
COMMAND: GET /session/4712af7ad0eaf46e7406ff23cdc0ea9d/element/f.791DC57474D669730896E8DA48EFF857.d.88EDD89832519BCB07506C72A9E46E15.e.21877/text - {}
RESULT: {}
COMMAND: GET /session/4712af7ad0eaf46e7406ff23cdc0ea9d/element/f.791DC57474D669730896E8DA48EFF857.d.88EDD89832519BCB07506C72A9E46E15.e.21251/text - {}
RESULT: {}
COMMAND: GET /session/4712af7ad0eaf46e7406ff23cdc0ea9d/element/f.791DC57474D669730896E8DA48EFF857.d.88EDD89832519BCB07506C72A9E46E15.e.21253/text - {}
RESULT: {}
COMMAND: GET /session/4712af7ad0eaf46e7406ff23cdc0ea9d/element/f.791DC57474D669730896E8DA48EFF857.d.88EDD89832519BCB07506C72A9E46E15.e.21973/text - {}
RESULT: {}
COMMAND: GET /session/4712af7ad0eaf46e7406ff23cdc0ea9d/element/f.791DC57474D669730896E8DA48EFF857.d.88EDD89832519BCB07506C72A9E46E15.e.21974/text - {}
RESULT: {}
COMMAND: GET /session/4712af7ad0eaf46e7406ff23cdc0ea9d/element/f.791DC57474D669730896E8DA48EFF857.d.88EDD89832519BCB07506C72A9E46E15.e.21975/text - {}
RESULT: {}
COMMAND: GET /session/4712af7ad0eaf46e7406ff23cdc0ea9d/element/f.791DC57474D669730896E8DA48EFF857.d.88EDD89832519BCB07506C72A9E46E15.e.21976/text - {}
RESULT: {}
COMMAND: GET /session/4712af7ad0eaf46e7406ff23cdc0ea9d/element/f.791DC57474D669730896E8DA48EFF857.d.88EDD89832519BCB07506C72A9E46E15.e.21977/text - {}
RESULT: {}
COMMAND: GET /session/4712af7ad0eaf46e7406ff23cdc0ea9d/element/f.791DC57474D669730896E8DA48EFF857.d.88EDD89832519BCB07506C72A9E46E15.e.21978/text - {}
RESULT: {}
COMMAND: GET /session/4712af7ad0eaf46e7406ff23cdc0ea9d/element/f.791DC57474D669730896E8DA48EFF857.d.88EDD89832519BCB07506C72A9E46E15.e.21979/text - {}
RESULT: {}
COMMAND: GET /session/4712af7ad0eaf46e7406ff23cdc0ea9d/element/f.791DC57474D669730896E8DA48EFF857.d.88EDD89832519BCB07506C72A9E46E15.e.21980/text - {}
RESULT: {}
COMMAND: GET /session/4712af7ad0eaf46e7406ff23cdc0ea9d/element/f.791DC57474D669730896E8DA48EFF857.d.88EDD89832519BCB07506C72A9E46E15.e.21981/text - {}
RESULT: {}
COMMAND: GET /session/4712af7ad0eaf46e7406ff23cdc0ea9d/element/f.791DC57474D669730896E8DA48EFF857.d.88EDD89832519BCB07506C72A9E46E15.e.21254/text - {}
RESULT: {}
COMMAND: POST /session/4712af7ad0eaf46e7406ff23cdc0ea9d/element - {"using":"xpath","value":"//tbody[contains(@id, \"customHandoversTable-tblBody\")]/tr[1]/td[14]/div/span"}
RESULT: {"using":"xpath","value":"//tbody[contains(@id, \"customHandoversTable-tblBody\")]/tr[1]/td[14]/div/span"}
COMMAND: POST /session/4712af7ad0eaf46e7406ff23cdc0ea9d/execute/sync - {"script":"<script> [56 bytes]","args":[{"element-6066-11e4-a52e-4f735466cecf":"f.791DC57474D669730896E8DA48EFF857.d.88EDD89832519BCB07506C72A9E46E15.e.22022","ELEMENT":"f.791DC57474D669730896E8DA48EFF857.d.88EDD89832519BCB07506C72A9E46E15.e.22022"}]}
RESULT: {"script":"<script> [56 bytes]","args":[{"element-6066-11e4-a52e-4f735466cecf":"f.791DC57474D669730896E8DA48EFF857.d.88EDD89832519BCB07506C72A9E46E15.e.22022","ELEMENT":"f.791DC57474D669730896E8DA48EFF857.d.88EDD89832519BCB07506C72A9E46E15.e.22022"}]}
COMMAND: POST /session/4712af7ad0eaf46e7406ff23cdc0ea9d/element - {"using":"css selector","value":"#shell-header-logo"}
COMMAND: GET /session/4712af7ad0eaf46e7406ff23cdc0ea9d/screenshot - {}
RESULT: {"using":"css selector","value":"#shell-header-logo"}
COMMAND: POST /session/4712af7ad0eaf46e7406ff23cdc0ea9d/element/f.791DC57474D669730896E8DA48EFF857.d.88EDD89832519BCB07506C72A9E46E15.e.20578/click - {}
RESULT: {}
RESULT: {}
COMMAND: GET /session/4712af7ad0eaf46e7406ff23cdc0ea9d/screenshot - {}
RESULT: {}
]]></system-out>
    </testcase>
    <testcase classname="chrome.135_0_7049_96.windows.Billing_Calculation_-_Time_based_(considering_transport_times)_US139738" name="Should navigate to Manage Billings and trigger contract calculation business confirm it" time="54.336">
      <system-out><![CDATA[
COMMAND: POST /session/4712af7ad0eaf46e7406ff23cdc0ea9d/execute/async - {"script":"<script> [1562 bytes]","args":[{"selector":{"controlType":"sap.m.GenericTile","properties":{"header":"Manage Billings"}},"wdio_ui5_key":"sapm.GenericTile{\"header\":\"Manage Billings\"}"}]}
RESULT: {"script":"<script> [1562 bytes]","args":[{"selector":{"controlType":"sap.m.GenericTile","properties":{"header":"Manage Billings"}},"wdio_ui5_key":"sapm.GenericTile{\"header\":\"Manage Billings\"}"}]}
RESULT: undefined
COMMAND: POST /session/4712af7ad0eaf46e7406ff23cdc0ea9d/element - {"using":"xpath","value":"//*[@id=\"__tile51\"]"}
RESULT: {"using":"xpath","value":"//*[@id=\"__tile51\"]"}
COMMAND: POST /session/4712af7ad0eaf46e7406ff23cdc0ea9d/element/f.791DC57474D669730896E8DA48EFF857.d.88EDD89832519BCB07506C72A9E46E15.e.18423/click - {}
RESULT: {}
COMMAND: GET /session/4712af7ad0eaf46e7406ff23cdc0ea9d/screenshot - {}
COMMAND: POST /session/4712af7ad0eaf46e7406ff23cdc0ea9d/execute/async - {"script":"<script> [1562 bytes]","args":[{"selector":{"id":"application-managebillings-display-component---billRunCalcResult--smartFilterBar-btnBasicSearch","interaction":{"idSuffix":"I"}},"wdio_ui5_key":"applicationmanagebillings-display-component---billRunCalcResult--smartFilterBar-btnBasicSearch"}]}
RESULT: {}
RESULT: {"script":"<script> [1562 bytes]","args":[{"selector":{"id":"application-managebillings-display-component---billRunCalcResult--smartFilterBar-btnBasicSearch","interaction":{"idSuffix":"I"}},"wdio_ui5_key":"applicationmanagebillings-display-component---billRunCalcResult--smartFilterBar-btnBasicSearch"}]}
RESULT: undefined
COMMAND: POST /session/4712af7ad0eaf46e7406ff23cdc0ea9d/execute/async - {"script":"<script> [776 bytes]","args":[{"enterText":"10379","selector":{"id":"application-managebillings-display-component---billRunCalcResult--smartFilterBar-btnBasicSearch","interaction":{"idSuffix":"I"}},"clearTextFirst":true,"interactionType":"ENTER_TEXT"}]}
RESULT: {"script":"<script> [776 bytes]","args":[{"enterText":"10379","selector":{"id":"application-managebillings-display-component---billRunCalcResult--smartFilterBar-btnBasicSearch","interaction":{"idSuffix":"I"}},"clearTextFirst":true,"interactionType":"ENTER_TEXT"}]}
COMMAND: POST /session/4712af7ad0eaf46e7406ff23cdc0ea9d/actions - {"actions":[{"id":"action77","type":"key","parameters":{},"actions":[{"type":"keyDown","value":"î€‡"},{"type":"pause","duration":10},{"type":"keyUp","value":"î€‡"}]}]}
RESULT: {"actions":[{"id":"action77","type":"key","parameters":{},"actions":[{"type":"keyDown","value":"î€‡"},{"type":"pause","duration":10},{"type":"keyUp","value":"î€‡"}]}]}
COMMAND: GET /session/4712af7ad0eaf46e7406ff23cdc0ea9d/screenshot - {}
RESULT: {}
COMMAND: POST /session/4712af7ad0eaf46e7406ff23cdc0ea9d/element - {"using":"xpath","value":"//td[@aria-colindex=\"1\"]/div/div[contains(@class, \"sapMCbBg\")]"}
RESULT: {"using":"xpath","value":"//td[@aria-colindex=\"1\"]/div/div[contains(@class, \"sapMCbBg\")]"}
COMMAND: POST /session/4712af7ad0eaf46e7406ff23cdc0ea9d/element/f.791DC57474D669730896E8DA48EFF857.d.88EDD89832519BCB07506C72A9E46E15.e.22232/click - {}
RESULT: {}
COMMAND: GET /session/4712af7ad0eaf46e7406ff23cdc0ea9d/screenshot - {}
RESULT: {}
COMMAND: POST /session/4712af7ad0eaf46e7406ff23cdc0ea9d/execute/async - {"script":"<script> [1562 bytes]","args":[{"selector":{"id":"application-managebillings-display-component---billRunCalcResult--contractBillRunDate","interaction":{"idSuffix":"inner"}},"wdio_ui5_key":"applicationmanagebillings-display-component---billRunCalcResult--contractBillRunDate"}]}
RESULT: {"script":"<script> [1562 bytes]","args":[{"selector":{"id":"application-managebillings-display-component---billRunCalcResult--contractBillRunDate","interaction":{"idSuffix":"inner"}},"wdio_ui5_key":"applicationmanagebillings-display-component---billRunCalcResult--contractBillRunDate"}]}
RESULT: undefined
COMMAND: POST /session/4712af7ad0eaf46e7406ff23cdc0ea9d/execute/async - {"script":"<script> [776 bytes]","args":[{"enterText":"04/30/25","selector":{"id":"application-managebillings-display-component---billRunCalcResult--contractBillRunDate","interaction":{"idSuffix":"inner"}},"clearTextFirst":true,"interactionType":"ENTER_TEXT"}]}
RESULT: {"script":"<script> [776 bytes]","args":[{"enterText":"04/30/25","selector":{"id":"application-managebillings-display-component---billRunCalcResult--contractBillRunDate","interaction":{"idSuffix":"inner"}},"clearTextFirst":true,"interactionType":"ENTER_TEXT"}]}
COMMAND: POST /session/4712af7ad0eaf46e7406ff23cdc0ea9d/element - {"using":"xpath","value":"//bdi[contains(text(), \"Trigger Calculation\")]"}
RESULT: {"using":"xpath","value":"//bdi[contains(text(), \"Trigger Calculation\")]"}
COMMAND: POST /session/4712af7ad0eaf46e7406ff23cdc0ea9d/element/f.791DC57474D669730896E8DA48EFF857.d.88EDD89832519BCB07506C72A9E46E15.e.22285/click - {}
RESULT: {}
COMMAND: GET /session/4712af7ad0eaf46e7406ff23cdc0ea9d/screenshot - {}
RESULT: {}
COMMAND: POST /session/4712af7ad0eaf46e7406ff23cdc0ea9d/element - {"using":"xpath","value":"(//span[contains(@id, \"imgNav\")])[1]"}
RESULT: {"using":"xpath","value":"(//span[contains(@id, \"imgNav\")])[1]"}
COMMAND: POST /session/4712af7ad0eaf46e7406ff23cdc0ea9d/element/f.791DC57474D669730896E8DA48EFF857.d.88EDD89832519BCB07506C72A9E46E15.e.22233/click - {}
RESULT: {}
COMMAND: GET /session/4712af7ad0eaf46e7406ff23cdc0ea9d/screenshot - {}
RESULT: {}
COMMAND: POST /session/4712af7ad0eaf46e7406ff23cdc0ea9d/element - {"using":"xpath","value":"//tr/td[6]/div[1]/span[1]/span[1]"}
RESULT: {"using":"xpath","value":"//tr/td[6]/div[1]/span[1]/span[1]"}
COMMAND: GET /session/4712af7ad0eaf46e7406ff23cdc0ea9d/element/f.791DC57474D669730896E8DA48EFF857.d.88EDD89832519BCB07506C72A9E46E15.e.22289/text - {}
RESULT: {}
COMMAND: POST /session/4712af7ad0eaf46e7406ff23cdc0ea9d/element - {"using":"xpath","value":"(//span[contains(@id, \"imgNav\")])[2]"}
RESULT: {"using":"xpath","value":"(//span[contains(@id, \"imgNav\")])[2]"}
COMMAND: POST /session/4712af7ad0eaf46e7406ff23cdc0ea9d/element/f.791DC57474D669730896E8DA48EFF857.d.88EDD89832519BCB07506C72A9E46E15.e.22290/click - {}
RESULT: {}
COMMAND: POST /session/4712af7ad0eaf46e7406ff23cdc0ea9d/element - {"using":"xpath","value":"//bdi[contains(text(), \"Business Confirm\")]"}
COMMAND: GET /session/4712af7ad0eaf46e7406ff23cdc0ea9d/screenshot - {}
RESULT: {"using":"xpath","value":"//bdi[contains(text(), \"Business Confirm\")]"}
COMMAND: POST /session/4712af7ad0eaf46e7406ff23cdc0ea9d/elements - {"using":"xpath","value":"//bdi[contains(text(), \"Business Confirm\")]"}
RESULT: {}
RESULT: {"using":"xpath","value":"//bdi[contains(text(), \"Business Confirm\")]"}
COMMAND: POST /session/4712af7ad0eaf46e7406ff23cdc0ea9d/element - {"using":"xpath","value":"//bdi[contains(text(), \"Business Confirm\")]"}
RESULT: {"using":"xpath","value":"//bdi[contains(text(), \"Business Confirm\")]"}
COMMAND: POST /session/4712af7ad0eaf46e7406ff23cdc0ea9d/element/f.791DC57474D669730896E8DA48EFF857.d.88EDD89832519BCB07506C72A9E46E15.e.22293/click - {}
RESULT: {}
COMMAND: POST /session/4712af7ad0eaf46e7406ff23cdc0ea9d/element - {"using":"css selector","value":"#shell-header-logo"}
COMMAND: GET /session/4712af7ad0eaf46e7406ff23cdc0ea9d/screenshot - {}
RESULT: {"using":"css selector","value":"#shell-header-logo"}
COMMAND: POST /session/4712af7ad0eaf46e7406ff23cdc0ea9d/element/f.791DC57474D669730896E8DA48EFF857.d.88EDD89832519BCB07506C72A9E46E15.e.22026/click - {}
RESULT: {}
RESULT: {}
COMMAND: GET /session/4712af7ad0eaf46e7406ff23cdc0ea9d/screenshot - {}
RESULT: {}
]]></system-out>
    </testcase>
    <testcase classname="chrome.135_0_7049_96.windows.Billing_Calculation_-_Time_based_(considering_transport_times)_US139738" name="Should transfer the billing all the way to completion" time="68.571">
      <system-out><![CDATA[
COMMAND: POST /session/4712af7ad0eaf46e7406ff23cdc0ea9d/execute/async - {"script":"<script> [1562 bytes]","args":[{"selector":{"controlType":"sap.m.GenericTile","properties":{"header":"Billing Transfer"}},"wdio_ui5_key":"sapm.GenericTile{\"header\":\"Billing Transfer\"}"}]}
RESULT: {"script":"<script> [1562 bytes]","args":[{"selector":{"controlType":"sap.m.GenericTile","properties":{"header":"Billing Transfer"}},"wdio_ui5_key":"sapm.GenericTile{\"header\":\"Billing Transfer\"}"}]}
RESULT: undefined
COMMAND: POST /session/4712af7ad0eaf46e7406ff23cdc0ea9d/element - {"using":"xpath","value":"//*[@id=\"__tile50\"]"}
RESULT: {"using":"xpath","value":"//*[@id=\"__tile50\"]"}
COMMAND: POST /session/4712af7ad0eaf46e7406ff23cdc0ea9d/element/f.791DC57474D669730896E8DA48EFF857.d.88EDD89832519BCB07506C72A9E46E15.e.18421/click - {}
RESULT: {}
COMMAND: POST /session/4712af7ad0eaf46e7406ff23cdc0ea9d/element - {"using":"xpath","value":"//input[contains(@id ,\"application-billingtransfer-display-component---billingWorkbench--smartFilterBar-btnBasicSearch\")]"}
COMMAND: GET /session/4712af7ad0eaf46e7406ff23cdc0ea9d/screenshot - {}
RESULT: {"using":"xpath","value":"//input[contains(@id ,\"application-billingtransfer-display-component---billingWorkbench--smartFilterBar-btnBasicSearch\")]"}
COMMAND: POST /session/4712af7ad0eaf46e7406ff23cdc0ea9d/elements - {"using":"xpath","value":"//input[contains(@id ,\"application-billingtransfer-display-component---billingWorkbench--smartFilterBar-btnBasicSearch\")]"}
RESULT: {}
RESULT: {"using":"xpath","value":"//input[contains(@id ,\"application-billingtransfer-display-component---billingWorkbench--smartFilterBar-btnBasicSearch\")]"}
COMMAND: POST /session/4712af7ad0eaf46e7406ff23cdc0ea9d/elements - {"using":"xpath","value":"//input[contains(@id ,\"application-billingtransfer-display-component---billingWorkbench--smartFilterBar-btnBasicSearch\")]"}
RESULT: {"using":"xpath","value":"//input[contains(@id ,\"application-billingtransfer-display-component---billingWorkbench--smartFilterBar-btnBasicSearch\")]"}
COMMAND: POST /session/4712af7ad0eaf46e7406ff23cdc0ea9d/elements - {"using":"xpath","value":"//input[contains(@id ,\"application-billingtransfer-display-component---billingWorkbench--smartFilterBar-btnBasicSearch\")]"}
RESULT: {"using":"xpath","value":"//input[contains(@id ,\"application-billingtransfer-display-component---billingWorkbench--smartFilterBar-btnBasicSearch\")]"}
COMMAND: POST /session/4712af7ad0eaf46e7406ff23cdc0ea9d/elements - {"using":"xpath","value":"//input[contains(@id ,\"application-billingtransfer-display-component---billingWorkbench--smartFilterBar-btnBasicSearch\")]"}
RESULT: {"using":"xpath","value":"//input[contains(@id ,\"application-billingtransfer-display-component---billingWorkbench--smartFilterBar-btnBasicSearch\")]"}
COMMAND: POST /session/4712af7ad0eaf46e7406ff23cdc0ea9d/elements - {"using":"xpath","value":"//input[contains(@id ,\"application-billingtransfer-display-component---billingWorkbench--smartFilterBar-btnBasicSearch\")]"}
RESULT: {"using":"xpath","value":"//input[contains(@id ,\"application-billingtransfer-display-component---billingWorkbench--smartFilterBar-btnBasicSearch\")]"}
COMMAND: POST /session/4712af7ad0eaf46e7406ff23cdc0ea9d/elements - {"using":"xpath","value":"//input[contains(@id ,\"application-billingtransfer-display-component---billingWorkbench--smartFilterBar-btnBasicSearch\")]"}
RESULT: {"using":"xpath","value":"//input[contains(@id ,\"application-billingtransfer-display-component---billingWorkbench--smartFilterBar-btnBasicSearch\")]"}
COMMAND: POST /session/4712af7ad0eaf46e7406ff23cdc0ea9d/element - {"using":"xpath","value":"//input[contains(@id ,\"application-billingtransfer-display-component---billingWorkbench--smartFilterBar-btnBasicSearch\")]"}
RESULT: {"using":"xpath","value":"//input[contains(@id ,\"application-billingtransfer-display-component---billingWorkbench--smartFilterBar-btnBasicSearch\")]"}
COMMAND: POST /session/4712af7ad0eaf46e7406ff23cdc0ea9d/execute/sync - {"script":"<script> [8489 bytes]","args":[{"element-6066-11e4-a52e-4f735466cecf":"f.791DC57474D669730896E8DA48EFF857.d.88EDD89832519BCB07506C72A9E46E15.e.22372","ELEMENT":"f.791DC57474D669730896E8DA48EFF857.d.88EDD89832519BCB07506C72A9E46E15.e.22372"}]}
RESULT: {"script":"<script> [8489 bytes]","args":[{"element-6066-11e4-a52e-4f735466cecf":"f.791DC57474D669730896E8DA48EFF857.d.88EDD89832519BCB07506C72A9E46E15.e.22372","ELEMENT":"f.791DC57474D669730896E8DA48EFF857.d.88EDD89832519BCB07506C72A9E46E15.e.22372"}]}
COMMAND: GET /session/4712af7ad0eaf46e7406ff23cdc0ea9d/element/f.791DC57474D669730896E8DA48EFF857.d.88EDD89832519BCB07506C72A9E46E15.e.22372/enabled - {}
COMMAND: GET /session/4712af7ad0eaf46e7406ff23cdc0ea9d/screenshot - {}
RESULT: {}
COMMAND: POST /session/4712af7ad0eaf46e7406ff23cdc0ea9d/element/f.791DC57474D669730896E8DA48EFF857.d.88EDD89832519BCB07506C72A9E46E15.e.22372/click - {}
COMMAND: GET /session/4712af7ad0eaf46e7406ff23cdc0ea9d/screenshot - {}
RESULT: {}
RESULT: {}
COMMAND: GET /session/4712af7ad0eaf46e7406ff23cdc0ea9d/screenshot - {}
RESULT: {}
RESULT: {}
COMMAND: POST /session/4712af7ad0eaf46e7406ff23cdc0ea9d/element/f.791DC57474D669730896E8DA48EFF857.d.88EDD89832519BCB07506C72A9E46E15.e.22372/clear - {}
RESULT: {}
COMMAND: POST /session/4712af7ad0eaf46e7406ff23cdc0ea9d/element/f.791DC57474D669730896E8DA48EFF857.d.88EDD89832519BCB07506C72A9E46E15.e.22372/value - {"text":"10379"}
COMMAND: GET /session/4712af7ad0eaf46e7406ff23cdc0ea9d/screenshot - {}
RESULT: {"text":"10379"}
COMMAND: POST /session/4712af7ad0eaf46e7406ff23cdc0ea9d/actions - {"actions":[{"id":"action78","type":"key","parameters":{},"actions":[{"type":"keyDown","value":"î€‡"},{"type":"pause","duration":10},{"type":"keyUp","value":"î€‡"}]}]}
COMMAND: GET /session/4712af7ad0eaf46e7406ff23cdc0ea9d/screenshot - {}
RESULT: {}
RESULT: {"actions":[{"id":"action78","type":"key","parameters":{},"actions":[{"type":"keyDown","value":"î€‡"},{"type":"pause","duration":10},{"type":"keyUp","value":"î€‡"}]}]}
COMMAND: GET /session/4712af7ad0eaf46e7406ff23cdc0ea9d/screenshot - {}
RESULT: {}
RESULT: {}
COMMAND: POST /session/4712af7ad0eaf46e7406ff23cdc0ea9d/element - {"using":"xpath","value":"//span[contains(@id ,\"application-billingtransfer-display-component---billingWorkbench--smartTableBillingRuns-header-inner\")]"}
RESULT: {"using":"xpath","value":"//span[contains(@id ,\"application-billingtransfer-display-component---billingWorkbench--smartTableBillingRuns-header-inner\")]"}
COMMAND: POST /session/4712af7ad0eaf46e7406ff23cdc0ea9d/elements - {"using":"xpath","value":"//span[contains(@id ,\"application-billingtransfer-display-component---billingWorkbench--smartTableBillingRuns-header-inner\")]"}
RESULT: {"using":"xpath","value":"//span[contains(@id ,\"application-billingtransfer-display-component---billingWorkbench--smartTableBillingRuns-header-inner\")]"}
COMMAND: POST /session/4712af7ad0eaf46e7406ff23cdc0ea9d/execute/sync - {"script":"<script> [56 bytes]","args":[{"element-6066-11e4-a52e-4f735466cecf":"f.791DC57474D669730896E8DA48EFF857.d.88EDD89832519BCB07506C72A9E46E15.e.22539","ELEMENT":"f.791DC57474D669730896E8DA48EFF857.d.88EDD89832519BCB07506C72A9E46E15.e.22539"}]}
RESULT: {"script":"<script> [56 bytes]","args":[{"element-6066-11e4-a52e-4f735466cecf":"f.791DC57474D669730896E8DA48EFF857.d.88EDD89832519BCB07506C72A9E46E15.e.22539","ELEMENT":"f.791DC57474D669730896E8DA48EFF857.d.88EDD89832519BCB07506C72A9E46E15.e.22539"}]}
COMMAND: POST /session/4712af7ad0eaf46e7406ff23cdc0ea9d/element - {"using":"xpath","value":"//td[@aria-colindex=\"1\"]/div/div[contains(@class, \"sapMCbBg\")]"}
COMMAND: GET /session/4712af7ad0eaf46e7406ff23cdc0ea9d/screenshot - {}
RESULT: {"using":"xpath","value":"//td[@aria-colindex=\"1\"]/div/div[contains(@class, \"sapMCbBg\")]"}
COMMAND: POST /session/4712af7ad0eaf46e7406ff23cdc0ea9d/element/f.791DC57474D669730896E8DA48EFF857.d.88EDD89832519BCB07506C72A9E46E15.e.22530/click - {}
RESULT: {}
RESULT: {}
COMMAND: GET /session/4712af7ad0eaf46e7406ff23cdc0ea9d/screenshot - {}
RESULT: {}
COMMAND: POST /session/4712af7ad0eaf46e7406ff23cdc0ea9d/element - {"using":"xpath","value":"//bdi[contains(text(), \"Check\")]"}
RESULT: {"using":"xpath","value":"//bdi[contains(text(), \"Check\")]"}
COMMAND: POST /session/4712af7ad0eaf46e7406ff23cdc0ea9d/element/f.791DC57474D669730896E8DA48EFF857.d.88EDD89832519BCB07506C72A9E46E15.e.22540/click - {}
RESULT: {}
COMMAND: GET /session/4712af7ad0eaf46e7406ff23cdc0ea9d/screenshot - {}
RESULT: {}
COMMAND: POST /session/4712af7ad0eaf46e7406ff23cdc0ea9d/element - {"using":"xpath","value":"//bdi[contains(text(), \"OK\")]"}
RESULT: {"using":"xpath","value":"//bdi[contains(text(), \"OK\")]"}
COMMAND: POST /session/4712af7ad0eaf46e7406ff23cdc0ea9d/element/f.791DC57474D669730896E8DA48EFF857.d.88EDD89832519BCB07506C72A9E46E15.e.22543/click - {}
RESULT: {}
COMMAND: GET /session/4712af7ad0eaf46e7406ff23cdc0ea9d/screenshot - {}
RESULT: {}
COMMAND: POST /session/4712af7ad0eaf46e7406ff23cdc0ea9d/element - {"using":"xpath","value":"(//span[contains(text(), \"CO/SD checked\")]/parent::div/preceding-sibling::div/span)[1]"}
RESULT: {"using":"xpath","value":"(//span[contains(text(), \"CO/SD checked\")]/parent::div/preceding-sibling::div/span)[1]"}
COMMAND: POST /session/4712af7ad0eaf46e7406ff23cdc0ea9d/element/f.791DC57474D669730896E8DA48EFF857.d.88EDD89832519BCB07506C72A9E46E15.e.22544/click - {}
RESULT: {}
COMMAND: GET /session/4712af7ad0eaf46e7406ff23cdc0ea9d/screenshot - {}
RESULT: {}
COMMAND: POST /session/4712af7ad0eaf46e7406ff23cdc0ea9d/element - {"using":"xpath","value":"//input[contains(@id ,\"application-billingtransfer-display-component---billingWorkbench--smartFilterBar-btnBasicSearch\")]"}
RESULT: {"using":"xpath","value":"//input[contains(@id ,\"application-billingtransfer-display-component---billingWorkbench--smartFilterBar-btnBasicSearch\")]"}
COMMAND: POST /session/4712af7ad0eaf46e7406ff23cdc0ea9d/elements - {"using":"xpath","value":"//input[contains(@id ,\"application-billingtransfer-display-component---billingWorkbench--smartFilterBar-btnBasicSearch\")]"}
RESULT: {"using":"xpath","value":"//input[contains(@id ,\"application-billingtransfer-display-component---billingWorkbench--smartFilterBar-btnBasicSearch\")]"}
COMMAND: POST /session/4712af7ad0eaf46e7406ff23cdc0ea9d/execute/sync - {"script":"<script> [8489 bytes]","args":[{"element-6066-11e4-a52e-4f735466cecf":"f.791DC57474D669730896E8DA48EFF857.d.88EDD89832519BCB07506C72A9E46E15.e.22372","ELEMENT":"f.791DC57474D669730896E8DA48EFF857.d.88EDD89832519BCB07506C72A9E46E15.e.22372"}]}
RESULT: {"script":"<script> [8489 bytes]","args":[{"element-6066-11e4-a52e-4f735466cecf":"f.791DC57474D669730896E8DA48EFF857.d.88EDD89832519BCB07506C72A9E46E15.e.22372","ELEMENT":"f.791DC57474D669730896E8DA48EFF857.d.88EDD89832519BCB07506C72A9E46E15.e.22372"}]}
COMMAND: GET /session/4712af7ad0eaf46e7406ff23cdc0ea9d/element/f.791DC57474D669730896E8DA48EFF857.d.88EDD89832519BCB07506C72A9E46E15.e.22372/enabled - {}
COMMAND: GET /session/4712af7ad0eaf46e7406ff23cdc0ea9d/screenshot - {}
RESULT: {}
COMMAND: POST /session/4712af7ad0eaf46e7406ff23cdc0ea9d/element/f.791DC57474D669730896E8DA48EFF857.d.88EDD89832519BCB07506C72A9E46E15.e.22372/click - {}
COMMAND: GET /session/4712af7ad0eaf46e7406ff23cdc0ea9d/screenshot - {}
RESULT: {}
RESULT: {}
COMMAND: GET /session/4712af7ad0eaf46e7406ff23cdc0ea9d/screenshot - {}
RESULT: {}
RESULT: {}
COMMAND: POST /session/4712af7ad0eaf46e7406ff23cdc0ea9d/element/f.791DC57474D669730896E8DA48EFF857.d.88EDD89832519BCB07506C72A9E46E15.e.22372/clear - {}
RESULT: {}
COMMAND: POST /session/4712af7ad0eaf46e7406ff23cdc0ea9d/element/f.791DC57474D669730896E8DA48EFF857.d.88EDD89832519BCB07506C72A9E46E15.e.22372/value - {"text":"10379"}
COMMAND: GET /session/4712af7ad0eaf46e7406ff23cdc0ea9d/screenshot - {}
RESULT: {"text":"10379"}
COMMAND: POST /session/4712af7ad0eaf46e7406ff23cdc0ea9d/actions - {"actions":[{"id":"action79","type":"key","parameters":{},"actions":[{"type":"keyDown","value":"î€‡"},{"type":"pause","duration":10},{"type":"keyUp","value":"î€‡"}]}]}
COMMAND: GET /session/4712af7ad0eaf46e7406ff23cdc0ea9d/screenshot - {}
RESULT: {}
RESULT: {"actions":[{"id":"action79","type":"key","parameters":{},"actions":[{"type":"keyDown","value":"î€‡"},{"type":"pause","duration":10},{"type":"keyUp","value":"î€‡"}]}]}
COMMAND: GET /session/4712af7ad0eaf46e7406ff23cdc0ea9d/screenshot - {}
RESULT: {}
RESULT: {}
COMMAND: POST /session/4712af7ad0eaf46e7406ff23cdc0ea9d/element - {"using":"xpath","value":"//span[contains(@id ,\"application-billingtransfer-display-component---billingWorkbench--smartTableBillingRuns-header-inner\")]"}
RESULT: {"using":"xpath","value":"//span[contains(@id ,\"application-billingtransfer-display-component---billingWorkbench--smartTableBillingRuns-header-inner\")]"}
COMMAND: POST /session/4712af7ad0eaf46e7406ff23cdc0ea9d/elements - {"using":"xpath","value":"//span[contains(@id ,\"application-billingtransfer-display-component---billingWorkbench--smartTableBillingRuns-header-inner\")]"}
RESULT: {"using":"xpath","value":"//span[contains(@id ,\"application-billingtransfer-display-component---billingWorkbench--smartTableBillingRuns-header-inner\")]"}
COMMAND: POST /session/4712af7ad0eaf46e7406ff23cdc0ea9d/execute/sync - {"script":"<script> [56 bytes]","args":[{"element-6066-11e4-a52e-4f735466cecf":"f.791DC57474D669730896E8DA48EFF857.d.88EDD89832519BCB07506C72A9E46E15.e.22539","ELEMENT":"f.791DC57474D669730896E8DA48EFF857.d.88EDD89832519BCB07506C72A9E46E15.e.22539"}]}
RESULT: {"script":"<script> [56 bytes]","args":[{"element-6066-11e4-a52e-4f735466cecf":"f.791DC57474D669730896E8DA48EFF857.d.88EDD89832519BCB07506C72A9E46E15.e.22539","ELEMENT":"f.791DC57474D669730896E8DA48EFF857.d.88EDD89832519BCB07506C72A9E46E15.e.22539"}]}
COMMAND: POST /session/4712af7ad0eaf46e7406ff23cdc0ea9d/element - {"using":"xpath","value":"//td[@aria-colindex=\"1\"]/div/div[contains(@class, \"sapMCbBg\")]"}
COMMAND: GET /session/4712af7ad0eaf46e7406ff23cdc0ea9d/screenshot - {}
RESULT: {"using":"xpath","value":"//td[@aria-colindex=\"1\"]/div/div[contains(@class, \"sapMCbBg\")]"}
COMMAND: POST /session/4712af7ad0eaf46e7406ff23cdc0ea9d/element/f.791DC57474D669730896E8DA48EFF857.d.88EDD89832519BCB07506C72A9E46E15.e.22547/click - {}
RESULT: {}
RESULT: {}
COMMAND: GET /session/4712af7ad0eaf46e7406ff23cdc0ea9d/screenshot - {}
RESULT: {}
COMMAND: POST /session/4712af7ad0eaf46e7406ff23cdc0ea9d/element - {"using":"xpath","value":"//bdi[text()=\"Transfer\"]"}
RESULT: {"using":"xpath","value":"//bdi[text()=\"Transfer\"]"}
COMMAND: POST /session/4712af7ad0eaf46e7406ff23cdc0ea9d/element/f.791DC57474D669730896E8DA48EFF857.d.88EDD89832519BCB07506C72A9E46E15.e.22548/click - {}
RESULT: {}
COMMAND: GET /session/4712af7ad0eaf46e7406ff23cdc0ea9d/screenshot - {}
RESULT: {}
COMMAND: POST /session/4712af7ad0eaf46e7406ff23cdc0ea9d/element - {"using":"xpath","value":"//bdi[contains(text(), \"OK\")]"}
RESULT: {"using":"xpath","value":"//bdi[contains(text(), \"OK\")]"}
COMMAND: POST /session/4712af7ad0eaf46e7406ff23cdc0ea9d/element/f.791DC57474D669730896E8DA48EFF857.d.88EDD89832519BCB07506C72A9E46E15.e.22551/click - {}
RESULT: {}
COMMAND: GET /session/4712af7ad0eaf46e7406ff23cdc0ea9d/screenshot - {}
RESULT: {}
COMMAND: POST /session/4712af7ad0eaf46e7406ff23cdc0ea9d/element - {"using":"xpath","value":"(//span[contains(text(), \"Completed\")]/parent::div/preceding-sibling::div/span)[1]"}
RESULT: {"using":"xpath","value":"(//span[contains(text(), \"Completed\")]/parent::div/preceding-sibling::div/span)[1]"}
COMMAND: POST /session/4712af7ad0eaf46e7406ff23cdc0ea9d/element/f.791DC57474D669730896E8DA48EFF857.d.88EDD89832519BCB07506C72A9E46E15.e.22559/click - {}
RESULT: {}
COMMAND: POST /session/4712af7ad0eaf46e7406ff23cdc0ea9d/element - {"using":"xpath","value":"//input[contains(@id ,\"application-billingtransfer-display-component---billingWorkbench--smartFilterBar-btnBasicSearch\")]"}
COMMAND: GET /session/4712af7ad0eaf46e7406ff23cdc0ea9d/screenshot - {}
RESULT: {"using":"xpath","value":"//input[contains(@id ,\"application-billingtransfer-display-component---billingWorkbench--smartFilterBar-btnBasicSearch\")]"}
COMMAND: POST /session/4712af7ad0eaf46e7406ff23cdc0ea9d/elements - {"using":"xpath","value":"//input[contains(@id ,\"application-billingtransfer-display-component---billingWorkbench--smartFilterBar-btnBasicSearch\")]"}
RESULT: {}
RESULT: {"using":"xpath","value":"//input[contains(@id ,\"application-billingtransfer-display-component---billingWorkbench--smartFilterBar-btnBasicSearch\")]"}
COMMAND: POST /session/4712af7ad0eaf46e7406ff23cdc0ea9d/execute/sync - {"script":"<script> [8489 bytes]","args":[{"element-6066-11e4-a52e-4f735466cecf":"f.791DC57474D669730896E8DA48EFF857.d.88EDD89832519BCB07506C72A9E46E15.e.22372","ELEMENT":"f.791DC57474D669730896E8DA48EFF857.d.88EDD89832519BCB07506C72A9E46E15.e.22372"}]}
RESULT: {"script":"<script> [8489 bytes]","args":[{"element-6066-11e4-a52e-4f735466cecf":"f.791DC57474D669730896E8DA48EFF857.d.88EDD89832519BCB07506C72A9E46E15.e.22372","ELEMENT":"f.791DC57474D669730896E8DA48EFF857.d.88EDD89832519BCB07506C72A9E46E15.e.22372"}]}
COMMAND: GET /session/4712af7ad0eaf46e7406ff23cdc0ea9d/element/f.791DC57474D669730896E8DA48EFF857.d.88EDD89832519BCB07506C72A9E46E15.e.22372/enabled - {}
COMMAND: GET /session/4712af7ad0eaf46e7406ff23cdc0ea9d/screenshot - {}
RESULT: {}
COMMAND: POST /session/4712af7ad0eaf46e7406ff23cdc0ea9d/element/f.791DC57474D669730896E8DA48EFF857.d.88EDD89832519BCB07506C72A9E46E15.e.22372/click - {}
COMMAND: GET /session/4712af7ad0eaf46e7406ff23cdc0ea9d/screenshot - {}
RESULT: {}
RESULT: {}
COMMAND: GET /session/4712af7ad0eaf46e7406ff23cdc0ea9d/screenshot - {}
RESULT: {}
RESULT: {}
COMMAND: POST /session/4712af7ad0eaf46e7406ff23cdc0ea9d/element/f.791DC57474D669730896E8DA48EFF857.d.88EDD89832519BCB07506C72A9E46E15.e.22372/clear - {}
RESULT: {}
COMMAND: POST /session/4712af7ad0eaf46e7406ff23cdc0ea9d/element/f.791DC57474D669730896E8DA48EFF857.d.88EDD89832519BCB07506C72A9E46E15.e.22372/value - {"text":"10379"}
COMMAND: GET /session/4712af7ad0eaf46e7406ff23cdc0ea9d/screenshot - {}
RESULT: {"text":"10379"}
COMMAND: POST /session/4712af7ad0eaf46e7406ff23cdc0ea9d/actions - {"actions":[{"id":"action80","type":"key","parameters":{},"actions":[{"type":"keyDown","value":"î€‡"},{"type":"pause","duration":10},{"type":"keyUp","value":"î€‡"}]}]}
COMMAND: GET /session/4712af7ad0eaf46e7406ff23cdc0ea9d/screenshot - {}
RESULT: {}
RESULT: {"actions":[{"id":"action80","type":"key","parameters":{},"actions":[{"type":"keyDown","value":"î€‡"},{"type":"pause","duration":10},{"type":"keyUp","value":"î€‡"}]}]}
COMMAND: GET /session/4712af7ad0eaf46e7406ff23cdc0ea9d/screenshot - {}
RESULT: {}
RESULT: {}
COMMAND: POST /session/4712af7ad0eaf46e7406ff23cdc0ea9d/element - {"using":"xpath","value":"//span[contains(@id ,\"application-billingtransfer-display-component---billingWorkbench--smartTableBillingRuns-header-inner\")]"}
RESULT: {"using":"xpath","value":"//span[contains(@id ,\"application-billingtransfer-display-component---billingWorkbench--smartTableBillingRuns-header-inner\")]"}
COMMAND: POST /session/4712af7ad0eaf46e7406ff23cdc0ea9d/elements - {"using":"xpath","value":"//span[contains(@id ,\"application-billingtransfer-display-component---billingWorkbench--smartTableBillingRuns-header-inner\")]"}
RESULT: {"using":"xpath","value":"//span[contains(@id ,\"application-billingtransfer-display-component---billingWorkbench--smartTableBillingRuns-header-inner\")]"}
COMMAND: POST /session/4712af7ad0eaf46e7406ff23cdc0ea9d/execute/sync - {"script":"<script> [56 bytes]","args":[{"element-6066-11e4-a52e-4f735466cecf":"f.791DC57474D669730896E8DA48EFF857.d.88EDD89832519BCB07506C72A9E46E15.e.22539","ELEMENT":"f.791DC57474D669730896E8DA48EFF857.d.88EDD89832519BCB07506C72A9E46E15.e.22539"}]}
RESULT: {"script":"<script> [56 bytes]","args":[{"element-6066-11e4-a52e-4f735466cecf":"f.791DC57474D669730896E8DA48EFF857.d.88EDD89832519BCB07506C72A9E46E15.e.22539","ELEMENT":"f.791DC57474D669730896E8DA48EFF857.d.88EDD89832519BCB07506C72A9E46E15.e.22539"}]}
COMMAND: POST /session/4712af7ad0eaf46e7406ff23cdc0ea9d/element - {"using":"css selector","value":"#shell-header-logo"}
COMMAND: GET /session/4712af7ad0eaf46e7406ff23cdc0ea9d/screenshot - {}
RESULT: {"using":"css selector","value":"#shell-header-logo"}
COMMAND: POST /session/4712af7ad0eaf46e7406ff23cdc0ea9d/element/f.791DC57474D669730896E8DA48EFF857.d.88EDD89832519BCB07506C72A9E46E15.e.22370/click - {}
RESULT: {}
RESULT: {}
COMMAND: GET /session/4712af7ad0eaf46e7406ff23cdc0ea9d/screenshot - {}
RESULT: {}
]]></system-out>
    </testcase>
    <testcase classname="chrome.135_0_7049_96.windows.Billing_Calculation_-_Time_based_(considering_transport_times)_US139738" name="Should navigate to the contract item check the billed until field value" time="37.584">
      <system-out><![CDATA[
RESULT: undefined
COMMAND: POST /session/4712af7ad0eaf46e7406ff23cdc0ea9d/element - {"using":"xpath","value":"//*[@id=\"__tile131-title\"]"}
RESULT: {"using":"xpath","value":"//*[@id=\"__tile131-title\"]"}
COMMAND: POST /session/4712af7ad0eaf46e7406ff23cdc0ea9d/element/f.791DC57474D669730896E8DA48EFF857.d.88EDD89832519BCB07506C72A9E46E15.e.20575/click - {}
RESULT: {}
COMMAND: GET /session/4712af7ad0eaf46e7406ff23cdc0ea9d/screenshot - {}
RESULT: {}
COMMAND: POST /session/4712af7ad0eaf46e7406ff23cdc0ea9d/element - {"using":"xpath","value":"//button[@data-kt=\"addButton\"]"}
RESULT: {"using":"xpath","value":"//button[@data-kt=\"addButton\"]"}
COMMAND: POST /session/4712af7ad0eaf46e7406ff23cdc0ea9d/elements - {"using":"xpath","value":"//button[@data-kt=\"addButton\"]"}
RESULT: {"using":"xpath","value":"//button[@data-kt=\"addButton\"]"}
COMMAND: POST /session/4712af7ad0eaf46e7406ff23cdc0ea9d/execute/sync - {"script":"<script> [8489 bytes]","args":[{"element-6066-11e4-a52e-4f735466cecf":"f.791DC57474D669730896E8DA48EFF857.d.88EDD89832519BCB07506C72A9E46E15.e.22634","ELEMENT":"f.791DC57474D669730896E8DA48EFF857.d.88EDD89832519BCB07506C72A9E46E15.e.22634"}]}
RESULT: {"script":"<script> [8489 bytes]","args":[{"element-6066-11e4-a52e-4f735466cecf":"f.791DC57474D669730896E8DA48EFF857.d.88EDD89832519BCB07506C72A9E46E15.e.22634","ELEMENT":"f.791DC57474D669730896E8DA48EFF857.d.88EDD89832519BCB07506C72A9E46E15.e.22634"}]}
COMMAND: GET /session/4712af7ad0eaf46e7406ff23cdc0ea9d/element/f.791DC57474D669730896E8DA48EFF857.d.88EDD89832519BCB07506C72A9E46E15.e.22634/enabled - {}
COMMAND: GET /session/4712af7ad0eaf46e7406ff23cdc0ea9d/screenshot - {}
RESULT: {}
COMMAND: POST /session/4712af7ad0eaf46e7406ff23cdc0ea9d/execute/sync - {"script":"<script> [8489 bytes]","args":[{"element-6066-11e4-a52e-4f735466cecf":"f.791DC57474D669730896E8DA48EFF857.d.88EDD89832519BCB07506C72A9E46E15.e.22634","ELEMENT":"f.791DC57474D669730896E8DA48EFF857.d.88EDD89832519BCB07506C72A9E46E15.e.22634"}]}
COMMAND: GET /session/4712af7ad0eaf46e7406ff23cdc0ea9d/screenshot - {}
RESULT: {}
RESULT: {"script":"<script> [8489 bytes]","args":[{"element-6066-11e4-a52e-4f735466cecf":"f.791DC57474D669730896E8DA48EFF857.d.88EDD89832519BCB07506C72A9E46E15.e.22634","ELEMENT":"f.791DC57474D669730896E8DA48EFF857.d.88EDD89832519BCB07506C72A9E46E15.e.22634"}]}
COMMAND: POST /session/4712af7ad0eaf46e7406ff23cdc0ea9d/execute/sync - {"script":"<script> [5351 bytes]","args":[{"element-6066-11e4-a52e-4f735466cecf":"f.791DC57474D669730896E8DA48EFF857.d.88EDD89832519BCB07506C72A9E46E15.e.22634","ELEMENT":"f.791DC57474D669730896E8DA48EFF857.d.88EDD89832519BCB07506C72A9E46E15.e.22634"}]}
COMMAND: GET /session/4712af7ad0eaf46e7406ff23cdc0ea9d/screenshot - {}
RESULT: {}
RESULT: {"script":"<script> [5351 bytes]","args":[{"element-6066-11e4-a52e-4f735466cecf":"f.791DC57474D669730896E8DA48EFF857.d.88EDD89832519BCB07506C72A9E46E15.e.22634","ELEMENT":"f.791DC57474D669730896E8DA48EFF857.d.88EDD89832519BCB07506C72A9E46E15.e.22634"}]}
COMMAND: POST /session/4712af7ad0eaf46e7406ff23cdc0ea9d/element - {"using":"xpath","value":"//input[contains(@id ,\"smartContractFilterBar-btnBasicSearch-I\")]"}
COMMAND: GET /session/4712af7ad0eaf46e7406ff23cdc0ea9d/screenshot - {}
RESULT: {}
RESULT: {"using":"xpath","value":"//input[contains(@id ,\"smartContractFilterBar-btnBasicSearch-I\")]"}
COMMAND: POST /session/4712af7ad0eaf46e7406ff23cdc0ea9d/elements - {"using":"xpath","value":"//input[contains(@id ,\"smartContractFilterBar-btnBasicSearch-I\")]"}
RESULT: {}
RESULT: {"using":"xpath","value":"//input[contains(@id ,\"smartContractFilterBar-btnBasicSearch-I\")]"}
COMMAND: POST /session/4712af7ad0eaf46e7406ff23cdc0ea9d/execute/sync - {"script":"<script> [8489 bytes]","args":[{"element-6066-11e4-a52e-4f735466cecf":"f.791DC57474D669730896E8DA48EFF857.d.88EDD89832519BCB07506C72A9E46E15.e.22566","ELEMENT":"f.791DC57474D669730896E8DA48EFF857.d.88EDD89832519BCB07506C72A9E46E15.e.22566"}]}
RESULT: {"script":"<script> [8489 bytes]","args":[{"element-6066-11e4-a52e-4f735466cecf":"f.791DC57474D669730896E8DA48EFF857.d.88EDD89832519BCB07506C72A9E46E15.e.22566","ELEMENT":"f.791DC57474D669730896E8DA48EFF857.d.88EDD89832519BCB07506C72A9E46E15.e.22566"}]}
COMMAND: GET /session/4712af7ad0eaf46e7406ff23cdc0ea9d/element/f.791DC57474D669730896E8DA48EFF857.d.88EDD89832519BCB07506C72A9E46E15.e.22566/enabled - {}
COMMAND: GET /session/4712af7ad0eaf46e7406ff23cdc0ea9d/screenshot - {}
RESULT: {}
COMMAND: POST /session/4712af7ad0eaf46e7406ff23cdc0ea9d/element/f.791DC57474D669730896E8DA48EFF857.d.88EDD89832519BCB07506C72A9E46E15.e.22566/clear - {}
COMMAND: GET /session/4712af7ad0eaf46e7406ff23cdc0ea9d/screenshot - {}
RESULT: {}
RESULT: {}
COMMAND: POST /session/4712af7ad0eaf46e7406ff23cdc0ea9d/element/f.791DC57474D669730896E8DA48EFF857.d.88EDD89832519BCB07506C72A9E46E15.e.22566/value - {"text":"10379"}
COMMAND: GET /session/4712af7ad0eaf46e7406ff23cdc0ea9d/screenshot - {}
RESULT: {}
RESULT: {"text":"10379"}
COMMAND: GET /session/4712af7ad0eaf46e7406ff23cdc0ea9d/screenshot - {}
RESULT: {}
RESULT: {}
COMMAND: POST /session/4712af7ad0eaf46e7406ff23cdc0ea9d/actions - {"actions":[{"id":"action81","type":"key","parameters":{},"actions":[{"type":"keyDown","value":"î€‡"},{"type":"pause","duration":10},{"type":"keyUp","value":"î€‡"}]}]}
RESULT: {"actions":[{"id":"action81","type":"key","parameters":{},"actions":[{"type":"keyDown","value":"î€‡"},{"type":"pause","duration":10},{"type":"keyUp","value":"î€‡"}]}]}
COMMAND: GET /session/4712af7ad0eaf46e7406ff23cdc0ea9d/screenshot - {}
RESULT: {}
COMMAND: POST /session/4712af7ad0eaf46e7406ff23cdc0ea9d/element - {"using":"xpath","value":"//span[contains(@id, \"masterListContractsSmartTable-header-inner\")]"}
RESULT: {"using":"xpath","value":"//span[contains(@id, \"masterListContractsSmartTable-header-inner\")]"}
COMMAND: POST /session/4712af7ad0eaf46e7406ff23cdc0ea9d/elements - {"using":"xpath","value":"//span[contains(@id, \"masterListContractsSmartTable-header-inner\")]"}
RESULT: {"using":"xpath","value":"//span[contains(@id, \"masterListContractsSmartTable-header-inner\")]"}
COMMAND: POST /session/4712af7ad0eaf46e7406ff23cdc0ea9d/execute/sync - {"script":"<script> [56 bytes]","args":[{"element-6066-11e4-a52e-4f735466cecf":"f.791DC57474D669730896E8DA48EFF857.d.88EDD89832519BCB07506C72A9E46E15.e.22691","ELEMENT":"f.791DC57474D669730896E8DA48EFF857.d.88EDD89832519BCB07506C72A9E46E15.e.22691"}]}
RESULT: {"script":"<script> [56 bytes]","args":[{"element-6066-11e4-a52e-4f735466cecf":"f.791DC57474D669730896E8DA48EFF857.d.88EDD89832519BCB07506C72A9E46E15.e.22691","ELEMENT":"f.791DC57474D669730896E8DA48EFF857.d.88EDD89832519BCB07506C72A9E46E15.e.22691"}]}
COMMAND: POST /session/4712af7ad0eaf46e7406ff23cdc0ea9d/element - {"using":"xpath","value":"(//span[contains(@id, \"imgNav\")])[1]"}
COMMAND: GET /session/4712af7ad0eaf46e7406ff23cdc0ea9d/screenshot - {}
RESULT: {"using":"xpath","value":"(//span[contains(@id, \"imgNav\")])[1]"}
COMMAND: POST /session/4712af7ad0eaf46e7406ff23cdc0ea9d/element/f.791DC57474D669730896E8DA48EFF857.d.88EDD89832519BCB07506C72A9E46E15.e.22653/click - {}
RESULT: {}
RESULT: {}
COMMAND: GET /session/4712af7ad0eaf46e7406ff23cdc0ea9d/screenshot - {}
RESULT: {}
COMMAND: POST /session/4712af7ad0eaf46e7406ff23cdc0ea9d/element - {"using":"xpath","value":"//tr[@data-kt=\"productsColumnListItem\"]//td//span[contains(@id, \"imgNav\")][1]"}
RESULT: {"using":"xpath","value":"//tr[@data-kt=\"productsColumnListItem\"]//td//span[contains(@id, \"imgNav\")][1]"}
COMMAND: POST /session/4712af7ad0eaf46e7406ff23cdc0ea9d/element/f.791DC57474D669730896E8DA48EFF857.d.88EDD89832519BCB07506C72A9E46E15.e.22854/click - {}
RESULT: {}
COMMAND: GET /session/4712af7ad0eaf46e7406ff23cdc0ea9d/screenshot - {}
RESULT: {}
COMMAND: POST /session/4712af7ad0eaf46e7406ff23cdc0ea9d/element - {"using":"xpath","value":"//section[contains(@id, \"application-managecontracts-display-component---BillingItem--ObjectPageLayout-OPHeaderContent\")]/div/div/div/div/div[2]/div/div[2]/span"}
RESULT: {"using":"xpath","value":"//section[contains(@id, \"application-managecontracts-display-component---BillingItem--ObjectPageLayout-OPHeaderContent\")]/div/div/div/div/div[2]/div/div[2]/span"}
COMMAND: POST /session/4712af7ad0eaf46e7406ff23cdc0ea9d/execute/sync - {"script":"<script> [56 bytes]","args":[{"element-6066-11e4-a52e-4f735466cecf":"f.791DC57474D669730896E8DA48EFF857.d.88EDD89832519BCB07506C72A9E46E15.e.22989","ELEMENT":"f.791DC57474D669730896E8DA48EFF857.d.88EDD89832519BCB07506C72A9E46E15.e.22989"}]}
RESULT: {"script":"<script> [56 bytes]","args":[{"element-6066-11e4-a52e-4f735466cecf":"f.791DC57474D669730896E8DA48EFF857.d.88EDD89832519BCB07506C72A9E46E15.e.22989","ELEMENT":"f.791DC57474D669730896E8DA48EFF857.d.88EDD89832519BCB07506C72A9E46E15.e.22989"}]}
COMMAND: POST /session/4712af7ad0eaf46e7406ff23cdc0ea9d/element - {"using":"xpath","value":"//table[contains(@id, \"application-managecontracts-display-component---BillingItem--billingList-listUl\")]//td//*[contains(text(), \"partial billed\")]"}
COMMAND: GET /session/4712af7ad0eaf46e7406ff23cdc0ea9d/screenshot - {}
RESULT: {"using":"xpath","value":"//table[contains(@id, \"application-managecontracts-display-component---BillingItem--billingList-listUl\")]//td//*[contains(text(), \"partial billed\")]"}
COMMAND: POST /session/4712af7ad0eaf46e7406ff23cdc0ea9d/execute/sync - {"script":"<script> [56 bytes]","args":[{"element-6066-11e4-a52e-4f735466cecf":"f.791DC57474D669730896E8DA48EFF857.d.88EDD89832519BCB07506C72A9E46E15.e.22990","ELEMENT":"f.791DC57474D669730896E8DA48EFF857.d.88EDD89832519BCB07506C72A9E46E15.e.22990"}]}
RESULT: {}
RESULT: {"script":"<script> [56 bytes]","args":[{"element-6066-11e4-a52e-4f735466cecf":"f.791DC57474D669730896E8DA48EFF857.d.88EDD89832519BCB07506C72A9E46E15.e.22990","ELEMENT":"f.791DC57474D669730896E8DA48EFF857.d.88EDD89832519BCB07506C72A9E46E15.e.22990"}]}
COMMAND: POST /session/4712af7ad0eaf46e7406ff23cdc0ea9d/element - {"using":"css selector","value":"#shell-header-logo"}
COMMAND: GET /session/4712af7ad0eaf46e7406ff23cdc0ea9d/screenshot - {}
RESULT: {"using":"css selector","value":"#shell-header-logo"}
COMMAND: POST /session/4712af7ad0eaf46e7406ff23cdc0ea9d/element/f.791DC57474D669730896E8DA48EFF857.d.88EDD89832519BCB07506C72A9E46E15.e.22564/click - {}
RESULT: {}
RESULT: {}
COMMAND: GET /session/4712af7ad0eaf46e7406ff23cdc0ea9d/screenshot - {}
RESULT: {}
]]></system-out>
    </testcase>
    <testcase classname="chrome.135_0_7049_96.windows.Billing_Calculation_-_Time_based_(considering_transport_times)_US139738" name="Should do a handover return 2 step 7 days after provide or 14 days from today receive it in 21 days" time="147.732">
      <system-out><![CDATA[
RESULT: undefined
COMMAND: POST /session/4712af7ad0eaf46e7406ff23cdc0ea9d/element - {"using":"xpath","value":"//*[@id=\"__tile131-title\"]"}
RESULT: {"using":"xpath","value":"//*[@id=\"__tile131-title\"]"}
COMMAND: POST /session/4712af7ad0eaf46e7406ff23cdc0ea9d/element/f.791DC57474D669730896E8DA48EFF857.d.88EDD89832519BCB07506C72A9E46E15.e.20575/click - {}
RESULT: {}
COMMAND: GET /session/4712af7ad0eaf46e7406ff23cdc0ea9d/screenshot - {}
RESULT: {}
COMMAND: POST /session/4712af7ad0eaf46e7406ff23cdc0ea9d/element - {"using":"xpath","value":"//button[@data-kt=\"addButton\"]"}
RESULT: {"using":"xpath","value":"//button[@data-kt=\"addButton\"]"}
COMMAND: POST /session/4712af7ad0eaf46e7406ff23cdc0ea9d/elements - {"using":"xpath","value":"//button[@data-kt=\"addButton\"]"}
RESULT: {"using":"xpath","value":"//button[@data-kt=\"addButton\"]"}
COMMAND: POST /session/4712af7ad0eaf46e7406ff23cdc0ea9d/execute/sync - {"script":"<script> [8489 bytes]","args":[{"element-6066-11e4-a52e-4f735466cecf":"f.791DC57474D669730896E8DA48EFF857.d.88EDD89832519BCB07506C72A9E46E15.e.23061","ELEMENT":"f.791DC57474D669730896E8DA48EFF857.d.88EDD89832519BCB07506C72A9E46E15.e.23061"}]}
RESULT: {"script":"<script> [8489 bytes]","args":[{"element-6066-11e4-a52e-4f735466cecf":"f.791DC57474D669730896E8DA48EFF857.d.88EDD89832519BCB07506C72A9E46E15.e.23061","ELEMENT":"f.791DC57474D669730896E8DA48EFF857.d.88EDD89832519BCB07506C72A9E46E15.e.23061"}]}
COMMAND: GET /session/4712af7ad0eaf46e7406ff23cdc0ea9d/element/f.791DC57474D669730896E8DA48EFF857.d.88EDD89832519BCB07506C72A9E46E15.e.23061/enabled - {}
COMMAND: GET /session/4712af7ad0eaf46e7406ff23cdc0ea9d/screenshot - {}
RESULT: {}
COMMAND: POST /session/4712af7ad0eaf46e7406ff23cdc0ea9d/execute/sync - {"script":"<script> [8489 bytes]","args":[{"element-6066-11e4-a52e-4f735466cecf":"f.791DC57474D669730896E8DA48EFF857.d.88EDD89832519BCB07506C72A9E46E15.e.23061","ELEMENT":"f.791DC57474D669730896E8DA48EFF857.d.88EDD89832519BCB07506C72A9E46E15.e.23061"}]}
COMMAND: GET /session/4712af7ad0eaf46e7406ff23cdc0ea9d/screenshot - {}
RESULT: {}
RESULT: {"script":"<script> [8489 bytes]","args":[{"element-6066-11e4-a52e-4f735466cecf":"f.791DC57474D669730896E8DA48EFF857.d.88EDD89832519BCB07506C72A9E46E15.e.23061","ELEMENT":"f.791DC57474D669730896E8DA48EFF857.d.88EDD89832519BCB07506C72A9E46E15.e.23061"}]}
COMMAND: POST /session/4712af7ad0eaf46e7406ff23cdc0ea9d/execute/sync - {"script":"<script> [5351 bytes]","args":[{"element-6066-11e4-a52e-4f735466cecf":"f.791DC57474D669730896E8DA48EFF857.d.88EDD89832519BCB07506C72A9E46E15.e.23061","ELEMENT":"f.791DC57474D669730896E8DA48EFF857.d.88EDD89832519BCB07506C72A9E46E15.e.23061"}]}
COMMAND: GET /session/4712af7ad0eaf46e7406ff23cdc0ea9d/screenshot - {}
RESULT: {}
RESULT: {"script":"<script> [5351 bytes]","args":[{"element-6066-11e4-a52e-4f735466cecf":"f.791DC57474D669730896E8DA48EFF857.d.88EDD89832519BCB07506C72A9E46E15.e.23061","ELEMENT":"f.791DC57474D669730896E8DA48EFF857.d.88EDD89832519BCB07506C72A9E46E15.e.23061"}]}
COMMAND: GET /session/4712af7ad0eaf46e7406ff23cdc0ea9d/screenshot - {}
RESULT: {}
RESULT: {}
COMMAND: POST /session/4712af7ad0eaf46e7406ff23cdc0ea9d/element - {"using":"xpath","value":"//input[contains(@id ,\"smartContractFilterBar-btnBasicSearch-I\")]"}
RESULT: {"using":"xpath","value":"//input[contains(@id ,\"smartContractFilterBar-btnBasicSearch-I\")]"}
COMMAND: POST /session/4712af7ad0eaf46e7406ff23cdc0ea9d/elements - {"using":"xpath","value":"//input[contains(@id ,\"smartContractFilterBar-btnBasicSearch-I\")]"}
RESULT: {"using":"xpath","value":"//input[contains(@id ,\"smartContractFilterBar-btnBasicSearch-I\")]"}
COMMAND: POST /session/4712af7ad0eaf46e7406ff23cdc0ea9d/execute/sync - {"script":"<script> [8489 bytes]","args":[{"element-6066-11e4-a52e-4f735466cecf":"f.791DC57474D669730896E8DA48EFF857.d.88EDD89832519BCB07506C72A9E46E15.e.22996","ELEMENT":"f.791DC57474D669730896E8DA48EFF857.d.88EDD89832519BCB07506C72A9E46E15.e.22996"}]}
RESULT: {"script":"<script> [8489 bytes]","args":[{"element-6066-11e4-a52e-4f735466cecf":"f.791DC57474D669730896E8DA48EFF857.d.88EDD89832519BCB07506C72A9E46E15.e.22996","ELEMENT":"f.791DC57474D669730896E8DA48EFF857.d.88EDD89832519BCB07506C72A9E46E15.e.22996"}]}
COMMAND: GET /session/4712af7ad0eaf46e7406ff23cdc0ea9d/element/f.791DC57474D669730896E8DA48EFF857.d.88EDD89832519BCB07506C72A9E46E15.e.22996/enabled - {}
COMMAND: GET /session/4712af7ad0eaf46e7406ff23cdc0ea9d/screenshot - {}
RESULT: {}
COMMAND: POST /session/4712af7ad0eaf46e7406ff23cdc0ea9d/element/f.791DC57474D669730896E8DA48EFF857.d.88EDD89832519BCB07506C72A9E46E15.e.22996/clear - {}
COMMAND: GET /session/4712af7ad0eaf46e7406ff23cdc0ea9d/screenshot - {}
RESULT: {}
RESULT: {}
COMMAND: POST /session/4712af7ad0eaf46e7406ff23cdc0ea9d/element/f.791DC57474D669730896E8DA48EFF857.d.88EDD89832519BCB07506C72A9E46E15.e.22996/value - {"text":"10379"}
COMMAND: GET /session/4712af7ad0eaf46e7406ff23cdc0ea9d/screenshot - {}
RESULT: {}
RESULT: {"text":"10379"}
COMMAND: GET /session/4712af7ad0eaf46e7406ff23cdc0ea9d/screenshot - {}
RESULT: {}
RESULT: {}
COMMAND: POST /session/4712af7ad0eaf46e7406ff23cdc0ea9d/actions - {"actions":[{"id":"action82","type":"key","parameters":{},"actions":[{"type":"keyDown","value":"î€‡"},{"type":"pause","duration":10},{"type":"keyUp","value":"î€‡"}]}]}
RESULT: {"actions":[{"id":"action82","type":"key","parameters":{},"actions":[{"type":"keyDown","value":"î€‡"},{"type":"pause","duration":10},{"type":"keyUp","value":"î€‡"}]}]}
COMMAND: GET /session/4712af7ad0eaf46e7406ff23cdc0ea9d/screenshot - {}
RESULT: {}
COMMAND: POST /session/4712af7ad0eaf46e7406ff23cdc0ea9d/element - {"using":"xpath","value":"//span[contains(@id, \"masterListContractsSmartTable-header-inner\")]"}
RESULT: {"using":"xpath","value":"//span[contains(@id, \"masterListContractsSmartTable-header-inner\")]"}
COMMAND: POST /session/4712af7ad0eaf46e7406ff23cdc0ea9d/elements - {"using":"xpath","value":"//span[contains(@id, \"masterListContractsSmartTable-header-inner\")]"}
RESULT: {"using":"xpath","value":"//span[contains(@id, \"masterListContractsSmartTable-header-inner\")]"}
COMMAND: POST /session/4712af7ad0eaf46e7406ff23cdc0ea9d/execute/sync - {"script":"<script> [56 bytes]","args":[{"element-6066-11e4-a52e-4f735466cecf":"f.791DC57474D669730896E8DA48EFF857.d.88EDD89832519BCB07506C72A9E46E15.e.23125","ELEMENT":"f.791DC57474D669730896E8DA48EFF857.d.88EDD89832519BCB07506C72A9E46E15.e.23125"}]}
RESULT: {"script":"<script> [56 bytes]","args":[{"element-6066-11e4-a52e-4f735466cecf":"f.791DC57474D669730896E8DA48EFF857.d.88EDD89832519BCB07506C72A9E46E15.e.23125","ELEMENT":"f.791DC57474D669730896E8DA48EFF857.d.88EDD89832519BCB07506C72A9E46E15.e.23125"}]}
COMMAND: POST /session/4712af7ad0eaf46e7406ff23cdc0ea9d/element - {"using":"xpath","value":"(//span[contains(@id, \"imgNav\")])[1]"}
COMMAND: GET /session/4712af7ad0eaf46e7406ff23cdc0ea9d/screenshot - {}
RESULT: {"using":"xpath","value":"(//span[contains(@id, \"imgNav\")])[1]"}
COMMAND: POST /session/4712af7ad0eaf46e7406ff23cdc0ea9d/element/f.791DC57474D669730896E8DA48EFF857.d.88EDD89832519BCB07506C72A9E46E15.e.23086/click - {}
RESULT: {}
RESULT: {}
COMMAND: GET /session/4712af7ad0eaf46e7406ff23cdc0ea9d/screenshot - {}
RESULT: {}
COMMAND: POST /session/4712af7ad0eaf46e7406ff23cdc0ea9d/element - {"using":"xpath","value":"//button[contains(@id, \"contractDetailReturnButton\")]"}
RESULT: {"using":"xpath","value":"//button[contains(@id, \"contractDetailReturnButton\")]"}
COMMAND: POST /session/4712af7ad0eaf46e7406ff23cdc0ea9d/element/f.791DC57474D669730896E8DA48EFF857.d.88EDD89832519BCB07506C72A9E46E15.e.23197/click - {}
RESULT: {}
COMMAND: GET /session/4712af7ad0eaf46e7406ff23cdc0ea9d/screenshot - {}
RESULT: {}
RESULT: undefined
COMMAND: POST /session/4712af7ad0eaf46e7406ff23cdc0ea9d/execute/async - {"script":"<script> [776 bytes]","args":[{"enterText":"05/14/25","selector":{"id":"application-managehandovers-display-component---AddNewHO--dueDate","interaction":{"idSuffix":"inner"}},"clearTextFirst":true,"interactionType":"ENTER_TEXT"}]}
RESULT: {"script":"<script> [776 bytes]","args":[{"enterText":"05/14/25","selector":{"id":"application-managehandovers-display-component---AddNewHO--dueDate","interaction":{"idSuffix":"inner"}},"clearTextFirst":true,"interactionType":"ENTER_TEXT"}]}
COMMAND: POST /session/4712af7ad0eaf46e7406ff23cdc0ea9d/element - {"using":"xpath","value":"//bdi[contains(text(), \"Instructions\")]"}
RESULT: {"using":"xpath","value":"//bdi[contains(text(), \"Instructions\")]"}
COMMAND: POST /session/4712af7ad0eaf46e7406ff23cdc0ea9d/element/f.791DC57474D669730896E8DA48EFF857.d.88EDD89832519BCB07506C72A9E46E15.e.23601/click - {}
RESULT: {}
COMMAND: GET /session/4712af7ad0eaf46e7406ff23cdc0ea9d/screenshot - {}
RESULT: {}
COMMAND: POST /session/4712af7ad0eaf46e7406ff23cdc0ea9d/element - {"using":"xpath","value":"//button[@data-kt=\"AddNewHOProvideAddItemsButton\"]"}
RESULT: {"using":"xpath","value":"//button[@data-kt=\"AddNewHOProvideAddItemsButton\"]"}
COMMAND: POST /session/4712af7ad0eaf46e7406ff23cdc0ea9d/element/f.791DC57474D669730896E8DA48EFF857.d.88EDD89832519BCB07506C72A9E46E15.e.23407/click - {}
RESULT: {}
COMMAND: GET /session/4712af7ad0eaf46e7406ff23cdc0ea9d/screenshot - {}
RESULT: {}
RESULT: undefined
COMMAND: POST /session/4712af7ad0eaf46e7406ff23cdc0ea9d/element - {"using":"xpath","value":"//*[@id=\"application-managehandovers-display-component---AddNewHO--popup-sa\"]"}
RESULT: {"using":"xpath","value":"//*[@id=\"application-managehandovers-display-component---AddNewHO--popup-sa\"]"}
COMMAND: POST /session/4712af7ad0eaf46e7406ff23cdc0ea9d/element/f.791DC57474D669730896E8DA48EFF857.d.88EDD89832519BCB07506C72A9E46E15.e.23619/click - {}
RESULT: {}
COMMAND: GET /session/4712af7ad0eaf46e7406ff23cdc0ea9d/screenshot - {}
RESULT: {}
COMMAND: POST /session/4712af7ad0eaf46e7406ff23cdc0ea9d/element - {"using":"xpath","value":"//*[contains(@id ,\"BDI-content\")][contains(text(), \"Select\")]"}
RESULT: {"using":"xpath","value":"//*[contains(@id ,\"BDI-content\")][contains(text(), \"Select\")]"}
COMMAND: POST /session/4712af7ad0eaf46e7406ff23cdc0ea9d/element/f.791DC57474D669730896E8DA48EFF857.d.88EDD89832519BCB07506C72A9E46E15.e.23621/click - {}
RESULT: {}
COMMAND: GET /session/4712af7ad0eaf46e7406ff23cdc0ea9d/screenshot - {}
RESULT: {}
COMMAND: POST /session/4712af7ad0eaf46e7406ff23cdc0ea9d/element - {"using":"xpath","value":"(//div[contains(@id, \"application-managehandovers-display-component---AddNewHO--oneStep-CbBg\")])"}
RESULT: {"using":"xpath","value":"(//div[contains(@id, \"application-managehandovers-display-component---AddNewHO--oneStep-CbBg\")])"}
COMMAND: POST /session/4712af7ad0eaf46e7406ff23cdc0ea9d/element/f.791DC57474D669730896E8DA48EFF857.d.88EDD89832519BCB07506C72A9E46E15.e.23629/click - {}
RESULT: {}
RESULT: undefined
COMMAND: POST /session/4712af7ad0eaf46e7406ff23cdc0ea9d/element - {"using":"xpath","value":"//*[@id=\"application-managehandovers-display-component---AddNewHO--confirmCreationButton\"]"}
COMMAND: GET /session/4712af7ad0eaf46e7406ff23cdc0ea9d/screenshot - {}
RESULT: {"using":"xpath","value":"//*[@id=\"application-managehandovers-display-component---AddNewHO--confirmCreationButton\"]"}
COMMAND: POST /session/4712af7ad0eaf46e7406ff23cdc0ea9d/element/f.791DC57474D669730896E8DA48EFF857.d.88EDD89832519BCB07506C72A9E46E15.e.23414/click - {}
RESULT: {}
RESULT: {}
COMMAND: GET /session/4712af7ad0eaf46e7406ff23cdc0ea9d/screenshot - {}
RESULT: {}
COMMAND: POST /session/4712af7ad0eaf46e7406ff23cdc0ea9d/element - {"using":"xpath","value":"//button[@data-kt=\"PickingTableConfirmAllButton\"]"}
RESULT: {"using":"xpath","value":"//button[@data-kt=\"PickingTableConfirmAllButton\"]"}
COMMAND: POST /session/4712af7ad0eaf46e7406ff23cdc0ea9d/element/f.791DC57474D669730896E8DA48EFF857.d.88EDD89832519BCB07506C72A9E46E15.e.23659/click - {}
COMMAND: POST /session/4712af7ad0eaf46e7406ff23cdc0ea9d/element - {"using":"xpath","value":"//button[@data-kt=\"PickingTableConfirmAllButton\"]"}
RESULT: {"using":"xpath","value":"//button[@data-kt=\"PickingTableConfirmAllButton\"]"}
COMMAND: POST /session/4712af7ad0eaf46e7406ff23cdc0ea9d/element/f.791DC57474D669730896E8DA48EFF857.d.88EDD89832519BCB07506C72A9E46E15.e.23659/click - {}
COMMAND: POST /session/4712af7ad0eaf46e7406ff23cdc0ea9d/element - {"using":"xpath","value":"//button[@data-kt=\"PickingTableConfirmAllButton\"]"}
RESULT: {"using":"xpath","value":"//button[@data-kt=\"PickingTableConfirmAllButton\"]"}
COMMAND: POST /session/4712af7ad0eaf46e7406ff23cdc0ea9d/element/f.791DC57474D669730896E8DA48EFF857.d.88EDD89832519BCB07506C72A9E46E15.e.23680/click - {}
RESULT: {}
COMMAND: GET /session/4712af7ad0eaf46e7406ff23cdc0ea9d/screenshot - {}
RESULT: {}
COMMAND: POST /session/4712af7ad0eaf46e7406ff23cdc0ea9d/element - {"using":"xpath","value":"//bdi[contains(text(), \"OK\")]"}
RESULT: {"using":"xpath","value":"//bdi[contains(text(), \"OK\")]"}
COMMAND: POST /session/4712af7ad0eaf46e7406ff23cdc0ea9d/element/f.791DC57474D669730896E8DA48EFF857.d.88EDD89832519BCB07506C72A9E46E15.e.23685/click - {}
RESULT: {}
COMMAND: GET /session/4712af7ad0eaf46e7406ff23cdc0ea9d/screenshot - {}
RESULT: {}
COMMAND: POST /session/4712af7ad0eaf46e7406ff23cdc0ea9d/element - {"using":"xpath","value":"//button[@data-kt=\"execHoPickButton\"]"}
RESULT: {"using":"xpath","value":"//button[@data-kt=\"execHoPickButton\"]"}
COMMAND: POST /session/4712af7ad0eaf46e7406ff23cdc0ea9d/element/f.791DC57474D669730896E8DA48EFF857.d.88EDD89832519BCB07506C72A9E46E15.e.23687/click - {}
RESULT: {}
COMMAND: GET /session/4712af7ad0eaf46e7406ff23cdc0ea9d/screenshot - {}
RESULT: {}
COMMAND: POST /session/4712af7ad0eaf46e7406ff23cdc0ea9d/element - {"using":"xpath","value":"//span[contains(@id ,\"filterItemControl_BASIC-SEND_CONTRACT-vhi\")]"}
RESULT: {"using":"xpath","value":"//span[contains(@id ,\"filterItemControl_BASIC-SEND_CONTRACT-vhi\")]"}
COMMAND: POST /session/4712af7ad0eaf46e7406ff23cdc0ea9d/element/f.791DC57474D669730896E8DA48EFF857.d.88EDD89832519BCB07506C72A9E46E15.e.24039/click - {}
RESULT: {}
COMMAND: GET /session/4712af7ad0eaf46e7406ff23cdc0ea9d/screenshot - {}
RESULT: {}
RESULT: undefined
COMMAND: POST /session/4712af7ad0eaf46e7406ff23cdc0ea9d/execute/async - {"script":"<script> [776 bytes]","args":[{"enterText":"10379","selector":{"controlType":"sap.m.SearchField","viewName":"etm.portal.ui.managehandovers.view.MasterHO","bindingPath":{"path":"","propertyPath":"/_BASIC_SEARCH_FIELD","modelName":"fi1t3rM0d31"},"searchOpenDialogs":true,"interaction":{"idSuffix":"I"}},"clearTextFirst":true,"interactionType":"ENTER_TEXT"}]}
RESULT: {"script":"<script> [776 bytes]","args":[{"enterText":"10379","selector":{"controlType":"sap.m.SearchField","viewName":"etm.portal.ui.managehandovers.view.MasterHO","bindingPath":{"path":"","propertyPath":"/_BASIC_SEARCH_FIELD","modelName":"fi1t3rM0d31"},"searchOpenDialogs":true,"interaction":{"idSuffix":"I"}},"clearTextFirst":true,"interactionType":"ENTER_TEXT"}]}
COMMAND: POST /session/4712af7ad0eaf46e7406ff23cdc0ea9d/actions - {"actions":[{"id":"action83","type":"key","parameters":{},"actions":[{"type":"keyDown","value":"î€‡"},{"type":"pause","duration":10},{"type":"keyUp","value":"î€‡"}]}]}
RESULT: {"actions":[{"id":"action83","type":"key","parameters":{},"actions":[{"type":"keyDown","value":"î€‡"},{"type":"pause","duration":10},{"type":"keyUp","value":"î€‡"}]}]}
COMMAND: GET /session/4712af7ad0eaf46e7406ff23cdc0ea9d/screenshot - {}
RESULT: {}
COMMAND: POST /session/4712af7ad0eaf46e7406ff23cdc0ea9d/element - {"using":"xpath","value":"//div[contains(@id, 'filterItemControl_BASIC-SEND_CONTRACT-valueHelpDialog-table-rowsel0')]"}
RESULT: {"using":"xpath","value":"//div[contains(@id, 'filterItemControl_BASIC-SEND_CONTRACT-valueHelpDialog-table-rowsel0')]"}
COMMAND: POST /session/4712af7ad0eaf46e7406ff23cdc0ea9d/element/f.791DC57474D669730896E8DA48EFF857.d.88EDD89832519BCB07506C72A9E46E15.e.24047/click - {}
RESULT: {}
COMMAND: GET /session/4712af7ad0eaf46e7406ff23cdc0ea9d/screenshot - {}
RESULT: {}
COMMAND: POST /session/4712af7ad0eaf46e7406ff23cdc0ea9d/element - {"using":"xpath","value":"//bdi[contains(text(), \"OK\")]"}
RESULT: {"using":"xpath","value":"//bdi[contains(text(), \"OK\")]"}
COMMAND: POST /session/4712af7ad0eaf46e7406ff23cdc0ea9d/element/f.791DC57474D669730896E8DA48EFF857.d.88EDD89832519BCB07506C72A9E46E15.e.24049/click - {}
RESULT: {}
COMMAND: GET /session/4712af7ad0eaf46e7406ff23cdc0ea9d/screenshot - {}
RESULT: {}
COMMAND: POST /session/4712af7ad0eaf46e7406ff23cdc0ea9d/element - {"using":"xpath","value":"//span[contains(@id, \"smartTable-header-inner\")]"}
RESULT: {"using":"xpath","value":"//span[contains(@id, \"smartTable-header-inner\")]"}
COMMAND: POST /session/4712af7ad0eaf46e7406ff23cdc0ea9d/elements - {"using":"xpath","value":"//span[contains(@id, \"smartTable-header-inner\")]"}
RESULT: {"using":"xpath","value":"//span[contains(@id, \"smartTable-header-inner\")]"}
COMMAND: POST /session/4712af7ad0eaf46e7406ff23cdc0ea9d/execute/sync - {"script":"<script> [56 bytes]","args":[{"element-6066-11e4-a52e-4f735466cecf":"f.791DC57474D669730896E8DA48EFF857.d.88EDD89832519BCB07506C72A9E46E15.e.24076","ELEMENT":"f.791DC57474D669730896E8DA48EFF857.d.88EDD89832519BCB07506C72A9E46E15.e.24076"}]}
RESULT: {"script":"<script> [56 bytes]","args":[{"element-6066-11e4-a52e-4f735466cecf":"f.791DC57474D669730896E8DA48EFF857.d.88EDD89832519BCB07506C72A9E46E15.e.24076","ELEMENT":"f.791DC57474D669730896E8DA48EFF857.d.88EDD89832519BCB07506C72A9E46E15.e.24076"}]}
COMMAND: POST /session/4712af7ad0eaf46e7406ff23cdc0ea9d/element - {"using":"xpath","value":"//table[contains(@id, \"customHandovers\")]//tbody/tr[1]/td[2]/span"}
COMMAND: GET /session/4712af7ad0eaf46e7406ff23cdc0ea9d/screenshot - {}
RESULT: {"using":"xpath","value":"//table[contains(@id, \"customHandovers\")]//tbody/tr[1]/td[2]/span"}
COMMAND: POST /session/4712af7ad0eaf46e7406ff23cdc0ea9d/execute/sync - {"script":"<script> [56 bytes]","args":[{"element-6066-11e4-a52e-4f735466cecf":"f.791DC57474D669730896E8DA48EFF857.d.88EDD89832519BCB07506C72A9E46E15.e.24077","ELEMENT":"f.791DC57474D669730896E8DA48EFF857.d.88EDD89832519BCB07506C72A9E46E15.e.24077"}]}
RESULT: {}
RESULT: {"script":"<script> [56 bytes]","args":[{"element-6066-11e4-a52e-4f735466cecf":"f.791DC57474D669730896E8DA48EFF857.d.88EDD89832519BCB07506C72A9E46E15.e.24077","ELEMENT":"f.791DC57474D669730896E8DA48EFF857.d.88EDD89832519BCB07506C72A9E46E15.e.24077"}]}
COMMAND: POST /session/4712af7ad0eaf46e7406ff23cdc0ea9d/element - {"using":"xpath","value":"(//span[contains(@id, \"imgNav\")])[1]"}
COMMAND: GET /session/4712af7ad0eaf46e7406ff23cdc0ea9d/screenshot - {}
RESULT: {"using":"xpath","value":"(//span[contains(@id, \"imgNav\")])[1]"}
COMMAND: POST /session/4712af7ad0eaf46e7406ff23cdc0ea9d/element/f.791DC57474D669730896E8DA48EFF857.d.88EDD89832519BCB07506C72A9E46E15.e.24073/click - {}
RESULT: {}
RESULT: {}
COMMAND: GET /session/4712af7ad0eaf46e7406ff23cdc0ea9d/screenshot - {}
RESULT: {}
COMMAND: POST /session/4712af7ad0eaf46e7406ff23cdc0ea9d/element - {"using":"xpath","value":"//button[@data-kt=\"PickingTableConfirmAllButton\"]"}
RESULT: {"using":"xpath","value":"//button[@data-kt=\"PickingTableConfirmAllButton\"]"}
COMMAND: POST /session/4712af7ad0eaf46e7406ff23cdc0ea9d/element/f.791DC57474D669730896E8DA48EFF857.d.88EDD89832519BCB07506C72A9E46E15.e.24113/click - {}
RESULT: {}
COMMAND: GET /session/4712af7ad0eaf46e7406ff23cdc0ea9d/screenshot - {}
RESULT: {}
COMMAND: POST /session/4712af7ad0eaf46e7406ff23cdc0ea9d/element - {"using":"xpath","value":"//bdi[contains(text(), \"OK\")]"}
RESULT: {"using":"xpath","value":"//bdi[contains(text(), \"OK\")]"}
COMMAND: POST /session/4712af7ad0eaf46e7406ff23cdc0ea9d/element/f.791DC57474D669730896E8DA48EFF857.d.88EDD89832519BCB07506C72A9E46E15.e.24127/click - {}
RESULT: {}
COMMAND: GET /session/4712af7ad0eaf46e7406ff23cdc0ea9d/screenshot - {}
RESULT: {}
COMMAND: POST /session/4712af7ad0eaf46e7406ff23cdc0ea9d/element - {"using":"xpath","value":"//button[@data-kt=\"execHoIssueButton\"]"}
RESULT: {"using":"xpath","value":"//button[@data-kt=\"execHoIssueButton\"]"}
COMMAND: POST /session/4712af7ad0eaf46e7406ff23cdc0ea9d/element/f.791DC57474D669730896E8DA48EFF857.d.88EDD89832519BCB07506C72A9E46E15.e.24129/click - {}
RESULT: {}
COMMAND: GET /session/4712af7ad0eaf46e7406ff23cdc0ea9d/screenshot - {}
RESULT: {}
COMMAND: POST /session/4712af7ad0eaf46e7406ff23cdc0ea9d/element - {"using":"xpath","value":"//input[contains(@id ,\"smartFilterBar-btnBasicSearch-I\")]"}
RESULT: {"using":"xpath","value":"//input[contains(@id ,\"smartFilterBar-btnBasicSearch-I\")]"}
COMMAND: POST /session/4712af7ad0eaf46e7406ff23cdc0ea9d/elements - {"using":"xpath","value":"//input[contains(@id ,\"smartFilterBar-btnBasicSearch-I\")]"}
RESULT: {"using":"xpath","value":"//input[contains(@id ,\"smartFilterBar-btnBasicSearch-I\")]"}
COMMAND: POST /session/4712af7ad0eaf46e7406ff23cdc0ea9d/execute/sync - {"script":"<script> [8489 bytes]","args":[{"element-6066-11e4-a52e-4f735466cecf":"f.791DC57474D669730896E8DA48EFF857.d.88EDD89832519BCB07506C72A9E46E15.e.23350","ELEMENT":"f.791DC57474D669730896E8DA48EFF857.d.88EDD89832519BCB07506C72A9E46E15.e.23350"}]}
RESULT: {"script":"<script> [8489 bytes]","args":[{"element-6066-11e4-a52e-4f735466cecf":"f.791DC57474D669730896E8DA48EFF857.d.88EDD89832519BCB07506C72A9E46E15.e.23350","ELEMENT":"f.791DC57474D669730896E8DA48EFF857.d.88EDD89832519BCB07506C72A9E46E15.e.23350"}]}
COMMAND: GET /session/4712af7ad0eaf46e7406ff23cdc0ea9d/element/f.791DC57474D669730896E8DA48EFF857.d.88EDD89832519BCB07506C72A9E46E15.e.23350/enabled - {}
COMMAND: GET /session/4712af7ad0eaf46e7406ff23cdc0ea9d/screenshot - {}
RESULT: {}
COMMAND: POST /session/4712af7ad0eaf46e7406ff23cdc0ea9d/element/f.791DC57474D669730896E8DA48EFF857.d.88EDD89832519BCB07506C72A9E46E15.e.23350/clear - {}
COMMAND: GET /session/4712af7ad0eaf46e7406ff23cdc0ea9d/screenshot - {}
RESULT: {}
RESULT: {}
COMMAND: POST /session/4712af7ad0eaf46e7406ff23cdc0ea9d/element/f.791DC57474D669730896E8DA48EFF857.d.88EDD89832519BCB07506C72A9E46E15.e.23350/value - {"text":"30540"}
COMMAND: GET /session/4712af7ad0eaf46e7406ff23cdc0ea9d/screenshot - {}
RESULT: {}
RESULT: {"text":"30540"}
COMMAND: GET /session/4712af7ad0eaf46e7406ff23cdc0ea9d/screenshot - {}
RESULT: {}
RESULT: {}
COMMAND: POST /session/4712af7ad0eaf46e7406ff23cdc0ea9d/actions - {"actions":[{"id":"action84","type":"key","parameters":{},"actions":[{"type":"keyDown","value":"î€‡"},{"type":"pause","duration":10},{"type":"keyUp","value":"î€‡"}]}]}
RESULT: {"actions":[{"id":"action84","type":"key","parameters":{},"actions":[{"type":"keyDown","value":"î€‡"},{"type":"pause","duration":10},{"type":"keyUp","value":"î€‡"}]}]}
COMMAND: GET /session/4712af7ad0eaf46e7406ff23cdc0ea9d/screenshot - {}
RESULT: {}
COMMAND: POST /session/4712af7ad0eaf46e7406ff23cdc0ea9d/element - {"using":"xpath","value":"//span[contains(@id, \"smartTable-header-inner\")]"}
RESULT: {"using":"xpath","value":"//span[contains(@id, \"smartTable-header-inner\")]"}
COMMAND: POST /session/4712af7ad0eaf46e7406ff23cdc0ea9d/elements - {"using":"xpath","value":"//span[contains(@id, \"smartTable-header-inner\")]"}
RESULT: {"using":"xpath","value":"//span[contains(@id, \"smartTable-header-inner\")]"}
COMMAND: POST /session/4712af7ad0eaf46e7406ff23cdc0ea9d/execute/sync - {"script":"<script> [56 bytes]","args":[{"element-6066-11e4-a52e-4f735466cecf":"f.791DC57474D669730896E8DA48EFF857.d.88EDD89832519BCB07506C72A9E46E15.e.24076","ELEMENT":"f.791DC57474D669730896E8DA48EFF857.d.88EDD89832519BCB07506C72A9E46E15.e.24076"}]}
RESULT: {"script":"<script> [56 bytes]","args":[{"element-6066-11e4-a52e-4f735466cecf":"f.791DC57474D669730896E8DA48EFF857.d.88EDD89832519BCB07506C72A9E46E15.e.24076","ELEMENT":"f.791DC57474D669730896E8DA48EFF857.d.88EDD89832519BCB07506C72A9E46E15.e.24076"}]}
COMMAND: POST /session/4712af7ad0eaf46e7406ff23cdc0ea9d/elements - {"using":"xpath","value":"//thead[contains(@class, \"sapMTableTH\")]/tr/th"}
COMMAND: GET /session/4712af7ad0eaf46e7406ff23cdc0ea9d/screenshot - {}
RESULT: {"using":"xpath","value":"//thead[contains(@class, \"sapMTableTH\")]/tr/th"}
COMMAND: GET /session/4712af7ad0eaf46e7406ff23cdc0ea9d/element/f.791DC57474D669730896E8DA48EFF857.d.88EDD89832519BCB07506C72A9E46E15.e.24175/text - {}
RESULT: {}
RESULT: {}
COMMAND: GET /session/4712af7ad0eaf46e7406ff23cdc0ea9d/element/f.791DC57474D669730896E8DA48EFF857.d.88EDD89832519BCB07506C72A9E46E15.e.24176/text - {}
RESULT: {}
COMMAND: GET /session/4712af7ad0eaf46e7406ff23cdc0ea9d/element/f.791DC57474D669730896E8DA48EFF857.d.88EDD89832519BCB07506C72A9E46E15.e.23381/text - {}
RESULT: {}
COMMAND: GET /session/4712af7ad0eaf46e7406ff23cdc0ea9d/element/f.791DC57474D669730896E8DA48EFF857.d.88EDD89832519BCB07506C72A9E46E15.e.23383/text - {}
RESULT: {}
COMMAND: GET /session/4712af7ad0eaf46e7406ff23cdc0ea9d/element/f.791DC57474D669730896E8DA48EFF857.d.88EDD89832519BCB07506C72A9E46E15.e.24132/text - {}
RESULT: {}
COMMAND: GET /session/4712af7ad0eaf46e7406ff23cdc0ea9d/element/f.791DC57474D669730896E8DA48EFF857.d.88EDD89832519BCB07506C72A9E46E15.e.24133/text - {}
RESULT: {}
COMMAND: GET /session/4712af7ad0eaf46e7406ff23cdc0ea9d/element/f.791DC57474D669730896E8DA48EFF857.d.88EDD89832519BCB07506C72A9E46E15.e.24134/text - {}
RESULT: {}
COMMAND: GET /session/4712af7ad0eaf46e7406ff23cdc0ea9d/element/f.791DC57474D669730896E8DA48EFF857.d.88EDD89832519BCB07506C72A9E46E15.e.24135/text - {}
RESULT: {}
COMMAND: GET /session/4712af7ad0eaf46e7406ff23cdc0ea9d/element/f.791DC57474D669730896E8DA48EFF857.d.88EDD89832519BCB07506C72A9E46E15.e.24136/text - {}
RESULT: {}
COMMAND: GET /session/4712af7ad0eaf46e7406ff23cdc0ea9d/element/f.791DC57474D669730896E8DA48EFF857.d.88EDD89832519BCB07506C72A9E46E15.e.24137/text - {}
RESULT: {}
COMMAND: GET /session/4712af7ad0eaf46e7406ff23cdc0ea9d/element/f.791DC57474D669730896E8DA48EFF857.d.88EDD89832519BCB07506C72A9E46E15.e.24138/text - {}
RESULT: {}
COMMAND: GET /session/4712af7ad0eaf46e7406ff23cdc0ea9d/element/f.791DC57474D669730896E8DA48EFF857.d.88EDD89832519BCB07506C72A9E46E15.e.24139/text - {}
RESULT: {}
COMMAND: GET /session/4712af7ad0eaf46e7406ff23cdc0ea9d/element/f.791DC57474D669730896E8DA48EFF857.d.88EDD89832519BCB07506C72A9E46E15.e.24140/text - {}
RESULT: {}
COMMAND: GET /session/4712af7ad0eaf46e7406ff23cdc0ea9d/element/f.791DC57474D669730896E8DA48EFF857.d.88EDD89832519BCB07506C72A9E46E15.e.23384/text - {}
RESULT: {}
COMMAND: POST /session/4712af7ad0eaf46e7406ff23cdc0ea9d/element - {"using":"xpath","value":"//tbody[contains(@id, \"customHandoversTable-tblBody\")]/tr[1]/td[14]/div/span"}
RESULT: {"using":"xpath","value":"//tbody[contains(@id, \"customHandoversTable-tblBody\")]/tr[1]/td[14]/div/span"}
COMMAND: POST /session/4712af7ad0eaf46e7406ff23cdc0ea9d/execute/sync - {"script":"<script> [56 bytes]","args":[{"element-6066-11e4-a52e-4f735466cecf":"f.791DC57474D669730896E8DA48EFF857.d.88EDD89832519BCB07506C72A9E46E15.e.24229","ELEMENT":"f.791DC57474D669730896E8DA48EFF857.d.88EDD89832519BCB07506C72A9E46E15.e.24229"}]}
RESULT: {"script":"<script> [56 bytes]","args":[{"element-6066-11e4-a52e-4f735466cecf":"f.791DC57474D669730896E8DA48EFF857.d.88EDD89832519BCB07506C72A9E46E15.e.24229","ELEMENT":"f.791DC57474D669730896E8DA48EFF857.d.88EDD89832519BCB07506C72A9E46E15.e.24229"}]}
COMMAND: POST /session/4712af7ad0eaf46e7406ff23cdc0ea9d/element - {"using":"xpath","value":"(//span[contains(@id, \"imgNav\")])[1]"}
COMMAND: GET /session/4712af7ad0eaf46e7406ff23cdc0ea9d/screenshot - {}
RESULT: {"using":"xpath","value":"(//span[contains(@id, \"imgNav\")])[1]"}
COMMAND: POST /session/4712af7ad0eaf46e7406ff23cdc0ea9d/element/f.791DC57474D669730896E8DA48EFF857.d.88EDD89832519BCB07506C72A9E46E15.e.24170/click - {}
RESULT: {}
RESULT: {}
COMMAND: GET /session/4712af7ad0eaf46e7406ff23cdc0ea9d/screenshot - {}
RESULT: {}
RESULT: undefined
COMMAND: POST /session/4712af7ad0eaf46e7406ff23cdc0ea9d/execute/async - {"script":"<script> [776 bytes]","args":[{"enterText":"05/21/25","selector":{"id":"receiptDatePicker","viewName":"etm.portal.ui.managehandovers.view.DetailExecuteHO","interaction":{"idSuffix":"inner"}},"clearTextFirst":true,"interactionType":"ENTER_TEXT"}]}
RESULT: {"script":"<script> [776 bytes]","args":[{"enterText":"05/21/25","selector":{"id":"receiptDatePicker","viewName":"etm.portal.ui.managehandovers.view.DetailExecuteHO","interaction":{"idSuffix":"inner"}},"clearTextFirst":true,"interactionType":"ENTER_TEXT"}]}
COMMAND: POST /session/4712af7ad0eaf46e7406ff23cdc0ea9d/element - {"using":"xpath","value":"//bdi[contains(text(), \"OK\")]"}
RESULT: {"using":"xpath","value":"//bdi[contains(text(), \"OK\")]"}
COMMAND: POST /session/4712af7ad0eaf46e7406ff23cdc0ea9d/element/f.791DC57474D669730896E8DA48EFF857.d.88EDD89832519BCB07506C72A9E46E15.e.24254/click - {}
RESULT: {}
COMMAND: GET /session/4712af7ad0eaf46e7406ff23cdc0ea9d/screenshot - {}
RESULT: {}
COMMAND: POST /session/4712af7ad0eaf46e7406ff23cdc0ea9d/element - {"using":"xpath","value":"//button[@data-kt=\"PickingTableConfirmAllButton\"]"}
RESULT: {"using":"xpath","value":"//button[@data-kt=\"PickingTableConfirmAllButton\"]"}
COMMAND: POST /session/4712af7ad0eaf46e7406ff23cdc0ea9d/element/f.791DC57474D669730896E8DA48EFF857.d.88EDD89832519BCB07506C72A9E46E15.e.24239/click - {}
RESULT: {}
COMMAND: GET /session/4712af7ad0eaf46e7406ff23cdc0ea9d/screenshot - {}
RESULT: {}
COMMAND: POST /session/4712af7ad0eaf46e7406ff23cdc0ea9d/element - {"using":"xpath","value":"//bdi[contains(text(), \"OK\")]"}
RESULT: {"using":"xpath","value":"//bdi[contains(text(), \"OK\")]"}
COMMAND: POST /session/4712af7ad0eaf46e7406ff23cdc0ea9d/element/f.791DC57474D669730896E8DA48EFF857.d.88EDD89832519BCB07506C72A9E46E15.e.24270/click - {}
RESULT: {}
COMMAND: GET /session/4712af7ad0eaf46e7406ff23cdc0ea9d/screenshot - {}
RESULT: {}
COMMAND: POST /session/4712af7ad0eaf46e7406ff23cdc0ea9d/element - {"using":"xpath","value":"//button[@data-kt= \"execHoReceiveButton\"]"}
RESULT: {"using":"xpath","value":"//button[@data-kt= \"execHoReceiveButton\"]"}
COMMAND: POST /session/4712af7ad0eaf46e7406ff23cdc0ea9d/element/f.791DC57474D669730896E8DA48EFF857.d.88EDD89832519BCB07506C72A9E46E15.e.24271/click - {}
RESULT: {}
COMMAND: GET /session/4712af7ad0eaf46e7406ff23cdc0ea9d/screenshot - {}
RESULT: {}
COMMAND: POST /session/4712af7ad0eaf46e7406ff23cdc0ea9d/element - {"using":"xpath","value":"//input[contains(@id ,\"smartFilterBar-btnBasicSearch-I\")]"}
RESULT: {"using":"xpath","value":"//input[contains(@id ,\"smartFilterBar-btnBasicSearch-I\")]"}
COMMAND: POST /session/4712af7ad0eaf46e7406ff23cdc0ea9d/elements - {"using":"xpath","value":"//input[contains(@id ,\"smartFilterBar-btnBasicSearch-I\")]"}
RESULT: {"using":"xpath","value":"//input[contains(@id ,\"smartFilterBar-btnBasicSearch-I\")]"}
COMMAND: POST /session/4712af7ad0eaf46e7406ff23cdc0ea9d/execute/sync - {"script":"<script> [8489 bytes]","args":[{"element-6066-11e4-a52e-4f735466cecf":"f.791DC57474D669730896E8DA48EFF857.d.88EDD89832519BCB07506C72A9E46E15.e.23350","ELEMENT":"f.791DC57474D669730896E8DA48EFF857.d.88EDD89832519BCB07506C72A9E46E15.e.23350"}]}
RESULT: {"script":"<script> [8489 bytes]","args":[{"element-6066-11e4-a52e-4f735466cecf":"f.791DC57474D669730896E8DA48EFF857.d.88EDD89832519BCB07506C72A9E46E15.e.23350","ELEMENT":"f.791DC57474D669730896E8DA48EFF857.d.88EDD89832519BCB07506C72A9E46E15.e.23350"}]}
COMMAND: GET /session/4712af7ad0eaf46e7406ff23cdc0ea9d/element/f.791DC57474D669730896E8DA48EFF857.d.88EDD89832519BCB07506C72A9E46E15.e.23350/enabled - {}
COMMAND: GET /session/4712af7ad0eaf46e7406ff23cdc0ea9d/screenshot - {}
RESULT: {}
COMMAND: POST /session/4712af7ad0eaf46e7406ff23cdc0ea9d/element/f.791DC57474D669730896E8DA48EFF857.d.88EDD89832519BCB07506C72A9E46E15.e.23350/clear - {}
COMMAND: GET /session/4712af7ad0eaf46e7406ff23cdc0ea9d/screenshot - {}
RESULT: {}
RESULT: {}
COMMAND: POST /session/4712af7ad0eaf46e7406ff23cdc0ea9d/element/f.791DC57474D669730896E8DA48EFF857.d.88EDD89832519BCB07506C72A9E46E15.e.23350/value - {"text":"30540"}
COMMAND: GET /session/4712af7ad0eaf46e7406ff23cdc0ea9d/screenshot - {}
RESULT: {}
RESULT: {"text":"30540"}
COMMAND: GET /session/4712af7ad0eaf46e7406ff23cdc0ea9d/screenshot - {}
RESULT: {}
RESULT: {}
COMMAND: POST /session/4712af7ad0eaf46e7406ff23cdc0ea9d/actions - {"actions":[{"id":"action85","type":"key","parameters":{},"actions":[{"type":"keyDown","value":"î€‡"},{"type":"pause","duration":10},{"type":"keyUp","value":"î€‡"}]}]}
RESULT: {"actions":[{"id":"action85","type":"key","parameters":{},"actions":[{"type":"keyDown","value":"î€‡"},{"type":"pause","duration":10},{"type":"keyUp","value":"î€‡"}]}]}
COMMAND: GET /session/4712af7ad0eaf46e7406ff23cdc0ea9d/screenshot - {}
RESULT: {}
COMMAND: POST /session/4712af7ad0eaf46e7406ff23cdc0ea9d/element - {"using":"xpath","value":"//span[contains(@id, \"smartTable-header-inner\")]"}
RESULT: {"using":"xpath","value":"//span[contains(@id, \"smartTable-header-inner\")]"}
COMMAND: POST /session/4712af7ad0eaf46e7406ff23cdc0ea9d/elements - {"using":"xpath","value":"//span[contains(@id, \"smartTable-header-inner\")]"}
RESULT: {"using":"xpath","value":"//span[contains(@id, \"smartTable-header-inner\")]"}
COMMAND: POST /session/4712af7ad0eaf46e7406ff23cdc0ea9d/execute/sync - {"script":"<script> [56 bytes]","args":[{"element-6066-11e4-a52e-4f735466cecf":"f.791DC57474D669730896E8DA48EFF857.d.88EDD89832519BCB07506C72A9E46E15.e.24076","ELEMENT":"f.791DC57474D669730896E8DA48EFF857.d.88EDD89832519BCB07506C72A9E46E15.e.24076"}]}
RESULT: {"script":"<script> [56 bytes]","args":[{"element-6066-11e4-a52e-4f735466cecf":"f.791DC57474D669730896E8DA48EFF857.d.88EDD89832519BCB07506C72A9E46E15.e.24076","ELEMENT":"f.791DC57474D669730896E8DA48EFF857.d.88EDD89832519BCB07506C72A9E46E15.e.24076"}]}
COMMAND: POST /session/4712af7ad0eaf46e7406ff23cdc0ea9d/elements - {"using":"xpath","value":"//thead[contains(@class, \"sapMTableTH\")]/tr/th"}
COMMAND: GET /session/4712af7ad0eaf46e7406ff23cdc0ea9d/screenshot - {}
RESULT: {"using":"xpath","value":"//thead[contains(@class, \"sapMTableTH\")]/tr/th"}
COMMAND: GET /session/4712af7ad0eaf46e7406ff23cdc0ea9d/element/f.791DC57474D669730896E8DA48EFF857.d.88EDD89832519BCB07506C72A9E46E15.e.24175/text - {}
RESULT: {}
RESULT: {}
COMMAND: GET /session/4712af7ad0eaf46e7406ff23cdc0ea9d/element/f.791DC57474D669730896E8DA48EFF857.d.88EDD89832519BCB07506C72A9E46E15.e.24176/text - {}
RESULT: {}
COMMAND: GET /session/4712af7ad0eaf46e7406ff23cdc0ea9d/element/f.791DC57474D669730896E8DA48EFF857.d.88EDD89832519BCB07506C72A9E46E15.e.23381/text - {}
RESULT: {}
COMMAND: GET /session/4712af7ad0eaf46e7406ff23cdc0ea9d/element/f.791DC57474D669730896E8DA48EFF857.d.88EDD89832519BCB07506C72A9E46E15.e.23383/text - {}
RESULT: {}
COMMAND: GET /session/4712af7ad0eaf46e7406ff23cdc0ea9d/element/f.791DC57474D669730896E8DA48EFF857.d.88EDD89832519BCB07506C72A9E46E15.e.24276/text - {}
RESULT: {}
COMMAND: GET /session/4712af7ad0eaf46e7406ff23cdc0ea9d/element/f.791DC57474D669730896E8DA48EFF857.d.88EDD89832519BCB07506C72A9E46E15.e.24277/text - {}
RESULT: {}
COMMAND: GET /session/4712af7ad0eaf46e7406ff23cdc0ea9d/element/f.791DC57474D669730896E8DA48EFF857.d.88EDD89832519BCB07506C72A9E46E15.e.24278/text - {}
RESULT: {}
COMMAND: GET /session/4712af7ad0eaf46e7406ff23cdc0ea9d/element/f.791DC57474D669730896E8DA48EFF857.d.88EDD89832519BCB07506C72A9E46E15.e.24279/text - {}
RESULT: {}
COMMAND: GET /session/4712af7ad0eaf46e7406ff23cdc0ea9d/element/f.791DC57474D669730896E8DA48EFF857.d.88EDD89832519BCB07506C72A9E46E15.e.24280/text - {}
RESULT: {}
COMMAND: GET /session/4712af7ad0eaf46e7406ff23cdc0ea9d/element/f.791DC57474D669730896E8DA48EFF857.d.88EDD89832519BCB07506C72A9E46E15.e.24281/text - {}
RESULT: {}
COMMAND: GET /session/4712af7ad0eaf46e7406ff23cdc0ea9d/element/f.791DC57474D669730896E8DA48EFF857.d.88EDD89832519BCB07506C72A9E46E15.e.24282/text - {}
RESULT: {}
COMMAND: GET /session/4712af7ad0eaf46e7406ff23cdc0ea9d/element/f.791DC57474D669730896E8DA48EFF857.d.88EDD89832519BCB07506C72A9E46E15.e.24283/text - {}
RESULT: {}
COMMAND: GET /session/4712af7ad0eaf46e7406ff23cdc0ea9d/element/f.791DC57474D669730896E8DA48EFF857.d.88EDD89832519BCB07506C72A9E46E15.e.24284/text - {}
RESULT: {}
COMMAND: GET /session/4712af7ad0eaf46e7406ff23cdc0ea9d/element/f.791DC57474D669730896E8DA48EFF857.d.88EDD89832519BCB07506C72A9E46E15.e.23384/text - {}
RESULT: {}
COMMAND: POST /session/4712af7ad0eaf46e7406ff23cdc0ea9d/element - {"using":"xpath","value":"//tbody[contains(@id, \"customHandoversTable-tblBody\")]/tr[1]/td[14]/div/span"}
RESULT: {"using":"xpath","value":"//tbody[contains(@id, \"customHandoversTable-tblBody\")]/tr[1]/td[14]/div/span"}
COMMAND: POST /session/4712af7ad0eaf46e7406ff23cdc0ea9d/execute/sync - {"script":"<script> [56 bytes]","args":[{"element-6066-11e4-a52e-4f735466cecf":"f.791DC57474D669730896E8DA48EFF857.d.88EDD89832519BCB07506C72A9E46E15.e.24327","ELEMENT":"f.791DC57474D669730896E8DA48EFF857.d.88EDD89832519BCB07506C72A9E46E15.e.24327"}]}
RESULT: {"script":"<script> [56 bytes]","args":[{"element-6066-11e4-a52e-4f735466cecf":"f.791DC57474D669730896E8DA48EFF857.d.88EDD89832519BCB07506C72A9E46E15.e.24327","ELEMENT":"f.791DC57474D669730896E8DA48EFF857.d.88EDD89832519BCB07506C72A9E46E15.e.24327"}]}
COMMAND: POST /session/4712af7ad0eaf46e7406ff23cdc0ea9d/element - {"using":"css selector","value":"#shell-header-logo"}
COMMAND: GET /session/4712af7ad0eaf46e7406ff23cdc0ea9d/screenshot - {}
RESULT: {"using":"css selector","value":"#shell-header-logo"}
COMMAND: POST /session/4712af7ad0eaf46e7406ff23cdc0ea9d/element/f.791DC57474D669730896E8DA48EFF857.d.88EDD89832519BCB07506C72A9E46E15.e.22994/click - {}
RESULT: {}
RESULT: {}
COMMAND: GET /session/4712af7ad0eaf46e7406ff23cdc0ea9d/screenshot - {}
RESULT: {}
]]></system-out>
    </testcase>
    <testcase classname="chrome.135_0_7049_96.windows.Billing_Calculation_-_Time_based_(considering_transport_times)_US139738" name="Should do another billing run but in around 17 days from today" time="52.29">
      <system-out><![CDATA[
RESULT: undefined
COMMAND: POST /session/4712af7ad0eaf46e7406ff23cdc0ea9d/element - {"using":"xpath","value":"//*[@id=\"__tile51\"]"}
RESULT: {"using":"xpath","value":"//*[@id=\"__tile51\"]"}
COMMAND: POST /session/4712af7ad0eaf46e7406ff23cdc0ea9d/element/f.791DC57474D669730896E8DA48EFF857.d.88EDD89832519BCB07506C72A9E46E15.e.18423/click - {}
RESULT: {}
COMMAND: GET /session/4712af7ad0eaf46e7406ff23cdc0ea9d/screenshot - {}
RESULT: undefined
COMMAND: POST /session/4712af7ad0eaf46e7406ff23cdc0ea9d/execute/async - {"script":"<script> [776 bytes]","args":[{"enterText":"10379","selector":{"id":"application-managebillings-display-component---billRunCalcResult--smartFilterBar-btnBasicSearch","interaction":{"idSuffix":"I"}},"clearTextFirst":true,"interactionType":"ENTER_TEXT"}]}
RESULT: {}
RESULT: {"script":"<script> [776 bytes]","args":[{"enterText":"10379","selector":{"id":"application-managebillings-display-component---billRunCalcResult--smartFilterBar-btnBasicSearch","interaction":{"idSuffix":"I"}},"clearTextFirst":true,"interactionType":"ENTER_TEXT"}]}
COMMAND: POST /session/4712af7ad0eaf46e7406ff23cdc0ea9d/actions - {"actions":[{"id":"action86","type":"key","parameters":{},"actions":[{"type":"keyDown","value":"î€‡"},{"type":"pause","duration":10},{"type":"keyUp","value":"î€‡"}]}]}
RESULT: {"actions":[{"id":"action86","type":"key","parameters":{},"actions":[{"type":"keyDown","value":"î€‡"},{"type":"pause","duration":10},{"type":"keyUp","value":"î€‡"}]}]}
COMMAND: GET /session/4712af7ad0eaf46e7406ff23cdc0ea9d/screenshot - {}
RESULT: {}
COMMAND: POST /session/4712af7ad0eaf46e7406ff23cdc0ea9d/element - {"using":"xpath","value":"//td[@aria-colindex=\"1\"]/div/div[contains(@class, \"sapMCbBg\")]"}
RESULT: {"using":"xpath","value":"//td[@aria-colindex=\"1\"]/div/div[contains(@class, \"sapMCbBg\")]"}
COMMAND: POST /session/4712af7ad0eaf46e7406ff23cdc0ea9d/element/f.791DC57474D669730896E8DA48EFF857.d.88EDD89832519BCB07506C72A9E46E15.e.24540/click - {}
RESULT: {}
COMMAND: GET /session/4712af7ad0eaf46e7406ff23cdc0ea9d/screenshot - {}
RESULT: {}
RESULT: undefined
COMMAND: POST /session/4712af7ad0eaf46e7406ff23cdc0ea9d/execute/async - {"script":"<script> [776 bytes]","args":[{"enterText":"05/17/25","selector":{"id":"application-managebillings-display-component---billRunCalcResult--contractBillRunDate","interaction":{"idSuffix":"inner"}},"clearTextFirst":true,"interactionType":"ENTER_TEXT"}]}
RESULT: {"script":"<script> [776 bytes]","args":[{"enterText":"05/17/25","selector":{"id":"application-managebillings-display-component---billRunCalcResult--contractBillRunDate","interaction":{"idSuffix":"inner"}},"clearTextFirst":true,"interactionType":"ENTER_TEXT"}]}
COMMAND: POST /session/4712af7ad0eaf46e7406ff23cdc0ea9d/element - {"using":"xpath","value":"//bdi[contains(text(), \"Trigger Calculation\")]"}
RESULT: {"using":"xpath","value":"//bdi[contains(text(), \"Trigger Calculation\")]"}
COMMAND: POST /session/4712af7ad0eaf46e7406ff23cdc0ea9d/element/f.791DC57474D669730896E8DA48EFF857.d.88EDD89832519BCB07506C72A9E46E15.e.24591/click - {}
RESULT: {}
COMMAND: GET /session/4712af7ad0eaf46e7406ff23cdc0ea9d/screenshot - {}
RESULT: {}
COMMAND: POST /session/4712af7ad0eaf46e7406ff23cdc0ea9d/element - {"using":"xpath","value":"(//span[contains(@id, \"imgNav\")])[1]"}
RESULT: {"using":"xpath","value":"(//span[contains(@id, \"imgNav\")])[1]"}
COMMAND: POST /session/4712af7ad0eaf46e7406ff23cdc0ea9d/element/f.791DC57474D669730896E8DA48EFF857.d.88EDD89832519BCB07506C72A9E46E15.e.24541/click - {}
RESULT: {}
COMMAND: GET /session/4712af7ad0eaf46e7406ff23cdc0ea9d/screenshot - {}
RESULT: {}
COMMAND: POST /session/4712af7ad0eaf46e7406ff23cdc0ea9d/element - {"using":"xpath","value":"//tr/td[6]/div[1]/span[1]/span[1]"}
RESULT: {"using":"xpath","value":"//tr/td[6]/div[1]/span[1]/span[1]"}
COMMAND: GET /session/4712af7ad0eaf46e7406ff23cdc0ea9d/element/f.791DC57474D669730896E8DA48EFF857.d.88EDD89832519BCB07506C72A9E46E15.e.24596/text - {}
RESULT: {}
COMMAND: POST /session/4712af7ad0eaf46e7406ff23cdc0ea9d/element - {"using":"xpath","value":"(//span[contains(@id, \"imgNav\")])[2]"}
RESULT: {"using":"xpath","value":"(//span[contains(@id, \"imgNav\")])[2]"}
COMMAND: POST /session/4712af7ad0eaf46e7406ff23cdc0ea9d/element/f.791DC57474D669730896E8DA48EFF857.d.88EDD89832519BCB07506C72A9E46E15.e.24597/click - {}
RESULT: {}
COMMAND: POST /session/4712af7ad0eaf46e7406ff23cdc0ea9d/element - {"using":"xpath","value":"//bdi[contains(text(), \"Business Confirm\")]"}
COMMAND: GET /session/4712af7ad0eaf46e7406ff23cdc0ea9d/screenshot - {}
RESULT: {"using":"xpath","value":"//bdi[contains(text(), \"Business Confirm\")]"}
COMMAND: POST /session/4712af7ad0eaf46e7406ff23cdc0ea9d/elements - {"using":"xpath","value":"//bdi[contains(text(), \"Business Confirm\")]"}
RESULT: {}
RESULT: {"using":"xpath","value":"//bdi[contains(text(), \"Business Confirm\")]"}
COMMAND: POST /session/4712af7ad0eaf46e7406ff23cdc0ea9d/elements - {"using":"xpath","value":"//bdi[contains(text(), \"Business Confirm\")]"}
RESULT: {"using":"xpath","value":"//bdi[contains(text(), \"Business Confirm\")]"}
COMMAND: POST /session/4712af7ad0eaf46e7406ff23cdc0ea9d/element - {"using":"xpath","value":"//bdi[contains(text(), \"Business Confirm\")]"}
RESULT: {"using":"xpath","value":"//bdi[contains(text(), \"Business Confirm\")]"}
COMMAND: POST /session/4712af7ad0eaf46e7406ff23cdc0ea9d/element/f.791DC57474D669730896E8DA48EFF857.d.88EDD89832519BCB07506C72A9E46E15.e.24647/click - {}
RESULT: {}
COMMAND: POST /session/4712af7ad0eaf46e7406ff23cdc0ea9d/element - {"using":"css selector","value":"#shell-header-logo"}
COMMAND: GET /session/4712af7ad0eaf46e7406ff23cdc0ea9d/screenshot - {}
RESULT: {"using":"css selector","value":"#shell-header-logo"}
COMMAND: POST /session/4712af7ad0eaf46e7406ff23cdc0ea9d/element/f.791DC57474D669730896E8DA48EFF857.d.88EDD89832519BCB07506C72A9E46E15.e.24331/click - {}
RESULT: {}
RESULT: {}
COMMAND: GET /session/4712af7ad0eaf46e7406ff23cdc0ea9d/screenshot - {}
RESULT: {}
]]></system-out>
    </testcase>
  </testsuite>
</testsuites>